<?xml version="1.0" encoding="UTF-8"?>
<testsuite xmlns:xsi="http://www.w3.org/2001/XMLSchema-instance" xsi:noNamespaceSchemaLocation="https://maven.apache.org/surefire/maven-surefire-plugin/xsd/surefire-test-report-3.0.xsd" version="3.0" name="org.apache.hadoop.ozone.client.rpc.TestWatchForCommit" time="25.5" tests="1" errors="0" skipped="0" failures="0">
  <properties>
    <property name="java.specification.version" value="17"/>
    <property name="sun.jnu.encoding" value="UTF-8"/>
    <property name="gradle.enterprise.listener.surefire.forkId" value="1"/>
    <property name="java.class.path" value="/home/runner/work/ozone/ozone/hadoop-ozone/integration-test/target/test-classes:/home/runner/work/ozone/ozone/hadoop-ozone/integration-test/target/classes:/home/runner/work/ozone/ozone/hadoop-ozone/common/target/classes:/home/runner/.m2/repository/io/grpc/grpc-netty/1.58.0/grpc-netty-1.58.0.jar:/home/runner/.m2/repository/io/grpc/grpc-core/1.58.0/grpc-core-1.58.0.jar:/home/runner/.m2/repository/com/google/android/annotations/4.1.1.4/annotations-4.1.1.4.jar:/home/runner/.m2/repository/org/codehaus/mojo/animal-sniffer-annotations/1.23/animal-sniffer-annotations-1.23.jar:/home/runner/.m2/repository/io/grpc/grpc-context/1.58.0/grpc-context-1.58.0.jar:/home/runner/.m2/repository/io/grpc/grpc-util/1.58.0/grpc-util-1.58.0.jar:/home/runner/.m2/repository/com/google/errorprone/error_prone_annotations/2.2.0/error_prone_annotations-2.2.0.jar:/home/runner/.m2/repository/io/perfmark/perfmark-api/0.26.0/perfmark-api-0.26.0.jar:/home/runner/.m2/repository/io/netty/netty-codec-http2/4.1.100.Final/netty-codec-http2-4.1.100.Final.jar:/home/runner/.m2/repository/io/netty/netty-common/4.1.100.Final/netty-common-4.1.100.Final.jar:/home/runner/.m2/repository/io/netty/netty-buffer/4.1.100.Final/netty-buffer-4.1.100.Final.jar:/home/runner/.m2/repository/io/netty/netty-codec-http/4.1.100.Final/netty-codec-http-4.1.100.Final.jar:/home/runner/.m2/repository/io/netty/netty-handler-proxy/4.1.100.Final/netty-handler-proxy-4.1.100.Final.jar:/home/runner/.m2/repository/io/netty/netty-codec-socks/4.1.100.Final/netty-codec-socks-4.1.100.Final.jar:/home/runner/.m2/repository/io/netty/netty-tcnative-boringssl-static/2.0.61.Final/netty-tcnative-boringssl-static-2.0.61.Final.jar:/home/runner/.m2/repository/io/netty/netty-tcnative-classes/2.0.61.Final/netty-tcnative-classes-2.0.61.Final.jar:/home/runner/.m2/repository/io/netty/netty-tcnative-boringssl-static/2.0.61.Final/netty-tcnative-boringssl-static-2.0.61.Final-linux-x86_64.jar:/home/runner/.m2/repository/io/netty/netty-tcnative-boringssl-static/2.0.61.Final/netty-tcnative-boringssl-static-2.0.61.Final-linux-aarch_64.jar:/home/runner/.m2/repository/io/netty/netty-tcnative-boringssl-static/2.0.61.Final/netty-tcnative-boringssl-static-2.0.61.Final-osx-x86_64.jar:/home/runner/.m2/repository/io/netty/netty-tcnative-boringssl-static/2.0.61.Final/netty-tcnative-boringssl-static-2.0.61.Final-osx-aarch_64.jar:/home/runner/.m2/repository/io/netty/netty-tcnative-boringssl-static/2.0.61.Final/netty-tcnative-boringssl-static-2.0.61.Final-windows-x86_64.jar:/home/runner/.m2/repository/org/apache/commons/commons-compress/1.26.0/commons-compress-1.26.0.jar:/home/runner/work/ozone/ozone/hadoop-hdds/common/target/classes:/home/runner/work/ozone/ozone/hadoop-hdds/client/target/classes:/home/runner/work/ozone/ozone/hadoop-ozone/interface-client/target/classes:/home/runner/.m2/repository/org/apache/hadoop/hadoop-hdfs-client/3.3.6/hadoop-hdfs-client-3.3.6.jar:/home/runner/.m2/repository/com/squareup/okhttp3/okhttp/4.12.0/okhttp-4.12.0.jar:/home/runner/.m2/repository/com/squareup/okio/okio/3.6.0/okio-3.6.0.jar:/home/runner/.m2/repository/com/squareup/okio/okio-jvm/3.6.0/okio-jvm-3.6.0.jar:/home/runner/.m2/repository/org/jetbrains/kotlin/kotlin-stdlib-jdk8/1.9.22/kotlin-stdlib-jdk8-1.9.22.jar:/home/runner/.m2/repository/org/jetbrains/kotlin/kotlin-stdlib-jdk7/1.9.22/kotlin-stdlib-jdk7-1.9.22.jar:/home/runner/.m2/repository/org/jetbrains/kotlin/kotlin-stdlib-common/1.9.22/kotlin-stdlib-common-1.9.22.jar:/home/runner/work/ozone/ozone/hadoop-hdds/test-utils/target/classes:/home/runner/.m2/repository/org/assertj/assertj-core/3.12.2/assertj-core-3.12.2.jar:/home/runner/.m2/repository/com/google/guava/guava/32.1.3-jre/guava-32.1.3-jre.jar:/home/runner/.m2/repository/com/google/guava/failureaccess/1.0.1/failureaccess-1.0.1.jar:/home/runner/.m2/repository/com/google/guava/listenablefuture/9999.0-empty-to-avoid-conflict-with-guava/listenablefuture-9999.0-empty-to-avoid-conflict-with-guava.jar:/home/runner/.m2/repository/org/checkerframework/checker-qual/3.37.0/checker-qual-3.37.0.jar:/home/runner/.m2/repository/com/google/j2objc/j2objc-annotations/2.8/j2objc-annotations-2.8.jar:/home/runner/.m2/repository/commons-io/commons-io/2.16.1/commons-io-2.16.1.jar:/home/runner/.m2/repository/commons-logging/commons-logging/1.2/commons-logging-1.2.jar:/home/runner/.m2/repository/org/junit/jupiter/junit-jupiter-api/5.10.2/junit-jupiter-api-5.10.2.jar:/home/runner/.m2/repository/org/opentest4j/opentest4j/1.3.0/opentest4j-1.3.0.jar:/home/runner/.m2/repository/org/junit/platform/junit-platform-commons/1.10.2/junit-platform-commons-1.10.2.jar:/home/runner/.m2/repository/ch/qos/reload4j/reload4j/1.2.25/reload4j-1.2.25.jar:/home/runner/.m2/repository/jakarta/annotation/jakarta.annotation-api/2.1.1/jakarta.annotation-api-2.1.1.jar:/home/runner/.m2/repository/org/slf4j/slf4j-api/2.0.12/slf4j-api-2.0.12.jar:/home/runner/.m2/repository/org/apache/logging/log4j/log4j-api/2.17.1/log4j-api-2.17.1.jar:/home/runner/work/ozone/ozone/hadoop-hdds/server-scm/target/classes:/home/runner/.m2/repository/com/google/protobuf/protobuf-java/2.5.0/protobuf-java-2.5.0.jar:/home/runner/work/ozone/ozone/hadoop-hdds/container-service/target/classes:/home/runner/work/ozone/ozone/hadoop-hdds/hadoop-dependency-server/target/classes:/home/runner/.m2/repository/com/nimbusds/nimbus-jose-jwt/9.37.2/nimbus-jose-jwt-9.37.2.jar:/home/runner/.m2/repository/com/github/stephenc/jcip/jcip-annotations/1.0-1/jcip-annotations-1.0-1.jar:/home/runner/.m2/repository/org/apache/hadoop/hadoop-hdfs/3.3.6/hadoop-hdfs-3.3.6.jar:/home/runner/.m2/repository/commons-daemon/commons-daemon/1.3.4/commons-daemon-1.3.4.jar:/home/runner/.m2/repository/org/xerial/snappy/snappy-java/1.1.10.5/snappy-java-1.1.10.5.jar:/home/runner/work/ozone/ozone/hadoop-hdds/framework/target/classes:/home/runner/.m2/repository/org/bouncycastle/bcprov-jdk18on/1.77/bcprov-jdk18on-1.77.jar:/home/runner/.m2/repository/io/dropwizard/metrics/metrics-core/3.2.4/metrics-core-3.2.4.jar:/home/runner/.m2/repository/org/apache/commons/commons-text/1.11.0/commons-text-1.11.0.jar:/home/runner/work/ozone/ozone/hadoop-hdds/framework/target/test-classes:/home/runner/work/ozone/ozone/hadoop-hdds/interface-server/target/classes:/home/runner/work/ozone/ozone/hadoop-hdds/interface-admin/target/classes:/home/runner/work/ozone/ozone/hadoop-hdds/managed-rocksdb/target/classes:/home/runner/.m2/repository/org/rocksdb/rocksdbjni/7.7.3/rocksdbjni-7.7.3.jar:/home/runner/.m2/repository/org/slf4j/slf4j-reload4j/2.0.12/slf4j-reload4j-2.0.12.jar:/home/runner/.m2/repository/org/apache/commons/commons-configuration2/2.10.1/commons-configuration2-2.10.1.jar:/home/runner/.m2/repository/commons-fileupload/commons-fileupload/1.5/commons-fileupload-1.5.jar:/home/runner/.m2/repository/org/apache/logging/log4j/log4j-core/2.17.1/log4j-core-2.17.1.jar:/home/runner/.m2/repository/com/lmax/disruptor/3.4.4/disruptor-3.4.4.jar:/home/runner/.m2/repository/org/eclipse/jetty/jetty-util/9.4.54.v20240208/jetty-util-9.4.54.v20240208.jar:/home/runner/.m2/repository/org/eclipse/jetty/jetty-server/9.4.54.v20240208/jetty-server-9.4.54.v20240208.jar:/home/runner/.m2/repository/org/eclipse/jetty/jetty-http/9.4.54.v20240208/jetty-http-9.4.54.v20240208.jar:/home/runner/.m2/repository/org/eclipse/jetty/jetty-io/9.4.54.v20240208/jetty-io-9.4.54.v20240208.jar:/home/runner/.m2/repository/org/eclipse/jetty/jetty-servlet/9.4.54.v20240208/jetty-servlet-9.4.54.v20240208.jar:/home/runner/.m2/repository/org/eclipse/jetty/jetty-security/9.4.54.v20240208/jetty-security-9.4.54.v20240208.jar:/home/runner/.m2/repository/org/eclipse/jetty/jetty-util-ajax/9.4.54.v20240208/jetty-util-ajax-9.4.54.v20240208.jar:/home/runner/.m2/repository/org/eclipse/jetty/jetty-webapp/9.4.54.v20240208/jetty-webapp-9.4.54.v20240208.jar:/home/runner/.m2/repository/org/eclipse/jetty/jetty-xml/9.4.54.v20240208/jetty-xml-9.4.54.v20240208.jar:/home/runner/.m2/repository/org/apache/ratis/ratis-server/3.0.1/ratis-server-3.0.1.jar:/home/runner/.m2/repository/org/apache/ratis/ratis-thirdparty-misc/1.0.5/ratis-thirdparty-misc-1.0.5.jar:/home/runner/.m2/repository/org/apache/ratis/ratis-proto/3.0.1/ratis-proto-3.0.1.jar:/home/runner/.m2/repository/org/apache/ratis/ratis-common/3.0.1/ratis-common-3.0.1.jar:/home/runner/.m2/repository/org/apache/ratis/ratis-client/3.0.1/ratis-client-3.0.1.jar:/home/runner/.m2/repository/org/apache/ratis/ratis-server-api/3.0.1/ratis-server-api-3.0.1.jar:/home/runner/.m2/repository/org/apache/ratis/ratis-metrics-api/3.0.1/ratis-metrics-api-3.0.1.jar:/home/runner/.m2/repository/org/apache/ratis/ratis-metrics-dropwizard3/3.0.1/ratis-metrics-dropwizard3-3.0.1.jar:/home/runner/.m2/repository/io/prometheus/simpleclient_dropwizard/0.16.0/simpleclient_dropwizard-0.16.0.jar:/home/runner/.m2/repository/io/prometheus/simpleclient/0.16.0/simpleclient-0.16.0.jar:/home/runner/.m2/repository/io/prometheus/simpleclient_common/0.16.0/simpleclient_common-0.16.0.jar:/home/runner/.m2/repository/com/fasterxml/jackson/datatype/jackson-datatype-jsr310/2.16.1/jackson-datatype-jsr310-2.16.1.jar:/home/runner/.m2/repository/com/fasterxml/jackson/core/jackson-core/2.16.1/jackson-core-2.16.1.jar:/home/runner/work/ozone/ozone/hadoop-hdds/rocksdb-checkpoint-differ/target/classes:/home/runner/.m2/repository/org/jgrapht/jgrapht-core/1.4.0/jgrapht-core-1.4.0.jar:/home/runner/.m2/repository/org/jheaps/jheaps/0.11/jheaps-0.11.jar:/home/runner/.m2/repository/org/jgrapht/jgrapht-ext/1.4.0/jgrapht-ext-1.4.0.jar:/home/runner/.m2/repository/com/github/vlsi/mxgraph/jgraphx/3.9.8.1/jgraphx-3.9.8.1.jar:/home/runner/work/ozone/ozone/hadoop-ozone/ozone-manager/target/classes:/home/runner/.m2/repository/org/aspectj/aspectjrt/1.9.7/aspectjrt-1.9.7.jar:/home/runner/.m2/repository/org/aspectj/aspectjweaver/1.9.7/aspectjweaver-1.9.7.jar:/home/runner/work/ozone/ozone/hadoop-hdds/interface-client/target/classes:/home/runner/.m2/repository/org/apache/hadoop/thirdparty/hadoop-shaded-protobuf_3_7/1.1.1/hadoop-shaded-protobuf_3_7-1.1.1.jar:/home/runner/work/ozone/ozone/hadoop-ozone/interface-storage/target/classes:/home/runner/.m2/repository/org/reflections/reflections/0.10.2/reflections-0.10.2.jar:/home/runner/.m2/repository/com/sun/jersey/jersey-client/1.19.4/jersey-client-1.19.4.jar:/home/runner/.m2/repository/org/codehaus/jackson/jackson-core-asl/1.9.13/jackson-core-asl-1.9.13.jar:/home/runner/.m2/repository/org/codehaus/jackson/jackson-mapper-asl/1.9.13/jackson-mapper-asl-1.9.13.jar:/home/runner/.m2/repository/org/codehaus/jackson/jackson-jaxrs/1.9.13/jackson-jaxrs-1.9.13.jar:/home/runner/.m2/repository/org/apache/ranger/ranger-intg/2.3.0/ranger-intg-2.3.0.jar:/home/runner/.m2/repository/org/apache/ranger/ranger-plugins-common/2.3.0/ranger-plugins-common-2.3.0.jar:/home/runner/.m2/repository/commons-lang/commons-lang/2.6/commons-lang-2.6.jar:/home/runner/.m2/repository/org/apache/ranger/ranger-plugins-cred/2.3.0/ranger-plugins-cred-2.3.0.jar:/home/runner/.m2/repository/org/apache/ranger/ranger-plugins-audit/2.3.0/ranger-plugins-audit-2.3.0.jar:/home/runner/.m2/repository/org/eclipse/jetty/jetty-client/9.4.54.v20240208/jetty-client-9.4.54.v20240208.jar:/home/runner/.m2/repository/org/apache/httpcomponents/httpmime/4.5.6/httpmime-4.5.6.jar:/home/runner/.m2/repository/org/apache/httpcomponents/httpcore-nio/4.4.16/httpcore-nio-4.4.16.jar:/home/runner/.m2/repository/org/apache/httpcomponents/httpasyncclient/4.1.3/httpasyncclient-4.1.3.jar:/home/runner/.m2/repository/com/carrotsearch/hppc/0.8.0/hppc-0.8.0.jar:/home/runner/.m2/repository/org/apache/orc/orc-core/1.5.8/orc-core-1.5.8.jar:/home/runner/.m2/repository/net/java/dev/jna/jna/5.2.0/jna-5.2.0.jar:/home/runner/.m2/repository/net/java/dev/jna/jna-platform/5.2.0/jna-platform-5.2.0.jar:/home/runner/.m2/repository/com/kstruct/gethostname4j/0.0.2/gethostname4j-0.0.2.jar:/home/runner/.m2/repository/org/apache/ranger/ranger-plugin-classloader/2.3.0/ranger-plugin-classloader-2.3.0.jar:/home/runner/work/ozone/ozone/hadoop-hdds/rocks-native/target/classes:/home/runner/.m2/repository/org/apache/hadoop/hadoop-minikdc/3.3.6/hadoop-minikdc-3.3.6.jar:/home/runner/.m2/repository/org/apache/kerby/kerb-simplekdc/1.0.1/kerb-simplekdc-1.0.1.jar:/home/runner/.m2/repository/org/apache/kerby/kerb-client/1.0.1/kerb-client-1.0.1.jar:/home/runner/.m2/repository/org/apache/kerby/kerby-config/1.0.1/kerby-config-1.0.1.jar:/home/runner/.m2/repository/org/apache/kerby/kerb-common/1.0.1/kerb-common-1.0.1.jar:/home/runner/.m2/repository/org/apache/kerby/kerb-crypto/1.0.1/kerb-crypto-1.0.1.jar:/home/runner/.m2/repository/org/apache/kerby/kerb-util/1.0.1/kerb-util-1.0.1.jar:/home/runner/.m2/repository/org/apache/kerby/token-provider/1.0.1/token-provider-1.0.1.jar:/home/runner/.m2/repository/org/apache/kerby/kerb-admin/1.0.1/kerb-admin-1.0.1.jar:/home/runner/.m2/repository/org/apache/kerby/kerb-server/1.0.1/kerb-server-1.0.1.jar:/home/runner/.m2/repository/org/apache/kerby/kerb-identity/1.0.1/kerb-identity-1.0.1.jar:/home/runner/.m2/repository/org/apache/kerby/kerby-xdr/1.0.1/kerby-xdr-1.0.1.jar:/home/runner/.m2/repository/junit/junit/4.13.2/junit-4.13.2.jar:/home/runner/.m2/repository/org/hamcrest/hamcrest-core/1.3/hamcrest-core-1.3.jar:/home/runner/work/ozone/ozone/hadoop-ozone/s3gateway/target/classes:/home/runner/.m2/repository/org/javassist/javassist/3.30.2-GA/javassist-3.30.2-GA.jar:/home/runner/.m2/repository/org/jboss/weld/servlet/weld-servlet-shaded/3.1.9.Final/weld-servlet-shaded-3.1.9.Final.jar:/home/runner/.m2/repository/org/glassfish/jersey/containers/jersey-container-servlet-core/2.42/jersey-container-servlet-core-2.42.jar:/home/runner/.m2/repository/org/glassfish/hk2/external/jakarta.inject/2.6.1/jakarta.inject-2.6.1.jar:/home/runner/.m2/repository/org/glassfish/jersey/core/jersey-common/2.42/jersey-common-2.42.jar:/home/runner/.m2/repository/jakarta/ws/rs/jakarta.ws.rs-api/2.1.6/jakarta.ws.rs-api-2.1.6.jar:/home/runner/.m2/repository/org/glassfish/jersey/ext/cdi/jersey-cdi1x/2.42/jersey-cdi1x-2.42.jar:/home/runner/.m2/repository/org/glassfish/jersey/inject/jersey-hk2/2.42/jersey-hk2-2.42.jar:/home/runner/.m2/repository/org/glassfish/hk2/hk2-locator/2.6.1/hk2-locator-2.6.1.jar:/home/runner/.m2/repository/org/glassfish/jersey/media/jersey-media-jaxb/2.42/jersey-media-jaxb-2.42.jar:/home/runner/.m2/repository/org/glassfish/hk2/osgi-resource-locator/1.0.3/osgi-resource-locator-1.0.3.jar:/home/runner/.m2/repository/org/glassfish/hk2/hk2-api/2.6.1/hk2-api-2.6.1.jar:/home/runner/.m2/repository/org/glassfish/hk2/hk2-utils/2.6.1/hk2-utils-2.6.1.jar:/home/runner/.m2/repository/org/glassfish/hk2/external/aopalliance-repackaged/2.6.1/aopalliance-repackaged-2.6.1.jar:/home/runner/.m2/repository/com/fasterxml/jackson/dataformat/jackson-dataformat-xml/2.16.1/jackson-dataformat-xml-2.16.1.jar:/home/runner/.m2/repository/org/codehaus/woodstox/stax2-api/4.2.2/stax2-api-4.2.2.jar:/home/runner/.m2/repository/com/fasterxml/woodstox/woodstox-core/5.4.0/woodstox-core-5.4.0.jar:/home/runner/.m2/repository/com/fasterxml/jackson/module/jackson-module-jaxb-annotations/2.16.1/jackson-module-jaxb-annotations-2.16.1.jar:/home/runner/.m2/repository/javax/enterprise/cdi-api/2.0/cdi-api-2.0.jar:/home/runner/.m2/repository/javax/el/javax.el-api/3.0.0/javax.el-api-3.0.0.jar:/home/runner/.m2/repository/javax/interceptor/javax.interceptor-api/1.2/javax.interceptor-api-1.2.jar:/home/runner/.m2/repository/javax/inject/javax.inject/1/javax.inject-1.jar:/home/runner/.m2/repository/jakarta/xml/bind/jakarta.xml.bind-api/2.3.3/jakarta.xml.bind-api-2.3.3.jar:/home/runner/.m2/repository/org/glassfish/jaxb/jaxb-runtime/2.3.9/jaxb-runtime-2.3.9.jar:/home/runner/.m2/repository/org/glassfish/jaxb/txw2/2.3.9/txw2-2.3.9.jar:/home/runner/.m2/repository/com/sun/istack/istack-commons-runtime/3.0.12/istack-commons-runtime-3.0.12.jar:/home/runner/.m2/repository/com/sun/activation/jakarta.activation/1.2.2/jakarta.activation-1.2.2.jar:/home/runner/.m2/repository/jakarta/activation/jakarta.activation-api/1.2.2/jakarta.activation-api-1.2.2.jar:/home/runner/.m2/repository/io/grpc/grpc-protobuf/1.58.0/grpc-protobuf-1.58.0.jar:/home/runner/.m2/repository/com/google/api/grpc/proto-google-common-protos/2.22.0/proto-google-common-protos-2.22.0.jar:/home/runner/.m2/repository/io/grpc/grpc-protobuf-lite/1.58.0/grpc-protobuf-lite-1.58.0.jar:/home/runner/.m2/repository/io/grpc/grpc-stub/1.58.0/grpc-stub-1.58.0.jar:/home/runner/.m2/repository/io/netty/netty-transport/4.1.100.Final/netty-transport-4.1.100.Final.jar:/home/runner/.m2/repository/io/netty/netty-resolver/4.1.100.Final/netty-resolver-4.1.100.Final.jar:/home/runner/work/ozone/ozone/hadoop-ozone/csi/target/classes:/home/runner/.m2/repository/com/google/protobuf/protobuf-java-util/3.19.6/protobuf-java-util-3.19.6.jar:/home/runner/.m2/repository/com/google/code/gson/gson/2.10.1/gson-2.10.1.jar:/home/runner/work/ozone/ozone/hadoop-hdds/config/target/classes:/home/runner/.m2/repository/io/netty/netty-transport-native-epoll/4.1.100.Final/netty-transport-native-epoll-4.1.100.Final-linux-x86_64.jar:/home/runner/.m2/repository/io/netty/netty-transport-classes-epoll/4.1.100.Final/netty-transport-classes-epoll-4.1.100.Final.jar:/home/runner/.m2/repository/io/netty/netty-transport-native-unix-common/4.1.100.Final/netty-transport-native-unix-common-4.1.100.Final.jar:/home/runner/work/ozone/ozone/hadoop-ozone/recon/target/classes:/home/runner/work/ozone/ozone/hadoop-ozone/recon-codegen/target/classes:/home/runner/.m2/repository/com/google/inject/guice/6.0.0/guice-6.0.0.jar:/home/runner/.m2/repository/jakarta/inject/jakarta.inject-api/2.0.1/jakarta.inject-api-2.0.1.jar:/home/runner/.m2/repository/aopalliance/aopalliance/1.0/aopalliance-1.0.jar:/home/runner/.m2/repository/com/google/inject/extensions/guice-assistedinject/6.0.0/guice-assistedinject-6.0.0.jar:/home/runner/.m2/repository/com/google/inject/extensions/guice-servlet/6.0.0/guice-servlet-6.0.0.jar:/home/runner/.m2/repository/org/glassfish/jersey/containers/jersey-container-servlet/2.42/jersey-container-servlet-2.42.jar:/home/runner/.m2/repository/org/glassfish/hk2/guice-bridge/2.6.1/guice-bridge-2.6.1.jar:/home/runner/.m2/repository/org/glassfish/jersey/core/jersey-server/2.42/jersey-server-2.42.jar:/home/runner/.m2/repository/org/glassfish/jersey/core/jersey-client/2.42/jersey-client-2.42.jar:/home/runner/.m2/repository/jakarta/validation/jakarta.validation-api/2.0.2/jakarta.validation-api-2.0.2.jar:/home/runner/.m2/repository/org/glassfish/jersey/media/jersey-media-json-jackson/2.42/jersey-media-json-jackson-2.42.jar:/home/runner/.m2/repository/org/glassfish/jersey/ext/jersey-entity-filtering/2.42/jersey-entity-filtering-2.42.jar:/home/runner/.m2/repository/org/jooq/jooq/3.11.10/jooq-3.11.10.jar:/home/runner/.m2/repository/org/jooq/jooq-meta/3.11.10/jooq-meta-3.11.10.jar:/home/runner/.m2/repository/org/jooq/jooq-codegen/3.11.10/jooq-codegen-3.11.10.jar:/home/runner/.m2/repository/com/jolbox/bonecp/0.8.0.RELEASE/bonecp-0.8.0.RELEASE.jar:/home/runner/.m2/repository/org/apache/derby/derby/10.14.2.0/derby-10.14.2.0.jar:/home/runner/.m2/repository/org/xerial/sqlite-jdbc/3.44.1.0/sqlite-jdbc-3.44.1.0.jar:/home/runner/.m2/repository/org/springframework/spring-jdbc/5.3.27/spring-jdbc-5.3.27.jar:/home/runner/.m2/repository/org/springframework/spring-beans/5.3.27/spring-beans-5.3.27.jar:/home/runner/.m2/repository/org/springframework/spring-core/5.3.27/spring-core-5.3.27.jar:/home/runner/.m2/repository/org/springframework/spring-tx/5.3.27/spring-tx-5.3.27.jar:/home/runner/work/ozone/ozone/hadoop-ozone/client/target/classes:/home/runner/work/ozone/ozone/hadoop-hdds/erasurecode/target/classes:/home/runner/work/ozone/ozone/hadoop-ozone/ozonefs/target/classes:/home/runner/work/ozone/ozone/hadoop-ozone/ozonefs-common/target/classes:/home/runner/work/ozone/ozone/hadoop-ozone/tools/target/classes:/home/runner/.m2/repository/com/amazonaws/aws-java-sdk-core/1.12.661/aws-java-sdk-core-1.12.661.jar:/home/runner/.m2/repository/org/apache/httpcomponents/httpclient/4.5.14/httpclient-4.5.14.jar:/home/runner/.m2/repository/org/apache/httpcomponents/httpcore/4.4.16/httpcore-4.4.16.jar:/home/runner/.m2/repository/com/fasterxml/jackson/dataformat/jackson-dataformat-cbor/2.16.1/jackson-dataformat-cbor-2.16.1.jar:/home/runner/.m2/repository/joda-time/joda-time/2.12.7/joda-time-2.12.7.jar:/home/runner/.m2/repository/com/amazonaws/aws-java-sdk-s3/1.12.661/aws-java-sdk-s3-1.12.661.jar:/home/runner/.m2/repository/com/amazonaws/aws-java-sdk-kms/1.12.661/aws-java-sdk-kms-1.12.661.jar:/home/runner/.m2/repository/com/amazonaws/jmespath-java/1.12.661/jmespath-java-1.12.661.jar:/home/runner/.m2/repository/org/kohsuke/metainf-services/metainf-services/1.11/metainf-services-1.11.jar:/home/runner/work/ozone/ozone/hadoop-hdds/tools/target/classes:/home/runner/.m2/repository/org/apache/ratis/ratis-tools/3.0.1/ratis-tools-3.0.1.jar:/home/runner/.m2/repository/commons-cli/commons-cli/1.6.0/commons-cli-1.6.0.jar:/home/runner/.m2/repository/org/apache/commons/commons-lang3/3.14.0/commons-lang3-3.14.0.jar:/home/runner/work/ozone/ozone/hadoop-ozone/ozone-manager/target/test-classes:/home/runner/work/ozone/ozone/hadoop-hdds/common/target/test-classes:/home/runner/work/ozone/ozone/hadoop-hdds/hadoop-dependency-client/target/classes:/home/runner/.m2/repository/info/picocli/picocli/4.7.5/picocli-4.7.5.jar:/home/runner/.m2/repository/com/fasterxml/jackson/core/jackson-annotations/2.16.1/jackson-annotations-2.16.1.jar:/home/runner/work/ozone/ozone/hadoop-hdds/annotations/target/classes:/home/runner/.m2/repository/javax/annotation/javax.annotation-api/1.3.2/javax.annotation-api-1.3.2.jar:/home/runner/.m2/repository/org/apache/ratis/ratis-netty/3.0.1/ratis-netty-3.0.1.jar:/home/runner/.m2/repository/org/apache/ratis/ratis-grpc/3.0.1/ratis-grpc-3.0.1.jar:/home/runner/.m2/repository/org/bouncycastle/bcpkix-jdk18on/1.77/bcpkix-jdk18on-1.77.jar:/home/runner/.m2/repository/org/bouncycastle/bcutil-jdk18on/1.77/bcutil-jdk18on-1.77.jar:/home/runner/.m2/repository/commons-validator/commons-validator/1.6/commons-validator-1.6.jar:/home/runner/.m2/repository/commons-beanutils/commons-beanutils/1.9.4/commons-beanutils-1.9.4.jar:/home/runner/.m2/repository/commons-digester/commons-digester/1.8.1/commons-digester-1.8.1.jar:/home/runner/.m2/repository/commons-collections/commons-collections/3.2.2/commons-collections-3.2.2.jar:/home/runner/.m2/repository/io/jaegertracing/jaeger-client/1.8.1/jaeger-client-1.8.1.jar:/home/runner/.m2/repository/io/jaegertracing/jaeger-thrift/1.8.1/jaeger-thrift-1.8.1.jar:/home/runner/.m2/repository/org/apache/thrift/libthrift/0.15.0/libthrift-0.15.0.jar:/home/runner/.m2/repository/io/jaegertracing/jaeger-core/1.8.1/jaeger-core-1.8.1.jar:/home/runner/.m2/repository/io/jaegertracing/jaeger-tracerresolver/1.8.1/jaeger-tracerresolver-1.8.1.jar:/home/runner/.m2/repository/io/opentracing/contrib/opentracing-tracerresolver/0.1.8/opentracing-tracerresolver-0.1.8.jar:/home/runner/.m2/repository/org/jetbrains/kotlin/kotlin-stdlib/1.9.22/kotlin-stdlib-1.9.22.jar:/home/runner/.m2/repository/org/jetbrains/annotations/13.0/annotations-13.0.jar:/home/runner/.m2/repository/io/opentracing/opentracing-util/0.33.0/opentracing-util-0.33.0.jar:/home/runner/.m2/repository/io/opentracing/opentracing-api/0.33.0/opentracing-api-0.33.0.jar:/home/runner/.m2/repository/io/opentracing/opentracing-noop/0.33.0/opentracing-noop-0.33.0.jar:/home/runner/.m2/repository/org/yaml/snakeyaml/2.0/snakeyaml-2.0.jar:/home/runner/.m2/repository/io/grpc/grpc-api/1.58.0/grpc-api-1.58.0.jar:/home/runner/.m2/repository/org/junit/platform/junit-platform-launcher/1.10.2/junit-platform-launcher-1.10.2.jar:/home/runner/.m2/repository/org/junit/platform/junit-platform-engine/1.10.2/junit-platform-engine-1.10.2.jar:/home/runner/.m2/repository/org/apiguardian/apiguardian-api/1.1.2/apiguardian-api-1.1.2.jar:/home/runner/.m2/repository/org/apache/hadoop/hadoop-kms/3.3.6/hadoop-kms-3.3.6.jar:/home/runner/.m2/repository/org/apache/hadoop/hadoop-auth/3.3.6/hadoop-auth-3.3.6.jar:/home/runner/.m2/repository/org/apache/zookeeper/zookeeper/3.8.4/zookeeper-3.8.4.jar:/home/runner/.m2/repository/org/apache/zookeeper/zookeeper-jute/3.8.4/zookeeper-jute-3.8.4.jar:/home/runner/.m2/repository/org/apache/yetus/audience-annotations/0.12.0/audience-annotations-0.12.0.jar:/home/runner/.m2/repository/org/apache/curator/curator-framework/4.2.0/curator-framework-4.2.0.jar:/home/runner/.m2/repository/org/apache/hadoop/thirdparty/hadoop-shaded-guava/1.2.0/hadoop-shaded-guava-1.2.0.jar:/home/runner/.m2/repository/com/sun/jersey/jersey-core/1.19.4/jersey-core-1.19.4.jar:/home/runner/.m2/repository/javax/ws/rs/jsr311-api/1.1.1/jsr311-api-1.1.1.jar:/home/runner/.m2/repository/com/sun/jersey/jersey-server/1.19.4/jersey-server-1.19.4.jar:/home/runner/.m2/repository/javax/servlet/javax.servlet-api/3.1.0/javax.servlet-api-3.1.0.jar:/home/runner/.m2/repository/org/apache/hadoop/hadoop-common/3.3.6/hadoop-common-3.3.6.jar:/home/runner/.m2/repository/org/apache/commons/commons-math3/3.6.1/commons-math3-3.6.1.jar:/home/runner/.m2/repository/commons-net/commons-net/3.10.0/commons-net-3.10.0.jar:/home/runner/.m2/repository/com/sun/jersey/jersey-servlet/1.19.4/jersey-servlet-1.19.4.jar:/home/runner/.m2/repository/com/github/pjfanning/jersey-json/1.20/jersey-json-1.20.jar:/home/runner/.m2/repository/org/codehaus/jettison/jettison/1.1/jettison-1.1.jar:/home/runner/.m2/repository/com/sun/xml/bind/jaxb-impl/2.2.3-1/jaxb-impl-2.2.3-1.jar:/home/runner/.m2/repository/com/google/re2j/re2j/1.7/re2j-1.7.jar:/home/runner/.m2/repository/com/jcraft/jsch/0.1.55/jsch-0.1.55.jar:/home/runner/.m2/repository/org/apache/curator/curator-client/4.2.0/curator-client-4.2.0.jar:/home/runner/.m2/repository/org/apache/curator/curator-recipes/5.2.0/curator-recipes-5.2.0.jar:/home/runner/.m2/repository/com/google/code/findbugs/jsr305/3.0.2/jsr305-3.0.2.jar:/home/runner/.m2/repository/org/apache/kerby/kerb-core/1.0.1/kerb-core-1.0.1.jar:/home/runner/.m2/repository/org/apache/kerby/kerby-pkix/1.0.1/kerby-pkix-1.0.1.jar:/home/runner/.m2/repository/org/apache/kerby/kerby-asn1/1.0.1/kerby-asn1-1.0.1.jar:/home/runner/.m2/repository/org/apache/kerby/kerby-util/1.0.1/kerby-util-1.0.1.jar:/home/runner/.m2/repository/dnsjava/dnsjava/2.1.7/dnsjava-2.1.7.jar:/home/runner/.m2/repository/com/fasterxml/jackson/core/jackson-databind/2.16.1/jackson-databind-2.16.1.jar:/home/runner/.m2/repository/org/apache/hadoop/hadoop-kms/3.3.6/hadoop-kms-3.3.6-tests.jar:/home/runner/work/ozone/ozone/hadoop-hdds/server-scm/target/test-classes:/home/runner/work/ozone/ozone/hadoop-hdds/container-service/target/test-classes:/home/runner/.m2/repository/com/github/luben/zstd-jni/1.5.6-2/zstd-jni-1.5.6-2.jar:/home/runner/.m2/repository/commons-codec/commons-codec/1.15/commons-codec-1.15.jar:/home/runner/.m2/repository/io/netty/netty-codec/4.1.100.Final/netty-codec-4.1.100.Final.jar:/home/runner/.m2/repository/io/netty/netty-handler/4.1.100.Final/netty-handler-4.1.100.Final.jar:/home/runner/work/ozone/ozone/hadoop-hdds/hadoop-dependency-test/target/classes:/home/runner/.m2/repository/org/apache/hadoop/hadoop-common/3.3.6/hadoop-common-3.3.6-tests.jar:/home/runner/.m2/repository/org/apache/hadoop/hadoop-hdfs/3.3.6/hadoop-hdfs-3.3.6-tests.jar:/home/runner/.m2/repository/org/junit/jupiter/junit-jupiter-engine/5.10.2/junit-jupiter-engine-5.10.2.jar:/home/runner/.m2/repository/org/junit/jupiter/junit-jupiter-params/5.10.2/junit-jupiter-params-5.10.2.jar:/home/runner/.m2/repository/org/mockito/mockito-core/4.11.0/mockito-core-4.11.0.jar:/home/runner/.m2/repository/net/bytebuddy/byte-buddy/1.12.19/byte-buddy-1.12.19.jar:/home/runner/.m2/repository/net/bytebuddy/byte-buddy-agent/1.12.19/byte-buddy-agent-1.12.19.jar:/home/runner/.m2/repository/org/objenesis/objenesis/3.3/objenesis-3.3.jar:/home/runner/.m2/repository/org/mockito/mockito-inline/4.11.0/mockito-inline-4.11.0.jar:/home/runner/.m2/repository/org/mockito/mockito-junit-jupiter/4.11.0/mockito-junit-jupiter-4.11.0.jar:/home/runner/.m2/repository/org/apache/hadoop/hadoop-distcp/3.3.6/hadoop-distcp-3.3.6.jar:/home/runner/.m2/repository/org/apache/hadoop/hadoop-mapreduce-client-jobclient/3.3.6/hadoop-mapreduce-client-jobclient-3.3.6.jar:/home/runner/.m2/repository/org/apache/hadoop/hadoop-mapreduce-client-common/3.3.6/hadoop-mapreduce-client-common-3.3.6.jar:/home/runner/.m2/repository/org/apache/hadoop/hadoop-yarn-common/3.3.6/hadoop-yarn-common-3.3.6.jar:/home/runner/.m2/repository/org/apache/hadoop/hadoop-yarn-api/3.3.6/hadoop-yarn-api-3.3.6.jar:/home/runner/.m2/repository/javax/xml/bind/jaxb-api/2.2.11/jaxb-api-2.2.11.jar:/home/runner/.m2/repository/com/sun/jersey/contribs/jersey-guice/1.19.4/jersey-guice-1.19.4.jar:/home/runner/.m2/repository/com/fasterxml/jackson/jaxrs/jackson-jaxrs-json-provider/2.16.1/jackson-jaxrs-json-provider-2.16.1.jar:/home/runner/.m2/repository/com/fasterxml/jackson/jaxrs/jackson-jaxrs-base/2.16.1/jackson-jaxrs-base-2.16.1.jar:/home/runner/.m2/repository/org/apache/hadoop/hadoop-yarn-client/3.3.6/hadoop-yarn-client-3.3.6.jar:/home/runner/.m2/repository/org/eclipse/jetty/websocket/websocket-client/9.4.51.v20230217/websocket-client-9.4.51.v20230217.jar:/home/runner/.m2/repository/org/eclipse/jetty/websocket/websocket-common/9.4.51.v20230217/websocket-common-9.4.51.v20230217.jar:/home/runner/.m2/repository/org/eclipse/jetty/websocket/websocket-api/9.4.51.v20230217/websocket-api-9.4.51.v20230217.jar:/home/runner/.m2/repository/org/jline/jline/3.9.0/jline-3.9.0.jar:/home/runner/.m2/repository/org/apache/hadoop/hadoop-mapreduce-client-core/3.3.6/hadoop-mapreduce-client-core-3.3.6.jar:/home/runner/.m2/repository/org/apache/avro/avro/1.7.7/avro-1.7.7.jar:/home/runner/.m2/repository/com/thoughtworks/paranamer/paranamer/2.3/paranamer-2.3.jar:/home/runner/.m2/repository/org/apache/hadoop/hadoop-annotations/3.3.6/hadoop-annotations-3.3.6.jar:/home/runner/.m2/repository/io/netty/netty/3.10.6.Final/netty-3.10.6.Final.jar:/home/runner/.m2/repository/org/apache/hadoop/hadoop-distcp/3.3.6/hadoop-distcp-3.3.6-tests.jar:/home/runner/.m2/repository/org/hamcrest/hamcrest/2.2/hamcrest-2.2.jar:/home/runner/.m2/repository/org/slf4j/jul-to-slf4j/2.0.12/jul-to-slf4j-2.0.12.jar:/home/runner/work/ozone/ozone/hadoop-ozone/integration-test/target/gradle-enterprise/test-listeners.jar:"/>
    <property name="java.vm.vendor" value="Eclipse Adoptium"/>
    <property name="sun.arch.data.model" value="64"/>
    <property name="test.build.dir" value="/home/runner/work/ozone/ozone/hadoop-ozone/integration-test/target/test-dir"/>
    <property name="test.cache.data" value=""/>
    <property name="java.vendor.url" value="https://adoptium.net/"/>
    <property name="user.timezone" value="Etc/UTC"/>
    <property name="maven-surefire-plugin.argLineAccessArgs" value=" --add-opens java.management/com.sun.jmx.mbeanserver=ALL-UNNAMED --add-exports java.management/com.sun.jmx.mbeanserver=ALL-UNNAMED --add-opens java.base/java.nio=ALL-UNNAMED --add-opens java.base/java.lang=ALL-UNNAMED --add-opens java.base/java.lang.reflect=ALL-UNNAMED"/>
    <property name="java.vm.specification.version" value="17"/>
    <property name="os.name" value="Linux"/>
    <property name="test.build.data" value="/home/runner/work/ozone/ozone/hadoop-ozone/integration-test/target/test-dir"/>
    <property name="sun.java.launcher" value="SUN_STANDARD"/>
    <property name="sun.boot.library.path" value="/usr/lib/jvm/temurin-17-jdk-amd64/lib"/>
    <property name="sun.java.command" value="/home/runner/work/ozone/ozone/hadoop-ozone/integration-test/target/surefire/surefirebooter12114798377481045187.jar /home/runner/work/ozone/ozone/hadoop-ozone/integration-test/target/surefire 2024-04-29T09-11-51_564-jvmRun1 surefire9595245515111998187tmp surefire_51016513088422264194tmp"/>
    <property name="jdk.debug" value="release"/>
    <property name="native.lib.tmp.dir" value="/tmp"/>
    <property name="surefire.test.class.path" value="/home/runner/work/ozone/ozone/hadoop-ozone/integration-test/target/test-classes:/home/runner/work/ozone/ozone/hadoop-ozone/integration-test/target/classes:/home/runner/work/ozone/ozone/hadoop-ozone/common/target/classes:/home/runner/.m2/repository/io/grpc/grpc-netty/1.58.0/grpc-netty-1.58.0.jar:/home/runner/.m2/repository/io/grpc/grpc-core/1.58.0/grpc-core-1.58.0.jar:/home/runner/.m2/repository/com/google/android/annotations/4.1.1.4/annotations-4.1.1.4.jar:/home/runner/.m2/repository/org/codehaus/mojo/animal-sniffer-annotations/1.23/animal-sniffer-annotations-1.23.jar:/home/runner/.m2/repository/io/grpc/grpc-context/1.58.0/grpc-context-1.58.0.jar:/home/runner/.m2/repository/io/grpc/grpc-util/1.58.0/grpc-util-1.58.0.jar:/home/runner/.m2/repository/com/google/errorprone/error_prone_annotations/2.2.0/error_prone_annotations-2.2.0.jar:/home/runner/.m2/repository/io/perfmark/perfmark-api/0.26.0/perfmark-api-0.26.0.jar:/home/runner/.m2/repository/io/netty/netty-codec-http2/4.1.100.Final/netty-codec-http2-4.1.100.Final.jar:/home/runner/.m2/repository/io/netty/netty-common/4.1.100.Final/netty-common-4.1.100.Final.jar:/home/runner/.m2/repository/io/netty/netty-buffer/4.1.100.Final/netty-buffer-4.1.100.Final.jar:/home/runner/.m2/repository/io/netty/netty-codec-http/4.1.100.Final/netty-codec-http-4.1.100.Final.jar:/home/runner/.m2/repository/io/netty/netty-handler-proxy/4.1.100.Final/netty-handler-proxy-4.1.100.Final.jar:/home/runner/.m2/repository/io/netty/netty-codec-socks/4.1.100.Final/netty-codec-socks-4.1.100.Final.jar:/home/runner/.m2/repository/io/netty/netty-tcnative-boringssl-static/2.0.61.Final/netty-tcnative-boringssl-static-2.0.61.Final.jar:/home/runner/.m2/repository/io/netty/netty-tcnative-classes/2.0.61.Final/netty-tcnative-classes-2.0.61.Final.jar:/home/runner/.m2/repository/io/netty/netty-tcnative-boringssl-static/2.0.61.Final/netty-tcnative-boringssl-static-2.0.61.Final-linux-x86_64.jar:/home/runner/.m2/repository/io/netty/netty-tcnative-boringssl-static/2.0.61.Final/netty-tcnative-boringssl-static-2.0.61.Final-linux-aarch_64.jar:/home/runner/.m2/repository/io/netty/netty-tcnative-boringssl-static/2.0.61.Final/netty-tcnative-boringssl-static-2.0.61.Final-osx-x86_64.jar:/home/runner/.m2/repository/io/netty/netty-tcnative-boringssl-static/2.0.61.Final/netty-tcnative-boringssl-static-2.0.61.Final-osx-aarch_64.jar:/home/runner/.m2/repository/io/netty/netty-tcnative-boringssl-static/2.0.61.Final/netty-tcnative-boringssl-static-2.0.61.Final-windows-x86_64.jar:/home/runner/.m2/repository/org/apache/commons/commons-compress/1.26.0/commons-compress-1.26.0.jar:/home/runner/work/ozone/ozone/hadoop-hdds/common/target/classes:/home/runner/work/ozone/ozone/hadoop-hdds/client/target/classes:/home/runner/work/ozone/ozone/hadoop-ozone/interface-client/target/classes:/home/runner/.m2/repository/org/apache/hadoop/hadoop-hdfs-client/3.3.6/hadoop-hdfs-client-3.3.6.jar:/home/runner/.m2/repository/com/squareup/okhttp3/okhttp/4.12.0/okhttp-4.12.0.jar:/home/runner/.m2/repository/com/squareup/okio/okio/3.6.0/okio-3.6.0.jar:/home/runner/.m2/repository/com/squareup/okio/okio-jvm/3.6.0/okio-jvm-3.6.0.jar:/home/runner/.m2/repository/org/jetbrains/kotlin/kotlin-stdlib-jdk8/1.9.22/kotlin-stdlib-jdk8-1.9.22.jar:/home/runner/.m2/repository/org/jetbrains/kotlin/kotlin-stdlib-jdk7/1.9.22/kotlin-stdlib-jdk7-1.9.22.jar:/home/runner/.m2/repository/org/jetbrains/kotlin/kotlin-stdlib-common/1.9.22/kotlin-stdlib-common-1.9.22.jar:/home/runner/work/ozone/ozone/hadoop-hdds/test-utils/target/classes:/home/runner/.m2/repository/org/assertj/assertj-core/3.12.2/assertj-core-3.12.2.jar:/home/runner/.m2/repository/com/google/guava/guava/32.1.3-jre/guava-32.1.3-jre.jar:/home/runner/.m2/repository/com/google/guava/failureaccess/1.0.1/failureaccess-1.0.1.jar:/home/runner/.m2/repository/com/google/guava/listenablefuture/9999.0-empty-to-avoid-conflict-with-guava/listenablefuture-9999.0-empty-to-avoid-conflict-with-guava.jar:/home/runner/.m2/repository/org/checkerframework/checker-qual/3.37.0/checker-qual-3.37.0.jar:/home/runner/.m2/repository/com/google/j2objc/j2objc-annotations/2.8/j2objc-annotations-2.8.jar:/home/runner/.m2/repository/commons-io/commons-io/2.16.1/commons-io-2.16.1.jar:/home/runner/.m2/repository/commons-logging/commons-logging/1.2/commons-logging-1.2.jar:/home/runner/.m2/repository/org/junit/jupiter/junit-jupiter-api/5.10.2/junit-jupiter-api-5.10.2.jar:/home/runner/.m2/repository/org/opentest4j/opentest4j/1.3.0/opentest4j-1.3.0.jar:/home/runner/.m2/repository/org/junit/platform/junit-platform-commons/1.10.2/junit-platform-commons-1.10.2.jar:/home/runner/.m2/repository/ch/qos/reload4j/reload4j/1.2.25/reload4j-1.2.25.jar:/home/runner/.m2/repository/jakarta/annotation/jakarta.annotation-api/2.1.1/jakarta.annotation-api-2.1.1.jar:/home/runner/.m2/repository/org/slf4j/slf4j-api/2.0.12/slf4j-api-2.0.12.jar:/home/runner/.m2/repository/org/apache/logging/log4j/log4j-api/2.17.1/log4j-api-2.17.1.jar:/home/runner/work/ozone/ozone/hadoop-hdds/server-scm/target/classes:/home/runner/.m2/repository/com/google/protobuf/protobuf-java/2.5.0/protobuf-java-2.5.0.jar:/home/runner/work/ozone/ozone/hadoop-hdds/container-service/target/classes:/home/runner/work/ozone/ozone/hadoop-hdds/hadoop-dependency-server/target/classes:/home/runner/.m2/repository/com/nimbusds/nimbus-jose-jwt/9.37.2/nimbus-jose-jwt-9.37.2.jar:/home/runner/.m2/repository/com/github/stephenc/jcip/jcip-annotations/1.0-1/jcip-annotations-1.0-1.jar:/home/runner/.m2/repository/org/apache/hadoop/hadoop-hdfs/3.3.6/hadoop-hdfs-3.3.6.jar:/home/runner/.m2/repository/commons-daemon/commons-daemon/1.3.4/commons-daemon-1.3.4.jar:/home/runner/.m2/repository/org/xerial/snappy/snappy-java/1.1.10.5/snappy-java-1.1.10.5.jar:/home/runner/work/ozone/ozone/hadoop-hdds/framework/target/classes:/home/runner/.m2/repository/org/bouncycastle/bcprov-jdk18on/1.77/bcprov-jdk18on-1.77.jar:/home/runner/.m2/repository/io/dropwizard/metrics/metrics-core/3.2.4/metrics-core-3.2.4.jar:/home/runner/.m2/repository/org/apache/commons/commons-text/1.11.0/commons-text-1.11.0.jar:/home/runner/work/ozone/ozone/hadoop-hdds/framework/target/test-classes:/home/runner/work/ozone/ozone/hadoop-hdds/interface-server/target/classes:/home/runner/work/ozone/ozone/hadoop-hdds/interface-admin/target/classes:/home/runner/work/ozone/ozone/hadoop-hdds/managed-rocksdb/target/classes:/home/runner/.m2/repository/org/rocksdb/rocksdbjni/7.7.3/rocksdbjni-7.7.3.jar:/home/runner/.m2/repository/org/slf4j/slf4j-reload4j/2.0.12/slf4j-reload4j-2.0.12.jar:/home/runner/.m2/repository/org/apache/commons/commons-configuration2/2.10.1/commons-configuration2-2.10.1.jar:/home/runner/.m2/repository/commons-fileupload/commons-fileupload/1.5/commons-fileupload-1.5.jar:/home/runner/.m2/repository/org/apache/logging/log4j/log4j-core/2.17.1/log4j-core-2.17.1.jar:/home/runner/.m2/repository/com/lmax/disruptor/3.4.4/disruptor-3.4.4.jar:/home/runner/.m2/repository/org/eclipse/jetty/jetty-util/9.4.54.v20240208/jetty-util-9.4.54.v20240208.jar:/home/runner/.m2/repository/org/eclipse/jetty/jetty-server/9.4.54.v20240208/jetty-server-9.4.54.v20240208.jar:/home/runner/.m2/repository/org/eclipse/jetty/jetty-http/9.4.54.v20240208/jetty-http-9.4.54.v20240208.jar:/home/runner/.m2/repository/org/eclipse/jetty/jetty-io/9.4.54.v20240208/jetty-io-9.4.54.v20240208.jar:/home/runner/.m2/repository/org/eclipse/jetty/jetty-servlet/9.4.54.v20240208/jetty-servlet-9.4.54.v20240208.jar:/home/runner/.m2/repository/org/eclipse/jetty/jetty-security/9.4.54.v20240208/jetty-security-9.4.54.v20240208.jar:/home/runner/.m2/repository/org/eclipse/jetty/jetty-util-ajax/9.4.54.v20240208/jetty-util-ajax-9.4.54.v20240208.jar:/home/runner/.m2/repository/org/eclipse/jetty/jetty-webapp/9.4.54.v20240208/jetty-webapp-9.4.54.v20240208.jar:/home/runner/.m2/repository/org/eclipse/jetty/jetty-xml/9.4.54.v20240208/jetty-xml-9.4.54.v20240208.jar:/home/runner/.m2/repository/org/apache/ratis/ratis-server/3.0.1/ratis-server-3.0.1.jar:/home/runner/.m2/repository/org/apache/ratis/ratis-thirdparty-misc/1.0.5/ratis-thirdparty-misc-1.0.5.jar:/home/runner/.m2/repository/org/apache/ratis/ratis-proto/3.0.1/ratis-proto-3.0.1.jar:/home/runner/.m2/repository/org/apache/ratis/ratis-common/3.0.1/ratis-common-3.0.1.jar:/home/runner/.m2/repository/org/apache/ratis/ratis-client/3.0.1/ratis-client-3.0.1.jar:/home/runner/.m2/repository/org/apache/ratis/ratis-server-api/3.0.1/ratis-server-api-3.0.1.jar:/home/runner/.m2/repository/org/apache/ratis/ratis-metrics-api/3.0.1/ratis-metrics-api-3.0.1.jar:/home/runner/.m2/repository/org/apache/ratis/ratis-metrics-dropwizard3/3.0.1/ratis-metrics-dropwizard3-3.0.1.jar:/home/runner/.m2/repository/io/prometheus/simpleclient_dropwizard/0.16.0/simpleclient_dropwizard-0.16.0.jar:/home/runner/.m2/repository/io/prometheus/simpleclient/0.16.0/simpleclient-0.16.0.jar:/home/runner/.m2/repository/io/prometheus/simpleclient_common/0.16.0/simpleclient_common-0.16.0.jar:/home/runner/.m2/repository/com/fasterxml/jackson/datatype/jackson-datatype-jsr310/2.16.1/jackson-datatype-jsr310-2.16.1.jar:/home/runner/.m2/repository/com/fasterxml/jackson/core/jackson-core/2.16.1/jackson-core-2.16.1.jar:/home/runner/work/ozone/ozone/hadoop-hdds/rocksdb-checkpoint-differ/target/classes:/home/runner/.m2/repository/org/jgrapht/jgrapht-core/1.4.0/jgrapht-core-1.4.0.jar:/home/runner/.m2/repository/org/jheaps/jheaps/0.11/jheaps-0.11.jar:/home/runner/.m2/repository/org/jgrapht/jgrapht-ext/1.4.0/jgrapht-ext-1.4.0.jar:/home/runner/.m2/repository/com/github/vlsi/mxgraph/jgraphx/3.9.8.1/jgraphx-3.9.8.1.jar:/home/runner/work/ozone/ozone/hadoop-ozone/ozone-manager/target/classes:/home/runner/.m2/repository/org/aspectj/aspectjrt/1.9.7/aspectjrt-1.9.7.jar:/home/runner/.m2/repository/org/aspectj/aspectjweaver/1.9.7/aspectjweaver-1.9.7.jar:/home/runner/work/ozone/ozone/hadoop-hdds/interface-client/target/classes:/home/runner/.m2/repository/org/apache/hadoop/thirdparty/hadoop-shaded-protobuf_3_7/1.1.1/hadoop-shaded-protobuf_3_7-1.1.1.jar:/home/runner/work/ozone/ozone/hadoop-ozone/interface-storage/target/classes:/home/runner/.m2/repository/org/reflections/reflections/0.10.2/reflections-0.10.2.jar:/home/runner/.m2/repository/com/sun/jersey/jersey-client/1.19.4/jersey-client-1.19.4.jar:/home/runner/.m2/repository/org/codehaus/jackson/jackson-core-asl/1.9.13/jackson-core-asl-1.9.13.jar:/home/runner/.m2/repository/org/codehaus/jackson/jackson-mapper-asl/1.9.13/jackson-mapper-asl-1.9.13.jar:/home/runner/.m2/repository/org/codehaus/jackson/jackson-jaxrs/1.9.13/jackson-jaxrs-1.9.13.jar:/home/runner/.m2/repository/org/apache/ranger/ranger-intg/2.3.0/ranger-intg-2.3.0.jar:/home/runner/.m2/repository/org/apache/ranger/ranger-plugins-common/2.3.0/ranger-plugins-common-2.3.0.jar:/home/runner/.m2/repository/commons-lang/commons-lang/2.6/commons-lang-2.6.jar:/home/runner/.m2/repository/org/apache/ranger/ranger-plugins-cred/2.3.0/ranger-plugins-cred-2.3.0.jar:/home/runner/.m2/repository/org/apache/ranger/ranger-plugins-audit/2.3.0/ranger-plugins-audit-2.3.0.jar:/home/runner/.m2/repository/org/eclipse/jetty/jetty-client/9.4.54.v20240208/jetty-client-9.4.54.v20240208.jar:/home/runner/.m2/repository/org/apache/httpcomponents/httpmime/4.5.6/httpmime-4.5.6.jar:/home/runner/.m2/repository/org/apache/httpcomponents/httpcore-nio/4.4.16/httpcore-nio-4.4.16.jar:/home/runner/.m2/repository/org/apache/httpcomponents/httpasyncclient/4.1.3/httpasyncclient-4.1.3.jar:/home/runner/.m2/repository/com/carrotsearch/hppc/0.8.0/hppc-0.8.0.jar:/home/runner/.m2/repository/org/apache/orc/orc-core/1.5.8/orc-core-1.5.8.jar:/home/runner/.m2/repository/net/java/dev/jna/jna/5.2.0/jna-5.2.0.jar:/home/runner/.m2/repository/net/java/dev/jna/jna-platform/5.2.0/jna-platform-5.2.0.jar:/home/runner/.m2/repository/com/kstruct/gethostname4j/0.0.2/gethostname4j-0.0.2.jar:/home/runner/.m2/repository/org/apache/ranger/ranger-plugin-classloader/2.3.0/ranger-plugin-classloader-2.3.0.jar:/home/runner/work/ozone/ozone/hadoop-hdds/rocks-native/target/classes:/home/runner/.m2/repository/org/apache/hadoop/hadoop-minikdc/3.3.6/hadoop-minikdc-3.3.6.jar:/home/runner/.m2/repository/org/apache/kerby/kerb-simplekdc/1.0.1/kerb-simplekdc-1.0.1.jar:/home/runner/.m2/repository/org/apache/kerby/kerb-client/1.0.1/kerb-client-1.0.1.jar:/home/runner/.m2/repository/org/apache/kerby/kerby-config/1.0.1/kerby-config-1.0.1.jar:/home/runner/.m2/repository/org/apache/kerby/kerb-common/1.0.1/kerb-common-1.0.1.jar:/home/runner/.m2/repository/org/apache/kerby/kerb-crypto/1.0.1/kerb-crypto-1.0.1.jar:/home/runner/.m2/repository/org/apache/kerby/kerb-util/1.0.1/kerb-util-1.0.1.jar:/home/runner/.m2/repository/org/apache/kerby/token-provider/1.0.1/token-provider-1.0.1.jar:/home/runner/.m2/repository/org/apache/kerby/kerb-admin/1.0.1/kerb-admin-1.0.1.jar:/home/runner/.m2/repository/org/apache/kerby/kerb-server/1.0.1/kerb-server-1.0.1.jar:/home/runner/.m2/repository/org/apache/kerby/kerb-identity/1.0.1/kerb-identity-1.0.1.jar:/home/runner/.m2/repository/org/apache/kerby/kerby-xdr/1.0.1/kerby-xdr-1.0.1.jar:/home/runner/.m2/repository/junit/junit/4.13.2/junit-4.13.2.jar:/home/runner/.m2/repository/org/hamcrest/hamcrest-core/1.3/hamcrest-core-1.3.jar:/home/runner/work/ozone/ozone/hadoop-ozone/s3gateway/target/classes:/home/runner/.m2/repository/org/javassist/javassist/3.30.2-GA/javassist-3.30.2-GA.jar:/home/runner/.m2/repository/org/jboss/weld/servlet/weld-servlet-shaded/3.1.9.Final/weld-servlet-shaded-3.1.9.Final.jar:/home/runner/.m2/repository/org/glassfish/jersey/containers/jersey-container-servlet-core/2.42/jersey-container-servlet-core-2.42.jar:/home/runner/.m2/repository/org/glassfish/hk2/external/jakarta.inject/2.6.1/jakarta.inject-2.6.1.jar:/home/runner/.m2/repository/org/glassfish/jersey/core/jersey-common/2.42/jersey-common-2.42.jar:/home/runner/.m2/repository/jakarta/ws/rs/jakarta.ws.rs-api/2.1.6/jakarta.ws.rs-api-2.1.6.jar:/home/runner/.m2/repository/org/glassfish/jersey/ext/cdi/jersey-cdi1x/2.42/jersey-cdi1x-2.42.jar:/home/runner/.m2/repository/org/glassfish/jersey/inject/jersey-hk2/2.42/jersey-hk2-2.42.jar:/home/runner/.m2/repository/org/glassfish/hk2/hk2-locator/2.6.1/hk2-locator-2.6.1.jar:/home/runner/.m2/repository/org/glassfish/jersey/media/jersey-media-jaxb/2.42/jersey-media-jaxb-2.42.jar:/home/runner/.m2/repository/org/glassfish/hk2/osgi-resource-locator/1.0.3/osgi-resource-locator-1.0.3.jar:/home/runner/.m2/repository/org/glassfish/hk2/hk2-api/2.6.1/hk2-api-2.6.1.jar:/home/runner/.m2/repository/org/glassfish/hk2/hk2-utils/2.6.1/hk2-utils-2.6.1.jar:/home/runner/.m2/repository/org/glassfish/hk2/external/aopalliance-repackaged/2.6.1/aopalliance-repackaged-2.6.1.jar:/home/runner/.m2/repository/com/fasterxml/jackson/dataformat/jackson-dataformat-xml/2.16.1/jackson-dataformat-xml-2.16.1.jar:/home/runner/.m2/repository/org/codehaus/woodstox/stax2-api/4.2.2/stax2-api-4.2.2.jar:/home/runner/.m2/repository/com/fasterxml/woodstox/woodstox-core/5.4.0/woodstox-core-5.4.0.jar:/home/runner/.m2/repository/com/fasterxml/jackson/module/jackson-module-jaxb-annotations/2.16.1/jackson-module-jaxb-annotations-2.16.1.jar:/home/runner/.m2/repository/javax/enterprise/cdi-api/2.0/cdi-api-2.0.jar:/home/runner/.m2/repository/javax/el/javax.el-api/3.0.0/javax.el-api-3.0.0.jar:/home/runner/.m2/repository/javax/interceptor/javax.interceptor-api/1.2/javax.interceptor-api-1.2.jar:/home/runner/.m2/repository/javax/inject/javax.inject/1/javax.inject-1.jar:/home/runner/.m2/repository/jakarta/xml/bind/jakarta.xml.bind-api/2.3.3/jakarta.xml.bind-api-2.3.3.jar:/home/runner/.m2/repository/org/glassfish/jaxb/jaxb-runtime/2.3.9/jaxb-runtime-2.3.9.jar:/home/runner/.m2/repository/org/glassfish/jaxb/txw2/2.3.9/txw2-2.3.9.jar:/home/runner/.m2/repository/com/sun/istack/istack-commons-runtime/3.0.12/istack-commons-runtime-3.0.12.jar:/home/runner/.m2/repository/com/sun/activation/jakarta.activation/1.2.2/jakarta.activation-1.2.2.jar:/home/runner/.m2/repository/jakarta/activation/jakarta.activation-api/1.2.2/jakarta.activation-api-1.2.2.jar:/home/runner/.m2/repository/io/grpc/grpc-protobuf/1.58.0/grpc-protobuf-1.58.0.jar:/home/runner/.m2/repository/com/google/api/grpc/proto-google-common-protos/2.22.0/proto-google-common-protos-2.22.0.jar:/home/runner/.m2/repository/io/grpc/grpc-protobuf-lite/1.58.0/grpc-protobuf-lite-1.58.0.jar:/home/runner/.m2/repository/io/grpc/grpc-stub/1.58.0/grpc-stub-1.58.0.jar:/home/runner/.m2/repository/io/netty/netty-transport/4.1.100.Final/netty-transport-4.1.100.Final.jar:/home/runner/.m2/repository/io/netty/netty-resolver/4.1.100.Final/netty-resolver-4.1.100.Final.jar:/home/runner/work/ozone/ozone/hadoop-ozone/csi/target/classes:/home/runner/.m2/repository/com/google/protobuf/protobuf-java-util/3.19.6/protobuf-java-util-3.19.6.jar:/home/runner/.m2/repository/com/google/code/gson/gson/2.10.1/gson-2.10.1.jar:/home/runner/work/ozone/ozone/hadoop-hdds/config/target/classes:/home/runner/.m2/repository/io/netty/netty-transport-native-epoll/4.1.100.Final/netty-transport-native-epoll-4.1.100.Final-linux-x86_64.jar:/home/runner/.m2/repository/io/netty/netty-transport-classes-epoll/4.1.100.Final/netty-transport-classes-epoll-4.1.100.Final.jar:/home/runner/.m2/repository/io/netty/netty-transport-native-unix-common/4.1.100.Final/netty-transport-native-unix-common-4.1.100.Final.jar:/home/runner/work/ozone/ozone/hadoop-ozone/recon/target/classes:/home/runner/work/ozone/ozone/hadoop-ozone/recon-codegen/target/classes:/home/runner/.m2/repository/com/google/inject/guice/6.0.0/guice-6.0.0.jar:/home/runner/.m2/repository/jakarta/inject/jakarta.inject-api/2.0.1/jakarta.inject-api-2.0.1.jar:/home/runner/.m2/repository/aopalliance/aopalliance/1.0/aopalliance-1.0.jar:/home/runner/.m2/repository/com/google/inject/extensions/guice-assistedinject/6.0.0/guice-assistedinject-6.0.0.jar:/home/runner/.m2/repository/com/google/inject/extensions/guice-servlet/6.0.0/guice-servlet-6.0.0.jar:/home/runner/.m2/repository/org/glassfish/jersey/containers/jersey-container-servlet/2.42/jersey-container-servlet-2.42.jar:/home/runner/.m2/repository/org/glassfish/hk2/guice-bridge/2.6.1/guice-bridge-2.6.1.jar:/home/runner/.m2/repository/org/glassfish/jersey/core/jersey-server/2.42/jersey-server-2.42.jar:/home/runner/.m2/repository/org/glassfish/jersey/core/jersey-client/2.42/jersey-client-2.42.jar:/home/runner/.m2/repository/jakarta/validation/jakarta.validation-api/2.0.2/jakarta.validation-api-2.0.2.jar:/home/runner/.m2/repository/org/glassfish/jersey/media/jersey-media-json-jackson/2.42/jersey-media-json-jackson-2.42.jar:/home/runner/.m2/repository/org/glassfish/jersey/ext/jersey-entity-filtering/2.42/jersey-entity-filtering-2.42.jar:/home/runner/.m2/repository/org/jooq/jooq/3.11.10/jooq-3.11.10.jar:/home/runner/.m2/repository/org/jooq/jooq-meta/3.11.10/jooq-meta-3.11.10.jar:/home/runner/.m2/repository/org/jooq/jooq-codegen/3.11.10/jooq-codegen-3.11.10.jar:/home/runner/.m2/repository/com/jolbox/bonecp/0.8.0.RELEASE/bonecp-0.8.0.RELEASE.jar:/home/runner/.m2/repository/org/apache/derby/derby/10.14.2.0/derby-10.14.2.0.jar:/home/runner/.m2/repository/org/xerial/sqlite-jdbc/3.44.1.0/sqlite-jdbc-3.44.1.0.jar:/home/runner/.m2/repository/org/springframework/spring-jdbc/5.3.27/spring-jdbc-5.3.27.jar:/home/runner/.m2/repository/org/springframework/spring-beans/5.3.27/spring-beans-5.3.27.jar:/home/runner/.m2/repository/org/springframework/spring-core/5.3.27/spring-core-5.3.27.jar:/home/runner/.m2/repository/org/springframework/spring-tx/5.3.27/spring-tx-5.3.27.jar:/home/runner/work/ozone/ozone/hadoop-ozone/client/target/classes:/home/runner/work/ozone/ozone/hadoop-hdds/erasurecode/target/classes:/home/runner/work/ozone/ozone/hadoop-ozone/ozonefs/target/classes:/home/runner/work/ozone/ozone/hadoop-ozone/ozonefs-common/target/classes:/home/runner/work/ozone/ozone/hadoop-ozone/tools/target/classes:/home/runner/.m2/repository/com/amazonaws/aws-java-sdk-core/1.12.661/aws-java-sdk-core-1.12.661.jar:/home/runner/.m2/repository/org/apache/httpcomponents/httpclient/4.5.14/httpclient-4.5.14.jar:/home/runner/.m2/repository/org/apache/httpcomponents/httpcore/4.4.16/httpcore-4.4.16.jar:/home/runner/.m2/repository/com/fasterxml/jackson/dataformat/jackson-dataformat-cbor/2.16.1/jackson-dataformat-cbor-2.16.1.jar:/home/runner/.m2/repository/joda-time/joda-time/2.12.7/joda-time-2.12.7.jar:/home/runner/.m2/repository/com/amazonaws/aws-java-sdk-s3/1.12.661/aws-java-sdk-s3-1.12.661.jar:/home/runner/.m2/repository/com/amazonaws/aws-java-sdk-kms/1.12.661/aws-java-sdk-kms-1.12.661.jar:/home/runner/.m2/repository/com/amazonaws/jmespath-java/1.12.661/jmespath-java-1.12.661.jar:/home/runner/.m2/repository/org/kohsuke/metainf-services/metainf-services/1.11/metainf-services-1.11.jar:/home/runner/work/ozone/ozone/hadoop-hdds/tools/target/classes:/home/runner/.m2/repository/org/apache/ratis/ratis-tools/3.0.1/ratis-tools-3.0.1.jar:/home/runner/.m2/repository/commons-cli/commons-cli/1.6.0/commons-cli-1.6.0.jar:/home/runner/.m2/repository/org/apache/commons/commons-lang3/3.14.0/commons-lang3-3.14.0.jar:/home/runner/work/ozone/ozone/hadoop-ozone/ozone-manager/target/test-classes:/home/runner/work/ozone/ozone/hadoop-hdds/common/target/test-classes:/home/runner/work/ozone/ozone/hadoop-hdds/hadoop-dependency-client/target/classes:/home/runner/.m2/repository/info/picocli/picocli/4.7.5/picocli-4.7.5.jar:/home/runner/.m2/repository/com/fasterxml/jackson/core/jackson-annotations/2.16.1/jackson-annotations-2.16.1.jar:/home/runner/work/ozone/ozone/hadoop-hdds/annotations/target/classes:/home/runner/.m2/repository/javax/annotation/javax.annotation-api/1.3.2/javax.annotation-api-1.3.2.jar:/home/runner/.m2/repository/org/apache/ratis/ratis-netty/3.0.1/ratis-netty-3.0.1.jar:/home/runner/.m2/repository/org/apache/ratis/ratis-grpc/3.0.1/ratis-grpc-3.0.1.jar:/home/runner/.m2/repository/org/bouncycastle/bcpkix-jdk18on/1.77/bcpkix-jdk18on-1.77.jar:/home/runner/.m2/repository/org/bouncycastle/bcutil-jdk18on/1.77/bcutil-jdk18on-1.77.jar:/home/runner/.m2/repository/commons-validator/commons-validator/1.6/commons-validator-1.6.jar:/home/runner/.m2/repository/commons-beanutils/commons-beanutils/1.9.4/commons-beanutils-1.9.4.jar:/home/runner/.m2/repository/commons-digester/commons-digester/1.8.1/commons-digester-1.8.1.jar:/home/runner/.m2/repository/commons-collections/commons-collections/3.2.2/commons-collections-3.2.2.jar:/home/runner/.m2/repository/io/jaegertracing/jaeger-client/1.8.1/jaeger-client-1.8.1.jar:/home/runner/.m2/repository/io/jaegertracing/jaeger-thrift/1.8.1/jaeger-thrift-1.8.1.jar:/home/runner/.m2/repository/org/apache/thrift/libthrift/0.15.0/libthrift-0.15.0.jar:/home/runner/.m2/repository/io/jaegertracing/jaeger-core/1.8.1/jaeger-core-1.8.1.jar:/home/runner/.m2/repository/io/jaegertracing/jaeger-tracerresolver/1.8.1/jaeger-tracerresolver-1.8.1.jar:/home/runner/.m2/repository/io/opentracing/contrib/opentracing-tracerresolver/0.1.8/opentracing-tracerresolver-0.1.8.jar:/home/runner/.m2/repository/org/jetbrains/kotlin/kotlin-stdlib/1.9.22/kotlin-stdlib-1.9.22.jar:/home/runner/.m2/repository/org/jetbrains/annotations/13.0/annotations-13.0.jar:/home/runner/.m2/repository/io/opentracing/opentracing-util/0.33.0/opentracing-util-0.33.0.jar:/home/runner/.m2/repository/io/opentracing/opentracing-api/0.33.0/opentracing-api-0.33.0.jar:/home/runner/.m2/repository/io/opentracing/opentracing-noop/0.33.0/opentracing-noop-0.33.0.jar:/home/runner/.m2/repository/org/yaml/snakeyaml/2.0/snakeyaml-2.0.jar:/home/runner/.m2/repository/io/grpc/grpc-api/1.58.0/grpc-api-1.58.0.jar:/home/runner/.m2/repository/org/junit/platform/junit-platform-launcher/1.10.2/junit-platform-launcher-1.10.2.jar:/home/runner/.m2/repository/org/junit/platform/junit-platform-engine/1.10.2/junit-platform-engine-1.10.2.jar:/home/runner/.m2/repository/org/apiguardian/apiguardian-api/1.1.2/apiguardian-api-1.1.2.jar:/home/runner/.m2/repository/org/apache/hadoop/hadoop-kms/3.3.6/hadoop-kms-3.3.6.jar:/home/runner/.m2/repository/org/apache/hadoop/hadoop-auth/3.3.6/hadoop-auth-3.3.6.jar:/home/runner/.m2/repository/org/apache/zookeeper/zookeeper/3.8.4/zookeeper-3.8.4.jar:/home/runner/.m2/repository/org/apache/zookeeper/zookeeper-jute/3.8.4/zookeeper-jute-3.8.4.jar:/home/runner/.m2/repository/org/apache/yetus/audience-annotations/0.12.0/audience-annotations-0.12.0.jar:/home/runner/.m2/repository/org/apache/curator/curator-framework/4.2.0/curator-framework-4.2.0.jar:/home/runner/.m2/repository/org/apache/hadoop/thirdparty/hadoop-shaded-guava/1.2.0/hadoop-shaded-guava-1.2.0.jar:/home/runner/.m2/repository/com/sun/jersey/jersey-core/1.19.4/jersey-core-1.19.4.jar:/home/runner/.m2/repository/javax/ws/rs/jsr311-api/1.1.1/jsr311-api-1.1.1.jar:/home/runner/.m2/repository/com/sun/jersey/jersey-server/1.19.4/jersey-server-1.19.4.jar:/home/runner/.m2/repository/javax/servlet/javax.servlet-api/3.1.0/javax.servlet-api-3.1.0.jar:/home/runner/.m2/repository/org/apache/hadoop/hadoop-common/3.3.6/hadoop-common-3.3.6.jar:/home/runner/.m2/repository/org/apache/commons/commons-math3/3.6.1/commons-math3-3.6.1.jar:/home/runner/.m2/repository/commons-net/commons-net/3.10.0/commons-net-3.10.0.jar:/home/runner/.m2/repository/com/sun/jersey/jersey-servlet/1.19.4/jersey-servlet-1.19.4.jar:/home/runner/.m2/repository/com/github/pjfanning/jersey-json/1.20/jersey-json-1.20.jar:/home/runner/.m2/repository/org/codehaus/jettison/jettison/1.1/jettison-1.1.jar:/home/runner/.m2/repository/com/sun/xml/bind/jaxb-impl/2.2.3-1/jaxb-impl-2.2.3-1.jar:/home/runner/.m2/repository/com/google/re2j/re2j/1.7/re2j-1.7.jar:/home/runner/.m2/repository/com/jcraft/jsch/0.1.55/jsch-0.1.55.jar:/home/runner/.m2/repository/org/apache/curator/curator-client/4.2.0/curator-client-4.2.0.jar:/home/runner/.m2/repository/org/apache/curator/curator-recipes/5.2.0/curator-recipes-5.2.0.jar:/home/runner/.m2/repository/com/google/code/findbugs/jsr305/3.0.2/jsr305-3.0.2.jar:/home/runner/.m2/repository/org/apache/kerby/kerb-core/1.0.1/kerb-core-1.0.1.jar:/home/runner/.m2/repository/org/apache/kerby/kerby-pkix/1.0.1/kerby-pkix-1.0.1.jar:/home/runner/.m2/repository/org/apache/kerby/kerby-asn1/1.0.1/kerby-asn1-1.0.1.jar:/home/runner/.m2/repository/org/apache/kerby/kerby-util/1.0.1/kerby-util-1.0.1.jar:/home/runner/.m2/repository/dnsjava/dnsjava/2.1.7/dnsjava-2.1.7.jar:/home/runner/.m2/repository/com/fasterxml/jackson/core/jackson-databind/2.16.1/jackson-databind-2.16.1.jar:/home/runner/.m2/repository/org/apache/hadoop/hadoop-kms/3.3.6/hadoop-kms-3.3.6-tests.jar:/home/runner/work/ozone/ozone/hadoop-hdds/server-scm/target/test-classes:/home/runner/work/ozone/ozone/hadoop-hdds/container-service/target/test-classes:/home/runner/.m2/repository/com/github/luben/zstd-jni/1.5.6-2/zstd-jni-1.5.6-2.jar:/home/runner/.m2/repository/commons-codec/commons-codec/1.15/commons-codec-1.15.jar:/home/runner/.m2/repository/io/netty/netty-codec/4.1.100.Final/netty-codec-4.1.100.Final.jar:/home/runner/.m2/repository/io/netty/netty-handler/4.1.100.Final/netty-handler-4.1.100.Final.jar:/home/runner/work/ozone/ozone/hadoop-hdds/hadoop-dependency-test/target/classes:/home/runner/.m2/repository/org/apache/hadoop/hadoop-common/3.3.6/hadoop-common-3.3.6-tests.jar:/home/runner/.m2/repository/org/apache/hadoop/hadoop-hdfs/3.3.6/hadoop-hdfs-3.3.6-tests.jar:/home/runner/.m2/repository/org/junit/jupiter/junit-jupiter-engine/5.10.2/junit-jupiter-engine-5.10.2.jar:/home/runner/.m2/repository/org/junit/jupiter/junit-jupiter-params/5.10.2/junit-jupiter-params-5.10.2.jar:/home/runner/.m2/repository/org/mockito/mockito-core/4.11.0/mockito-core-4.11.0.jar:/home/runner/.m2/repository/net/bytebuddy/byte-buddy/1.12.19/byte-buddy-1.12.19.jar:/home/runner/.m2/repository/net/bytebuddy/byte-buddy-agent/1.12.19/byte-buddy-agent-1.12.19.jar:/home/runner/.m2/repository/org/objenesis/objenesis/3.3/objenesis-3.3.jar:/home/runner/.m2/repository/org/mockito/mockito-inline/4.11.0/mockito-inline-4.11.0.jar:/home/runner/.m2/repository/org/mockito/mockito-junit-jupiter/4.11.0/mockito-junit-jupiter-4.11.0.jar:/home/runner/.m2/repository/org/apache/hadoop/hadoop-distcp/3.3.6/hadoop-distcp-3.3.6.jar:/home/runner/.m2/repository/org/apache/hadoop/hadoop-mapreduce-client-jobclient/3.3.6/hadoop-mapreduce-client-jobclient-3.3.6.jar:/home/runner/.m2/repository/org/apache/hadoop/hadoop-mapreduce-client-common/3.3.6/hadoop-mapreduce-client-common-3.3.6.jar:/home/runner/.m2/repository/org/apache/hadoop/hadoop-yarn-common/3.3.6/hadoop-yarn-common-3.3.6.jar:/home/runner/.m2/repository/org/apache/hadoop/hadoop-yarn-api/3.3.6/hadoop-yarn-api-3.3.6.jar:/home/runner/.m2/repository/javax/xml/bind/jaxb-api/2.2.11/jaxb-api-2.2.11.jar:/home/runner/.m2/repository/com/sun/jersey/contribs/jersey-guice/1.19.4/jersey-guice-1.19.4.jar:/home/runner/.m2/repository/com/fasterxml/jackson/jaxrs/jackson-jaxrs-json-provider/2.16.1/jackson-jaxrs-json-provider-2.16.1.jar:/home/runner/.m2/repository/com/fasterxml/jackson/jaxrs/jackson-jaxrs-base/2.16.1/jackson-jaxrs-base-2.16.1.jar:/home/runner/.m2/repository/org/apache/hadoop/hadoop-yarn-client/3.3.6/hadoop-yarn-client-3.3.6.jar:/home/runner/.m2/repository/org/eclipse/jetty/websocket/websocket-client/9.4.51.v20230217/websocket-client-9.4.51.v20230217.jar:/home/runner/.m2/repository/org/eclipse/jetty/websocket/websocket-common/9.4.51.v20230217/websocket-common-9.4.51.v20230217.jar:/home/runner/.m2/repository/org/eclipse/jetty/websocket/websocket-api/9.4.51.v20230217/websocket-api-9.4.51.v20230217.jar:/home/runner/.m2/repository/org/jline/jline/3.9.0/jline-3.9.0.jar:/home/runner/.m2/repository/org/apache/hadoop/hadoop-mapreduce-client-core/3.3.6/hadoop-mapreduce-client-core-3.3.6.jar:/home/runner/.m2/repository/org/apache/avro/avro/1.7.7/avro-1.7.7.jar:/home/runner/.m2/repository/com/thoughtworks/paranamer/paranamer/2.3/paranamer-2.3.jar:/home/runner/.m2/repository/org/apache/hadoop/hadoop-annotations/3.3.6/hadoop-annotations-3.3.6.jar:/home/runner/.m2/repository/io/netty/netty/3.10.6.Final/netty-3.10.6.Final.jar:/home/runner/.m2/repository/org/apache/hadoop/hadoop-distcp/3.3.6/hadoop-distcp-3.3.6-tests.jar:/home/runner/.m2/repository/org/hamcrest/hamcrest/2.2/hamcrest-2.2.jar:/home/runner/.m2/repository/org/slf4j/jul-to-slf4j/2.0.12/jul-to-slf4j-2.0.12.jar:/home/runner/work/ozone/ozone/hadoop-ozone/integration-test/target/gradle-enterprise/test-listeners.jar:"/>
    <property name="sun.cpu.endian" value="little"/>
    <property name="user.home" value="/home/runner"/>
    <property name="user.language" value="en"/>
    <property name="java.specification.vendor" value="Oracle Corporation"/>
    <property name="java.version.date" value="2024-01-16"/>
    <property name="java.home" value="/usr/lib/jvm/temurin-17-jdk-amd64"/>
    <property name="java.security.krb5.conf" value="/home/runner/work/ozone/ozone/hadoop-ozone/integration-test/target/test-classes/krb5.conf"/>
    <property name="file.separator" value="/"/>
    <property name="basedir" value="/home/runner/work/ozone/ozone/hadoop-ozone/integration-test"/>
    <property name="java.vm.compressedOopsMode" value="Zero based"/>
    <property name="line.separator" value="&#10;"/>
    <property name="java.vm.specification.vendor" value="Oracle Corporation"/>
    <property name="java.specification.name" value="Java Platform API Specification"/>
    <property name="skip.installnpx" value="true"/>
    <property name="surefire.fork.timeout" value="3600"/>
    <property name="surefire.real.class.path" value="/home/runner/work/ozone/ozone/hadoop-ozone/integration-test/target/surefire/surefirebooter12114798377481045187.jar"/>
    <property name="hadoop.log.dir" value="/home/runner/work/ozone/ozone/hadoop-ozone/integration-test/target/log"/>
    <property name="sun.management.compiler" value="HotSpot 64-Bit Tiered Compilers"/>
    <property name="java.runtime.version" value="17.0.10+7"/>
    <property name="skip.npx" value="true"/>
    <property name="user.name" value="runner"/>
    <property name="java.net.preferIPv4Stack" value="true"/>
    <property name="path.separator" value=":"/>
    <property name="java.security.egd" value="file:///dev/urandom"/>
    <property name="os.version" value="5.15.0-1061-azure"/>
    <property name="java.runtime.name" value="OpenJDK Runtime Environment"/>
    <property name="com.gradle.maven.scan.extension.test.listener.junitplatform.NestedExecutionSafeDelegatingTestExecutionListener" value="1828db5c"/>
    <property name="file.encoding" value="UTF-8"/>
    <property name="java.vm.name" value="OpenJDK 64-Bit Server VM"/>
    <property name="java.vendor.version" value="Temurin-17.0.10+7"/>
    <property name="test.build.webapps" value=""/>
    <property name="gradle.enterprise.listener.port" value="34157"/>
    <property name="localRepository" value="/home/runner/.m2/repository"/>
    <property name="java.vendor.url.bug" value="https://github.com/adoptium/adoptium-support/issues"/>
    <property name="jetty.git.hash" value="cef3fbd6d736a21e7d541a5db490381d95a2047d"/>
    <property name="java.io.tmpdir" value="/tmp"/>
    <property name="require.test.libhadoop" value=""/>
    <property name="java.version" value="17.0.10"/>
    <property name="surefire.rerunFailingTestsCount" value="5"/>
    <property name="user.dir" value="/home/runner/work/ozone/ozone/hadoop-ozone/integration-test"/>
    <property name="os.arch" value="amd64"/>
    <property name="java.vm.specification.name" value="Java Virtual Machine Specification"/>
    <property name="test.build.classes" value="/home/runner/work/ozone/ozone/hadoop-ozone/integration-test/target/test-classes"/>
    <property name="org.apache.ratis.thirdparty.io.netty.allocator.useCacheForAllThreads" value="false"/>
    <property name="native.encoding" value="UTF-8"/>
    <property name="hadoop.tmp.dir" value="/home/runner/work/ozone/ozone/hadoop-ozone/integration-test/target/tmp"/>
    <property name="java.library.path" value="/usr/java/packages/lib:/usr/lib64:/lib64:/lib:/usr/lib"/>
    <property name="java.vm.info" value="mixed mode, sharing"/>
    <property name="java.vendor" value="Eclipse Adoptium"/>
    <property name="java.vm.version" value="17.0.10+7"/>
    <property name="sun.io.unicode.encoding" value="UnicodeLittle"/>
    <property name="java.class.version" value="61.0"/>
  </properties>
  <testcase name="testWatchForCommitWithKeyWrite" classname="org.apache.hadoop.ozone.client.rpc.TestWatchForCommit" time="44.902"/>
  <testcase name="testWatchForCommitForRetryfailure" classname="org.apache.hadoop.ozone.client.rpc.TestWatchForCommit" time="35.633"/>
  <testcase name="testWatchForCommitForGroupMismatchException" classname="org.apache.hadoop.ozone.client.rpc.TestWatchForCommit" time="31.568"/>
  <testcase name="test2WayCommitForTimeoutException" classname="org.apache.hadoop.ozone.client.rpc.TestWatchForCommit" time="25.5">
    <flakyError type="java.util.concurrent.ExecutionException">
      <stackTrace><![CDATA[java.util.concurrent.ExecutionException: org.apache.ratis.protocol.exceptions.AlreadyClosedException: SlidingWindow$Client:client-770FA574BEB3->RAFT is closed.
	at java.base/java.util.concurrent.CompletableFuture.reportGet(CompletableFuture.java:396)
	at java.base/java.util.concurrent.CompletableFuture.get(CompletableFuture.java:2073)
	at org.apache.hadoop.ozone.client.rpc.TestWatchForCommit.test2WayCommitForTimeoutException(TestWatchForCommit.java:321)
	at java.base/java.lang.reflect.Method.invoke(Method.java:568)
	at java.base/java.util.ArrayList.forEach(ArrayList.java:1511)
	at java.base/java.util.ArrayList.forEach(ArrayList.java:1511)
Caused by: org.apache.ratis.protocol.exceptions.AlreadyClosedException: SlidingWindow$Client:client-770FA574BEB3->RAFT is closed.
	at org.apache.ratis.util.SlidingWindow$Client.alreadyClosed(SlidingWindow.java:406)
	at org.apache.ratis.util.SlidingWindow$Client.fail(SlidingWindow.java:394)
	at org.apache.ratis.client.impl.OrderedAsync.failAllAsyncRequests(OrderedAsync.java:149)
	at org.apache.ratis.client.impl.OrderedAsync.handleAsyncRetryFailure(OrderedAsync.java:153)
	at org.apache.ratis.client.impl.OrderedAsync.lambda$sendRequest$9(OrderedAsync.java:253)
	at java.base/java.util.concurrent.CompletableFuture.uniExceptionally(CompletableFuture.java:990)
	at java.base/java.util.concurrent.CompletableFuture$UniExceptionally.tryFire(CompletableFuture.java:974)
	at java.base/java.util.concurrent.CompletableFuture.postComplete(CompletableFuture.java:510)
	at java.base/java.util.concurrent.CompletableFuture.completeExceptionally(CompletableFuture.java:2162)
	at org.apache.ratis.grpc.client.GrpcClientProtocolClient$AsyncStreamObservers.completeReplyExceptionally(GrpcClientProtocolClient.java:394)
	at org.apache.ratis.grpc.client.GrpcClientProtocolClient$AsyncStreamObservers.access$000(GrpcClientProtocolClient.java:300)
	at org.apache.ratis.grpc.client.GrpcClientProtocolClient$AsyncStreamObservers$1.onNext(GrpcClientProtocolClient.java:314)
	at org.apache.ratis.grpc.client.GrpcClientProtocolClient$AsyncStreamObservers$1.onNext(GrpcClientProtocolClient.java:305)
	at org.apache.ratis.thirdparty.io.grpc.stub.ClientCalls$StreamObserverToCallListenerAdapter.onMessage(ClientCalls.java:468)
	at org.apache.ratis.thirdparty.io.grpc.ForwardingClientCallListener.onMessage(ForwardingClientCallListener.java:33)
	at org.apache.ratis.thirdparty.io.grpc.internal.DelayedClientCall$DelayedListener.onMessage(DelayedClientCall.java:473)
	at org.apache.ratis.thirdparty.io.grpc.internal.ClientCallImpl$ClientStreamListenerImpl$1MessagesAvailable.runInternal(ClientCallImpl.java:660)
	at org.apache.ratis.thirdparty.io.grpc.internal.ClientCallImpl$ClientStreamListenerImpl$1MessagesAvailable.runInContext(ClientCallImpl.java:647)
	at org.apache.ratis.thirdparty.io.grpc.internal.ContextRunnable.run(ContextRunnable.java:37)
	at org.apache.ratis.thirdparty.io.grpc.internal.SerializingExecutor.run(SerializingExecutor.java:133)
	at java.base/java.util.concurrent.ThreadPoolExecutor.runWorker(ThreadPoolExecutor.java:1136)
	at java.base/java.util.concurrent.ThreadPoolExecutor$Worker.run(ThreadPoolExecutor.java:635)
	at java.base/java.lang.Thread.run(Thread.java:840)
Caused by: org.apache.ratis.protocol.exceptions.RaftRetryFailureException: Failed RaftClientRequest:client-770FA574BEB3->2915b4d7-e658-4864-9310-64154da9bd5b@group-86FDD4066E61, cid=63, seq=1*, Watch(0), null for 3 attempts with RequestTypeDependentRetryPolicy{WRITE->ExceptionDependentRetry(maxAttempts=2147483647; defaultPolicy=MultipleLinearRandomRetry[5x5s, 5x10s, 5x15s, 5x20s, 5x25s, 10x60s]; map={org.apache.ratis.protocol.exceptions.GroupMismatchException->NoRetry, org.apache.ratis.protocol.exceptions.NotReplicatedException->NoRetry, org.apache.ratis.protocol.exceptions.ResourceUnavailableException->org.apache.ratis.retry.ExponentialBackoffRetry@506b8ab, org.apache.ratis.protocol.exceptions.StateMachineException->NoRetry, org.apache.ratis.protocol.exceptions.TimeoutIOException->org.apache.ratis.retry.ExponentialBackoffRetry@506b8ab}), WATCH->ExceptionDependentRetry(maxAttempts=2147483647; defaultPolicy=MultipleLinearRandomRetry[5x5s, 5x10s, 5x15s, 5x20s, 5x25s, 10x60s]; map={org.apache.ratis.protocol.exceptions.GroupMismatchException->NoRetry, org.apache.ratis.protocol.exceptions.NotReplicatedException->NoRetry, org.apache.ratis.protocol.exceptions.ResourceUnavailableException->org.apache.ratis.retry.ExponentialBackoffRetry@506b8ab, org.apache.ratis.protocol.exceptions.StateMachineException->NoRetry, org.apache.ratis.protocol.exceptions.TimeoutIOException->NoRetry})}
	at org.apache.ratis.client.impl.RaftClientImpl.noMoreRetries(RaftClientImpl.java:353)
	... 20 more
Caused by: org.apache.ratis.protocol.exceptions.NotLeaderException: Server 2915b4d7-e658-4864-9310-64154da9bd5b@group-86FDD4066E61 is not the leader 9aa29c9a-34be-4d10-8746-61e8629e52a2|127.0.0.1:15344
	at org.apache.ratis.client.impl.ClientProtoUtils.toRaftClientReply(ClientProtoUtils.java:397)
	at org.apache.ratis.grpc.client.GrpcClientProtocolClient$AsyncStreamObservers$1.onNext(GrpcClientProtocolClient.java:310)
	... 11 more
]]></stackTrace>
      <system-out><![CDATA[2024-04-29 09:21:08,213 [main] WARN  server.ServerUtils (ServerUtils.java:getScmDbDir(143)) - ozone.scm.db.dirs is not configured. We recommend adding this setting. Falling back to ozone.metadata.dirs instead.
2024-04-29 09:21:08,216 [main] WARN  server.ServerUtils (ServerUtils.java:getScmDbDir(143)) - ozone.scm.db.dirs is not configured. We recommend adding this setting. Falling back to ozone.metadata.dirs instead.
2024-04-29 09:21:08,216 [main] INFO  ha.SCMHANodeDetails (SCMHANodeDetails.java:loadSCMHAConfig(207)) - ServiceID for StorageContainerManager is null
2024-04-29 09:21:08,216 [main] INFO  ha.SCMHANodeDetails (SCMHANodeDetails.java:loadSCMHAConfig(212)) - ozone.scm.default.service.id is not defined, falling back to ozone.scm.service.ids to find serviceID for StorageContainerManager if it is HA enabled cluster
2024-04-29 09:21:08,217 [main] WARN  utils.HAUtils (HAUtils.java:getMetaDir(339)) - ozone.scm.db.dirs is not configured. We recommend adding this setting. Falling back to ozone.metadata.dirs instead.
2024-04-29 09:21:08,217 [main] WARN  db.DBStoreBuilder (DBStoreBuilder.java:applyDBDefinition(171)) - ozone.scm.db.dirs is not configured. We recommend adding this setting. Falling back to ozone.metadata.dirs instead.
2024-04-29 09:21:08,290 [main] INFO  net.NodeSchemaLoader (NodeSchemaLoader.java:loadSchemaFromFile(129)) - Loading schema from [file:/home/runner/work/ozone/ozone/hadoop-hdds/common/target/classes/network-topology-default.xml]
2024-04-29 09:21:08,290 [main] INFO  net.NodeSchemaLoader (NodeSchemaLoader.java:loadSchema(176)) - Loading network topology layer schema file
2024-04-29 09:21:08,292 [main] INFO  upgrade.AbstractLayoutVersionManager (AbstractLayoutVersionManager.java:init(83)) - Initializing Layout version manager with metadata layout = HADOOP_PRC_PORTS_IN_DATANODEDETAILS (version = 7), software layout = HADOOP_PRC_PORTS_IN_DATANODEDETAILS (version = 7)
2024-04-29 09:21:08,293 [main] INFO  ha.SequenceIdGenerator (SequenceIdGenerator.java:upgradeToSequenceId(370)) - upgrade localId to 113750153625600000
2024-04-29 09:21:08,294 [main] INFO  ha.SequenceIdGenerator (SequenceIdGenerator.java:upgradeToSequenceId(380)) - upgrade delTxnId to 0
2024-04-29 09:21:08,295 [main] INFO  ha.SequenceIdGenerator (SequenceIdGenerator.java:upgradeToSequenceId(397)) - upgrade containerId to 0
2024-04-29 09:21:08,295 [main] INFO  ha.SequenceIdGenerator (SequenceIdGenerator.java:upgradeToCertificateSequenceId(444)) - upgrade CertificateId to 2
2024-04-29 09:21:08,296 [main] INFO  ha.SequenceIdGenerator (SequenceIdGenerator.java:<init>(241)) - Init the HA SequenceIdGenerator.
2024-04-29 09:21:08,296 [main] INFO  node.SCMNodeManager (SCMNodeManager.java:<init>(177)) - Entering startup safe mode.
2024-04-29 09:21:08,296 [main] INFO  algorithms.ContainerPlacementPolicyFactory (ContainerPlacementPolicyFactory.java:getPolicyInternal(86)) - Create container placement policy of type org.apache.hadoop.hdds.scm.container.placement.algorithms.SCMContainerPlacementRackAware
2024-04-29 09:21:08,297 [main] INFO  algorithms.ContainerPlacementPolicyFactory (ContainerPlacementPolicyFactory.java:getPolicyInternal(86)) - Create container placement policy of type org.apache.hadoop.hdds.scm.container.placement.algorithms.SCMContainerPlacementRackScatter
2024-04-29 09:21:08,297 [main] INFO  pipeline.PipelineStateManagerImpl (PipelineStateManagerImpl.java:initialize(78)) - No pipeline exists in current db
2024-04-29 09:21:08,297 [main] INFO  algorithms.LeaderChoosePolicyFactory (LeaderChoosePolicyFactory.java:getPolicy(57)) - Create leader choose policy of type org.apache.hadoop.hdds.scm.pipeline.leader.choose.algorithms.MinLeaderCountChoosePolicy
2024-04-29 09:21:08,297 [main] INFO  algorithms.ContainerPlacementPolicyFactory (ContainerPlacementPolicyFactory.java:getPolicyInternal(86)) - Create container placement policy of type org.apache.hadoop.hdds.scm.container.placement.algorithms.SCMContainerPlacementRackScatter
2024-04-29 09:21:08,297 [main] INFO  ha.SCMServiceManager (SCMServiceManager.java:register(42)) - Registering service BackgroundPipelineCreator.
2024-04-29 09:21:08,297 [main] INFO  pipeline.BackgroundPipelineCreator (BackgroundPipelineCreator.java:start(127)) - Starting RatisPipelineUtilsThread.
2024-04-29 09:21:08,298 [main] INFO  BackgroundPipelineScrubber (BackgroundSCMService.java:start(65)) - Starting BackgroundPipelineScrubber Service.
2024-04-29 09:21:08,298 [main] INFO  ha.SCMServiceManager (SCMServiceManager.java:register(42)) - Registering service BackgroundPipelineScrubber.
2024-04-29 09:21:08,298 [main] INFO  ExpiredContainerReplicaOpScrubber (BackgroundSCMService.java:start(65)) - Starting ExpiredContainerReplicaOpScrubber Service.
2024-04-29 09:21:08,298 [main] INFO  ha.SCMServiceManager (SCMServiceManager.java:register(42)) - Registering service ExpiredContainerReplicaOpScrubber.
2024-04-29 09:21:08,299 [main] INFO  algorithms.PipelineChoosePolicyFactory (PipelineChoosePolicyFactory.java:createPipelineChoosePolicyFromClass(80)) - Create pipeline choose policy of type org.apache.hadoop.hdds.scm.pipeline.choose.algorithms.RandomPipelineChoosePolicy
2024-04-29 09:21:08,299 [main] INFO  algorithms.PipelineChoosePolicyFactory (PipelineChoosePolicyFactory.java:createPipelineChoosePolicyFromClass(80)) - Create pipeline choose policy of type org.apache.hadoop.hdds.scm.pipeline.choose.algorithms.RandomPipelineChoosePolicy
2024-04-29 09:21:08,299 [main] INFO  ha.SCMServiceManager (SCMServiceManager.java:register(42)) - Registering service SCMBlockDeletingService.
2024-04-29 09:21:08,300 [main] INFO  replication.ReplicationManager (ReplicationManager.java:start(296)) - Starting Replication Monitor Thread.
2024-04-29 09:21:08,300 [ReplicationMonitor] INFO  replication.ReplicationManager (ReplicationManager.java:processAll(372)) - Replication Manager is not ready to run until 3000ms after safemode exit
2024-04-29 09:21:08,300 [main] INFO  ha.SCMServiceManager (SCMServiceManager.java:register(42)) - Registering service ReplicationManager.
2024-04-29 09:21:08,301 [main] INFO  safemode.ContainerSafeModeRule (ContainerSafeModeRule.java:<init>(91)) - containers with one replica threshold count 0
2024-04-29 09:21:08,301 [main] INFO  safemode.HealthyPipelineSafeModeRule (HealthyPipelineSafeModeRule.java:initializeRule(176)) - Total pipeline count is 0, healthy pipeline threshold count is 1
2024-04-29 09:21:08,301 [main] INFO  safemode.OneReplicaPipelineSafeModeRule (OneReplicaPipelineSafeModeRule.java:initializeRule(193)) - Total pipeline count is 0, pipeline's with at least one datanode reported threshold count is 0
2024-04-29 09:21:08,301 [main] INFO  server.StorageContainerManager (StorageContainerManager.java:<init>(440)) - SCM start with adminUsers: [runner]
2024-04-29 09:21:08,302 [main] INFO  ipc.CallQueueManager (CallQueueManager.java:<init>(90)) - Using callQueue: class java.util.concurrent.LinkedBlockingQueue, queueCapacity: 10000, scheduler: class org.apache.hadoop.ipc.DefaultRpcScheduler, ipcBackoff: false.
2024-04-29 09:21:08,302 [main] INFO  ipc.Server (Server.java:<init>(1287)) - Listener at 0.0.0.0:15269
2024-04-29 09:21:08,302 [Socket Reader #1 for port 15269] INFO  ipc.Server (Server.java:run(1323)) - Starting Socket Reader #1 for port 15269
2024-04-29 09:21:08,303 [main] INFO  ipc.CallQueueManager (CallQueueManager.java:<init>(90)) - Using callQueue: class java.util.concurrent.LinkedBlockingQueue, queueCapacity: 10000, scheduler: class org.apache.hadoop.ipc.DefaultRpcScheduler, ipcBackoff: false.
2024-04-29 09:21:08,303 [main] INFO  ipc.Server (Server.java:<init>(1287)) - Listener at 0.0.0.0:15268
2024-04-29 09:21:08,305 [Socket Reader #1 for port 15268] INFO  ipc.Server (Server.java:run(1323)) - Starting Socket Reader #1 for port 15268
2024-04-29 09:21:08,305 [main] INFO  ipc.CallQueueManager (CallQueueManager.java:<init>(90)) - Using callQueue: class java.util.concurrent.LinkedBlockingQueue, queueCapacity: 10000, scheduler: class org.apache.hadoop.ipc.DefaultRpcScheduler, ipcBackoff: false.
2024-04-29 09:21:08,305 [main] INFO  ipc.Server (Server.java:<init>(1287)) - Listener at 0.0.0.0:15267
2024-04-29 09:21:08,306 [Socket Reader #1 for port 15267] INFO  ipc.Server (Server.java:run(1323)) - Starting Socket Reader #1 for port 15267
2024-04-29 09:21:08,309 [main] INFO  ha.SCMServiceManager (SCMServiceManager.java:register(42)) - Registering service ContainerBalancer.
2024-04-29 09:21:08,309 [main] INFO  ha.SCMContext (SCMContext.java:updateSafeModeStatus(225)) - Update SafeModeStatus from SafeModeStatus{safeModeStatus=true, preCheckPassed=false} to SafeModeStatus{safeModeStatus=true, preCheckPassed=false}.
2024-04-29 09:21:08,309 [main] INFO  server.StorageContainerManager (StorageContainerManager.java:start(1545)) - StorageContainerLocationProtocol RPC server is listening at /0.0.0.0:15267
2024-04-29 09:21:08,311 [main] WARN  impl.MetricsConfig (MetricsConfig.java:loadFirst(136)) - Cannot locate configuration: tried hadoop-metrics2-storagecontainermanager.properties,hadoop-metrics2.properties
2024-04-29 09:21:08,311 [main] INFO  impl.MetricsSystemImpl (MetricsSystemImpl.java:startTimer(378)) - Scheduled Metric snapshot period at 10 second(s).
2024-04-29 09:21:08,311 [main] INFO  impl.MetricsSystemImpl (MetricsSystemImpl.java:start(191)) - StorageContainerManager metrics system started
2024-04-29 09:21:08,328 [main] INFO  impl.MetricsSinkAdapter (MetricsSinkAdapter.java:start(204)) - Sink prometheus started
2024-04-29 09:21:08,328 [main] INFO  impl.MetricsSystemImpl (MetricsSystemImpl.java:registerSink(305)) - Registered sink prometheus
2024-04-29 09:21:08,342 [main] INFO  server.SCMClientProtocolServer (SCMClientProtocolServer.java:start(204)) - RPC server for Client  is listening at /0.0.0.0:15267
2024-04-29 09:21:08,343 [IPC Server Responder] INFO  ipc.Server (Server.java:run(1562)) - IPC Server Responder: starting
2024-04-29 09:21:08,343 [IPC Server listener on 15267] INFO  ipc.Server (Server.java:run(1402)) - IPC Server listener on 15267: starting
2024-04-29 09:21:08,353 [main] INFO  server.StorageContainerManager (StorageContainerManager.java:start(1558)) - ScmBlockLocationProtocol RPC server is listening at /0.0.0.0:15268
2024-04-29 09:21:08,353 [main] INFO  server.SCMBlockProtocolServer (SCMBlockProtocolServer.java:start(162)) - RPC server for Block Protocol is listening at /0.0.0.0:15268
2024-04-29 09:21:08,354 [IPC Server Responder] INFO  ipc.Server (Server.java:run(1562)) - IPC Server Responder: starting
2024-04-29 09:21:08,356 [IPC Server listener on 15268] INFO  ipc.Server (Server.java:run(1402)) - IPC Server listener on 15268: starting
2024-04-29 09:21:08,378 [main] INFO  server.SCMDatanodeProtocolServer (SCMDatanodeProtocolServer.java:start(194)) - ScmDatanodeProtocol RPC server for DataNodes is listening at /0.0.0.0:15269
2024-04-29 09:21:08,378 [IPC Server Responder] INFO  ipc.Server (Server.java:run(1562)) - IPC Server Responder: starting
2024-04-29 09:21:08,379 [IPC Server listener on 15269] INFO  ipc.Server (Server.java:run(1402)) - IPC Server listener on 15269: starting
2024-04-29 09:21:08,392 [JvmPauseMonitor33] INFO  util.JvmPauseMonitor (JvmPauseMonitor.java:run(146)) - JvmPauseMonitor-6f694c05-7525-4605-81d2-bb3ffa10ef81: Started
2024-04-29 09:21:08,392 [main] INFO  http.BaseHttpServer (BaseHttpServer.java:newHttpServer2BuilderForOzone(223)) - Starting Web-server for scm at: http://0.0.0.0:15270
2024-04-29 09:21:08,393 [main] INFO  http.BaseHttpServer (BaseHttpServer.java:<init>(110)) - Hadoop Security Enabled: false Ozone Security Enabled: false Ozone HTTP Security Enabled: false 
2024-04-29 09:21:08,393 [main] WARN  server.AuthenticationFilter (AuthenticationFilter.java:constructSecretProvider(240)) - Unable to initialize FileSignerSecretProvider, falling back to use random secrets. Reason: Could not read signature secret file: /home/runner/hadoop-http-auth-signature-secret
2024-04-29 09:21:08,394 [main] INFO  http.HttpRequestLog (HttpRequestLog.java:getRequestLog(86)) - Http request log for http.requests.scm is not defined
2024-04-29 09:21:08,394 [main] INFO  http.HttpServer2 (HttpServer2.java:addGlobalFilter(1036)) - Added global filter 'safety' (class=org.apache.hadoop.hdds.server.http.HttpServer2$QuotingInputFilter)
2024-04-29 09:21:08,395 [main] INFO  http.HttpServer2 (HttpServer2.java:addFilter(1012)) - Added filter static_user_filter (class=org.apache.hadoop.http.lib.StaticUserWebFilter$StaticUserFilter) to context scm
2024-04-29 09:21:08,395 [main] INFO  http.HttpServer2 (HttpServer2.java:addFilter(1020)) - Added filter static_user_filter (class=org.apache.hadoop.http.lib.StaticUserWebFilter$StaticUserFilter) to context logs
2024-04-29 09:21:08,395 [main] INFO  http.HttpServer2 (HttpServer2.java:addFilter(1020)) - Added filter static_user_filter (class=org.apache.hadoop.http.lib.StaticUserWebFilter$StaticUserFilter) to context static
2024-04-29 09:21:08,395 [main] INFO  http.BaseHttpServer (BaseHttpServer.java:<init>(189)) - HTTP server of scm uses base directory /home/runner/work/ozone/ozone/hadoop-ozone/integration-test/target/test-dir/MiniOzoneClusterImpl-5c564e69-bd94-47d8-8ed3-49bff913e719/ozone-meta/webserver
2024-04-29 09:21:08,395 [main] INFO  http.HttpServer2 (HttpServer2.java:bindListener(1236)) - Jetty bound to port 15270
2024-04-29 09:21:08,395 [main] INFO  server.Server (Server.java:doStart(375)) - jetty-9.4.54.v20240208; built: 2024-02-08T19:42:39.027Z; git: cef3fbd6d736a21e7d541a5db490381d95a2047d; jvm 17.0.10+7
2024-04-29 09:21:08,396 [main] INFO  server.session (DefaultSessionIdManager.java:doStart(334)) - DefaultSessionIdManager workerName=node0
2024-04-29 09:21:08,397 [main] INFO  server.session (DefaultSessionIdManager.java:doStart(339)) - No SessionScavenger set, using defaults
2024-04-29 09:21:08,397 [main] INFO  server.session (HouseKeeper.java:startScavenging(132)) - node0 Scavenging every 600000ms
2024-04-29 09:21:08,397 [main] INFO  handler.ContextHandler (ContextHandler.java:doStart(921)) - Started o.e.j.s.ServletContextHandler@77ad33c{logs,/logs,file:///home/runner/work/ozone/ozone/hadoop-ozone/integration-test/target/log,AVAILABLE}
2024-04-29 09:21:08,397 [main] INFO  handler.ContextHandler (ContextHandler.java:doStart(921)) - Started o.e.j.s.ServletContextHandler@416e5cb{static,/static,file:///home/runner/work/ozone/ozone/hadoop-ozone/integration-test/target/test-classes/webapps/static,AVAILABLE}
2024-04-29 09:21:08,400 [main] INFO  handler.ContextHandler (ContextHandler.java:doStart(921)) - Started o.e.j.w.WebAppContext@1f0eabb8{scm,/,file:///home/runner/work/ozone/ozone/hadoop-ozone/integration-test/target/test-classes/webapps/scm/,AVAILABLE}{file:/home/runner/work/ozone/ozone/hadoop-ozone/integration-test/target/test-classes/webapps/scm}
2024-04-29 09:21:08,400 [main] INFO  server.AbstractConnector (AbstractConnector.java:doStart(333)) - Started ServerConnector@2ef08ad0{HTTP/1.1, (http/1.1)}{0.0.0.0:15270}
2024-04-29 09:21:08,400 [main] INFO  server.Server (Server.java:doStart(415)) - Started @113179ms
2024-04-29 09:21:08,400 [main] WARN  impl.MetricsSystemImpl (MetricsSystemImpl.java:register(279)) - Sink prometheus already exists!
2024-04-29 09:21:08,401 [main] INFO  http.BaseHttpServer (BaseHttpServer.java:updateConnectorAddress(354)) - HTTP server of scm listening at http://0.0.0.0:15270
2024-04-29 09:21:08,401 [main] WARN  server.ServerUtils (ServerUtils.java:getDBPath(299)) - ozone.om.db.dirs is not configured. We recommend adding this setting. Falling back to ozone.metadata.dirs instead.
2024-04-29 09:21:08,402 [main] INFO  ha.OMHANodeDetails (OMHANodeDetails.java:loadOMHAConfig(115)) - ozone.om.internal.service.id is not defined, falling back to ozone.om.service.ids to find serviceID for OzoneManager if it is HA enabled cluster
2024-04-29 09:21:08,402 [main] INFO  ha.OMHANodeDetails (OMHANodeDetails.java:loadOMHAConfig(226)) - Configuration does not have ozone.om.address set. Falling back to the default OM address /127.0.0.1:15271
2024-04-29 09:21:08,402 [main] INFO  ha.OMHANodeDetails (OMHANodeDetails.java:getOMNodeDetailsForNonHA(254)) - OM Service ID is not set. Setting it to the default ID: omServiceIdDefault
2024-04-29 09:21:08,402 [main] INFO  ha.OMHANodeDetails (OMHANodeDetails.java:getOMNodeDetailsForNonHA(261)) - OM Node ID is not set. Setting it to the default ID: om1
2024-04-29 09:21:08,402 [main] WARN  server.ServerUtils (ServerUtils.java:getDBPath(299)) - ozone.om.db.dirs is not configured. We recommend adding this setting. Falling back to ozone.metadata.dirs instead.
2024-04-29 09:21:08,403 [main] INFO  upgrade.AbstractLayoutVersionManager (AbstractLayoutVersionManager.java:init(83)) - Initializing Layout version manager with metadata layout = QUOTA (version = 6), software layout = QUOTA (version = 6)
2024-04-29 09:21:08,428 [main] INFO  reflections.Reflections (Reflections.java:scan(219)) - Reflections took 24 ms to scan 2 urls, producing 188 keys and 545 values
2024-04-29 09:21:08,429 [main] INFO  upgrade.OMLayoutVersionManager (OMLayoutVersionManager.java:lambda$0(113)) - Skipping Upgrade Action QuotaRepairUpgradeAction since it has been finalized.
2024-04-29 09:21:08,429 [main] INFO  upgrade.OMLayoutVersionManager (OMLayoutVersionManager.java:lambda$0(113)) - Skipping Upgrade Action MockOmUpgradeAction since it has been finalized.
2024-04-29 09:21:08,429 [main] WARN  server.ServerUtils (ServerUtils.java:getDBPath(299)) - ozone.om.db.dirs is not configured. We recommend adding this setting. Falling back to ozone.metadata.dirs instead.
2024-04-29 09:21:08,429 [main] INFO  proxy.SCMBlockLocationFailoverProxyProvider (SCMBlockLocationFailoverProxyProvider.java:<init>(115)) - Created block location fail-over proxy with 1 nodes: [nodeId=scmNodeId,nodeAddress=/0.0.0.0:15268]
2024-04-29 09:21:08,430 [main] INFO  proxy.SCMBlockLocationFailoverProxyProvider (SCMBlockLocationFailoverProxyProvider.java:<init>(115)) - Created block location fail-over proxy with 1 nodes: [nodeId=scmNodeId,nodeAddress=/0.0.0.0:15268]
2024-04-29 09:21:08,433 [main] INFO  om.OzoneManager (OzoneManager.java:<init>(677)) - OM start with adminUsers: [runner]
2024-04-29 09:21:08,434 [main] WARN  server.ServerUtils (ServerUtils.java:getDBPath(299)) - ozone.om.db.dirs is not configured. We recommend adding this setting. Falling back to ozone.metadata.dirs instead.
2024-04-29 09:21:08,434 [main] INFO  helpers.OmKeyInfo (OmKeyInfo.java:getCodec(72)) - OmKeyInfo.getCodec ignorePipeline = true
2024-04-29 09:21:08,565 [main] INFO  om.OzoneManager (OzoneManager.java:instantiateServices(811)) - S3 Multi-Tenancy is disabled
2024-04-29 09:21:08,565 [main] INFO  om.OmSnapshotManager (OmSnapshotManager.java:<init>(179)) - Ozone filesystem snapshot feature is enabled.
2024-04-29 09:21:08,566 [main] WARN  server.ServerUtils (ServerUtils.java:getDBPath(299)) - ozone.om.snapshot.diff.db.dir is not configured. We recommend adding this setting. Falling back to ozone.metadata.dirs instead.
2024-04-29 09:21:08,579 [main] INFO  utils.NativeLibraryLoader (NativeLibraryLoader.java:loadLibrary(111)) - Loading Library: ozone_rocksdb_tools
2024-04-29 09:21:08,580 [main] ERROR snapshot.SnapshotDiffManager (SnapshotDiffManager.java:initNativeLibraryForEfficientDiff(287)) - Native Library for raw sst file reading loading failed.
org.apache.hadoop.hdds.utils.NativeLibraryNotLoadedException: Unable to load library ozone_rocksdb_tools from both java.library.path & resource file libozone_rocksdb_tools.so from jar.
	at org.apache.hadoop.hdds.utils.db.managed.ManagedRawSSTFileReader.loadLibrary(ManagedRawSSTFileReader.java:40)
	at org.apache.hadoop.ozone.om.snapshot.SnapshotDiffManager.initNativeLibraryForEfficientDiff(SnapshotDiffManager.java:285)
	at org.apache.hadoop.ozone.om.snapshot.SnapshotDiffManager.<init>(SnapshotDiffManager.java:259)
	at org.apache.hadoop.ozone.om.OmSnapshotManager.<init>(OmSnapshotManager.java:286)
	at org.apache.hadoop.ozone.om.OzoneManager.instantiateServices(OzoneManager.java:863)
	at org.apache.hadoop.ozone.om.OzoneManager.<init>(OzoneManager.java:687)
	at org.apache.hadoop.ozone.om.OzoneManager.createOm(OzoneManager.java:774)
	at org.apache.hadoop.ozone.MiniOzoneClusterImpl$Builder.createOM(MiniOzoneClusterImpl.java:689)
	at org.apache.hadoop.ozone.MiniOzoneClusterImpl$Builder.createAndStartSingleOM(MiniOzoneClusterImpl.java:673)
	at org.apache.hadoop.ozone.MiniOzoneClusterImpl$Builder.build(MiniOzoneClusterImpl.java:535)
	at org.apache.hadoop.ozone.client.rpc.TestWatchForCommit.init(TestWatchForCommit.java:154)
	at java.base/jdk.internal.reflect.NativeMethodAccessorImpl.invoke0(Native Method)
	at java.base/jdk.internal.reflect.NativeMethodAccessorImpl.invoke(NativeMethodAccessorImpl.java:77)
	at java.base/jdk.internal.reflect.DelegatingMethodAccessorImpl.invoke(DelegatingMethodAccessorImpl.java:43)
	at java.base/java.lang.reflect.Method.invoke(Method.java:568)
	at org.junit.platform.commons.util.ReflectionUtils.invokeMethod(ReflectionUtils.java:728)
	at org.junit.jupiter.engine.execution.MethodInvocation.proceed(MethodInvocation.java:60)
	at org.junit.jupiter.engine.execution.InvocationInterceptorChain$ValidatingInvocation.proceed(InvocationInterceptorChain.java:131)
	at org.junit.jupiter.engine.extension.TimeoutExtension.intercept(TimeoutExtension.java:156)
	at org.junit.jupiter.engine.extension.TimeoutExtension.interceptLifecycleMethod(TimeoutExtension.java:128)
	at org.junit.jupiter.engine.extension.TimeoutExtension.interceptBeforeEachMethod(TimeoutExtension.java:78)
	at org.junit.jupiter.engine.execution.InterceptingExecutableInvoker$ReflectiveInterceptorCall.lambda$ofVoidMethod$0(InterceptingExecutableInvoker.java:103)
	at org.junit.jupiter.engine.execution.InterceptingExecutableInvoker.lambda$invoke$0(InterceptingExecutableInvoker.java:93)
	at org.junit.jupiter.engine.execution.InvocationInterceptorChain$InterceptedInvocation.proceed(InvocationInterceptorChain.java:106)
	at org.junit.jupiter.engine.execution.InvocationInterceptorChain.proceed(InvocationInterceptorChain.java:64)
	at org.junit.jupiter.engine.execution.InvocationInterceptorChain.chainAndInvoke(InvocationInterceptorChain.java:45)
	at org.junit.jupiter.engine.execution.InvocationInterceptorChain.invoke(InvocationInterceptorChain.java:37)
	at org.junit.jupiter.engine.execution.InterceptingExecutableInvoker.invoke(InterceptingExecutableInvoker.java:92)
	at org.junit.jupiter.engine.execution.InterceptingExecutableInvoker.invoke(InterceptingExecutableInvoker.java:86)
	at org.junit.jupiter.engine.descriptor.ClassBasedTestDescriptor.invokeMethodInExtensionContext(ClassBasedTestDescriptor.java:521)
	at org.junit.jupiter.engine.descriptor.ClassBasedTestDescriptor.lambda$synthesizeBeforeEachMethodAdapter$23(ClassBasedTestDescriptor.java:506)
	at org.junit.jupiter.engine.descriptor.TestMethodTestDescriptor.lambda$invokeBeforeEachMethods$3(TestMethodTestDescriptor.java:175)
	at org.junit.jupiter.engine.descriptor.TestMethodTestDescriptor.lambda$invokeBeforeMethodsOrCallbacksUntilExceptionOccurs$6(TestMethodTestDescriptor.java:203)
	at org.junit.platform.engine.support.hierarchical.ThrowableCollector.execute(ThrowableCollector.java:73)
	at org.junit.jupiter.engine.descriptor.TestMethodTestDescriptor.invokeBeforeMethodsOrCallbacksUntilExceptionOccurs(TestMethodTestDescriptor.java:203)
	at org.junit.jupiter.engine.descriptor.TestMethodTestDescriptor.invokeBeforeEachMethods(TestMethodTestDescriptor.java:172)
	at org.junit.jupiter.engine.descriptor.TestMethodTestDescriptor.execute(TestMethodTestDescriptor.java:135)
	at org.junit.jupiter.engine.descriptor.TestMethodTestDescriptor.execute(TestMethodTestDescriptor.java:69)
	at org.junit.platform.engine.support.hierarchical.NodeTestTask.lambda$executeRecursively$6(NodeTestTask.java:151)
	at org.junit.platform.engine.support.hierarchical.ThrowableCollector.execute(ThrowableCollector.java:73)
	at org.junit.platform.engine.support.hierarchical.NodeTestTask.lambda$executeRecursively$8(NodeTestTask.java:141)
	at org.junit.platform.engine.support.hierarchical.Node.around(Node.java:137)
	at org.junit.platform.engine.support.hierarchical.NodeTestTask.lambda$executeRecursively$9(NodeTestTask.java:139)
	at org.junit.platform.engine.support.hierarchical.ThrowableCollector.execute(ThrowableCollector.java:73)
	at org.junit.platform.engine.support.hierarchical.NodeTestTask.executeRecursively(NodeTestTask.java:138)
	at org.junit.platform.engine.support.hierarchical.NodeTestTask.execute(NodeTestTask.java:95)
	at java.base/java.util.ArrayList.forEach(ArrayList.java:1511)
	at org.junit.platform.engine.support.hierarchical.SameThreadHierarchicalTestExecutorService.invokeAll(SameThreadHierarchicalTestExecutorService.java:41)
	at org.junit.platform.engine.support.hierarchical.NodeTestTask.lambda$executeRecursively$6(NodeTestTask.java:155)
	at org.junit.platform.engine.support.hierarchical.ThrowableCollector.execute(ThrowableCollector.java:73)
	at org.junit.platform.engine.support.hierarchical.NodeTestTask.lambda$executeRecursively$8(NodeTestTask.java:141)
	at org.junit.platform.engine.support.hierarchical.Node.around(Node.java:137)
	at org.junit.platform.engine.support.hierarchical.NodeTestTask.lambda$executeRecursively$9(NodeTestTask.java:139)
	at org.junit.platform.engine.support.hierarchical.ThrowableCollector.execute(ThrowableCollector.java:73)
	at org.junit.platform.engine.support.hierarchical.NodeTestTask.executeRecursively(NodeTestTask.java:138)
	at org.junit.platform.engine.support.hierarchical.NodeTestTask.execute(NodeTestTask.java:95)
	at java.base/java.util.ArrayList.forEach(ArrayList.java:1511)
	at org.junit.platform.engine.support.hierarchical.SameThreadHierarchicalTestExecutorService.invokeAll(SameThreadHierarchicalTestExecutorService.java:41)
	at org.junit.platform.engine.support.hierarchical.NodeTestTask.lambda$executeRecursively$6(NodeTestTask.java:155)
	at org.junit.platform.engine.support.hierarchical.ThrowableCollector.execute(ThrowableCollector.java:73)
	at org.junit.platform.engine.support.hierarchical.NodeTestTask.lambda$executeRecursively$8(NodeTestTask.java:141)
	at org.junit.platform.engine.support.hierarchical.Node.around(Node.java:137)
	at org.junit.platform.engine.support.hierarchical.NodeTestTask.lambda$executeRecursively$9(NodeTestTask.java:139)
	at org.junit.platform.engine.support.hierarchical.ThrowableCollector.execute(ThrowableCollector.java:73)
	at org.junit.platform.engine.support.hierarchical.NodeTestTask.executeRecursively(NodeTestTask.java:138)
	at org.junit.platform.engine.support.hierarchical.NodeTestTask.execute(NodeTestTask.java:95)
	at org.junit.platform.engine.support.hierarchical.SameThreadHierarchicalTestExecutorService.submit(SameThreadHierarchicalTestExecutorService.java:35)
	at org.junit.platform.engine.support.hierarchical.HierarchicalTestExecutor.execute(HierarchicalTestExecutor.java:57)
	at org.junit.platform.engine.support.hierarchical.HierarchicalTestEngine.execute(HierarchicalTestEngine.java:54)
	at org.junit.platform.launcher.core.EngineExecutionOrchestrator.execute(EngineExecutionOrchestrator.java:198)
	at org.junit.platform.launcher.core.EngineExecutionOrchestrator.execute(EngineExecutionOrchestrator.java:169)
	at org.junit.platform.launcher.core.EngineExecutionOrchestrator.execute(EngineExecutionOrchestrator.java:93)
	at org.junit.platform.launcher.core.EngineExecutionOrchestrator.lambda$execute$0(EngineExecutionOrchestrator.java:58)
	at org.junit.platform.launcher.core.EngineExecutionOrchestrator.withInterceptedStreams(EngineExecutionOrchestrator.java:141)
	at org.junit.platform.launcher.core.EngineExecutionOrchestrator.execute(EngineExecutionOrchestrator.java:57)
	at org.junit.platform.launcher.core.DefaultLauncher.execute(DefaultLauncher.java:103)
	at org.junit.platform.launcher.core.DefaultLauncher.execute(DefaultLauncher.java:85)
	at org.junit.platform.launcher.core.DelegatingLauncher.execute(DelegatingLauncher.java:47)
	at org.junit.platform.launcher.core.SessionPerRequestLauncher.execute(SessionPerRequestLauncher.java:63)
	at org.apache.maven.surefire.junitplatform.JUnitPlatformProvider.invokeAllTests(JUnitPlatformProvider.java:154)
	at org.apache.maven.surefire.junitplatform.JUnitPlatformProvider.invoke(JUnitPlatformProvider.java:123)
	at org.apache.maven.surefire.booter.ForkedBooter.runSuitesInProcess(ForkedBooter.java:377)
	at org.apache.maven.surefire.booter.ForkedBooter.execute(ForkedBooter.java:138)
	at org.apache.maven.surefire.booter.ForkedBooter.run(ForkedBooter.java:465)
	at org.apache.maven.surefire.booter.ForkedBooter.main(ForkedBooter.java:451)
2024-04-29 09:21:08,582 [main] INFO  om.OzoneManager (OzoneManager.java:addS3GVolumeToDB(4463)) - Created Volume s3v With Owner runner required for S3Gateway operations.
2024-04-29 09:21:08,582 [main] WARN  server.ServerUtils (ServerUtils.java:getDefaultRatisDirectory(311)) - Storage directory for Ratis is not configured. It is a good idea to map this to an SSD disk. Falling back to ozone.metadata.dirs
2024-04-29 09:21:08,582 [main] WARN  utils.OzoneManagerRatisUtils (OzoneManagerRatisUtils.java:getOMRatisSnapshotDirectory(476)) - ozone.om.ratis.snapshot.dir is not configured. Falling back to ozone.metadata.dirs config
2024-04-29 09:21:08,582 [main] WARN  server.ServerUtils (ServerUtils.java:getDefaultRatisDirectory(311)) - Storage directory for Ratis is not configured. It is a good idea to map this to an SSD disk. Falling back to ozone.metadata.dirs
2024-04-29 09:21:08,583 [main] INFO  ratis.OzoneManagerRatisServer (OzoneManagerRatisServer.java:<init>(167)) - Instantiating OM Ratis server with groupID: omServiceIdDefault and peers: localhost:15274
2024-04-29 09:21:08,583 [main] INFO  ratis.OzoneManagerStateMachine (OzoneManagerStateMachine.java:loadSnapshotInfoFromDB(589)) - TransactionInfo not found in OM DB.
2024-04-29 09:21:08,584 [main] INFO  server.RaftServer (ConfUtils.java:logGet(46)) - raft.rpc.type = GRPC (default)
2024-04-29 09:21:08,584 [main] INFO  grpc.GrpcConfigKeys (ConfUtils.java:logFallback(53)) - raft.grpc.admin.host = null (fallback to raft.grpc.server.host)
2024-04-29 09:21:08,584 [main] INFO  grpc.GrpcConfigKeys (ConfUtils.java:logFallback(53)) - raft.grpc.admin.port = 15274 (fallback to raft.grpc.server.port)
2024-04-29 09:21:08,584 [main] INFO  grpc.GrpcConfigKeys (ConfUtils.java:logFallback(53)) - raft.grpc.client.host = null (fallback to raft.grpc.server.host)
2024-04-29 09:21:08,584 [main] INFO  grpc.GrpcConfigKeys (ConfUtils.java:logFallback(53)) - raft.grpc.client.port = 15274 (fallback to raft.grpc.server.port)
2024-04-29 09:21:08,584 [main] INFO  grpc.GrpcConfigKeys (ConfUtils.java:logGet(46)) - raft.grpc.server.host = null (default)
2024-04-29 09:21:08,584 [main] INFO  grpc.GrpcConfigKeys (ConfUtils.java:logGet(46)) - raft.grpc.server.port = 15274 (custom)
2024-04-29 09:21:08,585 [main] INFO  server.GrpcService (ConfUtils.java:logGet(46)) - raft.grpc.message.size.max = 4194304 (custom)
2024-04-29 09:21:08,585 [main] INFO  server.RaftServerConfigKeys (ConfUtils.java:logGet(46)) - raft.server.log.appender.buffer.byte-limit = 4194304 (custom)
2024-04-29 09:21:08,585 [main] INFO  server.GrpcService (ConfUtils.java:logGet(46)) - raft.grpc.flow.control.window = 1MB (=1048576) (default)
2024-04-29 09:21:08,585 [main] INFO  server.RaftServerConfigKeys (ConfUtils.java:logGet(46)) - raft.server.rpc.request.timeout = 3000ms (default)
2024-04-29 09:21:08,585 [main] INFO  grpc.GrpcConfigKeys (ConfUtils.java:logGet(46)) - raft.grpc.server.heartbeat.channel = true (default)
2024-04-29 09:21:08,585 [main] INFO  grpc.GrpcConfigKeys (ConfUtils.java:logGet(46)) - raft.grpc.server.async.request.thread.pool.cached = true (default)
2024-04-29 09:21:08,585 [main] INFO  grpc.GrpcConfigKeys (ConfUtils.java:logGet(46)) - raft.grpc.server.async.request.thread.pool.size = 32 (default)
2024-04-29 09:21:08,586 [main] INFO  impl.DataStreamServerImpl (ConfUtils.java:logGet(46)) - raft.datastream.type = DISABLED (default)
2024-04-29 09:21:08,586 [main] INFO  server.RaftServerConfigKeys (ConfUtils.java:logGet(46)) - raft.server.sleep.deviation.threshold = 300ms (default)
2024-04-29 09:21:08,586 [main] INFO  server.RaftServerConfigKeys (ConfUtils.java:logGet(46)) - raft.server.close.threshold = 60s (default)
2024-04-29 09:21:08,587 [main] INFO  server.RaftServerConfigKeys (ConfUtils.java:logGet(46)) - raft.server.leaderelection.leader.step-down.wait-time = 10s (default)
2024-04-29 09:21:08,587 [main] INFO  server.RaftServerConfigKeys (ConfUtils.java:logGet(46)) - raft.server.storage.dir = [/home/runner/work/ozone/ozone/hadoop-ozone/integration-test/target/test-dir/MiniOzoneClusterImpl-5c564e69-bd94-47d8-8ed3-49bff913e719/ozone-meta/ratis] (custom)
2024-04-29 09:21:08,587 [main] INFO  server.RaftServerConfigKeys (ConfUtils.java:logGet(46)) - raft.server.threadpool.proxy.cached = true (default)
2024-04-29 09:21:08,587 [main] INFO  server.RaftServerConfigKeys (ConfUtils.java:logGet(46)) - raft.server.threadpool.proxy.size = 0 (default)
2024-04-29 09:21:08,587 [main] INFO  server.RaftServer (RaftServerProxy.java:addNew(100)) - om1: addNew group-C5BA1605619E:[om1|localhost:15274] returns group-C5BA1605619E:java.util.concurrent.CompletableFuture@5a4736b8[Not completed]
2024-04-29 09:21:08,587 [om1-groupManagement] INFO  server.RaftServer$Division (RaftServerImpl.java:<init>(256)) - om1: new RaftServerImpl for group-C5BA1605619E:[om1|localhost:15274] with OzoneManagerStateMachine:uninitialized
2024-04-29 09:21:08,587 [main] INFO  om.OzoneManager (OzoneManager.java:initializeRatisServer(2168)) - OzoneManager Ratis server initialized at port 15274
2024-04-29 09:21:08,587 [om1-groupManagement] INFO  server.RaftServerConfigKeys (ConfUtils.java:logGet(46)) - raft.server.rpc.timeout.min = 1s (custom)
2024-04-29 09:21:08,588 [main] INFO  om.OzoneManager (OzoneManager.java:getRpcServer(1227)) - Creating RPC Server
2024-04-29 09:21:08,588 [om1-groupManagement] INFO  server.RaftServerConfigKeys (ConfUtils.java:logGet(46)) - raft.server.rpc.timeout.max = 1200ms (custom)
2024-04-29 09:21:08,588 [om1-groupManagement] INFO  server.RaftServerConfigKeys (ConfUtils.java:logGet(46)) - raft.server.rpc.sleep.time = 25ms (default)
2024-04-29 09:21:08,588 [om1-groupManagement] INFO  server.RaftServerConfigKeys (ConfUtils.java:logGet(46)) - raft.server.rpc.slowness.timeout = 120s (custom)
2024-04-29 09:21:08,588 [om1-groupManagement] INFO  server.RaftServerConfigKeys (ConfUtils.java:logGet(46)) - raft.server.leaderelection.leader.step-down.wait-time = 10s (default)
2024-04-29 09:21:08,588 [om1-groupManagement] INFO  server.RaftServerConfigKeys (ConfUtils.java:logGet(46)) - raft.server.leaderelection.member.majority-add = false (default)
2024-04-29 09:21:08,588 [om1-groupManagement] INFO  server.RaftServerConfigKeys (ConfUtils.java:logGet(46)) - raft.server.sleep.deviation.threshold = 300ms (default)
2024-04-29 09:21:08,588 [om1-groupManagement] INFO  server.RaftServer$Division (ServerState.java:<init>(113)) - om1@group-C5BA1605619E: ConfigurationManager, init=-1: peers:[om1|localhost:15274]|listeners:[], old=null, confs=<EMPTY_MAP>
2024-04-29 09:21:08,588 [om1-groupManagement] INFO  server.RaftServerConfigKeys (ConfUtils.java:logGet(46)) - raft.server.notification.no-leader.timeout = 120s (custom)
2024-04-29 09:21:08,588 [om1-groupManagement] INFO  server.RaftServerConfigKeys (ConfUtils.java:logGet(46)) - raft.server.read.timeout = 10s (default)
2024-04-29 09:21:08,588 [om1-groupManagement] INFO  server.RaftServerConfigKeys (ConfUtils.java:logGet(46)) - raft.server.retrycache.expirytime = 300s (custom)
2024-04-29 09:21:08,588 [om1-groupManagement] INFO  server.RaftServerConfigKeys (ConfUtils.java:logGet(46)) - raft.server.retrycache.statistics.expirytime = 100ms (default)
2024-04-29 09:21:08,588 [om1-groupManagement] INFO  server.RaftServerConfigKeys (ConfUtils.java:logGet(46)) - raft.server.read.option = DEFAULT (default)
2024-04-29 09:21:08,588 [om1-groupManagement] INFO  server.RaftServerConfigKeys (ConfUtils.java:logGet(46)) - raft.server.read.read-after-write-consistent.write-index-cache.expiry-time = 60s (default)
2024-04-29 09:21:08,589 [om1-groupManagement] INFO  server.RaftServerConfigKeys (ConfUtils.java:logGet(46)) - raft.server.rpc.request.timeout = 3000ms (default)
2024-04-29 09:21:08,589 [om1-groupManagement] INFO  server.RaftServerConfigKeys (ConfUtils.java:logGet(46)) - raft.server.log.appender.install.snapshot.enabled = false (custom)
2024-04-29 09:21:08,589 [om1-groupManagement] INFO  server.RaftServerConfigKeys (ConfUtils.java:logGet(46)) - raft.server.threadpool.server.cached = true (default)
2024-04-29 09:21:08,589 [om1-groupManagement] INFO  server.RaftServerConfigKeys (ConfUtils.java:logGet(46)) - raft.server.threadpool.server.size = 0 (default)
2024-04-29 09:21:08,589 [om1-groupManagement] INFO  server.RaftServerConfigKeys (ConfUtils.java:logGet(46)) - raft.server.threadpool.client.cached = true (default)
2024-04-29 09:21:08,590 [om1-groupManagement] INFO  server.RaftServerConfigKeys (ConfUtils.java:logGet(46)) - raft.server.threadpool.client.size = 0 (default)
2024-04-29 09:21:08,827 [main] INFO  reflections.Reflections (Reflections.java:scan(219)) - Reflections took 239 ms to scan 20 urls, producing 58 keys and 6549 values
2024-04-29 09:21:08,829 [main] INFO  ipc.CallQueueManager (CallQueueManager.java:<init>(90)) - Using callQueue: class java.util.concurrent.LinkedBlockingQueue, queueCapacity: 2000, scheduler: class org.apache.hadoop.ipc.DefaultRpcScheduler, ipcBackoff: false.
2024-04-29 09:21:08,829 [main] INFO  ipc.Server (Server.java:<init>(1287)) - Listener at 127.0.0.1:15271
2024-04-29 09:21:08,829 [Socket Reader #1 for port 15271] INFO  ipc.Server (Server.java:run(1323)) - Starting Socket Reader #1 for port 15271
2024-04-29 09:21:08,845 [main] INFO  impl.MetricsSystemImpl (MetricsSystemImpl.java:init(158)) - OzoneManager metrics system started (again)
2024-04-29 09:21:08,853 [main] INFO  om.OzoneManager (OzoneManager.java:start(1649)) - OzoneManager RPC server is listening at localhost/127.0.0.1:15271
2024-04-29 09:21:08,854 [main] INFO  ratis.OzoneManagerRatisServer (OzoneManagerRatisServer.java:start(588)) - Starting OzoneManagerRatisServer om1 at port 15274
2024-04-29 09:21:08,854 [om1-impl-thread1] INFO  server.RaftServerConfigKeys (ConfUtils.java:logGet(46)) - raft.server.storage.free-space.min = 0MB (=0) (default)
2024-04-29 09:21:08,854 [om1-impl-thread1] INFO  server.RaftServerConfigKeys (ConfUtils.java:logGet(46)) - raft.server.log.corruption.policy = EXCEPTION (default)
2024-04-29 09:21:08,854 [om1-impl-thread1] INFO  server.RaftServerConfigKeys (ConfUtils.java:logGet(46)) - raft.server.storage.dir = [/home/runner/work/ozone/ozone/hadoop-ozone/integration-test/target/test-dir/MiniOzoneClusterImpl-5c564e69-bd94-47d8-8ed3-49bff913e719/ozone-meta/ratis] (custom)
2024-04-29 09:21:08,854 [om1-impl-thread1] INFO  storage.RaftStorageDirectory (RaftStorageDirectoryImpl.java:analyzeStorage(138)) - The storage directory /home/runner/work/ozone/ozone/hadoop-ozone/integration-test/target/test-dir/MiniOzoneClusterImpl-5c564e69-bd94-47d8-8ed3-49bff913e719/ozone-meta/ratis/bf265839-605b-3f16-9796-c5ba1605619e does not exist. Creating ...
2024-04-29 09:21:08,857 [om1-impl-thread1] INFO  storage.RaftStorageDirectory (RaftStorageDirectoryImpl.java:tryLock(228)) - Lock on /home/runner/work/ozone/ozone/hadoop-ozone/integration-test/target/test-dir/MiniOzoneClusterImpl-5c564e69-bd94-47d8-8ed3-49bff913e719/ozone-meta/ratis/bf265839-605b-3f16-9796-c5ba1605619e/in_use.lock acquired by nodename 21350@fv-az771-493
2024-04-29 09:21:08,858 [om1-impl-thread1] INFO  storage.RaftStorage (RaftStorageImpl.java:format(99)) - Storage directory /home/runner/work/ozone/ozone/hadoop-ozone/integration-test/target/test-dir/MiniOzoneClusterImpl-5c564e69-bd94-47d8-8ed3-49bff913e719/ozone-meta/ratis/bf265839-605b-3f16-9796-c5ba1605619e has been successfully formatted.
2024-04-29 09:21:08,859 [om1-impl-thread1] WARN  util.FileUtils (LogUtils.java:supplyAndLog(63)) - Failed to Files.newInputStream /home/runner/work/ozone/ozone/hadoop-ozone/integration-test/target/test-dir/MiniOzoneClusterImpl-5c564e69-bd94-47d8-8ed3-49bff913e719/ozone-meta/ratis/bf265839-605b-3f16-9796-c5ba1605619e/current/raft-meta.conf with options []: java.nio.file.NoSuchFileException: /home/runner/work/ozone/ozone/hadoop-ozone/integration-test/target/test-dir/MiniOzoneClusterImpl-5c564e69-bd94-47d8-8ed3-49bff913e719/ozone-meta/ratis/bf265839-605b-3f16-9796-c5ba1605619e/current/raft-meta.conf
2024-04-29 09:21:08,859 [om1-impl-thread1] INFO  server.RaftServerConfigKeys (ConfUtils.java:logGet(46)) - raft.server.log.use.memory = false (default)
2024-04-29 09:21:08,859 [om1-impl-thread1] INFO  server.RaftServerConfigKeys (ConfUtils.java:logGet(46)) - raft.server.log.purge.gap = 1000000 (custom)
2024-04-29 09:21:08,859 [om1-impl-thread1] INFO  server.RaftServerConfigKeys (ConfUtils.java:logGet(46)) - raft.server.log.appender.buffer.byte-limit = 4194304 (custom)
2024-04-29 09:21:08,859 [om1-impl-thread1] INFO  server.RaftServerConfigKeys (ConfUtils.java:logGet(46)) - raft.server.log.statemachine.data.read.timeout = 1000ms (default)
2024-04-29 09:21:08,859 [om1-impl-thread1] INFO  server.RaftServerConfigKeys (ConfUtils.java:logGet(46)) - raft.server.log.purge.preservation.log.num = 0 (default)
2024-04-29 09:21:08,859 [om1-impl-thread1] INFO  server.RaftServerConfigKeys (ConfUtils.java:logGet(46)) - raft.server.log.segment.size.max = 4194304 (custom)
2024-04-29 09:21:08,860 [om1-impl-thread1] INFO  server.RaftServerConfigKeys (ConfUtils.java:logGet(46)) - raft.server.log.segment.cache.num.max = 2 (custom)
2024-04-29 09:21:08,860 [om1-impl-thread1] INFO  server.RaftServerConfigKeys (ConfUtils.java:logGet(46)) - raft.server.log.segment.cache.size.max = 200MB (=209715200) (default)
2024-04-29 09:21:08,860 [om1-impl-thread1] INFO  server.RaftServerConfigKeys (ConfUtils.java:logGet(46)) - raft.server.log.appender.buffer.byte-limit = 4194304 (custom)
2024-04-29 09:21:08,860 [om1-impl-thread1] INFO  util.AwaitToRun (AwaitToRun.java:start(81)) - Thread[om1@group-C5BA1605619E-cacheEviction-AwaitToRun,5,main] started
2024-04-29 09:21:08,860 [om1-impl-thread1] INFO  segmented.SegmentedRaftLogWorker (SegmentedRaftLogWorker.java:<init>(182)) - new om1@group-C5BA1605619E-SegmentedRaftLogWorker for RaftStorageImpl:Storage Directory /home/runner/work/ozone/ozone/hadoop-ozone/integration-test/target/test-dir/MiniOzoneClusterImpl-5c564e69-bd94-47d8-8ed3-49bff913e719/ozone-meta/ratis/bf265839-605b-3f16-9796-c5ba1605619e
2024-04-29 09:21:08,860 [om1-impl-thread1] INFO  server.RaftServerConfigKeys (ConfUtils.java:logGet(46)) - raft.server.log.queue.byte-limit = 64MB (=67108864) (default)
2024-04-29 09:21:08,860 [om1-impl-thread1] INFO  server.RaftServerConfigKeys (ConfUtils.java:logGet(46)) - raft.server.log.queue.element-limit = 4096 (default)
2024-04-29 09:21:08,860 [om1-impl-thread1] INFO  server.RaftServerConfigKeys (ConfUtils.java:logGet(46)) - raft.server.log.segment.size.max = 4194304 (custom)
2024-04-29 09:21:08,860 [om1-impl-thread1] INFO  server.RaftServerConfigKeys (ConfUtils.java:logGet(46)) - raft.server.log.preallocated.size = 4194304 (custom)
2024-04-29 09:21:08,860 [om1-impl-thread1] INFO  server.RaftServerConfigKeys (ConfUtils.java:logGet(46)) - raft.server.log.force.sync.num = 128 (default)
2024-04-29 09:21:08,860 [om1-impl-thread1] INFO  server.RaftServerConfigKeys (ConfUtils.java:logGet(46)) - raft.server.log.statemachine.data.sync = true (default)
2024-04-29 09:21:08,860 [om1-impl-thread1] INFO  server.RaftServerConfigKeys (ConfUtils.java:logGet(46)) - raft.server.log.statemachine.data.sync.timeout = 10s (default)
2024-04-29 09:21:08,860 [om1-impl-thread1] INFO  server.RaftServerConfigKeys (ConfUtils.java:logGet(46)) - raft.server.log.statemachine.data.sync.timeout.retry = -1 (default)
2024-04-29 09:21:08,860 [om1-impl-thread1] INFO  server.RaftServerConfigKeys (ConfUtils.java:logGet(46)) - raft.server.log.write.buffer.size = 4194312 (custom)
2024-04-29 09:21:08,861 [om1-impl-thread1] INFO  server.RaftServerConfigKeys (ConfUtils.java:logGet(46)) - raft.server.log.appender.buffer.byte-limit = 4194304 (custom)
2024-04-29 09:21:08,861 [om1-impl-thread1] INFO  server.RaftServerConfigKeys (ConfUtils.java:logGet(46)) - raft.server.log.unsafe-flush.enabled = false (default)
2024-04-29 09:21:08,861 [om1-impl-thread1] INFO  server.RaftServerConfigKeys (ConfUtils.java:logGet(46)) - raft.server.log.async-flush.enabled = false (default)
2024-04-29 09:21:08,861 [om1-impl-thread1] INFO  server.RaftServerConfigKeys (ConfUtils.java:logGet(46)) - raft.server.log.statemachine.data.caching.enabled = false (default)
2024-04-29 09:21:08,862 [om1-impl-thread1] INFO  segmented.SegmentedRaftLogWorker (SegmentedRaftLogWorker.java:lambda$new$0(134)) - om1@group-C5BA1605619E-SegmentedRaftLogWorker: flushIndex: setUnconditionally 0 -> -1
2024-04-29 09:21:08,862 [om1-impl-thread1] INFO  segmented.SegmentedRaftLogWorker (SegmentedRaftLogWorker.java:lambda$new$0(134)) - om1@group-C5BA1605619E-SegmentedRaftLogWorker: safeCacheEvictIndex: setUnconditionally 0 -> -1
2024-04-29 09:21:08,862 [om1-impl-thread1] INFO  server.RaftServer$Division (RaftServerImpl.java:start(396)) - om1@group-C5BA1605619E: start as a follower, conf=-1: peers:[om1|localhost:15274]|listeners:[], old=null
2024-04-29 09:21:08,862 [om1-impl-thread1] INFO  server.RaftServer$Division (RaftServerImpl.java:setRole(383)) - om1@group-C5BA1605619E: changes role from      null to FOLLOWER at term 0 for startAsFollower
2024-04-29 09:21:08,862 [om1-impl-thread1] INFO  impl.RoleInfo (RoleInfo.java:updateAndGet(139)) - om1: start om1@group-C5BA1605619E-FollowerState
2024-04-29 09:21:08,862 [om1@group-C5BA1605619E-FollowerState] INFO  server.RaftServerConfigKeys (ConfUtils.java:logFallback(53)) - raft.server.rpc.first-election.timeout.min = 1s (fallback to raft.server.rpc.timeout.min)
2024-04-29 09:21:08,862 [om1@group-C5BA1605619E-FollowerState] INFO  server.RaftServerConfigKeys (ConfUtils.java:logFallback(53)) - raft.server.rpc.first-election.timeout.max = 1200ms (fallback to raft.server.rpc.timeout.max)
2024-04-29 09:21:08,862 [om1-impl-thread1] INFO  util.JmxRegister (JmxRegister.java:tryRegister(44)) - Successfully registered JMX Bean with object name Ratis:service=RaftServer,group=group-C5BA1605619E,id=om1
2024-04-29 09:21:08,863 [om1-impl-thread1] INFO  server.RaftServerConfigKeys (ConfUtils.java:logGet(46)) - raft.server.snapshot.trigger-when-stop.enabled = true (default)
2024-04-29 09:21:08,863 [om1-impl-thread1] INFO  server.RaftServerConfigKeys (ConfUtils.java:logGet(46)) - raft.server.snapshot.auto.trigger.enabled = true (custom)
2024-04-29 09:21:08,863 [om1-impl-thread1] INFO  server.RaftServerConfigKeys (ConfUtils.java:logGet(46)) - raft.server.snapshot.auto.trigger.threshold = 400000 (default)
2024-04-29 09:21:08,863 [om1-impl-thread1] INFO  server.RaftServerConfigKeys (ConfUtils.java:logGet(46)) - raft.server.snapshot.retention.file.num = -1 (default)
2024-04-29 09:21:08,863 [om1-impl-thread1] INFO  server.RaftServerConfigKeys (ConfUtils.java:logGet(46)) - raft.server.log.purge.upto.snapshot.index = true (custom)
2024-04-29 09:21:08,863 [main] INFO  server.RaftServer (RaftServerProxy.java:startImpl(406)) - om1: start RPC server
2024-04-29 09:21:08,864 [main] INFO  server.GrpcService (GrpcService.java:startImpl(302)) - om1: GrpcService started, listening on 15274
2024-04-29 09:21:08,864 [JvmPauseMonitor34] INFO  util.JvmPauseMonitor (JvmPauseMonitor.java:run(146)) - JvmPauseMonitor-om1: Started
2024-04-29 09:21:08,864 [main] INFO  om.OzoneManager (OzoneManager.java:start(1665)) - Version File has different layout version (6) than OM DB (null). That is expected if this OM has never been finalized to a newer layout version.
2024-04-29 09:21:08,867 [main] INFO  client.ScmTopologyClient (ScmTopologyClient.java:start(72)) - Initial network topology fetched from SCM: /.
2024-04-29 09:21:08,867 [main] INFO  net.NodeSchemaLoader (NodeSchemaLoader.java:loadSchemaFromFile(129)) - Loading schema from [file:/home/runner/work/ozone/ozone/hadoop-hdds/common/target/classes/network-topology-default.xml]
2024-04-29 09:21:08,867 [main] INFO  net.NodeSchemaLoader (NodeSchemaLoader.java:loadSchema(176)) - Loading network topology layer schema file
2024-04-29 09:21:08,871 [main] INFO  http.BaseHttpServer (BaseHttpServer.java:newHttpServer2BuilderForOzone(223)) - Starting Web-server for ozoneManager at: http://0.0.0.0:15272
2024-04-29 09:21:08,871 [main] INFO  http.BaseHttpServer (BaseHttpServer.java:<init>(110)) - Hadoop Security Enabled: false Ozone Security Enabled: false Ozone HTTP Security Enabled: false 
2024-04-29 09:21:08,872 [main] WARN  server.AuthenticationFilter (AuthenticationFilter.java:constructSecretProvider(240)) - Unable to initialize FileSignerSecretProvider, falling back to use random secrets. Reason: Could not read signature secret file: /home/runner/hadoop-http-auth-signature-secret
2024-04-29 09:21:08,872 [main] INFO  http.HttpRequestLog (HttpRequestLog.java:getRequestLog(86)) - Http request log for http.requests.ozoneManager is not defined
2024-04-29 09:21:08,873 [main] INFO  http.HttpServer2 (HttpServer2.java:addGlobalFilter(1036)) - Added global filter 'safety' (class=org.apache.hadoop.hdds.server.http.HttpServer2$QuotingInputFilter)
2024-04-29 09:21:08,874 [main] INFO  http.HttpServer2 (HttpServer2.java:addFilter(1012)) - Added filter static_user_filter (class=org.apache.hadoop.http.lib.StaticUserWebFilter$StaticUserFilter) to context ozoneManager
2024-04-29 09:21:08,874 [main] INFO  http.HttpServer2 (HttpServer2.java:addFilter(1020)) - Added filter static_user_filter (class=org.apache.hadoop.http.lib.StaticUserWebFilter$StaticUserFilter) to context static
2024-04-29 09:21:08,874 [main] INFO  http.HttpServer2 (HttpServer2.java:addFilter(1020)) - Added filter static_user_filter (class=org.apache.hadoop.http.lib.StaticUserWebFilter$StaticUserFilter) to context logs
2024-04-29 09:21:08,874 [main] INFO  http.BaseHttpServer (BaseHttpServer.java:<init>(189)) - HTTP server of ozoneManager uses base directory /home/runner/work/ozone/ozone/hadoop-ozone/integration-test/target/test-dir/MiniOzoneClusterImpl-5c564e69-bd94-47d8-8ed3-49bff913e719/ozone-meta/webserver
2024-04-29 09:21:08,874 [main] INFO  http.HttpServer2 (HttpServer2.java:bindListener(1236)) - Jetty bound to port 15272
2024-04-29 09:21:08,875 [main] INFO  server.Server (Server.java:doStart(375)) - jetty-9.4.54.v20240208; built: 2024-02-08T19:42:39.027Z; git: cef3fbd6d736a21e7d541a5db490381d95a2047d; jvm 17.0.10+7
2024-04-29 09:21:08,875 [main] INFO  server.session (DefaultSessionIdManager.java:doStart(334)) - DefaultSessionIdManager workerName=node0
2024-04-29 09:21:08,876 [main] INFO  server.session (DefaultSessionIdManager.java:doStart(339)) - No SessionScavenger set, using defaults
2024-04-29 09:21:08,876 [main] INFO  server.session (HouseKeeper.java:startScavenging(132)) - node0 Scavenging every 660000ms
2024-04-29 09:21:08,876 [main] INFO  handler.ContextHandler (ContextHandler.java:doStart(921)) - Started o.e.j.s.ServletContextHandler@58554818{logs,/logs,file:///home/runner/work/ozone/ozone/hadoop-ozone/integration-test/target/log,AVAILABLE}
2024-04-29 09:21:08,876 [main] INFO  handler.ContextHandler (ContextHandler.java:doStart(921)) - Started o.e.j.s.ServletContextHandler@169ddbb6{static,/static,file:///home/runner/work/ozone/ozone/hadoop-ozone/integration-test/target/test-classes/webapps/static,AVAILABLE}
2024-04-29 09:21:08,879 [main] INFO  handler.ContextHandler (ContextHandler.java:doStart(921)) - Started o.e.j.w.WebAppContext@652c7ba2{ozoneManager,/,file:///home/runner/work/ozone/ozone/hadoop-ozone/integration-test/target/test-classes/webapps/ozoneManager/,AVAILABLE}{file:/home/runner/work/ozone/ozone/hadoop-ozone/integration-test/target/test-classes/webapps/ozoneManager}
2024-04-29 09:21:08,879 [main] INFO  server.AbstractConnector (AbstractConnector.java:doStart(333)) - Started ServerConnector@62065a8c{HTTP/1.1, (http/1.1)}{0.0.0.0:15272}
2024-04-29 09:21:08,880 [main] INFO  server.Server (Server.java:doStart(415)) - Started @113658ms
2024-04-29 09:21:08,880 [main] WARN  impl.MetricsSystemImpl (MetricsSystemImpl.java:register(279)) - Sink prometheus already exists!
2024-04-29 09:21:08,880 [main] INFO  http.BaseHttpServer (BaseHttpServer.java:updateConnectorAddress(354)) - HTTP server of ozoneManager listening at http://0.0.0.0:15272
2024-04-29 09:21:08,880 [IPC Server Responder] INFO  ipc.Server (Server.java:run(1562)) - IPC Server Responder: starting
2024-04-29 09:21:08,880 [IPC Server listener on 15271] INFO  ipc.Server (Server.java:run(1402)) - IPC Server listener on 15271: starting
2024-04-29 09:21:08,882 [main] INFO  om.OzoneManager (OzoneManager.java:startTrashEmptier(2121)) - Trash Interval set to 0. Files deleted won't move to trash
2024-04-29 09:21:08,895 [main] WARN  dropwizard3.Dm3MetricRegistriesImpl (Dm3MetricRegistriesImpl.java:addReporterRegistration(113)) - New reporters are added after registries were created. Some metrics will be missing from the reporter. Please add reporter before adding any new registry.
2024-04-29 09:21:08,895 [main] WARN  dropwizard3.Dm3MetricRegistriesImpl (Dm3MetricRegistriesImpl.java:addReporterRegistration(113)) - New reporters are added after registries were created. Some metrics will be missing from the reporter. Please add reporter before adding any new registry.
2024-04-29 09:21:08,895 [main] INFO  impl.MetricsSystemImpl (MetricsSystemImpl.java:init(158)) - HddsDatanode metrics system started (again)
2024-04-29 09:21:08,903 [main] INFO  ozone.HddsDatanodeService (HddsDatanodeService.java:start(240)) - HddsDatanodeService host:fv-az771-493.rk3yhgbdfeeu5pdqztzaatlnyd.ex.internal.cloudapp.net ip:10.1.0.30
2024-04-29 09:21:08,918 [main] INFO  upgrade.AbstractLayoutVersionManager (AbstractLayoutVersionManager.java:init(83)) - Initializing Layout version manager with metadata layout = HADOOP_PRC_PORTS_IN_DATANODEDETAILS (version = 7), software layout = HADOOP_PRC_PORTS_IN_DATANODEDETAILS (version = 7)
2024-04-29 09:21:08,918 [main] INFO  statemachine.DatanodeStateMachine (DatanodeStateMachine.java:getEndPointTaskThreadPoolSize(299)) - Datanode State Machine Task Thread Pool size 2
2024-04-29 09:21:08,919 [main] INFO  volume.HddsVolume (HddsVolume.java:<init>(126)) - Creating HddsVolume: /home/runner/work/ozone/ozone/hadoop-ozone/integration-test/target/test-dir/MiniOzoneClusterImpl-5c564e69-bd94-47d8-8ed3-49bff913e719/ozone-meta/datanode-1/data-0/hdds of storage type : DISK capacity : 9223372036854775807
2024-04-29 09:21:08,919 [main] INFO  volume.MutableVolumeSet (MutableVolumeSet.java:initializeVolumeSet(173)) - Added Volume : /home/runner/work/ozone/ozone/hadoop-ozone/integration-test/target/test-dir/MiniOzoneClusterImpl-5c564e69-bd94-47d8-8ed3-49bff913e719/ozone-meta/datanode-1/data-0/hdds to VolumeSet
2024-04-29 09:21:08,920 [main] INFO  volume.MutableVolumeSet (MutableVolumeSet.java:initializeVolumeSet(173)) - Added Volume : /home/runner/work/ozone/ozone/hadoop-ozone/integration-test/target/test-dir/MiniOzoneClusterImpl-5c564e69-bd94-47d8-8ed3-49bff913e719/ozone-meta/datanode-1/ratis to VolumeSet
2024-04-29 09:21:08,920 [main] INFO  ozoneimpl.OzoneContainer (HddsVolumeUtil.java:loadAllHddsVolumeDbStore(103)) - Load 1 volumes DbStore cost: 0ms
2024-04-29 09:21:08,922 [main] INFO  server.RaftServer (ConfUtils.java:logGet(46)) - raft.rpc.type = GRPC (default)
2024-04-29 09:21:08,922 [main] INFO  grpc.GrpcConfigKeys (ConfUtils.java:logFallback(53)) - raft.grpc.admin.host = null (fallback to raft.grpc.server.host)
2024-04-29 09:21:08,922 [main] INFO  grpc.GrpcConfigKeys (ConfUtils.java:logGet(46)) - raft.grpc.admin.port = 15280 (custom)
2024-04-29 09:21:08,922 [main] INFO  grpc.GrpcConfigKeys (ConfUtils.java:logFallback(53)) - raft.grpc.client.host = null (fallback to raft.grpc.server.host)
2024-04-29 09:21:08,922 [main] INFO  grpc.GrpcConfigKeys (ConfUtils.java:logGet(46)) - raft.grpc.client.port = 15279 (custom)
2024-04-29 09:21:08,922 [main] INFO  grpc.GrpcConfigKeys (ConfUtils.java:logGet(46)) - raft.grpc.server.host = null (default)
2024-04-29 09:21:08,922 [main] INFO  grpc.GrpcConfigKeys (ConfUtils.java:logGet(46)) - raft.grpc.server.port = 15281 (custom)
2024-04-29 09:21:08,923 [main] INFO  server.GrpcService (ConfUtils.java:logGet(46)) - raft.grpc.message.size.max = 32MB (=33554432) (custom)
2024-04-29 09:21:08,923 [main] INFO  server.RaftServerConfigKeys (ConfUtils.java:logGet(46)) - raft.server.log.appender.buffer.byte-limit = 8388608 (custom)
2024-04-29 09:21:08,923 [main] INFO  server.GrpcService (ConfUtils.java:logGet(46)) - raft.grpc.flow.control.window = 5MB (=5242880) (custom)
2024-04-29 09:21:08,923 [main] INFO  server.RaftServerConfigKeys (ConfUtils.java:logGet(46)) - raft.server.rpc.request.timeout = 3000ms (default)
2024-04-29 09:21:08,923 [main] INFO  grpc.GrpcConfigKeys (ConfUtils.java:logGet(46)) - raft.grpc.server.heartbeat.channel = true (default)
2024-04-29 09:21:08,923 [main] INFO  grpc.GrpcConfigKeys (ConfUtils.java:logGet(46)) - raft.grpc.server.async.request.thread.pool.cached = true (default)
2024-04-29 09:21:08,923 [main] INFO  grpc.GrpcConfigKeys (ConfUtils.java:logGet(46)) - raft.grpc.server.async.request.thread.pool.size = 32 (default)
2024-04-29 09:21:08,925 [main] INFO  impl.DataStreamServerImpl (ConfUtils.java:logGet(46)) - raft.datastream.type = NETTY (custom)
2024-04-29 09:21:08,925 [main] INFO  server.RaftServerConfigKeys (ConfUtils.java:logGet(46)) - raft.server.data-stream.async.request.thread.pool.cached = false (default)
2024-04-29 09:21:08,925 [main] INFO  server.RaftServerConfigKeys (ConfUtils.java:logGet(46)) - raft.server.data-stream.async.request.thread.pool.size = 20 (custom)
2024-04-29 09:21:08,925 [main] INFO  server.RaftServerConfigKeys (ConfUtils.java:logGet(46)) - raft.server.data-stream.async.write.thread.pool.size = 16 (default)
2024-04-29 09:21:08,925 [main] INFO  netty.NettyConfigKeys$DataStream (ConfUtils.java:logGet(46)) - raft.netty.dataStream.server.channel.inactive.grace-period = 10min (default)
2024-04-29 09:21:08,926 [main] INFO  server.RaftServerConfigKeys (ConfUtils.java:logGet(46)) - raft.server.data-stream.client.pool.size = 10 (default)
2024-04-29 09:21:08,926 [main] INFO  netty.NettyConfigKeys$DataStream (ConfUtils.java:logGet(46)) - raft.netty.dataStream.server.use-epoll = true (default)
2024-04-29 09:21:08,926 [main] INFO  netty.NettyConfigKeys$DataStream (ConfUtils.java:logGet(46)) - raft.netty.dataStream.server.boss-group.size = 0 (default)
2024-04-29 09:21:08,926 [main] INFO  netty.NettyUtils (NettyUtils.java:newEventLoopGroup(69)) - Create EpollEventLoopGroup for 63ba3f95-8215-4442-8865-ad228f39fdb5-NettyServerStreamRpc-bossGroup; Thread size is 0.
2024-04-29 09:21:08,926 [main] INFO  netty.NettyConfigKeys$DataStream (ConfUtils.java:logGet(46)) - raft.netty.dataStream.server.worker-group.size = 0 (default)
2024-04-29 09:21:08,926 [main] INFO  netty.NettyUtils (NettyUtils.java:newEventLoopGroup(69)) - Create EpollEventLoopGroup for 63ba3f95-8215-4442-8865-ad228f39fdb5-NettyServerStreamRpc-workerGroup; Thread size is 0.
2024-04-29 09:21:08,927 [main] INFO  netty.NettyConfigKeys$DataStream (ConfUtils.java:logGet(46)) - raft.netty.dataStream.server.tls.conf = null (default)
2024-04-29 09:21:08,927 [main] INFO  netty.NettyConfigKeys$DataStream (ConfUtils.java:logGet(46)) - raft.netty.dataStream.host = null (default)
2024-04-29 09:21:08,927 [main] INFO  netty.NettyConfigKeys$DataStream (ConfUtils.java:logGet(46)) - raft.netty.dataStream.port = 15282 (custom)
2024-04-29 09:21:08,927 [main] INFO  server.RaftServerConfigKeys (ConfUtils.java:logGet(46)) - raft.server.sleep.deviation.threshold = 300ms (default)
2024-04-29 09:21:08,927 [main] INFO  server.RaftServerConfigKeys (ConfUtils.java:logGet(46)) - raft.server.close.threshold = 60s (default)
2024-04-29 09:21:08,927 [main] INFO  server.RaftServerConfigKeys (ConfUtils.java:logGet(46)) - raft.server.leaderelection.leader.step-down.wait-time = 10s (default)
2024-04-29 09:21:08,927 [63ba3f95-8215-4442-8865-ad228f39fdb5-NettyServerStreamRpc-bossGroup--thread1] INFO  logging.LoggingHandler (AbstractInternalLogger.java:log(148)) - [id: 0xb3dd8ad4] REGISTERED
2024-04-29 09:21:08,928 [main] INFO  server.RaftServerConfigKeys (ConfUtils.java:logGet(46)) - raft.server.storage.dir = [/home/runner/work/ozone/ozone/hadoop-ozone/integration-test/target/test-dir/MiniOzoneClusterImpl-5c564e69-bd94-47d8-8ed3-49bff913e719/ozone-meta/datanode-1/ratis] (custom)
2024-04-29 09:21:08,928 [main] INFO  server.RaftServerConfigKeys (ConfUtils.java:logGet(46)) - raft.server.threadpool.proxy.cached = true (default)
2024-04-29 09:21:08,928 [main] INFO  server.RaftServerConfigKeys (ConfUtils.java:logGet(46)) - raft.server.threadpool.proxy.size = 0 (default)
2024-04-29 09:21:08,928 [63ba3f95-8215-4442-8865-ad228f39fdb5-NettyServerStreamRpc-bossGroup--thread1] INFO  logging.LoggingHandler (AbstractInternalLogger.java:log(148)) - [id: 0xb3dd8ad4] BIND: 0.0.0.0/0.0.0.0:15282
2024-04-29 09:21:08,928 [63ba3f95-8215-4442-8865-ad228f39fdb5-NettyServerStreamRpc-bossGroup--thread1] INFO  logging.LoggingHandler (AbstractInternalLogger.java:log(148)) - [id: 0xb3dd8ad4, L:/0.0.0.0:15282] ACTIVE
2024-04-29 09:21:08,929 [63ba3f95-8215-4442-8865-ad228f39fdb5-impl-thread1] INFO  server.RaftServer (RaftServerProxy.java:initGroupDir(264)) - 63ba3f95-8215-4442-8865-ad228f39fdb5: found a subdirectory /home/runner/work/ozone/ozone/hadoop-ozone/integration-test/target/test-dir/MiniOzoneClusterImpl-5c564e69-bd94-47d8-8ed3-49bff913e719/ozone-meta/datanode-1/ratis/tmp
2024-04-29 09:21:08,929 [63ba3f95-8215-4442-8865-ad228f39fdb5-impl-thread1] INFO  server.RaftServer (RaftServerProxy.java:initGroupDir(269)) - 63ba3f95-8215-4442-8865-ad228f39fdb5: The directory /home/runner/work/ozone/ozone/hadoop-ozone/integration-test/target/test-dir/MiniOzoneClusterImpl-5c564e69-bd94-47d8-8ed3-49bff913e719/ozone-meta/datanode-1/ratis/tmp is not a group directory; ignoring it. 
2024-04-29 09:21:08,929 [main] INFO  replication.ReplicationServer (ReplicationServer.java:<init>(86)) - Initializing replication server with thread count = 10 queue length = 4096
2024-04-29 09:21:08,930 [main] INFO  server.XceiverServerGrpc (XceiverServerGrpc.java:<init>(141)) - GrpcServer channel type EpollServerSocketChannel
2024-04-29 09:21:08,931 [main] INFO  replication.ReplicationSupervisor (ReplicationSupervisor.java:build(157)) - Initializing replication supervisor with thread count = 10
2024-04-29 09:21:08,932 [main] INFO  replication.ReplicationSupervisor (ReplicationSupervisor.java:nodeStateUpdated(312)) - Node state updated to IN_SERVICE, scaling executor pool size to 10
2024-04-29 09:21:08,933 [main] INFO  http.BaseHttpServer (BaseHttpServer.java:newHttpServer2BuilderForOzone(223)) - Starting Web-server for hddsDatanode at: http://0.0.0.0:15276
2024-04-29 09:21:08,933 [main] INFO  http.BaseHttpServer (BaseHttpServer.java:<init>(110)) - Hadoop Security Enabled: false Ozone Security Enabled: false Ozone HTTP Security Enabled: false 
2024-04-29 09:21:08,934 [main] WARN  server.AuthenticationFilter (AuthenticationFilter.java:constructSecretProvider(240)) - Unable to initialize FileSignerSecretProvider, falling back to use random secrets. Reason: Could not read signature secret file: /home/runner/hadoop-http-auth-signature-secret
2024-04-29 09:21:08,935 [main] INFO  http.HttpRequestLog (HttpRequestLog.java:getRequestLog(86)) - Http request log for http.requests.hddsDatanode is not defined
2024-04-29 09:21:08,935 [main] INFO  http.HttpServer2 (HttpServer2.java:addGlobalFilter(1036)) - Added global filter 'safety' (class=org.apache.hadoop.hdds.server.http.HttpServer2$QuotingInputFilter)
2024-04-29 09:21:08,936 [main] INFO  http.HttpServer2 (HttpServer2.java:addFilter(1012)) - Added filter static_user_filter (class=org.apache.hadoop.http.lib.StaticUserWebFilter$StaticUserFilter) to context hddsDatanode
2024-04-29 09:21:08,936 [main] INFO  http.HttpServer2 (HttpServer2.java:addFilter(1020)) - Added filter static_user_filter (class=org.apache.hadoop.http.lib.StaticUserWebFilter$StaticUserFilter) to context logs
2024-04-29 09:21:08,936 [main] INFO  http.HttpServer2 (HttpServer2.java:addFilter(1020)) - Added filter static_user_filter (class=org.apache.hadoop.http.lib.StaticUserWebFilter$StaticUserFilter) to context static
2024-04-29 09:21:08,937 [main] INFO  http.BaseHttpServer (BaseHttpServer.java:<init>(189)) - HTTP server of hddsDatanode uses base directory /home/runner/work/ozone/ozone/hadoop-ozone/integration-test/target/test-dir/MiniOzoneClusterImpl-5c564e69-bd94-47d8-8ed3-49bff913e719/ozone-meta/datanode-1/meta/webserver
2024-04-29 09:21:08,937 [main] INFO  http.HttpServer2 (HttpServer2.java:bindListener(1236)) - Jetty bound to port 15276
2024-04-29 09:21:08,937 [main] INFO  server.Server (Server.java:doStart(375)) - jetty-9.4.54.v20240208; built: 2024-02-08T19:42:39.027Z; git: cef3fbd6d736a21e7d541a5db490381d95a2047d; jvm 17.0.10+7
2024-04-29 09:21:08,938 [main] INFO  server.session (DefaultSessionIdManager.java:doStart(334)) - DefaultSessionIdManager workerName=node0
2024-04-29 09:21:08,938 [main] INFO  server.session (DefaultSessionIdManager.java:doStart(339)) - No SessionScavenger set, using defaults
2024-04-29 09:21:08,938 [main] INFO  server.session (HouseKeeper.java:startScavenging(132)) - node0 Scavenging every 660000ms
2024-04-29 09:21:08,941 [main] INFO  handler.ContextHandler (ContextHandler.java:doStart(921)) - Started o.e.j.s.ServletContextHandler@48562206{logs,/logs,file:///home/runner/work/ozone/ozone/hadoop-ozone/integration-test/target/log,AVAILABLE}
2024-04-29 09:21:08,941 [main] INFO  handler.ContextHandler (ContextHandler.java:doStart(921)) - Started o.e.j.s.ServletContextHandler@63f8fded{static,/static,file:///home/runner/work/ozone/ozone/hadoop-hdds/container-service/target/classes/webapps/static,AVAILABLE}
2024-04-29 09:21:08,944 [main] INFO  handler.ContextHandler (ContextHandler.java:doStart(921)) - Started o.e.j.w.WebAppContext@1e92420f{hddsDatanode,/,file:///home/runner/work/ozone/ozone/hadoop-hdds/container-service/target/classes/webapps/hddsDatanode/,AVAILABLE}{file:/home/runner/work/ozone/ozone/hadoop-hdds/container-service/target/classes/webapps/hddsDatanode}
2024-04-29 09:21:08,944 [main] INFO  server.AbstractConnector (AbstractConnector.java:doStart(333)) - Started ServerConnector@7157b2d4{HTTP/1.1, (http/1.1)}{0.0.0.0:15276}
2024-04-29 09:21:08,945 [main] INFO  server.Server (Server.java:doStart(415)) - Started @113723ms
2024-04-29 09:21:08,945 [main] WARN  impl.MetricsSystemImpl (MetricsSystemImpl.java:register(279)) - Sink prometheus already exists!
2024-04-29 09:21:08,945 [main] INFO  http.BaseHttpServer (BaseHttpServer.java:updateConnectorAddress(354)) - HTTP server of hddsDatanode listening at http://0.0.0.0:15276
2024-04-29 09:21:08,945 [main] INFO  ipc.CallQueueManager (CallQueueManager.java:<init>(90)) - Using callQueue: class java.util.concurrent.LinkedBlockingQueue, queueCapacity: 100, scheduler: class org.apache.hadoop.ipc.DefaultRpcScheduler, ipcBackoff: false.
2024-04-29 09:21:08,946 [main] INFO  ipc.Server (Server.java:<init>(1287)) - Listener at 0.0.0.0:15277
2024-04-29 09:21:08,946 [Socket Reader #1 for port 15277] INFO  ipc.Server (Server.java:run(1323)) - Starting Socket Reader #1 for port 15277
2024-04-29 09:21:08,950 [main] INFO  ozone.HddsDatanodeService (HddsDatanodeService.java:start(327)) - Datanode start with admins: [runner]
2024-04-29 09:21:08,950 [main] INFO  ozone.HddsDatanodeClientProtocolServer (HddsDatanodeClientProtocolServer.java:start(77)) - RPC server for Client /0.0.0.0:15277
2024-04-29 09:21:08,951 [IPC Server Responder] INFO  ipc.Server (Server.java:run(1562)) - IPC Server Responder: starting
2024-04-29 09:21:08,953 [IPC Server listener on 15277] INFO  ipc.Server (Server.java:run(1402)) - IPC Server listener on 15277: starting
2024-04-29 09:21:08,953 [63ba3f95-8215-4442-8865-ad228f39fdb5-DatanodeStateMachineDaemonThread] INFO  statemachine.DatanodeStateMachine (DatanodeStateMachine.java:lambda$startDaemon$1(555)) - Ozone container server started.
2024-04-29 09:21:08,953 [main] WARN  dropwizard3.Dm3MetricRegistriesImpl (Dm3MetricRegistriesImpl.java:addReporterRegistration(113)) - New reporters are added after registries were created. Some metrics will be missing from the reporter. Please add reporter before adding any new registry.
2024-04-29 09:21:08,953 [main] WARN  dropwizard3.Dm3MetricRegistriesImpl (Dm3MetricRegistriesImpl.java:addReporterRegistration(113)) - New reporters are added after registries were created. Some metrics will be missing from the reporter. Please add reporter before adding any new registry.
2024-04-29 09:21:08,953 [main] INFO  impl.MetricsSystemImpl (MetricsSystemImpl.java:init(158)) - HddsDatanode metrics system started (again)
2024-04-29 09:21:08,960 [63ba3f95-8215-4442-8865-ad228f39fdb5-DatanodeStateMachineTaskThread-0] INFO  datanode.InitDatanodeState (InitDatanodeState.java:persistContainerDatanodeDetails(139)) - DatanodeDetails is persisted to /home/runner/work/ozone/ozone/hadoop-ozone/integration-test/target/test-dir/MiniOzoneClusterImpl-5c564e69-bd94-47d8-8ed3-49bff913e719/ozone-meta/datanode-1/meta/datanode.id
2024-04-29 09:21:08,962 [main] INFO  ozone.HddsDatanodeService (HddsDatanodeService.java:start(240)) - HddsDatanodeService host:fv-az771-493.rk3yhgbdfeeu5pdqztzaatlnyd.ex.internal.cloudapp.net ip:10.1.0.30
2024-04-29 09:21:08,981 [main] INFO  upgrade.AbstractLayoutVersionManager (AbstractLayoutVersionManager.java:init(83)) - Initializing Layout version manager with metadata layout = HADOOP_PRC_PORTS_IN_DATANODEDETAILS (version = 7), software layout = HADOOP_PRC_PORTS_IN_DATANODEDETAILS (version = 7)
2024-04-29 09:21:08,982 [main] INFO  statemachine.DatanodeStateMachine (DatanodeStateMachine.java:getEndPointTaskThreadPoolSize(299)) - Datanode State Machine Task Thread Pool size 2
2024-04-29 09:21:08,983 [main] INFO  volume.HddsVolume (HddsVolume.java:<init>(126)) - Creating HddsVolume: /home/runner/work/ozone/ozone/hadoop-ozone/integration-test/target/test-dir/MiniOzoneClusterImpl-5c564e69-bd94-47d8-8ed3-49bff913e719/ozone-meta/datanode-2/data-0/hdds of storage type : DISK capacity : 9223372036854775807
2024-04-29 09:21:08,983 [main] INFO  volume.MutableVolumeSet (MutableVolumeSet.java:initializeVolumeSet(173)) - Added Volume : /home/runner/work/ozone/ozone/hadoop-ozone/integration-test/target/test-dir/MiniOzoneClusterImpl-5c564e69-bd94-47d8-8ed3-49bff913e719/ozone-meta/datanode-2/data-0/hdds to VolumeSet
2024-04-29 09:21:08,984 [main] INFO  volume.MutableVolumeSet (MutableVolumeSet.java:initializeVolumeSet(173)) - Added Volume : /home/runner/work/ozone/ozone/hadoop-ozone/integration-test/target/test-dir/MiniOzoneClusterImpl-5c564e69-bd94-47d8-8ed3-49bff913e719/ozone-meta/datanode-2/ratis to VolumeSet
2024-04-29 09:21:08,984 [main] INFO  ozoneimpl.OzoneContainer (HddsVolumeUtil.java:loadAllHddsVolumeDbStore(103)) - Load 1 volumes DbStore cost: 0ms
2024-04-29 09:21:08,985 [main] INFO  server.RaftServer (ConfUtils.java:logGet(46)) - raft.rpc.type = GRPC (default)
2024-04-29 09:21:08,985 [main] INFO  grpc.GrpcConfigKeys (ConfUtils.java:logFallback(53)) - raft.grpc.admin.host = null (fallback to raft.grpc.server.host)
2024-04-29 09:21:08,986 [main] INFO  grpc.GrpcConfigKeys (ConfUtils.java:logGet(46)) - raft.grpc.admin.port = 15289 (custom)
2024-04-29 09:21:08,986 [main] INFO  grpc.GrpcConfigKeys (ConfUtils.java:logFallback(53)) - raft.grpc.client.host = null (fallback to raft.grpc.server.host)
2024-04-29 09:21:08,986 [main] INFO  grpc.GrpcConfigKeys (ConfUtils.java:logGet(46)) - raft.grpc.client.port = 15288 (custom)
2024-04-29 09:21:08,986 [main] INFO  grpc.GrpcConfigKeys (ConfUtils.java:logGet(46)) - raft.grpc.server.host = null (default)
2024-04-29 09:21:08,986 [main] INFO  grpc.GrpcConfigKeys (ConfUtils.java:logGet(46)) - raft.grpc.server.port = 15290 (custom)
2024-04-29 09:21:08,986 [main] INFO  server.GrpcService (ConfUtils.java:logGet(46)) - raft.grpc.message.size.max = 32MB (=33554432) (custom)
2024-04-29 09:21:08,986 [main] INFO  server.RaftServerConfigKeys (ConfUtils.java:logGet(46)) - raft.server.log.appender.buffer.byte-limit = 8388608 (custom)
2024-04-29 09:21:08,986 [main] INFO  server.GrpcService (ConfUtils.java:logGet(46)) - raft.grpc.flow.control.window = 5MB (=5242880) (custom)
2024-04-29 09:21:08,986 [main] INFO  server.RaftServerConfigKeys (ConfUtils.java:logGet(46)) - raft.server.rpc.request.timeout = 3000ms (default)
2024-04-29 09:21:08,986 [main] INFO  grpc.GrpcConfigKeys (ConfUtils.java:logGet(46)) - raft.grpc.server.heartbeat.channel = true (default)
2024-04-29 09:21:08,987 [main] INFO  grpc.GrpcConfigKeys (ConfUtils.java:logGet(46)) - raft.grpc.server.async.request.thread.pool.cached = true (default)
2024-04-29 09:21:08,987 [main] INFO  grpc.GrpcConfigKeys (ConfUtils.java:logGet(46)) - raft.grpc.server.async.request.thread.pool.size = 32 (default)
2024-04-29 09:21:08,988 [main] INFO  impl.DataStreamServerImpl (ConfUtils.java:logGet(46)) - raft.datastream.type = NETTY (custom)
2024-04-29 09:21:08,989 [main] INFO  server.RaftServerConfigKeys (ConfUtils.java:logGet(46)) - raft.server.data-stream.async.request.thread.pool.cached = false (default)
2024-04-29 09:21:08,989 [main] INFO  server.RaftServerConfigKeys (ConfUtils.java:logGet(46)) - raft.server.data-stream.async.request.thread.pool.size = 20 (custom)
2024-04-29 09:21:08,989 [main] INFO  server.RaftServerConfigKeys (ConfUtils.java:logGet(46)) - raft.server.data-stream.async.write.thread.pool.size = 16 (default)
2024-04-29 09:21:08,989 [main] INFO  netty.NettyConfigKeys$DataStream (ConfUtils.java:logGet(46)) - raft.netty.dataStream.server.channel.inactive.grace-period = 10min (default)
2024-04-29 09:21:08,989 [main] INFO  server.RaftServerConfigKeys (ConfUtils.java:logGet(46)) - raft.server.data-stream.client.pool.size = 10 (default)
2024-04-29 09:21:08,989 [main] INFO  netty.NettyConfigKeys$DataStream (ConfUtils.java:logGet(46)) - raft.netty.dataStream.server.use-epoll = true (default)
2024-04-29 09:21:08,989 [main] INFO  netty.NettyConfigKeys$DataStream (ConfUtils.java:logGet(46)) - raft.netty.dataStream.server.boss-group.size = 0 (default)
2024-04-29 09:21:08,989 [main] INFO  netty.NettyUtils (NettyUtils.java:newEventLoopGroup(69)) - Create EpollEventLoopGroup for 4dbb8968-e71c-4514-a0ad-0b4a968227bb-NettyServerStreamRpc-bossGroup; Thread size is 0.
2024-04-29 09:21:08,990 [main] INFO  netty.NettyConfigKeys$DataStream (ConfUtils.java:logGet(46)) - raft.netty.dataStream.server.worker-group.size = 0 (default)
2024-04-29 09:21:08,990 [main] INFO  netty.NettyUtils (NettyUtils.java:newEventLoopGroup(69)) - Create EpollEventLoopGroup for 4dbb8968-e71c-4514-a0ad-0b4a968227bb-NettyServerStreamRpc-workerGroup; Thread size is 0.
2024-04-29 09:21:08,990 [main] INFO  netty.NettyConfigKeys$DataStream (ConfUtils.java:logGet(46)) - raft.netty.dataStream.server.tls.conf = null (default)
2024-04-29 09:21:08,990 [main] INFO  netty.NettyConfigKeys$DataStream (ConfUtils.java:logGet(46)) - raft.netty.dataStream.host = null (default)
2024-04-29 09:21:08,990 [main] INFO  netty.NettyConfigKeys$DataStream (ConfUtils.java:logGet(46)) - raft.netty.dataStream.port = 15291 (custom)
2024-04-29 09:21:08,991 [main] INFO  server.RaftServerConfigKeys (ConfUtils.java:logGet(46)) - raft.server.sleep.deviation.threshold = 300ms (default)
2024-04-29 09:21:08,991 [main] INFO  server.RaftServerConfigKeys (ConfUtils.java:logGet(46)) - raft.server.close.threshold = 60s (default)
2024-04-29 09:21:08,991 [main] INFO  server.RaftServerConfigKeys (ConfUtils.java:logGet(46)) - raft.server.leaderelection.leader.step-down.wait-time = 10s (default)
2024-04-29 09:21:08,991 [4dbb8968-e71c-4514-a0ad-0b4a968227bb-NettyServerStreamRpc-bossGroup--thread1] INFO  logging.LoggingHandler (AbstractInternalLogger.java:log(148)) - [id: 0x96124226] REGISTERED
2024-04-29 09:21:08,991 [main] INFO  server.RaftServerConfigKeys (ConfUtils.java:logGet(46)) - raft.server.storage.dir = [/home/runner/work/ozone/ozone/hadoop-ozone/integration-test/target/test-dir/MiniOzoneClusterImpl-5c564e69-bd94-47d8-8ed3-49bff913e719/ozone-meta/datanode-2/ratis] (custom)
2024-04-29 09:21:08,991 [main] INFO  server.RaftServerConfigKeys (ConfUtils.java:logGet(46)) - raft.server.threadpool.proxy.cached = true (default)
2024-04-29 09:21:08,991 [4dbb8968-e71c-4514-a0ad-0b4a968227bb-NettyServerStreamRpc-bossGroup--thread1] INFO  logging.LoggingHandler (AbstractInternalLogger.java:log(148)) - [id: 0x96124226] BIND: 0.0.0.0/0.0.0.0:15291
2024-04-29 09:21:08,991 [main] INFO  server.RaftServerConfigKeys (ConfUtils.java:logGet(46)) - raft.server.threadpool.proxy.size = 0 (default)
2024-04-29 09:21:08,991 [4dbb8968-e71c-4514-a0ad-0b4a968227bb-NettyServerStreamRpc-bossGroup--thread1] INFO  logging.LoggingHandler (AbstractInternalLogger.java:log(148)) - [id: 0x96124226, L:/0.0.0.0:15291] ACTIVE
2024-04-29 09:21:08,992 [4dbb8968-e71c-4514-a0ad-0b4a968227bb-impl-thread1] INFO  server.RaftServer (RaftServerProxy.java:initGroupDir(264)) - 4dbb8968-e71c-4514-a0ad-0b4a968227bb: found a subdirectory /home/runner/work/ozone/ozone/hadoop-ozone/integration-test/target/test-dir/MiniOzoneClusterImpl-5c564e69-bd94-47d8-8ed3-49bff913e719/ozone-meta/datanode-2/ratis/tmp
2024-04-29 09:21:08,992 [4dbb8968-e71c-4514-a0ad-0b4a968227bb-impl-thread1] INFO  server.RaftServer (RaftServerProxy.java:initGroupDir(269)) - 4dbb8968-e71c-4514-a0ad-0b4a968227bb: The directory /home/runner/work/ozone/ozone/hadoop-ozone/integration-test/target/test-dir/MiniOzoneClusterImpl-5c564e69-bd94-47d8-8ed3-49bff913e719/ozone-meta/datanode-2/ratis/tmp is not a group directory; ignoring it. 
2024-04-29 09:21:08,992 [main] INFO  replication.ReplicationServer (ReplicationServer.java:<init>(86)) - Initializing replication server with thread count = 10 queue length = 4096
2024-04-29 09:21:08,993 [main] INFO  server.XceiverServerGrpc (XceiverServerGrpc.java:<init>(141)) - GrpcServer channel type EpollServerSocketChannel
2024-04-29 09:21:08,994 [main] INFO  replication.ReplicationSupervisor (ReplicationSupervisor.java:build(157)) - Initializing replication supervisor with thread count = 10
2024-04-29 09:21:08,994 [main] INFO  replication.ReplicationSupervisor (ReplicationSupervisor.java:nodeStateUpdated(312)) - Node state updated to IN_SERVICE, scaling executor pool size to 10
2024-04-29 09:21:08,996 [main] INFO  http.BaseHttpServer (BaseHttpServer.java:newHttpServer2BuilderForOzone(223)) - Starting Web-server for hddsDatanode at: http://0.0.0.0:15285
2024-04-29 09:21:08,996 [main] INFO  http.BaseHttpServer (BaseHttpServer.java:<init>(110)) - Hadoop Security Enabled: false Ozone Security Enabled: false Ozone HTTP Security Enabled: false 
2024-04-29 09:21:08,996 [main] WARN  server.AuthenticationFilter (AuthenticationFilter.java:constructSecretProvider(240)) - Unable to initialize FileSignerSecretProvider, falling back to use random secrets. Reason: Could not read signature secret file: /home/runner/hadoop-http-auth-signature-secret
2024-04-29 09:21:08,997 [main] INFO  http.HttpRequestLog (HttpRequestLog.java:getRequestLog(86)) - Http request log for http.requests.hddsDatanode is not defined
2024-04-29 09:21:08,998 [main] INFO  http.HttpServer2 (HttpServer2.java:addGlobalFilter(1036)) - Added global filter 'safety' (class=org.apache.hadoop.hdds.server.http.HttpServer2$QuotingInputFilter)
2024-04-29 09:21:08,998 [main] INFO  http.HttpServer2 (HttpServer2.java:addFilter(1012)) - Added filter static_user_filter (class=org.apache.hadoop.http.lib.StaticUserWebFilter$StaticUserFilter) to context hddsDatanode
2024-04-29 09:21:08,998 [main] INFO  http.HttpServer2 (HttpServer2.java:addFilter(1020)) - Added filter static_user_filter (class=org.apache.hadoop.http.lib.StaticUserWebFilter$StaticUserFilter) to context static
2024-04-29 09:21:08,998 [main] INFO  http.HttpServer2 (HttpServer2.java:addFilter(1020)) - Added filter static_user_filter (class=org.apache.hadoop.http.lib.StaticUserWebFilter$StaticUserFilter) to context logs
2024-04-29 09:21:08,999 [main] INFO  http.BaseHttpServer (BaseHttpServer.java:<init>(189)) - HTTP server of hddsDatanode uses base directory /home/runner/work/ozone/ozone/hadoop-ozone/integration-test/target/test-dir/MiniOzoneClusterImpl-5c564e69-bd94-47d8-8ed3-49bff913e719/ozone-meta/datanode-2/meta/webserver
2024-04-29 09:21:08,999 [main] INFO  http.HttpServer2 (HttpServer2.java:bindListener(1236)) - Jetty bound to port 15285
2024-04-29 09:21:08,999 [main] INFO  server.Server (Server.java:doStart(375)) - jetty-9.4.54.v20240208; built: 2024-02-08T19:42:39.027Z; git: cef3fbd6d736a21e7d541a5db490381d95a2047d; jvm 17.0.10+7
2024-04-29 09:21:09,000 [main] INFO  server.session (DefaultSessionIdManager.java:doStart(334)) - DefaultSessionIdManager workerName=node0
2024-04-29 09:21:09,000 [main] INFO  server.session (DefaultSessionIdManager.java:doStart(339)) - No SessionScavenger set, using defaults
2024-04-29 09:21:09,000 [main] INFO  server.session (HouseKeeper.java:startScavenging(132)) - node0 Scavenging every 660000ms
2024-04-29 09:21:09,000 [main] INFO  handler.ContextHandler (ContextHandler.java:doStart(921)) - Started o.e.j.s.ServletContextHandler@7bb0b7b4{logs,/logs,file:///home/runner/work/ozone/ozone/hadoop-ozone/integration-test/target/log,AVAILABLE}
2024-04-29 09:21:09,001 [main] INFO  handler.ContextHandler (ContextHandler.java:doStart(921)) - Started o.e.j.s.ServletContextHandler@1b15e7f6{static,/static,file:///home/runner/work/ozone/ozone/hadoop-hdds/container-service/target/classes/webapps/static,AVAILABLE}
2024-04-29 09:21:09,003 [main] INFO  handler.ContextHandler (ContextHandler.java:doStart(921)) - Started o.e.j.w.WebAppContext@2d532099{hddsDatanode,/,file:///home/runner/work/ozone/ozone/hadoop-hdds/container-service/target/classes/webapps/hddsDatanode/,AVAILABLE}{file:/home/runner/work/ozone/ozone/hadoop-hdds/container-service/target/classes/webapps/hddsDatanode}
2024-04-29 09:21:09,004 [main] INFO  server.AbstractConnector (AbstractConnector.java:doStart(333)) - Started ServerConnector@3c31169f{HTTP/1.1, (http/1.1)}{0.0.0.0:15285}
2024-04-29 09:21:09,004 [main] INFO  server.Server (Server.java:doStart(415)) - Started @113783ms
2024-04-29 09:21:09,004 [main] WARN  impl.MetricsSystemImpl (MetricsSystemImpl.java:register(279)) - Sink prometheus already exists!
2024-04-29 09:21:09,004 [main] INFO  http.BaseHttpServer (BaseHttpServer.java:updateConnectorAddress(354)) - HTTP server of hddsDatanode listening at http://0.0.0.0:15285
2024-04-29 09:21:09,005 [main] INFO  ipc.CallQueueManager (CallQueueManager.java:<init>(90)) - Using callQueue: class java.util.concurrent.LinkedBlockingQueue, queueCapacity: 100, scheduler: class org.apache.hadoop.ipc.DefaultRpcScheduler, ipcBackoff: false.
2024-04-29 09:21:09,005 [main] INFO  ipc.Server (Server.java:<init>(1287)) - Listener at 0.0.0.0:15286
2024-04-29 09:21:09,005 [Socket Reader #1 for port 15286] INFO  ipc.Server (Server.java:run(1323)) - Starting Socket Reader #1 for port 15286
2024-04-29 09:21:09,006 [main] INFO  ozone.HddsDatanodeService (HddsDatanodeService.java:start(327)) - Datanode start with admins: [runner]
2024-04-29 09:21:09,006 [main] INFO  ozone.HddsDatanodeClientProtocolServer (HddsDatanodeClientProtocolServer.java:start(77)) - RPC server for Client /0.0.0.0:15286
2024-04-29 09:21:09,006 [IPC Server Responder] INFO  ipc.Server (Server.java:run(1562)) - IPC Server Responder: starting
2024-04-29 09:21:09,006 [IPC Server listener on 15286] INFO  ipc.Server (Server.java:run(1402)) - IPC Server listener on 15286: starting
2024-04-29 09:21:09,007 [4dbb8968-e71c-4514-a0ad-0b4a968227bb-DatanodeStateMachineDaemonThread] INFO  statemachine.DatanodeStateMachine (DatanodeStateMachine.java:lambda$startDaemon$1(555)) - Ozone container server started.
2024-04-29 09:21:09,007 [main] WARN  dropwizard3.Dm3MetricRegistriesImpl (Dm3MetricRegistriesImpl.java:addReporterRegistration(113)) - New reporters are added after registries were created. Some metrics will be missing from the reporter. Please add reporter before adding any new registry.
2024-04-29 09:21:09,007 [main] WARN  dropwizard3.Dm3MetricRegistriesImpl (Dm3MetricRegistriesImpl.java:addReporterRegistration(113)) - New reporters are added after registries were created. Some metrics will be missing from the reporter. Please add reporter before adding any new registry.
2024-04-29 09:21:09,007 [main] INFO  impl.MetricsSystemImpl (MetricsSystemImpl.java:init(158)) - HddsDatanode metrics system started (again)
2024-04-29 09:21:09,008 [4dbb8968-e71c-4514-a0ad-0b4a968227bb-DatanodeStateMachineTaskThread-0] INFO  datanode.InitDatanodeState (InitDatanodeState.java:persistContainerDatanodeDetails(139)) - DatanodeDetails is persisted to /home/runner/work/ozone/ozone/hadoop-ozone/integration-test/target/test-dir/MiniOzoneClusterImpl-5c564e69-bd94-47d8-8ed3-49bff913e719/ozone-meta/datanode-2/meta/datanode.id
2024-04-29 09:21:09,015 [main] INFO  ozone.HddsDatanodeService (HddsDatanodeService.java:start(240)) - HddsDatanodeService host:fv-az771-493.rk3yhgbdfeeu5pdqztzaatlnyd.ex.internal.cloudapp.net ip:10.1.0.30
2024-04-29 09:21:09,029 [main] INFO  upgrade.AbstractLayoutVersionManager (AbstractLayoutVersionManager.java:init(83)) - Initializing Layout version manager with metadata layout = HADOOP_PRC_PORTS_IN_DATANODEDETAILS (version = 7), software layout = HADOOP_PRC_PORTS_IN_DATANODEDETAILS (version = 7)
2024-04-29 09:21:09,030 [main] INFO  statemachine.DatanodeStateMachine (DatanodeStateMachine.java:getEndPointTaskThreadPoolSize(299)) - Datanode State Machine Task Thread Pool size 2
2024-04-29 09:21:09,031 [main] INFO  volume.HddsVolume (HddsVolume.java:<init>(126)) - Creating HddsVolume: /home/runner/work/ozone/ozone/hadoop-ozone/integration-test/target/test-dir/MiniOzoneClusterImpl-5c564e69-bd94-47d8-8ed3-49bff913e719/ozone-meta/datanode-3/data-0/hdds of storage type : DISK capacity : 9223372036854775807
2024-04-29 09:21:09,031 [main] INFO  volume.MutableVolumeSet (MutableVolumeSet.java:initializeVolumeSet(173)) - Added Volume : /home/runner/work/ozone/ozone/hadoop-ozone/integration-test/target/test-dir/MiniOzoneClusterImpl-5c564e69-bd94-47d8-8ed3-49bff913e719/ozone-meta/datanode-3/data-0/hdds to VolumeSet
2024-04-29 09:21:09,031 [main] INFO  volume.MutableVolumeSet (MutableVolumeSet.java:initializeVolumeSet(173)) - Added Volume : /home/runner/work/ozone/ozone/hadoop-ozone/integration-test/target/test-dir/MiniOzoneClusterImpl-5c564e69-bd94-47d8-8ed3-49bff913e719/ozone-meta/datanode-3/ratis to VolumeSet
2024-04-29 09:21:09,032 [main] INFO  ozoneimpl.OzoneContainer (HddsVolumeUtil.java:loadAllHddsVolumeDbStore(103)) - Load 1 volumes DbStore cost: 1ms
2024-04-29 09:21:09,033 [main] INFO  server.RaftServer (ConfUtils.java:logGet(46)) - raft.rpc.type = GRPC (default)
2024-04-29 09:21:09,033 [main] INFO  grpc.GrpcConfigKeys (ConfUtils.java:logFallback(53)) - raft.grpc.admin.host = null (fallback to raft.grpc.server.host)
2024-04-29 09:21:09,034 [main] INFO  grpc.GrpcConfigKeys (ConfUtils.java:logGet(46)) - raft.grpc.admin.port = 15298 (custom)
2024-04-29 09:21:09,034 [main] INFO  grpc.GrpcConfigKeys (ConfUtils.java:logFallback(53)) - raft.grpc.client.host = null (fallback to raft.grpc.server.host)
2024-04-29 09:21:09,034 [main] INFO  grpc.GrpcConfigKeys (ConfUtils.java:logGet(46)) - raft.grpc.client.port = 15297 (custom)
2024-04-29 09:21:09,034 [main] INFO  grpc.GrpcConfigKeys (ConfUtils.java:logGet(46)) - raft.grpc.server.host = null (default)
2024-04-29 09:21:09,034 [main] INFO  grpc.GrpcConfigKeys (ConfUtils.java:logGet(46)) - raft.grpc.server.port = 15299 (custom)
2024-04-29 09:21:09,034 [main] INFO  server.GrpcService (ConfUtils.java:logGet(46)) - raft.grpc.message.size.max = 32MB (=33554432) (custom)
2024-04-29 09:21:09,034 [main] INFO  server.RaftServerConfigKeys (ConfUtils.java:logGet(46)) - raft.server.log.appender.buffer.byte-limit = 8388608 (custom)
2024-04-29 09:21:09,034 [main] INFO  server.GrpcService (ConfUtils.java:logGet(46)) - raft.grpc.flow.control.window = 5MB (=5242880) (custom)
2024-04-29 09:21:09,034 [main] INFO  server.RaftServerConfigKeys (ConfUtils.java:logGet(46)) - raft.server.rpc.request.timeout = 3000ms (default)
2024-04-29 09:21:09,034 [main] INFO  grpc.GrpcConfigKeys (ConfUtils.java:logGet(46)) - raft.grpc.server.heartbeat.channel = true (default)
2024-04-29 09:21:09,034 [main] INFO  grpc.GrpcConfigKeys (ConfUtils.java:logGet(46)) - raft.grpc.server.async.request.thread.pool.cached = true (default)
2024-04-29 09:21:09,035 [main] INFO  grpc.GrpcConfigKeys (ConfUtils.java:logGet(46)) - raft.grpc.server.async.request.thread.pool.size = 32 (default)
2024-04-29 09:21:09,036 [main] INFO  impl.DataStreamServerImpl (ConfUtils.java:logGet(46)) - raft.datastream.type = NETTY (custom)
2024-04-29 09:21:09,036 [main] INFO  server.RaftServerConfigKeys (ConfUtils.java:logGet(46)) - raft.server.data-stream.async.request.thread.pool.cached = false (default)
2024-04-29 09:21:09,036 [main] INFO  server.RaftServerConfigKeys (ConfUtils.java:logGet(46)) - raft.server.data-stream.async.request.thread.pool.size = 20 (custom)
2024-04-29 09:21:09,036 [main] INFO  server.RaftServerConfigKeys (ConfUtils.java:logGet(46)) - raft.server.data-stream.async.write.thread.pool.size = 16 (default)
2024-04-29 09:21:09,036 [main] INFO  netty.NettyConfigKeys$DataStream (ConfUtils.java:logGet(46)) - raft.netty.dataStream.server.channel.inactive.grace-period = 10min (default)
2024-04-29 09:21:09,037 [main] INFO  server.RaftServerConfigKeys (ConfUtils.java:logGet(46)) - raft.server.data-stream.client.pool.size = 10 (default)
2024-04-29 09:21:09,037 [main] INFO  netty.NettyConfigKeys$DataStream (ConfUtils.java:logGet(46)) - raft.netty.dataStream.server.use-epoll = true (default)
2024-04-29 09:21:09,037 [main] INFO  netty.NettyConfigKeys$DataStream (ConfUtils.java:logGet(46)) - raft.netty.dataStream.server.boss-group.size = 0 (default)
2024-04-29 09:21:09,037 [main] INFO  netty.NettyUtils (NettyUtils.java:newEventLoopGroup(69)) - Create EpollEventLoopGroup for 49450a51-652a-4dd9-a6c4-30eab7eea83e-NettyServerStreamRpc-bossGroup; Thread size is 0.
2024-04-29 09:21:09,037 [main] INFO  netty.NettyConfigKeys$DataStream (ConfUtils.java:logGet(46)) - raft.netty.dataStream.server.worker-group.size = 0 (default)
2024-04-29 09:21:09,037 [main] INFO  netty.NettyUtils (NettyUtils.java:newEventLoopGroup(69)) - Create EpollEventLoopGroup for 49450a51-652a-4dd9-a6c4-30eab7eea83e-NettyServerStreamRpc-workerGroup; Thread size is 0.
2024-04-29 09:21:09,038 [main] INFO  netty.NettyConfigKeys$DataStream (ConfUtils.java:logGet(46)) - raft.netty.dataStream.server.tls.conf = null (default)
2024-04-29 09:21:09,038 [main] INFO  netty.NettyConfigKeys$DataStream (ConfUtils.java:logGet(46)) - raft.netty.dataStream.host = null (default)
2024-04-29 09:21:09,038 [main] INFO  netty.NettyConfigKeys$DataStream (ConfUtils.java:logGet(46)) - raft.netty.dataStream.port = 15300 (custom)
2024-04-29 09:21:09,038 [main] INFO  server.RaftServerConfigKeys (ConfUtils.java:logGet(46)) - raft.server.sleep.deviation.threshold = 300ms (default)
2024-04-29 09:21:09,038 [main] INFO  server.RaftServerConfigKeys (ConfUtils.java:logGet(46)) - raft.server.close.threshold = 60s (default)
2024-04-29 09:21:09,038 [main] INFO  server.RaftServerConfigKeys (ConfUtils.java:logGet(46)) - raft.server.leaderelection.leader.step-down.wait-time = 10s (default)
2024-04-29 09:21:09,038 [main] INFO  server.RaftServerConfigKeys (ConfUtils.java:logGet(46)) - raft.server.storage.dir = [/home/runner/work/ozone/ozone/hadoop-ozone/integration-test/target/test-dir/MiniOzoneClusterImpl-5c564e69-bd94-47d8-8ed3-49bff913e719/ozone-meta/datanode-3/ratis] (custom)
2024-04-29 09:21:09,039 [main] INFO  server.RaftServerConfigKeys (ConfUtils.java:logGet(46)) - raft.server.threadpool.proxy.cached = true (default)
2024-04-29 09:21:09,039 [main] INFO  server.RaftServerConfigKeys (ConfUtils.java:logGet(46)) - raft.server.threadpool.proxy.size = 0 (default)
2024-04-29 09:21:09,039 [49450a51-652a-4dd9-a6c4-30eab7eea83e-NettyServerStreamRpc-bossGroup--thread1] INFO  logging.LoggingHandler (AbstractInternalLogger.java:log(148)) - [id: 0x534b8783] REGISTERED
2024-04-29 09:21:09,039 [49450a51-652a-4dd9-a6c4-30eab7eea83e-NettyServerStreamRpc-bossGroup--thread1] INFO  logging.LoggingHandler (AbstractInternalLogger.java:log(148)) - [id: 0x534b8783] BIND: 0.0.0.0/0.0.0.0:15300
2024-04-29 09:21:09,039 [49450a51-652a-4dd9-a6c4-30eab7eea83e-impl-thread1] INFO  server.RaftServer (RaftServerProxy.java:initGroupDir(264)) - 49450a51-652a-4dd9-a6c4-30eab7eea83e: found a subdirectory /home/runner/work/ozone/ozone/hadoop-ozone/integration-test/target/test-dir/MiniOzoneClusterImpl-5c564e69-bd94-47d8-8ed3-49bff913e719/ozone-meta/datanode-3/ratis/tmp
2024-04-29 09:21:09,039 [49450a51-652a-4dd9-a6c4-30eab7eea83e-impl-thread1] INFO  server.RaftServer (RaftServerProxy.java:initGroupDir(269)) - 49450a51-652a-4dd9-a6c4-30eab7eea83e: The directory /home/runner/work/ozone/ozone/hadoop-ozone/integration-test/target/test-dir/MiniOzoneClusterImpl-5c564e69-bd94-47d8-8ed3-49bff913e719/ozone-meta/datanode-3/ratis/tmp is not a group directory; ignoring it. 
2024-04-29 09:21:09,039 [main] INFO  replication.ReplicationServer (ReplicationServer.java:<init>(86)) - Initializing replication server with thread count = 10 queue length = 4096
2024-04-29 09:21:09,040 [main] INFO  server.XceiverServerGrpc (XceiverServerGrpc.java:<init>(141)) - GrpcServer channel type EpollServerSocketChannel
2024-04-29 09:21:09,041 [main] INFO  replication.ReplicationSupervisor (ReplicationSupervisor.java:build(157)) - Initializing replication supervisor with thread count = 10
2024-04-29 09:21:09,041 [main] INFO  replication.ReplicationSupervisor (ReplicationSupervisor.java:nodeStateUpdated(312)) - Node state updated to IN_SERVICE, scaling executor pool size to 10
2024-04-29 09:21:09,039 [49450a51-652a-4dd9-a6c4-30eab7eea83e-NettyServerStreamRpc-bossGroup--thread1] INFO  logging.LoggingHandler (AbstractInternalLogger.java:log(148)) - [id: 0x534b8783, L:/0.0.0.0:15300] ACTIVE
2024-04-29 09:21:09,042 [main] INFO  http.BaseHttpServer (BaseHttpServer.java:newHttpServer2BuilderForOzone(223)) - Starting Web-server for hddsDatanode at: http://0.0.0.0:15294
2024-04-29 09:21:09,042 [main] INFO  http.BaseHttpServer (BaseHttpServer.java:<init>(110)) - Hadoop Security Enabled: false Ozone Security Enabled: false Ozone HTTP Security Enabled: false 
2024-04-29 09:21:09,043 [main] WARN  server.AuthenticationFilter (AuthenticationFilter.java:constructSecretProvider(240)) - Unable to initialize FileSignerSecretProvider, falling back to use random secrets. Reason: Could not read signature secret file: /home/runner/hadoop-http-auth-signature-secret
2024-04-29 09:21:09,044 [main] INFO  http.HttpRequestLog (HttpRequestLog.java:getRequestLog(86)) - Http request log for http.requests.hddsDatanode is not defined
2024-04-29 09:21:09,044 [main] INFO  http.HttpServer2 (HttpServer2.java:addGlobalFilter(1036)) - Added global filter 'safety' (class=org.apache.hadoop.hdds.server.http.HttpServer2$QuotingInputFilter)
2024-04-29 09:21:09,045 [main] INFO  http.HttpServer2 (HttpServer2.java:addFilter(1012)) - Added filter static_user_filter (class=org.apache.hadoop.http.lib.StaticUserWebFilter$StaticUserFilter) to context hddsDatanode
2024-04-29 09:21:09,045 [main] INFO  http.HttpServer2 (HttpServer2.java:addFilter(1020)) - Added filter static_user_filter (class=org.apache.hadoop.http.lib.StaticUserWebFilter$StaticUserFilter) to context logs
2024-04-29 09:21:09,045 [main] INFO  http.HttpServer2 (HttpServer2.java:addFilter(1020)) - Added filter static_user_filter (class=org.apache.hadoop.http.lib.StaticUserWebFilter$StaticUserFilter) to context static
2024-04-29 09:21:09,045 [main] INFO  http.BaseHttpServer (BaseHttpServer.java:<init>(189)) - HTTP server of hddsDatanode uses base directory /home/runner/work/ozone/ozone/hadoop-ozone/integration-test/target/test-dir/MiniOzoneClusterImpl-5c564e69-bd94-47d8-8ed3-49bff913e719/ozone-meta/datanode-3/meta/webserver
2024-04-29 09:21:09,045 [main] INFO  http.HttpServer2 (HttpServer2.java:bindListener(1236)) - Jetty bound to port 15294
2024-04-29 09:21:09,045 [main] INFO  server.Server (Server.java:doStart(375)) - jetty-9.4.54.v20240208; built: 2024-02-08T19:42:39.027Z; git: cef3fbd6d736a21e7d541a5db490381d95a2047d; jvm 17.0.10+7
2024-04-29 09:21:09,046 [main] INFO  server.session (DefaultSessionIdManager.java:doStart(334)) - DefaultSessionIdManager workerName=node0
2024-04-29 09:21:09,046 [main] INFO  server.session (DefaultSessionIdManager.java:doStart(339)) - No SessionScavenger set, using defaults
2024-04-29 09:21:09,046 [main] INFO  server.session (HouseKeeper.java:startScavenging(132)) - node0 Scavenging every 660000ms
2024-04-29 09:21:09,047 [main] INFO  handler.ContextHandler (ContextHandler.java:doStart(921)) - Started o.e.j.s.ServletContextHandler@3f5353ab{logs,/logs,file:///home/runner/work/ozone/ozone/hadoop-ozone/integration-test/target/log,AVAILABLE}
2024-04-29 09:21:09,048 [main] INFO  handler.ContextHandler (ContextHandler.java:doStart(921)) - Started o.e.j.s.ServletContextHandler@637a43b{static,/static,file:///home/runner/work/ozone/ozone/hadoop-hdds/container-service/target/classes/webapps/static,AVAILABLE}
2024-04-29 09:21:09,051 [main] INFO  handler.ContextHandler (ContextHandler.java:doStart(921)) - Started o.e.j.w.WebAppContext@281c1f99{hddsDatanode,/,file:///home/runner/work/ozone/ozone/hadoop-hdds/container-service/target/classes/webapps/hddsDatanode/,AVAILABLE}{file:/home/runner/work/ozone/ozone/hadoop-hdds/container-service/target/classes/webapps/hddsDatanode}
2024-04-29 09:21:09,051 [main] INFO  server.AbstractConnector (AbstractConnector.java:doStart(333)) - Started ServerConnector@4e9b4e98{HTTP/1.1, (http/1.1)}{0.0.0.0:15294}
2024-04-29 09:21:09,051 [main] INFO  server.Server (Server.java:doStart(415)) - Started @113830ms
2024-04-29 09:21:09,052 [main] WARN  impl.MetricsSystemImpl (MetricsSystemImpl.java:register(279)) - Sink prometheus already exists!
2024-04-29 09:21:09,052 [main] INFO  http.BaseHttpServer (BaseHttpServer.java:updateConnectorAddress(354)) - HTTP server of hddsDatanode listening at http://0.0.0.0:15294
2024-04-29 09:21:09,052 [main] INFO  ipc.CallQueueManager (CallQueueManager.java:<init>(90)) - Using callQueue: class java.util.concurrent.LinkedBlockingQueue, queueCapacity: 100, scheduler: class org.apache.hadoop.ipc.DefaultRpcScheduler, ipcBackoff: false.
2024-04-29 09:21:09,052 [main] INFO  ipc.Server (Server.java:<init>(1287)) - Listener at 0.0.0.0:15295
2024-04-29 09:21:09,053 [Socket Reader #1 for port 15295] INFO  ipc.Server (Server.java:run(1323)) - Starting Socket Reader #1 for port 15295
2024-04-29 09:21:09,053 [main] INFO  ozone.HddsDatanodeService (HddsDatanodeService.java:start(327)) - Datanode start with admins: [runner]
2024-04-29 09:21:09,054 [main] INFO  ozone.HddsDatanodeClientProtocolServer (HddsDatanodeClientProtocolServer.java:start(77)) - RPC server for Client /0.0.0.0:15295
2024-04-29 09:21:09,054 [IPC Server Responder] INFO  ipc.Server (Server.java:run(1562)) - IPC Server Responder: starting
2024-04-29 09:21:09,054 [IPC Server listener on 15295] INFO  ipc.Server (Server.java:run(1402)) - IPC Server listener on 15295: starting
2024-04-29 09:21:09,054 [49450a51-652a-4dd9-a6c4-30eab7eea83e-DatanodeStateMachineDaemonThread] INFO  statemachine.DatanodeStateMachine (DatanodeStateMachine.java:lambda$startDaemon$1(555)) - Ozone container server started.
2024-04-29 09:21:09,054 [main] WARN  dropwizard3.Dm3MetricRegistriesImpl (Dm3MetricRegistriesImpl.java:addReporterRegistration(113)) - New reporters are added after registries were created. Some metrics will be missing from the reporter. Please add reporter before adding any new registry.
2024-04-29 09:21:09,054 [main] WARN  dropwizard3.Dm3MetricRegistriesImpl (Dm3MetricRegistriesImpl.java:addReporterRegistration(113)) - New reporters are added after registries were created. Some metrics will be missing from the reporter. Please add reporter before adding any new registry.
2024-04-29 09:21:09,054 [main] INFO  impl.MetricsSystemImpl (MetricsSystemImpl.java:init(158)) - HddsDatanode metrics system started (again)
2024-04-29 09:21:09,058 [49450a51-652a-4dd9-a6c4-30eab7eea83e-DatanodeStateMachineTaskThread-0] INFO  datanode.InitDatanodeState (InitDatanodeState.java:persistContainerDatanodeDetails(139)) - DatanodeDetails is persisted to /home/runner/work/ozone/ozone/hadoop-ozone/integration-test/target/test-dir/MiniOzoneClusterImpl-5c564e69-bd94-47d8-8ed3-49bff913e719/ozone-meta/datanode-3/meta/datanode.id
2024-04-29 09:21:09,065 [main] INFO  ozone.HddsDatanodeService (HddsDatanodeService.java:start(240)) - HddsDatanodeService host:fv-az771-493.rk3yhgbdfeeu5pdqztzaatlnyd.ex.internal.cloudapp.net ip:10.1.0.30
2024-04-29 09:21:09,080 [main] INFO  upgrade.AbstractLayoutVersionManager (AbstractLayoutVersionManager.java:init(83)) - Initializing Layout version manager with metadata layout = HADOOP_PRC_PORTS_IN_DATANODEDETAILS (version = 7), software layout = HADOOP_PRC_PORTS_IN_DATANODEDETAILS (version = 7)
2024-04-29 09:21:09,081 [main] INFO  statemachine.DatanodeStateMachine (DatanodeStateMachine.java:getEndPointTaskThreadPoolSize(299)) - Datanode State Machine Task Thread Pool size 2
2024-04-29 09:21:09,082 [main] INFO  volume.HddsVolume (HddsVolume.java:<init>(126)) - Creating HddsVolume: /home/runner/work/ozone/ozone/hadoop-ozone/integration-test/target/test-dir/MiniOzoneClusterImpl-5c564e69-bd94-47d8-8ed3-49bff913e719/ozone-meta/datanode-4/data-0/hdds of storage type : DISK capacity : 9223372036854775807
2024-04-29 09:21:09,082 [main] INFO  volume.MutableVolumeSet (MutableVolumeSet.java:initializeVolumeSet(173)) - Added Volume : /home/runner/work/ozone/ozone/hadoop-ozone/integration-test/target/test-dir/MiniOzoneClusterImpl-5c564e69-bd94-47d8-8ed3-49bff913e719/ozone-meta/datanode-4/data-0/hdds to VolumeSet
2024-04-29 09:21:09,082 [main] INFO  volume.MutableVolumeSet (MutableVolumeSet.java:initializeVolumeSet(173)) - Added Volume : /home/runner/work/ozone/ozone/hadoop-ozone/integration-test/target/test-dir/MiniOzoneClusterImpl-5c564e69-bd94-47d8-8ed3-49bff913e719/ozone-meta/datanode-4/ratis to VolumeSet
2024-04-29 09:21:09,083 [main] INFO  ozoneimpl.OzoneContainer (HddsVolumeUtil.java:loadAllHddsVolumeDbStore(103)) - Load 1 volumes DbStore cost: 1ms
2024-04-29 09:21:09,084 [main] INFO  server.RaftServer (ConfUtils.java:logGet(46)) - raft.rpc.type = GRPC (default)
2024-04-29 09:21:09,084 [main] INFO  grpc.GrpcConfigKeys (ConfUtils.java:logFallback(53)) - raft.grpc.admin.host = null (fallback to raft.grpc.server.host)
2024-04-29 09:21:09,084 [main] INFO  grpc.GrpcConfigKeys (ConfUtils.java:logGet(46)) - raft.grpc.admin.port = 15307 (custom)
2024-04-29 09:21:09,084 [main] INFO  grpc.GrpcConfigKeys (ConfUtils.java:logFallback(53)) - raft.grpc.client.host = null (fallback to raft.grpc.server.host)
2024-04-29 09:21:09,084 [main] INFO  grpc.GrpcConfigKeys (ConfUtils.java:logGet(46)) - raft.grpc.client.port = 15306 (custom)
2024-04-29 09:21:09,084 [main] INFO  grpc.GrpcConfigKeys (ConfUtils.java:logGet(46)) - raft.grpc.server.host = null (default)
2024-04-29 09:21:09,085 [main] INFO  grpc.GrpcConfigKeys (ConfUtils.java:logGet(46)) - raft.grpc.server.port = 15308 (custom)
2024-04-29 09:21:09,085 [main] INFO  server.GrpcService (ConfUtils.java:logGet(46)) - raft.grpc.message.size.max = 32MB (=33554432) (custom)
2024-04-29 09:21:09,085 [main] INFO  server.RaftServerConfigKeys (ConfUtils.java:logGet(46)) - raft.server.log.appender.buffer.byte-limit = 8388608 (custom)
2024-04-29 09:21:09,085 [main] INFO  server.GrpcService (ConfUtils.java:logGet(46)) - raft.grpc.flow.control.window = 5MB (=5242880) (custom)
2024-04-29 09:21:09,085 [main] INFO  server.RaftServerConfigKeys (ConfUtils.java:logGet(46)) - raft.server.rpc.request.timeout = 3000ms (default)
2024-04-29 09:21:09,085 [main] INFO  grpc.GrpcConfigKeys (ConfUtils.java:logGet(46)) - raft.grpc.server.heartbeat.channel = true (default)
2024-04-29 09:21:09,085 [main] INFO  grpc.GrpcConfigKeys (ConfUtils.java:logGet(46)) - raft.grpc.server.async.request.thread.pool.cached = true (default)
2024-04-29 09:21:09,085 [main] INFO  grpc.GrpcConfigKeys (ConfUtils.java:logGet(46)) - raft.grpc.server.async.request.thread.pool.size = 32 (default)
2024-04-29 09:21:09,087 [main] INFO  impl.DataStreamServerImpl (ConfUtils.java:logGet(46)) - raft.datastream.type = NETTY (custom)
2024-04-29 09:21:09,087 [main] INFO  server.RaftServerConfigKeys (ConfUtils.java:logGet(46)) - raft.server.data-stream.async.request.thread.pool.cached = false (default)
2024-04-29 09:21:09,087 [main] INFO  server.RaftServerConfigKeys (ConfUtils.java:logGet(46)) - raft.server.data-stream.async.request.thread.pool.size = 20 (custom)
2024-04-29 09:21:09,087 [main] INFO  server.RaftServerConfigKeys (ConfUtils.java:logGet(46)) - raft.server.data-stream.async.write.thread.pool.size = 16 (default)
2024-04-29 09:21:09,087 [main] INFO  netty.NettyConfigKeys$DataStream (ConfUtils.java:logGet(46)) - raft.netty.dataStream.server.channel.inactive.grace-period = 10min (default)
2024-04-29 09:21:09,087 [main] INFO  server.RaftServerConfigKeys (ConfUtils.java:logGet(46)) - raft.server.data-stream.client.pool.size = 10 (default)
2024-04-29 09:21:09,087 [main] INFO  netty.NettyConfigKeys$DataStream (ConfUtils.java:logGet(46)) - raft.netty.dataStream.server.use-epoll = true (default)
2024-04-29 09:21:09,087 [main] INFO  netty.NettyConfigKeys$DataStream (ConfUtils.java:logGet(46)) - raft.netty.dataStream.server.boss-group.size = 0 (default)
2024-04-29 09:21:09,087 [main] INFO  netty.NettyUtils (NettyUtils.java:newEventLoopGroup(69)) - Create EpollEventLoopGroup for 30e50e12-6d1d-42d4-8c2e-250820f84ec0-NettyServerStreamRpc-bossGroup; Thread size is 0.
2024-04-29 09:21:09,088 [main] INFO  netty.NettyConfigKeys$DataStream (ConfUtils.java:logGet(46)) - raft.netty.dataStream.server.worker-group.size = 0 (default)
2024-04-29 09:21:09,088 [main] INFO  netty.NettyUtils (NettyUtils.java:newEventLoopGroup(69)) - Create EpollEventLoopGroup for 30e50e12-6d1d-42d4-8c2e-250820f84ec0-NettyServerStreamRpc-workerGroup; Thread size is 0.
2024-04-29 09:21:09,088 [main] INFO  netty.NettyConfigKeys$DataStream (ConfUtils.java:logGet(46)) - raft.netty.dataStream.server.tls.conf = null (default)
2024-04-29 09:21:09,088 [main] INFO  netty.NettyConfigKeys$DataStream (ConfUtils.java:logGet(46)) - raft.netty.dataStream.host = null (default)
2024-04-29 09:21:09,088 [main] INFO  netty.NettyConfigKeys$DataStream (ConfUtils.java:logGet(46)) - raft.netty.dataStream.port = 15309 (custom)
2024-04-29 09:21:09,088 [main] INFO  server.RaftServerConfigKeys (ConfUtils.java:logGet(46)) - raft.server.sleep.deviation.threshold = 300ms (default)
2024-04-29 09:21:09,089 [main] INFO  server.RaftServerConfigKeys (ConfUtils.java:logGet(46)) - raft.server.close.threshold = 60s (default)
2024-04-29 09:21:09,089 [main] INFO  server.RaftServerConfigKeys (ConfUtils.java:logGet(46)) - raft.server.leaderelection.leader.step-down.wait-time = 10s (default)
2024-04-29 09:21:09,089 [30e50e12-6d1d-42d4-8c2e-250820f84ec0-NettyServerStreamRpc-bossGroup--thread1] INFO  logging.LoggingHandler (AbstractInternalLogger.java:log(148)) - [id: 0x1adc31f8] REGISTERED
2024-04-29 09:21:09,089 [main] INFO  server.RaftServerConfigKeys (ConfUtils.java:logGet(46)) - raft.server.storage.dir = [/home/runner/work/ozone/ozone/hadoop-ozone/integration-test/target/test-dir/MiniOzoneClusterImpl-5c564e69-bd94-47d8-8ed3-49bff913e719/ozone-meta/datanode-4/ratis] (custom)
2024-04-29 09:21:09,089 [30e50e12-6d1d-42d4-8c2e-250820f84ec0-NettyServerStreamRpc-bossGroup--thread1] INFO  logging.LoggingHandler (AbstractInternalLogger.java:log(148)) - [id: 0x1adc31f8] BIND: 0.0.0.0/0.0.0.0:15309
2024-04-29 09:21:09,089 [main] INFO  server.RaftServerConfigKeys (ConfUtils.java:logGet(46)) - raft.server.threadpool.proxy.cached = true (default)
2024-04-29 09:21:09,089 [30e50e12-6d1d-42d4-8c2e-250820f84ec0-NettyServerStreamRpc-bossGroup--thread1] INFO  logging.LoggingHandler (AbstractInternalLogger.java:log(148)) - [id: 0x1adc31f8, L:/0.0.0.0:15309] ACTIVE
2024-04-29 09:21:09,089 [main] INFO  server.RaftServerConfigKeys (ConfUtils.java:logGet(46)) - raft.server.threadpool.proxy.size = 0 (default)
2024-04-29 09:21:09,090 [30e50e12-6d1d-42d4-8c2e-250820f84ec0-impl-thread1] INFO  server.RaftServer (RaftServerProxy.java:initGroupDir(264)) - 30e50e12-6d1d-42d4-8c2e-250820f84ec0: found a subdirectory /home/runner/work/ozone/ozone/hadoop-ozone/integration-test/target/test-dir/MiniOzoneClusterImpl-5c564e69-bd94-47d8-8ed3-49bff913e719/ozone-meta/datanode-4/ratis/tmp
2024-04-29 09:21:09,090 [30e50e12-6d1d-42d4-8c2e-250820f84ec0-impl-thread1] INFO  server.RaftServer (RaftServerProxy.java:initGroupDir(269)) - 30e50e12-6d1d-42d4-8c2e-250820f84ec0: The directory /home/runner/work/ozone/ozone/hadoop-ozone/integration-test/target/test-dir/MiniOzoneClusterImpl-5c564e69-bd94-47d8-8ed3-49bff913e719/ozone-meta/datanode-4/ratis/tmp is not a group directory; ignoring it. 
2024-04-29 09:21:09,090 [main] INFO  replication.ReplicationServer (ReplicationServer.java:<init>(86)) - Initializing replication server with thread count = 10 queue length = 4096
2024-04-29 09:21:09,090 [main] INFO  server.XceiverServerGrpc (XceiverServerGrpc.java:<init>(141)) - GrpcServer channel type EpollServerSocketChannel
2024-04-29 09:21:09,091 [main] INFO  replication.ReplicationSupervisor (ReplicationSupervisor.java:build(157)) - Initializing replication supervisor with thread count = 10
2024-04-29 09:21:09,092 [main] INFO  replication.ReplicationSupervisor (ReplicationSupervisor.java:nodeStateUpdated(312)) - Node state updated to IN_SERVICE, scaling executor pool size to 10
2024-04-29 09:21:09,093 [main] INFO  http.BaseHttpServer (BaseHttpServer.java:newHttpServer2BuilderForOzone(223)) - Starting Web-server for hddsDatanode at: http://0.0.0.0:15303
2024-04-29 09:21:09,093 [main] INFO  http.BaseHttpServer (BaseHttpServer.java:<init>(110)) - Hadoop Security Enabled: false Ozone Security Enabled: false Ozone HTTP Security Enabled: false 
2024-04-29 09:21:09,094 [main] WARN  server.AuthenticationFilter (AuthenticationFilter.java:constructSecretProvider(240)) - Unable to initialize FileSignerSecretProvider, falling back to use random secrets. Reason: Could not read signature secret file: /home/runner/hadoop-http-auth-signature-secret
2024-04-29 09:21:09,095 [main] INFO  http.HttpRequestLog (HttpRequestLog.java:getRequestLog(86)) - Http request log for http.requests.hddsDatanode is not defined
2024-04-29 09:21:09,095 [main] INFO  http.HttpServer2 (HttpServer2.java:addGlobalFilter(1036)) - Added global filter 'safety' (class=org.apache.hadoop.hdds.server.http.HttpServer2$QuotingInputFilter)
2024-04-29 09:21:09,096 [main] INFO  http.HttpServer2 (HttpServer2.java:addFilter(1012)) - Added filter static_user_filter (class=org.apache.hadoop.http.lib.StaticUserWebFilter$StaticUserFilter) to context hddsDatanode
2024-04-29 09:21:09,096 [main] INFO  http.HttpServer2 (HttpServer2.java:addFilter(1020)) - Added filter static_user_filter (class=org.apache.hadoop.http.lib.StaticUserWebFilter$StaticUserFilter) to context logs
2024-04-29 09:21:09,096 [main] INFO  http.HttpServer2 (HttpServer2.java:addFilter(1020)) - Added filter static_user_filter (class=org.apache.hadoop.http.lib.StaticUserWebFilter$StaticUserFilter) to context static
2024-04-29 09:21:09,096 [main] INFO  http.BaseHttpServer (BaseHttpServer.java:<init>(189)) - HTTP server of hddsDatanode uses base directory /home/runner/work/ozone/ozone/hadoop-ozone/integration-test/target/test-dir/MiniOzoneClusterImpl-5c564e69-bd94-47d8-8ed3-49bff913e719/ozone-meta/datanode-4/meta/webserver
2024-04-29 09:21:09,097 [main] INFO  http.HttpServer2 (HttpServer2.java:bindListener(1236)) - Jetty bound to port 15303
2024-04-29 09:21:09,097 [main] INFO  server.Server (Server.java:doStart(375)) - jetty-9.4.54.v20240208; built: 2024-02-08T19:42:39.027Z; git: cef3fbd6d736a21e7d541a5db490381d95a2047d; jvm 17.0.10+7
2024-04-29 09:21:09,098 [main] INFO  server.session (DefaultSessionIdManager.java:doStart(334)) - DefaultSessionIdManager workerName=node0
2024-04-29 09:21:09,098 [main] INFO  server.session (DefaultSessionIdManager.java:doStart(339)) - No SessionScavenger set, using defaults
2024-04-29 09:21:09,098 [main] INFO  server.session (HouseKeeper.java:startScavenging(132)) - node0 Scavenging every 660000ms
2024-04-29 09:21:09,098 [main] INFO  handler.ContextHandler (ContextHandler.java:doStart(921)) - Started o.e.j.s.ServletContextHandler@2c0a3798{logs,/logs,file:///home/runner/work/ozone/ozone/hadoop-ozone/integration-test/target/log,AVAILABLE}
2024-04-29 09:21:09,098 [main] INFO  handler.ContextHandler (ContextHandler.java:doStart(921)) - Started o.e.j.s.ServletContextHandler@5fa78e0a{static,/static,file:///home/runner/work/ozone/ozone/hadoop-hdds/container-service/target/classes/webapps/static,AVAILABLE}
2024-04-29 09:21:09,101 [main] INFO  handler.ContextHandler (ContextHandler.java:doStart(921)) - Started o.e.j.w.WebAppContext@1efe7598{hddsDatanode,/,file:///home/runner/work/ozone/ozone/hadoop-hdds/container-service/target/classes/webapps/hddsDatanode/,AVAILABLE}{file:/home/runner/work/ozone/ozone/hadoop-hdds/container-service/target/classes/webapps/hddsDatanode}
2024-04-29 09:21:09,101 [main] INFO  server.AbstractConnector (AbstractConnector.java:doStart(333)) - Started ServerConnector@47ae01a0{HTTP/1.1, (http/1.1)}{0.0.0.0:15303}
2024-04-29 09:21:09,102 [main] INFO  server.Server (Server.java:doStart(415)) - Started @113880ms
2024-04-29 09:21:09,102 [main] WARN  impl.MetricsSystemImpl (MetricsSystemImpl.java:register(279)) - Sink prometheus already exists!
2024-04-29 09:21:09,102 [main] INFO  http.BaseHttpServer (BaseHttpServer.java:updateConnectorAddress(354)) - HTTP server of hddsDatanode listening at http://0.0.0.0:15303
2024-04-29 09:21:09,102 [main] INFO  ipc.CallQueueManager (CallQueueManager.java:<init>(90)) - Using callQueue: class java.util.concurrent.LinkedBlockingQueue, queueCapacity: 100, scheduler: class org.apache.hadoop.ipc.DefaultRpcScheduler, ipcBackoff: false.
2024-04-29 09:21:09,102 [main] INFO  ipc.Server (Server.java:<init>(1287)) - Listener at 0.0.0.0:15304
2024-04-29 09:21:09,103 [Socket Reader #1 for port 15304] INFO  ipc.Server (Server.java:run(1323)) - Starting Socket Reader #1 for port 15304
2024-04-29 09:21:09,103 [main] INFO  ozone.HddsDatanodeService (HddsDatanodeService.java:start(327)) - Datanode start with admins: [runner]
2024-04-29 09:21:09,103 [main] INFO  ozone.HddsDatanodeClientProtocolServer (HddsDatanodeClientProtocolServer.java:start(77)) - RPC server for Client /0.0.0.0:15304
2024-04-29 09:21:09,104 [IPC Server Responder] INFO  ipc.Server (Server.java:run(1562)) - IPC Server Responder: starting
2024-04-29 09:21:09,104 [IPC Server listener on 15304] INFO  ipc.Server (Server.java:run(1402)) - IPC Server listener on 15304: starting
2024-04-29 09:21:09,104 [30e50e12-6d1d-42d4-8c2e-250820f84ec0-DatanodeStateMachineDaemonThread] INFO  statemachine.DatanodeStateMachine (DatanodeStateMachine.java:lambda$startDaemon$1(555)) - Ozone container server started.
2024-04-29 09:21:09,104 [main] WARN  dropwizard3.Dm3MetricRegistriesImpl (Dm3MetricRegistriesImpl.java:addReporterRegistration(113)) - New reporters are added after registries were created. Some metrics will be missing from the reporter. Please add reporter before adding any new registry.
2024-04-29 09:21:09,104 [main] WARN  dropwizard3.Dm3MetricRegistriesImpl (Dm3MetricRegistriesImpl.java:addReporterRegistration(113)) - New reporters are added after registries were created. Some metrics will be missing from the reporter. Please add reporter before adding any new registry.
2024-04-29 09:21:09,104 [main] INFO  impl.MetricsSystemImpl (MetricsSystemImpl.java:init(158)) - HddsDatanode metrics system started (again)
2024-04-29 09:21:09,106 [30e50e12-6d1d-42d4-8c2e-250820f84ec0-DatanodeStateMachineTaskThread-0] INFO  datanode.InitDatanodeState (InitDatanodeState.java:persistContainerDatanodeDetails(139)) - DatanodeDetails is persisted to /home/runner/work/ozone/ozone/hadoop-ozone/integration-test/target/test-dir/MiniOzoneClusterImpl-5c564e69-bd94-47d8-8ed3-49bff913e719/ozone-meta/datanode-4/meta/datanode.id
2024-04-29 09:21:09,113 [main] INFO  ozone.HddsDatanodeService (HddsDatanodeService.java:start(240)) - HddsDatanodeService host:fv-az771-493.rk3yhgbdfeeu5pdqztzaatlnyd.ex.internal.cloudapp.net ip:10.1.0.30
2024-04-29 09:21:09,128 [main] INFO  upgrade.AbstractLayoutVersionManager (AbstractLayoutVersionManager.java:init(83)) - Initializing Layout version manager with metadata layout = HADOOP_PRC_PORTS_IN_DATANODEDETAILS (version = 7), software layout = HADOOP_PRC_PORTS_IN_DATANODEDETAILS (version = 7)
2024-04-29 09:21:09,128 [main] INFO  statemachine.DatanodeStateMachine (DatanodeStateMachine.java:getEndPointTaskThreadPoolSize(299)) - Datanode State Machine Task Thread Pool size 2
2024-04-29 09:21:09,129 [main] INFO  volume.HddsVolume (HddsVolume.java:<init>(126)) - Creating HddsVolume: /home/runner/work/ozone/ozone/hadoop-ozone/integration-test/target/test-dir/MiniOzoneClusterImpl-5c564e69-bd94-47d8-8ed3-49bff913e719/ozone-meta/datanode-5/data-0/hdds of storage type : DISK capacity : 9223372036854775807
2024-04-29 09:21:09,129 [main] INFO  volume.MutableVolumeSet (MutableVolumeSet.java:initializeVolumeSet(173)) - Added Volume : /home/runner/work/ozone/ozone/hadoop-ozone/integration-test/target/test-dir/MiniOzoneClusterImpl-5c564e69-bd94-47d8-8ed3-49bff913e719/ozone-meta/datanode-5/data-0/hdds to VolumeSet
2024-04-29 09:21:09,130 [main] INFO  volume.MutableVolumeSet (MutableVolumeSet.java:initializeVolumeSet(173)) - Added Volume : /home/runner/work/ozone/ozone/hadoop-ozone/integration-test/target/test-dir/MiniOzoneClusterImpl-5c564e69-bd94-47d8-8ed3-49bff913e719/ozone-meta/datanode-5/ratis to VolumeSet
2024-04-29 09:21:09,130 [main] INFO  ozoneimpl.OzoneContainer (HddsVolumeUtil.java:loadAllHddsVolumeDbStore(103)) - Load 1 volumes DbStore cost: 0ms
2024-04-29 09:21:09,132 [main] INFO  server.RaftServer (ConfUtils.java:logGet(46)) - raft.rpc.type = GRPC (default)
2024-04-29 09:21:09,132 [main] INFO  grpc.GrpcConfigKeys (ConfUtils.java:logFallback(53)) - raft.grpc.admin.host = null (fallback to raft.grpc.server.host)
2024-04-29 09:21:09,132 [main] INFO  grpc.GrpcConfigKeys (ConfUtils.java:logGet(46)) - raft.grpc.admin.port = 15316 (custom)
2024-04-29 09:21:09,132 [main] INFO  grpc.GrpcConfigKeys (ConfUtils.java:logFallback(53)) - raft.grpc.client.host = null (fallback to raft.grpc.server.host)
2024-04-29 09:21:09,132 [main] INFO  grpc.GrpcConfigKeys (ConfUtils.java:logGet(46)) - raft.grpc.client.port = 15315 (custom)
2024-04-29 09:21:09,132 [main] INFO  grpc.GrpcConfigKeys (ConfUtils.java:logGet(46)) - raft.grpc.server.host = null (default)
2024-04-29 09:21:09,132 [main] INFO  grpc.GrpcConfigKeys (ConfUtils.java:logGet(46)) - raft.grpc.server.port = 15317 (custom)
2024-04-29 09:21:09,132 [main] INFO  server.GrpcService (ConfUtils.java:logGet(46)) - raft.grpc.message.size.max = 32MB (=33554432) (custom)
2024-04-29 09:21:09,133 [main] INFO  server.RaftServerConfigKeys (ConfUtils.java:logGet(46)) - raft.server.log.appender.buffer.byte-limit = 8388608 (custom)
2024-04-29 09:21:09,133 [main] INFO  server.GrpcService (ConfUtils.java:logGet(46)) - raft.grpc.flow.control.window = 5MB (=5242880) (custom)
2024-04-29 09:21:09,133 [main] INFO  server.RaftServerConfigKeys (ConfUtils.java:logGet(46)) - raft.server.rpc.request.timeout = 3000ms (default)
2024-04-29 09:21:09,133 [main] INFO  grpc.GrpcConfigKeys (ConfUtils.java:logGet(46)) - raft.grpc.server.heartbeat.channel = true (default)
2024-04-29 09:21:09,133 [main] INFO  grpc.GrpcConfigKeys (ConfUtils.java:logGet(46)) - raft.grpc.server.async.request.thread.pool.cached = true (default)
2024-04-29 09:21:09,133 [main] INFO  grpc.GrpcConfigKeys (ConfUtils.java:logGet(46)) - raft.grpc.server.async.request.thread.pool.size = 32 (default)
2024-04-29 09:21:09,135 [main] INFO  impl.DataStreamServerImpl (ConfUtils.java:logGet(46)) - raft.datastream.type = NETTY (custom)
2024-04-29 09:21:09,135 [main] INFO  server.RaftServerConfigKeys (ConfUtils.java:logGet(46)) - raft.server.data-stream.async.request.thread.pool.cached = false (default)
2024-04-29 09:21:09,135 [main] INFO  server.RaftServerConfigKeys (ConfUtils.java:logGet(46)) - raft.server.data-stream.async.request.thread.pool.size = 20 (custom)
2024-04-29 09:21:09,136 [main] INFO  server.RaftServerConfigKeys (ConfUtils.java:logGet(46)) - raft.server.data-stream.async.write.thread.pool.size = 16 (default)
2024-04-29 09:21:09,136 [main] INFO  netty.NettyConfigKeys$DataStream (ConfUtils.java:logGet(46)) - raft.netty.dataStream.server.channel.inactive.grace-period = 10min (default)
2024-04-29 09:21:09,136 [main] INFO  server.RaftServerConfigKeys (ConfUtils.java:logGet(46)) - raft.server.data-stream.client.pool.size = 10 (default)
2024-04-29 09:21:09,136 [main] INFO  netty.NettyConfigKeys$DataStream (ConfUtils.java:logGet(46)) - raft.netty.dataStream.server.use-epoll = true (default)
2024-04-29 09:21:09,136 [main] INFO  netty.NettyConfigKeys$DataStream (ConfUtils.java:logGet(46)) - raft.netty.dataStream.server.boss-group.size = 0 (default)
2024-04-29 09:21:09,136 [main] INFO  netty.NettyUtils (NettyUtils.java:newEventLoopGroup(69)) - Create EpollEventLoopGroup for e86906d1-c919-438b-b5a4-a98dd7588e75-NettyServerStreamRpc-bossGroup; Thread size is 0.
2024-04-29 09:21:09,136 [main] INFO  netty.NettyConfigKeys$DataStream (ConfUtils.java:logGet(46)) - raft.netty.dataStream.server.worker-group.size = 0 (default)
2024-04-29 09:21:09,136 [main] INFO  netty.NettyUtils (NettyUtils.java:newEventLoopGroup(69)) - Create EpollEventLoopGroup for e86906d1-c919-438b-b5a4-a98dd7588e75-NettyServerStreamRpc-workerGroup; Thread size is 0.
2024-04-29 09:21:09,137 [main] INFO  netty.NettyConfigKeys$DataStream (ConfUtils.java:logGet(46)) - raft.netty.dataStream.server.tls.conf = null (default)
2024-04-29 09:21:09,137 [main] INFO  netty.NettyConfigKeys$DataStream (ConfUtils.java:logGet(46)) - raft.netty.dataStream.host = null (default)
2024-04-29 09:21:09,137 [main] INFO  netty.NettyConfigKeys$DataStream (ConfUtils.java:logGet(46)) - raft.netty.dataStream.port = 15318 (custom)
2024-04-29 09:21:09,137 [main] INFO  server.RaftServerConfigKeys (ConfUtils.java:logGet(46)) - raft.server.sleep.deviation.threshold = 300ms (default)
2024-04-29 09:21:09,138 [main] INFO  server.RaftServerConfigKeys (ConfUtils.java:logGet(46)) - raft.server.close.threshold = 60s (default)
2024-04-29 09:21:09,138 [main] INFO  server.RaftServerConfigKeys (ConfUtils.java:logGet(46)) - raft.server.leaderelection.leader.step-down.wait-time = 10s (default)
2024-04-29 09:21:09,138 [main] INFO  server.RaftServerConfigKeys (ConfUtils.java:logGet(46)) - raft.server.storage.dir = [/home/runner/work/ozone/ozone/hadoop-ozone/integration-test/target/test-dir/MiniOzoneClusterImpl-5c564e69-bd94-47d8-8ed3-49bff913e719/ozone-meta/datanode-5/ratis] (custom)
2024-04-29 09:21:09,138 [main] INFO  server.RaftServerConfigKeys (ConfUtils.java:logGet(46)) - raft.server.threadpool.proxy.cached = true (default)
2024-04-29 09:21:09,138 [main] INFO  server.RaftServerConfigKeys (ConfUtils.java:logGet(46)) - raft.server.threadpool.proxy.size = 0 (default)
2024-04-29 09:21:09,138 [e86906d1-c919-438b-b5a4-a98dd7588e75-NettyServerStreamRpc-bossGroup--thread1] INFO  logging.LoggingHandler (AbstractInternalLogger.java:log(148)) - [id: 0x5fce08ce] REGISTERED
2024-04-29 09:21:09,138 [e86906d1-c919-438b-b5a4-a98dd7588e75-NettyServerStreamRpc-bossGroup--thread1] INFO  logging.LoggingHandler (AbstractInternalLogger.java:log(148)) - [id: 0x5fce08ce] BIND: 0.0.0.0/0.0.0.0:15318
2024-04-29 09:21:09,139 [e86906d1-c919-438b-b5a4-a98dd7588e75-NettyServerStreamRpc-bossGroup--thread1] INFO  logging.LoggingHandler (AbstractInternalLogger.java:log(148)) - [id: 0x5fce08ce, L:/0.0.0.0:15318] ACTIVE
2024-04-29 09:21:09,139 [e86906d1-c919-438b-b5a4-a98dd7588e75-impl-thread1] INFO  server.RaftServer (RaftServerProxy.java:initGroupDir(264)) - e86906d1-c919-438b-b5a4-a98dd7588e75: found a subdirectory /home/runner/work/ozone/ozone/hadoop-ozone/integration-test/target/test-dir/MiniOzoneClusterImpl-5c564e69-bd94-47d8-8ed3-49bff913e719/ozone-meta/datanode-5/ratis/tmp
2024-04-29 09:21:09,139 [e86906d1-c919-438b-b5a4-a98dd7588e75-impl-thread1] INFO  server.RaftServer (RaftServerProxy.java:initGroupDir(269)) - e86906d1-c919-438b-b5a4-a98dd7588e75: The directory /home/runner/work/ozone/ozone/hadoop-ozone/integration-test/target/test-dir/MiniOzoneClusterImpl-5c564e69-bd94-47d8-8ed3-49bff913e719/ozone-meta/datanode-5/ratis/tmp is not a group directory; ignoring it. 
2024-04-29 09:21:09,139 [main] INFO  replication.ReplicationServer (ReplicationServer.java:<init>(86)) - Initializing replication server with thread count = 10 queue length = 4096
2024-04-29 09:21:09,140 [main] INFO  server.XceiverServerGrpc (XceiverServerGrpc.java:<init>(141)) - GrpcServer channel type EpollServerSocketChannel
2024-04-29 09:21:09,142 [main] INFO  replication.ReplicationSupervisor (ReplicationSupervisor.java:build(157)) - Initializing replication supervisor with thread count = 10
2024-04-29 09:21:09,142 [main] INFO  replication.ReplicationSupervisor (ReplicationSupervisor.java:nodeStateUpdated(312)) - Node state updated to IN_SERVICE, scaling executor pool size to 10
2024-04-29 09:21:09,143 [main] INFO  http.BaseHttpServer (BaseHttpServer.java:newHttpServer2BuilderForOzone(223)) - Starting Web-server for hddsDatanode at: http://0.0.0.0:15312
2024-04-29 09:21:09,143 [main] INFO  http.BaseHttpServer (BaseHttpServer.java:<init>(110)) - Hadoop Security Enabled: false Ozone Security Enabled: false Ozone HTTP Security Enabled: false 
2024-04-29 09:21:09,144 [main] WARN  server.AuthenticationFilter (AuthenticationFilter.java:constructSecretProvider(240)) - Unable to initialize FileSignerSecretProvider, falling back to use random secrets. Reason: Could not read signature secret file: /home/runner/hadoop-http-auth-signature-secret
2024-04-29 09:21:09,145 [main] INFO  http.HttpRequestLog (HttpRequestLog.java:getRequestLog(86)) - Http request log for http.requests.hddsDatanode is not defined
2024-04-29 09:21:09,145 [main] INFO  http.HttpServer2 (HttpServer2.java:addGlobalFilter(1036)) - Added global filter 'safety' (class=org.apache.hadoop.hdds.server.http.HttpServer2$QuotingInputFilter)
2024-04-29 09:21:09,146 [main] INFO  http.HttpServer2 (HttpServer2.java:addFilter(1012)) - Added filter static_user_filter (class=org.apache.hadoop.http.lib.StaticUserWebFilter$StaticUserFilter) to context hddsDatanode
2024-04-29 09:21:09,146 [main] INFO  http.HttpServer2 (HttpServer2.java:addFilter(1020)) - Added filter static_user_filter (class=org.apache.hadoop.http.lib.StaticUserWebFilter$StaticUserFilter) to context logs
2024-04-29 09:21:09,146 [main] INFO  http.HttpServer2 (HttpServer2.java:addFilter(1020)) - Added filter static_user_filter (class=org.apache.hadoop.http.lib.StaticUserWebFilter$StaticUserFilter) to context static
2024-04-29 09:21:09,146 [main] INFO  http.BaseHttpServer (BaseHttpServer.java:<init>(189)) - HTTP server of hddsDatanode uses base directory /home/runner/work/ozone/ozone/hadoop-ozone/integration-test/target/test-dir/MiniOzoneClusterImpl-5c564e69-bd94-47d8-8ed3-49bff913e719/ozone-meta/datanode-5/meta/webserver
2024-04-29 09:21:09,147 [main] INFO  http.HttpServer2 (HttpServer2.java:bindListener(1236)) - Jetty bound to port 15312
2024-04-29 09:21:09,147 [main] INFO  server.Server (Server.java:doStart(375)) - jetty-9.4.54.v20240208; built: 2024-02-08T19:42:39.027Z; git: cef3fbd6d736a21e7d541a5db490381d95a2047d; jvm 17.0.10+7
2024-04-29 09:21:09,149 [main] INFO  server.session (DefaultSessionIdManager.java:doStart(334)) - DefaultSessionIdManager workerName=node0
2024-04-29 09:21:09,149 [main] INFO  server.session (DefaultSessionIdManager.java:doStart(339)) - No SessionScavenger set, using defaults
2024-04-29 09:21:09,149 [main] INFO  server.session (HouseKeeper.java:startScavenging(132)) - node0 Scavenging every 600000ms
2024-04-29 09:21:09,149 [main] INFO  handler.ContextHandler (ContextHandler.java:doStart(921)) - Started o.e.j.s.ServletContextHandler@6689f455{logs,/logs,file:///home/runner/work/ozone/ozone/hadoop-ozone/integration-test/target/log,AVAILABLE}
2024-04-29 09:21:09,150 [main] INFO  handler.ContextHandler (ContextHandler.java:doStart(921)) - Started o.e.j.s.ServletContextHandler@5a68d4d6{static,/static,file:///home/runner/work/ozone/ozone/hadoop-hdds/container-service/target/classes/webapps/static,AVAILABLE}
2024-04-29 09:21:09,153 [main] INFO  handler.ContextHandler (ContextHandler.java:doStart(921)) - Started o.e.j.w.WebAppContext@671f78b4{hddsDatanode,/,file:///home/runner/work/ozone/ozone/hadoop-hdds/container-service/target/classes/webapps/hddsDatanode/,AVAILABLE}{file:/home/runner/work/ozone/ozone/hadoop-hdds/container-service/target/classes/webapps/hddsDatanode}
2024-04-29 09:21:09,154 [main] INFO  server.AbstractConnector (AbstractConnector.java:doStart(333)) - Started ServerConnector@50629a46{HTTP/1.1, (http/1.1)}{0.0.0.0:15312}
2024-04-29 09:21:09,154 [main] INFO  server.Server (Server.java:doStart(415)) - Started @113933ms
2024-04-29 09:21:09,154 [main] WARN  impl.MetricsSystemImpl (MetricsSystemImpl.java:register(279)) - Sink prometheus already exists!
2024-04-29 09:21:09,155 [main] INFO  http.BaseHttpServer (BaseHttpServer.java:updateConnectorAddress(354)) - HTTP server of hddsDatanode listening at http://0.0.0.0:15312
2024-04-29 09:21:09,155 [main] INFO  ipc.CallQueueManager (CallQueueManager.java:<init>(90)) - Using callQueue: class java.util.concurrent.LinkedBlockingQueue, queueCapacity: 100, scheduler: class org.apache.hadoop.ipc.DefaultRpcScheduler, ipcBackoff: false.
2024-04-29 09:21:09,155 [main] INFO  ipc.Server (Server.java:<init>(1287)) - Listener at 0.0.0.0:15313
2024-04-29 09:21:09,155 [Socket Reader #1 for port 15313] INFO  ipc.Server (Server.java:run(1323)) - Starting Socket Reader #1 for port 15313
2024-04-29 09:21:09,157 [main] INFO  ozone.HddsDatanodeService (HddsDatanodeService.java:start(327)) - Datanode start with admins: [runner]
2024-04-29 09:21:09,157 [main] INFO  ozone.HddsDatanodeClientProtocolServer (HddsDatanodeClientProtocolServer.java:start(77)) - RPC server for Client /0.0.0.0:15313
2024-04-29 09:21:09,160 [IPC Server Responder] INFO  ipc.Server (Server.java:run(1562)) - IPC Server Responder: starting
2024-04-29 09:21:09,160 [IPC Server listener on 15313] INFO  ipc.Server (Server.java:run(1402)) - IPC Server listener on 15313: starting
2024-04-29 09:21:09,163 [e86906d1-c919-438b-b5a4-a98dd7588e75-DatanodeStateMachineDaemonThread] INFO  statemachine.DatanodeStateMachine (DatanodeStateMachine.java:lambda$startDaemon$1(555)) - Ozone container server started.
2024-04-29 09:21:09,164 [main] WARN  dropwizard3.Dm3MetricRegistriesImpl (Dm3MetricRegistriesImpl.java:addReporterRegistration(113)) - New reporters are added after registries were created. Some metrics will be missing from the reporter. Please add reporter before adding any new registry.
2024-04-29 09:21:09,164 [main] WARN  dropwizard3.Dm3MetricRegistriesImpl (Dm3MetricRegistriesImpl.java:addReporterRegistration(113)) - New reporters are added after registries were created. Some metrics will be missing from the reporter. Please add reporter before adding any new registry.
2024-04-29 09:21:09,164 [main] INFO  impl.MetricsSystemImpl (MetricsSystemImpl.java:init(158)) - HddsDatanode metrics system started (again)
2024-04-29 09:21:09,169 [e86906d1-c919-438b-b5a4-a98dd7588e75-DatanodeStateMachineTaskThread-0] INFO  datanode.InitDatanodeState (InitDatanodeState.java:persistContainerDatanodeDetails(139)) - DatanodeDetails is persisted to /home/runner/work/ozone/ozone/hadoop-ozone/integration-test/target/test-dir/MiniOzoneClusterImpl-5c564e69-bd94-47d8-8ed3-49bff913e719/ozone-meta/datanode-5/meta/datanode.id
2024-04-29 09:21:09,176 [main] INFO  ozone.HddsDatanodeService (HddsDatanodeService.java:start(240)) - HddsDatanodeService host:fv-az771-493.rk3yhgbdfeeu5pdqztzaatlnyd.ex.internal.cloudapp.net ip:10.1.0.30
2024-04-29 09:21:09,192 [main] INFO  upgrade.AbstractLayoutVersionManager (AbstractLayoutVersionManager.java:init(83)) - Initializing Layout version manager with metadata layout = HADOOP_PRC_PORTS_IN_DATANODEDETAILS (version = 7), software layout = HADOOP_PRC_PORTS_IN_DATANODEDETAILS (version = 7)
2024-04-29 09:21:09,193 [main] INFO  statemachine.DatanodeStateMachine (DatanodeStateMachine.java:getEndPointTaskThreadPoolSize(299)) - Datanode State Machine Task Thread Pool size 2
2024-04-29 09:21:09,194 [main] INFO  volume.HddsVolume (HddsVolume.java:<init>(126)) - Creating HddsVolume: /home/runner/work/ozone/ozone/hadoop-ozone/integration-test/target/test-dir/MiniOzoneClusterImpl-5c564e69-bd94-47d8-8ed3-49bff913e719/ozone-meta/datanode-6/data-0/hdds of storage type : DISK capacity : 9223372036854775807
2024-04-29 09:21:09,194 [main] INFO  volume.MutableVolumeSet (MutableVolumeSet.java:initializeVolumeSet(173)) - Added Volume : /home/runner/work/ozone/ozone/hadoop-ozone/integration-test/target/test-dir/MiniOzoneClusterImpl-5c564e69-bd94-47d8-8ed3-49bff913e719/ozone-meta/datanode-6/data-0/hdds to VolumeSet
2024-04-29 09:21:09,195 [main] INFO  volume.MutableVolumeSet (MutableVolumeSet.java:initializeVolumeSet(173)) - Added Volume : /home/runner/work/ozone/ozone/hadoop-ozone/integration-test/target/test-dir/MiniOzoneClusterImpl-5c564e69-bd94-47d8-8ed3-49bff913e719/ozone-meta/datanode-6/ratis to VolumeSet
2024-04-29 09:21:09,197 [main] INFO  ozoneimpl.OzoneContainer (HddsVolumeUtil.java:loadAllHddsVolumeDbStore(103)) - Load 1 volumes DbStore cost: 2ms
2024-04-29 09:21:09,198 [main] INFO  server.RaftServer (ConfUtils.java:logGet(46)) - raft.rpc.type = GRPC (default)
2024-04-29 09:21:09,199 [main] INFO  grpc.GrpcConfigKeys (ConfUtils.java:logFallback(53)) - raft.grpc.admin.host = null (fallback to raft.grpc.server.host)
2024-04-29 09:21:09,199 [main] INFO  grpc.GrpcConfigKeys (ConfUtils.java:logGet(46)) - raft.grpc.admin.port = 15325 (custom)
2024-04-29 09:21:09,199 [main] INFO  grpc.GrpcConfigKeys (ConfUtils.java:logFallback(53)) - raft.grpc.client.host = null (fallback to raft.grpc.server.host)
2024-04-29 09:21:09,199 [main] INFO  grpc.GrpcConfigKeys (ConfUtils.java:logGet(46)) - raft.grpc.client.port = 15324 (custom)
2024-04-29 09:21:09,199 [main] INFO  grpc.GrpcConfigKeys (ConfUtils.java:logGet(46)) - raft.grpc.server.host = null (default)
2024-04-29 09:21:09,199 [main] INFO  grpc.GrpcConfigKeys (ConfUtils.java:logGet(46)) - raft.grpc.server.port = 15326 (custom)
2024-04-29 09:21:09,199 [main] INFO  server.GrpcService (ConfUtils.java:logGet(46)) - raft.grpc.message.size.max = 32MB (=33554432) (custom)
2024-04-29 09:21:09,199 [main] INFO  server.RaftServerConfigKeys (ConfUtils.java:logGet(46)) - raft.server.log.appender.buffer.byte-limit = 8388608 (custom)
2024-04-29 09:21:09,200 [main] INFO  server.GrpcService (ConfUtils.java:logGet(46)) - raft.grpc.flow.control.window = 5MB (=5242880) (custom)
2024-04-29 09:21:09,200 [main] INFO  server.RaftServerConfigKeys (ConfUtils.java:logGet(46)) - raft.server.rpc.request.timeout = 3000ms (default)
2024-04-29 09:21:09,200 [main] INFO  grpc.GrpcConfigKeys (ConfUtils.java:logGet(46)) - raft.grpc.server.heartbeat.channel = true (default)
2024-04-29 09:21:09,200 [main] INFO  grpc.GrpcConfigKeys (ConfUtils.java:logGet(46)) - raft.grpc.server.async.request.thread.pool.cached = true (default)
2024-04-29 09:21:09,200 [main] INFO  grpc.GrpcConfigKeys (ConfUtils.java:logGet(46)) - raft.grpc.server.async.request.thread.pool.size = 32 (default)
2024-04-29 09:21:09,202 [main] INFO  impl.DataStreamServerImpl (ConfUtils.java:logGet(46)) - raft.datastream.type = NETTY (custom)
2024-04-29 09:21:09,203 [main] INFO  server.RaftServerConfigKeys (ConfUtils.java:logGet(46)) - raft.server.data-stream.async.request.thread.pool.cached = false (default)
2024-04-29 09:21:09,203 [main] INFO  server.RaftServerConfigKeys (ConfUtils.java:logGet(46)) - raft.server.data-stream.async.request.thread.pool.size = 20 (custom)
2024-04-29 09:21:09,203 [main] INFO  server.RaftServerConfigKeys (ConfUtils.java:logGet(46)) - raft.server.data-stream.async.write.thread.pool.size = 16 (default)
2024-04-29 09:21:09,203 [main] INFO  netty.NettyConfigKeys$DataStream (ConfUtils.java:logGet(46)) - raft.netty.dataStream.server.channel.inactive.grace-period = 10min (default)
2024-04-29 09:21:09,203 [main] INFO  server.RaftServerConfigKeys (ConfUtils.java:logGet(46)) - raft.server.data-stream.client.pool.size = 10 (default)
2024-04-29 09:21:09,203 [main] INFO  netty.NettyConfigKeys$DataStream (ConfUtils.java:logGet(46)) - raft.netty.dataStream.server.use-epoll = true (default)
2024-04-29 09:21:09,203 [main] INFO  netty.NettyConfigKeys$DataStream (ConfUtils.java:logGet(46)) - raft.netty.dataStream.server.boss-group.size = 0 (default)
2024-04-29 09:21:09,203 [main] INFO  netty.NettyUtils (NettyUtils.java:newEventLoopGroup(69)) - Create EpollEventLoopGroup for 05727db8-df0e-4fba-be48-9a4d471deba7-NettyServerStreamRpc-bossGroup; Thread size is 0.
2024-04-29 09:21:09,204 [main] INFO  netty.NettyConfigKeys$DataStream (ConfUtils.java:logGet(46)) - raft.netty.dataStream.server.worker-group.size = 0 (default)
2024-04-29 09:21:09,204 [main] INFO  netty.NettyUtils (NettyUtils.java:newEventLoopGroup(69)) - Create EpollEventLoopGroup for 05727db8-df0e-4fba-be48-9a4d471deba7-NettyServerStreamRpc-workerGroup; Thread size is 0.
2024-04-29 09:21:09,204 [main] INFO  netty.NettyConfigKeys$DataStream (ConfUtils.java:logGet(46)) - raft.netty.dataStream.server.tls.conf = null (default)
2024-04-29 09:21:09,204 [main] INFO  netty.NettyConfigKeys$DataStream (ConfUtils.java:logGet(46)) - raft.netty.dataStream.host = null (default)
2024-04-29 09:21:09,204 [main] INFO  netty.NettyConfigKeys$DataStream (ConfUtils.java:logGet(46)) - raft.netty.dataStream.port = 15327 (custom)
2024-04-29 09:21:09,208 [main] INFO  server.RaftServerConfigKeys (ConfUtils.java:logGet(46)) - raft.server.sleep.deviation.threshold = 300ms (default)
2024-04-29 09:21:09,208 [main] INFO  server.RaftServerConfigKeys (ConfUtils.java:logGet(46)) - raft.server.close.threshold = 60s (default)
2024-04-29 09:21:09,209 [main] INFO  server.RaftServerConfigKeys (ConfUtils.java:logGet(46)) - raft.server.leaderelection.leader.step-down.wait-time = 10s (default)
2024-04-29 09:21:09,209 [main] INFO  server.RaftServerConfigKeys (ConfUtils.java:logGet(46)) - raft.server.storage.dir = [/home/runner/work/ozone/ozone/hadoop-ozone/integration-test/target/test-dir/MiniOzoneClusterImpl-5c564e69-bd94-47d8-8ed3-49bff913e719/ozone-meta/datanode-6/ratis] (custom)
2024-04-29 09:21:09,209 [main] INFO  server.RaftServerConfigKeys (ConfUtils.java:logGet(46)) - raft.server.threadpool.proxy.cached = true (default)
2024-04-29 09:21:09,209 [main] INFO  server.RaftServerConfigKeys (ConfUtils.java:logGet(46)) - raft.server.threadpool.proxy.size = 0 (default)
2024-04-29 09:21:09,209 [05727db8-df0e-4fba-be48-9a4d471deba7-NettyServerStreamRpc-bossGroup--thread1] INFO  logging.LoggingHandler (AbstractInternalLogger.java:log(148)) - [id: 0xf6ea706d] REGISTERED
2024-04-29 09:21:09,210 [05727db8-df0e-4fba-be48-9a4d471deba7-NettyServerStreamRpc-bossGroup--thread1] INFO  logging.LoggingHandler (AbstractInternalLogger.java:log(148)) - [id: 0xf6ea706d] BIND: 0.0.0.0/0.0.0.0:15327
2024-04-29 09:21:09,210 [05727db8-df0e-4fba-be48-9a4d471deba7-NettyServerStreamRpc-bossGroup--thread1] INFO  logging.LoggingHandler (AbstractInternalLogger.java:log(148)) - [id: 0xf6ea706d, L:/0.0.0.0:15327] ACTIVE
2024-04-29 09:21:09,210 [05727db8-df0e-4fba-be48-9a4d471deba7-impl-thread1] INFO  server.RaftServer (RaftServerProxy.java:initGroupDir(264)) - 05727db8-df0e-4fba-be48-9a4d471deba7: found a subdirectory /home/runner/work/ozone/ozone/hadoop-ozone/integration-test/target/test-dir/MiniOzoneClusterImpl-5c564e69-bd94-47d8-8ed3-49bff913e719/ozone-meta/datanode-6/ratis/tmp
2024-04-29 09:21:09,210 [05727db8-df0e-4fba-be48-9a4d471deba7-impl-thread1] INFO  server.RaftServer (RaftServerProxy.java:initGroupDir(269)) - 05727db8-df0e-4fba-be48-9a4d471deba7: The directory /home/runner/work/ozone/ozone/hadoop-ozone/integration-test/target/test-dir/MiniOzoneClusterImpl-5c564e69-bd94-47d8-8ed3-49bff913e719/ozone-meta/datanode-6/ratis/tmp is not a group directory; ignoring it. 
2024-04-29 09:21:09,210 [main] INFO  replication.ReplicationServer (ReplicationServer.java:<init>(86)) - Initializing replication server with thread count = 10 queue length = 4096
2024-04-29 09:21:09,212 [main] INFO  server.XceiverServerGrpc (XceiverServerGrpc.java:<init>(141)) - GrpcServer channel type EpollServerSocketChannel
2024-04-29 09:21:09,213 [main] INFO  replication.ReplicationSupervisor (ReplicationSupervisor.java:build(157)) - Initializing replication supervisor with thread count = 10
2024-04-29 09:21:09,213 [main] INFO  replication.ReplicationSupervisor (ReplicationSupervisor.java:nodeStateUpdated(312)) - Node state updated to IN_SERVICE, scaling executor pool size to 10
2024-04-29 09:21:09,214 [main] INFO  http.BaseHttpServer (BaseHttpServer.java:newHttpServer2BuilderForOzone(223)) - Starting Web-server for hddsDatanode at: http://0.0.0.0:15321
2024-04-29 09:21:09,215 [main] INFO  http.BaseHttpServer (BaseHttpServer.java:<init>(110)) - Hadoop Security Enabled: false Ozone Security Enabled: false Ozone HTTP Security Enabled: false 
2024-04-29 09:21:09,216 [main] WARN  server.AuthenticationFilter (AuthenticationFilter.java:constructSecretProvider(240)) - Unable to initialize FileSignerSecretProvider, falling back to use random secrets. Reason: Could not read signature secret file: /home/runner/hadoop-http-auth-signature-secret
2024-04-29 09:21:09,216 [main] INFO  http.HttpRequestLog (HttpRequestLog.java:getRequestLog(86)) - Http request log for http.requests.hddsDatanode is not defined
2024-04-29 09:21:09,217 [main] INFO  http.HttpServer2 (HttpServer2.java:addGlobalFilter(1036)) - Added global filter 'safety' (class=org.apache.hadoop.hdds.server.http.HttpServer2$QuotingInputFilter)
2024-04-29 09:21:09,218 [main] INFO  http.HttpServer2 (HttpServer2.java:addFilter(1012)) - Added filter static_user_filter (class=org.apache.hadoop.http.lib.StaticUserWebFilter$StaticUserFilter) to context hddsDatanode
2024-04-29 09:21:09,218 [main] INFO  http.HttpServer2 (HttpServer2.java:addFilter(1020)) - Added filter static_user_filter (class=org.apache.hadoop.http.lib.StaticUserWebFilter$StaticUserFilter) to context logs
2024-04-29 09:21:09,218 [main] INFO  http.HttpServer2 (HttpServer2.java:addFilter(1020)) - Added filter static_user_filter (class=org.apache.hadoop.http.lib.StaticUserWebFilter$StaticUserFilter) to context static
2024-04-29 09:21:09,218 [main] INFO  http.BaseHttpServer (BaseHttpServer.java:<init>(189)) - HTTP server of hddsDatanode uses base directory /home/runner/work/ozone/ozone/hadoop-ozone/integration-test/target/test-dir/MiniOzoneClusterImpl-5c564e69-bd94-47d8-8ed3-49bff913e719/ozone-meta/datanode-6/meta/webserver
2024-04-29 09:21:09,219 [main] INFO  http.HttpServer2 (HttpServer2.java:bindListener(1236)) - Jetty bound to port 15321
2024-04-29 09:21:09,219 [main] INFO  server.Server (Server.java:doStart(375)) - jetty-9.4.54.v20240208; built: 2024-02-08T19:42:39.027Z; git: cef3fbd6d736a21e7d541a5db490381d95a2047d; jvm 17.0.10+7
2024-04-29 09:21:09,220 [main] INFO  server.session (DefaultSessionIdManager.java:doStart(334)) - DefaultSessionIdManager workerName=node0
2024-04-29 09:21:09,220 [main] INFO  server.session (DefaultSessionIdManager.java:doStart(339)) - No SessionScavenger set, using defaults
2024-04-29 09:21:09,220 [main] INFO  server.session (HouseKeeper.java:startScavenging(132)) - node0 Scavenging every 660000ms
2024-04-29 09:21:09,221 [main] INFO  handler.ContextHandler (ContextHandler.java:doStart(921)) - Started o.e.j.s.ServletContextHandler@35154326{logs,/logs,file:///home/runner/work/ozone/ozone/hadoop-ozone/integration-test/target/log,AVAILABLE}
2024-04-29 09:21:09,221 [main] INFO  handler.ContextHandler (ContextHandler.java:doStart(921)) - Started o.e.j.s.ServletContextHandler@35f38f90{static,/static,file:///home/runner/work/ozone/ozone/hadoop-hdds/container-service/target/classes/webapps/static,AVAILABLE}
2024-04-29 09:21:09,225 [main] INFO  handler.ContextHandler (ContextHandler.java:doStart(921)) - Started o.e.j.w.WebAppContext@2315ba0b{hddsDatanode,/,file:///home/runner/work/ozone/ozone/hadoop-hdds/container-service/target/classes/webapps/hddsDatanode/,AVAILABLE}{file:/home/runner/work/ozone/ozone/hadoop-hdds/container-service/target/classes/webapps/hddsDatanode}
2024-04-29 09:21:09,225 [main] INFO  server.AbstractConnector (AbstractConnector.java:doStart(333)) - Started ServerConnector@1b134d4f{HTTP/1.1, (http/1.1)}{0.0.0.0:15321}
2024-04-29 09:21:09,225 [main] INFO  server.Server (Server.java:doStart(415)) - Started @114004ms
2024-04-29 09:21:09,226 [main] WARN  impl.MetricsSystemImpl (MetricsSystemImpl.java:register(279)) - Sink prometheus already exists!
2024-04-29 09:21:09,226 [main] INFO  http.BaseHttpServer (BaseHttpServer.java:updateConnectorAddress(354)) - HTTP server of hddsDatanode listening at http://0.0.0.0:15321
2024-04-29 09:21:09,226 [main] INFO  ipc.CallQueueManager (CallQueueManager.java:<init>(90)) - Using callQueue: class java.util.concurrent.LinkedBlockingQueue, queueCapacity: 100, scheduler: class org.apache.hadoop.ipc.DefaultRpcScheduler, ipcBackoff: false.
2024-04-29 09:21:09,227 [main] INFO  ipc.Server (Server.java:<init>(1287)) - Listener at 0.0.0.0:15322
2024-04-29 09:21:09,227 [Socket Reader #1 for port 15322] INFO  ipc.Server (Server.java:run(1323)) - Starting Socket Reader #1 for port 15322
2024-04-29 09:21:09,228 [main] INFO  ozone.HddsDatanodeService (HddsDatanodeService.java:start(327)) - Datanode start with admins: [runner]
2024-04-29 09:21:09,228 [main] INFO  ozone.HddsDatanodeClientProtocolServer (HddsDatanodeClientProtocolServer.java:start(77)) - RPC server for Client /0.0.0.0:15322
2024-04-29 09:21:09,229 [IPC Server listener on 15322] INFO  ipc.Server (Server.java:run(1402)) - IPC Server listener on 15322: starting
2024-04-29 09:21:09,229 [05727db8-df0e-4fba-be48-9a4d471deba7-DatanodeStateMachineDaemonThread] INFO  statemachine.DatanodeStateMachine (DatanodeStateMachine.java:lambda$startDaemon$1(555)) - Ozone container server started.
2024-04-29 09:21:09,229 [IPC Server Responder] INFO  ipc.Server (Server.java:run(1562)) - IPC Server Responder: starting
2024-04-29 09:21:09,229 [main] WARN  dropwizard3.Dm3MetricRegistriesImpl (Dm3MetricRegistriesImpl.java:addReporterRegistration(113)) - New reporters are added after registries were created. Some metrics will be missing from the reporter. Please add reporter before adding any new registry.
2024-04-29 09:21:09,229 [main] WARN  dropwizard3.Dm3MetricRegistriesImpl (Dm3MetricRegistriesImpl.java:addReporterRegistration(113)) - New reporters are added after registries were created. Some metrics will be missing from the reporter. Please add reporter before adding any new registry.
2024-04-29 09:21:09,229 [main] INFO  impl.MetricsSystemImpl (MetricsSystemImpl.java:init(158)) - HddsDatanode metrics system started (again)
2024-04-29 09:21:09,233 [05727db8-df0e-4fba-be48-9a4d471deba7-DatanodeStateMachineTaskThread-0] INFO  datanode.InitDatanodeState (InitDatanodeState.java:persistContainerDatanodeDetails(139)) - DatanodeDetails is persisted to /home/runner/work/ozone/ozone/hadoop-ozone/integration-test/target/test-dir/MiniOzoneClusterImpl-5c564e69-bd94-47d8-8ed3-49bff913e719/ozone-meta/datanode-6/meta/datanode.id
2024-04-29 09:21:09,238 [main] INFO  ozone.HddsDatanodeService (HddsDatanodeService.java:start(240)) - HddsDatanodeService host:fv-az771-493.rk3yhgbdfeeu5pdqztzaatlnyd.ex.internal.cloudapp.net ip:10.1.0.30
2024-04-29 09:21:09,254 [main] INFO  upgrade.AbstractLayoutVersionManager (AbstractLayoutVersionManager.java:init(83)) - Initializing Layout version manager with metadata layout = HADOOP_PRC_PORTS_IN_DATANODEDETAILS (version = 7), software layout = HADOOP_PRC_PORTS_IN_DATANODEDETAILS (version = 7)
2024-04-29 09:21:09,254 [main] INFO  statemachine.DatanodeStateMachine (DatanodeStateMachine.java:getEndPointTaskThreadPoolSize(299)) - Datanode State Machine Task Thread Pool size 2
2024-04-29 09:21:09,255 [main] INFO  volume.HddsVolume (HddsVolume.java:<init>(126)) - Creating HddsVolume: /home/runner/work/ozone/ozone/hadoop-ozone/integration-test/target/test-dir/MiniOzoneClusterImpl-5c564e69-bd94-47d8-8ed3-49bff913e719/ozone-meta/datanode-7/data-0/hdds of storage type : DISK capacity : 9223372036854775807
2024-04-29 09:21:09,255 [main] INFO  volume.MutableVolumeSet (MutableVolumeSet.java:initializeVolumeSet(173)) - Added Volume : /home/runner/work/ozone/ozone/hadoop-ozone/integration-test/target/test-dir/MiniOzoneClusterImpl-5c564e69-bd94-47d8-8ed3-49bff913e719/ozone-meta/datanode-7/data-0/hdds to VolumeSet
2024-04-29 09:21:09,255 [main] INFO  volume.MutableVolumeSet (MutableVolumeSet.java:initializeVolumeSet(173)) - Added Volume : /home/runner/work/ozone/ozone/hadoop-ozone/integration-test/target/test-dir/MiniOzoneClusterImpl-5c564e69-bd94-47d8-8ed3-49bff913e719/ozone-meta/datanode-7/ratis to VolumeSet
2024-04-29 09:21:09,256 [main] INFO  ozoneimpl.OzoneContainer (HddsVolumeUtil.java:loadAllHddsVolumeDbStore(103)) - Load 1 volumes DbStore cost: 0ms
2024-04-29 09:21:09,257 [main] INFO  server.RaftServer (ConfUtils.java:logGet(46)) - raft.rpc.type = GRPC (default)
2024-04-29 09:21:09,257 [main] INFO  grpc.GrpcConfigKeys (ConfUtils.java:logFallback(53)) - raft.grpc.admin.host = null (fallback to raft.grpc.server.host)
2024-04-29 09:21:09,258 [main] INFO  grpc.GrpcConfigKeys (ConfUtils.java:logGet(46)) - raft.grpc.admin.port = 15334 (custom)
2024-04-29 09:21:09,258 [main] INFO  grpc.GrpcConfigKeys (ConfUtils.java:logFallback(53)) - raft.grpc.client.host = null (fallback to raft.grpc.server.host)
2024-04-29 09:21:09,258 [main] INFO  grpc.GrpcConfigKeys (ConfUtils.java:logGet(46)) - raft.grpc.client.port = 15333 (custom)
2024-04-29 09:21:09,258 [main] INFO  grpc.GrpcConfigKeys (ConfUtils.java:logGet(46)) - raft.grpc.server.host = null (default)
2024-04-29 09:21:09,258 [main] INFO  grpc.GrpcConfigKeys (ConfUtils.java:logGet(46)) - raft.grpc.server.port = 15335 (custom)
2024-04-29 09:21:09,258 [main] INFO  server.GrpcService (ConfUtils.java:logGet(46)) - raft.grpc.message.size.max = 32MB (=33554432) (custom)
2024-04-29 09:21:09,258 [main] INFO  server.RaftServerConfigKeys (ConfUtils.java:logGet(46)) - raft.server.log.appender.buffer.byte-limit = 8388608 (custom)
2024-04-29 09:21:09,258 [main] INFO  server.GrpcService (ConfUtils.java:logGet(46)) - raft.grpc.flow.control.window = 5MB (=5242880) (custom)
2024-04-29 09:21:09,258 [main] INFO  server.RaftServerConfigKeys (ConfUtils.java:logGet(46)) - raft.server.rpc.request.timeout = 3000ms (default)
2024-04-29 09:21:09,258 [main] INFO  grpc.GrpcConfigKeys (ConfUtils.java:logGet(46)) - raft.grpc.server.heartbeat.channel = true (default)
2024-04-29 09:21:09,258 [main] INFO  grpc.GrpcConfigKeys (ConfUtils.java:logGet(46)) - raft.grpc.server.async.request.thread.pool.cached = true (default)
2024-04-29 09:21:09,258 [main] INFO  grpc.GrpcConfigKeys (ConfUtils.java:logGet(46)) - raft.grpc.server.async.request.thread.pool.size = 32 (default)
2024-04-29 09:21:09,260 [main] INFO  impl.DataStreamServerImpl (ConfUtils.java:logGet(46)) - raft.datastream.type = NETTY (custom)
2024-04-29 09:21:09,260 [main] INFO  server.RaftServerConfigKeys (ConfUtils.java:logGet(46)) - raft.server.data-stream.async.request.thread.pool.cached = false (default)
2024-04-29 09:21:09,260 [main] INFO  server.RaftServerConfigKeys (ConfUtils.java:logGet(46)) - raft.server.data-stream.async.request.thread.pool.size = 20 (custom)
2024-04-29 09:21:09,260 [main] INFO  server.RaftServerConfigKeys (ConfUtils.java:logGet(46)) - raft.server.data-stream.async.write.thread.pool.size = 16 (default)
2024-04-29 09:21:09,260 [main] INFO  netty.NettyConfigKeys$DataStream (ConfUtils.java:logGet(46)) - raft.netty.dataStream.server.channel.inactive.grace-period = 10min (default)
2024-04-29 09:21:09,260 [main] INFO  server.RaftServerConfigKeys (ConfUtils.java:logGet(46)) - raft.server.data-stream.client.pool.size = 10 (default)
2024-04-29 09:21:09,261 [main] INFO  netty.NettyConfigKeys$DataStream (ConfUtils.java:logGet(46)) - raft.netty.dataStream.server.use-epoll = true (default)
2024-04-29 09:21:09,261 [main] INFO  netty.NettyConfigKeys$DataStream (ConfUtils.java:logGet(46)) - raft.netty.dataStream.server.boss-group.size = 0 (default)
2024-04-29 09:21:09,261 [main] INFO  netty.NettyUtils (NettyUtils.java:newEventLoopGroup(69)) - Create EpollEventLoopGroup for ab29e55d-edbb-4b88-be19-86f551408953-NettyServerStreamRpc-bossGroup; Thread size is 0.
2024-04-29 09:21:09,261 [main] INFO  netty.NettyConfigKeys$DataStream (ConfUtils.java:logGet(46)) - raft.netty.dataStream.server.worker-group.size = 0 (default)
2024-04-29 09:21:09,261 [main] INFO  netty.NettyUtils (NettyUtils.java:newEventLoopGroup(69)) - Create EpollEventLoopGroup for ab29e55d-edbb-4b88-be19-86f551408953-NettyServerStreamRpc-workerGroup; Thread size is 0.
2024-04-29 09:21:09,261 [main] INFO  netty.NettyConfigKeys$DataStream (ConfUtils.java:logGet(46)) - raft.netty.dataStream.server.tls.conf = null (default)
2024-04-29 09:21:09,262 [main] INFO  netty.NettyConfigKeys$DataStream (ConfUtils.java:logGet(46)) - raft.netty.dataStream.host = null (default)
2024-04-29 09:21:09,262 [main] INFO  netty.NettyConfigKeys$DataStream (ConfUtils.java:logGet(46)) - raft.netty.dataStream.port = 15336 (custom)
2024-04-29 09:21:09,262 [main] INFO  server.RaftServerConfigKeys (ConfUtils.java:logGet(46)) - raft.server.sleep.deviation.threshold = 300ms (default)
2024-04-29 09:21:09,262 [main] INFO  server.RaftServerConfigKeys (ConfUtils.java:logGet(46)) - raft.server.close.threshold = 60s (default)
2024-04-29 09:21:09,262 [main] INFO  server.RaftServerConfigKeys (ConfUtils.java:logGet(46)) - raft.server.leaderelection.leader.step-down.wait-time = 10s (default)
2024-04-29 09:21:09,262 [main] INFO  server.RaftServerConfigKeys (ConfUtils.java:logGet(46)) - raft.server.storage.dir = [/home/runner/work/ozone/ozone/hadoop-ozone/integration-test/target/test-dir/MiniOzoneClusterImpl-5c564e69-bd94-47d8-8ed3-49bff913e719/ozone-meta/datanode-7/ratis] (custom)
2024-04-29 09:21:09,262 [main] INFO  server.RaftServerConfigKeys (ConfUtils.java:logGet(46)) - raft.server.threadpool.proxy.cached = true (default)
2024-04-29 09:21:09,263 [main] INFO  server.RaftServerConfigKeys (ConfUtils.java:logGet(46)) - raft.server.threadpool.proxy.size = 0 (default)
2024-04-29 09:21:09,262 [ab29e55d-edbb-4b88-be19-86f551408953-NettyServerStreamRpc-bossGroup--thread1] INFO  logging.LoggingHandler (AbstractInternalLogger.java:log(148)) - [id: 0x7f4b0fe4] REGISTERED
2024-04-29 09:21:09,263 [ab29e55d-edbb-4b88-be19-86f551408953-NettyServerStreamRpc-bossGroup--thread1] INFO  logging.LoggingHandler (AbstractInternalLogger.java:log(148)) - [id: 0x7f4b0fe4] BIND: 0.0.0.0/0.0.0.0:15336
2024-04-29 09:21:09,263 [ab29e55d-edbb-4b88-be19-86f551408953-NettyServerStreamRpc-bossGroup--thread1] INFO  logging.LoggingHandler (AbstractInternalLogger.java:log(148)) - [id: 0x7f4b0fe4, L:/0.0.0.0:15336] ACTIVE
2024-04-29 09:21:09,263 [ab29e55d-edbb-4b88-be19-86f551408953-impl-thread1] INFO  server.RaftServer (RaftServerProxy.java:initGroupDir(264)) - ab29e55d-edbb-4b88-be19-86f551408953: found a subdirectory /home/runner/work/ozone/ozone/hadoop-ozone/integration-test/target/test-dir/MiniOzoneClusterImpl-5c564e69-bd94-47d8-8ed3-49bff913e719/ozone-meta/datanode-7/ratis/tmp
2024-04-29 09:21:09,263 [ab29e55d-edbb-4b88-be19-86f551408953-impl-thread1] INFO  server.RaftServer (RaftServerProxy.java:initGroupDir(269)) - ab29e55d-edbb-4b88-be19-86f551408953: The directory /home/runner/work/ozone/ozone/hadoop-ozone/integration-test/target/test-dir/MiniOzoneClusterImpl-5c564e69-bd94-47d8-8ed3-49bff913e719/ozone-meta/datanode-7/ratis/tmp is not a group directory; ignoring it. 
2024-04-29 09:21:09,263 [main] INFO  replication.ReplicationServer (ReplicationServer.java:<init>(86)) - Initializing replication server with thread count = 10 queue length = 4096
2024-04-29 09:21:09,264 [main] INFO  server.XceiverServerGrpc (XceiverServerGrpc.java:<init>(141)) - GrpcServer channel type EpollServerSocketChannel
2024-04-29 09:21:09,266 [main] INFO  replication.ReplicationSupervisor (ReplicationSupervisor.java:build(157)) - Initializing replication supervisor with thread count = 10
2024-04-29 09:21:09,266 [main] INFO  replication.ReplicationSupervisor (ReplicationSupervisor.java:nodeStateUpdated(312)) - Node state updated to IN_SERVICE, scaling executor pool size to 10
2024-04-29 09:21:09,267 [main] INFO  http.BaseHttpServer (BaseHttpServer.java:newHttpServer2BuilderForOzone(223)) - Starting Web-server for hddsDatanode at: http://0.0.0.0:15330
2024-04-29 09:21:09,267 [main] INFO  http.BaseHttpServer (BaseHttpServer.java:<init>(110)) - Hadoop Security Enabled: false Ozone Security Enabled: false Ozone HTTP Security Enabled: false 
2024-04-29 09:21:09,268 [main] WARN  server.AuthenticationFilter (AuthenticationFilter.java:constructSecretProvider(240)) - Unable to initialize FileSignerSecretProvider, falling back to use random secrets. Reason: Could not read signature secret file: /home/runner/hadoop-http-auth-signature-secret
2024-04-29 09:21:09,269 [main] INFO  http.HttpRequestLog (HttpRequestLog.java:getRequestLog(86)) - Http request log for http.requests.hddsDatanode is not defined
2024-04-29 09:21:09,269 [main] INFO  http.HttpServer2 (HttpServer2.java:addGlobalFilter(1036)) - Added global filter 'safety' (class=org.apache.hadoop.hdds.server.http.HttpServer2$QuotingInputFilter)
2024-04-29 09:21:09,270 [main] INFO  http.HttpServer2 (HttpServer2.java:addFilter(1012)) - Added filter static_user_filter (class=org.apache.hadoop.http.lib.StaticUserWebFilter$StaticUserFilter) to context hddsDatanode
2024-04-29 09:21:09,270 [main] INFO  http.HttpServer2 (HttpServer2.java:addFilter(1020)) - Added filter static_user_filter (class=org.apache.hadoop.http.lib.StaticUserWebFilter$StaticUserFilter) to context logs
2024-04-29 09:21:09,270 [main] INFO  http.HttpServer2 (HttpServer2.java:addFilter(1020)) - Added filter static_user_filter (class=org.apache.hadoop.http.lib.StaticUserWebFilter$StaticUserFilter) to context static
2024-04-29 09:21:09,270 [main] INFO  http.BaseHttpServer (BaseHttpServer.java:<init>(189)) - HTTP server of hddsDatanode uses base directory /home/runner/work/ozone/ozone/hadoop-ozone/integration-test/target/test-dir/MiniOzoneClusterImpl-5c564e69-bd94-47d8-8ed3-49bff913e719/ozone-meta/datanode-7/meta/webserver
2024-04-29 09:21:09,271 [main] INFO  http.HttpServer2 (HttpServer2.java:bindListener(1236)) - Jetty bound to port 15330
2024-04-29 09:21:09,271 [main] INFO  server.Server (Server.java:doStart(375)) - jetty-9.4.54.v20240208; built: 2024-02-08T19:42:39.027Z; git: cef3fbd6d736a21e7d541a5db490381d95a2047d; jvm 17.0.10+7
2024-04-29 09:21:09,272 [main] INFO  server.session (DefaultSessionIdManager.java:doStart(334)) - DefaultSessionIdManager workerName=node0
2024-04-29 09:21:09,272 [main] INFO  server.session (DefaultSessionIdManager.java:doStart(339)) - No SessionScavenger set, using defaults
2024-04-29 09:21:09,272 [main] INFO  server.session (HouseKeeper.java:startScavenging(132)) - node0 Scavenging every 660000ms
2024-04-29 09:21:09,272 [main] INFO  handler.ContextHandler (ContextHandler.java:doStart(921)) - Started o.e.j.s.ServletContextHandler@32472631{logs,/logs,file:///home/runner/work/ozone/ozone/hadoop-ozone/integration-test/target/log,AVAILABLE}
2024-04-29 09:21:09,273 [main] INFO  handler.ContextHandler (ContextHandler.java:doStart(921)) - Started o.e.j.s.ServletContextHandler@4abb5d17{static,/static,file:///home/runner/work/ozone/ozone/hadoop-hdds/container-service/target/classes/webapps/static,AVAILABLE}
2024-04-29 09:21:09,275 [main] INFO  handler.ContextHandler (ContextHandler.java:doStart(921)) - Started o.e.j.w.WebAppContext@250e2047{hddsDatanode,/,file:///home/runner/work/ozone/ozone/hadoop-hdds/container-service/target/classes/webapps/hddsDatanode/,AVAILABLE}{file:/home/runner/work/ozone/ozone/hadoop-hdds/container-service/target/classes/webapps/hddsDatanode}
2024-04-29 09:21:09,276 [main] INFO  server.AbstractConnector (AbstractConnector.java:doStart(333)) - Started ServerConnector@39133ce1{HTTP/1.1, (http/1.1)}{0.0.0.0:15330}
2024-04-29 09:21:09,276 [main] INFO  server.Server (Server.java:doStart(415)) - Started @114055ms
2024-04-29 09:21:09,276 [main] WARN  impl.MetricsSystemImpl (MetricsSystemImpl.java:register(279)) - Sink prometheus already exists!
2024-04-29 09:21:09,276 [main] INFO  http.BaseHttpServer (BaseHttpServer.java:updateConnectorAddress(354)) - HTTP server of hddsDatanode listening at http://0.0.0.0:15330
2024-04-29 09:21:09,277 [main] INFO  ipc.CallQueueManager (CallQueueManager.java:<init>(90)) - Using callQueue: class java.util.concurrent.LinkedBlockingQueue, queueCapacity: 100, scheduler: class org.apache.hadoop.ipc.DefaultRpcScheduler, ipcBackoff: false.
2024-04-29 09:21:09,277 [main] INFO  ipc.Server (Server.java:<init>(1287)) - Listener at 0.0.0.0:15331
2024-04-29 09:21:09,277 [Socket Reader #1 for port 15331] INFO  ipc.Server (Server.java:run(1323)) - Starting Socket Reader #1 for port 15331
2024-04-29 09:21:09,279 [main] INFO  ozone.HddsDatanodeService (HddsDatanodeService.java:start(327)) - Datanode start with admins: [runner]
2024-04-29 09:21:09,279 [main] INFO  ozone.HddsDatanodeClientProtocolServer (HddsDatanodeClientProtocolServer.java:start(77)) - RPC server for Client /0.0.0.0:15331
2024-04-29 09:21:09,280 [IPC Server Responder] INFO  ipc.Server (Server.java:run(1562)) - IPC Server Responder: starting
2024-04-29 09:21:09,280 [IPC Server listener on 15331] INFO  ipc.Server (Server.java:run(1402)) - IPC Server listener on 15331: starting
2024-04-29 09:21:09,280 [ab29e55d-edbb-4b88-be19-86f551408953-DatanodeStateMachineDaemonThread] INFO  statemachine.DatanodeStateMachine (DatanodeStateMachine.java:lambda$startDaemon$1(555)) - Ozone container server started.
2024-04-29 09:21:09,280 [main] WARN  dropwizard3.Dm3MetricRegistriesImpl (Dm3MetricRegistriesImpl.java:addReporterRegistration(113)) - New reporters are added after registries were created. Some metrics will be missing from the reporter. Please add reporter before adding any new registry.
2024-04-29 09:21:09,280 [main] WARN  dropwizard3.Dm3MetricRegistriesImpl (Dm3MetricRegistriesImpl.java:addReporterRegistration(113)) - New reporters are added after registries were created. Some metrics will be missing from the reporter. Please add reporter before adding any new registry.
2024-04-29 09:21:09,280 [main] INFO  impl.MetricsSystemImpl (MetricsSystemImpl.java:init(158)) - HddsDatanode metrics system started (again)
2024-04-29 09:21:09,286 [ab29e55d-edbb-4b88-be19-86f551408953-DatanodeStateMachineTaskThread-0] INFO  datanode.InitDatanodeState (InitDatanodeState.java:persistContainerDatanodeDetails(139)) - DatanodeDetails is persisted to /home/runner/work/ozone/ozone/hadoop-ozone/integration-test/target/test-dir/MiniOzoneClusterImpl-5c564e69-bd94-47d8-8ed3-49bff913e719/ozone-meta/datanode-7/meta/datanode.id
2024-04-29 09:21:09,289 [main] INFO  ozone.HddsDatanodeService (HddsDatanodeService.java:start(240)) - HddsDatanodeService host:fv-az771-493.rk3yhgbdfeeu5pdqztzaatlnyd.ex.internal.cloudapp.net ip:10.1.0.30
2024-04-29 09:21:09,304 [main] INFO  upgrade.AbstractLayoutVersionManager (AbstractLayoutVersionManager.java:init(83)) - Initializing Layout version manager with metadata layout = HADOOP_PRC_PORTS_IN_DATANODEDETAILS (version = 7), software layout = HADOOP_PRC_PORTS_IN_DATANODEDETAILS (version = 7)
2024-04-29 09:21:09,304 [main] INFO  statemachine.DatanodeStateMachine (DatanodeStateMachine.java:getEndPointTaskThreadPoolSize(299)) - Datanode State Machine Task Thread Pool size 2
2024-04-29 09:21:09,305 [main] INFO  volume.HddsVolume (HddsVolume.java:<init>(126)) - Creating HddsVolume: /home/runner/work/ozone/ozone/hadoop-ozone/integration-test/target/test-dir/MiniOzoneClusterImpl-5c564e69-bd94-47d8-8ed3-49bff913e719/ozone-meta/datanode-8/data-0/hdds of storage type : DISK capacity : 9223372036854775807
2024-04-29 09:21:09,305 [main] INFO  volume.MutableVolumeSet (MutableVolumeSet.java:initializeVolumeSet(173)) - Added Volume : /home/runner/work/ozone/ozone/hadoop-ozone/integration-test/target/test-dir/MiniOzoneClusterImpl-5c564e69-bd94-47d8-8ed3-49bff913e719/ozone-meta/datanode-8/data-0/hdds to VolumeSet
2024-04-29 09:21:09,306 [main] INFO  volume.MutableVolumeSet (MutableVolumeSet.java:initializeVolumeSet(173)) - Added Volume : /home/runner/work/ozone/ozone/hadoop-ozone/integration-test/target/test-dir/MiniOzoneClusterImpl-5c564e69-bd94-47d8-8ed3-49bff913e719/ozone-meta/datanode-8/ratis to VolumeSet
2024-04-29 09:21:09,306 [main] INFO  ozoneimpl.OzoneContainer (HddsVolumeUtil.java:loadAllHddsVolumeDbStore(103)) - Load 1 volumes DbStore cost: 0ms
2024-04-29 09:21:09,307 [main] INFO  server.RaftServer (ConfUtils.java:logGet(46)) - raft.rpc.type = GRPC (default)
2024-04-29 09:21:09,307 [main] INFO  grpc.GrpcConfigKeys (ConfUtils.java:logFallback(53)) - raft.grpc.admin.host = null (fallback to raft.grpc.server.host)
2024-04-29 09:21:09,307 [main] INFO  grpc.GrpcConfigKeys (ConfUtils.java:logGet(46)) - raft.grpc.admin.port = 15343 (custom)
2024-04-29 09:21:09,308 [main] INFO  grpc.GrpcConfigKeys (ConfUtils.java:logFallback(53)) - raft.grpc.client.host = null (fallback to raft.grpc.server.host)
2024-04-29 09:21:09,308 [main] INFO  grpc.GrpcConfigKeys (ConfUtils.java:logGet(46)) - raft.grpc.client.port = 15342 (custom)
2024-04-29 09:21:09,308 [main] INFO  grpc.GrpcConfigKeys (ConfUtils.java:logGet(46)) - raft.grpc.server.host = null (default)
2024-04-29 09:21:09,308 [main] INFO  grpc.GrpcConfigKeys (ConfUtils.java:logGet(46)) - raft.grpc.server.port = 15344 (custom)
2024-04-29 09:21:09,308 [main] INFO  server.GrpcService (ConfUtils.java:logGet(46)) - raft.grpc.message.size.max = 32MB (=33554432) (custom)
2024-04-29 09:21:09,308 [main] INFO  server.RaftServerConfigKeys (ConfUtils.java:logGet(46)) - raft.server.log.appender.buffer.byte-limit = 8388608 (custom)
2024-04-29 09:21:09,308 [main] INFO  server.GrpcService (ConfUtils.java:logGet(46)) - raft.grpc.flow.control.window = 5MB (=5242880) (custom)
2024-04-29 09:21:09,308 [main] INFO  server.RaftServerConfigKeys (ConfUtils.java:logGet(46)) - raft.server.rpc.request.timeout = 3000ms (default)
2024-04-29 09:21:09,308 [main] INFO  grpc.GrpcConfigKeys (ConfUtils.java:logGet(46)) - raft.grpc.server.heartbeat.channel = true (default)
2024-04-29 09:21:09,308 [main] INFO  grpc.GrpcConfigKeys (ConfUtils.java:logGet(46)) - raft.grpc.server.async.request.thread.pool.cached = true (default)
2024-04-29 09:21:09,308 [main] INFO  grpc.GrpcConfigKeys (ConfUtils.java:logGet(46)) - raft.grpc.server.async.request.thread.pool.size = 32 (default)
2024-04-29 09:21:09,310 [main] INFO  impl.DataStreamServerImpl (ConfUtils.java:logGet(46)) - raft.datastream.type = NETTY (custom)
2024-04-29 09:21:09,310 [main] INFO  server.RaftServerConfigKeys (ConfUtils.java:logGet(46)) - raft.server.data-stream.async.request.thread.pool.cached = false (default)
2024-04-29 09:21:09,310 [main] INFO  server.RaftServerConfigKeys (ConfUtils.java:logGet(46)) - raft.server.data-stream.async.request.thread.pool.size = 20 (custom)
2024-04-29 09:21:09,310 [main] INFO  server.RaftServerConfigKeys (ConfUtils.java:logGet(46)) - raft.server.data-stream.async.write.thread.pool.size = 16 (default)
2024-04-29 09:21:09,310 [main] INFO  netty.NettyConfigKeys$DataStream (ConfUtils.java:logGet(46)) - raft.netty.dataStream.server.channel.inactive.grace-period = 10min (default)
2024-04-29 09:21:09,310 [main] INFO  server.RaftServerConfigKeys (ConfUtils.java:logGet(46)) - raft.server.data-stream.client.pool.size = 10 (default)
2024-04-29 09:21:09,310 [main] INFO  netty.NettyConfigKeys$DataStream (ConfUtils.java:logGet(46)) - raft.netty.dataStream.server.use-epoll = true (default)
2024-04-29 09:21:09,310 [main] INFO  netty.NettyConfigKeys$DataStream (ConfUtils.java:logGet(46)) - raft.netty.dataStream.server.boss-group.size = 0 (default)
2024-04-29 09:21:09,310 [main] INFO  netty.NettyUtils (NettyUtils.java:newEventLoopGroup(69)) - Create EpollEventLoopGroup for 9aa29c9a-34be-4d10-8746-61e8629e52a2-NettyServerStreamRpc-bossGroup; Thread size is 0.
2024-04-29 09:21:09,311 [main] INFO  netty.NettyConfigKeys$DataStream (ConfUtils.java:logGet(46)) - raft.netty.dataStream.server.worker-group.size = 0 (default)
2024-04-29 09:21:09,311 [main] INFO  netty.NettyUtils (NettyUtils.java:newEventLoopGroup(69)) - Create EpollEventLoopGroup for 9aa29c9a-34be-4d10-8746-61e8629e52a2-NettyServerStreamRpc-workerGroup; Thread size is 0.
2024-04-29 09:21:09,311 [main] INFO  netty.NettyConfigKeys$DataStream (ConfUtils.java:logGet(46)) - raft.netty.dataStream.server.tls.conf = null (default)
2024-04-29 09:21:09,311 [main] INFO  netty.NettyConfigKeys$DataStream (ConfUtils.java:logGet(46)) - raft.netty.dataStream.host = null (default)
2024-04-29 09:21:09,311 [main] INFO  netty.NettyConfigKeys$DataStream (ConfUtils.java:logGet(46)) - raft.netty.dataStream.port = 15345 (custom)
2024-04-29 09:21:09,311 [main] INFO  server.RaftServerConfigKeys (ConfUtils.java:logGet(46)) - raft.server.sleep.deviation.threshold = 300ms (default)
2024-04-29 09:21:09,311 [main] INFO  server.RaftServerConfigKeys (ConfUtils.java:logGet(46)) - raft.server.close.threshold = 60s (default)
2024-04-29 09:21:09,312 [main] INFO  server.RaftServerConfigKeys (ConfUtils.java:logGet(46)) - raft.server.leaderelection.leader.step-down.wait-time = 10s (default)
2024-04-29 09:21:09,312 [9aa29c9a-34be-4d10-8746-61e8629e52a2-NettyServerStreamRpc-bossGroup--thread1] INFO  logging.LoggingHandler (AbstractInternalLogger.java:log(148)) - [id: 0x3376675d] REGISTERED
2024-04-29 09:21:09,312 [main] INFO  server.RaftServerConfigKeys (ConfUtils.java:logGet(46)) - raft.server.storage.dir = [/home/runner/work/ozone/ozone/hadoop-ozone/integration-test/target/test-dir/MiniOzoneClusterImpl-5c564e69-bd94-47d8-8ed3-49bff913e719/ozone-meta/datanode-8/ratis] (custom)
2024-04-29 09:21:09,312 [main] INFO  server.RaftServerConfigKeys (ConfUtils.java:logGet(46)) - raft.server.threadpool.proxy.cached = true (default)
2024-04-29 09:21:09,312 [main] INFO  server.RaftServerConfigKeys (ConfUtils.java:logGet(46)) - raft.server.threadpool.proxy.size = 0 (default)
2024-04-29 09:21:09,312 [9aa29c9a-34be-4d10-8746-61e8629e52a2-NettyServerStreamRpc-bossGroup--thread1] INFO  logging.LoggingHandler (AbstractInternalLogger.java:log(148)) - [id: 0x3376675d] BIND: 0.0.0.0/0.0.0.0:15345
2024-04-29 09:21:09,312 [9aa29c9a-34be-4d10-8746-61e8629e52a2-NettyServerStreamRpc-bossGroup--thread1] INFO  logging.LoggingHandler (AbstractInternalLogger.java:log(148)) - [id: 0x3376675d, L:/0.0.0.0:15345] ACTIVE
2024-04-29 09:21:09,312 [9aa29c9a-34be-4d10-8746-61e8629e52a2-impl-thread1] INFO  server.RaftServer (RaftServerProxy.java:initGroupDir(264)) - 9aa29c9a-34be-4d10-8746-61e8629e52a2: found a subdirectory /home/runner/work/ozone/ozone/hadoop-ozone/integration-test/target/test-dir/MiniOzoneClusterImpl-5c564e69-bd94-47d8-8ed3-49bff913e719/ozone-meta/datanode-8/ratis/tmp
2024-04-29 09:21:09,312 [9aa29c9a-34be-4d10-8746-61e8629e52a2-impl-thread1] INFO  server.RaftServer (RaftServerProxy.java:initGroupDir(269)) - 9aa29c9a-34be-4d10-8746-61e8629e52a2: The directory /home/runner/work/ozone/ozone/hadoop-ozone/integration-test/target/test-dir/MiniOzoneClusterImpl-5c564e69-bd94-47d8-8ed3-49bff913e719/ozone-meta/datanode-8/ratis/tmp is not a group directory; ignoring it. 
2024-04-29 09:21:09,313 [main] INFO  replication.ReplicationServer (ReplicationServer.java:<init>(86)) - Initializing replication server with thread count = 10 queue length = 4096
2024-04-29 09:21:09,313 [main] INFO  server.XceiverServerGrpc (XceiverServerGrpc.java:<init>(141)) - GrpcServer channel type EpollServerSocketChannel
2024-04-29 09:21:09,314 [main] INFO  replication.ReplicationSupervisor (ReplicationSupervisor.java:build(157)) - Initializing replication supervisor with thread count = 10
2024-04-29 09:21:09,314 [main] INFO  replication.ReplicationSupervisor (ReplicationSupervisor.java:nodeStateUpdated(312)) - Node state updated to IN_SERVICE, scaling executor pool size to 10
2024-04-29 09:21:09,316 [main] INFO  http.BaseHttpServer (BaseHttpServer.java:newHttpServer2BuilderForOzone(223)) - Starting Web-server for hddsDatanode at: http://0.0.0.0:15339
2024-04-29 09:21:09,316 [main] INFO  http.BaseHttpServer (BaseHttpServer.java:<init>(110)) - Hadoop Security Enabled: false Ozone Security Enabled: false Ozone HTTP Security Enabled: false 
2024-04-29 09:21:09,316 [main] WARN  server.AuthenticationFilter (AuthenticationFilter.java:constructSecretProvider(240)) - Unable to initialize FileSignerSecretProvider, falling back to use random secrets. Reason: Could not read signature secret file: /home/runner/hadoop-http-auth-signature-secret
2024-04-29 09:21:09,317 [main] INFO  http.HttpRequestLog (HttpRequestLog.java:getRequestLog(86)) - Http request log for http.requests.hddsDatanode is not defined
2024-04-29 09:21:09,318 [main] INFO  http.HttpServer2 (HttpServer2.java:addGlobalFilter(1036)) - Added global filter 'safety' (class=org.apache.hadoop.hdds.server.http.HttpServer2$QuotingInputFilter)
2024-04-29 09:21:09,318 [main] INFO  http.HttpServer2 (HttpServer2.java:addFilter(1012)) - Added filter static_user_filter (class=org.apache.hadoop.http.lib.StaticUserWebFilter$StaticUserFilter) to context hddsDatanode
2024-04-29 09:21:09,318 [main] INFO  http.HttpServer2 (HttpServer2.java:addFilter(1020)) - Added filter static_user_filter (class=org.apache.hadoop.http.lib.StaticUserWebFilter$StaticUserFilter) to context logs
2024-04-29 09:21:09,318 [main] INFO  http.HttpServer2 (HttpServer2.java:addFilter(1020)) - Added filter static_user_filter (class=org.apache.hadoop.http.lib.StaticUserWebFilter$StaticUserFilter) to context static
2024-04-29 09:21:09,319 [main] INFO  http.BaseHttpServer (BaseHttpServer.java:<init>(189)) - HTTP server of hddsDatanode uses base directory /home/runner/work/ozone/ozone/hadoop-ozone/integration-test/target/test-dir/MiniOzoneClusterImpl-5c564e69-bd94-47d8-8ed3-49bff913e719/ozone-meta/datanode-8/meta/webserver
2024-04-29 09:21:09,319 [main] INFO  http.HttpServer2 (HttpServer2.java:bindListener(1236)) - Jetty bound to port 15339
2024-04-29 09:21:09,319 [main] INFO  server.Server (Server.java:doStart(375)) - jetty-9.4.54.v20240208; built: 2024-02-08T19:42:39.027Z; git: cef3fbd6d736a21e7d541a5db490381d95a2047d; jvm 17.0.10+7
2024-04-29 09:21:09,320 [main] INFO  server.session (DefaultSessionIdManager.java:doStart(334)) - DefaultSessionIdManager workerName=node0
2024-04-29 09:21:09,320 [main] INFO  server.session (DefaultSessionIdManager.java:doStart(339)) - No SessionScavenger set, using defaults
2024-04-29 09:21:09,320 [main] INFO  server.session (HouseKeeper.java:startScavenging(132)) - node0 Scavenging every 660000ms
2024-04-29 09:21:09,324 [main] INFO  handler.ContextHandler (ContextHandler.java:doStart(921)) - Started o.e.j.s.ServletContextHandler@4bd23b22{logs,/logs,file:///home/runner/work/ozone/ozone/hadoop-ozone/integration-test/target/log,AVAILABLE}
2024-04-29 09:21:09,324 [main] INFO  handler.ContextHandler (ContextHandler.java:doStart(921)) - Started o.e.j.s.ServletContextHandler@10b87c58{static,/static,file:///home/runner/work/ozone/ozone/hadoop-hdds/container-service/target/classes/webapps/static,AVAILABLE}
2024-04-29 09:21:09,327 [main] INFO  handler.ContextHandler (ContextHandler.java:doStart(921)) - Started o.e.j.w.WebAppContext@388c0178{hddsDatanode,/,file:///home/runner/work/ozone/ozone/hadoop-hdds/container-service/target/classes/webapps/hddsDatanode/,AVAILABLE}{file:/home/runner/work/ozone/ozone/hadoop-hdds/container-service/target/classes/webapps/hddsDatanode}
2024-04-29 09:21:09,328 [main] INFO  server.AbstractConnector (AbstractConnector.java:doStart(333)) - Started ServerConnector@698f3ac4{HTTP/1.1, (http/1.1)}{0.0.0.0:15339}
2024-04-29 09:21:09,328 [main] INFO  server.Server (Server.java:doStart(415)) - Started @114106ms
2024-04-29 09:21:09,328 [main] WARN  impl.MetricsSystemImpl (MetricsSystemImpl.java:register(279)) - Sink prometheus already exists!
2024-04-29 09:21:09,328 [main] INFO  http.BaseHttpServer (BaseHttpServer.java:updateConnectorAddress(354)) - HTTP server of hddsDatanode listening at http://0.0.0.0:15339
2024-04-29 09:21:09,329 [main] INFO  ipc.CallQueueManager (CallQueueManager.java:<init>(90)) - Using callQueue: class java.util.concurrent.LinkedBlockingQueue, queueCapacity: 100, scheduler: class org.apache.hadoop.ipc.DefaultRpcScheduler, ipcBackoff: false.
2024-04-29 09:21:09,329 [main] INFO  ipc.Server (Server.java:<init>(1287)) - Listener at 0.0.0.0:15340
2024-04-29 09:21:09,329 [Socket Reader #1 for port 15340] INFO  ipc.Server (Server.java:run(1323)) - Starting Socket Reader #1 for port 15340
2024-04-29 09:21:09,330 [main] INFO  ozone.HddsDatanodeService (HddsDatanodeService.java:start(327)) - Datanode start with admins: [runner]
2024-04-29 09:21:09,330 [main] INFO  ozone.HddsDatanodeClientProtocolServer (HddsDatanodeClientProtocolServer.java:start(77)) - RPC server for Client /0.0.0.0:15340
2024-04-29 09:21:09,331 [IPC Server Responder] INFO  ipc.Server (Server.java:run(1562)) - IPC Server Responder: starting
2024-04-29 09:21:09,331 [IPC Server listener on 15340] INFO  ipc.Server (Server.java:run(1402)) - IPC Server listener on 15340: starting
2024-04-29 09:21:09,331 [main] WARN  dropwizard3.Dm3MetricRegistriesImpl (Dm3MetricRegistriesImpl.java:addReporterRegistration(113)) - New reporters are added after registries were created. Some metrics will be missing from the reporter. Please add reporter before adding any new registry.
2024-04-29 09:21:09,331 [main] WARN  dropwizard3.Dm3MetricRegistriesImpl (Dm3MetricRegistriesImpl.java:addReporterRegistration(113)) - New reporters are added after registries were created. Some metrics will be missing from the reporter. Please add reporter before adding any new registry.
2024-04-29 09:21:09,331 [main] INFO  impl.MetricsSystemImpl (MetricsSystemImpl.java:init(158)) - HddsDatanode metrics system started (again)
2024-04-29 09:21:09,331 [9aa29c9a-34be-4d10-8746-61e8629e52a2-DatanodeStateMachineDaemonThread] INFO  statemachine.DatanodeStateMachine (DatanodeStateMachine.java:lambda$startDaemon$1(555)) - Ozone container server started.
2024-04-29 09:21:09,334 [9aa29c9a-34be-4d10-8746-61e8629e52a2-DatanodeStateMachineTaskThread-0] INFO  datanode.InitDatanodeState (InitDatanodeState.java:persistContainerDatanodeDetails(139)) - DatanodeDetails is persisted to /home/runner/work/ozone/ozone/hadoop-ozone/integration-test/target/test-dir/MiniOzoneClusterImpl-5c564e69-bd94-47d8-8ed3-49bff913e719/ozone-meta/datanode-8/meta/datanode.id
2024-04-29 09:21:09,341 [main] INFO  ozone.HddsDatanodeService (HddsDatanodeService.java:start(240)) - HddsDatanodeService host:fv-az771-493.rk3yhgbdfeeu5pdqztzaatlnyd.ex.internal.cloudapp.net ip:10.1.0.30
2024-04-29 09:21:09,355 [main] INFO  upgrade.AbstractLayoutVersionManager (AbstractLayoutVersionManager.java:init(83)) - Initializing Layout version manager with metadata layout = HADOOP_PRC_PORTS_IN_DATANODEDETAILS (version = 7), software layout = HADOOP_PRC_PORTS_IN_DATANODEDETAILS (version = 7)
2024-04-29 09:21:09,355 [main] INFO  statemachine.DatanodeStateMachine (DatanodeStateMachine.java:getEndPointTaskThreadPoolSize(299)) - Datanode State Machine Task Thread Pool size 2
2024-04-29 09:21:09,356 [main] INFO  volume.HddsVolume (HddsVolume.java:<init>(126)) - Creating HddsVolume: /home/runner/work/ozone/ozone/hadoop-ozone/integration-test/target/test-dir/MiniOzoneClusterImpl-5c564e69-bd94-47d8-8ed3-49bff913e719/ozone-meta/datanode-9/data-0/hdds of storage type : DISK capacity : 9223372036854775807
2024-04-29 09:21:09,356 [main] INFO  volume.MutableVolumeSet (MutableVolumeSet.java:initializeVolumeSet(173)) - Added Volume : /home/runner/work/ozone/ozone/hadoop-ozone/integration-test/target/test-dir/MiniOzoneClusterImpl-5c564e69-bd94-47d8-8ed3-49bff913e719/ozone-meta/datanode-9/data-0/hdds to VolumeSet
2024-04-29 09:21:09,356 [main] INFO  volume.MutableVolumeSet (MutableVolumeSet.java:initializeVolumeSet(173)) - Added Volume : /home/runner/work/ozone/ozone/hadoop-ozone/integration-test/target/test-dir/MiniOzoneClusterImpl-5c564e69-bd94-47d8-8ed3-49bff913e719/ozone-meta/datanode-9/ratis to VolumeSet
2024-04-29 09:21:09,356 [main] INFO  ozoneimpl.OzoneContainer (HddsVolumeUtil.java:loadAllHddsVolumeDbStore(103)) - Load 1 volumes DbStore cost: 0ms
2024-04-29 09:21:09,358 [main] INFO  server.RaftServer (ConfUtils.java:logGet(46)) - raft.rpc.type = GRPC (default)
2024-04-29 09:21:09,358 [main] INFO  grpc.GrpcConfigKeys (ConfUtils.java:logFallback(53)) - raft.grpc.admin.host = null (fallback to raft.grpc.server.host)
2024-04-29 09:21:09,358 [main] INFO  grpc.GrpcConfigKeys (ConfUtils.java:logGet(46)) - raft.grpc.admin.port = 15352 (custom)
2024-04-29 09:21:09,358 [main] INFO  grpc.GrpcConfigKeys (ConfUtils.java:logFallback(53)) - raft.grpc.client.host = null (fallback to raft.grpc.server.host)
2024-04-29 09:21:09,358 [main] INFO  grpc.GrpcConfigKeys (ConfUtils.java:logGet(46)) - raft.grpc.client.port = 15351 (custom)
2024-04-29 09:21:09,358 [main] INFO  grpc.GrpcConfigKeys (ConfUtils.java:logGet(46)) - raft.grpc.server.host = null (default)
2024-04-29 09:21:09,358 [main] INFO  grpc.GrpcConfigKeys (ConfUtils.java:logGet(46)) - raft.grpc.server.port = 15353 (custom)
2024-04-29 09:21:09,358 [main] INFO  server.GrpcService (ConfUtils.java:logGet(46)) - raft.grpc.message.size.max = 32MB (=33554432) (custom)
2024-04-29 09:21:09,358 [main] INFO  server.RaftServerConfigKeys (ConfUtils.java:logGet(46)) - raft.server.log.appender.buffer.byte-limit = 8388608 (custom)
2024-04-29 09:21:09,359 [main] INFO  server.GrpcService (ConfUtils.java:logGet(46)) - raft.grpc.flow.control.window = 5MB (=5242880) (custom)
2024-04-29 09:21:09,359 [main] INFO  server.RaftServerConfigKeys (ConfUtils.java:logGet(46)) - raft.server.rpc.request.timeout = 3000ms (default)
2024-04-29 09:21:09,359 [main] INFO  grpc.GrpcConfigKeys (ConfUtils.java:logGet(46)) - raft.grpc.server.heartbeat.channel = true (default)
2024-04-29 09:21:09,359 [main] INFO  grpc.GrpcConfigKeys (ConfUtils.java:logGet(46)) - raft.grpc.server.async.request.thread.pool.cached = true (default)
2024-04-29 09:21:09,359 [main] INFO  grpc.GrpcConfigKeys (ConfUtils.java:logGet(46)) - raft.grpc.server.async.request.thread.pool.size = 32 (default)
2024-04-29 09:21:09,360 [main] INFO  impl.DataStreamServerImpl (ConfUtils.java:logGet(46)) - raft.datastream.type = NETTY (custom)
2024-04-29 09:21:09,360 [main] INFO  server.RaftServerConfigKeys (ConfUtils.java:logGet(46)) - raft.server.data-stream.async.request.thread.pool.cached = false (default)
2024-04-29 09:21:09,360 [main] INFO  server.RaftServerConfigKeys (ConfUtils.java:logGet(46)) - raft.server.data-stream.async.request.thread.pool.size = 20 (custom)
2024-04-29 09:21:09,360 [main] INFO  server.RaftServerConfigKeys (ConfUtils.java:logGet(46)) - raft.server.data-stream.async.write.thread.pool.size = 16 (default)
2024-04-29 09:21:09,360 [main] INFO  netty.NettyConfigKeys$DataStream (ConfUtils.java:logGet(46)) - raft.netty.dataStream.server.channel.inactive.grace-period = 10min (default)
2024-04-29 09:21:09,361 [main] INFO  server.RaftServerConfigKeys (ConfUtils.java:logGet(46)) - raft.server.data-stream.client.pool.size = 10 (default)
2024-04-29 09:21:09,361 [main] INFO  netty.NettyConfigKeys$DataStream (ConfUtils.java:logGet(46)) - raft.netty.dataStream.server.use-epoll = true (default)
2024-04-29 09:21:09,361 [main] INFO  netty.NettyConfigKeys$DataStream (ConfUtils.java:logGet(46)) - raft.netty.dataStream.server.boss-group.size = 0 (default)
2024-04-29 09:21:09,361 [main] INFO  netty.NettyUtils (NettyUtils.java:newEventLoopGroup(69)) - Create EpollEventLoopGroup for 2915b4d7-e658-4864-9310-64154da9bd5b-NettyServerStreamRpc-bossGroup; Thread size is 0.
2024-04-29 09:21:09,361 [main] INFO  netty.NettyConfigKeys$DataStream (ConfUtils.java:logGet(46)) - raft.netty.dataStream.server.worker-group.size = 0 (default)
2024-04-29 09:21:09,361 [main] INFO  netty.NettyUtils (NettyUtils.java:newEventLoopGroup(69)) - Create EpollEventLoopGroup for 2915b4d7-e658-4864-9310-64154da9bd5b-NettyServerStreamRpc-workerGroup; Thread size is 0.
2024-04-29 09:21:09,362 [main] INFO  netty.NettyConfigKeys$DataStream (ConfUtils.java:logGet(46)) - raft.netty.dataStream.server.tls.conf = null (default)
2024-04-29 09:21:09,362 [main] INFO  netty.NettyConfigKeys$DataStream (ConfUtils.java:logGet(46)) - raft.netty.dataStream.host = null (default)
2024-04-29 09:21:09,362 [main] INFO  netty.NettyConfigKeys$DataStream (ConfUtils.java:logGet(46)) - raft.netty.dataStream.port = 15354 (custom)
2024-04-29 09:21:09,362 [main] INFO  server.RaftServerConfigKeys (ConfUtils.java:logGet(46)) - raft.server.sleep.deviation.threshold = 300ms (default)
2024-04-29 09:21:09,362 [main] INFO  server.RaftServerConfigKeys (ConfUtils.java:logGet(46)) - raft.server.close.threshold = 60s (default)
2024-04-29 09:21:09,362 [main] INFO  server.RaftServerConfigKeys (ConfUtils.java:logGet(46)) - raft.server.leaderelection.leader.step-down.wait-time = 10s (default)
2024-04-29 09:21:09,363 [main] INFO  server.RaftServerConfigKeys (ConfUtils.java:logGet(46)) - raft.server.storage.dir = [/home/runner/work/ozone/ozone/hadoop-ozone/integration-test/target/test-dir/MiniOzoneClusterImpl-5c564e69-bd94-47d8-8ed3-49bff913e719/ozone-meta/datanode-9/ratis] (custom)
2024-04-29 09:21:09,363 [main] INFO  server.RaftServerConfigKeys (ConfUtils.java:logGet(46)) - raft.server.threadpool.proxy.cached = true (default)
2024-04-29 09:21:09,363 [main] INFO  server.RaftServerConfigKeys (ConfUtils.java:logGet(46)) - raft.server.threadpool.proxy.size = 0 (default)
2024-04-29 09:21:09,363 [2915b4d7-e658-4864-9310-64154da9bd5b-impl-thread1] INFO  server.RaftServer (RaftServerProxy.java:initGroupDir(264)) - 2915b4d7-e658-4864-9310-64154da9bd5b: found a subdirectory /home/runner/work/ozone/ozone/hadoop-ozone/integration-test/target/test-dir/MiniOzoneClusterImpl-5c564e69-bd94-47d8-8ed3-49bff913e719/ozone-meta/datanode-9/ratis/tmp
2024-04-29 09:21:09,363 [2915b4d7-e658-4864-9310-64154da9bd5b-impl-thread1] INFO  server.RaftServer (RaftServerProxy.java:initGroupDir(269)) - 2915b4d7-e658-4864-9310-64154da9bd5b: The directory /home/runner/work/ozone/ozone/hadoop-ozone/integration-test/target/test-dir/MiniOzoneClusterImpl-5c564e69-bd94-47d8-8ed3-49bff913e719/ozone-meta/datanode-9/ratis/tmp is not a group directory; ignoring it. 
2024-04-29 09:21:09,363 [main] INFO  replication.ReplicationServer (ReplicationServer.java:<init>(86)) - Initializing replication server with thread count = 10 queue length = 4096
2024-04-29 09:21:09,364 [2915b4d7-e658-4864-9310-64154da9bd5b-NettyServerStreamRpc-bossGroup--thread1] INFO  logging.LoggingHandler (AbstractInternalLogger.java:log(148)) - [id: 0x5413c1fa] REGISTERED
2024-04-29 09:21:09,364 [main] INFO  server.XceiverServerGrpc (XceiverServerGrpc.java:<init>(141)) - GrpcServer channel type EpollServerSocketChannel
2024-04-29 09:21:09,364 [2915b4d7-e658-4864-9310-64154da9bd5b-NettyServerStreamRpc-bossGroup--thread1] INFO  logging.LoggingHandler (AbstractInternalLogger.java:log(148)) - [id: 0x5413c1fa] BIND: 0.0.0.0/0.0.0.0:15354
2024-04-29 09:21:09,365 [2915b4d7-e658-4864-9310-64154da9bd5b-NettyServerStreamRpc-bossGroup--thread1] INFO  logging.LoggingHandler (AbstractInternalLogger.java:log(148)) - [id: 0x5413c1fa, L:/0.0.0.0:15354] ACTIVE
2024-04-29 09:21:09,366 [main] INFO  replication.ReplicationSupervisor (ReplicationSupervisor.java:build(157)) - Initializing replication supervisor with thread count = 10
2024-04-29 09:21:09,366 [main] INFO  replication.ReplicationSupervisor (ReplicationSupervisor.java:nodeStateUpdated(312)) - Node state updated to IN_SERVICE, scaling executor pool size to 10
2024-04-29 09:21:09,367 [main] INFO  http.BaseHttpServer (BaseHttpServer.java:newHttpServer2BuilderForOzone(223)) - Starting Web-server for hddsDatanode at: http://0.0.0.0:15348
2024-04-29 09:21:09,367 [main] INFO  http.BaseHttpServer (BaseHttpServer.java:<init>(110)) - Hadoop Security Enabled: false Ozone Security Enabled: false Ozone HTTP Security Enabled: false 
2024-04-29 09:21:09,368 [main] WARN  server.AuthenticationFilter (AuthenticationFilter.java:constructSecretProvider(240)) - Unable to initialize FileSignerSecretProvider, falling back to use random secrets. Reason: Could not read signature secret file: /home/runner/hadoop-http-auth-signature-secret
2024-04-29 09:21:09,368 [main] INFO  http.HttpRequestLog (HttpRequestLog.java:getRequestLog(86)) - Http request log for http.requests.hddsDatanode is not defined
2024-04-29 09:21:09,369 [main] INFO  http.HttpServer2 (HttpServer2.java:addGlobalFilter(1036)) - Added global filter 'safety' (class=org.apache.hadoop.hdds.server.http.HttpServer2$QuotingInputFilter)
2024-04-29 09:21:09,370 [main] INFO  http.HttpServer2 (HttpServer2.java:addFilter(1012)) - Added filter static_user_filter (class=org.apache.hadoop.http.lib.StaticUserWebFilter$StaticUserFilter) to context hddsDatanode
2024-04-29 09:21:09,370 [main] INFO  http.HttpServer2 (HttpServer2.java:addFilter(1020)) - Added filter static_user_filter (class=org.apache.hadoop.http.lib.StaticUserWebFilter$StaticUserFilter) to context logs
2024-04-29 09:21:09,370 [main] INFO  http.HttpServer2 (HttpServer2.java:addFilter(1020)) - Added filter static_user_filter (class=org.apache.hadoop.http.lib.StaticUserWebFilter$StaticUserFilter) to context static
2024-04-29 09:21:09,370 [main] INFO  http.BaseHttpServer (BaseHttpServer.java:<init>(189)) - HTTP server of hddsDatanode uses base directory /home/runner/work/ozone/ozone/hadoop-ozone/integration-test/target/test-dir/MiniOzoneClusterImpl-5c564e69-bd94-47d8-8ed3-49bff913e719/ozone-meta/datanode-9/meta/webserver
2024-04-29 09:21:09,370 [main] INFO  http.HttpServer2 (HttpServer2.java:bindListener(1236)) - Jetty bound to port 15348
2024-04-29 09:21:09,370 [main] INFO  server.Server (Server.java:doStart(375)) - jetty-9.4.54.v20240208; built: 2024-02-08T19:42:39.027Z; git: cef3fbd6d736a21e7d541a5db490381d95a2047d; jvm 17.0.10+7
2024-04-29 09:21:09,371 [main] INFO  server.session (DefaultSessionIdManager.java:doStart(334)) - DefaultSessionIdManager workerName=node0
2024-04-29 09:21:09,371 [main] INFO  server.session (DefaultSessionIdManager.java:doStart(339)) - No SessionScavenger set, using defaults
2024-04-29 09:21:09,372 [main] INFO  server.session (HouseKeeper.java:startScavenging(132)) - node0 Scavenging every 660000ms
2024-04-29 09:21:09,372 [main] INFO  handler.ContextHandler (ContextHandler.java:doStart(921)) - Started o.e.j.s.ServletContextHandler@3289d5df{logs,/logs,file:///home/runner/work/ozone/ozone/hadoop-ozone/integration-test/target/log,AVAILABLE}
2024-04-29 09:21:09,372 [main] INFO  handler.ContextHandler (ContextHandler.java:doStart(921)) - Started o.e.j.s.ServletContextHandler@7f2316ef{static,/static,file:///home/runner/work/ozone/ozone/hadoop-hdds/container-service/target/classes/webapps/static,AVAILABLE}
2024-04-29 09:21:09,375 [main] INFO  handler.ContextHandler (ContextHandler.java:doStart(921)) - Started o.e.j.w.WebAppContext@7d49efaf{hddsDatanode,/,file:///home/runner/work/ozone/ozone/hadoop-hdds/container-service/target/classes/webapps/hddsDatanode/,AVAILABLE}{file:/home/runner/work/ozone/ozone/hadoop-hdds/container-service/target/classes/webapps/hddsDatanode}
2024-04-29 09:21:09,376 [main] INFO  server.AbstractConnector (AbstractConnector.java:doStart(333)) - Started ServerConnector@e4e7ae8{HTTP/1.1, (http/1.1)}{0.0.0.0:15348}
2024-04-29 09:21:09,376 [main] INFO  server.Server (Server.java:doStart(415)) - Started @114155ms
2024-04-29 09:21:09,376 [main] WARN  impl.MetricsSystemImpl (MetricsSystemImpl.java:register(279)) - Sink prometheus already exists!
2024-04-29 09:21:09,377 [main] INFO  http.BaseHttpServer (BaseHttpServer.java:updateConnectorAddress(354)) - HTTP server of hddsDatanode listening at http://0.0.0.0:15348
2024-04-29 09:21:09,378 [main] INFO  ipc.CallQueueManager (CallQueueManager.java:<init>(90)) - Using callQueue: class java.util.concurrent.LinkedBlockingQueue, queueCapacity: 100, scheduler: class org.apache.hadoop.ipc.DefaultRpcScheduler, ipcBackoff: false.
2024-04-29 09:21:09,378 [main] INFO  ipc.Server (Server.java:<init>(1287)) - Listener at 0.0.0.0:15349
2024-04-29 09:21:09,378 [Socket Reader #1 for port 15349] INFO  ipc.Server (Server.java:run(1323)) - Starting Socket Reader #1 for port 15349
2024-04-29 09:21:09,379 [main] INFO  ozone.HddsDatanodeService (HddsDatanodeService.java:start(327)) - Datanode start with admins: [runner]
2024-04-29 09:21:09,379 [main] INFO  ozone.HddsDatanodeClientProtocolServer (HddsDatanodeClientProtocolServer.java:start(77)) - RPC server for Client /0.0.0.0:15349
2024-04-29 09:21:09,379 [IPC Server Responder] INFO  ipc.Server (Server.java:run(1562)) - IPC Server Responder: starting
2024-04-29 09:21:09,380 [IPC Server listener on 15349] INFO  ipc.Server (Server.java:run(1402)) - IPC Server listener on 15349: starting
2024-04-29 09:21:09,380 [2915b4d7-e658-4864-9310-64154da9bd5b-DatanodeStateMachineDaemonThread] INFO  statemachine.DatanodeStateMachine (DatanodeStateMachine.java:lambda$startDaemon$1(555)) - Ozone container server started.
2024-04-29 09:21:09,380 [main] INFO  ozone.MiniOzoneClusterImpl (MiniOzoneClusterImpl.java:lambda$waitForClusterToBeReady$0(194)) - Waiting for nodes to be ready. Got 0 of 9 DN Heartbeats.
2024-04-29 09:21:09,380 [main] INFO  ozone.MiniOzoneClusterImpl (MiniOzoneClusterImpl.java:lambda$waitForClusterToBeReady$0(197)) - Waiting for cluster to exit safe mode
2024-04-29 09:21:09,381 [main] INFO  ozone.MiniOzoneClusterImpl (MiniOzoneClusterImpl.java:lambda$waitForClusterToBeReady$0(199)) - SCM became leader
2024-04-29 09:21:09,385 [2915b4d7-e658-4864-9310-64154da9bd5b-DatanodeStateMachineTaskThread-0] INFO  datanode.InitDatanodeState (InitDatanodeState.java:persistContainerDatanodeDetails(139)) - DatanodeDetails is persisted to /home/runner/work/ozone/ozone/hadoop-ozone/integration-test/target/test-dir/MiniOzoneClusterImpl-5c564e69-bd94-47d8-8ed3-49bff913e719/ozone-meta/datanode-9/meta/datanode.id
2024-04-29 09:21:10,041 [om1@group-C5BA1605619E-FollowerState] INFO  impl.FollowerState (FollowerState.java:run(143)) - om1@group-C5BA1605619E-FollowerState: change to CANDIDATE, lastRpcElapsedTime:1178563639ns, electionTimeout:1178ms
2024-04-29 09:21:10,041 [om1@group-C5BA1605619E-FollowerState] INFO  impl.RoleInfo (RoleInfo.java:shutdownFollowerState(110)) - om1: shutdown om1@group-C5BA1605619E-FollowerState
2024-04-29 09:21:10,041 [om1@group-C5BA1605619E-FollowerState] INFO  server.RaftServer$Division (RaftServerImpl.java:setRole(383)) - om1@group-C5BA1605619E: changes role from  FOLLOWER to CANDIDATE at term 0 for changeToCandidate
2024-04-29 09:21:10,041 [om1@group-C5BA1605619E-FollowerState] INFO  server.RaftServerConfigKeys (ConfUtils.java:logGet(46)) - raft.server.leaderelection.pre-vote = true (default)
2024-04-29 09:21:10,041 [om1@group-C5BA1605619E-FollowerState] INFO  impl.RoleInfo (RoleInfo.java:updateAndGet(139)) - om1: start om1@group-C5BA1605619E-LeaderElection50
2024-04-29 09:21:10,041 [om1@group-C5BA1605619E-LeaderElection50] INFO  impl.LeaderElection (LeaderElection.java:askForVotes(321)) - om1@group-C5BA1605619E-LeaderElection50 PRE_VOTE round 0: submit vote requests at term 0 for -1: peers:[om1|localhost:15274]|listeners:[], old=null
2024-04-29 09:21:10,041 [om1@group-C5BA1605619E-LeaderElection50] INFO  impl.LeaderElection (LeaderElection.java:askForVotes(323)) - om1@group-C5BA1605619E-LeaderElection50 PRE_VOTE round 0: result PASSED (term=0)
2024-04-29 09:21:10,046 [om1@group-C5BA1605619E-LeaderElection50] INFO  impl.LeaderElection (LeaderElection.java:askForVotes(321)) - om1@group-C5BA1605619E-LeaderElection50 ELECTION round 0: submit vote requests at term 1 for -1: peers:[om1|localhost:15274]|listeners:[], old=null
2024-04-29 09:21:10,046 [om1@group-C5BA1605619E-LeaderElection50] INFO  impl.LeaderElection (LeaderElection.java:askForVotes(323)) - om1@group-C5BA1605619E-LeaderElection50 ELECTION round 0: result PASSED (term=1)
2024-04-29 09:21:10,046 [om1@group-C5BA1605619E-LeaderElection50] INFO  impl.RoleInfo (RoleInfo.java:shutdownLeaderElection(130)) - om1: shutdown om1@group-C5BA1605619E-LeaderElection50
2024-04-29 09:21:10,046 [om1@group-C5BA1605619E-LeaderElection50] INFO  server.RaftServer$Division (RaftServerImpl.java:setRole(383)) - om1@group-C5BA1605619E: changes role from CANDIDATE to LEADER at term 1 for changeToLeader
2024-04-29 09:21:10,046 [om1@group-C5BA1605619E-LeaderElection50] INFO  server.RaftServerConfigKeys (ConfUtils.java:logGet(46)) - raft.server.staging.catchup.gap = 1000 (default)
2024-04-29 09:21:10,046 [om1@group-C5BA1605619E-LeaderElection50] INFO  server.RaftServerConfigKeys (ConfUtils.java:logGet(46)) - raft.server.write.element-limit = 4096 (default)
2024-04-29 09:21:10,046 [om1@group-C5BA1605619E-LeaderElection50] INFO  server.RaftServerConfigKeys (ConfUtils.java:logGet(46)) - raft.server.write.byte-limit = 64MB (=67108864) (default)
2024-04-29 09:21:10,046 [om1@group-C5BA1605619E-LeaderElection50] INFO  server.RaftServerConfigKeys (ConfUtils.java:logGet(46)) - raft.server.watch.timeout = 10s (default)
2024-04-29 09:21:10,046 [om1@group-C5BA1605619E-LeaderElection50] INFO  server.RaftServerConfigKeys (ConfUtils.java:logGet(46)) - raft.server.watch.timeout.denomination = 1s (default)
2024-04-29 09:21:10,046 [om1@group-C5BA1605619E-LeaderElection50] INFO  server.RaftServerConfigKeys (ConfUtils.java:logGet(46)) - raft.server.watch.element-limit = 65536 (default)
2024-04-29 09:21:10,046 [om1@group-C5BA1605619E-LeaderElection50] INFO  server.RaftServerConfigKeys (ConfUtils.java:logGet(46)) - raft.server.read.leader.lease.enabled = false (default)
2024-04-29 09:21:10,046 [om1@group-C5BA1605619E-LeaderElection50] INFO  server.RaftServerConfigKeys (ConfUtils.java:logGet(46)) - raft.server.read.leader.lease.timeout.ratio = 0.9 (default)
2024-04-29 09:21:10,047 [om1@group-C5BA1605619E-LeaderElection50] INFO  server.RaftServerConfigKeys (ConfUtils.java:logGet(46)) - raft.server.rpc.timeout.min = 1s (custom)
2024-04-29 09:21:10,047 [om1@group-C5BA1605619E-LeaderElection50] INFO  server.RaftServerConfigKeys (ConfUtils.java:logGet(46)) - raft.server.write.element-limit = 4096 (default)
2024-04-29 09:21:10,047 [om1@group-C5BA1605619E-LeaderElection50] INFO  server.RaftServerConfigKeys (ConfUtils.java:logGet(46)) - raft.server.write.follower.gap.ratio.max = -1.0 (default)
2024-04-29 09:21:10,047 [om1@group-C5BA1605619E-LeaderElection50] INFO  impl.RoleInfo (RoleInfo.java:updateAndGet(139)) - om1: start om1@group-C5BA1605619E-LeaderStateImpl
2024-04-29 09:21:10,047 [om1@group-C5BA1605619E-LeaderElection50] INFO  server.RaftServer$Division (RaftServerImpl.java:setFirstElection(574)) - om1@group-C5BA1605619E: set firstElectionSinceStartup to false for becomeLeader
2024-04-29 09:21:10,047 [om1@group-C5BA1605619E-LeaderElection50] INFO  server.RaftServer$Division (ServerState.java:setLeader(269)) - om1@group-C5BA1605619E: change Leader from null to om1 at term 1 for becomeLeader, leader elected after 1458ms
2024-04-29 09:21:10,047 [om1@group-C5BA1605619E-LeaderElection50] INFO  segmented.SegmentedRaftLogWorker (SegmentedRaftLogWorker.java:startLogSegment(430)) - om1@group-C5BA1605619E-SegmentedRaftLogWorker: Starting segment from index:0
2024-04-29 09:21:10,047 [om1@group-C5BA1605619E-LeaderElection50] INFO  server.RaftServer$Division (ServerState.java:setRaftConf(386)) - om1@group-C5BA1605619E: set configuration 0: peers:[om1|localhost:15274]|listeners:[], old=null
2024-04-29 09:21:10,047 [om1@group-C5BA1605619E-SegmentedRaftLogWorker] INFO  segmented.BufferedWriteChannel (BufferedWriteChannel.java:open(62)) - open log_inprogress_0 at position 0
2024-04-29 09:21:10,056 [om1@group-C5BA1605619E-SegmentedRaftLogWorker] INFO  segmented.SegmentedRaftLogWorker (SegmentedRaftLogWorker.java:execute(634)) - om1@group-C5BA1605619E-SegmentedRaftLogWorker: created new log segment /home/runner/work/ozone/ozone/hadoop-ozone/integration-test/target/test-dir/MiniOzoneClusterImpl-5c564e69-bd94-47d8-8ed3-49bff913e719/ozone-meta/ratis/bf265839-605b-3f16-9796-c5ba1605619e/current/log_inprogress_0
2024-04-29 09:21:10,057 [om1@group-C5BA1605619E-StateMachineUpdater] INFO  ratis.OzoneManagerStateMachine (OzoneManagerStateMachine.java:notifyConfigurationChanged(212)) - Received Configuration change notification from Ratis. New Peer list:
[id: "om1"
address: "localhost:15274"
startupRole: FOLLOWER
]
2024-04-29 09:21:10,057 [om1@group-C5BA1605619E-StateMachineUpdater] INFO  server.RaftServer$Division (LeaderStateImpl.java:isApplied(320)) - leader is ready since appliedIndex == 0 >= startIndex == 0
2024-04-29 09:21:10,381 [main] INFO  ozone.MiniOzoneClusterImpl (MiniOzoneClusterImpl.java:lambda$waitForClusterToBeReady$0(194)) - Waiting for nodes to be ready. Got 0 of 9 DN Heartbeats.
2024-04-29 09:21:10,381 [main] INFO  ozone.MiniOzoneClusterImpl (MiniOzoneClusterImpl.java:lambda$waitForClusterToBeReady$0(197)) - Waiting for cluster to exit safe mode
2024-04-29 09:21:10,381 [main] INFO  ozone.MiniOzoneClusterImpl (MiniOzoneClusterImpl.java:lambda$waitForClusterToBeReady$0(199)) - SCM became leader
2024-04-29 09:21:10,976 [63ba3f95-8215-4442-8865-ad228f39fdb5-EndpointStateMachineTaskThread-/0.0.0.0:15269-0 ] INFO  utils.DatanodeStoreCache (DatanodeStoreCache.java:addDB(72)) - Added db /home/runner/work/ozone/ozone/hadoop-ozone/integration-test/target/test-dir/MiniOzoneClusterImpl-5c564e69-bd94-47d8-8ed3-49bff913e719/ozone-meta/datanode-1/data-0/hdds/5c564e69-bd94-47d8-8ed3-49bff913e719/DS-23ea0279-cdc5-4cf1-ade7-6bf027b5a798/container.db to cache
2024-04-29 09:21:10,976 [63ba3f95-8215-4442-8865-ad228f39fdb5-EndpointStateMachineTaskThread-/0.0.0.0:15269-0 ] INFO  volume.HddsVolume (HddsVolume.java:createDbStore(437)) - SchemaV3 db is created and loaded at /home/runner/work/ozone/ozone/hadoop-ozone/integration-test/target/test-dir/MiniOzoneClusterImpl-5c564e69-bd94-47d8-8ed3-49bff913e719/ozone-meta/datanode-1/data-0/hdds/5c564e69-bd94-47d8-8ed3-49bff913e719/DS-23ea0279-cdc5-4cf1-ade7-6bf027b5a798/container.db for volume DS-23ea0279-cdc5-4cf1-ade7-6bf027b5a798
2024-04-29 09:21:10,977 [63ba3f95-8215-4442-8865-ad228f39fdb5-ContainerReader-0] INFO  ozoneimpl.ContainerReader (ContainerReader.java:readVolume(148)) - Start to verify containers on volume /home/runner/work/ozone/ozone/hadoop-ozone/integration-test/target/test-dir/MiniOzoneClusterImpl-5c564e69-bd94-47d8-8ed3-49bff913e719/ozone-meta/datanode-1/data-0/hdds
2024-04-29 09:21:10,977 [63ba3f95-8215-4442-8865-ad228f39fdb5-ContainerReader-0] INFO  ozoneimpl.ContainerReader (ContainerReader.java:readVolume(178)) - Finish verifying containers on volume /home/runner/work/ozone/ozone/hadoop-ozone/integration-test/target/test-dir/MiniOzoneClusterImpl-5c564e69-bd94-47d8-8ed3-49bff913e719/ozone-meta/datanode-1/data-0/hdds
2024-04-29 09:21:10,978 [63ba3f95-8215-4442-8865-ad228f39fdb5-EndpointStateMachineTaskThread-/0.0.0.0:15269-0 ] INFO  ozoneimpl.OzoneContainer (OzoneContainer.java:buildContainerSet(328)) - Build ContainerSet costs 0s
2024-04-29 09:21:10,978 [63ba3f95-8215-4442-8865-ad228f39fdb5-EndpointStateMachineTaskThread-/0.0.0.0:15269-0 ] INFO  volume.ThrottledAsyncChecker (ThrottledAsyncChecker.java:schedule(141)) - Scheduling a check for /home/runner/work/ozone/ozone/hadoop-ozone/integration-test/target/test-dir/MiniOzoneClusterImpl-5c564e69-bd94-47d8-8ed3-49bff913e719/ozone-meta/datanode-1/data-0/hdds
2024-04-29 09:21:10,978 [63ba3f95-8215-4442-8865-ad228f39fdb5-EndpointStateMachineTaskThread-/0.0.0.0:15269-0 ] INFO  volume.StorageVolumeChecker (StorageVolumeChecker.java:checkAllVolumes(218)) - Scheduled health check for volume /home/runner/work/ozone/ozone/hadoop-ozone/integration-test/target/test-dir/MiniOzoneClusterImpl-5c564e69-bd94-47d8-8ed3-49bff913e719/ozone-meta/datanode-1/data-0/hdds
2024-04-29 09:21:10,979 [63ba3f95-8215-4442-8865-ad228f39fdb5-EndpointStateMachineTaskThread-/0.0.0.0:15269-0 ] INFO  volume.ThrottledAsyncChecker (ThrottledAsyncChecker.java:schedule(141)) - Scheduling a check for /home/runner/work/ozone/ozone/hadoop-ozone/integration-test/target/test-dir/MiniOzoneClusterImpl-5c564e69-bd94-47d8-8ed3-49bff913e719/ozone-meta/datanode-1/ratis
2024-04-29 09:21:10,979 [63ba3f95-8215-4442-8865-ad228f39fdb5-EndpointStateMachineTaskThread-/0.0.0.0:15269-0 ] INFO  volume.StorageVolumeChecker (StorageVolumeChecker.java:checkAllVolumes(218)) - Scheduled health check for volume /home/runner/work/ozone/ozone/hadoop-ozone/integration-test/target/test-dir/MiniOzoneClusterImpl-5c564e69-bd94-47d8-8ed3-49bff913e719/ozone-meta/datanode-1/ratis
2024-04-29 09:21:10,980 [63ba3f95-8215-4442-8865-ad228f39fdb5-EndpointStateMachineTaskThread-/0.0.0.0:15269-0 ] INFO  ozoneimpl.OzoneContainer (OzoneContainer.java:start(459)) - Attempting to start container services.
2024-04-29 09:21:10,980 [ContainerMetadataScanner] INFO  ozoneimpl.AbstractBackgroundContainerScanner (AbstractBackgroundContainerScanner.java:runIteration(87)) - Completed an iteration in 0 minutes. Number of iterations (since the data-node restart) : 1, Number of containers scanned in this iteration : 0, Number of unhealthy containers found in this iteration : 0
2024-04-29 09:21:10,981 [ContainerDataScanner(/home/runner/work/ozone/ozone/hadoop-ozone/integration-test/target/test-dir/MiniOzoneClusterImpl-5c564e69-bd94-47d8-8ed3-49bff913e719/ozone-meta/datanode-1/data-0/hdds)] INFO  ozoneimpl.AbstractBackgroundContainerScanner (AbstractBackgroundContainerScanner.java:runIteration(87)) - Completed an iteration in 0 minutes. Number of iterations (since the data-node restart) : 1, Number of containers scanned in this iteration : 0, Number of unhealthy containers found in this iteration : 0
2024-04-29 09:21:10,981 [63ba3f95-8215-4442-8865-ad228f39fdb5-EndpointStateMachineTaskThread-/0.0.0.0:15269-0 ] INFO  replication.ReplicationServer (ReplicationServer.java:start(142)) - ReplicationServer is started using port 15283
2024-04-29 09:21:10,981 [63ba3f95-8215-4442-8865-ad228f39fdb5-EndpointStateMachineTaskThread-/0.0.0.0:15269-0 ] INFO  ratis.XceiverServerRatis (XceiverServerRatis.java:start(566)) - Starting XceiverServerRatis 63ba3f95-8215-4442-8865-ad228f39fdb5
2024-04-29 09:21:10,981 [63ba3f95-8215-4442-8865-ad228f39fdb5-EndpointStateMachineTaskThread-/0.0.0.0:15269-0 ] INFO  server.RaftServer (RaftServerProxy.java:startImpl(406)) - 63ba3f95-8215-4442-8865-ad228f39fdb5: start RPC server
2024-04-29 09:21:10,982 [63ba3f95-8215-4442-8865-ad228f39fdb5-EndpointStateMachineTaskThread-/0.0.0.0:15269-0 ] INFO  server.GrpcService (GrpcService.java:startImpl(302)) - 63ba3f95-8215-4442-8865-ad228f39fdb5: GrpcService started, listening on 15279
2024-04-29 09:21:10,982 [63ba3f95-8215-4442-8865-ad228f39fdb5-EndpointStateMachineTaskThread-/0.0.0.0:15269-0 ] INFO  server.GrpcService (GrpcService.java:startImpl(302)) - 63ba3f95-8215-4442-8865-ad228f39fdb5: GrpcService started, listening on 15281
2024-04-29 09:21:10,982 [63ba3f95-8215-4442-8865-ad228f39fdb5-EndpointStateMachineTaskThread-/0.0.0.0:15269-0 ] INFO  server.GrpcService (GrpcService.java:startImpl(302)) - 63ba3f95-8215-4442-8865-ad228f39fdb5: GrpcService started, listening on 15280
2024-04-29 09:21:10,982 [63ba3f95-8215-4442-8865-ad228f39fdb5-EndpointStateMachineTaskThread-/0.0.0.0:15269-0 ] INFO  ratis.XceiverServerRatis (XceiverServerRatis.java:getRealPort(592)) - XceiverServerRatis 63ba3f95-8215-4442-8865-ad228f39fdb5 is started using port 15279 for RATIS
2024-04-29 09:21:10,982 [63ba3f95-8215-4442-8865-ad228f39fdb5-EndpointStateMachineTaskThread-/0.0.0.0:15269-0 ] INFO  ratis.XceiverServerRatis (XceiverServerRatis.java:getRealPort(592)) - XceiverServerRatis 63ba3f95-8215-4442-8865-ad228f39fdb5 is started using port 15280 for RATIS_ADMIN
2024-04-29 09:21:10,982 [63ba3f95-8215-4442-8865-ad228f39fdb5-EndpointStateMachineTaskThread-/0.0.0.0:15269-0 ] INFO  ratis.XceiverServerRatis (XceiverServerRatis.java:getRealPort(592)) - XceiverServerRatis 63ba3f95-8215-4442-8865-ad228f39fdb5 is started using port 15281 for RATIS_SERVER
2024-04-29 09:21:10,982 [63ba3f95-8215-4442-8865-ad228f39fdb5-EndpointStateMachineTaskThread-/0.0.0.0:15269-0 ] INFO  ratis.XceiverServerRatis (XceiverServerRatis.java:getRealPort(592)) - XceiverServerRatis 63ba3f95-8215-4442-8865-ad228f39fdb5 is started using port 15282 for RATIS_DATASTREAM
2024-04-29 09:21:10,982 [JvmPauseMonitor35] INFO  util.JvmPauseMonitor (JvmPauseMonitor.java:run(146)) - JvmPauseMonitor-63ba3f95-8215-4442-8865-ad228f39fdb5: Started
2024-04-29 09:21:10,983 [63ba3f95-8215-4442-8865-ad228f39fdb5-BlockDeletingService#0] INFO  interfaces.ContainerDeletionChoosingPolicyTemplate (ContainerDeletionChoosingPolicyTemplate.java:chooseContainerForBlockDeletion(85)) - Chosen 0/5000 blocks from 0 candidate containers.
2024-04-29 09:21:11,024 [4dbb8968-e71c-4514-a0ad-0b4a968227bb-EndpointStateMachineTaskThread-/0.0.0.0:15269-0 ] INFO  utils.DatanodeStoreCache (DatanodeStoreCache.java:addDB(72)) - Added db /home/runner/work/ozone/ozone/hadoop-ozone/integration-test/target/test-dir/MiniOzoneClusterImpl-5c564e69-bd94-47d8-8ed3-49bff913e719/ozone-meta/datanode-2/data-0/hdds/5c564e69-bd94-47d8-8ed3-49bff913e719/DS-2b15646b-aa5c-411e-aab6-3e92eedfff6a/container.db to cache
2024-04-29 09:21:11,024 [4dbb8968-e71c-4514-a0ad-0b4a968227bb-EndpointStateMachineTaskThread-/0.0.0.0:15269-0 ] INFO  volume.HddsVolume (HddsVolume.java:createDbStore(437)) - SchemaV3 db is created and loaded at /home/runner/work/ozone/ozone/hadoop-ozone/integration-test/target/test-dir/MiniOzoneClusterImpl-5c564e69-bd94-47d8-8ed3-49bff913e719/ozone-meta/datanode-2/data-0/hdds/5c564e69-bd94-47d8-8ed3-49bff913e719/DS-2b15646b-aa5c-411e-aab6-3e92eedfff6a/container.db for volume DS-2b15646b-aa5c-411e-aab6-3e92eedfff6a
2024-04-29 09:21:11,025 [4dbb8968-e71c-4514-a0ad-0b4a968227bb-ContainerReader-0] INFO  ozoneimpl.ContainerReader (ContainerReader.java:readVolume(148)) - Start to verify containers on volume /home/runner/work/ozone/ozone/hadoop-ozone/integration-test/target/test-dir/MiniOzoneClusterImpl-5c564e69-bd94-47d8-8ed3-49bff913e719/ozone-meta/datanode-2/data-0/hdds
2024-04-29 09:21:11,025 [4dbb8968-e71c-4514-a0ad-0b4a968227bb-ContainerReader-0] INFO  ozoneimpl.ContainerReader (ContainerReader.java:readVolume(178)) - Finish verifying containers on volume /home/runner/work/ozone/ozone/hadoop-ozone/integration-test/target/test-dir/MiniOzoneClusterImpl-5c564e69-bd94-47d8-8ed3-49bff913e719/ozone-meta/datanode-2/data-0/hdds
2024-04-29 09:21:11,025 [4dbb8968-e71c-4514-a0ad-0b4a968227bb-EndpointStateMachineTaskThread-/0.0.0.0:15269-0 ] INFO  ozoneimpl.OzoneContainer (OzoneContainer.java:buildContainerSet(328)) - Build ContainerSet costs 0s
2024-04-29 09:21:11,025 [4dbb8968-e71c-4514-a0ad-0b4a968227bb-EndpointStateMachineTaskThread-/0.0.0.0:15269-0 ] INFO  volume.ThrottledAsyncChecker (ThrottledAsyncChecker.java:schedule(141)) - Scheduling a check for /home/runner/work/ozone/ozone/hadoop-ozone/integration-test/target/test-dir/MiniOzoneClusterImpl-5c564e69-bd94-47d8-8ed3-49bff913e719/ozone-meta/datanode-2/data-0/hdds
2024-04-29 09:21:11,026 [4dbb8968-e71c-4514-a0ad-0b4a968227bb-EndpointStateMachineTaskThread-/0.0.0.0:15269-0 ] INFO  volume.StorageVolumeChecker (StorageVolumeChecker.java:checkAllVolumes(218)) - Scheduled health check for volume /home/runner/work/ozone/ozone/hadoop-ozone/integration-test/target/test-dir/MiniOzoneClusterImpl-5c564e69-bd94-47d8-8ed3-49bff913e719/ozone-meta/datanode-2/data-0/hdds
2024-04-29 09:21:11,027 [4dbb8968-e71c-4514-a0ad-0b4a968227bb-EndpointStateMachineTaskThread-/0.0.0.0:15269-0 ] INFO  volume.ThrottledAsyncChecker (ThrottledAsyncChecker.java:schedule(141)) - Scheduling a check for /home/runner/work/ozone/ozone/hadoop-ozone/integration-test/target/test-dir/MiniOzoneClusterImpl-5c564e69-bd94-47d8-8ed3-49bff913e719/ozone-meta/datanode-2/ratis
2024-04-29 09:21:11,027 [4dbb8968-e71c-4514-a0ad-0b4a968227bb-EndpointStateMachineTaskThread-/0.0.0.0:15269-0 ] INFO  volume.StorageVolumeChecker (StorageVolumeChecker.java:checkAllVolumes(218)) - Scheduled health check for volume /home/runner/work/ozone/ozone/hadoop-ozone/integration-test/target/test-dir/MiniOzoneClusterImpl-5c564e69-bd94-47d8-8ed3-49bff913e719/ozone-meta/datanode-2/ratis
2024-04-29 09:21:11,027 [4dbb8968-e71c-4514-a0ad-0b4a968227bb-EndpointStateMachineTaskThread-/0.0.0.0:15269-0 ] INFO  ozoneimpl.OzoneContainer (OzoneContainer.java:start(459)) - Attempting to start container services.
2024-04-29 09:21:11,027 [4dbb8968-e71c-4514-a0ad-0b4a968227bb-EndpointStateMachineTaskThread-/0.0.0.0:15269-0 ] WARN  ozoneimpl.OnDemandContainerDataScanner (OnDemandContainerDataScanner.java:init(75)) - Trying to initialize on demand scanner a second time on a datanode.
2024-04-29 09:21:11,028 [ContainerMetadataScanner] INFO  ozoneimpl.AbstractBackgroundContainerScanner (AbstractBackgroundContainerScanner.java:runIteration(87)) - Completed an iteration in 0 minutes. Number of iterations (since the data-node restart) : 1, Number of containers scanned in this iteration : 0, Number of unhealthy containers found in this iteration : 0
2024-04-29 09:21:11,028 [ContainerDataScanner(/home/runner/work/ozone/ozone/hadoop-ozone/integration-test/target/test-dir/MiniOzoneClusterImpl-5c564e69-bd94-47d8-8ed3-49bff913e719/ozone-meta/datanode-2/data-0/hdds)] INFO  ozoneimpl.AbstractBackgroundContainerScanner (AbstractBackgroundContainerScanner.java:runIteration(87)) - Completed an iteration in 0 minutes. Number of iterations (since the data-node restart) : 1, Number of containers scanned in this iteration : 0, Number of unhealthy containers found in this iteration : 0
2024-04-29 09:21:11,028 [4dbb8968-e71c-4514-a0ad-0b4a968227bb-EndpointStateMachineTaskThread-/0.0.0.0:15269-0 ] INFO  replication.ReplicationServer (ReplicationServer.java:start(142)) - ReplicationServer is started using port 15292
2024-04-29 09:21:11,028 [4dbb8968-e71c-4514-a0ad-0b4a968227bb-EndpointStateMachineTaskThread-/0.0.0.0:15269-0 ] INFO  ratis.XceiverServerRatis (XceiverServerRatis.java:start(566)) - Starting XceiverServerRatis 4dbb8968-e71c-4514-a0ad-0b4a968227bb
2024-04-29 09:21:11,029 [4dbb8968-e71c-4514-a0ad-0b4a968227bb-EndpointStateMachineTaskThread-/0.0.0.0:15269-0 ] INFO  server.RaftServer (RaftServerProxy.java:startImpl(406)) - 4dbb8968-e71c-4514-a0ad-0b4a968227bb: start RPC server
2024-04-29 09:21:11,029 [4dbb8968-e71c-4514-a0ad-0b4a968227bb-EndpointStateMachineTaskThread-/0.0.0.0:15269-0 ] INFO  server.GrpcService (GrpcService.java:startImpl(302)) - 4dbb8968-e71c-4514-a0ad-0b4a968227bb: GrpcService started, listening on 15288
2024-04-29 09:21:11,029 [4dbb8968-e71c-4514-a0ad-0b4a968227bb-EndpointStateMachineTaskThread-/0.0.0.0:15269-0 ] INFO  server.GrpcService (GrpcService.java:startImpl(302)) - 4dbb8968-e71c-4514-a0ad-0b4a968227bb: GrpcService started, listening on 15290
2024-04-29 09:21:11,029 [4dbb8968-e71c-4514-a0ad-0b4a968227bb-EndpointStateMachineTaskThread-/0.0.0.0:15269-0 ] INFO  server.GrpcService (GrpcService.java:startImpl(302)) - 4dbb8968-e71c-4514-a0ad-0b4a968227bb: GrpcService started, listening on 15289
2024-04-29 09:21:11,030 [4dbb8968-e71c-4514-a0ad-0b4a968227bb-EndpointStateMachineTaskThread-/0.0.0.0:15269-0 ] INFO  ratis.XceiverServerRatis (XceiverServerRatis.java:getRealPort(592)) - XceiverServerRatis 4dbb8968-e71c-4514-a0ad-0b4a968227bb is started using port 15288 for RATIS
2024-04-29 09:21:11,030 [4dbb8968-e71c-4514-a0ad-0b4a968227bb-EndpointStateMachineTaskThread-/0.0.0.0:15269-0 ] INFO  ratis.XceiverServerRatis (XceiverServerRatis.java:getRealPort(592)) - XceiverServerRatis 4dbb8968-e71c-4514-a0ad-0b4a968227bb is started using port 15289 for RATIS_ADMIN
2024-04-29 09:21:11,030 [4dbb8968-e71c-4514-a0ad-0b4a968227bb-EndpointStateMachineTaskThread-/0.0.0.0:15269-0 ] INFO  ratis.XceiverServerRatis (XceiverServerRatis.java:getRealPort(592)) - XceiverServerRatis 4dbb8968-e71c-4514-a0ad-0b4a968227bb is started using port 15290 for RATIS_SERVER
2024-04-29 09:21:11,030 [4dbb8968-e71c-4514-a0ad-0b4a968227bb-EndpointStateMachineTaskThread-/0.0.0.0:15269-0 ] INFO  ratis.XceiverServerRatis (XceiverServerRatis.java:getRealPort(592)) - XceiverServerRatis 4dbb8968-e71c-4514-a0ad-0b4a968227bb is started using port 15291 for RATIS_DATASTREAM
2024-04-29 09:21:11,030 [JvmPauseMonitor36] INFO  util.JvmPauseMonitor (JvmPauseMonitor.java:run(146)) - JvmPauseMonitor-4dbb8968-e71c-4514-a0ad-0b4a968227bb: Started
2024-04-29 09:21:11,031 [4dbb8968-e71c-4514-a0ad-0b4a968227bb-BlockDeletingService#0] INFO  interfaces.ContainerDeletionChoosingPolicyTemplate (ContainerDeletionChoosingPolicyTemplate.java:chooseContainerForBlockDeletion(85)) - Chosen 0/5000 blocks from 0 candidate containers.
2024-04-29 09:21:11,075 [49450a51-652a-4dd9-a6c4-30eab7eea83e-EndpointStateMachineTaskThread-/0.0.0.0:15269-0 ] INFO  utils.DatanodeStoreCache (DatanodeStoreCache.java:addDB(72)) - Added db /home/runner/work/ozone/ozone/hadoop-ozone/integration-test/target/test-dir/MiniOzoneClusterImpl-5c564e69-bd94-47d8-8ed3-49bff913e719/ozone-meta/datanode-3/data-0/hdds/5c564e69-bd94-47d8-8ed3-49bff913e719/DS-e8f0a85a-2001-4f0a-b61a-765999bb83b0/container.db to cache
2024-04-29 09:21:11,075 [49450a51-652a-4dd9-a6c4-30eab7eea83e-EndpointStateMachineTaskThread-/0.0.0.0:15269-0 ] INFO  volume.HddsVolume (HddsVolume.java:createDbStore(437)) - SchemaV3 db is created and loaded at /home/runner/work/ozone/ozone/hadoop-ozone/integration-test/target/test-dir/MiniOzoneClusterImpl-5c564e69-bd94-47d8-8ed3-49bff913e719/ozone-meta/datanode-3/data-0/hdds/5c564e69-bd94-47d8-8ed3-49bff913e719/DS-e8f0a85a-2001-4f0a-b61a-765999bb83b0/container.db for volume DS-e8f0a85a-2001-4f0a-b61a-765999bb83b0
2024-04-29 09:21:11,076 [49450a51-652a-4dd9-a6c4-30eab7eea83e-ContainerReader-0] INFO  ozoneimpl.ContainerReader (ContainerReader.java:readVolume(148)) - Start to verify containers on volume /home/runner/work/ozone/ozone/hadoop-ozone/integration-test/target/test-dir/MiniOzoneClusterImpl-5c564e69-bd94-47d8-8ed3-49bff913e719/ozone-meta/datanode-3/data-0/hdds
2024-04-29 09:21:11,076 [49450a51-652a-4dd9-a6c4-30eab7eea83e-ContainerReader-0] INFO  ozoneimpl.ContainerReader (ContainerReader.java:readVolume(178)) - Finish verifying containers on volume /home/runner/work/ozone/ozone/hadoop-ozone/integration-test/target/test-dir/MiniOzoneClusterImpl-5c564e69-bd94-47d8-8ed3-49bff913e719/ozone-meta/datanode-3/data-0/hdds
2024-04-29 09:21:11,076 [49450a51-652a-4dd9-a6c4-30eab7eea83e-EndpointStateMachineTaskThread-/0.0.0.0:15269-0 ] INFO  ozoneimpl.OzoneContainer (OzoneContainer.java:buildContainerSet(328)) - Build ContainerSet costs 0s
2024-04-29 09:21:11,076 [49450a51-652a-4dd9-a6c4-30eab7eea83e-EndpointStateMachineTaskThread-/0.0.0.0:15269-0 ] INFO  volume.ThrottledAsyncChecker (ThrottledAsyncChecker.java:schedule(141)) - Scheduling a check for /home/runner/work/ozone/ozone/hadoop-ozone/integration-test/target/test-dir/MiniOzoneClusterImpl-5c564e69-bd94-47d8-8ed3-49bff913e719/ozone-meta/datanode-3/data-0/hdds
2024-04-29 09:21:11,077 [49450a51-652a-4dd9-a6c4-30eab7eea83e-EndpointStateMachineTaskThread-/0.0.0.0:15269-0 ] INFO  volume.StorageVolumeChecker (StorageVolumeChecker.java:checkAllVolumes(218)) - Scheduled health check for volume /home/runner/work/ozone/ozone/hadoop-ozone/integration-test/target/test-dir/MiniOzoneClusterImpl-5c564e69-bd94-47d8-8ed3-49bff913e719/ozone-meta/datanode-3/data-0/hdds
2024-04-29 09:21:11,078 [49450a51-652a-4dd9-a6c4-30eab7eea83e-EndpointStateMachineTaskThread-/0.0.0.0:15269-0 ] INFO  volume.ThrottledAsyncChecker (ThrottledAsyncChecker.java:schedule(141)) - Scheduling a check for /home/runner/work/ozone/ozone/hadoop-ozone/integration-test/target/test-dir/MiniOzoneClusterImpl-5c564e69-bd94-47d8-8ed3-49bff913e719/ozone-meta/datanode-3/ratis
2024-04-29 09:21:11,078 [49450a51-652a-4dd9-a6c4-30eab7eea83e-EndpointStateMachineTaskThread-/0.0.0.0:15269-0 ] INFO  volume.StorageVolumeChecker (StorageVolumeChecker.java:checkAllVolumes(218)) - Scheduled health check for volume /home/runner/work/ozone/ozone/hadoop-ozone/integration-test/target/test-dir/MiniOzoneClusterImpl-5c564e69-bd94-47d8-8ed3-49bff913e719/ozone-meta/datanode-3/ratis
2024-04-29 09:21:11,078 [49450a51-652a-4dd9-a6c4-30eab7eea83e-EndpointStateMachineTaskThread-/0.0.0.0:15269-0 ] INFO  ozoneimpl.OzoneContainer (OzoneContainer.java:start(459)) - Attempting to start container services.
2024-04-29 09:21:11,078 [49450a51-652a-4dd9-a6c4-30eab7eea83e-EndpointStateMachineTaskThread-/0.0.0.0:15269-0 ] WARN  ozoneimpl.OnDemandContainerDataScanner (OnDemandContainerDataScanner.java:init(75)) - Trying to initialize on demand scanner a second time on a datanode.
2024-04-29 09:21:11,079 [ContainerDataScanner(/home/runner/work/ozone/ozone/hadoop-ozone/integration-test/target/test-dir/MiniOzoneClusterImpl-5c564e69-bd94-47d8-8ed3-49bff913e719/ozone-meta/datanode-3/data-0/hdds)] INFO  ozoneimpl.AbstractBackgroundContainerScanner (AbstractBackgroundContainerScanner.java:runIteration(87)) - Completed an iteration in 0 minutes. Number of iterations (since the data-node restart) : 1, Number of containers scanned in this iteration : 0, Number of unhealthy containers found in this iteration : 0
2024-04-29 09:21:11,079 [ContainerMetadataScanner] INFO  ozoneimpl.AbstractBackgroundContainerScanner (AbstractBackgroundContainerScanner.java:runIteration(87)) - Completed an iteration in 0 minutes. Number of iterations (since the data-node restart) : 1, Number of containers scanned in this iteration : 0, Number of unhealthy containers found in this iteration : 0
2024-04-29 09:21:11,079 [49450a51-652a-4dd9-a6c4-30eab7eea83e-EndpointStateMachineTaskThread-/0.0.0.0:15269-0 ] INFO  replication.ReplicationServer (ReplicationServer.java:start(142)) - ReplicationServer is started using port 15301
2024-04-29 09:21:11,079 [49450a51-652a-4dd9-a6c4-30eab7eea83e-EndpointStateMachineTaskThread-/0.0.0.0:15269-0 ] INFO  ratis.XceiverServerRatis (XceiverServerRatis.java:start(566)) - Starting XceiverServerRatis 49450a51-652a-4dd9-a6c4-30eab7eea83e
2024-04-29 09:21:11,080 [49450a51-652a-4dd9-a6c4-30eab7eea83e-EndpointStateMachineTaskThread-/0.0.0.0:15269-0 ] INFO  server.RaftServer (RaftServerProxy.java:startImpl(406)) - 49450a51-652a-4dd9-a6c4-30eab7eea83e: start RPC server
2024-04-29 09:21:11,080 [49450a51-652a-4dd9-a6c4-30eab7eea83e-EndpointStateMachineTaskThread-/0.0.0.0:15269-0 ] INFO  server.GrpcService (GrpcService.java:startImpl(302)) - 49450a51-652a-4dd9-a6c4-30eab7eea83e: GrpcService started, listening on 15297
2024-04-29 09:21:11,080 [49450a51-652a-4dd9-a6c4-30eab7eea83e-EndpointStateMachineTaskThread-/0.0.0.0:15269-0 ] INFO  server.GrpcService (GrpcService.java:startImpl(302)) - 49450a51-652a-4dd9-a6c4-30eab7eea83e: GrpcService started, listening on 15299
2024-04-29 09:21:11,081 [49450a51-652a-4dd9-a6c4-30eab7eea83e-EndpointStateMachineTaskThread-/0.0.0.0:15269-0 ] INFO  server.GrpcService (GrpcService.java:startImpl(302)) - 49450a51-652a-4dd9-a6c4-30eab7eea83e: GrpcService started, listening on 15298
2024-04-29 09:21:11,081 [49450a51-652a-4dd9-a6c4-30eab7eea83e-EndpointStateMachineTaskThread-/0.0.0.0:15269-0 ] INFO  ratis.XceiverServerRatis (XceiverServerRatis.java:getRealPort(592)) - XceiverServerRatis 49450a51-652a-4dd9-a6c4-30eab7eea83e is started using port 15297 for RATIS
2024-04-29 09:21:11,081 [JvmPauseMonitor37] INFO  util.JvmPauseMonitor (JvmPauseMonitor.java:run(146)) - JvmPauseMonitor-49450a51-652a-4dd9-a6c4-30eab7eea83e: Started
2024-04-29 09:21:11,081 [49450a51-652a-4dd9-a6c4-30eab7eea83e-EndpointStateMachineTaskThread-/0.0.0.0:15269-0 ] INFO  ratis.XceiverServerRatis (XceiverServerRatis.java:getRealPort(592)) - XceiverServerRatis 49450a51-652a-4dd9-a6c4-30eab7eea83e is started using port 15298 for RATIS_ADMIN
2024-04-29 09:21:11,081 [49450a51-652a-4dd9-a6c4-30eab7eea83e-EndpointStateMachineTaskThread-/0.0.0.0:15269-0 ] INFO  ratis.XceiverServerRatis (XceiverServerRatis.java:getRealPort(592)) - XceiverServerRatis 49450a51-652a-4dd9-a6c4-30eab7eea83e is started using port 15299 for RATIS_SERVER
2024-04-29 09:21:11,081 [49450a51-652a-4dd9-a6c4-30eab7eea83e-EndpointStateMachineTaskThread-/0.0.0.0:15269-0 ] INFO  ratis.XceiverServerRatis (XceiverServerRatis.java:getRealPort(592)) - XceiverServerRatis 49450a51-652a-4dd9-a6c4-30eab7eea83e is started using port 15300 for RATIS_DATASTREAM
2024-04-29 09:21:11,082 [49450a51-652a-4dd9-a6c4-30eab7eea83e-BlockDeletingService#0] INFO  interfaces.ContainerDeletionChoosingPolicyTemplate (ContainerDeletionChoosingPolicyTemplate.java:chooseContainerForBlockDeletion(85)) - Chosen 0/5000 blocks from 0 candidate containers.
2024-04-29 09:21:11,123 [30e50e12-6d1d-42d4-8c2e-250820f84ec0-EndpointStateMachineTaskThread-/0.0.0.0:15269-0 ] INFO  utils.DatanodeStoreCache (DatanodeStoreCache.java:addDB(72)) - Added db /home/runner/work/ozone/ozone/hadoop-ozone/integration-test/target/test-dir/MiniOzoneClusterImpl-5c564e69-bd94-47d8-8ed3-49bff913e719/ozone-meta/datanode-4/data-0/hdds/5c564e69-bd94-47d8-8ed3-49bff913e719/DS-05e0b499-9364-4b16-81a9-80fdc4bed8a4/container.db to cache
2024-04-29 09:21:11,123 [30e50e12-6d1d-42d4-8c2e-250820f84ec0-EndpointStateMachineTaskThread-/0.0.0.0:15269-0 ] INFO  volume.HddsVolume (HddsVolume.java:createDbStore(437)) - SchemaV3 db is created and loaded at /home/runner/work/ozone/ozone/hadoop-ozone/integration-test/target/test-dir/MiniOzoneClusterImpl-5c564e69-bd94-47d8-8ed3-49bff913e719/ozone-meta/datanode-4/data-0/hdds/5c564e69-bd94-47d8-8ed3-49bff913e719/DS-05e0b499-9364-4b16-81a9-80fdc4bed8a4/container.db for volume DS-05e0b499-9364-4b16-81a9-80fdc4bed8a4
2024-04-29 09:21:11,125 [30e50e12-6d1d-42d4-8c2e-250820f84ec0-ContainerReader-0] INFO  ozoneimpl.ContainerReader (ContainerReader.java:readVolume(148)) - Start to verify containers on volume /home/runner/work/ozone/ozone/hadoop-ozone/integration-test/target/test-dir/MiniOzoneClusterImpl-5c564e69-bd94-47d8-8ed3-49bff913e719/ozone-meta/datanode-4/data-0/hdds
2024-04-29 09:21:11,125 [30e50e12-6d1d-42d4-8c2e-250820f84ec0-ContainerReader-0] INFO  ozoneimpl.ContainerReader (ContainerReader.java:readVolume(178)) - Finish verifying containers on volume /home/runner/work/ozone/ozone/hadoop-ozone/integration-test/target/test-dir/MiniOzoneClusterImpl-5c564e69-bd94-47d8-8ed3-49bff913e719/ozone-meta/datanode-4/data-0/hdds
2024-04-29 09:21:11,125 [30e50e12-6d1d-42d4-8c2e-250820f84ec0-EndpointStateMachineTaskThread-/0.0.0.0:15269-0 ] INFO  ozoneimpl.OzoneContainer (OzoneContainer.java:buildContainerSet(328)) - Build ContainerSet costs 0s
2024-04-29 09:21:11,125 [30e50e12-6d1d-42d4-8c2e-250820f84ec0-EndpointStateMachineTaskThread-/0.0.0.0:15269-0 ] INFO  volume.ThrottledAsyncChecker (ThrottledAsyncChecker.java:schedule(141)) - Scheduling a check for /home/runner/work/ozone/ozone/hadoop-ozone/integration-test/target/test-dir/MiniOzoneClusterImpl-5c564e69-bd94-47d8-8ed3-49bff913e719/ozone-meta/datanode-4/data-0/hdds
2024-04-29 09:21:11,125 [30e50e12-6d1d-42d4-8c2e-250820f84ec0-EndpointStateMachineTaskThread-/0.0.0.0:15269-0 ] INFO  volume.StorageVolumeChecker (StorageVolumeChecker.java:checkAllVolumes(218)) - Scheduled health check for volume /home/runner/work/ozone/ozone/hadoop-ozone/integration-test/target/test-dir/MiniOzoneClusterImpl-5c564e69-bd94-47d8-8ed3-49bff913e719/ozone-meta/datanode-4/data-0/hdds
2024-04-29 09:21:11,126 [30e50e12-6d1d-42d4-8c2e-250820f84ec0-EndpointStateMachineTaskThread-/0.0.0.0:15269-0 ] INFO  volume.ThrottledAsyncChecker (ThrottledAsyncChecker.java:schedule(141)) - Scheduling a check for /home/runner/work/ozone/ozone/hadoop-ozone/integration-test/target/test-dir/MiniOzoneClusterImpl-5c564e69-bd94-47d8-8ed3-49bff913e719/ozone-meta/datanode-4/ratis
2024-04-29 09:21:11,126 [30e50e12-6d1d-42d4-8c2e-250820f84ec0-EndpointStateMachineTaskThread-/0.0.0.0:15269-0 ] INFO  volume.StorageVolumeChecker (StorageVolumeChecker.java:checkAllVolumes(218)) - Scheduled health check for volume /home/runner/work/ozone/ozone/hadoop-ozone/integration-test/target/test-dir/MiniOzoneClusterImpl-5c564e69-bd94-47d8-8ed3-49bff913e719/ozone-meta/datanode-4/ratis
2024-04-29 09:21:11,127 [30e50e12-6d1d-42d4-8c2e-250820f84ec0-EndpointStateMachineTaskThread-/0.0.0.0:15269-0 ] INFO  ozoneimpl.OzoneContainer (OzoneContainer.java:start(459)) - Attempting to start container services.
2024-04-29 09:21:11,127 [30e50e12-6d1d-42d4-8c2e-250820f84ec0-EndpointStateMachineTaskThread-/0.0.0.0:15269-0 ] WARN  ozoneimpl.OnDemandContainerDataScanner (OnDemandContainerDataScanner.java:init(75)) - Trying to initialize on demand scanner a second time on a datanode.
2024-04-29 09:21:11,127 [ContainerMetadataScanner] INFO  ozoneimpl.AbstractBackgroundContainerScanner (AbstractBackgroundContainerScanner.java:runIteration(87)) - Completed an iteration in 0 minutes. Number of iterations (since the data-node restart) : 1, Number of containers scanned in this iteration : 0, Number of unhealthy containers found in this iteration : 0
2024-04-29 09:21:11,128 [ContainerDataScanner(/home/runner/work/ozone/ozone/hadoop-ozone/integration-test/target/test-dir/MiniOzoneClusterImpl-5c564e69-bd94-47d8-8ed3-49bff913e719/ozone-meta/datanode-4/data-0/hdds)] INFO  ozoneimpl.AbstractBackgroundContainerScanner (AbstractBackgroundContainerScanner.java:runIteration(87)) - Completed an iteration in 0 minutes. Number of iterations (since the data-node restart) : 1, Number of containers scanned in this iteration : 0, Number of unhealthy containers found in this iteration : 0
2024-04-29 09:21:11,128 [30e50e12-6d1d-42d4-8c2e-250820f84ec0-EndpointStateMachineTaskThread-/0.0.0.0:15269-0 ] INFO  replication.ReplicationServer (ReplicationServer.java:start(142)) - ReplicationServer is started using port 15310
2024-04-29 09:21:11,128 [30e50e12-6d1d-42d4-8c2e-250820f84ec0-EndpointStateMachineTaskThread-/0.0.0.0:15269-0 ] INFO  ratis.XceiverServerRatis (XceiverServerRatis.java:start(566)) - Starting XceiverServerRatis 30e50e12-6d1d-42d4-8c2e-250820f84ec0
2024-04-29 09:21:11,128 [30e50e12-6d1d-42d4-8c2e-250820f84ec0-EndpointStateMachineTaskThread-/0.0.0.0:15269-0 ] INFO  server.RaftServer (RaftServerProxy.java:startImpl(406)) - 30e50e12-6d1d-42d4-8c2e-250820f84ec0: start RPC server
2024-04-29 09:21:11,129 [30e50e12-6d1d-42d4-8c2e-250820f84ec0-EndpointStateMachineTaskThread-/0.0.0.0:15269-0 ] INFO  server.GrpcService (GrpcService.java:startImpl(302)) - 30e50e12-6d1d-42d4-8c2e-250820f84ec0: GrpcService started, listening on 15306
2024-04-29 09:21:11,129 [30e50e12-6d1d-42d4-8c2e-250820f84ec0-EndpointStateMachineTaskThread-/0.0.0.0:15269-0 ] INFO  server.GrpcService (GrpcService.java:startImpl(302)) - 30e50e12-6d1d-42d4-8c2e-250820f84ec0: GrpcService started, listening on 15308
2024-04-29 09:21:11,129 [30e50e12-6d1d-42d4-8c2e-250820f84ec0-EndpointStateMachineTaskThread-/0.0.0.0:15269-0 ] INFO  server.GrpcService (GrpcService.java:startImpl(302)) - 30e50e12-6d1d-42d4-8c2e-250820f84ec0: GrpcService started, listening on 15307
2024-04-29 09:21:11,130 [30e50e12-6d1d-42d4-8c2e-250820f84ec0-EndpointStateMachineTaskThread-/0.0.0.0:15269-0 ] INFO  ratis.XceiverServerRatis (XceiverServerRatis.java:getRealPort(592)) - XceiverServerRatis 30e50e12-6d1d-42d4-8c2e-250820f84ec0 is started using port 15306 for RATIS
2024-04-29 09:21:11,130 [JvmPauseMonitor38] INFO  util.JvmPauseMonitor (JvmPauseMonitor.java:run(146)) - JvmPauseMonitor-30e50e12-6d1d-42d4-8c2e-250820f84ec0: Started
2024-04-29 09:21:11,130 [30e50e12-6d1d-42d4-8c2e-250820f84ec0-EndpointStateMachineTaskThread-/0.0.0.0:15269-0 ] INFO  ratis.XceiverServerRatis (XceiverServerRatis.java:getRealPort(592)) - XceiverServerRatis 30e50e12-6d1d-42d4-8c2e-250820f84ec0 is started using port 15307 for RATIS_ADMIN
2024-04-29 09:21:11,130 [30e50e12-6d1d-42d4-8c2e-250820f84ec0-EndpointStateMachineTaskThread-/0.0.0.0:15269-0 ] INFO  ratis.XceiverServerRatis (XceiverServerRatis.java:getRealPort(592)) - XceiverServerRatis 30e50e12-6d1d-42d4-8c2e-250820f84ec0 is started using port 15308 for RATIS_SERVER
2024-04-29 09:21:11,130 [30e50e12-6d1d-42d4-8c2e-250820f84ec0-EndpointStateMachineTaskThread-/0.0.0.0:15269-0 ] INFO  ratis.XceiverServerRatis (XceiverServerRatis.java:getRealPort(592)) - XceiverServerRatis 30e50e12-6d1d-42d4-8c2e-250820f84ec0 is started using port 15309 for RATIS_DATASTREAM
2024-04-29 09:21:11,133 [30e50e12-6d1d-42d4-8c2e-250820f84ec0-BlockDeletingService#0] INFO  interfaces.ContainerDeletionChoosingPolicyTemplate (ContainerDeletionChoosingPolicyTemplate.java:chooseContainerForBlockDeletion(85)) - Chosen 0/5000 blocks from 0 candidate containers.
2024-04-29 09:21:11,186 [e86906d1-c919-438b-b5a4-a98dd7588e75-EndpointStateMachineTaskThread-/0.0.0.0:15269-0 ] INFO  utils.DatanodeStoreCache (DatanodeStoreCache.java:addDB(72)) - Added db /home/runner/work/ozone/ozone/hadoop-ozone/integration-test/target/test-dir/MiniOzoneClusterImpl-5c564e69-bd94-47d8-8ed3-49bff913e719/ozone-meta/datanode-5/data-0/hdds/5c564e69-bd94-47d8-8ed3-49bff913e719/DS-6cba9cb4-9499-49ef-b998-fb0f447b5fb7/container.db to cache
2024-04-29 09:21:11,186 [e86906d1-c919-438b-b5a4-a98dd7588e75-EndpointStateMachineTaskThread-/0.0.0.0:15269-0 ] INFO  volume.HddsVolume (HddsVolume.java:createDbStore(437)) - SchemaV3 db is created and loaded at /home/runner/work/ozone/ozone/hadoop-ozone/integration-test/target/test-dir/MiniOzoneClusterImpl-5c564e69-bd94-47d8-8ed3-49bff913e719/ozone-meta/datanode-5/data-0/hdds/5c564e69-bd94-47d8-8ed3-49bff913e719/DS-6cba9cb4-9499-49ef-b998-fb0f447b5fb7/container.db for volume DS-6cba9cb4-9499-49ef-b998-fb0f447b5fb7
2024-04-29 09:21:11,187 [e86906d1-c919-438b-b5a4-a98dd7588e75-ContainerReader-0] INFO  ozoneimpl.ContainerReader (ContainerReader.java:readVolume(148)) - Start to verify containers on volume /home/runner/work/ozone/ozone/hadoop-ozone/integration-test/target/test-dir/MiniOzoneClusterImpl-5c564e69-bd94-47d8-8ed3-49bff913e719/ozone-meta/datanode-5/data-0/hdds
2024-04-29 09:21:11,187 [e86906d1-c919-438b-b5a4-a98dd7588e75-ContainerReader-0] INFO  ozoneimpl.ContainerReader (ContainerReader.java:readVolume(178)) - Finish verifying containers on volume /home/runner/work/ozone/ozone/hadoop-ozone/integration-test/target/test-dir/MiniOzoneClusterImpl-5c564e69-bd94-47d8-8ed3-49bff913e719/ozone-meta/datanode-5/data-0/hdds
2024-04-29 09:21:11,187 [e86906d1-c919-438b-b5a4-a98dd7588e75-EndpointStateMachineTaskThread-/0.0.0.0:15269-0 ] INFO  ozoneimpl.OzoneContainer (OzoneContainer.java:buildContainerSet(328)) - Build ContainerSet costs 0s
2024-04-29 09:21:11,188 [e86906d1-c919-438b-b5a4-a98dd7588e75-EndpointStateMachineTaskThread-/0.0.0.0:15269-0 ] INFO  volume.ThrottledAsyncChecker (ThrottledAsyncChecker.java:schedule(141)) - Scheduling a check for /home/runner/work/ozone/ozone/hadoop-ozone/integration-test/target/test-dir/MiniOzoneClusterImpl-5c564e69-bd94-47d8-8ed3-49bff913e719/ozone-meta/datanode-5/data-0/hdds
2024-04-29 09:21:11,188 [e86906d1-c919-438b-b5a4-a98dd7588e75-EndpointStateMachineTaskThread-/0.0.0.0:15269-0 ] INFO  volume.StorageVolumeChecker (StorageVolumeChecker.java:checkAllVolumes(218)) - Scheduled health check for volume /home/runner/work/ozone/ozone/hadoop-ozone/integration-test/target/test-dir/MiniOzoneClusterImpl-5c564e69-bd94-47d8-8ed3-49bff913e719/ozone-meta/datanode-5/data-0/hdds
2024-04-29 09:21:11,189 [e86906d1-c919-438b-b5a4-a98dd7588e75-EndpointStateMachineTaskThread-/0.0.0.0:15269-0 ] INFO  volume.ThrottledAsyncChecker (ThrottledAsyncChecker.java:schedule(141)) - Scheduling a check for /home/runner/work/ozone/ozone/hadoop-ozone/integration-test/target/test-dir/MiniOzoneClusterImpl-5c564e69-bd94-47d8-8ed3-49bff913e719/ozone-meta/datanode-5/ratis
2024-04-29 09:21:11,189 [e86906d1-c919-438b-b5a4-a98dd7588e75-EndpointStateMachineTaskThread-/0.0.0.0:15269-0 ] INFO  volume.StorageVolumeChecker (StorageVolumeChecker.java:checkAllVolumes(218)) - Scheduled health check for volume /home/runner/work/ozone/ozone/hadoop-ozone/integration-test/target/test-dir/MiniOzoneClusterImpl-5c564e69-bd94-47d8-8ed3-49bff913e719/ozone-meta/datanode-5/ratis
2024-04-29 09:21:11,189 [e86906d1-c919-438b-b5a4-a98dd7588e75-EndpointStateMachineTaskThread-/0.0.0.0:15269-0 ] INFO  ozoneimpl.OzoneContainer (OzoneContainer.java:start(459)) - Attempting to start container services.
2024-04-29 09:21:11,190 [e86906d1-c919-438b-b5a4-a98dd7588e75-EndpointStateMachineTaskThread-/0.0.0.0:15269-0 ] WARN  ozoneimpl.OnDemandContainerDataScanner (OnDemandContainerDataScanner.java:init(75)) - Trying to initialize on demand scanner a second time on a datanode.
2024-04-29 09:21:11,190 [ContainerMetadataScanner] INFO  ozoneimpl.AbstractBackgroundContainerScanner (AbstractBackgroundContainerScanner.java:runIteration(87)) - Completed an iteration in 0 minutes. Number of iterations (since the data-node restart) : 1, Number of containers scanned in this iteration : 0, Number of unhealthy containers found in this iteration : 0
2024-04-29 09:21:11,190 [ContainerDataScanner(/home/runner/work/ozone/ozone/hadoop-ozone/integration-test/target/test-dir/MiniOzoneClusterImpl-5c564e69-bd94-47d8-8ed3-49bff913e719/ozone-meta/datanode-5/data-0/hdds)] INFO  ozoneimpl.AbstractBackgroundContainerScanner (AbstractBackgroundContainerScanner.java:runIteration(87)) - Completed an iteration in 0 minutes. Number of iterations (since the data-node restart) : 1, Number of containers scanned in this iteration : 0, Number of unhealthy containers found in this iteration : 0
2024-04-29 09:21:11,190 [e86906d1-c919-438b-b5a4-a98dd7588e75-EndpointStateMachineTaskThread-/0.0.0.0:15269-0 ] INFO  replication.ReplicationServer (ReplicationServer.java:start(142)) - ReplicationServer is started using port 15319
2024-04-29 09:21:11,190 [e86906d1-c919-438b-b5a4-a98dd7588e75-EndpointStateMachineTaskThread-/0.0.0.0:15269-0 ] INFO  ratis.XceiverServerRatis (XceiverServerRatis.java:start(566)) - Starting XceiverServerRatis e86906d1-c919-438b-b5a4-a98dd7588e75
2024-04-29 09:21:11,191 [e86906d1-c919-438b-b5a4-a98dd7588e75-EndpointStateMachineTaskThread-/0.0.0.0:15269-0 ] INFO  server.RaftServer (RaftServerProxy.java:startImpl(406)) - e86906d1-c919-438b-b5a4-a98dd7588e75: start RPC server
2024-04-29 09:21:11,191 [e86906d1-c919-438b-b5a4-a98dd7588e75-EndpointStateMachineTaskThread-/0.0.0.0:15269-0 ] INFO  server.GrpcService (GrpcService.java:startImpl(302)) - e86906d1-c919-438b-b5a4-a98dd7588e75: GrpcService started, listening on 15315
2024-04-29 09:21:11,192 [e86906d1-c919-438b-b5a4-a98dd7588e75-EndpointStateMachineTaskThread-/0.0.0.0:15269-0 ] INFO  server.GrpcService (GrpcService.java:startImpl(302)) - e86906d1-c919-438b-b5a4-a98dd7588e75: GrpcService started, listening on 15317
2024-04-29 09:21:11,192 [e86906d1-c919-438b-b5a4-a98dd7588e75-EndpointStateMachineTaskThread-/0.0.0.0:15269-0 ] INFO  server.GrpcService (GrpcService.java:startImpl(302)) - e86906d1-c919-438b-b5a4-a98dd7588e75: GrpcService started, listening on 15316
2024-04-29 09:21:11,192 [e86906d1-c919-438b-b5a4-a98dd7588e75-EndpointStateMachineTaskThread-/0.0.0.0:15269-0 ] INFO  ratis.XceiverServerRatis (XceiverServerRatis.java:getRealPort(592)) - XceiverServerRatis e86906d1-c919-438b-b5a4-a98dd7588e75 is started using port 15315 for RATIS
2024-04-29 09:21:11,192 [e86906d1-c919-438b-b5a4-a98dd7588e75-EndpointStateMachineTaskThread-/0.0.0.0:15269-0 ] INFO  ratis.XceiverServerRatis (XceiverServerRatis.java:getRealPort(592)) - XceiverServerRatis e86906d1-c919-438b-b5a4-a98dd7588e75 is started using port 15316 for RATIS_ADMIN
2024-04-29 09:21:11,192 [e86906d1-c919-438b-b5a4-a98dd7588e75-EndpointStateMachineTaskThread-/0.0.0.0:15269-0 ] INFO  ratis.XceiverServerRatis (XceiverServerRatis.java:getRealPort(592)) - XceiverServerRatis e86906d1-c919-438b-b5a4-a98dd7588e75 is started using port 15317 for RATIS_SERVER
2024-04-29 09:21:11,192 [e86906d1-c919-438b-b5a4-a98dd7588e75-EndpointStateMachineTaskThread-/0.0.0.0:15269-0 ] INFO  ratis.XceiverServerRatis (XceiverServerRatis.java:getRealPort(592)) - XceiverServerRatis e86906d1-c919-438b-b5a4-a98dd7588e75 is started using port 15318 for RATIS_DATASTREAM
2024-04-29 09:21:11,192 [JvmPauseMonitor39] INFO  util.JvmPauseMonitor (JvmPauseMonitor.java:run(146)) - JvmPauseMonitor-e86906d1-c919-438b-b5a4-a98dd7588e75: Started
2024-04-29 09:21:11,195 [e86906d1-c919-438b-b5a4-a98dd7588e75-BlockDeletingService#0] INFO  interfaces.ContainerDeletionChoosingPolicyTemplate (ContainerDeletionChoosingPolicyTemplate.java:chooseContainerForBlockDeletion(85)) - Chosen 0/5000 blocks from 0 candidate containers.
2024-04-29 09:21:11,253 [05727db8-df0e-4fba-be48-9a4d471deba7-EndpointStateMachineTaskThread-/0.0.0.0:15269-0 ] INFO  utils.DatanodeStoreCache (DatanodeStoreCache.java:addDB(72)) - Added db /home/runner/work/ozone/ozone/hadoop-ozone/integration-test/target/test-dir/MiniOzoneClusterImpl-5c564e69-bd94-47d8-8ed3-49bff913e719/ozone-meta/datanode-6/data-0/hdds/5c564e69-bd94-47d8-8ed3-49bff913e719/DS-6065f5fa-c4cd-43cc-b88a-ba4314ce24f5/container.db to cache
2024-04-29 09:21:11,253 [05727db8-df0e-4fba-be48-9a4d471deba7-EndpointStateMachineTaskThread-/0.0.0.0:15269-0 ] INFO  volume.HddsVolume (HddsVolume.java:createDbStore(437)) - SchemaV3 db is created and loaded at /home/runner/work/ozone/ozone/hadoop-ozone/integration-test/target/test-dir/MiniOzoneClusterImpl-5c564e69-bd94-47d8-8ed3-49bff913e719/ozone-meta/datanode-6/data-0/hdds/5c564e69-bd94-47d8-8ed3-49bff913e719/DS-6065f5fa-c4cd-43cc-b88a-ba4314ce24f5/container.db for volume DS-6065f5fa-c4cd-43cc-b88a-ba4314ce24f5
2024-04-29 09:21:11,254 [05727db8-df0e-4fba-be48-9a4d471deba7-ContainerReader-0] INFO  ozoneimpl.ContainerReader (ContainerReader.java:readVolume(148)) - Start to verify containers on volume /home/runner/work/ozone/ozone/hadoop-ozone/integration-test/target/test-dir/MiniOzoneClusterImpl-5c564e69-bd94-47d8-8ed3-49bff913e719/ozone-meta/datanode-6/data-0/hdds
2024-04-29 09:21:11,254 [05727db8-df0e-4fba-be48-9a4d471deba7-ContainerReader-0] INFO  ozoneimpl.ContainerReader (ContainerReader.java:readVolume(178)) - Finish verifying containers on volume /home/runner/work/ozone/ozone/hadoop-ozone/integration-test/target/test-dir/MiniOzoneClusterImpl-5c564e69-bd94-47d8-8ed3-49bff913e719/ozone-meta/datanode-6/data-0/hdds
2024-04-29 09:21:11,255 [05727db8-df0e-4fba-be48-9a4d471deba7-EndpointStateMachineTaskThread-/0.0.0.0:15269-0 ] INFO  ozoneimpl.OzoneContainer (OzoneContainer.java:buildContainerSet(328)) - Build ContainerSet costs 0s
2024-04-29 09:21:11,255 [05727db8-df0e-4fba-be48-9a4d471deba7-EndpointStateMachineTaskThread-/0.0.0.0:15269-0 ] INFO  volume.ThrottledAsyncChecker (ThrottledAsyncChecker.java:schedule(141)) - Scheduling a check for /home/runner/work/ozone/ozone/hadoop-ozone/integration-test/target/test-dir/MiniOzoneClusterImpl-5c564e69-bd94-47d8-8ed3-49bff913e719/ozone-meta/datanode-6/data-0/hdds
2024-04-29 09:21:11,255 [05727db8-df0e-4fba-be48-9a4d471deba7-EndpointStateMachineTaskThread-/0.0.0.0:15269-0 ] INFO  volume.StorageVolumeChecker (StorageVolumeChecker.java:checkAllVolumes(218)) - Scheduled health check for volume /home/runner/work/ozone/ozone/hadoop-ozone/integration-test/target/test-dir/MiniOzoneClusterImpl-5c564e69-bd94-47d8-8ed3-49bff913e719/ozone-meta/datanode-6/data-0/hdds
2024-04-29 09:21:11,256 [05727db8-df0e-4fba-be48-9a4d471deba7-EndpointStateMachineTaskThread-/0.0.0.0:15269-0 ] INFO  volume.ThrottledAsyncChecker (ThrottledAsyncChecker.java:schedule(141)) - Scheduling a check for /home/runner/work/ozone/ozone/hadoop-ozone/integration-test/target/test-dir/MiniOzoneClusterImpl-5c564e69-bd94-47d8-8ed3-49bff913e719/ozone-meta/datanode-6/ratis
2024-04-29 09:21:11,256 [05727db8-df0e-4fba-be48-9a4d471deba7-EndpointStateMachineTaskThread-/0.0.0.0:15269-0 ] INFO  volume.StorageVolumeChecker (StorageVolumeChecker.java:checkAllVolumes(218)) - Scheduled health check for volume /home/runner/work/ozone/ozone/hadoop-ozone/integration-test/target/test-dir/MiniOzoneClusterImpl-5c564e69-bd94-47d8-8ed3-49bff913e719/ozone-meta/datanode-6/ratis
2024-04-29 09:21:11,257 [05727db8-df0e-4fba-be48-9a4d471deba7-EndpointStateMachineTaskThread-/0.0.0.0:15269-0 ] INFO  ozoneimpl.OzoneContainer (OzoneContainer.java:start(459)) - Attempting to start container services.
2024-04-29 09:21:11,257 [05727db8-df0e-4fba-be48-9a4d471deba7-EndpointStateMachineTaskThread-/0.0.0.0:15269-0 ] WARN  ozoneimpl.OnDemandContainerDataScanner (OnDemandContainerDataScanner.java:init(75)) - Trying to initialize on demand scanner a second time on a datanode.
2024-04-29 09:21:11,257 [ContainerMetadataScanner] INFO  ozoneimpl.AbstractBackgroundContainerScanner (AbstractBackgroundContainerScanner.java:runIteration(87)) - Completed an iteration in 0 minutes. Number of iterations (since the data-node restart) : 1, Number of containers scanned in this iteration : 0, Number of unhealthy containers found in this iteration : 0
2024-04-29 09:21:11,258 [ContainerDataScanner(/home/runner/work/ozone/ozone/hadoop-ozone/integration-test/target/test-dir/MiniOzoneClusterImpl-5c564e69-bd94-47d8-8ed3-49bff913e719/ozone-meta/datanode-6/data-0/hdds)] INFO  ozoneimpl.AbstractBackgroundContainerScanner (AbstractBackgroundContainerScanner.java:runIteration(87)) - Completed an iteration in 0 minutes. Number of iterations (since the data-node restart) : 1, Number of containers scanned in this iteration : 0, Number of unhealthy containers found in this iteration : 0
2024-04-29 09:21:11,258 [05727db8-df0e-4fba-be48-9a4d471deba7-EndpointStateMachineTaskThread-/0.0.0.0:15269-0 ] INFO  replication.ReplicationServer (ReplicationServer.java:start(142)) - ReplicationServer is started using port 15328
2024-04-29 09:21:11,258 [05727db8-df0e-4fba-be48-9a4d471deba7-EndpointStateMachineTaskThread-/0.0.0.0:15269-0 ] INFO  ratis.XceiverServerRatis (XceiverServerRatis.java:start(566)) - Starting XceiverServerRatis 05727db8-df0e-4fba-be48-9a4d471deba7
2024-04-29 09:21:11,258 [05727db8-df0e-4fba-be48-9a4d471deba7-EndpointStateMachineTaskThread-/0.0.0.0:15269-0 ] INFO  server.RaftServer (RaftServerProxy.java:startImpl(406)) - 05727db8-df0e-4fba-be48-9a4d471deba7: start RPC server
2024-04-29 09:21:11,259 [05727db8-df0e-4fba-be48-9a4d471deba7-EndpointStateMachineTaskThread-/0.0.0.0:15269-0 ] INFO  server.GrpcService (GrpcService.java:startImpl(302)) - 05727db8-df0e-4fba-be48-9a4d471deba7: GrpcService started, listening on 15324
2024-04-29 09:21:11,259 [05727db8-df0e-4fba-be48-9a4d471deba7-EndpointStateMachineTaskThread-/0.0.0.0:15269-0 ] INFO  server.GrpcService (GrpcService.java:startImpl(302)) - 05727db8-df0e-4fba-be48-9a4d471deba7: GrpcService started, listening on 15326
2024-04-29 09:21:11,259 [05727db8-df0e-4fba-be48-9a4d471deba7-EndpointStateMachineTaskThread-/0.0.0.0:15269-0 ] INFO  server.GrpcService (GrpcService.java:startImpl(302)) - 05727db8-df0e-4fba-be48-9a4d471deba7: GrpcService started, listening on 15325
2024-04-29 09:21:11,259 [05727db8-df0e-4fba-be48-9a4d471deba7-EndpointStateMachineTaskThread-/0.0.0.0:15269-0 ] INFO  ratis.XceiverServerRatis (XceiverServerRatis.java:getRealPort(592)) - XceiverServerRatis 05727db8-df0e-4fba-be48-9a4d471deba7 is started using port 15324 for RATIS
2024-04-29 09:21:11,259 [JvmPauseMonitor40] INFO  util.JvmPauseMonitor (JvmPauseMonitor.java:run(146)) - JvmPauseMonitor-05727db8-df0e-4fba-be48-9a4d471deba7: Started
2024-04-29 09:21:11,259 [05727db8-df0e-4fba-be48-9a4d471deba7-EndpointStateMachineTaskThread-/0.0.0.0:15269-0 ] INFO  ratis.XceiverServerRatis (XceiverServerRatis.java:getRealPort(592)) - XceiverServerRatis 05727db8-df0e-4fba-be48-9a4d471deba7 is started using port 15325 for RATIS_ADMIN
2024-04-29 09:21:11,259 [05727db8-df0e-4fba-be48-9a4d471deba7-EndpointStateMachineTaskThread-/0.0.0.0:15269-0 ] INFO  ratis.XceiverServerRatis (XceiverServerRatis.java:getRealPort(592)) - XceiverServerRatis 05727db8-df0e-4fba-be48-9a4d471deba7 is started using port 15326 for RATIS_SERVER
2024-04-29 09:21:11,259 [05727db8-df0e-4fba-be48-9a4d471deba7-EndpointStateMachineTaskThread-/0.0.0.0:15269-0 ] INFO  ratis.XceiverServerRatis (XceiverServerRatis.java:getRealPort(592)) - XceiverServerRatis 05727db8-df0e-4fba-be48-9a4d471deba7 is started using port 15327 for RATIS_DATASTREAM
2024-04-29 09:21:11,260 [05727db8-df0e-4fba-be48-9a4d471deba7-BlockDeletingService#0] INFO  interfaces.ContainerDeletionChoosingPolicyTemplate (ContainerDeletionChoosingPolicyTemplate.java:chooseContainerForBlockDeletion(85)) - Chosen 0/5000 blocks from 0 candidate containers.
2024-04-29 09:21:11,304 [ab29e55d-edbb-4b88-be19-86f551408953-EndpointStateMachineTaskThread-/0.0.0.0:15269-0 ] INFO  utils.DatanodeStoreCache (DatanodeStoreCache.java:addDB(72)) - Added db /home/runner/work/ozone/ozone/hadoop-ozone/integration-test/target/test-dir/MiniOzoneClusterImpl-5c564e69-bd94-47d8-8ed3-49bff913e719/ozone-meta/datanode-7/data-0/hdds/5c564e69-bd94-47d8-8ed3-49bff913e719/DS-b9ff2964-b938-43f8-97f9-2f5317e0132b/container.db to cache
2024-04-29 09:21:11,304 [ab29e55d-edbb-4b88-be19-86f551408953-EndpointStateMachineTaskThread-/0.0.0.0:15269-0 ] INFO  volume.HddsVolume (HddsVolume.java:createDbStore(437)) - SchemaV3 db is created and loaded at /home/runner/work/ozone/ozone/hadoop-ozone/integration-test/target/test-dir/MiniOzoneClusterImpl-5c564e69-bd94-47d8-8ed3-49bff913e719/ozone-meta/datanode-7/data-0/hdds/5c564e69-bd94-47d8-8ed3-49bff913e719/DS-b9ff2964-b938-43f8-97f9-2f5317e0132b/container.db for volume DS-b9ff2964-b938-43f8-97f9-2f5317e0132b
2024-04-29 09:21:11,305 [ab29e55d-edbb-4b88-be19-86f551408953-ContainerReader-0] INFO  ozoneimpl.ContainerReader (ContainerReader.java:readVolume(148)) - Start to verify containers on volume /home/runner/work/ozone/ozone/hadoop-ozone/integration-test/target/test-dir/MiniOzoneClusterImpl-5c564e69-bd94-47d8-8ed3-49bff913e719/ozone-meta/datanode-7/data-0/hdds
2024-04-29 09:21:11,305 [ab29e55d-edbb-4b88-be19-86f551408953-ContainerReader-0] INFO  ozoneimpl.ContainerReader (ContainerReader.java:readVolume(178)) - Finish verifying containers on volume /home/runner/work/ozone/ozone/hadoop-ozone/integration-test/target/test-dir/MiniOzoneClusterImpl-5c564e69-bd94-47d8-8ed3-49bff913e719/ozone-meta/datanode-7/data-0/hdds
2024-04-29 09:21:11,305 [ab29e55d-edbb-4b88-be19-86f551408953-EndpointStateMachineTaskThread-/0.0.0.0:15269-0 ] INFO  ozoneimpl.OzoneContainer (OzoneContainer.java:buildContainerSet(328)) - Build ContainerSet costs 0s
2024-04-29 09:21:11,305 [ab29e55d-edbb-4b88-be19-86f551408953-EndpointStateMachineTaskThread-/0.0.0.0:15269-0 ] INFO  volume.ThrottledAsyncChecker (ThrottledAsyncChecker.java:schedule(141)) - Scheduling a check for /home/runner/work/ozone/ozone/hadoop-ozone/integration-test/target/test-dir/MiniOzoneClusterImpl-5c564e69-bd94-47d8-8ed3-49bff913e719/ozone-meta/datanode-7/data-0/hdds
2024-04-29 09:21:11,306 [ab29e55d-edbb-4b88-be19-86f551408953-EndpointStateMachineTaskThread-/0.0.0.0:15269-0 ] INFO  volume.StorageVolumeChecker (StorageVolumeChecker.java:checkAllVolumes(218)) - Scheduled health check for volume /home/runner/work/ozone/ozone/hadoop-ozone/integration-test/target/test-dir/MiniOzoneClusterImpl-5c564e69-bd94-47d8-8ed3-49bff913e719/ozone-meta/datanode-7/data-0/hdds
2024-04-29 09:21:11,307 [ab29e55d-edbb-4b88-be19-86f551408953-EndpointStateMachineTaskThread-/0.0.0.0:15269-0 ] INFO  volume.ThrottledAsyncChecker (ThrottledAsyncChecker.java:schedule(141)) - Scheduling a check for /home/runner/work/ozone/ozone/hadoop-ozone/integration-test/target/test-dir/MiniOzoneClusterImpl-5c564e69-bd94-47d8-8ed3-49bff913e719/ozone-meta/datanode-7/ratis
2024-04-29 09:21:11,307 [ab29e55d-edbb-4b88-be19-86f551408953-EndpointStateMachineTaskThread-/0.0.0.0:15269-0 ] INFO  volume.StorageVolumeChecker (StorageVolumeChecker.java:checkAllVolumes(218)) - Scheduled health check for volume /home/runner/work/ozone/ozone/hadoop-ozone/integration-test/target/test-dir/MiniOzoneClusterImpl-5c564e69-bd94-47d8-8ed3-49bff913e719/ozone-meta/datanode-7/ratis
2024-04-29 09:21:11,307 [ab29e55d-edbb-4b88-be19-86f551408953-EndpointStateMachineTaskThread-/0.0.0.0:15269-0 ] INFO  ozoneimpl.OzoneContainer (OzoneContainer.java:start(459)) - Attempting to start container services.
2024-04-29 09:21:11,308 [ab29e55d-edbb-4b88-be19-86f551408953-EndpointStateMachineTaskThread-/0.0.0.0:15269-0 ] WARN  ozoneimpl.OnDemandContainerDataScanner (OnDemandContainerDataScanner.java:init(75)) - Trying to initialize on demand scanner a second time on a datanode.
2024-04-29 09:21:11,308 [ContainerMetadataScanner] INFO  ozoneimpl.AbstractBackgroundContainerScanner (AbstractBackgroundContainerScanner.java:runIteration(87)) - Completed an iteration in 0 minutes. Number of iterations (since the data-node restart) : 1, Number of containers scanned in this iteration : 0, Number of unhealthy containers found in this iteration : 0
2024-04-29 09:21:11,308 [ContainerDataScanner(/home/runner/work/ozone/ozone/hadoop-ozone/integration-test/target/test-dir/MiniOzoneClusterImpl-5c564e69-bd94-47d8-8ed3-49bff913e719/ozone-meta/datanode-7/data-0/hdds)] INFO  ozoneimpl.AbstractBackgroundContainerScanner (AbstractBackgroundContainerScanner.java:runIteration(87)) - Completed an iteration in 0 minutes. Number of iterations (since the data-node restart) : 1, Number of containers scanned in this iteration : 0, Number of unhealthy containers found in this iteration : 0
2024-04-29 09:21:11,308 [ab29e55d-edbb-4b88-be19-86f551408953-EndpointStateMachineTaskThread-/0.0.0.0:15269-0 ] INFO  replication.ReplicationServer (ReplicationServer.java:start(142)) - ReplicationServer is started using port 15337
2024-04-29 09:21:11,308 [ab29e55d-edbb-4b88-be19-86f551408953-EndpointStateMachineTaskThread-/0.0.0.0:15269-0 ] INFO  ratis.XceiverServerRatis (XceiverServerRatis.java:start(566)) - Starting XceiverServerRatis ab29e55d-edbb-4b88-be19-86f551408953
2024-04-29 09:21:11,309 [ab29e55d-edbb-4b88-be19-86f551408953-EndpointStateMachineTaskThread-/0.0.0.0:15269-0 ] INFO  server.RaftServer (RaftServerProxy.java:startImpl(406)) - ab29e55d-edbb-4b88-be19-86f551408953: start RPC server
2024-04-29 09:21:11,309 [ab29e55d-edbb-4b88-be19-86f551408953-EndpointStateMachineTaskThread-/0.0.0.0:15269-0 ] INFO  server.GrpcService (GrpcService.java:startImpl(302)) - ab29e55d-edbb-4b88-be19-86f551408953: GrpcService started, listening on 15333
2024-04-29 09:21:11,309 [ab29e55d-edbb-4b88-be19-86f551408953-EndpointStateMachineTaskThread-/0.0.0.0:15269-0 ] INFO  server.GrpcService (GrpcService.java:startImpl(302)) - ab29e55d-edbb-4b88-be19-86f551408953: GrpcService started, listening on 15335
2024-04-29 09:21:11,309 [ab29e55d-edbb-4b88-be19-86f551408953-EndpointStateMachineTaskThread-/0.0.0.0:15269-0 ] INFO  server.GrpcService (GrpcService.java:startImpl(302)) - ab29e55d-edbb-4b88-be19-86f551408953: GrpcService started, listening on 15334
2024-04-29 09:21:11,310 [ab29e55d-edbb-4b88-be19-86f551408953-EndpointStateMachineTaskThread-/0.0.0.0:15269-0 ] INFO  ratis.XceiverServerRatis (XceiverServerRatis.java:getRealPort(592)) - XceiverServerRatis ab29e55d-edbb-4b88-be19-86f551408953 is started using port 15333 for RATIS
2024-04-29 09:21:11,310 [ab29e55d-edbb-4b88-be19-86f551408953-EndpointStateMachineTaskThread-/0.0.0.0:15269-0 ] INFO  ratis.XceiverServerRatis (XceiverServerRatis.java:getRealPort(592)) - XceiverServerRatis ab29e55d-edbb-4b88-be19-86f551408953 is started using port 15334 for RATIS_ADMIN
2024-04-29 09:21:11,310 [ab29e55d-edbb-4b88-be19-86f551408953-EndpointStateMachineTaskThread-/0.0.0.0:15269-0 ] INFO  ratis.XceiverServerRatis (XceiverServerRatis.java:getRealPort(592)) - XceiverServerRatis ab29e55d-edbb-4b88-be19-86f551408953 is started using port 15335 for RATIS_SERVER
2024-04-29 09:21:11,310 [ab29e55d-edbb-4b88-be19-86f551408953-EndpointStateMachineTaskThread-/0.0.0.0:15269-0 ] INFO  ratis.XceiverServerRatis (XceiverServerRatis.java:getRealPort(592)) - XceiverServerRatis ab29e55d-edbb-4b88-be19-86f551408953 is started using port 15336 for RATIS_DATASTREAM
2024-04-29 09:21:11,310 [JvmPauseMonitor41] INFO  util.JvmPauseMonitor (JvmPauseMonitor.java:run(146)) - JvmPauseMonitor-ab29e55d-edbb-4b88-be19-86f551408953: Started
2024-04-29 09:21:11,311 [ab29e55d-edbb-4b88-be19-86f551408953-BlockDeletingService#0] INFO  interfaces.ContainerDeletionChoosingPolicyTemplate (ContainerDeletionChoosingPolicyTemplate.java:chooseContainerForBlockDeletion(85)) - Chosen 0/5000 blocks from 0 candidate containers.
2024-04-29 09:21:11,349 [9aa29c9a-34be-4d10-8746-61e8629e52a2-EndpointStateMachineTaskThread-/0.0.0.0:15269-0 ] INFO  utils.DatanodeStoreCache (DatanodeStoreCache.java:addDB(72)) - Added db /home/runner/work/ozone/ozone/hadoop-ozone/integration-test/target/test-dir/MiniOzoneClusterImpl-5c564e69-bd94-47d8-8ed3-49bff913e719/ozone-meta/datanode-8/data-0/hdds/5c564e69-bd94-47d8-8ed3-49bff913e719/DS-1decc1f3-6a2a-408d-95fa-c945a8c6232c/container.db to cache
2024-04-29 09:21:11,349 [9aa29c9a-34be-4d10-8746-61e8629e52a2-EndpointStateMachineTaskThread-/0.0.0.0:15269-0 ] INFO  volume.HddsVolume (HddsVolume.java:createDbStore(437)) - SchemaV3 db is created and loaded at /home/runner/work/ozone/ozone/hadoop-ozone/integration-test/target/test-dir/MiniOzoneClusterImpl-5c564e69-bd94-47d8-8ed3-49bff913e719/ozone-meta/datanode-8/data-0/hdds/5c564e69-bd94-47d8-8ed3-49bff913e719/DS-1decc1f3-6a2a-408d-95fa-c945a8c6232c/container.db for volume DS-1decc1f3-6a2a-408d-95fa-c945a8c6232c
2024-04-29 09:21:11,350 [9aa29c9a-34be-4d10-8746-61e8629e52a2-ContainerReader-0] INFO  ozoneimpl.ContainerReader (ContainerReader.java:readVolume(148)) - Start to verify containers on volume /home/runner/work/ozone/ozone/hadoop-ozone/integration-test/target/test-dir/MiniOzoneClusterImpl-5c564e69-bd94-47d8-8ed3-49bff913e719/ozone-meta/datanode-8/data-0/hdds
2024-04-29 09:21:11,350 [9aa29c9a-34be-4d10-8746-61e8629e52a2-ContainerReader-0] INFO  ozoneimpl.ContainerReader (ContainerReader.java:readVolume(178)) - Finish verifying containers on volume /home/runner/work/ozone/ozone/hadoop-ozone/integration-test/target/test-dir/MiniOzoneClusterImpl-5c564e69-bd94-47d8-8ed3-49bff913e719/ozone-meta/datanode-8/data-0/hdds
2024-04-29 09:21:11,350 [9aa29c9a-34be-4d10-8746-61e8629e52a2-EndpointStateMachineTaskThread-/0.0.0.0:15269-0 ] INFO  ozoneimpl.OzoneContainer (OzoneContainer.java:buildContainerSet(328)) - Build ContainerSet costs 0s
2024-04-29 09:21:11,350 [9aa29c9a-34be-4d10-8746-61e8629e52a2-EndpointStateMachineTaskThread-/0.0.0.0:15269-0 ] INFO  volume.ThrottledAsyncChecker (ThrottledAsyncChecker.java:schedule(141)) - Scheduling a check for /home/runner/work/ozone/ozone/hadoop-ozone/integration-test/target/test-dir/MiniOzoneClusterImpl-5c564e69-bd94-47d8-8ed3-49bff913e719/ozone-meta/datanode-8/data-0/hdds
2024-04-29 09:21:11,351 [9aa29c9a-34be-4d10-8746-61e8629e52a2-EndpointStateMachineTaskThread-/0.0.0.0:15269-0 ] INFO  volume.StorageVolumeChecker (StorageVolumeChecker.java:checkAllVolumes(218)) - Scheduled health check for volume /home/runner/work/ozone/ozone/hadoop-ozone/integration-test/target/test-dir/MiniOzoneClusterImpl-5c564e69-bd94-47d8-8ed3-49bff913e719/ozone-meta/datanode-8/data-0/hdds
2024-04-29 09:21:11,351 [9aa29c9a-34be-4d10-8746-61e8629e52a2-EndpointStateMachineTaskThread-/0.0.0.0:15269-0 ] INFO  volume.ThrottledAsyncChecker (ThrottledAsyncChecker.java:schedule(141)) - Scheduling a check for /home/runner/work/ozone/ozone/hadoop-ozone/integration-test/target/test-dir/MiniOzoneClusterImpl-5c564e69-bd94-47d8-8ed3-49bff913e719/ozone-meta/datanode-8/ratis
2024-04-29 09:21:11,352 [9aa29c9a-34be-4d10-8746-61e8629e52a2-EndpointStateMachineTaskThread-/0.0.0.0:15269-0 ] INFO  volume.StorageVolumeChecker (StorageVolumeChecker.java:checkAllVolumes(218)) - Scheduled health check for volume /home/runner/work/ozone/ozone/hadoop-ozone/integration-test/target/test-dir/MiniOzoneClusterImpl-5c564e69-bd94-47d8-8ed3-49bff913e719/ozone-meta/datanode-8/ratis
2024-04-29 09:21:11,352 [9aa29c9a-34be-4d10-8746-61e8629e52a2-EndpointStateMachineTaskThread-/0.0.0.0:15269-0 ] INFO  ozoneimpl.OzoneContainer (OzoneContainer.java:start(459)) - Attempting to start container services.
2024-04-29 09:21:11,352 [9aa29c9a-34be-4d10-8746-61e8629e52a2-EndpointStateMachineTaskThread-/0.0.0.0:15269-0 ] WARN  ozoneimpl.OnDemandContainerDataScanner (OnDemandContainerDataScanner.java:init(75)) - Trying to initialize on demand scanner a second time on a datanode.
2024-04-29 09:21:11,353 [ContainerMetadataScanner] INFO  ozoneimpl.AbstractBackgroundContainerScanner (AbstractBackgroundContainerScanner.java:runIteration(87)) - Completed an iteration in 0 minutes. Number of iterations (since the data-node restart) : 1, Number of containers scanned in this iteration : 0, Number of unhealthy containers found in this iteration : 0
2024-04-29 09:21:11,353 [ContainerDataScanner(/home/runner/work/ozone/ozone/hadoop-ozone/integration-test/target/test-dir/MiniOzoneClusterImpl-5c564e69-bd94-47d8-8ed3-49bff913e719/ozone-meta/datanode-8/data-0/hdds)] INFO  ozoneimpl.AbstractBackgroundContainerScanner (AbstractBackgroundContainerScanner.java:runIteration(87)) - Completed an iteration in 0 minutes. Number of iterations (since the data-node restart) : 1, Number of containers scanned in this iteration : 0, Number of unhealthy containers found in this iteration : 0
2024-04-29 09:21:11,353 [9aa29c9a-34be-4d10-8746-61e8629e52a2-EndpointStateMachineTaskThread-/0.0.0.0:15269-0 ] INFO  replication.ReplicationServer (ReplicationServer.java:start(142)) - ReplicationServer is started using port 15346
2024-04-29 09:21:11,353 [9aa29c9a-34be-4d10-8746-61e8629e52a2-EndpointStateMachineTaskThread-/0.0.0.0:15269-0 ] INFO  ratis.XceiverServerRatis (XceiverServerRatis.java:start(566)) - Starting XceiverServerRatis 9aa29c9a-34be-4d10-8746-61e8629e52a2
2024-04-29 09:21:11,353 [9aa29c9a-34be-4d10-8746-61e8629e52a2-EndpointStateMachineTaskThread-/0.0.0.0:15269-0 ] INFO  server.RaftServer (RaftServerProxy.java:startImpl(406)) - 9aa29c9a-34be-4d10-8746-61e8629e52a2: start RPC server
2024-04-29 09:21:11,354 [9aa29c9a-34be-4d10-8746-61e8629e52a2-EndpointStateMachineTaskThread-/0.0.0.0:15269-0 ] INFO  server.GrpcService (GrpcService.java:startImpl(302)) - 9aa29c9a-34be-4d10-8746-61e8629e52a2: GrpcService started, listening on 15342
2024-04-29 09:21:11,354 [9aa29c9a-34be-4d10-8746-61e8629e52a2-EndpointStateMachineTaskThread-/0.0.0.0:15269-0 ] INFO  server.GrpcService (GrpcService.java:startImpl(302)) - 9aa29c9a-34be-4d10-8746-61e8629e52a2: GrpcService started, listening on 15344
2024-04-29 09:21:11,354 [9aa29c9a-34be-4d10-8746-61e8629e52a2-EndpointStateMachineTaskThread-/0.0.0.0:15269-0 ] INFO  server.GrpcService (GrpcService.java:startImpl(302)) - 9aa29c9a-34be-4d10-8746-61e8629e52a2: GrpcService started, listening on 15343
2024-04-29 09:21:11,354 [9aa29c9a-34be-4d10-8746-61e8629e52a2-EndpointStateMachineTaskThread-/0.0.0.0:15269-0 ] INFO  ratis.XceiverServerRatis (XceiverServerRatis.java:getRealPort(592)) - XceiverServerRatis 9aa29c9a-34be-4d10-8746-61e8629e52a2 is started using port 15342 for RATIS
2024-04-29 09:21:11,354 [9aa29c9a-34be-4d10-8746-61e8629e52a2-EndpointStateMachineTaskThread-/0.0.0.0:15269-0 ] INFO  ratis.XceiverServerRatis (XceiverServerRatis.java:getRealPort(592)) - XceiverServerRatis 9aa29c9a-34be-4d10-8746-61e8629e52a2 is started using port 15343 for RATIS_ADMIN
2024-04-29 09:21:11,354 [9aa29c9a-34be-4d10-8746-61e8629e52a2-EndpointStateMachineTaskThread-/0.0.0.0:15269-0 ] INFO  ratis.XceiverServerRatis (XceiverServerRatis.java:getRealPort(592)) - XceiverServerRatis 9aa29c9a-34be-4d10-8746-61e8629e52a2 is started using port 15344 for RATIS_SERVER
2024-04-29 09:21:11,354 [JvmPauseMonitor42] INFO  util.JvmPauseMonitor (JvmPauseMonitor.java:run(146)) - JvmPauseMonitor-9aa29c9a-34be-4d10-8746-61e8629e52a2: Started
2024-04-29 09:21:11,354 [9aa29c9a-34be-4d10-8746-61e8629e52a2-EndpointStateMachineTaskThread-/0.0.0.0:15269-0 ] INFO  ratis.XceiverServerRatis (XceiverServerRatis.java:getRealPort(592)) - XceiverServerRatis 9aa29c9a-34be-4d10-8746-61e8629e52a2 is started using port 15345 for RATIS_DATASTREAM
2024-04-29 09:21:11,355 [9aa29c9a-34be-4d10-8746-61e8629e52a2-BlockDeletingService#0] INFO  interfaces.ContainerDeletionChoosingPolicyTemplate (ContainerDeletionChoosingPolicyTemplate.java:chooseContainerForBlockDeletion(85)) - Chosen 0/5000 blocks from 0 candidate containers.
2024-04-29 09:21:11,381 [main] INFO  ozone.MiniOzoneClusterImpl (MiniOzoneClusterImpl.java:lambda$waitForClusterToBeReady$0(194)) - Waiting for nodes to be ready. Got 0 of 9 DN Heartbeats.
2024-04-29 09:21:11,381 [main] INFO  ozone.MiniOzoneClusterImpl (MiniOzoneClusterImpl.java:lambda$waitForClusterToBeReady$0(197)) - Waiting for cluster to exit safe mode
2024-04-29 09:21:11,382 [main] INFO  ozone.MiniOzoneClusterImpl (MiniOzoneClusterImpl.java:lambda$waitForClusterToBeReady$0(199)) - SCM became leader
2024-04-29 09:21:11,399 [2915b4d7-e658-4864-9310-64154da9bd5b-EndpointStateMachineTaskThread-/0.0.0.0:15269-0 ] INFO  utils.DatanodeStoreCache (DatanodeStoreCache.java:addDB(72)) - Added db /home/runner/work/ozone/ozone/hadoop-ozone/integration-test/target/test-dir/MiniOzoneClusterImpl-5c564e69-bd94-47d8-8ed3-49bff913e719/ozone-meta/datanode-9/data-0/hdds/5c564e69-bd94-47d8-8ed3-49bff913e719/DS-1391a816-3bbe-43e9-8ebe-ddca8a5e2ad1/container.db to cache
2024-04-29 09:21:11,399 [2915b4d7-e658-4864-9310-64154da9bd5b-EndpointStateMachineTaskThread-/0.0.0.0:15269-0 ] INFO  volume.HddsVolume (HddsVolume.java:createDbStore(437)) - SchemaV3 db is created and loaded at /home/runner/work/ozone/ozone/hadoop-ozone/integration-test/target/test-dir/MiniOzoneClusterImpl-5c564e69-bd94-47d8-8ed3-49bff913e719/ozone-meta/datanode-9/data-0/hdds/5c564e69-bd94-47d8-8ed3-49bff913e719/DS-1391a816-3bbe-43e9-8ebe-ddca8a5e2ad1/container.db for volume DS-1391a816-3bbe-43e9-8ebe-ddca8a5e2ad1
2024-04-29 09:21:11,400 [2915b4d7-e658-4864-9310-64154da9bd5b-ContainerReader-0] INFO  ozoneimpl.ContainerReader (ContainerReader.java:readVolume(148)) - Start to verify containers on volume /home/runner/work/ozone/ozone/hadoop-ozone/integration-test/target/test-dir/MiniOzoneClusterImpl-5c564e69-bd94-47d8-8ed3-49bff913e719/ozone-meta/datanode-9/data-0/hdds
2024-04-29 09:21:11,400 [2915b4d7-e658-4864-9310-64154da9bd5b-ContainerReader-0] INFO  ozoneimpl.ContainerReader (ContainerReader.java:readVolume(178)) - Finish verifying containers on volume /home/runner/work/ozone/ozone/hadoop-ozone/integration-test/target/test-dir/MiniOzoneClusterImpl-5c564e69-bd94-47d8-8ed3-49bff913e719/ozone-meta/datanode-9/data-0/hdds
2024-04-29 09:21:11,400 [2915b4d7-e658-4864-9310-64154da9bd5b-EndpointStateMachineTaskThread-/0.0.0.0:15269-0 ] INFO  ozoneimpl.OzoneContainer (OzoneContainer.java:buildContainerSet(328)) - Build ContainerSet costs 0s
2024-04-29 09:21:11,400 [2915b4d7-e658-4864-9310-64154da9bd5b-EndpointStateMachineTaskThread-/0.0.0.0:15269-0 ] INFO  volume.ThrottledAsyncChecker (ThrottledAsyncChecker.java:schedule(141)) - Scheduling a check for /home/runner/work/ozone/ozone/hadoop-ozone/integration-test/target/test-dir/MiniOzoneClusterImpl-5c564e69-bd94-47d8-8ed3-49bff913e719/ozone-meta/datanode-9/data-0/hdds
2024-04-29 09:21:11,401 [2915b4d7-e658-4864-9310-64154da9bd5b-EndpointStateMachineTaskThread-/0.0.0.0:15269-0 ] INFO  volume.StorageVolumeChecker (StorageVolumeChecker.java:checkAllVolumes(218)) - Scheduled health check for volume /home/runner/work/ozone/ozone/hadoop-ozone/integration-test/target/test-dir/MiniOzoneClusterImpl-5c564e69-bd94-47d8-8ed3-49bff913e719/ozone-meta/datanode-9/data-0/hdds
2024-04-29 09:21:11,402 [2915b4d7-e658-4864-9310-64154da9bd5b-EndpointStateMachineTaskThread-/0.0.0.0:15269-0 ] INFO  volume.ThrottledAsyncChecker (ThrottledAsyncChecker.java:schedule(141)) - Scheduling a check for /home/runner/work/ozone/ozone/hadoop-ozone/integration-test/target/test-dir/MiniOzoneClusterImpl-5c564e69-bd94-47d8-8ed3-49bff913e719/ozone-meta/datanode-9/ratis
2024-04-29 09:21:11,402 [2915b4d7-e658-4864-9310-64154da9bd5b-EndpointStateMachineTaskThread-/0.0.0.0:15269-0 ] INFO  volume.StorageVolumeChecker (StorageVolumeChecker.java:checkAllVolumes(218)) - Scheduled health check for volume /home/runner/work/ozone/ozone/hadoop-ozone/integration-test/target/test-dir/MiniOzoneClusterImpl-5c564e69-bd94-47d8-8ed3-49bff913e719/ozone-meta/datanode-9/ratis
2024-04-29 09:21:11,402 [2915b4d7-e658-4864-9310-64154da9bd5b-EndpointStateMachineTaskThread-/0.0.0.0:15269-0 ] INFO  ozoneimpl.OzoneContainer (OzoneContainer.java:start(459)) - Attempting to start container services.
2024-04-29 09:21:11,403 [2915b4d7-e658-4864-9310-64154da9bd5b-EndpointStateMachineTaskThread-/0.0.0.0:15269-0 ] WARN  ozoneimpl.OnDemandContainerDataScanner (OnDemandContainerDataScanner.java:init(75)) - Trying to initialize on demand scanner a second time on a datanode.
2024-04-29 09:21:11,403 [ContainerMetadataScanner] INFO  ozoneimpl.AbstractBackgroundContainerScanner (AbstractBackgroundContainerScanner.java:runIteration(87)) - Completed an iteration in 0 minutes. Number of iterations (since the data-node restart) : 1, Number of containers scanned in this iteration : 0, Number of unhealthy containers found in this iteration : 0
2024-04-29 09:21:11,403 [ContainerDataScanner(/home/runner/work/ozone/ozone/hadoop-ozone/integration-test/target/test-dir/MiniOzoneClusterImpl-5c564e69-bd94-47d8-8ed3-49bff913e719/ozone-meta/datanode-9/data-0/hdds)] INFO  ozoneimpl.AbstractBackgroundContainerScanner (AbstractBackgroundContainerScanner.java:runIteration(87)) - Completed an iteration in 0 minutes. Number of iterations (since the data-node restart) : 1, Number of containers scanned in this iteration : 0, Number of unhealthy containers found in this iteration : 0
2024-04-29 09:21:11,403 [2915b4d7-e658-4864-9310-64154da9bd5b-EndpointStateMachineTaskThread-/0.0.0.0:15269-0 ] INFO  replication.ReplicationServer (ReplicationServer.java:start(142)) - ReplicationServer is started using port 15355
2024-04-29 09:21:11,403 [2915b4d7-e658-4864-9310-64154da9bd5b-EndpointStateMachineTaskThread-/0.0.0.0:15269-0 ] INFO  ratis.XceiverServerRatis (XceiverServerRatis.java:start(566)) - Starting XceiverServerRatis 2915b4d7-e658-4864-9310-64154da9bd5b
2024-04-29 09:21:11,404 [2915b4d7-e658-4864-9310-64154da9bd5b-EndpointStateMachineTaskThread-/0.0.0.0:15269-0 ] INFO  server.RaftServer (RaftServerProxy.java:startImpl(406)) - 2915b4d7-e658-4864-9310-64154da9bd5b: start RPC server
2024-04-29 09:21:11,404 [2915b4d7-e658-4864-9310-64154da9bd5b-EndpointStateMachineTaskThread-/0.0.0.0:15269-0 ] INFO  server.GrpcService (GrpcService.java:startImpl(302)) - 2915b4d7-e658-4864-9310-64154da9bd5b: GrpcService started, listening on 15351
2024-04-29 09:21:11,404 [2915b4d7-e658-4864-9310-64154da9bd5b-EndpointStateMachineTaskThread-/0.0.0.0:15269-0 ] INFO  server.GrpcService (GrpcService.java:startImpl(302)) - 2915b4d7-e658-4864-9310-64154da9bd5b: GrpcService started, listening on 15353
2024-04-29 09:21:11,405 [2915b4d7-e658-4864-9310-64154da9bd5b-EndpointStateMachineTaskThread-/0.0.0.0:15269-0 ] INFO  server.GrpcService (GrpcService.java:startImpl(302)) - 2915b4d7-e658-4864-9310-64154da9bd5b: GrpcService started, listening on 15352
2024-04-29 09:21:11,405 [2915b4d7-e658-4864-9310-64154da9bd5b-EndpointStateMachineTaskThread-/0.0.0.0:15269-0 ] INFO  ratis.XceiverServerRatis (XceiverServerRatis.java:getRealPort(592)) - XceiverServerRatis 2915b4d7-e658-4864-9310-64154da9bd5b is started using port 15351 for RATIS
2024-04-29 09:21:11,405 [2915b4d7-e658-4864-9310-64154da9bd5b-EndpointStateMachineTaskThread-/0.0.0.0:15269-0 ] INFO  ratis.XceiverServerRatis (XceiverServerRatis.java:getRealPort(592)) - XceiverServerRatis 2915b4d7-e658-4864-9310-64154da9bd5b is started using port 15352 for RATIS_ADMIN
2024-04-29 09:21:11,405 [2915b4d7-e658-4864-9310-64154da9bd5b-EndpointStateMachineTaskThread-/0.0.0.0:15269-0 ] INFO  ratis.XceiverServerRatis (XceiverServerRatis.java:getRealPort(592)) - XceiverServerRatis 2915b4d7-e658-4864-9310-64154da9bd5b is started using port 15353 for RATIS_SERVER
2024-04-29 09:21:11,405 [2915b4d7-e658-4864-9310-64154da9bd5b-EndpointStateMachineTaskThread-/0.0.0.0:15269-0 ] INFO  ratis.XceiverServerRatis (XceiverServerRatis.java:getRealPort(592)) - XceiverServerRatis 2915b4d7-e658-4864-9310-64154da9bd5b is started using port 15354 for RATIS_DATASTREAM
2024-04-29 09:21:11,406 [2915b4d7-e658-4864-9310-64154da9bd5b-BlockDeletingService#0] INFO  interfaces.ContainerDeletionChoosingPolicyTemplate (ContainerDeletionChoosingPolicyTemplate.java:chooseContainerForBlockDeletion(85)) - Chosen 0/5000 blocks from 0 candidate containers.
2024-04-29 09:21:11,405 [JvmPauseMonitor43] INFO  util.JvmPauseMonitor (JvmPauseMonitor.java:run(146)) - JvmPauseMonitor-2915b4d7-e658-4864-9310-64154da9bd5b: Started
2024-04-29 09:21:12,382 [main] INFO  ozone.MiniOzoneClusterImpl (MiniOzoneClusterImpl.java:lambda$waitForClusterToBeReady$0(194)) - Waiting for nodes to be ready. Got 0 of 9 DN Heartbeats.
2024-04-29 09:21:12,382 [main] INFO  ozone.MiniOzoneClusterImpl (MiniOzoneClusterImpl.java:lambda$waitForClusterToBeReady$0(197)) - Waiting for cluster to exit safe mode
2024-04-29 09:21:12,382 [main] INFO  ozone.MiniOzoneClusterImpl (MiniOzoneClusterImpl.java:lambda$waitForClusterToBeReady$0(199)) - SCM became leader
2024-04-29 09:21:12,958 [IPC Server handler 1 on default port 15269] INFO  net.NetworkTopologyImpl (NetworkTopologyImpl.java:add(134)) - Added a new node: /default-rack/63ba3f95-8215-4442-8865-ad228f39fdb5
2024-04-29 09:21:12,958 [IPC Server handler 1 on default port 15269] INFO  node.SCMNodeManager (SCMNodeManager.java:register(421)) - Registered datanode: 63ba3f95-8215-4442-8865-ad228f39fdb5{ip: 127.0.0.1, host: localhost, ports: [HTTP=15276, CLIENT_RPC=15277, REPLICATION=15283, RATIS=15279, RATIS_ADMIN=15280, RATIS_SERVER=15281, RATIS_DATASTREAM=15282, STANDALONE=15278], networkLocation: /default-rack, certSerialId: null, persistedOpState: null, persistedOpStateExpiryEpochSec: 0}
2024-04-29 09:21:12,958 [EventQueue-NewNodeForNewNodeHandler] INFO  pipeline.BackgroundPipelineCreator (BackgroundPipelineCreator.java:notifyEventTriggered(280)) - trigger a one-shot run on RatisPipelineUtilsThread.
2024-04-29 09:21:12,959 [EventQueue-NodeRegistrationContainerReportForContainerSafeModeRule] INFO  safemode.SCMSafeModeManager (SCMSafeModeManager.java:validateSafeModeExitRules(203)) - ContainerSafeModeRule rule is successfully validated
2024-04-29 09:21:12,959 [RatisPipelineUtilsThread-0] INFO  pipeline.RatisPipelineProvider (RatisPipelineProvider.java:lambda$create$0(205)) - Sending CreatePipelineCommand for pipeline:PipelineID=84e43b68-0822-43bd-b806-f9a368723928 to datanode:63ba3f95-8215-4442-8865-ad228f39fdb5
2024-04-29 09:21:12,958 [EventQueue-NodeRegistrationContainerReportForDataNodeSafeModeRule] INFO  safemode.SCMSafeModeManager (DataNodeSafeModeRule.java:process(71)) - SCM in safe mode. 1 DataNodes registered, 3 required.
2024-04-29 09:21:12,959 [EventQueue-PipelineReportForOneReplicaPipelineSafeModeRule] INFO  safemode.SCMSafeModeManager (SCMSafeModeManager.java:validateSafeModeExitRules(203)) - AtleastOneDatanodeReportedRule rule is successfully validated
2024-04-29 09:21:12,960 [RatisPipelineUtilsThread-0] INFO  pipeline.BackgroundPipelineCreator (BackgroundPipelineCreator.java:createPipelines(236)) - Created new pipeline Pipeline[ Id: 84e43b68-0822-43bd-b806-f9a368723928, Nodes: 63ba3f95-8215-4442-8865-ad228f39fdb5(localhost/127.0.0.1), ReplicationConfig: RATIS/ONE, State:ALLOCATED, leaderId:, CreationTimestamp2024-04-29T09:21:12.959260614Z[Etc/UTC]]
2024-04-29 09:21:13,008 [IPC Server handler 0 on default port 15269] INFO  net.NetworkTopologyImpl (NetworkTopologyImpl.java:add(134)) - Added a new node: /default-rack/4dbb8968-e71c-4514-a0ad-0b4a968227bb
2024-04-29 09:21:13,008 [IPC Server handler 0 on default port 15269] INFO  node.SCMNodeManager (SCMNodeManager.java:register(421)) - Registered datanode: 4dbb8968-e71c-4514-a0ad-0b4a968227bb{ip: 127.0.0.1, host: localhost, ports: [HTTP=15285, CLIENT_RPC=15286, REPLICATION=15292, RATIS=15288, RATIS_ADMIN=15289, RATIS_SERVER=15290, RATIS_DATASTREAM=15291, STANDALONE=15287], networkLocation: /default-rack, certSerialId: null, persistedOpState: null, persistedOpStateExpiryEpochSec: 0}
2024-04-29 09:21:13,008 [EventQueue-NewNodeForNewNodeHandler] INFO  pipeline.BackgroundPipelineCreator (BackgroundPipelineCreator.java:notifyEventTriggered(280)) - trigger a one-shot run on RatisPipelineUtilsThread.
2024-04-29 09:21:13,008 [EventQueue-NodeRegistrationContainerReportForDataNodeSafeModeRule] INFO  safemode.SCMSafeModeManager (DataNodeSafeModeRule.java:process(71)) - SCM in safe mode. 2 DataNodes registered, 3 required.
2024-04-29 09:21:13,008 [RatisPipelineUtilsThread-0] INFO  pipeline.RatisPipelineProvider (RatisPipelineProvider.java:lambda$create$0(205)) - Sending CreatePipelineCommand for pipeline:PipelineID=51f54bab-4a6b-43e5-a314-5e69257f00fc to datanode:4dbb8968-e71c-4514-a0ad-0b4a968227bb
2024-04-29 09:21:13,009 [RatisPipelineUtilsThread-0] INFO  pipeline.BackgroundPipelineCreator (BackgroundPipelineCreator.java:createPipelines(236)) - Created new pipeline Pipeline[ Id: 51f54bab-4a6b-43e5-a314-5e69257f00fc, Nodes: 4dbb8968-e71c-4514-a0ad-0b4a968227bb(localhost/127.0.0.1), ReplicationConfig: RATIS/ONE, State:ALLOCATED, leaderId:, CreationTimestamp2024-04-29T09:21:13.008838338Z[Etc/UTC]]
2024-04-29 09:21:13,058 [IPC Server handler 2 on default port 15269] INFO  net.NetworkTopologyImpl (NetworkTopologyImpl.java:add(134)) - Added a new node: /default-rack/49450a51-652a-4dd9-a6c4-30eab7eea83e
2024-04-29 09:21:13,058 [IPC Server handler 2 on default port 15269] INFO  node.SCMNodeManager (SCMNodeManager.java:register(421)) - Registered datanode: 49450a51-652a-4dd9-a6c4-30eab7eea83e{ip: 127.0.0.1, host: localhost, ports: [HTTP=15294, CLIENT_RPC=15295, REPLICATION=15301, RATIS=15297, RATIS_ADMIN=15298, RATIS_SERVER=15299, RATIS_DATASTREAM=15300, STANDALONE=15296], networkLocation: /default-rack, certSerialId: null, persistedOpState: null, persistedOpStateExpiryEpochSec: 0}
2024-04-29 09:21:13,058 [EventQueue-NewNodeForNewNodeHandler] INFO  pipeline.BackgroundPipelineCreator (BackgroundPipelineCreator.java:notifyEventTriggered(280)) - trigger a one-shot run on RatisPipelineUtilsThread.
2024-04-29 09:21:13,059 [EventQueue-NodeRegistrationContainerReportForDataNodeSafeModeRule] INFO  safemode.SCMSafeModeManager (DataNodeSafeModeRule.java:process(71)) - SCM in safe mode. 3 DataNodes registered, 3 required.
2024-04-29 09:21:13,059 [RatisPipelineUtilsThread-0] INFO  pipeline.RatisPipelineProvider (RatisPipelineProvider.java:lambda$create$0(205)) - Sending CreatePipelineCommand for pipeline:PipelineID=ac0e20d4-2fef-416a-8427-300e94c7aaa6 to datanode:49450a51-652a-4dd9-a6c4-30eab7eea83e
2024-04-29 09:21:13,059 [RatisPipelineUtilsThread-0] INFO  pipeline.BackgroundPipelineCreator (BackgroundPipelineCreator.java:createPipelines(236)) - Created new pipeline Pipeline[ Id: ac0e20d4-2fef-416a-8427-300e94c7aaa6, Nodes: 49450a51-652a-4dd9-a6c4-30eab7eea83e(localhost/127.0.0.1), ReplicationConfig: RATIS/ONE, State:ALLOCATED, leaderId:, CreationTimestamp2024-04-29T09:21:13.059204964Z[Etc/UTC]]
2024-04-29 09:21:13,059 [EventQueue-NodeRegistrationContainerReportForDataNodeSafeModeRule] INFO  safemode.SCMSafeModeManager (SCMSafeModeManager.java:validateSafeModeExitRules(203)) - DataNodeSafeModeRule rule is successfully validated
2024-04-29 09:21:13,060 [EventQueue-NodeRegistrationContainerReportForDataNodeSafeModeRule] INFO  safemode.SCMSafeModeManager (SCMSafeModeManager.java:completePreCheck(232)) - All SCM safe mode pre check rules have passed
2024-04-29 09:21:13,060 [EventQueue-NodeRegistrationContainerReportForDataNodeSafeModeRule] INFO  ha.SCMContext (SCMContext.java:updateSafeModeStatus(225)) - Update SafeModeStatus from SafeModeStatus{safeModeStatus=true, preCheckPassed=false} to SafeModeStatus{safeModeStatus=true, preCheckPassed=true}.
2024-04-29 09:21:13,060 [EventQueue-NodeRegistrationContainerReportForDataNodeSafeModeRule] INFO  pipeline.BackgroundPipelineCreator (BackgroundPipelineCreator.java:notifyEventTriggered(280)) - trigger a one-shot run on RatisPipelineUtilsThread.
2024-04-29 09:21:13,060 [RatisPipelineUtilsThread-0] INFO  pipeline.RatisPipelineProvider (RatisPipelineProvider.java:lambda$create$0(205)) - Sending CreatePipelineCommand for pipeline:PipelineID=2decd3f6-b8d5-4c93-adee-242c87b7064d to datanode:63ba3f95-8215-4442-8865-ad228f39fdb5
2024-04-29 09:21:13,061 [RatisPipelineUtilsThread-0] INFO  pipeline.RatisPipelineProvider (RatisPipelineProvider.java:lambda$create$0(205)) - Sending CreatePipelineCommand for pipeline:PipelineID=2decd3f6-b8d5-4c93-adee-242c87b7064d to datanode:4dbb8968-e71c-4514-a0ad-0b4a968227bb
2024-04-29 09:21:13,061 [RatisPipelineUtilsThread-0] INFO  pipeline.RatisPipelineProvider (RatisPipelineProvider.java:lambda$create$0(205)) - Sending CreatePipelineCommand for pipeline:PipelineID=2decd3f6-b8d5-4c93-adee-242c87b7064d to datanode:49450a51-652a-4dd9-a6c4-30eab7eea83e
2024-04-29 09:21:13,061 [RatisPipelineUtilsThread-0] INFO  pipeline.BackgroundPipelineCreator (BackgroundPipelineCreator.java:createPipelines(236)) - Created new pipeline Pipeline[ Id: 2decd3f6-b8d5-4c93-adee-242c87b7064d, Nodes: 63ba3f95-8215-4442-8865-ad228f39fdb5(localhost/127.0.0.1)4dbb8968-e71c-4514-a0ad-0b4a968227bb(localhost/127.0.0.1)49450a51-652a-4dd9-a6c4-30eab7eea83e(localhost/127.0.0.1), ReplicationConfig: RATIS/THREE, State:ALLOCATED, leaderId:, CreationTimestamp2024-04-29T09:21:13.060928166Z[Etc/UTC]]
2024-04-29 09:21:13,106 [IPC Server handler 3 on default port 15269] INFO  net.NetworkTopologyImpl (NetworkTopologyImpl.java:add(134)) - Added a new node: /default-rack/30e50e12-6d1d-42d4-8c2e-250820f84ec0
2024-04-29 09:21:13,106 [IPC Server handler 3 on default port 15269] INFO  node.SCMNodeManager (SCMNodeManager.java:register(421)) - Registered datanode: 30e50e12-6d1d-42d4-8c2e-250820f84ec0{ip: 127.0.0.1, host: localhost, ports: [HTTP=15303, CLIENT_RPC=15304, REPLICATION=15310, RATIS=15306, RATIS_ADMIN=15307, RATIS_SERVER=15308, RATIS_DATASTREAM=15309, STANDALONE=15305], networkLocation: /default-rack, certSerialId: null, persistedOpState: null, persistedOpStateExpiryEpochSec: 0}
2024-04-29 09:21:13,106 [EventQueue-NewNodeForNewNodeHandler] INFO  pipeline.BackgroundPipelineCreator (BackgroundPipelineCreator.java:notifyEventTriggered(280)) - trigger a one-shot run on RatisPipelineUtilsThread.
2024-04-29 09:21:13,107 [RatisPipelineUtilsThread-0] INFO  pipeline.RatisPipelineProvider (RatisPipelineProvider.java:lambda$create$0(205)) - Sending CreatePipelineCommand for pipeline:PipelineID=7b41eeae-149a-424b-8858-136ed567526f to datanode:30e50e12-6d1d-42d4-8c2e-250820f84ec0
2024-04-29 09:21:13,107 [RatisPipelineUtilsThread-0] INFO  pipeline.BackgroundPipelineCreator (BackgroundPipelineCreator.java:createPipelines(236)) - Created new pipeline Pipeline[ Id: 7b41eeae-149a-424b-8858-136ed567526f, Nodes: 30e50e12-6d1d-42d4-8c2e-250820f84ec0(localhost/127.0.0.1), ReplicationConfig: RATIS/ONE, State:ALLOCATED, leaderId:, CreationTimestamp2024-04-29T09:21:13.107309905Z[Etc/UTC]]
2024-04-29 09:21:13,167 [IPC Server handler 4 on default port 15269] INFO  net.NetworkTopologyImpl (NetworkTopologyImpl.java:add(134)) - Added a new node: /default-rack/e86906d1-c919-438b-b5a4-a98dd7588e75
2024-04-29 09:21:13,168 [IPC Server handler 4 on default port 15269] INFO  node.SCMNodeManager (SCMNodeManager.java:register(421)) - Registered datanode: e86906d1-c919-438b-b5a4-a98dd7588e75{ip: 127.0.0.1, host: localhost, ports: [HTTP=15312, CLIENT_RPC=15313, REPLICATION=15319, RATIS=15315, RATIS_ADMIN=15316, RATIS_SERVER=15317, RATIS_DATASTREAM=15318, STANDALONE=15314], networkLocation: /default-rack, certSerialId: null, persistedOpState: null, persistedOpStateExpiryEpochSec: 0}
2024-04-29 09:21:13,168 [EventQueue-NewNodeForNewNodeHandler] INFO  pipeline.BackgroundPipelineCreator (BackgroundPipelineCreator.java:notifyEventTriggered(280)) - trigger a one-shot run on RatisPipelineUtilsThread.
2024-04-29 09:21:13,168 [RatisPipelineUtilsThread-0] INFO  pipeline.RatisPipelineProvider (RatisPipelineProvider.java:lambda$create$0(205)) - Sending CreatePipelineCommand for pipeline:PipelineID=d103ced9-3c91-458d-9d7d-9a2ed42d27a4 to datanode:e86906d1-c919-438b-b5a4-a98dd7588e75
2024-04-29 09:21:13,169 [RatisPipelineUtilsThread-0] INFO  pipeline.BackgroundPipelineCreator (BackgroundPipelineCreator.java:createPipelines(236)) - Created new pipeline Pipeline[ Id: d103ced9-3c91-458d-9d7d-9a2ed42d27a4, Nodes: e86906d1-c919-438b-b5a4-a98dd7588e75(localhost/127.0.0.1), ReplicationConfig: RATIS/ONE, State:ALLOCATED, leaderId:, CreationTimestamp2024-04-29T09:21:13.168968960Z[Etc/UTC]]
2024-04-29 09:21:13,233 [IPC Server handler 5 on default port 15269] INFO  net.NetworkTopologyImpl (NetworkTopologyImpl.java:add(134)) - Added a new node: /default-rack/05727db8-df0e-4fba-be48-9a4d471deba7
2024-04-29 09:21:13,233 [IPC Server handler 5 on default port 15269] INFO  node.SCMNodeManager (SCMNodeManager.java:register(421)) - Registered datanode: 05727db8-df0e-4fba-be48-9a4d471deba7{ip: 127.0.0.1, host: localhost, ports: [HTTP=15321, CLIENT_RPC=15322, REPLICATION=15328, RATIS=15324, RATIS_ADMIN=15325, RATIS_SERVER=15326, RATIS_DATASTREAM=15327, STANDALONE=15323], networkLocation: /default-rack, certSerialId: null, persistedOpState: null, persistedOpStateExpiryEpochSec: 0}
2024-04-29 09:21:13,234 [EventQueue-NewNodeForNewNodeHandler] INFO  pipeline.BackgroundPipelineCreator (BackgroundPipelineCreator.java:notifyEventTriggered(280)) - trigger a one-shot run on RatisPipelineUtilsThread.
2024-04-29 09:21:13,234 [RatisPipelineUtilsThread-0] INFO  pipeline.RatisPipelineProvider (RatisPipelineProvider.java:lambda$create$0(205)) - Sending CreatePipelineCommand for pipeline:PipelineID=b06f296b-b70b-4f2c-9f7b-356c79822ac7 to datanode:05727db8-df0e-4fba-be48-9a4d471deba7
2024-04-29 09:21:13,235 [RatisPipelineUtilsThread-0] INFO  pipeline.BackgroundPipelineCreator (BackgroundPipelineCreator.java:createPipelines(236)) - Created new pipeline Pipeline[ Id: b06f296b-b70b-4f2c-9f7b-356c79822ac7, Nodes: 05727db8-df0e-4fba-be48-9a4d471deba7(localhost/127.0.0.1), ReplicationConfig: RATIS/ONE, State:ALLOCATED, leaderId:, CreationTimestamp2024-04-29T09:21:13.234477598Z[Etc/UTC]]
2024-04-29 09:21:13,235 [RatisPipelineUtilsThread-0] INFO  pipeline.RatisPipelineProvider (RatisPipelineProvider.java:lambda$create$0(205)) - Sending CreatePipelineCommand for pipeline:PipelineID=382001ac-af6f-4fb5-8851-60ad1803f514 to datanode:e86906d1-c919-438b-b5a4-a98dd7588e75
2024-04-29 09:21:13,235 [RatisPipelineUtilsThread-0] INFO  pipeline.RatisPipelineProvider (RatisPipelineProvider.java:lambda$create$0(205)) - Sending CreatePipelineCommand for pipeline:PipelineID=382001ac-af6f-4fb5-8851-60ad1803f514 to datanode:05727db8-df0e-4fba-be48-9a4d471deba7
2024-04-29 09:21:13,235 [RatisPipelineUtilsThread-0] INFO  pipeline.RatisPipelineProvider (RatisPipelineProvider.java:lambda$create$0(205)) - Sending CreatePipelineCommand for pipeline:PipelineID=382001ac-af6f-4fb5-8851-60ad1803f514 to datanode:30e50e12-6d1d-42d4-8c2e-250820f84ec0
2024-04-29 09:21:13,235 [RatisPipelineUtilsThread-0] INFO  pipeline.BackgroundPipelineCreator (BackgroundPipelineCreator.java:createPipelines(236)) - Created new pipeline Pipeline[ Id: 382001ac-af6f-4fb5-8851-60ad1803f514, Nodes: e86906d1-c919-438b-b5a4-a98dd7588e75(localhost/127.0.0.1)05727db8-df0e-4fba-be48-9a4d471deba7(localhost/127.0.0.1)30e50e12-6d1d-42d4-8c2e-250820f84ec0(localhost/127.0.0.1), ReplicationConfig: RATIS/THREE, State:ALLOCATED, leaderId:, CreationTimestamp2024-04-29T09:21:13.235390534Z[Etc/UTC]]
2024-04-29 09:21:13,285 [IPC Server handler 6 on default port 15269] INFO  net.NetworkTopologyImpl (NetworkTopologyImpl.java:add(134)) - Added a new node: /default-rack/ab29e55d-edbb-4b88-be19-86f551408953
2024-04-29 09:21:13,286 [IPC Server handler 6 on default port 15269] INFO  node.SCMNodeManager (SCMNodeManager.java:register(421)) - Registered datanode: ab29e55d-edbb-4b88-be19-86f551408953{ip: 127.0.0.1, host: localhost, ports: [HTTP=15330, CLIENT_RPC=15331, REPLICATION=15337, RATIS=15333, RATIS_ADMIN=15334, RATIS_SERVER=15335, RATIS_DATASTREAM=15336, STANDALONE=15332], networkLocation: /default-rack, certSerialId: null, persistedOpState: null, persistedOpStateExpiryEpochSec: 0}
2024-04-29 09:21:13,286 [EventQueue-NewNodeForNewNodeHandler] INFO  pipeline.BackgroundPipelineCreator (BackgroundPipelineCreator.java:notifyEventTriggered(280)) - trigger a one-shot run on RatisPipelineUtilsThread.
2024-04-29 09:21:13,286 [RatisPipelineUtilsThread-0] INFO  pipeline.RatisPipelineProvider (RatisPipelineProvider.java:lambda$create$0(205)) - Sending CreatePipelineCommand for pipeline:PipelineID=0942fad4-e429-41ae-af31-cba65743fc0f to datanode:ab29e55d-edbb-4b88-be19-86f551408953
2024-04-29 09:21:13,287 [RatisPipelineUtilsThread-0] INFO  pipeline.BackgroundPipelineCreator (BackgroundPipelineCreator.java:createPipelines(236)) - Created new pipeline Pipeline[ Id: 0942fad4-e429-41ae-af31-cba65743fc0f, Nodes: ab29e55d-edbb-4b88-be19-86f551408953(localhost/127.0.0.1), ReplicationConfig: RATIS/ONE, State:ALLOCATED, leaderId:, CreationTimestamp2024-04-29T09:21:13.286802982Z[Etc/UTC]]
2024-04-29 09:21:13,333 [IPC Server handler 7 on default port 15269] INFO  net.NetworkTopologyImpl (NetworkTopologyImpl.java:add(134)) - Added a new node: /default-rack/9aa29c9a-34be-4d10-8746-61e8629e52a2
2024-04-29 09:21:13,333 [IPC Server handler 7 on default port 15269] INFO  node.SCMNodeManager (SCMNodeManager.java:register(421)) - Registered datanode: 9aa29c9a-34be-4d10-8746-61e8629e52a2{ip: 127.0.0.1, host: localhost, ports: [HTTP=15339, CLIENT_RPC=15340, REPLICATION=15346, RATIS=15342, RATIS_ADMIN=15343, RATIS_SERVER=15344, RATIS_DATASTREAM=15345, STANDALONE=15341], networkLocation: /default-rack, certSerialId: null, persistedOpState: null, persistedOpStateExpiryEpochSec: 0}
2024-04-29 09:21:13,333 [EventQueue-NewNodeForNewNodeHandler] INFO  pipeline.BackgroundPipelineCreator (BackgroundPipelineCreator.java:notifyEventTriggered(280)) - trigger a one-shot run on RatisPipelineUtilsThread.
2024-04-29 09:21:13,334 [RatisPipelineUtilsThread-0] INFO  pipeline.RatisPipelineProvider (RatisPipelineProvider.java:lambda$create$0(205)) - Sending CreatePipelineCommand for pipeline:PipelineID=29251c77-070d-4cc2-b3f9-5a9b4f6a45d4 to datanode:9aa29c9a-34be-4d10-8746-61e8629e52a2
2024-04-29 09:21:13,334 [RatisPipelineUtilsThread-0] INFO  pipeline.BackgroundPipelineCreator (BackgroundPipelineCreator.java:createPipelines(236)) - Created new pipeline Pipeline[ Id: 29251c77-070d-4cc2-b3f9-5a9b4f6a45d4, Nodes: 9aa29c9a-34be-4d10-8746-61e8629e52a2(localhost/127.0.0.1), ReplicationConfig: RATIS/ONE, State:ALLOCATED, leaderId:, CreationTimestamp2024-04-29T09:21:13.334299604Z[Etc/UTC]]
2024-04-29 09:21:13,381 [IPC Server handler 8 on default port 15269] INFO  net.NetworkTopologyImpl (NetworkTopologyImpl.java:add(134)) - Added a new node: /default-rack/2915b4d7-e658-4864-9310-64154da9bd5b
2024-04-29 09:21:13,382 [IPC Server handler 8 on default port 15269] INFO  node.SCMNodeManager (SCMNodeManager.java:register(421)) - Registered datanode: 2915b4d7-e658-4864-9310-64154da9bd5b{ip: 127.0.0.1, host: localhost, ports: [HTTP=15348, CLIENT_RPC=15349, REPLICATION=15355, RATIS=15351, RATIS_ADMIN=15352, RATIS_SERVER=15353, RATIS_DATASTREAM=15354, STANDALONE=15350], networkLocation: /default-rack, certSerialId: null, persistedOpState: null, persistedOpStateExpiryEpochSec: 0}
2024-04-29 09:21:13,382 [EventQueue-NewNodeForNewNodeHandler] INFO  pipeline.BackgroundPipelineCreator (BackgroundPipelineCreator.java:notifyEventTriggered(280)) - trigger a one-shot run on RatisPipelineUtilsThread.
2024-04-29 09:21:13,382 [main] INFO  ozone.MiniOzoneClusterImpl (MiniOzoneClusterImpl.java:lambda$waitForClusterToBeReady$0(194)) - Nodes are ready. Got 9 of 9 DN Heartbeats.
2024-04-29 09:21:13,382 [main] INFO  ozone.MiniOzoneClusterImpl (MiniOzoneClusterImpl.java:lambda$waitForClusterToBeReady$0(197)) - Waiting for cluster to exit safe mode
2024-04-29 09:21:13,382 [main] INFO  ozone.MiniOzoneClusterImpl (MiniOzoneClusterImpl.java:lambda$waitForClusterToBeReady$0(199)) - SCM became leader
2024-04-29 09:21:13,382 [RatisPipelineUtilsThread-0] INFO  pipeline.RatisPipelineProvider (RatisPipelineProvider.java:lambda$create$0(205)) - Sending CreatePipelineCommand for pipeline:PipelineID=694c0fb2-e03a-462c-87fb-54732a09fc95 to datanode:2915b4d7-e658-4864-9310-64154da9bd5b
2024-04-29 09:21:13,383 [RatisPipelineUtilsThread-0] INFO  pipeline.BackgroundPipelineCreator (BackgroundPipelineCreator.java:createPipelines(236)) - Created new pipeline Pipeline[ Id: 694c0fb2-e03a-462c-87fb-54732a09fc95, Nodes: 2915b4d7-e658-4864-9310-64154da9bd5b(localhost/127.0.0.1), ReplicationConfig: RATIS/ONE, State:ALLOCATED, leaderId:, CreationTimestamp2024-04-29T09:21:13.382691417Z[Etc/UTC]]
2024-04-29 09:21:13,383 [RatisPipelineUtilsThread-0] INFO  pipeline.RatisPipelineProvider (RatisPipelineProvider.java:lambda$create$0(205)) - Sending CreatePipelineCommand for pipeline:PipelineID=0b1c4d5e-c6f1-4272-a85e-86fdd4066e61 to datanode:2915b4d7-e658-4864-9310-64154da9bd5b
2024-04-29 09:21:13,383 [RatisPipelineUtilsThread-0] INFO  pipeline.RatisPipelineProvider (RatisPipelineProvider.java:lambda$create$0(205)) - Sending CreatePipelineCommand for pipeline:PipelineID=0b1c4d5e-c6f1-4272-a85e-86fdd4066e61 to datanode:ab29e55d-edbb-4b88-be19-86f551408953
2024-04-29 09:21:13,383 [RatisPipelineUtilsThread-0] INFO  pipeline.RatisPipelineProvider (RatisPipelineProvider.java:lambda$create$0(205)) - Sending CreatePipelineCommand for pipeline:PipelineID=0b1c4d5e-c6f1-4272-a85e-86fdd4066e61 to datanode:9aa29c9a-34be-4d10-8746-61e8629e52a2
2024-04-29 09:21:13,384 [RatisPipelineUtilsThread-0] INFO  pipeline.BackgroundPipelineCreator (BackgroundPipelineCreator.java:createPipelines(236)) - Created new pipeline Pipeline[ Id: 0b1c4d5e-c6f1-4272-a85e-86fdd4066e61, Nodes: 2915b4d7-e658-4864-9310-64154da9bd5b(localhost/127.0.0.1)ab29e55d-edbb-4b88-be19-86f551408953(localhost/127.0.0.1)9aa29c9a-34be-4d10-8746-61e8629e52a2(localhost/127.0.0.1), ReplicationConfig: RATIS/THREE, State:ALLOCATED, leaderId:, CreationTimestamp2024-04-29T09:21:13.383821836Z[Etc/UTC]]
2024-04-29 09:21:14,383 [main] INFO  ozone.MiniOzoneClusterImpl (MiniOzoneClusterImpl.java:lambda$waitForClusterToBeReady$0(194)) - Nodes are ready. Got 9 of 9 DN Heartbeats.
2024-04-29 09:21:14,383 [main] INFO  ozone.MiniOzoneClusterImpl (MiniOzoneClusterImpl.java:lambda$waitForClusterToBeReady$0(197)) - Waiting for cluster to exit safe mode
2024-04-29 09:21:14,383 [main] INFO  ozone.MiniOzoneClusterImpl (MiniOzoneClusterImpl.java:lambda$waitForClusterToBeReady$0(199)) - SCM became leader
2024-04-29 09:21:15,383 [main] INFO  ozone.MiniOzoneClusterImpl (MiniOzoneClusterImpl.java:lambda$waitForClusterToBeReady$0(194)) - Nodes are ready. Got 9 of 9 DN Heartbeats.
2024-04-29 09:21:15,383 [main] INFO  ozone.MiniOzoneClusterImpl (MiniOzoneClusterImpl.java:lambda$waitForClusterToBeReady$0(197)) - Waiting for cluster to exit safe mode
2024-04-29 09:21:15,383 [main] INFO  ozone.MiniOzoneClusterImpl (MiniOzoneClusterImpl.java:lambda$waitForClusterToBeReady$0(199)) - SCM became leader
2024-04-29 09:21:15,957 [63ba3f95-8215-4442-8865-ad228f39fdb5-PipelineCommandHandlerThread-0] INFO  server.RaftServer (RaftServerProxy.java:addNew(100)) - 63ba3f95-8215-4442-8865-ad228f39fdb5: addNew group-F9A368723928:[63ba3f95-8215-4442-8865-ad228f39fdb5|127.0.0.1:15281] returns group-F9A368723928:java.util.concurrent.CompletableFuture@4288ac7[Not completed]
2024-04-29 09:21:15,958 [63ba3f95-8215-4442-8865-ad228f39fdb5-groupManagement] INFO  server.RaftServer$Division (RaftServerImpl.java:<init>(256)) - 63ba3f95-8215-4442-8865-ad228f39fdb5: new RaftServerImpl for group-F9A368723928:[63ba3f95-8215-4442-8865-ad228f39fdb5|127.0.0.1:15281] with ContainerStateMachine:uninitialized
2024-04-29 09:21:15,958 [63ba3f95-8215-4442-8865-ad228f39fdb5-groupManagement] INFO  server.RaftServerConfigKeys (ConfUtils.java:logGet(46)) - raft.server.rpc.timeout.min = 5s (custom)
2024-04-29 09:21:15,959 [63ba3f95-8215-4442-8865-ad228f39fdb5-groupManagement] INFO  server.RaftServerConfigKeys (ConfUtils.java:logGet(46)) - raft.server.rpc.timeout.max = 5200ms (custom)
2024-04-29 09:21:15,959 [63ba3f95-8215-4442-8865-ad228f39fdb5-groupManagement] INFO  server.RaftServerConfigKeys (ConfUtils.java:logGet(46)) - raft.server.rpc.sleep.time = 25ms (default)
2024-04-29 09:21:15,959 [63ba3f95-8215-4442-8865-ad228f39fdb5-groupManagement] INFO  server.RaftServerConfigKeys (ConfUtils.java:logGet(46)) - raft.server.rpc.slowness.timeout = 300000ms (custom)
2024-04-29 09:21:15,959 [63ba3f95-8215-4442-8865-ad228f39fdb5-groupManagement] INFO  server.RaftServerConfigKeys (ConfUtils.java:logGet(46)) - raft.server.leaderelection.leader.step-down.wait-time = 10s (default)
2024-04-29 09:21:15,959 [63ba3f95-8215-4442-8865-ad228f39fdb5-groupManagement] INFO  server.RaftServerConfigKeys (ConfUtils.java:logGet(46)) - raft.server.leaderelection.member.majority-add = false (default)
2024-04-29 09:21:15,959 [63ba3f95-8215-4442-8865-ad228f39fdb5-groupManagement] INFO  server.RaftServerConfigKeys (ConfUtils.java:logGet(46)) - raft.server.sleep.deviation.threshold = 300ms (default)
2024-04-29 09:21:15,959 [63ba3f95-8215-4442-8865-ad228f39fdb5-groupManagement] INFO  server.RaftServer$Division (ServerState.java:<init>(113)) - 63ba3f95-8215-4442-8865-ad228f39fdb5@group-F9A368723928: ConfigurationManager, init=-1: peers:[63ba3f95-8215-4442-8865-ad228f39fdb5|127.0.0.1:15281]|listeners:[], old=null, confs=<EMPTY_MAP>
2024-04-29 09:21:15,959 [63ba3f95-8215-4442-8865-ad228f39fdb5-groupManagement] INFO  server.RaftServerConfigKeys (ConfUtils.java:logGet(46)) - raft.server.notification.no-leader.timeout = 300000ms (custom)
2024-04-29 09:21:15,959 [63ba3f95-8215-4442-8865-ad228f39fdb5-groupManagement] INFO  server.RaftServerConfigKeys (ConfUtils.java:logGet(46)) - raft.server.read.timeout = 10s (default)
2024-04-29 09:21:15,959 [63ba3f95-8215-4442-8865-ad228f39fdb5-groupManagement] INFO  server.RaftServerConfigKeys (ConfUtils.java:logGet(46)) - raft.server.retrycache.expirytime = 600000ms (custom)
2024-04-29 09:21:15,959 [63ba3f95-8215-4442-8865-ad228f39fdb5-groupManagement] INFO  server.RaftServerConfigKeys (ConfUtils.java:logGet(46)) - raft.server.retrycache.statistics.expirytime = 100ms (default)
2024-04-29 09:21:15,959 [63ba3f95-8215-4442-8865-ad228f39fdb5-groupManagement] INFO  server.RaftServerConfigKeys (ConfUtils.java:logGet(46)) - raft.server.read.option = DEFAULT (default)
2024-04-29 09:21:15,959 [63ba3f95-8215-4442-8865-ad228f39fdb5-groupManagement] INFO  server.RaftServerConfigKeys (ConfUtils.java:logGet(46)) - raft.server.read.read-after-write-consistent.write-index-cache.expiry-time = 60s (default)
2024-04-29 09:21:15,961 [63ba3f95-8215-4442-8865-ad228f39fdb5-groupManagement] INFO  server.RaftServerConfigKeys (ConfUtils.java:logGet(46)) - raft.server.rpc.request.timeout = 3000ms (default)
2024-04-29 09:21:15,961 [63ba3f95-8215-4442-8865-ad228f39fdb5-groupManagement] INFO  server.RaftServerConfigKeys (ConfUtils.java:logGet(46)) - raft.server.log.appender.install.snapshot.enabled = false (custom)
2024-04-29 09:21:15,961 [63ba3f95-8215-4442-8865-ad228f39fdb5-groupManagement] INFO  server.RaftServerConfigKeys (ConfUtils.java:logGet(46)) - raft.server.threadpool.server.cached = true (default)
2024-04-29 09:21:15,961 [63ba3f95-8215-4442-8865-ad228f39fdb5-groupManagement] INFO  server.RaftServerConfigKeys (ConfUtils.java:logGet(46)) - raft.server.threadpool.server.size = 0 (default)
2024-04-29 09:21:15,962 [63ba3f95-8215-4442-8865-ad228f39fdb5-groupManagement] INFO  server.RaftServerConfigKeys (ConfUtils.java:logGet(46)) - raft.server.threadpool.client.cached = true (default)
2024-04-29 09:21:15,962 [63ba3f95-8215-4442-8865-ad228f39fdb5-groupManagement] INFO  server.RaftServerConfigKeys (ConfUtils.java:logGet(46)) - raft.server.threadpool.client.size = 0 (default)
2024-04-29 09:21:15,962 [63ba3f95-8215-4442-8865-ad228f39fdb5-groupManagement] INFO  server.RaftServerConfigKeys (ConfUtils.java:logGet(46)) - raft.server.storage.free-space.min = 0MB (=0) (default)
2024-04-29 09:21:15,962 [63ba3f95-8215-4442-8865-ad228f39fdb5-groupManagement] INFO  server.RaftServerConfigKeys (ConfUtils.java:logGet(46)) - raft.server.log.corruption.policy = EXCEPTION (default)
2024-04-29 09:21:15,962 [63ba3f95-8215-4442-8865-ad228f39fdb5-groupManagement] INFO  server.RaftServerConfigKeys (ConfUtils.java:logGet(46)) - raft.server.storage.dir = [/home/runner/work/ozone/ozone/hadoop-ozone/integration-test/target/test-dir/MiniOzoneClusterImpl-5c564e69-bd94-47d8-8ed3-49bff913e719/ozone-meta/datanode-1/ratis] (custom)
2024-04-29 09:21:15,962 [63ba3f95-8215-4442-8865-ad228f39fdb5-groupManagement] INFO  storage.RaftStorageDirectory (RaftStorageDirectoryImpl.java:analyzeStorage(138)) - The storage directory /home/runner/work/ozone/ozone/hadoop-ozone/integration-test/target/test-dir/MiniOzoneClusterImpl-5c564e69-bd94-47d8-8ed3-49bff913e719/ozone-meta/datanode-1/ratis/84e43b68-0822-43bd-b806-f9a368723928 does not exist. Creating ...
2024-04-29 09:21:15,963 [63ba3f95-8215-4442-8865-ad228f39fdb5-groupManagement] INFO  storage.RaftStorageDirectory (RaftStorageDirectoryImpl.java:tryLock(228)) - Lock on /home/runner/work/ozone/ozone/hadoop-ozone/integration-test/target/test-dir/MiniOzoneClusterImpl-5c564e69-bd94-47d8-8ed3-49bff913e719/ozone-meta/datanode-1/ratis/84e43b68-0822-43bd-b806-f9a368723928/in_use.lock acquired by nodename 21350@fv-az771-493
2024-04-29 09:21:15,964 [63ba3f95-8215-4442-8865-ad228f39fdb5-groupManagement] INFO  storage.RaftStorage (RaftStorageImpl.java:format(99)) - Storage directory /home/runner/work/ozone/ozone/hadoop-ozone/integration-test/target/test-dir/MiniOzoneClusterImpl-5c564e69-bd94-47d8-8ed3-49bff913e719/ozone-meta/datanode-1/ratis/84e43b68-0822-43bd-b806-f9a368723928 has been successfully formatted.
2024-04-29 09:21:15,964 [63ba3f95-8215-4442-8865-ad228f39fdb5-groupManagement] WARN  util.FileUtils (LogUtils.java:supplyAndLog(63)) - Failed to Files.newInputStream /home/runner/work/ozone/ozone/hadoop-ozone/integration-test/target/test-dir/MiniOzoneClusterImpl-5c564e69-bd94-47d8-8ed3-49bff913e719/ozone-meta/datanode-1/ratis/84e43b68-0822-43bd-b806-f9a368723928/current/raft-meta.conf with options []: java.nio.file.NoSuchFileException: /home/runner/work/ozone/ozone/hadoop-ozone/integration-test/target/test-dir/MiniOzoneClusterImpl-5c564e69-bd94-47d8-8ed3-49bff913e719/ozone-meta/datanode-1/ratis/84e43b68-0822-43bd-b806-f9a368723928/current/raft-meta.conf
2024-04-29 09:21:15,964 [63ba3f95-8215-4442-8865-ad228f39fdb5-groupManagement] INFO  ratis.ContainerStateMachine (ContainerStateMachine.java:loadSnapshot(287)) - group-F9A368723928: The snapshot info is null. Setting the last applied index to:(t:0, i:~)
2024-04-29 09:21:15,965 [63ba3f95-8215-4442-8865-ad228f39fdb5-groupManagement] INFO  server.RaftServerConfigKeys (ConfUtils.java:logGet(46)) - raft.server.log.use.memory = false (default)
2024-04-29 09:21:15,965 [63ba3f95-8215-4442-8865-ad228f39fdb5-groupManagement] INFO  server.RaftServerConfigKeys (ConfUtils.java:logGet(46)) - raft.server.log.purge.gap = 1000000 (custom)
2024-04-29 09:21:15,965 [63ba3f95-8215-4442-8865-ad228f39fdb5-groupManagement] INFO  server.RaftServerConfigKeys (ConfUtils.java:logGet(46)) - raft.server.log.appender.buffer.byte-limit = 8388608 (custom)
2024-04-29 09:21:15,965 [63ba3f95-8215-4442-8865-ad228f39fdb5-groupManagement] INFO  server.RaftServerConfigKeys (ConfUtils.java:logGet(46)) - raft.server.log.statemachine.data.read.timeout = 1000ms (default)
2024-04-29 09:21:15,965 [63ba3f95-8215-4442-8865-ad228f39fdb5-groupManagement] INFO  server.RaftServerConfigKeys (ConfUtils.java:logGet(46)) - raft.server.log.purge.preservation.log.num = 0 (default)
2024-04-29 09:21:15,966 [EventQueue-PipelineReportForPipelineReportHandler] INFO  pipeline.PipelineReportHandler (PipelineReportHandler.java:processPipelineReport(136)) - Opened pipeline PipelineID=84e43b68-0822-43bd-b806-f9a368723928
2024-04-29 09:21:15,966 [63ba3f95-8215-4442-8865-ad228f39fdb5-groupManagement] INFO  server.RaftServerConfigKeys (ConfUtils.java:logGet(46)) - raft.server.log.segment.size.max = 67108864 (custom)
2024-04-29 09:21:15,967 [EventQueue-OpenPipelineForHealthyPipelineSafeModeRule] INFO  safemode.SCMSafeModeManager (HealthyPipelineSafeModeRule.java:process(140)) - SCM in safe mode. Healthy pipelines reported count is 0, required healthy pipeline reported count is 1
2024-04-29 09:21:15,967 [63ba3f95-8215-4442-8865-ad228f39fdb5-groupManagement] INFO  server.RaftServerConfigKeys (ConfUtils.java:logGet(46)) - raft.server.log.segment.cache.num.max = 2 (custom)
2024-04-29 09:21:15,967 [63ba3f95-8215-4442-8865-ad228f39fdb5-groupManagement] INFO  server.RaftServerConfigKeys (ConfUtils.java:logGet(46)) - raft.server.log.segment.cache.size.max = 200MB (=209715200) (default)
2024-04-29 09:21:15,967 [63ba3f95-8215-4442-8865-ad228f39fdb5-groupManagement] INFO  server.RaftServerConfigKeys (ConfUtils.java:logGet(46)) - raft.server.log.appender.buffer.byte-limit = 8388608 (custom)
2024-04-29 09:21:15,967 [63ba3f95-8215-4442-8865-ad228f39fdb5-groupManagement] INFO  util.AwaitToRun (AwaitToRun.java:start(81)) - Thread[63ba3f95-8215-4442-8865-ad228f39fdb5@group-F9A368723928-cacheEviction-AwaitToRun,5,main] started
2024-04-29 09:21:15,967 [63ba3f95-8215-4442-8865-ad228f39fdb5-groupManagement] INFO  segmented.SegmentedRaftLogWorker (SegmentedRaftLogWorker.java:<init>(182)) - new 63ba3f95-8215-4442-8865-ad228f39fdb5@group-F9A368723928-SegmentedRaftLogWorker for RaftStorageImpl:Storage Directory /home/runner/work/ozone/ozone/hadoop-ozone/integration-test/target/test-dir/MiniOzoneClusterImpl-5c564e69-bd94-47d8-8ed3-49bff913e719/ozone-meta/datanode-1/ratis/84e43b68-0822-43bd-b806-f9a368723928
2024-04-29 09:21:15,967 [63ba3f95-8215-4442-8865-ad228f39fdb5-groupManagement] INFO  server.RaftServerConfigKeys (ConfUtils.java:logGet(46)) - raft.server.log.queue.byte-limit = 4294967296 (custom)
2024-04-29 09:21:15,967 [63ba3f95-8215-4442-8865-ad228f39fdb5-groupManagement] INFO  server.RaftServerConfigKeys (ConfUtils.java:logGet(46)) - raft.server.log.queue.element-limit = 1024 (custom)
2024-04-29 09:21:15,967 [63ba3f95-8215-4442-8865-ad228f39fdb5-groupManagement] INFO  server.RaftServerConfigKeys (ConfUtils.java:logGet(46)) - raft.server.log.segment.size.max = 67108864 (custom)
2024-04-29 09:21:15,967 [63ba3f95-8215-4442-8865-ad228f39fdb5-groupManagement] INFO  server.RaftServerConfigKeys (ConfUtils.java:logGet(46)) - raft.server.log.preallocated.size = 4194304 (custom)
2024-04-29 09:21:15,967 [63ba3f95-8215-4442-8865-ad228f39fdb5-groupManagement] INFO  server.RaftServerConfigKeys (ConfUtils.java:logGet(46)) - raft.server.log.force.sync.num = 128 (default)
2024-04-29 09:21:15,967 [63ba3f95-8215-4442-8865-ad228f39fdb5-groupManagement] INFO  server.RaftServerConfigKeys (ConfUtils.java:logGet(46)) - raft.server.log.statemachine.data.sync = true (default)
2024-04-29 09:21:15,968 [63ba3f95-8215-4442-8865-ad228f39fdb5-groupManagement] INFO  server.RaftServerConfigKeys (ConfUtils.java:logGet(46)) - raft.server.log.statemachine.data.sync.timeout = 10s (default)
2024-04-29 09:21:15,968 [63ba3f95-8215-4442-8865-ad228f39fdb5-groupManagement] INFO  server.RaftServerConfigKeys (ConfUtils.java:logGet(46)) - raft.server.log.statemachine.data.sync.timeout.retry = 30 (custom)
2024-04-29 09:21:15,968 [63ba3f95-8215-4442-8865-ad228f39fdb5-groupManagement] INFO  server.RaftServerConfigKeys (ConfUtils.java:logGet(46)) - raft.server.log.write.buffer.size = 8388616 (custom)
2024-04-29 09:21:15,969 [63ba3f95-8215-4442-8865-ad228f39fdb5-groupManagement] INFO  server.RaftServerConfigKeys (ConfUtils.java:logGet(46)) - raft.server.log.appender.buffer.byte-limit = 8388608 (custom)
2024-04-29 09:21:15,969 [63ba3f95-8215-4442-8865-ad228f39fdb5-groupManagement] INFO  server.RaftServerConfigKeys (ConfUtils.java:logGet(46)) - raft.server.log.unsafe-flush.enabled = false (default)
2024-04-29 09:21:15,969 [63ba3f95-8215-4442-8865-ad228f39fdb5-groupManagement] INFO  server.RaftServerConfigKeys (ConfUtils.java:logGet(46)) - raft.server.log.async-flush.enabled = false (default)
2024-04-29 09:21:15,969 [63ba3f95-8215-4442-8865-ad228f39fdb5-groupManagement] INFO  server.RaftServerConfigKeys (ConfUtils.java:logGet(46)) - raft.server.log.statemachine.data.caching.enabled = true (custom)
2024-04-29 09:21:15,969 [63ba3f95-8215-4442-8865-ad228f39fdb5-groupManagement] INFO  segmented.SegmentedRaftLogWorker (SegmentedRaftLogWorker.java:lambda$new$0(134)) - 63ba3f95-8215-4442-8865-ad228f39fdb5@group-F9A368723928-SegmentedRaftLogWorker: flushIndex: setUnconditionally 0 -> -1
2024-04-29 09:21:15,969 [63ba3f95-8215-4442-8865-ad228f39fdb5-groupManagement] INFO  segmented.SegmentedRaftLogWorker (SegmentedRaftLogWorker.java:lambda$new$0(134)) - 63ba3f95-8215-4442-8865-ad228f39fdb5@group-F9A368723928-SegmentedRaftLogWorker: safeCacheEvictIndex: setUnconditionally 0 -> -1
2024-04-29 09:21:15,969 [63ba3f95-8215-4442-8865-ad228f39fdb5-groupManagement] INFO  server.RaftServer$Division (RaftServerImpl.java:start(396)) - 63ba3f95-8215-4442-8865-ad228f39fdb5@group-F9A368723928: start as a follower, conf=-1: peers:[63ba3f95-8215-4442-8865-ad228f39fdb5|127.0.0.1:15281]|listeners:[], old=null
2024-04-29 09:21:15,969 [63ba3f95-8215-4442-8865-ad228f39fdb5-groupManagement] INFO  server.RaftServer$Division (RaftServerImpl.java:setRole(383)) - 63ba3f95-8215-4442-8865-ad228f39fdb5@group-F9A368723928: changes role from      null to FOLLOWER at term 0 for startAsFollower
2024-04-29 09:21:15,970 [63ba3f95-8215-4442-8865-ad228f39fdb5-groupManagement] INFO  impl.RoleInfo (RoleInfo.java:updateAndGet(139)) - 63ba3f95-8215-4442-8865-ad228f39fdb5: start 63ba3f95-8215-4442-8865-ad228f39fdb5@group-F9A368723928-FollowerState
2024-04-29 09:21:15,970 [63ba3f95-8215-4442-8865-ad228f39fdb5-groupManagement] INFO  util.JmxRegister (JmxRegister.java:tryRegister(44)) - Successfully registered JMX Bean with object name Ratis:service=RaftServer,group=group-F9A368723928,id=63ba3f95-8215-4442-8865-ad228f39fdb5
2024-04-29 09:21:15,970 [63ba3f95-8215-4442-8865-ad228f39fdb5-groupManagement] INFO  server.RaftServerConfigKeys (ConfUtils.java:logGet(46)) - raft.server.snapshot.trigger-when-stop.enabled = true (default)
2024-04-29 09:21:15,970 [63ba3f95-8215-4442-8865-ad228f39fdb5-groupManagement] INFO  server.RaftServerConfigKeys (ConfUtils.java:logGet(46)) - raft.server.snapshot.auto.trigger.enabled = true (custom)
2024-04-29 09:21:15,970 [63ba3f95-8215-4442-8865-ad228f39fdb5-groupManagement] INFO  server.RaftServerConfigKeys (ConfUtils.java:logGet(46)) - raft.server.snapshot.auto.trigger.threshold = 10000 (custom)
2024-04-29 09:21:15,970 [63ba3f95-8215-4442-8865-ad228f39fdb5-groupManagement] INFO  server.RaftServerConfigKeys (ConfUtils.java:logGet(46)) - raft.server.snapshot.retention.file.num = 5 (custom)
2024-04-29 09:21:15,970 [63ba3f95-8215-4442-8865-ad228f39fdb5-groupManagement] INFO  server.RaftServerConfigKeys (ConfUtils.java:logGet(46)) - raft.server.log.purge.upto.snapshot.index = false (default)
2024-04-29 09:21:15,970 [63ba3f95-8215-4442-8865-ad228f39fdb5@group-F9A368723928-FollowerState] INFO  server.RaftServerConfigKeys (ConfUtils.java:logFallback(53)) - raft.server.rpc.first-election.timeout.min = 5s (fallback to raft.server.rpc.timeout.min)
2024-04-29 09:21:15,970 [63ba3f95-8215-4442-8865-ad228f39fdb5@group-F9A368723928-FollowerState] INFO  server.RaftServerConfigKeys (ConfUtils.java:logFallback(53)) - raft.server.rpc.first-election.timeout.max = 5200ms (fallback to raft.server.rpc.timeout.max)
2024-04-29 09:21:15,970 [63ba3f95-8215-4442-8865-ad228f39fdb5-PipelineCommandHandlerThread-0] INFO  ratis.XceiverServerRatis (XceiverServerRatis.java:addGroup(864)) - Created group PipelineID=84e43b68-0822-43bd-b806-f9a368723928
2024-04-29 09:21:15,971 [63ba3f95-8215-4442-8865-ad228f39fdb5-PipelineCommandHandlerThread-0] INFO  commandhandler.CreatePipelineCommandHandler (CreatePipelineCommandHandler.java:lambda$handle$2(124)) - Created Pipeline RATIS ONE PipelineID=84e43b68-0822-43bd-b806-f9a368723928.
2024-04-29 09:21:15,971 [63ba3f95-8215-4442-8865-ad228f39fdb5-PipelineCommandHandlerThread-0] INFO  server.RaftServer (RaftServerProxy.java:addNew(100)) - 63ba3f95-8215-4442-8865-ad228f39fdb5: addNew group-242C87B7064D:[49450a51-652a-4dd9-a6c4-30eab7eea83e|127.0.0.1:15299, 63ba3f95-8215-4442-8865-ad228f39fdb5|127.0.0.1:15281, 4dbb8968-e71c-4514-a0ad-0b4a968227bb|127.0.0.1:15290] returns group-242C87B7064D:java.util.concurrent.CompletableFuture@170e9a[Not completed]
2024-04-29 09:21:15,971 [63ba3f95-8215-4442-8865-ad228f39fdb5-groupManagement] INFO  server.RaftServer$Division (RaftServerImpl.java:<init>(256)) - 63ba3f95-8215-4442-8865-ad228f39fdb5: new RaftServerImpl for group-242C87B7064D:[49450a51-652a-4dd9-a6c4-30eab7eea83e|127.0.0.1:15299, 63ba3f95-8215-4442-8865-ad228f39fdb5|127.0.0.1:15281, 4dbb8968-e71c-4514-a0ad-0b4a968227bb|127.0.0.1:15290] with ContainerStateMachine:uninitialized
2024-04-29 09:21:15,971 [63ba3f95-8215-4442-8865-ad228f39fdb5-groupManagement] INFO  server.RaftServerConfigKeys (ConfUtils.java:logGet(46)) - raft.server.rpc.timeout.min = 5s (custom)
2024-04-29 09:21:15,972 [63ba3f95-8215-4442-8865-ad228f39fdb5-groupManagement] INFO  server.RaftServerConfigKeys (ConfUtils.java:logGet(46)) - raft.server.rpc.timeout.max = 5200ms (custom)
2024-04-29 09:21:15,972 [63ba3f95-8215-4442-8865-ad228f39fdb5-groupManagement] INFO  server.RaftServerConfigKeys (ConfUtils.java:logGet(46)) - raft.server.rpc.sleep.time = 25ms (default)
2024-04-29 09:21:15,972 [63ba3f95-8215-4442-8865-ad228f39fdb5-groupManagement] INFO  server.RaftServerConfigKeys (ConfUtils.java:logGet(46)) - raft.server.rpc.slowness.timeout = 300000ms (custom)
2024-04-29 09:21:15,972 [63ba3f95-8215-4442-8865-ad228f39fdb5-groupManagement] INFO  server.RaftServerConfigKeys (ConfUtils.java:logGet(46)) - raft.server.leaderelection.leader.step-down.wait-time = 10s (default)
2024-04-29 09:21:15,972 [63ba3f95-8215-4442-8865-ad228f39fdb5-groupManagement] INFO  server.RaftServerConfigKeys (ConfUtils.java:logGet(46)) - raft.server.leaderelection.member.majority-add = false (default)
2024-04-29 09:21:15,972 [63ba3f95-8215-4442-8865-ad228f39fdb5-groupManagement] INFO  server.RaftServerConfigKeys (ConfUtils.java:logGet(46)) - raft.server.sleep.deviation.threshold = 300ms (default)
2024-04-29 09:21:15,972 [63ba3f95-8215-4442-8865-ad228f39fdb5-groupManagement] INFO  server.RaftServer$Division (ServerState.java:<init>(113)) - 63ba3f95-8215-4442-8865-ad228f39fdb5@group-242C87B7064D: ConfigurationManager, init=-1: peers:[49450a51-652a-4dd9-a6c4-30eab7eea83e|127.0.0.1:15299, 63ba3f95-8215-4442-8865-ad228f39fdb5|127.0.0.1:15281, 4dbb8968-e71c-4514-a0ad-0b4a968227bb|127.0.0.1:15290]|listeners:[], old=null, confs=<EMPTY_MAP>
2024-04-29 09:21:15,972 [63ba3f95-8215-4442-8865-ad228f39fdb5-groupManagement] INFO  server.RaftServerConfigKeys (ConfUtils.java:logGet(46)) - raft.server.notification.no-leader.timeout = 300000ms (custom)
2024-04-29 09:21:15,972 [63ba3f95-8215-4442-8865-ad228f39fdb5-groupManagement] INFO  server.RaftServerConfigKeys (ConfUtils.java:logGet(46)) - raft.server.read.timeout = 10s (default)
2024-04-29 09:21:15,972 [63ba3f95-8215-4442-8865-ad228f39fdb5-groupManagement] INFO  server.RaftServerConfigKeys (ConfUtils.java:logGet(46)) - raft.server.retrycache.expirytime = 600000ms (custom)
2024-04-29 09:21:15,972 [63ba3f95-8215-4442-8865-ad228f39fdb5-groupManagement] INFO  server.RaftServerConfigKeys (ConfUtils.java:logGet(46)) - raft.server.retrycache.statistics.expirytime = 100ms (default)
2024-04-29 09:21:15,972 [63ba3f95-8215-4442-8865-ad228f39fdb5-groupManagement] INFO  server.RaftServerConfigKeys (ConfUtils.java:logGet(46)) - raft.server.read.option = DEFAULT (default)
2024-04-29 09:21:15,972 [63ba3f95-8215-4442-8865-ad228f39fdb5-groupManagement] INFO  server.RaftServerConfigKeys (ConfUtils.java:logGet(46)) - raft.server.read.read-after-write-consistent.write-index-cache.expiry-time = 60s (default)
2024-04-29 09:21:15,974 [63ba3f95-8215-4442-8865-ad228f39fdb5-groupManagement] INFO  server.RaftServerConfigKeys (ConfUtils.java:logGet(46)) - raft.server.rpc.request.timeout = 3000ms (default)
2024-04-29 09:21:15,974 [63ba3f95-8215-4442-8865-ad228f39fdb5-groupManagement] INFO  server.RaftServerConfigKeys (ConfUtils.java:logGet(46)) - raft.server.log.appender.install.snapshot.enabled = false (custom)
2024-04-29 09:21:15,974 [63ba3f95-8215-4442-8865-ad228f39fdb5-groupManagement] INFO  server.RaftServerConfigKeys (ConfUtils.java:logGet(46)) - raft.server.threadpool.server.cached = true (default)
2024-04-29 09:21:15,974 [63ba3f95-8215-4442-8865-ad228f39fdb5-groupManagement] INFO  server.RaftServerConfigKeys (ConfUtils.java:logGet(46)) - raft.server.threadpool.server.size = 0 (default)
2024-04-29 09:21:15,974 [63ba3f95-8215-4442-8865-ad228f39fdb5-groupManagement] INFO  server.RaftServerConfigKeys (ConfUtils.java:logGet(46)) - raft.server.threadpool.client.cached = true (default)
2024-04-29 09:21:15,974 [63ba3f95-8215-4442-8865-ad228f39fdb5-groupManagement] INFO  server.RaftServerConfigKeys (ConfUtils.java:logGet(46)) - raft.server.threadpool.client.size = 0 (default)
2024-04-29 09:21:15,974 [63ba3f95-8215-4442-8865-ad228f39fdb5-groupManagement] INFO  server.RaftServerConfigKeys (ConfUtils.java:logGet(46)) - raft.server.storage.free-space.min = 0MB (=0) (default)
2024-04-29 09:21:15,974 [63ba3f95-8215-4442-8865-ad228f39fdb5-groupManagement] INFO  server.RaftServerConfigKeys (ConfUtils.java:logGet(46)) - raft.server.log.corruption.policy = EXCEPTION (default)
2024-04-29 09:21:15,975 [63ba3f95-8215-4442-8865-ad228f39fdb5-groupManagement] INFO  server.RaftServerConfigKeys (ConfUtils.java:logGet(46)) - raft.server.storage.dir = [/home/runner/work/ozone/ozone/hadoop-ozone/integration-test/target/test-dir/MiniOzoneClusterImpl-5c564e69-bd94-47d8-8ed3-49bff913e719/ozone-meta/datanode-1/ratis] (custom)
2024-04-29 09:21:15,975 [63ba3f95-8215-4442-8865-ad228f39fdb5-groupManagement] INFO  storage.RaftStorageDirectory (RaftStorageDirectoryImpl.java:analyzeStorage(138)) - The storage directory /home/runner/work/ozone/ozone/hadoop-ozone/integration-test/target/test-dir/MiniOzoneClusterImpl-5c564e69-bd94-47d8-8ed3-49bff913e719/ozone-meta/datanode-1/ratis/2decd3f6-b8d5-4c93-adee-242c87b7064d does not exist. Creating ...
2024-04-29 09:21:15,975 [63ba3f95-8215-4442-8865-ad228f39fdb5-groupManagement] INFO  storage.RaftStorageDirectory (RaftStorageDirectoryImpl.java:tryLock(228)) - Lock on /home/runner/work/ozone/ozone/hadoop-ozone/integration-test/target/test-dir/MiniOzoneClusterImpl-5c564e69-bd94-47d8-8ed3-49bff913e719/ozone-meta/datanode-1/ratis/2decd3f6-b8d5-4c93-adee-242c87b7064d/in_use.lock acquired by nodename 21350@fv-az771-493
2024-04-29 09:21:15,976 [63ba3f95-8215-4442-8865-ad228f39fdb5-groupManagement] INFO  storage.RaftStorage (RaftStorageImpl.java:format(99)) - Storage directory /home/runner/work/ozone/ozone/hadoop-ozone/integration-test/target/test-dir/MiniOzoneClusterImpl-5c564e69-bd94-47d8-8ed3-49bff913e719/ozone-meta/datanode-1/ratis/2decd3f6-b8d5-4c93-adee-242c87b7064d has been successfully formatted.
2024-04-29 09:21:15,977 [63ba3f95-8215-4442-8865-ad228f39fdb5-groupManagement] WARN  util.FileUtils (LogUtils.java:supplyAndLog(63)) - Failed to Files.newInputStream /home/runner/work/ozone/ozone/hadoop-ozone/integration-test/target/test-dir/MiniOzoneClusterImpl-5c564e69-bd94-47d8-8ed3-49bff913e719/ozone-meta/datanode-1/ratis/2decd3f6-b8d5-4c93-adee-242c87b7064d/current/raft-meta.conf with options []: java.nio.file.NoSuchFileException: /home/runner/work/ozone/ozone/hadoop-ozone/integration-test/target/test-dir/MiniOzoneClusterImpl-5c564e69-bd94-47d8-8ed3-49bff913e719/ozone-meta/datanode-1/ratis/2decd3f6-b8d5-4c93-adee-242c87b7064d/current/raft-meta.conf
2024-04-29 09:21:15,977 [63ba3f95-8215-4442-8865-ad228f39fdb5-groupManagement] INFO  ratis.ContainerStateMachine (ContainerStateMachine.java:loadSnapshot(287)) - group-242C87B7064D: The snapshot info is null. Setting the last applied index to:(t:0, i:~)
2024-04-29 09:21:15,977 [63ba3f95-8215-4442-8865-ad228f39fdb5-groupManagement] INFO  server.RaftServerConfigKeys (ConfUtils.java:logGet(46)) - raft.server.log.use.memory = false (default)
2024-04-29 09:21:15,977 [63ba3f95-8215-4442-8865-ad228f39fdb5-groupManagement] INFO  server.RaftServerConfigKeys (ConfUtils.java:logGet(46)) - raft.server.log.purge.gap = 1000000 (custom)
2024-04-29 09:21:15,977 [63ba3f95-8215-4442-8865-ad228f39fdb5-groupManagement] INFO  server.RaftServerConfigKeys (ConfUtils.java:logGet(46)) - raft.server.log.appender.buffer.byte-limit = 8388608 (custom)
2024-04-29 09:21:15,978 [63ba3f95-8215-4442-8865-ad228f39fdb5-groupManagement] INFO  server.RaftServerConfigKeys (ConfUtils.java:logGet(46)) - raft.server.log.statemachine.data.read.timeout = 1000ms (default)
2024-04-29 09:21:15,978 [63ba3f95-8215-4442-8865-ad228f39fdb5-groupManagement] INFO  server.RaftServerConfigKeys (ConfUtils.java:logGet(46)) - raft.server.log.purge.preservation.log.num = 0 (default)
2024-04-29 09:21:15,978 [EventQueue-OpenPipelineForHealthyPipelineSafeModeRule] INFO  safemode.SCMSafeModeManager (HealthyPipelineSafeModeRule.java:process(140)) - SCM in safe mode. Healthy pipelines reported count is 0, required healthy pipeline reported count is 1
2024-04-29 09:21:15,980 [63ba3f95-8215-4442-8865-ad228f39fdb5-groupManagement] INFO  server.RaftServerConfigKeys (ConfUtils.java:logGet(46)) - raft.server.log.segment.size.max = 67108864 (custom)
2024-04-29 09:21:15,980 [63ba3f95-8215-4442-8865-ad228f39fdb5-groupManagement] INFO  server.RaftServerConfigKeys (ConfUtils.java:logGet(46)) - raft.server.log.segment.cache.num.max = 2 (custom)
2024-04-29 09:21:15,980 [63ba3f95-8215-4442-8865-ad228f39fdb5-groupManagement] INFO  server.RaftServerConfigKeys (ConfUtils.java:logGet(46)) - raft.server.log.segment.cache.size.max = 200MB (=209715200) (default)
2024-04-29 09:21:15,980 [63ba3f95-8215-4442-8865-ad228f39fdb5-groupManagement] INFO  server.RaftServerConfigKeys (ConfUtils.java:logGet(46)) - raft.server.log.appender.buffer.byte-limit = 8388608 (custom)
2024-04-29 09:21:15,984 [63ba3f95-8215-4442-8865-ad228f39fdb5-groupManagement] INFO  util.AwaitToRun (AwaitToRun.java:start(81)) - Thread[63ba3f95-8215-4442-8865-ad228f39fdb5@group-242C87B7064D-cacheEviction-AwaitToRun,5,main] started
2024-04-29 09:21:15,985 [63ba3f95-8215-4442-8865-ad228f39fdb5-groupManagement] INFO  segmented.SegmentedRaftLogWorker (SegmentedRaftLogWorker.java:<init>(182)) - new 63ba3f95-8215-4442-8865-ad228f39fdb5@group-242C87B7064D-SegmentedRaftLogWorker for RaftStorageImpl:Storage Directory /home/runner/work/ozone/ozone/hadoop-ozone/integration-test/target/test-dir/MiniOzoneClusterImpl-5c564e69-bd94-47d8-8ed3-49bff913e719/ozone-meta/datanode-1/ratis/2decd3f6-b8d5-4c93-adee-242c87b7064d
2024-04-29 09:21:15,985 [63ba3f95-8215-4442-8865-ad228f39fdb5-groupManagement] INFO  server.RaftServerConfigKeys (ConfUtils.java:logGet(46)) - raft.server.log.queue.byte-limit = 4294967296 (custom)
2024-04-29 09:21:15,985 [63ba3f95-8215-4442-8865-ad228f39fdb5-groupManagement] INFO  server.RaftServerConfigKeys (ConfUtils.java:logGet(46)) - raft.server.log.queue.element-limit = 1024 (custom)
2024-04-29 09:21:15,985 [63ba3f95-8215-4442-8865-ad228f39fdb5-groupManagement] INFO  server.RaftServerConfigKeys (ConfUtils.java:logGet(46)) - raft.server.log.segment.size.max = 67108864 (custom)
2024-04-29 09:21:15,985 [63ba3f95-8215-4442-8865-ad228f39fdb5-groupManagement] INFO  server.RaftServerConfigKeys (ConfUtils.java:logGet(46)) - raft.server.log.preallocated.size = 4194304 (custom)
2024-04-29 09:21:15,985 [63ba3f95-8215-4442-8865-ad228f39fdb5-groupManagement] INFO  server.RaftServerConfigKeys (ConfUtils.java:logGet(46)) - raft.server.log.force.sync.num = 128 (default)
2024-04-29 09:21:15,985 [63ba3f95-8215-4442-8865-ad228f39fdb5-groupManagement] INFO  server.RaftServerConfigKeys (ConfUtils.java:logGet(46)) - raft.server.log.statemachine.data.sync = true (default)
2024-04-29 09:21:15,985 [63ba3f95-8215-4442-8865-ad228f39fdb5-groupManagement] INFO  server.RaftServerConfigKeys (ConfUtils.java:logGet(46)) - raft.server.log.statemachine.data.sync.timeout = 10s (default)
2024-04-29 09:21:15,985 [63ba3f95-8215-4442-8865-ad228f39fdb5-groupManagement] INFO  server.RaftServerConfigKeys (ConfUtils.java:logGet(46)) - raft.server.log.statemachine.data.sync.timeout.retry = 30 (custom)
2024-04-29 09:21:15,985 [63ba3f95-8215-4442-8865-ad228f39fdb5-groupManagement] INFO  server.RaftServerConfigKeys (ConfUtils.java:logGet(46)) - raft.server.log.write.buffer.size = 8388616 (custom)
2024-04-29 09:21:15,987 [63ba3f95-8215-4442-8865-ad228f39fdb5-groupManagement] INFO  server.RaftServerConfigKeys (ConfUtils.java:logGet(46)) - raft.server.log.appender.buffer.byte-limit = 8388608 (custom)
2024-04-29 09:21:15,987 [63ba3f95-8215-4442-8865-ad228f39fdb5-groupManagement] INFO  server.RaftServerConfigKeys (ConfUtils.java:logGet(46)) - raft.server.log.unsafe-flush.enabled = false (default)
2024-04-29 09:21:15,987 [63ba3f95-8215-4442-8865-ad228f39fdb5-groupManagement] INFO  server.RaftServerConfigKeys (ConfUtils.java:logGet(46)) - raft.server.log.async-flush.enabled = false (default)
2024-04-29 09:21:15,987 [63ba3f95-8215-4442-8865-ad228f39fdb5-groupManagement] INFO  server.RaftServerConfigKeys (ConfUtils.java:logGet(46)) - raft.server.log.statemachine.data.caching.enabled = true (custom)
2024-04-29 09:21:15,987 [63ba3f95-8215-4442-8865-ad228f39fdb5-groupManagement] INFO  segmented.SegmentedRaftLogWorker (SegmentedRaftLogWorker.java:lambda$new$0(134)) - 63ba3f95-8215-4442-8865-ad228f39fdb5@group-242C87B7064D-SegmentedRaftLogWorker: flushIndex: setUnconditionally 0 -> -1
2024-04-29 09:21:15,987 [63ba3f95-8215-4442-8865-ad228f39fdb5-groupManagement] INFO  segmented.SegmentedRaftLogWorker (SegmentedRaftLogWorker.java:lambda$new$0(134)) - 63ba3f95-8215-4442-8865-ad228f39fdb5@group-242C87B7064D-SegmentedRaftLogWorker: safeCacheEvictIndex: setUnconditionally 0 -> -1
2024-04-29 09:21:15,987 [63ba3f95-8215-4442-8865-ad228f39fdb5-groupManagement] INFO  server.RaftServer$Division (RaftServerImpl.java:start(396)) - 63ba3f95-8215-4442-8865-ad228f39fdb5@group-242C87B7064D: start as a follower, conf=-1: peers:[49450a51-652a-4dd9-a6c4-30eab7eea83e|127.0.0.1:15299, 63ba3f95-8215-4442-8865-ad228f39fdb5|127.0.0.1:15281, 4dbb8968-e71c-4514-a0ad-0b4a968227bb|127.0.0.1:15290]|listeners:[], old=null
2024-04-29 09:21:15,988 [63ba3f95-8215-4442-8865-ad228f39fdb5-groupManagement] INFO  server.RaftServer$Division (RaftServerImpl.java:setRole(383)) - 63ba3f95-8215-4442-8865-ad228f39fdb5@group-242C87B7064D: changes role from      null to FOLLOWER at term 0 for startAsFollower
2024-04-29 09:21:15,988 [63ba3f95-8215-4442-8865-ad228f39fdb5-groupManagement] INFO  impl.RoleInfo (RoleInfo.java:updateAndGet(139)) - 63ba3f95-8215-4442-8865-ad228f39fdb5: start 63ba3f95-8215-4442-8865-ad228f39fdb5@group-242C87B7064D-FollowerState
2024-04-29 09:21:15,988 [63ba3f95-8215-4442-8865-ad228f39fdb5@group-242C87B7064D-FollowerState] INFO  server.RaftServerConfigKeys (ConfUtils.java:logFallback(53)) - raft.server.rpc.first-election.timeout.min = 5s (fallback to raft.server.rpc.timeout.min)
2024-04-29 09:21:15,988 [63ba3f95-8215-4442-8865-ad228f39fdb5@group-242C87B7064D-FollowerState] INFO  server.RaftServerConfigKeys (ConfUtils.java:logFallback(53)) - raft.server.rpc.first-election.timeout.max = 5200ms (fallback to raft.server.rpc.timeout.max)
2024-04-29 09:21:15,988 [63ba3f95-8215-4442-8865-ad228f39fdb5-groupManagement] INFO  util.JmxRegister (JmxRegister.java:tryRegister(44)) - Successfully registered JMX Bean with object name Ratis:service=RaftServer,group=group-242C87B7064D,id=63ba3f95-8215-4442-8865-ad228f39fdb5
2024-04-29 09:21:15,988 [63ba3f95-8215-4442-8865-ad228f39fdb5-groupManagement] INFO  server.RaftServerConfigKeys (ConfUtils.java:logGet(46)) - raft.server.snapshot.trigger-when-stop.enabled = true (default)
2024-04-29 09:21:15,988 [63ba3f95-8215-4442-8865-ad228f39fdb5-groupManagement] INFO  server.RaftServerConfigKeys (ConfUtils.java:logGet(46)) - raft.server.snapshot.auto.trigger.enabled = true (custom)
2024-04-29 09:21:15,988 [63ba3f95-8215-4442-8865-ad228f39fdb5-groupManagement] INFO  server.RaftServerConfigKeys (ConfUtils.java:logGet(46)) - raft.server.snapshot.auto.trigger.threshold = 10000 (custom)
2024-04-29 09:21:15,988 [63ba3f95-8215-4442-8865-ad228f39fdb5-groupManagement] INFO  server.RaftServerConfigKeys (ConfUtils.java:logGet(46)) - raft.server.snapshot.retention.file.num = 5 (custom)
2024-04-29 09:21:15,988 [63ba3f95-8215-4442-8865-ad228f39fdb5-groupManagement] INFO  server.RaftServerConfigKeys (ConfUtils.java:logGet(46)) - raft.server.log.purge.upto.snapshot.index = false (default)
2024-04-29 09:21:15,991 [63ba3f95-8215-4442-8865-ad228f39fdb5-PipelineCommandHandlerThread-0] INFO  ratis.XceiverServerRatis (XceiverServerRatis.java:addGroup(864)) - Created group PipelineID=2decd3f6-b8d5-4c93-adee-242c87b7064d
2024-04-29 09:21:15,997 [grpc-default-executor-0] INFO  server.RaftServer (RaftServerProxy.java:addNew(100)) - 4dbb8968-e71c-4514-a0ad-0b4a968227bb: addNew group-242C87B7064D:[49450a51-652a-4dd9-a6c4-30eab7eea83e|127.0.0.1:15299, 63ba3f95-8215-4442-8865-ad228f39fdb5|127.0.0.1:15281, 4dbb8968-e71c-4514-a0ad-0b4a968227bb|127.0.0.1:15290] returns group-242C87B7064D:java.util.concurrent.CompletableFuture@7846fd28[Not completed]
2024-04-29 09:21:15,998 [4dbb8968-e71c-4514-a0ad-0b4a968227bb-groupManagement] INFO  server.RaftServer$Division (RaftServerImpl.java:<init>(256)) - 4dbb8968-e71c-4514-a0ad-0b4a968227bb: new RaftServerImpl for group-242C87B7064D:[49450a51-652a-4dd9-a6c4-30eab7eea83e|127.0.0.1:15299, 63ba3f95-8215-4442-8865-ad228f39fdb5|127.0.0.1:15281, 4dbb8968-e71c-4514-a0ad-0b4a968227bb|127.0.0.1:15290] with ContainerStateMachine:uninitialized
2024-04-29 09:21:15,998 [4dbb8968-e71c-4514-a0ad-0b4a968227bb-groupManagement] INFO  server.RaftServerConfigKeys (ConfUtils.java:logGet(46)) - raft.server.rpc.timeout.min = 5s (custom)
2024-04-29 09:21:15,998 [4dbb8968-e71c-4514-a0ad-0b4a968227bb-groupManagement] INFO  server.RaftServerConfigKeys (ConfUtils.java:logGet(46)) - raft.server.rpc.timeout.max = 5200ms (custom)
2024-04-29 09:21:15,998 [4dbb8968-e71c-4514-a0ad-0b4a968227bb-groupManagement] INFO  server.RaftServerConfigKeys (ConfUtils.java:logGet(46)) - raft.server.rpc.sleep.time = 25ms (default)
2024-04-29 09:21:15,998 [4dbb8968-e71c-4514-a0ad-0b4a968227bb-groupManagement] INFO  server.RaftServerConfigKeys (ConfUtils.java:logGet(46)) - raft.server.rpc.slowness.timeout = 300000ms (custom)
2024-04-29 09:21:15,998 [4dbb8968-e71c-4514-a0ad-0b4a968227bb-groupManagement] INFO  server.RaftServerConfigKeys (ConfUtils.java:logGet(46)) - raft.server.leaderelection.leader.step-down.wait-time = 10s (default)
2024-04-29 09:21:15,998 [4dbb8968-e71c-4514-a0ad-0b4a968227bb-groupManagement] INFO  server.RaftServerConfigKeys (ConfUtils.java:logGet(46)) - raft.server.leaderelection.member.majority-add = false (default)
2024-04-29 09:21:15,998 [4dbb8968-e71c-4514-a0ad-0b4a968227bb-groupManagement] INFO  server.RaftServerConfigKeys (ConfUtils.java:logGet(46)) - raft.server.sleep.deviation.threshold = 300ms (default)
2024-04-29 09:21:15,998 [4dbb8968-e71c-4514-a0ad-0b4a968227bb-groupManagement] INFO  server.RaftServer$Division (ServerState.java:<init>(113)) - 4dbb8968-e71c-4514-a0ad-0b4a968227bb@group-242C87B7064D: ConfigurationManager, init=-1: peers:[49450a51-652a-4dd9-a6c4-30eab7eea83e|127.0.0.1:15299, 63ba3f95-8215-4442-8865-ad228f39fdb5|127.0.0.1:15281, 4dbb8968-e71c-4514-a0ad-0b4a968227bb|127.0.0.1:15290]|listeners:[], old=null, confs=<EMPTY_MAP>
2024-04-29 09:21:15,998 [4dbb8968-e71c-4514-a0ad-0b4a968227bb-groupManagement] INFO  server.RaftServerConfigKeys (ConfUtils.java:logGet(46)) - raft.server.notification.no-leader.timeout = 300000ms (custom)
2024-04-29 09:21:15,998 [4dbb8968-e71c-4514-a0ad-0b4a968227bb-groupManagement] INFO  server.RaftServerConfigKeys (ConfUtils.java:logGet(46)) - raft.server.read.timeout = 10s (default)
2024-04-29 09:21:15,999 [4dbb8968-e71c-4514-a0ad-0b4a968227bb-groupManagement] INFO  server.RaftServerConfigKeys (ConfUtils.java:logGet(46)) - raft.server.retrycache.expirytime = 600000ms (custom)
2024-04-29 09:21:15,999 [4dbb8968-e71c-4514-a0ad-0b4a968227bb-groupManagement] INFO  server.RaftServerConfigKeys (ConfUtils.java:logGet(46)) - raft.server.retrycache.statistics.expirytime = 100ms (default)
2024-04-29 09:21:15,999 [4dbb8968-e71c-4514-a0ad-0b4a968227bb-groupManagement] INFO  server.RaftServerConfigKeys (ConfUtils.java:logGet(46)) - raft.server.read.option = DEFAULT (default)
2024-04-29 09:21:15,999 [4dbb8968-e71c-4514-a0ad-0b4a968227bb-groupManagement] INFO  server.RaftServerConfigKeys (ConfUtils.java:logGet(46)) - raft.server.read.read-after-write-consistent.write-index-cache.expiry-time = 60s (default)
2024-04-29 09:21:16,000 [4dbb8968-e71c-4514-a0ad-0b4a968227bb-groupManagement] INFO  server.RaftServerConfigKeys (ConfUtils.java:logGet(46)) - raft.server.rpc.request.timeout = 3000ms (default)
2024-04-29 09:21:16,001 [4dbb8968-e71c-4514-a0ad-0b4a968227bb-groupManagement] INFO  server.RaftServerConfigKeys (ConfUtils.java:logGet(46)) - raft.server.log.appender.install.snapshot.enabled = false (custom)
2024-04-29 09:21:16,001 [4dbb8968-e71c-4514-a0ad-0b4a968227bb-groupManagement] INFO  server.RaftServerConfigKeys (ConfUtils.java:logGet(46)) - raft.server.threadpool.server.cached = true (default)
2024-04-29 09:21:16,001 [4dbb8968-e71c-4514-a0ad-0b4a968227bb-groupManagement] INFO  server.RaftServerConfigKeys (ConfUtils.java:logGet(46)) - raft.server.threadpool.server.size = 0 (default)
2024-04-29 09:21:16,001 [4dbb8968-e71c-4514-a0ad-0b4a968227bb-groupManagement] INFO  server.RaftServerConfigKeys (ConfUtils.java:logGet(46)) - raft.server.threadpool.client.cached = true (default)
2024-04-29 09:21:16,001 [4dbb8968-e71c-4514-a0ad-0b4a968227bb-groupManagement] INFO  server.RaftServerConfigKeys (ConfUtils.java:logGet(46)) - raft.server.threadpool.client.size = 0 (default)
2024-04-29 09:21:16,001 [4dbb8968-e71c-4514-a0ad-0b4a968227bb-groupManagement] INFO  server.RaftServerConfigKeys (ConfUtils.java:logGet(46)) - raft.server.storage.free-space.min = 0MB (=0) (default)
2024-04-29 09:21:16,001 [4dbb8968-e71c-4514-a0ad-0b4a968227bb-groupManagement] INFO  server.RaftServerConfigKeys (ConfUtils.java:logGet(46)) - raft.server.log.corruption.policy = EXCEPTION (default)
2024-04-29 09:21:16,001 [4dbb8968-e71c-4514-a0ad-0b4a968227bb-groupManagement] INFO  server.RaftServerConfigKeys (ConfUtils.java:logGet(46)) - raft.server.storage.dir = [/home/runner/work/ozone/ozone/hadoop-ozone/integration-test/target/test-dir/MiniOzoneClusterImpl-5c564e69-bd94-47d8-8ed3-49bff913e719/ozone-meta/datanode-2/ratis] (custom)
2024-04-29 09:21:16,001 [4dbb8968-e71c-4514-a0ad-0b4a968227bb-groupManagement] INFO  storage.RaftStorageDirectory (RaftStorageDirectoryImpl.java:analyzeStorage(138)) - The storage directory /home/runner/work/ozone/ozone/hadoop-ozone/integration-test/target/test-dir/MiniOzoneClusterImpl-5c564e69-bd94-47d8-8ed3-49bff913e719/ozone-meta/datanode-2/ratis/2decd3f6-b8d5-4c93-adee-242c87b7064d does not exist. Creating ...
2024-04-29 09:21:16,002 [4dbb8968-e71c-4514-a0ad-0b4a968227bb-groupManagement] INFO  storage.RaftStorageDirectory (RaftStorageDirectoryImpl.java:tryLock(228)) - Lock on /home/runner/work/ozone/ozone/hadoop-ozone/integration-test/target/test-dir/MiniOzoneClusterImpl-5c564e69-bd94-47d8-8ed3-49bff913e719/ozone-meta/datanode-2/ratis/2decd3f6-b8d5-4c93-adee-242c87b7064d/in_use.lock acquired by nodename 21350@fv-az771-493
2024-04-29 09:21:16,003 [4dbb8968-e71c-4514-a0ad-0b4a968227bb-groupManagement] INFO  storage.RaftStorage (RaftStorageImpl.java:format(99)) - Storage directory /home/runner/work/ozone/ozone/hadoop-ozone/integration-test/target/test-dir/MiniOzoneClusterImpl-5c564e69-bd94-47d8-8ed3-49bff913e719/ozone-meta/datanode-2/ratis/2decd3f6-b8d5-4c93-adee-242c87b7064d has been successfully formatted.
2024-04-29 09:21:16,003 [4dbb8968-e71c-4514-a0ad-0b4a968227bb-groupManagement] WARN  util.FileUtils (LogUtils.java:supplyAndLog(63)) - Failed to Files.newInputStream /home/runner/work/ozone/ozone/hadoop-ozone/integration-test/target/test-dir/MiniOzoneClusterImpl-5c564e69-bd94-47d8-8ed3-49bff913e719/ozone-meta/datanode-2/ratis/2decd3f6-b8d5-4c93-adee-242c87b7064d/current/raft-meta.conf with options []: java.nio.file.NoSuchFileException: /home/runner/work/ozone/ozone/hadoop-ozone/integration-test/target/test-dir/MiniOzoneClusterImpl-5c564e69-bd94-47d8-8ed3-49bff913e719/ozone-meta/datanode-2/ratis/2decd3f6-b8d5-4c93-adee-242c87b7064d/current/raft-meta.conf
2024-04-29 09:21:16,003 [4dbb8968-e71c-4514-a0ad-0b4a968227bb-groupManagement] INFO  ratis.ContainerStateMachine (ContainerStateMachine.java:loadSnapshot(287)) - group-242C87B7064D: The snapshot info is null. Setting the last applied index to:(t:0, i:~)
2024-04-29 09:21:16,004 [4dbb8968-e71c-4514-a0ad-0b4a968227bb-groupManagement] INFO  server.RaftServerConfigKeys (ConfUtils.java:logGet(46)) - raft.server.log.use.memory = false (default)
2024-04-29 09:21:16,004 [4dbb8968-e71c-4514-a0ad-0b4a968227bb-groupManagement] INFO  server.RaftServerConfigKeys (ConfUtils.java:logGet(46)) - raft.server.log.purge.gap = 1000000 (custom)
2024-04-29 09:21:16,004 [4dbb8968-e71c-4514-a0ad-0b4a968227bb-groupManagement] INFO  server.RaftServerConfigKeys (ConfUtils.java:logGet(46)) - raft.server.log.appender.buffer.byte-limit = 8388608 (custom)
2024-04-29 09:21:16,004 [4dbb8968-e71c-4514-a0ad-0b4a968227bb-groupManagement] INFO  server.RaftServerConfigKeys (ConfUtils.java:logGet(46)) - raft.server.log.statemachine.data.read.timeout = 1000ms (default)
2024-04-29 09:21:16,004 [4dbb8968-e71c-4514-a0ad-0b4a968227bb-groupManagement] INFO  server.RaftServerConfigKeys (ConfUtils.java:logGet(46)) - raft.server.log.purge.preservation.log.num = 0 (default)
2024-04-29 09:21:16,005 [4dbb8968-e71c-4514-a0ad-0b4a968227bb-groupManagement] INFO  server.RaftServerConfigKeys (ConfUtils.java:logGet(46)) - raft.server.log.segment.size.max = 67108864 (custom)
2024-04-29 09:21:16,005 [4dbb8968-e71c-4514-a0ad-0b4a968227bb-groupManagement] INFO  server.RaftServerConfigKeys (ConfUtils.java:logGet(46)) - raft.server.log.segment.cache.num.max = 2 (custom)
2024-04-29 09:21:16,005 [4dbb8968-e71c-4514-a0ad-0b4a968227bb-groupManagement] INFO  server.RaftServerConfigKeys (ConfUtils.java:logGet(46)) - raft.server.log.segment.cache.size.max = 200MB (=209715200) (default)
2024-04-29 09:21:16,005 [4dbb8968-e71c-4514-a0ad-0b4a968227bb-groupManagement] INFO  server.RaftServerConfigKeys (ConfUtils.java:logGet(46)) - raft.server.log.appender.buffer.byte-limit = 8388608 (custom)
2024-04-29 09:21:16,005 [4dbb8968-e71c-4514-a0ad-0b4a968227bb-groupManagement] INFO  util.AwaitToRun (AwaitToRun.java:start(81)) - Thread[4dbb8968-e71c-4514-a0ad-0b4a968227bb@group-242C87B7064D-cacheEviction-AwaitToRun,5,main] started
2024-04-29 09:21:16,006 [4dbb8968-e71c-4514-a0ad-0b4a968227bb-groupManagement] INFO  segmented.SegmentedRaftLogWorker (SegmentedRaftLogWorker.java:<init>(182)) - new 4dbb8968-e71c-4514-a0ad-0b4a968227bb@group-242C87B7064D-SegmentedRaftLogWorker for RaftStorageImpl:Storage Directory /home/runner/work/ozone/ozone/hadoop-ozone/integration-test/target/test-dir/MiniOzoneClusterImpl-5c564e69-bd94-47d8-8ed3-49bff913e719/ozone-meta/datanode-2/ratis/2decd3f6-b8d5-4c93-adee-242c87b7064d
2024-04-29 09:21:16,006 [4dbb8968-e71c-4514-a0ad-0b4a968227bb-groupManagement] INFO  server.RaftServerConfigKeys (ConfUtils.java:logGet(46)) - raft.server.log.queue.byte-limit = 4294967296 (custom)
2024-04-29 09:21:16,006 [4dbb8968-e71c-4514-a0ad-0b4a968227bb-groupManagement] INFO  server.RaftServerConfigKeys (ConfUtils.java:logGet(46)) - raft.server.log.queue.element-limit = 1024 (custom)
2024-04-29 09:21:16,006 [4dbb8968-e71c-4514-a0ad-0b4a968227bb-groupManagement] INFO  server.RaftServerConfigKeys (ConfUtils.java:logGet(46)) - raft.server.log.segment.size.max = 67108864 (custom)
2024-04-29 09:21:16,006 [4dbb8968-e71c-4514-a0ad-0b4a968227bb-groupManagement] INFO  server.RaftServerConfigKeys (ConfUtils.java:logGet(46)) - raft.server.log.preallocated.size = 4194304 (custom)
2024-04-29 09:21:16,006 [4dbb8968-e71c-4514-a0ad-0b4a968227bb-groupManagement] INFO  server.RaftServerConfigKeys (ConfUtils.java:logGet(46)) - raft.server.log.force.sync.num = 128 (default)
2024-04-29 09:21:16,006 [4dbb8968-e71c-4514-a0ad-0b4a968227bb-groupManagement] INFO  server.RaftServerConfigKeys (ConfUtils.java:logGet(46)) - raft.server.log.statemachine.data.sync = true (default)
2024-04-29 09:21:16,006 [4dbb8968-e71c-4514-a0ad-0b4a968227bb-groupManagement] INFO  server.RaftServerConfigKeys (ConfUtils.java:logGet(46)) - raft.server.log.statemachine.data.sync.timeout = 10s (default)
2024-04-29 09:21:16,006 [4dbb8968-e71c-4514-a0ad-0b4a968227bb-groupManagement] INFO  server.RaftServerConfigKeys (ConfUtils.java:logGet(46)) - raft.server.log.statemachine.data.sync.timeout.retry = 30 (custom)
2024-04-29 09:21:16,006 [4dbb8968-e71c-4514-a0ad-0b4a968227bb-groupManagement] INFO  server.RaftServerConfigKeys (ConfUtils.java:logGet(46)) - raft.server.log.write.buffer.size = 8388616 (custom)
2024-04-29 09:21:16,007 [4dbb8968-e71c-4514-a0ad-0b4a968227bb-groupManagement] INFO  server.RaftServerConfigKeys (ConfUtils.java:logGet(46)) - raft.server.log.appender.buffer.byte-limit = 8388608 (custom)
2024-04-29 09:21:16,008 [4dbb8968-e71c-4514-a0ad-0b4a968227bb-groupManagement] INFO  server.RaftServerConfigKeys (ConfUtils.java:logGet(46)) - raft.server.log.unsafe-flush.enabled = false (default)
2024-04-29 09:21:16,008 [4dbb8968-e71c-4514-a0ad-0b4a968227bb-groupManagement] INFO  server.RaftServerConfigKeys (ConfUtils.java:logGet(46)) - raft.server.log.async-flush.enabled = false (default)
2024-04-29 09:21:16,008 [4dbb8968-e71c-4514-a0ad-0b4a968227bb-groupManagement] INFO  server.RaftServerConfigKeys (ConfUtils.java:logGet(46)) - raft.server.log.statemachine.data.caching.enabled = true (custom)
2024-04-29 09:21:16,008 [4dbb8968-e71c-4514-a0ad-0b4a968227bb-groupManagement] INFO  segmented.SegmentedRaftLogWorker (SegmentedRaftLogWorker.java:lambda$new$0(134)) - 4dbb8968-e71c-4514-a0ad-0b4a968227bb@group-242C87B7064D-SegmentedRaftLogWorker: flushIndex: setUnconditionally 0 -> -1
2024-04-29 09:21:16,008 [4dbb8968-e71c-4514-a0ad-0b4a968227bb-groupManagement] INFO  segmented.SegmentedRaftLogWorker (SegmentedRaftLogWorker.java:lambda$new$0(134)) - 4dbb8968-e71c-4514-a0ad-0b4a968227bb@group-242C87B7064D-SegmentedRaftLogWorker: safeCacheEvictIndex: setUnconditionally 0 -> -1
2024-04-29 09:21:16,008 [4dbb8968-e71c-4514-a0ad-0b4a968227bb-PipelineCommandHandlerThread-0] INFO  server.RaftServer (RaftServerProxy.java:addNew(100)) - 4dbb8968-e71c-4514-a0ad-0b4a968227bb: addNew group-5E69257F00FC:[4dbb8968-e71c-4514-a0ad-0b4a968227bb|127.0.0.1:15290] returns group-5E69257F00FC:java.util.concurrent.CompletableFuture@2092bc30[Not completed]
2024-04-29 09:21:16,009 [4dbb8968-e71c-4514-a0ad-0b4a968227bb-groupManagement] INFO  server.RaftServer$Division (RaftServerImpl.java:start(396)) - 4dbb8968-e71c-4514-a0ad-0b4a968227bb@group-242C87B7064D: start as a follower, conf=-1: peers:[49450a51-652a-4dd9-a6c4-30eab7eea83e|127.0.0.1:15299, 63ba3f95-8215-4442-8865-ad228f39fdb5|127.0.0.1:15281, 4dbb8968-e71c-4514-a0ad-0b4a968227bb|127.0.0.1:15290]|listeners:[], old=null
2024-04-29 09:21:16,009 [4dbb8968-e71c-4514-a0ad-0b4a968227bb-groupManagement] INFO  server.RaftServer$Division (RaftServerImpl.java:setRole(383)) - 4dbb8968-e71c-4514-a0ad-0b4a968227bb@group-242C87B7064D: changes role from      null to FOLLOWER at term 0 for startAsFollower
2024-04-29 09:21:16,009 [4dbb8968-e71c-4514-a0ad-0b4a968227bb-groupManagement] INFO  impl.RoleInfo (RoleInfo.java:updateAndGet(139)) - 4dbb8968-e71c-4514-a0ad-0b4a968227bb: start 4dbb8968-e71c-4514-a0ad-0b4a968227bb@group-242C87B7064D-FollowerState
2024-04-29 09:21:16,013 [4dbb8968-e71c-4514-a0ad-0b4a968227bb-groupManagement] INFO  util.JmxRegister (JmxRegister.java:tryRegister(44)) - Successfully registered JMX Bean with object name Ratis:service=RaftServer,group=group-242C87B7064D,id=4dbb8968-e71c-4514-a0ad-0b4a968227bb
2024-04-29 09:21:16,013 [4dbb8968-e71c-4514-a0ad-0b4a968227bb-groupManagement] INFO  server.RaftServerConfigKeys (ConfUtils.java:logGet(46)) - raft.server.snapshot.trigger-when-stop.enabled = true (default)
2024-04-29 09:21:16,013 [4dbb8968-e71c-4514-a0ad-0b4a968227bb-groupManagement] INFO  server.RaftServerConfigKeys (ConfUtils.java:logGet(46)) - raft.server.snapshot.auto.trigger.enabled = true (custom)
2024-04-29 09:21:16,013 [4dbb8968-e71c-4514-a0ad-0b4a968227bb-groupManagement] INFO  server.RaftServerConfigKeys (ConfUtils.java:logGet(46)) - raft.server.snapshot.auto.trigger.threshold = 10000 (custom)
2024-04-29 09:21:16,013 [4dbb8968-e71c-4514-a0ad-0b4a968227bb-groupManagement] INFO  server.RaftServerConfigKeys (ConfUtils.java:logGet(46)) - raft.server.snapshot.retention.file.num = 5 (custom)
2024-04-29 09:21:16,013 [4dbb8968-e71c-4514-a0ad-0b4a968227bb-groupManagement] INFO  server.RaftServerConfigKeys (ConfUtils.java:logGet(46)) - raft.server.log.purge.upto.snapshot.index = false (default)
2024-04-29 09:21:16,013 [4dbb8968-e71c-4514-a0ad-0b4a968227bb@group-242C87B7064D-FollowerState] INFO  server.RaftServerConfigKeys (ConfUtils.java:logFallback(53)) - raft.server.rpc.first-election.timeout.min = 5s (fallback to raft.server.rpc.timeout.min)
2024-04-29 09:21:16,013 [4dbb8968-e71c-4514-a0ad-0b4a968227bb@group-242C87B7064D-FollowerState] INFO  server.RaftServerConfigKeys (ConfUtils.java:logFallback(53)) - raft.server.rpc.first-election.timeout.max = 5200ms (fallback to raft.server.rpc.timeout.max)
2024-04-29 09:21:16,016 [4dbb8968-e71c-4514-a0ad-0b4a968227bb-groupManagement] INFO  server.RaftServer$Division (RaftServerImpl.java:<init>(256)) - 4dbb8968-e71c-4514-a0ad-0b4a968227bb: new RaftServerImpl for group-5E69257F00FC:[4dbb8968-e71c-4514-a0ad-0b4a968227bb|127.0.0.1:15290] with ContainerStateMachine:uninitialized
2024-04-29 09:21:16,016 [4dbb8968-e71c-4514-a0ad-0b4a968227bb-groupManagement] INFO  server.RaftServerConfigKeys (ConfUtils.java:logGet(46)) - raft.server.rpc.timeout.min = 5s (custom)
2024-04-29 09:21:16,016 [4dbb8968-e71c-4514-a0ad-0b4a968227bb-groupManagement] INFO  server.RaftServerConfigKeys (ConfUtils.java:logGet(46)) - raft.server.rpc.timeout.max = 5200ms (custom)
2024-04-29 09:21:16,016 [4dbb8968-e71c-4514-a0ad-0b4a968227bb-groupManagement] INFO  server.RaftServerConfigKeys (ConfUtils.java:logGet(46)) - raft.server.rpc.sleep.time = 25ms (default)
2024-04-29 09:21:16,016 [4dbb8968-e71c-4514-a0ad-0b4a968227bb-groupManagement] INFO  server.RaftServerConfigKeys (ConfUtils.java:logGet(46)) - raft.server.rpc.slowness.timeout = 300000ms (custom)
2024-04-29 09:21:16,016 [4dbb8968-e71c-4514-a0ad-0b4a968227bb-groupManagement] INFO  server.RaftServerConfigKeys (ConfUtils.java:logGet(46)) - raft.server.leaderelection.leader.step-down.wait-time = 10s (default)
2024-04-29 09:21:16,016 [4dbb8968-e71c-4514-a0ad-0b4a968227bb-groupManagement] INFO  server.RaftServerConfigKeys (ConfUtils.java:logGet(46)) - raft.server.leaderelection.member.majority-add = false (default)
2024-04-29 09:21:16,016 [4dbb8968-e71c-4514-a0ad-0b4a968227bb-groupManagement] INFO  server.RaftServerConfigKeys (ConfUtils.java:logGet(46)) - raft.server.sleep.deviation.threshold = 300ms (default)
2024-04-29 09:21:16,016 [4dbb8968-e71c-4514-a0ad-0b4a968227bb-groupManagement] INFO  server.RaftServer$Division (ServerState.java:<init>(113)) - 4dbb8968-e71c-4514-a0ad-0b4a968227bb@group-5E69257F00FC: ConfigurationManager, init=-1: peers:[4dbb8968-e71c-4514-a0ad-0b4a968227bb|127.0.0.1:15290]|listeners:[], old=null, confs=<EMPTY_MAP>
2024-04-29 09:21:16,016 [4dbb8968-e71c-4514-a0ad-0b4a968227bb-groupManagement] INFO  server.RaftServerConfigKeys (ConfUtils.java:logGet(46)) - raft.server.notification.no-leader.timeout = 300000ms (custom)
2024-04-29 09:21:16,016 [4dbb8968-e71c-4514-a0ad-0b4a968227bb-groupManagement] INFO  server.RaftServerConfigKeys (ConfUtils.java:logGet(46)) - raft.server.read.timeout = 10s (default)
2024-04-29 09:21:16,016 [4dbb8968-e71c-4514-a0ad-0b4a968227bb-groupManagement] INFO  server.RaftServerConfigKeys (ConfUtils.java:logGet(46)) - raft.server.retrycache.expirytime = 600000ms (custom)
2024-04-29 09:21:16,016 [4dbb8968-e71c-4514-a0ad-0b4a968227bb-groupManagement] INFO  server.RaftServerConfigKeys (ConfUtils.java:logGet(46)) - raft.server.retrycache.statistics.expirytime = 100ms (default)
2024-04-29 09:21:16,017 [4dbb8968-e71c-4514-a0ad-0b4a968227bb-groupManagement] INFO  server.RaftServerConfigKeys (ConfUtils.java:logGet(46)) - raft.server.read.option = DEFAULT (default)
2024-04-29 09:21:16,017 [4dbb8968-e71c-4514-a0ad-0b4a968227bb-groupManagement] INFO  server.RaftServerConfigKeys (ConfUtils.java:logGet(46)) - raft.server.read.read-after-write-consistent.write-index-cache.expiry-time = 60s (default)
2024-04-29 09:21:16,019 [4dbb8968-e71c-4514-a0ad-0b4a968227bb-groupManagement] INFO  server.RaftServerConfigKeys (ConfUtils.java:logGet(46)) - raft.server.rpc.request.timeout = 3000ms (default)
2024-04-29 09:21:16,019 [4dbb8968-e71c-4514-a0ad-0b4a968227bb-groupManagement] INFO  server.RaftServerConfigKeys (ConfUtils.java:logGet(46)) - raft.server.log.appender.install.snapshot.enabled = false (custom)
2024-04-29 09:21:16,019 [4dbb8968-e71c-4514-a0ad-0b4a968227bb-groupManagement] INFO  server.RaftServerConfigKeys (ConfUtils.java:logGet(46)) - raft.server.threadpool.server.cached = true (default)
2024-04-29 09:21:16,020 [4dbb8968-e71c-4514-a0ad-0b4a968227bb-groupManagement] INFO  server.RaftServerConfigKeys (ConfUtils.java:logGet(46)) - raft.server.threadpool.server.size = 0 (default)
2024-04-29 09:21:16,020 [4dbb8968-e71c-4514-a0ad-0b4a968227bb-groupManagement] INFO  server.RaftServerConfigKeys (ConfUtils.java:logGet(46)) - raft.server.threadpool.client.cached = true (default)
2024-04-29 09:21:16,020 [4dbb8968-e71c-4514-a0ad-0b4a968227bb-groupManagement] INFO  server.RaftServerConfigKeys (ConfUtils.java:logGet(46)) - raft.server.threadpool.client.size = 0 (default)
2024-04-29 09:21:16,020 [4dbb8968-e71c-4514-a0ad-0b4a968227bb-groupManagement] INFO  server.RaftServerConfigKeys (ConfUtils.java:logGet(46)) - raft.server.storage.free-space.min = 0MB (=0) (default)
2024-04-29 09:21:16,020 [4dbb8968-e71c-4514-a0ad-0b4a968227bb-groupManagement] INFO  server.RaftServerConfigKeys (ConfUtils.java:logGet(46)) - raft.server.log.corruption.policy = EXCEPTION (default)
2024-04-29 09:21:16,020 [4dbb8968-e71c-4514-a0ad-0b4a968227bb-groupManagement] INFO  server.RaftServerConfigKeys (ConfUtils.java:logGet(46)) - raft.server.storage.dir = [/home/runner/work/ozone/ozone/hadoop-ozone/integration-test/target/test-dir/MiniOzoneClusterImpl-5c564e69-bd94-47d8-8ed3-49bff913e719/ozone-meta/datanode-2/ratis] (custom)
2024-04-29 09:21:16,020 [4dbb8968-e71c-4514-a0ad-0b4a968227bb-groupManagement] INFO  storage.RaftStorageDirectory (RaftStorageDirectoryImpl.java:analyzeStorage(138)) - The storage directory /home/runner/work/ozone/ozone/hadoop-ozone/integration-test/target/test-dir/MiniOzoneClusterImpl-5c564e69-bd94-47d8-8ed3-49bff913e719/ozone-meta/datanode-2/ratis/51f54bab-4a6b-43e5-a314-5e69257f00fc does not exist. Creating ...
2024-04-29 09:21:16,021 [4dbb8968-e71c-4514-a0ad-0b4a968227bb-groupManagement] INFO  storage.RaftStorageDirectory (RaftStorageDirectoryImpl.java:tryLock(228)) - Lock on /home/runner/work/ozone/ozone/hadoop-ozone/integration-test/target/test-dir/MiniOzoneClusterImpl-5c564e69-bd94-47d8-8ed3-49bff913e719/ozone-meta/datanode-2/ratis/51f54bab-4a6b-43e5-a314-5e69257f00fc/in_use.lock acquired by nodename 21350@fv-az771-493
2024-04-29 09:21:16,023 [grpc-default-executor-0] INFO  server.RaftServer (RaftServerProxy.java:addNew(100)) - 49450a51-652a-4dd9-a6c4-30eab7eea83e: addNew group-242C87B7064D:[49450a51-652a-4dd9-a6c4-30eab7eea83e|127.0.0.1:15299, 63ba3f95-8215-4442-8865-ad228f39fdb5|127.0.0.1:15281, 4dbb8968-e71c-4514-a0ad-0b4a968227bb|127.0.0.1:15290] returns group-242C87B7064D:java.util.concurrent.CompletableFuture@dba8757[Not completed]
2024-04-29 09:21:16,023 [4dbb8968-e71c-4514-a0ad-0b4a968227bb-groupManagement] INFO  storage.RaftStorage (RaftStorageImpl.java:format(99)) - Storage directory /home/runner/work/ozone/ozone/hadoop-ozone/integration-test/target/test-dir/MiniOzoneClusterImpl-5c564e69-bd94-47d8-8ed3-49bff913e719/ozone-meta/datanode-2/ratis/51f54bab-4a6b-43e5-a314-5e69257f00fc has been successfully formatted.
2024-04-29 09:21:16,023 [4dbb8968-e71c-4514-a0ad-0b4a968227bb-groupManagement] WARN  util.FileUtils (LogUtils.java:supplyAndLog(63)) - Failed to Files.newInputStream /home/runner/work/ozone/ozone/hadoop-ozone/integration-test/target/test-dir/MiniOzoneClusterImpl-5c564e69-bd94-47d8-8ed3-49bff913e719/ozone-meta/datanode-2/ratis/51f54bab-4a6b-43e5-a314-5e69257f00fc/current/raft-meta.conf with options []: java.nio.file.NoSuchFileException: /home/runner/work/ozone/ozone/hadoop-ozone/integration-test/target/test-dir/MiniOzoneClusterImpl-5c564e69-bd94-47d8-8ed3-49bff913e719/ozone-meta/datanode-2/ratis/51f54bab-4a6b-43e5-a314-5e69257f00fc/current/raft-meta.conf
2024-04-29 09:21:16,024 [4dbb8968-e71c-4514-a0ad-0b4a968227bb-groupManagement] INFO  ratis.ContainerStateMachine (ContainerStateMachine.java:loadSnapshot(287)) - group-5E69257F00FC: The snapshot info is null. Setting the last applied index to:(t:0, i:~)
2024-04-29 09:21:16,024 [4dbb8968-e71c-4514-a0ad-0b4a968227bb-groupManagement] INFO  server.RaftServerConfigKeys (ConfUtils.java:logGet(46)) - raft.server.log.use.memory = false (default)
2024-04-29 09:21:16,024 [4dbb8968-e71c-4514-a0ad-0b4a968227bb-groupManagement] INFO  server.RaftServerConfigKeys (ConfUtils.java:logGet(46)) - raft.server.log.purge.gap = 1000000 (custom)
2024-04-29 09:21:16,024 [4dbb8968-e71c-4514-a0ad-0b4a968227bb-groupManagement] INFO  server.RaftServerConfigKeys (ConfUtils.java:logGet(46)) - raft.server.log.appender.buffer.byte-limit = 8388608 (custom)
2024-04-29 09:21:16,024 [4dbb8968-e71c-4514-a0ad-0b4a968227bb-groupManagement] INFO  server.RaftServerConfigKeys (ConfUtils.java:logGet(46)) - raft.server.log.statemachine.data.read.timeout = 1000ms (default)
2024-04-29 09:21:16,024 [4dbb8968-e71c-4514-a0ad-0b4a968227bb-groupManagement] INFO  server.RaftServerConfigKeys (ConfUtils.java:logGet(46)) - raft.server.log.purge.preservation.log.num = 0 (default)
2024-04-29 09:21:16,025 [EventQueue-PipelineReportForPipelineReportHandler] INFO  pipeline.PipelineReportHandler (PipelineReportHandler.java:processPipelineReport(136)) - Opened pipeline PipelineID=51f54bab-4a6b-43e5-a314-5e69257f00fc
2024-04-29 09:21:16,025 [4dbb8968-e71c-4514-a0ad-0b4a968227bb-groupManagement] INFO  server.RaftServerConfigKeys (ConfUtils.java:logGet(46)) - raft.server.log.segment.size.max = 67108864 (custom)
2024-04-29 09:21:16,025 [4dbb8968-e71c-4514-a0ad-0b4a968227bb-groupManagement] INFO  server.RaftServerConfigKeys (ConfUtils.java:logGet(46)) - raft.server.log.segment.cache.num.max = 2 (custom)
2024-04-29 09:21:16,025 [4dbb8968-e71c-4514-a0ad-0b4a968227bb-groupManagement] INFO  server.RaftServerConfigKeys (ConfUtils.java:logGet(46)) - raft.server.log.segment.cache.size.max = 200MB (=209715200) (default)
2024-04-29 09:21:16,025 [4dbb8968-e71c-4514-a0ad-0b4a968227bb-groupManagement] INFO  server.RaftServerConfigKeys (ConfUtils.java:logGet(46)) - raft.server.log.appender.buffer.byte-limit = 8388608 (custom)
2024-04-29 09:21:16,026 [EventQueue-OpenPipelineForHealthyPipelineSafeModeRule] INFO  safemode.SCMSafeModeManager (HealthyPipelineSafeModeRule.java:process(140)) - SCM in safe mode. Healthy pipelines reported count is 0, required healthy pipeline reported count is 1
2024-04-29 09:21:16,026 [4dbb8968-e71c-4514-a0ad-0b4a968227bb-groupManagement] INFO  util.AwaitToRun (AwaitToRun.java:start(81)) - Thread[4dbb8968-e71c-4514-a0ad-0b4a968227bb@group-5E69257F00FC-cacheEviction-AwaitToRun,5,main] started
2024-04-29 09:21:16,026 [49450a51-652a-4dd9-a6c4-30eab7eea83e-groupManagement] INFO  server.RaftServer$Division (RaftServerImpl.java:<init>(256)) - 49450a51-652a-4dd9-a6c4-30eab7eea83e: new RaftServerImpl for group-242C87B7064D:[49450a51-652a-4dd9-a6c4-30eab7eea83e|127.0.0.1:15299, 63ba3f95-8215-4442-8865-ad228f39fdb5|127.0.0.1:15281, 4dbb8968-e71c-4514-a0ad-0b4a968227bb|127.0.0.1:15290] with ContainerStateMachine:uninitialized
2024-04-29 09:21:16,026 [49450a51-652a-4dd9-a6c4-30eab7eea83e-groupManagement] INFO  server.RaftServerConfigKeys (ConfUtils.java:logGet(46)) - raft.server.rpc.timeout.min = 5s (custom)
2024-04-29 09:21:16,026 [49450a51-652a-4dd9-a6c4-30eab7eea83e-groupManagement] INFO  server.RaftServerConfigKeys (ConfUtils.java:logGet(46)) - raft.server.rpc.timeout.max = 5200ms (custom)
2024-04-29 09:21:16,026 [49450a51-652a-4dd9-a6c4-30eab7eea83e-groupManagement] INFO  server.RaftServerConfigKeys (ConfUtils.java:logGet(46)) - raft.server.rpc.sleep.time = 25ms (default)
2024-04-29 09:21:16,026 [49450a51-652a-4dd9-a6c4-30eab7eea83e-groupManagement] INFO  server.RaftServerConfigKeys (ConfUtils.java:logGet(46)) - raft.server.rpc.slowness.timeout = 300000ms (custom)
2024-04-29 09:21:16,026 [49450a51-652a-4dd9-a6c4-30eab7eea83e-groupManagement] INFO  server.RaftServerConfigKeys (ConfUtils.java:logGet(46)) - raft.server.leaderelection.leader.step-down.wait-time = 10s (default)
2024-04-29 09:21:16,026 [49450a51-652a-4dd9-a6c4-30eab7eea83e-groupManagement] INFO  server.RaftServerConfigKeys (ConfUtils.java:logGet(46)) - raft.server.leaderelection.member.majority-add = false (default)
2024-04-29 09:21:16,026 [49450a51-652a-4dd9-a6c4-30eab7eea83e-groupManagement] INFO  server.RaftServerConfigKeys (ConfUtils.java:logGet(46)) - raft.server.sleep.deviation.threshold = 300ms (default)
2024-04-29 09:21:16,026 [49450a51-652a-4dd9-a6c4-30eab7eea83e-groupManagement] INFO  server.RaftServer$Division (ServerState.java:<init>(113)) - 49450a51-652a-4dd9-a6c4-30eab7eea83e@group-242C87B7064D: ConfigurationManager, init=-1: peers:[49450a51-652a-4dd9-a6c4-30eab7eea83e|127.0.0.1:15299, 63ba3f95-8215-4442-8865-ad228f39fdb5|127.0.0.1:15281, 4dbb8968-e71c-4514-a0ad-0b4a968227bb|127.0.0.1:15290]|listeners:[], old=null, confs=<EMPTY_MAP>
2024-04-29 09:21:16,026 [49450a51-652a-4dd9-a6c4-30eab7eea83e-groupManagement] INFO  server.RaftServerConfigKeys (ConfUtils.java:logGet(46)) - raft.server.notification.no-leader.timeout = 300000ms (custom)
2024-04-29 09:21:16,026 [49450a51-652a-4dd9-a6c4-30eab7eea83e-groupManagement] INFO  server.RaftServerConfigKeys (ConfUtils.java:logGet(46)) - raft.server.read.timeout = 10s (default)
2024-04-29 09:21:16,026 [49450a51-652a-4dd9-a6c4-30eab7eea83e-groupManagement] INFO  server.RaftServerConfigKeys (ConfUtils.java:logGet(46)) - raft.server.retrycache.expirytime = 600000ms (custom)
2024-04-29 09:21:16,026 [49450a51-652a-4dd9-a6c4-30eab7eea83e-groupManagement] INFO  server.RaftServerConfigKeys (ConfUtils.java:logGet(46)) - raft.server.retrycache.statistics.expirytime = 100ms (default)
2024-04-29 09:21:16,026 [49450a51-652a-4dd9-a6c4-30eab7eea83e-groupManagement] INFO  server.RaftServerConfigKeys (ConfUtils.java:logGet(46)) - raft.server.read.option = DEFAULT (default)
2024-04-29 09:21:16,026 [49450a51-652a-4dd9-a6c4-30eab7eea83e-groupManagement] INFO  server.RaftServerConfigKeys (ConfUtils.java:logGet(46)) - raft.server.read.read-after-write-consistent.write-index-cache.expiry-time = 60s (default)
2024-04-29 09:21:16,026 [4dbb8968-e71c-4514-a0ad-0b4a968227bb-groupManagement] INFO  segmented.SegmentedRaftLogWorker (SegmentedRaftLogWorker.java:<init>(182)) - new 4dbb8968-e71c-4514-a0ad-0b4a968227bb@group-5E69257F00FC-SegmentedRaftLogWorker for RaftStorageImpl:Storage Directory /home/runner/work/ozone/ozone/hadoop-ozone/integration-test/target/test-dir/MiniOzoneClusterImpl-5c564e69-bd94-47d8-8ed3-49bff913e719/ozone-meta/datanode-2/ratis/51f54bab-4a6b-43e5-a314-5e69257f00fc
2024-04-29 09:21:16,027 [4dbb8968-e71c-4514-a0ad-0b4a968227bb-groupManagement] INFO  server.RaftServerConfigKeys (ConfUtils.java:logGet(46)) - raft.server.log.queue.byte-limit = 4294967296 (custom)
2024-04-29 09:21:16,027 [4dbb8968-e71c-4514-a0ad-0b4a968227bb-groupManagement] INFO  server.RaftServerConfigKeys (ConfUtils.java:logGet(46)) - raft.server.log.queue.element-limit = 1024 (custom)
2024-04-29 09:21:16,027 [4dbb8968-e71c-4514-a0ad-0b4a968227bb-groupManagement] INFO  server.RaftServerConfigKeys (ConfUtils.java:logGet(46)) - raft.server.log.segment.size.max = 67108864 (custom)
2024-04-29 09:21:16,027 [4dbb8968-e71c-4514-a0ad-0b4a968227bb-groupManagement] INFO  server.RaftServerConfigKeys (ConfUtils.java:logGet(46)) - raft.server.log.preallocated.size = 4194304 (custom)
2024-04-29 09:21:16,027 [4dbb8968-e71c-4514-a0ad-0b4a968227bb-groupManagement] INFO  server.RaftServerConfigKeys (ConfUtils.java:logGet(46)) - raft.server.log.force.sync.num = 128 (default)
2024-04-29 09:21:16,027 [4dbb8968-e71c-4514-a0ad-0b4a968227bb-groupManagement] INFO  server.RaftServerConfigKeys (ConfUtils.java:logGet(46)) - raft.server.log.statemachine.data.sync = true (default)
2024-04-29 09:21:16,027 [4dbb8968-e71c-4514-a0ad-0b4a968227bb-groupManagement] INFO  server.RaftServerConfigKeys (ConfUtils.java:logGet(46)) - raft.server.log.statemachine.data.sync.timeout = 10s (default)
2024-04-29 09:21:16,027 [4dbb8968-e71c-4514-a0ad-0b4a968227bb-groupManagement] INFO  server.RaftServerConfigKeys (ConfUtils.java:logGet(46)) - raft.server.log.statemachine.data.sync.timeout.retry = 30 (custom)
2024-04-29 09:21:16,028 [4dbb8968-e71c-4514-a0ad-0b4a968227bb-groupManagement] INFO  server.RaftServerConfigKeys (ConfUtils.java:logGet(46)) - raft.server.log.write.buffer.size = 8388616 (custom)
2024-04-29 09:21:16,029 [4dbb8968-e71c-4514-a0ad-0b4a968227bb-groupManagement] INFO  server.RaftServerConfigKeys (ConfUtils.java:logGet(46)) - raft.server.log.appender.buffer.byte-limit = 8388608 (custom)
2024-04-29 09:21:16,029 [4dbb8968-e71c-4514-a0ad-0b4a968227bb-groupManagement] INFO  server.RaftServerConfigKeys (ConfUtils.java:logGet(46)) - raft.server.log.unsafe-flush.enabled = false (default)
2024-04-29 09:21:16,029 [4dbb8968-e71c-4514-a0ad-0b4a968227bb-groupManagement] INFO  server.RaftServerConfigKeys (ConfUtils.java:logGet(46)) - raft.server.log.async-flush.enabled = false (default)
2024-04-29 09:21:16,029 [4dbb8968-e71c-4514-a0ad-0b4a968227bb-groupManagement] INFO  server.RaftServerConfigKeys (ConfUtils.java:logGet(46)) - raft.server.log.statemachine.data.caching.enabled = true (custom)
2024-04-29 09:21:16,029 [4dbb8968-e71c-4514-a0ad-0b4a968227bb-groupManagement] INFO  segmented.SegmentedRaftLogWorker (SegmentedRaftLogWorker.java:lambda$new$0(134)) - 4dbb8968-e71c-4514-a0ad-0b4a968227bb@group-5E69257F00FC-SegmentedRaftLogWorker: flushIndex: setUnconditionally 0 -> -1
2024-04-29 09:21:16,030 [4dbb8968-e71c-4514-a0ad-0b4a968227bb-groupManagement] INFO  segmented.SegmentedRaftLogWorker (SegmentedRaftLogWorker.java:lambda$new$0(134)) - 4dbb8968-e71c-4514-a0ad-0b4a968227bb@group-5E69257F00FC-SegmentedRaftLogWorker: safeCacheEvictIndex: setUnconditionally 0 -> -1
2024-04-29 09:21:16,031 [49450a51-652a-4dd9-a6c4-30eab7eea83e-groupManagement] INFO  server.RaftServerConfigKeys (ConfUtils.java:logGet(46)) - raft.server.rpc.request.timeout = 3000ms (default)
2024-04-29 09:21:16,031 [49450a51-652a-4dd9-a6c4-30eab7eea83e-groupManagement] INFO  server.RaftServerConfigKeys (ConfUtils.java:logGet(46)) - raft.server.log.appender.install.snapshot.enabled = false (custom)
2024-04-29 09:21:16,031 [49450a51-652a-4dd9-a6c4-30eab7eea83e-groupManagement] INFO  server.RaftServerConfigKeys (ConfUtils.java:logGet(46)) - raft.server.threadpool.server.cached = true (default)
2024-04-29 09:21:16,031 [49450a51-652a-4dd9-a6c4-30eab7eea83e-groupManagement] INFO  server.RaftServerConfigKeys (ConfUtils.java:logGet(46)) - raft.server.threadpool.server.size = 0 (default)
2024-04-29 09:21:16,031 [49450a51-652a-4dd9-a6c4-30eab7eea83e-groupManagement] INFO  server.RaftServerConfigKeys (ConfUtils.java:logGet(46)) - raft.server.threadpool.client.cached = true (default)
2024-04-29 09:21:16,031 [49450a51-652a-4dd9-a6c4-30eab7eea83e-groupManagement] INFO  server.RaftServerConfigKeys (ConfUtils.java:logGet(46)) - raft.server.threadpool.client.size = 0 (default)
2024-04-29 09:21:16,031 [49450a51-652a-4dd9-a6c4-30eab7eea83e-groupManagement] INFO  server.RaftServerConfigKeys (ConfUtils.java:logGet(46)) - raft.server.storage.free-space.min = 0MB (=0) (default)
2024-04-29 09:21:16,031 [49450a51-652a-4dd9-a6c4-30eab7eea83e-groupManagement] INFO  server.RaftServerConfigKeys (ConfUtils.java:logGet(46)) - raft.server.log.corruption.policy = EXCEPTION (default)
2024-04-29 09:21:16,031 [49450a51-652a-4dd9-a6c4-30eab7eea83e-groupManagement] INFO  server.RaftServerConfigKeys (ConfUtils.java:logGet(46)) - raft.server.storage.dir = [/home/runner/work/ozone/ozone/hadoop-ozone/integration-test/target/test-dir/MiniOzoneClusterImpl-5c564e69-bd94-47d8-8ed3-49bff913e719/ozone-meta/datanode-3/ratis] (custom)
2024-04-29 09:21:16,031 [49450a51-652a-4dd9-a6c4-30eab7eea83e-groupManagement] INFO  storage.RaftStorageDirectory (RaftStorageDirectoryImpl.java:analyzeStorage(138)) - The storage directory /home/runner/work/ozone/ozone/hadoop-ozone/integration-test/target/test-dir/MiniOzoneClusterImpl-5c564e69-bd94-47d8-8ed3-49bff913e719/ozone-meta/datanode-3/ratis/2decd3f6-b8d5-4c93-adee-242c87b7064d does not exist. Creating ...
2024-04-29 09:21:16,032 [4dbb8968-e71c-4514-a0ad-0b4a968227bb-groupManagement] INFO  server.RaftServer$Division (RaftServerImpl.java:start(396)) - 4dbb8968-e71c-4514-a0ad-0b4a968227bb@group-5E69257F00FC: start as a follower, conf=-1: peers:[4dbb8968-e71c-4514-a0ad-0b4a968227bb|127.0.0.1:15290]|listeners:[], old=null
2024-04-29 09:21:16,032 [4dbb8968-e71c-4514-a0ad-0b4a968227bb-groupManagement] INFO  server.RaftServer$Division (RaftServerImpl.java:setRole(383)) - 4dbb8968-e71c-4514-a0ad-0b4a968227bb@group-5E69257F00FC: changes role from      null to FOLLOWER at term 0 for startAsFollower
2024-04-29 09:21:16,032 [4dbb8968-e71c-4514-a0ad-0b4a968227bb-groupManagement] INFO  impl.RoleInfo (RoleInfo.java:updateAndGet(139)) - 4dbb8968-e71c-4514-a0ad-0b4a968227bb: start 4dbb8968-e71c-4514-a0ad-0b4a968227bb@group-5E69257F00FC-FollowerState
2024-04-29 09:21:16,032 [4dbb8968-e71c-4514-a0ad-0b4a968227bb-groupManagement] INFO  util.JmxRegister (JmxRegister.java:tryRegister(44)) - Successfully registered JMX Bean with object name Ratis:service=RaftServer,group=group-5E69257F00FC,id=4dbb8968-e71c-4514-a0ad-0b4a968227bb
2024-04-29 09:21:16,032 [4dbb8968-e71c-4514-a0ad-0b4a968227bb-groupManagement] INFO  server.RaftServerConfigKeys (ConfUtils.java:logGet(46)) - raft.server.snapshot.trigger-when-stop.enabled = true (default)
2024-04-29 09:21:16,032 [4dbb8968-e71c-4514-a0ad-0b4a968227bb-groupManagement] INFO  server.RaftServerConfigKeys (ConfUtils.java:logGet(46)) - raft.server.snapshot.auto.trigger.enabled = true (custom)
2024-04-29 09:21:16,032 [4dbb8968-e71c-4514-a0ad-0b4a968227bb-groupManagement] INFO  server.RaftServerConfigKeys (ConfUtils.java:logGet(46)) - raft.server.snapshot.auto.trigger.threshold = 10000 (custom)
2024-04-29 09:21:16,032 [4dbb8968-e71c-4514-a0ad-0b4a968227bb-groupManagement] INFO  server.RaftServerConfigKeys (ConfUtils.java:logGet(46)) - raft.server.snapshot.retention.file.num = 5 (custom)
2024-04-29 09:21:16,033 [4dbb8968-e71c-4514-a0ad-0b4a968227bb-groupManagement] INFO  server.RaftServerConfigKeys (ConfUtils.java:logGet(46)) - raft.server.log.purge.upto.snapshot.index = false (default)
2024-04-29 09:21:16,032 [49450a51-652a-4dd9-a6c4-30eab7eea83e-groupManagement] INFO  storage.RaftStorageDirectory (RaftStorageDirectoryImpl.java:tryLock(228)) - Lock on /home/runner/work/ozone/ozone/hadoop-ozone/integration-test/target/test-dir/MiniOzoneClusterImpl-5c564e69-bd94-47d8-8ed3-49bff913e719/ozone-meta/datanode-3/ratis/2decd3f6-b8d5-4c93-adee-242c87b7064d/in_use.lock acquired by nodename 21350@fv-az771-493
2024-04-29 09:21:16,033 [4dbb8968-e71c-4514-a0ad-0b4a968227bb@group-5E69257F00FC-FollowerState] INFO  server.RaftServerConfigKeys (ConfUtils.java:logFallback(53)) - raft.server.rpc.first-election.timeout.min = 5s (fallback to raft.server.rpc.timeout.min)
2024-04-29 09:21:16,033 [4dbb8968-e71c-4514-a0ad-0b4a968227bb-PipelineCommandHandlerThread-0] INFO  ratis.XceiverServerRatis (XceiverServerRatis.java:addGroup(864)) - Created group PipelineID=51f54bab-4a6b-43e5-a314-5e69257f00fc
2024-04-29 09:21:16,034 [4dbb8968-e71c-4514-a0ad-0b4a968227bb-PipelineCommandHandlerThread-0] INFO  commandhandler.CreatePipelineCommandHandler (CreatePipelineCommandHandler.java:lambda$handle$2(124)) - Created Pipeline RATIS ONE PipelineID=51f54bab-4a6b-43e5-a314-5e69257f00fc.
2024-04-29 09:21:16,034 [49450a51-652a-4dd9-a6c4-30eab7eea83e-groupManagement] INFO  storage.RaftStorage (RaftStorageImpl.java:format(99)) - Storage directory /home/runner/work/ozone/ozone/hadoop-ozone/integration-test/target/test-dir/MiniOzoneClusterImpl-5c564e69-bd94-47d8-8ed3-49bff913e719/ozone-meta/datanode-3/ratis/2decd3f6-b8d5-4c93-adee-242c87b7064d has been successfully formatted.
2024-04-29 09:21:16,034 [4dbb8968-e71c-4514-a0ad-0b4a968227bb@group-5E69257F00FC-FollowerState] INFO  server.RaftServerConfigKeys (ConfUtils.java:logFallback(53)) - raft.server.rpc.first-election.timeout.max = 5200ms (fallback to raft.server.rpc.timeout.max)
2024-04-29 09:21:16,034 [49450a51-652a-4dd9-a6c4-30eab7eea83e-groupManagement] WARN  util.FileUtils (LogUtils.java:supplyAndLog(63)) - Failed to Files.newInputStream /home/runner/work/ozone/ozone/hadoop-ozone/integration-test/target/test-dir/MiniOzoneClusterImpl-5c564e69-bd94-47d8-8ed3-49bff913e719/ozone-meta/datanode-3/ratis/2decd3f6-b8d5-4c93-adee-242c87b7064d/current/raft-meta.conf with options []: java.nio.file.NoSuchFileException: /home/runner/work/ozone/ozone/hadoop-ozone/integration-test/target/test-dir/MiniOzoneClusterImpl-5c564e69-bd94-47d8-8ed3-49bff913e719/ozone-meta/datanode-3/ratis/2decd3f6-b8d5-4c93-adee-242c87b7064d/current/raft-meta.conf
2024-04-29 09:21:16,034 [49450a51-652a-4dd9-a6c4-30eab7eea83e-groupManagement] INFO  ratis.ContainerStateMachine (ContainerStateMachine.java:loadSnapshot(287)) - group-242C87B7064D: The snapshot info is null. Setting the last applied index to:(t:0, i:~)
2024-04-29 09:21:16,034 [49450a51-652a-4dd9-a6c4-30eab7eea83e-groupManagement] INFO  server.RaftServerConfigKeys (ConfUtils.java:logGet(46)) - raft.server.log.use.memory = false (default)
2024-04-29 09:21:16,034 [49450a51-652a-4dd9-a6c4-30eab7eea83e-groupManagement] INFO  server.RaftServerConfigKeys (ConfUtils.java:logGet(46)) - raft.server.log.purge.gap = 1000000 (custom)
2024-04-29 09:21:16,034 [49450a51-652a-4dd9-a6c4-30eab7eea83e-groupManagement] INFO  server.RaftServerConfigKeys (ConfUtils.java:logGet(46)) - raft.server.log.appender.buffer.byte-limit = 8388608 (custom)
2024-04-29 09:21:16,034 [49450a51-652a-4dd9-a6c4-30eab7eea83e-groupManagement] INFO  server.RaftServerConfigKeys (ConfUtils.java:logGet(46)) - raft.server.log.statemachine.data.read.timeout = 1000ms (default)
2024-04-29 09:21:16,034 [49450a51-652a-4dd9-a6c4-30eab7eea83e-groupManagement] INFO  server.RaftServerConfigKeys (ConfUtils.java:logGet(46)) - raft.server.log.purge.preservation.log.num = 0 (default)
2024-04-29 09:21:16,036 [49450a51-652a-4dd9-a6c4-30eab7eea83e-groupManagement] INFO  server.RaftServerConfigKeys (ConfUtils.java:logGet(46)) - raft.server.log.segment.size.max = 67108864 (custom)
2024-04-29 09:21:16,036 [49450a51-652a-4dd9-a6c4-30eab7eea83e-groupManagement] INFO  server.RaftServerConfigKeys (ConfUtils.java:logGet(46)) - raft.server.log.segment.cache.num.max = 2 (custom)
2024-04-29 09:21:16,036 [49450a51-652a-4dd9-a6c4-30eab7eea83e-groupManagement] INFO  server.RaftServerConfigKeys (ConfUtils.java:logGet(46)) - raft.server.log.segment.cache.size.max = 200MB (=209715200) (default)
2024-04-29 09:21:16,036 [49450a51-652a-4dd9-a6c4-30eab7eea83e-groupManagement] INFO  server.RaftServerConfigKeys (ConfUtils.java:logGet(46)) - raft.server.log.appender.buffer.byte-limit = 8388608 (custom)
2024-04-29 09:21:16,036 [49450a51-652a-4dd9-a6c4-30eab7eea83e-groupManagement] INFO  util.AwaitToRun (AwaitToRun.java:start(81)) - Thread[49450a51-652a-4dd9-a6c4-30eab7eea83e@group-242C87B7064D-cacheEviction-AwaitToRun,5,main] started
2024-04-29 09:21:16,036 [49450a51-652a-4dd9-a6c4-30eab7eea83e-groupManagement] INFO  segmented.SegmentedRaftLogWorker (SegmentedRaftLogWorker.java:<init>(182)) - new 49450a51-652a-4dd9-a6c4-30eab7eea83e@group-242C87B7064D-SegmentedRaftLogWorker for RaftStorageImpl:Storage Directory /home/runner/work/ozone/ozone/hadoop-ozone/integration-test/target/test-dir/MiniOzoneClusterImpl-5c564e69-bd94-47d8-8ed3-49bff913e719/ozone-meta/datanode-3/ratis/2decd3f6-b8d5-4c93-adee-242c87b7064d
2024-04-29 09:21:16,036 [49450a51-652a-4dd9-a6c4-30eab7eea83e-groupManagement] INFO  server.RaftServerConfigKeys (ConfUtils.java:logGet(46)) - raft.server.log.queue.byte-limit = 4294967296 (custom)
2024-04-29 09:21:16,036 [49450a51-652a-4dd9-a6c4-30eab7eea83e-groupManagement] INFO  server.RaftServerConfigKeys (ConfUtils.java:logGet(46)) - raft.server.log.queue.element-limit = 1024 (custom)
2024-04-29 09:21:16,036 [49450a51-652a-4dd9-a6c4-30eab7eea83e-groupManagement] INFO  server.RaftServerConfigKeys (ConfUtils.java:logGet(46)) - raft.server.log.segment.size.max = 67108864 (custom)
2024-04-29 09:21:16,036 [49450a51-652a-4dd9-a6c4-30eab7eea83e-groupManagement] INFO  server.RaftServerConfigKeys (ConfUtils.java:logGet(46)) - raft.server.log.preallocated.size = 4194304 (custom)
2024-04-29 09:21:16,036 [49450a51-652a-4dd9-a6c4-30eab7eea83e-groupManagement] INFO  server.RaftServerConfigKeys (ConfUtils.java:logGet(46)) - raft.server.log.force.sync.num = 128 (default)
2024-04-29 09:21:16,036 [49450a51-652a-4dd9-a6c4-30eab7eea83e-groupManagement] INFO  server.RaftServerConfigKeys (ConfUtils.java:logGet(46)) - raft.server.log.statemachine.data.sync = true (default)
2024-04-29 09:21:16,037 [49450a51-652a-4dd9-a6c4-30eab7eea83e-groupManagement] INFO  server.RaftServerConfigKeys (ConfUtils.java:logGet(46)) - raft.server.log.statemachine.data.sync.timeout = 10s (default)
2024-04-29 09:21:16,037 [49450a51-652a-4dd9-a6c4-30eab7eea83e-groupManagement] INFO  server.RaftServerConfigKeys (ConfUtils.java:logGet(46)) - raft.server.log.statemachine.data.sync.timeout.retry = 30 (custom)
2024-04-29 09:21:16,037 [49450a51-652a-4dd9-a6c4-30eab7eea83e-groupManagement] INFO  server.RaftServerConfigKeys (ConfUtils.java:logGet(46)) - raft.server.log.write.buffer.size = 8388616 (custom)
2024-04-29 09:21:16,038 [49450a51-652a-4dd9-a6c4-30eab7eea83e-groupManagement] INFO  server.RaftServerConfigKeys (ConfUtils.java:logGet(46)) - raft.server.log.appender.buffer.byte-limit = 8388608 (custom)
2024-04-29 09:21:16,038 [49450a51-652a-4dd9-a6c4-30eab7eea83e-groupManagement] INFO  server.RaftServerConfigKeys (ConfUtils.java:logGet(46)) - raft.server.log.unsafe-flush.enabled = false (default)
2024-04-29 09:21:16,038 [49450a51-652a-4dd9-a6c4-30eab7eea83e-groupManagement] INFO  server.RaftServerConfigKeys (ConfUtils.java:logGet(46)) - raft.server.log.async-flush.enabled = false (default)
2024-04-29 09:21:16,038 [49450a51-652a-4dd9-a6c4-30eab7eea83e-groupManagement] INFO  server.RaftServerConfigKeys (ConfUtils.java:logGet(46)) - raft.server.log.statemachine.data.caching.enabled = true (custom)
2024-04-29 09:21:16,038 [49450a51-652a-4dd9-a6c4-30eab7eea83e-groupManagement] INFO  segmented.SegmentedRaftLogWorker (SegmentedRaftLogWorker.java:lambda$new$0(134)) - 49450a51-652a-4dd9-a6c4-30eab7eea83e@group-242C87B7064D-SegmentedRaftLogWorker: flushIndex: setUnconditionally 0 -> -1
2024-04-29 09:21:16,038 [49450a51-652a-4dd9-a6c4-30eab7eea83e-groupManagement] INFO  segmented.SegmentedRaftLogWorker (SegmentedRaftLogWorker.java:lambda$new$0(134)) - 49450a51-652a-4dd9-a6c4-30eab7eea83e@group-242C87B7064D-SegmentedRaftLogWorker: safeCacheEvictIndex: setUnconditionally 0 -> -1
2024-04-29 09:21:16,040 [49450a51-652a-4dd9-a6c4-30eab7eea83e-groupManagement] INFO  server.RaftServer$Division (RaftServerImpl.java:start(396)) - 49450a51-652a-4dd9-a6c4-30eab7eea83e@group-242C87B7064D: start as a follower, conf=-1: peers:[49450a51-652a-4dd9-a6c4-30eab7eea83e|127.0.0.1:15299, 63ba3f95-8215-4442-8865-ad228f39fdb5|127.0.0.1:15281, 4dbb8968-e71c-4514-a0ad-0b4a968227bb|127.0.0.1:15290]|listeners:[], old=null
2024-04-29 09:21:16,040 [49450a51-652a-4dd9-a6c4-30eab7eea83e-groupManagement] INFO  server.RaftServer$Division (RaftServerImpl.java:setRole(383)) - 49450a51-652a-4dd9-a6c4-30eab7eea83e@group-242C87B7064D: changes role from      null to FOLLOWER at term 0 for startAsFollower
2024-04-29 09:21:16,040 [49450a51-652a-4dd9-a6c4-30eab7eea83e-groupManagement] INFO  impl.RoleInfo (RoleInfo.java:updateAndGet(139)) - 49450a51-652a-4dd9-a6c4-30eab7eea83e: start 49450a51-652a-4dd9-a6c4-30eab7eea83e@group-242C87B7064D-FollowerState
2024-04-29 09:21:16,040 [49450a51-652a-4dd9-a6c4-30eab7eea83e@group-242C87B7064D-FollowerState] INFO  server.RaftServerConfigKeys (ConfUtils.java:logFallback(53)) - raft.server.rpc.first-election.timeout.min = 5s (fallback to raft.server.rpc.timeout.min)
2024-04-29 09:21:16,040 [49450a51-652a-4dd9-a6c4-30eab7eea83e@group-242C87B7064D-FollowerState] INFO  server.RaftServerConfigKeys (ConfUtils.java:logFallback(53)) - raft.server.rpc.first-election.timeout.max = 5200ms (fallback to raft.server.rpc.timeout.max)
2024-04-29 09:21:16,040 [49450a51-652a-4dd9-a6c4-30eab7eea83e-groupManagement] INFO  util.JmxRegister (JmxRegister.java:tryRegister(44)) - Successfully registered JMX Bean with object name Ratis:service=RaftServer,group=group-242C87B7064D,id=49450a51-652a-4dd9-a6c4-30eab7eea83e
2024-04-29 09:21:16,040 [49450a51-652a-4dd9-a6c4-30eab7eea83e-groupManagement] INFO  server.RaftServerConfigKeys (ConfUtils.java:logGet(46)) - raft.server.snapshot.trigger-when-stop.enabled = true (default)
2024-04-29 09:21:16,041 [49450a51-652a-4dd9-a6c4-30eab7eea83e-groupManagement] INFO  server.RaftServerConfigKeys (ConfUtils.java:logGet(46)) - raft.server.snapshot.auto.trigger.enabled = true (custom)
2024-04-29 09:21:16,041 [49450a51-652a-4dd9-a6c4-30eab7eea83e-groupManagement] INFO  server.RaftServerConfigKeys (ConfUtils.java:logGet(46)) - raft.server.snapshot.auto.trigger.threshold = 10000 (custom)
2024-04-29 09:21:16,041 [49450a51-652a-4dd9-a6c4-30eab7eea83e-groupManagement] INFO  server.RaftServerConfigKeys (ConfUtils.java:logGet(46)) - raft.server.snapshot.retention.file.num = 5 (custom)
2024-04-29 09:21:16,041 [49450a51-652a-4dd9-a6c4-30eab7eea83e-groupManagement] INFO  server.RaftServerConfigKeys (ConfUtils.java:logGet(46)) - raft.server.log.purge.upto.snapshot.index = false (default)
2024-04-29 09:21:16,044 [63ba3f95-8215-4442-8865-ad228f39fdb5-PipelineCommandHandlerThread-0] INFO  commandhandler.CreatePipelineCommandHandler (CreatePipelineCommandHandler.java:lambda$handle$2(124)) - Created Pipeline RATIS THREE PipelineID=2decd3f6-b8d5-4c93-adee-242c87b7064d.
2024-04-29 09:21:16,058 [49450a51-652a-4dd9-a6c4-30eab7eea83e-PipelineCommandHandlerThread-0] INFO  server.RaftServer (RaftServerProxy.java:addNew(100)) - 49450a51-652a-4dd9-a6c4-30eab7eea83e: addNew group-300E94C7AAA6:[49450a51-652a-4dd9-a6c4-30eab7eea83e|127.0.0.1:15299] returns group-300E94C7AAA6:java.util.concurrent.CompletableFuture@57d2031c[Not completed]
2024-04-29 09:21:16,058 [49450a51-652a-4dd9-a6c4-30eab7eea83e-groupManagement] INFO  server.RaftServer$Division (RaftServerImpl.java:<init>(256)) - 49450a51-652a-4dd9-a6c4-30eab7eea83e: new RaftServerImpl for group-300E94C7AAA6:[49450a51-652a-4dd9-a6c4-30eab7eea83e|127.0.0.1:15299] with ContainerStateMachine:uninitialized
2024-04-29 09:21:16,058 [49450a51-652a-4dd9-a6c4-30eab7eea83e-groupManagement] INFO  server.RaftServerConfigKeys (ConfUtils.java:logGet(46)) - raft.server.rpc.timeout.min = 5s (custom)
2024-04-29 09:21:16,058 [49450a51-652a-4dd9-a6c4-30eab7eea83e-groupManagement] INFO  server.RaftServerConfigKeys (ConfUtils.java:logGet(46)) - raft.server.rpc.timeout.max = 5200ms (custom)
2024-04-29 09:21:16,058 [49450a51-652a-4dd9-a6c4-30eab7eea83e-groupManagement] INFO  server.RaftServerConfigKeys (ConfUtils.java:logGet(46)) - raft.server.rpc.sleep.time = 25ms (default)
2024-04-29 09:21:16,059 [49450a51-652a-4dd9-a6c4-30eab7eea83e-groupManagement] INFO  server.RaftServerConfigKeys (ConfUtils.java:logGet(46)) - raft.server.rpc.slowness.timeout = 300000ms (custom)
2024-04-29 09:21:16,059 [49450a51-652a-4dd9-a6c4-30eab7eea83e-groupManagement] INFO  server.RaftServerConfigKeys (ConfUtils.java:logGet(46)) - raft.server.leaderelection.leader.step-down.wait-time = 10s (default)
2024-04-29 09:21:16,059 [49450a51-652a-4dd9-a6c4-30eab7eea83e-groupManagement] INFO  server.RaftServerConfigKeys (ConfUtils.java:logGet(46)) - raft.server.leaderelection.member.majority-add = false (default)
2024-04-29 09:21:16,059 [49450a51-652a-4dd9-a6c4-30eab7eea83e-groupManagement] INFO  server.RaftServerConfigKeys (ConfUtils.java:logGet(46)) - raft.server.sleep.deviation.threshold = 300ms (default)
2024-04-29 09:21:16,059 [49450a51-652a-4dd9-a6c4-30eab7eea83e-groupManagement] INFO  server.RaftServer$Division (ServerState.java:<init>(113)) - 49450a51-652a-4dd9-a6c4-30eab7eea83e@group-300E94C7AAA6: ConfigurationManager, init=-1: peers:[49450a51-652a-4dd9-a6c4-30eab7eea83e|127.0.0.1:15299]|listeners:[], old=null, confs=<EMPTY_MAP>
2024-04-29 09:21:16,059 [49450a51-652a-4dd9-a6c4-30eab7eea83e-groupManagement] INFO  server.RaftServerConfigKeys (ConfUtils.java:logGet(46)) - raft.server.notification.no-leader.timeout = 300000ms (custom)
2024-04-29 09:21:16,059 [49450a51-652a-4dd9-a6c4-30eab7eea83e-groupManagement] INFO  server.RaftServerConfigKeys (ConfUtils.java:logGet(46)) - raft.server.read.timeout = 10s (default)
2024-04-29 09:21:16,059 [49450a51-652a-4dd9-a6c4-30eab7eea83e-groupManagement] INFO  server.RaftServerConfigKeys (ConfUtils.java:logGet(46)) - raft.server.retrycache.expirytime = 600000ms (custom)
2024-04-29 09:21:16,059 [49450a51-652a-4dd9-a6c4-30eab7eea83e-groupManagement] INFO  server.RaftServerConfigKeys (ConfUtils.java:logGet(46)) - raft.server.retrycache.statistics.expirytime = 100ms (default)
2024-04-29 09:21:16,059 [49450a51-652a-4dd9-a6c4-30eab7eea83e-groupManagement] INFO  server.RaftServerConfigKeys (ConfUtils.java:logGet(46)) - raft.server.read.option = DEFAULT (default)
2024-04-29 09:21:16,059 [49450a51-652a-4dd9-a6c4-30eab7eea83e-groupManagement] INFO  server.RaftServerConfigKeys (ConfUtils.java:logGet(46)) - raft.server.read.read-after-write-consistent.write-index-cache.expiry-time = 60s (default)
2024-04-29 09:21:16,062 [49450a51-652a-4dd9-a6c4-30eab7eea83e-groupManagement] INFO  server.RaftServerConfigKeys (ConfUtils.java:logGet(46)) - raft.server.rpc.request.timeout = 3000ms (default)
2024-04-29 09:21:16,062 [49450a51-652a-4dd9-a6c4-30eab7eea83e-groupManagement] INFO  server.RaftServerConfigKeys (ConfUtils.java:logGet(46)) - raft.server.log.appender.install.snapshot.enabled = false (custom)
2024-04-29 09:21:16,062 [49450a51-652a-4dd9-a6c4-30eab7eea83e-groupManagement] INFO  server.RaftServerConfigKeys (ConfUtils.java:logGet(46)) - raft.server.threadpool.server.cached = true (default)
2024-04-29 09:21:16,062 [49450a51-652a-4dd9-a6c4-30eab7eea83e-groupManagement] INFO  server.RaftServerConfigKeys (ConfUtils.java:logGet(46)) - raft.server.threadpool.server.size = 0 (default)
2024-04-29 09:21:16,062 [49450a51-652a-4dd9-a6c4-30eab7eea83e-groupManagement] INFO  server.RaftServerConfigKeys (ConfUtils.java:logGet(46)) - raft.server.threadpool.client.cached = true (default)
2024-04-29 09:21:16,062 [49450a51-652a-4dd9-a6c4-30eab7eea83e-groupManagement] INFO  server.RaftServerConfigKeys (ConfUtils.java:logGet(46)) - raft.server.threadpool.client.size = 0 (default)
2024-04-29 09:21:16,062 [49450a51-652a-4dd9-a6c4-30eab7eea83e-groupManagement] INFO  server.RaftServerConfigKeys (ConfUtils.java:logGet(46)) - raft.server.storage.free-space.min = 0MB (=0) (default)
2024-04-29 09:21:16,062 [49450a51-652a-4dd9-a6c4-30eab7eea83e-groupManagement] INFO  server.RaftServerConfigKeys (ConfUtils.java:logGet(46)) - raft.server.log.corruption.policy = EXCEPTION (default)
2024-04-29 09:21:16,062 [49450a51-652a-4dd9-a6c4-30eab7eea83e-groupManagement] INFO  server.RaftServerConfigKeys (ConfUtils.java:logGet(46)) - raft.server.storage.dir = [/home/runner/work/ozone/ozone/hadoop-ozone/integration-test/target/test-dir/MiniOzoneClusterImpl-5c564e69-bd94-47d8-8ed3-49bff913e719/ozone-meta/datanode-3/ratis] (custom)
2024-04-29 09:21:16,062 [49450a51-652a-4dd9-a6c4-30eab7eea83e-groupManagement] INFO  storage.RaftStorageDirectory (RaftStorageDirectoryImpl.java:analyzeStorage(138)) - The storage directory /home/runner/work/ozone/ozone/hadoop-ozone/integration-test/target/test-dir/MiniOzoneClusterImpl-5c564e69-bd94-47d8-8ed3-49bff913e719/ozone-meta/datanode-3/ratis/ac0e20d4-2fef-416a-8427-300e94c7aaa6 does not exist. Creating ...
2024-04-29 09:21:16,063 [49450a51-652a-4dd9-a6c4-30eab7eea83e-groupManagement] INFO  storage.RaftStorageDirectory (RaftStorageDirectoryImpl.java:tryLock(228)) - Lock on /home/runner/work/ozone/ozone/hadoop-ozone/integration-test/target/test-dir/MiniOzoneClusterImpl-5c564e69-bd94-47d8-8ed3-49bff913e719/ozone-meta/datanode-3/ratis/ac0e20d4-2fef-416a-8427-300e94c7aaa6/in_use.lock acquired by nodename 21350@fv-az771-493
2024-04-29 09:21:16,064 [49450a51-652a-4dd9-a6c4-30eab7eea83e-groupManagement] INFO  storage.RaftStorage (RaftStorageImpl.java:format(99)) - Storage directory /home/runner/work/ozone/ozone/hadoop-ozone/integration-test/target/test-dir/MiniOzoneClusterImpl-5c564e69-bd94-47d8-8ed3-49bff913e719/ozone-meta/datanode-3/ratis/ac0e20d4-2fef-416a-8427-300e94c7aaa6 has been successfully formatted.
2024-04-29 09:21:16,065 [49450a51-652a-4dd9-a6c4-30eab7eea83e-groupManagement] WARN  util.FileUtils (LogUtils.java:supplyAndLog(63)) - Failed to Files.newInputStream /home/runner/work/ozone/ozone/hadoop-ozone/integration-test/target/test-dir/MiniOzoneClusterImpl-5c564e69-bd94-47d8-8ed3-49bff913e719/ozone-meta/datanode-3/ratis/ac0e20d4-2fef-416a-8427-300e94c7aaa6/current/raft-meta.conf with options []: java.nio.file.NoSuchFileException: /home/runner/work/ozone/ozone/hadoop-ozone/integration-test/target/test-dir/MiniOzoneClusterImpl-5c564e69-bd94-47d8-8ed3-49bff913e719/ozone-meta/datanode-3/ratis/ac0e20d4-2fef-416a-8427-300e94c7aaa6/current/raft-meta.conf
2024-04-29 09:21:16,065 [49450a51-652a-4dd9-a6c4-30eab7eea83e-groupManagement] INFO  ratis.ContainerStateMachine (ContainerStateMachine.java:loadSnapshot(287)) - group-300E94C7AAA6: The snapshot info is null. Setting the last applied index to:(t:0, i:~)
2024-04-29 09:21:16,065 [49450a51-652a-4dd9-a6c4-30eab7eea83e-groupManagement] INFO  server.RaftServerConfigKeys (ConfUtils.java:logGet(46)) - raft.server.log.use.memory = false (default)
2024-04-29 09:21:16,065 [49450a51-652a-4dd9-a6c4-30eab7eea83e-groupManagement] INFO  server.RaftServerConfigKeys (ConfUtils.java:logGet(46)) - raft.server.log.purge.gap = 1000000 (custom)
2024-04-29 09:21:16,065 [49450a51-652a-4dd9-a6c4-30eab7eea83e-groupManagement] INFO  server.RaftServerConfigKeys (ConfUtils.java:logGet(46)) - raft.server.log.appender.buffer.byte-limit = 8388608 (custom)
2024-04-29 09:21:16,065 [49450a51-652a-4dd9-a6c4-30eab7eea83e-groupManagement] INFO  server.RaftServerConfigKeys (ConfUtils.java:logGet(46)) - raft.server.log.statemachine.data.read.timeout = 1000ms (default)
2024-04-29 09:21:16,065 [49450a51-652a-4dd9-a6c4-30eab7eea83e-groupManagement] INFO  server.RaftServerConfigKeys (ConfUtils.java:logGet(46)) - raft.server.log.purge.preservation.log.num = 0 (default)
2024-04-29 09:21:16,067 [EventQueue-PipelineReportForPipelineReportHandler] INFO  pipeline.PipelineReportHandler (PipelineReportHandler.java:processPipelineReport(136)) - Opened pipeline PipelineID=ac0e20d4-2fef-416a-8427-300e94c7aaa6
2024-04-29 09:21:16,067 [EventQueue-OpenPipelineForHealthyPipelineSafeModeRule] INFO  safemode.SCMSafeModeManager (HealthyPipelineSafeModeRule.java:process(140)) - SCM in safe mode. Healthy pipelines reported count is 0, required healthy pipeline reported count is 1
2024-04-29 09:21:16,067 [49450a51-652a-4dd9-a6c4-30eab7eea83e-groupManagement] INFO  server.RaftServerConfigKeys (ConfUtils.java:logGet(46)) - raft.server.log.segment.size.max = 67108864 (custom)
2024-04-29 09:21:16,068 [49450a51-652a-4dd9-a6c4-30eab7eea83e-groupManagement] INFO  server.RaftServerConfigKeys (ConfUtils.java:logGet(46)) - raft.server.log.segment.cache.num.max = 2 (custom)
2024-04-29 09:21:16,068 [49450a51-652a-4dd9-a6c4-30eab7eea83e-groupManagement] INFO  server.RaftServerConfigKeys (ConfUtils.java:logGet(46)) - raft.server.log.segment.cache.size.max = 200MB (=209715200) (default)
2024-04-29 09:21:16,068 [49450a51-652a-4dd9-a6c4-30eab7eea83e-groupManagement] INFO  server.RaftServerConfigKeys (ConfUtils.java:logGet(46)) - raft.server.log.appender.buffer.byte-limit = 8388608 (custom)
2024-04-29 09:21:16,068 [49450a51-652a-4dd9-a6c4-30eab7eea83e-groupManagement] INFO  util.AwaitToRun (AwaitToRun.java:start(81)) - Thread[49450a51-652a-4dd9-a6c4-30eab7eea83e@group-300E94C7AAA6-cacheEviction-AwaitToRun,5,main] started
2024-04-29 09:21:16,068 [49450a51-652a-4dd9-a6c4-30eab7eea83e-groupManagement] INFO  segmented.SegmentedRaftLogWorker (SegmentedRaftLogWorker.java:<init>(182)) - new 49450a51-652a-4dd9-a6c4-30eab7eea83e@group-300E94C7AAA6-SegmentedRaftLogWorker for RaftStorageImpl:Storage Directory /home/runner/work/ozone/ozone/hadoop-ozone/integration-test/target/test-dir/MiniOzoneClusterImpl-5c564e69-bd94-47d8-8ed3-49bff913e719/ozone-meta/datanode-3/ratis/ac0e20d4-2fef-416a-8427-300e94c7aaa6
2024-04-29 09:21:16,068 [49450a51-652a-4dd9-a6c4-30eab7eea83e-groupManagement] INFO  server.RaftServerConfigKeys (ConfUtils.java:logGet(46)) - raft.server.log.queue.byte-limit = 4294967296 (custom)
2024-04-29 09:21:16,068 [49450a51-652a-4dd9-a6c4-30eab7eea83e-groupManagement] INFO  server.RaftServerConfigKeys (ConfUtils.java:logGet(46)) - raft.server.log.queue.element-limit = 1024 (custom)
2024-04-29 09:21:16,068 [49450a51-652a-4dd9-a6c4-30eab7eea83e-groupManagement] INFO  server.RaftServerConfigKeys (ConfUtils.java:logGet(46)) - raft.server.log.segment.size.max = 67108864 (custom)
2024-04-29 09:21:16,068 [49450a51-652a-4dd9-a6c4-30eab7eea83e-groupManagement] INFO  server.RaftServerConfigKeys (ConfUtils.java:logGet(46)) - raft.server.log.preallocated.size = 4194304 (custom)
2024-04-29 09:21:16,068 [49450a51-652a-4dd9-a6c4-30eab7eea83e-groupManagement] INFO  server.RaftServerConfigKeys (ConfUtils.java:logGet(46)) - raft.server.log.force.sync.num = 128 (default)
2024-04-29 09:21:16,068 [49450a51-652a-4dd9-a6c4-30eab7eea83e-groupManagement] INFO  server.RaftServerConfigKeys (ConfUtils.java:logGet(46)) - raft.server.log.statemachine.data.sync = true (default)
2024-04-29 09:21:16,069 [49450a51-652a-4dd9-a6c4-30eab7eea83e-groupManagement] INFO  server.RaftServerConfigKeys (ConfUtils.java:logGet(46)) - raft.server.log.statemachine.data.sync.timeout = 10s (default)
2024-04-29 09:21:16,069 [49450a51-652a-4dd9-a6c4-30eab7eea83e-groupManagement] INFO  server.RaftServerConfigKeys (ConfUtils.java:logGet(46)) - raft.server.log.statemachine.data.sync.timeout.retry = 30 (custom)
2024-04-29 09:21:16,069 [49450a51-652a-4dd9-a6c4-30eab7eea83e-groupManagement] INFO  server.RaftServerConfigKeys (ConfUtils.java:logGet(46)) - raft.server.log.write.buffer.size = 8388616 (custom)
2024-04-29 09:21:16,071 [49450a51-652a-4dd9-a6c4-30eab7eea83e-groupManagement] INFO  server.RaftServerConfigKeys (ConfUtils.java:logGet(46)) - raft.server.log.appender.buffer.byte-limit = 8388608 (custom)
2024-04-29 09:21:16,071 [49450a51-652a-4dd9-a6c4-30eab7eea83e-groupManagement] INFO  server.RaftServerConfigKeys (ConfUtils.java:logGet(46)) - raft.server.log.unsafe-flush.enabled = false (default)
2024-04-29 09:21:16,071 [49450a51-652a-4dd9-a6c4-30eab7eea83e-groupManagement] INFO  server.RaftServerConfigKeys (ConfUtils.java:logGet(46)) - raft.server.log.async-flush.enabled = false (default)
2024-04-29 09:21:16,071 [49450a51-652a-4dd9-a6c4-30eab7eea83e-groupManagement] INFO  server.RaftServerConfigKeys (ConfUtils.java:logGet(46)) - raft.server.log.statemachine.data.caching.enabled = true (custom)
2024-04-29 09:21:16,071 [49450a51-652a-4dd9-a6c4-30eab7eea83e-groupManagement] INFO  segmented.SegmentedRaftLogWorker (SegmentedRaftLogWorker.java:lambda$new$0(134)) - 49450a51-652a-4dd9-a6c4-30eab7eea83e@group-300E94C7AAA6-SegmentedRaftLogWorker: flushIndex: setUnconditionally 0 -> -1
2024-04-29 09:21:16,071 [49450a51-652a-4dd9-a6c4-30eab7eea83e-groupManagement] INFO  segmented.SegmentedRaftLogWorker (SegmentedRaftLogWorker.java:lambda$new$0(134)) - 49450a51-652a-4dd9-a6c4-30eab7eea83e@group-300E94C7AAA6-SegmentedRaftLogWorker: safeCacheEvictIndex: setUnconditionally 0 -> -1
2024-04-29 09:21:16,071 [49450a51-652a-4dd9-a6c4-30eab7eea83e-groupManagement] INFO  server.RaftServer$Division (RaftServerImpl.java:start(396)) - 49450a51-652a-4dd9-a6c4-30eab7eea83e@group-300E94C7AAA6: start as a follower, conf=-1: peers:[49450a51-652a-4dd9-a6c4-30eab7eea83e|127.0.0.1:15299]|listeners:[], old=null
2024-04-29 09:21:16,071 [49450a51-652a-4dd9-a6c4-30eab7eea83e-groupManagement] INFO  server.RaftServer$Division (RaftServerImpl.java:setRole(383)) - 49450a51-652a-4dd9-a6c4-30eab7eea83e@group-300E94C7AAA6: changes role from      null to FOLLOWER at term 0 for startAsFollower
2024-04-29 09:21:16,071 [49450a51-652a-4dd9-a6c4-30eab7eea83e-groupManagement] INFO  impl.RoleInfo (RoleInfo.java:updateAndGet(139)) - 49450a51-652a-4dd9-a6c4-30eab7eea83e: start 49450a51-652a-4dd9-a6c4-30eab7eea83e@group-300E94C7AAA6-FollowerState
2024-04-29 09:21:16,072 [49450a51-652a-4dd9-a6c4-30eab7eea83e@group-300E94C7AAA6-FollowerState] INFO  server.RaftServerConfigKeys (ConfUtils.java:logFallback(53)) - raft.server.rpc.first-election.timeout.min = 5s (fallback to raft.server.rpc.timeout.min)
2024-04-29 09:21:16,072 [49450a51-652a-4dd9-a6c4-30eab7eea83e-groupManagement] INFO  util.JmxRegister (JmxRegister.java:tryRegister(44)) - Successfully registered JMX Bean with object name Ratis:service=RaftServer,group=group-300E94C7AAA6,id=49450a51-652a-4dd9-a6c4-30eab7eea83e
2024-04-29 09:21:16,072 [49450a51-652a-4dd9-a6c4-30eab7eea83e-groupManagement] INFO  server.RaftServerConfigKeys (ConfUtils.java:logGet(46)) - raft.server.snapshot.trigger-when-stop.enabled = true (default)
2024-04-29 09:21:16,072 [49450a51-652a-4dd9-a6c4-30eab7eea83e-groupManagement] INFO  server.RaftServerConfigKeys (ConfUtils.java:logGet(46)) - raft.server.snapshot.auto.trigger.enabled = true (custom)
2024-04-29 09:21:16,072 [49450a51-652a-4dd9-a6c4-30eab7eea83e-groupManagement] INFO  server.RaftServerConfigKeys (ConfUtils.java:logGet(46)) - raft.server.snapshot.auto.trigger.threshold = 10000 (custom)
2024-04-29 09:21:16,072 [49450a51-652a-4dd9-a6c4-30eab7eea83e-groupManagement] INFO  server.RaftServerConfigKeys (ConfUtils.java:logGet(46)) - raft.server.snapshot.retention.file.num = 5 (custom)
2024-04-29 09:21:16,072 [49450a51-652a-4dd9-a6c4-30eab7eea83e-groupManagement] INFO  server.RaftServerConfigKeys (ConfUtils.java:logGet(46)) - raft.server.log.purge.upto.snapshot.index = false (default)
2024-04-29 09:21:16,072 [49450a51-652a-4dd9-a6c4-30eab7eea83e@group-300E94C7AAA6-FollowerState] INFO  server.RaftServerConfigKeys (ConfUtils.java:logFallback(53)) - raft.server.rpc.first-election.timeout.max = 5200ms (fallback to raft.server.rpc.timeout.max)
2024-04-29 09:21:16,073 [49450a51-652a-4dd9-a6c4-30eab7eea83e-PipelineCommandHandlerThread-0] INFO  ratis.XceiverServerRatis (XceiverServerRatis.java:addGroup(864)) - Created group PipelineID=ac0e20d4-2fef-416a-8427-300e94c7aaa6
2024-04-29 09:21:16,073 [49450a51-652a-4dd9-a6c4-30eab7eea83e-PipelineCommandHandlerThread-0] INFO  commandhandler.CreatePipelineCommandHandler (CreatePipelineCommandHandler.java:lambda$handle$2(124)) - Created Pipeline RATIS ONE PipelineID=ac0e20d4-2fef-416a-8427-300e94c7aaa6.
2024-04-29 09:21:16,106 [30e50e12-6d1d-42d4-8c2e-250820f84ec0-PipelineCommandHandlerThread-0] INFO  server.RaftServer (RaftServerProxy.java:addNew(100)) - 30e50e12-6d1d-42d4-8c2e-250820f84ec0: addNew group-136ED567526F:[30e50e12-6d1d-42d4-8c2e-250820f84ec0|127.0.0.1:15308] returns group-136ED567526F:java.util.concurrent.CompletableFuture@12db0641[Not completed]
2024-04-29 09:21:16,107 [30e50e12-6d1d-42d4-8c2e-250820f84ec0-groupManagement] INFO  server.RaftServer$Division (RaftServerImpl.java:<init>(256)) - 30e50e12-6d1d-42d4-8c2e-250820f84ec0: new RaftServerImpl for group-136ED567526F:[30e50e12-6d1d-42d4-8c2e-250820f84ec0|127.0.0.1:15308] with ContainerStateMachine:uninitialized
2024-04-29 09:21:16,107 [30e50e12-6d1d-42d4-8c2e-250820f84ec0-groupManagement] INFO  server.RaftServerConfigKeys (ConfUtils.java:logGet(46)) - raft.server.rpc.timeout.min = 5s (custom)
2024-04-29 09:21:16,107 [30e50e12-6d1d-42d4-8c2e-250820f84ec0-groupManagement] INFO  server.RaftServerConfigKeys (ConfUtils.java:logGet(46)) - raft.server.rpc.timeout.max = 5200ms (custom)
2024-04-29 09:21:16,107 [30e50e12-6d1d-42d4-8c2e-250820f84ec0-groupManagement] INFO  server.RaftServerConfigKeys (ConfUtils.java:logGet(46)) - raft.server.rpc.sleep.time = 25ms (default)
2024-04-29 09:21:16,107 [30e50e12-6d1d-42d4-8c2e-250820f84ec0-groupManagement] INFO  server.RaftServerConfigKeys (ConfUtils.java:logGet(46)) - raft.server.rpc.slowness.timeout = 300000ms (custom)
2024-04-29 09:21:16,107 [30e50e12-6d1d-42d4-8c2e-250820f84ec0-groupManagement] INFO  server.RaftServerConfigKeys (ConfUtils.java:logGet(46)) - raft.server.leaderelection.leader.step-down.wait-time = 10s (default)
2024-04-29 09:21:16,107 [30e50e12-6d1d-42d4-8c2e-250820f84ec0-groupManagement] INFO  server.RaftServerConfigKeys (ConfUtils.java:logGet(46)) - raft.server.leaderelection.member.majority-add = false (default)
2024-04-29 09:21:16,107 [30e50e12-6d1d-42d4-8c2e-250820f84ec0-groupManagement] INFO  server.RaftServerConfigKeys (ConfUtils.java:logGet(46)) - raft.server.sleep.deviation.threshold = 300ms (default)
2024-04-29 09:21:16,107 [30e50e12-6d1d-42d4-8c2e-250820f84ec0-groupManagement] INFO  server.RaftServer$Division (ServerState.java:<init>(113)) - 30e50e12-6d1d-42d4-8c2e-250820f84ec0@group-136ED567526F: ConfigurationManager, init=-1: peers:[30e50e12-6d1d-42d4-8c2e-250820f84ec0|127.0.0.1:15308]|listeners:[], old=null, confs=<EMPTY_MAP>
2024-04-29 09:21:16,107 [30e50e12-6d1d-42d4-8c2e-250820f84ec0-groupManagement] INFO  server.RaftServerConfigKeys (ConfUtils.java:logGet(46)) - raft.server.notification.no-leader.timeout = 300000ms (custom)
2024-04-29 09:21:16,107 [30e50e12-6d1d-42d4-8c2e-250820f84ec0-groupManagement] INFO  server.RaftServerConfigKeys (ConfUtils.java:logGet(46)) - raft.server.read.timeout = 10s (default)
2024-04-29 09:21:16,107 [30e50e12-6d1d-42d4-8c2e-250820f84ec0-groupManagement] INFO  server.RaftServerConfigKeys (ConfUtils.java:logGet(46)) - raft.server.retrycache.expirytime = 600000ms (custom)
2024-04-29 09:21:16,107 [30e50e12-6d1d-42d4-8c2e-250820f84ec0-groupManagement] INFO  server.RaftServerConfigKeys (ConfUtils.java:logGet(46)) - raft.server.retrycache.statistics.expirytime = 100ms (default)
2024-04-29 09:21:16,107 [30e50e12-6d1d-42d4-8c2e-250820f84ec0-groupManagement] INFO  server.RaftServerConfigKeys (ConfUtils.java:logGet(46)) - raft.server.read.option = DEFAULT (default)
2024-04-29 09:21:16,107 [30e50e12-6d1d-42d4-8c2e-250820f84ec0-groupManagement] INFO  server.RaftServerConfigKeys (ConfUtils.java:logGet(46)) - raft.server.read.read-after-write-consistent.write-index-cache.expiry-time = 60s (default)
2024-04-29 09:21:16,109 [30e50e12-6d1d-42d4-8c2e-250820f84ec0-groupManagement] INFO  server.RaftServerConfigKeys (ConfUtils.java:logGet(46)) - raft.server.rpc.request.timeout = 3000ms (default)
2024-04-29 09:21:16,109 [30e50e12-6d1d-42d4-8c2e-250820f84ec0-groupManagement] INFO  server.RaftServerConfigKeys (ConfUtils.java:logGet(46)) - raft.server.log.appender.install.snapshot.enabled = false (custom)
2024-04-29 09:21:16,109 [30e50e12-6d1d-42d4-8c2e-250820f84ec0-groupManagement] INFO  server.RaftServerConfigKeys (ConfUtils.java:logGet(46)) - raft.server.threadpool.server.cached = true (default)
2024-04-29 09:21:16,109 [30e50e12-6d1d-42d4-8c2e-250820f84ec0-groupManagement] INFO  server.RaftServerConfigKeys (ConfUtils.java:logGet(46)) - raft.server.threadpool.server.size = 0 (default)
2024-04-29 09:21:16,109 [30e50e12-6d1d-42d4-8c2e-250820f84ec0-groupManagement] INFO  server.RaftServerConfigKeys (ConfUtils.java:logGet(46)) - raft.server.threadpool.client.cached = true (default)
2024-04-29 09:21:16,109 [30e50e12-6d1d-42d4-8c2e-250820f84ec0-groupManagement] INFO  server.RaftServerConfigKeys (ConfUtils.java:logGet(46)) - raft.server.threadpool.client.size = 0 (default)
2024-04-29 09:21:16,109 [30e50e12-6d1d-42d4-8c2e-250820f84ec0-groupManagement] INFO  server.RaftServerConfigKeys (ConfUtils.java:logGet(46)) - raft.server.storage.free-space.min = 0MB (=0) (default)
2024-04-29 09:21:16,109 [30e50e12-6d1d-42d4-8c2e-250820f84ec0-groupManagement] INFO  server.RaftServerConfigKeys (ConfUtils.java:logGet(46)) - raft.server.log.corruption.policy = EXCEPTION (default)
2024-04-29 09:21:16,109 [30e50e12-6d1d-42d4-8c2e-250820f84ec0-groupManagement] INFO  server.RaftServerConfigKeys (ConfUtils.java:logGet(46)) - raft.server.storage.dir = [/home/runner/work/ozone/ozone/hadoop-ozone/integration-test/target/test-dir/MiniOzoneClusterImpl-5c564e69-bd94-47d8-8ed3-49bff913e719/ozone-meta/datanode-4/ratis] (custom)
2024-04-29 09:21:16,110 [30e50e12-6d1d-42d4-8c2e-250820f84ec0-groupManagement] INFO  storage.RaftStorageDirectory (RaftStorageDirectoryImpl.java:analyzeStorage(138)) - The storage directory /home/runner/work/ozone/ozone/hadoop-ozone/integration-test/target/test-dir/MiniOzoneClusterImpl-5c564e69-bd94-47d8-8ed3-49bff913e719/ozone-meta/datanode-4/ratis/7b41eeae-149a-424b-8858-136ed567526f does not exist. Creating ...
2024-04-29 09:21:16,111 [30e50e12-6d1d-42d4-8c2e-250820f84ec0-groupManagement] INFO  storage.RaftStorageDirectory (RaftStorageDirectoryImpl.java:tryLock(228)) - Lock on /home/runner/work/ozone/ozone/hadoop-ozone/integration-test/target/test-dir/MiniOzoneClusterImpl-5c564e69-bd94-47d8-8ed3-49bff913e719/ozone-meta/datanode-4/ratis/7b41eeae-149a-424b-8858-136ed567526f/in_use.lock acquired by nodename 21350@fv-az771-493
2024-04-29 09:21:16,111 [30e50e12-6d1d-42d4-8c2e-250820f84ec0-groupManagement] INFO  storage.RaftStorage (RaftStorageImpl.java:format(99)) - Storage directory /home/runner/work/ozone/ozone/hadoop-ozone/integration-test/target/test-dir/MiniOzoneClusterImpl-5c564e69-bd94-47d8-8ed3-49bff913e719/ozone-meta/datanode-4/ratis/7b41eeae-149a-424b-8858-136ed567526f has been successfully formatted.
2024-04-29 09:21:16,112 [30e50e12-6d1d-42d4-8c2e-250820f84ec0-groupManagement] WARN  util.FileUtils (LogUtils.java:supplyAndLog(63)) - Failed to Files.newInputStream /home/runner/work/ozone/ozone/hadoop-ozone/integration-test/target/test-dir/MiniOzoneClusterImpl-5c564e69-bd94-47d8-8ed3-49bff913e719/ozone-meta/datanode-4/ratis/7b41eeae-149a-424b-8858-136ed567526f/current/raft-meta.conf with options []: java.nio.file.NoSuchFileException: /home/runner/work/ozone/ozone/hadoop-ozone/integration-test/target/test-dir/MiniOzoneClusterImpl-5c564e69-bd94-47d8-8ed3-49bff913e719/ozone-meta/datanode-4/ratis/7b41eeae-149a-424b-8858-136ed567526f/current/raft-meta.conf
2024-04-29 09:21:16,112 [30e50e12-6d1d-42d4-8c2e-250820f84ec0-groupManagement] INFO  ratis.ContainerStateMachine (ContainerStateMachine.java:loadSnapshot(287)) - group-136ED567526F: The snapshot info is null. Setting the last applied index to:(t:0, i:~)
2024-04-29 09:21:16,112 [30e50e12-6d1d-42d4-8c2e-250820f84ec0-groupManagement] INFO  server.RaftServerConfigKeys (ConfUtils.java:logGet(46)) - raft.server.log.use.memory = false (default)
2024-04-29 09:21:16,112 [30e50e12-6d1d-42d4-8c2e-250820f84ec0-groupManagement] INFO  server.RaftServerConfigKeys (ConfUtils.java:logGet(46)) - raft.server.log.purge.gap = 1000000 (custom)
2024-04-29 09:21:16,112 [30e50e12-6d1d-42d4-8c2e-250820f84ec0-groupManagement] INFO  server.RaftServerConfigKeys (ConfUtils.java:logGet(46)) - raft.server.log.appender.buffer.byte-limit = 8388608 (custom)
2024-04-29 09:21:16,112 [30e50e12-6d1d-42d4-8c2e-250820f84ec0-groupManagement] INFO  server.RaftServerConfigKeys (ConfUtils.java:logGet(46)) - raft.server.log.statemachine.data.read.timeout = 1000ms (default)
2024-04-29 09:21:16,112 [30e50e12-6d1d-42d4-8c2e-250820f84ec0-groupManagement] INFO  server.RaftServerConfigKeys (ConfUtils.java:logGet(46)) - raft.server.log.purge.preservation.log.num = 0 (default)
2024-04-29 09:21:16,113 [EventQueue-PipelineReportForPipelineReportHandler] INFO  pipeline.PipelineReportHandler (PipelineReportHandler.java:processPipelineReport(136)) - Opened pipeline PipelineID=7b41eeae-149a-424b-8858-136ed567526f
2024-04-29 09:21:16,113 [EventQueue-OpenPipelineForHealthyPipelineSafeModeRule] INFO  safemode.SCMSafeModeManager (HealthyPipelineSafeModeRule.java:process(140)) - SCM in safe mode. Healthy pipelines reported count is 0, required healthy pipeline reported count is 1
2024-04-29 09:21:16,114 [30e50e12-6d1d-42d4-8c2e-250820f84ec0-groupManagement] INFO  server.RaftServerConfigKeys (ConfUtils.java:logGet(46)) - raft.server.log.segment.size.max = 67108864 (custom)
2024-04-29 09:21:16,114 [30e50e12-6d1d-42d4-8c2e-250820f84ec0-groupManagement] INFO  server.RaftServerConfigKeys (ConfUtils.java:logGet(46)) - raft.server.log.segment.cache.num.max = 2 (custom)
2024-04-29 09:21:16,114 [30e50e12-6d1d-42d4-8c2e-250820f84ec0-groupManagement] INFO  server.RaftServerConfigKeys (ConfUtils.java:logGet(46)) - raft.server.log.segment.cache.size.max = 200MB (=209715200) (default)
2024-04-29 09:21:16,114 [30e50e12-6d1d-42d4-8c2e-250820f84ec0-groupManagement] INFO  server.RaftServerConfigKeys (ConfUtils.java:logGet(46)) - raft.server.log.appender.buffer.byte-limit = 8388608 (custom)
2024-04-29 09:21:16,114 [30e50e12-6d1d-42d4-8c2e-250820f84ec0-groupManagement] INFO  util.AwaitToRun (AwaitToRun.java:start(81)) - Thread[30e50e12-6d1d-42d4-8c2e-250820f84ec0@group-136ED567526F-cacheEviction-AwaitToRun,5,main] started
2024-04-29 09:21:16,114 [30e50e12-6d1d-42d4-8c2e-250820f84ec0-groupManagement] INFO  segmented.SegmentedRaftLogWorker (SegmentedRaftLogWorker.java:<init>(182)) - new 30e50e12-6d1d-42d4-8c2e-250820f84ec0@group-136ED567526F-SegmentedRaftLogWorker for RaftStorageImpl:Storage Directory /home/runner/work/ozone/ozone/hadoop-ozone/integration-test/target/test-dir/MiniOzoneClusterImpl-5c564e69-bd94-47d8-8ed3-49bff913e719/ozone-meta/datanode-4/ratis/7b41eeae-149a-424b-8858-136ed567526f
2024-04-29 09:21:16,114 [30e50e12-6d1d-42d4-8c2e-250820f84ec0-groupManagement] INFO  server.RaftServerConfigKeys (ConfUtils.java:logGet(46)) - raft.server.log.queue.byte-limit = 4294967296 (custom)
2024-04-29 09:21:16,114 [30e50e12-6d1d-42d4-8c2e-250820f84ec0-groupManagement] INFO  server.RaftServerConfigKeys (ConfUtils.java:logGet(46)) - raft.server.log.queue.element-limit = 1024 (custom)
2024-04-29 09:21:16,114 [30e50e12-6d1d-42d4-8c2e-250820f84ec0-groupManagement] INFO  server.RaftServerConfigKeys (ConfUtils.java:logGet(46)) - raft.server.log.segment.size.max = 67108864 (custom)
2024-04-29 09:21:16,114 [30e50e12-6d1d-42d4-8c2e-250820f84ec0-groupManagement] INFO  server.RaftServerConfigKeys (ConfUtils.java:logGet(46)) - raft.server.log.preallocated.size = 4194304 (custom)
2024-04-29 09:21:16,114 [30e50e12-6d1d-42d4-8c2e-250820f84ec0-groupManagement] INFO  server.RaftServerConfigKeys (ConfUtils.java:logGet(46)) - raft.server.log.force.sync.num = 128 (default)
2024-04-29 09:21:16,115 [30e50e12-6d1d-42d4-8c2e-250820f84ec0-groupManagement] INFO  server.RaftServerConfigKeys (ConfUtils.java:logGet(46)) - raft.server.log.statemachine.data.sync = true (default)
2024-04-29 09:21:16,115 [30e50e12-6d1d-42d4-8c2e-250820f84ec0-groupManagement] INFO  server.RaftServerConfigKeys (ConfUtils.java:logGet(46)) - raft.server.log.statemachine.data.sync.timeout = 10s (default)
2024-04-29 09:21:16,115 [30e50e12-6d1d-42d4-8c2e-250820f84ec0-groupManagement] INFO  server.RaftServerConfigKeys (ConfUtils.java:logGet(46)) - raft.server.log.statemachine.data.sync.timeout.retry = 30 (custom)
2024-04-29 09:21:16,115 [30e50e12-6d1d-42d4-8c2e-250820f84ec0-groupManagement] INFO  server.RaftServerConfigKeys (ConfUtils.java:logGet(46)) - raft.server.log.write.buffer.size = 8388616 (custom)
2024-04-29 09:21:16,117 [30e50e12-6d1d-42d4-8c2e-250820f84ec0-groupManagement] INFO  server.RaftServerConfigKeys (ConfUtils.java:logGet(46)) - raft.server.log.appender.buffer.byte-limit = 8388608 (custom)
2024-04-29 09:21:16,117 [30e50e12-6d1d-42d4-8c2e-250820f84ec0-groupManagement] INFO  server.RaftServerConfigKeys (ConfUtils.java:logGet(46)) - raft.server.log.unsafe-flush.enabled = false (default)
2024-04-29 09:21:16,117 [30e50e12-6d1d-42d4-8c2e-250820f84ec0-groupManagement] INFO  server.RaftServerConfigKeys (ConfUtils.java:logGet(46)) - raft.server.log.async-flush.enabled = false (default)
2024-04-29 09:21:16,117 [30e50e12-6d1d-42d4-8c2e-250820f84ec0-groupManagement] INFO  server.RaftServerConfigKeys (ConfUtils.java:logGet(46)) - raft.server.log.statemachine.data.caching.enabled = true (custom)
2024-04-29 09:21:16,117 [30e50e12-6d1d-42d4-8c2e-250820f84ec0-groupManagement] INFO  segmented.SegmentedRaftLogWorker (SegmentedRaftLogWorker.java:lambda$new$0(134)) - 30e50e12-6d1d-42d4-8c2e-250820f84ec0@group-136ED567526F-SegmentedRaftLogWorker: flushIndex: setUnconditionally 0 -> -1
2024-04-29 09:21:16,117 [30e50e12-6d1d-42d4-8c2e-250820f84ec0-groupManagement] INFO  segmented.SegmentedRaftLogWorker (SegmentedRaftLogWorker.java:lambda$new$0(134)) - 30e50e12-6d1d-42d4-8c2e-250820f84ec0@group-136ED567526F-SegmentedRaftLogWorker: safeCacheEvictIndex: setUnconditionally 0 -> -1
2024-04-29 09:21:16,117 [30e50e12-6d1d-42d4-8c2e-250820f84ec0-groupManagement] INFO  server.RaftServer$Division (RaftServerImpl.java:start(396)) - 30e50e12-6d1d-42d4-8c2e-250820f84ec0@group-136ED567526F: start as a follower, conf=-1: peers:[30e50e12-6d1d-42d4-8c2e-250820f84ec0|127.0.0.1:15308]|listeners:[], old=null
2024-04-29 09:21:16,117 [30e50e12-6d1d-42d4-8c2e-250820f84ec0-groupManagement] INFO  server.RaftServer$Division (RaftServerImpl.java:setRole(383)) - 30e50e12-6d1d-42d4-8c2e-250820f84ec0@group-136ED567526F: changes role from      null to FOLLOWER at term 0 for startAsFollower
2024-04-29 09:21:16,117 [30e50e12-6d1d-42d4-8c2e-250820f84ec0-groupManagement] INFO  impl.RoleInfo (RoleInfo.java:updateAndGet(139)) - 30e50e12-6d1d-42d4-8c2e-250820f84ec0: start 30e50e12-6d1d-42d4-8c2e-250820f84ec0@group-136ED567526F-FollowerState
2024-04-29 09:21:16,118 [30e50e12-6d1d-42d4-8c2e-250820f84ec0@group-136ED567526F-FollowerState] INFO  server.RaftServerConfigKeys (ConfUtils.java:logFallback(53)) - raft.server.rpc.first-election.timeout.min = 5s (fallback to raft.server.rpc.timeout.min)
2024-04-29 09:21:16,118 [30e50e12-6d1d-42d4-8c2e-250820f84ec0-groupManagement] INFO  util.JmxRegister (JmxRegister.java:tryRegister(44)) - Successfully registered JMX Bean with object name Ratis:service=RaftServer,group=group-136ED567526F,id=30e50e12-6d1d-42d4-8c2e-250820f84ec0
2024-04-29 09:21:16,118 [30e50e12-6d1d-42d4-8c2e-250820f84ec0@group-136ED567526F-FollowerState] INFO  server.RaftServerConfigKeys (ConfUtils.java:logFallback(53)) - raft.server.rpc.first-election.timeout.max = 5200ms (fallback to raft.server.rpc.timeout.max)
2024-04-29 09:21:16,118 [30e50e12-6d1d-42d4-8c2e-250820f84ec0-groupManagement] INFO  server.RaftServerConfigKeys (ConfUtils.java:logGet(46)) - raft.server.snapshot.trigger-when-stop.enabled = true (default)
2024-04-29 09:21:16,118 [30e50e12-6d1d-42d4-8c2e-250820f84ec0-groupManagement] INFO  server.RaftServerConfigKeys (ConfUtils.java:logGet(46)) - raft.server.snapshot.auto.trigger.enabled = true (custom)
2024-04-29 09:21:16,118 [30e50e12-6d1d-42d4-8c2e-250820f84ec0-groupManagement] INFO  server.RaftServerConfigKeys (ConfUtils.java:logGet(46)) - raft.server.snapshot.auto.trigger.threshold = 10000 (custom)
2024-04-29 09:21:16,119 [30e50e12-6d1d-42d4-8c2e-250820f84ec0-groupManagement] INFO  server.RaftServerConfigKeys (ConfUtils.java:logGet(46)) - raft.server.snapshot.retention.file.num = 5 (custom)
2024-04-29 09:21:16,119 [30e50e12-6d1d-42d4-8c2e-250820f84ec0-groupManagement] INFO  server.RaftServerConfigKeys (ConfUtils.java:logGet(46)) - raft.server.log.purge.upto.snapshot.index = false (default)
2024-04-29 09:21:16,119 [30e50e12-6d1d-42d4-8c2e-250820f84ec0-PipelineCommandHandlerThread-0] INFO  ratis.XceiverServerRatis (XceiverServerRatis.java:addGroup(864)) - Created group PipelineID=7b41eeae-149a-424b-8858-136ed567526f
2024-04-29 09:21:16,119 [30e50e12-6d1d-42d4-8c2e-250820f84ec0-PipelineCommandHandlerThread-0] INFO  commandhandler.CreatePipelineCommandHandler (CreatePipelineCommandHandler.java:lambda$handle$2(124)) - Created Pipeline RATIS ONE PipelineID=7b41eeae-149a-424b-8858-136ed567526f.
2024-04-29 09:21:16,119 [30e50e12-6d1d-42d4-8c2e-250820f84ec0-PipelineCommandHandlerThread-0] INFO  server.RaftServer (RaftServerProxy.java:addNew(100)) - 30e50e12-6d1d-42d4-8c2e-250820f84ec0: addNew group-60AD1803F514:[05727db8-df0e-4fba-be48-9a4d471deba7|127.0.0.1:15326, 30e50e12-6d1d-42d4-8c2e-250820f84ec0|127.0.0.1:15308, e86906d1-c919-438b-b5a4-a98dd7588e75|127.0.0.1:15317] returns group-60AD1803F514:java.util.concurrent.CompletableFuture@16e490c2[Not completed]
2024-04-29 09:21:16,120 [30e50e12-6d1d-42d4-8c2e-250820f84ec0-groupManagement] INFO  server.RaftServer$Division (RaftServerImpl.java:<init>(256)) - 30e50e12-6d1d-42d4-8c2e-250820f84ec0: new RaftServerImpl for group-60AD1803F514:[05727db8-df0e-4fba-be48-9a4d471deba7|127.0.0.1:15326, 30e50e12-6d1d-42d4-8c2e-250820f84ec0|127.0.0.1:15308, e86906d1-c919-438b-b5a4-a98dd7588e75|127.0.0.1:15317] with ContainerStateMachine:uninitialized
2024-04-29 09:21:16,120 [30e50e12-6d1d-42d4-8c2e-250820f84ec0-groupManagement] INFO  server.RaftServerConfigKeys (ConfUtils.java:logGet(46)) - raft.server.rpc.timeout.min = 5s (custom)
2024-04-29 09:21:16,120 [30e50e12-6d1d-42d4-8c2e-250820f84ec0-groupManagement] INFO  server.RaftServerConfigKeys (ConfUtils.java:logGet(46)) - raft.server.rpc.timeout.max = 5200ms (custom)
2024-04-29 09:21:16,120 [30e50e12-6d1d-42d4-8c2e-250820f84ec0-groupManagement] INFO  server.RaftServerConfigKeys (ConfUtils.java:logGet(46)) - raft.server.rpc.sleep.time = 25ms (default)
2024-04-29 09:21:16,120 [30e50e12-6d1d-42d4-8c2e-250820f84ec0-groupManagement] INFO  server.RaftServerConfigKeys (ConfUtils.java:logGet(46)) - raft.server.rpc.slowness.timeout = 300000ms (custom)
2024-04-29 09:21:16,120 [30e50e12-6d1d-42d4-8c2e-250820f84ec0-groupManagement] INFO  server.RaftServerConfigKeys (ConfUtils.java:logGet(46)) - raft.server.leaderelection.leader.step-down.wait-time = 10s (default)
2024-04-29 09:21:16,120 [30e50e12-6d1d-42d4-8c2e-250820f84ec0-groupManagement] INFO  server.RaftServerConfigKeys (ConfUtils.java:logGet(46)) - raft.server.leaderelection.member.majority-add = false (default)
2024-04-29 09:21:16,120 [30e50e12-6d1d-42d4-8c2e-250820f84ec0-groupManagement] INFO  server.RaftServerConfigKeys (ConfUtils.java:logGet(46)) - raft.server.sleep.deviation.threshold = 300ms (default)
2024-04-29 09:21:16,121 [30e50e12-6d1d-42d4-8c2e-250820f84ec0-groupManagement] INFO  server.RaftServer$Division (ServerState.java:<init>(113)) - 30e50e12-6d1d-42d4-8c2e-250820f84ec0@group-60AD1803F514: ConfigurationManager, init=-1: peers:[05727db8-df0e-4fba-be48-9a4d471deba7|127.0.0.1:15326, 30e50e12-6d1d-42d4-8c2e-250820f84ec0|127.0.0.1:15308, e86906d1-c919-438b-b5a4-a98dd7588e75|127.0.0.1:15317]|listeners:[], old=null, confs=<EMPTY_MAP>
2024-04-29 09:21:16,121 [30e50e12-6d1d-42d4-8c2e-250820f84ec0-groupManagement] INFO  server.RaftServerConfigKeys (ConfUtils.java:logGet(46)) - raft.server.notification.no-leader.timeout = 300000ms (custom)
2024-04-29 09:21:16,121 [30e50e12-6d1d-42d4-8c2e-250820f84ec0-groupManagement] INFO  server.RaftServerConfigKeys (ConfUtils.java:logGet(46)) - raft.server.read.timeout = 10s (default)
2024-04-29 09:21:16,121 [30e50e12-6d1d-42d4-8c2e-250820f84ec0-groupManagement] INFO  server.RaftServerConfigKeys (ConfUtils.java:logGet(46)) - raft.server.retrycache.expirytime = 600000ms (custom)
2024-04-29 09:21:16,121 [30e50e12-6d1d-42d4-8c2e-250820f84ec0-groupManagement] INFO  server.RaftServerConfigKeys (ConfUtils.java:logGet(46)) - raft.server.retrycache.statistics.expirytime = 100ms (default)
2024-04-29 09:21:16,121 [30e50e12-6d1d-42d4-8c2e-250820f84ec0-groupManagement] INFO  server.RaftServerConfigKeys (ConfUtils.java:logGet(46)) - raft.server.read.option = DEFAULT (default)
2024-04-29 09:21:16,121 [30e50e12-6d1d-42d4-8c2e-250820f84ec0-groupManagement] INFO  server.RaftServerConfigKeys (ConfUtils.java:logGet(46)) - raft.server.read.read-after-write-consistent.write-index-cache.expiry-time = 60s (default)
2024-04-29 09:21:16,123 [30e50e12-6d1d-42d4-8c2e-250820f84ec0-groupManagement] INFO  server.RaftServerConfigKeys (ConfUtils.java:logGet(46)) - raft.server.rpc.request.timeout = 3000ms (default)
2024-04-29 09:21:16,123 [30e50e12-6d1d-42d4-8c2e-250820f84ec0-groupManagement] INFO  server.RaftServerConfigKeys (ConfUtils.java:logGet(46)) - raft.server.log.appender.install.snapshot.enabled = false (custom)
2024-04-29 09:21:16,123 [30e50e12-6d1d-42d4-8c2e-250820f84ec0-groupManagement] INFO  server.RaftServerConfigKeys (ConfUtils.java:logGet(46)) - raft.server.threadpool.server.cached = true (default)
2024-04-29 09:21:16,123 [30e50e12-6d1d-42d4-8c2e-250820f84ec0-groupManagement] INFO  server.RaftServerConfigKeys (ConfUtils.java:logGet(46)) - raft.server.threadpool.server.size = 0 (default)
2024-04-29 09:21:16,123 [30e50e12-6d1d-42d4-8c2e-250820f84ec0-groupManagement] INFO  server.RaftServerConfigKeys (ConfUtils.java:logGet(46)) - raft.server.threadpool.client.cached = true (default)
2024-04-29 09:21:16,123 [30e50e12-6d1d-42d4-8c2e-250820f84ec0-groupManagement] INFO  server.RaftServerConfigKeys (ConfUtils.java:logGet(46)) - raft.server.threadpool.client.size = 0 (default)
2024-04-29 09:21:16,123 [30e50e12-6d1d-42d4-8c2e-250820f84ec0-groupManagement] INFO  server.RaftServerConfigKeys (ConfUtils.java:logGet(46)) - raft.server.storage.free-space.min = 0MB (=0) (default)
2024-04-29 09:21:16,123 [30e50e12-6d1d-42d4-8c2e-250820f84ec0-groupManagement] INFO  server.RaftServerConfigKeys (ConfUtils.java:logGet(46)) - raft.server.log.corruption.policy = EXCEPTION (default)
2024-04-29 09:21:16,123 [30e50e12-6d1d-42d4-8c2e-250820f84ec0-groupManagement] INFO  server.RaftServerConfigKeys (ConfUtils.java:logGet(46)) - raft.server.storage.dir = [/home/runner/work/ozone/ozone/hadoop-ozone/integration-test/target/test-dir/MiniOzoneClusterImpl-5c564e69-bd94-47d8-8ed3-49bff913e719/ozone-meta/datanode-4/ratis] (custom)
2024-04-29 09:21:16,123 [30e50e12-6d1d-42d4-8c2e-250820f84ec0-groupManagement] INFO  storage.RaftStorageDirectory (RaftStorageDirectoryImpl.java:analyzeStorage(138)) - The storage directory /home/runner/work/ozone/ozone/hadoop-ozone/integration-test/target/test-dir/MiniOzoneClusterImpl-5c564e69-bd94-47d8-8ed3-49bff913e719/ozone-meta/datanode-4/ratis/382001ac-af6f-4fb5-8851-60ad1803f514 does not exist. Creating ...
2024-04-29 09:21:16,124 [30e50e12-6d1d-42d4-8c2e-250820f84ec0-groupManagement] INFO  storage.RaftStorageDirectory (RaftStorageDirectoryImpl.java:tryLock(228)) - Lock on /home/runner/work/ozone/ozone/hadoop-ozone/integration-test/target/test-dir/MiniOzoneClusterImpl-5c564e69-bd94-47d8-8ed3-49bff913e719/ozone-meta/datanode-4/ratis/382001ac-af6f-4fb5-8851-60ad1803f514/in_use.lock acquired by nodename 21350@fv-az771-493
2024-04-29 09:21:16,125 [30e50e12-6d1d-42d4-8c2e-250820f84ec0-groupManagement] INFO  storage.RaftStorage (RaftStorageImpl.java:format(99)) - Storage directory /home/runner/work/ozone/ozone/hadoop-ozone/integration-test/target/test-dir/MiniOzoneClusterImpl-5c564e69-bd94-47d8-8ed3-49bff913e719/ozone-meta/datanode-4/ratis/382001ac-af6f-4fb5-8851-60ad1803f514 has been successfully formatted.
2024-04-29 09:21:16,125 [30e50e12-6d1d-42d4-8c2e-250820f84ec0-groupManagement] WARN  util.FileUtils (LogUtils.java:supplyAndLog(63)) - Failed to Files.newInputStream /home/runner/work/ozone/ozone/hadoop-ozone/integration-test/target/test-dir/MiniOzoneClusterImpl-5c564e69-bd94-47d8-8ed3-49bff913e719/ozone-meta/datanode-4/ratis/382001ac-af6f-4fb5-8851-60ad1803f514/current/raft-meta.conf with options []: java.nio.file.NoSuchFileException: /home/runner/work/ozone/ozone/hadoop-ozone/integration-test/target/test-dir/MiniOzoneClusterImpl-5c564e69-bd94-47d8-8ed3-49bff913e719/ozone-meta/datanode-4/ratis/382001ac-af6f-4fb5-8851-60ad1803f514/current/raft-meta.conf
2024-04-29 09:21:16,125 [30e50e12-6d1d-42d4-8c2e-250820f84ec0-groupManagement] INFO  ratis.ContainerStateMachine (ContainerStateMachine.java:loadSnapshot(287)) - group-60AD1803F514: The snapshot info is null. Setting the last applied index to:(t:0, i:~)
2024-04-29 09:21:16,125 [30e50e12-6d1d-42d4-8c2e-250820f84ec0-groupManagement] INFO  server.RaftServerConfigKeys (ConfUtils.java:logGet(46)) - raft.server.log.use.memory = false (default)
2024-04-29 09:21:16,125 [30e50e12-6d1d-42d4-8c2e-250820f84ec0-groupManagement] INFO  server.RaftServerConfigKeys (ConfUtils.java:logGet(46)) - raft.server.log.purge.gap = 1000000 (custom)
2024-04-29 09:21:16,125 [30e50e12-6d1d-42d4-8c2e-250820f84ec0-groupManagement] INFO  server.RaftServerConfigKeys (ConfUtils.java:logGet(46)) - raft.server.log.appender.buffer.byte-limit = 8388608 (custom)
2024-04-29 09:21:16,125 [30e50e12-6d1d-42d4-8c2e-250820f84ec0-groupManagement] INFO  server.RaftServerConfigKeys (ConfUtils.java:logGet(46)) - raft.server.log.statemachine.data.read.timeout = 1000ms (default)
2024-04-29 09:21:16,126 [30e50e12-6d1d-42d4-8c2e-250820f84ec0-groupManagement] INFO  server.RaftServerConfigKeys (ConfUtils.java:logGet(46)) - raft.server.log.purge.preservation.log.num = 0 (default)
2024-04-29 09:21:16,126 [EventQueue-OpenPipelineForHealthyPipelineSafeModeRule] INFO  safemode.SCMSafeModeManager (HealthyPipelineSafeModeRule.java:process(140)) - SCM in safe mode. Healthy pipelines reported count is 0, required healthy pipeline reported count is 1
2024-04-29 09:21:16,127 [30e50e12-6d1d-42d4-8c2e-250820f84ec0-groupManagement] INFO  server.RaftServerConfigKeys (ConfUtils.java:logGet(46)) - raft.server.log.segment.size.max = 67108864 (custom)
2024-04-29 09:21:16,128 [30e50e12-6d1d-42d4-8c2e-250820f84ec0-groupManagement] INFO  server.RaftServerConfigKeys (ConfUtils.java:logGet(46)) - raft.server.log.segment.cache.num.max = 2 (custom)
2024-04-29 09:21:16,128 [30e50e12-6d1d-42d4-8c2e-250820f84ec0-groupManagement] INFO  server.RaftServerConfigKeys (ConfUtils.java:logGet(46)) - raft.server.log.segment.cache.size.max = 200MB (=209715200) (default)
2024-04-29 09:21:16,128 [30e50e12-6d1d-42d4-8c2e-250820f84ec0-groupManagement] INFO  server.RaftServerConfigKeys (ConfUtils.java:logGet(46)) - raft.server.log.appender.buffer.byte-limit = 8388608 (custom)
2024-04-29 09:21:16,128 [30e50e12-6d1d-42d4-8c2e-250820f84ec0-groupManagement] INFO  util.AwaitToRun (AwaitToRun.java:start(81)) - Thread[30e50e12-6d1d-42d4-8c2e-250820f84ec0@group-60AD1803F514-cacheEviction-AwaitToRun,5,main] started
2024-04-29 09:21:16,128 [30e50e12-6d1d-42d4-8c2e-250820f84ec0-groupManagement] INFO  segmented.SegmentedRaftLogWorker (SegmentedRaftLogWorker.java:<init>(182)) - new 30e50e12-6d1d-42d4-8c2e-250820f84ec0@group-60AD1803F514-SegmentedRaftLogWorker for RaftStorageImpl:Storage Directory /home/runner/work/ozone/ozone/hadoop-ozone/integration-test/target/test-dir/MiniOzoneClusterImpl-5c564e69-bd94-47d8-8ed3-49bff913e719/ozone-meta/datanode-4/ratis/382001ac-af6f-4fb5-8851-60ad1803f514
2024-04-29 09:21:16,128 [30e50e12-6d1d-42d4-8c2e-250820f84ec0-groupManagement] INFO  server.RaftServerConfigKeys (ConfUtils.java:logGet(46)) - raft.server.log.queue.byte-limit = 4294967296 (custom)
2024-04-29 09:21:16,128 [30e50e12-6d1d-42d4-8c2e-250820f84ec0-groupManagement] INFO  server.RaftServerConfigKeys (ConfUtils.java:logGet(46)) - raft.server.log.queue.element-limit = 1024 (custom)
2024-04-29 09:21:16,128 [30e50e12-6d1d-42d4-8c2e-250820f84ec0-groupManagement] INFO  server.RaftServerConfigKeys (ConfUtils.java:logGet(46)) - raft.server.log.segment.size.max = 67108864 (custom)
2024-04-29 09:21:16,128 [30e50e12-6d1d-42d4-8c2e-250820f84ec0-groupManagement] INFO  server.RaftServerConfigKeys (ConfUtils.java:logGet(46)) - raft.server.log.preallocated.size = 4194304 (custom)
2024-04-29 09:21:16,128 [30e50e12-6d1d-42d4-8c2e-250820f84ec0-groupManagement] INFO  server.RaftServerConfigKeys (ConfUtils.java:logGet(46)) - raft.server.log.force.sync.num = 128 (default)
2024-04-29 09:21:16,128 [30e50e12-6d1d-42d4-8c2e-250820f84ec0-groupManagement] INFO  server.RaftServerConfigKeys (ConfUtils.java:logGet(46)) - raft.server.log.statemachine.data.sync = true (default)
2024-04-29 09:21:16,128 [30e50e12-6d1d-42d4-8c2e-250820f84ec0-groupManagement] INFO  server.RaftServerConfigKeys (ConfUtils.java:logGet(46)) - raft.server.log.statemachine.data.sync.timeout = 10s (default)
2024-04-29 09:21:16,128 [30e50e12-6d1d-42d4-8c2e-250820f84ec0-groupManagement] INFO  server.RaftServerConfigKeys (ConfUtils.java:logGet(46)) - raft.server.log.statemachine.data.sync.timeout.retry = 30 (custom)
2024-04-29 09:21:16,129 [30e50e12-6d1d-42d4-8c2e-250820f84ec0-groupManagement] INFO  server.RaftServerConfigKeys (ConfUtils.java:logGet(46)) - raft.server.log.write.buffer.size = 8388616 (custom)
2024-04-29 09:21:16,130 [30e50e12-6d1d-42d4-8c2e-250820f84ec0-groupManagement] INFO  server.RaftServerConfigKeys (ConfUtils.java:logGet(46)) - raft.server.log.appender.buffer.byte-limit = 8388608 (custom)
2024-04-29 09:21:16,130 [30e50e12-6d1d-42d4-8c2e-250820f84ec0-groupManagement] INFO  server.RaftServerConfigKeys (ConfUtils.java:logGet(46)) - raft.server.log.unsafe-flush.enabled = false (default)
2024-04-29 09:21:16,130 [30e50e12-6d1d-42d4-8c2e-250820f84ec0-groupManagement] INFO  server.RaftServerConfigKeys (ConfUtils.java:logGet(46)) - raft.server.log.async-flush.enabled = false (default)
2024-04-29 09:21:16,130 [30e50e12-6d1d-42d4-8c2e-250820f84ec0-groupManagement] INFO  server.RaftServerConfigKeys (ConfUtils.java:logGet(46)) - raft.server.log.statemachine.data.caching.enabled = true (custom)
2024-04-29 09:21:16,131 [30e50e12-6d1d-42d4-8c2e-250820f84ec0-groupManagement] INFO  segmented.SegmentedRaftLogWorker (SegmentedRaftLogWorker.java:lambda$new$0(134)) - 30e50e12-6d1d-42d4-8c2e-250820f84ec0@group-60AD1803F514-SegmentedRaftLogWorker: flushIndex: setUnconditionally 0 -> -1
2024-04-29 09:21:16,131 [30e50e12-6d1d-42d4-8c2e-250820f84ec0-groupManagement] INFO  segmented.SegmentedRaftLogWorker (SegmentedRaftLogWorker.java:lambda$new$0(134)) - 30e50e12-6d1d-42d4-8c2e-250820f84ec0@group-60AD1803F514-SegmentedRaftLogWorker: safeCacheEvictIndex: setUnconditionally 0 -> -1
2024-04-29 09:21:16,131 [30e50e12-6d1d-42d4-8c2e-250820f84ec0-groupManagement] INFO  server.RaftServer$Division (RaftServerImpl.java:start(396)) - 30e50e12-6d1d-42d4-8c2e-250820f84ec0@group-60AD1803F514: start as a follower, conf=-1: peers:[05727db8-df0e-4fba-be48-9a4d471deba7|127.0.0.1:15326, 30e50e12-6d1d-42d4-8c2e-250820f84ec0|127.0.0.1:15308, e86906d1-c919-438b-b5a4-a98dd7588e75|127.0.0.1:15317]|listeners:[], old=null
2024-04-29 09:21:16,131 [30e50e12-6d1d-42d4-8c2e-250820f84ec0-groupManagement] INFO  server.RaftServer$Division (RaftServerImpl.java:setRole(383)) - 30e50e12-6d1d-42d4-8c2e-250820f84ec0@group-60AD1803F514: changes role from      null to FOLLOWER at term 0 for startAsFollower
2024-04-29 09:21:16,131 [30e50e12-6d1d-42d4-8c2e-250820f84ec0-groupManagement] INFO  impl.RoleInfo (RoleInfo.java:updateAndGet(139)) - 30e50e12-6d1d-42d4-8c2e-250820f84ec0: start 30e50e12-6d1d-42d4-8c2e-250820f84ec0@group-60AD1803F514-FollowerState
2024-04-29 09:21:16,131 [30e50e12-6d1d-42d4-8c2e-250820f84ec0-groupManagement] INFO  util.JmxRegister (JmxRegister.java:tryRegister(44)) - Successfully registered JMX Bean with object name Ratis:service=RaftServer,group=group-60AD1803F514,id=30e50e12-6d1d-42d4-8c2e-250820f84ec0
2024-04-29 09:21:16,131 [30e50e12-6d1d-42d4-8c2e-250820f84ec0@group-60AD1803F514-FollowerState] INFO  server.RaftServerConfigKeys (ConfUtils.java:logFallback(53)) - raft.server.rpc.first-election.timeout.min = 5s (fallback to raft.server.rpc.timeout.min)
2024-04-29 09:21:16,132 [30e50e12-6d1d-42d4-8c2e-250820f84ec0-groupManagement] INFO  server.RaftServerConfigKeys (ConfUtils.java:logGet(46)) - raft.server.snapshot.trigger-when-stop.enabled = true (default)
2024-04-29 09:21:16,132 [30e50e12-6d1d-42d4-8c2e-250820f84ec0@group-60AD1803F514-FollowerState] INFO  server.RaftServerConfigKeys (ConfUtils.java:logFallback(53)) - raft.server.rpc.first-election.timeout.max = 5200ms (fallback to raft.server.rpc.timeout.max)
2024-04-29 09:21:16,132 [30e50e12-6d1d-42d4-8c2e-250820f84ec0-groupManagement] INFO  server.RaftServerConfigKeys (ConfUtils.java:logGet(46)) - raft.server.snapshot.auto.trigger.enabled = true (custom)
2024-04-29 09:21:16,132 [30e50e12-6d1d-42d4-8c2e-250820f84ec0-groupManagement] INFO  server.RaftServerConfigKeys (ConfUtils.java:logGet(46)) - raft.server.snapshot.auto.trigger.threshold = 10000 (custom)
2024-04-29 09:21:16,132 [30e50e12-6d1d-42d4-8c2e-250820f84ec0-groupManagement] INFO  server.RaftServerConfigKeys (ConfUtils.java:logGet(46)) - raft.server.snapshot.retention.file.num = 5 (custom)
2024-04-29 09:21:16,132 [30e50e12-6d1d-42d4-8c2e-250820f84ec0-groupManagement] INFO  server.RaftServerConfigKeys (ConfUtils.java:logGet(46)) - raft.server.log.purge.upto.snapshot.index = false (default)
2024-04-29 09:21:16,133 [30e50e12-6d1d-42d4-8c2e-250820f84ec0-PipelineCommandHandlerThread-0] INFO  ratis.XceiverServerRatis (XceiverServerRatis.java:addGroup(864)) - Created group PipelineID=382001ac-af6f-4fb5-8851-60ad1803f514
2024-04-29 09:21:16,137 [grpc-default-executor-0] INFO  server.RaftServer (RaftServerProxy.java:addNew(100)) - e86906d1-c919-438b-b5a4-a98dd7588e75: addNew group-60AD1803F514:[05727db8-df0e-4fba-be48-9a4d471deba7|127.0.0.1:15326, 30e50e12-6d1d-42d4-8c2e-250820f84ec0|127.0.0.1:15308, e86906d1-c919-438b-b5a4-a98dd7588e75|127.0.0.1:15317] returns group-60AD1803F514:java.util.concurrent.CompletableFuture@109f6870[Not completed]
2024-04-29 09:21:16,138 [e86906d1-c919-438b-b5a4-a98dd7588e75-groupManagement] INFO  server.RaftServer$Division (RaftServerImpl.java:<init>(256)) - e86906d1-c919-438b-b5a4-a98dd7588e75: new RaftServerImpl for group-60AD1803F514:[05727db8-df0e-4fba-be48-9a4d471deba7|127.0.0.1:15326, 30e50e12-6d1d-42d4-8c2e-250820f84ec0|127.0.0.1:15308, e86906d1-c919-438b-b5a4-a98dd7588e75|127.0.0.1:15317] with ContainerStateMachine:uninitialized
2024-04-29 09:21:16,138 [e86906d1-c919-438b-b5a4-a98dd7588e75-groupManagement] INFO  server.RaftServerConfigKeys (ConfUtils.java:logGet(46)) - raft.server.rpc.timeout.min = 5s (custom)
2024-04-29 09:21:16,138 [e86906d1-c919-438b-b5a4-a98dd7588e75-groupManagement] INFO  server.RaftServerConfigKeys (ConfUtils.java:logGet(46)) - raft.server.rpc.timeout.max = 5200ms (custom)
2024-04-29 09:21:16,138 [e86906d1-c919-438b-b5a4-a98dd7588e75-groupManagement] INFO  server.RaftServerConfigKeys (ConfUtils.java:logGet(46)) - raft.server.rpc.sleep.time = 25ms (default)
2024-04-29 09:21:16,138 [e86906d1-c919-438b-b5a4-a98dd7588e75-groupManagement] INFO  server.RaftServerConfigKeys (ConfUtils.java:logGet(46)) - raft.server.rpc.slowness.timeout = 300000ms (custom)
2024-04-29 09:21:16,138 [e86906d1-c919-438b-b5a4-a98dd7588e75-groupManagement] INFO  server.RaftServerConfigKeys (ConfUtils.java:logGet(46)) - raft.server.leaderelection.leader.step-down.wait-time = 10s (default)
2024-04-29 09:21:16,138 [e86906d1-c919-438b-b5a4-a98dd7588e75-groupManagement] INFO  server.RaftServerConfigKeys (ConfUtils.java:logGet(46)) - raft.server.leaderelection.member.majority-add = false (default)
2024-04-29 09:21:16,138 [e86906d1-c919-438b-b5a4-a98dd7588e75-groupManagement] INFO  server.RaftServerConfigKeys (ConfUtils.java:logGet(46)) - raft.server.sleep.deviation.threshold = 300ms (default)
2024-04-29 09:21:16,138 [e86906d1-c919-438b-b5a4-a98dd7588e75-groupManagement] INFO  server.RaftServer$Division (ServerState.java:<init>(113)) - e86906d1-c919-438b-b5a4-a98dd7588e75@group-60AD1803F514: ConfigurationManager, init=-1: peers:[05727db8-df0e-4fba-be48-9a4d471deba7|127.0.0.1:15326, 30e50e12-6d1d-42d4-8c2e-250820f84ec0|127.0.0.1:15308, e86906d1-c919-438b-b5a4-a98dd7588e75|127.0.0.1:15317]|listeners:[], old=null, confs=<EMPTY_MAP>
2024-04-29 09:21:16,139 [e86906d1-c919-438b-b5a4-a98dd7588e75-groupManagement] INFO  server.RaftServerConfigKeys (ConfUtils.java:logGet(46)) - raft.server.notification.no-leader.timeout = 300000ms (custom)
2024-04-29 09:21:16,139 [e86906d1-c919-438b-b5a4-a98dd7588e75-groupManagement] INFO  server.RaftServerConfigKeys (ConfUtils.java:logGet(46)) - raft.server.read.timeout = 10s (default)
2024-04-29 09:21:16,139 [e86906d1-c919-438b-b5a4-a98dd7588e75-groupManagement] INFO  server.RaftServerConfigKeys (ConfUtils.java:logGet(46)) - raft.server.retrycache.expirytime = 600000ms (custom)
2024-04-29 09:21:16,139 [e86906d1-c919-438b-b5a4-a98dd7588e75-groupManagement] INFO  server.RaftServerConfigKeys (ConfUtils.java:logGet(46)) - raft.server.retrycache.statistics.expirytime = 100ms (default)
2024-04-29 09:21:16,139 [e86906d1-c919-438b-b5a4-a98dd7588e75-groupManagement] INFO  server.RaftServerConfigKeys (ConfUtils.java:logGet(46)) - raft.server.read.option = DEFAULT (default)
2024-04-29 09:21:16,139 [e86906d1-c919-438b-b5a4-a98dd7588e75-groupManagement] INFO  server.RaftServerConfigKeys (ConfUtils.java:logGet(46)) - raft.server.read.read-after-write-consistent.write-index-cache.expiry-time = 60s (default)
2024-04-29 09:21:16,141 [e86906d1-c919-438b-b5a4-a98dd7588e75-groupManagement] INFO  server.RaftServerConfigKeys (ConfUtils.java:logGet(46)) - raft.server.rpc.request.timeout = 3000ms (default)
2024-04-29 09:21:16,141 [e86906d1-c919-438b-b5a4-a98dd7588e75-groupManagement] INFO  server.RaftServerConfigKeys (ConfUtils.java:logGet(46)) - raft.server.log.appender.install.snapshot.enabled = false (custom)
2024-04-29 09:21:16,141 [e86906d1-c919-438b-b5a4-a98dd7588e75-groupManagement] INFO  server.RaftServerConfigKeys (ConfUtils.java:logGet(46)) - raft.server.threadpool.server.cached = true (default)
2024-04-29 09:21:16,142 [e86906d1-c919-438b-b5a4-a98dd7588e75-groupManagement] INFO  server.RaftServerConfigKeys (ConfUtils.java:logGet(46)) - raft.server.threadpool.server.size = 0 (default)
2024-04-29 09:21:16,142 [e86906d1-c919-438b-b5a4-a98dd7588e75-groupManagement] INFO  server.RaftServerConfigKeys (ConfUtils.java:logGet(46)) - raft.server.threadpool.client.cached = true (default)
2024-04-29 09:21:16,142 [e86906d1-c919-438b-b5a4-a98dd7588e75-groupManagement] INFO  server.RaftServerConfigKeys (ConfUtils.java:logGet(46)) - raft.server.threadpool.client.size = 0 (default)
2024-04-29 09:21:16,142 [e86906d1-c919-438b-b5a4-a98dd7588e75-groupManagement] INFO  server.RaftServerConfigKeys (ConfUtils.java:logGet(46)) - raft.server.storage.free-space.min = 0MB (=0) (default)
2024-04-29 09:21:16,142 [e86906d1-c919-438b-b5a4-a98dd7588e75-groupManagement] INFO  server.RaftServerConfigKeys (ConfUtils.java:logGet(46)) - raft.server.log.corruption.policy = EXCEPTION (default)
2024-04-29 09:21:16,142 [e86906d1-c919-438b-b5a4-a98dd7588e75-groupManagement] INFO  server.RaftServerConfigKeys (ConfUtils.java:logGet(46)) - raft.server.storage.dir = [/home/runner/work/ozone/ozone/hadoop-ozone/integration-test/target/test-dir/MiniOzoneClusterImpl-5c564e69-bd94-47d8-8ed3-49bff913e719/ozone-meta/datanode-5/ratis] (custom)
2024-04-29 09:21:16,142 [e86906d1-c919-438b-b5a4-a98dd7588e75-groupManagement] INFO  storage.RaftStorageDirectory (RaftStorageDirectoryImpl.java:analyzeStorage(138)) - The storage directory /home/runner/work/ozone/ozone/hadoop-ozone/integration-test/target/test-dir/MiniOzoneClusterImpl-5c564e69-bd94-47d8-8ed3-49bff913e719/ozone-meta/datanode-5/ratis/382001ac-af6f-4fb5-8851-60ad1803f514 does not exist. Creating ...
2024-04-29 09:21:16,143 [e86906d1-c919-438b-b5a4-a98dd7588e75-groupManagement] INFO  storage.RaftStorageDirectory (RaftStorageDirectoryImpl.java:tryLock(228)) - Lock on /home/runner/work/ozone/ozone/hadoop-ozone/integration-test/target/test-dir/MiniOzoneClusterImpl-5c564e69-bd94-47d8-8ed3-49bff913e719/ozone-meta/datanode-5/ratis/382001ac-af6f-4fb5-8851-60ad1803f514/in_use.lock acquired by nodename 21350@fv-az771-493
2024-04-29 09:21:16,144 [e86906d1-c919-438b-b5a4-a98dd7588e75-groupManagement] INFO  storage.RaftStorage (RaftStorageImpl.java:format(99)) - Storage directory /home/runner/work/ozone/ozone/hadoop-ozone/integration-test/target/test-dir/MiniOzoneClusterImpl-5c564e69-bd94-47d8-8ed3-49bff913e719/ozone-meta/datanode-5/ratis/382001ac-af6f-4fb5-8851-60ad1803f514 has been successfully formatted.
2024-04-29 09:21:16,144 [e86906d1-c919-438b-b5a4-a98dd7588e75-groupManagement] WARN  util.FileUtils (LogUtils.java:supplyAndLog(63)) - Failed to Files.newInputStream /home/runner/work/ozone/ozone/hadoop-ozone/integration-test/target/test-dir/MiniOzoneClusterImpl-5c564e69-bd94-47d8-8ed3-49bff913e719/ozone-meta/datanode-5/ratis/382001ac-af6f-4fb5-8851-60ad1803f514/current/raft-meta.conf with options []: java.nio.file.NoSuchFileException: /home/runner/work/ozone/ozone/hadoop-ozone/integration-test/target/test-dir/MiniOzoneClusterImpl-5c564e69-bd94-47d8-8ed3-49bff913e719/ozone-meta/datanode-5/ratis/382001ac-af6f-4fb5-8851-60ad1803f514/current/raft-meta.conf
2024-04-29 09:21:16,144 [e86906d1-c919-438b-b5a4-a98dd7588e75-groupManagement] INFO  ratis.ContainerStateMachine (ContainerStateMachine.java:loadSnapshot(287)) - group-60AD1803F514: The snapshot info is null. Setting the last applied index to:(t:0, i:~)
2024-04-29 09:21:16,144 [e86906d1-c919-438b-b5a4-a98dd7588e75-groupManagement] INFO  server.RaftServerConfigKeys (ConfUtils.java:logGet(46)) - raft.server.log.use.memory = false (default)
2024-04-29 09:21:16,145 [e86906d1-c919-438b-b5a4-a98dd7588e75-groupManagement] INFO  server.RaftServerConfigKeys (ConfUtils.java:logGet(46)) - raft.server.log.purge.gap = 1000000 (custom)
2024-04-29 09:21:16,145 [e86906d1-c919-438b-b5a4-a98dd7588e75-groupManagement] INFO  server.RaftServerConfigKeys (ConfUtils.java:logGet(46)) - raft.server.log.appender.buffer.byte-limit = 8388608 (custom)
2024-04-29 09:21:16,145 [e86906d1-c919-438b-b5a4-a98dd7588e75-groupManagement] INFO  server.RaftServerConfigKeys (ConfUtils.java:logGet(46)) - raft.server.log.statemachine.data.read.timeout = 1000ms (default)
2024-04-29 09:21:16,145 [e86906d1-c919-438b-b5a4-a98dd7588e75-groupManagement] INFO  server.RaftServerConfigKeys (ConfUtils.java:logGet(46)) - raft.server.log.purge.preservation.log.num = 0 (default)
2024-04-29 09:21:16,146 [e86906d1-c919-438b-b5a4-a98dd7588e75-groupManagement] INFO  server.RaftServerConfigKeys (ConfUtils.java:logGet(46)) - raft.server.log.segment.size.max = 67108864 (custom)
2024-04-29 09:21:16,146 [e86906d1-c919-438b-b5a4-a98dd7588e75-groupManagement] INFO  server.RaftServerConfigKeys (ConfUtils.java:logGet(46)) - raft.server.log.segment.cache.num.max = 2 (custom)
2024-04-29 09:21:16,146 [e86906d1-c919-438b-b5a4-a98dd7588e75-groupManagement] INFO  server.RaftServerConfigKeys (ConfUtils.java:logGet(46)) - raft.server.log.segment.cache.size.max = 200MB (=209715200) (default)
2024-04-29 09:21:16,147 [e86906d1-c919-438b-b5a4-a98dd7588e75-groupManagement] INFO  server.RaftServerConfigKeys (ConfUtils.java:logGet(46)) - raft.server.log.appender.buffer.byte-limit = 8388608 (custom)
2024-04-29 09:21:16,147 [e86906d1-c919-438b-b5a4-a98dd7588e75-groupManagement] INFO  util.AwaitToRun (AwaitToRun.java:start(81)) - Thread[e86906d1-c919-438b-b5a4-a98dd7588e75@group-60AD1803F514-cacheEviction-AwaitToRun,5,main] started
2024-04-29 09:21:16,147 [e86906d1-c919-438b-b5a4-a98dd7588e75-groupManagement] INFO  segmented.SegmentedRaftLogWorker (SegmentedRaftLogWorker.java:<init>(182)) - new e86906d1-c919-438b-b5a4-a98dd7588e75@group-60AD1803F514-SegmentedRaftLogWorker for RaftStorageImpl:Storage Directory /home/runner/work/ozone/ozone/hadoop-ozone/integration-test/target/test-dir/MiniOzoneClusterImpl-5c564e69-bd94-47d8-8ed3-49bff913e719/ozone-meta/datanode-5/ratis/382001ac-af6f-4fb5-8851-60ad1803f514
2024-04-29 09:21:16,147 [e86906d1-c919-438b-b5a4-a98dd7588e75-groupManagement] INFO  server.RaftServerConfigKeys (ConfUtils.java:logGet(46)) - raft.server.log.queue.byte-limit = 4294967296 (custom)
2024-04-29 09:21:16,147 [e86906d1-c919-438b-b5a4-a98dd7588e75-groupManagement] INFO  server.RaftServerConfigKeys (ConfUtils.java:logGet(46)) - raft.server.log.queue.element-limit = 1024 (custom)
2024-04-29 09:21:16,147 [e86906d1-c919-438b-b5a4-a98dd7588e75-groupManagement] INFO  server.RaftServerConfigKeys (ConfUtils.java:logGet(46)) - raft.server.log.segment.size.max = 67108864 (custom)
2024-04-29 09:21:16,147 [e86906d1-c919-438b-b5a4-a98dd7588e75-groupManagement] INFO  server.RaftServerConfigKeys (ConfUtils.java:logGet(46)) - raft.server.log.preallocated.size = 4194304 (custom)
2024-04-29 09:21:16,147 [e86906d1-c919-438b-b5a4-a98dd7588e75-groupManagement] INFO  server.RaftServerConfigKeys (ConfUtils.java:logGet(46)) - raft.server.log.force.sync.num = 128 (default)
2024-04-29 09:21:16,147 [e86906d1-c919-438b-b5a4-a98dd7588e75-groupManagement] INFO  server.RaftServerConfigKeys (ConfUtils.java:logGet(46)) - raft.server.log.statemachine.data.sync = true (default)
2024-04-29 09:21:16,147 [e86906d1-c919-438b-b5a4-a98dd7588e75-groupManagement] INFO  server.RaftServerConfigKeys (ConfUtils.java:logGet(46)) - raft.server.log.statemachine.data.sync.timeout = 10s (default)
2024-04-29 09:21:16,147 [e86906d1-c919-438b-b5a4-a98dd7588e75-groupManagement] INFO  server.RaftServerConfigKeys (ConfUtils.java:logGet(46)) - raft.server.log.statemachine.data.sync.timeout.retry = 30 (custom)
2024-04-29 09:21:16,147 [e86906d1-c919-438b-b5a4-a98dd7588e75-groupManagement] INFO  server.RaftServerConfigKeys (ConfUtils.java:logGet(46)) - raft.server.log.write.buffer.size = 8388616 (custom)
2024-04-29 09:21:16,149 [e86906d1-c919-438b-b5a4-a98dd7588e75-groupManagement] INFO  server.RaftServerConfigKeys (ConfUtils.java:logGet(46)) - raft.server.log.appender.buffer.byte-limit = 8388608 (custom)
2024-04-29 09:21:16,149 [e86906d1-c919-438b-b5a4-a98dd7588e75-groupManagement] INFO  server.RaftServerConfigKeys (ConfUtils.java:logGet(46)) - raft.server.log.unsafe-flush.enabled = false (default)
2024-04-29 09:21:16,149 [e86906d1-c919-438b-b5a4-a98dd7588e75-groupManagement] INFO  server.RaftServerConfigKeys (ConfUtils.java:logGet(46)) - raft.server.log.async-flush.enabled = false (default)
2024-04-29 09:21:16,149 [e86906d1-c919-438b-b5a4-a98dd7588e75-groupManagement] INFO  server.RaftServerConfigKeys (ConfUtils.java:logGet(46)) - raft.server.log.statemachine.data.caching.enabled = true (custom)
2024-04-29 09:21:16,149 [e86906d1-c919-438b-b5a4-a98dd7588e75-groupManagement] INFO  segmented.SegmentedRaftLogWorker (SegmentedRaftLogWorker.java:lambda$new$0(134)) - e86906d1-c919-438b-b5a4-a98dd7588e75@group-60AD1803F514-SegmentedRaftLogWorker: flushIndex: setUnconditionally 0 -> -1
2024-04-29 09:21:16,149 [e86906d1-c919-438b-b5a4-a98dd7588e75-groupManagement] INFO  segmented.SegmentedRaftLogWorker (SegmentedRaftLogWorker.java:lambda$new$0(134)) - e86906d1-c919-438b-b5a4-a98dd7588e75@group-60AD1803F514-SegmentedRaftLogWorker: safeCacheEvictIndex: setUnconditionally 0 -> -1
2024-04-29 09:21:16,150 [e86906d1-c919-438b-b5a4-a98dd7588e75-groupManagement] INFO  server.RaftServer$Division (RaftServerImpl.java:start(396)) - e86906d1-c919-438b-b5a4-a98dd7588e75@group-60AD1803F514: start as a follower, conf=-1: peers:[05727db8-df0e-4fba-be48-9a4d471deba7|127.0.0.1:15326, 30e50e12-6d1d-42d4-8c2e-250820f84ec0|127.0.0.1:15308, e86906d1-c919-438b-b5a4-a98dd7588e75|127.0.0.1:15317]|listeners:[], old=null
2024-04-29 09:21:16,150 [e86906d1-c919-438b-b5a4-a98dd7588e75-groupManagement] INFO  server.RaftServer$Division (RaftServerImpl.java:setRole(383)) - e86906d1-c919-438b-b5a4-a98dd7588e75@group-60AD1803F514: changes role from      null to FOLLOWER at term 0 for startAsFollower
2024-04-29 09:21:16,150 [e86906d1-c919-438b-b5a4-a98dd7588e75-groupManagement] INFO  impl.RoleInfo (RoleInfo.java:updateAndGet(139)) - e86906d1-c919-438b-b5a4-a98dd7588e75: start e86906d1-c919-438b-b5a4-a98dd7588e75@group-60AD1803F514-FollowerState
2024-04-29 09:21:16,150 [e86906d1-c919-438b-b5a4-a98dd7588e75@group-60AD1803F514-FollowerState] INFO  server.RaftServerConfigKeys (ConfUtils.java:logFallback(53)) - raft.server.rpc.first-election.timeout.min = 5s (fallback to raft.server.rpc.timeout.min)
2024-04-29 09:21:16,150 [e86906d1-c919-438b-b5a4-a98dd7588e75-groupManagement] INFO  util.JmxRegister (JmxRegister.java:tryRegister(44)) - Successfully registered JMX Bean with object name Ratis:service=RaftServer,group=group-60AD1803F514,id=e86906d1-c919-438b-b5a4-a98dd7588e75
2024-04-29 09:21:16,150 [e86906d1-c919-438b-b5a4-a98dd7588e75@group-60AD1803F514-FollowerState] INFO  server.RaftServerConfigKeys (ConfUtils.java:logFallback(53)) - raft.server.rpc.first-election.timeout.max = 5200ms (fallback to raft.server.rpc.timeout.max)
2024-04-29 09:21:16,150 [e86906d1-c919-438b-b5a4-a98dd7588e75-groupManagement] INFO  server.RaftServerConfigKeys (ConfUtils.java:logGet(46)) - raft.server.snapshot.trigger-when-stop.enabled = true (default)
2024-04-29 09:21:16,150 [e86906d1-c919-438b-b5a4-a98dd7588e75-groupManagement] INFO  server.RaftServerConfigKeys (ConfUtils.java:logGet(46)) - raft.server.snapshot.auto.trigger.enabled = true (custom)
2024-04-29 09:21:16,150 [e86906d1-c919-438b-b5a4-a98dd7588e75-groupManagement] INFO  server.RaftServerConfigKeys (ConfUtils.java:logGet(46)) - raft.server.snapshot.auto.trigger.threshold = 10000 (custom)
2024-04-29 09:21:16,150 [e86906d1-c919-438b-b5a4-a98dd7588e75-groupManagement] INFO  server.RaftServerConfigKeys (ConfUtils.java:logGet(46)) - raft.server.snapshot.retention.file.num = 5 (custom)
2024-04-29 09:21:16,150 [e86906d1-c919-438b-b5a4-a98dd7588e75-groupManagement] INFO  server.RaftServerConfigKeys (ConfUtils.java:logGet(46)) - raft.server.log.purge.upto.snapshot.index = false (default)
2024-04-29 09:21:16,157 [grpc-default-executor-0] INFO  server.RaftServer (RaftServerProxy.java:addNew(100)) - 05727db8-df0e-4fba-be48-9a4d471deba7: addNew group-60AD1803F514:[05727db8-df0e-4fba-be48-9a4d471deba7|127.0.0.1:15326, 30e50e12-6d1d-42d4-8c2e-250820f84ec0|127.0.0.1:15308, e86906d1-c919-438b-b5a4-a98dd7588e75|127.0.0.1:15317] returns group-60AD1803F514:java.util.concurrent.CompletableFuture@6dd68e8f[Not completed]
2024-04-29 09:21:16,157 [05727db8-df0e-4fba-be48-9a4d471deba7-groupManagement] INFO  server.RaftServer$Division (RaftServerImpl.java:<init>(256)) - 05727db8-df0e-4fba-be48-9a4d471deba7: new RaftServerImpl for group-60AD1803F514:[05727db8-df0e-4fba-be48-9a4d471deba7|127.0.0.1:15326, 30e50e12-6d1d-42d4-8c2e-250820f84ec0|127.0.0.1:15308, e86906d1-c919-438b-b5a4-a98dd7588e75|127.0.0.1:15317] with ContainerStateMachine:uninitialized
2024-04-29 09:21:16,157 [05727db8-df0e-4fba-be48-9a4d471deba7-groupManagement] INFO  server.RaftServerConfigKeys (ConfUtils.java:logGet(46)) - raft.server.rpc.timeout.min = 5s (custom)
2024-04-29 09:21:16,158 [05727db8-df0e-4fba-be48-9a4d471deba7-groupManagement] INFO  server.RaftServerConfigKeys (ConfUtils.java:logGet(46)) - raft.server.rpc.timeout.max = 5200ms (custom)
2024-04-29 09:21:16,158 [05727db8-df0e-4fba-be48-9a4d471deba7-groupManagement] INFO  server.RaftServerConfigKeys (ConfUtils.java:logGet(46)) - raft.server.rpc.sleep.time = 25ms (default)
2024-04-29 09:21:16,158 [05727db8-df0e-4fba-be48-9a4d471deba7-groupManagement] INFO  server.RaftServerConfigKeys (ConfUtils.java:logGet(46)) - raft.server.rpc.slowness.timeout = 300000ms (custom)
2024-04-29 09:21:16,158 [05727db8-df0e-4fba-be48-9a4d471deba7-groupManagement] INFO  server.RaftServerConfigKeys (ConfUtils.java:logGet(46)) - raft.server.leaderelection.leader.step-down.wait-time = 10s (default)
2024-04-29 09:21:16,158 [05727db8-df0e-4fba-be48-9a4d471deba7-groupManagement] INFO  server.RaftServerConfigKeys (ConfUtils.java:logGet(46)) - raft.server.leaderelection.member.majority-add = false (default)
2024-04-29 09:21:16,158 [05727db8-df0e-4fba-be48-9a4d471deba7-groupManagement] INFO  server.RaftServerConfigKeys (ConfUtils.java:logGet(46)) - raft.server.sleep.deviation.threshold = 300ms (default)
2024-04-29 09:21:16,158 [05727db8-df0e-4fba-be48-9a4d471deba7-groupManagement] INFO  server.RaftServer$Division (ServerState.java:<init>(113)) - 05727db8-df0e-4fba-be48-9a4d471deba7@group-60AD1803F514: ConfigurationManager, init=-1: peers:[05727db8-df0e-4fba-be48-9a4d471deba7|127.0.0.1:15326, 30e50e12-6d1d-42d4-8c2e-250820f84ec0|127.0.0.1:15308, e86906d1-c919-438b-b5a4-a98dd7588e75|127.0.0.1:15317]|listeners:[], old=null, confs=<EMPTY_MAP>
2024-04-29 09:21:16,158 [05727db8-df0e-4fba-be48-9a4d471deba7-groupManagement] INFO  server.RaftServerConfigKeys (ConfUtils.java:logGet(46)) - raft.server.notification.no-leader.timeout = 300000ms (custom)
2024-04-29 09:21:16,158 [05727db8-df0e-4fba-be48-9a4d471deba7-groupManagement] INFO  server.RaftServerConfigKeys (ConfUtils.java:logGet(46)) - raft.server.read.timeout = 10s (default)
2024-04-29 09:21:16,158 [05727db8-df0e-4fba-be48-9a4d471deba7-groupManagement] INFO  server.RaftServerConfigKeys (ConfUtils.java:logGet(46)) - raft.server.retrycache.expirytime = 600000ms (custom)
2024-04-29 09:21:16,158 [05727db8-df0e-4fba-be48-9a4d471deba7-groupManagement] INFO  server.RaftServerConfigKeys (ConfUtils.java:logGet(46)) - raft.server.retrycache.statistics.expirytime = 100ms (default)
2024-04-29 09:21:16,158 [05727db8-df0e-4fba-be48-9a4d471deba7-groupManagement] INFO  server.RaftServerConfigKeys (ConfUtils.java:logGet(46)) - raft.server.read.option = DEFAULT (default)
2024-04-29 09:21:16,158 [05727db8-df0e-4fba-be48-9a4d471deba7-groupManagement] INFO  server.RaftServerConfigKeys (ConfUtils.java:logGet(46)) - raft.server.read.read-after-write-consistent.write-index-cache.expiry-time = 60s (default)
2024-04-29 09:21:16,160 [05727db8-df0e-4fba-be48-9a4d471deba7-groupManagement] INFO  server.RaftServerConfigKeys (ConfUtils.java:logGet(46)) - raft.server.rpc.request.timeout = 3000ms (default)
2024-04-29 09:21:16,160 [05727db8-df0e-4fba-be48-9a4d471deba7-groupManagement] INFO  server.RaftServerConfigKeys (ConfUtils.java:logGet(46)) - raft.server.log.appender.install.snapshot.enabled = false (custom)
2024-04-29 09:21:16,160 [05727db8-df0e-4fba-be48-9a4d471deba7-groupManagement] INFO  server.RaftServerConfigKeys (ConfUtils.java:logGet(46)) - raft.server.threadpool.server.cached = true (default)
2024-04-29 09:21:16,160 [05727db8-df0e-4fba-be48-9a4d471deba7-groupManagement] INFO  server.RaftServerConfigKeys (ConfUtils.java:logGet(46)) - raft.server.threadpool.server.size = 0 (default)
2024-04-29 09:21:16,160 [05727db8-df0e-4fba-be48-9a4d471deba7-groupManagement] INFO  server.RaftServerConfigKeys (ConfUtils.java:logGet(46)) - raft.server.threadpool.client.cached = true (default)
2024-04-29 09:21:16,160 [05727db8-df0e-4fba-be48-9a4d471deba7-groupManagement] INFO  server.RaftServerConfigKeys (ConfUtils.java:logGet(46)) - raft.server.threadpool.client.size = 0 (default)
2024-04-29 09:21:16,160 [05727db8-df0e-4fba-be48-9a4d471deba7-groupManagement] INFO  server.RaftServerConfigKeys (ConfUtils.java:logGet(46)) - raft.server.storage.free-space.min = 0MB (=0) (default)
2024-04-29 09:21:16,160 [05727db8-df0e-4fba-be48-9a4d471deba7-groupManagement] INFO  server.RaftServerConfigKeys (ConfUtils.java:logGet(46)) - raft.server.log.corruption.policy = EXCEPTION (default)
2024-04-29 09:21:16,160 [05727db8-df0e-4fba-be48-9a4d471deba7-groupManagement] INFO  server.RaftServerConfigKeys (ConfUtils.java:logGet(46)) - raft.server.storage.dir = [/home/runner/work/ozone/ozone/hadoop-ozone/integration-test/target/test-dir/MiniOzoneClusterImpl-5c564e69-bd94-47d8-8ed3-49bff913e719/ozone-meta/datanode-6/ratis] (custom)
2024-04-29 09:21:16,160 [05727db8-df0e-4fba-be48-9a4d471deba7-groupManagement] INFO  storage.RaftStorageDirectory (RaftStorageDirectoryImpl.java:analyzeStorage(138)) - The storage directory /home/runner/work/ozone/ozone/hadoop-ozone/integration-test/target/test-dir/MiniOzoneClusterImpl-5c564e69-bd94-47d8-8ed3-49bff913e719/ozone-meta/datanode-6/ratis/382001ac-af6f-4fb5-8851-60ad1803f514 does not exist. Creating ...
2024-04-29 09:21:16,161 [05727db8-df0e-4fba-be48-9a4d471deba7-groupManagement] INFO  storage.RaftStorageDirectory (RaftStorageDirectoryImpl.java:tryLock(228)) - Lock on /home/runner/work/ozone/ozone/hadoop-ozone/integration-test/target/test-dir/MiniOzoneClusterImpl-5c564e69-bd94-47d8-8ed3-49bff913e719/ozone-meta/datanode-6/ratis/382001ac-af6f-4fb5-8851-60ad1803f514/in_use.lock acquired by nodename 21350@fv-az771-493
2024-04-29 09:21:16,162 [05727db8-df0e-4fba-be48-9a4d471deba7-groupManagement] INFO  storage.RaftStorage (RaftStorageImpl.java:format(99)) - Storage directory /home/runner/work/ozone/ozone/hadoop-ozone/integration-test/target/test-dir/MiniOzoneClusterImpl-5c564e69-bd94-47d8-8ed3-49bff913e719/ozone-meta/datanode-6/ratis/382001ac-af6f-4fb5-8851-60ad1803f514 has been successfully formatted.
2024-04-29 09:21:16,162 [05727db8-df0e-4fba-be48-9a4d471deba7-groupManagement] WARN  util.FileUtils (LogUtils.java:supplyAndLog(63)) - Failed to Files.newInputStream /home/runner/work/ozone/ozone/hadoop-ozone/integration-test/target/test-dir/MiniOzoneClusterImpl-5c564e69-bd94-47d8-8ed3-49bff913e719/ozone-meta/datanode-6/ratis/382001ac-af6f-4fb5-8851-60ad1803f514/current/raft-meta.conf with options []: java.nio.file.NoSuchFileException: /home/runner/work/ozone/ozone/hadoop-ozone/integration-test/target/test-dir/MiniOzoneClusterImpl-5c564e69-bd94-47d8-8ed3-49bff913e719/ozone-meta/datanode-6/ratis/382001ac-af6f-4fb5-8851-60ad1803f514/current/raft-meta.conf
2024-04-29 09:21:16,162 [05727db8-df0e-4fba-be48-9a4d471deba7-groupManagement] INFO  ratis.ContainerStateMachine (ContainerStateMachine.java:loadSnapshot(287)) - group-60AD1803F514: The snapshot info is null. Setting the last applied index to:(t:0, i:~)
2024-04-29 09:21:16,162 [05727db8-df0e-4fba-be48-9a4d471deba7-groupManagement] INFO  server.RaftServerConfigKeys (ConfUtils.java:logGet(46)) - raft.server.log.use.memory = false (default)
2024-04-29 09:21:16,162 [05727db8-df0e-4fba-be48-9a4d471deba7-groupManagement] INFO  server.RaftServerConfigKeys (ConfUtils.java:logGet(46)) - raft.server.log.purge.gap = 1000000 (custom)
2024-04-29 09:21:16,163 [05727db8-df0e-4fba-be48-9a4d471deba7-groupManagement] INFO  server.RaftServerConfigKeys (ConfUtils.java:logGet(46)) - raft.server.log.appender.buffer.byte-limit = 8388608 (custom)
2024-04-29 09:21:16,163 [05727db8-df0e-4fba-be48-9a4d471deba7-groupManagement] INFO  server.RaftServerConfigKeys (ConfUtils.java:logGet(46)) - raft.server.log.statemachine.data.read.timeout = 1000ms (default)
2024-04-29 09:21:16,163 [05727db8-df0e-4fba-be48-9a4d471deba7-groupManagement] INFO  server.RaftServerConfigKeys (ConfUtils.java:logGet(46)) - raft.server.log.purge.preservation.log.num = 0 (default)
2024-04-29 09:21:16,164 [05727db8-df0e-4fba-be48-9a4d471deba7-groupManagement] INFO  server.RaftServerConfigKeys (ConfUtils.java:logGet(46)) - raft.server.log.segment.size.max = 67108864 (custom)
2024-04-29 09:21:16,164 [05727db8-df0e-4fba-be48-9a4d471deba7-groupManagement] INFO  server.RaftServerConfigKeys (ConfUtils.java:logGet(46)) - raft.server.log.segment.cache.num.max = 2 (custom)
2024-04-29 09:21:16,164 [05727db8-df0e-4fba-be48-9a4d471deba7-groupManagement] INFO  server.RaftServerConfigKeys (ConfUtils.java:logGet(46)) - raft.server.log.segment.cache.size.max = 200MB (=209715200) (default)
2024-04-29 09:21:16,164 [05727db8-df0e-4fba-be48-9a4d471deba7-groupManagement] INFO  server.RaftServerConfigKeys (ConfUtils.java:logGet(46)) - raft.server.log.appender.buffer.byte-limit = 8388608 (custom)
2024-04-29 09:21:16,164 [05727db8-df0e-4fba-be48-9a4d471deba7-groupManagement] INFO  util.AwaitToRun (AwaitToRun.java:start(81)) - Thread[05727db8-df0e-4fba-be48-9a4d471deba7@group-60AD1803F514-cacheEviction-AwaitToRun,5,main] started
2024-04-29 09:21:16,164 [05727db8-df0e-4fba-be48-9a4d471deba7-groupManagement] INFO  segmented.SegmentedRaftLogWorker (SegmentedRaftLogWorker.java:<init>(182)) - new 05727db8-df0e-4fba-be48-9a4d471deba7@group-60AD1803F514-SegmentedRaftLogWorker for RaftStorageImpl:Storage Directory /home/runner/work/ozone/ozone/hadoop-ozone/integration-test/target/test-dir/MiniOzoneClusterImpl-5c564e69-bd94-47d8-8ed3-49bff913e719/ozone-meta/datanode-6/ratis/382001ac-af6f-4fb5-8851-60ad1803f514
2024-04-29 09:21:16,164 [05727db8-df0e-4fba-be48-9a4d471deba7-groupManagement] INFO  server.RaftServerConfigKeys (ConfUtils.java:logGet(46)) - raft.server.log.queue.byte-limit = 4294967296 (custom)
2024-04-29 09:21:16,164 [05727db8-df0e-4fba-be48-9a4d471deba7-groupManagement] INFO  server.RaftServerConfigKeys (ConfUtils.java:logGet(46)) - raft.server.log.queue.element-limit = 1024 (custom)
2024-04-29 09:21:16,164 [05727db8-df0e-4fba-be48-9a4d471deba7-groupManagement] INFO  server.RaftServerConfigKeys (ConfUtils.java:logGet(46)) - raft.server.log.segment.size.max = 67108864 (custom)
2024-04-29 09:21:16,164 [05727db8-df0e-4fba-be48-9a4d471deba7-groupManagement] INFO  server.RaftServerConfigKeys (ConfUtils.java:logGet(46)) - raft.server.log.preallocated.size = 4194304 (custom)
2024-04-29 09:21:16,164 [05727db8-df0e-4fba-be48-9a4d471deba7-groupManagement] INFO  server.RaftServerConfigKeys (ConfUtils.java:logGet(46)) - raft.server.log.force.sync.num = 128 (default)
2024-04-29 09:21:16,164 [05727db8-df0e-4fba-be48-9a4d471deba7-groupManagement] INFO  server.RaftServerConfigKeys (ConfUtils.java:logGet(46)) - raft.server.log.statemachine.data.sync = true (default)
2024-04-29 09:21:16,164 [05727db8-df0e-4fba-be48-9a4d471deba7-groupManagement] INFO  server.RaftServerConfigKeys (ConfUtils.java:logGet(46)) - raft.server.log.statemachine.data.sync.timeout = 10s (default)
2024-04-29 09:21:16,165 [05727db8-df0e-4fba-be48-9a4d471deba7-groupManagement] INFO  server.RaftServerConfigKeys (ConfUtils.java:logGet(46)) - raft.server.log.statemachine.data.sync.timeout.retry = 30 (custom)
2024-04-29 09:21:16,165 [05727db8-df0e-4fba-be48-9a4d471deba7-groupManagement] INFO  server.RaftServerConfigKeys (ConfUtils.java:logGet(46)) - raft.server.log.write.buffer.size = 8388616 (custom)
2024-04-29 09:21:16,166 [05727db8-df0e-4fba-be48-9a4d471deba7-groupManagement] INFO  server.RaftServerConfigKeys (ConfUtils.java:logGet(46)) - raft.server.log.appender.buffer.byte-limit = 8388608 (custom)
2024-04-29 09:21:16,166 [05727db8-df0e-4fba-be48-9a4d471deba7-groupManagement] INFO  server.RaftServerConfigKeys (ConfUtils.java:logGet(46)) - raft.server.log.unsafe-flush.enabled = false (default)
2024-04-29 09:21:16,166 [05727db8-df0e-4fba-be48-9a4d471deba7-groupManagement] INFO  server.RaftServerConfigKeys (ConfUtils.java:logGet(46)) - raft.server.log.async-flush.enabled = false (default)
2024-04-29 09:21:16,166 [05727db8-df0e-4fba-be48-9a4d471deba7-groupManagement] INFO  server.RaftServerConfigKeys (ConfUtils.java:logGet(46)) - raft.server.log.statemachine.data.caching.enabled = true (custom)
2024-04-29 09:21:16,166 [05727db8-df0e-4fba-be48-9a4d471deba7-groupManagement] INFO  segmented.SegmentedRaftLogWorker (SegmentedRaftLogWorker.java:lambda$new$0(134)) - 05727db8-df0e-4fba-be48-9a4d471deba7@group-60AD1803F514-SegmentedRaftLogWorker: flushIndex: setUnconditionally 0 -> -1
2024-04-29 09:21:16,166 [05727db8-df0e-4fba-be48-9a4d471deba7-groupManagement] INFO  segmented.SegmentedRaftLogWorker (SegmentedRaftLogWorker.java:lambda$new$0(134)) - 05727db8-df0e-4fba-be48-9a4d471deba7@group-60AD1803F514-SegmentedRaftLogWorker: safeCacheEvictIndex: setUnconditionally 0 -> -1
2024-04-29 09:21:16,166 [05727db8-df0e-4fba-be48-9a4d471deba7-groupManagement] INFO  server.RaftServer$Division (RaftServerImpl.java:start(396)) - 05727db8-df0e-4fba-be48-9a4d471deba7@group-60AD1803F514: start as a follower, conf=-1: peers:[05727db8-df0e-4fba-be48-9a4d471deba7|127.0.0.1:15326, 30e50e12-6d1d-42d4-8c2e-250820f84ec0|127.0.0.1:15308, e86906d1-c919-438b-b5a4-a98dd7588e75|127.0.0.1:15317]|listeners:[], old=null
2024-04-29 09:21:16,166 [05727db8-df0e-4fba-be48-9a4d471deba7-groupManagement] INFO  server.RaftServer$Division (RaftServerImpl.java:setRole(383)) - 05727db8-df0e-4fba-be48-9a4d471deba7@group-60AD1803F514: changes role from      null to FOLLOWER at term 0 for startAsFollower
2024-04-29 09:21:16,167 [05727db8-df0e-4fba-be48-9a4d471deba7-groupManagement] INFO  impl.RoleInfo (RoleInfo.java:updateAndGet(139)) - 05727db8-df0e-4fba-be48-9a4d471deba7: start 05727db8-df0e-4fba-be48-9a4d471deba7@group-60AD1803F514-FollowerState
2024-04-29 09:21:16,167 [05727db8-df0e-4fba-be48-9a4d471deba7-groupManagement] INFO  util.JmxRegister (JmxRegister.java:tryRegister(44)) - Successfully registered JMX Bean with object name Ratis:service=RaftServer,group=group-60AD1803F514,id=05727db8-df0e-4fba-be48-9a4d471deba7
2024-04-29 09:21:16,167 [05727db8-df0e-4fba-be48-9a4d471deba7-groupManagement] INFO  server.RaftServerConfigKeys (ConfUtils.java:logGet(46)) - raft.server.snapshot.trigger-when-stop.enabled = true (default)
2024-04-29 09:21:16,167 [05727db8-df0e-4fba-be48-9a4d471deba7-groupManagement] INFO  server.RaftServerConfigKeys (ConfUtils.java:logGet(46)) - raft.server.snapshot.auto.trigger.enabled = true (custom)
2024-04-29 09:21:16,167 [05727db8-df0e-4fba-be48-9a4d471deba7-groupManagement] INFO  server.RaftServerConfigKeys (ConfUtils.java:logGet(46)) - raft.server.snapshot.auto.trigger.threshold = 10000 (custom)
2024-04-29 09:21:16,167 [05727db8-df0e-4fba-be48-9a4d471deba7-groupManagement] INFO  server.RaftServerConfigKeys (ConfUtils.java:logGet(46)) - raft.server.snapshot.retention.file.num = 5 (custom)
2024-04-29 09:21:16,167 [05727db8-df0e-4fba-be48-9a4d471deba7-groupManagement] INFO  server.RaftServerConfigKeys (ConfUtils.java:logGet(46)) - raft.server.log.purge.upto.snapshot.index = false (default)
2024-04-29 09:21:16,167 [05727db8-df0e-4fba-be48-9a4d471deba7@group-60AD1803F514-FollowerState] INFO  server.RaftServerConfigKeys (ConfUtils.java:logFallback(53)) - raft.server.rpc.first-election.timeout.min = 5s (fallback to raft.server.rpc.timeout.min)
2024-04-29 09:21:16,167 [05727db8-df0e-4fba-be48-9a4d471deba7@group-60AD1803F514-FollowerState] INFO  server.RaftServerConfigKeys (ConfUtils.java:logFallback(53)) - raft.server.rpc.first-election.timeout.max = 5200ms (fallback to raft.server.rpc.timeout.max)
2024-04-29 09:21:16,168 [e86906d1-c919-438b-b5a4-a98dd7588e75-groupManagement] INFO  server.RaftServer$Division (RaftServerImpl.java:<init>(256)) - e86906d1-c919-438b-b5a4-a98dd7588e75: new RaftServerImpl for group-9A2ED42D27A4:[e86906d1-c919-438b-b5a4-a98dd7588e75|127.0.0.1:15317] with ContainerStateMachine:uninitialized
2024-04-29 09:21:16,168 [e86906d1-c919-438b-b5a4-a98dd7588e75-groupManagement] INFO  server.RaftServerConfigKeys (ConfUtils.java:logGet(46)) - raft.server.rpc.timeout.min = 5s (custom)
2024-04-29 09:21:16,168 [e86906d1-c919-438b-b5a4-a98dd7588e75-groupManagement] INFO  server.RaftServerConfigKeys (ConfUtils.java:logGet(46)) - raft.server.rpc.timeout.max = 5200ms (custom)
2024-04-29 09:21:16,168 [e86906d1-c919-438b-b5a4-a98dd7588e75-groupManagement] INFO  server.RaftServerConfigKeys (ConfUtils.java:logGet(46)) - raft.server.rpc.sleep.time = 25ms (default)
2024-04-29 09:21:16,168 [e86906d1-c919-438b-b5a4-a98dd7588e75-groupManagement] INFO  server.RaftServerConfigKeys (ConfUtils.java:logGet(46)) - raft.server.rpc.slowness.timeout = 300000ms (custom)
2024-04-29 09:21:16,168 [e86906d1-c919-438b-b5a4-a98dd7588e75-groupManagement] INFO  server.RaftServerConfigKeys (ConfUtils.java:logGet(46)) - raft.server.leaderelection.leader.step-down.wait-time = 10s (default)
2024-04-29 09:21:16,168 [e86906d1-c919-438b-b5a4-a98dd7588e75-groupManagement] INFO  server.RaftServerConfigKeys (ConfUtils.java:logGet(46)) - raft.server.leaderelection.member.majority-add = false (default)
2024-04-29 09:21:16,169 [e86906d1-c919-438b-b5a4-a98dd7588e75-groupManagement] INFO  server.RaftServerConfigKeys (ConfUtils.java:logGet(46)) - raft.server.sleep.deviation.threshold = 300ms (default)
2024-04-29 09:21:16,169 [e86906d1-c919-438b-b5a4-a98dd7588e75-groupManagement] INFO  server.RaftServer$Division (ServerState.java:<init>(113)) - e86906d1-c919-438b-b5a4-a98dd7588e75@group-9A2ED42D27A4: ConfigurationManager, init=-1: peers:[e86906d1-c919-438b-b5a4-a98dd7588e75|127.0.0.1:15317]|listeners:[], old=null, confs=<EMPTY_MAP>
2024-04-29 09:21:16,169 [e86906d1-c919-438b-b5a4-a98dd7588e75-groupManagement] INFO  server.RaftServerConfigKeys (ConfUtils.java:logGet(46)) - raft.server.notification.no-leader.timeout = 300000ms (custom)
2024-04-29 09:21:16,169 [e86906d1-c919-438b-b5a4-a98dd7588e75-groupManagement] INFO  server.RaftServerConfigKeys (ConfUtils.java:logGet(46)) - raft.server.read.timeout = 10s (default)
2024-04-29 09:21:16,169 [e86906d1-c919-438b-b5a4-a98dd7588e75-groupManagement] INFO  server.RaftServerConfigKeys (ConfUtils.java:logGet(46)) - raft.server.retrycache.expirytime = 600000ms (custom)
2024-04-29 09:21:16,169 [e86906d1-c919-438b-b5a4-a98dd7588e75-groupManagement] INFO  server.RaftServerConfigKeys (ConfUtils.java:logGet(46)) - raft.server.retrycache.statistics.expirytime = 100ms (default)
2024-04-29 09:21:16,169 [e86906d1-c919-438b-b5a4-a98dd7588e75-groupManagement] INFO  server.RaftServerConfigKeys (ConfUtils.java:logGet(46)) - raft.server.read.option = DEFAULT (default)
2024-04-29 09:21:16,169 [e86906d1-c919-438b-b5a4-a98dd7588e75-groupManagement] INFO  server.RaftServerConfigKeys (ConfUtils.java:logGet(46)) - raft.server.read.read-after-write-consistent.write-index-cache.expiry-time = 60s (default)
2024-04-29 09:21:16,171 [e86906d1-c919-438b-b5a4-a98dd7588e75-groupManagement] INFO  server.RaftServerConfigKeys (ConfUtils.java:logGet(46)) - raft.server.rpc.request.timeout = 3000ms (default)
2024-04-29 09:21:16,171 [e86906d1-c919-438b-b5a4-a98dd7588e75-groupManagement] INFO  server.RaftServerConfigKeys (ConfUtils.java:logGet(46)) - raft.server.log.appender.install.snapshot.enabled = false (custom)
2024-04-29 09:21:16,171 [e86906d1-c919-438b-b5a4-a98dd7588e75-groupManagement] INFO  server.RaftServerConfigKeys (ConfUtils.java:logGet(46)) - raft.server.threadpool.server.cached = true (default)
2024-04-29 09:21:16,171 [e86906d1-c919-438b-b5a4-a98dd7588e75-groupManagement] INFO  server.RaftServerConfigKeys (ConfUtils.java:logGet(46)) - raft.server.threadpool.server.size = 0 (default)
2024-04-29 09:21:16,172 [e86906d1-c919-438b-b5a4-a98dd7588e75-groupManagement] INFO  server.RaftServerConfigKeys (ConfUtils.java:logGet(46)) - raft.server.threadpool.client.cached = true (default)
2024-04-29 09:21:16,172 [e86906d1-c919-438b-b5a4-a98dd7588e75-groupManagement] INFO  server.RaftServerConfigKeys (ConfUtils.java:logGet(46)) - raft.server.threadpool.client.size = 0 (default)
2024-04-29 09:21:16,172 [e86906d1-c919-438b-b5a4-a98dd7588e75-PipelineCommandHandlerThread-0] INFO  server.RaftServer (RaftServerProxy.java:addNew(100)) - e86906d1-c919-438b-b5a4-a98dd7588e75: addNew group-9A2ED42D27A4:[e86906d1-c919-438b-b5a4-a98dd7588e75|127.0.0.1:15317] returns      null e86906d1-c919-438b-b5a4-a98dd7588e75@group-9A2ED42D27A4:t0, leader=null, voted=null, raftlog=UNINITIALIZED, conf=-1: peers:[e86906d1-c919-438b-b5a4-a98dd7588e75|127.0.0.1:15317]|listeners:[], old=null NEW
2024-04-29 09:21:16,172 [e86906d1-c919-438b-b5a4-a98dd7588e75-groupManagement] INFO  server.RaftServerConfigKeys (ConfUtils.java:logGet(46)) - raft.server.storage.free-space.min = 0MB (=0) (default)
2024-04-29 09:21:16,172 [e86906d1-c919-438b-b5a4-a98dd7588e75-groupManagement] INFO  server.RaftServerConfigKeys (ConfUtils.java:logGet(46)) - raft.server.log.corruption.policy = EXCEPTION (default)
2024-04-29 09:21:16,172 [e86906d1-c919-438b-b5a4-a98dd7588e75-groupManagement] INFO  server.RaftServerConfigKeys (ConfUtils.java:logGet(46)) - raft.server.storage.dir = [/home/runner/work/ozone/ozone/hadoop-ozone/integration-test/target/test-dir/MiniOzoneClusterImpl-5c564e69-bd94-47d8-8ed3-49bff913e719/ozone-meta/datanode-5/ratis] (custom)
2024-04-29 09:21:16,172 [e86906d1-c919-438b-b5a4-a98dd7588e75-groupManagement] INFO  storage.RaftStorageDirectory (RaftStorageDirectoryImpl.java:analyzeStorage(138)) - The storage directory /home/runner/work/ozone/ozone/hadoop-ozone/integration-test/target/test-dir/MiniOzoneClusterImpl-5c564e69-bd94-47d8-8ed3-49bff913e719/ozone-meta/datanode-5/ratis/d103ced9-3c91-458d-9d7d-9a2ed42d27a4 does not exist. Creating ...
2024-04-29 09:21:16,174 [e86906d1-c919-438b-b5a4-a98dd7588e75-groupManagement] INFO  storage.RaftStorageDirectory (RaftStorageDirectoryImpl.java:tryLock(228)) - Lock on /home/runner/work/ozone/ozone/hadoop-ozone/integration-test/target/test-dir/MiniOzoneClusterImpl-5c564e69-bd94-47d8-8ed3-49bff913e719/ozone-meta/datanode-5/ratis/d103ced9-3c91-458d-9d7d-9a2ed42d27a4/in_use.lock acquired by nodename 21350@fv-az771-493
2024-04-29 09:21:16,174 [30e50e12-6d1d-42d4-8c2e-250820f84ec0-PipelineCommandHandlerThread-0] INFO  commandhandler.CreatePipelineCommandHandler (CreatePipelineCommandHandler.java:lambda$handle$2(124)) - Created Pipeline RATIS THREE PipelineID=382001ac-af6f-4fb5-8851-60ad1803f514.
2024-04-29 09:21:16,175 [e86906d1-c919-438b-b5a4-a98dd7588e75-groupManagement] INFO  storage.RaftStorage (RaftStorageImpl.java:format(99)) - Storage directory /home/runner/work/ozone/ozone/hadoop-ozone/integration-test/target/test-dir/MiniOzoneClusterImpl-5c564e69-bd94-47d8-8ed3-49bff913e719/ozone-meta/datanode-5/ratis/d103ced9-3c91-458d-9d7d-9a2ed42d27a4 has been successfully formatted.
2024-04-29 09:21:16,175 [e86906d1-c919-438b-b5a4-a98dd7588e75-groupManagement] WARN  util.FileUtils (LogUtils.java:supplyAndLog(63)) - Failed to Files.newInputStream /home/runner/work/ozone/ozone/hadoop-ozone/integration-test/target/test-dir/MiniOzoneClusterImpl-5c564e69-bd94-47d8-8ed3-49bff913e719/ozone-meta/datanode-5/ratis/d103ced9-3c91-458d-9d7d-9a2ed42d27a4/current/raft-meta.conf with options []: java.nio.file.NoSuchFileException: /home/runner/work/ozone/ozone/hadoop-ozone/integration-test/target/test-dir/MiniOzoneClusterImpl-5c564e69-bd94-47d8-8ed3-49bff913e719/ozone-meta/datanode-5/ratis/d103ced9-3c91-458d-9d7d-9a2ed42d27a4/current/raft-meta.conf
2024-04-29 09:21:16,175 [e86906d1-c919-438b-b5a4-a98dd7588e75-groupManagement] INFO  ratis.ContainerStateMachine (ContainerStateMachine.java:loadSnapshot(287)) - group-9A2ED42D27A4: The snapshot info is null. Setting the last applied index to:(t:0, i:~)
2024-04-29 09:21:16,175 [e86906d1-c919-438b-b5a4-a98dd7588e75-groupManagement] INFO  server.RaftServerConfigKeys (ConfUtils.java:logGet(46)) - raft.server.log.use.memory = false (default)
2024-04-29 09:21:16,175 [e86906d1-c919-438b-b5a4-a98dd7588e75-groupManagement] INFO  server.RaftServerConfigKeys (ConfUtils.java:logGet(46)) - raft.server.log.purge.gap = 1000000 (custom)
2024-04-29 09:21:16,175 [e86906d1-c919-438b-b5a4-a98dd7588e75-groupManagement] INFO  server.RaftServerConfigKeys (ConfUtils.java:logGet(46)) - raft.server.log.appender.buffer.byte-limit = 8388608 (custom)
2024-04-29 09:21:16,175 [e86906d1-c919-438b-b5a4-a98dd7588e75-groupManagement] INFO  server.RaftServerConfigKeys (ConfUtils.java:logGet(46)) - raft.server.log.statemachine.data.read.timeout = 1000ms (default)
2024-04-29 09:21:16,175 [e86906d1-c919-438b-b5a4-a98dd7588e75-groupManagement] INFO  server.RaftServerConfigKeys (ConfUtils.java:logGet(46)) - raft.server.log.purge.preservation.log.num = 0 (default)
2024-04-29 09:21:16,176 [EventQueue-PipelineReportForPipelineReportHandler] INFO  pipeline.PipelineReportHandler (PipelineReportHandler.java:processPipelineReport(136)) - Opened pipeline PipelineID=d103ced9-3c91-458d-9d7d-9a2ed42d27a4
2024-04-29 09:21:16,176 [EventQueue-OpenPipelineForHealthyPipelineSafeModeRule] INFO  safemode.SCMSafeModeManager (HealthyPipelineSafeModeRule.java:process(140)) - SCM in safe mode. Healthy pipelines reported count is 0, required healthy pipeline reported count is 1
2024-04-29 09:21:16,177 [e86906d1-c919-438b-b5a4-a98dd7588e75-groupManagement] INFO  server.RaftServerConfigKeys (ConfUtils.java:logGet(46)) - raft.server.log.segment.size.max = 67108864 (custom)
2024-04-29 09:21:16,178 [e86906d1-c919-438b-b5a4-a98dd7588e75-groupManagement] INFO  server.RaftServerConfigKeys (ConfUtils.java:logGet(46)) - raft.server.log.segment.cache.num.max = 2 (custom)
2024-04-29 09:21:16,178 [e86906d1-c919-438b-b5a4-a98dd7588e75-groupManagement] INFO  server.RaftServerConfigKeys (ConfUtils.java:logGet(46)) - raft.server.log.segment.cache.size.max = 200MB (=209715200) (default)
2024-04-29 09:21:16,178 [e86906d1-c919-438b-b5a4-a98dd7588e75-groupManagement] INFO  server.RaftServerConfigKeys (ConfUtils.java:logGet(46)) - raft.server.log.appender.buffer.byte-limit = 8388608 (custom)
2024-04-29 09:21:16,178 [e86906d1-c919-438b-b5a4-a98dd7588e75-groupManagement] INFO  util.AwaitToRun (AwaitToRun.java:start(81)) - Thread[e86906d1-c919-438b-b5a4-a98dd7588e75@group-9A2ED42D27A4-cacheEviction-AwaitToRun,5,main] started
2024-04-29 09:21:16,178 [e86906d1-c919-438b-b5a4-a98dd7588e75-groupManagement] INFO  segmented.SegmentedRaftLogWorker (SegmentedRaftLogWorker.java:<init>(182)) - new e86906d1-c919-438b-b5a4-a98dd7588e75@group-9A2ED42D27A4-SegmentedRaftLogWorker for RaftStorageImpl:Storage Directory /home/runner/work/ozone/ozone/hadoop-ozone/integration-test/target/test-dir/MiniOzoneClusterImpl-5c564e69-bd94-47d8-8ed3-49bff913e719/ozone-meta/datanode-5/ratis/d103ced9-3c91-458d-9d7d-9a2ed42d27a4
2024-04-29 09:21:16,178 [e86906d1-c919-438b-b5a4-a98dd7588e75-groupManagement] INFO  server.RaftServerConfigKeys (ConfUtils.java:logGet(46)) - raft.server.log.queue.byte-limit = 4294967296 (custom)
2024-04-29 09:21:16,178 [e86906d1-c919-438b-b5a4-a98dd7588e75-groupManagement] INFO  server.RaftServerConfigKeys (ConfUtils.java:logGet(46)) - raft.server.log.queue.element-limit = 1024 (custom)
2024-04-29 09:21:16,178 [e86906d1-c919-438b-b5a4-a98dd7588e75-groupManagement] INFO  server.RaftServerConfigKeys (ConfUtils.java:logGet(46)) - raft.server.log.segment.size.max = 67108864 (custom)
2024-04-29 09:21:16,178 [e86906d1-c919-438b-b5a4-a98dd7588e75-groupManagement] INFO  server.RaftServerConfigKeys (ConfUtils.java:logGet(46)) - raft.server.log.preallocated.size = 4194304 (custom)
2024-04-29 09:21:16,178 [e86906d1-c919-438b-b5a4-a98dd7588e75-groupManagement] INFO  server.RaftServerConfigKeys (ConfUtils.java:logGet(46)) - raft.server.log.force.sync.num = 128 (default)
2024-04-29 09:21:16,178 [e86906d1-c919-438b-b5a4-a98dd7588e75-groupManagement] INFO  server.RaftServerConfigKeys (ConfUtils.java:logGet(46)) - raft.server.log.statemachine.data.sync = true (default)
2024-04-29 09:21:16,178 [e86906d1-c919-438b-b5a4-a98dd7588e75-groupManagement] INFO  server.RaftServerConfigKeys (ConfUtils.java:logGet(46)) - raft.server.log.statemachine.data.sync.timeout = 10s (default)
2024-04-29 09:21:16,178 [e86906d1-c919-438b-b5a4-a98dd7588e75-groupManagement] INFO  server.RaftServerConfigKeys (ConfUtils.java:logGet(46)) - raft.server.log.statemachine.data.sync.timeout.retry = 30 (custom)
2024-04-29 09:21:16,179 [e86906d1-c919-438b-b5a4-a98dd7588e75-groupManagement] INFO  server.RaftServerConfigKeys (ConfUtils.java:logGet(46)) - raft.server.log.write.buffer.size = 8388616 (custom)
2024-04-29 09:21:16,180 [e86906d1-c919-438b-b5a4-a98dd7588e75-groupManagement] INFO  server.RaftServerConfigKeys (ConfUtils.java:logGet(46)) - raft.server.log.appender.buffer.byte-limit = 8388608 (custom)
2024-04-29 09:21:16,180 [e86906d1-c919-438b-b5a4-a98dd7588e75-groupManagement] INFO  server.RaftServerConfigKeys (ConfUtils.java:logGet(46)) - raft.server.log.unsafe-flush.enabled = false (default)
2024-04-29 09:21:16,180 [e86906d1-c919-438b-b5a4-a98dd7588e75-groupManagement] INFO  server.RaftServerConfigKeys (ConfUtils.java:logGet(46)) - raft.server.log.async-flush.enabled = false (default)
2024-04-29 09:21:16,180 [e86906d1-c919-438b-b5a4-a98dd7588e75-groupManagement] INFO  server.RaftServerConfigKeys (ConfUtils.java:logGet(46)) - raft.server.log.statemachine.data.caching.enabled = true (custom)
2024-04-29 09:21:16,180 [e86906d1-c919-438b-b5a4-a98dd7588e75-groupManagement] INFO  segmented.SegmentedRaftLogWorker (SegmentedRaftLogWorker.java:lambda$new$0(134)) - e86906d1-c919-438b-b5a4-a98dd7588e75@group-9A2ED42D27A4-SegmentedRaftLogWorker: flushIndex: setUnconditionally 0 -> -1
2024-04-29 09:21:16,181 [e86906d1-c919-438b-b5a4-a98dd7588e75-groupManagement] INFO  segmented.SegmentedRaftLogWorker (SegmentedRaftLogWorker.java:lambda$new$0(134)) - e86906d1-c919-438b-b5a4-a98dd7588e75@group-9A2ED42D27A4-SegmentedRaftLogWorker: safeCacheEvictIndex: setUnconditionally 0 -> -1
2024-04-29 09:21:16,181 [e86906d1-c919-438b-b5a4-a98dd7588e75-groupManagement] INFO  server.RaftServer$Division (RaftServerImpl.java:start(396)) - e86906d1-c919-438b-b5a4-a98dd7588e75@group-9A2ED42D27A4: start as a follower, conf=-1: peers:[e86906d1-c919-438b-b5a4-a98dd7588e75|127.0.0.1:15317]|listeners:[], old=null
2024-04-29 09:21:16,181 [e86906d1-c919-438b-b5a4-a98dd7588e75-groupManagement] INFO  server.RaftServer$Division (RaftServerImpl.java:setRole(383)) - e86906d1-c919-438b-b5a4-a98dd7588e75@group-9A2ED42D27A4: changes role from      null to FOLLOWER at term 0 for startAsFollower
2024-04-29 09:21:16,181 [e86906d1-c919-438b-b5a4-a98dd7588e75-groupManagement] INFO  impl.RoleInfo (RoleInfo.java:updateAndGet(139)) - e86906d1-c919-438b-b5a4-a98dd7588e75: start e86906d1-c919-438b-b5a4-a98dd7588e75@group-9A2ED42D27A4-FollowerState
2024-04-29 09:21:16,181 [e86906d1-c919-438b-b5a4-a98dd7588e75-groupManagement] INFO  util.JmxRegister (JmxRegister.java:tryRegister(44)) - Successfully registered JMX Bean with object name Ratis:service=RaftServer,group=group-9A2ED42D27A4,id=e86906d1-c919-438b-b5a4-a98dd7588e75
2024-04-29 09:21:16,181 [e86906d1-c919-438b-b5a4-a98dd7588e75-groupManagement] INFO  server.RaftServerConfigKeys (ConfUtils.java:logGet(46)) - raft.server.snapshot.trigger-when-stop.enabled = true (default)
2024-04-29 09:21:16,181 [e86906d1-c919-438b-b5a4-a98dd7588e75-groupManagement] INFO  server.RaftServerConfigKeys (ConfUtils.java:logGet(46)) - raft.server.snapshot.auto.trigger.enabled = true (custom)
2024-04-29 09:21:16,181 [e86906d1-c919-438b-b5a4-a98dd7588e75-groupManagement] INFO  server.RaftServerConfigKeys (ConfUtils.java:logGet(46)) - raft.server.snapshot.auto.trigger.threshold = 10000 (custom)
2024-04-29 09:21:16,181 [e86906d1-c919-438b-b5a4-a98dd7588e75-groupManagement] INFO  server.RaftServerConfigKeys (ConfUtils.java:logGet(46)) - raft.server.snapshot.retention.file.num = 5 (custom)
2024-04-29 09:21:16,181 [e86906d1-c919-438b-b5a4-a98dd7588e75-groupManagement] INFO  server.RaftServerConfigKeys (ConfUtils.java:logGet(46)) - raft.server.log.purge.upto.snapshot.index = false (default)
2024-04-29 09:21:16,181 [e86906d1-c919-438b-b5a4-a98dd7588e75@group-9A2ED42D27A4-FollowerState] INFO  server.RaftServerConfigKeys (ConfUtils.java:logFallback(53)) - raft.server.rpc.first-election.timeout.min = 5s (fallback to raft.server.rpc.timeout.min)
2024-04-29 09:21:16,181 [e86906d1-c919-438b-b5a4-a98dd7588e75@group-9A2ED42D27A4-FollowerState] INFO  server.RaftServerConfigKeys (ConfUtils.java:logFallback(53)) - raft.server.rpc.first-election.timeout.max = 5200ms (fallback to raft.server.rpc.timeout.max)
2024-04-29 09:21:16,182 [e86906d1-c919-438b-b5a4-a98dd7588e75-PipelineCommandHandlerThread-0] INFO  ratis.XceiverServerRatis (XceiverServerRatis.java:addGroup(864)) - Created group PipelineID=d103ced9-3c91-458d-9d7d-9a2ed42d27a4
2024-04-29 09:21:16,182 [e86906d1-c919-438b-b5a4-a98dd7588e75-PipelineCommandHandlerThread-0] INFO  commandhandler.CreatePipelineCommandHandler (CreatePipelineCommandHandler.java:lambda$handle$2(124)) - Created Pipeline RATIS ONE PipelineID=d103ced9-3c91-458d-9d7d-9a2ed42d27a4.
2024-04-29 09:21:16,233 [05727db8-df0e-4fba-be48-9a4d471deba7-PipelineCommandHandlerThread-0] INFO  server.RaftServer (RaftServerProxy.java:addNew(100)) - 05727db8-df0e-4fba-be48-9a4d471deba7: addNew group-356C79822AC7:[05727db8-df0e-4fba-be48-9a4d471deba7|127.0.0.1:15326] returns group-356C79822AC7:java.util.concurrent.CompletableFuture@5c0eec3b[Not completed]
2024-04-29 09:21:16,234 [05727db8-df0e-4fba-be48-9a4d471deba7-groupManagement] INFO  server.RaftServer$Division (RaftServerImpl.java:<init>(256)) - 05727db8-df0e-4fba-be48-9a4d471deba7: new RaftServerImpl for group-356C79822AC7:[05727db8-df0e-4fba-be48-9a4d471deba7|127.0.0.1:15326] with ContainerStateMachine:uninitialized
2024-04-29 09:21:16,234 [05727db8-df0e-4fba-be48-9a4d471deba7-groupManagement] INFO  server.RaftServerConfigKeys (ConfUtils.java:logGet(46)) - raft.server.rpc.timeout.min = 5s (custom)
2024-04-29 09:21:16,234 [05727db8-df0e-4fba-be48-9a4d471deba7-groupManagement] INFO  server.RaftServerConfigKeys (ConfUtils.java:logGet(46)) - raft.server.rpc.timeout.max = 5200ms (custom)
2024-04-29 09:21:16,234 [05727db8-df0e-4fba-be48-9a4d471deba7-groupManagement] INFO  server.RaftServerConfigKeys (ConfUtils.java:logGet(46)) - raft.server.rpc.sleep.time = 25ms (default)
2024-04-29 09:21:16,234 [05727db8-df0e-4fba-be48-9a4d471deba7-groupManagement] INFO  server.RaftServerConfigKeys (ConfUtils.java:logGet(46)) - raft.server.rpc.slowness.timeout = 300000ms (custom)
2024-04-29 09:21:16,234 [05727db8-df0e-4fba-be48-9a4d471deba7-groupManagement] INFO  server.RaftServerConfigKeys (ConfUtils.java:logGet(46)) - raft.server.leaderelection.leader.step-down.wait-time = 10s (default)
2024-04-29 09:21:16,234 [05727db8-df0e-4fba-be48-9a4d471deba7-groupManagement] INFO  server.RaftServerConfigKeys (ConfUtils.java:logGet(46)) - raft.server.leaderelection.member.majority-add = false (default)
2024-04-29 09:21:16,234 [05727db8-df0e-4fba-be48-9a4d471deba7-groupManagement] INFO  server.RaftServerConfigKeys (ConfUtils.java:logGet(46)) - raft.server.sleep.deviation.threshold = 300ms (default)
2024-04-29 09:21:16,234 [05727db8-df0e-4fba-be48-9a4d471deba7-groupManagement] INFO  server.RaftServer$Division (ServerState.java:<init>(113)) - 05727db8-df0e-4fba-be48-9a4d471deba7@group-356C79822AC7: ConfigurationManager, init=-1: peers:[05727db8-df0e-4fba-be48-9a4d471deba7|127.0.0.1:15326]|listeners:[], old=null, confs=<EMPTY_MAP>
2024-04-29 09:21:16,234 [05727db8-df0e-4fba-be48-9a4d471deba7-groupManagement] INFO  server.RaftServerConfigKeys (ConfUtils.java:logGet(46)) - raft.server.notification.no-leader.timeout = 300000ms (custom)
2024-04-29 09:21:16,234 [05727db8-df0e-4fba-be48-9a4d471deba7-groupManagement] INFO  server.RaftServerConfigKeys (ConfUtils.java:logGet(46)) - raft.server.read.timeout = 10s (default)
2024-04-29 09:21:16,234 [05727db8-df0e-4fba-be48-9a4d471deba7-groupManagement] INFO  server.RaftServerConfigKeys (ConfUtils.java:logGet(46)) - raft.server.retrycache.expirytime = 600000ms (custom)
2024-04-29 09:21:16,234 [05727db8-df0e-4fba-be48-9a4d471deba7-groupManagement] INFO  server.RaftServerConfigKeys (ConfUtils.java:logGet(46)) - raft.server.retrycache.statistics.expirytime = 100ms (default)
2024-04-29 09:21:16,234 [05727db8-df0e-4fba-be48-9a4d471deba7-groupManagement] INFO  server.RaftServerConfigKeys (ConfUtils.java:logGet(46)) - raft.server.read.option = DEFAULT (default)
2024-04-29 09:21:16,234 [05727db8-df0e-4fba-be48-9a4d471deba7-groupManagement] INFO  server.RaftServerConfigKeys (ConfUtils.java:logGet(46)) - raft.server.read.read-after-write-consistent.write-index-cache.expiry-time = 60s (default)
2024-04-29 09:21:16,237 [05727db8-df0e-4fba-be48-9a4d471deba7-groupManagement] INFO  server.RaftServerConfigKeys (ConfUtils.java:logGet(46)) - raft.server.rpc.request.timeout = 3000ms (default)
2024-04-29 09:21:16,237 [05727db8-df0e-4fba-be48-9a4d471deba7-groupManagement] INFO  server.RaftServerConfigKeys (ConfUtils.java:logGet(46)) - raft.server.log.appender.install.snapshot.enabled = false (custom)
2024-04-29 09:21:16,237 [05727db8-df0e-4fba-be48-9a4d471deba7-groupManagement] INFO  server.RaftServerConfigKeys (ConfUtils.java:logGet(46)) - raft.server.threadpool.server.cached = true (default)
2024-04-29 09:21:16,237 [05727db8-df0e-4fba-be48-9a4d471deba7-groupManagement] INFO  server.RaftServerConfigKeys (ConfUtils.java:logGet(46)) - raft.server.threadpool.server.size = 0 (default)
2024-04-29 09:21:16,237 [05727db8-df0e-4fba-be48-9a4d471deba7-groupManagement] INFO  server.RaftServerConfigKeys (ConfUtils.java:logGet(46)) - raft.server.threadpool.client.cached = true (default)
2024-04-29 09:21:16,237 [05727db8-df0e-4fba-be48-9a4d471deba7-groupManagement] INFO  server.RaftServerConfigKeys (ConfUtils.java:logGet(46)) - raft.server.threadpool.client.size = 0 (default)
2024-04-29 09:21:16,237 [05727db8-df0e-4fba-be48-9a4d471deba7-groupManagement] INFO  server.RaftServerConfigKeys (ConfUtils.java:logGet(46)) - raft.server.storage.free-space.min = 0MB (=0) (default)
2024-04-29 09:21:16,237 [05727db8-df0e-4fba-be48-9a4d471deba7-groupManagement] INFO  server.RaftServerConfigKeys (ConfUtils.java:logGet(46)) - raft.server.log.corruption.policy = EXCEPTION (default)
2024-04-29 09:21:16,237 [05727db8-df0e-4fba-be48-9a4d471deba7-groupManagement] INFO  server.RaftServerConfigKeys (ConfUtils.java:logGet(46)) - raft.server.storage.dir = [/home/runner/work/ozone/ozone/hadoop-ozone/integration-test/target/test-dir/MiniOzoneClusterImpl-5c564e69-bd94-47d8-8ed3-49bff913e719/ozone-meta/datanode-6/ratis] (custom)
2024-04-29 09:21:16,237 [05727db8-df0e-4fba-be48-9a4d471deba7-groupManagement] INFO  storage.RaftStorageDirectory (RaftStorageDirectoryImpl.java:analyzeStorage(138)) - The storage directory /home/runner/work/ozone/ozone/hadoop-ozone/integration-test/target/test-dir/MiniOzoneClusterImpl-5c564e69-bd94-47d8-8ed3-49bff913e719/ozone-meta/datanode-6/ratis/b06f296b-b70b-4f2c-9f7b-356c79822ac7 does not exist. Creating ...
2024-04-29 09:21:16,238 [05727db8-df0e-4fba-be48-9a4d471deba7-groupManagement] INFO  storage.RaftStorageDirectory (RaftStorageDirectoryImpl.java:tryLock(228)) - Lock on /home/runner/work/ozone/ozone/hadoop-ozone/integration-test/target/test-dir/MiniOzoneClusterImpl-5c564e69-bd94-47d8-8ed3-49bff913e719/ozone-meta/datanode-6/ratis/b06f296b-b70b-4f2c-9f7b-356c79822ac7/in_use.lock acquired by nodename 21350@fv-az771-493
2024-04-29 09:21:16,239 [05727db8-df0e-4fba-be48-9a4d471deba7-groupManagement] INFO  storage.RaftStorage (RaftStorageImpl.java:format(99)) - Storage directory /home/runner/work/ozone/ozone/hadoop-ozone/integration-test/target/test-dir/MiniOzoneClusterImpl-5c564e69-bd94-47d8-8ed3-49bff913e719/ozone-meta/datanode-6/ratis/b06f296b-b70b-4f2c-9f7b-356c79822ac7 has been successfully formatted.
2024-04-29 09:21:16,239 [05727db8-df0e-4fba-be48-9a4d471deba7-groupManagement] WARN  util.FileUtils (LogUtils.java:supplyAndLog(63)) - Failed to Files.newInputStream /home/runner/work/ozone/ozone/hadoop-ozone/integration-test/target/test-dir/MiniOzoneClusterImpl-5c564e69-bd94-47d8-8ed3-49bff913e719/ozone-meta/datanode-6/ratis/b06f296b-b70b-4f2c-9f7b-356c79822ac7/current/raft-meta.conf with options []: java.nio.file.NoSuchFileException: /home/runner/work/ozone/ozone/hadoop-ozone/integration-test/target/test-dir/MiniOzoneClusterImpl-5c564e69-bd94-47d8-8ed3-49bff913e719/ozone-meta/datanode-6/ratis/b06f296b-b70b-4f2c-9f7b-356c79822ac7/current/raft-meta.conf
2024-04-29 09:21:16,240 [05727db8-df0e-4fba-be48-9a4d471deba7-groupManagement] INFO  ratis.ContainerStateMachine (ContainerStateMachine.java:loadSnapshot(287)) - group-356C79822AC7: The snapshot info is null. Setting the last applied index to:(t:0, i:~)
2024-04-29 09:21:16,240 [05727db8-df0e-4fba-be48-9a4d471deba7-groupManagement] INFO  server.RaftServerConfigKeys (ConfUtils.java:logGet(46)) - raft.server.log.use.memory = false (default)
2024-04-29 09:21:16,240 [05727db8-df0e-4fba-be48-9a4d471deba7-groupManagement] INFO  server.RaftServerConfigKeys (ConfUtils.java:logGet(46)) - raft.server.log.purge.gap = 1000000 (custom)
2024-04-29 09:21:16,240 [05727db8-df0e-4fba-be48-9a4d471deba7-groupManagement] INFO  server.RaftServerConfigKeys (ConfUtils.java:logGet(46)) - raft.server.log.appender.buffer.byte-limit = 8388608 (custom)
2024-04-29 09:21:16,240 [05727db8-df0e-4fba-be48-9a4d471deba7-groupManagement] INFO  server.RaftServerConfigKeys (ConfUtils.java:logGet(46)) - raft.server.log.statemachine.data.read.timeout = 1000ms (default)
2024-04-29 09:21:16,240 [05727db8-df0e-4fba-be48-9a4d471deba7-groupManagement] INFO  server.RaftServerConfigKeys (ConfUtils.java:logGet(46)) - raft.server.log.purge.preservation.log.num = 0 (default)
2024-04-29 09:21:16,241 [EventQueue-PipelineReportForPipelineReportHandler] INFO  pipeline.PipelineReportHandler (PipelineReportHandler.java:processPipelineReport(136)) - Opened pipeline PipelineID=b06f296b-b70b-4f2c-9f7b-356c79822ac7
2024-04-29 09:21:16,241 [EventQueue-OpenPipelineForHealthyPipelineSafeModeRule] INFO  safemode.SCMSafeModeManager (HealthyPipelineSafeModeRule.java:process(140)) - SCM in safe mode. Healthy pipelines reported count is 0, required healthy pipeline reported count is 1
2024-04-29 09:21:16,242 [05727db8-df0e-4fba-be48-9a4d471deba7-groupManagement] INFO  server.RaftServerConfigKeys (ConfUtils.java:logGet(46)) - raft.server.log.segment.size.max = 67108864 (custom)
2024-04-29 09:21:16,242 [05727db8-df0e-4fba-be48-9a4d471deba7-groupManagement] INFO  server.RaftServerConfigKeys (ConfUtils.java:logGet(46)) - raft.server.log.segment.cache.num.max = 2 (custom)
2024-04-29 09:21:16,242 [05727db8-df0e-4fba-be48-9a4d471deba7-groupManagement] INFO  server.RaftServerConfigKeys (ConfUtils.java:logGet(46)) - raft.server.log.segment.cache.size.max = 200MB (=209715200) (default)
2024-04-29 09:21:16,242 [05727db8-df0e-4fba-be48-9a4d471deba7-groupManagement] INFO  server.RaftServerConfigKeys (ConfUtils.java:logGet(46)) - raft.server.log.appender.buffer.byte-limit = 8388608 (custom)
2024-04-29 09:21:16,242 [05727db8-df0e-4fba-be48-9a4d471deba7-groupManagement] INFO  util.AwaitToRun (AwaitToRun.java:start(81)) - Thread[05727db8-df0e-4fba-be48-9a4d471deba7@group-356C79822AC7-cacheEviction-AwaitToRun,5,main] started
2024-04-29 09:21:16,242 [05727db8-df0e-4fba-be48-9a4d471deba7-groupManagement] INFO  segmented.SegmentedRaftLogWorker (SegmentedRaftLogWorker.java:<init>(182)) - new 05727db8-df0e-4fba-be48-9a4d471deba7@group-356C79822AC7-SegmentedRaftLogWorker for RaftStorageImpl:Storage Directory /home/runner/work/ozone/ozone/hadoop-ozone/integration-test/target/test-dir/MiniOzoneClusterImpl-5c564e69-bd94-47d8-8ed3-49bff913e719/ozone-meta/datanode-6/ratis/b06f296b-b70b-4f2c-9f7b-356c79822ac7
2024-04-29 09:21:16,242 [05727db8-df0e-4fba-be48-9a4d471deba7-groupManagement] INFO  server.RaftServerConfigKeys (ConfUtils.java:logGet(46)) - raft.server.log.queue.byte-limit = 4294967296 (custom)
2024-04-29 09:21:16,242 [05727db8-df0e-4fba-be48-9a4d471deba7-groupManagement] INFO  server.RaftServerConfigKeys (ConfUtils.java:logGet(46)) - raft.server.log.queue.element-limit = 1024 (custom)
2024-04-29 09:21:16,242 [05727db8-df0e-4fba-be48-9a4d471deba7-groupManagement] INFO  server.RaftServerConfigKeys (ConfUtils.java:logGet(46)) - raft.server.log.segment.size.max = 67108864 (custom)
2024-04-29 09:21:16,242 [05727db8-df0e-4fba-be48-9a4d471deba7-groupManagement] INFO  server.RaftServerConfigKeys (ConfUtils.java:logGet(46)) - raft.server.log.preallocated.size = 4194304 (custom)
2024-04-29 09:21:16,242 [05727db8-df0e-4fba-be48-9a4d471deba7-groupManagement] INFO  server.RaftServerConfigKeys (ConfUtils.java:logGet(46)) - raft.server.log.force.sync.num = 128 (default)
2024-04-29 09:21:16,242 [05727db8-df0e-4fba-be48-9a4d471deba7-groupManagement] INFO  server.RaftServerConfigKeys (ConfUtils.java:logGet(46)) - raft.server.log.statemachine.data.sync = true (default)
2024-04-29 09:21:16,242 [05727db8-df0e-4fba-be48-9a4d471deba7-groupManagement] INFO  server.RaftServerConfigKeys (ConfUtils.java:logGet(46)) - raft.server.log.statemachine.data.sync.timeout = 10s (default)
2024-04-29 09:21:16,243 [05727db8-df0e-4fba-be48-9a4d471deba7-groupManagement] INFO  server.RaftServerConfigKeys (ConfUtils.java:logGet(46)) - raft.server.log.statemachine.data.sync.timeout.retry = 30 (custom)
2024-04-29 09:21:16,243 [05727db8-df0e-4fba-be48-9a4d471deba7-groupManagement] INFO  server.RaftServerConfigKeys (ConfUtils.java:logGet(46)) - raft.server.log.write.buffer.size = 8388616 (custom)
2024-04-29 09:21:16,244 [05727db8-df0e-4fba-be48-9a4d471deba7-groupManagement] INFO  server.RaftServerConfigKeys (ConfUtils.java:logGet(46)) - raft.server.log.appender.buffer.byte-limit = 8388608 (custom)
2024-04-29 09:21:16,244 [05727db8-df0e-4fba-be48-9a4d471deba7-groupManagement] INFO  server.RaftServerConfigKeys (ConfUtils.java:logGet(46)) - raft.server.log.unsafe-flush.enabled = false (default)
2024-04-29 09:21:16,244 [05727db8-df0e-4fba-be48-9a4d471deba7-groupManagement] INFO  server.RaftServerConfigKeys (ConfUtils.java:logGet(46)) - raft.server.log.async-flush.enabled = false (default)
2024-04-29 09:21:16,244 [05727db8-df0e-4fba-be48-9a4d471deba7-groupManagement] INFO  server.RaftServerConfigKeys (ConfUtils.java:logGet(46)) - raft.server.log.statemachine.data.caching.enabled = true (custom)
2024-04-29 09:21:16,244 [05727db8-df0e-4fba-be48-9a4d471deba7-groupManagement] INFO  segmented.SegmentedRaftLogWorker (SegmentedRaftLogWorker.java:lambda$new$0(134)) - 05727db8-df0e-4fba-be48-9a4d471deba7@group-356C79822AC7-SegmentedRaftLogWorker: flushIndex: setUnconditionally 0 -> -1
2024-04-29 09:21:16,244 [05727db8-df0e-4fba-be48-9a4d471deba7-groupManagement] INFO  segmented.SegmentedRaftLogWorker (SegmentedRaftLogWorker.java:lambda$new$0(134)) - 05727db8-df0e-4fba-be48-9a4d471deba7@group-356C79822AC7-SegmentedRaftLogWorker: safeCacheEvictIndex: setUnconditionally 0 -> -1
2024-04-29 09:21:16,244 [05727db8-df0e-4fba-be48-9a4d471deba7-groupManagement] INFO  server.RaftServer$Division (RaftServerImpl.java:start(396)) - 05727db8-df0e-4fba-be48-9a4d471deba7@group-356C79822AC7: start as a follower, conf=-1: peers:[05727db8-df0e-4fba-be48-9a4d471deba7|127.0.0.1:15326]|listeners:[], old=null
2024-04-29 09:21:16,245 [05727db8-df0e-4fba-be48-9a4d471deba7-groupManagement] INFO  server.RaftServer$Division (RaftServerImpl.java:setRole(383)) - 05727db8-df0e-4fba-be48-9a4d471deba7@group-356C79822AC7: changes role from      null to FOLLOWER at term 0 for startAsFollower
2024-04-29 09:21:16,245 [05727db8-df0e-4fba-be48-9a4d471deba7-groupManagement] INFO  impl.RoleInfo (RoleInfo.java:updateAndGet(139)) - 05727db8-df0e-4fba-be48-9a4d471deba7: start 05727db8-df0e-4fba-be48-9a4d471deba7@group-356C79822AC7-FollowerState
2024-04-29 09:21:16,245 [05727db8-df0e-4fba-be48-9a4d471deba7@group-356C79822AC7-FollowerState] INFO  server.RaftServerConfigKeys (ConfUtils.java:logFallback(53)) - raft.server.rpc.first-election.timeout.min = 5s (fallback to raft.server.rpc.timeout.min)
2024-04-29 09:21:16,245 [05727db8-df0e-4fba-be48-9a4d471deba7-groupManagement] INFO  util.JmxRegister (JmxRegister.java:tryRegister(44)) - Successfully registered JMX Bean with object name Ratis:service=RaftServer,group=group-356C79822AC7,id=05727db8-df0e-4fba-be48-9a4d471deba7
2024-04-29 09:21:16,245 [05727db8-df0e-4fba-be48-9a4d471deba7-groupManagement] INFO  server.RaftServerConfigKeys (ConfUtils.java:logGet(46)) - raft.server.snapshot.trigger-when-stop.enabled = true (default)
2024-04-29 09:21:16,245 [05727db8-df0e-4fba-be48-9a4d471deba7-groupManagement] INFO  server.RaftServerConfigKeys (ConfUtils.java:logGet(46)) - raft.server.snapshot.auto.trigger.enabled = true (custom)
2024-04-29 09:21:16,245 [05727db8-df0e-4fba-be48-9a4d471deba7-groupManagement] INFO  server.RaftServerConfigKeys (ConfUtils.java:logGet(46)) - raft.server.snapshot.auto.trigger.threshold = 10000 (custom)
2024-04-29 09:21:16,245 [05727db8-df0e-4fba-be48-9a4d471deba7-groupManagement] INFO  server.RaftServerConfigKeys (ConfUtils.java:logGet(46)) - raft.server.snapshot.retention.file.num = 5 (custom)
2024-04-29 09:21:16,245 [05727db8-df0e-4fba-be48-9a4d471deba7-groupManagement] INFO  server.RaftServerConfigKeys (ConfUtils.java:logGet(46)) - raft.server.log.purge.upto.snapshot.index = false (default)
2024-04-29 09:21:16,246 [05727db8-df0e-4fba-be48-9a4d471deba7-PipelineCommandHandlerThread-0] INFO  ratis.XceiverServerRatis (XceiverServerRatis.java:addGroup(864)) - Created group PipelineID=b06f296b-b70b-4f2c-9f7b-356c79822ac7
2024-04-29 09:21:16,246 [05727db8-df0e-4fba-be48-9a4d471deba7-PipelineCommandHandlerThread-0] INFO  commandhandler.CreatePipelineCommandHandler (CreatePipelineCommandHandler.java:lambda$handle$2(124)) - Created Pipeline RATIS ONE PipelineID=b06f296b-b70b-4f2c-9f7b-356c79822ac7.
2024-04-29 09:21:16,246 [05727db8-df0e-4fba-be48-9a4d471deba7@group-356C79822AC7-FollowerState] INFO  server.RaftServerConfigKeys (ConfUtils.java:logFallback(53)) - raft.server.rpc.first-election.timeout.max = 5200ms (fallback to raft.server.rpc.timeout.max)
2024-04-29 09:21:16,286 [ab29e55d-edbb-4b88-be19-86f551408953-PipelineCommandHandlerThread-0] INFO  server.RaftServer (RaftServerProxy.java:addNew(100)) - ab29e55d-edbb-4b88-be19-86f551408953: addNew group-CBA65743FC0F:[ab29e55d-edbb-4b88-be19-86f551408953|127.0.0.1:15335] returns group-CBA65743FC0F:java.util.concurrent.CompletableFuture@418d2cb8[Not completed]
2024-04-29 09:21:16,287 [ab29e55d-edbb-4b88-be19-86f551408953-groupManagement] INFO  server.RaftServer$Division (RaftServerImpl.java:<init>(256)) - ab29e55d-edbb-4b88-be19-86f551408953: new RaftServerImpl for group-CBA65743FC0F:[ab29e55d-edbb-4b88-be19-86f551408953|127.0.0.1:15335] with ContainerStateMachine:uninitialized
2024-04-29 09:21:16,287 [ab29e55d-edbb-4b88-be19-86f551408953-groupManagement] INFO  server.RaftServerConfigKeys (ConfUtils.java:logGet(46)) - raft.server.rpc.timeout.min = 5s (custom)
2024-04-29 09:21:16,287 [ab29e55d-edbb-4b88-be19-86f551408953-groupManagement] INFO  server.RaftServerConfigKeys (ConfUtils.java:logGet(46)) - raft.server.rpc.timeout.max = 5200ms (custom)
2024-04-29 09:21:16,287 [ab29e55d-edbb-4b88-be19-86f551408953-groupManagement] INFO  server.RaftServerConfigKeys (ConfUtils.java:logGet(46)) - raft.server.rpc.sleep.time = 25ms (default)
2024-04-29 09:21:16,287 [ab29e55d-edbb-4b88-be19-86f551408953-groupManagement] INFO  server.RaftServerConfigKeys (ConfUtils.java:logGet(46)) - raft.server.rpc.slowness.timeout = 300000ms (custom)
2024-04-29 09:21:16,287 [ab29e55d-edbb-4b88-be19-86f551408953-groupManagement] INFO  server.RaftServerConfigKeys (ConfUtils.java:logGet(46)) - raft.server.leaderelection.leader.step-down.wait-time = 10s (default)
2024-04-29 09:21:16,287 [ab29e55d-edbb-4b88-be19-86f551408953-groupManagement] INFO  server.RaftServerConfigKeys (ConfUtils.java:logGet(46)) - raft.server.leaderelection.member.majority-add = false (default)
2024-04-29 09:21:16,287 [ab29e55d-edbb-4b88-be19-86f551408953-groupManagement] INFO  server.RaftServerConfigKeys (ConfUtils.java:logGet(46)) - raft.server.sleep.deviation.threshold = 300ms (default)
2024-04-29 09:21:16,287 [ab29e55d-edbb-4b88-be19-86f551408953-groupManagement] INFO  server.RaftServer$Division (ServerState.java:<init>(113)) - ab29e55d-edbb-4b88-be19-86f551408953@group-CBA65743FC0F: ConfigurationManager, init=-1: peers:[ab29e55d-edbb-4b88-be19-86f551408953|127.0.0.1:15335]|listeners:[], old=null, confs=<EMPTY_MAP>
2024-04-29 09:21:16,287 [ab29e55d-edbb-4b88-be19-86f551408953-groupManagement] INFO  server.RaftServerConfigKeys (ConfUtils.java:logGet(46)) - raft.server.notification.no-leader.timeout = 300000ms (custom)
2024-04-29 09:21:16,287 [ab29e55d-edbb-4b88-be19-86f551408953-groupManagement] INFO  server.RaftServerConfigKeys (ConfUtils.java:logGet(46)) - raft.server.read.timeout = 10s (default)
2024-04-29 09:21:16,287 [ab29e55d-edbb-4b88-be19-86f551408953-groupManagement] INFO  server.RaftServerConfigKeys (ConfUtils.java:logGet(46)) - raft.server.retrycache.expirytime = 600000ms (custom)
2024-04-29 09:21:16,287 [ab29e55d-edbb-4b88-be19-86f551408953-groupManagement] INFO  server.RaftServerConfigKeys (ConfUtils.java:logGet(46)) - raft.server.retrycache.statistics.expirytime = 100ms (default)
2024-04-29 09:21:16,287 [ab29e55d-edbb-4b88-be19-86f551408953-groupManagement] INFO  server.RaftServerConfigKeys (ConfUtils.java:logGet(46)) - raft.server.read.option = DEFAULT (default)
2024-04-29 09:21:16,287 [ab29e55d-edbb-4b88-be19-86f551408953-groupManagement] INFO  server.RaftServerConfigKeys (ConfUtils.java:logGet(46)) - raft.server.read.read-after-write-consistent.write-index-cache.expiry-time = 60s (default)
2024-04-29 09:21:16,289 [ab29e55d-edbb-4b88-be19-86f551408953-groupManagement] INFO  server.RaftServerConfigKeys (ConfUtils.java:logGet(46)) - raft.server.rpc.request.timeout = 3000ms (default)
2024-04-29 09:21:16,289 [ab29e55d-edbb-4b88-be19-86f551408953-groupManagement] INFO  server.RaftServerConfigKeys (ConfUtils.java:logGet(46)) - raft.server.log.appender.install.snapshot.enabled = false (custom)
2024-04-29 09:21:16,289 [ab29e55d-edbb-4b88-be19-86f551408953-groupManagement] INFO  server.RaftServerConfigKeys (ConfUtils.java:logGet(46)) - raft.server.threadpool.server.cached = true (default)
2024-04-29 09:21:16,289 [ab29e55d-edbb-4b88-be19-86f551408953-groupManagement] INFO  server.RaftServerConfigKeys (ConfUtils.java:logGet(46)) - raft.server.threadpool.server.size = 0 (default)
2024-04-29 09:21:16,289 [ab29e55d-edbb-4b88-be19-86f551408953-groupManagement] INFO  server.RaftServerConfigKeys (ConfUtils.java:logGet(46)) - raft.server.threadpool.client.cached = true (default)
2024-04-29 09:21:16,289 [ab29e55d-edbb-4b88-be19-86f551408953-groupManagement] INFO  server.RaftServerConfigKeys (ConfUtils.java:logGet(46)) - raft.server.threadpool.client.size = 0 (default)
2024-04-29 09:21:16,289 [ab29e55d-edbb-4b88-be19-86f551408953-groupManagement] INFO  server.RaftServerConfigKeys (ConfUtils.java:logGet(46)) - raft.server.storage.free-space.min = 0MB (=0) (default)
2024-04-29 09:21:16,289 [ab29e55d-edbb-4b88-be19-86f551408953-groupManagement] INFO  server.RaftServerConfigKeys (ConfUtils.java:logGet(46)) - raft.server.log.corruption.policy = EXCEPTION (default)
2024-04-29 09:21:16,289 [ab29e55d-edbb-4b88-be19-86f551408953-groupManagement] INFO  server.RaftServerConfigKeys (ConfUtils.java:logGet(46)) - raft.server.storage.dir = [/home/runner/work/ozone/ozone/hadoop-ozone/integration-test/target/test-dir/MiniOzoneClusterImpl-5c564e69-bd94-47d8-8ed3-49bff913e719/ozone-meta/datanode-7/ratis] (custom)
2024-04-29 09:21:16,290 [ab29e55d-edbb-4b88-be19-86f551408953-groupManagement] INFO  storage.RaftStorageDirectory (RaftStorageDirectoryImpl.java:analyzeStorage(138)) - The storage directory /home/runner/work/ozone/ozone/hadoop-ozone/integration-test/target/test-dir/MiniOzoneClusterImpl-5c564e69-bd94-47d8-8ed3-49bff913e719/ozone-meta/datanode-7/ratis/0942fad4-e429-41ae-af31-cba65743fc0f does not exist. Creating ...
2024-04-29 09:21:16,290 [ab29e55d-edbb-4b88-be19-86f551408953-groupManagement] INFO  storage.RaftStorageDirectory (RaftStorageDirectoryImpl.java:tryLock(228)) - Lock on /home/runner/work/ozone/ozone/hadoop-ozone/integration-test/target/test-dir/MiniOzoneClusterImpl-5c564e69-bd94-47d8-8ed3-49bff913e719/ozone-meta/datanode-7/ratis/0942fad4-e429-41ae-af31-cba65743fc0f/in_use.lock acquired by nodename 21350@fv-az771-493
2024-04-29 09:21:16,291 [ab29e55d-edbb-4b88-be19-86f551408953-groupManagement] INFO  storage.RaftStorage (RaftStorageImpl.java:format(99)) - Storage directory /home/runner/work/ozone/ozone/hadoop-ozone/integration-test/target/test-dir/MiniOzoneClusterImpl-5c564e69-bd94-47d8-8ed3-49bff913e719/ozone-meta/datanode-7/ratis/0942fad4-e429-41ae-af31-cba65743fc0f has been successfully formatted.
2024-04-29 09:21:16,291 [ab29e55d-edbb-4b88-be19-86f551408953-groupManagement] WARN  util.FileUtils (LogUtils.java:supplyAndLog(63)) - Failed to Files.newInputStream /home/runner/work/ozone/ozone/hadoop-ozone/integration-test/target/test-dir/MiniOzoneClusterImpl-5c564e69-bd94-47d8-8ed3-49bff913e719/ozone-meta/datanode-7/ratis/0942fad4-e429-41ae-af31-cba65743fc0f/current/raft-meta.conf with options []: java.nio.file.NoSuchFileException: /home/runner/work/ozone/ozone/hadoop-ozone/integration-test/target/test-dir/MiniOzoneClusterImpl-5c564e69-bd94-47d8-8ed3-49bff913e719/ozone-meta/datanode-7/ratis/0942fad4-e429-41ae-af31-cba65743fc0f/current/raft-meta.conf
2024-04-29 09:21:16,292 [ab29e55d-edbb-4b88-be19-86f551408953-groupManagement] INFO  ratis.ContainerStateMachine (ContainerStateMachine.java:loadSnapshot(287)) - group-CBA65743FC0F: The snapshot info is null. Setting the last applied index to:(t:0, i:~)
2024-04-29 09:21:16,292 [ab29e55d-edbb-4b88-be19-86f551408953-groupManagement] INFO  server.RaftServerConfigKeys (ConfUtils.java:logGet(46)) - raft.server.log.use.memory = false (default)
2024-04-29 09:21:16,292 [ab29e55d-edbb-4b88-be19-86f551408953-groupManagement] INFO  server.RaftServerConfigKeys (ConfUtils.java:logGet(46)) - raft.server.log.purge.gap = 1000000 (custom)
2024-04-29 09:21:16,292 [ab29e55d-edbb-4b88-be19-86f551408953-groupManagement] INFO  server.RaftServerConfigKeys (ConfUtils.java:logGet(46)) - raft.server.log.appender.buffer.byte-limit = 8388608 (custom)
2024-04-29 09:21:16,292 [ab29e55d-edbb-4b88-be19-86f551408953-groupManagement] INFO  server.RaftServerConfigKeys (ConfUtils.java:logGet(46)) - raft.server.log.statemachine.data.read.timeout = 1000ms (default)
2024-04-29 09:21:16,292 [ab29e55d-edbb-4b88-be19-86f551408953-groupManagement] INFO  server.RaftServerConfigKeys (ConfUtils.java:logGet(46)) - raft.server.log.purge.preservation.log.num = 0 (default)
2024-04-29 09:21:16,293 [ab29e55d-edbb-4b88-be19-86f551408953-groupManagement] INFO  server.RaftServerConfigKeys (ConfUtils.java:logGet(46)) - raft.server.log.segment.size.max = 67108864 (custom)
2024-04-29 09:21:16,293 [ab29e55d-edbb-4b88-be19-86f551408953-groupManagement] INFO  server.RaftServerConfigKeys (ConfUtils.java:logGet(46)) - raft.server.log.segment.cache.num.max = 2 (custom)
2024-04-29 09:21:16,293 [ab29e55d-edbb-4b88-be19-86f551408953-groupManagement] INFO  server.RaftServerConfigKeys (ConfUtils.java:logGet(46)) - raft.server.log.segment.cache.size.max = 200MB (=209715200) (default)
2024-04-29 09:21:16,293 [ab29e55d-edbb-4b88-be19-86f551408953-groupManagement] INFO  server.RaftServerConfigKeys (ConfUtils.java:logGet(46)) - raft.server.log.appender.buffer.byte-limit = 8388608 (custom)
2024-04-29 09:21:16,294 [ab29e55d-edbb-4b88-be19-86f551408953-groupManagement] INFO  util.AwaitToRun (AwaitToRun.java:start(81)) - Thread[ab29e55d-edbb-4b88-be19-86f551408953@group-CBA65743FC0F-cacheEviction-AwaitToRun,5,main] started
2024-04-29 09:21:16,294 [ab29e55d-edbb-4b88-be19-86f551408953-groupManagement] INFO  segmented.SegmentedRaftLogWorker (SegmentedRaftLogWorker.java:<init>(182)) - new ab29e55d-edbb-4b88-be19-86f551408953@group-CBA65743FC0F-SegmentedRaftLogWorker for RaftStorageImpl:Storage Directory /home/runner/work/ozone/ozone/hadoop-ozone/integration-test/target/test-dir/MiniOzoneClusterImpl-5c564e69-bd94-47d8-8ed3-49bff913e719/ozone-meta/datanode-7/ratis/0942fad4-e429-41ae-af31-cba65743fc0f
2024-04-29 09:21:16,294 [ab29e55d-edbb-4b88-be19-86f551408953-groupManagement] INFO  server.RaftServerConfigKeys (ConfUtils.java:logGet(46)) - raft.server.log.queue.byte-limit = 4294967296 (custom)
2024-04-29 09:21:16,294 [ab29e55d-edbb-4b88-be19-86f551408953-groupManagement] INFO  server.RaftServerConfigKeys (ConfUtils.java:logGet(46)) - raft.server.log.queue.element-limit = 1024 (custom)
2024-04-29 09:21:16,294 [ab29e55d-edbb-4b88-be19-86f551408953-groupManagement] INFO  server.RaftServerConfigKeys (ConfUtils.java:logGet(46)) - raft.server.log.segment.size.max = 67108864 (custom)
2024-04-29 09:21:16,294 [ab29e55d-edbb-4b88-be19-86f551408953-groupManagement] INFO  server.RaftServerConfigKeys (ConfUtils.java:logGet(46)) - raft.server.log.preallocated.size = 4194304 (custom)
2024-04-29 09:21:16,294 [ab29e55d-edbb-4b88-be19-86f551408953-groupManagement] INFO  server.RaftServerConfigKeys (ConfUtils.java:logGet(46)) - raft.server.log.force.sync.num = 128 (default)
2024-04-29 09:21:16,294 [ab29e55d-edbb-4b88-be19-86f551408953-groupManagement] INFO  server.RaftServerConfigKeys (ConfUtils.java:logGet(46)) - raft.server.log.statemachine.data.sync = true (default)
2024-04-29 09:21:16,294 [ab29e55d-edbb-4b88-be19-86f551408953-groupManagement] INFO  server.RaftServerConfigKeys (ConfUtils.java:logGet(46)) - raft.server.log.statemachine.data.sync.timeout = 10s (default)
2024-04-29 09:21:16,294 [ab29e55d-edbb-4b88-be19-86f551408953-groupManagement] INFO  server.RaftServerConfigKeys (ConfUtils.java:logGet(46)) - raft.server.log.statemachine.data.sync.timeout.retry = 30 (custom)
2024-04-29 09:21:16,294 [ab29e55d-edbb-4b88-be19-86f551408953-groupManagement] INFO  server.RaftServerConfigKeys (ConfUtils.java:logGet(46)) - raft.server.log.write.buffer.size = 8388616 (custom)
2024-04-29 09:21:16,295 [EventQueue-PipelineReportForPipelineReportHandler] INFO  pipeline.PipelineReportHandler (PipelineReportHandler.java:processPipelineReport(136)) - Opened pipeline PipelineID=0942fad4-e429-41ae-af31-cba65743fc0f
2024-04-29 09:21:16,295 [EventQueue-OpenPipelineForHealthyPipelineSafeModeRule] INFO  safemode.SCMSafeModeManager (HealthyPipelineSafeModeRule.java:process(140)) - SCM in safe mode. Healthy pipelines reported count is 0, required healthy pipeline reported count is 1
2024-04-29 09:21:16,296 [ab29e55d-edbb-4b88-be19-86f551408953-groupManagement] INFO  server.RaftServerConfigKeys (ConfUtils.java:logGet(46)) - raft.server.log.appender.buffer.byte-limit = 8388608 (custom)
2024-04-29 09:21:16,296 [ab29e55d-edbb-4b88-be19-86f551408953-groupManagement] INFO  server.RaftServerConfigKeys (ConfUtils.java:logGet(46)) - raft.server.log.unsafe-flush.enabled = false (default)
2024-04-29 09:21:16,296 [ab29e55d-edbb-4b88-be19-86f551408953-groupManagement] INFO  server.RaftServerConfigKeys (ConfUtils.java:logGet(46)) - raft.server.log.async-flush.enabled = false (default)
2024-04-29 09:21:16,296 [ab29e55d-edbb-4b88-be19-86f551408953-groupManagement] INFO  server.RaftServerConfigKeys (ConfUtils.java:logGet(46)) - raft.server.log.statemachine.data.caching.enabled = true (custom)
2024-04-29 09:21:16,296 [ab29e55d-edbb-4b88-be19-86f551408953-groupManagement] INFO  segmented.SegmentedRaftLogWorker (SegmentedRaftLogWorker.java:lambda$new$0(134)) - ab29e55d-edbb-4b88-be19-86f551408953@group-CBA65743FC0F-SegmentedRaftLogWorker: flushIndex: setUnconditionally 0 -> -1
2024-04-29 09:21:16,296 [ab29e55d-edbb-4b88-be19-86f551408953-groupManagement] INFO  segmented.SegmentedRaftLogWorker (SegmentedRaftLogWorker.java:lambda$new$0(134)) - ab29e55d-edbb-4b88-be19-86f551408953@group-CBA65743FC0F-SegmentedRaftLogWorker: safeCacheEvictIndex: setUnconditionally 0 -> -1
2024-04-29 09:21:16,296 [ab29e55d-edbb-4b88-be19-86f551408953-groupManagement] INFO  server.RaftServer$Division (RaftServerImpl.java:start(396)) - ab29e55d-edbb-4b88-be19-86f551408953@group-CBA65743FC0F: start as a follower, conf=-1: peers:[ab29e55d-edbb-4b88-be19-86f551408953|127.0.0.1:15335]|listeners:[], old=null
2024-04-29 09:21:16,296 [ab29e55d-edbb-4b88-be19-86f551408953-groupManagement] INFO  server.RaftServer$Division (RaftServerImpl.java:setRole(383)) - ab29e55d-edbb-4b88-be19-86f551408953@group-CBA65743FC0F: changes role from      null to FOLLOWER at term 0 for startAsFollower
2024-04-29 09:21:16,296 [ab29e55d-edbb-4b88-be19-86f551408953-groupManagement] INFO  impl.RoleInfo (RoleInfo.java:updateAndGet(139)) - ab29e55d-edbb-4b88-be19-86f551408953: start ab29e55d-edbb-4b88-be19-86f551408953@group-CBA65743FC0F-FollowerState
2024-04-29 09:21:16,297 [ab29e55d-edbb-4b88-be19-86f551408953-groupManagement] INFO  util.JmxRegister (JmxRegister.java:tryRegister(44)) - Successfully registered JMX Bean with object name Ratis:service=RaftServer,group=group-CBA65743FC0F,id=ab29e55d-edbb-4b88-be19-86f551408953
2024-04-29 09:21:16,297 [ab29e55d-edbb-4b88-be19-86f551408953-groupManagement] INFO  server.RaftServerConfigKeys (ConfUtils.java:logGet(46)) - raft.server.snapshot.trigger-when-stop.enabled = true (default)
2024-04-29 09:21:16,297 [ab29e55d-edbb-4b88-be19-86f551408953-groupManagement] INFO  server.RaftServerConfigKeys (ConfUtils.java:logGet(46)) - raft.server.snapshot.auto.trigger.enabled = true (custom)
2024-04-29 09:21:16,297 [ab29e55d-edbb-4b88-be19-86f551408953-groupManagement] INFO  server.RaftServerConfigKeys (ConfUtils.java:logGet(46)) - raft.server.snapshot.auto.trigger.threshold = 10000 (custom)
2024-04-29 09:21:16,297 [ab29e55d-edbb-4b88-be19-86f551408953-groupManagement] INFO  server.RaftServerConfigKeys (ConfUtils.java:logGet(46)) - raft.server.snapshot.retention.file.num = 5 (custom)
2024-04-29 09:21:16,297 [ab29e55d-edbb-4b88-be19-86f551408953-groupManagement] INFO  server.RaftServerConfigKeys (ConfUtils.java:logGet(46)) - raft.server.log.purge.upto.snapshot.index = false (default)
2024-04-29 09:21:16,297 [ab29e55d-edbb-4b88-be19-86f551408953@group-CBA65743FC0F-FollowerState] INFO  server.RaftServerConfigKeys (ConfUtils.java:logFallback(53)) - raft.server.rpc.first-election.timeout.min = 5s (fallback to raft.server.rpc.timeout.min)
2024-04-29 09:21:16,297 [ab29e55d-edbb-4b88-be19-86f551408953@group-CBA65743FC0F-FollowerState] INFO  server.RaftServerConfigKeys (ConfUtils.java:logFallback(53)) - raft.server.rpc.first-election.timeout.max = 5200ms (fallback to raft.server.rpc.timeout.max)
2024-04-29 09:21:16,297 [ab29e55d-edbb-4b88-be19-86f551408953-PipelineCommandHandlerThread-0] INFO  ratis.XceiverServerRatis (XceiverServerRatis.java:addGroup(864)) - Created group PipelineID=0942fad4-e429-41ae-af31-cba65743fc0f
2024-04-29 09:21:16,297 [ab29e55d-edbb-4b88-be19-86f551408953-PipelineCommandHandlerThread-0] INFO  commandhandler.CreatePipelineCommandHandler (CreatePipelineCommandHandler.java:lambda$handle$2(124)) - Created Pipeline RATIS ONE PipelineID=0942fad4-e429-41ae-af31-cba65743fc0f.
2024-04-29 09:21:16,298 [ab29e55d-edbb-4b88-be19-86f551408953-PipelineCommandHandlerThread-0] INFO  server.RaftServer (RaftServerProxy.java:addNew(100)) - ab29e55d-edbb-4b88-be19-86f551408953: addNew group-86FDD4066E61:[ab29e55d-edbb-4b88-be19-86f551408953|127.0.0.1:15335, 9aa29c9a-34be-4d10-8746-61e8629e52a2|127.0.0.1:15344, 2915b4d7-e658-4864-9310-64154da9bd5b|127.0.0.1:15353] returns group-86FDD4066E61:java.util.concurrent.CompletableFuture@45b2b051[Not completed]
2024-04-29 09:21:16,299 [ab29e55d-edbb-4b88-be19-86f551408953-groupManagement] INFO  server.RaftServer$Division (RaftServerImpl.java:<init>(256)) - ab29e55d-edbb-4b88-be19-86f551408953: new RaftServerImpl for group-86FDD4066E61:[ab29e55d-edbb-4b88-be19-86f551408953|127.0.0.1:15335, 9aa29c9a-34be-4d10-8746-61e8629e52a2|127.0.0.1:15344, 2915b4d7-e658-4864-9310-64154da9bd5b|127.0.0.1:15353] with ContainerStateMachine:uninitialized
2024-04-29 09:21:16,299 [ab29e55d-edbb-4b88-be19-86f551408953-groupManagement] INFO  server.RaftServerConfigKeys (ConfUtils.java:logGet(46)) - raft.server.rpc.timeout.min = 5s (custom)
2024-04-29 09:21:16,299 [ab29e55d-edbb-4b88-be19-86f551408953-groupManagement] INFO  server.RaftServerConfigKeys (ConfUtils.java:logGet(46)) - raft.server.rpc.timeout.max = 5200ms (custom)
2024-04-29 09:21:16,299 [ab29e55d-edbb-4b88-be19-86f551408953-groupManagement] INFO  server.RaftServerConfigKeys (ConfUtils.java:logGet(46)) - raft.server.rpc.sleep.time = 25ms (default)
2024-04-29 09:21:16,299 [ab29e55d-edbb-4b88-be19-86f551408953-groupManagement] INFO  server.RaftServerConfigKeys (ConfUtils.java:logGet(46)) - raft.server.rpc.slowness.timeout = 300000ms (custom)
2024-04-29 09:21:16,299 [ab29e55d-edbb-4b88-be19-86f551408953-groupManagement] INFO  server.RaftServerConfigKeys (ConfUtils.java:logGet(46)) - raft.server.leaderelection.leader.step-down.wait-time = 10s (default)
2024-04-29 09:21:16,299 [ab29e55d-edbb-4b88-be19-86f551408953-groupManagement] INFO  server.RaftServerConfigKeys (ConfUtils.java:logGet(46)) - raft.server.leaderelection.member.majority-add = false (default)
2024-04-29 09:21:16,299 [ab29e55d-edbb-4b88-be19-86f551408953-groupManagement] INFO  server.RaftServerConfigKeys (ConfUtils.java:logGet(46)) - raft.server.sleep.deviation.threshold = 300ms (default)
2024-04-29 09:21:16,299 [ab29e55d-edbb-4b88-be19-86f551408953-groupManagement] INFO  server.RaftServer$Division (ServerState.java:<init>(113)) - ab29e55d-edbb-4b88-be19-86f551408953@group-86FDD4066E61: ConfigurationManager, init=-1: peers:[ab29e55d-edbb-4b88-be19-86f551408953|127.0.0.1:15335, 9aa29c9a-34be-4d10-8746-61e8629e52a2|127.0.0.1:15344, 2915b4d7-e658-4864-9310-64154da9bd5b|127.0.0.1:15353]|listeners:[], old=null, confs=<EMPTY_MAP>
2024-04-29 09:21:16,300 [ab29e55d-edbb-4b88-be19-86f551408953-groupManagement] INFO  server.RaftServerConfigKeys (ConfUtils.java:logGet(46)) - raft.server.notification.no-leader.timeout = 300000ms (custom)
2024-04-29 09:21:16,300 [ab29e55d-edbb-4b88-be19-86f551408953-groupManagement] INFO  server.RaftServerConfigKeys (ConfUtils.java:logGet(46)) - raft.server.read.timeout = 10s (default)
2024-04-29 09:21:16,300 [ab29e55d-edbb-4b88-be19-86f551408953-groupManagement] INFO  server.RaftServerConfigKeys (ConfUtils.java:logGet(46)) - raft.server.retrycache.expirytime = 600000ms (custom)
2024-04-29 09:21:16,300 [ab29e55d-edbb-4b88-be19-86f551408953-groupManagement] INFO  server.RaftServerConfigKeys (ConfUtils.java:logGet(46)) - raft.server.retrycache.statistics.expirytime = 100ms (default)
2024-04-29 09:21:16,300 [ab29e55d-edbb-4b88-be19-86f551408953-groupManagement] INFO  server.RaftServerConfigKeys (ConfUtils.java:logGet(46)) - raft.server.read.option = DEFAULT (default)
2024-04-29 09:21:16,300 [ab29e55d-edbb-4b88-be19-86f551408953-groupManagement] INFO  server.RaftServerConfigKeys (ConfUtils.java:logGet(46)) - raft.server.read.read-after-write-consistent.write-index-cache.expiry-time = 60s (default)
2024-04-29 09:21:16,302 [ab29e55d-edbb-4b88-be19-86f551408953-groupManagement] INFO  server.RaftServerConfigKeys (ConfUtils.java:logGet(46)) - raft.server.rpc.request.timeout = 3000ms (default)
2024-04-29 09:21:16,302 [ab29e55d-edbb-4b88-be19-86f551408953-groupManagement] INFO  server.RaftServerConfigKeys (ConfUtils.java:logGet(46)) - raft.server.log.appender.install.snapshot.enabled = false (custom)
2024-04-29 09:21:16,302 [ab29e55d-edbb-4b88-be19-86f551408953-groupManagement] INFO  server.RaftServerConfigKeys (ConfUtils.java:logGet(46)) - raft.server.threadpool.server.cached = true (default)
2024-04-29 09:21:16,302 [ab29e55d-edbb-4b88-be19-86f551408953-groupManagement] INFO  server.RaftServerConfigKeys (ConfUtils.java:logGet(46)) - raft.server.threadpool.server.size = 0 (default)
2024-04-29 09:21:16,302 [ab29e55d-edbb-4b88-be19-86f551408953-groupManagement] INFO  server.RaftServerConfigKeys (ConfUtils.java:logGet(46)) - raft.server.threadpool.client.cached = true (default)
2024-04-29 09:21:16,302 [ab29e55d-edbb-4b88-be19-86f551408953-groupManagement] INFO  server.RaftServerConfigKeys (ConfUtils.java:logGet(46)) - raft.server.threadpool.client.size = 0 (default)
2024-04-29 09:21:16,302 [ab29e55d-edbb-4b88-be19-86f551408953-groupManagement] INFO  server.RaftServerConfigKeys (ConfUtils.java:logGet(46)) - raft.server.storage.free-space.min = 0MB (=0) (default)
2024-04-29 09:21:16,302 [ab29e55d-edbb-4b88-be19-86f551408953-groupManagement] INFO  server.RaftServerConfigKeys (ConfUtils.java:logGet(46)) - raft.server.log.corruption.policy = EXCEPTION (default)
2024-04-29 09:21:16,303 [ab29e55d-edbb-4b88-be19-86f551408953-groupManagement] INFO  server.RaftServerConfigKeys (ConfUtils.java:logGet(46)) - raft.server.storage.dir = [/home/runner/work/ozone/ozone/hadoop-ozone/integration-test/target/test-dir/MiniOzoneClusterImpl-5c564e69-bd94-47d8-8ed3-49bff913e719/ozone-meta/datanode-7/ratis] (custom)
2024-04-29 09:21:16,303 [ab29e55d-edbb-4b88-be19-86f551408953-groupManagement] INFO  storage.RaftStorageDirectory (RaftStorageDirectoryImpl.java:analyzeStorage(138)) - The storage directory /home/runner/work/ozone/ozone/hadoop-ozone/integration-test/target/test-dir/MiniOzoneClusterImpl-5c564e69-bd94-47d8-8ed3-49bff913e719/ozone-meta/datanode-7/ratis/0b1c4d5e-c6f1-4272-a85e-86fdd4066e61 does not exist. Creating ...
2024-04-29 09:21:16,304 [ab29e55d-edbb-4b88-be19-86f551408953-groupManagement] INFO  storage.RaftStorageDirectory (RaftStorageDirectoryImpl.java:tryLock(228)) - Lock on /home/runner/work/ozone/ozone/hadoop-ozone/integration-test/target/test-dir/MiniOzoneClusterImpl-5c564e69-bd94-47d8-8ed3-49bff913e719/ozone-meta/datanode-7/ratis/0b1c4d5e-c6f1-4272-a85e-86fdd4066e61/in_use.lock acquired by nodename 21350@fv-az771-493
2024-04-29 09:21:16,305 [ab29e55d-edbb-4b88-be19-86f551408953-groupManagement] INFO  storage.RaftStorage (RaftStorageImpl.java:format(99)) - Storage directory /home/runner/work/ozone/ozone/hadoop-ozone/integration-test/target/test-dir/MiniOzoneClusterImpl-5c564e69-bd94-47d8-8ed3-49bff913e719/ozone-meta/datanode-7/ratis/0b1c4d5e-c6f1-4272-a85e-86fdd4066e61 has been successfully formatted.
2024-04-29 09:21:16,305 [ab29e55d-edbb-4b88-be19-86f551408953-groupManagement] WARN  util.FileUtils (LogUtils.java:supplyAndLog(63)) - Failed to Files.newInputStream /home/runner/work/ozone/ozone/hadoop-ozone/integration-test/target/test-dir/MiniOzoneClusterImpl-5c564e69-bd94-47d8-8ed3-49bff913e719/ozone-meta/datanode-7/ratis/0b1c4d5e-c6f1-4272-a85e-86fdd4066e61/current/raft-meta.conf with options []: java.nio.file.NoSuchFileException: /home/runner/work/ozone/ozone/hadoop-ozone/integration-test/target/test-dir/MiniOzoneClusterImpl-5c564e69-bd94-47d8-8ed3-49bff913e719/ozone-meta/datanode-7/ratis/0b1c4d5e-c6f1-4272-a85e-86fdd4066e61/current/raft-meta.conf
2024-04-29 09:21:16,305 [ab29e55d-edbb-4b88-be19-86f551408953-groupManagement] INFO  ratis.ContainerStateMachine (ContainerStateMachine.java:loadSnapshot(287)) - group-86FDD4066E61: The snapshot info is null. Setting the last applied index to:(t:0, i:~)
2024-04-29 09:21:16,305 [ab29e55d-edbb-4b88-be19-86f551408953-groupManagement] INFO  server.RaftServerConfigKeys (ConfUtils.java:logGet(46)) - raft.server.log.use.memory = false (default)
2024-04-29 09:21:16,305 [ab29e55d-edbb-4b88-be19-86f551408953-groupManagement] INFO  server.RaftServerConfigKeys (ConfUtils.java:logGet(46)) - raft.server.log.purge.gap = 1000000 (custom)
2024-04-29 09:21:16,305 [ab29e55d-edbb-4b88-be19-86f551408953-groupManagement] INFO  server.RaftServerConfigKeys (ConfUtils.java:logGet(46)) - raft.server.log.appender.buffer.byte-limit = 8388608 (custom)
2024-04-29 09:21:16,305 [ab29e55d-edbb-4b88-be19-86f551408953-groupManagement] INFO  server.RaftServerConfigKeys (ConfUtils.java:logGet(46)) - raft.server.log.statemachine.data.read.timeout = 1000ms (default)
2024-04-29 09:21:16,305 [ab29e55d-edbb-4b88-be19-86f551408953-groupManagement] INFO  server.RaftServerConfigKeys (ConfUtils.java:logGet(46)) - raft.server.log.purge.preservation.log.num = 0 (default)
2024-04-29 09:21:16,306 [EventQueue-OpenPipelineForHealthyPipelineSafeModeRule] INFO  safemode.SCMSafeModeManager (HealthyPipelineSafeModeRule.java:process(140)) - SCM in safe mode. Healthy pipelines reported count is 0, required healthy pipeline reported count is 1
2024-04-29 09:21:16,307 [ab29e55d-edbb-4b88-be19-86f551408953-groupManagement] INFO  server.RaftServerConfigKeys (ConfUtils.java:logGet(46)) - raft.server.log.segment.size.max = 67108864 (custom)
2024-04-29 09:21:16,307 [ab29e55d-edbb-4b88-be19-86f551408953-groupManagement] INFO  server.RaftServerConfigKeys (ConfUtils.java:logGet(46)) - raft.server.log.segment.cache.num.max = 2 (custom)
2024-04-29 09:21:16,307 [ab29e55d-edbb-4b88-be19-86f551408953-groupManagement] INFO  server.RaftServerConfigKeys (ConfUtils.java:logGet(46)) - raft.server.log.segment.cache.size.max = 200MB (=209715200) (default)
2024-04-29 09:21:16,307 [ab29e55d-edbb-4b88-be19-86f551408953-groupManagement] INFO  server.RaftServerConfigKeys (ConfUtils.java:logGet(46)) - raft.server.log.appender.buffer.byte-limit = 8388608 (custom)
2024-04-29 09:21:16,310 [ab29e55d-edbb-4b88-be19-86f551408953-groupManagement] INFO  util.AwaitToRun (AwaitToRun.java:start(81)) - Thread[ab29e55d-edbb-4b88-be19-86f551408953@group-86FDD4066E61-cacheEviction-AwaitToRun,5,main] started
2024-04-29 09:21:16,310 [ab29e55d-edbb-4b88-be19-86f551408953-groupManagement] INFO  segmented.SegmentedRaftLogWorker (SegmentedRaftLogWorker.java:<init>(182)) - new ab29e55d-edbb-4b88-be19-86f551408953@group-86FDD4066E61-SegmentedRaftLogWorker for RaftStorageImpl:Storage Directory /home/runner/work/ozone/ozone/hadoop-ozone/integration-test/target/test-dir/MiniOzoneClusterImpl-5c564e69-bd94-47d8-8ed3-49bff913e719/ozone-meta/datanode-7/ratis/0b1c4d5e-c6f1-4272-a85e-86fdd4066e61
2024-04-29 09:21:16,310 [ab29e55d-edbb-4b88-be19-86f551408953-groupManagement] INFO  server.RaftServerConfigKeys (ConfUtils.java:logGet(46)) - raft.server.log.queue.byte-limit = 4294967296 (custom)
2024-04-29 09:21:16,310 [ab29e55d-edbb-4b88-be19-86f551408953-groupManagement] INFO  server.RaftServerConfigKeys (ConfUtils.java:logGet(46)) - raft.server.log.queue.element-limit = 1024 (custom)
2024-04-29 09:21:16,310 [ab29e55d-edbb-4b88-be19-86f551408953-groupManagement] INFO  server.RaftServerConfigKeys (ConfUtils.java:logGet(46)) - raft.server.log.segment.size.max = 67108864 (custom)
2024-04-29 09:21:16,310 [ab29e55d-edbb-4b88-be19-86f551408953-groupManagement] INFO  server.RaftServerConfigKeys (ConfUtils.java:logGet(46)) - raft.server.log.preallocated.size = 4194304 (custom)
2024-04-29 09:21:16,310 [ab29e55d-edbb-4b88-be19-86f551408953-groupManagement] INFO  server.RaftServerConfigKeys (ConfUtils.java:logGet(46)) - raft.server.log.force.sync.num = 128 (default)
2024-04-29 09:21:16,310 [ab29e55d-edbb-4b88-be19-86f551408953-groupManagement] INFO  server.RaftServerConfigKeys (ConfUtils.java:logGet(46)) - raft.server.log.statemachine.data.sync = true (default)
2024-04-29 09:21:16,310 [ab29e55d-edbb-4b88-be19-86f551408953-groupManagement] INFO  server.RaftServerConfigKeys (ConfUtils.java:logGet(46)) - raft.server.log.statemachine.data.sync.timeout = 10s (default)
2024-04-29 09:21:16,310 [ab29e55d-edbb-4b88-be19-86f551408953-groupManagement] INFO  server.RaftServerConfigKeys (ConfUtils.java:logGet(46)) - raft.server.log.statemachine.data.sync.timeout.retry = 30 (custom)
2024-04-29 09:21:16,311 [ab29e55d-edbb-4b88-be19-86f551408953-groupManagement] INFO  server.RaftServerConfigKeys (ConfUtils.java:logGet(46)) - raft.server.log.write.buffer.size = 8388616 (custom)
2024-04-29 09:21:16,312 [ab29e55d-edbb-4b88-be19-86f551408953-groupManagement] INFO  server.RaftServerConfigKeys (ConfUtils.java:logGet(46)) - raft.server.log.appender.buffer.byte-limit = 8388608 (custom)
2024-04-29 09:21:16,312 [ab29e55d-edbb-4b88-be19-86f551408953-groupManagement] INFO  server.RaftServerConfigKeys (ConfUtils.java:logGet(46)) - raft.server.log.unsafe-flush.enabled = false (default)
2024-04-29 09:21:16,312 [ab29e55d-edbb-4b88-be19-86f551408953-groupManagement] INFO  server.RaftServerConfigKeys (ConfUtils.java:logGet(46)) - raft.server.log.async-flush.enabled = false (default)
2024-04-29 09:21:16,312 [ab29e55d-edbb-4b88-be19-86f551408953-groupManagement] INFO  server.RaftServerConfigKeys (ConfUtils.java:logGet(46)) - raft.server.log.statemachine.data.caching.enabled = true (custom)
2024-04-29 09:21:16,312 [ab29e55d-edbb-4b88-be19-86f551408953-groupManagement] INFO  segmented.SegmentedRaftLogWorker (SegmentedRaftLogWorker.java:lambda$new$0(134)) - ab29e55d-edbb-4b88-be19-86f551408953@group-86FDD4066E61-SegmentedRaftLogWorker: flushIndex: setUnconditionally 0 -> -1
2024-04-29 09:21:16,312 [ab29e55d-edbb-4b88-be19-86f551408953-groupManagement] INFO  segmented.SegmentedRaftLogWorker (SegmentedRaftLogWorker.java:lambda$new$0(134)) - ab29e55d-edbb-4b88-be19-86f551408953@group-86FDD4066E61-SegmentedRaftLogWorker: safeCacheEvictIndex: setUnconditionally 0 -> -1
2024-04-29 09:21:16,312 [ab29e55d-edbb-4b88-be19-86f551408953-groupManagement] INFO  server.RaftServer$Division (RaftServerImpl.java:start(396)) - ab29e55d-edbb-4b88-be19-86f551408953@group-86FDD4066E61: start as a follower, conf=-1: peers:[ab29e55d-edbb-4b88-be19-86f551408953|127.0.0.1:15335, 9aa29c9a-34be-4d10-8746-61e8629e52a2|127.0.0.1:15344, 2915b4d7-e658-4864-9310-64154da9bd5b|127.0.0.1:15353]|listeners:[], old=null
2024-04-29 09:21:16,312 [ab29e55d-edbb-4b88-be19-86f551408953-groupManagement] INFO  server.RaftServer$Division (RaftServerImpl.java:setRole(383)) - ab29e55d-edbb-4b88-be19-86f551408953@group-86FDD4066E61: changes role from      null to FOLLOWER at term 0 for startAsFollower
2024-04-29 09:21:16,312 [ab29e55d-edbb-4b88-be19-86f551408953-groupManagement] INFO  impl.RoleInfo (RoleInfo.java:updateAndGet(139)) - ab29e55d-edbb-4b88-be19-86f551408953: start ab29e55d-edbb-4b88-be19-86f551408953@group-86FDD4066E61-FollowerState
2024-04-29 09:21:16,312 [ab29e55d-edbb-4b88-be19-86f551408953-groupManagement] INFO  util.JmxRegister (JmxRegister.java:tryRegister(44)) - Successfully registered JMX Bean with object name Ratis:service=RaftServer,group=group-86FDD4066E61,id=ab29e55d-edbb-4b88-be19-86f551408953
2024-04-29 09:21:16,312 [ab29e55d-edbb-4b88-be19-86f551408953@group-86FDD4066E61-FollowerState] INFO  server.RaftServerConfigKeys (ConfUtils.java:logFallback(53)) - raft.server.rpc.first-election.timeout.min = 5s (fallback to raft.server.rpc.timeout.min)
2024-04-29 09:21:16,313 [ab29e55d-edbb-4b88-be19-86f551408953-groupManagement] INFO  server.RaftServerConfigKeys (ConfUtils.java:logGet(46)) - raft.server.snapshot.trigger-when-stop.enabled = true (default)
2024-04-29 09:21:16,313 [ab29e55d-edbb-4b88-be19-86f551408953@group-86FDD4066E61-FollowerState] INFO  server.RaftServerConfigKeys (ConfUtils.java:logFallback(53)) - raft.server.rpc.first-election.timeout.max = 5200ms (fallback to raft.server.rpc.timeout.max)
2024-04-29 09:21:16,313 [ab29e55d-edbb-4b88-be19-86f551408953-groupManagement] INFO  server.RaftServerConfigKeys (ConfUtils.java:logGet(46)) - raft.server.snapshot.auto.trigger.enabled = true (custom)
2024-04-29 09:21:16,313 [ab29e55d-edbb-4b88-be19-86f551408953-groupManagement] INFO  server.RaftServerConfigKeys (ConfUtils.java:logGet(46)) - raft.server.snapshot.auto.trigger.threshold = 10000 (custom)
2024-04-29 09:21:16,313 [ab29e55d-edbb-4b88-be19-86f551408953-groupManagement] INFO  server.RaftServerConfigKeys (ConfUtils.java:logGet(46)) - raft.server.snapshot.retention.file.num = 5 (custom)
2024-04-29 09:21:16,313 [ab29e55d-edbb-4b88-be19-86f551408953-groupManagement] INFO  server.RaftServerConfigKeys (ConfUtils.java:logGet(46)) - raft.server.log.purge.upto.snapshot.index = false (default)
2024-04-29 09:21:16,313 [ab29e55d-edbb-4b88-be19-86f551408953-PipelineCommandHandlerThread-0] INFO  ratis.XceiverServerRatis (XceiverServerRatis.java:addGroup(864)) - Created group PipelineID=0b1c4d5e-c6f1-4272-a85e-86fdd4066e61
2024-04-29 09:21:16,318 [grpc-default-executor-0] INFO  server.RaftServer (RaftServerProxy.java:addNew(100)) - 2915b4d7-e658-4864-9310-64154da9bd5b: addNew group-86FDD4066E61:[ab29e55d-edbb-4b88-be19-86f551408953|127.0.0.1:15335, 9aa29c9a-34be-4d10-8746-61e8629e52a2|127.0.0.1:15344, 2915b4d7-e658-4864-9310-64154da9bd5b|127.0.0.1:15353] returns group-86FDD4066E61:java.util.concurrent.CompletableFuture@299c70b9[Not completed]
2024-04-29 09:21:16,319 [2915b4d7-e658-4864-9310-64154da9bd5b-groupManagement] INFO  server.RaftServer$Division (RaftServerImpl.java:<init>(256)) - 2915b4d7-e658-4864-9310-64154da9bd5b: new RaftServerImpl for group-86FDD4066E61:[ab29e55d-edbb-4b88-be19-86f551408953|127.0.0.1:15335, 9aa29c9a-34be-4d10-8746-61e8629e52a2|127.0.0.1:15344, 2915b4d7-e658-4864-9310-64154da9bd5b|127.0.0.1:15353] with ContainerStateMachine:uninitialized
2024-04-29 09:21:16,319 [2915b4d7-e658-4864-9310-64154da9bd5b-groupManagement] INFO  server.RaftServerConfigKeys (ConfUtils.java:logGet(46)) - raft.server.rpc.timeout.min = 5s (custom)
2024-04-29 09:21:16,319 [2915b4d7-e658-4864-9310-64154da9bd5b-groupManagement] INFO  server.RaftServerConfigKeys (ConfUtils.java:logGet(46)) - raft.server.rpc.timeout.max = 5200ms (custom)
2024-04-29 09:21:16,319 [2915b4d7-e658-4864-9310-64154da9bd5b-groupManagement] INFO  server.RaftServerConfigKeys (ConfUtils.java:logGet(46)) - raft.server.rpc.sleep.time = 25ms (default)
2024-04-29 09:21:16,319 [2915b4d7-e658-4864-9310-64154da9bd5b-groupManagement] INFO  server.RaftServerConfigKeys (ConfUtils.java:logGet(46)) - raft.server.rpc.slowness.timeout = 300000ms (custom)
2024-04-29 09:21:16,319 [2915b4d7-e658-4864-9310-64154da9bd5b-groupManagement] INFO  server.RaftServerConfigKeys (ConfUtils.java:logGet(46)) - raft.server.leaderelection.leader.step-down.wait-time = 10s (default)
2024-04-29 09:21:16,319 [2915b4d7-e658-4864-9310-64154da9bd5b-groupManagement] INFO  server.RaftServerConfigKeys (ConfUtils.java:logGet(46)) - raft.server.leaderelection.member.majority-add = false (default)
2024-04-29 09:21:16,319 [2915b4d7-e658-4864-9310-64154da9bd5b-groupManagement] INFO  server.RaftServerConfigKeys (ConfUtils.java:logGet(46)) - raft.server.sleep.deviation.threshold = 300ms (default)
2024-04-29 09:21:16,319 [2915b4d7-e658-4864-9310-64154da9bd5b-groupManagement] INFO  server.RaftServer$Division (ServerState.java:<init>(113)) - 2915b4d7-e658-4864-9310-64154da9bd5b@group-86FDD4066E61: ConfigurationManager, init=-1: peers:[ab29e55d-edbb-4b88-be19-86f551408953|127.0.0.1:15335, 9aa29c9a-34be-4d10-8746-61e8629e52a2|127.0.0.1:15344, 2915b4d7-e658-4864-9310-64154da9bd5b|127.0.0.1:15353]|listeners:[], old=null, confs=<EMPTY_MAP>
2024-04-29 09:21:16,319 [2915b4d7-e658-4864-9310-64154da9bd5b-groupManagement] INFO  server.RaftServerConfigKeys (ConfUtils.java:logGet(46)) - raft.server.notification.no-leader.timeout = 300000ms (custom)
2024-04-29 09:21:16,319 [2915b4d7-e658-4864-9310-64154da9bd5b-groupManagement] INFO  server.RaftServerConfigKeys (ConfUtils.java:logGet(46)) - raft.server.read.timeout = 10s (default)
2024-04-29 09:21:16,319 [2915b4d7-e658-4864-9310-64154da9bd5b-groupManagement] INFO  server.RaftServerConfigKeys (ConfUtils.java:logGet(46)) - raft.server.retrycache.expirytime = 600000ms (custom)
2024-04-29 09:21:16,319 [2915b4d7-e658-4864-9310-64154da9bd5b-groupManagement] INFO  server.RaftServerConfigKeys (ConfUtils.java:logGet(46)) - raft.server.retrycache.statistics.expirytime = 100ms (default)
2024-04-29 09:21:16,319 [2915b4d7-e658-4864-9310-64154da9bd5b-groupManagement] INFO  server.RaftServerConfigKeys (ConfUtils.java:logGet(46)) - raft.server.read.option = DEFAULT (default)
2024-04-29 09:21:16,319 [2915b4d7-e658-4864-9310-64154da9bd5b-groupManagement] INFO  server.RaftServerConfigKeys (ConfUtils.java:logGet(46)) - raft.server.read.read-after-write-consistent.write-index-cache.expiry-time = 60s (default)
2024-04-29 09:21:16,321 [2915b4d7-e658-4864-9310-64154da9bd5b-groupManagement] INFO  server.RaftServerConfigKeys (ConfUtils.java:logGet(46)) - raft.server.rpc.request.timeout = 3000ms (default)
2024-04-29 09:21:16,321 [2915b4d7-e658-4864-9310-64154da9bd5b-groupManagement] INFO  server.RaftServerConfigKeys (ConfUtils.java:logGet(46)) - raft.server.log.appender.install.snapshot.enabled = false (custom)
2024-04-29 09:21:16,321 [2915b4d7-e658-4864-9310-64154da9bd5b-groupManagement] INFO  server.RaftServerConfigKeys (ConfUtils.java:logGet(46)) - raft.server.threadpool.server.cached = true (default)
2024-04-29 09:21:16,321 [2915b4d7-e658-4864-9310-64154da9bd5b-groupManagement] INFO  server.RaftServerConfigKeys (ConfUtils.java:logGet(46)) - raft.server.threadpool.server.size = 0 (default)
2024-04-29 09:21:16,321 [2915b4d7-e658-4864-9310-64154da9bd5b-groupManagement] INFO  server.RaftServerConfigKeys (ConfUtils.java:logGet(46)) - raft.server.threadpool.client.cached = true (default)
2024-04-29 09:21:16,321 [2915b4d7-e658-4864-9310-64154da9bd5b-groupManagement] INFO  server.RaftServerConfigKeys (ConfUtils.java:logGet(46)) - raft.server.threadpool.client.size = 0 (default)
2024-04-29 09:21:16,321 [2915b4d7-e658-4864-9310-64154da9bd5b-groupManagement] INFO  server.RaftServerConfigKeys (ConfUtils.java:logGet(46)) - raft.server.storage.free-space.min = 0MB (=0) (default)
2024-04-29 09:21:16,321 [2915b4d7-e658-4864-9310-64154da9bd5b-groupManagement] INFO  server.RaftServerConfigKeys (ConfUtils.java:logGet(46)) - raft.server.log.corruption.policy = EXCEPTION (default)
2024-04-29 09:21:16,321 [2915b4d7-e658-4864-9310-64154da9bd5b-groupManagement] INFO  server.RaftServerConfigKeys (ConfUtils.java:logGet(46)) - raft.server.storage.dir = [/home/runner/work/ozone/ozone/hadoop-ozone/integration-test/target/test-dir/MiniOzoneClusterImpl-5c564e69-bd94-47d8-8ed3-49bff913e719/ozone-meta/datanode-9/ratis] (custom)
2024-04-29 09:21:16,321 [2915b4d7-e658-4864-9310-64154da9bd5b-groupManagement] INFO  storage.RaftStorageDirectory (RaftStorageDirectoryImpl.java:analyzeStorage(138)) - The storage directory /home/runner/work/ozone/ozone/hadoop-ozone/integration-test/target/test-dir/MiniOzoneClusterImpl-5c564e69-bd94-47d8-8ed3-49bff913e719/ozone-meta/datanode-9/ratis/0b1c4d5e-c6f1-4272-a85e-86fdd4066e61 does not exist. Creating ...
2024-04-29 09:21:16,322 [2915b4d7-e658-4864-9310-64154da9bd5b-groupManagement] INFO  storage.RaftStorageDirectory (RaftStorageDirectoryImpl.java:tryLock(228)) - Lock on /home/runner/work/ozone/ozone/hadoop-ozone/integration-test/target/test-dir/MiniOzoneClusterImpl-5c564e69-bd94-47d8-8ed3-49bff913e719/ozone-meta/datanode-9/ratis/0b1c4d5e-c6f1-4272-a85e-86fdd4066e61/in_use.lock acquired by nodename 21350@fv-az771-493
2024-04-29 09:21:16,323 [2915b4d7-e658-4864-9310-64154da9bd5b-groupManagement] INFO  storage.RaftStorage (RaftStorageImpl.java:format(99)) - Storage directory /home/runner/work/ozone/ozone/hadoop-ozone/integration-test/target/test-dir/MiniOzoneClusterImpl-5c564e69-bd94-47d8-8ed3-49bff913e719/ozone-meta/datanode-9/ratis/0b1c4d5e-c6f1-4272-a85e-86fdd4066e61 has been successfully formatted.
2024-04-29 09:21:16,323 [2915b4d7-e658-4864-9310-64154da9bd5b-groupManagement] WARN  util.FileUtils (LogUtils.java:supplyAndLog(63)) - Failed to Files.newInputStream /home/runner/work/ozone/ozone/hadoop-ozone/integration-test/target/test-dir/MiniOzoneClusterImpl-5c564e69-bd94-47d8-8ed3-49bff913e719/ozone-meta/datanode-9/ratis/0b1c4d5e-c6f1-4272-a85e-86fdd4066e61/current/raft-meta.conf with options []: java.nio.file.NoSuchFileException: /home/runner/work/ozone/ozone/hadoop-ozone/integration-test/target/test-dir/MiniOzoneClusterImpl-5c564e69-bd94-47d8-8ed3-49bff913e719/ozone-meta/datanode-9/ratis/0b1c4d5e-c6f1-4272-a85e-86fdd4066e61/current/raft-meta.conf
2024-04-29 09:21:16,324 [2915b4d7-e658-4864-9310-64154da9bd5b-groupManagement] INFO  ratis.ContainerStateMachine (ContainerStateMachine.java:loadSnapshot(287)) - group-86FDD4066E61: The snapshot info is null. Setting the last applied index to:(t:0, i:~)
2024-04-29 09:21:16,324 [2915b4d7-e658-4864-9310-64154da9bd5b-groupManagement] INFO  server.RaftServerConfigKeys (ConfUtils.java:logGet(46)) - raft.server.log.use.memory = false (default)
2024-04-29 09:21:16,324 [2915b4d7-e658-4864-9310-64154da9bd5b-groupManagement] INFO  server.RaftServerConfigKeys (ConfUtils.java:logGet(46)) - raft.server.log.purge.gap = 1000000 (custom)
2024-04-29 09:21:16,324 [2915b4d7-e658-4864-9310-64154da9bd5b-groupManagement] INFO  server.RaftServerConfigKeys (ConfUtils.java:logGet(46)) - raft.server.log.appender.buffer.byte-limit = 8388608 (custom)
2024-04-29 09:21:16,324 [2915b4d7-e658-4864-9310-64154da9bd5b-groupManagement] INFO  server.RaftServerConfigKeys (ConfUtils.java:logGet(46)) - raft.server.log.statemachine.data.read.timeout = 1000ms (default)
2024-04-29 09:21:16,324 [2915b4d7-e658-4864-9310-64154da9bd5b-groupManagement] INFO  server.RaftServerConfigKeys (ConfUtils.java:logGet(46)) - raft.server.log.purge.preservation.log.num = 0 (default)
2024-04-29 09:21:16,325 [2915b4d7-e658-4864-9310-64154da9bd5b-groupManagement] INFO  server.RaftServerConfigKeys (ConfUtils.java:logGet(46)) - raft.server.log.segment.size.max = 67108864 (custom)
2024-04-29 09:21:16,325 [2915b4d7-e658-4864-9310-64154da9bd5b-groupManagement] INFO  server.RaftServerConfigKeys (ConfUtils.java:logGet(46)) - raft.server.log.segment.cache.num.max = 2 (custom)
2024-04-29 09:21:16,325 [2915b4d7-e658-4864-9310-64154da9bd5b-groupManagement] INFO  server.RaftServerConfigKeys (ConfUtils.java:logGet(46)) - raft.server.log.segment.cache.size.max = 200MB (=209715200) (default)
2024-04-29 09:21:16,325 [2915b4d7-e658-4864-9310-64154da9bd5b-groupManagement] INFO  server.RaftServerConfigKeys (ConfUtils.java:logGet(46)) - raft.server.log.appender.buffer.byte-limit = 8388608 (custom)
2024-04-29 09:21:16,326 [2915b4d7-e658-4864-9310-64154da9bd5b-groupManagement] INFO  util.AwaitToRun (AwaitToRun.java:start(81)) - Thread[2915b4d7-e658-4864-9310-64154da9bd5b@group-86FDD4066E61-cacheEviction-AwaitToRun,5,main] started
2024-04-29 09:21:16,326 [2915b4d7-e658-4864-9310-64154da9bd5b-groupManagement] INFO  segmented.SegmentedRaftLogWorker (SegmentedRaftLogWorker.java:<init>(182)) - new 2915b4d7-e658-4864-9310-64154da9bd5b@group-86FDD4066E61-SegmentedRaftLogWorker for RaftStorageImpl:Storage Directory /home/runner/work/ozone/ozone/hadoop-ozone/integration-test/target/test-dir/MiniOzoneClusterImpl-5c564e69-bd94-47d8-8ed3-49bff913e719/ozone-meta/datanode-9/ratis/0b1c4d5e-c6f1-4272-a85e-86fdd4066e61
2024-04-29 09:21:16,326 [2915b4d7-e658-4864-9310-64154da9bd5b-groupManagement] INFO  server.RaftServerConfigKeys (ConfUtils.java:logGet(46)) - raft.server.log.queue.byte-limit = 4294967296 (custom)
2024-04-29 09:21:16,326 [2915b4d7-e658-4864-9310-64154da9bd5b-groupManagement] INFO  server.RaftServerConfigKeys (ConfUtils.java:logGet(46)) - raft.server.log.queue.element-limit = 1024 (custom)
2024-04-29 09:21:16,326 [2915b4d7-e658-4864-9310-64154da9bd5b-groupManagement] INFO  server.RaftServerConfigKeys (ConfUtils.java:logGet(46)) - raft.server.log.segment.size.max = 67108864 (custom)
2024-04-29 09:21:16,326 [2915b4d7-e658-4864-9310-64154da9bd5b-groupManagement] INFO  server.RaftServerConfigKeys (ConfUtils.java:logGet(46)) - raft.server.log.preallocated.size = 4194304 (custom)
2024-04-29 09:21:16,326 [2915b4d7-e658-4864-9310-64154da9bd5b-groupManagement] INFO  server.RaftServerConfigKeys (ConfUtils.java:logGet(46)) - raft.server.log.force.sync.num = 128 (default)
2024-04-29 09:21:16,326 [2915b4d7-e658-4864-9310-64154da9bd5b-groupManagement] INFO  server.RaftServerConfigKeys (ConfUtils.java:logGet(46)) - raft.server.log.statemachine.data.sync = true (default)
2024-04-29 09:21:16,326 [2915b4d7-e658-4864-9310-64154da9bd5b-groupManagement] INFO  server.RaftServerConfigKeys (ConfUtils.java:logGet(46)) - raft.server.log.statemachine.data.sync.timeout = 10s (default)
2024-04-29 09:21:16,326 [2915b4d7-e658-4864-9310-64154da9bd5b-groupManagement] INFO  server.RaftServerConfigKeys (ConfUtils.java:logGet(46)) - raft.server.log.statemachine.data.sync.timeout.retry = 30 (custom)
2024-04-29 09:21:16,326 [2915b4d7-e658-4864-9310-64154da9bd5b-groupManagement] INFO  server.RaftServerConfigKeys (ConfUtils.java:logGet(46)) - raft.server.log.write.buffer.size = 8388616 (custom)
2024-04-29 09:21:16,327 [2915b4d7-e658-4864-9310-64154da9bd5b-groupManagement] INFO  server.RaftServerConfigKeys (ConfUtils.java:logGet(46)) - raft.server.log.appender.buffer.byte-limit = 8388608 (custom)
2024-04-29 09:21:16,327 [2915b4d7-e658-4864-9310-64154da9bd5b-groupManagement] INFO  server.RaftServerConfigKeys (ConfUtils.java:logGet(46)) - raft.server.log.unsafe-flush.enabled = false (default)
2024-04-29 09:21:16,327 [2915b4d7-e658-4864-9310-64154da9bd5b-groupManagement] INFO  server.RaftServerConfigKeys (ConfUtils.java:logGet(46)) - raft.server.log.async-flush.enabled = false (default)
2024-04-29 09:21:16,327 [2915b4d7-e658-4864-9310-64154da9bd5b-groupManagement] INFO  server.RaftServerConfigKeys (ConfUtils.java:logGet(46)) - raft.server.log.statemachine.data.caching.enabled = true (custom)
2024-04-29 09:21:16,328 [2915b4d7-e658-4864-9310-64154da9bd5b-groupManagement] INFO  segmented.SegmentedRaftLogWorker (SegmentedRaftLogWorker.java:lambda$new$0(134)) - 2915b4d7-e658-4864-9310-64154da9bd5b@group-86FDD4066E61-SegmentedRaftLogWorker: flushIndex: setUnconditionally 0 -> -1
2024-04-29 09:21:16,328 [2915b4d7-e658-4864-9310-64154da9bd5b-groupManagement] INFO  segmented.SegmentedRaftLogWorker (SegmentedRaftLogWorker.java:lambda$new$0(134)) - 2915b4d7-e658-4864-9310-64154da9bd5b@group-86FDD4066E61-SegmentedRaftLogWorker: safeCacheEvictIndex: setUnconditionally 0 -> -1
2024-04-29 09:21:16,328 [2915b4d7-e658-4864-9310-64154da9bd5b-groupManagement] INFO  server.RaftServer$Division (RaftServerImpl.java:start(396)) - 2915b4d7-e658-4864-9310-64154da9bd5b@group-86FDD4066E61: start as a follower, conf=-1: peers:[ab29e55d-edbb-4b88-be19-86f551408953|127.0.0.1:15335, 9aa29c9a-34be-4d10-8746-61e8629e52a2|127.0.0.1:15344, 2915b4d7-e658-4864-9310-64154da9bd5b|127.0.0.1:15353]|listeners:[], old=null
2024-04-29 09:21:16,328 [2915b4d7-e658-4864-9310-64154da9bd5b-groupManagement] INFO  server.RaftServer$Division (RaftServerImpl.java:setRole(383)) - 2915b4d7-e658-4864-9310-64154da9bd5b@group-86FDD4066E61: changes role from      null to FOLLOWER at term 0 for startAsFollower
2024-04-29 09:21:16,328 [2915b4d7-e658-4864-9310-64154da9bd5b-groupManagement] INFO  impl.RoleInfo (RoleInfo.java:updateAndGet(139)) - 2915b4d7-e658-4864-9310-64154da9bd5b: start 2915b4d7-e658-4864-9310-64154da9bd5b@group-86FDD4066E61-FollowerState
2024-04-29 09:21:16,328 [2915b4d7-e658-4864-9310-64154da9bd5b-groupManagement] INFO  util.JmxRegister (JmxRegister.java:tryRegister(44)) - Successfully registered JMX Bean with object name Ratis:service=RaftServer,group=group-86FDD4066E61,id=2915b4d7-e658-4864-9310-64154da9bd5b
2024-04-29 09:21:16,328 [2915b4d7-e658-4864-9310-64154da9bd5b@group-86FDD4066E61-FollowerState] INFO  server.RaftServerConfigKeys (ConfUtils.java:logFallback(53)) - raft.server.rpc.first-election.timeout.min = 5s (fallback to raft.server.rpc.timeout.min)
2024-04-29 09:21:16,328 [2915b4d7-e658-4864-9310-64154da9bd5b@group-86FDD4066E61-FollowerState] INFO  server.RaftServerConfigKeys (ConfUtils.java:logFallback(53)) - raft.server.rpc.first-election.timeout.max = 5200ms (fallback to raft.server.rpc.timeout.max)
2024-04-29 09:21:16,328 [2915b4d7-e658-4864-9310-64154da9bd5b-groupManagement] INFO  server.RaftServerConfigKeys (ConfUtils.java:logGet(46)) - raft.server.snapshot.trigger-when-stop.enabled = true (default)
2024-04-29 09:21:16,328 [2915b4d7-e658-4864-9310-64154da9bd5b-groupManagement] INFO  server.RaftServerConfigKeys (ConfUtils.java:logGet(46)) - raft.server.snapshot.auto.trigger.enabled = true (custom)
2024-04-29 09:21:16,328 [2915b4d7-e658-4864-9310-64154da9bd5b-groupManagement] INFO  server.RaftServerConfigKeys (ConfUtils.java:logGet(46)) - raft.server.snapshot.auto.trigger.threshold = 10000 (custom)
2024-04-29 09:21:16,328 [2915b4d7-e658-4864-9310-64154da9bd5b-groupManagement] INFO  server.RaftServerConfigKeys (ConfUtils.java:logGet(46)) - raft.server.snapshot.retention.file.num = 5 (custom)
2024-04-29 09:21:16,329 [2915b4d7-e658-4864-9310-64154da9bd5b-groupManagement] INFO  server.RaftServerConfigKeys (ConfUtils.java:logGet(46)) - raft.server.log.purge.upto.snapshot.index = false (default)
2024-04-29 09:21:16,334 [9aa29c9a-34be-4d10-8746-61e8629e52a2-PipelineCommandHandlerThread-0] INFO  server.RaftServer (RaftServerProxy.java:addNew(100)) - 9aa29c9a-34be-4d10-8746-61e8629e52a2: addNew group-5A9B4F6A45D4:[9aa29c9a-34be-4d10-8746-61e8629e52a2|127.0.0.1:15344] returns group-5A9B4F6A45D4:java.util.concurrent.CompletableFuture@57a8c4a1[Not completed]
2024-04-29 09:21:16,334 [9aa29c9a-34be-4d10-8746-61e8629e52a2-groupManagement] INFO  server.RaftServer$Division (RaftServerImpl.java:<init>(256)) - 9aa29c9a-34be-4d10-8746-61e8629e52a2: new RaftServerImpl for group-5A9B4F6A45D4:[9aa29c9a-34be-4d10-8746-61e8629e52a2|127.0.0.1:15344] with ContainerStateMachine:uninitialized
2024-04-29 09:21:16,335 [9aa29c9a-34be-4d10-8746-61e8629e52a2-groupManagement] INFO  server.RaftServerConfigKeys (ConfUtils.java:logGet(46)) - raft.server.rpc.timeout.min = 5s (custom)
2024-04-29 09:21:16,335 [9aa29c9a-34be-4d10-8746-61e8629e52a2-groupManagement] INFO  server.RaftServerConfigKeys (ConfUtils.java:logGet(46)) - raft.server.rpc.timeout.max = 5200ms (custom)
2024-04-29 09:21:16,335 [9aa29c9a-34be-4d10-8746-61e8629e52a2-groupManagement] INFO  server.RaftServerConfigKeys (ConfUtils.java:logGet(46)) - raft.server.rpc.sleep.time = 25ms (default)
2024-04-29 09:21:16,335 [9aa29c9a-34be-4d10-8746-61e8629e52a2-groupManagement] INFO  server.RaftServerConfigKeys (ConfUtils.java:logGet(46)) - raft.server.rpc.slowness.timeout = 300000ms (custom)
2024-04-29 09:21:16,335 [9aa29c9a-34be-4d10-8746-61e8629e52a2-groupManagement] INFO  server.RaftServerConfigKeys (ConfUtils.java:logGet(46)) - raft.server.leaderelection.leader.step-down.wait-time = 10s (default)
2024-04-29 09:21:16,335 [9aa29c9a-34be-4d10-8746-61e8629e52a2-groupManagement] INFO  server.RaftServerConfigKeys (ConfUtils.java:logGet(46)) - raft.server.leaderelection.member.majority-add = false (default)
2024-04-29 09:21:16,335 [9aa29c9a-34be-4d10-8746-61e8629e52a2-groupManagement] INFO  server.RaftServerConfigKeys (ConfUtils.java:logGet(46)) - raft.server.sleep.deviation.threshold = 300ms (default)
2024-04-29 09:21:16,335 [9aa29c9a-34be-4d10-8746-61e8629e52a2-groupManagement] INFO  server.RaftServer$Division (ServerState.java:<init>(113)) - 9aa29c9a-34be-4d10-8746-61e8629e52a2@group-5A9B4F6A45D4: ConfigurationManager, init=-1: peers:[9aa29c9a-34be-4d10-8746-61e8629e52a2|127.0.0.1:15344]|listeners:[], old=null, confs=<EMPTY_MAP>
2024-04-29 09:21:16,335 [9aa29c9a-34be-4d10-8746-61e8629e52a2-groupManagement] INFO  server.RaftServerConfigKeys (ConfUtils.java:logGet(46)) - raft.server.notification.no-leader.timeout = 300000ms (custom)
2024-04-29 09:21:16,335 [9aa29c9a-34be-4d10-8746-61e8629e52a2-groupManagement] INFO  server.RaftServerConfigKeys (ConfUtils.java:logGet(46)) - raft.server.read.timeout = 10s (default)
2024-04-29 09:21:16,335 [9aa29c9a-34be-4d10-8746-61e8629e52a2-groupManagement] INFO  server.RaftServerConfigKeys (ConfUtils.java:logGet(46)) - raft.server.retrycache.expirytime = 600000ms (custom)
2024-04-29 09:21:16,335 [9aa29c9a-34be-4d10-8746-61e8629e52a2-groupManagement] INFO  server.RaftServerConfigKeys (ConfUtils.java:logGet(46)) - raft.server.retrycache.statistics.expirytime = 100ms (default)
2024-04-29 09:21:16,335 [grpc-default-executor-0] INFO  server.RaftServer (RaftServerProxy.java:addNew(100)) - 9aa29c9a-34be-4d10-8746-61e8629e52a2: addNew group-86FDD4066E61:[ab29e55d-edbb-4b88-be19-86f551408953|127.0.0.1:15335, 9aa29c9a-34be-4d10-8746-61e8629e52a2|127.0.0.1:15344, 2915b4d7-e658-4864-9310-64154da9bd5b|127.0.0.1:15353] returns group-86FDD4066E61:java.util.concurrent.CompletableFuture@61be5359[Not completed]
2024-04-29 09:21:16,335 [9aa29c9a-34be-4d10-8746-61e8629e52a2-groupManagement] INFO  server.RaftServerConfigKeys (ConfUtils.java:logGet(46)) - raft.server.read.option = DEFAULT (default)
2024-04-29 09:21:16,335 [9aa29c9a-34be-4d10-8746-61e8629e52a2-groupManagement] INFO  server.RaftServerConfigKeys (ConfUtils.java:logGet(46)) - raft.server.read.read-after-write-consistent.write-index-cache.expiry-time = 60s (default)
2024-04-29 09:21:16,337 [9aa29c9a-34be-4d10-8746-61e8629e52a2-groupManagement] INFO  server.RaftServerConfigKeys (ConfUtils.java:logGet(46)) - raft.server.rpc.request.timeout = 3000ms (default)
2024-04-29 09:21:16,337 [9aa29c9a-34be-4d10-8746-61e8629e52a2-groupManagement] INFO  server.RaftServerConfigKeys (ConfUtils.java:logGet(46)) - raft.server.log.appender.install.snapshot.enabled = false (custom)
2024-04-29 09:21:16,337 [9aa29c9a-34be-4d10-8746-61e8629e52a2-groupManagement] INFO  server.RaftServerConfigKeys (ConfUtils.java:logGet(46)) - raft.server.threadpool.server.cached = true (default)
2024-04-29 09:21:16,337 [9aa29c9a-34be-4d10-8746-61e8629e52a2-groupManagement] INFO  server.RaftServerConfigKeys (ConfUtils.java:logGet(46)) - raft.server.threadpool.server.size = 0 (default)
2024-04-29 09:21:16,337 [9aa29c9a-34be-4d10-8746-61e8629e52a2-groupManagement] INFO  server.RaftServerConfigKeys (ConfUtils.java:logGet(46)) - raft.server.threadpool.client.cached = true (default)
2024-04-29 09:21:16,337 [9aa29c9a-34be-4d10-8746-61e8629e52a2-groupManagement] INFO  server.RaftServerConfigKeys (ConfUtils.java:logGet(46)) - raft.server.threadpool.client.size = 0 (default)
2024-04-29 09:21:16,337 [9aa29c9a-34be-4d10-8746-61e8629e52a2-groupManagement] INFO  server.RaftServer$Division (RaftServerImpl.java:<init>(256)) - 9aa29c9a-34be-4d10-8746-61e8629e52a2: new RaftServerImpl for group-86FDD4066E61:[ab29e55d-edbb-4b88-be19-86f551408953|127.0.0.1:15335, 9aa29c9a-34be-4d10-8746-61e8629e52a2|127.0.0.1:15344, 2915b4d7-e658-4864-9310-64154da9bd5b|127.0.0.1:15353] with ContainerStateMachine:uninitialized
2024-04-29 09:21:16,337 [9aa29c9a-34be-4d10-8746-61e8629e52a2-groupManagement] INFO  server.RaftServerConfigKeys (ConfUtils.java:logGet(46)) - raft.server.rpc.timeout.min = 5s (custom)
2024-04-29 09:21:16,338 [9aa29c9a-34be-4d10-8746-61e8629e52a2-groupManagement] INFO  server.RaftServerConfigKeys (ConfUtils.java:logGet(46)) - raft.server.rpc.timeout.max = 5200ms (custom)
2024-04-29 09:21:16,338 [9aa29c9a-34be-4d10-8746-61e8629e52a2-groupManagement] INFO  server.RaftServerConfigKeys (ConfUtils.java:logGet(46)) - raft.server.rpc.sleep.time = 25ms (default)
2024-04-29 09:21:16,338 [9aa29c9a-34be-4d10-8746-61e8629e52a2-groupManagement] INFO  server.RaftServerConfigKeys (ConfUtils.java:logGet(46)) - raft.server.rpc.slowness.timeout = 300000ms (custom)
2024-04-29 09:21:16,338 [9aa29c9a-34be-4d10-8746-61e8629e52a2-groupManagement] INFO  server.RaftServerConfigKeys (ConfUtils.java:logGet(46)) - raft.server.leaderelection.leader.step-down.wait-time = 10s (default)
2024-04-29 09:21:16,338 [9aa29c9a-34be-4d10-8746-61e8629e52a2-groupManagement] INFO  server.RaftServerConfigKeys (ConfUtils.java:logGet(46)) - raft.server.leaderelection.member.majority-add = false (default)
2024-04-29 09:21:16,338 [9aa29c9a-34be-4d10-8746-61e8629e52a2-groupManagement] INFO  server.RaftServerConfigKeys (ConfUtils.java:logGet(46)) - raft.server.sleep.deviation.threshold = 300ms (default)
2024-04-29 09:21:16,338 [9aa29c9a-34be-4d10-8746-61e8629e52a2-groupManagement] INFO  server.RaftServer$Division (ServerState.java:<init>(113)) - 9aa29c9a-34be-4d10-8746-61e8629e52a2@group-86FDD4066E61: ConfigurationManager, init=-1: peers:[ab29e55d-edbb-4b88-be19-86f551408953|127.0.0.1:15335, 9aa29c9a-34be-4d10-8746-61e8629e52a2|127.0.0.1:15344, 2915b4d7-e658-4864-9310-64154da9bd5b|127.0.0.1:15353]|listeners:[], old=null, confs=<EMPTY_MAP>
2024-04-29 09:21:16,338 [9aa29c9a-34be-4d10-8746-61e8629e52a2-groupManagement] INFO  server.RaftServerConfigKeys (ConfUtils.java:logGet(46)) - raft.server.notification.no-leader.timeout = 300000ms (custom)
2024-04-29 09:21:16,338 [9aa29c9a-34be-4d10-8746-61e8629e52a2-groupManagement] INFO  server.RaftServerConfigKeys (ConfUtils.java:logGet(46)) - raft.server.read.timeout = 10s (default)
2024-04-29 09:21:16,338 [9aa29c9a-34be-4d10-8746-61e8629e52a2-groupManagement] INFO  server.RaftServerConfigKeys (ConfUtils.java:logGet(46)) - raft.server.retrycache.expirytime = 600000ms (custom)
2024-04-29 09:21:16,338 [9aa29c9a-34be-4d10-8746-61e8629e52a2-groupManagement] INFO  server.RaftServerConfigKeys (ConfUtils.java:logGet(46)) - raft.server.retrycache.statistics.expirytime = 100ms (default)
2024-04-29 09:21:16,338 [9aa29c9a-34be-4d10-8746-61e8629e52a2-groupManagement] INFO  server.RaftServerConfigKeys (ConfUtils.java:logGet(46)) - raft.server.read.option = DEFAULT (default)
2024-04-29 09:21:16,338 [9aa29c9a-34be-4d10-8746-61e8629e52a2-groupManagement] INFO  server.RaftServerConfigKeys (ConfUtils.java:logGet(46)) - raft.server.read.read-after-write-consistent.write-index-cache.expiry-time = 60s (default)
2024-04-29 09:21:16,339 [9aa29c9a-34be-4d10-8746-61e8629e52a2-groupManagement] INFO  server.RaftServerConfigKeys (ConfUtils.java:logGet(46)) - raft.server.rpc.request.timeout = 3000ms (default)
2024-04-29 09:21:16,339 [9aa29c9a-34be-4d10-8746-61e8629e52a2-groupManagement] INFO  server.RaftServerConfigKeys (ConfUtils.java:logGet(46)) - raft.server.log.appender.install.snapshot.enabled = false (custom)
2024-04-29 09:21:16,339 [9aa29c9a-34be-4d10-8746-61e8629e52a2-groupManagement] INFO  server.RaftServerConfigKeys (ConfUtils.java:logGet(46)) - raft.server.threadpool.server.cached = true (default)
2024-04-29 09:21:16,339 [9aa29c9a-34be-4d10-8746-61e8629e52a2-groupManagement] INFO  server.RaftServerConfigKeys (ConfUtils.java:logGet(46)) - raft.server.threadpool.server.size = 0 (default)
2024-04-29 09:21:16,339 [9aa29c9a-34be-4d10-8746-61e8629e52a2-groupManagement] INFO  server.RaftServerConfigKeys (ConfUtils.java:logGet(46)) - raft.server.threadpool.client.cached = true (default)
2024-04-29 09:21:16,339 [9aa29c9a-34be-4d10-8746-61e8629e52a2-groupManagement] INFO  server.RaftServerConfigKeys (ConfUtils.java:logGet(46)) - raft.server.threadpool.client.size = 0 (default)
2024-04-29 09:21:16,339 [9aa29c9a-34be-4d10-8746-61e8629e52a2-groupManagement] INFO  server.RaftServerConfigKeys (ConfUtils.java:logGet(46)) - raft.server.storage.free-space.min = 0MB (=0) (default)
2024-04-29 09:21:16,339 [9aa29c9a-34be-4d10-8746-61e8629e52a2-groupManagement] INFO  server.RaftServerConfigKeys (ConfUtils.java:logGet(46)) - raft.server.log.corruption.policy = EXCEPTION (default)
2024-04-29 09:21:16,339 [9aa29c9a-34be-4d10-8746-61e8629e52a2-groupManagement] INFO  server.RaftServerConfigKeys (ConfUtils.java:logGet(46)) - raft.server.storage.dir = [/home/runner/work/ozone/ozone/hadoop-ozone/integration-test/target/test-dir/MiniOzoneClusterImpl-5c564e69-bd94-47d8-8ed3-49bff913e719/ozone-meta/datanode-8/ratis] (custom)
2024-04-29 09:21:16,340 [9aa29c9a-34be-4d10-8746-61e8629e52a2-groupManagement] INFO  storage.RaftStorageDirectory (RaftStorageDirectoryImpl.java:analyzeStorage(138)) - The storage directory /home/runner/work/ozone/ozone/hadoop-ozone/integration-test/target/test-dir/MiniOzoneClusterImpl-5c564e69-bd94-47d8-8ed3-49bff913e719/ozone-meta/datanode-8/ratis/29251c77-070d-4cc2-b3f9-5a9b4f6a45d4 does not exist. Creating ...
2024-04-29 09:21:16,340 [9aa29c9a-34be-4d10-8746-61e8629e52a2-groupManagement] INFO  storage.RaftStorageDirectory (RaftStorageDirectoryImpl.java:tryLock(228)) - Lock on /home/runner/work/ozone/ozone/hadoop-ozone/integration-test/target/test-dir/MiniOzoneClusterImpl-5c564e69-bd94-47d8-8ed3-49bff913e719/ozone-meta/datanode-8/ratis/29251c77-070d-4cc2-b3f9-5a9b4f6a45d4/in_use.lock acquired by nodename 21350@fv-az771-493
2024-04-29 09:21:16,342 [9aa29c9a-34be-4d10-8746-61e8629e52a2-groupManagement] INFO  storage.RaftStorage (RaftStorageImpl.java:format(99)) - Storage directory /home/runner/work/ozone/ozone/hadoop-ozone/integration-test/target/test-dir/MiniOzoneClusterImpl-5c564e69-bd94-47d8-8ed3-49bff913e719/ozone-meta/datanode-8/ratis/29251c77-070d-4cc2-b3f9-5a9b4f6a45d4 has been successfully formatted.
2024-04-29 09:21:16,342 [9aa29c9a-34be-4d10-8746-61e8629e52a2-groupManagement] WARN  util.FileUtils (LogUtils.java:supplyAndLog(63)) - Failed to Files.newInputStream /home/runner/work/ozone/ozone/hadoop-ozone/integration-test/target/test-dir/MiniOzoneClusterImpl-5c564e69-bd94-47d8-8ed3-49bff913e719/ozone-meta/datanode-8/ratis/29251c77-070d-4cc2-b3f9-5a9b4f6a45d4/current/raft-meta.conf with options []: java.nio.file.NoSuchFileException: /home/runner/work/ozone/ozone/hadoop-ozone/integration-test/target/test-dir/MiniOzoneClusterImpl-5c564e69-bd94-47d8-8ed3-49bff913e719/ozone-meta/datanode-8/ratis/29251c77-070d-4cc2-b3f9-5a9b4f6a45d4/current/raft-meta.conf
2024-04-29 09:21:16,342 [9aa29c9a-34be-4d10-8746-61e8629e52a2-groupManagement] INFO  ratis.ContainerStateMachine (ContainerStateMachine.java:loadSnapshot(287)) - group-5A9B4F6A45D4: The snapshot info is null. Setting the last applied index to:(t:0, i:~)
2024-04-29 09:21:16,342 [9aa29c9a-34be-4d10-8746-61e8629e52a2-groupManagement] INFO  server.RaftServerConfigKeys (ConfUtils.java:logGet(46)) - raft.server.log.use.memory = false (default)
2024-04-29 09:21:16,342 [9aa29c9a-34be-4d10-8746-61e8629e52a2-groupManagement] INFO  server.RaftServerConfigKeys (ConfUtils.java:logGet(46)) - raft.server.log.purge.gap = 1000000 (custom)
2024-04-29 09:21:16,342 [9aa29c9a-34be-4d10-8746-61e8629e52a2-groupManagement] INFO  server.RaftServerConfigKeys (ConfUtils.java:logGet(46)) - raft.server.log.appender.buffer.byte-limit = 8388608 (custom)
2024-04-29 09:21:16,342 [9aa29c9a-34be-4d10-8746-61e8629e52a2-groupManagement] INFO  server.RaftServerConfigKeys (ConfUtils.java:logGet(46)) - raft.server.log.statemachine.data.read.timeout = 1000ms (default)
2024-04-29 09:21:16,342 [9aa29c9a-34be-4d10-8746-61e8629e52a2-groupManagement] INFO  server.RaftServerConfigKeys (ConfUtils.java:logGet(46)) - raft.server.log.purge.preservation.log.num = 0 (default)
2024-04-29 09:21:16,343 [EventQueue-PipelineReportForPipelineReportHandler] INFO  pipeline.PipelineReportHandler (PipelineReportHandler.java:processPipelineReport(136)) - Opened pipeline PipelineID=29251c77-070d-4cc2-b3f9-5a9b4f6a45d4
2024-04-29 09:21:16,343 [EventQueue-OpenPipelineForHealthyPipelineSafeModeRule] INFO  safemode.SCMSafeModeManager (HealthyPipelineSafeModeRule.java:process(140)) - SCM in safe mode. Healthy pipelines reported count is 0, required healthy pipeline reported count is 1
2024-04-29 09:21:16,344 [9aa29c9a-34be-4d10-8746-61e8629e52a2-groupManagement] INFO  server.RaftServerConfigKeys (ConfUtils.java:logGet(46)) - raft.server.log.segment.size.max = 67108864 (custom)
2024-04-29 09:21:16,345 [9aa29c9a-34be-4d10-8746-61e8629e52a2-groupManagement] INFO  server.RaftServerConfigKeys (ConfUtils.java:logGet(46)) - raft.server.log.segment.cache.num.max = 2 (custom)
2024-04-29 09:21:16,345 [9aa29c9a-34be-4d10-8746-61e8629e52a2-groupManagement] INFO  server.RaftServerConfigKeys (ConfUtils.java:logGet(46)) - raft.server.log.segment.cache.size.max = 200MB (=209715200) (default)
2024-04-29 09:21:16,345 [9aa29c9a-34be-4d10-8746-61e8629e52a2-groupManagement] INFO  server.RaftServerConfigKeys (ConfUtils.java:logGet(46)) - raft.server.log.appender.buffer.byte-limit = 8388608 (custom)
2024-04-29 09:21:16,345 [9aa29c9a-34be-4d10-8746-61e8629e52a2-groupManagement] INFO  util.AwaitToRun (AwaitToRun.java:start(81)) - Thread[9aa29c9a-34be-4d10-8746-61e8629e52a2@group-5A9B4F6A45D4-cacheEviction-AwaitToRun,5,main] started
2024-04-29 09:21:16,345 [9aa29c9a-34be-4d10-8746-61e8629e52a2-groupManagement] INFO  segmented.SegmentedRaftLogWorker (SegmentedRaftLogWorker.java:<init>(182)) - new 9aa29c9a-34be-4d10-8746-61e8629e52a2@group-5A9B4F6A45D4-SegmentedRaftLogWorker for RaftStorageImpl:Storage Directory /home/runner/work/ozone/ozone/hadoop-ozone/integration-test/target/test-dir/MiniOzoneClusterImpl-5c564e69-bd94-47d8-8ed3-49bff913e719/ozone-meta/datanode-8/ratis/29251c77-070d-4cc2-b3f9-5a9b4f6a45d4
2024-04-29 09:21:16,345 [9aa29c9a-34be-4d10-8746-61e8629e52a2-groupManagement] INFO  server.RaftServerConfigKeys (ConfUtils.java:logGet(46)) - raft.server.log.queue.byte-limit = 4294967296 (custom)
2024-04-29 09:21:16,345 [9aa29c9a-34be-4d10-8746-61e8629e52a2-groupManagement] INFO  server.RaftServerConfigKeys (ConfUtils.java:logGet(46)) - raft.server.log.queue.element-limit = 1024 (custom)
2024-04-29 09:21:16,345 [9aa29c9a-34be-4d10-8746-61e8629e52a2-groupManagement] INFO  server.RaftServerConfigKeys (ConfUtils.java:logGet(46)) - raft.server.log.segment.size.max = 67108864 (custom)
2024-04-29 09:21:16,345 [9aa29c9a-34be-4d10-8746-61e8629e52a2-groupManagement] INFO  server.RaftServerConfigKeys (ConfUtils.java:logGet(46)) - raft.server.log.preallocated.size = 4194304 (custom)
2024-04-29 09:21:16,345 [9aa29c9a-34be-4d10-8746-61e8629e52a2-groupManagement] INFO  server.RaftServerConfigKeys (ConfUtils.java:logGet(46)) - raft.server.log.force.sync.num = 128 (default)
2024-04-29 09:21:16,345 [9aa29c9a-34be-4d10-8746-61e8629e52a2-groupManagement] INFO  server.RaftServerConfigKeys (ConfUtils.java:logGet(46)) - raft.server.log.statemachine.data.sync = true (default)
2024-04-29 09:21:16,345 [9aa29c9a-34be-4d10-8746-61e8629e52a2-groupManagement] INFO  server.RaftServerConfigKeys (ConfUtils.java:logGet(46)) - raft.server.log.statemachine.data.sync.timeout = 10s (default)
2024-04-29 09:21:16,345 [9aa29c9a-34be-4d10-8746-61e8629e52a2-groupManagement] INFO  server.RaftServerConfigKeys (ConfUtils.java:logGet(46)) - raft.server.log.statemachine.data.sync.timeout.retry = 30 (custom)
2024-04-29 09:21:16,345 [9aa29c9a-34be-4d10-8746-61e8629e52a2-groupManagement] INFO  server.RaftServerConfigKeys (ConfUtils.java:logGet(46)) - raft.server.log.write.buffer.size = 8388616 (custom)
2024-04-29 09:21:16,347 [9aa29c9a-34be-4d10-8746-61e8629e52a2-groupManagement] INFO  server.RaftServerConfigKeys (ConfUtils.java:logGet(46)) - raft.server.log.appender.buffer.byte-limit = 8388608 (custom)
2024-04-29 09:21:16,347 [9aa29c9a-34be-4d10-8746-61e8629e52a2-groupManagement] INFO  server.RaftServerConfigKeys (ConfUtils.java:logGet(46)) - raft.server.log.unsafe-flush.enabled = false (default)
2024-04-29 09:21:16,347 [9aa29c9a-34be-4d10-8746-61e8629e52a2-groupManagement] INFO  server.RaftServerConfigKeys (ConfUtils.java:logGet(46)) - raft.server.log.async-flush.enabled = false (default)
2024-04-29 09:21:16,347 [9aa29c9a-34be-4d10-8746-61e8629e52a2-groupManagement] INFO  server.RaftServerConfigKeys (ConfUtils.java:logGet(46)) - raft.server.log.statemachine.data.caching.enabled = true (custom)
2024-04-29 09:21:16,347 [9aa29c9a-34be-4d10-8746-61e8629e52a2-groupManagement] INFO  segmented.SegmentedRaftLogWorker (SegmentedRaftLogWorker.java:lambda$new$0(134)) - 9aa29c9a-34be-4d10-8746-61e8629e52a2@group-5A9B4F6A45D4-SegmentedRaftLogWorker: flushIndex: setUnconditionally 0 -> -1
2024-04-29 09:21:16,347 [9aa29c9a-34be-4d10-8746-61e8629e52a2-groupManagement] INFO  segmented.SegmentedRaftLogWorker (SegmentedRaftLogWorker.java:lambda$new$0(134)) - 9aa29c9a-34be-4d10-8746-61e8629e52a2@group-5A9B4F6A45D4-SegmentedRaftLogWorker: safeCacheEvictIndex: setUnconditionally 0 -> -1
2024-04-29 09:21:16,347 [9aa29c9a-34be-4d10-8746-61e8629e52a2-groupManagement] INFO  server.RaftServer$Division (RaftServerImpl.java:start(396)) - 9aa29c9a-34be-4d10-8746-61e8629e52a2@group-5A9B4F6A45D4: start as a follower, conf=-1: peers:[9aa29c9a-34be-4d10-8746-61e8629e52a2|127.0.0.1:15344]|listeners:[], old=null
2024-04-29 09:21:16,347 [9aa29c9a-34be-4d10-8746-61e8629e52a2-groupManagement] INFO  server.RaftServer$Division (RaftServerImpl.java:setRole(383)) - 9aa29c9a-34be-4d10-8746-61e8629e52a2@group-5A9B4F6A45D4: changes role from      null to FOLLOWER at term 0 for startAsFollower
2024-04-29 09:21:16,347 [9aa29c9a-34be-4d10-8746-61e8629e52a2-groupManagement] INFO  impl.RoleInfo (RoleInfo.java:updateAndGet(139)) - 9aa29c9a-34be-4d10-8746-61e8629e52a2: start 9aa29c9a-34be-4d10-8746-61e8629e52a2@group-5A9B4F6A45D4-FollowerState
2024-04-29 09:21:16,347 [9aa29c9a-34be-4d10-8746-61e8629e52a2-groupManagement] INFO  util.JmxRegister (JmxRegister.java:tryRegister(44)) - Successfully registered JMX Bean with object name Ratis:service=RaftServer,group=group-5A9B4F6A45D4,id=9aa29c9a-34be-4d10-8746-61e8629e52a2
2024-04-29 09:21:16,347 [9aa29c9a-34be-4d10-8746-61e8629e52a2@group-5A9B4F6A45D4-FollowerState] INFO  server.RaftServerConfigKeys (ConfUtils.java:logFallback(53)) - raft.server.rpc.first-election.timeout.min = 5s (fallback to raft.server.rpc.timeout.min)
2024-04-29 09:21:16,348 [9aa29c9a-34be-4d10-8746-61e8629e52a2-groupManagement] INFO  server.RaftServerConfigKeys (ConfUtils.java:logGet(46)) - raft.server.snapshot.trigger-when-stop.enabled = true (default)
2024-04-29 09:21:16,348 [9aa29c9a-34be-4d10-8746-61e8629e52a2@group-5A9B4F6A45D4-FollowerState] INFO  server.RaftServerConfigKeys (ConfUtils.java:logFallback(53)) - raft.server.rpc.first-election.timeout.max = 5200ms (fallback to raft.server.rpc.timeout.max)
2024-04-29 09:21:16,348 [9aa29c9a-34be-4d10-8746-61e8629e52a2-groupManagement] INFO  server.RaftServerConfigKeys (ConfUtils.java:logGet(46)) - raft.server.snapshot.auto.trigger.enabled = true (custom)
2024-04-29 09:21:16,348 [9aa29c9a-34be-4d10-8746-61e8629e52a2-groupManagement] INFO  server.RaftServerConfigKeys (ConfUtils.java:logGet(46)) - raft.server.snapshot.auto.trigger.threshold = 10000 (custom)
2024-04-29 09:21:16,348 [9aa29c9a-34be-4d10-8746-61e8629e52a2-groupManagement] INFO  server.RaftServerConfigKeys (ConfUtils.java:logGet(46)) - raft.server.snapshot.retention.file.num = 5 (custom)
2024-04-29 09:21:16,348 [9aa29c9a-34be-4d10-8746-61e8629e52a2-groupManagement] INFO  server.RaftServerConfigKeys (ConfUtils.java:logGet(46)) - raft.server.log.purge.upto.snapshot.index = false (default)
2024-04-29 09:21:16,348 [9aa29c9a-34be-4d10-8746-61e8629e52a2-PipelineCommandHandlerThread-0] INFO  ratis.XceiverServerRatis (XceiverServerRatis.java:addGroup(864)) - Created group PipelineID=29251c77-070d-4cc2-b3f9-5a9b4f6a45d4
2024-04-29 09:21:16,348 [9aa29c9a-34be-4d10-8746-61e8629e52a2-PipelineCommandHandlerThread-0] INFO  commandhandler.CreatePipelineCommandHandler (CreatePipelineCommandHandler.java:lambda$handle$2(124)) - Created Pipeline RATIS ONE PipelineID=29251c77-070d-4cc2-b3f9-5a9b4f6a45d4.
2024-04-29 09:21:16,349 [9aa29c9a-34be-4d10-8746-61e8629e52a2-groupManagement] INFO  server.RaftServerConfigKeys (ConfUtils.java:logGet(46)) - raft.server.storage.free-space.min = 0MB (=0) (default)
2024-04-29 09:21:16,349 [9aa29c9a-34be-4d10-8746-61e8629e52a2-groupManagement] INFO  server.RaftServerConfigKeys (ConfUtils.java:logGet(46)) - raft.server.log.corruption.policy = EXCEPTION (default)
2024-04-29 09:21:16,349 [9aa29c9a-34be-4d10-8746-61e8629e52a2-groupManagement] INFO  server.RaftServerConfigKeys (ConfUtils.java:logGet(46)) - raft.server.storage.dir = [/home/runner/work/ozone/ozone/hadoop-ozone/integration-test/target/test-dir/MiniOzoneClusterImpl-5c564e69-bd94-47d8-8ed3-49bff913e719/ozone-meta/datanode-8/ratis] (custom)
2024-04-29 09:21:16,349 [9aa29c9a-34be-4d10-8746-61e8629e52a2-groupManagement] INFO  storage.RaftStorageDirectory (RaftStorageDirectoryImpl.java:analyzeStorage(138)) - The storage directory /home/runner/work/ozone/ozone/hadoop-ozone/integration-test/target/test-dir/MiniOzoneClusterImpl-5c564e69-bd94-47d8-8ed3-49bff913e719/ozone-meta/datanode-8/ratis/0b1c4d5e-c6f1-4272-a85e-86fdd4066e61 does not exist. Creating ...
2024-04-29 09:21:16,350 [9aa29c9a-34be-4d10-8746-61e8629e52a2-groupManagement] INFO  storage.RaftStorageDirectory (RaftStorageDirectoryImpl.java:tryLock(228)) - Lock on /home/runner/work/ozone/ozone/hadoop-ozone/integration-test/target/test-dir/MiniOzoneClusterImpl-5c564e69-bd94-47d8-8ed3-49bff913e719/ozone-meta/datanode-8/ratis/0b1c4d5e-c6f1-4272-a85e-86fdd4066e61/in_use.lock acquired by nodename 21350@fv-az771-493
2024-04-29 09:21:16,351 [9aa29c9a-34be-4d10-8746-61e8629e52a2-groupManagement] INFO  storage.RaftStorage (RaftStorageImpl.java:format(99)) - Storage directory /home/runner/work/ozone/ozone/hadoop-ozone/integration-test/target/test-dir/MiniOzoneClusterImpl-5c564e69-bd94-47d8-8ed3-49bff913e719/ozone-meta/datanode-8/ratis/0b1c4d5e-c6f1-4272-a85e-86fdd4066e61 has been successfully formatted.
2024-04-29 09:21:16,351 [9aa29c9a-34be-4d10-8746-61e8629e52a2-groupManagement] WARN  util.FileUtils (LogUtils.java:supplyAndLog(63)) - Failed to Files.newInputStream /home/runner/work/ozone/ozone/hadoop-ozone/integration-test/target/test-dir/MiniOzoneClusterImpl-5c564e69-bd94-47d8-8ed3-49bff913e719/ozone-meta/datanode-8/ratis/0b1c4d5e-c6f1-4272-a85e-86fdd4066e61/current/raft-meta.conf with options []: java.nio.file.NoSuchFileException: /home/runner/work/ozone/ozone/hadoop-ozone/integration-test/target/test-dir/MiniOzoneClusterImpl-5c564e69-bd94-47d8-8ed3-49bff913e719/ozone-meta/datanode-8/ratis/0b1c4d5e-c6f1-4272-a85e-86fdd4066e61/current/raft-meta.conf
2024-04-29 09:21:16,351 [9aa29c9a-34be-4d10-8746-61e8629e52a2-groupManagement] INFO  ratis.ContainerStateMachine (ContainerStateMachine.java:loadSnapshot(287)) - group-86FDD4066E61: The snapshot info is null. Setting the last applied index to:(t:0, i:~)
2024-04-29 09:21:16,351 [9aa29c9a-34be-4d10-8746-61e8629e52a2-groupManagement] INFO  server.RaftServerConfigKeys (ConfUtils.java:logGet(46)) - raft.server.log.use.memory = false (default)
2024-04-29 09:21:16,351 [9aa29c9a-34be-4d10-8746-61e8629e52a2-groupManagement] INFO  server.RaftServerConfigKeys (ConfUtils.java:logGet(46)) - raft.server.log.purge.gap = 1000000 (custom)
2024-04-29 09:21:16,351 [9aa29c9a-34be-4d10-8746-61e8629e52a2-groupManagement] INFO  server.RaftServerConfigKeys (ConfUtils.java:logGet(46)) - raft.server.log.appender.buffer.byte-limit = 8388608 (custom)
2024-04-29 09:21:16,351 [9aa29c9a-34be-4d10-8746-61e8629e52a2-groupManagement] INFO  server.RaftServerConfigKeys (ConfUtils.java:logGet(46)) - raft.server.log.statemachine.data.read.timeout = 1000ms (default)
2024-04-29 09:21:16,351 [9aa29c9a-34be-4d10-8746-61e8629e52a2-groupManagement] INFO  server.RaftServerConfigKeys (ConfUtils.java:logGet(46)) - raft.server.log.purge.preservation.log.num = 0 (default)
2024-04-29 09:21:16,352 [EventQueue-OpenPipelineForHealthyPipelineSafeModeRule] INFO  safemode.SCMSafeModeManager (HealthyPipelineSafeModeRule.java:process(140)) - SCM in safe mode. Healthy pipelines reported count is 0, required healthy pipeline reported count is 1
2024-04-29 09:21:16,352 [9aa29c9a-34be-4d10-8746-61e8629e52a2-groupManagement] INFO  server.RaftServerConfigKeys (ConfUtils.java:logGet(46)) - raft.server.log.segment.size.max = 67108864 (custom)
2024-04-29 09:21:16,353 [9aa29c9a-34be-4d10-8746-61e8629e52a2-groupManagement] INFO  server.RaftServerConfigKeys (ConfUtils.java:logGet(46)) - raft.server.log.segment.cache.num.max = 2 (custom)
2024-04-29 09:21:16,353 [9aa29c9a-34be-4d10-8746-61e8629e52a2-groupManagement] INFO  server.RaftServerConfigKeys (ConfUtils.java:logGet(46)) - raft.server.log.segment.cache.size.max = 200MB (=209715200) (default)
2024-04-29 09:21:16,353 [9aa29c9a-34be-4d10-8746-61e8629e52a2-groupManagement] INFO  server.RaftServerConfigKeys (ConfUtils.java:logGet(46)) - raft.server.log.appender.buffer.byte-limit = 8388608 (custom)
2024-04-29 09:21:16,353 [9aa29c9a-34be-4d10-8746-61e8629e52a2-groupManagement] INFO  util.AwaitToRun (AwaitToRun.java:start(81)) - Thread[9aa29c9a-34be-4d10-8746-61e8629e52a2@group-86FDD4066E61-cacheEviction-AwaitToRun,5,main] started
2024-04-29 09:21:16,353 [9aa29c9a-34be-4d10-8746-61e8629e52a2-groupManagement] INFO  segmented.SegmentedRaftLogWorker (SegmentedRaftLogWorker.java:<init>(182)) - new 9aa29c9a-34be-4d10-8746-61e8629e52a2@group-86FDD4066E61-SegmentedRaftLogWorker for RaftStorageImpl:Storage Directory /home/runner/work/ozone/ozone/hadoop-ozone/integration-test/target/test-dir/MiniOzoneClusterImpl-5c564e69-bd94-47d8-8ed3-49bff913e719/ozone-meta/datanode-8/ratis/0b1c4d5e-c6f1-4272-a85e-86fdd4066e61
2024-04-29 09:21:16,353 [9aa29c9a-34be-4d10-8746-61e8629e52a2-groupManagement] INFO  server.RaftServerConfigKeys (ConfUtils.java:logGet(46)) - raft.server.log.queue.byte-limit = 4294967296 (custom)
2024-04-29 09:21:16,353 [9aa29c9a-34be-4d10-8746-61e8629e52a2-groupManagement] INFO  server.RaftServerConfigKeys (ConfUtils.java:logGet(46)) - raft.server.log.queue.element-limit = 1024 (custom)
2024-04-29 09:21:16,353 [9aa29c9a-34be-4d10-8746-61e8629e52a2-groupManagement] INFO  server.RaftServerConfigKeys (ConfUtils.java:logGet(46)) - raft.server.log.segment.size.max = 67108864 (custom)
2024-04-29 09:21:16,353 [9aa29c9a-34be-4d10-8746-61e8629e52a2-groupManagement] INFO  server.RaftServerConfigKeys (ConfUtils.java:logGet(46)) - raft.server.log.preallocated.size = 4194304 (custom)
2024-04-29 09:21:16,353 [9aa29c9a-34be-4d10-8746-61e8629e52a2-groupManagement] INFO  server.RaftServerConfigKeys (ConfUtils.java:logGet(46)) - raft.server.log.force.sync.num = 128 (default)
2024-04-29 09:21:16,353 [9aa29c9a-34be-4d10-8746-61e8629e52a2-groupManagement] INFO  server.RaftServerConfigKeys (ConfUtils.java:logGet(46)) - raft.server.log.statemachine.data.sync = true (default)
2024-04-29 09:21:16,353 [9aa29c9a-34be-4d10-8746-61e8629e52a2-groupManagement] INFO  server.RaftServerConfigKeys (ConfUtils.java:logGet(46)) - raft.server.log.statemachine.data.sync.timeout = 10s (default)
2024-04-29 09:21:16,353 [9aa29c9a-34be-4d10-8746-61e8629e52a2-groupManagement] INFO  server.RaftServerConfigKeys (ConfUtils.java:logGet(46)) - raft.server.log.statemachine.data.sync.timeout.retry = 30 (custom)
2024-04-29 09:21:16,353 [9aa29c9a-34be-4d10-8746-61e8629e52a2-groupManagement] INFO  server.RaftServerConfigKeys (ConfUtils.java:logGet(46)) - raft.server.log.write.buffer.size = 8388616 (custom)
2024-04-29 09:21:16,355 [9aa29c9a-34be-4d10-8746-61e8629e52a2-groupManagement] INFO  server.RaftServerConfigKeys (ConfUtils.java:logGet(46)) - raft.server.log.appender.buffer.byte-limit = 8388608 (custom)
2024-04-29 09:21:16,355 [9aa29c9a-34be-4d10-8746-61e8629e52a2-groupManagement] INFO  server.RaftServerConfigKeys (ConfUtils.java:logGet(46)) - raft.server.log.unsafe-flush.enabled = false (default)
2024-04-29 09:21:16,355 [9aa29c9a-34be-4d10-8746-61e8629e52a2-groupManagement] INFO  server.RaftServerConfigKeys (ConfUtils.java:logGet(46)) - raft.server.log.async-flush.enabled = false (default)
2024-04-29 09:21:16,355 [9aa29c9a-34be-4d10-8746-61e8629e52a2-groupManagement] INFO  server.RaftServerConfigKeys (ConfUtils.java:logGet(46)) - raft.server.log.statemachine.data.caching.enabled = true (custom)
2024-04-29 09:21:16,355 [9aa29c9a-34be-4d10-8746-61e8629e52a2-groupManagement] INFO  segmented.SegmentedRaftLogWorker (SegmentedRaftLogWorker.java:lambda$new$0(134)) - 9aa29c9a-34be-4d10-8746-61e8629e52a2@group-86FDD4066E61-SegmentedRaftLogWorker: flushIndex: setUnconditionally 0 -> -1
2024-04-29 09:21:16,355 [9aa29c9a-34be-4d10-8746-61e8629e52a2-groupManagement] INFO  segmented.SegmentedRaftLogWorker (SegmentedRaftLogWorker.java:lambda$new$0(134)) - 9aa29c9a-34be-4d10-8746-61e8629e52a2@group-86FDD4066E61-SegmentedRaftLogWorker: safeCacheEvictIndex: setUnconditionally 0 -> -1
2024-04-29 09:21:16,355 [9aa29c9a-34be-4d10-8746-61e8629e52a2-groupManagement] INFO  server.RaftServer$Division (RaftServerImpl.java:start(396)) - 9aa29c9a-34be-4d10-8746-61e8629e52a2@group-86FDD4066E61: start as a follower, conf=-1: peers:[ab29e55d-edbb-4b88-be19-86f551408953|127.0.0.1:15335, 9aa29c9a-34be-4d10-8746-61e8629e52a2|127.0.0.1:15344, 2915b4d7-e658-4864-9310-64154da9bd5b|127.0.0.1:15353]|listeners:[], old=null
2024-04-29 09:21:16,355 [9aa29c9a-34be-4d10-8746-61e8629e52a2-groupManagement] INFO  server.RaftServer$Division (RaftServerImpl.java:setRole(383)) - 9aa29c9a-34be-4d10-8746-61e8629e52a2@group-86FDD4066E61: changes role from      null to FOLLOWER at term 0 for startAsFollower
2024-04-29 09:21:16,355 [9aa29c9a-34be-4d10-8746-61e8629e52a2-groupManagement] INFO  impl.RoleInfo (RoleInfo.java:updateAndGet(139)) - 9aa29c9a-34be-4d10-8746-61e8629e52a2: start 9aa29c9a-34be-4d10-8746-61e8629e52a2@group-86FDD4066E61-FollowerState
2024-04-29 09:21:16,355 [9aa29c9a-34be-4d10-8746-61e8629e52a2-groupManagement] INFO  util.JmxRegister (JmxRegister.java:tryRegister(44)) - Successfully registered JMX Bean with object name Ratis:service=RaftServer,group=group-86FDD4066E61,id=9aa29c9a-34be-4d10-8746-61e8629e52a2
2024-04-29 09:21:16,355 [9aa29c9a-34be-4d10-8746-61e8629e52a2@group-86FDD4066E61-FollowerState] INFO  server.RaftServerConfigKeys (ConfUtils.java:logFallback(53)) - raft.server.rpc.first-election.timeout.min = 5s (fallback to raft.server.rpc.timeout.min)
2024-04-29 09:21:16,355 [9aa29c9a-34be-4d10-8746-61e8629e52a2-groupManagement] INFO  server.RaftServerConfigKeys (ConfUtils.java:logGet(46)) - raft.server.snapshot.trigger-when-stop.enabled = true (default)
2024-04-29 09:21:16,355 [9aa29c9a-34be-4d10-8746-61e8629e52a2@group-86FDD4066E61-FollowerState] INFO  server.RaftServerConfigKeys (ConfUtils.java:logFallback(53)) - raft.server.rpc.first-election.timeout.max = 5200ms (fallback to raft.server.rpc.timeout.max)
2024-04-29 09:21:16,355 [9aa29c9a-34be-4d10-8746-61e8629e52a2-groupManagement] INFO  server.RaftServerConfigKeys (ConfUtils.java:logGet(46)) - raft.server.snapshot.auto.trigger.enabled = true (custom)
2024-04-29 09:21:16,356 [9aa29c9a-34be-4d10-8746-61e8629e52a2-groupManagement] INFO  server.RaftServerConfigKeys (ConfUtils.java:logGet(46)) - raft.server.snapshot.auto.trigger.threshold = 10000 (custom)
2024-04-29 09:21:16,356 [9aa29c9a-34be-4d10-8746-61e8629e52a2-groupManagement] INFO  server.RaftServerConfigKeys (ConfUtils.java:logGet(46)) - raft.server.snapshot.retention.file.num = 5 (custom)
2024-04-29 09:21:16,356 [9aa29c9a-34be-4d10-8746-61e8629e52a2-groupManagement] INFO  server.RaftServerConfigKeys (ConfUtils.java:logGet(46)) - raft.server.log.purge.upto.snapshot.index = false (default)
2024-04-29 09:21:16,358 [ab29e55d-edbb-4b88-be19-86f551408953-PipelineCommandHandlerThread-0] INFO  commandhandler.CreatePipelineCommandHandler (CreatePipelineCommandHandler.java:lambda$handle$2(124)) - Created Pipeline RATIS THREE PipelineID=0b1c4d5e-c6f1-4272-a85e-86fdd4066e61.
2024-04-29 09:21:16,381 [2915b4d7-e658-4864-9310-64154da9bd5b-PipelineCommandHandlerThread-0] INFO  server.RaftServer (RaftServerProxy.java:addNew(100)) - 2915b4d7-e658-4864-9310-64154da9bd5b: addNew group-54732A09FC95:[2915b4d7-e658-4864-9310-64154da9bd5b|127.0.0.1:15353] returns group-54732A09FC95:java.util.concurrent.CompletableFuture@4d81846a[Not completed]
2024-04-29 09:21:16,382 [2915b4d7-e658-4864-9310-64154da9bd5b-groupManagement] INFO  server.RaftServer$Division (RaftServerImpl.java:<init>(256)) - 2915b4d7-e658-4864-9310-64154da9bd5b: new RaftServerImpl for group-54732A09FC95:[2915b4d7-e658-4864-9310-64154da9bd5b|127.0.0.1:15353] with ContainerStateMachine:uninitialized
2024-04-29 09:21:16,382 [2915b4d7-e658-4864-9310-64154da9bd5b-groupManagement] INFO  server.RaftServerConfigKeys (ConfUtils.java:logGet(46)) - raft.server.rpc.timeout.min = 5s (custom)
2024-04-29 09:21:16,382 [2915b4d7-e658-4864-9310-64154da9bd5b-groupManagement] INFO  server.RaftServerConfigKeys (ConfUtils.java:logGet(46)) - raft.server.rpc.timeout.max = 5200ms (custom)
2024-04-29 09:21:16,382 [2915b4d7-e658-4864-9310-64154da9bd5b-groupManagement] INFO  server.RaftServerConfigKeys (ConfUtils.java:logGet(46)) - raft.server.rpc.sleep.time = 25ms (default)
2024-04-29 09:21:16,382 [2915b4d7-e658-4864-9310-64154da9bd5b-groupManagement] INFO  server.RaftServerConfigKeys (ConfUtils.java:logGet(46)) - raft.server.rpc.slowness.timeout = 300000ms (custom)
2024-04-29 09:21:16,382 [2915b4d7-e658-4864-9310-64154da9bd5b-groupManagement] INFO  server.RaftServerConfigKeys (ConfUtils.java:logGet(46)) - raft.server.leaderelection.leader.step-down.wait-time = 10s (default)
2024-04-29 09:21:16,382 [2915b4d7-e658-4864-9310-64154da9bd5b-groupManagement] INFO  server.RaftServerConfigKeys (ConfUtils.java:logGet(46)) - raft.server.leaderelection.member.majority-add = false (default)
2024-04-29 09:21:16,382 [2915b4d7-e658-4864-9310-64154da9bd5b-groupManagement] INFO  server.RaftServerConfigKeys (ConfUtils.java:logGet(46)) - raft.server.sleep.deviation.threshold = 300ms (default)
2024-04-29 09:21:16,382 [2915b4d7-e658-4864-9310-64154da9bd5b-groupManagement] INFO  server.RaftServer$Division (ServerState.java:<init>(113)) - 2915b4d7-e658-4864-9310-64154da9bd5b@group-54732A09FC95: ConfigurationManager, init=-1: peers:[2915b4d7-e658-4864-9310-64154da9bd5b|127.0.0.1:15353]|listeners:[], old=null, confs=<EMPTY_MAP>
2024-04-29 09:21:16,382 [2915b4d7-e658-4864-9310-64154da9bd5b-groupManagement] INFO  server.RaftServerConfigKeys (ConfUtils.java:logGet(46)) - raft.server.notification.no-leader.timeout = 300000ms (custom)
2024-04-29 09:21:16,382 [2915b4d7-e658-4864-9310-64154da9bd5b-groupManagement] INFO  server.RaftServerConfigKeys (ConfUtils.java:logGet(46)) - raft.server.read.timeout = 10s (default)
2024-04-29 09:21:16,383 [2915b4d7-e658-4864-9310-64154da9bd5b-groupManagement] INFO  server.RaftServerConfigKeys (ConfUtils.java:logGet(46)) - raft.server.retrycache.expirytime = 600000ms (custom)
2024-04-29 09:21:16,383 [2915b4d7-e658-4864-9310-64154da9bd5b-groupManagement] INFO  server.RaftServerConfigKeys (ConfUtils.java:logGet(46)) - raft.server.retrycache.statistics.expirytime = 100ms (default)
2024-04-29 09:21:16,383 [2915b4d7-e658-4864-9310-64154da9bd5b-groupManagement] INFO  server.RaftServerConfigKeys (ConfUtils.java:logGet(46)) - raft.server.read.option = DEFAULT (default)
2024-04-29 09:21:16,383 [2915b4d7-e658-4864-9310-64154da9bd5b-groupManagement] INFO  server.RaftServerConfigKeys (ConfUtils.java:logGet(46)) - raft.server.read.read-after-write-consistent.write-index-cache.expiry-time = 60s (default)
2024-04-29 09:21:16,384 [main] INFO  ozone.MiniOzoneClusterImpl (MiniOzoneClusterImpl.java:lambda$waitForClusterToBeReady$0(194)) - Nodes are ready. Got 9 of 9 DN Heartbeats.
2024-04-29 09:21:16,384 [main] INFO  ozone.MiniOzoneClusterImpl (MiniOzoneClusterImpl.java:lambda$waitForClusterToBeReady$0(197)) - Waiting for cluster to exit safe mode
2024-04-29 09:21:16,384 [main] INFO  ozone.MiniOzoneClusterImpl (MiniOzoneClusterImpl.java:lambda$waitForClusterToBeReady$0(199)) - SCM became leader
2024-04-29 09:21:16,384 [2915b4d7-e658-4864-9310-64154da9bd5b-groupManagement] INFO  server.RaftServerConfigKeys (ConfUtils.java:logGet(46)) - raft.server.rpc.request.timeout = 3000ms (default)
2024-04-29 09:21:16,385 [2915b4d7-e658-4864-9310-64154da9bd5b-groupManagement] INFO  server.RaftServerConfigKeys (ConfUtils.java:logGet(46)) - raft.server.log.appender.install.snapshot.enabled = false (custom)
2024-04-29 09:21:16,385 [2915b4d7-e658-4864-9310-64154da9bd5b-groupManagement] INFO  server.RaftServerConfigKeys (ConfUtils.java:logGet(46)) - raft.server.threadpool.server.cached = true (default)
2024-04-29 09:21:16,385 [2915b4d7-e658-4864-9310-64154da9bd5b-groupManagement] INFO  server.RaftServerConfigKeys (ConfUtils.java:logGet(46)) - raft.server.threadpool.server.size = 0 (default)
2024-04-29 09:21:16,385 [2915b4d7-e658-4864-9310-64154da9bd5b-groupManagement] INFO  server.RaftServerConfigKeys (ConfUtils.java:logGet(46)) - raft.server.threadpool.client.cached = true (default)
2024-04-29 09:21:16,385 [2915b4d7-e658-4864-9310-64154da9bd5b-groupManagement] INFO  server.RaftServerConfigKeys (ConfUtils.java:logGet(46)) - raft.server.threadpool.client.size = 0 (default)
2024-04-29 09:21:16,385 [2915b4d7-e658-4864-9310-64154da9bd5b-groupManagement] INFO  server.RaftServerConfigKeys (ConfUtils.java:logGet(46)) - raft.server.storage.free-space.min = 0MB (=0) (default)
2024-04-29 09:21:16,385 [2915b4d7-e658-4864-9310-64154da9bd5b-groupManagement] INFO  server.RaftServerConfigKeys (ConfUtils.java:logGet(46)) - raft.server.log.corruption.policy = EXCEPTION (default)
2024-04-29 09:21:16,385 [2915b4d7-e658-4864-9310-64154da9bd5b-groupManagement] INFO  server.RaftServerConfigKeys (ConfUtils.java:logGet(46)) - raft.server.storage.dir = [/home/runner/work/ozone/ozone/hadoop-ozone/integration-test/target/test-dir/MiniOzoneClusterImpl-5c564e69-bd94-47d8-8ed3-49bff913e719/ozone-meta/datanode-9/ratis] (custom)
2024-04-29 09:21:16,385 [2915b4d7-e658-4864-9310-64154da9bd5b-groupManagement] INFO  storage.RaftStorageDirectory (RaftStorageDirectoryImpl.java:analyzeStorage(138)) - The storage directory /home/runner/work/ozone/ozone/hadoop-ozone/integration-test/target/test-dir/MiniOzoneClusterImpl-5c564e69-bd94-47d8-8ed3-49bff913e719/ozone-meta/datanode-9/ratis/694c0fb2-e03a-462c-87fb-54732a09fc95 does not exist. Creating ...
2024-04-29 09:21:16,386 [2915b4d7-e658-4864-9310-64154da9bd5b-groupManagement] INFO  storage.RaftStorageDirectory (RaftStorageDirectoryImpl.java:tryLock(228)) - Lock on /home/runner/work/ozone/ozone/hadoop-ozone/integration-test/target/test-dir/MiniOzoneClusterImpl-5c564e69-bd94-47d8-8ed3-49bff913e719/ozone-meta/datanode-9/ratis/694c0fb2-e03a-462c-87fb-54732a09fc95/in_use.lock acquired by nodename 21350@fv-az771-493
2024-04-29 09:21:16,387 [2915b4d7-e658-4864-9310-64154da9bd5b-groupManagement] INFO  storage.RaftStorage (RaftStorageImpl.java:format(99)) - Storage directory /home/runner/work/ozone/ozone/hadoop-ozone/integration-test/target/test-dir/MiniOzoneClusterImpl-5c564e69-bd94-47d8-8ed3-49bff913e719/ozone-meta/datanode-9/ratis/694c0fb2-e03a-462c-87fb-54732a09fc95 has been successfully formatted.
2024-04-29 09:21:16,387 [2915b4d7-e658-4864-9310-64154da9bd5b-groupManagement] WARN  util.FileUtils (LogUtils.java:supplyAndLog(63)) - Failed to Files.newInputStream /home/runner/work/ozone/ozone/hadoop-ozone/integration-test/target/test-dir/MiniOzoneClusterImpl-5c564e69-bd94-47d8-8ed3-49bff913e719/ozone-meta/datanode-9/ratis/694c0fb2-e03a-462c-87fb-54732a09fc95/current/raft-meta.conf with options []: java.nio.file.NoSuchFileException: /home/runner/work/ozone/ozone/hadoop-ozone/integration-test/target/test-dir/MiniOzoneClusterImpl-5c564e69-bd94-47d8-8ed3-49bff913e719/ozone-meta/datanode-9/ratis/694c0fb2-e03a-462c-87fb-54732a09fc95/current/raft-meta.conf
2024-04-29 09:21:16,387 [2915b4d7-e658-4864-9310-64154da9bd5b-groupManagement] INFO  ratis.ContainerStateMachine (ContainerStateMachine.java:loadSnapshot(287)) - group-54732A09FC95: The snapshot info is null. Setting the last applied index to:(t:0, i:~)
2024-04-29 09:21:16,387 [2915b4d7-e658-4864-9310-64154da9bd5b-groupManagement] INFO  server.RaftServerConfigKeys (ConfUtils.java:logGet(46)) - raft.server.log.use.memory = false (default)
2024-04-29 09:21:16,387 [2915b4d7-e658-4864-9310-64154da9bd5b-groupManagement] INFO  server.RaftServerConfigKeys (ConfUtils.java:logGet(46)) - raft.server.log.purge.gap = 1000000 (custom)
2024-04-29 09:21:16,387 [2915b4d7-e658-4864-9310-64154da9bd5b-groupManagement] INFO  server.RaftServerConfigKeys (ConfUtils.java:logGet(46)) - raft.server.log.appender.buffer.byte-limit = 8388608 (custom)
2024-04-29 09:21:16,387 [2915b4d7-e658-4864-9310-64154da9bd5b-groupManagement] INFO  server.RaftServerConfigKeys (ConfUtils.java:logGet(46)) - raft.server.log.statemachine.data.read.timeout = 1000ms (default)
2024-04-29 09:21:16,388 [2915b4d7-e658-4864-9310-64154da9bd5b-groupManagement] INFO  server.RaftServerConfigKeys (ConfUtils.java:logGet(46)) - raft.server.log.purge.preservation.log.num = 0 (default)
2024-04-29 09:21:16,389 [EventQueue-PipelineReportForPipelineReportHandler] INFO  pipeline.PipelineReportHandler (PipelineReportHandler.java:processPipelineReport(136)) - Opened pipeline PipelineID=694c0fb2-e03a-462c-87fb-54732a09fc95
2024-04-29 09:21:16,389 [EventQueue-OpenPipelineForHealthyPipelineSafeModeRule] INFO  safemode.SCMSafeModeManager (HealthyPipelineSafeModeRule.java:process(140)) - SCM in safe mode. Healthy pipelines reported count is 0, required healthy pipeline reported count is 1
2024-04-29 09:21:16,389 [2915b4d7-e658-4864-9310-64154da9bd5b-groupManagement] INFO  server.RaftServerConfigKeys (ConfUtils.java:logGet(46)) - raft.server.log.segment.size.max = 67108864 (custom)
2024-04-29 09:21:16,389 [2915b4d7-e658-4864-9310-64154da9bd5b-groupManagement] INFO  server.RaftServerConfigKeys (ConfUtils.java:logGet(46)) - raft.server.log.segment.cache.num.max = 2 (custom)
2024-04-29 09:21:16,389 [2915b4d7-e658-4864-9310-64154da9bd5b-groupManagement] INFO  server.RaftServerConfigKeys (ConfUtils.java:logGet(46)) - raft.server.log.segment.cache.size.max = 200MB (=209715200) (default)
2024-04-29 09:21:16,389 [2915b4d7-e658-4864-9310-64154da9bd5b-groupManagement] INFO  server.RaftServerConfigKeys (ConfUtils.java:logGet(46)) - raft.server.log.appender.buffer.byte-limit = 8388608 (custom)
2024-04-29 09:21:16,389 [2915b4d7-e658-4864-9310-64154da9bd5b-groupManagement] INFO  util.AwaitToRun (AwaitToRun.java:start(81)) - Thread[2915b4d7-e658-4864-9310-64154da9bd5b@group-54732A09FC95-cacheEviction-AwaitToRun,5,main] started
2024-04-29 09:21:16,389 [2915b4d7-e658-4864-9310-64154da9bd5b-groupManagement] INFO  segmented.SegmentedRaftLogWorker (SegmentedRaftLogWorker.java:<init>(182)) - new 2915b4d7-e658-4864-9310-64154da9bd5b@group-54732A09FC95-SegmentedRaftLogWorker for RaftStorageImpl:Storage Directory /home/runner/work/ozone/ozone/hadoop-ozone/integration-test/target/test-dir/MiniOzoneClusterImpl-5c564e69-bd94-47d8-8ed3-49bff913e719/ozone-meta/datanode-9/ratis/694c0fb2-e03a-462c-87fb-54732a09fc95
2024-04-29 09:21:16,389 [2915b4d7-e658-4864-9310-64154da9bd5b-groupManagement] INFO  server.RaftServerConfigKeys (ConfUtils.java:logGet(46)) - raft.server.log.queue.byte-limit = 4294967296 (custom)
2024-04-29 09:21:16,390 [2915b4d7-e658-4864-9310-64154da9bd5b-groupManagement] INFO  server.RaftServerConfigKeys (ConfUtils.java:logGet(46)) - raft.server.log.queue.element-limit = 1024 (custom)
2024-04-29 09:21:16,390 [2915b4d7-e658-4864-9310-64154da9bd5b-groupManagement] INFO  server.RaftServerConfigKeys (ConfUtils.java:logGet(46)) - raft.server.log.segment.size.max = 67108864 (custom)
2024-04-29 09:21:16,390 [2915b4d7-e658-4864-9310-64154da9bd5b-groupManagement] INFO  server.RaftServerConfigKeys (ConfUtils.java:logGet(46)) - raft.server.log.preallocated.size = 4194304 (custom)
2024-04-29 09:21:16,390 [2915b4d7-e658-4864-9310-64154da9bd5b-groupManagement] INFO  server.RaftServerConfigKeys (ConfUtils.java:logGet(46)) - raft.server.log.force.sync.num = 128 (default)
2024-04-29 09:21:16,390 [2915b4d7-e658-4864-9310-64154da9bd5b-groupManagement] INFO  server.RaftServerConfigKeys (ConfUtils.java:logGet(46)) - raft.server.log.statemachine.data.sync = true (default)
2024-04-29 09:21:16,390 [2915b4d7-e658-4864-9310-64154da9bd5b-groupManagement] INFO  server.RaftServerConfigKeys (ConfUtils.java:logGet(46)) - raft.server.log.statemachine.data.sync.timeout = 10s (default)
2024-04-29 09:21:16,390 [2915b4d7-e658-4864-9310-64154da9bd5b-groupManagement] INFO  server.RaftServerConfigKeys (ConfUtils.java:logGet(46)) - raft.server.log.statemachine.data.sync.timeout.retry = 30 (custom)
2024-04-29 09:21:16,390 [2915b4d7-e658-4864-9310-64154da9bd5b-groupManagement] INFO  server.RaftServerConfigKeys (ConfUtils.java:logGet(46)) - raft.server.log.write.buffer.size = 8388616 (custom)
2024-04-29 09:21:16,392 [2915b4d7-e658-4864-9310-64154da9bd5b-groupManagement] INFO  server.RaftServerConfigKeys (ConfUtils.java:logGet(46)) - raft.server.log.appender.buffer.byte-limit = 8388608 (custom)
2024-04-29 09:21:16,392 [2915b4d7-e658-4864-9310-64154da9bd5b-groupManagement] INFO  server.RaftServerConfigKeys (ConfUtils.java:logGet(46)) - raft.server.log.unsafe-flush.enabled = false (default)
2024-04-29 09:21:16,392 [2915b4d7-e658-4864-9310-64154da9bd5b-groupManagement] INFO  server.RaftServerConfigKeys (ConfUtils.java:logGet(46)) - raft.server.log.async-flush.enabled = false (default)
2024-04-29 09:21:16,392 [2915b4d7-e658-4864-9310-64154da9bd5b-groupManagement] INFO  server.RaftServerConfigKeys (ConfUtils.java:logGet(46)) - raft.server.log.statemachine.data.caching.enabled = true (custom)
2024-04-29 09:21:16,392 [2915b4d7-e658-4864-9310-64154da9bd5b-groupManagement] INFO  segmented.SegmentedRaftLogWorker (SegmentedRaftLogWorker.java:lambda$new$0(134)) - 2915b4d7-e658-4864-9310-64154da9bd5b@group-54732A09FC95-SegmentedRaftLogWorker: flushIndex: setUnconditionally 0 -> -1
2024-04-29 09:21:16,392 [2915b4d7-e658-4864-9310-64154da9bd5b-groupManagement] INFO  segmented.SegmentedRaftLogWorker (SegmentedRaftLogWorker.java:lambda$new$0(134)) - 2915b4d7-e658-4864-9310-64154da9bd5b@group-54732A09FC95-SegmentedRaftLogWorker: safeCacheEvictIndex: setUnconditionally 0 -> -1
2024-04-29 09:21:16,392 [2915b4d7-e658-4864-9310-64154da9bd5b-groupManagement] INFO  server.RaftServer$Division (RaftServerImpl.java:start(396)) - 2915b4d7-e658-4864-9310-64154da9bd5b@group-54732A09FC95: start as a follower, conf=-1: peers:[2915b4d7-e658-4864-9310-64154da9bd5b|127.0.0.1:15353]|listeners:[], old=null
2024-04-29 09:21:16,392 [2915b4d7-e658-4864-9310-64154da9bd5b-groupManagement] INFO  server.RaftServer$Division (RaftServerImpl.java:setRole(383)) - 2915b4d7-e658-4864-9310-64154da9bd5b@group-54732A09FC95: changes role from      null to FOLLOWER at term 0 for startAsFollower
2024-04-29 09:21:16,392 [2915b4d7-e658-4864-9310-64154da9bd5b-groupManagement] INFO  impl.RoleInfo (RoleInfo.java:updateAndGet(139)) - 2915b4d7-e658-4864-9310-64154da9bd5b: start 2915b4d7-e658-4864-9310-64154da9bd5b@group-54732A09FC95-FollowerState
2024-04-29 09:21:16,392 [2915b4d7-e658-4864-9310-64154da9bd5b-groupManagement] INFO  util.JmxRegister (JmxRegister.java:tryRegister(44)) - Successfully registered JMX Bean with object name Ratis:service=RaftServer,group=group-54732A09FC95,id=2915b4d7-e658-4864-9310-64154da9bd5b
2024-04-29 09:21:16,393 [2915b4d7-e658-4864-9310-64154da9bd5b-groupManagement] INFO  server.RaftServerConfigKeys (ConfUtils.java:logGet(46)) - raft.server.snapshot.trigger-when-stop.enabled = true (default)
2024-04-29 09:21:16,393 [2915b4d7-e658-4864-9310-64154da9bd5b-groupManagement] INFO  server.RaftServerConfigKeys (ConfUtils.java:logGet(46)) - raft.server.snapshot.auto.trigger.enabled = true (custom)
2024-04-29 09:21:16,392 [2915b4d7-e658-4864-9310-64154da9bd5b@group-54732A09FC95-FollowerState] INFO  server.RaftServerConfigKeys (ConfUtils.java:logFallback(53)) - raft.server.rpc.first-election.timeout.min = 5s (fallback to raft.server.rpc.timeout.min)
2024-04-29 09:21:16,393 [2915b4d7-e658-4864-9310-64154da9bd5b@group-54732A09FC95-FollowerState] INFO  server.RaftServerConfigKeys (ConfUtils.java:logFallback(53)) - raft.server.rpc.first-election.timeout.max = 5200ms (fallback to raft.server.rpc.timeout.max)
2024-04-29 09:21:16,393 [2915b4d7-e658-4864-9310-64154da9bd5b-groupManagement] INFO  server.RaftServerConfigKeys (ConfUtils.java:logGet(46)) - raft.server.snapshot.auto.trigger.threshold = 10000 (custom)
2024-04-29 09:21:16,393 [2915b4d7-e658-4864-9310-64154da9bd5b-groupManagement] INFO  server.RaftServerConfigKeys (ConfUtils.java:logGet(46)) - raft.server.snapshot.retention.file.num = 5 (custom)
2024-04-29 09:21:16,393 [2915b4d7-e658-4864-9310-64154da9bd5b-groupManagement] INFO  server.RaftServerConfigKeys (ConfUtils.java:logGet(46)) - raft.server.log.purge.upto.snapshot.index = false (default)
2024-04-29 09:21:16,393 [2915b4d7-e658-4864-9310-64154da9bd5b-PipelineCommandHandlerThread-0] INFO  ratis.XceiverServerRatis (XceiverServerRatis.java:addGroup(864)) - Created group PipelineID=694c0fb2-e03a-462c-87fb-54732a09fc95
2024-04-29 09:21:16,393 [2915b4d7-e658-4864-9310-64154da9bd5b-PipelineCommandHandlerThread-0] INFO  commandhandler.CreatePipelineCommandHandler (CreatePipelineCommandHandler.java:lambda$handle$2(124)) - Created Pipeline RATIS ONE PipelineID=694c0fb2-e03a-462c-87fb-54732a09fc95.
2024-04-29 09:21:17,384 [main] INFO  ozone.MiniOzoneClusterImpl (MiniOzoneClusterImpl.java:lambda$waitForClusterToBeReady$0(194)) - Nodes are ready. Got 9 of 9 DN Heartbeats.
2024-04-29 09:21:17,384 [main] INFO  ozone.MiniOzoneClusterImpl (MiniOzoneClusterImpl.java:lambda$waitForClusterToBeReady$0(197)) - Waiting for cluster to exit safe mode
2024-04-29 09:21:17,384 [main] INFO  ozone.MiniOzoneClusterImpl (MiniOzoneClusterImpl.java:lambda$waitForClusterToBeReady$0(199)) - SCM became leader
2024-04-29 09:21:18,384 [main] INFO  ozone.MiniOzoneClusterImpl (MiniOzoneClusterImpl.java:lambda$waitForClusterToBeReady$0(194)) - Nodes are ready. Got 9 of 9 DN Heartbeats.
2024-04-29 09:21:18,385 [main] INFO  ozone.MiniOzoneClusterImpl (MiniOzoneClusterImpl.java:lambda$waitForClusterToBeReady$0(197)) - Waiting for cluster to exit safe mode
2024-04-29 09:21:18,385 [main] INFO  ozone.MiniOzoneClusterImpl (MiniOzoneClusterImpl.java:lambda$waitForClusterToBeReady$0(199)) - SCM became leader
2024-04-29 09:21:19,385 [main] INFO  ozone.MiniOzoneClusterImpl (MiniOzoneClusterImpl.java:lambda$waitForClusterToBeReady$0(194)) - Nodes are ready. Got 9 of 9 DN Heartbeats.
2024-04-29 09:21:19,385 [main] INFO  ozone.MiniOzoneClusterImpl (MiniOzoneClusterImpl.java:lambda$waitForClusterToBeReady$0(197)) - Waiting for cluster to exit safe mode
2024-04-29 09:21:19,385 [main] INFO  ozone.MiniOzoneClusterImpl (MiniOzoneClusterImpl.java:lambda$waitForClusterToBeReady$0(199)) - SCM became leader
2024-04-29 09:21:20,385 [main] INFO  ozone.MiniOzoneClusterImpl (MiniOzoneClusterImpl.java:lambda$waitForClusterToBeReady$0(194)) - Nodes are ready. Got 9 of 9 DN Heartbeats.
2024-04-29 09:21:20,386 [main] INFO  ozone.MiniOzoneClusterImpl (MiniOzoneClusterImpl.java:lambda$waitForClusterToBeReady$0(197)) - Waiting for cluster to exit safe mode
2024-04-29 09:21:20,386 [main] INFO  ozone.MiniOzoneClusterImpl (MiniOzoneClusterImpl.java:lambda$waitForClusterToBeReady$0(199)) - SCM became leader
2024-04-29 09:21:21,048 [63ba3f95-8215-4442-8865-ad228f39fdb5@group-F9A368723928-FollowerState] INFO  impl.FollowerState (FollowerState.java:run(143)) - 63ba3f95-8215-4442-8865-ad228f39fdb5@group-F9A368723928-FollowerState: change to CANDIDATE, lastRpcElapsedTime:5078732430ns, electionTimeout:5078ms
2024-04-29 09:21:21,048 [63ba3f95-8215-4442-8865-ad228f39fdb5@group-F9A368723928-FollowerState] INFO  impl.RoleInfo (RoleInfo.java:shutdownFollowerState(110)) - 63ba3f95-8215-4442-8865-ad228f39fdb5: shutdown 63ba3f95-8215-4442-8865-ad228f39fdb5@group-F9A368723928-FollowerState
2024-04-29 09:21:21,049 [63ba3f95-8215-4442-8865-ad228f39fdb5@group-F9A368723928-FollowerState] INFO  server.RaftServer$Division (RaftServerImpl.java:setRole(383)) - 63ba3f95-8215-4442-8865-ad228f39fdb5@group-F9A368723928: changes role from  FOLLOWER to CANDIDATE at term 0 for changeToCandidate
2024-04-29 09:21:21,049 [63ba3f95-8215-4442-8865-ad228f39fdb5@group-F9A368723928-FollowerState] INFO  server.RaftServerConfigKeys (ConfUtils.java:logGet(46)) - raft.server.leaderelection.pre-vote = true (default)
2024-04-29 09:21:21,049 [63ba3f95-8215-4442-8865-ad228f39fdb5@group-F9A368723928-FollowerState] INFO  impl.RoleInfo (RoleInfo.java:updateAndGet(139)) - 63ba3f95-8215-4442-8865-ad228f39fdb5: start 63ba3f95-8215-4442-8865-ad228f39fdb5@group-F9A368723928-LeaderElection51
2024-04-29 09:21:21,049 [63ba3f95-8215-4442-8865-ad228f39fdb5@group-F9A368723928-LeaderElection51] INFO  impl.LeaderElection (LeaderElection.java:askForVotes(321)) - 63ba3f95-8215-4442-8865-ad228f39fdb5@group-F9A368723928-LeaderElection51 PRE_VOTE round 0: submit vote requests at term 0 for -1: peers:[63ba3f95-8215-4442-8865-ad228f39fdb5|127.0.0.1:15281]|listeners:[], old=null
2024-04-29 09:21:21,049 [63ba3f95-8215-4442-8865-ad228f39fdb5@group-F9A368723928-LeaderElection51] INFO  impl.LeaderElection (LeaderElection.java:askForVotes(323)) - 63ba3f95-8215-4442-8865-ad228f39fdb5@group-F9A368723928-LeaderElection51 PRE_VOTE round 0: result PASSED (term=0)
2024-04-29 09:21:21,050 [63ba3f95-8215-4442-8865-ad228f39fdb5@group-F9A368723928-LeaderElection51] INFO  impl.LeaderElection (LeaderElection.java:askForVotes(321)) - 63ba3f95-8215-4442-8865-ad228f39fdb5@group-F9A368723928-LeaderElection51 ELECTION round 0: submit vote requests at term 1 for -1: peers:[63ba3f95-8215-4442-8865-ad228f39fdb5|127.0.0.1:15281]|listeners:[], old=null
2024-04-29 09:21:21,050 [63ba3f95-8215-4442-8865-ad228f39fdb5@group-F9A368723928-LeaderElection51] INFO  impl.LeaderElection (LeaderElection.java:askForVotes(323)) - 63ba3f95-8215-4442-8865-ad228f39fdb5@group-F9A368723928-LeaderElection51 ELECTION round 0: result PASSED (term=1)
2024-04-29 09:21:21,050 [63ba3f95-8215-4442-8865-ad228f39fdb5@group-F9A368723928-LeaderElection51] INFO  impl.RoleInfo (RoleInfo.java:shutdownLeaderElection(130)) - 63ba3f95-8215-4442-8865-ad228f39fdb5: shutdown 63ba3f95-8215-4442-8865-ad228f39fdb5@group-F9A368723928-LeaderElection51
2024-04-29 09:21:21,050 [63ba3f95-8215-4442-8865-ad228f39fdb5@group-F9A368723928-LeaderElection51] INFO  server.RaftServer$Division (RaftServerImpl.java:setRole(383)) - 63ba3f95-8215-4442-8865-ad228f39fdb5@group-F9A368723928: changes role from CANDIDATE to LEADER at term 1 for changeToLeader
2024-04-29 09:21:21,051 [63ba3f95-8215-4442-8865-ad228f39fdb5@group-F9A368723928-LeaderElection51] INFO  server.RaftServerConfigKeys (ConfUtils.java:logGet(46)) - raft.server.staging.catchup.gap = 1000 (default)
2024-04-29 09:21:21,051 [63ba3f95-8215-4442-8865-ad228f39fdb5@group-F9A368723928-LeaderElection51] INFO  server.RaftServerConfigKeys (ConfUtils.java:logGet(46)) - raft.server.write.element-limit = 1024 (custom)
2024-04-29 09:21:21,051 [63ba3f95-8215-4442-8865-ad228f39fdb5@group-F9A368723928-LeaderElection51] INFO  server.RaftServerConfigKeys (ConfUtils.java:logGet(46)) - raft.server.write.byte-limit = 1024 M (=1073741824) (custom)
2024-04-29 09:21:21,051 [63ba3f95-8215-4442-8865-ad228f39fdb5@group-F9A368723928-LeaderElection51] INFO  server.RaftServerConfigKeys (ConfUtils.java:logGet(46)) - raft.server.watch.timeout = 3000ms (custom)
2024-04-29 09:21:21,051 [63ba3f95-8215-4442-8865-ad228f39fdb5@group-F9A368723928-LeaderElection51] INFO  server.RaftServerConfigKeys (ConfUtils.java:logGet(46)) - raft.server.watch.timeout.denomination = 1s (default)
2024-04-29 09:21:21,051 [63ba3f95-8215-4442-8865-ad228f39fdb5@group-F9A368723928-LeaderElection51] INFO  server.RaftServerConfigKeys (ConfUtils.java:logGet(46)) - raft.server.watch.element-limit = 65536 (default)
2024-04-29 09:21:21,051 [63ba3f95-8215-4442-8865-ad228f39fdb5@group-F9A368723928-LeaderElection51] INFO  server.RaftServerConfigKeys (ConfUtils.java:logGet(46)) - raft.server.read.leader.lease.enabled = false (default)
2024-04-29 09:21:21,051 [63ba3f95-8215-4442-8865-ad228f39fdb5@group-F9A368723928-LeaderElection51] INFO  server.RaftServerConfigKeys (ConfUtils.java:logGet(46)) - raft.server.read.leader.lease.timeout.ratio = 0.9 (default)
2024-04-29 09:21:21,051 [63ba3f95-8215-4442-8865-ad228f39fdb5@group-F9A368723928-LeaderElection51] INFO  server.RaftServerConfigKeys (ConfUtils.java:logGet(46)) - raft.server.rpc.timeout.min = 5s (custom)
2024-04-29 09:21:21,051 [63ba3f95-8215-4442-8865-ad228f39fdb5@group-F9A368723928-LeaderElection51] INFO  server.RaftServerConfigKeys (ConfUtils.java:logGet(46)) - raft.server.write.element-limit = 1024 (custom)
2024-04-29 09:21:21,051 [63ba3f95-8215-4442-8865-ad228f39fdb5@group-F9A368723928-LeaderElection51] INFO  server.RaftServerConfigKeys (ConfUtils.java:logGet(46)) - raft.server.write.follower.gap.ratio.max = -1.0 (default)
2024-04-29 09:21:21,052 [63ba3f95-8215-4442-8865-ad228f39fdb5@group-F9A368723928-LeaderElection51] INFO  impl.RoleInfo (RoleInfo.java:updateAndGet(139)) - 63ba3f95-8215-4442-8865-ad228f39fdb5: start 63ba3f95-8215-4442-8865-ad228f39fdb5@group-F9A368723928-LeaderStateImpl
2024-04-29 09:21:21,052 [63ba3f95-8215-4442-8865-ad228f39fdb5@group-F9A368723928-LeaderElection51] INFO  server.RaftServer$Division (RaftServerImpl.java:setFirstElection(574)) - 63ba3f95-8215-4442-8865-ad228f39fdb5@group-F9A368723928: set firstElectionSinceStartup to false for becomeLeader
2024-04-29 09:21:21,052 [63ba3f95-8215-4442-8865-ad228f39fdb5@group-F9A368723928-LeaderElection51] INFO  ratis.XceiverServerRatis (XceiverServerRatis.java:handleLeaderChangedNotification(966)) - Leader change notification received for group: group-F9A368723928 with new leaderId: 63ba3f95-8215-4442-8865-ad228f39fdb5
2024-04-29 09:21:21,052 [63ba3f95-8215-4442-8865-ad228f39fdb5@group-F9A368723928-LeaderElection51] INFO  server.RaftServer$Division (ServerState.java:setLeader(269)) - 63ba3f95-8215-4442-8865-ad228f39fdb5@group-F9A368723928: change Leader from null to 63ba3f95-8215-4442-8865-ad228f39fdb5 at term 1 for becomeLeader, leader elected after 5092ms
2024-04-29 09:21:21,052 [63ba3f95-8215-4442-8865-ad228f39fdb5@group-F9A368723928-LeaderElection51] INFO  segmented.SegmentedRaftLogWorker (SegmentedRaftLogWorker.java:startLogSegment(430)) - 63ba3f95-8215-4442-8865-ad228f39fdb5@group-F9A368723928-SegmentedRaftLogWorker: Starting segment from index:0
2024-04-29 09:21:21,052 [63ba3f95-8215-4442-8865-ad228f39fdb5@group-F9A368723928-LeaderElection51] INFO  server.RaftServer$Division (ServerState.java:setRaftConf(386)) - 63ba3f95-8215-4442-8865-ad228f39fdb5@group-F9A368723928: set configuration 0: peers:[63ba3f95-8215-4442-8865-ad228f39fdb5|127.0.0.1:15281]|listeners:[], old=null
2024-04-29 09:21:21,052 [63ba3f95-8215-4442-8865-ad228f39fdb5@group-F9A368723928-SegmentedRaftLogWorker] INFO  segmented.BufferedWriteChannel (BufferedWriteChannel.java:open(62)) - open log_inprogress_0 at position 0
2024-04-29 09:21:21,055 [EventQueue-OpenPipelineForHealthyPipelineSafeModeRule] INFO  safemode.SCMSafeModeManager (HealthyPipelineSafeModeRule.java:process(140)) - SCM in safe mode. Healthy pipelines reported count is 0, required healthy pipeline reported count is 1
2024-04-29 09:21:21,060 [63ba3f95-8215-4442-8865-ad228f39fdb5@group-F9A368723928-SegmentedRaftLogWorker] INFO  segmented.SegmentedRaftLogWorker (SegmentedRaftLogWorker.java:execute(634)) - 63ba3f95-8215-4442-8865-ad228f39fdb5@group-F9A368723928-SegmentedRaftLogWorker: created new log segment /home/runner/work/ozone/ozone/hadoop-ozone/integration-test/target/test-dir/MiniOzoneClusterImpl-5c564e69-bd94-47d8-8ed3-49bff913e719/ozone-meta/datanode-1/ratis/84e43b68-0822-43bd-b806-f9a368723928/current/log_inprogress_0
2024-04-29 09:21:21,062 [63ba3f95-8215-4442-8865-ad228f39fdb5@group-F9A368723928-StateMachineUpdater] INFO  server.RaftServer$Division (LeaderStateImpl.java:isApplied(320)) - leader is ready since appliedIndex == 0 >= startIndex == 0
2024-04-29 09:21:21,071 [4dbb8968-e71c-4514-a0ad-0b4a968227bb@group-5E69257F00FC-FollowerState] INFO  impl.FollowerState (FollowerState.java:run(143)) - 4dbb8968-e71c-4514-a0ad-0b4a968227bb@group-5E69257F00FC-FollowerState: change to CANDIDATE, lastRpcElapsedTime:5038792773ns, electionTimeout:5037ms
2024-04-29 09:21:21,071 [4dbb8968-e71c-4514-a0ad-0b4a968227bb@group-5E69257F00FC-FollowerState] INFO  impl.RoleInfo (RoleInfo.java:shutdownFollowerState(110)) - 4dbb8968-e71c-4514-a0ad-0b4a968227bb: shutdown 4dbb8968-e71c-4514-a0ad-0b4a968227bb@group-5E69257F00FC-FollowerState
2024-04-29 09:21:21,071 [4dbb8968-e71c-4514-a0ad-0b4a968227bb@group-5E69257F00FC-FollowerState] INFO  server.RaftServer$Division (RaftServerImpl.java:setRole(383)) - 4dbb8968-e71c-4514-a0ad-0b4a968227bb@group-5E69257F00FC: changes role from  FOLLOWER to CANDIDATE at term 0 for changeToCandidate
2024-04-29 09:21:21,071 [4dbb8968-e71c-4514-a0ad-0b4a968227bb@group-5E69257F00FC-FollowerState] INFO  server.RaftServerConfigKeys (ConfUtils.java:logGet(46)) - raft.server.leaderelection.pre-vote = true (default)
2024-04-29 09:21:21,071 [4dbb8968-e71c-4514-a0ad-0b4a968227bb@group-5E69257F00FC-FollowerState] INFO  impl.RoleInfo (RoleInfo.java:updateAndGet(139)) - 4dbb8968-e71c-4514-a0ad-0b4a968227bb: start 4dbb8968-e71c-4514-a0ad-0b4a968227bb@group-5E69257F00FC-LeaderElection52
2024-04-29 09:21:21,071 [4dbb8968-e71c-4514-a0ad-0b4a968227bb@group-5E69257F00FC-LeaderElection52] INFO  impl.LeaderElection (LeaderElection.java:askForVotes(321)) - 4dbb8968-e71c-4514-a0ad-0b4a968227bb@group-5E69257F00FC-LeaderElection52 PRE_VOTE round 0: submit vote requests at term 0 for -1: peers:[4dbb8968-e71c-4514-a0ad-0b4a968227bb|127.0.0.1:15290]|listeners:[], old=null
2024-04-29 09:21:21,071 [4dbb8968-e71c-4514-a0ad-0b4a968227bb@group-5E69257F00FC-LeaderElection52] INFO  impl.LeaderElection (LeaderElection.java:askForVotes(323)) - 4dbb8968-e71c-4514-a0ad-0b4a968227bb@group-5E69257F00FC-LeaderElection52 PRE_VOTE round 0: result PASSED (term=0)
2024-04-29 09:21:21,072 [4dbb8968-e71c-4514-a0ad-0b4a968227bb@group-5E69257F00FC-LeaderElection52] INFO  impl.LeaderElection (LeaderElection.java:askForVotes(321)) - 4dbb8968-e71c-4514-a0ad-0b4a968227bb@group-5E69257F00FC-LeaderElection52 ELECTION round 0: submit vote requests at term 1 for -1: peers:[4dbb8968-e71c-4514-a0ad-0b4a968227bb|127.0.0.1:15290]|listeners:[], old=null
2024-04-29 09:21:21,072 [4dbb8968-e71c-4514-a0ad-0b4a968227bb@group-5E69257F00FC-LeaderElection52] INFO  impl.LeaderElection (LeaderElection.java:askForVotes(323)) - 4dbb8968-e71c-4514-a0ad-0b4a968227bb@group-5E69257F00FC-LeaderElection52 ELECTION round 0: result PASSED (term=1)
2024-04-29 09:21:21,072 [4dbb8968-e71c-4514-a0ad-0b4a968227bb@group-5E69257F00FC-LeaderElection52] INFO  impl.RoleInfo (RoleInfo.java:shutdownLeaderElection(130)) - 4dbb8968-e71c-4514-a0ad-0b4a968227bb: shutdown 4dbb8968-e71c-4514-a0ad-0b4a968227bb@group-5E69257F00FC-LeaderElection52
2024-04-29 09:21:21,073 [4dbb8968-e71c-4514-a0ad-0b4a968227bb@group-5E69257F00FC-LeaderElection52] INFO  server.RaftServer$Division (RaftServerImpl.java:setRole(383)) - 4dbb8968-e71c-4514-a0ad-0b4a968227bb@group-5E69257F00FC: changes role from CANDIDATE to LEADER at term 1 for changeToLeader
2024-04-29 09:21:21,073 [4dbb8968-e71c-4514-a0ad-0b4a968227bb@group-5E69257F00FC-LeaderElection52] INFO  server.RaftServerConfigKeys (ConfUtils.java:logGet(46)) - raft.server.staging.catchup.gap = 1000 (default)
2024-04-29 09:21:21,073 [4dbb8968-e71c-4514-a0ad-0b4a968227bb@group-5E69257F00FC-LeaderElection52] INFO  server.RaftServerConfigKeys (ConfUtils.java:logGet(46)) - raft.server.write.element-limit = 1024 (custom)
2024-04-29 09:21:21,073 [4dbb8968-e71c-4514-a0ad-0b4a968227bb@group-5E69257F00FC-LeaderElection52] INFO  server.RaftServerConfigKeys (ConfUtils.java:logGet(46)) - raft.server.write.byte-limit = 1024 M (=1073741824) (custom)
2024-04-29 09:21:21,073 [4dbb8968-e71c-4514-a0ad-0b4a968227bb@group-5E69257F00FC-LeaderElection52] INFO  server.RaftServerConfigKeys (ConfUtils.java:logGet(46)) - raft.server.watch.timeout = 3000ms (custom)
2024-04-29 09:21:21,073 [4dbb8968-e71c-4514-a0ad-0b4a968227bb@group-5E69257F00FC-LeaderElection52] INFO  server.RaftServerConfigKeys (ConfUtils.java:logGet(46)) - raft.server.watch.timeout.denomination = 1s (default)
2024-04-29 09:21:21,073 [4dbb8968-e71c-4514-a0ad-0b4a968227bb@group-5E69257F00FC-LeaderElection52] INFO  server.RaftServerConfigKeys (ConfUtils.java:logGet(46)) - raft.server.watch.element-limit = 65536 (default)
2024-04-29 09:21:21,073 [4dbb8968-e71c-4514-a0ad-0b4a968227bb@group-5E69257F00FC-LeaderElection52] INFO  server.RaftServerConfigKeys (ConfUtils.java:logGet(46)) - raft.server.read.leader.lease.enabled = false (default)
2024-04-29 09:21:21,073 [4dbb8968-e71c-4514-a0ad-0b4a968227bb@group-5E69257F00FC-LeaderElection52] INFO  server.RaftServerConfigKeys (ConfUtils.java:logGet(46)) - raft.server.read.leader.lease.timeout.ratio = 0.9 (default)
2024-04-29 09:21:21,073 [4dbb8968-e71c-4514-a0ad-0b4a968227bb@group-5E69257F00FC-LeaderElection52] INFO  server.RaftServerConfigKeys (ConfUtils.java:logGet(46)) - raft.server.rpc.timeout.min = 5s (custom)
2024-04-29 09:21:21,073 [4dbb8968-e71c-4514-a0ad-0b4a968227bb@group-5E69257F00FC-LeaderElection52] INFO  server.RaftServerConfigKeys (ConfUtils.java:logGet(46)) - raft.server.write.element-limit = 1024 (custom)
2024-04-29 09:21:21,073 [4dbb8968-e71c-4514-a0ad-0b4a968227bb@group-5E69257F00FC-LeaderElection52] INFO  server.RaftServerConfigKeys (ConfUtils.java:logGet(46)) - raft.server.write.follower.gap.ratio.max = -1.0 (default)
2024-04-29 09:21:21,074 [4dbb8968-e71c-4514-a0ad-0b4a968227bb@group-5E69257F00FC-LeaderElection52] INFO  impl.RoleInfo (RoleInfo.java:updateAndGet(139)) - 4dbb8968-e71c-4514-a0ad-0b4a968227bb: start 4dbb8968-e71c-4514-a0ad-0b4a968227bb@group-5E69257F00FC-LeaderStateImpl
2024-04-29 09:21:21,074 [4dbb8968-e71c-4514-a0ad-0b4a968227bb@group-5E69257F00FC-LeaderElection52] INFO  server.RaftServer$Division (RaftServerImpl.java:setFirstElection(574)) - 4dbb8968-e71c-4514-a0ad-0b4a968227bb@group-5E69257F00FC: set firstElectionSinceStartup to false for becomeLeader
2024-04-29 09:21:21,074 [4dbb8968-e71c-4514-a0ad-0b4a968227bb@group-5E69257F00FC-LeaderElection52] INFO  ratis.XceiverServerRatis (XceiverServerRatis.java:handleLeaderChangedNotification(966)) - Leader change notification received for group: group-5E69257F00FC with new leaderId: 4dbb8968-e71c-4514-a0ad-0b4a968227bb
2024-04-29 09:21:21,074 [4dbb8968-e71c-4514-a0ad-0b4a968227bb@group-5E69257F00FC-LeaderElection52] INFO  server.RaftServer$Division (ServerState.java:setLeader(269)) - 4dbb8968-e71c-4514-a0ad-0b4a968227bb@group-5E69257F00FC: change Leader from null to 4dbb8968-e71c-4514-a0ad-0b4a968227bb at term 1 for becomeLeader, leader elected after 5057ms
2024-04-29 09:21:21,074 [4dbb8968-e71c-4514-a0ad-0b4a968227bb@group-5E69257F00FC-LeaderElection52] INFO  segmented.SegmentedRaftLogWorker (SegmentedRaftLogWorker.java:startLogSegment(430)) - 4dbb8968-e71c-4514-a0ad-0b4a968227bb@group-5E69257F00FC-SegmentedRaftLogWorker: Starting segment from index:0
2024-04-29 09:21:21,074 [4dbb8968-e71c-4514-a0ad-0b4a968227bb@group-5E69257F00FC-LeaderElection52] INFO  server.RaftServer$Division (ServerState.java:setRaftConf(386)) - 4dbb8968-e71c-4514-a0ad-0b4a968227bb@group-5E69257F00FC: set configuration 0: peers:[4dbb8968-e71c-4514-a0ad-0b4a968227bb|127.0.0.1:15290]|listeners:[], old=null
2024-04-29 09:21:21,074 [4dbb8968-e71c-4514-a0ad-0b4a968227bb@group-5E69257F00FC-SegmentedRaftLogWorker] INFO  segmented.BufferedWriteChannel (BufferedWriteChannel.java:open(62)) - open log_inprogress_0 at position 0
2024-04-29 09:21:21,077 [EventQueue-OpenPipelineForHealthyPipelineSafeModeRule] INFO  safemode.SCMSafeModeManager (HealthyPipelineSafeModeRule.java:process(140)) - SCM in safe mode. Healthy pipelines reported count is 0, required healthy pipeline reported count is 1
2024-04-29 09:21:21,082 [4dbb8968-e71c-4514-a0ad-0b4a968227bb@group-5E69257F00FC-SegmentedRaftLogWorker] INFO  segmented.SegmentedRaftLogWorker (SegmentedRaftLogWorker.java:execute(634)) - 4dbb8968-e71c-4514-a0ad-0b4a968227bb@group-5E69257F00FC-SegmentedRaftLogWorker: created new log segment /home/runner/work/ozone/ozone/hadoop-ozone/integration-test/target/test-dir/MiniOzoneClusterImpl-5c564e69-bd94-47d8-8ed3-49bff913e719/ozone-meta/datanode-2/ratis/51f54bab-4a6b-43e5-a314-5e69257f00fc/current/log_inprogress_0
2024-04-29 09:21:21,083 [4dbb8968-e71c-4514-a0ad-0b4a968227bb@group-5E69257F00FC-StateMachineUpdater] INFO  server.RaftServer$Division (LeaderStateImpl.java:isApplied(320)) - leader is ready since appliedIndex == 0 >= startIndex == 0
2024-04-29 09:21:21,127 [63ba3f95-8215-4442-8865-ad228f39fdb5@group-242C87B7064D-FollowerState] INFO  impl.FollowerState (FollowerState.java:run(143)) - 63ba3f95-8215-4442-8865-ad228f39fdb5@group-242C87B7064D-FollowerState: change to CANDIDATE, lastRpcElapsedTime:5139421866ns, electionTimeout:5139ms
2024-04-29 09:21:21,127 [63ba3f95-8215-4442-8865-ad228f39fdb5@group-242C87B7064D-FollowerState] INFO  impl.RoleInfo (RoleInfo.java:shutdownFollowerState(110)) - 63ba3f95-8215-4442-8865-ad228f39fdb5: shutdown 63ba3f95-8215-4442-8865-ad228f39fdb5@group-242C87B7064D-FollowerState
2024-04-29 09:21:21,127 [63ba3f95-8215-4442-8865-ad228f39fdb5@group-242C87B7064D-FollowerState] INFO  server.RaftServer$Division (RaftServerImpl.java:setRole(383)) - 63ba3f95-8215-4442-8865-ad228f39fdb5@group-242C87B7064D: changes role from  FOLLOWER to CANDIDATE at term 0 for changeToCandidate
2024-04-29 09:21:21,127 [63ba3f95-8215-4442-8865-ad228f39fdb5@group-242C87B7064D-FollowerState] INFO  server.RaftServerConfigKeys (ConfUtils.java:logGet(46)) - raft.server.leaderelection.pre-vote = true (default)
2024-04-29 09:21:21,127 [63ba3f95-8215-4442-8865-ad228f39fdb5@group-242C87B7064D-FollowerState] INFO  impl.RoleInfo (RoleInfo.java:updateAndGet(139)) - 63ba3f95-8215-4442-8865-ad228f39fdb5: start 63ba3f95-8215-4442-8865-ad228f39fdb5@group-242C87B7064D-LeaderElection53
2024-04-29 09:21:21,128 [63ba3f95-8215-4442-8865-ad228f39fdb5@group-242C87B7064D-LeaderElection53] INFO  impl.LeaderElection (LeaderElection.java:askForVotes(321)) - 63ba3f95-8215-4442-8865-ad228f39fdb5@group-242C87B7064D-LeaderElection53 PRE_VOTE round 0: submit vote requests at term 0 for -1: peers:[49450a51-652a-4dd9-a6c4-30eab7eea83e|127.0.0.1:15299, 63ba3f95-8215-4442-8865-ad228f39fdb5|127.0.0.1:15281, 4dbb8968-e71c-4514-a0ad-0b4a968227bb|127.0.0.1:15290]|listeners:[], old=null
2024-04-29 09:21:21,128 [63ba3f95-8215-4442-8865-ad228f39fdb5@group-242C87B7064D-LeaderElection53-1] INFO  server.GrpcServerProtocolClient (GrpcServerProtocolClient.java:<init>(65)) - Build channel for 49450a51-652a-4dd9-a6c4-30eab7eea83e|127.0.0.1:15299
2024-04-29 09:21:21,128 [63ba3f95-8215-4442-8865-ad228f39fdb5@group-242C87B7064D-LeaderElection53-2] INFO  server.GrpcServerProtocolClient (GrpcServerProtocolClient.java:<init>(65)) - Build channel for 4dbb8968-e71c-4514-a0ad-0b4a968227bb|127.0.0.1:15290
2024-04-29 09:21:21,128 [63ba3f95-8215-4442-8865-ad228f39fdb5@group-242C87B7064D-LeaderElection53] INFO  server.RaftServerConfigKeys (ConfUtils.java:logFallback(53)) - raft.server.rpc.first-election.timeout.min = 5s (fallback to raft.server.rpc.timeout.min)
2024-04-29 09:21:21,128 [63ba3f95-8215-4442-8865-ad228f39fdb5@group-242C87B7064D-LeaderElection53] INFO  server.RaftServerConfigKeys (ConfUtils.java:logFallback(53)) - raft.server.rpc.first-election.timeout.max = 5200ms (fallback to raft.server.rpc.timeout.max)
2024-04-29 09:21:21,132 [grpc-default-executor-0] INFO  server.RaftServer$Division (RaftServerImpl.java:requestVote(1389)) - 49450a51-652a-4dd9-a6c4-30eab7eea83e@group-242C87B7064D: receive requestVote(PRE_VOTE, 63ba3f95-8215-4442-8865-ad228f39fdb5, group-242C87B7064D, 0, (t:0, i:0))
2024-04-29 09:21:21,132 [grpc-default-executor-1] INFO  server.RaftServer$Division (RaftServerImpl.java:requestVote(1389)) - 4dbb8968-e71c-4514-a0ad-0b4a968227bb@group-242C87B7064D: receive requestVote(PRE_VOTE, 63ba3f95-8215-4442-8865-ad228f39fdb5, group-242C87B7064D, 0, (t:0, i:0))
2024-04-29 09:21:21,133 [grpc-default-executor-0] INFO  impl.VoteContext (VoteContext.java:log(49)) - 49450a51-652a-4dd9-a6c4-30eab7eea83e@group-242C87B7064D-FOLLOWER: accept PRE_VOTE from 63ba3f95-8215-4442-8865-ad228f39fdb5: our priority 0 <= candidate's priority 1
2024-04-29 09:21:21,133 [grpc-default-executor-0] INFO  server.RaftServer$Division (RaftServerImpl.java:requestVote(1422)) - 49450a51-652a-4dd9-a6c4-30eab7eea83e@group-242C87B7064D replies to PRE_VOTE vote request: 63ba3f95-8215-4442-8865-ad228f39fdb5<-49450a51-652a-4dd9-a6c4-30eab7eea83e#0:OK-t0. Peer's state: 49450a51-652a-4dd9-a6c4-30eab7eea83e@group-242C87B7064D:t0, leader=null, voted=, raftlog=Memoized:49450a51-652a-4dd9-a6c4-30eab7eea83e@group-242C87B7064D-SegmentedRaftLog:OPENED:c-1, conf=-1: peers:[49450a51-652a-4dd9-a6c4-30eab7eea83e|127.0.0.1:15299, 63ba3f95-8215-4442-8865-ad228f39fdb5|127.0.0.1:15281, 4dbb8968-e71c-4514-a0ad-0b4a968227bb|127.0.0.1:15290]|listeners:[], old=null
2024-04-29 09:21:21,133 [grpc-default-executor-1] INFO  impl.VoteContext (VoteContext.java:log(49)) - 4dbb8968-e71c-4514-a0ad-0b4a968227bb@group-242C87B7064D-FOLLOWER: accept PRE_VOTE from 63ba3f95-8215-4442-8865-ad228f39fdb5: our priority 0 <= candidate's priority 1
2024-04-29 09:21:21,134 [grpc-default-executor-1] INFO  server.RaftServer$Division (RaftServerImpl.java:requestVote(1422)) - 4dbb8968-e71c-4514-a0ad-0b4a968227bb@group-242C87B7064D replies to PRE_VOTE vote request: 63ba3f95-8215-4442-8865-ad228f39fdb5<-4dbb8968-e71c-4514-a0ad-0b4a968227bb#0:OK-t0. Peer's state: 4dbb8968-e71c-4514-a0ad-0b4a968227bb@group-242C87B7064D:t0, leader=null, voted=, raftlog=Memoized:4dbb8968-e71c-4514-a0ad-0b4a968227bb@group-242C87B7064D-SegmentedRaftLog:OPENED:c-1, conf=-1: peers:[49450a51-652a-4dd9-a6c4-30eab7eea83e|127.0.0.1:15299, 63ba3f95-8215-4442-8865-ad228f39fdb5|127.0.0.1:15281, 4dbb8968-e71c-4514-a0ad-0b4a968227bb|127.0.0.1:15290]|listeners:[], old=null
2024-04-29 09:21:21,134 [63ba3f95-8215-4442-8865-ad228f39fdb5@group-242C87B7064D-LeaderElection53] INFO  impl.LeaderElection (LeaderElection.java:logAndReturn(89)) - 63ba3f95-8215-4442-8865-ad228f39fdb5@group-242C87B7064D-LeaderElection53: PRE_VOTE PASSED received 1 response(s) and 0 exception(s):
2024-04-29 09:21:21,134 [63ba3f95-8215-4442-8865-ad228f39fdb5@group-242C87B7064D-LeaderElection53] INFO  impl.LeaderElection (LeaderElection.java:logAndReturn(93)) -   Response 0: 63ba3f95-8215-4442-8865-ad228f39fdb5<-49450a51-652a-4dd9-a6c4-30eab7eea83e#0:OK-t0
2024-04-29 09:21:21,134 [63ba3f95-8215-4442-8865-ad228f39fdb5@group-242C87B7064D-LeaderElection53] INFO  impl.LeaderElection (LeaderElection.java:askForVotes(323)) - 63ba3f95-8215-4442-8865-ad228f39fdb5@group-242C87B7064D-LeaderElection53 PRE_VOTE round 0: result PASSED
2024-04-29 09:21:21,136 [63ba3f95-8215-4442-8865-ad228f39fdb5@group-242C87B7064D-LeaderElection53] INFO  impl.LeaderElection (LeaderElection.java:askForVotes(321)) - 63ba3f95-8215-4442-8865-ad228f39fdb5@group-242C87B7064D-LeaderElection53 ELECTION round 0: submit vote requests at term 1 for -1: peers:[49450a51-652a-4dd9-a6c4-30eab7eea83e|127.0.0.1:15299, 63ba3f95-8215-4442-8865-ad228f39fdb5|127.0.0.1:15281, 4dbb8968-e71c-4514-a0ad-0b4a968227bb|127.0.0.1:15290]|listeners:[], old=null
2024-04-29 09:21:21,136 [63ba3f95-8215-4442-8865-ad228f39fdb5@group-242C87B7064D-LeaderElection53] INFO  server.RaftServerConfigKeys (ConfUtils.java:logFallback(53)) - raft.server.rpc.first-election.timeout.min = 5s (fallback to raft.server.rpc.timeout.min)
2024-04-29 09:21:21,136 [63ba3f95-8215-4442-8865-ad228f39fdb5@group-242C87B7064D-LeaderElection53] INFO  server.RaftServerConfigKeys (ConfUtils.java:logFallback(53)) - raft.server.rpc.first-election.timeout.max = 5200ms (fallback to raft.server.rpc.timeout.max)
2024-04-29 09:21:21,136 [grpc-default-executor-1] INFO  server.RaftServer$Division (RaftServerImpl.java:requestVote(1389)) - 49450a51-652a-4dd9-a6c4-30eab7eea83e@group-242C87B7064D: receive requestVote(ELECTION, 63ba3f95-8215-4442-8865-ad228f39fdb5, group-242C87B7064D, 1, (t:0, i:0))
2024-04-29 09:21:21,137 [grpc-default-executor-1] INFO  impl.VoteContext (VoteContext.java:log(49)) - 49450a51-652a-4dd9-a6c4-30eab7eea83e@group-242C87B7064D-FOLLOWER: accept ELECTION from 63ba3f95-8215-4442-8865-ad228f39fdb5: our priority 0 <= candidate's priority 1
2024-04-29 09:21:21,137 [grpc-default-executor-1] INFO  server.RaftServer$Division (RaftServerImpl.java:setRole(383)) - 49450a51-652a-4dd9-a6c4-30eab7eea83e@group-242C87B7064D: changes role from  FOLLOWER to FOLLOWER at term 1 for candidate:63ba3f95-8215-4442-8865-ad228f39fdb5
2024-04-29 09:21:21,137 [grpc-default-executor-1] INFO  impl.RoleInfo (RoleInfo.java:shutdownFollowerState(110)) - 49450a51-652a-4dd9-a6c4-30eab7eea83e: shutdown 49450a51-652a-4dd9-a6c4-30eab7eea83e@group-242C87B7064D-FollowerState
2024-04-29 09:21:21,137 [grpc-default-executor-1] INFO  impl.RoleInfo (RoleInfo.java:updateAndGet(139)) - 49450a51-652a-4dd9-a6c4-30eab7eea83e: start 49450a51-652a-4dd9-a6c4-30eab7eea83e@group-242C87B7064D-FollowerState
2024-04-29 09:21:21,137 [grpc-default-executor-0] INFO  server.RaftServer$Division (RaftServerImpl.java:requestVote(1389)) - 4dbb8968-e71c-4514-a0ad-0b4a968227bb@group-242C87B7064D: receive requestVote(ELECTION, 63ba3f95-8215-4442-8865-ad228f39fdb5, group-242C87B7064D, 1, (t:0, i:0))
2024-04-29 09:21:21,137 [grpc-default-executor-1] INFO  server.RaftServer$Division (RaftServerImpl.java:setFirstElection(574)) - 49450a51-652a-4dd9-a6c4-30eab7eea83e@group-242C87B7064D: set firstElectionSinceStartup to false for candidate:63ba3f95-8215-4442-8865-ad228f39fdb5
2024-04-29 09:21:21,137 [49450a51-652a-4dd9-a6c4-30eab7eea83e@group-242C87B7064D-FollowerState] INFO  impl.FollowerState (FollowerState.java:run(152)) - 49450a51-652a-4dd9-a6c4-30eab7eea83e@group-242C87B7064D-FollowerState was interrupted
2024-04-29 09:21:21,137 [grpc-default-executor-0] INFO  impl.VoteContext (VoteContext.java:log(49)) - 4dbb8968-e71c-4514-a0ad-0b4a968227bb@group-242C87B7064D-FOLLOWER: accept ELECTION from 63ba3f95-8215-4442-8865-ad228f39fdb5: our priority 0 <= candidate's priority 1
2024-04-29 09:21:21,137 [grpc-default-executor-0] INFO  server.RaftServer$Division (RaftServerImpl.java:setRole(383)) - 4dbb8968-e71c-4514-a0ad-0b4a968227bb@group-242C87B7064D: changes role from  FOLLOWER to FOLLOWER at term 1 for candidate:63ba3f95-8215-4442-8865-ad228f39fdb5
2024-04-29 09:21:21,137 [grpc-default-executor-0] INFO  impl.RoleInfo (RoleInfo.java:shutdownFollowerState(110)) - 4dbb8968-e71c-4514-a0ad-0b4a968227bb: shutdown 4dbb8968-e71c-4514-a0ad-0b4a968227bb@group-242C87B7064D-FollowerState
2024-04-29 09:21:21,137 [grpc-default-executor-0] INFO  impl.RoleInfo (RoleInfo.java:updateAndGet(139)) - 4dbb8968-e71c-4514-a0ad-0b4a968227bb: start 4dbb8968-e71c-4514-a0ad-0b4a968227bb@group-242C87B7064D-FollowerState
2024-04-29 09:21:21,137 [4dbb8968-e71c-4514-a0ad-0b4a968227bb@group-242C87B7064D-FollowerState] INFO  impl.FollowerState (FollowerState.java:run(152)) - 4dbb8968-e71c-4514-a0ad-0b4a968227bb@group-242C87B7064D-FollowerState was interrupted
2024-04-29 09:21:21,137 [grpc-default-executor-0] INFO  server.RaftServer$Division (RaftServerImpl.java:setFirstElection(574)) - 4dbb8968-e71c-4514-a0ad-0b4a968227bb@group-242C87B7064D: set firstElectionSinceStartup to false for candidate:63ba3f95-8215-4442-8865-ad228f39fdb5
2024-04-29 09:21:21,138 [grpc-default-executor-1] INFO  server.RaftServer$Division (RaftServerImpl.java:requestVote(1422)) - 49450a51-652a-4dd9-a6c4-30eab7eea83e@group-242C87B7064D replies to ELECTION vote request: 63ba3f95-8215-4442-8865-ad228f39fdb5<-49450a51-652a-4dd9-a6c4-30eab7eea83e#0:OK-t1. Peer's state: 49450a51-652a-4dd9-a6c4-30eab7eea83e@group-242C87B7064D:t1, leader=null, voted=63ba3f95-8215-4442-8865-ad228f39fdb5, raftlog=Memoized:49450a51-652a-4dd9-a6c4-30eab7eea83e@group-242C87B7064D-SegmentedRaftLog:OPENED:c-1, conf=-1: peers:[49450a51-652a-4dd9-a6c4-30eab7eea83e|127.0.0.1:15299, 63ba3f95-8215-4442-8865-ad228f39fdb5|127.0.0.1:15281, 4dbb8968-e71c-4514-a0ad-0b4a968227bb|127.0.0.1:15290]|listeners:[], old=null
2024-04-29 09:21:21,138 [63ba3f95-8215-4442-8865-ad228f39fdb5@group-242C87B7064D-LeaderElection53] INFO  impl.LeaderElection (LeaderElection.java:logAndReturn(89)) - 63ba3f95-8215-4442-8865-ad228f39fdb5@group-242C87B7064D-LeaderElection53: ELECTION PASSED received 1 response(s) and 0 exception(s):
2024-04-29 09:21:21,139 [grpc-default-executor-0] INFO  server.RaftServer$Division (RaftServerImpl.java:requestVote(1422)) - 4dbb8968-e71c-4514-a0ad-0b4a968227bb@group-242C87B7064D replies to ELECTION vote request: 63ba3f95-8215-4442-8865-ad228f39fdb5<-4dbb8968-e71c-4514-a0ad-0b4a968227bb#0:OK-t1. Peer's state: 4dbb8968-e71c-4514-a0ad-0b4a968227bb@group-242C87B7064D:t1, leader=null, voted=63ba3f95-8215-4442-8865-ad228f39fdb5, raftlog=Memoized:4dbb8968-e71c-4514-a0ad-0b4a968227bb@group-242C87B7064D-SegmentedRaftLog:OPENED:c-1, conf=-1: peers:[49450a51-652a-4dd9-a6c4-30eab7eea83e|127.0.0.1:15299, 63ba3f95-8215-4442-8865-ad228f39fdb5|127.0.0.1:15281, 4dbb8968-e71c-4514-a0ad-0b4a968227bb|127.0.0.1:15290]|listeners:[], old=null
2024-04-29 09:21:21,139 [63ba3f95-8215-4442-8865-ad228f39fdb5@group-242C87B7064D-LeaderElection53] INFO  impl.LeaderElection (LeaderElection.java:logAndReturn(93)) -   Response 0: 63ba3f95-8215-4442-8865-ad228f39fdb5<-49450a51-652a-4dd9-a6c4-30eab7eea83e#0:OK-t1
2024-04-29 09:21:21,139 [63ba3f95-8215-4442-8865-ad228f39fdb5@group-242C87B7064D-LeaderElection53] INFO  impl.LeaderElection (LeaderElection.java:askForVotes(323)) - 63ba3f95-8215-4442-8865-ad228f39fdb5@group-242C87B7064D-LeaderElection53 ELECTION round 0: result PASSED
2024-04-29 09:21:21,139 [63ba3f95-8215-4442-8865-ad228f39fdb5@group-242C87B7064D-LeaderElection53] INFO  impl.RoleInfo (RoleInfo.java:shutdownLeaderElection(130)) - 63ba3f95-8215-4442-8865-ad228f39fdb5: shutdown 63ba3f95-8215-4442-8865-ad228f39fdb5@group-242C87B7064D-LeaderElection53
2024-04-29 09:21:21,139 [63ba3f95-8215-4442-8865-ad228f39fdb5@group-242C87B7064D-LeaderElection53] INFO  server.RaftServer$Division (RaftServerImpl.java:setRole(383)) - 63ba3f95-8215-4442-8865-ad228f39fdb5@group-242C87B7064D: changes role from CANDIDATE to LEADER at term 1 for changeToLeader
2024-04-29 09:21:21,139 [63ba3f95-8215-4442-8865-ad228f39fdb5@group-242C87B7064D-LeaderElection53] INFO  server.RaftServerConfigKeys (ConfUtils.java:logGet(46)) - raft.server.staging.catchup.gap = 1000 (default)
2024-04-29 09:21:21,139 [63ba3f95-8215-4442-8865-ad228f39fdb5@group-242C87B7064D-LeaderElection53] INFO  server.RaftServerConfigKeys (ConfUtils.java:logGet(46)) - raft.server.write.element-limit = 1024 (custom)
2024-04-29 09:21:21,139 [63ba3f95-8215-4442-8865-ad228f39fdb5@group-242C87B7064D-LeaderElection53] INFO  server.RaftServerConfigKeys (ConfUtils.java:logGet(46)) - raft.server.write.byte-limit = 1024 M (=1073741824) (custom)
2024-04-29 09:21:21,140 [63ba3f95-8215-4442-8865-ad228f39fdb5@group-242C87B7064D-LeaderElection53] INFO  server.RaftServerConfigKeys (ConfUtils.java:logGet(46)) - raft.server.watch.timeout = 3000ms (custom)
2024-04-29 09:21:21,140 [63ba3f95-8215-4442-8865-ad228f39fdb5@group-242C87B7064D-LeaderElection53] INFO  server.RaftServerConfigKeys (ConfUtils.java:logGet(46)) - raft.server.watch.timeout.denomination = 1s (default)
2024-04-29 09:21:21,140 [63ba3f95-8215-4442-8865-ad228f39fdb5@group-242C87B7064D-LeaderElection53] INFO  server.RaftServerConfigKeys (ConfUtils.java:logGet(46)) - raft.server.watch.element-limit = 65536 (default)
2024-04-29 09:21:21,140 [63ba3f95-8215-4442-8865-ad228f39fdb5@group-242C87B7064D-LeaderElection53] INFO  server.RaftServerConfigKeys (ConfUtils.java:logGet(46)) - raft.server.read.leader.lease.enabled = false (default)
2024-04-29 09:21:21,140 [63ba3f95-8215-4442-8865-ad228f39fdb5@group-242C87B7064D-LeaderElection53] INFO  server.RaftServerConfigKeys (ConfUtils.java:logGet(46)) - raft.server.read.leader.lease.timeout.ratio = 0.9 (default)
2024-04-29 09:21:21,140 [63ba3f95-8215-4442-8865-ad228f39fdb5@group-242C87B7064D-LeaderElection53] INFO  server.RaftServerConfigKeys (ConfUtils.java:logGet(46)) - raft.server.rpc.timeout.min = 5s (custom)
2024-04-29 09:21:21,140 [63ba3f95-8215-4442-8865-ad228f39fdb5@group-242C87B7064D-LeaderElection53] INFO  server.RaftServerConfigKeys (ConfUtils.java:logGet(46)) - raft.server.write.element-limit = 1024 (custom)
2024-04-29 09:21:21,140 [63ba3f95-8215-4442-8865-ad228f39fdb5@group-242C87B7064D-LeaderElection53] INFO  server.RaftServerConfigKeys (ConfUtils.java:logGet(46)) - raft.server.write.follower.gap.ratio.max = -1.0 (default)
2024-04-29 09:21:21,141 [63ba3f95-8215-4442-8865-ad228f39fdb5@group-242C87B7064D-LeaderElection53] INFO  server.RaftServerConfigKeys (ConfUtils.java:logGet(46)) - raft.server.log.appender.snapshot.chunk.size.max = 16MB (=16777216) (default)
2024-04-29 09:21:21,141 [63ba3f95-8215-4442-8865-ad228f39fdb5@group-242C87B7064D-LeaderElection53] INFO  server.RaftServerConfigKeys (ConfUtils.java:logGet(46)) - raft.server.log.appender.buffer.byte-limit = 8388608 (custom)
2024-04-29 09:21:21,141 [63ba3f95-8215-4442-8865-ad228f39fdb5@group-242C87B7064D-LeaderElection53] INFO  server.RaftServerConfigKeys (ConfUtils.java:logGet(46)) - raft.server.log.appender.buffer.element-limit = 1 (custom)
2024-04-29 09:21:21,141 [63ba3f95-8215-4442-8865-ad228f39fdb5@group-242C87B7064D-LeaderElection53] INFO  server.RaftServerConfigKeys (ConfUtils.java:logGet(46)) - raft.server.log.appender.wait-time.min = 0ms (custom)
2024-04-29 09:21:21,141 [63ba3f95-8215-4442-8865-ad228f39fdb5@group-242C87B7064D-LeaderElection53] INFO  grpc.GrpcConfigKeys (ConfUtils.java:logGet(46)) - raft.grpc.server.leader.outstanding.appends.max = 8 (default)
2024-04-29 09:21:21,141 [63ba3f95-8215-4442-8865-ad228f39fdb5@group-242C87B7064D-LeaderElection53] INFO  server.RaftServerConfigKeys (ConfUtils.java:logGet(46)) - raft.server.rpc.request.timeout = 3000ms (default)
2024-04-29 09:21:21,141 [63ba3f95-8215-4442-8865-ad228f39fdb5@group-242C87B7064D-LeaderElection53] INFO  grpc.GrpcConfigKeys (ConfUtils.java:logGet(46)) - raft.grpc.server.install_snapshot.request.element-limit = 8 (default)
2024-04-29 09:21:21,141 [63ba3f95-8215-4442-8865-ad228f39fdb5@group-242C87B7064D-LeaderElection53] INFO  grpc.GrpcConfigKeys (ConfUtils.java:logGet(46)) - raft.grpc.server.install_snapshot.request.timeout = 3000ms (default)
2024-04-29 09:21:21,141 [63ba3f95-8215-4442-8865-ad228f39fdb5@group-242C87B7064D-LeaderElection53] INFO  grpc.GrpcConfigKeys (ConfUtils.java:logGet(46)) - raft.grpc.server.log-message.batch.duration = 5s (default)
2024-04-29 09:21:21,142 [63ba3f95-8215-4442-8865-ad228f39fdb5@group-242C87B7064D-LeaderElection53] INFO  server.RaftServerConfigKeys (ConfUtils.java:logGet(46)) - raft.server.log.appender.install.snapshot.enabled = false (custom)
2024-04-29 09:21:21,142 [63ba3f95-8215-4442-8865-ad228f39fdb5@group-242C87B7064D-LeaderElection53] INFO  grpc.GrpcConfigKeys (ConfUtils.java:logGet(46)) - raft.grpc.server.heartbeat.channel = true (default)
2024-04-29 09:21:21,142 [63ba3f95-8215-4442-8865-ad228f39fdb5@group-242C87B7064D-LeaderElection53] INFO  server.RaftServerConfigKeys (ConfUtils.java:logGet(46)) - raft.server.log.appender.snapshot.chunk.size.max = 16MB (=16777216) (default)
2024-04-29 09:21:21,142 [63ba3f95-8215-4442-8865-ad228f39fdb5@group-242C87B7064D-LeaderElection53] INFO  server.RaftServerConfigKeys (ConfUtils.java:logGet(46)) - raft.server.log.appender.buffer.byte-limit = 8388608 (custom)
2024-04-29 09:21:21,143 [63ba3f95-8215-4442-8865-ad228f39fdb5@group-242C87B7064D-LeaderElection53] INFO  server.RaftServerConfigKeys (ConfUtils.java:logGet(46)) - raft.server.log.appender.buffer.element-limit = 1 (custom)
2024-04-29 09:21:21,143 [63ba3f95-8215-4442-8865-ad228f39fdb5@group-242C87B7064D-LeaderElection53] INFO  server.RaftServerConfigKeys (ConfUtils.java:logGet(46)) - raft.server.log.appender.wait-time.min = 0ms (custom)
2024-04-29 09:21:21,143 [63ba3f95-8215-4442-8865-ad228f39fdb5@group-242C87B7064D-LeaderElection53] INFO  grpc.GrpcConfigKeys (ConfUtils.java:logGet(46)) - raft.grpc.server.leader.outstanding.appends.max = 8 (default)
2024-04-29 09:21:21,143 [63ba3f95-8215-4442-8865-ad228f39fdb5@group-242C87B7064D-LeaderElection53] INFO  server.RaftServerConfigKeys (ConfUtils.java:logGet(46)) - raft.server.rpc.request.timeout = 3000ms (default)
2024-04-29 09:21:21,143 [63ba3f95-8215-4442-8865-ad228f39fdb5@group-242C87B7064D-LeaderElection53] INFO  grpc.GrpcConfigKeys (ConfUtils.java:logGet(46)) - raft.grpc.server.install_snapshot.request.element-limit = 8 (default)
2024-04-29 09:21:21,143 [63ba3f95-8215-4442-8865-ad228f39fdb5@group-242C87B7064D-LeaderElection53] INFO  grpc.GrpcConfigKeys (ConfUtils.java:logGet(46)) - raft.grpc.server.install_snapshot.request.timeout = 3000ms (default)
2024-04-29 09:21:21,143 [63ba3f95-8215-4442-8865-ad228f39fdb5@group-242C87B7064D-LeaderElection53] INFO  grpc.GrpcConfigKeys (ConfUtils.java:logGet(46)) - raft.grpc.server.log-message.batch.duration = 5s (default)
2024-04-29 09:21:21,143 [63ba3f95-8215-4442-8865-ad228f39fdb5@group-242C87B7064D-LeaderElection53] INFO  server.RaftServerConfigKeys (ConfUtils.java:logGet(46)) - raft.server.log.appender.install.snapshot.enabled = false (custom)
2024-04-29 09:21:21,143 [63ba3f95-8215-4442-8865-ad228f39fdb5@group-242C87B7064D-LeaderElection53] INFO  grpc.GrpcConfigKeys (ConfUtils.java:logGet(46)) - raft.grpc.server.heartbeat.channel = true (default)
2024-04-29 09:21:21,143 [63ba3f95-8215-4442-8865-ad228f39fdb5@group-242C87B7064D-LeaderElection53] INFO  impl.RoleInfo (RoleInfo.java:updateAndGet(139)) - 63ba3f95-8215-4442-8865-ad228f39fdb5: start 63ba3f95-8215-4442-8865-ad228f39fdb5@group-242C87B7064D-LeaderStateImpl
2024-04-29 09:21:21,143 [63ba3f95-8215-4442-8865-ad228f39fdb5@group-242C87B7064D-LeaderElection53] INFO  server.RaftServer$Division (RaftServerImpl.java:setFirstElection(574)) - 63ba3f95-8215-4442-8865-ad228f39fdb5@group-242C87B7064D: set firstElectionSinceStartup to false for becomeLeader
2024-04-29 09:21:21,143 [63ba3f95-8215-4442-8865-ad228f39fdb5@group-242C87B7064D-LeaderElection53] INFO  ratis.XceiverServerRatis (XceiverServerRatis.java:handleLeaderChangedNotification(966)) - Leader change notification received for group: group-242C87B7064D with new leaderId: 63ba3f95-8215-4442-8865-ad228f39fdb5
2024-04-29 09:21:21,144 [63ba3f95-8215-4442-8865-ad228f39fdb5@group-242C87B7064D-LeaderElection53] INFO  server.RaftServer$Division (ServerState.java:setLeader(269)) - 63ba3f95-8215-4442-8865-ad228f39fdb5@group-242C87B7064D: change Leader from null to 63ba3f95-8215-4442-8865-ad228f39fdb5 at term 1 for becomeLeader, leader elected after 5171ms
2024-04-29 09:21:21,144 [63ba3f95-8215-4442-8865-ad228f39fdb5@group-242C87B7064D-LeaderElection53] INFO  segmented.SegmentedRaftLogWorker (SegmentedRaftLogWorker.java:startLogSegment(430)) - 63ba3f95-8215-4442-8865-ad228f39fdb5@group-242C87B7064D-SegmentedRaftLogWorker: Starting segment from index:0
2024-04-29 09:21:21,144 [63ba3f95-8215-4442-8865-ad228f39fdb5@group-242C87B7064D-SegmentedRaftLogWorker] INFO  segmented.BufferedWriteChannel (BufferedWriteChannel.java:open(62)) - open log_inprogress_0 at position 0
2024-04-29 09:21:21,145 [EventQueue-PipelineReportForPipelineReportHandler] INFO  pipeline.PipelineReportHandler (PipelineReportHandler.java:processPipelineReport(136)) - Opened pipeline PipelineID=2decd3f6-b8d5-4c93-adee-242c87b7064d
2024-04-29 09:21:21,147 [EventQueue-OpenPipelineForHealthyPipelineSafeModeRule] INFO  safemode.SCMSafeModeManager (HealthyPipelineSafeModeRule.java:process(140)) - SCM in safe mode. Healthy pipelines reported count is 1, required healthy pipeline reported count is 1
2024-04-29 09:21:21,147 [EventQueue-OpenPipelineForHealthyPipelineSafeModeRule] INFO  safemode.SCMSafeModeManager (SCMSafeModeManager.java:validateSafeModeExitRules(203)) - HealthyPipelineSafeModeRule rule is successfully validated
2024-04-29 09:21:21,147 [EventQueue-OpenPipelineForHealthyPipelineSafeModeRule] INFO  safemode.SCMSafeModeManager (SCMSafeModeManager.java:validateSafeModeExitRules(218)) - ScmSafeModeManager, all rules are successfully validated
2024-04-29 09:21:21,147 [EventQueue-OpenPipelineForHealthyPipelineSafeModeRule] INFO  safemode.SCMSafeModeManager (SCMSafeModeManager.java:exitSafeMode(248)) - SCM exiting safe mode.
2024-04-29 09:21:21,147 [EventQueue-OpenPipelineForHealthyPipelineSafeModeRule] INFO  ha.SCMContext (SCMContext.java:updateSafeModeStatus(225)) - Update SafeModeStatus from SafeModeStatus{safeModeStatus=true, preCheckPassed=true} to SafeModeStatus{safeModeStatus=false, preCheckPassed=true}.
2024-04-29 09:21:21,147 [EventQueue-OpenPipelineForHealthyPipelineSafeModeRule] INFO  pipeline.BackgroundPipelineCreator (BackgroundPipelineCreator.java:notifyStatusChanged(258)) - Service BackgroundPipelineCreator transitions to RUNNING.
2024-04-29 09:21:21,147 [EventQueue-OpenPipelineForHealthyPipelineSafeModeRule] INFO  BackgroundPipelineScrubber (BackgroundSCMService.java:notifyStatusChanged(79)) - Service BackgroundPipelineScrubber transitions to RUNNING.
2024-04-29 09:21:21,147 [EventQueue-OpenPipelineForHealthyPipelineSafeModeRule] INFO  ExpiredContainerReplicaOpScrubber (BackgroundSCMService.java:notifyStatusChanged(79)) - Service ExpiredContainerReplicaOpScrubber transitions to RUNNING.
2024-04-29 09:21:21,147 [EventQueue-OpenPipelineForHealthyPipelineSafeModeRule] INFO  block.SCMBlockDeletingService (SCMBlockDeletingService.java:notifyStatusChanged(247)) - notifyStatusChanged:RUNNING
2024-04-29 09:21:21,148 [EventQueue-OpenPipelineForHealthyPipelineSafeModeRule] INFO  replication.ReplicationManager (ReplicationManager.java:notifyStatusChanged(1404)) - Service ReplicationManager transitions to RUNNING.
2024-04-29 09:21:21,148 [EventQueue-OpenPipelineForHealthyPipelineSafeModeRule] WARN  balancer.ContainerBalancer (ContainerBalancer.java:shouldRun(134)) - Could not find persisted configuration for ContainerBalancer when checking if ContainerBalancer should run. ContainerBalancer should not run now.
2024-04-29 09:21:21,148 [63ba3f95-8215-4442-8865-ad228f39fdb5@group-242C87B7064D-LeaderElection53] INFO  server.RaftServer$Division (ServerState.java:setRaftConf(386)) - 63ba3f95-8215-4442-8865-ad228f39fdb5@group-242C87B7064D: set configuration 0: peers:[49450a51-652a-4dd9-a6c4-30eab7eea83e|127.0.0.1:15299, 63ba3f95-8215-4442-8865-ad228f39fdb5|127.0.0.1:15281, 4dbb8968-e71c-4514-a0ad-0b4a968227bb|127.0.0.1:15290]|listeners:[], old=null
2024-04-29 09:21:21,151 [63ba3f95-8215-4442-8865-ad228f39fdb5@group-242C87B7064D-SegmentedRaftLogWorker] INFO  segmented.SegmentedRaftLogWorker (SegmentedRaftLogWorker.java:execute(634)) - 63ba3f95-8215-4442-8865-ad228f39fdb5@group-242C87B7064D-SegmentedRaftLogWorker: created new log segment /home/runner/work/ozone/ozone/hadoop-ozone/integration-test/target/test-dir/MiniOzoneClusterImpl-5c564e69-bd94-47d8-8ed3-49bff913e719/ozone-meta/datanode-1/ratis/2decd3f6-b8d5-4c93-adee-242c87b7064d/current/log_inprogress_0
2024-04-29 09:21:21,153 [4dbb8968-e71c-4514-a0ad-0b4a968227bb-server-thread2] INFO  ratis.XceiverServerRatis (XceiverServerRatis.java:handleLeaderChangedNotification(966)) - Leader change notification received for group: group-242C87B7064D with new leaderId: 63ba3f95-8215-4442-8865-ad228f39fdb5
2024-04-29 09:21:21,154 [49450a51-652a-4dd9-a6c4-30eab7eea83e-server-thread1] INFO  ratis.XceiverServerRatis (XceiverServerRatis.java:handleLeaderChangedNotification(966)) - Leader change notification received for group: group-242C87B7064D with new leaderId: 63ba3f95-8215-4442-8865-ad228f39fdb5
2024-04-29 09:21:21,154 [4dbb8968-e71c-4514-a0ad-0b4a968227bb-server-thread2] INFO  server.RaftServer$Division (ServerState.java:setLeader(269)) - 4dbb8968-e71c-4514-a0ad-0b4a968227bb@group-242C87B7064D: change Leader from null to 63ba3f95-8215-4442-8865-ad228f39fdb5 at term 1 for appendEntries, leader elected after 5154ms
2024-04-29 09:21:21,154 [49450a51-652a-4dd9-a6c4-30eab7eea83e-server-thread1] INFO  server.RaftServer$Division (ServerState.java:setLeader(269)) - 49450a51-652a-4dd9-a6c4-30eab7eea83e@group-242C87B7064D: change Leader from null to 63ba3f95-8215-4442-8865-ad228f39fdb5 at term 1 for appendEntries, leader elected after 5127ms
2024-04-29 09:21:21,154 [4dbb8968-e71c-4514-a0ad-0b4a968227bb-server-thread1] INFO  server.RaftServer$Division (ServerState.java:setRaftConf(386)) - 4dbb8968-e71c-4514-a0ad-0b4a968227bb@group-242C87B7064D: set configuration 0: peers:[49450a51-652a-4dd9-a6c4-30eab7eea83e|127.0.0.1:15299, 63ba3f95-8215-4442-8865-ad228f39fdb5|127.0.0.1:15281, 4dbb8968-e71c-4514-a0ad-0b4a968227bb|127.0.0.1:15290]|listeners:[], old=null
2024-04-29 09:21:21,154 [4dbb8968-e71c-4514-a0ad-0b4a968227bb-server-thread1] INFO  segmented.SegmentedRaftLogWorker (SegmentedRaftLogWorker.java:startLogSegment(430)) - 4dbb8968-e71c-4514-a0ad-0b4a968227bb@group-242C87B7064D-SegmentedRaftLogWorker: Starting segment from index:0
2024-04-29 09:21:21,155 [4dbb8968-e71c-4514-a0ad-0b4a968227bb@group-242C87B7064D-SegmentedRaftLogWorker] INFO  segmented.BufferedWriteChannel (BufferedWriteChannel.java:open(62)) - open log_inprogress_0 at position 0
2024-04-29 09:21:21,161 [49450a51-652a-4dd9-a6c4-30eab7eea83e-server-thread2] INFO  server.RaftServer$Division (ServerState.java:setRaftConf(386)) - 49450a51-652a-4dd9-a6c4-30eab7eea83e@group-242C87B7064D: set configuration 0: peers:[49450a51-652a-4dd9-a6c4-30eab7eea83e|127.0.0.1:15299, 63ba3f95-8215-4442-8865-ad228f39fdb5|127.0.0.1:15281, 4dbb8968-e71c-4514-a0ad-0b4a968227bb|127.0.0.1:15290]|listeners:[], old=null
2024-04-29 09:21:21,161 [49450a51-652a-4dd9-a6c4-30eab7eea83e-server-thread2] INFO  segmented.SegmentedRaftLogWorker (SegmentedRaftLogWorker.java:startLogSegment(430)) - 49450a51-652a-4dd9-a6c4-30eab7eea83e@group-242C87B7064D-SegmentedRaftLogWorker: Starting segment from index:0
2024-04-29 09:21:21,162 [49450a51-652a-4dd9-a6c4-30eab7eea83e@group-242C87B7064D-SegmentedRaftLogWorker] INFO  segmented.BufferedWriteChannel (BufferedWriteChannel.java:open(62)) - open log_inprogress_0 at position 0
2024-04-29 09:21:21,164 [4dbb8968-e71c-4514-a0ad-0b4a968227bb@group-242C87B7064D-SegmentedRaftLogWorker] INFO  segmented.SegmentedRaftLogWorker (SegmentedRaftLogWorker.java:execute(634)) - 4dbb8968-e71c-4514-a0ad-0b4a968227bb@group-242C87B7064D-SegmentedRaftLogWorker: created new log segment /home/runner/work/ozone/ozone/hadoop-ozone/integration-test/target/test-dir/MiniOzoneClusterImpl-5c564e69-bd94-47d8-8ed3-49bff913e719/ozone-meta/datanode-2/ratis/2decd3f6-b8d5-4c93-adee-242c87b7064d/current/log_inprogress_0
2024-04-29 09:21:21,171 [49450a51-652a-4dd9-a6c4-30eab7eea83e@group-242C87B7064D-SegmentedRaftLogWorker] INFO  segmented.SegmentedRaftLogWorker (SegmentedRaftLogWorker.java:execute(634)) - 49450a51-652a-4dd9-a6c4-30eab7eea83e@group-242C87B7064D-SegmentedRaftLogWorker: created new log segment /home/runner/work/ozone/ozone/hadoop-ozone/integration-test/target/test-dir/MiniOzoneClusterImpl-5c564e69-bd94-47d8-8ed3-49bff913e719/ozone-meta/datanode-3/ratis/2decd3f6-b8d5-4c93-adee-242c87b7064d/current/log_inprogress_0
2024-04-29 09:21:21,172 [63ba3f95-8215-4442-8865-ad228f39fdb5@group-242C87B7064D-StateMachineUpdater] INFO  server.RaftServer$Division (LeaderStateImpl.java:isApplied(320)) - leader is ready since appliedIndex == 0 >= startIndex == 0
2024-04-29 09:21:21,174 [49450a51-652a-4dd9-a6c4-30eab7eea83e@group-300E94C7AAA6-FollowerState] INFO  impl.FollowerState (FollowerState.java:run(143)) - 49450a51-652a-4dd9-a6c4-30eab7eea83e@group-300E94C7AAA6-FollowerState: change to CANDIDATE, lastRpcElapsedTime:5102892980ns, electionTimeout:5102ms
2024-04-29 09:21:21,174 [49450a51-652a-4dd9-a6c4-30eab7eea83e@group-300E94C7AAA6-FollowerState] INFO  impl.RoleInfo (RoleInfo.java:shutdownFollowerState(110)) - 49450a51-652a-4dd9-a6c4-30eab7eea83e: shutdown 49450a51-652a-4dd9-a6c4-30eab7eea83e@group-300E94C7AAA6-FollowerState
2024-04-29 09:21:21,174 [49450a51-652a-4dd9-a6c4-30eab7eea83e@group-300E94C7AAA6-FollowerState] INFO  server.RaftServer$Division (RaftServerImpl.java:setRole(383)) - 49450a51-652a-4dd9-a6c4-30eab7eea83e@group-300E94C7AAA6: changes role from  FOLLOWER to CANDIDATE at term 0 for changeToCandidate
2024-04-29 09:21:21,174 [49450a51-652a-4dd9-a6c4-30eab7eea83e@group-300E94C7AAA6-FollowerState] INFO  server.RaftServerConfigKeys (ConfUtils.java:logGet(46)) - raft.server.leaderelection.pre-vote = true (default)
2024-04-29 09:21:21,174 [49450a51-652a-4dd9-a6c4-30eab7eea83e@group-300E94C7AAA6-FollowerState] INFO  impl.RoleInfo (RoleInfo.java:updateAndGet(139)) - 49450a51-652a-4dd9-a6c4-30eab7eea83e: start 49450a51-652a-4dd9-a6c4-30eab7eea83e@group-300E94C7AAA6-LeaderElection54
2024-04-29 09:21:21,175 [49450a51-652a-4dd9-a6c4-30eab7eea83e@group-300E94C7AAA6-LeaderElection54] INFO  impl.LeaderElection (LeaderElection.java:askForVotes(321)) - 49450a51-652a-4dd9-a6c4-30eab7eea83e@group-300E94C7AAA6-LeaderElection54 PRE_VOTE round 0: submit vote requests at term 0 for -1: peers:[49450a51-652a-4dd9-a6c4-30eab7eea83e|127.0.0.1:15299]|listeners:[], old=null
2024-04-29 09:21:21,175 [49450a51-652a-4dd9-a6c4-30eab7eea83e@group-300E94C7AAA6-LeaderElection54] INFO  impl.LeaderElection (LeaderElection.java:askForVotes(323)) - 49450a51-652a-4dd9-a6c4-30eab7eea83e@group-300E94C7AAA6-LeaderElection54 PRE_VOTE round 0: result PASSED (term=0)
2024-04-29 09:21:21,177 [49450a51-652a-4dd9-a6c4-30eab7eea83e@group-300E94C7AAA6-LeaderElection54] INFO  impl.LeaderElection (LeaderElection.java:askForVotes(321)) - 49450a51-652a-4dd9-a6c4-30eab7eea83e@group-300E94C7AAA6-LeaderElection54 ELECTION round 0: submit vote requests at term 1 for -1: peers:[49450a51-652a-4dd9-a6c4-30eab7eea83e|127.0.0.1:15299]|listeners:[], old=null
2024-04-29 09:21:21,177 [49450a51-652a-4dd9-a6c4-30eab7eea83e@group-300E94C7AAA6-LeaderElection54] INFO  impl.LeaderElection (LeaderElection.java:askForVotes(323)) - 49450a51-652a-4dd9-a6c4-30eab7eea83e@group-300E94C7AAA6-LeaderElection54 ELECTION round 0: result PASSED (term=1)
2024-04-29 09:21:21,177 [49450a51-652a-4dd9-a6c4-30eab7eea83e@group-300E94C7AAA6-LeaderElection54] INFO  impl.RoleInfo (RoleInfo.java:shutdownLeaderElection(130)) - 49450a51-652a-4dd9-a6c4-30eab7eea83e: shutdown 49450a51-652a-4dd9-a6c4-30eab7eea83e@group-300E94C7AAA6-LeaderElection54
2024-04-29 09:21:21,177 [49450a51-652a-4dd9-a6c4-30eab7eea83e@group-300E94C7AAA6-LeaderElection54] INFO  server.RaftServer$Division (RaftServerImpl.java:setRole(383)) - 49450a51-652a-4dd9-a6c4-30eab7eea83e@group-300E94C7AAA6: changes role from CANDIDATE to LEADER at term 1 for changeToLeader
2024-04-29 09:21:21,178 [49450a51-652a-4dd9-a6c4-30eab7eea83e@group-300E94C7AAA6-LeaderElection54] INFO  server.RaftServerConfigKeys (ConfUtils.java:logGet(46)) - raft.server.staging.catchup.gap = 1000 (default)
2024-04-29 09:21:21,178 [49450a51-652a-4dd9-a6c4-30eab7eea83e@group-300E94C7AAA6-LeaderElection54] INFO  server.RaftServerConfigKeys (ConfUtils.java:logGet(46)) - raft.server.write.element-limit = 1024 (custom)
2024-04-29 09:21:21,178 [49450a51-652a-4dd9-a6c4-30eab7eea83e@group-300E94C7AAA6-LeaderElection54] INFO  server.RaftServerConfigKeys (ConfUtils.java:logGet(46)) - raft.server.write.byte-limit = 1024 M (=1073741824) (custom)
2024-04-29 09:21:21,178 [49450a51-652a-4dd9-a6c4-30eab7eea83e@group-300E94C7AAA6-LeaderElection54] INFO  server.RaftServerConfigKeys (ConfUtils.java:logGet(46)) - raft.server.watch.timeout = 3000ms (custom)
2024-04-29 09:21:21,179 [49450a51-652a-4dd9-a6c4-30eab7eea83e@group-300E94C7AAA6-LeaderElection54] INFO  server.RaftServerConfigKeys (ConfUtils.java:logGet(46)) - raft.server.watch.timeout.denomination = 1s (default)
2024-04-29 09:21:21,179 [49450a51-652a-4dd9-a6c4-30eab7eea83e@group-300E94C7AAA6-LeaderElection54] INFO  server.RaftServerConfigKeys (ConfUtils.java:logGet(46)) - raft.server.watch.element-limit = 65536 (default)
2024-04-29 09:21:21,179 [49450a51-652a-4dd9-a6c4-30eab7eea83e@group-300E94C7AAA6-LeaderElection54] INFO  server.RaftServerConfigKeys (ConfUtils.java:logGet(46)) - raft.server.read.leader.lease.enabled = false (default)
2024-04-29 09:21:21,179 [49450a51-652a-4dd9-a6c4-30eab7eea83e@group-300E94C7AAA6-LeaderElection54] INFO  server.RaftServerConfigKeys (ConfUtils.java:logGet(46)) - raft.server.read.leader.lease.timeout.ratio = 0.9 (default)
2024-04-29 09:21:21,180 [49450a51-652a-4dd9-a6c4-30eab7eea83e@group-300E94C7AAA6-LeaderElection54] INFO  server.RaftServerConfigKeys (ConfUtils.java:logGet(46)) - raft.server.rpc.timeout.min = 5s (custom)
2024-04-29 09:21:21,180 [49450a51-652a-4dd9-a6c4-30eab7eea83e@group-300E94C7AAA6-LeaderElection54] INFO  server.RaftServerConfigKeys (ConfUtils.java:logGet(46)) - raft.server.write.element-limit = 1024 (custom)
2024-04-29 09:21:21,180 [49450a51-652a-4dd9-a6c4-30eab7eea83e@group-300E94C7AAA6-LeaderElection54] INFO  server.RaftServerConfigKeys (ConfUtils.java:logGet(46)) - raft.server.write.follower.gap.ratio.max = -1.0 (default)
2024-04-29 09:21:21,180 [49450a51-652a-4dd9-a6c4-30eab7eea83e@group-300E94C7AAA6-LeaderElection54] INFO  impl.RoleInfo (RoleInfo.java:updateAndGet(139)) - 49450a51-652a-4dd9-a6c4-30eab7eea83e: start 49450a51-652a-4dd9-a6c4-30eab7eea83e@group-300E94C7AAA6-LeaderStateImpl
2024-04-29 09:21:21,180 [49450a51-652a-4dd9-a6c4-30eab7eea83e@group-300E94C7AAA6-LeaderElection54] INFO  server.RaftServer$Division (RaftServerImpl.java:setFirstElection(574)) - 49450a51-652a-4dd9-a6c4-30eab7eea83e@group-300E94C7AAA6: set firstElectionSinceStartup to false for becomeLeader
2024-04-29 09:21:21,181 [49450a51-652a-4dd9-a6c4-30eab7eea83e@group-300E94C7AAA6-LeaderElection54] INFO  ratis.XceiverServerRatis (XceiverServerRatis.java:handleLeaderChangedNotification(966)) - Leader change notification received for group: group-300E94C7AAA6 with new leaderId: 49450a51-652a-4dd9-a6c4-30eab7eea83e
2024-04-29 09:21:21,181 [49450a51-652a-4dd9-a6c4-30eab7eea83e@group-300E94C7AAA6-LeaderElection54] INFO  server.RaftServer$Division (ServerState.java:setLeader(269)) - 49450a51-652a-4dd9-a6c4-30eab7eea83e@group-300E94C7AAA6: change Leader from null to 49450a51-652a-4dd9-a6c4-30eab7eea83e at term 1 for becomeLeader, leader elected after 5121ms
2024-04-29 09:21:21,182 [49450a51-652a-4dd9-a6c4-30eab7eea83e@group-300E94C7AAA6-LeaderElection54] INFO  segmented.SegmentedRaftLogWorker (SegmentedRaftLogWorker.java:startLogSegment(430)) - 49450a51-652a-4dd9-a6c4-30eab7eea83e@group-300E94C7AAA6-SegmentedRaftLogWorker: Starting segment from index:0
2024-04-29 09:21:21,182 [49450a51-652a-4dd9-a6c4-30eab7eea83e@group-300E94C7AAA6-LeaderElection54] INFO  server.RaftServer$Division (ServerState.java:setRaftConf(386)) - 49450a51-652a-4dd9-a6c4-30eab7eea83e@group-300E94C7AAA6: set configuration 0: peers:[49450a51-652a-4dd9-a6c4-30eab7eea83e|127.0.0.1:15299]|listeners:[], old=null
2024-04-29 09:21:21,182 [49450a51-652a-4dd9-a6c4-30eab7eea83e@group-300E94C7AAA6-SegmentedRaftLogWorker] INFO  segmented.BufferedWriteChannel (BufferedWriteChannel.java:open(62)) - open log_inprogress_0 at position 0
2024-04-29 09:21:21,191 [49450a51-652a-4dd9-a6c4-30eab7eea83e@group-300E94C7AAA6-SegmentedRaftLogWorker] INFO  segmented.SegmentedRaftLogWorker (SegmentedRaftLogWorker.java:execute(634)) - 49450a51-652a-4dd9-a6c4-30eab7eea83e@group-300E94C7AAA6-SegmentedRaftLogWorker: created new log segment /home/runner/work/ozone/ozone/hadoop-ozone/integration-test/target/test-dir/MiniOzoneClusterImpl-5c564e69-bd94-47d8-8ed3-49bff913e719/ozone-meta/datanode-3/ratis/ac0e20d4-2fef-416a-8427-300e94c7aaa6/current/log_inprogress_0
2024-04-29 09:21:21,192 [49450a51-652a-4dd9-a6c4-30eab7eea83e@group-300E94C7AAA6-StateMachineUpdater] INFO  server.RaftServer$Division (LeaderStateImpl.java:isApplied(320)) - leader is ready since appliedIndex == 0 >= startIndex == 0
2024-04-29 09:21:21,200 [30e50e12-6d1d-42d4-8c2e-250820f84ec0@group-136ED567526F-FollowerState] INFO  impl.FollowerState (FollowerState.java:run(143)) - 30e50e12-6d1d-42d4-8c2e-250820f84ec0@group-136ED567526F-FollowerState: change to CANDIDATE, lastRpcElapsedTime:5082938689ns, electionTimeout:5082ms
2024-04-29 09:21:21,200 [30e50e12-6d1d-42d4-8c2e-250820f84ec0@group-136ED567526F-FollowerState] INFO  impl.RoleInfo (RoleInfo.java:shutdownFollowerState(110)) - 30e50e12-6d1d-42d4-8c2e-250820f84ec0: shutdown 30e50e12-6d1d-42d4-8c2e-250820f84ec0@group-136ED567526F-FollowerState
2024-04-29 09:21:21,200 [30e50e12-6d1d-42d4-8c2e-250820f84ec0@group-136ED567526F-FollowerState] INFO  server.RaftServer$Division (RaftServerImpl.java:setRole(383)) - 30e50e12-6d1d-42d4-8c2e-250820f84ec0@group-136ED567526F: changes role from  FOLLOWER to CANDIDATE at term 0 for changeToCandidate
2024-04-29 09:21:21,200 [30e50e12-6d1d-42d4-8c2e-250820f84ec0@group-136ED567526F-FollowerState] INFO  server.RaftServerConfigKeys (ConfUtils.java:logGet(46)) - raft.server.leaderelection.pre-vote = true (default)
2024-04-29 09:21:21,200 [30e50e12-6d1d-42d4-8c2e-250820f84ec0@group-136ED567526F-FollowerState] INFO  impl.RoleInfo (RoleInfo.java:updateAndGet(139)) - 30e50e12-6d1d-42d4-8c2e-250820f84ec0: start 30e50e12-6d1d-42d4-8c2e-250820f84ec0@group-136ED567526F-LeaderElection55
2024-04-29 09:21:21,201 [30e50e12-6d1d-42d4-8c2e-250820f84ec0@group-136ED567526F-LeaderElection55] INFO  impl.LeaderElection (LeaderElection.java:askForVotes(321)) - 30e50e12-6d1d-42d4-8c2e-250820f84ec0@group-136ED567526F-LeaderElection55 PRE_VOTE round 0: submit vote requests at term 0 for -1: peers:[30e50e12-6d1d-42d4-8c2e-250820f84ec0|127.0.0.1:15308]|listeners:[], old=null
2024-04-29 09:21:21,201 [30e50e12-6d1d-42d4-8c2e-250820f84ec0@group-136ED567526F-LeaderElection55] INFO  impl.LeaderElection (LeaderElection.java:askForVotes(323)) - 30e50e12-6d1d-42d4-8c2e-250820f84ec0@group-136ED567526F-LeaderElection55 PRE_VOTE round 0: result PASSED (term=0)
2024-04-29 09:21:21,202 [30e50e12-6d1d-42d4-8c2e-250820f84ec0@group-136ED567526F-LeaderElection55] INFO  impl.LeaderElection (LeaderElection.java:askForVotes(321)) - 30e50e12-6d1d-42d4-8c2e-250820f84ec0@group-136ED567526F-LeaderElection55 ELECTION round 0: submit vote requests at term 1 for -1: peers:[30e50e12-6d1d-42d4-8c2e-250820f84ec0|127.0.0.1:15308]|listeners:[], old=null
2024-04-29 09:21:21,202 [30e50e12-6d1d-42d4-8c2e-250820f84ec0@group-136ED567526F-LeaderElection55] INFO  impl.LeaderElection (LeaderElection.java:askForVotes(323)) - 30e50e12-6d1d-42d4-8c2e-250820f84ec0@group-136ED567526F-LeaderElection55 ELECTION round 0: result PASSED (term=1)
2024-04-29 09:21:21,202 [30e50e12-6d1d-42d4-8c2e-250820f84ec0@group-136ED567526F-LeaderElection55] INFO  impl.RoleInfo (RoleInfo.java:shutdownLeaderElection(130)) - 30e50e12-6d1d-42d4-8c2e-250820f84ec0: shutdown 30e50e12-6d1d-42d4-8c2e-250820f84ec0@group-136ED567526F-LeaderElection55
2024-04-29 09:21:21,202 [30e50e12-6d1d-42d4-8c2e-250820f84ec0@group-136ED567526F-LeaderElection55] INFO  server.RaftServer$Division (RaftServerImpl.java:setRole(383)) - 30e50e12-6d1d-42d4-8c2e-250820f84ec0@group-136ED567526F: changes role from CANDIDATE to LEADER at term 1 for changeToLeader
2024-04-29 09:21:21,202 [30e50e12-6d1d-42d4-8c2e-250820f84ec0@group-136ED567526F-LeaderElection55] INFO  server.RaftServerConfigKeys (ConfUtils.java:logGet(46)) - raft.server.staging.catchup.gap = 1000 (default)
2024-04-29 09:21:21,203 [30e50e12-6d1d-42d4-8c2e-250820f84ec0@group-136ED567526F-LeaderElection55] INFO  server.RaftServerConfigKeys (ConfUtils.java:logGet(46)) - raft.server.write.element-limit = 1024 (custom)
2024-04-29 09:21:21,203 [30e50e12-6d1d-42d4-8c2e-250820f84ec0@group-136ED567526F-LeaderElection55] INFO  server.RaftServerConfigKeys (ConfUtils.java:logGet(46)) - raft.server.write.byte-limit = 1024 M (=1073741824) (custom)
2024-04-29 09:21:21,203 [30e50e12-6d1d-42d4-8c2e-250820f84ec0@group-136ED567526F-LeaderElection55] INFO  server.RaftServerConfigKeys (ConfUtils.java:logGet(46)) - raft.server.watch.timeout = 3000ms (custom)
2024-04-29 09:21:21,203 [30e50e12-6d1d-42d4-8c2e-250820f84ec0@group-136ED567526F-LeaderElection55] INFO  server.RaftServerConfigKeys (ConfUtils.java:logGet(46)) - raft.server.watch.timeout.denomination = 1s (default)
2024-04-29 09:21:21,203 [30e50e12-6d1d-42d4-8c2e-250820f84ec0@group-136ED567526F-LeaderElection55] INFO  server.RaftServerConfigKeys (ConfUtils.java:logGet(46)) - raft.server.watch.element-limit = 65536 (default)
2024-04-29 09:21:21,203 [30e50e12-6d1d-42d4-8c2e-250820f84ec0@group-136ED567526F-LeaderElection55] INFO  server.RaftServerConfigKeys (ConfUtils.java:logGet(46)) - raft.server.read.leader.lease.enabled = false (default)
2024-04-29 09:21:21,203 [30e50e12-6d1d-42d4-8c2e-250820f84ec0@group-136ED567526F-LeaderElection55] INFO  server.RaftServerConfigKeys (ConfUtils.java:logGet(46)) - raft.server.read.leader.lease.timeout.ratio = 0.9 (default)
2024-04-29 09:21:21,203 [30e50e12-6d1d-42d4-8c2e-250820f84ec0@group-136ED567526F-LeaderElection55] INFO  server.RaftServerConfigKeys (ConfUtils.java:logGet(46)) - raft.server.rpc.timeout.min = 5s (custom)
2024-04-29 09:21:21,203 [30e50e12-6d1d-42d4-8c2e-250820f84ec0@group-136ED567526F-LeaderElection55] INFO  server.RaftServerConfigKeys (ConfUtils.java:logGet(46)) - raft.server.write.element-limit = 1024 (custom)
2024-04-29 09:21:21,203 [30e50e12-6d1d-42d4-8c2e-250820f84ec0@group-136ED567526F-LeaderElection55] INFO  server.RaftServerConfigKeys (ConfUtils.java:logGet(46)) - raft.server.write.follower.gap.ratio.max = -1.0 (default)
2024-04-29 09:21:21,203 [30e50e12-6d1d-42d4-8c2e-250820f84ec0@group-136ED567526F-LeaderElection55] INFO  impl.RoleInfo (RoleInfo.java:updateAndGet(139)) - 30e50e12-6d1d-42d4-8c2e-250820f84ec0: start 30e50e12-6d1d-42d4-8c2e-250820f84ec0@group-136ED567526F-LeaderStateImpl
2024-04-29 09:21:21,203 [30e50e12-6d1d-42d4-8c2e-250820f84ec0@group-136ED567526F-LeaderElection55] INFO  server.RaftServer$Division (RaftServerImpl.java:setFirstElection(574)) - 30e50e12-6d1d-42d4-8c2e-250820f84ec0@group-136ED567526F: set firstElectionSinceStartup to false for becomeLeader
2024-04-29 09:21:21,203 [30e50e12-6d1d-42d4-8c2e-250820f84ec0@group-136ED567526F-LeaderElection55] INFO  ratis.XceiverServerRatis (XceiverServerRatis.java:handleLeaderChangedNotification(966)) - Leader change notification received for group: group-136ED567526F with new leaderId: 30e50e12-6d1d-42d4-8c2e-250820f84ec0
2024-04-29 09:21:21,204 [30e50e12-6d1d-42d4-8c2e-250820f84ec0@group-136ED567526F-LeaderElection55] INFO  server.RaftServer$Division (ServerState.java:setLeader(269)) - 30e50e12-6d1d-42d4-8c2e-250820f84ec0@group-136ED567526F: change Leader from null to 30e50e12-6d1d-42d4-8c2e-250820f84ec0 at term 1 for becomeLeader, leader elected after 5096ms
2024-04-29 09:21:21,204 [30e50e12-6d1d-42d4-8c2e-250820f84ec0@group-136ED567526F-LeaderElection55] INFO  segmented.SegmentedRaftLogWorker (SegmentedRaftLogWorker.java:startLogSegment(430)) - 30e50e12-6d1d-42d4-8c2e-250820f84ec0@group-136ED567526F-SegmentedRaftLogWorker: Starting segment from index:0
2024-04-29 09:21:21,204 [30e50e12-6d1d-42d4-8c2e-250820f84ec0@group-136ED567526F-LeaderElection55] INFO  server.RaftServer$Division (ServerState.java:setRaftConf(386)) - 30e50e12-6d1d-42d4-8c2e-250820f84ec0@group-136ED567526F: set configuration 0: peers:[30e50e12-6d1d-42d4-8c2e-250820f84ec0|127.0.0.1:15308]|listeners:[], old=null
2024-04-29 09:21:21,204 [30e50e12-6d1d-42d4-8c2e-250820f84ec0@group-136ED567526F-SegmentedRaftLogWorker] INFO  segmented.BufferedWriteChannel (BufferedWriteChannel.java:open(62)) - open log_inprogress_0 at position 0
2024-04-29 09:21:21,209 [30e50e12-6d1d-42d4-8c2e-250820f84ec0@group-60AD1803F514-FollowerState] INFO  impl.FollowerState (FollowerState.java:run(143)) - 30e50e12-6d1d-42d4-8c2e-250820f84ec0@group-60AD1803F514-FollowerState: change to CANDIDATE, lastRpcElapsedTime:5077502546ns, electionTimeout:5077ms
2024-04-29 09:21:21,209 [30e50e12-6d1d-42d4-8c2e-250820f84ec0@group-60AD1803F514-FollowerState] INFO  impl.RoleInfo (RoleInfo.java:shutdownFollowerState(110)) - 30e50e12-6d1d-42d4-8c2e-250820f84ec0: shutdown 30e50e12-6d1d-42d4-8c2e-250820f84ec0@group-60AD1803F514-FollowerState
2024-04-29 09:21:21,209 [30e50e12-6d1d-42d4-8c2e-250820f84ec0@group-60AD1803F514-FollowerState] INFO  server.RaftServer$Division (RaftServerImpl.java:setRole(383)) - 30e50e12-6d1d-42d4-8c2e-250820f84ec0@group-60AD1803F514: changes role from  FOLLOWER to CANDIDATE at term 0 for changeToCandidate
2024-04-29 09:21:21,209 [30e50e12-6d1d-42d4-8c2e-250820f84ec0@group-60AD1803F514-FollowerState] INFO  server.RaftServerConfigKeys (ConfUtils.java:logGet(46)) - raft.server.leaderelection.pre-vote = true (default)
2024-04-29 09:21:21,209 [30e50e12-6d1d-42d4-8c2e-250820f84ec0@group-60AD1803F514-FollowerState] INFO  impl.RoleInfo (RoleInfo.java:updateAndGet(139)) - 30e50e12-6d1d-42d4-8c2e-250820f84ec0: start 30e50e12-6d1d-42d4-8c2e-250820f84ec0@group-60AD1803F514-LeaderElection56
2024-04-29 09:21:21,209 [30e50e12-6d1d-42d4-8c2e-250820f84ec0@group-60AD1803F514-LeaderElection56] INFO  impl.LeaderElection (LeaderElection.java:askForVotes(321)) - 30e50e12-6d1d-42d4-8c2e-250820f84ec0@group-60AD1803F514-LeaderElection56 PRE_VOTE round 0: submit vote requests at term 0 for -1: peers:[05727db8-df0e-4fba-be48-9a4d471deba7|127.0.0.1:15326, 30e50e12-6d1d-42d4-8c2e-250820f84ec0|127.0.0.1:15308, e86906d1-c919-438b-b5a4-a98dd7588e75|127.0.0.1:15317]|listeners:[], old=null
2024-04-29 09:21:21,210 [30e50e12-6d1d-42d4-8c2e-250820f84ec0@group-60AD1803F514-LeaderElection56-1] INFO  server.GrpcServerProtocolClient (GrpcServerProtocolClient.java:<init>(65)) - Build channel for 05727db8-df0e-4fba-be48-9a4d471deba7|127.0.0.1:15326
2024-04-29 09:21:21,210 [30e50e12-6d1d-42d4-8c2e-250820f84ec0@group-60AD1803F514-LeaderElection56-2] INFO  server.GrpcServerProtocolClient (GrpcServerProtocolClient.java:<init>(65)) - Build channel for e86906d1-c919-438b-b5a4-a98dd7588e75|127.0.0.1:15317
2024-04-29 09:21:21,210 [30e50e12-6d1d-42d4-8c2e-250820f84ec0@group-60AD1803F514-LeaderElection56] INFO  server.RaftServerConfigKeys (ConfUtils.java:logFallback(53)) - raft.server.rpc.first-election.timeout.min = 5s (fallback to raft.server.rpc.timeout.min)
2024-04-29 09:21:21,211 [30e50e12-6d1d-42d4-8c2e-250820f84ec0@group-60AD1803F514-LeaderElection56] INFO  server.RaftServerConfigKeys (ConfUtils.java:logFallback(53)) - raft.server.rpc.first-election.timeout.max = 5200ms (fallback to raft.server.rpc.timeout.max)
2024-04-29 09:21:21,212 [30e50e12-6d1d-42d4-8c2e-250820f84ec0@group-136ED567526F-SegmentedRaftLogWorker] INFO  segmented.SegmentedRaftLogWorker (SegmentedRaftLogWorker.java:execute(634)) - 30e50e12-6d1d-42d4-8c2e-250820f84ec0@group-136ED567526F-SegmentedRaftLogWorker: created new log segment /home/runner/work/ozone/ozone/hadoop-ozone/integration-test/target/test-dir/MiniOzoneClusterImpl-5c564e69-bd94-47d8-8ed3-49bff913e719/ozone-meta/datanode-4/ratis/7b41eeae-149a-424b-8858-136ed567526f/current/log_inprogress_0
2024-04-29 09:21:21,214 [grpc-default-executor-2] INFO  server.RaftServer$Division (RaftServerImpl.java:requestVote(1389)) - 05727db8-df0e-4fba-be48-9a4d471deba7@group-60AD1803F514: receive requestVote(PRE_VOTE, 30e50e12-6d1d-42d4-8c2e-250820f84ec0, group-60AD1803F514, 0, (t:0, i:0))
2024-04-29 09:21:21,215 [grpc-default-executor-2] INFO  impl.VoteContext (VoteContext.java:log(49)) - 05727db8-df0e-4fba-be48-9a4d471deba7@group-60AD1803F514-FOLLOWER: accept PRE_VOTE from 30e50e12-6d1d-42d4-8c2e-250820f84ec0: our priority 0 <= candidate's priority 1
2024-04-29 09:21:21,215 [grpc-default-executor-2] INFO  server.RaftServer$Division (RaftServerImpl.java:requestVote(1422)) - 05727db8-df0e-4fba-be48-9a4d471deba7@group-60AD1803F514 replies to PRE_VOTE vote request: 30e50e12-6d1d-42d4-8c2e-250820f84ec0<-05727db8-df0e-4fba-be48-9a4d471deba7#0:OK-t0. Peer's state: 05727db8-df0e-4fba-be48-9a4d471deba7@group-60AD1803F514:t0, leader=null, voted=, raftlog=Memoized:05727db8-df0e-4fba-be48-9a4d471deba7@group-60AD1803F514-SegmentedRaftLog:OPENED:c-1, conf=-1: peers:[05727db8-df0e-4fba-be48-9a4d471deba7|127.0.0.1:15326, 30e50e12-6d1d-42d4-8c2e-250820f84ec0|127.0.0.1:15308, e86906d1-c919-438b-b5a4-a98dd7588e75|127.0.0.1:15317]|listeners:[], old=null
2024-04-29 09:21:21,215 [30e50e12-6d1d-42d4-8c2e-250820f84ec0@group-60AD1803F514-LeaderElection56] INFO  impl.LeaderElection (LeaderElection.java:logAndReturn(89)) - 30e50e12-6d1d-42d4-8c2e-250820f84ec0@group-60AD1803F514-LeaderElection56: PRE_VOTE PASSED received 1 response(s) and 0 exception(s):
2024-04-29 09:21:21,216 [30e50e12-6d1d-42d4-8c2e-250820f84ec0@group-60AD1803F514-LeaderElection56] INFO  impl.LeaderElection (LeaderElection.java:logAndReturn(93)) -   Response 0: 30e50e12-6d1d-42d4-8c2e-250820f84ec0<-05727db8-df0e-4fba-be48-9a4d471deba7#0:OK-t0
2024-04-29 09:21:21,216 [30e50e12-6d1d-42d4-8c2e-250820f84ec0@group-60AD1803F514-LeaderElection56] INFO  impl.LeaderElection (LeaderElection.java:askForVotes(323)) - 30e50e12-6d1d-42d4-8c2e-250820f84ec0@group-60AD1803F514-LeaderElection56 PRE_VOTE round 0: result PASSED
2024-04-29 09:21:21,217 [30e50e12-6d1d-42d4-8c2e-250820f84ec0@group-136ED567526F-StateMachineUpdater] INFO  server.RaftServer$Division (LeaderStateImpl.java:isApplied(320)) - leader is ready since appliedIndex == 0 >= startIndex == 0
2024-04-29 09:21:21,218 [grpc-default-executor-2] INFO  server.RaftServer$Division (RaftServerImpl.java:requestVote(1389)) - e86906d1-c919-438b-b5a4-a98dd7588e75@group-60AD1803F514: receive requestVote(PRE_VOTE, 30e50e12-6d1d-42d4-8c2e-250820f84ec0, group-60AD1803F514, 0, (t:0, i:0))
2024-04-29 09:21:21,218 [30e50e12-6d1d-42d4-8c2e-250820f84ec0@group-60AD1803F514-LeaderElection56] INFO  impl.LeaderElection (LeaderElection.java:askForVotes(321)) - 30e50e12-6d1d-42d4-8c2e-250820f84ec0@group-60AD1803F514-LeaderElection56 ELECTION round 0: submit vote requests at term 1 for -1: peers:[05727db8-df0e-4fba-be48-9a4d471deba7|127.0.0.1:15326, 30e50e12-6d1d-42d4-8c2e-250820f84ec0|127.0.0.1:15308, e86906d1-c919-438b-b5a4-a98dd7588e75|127.0.0.1:15317]|listeners:[], old=null
2024-04-29 09:21:21,218 [grpc-default-executor-2] INFO  impl.VoteContext (VoteContext.java:log(49)) - e86906d1-c919-438b-b5a4-a98dd7588e75@group-60AD1803F514-FOLLOWER: accept PRE_VOTE from 30e50e12-6d1d-42d4-8c2e-250820f84ec0: our priority 0 <= candidate's priority 1
2024-04-29 09:21:21,218 [grpc-default-executor-2] INFO  server.RaftServer$Division (RaftServerImpl.java:requestVote(1422)) - e86906d1-c919-438b-b5a4-a98dd7588e75@group-60AD1803F514 replies to PRE_VOTE vote request: 30e50e12-6d1d-42d4-8c2e-250820f84ec0<-e86906d1-c919-438b-b5a4-a98dd7588e75#0:OK-t0. Peer's state: e86906d1-c919-438b-b5a4-a98dd7588e75@group-60AD1803F514:t0, leader=null, voted=, raftlog=Memoized:e86906d1-c919-438b-b5a4-a98dd7588e75@group-60AD1803F514-SegmentedRaftLog:OPENED:c-1, conf=-1: peers:[05727db8-df0e-4fba-be48-9a4d471deba7|127.0.0.1:15326, 30e50e12-6d1d-42d4-8c2e-250820f84ec0|127.0.0.1:15308, e86906d1-c919-438b-b5a4-a98dd7588e75|127.0.0.1:15317]|listeners:[], old=null
2024-04-29 09:21:21,218 [30e50e12-6d1d-42d4-8c2e-250820f84ec0@group-60AD1803F514-LeaderElection56] INFO  server.RaftServerConfigKeys (ConfUtils.java:logFallback(53)) - raft.server.rpc.first-election.timeout.min = 5s (fallback to raft.server.rpc.timeout.min)
2024-04-29 09:21:21,218 [30e50e12-6d1d-42d4-8c2e-250820f84ec0@group-60AD1803F514-LeaderElection56] INFO  server.RaftServerConfigKeys (ConfUtils.java:logFallback(53)) - raft.server.rpc.first-election.timeout.max = 5200ms (fallback to raft.server.rpc.timeout.max)
2024-04-29 09:21:21,219 [grpc-default-executor-0] INFO  server.RaftServer$Division (RaftServerImpl.java:requestVote(1389)) - 05727db8-df0e-4fba-be48-9a4d471deba7@group-60AD1803F514: receive requestVote(ELECTION, 30e50e12-6d1d-42d4-8c2e-250820f84ec0, group-60AD1803F514, 1, (t:0, i:0))
2024-04-29 09:21:21,219 [grpc-default-executor-0] INFO  impl.VoteContext (VoteContext.java:log(49)) - 05727db8-df0e-4fba-be48-9a4d471deba7@group-60AD1803F514-FOLLOWER: accept ELECTION from 30e50e12-6d1d-42d4-8c2e-250820f84ec0: our priority 0 <= candidate's priority 1
2024-04-29 09:21:21,219 [grpc-default-executor-0] INFO  server.RaftServer$Division (RaftServerImpl.java:setRole(383)) - 05727db8-df0e-4fba-be48-9a4d471deba7@group-60AD1803F514: changes role from  FOLLOWER to FOLLOWER at term 1 for candidate:30e50e12-6d1d-42d4-8c2e-250820f84ec0
2024-04-29 09:21:21,219 [grpc-default-executor-0] INFO  impl.RoleInfo (RoleInfo.java:shutdownFollowerState(110)) - 05727db8-df0e-4fba-be48-9a4d471deba7: shutdown 05727db8-df0e-4fba-be48-9a4d471deba7@group-60AD1803F514-FollowerState
2024-04-29 09:21:21,219 [grpc-default-executor-0] INFO  impl.RoleInfo (RoleInfo.java:updateAndGet(139)) - 05727db8-df0e-4fba-be48-9a4d471deba7: start 05727db8-df0e-4fba-be48-9a4d471deba7@group-60AD1803F514-FollowerState
2024-04-29 09:21:21,219 [05727db8-df0e-4fba-be48-9a4d471deba7@group-60AD1803F514-FollowerState] INFO  impl.FollowerState (FollowerState.java:run(152)) - 05727db8-df0e-4fba-be48-9a4d471deba7@group-60AD1803F514-FollowerState was interrupted
2024-04-29 09:21:21,220 [grpc-default-executor-2] INFO  server.RaftServer$Division (RaftServerImpl.java:requestVote(1389)) - e86906d1-c919-438b-b5a4-a98dd7588e75@group-60AD1803F514: receive requestVote(ELECTION, 30e50e12-6d1d-42d4-8c2e-250820f84ec0, group-60AD1803F514, 1, (t:0, i:0))
2024-04-29 09:21:21,220 [grpc-default-executor-2] INFO  impl.VoteContext (VoteContext.java:log(49)) - e86906d1-c919-438b-b5a4-a98dd7588e75@group-60AD1803F514-FOLLOWER: accept ELECTION from 30e50e12-6d1d-42d4-8c2e-250820f84ec0: our priority 0 <= candidate's priority 1
2024-04-29 09:21:21,220 [grpc-default-executor-2] INFO  server.RaftServer$Division (RaftServerImpl.java:setRole(383)) - e86906d1-c919-438b-b5a4-a98dd7588e75@group-60AD1803F514: changes role from  FOLLOWER to FOLLOWER at term 1 for candidate:30e50e12-6d1d-42d4-8c2e-250820f84ec0
2024-04-29 09:21:21,220 [grpc-default-executor-2] INFO  impl.RoleInfo (RoleInfo.java:shutdownFollowerState(110)) - e86906d1-c919-438b-b5a4-a98dd7588e75: shutdown e86906d1-c919-438b-b5a4-a98dd7588e75@group-60AD1803F514-FollowerState
2024-04-29 09:21:21,220 [grpc-default-executor-2] INFO  impl.RoleInfo (RoleInfo.java:updateAndGet(139)) - e86906d1-c919-438b-b5a4-a98dd7588e75: start e86906d1-c919-438b-b5a4-a98dd7588e75@group-60AD1803F514-FollowerState
2024-04-29 09:21:21,220 [e86906d1-c919-438b-b5a4-a98dd7588e75@group-60AD1803F514-FollowerState] INFO  impl.FollowerState (FollowerState.java:run(152)) - e86906d1-c919-438b-b5a4-a98dd7588e75@group-60AD1803F514-FollowerState was interrupted
2024-04-29 09:21:21,224 [grpc-default-executor-0] INFO  server.RaftServer$Division (RaftServerImpl.java:setFirstElection(574)) - 05727db8-df0e-4fba-be48-9a4d471deba7@group-60AD1803F514: set firstElectionSinceStartup to false for candidate:30e50e12-6d1d-42d4-8c2e-250820f84ec0
2024-04-29 09:21:21,227 [grpc-default-executor-2] INFO  server.RaftServer$Division (RaftServerImpl.java:setFirstElection(574)) - e86906d1-c919-438b-b5a4-a98dd7588e75@group-60AD1803F514: set firstElectionSinceStartup to false for candidate:30e50e12-6d1d-42d4-8c2e-250820f84ec0
2024-04-29 09:21:21,228 [grpc-default-executor-2] INFO  server.RaftServer$Division (RaftServerImpl.java:requestVote(1422)) - e86906d1-c919-438b-b5a4-a98dd7588e75@group-60AD1803F514 replies to ELECTION vote request: 30e50e12-6d1d-42d4-8c2e-250820f84ec0<-e86906d1-c919-438b-b5a4-a98dd7588e75#0:OK-t1. Peer's state: e86906d1-c919-438b-b5a4-a98dd7588e75@group-60AD1803F514:t1, leader=null, voted=30e50e12-6d1d-42d4-8c2e-250820f84ec0, raftlog=Memoized:e86906d1-c919-438b-b5a4-a98dd7588e75@group-60AD1803F514-SegmentedRaftLog:OPENED:c-1, conf=-1: peers:[05727db8-df0e-4fba-be48-9a4d471deba7|127.0.0.1:15326, 30e50e12-6d1d-42d4-8c2e-250820f84ec0|127.0.0.1:15308, e86906d1-c919-438b-b5a4-a98dd7588e75|127.0.0.1:15317]|listeners:[], old=null
2024-04-29 09:21:21,229 [grpc-default-executor-0] INFO  server.RaftServer$Division (RaftServerImpl.java:requestVote(1422)) - 05727db8-df0e-4fba-be48-9a4d471deba7@group-60AD1803F514 replies to ELECTION vote request: 30e50e12-6d1d-42d4-8c2e-250820f84ec0<-05727db8-df0e-4fba-be48-9a4d471deba7#0:OK-t1. Peer's state: 05727db8-df0e-4fba-be48-9a4d471deba7@group-60AD1803F514:t1, leader=null, voted=30e50e12-6d1d-42d4-8c2e-250820f84ec0, raftlog=Memoized:05727db8-df0e-4fba-be48-9a4d471deba7@group-60AD1803F514-SegmentedRaftLog:OPENED:c-1, conf=-1: peers:[05727db8-df0e-4fba-be48-9a4d471deba7|127.0.0.1:15326, 30e50e12-6d1d-42d4-8c2e-250820f84ec0|127.0.0.1:15308, e86906d1-c919-438b-b5a4-a98dd7588e75|127.0.0.1:15317]|listeners:[], old=null
2024-04-29 09:21:21,229 [30e50e12-6d1d-42d4-8c2e-250820f84ec0@group-60AD1803F514-LeaderElection56] INFO  impl.LeaderElection (LeaderElection.java:logAndReturn(89)) - 30e50e12-6d1d-42d4-8c2e-250820f84ec0@group-60AD1803F514-LeaderElection56: ELECTION PASSED received 1 response(s) and 0 exception(s):
2024-04-29 09:21:21,229 [30e50e12-6d1d-42d4-8c2e-250820f84ec0@group-60AD1803F514-LeaderElection56] INFO  impl.LeaderElection (LeaderElection.java:logAndReturn(93)) -   Response 0: 30e50e12-6d1d-42d4-8c2e-250820f84ec0<-e86906d1-c919-438b-b5a4-a98dd7588e75#0:OK-t1
2024-04-29 09:21:21,229 [30e50e12-6d1d-42d4-8c2e-250820f84ec0@group-60AD1803F514-LeaderElection56] INFO  impl.LeaderElection (LeaderElection.java:askForVotes(323)) - 30e50e12-6d1d-42d4-8c2e-250820f84ec0@group-60AD1803F514-LeaderElection56 ELECTION round 0: result PASSED
2024-04-29 09:21:21,229 [30e50e12-6d1d-42d4-8c2e-250820f84ec0@group-60AD1803F514-LeaderElection56] INFO  impl.RoleInfo (RoleInfo.java:shutdownLeaderElection(130)) - 30e50e12-6d1d-42d4-8c2e-250820f84ec0: shutdown 30e50e12-6d1d-42d4-8c2e-250820f84ec0@group-60AD1803F514-LeaderElection56
2024-04-29 09:21:21,229 [30e50e12-6d1d-42d4-8c2e-250820f84ec0@group-60AD1803F514-LeaderElection56] INFO  server.RaftServer$Division (RaftServerImpl.java:setRole(383)) - 30e50e12-6d1d-42d4-8c2e-250820f84ec0@group-60AD1803F514: changes role from CANDIDATE to LEADER at term 1 for changeToLeader
2024-04-29 09:21:21,229 [30e50e12-6d1d-42d4-8c2e-250820f84ec0@group-60AD1803F514-LeaderElection56] INFO  server.RaftServerConfigKeys (ConfUtils.java:logGet(46)) - raft.server.staging.catchup.gap = 1000 (default)
2024-04-29 09:21:21,230 [30e50e12-6d1d-42d4-8c2e-250820f84ec0@group-60AD1803F514-LeaderElection56] INFO  server.RaftServerConfigKeys (ConfUtils.java:logGet(46)) - raft.server.write.element-limit = 1024 (custom)
2024-04-29 09:21:21,230 [30e50e12-6d1d-42d4-8c2e-250820f84ec0@group-60AD1803F514-LeaderElection56] INFO  server.RaftServerConfigKeys (ConfUtils.java:logGet(46)) - raft.server.write.byte-limit = 1024 M (=1073741824) (custom)
2024-04-29 09:21:21,230 [30e50e12-6d1d-42d4-8c2e-250820f84ec0@group-60AD1803F514-LeaderElection56] INFO  server.RaftServerConfigKeys (ConfUtils.java:logGet(46)) - raft.server.watch.timeout = 3000ms (custom)
2024-04-29 09:21:21,230 [30e50e12-6d1d-42d4-8c2e-250820f84ec0@group-60AD1803F514-LeaderElection56] INFO  server.RaftServerConfigKeys (ConfUtils.java:logGet(46)) - raft.server.watch.timeout.denomination = 1s (default)
2024-04-29 09:21:21,230 [30e50e12-6d1d-42d4-8c2e-250820f84ec0@group-60AD1803F514-LeaderElection56] INFO  server.RaftServerConfigKeys (ConfUtils.java:logGet(46)) - raft.server.watch.element-limit = 65536 (default)
2024-04-29 09:21:21,230 [30e50e12-6d1d-42d4-8c2e-250820f84ec0@group-60AD1803F514-LeaderElection56] INFO  server.RaftServerConfigKeys (ConfUtils.java:logGet(46)) - raft.server.read.leader.lease.enabled = false (default)
2024-04-29 09:21:21,230 [30e50e12-6d1d-42d4-8c2e-250820f84ec0@group-60AD1803F514-LeaderElection56] INFO  server.RaftServerConfigKeys (ConfUtils.java:logGet(46)) - raft.server.read.leader.lease.timeout.ratio = 0.9 (default)
2024-04-29 09:21:21,230 [30e50e12-6d1d-42d4-8c2e-250820f84ec0@group-60AD1803F514-LeaderElection56] INFO  server.RaftServerConfigKeys (ConfUtils.java:logGet(46)) - raft.server.rpc.timeout.min = 5s (custom)
2024-04-29 09:21:21,230 [30e50e12-6d1d-42d4-8c2e-250820f84ec0@group-60AD1803F514-LeaderElection56] INFO  server.RaftServerConfigKeys (ConfUtils.java:logGet(46)) - raft.server.write.element-limit = 1024 (custom)
2024-04-29 09:21:21,230 [30e50e12-6d1d-42d4-8c2e-250820f84ec0@group-60AD1803F514-LeaderElection56] INFO  server.RaftServerConfigKeys (ConfUtils.java:logGet(46)) - raft.server.write.follower.gap.ratio.max = -1.0 (default)
2024-04-29 09:21:21,231 [30e50e12-6d1d-42d4-8c2e-250820f84ec0@group-60AD1803F514-LeaderElection56] INFO  server.RaftServerConfigKeys (ConfUtils.java:logGet(46)) - raft.server.log.appender.snapshot.chunk.size.max = 16MB (=16777216) (default)
2024-04-29 09:21:21,231 [30e50e12-6d1d-42d4-8c2e-250820f84ec0@group-60AD1803F514-LeaderElection56] INFO  server.RaftServerConfigKeys (ConfUtils.java:logGet(46)) - raft.server.log.appender.buffer.byte-limit = 8388608 (custom)
2024-04-29 09:21:21,231 [30e50e12-6d1d-42d4-8c2e-250820f84ec0@group-60AD1803F514-LeaderElection56] INFO  server.RaftServerConfigKeys (ConfUtils.java:logGet(46)) - raft.server.log.appender.buffer.element-limit = 1 (custom)
2024-04-29 09:21:21,231 [30e50e12-6d1d-42d4-8c2e-250820f84ec0@group-60AD1803F514-LeaderElection56] INFO  server.RaftServerConfigKeys (ConfUtils.java:logGet(46)) - raft.server.log.appender.wait-time.min = 0ms (custom)
2024-04-29 09:21:21,231 [30e50e12-6d1d-42d4-8c2e-250820f84ec0@group-60AD1803F514-LeaderElection56] INFO  grpc.GrpcConfigKeys (ConfUtils.java:logGet(46)) - raft.grpc.server.leader.outstanding.appends.max = 8 (default)
2024-04-29 09:21:21,231 [30e50e12-6d1d-42d4-8c2e-250820f84ec0@group-60AD1803F514-LeaderElection56] INFO  server.RaftServerConfigKeys (ConfUtils.java:logGet(46)) - raft.server.rpc.request.timeout = 3000ms (default)
2024-04-29 09:21:21,231 [30e50e12-6d1d-42d4-8c2e-250820f84ec0@group-60AD1803F514-LeaderElection56] INFO  grpc.GrpcConfigKeys (ConfUtils.java:logGet(46)) - raft.grpc.server.install_snapshot.request.element-limit = 8 (default)
2024-04-29 09:21:21,231 [30e50e12-6d1d-42d4-8c2e-250820f84ec0@group-60AD1803F514-LeaderElection56] INFO  grpc.GrpcConfigKeys (ConfUtils.java:logGet(46)) - raft.grpc.server.install_snapshot.request.timeout = 3000ms (default)
2024-04-29 09:21:21,231 [30e50e12-6d1d-42d4-8c2e-250820f84ec0@group-60AD1803F514-LeaderElection56] INFO  grpc.GrpcConfigKeys (ConfUtils.java:logGet(46)) - raft.grpc.server.log-message.batch.duration = 5s (default)
2024-04-29 09:21:21,231 [30e50e12-6d1d-42d4-8c2e-250820f84ec0@group-60AD1803F514-LeaderElection56] INFO  server.RaftServerConfigKeys (ConfUtils.java:logGet(46)) - raft.server.log.appender.install.snapshot.enabled = false (custom)
2024-04-29 09:21:21,231 [30e50e12-6d1d-42d4-8c2e-250820f84ec0@group-60AD1803F514-LeaderElection56] INFO  grpc.GrpcConfigKeys (ConfUtils.java:logGet(46)) - raft.grpc.server.heartbeat.channel = true (default)
2024-04-29 09:21:21,232 [30e50e12-6d1d-42d4-8c2e-250820f84ec0@group-60AD1803F514-LeaderElection56] INFO  server.RaftServerConfigKeys (ConfUtils.java:logGet(46)) - raft.server.log.appender.snapshot.chunk.size.max = 16MB (=16777216) (default)
2024-04-29 09:21:21,232 [30e50e12-6d1d-42d4-8c2e-250820f84ec0@group-60AD1803F514-LeaderElection56] INFO  server.RaftServerConfigKeys (ConfUtils.java:logGet(46)) - raft.server.log.appender.buffer.byte-limit = 8388608 (custom)
2024-04-29 09:21:21,232 [30e50e12-6d1d-42d4-8c2e-250820f84ec0@group-60AD1803F514-LeaderElection56] INFO  server.RaftServerConfigKeys (ConfUtils.java:logGet(46)) - raft.server.log.appender.buffer.element-limit = 1 (custom)
2024-04-29 09:21:21,233 [30e50e12-6d1d-42d4-8c2e-250820f84ec0@group-60AD1803F514-LeaderElection56] INFO  server.RaftServerConfigKeys (ConfUtils.java:logGet(46)) - raft.server.log.appender.wait-time.min = 0ms (custom)
2024-04-29 09:21:21,233 [30e50e12-6d1d-42d4-8c2e-250820f84ec0@group-60AD1803F514-LeaderElection56] INFO  grpc.GrpcConfigKeys (ConfUtils.java:logGet(46)) - raft.grpc.server.leader.outstanding.appends.max = 8 (default)
2024-04-29 09:21:21,233 [30e50e12-6d1d-42d4-8c2e-250820f84ec0@group-60AD1803F514-LeaderElection56] INFO  server.RaftServerConfigKeys (ConfUtils.java:logGet(46)) - raft.server.rpc.request.timeout = 3000ms (default)
2024-04-29 09:21:21,233 [30e50e12-6d1d-42d4-8c2e-250820f84ec0@group-60AD1803F514-LeaderElection56] INFO  grpc.GrpcConfigKeys (ConfUtils.java:logGet(46)) - raft.grpc.server.install_snapshot.request.element-limit = 8 (default)
2024-04-29 09:21:21,233 [30e50e12-6d1d-42d4-8c2e-250820f84ec0@group-60AD1803F514-LeaderElection56] INFO  grpc.GrpcConfigKeys (ConfUtils.java:logGet(46)) - raft.grpc.server.install_snapshot.request.timeout = 3000ms (default)
2024-04-29 09:21:21,233 [30e50e12-6d1d-42d4-8c2e-250820f84ec0@group-60AD1803F514-LeaderElection56] INFO  grpc.GrpcConfigKeys (ConfUtils.java:logGet(46)) - raft.grpc.server.log-message.batch.duration = 5s (default)
2024-04-29 09:21:21,233 [30e50e12-6d1d-42d4-8c2e-250820f84ec0@group-60AD1803F514-LeaderElection56] INFO  server.RaftServerConfigKeys (ConfUtils.java:logGet(46)) - raft.server.log.appender.install.snapshot.enabled = false (custom)
2024-04-29 09:21:21,233 [30e50e12-6d1d-42d4-8c2e-250820f84ec0@group-60AD1803F514-LeaderElection56] INFO  grpc.GrpcConfigKeys (ConfUtils.java:logGet(46)) - raft.grpc.server.heartbeat.channel = true (default)
2024-04-29 09:21:21,233 [30e50e12-6d1d-42d4-8c2e-250820f84ec0@group-60AD1803F514-LeaderElection56] INFO  impl.RoleInfo (RoleInfo.java:updateAndGet(139)) - 30e50e12-6d1d-42d4-8c2e-250820f84ec0: start 30e50e12-6d1d-42d4-8c2e-250820f84ec0@group-60AD1803F514-LeaderStateImpl
2024-04-29 09:21:21,233 [30e50e12-6d1d-42d4-8c2e-250820f84ec0@group-60AD1803F514-LeaderElection56] INFO  server.RaftServer$Division (RaftServerImpl.java:setFirstElection(574)) - 30e50e12-6d1d-42d4-8c2e-250820f84ec0@group-60AD1803F514: set firstElectionSinceStartup to false for becomeLeader
2024-04-29 09:21:21,233 [30e50e12-6d1d-42d4-8c2e-250820f84ec0@group-60AD1803F514-LeaderElection56] INFO  ratis.XceiverServerRatis (XceiverServerRatis.java:handleLeaderChangedNotification(966)) - Leader change notification received for group: group-60AD1803F514 with new leaderId: 30e50e12-6d1d-42d4-8c2e-250820f84ec0
2024-04-29 09:21:21,233 [30e50e12-6d1d-42d4-8c2e-250820f84ec0@group-60AD1803F514-LeaderElection56] INFO  server.RaftServer$Division (ServerState.java:setLeader(269)) - 30e50e12-6d1d-42d4-8c2e-250820f84ec0@group-60AD1803F514: change Leader from null to 30e50e12-6d1d-42d4-8c2e-250820f84ec0 at term 1 for becomeLeader, leader elected after 5112ms
2024-04-29 09:21:21,234 [30e50e12-6d1d-42d4-8c2e-250820f84ec0@group-60AD1803F514-LeaderElection56] INFO  segmented.SegmentedRaftLogWorker (SegmentedRaftLogWorker.java:startLogSegment(430)) - 30e50e12-6d1d-42d4-8c2e-250820f84ec0@group-60AD1803F514-SegmentedRaftLogWorker: Starting segment from index:0
2024-04-29 09:21:21,234 [30e50e12-6d1d-42d4-8c2e-250820f84ec0@group-60AD1803F514-LeaderElection56] INFO  server.RaftServer$Division (ServerState.java:setRaftConf(386)) - 30e50e12-6d1d-42d4-8c2e-250820f84ec0@group-60AD1803F514: set configuration 0: peers:[05727db8-df0e-4fba-be48-9a4d471deba7|127.0.0.1:15326, 30e50e12-6d1d-42d4-8c2e-250820f84ec0|127.0.0.1:15308, e86906d1-c919-438b-b5a4-a98dd7588e75|127.0.0.1:15317]|listeners:[], old=null
2024-04-29 09:21:21,234 [30e50e12-6d1d-42d4-8c2e-250820f84ec0@group-60AD1803F514-SegmentedRaftLogWorker] INFO  segmented.BufferedWriteChannel (BufferedWriteChannel.java:open(62)) - open log_inprogress_0 at position 0
2024-04-29 09:21:21,238 [EventQueue-PipelineReportForPipelineReportHandler] INFO  pipeline.PipelineReportHandler (PipelineReportHandler.java:processPipelineReport(136)) - Opened pipeline PipelineID=382001ac-af6f-4fb5-8851-60ad1803f514
2024-04-29 09:21:21,240 [e86906d1-c919-438b-b5a4-a98dd7588e75-server-thread1] INFO  ratis.XceiverServerRatis (XceiverServerRatis.java:handleLeaderChangedNotification(966)) - Leader change notification received for group: group-60AD1803F514 with new leaderId: 30e50e12-6d1d-42d4-8c2e-250820f84ec0
2024-04-29 09:21:21,240 [e86906d1-c919-438b-b5a4-a98dd7588e75-server-thread1] INFO  server.RaftServer$Division (ServerState.java:setLeader(269)) - e86906d1-c919-438b-b5a4-a98dd7588e75@group-60AD1803F514: change Leader from null to 30e50e12-6d1d-42d4-8c2e-250820f84ec0 at term 1 for appendEntries, leader elected after 5101ms
2024-04-29 09:21:21,244 [30e50e12-6d1d-42d4-8c2e-250820f84ec0@group-60AD1803F514-SegmentedRaftLogWorker] INFO  segmented.SegmentedRaftLogWorker (SegmentedRaftLogWorker.java:execute(634)) - 30e50e12-6d1d-42d4-8c2e-250820f84ec0@group-60AD1803F514-SegmentedRaftLogWorker: created new log segment /home/runner/work/ozone/ozone/hadoop-ozone/integration-test/target/test-dir/MiniOzoneClusterImpl-5c564e69-bd94-47d8-8ed3-49bff913e719/ozone-meta/datanode-4/ratis/382001ac-af6f-4fb5-8851-60ad1803f514/current/log_inprogress_0
2024-04-29 09:21:21,249 [05727db8-df0e-4fba-be48-9a4d471deba7-server-thread1] INFO  ratis.XceiverServerRatis (XceiverServerRatis.java:handleLeaderChangedNotification(966)) - Leader change notification received for group: group-60AD1803F514 with new leaderId: 30e50e12-6d1d-42d4-8c2e-250820f84ec0
2024-04-29 09:21:21,249 [05727db8-df0e-4fba-be48-9a4d471deba7-server-thread1] INFO  server.RaftServer$Division (ServerState.java:setLeader(269)) - 05727db8-df0e-4fba-be48-9a4d471deba7@group-60AD1803F514: change Leader from null to 30e50e12-6d1d-42d4-8c2e-250820f84ec0 at term 1 for appendEntries, leader elected after 5091ms
2024-04-29 09:21:21,249 [e86906d1-c919-438b-b5a4-a98dd7588e75-server-thread3] INFO  server.RaftServer$Division (ServerState.java:setRaftConf(386)) - e86906d1-c919-438b-b5a4-a98dd7588e75@group-60AD1803F514: set configuration 0: peers:[05727db8-df0e-4fba-be48-9a4d471deba7|127.0.0.1:15326, 30e50e12-6d1d-42d4-8c2e-250820f84ec0|127.0.0.1:15308, e86906d1-c919-438b-b5a4-a98dd7588e75|127.0.0.1:15317]|listeners:[], old=null
2024-04-29 09:21:21,249 [e86906d1-c919-438b-b5a4-a98dd7588e75-server-thread3] INFO  segmented.SegmentedRaftLogWorker (SegmentedRaftLogWorker.java:startLogSegment(430)) - e86906d1-c919-438b-b5a4-a98dd7588e75@group-60AD1803F514-SegmentedRaftLogWorker: Starting segment from index:0
2024-04-29 09:21:21,249 [e86906d1-c919-438b-b5a4-a98dd7588e75@group-60AD1803F514-SegmentedRaftLogWorker] INFO  segmented.BufferedWriteChannel (BufferedWriteChannel.java:open(62)) - open log_inprogress_0 at position 0
2024-04-29 09:21:21,254 [05727db8-df0e-4fba-be48-9a4d471deba7-server-thread2] INFO  server.RaftServer$Division (ServerState.java:setRaftConf(386)) - 05727db8-df0e-4fba-be48-9a4d471deba7@group-60AD1803F514: set configuration 0: peers:[05727db8-df0e-4fba-be48-9a4d471deba7|127.0.0.1:15326, 30e50e12-6d1d-42d4-8c2e-250820f84ec0|127.0.0.1:15308, e86906d1-c919-438b-b5a4-a98dd7588e75|127.0.0.1:15317]|listeners:[], old=null
2024-04-29 09:21:21,254 [05727db8-df0e-4fba-be48-9a4d471deba7-server-thread2] INFO  segmented.SegmentedRaftLogWorker (SegmentedRaftLogWorker.java:startLogSegment(430)) - 05727db8-df0e-4fba-be48-9a4d471deba7@group-60AD1803F514-SegmentedRaftLogWorker: Starting segment from index:0
2024-04-29 09:21:21,255 [05727db8-df0e-4fba-be48-9a4d471deba7@group-60AD1803F514-SegmentedRaftLogWorker] INFO  segmented.BufferedWriteChannel (BufferedWriteChannel.java:open(62)) - open log_inprogress_0 at position 0
2024-04-29 09:21:21,260 [e86906d1-c919-438b-b5a4-a98dd7588e75@group-60AD1803F514-SegmentedRaftLogWorker] INFO  segmented.SegmentedRaftLogWorker (SegmentedRaftLogWorker.java:execute(634)) - e86906d1-c919-438b-b5a4-a98dd7588e75@group-60AD1803F514-SegmentedRaftLogWorker: created new log segment /home/runner/work/ozone/ozone/hadoop-ozone/integration-test/target/test-dir/MiniOzoneClusterImpl-5c564e69-bd94-47d8-8ed3-49bff913e719/ozone-meta/datanode-5/ratis/382001ac-af6f-4fb5-8851-60ad1803f514/current/log_inprogress_0
2024-04-29 09:21:21,263 [05727db8-df0e-4fba-be48-9a4d471deba7@group-60AD1803F514-SegmentedRaftLogWorker] INFO  segmented.SegmentedRaftLogWorker (SegmentedRaftLogWorker.java:execute(634)) - 05727db8-df0e-4fba-be48-9a4d471deba7@group-60AD1803F514-SegmentedRaftLogWorker: created new log segment /home/runner/work/ozone/ozone/hadoop-ozone/integration-test/target/test-dir/MiniOzoneClusterImpl-5c564e69-bd94-47d8-8ed3-49bff913e719/ozone-meta/datanode-6/ratis/382001ac-af6f-4fb5-8851-60ad1803f514/current/log_inprogress_0
2024-04-29 09:21:21,265 [30e50e12-6d1d-42d4-8c2e-250820f84ec0@group-60AD1803F514-StateMachineUpdater] INFO  server.RaftServer$Division (LeaderStateImpl.java:isApplied(320)) - leader is ready since appliedIndex == 0 >= startIndex == 0
2024-04-29 09:21:21,326 [e86906d1-c919-438b-b5a4-a98dd7588e75@group-9A2ED42D27A4-FollowerState] INFO  impl.FollowerState (FollowerState.java:run(143)) - e86906d1-c919-438b-b5a4-a98dd7588e75@group-9A2ED42D27A4-FollowerState: change to CANDIDATE, lastRpcElapsedTime:5144712739ns, electionTimeout:5144ms
2024-04-29 09:21:21,326 [e86906d1-c919-438b-b5a4-a98dd7588e75@group-9A2ED42D27A4-FollowerState] INFO  impl.RoleInfo (RoleInfo.java:shutdownFollowerState(110)) - e86906d1-c919-438b-b5a4-a98dd7588e75: shutdown e86906d1-c919-438b-b5a4-a98dd7588e75@group-9A2ED42D27A4-FollowerState
2024-04-29 09:21:21,326 [e86906d1-c919-438b-b5a4-a98dd7588e75@group-9A2ED42D27A4-FollowerState] INFO  server.RaftServer$Division (RaftServerImpl.java:setRole(383)) - e86906d1-c919-438b-b5a4-a98dd7588e75@group-9A2ED42D27A4: changes role from  FOLLOWER to CANDIDATE at term 0 for changeToCandidate
2024-04-29 09:21:21,326 [e86906d1-c919-438b-b5a4-a98dd7588e75@group-9A2ED42D27A4-FollowerState] INFO  server.RaftServerConfigKeys (ConfUtils.java:logGet(46)) - raft.server.leaderelection.pre-vote = true (default)
2024-04-29 09:21:21,326 [e86906d1-c919-438b-b5a4-a98dd7588e75@group-9A2ED42D27A4-FollowerState] INFO  impl.RoleInfo (RoleInfo.java:updateAndGet(139)) - e86906d1-c919-438b-b5a4-a98dd7588e75: start e86906d1-c919-438b-b5a4-a98dd7588e75@group-9A2ED42D27A4-LeaderElection57
2024-04-29 09:21:21,326 [e86906d1-c919-438b-b5a4-a98dd7588e75@group-9A2ED42D27A4-LeaderElection57] INFO  impl.LeaderElection (LeaderElection.java:askForVotes(321)) - e86906d1-c919-438b-b5a4-a98dd7588e75@group-9A2ED42D27A4-LeaderElection57 PRE_VOTE round 0: submit vote requests at term 0 for -1: peers:[e86906d1-c919-438b-b5a4-a98dd7588e75|127.0.0.1:15317]|listeners:[], old=null
2024-04-29 09:21:21,326 [e86906d1-c919-438b-b5a4-a98dd7588e75@group-9A2ED42D27A4-LeaderElection57] INFO  impl.LeaderElection (LeaderElection.java:askForVotes(323)) - e86906d1-c919-438b-b5a4-a98dd7588e75@group-9A2ED42D27A4-LeaderElection57 PRE_VOTE round 0: result PASSED (term=0)
2024-04-29 09:21:21,328 [e86906d1-c919-438b-b5a4-a98dd7588e75@group-9A2ED42D27A4-LeaderElection57] INFO  impl.LeaderElection (LeaderElection.java:askForVotes(321)) - e86906d1-c919-438b-b5a4-a98dd7588e75@group-9A2ED42D27A4-LeaderElection57 ELECTION round 0: submit vote requests at term 1 for -1: peers:[e86906d1-c919-438b-b5a4-a98dd7588e75|127.0.0.1:15317]|listeners:[], old=null
2024-04-29 09:21:21,328 [e86906d1-c919-438b-b5a4-a98dd7588e75@group-9A2ED42D27A4-LeaderElection57] INFO  impl.LeaderElection (LeaderElection.java:askForVotes(323)) - e86906d1-c919-438b-b5a4-a98dd7588e75@group-9A2ED42D27A4-LeaderElection57 ELECTION round 0: result PASSED (term=1)
2024-04-29 09:21:21,328 [e86906d1-c919-438b-b5a4-a98dd7588e75@group-9A2ED42D27A4-LeaderElection57] INFO  impl.RoleInfo (RoleInfo.java:shutdownLeaderElection(130)) - e86906d1-c919-438b-b5a4-a98dd7588e75: shutdown e86906d1-c919-438b-b5a4-a98dd7588e75@group-9A2ED42D27A4-LeaderElection57
2024-04-29 09:21:21,328 [e86906d1-c919-438b-b5a4-a98dd7588e75@group-9A2ED42D27A4-LeaderElection57] INFO  server.RaftServer$Division (RaftServerImpl.java:setRole(383)) - e86906d1-c919-438b-b5a4-a98dd7588e75@group-9A2ED42D27A4: changes role from CANDIDATE to LEADER at term 1 for changeToLeader
2024-04-29 09:21:21,328 [e86906d1-c919-438b-b5a4-a98dd7588e75@group-9A2ED42D27A4-LeaderElection57] INFO  server.RaftServerConfigKeys (ConfUtils.java:logGet(46)) - raft.server.staging.catchup.gap = 1000 (default)
2024-04-29 09:21:21,328 [e86906d1-c919-438b-b5a4-a98dd7588e75@group-9A2ED42D27A4-LeaderElection57] INFO  server.RaftServerConfigKeys (ConfUtils.java:logGet(46)) - raft.server.write.element-limit = 1024 (custom)
2024-04-29 09:21:21,328 [e86906d1-c919-438b-b5a4-a98dd7588e75@group-9A2ED42D27A4-LeaderElection57] INFO  server.RaftServerConfigKeys (ConfUtils.java:logGet(46)) - raft.server.write.byte-limit = 1024 M (=1073741824) (custom)
2024-04-29 09:21:21,328 [e86906d1-c919-438b-b5a4-a98dd7588e75@group-9A2ED42D27A4-LeaderElection57] INFO  server.RaftServerConfigKeys (ConfUtils.java:logGet(46)) - raft.server.watch.timeout = 3000ms (custom)
2024-04-29 09:21:21,329 [e86906d1-c919-438b-b5a4-a98dd7588e75@group-9A2ED42D27A4-LeaderElection57] INFO  server.RaftServerConfigKeys (ConfUtils.java:logGet(46)) - raft.server.watch.timeout.denomination = 1s (default)
2024-04-29 09:21:21,329 [e86906d1-c919-438b-b5a4-a98dd7588e75@group-9A2ED42D27A4-LeaderElection57] INFO  server.RaftServerConfigKeys (ConfUtils.java:logGet(46)) - raft.server.watch.element-limit = 65536 (default)
2024-04-29 09:21:21,329 [e86906d1-c919-438b-b5a4-a98dd7588e75@group-9A2ED42D27A4-LeaderElection57] INFO  server.RaftServerConfigKeys (ConfUtils.java:logGet(46)) - raft.server.read.leader.lease.enabled = false (default)
2024-04-29 09:21:21,329 [e86906d1-c919-438b-b5a4-a98dd7588e75@group-9A2ED42D27A4-LeaderElection57] INFO  server.RaftServerConfigKeys (ConfUtils.java:logGet(46)) - raft.server.read.leader.lease.timeout.ratio = 0.9 (default)
2024-04-29 09:21:21,329 [e86906d1-c919-438b-b5a4-a98dd7588e75@group-9A2ED42D27A4-LeaderElection57] INFO  server.RaftServerConfigKeys (ConfUtils.java:logGet(46)) - raft.server.rpc.timeout.min = 5s (custom)
2024-04-29 09:21:21,329 [e86906d1-c919-438b-b5a4-a98dd7588e75@group-9A2ED42D27A4-LeaderElection57] INFO  server.RaftServerConfigKeys (ConfUtils.java:logGet(46)) - raft.server.write.element-limit = 1024 (custom)
2024-04-29 09:21:21,329 [e86906d1-c919-438b-b5a4-a98dd7588e75@group-9A2ED42D27A4-LeaderElection57] INFO  server.RaftServerConfigKeys (ConfUtils.java:logGet(46)) - raft.server.write.follower.gap.ratio.max = -1.0 (default)
2024-04-29 09:21:21,329 [e86906d1-c919-438b-b5a4-a98dd7588e75@group-9A2ED42D27A4-LeaderElection57] INFO  impl.RoleInfo (RoleInfo.java:updateAndGet(139)) - e86906d1-c919-438b-b5a4-a98dd7588e75: start e86906d1-c919-438b-b5a4-a98dd7588e75@group-9A2ED42D27A4-LeaderStateImpl
2024-04-29 09:21:21,329 [e86906d1-c919-438b-b5a4-a98dd7588e75@group-9A2ED42D27A4-LeaderElection57] INFO  server.RaftServer$Division (RaftServerImpl.java:setFirstElection(574)) - e86906d1-c919-438b-b5a4-a98dd7588e75@group-9A2ED42D27A4: set firstElectionSinceStartup to false for becomeLeader
2024-04-29 09:21:21,329 [e86906d1-c919-438b-b5a4-a98dd7588e75@group-9A2ED42D27A4-LeaderElection57] INFO  ratis.XceiverServerRatis (XceiverServerRatis.java:handleLeaderChangedNotification(966)) - Leader change notification received for group: group-9A2ED42D27A4 with new leaderId: e86906d1-c919-438b-b5a4-a98dd7588e75
2024-04-29 09:21:21,329 [e86906d1-c919-438b-b5a4-a98dd7588e75@group-9A2ED42D27A4-LeaderElection57] INFO  server.RaftServer$Division (ServerState.java:setLeader(269)) - e86906d1-c919-438b-b5a4-a98dd7588e75@group-9A2ED42D27A4: change Leader from null to e86906d1-c919-438b-b5a4-a98dd7588e75 at term 1 for becomeLeader, leader elected after 5160ms
2024-04-29 09:21:21,329 [e86906d1-c919-438b-b5a4-a98dd7588e75@group-9A2ED42D27A4-LeaderElection57] INFO  segmented.SegmentedRaftLogWorker (SegmentedRaftLogWorker.java:startLogSegment(430)) - e86906d1-c919-438b-b5a4-a98dd7588e75@group-9A2ED42D27A4-SegmentedRaftLogWorker: Starting segment from index:0
2024-04-29 09:21:21,330 [e86906d1-c919-438b-b5a4-a98dd7588e75@group-9A2ED42D27A4-SegmentedRaftLogWorker] INFO  segmented.BufferedWriteChannel (BufferedWriteChannel.java:open(62)) - open log_inprogress_0 at position 0
2024-04-29 09:21:21,333 [e86906d1-c919-438b-b5a4-a98dd7588e75@group-9A2ED42D27A4-LeaderElection57] INFO  server.RaftServer$Division (ServerState.java:setRaftConf(386)) - e86906d1-c919-438b-b5a4-a98dd7588e75@group-9A2ED42D27A4: set configuration 0: peers:[e86906d1-c919-438b-b5a4-a98dd7588e75|127.0.0.1:15317]|listeners:[], old=null
2024-04-29 09:21:21,338 [e86906d1-c919-438b-b5a4-a98dd7588e75@group-9A2ED42D27A4-SegmentedRaftLogWorker] INFO  segmented.SegmentedRaftLogWorker (SegmentedRaftLogWorker.java:execute(634)) - e86906d1-c919-438b-b5a4-a98dd7588e75@group-9A2ED42D27A4-SegmentedRaftLogWorker: created new log segment /home/runner/work/ozone/ozone/hadoop-ozone/integration-test/target/test-dir/MiniOzoneClusterImpl-5c564e69-bd94-47d8-8ed3-49bff913e719/ozone-meta/datanode-5/ratis/d103ced9-3c91-458d-9d7d-9a2ed42d27a4/current/log_inprogress_0
2024-04-29 09:21:21,339 [05727db8-df0e-4fba-be48-9a4d471deba7@group-356C79822AC7-FollowerState] INFO  impl.FollowerState (FollowerState.java:run(143)) - 05727db8-df0e-4fba-be48-9a4d471deba7@group-356C79822AC7-FollowerState: change to CANDIDATE, lastRpcElapsedTime:5094411968ns, electionTimeout:5093ms
2024-04-29 09:21:21,339 [05727db8-df0e-4fba-be48-9a4d471deba7@group-356C79822AC7-FollowerState] INFO  impl.RoleInfo (RoleInfo.java:shutdownFollowerState(110)) - 05727db8-df0e-4fba-be48-9a4d471deba7: shutdown 05727db8-df0e-4fba-be48-9a4d471deba7@group-356C79822AC7-FollowerState
2024-04-29 09:21:21,339 [05727db8-df0e-4fba-be48-9a4d471deba7@group-356C79822AC7-FollowerState] INFO  server.RaftServer$Division (RaftServerImpl.java:setRole(383)) - 05727db8-df0e-4fba-be48-9a4d471deba7@group-356C79822AC7: changes role from  FOLLOWER to CANDIDATE at term 0 for changeToCandidate
2024-04-29 09:21:21,339 [05727db8-df0e-4fba-be48-9a4d471deba7@group-356C79822AC7-FollowerState] INFO  server.RaftServerConfigKeys (ConfUtils.java:logGet(46)) - raft.server.leaderelection.pre-vote = true (default)
2024-04-29 09:21:21,339 [05727db8-df0e-4fba-be48-9a4d471deba7@group-356C79822AC7-FollowerState] INFO  impl.RoleInfo (RoleInfo.java:updateAndGet(139)) - 05727db8-df0e-4fba-be48-9a4d471deba7: start 05727db8-df0e-4fba-be48-9a4d471deba7@group-356C79822AC7-LeaderElection58
2024-04-29 09:21:21,339 [05727db8-df0e-4fba-be48-9a4d471deba7@group-356C79822AC7-LeaderElection58] INFO  impl.LeaderElection (LeaderElection.java:askForVotes(321)) - 05727db8-df0e-4fba-be48-9a4d471deba7@group-356C79822AC7-LeaderElection58 PRE_VOTE round 0: submit vote requests at term 0 for -1: peers:[05727db8-df0e-4fba-be48-9a4d471deba7|127.0.0.1:15326]|listeners:[], old=null
2024-04-29 09:21:21,340 [05727db8-df0e-4fba-be48-9a4d471deba7@group-356C79822AC7-LeaderElection58] INFO  impl.LeaderElection (LeaderElection.java:askForVotes(323)) - 05727db8-df0e-4fba-be48-9a4d471deba7@group-356C79822AC7-LeaderElection58 PRE_VOTE round 0: result PASSED (term=0)
2024-04-29 09:21:21,340 [e86906d1-c919-438b-b5a4-a98dd7588e75@group-9A2ED42D27A4-StateMachineUpdater] INFO  server.RaftServer$Division (LeaderStateImpl.java:isApplied(320)) - leader is ready since appliedIndex == 0 >= startIndex == 0
2024-04-29 09:21:21,340 [05727db8-df0e-4fba-be48-9a4d471deba7@group-356C79822AC7-LeaderElection58] INFO  impl.LeaderElection (LeaderElection.java:askForVotes(321)) - 05727db8-df0e-4fba-be48-9a4d471deba7@group-356C79822AC7-LeaderElection58 ELECTION round 0: submit vote requests at term 1 for -1: peers:[05727db8-df0e-4fba-be48-9a4d471deba7|127.0.0.1:15326]|listeners:[], old=null
2024-04-29 09:21:21,340 [05727db8-df0e-4fba-be48-9a4d471deba7@group-356C79822AC7-LeaderElection58] INFO  impl.LeaderElection (LeaderElection.java:askForVotes(323)) - 05727db8-df0e-4fba-be48-9a4d471deba7@group-356C79822AC7-LeaderElection58 ELECTION round 0: result PASSED (term=1)
2024-04-29 09:21:21,340 [05727db8-df0e-4fba-be48-9a4d471deba7@group-356C79822AC7-LeaderElection58] INFO  impl.RoleInfo (RoleInfo.java:shutdownLeaderElection(130)) - 05727db8-df0e-4fba-be48-9a4d471deba7: shutdown 05727db8-df0e-4fba-be48-9a4d471deba7@group-356C79822AC7-LeaderElection58
2024-04-29 09:21:21,340 [05727db8-df0e-4fba-be48-9a4d471deba7@group-356C79822AC7-LeaderElection58] INFO  server.RaftServer$Division (RaftServerImpl.java:setRole(383)) - 05727db8-df0e-4fba-be48-9a4d471deba7@group-356C79822AC7: changes role from CANDIDATE to LEADER at term 1 for changeToLeader
2024-04-29 09:21:21,341 [05727db8-df0e-4fba-be48-9a4d471deba7@group-356C79822AC7-LeaderElection58] INFO  server.RaftServerConfigKeys (ConfUtils.java:logGet(46)) - raft.server.staging.catchup.gap = 1000 (default)
2024-04-29 09:21:21,341 [05727db8-df0e-4fba-be48-9a4d471deba7@group-356C79822AC7-LeaderElection58] INFO  server.RaftServerConfigKeys (ConfUtils.java:logGet(46)) - raft.server.write.element-limit = 1024 (custom)
2024-04-29 09:21:21,341 [05727db8-df0e-4fba-be48-9a4d471deba7@group-356C79822AC7-LeaderElection58] INFO  server.RaftServerConfigKeys (ConfUtils.java:logGet(46)) - raft.server.write.byte-limit = 1024 M (=1073741824) (custom)
2024-04-29 09:21:21,341 [05727db8-df0e-4fba-be48-9a4d471deba7@group-356C79822AC7-LeaderElection58] INFO  server.RaftServerConfigKeys (ConfUtils.java:logGet(46)) - raft.server.watch.timeout = 3000ms (custom)
2024-04-29 09:21:21,341 [05727db8-df0e-4fba-be48-9a4d471deba7@group-356C79822AC7-LeaderElection58] INFO  server.RaftServerConfigKeys (ConfUtils.java:logGet(46)) - raft.server.watch.timeout.denomination = 1s (default)
2024-04-29 09:21:21,341 [05727db8-df0e-4fba-be48-9a4d471deba7@group-356C79822AC7-LeaderElection58] INFO  server.RaftServerConfigKeys (ConfUtils.java:logGet(46)) - raft.server.watch.element-limit = 65536 (default)
2024-04-29 09:21:21,341 [05727db8-df0e-4fba-be48-9a4d471deba7@group-356C79822AC7-LeaderElection58] INFO  server.RaftServerConfigKeys (ConfUtils.java:logGet(46)) - raft.server.read.leader.lease.enabled = false (default)
2024-04-29 09:21:21,341 [05727db8-df0e-4fba-be48-9a4d471deba7@group-356C79822AC7-LeaderElection58] INFO  server.RaftServerConfigKeys (ConfUtils.java:logGet(46)) - raft.server.read.leader.lease.timeout.ratio = 0.9 (default)
2024-04-29 09:21:21,341 [05727db8-df0e-4fba-be48-9a4d471deba7@group-356C79822AC7-LeaderElection58] INFO  server.RaftServerConfigKeys (ConfUtils.java:logGet(46)) - raft.server.rpc.timeout.min = 5s (custom)
2024-04-29 09:21:21,341 [05727db8-df0e-4fba-be48-9a4d471deba7@group-356C79822AC7-LeaderElection58] INFO  server.RaftServerConfigKeys (ConfUtils.java:logGet(46)) - raft.server.write.element-limit = 1024 (custom)
2024-04-29 09:21:21,341 [05727db8-df0e-4fba-be48-9a4d471deba7@group-356C79822AC7-LeaderElection58] INFO  server.RaftServerConfigKeys (ConfUtils.java:logGet(46)) - raft.server.write.follower.gap.ratio.max = -1.0 (default)
2024-04-29 09:21:21,341 [05727db8-df0e-4fba-be48-9a4d471deba7@group-356C79822AC7-LeaderElection58] INFO  impl.RoleInfo (RoleInfo.java:updateAndGet(139)) - 05727db8-df0e-4fba-be48-9a4d471deba7: start 05727db8-df0e-4fba-be48-9a4d471deba7@group-356C79822AC7-LeaderStateImpl
2024-04-29 09:21:21,341 [05727db8-df0e-4fba-be48-9a4d471deba7@group-356C79822AC7-LeaderElection58] INFO  server.RaftServer$Division (RaftServerImpl.java:setFirstElection(574)) - 05727db8-df0e-4fba-be48-9a4d471deba7@group-356C79822AC7: set firstElectionSinceStartup to false for becomeLeader
2024-04-29 09:21:21,341 [05727db8-df0e-4fba-be48-9a4d471deba7@group-356C79822AC7-LeaderElection58] INFO  ratis.XceiverServerRatis (XceiverServerRatis.java:handleLeaderChangedNotification(966)) - Leader change notification received for group: group-356C79822AC7 with new leaderId: 05727db8-df0e-4fba-be48-9a4d471deba7
2024-04-29 09:21:21,342 [05727db8-df0e-4fba-be48-9a4d471deba7@group-356C79822AC7-LeaderElection58] INFO  server.RaftServer$Division (ServerState.java:setLeader(269)) - 05727db8-df0e-4fba-be48-9a4d471deba7@group-356C79822AC7: change Leader from null to 05727db8-df0e-4fba-be48-9a4d471deba7 at term 1 for becomeLeader, leader elected after 5107ms
2024-04-29 09:21:21,342 [05727db8-df0e-4fba-be48-9a4d471deba7@group-356C79822AC7-LeaderElection58] INFO  segmented.SegmentedRaftLogWorker (SegmentedRaftLogWorker.java:startLogSegment(430)) - 05727db8-df0e-4fba-be48-9a4d471deba7@group-356C79822AC7-SegmentedRaftLogWorker: Starting segment from index:0
2024-04-29 09:21:21,342 [05727db8-df0e-4fba-be48-9a4d471deba7@group-356C79822AC7-SegmentedRaftLogWorker] INFO  segmented.BufferedWriteChannel (BufferedWriteChannel.java:open(62)) - open log_inprogress_0 at position 0
2024-04-29 09:21:21,345 [05727db8-df0e-4fba-be48-9a4d471deba7@group-356C79822AC7-LeaderElection58] INFO  server.RaftServer$Division (ServerState.java:setRaftConf(386)) - 05727db8-df0e-4fba-be48-9a4d471deba7@group-356C79822AC7: set configuration 0: peers:[05727db8-df0e-4fba-be48-9a4d471deba7|127.0.0.1:15326]|listeners:[], old=null
2024-04-29 09:21:21,353 [05727db8-df0e-4fba-be48-9a4d471deba7@group-356C79822AC7-SegmentedRaftLogWorker] INFO  segmented.SegmentedRaftLogWorker (SegmentedRaftLogWorker.java:execute(634)) - 05727db8-df0e-4fba-be48-9a4d471deba7@group-356C79822AC7-SegmentedRaftLogWorker: created new log segment /home/runner/work/ozone/ozone/hadoop-ozone/integration-test/target/test-dir/MiniOzoneClusterImpl-5c564e69-bd94-47d8-8ed3-49bff913e719/ozone-meta/datanode-6/ratis/b06f296b-b70b-4f2c-9f7b-356c79822ac7/current/log_inprogress_0
2024-04-29 09:21:21,355 [05727db8-df0e-4fba-be48-9a4d471deba7@group-356C79822AC7-StateMachineUpdater] INFO  server.RaftServer$Division (LeaderStateImpl.java:isApplied(320)) - leader is ready since appliedIndex == 0 >= startIndex == 0
2024-04-29 09:21:21,386 [main] INFO  ozone.MiniOzoneClusterImpl (MiniOzoneClusterImpl.java:lambda$waitForClusterToBeReady$0(194)) - Nodes are ready. Got 9 of 9 DN Heartbeats.
2024-04-29 09:21:21,386 [main] INFO  ozone.MiniOzoneClusterImpl (MiniOzoneClusterImpl.java:lambda$waitForClusterToBeReady$0(197)) - Cluster exits safe mode
2024-04-29 09:21:21,386 [main] INFO  ozone.MiniOzoneClusterImpl (MiniOzoneClusterImpl.java:lambda$waitForClusterToBeReady$0(199)) - SCM became leader
2024-04-29 09:21:21,387 [main] INFO  protocolPB.OmTransportFactory (OmTransportFactory.java:createFactory(62)) - Loading OM transport implementation org.apache.hadoop.ozone.om.protocolPB.Hadoop3OmTransportFactory as specified by configuration.
2024-04-29 09:21:21,391 [main] INFO  rpc.RpcClient (RpcClient.java:createVolume(470)) - Creating Volume: watchforcommithandlingtest, with runner as owner and space quota set to -1 bytes, counts quota set to -1
2024-04-29 09:21:21,394 [om1-OMStateMachineApplyTransactionThread - 0] INFO  volume.OMVolumeCreateRequest (OMVolumeCreateRequest.java:validateAndUpdateCache(198)) - created volume:watchforcommithandlingtest for user:runner
2024-04-29 09:21:21,396 [9aa29c9a-34be-4d10-8746-61e8629e52a2@group-86FDD4066E61-FollowerState] INFO  impl.FollowerState (FollowerState.java:run(143)) - 9aa29c9a-34be-4d10-8746-61e8629e52a2@group-86FDD4066E61-FollowerState: change to CANDIDATE, lastRpcElapsedTime:5040493988ns, electionTimeout:5040ms
2024-04-29 09:21:21,396 [9aa29c9a-34be-4d10-8746-61e8629e52a2@group-86FDD4066E61-FollowerState] INFO  impl.RoleInfo (RoleInfo.java:shutdownFollowerState(110)) - 9aa29c9a-34be-4d10-8746-61e8629e52a2: shutdown 9aa29c9a-34be-4d10-8746-61e8629e52a2@group-86FDD4066E61-FollowerState
2024-04-29 09:21:21,396 [9aa29c9a-34be-4d10-8746-61e8629e52a2@group-86FDD4066E61-FollowerState] INFO  server.RaftServer$Division (RaftServerImpl.java:setRole(383)) - 9aa29c9a-34be-4d10-8746-61e8629e52a2@group-86FDD4066E61: changes role from  FOLLOWER to CANDIDATE at term 0 for changeToCandidate
2024-04-29 09:21:21,396 [9aa29c9a-34be-4d10-8746-61e8629e52a2@group-86FDD4066E61-FollowerState] INFO  server.RaftServerConfigKeys (ConfUtils.java:logGet(46)) - raft.server.leaderelection.pre-vote = true (default)
2024-04-29 09:21:21,396 [main] INFO  rpc.RpcClient (RpcClient.java:createBucket(696)) - Creating Bucket: watchforcommithandlingtest/watchforcommithandlingtest, with server-side default bucket layout, runner as owner, Versioning false, Storage Type set to DISK and Encryption set to false, Replication Type set to server-side default replication type, Namespace Quota set to -1, Space Quota set to -1 
2024-04-29 09:21:21,396 [9aa29c9a-34be-4d10-8746-61e8629e52a2@group-86FDD4066E61-FollowerState] INFO  impl.RoleInfo (RoleInfo.java:updateAndGet(139)) - 9aa29c9a-34be-4d10-8746-61e8629e52a2: start 9aa29c9a-34be-4d10-8746-61e8629e52a2@group-86FDD4066E61-LeaderElection59
2024-04-29 09:21:21,396 [9aa29c9a-34be-4d10-8746-61e8629e52a2@group-86FDD4066E61-LeaderElection59] INFO  impl.LeaderElection (LeaderElection.java:askForVotes(321)) - 9aa29c9a-34be-4d10-8746-61e8629e52a2@group-86FDD4066E61-LeaderElection59 PRE_VOTE round 0: submit vote requests at term 0 for -1: peers:[ab29e55d-edbb-4b88-be19-86f551408953|127.0.0.1:15335, 9aa29c9a-34be-4d10-8746-61e8629e52a2|127.0.0.1:15344, 2915b4d7-e658-4864-9310-64154da9bd5b|127.0.0.1:15353]|listeners:[], old=null
2024-04-29 09:21:21,397 [9aa29c9a-34be-4d10-8746-61e8629e52a2@group-86FDD4066E61-LeaderElection59-1] INFO  server.GrpcServerProtocolClient (GrpcServerProtocolClient.java:<init>(65)) - Build channel for ab29e55d-edbb-4b88-be19-86f551408953|127.0.0.1:15335
2024-04-29 09:21:21,398 [9aa29c9a-34be-4d10-8746-61e8629e52a2@group-86FDD4066E61-LeaderElection59] INFO  server.RaftServerConfigKeys (ConfUtils.java:logFallback(53)) - raft.server.rpc.first-election.timeout.min = 5s (fallback to raft.server.rpc.timeout.min)
2024-04-29 09:21:21,398 [9aa29c9a-34be-4d10-8746-61e8629e52a2@group-86FDD4066E61-LeaderElection59] INFO  server.RaftServerConfigKeys (ConfUtils.java:logFallback(53)) - raft.server.rpc.first-election.timeout.max = 5200ms (fallback to raft.server.rpc.timeout.max)
2024-04-29 09:21:21,398 [9aa29c9a-34be-4d10-8746-61e8629e52a2@group-86FDD4066E61-LeaderElection59-2] INFO  server.GrpcServerProtocolClient (GrpcServerProtocolClient.java:<init>(65)) - Build channel for 2915b4d7-e658-4864-9310-64154da9bd5b|127.0.0.1:15353
2024-04-29 09:21:21,402 [grpc-default-executor-0] INFO  server.RaftServer$Division (RaftServerImpl.java:requestVote(1389)) - ab29e55d-edbb-4b88-be19-86f551408953@group-86FDD4066E61: receive requestVote(PRE_VOTE, 9aa29c9a-34be-4d10-8746-61e8629e52a2, group-86FDD4066E61, 0, (t:0, i:0))
2024-04-29 09:21:21,402 [grpc-default-executor-0] INFO  impl.VoteContext (VoteContext.java:log(49)) - ab29e55d-edbb-4b88-be19-86f551408953@group-86FDD4066E61-FOLLOWER: accept PRE_VOTE from 9aa29c9a-34be-4d10-8746-61e8629e52a2: our priority 0 <= candidate's priority 1
2024-04-29 09:21:21,402 [grpc-default-executor-0] INFO  server.RaftServer$Division (RaftServerImpl.java:requestVote(1422)) - ab29e55d-edbb-4b88-be19-86f551408953@group-86FDD4066E61 replies to PRE_VOTE vote request: 9aa29c9a-34be-4d10-8746-61e8629e52a2<-ab29e55d-edbb-4b88-be19-86f551408953#0:OK-t0. Peer's state: ab29e55d-edbb-4b88-be19-86f551408953@group-86FDD4066E61:t0, leader=null, voted=, raftlog=Memoized:ab29e55d-edbb-4b88-be19-86f551408953@group-86FDD4066E61-SegmentedRaftLog:OPENED:c-1, conf=-1: peers:[ab29e55d-edbb-4b88-be19-86f551408953|127.0.0.1:15335, 9aa29c9a-34be-4d10-8746-61e8629e52a2|127.0.0.1:15344, 2915b4d7-e658-4864-9310-64154da9bd5b|127.0.0.1:15353]|listeners:[], old=null
2024-04-29 09:21:21,402 [grpc-default-executor-3] INFO  server.RaftServer$Division (RaftServerImpl.java:requestVote(1389)) - 2915b4d7-e658-4864-9310-64154da9bd5b@group-86FDD4066E61: receive requestVote(PRE_VOTE, 9aa29c9a-34be-4d10-8746-61e8629e52a2, group-86FDD4066E61, 0, (t:0, i:0))
2024-04-29 09:21:21,402 [grpc-default-executor-3] INFO  impl.VoteContext (VoteContext.java:log(49)) - 2915b4d7-e658-4864-9310-64154da9bd5b@group-86FDD4066E61-FOLLOWER: accept PRE_VOTE from 9aa29c9a-34be-4d10-8746-61e8629e52a2: our priority 0 <= candidate's priority 1
2024-04-29 09:21:21,403 [grpc-default-executor-3] INFO  server.RaftServer$Division (RaftServerImpl.java:requestVote(1422)) - 2915b4d7-e658-4864-9310-64154da9bd5b@group-86FDD4066E61 replies to PRE_VOTE vote request: 9aa29c9a-34be-4d10-8746-61e8629e52a2<-2915b4d7-e658-4864-9310-64154da9bd5b#0:OK-t0. Peer's state: 2915b4d7-e658-4864-9310-64154da9bd5b@group-86FDD4066E61:t0, leader=null, voted=, raftlog=Memoized:2915b4d7-e658-4864-9310-64154da9bd5b@group-86FDD4066E61-SegmentedRaftLog:OPENED:c-1, conf=-1: peers:[ab29e55d-edbb-4b88-be19-86f551408953|127.0.0.1:15335, 9aa29c9a-34be-4d10-8746-61e8629e52a2|127.0.0.1:15344, 2915b4d7-e658-4864-9310-64154da9bd5b|127.0.0.1:15353]|listeners:[], old=null
2024-04-29 09:21:21,403 [9aa29c9a-34be-4d10-8746-61e8629e52a2@group-86FDD4066E61-LeaderElection59] INFO  impl.LeaderElection (LeaderElection.java:logAndReturn(89)) - 9aa29c9a-34be-4d10-8746-61e8629e52a2@group-86FDD4066E61-LeaderElection59: PRE_VOTE PASSED received 1 response(s) and 0 exception(s):
2024-04-29 09:21:21,403 [9aa29c9a-34be-4d10-8746-61e8629e52a2@group-86FDD4066E61-LeaderElection59] INFO  impl.LeaderElection (LeaderElection.java:logAndReturn(93)) -   Response 0: 9aa29c9a-34be-4d10-8746-61e8629e52a2<-ab29e55d-edbb-4b88-be19-86f551408953#0:OK-t0
2024-04-29 09:21:21,403 [9aa29c9a-34be-4d10-8746-61e8629e52a2@group-86FDD4066E61-LeaderElection59] INFO  impl.LeaderElection (LeaderElection.java:askForVotes(323)) - 9aa29c9a-34be-4d10-8746-61e8629e52a2@group-86FDD4066E61-LeaderElection59 PRE_VOTE round 0: result PASSED
2024-04-29 09:21:21,404 [om1-OMStateMachineApplyTransactionThread - 0] INFO  bucket.OMBucketCreateRequest (OMBucketCreateRequest.java:validateAndUpdateCache(293)) - created bucket: watchforcommithandlingtest of layout FILE_SYSTEM_OPTIMIZED in volume: watchforcommithandlingtest
2024-04-29 09:21:21,404 [9aa29c9a-34be-4d10-8746-61e8629e52a2@group-86FDD4066E61-LeaderElection59] INFO  impl.LeaderElection (LeaderElection.java:askForVotes(321)) - 9aa29c9a-34be-4d10-8746-61e8629e52a2@group-86FDD4066E61-LeaderElection59 ELECTION round 0: submit vote requests at term 1 for -1: peers:[ab29e55d-edbb-4b88-be19-86f551408953|127.0.0.1:15335, 9aa29c9a-34be-4d10-8746-61e8629e52a2|127.0.0.1:15344, 2915b4d7-e658-4864-9310-64154da9bd5b|127.0.0.1:15353]|listeners:[], old=null
2024-04-29 09:21:21,404 [9aa29c9a-34be-4d10-8746-61e8629e52a2@group-86FDD4066E61-LeaderElection59] INFO  server.RaftServerConfigKeys (ConfUtils.java:logFallback(53)) - raft.server.rpc.first-election.timeout.min = 5s (fallback to raft.server.rpc.timeout.min)
2024-04-29 09:21:21,404 [9aa29c9a-34be-4d10-8746-61e8629e52a2@group-86FDD4066E61-LeaderElection59] INFO  server.RaftServerConfigKeys (ConfUtils.java:logFallback(53)) - raft.server.rpc.first-election.timeout.max = 5200ms (fallback to raft.server.rpc.timeout.max)
2024-04-29 09:21:21,405 [grpc-default-executor-3] INFO  server.RaftServer$Division (RaftServerImpl.java:requestVote(1389)) - 2915b4d7-e658-4864-9310-64154da9bd5b@group-86FDD4066E61: receive requestVote(ELECTION, 9aa29c9a-34be-4d10-8746-61e8629e52a2, group-86FDD4066E61, 1, (t:0, i:0))
2024-04-29 09:21:21,406 [grpc-default-executor-3] INFO  impl.VoteContext (VoteContext.java:log(49)) - 2915b4d7-e658-4864-9310-64154da9bd5b@group-86FDD4066E61-FOLLOWER: accept ELECTION from 9aa29c9a-34be-4d10-8746-61e8629e52a2: our priority 0 <= candidate's priority 1
2024-04-29 09:21:21,406 [grpc-default-executor-3] INFO  server.RaftServer$Division (RaftServerImpl.java:setRole(383)) - 2915b4d7-e658-4864-9310-64154da9bd5b@group-86FDD4066E61: changes role from  FOLLOWER to FOLLOWER at term 1 for candidate:9aa29c9a-34be-4d10-8746-61e8629e52a2
2024-04-29 09:21:21,406 [grpc-default-executor-3] INFO  impl.RoleInfo (RoleInfo.java:shutdownFollowerState(110)) - 2915b4d7-e658-4864-9310-64154da9bd5b: shutdown 2915b4d7-e658-4864-9310-64154da9bd5b@group-86FDD4066E61-FollowerState
2024-04-29 09:21:21,406 [grpc-default-executor-3] INFO  impl.RoleInfo (RoleInfo.java:updateAndGet(139)) - 2915b4d7-e658-4864-9310-64154da9bd5b: start 2915b4d7-e658-4864-9310-64154da9bd5b@group-86FDD4066E61-FollowerState
2024-04-29 09:21:21,406 [2915b4d7-e658-4864-9310-64154da9bd5b@group-86FDD4066E61-FollowerState] INFO  impl.FollowerState (FollowerState.java:run(152)) - 2915b4d7-e658-4864-9310-64154da9bd5b@group-86FDD4066E61-FollowerState was interrupted
2024-04-29 09:21:21,406 [grpc-default-executor-3] INFO  server.RaftServer$Division (RaftServerImpl.java:setFirstElection(574)) - 2915b4d7-e658-4864-9310-64154da9bd5b@group-86FDD4066E61: set firstElectionSinceStartup to false for candidate:9aa29c9a-34be-4d10-8746-61e8629e52a2
2024-04-29 09:21:21,407 [grpc-default-executor-3] INFO  server.RaftServer$Division (RaftServerImpl.java:requestVote(1422)) - 2915b4d7-e658-4864-9310-64154da9bd5b@group-86FDD4066E61 replies to ELECTION vote request: 9aa29c9a-34be-4d10-8746-61e8629e52a2<-2915b4d7-e658-4864-9310-64154da9bd5b#0:OK-t1. Peer's state: 2915b4d7-e658-4864-9310-64154da9bd5b@group-86FDD4066E61:t1, leader=null, voted=9aa29c9a-34be-4d10-8746-61e8629e52a2, raftlog=Memoized:2915b4d7-e658-4864-9310-64154da9bd5b@group-86FDD4066E61-SegmentedRaftLog:OPENED:c-1, conf=-1: peers:[ab29e55d-edbb-4b88-be19-86f551408953|127.0.0.1:15335, 9aa29c9a-34be-4d10-8746-61e8629e52a2|127.0.0.1:15344, 2915b4d7-e658-4864-9310-64154da9bd5b|127.0.0.1:15353]|listeners:[], old=null
2024-04-29 09:21:21,407 [grpc-default-executor-0] INFO  server.RaftServer$Division (RaftServerImpl.java:requestVote(1389)) - ab29e55d-edbb-4b88-be19-86f551408953@group-86FDD4066E61: receive requestVote(ELECTION, 9aa29c9a-34be-4d10-8746-61e8629e52a2, group-86FDD4066E61, 1, (t:0, i:0))
2024-04-29 09:21:21,407 [grpc-default-executor-0] INFO  impl.VoteContext (VoteContext.java:log(49)) - ab29e55d-edbb-4b88-be19-86f551408953@group-86FDD4066E61-FOLLOWER: accept ELECTION from 9aa29c9a-34be-4d10-8746-61e8629e52a2: our priority 0 <= candidate's priority 1
2024-04-29 09:21:21,407 [grpc-default-executor-0] INFO  server.RaftServer$Division (RaftServerImpl.java:setRole(383)) - ab29e55d-edbb-4b88-be19-86f551408953@group-86FDD4066E61: changes role from  FOLLOWER to FOLLOWER at term 1 for candidate:9aa29c9a-34be-4d10-8746-61e8629e52a2
2024-04-29 09:21:21,408 [grpc-default-executor-0] INFO  impl.RoleInfo (RoleInfo.java:shutdownFollowerState(110)) - ab29e55d-edbb-4b88-be19-86f551408953: shutdown ab29e55d-edbb-4b88-be19-86f551408953@group-86FDD4066E61-FollowerState
2024-04-29 09:21:21,408 [grpc-default-executor-0] INFO  impl.RoleInfo (RoleInfo.java:updateAndGet(139)) - ab29e55d-edbb-4b88-be19-86f551408953: start ab29e55d-edbb-4b88-be19-86f551408953@group-86FDD4066E61-FollowerState
2024-04-29 09:21:21,408 [ab29e55d-edbb-4b88-be19-86f551408953@group-86FDD4066E61-FollowerState] INFO  impl.FollowerState (FollowerState.java:run(152)) - ab29e55d-edbb-4b88-be19-86f551408953@group-86FDD4066E61-FollowerState was interrupted
2024-04-29 09:21:21,408 [9aa29c9a-34be-4d10-8746-61e8629e52a2@group-86FDD4066E61-LeaderElection59] INFO  impl.LeaderElection (LeaderElection.java:logAndReturn(89)) - 9aa29c9a-34be-4d10-8746-61e8629e52a2@group-86FDD4066E61-LeaderElection59: ELECTION PASSED received 1 response(s) and 0 exception(s):
2024-04-29 09:21:21,408 [9aa29c9a-34be-4d10-8746-61e8629e52a2@group-86FDD4066E61-LeaderElection59] INFO  impl.LeaderElection (LeaderElection.java:logAndReturn(93)) -   Response 0: 9aa29c9a-34be-4d10-8746-61e8629e52a2<-2915b4d7-e658-4864-9310-64154da9bd5b#0:OK-t1
2024-04-29 09:21:21,408 [9aa29c9a-34be-4d10-8746-61e8629e52a2@group-86FDD4066E61-LeaderElection59] INFO  impl.LeaderElection (LeaderElection.java:askForVotes(323)) - 9aa29c9a-34be-4d10-8746-61e8629e52a2@group-86FDD4066E61-LeaderElection59 ELECTION round 0: result PASSED
2024-04-29 09:21:21,408 [9aa29c9a-34be-4d10-8746-61e8629e52a2@group-86FDD4066E61-LeaderElection59] INFO  impl.RoleInfo (RoleInfo.java:shutdownLeaderElection(130)) - 9aa29c9a-34be-4d10-8746-61e8629e52a2: shutdown 9aa29c9a-34be-4d10-8746-61e8629e52a2@group-86FDD4066E61-LeaderElection59
2024-04-29 09:21:21,408 [9aa29c9a-34be-4d10-8746-61e8629e52a2@group-86FDD4066E61-LeaderElection59] INFO  server.RaftServer$Division (RaftServerImpl.java:setRole(383)) - 9aa29c9a-34be-4d10-8746-61e8629e52a2@group-86FDD4066E61: changes role from CANDIDATE to LEADER at term 1 for changeToLeader
2024-04-29 09:21:21,408 [9aa29c9a-34be-4d10-8746-61e8629e52a2@group-86FDD4066E61-LeaderElection59] INFO  server.RaftServerConfigKeys (ConfUtils.java:logGet(46)) - raft.server.staging.catchup.gap = 1000 (default)
2024-04-29 09:21:21,408 [9aa29c9a-34be-4d10-8746-61e8629e52a2@group-86FDD4066E61-LeaderElection59] INFO  server.RaftServerConfigKeys (ConfUtils.java:logGet(46)) - raft.server.write.element-limit = 1024 (custom)
2024-04-29 09:21:21,408 [9aa29c9a-34be-4d10-8746-61e8629e52a2@group-86FDD4066E61-LeaderElection59] INFO  server.RaftServerConfigKeys (ConfUtils.java:logGet(46)) - raft.server.write.byte-limit = 1024 M (=1073741824) (custom)
2024-04-29 09:21:21,408 [9aa29c9a-34be-4d10-8746-61e8629e52a2@group-86FDD4066E61-LeaderElection59] INFO  server.RaftServerConfigKeys (ConfUtils.java:logGet(46)) - raft.server.watch.timeout = 3000ms (custom)
2024-04-29 09:21:21,408 [9aa29c9a-34be-4d10-8746-61e8629e52a2@group-86FDD4066E61-LeaderElection59] INFO  server.RaftServerConfigKeys (ConfUtils.java:logGet(46)) - raft.server.watch.timeout.denomination = 1s (default)
2024-04-29 09:21:21,408 [9aa29c9a-34be-4d10-8746-61e8629e52a2@group-86FDD4066E61-LeaderElection59] INFO  server.RaftServerConfigKeys (ConfUtils.java:logGet(46)) - raft.server.watch.element-limit = 65536 (default)
2024-04-29 09:21:21,409 [9aa29c9a-34be-4d10-8746-61e8629e52a2@group-86FDD4066E61-LeaderElection59] INFO  server.RaftServerConfigKeys (ConfUtils.java:logGet(46)) - raft.server.read.leader.lease.enabled = false (default)
2024-04-29 09:21:21,409 [9aa29c9a-34be-4d10-8746-61e8629e52a2@group-86FDD4066E61-LeaderElection59] INFO  server.RaftServerConfigKeys (ConfUtils.java:logGet(46)) - raft.server.read.leader.lease.timeout.ratio = 0.9 (default)
2024-04-29 09:21:21,409 [9aa29c9a-34be-4d10-8746-61e8629e52a2@group-86FDD4066E61-LeaderElection59] INFO  server.RaftServerConfigKeys (ConfUtils.java:logGet(46)) - raft.server.rpc.timeout.min = 5s (custom)
2024-04-29 09:21:21,409 [9aa29c9a-34be-4d10-8746-61e8629e52a2@group-86FDD4066E61-LeaderElection59] INFO  server.RaftServerConfigKeys (ConfUtils.java:logGet(46)) - raft.server.write.element-limit = 1024 (custom)
2024-04-29 09:21:21,409 [9aa29c9a-34be-4d10-8746-61e8629e52a2@group-86FDD4066E61-LeaderElection59] INFO  server.RaftServerConfigKeys (ConfUtils.java:logGet(46)) - raft.server.write.follower.gap.ratio.max = -1.0 (default)
2024-04-29 09:21:21,409 [9aa29c9a-34be-4d10-8746-61e8629e52a2@group-86FDD4066E61-LeaderElection59] INFO  server.RaftServerConfigKeys (ConfUtils.java:logGet(46)) - raft.server.log.appender.snapshot.chunk.size.max = 16MB (=16777216) (default)
2024-04-29 09:21:21,409 [9aa29c9a-34be-4d10-8746-61e8629e52a2@group-86FDD4066E61-LeaderElection59] INFO  server.RaftServerConfigKeys (ConfUtils.java:logGet(46)) - raft.server.log.appender.buffer.byte-limit = 8388608 (custom)
2024-04-29 09:21:21,409 [9aa29c9a-34be-4d10-8746-61e8629e52a2@group-86FDD4066E61-LeaderElection59] INFO  server.RaftServerConfigKeys (ConfUtils.java:logGet(46)) - raft.server.log.appender.buffer.element-limit = 1 (custom)
2024-04-29 09:21:21,409 [9aa29c9a-34be-4d10-8746-61e8629e52a2@group-86FDD4066E61-LeaderElection59] INFO  server.RaftServerConfigKeys (ConfUtils.java:logGet(46)) - raft.server.log.appender.wait-time.min = 0ms (custom)
2024-04-29 09:21:21,409 [9aa29c9a-34be-4d10-8746-61e8629e52a2@group-86FDD4066E61-LeaderElection59] INFO  grpc.GrpcConfigKeys (ConfUtils.java:logGet(46)) - raft.grpc.server.leader.outstanding.appends.max = 8 (default)
2024-04-29 09:21:21,409 [9aa29c9a-34be-4d10-8746-61e8629e52a2@group-86FDD4066E61-LeaderElection59] INFO  server.RaftServerConfigKeys (ConfUtils.java:logGet(46)) - raft.server.rpc.request.timeout = 3000ms (default)
2024-04-29 09:21:21,409 [9aa29c9a-34be-4d10-8746-61e8629e52a2@group-86FDD4066E61-LeaderElection59] INFO  grpc.GrpcConfigKeys (ConfUtils.java:logGet(46)) - raft.grpc.server.install_snapshot.request.element-limit = 8 (default)
2024-04-29 09:21:21,410 [9aa29c9a-34be-4d10-8746-61e8629e52a2@group-86FDD4066E61-LeaderElection59] INFO  grpc.GrpcConfigKeys (ConfUtils.java:logGet(46)) - raft.grpc.server.install_snapshot.request.timeout = 3000ms (default)
2024-04-29 09:21:21,410 [9aa29c9a-34be-4d10-8746-61e8629e52a2@group-86FDD4066E61-LeaderElection59] INFO  grpc.GrpcConfigKeys (ConfUtils.java:logGet(46)) - raft.grpc.server.log-message.batch.duration = 5s (default)
2024-04-29 09:21:21,410 [9aa29c9a-34be-4d10-8746-61e8629e52a2@group-86FDD4066E61-LeaderElection59] INFO  server.RaftServerConfigKeys (ConfUtils.java:logGet(46)) - raft.server.log.appender.install.snapshot.enabled = false (custom)
2024-04-29 09:21:21,410 [9aa29c9a-34be-4d10-8746-61e8629e52a2@group-86FDD4066E61-LeaderElection59] INFO  grpc.GrpcConfigKeys (ConfUtils.java:logGet(46)) - raft.grpc.server.heartbeat.channel = true (default)
2024-04-29 09:21:21,410 [9aa29c9a-34be-4d10-8746-61e8629e52a2@group-86FDD4066E61-LeaderElection59] INFO  server.RaftServerConfigKeys (ConfUtils.java:logGet(46)) - raft.server.log.appender.snapshot.chunk.size.max = 16MB (=16777216) (default)
2024-04-29 09:21:21,410 [9aa29c9a-34be-4d10-8746-61e8629e52a2@group-86FDD4066E61-LeaderElection59] INFO  server.RaftServerConfigKeys (ConfUtils.java:logGet(46)) - raft.server.log.appender.buffer.byte-limit = 8388608 (custom)
2024-04-29 09:21:21,410 [9aa29c9a-34be-4d10-8746-61e8629e52a2@group-86FDD4066E61-LeaderElection59] INFO  server.RaftServerConfigKeys (ConfUtils.java:logGet(46)) - raft.server.log.appender.buffer.element-limit = 1 (custom)
2024-04-29 09:21:21,411 [9aa29c9a-34be-4d10-8746-61e8629e52a2@group-86FDD4066E61-LeaderElection59] INFO  server.RaftServerConfigKeys (ConfUtils.java:logGet(46)) - raft.server.log.appender.wait-time.min = 0ms (custom)
2024-04-29 09:21:21,411 [9aa29c9a-34be-4d10-8746-61e8629e52a2@group-86FDD4066E61-LeaderElection59] INFO  grpc.GrpcConfigKeys (ConfUtils.java:logGet(46)) - raft.grpc.server.leader.outstanding.appends.max = 8 (default)
2024-04-29 09:21:21,411 [9aa29c9a-34be-4d10-8746-61e8629e52a2@group-86FDD4066E61-LeaderElection59] INFO  server.RaftServerConfigKeys (ConfUtils.java:logGet(46)) - raft.server.rpc.request.timeout = 3000ms (default)
2024-04-29 09:21:21,411 [9aa29c9a-34be-4d10-8746-61e8629e52a2@group-86FDD4066E61-LeaderElection59] INFO  grpc.GrpcConfigKeys (ConfUtils.java:logGet(46)) - raft.grpc.server.install_snapshot.request.element-limit = 8 (default)
2024-04-29 09:21:21,411 [9aa29c9a-34be-4d10-8746-61e8629e52a2@group-86FDD4066E61-LeaderElection59] INFO  grpc.GrpcConfigKeys (ConfUtils.java:logGet(46)) - raft.grpc.server.install_snapshot.request.timeout = 3000ms (default)
2024-04-29 09:21:21,411 [9aa29c9a-34be-4d10-8746-61e8629e52a2@group-86FDD4066E61-LeaderElection59] INFO  grpc.GrpcConfigKeys (ConfUtils.java:logGet(46)) - raft.grpc.server.log-message.batch.duration = 5s (default)
2024-04-29 09:21:21,411 [9aa29c9a-34be-4d10-8746-61e8629e52a2@group-86FDD4066E61-LeaderElection59] INFO  server.RaftServerConfigKeys (ConfUtils.java:logGet(46)) - raft.server.log.appender.install.snapshot.enabled = false (custom)
2024-04-29 09:21:21,411 [9aa29c9a-34be-4d10-8746-61e8629e52a2@group-86FDD4066E61-LeaderElection59] INFO  grpc.GrpcConfigKeys (ConfUtils.java:logGet(46)) - raft.grpc.server.heartbeat.channel = true (default)
2024-04-29 09:21:21,411 [9aa29c9a-34be-4d10-8746-61e8629e52a2@group-86FDD4066E61-LeaderElection59] INFO  impl.RoleInfo (RoleInfo.java:updateAndGet(139)) - 9aa29c9a-34be-4d10-8746-61e8629e52a2: start 9aa29c9a-34be-4d10-8746-61e8629e52a2@group-86FDD4066E61-LeaderStateImpl
2024-04-29 09:21:21,411 [9aa29c9a-34be-4d10-8746-61e8629e52a2@group-86FDD4066E61-LeaderElection59] INFO  server.RaftServer$Division (RaftServerImpl.java:setFirstElection(574)) - 9aa29c9a-34be-4d10-8746-61e8629e52a2@group-86FDD4066E61: set firstElectionSinceStartup to false for becomeLeader
2024-04-29 09:21:21,411 [9aa29c9a-34be-4d10-8746-61e8629e52a2@group-86FDD4066E61-LeaderElection59] INFO  ratis.XceiverServerRatis (XceiverServerRatis.java:handleLeaderChangedNotification(966)) - Leader change notification received for group: group-86FDD4066E61 with new leaderId: 9aa29c9a-34be-4d10-8746-61e8629e52a2
2024-04-29 09:21:21,411 [9aa29c9a-34be-4d10-8746-61e8629e52a2@group-86FDD4066E61-LeaderElection59] INFO  server.RaftServer$Division (ServerState.java:setLeader(269)) - 9aa29c9a-34be-4d10-8746-61e8629e52a2@group-86FDD4066E61: change Leader from null to 9aa29c9a-34be-4d10-8746-61e8629e52a2 at term 1 for becomeLeader, leader elected after 5073ms
2024-04-29 09:21:21,411 [9aa29c9a-34be-4d10-8746-61e8629e52a2@group-86FDD4066E61-LeaderElection59] INFO  segmented.SegmentedRaftLogWorker (SegmentedRaftLogWorker.java:startLogSegment(430)) - 9aa29c9a-34be-4d10-8746-61e8629e52a2@group-86FDD4066E61-SegmentedRaftLogWorker: Starting segment from index:0
2024-04-29 09:21:21,412 [9aa29c9a-34be-4d10-8746-61e8629e52a2@group-86FDD4066E61-LeaderElection59] INFO  server.RaftServer$Division (ServerState.java:setRaftConf(386)) - 9aa29c9a-34be-4d10-8746-61e8629e52a2@group-86FDD4066E61: set configuration 0: peers:[ab29e55d-edbb-4b88-be19-86f551408953|127.0.0.1:15335, 9aa29c9a-34be-4d10-8746-61e8629e52a2|127.0.0.1:15344, 2915b4d7-e658-4864-9310-64154da9bd5b|127.0.0.1:15353]|listeners:[], old=null
2024-04-29 09:21:21,412 [9aa29c9a-34be-4d10-8746-61e8629e52a2@group-86FDD4066E61-SegmentedRaftLogWorker] INFO  segmented.BufferedWriteChannel (BufferedWriteChannel.java:open(62)) - open log_inprogress_0 at position 0
2024-04-29 09:21:21,413 [EventQueue-PipelineReportForPipelineReportHandler] INFO  pipeline.PipelineReportHandler (PipelineReportHandler.java:processPipelineReport(136)) - Opened pipeline PipelineID=0b1c4d5e-c6f1-4272-a85e-86fdd4066e61
2024-04-29 09:21:21,414 [grpc-default-executor-0] INFO  server.RaftServer$Division (RaftServerImpl.java:setFirstElection(574)) - ab29e55d-edbb-4b88-be19-86f551408953@group-86FDD4066E61: set firstElectionSinceStartup to false for candidate:9aa29c9a-34be-4d10-8746-61e8629e52a2
2024-04-29 09:21:21,417 [IPC Server handler 0 on default port 15267] INFO  ha.SequenceIdGenerator (SequenceIdGenerator.java:getNextId(145)) - Allocate a batch for containerId, change lastId from 0 to 1000.
2024-04-29 09:21:21,418 [grpc-default-executor-0] INFO  server.RaftServer$Division (RaftServerImpl.java:requestVote(1422)) - ab29e55d-edbb-4b88-be19-86f551408953@group-86FDD4066E61 replies to ELECTION vote request: 9aa29c9a-34be-4d10-8746-61e8629e52a2<-ab29e55d-edbb-4b88-be19-86f551408953#0:OK-t1. Peer's state: ab29e55d-edbb-4b88-be19-86f551408953@group-86FDD4066E61:t1, leader=null, voted=9aa29c9a-34be-4d10-8746-61e8629e52a2, raftlog=Memoized:ab29e55d-edbb-4b88-be19-86f551408953@group-86FDD4066E61-SegmentedRaftLog:OPENED:c-1, conf=-1: peers:[ab29e55d-edbb-4b88-be19-86f551408953|127.0.0.1:15335, 9aa29c9a-34be-4d10-8746-61e8629e52a2|127.0.0.1:15344, 2915b4d7-e658-4864-9310-64154da9bd5b|127.0.0.1:15353]|listeners:[], old=null
2024-04-29 09:21:21,421 [9aa29c9a-34be-4d10-8746-61e8629e52a2@group-86FDD4066E61-SegmentedRaftLogWorker] INFO  segmented.SegmentedRaftLogWorker (SegmentedRaftLogWorker.java:execute(634)) - 9aa29c9a-34be-4d10-8746-61e8629e52a2@group-86FDD4066E61-SegmentedRaftLogWorker: created new log segment /home/runner/work/ozone/ozone/hadoop-ozone/integration-test/target/test-dir/MiniOzoneClusterImpl-5c564e69-bd94-47d8-8ed3-49bff913e719/ozone-meta/datanode-8/ratis/0b1c4d5e-c6f1-4272-a85e-86fdd4066e61/current/log_inprogress_0
2024-04-29 09:21:21,422 [2915b4d7-e658-4864-9310-64154da9bd5b-server-thread1] INFO  ratis.XceiverServerRatis (XceiverServerRatis.java:handleLeaderChangedNotification(966)) - Leader change notification received for group: group-86FDD4066E61 with new leaderId: 9aa29c9a-34be-4d10-8746-61e8629e52a2
2024-04-29 09:21:21,423 [2915b4d7-e658-4864-9310-64154da9bd5b-server-thread1] INFO  server.RaftServer$Division (ServerState.java:setLeader(269)) - 2915b4d7-e658-4864-9310-64154da9bd5b@group-86FDD4066E61: change Leader from null to 9aa29c9a-34be-4d10-8746-61e8629e52a2 at term 1 for appendEntries, leader elected after 5103ms
2024-04-29 09:21:21,425 [2915b4d7-e658-4864-9310-64154da9bd5b-server-thread2] INFO  server.RaftServer$Division (ServerState.java:setRaftConf(386)) - 2915b4d7-e658-4864-9310-64154da9bd5b@group-86FDD4066E61: set configuration 0: peers:[ab29e55d-edbb-4b88-be19-86f551408953|127.0.0.1:15335, 9aa29c9a-34be-4d10-8746-61e8629e52a2|127.0.0.1:15344, 2915b4d7-e658-4864-9310-64154da9bd5b|127.0.0.1:15353]|listeners:[], old=null
2024-04-29 09:21:21,425 [2915b4d7-e658-4864-9310-64154da9bd5b-server-thread2] INFO  segmented.SegmentedRaftLogWorker (SegmentedRaftLogWorker.java:startLogSegment(430)) - 2915b4d7-e658-4864-9310-64154da9bd5b@group-86FDD4066E61-SegmentedRaftLogWorker: Starting segment from index:0
2024-04-29 09:21:21,425 [2915b4d7-e658-4864-9310-64154da9bd5b@group-86FDD4066E61-SegmentedRaftLogWorker] INFO  segmented.BufferedWriteChannel (BufferedWriteChannel.java:open(62)) - open log_inprogress_0 at position 0
2024-04-29 09:21:21,429 [ab29e55d-edbb-4b88-be19-86f551408953-server-thread1] INFO  ratis.XceiverServerRatis (XceiverServerRatis.java:handleLeaderChangedNotification(966)) - Leader change notification received for group: group-86FDD4066E61 with new leaderId: 9aa29c9a-34be-4d10-8746-61e8629e52a2
2024-04-29 09:21:21,429 [ab29e55d-edbb-4b88-be19-86f551408953-server-thread1] INFO  server.RaftServer$Division (ServerState.java:setLeader(269)) - ab29e55d-edbb-4b88-be19-86f551408953@group-86FDD4066E61: change Leader from null to 9aa29c9a-34be-4d10-8746-61e8629e52a2 at term 1 for appendEntries, leader elected after 5129ms
2024-04-29 09:21:21,429 [ab29e55d-edbb-4b88-be19-86f551408953-server-thread2] INFO  server.RaftServer$Division (ServerState.java:setRaftConf(386)) - ab29e55d-edbb-4b88-be19-86f551408953@group-86FDD4066E61: set configuration 0: peers:[ab29e55d-edbb-4b88-be19-86f551408953|127.0.0.1:15335, 9aa29c9a-34be-4d10-8746-61e8629e52a2|127.0.0.1:15344, 2915b4d7-e658-4864-9310-64154da9bd5b|127.0.0.1:15353]|listeners:[], old=null
2024-04-29 09:21:21,429 [ab29e55d-edbb-4b88-be19-86f551408953-server-thread2] INFO  segmented.SegmentedRaftLogWorker (SegmentedRaftLogWorker.java:startLogSegment(430)) - ab29e55d-edbb-4b88-be19-86f551408953@group-86FDD4066E61-SegmentedRaftLogWorker: Starting segment from index:0
2024-04-29 09:21:21,430 [ab29e55d-edbb-4b88-be19-86f551408953@group-86FDD4066E61-SegmentedRaftLogWorker] INFO  segmented.BufferedWriteChannel (BufferedWriteChannel.java:open(62)) - open log_inprogress_0 at position 0
2024-04-29 09:21:21,434 [ab29e55d-edbb-4b88-be19-86f551408953@group-CBA65743FC0F-FollowerState] INFO  impl.FollowerState (FollowerState.java:run(143)) - ab29e55d-edbb-4b88-be19-86f551408953@group-CBA65743FC0F-FollowerState: change to CANDIDATE, lastRpcElapsedTime:5137719739ns, electionTimeout:5137ms
2024-04-29 09:21:21,434 [ab29e55d-edbb-4b88-be19-86f551408953@group-CBA65743FC0F-FollowerState] INFO  impl.RoleInfo (RoleInfo.java:shutdownFollowerState(110)) - ab29e55d-edbb-4b88-be19-86f551408953: shutdown ab29e55d-edbb-4b88-be19-86f551408953@group-CBA65743FC0F-FollowerState
2024-04-29 09:21:21,434 [ab29e55d-edbb-4b88-be19-86f551408953@group-CBA65743FC0F-FollowerState] INFO  server.RaftServer$Division (RaftServerImpl.java:setRole(383)) - ab29e55d-edbb-4b88-be19-86f551408953@group-CBA65743FC0F: changes role from  FOLLOWER to CANDIDATE at term 0 for changeToCandidate
2024-04-29 09:21:21,434 [ab29e55d-edbb-4b88-be19-86f551408953@group-CBA65743FC0F-FollowerState] INFO  server.RaftServerConfigKeys (ConfUtils.java:logGet(46)) - raft.server.leaderelection.pre-vote = true (default)
2024-04-29 09:21:21,434 [ab29e55d-edbb-4b88-be19-86f551408953@group-CBA65743FC0F-FollowerState] INFO  impl.RoleInfo (RoleInfo.java:updateAndGet(139)) - ab29e55d-edbb-4b88-be19-86f551408953: start ab29e55d-edbb-4b88-be19-86f551408953@group-CBA65743FC0F-LeaderElection60
2024-04-29 09:21:21,435 [ab29e55d-edbb-4b88-be19-86f551408953@group-CBA65743FC0F-LeaderElection60] INFO  impl.LeaderElection (LeaderElection.java:askForVotes(321)) - ab29e55d-edbb-4b88-be19-86f551408953@group-CBA65743FC0F-LeaderElection60 PRE_VOTE round 0: submit vote requests at term 0 for -1: peers:[ab29e55d-edbb-4b88-be19-86f551408953|127.0.0.1:15335]|listeners:[], old=null
2024-04-29 09:21:21,435 [ab29e55d-edbb-4b88-be19-86f551408953@group-CBA65743FC0F-LeaderElection60] INFO  impl.LeaderElection (LeaderElection.java:askForVotes(323)) - ab29e55d-edbb-4b88-be19-86f551408953@group-CBA65743FC0F-LeaderElection60 PRE_VOTE round 0: result PASSED (term=0)
2024-04-29 09:21:21,436 [grpc-default-executor-3] ERROR impl.OrderedAsync (OrderedAsync.java:lambda$sendRequest$9(247)) - client-770FA574BEB3: Failed* RaftClientRequest:client-770FA574BEB3->9aa29c9a-34be-4d10-8746-61e8629e52a2@group-86FDD4066E61, cid=63, seq=1*, Watch(0), null
java.util.concurrent.CompletionException: org.apache.ratis.protocol.exceptions.LeaderNotReadyException: 9aa29c9a-34be-4d10-8746-61e8629e52a2@group-86FDD4066E61 is in LEADER state but not ready yet.
	at java.base/java.util.concurrent.CompletableFuture.encodeThrowable(CompletableFuture.java:332)
	at java.base/java.util.concurrent.CompletableFuture.completeThrowable(CompletableFuture.java:347)
	at java.base/java.util.concurrent.CompletableFuture$UniApply.tryFire(CompletableFuture.java:636)
	at java.base/java.util.concurrent.CompletableFuture.postComplete(CompletableFuture.java:510)
	at java.base/java.util.concurrent.CompletableFuture.completeExceptionally(CompletableFuture.java:2162)
	at org.apache.ratis.grpc.client.GrpcClientProtocolClient$AsyncStreamObservers.completeReplyExceptionally(GrpcClientProtocolClient.java:394)
	at org.apache.ratis.grpc.client.GrpcClientProtocolClient$AsyncStreamObservers.access$000(GrpcClientProtocolClient.java:300)
	at org.apache.ratis.grpc.client.GrpcClientProtocolClient$AsyncStreamObservers$1.onNext(GrpcClientProtocolClient.java:319)
	at org.apache.ratis.grpc.client.GrpcClientProtocolClient$AsyncStreamObservers$1.onNext(GrpcClientProtocolClient.java:305)
	at org.apache.ratis.thirdparty.io.grpc.stub.ClientCalls$StreamObserverToCallListenerAdapter.onMessage(ClientCalls.java:468)
	at org.apache.ratis.thirdparty.io.grpc.ForwardingClientCallListener.onMessage(ForwardingClientCallListener.java:33)
	at org.apache.ratis.thirdparty.io.grpc.internal.DelayedClientCall$DelayedListener.onMessage(DelayedClientCall.java:473)
	at org.apache.ratis.thirdparty.io.grpc.internal.ClientCallImpl$ClientStreamListenerImpl$1MessagesAvailable.runInternal(ClientCallImpl.java:660)
	at org.apache.ratis.thirdparty.io.grpc.internal.ClientCallImpl$ClientStreamListenerImpl$1MessagesAvailable.runInContext(ClientCallImpl.java:647)
	at org.apache.ratis.thirdparty.io.grpc.internal.ContextRunnable.run(ContextRunnable.java:37)
	at org.apache.ratis.thirdparty.io.grpc.internal.SerializingExecutor.run(SerializingExecutor.java:133)
	at java.base/java.util.concurrent.ThreadPoolExecutor.runWorker(ThreadPoolExecutor.java:1136)
	at java.base/java.util.concurrent.ThreadPoolExecutor$Worker.run(ThreadPoolExecutor.java:635)
	at java.base/java.lang.Thread.run(Thread.java:840)
Caused by: org.apache.ratis.protocol.exceptions.LeaderNotReadyException: 9aa29c9a-34be-4d10-8746-61e8629e52a2@group-86FDD4066E61 is in LEADER state but not ready yet.
	at org.apache.ratis.client.impl.ClientProtoUtils.toRaftClientReply(ClientProtoUtils.java:407)
	at org.apache.ratis.grpc.client.GrpcClientProtocolClient$AsyncStreamObservers$1.onNext(GrpcClientProtocolClient.java:310)
	... 11 more
2024-04-29 09:21:21,436 [2915b4d7-e658-4864-9310-64154da9bd5b@group-86FDD4066E61-SegmentedRaftLogWorker] INFO  segmented.SegmentedRaftLogWorker (SegmentedRaftLogWorker.java:execute(634)) - 2915b4d7-e658-4864-9310-64154da9bd5b@group-86FDD4066E61-SegmentedRaftLogWorker: created new log segment /home/runner/work/ozone/ozone/hadoop-ozone/integration-test/target/test-dir/MiniOzoneClusterImpl-5c564e69-bd94-47d8-8ed3-49bff913e719/ozone-meta/datanode-9/ratis/0b1c4d5e-c6f1-4272-a85e-86fdd4066e61/current/log_inprogress_0
2024-04-29 09:21:21,438 [ab29e55d-edbb-4b88-be19-86f551408953@group-CBA65743FC0F-LeaderElection60] INFO  impl.LeaderElection (LeaderElection.java:askForVotes(321)) - ab29e55d-edbb-4b88-be19-86f551408953@group-CBA65743FC0F-LeaderElection60 ELECTION round 0: submit vote requests at term 1 for -1: peers:[ab29e55d-edbb-4b88-be19-86f551408953|127.0.0.1:15335]|listeners:[], old=null
2024-04-29 09:21:21,438 [ab29e55d-edbb-4b88-be19-86f551408953@group-CBA65743FC0F-LeaderElection60] INFO  impl.LeaderElection (LeaderElection.java:askForVotes(323)) - ab29e55d-edbb-4b88-be19-86f551408953@group-CBA65743FC0F-LeaderElection60 ELECTION round 0: result PASSED (term=1)
2024-04-29 09:21:21,438 [ab29e55d-edbb-4b88-be19-86f551408953@group-CBA65743FC0F-LeaderElection60] INFO  impl.RoleInfo (RoleInfo.java:shutdownLeaderElection(130)) - ab29e55d-edbb-4b88-be19-86f551408953: shutdown ab29e55d-edbb-4b88-be19-86f551408953@group-CBA65743FC0F-LeaderElection60
2024-04-29 09:21:21,438 [ab29e55d-edbb-4b88-be19-86f551408953@group-CBA65743FC0F-LeaderElection60] INFO  server.RaftServer$Division (RaftServerImpl.java:setRole(383)) - ab29e55d-edbb-4b88-be19-86f551408953@group-CBA65743FC0F: changes role from CANDIDATE to LEADER at term 1 for changeToLeader
2024-04-29 09:21:21,438 [ab29e55d-edbb-4b88-be19-86f551408953@group-CBA65743FC0F-LeaderElection60] INFO  server.RaftServerConfigKeys (ConfUtils.java:logGet(46)) - raft.server.staging.catchup.gap = 1000 (default)
2024-04-29 09:21:21,438 [ab29e55d-edbb-4b88-be19-86f551408953@group-CBA65743FC0F-LeaderElection60] INFO  server.RaftServerConfigKeys (ConfUtils.java:logGet(46)) - raft.server.write.element-limit = 1024 (custom)
2024-04-29 09:21:21,438 [ab29e55d-edbb-4b88-be19-86f551408953@group-CBA65743FC0F-LeaderElection60] INFO  server.RaftServerConfigKeys (ConfUtils.java:logGet(46)) - raft.server.write.byte-limit = 1024 M (=1073741824) (custom)
2024-04-29 09:21:21,439 [ab29e55d-edbb-4b88-be19-86f551408953@group-CBA65743FC0F-LeaderElection60] INFO  server.RaftServerConfigKeys (ConfUtils.java:logGet(46)) - raft.server.watch.timeout = 3000ms (custom)
2024-04-29 09:21:21,439 [ab29e55d-edbb-4b88-be19-86f551408953@group-CBA65743FC0F-LeaderElection60] INFO  server.RaftServerConfigKeys (ConfUtils.java:logGet(46)) - raft.server.watch.timeout.denomination = 1s (default)
2024-04-29 09:21:21,439 [ab29e55d-edbb-4b88-be19-86f551408953@group-CBA65743FC0F-LeaderElection60] INFO  server.RaftServerConfigKeys (ConfUtils.java:logGet(46)) - raft.server.watch.element-limit = 65536 (default)
2024-04-29 09:21:21,439 [ab29e55d-edbb-4b88-be19-86f551408953@group-CBA65743FC0F-LeaderElection60] INFO  server.RaftServerConfigKeys (ConfUtils.java:logGet(46)) - raft.server.read.leader.lease.enabled = false (default)
2024-04-29 09:21:21,440 [ab29e55d-edbb-4b88-be19-86f551408953@group-CBA65743FC0F-LeaderElection60] INFO  server.RaftServerConfigKeys (ConfUtils.java:logGet(46)) - raft.server.read.leader.lease.timeout.ratio = 0.9 (default)
2024-04-29 09:21:21,440 [ab29e55d-edbb-4b88-be19-86f551408953@group-CBA65743FC0F-LeaderElection60] INFO  server.RaftServerConfigKeys (ConfUtils.java:logGet(46)) - raft.server.rpc.timeout.min = 5s (custom)
2024-04-29 09:21:21,440 [ab29e55d-edbb-4b88-be19-86f551408953@group-CBA65743FC0F-LeaderElection60] INFO  server.RaftServerConfigKeys (ConfUtils.java:logGet(46)) - raft.server.write.element-limit = 1024 (custom)
2024-04-29 09:21:21,440 [ab29e55d-edbb-4b88-be19-86f551408953@group-CBA65743FC0F-LeaderElection60] INFO  server.RaftServerConfigKeys (ConfUtils.java:logGet(46)) - raft.server.write.follower.gap.ratio.max = -1.0 (default)
2024-04-29 09:21:21,440 [ab29e55d-edbb-4b88-be19-86f551408953@group-86FDD4066E61-SegmentedRaftLogWorker] INFO  segmented.SegmentedRaftLogWorker (SegmentedRaftLogWorker.java:execute(634)) - ab29e55d-edbb-4b88-be19-86f551408953@group-86FDD4066E61-SegmentedRaftLogWorker: created new log segment /home/runner/work/ozone/ozone/hadoop-ozone/integration-test/target/test-dir/MiniOzoneClusterImpl-5c564e69-bd94-47d8-8ed3-49bff913e719/ozone-meta/datanode-7/ratis/0b1c4d5e-c6f1-4272-a85e-86fdd4066e61/current/log_inprogress_0
2024-04-29 09:21:21,440 [ab29e55d-edbb-4b88-be19-86f551408953@group-CBA65743FC0F-LeaderElection60] INFO  impl.RoleInfo (RoleInfo.java:updateAndGet(139)) - ab29e55d-edbb-4b88-be19-86f551408953: start ab29e55d-edbb-4b88-be19-86f551408953@group-CBA65743FC0F-LeaderStateImpl
2024-04-29 09:21:21,440 [ab29e55d-edbb-4b88-be19-86f551408953@group-CBA65743FC0F-LeaderElection60] INFO  server.RaftServer$Division (RaftServerImpl.java:setFirstElection(574)) - ab29e55d-edbb-4b88-be19-86f551408953@group-CBA65743FC0F: set firstElectionSinceStartup to false for becomeLeader
2024-04-29 09:21:21,440 [ab29e55d-edbb-4b88-be19-86f551408953@group-CBA65743FC0F-LeaderElection60] INFO  ratis.XceiverServerRatis (XceiverServerRatis.java:handleLeaderChangedNotification(966)) - Leader change notification received for group: group-CBA65743FC0F with new leaderId: ab29e55d-edbb-4b88-be19-86f551408953
2024-04-29 09:21:21,440 [9aa29c9a-34be-4d10-8746-61e8629e52a2@group-86FDD4066E61-StateMachineUpdater] INFO  server.RaftServer$Division (LeaderStateImpl.java:isApplied(320)) - leader is ready since appliedIndex == 0 >= startIndex == 0
2024-04-29 09:21:21,440 [ab29e55d-edbb-4b88-be19-86f551408953@group-CBA65743FC0F-LeaderElection60] INFO  server.RaftServer$Division (ServerState.java:setLeader(269)) - ab29e55d-edbb-4b88-be19-86f551408953@group-CBA65743FC0F: change Leader from null to ab29e55d-edbb-4b88-be19-86f551408953 at term 1 for becomeLeader, leader elected after 5152ms
2024-04-29 09:21:21,441 [ab29e55d-edbb-4b88-be19-86f551408953@group-CBA65743FC0F-LeaderElection60] INFO  segmented.SegmentedRaftLogWorker (SegmentedRaftLogWorker.java:startLogSegment(430)) - ab29e55d-edbb-4b88-be19-86f551408953@group-CBA65743FC0F-SegmentedRaftLogWorker: Starting segment from index:0
2024-04-29 09:21:21,441 [ab29e55d-edbb-4b88-be19-86f551408953@group-CBA65743FC0F-LeaderElection60] INFO  server.RaftServer$Division (ServerState.java:setRaftConf(386)) - ab29e55d-edbb-4b88-be19-86f551408953@group-CBA65743FC0F: set configuration 0: peers:[ab29e55d-edbb-4b88-be19-86f551408953|127.0.0.1:15335]|listeners:[], old=null
2024-04-29 09:21:21,441 [ab29e55d-edbb-4b88-be19-86f551408953@group-CBA65743FC0F-SegmentedRaftLogWorker] INFO  segmented.BufferedWriteChannel (BufferedWriteChannel.java:open(62)) - open log_inprogress_0 at position 0
2024-04-29 09:21:21,448 [ab29e55d-edbb-4b88-be19-86f551408953@group-CBA65743FC0F-SegmentedRaftLogWorker] INFO  segmented.SegmentedRaftLogWorker (SegmentedRaftLogWorker.java:execute(634)) - ab29e55d-edbb-4b88-be19-86f551408953@group-CBA65743FC0F-SegmentedRaftLogWorker: created new log segment /home/runner/work/ozone/ozone/hadoop-ozone/integration-test/target/test-dir/MiniOzoneClusterImpl-5c564e69-bd94-47d8-8ed3-49bff913e719/ozone-meta/datanode-7/ratis/0942fad4-e429-41ae-af31-cba65743fc0f/current/log_inprogress_0
2024-04-29 09:21:21,449 [ab29e55d-edbb-4b88-be19-86f551408953@group-CBA65743FC0F-StateMachineUpdater] INFO  server.RaftServer$Division (LeaderStateImpl.java:isApplied(320)) - leader is ready since appliedIndex == 0 >= startIndex == 0
2024-04-29 09:21:21,475 [2915b4d7-e658-4864-9310-64154da9bd5b@group-54732A09FC95-FollowerState] INFO  impl.FollowerState (FollowerState.java:run(143)) - 2915b4d7-e658-4864-9310-64154da9bd5b@group-54732A09FC95-FollowerState: change to CANDIDATE, lastRpcElapsedTime:5082585989ns, electionTimeout:5082ms
2024-04-29 09:21:21,475 [2915b4d7-e658-4864-9310-64154da9bd5b@group-54732A09FC95-FollowerState] INFO  impl.RoleInfo (RoleInfo.java:shutdownFollowerState(110)) - 2915b4d7-e658-4864-9310-64154da9bd5b: shutdown 2915b4d7-e658-4864-9310-64154da9bd5b@group-54732A09FC95-FollowerState
2024-04-29 09:21:21,475 [2915b4d7-e658-4864-9310-64154da9bd5b@group-54732A09FC95-FollowerState] INFO  server.RaftServer$Division (RaftServerImpl.java:setRole(383)) - 2915b4d7-e658-4864-9310-64154da9bd5b@group-54732A09FC95: changes role from  FOLLOWER to CANDIDATE at term 0 for changeToCandidate
2024-04-29 09:21:21,475 [2915b4d7-e658-4864-9310-64154da9bd5b@group-54732A09FC95-FollowerState] INFO  server.RaftServerConfigKeys (ConfUtils.java:logGet(46)) - raft.server.leaderelection.pre-vote = true (default)
2024-04-29 09:21:21,475 [2915b4d7-e658-4864-9310-64154da9bd5b@group-54732A09FC95-FollowerState] INFO  impl.RoleInfo (RoleInfo.java:updateAndGet(139)) - 2915b4d7-e658-4864-9310-64154da9bd5b: start 2915b4d7-e658-4864-9310-64154da9bd5b@group-54732A09FC95-LeaderElection61
2024-04-29 09:21:21,475 [2915b4d7-e658-4864-9310-64154da9bd5b@group-54732A09FC95-LeaderElection61] INFO  impl.LeaderElection (LeaderElection.java:askForVotes(321)) - 2915b4d7-e658-4864-9310-64154da9bd5b@group-54732A09FC95-LeaderElection61 PRE_VOTE round 0: submit vote requests at term 0 for -1: peers:[2915b4d7-e658-4864-9310-64154da9bd5b|127.0.0.1:15353]|listeners:[], old=null
2024-04-29 09:21:21,475 [2915b4d7-e658-4864-9310-64154da9bd5b@group-54732A09FC95-LeaderElection61] INFO  impl.LeaderElection (LeaderElection.java:askForVotes(323)) - 2915b4d7-e658-4864-9310-64154da9bd5b@group-54732A09FC95-LeaderElection61 PRE_VOTE round 0: result PASSED (term=0)
2024-04-29 09:21:21,477 [2915b4d7-e658-4864-9310-64154da9bd5b@group-54732A09FC95-LeaderElection61] INFO  impl.LeaderElection (LeaderElection.java:askForVotes(321)) - 2915b4d7-e658-4864-9310-64154da9bd5b@group-54732A09FC95-LeaderElection61 ELECTION round 0: submit vote requests at term 1 for -1: peers:[2915b4d7-e658-4864-9310-64154da9bd5b|127.0.0.1:15353]|listeners:[], old=null
2024-04-29 09:21:21,477 [2915b4d7-e658-4864-9310-64154da9bd5b@group-54732A09FC95-LeaderElection61] INFO  impl.LeaderElection (LeaderElection.java:askForVotes(323)) - 2915b4d7-e658-4864-9310-64154da9bd5b@group-54732A09FC95-LeaderElection61 ELECTION round 0: result PASSED (term=1)
2024-04-29 09:21:21,477 [2915b4d7-e658-4864-9310-64154da9bd5b@group-54732A09FC95-LeaderElection61] INFO  impl.RoleInfo (RoleInfo.java:shutdownLeaderElection(130)) - 2915b4d7-e658-4864-9310-64154da9bd5b: shutdown 2915b4d7-e658-4864-9310-64154da9bd5b@group-54732A09FC95-LeaderElection61
2024-04-29 09:21:21,477 [2915b4d7-e658-4864-9310-64154da9bd5b@group-54732A09FC95-LeaderElection61] INFO  server.RaftServer$Division (RaftServerImpl.java:setRole(383)) - 2915b4d7-e658-4864-9310-64154da9bd5b@group-54732A09FC95: changes role from CANDIDATE to LEADER at term 1 for changeToLeader
2024-04-29 09:21:21,477 [2915b4d7-e658-4864-9310-64154da9bd5b@group-54732A09FC95-LeaderElection61] INFO  server.RaftServerConfigKeys (ConfUtils.java:logGet(46)) - raft.server.staging.catchup.gap = 1000 (default)
2024-04-29 09:21:21,477 [2915b4d7-e658-4864-9310-64154da9bd5b@group-54732A09FC95-LeaderElection61] INFO  server.RaftServerConfigKeys (ConfUtils.java:logGet(46)) - raft.server.write.element-limit = 1024 (custom)
2024-04-29 09:21:21,477 [2915b4d7-e658-4864-9310-64154da9bd5b@group-54732A09FC95-LeaderElection61] INFO  server.RaftServerConfigKeys (ConfUtils.java:logGet(46)) - raft.server.write.byte-limit = 1024 M (=1073741824) (custom)
2024-04-29 09:21:21,477 [2915b4d7-e658-4864-9310-64154da9bd5b@group-54732A09FC95-LeaderElection61] INFO  server.RaftServerConfigKeys (ConfUtils.java:logGet(46)) - raft.server.watch.timeout = 3000ms (custom)
2024-04-29 09:21:21,477 [2915b4d7-e658-4864-9310-64154da9bd5b@group-54732A09FC95-LeaderElection61] INFO  server.RaftServerConfigKeys (ConfUtils.java:logGet(46)) - raft.server.watch.timeout.denomination = 1s (default)
2024-04-29 09:21:21,477 [2915b4d7-e658-4864-9310-64154da9bd5b@group-54732A09FC95-LeaderElection61] INFO  server.RaftServerConfigKeys (ConfUtils.java:logGet(46)) - raft.server.watch.element-limit = 65536 (default)
2024-04-29 09:21:21,477 [2915b4d7-e658-4864-9310-64154da9bd5b@group-54732A09FC95-LeaderElection61] INFO  server.RaftServerConfigKeys (ConfUtils.java:logGet(46)) - raft.server.read.leader.lease.enabled = false (default)
2024-04-29 09:21:21,477 [2915b4d7-e658-4864-9310-64154da9bd5b@group-54732A09FC95-LeaderElection61] INFO  server.RaftServerConfigKeys (ConfUtils.java:logGet(46)) - raft.server.read.leader.lease.timeout.ratio = 0.9 (default)
2024-04-29 09:21:21,477 [2915b4d7-e658-4864-9310-64154da9bd5b@group-54732A09FC95-LeaderElection61] INFO  server.RaftServerConfigKeys (ConfUtils.java:logGet(46)) - raft.server.rpc.timeout.min = 5s (custom)
2024-04-29 09:21:21,477 [2915b4d7-e658-4864-9310-64154da9bd5b@group-54732A09FC95-LeaderElection61] INFO  server.RaftServerConfigKeys (ConfUtils.java:logGet(46)) - raft.server.write.element-limit = 1024 (custom)
2024-04-29 09:21:21,477 [2915b4d7-e658-4864-9310-64154da9bd5b@group-54732A09FC95-LeaderElection61] INFO  server.RaftServerConfigKeys (ConfUtils.java:logGet(46)) - raft.server.write.follower.gap.ratio.max = -1.0 (default)
2024-04-29 09:21:21,478 [2915b4d7-e658-4864-9310-64154da9bd5b@group-54732A09FC95-LeaderElection61] INFO  impl.RoleInfo (RoleInfo.java:updateAndGet(139)) - 2915b4d7-e658-4864-9310-64154da9bd5b: start 2915b4d7-e658-4864-9310-64154da9bd5b@group-54732A09FC95-LeaderStateImpl
2024-04-29 09:21:21,478 [2915b4d7-e658-4864-9310-64154da9bd5b@group-54732A09FC95-LeaderElection61] INFO  server.RaftServer$Division (RaftServerImpl.java:setFirstElection(574)) - 2915b4d7-e658-4864-9310-64154da9bd5b@group-54732A09FC95: set firstElectionSinceStartup to false for becomeLeader
2024-04-29 09:21:21,478 [2915b4d7-e658-4864-9310-64154da9bd5b@group-54732A09FC95-LeaderElection61] INFO  ratis.XceiverServerRatis (XceiverServerRatis.java:handleLeaderChangedNotification(966)) - Leader change notification received for group: group-54732A09FC95 with new leaderId: 2915b4d7-e658-4864-9310-64154da9bd5b
2024-04-29 09:21:21,478 [2915b4d7-e658-4864-9310-64154da9bd5b@group-54732A09FC95-LeaderElection61] INFO  server.RaftServer$Division (ServerState.java:setLeader(269)) - 2915b4d7-e658-4864-9310-64154da9bd5b@group-54732A09FC95: change Leader from null to 2915b4d7-e658-4864-9310-64154da9bd5b at term 1 for becomeLeader, leader elected after 5095ms
2024-04-29 09:21:21,478 [2915b4d7-e658-4864-9310-64154da9bd5b@group-54732A09FC95-LeaderElection61] INFO  segmented.SegmentedRaftLogWorker (SegmentedRaftLogWorker.java:startLogSegment(430)) - 2915b4d7-e658-4864-9310-64154da9bd5b@group-54732A09FC95-SegmentedRaftLogWorker: Starting segment from index:0
2024-04-29 09:21:21,478 [2915b4d7-e658-4864-9310-64154da9bd5b@group-54732A09FC95-LeaderElection61] INFO  server.RaftServer$Division (ServerState.java:setRaftConf(386)) - 2915b4d7-e658-4864-9310-64154da9bd5b@group-54732A09FC95: set configuration 0: peers:[2915b4d7-e658-4864-9310-64154da9bd5b|127.0.0.1:15353]|listeners:[], old=null
2024-04-29 09:21:21,478 [2915b4d7-e658-4864-9310-64154da9bd5b@group-54732A09FC95-SegmentedRaftLogWorker] INFO  segmented.BufferedWriteChannel (BufferedWriteChannel.java:open(62)) - open log_inprogress_0 at position 0
2024-04-29 09:21:21,486 [2915b4d7-e658-4864-9310-64154da9bd5b@group-54732A09FC95-SegmentedRaftLogWorker] INFO  segmented.SegmentedRaftLogWorker (SegmentedRaftLogWorker.java:execute(634)) - 2915b4d7-e658-4864-9310-64154da9bd5b@group-54732A09FC95-SegmentedRaftLogWorker: created new log segment /home/runner/work/ozone/ozone/hadoop-ozone/integration-test/target/test-dir/MiniOzoneClusterImpl-5c564e69-bd94-47d8-8ed3-49bff913e719/ozone-meta/datanode-9/ratis/694c0fb2-e03a-462c-87fb-54732a09fc95/current/log_inprogress_0
2024-04-29 09:21:21,488 [2915b4d7-e658-4864-9310-64154da9bd5b@group-54732A09FC95-StateMachineUpdater] INFO  server.RaftServer$Division (LeaderStateImpl.java:isApplied(320)) - leader is ready since appliedIndex == 0 >= startIndex == 0
2024-04-29 09:21:21,518 [9aa29c9a-34be-4d10-8746-61e8629e52a2@group-5A9B4F6A45D4-FollowerState] INFO  impl.FollowerState (FollowerState.java:run(143)) - 9aa29c9a-34be-4d10-8746-61e8629e52a2@group-5A9B4F6A45D4-FollowerState: change to CANDIDATE, lastRpcElapsedTime:5170522340ns, electionTimeout:5170ms
2024-04-29 09:21:21,518 [9aa29c9a-34be-4d10-8746-61e8629e52a2@group-5A9B4F6A45D4-FollowerState] INFO  impl.RoleInfo (RoleInfo.java:shutdownFollowerState(110)) - 9aa29c9a-34be-4d10-8746-61e8629e52a2: shutdown 9aa29c9a-34be-4d10-8746-61e8629e52a2@group-5A9B4F6A45D4-FollowerState
2024-04-29 09:21:21,518 [9aa29c9a-34be-4d10-8746-61e8629e52a2@group-5A9B4F6A45D4-FollowerState] INFO  server.RaftServer$Division (RaftServerImpl.java:setRole(383)) - 9aa29c9a-34be-4d10-8746-61e8629e52a2@group-5A9B4F6A45D4: changes role from  FOLLOWER to CANDIDATE at term 0 for changeToCandidate
2024-04-29 09:21:21,518 [9aa29c9a-34be-4d10-8746-61e8629e52a2@group-5A9B4F6A45D4-FollowerState] INFO  server.RaftServerConfigKeys (ConfUtils.java:logGet(46)) - raft.server.leaderelection.pre-vote = true (default)
2024-04-29 09:21:21,518 [9aa29c9a-34be-4d10-8746-61e8629e52a2@group-5A9B4F6A45D4-FollowerState] INFO  impl.RoleInfo (RoleInfo.java:updateAndGet(139)) - 9aa29c9a-34be-4d10-8746-61e8629e52a2: start 9aa29c9a-34be-4d10-8746-61e8629e52a2@group-5A9B4F6A45D4-LeaderElection62
2024-04-29 09:21:21,518 [9aa29c9a-34be-4d10-8746-61e8629e52a2@group-5A9B4F6A45D4-LeaderElection62] INFO  impl.LeaderElection (LeaderElection.java:askForVotes(321)) - 9aa29c9a-34be-4d10-8746-61e8629e52a2@group-5A9B4F6A45D4-LeaderElection62 PRE_VOTE round 0: submit vote requests at term 0 for -1: peers:[9aa29c9a-34be-4d10-8746-61e8629e52a2|127.0.0.1:15344]|listeners:[], old=null
2024-04-29 09:21:21,519 [9aa29c9a-34be-4d10-8746-61e8629e52a2@group-5A9B4F6A45D4-LeaderElection62] INFO  impl.LeaderElection (LeaderElection.java:askForVotes(323)) - 9aa29c9a-34be-4d10-8746-61e8629e52a2@group-5A9B4F6A45D4-LeaderElection62 PRE_VOTE round 0: result PASSED (term=0)
2024-04-29 09:21:21,520 [9aa29c9a-34be-4d10-8746-61e8629e52a2@group-5A9B4F6A45D4-LeaderElection62] INFO  impl.LeaderElection (LeaderElection.java:askForVotes(321)) - 9aa29c9a-34be-4d10-8746-61e8629e52a2@group-5A9B4F6A45D4-LeaderElection62 ELECTION round 0: submit vote requests at term 1 for -1: peers:[9aa29c9a-34be-4d10-8746-61e8629e52a2|127.0.0.1:15344]|listeners:[], old=null
2024-04-29 09:21:21,520 [9aa29c9a-34be-4d10-8746-61e8629e52a2@group-5A9B4F6A45D4-LeaderElection62] INFO  impl.LeaderElection (LeaderElection.java:askForVotes(323)) - 9aa29c9a-34be-4d10-8746-61e8629e52a2@group-5A9B4F6A45D4-LeaderElection62 ELECTION round 0: result PASSED (term=1)
2024-04-29 09:21:21,520 [9aa29c9a-34be-4d10-8746-61e8629e52a2@group-5A9B4F6A45D4-LeaderElection62] INFO  impl.RoleInfo (RoleInfo.java:shutdownLeaderElection(130)) - 9aa29c9a-34be-4d10-8746-61e8629e52a2: shutdown 9aa29c9a-34be-4d10-8746-61e8629e52a2@group-5A9B4F6A45D4-LeaderElection62
2024-04-29 09:21:21,520 [9aa29c9a-34be-4d10-8746-61e8629e52a2@group-5A9B4F6A45D4-LeaderElection62] INFO  server.RaftServer$Division (RaftServerImpl.java:setRole(383)) - 9aa29c9a-34be-4d10-8746-61e8629e52a2@group-5A9B4F6A45D4: changes role from CANDIDATE to LEADER at term 1 for changeToLeader
2024-04-29 09:21:21,520 [9aa29c9a-34be-4d10-8746-61e8629e52a2@group-5A9B4F6A45D4-LeaderElection62] INFO  server.RaftServerConfigKeys (ConfUtils.java:logGet(46)) - raft.server.staging.catchup.gap = 1000 (default)
2024-04-29 09:21:21,520 [9aa29c9a-34be-4d10-8746-61e8629e52a2@group-5A9B4F6A45D4-LeaderElection62] INFO  server.RaftServerConfigKeys (ConfUtils.java:logGet(46)) - raft.server.write.element-limit = 1024 (custom)
2024-04-29 09:21:21,520 [9aa29c9a-34be-4d10-8746-61e8629e52a2@group-5A9B4F6A45D4-LeaderElection62] INFO  server.RaftServerConfigKeys (ConfUtils.java:logGet(46)) - raft.server.write.byte-limit = 1024 M (=1073741824) (custom)
2024-04-29 09:21:21,520 [9aa29c9a-34be-4d10-8746-61e8629e52a2@group-5A9B4F6A45D4-LeaderElection62] INFO  server.RaftServerConfigKeys (ConfUtils.java:logGet(46)) - raft.server.watch.timeout = 3000ms (custom)
2024-04-29 09:21:21,520 [9aa29c9a-34be-4d10-8746-61e8629e52a2@group-5A9B4F6A45D4-LeaderElection62] INFO  server.RaftServerConfigKeys (ConfUtils.java:logGet(46)) - raft.server.watch.timeout.denomination = 1s (default)
2024-04-29 09:21:21,520 [9aa29c9a-34be-4d10-8746-61e8629e52a2@group-5A9B4F6A45D4-LeaderElection62] INFO  server.RaftServerConfigKeys (ConfUtils.java:logGet(46)) - raft.server.watch.element-limit = 65536 (default)
2024-04-29 09:21:21,520 [9aa29c9a-34be-4d10-8746-61e8629e52a2@group-5A9B4F6A45D4-LeaderElection62] INFO  server.RaftServerConfigKeys (ConfUtils.java:logGet(46)) - raft.server.read.leader.lease.enabled = false (default)
2024-04-29 09:21:21,520 [9aa29c9a-34be-4d10-8746-61e8629e52a2@group-5A9B4F6A45D4-LeaderElection62] INFO  server.RaftServerConfigKeys (ConfUtils.java:logGet(46)) - raft.server.read.leader.lease.timeout.ratio = 0.9 (default)
2024-04-29 09:21:21,520 [9aa29c9a-34be-4d10-8746-61e8629e52a2@group-5A9B4F6A45D4-LeaderElection62] INFO  server.RaftServerConfigKeys (ConfUtils.java:logGet(46)) - raft.server.rpc.timeout.min = 5s (custom)
2024-04-29 09:21:21,521 [9aa29c9a-34be-4d10-8746-61e8629e52a2@group-5A9B4F6A45D4-LeaderElection62] INFO  server.RaftServerConfigKeys (ConfUtils.java:logGet(46)) - raft.server.write.element-limit = 1024 (custom)
2024-04-29 09:21:21,521 [9aa29c9a-34be-4d10-8746-61e8629e52a2@group-5A9B4F6A45D4-LeaderElection62] INFO  server.RaftServerConfigKeys (ConfUtils.java:logGet(46)) - raft.server.write.follower.gap.ratio.max = -1.0 (default)
2024-04-29 09:21:21,521 [9aa29c9a-34be-4d10-8746-61e8629e52a2@group-5A9B4F6A45D4-LeaderElection62] INFO  impl.RoleInfo (RoleInfo.java:updateAndGet(139)) - 9aa29c9a-34be-4d10-8746-61e8629e52a2: start 9aa29c9a-34be-4d10-8746-61e8629e52a2@group-5A9B4F6A45D4-LeaderStateImpl
2024-04-29 09:21:21,521 [9aa29c9a-34be-4d10-8746-61e8629e52a2@group-5A9B4F6A45D4-LeaderElection62] INFO  server.RaftServer$Division (RaftServerImpl.java:setFirstElection(574)) - 9aa29c9a-34be-4d10-8746-61e8629e52a2@group-5A9B4F6A45D4: set firstElectionSinceStartup to false for becomeLeader
2024-04-29 09:21:21,521 [9aa29c9a-34be-4d10-8746-61e8629e52a2@group-5A9B4F6A45D4-LeaderElection62] INFO  ratis.XceiverServerRatis (XceiverServerRatis.java:handleLeaderChangedNotification(966)) - Leader change notification received for group: group-5A9B4F6A45D4 with new leaderId: 9aa29c9a-34be-4d10-8746-61e8629e52a2
2024-04-29 09:21:21,521 [9aa29c9a-34be-4d10-8746-61e8629e52a2@group-5A9B4F6A45D4-LeaderElection62] INFO  server.RaftServer$Division (ServerState.java:setLeader(269)) - 9aa29c9a-34be-4d10-8746-61e8629e52a2@group-5A9B4F6A45D4: change Leader from null to 9aa29c9a-34be-4d10-8746-61e8629e52a2 at term 1 for becomeLeader, leader elected after 5185ms
2024-04-29 09:21:21,521 [9aa29c9a-34be-4d10-8746-61e8629e52a2@group-5A9B4F6A45D4-LeaderElection62] INFO  segmented.SegmentedRaftLogWorker (SegmentedRaftLogWorker.java:startLogSegment(430)) - 9aa29c9a-34be-4d10-8746-61e8629e52a2@group-5A9B4F6A45D4-SegmentedRaftLogWorker: Starting segment from index:0
2024-04-29 09:21:21,521 [9aa29c9a-34be-4d10-8746-61e8629e52a2@group-5A9B4F6A45D4-LeaderElection62] INFO  server.RaftServer$Division (ServerState.java:setRaftConf(386)) - 9aa29c9a-34be-4d10-8746-61e8629e52a2@group-5A9B4F6A45D4: set configuration 0: peers:[9aa29c9a-34be-4d10-8746-61e8629e52a2|127.0.0.1:15344]|listeners:[], old=null
2024-04-29 09:21:21,521 [9aa29c9a-34be-4d10-8746-61e8629e52a2@group-5A9B4F6A45D4-SegmentedRaftLogWorker] INFO  segmented.BufferedWriteChannel (BufferedWriteChannel.java:open(62)) - open log_inprogress_0 at position 0
2024-04-29 09:21:21,529 [9aa29c9a-34be-4d10-8746-61e8629e52a2@group-5A9B4F6A45D4-SegmentedRaftLogWorker] INFO  segmented.SegmentedRaftLogWorker (SegmentedRaftLogWorker.java:execute(634)) - 9aa29c9a-34be-4d10-8746-61e8629e52a2@group-5A9B4F6A45D4-SegmentedRaftLogWorker: created new log segment /home/runner/work/ozone/ozone/hadoop-ozone/integration-test/target/test-dir/MiniOzoneClusterImpl-5c564e69-bd94-47d8-8ed3-49bff913e719/ozone-meta/datanode-8/ratis/29251c77-070d-4cc2-b3f9-5a9b4f6a45d4/current/log_inprogress_0
2024-04-29 09:21:21,531 [9aa29c9a-34be-4d10-8746-61e8629e52a2@group-5A9B4F6A45D4-StateMachineUpdater] INFO  server.RaftServer$Division (LeaderStateImpl.java:isApplied(320)) - leader is ready since appliedIndex == 0 >= startIndex == 0
2024-04-29 09:21:28,833 [timer7] ERROR impl.OrderedAsync (OrderedAsync.java:lambda$sendRequest$9(247)) - client-770FA574BEB3: Failed* RaftClientRequest:client-770FA574BEB3->9aa29c9a-34be-4d10-8746-61e8629e52a2@group-86FDD4066E61, cid=63, seq=1*, Watch(0), null
java.util.concurrent.CompletionException: org.apache.ratis.protocol.exceptions.AlreadyClosedException: client-770FA574BEB3->9aa29c9a-34be-4d10-8746-61e8629e52a2 is closed.
	at java.base/java.util.concurrent.CompletableFuture.encodeThrowable(CompletableFuture.java:332)
	at java.base/java.util.concurrent.CompletableFuture.uniApplyNow(CompletableFuture.java:674)
	at java.base/java.util.concurrent.CompletableFuture.uniApplyStage(CompletableFuture.java:662)
	at java.base/java.util.concurrent.CompletableFuture.thenApply(CompletableFuture.java:2168)
	at org.apache.ratis.client.impl.OrderedAsync.sendRequest(OrderedAsync.java:239)
	at org.apache.ratis.client.impl.OrderedAsync.sendRequestWithRetry(OrderedAsync.java:203)
	at org.apache.ratis.util.SlidingWindow$Client.sendOrDelayRequest(SlidingWindow.java:312)
	at org.apache.ratis.util.SlidingWindow$Client.retry(SlidingWindow.java:328)
	at org.apache.ratis.client.impl.OrderedAsync.lambda$scheduleWithTimeout$6(OrderedAsync.java:227)
	at org.apache.ratis.util.TimeoutTimer.lambda$onTimeout$2(TimeoutTimer.java:101)
	at org.apache.ratis.util.LogUtils.runAndLog(LogUtils.java:38)
	at org.apache.ratis.util.LogUtils$1.run(LogUtils.java:78)
	at org.apache.ratis.util.TimeoutTimer$Task.run(TimeoutTimer.java:55)
	at java.base/java.util.TimerThread.mainLoop(Timer.java:566)
	at java.base/java.util.TimerThread.run(Timer.java:516)
Caused by: org.apache.ratis.protocol.exceptions.AlreadyClosedException: client-770FA574BEB3->9aa29c9a-34be-4d10-8746-61e8629e52a2 is closed.
	at org.apache.ratis.grpc.client.GrpcClientProtocolClient$AsyncStreamObservers.onNext(GrpcClientProtocolClient.java:349)
	at org.apache.ratis.grpc.client.GrpcClientRpc.sendRequestAsync(GrpcClientRpc.java:71)
	... 11 more
2024-04-29 09:21:35,200 [grpc-default-executor-4] ERROR impl.OrderedAsync (OrderedAsync.java:lambda$sendRequest$9(247)) - client-770FA574BEB3: Failed* RaftClientRequest:client-770FA574BEB3->2915b4d7-e658-4864-9310-64154da9bd5b@group-86FDD4066E61, cid=63, seq=1*, Watch(0), null
java.util.concurrent.CompletionException: org.apache.ratis.protocol.exceptions.NotLeaderException: Server 2915b4d7-e658-4864-9310-64154da9bd5b@group-86FDD4066E61 is not the leader 9aa29c9a-34be-4d10-8746-61e8629e52a2|127.0.0.1:15344
	at java.base/java.util.concurrent.CompletableFuture.encodeThrowable(CompletableFuture.java:332)
	at java.base/java.util.concurrent.CompletableFuture.completeThrowable(CompletableFuture.java:347)
	at java.base/java.util.concurrent.CompletableFuture$UniApply.tryFire(CompletableFuture.java:636)
	at java.base/java.util.concurrent.CompletableFuture.postComplete(CompletableFuture.java:510)
	at java.base/java.util.concurrent.CompletableFuture.completeExceptionally(CompletableFuture.java:2162)
	at org.apache.ratis.grpc.client.GrpcClientProtocolClient$AsyncStreamObservers.completeReplyExceptionally(GrpcClientProtocolClient.java:394)
	at org.apache.ratis.grpc.client.GrpcClientProtocolClient$AsyncStreamObservers.access$000(GrpcClientProtocolClient.java:300)
	at org.apache.ratis.grpc.client.GrpcClientProtocolClient$AsyncStreamObservers$1.onNext(GrpcClientProtocolClient.java:314)
	at org.apache.ratis.grpc.client.GrpcClientProtocolClient$AsyncStreamObservers$1.onNext(GrpcClientProtocolClient.java:305)
	at org.apache.ratis.thirdparty.io.grpc.stub.ClientCalls$StreamObserverToCallListenerAdapter.onMessage(ClientCalls.java:468)
	at org.apache.ratis.thirdparty.io.grpc.ForwardingClientCallListener.onMessage(ForwardingClientCallListener.java:33)
	at org.apache.ratis.thirdparty.io.grpc.internal.DelayedClientCall$DelayedListener.onMessage(DelayedClientCall.java:473)
	at org.apache.ratis.thirdparty.io.grpc.internal.ClientCallImpl$ClientStreamListenerImpl$1MessagesAvailable.runInternal(ClientCallImpl.java:660)
	at org.apache.ratis.thirdparty.io.grpc.internal.ClientCallImpl$ClientStreamListenerImpl$1MessagesAvailable.runInContext(ClientCallImpl.java:647)
	at org.apache.ratis.thirdparty.io.grpc.internal.ContextRunnable.run(ContextRunnable.java:37)
	at org.apache.ratis.thirdparty.io.grpc.internal.SerializingExecutor.run(SerializingExecutor.java:133)
	at java.base/java.util.concurrent.ThreadPoolExecutor.runWorker(ThreadPoolExecutor.java:1136)
	at java.base/java.util.concurrent.ThreadPoolExecutor$Worker.run(ThreadPoolExecutor.java:635)
	at java.base/java.lang.Thread.run(Thread.java:840)
Caused by: org.apache.ratis.protocol.exceptions.NotLeaderException: Server 2915b4d7-e658-4864-9310-64154da9bd5b@group-86FDD4066E61 is not the leader 9aa29c9a-34be-4d10-8746-61e8629e52a2|127.0.0.1:15344
	at org.apache.ratis.client.impl.ClientProtoUtils.toRaftClientReply(ClientProtoUtils.java:397)
	at org.apache.ratis.grpc.client.GrpcClientProtocolClient$AsyncStreamObservers$1.onNext(GrpcClientProtocolClient.java:310)
	... 11 more
2024-04-29 09:21:35,201 [grpc-default-executor-4] ERROR impl.OrderedAsync (OrderedAsync.java:lambda$send$4(179)) - Failed to send request, message=null
java.util.concurrent.CompletionException: org.apache.ratis.protocol.exceptions.RaftRetryFailureException: Failed RaftClientRequest:client-770FA574BEB3->2915b4d7-e658-4864-9310-64154da9bd5b@group-86FDD4066E61, cid=63, seq=1*, Watch(0), null for 3 attempts with RequestTypeDependentRetryPolicy{WRITE->ExceptionDependentRetry(maxAttempts=2147483647; defaultPolicy=MultipleLinearRandomRetry[5x5s, 5x10s, 5x15s, 5x20s, 5x25s, 10x60s]; map={org.apache.ratis.protocol.exceptions.GroupMismatchException->NoRetry, org.apache.ratis.protocol.exceptions.NotReplicatedException->NoRetry, org.apache.ratis.protocol.exceptions.ResourceUnavailableException->org.apache.ratis.retry.ExponentialBackoffRetry@506b8ab, org.apache.ratis.protocol.exceptions.StateMachineException->NoRetry, org.apache.ratis.protocol.exceptions.TimeoutIOException->org.apache.ratis.retry.ExponentialBackoffRetry@506b8ab}), WATCH->ExceptionDependentRetry(maxAttempts=2147483647; defaultPolicy=MultipleLinearRandomRetry[5x5s, 5x10s, 5x15s, 5x20s, 5x25s, 10x60s]; map={org.apache.ratis.protocol.exceptions.GroupMismatchException->NoRetry, org.apache.ratis.protocol.exceptions.NotReplicatedException->NoRetry, org.apache.ratis.protocol.exceptions.ResourceUnavailableException->org.apache.ratis.retry.ExponentialBackoffRetry@506b8ab, org.apache.ratis.protocol.exceptions.StateMachineException->NoRetry, org.apache.ratis.protocol.exceptions.TimeoutIOException->NoRetry})}
	at java.base/java.util.concurrent.CompletableFuture.encodeThrowable(CompletableFuture.java:332)
	at java.base/java.util.concurrent.CompletableFuture.completeThrowable(CompletableFuture.java:347)
	at java.base/java.util.concurrent.CompletableFuture$UniApply.tryFire(CompletableFuture.java:636)
	at java.base/java.util.concurrent.CompletableFuture.postComplete(CompletableFuture.java:510)
	at java.base/java.util.concurrent.CompletableFuture.completeExceptionally(CompletableFuture.java:2162)
	at org.apache.ratis.client.impl.OrderedAsync$PendingOrderedRequest.fail(OrderedAsync.java:105)
	at org.apache.ratis.util.SlidingWindow$Client.fail(SlidingWindow.java:392)
	at org.apache.ratis.client.impl.OrderedAsync.failAllAsyncRequests(OrderedAsync.java:149)
	at org.apache.ratis.client.impl.OrderedAsync.handleAsyncRetryFailure(OrderedAsync.java:153)
	at org.apache.ratis.client.impl.OrderedAsync.lambda$sendRequest$9(OrderedAsync.java:253)
	at java.base/java.util.concurrent.CompletableFuture.uniExceptionally(CompletableFuture.java:990)
	at java.base/java.util.concurrent.CompletableFuture$UniExceptionally.tryFire(CompletableFuture.java:974)
	at java.base/java.util.concurrent.CompletableFuture.postComplete(CompletableFuture.java:510)
	at java.base/java.util.concurrent.CompletableFuture.completeExceptionally(CompletableFuture.java:2162)
	at org.apache.ratis.grpc.client.GrpcClientProtocolClient$AsyncStreamObservers.completeReplyExceptionally(GrpcClientProtocolClient.java:394)
	at org.apache.ratis.grpc.client.GrpcClientProtocolClient$AsyncStreamObservers.access$000(GrpcClientProtocolClient.java:300)
	at org.apache.ratis.grpc.client.GrpcClientProtocolClient$AsyncStreamObservers$1.onNext(GrpcClientProtocolClient.java:314)
	at org.apache.ratis.grpc.client.GrpcClientProtocolClient$AsyncStreamObservers$1.onNext(GrpcClientProtocolClient.java:305)
	at org.apache.ratis.thirdparty.io.grpc.stub.ClientCalls$StreamObserverToCallListenerAdapter.onMessage(ClientCalls.java:468)
	at org.apache.ratis.thirdparty.io.grpc.ForwardingClientCallListener.onMessage(ForwardingClientCallListener.java:33)
	at org.apache.ratis.thirdparty.io.grpc.internal.DelayedClientCall$DelayedListener.onMessage(DelayedClientCall.java:473)
	at org.apache.ratis.thirdparty.io.grpc.internal.ClientCallImpl$ClientStreamListenerImpl$1MessagesAvailable.runInternal(ClientCallImpl.java:660)
	at org.apache.ratis.thirdparty.io.grpc.internal.ClientCallImpl$ClientStreamListenerImpl$1MessagesAvailable.runInContext(ClientCallImpl.java:647)
	at org.apache.ratis.thirdparty.io.grpc.internal.ContextRunnable.run(ContextRunnable.java:37)
	at org.apache.ratis.thirdparty.io.grpc.internal.SerializingExecutor.run(SerializingExecutor.java:133)
	at java.base/java.util.concurrent.ThreadPoolExecutor.runWorker(ThreadPoolExecutor.java:1136)
	at java.base/java.util.concurrent.ThreadPoolExecutor$Worker.run(ThreadPoolExecutor.java:635)
	at java.base/java.lang.Thread.run(Thread.java:840)
Caused by: org.apache.ratis.protocol.exceptions.RaftRetryFailureException: Failed RaftClientRequest:client-770FA574BEB3->2915b4d7-e658-4864-9310-64154da9bd5b@group-86FDD4066E61, cid=63, seq=1*, Watch(0), null for 3 attempts with RequestTypeDependentRetryPolicy{WRITE->ExceptionDependentRetry(maxAttempts=2147483647; defaultPolicy=MultipleLinearRandomRetry[5x5s, 5x10s, 5x15s, 5x20s, 5x25s, 10x60s]; map={org.apache.ratis.protocol.exceptions.GroupMismatchException->NoRetry, org.apache.ratis.protocol.exceptions.NotReplicatedException->NoRetry, org.apache.ratis.protocol.exceptions.ResourceUnavailableException->org.apache.ratis.retry.ExponentialBackoffRetry@506b8ab, org.apache.ratis.protocol.exceptions.StateMachineException->NoRetry, org.apache.ratis.protocol.exceptions.TimeoutIOException->org.apache.ratis.retry.ExponentialBackoffRetry@506b8ab}), WATCH->ExceptionDependentRetry(maxAttempts=2147483647; defaultPolicy=MultipleLinearRandomRetry[5x5s, 5x10s, 5x15s, 5x20s, 5x25s, 10x60s]; map={org.apache.ratis.protocol.exceptions.GroupMismatchException->NoRetry, org.apache.ratis.protocol.exceptions.NotReplicatedException->NoRetry, org.apache.ratis.protocol.exceptions.ResourceUnavailableException->org.apache.ratis.retry.ExponentialBackoffRetry@506b8ab, org.apache.ratis.protocol.exceptions.StateMachineException->NoRetry, org.apache.ratis.protocol.exceptions.TimeoutIOException->NoRetry})}
	at org.apache.ratis.client.impl.RaftClientImpl.noMoreRetries(RaftClientImpl.java:353)
	... 20 more
Caused by: org.apache.ratis.protocol.exceptions.NotLeaderException: Server 2915b4d7-e658-4864-9310-64154da9bd5b@group-86FDD4066E61 is not the leader 9aa29c9a-34be-4d10-8746-61e8629e52a2|127.0.0.1:15344
	at org.apache.ratis.client.impl.ClientProtoUtils.toRaftClientReply(ClientProtoUtils.java:397)
	at org.apache.ratis.grpc.client.GrpcClientProtocolClient$AsyncStreamObservers$1.onNext(GrpcClientProtocolClient.java:310)
	... 11 more
2024-04-29 09:21:35,201 [grpc-default-executor-4] ERROR impl.OrderedAsync (OrderedAsync.java:lambda$send$4(177)) - Failed to send request, message=cmdType: CreateContainer
traceID: ""
containerID: 1
datanodeUuid: "2915b4d7-e658-4864-9310-64154da9bd5b"
createContainer {
}
, data.size=0 due to java.util.concurrent.CompletionException: org.apache.ratis.protocol.exceptions.AlreadyClosedException: SlidingWindow$Client:client-770FA574BEB3->RAFT is closed.
2024-04-29 09:21:35,204 [main] INFO  ozone.MiniOzoneClusterImpl (MiniOzoneClusterImpl.java:shutdown(396)) - Shutting down the Mini Ozone Cluster
2024-04-29 09:21:35,204 [main] INFO  db.CodecTestUtil (CodecTestUtil.java:gc(50)) - gc 0
2024-04-29 09:21:35,385 [main] INFO  ozone.MiniOzoneClusterImpl (MiniOzoneClusterImpl.java:stop(412)) - Stopping the Mini Ozone Cluster
2024-04-29 09:21:35,385 [main] INFO  om.OzoneManager (OzoneManager.java:stop(2232)) - om1[localhost:15271]: Stopping Ozone Manager
2024-04-29 09:21:35,385 [main] INFO  ipc.Server (Server.java:stop(3523)) - Stopping server on 15271
2024-04-29 09:21:35,386 [IPC Server Responder] INFO  ipc.Server (Server.java:run(1567)) - Stopping IPC Server Responder
2024-04-29 09:21:35,386 [IPC Server listener on 15271] INFO  ipc.Server (Server.java:run(1434)) - Stopping IPC Server listener on 15271
2024-04-29 09:21:35,386 [main] INFO  ratis.OzoneManagerRatisServer (OzoneManagerRatisServer.java:stop(594)) - Stopping org.apache.hadoop.ozone.om.ratis.OzoneManagerRatisServer@4c8a893e at port 15274
2024-04-29 09:21:35,386 [main] INFO  server.RaftServer (RaftServerProxy.java:lambda$close$9(416)) - om1: close
2024-04-29 09:21:35,386 [main] INFO  server.GrpcService (GrpcService.java:closeImpl(311)) - om1: shutdown server GrpcServerProtocolService now
2024-04-29 09:21:35,386 [om1-impl-thread1] INFO  server.RaftServer$Division (RaftServerImpl.java:lambda$close$3(526)) - om1@group-C5BA1605619E: shutdown
2024-04-29 09:21:35,386 [om1-impl-thread1] INFO  util.JmxRegister (JmxRegister.java:unregister(73)) - Successfully un-registered JMX Bean with object name Ratis:service=RaftServer,group=group-C5BA1605619E,id=om1
2024-04-29 09:21:35,386 [om1-impl-thread1] INFO  impl.RoleInfo (RoleInfo.java:shutdownLeaderState(94)) - om1: shutdown om1@group-C5BA1605619E-LeaderStateImpl
2024-04-29 09:21:35,386 [om1-impl-thread1] INFO  impl.PendingRequests (PendingRequests.java:sendNotLeaderResponses(289)) - om1@group-C5BA1605619E-PendingRequests: sendNotLeaderResponses
2024-04-29 09:21:35,387 [om1-impl-thread1] INFO  impl.StateMachineUpdater (StateMachineUpdater.java:stopAndJoin(157)) - om1@group-C5BA1605619E-StateMachineUpdater: set stopIndex = 4
2024-04-29 09:21:35,387 [om1@group-C5BA1605619E-StateMachineUpdater] INFO  ratis.OzoneManagerStateMachine (OzoneManagerStateMachine.java:takeSnapshotImpl(481)) -  applied = (t:1, i:3)
2024-04-29 09:21:35,387 [om1@group-C5BA1605619E-StateMachineUpdater] INFO  ratis.OzoneManagerStateMachine (OzoneManagerStateMachine.java:takeSnapshotImpl(482)) -  skipped = 3
2024-04-29 09:21:35,387 [om1@group-C5BA1605619E-StateMachineUpdater] INFO  ratis.OzoneManagerStateMachine (OzoneManagerStateMachine.java:takeSnapshotImpl(483)) - notified = (t:1, i:4)
2024-04-29 09:21:35,387 [om1@group-C5BA1605619E-StateMachineUpdater] INFO  ratis.OzoneManagerStateMachine (OzoneManagerStateMachine.java:takeSnapshotImpl(484)) - snapshot = (t:1, i:4)
2024-04-29 09:21:35,388 [main] INFO  server.GrpcService (GrpcService.java:closeImpl(320)) - om1: shutdown server GrpcServerProtocolService successfully
2024-04-29 09:21:35,398 [om1@group-C5BA1605619E-StateMachineUpdater] INFO  impl.StateMachineUpdater (StateMachineUpdater.java:takeSnapshot(295)) - om1@group-C5BA1605619E-StateMachineUpdater: Took a snapshot at index 4
2024-04-29 09:21:35,398 [om1@group-C5BA1605619E-StateMachineUpdater] INFO  impl.StateMachineUpdater (StateMachineUpdater.java:lambda$new$0(98)) - om1@group-C5BA1605619E-StateMachineUpdater: snapshotIndex: updateIncreasingly -1 -> 4
2024-04-29 09:21:35,398 [om1@group-C5BA1605619E-StateMachineUpdater] INFO  ratis.OzoneManagerStateMachine (OzoneManagerStateMachine.java:close(527)) - Stopping OzoneManagerStateMachine:om1:group-C5BA1605619E.
2024-04-29 09:21:35,398 [om1@group-C5BA1605619E-StateMachineUpdater] INFO  ratis.OzoneManagerDoubleBuffer (OzoneManagerDoubleBuffer.java:stopDaemon(517)) - Stopping OMDoubleBuffer flush thread
2024-04-29 09:21:35,398 [om1-OMDoubleBufferFlushThread] INFO  ratis.OzoneManagerDoubleBuffer (OzoneManagerDoubleBuffer.java:canFlush(581)) - OMDoubleBuffer flush thread om1-OMDoubleBufferFlushThread is interrupted and will exit.
2024-04-29 09:21:35,398 [om1-impl-thread1] INFO  server.RaftServer$Division (ServerState.java:close(427)) - om1@group-C5BA1605619E: applyIndex: 3
2024-04-29 09:21:35,398 [om1@group-C5BA1605619E-cacheEviction-AwaitToRun] INFO  util.AwaitToRun (AwaitToRun.java:run(49)) - om1@group-C5BA1605619E-cacheEviction-AwaitToRun-AwaitForSignal is interrupted
2024-04-29 09:21:35,400 [om1-impl-thread1] INFO  segmented.SegmentedRaftLogWorker (SegmentedRaftLogWorker.java:close(245)) - om1@group-C5BA1605619E-SegmentedRaftLogWorker close()
2024-04-29 09:21:35,400 [JvmPauseMonitor34] INFO  util.JvmPauseMonitor (JvmPauseMonitor.java:run(152)) - JvmPauseMonitor-om1: Stopped
2024-04-29 09:21:35,400 [main] INFO  utils.BackgroundService (BackgroundService.java:shutdown(160)) - Shutting down service KeyDeletingService
2024-04-29 09:21:35,401 [main] INFO  utils.BackgroundService (BackgroundService.java:shutdown(160)) - Shutting down service DirectoryDeletingService
2024-04-29 09:21:35,401 [main] INFO  utils.BackgroundService (BackgroundService.java:shutdown(160)) - Shutting down service OpenKeyCleanupService
2024-04-29 09:21:35,401 [main] INFO  utils.BackgroundService (BackgroundService.java:shutdown(160)) - Shutting down service SstFilteringService
2024-04-29 09:21:35,401 [main] INFO  utils.BackgroundService (BackgroundService.java:shutdown(160)) - Shutting down service SnapshotDeletingService
2024-04-29 09:21:35,401 [main] INFO  utils.BackgroundService (BackgroundService.java:shutdown(160)) - Shutting down service MultipartUploadCleanupService
2024-04-29 09:21:35,401 [main] INFO  utils.BackgroundService (BackgroundService.java:shutdown(160)) - Shutting down service SnapshotDirectoryCleaningService
2024-04-29 09:21:35,402 [main] INFO  handler.ContextHandler (ContextHandler.java:doStop(1159)) - Stopped o.e.j.w.WebAppContext@652c7ba2{ozoneManager,/,null,STOPPED}{file:/home/runner/work/ozone/ozone/hadoop-ozone/integration-test/target/test-classes/webapps/ozoneManager}
2024-04-29 09:21:35,402 [main] INFO  server.AbstractConnector (AbstractConnector.java:doStop(383)) - Stopped ServerConnector@62065a8c{HTTP/1.1, (http/1.1)}{0.0.0.0:15272}
2024-04-29 09:21:35,403 [main] INFO  server.session (HouseKeeper.java:stopScavenging(149)) - node0 Stopped scavenging
2024-04-29 09:21:35,403 [main] INFO  handler.ContextHandler (ContextHandler.java:doStop(1159)) - Stopped o.e.j.s.ServletContextHandler@169ddbb6{static,/static,file:///home/runner/work/ozone/ozone/hadoop-ozone/integration-test/target/test-classes/webapps/static,STOPPED}
2024-04-29 09:21:35,403 [main] INFO  handler.ContextHandler (ContextHandler.java:doStop(1159)) - Stopped o.e.j.s.ServletContextHandler@58554818{logs,/logs,file:///home/runner/work/ozone/ozone/hadoop-ozone/integration-test/target/log,STOPPED}
2024-04-29 09:21:35,403 [main] INFO  rocksdiff.RocksDBCheckpointDiffer (RocksDBCheckpointDiffer.java:close(310)) - Shutting down CompactionDagPruningService.
2024-04-29 09:21:35,405 [main] INFO  snapshot.SnapshotDiffManager (SnapshotDiffManager.java:closeExecutorService(1657)) - Shutting down executorService: 'SnapDiffExecutor'
2024-04-29 09:21:35,405 [main] INFO  utils.BackgroundService (BackgroundService.java:shutdown(160)) - Shutting down service SnapshotDiffCleanupService
2024-04-29 09:21:35,406 [main] INFO  ozone.MiniOzoneClusterImpl (MiniOzoneClusterImpl.java:stopDatanodes(471)) - Stopping the HddsDatanodes
2024-04-29 09:21:35,407 [ForkJoinPool.commonPool-worker-2] INFO  ozoneimpl.OzoneContainer (OzoneContainer.java:stop(481)) - Attempting to stop container services.
2024-04-29 09:21:35,407 [ContainerMetadataScanner] WARN  ozoneimpl.AbstractBackgroundContainerScanner (AbstractBackgroundContainerScanner.java:handleRemainingSleep(134)) - Background container scan was interrupted.
2024-04-29 09:21:35,407 [ContainerMetadataScanner] INFO  ozoneimpl.AbstractBackgroundContainerScanner (AbstractBackgroundContainerScanner.java:run(61)) - Thread[ContainerMetadataScanner,5,main] exiting.
2024-04-29 09:21:35,407 [ForkJoinPool.commonPool-worker-2] INFO  ozoneimpl.BackgroundContainerDataScanner (BackgroundContainerDataScanner.java:shutdown(141)) - ContainerDataScanner(/home/runner/work/ozone/ozone/hadoop-ozone/integration-test/target/test-dir/MiniOzoneClusterImpl-5c564e69-bd94-47d8-8ed3-49bff913e719/ozone-meta/datanode-2/data-0/hdds) is shutting down. 
2024-04-29 09:21:35,408 [ContainerDataScanner(/home/runner/work/ozone/ozone/hadoop-ozone/integration-test/target/test-dir/MiniOzoneClusterImpl-5c564e69-bd94-47d8-8ed3-49bff913e719/ozone-meta/datanode-2/data-0/hdds)] WARN  ozoneimpl.AbstractBackgroundContainerScanner (AbstractBackgroundContainerScanner.java:handleRemainingSleep(134)) - Background container scan was interrupted.
2024-04-29 09:21:35,408 [ContainerDataScanner(/home/runner/work/ozone/ozone/hadoop-ozone/integration-test/target/test-dir/MiniOzoneClusterImpl-5c564e69-bd94-47d8-8ed3-49bff913e719/ozone-meta/datanode-2/data-0/hdds)] INFO  ozoneimpl.AbstractBackgroundContainerScanner (AbstractBackgroundContainerScanner.java:run(61)) - ContainerDataScanner(/home/runner/work/ozone/ozone/hadoop-ozone/integration-test/target/test-dir/MiniOzoneClusterImpl-5c564e69-bd94-47d8-8ed3-49bff913e719/ozone-meta/datanode-2/data-0/hdds, DS-2b15646b-aa5c-411e-aab6-3e92eedfff6a) exiting.
2024-04-29 09:21:35,408 [ForkJoinPool.commonPool-worker-2] INFO  ozoneimpl.OnDemandContainerDataScanner (OnDemandContainerDataScanner.java:shutdownScanner(206)) - On-demand container scanner is shutting down.
2024-04-29 09:21:35,408 [ForkJoinPool.commonPool-worker-2] INFO  server.RaftServer (RaftServerProxy.java:lambda$close$9(416)) - 4dbb8968-e71c-4514-a0ad-0b4a968227bb: close
2024-04-29 09:21:35,408 [4dbb8968-e71c-4514-a0ad-0b4a968227bb-impl-thread1] INFO  server.RaftServer$Division (RaftServerImpl.java:lambda$close$3(526)) - 4dbb8968-e71c-4514-a0ad-0b4a968227bb@group-242C87B7064D: shutdown
2024-04-29 09:21:35,408 [4dbb8968-e71c-4514-a0ad-0b4a968227bb-impl-thread1] INFO  util.JmxRegister (JmxRegister.java:unregister(73)) - Successfully un-registered JMX Bean with object name Ratis:service=RaftServer,group=group-242C87B7064D,id=4dbb8968-e71c-4514-a0ad-0b4a968227bb
2024-04-29 09:21:35,408 [4dbb8968-e71c-4514-a0ad-0b4a968227bb-impl-thread1] INFO  impl.RoleInfo (RoleInfo.java:shutdownFollowerState(110)) - 4dbb8968-e71c-4514-a0ad-0b4a968227bb: shutdown 4dbb8968-e71c-4514-a0ad-0b4a968227bb@group-242C87B7064D-FollowerState
2024-04-29 09:21:35,409 [4dbb8968-e71c-4514-a0ad-0b4a968227bb-impl-thread1] INFO  impl.StateMachineUpdater (StateMachineUpdater.java:stopAndJoin(157)) - 4dbb8968-e71c-4514-a0ad-0b4a968227bb@group-242C87B7064D-StateMachineUpdater: set stopIndex = 0
2024-04-29 09:21:35,409 [4dbb8968-e71c-4514-a0ad-0b4a968227bb@group-242C87B7064D-StateMachineUpdater] INFO  ratis.ContainerStateMachine (ContainerStateMachine.java:takeSnapshot(355)) - group-242C87B7064D: Taking a snapshot at:(t:1, i:0) file /home/runner/work/ozone/ozone/hadoop-ozone/integration-test/target/test-dir/MiniOzoneClusterImpl-5c564e69-bd94-47d8-8ed3-49bff913e719/ozone-meta/datanode-2/ratis/2decd3f6-b8d5-4c93-adee-242c87b7064d/sm/snapshot.1_0
2024-04-29 09:21:35,409 [4dbb8968-e71c-4514-a0ad-0b4a968227bb@group-242C87B7064D-FollowerState] INFO  impl.FollowerState (FollowerState.java:run(152)) - 4dbb8968-e71c-4514-a0ad-0b4a968227bb@group-242C87B7064D-FollowerState was interrupted
2024-04-29 09:21:35,409 [ForkJoinPool.commonPool-worker-1] INFO  ozoneimpl.OzoneContainer (OzoneContainer.java:stop(481)) - Attempting to stop container services.
2024-04-29 09:21:35,409 [ContainerMetadataScanner] WARN  ozoneimpl.AbstractBackgroundContainerScanner (AbstractBackgroundContainerScanner.java:handleRemainingSleep(134)) - Background container scan was interrupted.
2024-04-29 09:21:35,409 [ContainerMetadataScanner] INFO  ozoneimpl.AbstractBackgroundContainerScanner (AbstractBackgroundContainerScanner.java:run(61)) - Thread[ContainerMetadataScanner,5,main] exiting.
2024-04-29 09:21:35,409 [ForkJoinPool.commonPool-worker-3] INFO  ozoneimpl.OzoneContainer (OzoneContainer.java:stop(481)) - Attempting to stop container services.
2024-04-29 09:21:35,409 [4dbb8968-e71c-4514-a0ad-0b4a968227bb@group-242C87B7064D-StateMachineUpdater] INFO  ratis.ContainerStateMachine (ContainerStateMachine.java:takeSnapshot(366)) - group-242C87B7064D: Finished taking a snapshot at:(t:1, i:0) file:/home/runner/work/ozone/ozone/hadoop-ozone/integration-test/target/test-dir/MiniOzoneClusterImpl-5c564e69-bd94-47d8-8ed3-49bff913e719/ozone-meta/datanode-2/ratis/2decd3f6-b8d5-4c93-adee-242c87b7064d/sm/snapshot.1_0 took: 0 ms
2024-04-29 09:21:35,409 [ContainerMetadataScanner] WARN  ozoneimpl.AbstractBackgroundContainerScanner (AbstractBackgroundContainerScanner.java:handleRemainingSleep(134)) - Background container scan was interrupted.
2024-04-29 09:21:35,409 [ContainerMetadataScanner] INFO  ozoneimpl.AbstractBackgroundContainerScanner (AbstractBackgroundContainerScanner.java:run(61)) - Thread[ContainerMetadataScanner,5,main] exiting.
2024-04-29 09:21:35,410 [4dbb8968-e71c-4514-a0ad-0b4a968227bb@group-242C87B7064D-StateMachineUpdater] INFO  impl.StateMachineUpdater (StateMachineUpdater.java:takeSnapshot(295)) - 4dbb8968-e71c-4514-a0ad-0b4a968227bb@group-242C87B7064D-StateMachineUpdater: Took a snapshot at index 0
2024-04-29 09:21:35,410 [4dbb8968-e71c-4514-a0ad-0b4a968227bb@group-242C87B7064D-StateMachineUpdater] INFO  impl.StateMachineUpdater (StateMachineUpdater.java:lambda$new$0(98)) - 4dbb8968-e71c-4514-a0ad-0b4a968227bb@group-242C87B7064D-StateMachineUpdater: snapshotIndex: updateIncreasingly -1 -> 0
2024-04-29 09:21:35,410 [4dbb8968-e71c-4514-a0ad-0b4a968227bb-impl-thread2] INFO  server.RaftServer$Division (RaftServerImpl.java:lambda$close$3(526)) - 4dbb8968-e71c-4514-a0ad-0b4a968227bb@group-5E69257F00FC: shutdown
2024-04-29 09:21:35,410 [4dbb8968-e71c-4514-a0ad-0b4a968227bb-impl-thread2] INFO  util.JmxRegister (JmxRegister.java:unregister(73)) - Successfully un-registered JMX Bean with object name Ratis:service=RaftServer,group=group-5E69257F00FC,id=4dbb8968-e71c-4514-a0ad-0b4a968227bb
2024-04-29 09:21:35,410 [4dbb8968-e71c-4514-a0ad-0b4a968227bb-impl-thread2] INFO  impl.RoleInfo (RoleInfo.java:shutdownLeaderState(94)) - 4dbb8968-e71c-4514-a0ad-0b4a968227bb: shutdown 4dbb8968-e71c-4514-a0ad-0b4a968227bb@group-5E69257F00FC-LeaderStateImpl
2024-04-29 09:21:35,410 [4dbb8968-e71c-4514-a0ad-0b4a968227bb-impl-thread2] INFO  impl.PendingRequests (PendingRequests.java:sendNotLeaderResponses(289)) - 4dbb8968-e71c-4514-a0ad-0b4a968227bb@group-5E69257F00FC-PendingRequests: sendNotLeaderResponses
2024-04-29 09:21:35,409 [ForkJoinPool.commonPool-worker-1] INFO  ozoneimpl.BackgroundContainerDataScanner (BackgroundContainerDataScanner.java:shutdown(141)) - ContainerDataScanner(/home/runner/work/ozone/ozone/hadoop-ozone/integration-test/target/test-dir/MiniOzoneClusterImpl-5c564e69-bd94-47d8-8ed3-49bff913e719/ozone-meta/datanode-4/data-0/hdds) is shutting down. 
2024-04-29 09:21:35,410 [ForkJoinPool.commonPool-worker-2] INFO  server.GrpcService (GrpcService.java:closeImpl(311)) - 4dbb8968-e71c-4514-a0ad-0b4a968227bb: shutdown server org.apache.ratis.grpc.server.GrpcClientProtocolService now
2024-04-29 09:21:35,410 [ForkJoinPool.commonPool-worker-3] INFO  ozoneimpl.BackgroundContainerDataScanner (BackgroundContainerDataScanner.java:shutdown(141)) - ContainerDataScanner(/home/runner/work/ozone/ozone/hadoop-ozone/integration-test/target/test-dir/MiniOzoneClusterImpl-5c564e69-bd94-47d8-8ed3-49bff913e719/ozone-meta/datanode-3/data-0/hdds) is shutting down. 
2024-04-29 09:21:35,409 [main] INFO  ozoneimpl.OzoneContainer (OzoneContainer.java:stop(481)) - Attempting to stop container services.
2024-04-29 09:21:35,410 [ContainerMetadataScanner] WARN  ozoneimpl.AbstractBackgroundContainerScanner (AbstractBackgroundContainerScanner.java:handleRemainingSleep(134)) - Background container scan was interrupted.
2024-04-29 09:21:35,411 [ContainerMetadataScanner] INFO  ozoneimpl.AbstractBackgroundContainerScanner (AbstractBackgroundContainerScanner.java:run(61)) - Thread[ContainerMetadataScanner,5,main] exiting.
2024-04-29 09:21:35,410 [ContainerDataScanner(/home/runner/work/ozone/ozone/hadoop-ozone/integration-test/target/test-dir/MiniOzoneClusterImpl-5c564e69-bd94-47d8-8ed3-49bff913e719/ozone-meta/datanode-3/data-0/hdds)] WARN  ozoneimpl.AbstractBackgroundContainerScanner (AbstractBackgroundContainerScanner.java:handleRemainingSleep(134)) - Background container scan was interrupted.
2024-04-29 09:21:35,410 [4dbb8968-e71c-4514-a0ad-0b4a968227bb@group-5E69257F00FC-StateMachineUpdater] INFO  ratis.ContainerStateMachine (ContainerStateMachine.java:takeSnapshot(355)) - group-5E69257F00FC: Taking a snapshot at:(t:1, i:0) file /home/runner/work/ozone/ozone/hadoop-ozone/integration-test/target/test-dir/MiniOzoneClusterImpl-5c564e69-bd94-47d8-8ed3-49bff913e719/ozone-meta/datanode-2/ratis/51f54bab-4a6b-43e5-a314-5e69257f00fc/sm/snapshot.1_0
2024-04-29 09:21:35,410 [4dbb8968-e71c-4514-a0ad-0b4a968227bb-impl-thread2] INFO  impl.StateMachineUpdater (StateMachineUpdater.java:stopAndJoin(157)) - 4dbb8968-e71c-4514-a0ad-0b4a968227bb@group-5E69257F00FC-StateMachineUpdater: set stopIndex = 0
2024-04-29 09:21:35,410 [ContainerDataScanner(/home/runner/work/ozone/ozone/hadoop-ozone/integration-test/target/test-dir/MiniOzoneClusterImpl-5c564e69-bd94-47d8-8ed3-49bff913e719/ozone-meta/datanode-4/data-0/hdds)] WARN  ozoneimpl.AbstractBackgroundContainerScanner (AbstractBackgroundContainerScanner.java:handleRemainingSleep(134)) - Background container scan was interrupted.
2024-04-29 09:21:35,411 [ContainerDataScanner(/home/runner/work/ozone/ozone/hadoop-ozone/integration-test/target/test-dir/MiniOzoneClusterImpl-5c564e69-bd94-47d8-8ed3-49bff913e719/ozone-meta/datanode-4/data-0/hdds)] INFO  ozoneimpl.AbstractBackgroundContainerScanner (AbstractBackgroundContainerScanner.java:run(61)) - ContainerDataScanner(/home/runner/work/ozone/ozone/hadoop-ozone/integration-test/target/test-dir/MiniOzoneClusterImpl-5c564e69-bd94-47d8-8ed3-49bff913e719/ozone-meta/datanode-4/data-0/hdds, DS-05e0b499-9364-4b16-81a9-80fdc4bed8a4) exiting.
2024-04-29 09:21:35,411 [4dbb8968-e71c-4514-a0ad-0b4a968227bb-impl-thread1] INFO  server.RaftServer$Division (ServerState.java:close(427)) - 4dbb8968-e71c-4514-a0ad-0b4a968227bb@group-242C87B7064D: applyIndex: 0
2024-04-29 09:21:35,411 [ContainerDataScanner(/home/runner/work/ozone/ozone/hadoop-ozone/integration-test/target/test-dir/MiniOzoneClusterImpl-5c564e69-bd94-47d8-8ed3-49bff913e719/ozone-meta/datanode-3/data-0/hdds)] INFO  ozoneimpl.AbstractBackgroundContainerScanner (AbstractBackgroundContainerScanner.java:run(61)) - ContainerDataScanner(/home/runner/work/ozone/ozone/hadoop-ozone/integration-test/target/test-dir/MiniOzoneClusterImpl-5c564e69-bd94-47d8-8ed3-49bff913e719/ozone-meta/datanode-3/data-0/hdds, DS-e8f0a85a-2001-4f0a-b61a-765999bb83b0) exiting.
2024-04-29 09:21:35,411 [main] INFO  ozoneimpl.BackgroundContainerDataScanner (BackgroundContainerDataScanner.java:shutdown(141)) - ContainerDataScanner(/home/runner/work/ozone/ozone/hadoop-ozone/integration-test/target/test-dir/MiniOzoneClusterImpl-5c564e69-bd94-47d8-8ed3-49bff913e719/ozone-meta/datanode-6/data-0/hdds) is shutting down. 
2024-04-29 09:21:35,411 [4dbb8968-e71c-4514-a0ad-0b4a968227bb@group-5E69257F00FC-StateMachineUpdater] INFO  ratis.ContainerStateMachine (ContainerStateMachine.java:takeSnapshot(366)) - group-5E69257F00FC: Finished taking a snapshot at:(t:1, i:0) file:/home/runner/work/ozone/ozone/hadoop-ozone/integration-test/target/test-dir/MiniOzoneClusterImpl-5c564e69-bd94-47d8-8ed3-49bff913e719/ozone-meta/datanode-2/ratis/51f54bab-4a6b-43e5-a314-5e69257f00fc/sm/snapshot.1_0 took: 1 ms
2024-04-29 09:21:35,412 [4dbb8968-e71c-4514-a0ad-0b4a968227bb@group-5E69257F00FC-StateMachineUpdater] INFO  impl.StateMachineUpdater (StateMachineUpdater.java:takeSnapshot(295)) - 4dbb8968-e71c-4514-a0ad-0b4a968227bb@group-5E69257F00FC-StateMachineUpdater: Took a snapshot at index 0
2024-04-29 09:21:35,412 [ForkJoinPool.commonPool-worker-2] INFO  server.GrpcService (GrpcService.java:closeImpl(320)) - 4dbb8968-e71c-4514-a0ad-0b4a968227bb: shutdown server org.apache.ratis.grpc.server.GrpcClientProtocolService successfully
2024-04-29 09:21:35,412 [ForkJoinPool.commonPool-worker-2] INFO  server.GrpcService (GrpcService.java:closeImpl(311)) - 4dbb8968-e71c-4514-a0ad-0b4a968227bb: shutdown server GrpcServerProtocolService now
2024-04-29 09:21:35,411 [ForkJoinPool.commonPool-worker-3] INFO  server.RaftServer (RaftServerProxy.java:lambda$close$9(416)) - 49450a51-652a-4dd9-a6c4-30eab7eea83e: close
2024-04-29 09:21:35,411 [ForkJoinPool.commonPool-worker-1] INFO  server.RaftServer (RaftServerProxy.java:lambda$close$9(416)) - 30e50e12-6d1d-42d4-8c2e-250820f84ec0: close
2024-04-29 09:21:35,411 [4dbb8968-e71c-4514-a0ad-0b4a968227bb@group-242C87B7064D-cacheEviction-AwaitToRun] INFO  util.AwaitToRun (AwaitToRun.java:run(49)) - 4dbb8968-e71c-4514-a0ad-0b4a968227bb@group-242C87B7064D-cacheEviction-AwaitToRun-AwaitForSignal is interrupted
2024-04-29 09:21:35,412 [ForkJoinPool.commonPool-worker-3] INFO  server.GrpcService (GrpcService.java:closeImpl(311)) - 49450a51-652a-4dd9-a6c4-30eab7eea83e: shutdown server org.apache.ratis.grpc.server.GrpcClientProtocolService now
2024-04-29 09:21:35,412 [49450a51-652a-4dd9-a6c4-30eab7eea83e-impl-thread1] INFO  server.RaftServer$Division (RaftServerImpl.java:lambda$close$3(526)) - 49450a51-652a-4dd9-a6c4-30eab7eea83e@group-242C87B7064D: shutdown
2024-04-29 09:21:35,412 [49450a51-652a-4dd9-a6c4-30eab7eea83e-impl-thread1] INFO  util.JmxRegister (JmxRegister.java:unregister(73)) - Successfully un-registered JMX Bean with object name Ratis:service=RaftServer,group=group-242C87B7064D,id=49450a51-652a-4dd9-a6c4-30eab7eea83e
2024-04-29 09:21:35,412 [49450a51-652a-4dd9-a6c4-30eab7eea83e-impl-thread1] INFO  impl.RoleInfo (RoleInfo.java:shutdownFollowerState(110)) - 49450a51-652a-4dd9-a6c4-30eab7eea83e: shutdown 49450a51-652a-4dd9-a6c4-30eab7eea83e@group-242C87B7064D-FollowerState
2024-04-29 09:21:35,413 [49450a51-652a-4dd9-a6c4-30eab7eea83e-impl-thread1] INFO  impl.StateMachineUpdater (StateMachineUpdater.java:stopAndJoin(157)) - 49450a51-652a-4dd9-a6c4-30eab7eea83e@group-242C87B7064D-StateMachineUpdater: set stopIndex = 0
2024-04-29 09:21:35,412 [30e50e12-6d1d-42d4-8c2e-250820f84ec0-impl-thread1] INFO  server.RaftServer$Division (RaftServerImpl.java:lambda$close$3(526)) - 30e50e12-6d1d-42d4-8c2e-250820f84ec0@group-136ED567526F: shutdown
2024-04-29 09:21:35,413 [30e50e12-6d1d-42d4-8c2e-250820f84ec0-impl-thread1] INFO  util.JmxRegister (JmxRegister.java:unregister(73)) - Successfully un-registered JMX Bean with object name Ratis:service=RaftServer,group=group-136ED567526F,id=30e50e12-6d1d-42d4-8c2e-250820f84ec0
2024-04-29 09:21:35,413 [30e50e12-6d1d-42d4-8c2e-250820f84ec0-impl-thread1] INFO  impl.RoleInfo (RoleInfo.java:shutdownLeaderState(94)) - 30e50e12-6d1d-42d4-8c2e-250820f84ec0: shutdown 30e50e12-6d1d-42d4-8c2e-250820f84ec0@group-136ED567526F-LeaderStateImpl
2024-04-29 09:21:35,413 [30e50e12-6d1d-42d4-8c2e-250820f84ec0-impl-thread1] INFO  impl.PendingRequests (PendingRequests.java:sendNotLeaderResponses(289)) - 30e50e12-6d1d-42d4-8c2e-250820f84ec0@group-136ED567526F-PendingRequests: sendNotLeaderResponses
2024-04-29 09:21:35,413 [ContainerDataScanner(/home/runner/work/ozone/ozone/hadoop-ozone/integration-test/target/test-dir/MiniOzoneClusterImpl-5c564e69-bd94-47d8-8ed3-49bff913e719/ozone-meta/datanode-6/data-0/hdds)] WARN  ozoneimpl.AbstractBackgroundContainerScanner (AbstractBackgroundContainerScanner.java:handleRemainingSleep(134)) - Background container scan was interrupted.
2024-04-29 09:21:35,413 [ContainerDataScanner(/home/runner/work/ozone/ozone/hadoop-ozone/integration-test/target/test-dir/MiniOzoneClusterImpl-5c564e69-bd94-47d8-8ed3-49bff913e719/ozone-meta/datanode-6/data-0/hdds)] INFO  ozoneimpl.AbstractBackgroundContainerScanner (AbstractBackgroundContainerScanner.java:run(61)) - ContainerDataScanner(/home/runner/work/ozone/ozone/hadoop-ozone/integration-test/target/test-dir/MiniOzoneClusterImpl-5c564e69-bd94-47d8-8ed3-49bff913e719/ozone-meta/datanode-6/data-0/hdds, DS-6065f5fa-c4cd-43cc-b88a-ba4314ce24f5) exiting.
2024-04-29 09:21:35,413 [main] INFO  server.RaftServer (RaftServerProxy.java:lambda$close$9(416)) - 05727db8-df0e-4fba-be48-9a4d471deba7: close
2024-04-29 09:21:35,413 [49450a51-652a-4dd9-a6c4-30eab7eea83e@group-242C87B7064D-StateMachineUpdater] INFO  ratis.ContainerStateMachine (ContainerStateMachine.java:takeSnapshot(355)) - group-242C87B7064D: Taking a snapshot at:(t:1, i:0) file /home/runner/work/ozone/ozone/hadoop-ozone/integration-test/target/test-dir/MiniOzoneClusterImpl-5c564e69-bd94-47d8-8ed3-49bff913e719/ozone-meta/datanode-3/ratis/2decd3f6-b8d5-4c93-adee-242c87b7064d/sm/snapshot.1_0
2024-04-29 09:21:35,413 [05727db8-df0e-4fba-be48-9a4d471deba7-impl-thread1] INFO  server.RaftServer$Division (RaftServerImpl.java:lambda$close$3(526)) - 05727db8-df0e-4fba-be48-9a4d471deba7@group-356C79822AC7: shutdown
2024-04-29 09:21:35,413 [05727db8-df0e-4fba-be48-9a4d471deba7-impl-thread1] INFO  util.JmxRegister (JmxRegister.java:unregister(73)) - Successfully un-registered JMX Bean with object name Ratis:service=RaftServer,group=group-356C79822AC7,id=05727db8-df0e-4fba-be48-9a4d471deba7
2024-04-29 09:21:35,413 [05727db8-df0e-4fba-be48-9a4d471deba7-impl-thread1] INFO  impl.RoleInfo (RoleInfo.java:shutdownLeaderState(94)) - 05727db8-df0e-4fba-be48-9a4d471deba7: shutdown 05727db8-df0e-4fba-be48-9a4d471deba7@group-356C79822AC7-LeaderStateImpl
2024-04-29 09:21:35,413 [05727db8-df0e-4fba-be48-9a4d471deba7-impl-thread1] INFO  impl.PendingRequests (PendingRequests.java:sendNotLeaderResponses(289)) - 05727db8-df0e-4fba-be48-9a4d471deba7@group-356C79822AC7-PendingRequests: sendNotLeaderResponses
2024-04-29 09:21:35,413 [grpc-default-executor-1] WARN  server.GrpcServerProtocolService (LogUtils.java:warn(121)) - 4dbb8968-e71c-4514-a0ad-0b4a968227bb: APPEND_ENTRIES onError, lastRequest: null: org.apache.ratis.thirdparty.io.grpc.StatusRuntimeException: CANCELLED: client cancelled
2024-04-29 09:21:35,414 [30e50e12-6d1d-42d4-8c2e-250820f84ec0@group-136ED567526F-StateMachineUpdater] INFO  ratis.ContainerStateMachine (ContainerStateMachine.java:takeSnapshot(355)) - group-136ED567526F: Taking a snapshot at:(t:1, i:0) file /home/runner/work/ozone/ozone/hadoop-ozone/integration-test/target/test-dir/MiniOzoneClusterImpl-5c564e69-bd94-47d8-8ed3-49bff913e719/ozone-meta/datanode-4/ratis/7b41eeae-149a-424b-8858-136ed567526f/sm/snapshot.1_0
2024-04-29 09:21:35,414 [05727db8-df0e-4fba-be48-9a4d471deba7-impl-thread1] INFO  impl.StateMachineUpdater (StateMachineUpdater.java:stopAndJoin(157)) - 05727db8-df0e-4fba-be48-9a4d471deba7@group-356C79822AC7-StateMachineUpdater: set stopIndex = 0
2024-04-29 09:21:35,412 [4dbb8968-e71c-4514-a0ad-0b4a968227bb@group-5E69257F00FC-StateMachineUpdater] INFO  impl.StateMachineUpdater (StateMachineUpdater.java:lambda$new$0(98)) - 4dbb8968-e71c-4514-a0ad-0b4a968227bb@group-5E69257F00FC-StateMachineUpdater: snapshotIndex: updateIncreasingly -1 -> 0
2024-04-29 09:21:35,414 [05727db8-df0e-4fba-be48-9a4d471deba7@group-356C79822AC7-StateMachineUpdater] INFO  ratis.ContainerStateMachine (ContainerStateMachine.java:takeSnapshot(355)) - group-356C79822AC7: Taking a snapshot at:(t:1, i:0) file /home/runner/work/ozone/ozone/hadoop-ozone/integration-test/target/test-dir/MiniOzoneClusterImpl-5c564e69-bd94-47d8-8ed3-49bff913e719/ozone-meta/datanode-6/ratis/b06f296b-b70b-4f2c-9f7b-356c79822ac7/sm/snapshot.1_0
2024-04-29 09:21:35,414 [49450a51-652a-4dd9-a6c4-30eab7eea83e@group-242C87B7064D-StateMachineUpdater] INFO  ratis.ContainerStateMachine (ContainerStateMachine.java:takeSnapshot(366)) - group-242C87B7064D: Finished taking a snapshot at:(t:1, i:0) file:/home/runner/work/ozone/ozone/hadoop-ozone/integration-test/target/test-dir/MiniOzoneClusterImpl-5c564e69-bd94-47d8-8ed3-49bff913e719/ozone-meta/datanode-3/ratis/2decd3f6-b8d5-4c93-adee-242c87b7064d/sm/snapshot.1_0 took: 1 ms
2024-04-29 09:21:35,413 [49450a51-652a-4dd9-a6c4-30eab7eea83e@group-242C87B7064D-FollowerState] INFO  impl.FollowerState (FollowerState.java:run(152)) - 49450a51-652a-4dd9-a6c4-30eab7eea83e@group-242C87B7064D-FollowerState was interrupted
2024-04-29 09:21:35,414 [30e50e12-6d1d-42d4-8c2e-250820f84ec0@group-136ED567526F-StateMachineUpdater] INFO  ratis.ContainerStateMachine (ContainerStateMachine.java:takeSnapshot(366)) - group-136ED567526F: Finished taking a snapshot at:(t:1, i:0) file:/home/runner/work/ozone/ozone/hadoop-ozone/integration-test/target/test-dir/MiniOzoneClusterImpl-5c564e69-bd94-47d8-8ed3-49bff913e719/ozone-meta/datanode-4/ratis/7b41eeae-149a-424b-8858-136ed567526f/sm/snapshot.1_0 took: 0 ms
2024-04-29 09:21:35,413 [30e50e12-6d1d-42d4-8c2e-250820f84ec0-impl-thread1] INFO  impl.StateMachineUpdater (StateMachineUpdater.java:stopAndJoin(157)) - 30e50e12-6d1d-42d4-8c2e-250820f84ec0@group-136ED567526F-StateMachineUpdater: set stopIndex = 0
2024-04-29 09:21:35,414 [30e50e12-6d1d-42d4-8c2e-250820f84ec0@group-136ED567526F-StateMachineUpdater] INFO  impl.StateMachineUpdater (StateMachineUpdater.java:takeSnapshot(295)) - 30e50e12-6d1d-42d4-8c2e-250820f84ec0@group-136ED567526F-StateMachineUpdater: Took a snapshot at index 0
2024-04-29 09:21:35,414 [30e50e12-6d1d-42d4-8c2e-250820f84ec0@group-136ED567526F-StateMachineUpdater] INFO  impl.StateMachineUpdater (StateMachineUpdater.java:lambda$new$0(98)) - 30e50e12-6d1d-42d4-8c2e-250820f84ec0@group-136ED567526F-StateMachineUpdater: snapshotIndex: updateIncreasingly -1 -> 0
2024-04-29 09:21:35,412 [49450a51-652a-4dd9-a6c4-30eab7eea83e-impl-thread2] INFO  server.RaftServer$Division (RaftServerImpl.java:lambda$close$3(526)) - 49450a51-652a-4dd9-a6c4-30eab7eea83e@group-300E94C7AAA6: shutdown
2024-04-29 09:21:35,414 [49450a51-652a-4dd9-a6c4-30eab7eea83e-impl-thread2] INFO  util.JmxRegister (JmxRegister.java:unregister(73)) - Successfully un-registered JMX Bean with object name Ratis:service=RaftServer,group=group-300E94C7AAA6,id=49450a51-652a-4dd9-a6c4-30eab7eea83e
2024-04-29 09:21:35,414 [49450a51-652a-4dd9-a6c4-30eab7eea83e-impl-thread2] INFO  impl.RoleInfo (RoleInfo.java:shutdownLeaderState(94)) - 49450a51-652a-4dd9-a6c4-30eab7eea83e: shutdown 49450a51-652a-4dd9-a6c4-30eab7eea83e@group-300E94C7AAA6-LeaderStateImpl
2024-04-29 09:21:35,414 [30e50e12-6d1d-42d4-8c2e-250820f84ec0-impl-thread1] INFO  server.RaftServer$Division (ServerState.java:close(427)) - 30e50e12-6d1d-42d4-8c2e-250820f84ec0@group-136ED567526F: applyIndex: 0
2024-04-29 09:21:35,414 [05727db8-df0e-4fba-be48-9a4d471deba7@group-356C79822AC7-StateMachineUpdater] INFO  ratis.ContainerStateMachine (ContainerStateMachine.java:takeSnapshot(366)) - group-356C79822AC7: Finished taking a snapshot at:(t:1, i:0) file:/home/runner/work/ozone/ozone/hadoop-ozone/integration-test/target/test-dir/MiniOzoneClusterImpl-5c564e69-bd94-47d8-8ed3-49bff913e719/ozone-meta/datanode-6/ratis/b06f296b-b70b-4f2c-9f7b-356c79822ac7/sm/snapshot.1_0 took: 0 ms
2024-04-29 09:21:35,414 [4dbb8968-e71c-4514-a0ad-0b4a968227bb-impl-thread2] INFO  server.RaftServer$Division (ServerState.java:close(427)) - 4dbb8968-e71c-4514-a0ad-0b4a968227bb@group-5E69257F00FC: applyIndex: 0
2024-04-29 09:21:35,414 [49450a51-652a-4dd9-a6c4-30eab7eea83e@group-242C87B7064D-StateMachineUpdater] INFO  impl.StateMachineUpdater (StateMachineUpdater.java:takeSnapshot(295)) - 49450a51-652a-4dd9-a6c4-30eab7eea83e@group-242C87B7064D-StateMachineUpdater: Took a snapshot at index 0
2024-04-29 09:21:35,415 [4dbb8968-e71c-4514-a0ad-0b4a968227bb@group-5E69257F00FC-cacheEviction-AwaitToRun] INFO  util.AwaitToRun (AwaitToRun.java:run(49)) - 4dbb8968-e71c-4514-a0ad-0b4a968227bb@group-5E69257F00FC-cacheEviction-AwaitToRun-AwaitForSignal is interrupted
2024-04-29 09:21:35,415 [05727db8-df0e-4fba-be48-9a4d471deba7@group-356C79822AC7-StateMachineUpdater] INFO  impl.StateMachineUpdater (StateMachineUpdater.java:takeSnapshot(295)) - 05727db8-df0e-4fba-be48-9a4d471deba7@group-356C79822AC7-StateMachineUpdater: Took a snapshot at index 0
2024-04-29 09:21:35,415 [05727db8-df0e-4fba-be48-9a4d471deba7@group-356C79822AC7-StateMachineUpdater] INFO  impl.StateMachineUpdater (StateMachineUpdater.java:lambda$new$0(98)) - 05727db8-df0e-4fba-be48-9a4d471deba7@group-356C79822AC7-StateMachineUpdater: snapshotIndex: updateIncreasingly -1 -> 0
2024-04-29 09:21:35,415 [30e50e12-6d1d-42d4-8c2e-250820f84ec0@group-136ED567526F-cacheEviction-AwaitToRun] INFO  util.AwaitToRun (AwaitToRun.java:run(49)) - 30e50e12-6d1d-42d4-8c2e-250820f84ec0@group-136ED567526F-cacheEviction-AwaitToRun-AwaitForSignal is interrupted
2024-04-29 09:21:35,415 [grpc-default-executor-1] WARN  server.GrpcLogAppender (LogUtils.java:warn(121)) - 63ba3f95-8215-4442-8865-ad228f39fdb5@group-242C87B7064D->4dbb8968-e71c-4514-a0ad-0b4a968227bb-AppendLogResponseHandler: Failed appendEntries: org.apache.ratis.thirdparty.io.grpc.StatusRuntimeException: CANCELLED: RST_STREAM closed stream. HTTP/2 error code: CANCEL
2024-04-29 09:21:35,415 [ForkJoinPool.commonPool-worker-2] INFO  server.GrpcService (GrpcService.java:closeImpl(320)) - 4dbb8968-e71c-4514-a0ad-0b4a968227bb: shutdown server GrpcServerProtocolService successfully
2024-04-29 09:21:35,415 [ForkJoinPool.commonPool-worker-2] INFO  server.GrpcService (GrpcService.java:closeImpl(311)) - 4dbb8968-e71c-4514-a0ad-0b4a968227bb: shutdown server org.apache.ratis.grpc.server.GrpcAdminProtocolService now
2024-04-29 09:21:35,415 [grpc-default-executor-3] WARN  server.GrpcServerProtocolService (LogUtils.java:warn(121)) - 4dbb8968-e71c-4514-a0ad-0b4a968227bb: APPEND_ENTRIES onError, lastRequest: 63ba3f95-8215-4442-8865-ad228f39fdb5->4dbb8968-e71c-4514-a0ad-0b4a968227bb#1-t1,previous=(t:0, i:0),leaderCommit=-1,initializing? false,entries: size=1, first=(t:1, i:0), CONFIGURATIONENTRY(current:id: "49450a51-652a-4dd9-a6c4-30eab7eea83e"
address: "127.0.0.1:15299"
dataStreamAddress: "127.0.0.1:15300"
clientAddress: "127.0.0.1:15297"
adminAddress: "127.0.0.1:15298"
startupRole: FOLLOWER
,id: "63ba3f95-8215-4442-8865-ad228f39fdb5"
address: "127.0.0.1:15281"
priority: 1
dataStreamAddress: "127.0.0.1:15282"
clientAddress: "127.0.0.1:15279"
adminAddress: "127.0.0.1:15280"
startupRole: FOLLOWER
,id: "4dbb8968-e71c-4514-a0ad-0b4a968227bb"
address: "127.0.0.1:15290"
dataStreamAddress: "127.0.0.1:15291"
clientAddress: "127.0.0.1:15288"
adminAddress: "127.0.0.1:15289"
startupRole: FOLLOWER
, old:): org.apache.ratis.thirdparty.io.grpc.StatusRuntimeException: CANCELLED: client cancelled
2024-04-29 09:21:35,414 [49450a51-652a-4dd9-a6c4-30eab7eea83e-impl-thread2] INFO  impl.PendingRequests (PendingRequests.java:sendNotLeaderResponses(289)) - 49450a51-652a-4dd9-a6c4-30eab7eea83e@group-300E94C7AAA6-PendingRequests: sendNotLeaderResponses
2024-04-29 09:21:35,416 [49450a51-652a-4dd9-a6c4-30eab7eea83e-impl-thread2] INFO  impl.StateMachineUpdater (StateMachineUpdater.java:stopAndJoin(157)) - 49450a51-652a-4dd9-a6c4-30eab7eea83e@group-300E94C7AAA6-StateMachineUpdater: set stopIndex = 0
2024-04-29 09:21:35,416 [49450a51-652a-4dd9-a6c4-30eab7eea83e@group-300E94C7AAA6-StateMachineUpdater] INFO  ratis.ContainerStateMachine (ContainerStateMachine.java:takeSnapshot(355)) - group-300E94C7AAA6: Taking a snapshot at:(t:1, i:0) file /home/runner/work/ozone/ozone/hadoop-ozone/integration-test/target/test-dir/MiniOzoneClusterImpl-5c564e69-bd94-47d8-8ed3-49bff913e719/ozone-meta/datanode-3/ratis/ac0e20d4-2fef-416a-8427-300e94c7aaa6/sm/snapshot.1_0
2024-04-29 09:21:35,415 [grpc-default-executor-1] WARN  server.GrpcLogAppender (GrpcLogAppender.java:lambda$resetClient$1(217)) - 63ba3f95-8215-4442-8865-ad228f39fdb5@group-242C87B7064D->4dbb8968-e71c-4514-a0ad-0b4a968227bb-GrpcLogAppender: Follower failed (request=null, errorCount=1); keep nextIndex (1) unchanged and retry.
2024-04-29 09:21:35,415 [05727db8-df0e-4fba-be48-9a4d471deba7-impl-thread1] INFO  server.RaftServer$Division (ServerState.java:close(427)) - 05727db8-df0e-4fba-be48-9a4d471deba7@group-356C79822AC7: applyIndex: 0
2024-04-29 09:21:35,415 [49450a51-652a-4dd9-a6c4-30eab7eea83e@group-242C87B7064D-StateMachineUpdater] INFO  impl.StateMachineUpdater (StateMachineUpdater.java:lambda$new$0(98)) - 49450a51-652a-4dd9-a6c4-30eab7eea83e@group-242C87B7064D-StateMachineUpdater: snapshotIndex: updateIncreasingly -1 -> 0
2024-04-29 09:21:35,416 [05727db8-df0e-4fba-be48-9a4d471deba7@group-356C79822AC7-cacheEviction-AwaitToRun] INFO  util.AwaitToRun (AwaitToRun.java:run(49)) - 05727db8-df0e-4fba-be48-9a4d471deba7@group-356C79822AC7-cacheEviction-AwaitToRun-AwaitForSignal is interrupted
2024-04-29 09:21:35,416 [49450a51-652a-4dd9-a6c4-30eab7eea83e-impl-thread1] INFO  server.RaftServer$Division (ServerState.java:close(427)) - 49450a51-652a-4dd9-a6c4-30eab7eea83e@group-242C87B7064D: applyIndex: 0
2024-04-29 09:21:35,416 [49450a51-652a-4dd9-a6c4-30eab7eea83e@group-300E94C7AAA6-StateMachineUpdater] INFO  ratis.ContainerStateMachine (ContainerStateMachine.java:takeSnapshot(366)) - group-300E94C7AAA6: Finished taking a snapshot at:(t:1, i:0) file:/home/runner/work/ozone/ozone/hadoop-ozone/integration-test/target/test-dir/MiniOzoneClusterImpl-5c564e69-bd94-47d8-8ed3-49bff913e719/ozone-meta/datanode-3/ratis/ac0e20d4-2fef-416a-8427-300e94c7aaa6/sm/snapshot.1_0 took: 0 ms
2024-04-29 09:21:35,416 [49450a51-652a-4dd9-a6c4-30eab7eea83e@group-242C87B7064D-cacheEviction-AwaitToRun] INFO  util.AwaitToRun (AwaitToRun.java:run(49)) - 49450a51-652a-4dd9-a6c4-30eab7eea83e@group-242C87B7064D-cacheEviction-AwaitToRun-AwaitForSignal is interrupted
2024-04-29 09:21:35,416 [49450a51-652a-4dd9-a6c4-30eab7eea83e@group-300E94C7AAA6-StateMachineUpdater] INFO  impl.StateMachineUpdater (StateMachineUpdater.java:takeSnapshot(295)) - 49450a51-652a-4dd9-a6c4-30eab7eea83e@group-300E94C7AAA6-StateMachineUpdater: Took a snapshot at index 0
2024-04-29 09:21:35,416 [49450a51-652a-4dd9-a6c4-30eab7eea83e@group-300E94C7AAA6-StateMachineUpdater] INFO  impl.StateMachineUpdater (StateMachineUpdater.java:lambda$new$0(98)) - 49450a51-652a-4dd9-a6c4-30eab7eea83e@group-300E94C7AAA6-StateMachineUpdater: snapshotIndex: updateIncreasingly -1 -> 0
2024-04-29 09:21:35,416 [49450a51-652a-4dd9-a6c4-30eab7eea83e-impl-thread2] INFO  server.RaftServer$Division (ServerState.java:close(427)) - 49450a51-652a-4dd9-a6c4-30eab7eea83e@group-300E94C7AAA6: applyIndex: 0
2024-04-29 09:21:35,417 [49450a51-652a-4dd9-a6c4-30eab7eea83e@group-300E94C7AAA6-cacheEviction-AwaitToRun] INFO  util.AwaitToRun (AwaitToRun.java:run(49)) - 49450a51-652a-4dd9-a6c4-30eab7eea83e@group-300E94C7AAA6-cacheEviction-AwaitToRun-AwaitForSignal is interrupted
2024-04-29 09:21:35,419 [main] INFO  server.GrpcService (GrpcService.java:closeImpl(311)) - 05727db8-df0e-4fba-be48-9a4d471deba7: shutdown server org.apache.ratis.grpc.server.GrpcClientProtocolService now
2024-04-29 09:21:35,419 [05727db8-df0e-4fba-be48-9a4d471deba7-impl-thread2] INFO  server.RaftServer$Division (RaftServerImpl.java:lambda$close$3(526)) - 05727db8-df0e-4fba-be48-9a4d471deba7@group-60AD1803F514: shutdown
2024-04-29 09:21:35,419 [05727db8-df0e-4fba-be48-9a4d471deba7-impl-thread2] INFO  util.JmxRegister (JmxRegister.java:unregister(73)) - Successfully un-registered JMX Bean with object name Ratis:service=RaftServer,group=group-60AD1803F514,id=05727db8-df0e-4fba-be48-9a4d471deba7
2024-04-29 09:21:35,419 [05727db8-df0e-4fba-be48-9a4d471deba7-impl-thread2] INFO  impl.RoleInfo (RoleInfo.java:shutdownFollowerState(110)) - 05727db8-df0e-4fba-be48-9a4d471deba7: shutdown 05727db8-df0e-4fba-be48-9a4d471deba7@group-60AD1803F514-FollowerState
2024-04-29 09:21:35,419 [05727db8-df0e-4fba-be48-9a4d471deba7@group-60AD1803F514-FollowerState] INFO  impl.FollowerState (FollowerState.java:run(152)) - 05727db8-df0e-4fba-be48-9a4d471deba7@group-60AD1803F514-FollowerState was interrupted
2024-04-29 09:21:35,419 [30e50e12-6d1d-42d4-8c2e-250820f84ec0-impl-thread2] INFO  server.RaftServer$Division (RaftServerImpl.java:lambda$close$3(526)) - 30e50e12-6d1d-42d4-8c2e-250820f84ec0@group-60AD1803F514: shutdown
2024-04-29 09:21:35,419 [ForkJoinPool.commonPool-worker-1] INFO  server.GrpcService (GrpcService.java:closeImpl(311)) - 30e50e12-6d1d-42d4-8c2e-250820f84ec0: shutdown server org.apache.ratis.grpc.server.GrpcClientProtocolService now
2024-04-29 09:21:35,420 [05727db8-df0e-4fba-be48-9a4d471deba7@group-60AD1803F514-StateMachineUpdater] INFO  ratis.ContainerStateMachine (ContainerStateMachine.java:takeSnapshot(355)) - group-60AD1803F514: Taking a snapshot at:(t:1, i:0) file /home/runner/work/ozone/ozone/hadoop-ozone/integration-test/target/test-dir/MiniOzoneClusterImpl-5c564e69-bd94-47d8-8ed3-49bff913e719/ozone-meta/datanode-6/ratis/382001ac-af6f-4fb5-8851-60ad1803f514/sm/snapshot.1_0
2024-04-29 09:21:35,420 [05727db8-df0e-4fba-be48-9a4d471deba7-impl-thread2] INFO  impl.StateMachineUpdater (StateMachineUpdater.java:stopAndJoin(157)) - 05727db8-df0e-4fba-be48-9a4d471deba7@group-60AD1803F514-StateMachineUpdater: set stopIndex = 0
2024-04-29 09:21:35,420 [30e50e12-6d1d-42d4-8c2e-250820f84ec0-impl-thread2] INFO  util.JmxRegister (JmxRegister.java:unregister(73)) - Successfully un-registered JMX Bean with object name Ratis:service=RaftServer,group=group-60AD1803F514,id=30e50e12-6d1d-42d4-8c2e-250820f84ec0
2024-04-29 09:21:35,420 [30e50e12-6d1d-42d4-8c2e-250820f84ec0-impl-thread2] INFO  impl.RoleInfo (RoleInfo.java:shutdownLeaderState(94)) - 30e50e12-6d1d-42d4-8c2e-250820f84ec0: shutdown 30e50e12-6d1d-42d4-8c2e-250820f84ec0@group-60AD1803F514-LeaderStateImpl
2024-04-29 09:21:35,420 [30e50e12-6d1d-42d4-8c2e-250820f84ec0@group-60AD1803F514->05727db8-df0e-4fba-be48-9a4d471deba7-GrpcLogAppender-LogAppenderDaemon] WARN  server.GrpcLogAppender (GrpcLogAppender.java:mayWait(289)) - 30e50e12-6d1d-42d4-8c2e-250820f84ec0@group-60AD1803F514->05727db8-df0e-4fba-be48-9a4d471deba7-GrpcLogAppender: Wait interrupted by java.lang.InterruptedException
2024-04-29 09:21:35,420 [30e50e12-6d1d-42d4-8c2e-250820f84ec0@group-60AD1803F514->e86906d1-c919-438b-b5a4-a98dd7588e75-GrpcLogAppender-LogAppenderDaemon] WARN  server.GrpcLogAppender (GrpcLogAppender.java:mayWait(289)) - 30e50e12-6d1d-42d4-8c2e-250820f84ec0@group-60AD1803F514->e86906d1-c919-438b-b5a4-a98dd7588e75-GrpcLogAppender: Wait interrupted by java.lang.InterruptedException
2024-04-29 09:21:35,420 [05727db8-df0e-4fba-be48-9a4d471deba7@group-60AD1803F514-StateMachineUpdater] INFO  ratis.ContainerStateMachine (ContainerStateMachine.java:takeSnapshot(366)) - group-60AD1803F514: Finished taking a snapshot at:(t:1, i:0) file:/home/runner/work/ozone/ozone/hadoop-ozone/integration-test/target/test-dir/MiniOzoneClusterImpl-5c564e69-bd94-47d8-8ed3-49bff913e719/ozone-meta/datanode-6/ratis/382001ac-af6f-4fb5-8851-60ad1803f514/sm/snapshot.1_0 took: 0 ms
2024-04-29 09:21:35,420 [05727db8-df0e-4fba-be48-9a4d471deba7@group-60AD1803F514-StateMachineUpdater] INFO  impl.StateMachineUpdater (StateMachineUpdater.java:takeSnapshot(295)) - 05727db8-df0e-4fba-be48-9a4d471deba7@group-60AD1803F514-StateMachineUpdater: Took a snapshot at index 0
2024-04-29 09:21:35,420 [05727db8-df0e-4fba-be48-9a4d471deba7@group-60AD1803F514-StateMachineUpdater] INFO  impl.StateMachineUpdater (StateMachineUpdater.java:lambda$new$0(98)) - 05727db8-df0e-4fba-be48-9a4d471deba7@group-60AD1803F514-StateMachineUpdater: snapshotIndex: updateIncreasingly -1 -> 0
2024-04-29 09:21:35,420 [grpc-default-executor-1] INFO  server.GrpcServerProtocolService (GrpcServerProtocolService.java:onCompleted(157)) - e86906d1-c919-438b-b5a4-a98dd7588e75: Completed APPEND_ENTRIES, lastRequest: null
2024-04-29 09:21:35,420 [grpc-default-executor-4] INFO  server.GrpcServerProtocolService (GrpcServerProtocolService.java:onCompleted(157)) - 05727db8-df0e-4fba-be48-9a4d471deba7: Completed APPEND_ENTRIES, lastRequest: 30e50e12-6d1d-42d4-8c2e-250820f84ec0->05727db8-df0e-4fba-be48-9a4d471deba7#1-t1,previous=(t:0, i:0),leaderCommit=-1,initializing? false,entries: size=1, first=(t:1, i:0), CONFIGURATIONENTRY(current:id: "05727db8-df0e-4fba-be48-9a4d471deba7"
address: "127.0.0.1:15326"
dataStreamAddress: "127.0.0.1:15327"
clientAddress: "127.0.0.1:15324"
adminAddress: "127.0.0.1:15325"
startupRole: FOLLOWER
,id: "30e50e12-6d1d-42d4-8c2e-250820f84ec0"
address: "127.0.0.1:15308"
priority: 1
dataStreamAddress: "127.0.0.1:15309"
clientAddress: "127.0.0.1:15306"
adminAddress: "127.0.0.1:15307"
startupRole: FOLLOWER
,id: "e86906d1-c919-438b-b5a4-a98dd7588e75"
address: "127.0.0.1:15317"
dataStreamAddress: "127.0.0.1:15318"
clientAddress: "127.0.0.1:15315"
adminAddress: "127.0.0.1:15316"
startupRole: FOLLOWER
, old:)
2024-04-29 09:21:35,421 [grpc-default-executor-4] INFO  server.GrpcServerProtocolService (GrpcServerProtocolService.java:lambda$onCompleted$5(159)) - 05727db8-df0e-4fba-be48-9a4d471deba7: Completed APPEND_ENTRIES, lastReply: null
2024-04-29 09:21:35,421 [grpc-default-executor-3] INFO  server.GrpcServerProtocolService (GrpcServerProtocolService.java:onCompleted(157)) - e86906d1-c919-438b-b5a4-a98dd7588e75: Completed APPEND_ENTRIES, lastRequest: 30e50e12-6d1d-42d4-8c2e-250820f84ec0->e86906d1-c919-438b-b5a4-a98dd7588e75#1-t1,previous=(t:0, i:0),leaderCommit=-1,initializing? false,entries: size=1, first=(t:1, i:0), CONFIGURATIONENTRY(current:id: "05727db8-df0e-4fba-be48-9a4d471deba7"
address: "127.0.0.1:15326"
dataStreamAddress: "127.0.0.1:15327"
clientAddress: "127.0.0.1:15324"
adminAddress: "127.0.0.1:15325"
startupRole: FOLLOWER
,id: "30e50e12-6d1d-42d4-8c2e-250820f84ec0"
address: "127.0.0.1:15308"
priority: 1
dataStreamAddress: "127.0.0.1:15309"
clientAddress: "127.0.0.1:15306"
adminAddress: "127.0.0.1:15307"
startupRole: FOLLOWER
,id: "e86906d1-c919-438b-b5a4-a98dd7588e75"
address: "127.0.0.1:15317"
dataStreamAddress: "127.0.0.1:15318"
clientAddress: "127.0.0.1:15315"
adminAddress: "127.0.0.1:15316"
startupRole: FOLLOWER
, old:)
2024-04-29 09:21:35,421 [grpc-default-executor-3] INFO  server.GrpcServerProtocolService (GrpcServerProtocolService.java:lambda$onCompleted$5(159)) - e86906d1-c919-438b-b5a4-a98dd7588e75: Completed APPEND_ENTRIES, lastReply: null
2024-04-29 09:21:35,421 [grpc-default-executor-0] INFO  server.GrpcServerProtocolService (GrpcServerProtocolService.java:onCompleted(157)) - 05727db8-df0e-4fba-be48-9a4d471deba7: Completed APPEND_ENTRIES, lastRequest: null
2024-04-29 09:21:35,421 [05727db8-df0e-4fba-be48-9a4d471deba7-impl-thread2] INFO  server.RaftServer$Division (ServerState.java:close(427)) - 05727db8-df0e-4fba-be48-9a4d471deba7@group-60AD1803F514: applyIndex: 0
2024-04-29 09:21:35,421 [grpc-default-executor-0] INFO  server.GrpcServerProtocolService (GrpcServerProtocolService.java:lambda$onCompleted$5(159)) - 05727db8-df0e-4fba-be48-9a4d471deba7: Completed APPEND_ENTRIES, lastReply: serverReply {
  requestorId: "30e50e12-6d1d-42d4-8c2e-250820f84ec0"
  replyId: "05727db8-df0e-4fba-be48-9a4d471deba7"
  raftGroupId {
    id: "8 \001\254\257oO\265\210Q`\255\030\003\365\024"
  }
  callId: 8
  success: true
}
term: 1
nextIndex: 1
matchIndex: 18446744073709551615
isHearbeat: true

2024-04-29 09:21:35,421 [05727db8-df0e-4fba-be48-9a4d471deba7@group-60AD1803F514-cacheEviction-AwaitToRun] INFO  util.AwaitToRun (AwaitToRun.java:run(49)) - 05727db8-df0e-4fba-be48-9a4d471deba7@group-60AD1803F514-cacheEviction-AwaitToRun-AwaitForSignal is interrupted
2024-04-29 09:21:35,422 [30e50e12-6d1d-42d4-8c2e-250820f84ec0-impl-thread2] INFO  impl.PendingRequests (PendingRequests.java:sendNotLeaderResponses(289)) - 30e50e12-6d1d-42d4-8c2e-250820f84ec0@group-60AD1803F514-PendingRequests: sendNotLeaderResponses
2024-04-29 09:21:35,421 [grpc-default-executor-2] INFO  server.GrpcLogAppender (GrpcLogAppender.java:onCompleted(546)) - 30e50e12-6d1d-42d4-8c2e-250820f84ec0@group-60AD1803F514->05727db8-df0e-4fba-be48-9a4d471deba7-AppendLogResponseHandler: follower responses appendEntries COMPLETED
2024-04-29 09:21:35,422 [grpc-default-executor-1] INFO  server.GrpcServerProtocolService (GrpcServerProtocolService.java:lambda$onCompleted$5(159)) - e86906d1-c919-438b-b5a4-a98dd7588e75: Completed APPEND_ENTRIES, lastReply: serverReply {
  requestorId: "30e50e12-6d1d-42d4-8c2e-250820f84ec0"
  replyId: "e86906d1-c919-438b-b5a4-a98dd7588e75"
  raftGroupId {
    id: "8 \001\254\257oO\265\210Q`\255\030\003\365\024"
  }
  callId: 7
  success: true
}
term: 1
nextIndex: 1
matchIndex: 18446744073709551615
isHearbeat: true

2024-04-29 09:21:35,421 [grpc-default-executor-4] INFO  server.GrpcLogAppender (GrpcLogAppender.java:onCompleted(546)) - 30e50e12-6d1d-42d4-8c2e-250820f84ec0@group-60AD1803F514->05727db8-df0e-4fba-be48-9a4d471deba7-AppendLogResponseHandler: follower responses appendEntries COMPLETED
2024-04-29 09:21:35,421 [grpc-default-executor-0] INFO  server.GrpcLogAppender (GrpcLogAppender.java:onCompleted(546)) - 30e50e12-6d1d-42d4-8c2e-250820f84ec0@group-60AD1803F514->e86906d1-c919-438b-b5a4-a98dd7588e75-AppendLogResponseHandler: follower responses appendEntries COMPLETED
2024-04-29 09:21:35,423 [grpc-default-executor-4] INFO  server.GrpcLogAppender (GrpcLogAppender.java:onCompleted(546)) - 30e50e12-6d1d-42d4-8c2e-250820f84ec0@group-60AD1803F514->e86906d1-c919-438b-b5a4-a98dd7588e75-AppendLogResponseHandler: follower responses appendEntries COMPLETED
2024-04-29 09:21:35,423 [30e50e12-6d1d-42d4-8c2e-250820f84ec0@group-60AD1803F514-StateMachineUpdater] INFO  ratis.ContainerStateMachine (ContainerStateMachine.java:takeSnapshot(355)) - group-60AD1803F514: Taking a snapshot at:(t:1, i:0) file /home/runner/work/ozone/ozone/hadoop-ozone/integration-test/target/test-dir/MiniOzoneClusterImpl-5c564e69-bd94-47d8-8ed3-49bff913e719/ozone-meta/datanode-4/ratis/382001ac-af6f-4fb5-8851-60ad1803f514/sm/snapshot.1_0
2024-04-29 09:21:35,423 [30e50e12-6d1d-42d4-8c2e-250820f84ec0-impl-thread2] INFO  impl.StateMachineUpdater (StateMachineUpdater.java:stopAndJoin(157)) - 30e50e12-6d1d-42d4-8c2e-250820f84ec0@group-60AD1803F514-StateMachineUpdater: set stopIndex = 0
2024-04-29 09:21:35,423 [30e50e12-6d1d-42d4-8c2e-250820f84ec0@group-60AD1803F514-StateMachineUpdater] INFO  ratis.ContainerStateMachine (ContainerStateMachine.java:takeSnapshot(366)) - group-60AD1803F514: Finished taking a snapshot at:(t:1, i:0) file:/home/runner/work/ozone/ozone/hadoop-ozone/integration-test/target/test-dir/MiniOzoneClusterImpl-5c564e69-bd94-47d8-8ed3-49bff913e719/ozone-meta/datanode-4/ratis/382001ac-af6f-4fb5-8851-60ad1803f514/sm/snapshot.1_0 took: 0 ms
2024-04-29 09:21:35,423 [30e50e12-6d1d-42d4-8c2e-250820f84ec0@group-60AD1803F514-StateMachineUpdater] INFO  impl.StateMachineUpdater (StateMachineUpdater.java:takeSnapshot(295)) - 30e50e12-6d1d-42d4-8c2e-250820f84ec0@group-60AD1803F514-StateMachineUpdater: Took a snapshot at index 0
2024-04-29 09:21:35,423 [30e50e12-6d1d-42d4-8c2e-250820f84ec0@group-60AD1803F514-StateMachineUpdater] INFO  impl.StateMachineUpdater (StateMachineUpdater.java:lambda$new$0(98)) - 30e50e12-6d1d-42d4-8c2e-250820f84ec0@group-60AD1803F514-StateMachineUpdater: snapshotIndex: updateIncreasingly -1 -> 0
2024-04-29 09:21:35,423 [30e50e12-6d1d-42d4-8c2e-250820f84ec0-impl-thread2] INFO  server.RaftServer$Division (ServerState.java:close(427)) - 30e50e12-6d1d-42d4-8c2e-250820f84ec0@group-60AD1803F514: applyIndex: 0
2024-04-29 09:21:35,423 [30e50e12-6d1d-42d4-8c2e-250820f84ec0@group-60AD1803F514-cacheEviction-AwaitToRun] INFO  util.AwaitToRun (AwaitToRun.java:run(49)) - 30e50e12-6d1d-42d4-8c2e-250820f84ec0@group-60AD1803F514-cacheEviction-AwaitToRun-AwaitForSignal is interrupted
2024-04-29 09:21:35,425 [main] INFO  server.GrpcService (GrpcService.java:closeImpl(320)) - 05727db8-df0e-4fba-be48-9a4d471deba7: shutdown server org.apache.ratis.grpc.server.GrpcClientProtocolService successfully
2024-04-29 09:21:35,425 [main] INFO  server.GrpcService (GrpcService.java:closeImpl(311)) - 05727db8-df0e-4fba-be48-9a4d471deba7: shutdown server GrpcServerProtocolService now
2024-04-29 09:21:35,429 [ForkJoinPool.commonPool-worker-2] INFO  server.GrpcService (GrpcService.java:closeImpl(320)) - 4dbb8968-e71c-4514-a0ad-0b4a968227bb: shutdown server org.apache.ratis.grpc.server.GrpcAdminProtocolService successfully
2024-04-29 09:21:35,429 [Thread-4619] INFO  server.GrpcServerProtocolClient (GrpcServerProtocolClient.java:close(103)) - 05727db8-df0e-4fba-be48-9a4d471deba7 Close channels
2024-04-29 09:21:35,430 [Thread-4625] INFO  server.GrpcServerProtocolClient (GrpcServerProtocolClient.java:close(103)) - e86906d1-c919-438b-b5a4-a98dd7588e75 Close channels
2024-04-29 09:21:35,431 [ForkJoinPool.commonPool-worker-1] INFO  server.GrpcService (GrpcService.java:closeImpl(320)) - 30e50e12-6d1d-42d4-8c2e-250820f84ec0: shutdown server org.apache.ratis.grpc.server.GrpcClientProtocolService successfully
2024-04-29 09:21:35,431 [ForkJoinPool.commonPool-worker-1] INFO  server.GrpcService (GrpcService.java:closeImpl(311)) - 30e50e12-6d1d-42d4-8c2e-250820f84ec0: shutdown server GrpcServerProtocolService now
2024-04-29 09:21:35,432 [main] INFO  server.GrpcService (GrpcService.java:closeImpl(320)) - 05727db8-df0e-4fba-be48-9a4d471deba7: shutdown server GrpcServerProtocolService successfully
2024-04-29 09:21:35,432 [main] INFO  server.GrpcService (GrpcService.java:closeImpl(311)) - 05727db8-df0e-4fba-be48-9a4d471deba7: shutdown server org.apache.ratis.grpc.server.GrpcAdminProtocolService now
2024-04-29 09:21:35,432 [ForkJoinPool.commonPool-worker-1] INFO  server.GrpcService (GrpcService.java:closeImpl(320)) - 30e50e12-6d1d-42d4-8c2e-250820f84ec0: shutdown server GrpcServerProtocolService successfully
2024-04-29 09:21:35,432 [ForkJoinPool.commonPool-worker-1] INFO  server.GrpcService (GrpcService.java:closeImpl(311)) - 30e50e12-6d1d-42d4-8c2e-250820f84ec0: shutdown server org.apache.ratis.grpc.server.GrpcAdminProtocolService now
2024-04-29 09:21:35,433 [ForkJoinPool.commonPool-worker-3] INFO  server.GrpcService (GrpcService.java:closeImpl(320)) - 49450a51-652a-4dd9-a6c4-30eab7eea83e: shutdown server org.apache.ratis.grpc.server.GrpcClientProtocolService successfully
2024-04-29 09:21:35,434 [ForkJoinPool.commonPool-worker-3] INFO  server.GrpcService (GrpcService.java:closeImpl(311)) - 49450a51-652a-4dd9-a6c4-30eab7eea83e: shutdown server GrpcServerProtocolService now
2024-04-29 09:21:35,434 [main] INFO  server.GrpcService (GrpcService.java:closeImpl(320)) - 05727db8-df0e-4fba-be48-9a4d471deba7: shutdown server org.apache.ratis.grpc.server.GrpcAdminProtocolService successfully
2024-04-29 09:21:35,434 [grpc-default-executor-2] WARN  server.GrpcServerProtocolService (LogUtils.java:warn(121)) - 49450a51-652a-4dd9-a6c4-30eab7eea83e: APPEND_ENTRIES onError, lastRequest: null: org.apache.ratis.thirdparty.io.grpc.StatusRuntimeException: CANCELLED: client cancelled
2024-04-29 09:21:35,435 [grpc-default-executor-0] WARN  server.GrpcServerProtocolService (LogUtils.java:warn(121)) - 49450a51-652a-4dd9-a6c4-30eab7eea83e: APPEND_ENTRIES onError, lastRequest: 63ba3f95-8215-4442-8865-ad228f39fdb5->49450a51-652a-4dd9-a6c4-30eab7eea83e#1-t1,previous=(t:0, i:0),leaderCommit=-1,initializing? false,entries: size=1, first=(t:1, i:0), CONFIGURATIONENTRY(current:id: "49450a51-652a-4dd9-a6c4-30eab7eea83e"
address: "127.0.0.1:15299"
dataStreamAddress: "127.0.0.1:15300"
clientAddress: "127.0.0.1:15297"
adminAddress: "127.0.0.1:15298"
startupRole: FOLLOWER
,id: "63ba3f95-8215-4442-8865-ad228f39fdb5"
address: "127.0.0.1:15281"
priority: 1
dataStreamAddress: "127.0.0.1:15282"
clientAddress: "127.0.0.1:15279"
adminAddress: "127.0.0.1:15280"
startupRole: FOLLOWER
,id: "4dbb8968-e71c-4514-a0ad-0b4a968227bb"
address: "127.0.0.1:15290"
dataStreamAddress: "127.0.0.1:15291"
clientAddress: "127.0.0.1:15288"
adminAddress: "127.0.0.1:15289"
startupRole: FOLLOWER
, old:): org.apache.ratis.thirdparty.io.grpc.StatusRuntimeException: CANCELLED: client cancelled
2024-04-29 09:21:35,436 [grpc-default-executor-3] WARN  server.GrpcLogAppender (LogUtils.java:warn(121)) - 63ba3f95-8215-4442-8865-ad228f39fdb5@group-242C87B7064D->49450a51-652a-4dd9-a6c4-30eab7eea83e-AppendLogResponseHandler: Failed appendEntries: org.apache.ratis.thirdparty.io.grpc.StatusRuntimeException: CANCELLED: RST_STREAM closed stream. HTTP/2 error code: CANCEL
2024-04-29 09:21:35,437 [grpc-default-executor-3] WARN  server.GrpcLogAppender (GrpcLogAppender.java:lambda$resetClient$1(217)) - 63ba3f95-8215-4442-8865-ad228f39fdb5@group-242C87B7064D->49450a51-652a-4dd9-a6c4-30eab7eea83e-GrpcLogAppender: Follower failed (request=null, errorCount=1); keep nextIndex (1) unchanged and retry.
2024-04-29 09:21:35,438 [ForkJoinPool.commonPool-worker-3] INFO  server.GrpcService (GrpcService.java:closeImpl(320)) - 49450a51-652a-4dd9-a6c4-30eab7eea83e: shutdown server GrpcServerProtocolService successfully
2024-04-29 09:21:35,438 [ForkJoinPool.commonPool-worker-3] INFO  server.GrpcService (GrpcService.java:closeImpl(311)) - 49450a51-652a-4dd9-a6c4-30eab7eea83e: shutdown server org.apache.ratis.grpc.server.GrpcAdminProtocolService now
2024-04-29 09:21:35,439 [ForkJoinPool.commonPool-worker-1] INFO  server.GrpcService (GrpcService.java:closeImpl(320)) - 30e50e12-6d1d-42d4-8c2e-250820f84ec0: shutdown server org.apache.ratis.grpc.server.GrpcAdminProtocolService successfully
2024-04-29 09:21:35,442 [ForkJoinPool.commonPool-worker-3] INFO  server.GrpcService (GrpcService.java:closeImpl(320)) - 49450a51-652a-4dd9-a6c4-30eab7eea83e: shutdown server org.apache.ratis.grpc.server.GrpcAdminProtocolService successfully
2024-04-29 09:21:35,454 [4dbb8968-e71c-4514-a0ad-0b4a968227bb-NettyServerStreamRpc-bossGroup--thread1] INFO  logging.LoggingHandler (AbstractInternalLogger.java:log(148)) - [id: 0x96124226, L:/0.0.0.0:15291] CLOSE
2024-04-29 09:21:35,455 [4dbb8968-e71c-4514-a0ad-0b4a968227bb-NettyServerStreamRpc-bossGroup--thread1] INFO  logging.LoggingHandler (AbstractInternalLogger.java:log(148)) - [id: 0x96124226, L:/0.0.0.0:15291] INACTIVE
2024-04-29 09:21:35,455 [4dbb8968-e71c-4514-a0ad-0b4a968227bb-NettyServerStreamRpc-bossGroup--thread1] INFO  logging.LoggingHandler (AbstractInternalLogger.java:log(148)) - [id: 0x96124226, L:/0.0.0.0:15291] UNREGISTERED
2024-04-29 09:21:35,459 [30e50e12-6d1d-42d4-8c2e-250820f84ec0-NettyServerStreamRpc-bossGroup--thread1] INFO  logging.LoggingHandler (AbstractInternalLogger.java:log(148)) - [id: 0x1adc31f8, L:/0.0.0.0:15309] CLOSE
2024-04-29 09:21:35,459 [30e50e12-6d1d-42d4-8c2e-250820f84ec0-NettyServerStreamRpc-bossGroup--thread1] INFO  logging.LoggingHandler (AbstractInternalLogger.java:log(148)) - [id: 0x1adc31f8, L:/0.0.0.0:15309] INACTIVE
2024-04-29 09:21:35,459 [30e50e12-6d1d-42d4-8c2e-250820f84ec0-NettyServerStreamRpc-bossGroup--thread1] INFO  logging.LoggingHandler (AbstractInternalLogger.java:log(148)) - [id: 0x1adc31f8, L:/0.0.0.0:15309] UNREGISTERED
2024-04-29 09:21:35,461 [05727db8-df0e-4fba-be48-9a4d471deba7-NettyServerStreamRpc-bossGroup--thread1] INFO  logging.LoggingHandler (AbstractInternalLogger.java:log(148)) - [id: 0xf6ea706d, L:/0.0.0.0:15327] CLOSE
2024-04-29 09:21:35,461 [05727db8-df0e-4fba-be48-9a4d471deba7-NettyServerStreamRpc-bossGroup--thread1] INFO  logging.LoggingHandler (AbstractInternalLogger.java:log(148)) - [id: 0xf6ea706d, L:/0.0.0.0:15327] INACTIVE
2024-04-29 09:21:35,461 [05727db8-df0e-4fba-be48-9a4d471deba7-NettyServerStreamRpc-bossGroup--thread1] INFO  logging.LoggingHandler (AbstractInternalLogger.java:log(148)) - [id: 0xf6ea706d, L:/0.0.0.0:15327] UNREGISTERED
2024-04-29 09:21:35,462 [49450a51-652a-4dd9-a6c4-30eab7eea83e-NettyServerStreamRpc-bossGroup--thread1] INFO  logging.LoggingHandler (AbstractInternalLogger.java:log(148)) - [id: 0x534b8783, L:/0.0.0.0:15300] CLOSE
2024-04-29 09:21:35,462 [49450a51-652a-4dd9-a6c4-30eab7eea83e-NettyServerStreamRpc-bossGroup--thread1] INFO  logging.LoggingHandler (AbstractInternalLogger.java:log(148)) - [id: 0x534b8783, L:/0.0.0.0:15300] INACTIVE
2024-04-29 09:21:35,462 [49450a51-652a-4dd9-a6c4-30eab7eea83e-NettyServerStreamRpc-bossGroup--thread1] INFO  logging.LoggingHandler (AbstractInternalLogger.java:log(148)) - [id: 0x534b8783, L:/0.0.0.0:15300] UNREGISTERED
2024-04-29 09:21:36,084 [4dbb8968-e71c-4514-a0ad-0b4a968227bb-impl-thread2] INFO  segmented.SegmentedRaftLogWorker (SegmentedRaftLogWorker.java:close(245)) - 4dbb8968-e71c-4514-a0ad-0b4a968227bb@group-5E69257F00FC-SegmentedRaftLogWorker close()
2024-04-29 09:21:36,166 [4dbb8968-e71c-4514-a0ad-0b4a968227bb-impl-thread1] INFO  segmented.SegmentedRaftLogWorker (SegmentedRaftLogWorker.java:close(245)) - 4dbb8968-e71c-4514-a0ad-0b4a968227bb@group-242C87B7064D-SegmentedRaftLogWorker close()
2024-04-29 09:21:36,166 [JvmPauseMonitor36] INFO  util.JvmPauseMonitor (JvmPauseMonitor.java:run(152)) - JvmPauseMonitor-4dbb8968-e71c-4514-a0ad-0b4a968227bb: Stopped
2024-04-29 09:21:36,173 [49450a51-652a-4dd9-a6c4-30eab7eea83e-impl-thread1] INFO  segmented.SegmentedRaftLogWorker (SegmentedRaftLogWorker.java:close(245)) - 49450a51-652a-4dd9-a6c4-30eab7eea83e@group-242C87B7064D-SegmentedRaftLogWorker close()
2024-04-29 09:21:36,193 [49450a51-652a-4dd9-a6c4-30eab7eea83e-impl-thread2] INFO  segmented.SegmentedRaftLogWorker (SegmentedRaftLogWorker.java:close(245)) - 49450a51-652a-4dd9-a6c4-30eab7eea83e@group-300E94C7AAA6-SegmentedRaftLogWorker close()
2024-04-29 09:21:36,193 [JvmPauseMonitor37] INFO  util.JvmPauseMonitor (JvmPauseMonitor.java:run(152)) - JvmPauseMonitor-49450a51-652a-4dd9-a6c4-30eab7eea83e: Stopped
2024-04-29 09:21:36,285 [30e50e12-6d1d-42d4-8c2e-250820f84ec0-impl-thread1] INFO  segmented.SegmentedRaftLogWorker (SegmentedRaftLogWorker.java:close(245)) - 30e50e12-6d1d-42d4-8c2e-250820f84ec0@group-136ED567526F-SegmentedRaftLogWorker close()
2024-04-29 09:21:36,286 [30e50e12-6d1d-42d4-8c2e-250820f84ec0-impl-thread2] INFO  segmented.SegmentedRaftLogWorker (SegmentedRaftLogWorker.java:close(245)) - 30e50e12-6d1d-42d4-8c2e-250820f84ec0@group-60AD1803F514-SegmentedRaftLogWorker close()
2024-04-29 09:21:36,286 [JvmPauseMonitor38] INFO  util.JvmPauseMonitor (JvmPauseMonitor.java:run(152)) - JvmPauseMonitor-30e50e12-6d1d-42d4-8c2e-250820f84ec0: Stopped
2024-04-29 09:21:36,286 [05727db8-df0e-4fba-be48-9a4d471deba7-impl-thread2] INFO  segmented.SegmentedRaftLogWorker (SegmentedRaftLogWorker.java:close(245)) - 05727db8-df0e-4fba-be48-9a4d471deba7@group-60AD1803F514-SegmentedRaftLogWorker close()
2024-04-29 09:21:36,355 [05727db8-df0e-4fba-be48-9a4d471deba7-impl-thread1] INFO  segmented.SegmentedRaftLogWorker (SegmentedRaftLogWorker.java:close(245)) - 05727db8-df0e-4fba-be48-9a4d471deba7@group-356C79822AC7-SegmentedRaftLogWorker close()
2024-04-29 09:21:36,356 [JvmPauseMonitor40] INFO  util.JvmPauseMonitor (JvmPauseMonitor.java:run(152)) - JvmPauseMonitor-05727db8-df0e-4fba-be48-9a4d471deba7: Stopped
2024-04-29 09:21:38,168 [ForkJoinPool.commonPool-worker-2] INFO  utils.DatanodeStoreCache (DatanodeStoreCache.java:shutdownCache(116)) - Skip clearing cache in mini cluster mode. Entries left: [/home/runner/work/ozone/ozone/hadoop-ozone/integration-test/target/test-dir/MiniOzoneClusterImpl-5c564e69-bd94-47d8-8ed3-49bff913e719/ozone-meta/datanode-1/data-0/hdds/5c564e69-bd94-47d8-8ed3-49bff913e719/DS-23ea0279-cdc5-4cf1-ade7-6bf027b5a798/container.db, /home/runner/work/ozone/ozone/hadoop-ozone/integration-test/target/test-dir/MiniOzoneClusterImpl-5c564e69-bd94-47d8-8ed3-49bff913e719/ozone-meta/datanode-2/data-0/hdds/5c564e69-bd94-47d8-8ed3-49bff913e719/DS-2b15646b-aa5c-411e-aab6-3e92eedfff6a/container.db, /home/runner/work/ozone/ozone/hadoop-ozone/integration-test/target/test-dir/MiniOzoneClusterImpl-5c564e69-bd94-47d8-8ed3-49bff913e719/ozone-meta/datanode-3/data-0/hdds/5c564e69-bd94-47d8-8ed3-49bff913e719/DS-e8f0a85a-2001-4f0a-b61a-765999bb83b0/container.db, /home/runner/work/ozone/ozone/hadoop-ozone/integration-test/target/test-dir/MiniOzoneClusterImpl-5c564e69-bd94-47d8-8ed3-49bff913e719/ozone-meta/datanode-4/data-0/hdds/5c564e69-bd94-47d8-8ed3-49bff913e719/DS-05e0b499-9364-4b16-81a9-80fdc4bed8a4/container.db, /home/runner/work/ozone/ozone/hadoop-ozone/integration-test/target/test-dir/MiniOzoneClusterImpl-5c564e69-bd94-47d8-8ed3-49bff913e719/ozone-meta/datanode-5/data-0/hdds/5c564e69-bd94-47d8-8ed3-49bff913e719/DS-6cba9cb4-9499-49ef-b998-fb0f447b5fb7/container.db, /home/runner/work/ozone/ozone/hadoop-ozone/integration-test/target/test-dir/MiniOzoneClusterImpl-5c564e69-bd94-47d8-8ed3-49bff913e719/ozone-meta/datanode-6/data-0/hdds/5c564e69-bd94-47d8-8ed3-49bff913e719/DS-6065f5fa-c4cd-43cc-b88a-ba4314ce24f5/container.db, /home/runner/work/ozone/ozone/hadoop-ozone/integration-test/target/test-dir/MiniOzoneClusterImpl-5c564e69-bd94-47d8-8ed3-49bff913e719/ozone-meta/datanode-7/data-0/hdds/5c564e69-bd94-47d8-8ed3-49bff913e719/DS-b9ff2964-b938-43f8-97f9-2f5317e0132b/container.db, /home/runner/work/ozone/ozone/hadoop-ozone/integration-test/target/test-dir/MiniOzoneClusterImpl-5c564e69-bd94-47d8-8ed3-49bff913e719/ozone-meta/datanode-8/data-0/hdds/5c564e69-bd94-47d8-8ed3-49bff913e719/DS-1decc1f3-6a2a-408d-95fa-c945a8c6232c/container.db, /home/runner/work/ozone/ozone/hadoop-ozone/integration-test/target/test-dir/MiniOzoneClusterImpl-5c564e69-bd94-47d8-8ed3-49bff913e719/ozone-meta/datanode-9/data-0/hdds/5c564e69-bd94-47d8-8ed3-49bff913e719/DS-1391a816-3bbe-43e9-8ebe-ddca8a5e2ad1/container.db]
2024-04-29 09:21:38,169 [ForkJoinPool.commonPool-worker-2] INFO  utils.DatanodeStoreCache (DatanodeStoreCache.java:removeDB(110)) - Removed db /home/runner/work/ozone/ozone/hadoop-ozone/integration-test/target/test-dir/MiniOzoneClusterImpl-5c564e69-bd94-47d8-8ed3-49bff913e719/ozone-meta/datanode-2/data-0/hdds/5c564e69-bd94-47d8-8ed3-49bff913e719/DS-2b15646b-aa5c-411e-aab6-3e92eedfff6a/container.db from cache
2024-04-29 09:21:38,169 [ForkJoinPool.commonPool-worker-2] INFO  volume.HddsVolume (HddsVolume.java:closeDbStore(470)) - SchemaV3 db is stopped at /home/runner/work/ozone/ozone/hadoop-ozone/integration-test/target/test-dir/MiniOzoneClusterImpl-5c564e69-bd94-47d8-8ed3-49bff913e719/ozone-meta/datanode-2/data-0/hdds/5c564e69-bd94-47d8-8ed3-49bff913e719/DS-2b15646b-aa5c-411e-aab6-3e92eedfff6a/container.db for volume DS-2b15646b-aa5c-411e-aab6-3e92eedfff6a
2024-04-29 09:21:38,169 [ForkJoinPool.commonPool-worker-2] INFO  utils.BackgroundService (BackgroundService.java:shutdown(160)) - Shutting down service BlockDeletingService
2024-04-29 09:21:38,170 [ForkJoinPool.commonPool-worker-2] INFO  utils.BackgroundService (BackgroundService.java:shutdown(160)) - Shutting down service StaleRecoveringContainerScrubbingService
2024-04-29 09:21:38,170 [ForkJoinPool.commonPool-worker-2] INFO  statemachine.DatanodeStateMachine (DatanodeStateMachine.java:stopDaemon(638)) - Ozone container server stopped.
2024-04-29 09:21:38,170 [ForkJoinPool.commonPool-worker-2] INFO  handler.ContextHandler (ContextHandler.java:doStop(1159)) - Stopped o.e.j.w.WebAppContext@2d532099{hddsDatanode,/,null,STOPPED}{file:/home/runner/work/ozone/ozone/hadoop-hdds/container-service/target/classes/webapps/hddsDatanode}
2024-04-29 09:21:38,171 [ForkJoinPool.commonPool-worker-2] INFO  server.AbstractConnector (AbstractConnector.java:doStop(383)) - Stopped ServerConnector@3c31169f{HTTP/1.1, (http/1.1)}{0.0.0.0:15285}
2024-04-29 09:21:38,171 [ForkJoinPool.commonPool-worker-2] INFO  server.session (HouseKeeper.java:stopScavenging(149)) - node0 Stopped scavenging
2024-04-29 09:21:38,171 [ForkJoinPool.commonPool-worker-2] INFO  handler.ContextHandler (ContextHandler.java:doStop(1159)) - Stopped o.e.j.s.ServletContextHandler@1b15e7f6{static,/static,file:///home/runner/work/ozone/ozone/hadoop-hdds/container-service/target/classes/webapps/static,STOPPED}
2024-04-29 09:21:38,171 [ForkJoinPool.commonPool-worker-2] INFO  handler.ContextHandler (ContextHandler.java:doStop(1159)) - Stopped o.e.j.s.ServletContextHandler@7bb0b7b4{logs,/logs,file:///home/runner/work/ozone/ozone/hadoop-ozone/integration-test/target/log,STOPPED}
2024-04-29 09:21:38,171 [ForkJoinPool.commonPool-worker-2] INFO  ozone.HddsDatanodeClientProtocolServer (HddsDatanodeClientProtocolServer.java:stop(83)) - Stopping the RPC server for Client Protocol
2024-04-29 09:21:38,171 [ForkJoinPool.commonPool-worker-2] INFO  ipc.Server (Server.java:stop(3523)) - Stopping server on 15286
2024-04-29 09:21:38,172 [IPC Server listener on 15286] INFO  ipc.Server (Server.java:run(1434)) - Stopping IPC Server listener on 15286
2024-04-29 09:21:38,172 [IPC Server Responder] INFO  ipc.Server (Server.java:run(1567)) - Stopping IPC Server Responder
2024-04-29 09:21:38,173 [ForkJoinPool.commonPool-worker-2] INFO  ozoneimpl.OzoneContainer (OzoneContainer.java:stop(481)) - Attempting to stop container services.
2024-04-29 09:21:38,173 [ContainerMetadataScanner] WARN  ozoneimpl.AbstractBackgroundContainerScanner (AbstractBackgroundContainerScanner.java:handleRemainingSleep(134)) - Background container scan was interrupted.
2024-04-29 09:21:38,173 [ContainerMetadataScanner] INFO  ozoneimpl.AbstractBackgroundContainerScanner (AbstractBackgroundContainerScanner.java:run(61)) - Thread[ContainerMetadataScanner,5,main] exiting.
2024-04-29 09:21:38,173 [ForkJoinPool.commonPool-worker-2] INFO  ozoneimpl.BackgroundContainerDataScanner (BackgroundContainerDataScanner.java:shutdown(141)) - ContainerDataScanner(/home/runner/work/ozone/ozone/hadoop-ozone/integration-test/target/test-dir/MiniOzoneClusterImpl-5c564e69-bd94-47d8-8ed3-49bff913e719/ozone-meta/datanode-1/data-0/hdds) is shutting down. 
2024-04-29 09:21:38,173 [ContainerDataScanner(/home/runner/work/ozone/ozone/hadoop-ozone/integration-test/target/test-dir/MiniOzoneClusterImpl-5c564e69-bd94-47d8-8ed3-49bff913e719/ozone-meta/datanode-1/data-0/hdds)] WARN  ozoneimpl.AbstractBackgroundContainerScanner (AbstractBackgroundContainerScanner.java:handleRemainingSleep(134)) - Background container scan was interrupted.
2024-04-29 09:21:38,173 [ContainerDataScanner(/home/runner/work/ozone/ozone/hadoop-ozone/integration-test/target/test-dir/MiniOzoneClusterImpl-5c564e69-bd94-47d8-8ed3-49bff913e719/ozone-meta/datanode-1/data-0/hdds)] INFO  ozoneimpl.AbstractBackgroundContainerScanner (AbstractBackgroundContainerScanner.java:run(61)) - ContainerDataScanner(/home/runner/work/ozone/ozone/hadoop-ozone/integration-test/target/test-dir/MiniOzoneClusterImpl-5c564e69-bd94-47d8-8ed3-49bff913e719/ozone-meta/datanode-1/data-0/hdds, DS-23ea0279-cdc5-4cf1-ade7-6bf027b5a798) exiting.
2024-04-29 09:21:38,174 [ForkJoinPool.commonPool-worker-2] INFO  server.RaftServer (RaftServerProxy.java:lambda$close$9(416)) - 63ba3f95-8215-4442-8865-ad228f39fdb5: close
2024-04-29 09:21:38,174 [63ba3f95-8215-4442-8865-ad228f39fdb5-impl-thread1] INFO  server.RaftServer$Division (RaftServerImpl.java:lambda$close$3(526)) - 63ba3f95-8215-4442-8865-ad228f39fdb5@group-242C87B7064D: shutdown
2024-04-29 09:21:38,174 [63ba3f95-8215-4442-8865-ad228f39fdb5-impl-thread1] INFO  util.JmxRegister (JmxRegister.java:unregister(73)) - Successfully un-registered JMX Bean with object name Ratis:service=RaftServer,group=group-242C87B7064D,id=63ba3f95-8215-4442-8865-ad228f39fdb5
2024-04-29 09:21:38,174 [ForkJoinPool.commonPool-worker-2] INFO  server.GrpcService (GrpcService.java:closeImpl(311)) - 63ba3f95-8215-4442-8865-ad228f39fdb5: shutdown server org.apache.ratis.grpc.server.GrpcClientProtocolService now
2024-04-29 09:21:38,174 [63ba3f95-8215-4442-8865-ad228f39fdb5-impl-thread1] INFO  impl.RoleInfo (RoleInfo.java:shutdownLeaderState(94)) - 63ba3f95-8215-4442-8865-ad228f39fdb5: shutdown 63ba3f95-8215-4442-8865-ad228f39fdb5@group-242C87B7064D-LeaderStateImpl
2024-04-29 09:21:38,174 [63ba3f95-8215-4442-8865-ad228f39fdb5-impl-thread2] INFO  server.RaftServer$Division (RaftServerImpl.java:lambda$close$3(526)) - 63ba3f95-8215-4442-8865-ad228f39fdb5@group-F9A368723928: shutdown
2024-04-29 09:21:38,174 [63ba3f95-8215-4442-8865-ad228f39fdb5-impl-thread1] INFO  impl.PendingRequests (PendingRequests.java:sendNotLeaderResponses(289)) - 63ba3f95-8215-4442-8865-ad228f39fdb5@group-242C87B7064D-PendingRequests: sendNotLeaderResponses
2024-04-29 09:21:38,174 [63ba3f95-8215-4442-8865-ad228f39fdb5@group-242C87B7064D->4dbb8968-e71c-4514-a0ad-0b4a968227bb-GrpcLogAppender-LogAppenderDaemon] WARN  server.GrpcLogAppender (GrpcLogAppender.java:mayWait(289)) - 63ba3f95-8215-4442-8865-ad228f39fdb5@group-242C87B7064D->4dbb8968-e71c-4514-a0ad-0b4a968227bb-GrpcLogAppender: Wait interrupted by java.lang.InterruptedException
2024-04-29 09:21:38,174 [63ba3f95-8215-4442-8865-ad228f39fdb5-impl-thread2] INFO  util.JmxRegister (JmxRegister.java:unregister(73)) - Successfully un-registered JMX Bean with object name Ratis:service=RaftServer,group=group-F9A368723928,id=63ba3f95-8215-4442-8865-ad228f39fdb5
2024-04-29 09:21:38,174 [63ba3f95-8215-4442-8865-ad228f39fdb5-impl-thread2] INFO  impl.RoleInfo (RoleInfo.java:shutdownLeaderState(94)) - 63ba3f95-8215-4442-8865-ad228f39fdb5: shutdown 63ba3f95-8215-4442-8865-ad228f39fdb5@group-F9A368723928-LeaderStateImpl
2024-04-29 09:21:38,174 [63ba3f95-8215-4442-8865-ad228f39fdb5-impl-thread2] INFO  impl.PendingRequests (PendingRequests.java:sendNotLeaderResponses(289)) - 63ba3f95-8215-4442-8865-ad228f39fdb5@group-F9A368723928-PendingRequests: sendNotLeaderResponses
2024-04-29 09:21:38,174 [Thread-4785] INFO  server.GrpcServerProtocolClient (GrpcServerProtocolClient.java:close(103)) - 49450a51-652a-4dd9-a6c4-30eab7eea83e Close channels
2024-04-29 09:21:38,175 [63ba3f95-8215-4442-8865-ad228f39fdb5@group-242C87B7064D->49450a51-652a-4dd9-a6c4-30eab7eea83e-GrpcLogAppender-LogAppenderDaemon] WARN  server.GrpcLogAppender (GrpcLogAppender.java:mayWait(289)) - 63ba3f95-8215-4442-8865-ad228f39fdb5@group-242C87B7064D->49450a51-652a-4dd9-a6c4-30eab7eea83e-GrpcLogAppender: Wait interrupted by java.lang.InterruptedException
2024-04-29 09:21:38,175 [63ba3f95-8215-4442-8865-ad228f39fdb5-impl-thread1] INFO  impl.StateMachineUpdater (StateMachineUpdater.java:stopAndJoin(157)) - 63ba3f95-8215-4442-8865-ad228f39fdb5@group-242C87B7064D-StateMachineUpdater: set stopIndex = 0
2024-04-29 09:21:38,176 [63ba3f95-8215-4442-8865-ad228f39fdb5-impl-thread2] INFO  impl.StateMachineUpdater (StateMachineUpdater.java:stopAndJoin(157)) - 63ba3f95-8215-4442-8865-ad228f39fdb5@group-F9A368723928-StateMachineUpdater: set stopIndex = 0
2024-04-29 09:21:38,175 [Thread-4787] INFO  server.GrpcServerProtocolClient (GrpcServerProtocolClient.java:close(103)) - 4dbb8968-e71c-4514-a0ad-0b4a968227bb Close channels
2024-04-29 09:21:38,176 [63ba3f95-8215-4442-8865-ad228f39fdb5@group-F9A368723928-StateMachineUpdater] INFO  ratis.ContainerStateMachine (ContainerStateMachine.java:takeSnapshot(355)) - group-F9A368723928: Taking a snapshot at:(t:1, i:0) file /home/runner/work/ozone/ozone/hadoop-ozone/integration-test/target/test-dir/MiniOzoneClusterImpl-5c564e69-bd94-47d8-8ed3-49bff913e719/ozone-meta/datanode-1/ratis/84e43b68-0822-43bd-b806-f9a368723928/sm/snapshot.1_0
2024-04-29 09:21:38,175 [63ba3f95-8215-4442-8865-ad228f39fdb5@group-242C87B7064D-StateMachineUpdater] INFO  ratis.ContainerStateMachine (ContainerStateMachine.java:takeSnapshot(355)) - group-242C87B7064D: Taking a snapshot at:(t:1, i:0) file /home/runner/work/ozone/ozone/hadoop-ozone/integration-test/target/test-dir/MiniOzoneClusterImpl-5c564e69-bd94-47d8-8ed3-49bff913e719/ozone-meta/datanode-1/ratis/2decd3f6-b8d5-4c93-adee-242c87b7064d/sm/snapshot.1_0
2024-04-29 09:21:38,176 [ForkJoinPool.commonPool-worker-2] INFO  server.GrpcService (GrpcService.java:closeImpl(320)) - 63ba3f95-8215-4442-8865-ad228f39fdb5: shutdown server org.apache.ratis.grpc.server.GrpcClientProtocolService successfully
2024-04-29 09:21:38,176 [ForkJoinPool.commonPool-worker-2] INFO  server.GrpcService (GrpcService.java:closeImpl(311)) - 63ba3f95-8215-4442-8865-ad228f39fdb5: shutdown server GrpcServerProtocolService now
2024-04-29 09:21:38,177 [ForkJoinPool.commonPool-worker-2] INFO  server.GrpcService (GrpcService.java:closeImpl(320)) - 63ba3f95-8215-4442-8865-ad228f39fdb5: shutdown server GrpcServerProtocolService successfully
2024-04-29 09:21:38,177 [ForkJoinPool.commonPool-worker-2] INFO  server.GrpcService (GrpcService.java:closeImpl(311)) - 63ba3f95-8215-4442-8865-ad228f39fdb5: shutdown server org.apache.ratis.grpc.server.GrpcAdminProtocolService now
2024-04-29 09:21:38,177 [ForkJoinPool.commonPool-worker-2] INFO  server.GrpcService (GrpcService.java:closeImpl(320)) - 63ba3f95-8215-4442-8865-ad228f39fdb5: shutdown server org.apache.ratis.grpc.server.GrpcAdminProtocolService successfully
2024-04-29 09:21:38,178 [63ba3f95-8215-4442-8865-ad228f39fdb5@group-F9A368723928-StateMachineUpdater] INFO  ratis.ContainerStateMachine (ContainerStateMachine.java:takeSnapshot(366)) - group-F9A368723928: Finished taking a snapshot at:(t:1, i:0) file:/home/runner/work/ozone/ozone/hadoop-ozone/integration-test/target/test-dir/MiniOzoneClusterImpl-5c564e69-bd94-47d8-8ed3-49bff913e719/ozone-meta/datanode-1/ratis/84e43b68-0822-43bd-b806-f9a368723928/sm/snapshot.1_0 took: 2 ms
2024-04-29 09:21:38,178 [63ba3f95-8215-4442-8865-ad228f39fdb5@group-F9A368723928-StateMachineUpdater] INFO  impl.StateMachineUpdater (StateMachineUpdater.java:takeSnapshot(295)) - 63ba3f95-8215-4442-8865-ad228f39fdb5@group-F9A368723928-StateMachineUpdater: Took a snapshot at index 0
2024-04-29 09:21:38,178 [63ba3f95-8215-4442-8865-ad228f39fdb5@group-F9A368723928-StateMachineUpdater] INFO  impl.StateMachineUpdater (StateMachineUpdater.java:lambda$new$0(98)) - 63ba3f95-8215-4442-8865-ad228f39fdb5@group-F9A368723928-StateMachineUpdater: snapshotIndex: updateIncreasingly -1 -> 0
2024-04-29 09:21:38,178 [63ba3f95-8215-4442-8865-ad228f39fdb5@group-242C87B7064D-StateMachineUpdater] INFO  ratis.ContainerStateMachine (ContainerStateMachine.java:takeSnapshot(366)) - group-242C87B7064D: Finished taking a snapshot at:(t:1, i:0) file:/home/runner/work/ozone/ozone/hadoop-ozone/integration-test/target/test-dir/MiniOzoneClusterImpl-5c564e69-bd94-47d8-8ed3-49bff913e719/ozone-meta/datanode-1/ratis/2decd3f6-b8d5-4c93-adee-242c87b7064d/sm/snapshot.1_0 took: 3 ms
2024-04-29 09:21:38,178 [63ba3f95-8215-4442-8865-ad228f39fdb5-impl-thread2] INFO  server.RaftServer$Division (ServerState.java:close(427)) - 63ba3f95-8215-4442-8865-ad228f39fdb5@group-F9A368723928: applyIndex: 0
2024-04-29 09:21:38,178 [63ba3f95-8215-4442-8865-ad228f39fdb5@group-242C87B7064D-StateMachineUpdater] INFO  impl.StateMachineUpdater (StateMachineUpdater.java:takeSnapshot(295)) - 63ba3f95-8215-4442-8865-ad228f39fdb5@group-242C87B7064D-StateMachineUpdater: Took a snapshot at index 0
2024-04-29 09:21:38,178 [63ba3f95-8215-4442-8865-ad228f39fdb5@group-242C87B7064D-StateMachineUpdater] INFO  impl.StateMachineUpdater (StateMachineUpdater.java:lambda$new$0(98)) - 63ba3f95-8215-4442-8865-ad228f39fdb5@group-242C87B7064D-StateMachineUpdater: snapshotIndex: updateIncreasingly -1 -> 0
2024-04-29 09:21:38,178 [63ba3f95-8215-4442-8865-ad228f39fdb5-impl-thread1] INFO  server.RaftServer$Division (ServerState.java:close(427)) - 63ba3f95-8215-4442-8865-ad228f39fdb5@group-242C87B7064D: applyIndex: 0
2024-04-29 09:21:38,178 [63ba3f95-8215-4442-8865-ad228f39fdb5@group-242C87B7064D-cacheEviction-AwaitToRun] INFO  util.AwaitToRun (AwaitToRun.java:run(49)) - 63ba3f95-8215-4442-8865-ad228f39fdb5@group-242C87B7064D-cacheEviction-AwaitToRun-AwaitForSignal is interrupted
2024-04-29 09:21:38,179 [63ba3f95-8215-4442-8865-ad228f39fdb5@group-F9A368723928-cacheEviction-AwaitToRun] INFO  util.AwaitToRun (AwaitToRun.java:run(49)) - 63ba3f95-8215-4442-8865-ad228f39fdb5@group-F9A368723928-cacheEviction-AwaitToRun-AwaitForSignal is interrupted
2024-04-29 09:21:38,180 [63ba3f95-8215-4442-8865-ad228f39fdb5-NettyServerStreamRpc-bossGroup--thread1] INFO  logging.LoggingHandler (AbstractInternalLogger.java:log(148)) - [id: 0xb3dd8ad4, L:/0.0.0.0:15282] CLOSE
2024-04-29 09:21:38,181 [63ba3f95-8215-4442-8865-ad228f39fdb5-NettyServerStreamRpc-bossGroup--thread1] INFO  logging.LoggingHandler (AbstractInternalLogger.java:log(148)) - [id: 0xb3dd8ad4, L:/0.0.0.0:15282] INACTIVE
2024-04-29 09:21:38,181 [63ba3f95-8215-4442-8865-ad228f39fdb5-NettyServerStreamRpc-bossGroup--thread1] INFO  logging.LoggingHandler (AbstractInternalLogger.java:log(148)) - [id: 0xb3dd8ad4, L:/0.0.0.0:15282] UNREGISTERED
2024-04-29 09:21:38,195 [ForkJoinPool.commonPool-worker-3] INFO  utils.DatanodeStoreCache (DatanodeStoreCache.java:shutdownCache(116)) - Skip clearing cache in mini cluster mode. Entries left: [/home/runner/work/ozone/ozone/hadoop-ozone/integration-test/target/test-dir/MiniOzoneClusterImpl-5c564e69-bd94-47d8-8ed3-49bff913e719/ozone-meta/datanode-1/data-0/hdds/5c564e69-bd94-47d8-8ed3-49bff913e719/DS-23ea0279-cdc5-4cf1-ade7-6bf027b5a798/container.db, /home/runner/work/ozone/ozone/hadoop-ozone/integration-test/target/test-dir/MiniOzoneClusterImpl-5c564e69-bd94-47d8-8ed3-49bff913e719/ozone-meta/datanode-3/data-0/hdds/5c564e69-bd94-47d8-8ed3-49bff913e719/DS-e8f0a85a-2001-4f0a-b61a-765999bb83b0/container.db, /home/runner/work/ozone/ozone/hadoop-ozone/integration-test/target/test-dir/MiniOzoneClusterImpl-5c564e69-bd94-47d8-8ed3-49bff913e719/ozone-meta/datanode-4/data-0/hdds/5c564e69-bd94-47d8-8ed3-49bff913e719/DS-05e0b499-9364-4b16-81a9-80fdc4bed8a4/container.db, /home/runner/work/ozone/ozone/hadoop-ozone/integration-test/target/test-dir/MiniOzoneClusterImpl-5c564e69-bd94-47d8-8ed3-49bff913e719/ozone-meta/datanode-5/data-0/hdds/5c564e69-bd94-47d8-8ed3-49bff913e719/DS-6cba9cb4-9499-49ef-b998-fb0f447b5fb7/container.db, /home/runner/work/ozone/ozone/hadoop-ozone/integration-test/target/test-dir/MiniOzoneClusterImpl-5c564e69-bd94-47d8-8ed3-49bff913e719/ozone-meta/datanode-6/data-0/hdds/5c564e69-bd94-47d8-8ed3-49bff913e719/DS-6065f5fa-c4cd-43cc-b88a-ba4314ce24f5/container.db, /home/runner/work/ozone/ozone/hadoop-ozone/integration-test/target/test-dir/MiniOzoneClusterImpl-5c564e69-bd94-47d8-8ed3-49bff913e719/ozone-meta/datanode-7/data-0/hdds/5c564e69-bd94-47d8-8ed3-49bff913e719/DS-b9ff2964-b938-43f8-97f9-2f5317e0132b/container.db, /home/runner/work/ozone/ozone/hadoop-ozone/integration-test/target/test-dir/MiniOzoneClusterImpl-5c564e69-bd94-47d8-8ed3-49bff913e719/ozone-meta/datanode-8/data-0/hdds/5c564e69-bd94-47d8-8ed3-49bff913e719/DS-1decc1f3-6a2a-408d-95fa-c945a8c6232c/container.db, /home/runner/work/ozone/ozone/hadoop-ozone/integration-test/target/test-dir/MiniOzoneClusterImpl-5c564e69-bd94-47d8-8ed3-49bff913e719/ozone-meta/datanode-9/data-0/hdds/5c564e69-bd94-47d8-8ed3-49bff913e719/DS-1391a816-3bbe-43e9-8ebe-ddca8a5e2ad1/container.db]
2024-04-29 09:21:38,196 [ForkJoinPool.commonPool-worker-3] INFO  utils.DatanodeStoreCache (DatanodeStoreCache.java:removeDB(110)) - Removed db /home/runner/work/ozone/ozone/hadoop-ozone/integration-test/target/test-dir/MiniOzoneClusterImpl-5c564e69-bd94-47d8-8ed3-49bff913e719/ozone-meta/datanode-3/data-0/hdds/5c564e69-bd94-47d8-8ed3-49bff913e719/DS-e8f0a85a-2001-4f0a-b61a-765999bb83b0/container.db from cache
2024-04-29 09:21:38,196 [ForkJoinPool.commonPool-worker-3] INFO  volume.HddsVolume (HddsVolume.java:closeDbStore(470)) - SchemaV3 db is stopped at /home/runner/work/ozone/ozone/hadoop-ozone/integration-test/target/test-dir/MiniOzoneClusterImpl-5c564e69-bd94-47d8-8ed3-49bff913e719/ozone-meta/datanode-3/data-0/hdds/5c564e69-bd94-47d8-8ed3-49bff913e719/DS-e8f0a85a-2001-4f0a-b61a-765999bb83b0/container.db for volume DS-e8f0a85a-2001-4f0a-b61a-765999bb83b0
2024-04-29 09:21:38,196 [ForkJoinPool.commonPool-worker-3] INFO  utils.BackgroundService (BackgroundService.java:shutdown(160)) - Shutting down service BlockDeletingService
2024-04-29 09:21:38,196 [ForkJoinPool.commonPool-worker-3] INFO  utils.BackgroundService (BackgroundService.java:shutdown(160)) - Shutting down service StaleRecoveringContainerScrubbingService
2024-04-29 09:21:38,196 [ForkJoinPool.commonPool-worker-3] INFO  statemachine.DatanodeStateMachine (DatanodeStateMachine.java:stopDaemon(638)) - Ozone container server stopped.
2024-04-29 09:21:38,197 [ForkJoinPool.commonPool-worker-3] INFO  handler.ContextHandler (ContextHandler.java:doStop(1159)) - Stopped o.e.j.w.WebAppContext@281c1f99{hddsDatanode,/,null,STOPPED}{file:/home/runner/work/ozone/ozone/hadoop-hdds/container-service/target/classes/webapps/hddsDatanode}
2024-04-29 09:21:38,197 [ForkJoinPool.commonPool-worker-3] INFO  server.AbstractConnector (AbstractConnector.java:doStop(383)) - Stopped ServerConnector@4e9b4e98{HTTP/1.1, (http/1.1)}{0.0.0.0:15294}
2024-04-29 09:21:38,197 [ForkJoinPool.commonPool-worker-3] INFO  server.session (HouseKeeper.java:stopScavenging(149)) - node0 Stopped scavenging
2024-04-29 09:21:38,197 [ForkJoinPool.commonPool-worker-3] INFO  handler.ContextHandler (ContextHandler.java:doStop(1159)) - Stopped o.e.j.s.ServletContextHandler@637a43b{static,/static,file:///home/runner/work/ozone/ozone/hadoop-hdds/container-service/target/classes/webapps/static,STOPPED}
2024-04-29 09:21:38,197 [ForkJoinPool.commonPool-worker-3] INFO  handler.ContextHandler (ContextHandler.java:doStop(1159)) - Stopped o.e.j.s.ServletContextHandler@3f5353ab{logs,/logs,file:///home/runner/work/ozone/ozone/hadoop-ozone/integration-test/target/log,STOPPED}
2024-04-29 09:21:38,198 [ForkJoinPool.commonPool-worker-3] INFO  ozone.HddsDatanodeClientProtocolServer (HddsDatanodeClientProtocolServer.java:stop(83)) - Stopping the RPC server for Client Protocol
2024-04-29 09:21:38,198 [ForkJoinPool.commonPool-worker-3] INFO  ipc.Server (Server.java:stop(3523)) - Stopping server on 15295
2024-04-29 09:21:38,198 [IPC Server listener on 15295] INFO  ipc.Server (Server.java:run(1434)) - Stopping IPC Server listener on 15295
2024-04-29 09:21:38,198 [IPC Server Responder] INFO  ipc.Server (Server.java:run(1567)) - Stopping IPC Server Responder
2024-04-29 09:21:38,199 [ForkJoinPool.commonPool-worker-3] INFO  ozoneimpl.OzoneContainer (OzoneContainer.java:stop(481)) - Attempting to stop container services.
2024-04-29 09:21:38,199 [ContainerMetadataScanner] WARN  ozoneimpl.AbstractBackgroundContainerScanner (AbstractBackgroundContainerScanner.java:handleRemainingSleep(134)) - Background container scan was interrupted.
2024-04-29 09:21:38,199 [ContainerMetadataScanner] INFO  ozoneimpl.AbstractBackgroundContainerScanner (AbstractBackgroundContainerScanner.java:run(61)) - Thread[ContainerMetadataScanner,5,main] exiting.
2024-04-29 09:21:38,200 [ForkJoinPool.commonPool-worker-3] INFO  ozoneimpl.BackgroundContainerDataScanner (BackgroundContainerDataScanner.java:shutdown(141)) - ContainerDataScanner(/home/runner/work/ozone/ozone/hadoop-ozone/integration-test/target/test-dir/MiniOzoneClusterImpl-5c564e69-bd94-47d8-8ed3-49bff913e719/ozone-meta/datanode-8/data-0/hdds) is shutting down. 
2024-04-29 09:21:38,200 [ContainerDataScanner(/home/runner/work/ozone/ozone/hadoop-ozone/integration-test/target/test-dir/MiniOzoneClusterImpl-5c564e69-bd94-47d8-8ed3-49bff913e719/ozone-meta/datanode-8/data-0/hdds)] WARN  ozoneimpl.AbstractBackgroundContainerScanner (AbstractBackgroundContainerScanner.java:handleRemainingSleep(134)) - Background container scan was interrupted.
2024-04-29 09:21:38,200 [ContainerDataScanner(/home/runner/work/ozone/ozone/hadoop-ozone/integration-test/target/test-dir/MiniOzoneClusterImpl-5c564e69-bd94-47d8-8ed3-49bff913e719/ozone-meta/datanode-8/data-0/hdds)] INFO  ozoneimpl.AbstractBackgroundContainerScanner (AbstractBackgroundContainerScanner.java:run(61)) - ContainerDataScanner(/home/runner/work/ozone/ozone/hadoop-ozone/integration-test/target/test-dir/MiniOzoneClusterImpl-5c564e69-bd94-47d8-8ed3-49bff913e719/ozone-meta/datanode-8/data-0/hdds, DS-1decc1f3-6a2a-408d-95fa-c945a8c6232c) exiting.
2024-04-29 09:21:38,200 [ForkJoinPool.commonPool-worker-3] INFO  server.RaftServer (RaftServerProxy.java:lambda$close$9(416)) - 9aa29c9a-34be-4d10-8746-61e8629e52a2: close
2024-04-29 09:21:38,200 [9aa29c9a-34be-4d10-8746-61e8629e52a2-impl-thread1] INFO  server.RaftServer$Division (RaftServerImpl.java:lambda$close$3(526)) - 9aa29c9a-34be-4d10-8746-61e8629e52a2@group-5A9B4F6A45D4: shutdown
2024-04-29 09:21:38,200 [9aa29c9a-34be-4d10-8746-61e8629e52a2-impl-thread1] INFO  util.JmxRegister (JmxRegister.java:unregister(73)) - Successfully un-registered JMX Bean with object name Ratis:service=RaftServer,group=group-5A9B4F6A45D4,id=9aa29c9a-34be-4d10-8746-61e8629e52a2
2024-04-29 09:21:38,200 [9aa29c9a-34be-4d10-8746-61e8629e52a2-impl-thread1] INFO  impl.RoleInfo (RoleInfo.java:shutdownLeaderState(94)) - 9aa29c9a-34be-4d10-8746-61e8629e52a2: shutdown 9aa29c9a-34be-4d10-8746-61e8629e52a2@group-5A9B4F6A45D4-LeaderStateImpl
2024-04-29 09:21:38,200 [9aa29c9a-34be-4d10-8746-61e8629e52a2-impl-thread1] INFO  impl.PendingRequests (PendingRequests.java:sendNotLeaderResponses(289)) - 9aa29c9a-34be-4d10-8746-61e8629e52a2@group-5A9B4F6A45D4-PendingRequests: sendNotLeaderResponses
2024-04-29 09:21:38,201 [9aa29c9a-34be-4d10-8746-61e8629e52a2-impl-thread1] INFO  impl.StateMachineUpdater (StateMachineUpdater.java:stopAndJoin(157)) - 9aa29c9a-34be-4d10-8746-61e8629e52a2@group-5A9B4F6A45D4-StateMachineUpdater: set stopIndex = 0
2024-04-29 09:21:38,201 [9aa29c9a-34be-4d10-8746-61e8629e52a2@group-5A9B4F6A45D4-StateMachineUpdater] INFO  ratis.ContainerStateMachine (ContainerStateMachine.java:takeSnapshot(355)) - group-5A9B4F6A45D4: Taking a snapshot at:(t:1, i:0) file /home/runner/work/ozone/ozone/hadoop-ozone/integration-test/target/test-dir/MiniOzoneClusterImpl-5c564e69-bd94-47d8-8ed3-49bff913e719/ozone-meta/datanode-8/ratis/29251c77-070d-4cc2-b3f9-5a9b4f6a45d4/sm/snapshot.1_0
2024-04-29 09:21:38,201 [ForkJoinPool.commonPool-worker-3] INFO  server.GrpcService (GrpcService.java:closeImpl(311)) - 9aa29c9a-34be-4d10-8746-61e8629e52a2: shutdown server org.apache.ratis.grpc.server.GrpcClientProtocolService now
2024-04-29 09:21:38,201 [9aa29c9a-34be-4d10-8746-61e8629e52a2-impl-thread2] INFO  server.RaftServer$Division (RaftServerImpl.java:lambda$close$3(526)) - 9aa29c9a-34be-4d10-8746-61e8629e52a2@group-86FDD4066E61: shutdown
2024-04-29 09:21:38,201 [9aa29c9a-34be-4d10-8746-61e8629e52a2-impl-thread2] INFO  util.JmxRegister (JmxRegister.java:unregister(73)) - Successfully un-registered JMX Bean with object name Ratis:service=RaftServer,group=group-86FDD4066E61,id=9aa29c9a-34be-4d10-8746-61e8629e52a2
2024-04-29 09:21:38,201 [9aa29c9a-34be-4d10-8746-61e8629e52a2-impl-thread2] INFO  impl.RoleInfo (RoleInfo.java:shutdownLeaderState(94)) - 9aa29c9a-34be-4d10-8746-61e8629e52a2: shutdown 9aa29c9a-34be-4d10-8746-61e8629e52a2@group-86FDD4066E61-LeaderStateImpl
2024-04-29 09:21:38,201 [9aa29c9a-34be-4d10-8746-61e8629e52a2@group-86FDD4066E61->2915b4d7-e658-4864-9310-64154da9bd5b-GrpcLogAppender-LogAppenderDaemon] WARN  server.GrpcLogAppender (GrpcLogAppender.java:mayWait(289)) - 9aa29c9a-34be-4d10-8746-61e8629e52a2@group-86FDD4066E61->2915b4d7-e658-4864-9310-64154da9bd5b-GrpcLogAppender: Wait interrupted by java.lang.InterruptedException
2024-04-29 09:21:38,201 [9aa29c9a-34be-4d10-8746-61e8629e52a2@group-5A9B4F6A45D4-StateMachineUpdater] INFO  ratis.ContainerStateMachine (ContainerStateMachine.java:takeSnapshot(366)) - group-5A9B4F6A45D4: Finished taking a snapshot at:(t:1, i:0) file:/home/runner/work/ozone/ozone/hadoop-ozone/integration-test/target/test-dir/MiniOzoneClusterImpl-5c564e69-bd94-47d8-8ed3-49bff913e719/ozone-meta/datanode-8/ratis/29251c77-070d-4cc2-b3f9-5a9b4f6a45d4/sm/snapshot.1_0 took: 1 ms
2024-04-29 09:21:38,202 [9aa29c9a-34be-4d10-8746-61e8629e52a2@group-5A9B4F6A45D4-StateMachineUpdater] INFO  impl.StateMachineUpdater (StateMachineUpdater.java:takeSnapshot(295)) - 9aa29c9a-34be-4d10-8746-61e8629e52a2@group-5A9B4F6A45D4-StateMachineUpdater: Took a snapshot at index 0
2024-04-29 09:21:38,202 [9aa29c9a-34be-4d10-8746-61e8629e52a2@group-5A9B4F6A45D4-StateMachineUpdater] INFO  impl.StateMachineUpdater (StateMachineUpdater.java:lambda$new$0(98)) - 9aa29c9a-34be-4d10-8746-61e8629e52a2@group-5A9B4F6A45D4-StateMachineUpdater: snapshotIndex: updateIncreasingly -1 -> 0
2024-04-29 09:21:38,202 [9aa29c9a-34be-4d10-8746-61e8629e52a2-impl-thread1] INFO  server.RaftServer$Division (ServerState.java:close(427)) - 9aa29c9a-34be-4d10-8746-61e8629e52a2@group-5A9B4F6A45D4: applyIndex: 0
2024-04-29 09:21:38,202 [9aa29c9a-34be-4d10-8746-61e8629e52a2@group-5A9B4F6A45D4-cacheEviction-AwaitToRun] INFO  util.AwaitToRun (AwaitToRun.java:run(49)) - 9aa29c9a-34be-4d10-8746-61e8629e52a2@group-5A9B4F6A45D4-cacheEviction-AwaitToRun-AwaitForSignal is interrupted
2024-04-29 09:21:38,201 [9aa29c9a-34be-4d10-8746-61e8629e52a2@group-86FDD4066E61->ab29e55d-edbb-4b88-be19-86f551408953-GrpcLogAppender-LogAppenderDaemon] WARN  server.GrpcLogAppender (GrpcLogAppender.java:mayWait(289)) - 9aa29c9a-34be-4d10-8746-61e8629e52a2@group-86FDD4066E61->ab29e55d-edbb-4b88-be19-86f551408953-GrpcLogAppender: Wait interrupted by java.lang.InterruptedException
2024-04-29 09:21:38,203 [grpc-default-executor-5] INFO  server.GrpcServerProtocolService (GrpcServerProtocolService.java:onCompleted(157)) - ab29e55d-edbb-4b88-be19-86f551408953: Completed APPEND_ENTRIES, lastRequest: 9aa29c9a-34be-4d10-8746-61e8629e52a2->ab29e55d-edbb-4b88-be19-86f551408953#1-t1,previous=(t:0, i:0),leaderCommit=-1,initializing? false,entries: size=1, first=(t:1, i:0), CONFIGURATIONENTRY(current:id: "ab29e55d-edbb-4b88-be19-86f551408953"
address: "127.0.0.1:15335"
dataStreamAddress: "127.0.0.1:15336"
clientAddress: "127.0.0.1:15333"
adminAddress: "127.0.0.1:15334"
startupRole: FOLLOWER
,id: "9aa29c9a-34be-4d10-8746-61e8629e52a2"
address: "127.0.0.1:15344"
priority: 1
dataStreamAddress: "127.0.0.1:15345"
clientAddress: "127.0.0.1:15342"
adminAddress: "127.0.0.1:15343"
startupRole: FOLLOWER
,id: "2915b4d7-e658-4864-9310-64154da9bd5b"
address: "127.0.0.1:15353"
dataStreamAddress: "127.0.0.1:15354"
clientAddress: "127.0.0.1:15351"
adminAddress: "127.0.0.1:15352"
startupRole: FOLLOWER
, old:)
2024-04-29 09:21:38,203 [grpc-default-executor-5] INFO  server.GrpcServerProtocolService (GrpcServerProtocolService.java:lambda$onCompleted$5(159)) - ab29e55d-edbb-4b88-be19-86f551408953: Completed APPEND_ENTRIES, lastReply: null
2024-04-29 09:21:38,201 [9aa29c9a-34be-4d10-8746-61e8629e52a2-impl-thread2] INFO  impl.PendingRequests (PendingRequests.java:sendNotLeaderResponses(289)) - 9aa29c9a-34be-4d10-8746-61e8629e52a2@group-86FDD4066E61-PendingRequests: sendNotLeaderResponses
2024-04-29 09:21:38,203 [grpc-default-executor-0] INFO  server.GrpcServerProtocolService (GrpcServerProtocolService.java:onCompleted(157)) - 2915b4d7-e658-4864-9310-64154da9bd5b: Completed APPEND_ENTRIES, lastRequest: 9aa29c9a-34be-4d10-8746-61e8629e52a2->2915b4d7-e658-4864-9310-64154da9bd5b#1-t1,previous=(t:0, i:0),leaderCommit=-1,initializing? false,entries: size=1, first=(t:1, i:0), CONFIGURATIONENTRY(current:id: "ab29e55d-edbb-4b88-be19-86f551408953"
address: "127.0.0.1:15335"
dataStreamAddress: "127.0.0.1:15336"
clientAddress: "127.0.0.1:15333"
adminAddress: "127.0.0.1:15334"
startupRole: FOLLOWER
,id: "9aa29c9a-34be-4d10-8746-61e8629e52a2"
address: "127.0.0.1:15344"
priority: 1
dataStreamAddress: "127.0.0.1:15345"
clientAddress: "127.0.0.1:15342"
adminAddress: "127.0.0.1:15343"
startupRole: FOLLOWER
,id: "2915b4d7-e658-4864-9310-64154da9bd5b"
address: "127.0.0.1:15353"
dataStreamAddress: "127.0.0.1:15354"
clientAddress: "127.0.0.1:15351"
adminAddress: "127.0.0.1:15352"
startupRole: FOLLOWER
, old:)
2024-04-29 09:21:38,203 [grpc-default-executor-0] INFO  server.GrpcServerProtocolService (GrpcServerProtocolService.java:lambda$onCompleted$5(159)) - 2915b4d7-e658-4864-9310-64154da9bd5b: Completed APPEND_ENTRIES, lastReply: null
2024-04-29 09:21:38,202 [Thread-4832] INFO  server.GrpcServerProtocolClient (GrpcServerProtocolClient.java:close(103)) - 2915b4d7-e658-4864-9310-64154da9bd5b Close channels
2024-04-29 09:21:38,204 [grpc-default-executor-5] INFO  server.GrpcLogAppender (GrpcLogAppender.java:onCompleted(546)) - 9aa29c9a-34be-4d10-8746-61e8629e52a2@group-86FDD4066E61->ab29e55d-edbb-4b88-be19-86f551408953-AppendLogResponseHandler: follower responses appendEntries COMPLETED
2024-04-29 09:21:38,202 [grpc-default-executor-3] INFO  server.GrpcServerProtocolService (GrpcServerProtocolService.java:onCompleted(157)) - 2915b4d7-e658-4864-9310-64154da9bd5b: Completed APPEND_ENTRIES, lastRequest: null
2024-04-29 09:21:38,203 [grpc-default-executor-2] INFO  server.GrpcServerProtocolService (GrpcServerProtocolService.java:onCompleted(157)) - ab29e55d-edbb-4b88-be19-86f551408953: Completed APPEND_ENTRIES, lastRequest: null
2024-04-29 09:21:38,204 [grpc-default-executor-2] INFO  server.GrpcServerProtocolService (GrpcServerProtocolService.java:lambda$onCompleted$5(159)) - ab29e55d-edbb-4b88-be19-86f551408953: Completed APPEND_ENTRIES, lastReply: serverReply {
  requestorId: "9aa29c9a-34be-4d10-8746-61e8629e52a2"
  replyId: "ab29e55d-edbb-4b88-be19-86f551408953"
  raftGroupId {
    id: "\v\034M^\306\361Br\250^\206\375\324\006na"
  }
  callId: 10
  success: true
}
term: 1
nextIndex: 1
matchIndex: 18446744073709551615
isHearbeat: true

2024-04-29 09:21:38,204 [grpc-default-executor-2] INFO  server.GrpcLogAppender (GrpcLogAppender.java:onCompleted(546)) - 9aa29c9a-34be-4d10-8746-61e8629e52a2@group-86FDD4066E61->2915b4d7-e658-4864-9310-64154da9bd5b-AppendLogResponseHandler: follower responses appendEntries COMPLETED
2024-04-29 09:21:38,204 [grpc-default-executor-2] WARN  server.GrpcLogAppender (GrpcLogAppender.java:resetClient(226)) - 9aa29c9a-34be-4d10-8746-61e8629e52a2@group-86FDD4066E61->2915b4d7-e658-4864-9310-64154da9bd5b-GrpcLogAppender: Failed to getClient for 2915b4d7-e658-4864-9310-64154da9bd5b
org.apache.ratis.protocol.exceptions.AlreadyClosedException: 9aa29c9a-34be-4d10-8746-61e8629e52a2 is already CLOSED
	at org.apache.ratis.util.PeerProxyMap$PeerAndProxy.getProxy(PeerProxyMap.java:65)
	at org.apache.ratis.util.PeerProxyMap.getProxy(PeerProxyMap.java:114)
	at org.apache.ratis.grpc.server.GrpcLogAppender.getClient(GrpcLogAppender.java:196)
	at org.apache.ratis.grpc.server.GrpcLogAppender.resetClient(GrpcLogAppender.java:201)
	at org.apache.ratis.grpc.server.GrpcLogAppender.access$800(GrpcLogAppender.java:62)
	at org.apache.ratis.grpc.server.GrpcLogAppender$AppendLogResponseHandler.onCompleted(GrpcLogAppender.java:547)
	at org.apache.ratis.thirdparty.io.grpc.stub.ClientCalls$StreamObserverToCallListenerAdapter.onClose(ClientCalls.java:479)
	at org.apache.ratis.thirdparty.io.grpc.internal.ClientCallImpl.closeObserver(ClientCallImpl.java:567)
	at org.apache.ratis.thirdparty.io.grpc.internal.ClientCallImpl.access$300(ClientCallImpl.java:71)
	at org.apache.ratis.thirdparty.io.grpc.internal.ClientCallImpl$ClientStreamListenerImpl$1StreamClosed.runInternal(ClientCallImpl.java:735)
	at org.apache.ratis.thirdparty.io.grpc.internal.ClientCallImpl$ClientStreamListenerImpl$1StreamClosed.runInContext(ClientCallImpl.java:716)
	at org.apache.ratis.thirdparty.io.grpc.internal.ContextRunnable.run(ContextRunnable.java:37)
	at org.apache.ratis.thirdparty.io.grpc.internal.SerializingExecutor.run(SerializingExecutor.java:133)
	at java.base/java.util.concurrent.ThreadPoolExecutor.runWorker(ThreadPoolExecutor.java:1136)
	at java.base/java.util.concurrent.ThreadPoolExecutor$Worker.run(ThreadPoolExecutor.java:635)
	at java.base/java.lang.Thread.run(Thread.java:840)
2024-04-29 09:21:38,204 [grpc-default-executor-3] INFO  server.GrpcServerProtocolService (GrpcServerProtocolService.java:lambda$onCompleted$5(159)) - 2915b4d7-e658-4864-9310-64154da9bd5b: Completed APPEND_ENTRIES, lastReply: serverReply {
  requestorId: "9aa29c9a-34be-4d10-8746-61e8629e52a2"
  replyId: "2915b4d7-e658-4864-9310-64154da9bd5b"
  raftGroupId {
    id: "\v\034M^\306\361Br\250^\206\375\324\006na"
  }
  callId: 8
  success: true
}
term: 1
nextIndex: 1
matchIndex: 18446744073709551615
isHearbeat: true

2024-04-29 09:21:38,205 [grpc-default-executor-2] INFO  server.GrpcLogAppender (GrpcLogAppender.java:onCompleted(546)) - 9aa29c9a-34be-4d10-8746-61e8629e52a2@group-86FDD4066E61->ab29e55d-edbb-4b88-be19-86f551408953-AppendLogResponseHandler: follower responses appendEntries COMPLETED
2024-04-29 09:21:38,205 [grpc-default-executor-5] WARN  server.GrpcLogAppender (GrpcLogAppender.java:resetClient(226)) - 9aa29c9a-34be-4d10-8746-61e8629e52a2@group-86FDD4066E61->ab29e55d-edbb-4b88-be19-86f551408953-GrpcLogAppender: Failed to getClient for ab29e55d-edbb-4b88-be19-86f551408953
org.apache.ratis.protocol.exceptions.AlreadyClosedException: 9aa29c9a-34be-4d10-8746-61e8629e52a2 is already CLOSED
	at org.apache.ratis.util.PeerProxyMap$PeerAndProxy.getProxy(PeerProxyMap.java:65)
	at org.apache.ratis.util.PeerProxyMap.getProxy(PeerProxyMap.java:114)
	at org.apache.ratis.grpc.server.GrpcLogAppender.getClient(GrpcLogAppender.java:196)
	at org.apache.ratis.grpc.server.GrpcLogAppender.resetClient(GrpcLogAppender.java:201)
	at org.apache.ratis.grpc.server.GrpcLogAppender.access$800(GrpcLogAppender.java:62)
	at org.apache.ratis.grpc.server.GrpcLogAppender$AppendLogResponseHandler.onCompleted(GrpcLogAppender.java:547)
	at org.apache.ratis.thirdparty.io.grpc.stub.ClientCalls$StreamObserverToCallListenerAdapter.onClose(ClientCalls.java:479)
	at org.apache.ratis.thirdparty.io.grpc.internal.ClientCallImpl.closeObserver(ClientCallImpl.java:567)
	at org.apache.ratis.thirdparty.io.grpc.internal.ClientCallImpl.access$300(ClientCallImpl.java:71)
	at org.apache.ratis.thirdparty.io.grpc.internal.ClientCallImpl$ClientStreamListenerImpl$1StreamClosed.runInternal(ClientCallImpl.java:735)
	at org.apache.ratis.thirdparty.io.grpc.internal.ClientCallImpl$ClientStreamListenerImpl$1StreamClosed.runInContext(ClientCallImpl.java:716)
	at org.apache.ratis.thirdparty.io.grpc.internal.ContextRunnable.run(ContextRunnable.java:37)
	at org.apache.ratis.thirdparty.io.grpc.internal.SerializingExecutor.run(SerializingExecutor.java:133)
	at java.base/java.util.concurrent.ThreadPoolExecutor.runWorker(ThreadPoolExecutor.java:1136)
	at java.base/java.util.concurrent.ThreadPoolExecutor$Worker.run(ThreadPoolExecutor.java:635)
	at java.base/java.lang.Thread.run(Thread.java:840)
2024-04-29 09:21:38,205 [grpc-default-executor-2] WARN  server.GrpcLogAppender (GrpcLogAppender.java:resetClient(226)) - 9aa29c9a-34be-4d10-8746-61e8629e52a2@group-86FDD4066E61->ab29e55d-edbb-4b88-be19-86f551408953-GrpcLogAppender: Failed to getClient for ab29e55d-edbb-4b88-be19-86f551408953
org.apache.ratis.protocol.exceptions.AlreadyClosedException: 9aa29c9a-34be-4d10-8746-61e8629e52a2 is already CLOSED
	at org.apache.ratis.util.PeerProxyMap$PeerAndProxy.getProxy(PeerProxyMap.java:65)
	at org.apache.ratis.util.PeerProxyMap.getProxy(PeerProxyMap.java:114)
	at org.apache.ratis.grpc.server.GrpcLogAppender.getClient(GrpcLogAppender.java:196)
	at org.apache.ratis.grpc.server.GrpcLogAppender.resetClient(GrpcLogAppender.java:201)
	at org.apache.ratis.grpc.server.GrpcLogAppender.access$800(GrpcLogAppender.java:62)
	at org.apache.ratis.grpc.server.GrpcLogAppender$AppendLogResponseHandler.onCompleted(GrpcLogAppender.java:547)
	at org.apache.ratis.thirdparty.io.grpc.stub.ClientCalls$StreamObserverToCallListenerAdapter.onClose(ClientCalls.java:479)
	at org.apache.ratis.thirdparty.io.grpc.internal.ClientCallImpl.closeObserver(ClientCallImpl.java:567)
	at org.apache.ratis.thirdparty.io.grpc.internal.ClientCallImpl.access$300(ClientCallImpl.java:71)
	at org.apache.ratis.thirdparty.io.grpc.internal.ClientCallImpl$ClientStreamListenerImpl$1StreamClosed.runInternal(ClientCallImpl.java:735)
	at org.apache.ratis.thirdparty.io.grpc.internal.ClientCallImpl$ClientStreamListenerImpl$1StreamClosed.runInContext(ClientCallImpl.java:716)
	at org.apache.ratis.thirdparty.io.grpc.internal.ContextRunnable.run(ContextRunnable.java:37)
	at org.apache.ratis.thirdparty.io.grpc.internal.SerializingExecutor.run(SerializingExecutor.java:133)
	at java.base/java.util.concurrent.ThreadPoolExecutor.runWorker(ThreadPoolExecutor.java:1136)
	at java.base/java.util.concurrent.ThreadPoolExecutor$Worker.run(ThreadPoolExecutor.java:635)
	at java.base/java.lang.Thread.run(Thread.java:840)
2024-04-29 09:21:38,205 [Thread-4830] INFO  server.GrpcServerProtocolClient (GrpcServerProtocolClient.java:close(103)) - ab29e55d-edbb-4b88-be19-86f551408953 Close channels
2024-04-29 09:21:38,206 [grpc-default-executor-5] INFO  server.GrpcLogAppender (GrpcLogAppender.java:onCompleted(546)) - 9aa29c9a-34be-4d10-8746-61e8629e52a2@group-86FDD4066E61->2915b4d7-e658-4864-9310-64154da9bd5b-AppendLogResponseHandler: follower responses appendEntries COMPLETED
2024-04-29 09:21:38,206 [ForkJoinPool.commonPool-worker-3] INFO  server.GrpcService (GrpcService.java:closeImpl(320)) - 9aa29c9a-34be-4d10-8746-61e8629e52a2: shutdown server org.apache.ratis.grpc.server.GrpcClientProtocolService successfully
2024-04-29 09:21:38,206 [ForkJoinPool.commonPool-worker-3] INFO  server.GrpcService (GrpcService.java:closeImpl(311)) - 9aa29c9a-34be-4d10-8746-61e8629e52a2: shutdown server GrpcServerProtocolService now
2024-04-29 09:21:38,206 [grpc-default-executor-5] WARN  server.GrpcLogAppender (GrpcLogAppender.java:resetClient(226)) - 9aa29c9a-34be-4d10-8746-61e8629e52a2@group-86FDD4066E61->2915b4d7-e658-4864-9310-64154da9bd5b-GrpcLogAppender: Failed to getClient for 2915b4d7-e658-4864-9310-64154da9bd5b
org.apache.ratis.protocol.exceptions.AlreadyClosedException: 9aa29c9a-34be-4d10-8746-61e8629e52a2 is already CLOSED
	at org.apache.ratis.util.PeerProxyMap$PeerAndProxy.getProxy(PeerProxyMap.java:65)
	at org.apache.ratis.util.PeerProxyMap.getProxy(PeerProxyMap.java:114)
	at org.apache.ratis.grpc.server.GrpcLogAppender.getClient(GrpcLogAppender.java:196)
	at org.apache.ratis.grpc.server.GrpcLogAppender.resetClient(GrpcLogAppender.java:201)
	at org.apache.ratis.grpc.server.GrpcLogAppender.access$800(GrpcLogAppender.java:62)
	at org.apache.ratis.grpc.server.GrpcLogAppender$AppendLogResponseHandler.onCompleted(GrpcLogAppender.java:547)
	at org.apache.ratis.thirdparty.io.grpc.stub.ClientCalls$StreamObserverToCallListenerAdapter.onClose(ClientCalls.java:479)
	at org.apache.ratis.thirdparty.io.grpc.internal.ClientCallImpl.closeObserver(ClientCallImpl.java:567)
	at org.apache.ratis.thirdparty.io.grpc.internal.ClientCallImpl.access$300(ClientCallImpl.java:71)
	at org.apache.ratis.thirdparty.io.grpc.internal.ClientCallImpl$ClientStreamListenerImpl$1StreamClosed.runInternal(ClientCallImpl.java:735)
	at org.apache.ratis.thirdparty.io.grpc.internal.ClientCallImpl$ClientStreamListenerImpl$1StreamClosed.runInContext(ClientCallImpl.java:716)
	at org.apache.ratis.thirdparty.io.grpc.internal.ContextRunnable.run(ContextRunnable.java:37)
	at org.apache.ratis.thirdparty.io.grpc.internal.SerializingExecutor.run(SerializingExecutor.java:133)
	at java.base/java.util.concurrent.ThreadPoolExecutor.runWorker(ThreadPoolExecutor.java:1136)
	at java.base/java.util.concurrent.ThreadPoolExecutor$Worker.run(ThreadPoolExecutor.java:635)
	at java.base/java.lang.Thread.run(Thread.java:840)
2024-04-29 09:21:38,207 [9aa29c9a-34be-4d10-8746-61e8629e52a2-impl-thread2] INFO  impl.StateMachineUpdater (StateMachineUpdater.java:stopAndJoin(157)) - 9aa29c9a-34be-4d10-8746-61e8629e52a2@group-86FDD4066E61-StateMachineUpdater: set stopIndex = 0
2024-04-29 09:21:38,207 [9aa29c9a-34be-4d10-8746-61e8629e52a2@group-86FDD4066E61-StateMachineUpdater] INFO  ratis.ContainerStateMachine (ContainerStateMachine.java:takeSnapshot(355)) - group-86FDD4066E61: Taking a snapshot at:(t:1, i:0) file /home/runner/work/ozone/ozone/hadoop-ozone/integration-test/target/test-dir/MiniOzoneClusterImpl-5c564e69-bd94-47d8-8ed3-49bff913e719/ozone-meta/datanode-8/ratis/0b1c4d5e-c6f1-4272-a85e-86fdd4066e61/sm/snapshot.1_0
2024-04-29 09:21:38,207 [ForkJoinPool.commonPool-worker-3] INFO  server.GrpcService (GrpcService.java:closeImpl(320)) - 9aa29c9a-34be-4d10-8746-61e8629e52a2: shutdown server GrpcServerProtocolService successfully
2024-04-29 09:21:38,207 [9aa29c9a-34be-4d10-8746-61e8629e52a2@group-86FDD4066E61-StateMachineUpdater] INFO  ratis.ContainerStateMachine (ContainerStateMachine.java:takeSnapshot(366)) - group-86FDD4066E61: Finished taking a snapshot at:(t:1, i:0) file:/home/runner/work/ozone/ozone/hadoop-ozone/integration-test/target/test-dir/MiniOzoneClusterImpl-5c564e69-bd94-47d8-8ed3-49bff913e719/ozone-meta/datanode-8/ratis/0b1c4d5e-c6f1-4272-a85e-86fdd4066e61/sm/snapshot.1_0 took: 0 ms
2024-04-29 09:21:38,207 [ForkJoinPool.commonPool-worker-3] INFO  server.GrpcService (GrpcService.java:closeImpl(311)) - 9aa29c9a-34be-4d10-8746-61e8629e52a2: shutdown server org.apache.ratis.grpc.server.GrpcAdminProtocolService now
2024-04-29 09:21:38,209 [9aa29c9a-34be-4d10-8746-61e8629e52a2@group-86FDD4066E61-StateMachineUpdater] INFO  impl.StateMachineUpdater (StateMachineUpdater.java:takeSnapshot(295)) - 9aa29c9a-34be-4d10-8746-61e8629e52a2@group-86FDD4066E61-StateMachineUpdater: Took a snapshot at index 0
2024-04-29 09:21:38,209 [9aa29c9a-34be-4d10-8746-61e8629e52a2@group-86FDD4066E61-StateMachineUpdater] INFO  impl.StateMachineUpdater (StateMachineUpdater.java:lambda$new$0(98)) - 9aa29c9a-34be-4d10-8746-61e8629e52a2@group-86FDD4066E61-StateMachineUpdater: snapshotIndex: updateIncreasingly -1 -> 0
2024-04-29 09:21:38,209 [9aa29c9a-34be-4d10-8746-61e8629e52a2-impl-thread2] INFO  server.RaftServer$Division (ServerState.java:close(427)) - 9aa29c9a-34be-4d10-8746-61e8629e52a2@group-86FDD4066E61: applyIndex: 0
2024-04-29 09:21:38,209 [9aa29c9a-34be-4d10-8746-61e8629e52a2@group-86FDD4066E61-cacheEviction-AwaitToRun] INFO  util.AwaitToRun (AwaitToRun.java:run(49)) - 9aa29c9a-34be-4d10-8746-61e8629e52a2@group-86FDD4066E61-cacheEviction-AwaitToRun-AwaitForSignal is interrupted
2024-04-29 09:21:38,209 [ForkJoinPool.commonPool-worker-3] INFO  server.GrpcService (GrpcService.java:closeImpl(320)) - 9aa29c9a-34be-4d10-8746-61e8629e52a2: shutdown server org.apache.ratis.grpc.server.GrpcAdminProtocolService successfully
2024-04-29 09:21:38,212 [9aa29c9a-34be-4d10-8746-61e8629e52a2-NettyServerStreamRpc-bossGroup--thread1] INFO  logging.LoggingHandler (AbstractInternalLogger.java:log(148)) - [id: 0x3376675d, L:/0.0.0.0:15345] CLOSE
2024-04-29 09:21:38,212 [9aa29c9a-34be-4d10-8746-61e8629e52a2-NettyServerStreamRpc-bossGroup--thread1] INFO  logging.LoggingHandler (AbstractInternalLogger.java:log(148)) - [id: 0x3376675d, L:/0.0.0.0:15345] INACTIVE
2024-04-29 09:21:38,212 [9aa29c9a-34be-4d10-8746-61e8629e52a2-NettyServerStreamRpc-bossGroup--thread1] INFO  logging.LoggingHandler (AbstractInternalLogger.java:log(148)) - [id: 0x3376675d, L:/0.0.0.0:15345] UNREGISTERED
2024-04-29 09:21:38,288 [ForkJoinPool.commonPool-worker-1] INFO  utils.DatanodeStoreCache (DatanodeStoreCache.java:shutdownCache(116)) - Skip clearing cache in mini cluster mode. Entries left: [/home/runner/work/ozone/ozone/hadoop-ozone/integration-test/target/test-dir/MiniOzoneClusterImpl-5c564e69-bd94-47d8-8ed3-49bff913e719/ozone-meta/datanode-1/data-0/hdds/5c564e69-bd94-47d8-8ed3-49bff913e719/DS-23ea0279-cdc5-4cf1-ade7-6bf027b5a798/container.db, /home/runner/work/ozone/ozone/hadoop-ozone/integration-test/target/test-dir/MiniOzoneClusterImpl-5c564e69-bd94-47d8-8ed3-49bff913e719/ozone-meta/datanode-4/data-0/hdds/5c564e69-bd94-47d8-8ed3-49bff913e719/DS-05e0b499-9364-4b16-81a9-80fdc4bed8a4/container.db, /home/runner/work/ozone/ozone/hadoop-ozone/integration-test/target/test-dir/MiniOzoneClusterImpl-5c564e69-bd94-47d8-8ed3-49bff913e719/ozone-meta/datanode-5/data-0/hdds/5c564e69-bd94-47d8-8ed3-49bff913e719/DS-6cba9cb4-9499-49ef-b998-fb0f447b5fb7/container.db, /home/runner/work/ozone/ozone/hadoop-ozone/integration-test/target/test-dir/MiniOzoneClusterImpl-5c564e69-bd94-47d8-8ed3-49bff913e719/ozone-meta/datanode-6/data-0/hdds/5c564e69-bd94-47d8-8ed3-49bff913e719/DS-6065f5fa-c4cd-43cc-b88a-ba4314ce24f5/container.db, /home/runner/work/ozone/ozone/hadoop-ozone/integration-test/target/test-dir/MiniOzoneClusterImpl-5c564e69-bd94-47d8-8ed3-49bff913e719/ozone-meta/datanode-7/data-0/hdds/5c564e69-bd94-47d8-8ed3-49bff913e719/DS-b9ff2964-b938-43f8-97f9-2f5317e0132b/container.db, /home/runner/work/ozone/ozone/hadoop-ozone/integration-test/target/test-dir/MiniOzoneClusterImpl-5c564e69-bd94-47d8-8ed3-49bff913e719/ozone-meta/datanode-8/data-0/hdds/5c564e69-bd94-47d8-8ed3-49bff913e719/DS-1decc1f3-6a2a-408d-95fa-c945a8c6232c/container.db, /home/runner/work/ozone/ozone/hadoop-ozone/integration-test/target/test-dir/MiniOzoneClusterImpl-5c564e69-bd94-47d8-8ed3-49bff913e719/ozone-meta/datanode-9/data-0/hdds/5c564e69-bd94-47d8-8ed3-49bff913e719/DS-1391a816-3bbe-43e9-8ebe-ddca8a5e2ad1/container.db]
2024-04-29 09:21:38,289 [ForkJoinPool.commonPool-worker-1] INFO  utils.DatanodeStoreCache (DatanodeStoreCache.java:removeDB(110)) - Removed db /home/runner/work/ozone/ozone/hadoop-ozone/integration-test/target/test-dir/MiniOzoneClusterImpl-5c564e69-bd94-47d8-8ed3-49bff913e719/ozone-meta/datanode-4/data-0/hdds/5c564e69-bd94-47d8-8ed3-49bff913e719/DS-05e0b499-9364-4b16-81a9-80fdc4bed8a4/container.db from cache
2024-04-29 09:21:38,289 [ForkJoinPool.commonPool-worker-1] INFO  volume.HddsVolume (HddsVolume.java:closeDbStore(470)) - SchemaV3 db is stopped at /home/runner/work/ozone/ozone/hadoop-ozone/integration-test/target/test-dir/MiniOzoneClusterImpl-5c564e69-bd94-47d8-8ed3-49bff913e719/ozone-meta/datanode-4/data-0/hdds/5c564e69-bd94-47d8-8ed3-49bff913e719/DS-05e0b499-9364-4b16-81a9-80fdc4bed8a4/container.db for volume DS-05e0b499-9364-4b16-81a9-80fdc4bed8a4
2024-04-29 09:21:38,289 [ForkJoinPool.commonPool-worker-1] INFO  utils.BackgroundService (BackgroundService.java:shutdown(160)) - Shutting down service BlockDeletingService
2024-04-29 09:21:38,289 [ForkJoinPool.commonPool-worker-1] INFO  utils.BackgroundService (BackgroundService.java:shutdown(160)) - Shutting down service StaleRecoveringContainerScrubbingService
2024-04-29 09:21:38,289 [ForkJoinPool.commonPool-worker-1] INFO  statemachine.DatanodeStateMachine (DatanodeStateMachine.java:stopDaemon(638)) - Ozone container server stopped.
2024-04-29 09:21:38,290 [ForkJoinPool.commonPool-worker-1] INFO  handler.ContextHandler (ContextHandler.java:doStop(1159)) - Stopped o.e.j.w.WebAppContext@1efe7598{hddsDatanode,/,null,STOPPED}{file:/home/runner/work/ozone/ozone/hadoop-hdds/container-service/target/classes/webapps/hddsDatanode}
2024-04-29 09:21:38,290 [ForkJoinPool.commonPool-worker-1] INFO  server.AbstractConnector (AbstractConnector.java:doStop(383)) - Stopped ServerConnector@47ae01a0{HTTP/1.1, (http/1.1)}{0.0.0.0:15303}
2024-04-29 09:21:38,290 [ForkJoinPool.commonPool-worker-1] INFO  server.session (HouseKeeper.java:stopScavenging(149)) - node0 Stopped scavenging
2024-04-29 09:21:38,290 [ForkJoinPool.commonPool-worker-1] INFO  handler.ContextHandler (ContextHandler.java:doStop(1159)) - Stopped o.e.j.s.ServletContextHandler@5fa78e0a{static,/static,file:///home/runner/work/ozone/ozone/hadoop-hdds/container-service/target/classes/webapps/static,STOPPED}
2024-04-29 09:21:38,290 [ForkJoinPool.commonPool-worker-1] INFO  handler.ContextHandler (ContextHandler.java:doStop(1159)) - Stopped o.e.j.s.ServletContextHandler@2c0a3798{logs,/logs,file:///home/runner/work/ozone/ozone/hadoop-ozone/integration-test/target/log,STOPPED}
2024-04-29 09:21:38,291 [ForkJoinPool.commonPool-worker-1] INFO  ozone.HddsDatanodeClientProtocolServer (HddsDatanodeClientProtocolServer.java:stop(83)) - Stopping the RPC server for Client Protocol
2024-04-29 09:21:38,291 [ForkJoinPool.commonPool-worker-1] INFO  ipc.Server (Server.java:stop(3523)) - Stopping server on 15304
2024-04-29 09:21:38,291 [IPC Server listener on 15304] INFO  ipc.Server (Server.java:run(1434)) - Stopping IPC Server listener on 15304
2024-04-29 09:21:38,291 [IPC Server Responder] INFO  ipc.Server (Server.java:run(1567)) - Stopping IPC Server Responder
2024-04-29 09:21:38,293 [ForkJoinPool.commonPool-worker-1] INFO  ozoneimpl.OzoneContainer (OzoneContainer.java:stop(481)) - Attempting to stop container services.
2024-04-29 09:21:38,293 [ContainerMetadataScanner] WARN  ozoneimpl.AbstractBackgroundContainerScanner (AbstractBackgroundContainerScanner.java:handleRemainingSleep(134)) - Background container scan was interrupted.
2024-04-29 09:21:38,293 [ContainerMetadataScanner] INFO  ozoneimpl.AbstractBackgroundContainerScanner (AbstractBackgroundContainerScanner.java:run(61)) - Thread[ContainerMetadataScanner,5,main] exiting.
2024-04-29 09:21:38,293 [ForkJoinPool.commonPool-worker-1] INFO  ozoneimpl.BackgroundContainerDataScanner (BackgroundContainerDataScanner.java:shutdown(141)) - ContainerDataScanner(/home/runner/work/ozone/ozone/hadoop-ozone/integration-test/target/test-dir/MiniOzoneClusterImpl-5c564e69-bd94-47d8-8ed3-49bff913e719/ozone-meta/datanode-7/data-0/hdds) is shutting down. 
2024-04-29 09:21:38,293 [ContainerDataScanner(/home/runner/work/ozone/ozone/hadoop-ozone/integration-test/target/test-dir/MiniOzoneClusterImpl-5c564e69-bd94-47d8-8ed3-49bff913e719/ozone-meta/datanode-7/data-0/hdds)] WARN  ozoneimpl.AbstractBackgroundContainerScanner (AbstractBackgroundContainerScanner.java:handleRemainingSleep(134)) - Background container scan was interrupted.
2024-04-29 09:21:38,293 [ContainerDataScanner(/home/runner/work/ozone/ozone/hadoop-ozone/integration-test/target/test-dir/MiniOzoneClusterImpl-5c564e69-bd94-47d8-8ed3-49bff913e719/ozone-meta/datanode-7/data-0/hdds)] INFO  ozoneimpl.AbstractBackgroundContainerScanner (AbstractBackgroundContainerScanner.java:run(61)) - ContainerDataScanner(/home/runner/work/ozone/ozone/hadoop-ozone/integration-test/target/test-dir/MiniOzoneClusterImpl-5c564e69-bd94-47d8-8ed3-49bff913e719/ozone-meta/datanode-7/data-0/hdds, DS-b9ff2964-b938-43f8-97f9-2f5317e0132b) exiting.
2024-04-29 09:21:38,294 [ForkJoinPool.commonPool-worker-1] INFO  server.RaftServer (RaftServerProxy.java:lambda$close$9(416)) - ab29e55d-edbb-4b88-be19-86f551408953: close
2024-04-29 09:21:38,294 [ab29e55d-edbb-4b88-be19-86f551408953-impl-thread1] INFO  server.RaftServer$Division (RaftServerImpl.java:lambda$close$3(526)) - ab29e55d-edbb-4b88-be19-86f551408953@group-86FDD4066E61: shutdown
2024-04-29 09:21:38,294 [ab29e55d-edbb-4b88-be19-86f551408953-impl-thread1] INFO  util.JmxRegister (JmxRegister.java:unregister(73)) - Successfully un-registered JMX Bean with object name Ratis:service=RaftServer,group=group-86FDD4066E61,id=ab29e55d-edbb-4b88-be19-86f551408953
2024-04-29 09:21:38,294 [ab29e55d-edbb-4b88-be19-86f551408953-impl-thread1] INFO  impl.RoleInfo (RoleInfo.java:shutdownFollowerState(110)) - ab29e55d-edbb-4b88-be19-86f551408953: shutdown ab29e55d-edbb-4b88-be19-86f551408953@group-86FDD4066E61-FollowerState
2024-04-29 09:21:38,294 [ForkJoinPool.commonPool-worker-1] INFO  server.GrpcService (GrpcService.java:closeImpl(311)) - ab29e55d-edbb-4b88-be19-86f551408953: shutdown server org.apache.ratis.grpc.server.GrpcClientProtocolService now
2024-04-29 09:21:38,294 [ab29e55d-edbb-4b88-be19-86f551408953@group-86FDD4066E61-FollowerState] INFO  impl.FollowerState (FollowerState.java:run(152)) - ab29e55d-edbb-4b88-be19-86f551408953@group-86FDD4066E61-FollowerState was interrupted
2024-04-29 09:21:38,294 [ab29e55d-edbb-4b88-be19-86f551408953-impl-thread1] INFO  impl.StateMachineUpdater (StateMachineUpdater.java:stopAndJoin(157)) - ab29e55d-edbb-4b88-be19-86f551408953@group-86FDD4066E61-StateMachineUpdater: set stopIndex = 0
2024-04-29 09:21:38,294 [ab29e55d-edbb-4b88-be19-86f551408953@group-86FDD4066E61-StateMachineUpdater] INFO  ratis.ContainerStateMachine (ContainerStateMachine.java:takeSnapshot(355)) - group-86FDD4066E61: Taking a snapshot at:(t:1, i:0) file /home/runner/work/ozone/ozone/hadoop-ozone/integration-test/target/test-dir/MiniOzoneClusterImpl-5c564e69-bd94-47d8-8ed3-49bff913e719/ozone-meta/datanode-7/ratis/0b1c4d5e-c6f1-4272-a85e-86fdd4066e61/sm/snapshot.1_0
2024-04-29 09:21:38,295 [ForkJoinPool.commonPool-worker-1] INFO  server.GrpcService (GrpcService.java:closeImpl(320)) - ab29e55d-edbb-4b88-be19-86f551408953: shutdown server org.apache.ratis.grpc.server.GrpcClientProtocolService successfully
2024-04-29 09:21:38,295 [ForkJoinPool.commonPool-worker-1] INFO  server.GrpcService (GrpcService.java:closeImpl(311)) - ab29e55d-edbb-4b88-be19-86f551408953: shutdown server GrpcServerProtocolService now
2024-04-29 09:21:38,295 [ab29e55d-edbb-4b88-be19-86f551408953-impl-thread2] INFO  server.RaftServer$Division (RaftServerImpl.java:lambda$close$3(526)) - ab29e55d-edbb-4b88-be19-86f551408953@group-CBA65743FC0F: shutdown
2024-04-29 09:21:38,295 [ab29e55d-edbb-4b88-be19-86f551408953-impl-thread2] INFO  util.JmxRegister (JmxRegister.java:unregister(73)) - Successfully un-registered JMX Bean with object name Ratis:service=RaftServer,group=group-CBA65743FC0F,id=ab29e55d-edbb-4b88-be19-86f551408953
2024-04-29 09:21:38,295 [ab29e55d-edbb-4b88-be19-86f551408953-impl-thread2] INFO  impl.RoleInfo (RoleInfo.java:shutdownLeaderState(94)) - ab29e55d-edbb-4b88-be19-86f551408953: shutdown ab29e55d-edbb-4b88-be19-86f551408953@group-CBA65743FC0F-LeaderStateImpl
2024-04-29 09:21:38,295 [ab29e55d-edbb-4b88-be19-86f551408953@group-86FDD4066E61-StateMachineUpdater] INFO  ratis.ContainerStateMachine (ContainerStateMachine.java:takeSnapshot(366)) - group-86FDD4066E61: Finished taking a snapshot at:(t:1, i:0) file:/home/runner/work/ozone/ozone/hadoop-ozone/integration-test/target/test-dir/MiniOzoneClusterImpl-5c564e69-bd94-47d8-8ed3-49bff913e719/ozone-meta/datanode-7/ratis/0b1c4d5e-c6f1-4272-a85e-86fdd4066e61/sm/snapshot.1_0 took: 1 ms
2024-04-29 09:21:38,295 [ab29e55d-edbb-4b88-be19-86f551408953@group-86FDD4066E61-StateMachineUpdater] INFO  impl.StateMachineUpdater (StateMachineUpdater.java:takeSnapshot(295)) - ab29e55d-edbb-4b88-be19-86f551408953@group-86FDD4066E61-StateMachineUpdater: Took a snapshot at index 0
2024-04-29 09:21:38,295 [ab29e55d-edbb-4b88-be19-86f551408953@group-86FDD4066E61-StateMachineUpdater] INFO  impl.StateMachineUpdater (StateMachineUpdater.java:lambda$new$0(98)) - ab29e55d-edbb-4b88-be19-86f551408953@group-86FDD4066E61-StateMachineUpdater: snapshotIndex: updateIncreasingly -1 -> 0
2024-04-29 09:21:38,295 [ForkJoinPool.commonPool-worker-1] INFO  server.GrpcService (GrpcService.java:closeImpl(320)) - ab29e55d-edbb-4b88-be19-86f551408953: shutdown server GrpcServerProtocolService successfully
2024-04-29 09:21:38,295 [ForkJoinPool.commonPool-worker-1] INFO  server.GrpcService (GrpcService.java:closeImpl(311)) - ab29e55d-edbb-4b88-be19-86f551408953: shutdown server org.apache.ratis.grpc.server.GrpcAdminProtocolService now
2024-04-29 09:21:38,296 [ab29e55d-edbb-4b88-be19-86f551408953-impl-thread1] INFO  server.RaftServer$Division (ServerState.java:close(427)) - ab29e55d-edbb-4b88-be19-86f551408953@group-86FDD4066E61: applyIndex: 0
2024-04-29 09:21:38,296 [ab29e55d-edbb-4b88-be19-86f551408953@group-86FDD4066E61-cacheEviction-AwaitToRun] INFO  util.AwaitToRun (AwaitToRun.java:run(49)) - ab29e55d-edbb-4b88-be19-86f551408953@group-86FDD4066E61-cacheEviction-AwaitToRun-AwaitForSignal is interrupted
2024-04-29 09:21:38,295 [ab29e55d-edbb-4b88-be19-86f551408953-impl-thread2] INFO  impl.PendingRequests (PendingRequests.java:sendNotLeaderResponses(289)) - ab29e55d-edbb-4b88-be19-86f551408953@group-CBA65743FC0F-PendingRequests: sendNotLeaderResponses
2024-04-29 09:21:38,296 [ab29e55d-edbb-4b88-be19-86f551408953-impl-thread2] INFO  impl.StateMachineUpdater (StateMachineUpdater.java:stopAndJoin(157)) - ab29e55d-edbb-4b88-be19-86f551408953@group-CBA65743FC0F-StateMachineUpdater: set stopIndex = 0
2024-04-29 09:21:38,296 [ab29e55d-edbb-4b88-be19-86f551408953@group-CBA65743FC0F-StateMachineUpdater] INFO  ratis.ContainerStateMachine (ContainerStateMachine.java:takeSnapshot(355)) - group-CBA65743FC0F: Taking a snapshot at:(t:1, i:0) file /home/runner/work/ozone/ozone/hadoop-ozone/integration-test/target/test-dir/MiniOzoneClusterImpl-5c564e69-bd94-47d8-8ed3-49bff913e719/ozone-meta/datanode-7/ratis/0942fad4-e429-41ae-af31-cba65743fc0f/sm/snapshot.1_0
2024-04-29 09:21:38,296 [ab29e55d-edbb-4b88-be19-86f551408953@group-CBA65743FC0F-StateMachineUpdater] INFO  ratis.ContainerStateMachine (ContainerStateMachine.java:takeSnapshot(366)) - group-CBA65743FC0F: Finished taking a snapshot at:(t:1, i:0) file:/home/runner/work/ozone/ozone/hadoop-ozone/integration-test/target/test-dir/MiniOzoneClusterImpl-5c564e69-bd94-47d8-8ed3-49bff913e719/ozone-meta/datanode-7/ratis/0942fad4-e429-41ae-af31-cba65743fc0f/sm/snapshot.1_0 took: 1 ms
2024-04-29 09:21:38,297 [ForkJoinPool.commonPool-worker-1] INFO  server.GrpcService (GrpcService.java:closeImpl(320)) - ab29e55d-edbb-4b88-be19-86f551408953: shutdown server org.apache.ratis.grpc.server.GrpcAdminProtocolService successfully
2024-04-29 09:21:38,297 [ab29e55d-edbb-4b88-be19-86f551408953@group-CBA65743FC0F-StateMachineUpdater] INFO  impl.StateMachineUpdater (StateMachineUpdater.java:takeSnapshot(295)) - ab29e55d-edbb-4b88-be19-86f551408953@group-CBA65743FC0F-StateMachineUpdater: Took a snapshot at index 0
2024-04-29 09:21:38,297 [ab29e55d-edbb-4b88-be19-86f551408953@group-CBA65743FC0F-StateMachineUpdater] INFO  impl.StateMachineUpdater (StateMachineUpdater.java:lambda$new$0(98)) - ab29e55d-edbb-4b88-be19-86f551408953@group-CBA65743FC0F-StateMachineUpdater: snapshotIndex: updateIncreasingly -1 -> 0
2024-04-29 09:21:38,297 [ab29e55d-edbb-4b88-be19-86f551408953-impl-thread2] INFO  server.RaftServer$Division (ServerState.java:close(427)) - ab29e55d-edbb-4b88-be19-86f551408953@group-CBA65743FC0F: applyIndex: 0
2024-04-29 09:21:38,297 [ab29e55d-edbb-4b88-be19-86f551408953@group-CBA65743FC0F-cacheEviction-AwaitToRun] INFO  util.AwaitToRun (AwaitToRun.java:run(49)) - ab29e55d-edbb-4b88-be19-86f551408953@group-CBA65743FC0F-cacheEviction-AwaitToRun-AwaitForSignal is interrupted
2024-04-29 09:21:38,299 [ab29e55d-edbb-4b88-be19-86f551408953-NettyServerStreamRpc-bossGroup--thread1] INFO  logging.LoggingHandler (AbstractInternalLogger.java:log(148)) - [id: 0x7f4b0fe4, L:/0.0.0.0:15336] CLOSE
2024-04-29 09:21:38,299 [ab29e55d-edbb-4b88-be19-86f551408953-NettyServerStreamRpc-bossGroup--thread1] INFO  logging.LoggingHandler (AbstractInternalLogger.java:log(148)) - [id: 0x7f4b0fe4, L:/0.0.0.0:15336] INACTIVE
2024-04-29 09:21:38,299 [ab29e55d-edbb-4b88-be19-86f551408953-NettyServerStreamRpc-bossGroup--thread1] INFO  logging.LoggingHandler (AbstractInternalLogger.java:log(148)) - [id: 0x7f4b0fe4, L:/0.0.0.0:15336] UNREGISTERED
2024-04-29 09:21:38,358 [main] INFO  utils.DatanodeStoreCache (DatanodeStoreCache.java:shutdownCache(116)) - Skip clearing cache in mini cluster mode. Entries left: [/home/runner/work/ozone/ozone/hadoop-ozone/integration-test/target/test-dir/MiniOzoneClusterImpl-5c564e69-bd94-47d8-8ed3-49bff913e719/ozone-meta/datanode-1/data-0/hdds/5c564e69-bd94-47d8-8ed3-49bff913e719/DS-23ea0279-cdc5-4cf1-ade7-6bf027b5a798/container.db, /home/runner/work/ozone/ozone/hadoop-ozone/integration-test/target/test-dir/MiniOzoneClusterImpl-5c564e69-bd94-47d8-8ed3-49bff913e719/ozone-meta/datanode-5/data-0/hdds/5c564e69-bd94-47d8-8ed3-49bff913e719/DS-6cba9cb4-9499-49ef-b998-fb0f447b5fb7/container.db, /home/runner/work/ozone/ozone/hadoop-ozone/integration-test/target/test-dir/MiniOzoneClusterImpl-5c564e69-bd94-47d8-8ed3-49bff913e719/ozone-meta/datanode-6/data-0/hdds/5c564e69-bd94-47d8-8ed3-49bff913e719/DS-6065f5fa-c4cd-43cc-b88a-ba4314ce24f5/container.db, /home/runner/work/ozone/ozone/hadoop-ozone/integration-test/target/test-dir/MiniOzoneClusterImpl-5c564e69-bd94-47d8-8ed3-49bff913e719/ozone-meta/datanode-7/data-0/hdds/5c564e69-bd94-47d8-8ed3-49bff913e719/DS-b9ff2964-b938-43f8-97f9-2f5317e0132b/container.db, /home/runner/work/ozone/ozone/hadoop-ozone/integration-test/target/test-dir/MiniOzoneClusterImpl-5c564e69-bd94-47d8-8ed3-49bff913e719/ozone-meta/datanode-8/data-0/hdds/5c564e69-bd94-47d8-8ed3-49bff913e719/DS-1decc1f3-6a2a-408d-95fa-c945a8c6232c/container.db, /home/runner/work/ozone/ozone/hadoop-ozone/integration-test/target/test-dir/MiniOzoneClusterImpl-5c564e69-bd94-47d8-8ed3-49bff913e719/ozone-meta/datanode-9/data-0/hdds/5c564e69-bd94-47d8-8ed3-49bff913e719/DS-1391a816-3bbe-43e9-8ebe-ddca8a5e2ad1/container.db]
2024-04-29 09:21:38,359 [main] INFO  utils.DatanodeStoreCache (DatanodeStoreCache.java:removeDB(110)) - Removed db /home/runner/work/ozone/ozone/hadoop-ozone/integration-test/target/test-dir/MiniOzoneClusterImpl-5c564e69-bd94-47d8-8ed3-49bff913e719/ozone-meta/datanode-6/data-0/hdds/5c564e69-bd94-47d8-8ed3-49bff913e719/DS-6065f5fa-c4cd-43cc-b88a-ba4314ce24f5/container.db from cache
2024-04-29 09:21:38,359 [main] INFO  volume.HddsVolume (HddsVolume.java:closeDbStore(470)) - SchemaV3 db is stopped at /home/runner/work/ozone/ozone/hadoop-ozone/integration-test/target/test-dir/MiniOzoneClusterImpl-5c564e69-bd94-47d8-8ed3-49bff913e719/ozone-meta/datanode-6/data-0/hdds/5c564e69-bd94-47d8-8ed3-49bff913e719/DS-6065f5fa-c4cd-43cc-b88a-ba4314ce24f5/container.db for volume DS-6065f5fa-c4cd-43cc-b88a-ba4314ce24f5
2024-04-29 09:21:38,359 [main] INFO  utils.BackgroundService (BackgroundService.java:shutdown(160)) - Shutting down service BlockDeletingService
2024-04-29 09:21:38,359 [main] INFO  utils.BackgroundService (BackgroundService.java:shutdown(160)) - Shutting down service StaleRecoveringContainerScrubbingService
2024-04-29 09:21:38,360 [main] INFO  statemachine.DatanodeStateMachine (DatanodeStateMachine.java:stopDaemon(638)) - Ozone container server stopped.
2024-04-29 09:21:38,360 [main] INFO  handler.ContextHandler (ContextHandler.java:doStop(1159)) - Stopped o.e.j.w.WebAppContext@2315ba0b{hddsDatanode,/,null,STOPPED}{file:/home/runner/work/ozone/ozone/hadoop-hdds/container-service/target/classes/webapps/hddsDatanode}
2024-04-29 09:21:38,361 [main] INFO  server.AbstractConnector (AbstractConnector.java:doStop(383)) - Stopped ServerConnector@1b134d4f{HTTP/1.1, (http/1.1)}{0.0.0.0:15321}
2024-04-29 09:21:38,361 [main] INFO  server.session (HouseKeeper.java:stopScavenging(149)) - node0 Stopped scavenging
2024-04-29 09:21:38,361 [main] INFO  handler.ContextHandler (ContextHandler.java:doStop(1159)) - Stopped o.e.j.s.ServletContextHandler@35f38f90{static,/static,file:///home/runner/work/ozone/ozone/hadoop-hdds/container-service/target/classes/webapps/static,STOPPED}
2024-04-29 09:21:38,361 [main] INFO  handler.ContextHandler (ContextHandler.java:doStop(1159)) - Stopped o.e.j.s.ServletContextHandler@35154326{logs,/logs,file:///home/runner/work/ozone/ozone/hadoop-ozone/integration-test/target/log,STOPPED}
2024-04-29 09:21:38,362 [main] INFO  ozone.HddsDatanodeClientProtocolServer (HddsDatanodeClientProtocolServer.java:stop(83)) - Stopping the RPC server for Client Protocol
2024-04-29 09:21:38,362 [main] INFO  ipc.Server (Server.java:stop(3523)) - Stopping server on 15322
2024-04-29 09:21:38,362 [IPC Server listener on 15322] INFO  ipc.Server (Server.java:run(1434)) - Stopping IPC Server listener on 15322
2024-04-29 09:21:38,362 [IPC Server Responder] INFO  ipc.Server (Server.java:run(1567)) - Stopping IPC Server Responder
2024-04-29 09:21:38,364 [main] INFO  ozoneimpl.OzoneContainer (OzoneContainer.java:stop(481)) - Attempting to stop container services.
2024-04-29 09:21:38,364 [ContainerMetadataScanner] WARN  ozoneimpl.AbstractBackgroundContainerScanner (AbstractBackgroundContainerScanner.java:handleRemainingSleep(134)) - Background container scan was interrupted.
2024-04-29 09:21:38,364 [ContainerMetadataScanner] INFO  ozoneimpl.AbstractBackgroundContainerScanner (AbstractBackgroundContainerScanner.java:run(61)) - Thread[ContainerMetadataScanner,5,main] exiting.
2024-04-29 09:21:38,364 [main] INFO  ozoneimpl.BackgroundContainerDataScanner (BackgroundContainerDataScanner.java:shutdown(141)) - ContainerDataScanner(/home/runner/work/ozone/ozone/hadoop-ozone/integration-test/target/test-dir/MiniOzoneClusterImpl-5c564e69-bd94-47d8-8ed3-49bff913e719/ozone-meta/datanode-5/data-0/hdds) is shutting down. 
2024-04-29 09:21:38,364 [ContainerDataScanner(/home/runner/work/ozone/ozone/hadoop-ozone/integration-test/target/test-dir/MiniOzoneClusterImpl-5c564e69-bd94-47d8-8ed3-49bff913e719/ozone-meta/datanode-5/data-0/hdds)] WARN  ozoneimpl.AbstractBackgroundContainerScanner (AbstractBackgroundContainerScanner.java:handleRemainingSleep(134)) - Background container scan was interrupted.
2024-04-29 09:21:38,364 [ContainerDataScanner(/home/runner/work/ozone/ozone/hadoop-ozone/integration-test/target/test-dir/MiniOzoneClusterImpl-5c564e69-bd94-47d8-8ed3-49bff913e719/ozone-meta/datanode-5/data-0/hdds)] INFO  ozoneimpl.AbstractBackgroundContainerScanner (AbstractBackgroundContainerScanner.java:run(61)) - ContainerDataScanner(/home/runner/work/ozone/ozone/hadoop-ozone/integration-test/target/test-dir/MiniOzoneClusterImpl-5c564e69-bd94-47d8-8ed3-49bff913e719/ozone-meta/datanode-5/data-0/hdds, DS-6cba9cb4-9499-49ef-b998-fb0f447b5fb7) exiting.
2024-04-29 09:21:38,365 [main] INFO  server.RaftServer (RaftServerProxy.java:lambda$close$9(416)) - e86906d1-c919-438b-b5a4-a98dd7588e75: close
2024-04-29 09:21:38,365 [e86906d1-c919-438b-b5a4-a98dd7588e75-impl-thread1] INFO  server.RaftServer$Division (RaftServerImpl.java:lambda$close$3(526)) - e86906d1-c919-438b-b5a4-a98dd7588e75@group-9A2ED42D27A4: shutdown
2024-04-29 09:21:38,365 [e86906d1-c919-438b-b5a4-a98dd7588e75-impl-thread1] INFO  util.JmxRegister (JmxRegister.java:unregister(73)) - Successfully un-registered JMX Bean with object name Ratis:service=RaftServer,group=group-9A2ED42D27A4,id=e86906d1-c919-438b-b5a4-a98dd7588e75
2024-04-29 09:21:38,365 [e86906d1-c919-438b-b5a4-a98dd7588e75-impl-thread1] INFO  impl.RoleInfo (RoleInfo.java:shutdownLeaderState(94)) - e86906d1-c919-438b-b5a4-a98dd7588e75: shutdown e86906d1-c919-438b-b5a4-a98dd7588e75@group-9A2ED42D27A4-LeaderStateImpl
2024-04-29 09:21:38,365 [main] INFO  server.GrpcService (GrpcService.java:closeImpl(311)) - e86906d1-c919-438b-b5a4-a98dd7588e75: shutdown server org.apache.ratis.grpc.server.GrpcClientProtocolService now
2024-04-29 09:21:38,365 [e86906d1-c919-438b-b5a4-a98dd7588e75-impl-thread1] INFO  impl.PendingRequests (PendingRequests.java:sendNotLeaderResponses(289)) - e86906d1-c919-438b-b5a4-a98dd7588e75@group-9A2ED42D27A4-PendingRequests: sendNotLeaderResponses
2024-04-29 09:21:38,365 [e86906d1-c919-438b-b5a4-a98dd7588e75-impl-thread2] INFO  server.RaftServer$Division (RaftServerImpl.java:lambda$close$3(526)) - e86906d1-c919-438b-b5a4-a98dd7588e75@group-60AD1803F514: shutdown
2024-04-29 09:21:38,365 [e86906d1-c919-438b-b5a4-a98dd7588e75-impl-thread2] INFO  util.JmxRegister (JmxRegister.java:unregister(73)) - Successfully un-registered JMX Bean with object name Ratis:service=RaftServer,group=group-60AD1803F514,id=e86906d1-c919-438b-b5a4-a98dd7588e75
2024-04-29 09:21:38,365 [e86906d1-c919-438b-b5a4-a98dd7588e75-impl-thread2] INFO  impl.RoleInfo (RoleInfo.java:shutdownFollowerState(110)) - e86906d1-c919-438b-b5a4-a98dd7588e75: shutdown e86906d1-c919-438b-b5a4-a98dd7588e75@group-60AD1803F514-FollowerState
2024-04-29 09:21:38,365 [e86906d1-c919-438b-b5a4-a98dd7588e75@group-60AD1803F514-FollowerState] INFO  impl.FollowerState (FollowerState.java:run(152)) - e86906d1-c919-438b-b5a4-a98dd7588e75@group-60AD1803F514-FollowerState was interrupted
2024-04-29 09:21:38,366 [e86906d1-c919-438b-b5a4-a98dd7588e75-impl-thread1] INFO  impl.StateMachineUpdater (StateMachineUpdater.java:stopAndJoin(157)) - e86906d1-c919-438b-b5a4-a98dd7588e75@group-9A2ED42D27A4-StateMachineUpdater: set stopIndex = 0
2024-04-29 09:21:38,366 [e86906d1-c919-438b-b5a4-a98dd7588e75@group-9A2ED42D27A4-StateMachineUpdater] INFO  ratis.ContainerStateMachine (ContainerStateMachine.java:takeSnapshot(355)) - group-9A2ED42D27A4: Taking a snapshot at:(t:1, i:0) file /home/runner/work/ozone/ozone/hadoop-ozone/integration-test/target/test-dir/MiniOzoneClusterImpl-5c564e69-bd94-47d8-8ed3-49bff913e719/ozone-meta/datanode-5/ratis/d103ced9-3c91-458d-9d7d-9a2ed42d27a4/sm/snapshot.1_0
2024-04-29 09:21:38,366 [e86906d1-c919-438b-b5a4-a98dd7588e75-impl-thread2] INFO  impl.StateMachineUpdater (StateMachineUpdater.java:stopAndJoin(157)) - e86906d1-c919-438b-b5a4-a98dd7588e75@group-60AD1803F514-StateMachineUpdater: set stopIndex = 0
2024-04-29 09:21:38,366 [e86906d1-c919-438b-b5a4-a98dd7588e75@group-60AD1803F514-StateMachineUpdater] INFO  ratis.ContainerStateMachine (ContainerStateMachine.java:takeSnapshot(355)) - group-60AD1803F514: Taking a snapshot at:(t:1, i:0) file /home/runner/work/ozone/ozone/hadoop-ozone/integration-test/target/test-dir/MiniOzoneClusterImpl-5c564e69-bd94-47d8-8ed3-49bff913e719/ozone-meta/datanode-5/ratis/382001ac-af6f-4fb5-8851-60ad1803f514/sm/snapshot.1_0
2024-04-29 09:21:38,366 [main] INFO  server.GrpcService (GrpcService.java:closeImpl(320)) - e86906d1-c919-438b-b5a4-a98dd7588e75: shutdown server org.apache.ratis.grpc.server.GrpcClientProtocolService successfully
2024-04-29 09:21:38,366 [main] INFO  server.GrpcService (GrpcService.java:closeImpl(311)) - e86906d1-c919-438b-b5a4-a98dd7588e75: shutdown server GrpcServerProtocolService now
2024-04-29 09:21:38,366 [e86906d1-c919-438b-b5a4-a98dd7588e75@group-9A2ED42D27A4-StateMachineUpdater] INFO  ratis.ContainerStateMachine (ContainerStateMachine.java:takeSnapshot(366)) - group-9A2ED42D27A4: Finished taking a snapshot at:(t:1, i:0) file:/home/runner/work/ozone/ozone/hadoop-ozone/integration-test/target/test-dir/MiniOzoneClusterImpl-5c564e69-bd94-47d8-8ed3-49bff913e719/ozone-meta/datanode-5/ratis/d103ced9-3c91-458d-9d7d-9a2ed42d27a4/sm/snapshot.1_0 took: 0 ms
2024-04-29 09:21:38,367 [e86906d1-c919-438b-b5a4-a98dd7588e75@group-60AD1803F514-StateMachineUpdater] INFO  ratis.ContainerStateMachine (ContainerStateMachine.java:takeSnapshot(366)) - group-60AD1803F514: Finished taking a snapshot at:(t:1, i:0) file:/home/runner/work/ozone/ozone/hadoop-ozone/integration-test/target/test-dir/MiniOzoneClusterImpl-5c564e69-bd94-47d8-8ed3-49bff913e719/ozone-meta/datanode-5/ratis/382001ac-af6f-4fb5-8851-60ad1803f514/sm/snapshot.1_0 took: 1 ms
2024-04-29 09:21:38,367 [e86906d1-c919-438b-b5a4-a98dd7588e75@group-9A2ED42D27A4-StateMachineUpdater] INFO  impl.StateMachineUpdater (StateMachineUpdater.java:takeSnapshot(295)) - e86906d1-c919-438b-b5a4-a98dd7588e75@group-9A2ED42D27A4-StateMachineUpdater: Took a snapshot at index 0
2024-04-29 09:21:38,367 [e86906d1-c919-438b-b5a4-a98dd7588e75@group-9A2ED42D27A4-StateMachineUpdater] INFO  impl.StateMachineUpdater (StateMachineUpdater.java:lambda$new$0(98)) - e86906d1-c919-438b-b5a4-a98dd7588e75@group-9A2ED42D27A4-StateMachineUpdater: snapshotIndex: updateIncreasingly -1 -> 0
2024-04-29 09:21:38,367 [e86906d1-c919-438b-b5a4-a98dd7588e75@group-60AD1803F514-StateMachineUpdater] INFO  impl.StateMachineUpdater (StateMachineUpdater.java:takeSnapshot(295)) - e86906d1-c919-438b-b5a4-a98dd7588e75@group-60AD1803F514-StateMachineUpdater: Took a snapshot at index 0
2024-04-29 09:21:38,367 [e86906d1-c919-438b-b5a4-a98dd7588e75@group-60AD1803F514-StateMachineUpdater] INFO  impl.StateMachineUpdater (StateMachineUpdater.java:lambda$new$0(98)) - e86906d1-c919-438b-b5a4-a98dd7588e75@group-60AD1803F514-StateMachineUpdater: snapshotIndex: updateIncreasingly -1 -> 0
2024-04-29 09:21:38,367 [e86906d1-c919-438b-b5a4-a98dd7588e75-impl-thread1] INFO  server.RaftServer$Division (ServerState.java:close(427)) - e86906d1-c919-438b-b5a4-a98dd7588e75@group-9A2ED42D27A4: applyIndex: 0
2024-04-29 09:21:38,367 [e86906d1-c919-438b-b5a4-a98dd7588e75-impl-thread2] INFO  server.RaftServer$Division (ServerState.java:close(427)) - e86906d1-c919-438b-b5a4-a98dd7588e75@group-60AD1803F514: applyIndex: 0
2024-04-29 09:21:38,367 [e86906d1-c919-438b-b5a4-a98dd7588e75@group-9A2ED42D27A4-cacheEviction-AwaitToRun] INFO  util.AwaitToRun (AwaitToRun.java:run(49)) - e86906d1-c919-438b-b5a4-a98dd7588e75@group-9A2ED42D27A4-cacheEviction-AwaitToRun-AwaitForSignal is interrupted
2024-04-29 09:21:38,367 [e86906d1-c919-438b-b5a4-a98dd7588e75@group-60AD1803F514-cacheEviction-AwaitToRun] INFO  util.AwaitToRun (AwaitToRun.java:run(49)) - e86906d1-c919-438b-b5a4-a98dd7588e75@group-60AD1803F514-cacheEviction-AwaitToRun-AwaitForSignal is interrupted
2024-04-29 09:21:38,368 [main] INFO  server.GrpcService (GrpcService.java:closeImpl(320)) - e86906d1-c919-438b-b5a4-a98dd7588e75: shutdown server GrpcServerProtocolService successfully
2024-04-29 09:21:38,368 [main] INFO  server.GrpcService (GrpcService.java:closeImpl(311)) - e86906d1-c919-438b-b5a4-a98dd7588e75: shutdown server org.apache.ratis.grpc.server.GrpcAdminProtocolService now
2024-04-29 09:21:38,369 [main] INFO  server.GrpcService (GrpcService.java:closeImpl(320)) - e86906d1-c919-438b-b5a4-a98dd7588e75: shutdown server org.apache.ratis.grpc.server.GrpcAdminProtocolService successfully
2024-04-29 09:21:38,372 [e86906d1-c919-438b-b5a4-a98dd7588e75-NettyServerStreamRpc-bossGroup--thread1] INFO  logging.LoggingHandler (AbstractInternalLogger.java:log(148)) - [id: 0x5fce08ce, L:/0.0.0.0:15318] CLOSE
2024-04-29 09:21:38,372 [e86906d1-c919-438b-b5a4-a98dd7588e75-NettyServerStreamRpc-bossGroup--thread1] INFO  logging.LoggingHandler (AbstractInternalLogger.java:log(148)) - [id: 0x5fce08ce, L:/0.0.0.0:15318] INACTIVE
2024-04-29 09:21:38,372 [e86906d1-c919-438b-b5a4-a98dd7588e75-NettyServerStreamRpc-bossGroup--thread1] INFO  logging.LoggingHandler (AbstractInternalLogger.java:log(148)) - [id: 0x5fce08ce, L:/0.0.0.0:15318] UNREGISTERED
2024-04-29 09:21:38,424 [9aa29c9a-34be-4d10-8746-61e8629e52a2-impl-thread2] INFO  segmented.SegmentedRaftLogWorker (SegmentedRaftLogWorker.java:close(245)) - 9aa29c9a-34be-4d10-8746-61e8629e52a2@group-86FDD4066E61-SegmentedRaftLogWorker close()
2024-04-29 09:21:38,442 [ab29e55d-edbb-4b88-be19-86f551408953-impl-thread1] INFO  segmented.SegmentedRaftLogWorker (SegmentedRaftLogWorker.java:close(245)) - ab29e55d-edbb-4b88-be19-86f551408953@group-86FDD4066E61-SegmentedRaftLogWorker close()
2024-04-29 09:21:38,450 [ab29e55d-edbb-4b88-be19-86f551408953-impl-thread2] INFO  segmented.SegmentedRaftLogWorker (SegmentedRaftLogWorker.java:close(245)) - ab29e55d-edbb-4b88-be19-86f551408953@group-CBA65743FC0F-SegmentedRaftLogWorker close()
2024-04-29 09:21:38,450 [JvmPauseMonitor41] INFO  util.JvmPauseMonitor (JvmPauseMonitor.java:run(152)) - JvmPauseMonitor-ab29e55d-edbb-4b88-be19-86f551408953: Stopped
2024-04-29 09:21:38,531 [9aa29c9a-34be-4d10-8746-61e8629e52a2-impl-thread1] INFO  segmented.SegmentedRaftLogWorker (SegmentedRaftLogWorker.java:close(245)) - 9aa29c9a-34be-4d10-8746-61e8629e52a2@group-5A9B4F6A45D4-SegmentedRaftLogWorker close()
2024-04-29 09:21:38,532 [JvmPauseMonitor42] INFO  util.JvmPauseMonitor (JvmPauseMonitor.java:run(152)) - JvmPauseMonitor-9aa29c9a-34be-4d10-8746-61e8629e52a2: Stopped
2024-04-29 09:21:39,063 [63ba3f95-8215-4442-8865-ad228f39fdb5-impl-thread2] INFO  segmented.SegmentedRaftLogWorker (SegmentedRaftLogWorker.java:close(245)) - 63ba3f95-8215-4442-8865-ad228f39fdb5@group-F9A368723928-SegmentedRaftLogWorker close()
2024-04-29 09:21:39,153 [63ba3f95-8215-4442-8865-ad228f39fdb5-impl-thread1] INFO  segmented.SegmentedRaftLogWorker (SegmentedRaftLogWorker.java:close(245)) - 63ba3f95-8215-4442-8865-ad228f39fdb5@group-242C87B7064D-SegmentedRaftLogWorker close()
2024-04-29 09:21:39,153 [JvmPauseMonitor35] INFO  util.JvmPauseMonitor (JvmPauseMonitor.java:run(152)) - JvmPauseMonitor-63ba3f95-8215-4442-8865-ad228f39fdb5: Stopped
2024-04-29 09:21:39,285 [e86906d1-c919-438b-b5a4-a98dd7588e75-impl-thread2] INFO  segmented.SegmentedRaftLogWorker (SegmentedRaftLogWorker.java:close(245)) - e86906d1-c919-438b-b5a4-a98dd7588e75@group-60AD1803F514-SegmentedRaftLogWorker close()
2024-04-29 09:21:39,340 [e86906d1-c919-438b-b5a4-a98dd7588e75-impl-thread1] INFO  segmented.SegmentedRaftLogWorker (SegmentedRaftLogWorker.java:close(245)) - e86906d1-c919-438b-b5a4-a98dd7588e75@group-9A2ED42D27A4-SegmentedRaftLogWorker close()
2024-04-29 09:21:39,341 [JvmPauseMonitor39] INFO  util.JvmPauseMonitor (JvmPauseMonitor.java:run(152)) - JvmPauseMonitor-e86906d1-c919-438b-b5a4-a98dd7588e75: Stopped
2024-04-29 09:21:40,415 [timer0] WARN  server.GrpcLogAppender (LogUtils.java:warn(121)) - 63ba3f95-8215-4442-8865-ad228f39fdb5@group-242C87B7064D->4dbb8968-e71c-4514-a0ad-0b4a968227bb-AppendLogResponseHandler: Failed appendEntries (Repeated 6 times in the last 5.000s): org.apache.ratis.thirdparty.io.grpc.StatusRuntimeException: UNAVAILABLE: io exception
2024-04-29 09:21:40,416 [timer1] WARN  server.GrpcLogAppender (GrpcLogAppender.java:lambda$resetClient$1(217)) - 63ba3f95-8215-4442-8865-ad228f39fdb5@group-242C87B7064D->4dbb8968-e71c-4514-a0ad-0b4a968227bb-GrpcLogAppender: Follower failed (request=null, errorCount=6); keep nextIndex (1) unchanged and retry. (Repeated 6 times in the last 5.001s)
2024-04-29 09:21:40,436 [timer2] WARN  server.GrpcLogAppender (LogUtils.java:warn(121)) - 63ba3f95-8215-4442-8865-ad228f39fdb5@group-242C87B7064D->49450a51-652a-4dd9-a6c4-30eab7eea83e-AppendLogResponseHandler: Failed appendEntries (Repeated 6 times in the last 4.999s): org.apache.ratis.thirdparty.io.grpc.StatusRuntimeException: UNAVAILABLE: io exception
2024-04-29 09:21:40,437 [timer3] WARN  server.GrpcLogAppender (GrpcLogAppender.java:lambda$resetClient$1(217)) - 63ba3f95-8215-4442-8865-ad228f39fdb5@group-242C87B7064D->49450a51-652a-4dd9-a6c4-30eab7eea83e-GrpcLogAppender: Follower failed (request=null, errorCount=6); keep nextIndex (1) unchanged and retry. (Repeated 6 times in the last 5.001s)
2024-04-29 09:21:40,452 [ForkJoinPool.commonPool-worker-1] INFO  utils.DatanodeStoreCache (DatanodeStoreCache.java:shutdownCache(116)) - Skip clearing cache in mini cluster mode. Entries left: [/home/runner/work/ozone/ozone/hadoop-ozone/integration-test/target/test-dir/MiniOzoneClusterImpl-5c564e69-bd94-47d8-8ed3-49bff913e719/ozone-meta/datanode-1/data-0/hdds/5c564e69-bd94-47d8-8ed3-49bff913e719/DS-23ea0279-cdc5-4cf1-ade7-6bf027b5a798/container.db, /home/runner/work/ozone/ozone/hadoop-ozone/integration-test/target/test-dir/MiniOzoneClusterImpl-5c564e69-bd94-47d8-8ed3-49bff913e719/ozone-meta/datanode-5/data-0/hdds/5c564e69-bd94-47d8-8ed3-49bff913e719/DS-6cba9cb4-9499-49ef-b998-fb0f447b5fb7/container.db, /home/runner/work/ozone/ozone/hadoop-ozone/integration-test/target/test-dir/MiniOzoneClusterImpl-5c564e69-bd94-47d8-8ed3-49bff913e719/ozone-meta/datanode-7/data-0/hdds/5c564e69-bd94-47d8-8ed3-49bff913e719/DS-b9ff2964-b938-43f8-97f9-2f5317e0132b/container.db, /home/runner/work/ozone/ozone/hadoop-ozone/integration-test/target/test-dir/MiniOzoneClusterImpl-5c564e69-bd94-47d8-8ed3-49bff913e719/ozone-meta/datanode-8/data-0/hdds/5c564e69-bd94-47d8-8ed3-49bff913e719/DS-1decc1f3-6a2a-408d-95fa-c945a8c6232c/container.db, /home/runner/work/ozone/ozone/hadoop-ozone/integration-test/target/test-dir/MiniOzoneClusterImpl-5c564e69-bd94-47d8-8ed3-49bff913e719/ozone-meta/datanode-9/data-0/hdds/5c564e69-bd94-47d8-8ed3-49bff913e719/DS-1391a816-3bbe-43e9-8ebe-ddca8a5e2ad1/container.db]
2024-04-29 09:21:40,453 [ForkJoinPool.commonPool-worker-1] INFO  utils.DatanodeStoreCache (DatanodeStoreCache.java:removeDB(110)) - Removed db /home/runner/work/ozone/ozone/hadoop-ozone/integration-test/target/test-dir/MiniOzoneClusterImpl-5c564e69-bd94-47d8-8ed3-49bff913e719/ozone-meta/datanode-7/data-0/hdds/5c564e69-bd94-47d8-8ed3-49bff913e719/DS-b9ff2964-b938-43f8-97f9-2f5317e0132b/container.db from cache
2024-04-29 09:21:40,453 [ForkJoinPool.commonPool-worker-1] INFO  volume.HddsVolume (HddsVolume.java:closeDbStore(470)) - SchemaV3 db is stopped at /home/runner/work/ozone/ozone/hadoop-ozone/integration-test/target/test-dir/MiniOzoneClusterImpl-5c564e69-bd94-47d8-8ed3-49bff913e719/ozone-meta/datanode-7/data-0/hdds/5c564e69-bd94-47d8-8ed3-49bff913e719/DS-b9ff2964-b938-43f8-97f9-2f5317e0132b/container.db for volume DS-b9ff2964-b938-43f8-97f9-2f5317e0132b
2024-04-29 09:21:40,453 [ForkJoinPool.commonPool-worker-1] INFO  utils.BackgroundService (BackgroundService.java:shutdown(160)) - Shutting down service BlockDeletingService
2024-04-29 09:21:40,454 [ForkJoinPool.commonPool-worker-1] INFO  utils.BackgroundService (BackgroundService.java:shutdown(160)) - Shutting down service StaleRecoveringContainerScrubbingService
2024-04-29 09:21:40,454 [ForkJoinPool.commonPool-worker-1] INFO  statemachine.DatanodeStateMachine (DatanodeStateMachine.java:stopDaemon(638)) - Ozone container server stopped.
2024-04-29 09:21:40,454 [ForkJoinPool.commonPool-worker-1] INFO  handler.ContextHandler (ContextHandler.java:doStop(1159)) - Stopped o.e.j.w.WebAppContext@250e2047{hddsDatanode,/,null,STOPPED}{file:/home/runner/work/ozone/ozone/hadoop-hdds/container-service/target/classes/webapps/hddsDatanode}
2024-04-29 09:21:40,455 [ForkJoinPool.commonPool-worker-1] INFO  server.AbstractConnector (AbstractConnector.java:doStop(383)) - Stopped ServerConnector@39133ce1{HTTP/1.1, (http/1.1)}{0.0.0.0:15330}
2024-04-29 09:21:40,455 [ForkJoinPool.commonPool-worker-1] INFO  server.session (HouseKeeper.java:stopScavenging(149)) - node0 Stopped scavenging
2024-04-29 09:21:40,455 [ForkJoinPool.commonPool-worker-1] INFO  handler.ContextHandler (ContextHandler.java:doStop(1159)) - Stopped o.e.j.s.ServletContextHandler@4abb5d17{static,/static,file:///home/runner/work/ozone/ozone/hadoop-hdds/container-service/target/classes/webapps/static,STOPPED}
2024-04-29 09:21:40,455 [ForkJoinPool.commonPool-worker-1] INFO  handler.ContextHandler (ContextHandler.java:doStop(1159)) - Stopped o.e.j.s.ServletContextHandler@32472631{logs,/logs,file:///home/runner/work/ozone/ozone/hadoop-ozone/integration-test/target/log,STOPPED}
2024-04-29 09:21:40,455 [ForkJoinPool.commonPool-worker-1] INFO  ozone.HddsDatanodeClientProtocolServer (HddsDatanodeClientProtocolServer.java:stop(83)) - Stopping the RPC server for Client Protocol
2024-04-29 09:21:40,455 [ForkJoinPool.commonPool-worker-1] INFO  ipc.Server (Server.java:stop(3523)) - Stopping server on 15331
2024-04-29 09:21:40,456 [IPC Server listener on 15331] INFO  ipc.Server (Server.java:run(1434)) - Stopping IPC Server listener on 15331
2024-04-29 09:21:40,456 [IPC Server Responder] INFO  ipc.Server (Server.java:run(1567)) - Stopping IPC Server Responder
2024-04-29 09:21:40,457 [ForkJoinPool.commonPool-worker-1] INFO  ozoneimpl.OzoneContainer (OzoneContainer.java:stop(481)) - Attempting to stop container services.
2024-04-29 09:21:40,457 [ContainerMetadataScanner] WARN  ozoneimpl.AbstractBackgroundContainerScanner (AbstractBackgroundContainerScanner.java:handleRemainingSleep(134)) - Background container scan was interrupted.
2024-04-29 09:21:40,457 [ContainerMetadataScanner] INFO  ozoneimpl.AbstractBackgroundContainerScanner (AbstractBackgroundContainerScanner.java:run(61)) - Thread[ContainerMetadataScanner,5,main] exiting.
2024-04-29 09:21:40,457 [ForkJoinPool.commonPool-worker-1] INFO  ozoneimpl.BackgroundContainerDataScanner (BackgroundContainerDataScanner.java:shutdown(141)) - ContainerDataScanner(/home/runner/work/ozone/ozone/hadoop-ozone/integration-test/target/test-dir/MiniOzoneClusterImpl-5c564e69-bd94-47d8-8ed3-49bff913e719/ozone-meta/datanode-9/data-0/hdds) is shutting down. 
2024-04-29 09:21:40,457 [ContainerDataScanner(/home/runner/work/ozone/ozone/hadoop-ozone/integration-test/target/test-dir/MiniOzoneClusterImpl-5c564e69-bd94-47d8-8ed3-49bff913e719/ozone-meta/datanode-9/data-0/hdds)] WARN  ozoneimpl.AbstractBackgroundContainerScanner (AbstractBackgroundContainerScanner.java:handleRemainingSleep(134)) - Background container scan was interrupted.
2024-04-29 09:21:40,457 [ContainerDataScanner(/home/runner/work/ozone/ozone/hadoop-ozone/integration-test/target/test-dir/MiniOzoneClusterImpl-5c564e69-bd94-47d8-8ed3-49bff913e719/ozone-meta/datanode-9/data-0/hdds)] INFO  ozoneimpl.AbstractBackgroundContainerScanner (AbstractBackgroundContainerScanner.java:run(61)) - ContainerDataScanner(/home/runner/work/ozone/ozone/hadoop-ozone/integration-test/target/test-dir/MiniOzoneClusterImpl-5c564e69-bd94-47d8-8ed3-49bff913e719/ozone-meta/datanode-9/data-0/hdds, DS-1391a816-3bbe-43e9-8ebe-ddca8a5e2ad1) exiting.
2024-04-29 09:21:40,458 [ForkJoinPool.commonPool-worker-1] INFO  server.RaftServer (RaftServerProxy.java:lambda$close$9(416)) - 2915b4d7-e658-4864-9310-64154da9bd5b: close
2024-04-29 09:21:40,458 [2915b4d7-e658-4864-9310-64154da9bd5b-impl-thread1] INFO  server.RaftServer$Division (RaftServerImpl.java:lambda$close$3(526)) - 2915b4d7-e658-4864-9310-64154da9bd5b@group-86FDD4066E61: shutdown
2024-04-29 09:21:40,458 [2915b4d7-e658-4864-9310-64154da9bd5b-impl-thread1] INFO  util.JmxRegister (JmxRegister.java:unregister(73)) - Successfully un-registered JMX Bean with object name Ratis:service=RaftServer,group=group-86FDD4066E61,id=2915b4d7-e658-4864-9310-64154da9bd5b
2024-04-29 09:21:40,458 [2915b4d7-e658-4864-9310-64154da9bd5b-impl-thread2] INFO  server.RaftServer$Division (RaftServerImpl.java:lambda$close$3(526)) - 2915b4d7-e658-4864-9310-64154da9bd5b@group-54732A09FC95: shutdown
2024-04-29 09:21:40,458 [2915b4d7-e658-4864-9310-64154da9bd5b-impl-thread2] INFO  util.JmxRegister (JmxRegister.java:unregister(73)) - Successfully un-registered JMX Bean with object name Ratis:service=RaftServer,group=group-54732A09FC95,id=2915b4d7-e658-4864-9310-64154da9bd5b
2024-04-29 09:21:40,458 [2915b4d7-e658-4864-9310-64154da9bd5b-impl-thread2] INFO  impl.RoleInfo (RoleInfo.java:shutdownLeaderState(94)) - 2915b4d7-e658-4864-9310-64154da9bd5b: shutdown 2915b4d7-e658-4864-9310-64154da9bd5b@group-54732A09FC95-LeaderStateImpl
2024-04-29 09:21:40,458 [2915b4d7-e658-4864-9310-64154da9bd5b-impl-thread2] INFO  impl.PendingRequests (PendingRequests.java:sendNotLeaderResponses(289)) - 2915b4d7-e658-4864-9310-64154da9bd5b@group-54732A09FC95-PendingRequests: sendNotLeaderResponses
2024-04-29 09:21:40,458 [ForkJoinPool.commonPool-worker-1] INFO  server.GrpcService (GrpcService.java:closeImpl(311)) - 2915b4d7-e658-4864-9310-64154da9bd5b: shutdown server org.apache.ratis.grpc.server.GrpcClientProtocolService now
2024-04-29 09:21:40,458 [2915b4d7-e658-4864-9310-64154da9bd5b-impl-thread1] INFO  impl.RoleInfo (RoleInfo.java:shutdownFollowerState(110)) - 2915b4d7-e658-4864-9310-64154da9bd5b: shutdown 2915b4d7-e658-4864-9310-64154da9bd5b@group-86FDD4066E61-FollowerState
2024-04-29 09:21:40,459 [2915b4d7-e658-4864-9310-64154da9bd5b-impl-thread1] INFO  impl.StateMachineUpdater (StateMachineUpdater.java:stopAndJoin(157)) - 2915b4d7-e658-4864-9310-64154da9bd5b@group-86FDD4066E61-StateMachineUpdater: set stopIndex = 0
2024-04-29 09:21:40,459 [2915b4d7-e658-4864-9310-64154da9bd5b@group-86FDD4066E61-FollowerState] INFO  impl.FollowerState (FollowerState.java:run(152)) - 2915b4d7-e658-4864-9310-64154da9bd5b@group-86FDD4066E61-FollowerState was interrupted
2024-04-29 09:21:40,459 [2915b4d7-e658-4864-9310-64154da9bd5b@group-86FDD4066E61-StateMachineUpdater] INFO  ratis.ContainerStateMachine (ContainerStateMachine.java:takeSnapshot(355)) - group-86FDD4066E61: Taking a snapshot at:(t:1, i:0) file /home/runner/work/ozone/ozone/hadoop-ozone/integration-test/target/test-dir/MiniOzoneClusterImpl-5c564e69-bd94-47d8-8ed3-49bff913e719/ozone-meta/datanode-9/ratis/0b1c4d5e-c6f1-4272-a85e-86fdd4066e61/sm/snapshot.1_0
2024-04-29 09:21:40,459 [grpc-default-executor-2] WARN  server.GrpcClientProtocolService (LogUtils.java:warn(121)) - 0-OrderedRequestStreamObserver0: onError: org.apache.ratis.thirdparty.io.grpc.StatusRuntimeException: CANCELLED: client cancelled
2024-04-29 09:21:40,459 [ForkJoinPool.commonPool-worker-1] INFO  server.GrpcService (GrpcService.java:closeImpl(320)) - 2915b4d7-e658-4864-9310-64154da9bd5b: shutdown server org.apache.ratis.grpc.server.GrpcClientProtocolService successfully
2024-04-29 09:21:40,459 [ForkJoinPool.commonPool-worker-1] INFO  server.GrpcService (GrpcService.java:closeImpl(311)) - 2915b4d7-e658-4864-9310-64154da9bd5b: shutdown server GrpcServerProtocolService now
2024-04-29 09:21:40,460 [2915b4d7-e658-4864-9310-64154da9bd5b@group-86FDD4066E61-StateMachineUpdater] INFO  ratis.ContainerStateMachine (ContainerStateMachine.java:takeSnapshot(366)) - group-86FDD4066E61: Finished taking a snapshot at:(t:1, i:0) file:/home/runner/work/ozone/ozone/hadoop-ozone/integration-test/target/test-dir/MiniOzoneClusterImpl-5c564e69-bd94-47d8-8ed3-49bff913e719/ozone-meta/datanode-9/ratis/0b1c4d5e-c6f1-4272-a85e-86fdd4066e61/sm/snapshot.1_0 took: 1 ms
2024-04-29 09:21:40,460 [2915b4d7-e658-4864-9310-64154da9bd5b-impl-thread2] INFO  impl.StateMachineUpdater (StateMachineUpdater.java:stopAndJoin(157)) - 2915b4d7-e658-4864-9310-64154da9bd5b@group-54732A09FC95-StateMachineUpdater: set stopIndex = 0
2024-04-29 09:21:40,460 [2915b4d7-e658-4864-9310-64154da9bd5b@group-54732A09FC95-StateMachineUpdater] INFO  ratis.ContainerStateMachine (ContainerStateMachine.java:takeSnapshot(355)) - group-54732A09FC95: Taking a snapshot at:(t:1, i:0) file /home/runner/work/ozone/ozone/hadoop-ozone/integration-test/target/test-dir/MiniOzoneClusterImpl-5c564e69-bd94-47d8-8ed3-49bff913e719/ozone-meta/datanode-9/ratis/694c0fb2-e03a-462c-87fb-54732a09fc95/sm/snapshot.1_0
2024-04-29 09:21:40,460 [2915b4d7-e658-4864-9310-64154da9bd5b@group-86FDD4066E61-StateMachineUpdater] INFO  impl.StateMachineUpdater (StateMachineUpdater.java:takeSnapshot(295)) - 2915b4d7-e658-4864-9310-64154da9bd5b@group-86FDD4066E61-StateMachineUpdater: Took a snapshot at index 0
2024-04-29 09:21:40,460 [2915b4d7-e658-4864-9310-64154da9bd5b@group-86FDD4066E61-StateMachineUpdater] INFO  impl.StateMachineUpdater (StateMachineUpdater.java:lambda$new$0(98)) - 2915b4d7-e658-4864-9310-64154da9bd5b@group-86FDD4066E61-StateMachineUpdater: snapshotIndex: updateIncreasingly -1 -> 0
2024-04-29 09:21:40,461 [2915b4d7-e658-4864-9310-64154da9bd5b@group-54732A09FC95-StateMachineUpdater] INFO  ratis.ContainerStateMachine (ContainerStateMachine.java:takeSnapshot(366)) - group-54732A09FC95: Finished taking a snapshot at:(t:1, i:0) file:/home/runner/work/ozone/ozone/hadoop-ozone/integration-test/target/test-dir/MiniOzoneClusterImpl-5c564e69-bd94-47d8-8ed3-49bff913e719/ozone-meta/datanode-9/ratis/694c0fb2-e03a-462c-87fb-54732a09fc95/sm/snapshot.1_0 took: 1 ms
2024-04-29 09:21:40,461 [2915b4d7-e658-4864-9310-64154da9bd5b@group-54732A09FC95-StateMachineUpdater] INFO  impl.StateMachineUpdater (StateMachineUpdater.java:takeSnapshot(295)) - 2915b4d7-e658-4864-9310-64154da9bd5b@group-54732A09FC95-StateMachineUpdater: Took a snapshot at index 0
2024-04-29 09:21:40,461 [2915b4d7-e658-4864-9310-64154da9bd5b@group-54732A09FC95-StateMachineUpdater] INFO  impl.StateMachineUpdater (StateMachineUpdater.java:lambda$new$0(98)) - 2915b4d7-e658-4864-9310-64154da9bd5b@group-54732A09FC95-StateMachineUpdater: snapshotIndex: updateIncreasingly -1 -> 0
2024-04-29 09:21:40,461 [2915b4d7-e658-4864-9310-64154da9bd5b-impl-thread2] INFO  server.RaftServer$Division (ServerState.java:close(427)) - 2915b4d7-e658-4864-9310-64154da9bd5b@group-54732A09FC95: applyIndex: 0
2024-04-29 09:21:40,461 [ForkJoinPool.commonPool-worker-1] INFO  server.GrpcService (GrpcService.java:closeImpl(320)) - 2915b4d7-e658-4864-9310-64154da9bd5b: shutdown server GrpcServerProtocolService successfully
2024-04-29 09:21:40,461 [ForkJoinPool.commonPool-worker-1] INFO  server.GrpcService (GrpcService.java:closeImpl(311)) - 2915b4d7-e658-4864-9310-64154da9bd5b: shutdown server org.apache.ratis.grpc.server.GrpcAdminProtocolService now
2024-04-29 09:21:40,461 [2915b4d7-e658-4864-9310-64154da9bd5b@group-54732A09FC95-cacheEviction-AwaitToRun] INFO  util.AwaitToRun (AwaitToRun.java:run(49)) - 2915b4d7-e658-4864-9310-64154da9bd5b@group-54732A09FC95-cacheEviction-AwaitToRun-AwaitForSignal is interrupted
2024-04-29 09:21:40,462 [ForkJoinPool.commonPool-worker-1] INFO  server.GrpcService (GrpcService.java:closeImpl(320)) - 2915b4d7-e658-4864-9310-64154da9bd5b: shutdown server org.apache.ratis.grpc.server.GrpcAdminProtocolService successfully
2024-04-29 09:21:40,464 [2915b4d7-e658-4864-9310-64154da9bd5b-NettyServerStreamRpc-bossGroup--thread1] INFO  logging.LoggingHandler (AbstractInternalLogger.java:log(148)) - [id: 0x5413c1fa, L:/0.0.0.0:15354] CLOSE
2024-04-29 09:21:40,464 [2915b4d7-e658-4864-9310-64154da9bd5b-impl-thread1] INFO  server.RaftServer$Division (ServerState.java:close(427)) - 2915b4d7-e658-4864-9310-64154da9bd5b@group-86FDD4066E61: applyIndex: 0
2024-04-29 09:21:40,464 [2915b4d7-e658-4864-9310-64154da9bd5b-NettyServerStreamRpc-bossGroup--thread1] INFO  logging.LoggingHandler (AbstractInternalLogger.java:log(148)) - [id: 0x5413c1fa, L:/0.0.0.0:15354] INACTIVE
2024-04-29 09:21:40,465 [2915b4d7-e658-4864-9310-64154da9bd5b-NettyServerStreamRpc-bossGroup--thread1] INFO  logging.LoggingHandler (AbstractInternalLogger.java:log(148)) - [id: 0x5413c1fa, L:/0.0.0.0:15354] UNREGISTERED
2024-04-29 09:21:40,465 [2915b4d7-e658-4864-9310-64154da9bd5b@group-86FDD4066E61-cacheEviction-AwaitToRun] INFO  util.AwaitToRun (AwaitToRun.java:run(49)) - 2915b4d7-e658-4864-9310-64154da9bd5b@group-86FDD4066E61-cacheEviction-AwaitToRun-AwaitForSignal is interrupted
2024-04-29 09:21:40,489 [2915b4d7-e658-4864-9310-64154da9bd5b-impl-thread2] INFO  segmented.SegmentedRaftLogWorker (SegmentedRaftLogWorker.java:close(245)) - 2915b4d7-e658-4864-9310-64154da9bd5b@group-54732A09FC95-SegmentedRaftLogWorker close()
2024-04-29 09:21:40,534 [ForkJoinPool.commonPool-worker-3] INFO  utils.DatanodeStoreCache (DatanodeStoreCache.java:shutdownCache(116)) - Skip clearing cache in mini cluster mode. Entries left: [/home/runner/work/ozone/ozone/hadoop-ozone/integration-test/target/test-dir/MiniOzoneClusterImpl-5c564e69-bd94-47d8-8ed3-49bff913e719/ozone-meta/datanode-1/data-0/hdds/5c564e69-bd94-47d8-8ed3-49bff913e719/DS-23ea0279-cdc5-4cf1-ade7-6bf027b5a798/container.db, /home/runner/work/ozone/ozone/hadoop-ozone/integration-test/target/test-dir/MiniOzoneClusterImpl-5c564e69-bd94-47d8-8ed3-49bff913e719/ozone-meta/datanode-5/data-0/hdds/5c564e69-bd94-47d8-8ed3-49bff913e719/DS-6cba9cb4-9499-49ef-b998-fb0f447b5fb7/container.db, /home/runner/work/ozone/ozone/hadoop-ozone/integration-test/target/test-dir/MiniOzoneClusterImpl-5c564e69-bd94-47d8-8ed3-49bff913e719/ozone-meta/datanode-8/data-0/hdds/5c564e69-bd94-47d8-8ed3-49bff913e719/DS-1decc1f3-6a2a-408d-95fa-c945a8c6232c/container.db, /home/runner/work/ozone/ozone/hadoop-ozone/integration-test/target/test-dir/MiniOzoneClusterImpl-5c564e69-bd94-47d8-8ed3-49bff913e719/ozone-meta/datanode-9/data-0/hdds/5c564e69-bd94-47d8-8ed3-49bff913e719/DS-1391a816-3bbe-43e9-8ebe-ddca8a5e2ad1/container.db]
2024-04-29 09:21:40,535 [ForkJoinPool.commonPool-worker-3] INFO  utils.DatanodeStoreCache (DatanodeStoreCache.java:removeDB(110)) - Removed db /home/runner/work/ozone/ozone/hadoop-ozone/integration-test/target/test-dir/MiniOzoneClusterImpl-5c564e69-bd94-47d8-8ed3-49bff913e719/ozone-meta/datanode-8/data-0/hdds/5c564e69-bd94-47d8-8ed3-49bff913e719/DS-1decc1f3-6a2a-408d-95fa-c945a8c6232c/container.db from cache
2024-04-29 09:21:40,535 [ForkJoinPool.commonPool-worker-3] INFO  volume.HddsVolume (HddsVolume.java:closeDbStore(470)) - SchemaV3 db is stopped at /home/runner/work/ozone/ozone/hadoop-ozone/integration-test/target/test-dir/MiniOzoneClusterImpl-5c564e69-bd94-47d8-8ed3-49bff913e719/ozone-meta/datanode-8/data-0/hdds/5c564e69-bd94-47d8-8ed3-49bff913e719/DS-1decc1f3-6a2a-408d-95fa-c945a8c6232c/container.db for volume DS-1decc1f3-6a2a-408d-95fa-c945a8c6232c
2024-04-29 09:21:40,535 [ForkJoinPool.commonPool-worker-3] INFO  utils.BackgroundService (BackgroundService.java:shutdown(160)) - Shutting down service BlockDeletingService
2024-04-29 09:21:40,535 [ForkJoinPool.commonPool-worker-3] INFO  utils.BackgroundService (BackgroundService.java:shutdown(160)) - Shutting down service StaleRecoveringContainerScrubbingService
2024-04-29 09:21:40,535 [ForkJoinPool.commonPool-worker-3] INFO  statemachine.DatanodeStateMachine (DatanodeStateMachine.java:stopDaemon(638)) - Ozone container server stopped.
2024-04-29 09:21:40,536 [ForkJoinPool.commonPool-worker-3] INFO  handler.ContextHandler (ContextHandler.java:doStop(1159)) - Stopped o.e.j.w.WebAppContext@388c0178{hddsDatanode,/,null,STOPPED}{file:/home/runner/work/ozone/ozone/hadoop-hdds/container-service/target/classes/webapps/hddsDatanode}
2024-04-29 09:21:40,536 [ForkJoinPool.commonPool-worker-3] INFO  server.AbstractConnector (AbstractConnector.java:doStop(383)) - Stopped ServerConnector@698f3ac4{HTTP/1.1, (http/1.1)}{0.0.0.0:15339}
2024-04-29 09:21:40,536 [ForkJoinPool.commonPool-worker-3] INFO  server.session (HouseKeeper.java:stopScavenging(149)) - node0 Stopped scavenging
2024-04-29 09:21:40,536 [ForkJoinPool.commonPool-worker-3] INFO  handler.ContextHandler (ContextHandler.java:doStop(1159)) - Stopped o.e.j.s.ServletContextHandler@10b87c58{static,/static,file:///home/runner/work/ozone/ozone/hadoop-hdds/container-service/target/classes/webapps/static,STOPPED}
2024-04-29 09:21:40,536 [ForkJoinPool.commonPool-worker-3] INFO  handler.ContextHandler (ContextHandler.java:doStop(1159)) - Stopped o.e.j.s.ServletContextHandler@4bd23b22{logs,/logs,file:///home/runner/work/ozone/ozone/hadoop-ozone/integration-test/target/log,STOPPED}
2024-04-29 09:21:40,537 [ForkJoinPool.commonPool-worker-3] INFO  ozone.HddsDatanodeClientProtocolServer (HddsDatanodeClientProtocolServer.java:stop(83)) - Stopping the RPC server for Client Protocol
2024-04-29 09:21:40,537 [ForkJoinPool.commonPool-worker-3] INFO  ipc.Server (Server.java:stop(3523)) - Stopping server on 15340
2024-04-29 09:21:40,537 [IPC Server listener on 15340] INFO  ipc.Server (Server.java:run(1434)) - Stopping IPC Server listener on 15340
2024-04-29 09:21:40,537 [IPC Server Responder] INFO  ipc.Server (Server.java:run(1567)) - Stopping IPC Server Responder
2024-04-29 09:21:41,155 [ForkJoinPool.commonPool-worker-2] INFO  utils.DatanodeStoreCache (DatanodeStoreCache.java:shutdownCache(116)) - Skip clearing cache in mini cluster mode. Entries left: [/home/runner/work/ozone/ozone/hadoop-ozone/integration-test/target/test-dir/MiniOzoneClusterImpl-5c564e69-bd94-47d8-8ed3-49bff913e719/ozone-meta/datanode-1/data-0/hdds/5c564e69-bd94-47d8-8ed3-49bff913e719/DS-23ea0279-cdc5-4cf1-ade7-6bf027b5a798/container.db, /home/runner/work/ozone/ozone/hadoop-ozone/integration-test/target/test-dir/MiniOzoneClusterImpl-5c564e69-bd94-47d8-8ed3-49bff913e719/ozone-meta/datanode-5/data-0/hdds/5c564e69-bd94-47d8-8ed3-49bff913e719/DS-6cba9cb4-9499-49ef-b998-fb0f447b5fb7/container.db, /home/runner/work/ozone/ozone/hadoop-ozone/integration-test/target/test-dir/MiniOzoneClusterImpl-5c564e69-bd94-47d8-8ed3-49bff913e719/ozone-meta/datanode-9/data-0/hdds/5c564e69-bd94-47d8-8ed3-49bff913e719/DS-1391a816-3bbe-43e9-8ebe-ddca8a5e2ad1/container.db]
2024-04-29 09:21:41,156 [ForkJoinPool.commonPool-worker-2] INFO  utils.DatanodeStoreCache (DatanodeStoreCache.java:removeDB(110)) - Removed db /home/runner/work/ozone/ozone/hadoop-ozone/integration-test/target/test-dir/MiniOzoneClusterImpl-5c564e69-bd94-47d8-8ed3-49bff913e719/ozone-meta/datanode-1/data-0/hdds/5c564e69-bd94-47d8-8ed3-49bff913e719/DS-23ea0279-cdc5-4cf1-ade7-6bf027b5a798/container.db from cache
2024-04-29 09:21:41,156 [ForkJoinPool.commonPool-worker-2] INFO  volume.HddsVolume (HddsVolume.java:closeDbStore(470)) - SchemaV3 db is stopped at /home/runner/work/ozone/ozone/hadoop-ozone/integration-test/target/test-dir/MiniOzoneClusterImpl-5c564e69-bd94-47d8-8ed3-49bff913e719/ozone-meta/datanode-1/data-0/hdds/5c564e69-bd94-47d8-8ed3-49bff913e719/DS-23ea0279-cdc5-4cf1-ade7-6bf027b5a798/container.db for volume DS-23ea0279-cdc5-4cf1-ade7-6bf027b5a798
2024-04-29 09:21:41,156 [ForkJoinPool.commonPool-worker-2] INFO  utils.BackgroundService (BackgroundService.java:shutdown(160)) - Shutting down service BlockDeletingService
2024-04-29 09:21:41,156 [ForkJoinPool.commonPool-worker-2] INFO  utils.BackgroundService (BackgroundService.java:shutdown(160)) - Shutting down service StaleRecoveringContainerScrubbingService
2024-04-29 09:21:41,157 [ForkJoinPool.commonPool-worker-2] INFO  statemachine.DatanodeStateMachine (DatanodeStateMachine.java:stopDaemon(638)) - Ozone container server stopped.
2024-04-29 09:21:41,157 [ForkJoinPool.commonPool-worker-2] INFO  handler.ContextHandler (ContextHandler.java:doStop(1159)) - Stopped o.e.j.w.WebAppContext@1e92420f{hddsDatanode,/,null,STOPPED}{file:/home/runner/work/ozone/ozone/hadoop-hdds/container-service/target/classes/webapps/hddsDatanode}
2024-04-29 09:21:41,158 [ForkJoinPool.commonPool-worker-2] INFO  server.AbstractConnector (AbstractConnector.java:doStop(383)) - Stopped ServerConnector@7157b2d4{HTTP/1.1, (http/1.1)}{0.0.0.0:15276}
2024-04-29 09:21:41,158 [ForkJoinPool.commonPool-worker-2] INFO  server.session (HouseKeeper.java:stopScavenging(149)) - node0 Stopped scavenging
2024-04-29 09:21:41,158 [ForkJoinPool.commonPool-worker-2] INFO  handler.ContextHandler (ContextHandler.java:doStop(1159)) - Stopped o.e.j.s.ServletContextHandler@63f8fded{static,/static,file:///home/runner/work/ozone/ozone/hadoop-hdds/container-service/target/classes/webapps/static,STOPPED}
2024-04-29 09:21:41,158 [ForkJoinPool.commonPool-worker-2] INFO  handler.ContextHandler (ContextHandler.java:doStop(1159)) - Stopped o.e.j.s.ServletContextHandler@48562206{logs,/logs,file:///home/runner/work/ozone/ozone/hadoop-ozone/integration-test/target/log,STOPPED}
2024-04-29 09:21:41,158 [ForkJoinPool.commonPool-worker-2] INFO  ozone.HddsDatanodeClientProtocolServer (HddsDatanodeClientProtocolServer.java:stop(83)) - Stopping the RPC server for Client Protocol
2024-04-29 09:21:41,158 [ForkJoinPool.commonPool-worker-2] INFO  ipc.Server (Server.java:stop(3523)) - Stopping server on 15277
2024-04-29 09:21:41,158 [IPC Server listener on 15277] INFO  ipc.Server (Server.java:run(1434)) - Stopping IPC Server listener on 15277
2024-04-29 09:21:41,158 [IPC Server Responder] INFO  ipc.Server (Server.java:run(1567)) - Stopping IPC Server Responder
2024-04-29 09:21:41,343 [main] INFO  utils.DatanodeStoreCache (DatanodeStoreCache.java:shutdownCache(116)) - Skip clearing cache in mini cluster mode. Entries left: [/home/runner/work/ozone/ozone/hadoop-ozone/integration-test/target/test-dir/MiniOzoneClusterImpl-5c564e69-bd94-47d8-8ed3-49bff913e719/ozone-meta/datanode-5/data-0/hdds/5c564e69-bd94-47d8-8ed3-49bff913e719/DS-6cba9cb4-9499-49ef-b998-fb0f447b5fb7/container.db, /home/runner/work/ozone/ozone/hadoop-ozone/integration-test/target/test-dir/MiniOzoneClusterImpl-5c564e69-bd94-47d8-8ed3-49bff913e719/ozone-meta/datanode-9/data-0/hdds/5c564e69-bd94-47d8-8ed3-49bff913e719/DS-1391a816-3bbe-43e9-8ebe-ddca8a5e2ad1/container.db]
2024-04-29 09:21:41,344 [main] INFO  utils.DatanodeStoreCache (DatanodeStoreCache.java:removeDB(110)) - Removed db /home/runner/work/ozone/ozone/hadoop-ozone/integration-test/target/test-dir/MiniOzoneClusterImpl-5c564e69-bd94-47d8-8ed3-49bff913e719/ozone-meta/datanode-5/data-0/hdds/5c564e69-bd94-47d8-8ed3-49bff913e719/DS-6cba9cb4-9499-49ef-b998-fb0f447b5fb7/container.db from cache
2024-04-29 09:21:41,344 [main] INFO  volume.HddsVolume (HddsVolume.java:closeDbStore(470)) - SchemaV3 db is stopped at /home/runner/work/ozone/ozone/hadoop-ozone/integration-test/target/test-dir/MiniOzoneClusterImpl-5c564e69-bd94-47d8-8ed3-49bff913e719/ozone-meta/datanode-5/data-0/hdds/5c564e69-bd94-47d8-8ed3-49bff913e719/DS-6cba9cb4-9499-49ef-b998-fb0f447b5fb7/container.db for volume DS-6cba9cb4-9499-49ef-b998-fb0f447b5fb7
2024-04-29 09:21:41,344 [main] INFO  utils.BackgroundService (BackgroundService.java:shutdown(160)) - Shutting down service BlockDeletingService
2024-04-29 09:21:41,344 [main] INFO  utils.BackgroundService (BackgroundService.java:shutdown(160)) - Shutting down service StaleRecoveringContainerScrubbingService
2024-04-29 09:21:41,345 [main] INFO  statemachine.DatanodeStateMachine (DatanodeStateMachine.java:stopDaemon(638)) - Ozone container server stopped.
2024-04-29 09:21:41,345 [main] INFO  handler.ContextHandler (ContextHandler.java:doStop(1159)) - Stopped o.e.j.w.WebAppContext@671f78b4{hddsDatanode,/,null,STOPPED}{file:/home/runner/work/ozone/ozone/hadoop-hdds/container-service/target/classes/webapps/hddsDatanode}
2024-04-29 09:21:41,346 [main] INFO  server.AbstractConnector (AbstractConnector.java:doStop(383)) - Stopped ServerConnector@50629a46{HTTP/1.1, (http/1.1)}{0.0.0.0:15312}
2024-04-29 09:21:41,346 [main] INFO  server.session (HouseKeeper.java:stopScavenging(149)) - node0 Stopped scavenging
2024-04-29 09:21:41,346 [main] INFO  handler.ContextHandler (ContextHandler.java:doStop(1159)) - Stopped o.e.j.s.ServletContextHandler@5a68d4d6{static,/static,file:///home/runner/work/ozone/ozone/hadoop-hdds/container-service/target/classes/webapps/static,STOPPED}
2024-04-29 09:21:41,346 [main] INFO  handler.ContextHandler (ContextHandler.java:doStop(1159)) - Stopped o.e.j.s.ServletContextHandler@6689f455{logs,/logs,file:///home/runner/work/ozone/ozone/hadoop-ozone/integration-test/target/log,STOPPED}
2024-04-29 09:21:41,347 [main] INFO  ozone.HddsDatanodeClientProtocolServer (HddsDatanodeClientProtocolServer.java:stop(83)) - Stopping the RPC server for Client Protocol
2024-04-29 09:21:41,347 [main] INFO  ipc.Server (Server.java:stop(3523)) - Stopping server on 15313
2024-04-29 09:21:41,347 [IPC Server listener on 15313] INFO  ipc.Server (Server.java:run(1434)) - Stopping IPC Server listener on 15313
2024-04-29 09:21:41,347 [IPC Server Responder] INFO  ipc.Server (Server.java:run(1567)) - Stopping IPC Server Responder
2024-04-29 09:21:41,439 [2915b4d7-e658-4864-9310-64154da9bd5b-impl-thread1] INFO  segmented.SegmentedRaftLogWorker (SegmentedRaftLogWorker.java:close(245)) - 2915b4d7-e658-4864-9310-64154da9bd5b@group-86FDD4066E61-SegmentedRaftLogWorker close()
2024-04-29 09:21:41,440 [JvmPauseMonitor43] INFO  util.JvmPauseMonitor (JvmPauseMonitor.java:run(152)) - JvmPauseMonitor-2915b4d7-e658-4864-9310-64154da9bd5b: Stopped
2024-04-29 09:21:43,442 [ForkJoinPool.commonPool-worker-1] INFO  utils.DatanodeStoreCache (DatanodeStoreCache.java:shutdownCache(116)) - Skip clearing cache in mini cluster mode. Entries left: [/home/runner/work/ozone/ozone/hadoop-ozone/integration-test/target/test-dir/MiniOzoneClusterImpl-5c564e69-bd94-47d8-8ed3-49bff913e719/ozone-meta/datanode-9/data-0/hdds/5c564e69-bd94-47d8-8ed3-49bff913e719/DS-1391a816-3bbe-43e9-8ebe-ddca8a5e2ad1/container.db]
2024-04-29 09:21:43,443 [ForkJoinPool.commonPool-worker-1] INFO  utils.DatanodeStoreCache (DatanodeStoreCache.java:removeDB(110)) - Removed db /home/runner/work/ozone/ozone/hadoop-ozone/integration-test/target/test-dir/MiniOzoneClusterImpl-5c564e69-bd94-47d8-8ed3-49bff913e719/ozone-meta/datanode-9/data-0/hdds/5c564e69-bd94-47d8-8ed3-49bff913e719/DS-1391a816-3bbe-43e9-8ebe-ddca8a5e2ad1/container.db from cache
2024-04-29 09:21:43,443 [ForkJoinPool.commonPool-worker-1] INFO  volume.HddsVolume (HddsVolume.java:closeDbStore(470)) - SchemaV3 db is stopped at /home/runner/work/ozone/ozone/hadoop-ozone/integration-test/target/test-dir/MiniOzoneClusterImpl-5c564e69-bd94-47d8-8ed3-49bff913e719/ozone-meta/datanode-9/data-0/hdds/5c564e69-bd94-47d8-8ed3-49bff913e719/DS-1391a816-3bbe-43e9-8ebe-ddca8a5e2ad1/container.db for volume DS-1391a816-3bbe-43e9-8ebe-ddca8a5e2ad1
2024-04-29 09:21:43,443 [ForkJoinPool.commonPool-worker-1] INFO  utils.BackgroundService (BackgroundService.java:shutdown(160)) - Shutting down service BlockDeletingService
2024-04-29 09:21:43,443 [ForkJoinPool.commonPool-worker-1] INFO  utils.BackgroundService (BackgroundService.java:shutdown(160)) - Shutting down service StaleRecoveringContainerScrubbingService
2024-04-29 09:21:43,445 [ForkJoinPool.commonPool-worker-1] INFO  statemachine.DatanodeStateMachine (DatanodeStateMachine.java:stopDaemon(638)) - Ozone container server stopped.
2024-04-29 09:21:43,445 [ForkJoinPool.commonPool-worker-1] INFO  handler.ContextHandler (ContextHandler.java:doStop(1159)) - Stopped o.e.j.w.WebAppContext@7d49efaf{hddsDatanode,/,null,STOPPED}{file:/home/runner/work/ozone/ozone/hadoop-hdds/container-service/target/classes/webapps/hddsDatanode}
2024-04-29 09:21:43,445 [ForkJoinPool.commonPool-worker-1] INFO  server.AbstractConnector (AbstractConnector.java:doStop(383)) - Stopped ServerConnector@e4e7ae8{HTTP/1.1, (http/1.1)}{0.0.0.0:15348}
2024-04-29 09:21:43,445 [ForkJoinPool.commonPool-worker-1] INFO  server.session (HouseKeeper.java:stopScavenging(149)) - node0 Stopped scavenging
2024-04-29 09:21:43,446 [ForkJoinPool.commonPool-worker-1] INFO  handler.ContextHandler (ContextHandler.java:doStop(1159)) - Stopped o.e.j.s.ServletContextHandler@7f2316ef{static,/static,file:///home/runner/work/ozone/ozone/hadoop-hdds/container-service/target/classes/webapps/static,STOPPED}
2024-04-29 09:21:43,446 [ForkJoinPool.commonPool-worker-1] INFO  handler.ContextHandler (ContextHandler.java:doStop(1159)) - Stopped o.e.j.s.ServletContextHandler@3289d5df{logs,/logs,file:///home/runner/work/ozone/ozone/hadoop-ozone/integration-test/target/log,STOPPED}
2024-04-29 09:21:43,446 [ForkJoinPool.commonPool-worker-1] INFO  ozone.HddsDatanodeClientProtocolServer (HddsDatanodeClientProtocolServer.java:stop(83)) - Stopping the RPC server for Client Protocol
2024-04-29 09:21:43,446 [ForkJoinPool.commonPool-worker-1] INFO  ipc.Server (Server.java:stop(3523)) - Stopping server on 15349
2024-04-29 09:21:43,447 [IPC Server listener on 15349] INFO  ipc.Server (Server.java:run(1434)) - Stopping IPC Server listener on 15349
2024-04-29 09:21:43,447 [IPC Server Responder] INFO  ipc.Server (Server.java:run(1567)) - Stopping IPC Server Responder
2024-04-29 09:21:43,448 [main] INFO  ozone.MiniOzoneClusterImpl (MiniOzoneClusterImpl.java:stopSCM(486)) - Stopping the StorageContainerManager
2024-04-29 09:21:43,448 [main] INFO  server.StorageContainerManager (StorageContainerManager.java:stop(1653)) - Container Balancer is not running.
2024-04-29 09:21:43,448 [main] INFO  server.StorageContainerManager (StorageContainerManager.java:stopReplicationManager(1786)) - Stopping Replication Manager Service.
2024-04-29 09:21:43,448 [main] INFO  replication.ReplicationManager (ReplicationManager.java:stop(329)) - Stopping Replication Monitor Thread.
2024-04-29 09:21:43,448 [main] INFO  server.StorageContainerManager (StorageContainerManager.java:stop(1662)) - Stopping the Datanode Admin Monitor.
2024-04-29 09:21:43,448 [ReplicationMonitor] INFO  replication.ReplicationManager (ReplicationManager.java:run(936)) - Replication Monitor Thread is stopped
2024-04-29 09:21:43,448 [UnderReplicatedProcessor] WARN  replication.UnhealthyReplicationProcessor (UnhealthyReplicationProcessor.java:run(180)) - UnderReplicatedProcessor interrupted. Exiting...
2024-04-29 09:21:43,448 [main] INFO  server.StorageContainerManager (StorageContainerManager.java:stop(1669)) - Stopping datanode service RPC server
2024-04-29 09:21:43,448 [main] INFO  server.SCMDatanodeProtocolServer (SCMDatanodeProtocolServer.java:stop(425)) - Stopping the RPC server for DataNodes
2024-04-29 09:21:43,449 [main] INFO  ipc.Server (Server.java:stop(3523)) - Stopping server on 15269
2024-04-29 09:21:43,449 [OverReplicatedProcessor] WARN  replication.UnhealthyReplicationProcessor (UnhealthyReplicationProcessor.java:run(180)) - OverReplicatedProcessor interrupted. Exiting...
2024-04-29 09:21:43,450 [IPC Server listener on 15269] INFO  ipc.Server (Server.java:run(1434)) - Stopping IPC Server listener on 15269
2024-04-29 09:21:43,450 [IPC Server Responder] INFO  ipc.Server (Server.java:run(1567)) - Stopping IPC Server Responder
2024-04-29 09:21:43,492 [SCMHeartbeatProcessor-0] WARN  node.NodeStateManager (NodeStateManager.java:scheduleNextHealthCheck(878)) - Current Thread is interrupted, shutting down HB processing thread for Node Manager.
2024-04-29 09:21:43,492 [main] INFO  server.StorageContainerManager (StorageContainerManager.java:stop(1677)) - Stopping block service RPC server
2024-04-29 09:21:43,492 [main] INFO  server.SCMBlockProtocolServer (SCMBlockProtocolServer.java:stop(171)) - Stopping the RPC server for Block Protocol
2024-04-29 09:21:43,492 [main] INFO  ipc.Server (Server.java:stop(3523)) - Stopping server on 15268
2024-04-29 09:21:43,494 [IPC Server Responder] INFO  ipc.Server (Server.java:run(1567)) - Stopping IPC Server Responder
2024-04-29 09:21:43,494 [main] INFO  server.StorageContainerManager (StorageContainerManager.java:stop(1684)) - Stopping the StorageContainerLocationProtocol RPC server
2024-04-29 09:21:43,494 [main] INFO  server.SCMClientProtocolServer (SCMClientProtocolServer.java:stop(213)) - Stopping the RPC server for Client Protocol
2024-04-29 09:21:43,494 [main] INFO  ipc.Server (Server.java:stop(3523)) - Stopping server on 15267
2024-04-29 09:21:43,494 [IPC Server listener on 15268] INFO  ipc.Server (Server.java:run(1434)) - Stopping IPC Server listener on 15268
2024-04-29 09:21:43,495 [IPC Server Responder] INFO  ipc.Server (Server.java:run(1567)) - Stopping IPC Server Responder
2024-04-29 09:21:43,495 [main] INFO  server.StorageContainerManager (StorageContainerManager.java:stop(1691)) - Stopping Storage Container Manager HTTP server.
2024-04-29 09:21:43,496 [main] INFO  handler.ContextHandler (ContextHandler.java:doStop(1159)) - Stopped o.e.j.w.WebAppContext@1f0eabb8{scm,/,null,STOPPED}{file:/home/runner/work/ozone/ozone/hadoop-ozone/integration-test/target/test-classes/webapps/scm}
2024-04-29 09:21:43,495 [IPC Server listener on 15267] INFO  ipc.Server (Server.java:run(1434)) - Stopping IPC Server listener on 15267
2024-04-29 09:21:43,497 [main] INFO  server.AbstractConnector (AbstractConnector.java:doStop(383)) - Stopped ServerConnector@2ef08ad0{HTTP/1.1, (http/1.1)}{0.0.0.0:15270}
2024-04-29 09:21:43,497 [main] INFO  server.session (HouseKeeper.java:stopScavenging(149)) - node0 Stopped scavenging
2024-04-29 09:21:43,497 [main] INFO  handler.ContextHandler (ContextHandler.java:doStop(1159)) - Stopped o.e.j.s.ServletContextHandler@416e5cb{static,/static,file:///home/runner/work/ozone/ozone/hadoop-ozone/integration-test/target/test-classes/webapps/static,STOPPED}
2024-04-29 09:21:43,498 [main] INFO  handler.ContextHandler (ContextHandler.java:doStop(1159)) - Stopped o.e.j.s.ServletContextHandler@77ad33c{logs,/logs,file:///home/runner/work/ozone/ozone/hadoop-ozone/integration-test/target/log,STOPPED}
2024-04-29 09:21:43,498 [main] INFO  server.StorageContainerManager (StorageContainerManager.java:stop(1699)) - Stopping SCM LayoutVersionManager Service.
2024-04-29 09:21:43,498 [main] INFO  server.StorageContainerManager (StorageContainerManager.java:stop(1711)) - Stopping Block Manager Service.
2024-04-29 09:21:43,498 [main] INFO  utils.BackgroundService (BackgroundService.java:shutdown(160)) - Shutting down service SCMBlockDeletingService
2024-04-29 09:21:43,499 [main] INFO  utils.BackgroundService (BackgroundService.java:shutdown(160)) - Shutting down service SCMBlockDeletingService
2024-04-29 09:21:43,499 [main] INFO  server.StorageContainerManager (StorageContainerManager.java:stop(1731)) - Stopping SCM Event Queue.
2024-04-29 09:21:43,500 [JvmPauseMonitor33] INFO  util.JvmPauseMonitor (JvmPauseMonitor.java:run(152)) - JvmPauseMonitor-6f694c05-7525-4605-81d2-bb3ffa10ef81: Stopped
2024-04-29 09:21:43,500 [main] INFO  server.StorageContainerManager (StorageContainerManager.java:stop(1742)) - Stopping SCM HA services.
2024-04-29 09:21:43,501 [main] INFO  pipeline.BackgroundPipelineCreator (BackgroundPipelineCreator.java:stop(152)) - Stopping RatisPipelineUtilsThread.
2024-04-29 09:21:43,501 [RatisPipelineUtilsThread-0] WARN  pipeline.BackgroundPipelineCreator (BackgroundPipelineCreator.java:run(183)) - RatisPipelineUtilsThread is interrupted.
2024-04-29 09:21:43,501 [main] INFO  BackgroundPipelineScrubber (BackgroundSCMService.java:stop(128)) - Stopping BackgroundPipelineScrubber Service.
2024-04-29 09:21:43,501 [BackgroundPipelineScrubber] WARN  BackgroundPipelineScrubber (BackgroundSCMService.java:run(112)) - BackgroundPipelineScrubber is interrupted, exit
2024-04-29 09:21:43,502 [main] INFO  impl.MetricsSystemImpl (MetricsSystemImpl.java:stop(210)) - Stopping HddsDatanode metrics system...
2024-04-29 09:21:43,503 [prometheus] INFO  impl.MetricsSinkAdapter (MetricsSinkAdapter.java:publishMetricsFromQueue(141)) - prometheus thread interrupted.
2024-04-29 09:21:43,503 [main] INFO  impl.MetricsSystemImpl (MetricsSystemImpl.java:stop(216)) - HddsDatanode metrics system stopped.
2024-04-29 09:21:43,504 [main] WARN  pipeline.BackgroundPipelineCreator (BackgroundPipelineCreator.java:stop(148)) - RatisPipelineUtilsThread is not running, just ignore.
2024-04-29 09:21:43,504 [main] INFO  BackgroundPipelineScrubber (BackgroundSCMService.java:stop(123)) - BackgroundPipelineScrubber Service is not running, skip stop.
2024-04-29 09:21:43,504 [main] INFO  ExpiredContainerReplicaOpScrubber (BackgroundSCMService.java:stop(128)) - Stopping ExpiredContainerReplicaOpScrubber Service.
2024-04-29 09:21:43,504 [ExpiredContainerReplicaOpScrubber] WARN  ExpiredContainerReplicaOpScrubber (BackgroundSCMService.java:run(112)) - ExpiredContainerReplicaOpScrubber is interrupted, exit
2024-04-29 09:21:43,504 [main] INFO  utils.BackgroundService (BackgroundService.java:shutdown(160)) - Shutting down service SCMBlockDeletingService
2024-04-29 09:21:43,504 [main] INFO  replication.ReplicationManager (ReplicationManager.java:stop(339)) - Replication Monitor Thread is not running.
2024-04-29 09:21:43,504 [main] WARN  balancer.ContainerBalancer (ContainerBalancer.java:stop(327)) - Cannot stop Container Balancer because it's not running or stopping
2024-04-29 09:21:43,504 [LeaseManager#LeaseMonitor] WARN  lease.LeaseManager (LeaseManager.java:run(287)) - Lease manager is interrupted. Shutting down...
java.lang.InterruptedException
	at java.base/java.util.concurrent.locks.AbstractQueuedSynchronizer.tryAcquireSharedNanos(AbstractQueuedSynchronizer.java:1081)
	at java.base/java.util.concurrent.Semaphore.tryAcquire(Semaphore.java:415)
	at org.apache.hadoop.ozone.lease.LeaseManager$LeaseMonitor.run(LeaseManager.java:285)
	at java.base/java.lang.Thread.run(Thread.java:840)
2024-04-29 09:21:43,504 [main] INFO  server.StorageContainerManager (StorageContainerManager.java:stop(1777)) - Stopping SCM MetadataStore.
]]></system-out>
    </flakyError>
  </testcase>
</testsuite>