<?xml version="1.0" encoding="UTF-8"?>
<testsuite xmlns:xsi="http://www.w3.org/2001/XMLSchema-instance" xsi:noNamespaceSchemaLocation="https://maven.apache.org/surefire/maven-surefire-plugin/xsd/surefire-test-report-3.0.xsd" version="3.0" name="org.apache.hadoop.ozone.om.TestOzoneManagerPrepare" time="152.671" tests="1" errors="1" skipped="0" failures="0">
  <properties>
    <property name="awt.toolkit" value="sun.awt.X11.XToolkit"/>
    <property name="file.encoding.pkg" value="sun.io"/>
    <property name="java.specification.version" value="1.8"/>
    <property name="sun.cpu.isalist" value=""/>
    <property name="sun.jnu.encoding" value="UTF-8"/>
    <property name="gradle.enterprise.listener.surefire.forkId" value="1"/>
    <property name="java.class.path" value="/home/runner/work/ozone/ozone/hadoop-ozone/integration-test/target/test-classes:/home/runner/work/ozone/ozone/hadoop-ozone/integration-test/target/classes:/home/runner/.m2/repository/org/apache/ozone/ozone-common/1.5.0-SNAPSHOT/ozone-common-1.5.0-SNAPSHOT.jar:/home/runner/.m2/repository/io/grpc/grpc-netty/1.58.0/grpc-netty-1.58.0.jar:/home/runner/.m2/repository/io/grpc/grpc-core/1.58.0/grpc-core-1.58.0.jar:/home/runner/.m2/repository/com/google/android/annotations/4.1.1.4/annotations-4.1.1.4.jar:/home/runner/.m2/repository/org/codehaus/mojo/animal-sniffer-annotations/1.23/animal-sniffer-annotations-1.23.jar:/home/runner/.m2/repository/io/grpc/grpc-context/1.58.0/grpc-context-1.58.0.jar:/home/runner/.m2/repository/io/grpc/grpc-util/1.58.0/grpc-util-1.58.0.jar:/home/runner/.m2/repository/com/google/errorprone/error_prone_annotations/2.2.0/error_prone_annotations-2.2.0.jar:/home/runner/.m2/repository/io/perfmark/perfmark-api/0.26.0/perfmark-api-0.26.0.jar:/home/runner/.m2/repository/io/netty/netty-codec-http2/4.1.100.Final/netty-codec-http2-4.1.100.Final.jar:/home/runner/.m2/repository/io/netty/netty-common/4.1.100.Final/netty-common-4.1.100.Final.jar:/home/runner/.m2/repository/io/netty/netty-buffer/4.1.100.Final/netty-buffer-4.1.100.Final.jar:/home/runner/.m2/repository/io/netty/netty-codec-http/4.1.100.Final/netty-codec-http-4.1.100.Final.jar:/home/runner/.m2/repository/io/netty/netty-handler-proxy/4.1.100.Final/netty-handler-proxy-4.1.100.Final.jar:/home/runner/.m2/repository/io/netty/netty-codec-socks/4.1.100.Final/netty-codec-socks-4.1.100.Final.jar:/home/runner/.m2/repository/io/netty/netty-tcnative-boringssl-static/2.0.61.Final/netty-tcnative-boringssl-static-2.0.61.Final.jar:/home/runner/.m2/repository/io/netty/netty-tcnative-classes/2.0.61.Final/netty-tcnative-classes-2.0.61.Final.jar:/home/runner/.m2/repository/io/netty/netty-tcnative-boringssl-static/2.0.61.Final/netty-tcnative-boringssl-static-2.0.61.Final-linux-x86_64.jar:/home/runner/.m2/repository/io/netty/netty-tcnative-boringssl-static/2.0.61.Final/netty-tcnative-boringssl-static-2.0.61.Final-linux-aarch_64.jar:/home/runner/.m2/repository/io/netty/netty-tcnative-boringssl-static/2.0.61.Final/netty-tcnative-boringssl-static-2.0.61.Final-osx-x86_64.jar:/home/runner/.m2/repository/io/netty/netty-tcnative-boringssl-static/2.0.61.Final/netty-tcnative-boringssl-static-2.0.61.Final-osx-aarch_64.jar:/home/runner/.m2/repository/io/netty/netty-tcnative-boringssl-static/2.0.61.Final/netty-tcnative-boringssl-static-2.0.61.Final-windows-x86_64.jar:/home/runner/.m2/repository/org/apache/commons/commons-compress/1.26.0/commons-compress-1.26.0.jar:/home/runner/.m2/repository/org/apache/ozone/hdds-common/1.5.0-SNAPSHOT/hdds-common-1.5.0-SNAPSHOT.jar:/home/runner/.m2/repository/org/apache/ozone/hdds-client/1.5.0-SNAPSHOT/hdds-client-1.5.0-SNAPSHOT.jar:/home/runner/.m2/repository/org/apache/ozone/ozone-interface-client/1.5.0-SNAPSHOT/ozone-interface-client-1.5.0-SNAPSHOT.jar:/home/runner/.m2/repository/org/apache/hadoop/hadoop-hdfs-client/3.3.6/hadoop-hdfs-client-3.3.6.jar:/home/runner/.m2/repository/com/squareup/okhttp3/okhttp/4.12.0/okhttp-4.12.0.jar:/home/runner/.m2/repository/com/squareup/okio/okio/3.6.0/okio-3.6.0.jar:/home/runner/.m2/repository/com/squareup/okio/okio-jvm/3.6.0/okio-jvm-3.6.0.jar:/home/runner/.m2/repository/org/jetbrains/kotlin/kotlin-stdlib-jdk8/1.9.22/kotlin-stdlib-jdk8-1.9.22.jar:/home/runner/.m2/repository/org/jetbrains/kotlin/kotlin-stdlib-jdk7/1.9.22/kotlin-stdlib-jdk7-1.9.22.jar:/home/runner/.m2/repository/org/jetbrains/kotlin/kotlin-stdlib-common/1.9.22/kotlin-stdlib-common-1.9.22.jar:/home/runner/.m2/repository/org/apache/ozone/hdds-test-utils/1.5.0-SNAPSHOT/hdds-test-utils-1.5.0-SNAPSHOT.jar:/home/runner/.m2/repository/org/assertj/assertj-core/3.12.2/assertj-core-3.12.2.jar:/home/runner/.m2/repository/com/google/guava/guava/32.0.0-jre/guava-32.0.0-jre.jar:/home/runner/.m2/repository/com/google/guava/failureaccess/1.0.1/failureaccess-1.0.1.jar:/home/runner/.m2/repository/com/google/guava/listenablefuture/9999.0-empty-to-avoid-conflict-with-guava/listenablefuture-9999.0-empty-to-avoid-conflict-with-guava.jar:/home/runner/.m2/repository/org/checkerframework/checker-qual/3.33.0/checker-qual-3.33.0.jar:/home/runner/.m2/repository/com/google/j2objc/j2objc-annotations/2.8/j2objc-annotations-2.8.jar:/home/runner/.m2/repository/commons-io/commons-io/2.15.1/commons-io-2.15.1.jar:/home/runner/.m2/repository/commons-logging/commons-logging/1.2/commons-logging-1.2.jar:/home/runner/.m2/repository/org/junit/jupiter/junit-jupiter-api/5.10.1/junit-jupiter-api-5.10.1.jar:/home/runner/.m2/repository/org/opentest4j/opentest4j/1.3.0/opentest4j-1.3.0.jar:/home/runner/.m2/repository/org/junit/platform/junit-platform-commons/1.10.1/junit-platform-commons-1.10.1.jar:/home/runner/.m2/repository/ch/qos/reload4j/reload4j/1.2.25/reload4j-1.2.25.jar:/home/runner/.m2/repository/jakarta/annotation/jakarta.annotation-api/2.1.1/jakarta.annotation-api-2.1.1.jar:/home/runner/.m2/repository/org/slf4j/slf4j-api/2.0.12/slf4j-api-2.0.12.jar:/home/runner/.m2/repository/org/apache/logging/log4j/log4j-api/2.17.1/log4j-api-2.17.1.jar:/home/runner/.m2/repository/org/apache/ozone/hdds-server-scm/1.5.0-SNAPSHOT/hdds-server-scm-1.5.0-SNAPSHOT.jar:/home/runner/.m2/repository/com/google/protobuf/protobuf-java/2.5.0/protobuf-java-2.5.0.jar:/home/runner/.m2/repository/org/apache/ozone/hdds-container-service/1.5.0-SNAPSHOT/hdds-container-service-1.5.0-SNAPSHOT.jar:/home/runner/.m2/repository/org/apache/ozone/hdds-hadoop-dependency-server/1.5.0-SNAPSHOT/hdds-hadoop-dependency-server-1.5.0-SNAPSHOT.jar:/home/runner/.m2/repository/org/apache/hadoop/hadoop-hdfs/3.3.6/hadoop-hdfs-3.3.6.jar:/home/runner/.m2/repository/commons-daemon/commons-daemon/1.0.13/commons-daemon-1.0.13.jar:/home/runner/.m2/repository/org/xerial/snappy/snappy-java/1.1.10.5/snappy-java-1.1.10.5.jar:/home/runner/.m2/repository/org/apache/ozone/hdds-server-framework/1.5.0-SNAPSHOT/hdds-server-framework-1.5.0-SNAPSHOT.jar:/home/runner/.m2/repository/org/bouncycastle/bcprov-jdk18on/1.77/bcprov-jdk18on-1.77.jar:/home/runner/.m2/repository/io/dropwizard/metrics/metrics-core/3.2.4/metrics-core-3.2.4.jar:/home/runner/.m2/repository/org/apache/commons/commons-text/1.11.0/commons-text-1.11.0.jar:/home/runner/.m2/repository/org/apache/ozone/hdds-server-framework/1.5.0-SNAPSHOT/hdds-server-framework-1.5.0-SNAPSHOT-tests.jar:/home/runner/.m2/repository/org/apache/ozone/hdds-interface-server/1.5.0-SNAPSHOT/hdds-interface-server-1.5.0-SNAPSHOT.jar:/home/runner/.m2/repository/org/apache/ozone/hdds-interface-admin/1.5.0-SNAPSHOT/hdds-interface-admin-1.5.0-SNAPSHOT.jar:/home/runner/.m2/repository/org/apache/ozone/hdds-managed-rocksdb/1.5.0-SNAPSHOT/hdds-managed-rocksdb-1.5.0-SNAPSHOT.jar:/home/runner/.m2/repository/org/rocksdb/rocksdbjni/7.7.3/rocksdbjni-7.7.3.jar:/home/runner/.m2/repository/org/slf4j/slf4j-reload4j/2.0.12/slf4j-reload4j-2.0.12.jar:/home/runner/.m2/repository/org/apache/commons/commons-configuration2/2.8.0/commons-configuration2-2.8.0.jar:/home/runner/.m2/repository/commons-fileupload/commons-fileupload/1.5/commons-fileupload-1.5.jar:/home/runner/.m2/repository/org/apache/logging/log4j/log4j-core/2.17.1/log4j-core-2.17.1.jar:/home/runner/.m2/repository/com/lmax/disruptor/3.4.2/disruptor-3.4.2.jar:/home/runner/.m2/repository/org/eclipse/jetty/jetty-util/9.4.53.v20231009/jetty-util-9.4.53.v20231009.jar:/home/runner/.m2/repository/org/eclipse/jetty/jetty-server/9.4.53.v20231009/jetty-server-9.4.53.v20231009.jar:/home/runner/.m2/repository/org/eclipse/jetty/jetty-http/9.4.53.v20231009/jetty-http-9.4.53.v20231009.jar:/home/runner/.m2/repository/org/eclipse/jetty/jetty-io/9.4.53.v20231009/jetty-io-9.4.53.v20231009.jar:/home/runner/.m2/repository/org/eclipse/jetty/jetty-servlet/9.4.53.v20231009/jetty-servlet-9.4.53.v20231009.jar:/home/runner/.m2/repository/org/eclipse/jetty/jetty-security/9.4.53.v20231009/jetty-security-9.4.53.v20231009.jar:/home/runner/.m2/repository/org/eclipse/jetty/jetty-util-ajax/9.4.53.v20231009/jetty-util-ajax-9.4.53.v20231009.jar:/home/runner/.m2/repository/org/eclipse/jetty/jetty-webapp/9.4.53.v20231009/jetty-webapp-9.4.53.v20231009.jar:/home/runner/.m2/repository/org/eclipse/jetty/jetty-xml/9.4.53.v20231009/jetty-xml-9.4.53.v20231009.jar:/home/runner/.m2/repository/org/apache/ratis/ratis-server/3.0.1/ratis-server-3.0.1.jar:/home/runner/.m2/repository/org/apache/ratis/ratis-thirdparty-misc/1.0.5/ratis-thirdparty-misc-1.0.5.jar:/home/runner/.m2/repository/org/apache/ratis/ratis-proto/3.0.1/ratis-proto-3.0.1.jar:/home/runner/.m2/repository/org/apache/ratis/ratis-common/3.0.1/ratis-common-3.0.1.jar:/home/runner/.m2/repository/org/apache/ratis/ratis-client/3.0.1/ratis-client-3.0.1.jar:/home/runner/.m2/repository/org/apache/ratis/ratis-server-api/3.0.1/ratis-server-api-3.0.1.jar:/home/runner/.m2/repository/org/apache/ratis/ratis-metrics-api/3.0.1/ratis-metrics-api-3.0.1.jar:/home/runner/.m2/repository/org/apache/ratis/ratis-metrics-dropwizard3/3.0.1/ratis-metrics-dropwizard3-3.0.1.jar:/home/runner/.m2/repository/io/prometheus/simpleclient_dropwizard/0.16.0/simpleclient_dropwizard-0.16.0.jar:/home/runner/.m2/repository/io/prometheus/simpleclient/0.16.0/simpleclient-0.16.0.jar:/home/runner/.m2/repository/io/prometheus/simpleclient_common/0.16.0/simpleclient_common-0.16.0.jar:/home/runner/.m2/repository/com/fasterxml/jackson/datatype/jackson-datatype-jsr310/2.16.1/jackson-datatype-jsr310-2.16.1.jar:/home/runner/.m2/repository/com/fasterxml/jackson/core/jackson-core/2.16.1/jackson-core-2.16.1.jar:/home/runner/.m2/repository/org/apache/ozone/rocksdb-checkpoint-differ/1.5.0-SNAPSHOT/rocksdb-checkpoint-differ-1.5.0-SNAPSHOT.jar:/home/runner/.m2/repository/org/jgrapht/jgrapht-core/1.0.1/jgrapht-core-1.0.1.jar:/home/runner/.m2/repository/org/jgrapht/jgrapht-ext/1.0.1/jgrapht-ext-1.0.1.jar:/home/runner/.m2/repository/org/tinyjee/jgraphx/jgraphx/2.0.0.1/jgraphx-2.0.0.1.jar:/home/runner/.m2/repository/jgraph/jgraph/5.13.0.0/jgraph-5.13.0.0.jar:/home/runner/.m2/repository/org/antlr/antlr4-runtime/4.5.3/antlr4-runtime-4.5.3.jar:/home/runner/.m2/repository/org/apache/ozone/ozone-manager/1.5.0-SNAPSHOT/ozone-manager-1.5.0-SNAPSHOT.jar:/home/runner/.m2/repository/org/aspectj/aspectjrt/1.9.7/aspectjrt-1.9.7.jar:/home/runner/.m2/repository/org/aspectj/aspectjweaver/1.9.7/aspectjweaver-1.9.7.jar:/home/runner/.m2/repository/org/apache/ozone/hdds-interface-client/1.5.0-SNAPSHOT/hdds-interface-client-1.5.0-SNAPSHOT.jar:/home/runner/.m2/repository/org/apache/hadoop/thirdparty/hadoop-shaded-protobuf_3_7/1.1.1/hadoop-shaded-protobuf_3_7-1.1.1.jar:/home/runner/.m2/repository/org/apache/ozone/ozone-interface-storage/1.5.0-SNAPSHOT/ozone-interface-storage-1.5.0-SNAPSHOT.jar:/home/runner/.m2/repository/org/reflections/reflections/0.9.11/reflections-0.9.11.jar:/home/runner/.m2/repository/com/sun/jersey/jersey-client/1.19.4/jersey-client-1.19.4.jar:/home/runner/.m2/repository/org/codehaus/jackson/jackson-core-asl/1.9.13/jackson-core-asl-1.9.13.jar:/home/runner/.m2/repository/org/codehaus/jackson/jackson-mapper-asl/1.9.13/jackson-mapper-asl-1.9.13.jar:/home/runner/.m2/repository/org/codehaus/jackson/jackson-jaxrs/1.9.13/jackson-jaxrs-1.9.13.jar:/home/runner/.m2/repository/org/apache/ranger/ranger-intg/2.3.0/ranger-intg-2.3.0.jar:/home/runner/.m2/repository/org/apache/ranger/ranger-plugins-common/2.3.0/ranger-plugins-common-2.3.0.jar:/home/runner/.m2/repository/commons-lang/commons-lang/2.6/commons-lang-2.6.jar:/home/runner/.m2/repository/org/apache/ranger/ranger-plugins-cred/2.3.0/ranger-plugins-cred-2.3.0.jar:/home/runner/.m2/repository/org/apache/ranger/ranger-plugins-audit/2.3.0/ranger-plugins-audit-2.3.0.jar:/home/runner/.m2/repository/org/eclipse/jetty/jetty-client/9.4.53.v20231009/jetty-client-9.4.53.v20231009.jar:/home/runner/.m2/repository/org/apache/httpcomponents/httpmime/4.5.6/httpmime-4.5.6.jar:/home/runner/.m2/repository/org/apache/httpcomponents/httpcore-nio/4.4.16/httpcore-nio-4.4.16.jar:/home/runner/.m2/repository/org/apache/httpcomponents/httpasyncclient/4.1.3/httpasyncclient-4.1.3.jar:/home/runner/.m2/repository/com/carrotsearch/hppc/0.8.0/hppc-0.8.0.jar:/home/runner/.m2/repository/org/apache/orc/orc-core/1.5.8/orc-core-1.5.8.jar:/home/runner/.m2/repository/net/java/dev/jna/jna/5.2.0/jna-5.2.0.jar:/home/runner/.m2/repository/net/java/dev/jna/jna-platform/5.2.0/jna-platform-5.2.0.jar:/home/runner/.m2/repository/com/kstruct/gethostname4j/0.0.2/gethostname4j-0.0.2.jar:/home/runner/.m2/repository/org/apache/ranger/ranger-plugin-classloader/2.3.0/ranger-plugin-classloader-2.3.0.jar:/home/runner/.m2/repository/org/apache/ozone/hdds-rocks-native/1.5.0-SNAPSHOT/hdds-rocks-native-1.5.0-SNAPSHOT.jar:/home/runner/.m2/repository/org/apache/hadoop/hadoop-minikdc/3.3.6/hadoop-minikdc-3.3.6.jar:/home/runner/.m2/repository/org/apache/kerby/kerb-simplekdc/1.0.1/kerb-simplekdc-1.0.1.jar:/home/runner/.m2/repository/org/apache/kerby/kerb-client/1.0.1/kerb-client-1.0.1.jar:/home/runner/.m2/repository/org/apache/kerby/kerby-config/1.0.1/kerby-config-1.0.1.jar:/home/runner/.m2/repository/org/apache/kerby/kerb-common/1.0.1/kerb-common-1.0.1.jar:/home/runner/.m2/repository/org/apache/kerby/kerb-crypto/1.0.1/kerb-crypto-1.0.1.jar:/home/runner/.m2/repository/org/apache/kerby/kerb-util/1.0.1/kerb-util-1.0.1.jar:/home/runner/.m2/repository/org/apache/kerby/token-provider/1.0.1/token-provider-1.0.1.jar:/home/runner/.m2/repository/org/apache/kerby/kerb-admin/1.0.1/kerb-admin-1.0.1.jar:/home/runner/.m2/repository/org/apache/kerby/kerb-server/1.0.1/kerb-server-1.0.1.jar:/home/runner/.m2/repository/org/apache/kerby/kerb-identity/1.0.1/kerb-identity-1.0.1.jar:/home/runner/.m2/repository/org/apache/kerby/kerby-xdr/1.0.1/kerby-xdr-1.0.1.jar:/home/runner/.m2/repository/junit/junit/4.13.2/junit-4.13.2.jar:/home/runner/.m2/repository/org/hamcrest/hamcrest-core/1.3/hamcrest-core-1.3.jar:/home/runner/.m2/repository/org/apache/ozone/ozone-s3gateway/1.5.0-SNAPSHOT/ozone-s3gateway-1.5.0-SNAPSHOT.jar:/home/runner/.m2/repository/org/javassist/javassist/3.21.0-GA/javassist-3.21.0-GA.jar:/home/runner/.m2/repository/org/jboss/weld/servlet/weld-servlet-shaded/3.1.9.Final/weld-servlet-shaded-3.1.9.Final.jar:/home/runner/.m2/repository/org/glassfish/jersey/containers/jersey-container-servlet-core/2.41/jersey-container-servlet-core-2.41.jar:/home/runner/.m2/repository/org/glassfish/hk2/external/jakarta.inject/2.6.1/jakarta.inject-2.6.1.jar:/home/runner/.m2/repository/org/glassfish/jersey/core/jersey-common/2.41/jersey-common-2.41.jar:/home/runner/.m2/repository/jakarta/ws/rs/jakarta.ws.rs-api/2.1.6/jakarta.ws.rs-api-2.1.6.jar:/home/runner/.m2/repository/org/glassfish/jersey/ext/cdi/jersey-cdi1x/2.41/jersey-cdi1x-2.41.jar:/home/runner/.m2/repository/org/glassfish/jersey/inject/jersey-hk2/2.41/jersey-hk2-2.41.jar:/home/runner/.m2/repository/org/glassfish/hk2/hk2-locator/2.6.1/hk2-locator-2.6.1.jar:/home/runner/.m2/repository/org/glassfish/jersey/media/jersey-media-jaxb/2.41/jersey-media-jaxb-2.41.jar:/home/runner/.m2/repository/org/glassfish/hk2/osgi-resource-locator/1.0.3/osgi-resource-locator-1.0.3.jar:/home/runner/.m2/repository/org/glassfish/hk2/hk2-api/2.6.1/hk2-api-2.6.1.jar:/home/runner/.m2/repository/org/glassfish/hk2/hk2-utils/2.6.1/hk2-utils-2.6.1.jar:/home/runner/.m2/repository/org/glassfish/hk2/external/aopalliance-repackaged/2.6.1/aopalliance-repackaged-2.6.1.jar:/home/runner/.m2/repository/com/fasterxml/jackson/dataformat/jackson-dataformat-xml/2.16.1/jackson-dataformat-xml-2.16.1.jar:/home/runner/.m2/repository/org/codehaus/woodstox/stax2-api/4.2.2/stax2-api-4.2.2.jar:/home/runner/.m2/repository/com/fasterxml/woodstox/woodstox-core/5.4.0/woodstox-core-5.4.0.jar:/home/runner/.m2/repository/com/fasterxml/jackson/module/jackson-module-jaxb-annotations/2.16.1/jackson-module-jaxb-annotations-2.16.1.jar:/home/runner/.m2/repository/javax/enterprise/cdi-api/2.0/cdi-api-2.0.jar:/home/runner/.m2/repository/javax/el/javax.el-api/3.0.0/javax.el-api-3.0.0.jar:/home/runner/.m2/repository/javax/interceptor/javax.interceptor-api/1.2/javax.interceptor-api-1.2.jar:/home/runner/.m2/repository/javax/inject/javax.inject/1/javax.inject-1.jar:/home/runner/.m2/repository/jakarta/xml/bind/jakarta.xml.bind-api/2.3.3/jakarta.xml.bind-api-2.3.3.jar:/home/runner/.m2/repository/org/glassfish/jaxb/jaxb-runtime/2.3.9/jaxb-runtime-2.3.9.jar:/home/runner/.m2/repository/org/glassfish/jaxb/txw2/2.3.9/txw2-2.3.9.jar:/home/runner/.m2/repository/com/sun/istack/istack-commons-runtime/3.0.12/istack-commons-runtime-3.0.12.jar:/home/runner/.m2/repository/com/sun/activation/jakarta.activation/1.2.2/jakarta.activation-1.2.2.jar:/home/runner/.m2/repository/jakarta/activation/jakarta.activation-api/1.2.2/jakarta.activation-api-1.2.2.jar:/home/runner/.m2/repository/io/grpc/grpc-protobuf/1.58.0/grpc-protobuf-1.58.0.jar:/home/runner/.m2/repository/com/google/api/grpc/proto-google-common-protos/2.22.0/proto-google-common-protos-2.22.0.jar:/home/runner/.m2/repository/io/grpc/grpc-protobuf-lite/1.58.0/grpc-protobuf-lite-1.58.0.jar:/home/runner/.m2/repository/io/grpc/grpc-stub/1.58.0/grpc-stub-1.58.0.jar:/home/runner/.m2/repository/io/netty/netty-transport/4.1.100.Final/netty-transport-4.1.100.Final.jar:/home/runner/.m2/repository/io/netty/netty-resolver/4.1.100.Final/netty-resolver-4.1.100.Final.jar:/home/runner/.m2/repository/org/apache/ozone/ozone-csi/1.5.0-SNAPSHOT/ozone-csi-1.5.0-SNAPSHOT.jar:/home/runner/.m2/repository/com/google/protobuf/protobuf-java-util/3.19.6/protobuf-java-util-3.19.6.jar:/home/runner/.m2/repository/com/google/code/gson/gson/2.9.0/gson-2.9.0.jar:/home/runner/.m2/repository/org/apache/ozone/hdds-config/1.5.0-SNAPSHOT/hdds-config-1.5.0-SNAPSHOT.jar:/home/runner/.m2/repository/io/netty/netty-transport-native-epoll/4.1.100.Final/netty-transport-native-epoll-4.1.100.Final-linux-x86_64.jar:/home/runner/.m2/repository/io/netty/netty-transport-classes-epoll/4.1.100.Final/netty-transport-classes-epoll-4.1.100.Final.jar:/home/runner/.m2/repository/io/netty/netty-transport-native-unix-common/4.1.100.Final/netty-transport-native-unix-common-4.1.100.Final.jar:/home/runner/.m2/repository/org/apache/ozone/ozone-recon/1.5.0-SNAPSHOT/ozone-recon-1.5.0-SNAPSHOT.jar:/home/runner/.m2/repository/org/apache/ozone/ozone-reconcodegen/1.5.0-SNAPSHOT/ozone-reconcodegen-1.5.0-SNAPSHOT.jar:/home/runner/.m2/repository/com/google/inject/guice/6.0.0/guice-6.0.0.jar:/home/runner/.m2/repository/jakarta/inject/jakarta.inject-api/2.0.1/jakarta.inject-api-2.0.1.jar:/home/runner/.m2/repository/aopalliance/aopalliance/1.0/aopalliance-1.0.jar:/home/runner/.m2/repository/com/google/inject/extensions/guice-assistedinject/6.0.0/guice-assistedinject-6.0.0.jar:/home/runner/.m2/repository/com/google/inject/extensions/guice-servlet/6.0.0/guice-servlet-6.0.0.jar:/home/runner/.m2/repository/org/glassfish/jersey/containers/jersey-container-servlet/2.41/jersey-container-servlet-2.41.jar:/home/runner/.m2/repository/org/glassfish/hk2/guice-bridge/2.6.1/guice-bridge-2.6.1.jar:/home/runner/.m2/repository/org/glassfish/jersey/core/jersey-server/2.41/jersey-server-2.41.jar:/home/runner/.m2/repository/org/glassfish/jersey/core/jersey-client/2.41/jersey-client-2.41.jar:/home/runner/.m2/repository/jakarta/validation/jakarta.validation-api/2.0.2/jakarta.validation-api-2.0.2.jar:/home/runner/.m2/repository/org/glassfish/jersey/media/jersey-media-json-jackson/2.41/jersey-media-json-jackson-2.41.jar:/home/runner/.m2/repository/org/glassfish/jersey/ext/jersey-entity-filtering/2.41/jersey-entity-filtering-2.41.jar:/home/runner/.m2/repository/org/jooq/jooq/3.11.10/jooq-3.11.10.jar:/home/runner/.m2/repository/org/jooq/jooq-meta/3.11.10/jooq-meta-3.11.10.jar:/home/runner/.m2/repository/org/jooq/jooq-codegen/3.11.10/jooq-codegen-3.11.10.jar:/home/runner/.m2/repository/com/jolbox/bonecp/0.8.0.RELEASE/bonecp-0.8.0.RELEASE.jar:/home/runner/.m2/repository/org/apache/derby/derby/10.14.2.0/derby-10.14.2.0.jar:/home/runner/.m2/repository/org/xerial/sqlite-jdbc/3.44.1.0/sqlite-jdbc-3.44.1.0.jar:/home/runner/.m2/repository/org/springframework/spring-jdbc/5.3.27/spring-jdbc-5.3.27.jar:/home/runner/.m2/repository/org/springframework/spring-beans/5.3.27/spring-beans-5.3.27.jar:/home/runner/.m2/repository/org/springframework/spring-core/5.3.27/spring-core-5.3.27.jar:/home/runner/.m2/repository/org/springframework/spring-tx/5.3.27/spring-tx-5.3.27.jar:/home/runner/.m2/repository/org/apache/ozone/ozone-client/1.5.0-SNAPSHOT/ozone-client-1.5.0-SNAPSHOT.jar:/home/runner/.m2/repository/org/apache/ozone/hdds-erasurecode/1.5.0-SNAPSHOT/hdds-erasurecode-1.5.0-SNAPSHOT.jar:/home/runner/.m2/repository/org/apache/ozone/ozone-filesystem/1.5.0-SNAPSHOT/ozone-filesystem-1.5.0-SNAPSHOT.jar:/home/runner/.m2/repository/org/apache/ozone/ozone-filesystem-common/1.5.0-SNAPSHOT/ozone-filesystem-common-1.5.0-SNAPSHOT.jar:/home/runner/.m2/repository/org/apache/ozone/ozone-tools/1.5.0-SNAPSHOT/ozone-tools-1.5.0-SNAPSHOT.jar:/home/runner/.m2/repository/com/amazonaws/aws-java-sdk-core/1.12.661/aws-java-sdk-core-1.12.661.jar:/home/runner/.m2/repository/org/apache/httpcomponents/httpclient/4.5.14/httpclient-4.5.14.jar:/home/runner/.m2/repository/org/apache/httpcomponents/httpcore/4.4.16/httpcore-4.4.16.jar:/home/runner/.m2/repository/com/fasterxml/jackson/dataformat/jackson-dataformat-cbor/2.16.1/jackson-dataformat-cbor-2.16.1.jar:/home/runner/.m2/repository/joda-time/joda-time/2.12.7/joda-time-2.12.7.jar:/home/runner/.m2/repository/com/amazonaws/aws-java-sdk-s3/1.12.661/aws-java-sdk-s3-1.12.661.jar:/home/runner/.m2/repository/com/amazonaws/aws-java-sdk-kms/1.12.661/aws-java-sdk-kms-1.12.661.jar:/home/runner/.m2/repository/com/amazonaws/jmespath-java/1.12.661/jmespath-java-1.12.661.jar:/home/runner/.m2/repository/org/kohsuke/metainf-services/metainf-services/1.11/metainf-services-1.11.jar:/home/runner/.m2/repository/org/apache/ozone/hdds-tools/1.5.0-SNAPSHOT/hdds-tools-1.5.0-SNAPSHOT.jar:/home/runner/.m2/repository/org/apache/ratis/ratis-tools/3.0.1/ratis-tools-3.0.1.jar:/home/runner/.m2/repository/commons-cli/commons-cli/1.6.0/commons-cli-1.6.0.jar:/home/runner/.m2/repository/org/apache/commons/commons-lang3/3.14.0/commons-lang3-3.14.0.jar:/home/runner/.m2/repository/org/apache/ozone/ozone-manager/1.5.0-SNAPSHOT/ozone-manager-1.5.0-SNAPSHOT-tests.jar:/home/runner/.m2/repository/org/apache/ozone/hdds-common/1.5.0-SNAPSHOT/hdds-common-1.5.0-SNAPSHOT-tests.jar:/home/runner/.m2/repository/org/apache/ozone/hdds-hadoop-dependency-client/1.5.0-SNAPSHOT/hdds-hadoop-dependency-client-1.5.0-SNAPSHOT.jar:/home/runner/.m2/repository/info/picocli/picocli/4.7.5/picocli-4.7.5.jar:/home/runner/.m2/repository/com/fasterxml/jackson/core/jackson-annotations/2.16.1/jackson-annotations-2.16.1.jar:/home/runner/.m2/repository/org/apache/ozone/hdds-annotation-processing/1.5.0-SNAPSHOT/hdds-annotation-processing-1.5.0-SNAPSHOT.jar:/home/runner/.m2/repository/javax/annotation/javax.annotation-api/1.3.2/javax.annotation-api-1.3.2.jar:/home/runner/.m2/repository/org/apache/ratis/ratis-netty/3.0.1/ratis-netty-3.0.1.jar:/home/runner/.m2/repository/org/apache/ratis/ratis-grpc/3.0.1/ratis-grpc-3.0.1.jar:/home/runner/.m2/repository/org/bouncycastle/bcpkix-jdk18on/1.77/bcpkix-jdk18on-1.77.jar:/home/runner/.m2/repository/org/bouncycastle/bcutil-jdk18on/1.77/bcutil-jdk18on-1.77.jar:/home/runner/.m2/repository/commons-validator/commons-validator/1.6/commons-validator-1.6.jar:/home/runner/.m2/repository/commons-beanutils/commons-beanutils/1.9.4/commons-beanutils-1.9.4.jar:/home/runner/.m2/repository/commons-digester/commons-digester/1.8.1/commons-digester-1.8.1.jar:/home/runner/.m2/repository/commons-collections/commons-collections/3.2.2/commons-collections-3.2.2.jar:/home/runner/.m2/repository/io/jaegertracing/jaeger-client/1.8.1/jaeger-client-1.8.1.jar:/home/runner/.m2/repository/io/jaegertracing/jaeger-thrift/1.8.1/jaeger-thrift-1.8.1.jar:/home/runner/.m2/repository/org/apache/thrift/libthrift/0.15.0/libthrift-0.15.0.jar:/home/runner/.m2/repository/io/jaegertracing/jaeger-core/1.8.1/jaeger-core-1.8.1.jar:/home/runner/.m2/repository/io/jaegertracing/jaeger-tracerresolver/1.8.1/jaeger-tracerresolver-1.8.1.jar:/home/runner/.m2/repository/io/opentracing/contrib/opentracing-tracerresolver/0.1.8/opentracing-tracerresolver-0.1.8.jar:/home/runner/.m2/repository/org/jetbrains/kotlin/kotlin-stdlib/1.9.22/kotlin-stdlib-1.9.22.jar:/home/runner/.m2/repository/org/jetbrains/annotations/13.0/annotations-13.0.jar:/home/runner/.m2/repository/io/opentracing/opentracing-util/0.33.0/opentracing-util-0.33.0.jar:/home/runner/.m2/repository/io/opentracing/opentracing-api/0.33.0/opentracing-api-0.33.0.jar:/home/runner/.m2/repository/io/opentracing/opentracing-noop/0.33.0/opentracing-noop-0.33.0.jar:/home/runner/.m2/repository/org/yaml/snakeyaml/2.0/snakeyaml-2.0.jar:/home/runner/.m2/repository/io/grpc/grpc-api/1.58.0/grpc-api-1.58.0.jar:/home/runner/.m2/repository/org/junit/jupiter/junit-jupiter-engine/5.10.1/junit-jupiter-engine-5.10.1.jar:/home/runner/.m2/repository/org/junit/platform/junit-platform-engine/1.10.1/junit-platform-engine-1.10.1.jar:/home/runner/.m2/repository/org/apiguardian/apiguardian-api/1.1.2/apiguardian-api-1.1.2.jar:/home/runner/.m2/repository/org/junit/platform/junit-platform-launcher/1.10.1/junit-platform-launcher-1.10.1.jar:/home/runner/.m2/repository/org/apache/hadoop/hadoop-kms/3.3.6/hadoop-kms-3.3.6.jar:/home/runner/.m2/repository/org/apache/hadoop/hadoop-auth/3.3.6/hadoop-auth-3.3.6.jar:/home/runner/.m2/repository/com/nimbusds/nimbus-jose-jwt/9.8.1/nimbus-jose-jwt-9.8.1.jar:/home/runner/.m2/repository/com/github/stephenc/jcip/jcip-annotations/1.0-1/jcip-annotations-1.0-1.jar:/home/runner/.m2/repository/org/apache/zookeeper/zookeeper/3.7.2/zookeeper-3.7.2.jar:/home/runner/.m2/repository/org/apache/zookeeper/zookeeper-jute/3.7.2/zookeeper-jute-3.7.2.jar:/home/runner/.m2/repository/org/apache/yetus/audience-annotations/0.12.0/audience-annotations-0.12.0.jar:/home/runner/.m2/repository/org/apache/curator/curator-framework/4.2.0/curator-framework-4.2.0.jar:/home/runner/.m2/repository/org/apache/hadoop/thirdparty/hadoop-shaded-guava/1.1.1/hadoop-shaded-guava-1.1.1.jar:/home/runner/.m2/repository/com/sun/jersey/jersey-core/1.19.4/jersey-core-1.19.4.jar:/home/runner/.m2/repository/javax/ws/rs/jsr311-api/1.1.1/jsr311-api-1.1.1.jar:/home/runner/.m2/repository/com/sun/jersey/jersey-server/1.19.4/jersey-server-1.19.4.jar:/home/runner/.m2/repository/javax/servlet/javax.servlet-api/3.1.0/javax.servlet-api-3.1.0.jar:/home/runner/.m2/repository/org/apache/hadoop/hadoop-common/3.3.6/hadoop-common-3.3.6.jar:/home/runner/.m2/repository/org/apache/commons/commons-math3/3.6.1/commons-math3-3.6.1.jar:/home/runner/.m2/repository/commons-net/commons-net/3.10.0/commons-net-3.10.0.jar:/home/runner/.m2/repository/com/sun/jersey/jersey-servlet/1.19.4/jersey-servlet-1.19.4.jar:/home/runner/.m2/repository/com/github/pjfanning/jersey-json/1.20/jersey-json-1.20.jar:/home/runner/.m2/repository/org/codehaus/jettison/jettison/1.1/jettison-1.1.jar:/home/runner/.m2/repository/com/sun/xml/bind/jaxb-impl/2.2.3-1/jaxb-impl-2.2.3-1.jar:/home/runner/.m2/repository/com/google/re2j/re2j/1.7/re2j-1.7.jar:/home/runner/.m2/repository/com/jcraft/jsch/0.1.54/jsch-0.1.54.jar:/home/runner/.m2/repository/org/apache/curator/curator-client/4.2.0/curator-client-4.2.0.jar:/home/runner/.m2/repository/org/apache/curator/curator-recipes/5.2.0/curator-recipes-5.2.0.jar:/home/runner/.m2/repository/com/google/code/findbugs/jsr305/3.0.2/jsr305-3.0.2.jar:/home/runner/.m2/repository/org/apache/kerby/kerb-core/1.0.1/kerb-core-1.0.1.jar:/home/runner/.m2/repository/org/apache/kerby/kerby-pkix/1.0.1/kerby-pkix-1.0.1.jar:/home/runner/.m2/repository/org/apache/kerby/kerby-asn1/1.0.1/kerby-asn1-1.0.1.jar:/home/runner/.m2/repository/org/apache/kerby/kerby-util/1.0.1/kerby-util-1.0.1.jar:/home/runner/.m2/repository/dnsjava/dnsjava/2.1.7/dnsjava-2.1.7.jar:/home/runner/.m2/repository/com/fasterxml/jackson/core/jackson-databind/2.16.1/jackson-databind-2.16.1.jar:/home/runner/.m2/repository/org/apache/hadoop/hadoop-kms/3.3.6/hadoop-kms-3.3.6-tests.jar:/home/runner/.m2/repository/org/apache/ozone/hdds-server-scm/1.5.0-SNAPSHOT/hdds-server-scm-1.5.0-SNAPSHOT-tests.jar:/home/runner/.m2/repository/org/apache/ozone/hdds-container-service/1.5.0-SNAPSHOT/hdds-container-service-1.5.0-SNAPSHOT-tests.jar:/home/runner/.m2/repository/com/github/luben/zstd-jni/1.5.2-5/zstd-jni-1.5.2-5.jar:/home/runner/.m2/repository/commons-codec/commons-codec/1.15/commons-codec-1.15.jar:/home/runner/.m2/repository/io/netty/netty-codec/4.1.100.Final/netty-codec-4.1.100.Final.jar:/home/runner/.m2/repository/io/netty/netty-handler/4.1.100.Final/netty-handler-4.1.100.Final.jar:/home/runner/.m2/repository/org/apache/ozone/hdds-hadoop-dependency-test/1.5.0-SNAPSHOT/hdds-hadoop-dependency-test-1.5.0-SNAPSHOT.jar:/home/runner/.m2/repository/org/apache/hadoop/hadoop-common/3.3.6/hadoop-common-3.3.6-tests.jar:/home/runner/.m2/repository/org/apache/hadoop/hadoop-hdfs/3.3.6/hadoop-hdfs-3.3.6-tests.jar:/home/runner/.m2/repository/org/junit/jupiter/junit-jupiter-params/5.10.1/junit-jupiter-params-5.10.1.jar:/home/runner/.m2/repository/org/mockito/mockito-core/4.11.0/mockito-core-4.11.0.jar:/home/runner/.m2/repository/net/bytebuddy/byte-buddy/1.12.19/byte-buddy-1.12.19.jar:/home/runner/.m2/repository/net/bytebuddy/byte-buddy-agent/1.12.19/byte-buddy-agent-1.12.19.jar:/home/runner/.m2/repository/org/objenesis/objenesis/1.0/objenesis-1.0.jar:/home/runner/.m2/repository/org/mockito/mockito-junit-jupiter/4.11.0/mockito-junit-jupiter-4.11.0.jar:/home/runner/.m2/repository/org/apache/hadoop/hadoop-distcp/3.3.6/hadoop-distcp-3.3.6.jar:/home/runner/.m2/repository/org/apache/hadoop/hadoop-mapreduce-client-jobclient/3.3.6/hadoop-mapreduce-client-jobclient-3.3.6.jar:/home/runner/.m2/repository/org/apache/hadoop/hadoop-mapreduce-client-common/3.3.6/hadoop-mapreduce-client-common-3.3.6.jar:/home/runner/.m2/repository/org/apache/hadoop/hadoop-yarn-common/3.3.6/hadoop-yarn-common-3.3.6.jar:/home/runner/.m2/repository/org/apache/hadoop/hadoop-yarn-api/3.3.6/hadoop-yarn-api-3.3.6.jar:/home/runner/.m2/repository/javax/xml/bind/jaxb-api/2.2.11/jaxb-api-2.2.11.jar:/home/runner/.m2/repository/com/sun/jersey/contribs/jersey-guice/1.19.4/jersey-guice-1.19.4.jar:/home/runner/.m2/repository/com/fasterxml/jackson/jaxrs/jackson-jaxrs-json-provider/2.16.1/jackson-jaxrs-json-provider-2.16.1.jar:/home/runner/.m2/repository/com/fasterxml/jackson/jaxrs/jackson-jaxrs-base/2.16.1/jackson-jaxrs-base-2.16.1.jar:/home/runner/.m2/repository/org/apache/hadoop/hadoop-yarn-client/3.3.6/hadoop-yarn-client-3.3.6.jar:/home/runner/.m2/repository/org/eclipse/jetty/websocket/websocket-client/9.4.51.v20230217/websocket-client-9.4.51.v20230217.jar:/home/runner/.m2/repository/org/eclipse/jetty/websocket/websocket-common/9.4.51.v20230217/websocket-common-9.4.51.v20230217.jar:/home/runner/.m2/repository/org/eclipse/jetty/websocket/websocket-api/9.4.51.v20230217/websocket-api-9.4.51.v20230217.jar:/home/runner/.m2/repository/org/jline/jline/3.9.0/jline-3.9.0.jar:/home/runner/.m2/repository/org/apache/hadoop/hadoop-mapreduce-client-core/3.3.6/hadoop-mapreduce-client-core-3.3.6.jar:/home/runner/.m2/repository/org/apache/avro/avro/1.7.7/avro-1.7.7.jar:/home/runner/.m2/repository/com/thoughtworks/paranamer/paranamer/2.3/paranamer-2.3.jar:/home/runner/.m2/repository/org/apache/hadoop/hadoop-annotations/3.3.6/hadoop-annotations-3.3.6.jar:/usr/lib/jvm/temurin-8-jdk-amd64/jre/../lib/tools.jar:/home/runner/.m2/repository/io/netty/netty/3.10.6.Final/netty-3.10.6.Final.jar:/home/runner/.m2/repository/org/apache/hadoop/hadoop-distcp/3.3.6/hadoop-distcp-3.3.6-tests.jar:/home/runner/.m2/repository/org/hamcrest/hamcrest/2.2/hamcrest-2.2.jar:/home/runner/.m2/repository/org/slf4j/jul-to-slf4j/2.0.12/jul-to-slf4j-2.0.12.jar:/home/runner/work/ozone/ozone/hadoop-ozone/integration-test/target/gradle-enterprise/test-listeners.jar:"/>
    <property name="java.vm.vendor" value="Temurin"/>
    <property name="sun.arch.data.model" value="64"/>
    <property name="test.build.dir" value="/home/runner/work/ozone/ozone/hadoop-ozone/integration-test/target/test-dir"/>
    <property name="test.cache.data" value=""/>
    <property name="java.vendor.url" value="https://adoptium.net/"/>
    <property name="user.timezone" value="Etc/UTC"/>
    <property name="maven-surefire-plugin.argLineAccessArgs" value=""/>
    <property name="os.name" value="Linux"/>
    <property name="java.vm.specification.version" value="1.8"/>
    <property name="test.build.data" value="/home/runner/work/ozone/ozone/hadoop-ozone/integration-test/target/test-dir"/>
    <property name="sun.java.launcher" value="SUN_STANDARD"/>
    <property name="sun.boot.library.path" value="/usr/lib/jvm/temurin-8-jdk-amd64/jre/lib/amd64"/>
    <property name="sun.java.command" value="/home/runner/work/ozone/ozone/hadoop-ozone/integration-test/target/surefire/surefirebooter3737105831237642086.jar /home/runner/work/ozone/ozone/hadoop-ozone/integration-test/target/surefire 2024-03-11T08-12-22_417-jvmRun1 surefire171461073019768385tmp surefire_93609220102193971727tmp"/>
    <property name="native.lib.tmp.dir" value="/tmp"/>
    <property name="surefire.test.class.path" value="/home/runner/work/ozone/ozone/hadoop-ozone/integration-test/target/test-classes:/home/runner/work/ozone/ozone/hadoop-ozone/integration-test/target/classes:/home/runner/.m2/repository/org/apache/ozone/ozone-common/1.5.0-SNAPSHOT/ozone-common-1.5.0-SNAPSHOT.jar:/home/runner/.m2/repository/io/grpc/grpc-netty/1.58.0/grpc-netty-1.58.0.jar:/home/runner/.m2/repository/io/grpc/grpc-core/1.58.0/grpc-core-1.58.0.jar:/home/runner/.m2/repository/com/google/android/annotations/4.1.1.4/annotations-4.1.1.4.jar:/home/runner/.m2/repository/org/codehaus/mojo/animal-sniffer-annotations/1.23/animal-sniffer-annotations-1.23.jar:/home/runner/.m2/repository/io/grpc/grpc-context/1.58.0/grpc-context-1.58.0.jar:/home/runner/.m2/repository/io/grpc/grpc-util/1.58.0/grpc-util-1.58.0.jar:/home/runner/.m2/repository/com/google/errorprone/error_prone_annotations/2.2.0/error_prone_annotations-2.2.0.jar:/home/runner/.m2/repository/io/perfmark/perfmark-api/0.26.0/perfmark-api-0.26.0.jar:/home/runner/.m2/repository/io/netty/netty-codec-http2/4.1.100.Final/netty-codec-http2-4.1.100.Final.jar:/home/runner/.m2/repository/io/netty/netty-common/4.1.100.Final/netty-common-4.1.100.Final.jar:/home/runner/.m2/repository/io/netty/netty-buffer/4.1.100.Final/netty-buffer-4.1.100.Final.jar:/home/runner/.m2/repository/io/netty/netty-codec-http/4.1.100.Final/netty-codec-http-4.1.100.Final.jar:/home/runner/.m2/repository/io/netty/netty-handler-proxy/4.1.100.Final/netty-handler-proxy-4.1.100.Final.jar:/home/runner/.m2/repository/io/netty/netty-codec-socks/4.1.100.Final/netty-codec-socks-4.1.100.Final.jar:/home/runner/.m2/repository/io/netty/netty-tcnative-boringssl-static/2.0.61.Final/netty-tcnative-boringssl-static-2.0.61.Final.jar:/home/runner/.m2/repository/io/netty/netty-tcnative-classes/2.0.61.Final/netty-tcnative-classes-2.0.61.Final.jar:/home/runner/.m2/repository/io/netty/netty-tcnative-boringssl-static/2.0.61.Final/netty-tcnative-boringssl-static-2.0.61.Final-linux-x86_64.jar:/home/runner/.m2/repository/io/netty/netty-tcnative-boringssl-static/2.0.61.Final/netty-tcnative-boringssl-static-2.0.61.Final-linux-aarch_64.jar:/home/runner/.m2/repository/io/netty/netty-tcnative-boringssl-static/2.0.61.Final/netty-tcnative-boringssl-static-2.0.61.Final-osx-x86_64.jar:/home/runner/.m2/repository/io/netty/netty-tcnative-boringssl-static/2.0.61.Final/netty-tcnative-boringssl-static-2.0.61.Final-osx-aarch_64.jar:/home/runner/.m2/repository/io/netty/netty-tcnative-boringssl-static/2.0.61.Final/netty-tcnative-boringssl-static-2.0.61.Final-windows-x86_64.jar:/home/runner/.m2/repository/org/apache/commons/commons-compress/1.26.0/commons-compress-1.26.0.jar:/home/runner/.m2/repository/org/apache/ozone/hdds-common/1.5.0-SNAPSHOT/hdds-common-1.5.0-SNAPSHOT.jar:/home/runner/.m2/repository/org/apache/ozone/hdds-client/1.5.0-SNAPSHOT/hdds-client-1.5.0-SNAPSHOT.jar:/home/runner/.m2/repository/org/apache/ozone/ozone-interface-client/1.5.0-SNAPSHOT/ozone-interface-client-1.5.0-SNAPSHOT.jar:/home/runner/.m2/repository/org/apache/hadoop/hadoop-hdfs-client/3.3.6/hadoop-hdfs-client-3.3.6.jar:/home/runner/.m2/repository/com/squareup/okhttp3/okhttp/4.12.0/okhttp-4.12.0.jar:/home/runner/.m2/repository/com/squareup/okio/okio/3.6.0/okio-3.6.0.jar:/home/runner/.m2/repository/com/squareup/okio/okio-jvm/3.6.0/okio-jvm-3.6.0.jar:/home/runner/.m2/repository/org/jetbrains/kotlin/kotlin-stdlib-jdk8/1.9.22/kotlin-stdlib-jdk8-1.9.22.jar:/home/runner/.m2/repository/org/jetbrains/kotlin/kotlin-stdlib-jdk7/1.9.22/kotlin-stdlib-jdk7-1.9.22.jar:/home/runner/.m2/repository/org/jetbrains/kotlin/kotlin-stdlib-common/1.9.22/kotlin-stdlib-common-1.9.22.jar:/home/runner/.m2/repository/org/apache/ozone/hdds-test-utils/1.5.0-SNAPSHOT/hdds-test-utils-1.5.0-SNAPSHOT.jar:/home/runner/.m2/repository/org/assertj/assertj-core/3.12.2/assertj-core-3.12.2.jar:/home/runner/.m2/repository/com/google/guava/guava/32.0.0-jre/guava-32.0.0-jre.jar:/home/runner/.m2/repository/com/google/guava/failureaccess/1.0.1/failureaccess-1.0.1.jar:/home/runner/.m2/repository/com/google/guava/listenablefuture/9999.0-empty-to-avoid-conflict-with-guava/listenablefuture-9999.0-empty-to-avoid-conflict-with-guava.jar:/home/runner/.m2/repository/org/checkerframework/checker-qual/3.33.0/checker-qual-3.33.0.jar:/home/runner/.m2/repository/com/google/j2objc/j2objc-annotations/2.8/j2objc-annotations-2.8.jar:/home/runner/.m2/repository/commons-io/commons-io/2.15.1/commons-io-2.15.1.jar:/home/runner/.m2/repository/commons-logging/commons-logging/1.2/commons-logging-1.2.jar:/home/runner/.m2/repository/org/junit/jupiter/junit-jupiter-api/5.10.1/junit-jupiter-api-5.10.1.jar:/home/runner/.m2/repository/org/opentest4j/opentest4j/1.3.0/opentest4j-1.3.0.jar:/home/runner/.m2/repository/org/junit/platform/junit-platform-commons/1.10.1/junit-platform-commons-1.10.1.jar:/home/runner/.m2/repository/ch/qos/reload4j/reload4j/1.2.25/reload4j-1.2.25.jar:/home/runner/.m2/repository/jakarta/annotation/jakarta.annotation-api/2.1.1/jakarta.annotation-api-2.1.1.jar:/home/runner/.m2/repository/org/slf4j/slf4j-api/2.0.12/slf4j-api-2.0.12.jar:/home/runner/.m2/repository/org/apache/logging/log4j/log4j-api/2.17.1/log4j-api-2.17.1.jar:/home/runner/.m2/repository/org/apache/ozone/hdds-server-scm/1.5.0-SNAPSHOT/hdds-server-scm-1.5.0-SNAPSHOT.jar:/home/runner/.m2/repository/com/google/protobuf/protobuf-java/2.5.0/protobuf-java-2.5.0.jar:/home/runner/.m2/repository/org/apache/ozone/hdds-container-service/1.5.0-SNAPSHOT/hdds-container-service-1.5.0-SNAPSHOT.jar:/home/runner/.m2/repository/org/apache/ozone/hdds-hadoop-dependency-server/1.5.0-SNAPSHOT/hdds-hadoop-dependency-server-1.5.0-SNAPSHOT.jar:/home/runner/.m2/repository/org/apache/hadoop/hadoop-hdfs/3.3.6/hadoop-hdfs-3.3.6.jar:/home/runner/.m2/repository/commons-daemon/commons-daemon/1.0.13/commons-daemon-1.0.13.jar:/home/runner/.m2/repository/org/xerial/snappy/snappy-java/1.1.10.5/snappy-java-1.1.10.5.jar:/home/runner/.m2/repository/org/apache/ozone/hdds-server-framework/1.5.0-SNAPSHOT/hdds-server-framework-1.5.0-SNAPSHOT.jar:/home/runner/.m2/repository/org/bouncycastle/bcprov-jdk18on/1.77/bcprov-jdk18on-1.77.jar:/home/runner/.m2/repository/io/dropwizard/metrics/metrics-core/3.2.4/metrics-core-3.2.4.jar:/home/runner/.m2/repository/org/apache/commons/commons-text/1.11.0/commons-text-1.11.0.jar:/home/runner/.m2/repository/org/apache/ozone/hdds-server-framework/1.5.0-SNAPSHOT/hdds-server-framework-1.5.0-SNAPSHOT-tests.jar:/home/runner/.m2/repository/org/apache/ozone/hdds-interface-server/1.5.0-SNAPSHOT/hdds-interface-server-1.5.0-SNAPSHOT.jar:/home/runner/.m2/repository/org/apache/ozone/hdds-interface-admin/1.5.0-SNAPSHOT/hdds-interface-admin-1.5.0-SNAPSHOT.jar:/home/runner/.m2/repository/org/apache/ozone/hdds-managed-rocksdb/1.5.0-SNAPSHOT/hdds-managed-rocksdb-1.5.0-SNAPSHOT.jar:/home/runner/.m2/repository/org/rocksdb/rocksdbjni/7.7.3/rocksdbjni-7.7.3.jar:/home/runner/.m2/repository/org/slf4j/slf4j-reload4j/2.0.12/slf4j-reload4j-2.0.12.jar:/home/runner/.m2/repository/org/apache/commons/commons-configuration2/2.8.0/commons-configuration2-2.8.0.jar:/home/runner/.m2/repository/commons-fileupload/commons-fileupload/1.5/commons-fileupload-1.5.jar:/home/runner/.m2/repository/org/apache/logging/log4j/log4j-core/2.17.1/log4j-core-2.17.1.jar:/home/runner/.m2/repository/com/lmax/disruptor/3.4.2/disruptor-3.4.2.jar:/home/runner/.m2/repository/org/eclipse/jetty/jetty-util/9.4.53.v20231009/jetty-util-9.4.53.v20231009.jar:/home/runner/.m2/repository/org/eclipse/jetty/jetty-server/9.4.53.v20231009/jetty-server-9.4.53.v20231009.jar:/home/runner/.m2/repository/org/eclipse/jetty/jetty-http/9.4.53.v20231009/jetty-http-9.4.53.v20231009.jar:/home/runner/.m2/repository/org/eclipse/jetty/jetty-io/9.4.53.v20231009/jetty-io-9.4.53.v20231009.jar:/home/runner/.m2/repository/org/eclipse/jetty/jetty-servlet/9.4.53.v20231009/jetty-servlet-9.4.53.v20231009.jar:/home/runner/.m2/repository/org/eclipse/jetty/jetty-security/9.4.53.v20231009/jetty-security-9.4.53.v20231009.jar:/home/runner/.m2/repository/org/eclipse/jetty/jetty-util-ajax/9.4.53.v20231009/jetty-util-ajax-9.4.53.v20231009.jar:/home/runner/.m2/repository/org/eclipse/jetty/jetty-webapp/9.4.53.v20231009/jetty-webapp-9.4.53.v20231009.jar:/home/runner/.m2/repository/org/eclipse/jetty/jetty-xml/9.4.53.v20231009/jetty-xml-9.4.53.v20231009.jar:/home/runner/.m2/repository/org/apache/ratis/ratis-server/3.0.1/ratis-server-3.0.1.jar:/home/runner/.m2/repository/org/apache/ratis/ratis-thirdparty-misc/1.0.5/ratis-thirdparty-misc-1.0.5.jar:/home/runner/.m2/repository/org/apache/ratis/ratis-proto/3.0.1/ratis-proto-3.0.1.jar:/home/runner/.m2/repository/org/apache/ratis/ratis-common/3.0.1/ratis-common-3.0.1.jar:/home/runner/.m2/repository/org/apache/ratis/ratis-client/3.0.1/ratis-client-3.0.1.jar:/home/runner/.m2/repository/org/apache/ratis/ratis-server-api/3.0.1/ratis-server-api-3.0.1.jar:/home/runner/.m2/repository/org/apache/ratis/ratis-metrics-api/3.0.1/ratis-metrics-api-3.0.1.jar:/home/runner/.m2/repository/org/apache/ratis/ratis-metrics-dropwizard3/3.0.1/ratis-metrics-dropwizard3-3.0.1.jar:/home/runner/.m2/repository/io/prometheus/simpleclient_dropwizard/0.16.0/simpleclient_dropwizard-0.16.0.jar:/home/runner/.m2/repository/io/prometheus/simpleclient/0.16.0/simpleclient-0.16.0.jar:/home/runner/.m2/repository/io/prometheus/simpleclient_common/0.16.0/simpleclient_common-0.16.0.jar:/home/runner/.m2/repository/com/fasterxml/jackson/datatype/jackson-datatype-jsr310/2.16.1/jackson-datatype-jsr310-2.16.1.jar:/home/runner/.m2/repository/com/fasterxml/jackson/core/jackson-core/2.16.1/jackson-core-2.16.1.jar:/home/runner/.m2/repository/org/apache/ozone/rocksdb-checkpoint-differ/1.5.0-SNAPSHOT/rocksdb-checkpoint-differ-1.5.0-SNAPSHOT.jar:/home/runner/.m2/repository/org/jgrapht/jgrapht-core/1.0.1/jgrapht-core-1.0.1.jar:/home/runner/.m2/repository/org/jgrapht/jgrapht-ext/1.0.1/jgrapht-ext-1.0.1.jar:/home/runner/.m2/repository/org/tinyjee/jgraphx/jgraphx/2.0.0.1/jgraphx-2.0.0.1.jar:/home/runner/.m2/repository/jgraph/jgraph/5.13.0.0/jgraph-5.13.0.0.jar:/home/runner/.m2/repository/org/antlr/antlr4-runtime/4.5.3/antlr4-runtime-4.5.3.jar:/home/runner/.m2/repository/org/apache/ozone/ozone-manager/1.5.0-SNAPSHOT/ozone-manager-1.5.0-SNAPSHOT.jar:/home/runner/.m2/repository/org/aspectj/aspectjrt/1.9.7/aspectjrt-1.9.7.jar:/home/runner/.m2/repository/org/aspectj/aspectjweaver/1.9.7/aspectjweaver-1.9.7.jar:/home/runner/.m2/repository/org/apache/ozone/hdds-interface-client/1.5.0-SNAPSHOT/hdds-interface-client-1.5.0-SNAPSHOT.jar:/home/runner/.m2/repository/org/apache/hadoop/thirdparty/hadoop-shaded-protobuf_3_7/1.1.1/hadoop-shaded-protobuf_3_7-1.1.1.jar:/home/runner/.m2/repository/org/apache/ozone/ozone-interface-storage/1.5.0-SNAPSHOT/ozone-interface-storage-1.5.0-SNAPSHOT.jar:/home/runner/.m2/repository/org/reflections/reflections/0.9.11/reflections-0.9.11.jar:/home/runner/.m2/repository/com/sun/jersey/jersey-client/1.19.4/jersey-client-1.19.4.jar:/home/runner/.m2/repository/org/codehaus/jackson/jackson-core-asl/1.9.13/jackson-core-asl-1.9.13.jar:/home/runner/.m2/repository/org/codehaus/jackson/jackson-mapper-asl/1.9.13/jackson-mapper-asl-1.9.13.jar:/home/runner/.m2/repository/org/codehaus/jackson/jackson-jaxrs/1.9.13/jackson-jaxrs-1.9.13.jar:/home/runner/.m2/repository/org/apache/ranger/ranger-intg/2.3.0/ranger-intg-2.3.0.jar:/home/runner/.m2/repository/org/apache/ranger/ranger-plugins-common/2.3.0/ranger-plugins-common-2.3.0.jar:/home/runner/.m2/repository/commons-lang/commons-lang/2.6/commons-lang-2.6.jar:/home/runner/.m2/repository/org/apache/ranger/ranger-plugins-cred/2.3.0/ranger-plugins-cred-2.3.0.jar:/home/runner/.m2/repository/org/apache/ranger/ranger-plugins-audit/2.3.0/ranger-plugins-audit-2.3.0.jar:/home/runner/.m2/repository/org/eclipse/jetty/jetty-client/9.4.53.v20231009/jetty-client-9.4.53.v20231009.jar:/home/runner/.m2/repository/org/apache/httpcomponents/httpmime/4.5.6/httpmime-4.5.6.jar:/home/runner/.m2/repository/org/apache/httpcomponents/httpcore-nio/4.4.16/httpcore-nio-4.4.16.jar:/home/runner/.m2/repository/org/apache/httpcomponents/httpasyncclient/4.1.3/httpasyncclient-4.1.3.jar:/home/runner/.m2/repository/com/carrotsearch/hppc/0.8.0/hppc-0.8.0.jar:/home/runner/.m2/repository/org/apache/orc/orc-core/1.5.8/orc-core-1.5.8.jar:/home/runner/.m2/repository/net/java/dev/jna/jna/5.2.0/jna-5.2.0.jar:/home/runner/.m2/repository/net/java/dev/jna/jna-platform/5.2.0/jna-platform-5.2.0.jar:/home/runner/.m2/repository/com/kstruct/gethostname4j/0.0.2/gethostname4j-0.0.2.jar:/home/runner/.m2/repository/org/apache/ranger/ranger-plugin-classloader/2.3.0/ranger-plugin-classloader-2.3.0.jar:/home/runner/.m2/repository/org/apache/ozone/hdds-rocks-native/1.5.0-SNAPSHOT/hdds-rocks-native-1.5.0-SNAPSHOT.jar:/home/runner/.m2/repository/org/apache/hadoop/hadoop-minikdc/3.3.6/hadoop-minikdc-3.3.6.jar:/home/runner/.m2/repository/org/apache/kerby/kerb-simplekdc/1.0.1/kerb-simplekdc-1.0.1.jar:/home/runner/.m2/repository/org/apache/kerby/kerb-client/1.0.1/kerb-client-1.0.1.jar:/home/runner/.m2/repository/org/apache/kerby/kerby-config/1.0.1/kerby-config-1.0.1.jar:/home/runner/.m2/repository/org/apache/kerby/kerb-common/1.0.1/kerb-common-1.0.1.jar:/home/runner/.m2/repository/org/apache/kerby/kerb-crypto/1.0.1/kerb-crypto-1.0.1.jar:/home/runner/.m2/repository/org/apache/kerby/kerb-util/1.0.1/kerb-util-1.0.1.jar:/home/runner/.m2/repository/org/apache/kerby/token-provider/1.0.1/token-provider-1.0.1.jar:/home/runner/.m2/repository/org/apache/kerby/kerb-admin/1.0.1/kerb-admin-1.0.1.jar:/home/runner/.m2/repository/org/apache/kerby/kerb-server/1.0.1/kerb-server-1.0.1.jar:/home/runner/.m2/repository/org/apache/kerby/kerb-identity/1.0.1/kerb-identity-1.0.1.jar:/home/runner/.m2/repository/org/apache/kerby/kerby-xdr/1.0.1/kerby-xdr-1.0.1.jar:/home/runner/.m2/repository/junit/junit/4.13.2/junit-4.13.2.jar:/home/runner/.m2/repository/org/hamcrest/hamcrest-core/1.3/hamcrest-core-1.3.jar:/home/runner/.m2/repository/org/apache/ozone/ozone-s3gateway/1.5.0-SNAPSHOT/ozone-s3gateway-1.5.0-SNAPSHOT.jar:/home/runner/.m2/repository/org/javassist/javassist/3.21.0-GA/javassist-3.21.0-GA.jar:/home/runner/.m2/repository/org/jboss/weld/servlet/weld-servlet-shaded/3.1.9.Final/weld-servlet-shaded-3.1.9.Final.jar:/home/runner/.m2/repository/org/glassfish/jersey/containers/jersey-container-servlet-core/2.41/jersey-container-servlet-core-2.41.jar:/home/runner/.m2/repository/org/glassfish/hk2/external/jakarta.inject/2.6.1/jakarta.inject-2.6.1.jar:/home/runner/.m2/repository/org/glassfish/jersey/core/jersey-common/2.41/jersey-common-2.41.jar:/home/runner/.m2/repository/jakarta/ws/rs/jakarta.ws.rs-api/2.1.6/jakarta.ws.rs-api-2.1.6.jar:/home/runner/.m2/repository/org/glassfish/jersey/ext/cdi/jersey-cdi1x/2.41/jersey-cdi1x-2.41.jar:/home/runner/.m2/repository/org/glassfish/jersey/inject/jersey-hk2/2.41/jersey-hk2-2.41.jar:/home/runner/.m2/repository/org/glassfish/hk2/hk2-locator/2.6.1/hk2-locator-2.6.1.jar:/home/runner/.m2/repository/org/glassfish/jersey/media/jersey-media-jaxb/2.41/jersey-media-jaxb-2.41.jar:/home/runner/.m2/repository/org/glassfish/hk2/osgi-resource-locator/1.0.3/osgi-resource-locator-1.0.3.jar:/home/runner/.m2/repository/org/glassfish/hk2/hk2-api/2.6.1/hk2-api-2.6.1.jar:/home/runner/.m2/repository/org/glassfish/hk2/hk2-utils/2.6.1/hk2-utils-2.6.1.jar:/home/runner/.m2/repository/org/glassfish/hk2/external/aopalliance-repackaged/2.6.1/aopalliance-repackaged-2.6.1.jar:/home/runner/.m2/repository/com/fasterxml/jackson/dataformat/jackson-dataformat-xml/2.16.1/jackson-dataformat-xml-2.16.1.jar:/home/runner/.m2/repository/org/codehaus/woodstox/stax2-api/4.2.2/stax2-api-4.2.2.jar:/home/runner/.m2/repository/com/fasterxml/woodstox/woodstox-core/5.4.0/woodstox-core-5.4.0.jar:/home/runner/.m2/repository/com/fasterxml/jackson/module/jackson-module-jaxb-annotations/2.16.1/jackson-module-jaxb-annotations-2.16.1.jar:/home/runner/.m2/repository/javax/enterprise/cdi-api/2.0/cdi-api-2.0.jar:/home/runner/.m2/repository/javax/el/javax.el-api/3.0.0/javax.el-api-3.0.0.jar:/home/runner/.m2/repository/javax/interceptor/javax.interceptor-api/1.2/javax.interceptor-api-1.2.jar:/home/runner/.m2/repository/javax/inject/javax.inject/1/javax.inject-1.jar:/home/runner/.m2/repository/jakarta/xml/bind/jakarta.xml.bind-api/2.3.3/jakarta.xml.bind-api-2.3.3.jar:/home/runner/.m2/repository/org/glassfish/jaxb/jaxb-runtime/2.3.9/jaxb-runtime-2.3.9.jar:/home/runner/.m2/repository/org/glassfish/jaxb/txw2/2.3.9/txw2-2.3.9.jar:/home/runner/.m2/repository/com/sun/istack/istack-commons-runtime/3.0.12/istack-commons-runtime-3.0.12.jar:/home/runner/.m2/repository/com/sun/activation/jakarta.activation/1.2.2/jakarta.activation-1.2.2.jar:/home/runner/.m2/repository/jakarta/activation/jakarta.activation-api/1.2.2/jakarta.activation-api-1.2.2.jar:/home/runner/.m2/repository/io/grpc/grpc-protobuf/1.58.0/grpc-protobuf-1.58.0.jar:/home/runner/.m2/repository/com/google/api/grpc/proto-google-common-protos/2.22.0/proto-google-common-protos-2.22.0.jar:/home/runner/.m2/repository/io/grpc/grpc-protobuf-lite/1.58.0/grpc-protobuf-lite-1.58.0.jar:/home/runner/.m2/repository/io/grpc/grpc-stub/1.58.0/grpc-stub-1.58.0.jar:/home/runner/.m2/repository/io/netty/netty-transport/4.1.100.Final/netty-transport-4.1.100.Final.jar:/home/runner/.m2/repository/io/netty/netty-resolver/4.1.100.Final/netty-resolver-4.1.100.Final.jar:/home/runner/.m2/repository/org/apache/ozone/ozone-csi/1.5.0-SNAPSHOT/ozone-csi-1.5.0-SNAPSHOT.jar:/home/runner/.m2/repository/com/google/protobuf/protobuf-java-util/3.19.6/protobuf-java-util-3.19.6.jar:/home/runner/.m2/repository/com/google/code/gson/gson/2.9.0/gson-2.9.0.jar:/home/runner/.m2/repository/org/apache/ozone/hdds-config/1.5.0-SNAPSHOT/hdds-config-1.5.0-SNAPSHOT.jar:/home/runner/.m2/repository/io/netty/netty-transport-native-epoll/4.1.100.Final/netty-transport-native-epoll-4.1.100.Final-linux-x86_64.jar:/home/runner/.m2/repository/io/netty/netty-transport-classes-epoll/4.1.100.Final/netty-transport-classes-epoll-4.1.100.Final.jar:/home/runner/.m2/repository/io/netty/netty-transport-native-unix-common/4.1.100.Final/netty-transport-native-unix-common-4.1.100.Final.jar:/home/runner/.m2/repository/org/apache/ozone/ozone-recon/1.5.0-SNAPSHOT/ozone-recon-1.5.0-SNAPSHOT.jar:/home/runner/.m2/repository/org/apache/ozone/ozone-reconcodegen/1.5.0-SNAPSHOT/ozone-reconcodegen-1.5.0-SNAPSHOT.jar:/home/runner/.m2/repository/com/google/inject/guice/6.0.0/guice-6.0.0.jar:/home/runner/.m2/repository/jakarta/inject/jakarta.inject-api/2.0.1/jakarta.inject-api-2.0.1.jar:/home/runner/.m2/repository/aopalliance/aopalliance/1.0/aopalliance-1.0.jar:/home/runner/.m2/repository/com/google/inject/extensions/guice-assistedinject/6.0.0/guice-assistedinject-6.0.0.jar:/home/runner/.m2/repository/com/google/inject/extensions/guice-servlet/6.0.0/guice-servlet-6.0.0.jar:/home/runner/.m2/repository/org/glassfish/jersey/containers/jersey-container-servlet/2.41/jersey-container-servlet-2.41.jar:/home/runner/.m2/repository/org/glassfish/hk2/guice-bridge/2.6.1/guice-bridge-2.6.1.jar:/home/runner/.m2/repository/org/glassfish/jersey/core/jersey-server/2.41/jersey-server-2.41.jar:/home/runner/.m2/repository/org/glassfish/jersey/core/jersey-client/2.41/jersey-client-2.41.jar:/home/runner/.m2/repository/jakarta/validation/jakarta.validation-api/2.0.2/jakarta.validation-api-2.0.2.jar:/home/runner/.m2/repository/org/glassfish/jersey/media/jersey-media-json-jackson/2.41/jersey-media-json-jackson-2.41.jar:/home/runner/.m2/repository/org/glassfish/jersey/ext/jersey-entity-filtering/2.41/jersey-entity-filtering-2.41.jar:/home/runner/.m2/repository/org/jooq/jooq/3.11.10/jooq-3.11.10.jar:/home/runner/.m2/repository/org/jooq/jooq-meta/3.11.10/jooq-meta-3.11.10.jar:/home/runner/.m2/repository/org/jooq/jooq-codegen/3.11.10/jooq-codegen-3.11.10.jar:/home/runner/.m2/repository/com/jolbox/bonecp/0.8.0.RELEASE/bonecp-0.8.0.RELEASE.jar:/home/runner/.m2/repository/org/apache/derby/derby/10.14.2.0/derby-10.14.2.0.jar:/home/runner/.m2/repository/org/xerial/sqlite-jdbc/3.44.1.0/sqlite-jdbc-3.44.1.0.jar:/home/runner/.m2/repository/org/springframework/spring-jdbc/5.3.27/spring-jdbc-5.3.27.jar:/home/runner/.m2/repository/org/springframework/spring-beans/5.3.27/spring-beans-5.3.27.jar:/home/runner/.m2/repository/org/springframework/spring-core/5.3.27/spring-core-5.3.27.jar:/home/runner/.m2/repository/org/springframework/spring-tx/5.3.27/spring-tx-5.3.27.jar:/home/runner/.m2/repository/org/apache/ozone/ozone-client/1.5.0-SNAPSHOT/ozone-client-1.5.0-SNAPSHOT.jar:/home/runner/.m2/repository/org/apache/ozone/hdds-erasurecode/1.5.0-SNAPSHOT/hdds-erasurecode-1.5.0-SNAPSHOT.jar:/home/runner/.m2/repository/org/apache/ozone/ozone-filesystem/1.5.0-SNAPSHOT/ozone-filesystem-1.5.0-SNAPSHOT.jar:/home/runner/.m2/repository/org/apache/ozone/ozone-filesystem-common/1.5.0-SNAPSHOT/ozone-filesystem-common-1.5.0-SNAPSHOT.jar:/home/runner/.m2/repository/org/apache/ozone/ozone-tools/1.5.0-SNAPSHOT/ozone-tools-1.5.0-SNAPSHOT.jar:/home/runner/.m2/repository/com/amazonaws/aws-java-sdk-core/1.12.661/aws-java-sdk-core-1.12.661.jar:/home/runner/.m2/repository/org/apache/httpcomponents/httpclient/4.5.14/httpclient-4.5.14.jar:/home/runner/.m2/repository/org/apache/httpcomponents/httpcore/4.4.16/httpcore-4.4.16.jar:/home/runner/.m2/repository/com/fasterxml/jackson/dataformat/jackson-dataformat-cbor/2.16.1/jackson-dataformat-cbor-2.16.1.jar:/home/runner/.m2/repository/joda-time/joda-time/2.12.7/joda-time-2.12.7.jar:/home/runner/.m2/repository/com/amazonaws/aws-java-sdk-s3/1.12.661/aws-java-sdk-s3-1.12.661.jar:/home/runner/.m2/repository/com/amazonaws/aws-java-sdk-kms/1.12.661/aws-java-sdk-kms-1.12.661.jar:/home/runner/.m2/repository/com/amazonaws/jmespath-java/1.12.661/jmespath-java-1.12.661.jar:/home/runner/.m2/repository/org/kohsuke/metainf-services/metainf-services/1.11/metainf-services-1.11.jar:/home/runner/.m2/repository/org/apache/ozone/hdds-tools/1.5.0-SNAPSHOT/hdds-tools-1.5.0-SNAPSHOT.jar:/home/runner/.m2/repository/org/apache/ratis/ratis-tools/3.0.1/ratis-tools-3.0.1.jar:/home/runner/.m2/repository/commons-cli/commons-cli/1.6.0/commons-cli-1.6.0.jar:/home/runner/.m2/repository/org/apache/commons/commons-lang3/3.14.0/commons-lang3-3.14.0.jar:/home/runner/.m2/repository/org/apache/ozone/ozone-manager/1.5.0-SNAPSHOT/ozone-manager-1.5.0-SNAPSHOT-tests.jar:/home/runner/.m2/repository/org/apache/ozone/hdds-common/1.5.0-SNAPSHOT/hdds-common-1.5.0-SNAPSHOT-tests.jar:/home/runner/.m2/repository/org/apache/ozone/hdds-hadoop-dependency-client/1.5.0-SNAPSHOT/hdds-hadoop-dependency-client-1.5.0-SNAPSHOT.jar:/home/runner/.m2/repository/info/picocli/picocli/4.7.5/picocli-4.7.5.jar:/home/runner/.m2/repository/com/fasterxml/jackson/core/jackson-annotations/2.16.1/jackson-annotations-2.16.1.jar:/home/runner/.m2/repository/org/apache/ozone/hdds-annotation-processing/1.5.0-SNAPSHOT/hdds-annotation-processing-1.5.0-SNAPSHOT.jar:/home/runner/.m2/repository/javax/annotation/javax.annotation-api/1.3.2/javax.annotation-api-1.3.2.jar:/home/runner/.m2/repository/org/apache/ratis/ratis-netty/3.0.1/ratis-netty-3.0.1.jar:/home/runner/.m2/repository/org/apache/ratis/ratis-grpc/3.0.1/ratis-grpc-3.0.1.jar:/home/runner/.m2/repository/org/bouncycastle/bcpkix-jdk18on/1.77/bcpkix-jdk18on-1.77.jar:/home/runner/.m2/repository/org/bouncycastle/bcutil-jdk18on/1.77/bcutil-jdk18on-1.77.jar:/home/runner/.m2/repository/commons-validator/commons-validator/1.6/commons-validator-1.6.jar:/home/runner/.m2/repository/commons-beanutils/commons-beanutils/1.9.4/commons-beanutils-1.9.4.jar:/home/runner/.m2/repository/commons-digester/commons-digester/1.8.1/commons-digester-1.8.1.jar:/home/runner/.m2/repository/commons-collections/commons-collections/3.2.2/commons-collections-3.2.2.jar:/home/runner/.m2/repository/io/jaegertracing/jaeger-client/1.8.1/jaeger-client-1.8.1.jar:/home/runner/.m2/repository/io/jaegertracing/jaeger-thrift/1.8.1/jaeger-thrift-1.8.1.jar:/home/runner/.m2/repository/org/apache/thrift/libthrift/0.15.0/libthrift-0.15.0.jar:/home/runner/.m2/repository/io/jaegertracing/jaeger-core/1.8.1/jaeger-core-1.8.1.jar:/home/runner/.m2/repository/io/jaegertracing/jaeger-tracerresolver/1.8.1/jaeger-tracerresolver-1.8.1.jar:/home/runner/.m2/repository/io/opentracing/contrib/opentracing-tracerresolver/0.1.8/opentracing-tracerresolver-0.1.8.jar:/home/runner/.m2/repository/org/jetbrains/kotlin/kotlin-stdlib/1.9.22/kotlin-stdlib-1.9.22.jar:/home/runner/.m2/repository/org/jetbrains/annotations/13.0/annotations-13.0.jar:/home/runner/.m2/repository/io/opentracing/opentracing-util/0.33.0/opentracing-util-0.33.0.jar:/home/runner/.m2/repository/io/opentracing/opentracing-api/0.33.0/opentracing-api-0.33.0.jar:/home/runner/.m2/repository/io/opentracing/opentracing-noop/0.33.0/opentracing-noop-0.33.0.jar:/home/runner/.m2/repository/org/yaml/snakeyaml/2.0/snakeyaml-2.0.jar:/home/runner/.m2/repository/io/grpc/grpc-api/1.58.0/grpc-api-1.58.0.jar:/home/runner/.m2/repository/org/junit/jupiter/junit-jupiter-engine/5.10.1/junit-jupiter-engine-5.10.1.jar:/home/runner/.m2/repository/org/junit/platform/junit-platform-engine/1.10.1/junit-platform-engine-1.10.1.jar:/home/runner/.m2/repository/org/apiguardian/apiguardian-api/1.1.2/apiguardian-api-1.1.2.jar:/home/runner/.m2/repository/org/junit/platform/junit-platform-launcher/1.10.1/junit-platform-launcher-1.10.1.jar:/home/runner/.m2/repository/org/apache/hadoop/hadoop-kms/3.3.6/hadoop-kms-3.3.6.jar:/home/runner/.m2/repository/org/apache/hadoop/hadoop-auth/3.3.6/hadoop-auth-3.3.6.jar:/home/runner/.m2/repository/com/nimbusds/nimbus-jose-jwt/9.8.1/nimbus-jose-jwt-9.8.1.jar:/home/runner/.m2/repository/com/github/stephenc/jcip/jcip-annotations/1.0-1/jcip-annotations-1.0-1.jar:/home/runner/.m2/repository/org/apache/zookeeper/zookeeper/3.7.2/zookeeper-3.7.2.jar:/home/runner/.m2/repository/org/apache/zookeeper/zookeeper-jute/3.7.2/zookeeper-jute-3.7.2.jar:/home/runner/.m2/repository/org/apache/yetus/audience-annotations/0.12.0/audience-annotations-0.12.0.jar:/home/runner/.m2/repository/org/apache/curator/curator-framework/4.2.0/curator-framework-4.2.0.jar:/home/runner/.m2/repository/org/apache/hadoop/thirdparty/hadoop-shaded-guava/1.1.1/hadoop-shaded-guava-1.1.1.jar:/home/runner/.m2/repository/com/sun/jersey/jersey-core/1.19.4/jersey-core-1.19.4.jar:/home/runner/.m2/repository/javax/ws/rs/jsr311-api/1.1.1/jsr311-api-1.1.1.jar:/home/runner/.m2/repository/com/sun/jersey/jersey-server/1.19.4/jersey-server-1.19.4.jar:/home/runner/.m2/repository/javax/servlet/javax.servlet-api/3.1.0/javax.servlet-api-3.1.0.jar:/home/runner/.m2/repository/org/apache/hadoop/hadoop-common/3.3.6/hadoop-common-3.3.6.jar:/home/runner/.m2/repository/org/apache/commons/commons-math3/3.6.1/commons-math3-3.6.1.jar:/home/runner/.m2/repository/commons-net/commons-net/3.10.0/commons-net-3.10.0.jar:/home/runner/.m2/repository/com/sun/jersey/jersey-servlet/1.19.4/jersey-servlet-1.19.4.jar:/home/runner/.m2/repository/com/github/pjfanning/jersey-json/1.20/jersey-json-1.20.jar:/home/runner/.m2/repository/org/codehaus/jettison/jettison/1.1/jettison-1.1.jar:/home/runner/.m2/repository/com/sun/xml/bind/jaxb-impl/2.2.3-1/jaxb-impl-2.2.3-1.jar:/home/runner/.m2/repository/com/google/re2j/re2j/1.7/re2j-1.7.jar:/home/runner/.m2/repository/com/jcraft/jsch/0.1.54/jsch-0.1.54.jar:/home/runner/.m2/repository/org/apache/curator/curator-client/4.2.0/curator-client-4.2.0.jar:/home/runner/.m2/repository/org/apache/curator/curator-recipes/5.2.0/curator-recipes-5.2.0.jar:/home/runner/.m2/repository/com/google/code/findbugs/jsr305/3.0.2/jsr305-3.0.2.jar:/home/runner/.m2/repository/org/apache/kerby/kerb-core/1.0.1/kerb-core-1.0.1.jar:/home/runner/.m2/repository/org/apache/kerby/kerby-pkix/1.0.1/kerby-pkix-1.0.1.jar:/home/runner/.m2/repository/org/apache/kerby/kerby-asn1/1.0.1/kerby-asn1-1.0.1.jar:/home/runner/.m2/repository/org/apache/kerby/kerby-util/1.0.1/kerby-util-1.0.1.jar:/home/runner/.m2/repository/dnsjava/dnsjava/2.1.7/dnsjava-2.1.7.jar:/home/runner/.m2/repository/com/fasterxml/jackson/core/jackson-databind/2.16.1/jackson-databind-2.16.1.jar:/home/runner/.m2/repository/org/apache/hadoop/hadoop-kms/3.3.6/hadoop-kms-3.3.6-tests.jar:/home/runner/.m2/repository/org/apache/ozone/hdds-server-scm/1.5.0-SNAPSHOT/hdds-server-scm-1.5.0-SNAPSHOT-tests.jar:/home/runner/.m2/repository/org/apache/ozone/hdds-container-service/1.5.0-SNAPSHOT/hdds-container-service-1.5.0-SNAPSHOT-tests.jar:/home/runner/.m2/repository/com/github/luben/zstd-jni/1.5.2-5/zstd-jni-1.5.2-5.jar:/home/runner/.m2/repository/commons-codec/commons-codec/1.15/commons-codec-1.15.jar:/home/runner/.m2/repository/io/netty/netty-codec/4.1.100.Final/netty-codec-4.1.100.Final.jar:/home/runner/.m2/repository/io/netty/netty-handler/4.1.100.Final/netty-handler-4.1.100.Final.jar:/home/runner/.m2/repository/org/apache/ozone/hdds-hadoop-dependency-test/1.5.0-SNAPSHOT/hdds-hadoop-dependency-test-1.5.0-SNAPSHOT.jar:/home/runner/.m2/repository/org/apache/hadoop/hadoop-common/3.3.6/hadoop-common-3.3.6-tests.jar:/home/runner/.m2/repository/org/apache/hadoop/hadoop-hdfs/3.3.6/hadoop-hdfs-3.3.6-tests.jar:/home/runner/.m2/repository/org/junit/jupiter/junit-jupiter-params/5.10.1/junit-jupiter-params-5.10.1.jar:/home/runner/.m2/repository/org/mockito/mockito-core/4.11.0/mockito-core-4.11.0.jar:/home/runner/.m2/repository/net/bytebuddy/byte-buddy/1.12.19/byte-buddy-1.12.19.jar:/home/runner/.m2/repository/net/bytebuddy/byte-buddy-agent/1.12.19/byte-buddy-agent-1.12.19.jar:/home/runner/.m2/repository/org/objenesis/objenesis/1.0/objenesis-1.0.jar:/home/runner/.m2/repository/org/mockito/mockito-junit-jupiter/4.11.0/mockito-junit-jupiter-4.11.0.jar:/home/runner/.m2/repository/org/apache/hadoop/hadoop-distcp/3.3.6/hadoop-distcp-3.3.6.jar:/home/runner/.m2/repository/org/apache/hadoop/hadoop-mapreduce-client-jobclient/3.3.6/hadoop-mapreduce-client-jobclient-3.3.6.jar:/home/runner/.m2/repository/org/apache/hadoop/hadoop-mapreduce-client-common/3.3.6/hadoop-mapreduce-client-common-3.3.6.jar:/home/runner/.m2/repository/org/apache/hadoop/hadoop-yarn-common/3.3.6/hadoop-yarn-common-3.3.6.jar:/home/runner/.m2/repository/org/apache/hadoop/hadoop-yarn-api/3.3.6/hadoop-yarn-api-3.3.6.jar:/home/runner/.m2/repository/javax/xml/bind/jaxb-api/2.2.11/jaxb-api-2.2.11.jar:/home/runner/.m2/repository/com/sun/jersey/contribs/jersey-guice/1.19.4/jersey-guice-1.19.4.jar:/home/runner/.m2/repository/com/fasterxml/jackson/jaxrs/jackson-jaxrs-json-provider/2.16.1/jackson-jaxrs-json-provider-2.16.1.jar:/home/runner/.m2/repository/com/fasterxml/jackson/jaxrs/jackson-jaxrs-base/2.16.1/jackson-jaxrs-base-2.16.1.jar:/home/runner/.m2/repository/org/apache/hadoop/hadoop-yarn-client/3.3.6/hadoop-yarn-client-3.3.6.jar:/home/runner/.m2/repository/org/eclipse/jetty/websocket/websocket-client/9.4.51.v20230217/websocket-client-9.4.51.v20230217.jar:/home/runner/.m2/repository/org/eclipse/jetty/websocket/websocket-common/9.4.51.v20230217/websocket-common-9.4.51.v20230217.jar:/home/runner/.m2/repository/org/eclipse/jetty/websocket/websocket-api/9.4.51.v20230217/websocket-api-9.4.51.v20230217.jar:/home/runner/.m2/repository/org/jline/jline/3.9.0/jline-3.9.0.jar:/home/runner/.m2/repository/org/apache/hadoop/hadoop-mapreduce-client-core/3.3.6/hadoop-mapreduce-client-core-3.3.6.jar:/home/runner/.m2/repository/org/apache/avro/avro/1.7.7/avro-1.7.7.jar:/home/runner/.m2/repository/com/thoughtworks/paranamer/paranamer/2.3/paranamer-2.3.jar:/home/runner/.m2/repository/org/apache/hadoop/hadoop-annotations/3.3.6/hadoop-annotations-3.3.6.jar:/usr/lib/jvm/temurin-8-jdk-amd64/jre/../lib/tools.jar:/home/runner/.m2/repository/io/netty/netty/3.10.6.Final/netty-3.10.6.Final.jar:/home/runner/.m2/repository/org/apache/hadoop/hadoop-distcp/3.3.6/hadoop-distcp-3.3.6-tests.jar:/home/runner/.m2/repository/org/hamcrest/hamcrest/2.2/hamcrest-2.2.jar:/home/runner/.m2/repository/org/slf4j/jul-to-slf4j/2.0.12/jul-to-slf4j-2.0.12.jar:/home/runner/work/ozone/ozone/hadoop-ozone/integration-test/target/gradle-enterprise/test-listeners.jar:"/>
    <property name="sun.cpu.endian" value="little"/>
    <property name="user.home" value="/home/runner"/>
    <property name="user.language" value="en"/>
    <property name="java.specification.vendor" value="Oracle Corporation"/>
    <property name="java.home" value="/usr/lib/jvm/temurin-8-jdk-amd64/jre"/>
    <property name="java.security.krb5.conf" value="/home/runner/work/ozone/ozone/hadoop-ozone/integration-test/target/test-classes/krb5.conf"/>
    <property name="file.separator" value="/"/>
    <property name="basedir" value="/home/runner/work/ozone/ozone/hadoop-ozone/integration-test"/>
    <property name="line.separator" value="&#10;"/>
    <property name="java.vm.specification.vendor" value="Oracle Corporation"/>
    <property name="java.specification.name" value="Java Platform API Specification"/>
    <property name="skip.installnpx" value="true"/>
    <property name="java.awt.graphicsenv" value="sun.awt.X11GraphicsEnvironment"/>
    <property name="surefire.fork.timeout" value="3600"/>
    <property name="surefire.real.class.path" value="/home/runner/work/ozone/ozone/hadoop-ozone/integration-test/target/surefire/surefirebooter3737105831237642086.jar:/home/runner/.m2/repository/org/jacoco/org.jacoco.agent/0.8.11/org.jacoco.agent-0.8.11-runtime.jar"/>
    <property name="sun.boot.class.path" value="/usr/lib/jvm/temurin-8-jdk-amd64/jre/lib/resources.jar:/usr/lib/jvm/temurin-8-jdk-amd64/jre/lib/rt.jar:/usr/lib/jvm/temurin-8-jdk-amd64/jre/lib/sunrsasign.jar:/usr/lib/jvm/temurin-8-jdk-amd64/jre/lib/jsse.jar:/usr/lib/jvm/temurin-8-jdk-amd64/jre/lib/jce.jar:/usr/lib/jvm/temurin-8-jdk-amd64/jre/lib/charsets.jar:/usr/lib/jvm/temurin-8-jdk-amd64/jre/lib/jfr.jar:/usr/lib/jvm/temurin-8-jdk-amd64/jre/classes"/>
    <property name="hadoop.log.dir" value="/home/runner/work/ozone/ozone/hadoop-ozone/integration-test/target/log"/>
    <property name="sun.management.compiler" value="HotSpot 64-Bit Tiered Compilers"/>
    <property name="java.runtime.version" value="1.8.0_402-b06"/>
    <property name="skip.npx" value="true"/>
    <property name="user.name" value="runner"/>
    <property name="java.net.preferIPv4Stack" value="true"/>
    <property name="path.separator" value=":"/>
    <property name="java.security.egd" value="file:///dev/urandom"/>
    <property name="os.version" value="5.15.0-1057-azure"/>
    <property name="java.endorsed.dirs" value="/usr/lib/jvm/temurin-8-jdk-amd64/jre/lib/endorsed"/>
    <property name="java.runtime.name" value="OpenJDK Runtime Environment"/>
    <property name="com.gradle.maven.scan.extension.test.listener.junitplatform.NestedExecutionSafeDelegatingTestExecutionListener" value="1512113f"/>
    <property name="file.encoding" value="UTF-8"/>
    <property name="java.vm.name" value="OpenJDK 64-Bit Server VM"/>
    <property name="test.build.webapps" value=""/>
    <property name="localRepository" value="/home/runner/.m2/repository"/>
    <property name="gradle.enterprise.listener.port" value="43147"/>
    <property name="jetty.git.hash" value="27bde00a0b95a1d5bbee0eae7984f891d2d0f8c9"/>
    <property name="java.vendor.url.bug" value="https://github.com/adoptium/adoptium-support/issues"/>
    <property name="require.test.libhadoop" value=""/>
    <property name="java.io.tmpdir" value="/tmp"/>
    <property name="java.version" value="1.8.0_402"/>
    <property name="surefire.rerunFailingTestsCount" value="5"/>
    <property name="user.dir" value="/home/runner/work/ozone/ozone/hadoop-ozone/integration-test"/>
    <property name="os.arch" value="amd64"/>
    <property name="test.build.classes" value="/home/runner/work/ozone/ozone/hadoop-ozone/integration-test/target/test-classes"/>
    <property name="java.vm.specification.name" value="Java Virtual Machine Specification"/>
    <property name="java.awt.printerjob" value="sun.print.PSPrinterJob"/>
    <property name="sun.os.patch.level" value="unknown"/>
    <property name="org.apache.ratis.thirdparty.io.netty.allocator.useCacheForAllThreads" value="false"/>
    <property name="hadoop.tmp.dir" value="/home/runner/work/ozone/ozone/hadoop-ozone/integration-test/target/tmp"/>
    <property name="java.library.path" value="/usr/java/packages/lib/amd64:/usr/lib64:/lib64:/lib:/usr/lib"/>
    <property name="java.vendor" value="Temurin"/>
    <property name="java.vm.info" value="mixed mode"/>
    <property name="java.vm.version" value="25.402-b06"/>
    <property name="java.specification.maintenance.version" value="5"/>
    <property name="sun.io.unicode.encoding" value="UnicodeLittle"/>
    <property name="java.ext.dirs" value="/usr/lib/jvm/temurin-8-jdk-amd64/jre/lib/ext:/usr/java/packages/lib/ext"/>
    <property name="java.class.version" value="52.0"/>
  </properties>
  <testcase name="testPrepareWithMultipleThreads" classname="org.apache.hadoop.ozone.om.TestOzoneManagerPrepare" time="8.989"/>
  <testcase name="testCancelPrepare" classname="org.apache.hadoop.ozone.om.TestOzoneManagerPrepare" time="130.978">
    <error type="java.util.concurrent.TimeoutException"><![CDATA[java.util.concurrent.TimeoutException: timeout: after 120000 millis
	at org.apache.ozone.test.LambdaTestUtils$GenerateTimeout.evaluate(LambdaTestUtils.java:290)
	at org.apache.ozone.test.LambdaTestUtils.await(LambdaTestUtils.java:142)
	at org.apache.ozone.test.LambdaTestUtils.await(LambdaTestUtils.java:180)
	at org.apache.hadoop.ozone.om.TestOzoneManagerPrepare.assertClusterPrepared(TestOzoneManagerPrepare.java:465)
	at org.apache.hadoop.ozone.om.TestOzoneManagerPrepare.assertClusterPrepared(TestOzoneManagerPrepare.java:455)
	at org.apache.hadoop.ozone.om.TestOzoneManagerPrepare.testCancelPrepare(TestOzoneManagerPrepare.java:317)
	at java.lang.reflect.Method.invoke(Method.java:498)
	at java.util.ArrayList.forEach(ArrayList.java:1259)
	at java.util.ArrayList.forEach(ArrayList.java:1259)
]]></error>
    <system-out><![CDATA[2024-03-11 08:26:56,254 [omNode-3@group-523986131536-FollowerState] INFO  impl.FollowerState (FollowerState.java:run(143)) - omNode-3@group-523986131536-FollowerState: change to CANDIDATE, lastRpcElapsedTime:1175802874ns, electionTimeout:1174ms
2024-03-11 08:26:56,259 [omNode-3@group-523986131536-FollowerState] INFO  impl.RoleInfo (RoleInfo.java:shutdownFollowerState(110)) - omNode-3: shutdown omNode-3@group-523986131536-FollowerState
2024-03-11 08:26:56,259 [omNode-3@group-523986131536-FollowerState] INFO  server.RaftServer$Division (RaftServerImpl.java:setRole(383)) - omNode-3@group-523986131536: changes role from  FOLLOWER to CANDIDATE at term 1 for changeToCandidate
2024-03-11 08:26:56,259 [omNode-3@group-523986131536-FollowerState] INFO  server.RaftServerConfigKeys (ConfUtils.java:logGet(46)) - raft.server.leaderelection.pre-vote = true (default)
2024-03-11 08:26:56,259 [omNode-3@group-523986131536-FollowerState] INFO  impl.RoleInfo (RoleInfo.java:updateAndGet(139)) - omNode-3: start omNode-3@group-523986131536-LeaderElection9
2024-03-11 08:26:56,256 [main] INFO  om.TestOzoneManagerPrepare (TestOzoneManagerPrepare.java:setup(101)) - Waiting for OM leader election
2024-03-11 08:26:56,263 [omNode-3@group-523986131536-LeaderElection9] INFO  impl.LeaderElection (LeaderElection.java:askForVotes(321)) - omNode-3@group-523986131536-LeaderElection9 PRE_VOTE round 0: submit vote requests at term 1 for 0: peers:[omNode-3|localhost:15015, omNode-1|localhost:15007, omNode-2|localhost:15011]|listeners:[], old=null
2024-03-11 08:26:56,264 [omNode-3@group-523986131536-LeaderElection9-1] INFO  server.GrpcServerProtocolClient (GrpcServerProtocolClient.java:<init>(65)) - Build channel for omNode-1|localhost:15007
2024-03-11 08:26:56,264 [omNode-3@group-523986131536-LeaderElection9-2] INFO  server.GrpcServerProtocolClient (GrpcServerProtocolClient.java:<init>(65)) - Build channel for omNode-2|localhost:15011
2024-03-11 08:26:56,264 [omNode-3@group-523986131536-LeaderElection9] INFO  server.RaftServerConfigKeys (ConfUtils.java:logFallback(53)) - raft.server.rpc.first-election.timeout.min = 1s (fallback to raft.server.rpc.timeout.min)
2024-03-11 08:26:56,266 [omNode-3@group-523986131536-LeaderElection9] INFO  server.RaftServerConfigKeys (ConfUtils.java:logFallback(53)) - raft.server.rpc.first-election.timeout.max = 1200ms (fallback to raft.server.rpc.timeout.max)
2024-03-11 08:26:56,277 [grpc-default-executor-3] INFO  server.RaftServer$Division (RaftServerImpl.java:requestVote(1389)) - omNode-2@group-523986131536: receive requestVote(PRE_VOTE, omNode-3, group-523986131536, 1, (t:1, i:19))
2024-03-11 08:26:56,277 [grpc-default-executor-3] INFO  impl.VoteContext (VoteContext.java:log(49)) - omNode-2@group-523986131536-FOLLOWER: accept PRE_VOTE from omNode-3: our priority 0 <= candidate's priority 0
2024-03-11 08:26:56,278 [grpc-default-executor-3] INFO  server.RaftServer$Division (RaftServerImpl.java:requestVote(1422)) - omNode-2@group-523986131536 replies to PRE_VOTE vote request: omNode-3<-omNode-2#0:OK-t1. Peer's state: omNode-2@group-523986131536:t1, leader=null, voted=omNode-1, raftlog=Memoized:omNode-2@group-523986131536-SegmentedRaftLog:OPENED:c19, conf=0: peers:[omNode-3|localhost:15015, omNode-1|localhost:15007, omNode-2|localhost:15011]|listeners:[], old=null
2024-03-11 08:26:56,279 [grpc-default-executor-5] INFO  server.RaftServer$Division (RaftServerImpl.java:requestVote(1389)) - omNode-1@group-523986131536: receive requestVote(PRE_VOTE, omNode-3, group-523986131536, 1, (t:1, i:19))
2024-03-11 08:26:56,279 [grpc-default-executor-5] INFO  impl.VoteContext (VoteContext.java:log(49)) - omNode-1@group-523986131536-FOLLOWER: accept PRE_VOTE from omNode-3: our priority 0 <= candidate's priority 0
2024-03-11 08:26:56,279 [grpc-default-executor-5] INFO  server.RaftServer$Division (RaftServerImpl.java:requestVote(1422)) - omNode-1@group-523986131536 replies to PRE_VOTE vote request: omNode-3<-omNode-1#0:OK-t1. Peer's state: omNode-1@group-523986131536:t1, leader=null, voted=omNode-1, raftlog=Memoized:omNode-1@group-523986131536-SegmentedRaftLog:OPENED:c19, conf=0: peers:[omNode-3|localhost:15015, omNode-1|localhost:15007, omNode-2|localhost:15011]|listeners:[], old=null
2024-03-11 08:26:56,283 [omNode-3@group-523986131536-LeaderElection9] INFO  impl.LeaderElection (LeaderElection.java:logAndReturn(89)) - omNode-3@group-523986131536-LeaderElection9: PRE_VOTE PASSED received 1 response(s) and 0 exception(s):
2024-03-11 08:26:56,283 [omNode-3@group-523986131536-LeaderElection9] INFO  impl.LeaderElection (LeaderElection.java:logAndReturn(93)) -   Response 0: omNode-3<-omNode-1#0:OK-t1
2024-03-11 08:26:56,283 [omNode-3@group-523986131536-LeaderElection9] INFO  impl.LeaderElection (LeaderElection.java:askForVotes(323)) - omNode-3@group-523986131536-LeaderElection9 PRE_VOTE round 0: result PASSED
2024-03-11 08:26:56,285 [omNode-3@group-523986131536-LeaderElection9] INFO  impl.LeaderElection (LeaderElection.java:askForVotes(321)) - omNode-3@group-523986131536-LeaderElection9 ELECTION round 0: submit vote requests at term 2 for 0: peers:[omNode-3|localhost:15015, omNode-1|localhost:15007, omNode-2|localhost:15011]|listeners:[], old=null
2024-03-11 08:26:56,286 [omNode-3@group-523986131536-LeaderElection9] INFO  server.RaftServerConfigKeys (ConfUtils.java:logFallback(53)) - raft.server.rpc.first-election.timeout.min = 1s (fallback to raft.server.rpc.timeout.min)
2024-03-11 08:26:56,286 [omNode-3@group-523986131536-LeaderElection9] INFO  server.RaftServerConfigKeys (ConfUtils.java:logFallback(53)) - raft.server.rpc.first-election.timeout.max = 1200ms (fallback to raft.server.rpc.timeout.max)
2024-03-11 08:26:56,288 [grpc-default-executor-5] INFO  server.RaftServer$Division (RaftServerImpl.java:requestVote(1389)) - omNode-2@group-523986131536: receive requestVote(ELECTION, omNode-3, group-523986131536, 2, (t:1, i:19))
2024-03-11 08:26:56,289 [grpc-default-executor-3] INFO  server.RaftServer$Division (RaftServerImpl.java:requestVote(1389)) - omNode-1@group-523986131536: receive requestVote(ELECTION, omNode-3, group-523986131536, 2, (t:1, i:19))
2024-03-11 08:26:56,290 [grpc-default-executor-5] INFO  impl.VoteContext (VoteContext.java:log(49)) - omNode-2@group-523986131536-FOLLOWER: accept ELECTION from omNode-3: our priority 0 <= candidate's priority 0
2024-03-11 08:26:56,290 [grpc-default-executor-5] INFO  server.RaftServer$Division (RaftServerImpl.java:setRole(383)) - omNode-2@group-523986131536: changes role from  FOLLOWER to FOLLOWER at term 2 for candidate:omNode-3
2024-03-11 08:26:56,290 [grpc-default-executor-5] INFO  impl.RoleInfo (RoleInfo.java:shutdownFollowerState(110)) - omNode-2: shutdown omNode-2@group-523986131536-FollowerState
2024-03-11 08:26:56,290 [grpc-default-executor-5] INFO  impl.RoleInfo (RoleInfo.java:updateAndGet(139)) - omNode-2: start omNode-2@group-523986131536-FollowerState
2024-03-11 08:26:56,290 [omNode-2@group-523986131536-FollowerState] INFO  impl.FollowerState (FollowerState.java:run(152)) - omNode-2@group-523986131536-FollowerState was interrupted
2024-03-11 08:26:56,290 [grpc-default-executor-5] INFO  server.RaftServer$Division (RaftServerImpl.java:setFirstElection(574)) - omNode-2@group-523986131536: set firstElectionSinceStartup to false for candidate:omNode-3
2024-03-11 08:26:56,293 [grpc-default-executor-3] INFO  impl.VoteContext (VoteContext.java:log(49)) - omNode-1@group-523986131536-FOLLOWER: accept ELECTION from omNode-3: our priority 0 <= candidate's priority 0
2024-03-11 08:26:56,293 [grpc-default-executor-3] INFO  server.RaftServer$Division (RaftServerImpl.java:setRole(383)) - omNode-1@group-523986131536: changes role from  FOLLOWER to FOLLOWER at term 2 for candidate:omNode-3
2024-03-11 08:26:56,293 [grpc-default-executor-3] INFO  impl.RoleInfo (RoleInfo.java:shutdownFollowerState(110)) - omNode-1: shutdown omNode-1@group-523986131536-FollowerState
2024-03-11 08:26:56,293 [grpc-default-executor-3] INFO  impl.RoleInfo (RoleInfo.java:updateAndGet(139)) - omNode-1: start omNode-1@group-523986131536-FollowerState
2024-03-11 08:26:56,293 [omNode-1@group-523986131536-FollowerState] INFO  impl.FollowerState (FollowerState.java:run(152)) - omNode-1@group-523986131536-FollowerState was interrupted
2024-03-11 08:26:56,294 [grpc-default-executor-3] INFO  server.RaftServer$Division (RaftServerImpl.java:setFirstElection(574)) - omNode-1@group-523986131536: set firstElectionSinceStartup to false for candidate:omNode-3
2024-03-11 08:26:56,295 [grpc-default-executor-5] INFO  server.RaftServer$Division (RaftServerImpl.java:requestVote(1422)) - omNode-2@group-523986131536 replies to ELECTION vote request: omNode-3<-omNode-2#0:OK-t2. Peer's state: omNode-2@group-523986131536:t2, leader=null, voted=omNode-3, raftlog=Memoized:omNode-2@group-523986131536-SegmentedRaftLog:OPENED:c19, conf=0: peers:[omNode-3|localhost:15015, omNode-1|localhost:15007, omNode-2|localhost:15011]|listeners:[], old=null
2024-03-11 08:26:56,296 [grpc-default-executor-3] INFO  server.RaftServer$Division (RaftServerImpl.java:requestVote(1422)) - omNode-1@group-523986131536 replies to ELECTION vote request: omNode-3<-omNode-1#0:OK-t2. Peer's state: omNode-1@group-523986131536:t2, leader=null, voted=omNode-3, raftlog=Memoized:omNode-1@group-523986131536-SegmentedRaftLog:OPENED:c19, conf=0: peers:[omNode-3|localhost:15015, omNode-1|localhost:15007, omNode-2|localhost:15011]|listeners:[], old=null
2024-03-11 08:26:56,296 [omNode-3@group-523986131536-LeaderElection9] INFO  impl.LeaderElection (LeaderElection.java:logAndReturn(89)) - omNode-3@group-523986131536-LeaderElection9: ELECTION PASSED received 1 response(s) and 0 exception(s):
2024-03-11 08:26:56,296 [omNode-3@group-523986131536-LeaderElection9] INFO  impl.LeaderElection (LeaderElection.java:logAndReturn(93)) -   Response 0: omNode-3<-omNode-2#0:OK-t2
2024-03-11 08:26:56,296 [omNode-3@group-523986131536-LeaderElection9] INFO  impl.LeaderElection (LeaderElection.java:askForVotes(323)) - omNode-3@group-523986131536-LeaderElection9 ELECTION round 0: result PASSED
2024-03-11 08:26:56,296 [omNode-3@group-523986131536-LeaderElection9] INFO  impl.RoleInfo (RoleInfo.java:shutdownLeaderElection(130)) - omNode-3: shutdown omNode-3@group-523986131536-LeaderElection9
2024-03-11 08:26:56,296 [omNode-3@group-523986131536-LeaderElection9] INFO  server.RaftServer$Division (RaftServerImpl.java:setRole(383)) - omNode-3@group-523986131536: changes role from CANDIDATE to LEADER at term 2 for changeToLeader
2024-03-11 08:26:56,296 [omNode-3@group-523986131536-LeaderElection9] INFO  server.RaftServerConfigKeys (ConfUtils.java:logGet(46)) - raft.server.staging.catchup.gap = 1000 (default)
2024-03-11 08:26:56,297 [omNode-3@group-523986131536-LeaderElection9] INFO  server.RaftServerConfigKeys (ConfUtils.java:logGet(46)) - raft.server.write.element-limit = 4096 (default)
2024-03-11 08:26:56,297 [omNode-3@group-523986131536-LeaderElection9] INFO  server.RaftServerConfigKeys (ConfUtils.java:logGet(46)) - raft.server.write.byte-limit = 64MB (=67108864) (default)
2024-03-11 08:26:56,297 [omNode-3@group-523986131536-LeaderElection9] INFO  server.RaftServerConfigKeys (ConfUtils.java:logGet(46)) - raft.server.watch.timeout = 10s (default)
2024-03-11 08:26:56,297 [omNode-3@group-523986131536-LeaderElection9] INFO  server.RaftServerConfigKeys (ConfUtils.java:logGet(46)) - raft.server.watch.timeout.denomination = 1s (default)
2024-03-11 08:26:56,297 [omNode-3@group-523986131536-LeaderElection9] INFO  server.RaftServerConfigKeys (ConfUtils.java:logGet(46)) - raft.server.watch.element-limit = 65536 (default)
2024-03-11 08:26:56,298 [omNode-3@group-523986131536-LeaderElection9] INFO  server.RaftServerConfigKeys (ConfUtils.java:logGet(46)) - raft.server.read.leader.lease.enabled = false (default)
2024-03-11 08:26:56,298 [omNode-3@group-523986131536-LeaderElection9] INFO  server.RaftServerConfigKeys (ConfUtils.java:logGet(46)) - raft.server.read.leader.lease.timeout.ratio = 0.9 (default)
2024-03-11 08:26:56,298 [omNode-3@group-523986131536-LeaderElection9] INFO  server.RaftServerConfigKeys (ConfUtils.java:logGet(46)) - raft.server.rpc.timeout.min = 1s (custom)
2024-03-11 08:26:56,298 [omNode-3@group-523986131536-LeaderElection9] INFO  server.RaftServerConfigKeys (ConfUtils.java:logGet(46)) - raft.server.write.element-limit = 4096 (default)
2024-03-11 08:26:56,298 [omNode-3@group-523986131536-LeaderElection9] INFO  server.RaftServerConfigKeys (ConfUtils.java:logGet(46)) - raft.server.write.follower.gap.ratio.max = -1.0 (default)
2024-03-11 08:26:56,298 [omNode-3@group-523986131536-LeaderElection9] INFO  server.RaftServerConfigKeys (ConfUtils.java:logGet(46)) - raft.server.log.appender.snapshot.chunk.size.max = 16MB (=16777216) (default)
2024-03-11 08:26:56,298 [omNode-3@group-523986131536-LeaderElection9] INFO  server.RaftServerConfigKeys (ConfUtils.java:logGet(46)) - raft.server.log.appender.buffer.byte-limit = 4194304 (custom)
2024-03-11 08:26:56,298 [omNode-3@group-523986131536-LeaderElection9] INFO  server.RaftServerConfigKeys (ConfUtils.java:logGet(46)) - raft.server.log.appender.buffer.element-limit = 1024 (custom)
2024-03-11 08:26:56,299 [omNode-3@group-523986131536-LeaderElection9] INFO  server.RaftServerConfigKeys (ConfUtils.java:logGet(46)) - raft.server.log.appender.wait-time.min = 0ms (custom)
2024-03-11 08:26:56,299 [omNode-3@group-523986131536-LeaderElection9] INFO  grpc.GrpcConfigKeys (ConfUtils.java:logGet(46)) - raft.grpc.server.leader.outstanding.appends.max = 8 (default)
2024-03-11 08:26:56,299 [omNode-3@group-523986131536-LeaderElection9] INFO  server.RaftServerConfigKeys (ConfUtils.java:logGet(46)) - raft.server.rpc.request.timeout = 3000ms (default)
2024-03-11 08:26:56,299 [omNode-3@group-523986131536-LeaderElection9] INFO  grpc.GrpcConfigKeys (ConfUtils.java:logGet(46)) - raft.grpc.server.install_snapshot.request.element-limit = 8 (default)
2024-03-11 08:26:56,299 [omNode-3@group-523986131536-LeaderElection9] INFO  grpc.GrpcConfigKeys (ConfUtils.java:logGet(46)) - raft.grpc.server.install_snapshot.request.timeout = 3000ms (default)
2024-03-11 08:26:56,299 [omNode-3@group-523986131536-LeaderElection9] INFO  grpc.GrpcConfigKeys (ConfUtils.java:logGet(46)) - raft.grpc.server.log-message.batch.duration = 5s (default)
2024-03-11 08:26:56,299 [omNode-3@group-523986131536-LeaderElection9] INFO  server.RaftServerConfigKeys (ConfUtils.java:logGet(46)) - raft.server.log.appender.install.snapshot.enabled = false (custom)
2024-03-11 08:26:56,299 [omNode-3@group-523986131536-LeaderElection9] INFO  grpc.GrpcConfigKeys (ConfUtils.java:logGet(46)) - raft.grpc.server.heartbeat.channel = true (default)
2024-03-11 08:26:56,300 [omNode-3@group-523986131536-LeaderElection9] INFO  server.RaftServerConfigKeys (ConfUtils.java:logGet(46)) - raft.server.log.appender.snapshot.chunk.size.max = 16MB (=16777216) (default)
2024-03-11 08:26:56,300 [omNode-3@group-523986131536-LeaderElection9] INFO  server.RaftServerConfigKeys (ConfUtils.java:logGet(46)) - raft.server.log.appender.buffer.byte-limit = 4194304 (custom)
2024-03-11 08:26:56,300 [omNode-3@group-523986131536-LeaderElection9] INFO  server.RaftServerConfigKeys (ConfUtils.java:logGet(46)) - raft.server.log.appender.buffer.element-limit = 1024 (custom)
2024-03-11 08:26:56,300 [omNode-3@group-523986131536-LeaderElection9] INFO  server.RaftServerConfigKeys (ConfUtils.java:logGet(46)) - raft.server.log.appender.wait-time.min = 0ms (custom)
2024-03-11 08:26:56,300 [omNode-3@group-523986131536-LeaderElection9] INFO  grpc.GrpcConfigKeys (ConfUtils.java:logGet(46)) - raft.grpc.server.leader.outstanding.appends.max = 8 (default)
2024-03-11 08:26:56,300 [omNode-3@group-523986131536-LeaderElection9] INFO  server.RaftServerConfigKeys (ConfUtils.java:logGet(46)) - raft.server.rpc.request.timeout = 3000ms (default)
2024-03-11 08:26:56,300 [omNode-3@group-523986131536-LeaderElection9] INFO  grpc.GrpcConfigKeys (ConfUtils.java:logGet(46)) - raft.grpc.server.install_snapshot.request.element-limit = 8 (default)
2024-03-11 08:26:56,300 [omNode-3@group-523986131536-LeaderElection9] INFO  grpc.GrpcConfigKeys (ConfUtils.java:logGet(46)) - raft.grpc.server.install_snapshot.request.timeout = 3000ms (default)
2024-03-11 08:26:56,300 [omNode-3@group-523986131536-LeaderElection9] INFO  grpc.GrpcConfigKeys (ConfUtils.java:logGet(46)) - raft.grpc.server.log-message.batch.duration = 5s (default)
2024-03-11 08:26:56,300 [omNode-3@group-523986131536-LeaderElection9] INFO  server.RaftServerConfigKeys (ConfUtils.java:logGet(46)) - raft.server.log.appender.install.snapshot.enabled = false (custom)
2024-03-11 08:26:56,300 [omNode-3@group-523986131536-LeaderElection9] INFO  grpc.GrpcConfigKeys (ConfUtils.java:logGet(46)) - raft.grpc.server.heartbeat.channel = true (default)
2024-03-11 08:26:56,301 [omNode-3@group-523986131536-LeaderElection9] INFO  impl.RoleInfo (RoleInfo.java:updateAndGet(139)) - omNode-3: start omNode-3@group-523986131536-LeaderStateImpl
2024-03-11 08:26:56,301 [omNode-3@group-523986131536-LeaderElection9] INFO  server.RaftServer$Division (RaftServerImpl.java:setFirstElection(574)) - omNode-3@group-523986131536: set firstElectionSinceStartup to false for becomeLeader
2024-03-11 08:26:56,302 [omNode-3@group-523986131536-LeaderElection9] INFO  server.RaftServer$Division (ServerState.java:setLeader(269)) - omNode-3@group-523986131536: change Leader from null to omNode-3 at term 2 for becomeLeader, leader elected after 1238ms
2024-03-11 08:26:56,302 [omNode-3@group-523986131536-LeaderElection9] INFO  segmented.SegmentedRaftLogWorker (SegmentedRaftLogWorker.java:startLogSegment(430)) - omNode-3@group-523986131536-SegmentedRaftLogWorker: Starting segment from index:20
2024-03-11 08:26:56,303 [omNode-3@group-523986131536-LeaderElection9] INFO  server.RaftServer$Division (ServerState.java:setRaftConf(386)) - omNode-3@group-523986131536: set configuration 20: peers:[omNode-3|localhost:15015, omNode-1|localhost:15007, omNode-2|localhost:15011]|listeners:[], old=null
2024-03-11 08:26:56,303 [omNode-3@group-523986131536-SegmentedRaftLogWorker] INFO  segmented.BufferedWriteChannel (BufferedWriteChannel.java:open(62)) - open log_inprogress_20 at position 0
2024-03-11 08:26:56,311 [omNode-3@group-523986131536-SegmentedRaftLogWorker] INFO  segmented.SegmentedRaftLogWorker (SegmentedRaftLogWorker.java:execute(634)) - omNode-3@group-523986131536-SegmentedRaftLogWorker: created new log segment /home/runner/work/ozone/ozone/hadoop-ozone/integration-test/target/test-dir/MiniOzoneClusterImpl-0c785975-649e-413c-843d-c786b3d663ab/omNode-3/ratis/c9bc4cf4-3bc3-3c60-a66b-523986131536/current/log_inprogress_20
2024-03-11 08:26:56,314 [omNode-2-server-thread1] INFO  server.RaftServer$Division (ServerState.java:setLeader(269)) - omNode-2@group-523986131536: change Leader from null to omNode-3 at term 2 for appendEntries, leader elected after 470ms
2024-03-11 08:26:56,317 [omNode-1-server-thread1] INFO  server.RaftServer$Division (ServerState.java:setLeader(269)) - omNode-1@group-523986131536: change Leader from null to omNode-3 at term 2 for appendEntries, leader elected after 863ms
2024-03-11 08:26:56,319 [omNode-2-server-thread2] INFO  server.RaftServer$Division (ServerState.java:setRaftConf(386)) - omNode-2@group-523986131536: set configuration 20: peers:[omNode-3|localhost:15015, omNode-1|localhost:15007, omNode-2|localhost:15011]|listeners:[], old=null
2024-03-11 08:26:56,320 [omNode-2-server-thread2] INFO  segmented.SegmentedRaftLogWorker (SegmentedRaftLogWorker.java:startLogSegment(430)) - omNode-2@group-523986131536-SegmentedRaftLogWorker: Starting segment from index:20
2024-03-11 08:26:56,320 [omNode-2@group-523986131536-SegmentedRaftLogWorker] INFO  segmented.BufferedWriteChannel (BufferedWriteChannel.java:open(62)) - open log_inprogress_20 at position 0
2024-03-11 08:26:56,326 [omNode-1-server-thread2] INFO  server.RaftServer$Division (ServerState.java:setRaftConf(386)) - omNode-1@group-523986131536: set configuration 20: peers:[omNode-3|localhost:15015, omNode-1|localhost:15007, omNode-2|localhost:15011]|listeners:[], old=null
2024-03-11 08:26:56,326 [omNode-1-server-thread2] INFO  segmented.SegmentedRaftLogWorker (SegmentedRaftLogWorker.java:startLogSegment(430)) - omNode-1@group-523986131536-SegmentedRaftLogWorker: Starting segment from index:20
2024-03-11 08:26:56,326 [omNode-1@group-523986131536-SegmentedRaftLogWorker] INFO  segmented.BufferedWriteChannel (BufferedWriteChannel.java:open(62)) - open log_inprogress_20 at position 0
2024-03-11 08:26:56,329 [omNode-2@group-523986131536-SegmentedRaftLogWorker] INFO  segmented.SegmentedRaftLogWorker (SegmentedRaftLogWorker.java:execute(634)) - omNode-2@group-523986131536-SegmentedRaftLogWorker: created new log segment /home/runner/work/ozone/ozone/hadoop-ozone/integration-test/target/test-dir/MiniOzoneClusterImpl-0c785975-649e-413c-843d-c786b3d663ab/omNode-2/ratis/c9bc4cf4-3bc3-3c60-a66b-523986131536/current/log_inprogress_20
2024-03-11 08:26:56,334 [omNode-1@group-523986131536-SegmentedRaftLogWorker] INFO  segmented.SegmentedRaftLogWorker (SegmentedRaftLogWorker.java:execute(634)) - omNode-1@group-523986131536-SegmentedRaftLogWorker: created new log segment /home/runner/work/ozone/ozone/hadoop-ozone/integration-test/target/test-dir/MiniOzoneClusterImpl-0c785975-649e-413c-843d-c786b3d663ab/omNode-1/ratis/c9bc4cf4-3bc3-3c60-a66b-523986131536/current/log_inprogress_20
2024-03-11 08:26:56,335 [omNode-3@group-523986131536-StateMachineUpdater] INFO  ratis.OzoneManagerStateMachine (OzoneManagerStateMachine.java:notifyConfigurationChanged(198)) - Received Configuration change notification from Ratis. New Peer list:
[id: "omNode-3"
address: "localhost:15015"
startupRole: FOLLOWER
, id: "omNode-1"
address: "localhost:15007"
startupRole: FOLLOWER
, id: "omNode-2"
address: "localhost:15011"
startupRole: FOLLOWER
]
2024-03-11 08:26:56,335 [omNode-3@group-523986131536-StateMachineUpdater] INFO  server.RaftServer$Division (LeaderStateImpl.java:isApplied(320)) - leader is ready since appliedIndex == 20 >= startIndex == 20
2024-03-11 08:26:56,336 [omNode-2@group-523986131536-StateMachineUpdater] INFO  ratis.OzoneManagerStateMachine (OzoneManagerStateMachine.java:notifyConfigurationChanged(198)) - Received Configuration change notification from Ratis. New Peer list:
[id: "omNode-3"
address: "localhost:15015"
startupRole: FOLLOWER
, id: "omNode-1"
address: "localhost:15007"
startupRole: FOLLOWER
, id: "omNode-2"
address: "localhost:15011"
startupRole: FOLLOWER
]
2024-03-11 08:26:56,343 [omNode-1@group-523986131536-StateMachineUpdater] INFO  ratis.OzoneManagerStateMachine (OzoneManagerStateMachine.java:notifyConfigurationChanged(198)) - Received Configuration change notification from Ratis. New Peer list:
[id: "omNode-3"
address: "localhost:15015"
startupRole: FOLLOWER
, id: "omNode-1"
address: "localhost:15007"
startupRole: FOLLOWER
, id: "omNode-2"
address: "localhost:15011"
startupRole: FOLLOWER
]
2024-03-11 08:26:56,467 [main] INFO  retry.RetryInvocationHandler (RetryInvocationHandler.java:log(422)) - com.google.protobuf.ServiceException: java.io.EOFException: End of File Exception between local host is: "fv-az1250-130/10.1.0.9"; destination host is: "localhost":15004; : java.io.EOFException; For more details see:  http://wiki.apache.org/hadoop/EOFException, while invoking $Proxy59.submitRequest over nodeId=omNode-1,nodeAddress=127.0.0.1:15004. Trying to failover immediately. Current retry count: 0.
2024-03-11 08:26:56,473 [main] INFO  retry.RetryInvocationHandler (RetryInvocationHandler.java:log(422)) - com.google.protobuf.ServiceException: org.apache.hadoop.ipc.RemoteException(org.apache.hadoop.ozone.om.exceptions.OMNotLeaderException): OM:omNode-2 is not the leader. Suggested leader is OM:omNode-3[localhost/127.0.0.1].
	at org.apache.hadoop.ozone.om.ratis.OzoneManagerRatisServer.newOMNotLeaderException(OzoneManagerRatisServer.java:785)
	at org.apache.hadoop.ozone.om.OzoneManager.checkLeaderStatus(OzoneManager.java:4161)
	at org.apache.hadoop.ozone.om.ratis.utils.OzoneManagerRatisUtils.checkLeaderStatus(OzoneManagerRatisUtils.java:488)
	at org.apache.hadoop.ozone.protocolPB.OzoneManagerProtocolServerSideTranslatorPB.internalProcessRequest(OzoneManagerProtocolServerSideTranslatorPB.java:204)
	at org.apache.hadoop.ozone.protocolPB.OzoneManagerProtocolServerSideTranslatorPB.processRequest(OzoneManagerProtocolServerSideTranslatorPB.java:158)
	at org.apache.hadoop.hdds.server.OzoneProtocolMessageDispatcher.processRequest(OzoneProtocolMessageDispatcher.java:89)
	at org.apache.hadoop.ozone.protocolPB.OzoneManagerProtocolServerSideTranslatorPB.submitRequest(OzoneManagerProtocolServerSideTranslatorPB.java:149)
	at org.apache.hadoop.ozone.protocol.proto.OzoneManagerProtocolProtos$OzoneManagerService$2.callBlockingMethod(OzoneManagerProtocolProtos.java)
	at org.apache.hadoop.ipc.ProtobufRpcEngine$Server.processCall(ProtobufRpcEngine.java:484)
	at org.apache.hadoop.ipc.ProtobufRpcEngine2$Server$ProtoBufRpcInvoker.call(ProtobufRpcEngine2.java:595)
	at org.apache.hadoop.ipc.ProtobufRpcEngine2$Server$ProtoBufRpcInvoker.call(ProtobufRpcEngine2.java:573)
	at org.apache.hadoop.ipc.RPC$Server.call(RPC.java:1227)
	at org.apache.hadoop.ipc.Server$RpcCall.run(Server.java:1094)
	at org.apache.hadoop.ipc.Server$RpcCall.run(Server.java:1017)
	at java.security.AccessController.doPrivileged(Native Method)
	at javax.security.auth.Subject.doAs(Subject.java:422)
	at org.apache.hadoop.security.UserGroupInformation.doAs(UserGroupInformation.java:1899)
	at org.apache.hadoop.ipc.Server$Handler.run(Server.java:3048)
, while invoking $Proxy59.submitRequest over nodeId=omNode-2,nodeAddress=127.0.0.1:15008 after 1 failover attempts. Trying to failover immediately. Current retry count: 1.
2024-03-11 08:26:56,481 [omNode-3-OMStateMachineApplyTransactionThread - 0] INFO  upgrade.OMCancelPrepareRequest (OMCancelPrepareRequest.java:validateAndUpdateCache(54)) - OM omNode-3 Received cancel prepare request with log (t:2, i:22)
2024-03-11 08:26:56,482 [omNode-3-OMStateMachineApplyTransactionThread - 0] INFO  om.OzoneManagerPrepareState (OzoneManagerPrepareState.java:deletePrepareMarkerFile(271)) - Deleted prepare marker file: /home/runner/work/ozone/ozone/hadoop-ozone/integration-test/target/test-dir/MiniOzoneClusterImpl-0c785975-649e-413c-843d-c786b3d663ab/omNode-3/current/prepareMarker
2024-03-11 08:26:56,482 [omNode-3-OMStateMachineApplyTransactionThread - 0] INFO  upgrade.OMCancelPrepareRequest (OMCancelPrepareRequest.java:validateAndUpdateCache(82)) - OM omNode-3 prepare state cancelled at log (t:2, i:22). Returning response 
2024-03-11 08:26:56,485 [omNode-2-OMStateMachineApplyTransactionThread - 0] INFO  upgrade.OMCancelPrepareRequest (OMCancelPrepareRequest.java:validateAndUpdateCache(54)) - OM omNode-2 Received cancel prepare request with log (t:2, i:22)
2024-03-11 08:26:56,486 [omNode-2-OMStateMachineApplyTransactionThread - 0] INFO  om.OzoneManagerPrepareState (OzoneManagerPrepareState.java:deletePrepareMarkerFile(271)) - Deleted prepare marker file: /home/runner/work/ozone/ozone/hadoop-ozone/integration-test/target/test-dir/MiniOzoneClusterImpl-0c785975-649e-413c-843d-c786b3d663ab/omNode-2/current/prepareMarker
2024-03-11 08:26:56,487 [omNode-2-OMStateMachineApplyTransactionThread - 0] INFO  upgrade.OMCancelPrepareRequest (OMCancelPrepareRequest.java:validateAndUpdateCache(82)) - OM omNode-2 prepare state cancelled at log (t:2, i:22). Returning response 
2024-03-11 08:26:56,487 [omNode-1-OMStateMachineApplyTransactionThread - 0] INFO  upgrade.OMCancelPrepareRequest (OMCancelPrepareRequest.java:validateAndUpdateCache(54)) - OM omNode-1 Received cancel prepare request with log (t:2, i:22)
2024-03-11 08:26:56,488 [omNode-1-OMStateMachineApplyTransactionThread - 0] INFO  om.OzoneManagerPrepareState (OzoneManagerPrepareState.java:deletePrepareMarkerFile(271)) - Deleted prepare marker file: /home/runner/work/ozone/ozone/hadoop-ozone/integration-test/target/test-dir/MiniOzoneClusterImpl-0c785975-649e-413c-843d-c786b3d663ab/omNode-1/current/prepareMarker
2024-03-11 08:26:56,488 [omNode-1-OMStateMachineApplyTransactionThread - 0] INFO  upgrade.OMCancelPrepareRequest (OMCancelPrepareRequest.java:validateAndUpdateCache(82)) - OM omNode-1 prepare state cancelled at log (t:2, i:22). Returning response 
2024-03-11 08:26:57,491 [main] INFO  rpc.RpcClient (RpcClient.java:createVolume(465)) - Creating Volume: vol, with runner as owner and space quota set to -1 bytes, counts quota set to -1
2024-03-11 08:26:57,497 [omNode-3-OMStateMachineApplyTransactionThread - 0] INFO  volume.OMVolumeCreateRequest (OMVolumeCreateRequest.java:validateAndUpdateCache(198)) - created volume:vol for user:runner
2024-03-11 08:26:57,506 [omNode-1-OMStateMachineApplyTransactionThread - 0] INFO  volume.OMVolumeCreateRequest (OMVolumeCreateRequest.java:validateAndUpdateCache(198)) - created volume:vol for user:runner
2024-03-11 08:26:57,508 [omNode-2-OMStateMachineApplyTransactionThread - 0] INFO  volume.OMVolumeCreateRequest (OMVolumeCreateRequest.java:validateAndUpdateCache(198)) - created volume:vol for user:runner
2024-03-11 08:26:57,519 [main] INFO  rpc.RpcClient (RpcClient.java:createVolume(465)) - Creating Volume: volumeca30cab6-b676-4e8b-881d-c675648dba01, with runner as owner and space quota set to -1 bytes, counts quota set to -1
2024-03-11 08:26:57,525 [omNode-3-OMStateMachineApplyTransactionThread - 0] INFO  volume.OMVolumeCreateRequest (OMVolumeCreateRequest.java:validateAndUpdateCache(198)) - created volume:volumeca30cab6-b676-4e8b-881d-c675648dba01 for user:runner
2024-03-11 08:26:57,527 [omNode-2-OMStateMachineApplyTransactionThread - 0] INFO  volume.OMVolumeCreateRequest (OMVolumeCreateRequest.java:validateAndUpdateCache(198)) - created volume:volumeca30cab6-b676-4e8b-881d-c675648dba01 for user:runner
2024-03-11 08:26:57,529 [omNode-1-OMStateMachineApplyTransactionThread - 0] INFO  volume.OMVolumeCreateRequest (OMVolumeCreateRequest.java:validateAndUpdateCache(198)) - created volume:volumeca30cab6-b676-4e8b-881d-c675648dba01 for user:runner
2024-03-11 08:26:57,537 [main] INFO  rpc.RpcClient (RpcClient.java:createBucket(691)) - Creating Bucket: volumeca30cab6-b676-4e8b-881d-c675648dba01/bucket, with server-side default bucket layout, runner as owner, Versioning false, Storage Type set to DISK and Encryption set to false, Replication Type set to server-side default replication type, Namespace Quota set to -1, Space Quota set to -1 
2024-03-11 08:26:57,550 [omNode-3-OMStateMachineApplyTransactionThread - 0] INFO  bucket.OMBucketCreateRequest (OMBucketCreateRequest.java:validateAndUpdateCache(292)) - created bucket: bucket of layout OBJECT_STORE in volume: volumeca30cab6-b676-4e8b-881d-c675648dba01
2024-03-11 08:26:57,553 [omNode-1-OMStateMachineApplyTransactionThread - 0] INFO  bucket.OMBucketCreateRequest (OMBucketCreateRequest.java:validateAndUpdateCache(292)) - created bucket: bucket of layout OBJECT_STORE in volume: volumeca30cab6-b676-4e8b-881d-c675648dba01
2024-03-11 08:26:57,553 [omNode-2-OMStateMachineApplyTransactionThread - 0] INFO  bucket.OMBucketCreateRequest (OMBucketCreateRequest.java:validateAndUpdateCache(292)) - created bucket: bucket of layout OBJECT_STORE in volume: volumeca30cab6-b676-4e8b-881d-c675648dba01
2024-03-11 08:26:57,598 [IPC Server handler 7 on default port 15001] INFO  ha.SequenceIdGenerator (SequenceIdGenerator.java:getNextId(145)) - Allocate a batch for containerId, change lastId from 0 to 1000.
2024-03-11 08:26:57,605 [IPC Server handler 7 on default port 15001] WARN  ha.SequenceIdGenerator (SequenceIdGenerator.java:allocateBatch(258)) - Failed to allocate a batch for localId, expected lastId is 0, actual lastId is 113750153625600000.
2024-03-11 08:26:57,605 [IPC Server handler 7 on default port 15001] INFO  ha.SequenceIdGenerator (SequenceIdGenerator.java:getNextId(145)) - Allocate a batch for localId, change lastId from 113750153625600000 to 113750153625601000.
2024-03-11 08:26:57,673 [main] INFO  impl.MetricsSystemImpl (MetricsSystemImpl.java:init(158)) - XceiverClientMetrics metrics system started (again)
2024-03-11 08:26:57,674 [main] INFO  lib.Interns (Interns.java:removeEldestEntry(50)) - Metrics intern cache overflow at 2011 for MetricsSystem={MetricsSystem=MetricsInfoImpl{name=MetricsSystem, description=MetricsSystem}, MetricsSystem record=MetricsInfoImpl{name=MetricsSystem, description=MetricsSystem record}}
2024-03-11 08:26:58,227 [omNode-3@group-523986131536-StateMachineUpdater] INFO  ratis.OzoneManagerStateMachine (OzoneManagerStateMachine.java:takeSnapshotImpl(467)) -  applied = (t:2, i:70)
2024-03-11 08:26:58,227 [omNode-3@group-523986131536-StateMachineUpdater] INFO  ratis.OzoneManagerStateMachine (OzoneManagerStateMachine.java:takeSnapshotImpl(468)) -  skipped = 70
2024-03-11 08:26:58,227 [omNode-3@group-523986131536-StateMachineUpdater] INFO  ratis.OzoneManagerStateMachine (OzoneManagerStateMachine.java:takeSnapshotImpl(469)) - notified = (t:2, i:71)
2024-03-11 08:26:58,227 [omNode-3@group-523986131536-StateMachineUpdater] INFO  ratis.OzoneManagerStateMachine (OzoneManagerStateMachine.java:takeSnapshotImpl(470)) - snapshot = (t:2, i:71)
2024-03-11 08:26:58,230 [omNode-1-OMStateMachineApplyTransactionThread - 0] INFO  upgrade.OMPrepareRequest (OMPrepareRequest.java:validateAndUpdateCache(69)) - OM omNode-1 Received prepare request with log (t:2, i:72)
2024-03-11 08:26:58,230 [omNode-2-OMStateMachineApplyTransactionThread - 0] INFO  upgrade.OMPrepareRequest (OMPrepareRequest.java:validateAndUpdateCache(69)) - OM omNode-2 Received prepare request with log (t:2, i:72)
2024-03-11 08:26:58,230 [omNode-1-OMStateMachineApplyTransactionThread - 0] INFO  upgrade.OMPrepareRequest (OMPrepareRequest.java:waitForLogIndex(184)) - omNode-1 waiting for index 72 to flush to OM DB and index 73 to flush to Ratis state machine.
2024-03-11 08:26:58,231 [omNode-2-OMStateMachineApplyTransactionThread - 0] INFO  upgrade.OMPrepareRequest (OMPrepareRequest.java:waitForLogIndex(184)) - omNode-2 waiting for index 72 to flush to OM DB and index 73 to flush to Ratis state machine.
2024-03-11 08:26:58,248 [omNode-3@group-523986131536-StateMachineUpdater] INFO  impl.StateMachineUpdater (StateMachineUpdater.java:takeSnapshot(295)) - omNode-3@group-523986131536-StateMachineUpdater: Took a snapshot at index 71
2024-03-11 08:26:58,248 [omNode-3@group-523986131536-StateMachineUpdater] INFO  impl.StateMachineUpdater (StateMachineUpdater.java:lambda$new$0(98)) - omNode-3@group-523986131536-StateMachineUpdater: snapshotIndex: updateIncreasingly 19 -> 71
2024-03-11 08:26:58,248 [omNode-3@group-523986131536-StateMachineUpdater] INFO  raftlog.RaftLog (RaftLogBase.java:purge(330)) - omNode-3@group-523986131536-SegmentedRaftLog: purge 71
2024-03-11 08:26:58,248 [omNode-3@group-523986131536-StateMachineUpdater] INFO  raftlog.RaftLog (RaftLogBase.java:lambda$new$0(54)) - omNode-3@group-523986131536-SegmentedRaftLog: snapshotIndex: updateIncreasingly 19 -> 71
2024-03-11 08:26:58,249 [omNode-3@group-523986131536-StateMachineUpdater] INFO  raftlog.RaftLog (RaftLogBase.java:lambda$new$0(54)) - omNode-3@group-523986131536-SegmentedRaftLog: purgeIndex: updateToMax old=-1, new=71, updated? true
2024-03-11 08:26:58,249 [omNode-3-OMStateMachineApplyTransactionThread - 0] INFO  upgrade.OMPrepareRequest (OMPrepareRequest.java:validateAndUpdateCache(69)) - OM omNode-3 Received prepare request with log (t:2, i:72)
2024-03-11 08:26:58,250 [omNode-3-OMStateMachineApplyTransactionThread - 0] INFO  upgrade.OMPrepareRequest (OMPrepareRequest.java:waitForLogIndex(184)) - omNode-3 waiting for index 72 to flush to OM DB and index 73 to flush to Ratis state machine.
2024-03-11 08:26:58,511 [timer6] WARN  server.GrpcLogAppender (GrpcLogAppender.java:lambda$resetClient$1(217)) - omNode-1@group-523986131536->omNode-3-GrpcLogAppender: Follower failed (request=null, errorCount=6); keep nextIndex (20) unchanged and retry. (Repeated 6 times in the last 5.000s)
2024-03-11 08:26:58,511 [timer5] WARN  server.GrpcLogAppender (LogUtils.java:warn(121)) - omNode-1@group-523986131536->omNode-3-AppendLogResponseHandler: Failed appendEntries (Repeated 6 times in the last 5.001s): org.apache.ratis.thirdparty.io.grpc.StatusRuntimeException: UNAVAILABLE: io exception
2024-03-11 08:27:03,250 [omNode-3-OMStateMachineApplyTransactionThread - 0] INFO  ratis.OzoneManagerStateMachine (OzoneManagerStateMachine.java:takeSnapshotImpl(467)) -  applied = (t:2, i:72)
2024-03-11 08:27:03,250 [omNode-3-OMStateMachineApplyTransactionThread - 0] INFO  ratis.OzoneManagerStateMachine (OzoneManagerStateMachine.java:takeSnapshotImpl(468)) -  skipped = 72
2024-03-11 08:27:03,251 [omNode-3-OMStateMachineApplyTransactionThread - 0] INFO  ratis.OzoneManagerStateMachine (OzoneManagerStateMachine.java:takeSnapshotImpl(469)) - notified = (t:2, i:73)
2024-03-11 08:27:03,251 [omNode-3-OMStateMachineApplyTransactionThread - 0] INFO  ratis.OzoneManagerStateMachine (OzoneManagerStateMachine.java:takeSnapshotImpl(470)) - snapshot = (t:2, i:73)
2024-03-11 08:27:03,255 [omNode-3-OMStateMachineApplyTransactionThread - 0] INFO  upgrade.OMPrepareRequest (OMPrepareRequest.java:takeSnapshotAndPurgeLogs(238)) - takeSnapshot at 73 for prepareIndex 73
2024-03-11 08:27:03,255 [omNode-3-OMStateMachineApplyTransactionThread - 0] INFO  raftlog.RaftLog (RaftLogBase.java:lambda$new$0(54)) - omNode-3@group-523986131536-SegmentedRaftLog: snapshotIndex: updateIncreasingly 71 -> 73
2024-03-11 08:27:03,255 [omNode-3-OMStateMachineApplyTransactionThread - 0] INFO  segmented.SegmentedRaftLogWorker (SegmentedRaftLogWorker.java:lambda$new$0(134)) - omNode-3@group-523986131536-SegmentedRaftLogWorker: safeCacheEvictIndex: setUnconditionally -1 -> 73
2024-03-11 08:27:03,255 [omNode-3-OMStateMachineApplyTransactionThread - 0] INFO  segmented.SegmentedRaftLogWorker (SegmentedRaftLogWorker.java:closeLogSegment(451)) - omNode-3@group-523986131536-SegmentedRaftLogWorker: Closing segment log_inprogress_20 to index: 73
2024-03-11 08:27:03,256 [omNode-3@group-523986131536-SegmentedRaftLogWorker] INFO  segmented.SegmentedRaftLogWorker (SegmentedRaftLogWorker.java:execute(591)) - omNode-3@group-523986131536-SegmentedRaftLogWorker: Rolled log segment from /home/runner/work/ozone/ozone/hadoop-ozone/integration-test/target/test-dir/MiniOzoneClusterImpl-0c785975-649e-413c-843d-c786b3d663ab/omNode-3/ratis/c9bc4cf4-3bc3-3c60-a66b-523986131536/current/log_inprogress_20 to /home/runner/work/ozone/ozone/hadoop-ozone/integration-test/target/test-dir/MiniOzoneClusterImpl-0c785975-649e-413c-843d-c786b3d663ab/omNode-3/ratis/c9bc4cf4-3bc3-3c60-a66b-523986131536/current/log_20-73
2024-03-11 08:27:03,257 [omNode-3-OMStateMachineApplyTransactionThread - 0] INFO  om.OzoneManagerPrepareState (OzoneManagerPrepareState.java:writePrepareMarkerFile(262)) - Prepare marker file written with log index 72 to file /home/runner/work/ozone/ozone/hadoop-ozone/integration-test/target/test-dir/MiniOzoneClusterImpl-0c785975-649e-413c-843d-c786b3d663ab/omNode-3/current/prepareMarker
2024-03-11 08:27:03,257 [omNode-3-OMStateMachineApplyTransactionThread - 0] INFO  upgrade.OMPrepareRequest (OMPrepareRequest.java:validateAndUpdateCache(122)) - OM omNode-3 prepared at log index 72. Returning response txnID: 72
 with log index 72
2024-03-11 08:27:03,258 [main] INFO  om.TestOzoneManagerPrepare (TestOzoneManagerPrepare.java:lambda$assertClusterPrepared$6(474)) - omNode-3 has prepare status: PREPARE_COMPLETED prepare index: 72.
2024-03-11 08:27:03,258 [main] INFO  om.TestOzoneManagerPrepare (TestOzoneManagerPrepare.java:lambda$assertClusterPrepared$6(474)) - omNode-1 has prepare status: NOT_PREPARED prepare index: -1.
2024-03-11 08:27:04,258 [main] INFO  om.TestOzoneManagerPrepare (TestOzoneManagerPrepare.java:lambda$assertClusterPrepared$6(474)) - omNode-1 has prepare status: NOT_PREPARED prepare index: -1.
2024-03-11 08:27:05,259 [main] INFO  om.TestOzoneManagerPrepare (TestOzoneManagerPrepare.java:lambda$assertClusterPrepared$6(474)) - omNode-1 has prepare status: NOT_PREPARED prepare index: -1.
2024-03-11 08:27:06,259 [main] INFO  om.TestOzoneManagerPrepare (TestOzoneManagerPrepare.java:lambda$assertClusterPrepared$6(474)) - omNode-1 has prepare status: NOT_PREPARED prepare index: -1.
2024-03-11 08:27:07,260 [main] INFO  om.TestOzoneManagerPrepare (TestOzoneManagerPrepare.java:lambda$assertClusterPrepared$6(474)) - omNode-1 has prepare status: NOT_PREPARED prepare index: -1.
2024-03-11 08:27:08,260 [main] INFO  om.TestOzoneManagerPrepare (TestOzoneManagerPrepare.java:lambda$assertClusterPrepared$6(474)) - omNode-1 has prepare status: NOT_PREPARED prepare index: -1.
2024-03-11 08:27:09,260 [main] INFO  om.TestOzoneManagerPrepare (TestOzoneManagerPrepare.java:lambda$assertClusterPrepared$6(474)) - omNode-1 has prepare status: NOT_PREPARED prepare index: -1.
2024-03-11 08:27:10,261 [main] INFO  om.TestOzoneManagerPrepare (TestOzoneManagerPrepare.java:lambda$assertClusterPrepared$6(474)) - omNode-1 has prepare status: NOT_PREPARED prepare index: -1.
2024-03-11 08:27:11,261 [main] INFO  om.TestOzoneManagerPrepare (TestOzoneManagerPrepare.java:lambda$assertClusterPrepared$6(474)) - omNode-1 has prepare status: NOT_PREPARED prepare index: -1.
2024-03-11 08:27:12,261 [main] INFO  om.TestOzoneManagerPrepare (TestOzoneManagerPrepare.java:lambda$assertClusterPrepared$6(474)) - omNode-1 has prepare status: NOT_PREPARED prepare index: -1.
2024-03-11 08:27:13,262 [main] INFO  om.TestOzoneManagerPrepare (TestOzoneManagerPrepare.java:lambda$assertClusterPrepared$6(474)) - omNode-1 has prepare status: NOT_PREPARED prepare index: -1.
2024-03-11 08:27:14,262 [main] INFO  om.TestOzoneManagerPrepare (TestOzoneManagerPrepare.java:lambda$assertClusterPrepared$6(474)) - omNode-1 has prepare status: NOT_PREPARED prepare index: -1.
2024-03-11 08:27:15,262 [main] INFO  om.TestOzoneManagerPrepare (TestOzoneManagerPrepare.java:lambda$assertClusterPrepared$6(474)) - omNode-1 has prepare status: NOT_PREPARED prepare index: -1.
2024-03-11 08:27:16,263 [main] INFO  om.TestOzoneManagerPrepare (TestOzoneManagerPrepare.java:lambda$assertClusterPrepared$6(474)) - omNode-1 has prepare status: NOT_PREPARED prepare index: -1.
2024-03-11 08:27:17,263 [main] INFO  om.TestOzoneManagerPrepare (TestOzoneManagerPrepare.java:lambda$assertClusterPrepared$6(474)) - omNode-1 has prepare status: NOT_PREPARED prepare index: -1.
2024-03-11 08:27:18,263 [main] INFO  om.TestOzoneManagerPrepare (TestOzoneManagerPrepare.java:lambda$assertClusterPrepared$6(474)) - omNode-1 has prepare status: NOT_PREPARED prepare index: -1.
2024-03-11 08:27:19,264 [main] INFO  om.TestOzoneManagerPrepare (TestOzoneManagerPrepare.java:lambda$assertClusterPrepared$6(474)) - omNode-1 has prepare status: NOT_PREPARED prepare index: -1.
2024-03-11 08:27:20,264 [main] INFO  om.TestOzoneManagerPrepare (TestOzoneManagerPrepare.java:lambda$assertClusterPrepared$6(474)) - omNode-1 has prepare status: NOT_PREPARED prepare index: -1.
2024-03-11 08:27:21,265 [main] INFO  om.TestOzoneManagerPrepare (TestOzoneManagerPrepare.java:lambda$assertClusterPrepared$6(474)) - omNode-1 has prepare status: NOT_PREPARED prepare index: -1.
2024-03-11 08:27:22,265 [main] INFO  om.TestOzoneManagerPrepare (TestOzoneManagerPrepare.java:lambda$assertClusterPrepared$6(474)) - omNode-1 has prepare status: NOT_PREPARED prepare index: -1.
2024-03-11 08:27:23,266 [main] INFO  om.TestOzoneManagerPrepare (TestOzoneManagerPrepare.java:lambda$assertClusterPrepared$6(474)) - omNode-1 has prepare status: NOT_PREPARED prepare index: -1.
2024-03-11 08:27:24,266 [main] INFO  om.TestOzoneManagerPrepare (TestOzoneManagerPrepare.java:lambda$assertClusterPrepared$6(474)) - omNode-1 has prepare status: NOT_PREPARED prepare index: -1.
2024-03-11 08:27:25,267 [main] INFO  om.TestOzoneManagerPrepare (TestOzoneManagerPrepare.java:lambda$assertClusterPrepared$6(474)) - omNode-1 has prepare status: NOT_PREPARED prepare index: -1.
2024-03-11 08:27:26,267 [main] INFO  om.TestOzoneManagerPrepare (TestOzoneManagerPrepare.java:lambda$assertClusterPrepared$6(474)) - omNode-1 has prepare status: NOT_PREPARED prepare index: -1.
2024-03-11 08:27:27,267 [main] INFO  om.TestOzoneManagerPrepare (TestOzoneManagerPrepare.java:lambda$assertClusterPrepared$6(474)) - omNode-1 has prepare status: NOT_PREPARED prepare index: -1.
2024-03-11 08:27:28,268 [main] INFO  om.TestOzoneManagerPrepare (TestOzoneManagerPrepare.java:lambda$assertClusterPrepared$6(474)) - omNode-1 has prepare status: NOT_PREPARED prepare index: -1.
2024-03-11 08:27:29,268 [main] INFO  om.TestOzoneManagerPrepare (TestOzoneManagerPrepare.java:lambda$assertClusterPrepared$6(474)) - omNode-1 has prepare status: NOT_PREPARED prepare index: -1.
2024-03-11 08:27:30,268 [main] INFO  om.TestOzoneManagerPrepare (TestOzoneManagerPrepare.java:lambda$assertClusterPrepared$6(474)) - omNode-1 has prepare status: NOT_PREPARED prepare index: -1.
2024-03-11 08:27:31,269 [main] INFO  om.TestOzoneManagerPrepare (TestOzoneManagerPrepare.java:lambda$assertClusterPrepared$6(474)) - omNode-1 has prepare status: NOT_PREPARED prepare index: -1.
2024-03-11 08:27:32,269 [main] INFO  om.TestOzoneManagerPrepare (TestOzoneManagerPrepare.java:lambda$assertClusterPrepared$6(474)) - omNode-1 has prepare status: NOT_PREPARED prepare index: -1.
2024-03-11 08:27:33,269 [main] INFO  om.TestOzoneManagerPrepare (TestOzoneManagerPrepare.java:lambda$assertClusterPrepared$6(474)) - omNode-1 has prepare status: NOT_PREPARED prepare index: -1.
2024-03-11 08:27:34,270 [main] INFO  om.TestOzoneManagerPrepare (TestOzoneManagerPrepare.java:lambda$assertClusterPrepared$6(474)) - omNode-1 has prepare status: NOT_PREPARED prepare index: -1.
2024-03-11 08:27:35,270 [main] INFO  om.TestOzoneManagerPrepare (TestOzoneManagerPrepare.java:lambda$assertClusterPrepared$6(474)) - omNode-1 has prepare status: NOT_PREPARED prepare index: -1.
2024-03-11 08:27:35,683 [5d4ad7cf-b573-4caa-872f-d4044233f592-BlockDeletingService#0] INFO  interfaces.ContainerDeletionChoosingPolicyTemplate (ContainerDeletionChoosingPolicyTemplate.java:chooseContainerForBlockDeletion(85)) - Chosen 0/5000 blocks from 0 candidate containers.
2024-03-11 08:27:35,804 [0e8f47f3-d360-4fc4-933d-796084e6b893-BlockDeletingService#0] INFO  interfaces.ContainerDeletionChoosingPolicyTemplate (ContainerDeletionChoosingPolicyTemplate.java:chooseContainerForBlockDeletion(85)) - Chosen 0/5000 blocks from 0 candidate containers.
2024-03-11 08:27:35,913 [9fe12930-715a-42d5-8ab8-3b6a3cef65a1-BlockDeletingService#0] INFO  interfaces.ContainerDeletionChoosingPolicyTemplate (ContainerDeletionChoosingPolicyTemplate.java:chooseContainerForBlockDeletion(85)) - Chosen 0/5000 blocks from 0 candidate containers.
2024-03-11 08:27:36,271 [main] INFO  om.TestOzoneManagerPrepare (TestOzoneManagerPrepare.java:lambda$assertClusterPrepared$6(474)) - omNode-1 has prepare status: NOT_PREPARED prepare index: -1.
2024-03-11 08:27:37,271 [main] INFO  om.TestOzoneManagerPrepare (TestOzoneManagerPrepare.java:lambda$assertClusterPrepared$6(474)) - omNode-1 has prepare status: NOT_PREPARED prepare index: -1.
2024-03-11 08:27:38,271 [main] INFO  om.TestOzoneManagerPrepare (TestOzoneManagerPrepare.java:lambda$assertClusterPrepared$6(474)) - omNode-1 has prepare status: NOT_PREPARED prepare index: -1.
2024-03-11 08:27:39,272 [main] INFO  om.TestOzoneManagerPrepare (TestOzoneManagerPrepare.java:lambda$assertClusterPrepared$6(474)) - omNode-1 has prepare status: NOT_PREPARED prepare index: -1.
2024-03-11 08:27:40,272 [main] INFO  om.TestOzoneManagerPrepare (TestOzoneManagerPrepare.java:lambda$assertClusterPrepared$6(474)) - omNode-1 has prepare status: NOT_PREPARED prepare index: -1.
2024-03-11 08:27:41,272 [main] INFO  om.TestOzoneManagerPrepare (TestOzoneManagerPrepare.java:lambda$assertClusterPrepared$6(474)) - omNode-1 has prepare status: NOT_PREPARED prepare index: -1.
2024-03-11 08:27:42,273 [main] INFO  om.TestOzoneManagerPrepare (TestOzoneManagerPrepare.java:lambda$assertClusterPrepared$6(474)) - omNode-1 has prepare status: NOT_PREPARED prepare index: -1.
2024-03-11 08:27:43,273 [main] INFO  om.TestOzoneManagerPrepare (TestOzoneManagerPrepare.java:lambda$assertClusterPrepared$6(474)) - omNode-1 has prepare status: NOT_PREPARED prepare index: -1.
2024-03-11 08:27:44,274 [main] INFO  om.TestOzoneManagerPrepare (TestOzoneManagerPrepare.java:lambda$assertClusterPrepared$6(474)) - omNode-1 has prepare status: NOT_PREPARED prepare index: -1.
2024-03-11 08:27:45,274 [main] INFO  om.TestOzoneManagerPrepare (TestOzoneManagerPrepare.java:lambda$assertClusterPrepared$6(474)) - omNode-1 has prepare status: NOT_PREPARED prepare index: -1.
2024-03-11 08:27:46,274 [main] INFO  om.TestOzoneManagerPrepare (TestOzoneManagerPrepare.java:lambda$assertClusterPrepared$6(474)) - omNode-1 has prepare status: NOT_PREPARED prepare index: -1.
2024-03-11 08:27:47,275 [main] INFO  om.TestOzoneManagerPrepare (TestOzoneManagerPrepare.java:lambda$assertClusterPrepared$6(474)) - omNode-1 has prepare status: NOT_PREPARED prepare index: -1.
2024-03-11 08:27:48,275 [main] INFO  om.TestOzoneManagerPrepare (TestOzoneManagerPrepare.java:lambda$assertClusterPrepared$6(474)) - omNode-1 has prepare status: NOT_PREPARED prepare index: -1.
2024-03-11 08:27:49,275 [main] INFO  om.TestOzoneManagerPrepare (TestOzoneManagerPrepare.java:lambda$assertClusterPrepared$6(474)) - omNode-1 has prepare status: NOT_PREPARED prepare index: -1.
2024-03-11 08:27:50,276 [main] INFO  om.TestOzoneManagerPrepare (TestOzoneManagerPrepare.java:lambda$assertClusterPrepared$6(474)) - omNode-1 has prepare status: NOT_PREPARED prepare index: -1.
2024-03-11 08:27:51,276 [main] INFO  om.TestOzoneManagerPrepare (TestOzoneManagerPrepare.java:lambda$assertClusterPrepared$6(474)) - omNode-1 has prepare status: NOT_PREPARED prepare index: -1.
2024-03-11 08:27:52,277 [main] INFO  om.TestOzoneManagerPrepare (TestOzoneManagerPrepare.java:lambda$assertClusterPrepared$6(474)) - omNode-1 has prepare status: NOT_PREPARED prepare index: -1.
2024-03-11 08:27:53,277 [main] INFO  om.TestOzoneManagerPrepare (TestOzoneManagerPrepare.java:lambda$assertClusterPrepared$6(474)) - omNode-1 has prepare status: NOT_PREPARED prepare index: -1.
2024-03-11 08:27:54,277 [main] INFO  om.TestOzoneManagerPrepare (TestOzoneManagerPrepare.java:lambda$assertClusterPrepared$6(474)) - omNode-1 has prepare status: NOT_PREPARED prepare index: -1.
2024-03-11 08:27:55,278 [main] INFO  om.TestOzoneManagerPrepare (TestOzoneManagerPrepare.java:lambda$assertClusterPrepared$6(474)) - omNode-1 has prepare status: NOT_PREPARED prepare index: -1.
2024-03-11 08:27:56,278 [main] INFO  om.TestOzoneManagerPrepare (TestOzoneManagerPrepare.java:lambda$assertClusterPrepared$6(474)) - omNode-1 has prepare status: NOT_PREPARED prepare index: -1.
2024-03-11 08:27:57,278 [main] INFO  om.TestOzoneManagerPrepare (TestOzoneManagerPrepare.java:lambda$assertClusterPrepared$6(474)) - omNode-1 has prepare status: NOT_PREPARED prepare index: -1.
2024-03-11 08:27:58,279 [main] INFO  om.TestOzoneManagerPrepare (TestOzoneManagerPrepare.java:lambda$assertClusterPrepared$6(474)) - omNode-1 has prepare status: NOT_PREPARED prepare index: -1.
2024-03-11 08:27:59,279 [main] INFO  om.TestOzoneManagerPrepare (TestOzoneManagerPrepare.java:lambda$assertClusterPrepared$6(474)) - omNode-1 has prepare status: NOT_PREPARED prepare index: -1.
2024-03-11 08:28:00,280 [main] INFO  om.TestOzoneManagerPrepare (TestOzoneManagerPrepare.java:lambda$assertClusterPrepared$6(474)) - omNode-1 has prepare status: NOT_PREPARED prepare index: -1.
2024-03-11 08:28:01,280 [main] INFO  om.TestOzoneManagerPrepare (TestOzoneManagerPrepare.java:lambda$assertClusterPrepared$6(474)) - omNode-1 has prepare status: NOT_PREPARED prepare index: -1.
2024-03-11 08:28:02,280 [main] INFO  om.TestOzoneManagerPrepare (TestOzoneManagerPrepare.java:lambda$assertClusterPrepared$6(474)) - omNode-1 has prepare status: NOT_PREPARED prepare index: -1.
2024-03-11 08:28:03,281 [main] INFO  om.TestOzoneManagerPrepare (TestOzoneManagerPrepare.java:lambda$assertClusterPrepared$6(474)) - omNode-1 has prepare status: NOT_PREPARED prepare index: -1.
2024-03-11 08:28:04,281 [main] INFO  om.TestOzoneManagerPrepare (TestOzoneManagerPrepare.java:lambda$assertClusterPrepared$6(474)) - omNode-1 has prepare status: NOT_PREPARED prepare index: -1.
2024-03-11 08:28:05,282 [main] INFO  om.TestOzoneManagerPrepare (TestOzoneManagerPrepare.java:lambda$assertClusterPrepared$6(474)) - omNode-1 has prepare status: NOT_PREPARED prepare index: -1.
2024-03-11 08:28:06,282 [main] INFO  om.TestOzoneManagerPrepare (TestOzoneManagerPrepare.java:lambda$assertClusterPrepared$6(474)) - omNode-1 has prepare status: NOT_PREPARED prepare index: -1.
2024-03-11 08:28:07,282 [main] INFO  om.TestOzoneManagerPrepare (TestOzoneManagerPrepare.java:lambda$assertClusterPrepared$6(474)) - omNode-1 has prepare status: NOT_PREPARED prepare index: -1.
2024-03-11 08:28:08,283 [main] INFO  om.TestOzoneManagerPrepare (TestOzoneManagerPrepare.java:lambda$assertClusterPrepared$6(474)) - omNode-1 has prepare status: NOT_PREPARED prepare index: -1.
2024-03-11 08:28:09,283 [main] INFO  om.TestOzoneManagerPrepare (TestOzoneManagerPrepare.java:lambda$assertClusterPrepared$6(474)) - omNode-1 has prepare status: NOT_PREPARED prepare index: -1.
2024-03-11 08:28:10,283 [main] INFO  om.TestOzoneManagerPrepare (TestOzoneManagerPrepare.java:lambda$assertClusterPrepared$6(474)) - omNode-1 has prepare status: NOT_PREPARED prepare index: -1.
2024-03-11 08:28:11,284 [main] INFO  om.TestOzoneManagerPrepare (TestOzoneManagerPrepare.java:lambda$assertClusterPrepared$6(474)) - omNode-1 has prepare status: NOT_PREPARED prepare index: -1.
2024-03-11 08:28:12,284 [main] INFO  om.TestOzoneManagerPrepare (TestOzoneManagerPrepare.java:lambda$assertClusterPrepared$6(474)) - omNode-1 has prepare status: NOT_PREPARED prepare index: -1.
2024-03-11 08:28:13,285 [main] INFO  om.TestOzoneManagerPrepare (TestOzoneManagerPrepare.java:lambda$assertClusterPrepared$6(474)) - omNode-1 has prepare status: NOT_PREPARED prepare index: -1.
2024-03-11 08:28:14,285 [main] INFO  om.TestOzoneManagerPrepare (TestOzoneManagerPrepare.java:lambda$assertClusterPrepared$6(474)) - omNode-1 has prepare status: NOT_PREPARED prepare index: -1.
2024-03-11 08:28:15,285 [main] INFO  om.TestOzoneManagerPrepare (TestOzoneManagerPrepare.java:lambda$assertClusterPrepared$6(474)) - omNode-1 has prepare status: NOT_PREPARED prepare index: -1.
2024-03-11 08:28:16,286 [main] INFO  om.TestOzoneManagerPrepare (TestOzoneManagerPrepare.java:lambda$assertClusterPrepared$6(474)) - omNode-1 has prepare status: NOT_PREPARED prepare index: -1.
2024-03-11 08:28:17,286 [main] INFO  om.TestOzoneManagerPrepare (TestOzoneManagerPrepare.java:lambda$assertClusterPrepared$6(474)) - omNode-1 has prepare status: NOT_PREPARED prepare index: -1.
2024-03-11 08:28:18,286 [main] INFO  om.TestOzoneManagerPrepare (TestOzoneManagerPrepare.java:lambda$assertClusterPrepared$6(474)) - omNode-1 has prepare status: NOT_PREPARED prepare index: -1.
2024-03-11 08:28:19,287 [main] INFO  om.TestOzoneManagerPrepare (TestOzoneManagerPrepare.java:lambda$assertClusterPrepared$6(474)) - omNode-1 has prepare status: NOT_PREPARED prepare index: -1.
2024-03-11 08:28:20,287 [main] INFO  om.TestOzoneManagerPrepare (TestOzoneManagerPrepare.java:lambda$assertClusterPrepared$6(474)) - omNode-1 has prepare status: NOT_PREPARED prepare index: -1.
2024-03-11 08:28:21,288 [main] INFO  om.TestOzoneManagerPrepare (TestOzoneManagerPrepare.java:lambda$assertClusterPrepared$6(474)) - omNode-1 has prepare status: NOT_PREPARED prepare index: -1.
2024-03-11 08:28:22,288 [main] INFO  om.TestOzoneManagerPrepare (TestOzoneManagerPrepare.java:lambda$assertClusterPrepared$6(474)) - omNode-1 has prepare status: NOT_PREPARED prepare index: -1.
2024-03-11 08:28:23,288 [main] INFO  om.TestOzoneManagerPrepare (TestOzoneManagerPrepare.java:lambda$assertClusterPrepared$6(474)) - omNode-1 has prepare status: NOT_PREPARED prepare index: -1.
2024-03-11 08:28:24,289 [main] INFO  om.TestOzoneManagerPrepare (TestOzoneManagerPrepare.java:lambda$assertClusterPrepared$6(474)) - omNode-1 has prepare status: NOT_PREPARED prepare index: -1.
2024-03-11 08:28:25,289 [main] INFO  om.TestOzoneManagerPrepare (TestOzoneManagerPrepare.java:lambda$assertClusterPrepared$6(474)) - omNode-1 has prepare status: NOT_PREPARED prepare index: -1.
2024-03-11 08:28:26,289 [main] INFO  om.TestOzoneManagerPrepare (TestOzoneManagerPrepare.java:lambda$assertClusterPrepared$6(474)) - omNode-1 has prepare status: NOT_PREPARED prepare index: -1.
2024-03-11 08:28:27,290 [main] INFO  om.TestOzoneManagerPrepare (TestOzoneManagerPrepare.java:lambda$assertClusterPrepared$6(474)) - omNode-1 has prepare status: NOT_PREPARED prepare index: -1.
2024-03-11 08:28:28,290 [main] INFO  om.TestOzoneManagerPrepare (TestOzoneManagerPrepare.java:lambda$assertClusterPrepared$6(474)) - omNode-1 has prepare status: NOT_PREPARED prepare index: -1.
2024-03-11 08:28:29,290 [main] INFO  om.TestOzoneManagerPrepare (TestOzoneManagerPrepare.java:lambda$assertClusterPrepared$6(474)) - omNode-1 has prepare status: NOT_PREPARED prepare index: -1.
2024-03-11 08:28:30,291 [main] INFO  om.TestOzoneManagerPrepare (TestOzoneManagerPrepare.java:lambda$assertClusterPrepared$6(474)) - omNode-1 has prepare status: NOT_PREPARED prepare index: -1.
2024-03-11 08:28:31,291 [main] INFO  om.TestOzoneManagerPrepare (TestOzoneManagerPrepare.java:lambda$assertClusterPrepared$6(474)) - omNode-1 has prepare status: NOT_PREPARED prepare index: -1.
2024-03-11 08:28:32,292 [main] INFO  om.TestOzoneManagerPrepare (TestOzoneManagerPrepare.java:lambda$assertClusterPrepared$6(474)) - omNode-1 has prepare status: NOT_PREPARED prepare index: -1.
2024-03-11 08:28:33,292 [main] INFO  om.TestOzoneManagerPrepare (TestOzoneManagerPrepare.java:lambda$assertClusterPrepared$6(474)) - omNode-1 has prepare status: NOT_PREPARED prepare index: -1.
2024-03-11 08:28:34,292 [main] INFO  om.TestOzoneManagerPrepare (TestOzoneManagerPrepare.java:lambda$assertClusterPrepared$6(474)) - omNode-1 has prepare status: NOT_PREPARED prepare index: -1.
2024-03-11 08:28:35,293 [main] INFO  om.TestOzoneManagerPrepare (TestOzoneManagerPrepare.java:lambda$assertClusterPrepared$6(474)) - omNode-1 has prepare status: NOT_PREPARED prepare index: -1.
2024-03-11 08:28:35,685 [5d4ad7cf-b573-4caa-872f-d4044233f592-BlockDeletingService#1] INFO  interfaces.ContainerDeletionChoosingPolicyTemplate (ContainerDeletionChoosingPolicyTemplate.java:chooseContainerForBlockDeletion(85)) - Chosen 0/5000 blocks from 0 candidate containers.
2024-03-11 08:28:35,806 [0e8f47f3-d360-4fc4-933d-796084e6b893-BlockDeletingService#1] INFO  interfaces.ContainerDeletionChoosingPolicyTemplate (ContainerDeletionChoosingPolicyTemplate.java:chooseContainerForBlockDeletion(85)) - Chosen 0/5000 blocks from 0 candidate containers.
2024-03-11 08:28:35,914 [9fe12930-715a-42d5-8ab8-3b6a3cef65a1-BlockDeletingService#1] INFO  interfaces.ContainerDeletionChoosingPolicyTemplate (ContainerDeletionChoosingPolicyTemplate.java:chooseContainerForBlockDeletion(85)) - Chosen 0/5000 blocks from 0 candidate containers.
2024-03-11 08:28:36,293 [main] INFO  om.TestOzoneManagerPrepare (TestOzoneManagerPrepare.java:lambda$assertClusterPrepared$6(474)) - omNode-1 has prepare status: NOT_PREPARED prepare index: -1.
2024-03-11 08:28:37,293 [main] INFO  om.TestOzoneManagerPrepare (TestOzoneManagerPrepare.java:lambda$assertClusterPrepared$6(474)) - omNode-1 has prepare status: NOT_PREPARED prepare index: -1.
2024-03-11 08:28:38,294 [main] INFO  om.TestOzoneManagerPrepare (TestOzoneManagerPrepare.java:lambda$assertClusterPrepared$6(474)) - omNode-1 has prepare status: NOT_PREPARED prepare index: -1.
2024-03-11 08:28:39,294 [main] INFO  om.TestOzoneManagerPrepare (TestOzoneManagerPrepare.java:lambda$assertClusterPrepared$6(474)) - omNode-1 has prepare status: NOT_PREPARED prepare index: -1.
2024-03-11 08:28:40,294 [main] INFO  om.TestOzoneManagerPrepare (TestOzoneManagerPrepare.java:lambda$assertClusterPrepared$6(474)) - omNode-1 has prepare status: NOT_PREPARED prepare index: -1.
2024-03-11 08:28:41,295 [main] INFO  om.TestOzoneManagerPrepare (TestOzoneManagerPrepare.java:lambda$assertClusterPrepared$6(474)) - omNode-1 has prepare status: NOT_PREPARED prepare index: -1.
2024-03-11 08:28:42,295 [main] INFO  om.TestOzoneManagerPrepare (TestOzoneManagerPrepare.java:lambda$assertClusterPrepared$6(474)) - omNode-1 has prepare status: NOT_PREPARED prepare index: -1.
2024-03-11 08:28:43,295 [main] INFO  om.TestOzoneManagerPrepare (TestOzoneManagerPrepare.java:lambda$assertClusterPrepared$6(474)) - omNode-1 has prepare status: NOT_PREPARED prepare index: -1.
2024-03-11 08:28:44,296 [main] INFO  om.TestOzoneManagerPrepare (TestOzoneManagerPrepare.java:lambda$assertClusterPrepared$6(474)) - omNode-1 has prepare status: NOT_PREPARED prepare index: -1.
2024-03-11 08:28:45,296 [main] INFO  om.TestOzoneManagerPrepare (TestOzoneManagerPrepare.java:lambda$assertClusterPrepared$6(474)) - omNode-1 has prepare status: NOT_PREPARED prepare index: -1.
2024-03-11 08:28:46,296 [main] INFO  om.TestOzoneManagerPrepare (TestOzoneManagerPrepare.java:lambda$assertClusterPrepared$6(474)) - omNode-1 has prepare status: NOT_PREPARED prepare index: -1.
2024-03-11 08:28:47,297 [main] INFO  om.TestOzoneManagerPrepare (TestOzoneManagerPrepare.java:lambda$assertClusterPrepared$6(474)) - omNode-1 has prepare status: NOT_PREPARED prepare index: -1.
2024-03-11 08:28:48,297 [main] INFO  om.TestOzoneManagerPrepare (TestOzoneManagerPrepare.java:lambda$assertClusterPrepared$6(474)) - omNode-1 has prepare status: NOT_PREPARED prepare index: -1.
2024-03-11 08:28:49,298 [main] INFO  om.TestOzoneManagerPrepare (TestOzoneManagerPrepare.java:lambda$assertClusterPrepared$6(474)) - omNode-1 has prepare status: NOT_PREPARED prepare index: -1.
2024-03-11 08:28:50,298 [main] INFO  om.TestOzoneManagerPrepare (TestOzoneManagerPrepare.java:lambda$assertClusterPrepared$6(474)) - omNode-1 has prepare status: NOT_PREPARED prepare index: -1.
2024-03-11 08:28:51,298 [main] INFO  om.TestOzoneManagerPrepare (TestOzoneManagerPrepare.java:lambda$assertClusterPrepared$6(474)) - omNode-1 has prepare status: NOT_PREPARED prepare index: -1.
2024-03-11 08:28:52,299 [main] INFO  om.TestOzoneManagerPrepare (TestOzoneManagerPrepare.java:lambda$assertClusterPrepared$6(474)) - omNode-1 has prepare status: NOT_PREPARED prepare index: -1.
2024-03-11 08:28:53,299 [main] INFO  om.TestOzoneManagerPrepare (TestOzoneManagerPrepare.java:lambda$assertClusterPrepared$6(474)) - omNode-1 has prepare status: NOT_PREPARED prepare index: -1.
2024-03-11 08:28:54,299 [main] INFO  om.TestOzoneManagerPrepare (TestOzoneManagerPrepare.java:lambda$assertClusterPrepared$6(474)) - omNode-1 has prepare status: NOT_PREPARED prepare index: -1.
2024-03-11 08:28:55,300 [main] INFO  om.TestOzoneManagerPrepare (TestOzoneManagerPrepare.java:lambda$assertClusterPrepared$6(474)) - omNode-1 has prepare status: NOT_PREPARED prepare index: -1.
2024-03-11 08:28:56,300 [main] INFO  om.TestOzoneManagerPrepare (TestOzoneManagerPrepare.java:lambda$assertClusterPrepared$6(474)) - omNode-1 has prepare status: NOT_PREPARED prepare index: -1.
2024-03-11 08:28:57,300 [main] INFO  om.TestOzoneManagerPrepare (TestOzoneManagerPrepare.java:lambda$assertClusterPrepared$6(474)) - omNode-1 has prepare status: NOT_PREPARED prepare index: -1.
2024-03-11 08:28:58,240 [omNode-2-OMStateMachineApplyTransactionThread - 0] ERROR upgrade.OMPrepareRequest (OMPrepareRequest.java:validateAndUpdateCache(133)) - Prepare Request Apply failed in omNode-2. 
java.io.IOException: After waiting for 120 seconds, Ratis state machine applied index 71 which is less than the minimum required index 73.
	at org.apache.hadoop.ozone.om.request.upgrade.OMPrepareRequest.waitForLogIndex(OMPrepareRequest.java:216)
	at org.apache.hadoop.ozone.om.request.upgrade.OMPrepareRequest.validateAndUpdateCache(OMPrepareRequest.java:112)
	at org.apache.hadoop.ozone.protocolPB.OzoneManagerRequestHandler.lambda$0(OzoneManagerRequestHandler.java:397)
	at org.apache.hadoop.util.MetricUtil.captureLatencyNs(MetricUtil.java:45)
	at org.apache.hadoop.ozone.protocolPB.OzoneManagerRequestHandler.handleWriteRequestImpl(OzoneManagerRequestHandler.java:395)
	at org.apache.hadoop.ozone.protocolPB.RequestHandler.handleWriteRequest(RequestHandler.java:63)
	at org.apache.hadoop.ozone.om.ratis.OzoneManagerStateMachine.runCommand(OzoneManagerStateMachine.java:525)
	at org.apache.hadoop.ozone.om.ratis.OzoneManagerStateMachine.lambda$1(OzoneManagerStateMachine.java:343)
	at java.util.concurrent.CompletableFuture$AsyncSupply.run(CompletableFuture.java:1604)
	at java.util.concurrent.ThreadPoolExecutor.runWorker(ThreadPoolExecutor.java:1149)
	at java.util.concurrent.ThreadPoolExecutor$Worker.run(ThreadPoolExecutor.java:624)
	at java.lang.Thread.run(Thread.java:750)
2024-03-11 08:28:58,240 [omNode-1-OMStateMachineApplyTransactionThread - 0] ERROR upgrade.OMPrepareRequest (OMPrepareRequest.java:validateAndUpdateCache(133)) - Prepare Request Apply failed in omNode-1. 
java.io.IOException: After waiting for 120 seconds, Ratis state machine applied index 71 which is less than the minimum required index 73.
	at org.apache.hadoop.ozone.om.request.upgrade.OMPrepareRequest.waitForLogIndex(OMPrepareRequest.java:216)
	at org.apache.hadoop.ozone.om.request.upgrade.OMPrepareRequest.validateAndUpdateCache(OMPrepareRequest.java:112)
	at org.apache.hadoop.ozone.protocolPB.OzoneManagerRequestHandler.lambda$0(OzoneManagerRequestHandler.java:397)
	at org.apache.hadoop.util.MetricUtil.captureLatencyNs(MetricUtil.java:45)
	at org.apache.hadoop.ozone.protocolPB.OzoneManagerRequestHandler.handleWriteRequestImpl(OzoneManagerRequestHandler.java:395)
	at org.apache.hadoop.ozone.protocolPB.RequestHandler.handleWriteRequest(RequestHandler.java:63)
	at org.apache.hadoop.ozone.om.ratis.OzoneManagerStateMachine.runCommand(OzoneManagerStateMachine.java:525)
	at org.apache.hadoop.ozone.om.ratis.OzoneManagerStateMachine.lambda$1(OzoneManagerStateMachine.java:343)
	at java.util.concurrent.CompletableFuture$AsyncSupply.run(CompletableFuture.java:1604)
	at java.util.concurrent.ThreadPoolExecutor.runWorker(ThreadPoolExecutor.java:1149)
	at java.util.concurrent.ThreadPoolExecutor$Worker.run(ThreadPoolExecutor.java:624)
	at java.lang.Thread.run(Thread.java:750)
2024-03-11 08:28:58,241 [omNode-1@group-523986131536-StateMachineUpdater] INFO  ratis.OzoneManagerStateMachine (OzoneManagerStateMachine.java:takeSnapshotImpl(467)) -  applied = (t:2, i:72)
2024-03-11 08:28:58,241 [omNode-1@group-523986131536-StateMachineUpdater] INFO  ratis.OzoneManagerStateMachine (OzoneManagerStateMachine.java:takeSnapshotImpl(468)) -  skipped = 70
2024-03-11 08:28:58,241 [omNode-2@group-523986131536-StateMachineUpdater] INFO  ratis.OzoneManagerStateMachine (OzoneManagerStateMachine.java:takeSnapshotImpl(467)) -  applied = (t:2, i:72)
2024-03-11 08:28:58,241 [omNode-2@group-523986131536-StateMachineUpdater] INFO  ratis.OzoneManagerStateMachine (OzoneManagerStateMachine.java:takeSnapshotImpl(468)) -  skipped = 70
2024-03-11 08:28:58,241 [omNode-1@group-523986131536-StateMachineUpdater] INFO  ratis.OzoneManagerStateMachine (OzoneManagerStateMachine.java:takeSnapshotImpl(469)) - notified = (t:2, i:71)
2024-03-11 08:28:58,241 [omNode-2@group-523986131536-StateMachineUpdater] INFO  ratis.OzoneManagerStateMachine (OzoneManagerStateMachine.java:takeSnapshotImpl(469)) - notified = (t:2, i:71)
2024-03-11 08:28:58,241 [omNode-1@group-523986131536-StateMachineUpdater] INFO  ratis.OzoneManagerStateMachine (OzoneManagerStateMachine.java:takeSnapshotImpl(470)) - snapshot = (t:2, i:72)
2024-03-11 08:28:58,241 [omNode-2@group-523986131536-StateMachineUpdater] INFO  ratis.OzoneManagerStateMachine (OzoneManagerStateMachine.java:takeSnapshotImpl(470)) - snapshot = (t:2, i:72)
2024-03-11 08:28:58,263 [omNode-2@group-523986131536-StateMachineUpdater] INFO  impl.StateMachineUpdater (StateMachineUpdater.java:takeSnapshot(295)) - omNode-2@group-523986131536-StateMachineUpdater: Took a snapshot at index 72
2024-03-11 08:28:58,263 [omNode-2@group-523986131536-StateMachineUpdater] INFO  impl.StateMachineUpdater (StateMachineUpdater.java:lambda$new$0(98)) - omNode-2@group-523986131536-StateMachineUpdater: snapshotIndex: updateIncreasingly 19 -> 72
2024-03-11 08:28:58,263 [omNode-2@group-523986131536-StateMachineUpdater] INFO  raftlog.RaftLog (RaftLogBase.java:purge(330)) - omNode-2@group-523986131536-SegmentedRaftLog: purge 72
2024-03-11 08:28:58,263 [omNode-2@group-523986131536-StateMachineUpdater] INFO  raftlog.RaftLog (RaftLogBase.java:lambda$new$0(54)) - omNode-2@group-523986131536-SegmentedRaftLog: snapshotIndex: updateIncreasingly 19 -> 72
2024-03-11 08:28:58,263 [omNode-2@group-523986131536-StateMachineUpdater] INFO  raftlog.RaftLog (RaftLogBase.java:lambda$new$0(54)) - omNode-2@group-523986131536-SegmentedRaftLog: purgeIndex: updateToMax old=-1, new=72, updated? true
2024-03-11 08:28:58,265 [omNode-1@group-523986131536-StateMachineUpdater] INFO  impl.StateMachineUpdater (StateMachineUpdater.java:takeSnapshot(295)) - omNode-1@group-523986131536-StateMachineUpdater: Took a snapshot at index 72
2024-03-11 08:28:58,265 [omNode-1@group-523986131536-StateMachineUpdater] INFO  impl.StateMachineUpdater (StateMachineUpdater.java:lambda$new$0(98)) - omNode-1@group-523986131536-StateMachineUpdater: snapshotIndex: updateIncreasingly 19 -> 72
2024-03-11 08:28:58,265 [omNode-1@group-523986131536-StateMachineUpdater] INFO  raftlog.RaftLog (RaftLogBase.java:purge(330)) - omNode-1@group-523986131536-SegmentedRaftLog: purge 72
2024-03-11 08:28:58,265 [omNode-1@group-523986131536-StateMachineUpdater] INFO  raftlog.RaftLog (RaftLogBase.java:lambda$new$0(54)) - omNode-1@group-523986131536-SegmentedRaftLog: snapshotIndex: updateIncreasingly 19 -> 72
2024-03-11 08:28:58,265 [omNode-1@group-523986131536-StateMachineUpdater] INFO  raftlog.RaftLog (RaftLogBase.java:lambda$new$0(54)) - omNode-1@group-523986131536-SegmentedRaftLog: purgeIndex: updateToMax old=-1, new=72, updated? true
2024-03-11 08:28:58,301 [main] INFO  om.TestOzoneManagerPrepare (TestOzoneManagerPrepare.java:lambda$assertClusterPrepared$6(474)) - omNode-1 has prepare status: NOT_PREPARED prepare index: -1.
2024-03-11 08:28:59,301 [main] INFO  om.TestOzoneManagerPrepare (TestOzoneManagerPrepare.java:lambda$assertClusterPrepared$6(474)) - omNode-1 has prepare status: NOT_PREPARED prepare index: -1.
2024-03-11 08:29:00,302 [main] INFO  om.TestOzoneManagerPrepare (TestOzoneManagerPrepare.java:lambda$assertClusterPrepared$6(474)) - omNode-1 has prepare status: NOT_PREPARED prepare index: -1.
2024-03-11 08:29:01,302 [main] INFO  om.TestOzoneManagerPrepare (TestOzoneManagerPrepare.java:lambda$assertClusterPrepared$6(474)) - omNode-1 has prepare status: NOT_PREPARED prepare index: -1.
2024-03-11 08:29:02,302 [main] INFO  om.TestOzoneManagerPrepare (TestOzoneManagerPrepare.java:lambda$assertClusterPrepared$6(474)) - omNode-1 has prepare status: NOT_PREPARED prepare index: -1.
2024-03-11 08:29:03,303 [main] INFO  om.TestOzoneManagerPrepare (TestOzoneManagerPrepare.java:lambda$assertClusterPrepared$6(474)) - omNode-1 has prepare status: NOT_PREPARED prepare index: -1.
2024-03-11 08:29:03,306 [main] INFO  om.OzoneManager (OzoneManager.java:stop(2241)) - omNode-3[localhost:15012]: Stopping Ozone Manager
2024-03-11 08:29:03,306 [main] INFO  ipc.Server (Server.java:stop(3523)) - Stopping server on 15012
2024-03-11 08:29:03,310 [IPC Server listener on 15012] INFO  ipc.Server (Server.java:run(1434)) - Stopping IPC Server listener on 15012
2024-03-11 08:29:03,310 [IPC Server Responder] INFO  ipc.Server (Server.java:run(1567)) - Stopping IPC Server Responder
2024-03-11 08:29:03,315 [main] INFO  ratis.OzoneManagerRatisServer (OzoneManagerRatisServer.java:stop(594)) - Stopping org.apache.hadoop.ozone.om.ratis.OzoneManagerRatisServer@27225e83 at port 15015
2024-03-11 08:29:03,315 [main] INFO  server.RaftServer (RaftServerProxy.java:lambda$close$9(416)) - omNode-3: close
2024-03-11 08:29:03,315 [main] INFO  server.GrpcService (GrpcService.java:closeImpl(311)) - omNode-3: shutdown server GrpcServerProtocolService now
2024-03-11 08:29:03,315 [omNode-3-impl-thread2] INFO  server.RaftServer$Division (RaftServerImpl.java:lambda$close$3(526)) - omNode-3@group-523986131536: shutdown
2024-03-11 08:29:03,316 [omNode-3-impl-thread2] INFO  util.JmxRegister (JmxRegister.java:unregister(73)) - Successfully un-registered JMX Bean with object name Ratis:service=RaftServer,group=group-523986131536,id=omNode-3
2024-03-11 08:29:03,316 [omNode-3-impl-thread2] INFO  impl.RoleInfo (RoleInfo.java:shutdownLeaderState(94)) - omNode-3: shutdown omNode-3@group-523986131536-LeaderStateImpl
2024-03-11 08:29:03,316 [omNode-3-impl-thread2] INFO  impl.PendingRequests (PendingRequests.java:sendNotLeaderResponses(289)) - omNode-3@group-523986131536-PendingRequests: sendNotLeaderResponses
2024-03-11 08:29:03,316 [omNode-3@group-523986131536->omNode-2-GrpcLogAppender-LogAppenderDaemon] WARN  server.GrpcLogAppender (GrpcLogAppender.java:mayWait(289)) - omNode-3@group-523986131536->omNode-2-GrpcLogAppender: Wait interrupted by java.lang.InterruptedException
2024-03-11 08:29:03,316 [omNode-3@group-523986131536->omNode-1-GrpcLogAppender-LogAppenderDaemon] WARN  server.GrpcLogAppender (GrpcLogAppender.java:mayWait(289)) - omNode-3@group-523986131536->omNode-1-GrpcLogAppender: Wait interrupted by java.lang.InterruptedException
2024-03-11 08:29:03,317 [grpc-default-executor-3] INFO  server.GrpcServerProtocolService (GrpcServerProtocolService.java:onCompleted(157)) - omNode-2: Completed APPEND_ENTRIES, lastRequest: omNode-3->omNode-2#108-t2,previous=(t:2, i:72),leaderCommit=72,initializing? false,entries: size=1, first=(t:2, i:73), METADATAENTRY(c:72)
2024-03-11 08:29:03,317 [grpc-default-executor-3] INFO  server.GrpcServerProtocolService (GrpcServerProtocolService.java:lambda$onCompleted$5(159)) - omNode-2: Completed APPEND_ENTRIES, lastReply: null
2024-03-11 08:29:03,317 [grpc-default-executor-2] INFO  server.GrpcServerProtocolService (GrpcServerProtocolService.java:onCompleted(157)) - omNode-1: Completed APPEND_ENTRIES, lastRequest: omNode-3->omNode-1#114-t2,previous=(t:2, i:72),leaderCommit=72,initializing? false,entries: size=1, first=(t:2, i:73), METADATAENTRY(c:72)
2024-03-11 08:29:03,318 [grpc-default-executor-2] INFO  server.GrpcServerProtocolService (GrpcServerProtocolService.java:lambda$onCompleted$5(159)) - omNode-1: Completed APPEND_ENTRIES, lastReply: null
2024-03-11 08:29:03,318 [grpc-default-executor-6] INFO  server.GrpcServerProtocolService (GrpcServerProtocolService.java:onCompleted(157)) - omNode-1: Completed APPEND_ENTRIES, lastRequest: null
2024-03-11 08:29:03,319 [Thread-1311] INFO  server.GrpcServerProtocolClient (GrpcServerProtocolClient.java:close(103)) - omNode-1 Close channels
2024-03-11 08:29:03,319 [grpc-default-executor-6] INFO  server.GrpcServerProtocolService (GrpcServerProtocolService.java:lambda$onCompleted$5(159)) - omNode-1: Completed APPEND_ENTRIES, lastReply: serverReply {
  requestorId: "omNode-3"
  replyId: "omNode-1"
  raftGroupId {
    id: "\311\274L\364;\303<`\246kR9\206\023\0256"
  }
  callId: 366
  success: true
}
term: 2
nextIndex: 74
followerCommit: 73
matchIndex: 18446744073709551615
isHearbeat: true

2024-03-11 08:29:03,319 [grpc-default-executor-6] INFO  server.GrpcServerProtocolService (GrpcServerProtocolService.java:onCompleted(157)) - omNode-2: Completed APPEND_ENTRIES, lastRequest: null
2024-03-11 08:29:03,320 [omNode-3-impl-thread2] INFO  impl.StateMachineUpdater (StateMachineUpdater.java:stopAndJoin(157)) - omNode-3@group-523986131536-StateMachineUpdater: set stopIndex = 73
2024-03-11 08:29:03,320 [grpc-default-executor-6] INFO  server.GrpcServerProtocolService (GrpcServerProtocolService.java:lambda$onCompleted$5(159)) - omNode-2: Completed APPEND_ENTRIES, lastReply: serverReply {
  requestorId: "omNode-3"
  replyId: "omNode-2"
  raftGroupId {
    id: "\311\274L\364;\303<`\246kR9\206\023\0256"
  }
  callId: 359
  success: true
}
term: 2
nextIndex: 74
followerCommit: 73
matchIndex: 18446744073709551615
isHearbeat: true

2024-03-11 08:29:03,319 [Thread-1312] INFO  server.GrpcServerProtocolClient (GrpcServerProtocolClient.java:close(103)) - omNode-2 Close channels
2024-03-11 08:29:03,321 [grpc-default-executor-2] INFO  server.GrpcLogAppender (GrpcLogAppender.java:onCompleted(546)) - omNode-3@group-523986131536->omNode-1-AppendLogResponseHandler: follower responses appendEntries COMPLETED
2024-03-11 08:29:03,321 [grpc-default-executor-8] INFO  server.GrpcLogAppender (GrpcLogAppender.java:onCompleted(546)) - omNode-3@group-523986131536->omNode-1-AppendLogResponseHandler: follower responses appendEntries COMPLETED
2024-03-11 08:29:03,323 [grpc-default-executor-8] WARN  server.GrpcLogAppender (GrpcLogAppender.java:resetClient(226)) - omNode-3@group-523986131536->omNode-1-GrpcLogAppender: Failed to getClient for omNode-1
org.apache.ratis.protocol.exceptions.AlreadyClosedException: omNode-3 is already CLOSED
	at org.apache.ratis.util.PeerProxyMap$PeerAndProxy.getProxy(PeerProxyMap.java:65)
	at org.apache.ratis.util.PeerProxyMap.getProxy(PeerProxyMap.java:114)
	at org.apache.ratis.grpc.server.GrpcLogAppender.getClient(GrpcLogAppender.java:196)
	at org.apache.ratis.grpc.server.GrpcLogAppender.resetClient(GrpcLogAppender.java:201)
	at org.apache.ratis.grpc.server.GrpcLogAppender.access$800(GrpcLogAppender.java:62)
	at org.apache.ratis.grpc.server.GrpcLogAppender$AppendLogResponseHandler.onCompleted(GrpcLogAppender.java:547)
	at org.apache.ratis.thirdparty.io.grpc.stub.ClientCalls$StreamObserverToCallListenerAdapter.onClose(ClientCalls.java:479)
	at org.apache.ratis.thirdparty.io.grpc.internal.ClientCallImpl.closeObserver(ClientCallImpl.java:567)
	at org.apache.ratis.thirdparty.io.grpc.internal.ClientCallImpl.access$300(ClientCallImpl.java:71)
	at org.apache.ratis.thirdparty.io.grpc.internal.ClientCallImpl$ClientStreamListenerImpl$1StreamClosed.runInternal(ClientCallImpl.java:735)
	at org.apache.ratis.thirdparty.io.grpc.internal.ClientCallImpl$ClientStreamListenerImpl$1StreamClosed.runInContext(ClientCallImpl.java:716)
	at org.apache.ratis.thirdparty.io.grpc.internal.ContextRunnable.run(ContextRunnable.java:37)
	at org.apache.ratis.thirdparty.io.grpc.internal.SerializingExecutor.run(SerializingExecutor.java:133)
	at java.util.concurrent.ThreadPoolExecutor.runWorker(ThreadPoolExecutor.java:1149)
	at java.util.concurrent.ThreadPoolExecutor$Worker.run(ThreadPoolExecutor.java:624)
	at java.lang.Thread.run(Thread.java:750)
2024-03-11 08:29:03,322 [omNode-3@group-523986131536-StateMachineUpdater] INFO  ratis.OzoneManagerStateMachine (OzoneManagerStateMachine.java:takeSnapshotImpl(467)) -  applied = (t:2, i:72)
2024-03-11 08:29:03,321 [grpc-default-executor-2] WARN  server.GrpcLogAppender (GrpcLogAppender.java:resetClient(226)) - omNode-3@group-523986131536->omNode-1-GrpcLogAppender: Failed to getClient for omNode-1
org.apache.ratis.protocol.exceptions.AlreadyClosedException: omNode-3 is already CLOSED
	at org.apache.ratis.util.PeerProxyMap$PeerAndProxy.getProxy(PeerProxyMap.java:65)
	at org.apache.ratis.util.PeerProxyMap.getProxy(PeerProxyMap.java:114)
	at org.apache.ratis.grpc.server.GrpcLogAppender.getClient(GrpcLogAppender.java:196)
	at org.apache.ratis.grpc.server.GrpcLogAppender.resetClient(GrpcLogAppender.java:201)
	at org.apache.ratis.grpc.server.GrpcLogAppender.access$800(GrpcLogAppender.java:62)
	at org.apache.ratis.grpc.server.GrpcLogAppender$AppendLogResponseHandler.onCompleted(GrpcLogAppender.java:547)
	at org.apache.ratis.thirdparty.io.grpc.stub.ClientCalls$StreamObserverToCallListenerAdapter.onClose(ClientCalls.java:479)
	at org.apache.ratis.thirdparty.io.grpc.internal.ClientCallImpl.closeObserver(ClientCallImpl.java:567)
	at org.apache.ratis.thirdparty.io.grpc.internal.ClientCallImpl.access$300(ClientCallImpl.java:71)
	at org.apache.ratis.thirdparty.io.grpc.internal.ClientCallImpl$ClientStreamListenerImpl$1StreamClosed.runInternal(ClientCallImpl.java:735)
	at org.apache.ratis.thirdparty.io.grpc.internal.ClientCallImpl$ClientStreamListenerImpl$1StreamClosed.runInContext(ClientCallImpl.java:716)
	at org.apache.ratis.thirdparty.io.grpc.internal.ContextRunnable.run(ContextRunnable.java:37)
	at org.apache.ratis.thirdparty.io.grpc.internal.SerializingExecutor.run(SerializingExecutor.java:133)
	at java.util.concurrent.ThreadPoolExecutor.runWorker(ThreadPoolExecutor.java:1149)
	at java.util.concurrent.ThreadPoolExecutor$Worker.run(ThreadPoolExecutor.java:624)
	at java.lang.Thread.run(Thread.java:750)
2024-03-11 08:29:03,325 [omNode-3@group-523986131536-StateMachineUpdater] INFO  ratis.OzoneManagerStateMachine (OzoneManagerStateMachine.java:takeSnapshotImpl(468)) -  skipped = 72
2024-03-11 08:29:03,325 [omNode-3@group-523986131536-StateMachineUpdater] INFO  ratis.OzoneManagerStateMachine (OzoneManagerStateMachine.java:takeSnapshotImpl(469)) - notified = (t:2, i:73)
2024-03-11 08:29:03,325 [omNode-3@group-523986131536-StateMachineUpdater] INFO  ratis.OzoneManagerStateMachine (OzoneManagerStateMachine.java:takeSnapshotImpl(470)) - snapshot = (t:2, i:73)
2024-03-11 08:29:03,327 [grpc-default-executor-7] INFO  server.GrpcLogAppender (GrpcLogAppender.java:onCompleted(546)) - omNode-3@group-523986131536->omNode-2-AppendLogResponseHandler: follower responses appendEntries COMPLETED
2024-03-11 08:29:03,327 [grpc-default-executor-7] WARN  server.GrpcLogAppender (GrpcLogAppender.java:resetClient(226)) - omNode-3@group-523986131536->omNode-2-GrpcLogAppender: Failed to getClient for omNode-2
org.apache.ratis.protocol.exceptions.AlreadyClosedException: omNode-3 is already CLOSED
	at org.apache.ratis.util.PeerProxyMap$PeerAndProxy.getProxy(PeerProxyMap.java:65)
	at org.apache.ratis.util.PeerProxyMap.getProxy(PeerProxyMap.java:114)
	at org.apache.ratis.grpc.server.GrpcLogAppender.getClient(GrpcLogAppender.java:196)
	at org.apache.ratis.grpc.server.GrpcLogAppender.resetClient(GrpcLogAppender.java:201)
	at org.apache.ratis.grpc.server.GrpcLogAppender.access$800(GrpcLogAppender.java:62)
	at org.apache.ratis.grpc.server.GrpcLogAppender$AppendLogResponseHandler.onCompleted(GrpcLogAppender.java:547)
	at org.apache.ratis.thirdparty.io.grpc.stub.ClientCalls$StreamObserverToCallListenerAdapter.onClose(ClientCalls.java:479)
	at org.apache.ratis.thirdparty.io.grpc.internal.ClientCallImpl.closeObserver(ClientCallImpl.java:567)
	at org.apache.ratis.thirdparty.io.grpc.internal.ClientCallImpl.access$300(ClientCallImpl.java:71)
	at org.apache.ratis.thirdparty.io.grpc.internal.ClientCallImpl$ClientStreamListenerImpl$1StreamClosed.runInternal(ClientCallImpl.java:735)
	at org.apache.ratis.thirdparty.io.grpc.internal.ClientCallImpl$ClientStreamListenerImpl$1StreamClosed.runInContext(ClientCallImpl.java:716)
	at org.apache.ratis.thirdparty.io.grpc.internal.ContextRunnable.run(ContextRunnable.java:37)
	at org.apache.ratis.thirdparty.io.grpc.internal.SerializingExecutor.run(SerializingExecutor.java:133)
	at java.util.concurrent.ThreadPoolExecutor.runWorker(ThreadPoolExecutor.java:1149)
	at java.util.concurrent.ThreadPoolExecutor$Worker.run(ThreadPoolExecutor.java:624)
	at java.lang.Thread.run(Thread.java:750)
2024-03-11 08:29:03,329 [grpc-default-executor-2] INFO  server.GrpcLogAppender (GrpcLogAppender.java:onCompleted(546)) - omNode-3@group-523986131536->omNode-2-AppendLogResponseHandler: follower responses appendEntries COMPLETED
2024-03-11 08:29:03,329 [grpc-default-executor-2] WARN  server.GrpcLogAppender (GrpcLogAppender.java:resetClient(226)) - omNode-3@group-523986131536->omNode-2-GrpcLogAppender: Failed to getClient for omNode-2
org.apache.ratis.protocol.exceptions.AlreadyClosedException: omNode-3 is already CLOSED
	at org.apache.ratis.util.PeerProxyMap$PeerAndProxy.getProxy(PeerProxyMap.java:65)
	at org.apache.ratis.util.PeerProxyMap.getProxy(PeerProxyMap.java:114)
	at org.apache.ratis.grpc.server.GrpcLogAppender.getClient(GrpcLogAppender.java:196)
	at org.apache.ratis.grpc.server.GrpcLogAppender.resetClient(GrpcLogAppender.java:201)
	at org.apache.ratis.grpc.server.GrpcLogAppender.access$800(GrpcLogAppender.java:62)
	at org.apache.ratis.grpc.server.GrpcLogAppender$AppendLogResponseHandler.onCompleted(GrpcLogAppender.java:547)
	at org.apache.ratis.thirdparty.io.grpc.stub.ClientCalls$StreamObserverToCallListenerAdapter.onClose(ClientCalls.java:479)
	at org.apache.ratis.thirdparty.io.grpc.internal.ClientCallImpl.closeObserver(ClientCallImpl.java:567)
	at org.apache.ratis.thirdparty.io.grpc.internal.ClientCallImpl.access$300(ClientCallImpl.java:71)
	at org.apache.ratis.thirdparty.io.grpc.internal.ClientCallImpl$ClientStreamListenerImpl$1StreamClosed.runInternal(ClientCallImpl.java:735)
	at org.apache.ratis.thirdparty.io.grpc.internal.ClientCallImpl$ClientStreamListenerImpl$1StreamClosed.runInContext(ClientCallImpl.java:716)
	at org.apache.ratis.thirdparty.io.grpc.internal.ContextRunnable.run(ContextRunnable.java:37)
	at org.apache.ratis.thirdparty.io.grpc.internal.SerializingExecutor.run(SerializingExecutor.java:133)
	at java.util.concurrent.ThreadPoolExecutor.runWorker(ThreadPoolExecutor.java:1149)
	at java.util.concurrent.ThreadPoolExecutor$Worker.run(ThreadPoolExecutor.java:624)
	at java.lang.Thread.run(Thread.java:750)
2024-03-11 08:29:03,332 [main] INFO  server.GrpcService (GrpcService.java:closeImpl(320)) - omNode-3: shutdown server GrpcServerProtocolService successfully
2024-03-11 08:29:03,333 [omNode-3@group-523986131536-StateMachineUpdater] INFO  impl.StateMachineUpdater (StateMachineUpdater.java:takeSnapshot(295)) - omNode-3@group-523986131536-StateMachineUpdater: Took a snapshot at index 73
2024-03-11 08:29:03,333 [omNode-3@group-523986131536-StateMachineUpdater] INFO  impl.StateMachineUpdater (StateMachineUpdater.java:lambda$new$0(98)) - omNode-3@group-523986131536-StateMachineUpdater: snapshotIndex: updateIncreasingly 71 -> 73
2024-03-11 08:29:03,333 [omNode-3@group-523986131536-StateMachineUpdater] INFO  ratis.OzoneManagerStateMachine (OzoneManagerStateMachine.java:close(513)) - Stopping OzoneManagerStateMachine:omNode-3:group-523986131536.
2024-03-11 08:29:03,333 [omNode-3@group-523986131536-StateMachineUpdater] INFO  ratis.OzoneManagerDoubleBuffer (OzoneManagerDoubleBuffer.java:stopDaemon(517)) - Stopping OMDoubleBuffer flush thread
2024-03-11 08:29:03,334 [omNode-3-OMDoubleBufferFlushThread] INFO  ratis.OzoneManagerDoubleBuffer (OzoneManagerDoubleBuffer.java:canFlush(581)) - OMDoubleBuffer flush thread omNode-3-OMDoubleBufferFlushThread is interrupted and will exit.
2024-03-11 08:29:03,334 [omNode-3-impl-thread2] INFO  server.RaftServer$Division (ServerState.java:close(427)) - omNode-3@group-523986131536: applyIndex: 72
2024-03-11 08:29:03,334 [omNode-3@group-523986131536-cacheEviction-AwaitToRun] INFO  util.AwaitToRun (AwaitToRun.java:run(49)) - omNode-3@group-523986131536-cacheEviction-AwaitToRun-AwaitForSignal is interrupted
2024-03-11 08:29:04,264 [omNode-3-impl-thread2] INFO  segmented.SegmentedRaftLogWorker (SegmentedRaftLogWorker.java:close(245)) - omNode-3@group-523986131536-SegmentedRaftLogWorker close()
2024-03-11 08:29:04,267 [JvmPauseMonitor7] INFO  util.JvmPauseMonitor (JvmPauseMonitor.java:run(152)) - JvmPauseMonitor-omNode-3: Stopped
2024-03-11 08:29:04,269 [main] INFO  utils.BackgroundService (BackgroundService.java:shutdown(160)) - Shutting down service KeyDeletingService
2024-03-11 08:29:04,269 [main] INFO  utils.BackgroundService (BackgroundService.java:shutdown(160)) - Shutting down service DirectoryDeletingService
2024-03-11 08:29:04,269 [main] INFO  utils.BackgroundService (BackgroundService.java:shutdown(160)) - Shutting down service OpenKeyCleanupService
2024-03-11 08:29:04,269 [main] INFO  utils.BackgroundService (BackgroundService.java:shutdown(160)) - Shutting down service SstFilteringService
2024-03-11 08:29:04,270 [main] INFO  utils.BackgroundService (BackgroundService.java:shutdown(160)) - Shutting down service SnapshotDeletingService
2024-03-11 08:29:04,270 [main] INFO  utils.BackgroundService (BackgroundService.java:shutdown(160)) - Shutting down service MultipartUploadCleanupService
2024-03-11 08:29:04,270 [main] INFO  utils.BackgroundService (BackgroundService.java:shutdown(160)) - Shutting down service SnapshotDirectoryCleaningService
2024-03-11 08:29:04,271 [main] INFO  handler.ContextHandler (ContextHandler.java:doStop(1159)) - Stopped o.e.j.w.WebAppContext@241293a8{ozoneManager,/,null,STOPPED}{file:/home/runner/work/ozone/ozone/hadoop-ozone/integration-test/target/test-classes/webapps/ozoneManager}
2024-03-11 08:29:04,271 [main] INFO  server.AbstractConnector (AbstractConnector.java:doStop(383)) - Stopped ServerConnector@45f6bfe3{HTTP/1.1, (http/1.1)}{0.0.0.0:15013}
2024-03-11 08:29:04,272 [main] INFO  server.session (HouseKeeper.java:stopScavenging(149)) - node0 Stopped scavenging
2024-03-11 08:29:04,272 [main] INFO  handler.ContextHandler (ContextHandler.java:doStop(1159)) - Stopped o.e.j.s.ServletContextHandler@3e605746{static,/static,file:///home/runner/work/ozone/ozone/hadoop-ozone/integration-test/target/test-classes/webapps/static,STOPPED}
2024-03-11 08:29:04,272 [main] INFO  handler.ContextHandler (ContextHandler.java:doStop(1159)) - Stopped o.e.j.s.ServletContextHandler@736fc252{logs,/logs,file:///home/runner/work/ozone/ozone/hadoop-ozone/integration-test/target/log,STOPPED}
2024-03-11 08:29:04,273 [main] INFO  rocksdiff.RocksDBCheckpointDiffer (RocksDBCheckpointDiffer.java:close(310)) - Shutting down CompactionDagPruningService.
2024-03-11 08:29:04,276 [main] INFO  snapshot.SnapshotDiffManager (SnapshotDiffManager.java:closeExecutorService(1657)) - Shutting down executorService: 'SnapDiffExecutor'
2024-03-11 08:29:04,276 [main] INFO  utils.BackgroundService (BackgroundService.java:shutdown(160)) - Shutting down service SnapshotDiffCleanupService
2024-03-11 08:29:04,277 [main] INFO  om.OzoneManager (OzoneManager.java:stop(2241)) - omNode-1[localhost:15004]: Stopping Ozone Manager
2024-03-11 08:29:04,277 [main] INFO  ipc.Server (Server.java:stop(3523)) - Stopping server on 15004
2024-03-11 08:29:04,279 [IPC Server listener on 15004] INFO  ipc.Server (Server.java:run(1434)) - Stopping IPC Server listener on 15004
2024-03-11 08:29:04,279 [IPC Server Responder] INFO  ipc.Server (Server.java:run(1567)) - Stopping IPC Server Responder
2024-03-11 08:29:04,279 [main] INFO  ratis.OzoneManagerRatisServer (OzoneManagerRatisServer.java:stop(594)) - Stopping org.apache.hadoop.ozone.om.ratis.OzoneManagerRatisServer@34d4425f at port 15007
2024-03-11 08:29:04,280 [main] INFO  server.RaftServer (RaftServerProxy.java:lambda$close$9(416)) - omNode-1: close
2024-03-11 08:29:04,281 [main] INFO  server.GrpcService (GrpcService.java:closeImpl(311)) - omNode-1: shutdown server GrpcServerProtocolService now
2024-03-11 08:29:04,281 [omNode-1-impl-thread2] INFO  server.RaftServer$Division (RaftServerImpl.java:lambda$close$3(526)) - omNode-1@group-523986131536: shutdown
2024-03-11 08:29:04,282 [omNode-1-impl-thread2] INFO  util.JmxRegister (JmxRegister.java:unregister(73)) - Successfully un-registered JMX Bean with object name Ratis:service=RaftServer,group=group-523986131536,id=omNode-1
2024-03-11 08:29:04,282 [omNode-1-impl-thread2] INFO  impl.RoleInfo (RoleInfo.java:shutdownFollowerState(110)) - omNode-1: shutdown omNode-1@group-523986131536-FollowerState
2024-03-11 08:29:04,282 [omNode-1@group-523986131536-FollowerState] INFO  impl.FollowerState (FollowerState.java:run(143)) - omNode-1@group-523986131536-FollowerState: change to CANDIDATE, lastRpcElapsedTime:1220128585ns, electionTimeout:1183ms
2024-03-11 08:29:04,282 [omNode-1@group-523986131536-StateMachineUpdater] INFO  ratis.OzoneManagerStateMachine (OzoneManagerStateMachine.java:takeSnapshotImpl(467)) -  applied = (t:2, i:72)
2024-03-11 08:29:04,282 [omNode-1@group-523986131536-StateMachineUpdater] INFO  ratis.OzoneManagerStateMachine (OzoneManagerStateMachine.java:takeSnapshotImpl(468)) -  skipped = 72
2024-03-11 08:29:04,282 [omNode-1-impl-thread2] INFO  impl.StateMachineUpdater (StateMachineUpdater.java:stopAndJoin(157)) - omNode-1@group-523986131536-StateMachineUpdater: set stopIndex = 73
2024-03-11 08:29:04,282 [omNode-1@group-523986131536-StateMachineUpdater] INFO  ratis.OzoneManagerStateMachine (OzoneManagerStateMachine.java:takeSnapshotImpl(469)) - notified = (t:2, i:73)
2024-03-11 08:29:04,282 [omNode-1@group-523986131536-FollowerState] INFO  server.RaftServer$Division (RaftServerImpl.java:setRole(383)) - omNode-1@group-523986131536: changes role from  FOLLOWER to CANDIDATE at term 2 for changeToCandidate
2024-03-11 08:29:04,283 [omNode-1@group-523986131536-FollowerState] INFO  server.RaftServerConfigKeys (ConfUtils.java:logGet(46)) - raft.server.leaderelection.pre-vote = true (default)
2024-03-11 08:29:04,283 [omNode-1@group-523986131536-FollowerState] INFO  impl.RoleInfo (RoleInfo.java:updateAndGet(139)) - omNode-1: start omNode-1@group-523986131536-LeaderElection10
2024-03-11 08:29:04,283 [omNode-1@group-523986131536-StateMachineUpdater] INFO  ratis.OzoneManagerStateMachine (OzoneManagerStateMachine.java:takeSnapshotImpl(470)) - snapshot = (t:2, i:73)
2024-03-11 08:29:04,286 [main] INFO  server.GrpcService (GrpcService.java:closeImpl(320)) - omNode-1: shutdown server GrpcServerProtocolService successfully
2024-03-11 08:29:04,288 [omNode-1@group-523986131536-StateMachineUpdater] INFO  impl.StateMachineUpdater (StateMachineUpdater.java:takeSnapshot(295)) - omNode-1@group-523986131536-StateMachineUpdater: Took a snapshot at index 73
2024-03-11 08:29:04,288 [omNode-1@group-523986131536-StateMachineUpdater] INFO  impl.StateMachineUpdater (StateMachineUpdater.java:lambda$new$0(98)) - omNode-1@group-523986131536-StateMachineUpdater: snapshotIndex: updateIncreasingly 72 -> 73
2024-03-11 08:29:04,288 [omNode-1@group-523986131536-StateMachineUpdater] INFO  ratis.OzoneManagerStateMachine (OzoneManagerStateMachine.java:close(513)) - Stopping OzoneManagerStateMachine:omNode-1:group-523986131536.
2024-03-11 08:29:04,289 [omNode-1@group-523986131536-StateMachineUpdater] INFO  ratis.OzoneManagerDoubleBuffer (OzoneManagerDoubleBuffer.java:stopDaemon(517)) - Stopping OMDoubleBuffer flush thread
2024-03-11 08:29:04,289 [omNode-1-OMDoubleBufferFlushThread] INFO  ratis.OzoneManagerDoubleBuffer (OzoneManagerDoubleBuffer.java:canFlush(581)) - OMDoubleBuffer flush thread omNode-1-OMDoubleBufferFlushThread is interrupted and will exit.
2024-03-11 08:29:04,289 [omNode-1-impl-thread2] INFO  server.RaftServer$Division (ServerState.java:close(427)) - omNode-1@group-523986131536: applyIndex: 72
2024-03-11 08:29:04,290 [omNode-1@group-523986131536-cacheEviction-AwaitToRun] INFO  util.AwaitToRun (AwaitToRun.java:run(49)) - omNode-1@group-523986131536-cacheEviction-AwaitToRun-AwaitForSignal is interrupted
2024-03-11 08:29:04,328 [omNode-2@group-523986131536-FollowerState] INFO  impl.FollowerState (FollowerState.java:run(143)) - omNode-2@group-523986131536-FollowerState: change to CANDIDATE, lastRpcElapsedTime:1265477701ns, electionTimeout:1053ms
2024-03-11 08:29:04,328 [omNode-2@group-523986131536-FollowerState] INFO  impl.RoleInfo (RoleInfo.java:shutdownFollowerState(110)) - omNode-2: shutdown omNode-2@group-523986131536-FollowerState
2024-03-11 08:29:04,328 [omNode-2@group-523986131536-FollowerState] INFO  server.RaftServer$Division (RaftServerImpl.java:setRole(383)) - omNode-2@group-523986131536: changes role from  FOLLOWER to CANDIDATE at term 2 for changeToCandidate
2024-03-11 08:29:04,328 [omNode-2@group-523986131536-FollowerState] INFO  server.RaftServerConfigKeys (ConfUtils.java:logGet(46)) - raft.server.leaderelection.pre-vote = true (default)
2024-03-11 08:29:04,328 [omNode-2@group-523986131536-FollowerState] INFO  impl.RoleInfo (RoleInfo.java:updateAndGet(139)) - omNode-2: start omNode-2@group-523986131536-LeaderElection11
2024-03-11 08:29:04,331 [omNode-2@group-523986131536-LeaderElection11] INFO  server.RaftServer$Division (ServerState.java:setLeader(269)) - omNode-2@group-523986131536: change Leader from omNode-3 to null at term 2 for PRE_VOTE
2024-03-11 08:29:04,331 [omNode-2@group-523986131536-LeaderElection11] INFO  impl.LeaderElection (LeaderElection.java:askForVotes(321)) - omNode-2@group-523986131536-LeaderElection11 PRE_VOTE round 0: submit vote requests at term 2 for 20: peers:[omNode-3|localhost:15015, omNode-1|localhost:15007, omNode-2|localhost:15011]|listeners:[], old=null
2024-03-11 08:29:04,332 [omNode-2@group-523986131536-LeaderElection11-1] INFO  server.GrpcServerProtocolClient (GrpcServerProtocolClient.java:<init>(65)) - Build channel for omNode-3|localhost:15015
2024-03-11 08:29:04,332 [omNode-2@group-523986131536-LeaderElection11-2] INFO  server.GrpcServerProtocolClient (GrpcServerProtocolClient.java:<init>(65)) - Build channel for omNode-1|localhost:15007
2024-03-11 08:29:04,338 [omNode-2@group-523986131536-LeaderElection11] INFO  impl.LeaderElection (LogUtils.java:infoOrTrace(136)) - omNode-2@group-523986131536-LeaderElection11 got exception when requesting votes: java.util.concurrent.ExecutionException: org.apache.ratis.thirdparty.io.grpc.StatusRuntimeException: UNAVAILABLE: io exception
2024-03-11 08:29:04,338 [omNode-2@group-523986131536-LeaderElection11] INFO  impl.LeaderElection (LogUtils.java:infoOrTrace(136)) - omNode-2@group-523986131536-LeaderElection11 got exception when requesting votes: java.util.concurrent.ExecutionException: org.apache.ratis.thirdparty.io.grpc.StatusRuntimeException: UNAVAILABLE: io exception
2024-03-11 08:29:04,338 [omNode-2@group-523986131536-LeaderElection11] INFO  impl.LeaderElection (LeaderElection.java:logAndReturn(89)) - omNode-2@group-523986131536-LeaderElection11: PRE_VOTE REJECTED received 0 response(s) and 2 exception(s):
2024-03-11 08:29:04,338 [omNode-2@group-523986131536-LeaderElection11] INFO  impl.LeaderElection (LogUtils.java:infoOrTrace(136)) -   Exception 0: java.util.concurrent.ExecutionException: org.apache.ratis.thirdparty.io.grpc.StatusRuntimeException: UNAVAILABLE: io exception
2024-03-11 08:29:04,338 [omNode-2@group-523986131536-LeaderElection11] INFO  impl.LeaderElection (LogUtils.java:infoOrTrace(136)) -   Exception 1: java.util.concurrent.ExecutionException: org.apache.ratis.thirdparty.io.grpc.StatusRuntimeException: UNAVAILABLE: io exception
2024-03-11 08:29:04,338 [omNode-2@group-523986131536-LeaderElection11] INFO  impl.LeaderElection (LeaderElection.java:askForVotes(323)) - omNode-2@group-523986131536-LeaderElection11 PRE_VOTE round 0: result REJECTED
2024-03-11 08:29:04,339 [omNode-2@group-523986131536-LeaderElection11] INFO  server.RaftServer$Division (RaftServerImpl.java:setRole(383)) - omNode-2@group-523986131536: changes role from CANDIDATE to FOLLOWER at term 2 for REJECTED
2024-03-11 08:29:04,340 [omNode-2@group-523986131536-LeaderElection11] INFO  impl.RoleInfo (RoleInfo.java:shutdownLeaderElection(130)) - omNode-2: shutdown omNode-2@group-523986131536-LeaderElection11
2024-03-11 08:29:04,340 [omNode-2@group-523986131536-LeaderElection11] INFO  impl.RoleInfo (RoleInfo.java:updateAndGet(139)) - omNode-2: start omNode-2@group-523986131536-FollowerState
2024-03-11 08:29:05,239 [omNode-1-impl-thread2] INFO  segmented.SegmentedRaftLogWorker (SegmentedRaftLogWorker.java:close(245)) - omNode-1@group-523986131536-SegmentedRaftLogWorker close()
2024-03-11 08:29:05,241 [JvmPauseMonitor8] INFO  util.JvmPauseMonitor (JvmPauseMonitor.java:run(152)) - JvmPauseMonitor-omNode-1: Stopped
2024-03-11 08:29:05,241 [main] INFO  utils.BackgroundService (BackgroundService.java:shutdown(160)) - Shutting down service KeyDeletingService
2024-03-11 08:29:05,241 [main] INFO  utils.BackgroundService (BackgroundService.java:shutdown(160)) - Shutting down service DirectoryDeletingService
2024-03-11 08:29:05,241 [main] INFO  utils.BackgroundService (BackgroundService.java:shutdown(160)) - Shutting down service OpenKeyCleanupService
2024-03-11 08:29:05,242 [main] INFO  utils.BackgroundService (BackgroundService.java:shutdown(160)) - Shutting down service SstFilteringService
2024-03-11 08:29:05,242 [main] INFO  utils.BackgroundService (BackgroundService.java:shutdown(160)) - Shutting down service SnapshotDeletingService
2024-03-11 08:29:05,242 [main] INFO  utils.BackgroundService (BackgroundService.java:shutdown(160)) - Shutting down service MultipartUploadCleanupService
2024-03-11 08:29:05,242 [main] INFO  utils.BackgroundService (BackgroundService.java:shutdown(160)) - Shutting down service SnapshotDirectoryCleaningService
2024-03-11 08:29:05,243 [main] INFO  handler.ContextHandler (ContextHandler.java:doStop(1159)) - Stopped o.e.j.w.WebAppContext@7fe251f5{ozoneManager,/,null,STOPPED}{file:/home/runner/work/ozone/ozone/hadoop-ozone/integration-test/target/test-classes/webapps/ozoneManager}
2024-03-11 08:29:05,244 [main] INFO  server.AbstractConnector (AbstractConnector.java:doStop(383)) - Stopped ServerConnector@7ea3b49f{HTTP/1.1, (http/1.1)}{0.0.0.0:15005}
2024-03-11 08:29:05,245 [main] INFO  server.session (HouseKeeper.java:stopScavenging(149)) - node0 Stopped scavenging
2024-03-11 08:29:05,245 [main] INFO  handler.ContextHandler (ContextHandler.java:doStop(1159)) - Stopped o.e.j.s.ServletContextHandler@7689e935{static,/static,file:///home/runner/work/ozone/ozone/hadoop-ozone/integration-test/target/test-classes/webapps/static,STOPPED}
2024-03-11 08:29:05,245 [main] INFO  handler.ContextHandler (ContextHandler.java:doStop(1159)) - Stopped o.e.j.s.ServletContextHandler@4936d681{logs,/logs,file:///home/runner/work/ozone/ozone/hadoop-ozone/integration-test/target/log,STOPPED}
2024-03-11 08:29:05,246 [main] INFO  rocksdiff.RocksDBCheckpointDiffer (RocksDBCheckpointDiffer.java:close(310)) - Shutting down CompactionDagPruningService.
2024-03-11 08:29:05,247 [main] INFO  snapshot.SnapshotDiffManager (SnapshotDiffManager.java:closeExecutorService(1657)) - Shutting down executorService: 'SnapDiffExecutor'
2024-03-11 08:29:05,247 [main] INFO  utils.BackgroundService (BackgroundService.java:shutdown(160)) - Shutting down service SnapshotDiffCleanupService
2024-03-11 08:29:05,248 [main] INFO  om.OzoneManager (OzoneManager.java:stop(2241)) - omNode-2[localhost:15008]: Stopping Ozone Manager
2024-03-11 08:29:05,248 [main] INFO  ipc.Server (Server.java:stop(3523)) - Stopping server on 15008
2024-03-11 08:29:05,250 [IPC Server Responder] INFO  ipc.Server (Server.java:run(1567)) - Stopping IPC Server Responder
2024-03-11 08:29:05,250 [main] INFO  ratis.OzoneManagerRatisServer (OzoneManagerRatisServer.java:stop(594)) - Stopping org.apache.hadoop.ozone.om.ratis.OzoneManagerRatisServer@1269c5fb at port 15011
2024-03-11 08:29:05,250 [main] INFO  server.RaftServer (RaftServerProxy.java:lambda$close$9(416)) - omNode-2: close
2024-03-11 08:29:05,250 [IPC Server listener on 15008] INFO  ipc.Server (Server.java:run(1434)) - Stopping IPC Server listener on 15008
2024-03-11 08:29:05,251 [main] INFO  server.GrpcService (GrpcService.java:closeImpl(311)) - omNode-2: shutdown server GrpcServerProtocolService now
2024-03-11 08:29:05,252 [omNode-2-impl-thread2] INFO  server.RaftServer$Division (RaftServerImpl.java:lambda$close$3(526)) - omNode-2@group-523986131536: shutdown
2024-03-11 08:29:05,253 [omNode-2-impl-thread2] INFO  util.JmxRegister (JmxRegister.java:unregister(73)) - Successfully un-registered JMX Bean with object name Ratis:service=RaftServer,group=group-523986131536,id=omNode-2
2024-03-11 08:29:05,253 [omNode-2-impl-thread2] INFO  impl.RoleInfo (RoleInfo.java:shutdownFollowerState(110)) - omNode-2: shutdown omNode-2@group-523986131536-FollowerState
2024-03-11 08:29:05,254 [omNode-2-impl-thread2] INFO  impl.StateMachineUpdater (StateMachineUpdater.java:stopAndJoin(157)) - omNode-2@group-523986131536-StateMachineUpdater: set stopIndex = 73
2024-03-11 08:29:05,253 [Thread-1367] INFO  server.GrpcServerProtocolClient (GrpcServerProtocolClient.java:close(103)) - omNode-3 Close channels
2024-03-11 08:29:05,254 [omNode-2@group-523986131536-StateMachineUpdater] INFO  ratis.OzoneManagerStateMachine (OzoneManagerStateMachine.java:takeSnapshotImpl(467)) -  applied = (t:2, i:72)
2024-03-11 08:29:05,255 [omNode-2@group-523986131536-StateMachineUpdater] INFO  ratis.OzoneManagerStateMachine (OzoneManagerStateMachine.java:takeSnapshotImpl(468)) -  skipped = 72
2024-03-11 08:29:05,255 [omNode-2@group-523986131536-StateMachineUpdater] INFO  ratis.OzoneManagerStateMachine (OzoneManagerStateMachine.java:takeSnapshotImpl(469)) - notified = (t:2, i:73)
2024-03-11 08:29:05,255 [omNode-2@group-523986131536-StateMachineUpdater] INFO  ratis.OzoneManagerStateMachine (OzoneManagerStateMachine.java:takeSnapshotImpl(470)) - snapshot = (t:2, i:73)
2024-03-11 08:29:05,254 [omNode-2@group-523986131536-FollowerState] INFO  impl.FollowerState (FollowerState.java:run(152)) - omNode-2@group-523986131536-FollowerState was interrupted
2024-03-11 08:29:05,254 [Thread-1368] INFO  server.GrpcServerProtocolClient (GrpcServerProtocolClient.java:close(103)) - omNode-1 Close channels
2024-03-11 08:29:05,258 [main] INFO  server.GrpcService (GrpcService.java:closeImpl(320)) - omNode-2: shutdown server GrpcServerProtocolService successfully
2024-03-11 08:29:05,260 [omNode-2@group-523986131536-StateMachineUpdater] INFO  impl.StateMachineUpdater (StateMachineUpdater.java:takeSnapshot(295)) - omNode-2@group-523986131536-StateMachineUpdater: Took a snapshot at index 73
2024-03-11 08:29:05,260 [omNode-2@group-523986131536-StateMachineUpdater] INFO  impl.StateMachineUpdater (StateMachineUpdater.java:lambda$new$0(98)) - omNode-2@group-523986131536-StateMachineUpdater: snapshotIndex: updateIncreasingly 72 -> 73
2024-03-11 08:29:05,260 [omNode-2@group-523986131536-StateMachineUpdater] INFO  ratis.OzoneManagerStateMachine (OzoneManagerStateMachine.java:close(513)) - Stopping OzoneManagerStateMachine:omNode-2:group-523986131536.
2024-03-11 08:29:05,260 [omNode-2@group-523986131536-StateMachineUpdater] INFO  ratis.OzoneManagerDoubleBuffer (OzoneManagerDoubleBuffer.java:stopDaemon(517)) - Stopping OMDoubleBuffer flush thread
2024-03-11 08:29:05,260 [omNode-2-OMDoubleBufferFlushThread] INFO  ratis.OzoneManagerDoubleBuffer (OzoneManagerDoubleBuffer.java:canFlush(581)) - OMDoubleBuffer flush thread omNode-2-OMDoubleBufferFlushThread is interrupted and will exit.
2024-03-11 08:29:05,261 [omNode-2-impl-thread2] INFO  server.RaftServer$Division (ServerState.java:close(427)) - omNode-2@group-523986131536: applyIndex: 72
2024-03-11 08:29:05,262 [omNode-2@group-523986131536-cacheEviction-AwaitToRun] INFO  util.AwaitToRun (AwaitToRun.java:run(49)) - omNode-2@group-523986131536-cacheEviction-AwaitToRun-AwaitForSignal is interrupted
2024-03-11 08:29:06,240 [omNode-2-impl-thread2] INFO  segmented.SegmentedRaftLogWorker (SegmentedRaftLogWorker.java:close(245)) - omNode-2@group-523986131536-SegmentedRaftLogWorker close()
2024-03-11 08:29:06,242 [JvmPauseMonitor9] INFO  util.JvmPauseMonitor (JvmPauseMonitor.java:run(152)) - JvmPauseMonitor-omNode-2: Stopped
2024-03-11 08:29:06,242 [main] INFO  utils.BackgroundService (BackgroundService.java:shutdown(160)) - Shutting down service KeyDeletingService
2024-03-11 08:29:06,242 [main] INFO  utils.BackgroundService (BackgroundService.java:shutdown(160)) - Shutting down service DirectoryDeletingService
2024-03-11 08:29:06,242 [main] INFO  utils.BackgroundService (BackgroundService.java:shutdown(160)) - Shutting down service OpenKeyCleanupService
2024-03-11 08:29:06,245 [main] INFO  utils.BackgroundService (BackgroundService.java:shutdown(160)) - Shutting down service SstFilteringService
2024-03-11 08:29:06,245 [main] INFO  utils.BackgroundService (BackgroundService.java:shutdown(160)) - Shutting down service SnapshotDeletingService
2024-03-11 08:29:06,245 [main] INFO  utils.BackgroundService (BackgroundService.java:shutdown(160)) - Shutting down service MultipartUploadCleanupService
2024-03-11 08:29:06,245 [main] INFO  utils.BackgroundService (BackgroundService.java:shutdown(160)) - Shutting down service SnapshotDirectoryCleaningService
2024-03-11 08:29:06,246 [main] INFO  handler.ContextHandler (ContextHandler.java:doStop(1159)) - Stopped o.e.j.w.WebAppContext@454ead16{ozoneManager,/,null,STOPPED}{file:/home/runner/work/ozone/ozone/hadoop-ozone/integration-test/target/test-classes/webapps/ozoneManager}
2024-03-11 08:29:06,247 [main] INFO  server.AbstractConnector (AbstractConnector.java:doStop(383)) - Stopped ServerConnector@45abf1ec{HTTP/1.1, (http/1.1)}{0.0.0.0:15009}
2024-03-11 08:29:06,247 [main] INFO  server.session (HouseKeeper.java:stopScavenging(149)) - node0 Stopped scavenging
2024-03-11 08:29:06,248 [main] INFO  handler.ContextHandler (ContextHandler.java:doStop(1159)) - Stopped o.e.j.s.ServletContextHandler@7e3e85b9{static,/static,file:///home/runner/work/ozone/ozone/hadoop-ozone/integration-test/target/test-classes/webapps/static,STOPPED}
2024-03-11 08:29:06,248 [main] INFO  handler.ContextHandler (ContextHandler.java:doStop(1159)) - Stopped o.e.j.s.ServletContextHandler@2a486959{logs,/logs,file:///home/runner/work/ozone/ozone/hadoop-ozone/integration-test/target/log,STOPPED}
2024-03-11 08:29:06,248 [main] INFO  rocksdiff.RocksDBCheckpointDiffer (RocksDBCheckpointDiffer.java:close(310)) - Shutting down CompactionDagPruningService.
2024-03-11 08:29:06,250 [main] INFO  snapshot.SnapshotDiffManager (SnapshotDiffManager.java:closeExecutorService(1657)) - Shutting down executorService: 'SnapDiffExecutor'
2024-03-11 08:29:06,250 [main] INFO  utils.BackgroundService (BackgroundService.java:shutdown(160)) - Shutting down service SnapshotDiffCleanupService
2024-03-11 08:29:06,251 [main] INFO  om.OzoneManager (OzoneManager.java:restart(1747)) - OzoneManager RPC server is listening at localhost/127.0.0.1:15012
2024-03-11 08:29:06,251 [main] INFO  impl.MetricsSystemImpl (MetricsSystemImpl.java:init(158)) - OzoneManager metrics system started (again)
2024-03-11 08:29:06,261 [main] WARN  server.ServerUtils (ServerUtils.java:getDBPath(299)) - ozone.om.db.dirs is not configured. We recommend adding this setting. Falling back to ozone.metadata.dirs instead.
2024-03-11 08:29:06,261 [main] INFO  helpers.OmKeyInfo (OmKeyInfo.java:getCodec(71)) - OmKeyInfo.getCodec ignorePipeline = true
2024-03-11 08:29:06,316 [main] INFO  om.OzoneManager (OzoneManager.java:instantiateServices(811)) - S3 Multi-Tenancy is disabled
2024-03-11 08:29:06,317 [main] INFO  om.OmSnapshotManager (OmSnapshotManager.java:<init>(177)) - Ozone filesystem snapshot feature is enabled.
2024-03-11 08:29:06,317 [main] WARN  server.ServerUtils (ServerUtils.java:getDBPath(299)) - ozone.om.snapshot.diff.db.dir is not configured. We recommend adding this setting. Falling back to ozone.metadata.dirs instead.
2024-03-11 08:29:06,330 [main] INFO  utils.NativeLibraryLoader (NativeLibraryLoader.java:loadLibrary(108)) - Loading Library: ozone_rocksdb_tools
2024-03-11 08:29:06,331 [main] ERROR snapshot.SnapshotDiffManager (SnapshotDiffManager.java:initNativeLibraryForEfficientDiff(287)) - Native Library for raw sst file reading loading failed.
org.apache.hadoop.hdds.utils.NativeLibraryNotLoadedException: Unable to load library ozone_rocksdb_tools from both java.library.path & resource file libozone_rocksdb_tools.so from jar.
	at org.apache.hadoop.hdds.utils.db.managed.ManagedRawSSTFileReader.loadLibrary(ManagedRawSSTFileReader.java:38)
	at org.apache.hadoop.ozone.om.snapshot.SnapshotDiffManager.initNativeLibraryForEfficientDiff(SnapshotDiffManager.java:285)
	at org.apache.hadoop.ozone.om.snapshot.SnapshotDiffManager.<init>(SnapshotDiffManager.java:259)
	at org.apache.hadoop.ozone.om.OmSnapshotManager.<init>(OmSnapshotManager.java:279)
	at org.apache.hadoop.ozone.om.OzoneManager.instantiateServices(OzoneManager.java:863)
	at org.apache.hadoop.ozone.om.OzoneManager.restart(OzoneManager.java:1752)
	at org.apache.hadoop.ozone.MiniOzoneHAClusterImpl.restartOzoneManager(MiniOzoneHAClusterImpl.java:211)
	at org.apache.hadoop.ozone.om.TestOzoneManagerPrepare.resetCluster(TestOzoneManagerPrepare.java:113)
	at sun.reflect.NativeMethodAccessorImpl.invoke0(Native Method)
	at sun.reflect.NativeMethodAccessorImpl.invoke(NativeMethodAccessorImpl.java:62)
	at sun.reflect.DelegatingMethodAccessorImpl.invoke(DelegatingMethodAccessorImpl.java:43)
	at java.lang.reflect.Method.invoke(Method.java:498)
	at org.junit.platform.commons.util.ReflectionUtils.invokeMethod(ReflectionUtils.java:728)
	at org.junit.jupiter.engine.execution.MethodInvocation.proceed(MethodInvocation.java:60)
	at org.junit.jupiter.engine.execution.InvocationInterceptorChain$ValidatingInvocation.proceed(InvocationInterceptorChain.java:131)
	at org.junit.jupiter.engine.extension.TimeoutExtension.intercept(TimeoutExtension.java:156)
	at org.junit.jupiter.engine.extension.TimeoutExtension.interceptLifecycleMethod(TimeoutExtension.java:128)
	at org.junit.jupiter.engine.extension.TimeoutExtension.interceptAfterEachMethod(TimeoutExtension.java:110)
	at org.junit.jupiter.engine.execution.InterceptingExecutableInvoker$ReflectiveInterceptorCall.lambda$ofVoidMethod$0(InterceptingExecutableInvoker.java:103)
	at org.junit.jupiter.engine.execution.InterceptingExecutableInvoker.lambda$invoke$0(InterceptingExecutableInvoker.java:93)
	at org.junit.jupiter.engine.execution.InvocationInterceptorChain$InterceptedInvocation.proceed(InvocationInterceptorChain.java:106)
	at org.junit.jupiter.engine.execution.InvocationInterceptorChain.proceed(InvocationInterceptorChain.java:64)
	at org.junit.jupiter.engine.execution.InvocationInterceptorChain.chainAndInvoke(InvocationInterceptorChain.java:45)
	at org.junit.jupiter.engine.execution.InvocationInterceptorChain.invoke(InvocationInterceptorChain.java:37)
	at org.junit.jupiter.engine.execution.InterceptingExecutableInvoker.invoke(InterceptingExecutableInvoker.java:92)
	at org.junit.jupiter.engine.execution.InterceptingExecutableInvoker.invoke(InterceptingExecutableInvoker.java:86)
	at org.junit.jupiter.engine.descriptor.ClassBasedTestDescriptor.invokeMethodInExtensionContext(ClassBasedTestDescriptor.java:521)
	at org.junit.jupiter.engine.descriptor.ClassBasedTestDescriptor.lambda$synthesizeAfterEachMethodAdapter$24(ClassBasedTestDescriptor.java:511)
	at org.junit.jupiter.engine.descriptor.TestMethodTestDescriptor.lambda$invokeAfterEachMethods$10(TestMethodTestDescriptor.java:244)
	at org.junit.jupiter.engine.descriptor.TestMethodTestDescriptor.lambda$invokeAllAfterMethodsOrCallbacks$13(TestMethodTestDescriptor.java:277)
	at org.junit.platform.engine.support.hierarchical.ThrowableCollector.execute(ThrowableCollector.java:73)
	at org.junit.jupiter.engine.descriptor.TestMethodTestDescriptor.lambda$invokeAllAfterMethodsOrCallbacks$14(TestMethodTestDescriptor.java:277)
	at org.junit.platform.commons.util.CollectionUtils.forEachInReverseOrder(CollectionUtils.java:217)
	at org.junit.jupiter.engine.descriptor.TestMethodTestDescriptor.invokeAllAfterMethodsOrCallbacks(TestMethodTestDescriptor.java:276)
	at org.junit.jupiter.engine.descriptor.TestMethodTestDescriptor.invokeAfterEachMethods(TestMethodTestDescriptor.java:242)
	at org.junit.jupiter.engine.descriptor.TestMethodTestDescriptor.execute(TestMethodTestDescriptor.java:143)
	at org.junit.jupiter.engine.descriptor.TestMethodTestDescriptor.execute(TestMethodTestDescriptor.java:69)
	at org.junit.platform.engine.support.hierarchical.NodeTestTask.lambda$executeRecursively$6(NodeTestTask.java:151)
	at org.junit.platform.engine.support.hierarchical.ThrowableCollector.execute(ThrowableCollector.java:73)
	at org.junit.platform.engine.support.hierarchical.NodeTestTask.lambda$executeRecursively$8(NodeTestTask.java:141)
	at org.junit.platform.engine.support.hierarchical.Node.around(Node.java:137)
	at org.junit.platform.engine.support.hierarchical.NodeTestTask.lambda$executeRecursively$9(NodeTestTask.java:139)
	at org.junit.platform.engine.support.hierarchical.ThrowableCollector.execute(ThrowableCollector.java:73)
	at org.junit.platform.engine.support.hierarchical.NodeTestTask.executeRecursively(NodeTestTask.java:138)
	at org.junit.platform.engine.support.hierarchical.NodeTestTask.execute(NodeTestTask.java:95)
	at java.util.ArrayList.forEach(ArrayList.java:1259)
	at org.junit.platform.engine.support.hierarchical.SameThreadHierarchicalTestExecutorService.invokeAll(SameThreadHierarchicalTestExecutorService.java:41)
	at org.junit.platform.engine.support.hierarchical.NodeTestTask.lambda$executeRecursively$6(NodeTestTask.java:155)
	at org.junit.platform.engine.support.hierarchical.ThrowableCollector.execute(ThrowableCollector.java:73)
	at org.junit.platform.engine.support.hierarchical.NodeTestTask.lambda$executeRecursively$8(NodeTestTask.java:141)
	at org.junit.platform.engine.support.hierarchical.Node.around(Node.java:137)
	at org.junit.platform.engine.support.hierarchical.NodeTestTask.lambda$executeRecursively$9(NodeTestTask.java:139)
	at org.junit.platform.engine.support.hierarchical.ThrowableCollector.execute(ThrowableCollector.java:73)
	at org.junit.platform.engine.support.hierarchical.NodeTestTask.executeRecursively(NodeTestTask.java:138)
	at org.junit.platform.engine.support.hierarchical.NodeTestTask.execute(NodeTestTask.java:95)
	at java.util.ArrayList.forEach(ArrayList.java:1259)
	at org.junit.platform.engine.support.hierarchical.SameThreadHierarchicalTestExecutorService.invokeAll(SameThreadHierarchicalTestExecutorService.java:41)
	at org.junit.platform.engine.support.hierarchical.NodeTestTask.lambda$executeRecursively$6(NodeTestTask.java:155)
	at org.junit.platform.engine.support.hierarchical.ThrowableCollector.execute(ThrowableCollector.java:73)
	at org.junit.platform.engine.support.hierarchical.NodeTestTask.lambda$executeRecursively$8(NodeTestTask.java:141)
	at org.junit.platform.engine.support.hierarchical.Node.around(Node.java:137)
	at org.junit.platform.engine.support.hierarchical.NodeTestTask.lambda$executeRecursively$9(NodeTestTask.java:139)
	at org.junit.platform.engine.support.hierarchical.ThrowableCollector.execute(ThrowableCollector.java:73)
	at org.junit.platform.engine.support.hierarchical.NodeTestTask.executeRecursively(NodeTestTask.java:138)
	at org.junit.platform.engine.support.hierarchical.NodeTestTask.execute(NodeTestTask.java:95)
	at org.junit.platform.engine.support.hierarchical.SameThreadHierarchicalTestExecutorService.submit(SameThreadHierarchicalTestExecutorService.java:35)
	at org.junit.platform.engine.support.hierarchical.HierarchicalTestExecutor.execute(HierarchicalTestExecutor.java:57)
	at org.junit.platform.engine.support.hierarchical.HierarchicalTestEngine.execute(HierarchicalTestEngine.java:54)
	at org.junit.platform.launcher.core.EngineExecutionOrchestrator.execute(EngineExecutionOrchestrator.java:198)
	at org.junit.platform.launcher.core.EngineExecutionOrchestrator.execute(EngineExecutionOrchestrator.java:169)
	at org.junit.platform.launcher.core.EngineExecutionOrchestrator.execute(EngineExecutionOrchestrator.java:93)
	at org.junit.platform.launcher.core.EngineExecutionOrchestrator.lambda$execute$0(EngineExecutionOrchestrator.java:58)
	at org.junit.platform.launcher.core.EngineExecutionOrchestrator.withInterceptedStreams(EngineExecutionOrchestrator.java:141)
	at org.junit.platform.launcher.core.EngineExecutionOrchestrator.execute(EngineExecutionOrchestrator.java:57)
	at org.junit.platform.launcher.core.DefaultLauncher.execute(DefaultLauncher.java:103)
	at org.junit.platform.launcher.core.DefaultLauncher.execute(DefaultLauncher.java:85)
	at org.junit.platform.launcher.core.DelegatingLauncher.execute(DelegatingLauncher.java:47)
	at org.junit.platform.launcher.core.SessionPerRequestLauncher.execute(SessionPerRequestLauncher.java:63)
	at org.apache.maven.surefire.junitplatform.JUnitPlatformProvider.execute(JUnitPlatformProvider.java:188)
	at org.apache.maven.surefire.junitplatform.JUnitPlatformProvider.invokeAllTests(JUnitPlatformProvider.java:154)
	at org.apache.maven.surefire.junitplatform.JUnitPlatformProvider.invoke(JUnitPlatformProvider.java:124)
	at org.apache.maven.surefire.booter.ForkedBooter.runSuitesInProcess(ForkedBooter.java:428)
	at org.apache.maven.surefire.booter.ForkedBooter.execute(ForkedBooter.java:162)
	at org.apache.maven.surefire.booter.ForkedBooter.run(ForkedBooter.java:562)
	at org.apache.maven.surefire.booter.ForkedBooter.main(ForkedBooter.java:548)
2024-03-11 08:29:06,333 [main] WARN  om.OzoneManager (OzoneManager.java:instantiatePrepareStateOnStartup(4553)) - Prepare marker file index 73 does not match DB prepare index 72. Writing DB index to prepare file and maintaining prepared state.
2024-03-11 08:29:06,333 [main] INFO  om.OzoneManagerPrepareState (OzoneManagerPrepareState.java:writePrepareMarkerFile(262)) - Prepare marker file written with log index 72 to file /home/runner/work/ozone/ozone/hadoop-ozone/integration-test/target/test-dir/MiniOzoneClusterImpl-0c785975-649e-413c-843d-c786b3d663ab/omNode-3/current/prepareMarker
2024-03-11 08:29:06,337 [main] WARN  server.ServerUtils (ServerUtils.java:getDefaultRatisDirectory(311)) - Storage directory for Ratis is not configured. It is a good idea to map this to an SSD disk. Falling back to ozone.metadata.dirs
2024-03-11 08:29:06,338 [main] INFO  ratis.OzoneManagerRatisServer (OzoneManagerRatisServer.java:<init>(167)) - Instantiating OM Ratis server with groupID: om-service-test1 and peers: localhost:15015, localhost:15007, localhost:15011
2024-03-11 08:29:06,338 [main] INFO  ratis.OzoneManagerStateMachine (OzoneManagerStateMachine.java:loadSnapshotInfoFromDB(573)) - LastAppliedIndex is set from TransactionInfo from OM DB as (t:2, i:73)
2024-03-11 08:29:06,339 [main] INFO  server.RaftServer (ConfUtils.java:logGet(46)) - raft.rpc.type = GRPC (default)
2024-03-11 08:29:06,339 [main] INFO  grpc.GrpcConfigKeys (ConfUtils.java:logFallback(53)) - raft.grpc.admin.host = null (fallback to raft.grpc.server.host)
2024-03-11 08:29:06,339 [main] INFO  grpc.GrpcConfigKeys (ConfUtils.java:logFallback(53)) - raft.grpc.admin.port = 15015 (fallback to raft.grpc.server.port)
2024-03-11 08:29:06,340 [main] INFO  grpc.GrpcConfigKeys (ConfUtils.java:logFallback(53)) - raft.grpc.client.host = null (fallback to raft.grpc.server.host)
2024-03-11 08:29:06,340 [main] INFO  grpc.GrpcConfigKeys (ConfUtils.java:logFallback(53)) - raft.grpc.client.port = 15015 (fallback to raft.grpc.server.port)
2024-03-11 08:29:06,340 [main] INFO  grpc.GrpcConfigKeys (ConfUtils.java:logGet(46)) - raft.grpc.server.host = null (default)
2024-03-11 08:29:06,340 [main] INFO  grpc.GrpcConfigKeys (ConfUtils.java:logGet(46)) - raft.grpc.server.port = 15015 (custom)
2024-03-11 08:29:06,340 [main] INFO  server.GrpcService (ConfUtils.java:logGet(46)) - raft.grpc.message.size.max = 4194304 (custom)
2024-03-11 08:29:06,340 [main] INFO  server.RaftServerConfigKeys (ConfUtils.java:logGet(46)) - raft.server.log.appender.buffer.byte-limit = 4194304 (custom)
2024-03-11 08:29:06,341 [main] INFO  server.GrpcService (ConfUtils.java:logGet(46)) - raft.grpc.flow.control.window = 1MB (=1048576) (default)
2024-03-11 08:29:06,341 [main] INFO  server.RaftServerConfigKeys (ConfUtils.java:logGet(46)) - raft.server.rpc.request.timeout = 3000ms (default)
2024-03-11 08:29:06,341 [main] INFO  grpc.GrpcConfigKeys (ConfUtils.java:logGet(46)) - raft.grpc.server.heartbeat.channel = true (default)
2024-03-11 08:29:06,341 [main] INFO  grpc.GrpcConfigKeys (ConfUtils.java:logGet(46)) - raft.grpc.server.async.request.thread.pool.cached = true (default)
2024-03-11 08:29:06,341 [main] INFO  grpc.GrpcConfigKeys (ConfUtils.java:logGet(46)) - raft.grpc.server.async.request.thread.pool.size = 32 (default)
2024-03-11 08:29:06,342 [main] INFO  impl.DataStreamServerImpl (ConfUtils.java:logGet(46)) - raft.datastream.type = DISABLED (default)
2024-03-11 08:29:06,342 [main] INFO  server.RaftServerConfigKeys (ConfUtils.java:logGet(46)) - raft.server.sleep.deviation.threshold = 300ms (default)
2024-03-11 08:29:06,342 [main] INFO  server.RaftServerConfigKeys (ConfUtils.java:logGet(46)) - raft.server.close.threshold = 60s (default)
2024-03-11 08:29:06,342 [main] INFO  server.RaftServerConfigKeys (ConfUtils.java:logGet(46)) - raft.server.leaderelection.leader.step-down.wait-time = 10s (default)
2024-03-11 08:29:06,343 [main] INFO  server.RaftServerConfigKeys (ConfUtils.java:logGet(46)) - raft.server.storage.dir = [/home/runner/work/ozone/ozone/hadoop-ozone/integration-test/target/test-dir/MiniOzoneClusterImpl-0c785975-649e-413c-843d-c786b3d663ab/omNode-3/ratis] (custom)
2024-03-11 08:29:06,343 [main] INFO  server.RaftServerConfigKeys (ConfUtils.java:logGet(46)) - raft.server.threadpool.proxy.cached = true (default)
2024-03-11 08:29:06,343 [main] INFO  server.RaftServerConfigKeys (ConfUtils.java:logGet(46)) - raft.server.threadpool.proxy.size = 0 (default)
2024-03-11 08:29:06,343 [omNode-3-impl-thread1] INFO  server.RaftServer (RaftServerProxy.java:initGroupDir(264)) - omNode-3: found a subdirectory /home/runner/work/ozone/ozone/hadoop-ozone/integration-test/target/test-dir/MiniOzoneClusterImpl-0c785975-649e-413c-843d-c786b3d663ab/omNode-3/ratis/c9bc4cf4-3bc3-3c60-a66b-523986131536
2024-03-11 08:29:06,343 [main] INFO  server.RaftServer (RaftServerProxy.java:addNew(100)) - omNode-3: addNew group-523986131536:[omNode-3|localhost:15015, omNode-1|localhost:15007, omNode-2|localhost:15011] returns group-523986131536:java.util.concurrent.CompletableFuture@23b65ee5[Not completed]
2024-03-11 08:29:06,343 [omNode-3-groupManagement] INFO  server.RaftServer$Division (RaftServerImpl.java:<init>(256)) - omNode-3: new RaftServerImpl for group-523986131536:[omNode-3|localhost:15015, omNode-1|localhost:15007, omNode-2|localhost:15011] with OzoneManagerStateMachine:uninitialized
2024-03-11 08:29:06,344 [main] INFO  om.OzoneManager (OzoneManager.java:initializeRatisServer(2177)) - OzoneManager Ratis server initialized at port 15015
2024-03-11 08:29:06,344 [omNode-3-groupManagement] INFO  server.RaftServerConfigKeys (ConfUtils.java:logGet(46)) - raft.server.rpc.timeout.min = 1s (custom)
2024-03-11 08:29:06,344 [main] INFO  ratis.OzoneManagerRatisServer (OzoneManagerRatisServer.java:start(588)) - Starting OzoneManagerRatisServer omNode-3 at port 15015
2024-03-11 08:29:06,344 [omNode-3-groupManagement] INFO  server.RaftServerConfigKeys (ConfUtils.java:logGet(46)) - raft.server.rpc.timeout.max = 1200ms (custom)
2024-03-11 08:29:06,344 [omNode-3-groupManagement] INFO  server.RaftServerConfigKeys (ConfUtils.java:logGet(46)) - raft.server.rpc.sleep.time = 25ms (default)
2024-03-11 08:29:06,344 [omNode-3-groupManagement] INFO  server.RaftServerConfigKeys (ConfUtils.java:logGet(46)) - raft.server.rpc.slowness.timeout = 2s (custom)
2024-03-11 08:29:06,344 [omNode-3-groupManagement] INFO  server.RaftServerConfigKeys (ConfUtils.java:logGet(46)) - raft.server.leaderelection.leader.step-down.wait-time = 10s (default)
2024-03-11 08:29:06,345 [omNode-3-groupManagement] INFO  server.RaftServerConfigKeys (ConfUtils.java:logGet(46)) - raft.server.leaderelection.member.majority-add = false (default)
2024-03-11 08:29:06,345 [omNode-3-groupManagement] INFO  server.RaftServerConfigKeys (ConfUtils.java:logGet(46)) - raft.server.sleep.deviation.threshold = 300ms (default)
2024-03-11 08:29:06,345 [omNode-3-groupManagement] INFO  server.RaftServer$Division (ServerState.java:<init>(113)) - omNode-3@group-523986131536: ConfigurationManager, init=-1: peers:[omNode-3|localhost:15015, omNode-1|localhost:15007, omNode-2|localhost:15011]|listeners:[], old=null, confs=<EMPTY_MAP>
2024-03-11 08:29:06,345 [omNode-3-groupManagement] INFO  server.RaftServerConfigKeys (ConfUtils.java:logGet(46)) - raft.server.notification.no-leader.timeout = 2s (custom)
2024-03-11 08:29:06,345 [omNode-3-groupManagement] INFO  server.RaftServerConfigKeys (ConfUtils.java:logGet(46)) - raft.server.read.timeout = 10s (default)
2024-03-11 08:29:06,345 [omNode-3-groupManagement] INFO  server.RaftServerConfigKeys (ConfUtils.java:logGet(46)) - raft.server.retrycache.expirytime = 30000ms (custom)
2024-03-11 08:29:06,345 [omNode-3-groupManagement] INFO  server.RaftServerConfigKeys (ConfUtils.java:logGet(46)) - raft.server.retrycache.statistics.expirytime = 100ms (default)
2024-03-11 08:29:06,345 [omNode-3-groupManagement] INFO  server.RaftServerConfigKeys (ConfUtils.java:logGet(46)) - raft.server.read.option = DEFAULT (default)
2024-03-11 08:29:06,345 [omNode-3-groupManagement] INFO  server.RaftServerConfigKeys (ConfUtils.java:logGet(46)) - raft.server.read.read-after-write-consistent.write-index-cache.expiry-time = 60s (default)
2024-03-11 08:29:06,346 [omNode-3-groupManagement] INFO  server.RaftServerConfigKeys (ConfUtils.java:logGet(46)) - raft.server.rpc.request.timeout = 3000ms (default)
2024-03-11 08:29:06,346 [omNode-3-groupManagement] INFO  server.RaftServerConfigKeys (ConfUtils.java:logGet(46)) - raft.server.log.appender.install.snapshot.enabled = false (custom)
2024-03-11 08:29:06,346 [omNode-3-groupManagement] INFO  server.RaftServerConfigKeys (ConfUtils.java:logGet(46)) - raft.server.threadpool.server.cached = true (default)
2024-03-11 08:29:06,347 [omNode-3-groupManagement] INFO  server.RaftServerConfigKeys (ConfUtils.java:logGet(46)) - raft.server.threadpool.server.size = 0 (default)
2024-03-11 08:29:06,347 [omNode-3-groupManagement] INFO  server.RaftServerConfigKeys (ConfUtils.java:logGet(46)) - raft.server.threadpool.client.cached = true (default)
2024-03-11 08:29:06,347 [omNode-3-groupManagement] INFO  server.RaftServerConfigKeys (ConfUtils.java:logGet(46)) - raft.server.threadpool.client.size = 0 (default)
2024-03-11 08:29:06,347 [omNode-3-impl-thread1] INFO  server.RaftServerConfigKeys (ConfUtils.java:logGet(46)) - raft.server.storage.free-space.min = 0MB (=0) (default)
2024-03-11 08:29:06,347 [omNode-3-impl-thread1] INFO  server.RaftServerConfigKeys (ConfUtils.java:logGet(46)) - raft.server.log.corruption.policy = EXCEPTION (default)
2024-03-11 08:29:06,347 [omNode-3-impl-thread1] INFO  server.RaftServerConfigKeys (ConfUtils.java:logGet(46)) - raft.server.storage.dir = [/home/runner/work/ozone/ozone/hadoop-ozone/integration-test/target/test-dir/MiniOzoneClusterImpl-0c785975-649e-413c-843d-c786b3d663ab/omNode-3/ratis] (custom)
2024-03-11 08:29:06,348 [omNode-3-impl-thread1] INFO  storage.RaftStorageDirectory (RaftStorageDirectoryImpl.java:tryLock(228)) - Lock on /home/runner/work/ozone/ozone/hadoop-ozone/integration-test/target/test-dir/MiniOzoneClusterImpl-0c785975-649e-413c-843d-c786b3d663ab/omNode-3/ratis/c9bc4cf4-3bc3-3c60-a66b-523986131536/in_use.lock acquired by nodename 48108@fv-az1250-130
2024-03-11 08:29:06,348 [omNode-3-impl-thread1] INFO  storage.RaftStorage (RaftStorageImpl.java:analyzeAndRecoverStorage(119)) - Read RaftStorageMetadata{term=2, votedFor=omNode-3} from /home/runner/work/ozone/ozone/hadoop-ozone/integration-test/target/test-dir/MiniOzoneClusterImpl-0c785975-649e-413c-843d-c786b3d663ab/omNode-3/ratis/c9bc4cf4-3bc3-3c60-a66b-523986131536/current/raft-meta
2024-03-11 08:29:06,349 [omNode-3-impl-thread1] INFO  server.RaftServer$Division (ServerState.java:setRaftConf(386)) - omNode-3@group-523986131536: set configuration 20: peers:[omNode-3|localhost:15015, omNode-1|localhost:15007, omNode-2|localhost:15011]|listeners:[], old=null
2024-03-11 08:29:06,349 [omNode-3-impl-thread1] INFO  server.RaftServerConfigKeys (ConfUtils.java:logGet(46)) - raft.server.log.use.memory = false (default)
2024-03-11 08:29:06,349 [omNode-3-impl-thread1] INFO  server.RaftServerConfigKeys (ConfUtils.java:logGet(46)) - raft.server.log.purge.gap = 50 (custom)
2024-03-11 08:29:06,350 [omNode-3-impl-thread1] INFO  server.RaftServerConfigKeys (ConfUtils.java:logGet(46)) - raft.server.log.appender.buffer.byte-limit = 4194304 (custom)
2024-03-11 08:29:06,350 [omNode-3-impl-thread1] INFO  server.RaftServerConfigKeys (ConfUtils.java:logGet(46)) - raft.server.log.statemachine.data.read.timeout = 1000ms (default)
2024-03-11 08:29:06,350 [omNode-3-impl-thread1] INFO  server.RaftServerConfigKeys (ConfUtils.java:logGet(46)) - raft.server.log.purge.preservation.log.num = 0 (default)
2024-03-11 08:29:06,350 [omNode-3-impl-thread1] INFO  server.RaftServerConfigKeys (ConfUtils.java:logGet(46)) - raft.server.log.segment.size.max = 4194304 (custom)
2024-03-11 08:29:06,350 [omNode-3-impl-thread1] INFO  server.RaftServerConfigKeys (ConfUtils.java:logGet(46)) - raft.server.log.segment.cache.num.max = 2 (custom)
2024-03-11 08:29:06,350 [omNode-3-impl-thread1] INFO  server.RaftServerConfigKeys (ConfUtils.java:logGet(46)) - raft.server.log.segment.cache.size.max = 200MB (=209715200) (default)
2024-03-11 08:29:06,350 [omNode-3-impl-thread1] INFO  server.RaftServerConfigKeys (ConfUtils.java:logGet(46)) - raft.server.log.appender.buffer.byte-limit = 4194304 (custom)
2024-03-11 08:29:06,351 [omNode-3-impl-thread1] INFO  util.AwaitToRun (AwaitToRun.java:start(81)) - Thread[omNode-3@group-523986131536-cacheEviction-AwaitToRun,5,main] started
2024-03-11 08:29:06,351 [omNode-3-impl-thread1] INFO  segmented.SegmentedRaftLogWorker (SegmentedRaftLogWorker.java:<init>(182)) - new omNode-3@group-523986131536-SegmentedRaftLogWorker for RaftStorageImpl:Storage Directory /home/runner/work/ozone/ozone/hadoop-ozone/integration-test/target/test-dir/MiniOzoneClusterImpl-0c785975-649e-413c-843d-c786b3d663ab/omNode-3/ratis/c9bc4cf4-3bc3-3c60-a66b-523986131536
2024-03-11 08:29:06,351 [omNode-3-impl-thread1] INFO  server.RaftServerConfigKeys (ConfUtils.java:logGet(46)) - raft.server.log.queue.byte-limit = 64MB (=67108864) (default)
2024-03-11 08:29:06,351 [omNode-3-impl-thread1] INFO  server.RaftServerConfigKeys (ConfUtils.java:logGet(46)) - raft.server.log.queue.element-limit = 4096 (default)
2024-03-11 08:29:06,351 [omNode-3-impl-thread1] INFO  server.RaftServerConfigKeys (ConfUtils.java:logGet(46)) - raft.server.log.segment.size.max = 4194304 (custom)
2024-03-11 08:29:06,351 [omNode-3-impl-thread1] INFO  server.RaftServerConfigKeys (ConfUtils.java:logGet(46)) - raft.server.log.preallocated.size = 4194304 (custom)
2024-03-11 08:29:06,351 [omNode-3-impl-thread1] INFO  server.RaftServerConfigKeys (ConfUtils.java:logGet(46)) - raft.server.log.force.sync.num = 128 (default)
2024-03-11 08:29:06,351 [omNode-3-impl-thread1] INFO  server.RaftServerConfigKeys (ConfUtils.java:logGet(46)) - raft.server.log.statemachine.data.sync = true (default)
2024-03-11 08:29:06,351 [omNode-3-impl-thread1] INFO  server.RaftServerConfigKeys (ConfUtils.java:logGet(46)) - raft.server.log.statemachine.data.sync.timeout = 10s (default)
2024-03-11 08:29:06,351 [omNode-3-impl-thread1] INFO  server.RaftServerConfigKeys (ConfUtils.java:logGet(46)) - raft.server.log.statemachine.data.sync.timeout.retry = -1 (default)
2024-03-11 08:29:06,351 [omNode-3-impl-thread1] INFO  server.RaftServerConfigKeys (ConfUtils.java:logGet(46)) - raft.server.log.write.buffer.size = 4194312 (custom)
2024-03-11 08:29:06,352 [omNode-3-impl-thread1] INFO  server.RaftServerConfigKeys (ConfUtils.java:logGet(46)) - raft.server.log.appender.buffer.byte-limit = 4194304 (custom)
2024-03-11 08:29:06,352 [omNode-3-impl-thread1] INFO  server.RaftServerConfigKeys (ConfUtils.java:logGet(46)) - raft.server.log.unsafe-flush.enabled = false (default)
2024-03-11 08:29:06,352 [omNode-3-impl-thread1] INFO  server.RaftServerConfigKeys (ConfUtils.java:logGet(46)) - raft.server.log.async-flush.enabled = false (default)
2024-03-11 08:29:06,352 [omNode-3-impl-thread1] INFO  server.RaftServerConfigKeys (ConfUtils.java:logGet(46)) - raft.server.log.statemachine.data.caching.enabled = false (default)
2024-03-11 08:29:06,352 [omNode-3-impl-thread1] INFO  segmented.SegmentedRaftLogWorker (SegmentedRaftLogWorker.java:lambda$new$0(134)) - omNode-3@group-523986131536-SegmentedRaftLogWorker: flushIndex: setUnconditionally 0 -> 73
2024-03-11 08:29:06,352 [omNode-3-impl-thread1] INFO  segmented.SegmentedRaftLogWorker (SegmentedRaftLogWorker.java:lambda$new$0(134)) - omNode-3@group-523986131536-SegmentedRaftLogWorker: safeCacheEvictIndex: setUnconditionally 0 -> -1
2024-03-11 08:29:06,352 [omNode-3-impl-thread1] INFO  server.RaftServer$Division (RaftServerImpl.java:start(396)) - omNode-3@group-523986131536: start as a follower, conf=20: peers:[omNode-3|localhost:15015, omNode-1|localhost:15007, omNode-2|localhost:15011]|listeners:[], old=null
2024-03-11 08:29:06,352 [omNode-3-impl-thread1] INFO  server.RaftServer$Division (RaftServerImpl.java:setRole(383)) - omNode-3@group-523986131536: changes role from      null to FOLLOWER at term 2 for startAsFollower
2024-03-11 08:29:06,352 [omNode-3-impl-thread1] INFO  impl.RoleInfo (RoleInfo.java:updateAndGet(139)) - omNode-3: start omNode-3@group-523986131536-FollowerState
2024-03-11 08:29:06,353 [omNode-3-impl-thread1] INFO  util.JmxRegister (JmxRegister.java:tryRegister(44)) - Successfully registered JMX Bean with object name Ratis:service=RaftServer,group=group-523986131536,id=omNode-3
2024-03-11 08:29:06,353 [omNode-3@group-523986131536-FollowerState] INFO  server.RaftServerConfigKeys (ConfUtils.java:logFallback(53)) - raft.server.rpc.first-election.timeout.min = 1s (fallback to raft.server.rpc.timeout.min)
2024-03-11 08:29:06,353 [omNode-3-impl-thread1] INFO  server.RaftServerConfigKeys (ConfUtils.java:logGet(46)) - raft.server.snapshot.trigger-when-stop.enabled = true (default)
2024-03-11 08:29:06,353 [omNode-3@group-523986131536-FollowerState] INFO  server.RaftServerConfigKeys (ConfUtils.java:logFallback(53)) - raft.server.rpc.first-election.timeout.max = 1200ms (fallback to raft.server.rpc.timeout.max)
2024-03-11 08:29:06,353 [omNode-3-impl-thread1] INFO  server.RaftServerConfigKeys (ConfUtils.java:logGet(46)) - raft.server.snapshot.auto.trigger.enabled = true (custom)
2024-03-11 08:29:06,353 [omNode-3-impl-thread1] INFO  server.RaftServerConfigKeys (ConfUtils.java:logGet(46)) - raft.server.snapshot.auto.trigger.threshold = 50 (custom)
2024-03-11 08:29:06,353 [omNode-3-impl-thread1] INFO  server.RaftServerConfigKeys (ConfUtils.java:logGet(46)) - raft.server.snapshot.retention.file.num = -1 (default)
2024-03-11 08:29:06,353 [omNode-3-impl-thread1] INFO  server.RaftServerConfigKeys (ConfUtils.java:logGet(46)) - raft.server.log.purge.upto.snapshot.index = true (custom)
2024-03-11 08:29:06,353 [main] INFO  server.RaftServer (RaftServerProxy.java:startImpl(406)) - omNode-3: start RPC server
2024-03-11 08:29:06,355 [main] INFO  server.GrpcService (GrpcService.java:startImpl(302)) - omNode-3: GrpcService started, listening on 15015
2024-03-11 08:29:06,355 [main] INFO  om.OzoneManager (OzoneManager.java:getRpcServer(1231)) - Creating RPC Server
2024-03-11 08:29:06,355 [JvmPauseMonitor10] INFO  util.JvmPauseMonitor (JvmPauseMonitor.java:run(146)) - JvmPauseMonitor-omNode-3: Started
2024-03-11 08:29:06,546 [main] INFO  ipc.CallQueueManager (CallQueueManager.java:<init>(90)) - Using callQueue: class java.util.concurrent.LinkedBlockingQueue, queueCapacity: 2000, scheduler: class org.apache.hadoop.ipc.DefaultRpcScheduler, ipcBackoff: false.
2024-03-11 08:29:06,546 [main] INFO  ipc.Server (Server.java:<init>(1287)) - Listener at localhost:15012
2024-03-11 08:29:06,547 [Socket Reader #1 for port 15012] INFO  ipc.Server (Server.java:run(1323)) - Starting Socket Reader #1 for port 15012
2024-03-11 08:29:06,549 [main] INFO  http.BaseHttpServer (BaseHttpServer.java:newHttpServer2BuilderForOzone(223)) - Starting Web-server for ozoneManager at: http://0.0.0.0:15013
2024-03-11 08:29:06,550 [main] INFO  http.BaseHttpServer (BaseHttpServer.java:<init>(110)) - Hadoop Security Enabled: false Ozone Security Enabled: false Ozone HTTP Security Enabled: false 
2024-03-11 08:29:06,551 [main] WARN  server.AuthenticationFilter (AuthenticationFilter.java:constructSecretProvider(240)) - Unable to initialize FileSignerSecretProvider, falling back to use random secrets. Reason: Could not read signature secret file: /home/runner/hadoop-http-auth-signature-secret
2024-03-11 08:29:06,551 [main] INFO  http.HttpRequestLog (HttpRequestLog.java:getRequestLog(86)) - Http request log for http.requests.ozoneManager is not defined
2024-03-11 08:29:06,553 [main] INFO  http.HttpServer2 (HttpServer2.java:addGlobalFilter(1036)) - Added global filter 'safety' (class=org.apache.hadoop.hdds.server.http.HttpServer2$QuotingInputFilter)
2024-03-11 08:29:06,553 [main] INFO  http.HttpServer2 (HttpServer2.java:addFilter(1012)) - Added filter static_user_filter (class=org.apache.hadoop.http.lib.StaticUserWebFilter$StaticUserFilter) to context ozoneManager
2024-03-11 08:29:06,553 [main] INFO  http.HttpServer2 (HttpServer2.java:addFilter(1020)) - Added filter static_user_filter (class=org.apache.hadoop.http.lib.StaticUserWebFilter$StaticUserFilter) to context logs
2024-03-11 08:29:06,554 [main] INFO  http.HttpServer2 (HttpServer2.java:addFilter(1020)) - Added filter static_user_filter (class=org.apache.hadoop.http.lib.StaticUserWebFilter$StaticUserFilter) to context static
2024-03-11 08:29:06,554 [main] INFO  http.BaseHttpServer (BaseHttpServer.java:<init>(189)) - HTTP server of ozoneManager uses base directory /home/runner/work/ozone/ozone/hadoop-ozone/integration-test/target/test-dir/MiniOzoneClusterImpl-0c785975-649e-413c-843d-c786b3d663ab/omNode-3/webserver
2024-03-11 08:29:06,554 [main] INFO  http.HttpServer2 (HttpServer2.java:bindListener(1236)) - Jetty bound to port 15013
2024-03-11 08:29:06,555 [main] INFO  server.Server (Server.java:doStart(375)) - jetty-9.4.53.v20231009; built: 2023-10-09T12:29:09.265Z; git: 27bde00a0b95a1d5bbee0eae7984f891d2d0f8c9; jvm 1.8.0_402-b06
2024-03-11 08:29:06,556 [main] INFO  server.session (DefaultSessionIdManager.java:doStart(334)) - DefaultSessionIdManager workerName=node0
2024-03-11 08:29:06,556 [main] INFO  server.session (DefaultSessionIdManager.java:doStart(339)) - No SessionScavenger set, using defaults
2024-03-11 08:29:06,556 [main] INFO  server.session (HouseKeeper.java:startScavenging(132)) - node0 Scavenging every 660000ms
2024-03-11 08:29:06,557 [main] INFO  handler.ContextHandler (ContextHandler.java:doStart(921)) - Started o.e.j.s.ServletContextHandler@53fc3725{logs,/logs,file:///home/runner/work/ozone/ozone/hadoop-ozone/integration-test/target/log,AVAILABLE}
2024-03-11 08:29:06,557 [main] INFO  handler.ContextHandler (ContextHandler.java:doStart(921)) - Started o.e.j.s.ServletContextHandler@46ec2b85{static,/static,file:///home/runner/work/ozone/ozone/hadoop-ozone/integration-test/target/test-classes/webapps/static,AVAILABLE}
2024-03-11 08:29:06,560 [main] INFO  handler.ContextHandler (ContextHandler.java:doStart(921)) - Started o.e.j.w.WebAppContext@7d4e7683{ozoneManager,/,file:///home/runner/work/ozone/ozone/hadoop-ozone/integration-test/target/test-classes/webapps/ozoneManager/,AVAILABLE}{file:/home/runner/work/ozone/ozone/hadoop-ozone/integration-test/target/test-classes/webapps/ozoneManager}
2024-03-11 08:29:06,563 [main] INFO  server.AbstractConnector (AbstractConnector.java:doStart(333)) - Started ServerConnector@47974ecf{HTTP/1.1, (http/1.1)}{0.0.0.0:15013}
2024-03-11 08:29:06,563 [main] INFO  server.Server (Server.java:doStart(415)) - Started @161334ms
2024-03-11 08:29:06,563 [main] WARN  impl.MetricsSystemImpl (MetricsSystemImpl.java:register(279)) - Sink prometheus already exists!
2024-03-11 08:29:06,564 [main] INFO  http.BaseHttpServer (BaseHttpServer.java:updateConnectorAddress(354)) - HTTP server of ozoneManager listening at http://0.0.0.0:15013
2024-03-11 08:29:06,564 [IPC Server listener on 15012] INFO  ipc.Server (Server.java:run(1402)) - IPC Server listener on 15012: starting
2024-03-11 08:29:06,564 [IPC Server Responder] INFO  ipc.Server (Server.java:run(1562)) - IPC Server Responder: starting
2024-03-11 08:29:06,570 [main] INFO  om.OzoneManager (OzoneManager.java:startTrashEmptier(2130)) - Trash Interval set to 0. Files deleted won't move to trash
2024-03-11 08:29:06,570 [main] INFO  om.OzoneManager (OzoneManager.java:restart(1747)) - OzoneManager RPC server is listening at localhost/127.0.0.1:15004
2024-03-11 08:29:06,571 [main] INFO  impl.MetricsSystemImpl (MetricsSystemImpl.java:init(158)) - OzoneManager metrics system started (again)
2024-03-11 08:29:06,580 [main] WARN  server.ServerUtils (ServerUtils.java:getDBPath(299)) - ozone.om.db.dirs is not configured. We recommend adding this setting. Falling back to ozone.metadata.dirs instead.
2024-03-11 08:29:06,581 [main] INFO  helpers.OmKeyInfo (OmKeyInfo.java:getCodec(71)) - OmKeyInfo.getCodec ignorePipeline = true
2024-03-11 08:29:06,649 [main] INFO  om.OzoneManager (OzoneManager.java:instantiateServices(811)) - S3 Multi-Tenancy is disabled
2024-03-11 08:29:06,650 [main] INFO  om.OmSnapshotManager (OmSnapshotManager.java:<init>(177)) - Ozone filesystem snapshot feature is enabled.
2024-03-11 08:29:06,650 [main] WARN  server.ServerUtils (ServerUtils.java:getDBPath(299)) - ozone.om.snapshot.diff.db.dir is not configured. We recommend adding this setting. Falling back to ozone.metadata.dirs instead.
2024-03-11 08:29:06,664 [main] INFO  utils.NativeLibraryLoader (NativeLibraryLoader.java:loadLibrary(108)) - Loading Library: ozone_rocksdb_tools
2024-03-11 08:29:06,665 [main] ERROR snapshot.SnapshotDiffManager (SnapshotDiffManager.java:initNativeLibraryForEfficientDiff(287)) - Native Library for raw sst file reading loading failed.
org.apache.hadoop.hdds.utils.NativeLibraryNotLoadedException: Unable to load library ozone_rocksdb_tools from both java.library.path & resource file libozone_rocksdb_tools.so from jar.
	at org.apache.hadoop.hdds.utils.db.managed.ManagedRawSSTFileReader.loadLibrary(ManagedRawSSTFileReader.java:38)
	at org.apache.hadoop.ozone.om.snapshot.SnapshotDiffManager.initNativeLibraryForEfficientDiff(SnapshotDiffManager.java:285)
	at org.apache.hadoop.ozone.om.snapshot.SnapshotDiffManager.<init>(SnapshotDiffManager.java:259)
	at org.apache.hadoop.ozone.om.OmSnapshotManager.<init>(OmSnapshotManager.java:279)
	at org.apache.hadoop.ozone.om.OzoneManager.instantiateServices(OzoneManager.java:863)
	at org.apache.hadoop.ozone.om.OzoneManager.restart(OzoneManager.java:1752)
	at org.apache.hadoop.ozone.MiniOzoneHAClusterImpl.restartOzoneManager(MiniOzoneHAClusterImpl.java:211)
	at org.apache.hadoop.ozone.om.TestOzoneManagerPrepare.resetCluster(TestOzoneManagerPrepare.java:113)
	at sun.reflect.NativeMethodAccessorImpl.invoke0(Native Method)
	at sun.reflect.NativeMethodAccessorImpl.invoke(NativeMethodAccessorImpl.java:62)
	at sun.reflect.DelegatingMethodAccessorImpl.invoke(DelegatingMethodAccessorImpl.java:43)
	at java.lang.reflect.Method.invoke(Method.java:498)
	at org.junit.platform.commons.util.ReflectionUtils.invokeMethod(ReflectionUtils.java:728)
	at org.junit.jupiter.engine.execution.MethodInvocation.proceed(MethodInvocation.java:60)
	at org.junit.jupiter.engine.execution.InvocationInterceptorChain$ValidatingInvocation.proceed(InvocationInterceptorChain.java:131)
	at org.junit.jupiter.engine.extension.TimeoutExtension.intercept(TimeoutExtension.java:156)
	at org.junit.jupiter.engine.extension.TimeoutExtension.interceptLifecycleMethod(TimeoutExtension.java:128)
	at org.junit.jupiter.engine.extension.TimeoutExtension.interceptAfterEachMethod(TimeoutExtension.java:110)
	at org.junit.jupiter.engine.execution.InterceptingExecutableInvoker$ReflectiveInterceptorCall.lambda$ofVoidMethod$0(InterceptingExecutableInvoker.java:103)
	at org.junit.jupiter.engine.execution.InterceptingExecutableInvoker.lambda$invoke$0(InterceptingExecutableInvoker.java:93)
	at org.junit.jupiter.engine.execution.InvocationInterceptorChain$InterceptedInvocation.proceed(InvocationInterceptorChain.java:106)
	at org.junit.jupiter.engine.execution.InvocationInterceptorChain.proceed(InvocationInterceptorChain.java:64)
	at org.junit.jupiter.engine.execution.InvocationInterceptorChain.chainAndInvoke(InvocationInterceptorChain.java:45)
	at org.junit.jupiter.engine.execution.InvocationInterceptorChain.invoke(InvocationInterceptorChain.java:37)
	at org.junit.jupiter.engine.execution.InterceptingExecutableInvoker.invoke(InterceptingExecutableInvoker.java:92)
	at org.junit.jupiter.engine.execution.InterceptingExecutableInvoker.invoke(InterceptingExecutableInvoker.java:86)
	at org.junit.jupiter.engine.descriptor.ClassBasedTestDescriptor.invokeMethodInExtensionContext(ClassBasedTestDescriptor.java:521)
	at org.junit.jupiter.engine.descriptor.ClassBasedTestDescriptor.lambda$synthesizeAfterEachMethodAdapter$24(ClassBasedTestDescriptor.java:511)
	at org.junit.jupiter.engine.descriptor.TestMethodTestDescriptor.lambda$invokeAfterEachMethods$10(TestMethodTestDescriptor.java:244)
	at org.junit.jupiter.engine.descriptor.TestMethodTestDescriptor.lambda$invokeAllAfterMethodsOrCallbacks$13(TestMethodTestDescriptor.java:277)
	at org.junit.platform.engine.support.hierarchical.ThrowableCollector.execute(ThrowableCollector.java:73)
	at org.junit.jupiter.engine.descriptor.TestMethodTestDescriptor.lambda$invokeAllAfterMethodsOrCallbacks$14(TestMethodTestDescriptor.java:277)
	at org.junit.platform.commons.util.CollectionUtils.forEachInReverseOrder(CollectionUtils.java:217)
	at org.junit.jupiter.engine.descriptor.TestMethodTestDescriptor.invokeAllAfterMethodsOrCallbacks(TestMethodTestDescriptor.java:276)
	at org.junit.jupiter.engine.descriptor.TestMethodTestDescriptor.invokeAfterEachMethods(TestMethodTestDescriptor.java:242)
	at org.junit.jupiter.engine.descriptor.TestMethodTestDescriptor.execute(TestMethodTestDescriptor.java:143)
	at org.junit.jupiter.engine.descriptor.TestMethodTestDescriptor.execute(TestMethodTestDescriptor.java:69)
	at org.junit.platform.engine.support.hierarchical.NodeTestTask.lambda$executeRecursively$6(NodeTestTask.java:151)
	at org.junit.platform.engine.support.hierarchical.ThrowableCollector.execute(ThrowableCollector.java:73)
	at org.junit.platform.engine.support.hierarchical.NodeTestTask.lambda$executeRecursively$8(NodeTestTask.java:141)
	at org.junit.platform.engine.support.hierarchical.Node.around(Node.java:137)
	at org.junit.platform.engine.support.hierarchical.NodeTestTask.lambda$executeRecursively$9(NodeTestTask.java:139)
	at org.junit.platform.engine.support.hierarchical.ThrowableCollector.execute(ThrowableCollector.java:73)
	at org.junit.platform.engine.support.hierarchical.NodeTestTask.executeRecursively(NodeTestTask.java:138)
	at org.junit.platform.engine.support.hierarchical.NodeTestTask.execute(NodeTestTask.java:95)
	at java.util.ArrayList.forEach(ArrayList.java:1259)
	at org.junit.platform.engine.support.hierarchical.SameThreadHierarchicalTestExecutorService.invokeAll(SameThreadHierarchicalTestExecutorService.java:41)
	at org.junit.platform.engine.support.hierarchical.NodeTestTask.lambda$executeRecursively$6(NodeTestTask.java:155)
	at org.junit.platform.engine.support.hierarchical.ThrowableCollector.execute(ThrowableCollector.java:73)
	at org.junit.platform.engine.support.hierarchical.NodeTestTask.lambda$executeRecursively$8(NodeTestTask.java:141)
	at org.junit.platform.engine.support.hierarchical.Node.around(Node.java:137)
	at org.junit.platform.engine.support.hierarchical.NodeTestTask.lambda$executeRecursively$9(NodeTestTask.java:139)
	at org.junit.platform.engine.support.hierarchical.ThrowableCollector.execute(ThrowableCollector.java:73)
	at org.junit.platform.engine.support.hierarchical.NodeTestTask.executeRecursively(NodeTestTask.java:138)
	at org.junit.platform.engine.support.hierarchical.NodeTestTask.execute(NodeTestTask.java:95)
	at java.util.ArrayList.forEach(ArrayList.java:1259)
	at org.junit.platform.engine.support.hierarchical.SameThreadHierarchicalTestExecutorService.invokeAll(SameThreadHierarchicalTestExecutorService.java:41)
	at org.junit.platform.engine.support.hierarchical.NodeTestTask.lambda$executeRecursively$6(NodeTestTask.java:155)
	at org.junit.platform.engine.support.hierarchical.ThrowableCollector.execute(ThrowableCollector.java:73)
	at org.junit.platform.engine.support.hierarchical.NodeTestTask.lambda$executeRecursively$8(NodeTestTask.java:141)
	at org.junit.platform.engine.support.hierarchical.Node.around(Node.java:137)
	at org.junit.platform.engine.support.hierarchical.NodeTestTask.lambda$executeRecursively$9(NodeTestTask.java:139)
	at org.junit.platform.engine.support.hierarchical.ThrowableCollector.execute(ThrowableCollector.java:73)
	at org.junit.platform.engine.support.hierarchical.NodeTestTask.executeRecursively(NodeTestTask.java:138)
	at org.junit.platform.engine.support.hierarchical.NodeTestTask.execute(NodeTestTask.java:95)
	at org.junit.platform.engine.support.hierarchical.SameThreadHierarchicalTestExecutorService.submit(SameThreadHierarchicalTestExecutorService.java:35)
	at org.junit.platform.engine.support.hierarchical.HierarchicalTestExecutor.execute(HierarchicalTestExecutor.java:57)
	at org.junit.platform.engine.support.hierarchical.HierarchicalTestEngine.execute(HierarchicalTestEngine.java:54)
	at org.junit.platform.launcher.core.EngineExecutionOrchestrator.execute(EngineExecutionOrchestrator.java:198)
	at org.junit.platform.launcher.core.EngineExecutionOrchestrator.execute(EngineExecutionOrchestrator.java:169)
	at org.junit.platform.launcher.core.EngineExecutionOrchestrator.execute(EngineExecutionOrchestrator.java:93)
	at org.junit.platform.launcher.core.EngineExecutionOrchestrator.lambda$execute$0(EngineExecutionOrchestrator.java:58)
	at org.junit.platform.launcher.core.EngineExecutionOrchestrator.withInterceptedStreams(EngineExecutionOrchestrator.java:141)
	at org.junit.platform.launcher.core.EngineExecutionOrchestrator.execute(EngineExecutionOrchestrator.java:57)
	at org.junit.platform.launcher.core.DefaultLauncher.execute(DefaultLauncher.java:103)
	at org.junit.platform.launcher.core.DefaultLauncher.execute(DefaultLauncher.java:85)
	at org.junit.platform.launcher.core.DelegatingLauncher.execute(DelegatingLauncher.java:47)
	at org.junit.platform.launcher.core.SessionPerRequestLauncher.execute(SessionPerRequestLauncher.java:63)
	at org.apache.maven.surefire.junitplatform.JUnitPlatformProvider.execute(JUnitPlatformProvider.java:188)
	at org.apache.maven.surefire.junitplatform.JUnitPlatformProvider.invokeAllTests(JUnitPlatformProvider.java:154)
	at org.apache.maven.surefire.junitplatform.JUnitPlatformProvider.invoke(JUnitPlatformProvider.java:124)
	at org.apache.maven.surefire.booter.ForkedBooter.runSuitesInProcess(ForkedBooter.java:428)
	at org.apache.maven.surefire.booter.ForkedBooter.execute(ForkedBooter.java:162)
	at org.apache.maven.surefire.booter.ForkedBooter.run(ForkedBooter.java:562)
	at org.apache.maven.surefire.booter.ForkedBooter.main(ForkedBooter.java:548)
2024-03-11 08:29:06,670 [main] WARN  dropwizard3.Dm3MetricRegistriesImpl (Dm3MetricRegistriesImpl.java:addReporterRegistration(113)) - New reporters are added after registries were created. Some metrics will be missing from the reporter. Please add reporter before adding any new registry.
2024-03-11 08:29:06,670 [main] WARN  dropwizard3.Dm3MetricRegistriesImpl (Dm3MetricRegistriesImpl.java:addReporterRegistration(113)) - New reporters are added after registries were created. Some metrics will be missing from the reporter. Please add reporter before adding any new registry.
2024-03-11 08:29:06,671 [main] WARN  server.ServerUtils (ServerUtils.java:getDefaultRatisDirectory(311)) - Storage directory for Ratis is not configured. It is a good idea to map this to an SSD disk. Falling back to ozone.metadata.dirs
2024-03-11 08:29:06,672 [main] INFO  ratis.OzoneManagerRatisServer (OzoneManagerRatisServer.java:<init>(167)) - Instantiating OM Ratis server with groupID: om-service-test1 and peers: localhost:15007, localhost:15015, localhost:15011
2024-03-11 08:29:06,672 [main] INFO  ratis.OzoneManagerStateMachine (OzoneManagerStateMachine.java:loadSnapshotInfoFromDB(573)) - LastAppliedIndex is set from TransactionInfo from OM DB as (t:2, i:73)
2024-03-11 08:29:06,673 [main] INFO  server.RaftServer (ConfUtils.java:logGet(46)) - raft.rpc.type = GRPC (default)
2024-03-11 08:29:06,673 [main] INFO  grpc.GrpcConfigKeys (ConfUtils.java:logFallback(53)) - raft.grpc.admin.host = null (fallback to raft.grpc.server.host)
2024-03-11 08:29:06,673 [main] INFO  grpc.GrpcConfigKeys (ConfUtils.java:logFallback(53)) - raft.grpc.admin.port = 15007 (fallback to raft.grpc.server.port)
2024-03-11 08:29:06,673 [main] INFO  grpc.GrpcConfigKeys (ConfUtils.java:logFallback(53)) - raft.grpc.client.host = null (fallback to raft.grpc.server.host)
2024-03-11 08:29:06,673 [main] INFO  grpc.GrpcConfigKeys (ConfUtils.java:logFallback(53)) - raft.grpc.client.port = 15007 (fallback to raft.grpc.server.port)
2024-03-11 08:29:06,674 [main] INFO  grpc.GrpcConfigKeys (ConfUtils.java:logGet(46)) - raft.grpc.server.host = null (default)
2024-03-11 08:29:06,674 [main] INFO  grpc.GrpcConfigKeys (ConfUtils.java:logGet(46)) - raft.grpc.server.port = 15007 (custom)
2024-03-11 08:29:06,674 [main] INFO  server.GrpcService (ConfUtils.java:logGet(46)) - raft.grpc.message.size.max = 4194304 (custom)
2024-03-11 08:29:06,674 [main] INFO  server.RaftServerConfigKeys (ConfUtils.java:logGet(46)) - raft.server.log.appender.buffer.byte-limit = 4194304 (custom)
2024-03-11 08:29:06,674 [main] INFO  server.GrpcService (ConfUtils.java:logGet(46)) - raft.grpc.flow.control.window = 1MB (=1048576) (default)
2024-03-11 08:29:06,674 [main] INFO  server.RaftServerConfigKeys (ConfUtils.java:logGet(46)) - raft.server.rpc.request.timeout = 3000ms (default)
2024-03-11 08:29:06,674 [main] INFO  grpc.GrpcConfigKeys (ConfUtils.java:logGet(46)) - raft.grpc.server.heartbeat.channel = true (default)
2024-03-11 08:29:06,675 [main] INFO  grpc.GrpcConfigKeys (ConfUtils.java:logGet(46)) - raft.grpc.server.async.request.thread.pool.cached = true (default)
2024-03-11 08:29:06,675 [main] INFO  grpc.GrpcConfigKeys (ConfUtils.java:logGet(46)) - raft.grpc.server.async.request.thread.pool.size = 32 (default)
2024-03-11 08:29:06,676 [main] INFO  impl.DataStreamServerImpl (ConfUtils.java:logGet(46)) - raft.datastream.type = DISABLED (default)
2024-03-11 08:29:06,676 [main] INFO  server.RaftServerConfigKeys (ConfUtils.java:logGet(46)) - raft.server.sleep.deviation.threshold = 300ms (default)
2024-03-11 08:29:06,676 [main] INFO  server.RaftServerConfigKeys (ConfUtils.java:logGet(46)) - raft.server.close.threshold = 60s (default)
2024-03-11 08:29:06,676 [main] INFO  server.RaftServerConfigKeys (ConfUtils.java:logGet(46)) - raft.server.leaderelection.leader.step-down.wait-time = 10s (default)
2024-03-11 08:29:06,676 [main] INFO  server.RaftServerConfigKeys (ConfUtils.java:logGet(46)) - raft.server.storage.dir = [/home/runner/work/ozone/ozone/hadoop-ozone/integration-test/target/test-dir/MiniOzoneClusterImpl-0c785975-649e-413c-843d-c786b3d663ab/omNode-1/ratis] (custom)
2024-03-11 08:29:06,677 [main] INFO  server.RaftServerConfigKeys (ConfUtils.java:logGet(46)) - raft.server.threadpool.proxy.cached = true (default)
2024-03-11 08:29:06,677 [main] INFO  server.RaftServerConfigKeys (ConfUtils.java:logGet(46)) - raft.server.threadpool.proxy.size = 0 (default)
2024-03-11 08:29:06,677 [omNode-1-impl-thread1] INFO  server.RaftServer (RaftServerProxy.java:initGroupDir(264)) - omNode-1: found a subdirectory /home/runner/work/ozone/ozone/hadoop-ozone/integration-test/target/test-dir/MiniOzoneClusterImpl-0c785975-649e-413c-843d-c786b3d663ab/omNode-1/ratis/c9bc4cf4-3bc3-3c60-a66b-523986131536
2024-03-11 08:29:06,677 [main] INFO  server.RaftServer (RaftServerProxy.java:addNew(100)) - omNode-1: addNew group-523986131536:[omNode-3|localhost:15015, omNode-1|localhost:15007, omNode-2|localhost:15011] returns group-523986131536:java.util.concurrent.CompletableFuture@19846908[Not completed]
2024-03-11 08:29:06,677 [omNode-1-groupManagement] INFO  server.RaftServer$Division (RaftServerImpl.java:<init>(256)) - omNode-1: new RaftServerImpl for group-523986131536:[omNode-3|localhost:15015, omNode-1|localhost:15007, omNode-2|localhost:15011] with OzoneManagerStateMachine:uninitialized
2024-03-11 08:29:06,678 [main] INFO  om.OzoneManager (OzoneManager.java:initializeRatisServer(2177)) - OzoneManager Ratis server initialized at port 15007
2024-03-11 08:29:06,678 [omNode-1-groupManagement] INFO  server.RaftServerConfigKeys (ConfUtils.java:logGet(46)) - raft.server.rpc.timeout.min = 1s (custom)
2024-03-11 08:29:06,678 [main] INFO  ratis.OzoneManagerRatisServer (OzoneManagerRatisServer.java:start(588)) - Starting OzoneManagerRatisServer omNode-1 at port 15007
2024-03-11 08:29:06,678 [omNode-1-groupManagement] INFO  server.RaftServerConfigKeys (ConfUtils.java:logGet(46)) - raft.server.rpc.timeout.max = 1200ms (custom)
2024-03-11 08:29:06,678 [omNode-1-groupManagement] INFO  server.RaftServerConfigKeys (ConfUtils.java:logGet(46)) - raft.server.rpc.sleep.time = 25ms (default)
2024-03-11 08:29:06,678 [omNode-1-groupManagement] INFO  server.RaftServerConfigKeys (ConfUtils.java:logGet(46)) - raft.server.rpc.slowness.timeout = 2s (custom)
2024-03-11 08:29:06,678 [omNode-1-groupManagement] INFO  server.RaftServerConfigKeys (ConfUtils.java:logGet(46)) - raft.server.leaderelection.leader.step-down.wait-time = 10s (default)
2024-03-11 08:29:06,678 [omNode-1-groupManagement] INFO  server.RaftServerConfigKeys (ConfUtils.java:logGet(46)) - raft.server.leaderelection.member.majority-add = false (default)
2024-03-11 08:29:06,678 [omNode-1-groupManagement] INFO  server.RaftServerConfigKeys (ConfUtils.java:logGet(46)) - raft.server.sleep.deviation.threshold = 300ms (default)
2024-03-11 08:29:06,678 [omNode-1-groupManagement] INFO  server.RaftServer$Division (ServerState.java:<init>(113)) - omNode-1@group-523986131536: ConfigurationManager, init=-1: peers:[omNode-3|localhost:15015, omNode-1|localhost:15007, omNode-2|localhost:15011]|listeners:[], old=null, confs=<EMPTY_MAP>
2024-03-11 08:29:06,678 [omNode-1-groupManagement] INFO  server.RaftServerConfigKeys (ConfUtils.java:logGet(46)) - raft.server.notification.no-leader.timeout = 2s (custom)
2024-03-11 08:29:06,678 [omNode-1-groupManagement] INFO  server.RaftServerConfigKeys (ConfUtils.java:logGet(46)) - raft.server.read.timeout = 10s (default)
2024-03-11 08:29:06,679 [omNode-1-groupManagement] INFO  server.RaftServerConfigKeys (ConfUtils.java:logGet(46)) - raft.server.retrycache.expirytime = 30000ms (custom)
2024-03-11 08:29:06,679 [omNode-1-groupManagement] INFO  server.RaftServerConfigKeys (ConfUtils.java:logGet(46)) - raft.server.retrycache.statistics.expirytime = 100ms (default)
2024-03-11 08:29:06,679 [omNode-1-groupManagement] INFO  server.RaftServerConfigKeys (ConfUtils.java:logGet(46)) - raft.server.read.option = DEFAULT (default)
2024-03-11 08:29:06,679 [omNode-1-groupManagement] INFO  server.RaftServerConfigKeys (ConfUtils.java:logGet(46)) - raft.server.read.read-after-write-consistent.write-index-cache.expiry-time = 60s (default)
2024-03-11 08:29:06,680 [omNode-1-groupManagement] INFO  server.RaftServerConfigKeys (ConfUtils.java:logGet(46)) - raft.server.rpc.request.timeout = 3000ms (default)
2024-03-11 08:29:06,680 [omNode-1-groupManagement] INFO  server.RaftServerConfigKeys (ConfUtils.java:logGet(46)) - raft.server.log.appender.install.snapshot.enabled = false (custom)
2024-03-11 08:29:06,680 [omNode-1-groupManagement] INFO  server.RaftServerConfigKeys (ConfUtils.java:logGet(46)) - raft.server.threadpool.server.cached = true (default)
2024-03-11 08:29:06,680 [omNode-1-groupManagement] INFO  server.RaftServerConfigKeys (ConfUtils.java:logGet(46)) - raft.server.threadpool.server.size = 0 (default)
2024-03-11 08:29:06,680 [omNode-1-groupManagement] INFO  server.RaftServerConfigKeys (ConfUtils.java:logGet(46)) - raft.server.threadpool.client.cached = true (default)
2024-03-11 08:29:06,680 [omNode-1-groupManagement] INFO  server.RaftServerConfigKeys (ConfUtils.java:logGet(46)) - raft.server.threadpool.client.size = 0 (default)
2024-03-11 08:29:06,680 [omNode-1-impl-thread1] INFO  server.RaftServerConfigKeys (ConfUtils.java:logGet(46)) - raft.server.storage.free-space.min = 0MB (=0) (default)
2024-03-11 08:29:06,680 [omNode-1-impl-thread1] INFO  server.RaftServerConfigKeys (ConfUtils.java:logGet(46)) - raft.server.log.corruption.policy = EXCEPTION (default)
2024-03-11 08:29:06,680 [omNode-1-impl-thread1] INFO  server.RaftServerConfigKeys (ConfUtils.java:logGet(46)) - raft.server.storage.dir = [/home/runner/work/ozone/ozone/hadoop-ozone/integration-test/target/test-dir/MiniOzoneClusterImpl-0c785975-649e-413c-843d-c786b3d663ab/omNode-1/ratis] (custom)
2024-03-11 08:29:06,686 [omNode-1-impl-thread1] INFO  storage.RaftStorageDirectory (RaftStorageDirectoryImpl.java:tryLock(228)) - Lock on /home/runner/work/ozone/ozone/hadoop-ozone/integration-test/target/test-dir/MiniOzoneClusterImpl-0c785975-649e-413c-843d-c786b3d663ab/omNode-1/ratis/c9bc4cf4-3bc3-3c60-a66b-523986131536/in_use.lock acquired by nodename 48108@fv-az1250-130
2024-03-11 08:29:06,686 [omNode-1-impl-thread1] INFO  storage.RaftStorage (RaftStorageImpl.java:analyzeAndRecoverStorage(119)) - Read RaftStorageMetadata{term=2, votedFor=omNode-3} from /home/runner/work/ozone/ozone/hadoop-ozone/integration-test/target/test-dir/MiniOzoneClusterImpl-0c785975-649e-413c-843d-c786b3d663ab/omNode-1/ratis/c9bc4cf4-3bc3-3c60-a66b-523986131536/current/raft-meta
2024-03-11 08:29:06,687 [omNode-1-impl-thread1] INFO  server.RaftServer$Division (ServerState.java:setRaftConf(386)) - omNode-1@group-523986131536: set configuration 20: peers:[omNode-3|localhost:15015, omNode-1|localhost:15007, omNode-2|localhost:15011]|listeners:[], old=null
2024-03-11 08:29:06,687 [omNode-1-impl-thread1] INFO  server.RaftServerConfigKeys (ConfUtils.java:logGet(46)) - raft.server.log.use.memory = false (default)
2024-03-11 08:29:06,688 [omNode-1-impl-thread1] INFO  server.RaftServerConfigKeys (ConfUtils.java:logGet(46)) - raft.server.log.purge.gap = 50 (custom)
2024-03-11 08:29:06,688 [omNode-1-impl-thread1] INFO  server.RaftServerConfigKeys (ConfUtils.java:logGet(46)) - raft.server.log.appender.buffer.byte-limit = 4194304 (custom)
2024-03-11 08:29:06,688 [omNode-1-impl-thread1] INFO  server.RaftServerConfigKeys (ConfUtils.java:logGet(46)) - raft.server.log.statemachine.data.read.timeout = 1000ms (default)
2024-03-11 08:29:06,688 [omNode-1-impl-thread1] INFO  server.RaftServerConfigKeys (ConfUtils.java:logGet(46)) - raft.server.log.purge.preservation.log.num = 0 (default)
2024-03-11 08:29:06,689 [omNode-1-impl-thread1] INFO  server.RaftServerConfigKeys (ConfUtils.java:logGet(46)) - raft.server.log.segment.size.max = 4194304 (custom)
2024-03-11 08:29:06,689 [omNode-1-impl-thread1] INFO  server.RaftServerConfigKeys (ConfUtils.java:logGet(46)) - raft.server.log.segment.cache.num.max = 2 (custom)
2024-03-11 08:29:06,689 [omNode-1-impl-thread1] INFO  server.RaftServerConfigKeys (ConfUtils.java:logGet(46)) - raft.server.log.segment.cache.size.max = 200MB (=209715200) (default)
2024-03-11 08:29:06,689 [omNode-1-impl-thread1] INFO  server.RaftServerConfigKeys (ConfUtils.java:logGet(46)) - raft.server.log.appender.buffer.byte-limit = 4194304 (custom)
2024-03-11 08:29:06,689 [omNode-1-impl-thread1] INFO  util.AwaitToRun (AwaitToRun.java:start(81)) - Thread[omNode-1@group-523986131536-cacheEviction-AwaitToRun,5,main] started
2024-03-11 08:29:06,689 [omNode-1-impl-thread1] INFO  segmented.SegmentedRaftLogWorker (SegmentedRaftLogWorker.java:<init>(182)) - new omNode-1@group-523986131536-SegmentedRaftLogWorker for RaftStorageImpl:Storage Directory /home/runner/work/ozone/ozone/hadoop-ozone/integration-test/target/test-dir/MiniOzoneClusterImpl-0c785975-649e-413c-843d-c786b3d663ab/omNode-1/ratis/c9bc4cf4-3bc3-3c60-a66b-523986131536
2024-03-11 08:29:06,690 [omNode-1-impl-thread1] INFO  server.RaftServerConfigKeys (ConfUtils.java:logGet(46)) - raft.server.log.queue.byte-limit = 64MB (=67108864) (default)
2024-03-11 08:29:06,690 [omNode-1-impl-thread1] INFO  server.RaftServerConfigKeys (ConfUtils.java:logGet(46)) - raft.server.log.queue.element-limit = 4096 (default)
2024-03-11 08:29:06,690 [omNode-1-impl-thread1] INFO  server.RaftServerConfigKeys (ConfUtils.java:logGet(46)) - raft.server.log.segment.size.max = 4194304 (custom)
2024-03-11 08:29:06,690 [omNode-1-impl-thread1] INFO  server.RaftServerConfigKeys (ConfUtils.java:logGet(46)) - raft.server.log.preallocated.size = 4194304 (custom)
2024-03-11 08:29:06,690 [omNode-1-impl-thread1] INFO  server.RaftServerConfigKeys (ConfUtils.java:logGet(46)) - raft.server.log.force.sync.num = 128 (default)
2024-03-11 08:29:06,690 [omNode-1-impl-thread1] INFO  server.RaftServerConfigKeys (ConfUtils.java:logGet(46)) - raft.server.log.statemachine.data.sync = true (default)
2024-03-11 08:29:06,690 [omNode-1-impl-thread1] INFO  server.RaftServerConfigKeys (ConfUtils.java:logGet(46)) - raft.server.log.statemachine.data.sync.timeout = 10s (default)
2024-03-11 08:29:06,690 [omNode-1-impl-thread1] INFO  server.RaftServerConfigKeys (ConfUtils.java:logGet(46)) - raft.server.log.statemachine.data.sync.timeout.retry = -1 (default)
2024-03-11 08:29:06,690 [omNode-1-impl-thread1] INFO  server.RaftServerConfigKeys (ConfUtils.java:logGet(46)) - raft.server.log.write.buffer.size = 4194312 (custom)
2024-03-11 08:29:06,691 [omNode-1-impl-thread1] INFO  server.RaftServerConfigKeys (ConfUtils.java:logGet(46)) - raft.server.log.appender.buffer.byte-limit = 4194304 (custom)
2024-03-11 08:29:06,691 [omNode-1-impl-thread1] INFO  server.RaftServerConfigKeys (ConfUtils.java:logGet(46)) - raft.server.log.unsafe-flush.enabled = false (default)
2024-03-11 08:29:06,692 [omNode-1-impl-thread1] INFO  server.RaftServerConfigKeys (ConfUtils.java:logGet(46)) - raft.server.log.async-flush.enabled = false (default)
2024-03-11 08:29:06,692 [omNode-1-impl-thread1] INFO  server.RaftServerConfigKeys (ConfUtils.java:logGet(46)) - raft.server.log.statemachine.data.caching.enabled = false (default)
2024-03-11 08:29:06,695 [omNode-1-impl-thread1] INFO  server.RaftServer$Division (ServerState.java:setRaftConf(386)) - omNode-1@group-523986131536: set configuration 20: peers:[omNode-3|localhost:15015, omNode-1|localhost:15007, omNode-2|localhost:15011]|listeners:[], old=null
2024-03-11 08:29:06,698 [omNode-1-impl-thread1] INFO  segmented.LogSegment (LogSegment.java:loadSegment(170)) - Successfully read 54 entries from segment file /home/runner/work/ozone/ozone/hadoop-ozone/integration-test/target/test-dir/MiniOzoneClusterImpl-0c785975-649e-413c-843d-c786b3d663ab/omNode-1/ratis/c9bc4cf4-3bc3-3c60-a66b-523986131536/current/log_inprogress_20
2024-03-11 08:29:06,698 [omNode-1-impl-thread1] INFO  segmented.SegmentedRaftLogWorker (SegmentedRaftLogWorker.java:lambda$new$0(134)) - omNode-1@group-523986131536-SegmentedRaftLogWorker: flushIndex: setUnconditionally 0 -> 73
2024-03-11 08:29:06,698 [omNode-1-impl-thread1] INFO  segmented.SegmentedRaftLogWorker (SegmentedRaftLogWorker.java:lambda$new$0(134)) - omNode-1@group-523986131536-SegmentedRaftLogWorker: safeCacheEvictIndex: setUnconditionally 0 -> -1
2024-03-11 08:29:06,698 [omNode-1-impl-thread1] INFO  segmented.BufferedWriteChannel (BufferedWriteChannel.java:open(62)) - open log_inprogress_20 (append) at position 16847
2024-03-11 08:29:06,699 [omNode-1-impl-thread1] INFO  raftlog.RaftLog (RaftLogBase.java:lambda$new$0(54)) - omNode-1@group-523986131536-SegmentedRaftLog: purgeIndex: updateIncreasingly -1 -> 19
2024-03-11 08:29:06,699 [omNode-1-impl-thread1] INFO  server.RaftServer$Division (RaftServerImpl.java:start(396)) - omNode-1@group-523986131536: start as a follower, conf=20: peers:[omNode-3|localhost:15015, omNode-1|localhost:15007, omNode-2|localhost:15011]|listeners:[], old=null
2024-03-11 08:29:06,699 [omNode-1-impl-thread1] INFO  server.RaftServer$Division (RaftServerImpl.java:setRole(383)) - omNode-1@group-523986131536: changes role from      null to FOLLOWER at term 2 for startAsFollower
2024-03-11 08:29:06,699 [omNode-1-impl-thread1] INFO  impl.RoleInfo (RoleInfo.java:updateAndGet(139)) - omNode-1: start omNode-1@group-523986131536-FollowerState
2024-03-11 08:29:06,699 [omNode-1@group-523986131536-FollowerState] INFO  server.RaftServerConfigKeys (ConfUtils.java:logFallback(53)) - raft.server.rpc.first-election.timeout.min = 1s (fallback to raft.server.rpc.timeout.min)
2024-03-11 08:29:06,699 [omNode-1-impl-thread1] INFO  util.JmxRegister (JmxRegister.java:tryRegister(44)) - Successfully registered JMX Bean with object name Ratis:service=RaftServer,group=group-523986131536,id=omNode-1
2024-03-11 08:29:06,699 [omNode-1-impl-thread1] INFO  server.RaftServerConfigKeys (ConfUtils.java:logGet(46)) - raft.server.snapshot.trigger-when-stop.enabled = true (default)
2024-03-11 08:29:06,699 [omNode-1@group-523986131536-FollowerState] INFO  server.RaftServerConfigKeys (ConfUtils.java:logFallback(53)) - raft.server.rpc.first-election.timeout.max = 1200ms (fallback to raft.server.rpc.timeout.max)
2024-03-11 08:29:06,699 [omNode-1-impl-thread1] INFO  server.RaftServerConfigKeys (ConfUtils.java:logGet(46)) - raft.server.snapshot.auto.trigger.enabled = true (custom)
2024-03-11 08:29:06,700 [omNode-1-impl-thread1] INFO  server.RaftServerConfigKeys (ConfUtils.java:logGet(46)) - raft.server.snapshot.auto.trigger.threshold = 50 (custom)
2024-03-11 08:29:06,700 [omNode-1-impl-thread1] INFO  server.RaftServerConfigKeys (ConfUtils.java:logGet(46)) - raft.server.snapshot.retention.file.num = -1 (default)
2024-03-11 08:29:06,700 [omNode-1-impl-thread1] INFO  server.RaftServerConfigKeys (ConfUtils.java:logGet(46)) - raft.server.log.purge.upto.snapshot.index = true (custom)
2024-03-11 08:29:06,700 [main] INFO  server.RaftServer (RaftServerProxy.java:startImpl(406)) - omNode-1: start RPC server
2024-03-11 08:29:06,702 [main] INFO  server.GrpcService (GrpcService.java:startImpl(302)) - omNode-1: GrpcService started, listening on 15007
2024-03-11 08:29:06,702 [main] INFO  om.OzoneManager (OzoneManager.java:getRpcServer(1231)) - Creating RPC Server
2024-03-11 08:29:06,702 [JvmPauseMonitor11] INFO  util.JvmPauseMonitor (JvmPauseMonitor.java:run(146)) - JvmPauseMonitor-omNode-1: Started
2024-03-11 08:29:06,880 [main] INFO  ipc.CallQueueManager (CallQueueManager.java:<init>(90)) - Using callQueue: class java.util.concurrent.LinkedBlockingQueue, queueCapacity: 2000, scheduler: class org.apache.hadoop.ipc.DefaultRpcScheduler, ipcBackoff: false.
2024-03-11 08:29:06,880 [main] INFO  ipc.Server (Server.java:<init>(1287)) - Listener at localhost:15004
2024-03-11 08:29:06,880 [Socket Reader #1 for port 15004] INFO  ipc.Server (Server.java:run(1323)) - Starting Socket Reader #1 for port 15004
2024-03-11 08:29:06,883 [main] INFO  http.BaseHttpServer (BaseHttpServer.java:newHttpServer2BuilderForOzone(223)) - Starting Web-server for ozoneManager at: http://0.0.0.0:15005
2024-03-11 08:29:06,883 [main] INFO  http.BaseHttpServer (BaseHttpServer.java:<init>(110)) - Hadoop Security Enabled: false Ozone Security Enabled: false Ozone HTTP Security Enabled: false 
2024-03-11 08:29:06,884 [main] WARN  server.AuthenticationFilter (AuthenticationFilter.java:constructSecretProvider(240)) - Unable to initialize FileSignerSecretProvider, falling back to use random secrets. Reason: Could not read signature secret file: /home/runner/hadoop-http-auth-signature-secret
2024-03-11 08:29:06,885 [main] INFO  http.HttpRequestLog (HttpRequestLog.java:getRequestLog(86)) - Http request log for http.requests.ozoneManager is not defined
2024-03-11 08:29:06,886 [main] INFO  http.HttpServer2 (HttpServer2.java:addGlobalFilter(1036)) - Added global filter 'safety' (class=org.apache.hadoop.hdds.server.http.HttpServer2$QuotingInputFilter)
2024-03-11 08:29:06,887 [main] INFO  http.HttpServer2 (HttpServer2.java:addFilter(1012)) - Added filter static_user_filter (class=org.apache.hadoop.http.lib.StaticUserWebFilter$StaticUserFilter) to context ozoneManager
2024-03-11 08:29:06,887 [main] INFO  http.HttpServer2 (HttpServer2.java:addFilter(1020)) - Added filter static_user_filter (class=org.apache.hadoop.http.lib.StaticUserWebFilter$StaticUserFilter) to context logs
2024-03-11 08:29:06,887 [main] INFO  http.HttpServer2 (HttpServer2.java:addFilter(1020)) - Added filter static_user_filter (class=org.apache.hadoop.http.lib.StaticUserWebFilter$StaticUserFilter) to context static
2024-03-11 08:29:06,888 [main] INFO  http.BaseHttpServer (BaseHttpServer.java:<init>(189)) - HTTP server of ozoneManager uses base directory /home/runner/work/ozone/ozone/hadoop-ozone/integration-test/target/test-dir/MiniOzoneClusterImpl-0c785975-649e-413c-843d-c786b3d663ab/omNode-1/webserver
2024-03-11 08:29:06,888 [main] INFO  http.HttpServer2 (HttpServer2.java:bindListener(1236)) - Jetty bound to port 15005
2024-03-11 08:29:06,888 [main] INFO  server.Server (Server.java:doStart(375)) - jetty-9.4.53.v20231009; built: 2023-10-09T12:29:09.265Z; git: 27bde00a0b95a1d5bbee0eae7984f891d2d0f8c9; jvm 1.8.0_402-b06
2024-03-11 08:29:06,893 [main] INFO  server.session (DefaultSessionIdManager.java:doStart(334)) - DefaultSessionIdManager workerName=node0
2024-03-11 08:29:06,893 [main] INFO  server.session (DefaultSessionIdManager.java:doStart(339)) - No SessionScavenger set, using defaults
2024-03-11 08:29:06,894 [main] INFO  server.session (HouseKeeper.java:startScavenging(132)) - node0 Scavenging every 660000ms
2024-03-11 08:29:06,894 [main] INFO  handler.ContextHandler (ContextHandler.java:doStart(921)) - Started o.e.j.s.ServletContextHandler@23170fe{logs,/logs,file:///home/runner/work/ozone/ozone/hadoop-ozone/integration-test/target/log,AVAILABLE}
2024-03-11 08:29:06,895 [main] INFO  handler.ContextHandler (ContextHandler.java:doStart(921)) - Started o.e.j.s.ServletContextHandler@7cfa70d5{static,/static,file:///home/runner/work/ozone/ozone/hadoop-ozone/integration-test/target/test-classes/webapps/static,AVAILABLE}
2024-03-11 08:29:06,898 [main] INFO  handler.ContextHandler (ContextHandler.java:doStart(921)) - Started o.e.j.w.WebAppContext@64351d46{ozoneManager,/,file:///home/runner/work/ozone/ozone/hadoop-ozone/integration-test/target/test-classes/webapps/ozoneManager/,AVAILABLE}{file:/home/runner/work/ozone/ozone/hadoop-ozone/integration-test/target/test-classes/webapps/ozoneManager}
2024-03-11 08:29:06,900 [main] INFO  server.AbstractConnector (AbstractConnector.java:doStart(333)) - Started ServerConnector@61b9f2a{HTTP/1.1, (http/1.1)}{0.0.0.0:15005}
2024-03-11 08:29:06,901 [main] INFO  server.Server (Server.java:doStart(415)) - Started @161671ms
2024-03-11 08:29:06,901 [main] WARN  impl.MetricsSystemImpl (MetricsSystemImpl.java:register(279)) - Sink prometheus already exists!
2024-03-11 08:29:06,901 [main] INFO  http.BaseHttpServer (BaseHttpServer.java:updateConnectorAddress(354)) - HTTP server of ozoneManager listening at http://0.0.0.0:15005
2024-03-11 08:29:06,902 [IPC Server Responder] INFO  ipc.Server (Server.java:run(1562)) - IPC Server Responder: starting
2024-03-11 08:29:06,902 [IPC Server listener on 15004] INFO  ipc.Server (Server.java:run(1402)) - IPC Server listener on 15004: starting
2024-03-11 08:29:06,906 [main] INFO  om.OzoneManager (OzoneManager.java:startTrashEmptier(2130)) - Trash Interval set to 0. Files deleted won't move to trash
2024-03-11 08:29:06,907 [main] INFO  om.OzoneManager (OzoneManager.java:restart(1747)) - OzoneManager RPC server is listening at localhost/127.0.0.1:15008
2024-03-11 08:29:06,907 [main] INFO  impl.MetricsSystemImpl (MetricsSystemImpl.java:init(158)) - OzoneManager metrics system started (again)
2024-03-11 08:29:06,917 [main] WARN  server.ServerUtils (ServerUtils.java:getDBPath(299)) - ozone.om.db.dirs is not configured. We recommend adding this setting. Falling back to ozone.metadata.dirs instead.
2024-03-11 08:29:06,917 [main] INFO  helpers.OmKeyInfo (OmKeyInfo.java:getCodec(71)) - OmKeyInfo.getCodec ignorePipeline = true
2024-03-11 08:29:06,959 [main] INFO  om.OzoneManager (OzoneManager.java:instantiateServices(811)) - S3 Multi-Tenancy is disabled
2024-03-11 08:29:06,959 [main] INFO  om.OmSnapshotManager (OmSnapshotManager.java:<init>(177)) - Ozone filesystem snapshot feature is enabled.
2024-03-11 08:29:06,960 [main] WARN  server.ServerUtils (ServerUtils.java:getDBPath(299)) - ozone.om.snapshot.diff.db.dir is not configured. We recommend adding this setting. Falling back to ozone.metadata.dirs instead.
2024-03-11 08:29:06,970 [main] INFO  utils.NativeLibraryLoader (NativeLibraryLoader.java:loadLibrary(108)) - Loading Library: ozone_rocksdb_tools
2024-03-11 08:29:06,970 [main] ERROR snapshot.SnapshotDiffManager (SnapshotDiffManager.java:initNativeLibraryForEfficientDiff(287)) - Native Library for raw sst file reading loading failed.
org.apache.hadoop.hdds.utils.NativeLibraryNotLoadedException: Unable to load library ozone_rocksdb_tools from both java.library.path & resource file libozone_rocksdb_tools.so from jar.
	at org.apache.hadoop.hdds.utils.db.managed.ManagedRawSSTFileReader.loadLibrary(ManagedRawSSTFileReader.java:38)
	at org.apache.hadoop.ozone.om.snapshot.SnapshotDiffManager.initNativeLibraryForEfficientDiff(SnapshotDiffManager.java:285)
	at org.apache.hadoop.ozone.om.snapshot.SnapshotDiffManager.<init>(SnapshotDiffManager.java:259)
	at org.apache.hadoop.ozone.om.OmSnapshotManager.<init>(OmSnapshotManager.java:279)
	at org.apache.hadoop.ozone.om.OzoneManager.instantiateServices(OzoneManager.java:863)
	at org.apache.hadoop.ozone.om.OzoneManager.restart(OzoneManager.java:1752)
	at org.apache.hadoop.ozone.MiniOzoneHAClusterImpl.restartOzoneManager(MiniOzoneHAClusterImpl.java:211)
	at org.apache.hadoop.ozone.om.TestOzoneManagerPrepare.resetCluster(TestOzoneManagerPrepare.java:113)
	at sun.reflect.NativeMethodAccessorImpl.invoke0(Native Method)
	at sun.reflect.NativeMethodAccessorImpl.invoke(NativeMethodAccessorImpl.java:62)
	at sun.reflect.DelegatingMethodAccessorImpl.invoke(DelegatingMethodAccessorImpl.java:43)
	at java.lang.reflect.Method.invoke(Method.java:498)
	at org.junit.platform.commons.util.ReflectionUtils.invokeMethod(ReflectionUtils.java:728)
	at org.junit.jupiter.engine.execution.MethodInvocation.proceed(MethodInvocation.java:60)
	at org.junit.jupiter.engine.execution.InvocationInterceptorChain$ValidatingInvocation.proceed(InvocationInterceptorChain.java:131)
	at org.junit.jupiter.engine.extension.TimeoutExtension.intercept(TimeoutExtension.java:156)
	at org.junit.jupiter.engine.extension.TimeoutExtension.interceptLifecycleMethod(TimeoutExtension.java:128)
	at org.junit.jupiter.engine.extension.TimeoutExtension.interceptAfterEachMethod(TimeoutExtension.java:110)
	at org.junit.jupiter.engine.execution.InterceptingExecutableInvoker$ReflectiveInterceptorCall.lambda$ofVoidMethod$0(InterceptingExecutableInvoker.java:103)
	at org.junit.jupiter.engine.execution.InterceptingExecutableInvoker.lambda$invoke$0(InterceptingExecutableInvoker.java:93)
	at org.junit.jupiter.engine.execution.InvocationInterceptorChain$InterceptedInvocation.proceed(InvocationInterceptorChain.java:106)
	at org.junit.jupiter.engine.execution.InvocationInterceptorChain.proceed(InvocationInterceptorChain.java:64)
	at org.junit.jupiter.engine.execution.InvocationInterceptorChain.chainAndInvoke(InvocationInterceptorChain.java:45)
	at org.junit.jupiter.engine.execution.InvocationInterceptorChain.invoke(InvocationInterceptorChain.java:37)
	at org.junit.jupiter.engine.execution.InterceptingExecutableInvoker.invoke(InterceptingExecutableInvoker.java:92)
	at org.junit.jupiter.engine.execution.InterceptingExecutableInvoker.invoke(InterceptingExecutableInvoker.java:86)
	at org.junit.jupiter.engine.descriptor.ClassBasedTestDescriptor.invokeMethodInExtensionContext(ClassBasedTestDescriptor.java:521)
	at org.junit.jupiter.engine.descriptor.ClassBasedTestDescriptor.lambda$synthesizeAfterEachMethodAdapter$24(ClassBasedTestDescriptor.java:511)
	at org.junit.jupiter.engine.descriptor.TestMethodTestDescriptor.lambda$invokeAfterEachMethods$10(TestMethodTestDescriptor.java:244)
	at org.junit.jupiter.engine.descriptor.TestMethodTestDescriptor.lambda$invokeAllAfterMethodsOrCallbacks$13(TestMethodTestDescriptor.java:277)
	at org.junit.platform.engine.support.hierarchical.ThrowableCollector.execute(ThrowableCollector.java:73)
	at org.junit.jupiter.engine.descriptor.TestMethodTestDescriptor.lambda$invokeAllAfterMethodsOrCallbacks$14(TestMethodTestDescriptor.java:277)
	at org.junit.platform.commons.util.CollectionUtils.forEachInReverseOrder(CollectionUtils.java:217)
	at org.junit.jupiter.engine.descriptor.TestMethodTestDescriptor.invokeAllAfterMethodsOrCallbacks(TestMethodTestDescriptor.java:276)
	at org.junit.jupiter.engine.descriptor.TestMethodTestDescriptor.invokeAfterEachMethods(TestMethodTestDescriptor.java:242)
	at org.junit.jupiter.engine.descriptor.TestMethodTestDescriptor.execute(TestMethodTestDescriptor.java:143)
	at org.junit.jupiter.engine.descriptor.TestMethodTestDescriptor.execute(TestMethodTestDescriptor.java:69)
	at org.junit.platform.engine.support.hierarchical.NodeTestTask.lambda$executeRecursively$6(NodeTestTask.java:151)
	at org.junit.platform.engine.support.hierarchical.ThrowableCollector.execute(ThrowableCollector.java:73)
	at org.junit.platform.engine.support.hierarchical.NodeTestTask.lambda$executeRecursively$8(NodeTestTask.java:141)
	at org.junit.platform.engine.support.hierarchical.Node.around(Node.java:137)
	at org.junit.platform.engine.support.hierarchical.NodeTestTask.lambda$executeRecursively$9(NodeTestTask.java:139)
	at org.junit.platform.engine.support.hierarchical.ThrowableCollector.execute(ThrowableCollector.java:73)
	at org.junit.platform.engine.support.hierarchical.NodeTestTask.executeRecursively(NodeTestTask.java:138)
	at org.junit.platform.engine.support.hierarchical.NodeTestTask.execute(NodeTestTask.java:95)
	at java.util.ArrayList.forEach(ArrayList.java:1259)
	at org.junit.platform.engine.support.hierarchical.SameThreadHierarchicalTestExecutorService.invokeAll(SameThreadHierarchicalTestExecutorService.java:41)
	at org.junit.platform.engine.support.hierarchical.NodeTestTask.lambda$executeRecursively$6(NodeTestTask.java:155)
	at org.junit.platform.engine.support.hierarchical.ThrowableCollector.execute(ThrowableCollector.java:73)
	at org.junit.platform.engine.support.hierarchical.NodeTestTask.lambda$executeRecursively$8(NodeTestTask.java:141)
	at org.junit.platform.engine.support.hierarchical.Node.around(Node.java:137)
	at org.junit.platform.engine.support.hierarchical.NodeTestTask.lambda$executeRecursively$9(NodeTestTask.java:139)
	at org.junit.platform.engine.support.hierarchical.ThrowableCollector.execute(ThrowableCollector.java:73)
	at org.junit.platform.engine.support.hierarchical.NodeTestTask.executeRecursively(NodeTestTask.java:138)
	at org.junit.platform.engine.support.hierarchical.NodeTestTask.execute(NodeTestTask.java:95)
	at java.util.ArrayList.forEach(ArrayList.java:1259)
	at org.junit.platform.engine.support.hierarchical.SameThreadHierarchicalTestExecutorService.invokeAll(SameThreadHierarchicalTestExecutorService.java:41)
	at org.junit.platform.engine.support.hierarchical.NodeTestTask.lambda$executeRecursively$6(NodeTestTask.java:155)
	at org.junit.platform.engine.support.hierarchical.ThrowableCollector.execute(ThrowableCollector.java:73)
	at org.junit.platform.engine.support.hierarchical.NodeTestTask.lambda$executeRecursively$8(NodeTestTask.java:141)
	at org.junit.platform.engine.support.hierarchical.Node.around(Node.java:137)
	at org.junit.platform.engine.support.hierarchical.NodeTestTask.lambda$executeRecursively$9(NodeTestTask.java:139)
	at org.junit.platform.engine.support.hierarchical.ThrowableCollector.execute(ThrowableCollector.java:73)
	at org.junit.platform.engine.support.hierarchical.NodeTestTask.executeRecursively(NodeTestTask.java:138)
	at org.junit.platform.engine.support.hierarchical.NodeTestTask.execute(NodeTestTask.java:95)
	at org.junit.platform.engine.support.hierarchical.SameThreadHierarchicalTestExecutorService.submit(SameThreadHierarchicalTestExecutorService.java:35)
	at org.junit.platform.engine.support.hierarchical.HierarchicalTestExecutor.execute(HierarchicalTestExecutor.java:57)
	at org.junit.platform.engine.support.hierarchical.HierarchicalTestEngine.execute(HierarchicalTestEngine.java:54)
	at org.junit.platform.launcher.core.EngineExecutionOrchestrator.execute(EngineExecutionOrchestrator.java:198)
	at org.junit.platform.launcher.core.EngineExecutionOrchestrator.execute(EngineExecutionOrchestrator.java:169)
	at org.junit.platform.launcher.core.EngineExecutionOrchestrator.execute(EngineExecutionOrchestrator.java:93)
	at org.junit.platform.launcher.core.EngineExecutionOrchestrator.lambda$execute$0(EngineExecutionOrchestrator.java:58)
	at org.junit.platform.launcher.core.EngineExecutionOrchestrator.withInterceptedStreams(EngineExecutionOrchestrator.java:141)
	at org.junit.platform.launcher.core.EngineExecutionOrchestrator.execute(EngineExecutionOrchestrator.java:57)
	at org.junit.platform.launcher.core.DefaultLauncher.execute(DefaultLauncher.java:103)
	at org.junit.platform.launcher.core.DefaultLauncher.execute(DefaultLauncher.java:85)
	at org.junit.platform.launcher.core.DelegatingLauncher.execute(DelegatingLauncher.java:47)
	at org.junit.platform.launcher.core.SessionPerRequestLauncher.execute(SessionPerRequestLauncher.java:63)
	at org.apache.maven.surefire.junitplatform.JUnitPlatformProvider.execute(JUnitPlatformProvider.java:188)
	at org.apache.maven.surefire.junitplatform.JUnitPlatformProvider.invokeAllTests(JUnitPlatformProvider.java:154)
	at org.apache.maven.surefire.junitplatform.JUnitPlatformProvider.invoke(JUnitPlatformProvider.java:124)
	at org.apache.maven.surefire.booter.ForkedBooter.runSuitesInProcess(ForkedBooter.java:428)
	at org.apache.maven.surefire.booter.ForkedBooter.execute(ForkedBooter.java:162)
	at org.apache.maven.surefire.booter.ForkedBooter.run(ForkedBooter.java:562)
	at org.apache.maven.surefire.booter.ForkedBooter.main(ForkedBooter.java:548)
2024-03-11 08:29:06,983 [main] WARN  dropwizard3.Dm3MetricRegistriesImpl (Dm3MetricRegistriesImpl.java:addReporterRegistration(113)) - New reporters are added after registries were created. Some metrics will be missing from the reporter. Please add reporter before adding any new registry.
2024-03-11 08:29:06,983 [main] WARN  dropwizard3.Dm3MetricRegistriesImpl (Dm3MetricRegistriesImpl.java:addReporterRegistration(113)) - New reporters are added after registries were created. Some metrics will be missing from the reporter. Please add reporter before adding any new registry.
2024-03-11 08:29:06,983 [main] WARN  server.ServerUtils (ServerUtils.java:getDefaultRatisDirectory(311)) - Storage directory for Ratis is not configured. It is a good idea to map this to an SSD disk. Falling back to ozone.metadata.dirs
2024-03-11 08:29:06,985 [main] INFO  ratis.OzoneManagerRatisServer (OzoneManagerRatisServer.java:<init>(167)) - Instantiating OM Ratis server with groupID: om-service-test1 and peers: localhost:15011, localhost:15015, localhost:15007
2024-03-11 08:29:06,985 [main] INFO  ratis.OzoneManagerStateMachine (OzoneManagerStateMachine.java:loadSnapshotInfoFromDB(573)) - LastAppliedIndex is set from TransactionInfo from OM DB as (t:2, i:73)
2024-03-11 08:29:06,986 [main] INFO  server.RaftServer (ConfUtils.java:logGet(46)) - raft.rpc.type = GRPC (default)
2024-03-11 08:29:06,986 [main] INFO  grpc.GrpcConfigKeys (ConfUtils.java:logFallback(53)) - raft.grpc.admin.host = null (fallback to raft.grpc.server.host)
2024-03-11 08:29:06,986 [main] INFO  grpc.GrpcConfigKeys (ConfUtils.java:logFallback(53)) - raft.grpc.admin.port = 15011 (fallback to raft.grpc.server.port)
2024-03-11 08:29:06,986 [main] INFO  grpc.GrpcConfigKeys (ConfUtils.java:logFallback(53)) - raft.grpc.client.host = null (fallback to raft.grpc.server.host)
2024-03-11 08:29:06,986 [main] INFO  grpc.GrpcConfigKeys (ConfUtils.java:logFallback(53)) - raft.grpc.client.port = 15011 (fallback to raft.grpc.server.port)
2024-03-11 08:29:06,986 [main] INFO  grpc.GrpcConfigKeys (ConfUtils.java:logGet(46)) - raft.grpc.server.host = null (default)
2024-03-11 08:29:06,986 [main] INFO  grpc.GrpcConfigKeys (ConfUtils.java:logGet(46)) - raft.grpc.server.port = 15011 (custom)
2024-03-11 08:29:06,986 [main] INFO  server.GrpcService (ConfUtils.java:logGet(46)) - raft.grpc.message.size.max = 4194304 (custom)
2024-03-11 08:29:06,987 [main] INFO  server.RaftServerConfigKeys (ConfUtils.java:logGet(46)) - raft.server.log.appender.buffer.byte-limit = 4194304 (custom)
2024-03-11 08:29:06,987 [main] INFO  server.GrpcService (ConfUtils.java:logGet(46)) - raft.grpc.flow.control.window = 1MB (=1048576) (default)
2024-03-11 08:29:06,987 [main] INFO  server.RaftServerConfigKeys (ConfUtils.java:logGet(46)) - raft.server.rpc.request.timeout = 3000ms (default)
2024-03-11 08:29:06,987 [main] INFO  grpc.GrpcConfigKeys (ConfUtils.java:logGet(46)) - raft.grpc.server.heartbeat.channel = true (default)
2024-03-11 08:29:06,987 [main] INFO  grpc.GrpcConfigKeys (ConfUtils.java:logGet(46)) - raft.grpc.server.async.request.thread.pool.cached = true (default)
2024-03-11 08:29:06,988 [main] INFO  grpc.GrpcConfigKeys (ConfUtils.java:logGet(46)) - raft.grpc.server.async.request.thread.pool.size = 32 (default)
2024-03-11 08:29:06,989 [main] INFO  impl.DataStreamServerImpl (ConfUtils.java:logGet(46)) - raft.datastream.type = DISABLED (default)
2024-03-11 08:29:06,989 [main] INFO  server.RaftServerConfigKeys (ConfUtils.java:logGet(46)) - raft.server.sleep.deviation.threshold = 300ms (default)
2024-03-11 08:29:06,989 [main] INFO  server.RaftServerConfigKeys (ConfUtils.java:logGet(46)) - raft.server.close.threshold = 60s (default)
2024-03-11 08:29:06,989 [main] INFO  server.RaftServerConfigKeys (ConfUtils.java:logGet(46)) - raft.server.leaderelection.leader.step-down.wait-time = 10s (default)
2024-03-11 08:29:06,989 [main] INFO  server.RaftServerConfigKeys (ConfUtils.java:logGet(46)) - raft.server.storage.dir = [/home/runner/work/ozone/ozone/hadoop-ozone/integration-test/target/test-dir/MiniOzoneClusterImpl-0c785975-649e-413c-843d-c786b3d663ab/omNode-2/ratis] (custom)
2024-03-11 08:29:06,989 [main] INFO  server.RaftServerConfigKeys (ConfUtils.java:logGet(46)) - raft.server.threadpool.proxy.cached = true (default)
2024-03-11 08:29:06,989 [main] INFO  server.RaftServerConfigKeys (ConfUtils.java:logGet(46)) - raft.server.threadpool.proxy.size = 0 (default)
2024-03-11 08:29:06,990 [omNode-2-impl-thread1] INFO  server.RaftServer (RaftServerProxy.java:initGroupDir(264)) - omNode-2: found a subdirectory /home/runner/work/ozone/ozone/hadoop-ozone/integration-test/target/test-dir/MiniOzoneClusterImpl-0c785975-649e-413c-843d-c786b3d663ab/omNode-2/ratis/c9bc4cf4-3bc3-3c60-a66b-523986131536
2024-03-11 08:29:06,990 [main] INFO  server.RaftServer (RaftServerProxy.java:addNew(100)) - omNode-2: addNew group-523986131536:[omNode-3|localhost:15015, omNode-1|localhost:15007, omNode-2|localhost:15011] returns group-523986131536:java.util.concurrent.CompletableFuture@f5d4e89[Not completed]
2024-03-11 08:29:06,990 [omNode-2-groupManagement] INFO  server.RaftServer$Division (RaftServerImpl.java:<init>(256)) - omNode-2: new RaftServerImpl for group-523986131536:[omNode-3|localhost:15015, omNode-1|localhost:15007, omNode-2|localhost:15011] with OzoneManagerStateMachine:uninitialized
2024-03-11 08:29:06,990 [main] INFO  om.OzoneManager (OzoneManager.java:initializeRatisServer(2177)) - OzoneManager Ratis server initialized at port 15011
2024-03-11 08:29:06,990 [omNode-2-groupManagement] INFO  server.RaftServerConfigKeys (ConfUtils.java:logGet(46)) - raft.server.rpc.timeout.min = 1s (custom)
2024-03-11 08:29:06,991 [omNode-2-groupManagement] INFO  server.RaftServerConfigKeys (ConfUtils.java:logGet(46)) - raft.server.rpc.timeout.max = 1200ms (custom)
2024-03-11 08:29:06,990 [main] INFO  ratis.OzoneManagerRatisServer (OzoneManagerRatisServer.java:start(588)) - Starting OzoneManagerRatisServer omNode-2 at port 15011
2024-03-11 08:29:06,991 [omNode-2-groupManagement] INFO  server.RaftServerConfigKeys (ConfUtils.java:logGet(46)) - raft.server.rpc.sleep.time = 25ms (default)
2024-03-11 08:29:06,991 [omNode-2-groupManagement] INFO  server.RaftServerConfigKeys (ConfUtils.java:logGet(46)) - raft.server.rpc.slowness.timeout = 2s (custom)
2024-03-11 08:29:06,991 [omNode-2-groupManagement] INFO  server.RaftServerConfigKeys (ConfUtils.java:logGet(46)) - raft.server.leaderelection.leader.step-down.wait-time = 10s (default)
2024-03-11 08:29:06,991 [omNode-2-groupManagement] INFO  server.RaftServerConfigKeys (ConfUtils.java:logGet(46)) - raft.server.leaderelection.member.majority-add = false (default)
2024-03-11 08:29:06,991 [omNode-2-groupManagement] INFO  server.RaftServerConfigKeys (ConfUtils.java:logGet(46)) - raft.server.sleep.deviation.threshold = 300ms (default)
2024-03-11 08:29:06,991 [omNode-2-groupManagement] INFO  server.RaftServer$Division (ServerState.java:<init>(113)) - omNode-2@group-523986131536: ConfigurationManager, init=-1: peers:[omNode-3|localhost:15015, omNode-1|localhost:15007, omNode-2|localhost:15011]|listeners:[], old=null, confs=<EMPTY_MAP>
2024-03-11 08:29:06,991 [omNode-2-groupManagement] INFO  server.RaftServerConfigKeys (ConfUtils.java:logGet(46)) - raft.server.notification.no-leader.timeout = 2s (custom)
2024-03-11 08:29:06,991 [omNode-2-groupManagement] INFO  server.RaftServerConfigKeys (ConfUtils.java:logGet(46)) - raft.server.read.timeout = 10s (default)
2024-03-11 08:29:06,991 [omNode-2-groupManagement] INFO  server.RaftServerConfigKeys (ConfUtils.java:logGet(46)) - raft.server.retrycache.expirytime = 30000ms (custom)
2024-03-11 08:29:06,991 [omNode-2-groupManagement] INFO  server.RaftServerConfigKeys (ConfUtils.java:logGet(46)) - raft.server.retrycache.statistics.expirytime = 100ms (default)
2024-03-11 08:29:06,991 [omNode-2-groupManagement] INFO  server.RaftServerConfigKeys (ConfUtils.java:logGet(46)) - raft.server.read.option = DEFAULT (default)
2024-03-11 08:29:06,991 [omNode-2-groupManagement] INFO  server.RaftServerConfigKeys (ConfUtils.java:logGet(46)) - raft.server.read.read-after-write-consistent.write-index-cache.expiry-time = 60s (default)
2024-03-11 08:29:06,994 [omNode-2-groupManagement] INFO  server.RaftServerConfigKeys (ConfUtils.java:logGet(46)) - raft.server.rpc.request.timeout = 3000ms (default)
2024-03-11 08:29:06,994 [omNode-2-groupManagement] INFO  server.RaftServerConfigKeys (ConfUtils.java:logGet(46)) - raft.server.log.appender.install.snapshot.enabled = false (custom)
2024-03-11 08:29:06,994 [omNode-2-groupManagement] INFO  server.RaftServerConfigKeys (ConfUtils.java:logGet(46)) - raft.server.threadpool.server.cached = true (default)
2024-03-11 08:29:06,994 [omNode-2-groupManagement] INFO  server.RaftServerConfigKeys (ConfUtils.java:logGet(46)) - raft.server.threadpool.server.size = 0 (default)
2024-03-11 08:29:06,994 [omNode-2-groupManagement] INFO  server.RaftServerConfigKeys (ConfUtils.java:logGet(46)) - raft.server.threadpool.client.cached = true (default)
2024-03-11 08:29:06,994 [omNode-2-groupManagement] INFO  server.RaftServerConfigKeys (ConfUtils.java:logGet(46)) - raft.server.threadpool.client.size = 0 (default)
2024-03-11 08:29:06,997 [omNode-2-impl-thread1] INFO  server.RaftServerConfigKeys (ConfUtils.java:logGet(46)) - raft.server.storage.free-space.min = 0MB (=0) (default)
2024-03-11 08:29:06,997 [omNode-2-impl-thread1] INFO  server.RaftServerConfigKeys (ConfUtils.java:logGet(46)) - raft.server.log.corruption.policy = EXCEPTION (default)
2024-03-11 08:29:06,997 [omNode-2-impl-thread1] INFO  server.RaftServerConfigKeys (ConfUtils.java:logGet(46)) - raft.server.storage.dir = [/home/runner/work/ozone/ozone/hadoop-ozone/integration-test/target/test-dir/MiniOzoneClusterImpl-0c785975-649e-413c-843d-c786b3d663ab/omNode-2/ratis] (custom)
2024-03-11 08:29:06,998 [omNode-2-impl-thread1] INFO  storage.RaftStorageDirectory (RaftStorageDirectoryImpl.java:tryLock(228)) - Lock on /home/runner/work/ozone/ozone/hadoop-ozone/integration-test/target/test-dir/MiniOzoneClusterImpl-0c785975-649e-413c-843d-c786b3d663ab/omNode-2/ratis/c9bc4cf4-3bc3-3c60-a66b-523986131536/in_use.lock acquired by nodename 48108@fv-az1250-130
2024-03-11 08:29:06,999 [omNode-2-impl-thread1] INFO  storage.RaftStorage (RaftStorageImpl.java:analyzeAndRecoverStorage(119)) - Read RaftStorageMetadata{term=2, votedFor=omNode-3} from /home/runner/work/ozone/ozone/hadoop-ozone/integration-test/target/test-dir/MiniOzoneClusterImpl-0c785975-649e-413c-843d-c786b3d663ab/omNode-2/ratis/c9bc4cf4-3bc3-3c60-a66b-523986131536/current/raft-meta
2024-03-11 08:29:07,000 [omNode-2-impl-thread1] INFO  server.RaftServer$Division (ServerState.java:setRaftConf(386)) - omNode-2@group-523986131536: set configuration 20: peers:[omNode-3|localhost:15015, omNode-1|localhost:15007, omNode-2|localhost:15011]|listeners:[], old=null
2024-03-11 08:29:07,001 [omNode-2-impl-thread1] INFO  server.RaftServerConfigKeys (ConfUtils.java:logGet(46)) - raft.server.log.use.memory = false (default)
2024-03-11 08:29:07,001 [omNode-2-impl-thread1] INFO  server.RaftServerConfigKeys (ConfUtils.java:logGet(46)) - raft.server.log.purge.gap = 50 (custom)
2024-03-11 08:29:07,001 [omNode-2-impl-thread1] INFO  server.RaftServerConfigKeys (ConfUtils.java:logGet(46)) - raft.server.log.appender.buffer.byte-limit = 4194304 (custom)
2024-03-11 08:29:07,001 [omNode-2-impl-thread1] INFO  server.RaftServerConfigKeys (ConfUtils.java:logGet(46)) - raft.server.log.statemachine.data.read.timeout = 1000ms (default)
2024-03-11 08:29:07,001 [omNode-2-impl-thread1] INFO  server.RaftServerConfigKeys (ConfUtils.java:logGet(46)) - raft.server.log.purge.preservation.log.num = 0 (default)
2024-03-11 08:29:07,002 [omNode-2-impl-thread1] INFO  server.RaftServerConfigKeys (ConfUtils.java:logGet(46)) - raft.server.log.segment.size.max = 4194304 (custom)
2024-03-11 08:29:07,002 [omNode-2-impl-thread1] INFO  server.RaftServerConfigKeys (ConfUtils.java:logGet(46)) - raft.server.log.segment.cache.num.max = 2 (custom)
2024-03-11 08:29:07,002 [omNode-2-impl-thread1] INFO  server.RaftServerConfigKeys (ConfUtils.java:logGet(46)) - raft.server.log.segment.cache.size.max = 200MB (=209715200) (default)
2024-03-11 08:29:07,002 [omNode-2-impl-thread1] INFO  server.RaftServerConfigKeys (ConfUtils.java:logGet(46)) - raft.server.log.appender.buffer.byte-limit = 4194304 (custom)
2024-03-11 08:29:07,005 [omNode-2-impl-thread1] INFO  util.AwaitToRun (AwaitToRun.java:start(81)) - Thread[omNode-2@group-523986131536-cacheEviction-AwaitToRun,5,main] started
2024-03-11 08:29:07,005 [omNode-2-impl-thread1] INFO  segmented.SegmentedRaftLogWorker (SegmentedRaftLogWorker.java:<init>(182)) - new omNode-2@group-523986131536-SegmentedRaftLogWorker for RaftStorageImpl:Storage Directory /home/runner/work/ozone/ozone/hadoop-ozone/integration-test/target/test-dir/MiniOzoneClusterImpl-0c785975-649e-413c-843d-c786b3d663ab/omNode-2/ratis/c9bc4cf4-3bc3-3c60-a66b-523986131536
2024-03-11 08:29:07,005 [omNode-2-impl-thread1] INFO  server.RaftServerConfigKeys (ConfUtils.java:logGet(46)) - raft.server.log.queue.byte-limit = 64MB (=67108864) (default)
2024-03-11 08:29:07,005 [omNode-2-impl-thread1] INFO  server.RaftServerConfigKeys (ConfUtils.java:logGet(46)) - raft.server.log.queue.element-limit = 4096 (default)
2024-03-11 08:29:07,005 [omNode-2-impl-thread1] INFO  server.RaftServerConfigKeys (ConfUtils.java:logGet(46)) - raft.server.log.segment.size.max = 4194304 (custom)
2024-03-11 08:29:07,005 [omNode-2-impl-thread1] INFO  server.RaftServerConfigKeys (ConfUtils.java:logGet(46)) - raft.server.log.preallocated.size = 4194304 (custom)
2024-03-11 08:29:07,005 [omNode-2-impl-thread1] INFO  server.RaftServerConfigKeys (ConfUtils.java:logGet(46)) - raft.server.log.force.sync.num = 128 (default)
2024-03-11 08:29:07,005 [omNode-2-impl-thread1] INFO  server.RaftServerConfigKeys (ConfUtils.java:logGet(46)) - raft.server.log.statemachine.data.sync = true (default)
2024-03-11 08:29:07,005 [omNode-2-impl-thread1] INFO  server.RaftServerConfigKeys (ConfUtils.java:logGet(46)) - raft.server.log.statemachine.data.sync.timeout = 10s (default)
2024-03-11 08:29:07,005 [omNode-2-impl-thread1] INFO  server.RaftServerConfigKeys (ConfUtils.java:logGet(46)) - raft.server.log.statemachine.data.sync.timeout.retry = -1 (default)
2024-03-11 08:29:07,005 [omNode-2-impl-thread1] INFO  server.RaftServerConfigKeys (ConfUtils.java:logGet(46)) - raft.server.log.write.buffer.size = 4194312 (custom)
2024-03-11 08:29:07,006 [omNode-2-impl-thread1] INFO  server.RaftServerConfigKeys (ConfUtils.java:logGet(46)) - raft.server.log.appender.buffer.byte-limit = 4194304 (custom)
2024-03-11 08:29:07,006 [omNode-2-impl-thread1] INFO  server.RaftServerConfigKeys (ConfUtils.java:logGet(46)) - raft.server.log.unsafe-flush.enabled = false (default)
2024-03-11 08:29:07,006 [omNode-2-impl-thread1] INFO  server.RaftServerConfigKeys (ConfUtils.java:logGet(46)) - raft.server.log.async-flush.enabled = false (default)
2024-03-11 08:29:07,006 [omNode-2-impl-thread1] INFO  server.RaftServerConfigKeys (ConfUtils.java:logGet(46)) - raft.server.log.statemachine.data.caching.enabled = false (default)
2024-03-11 08:29:07,007 [omNode-2-impl-thread1] INFO  server.RaftServer$Division (ServerState.java:setRaftConf(386)) - omNode-2@group-523986131536: set configuration 20: peers:[omNode-3|localhost:15015, omNode-1|localhost:15007, omNode-2|localhost:15011]|listeners:[], old=null
2024-03-11 08:29:07,013 [omNode-2-impl-thread1] INFO  segmented.LogSegment (LogSegment.java:loadSegment(170)) - Successfully read 54 entries from segment file /home/runner/work/ozone/ozone/hadoop-ozone/integration-test/target/test-dir/MiniOzoneClusterImpl-0c785975-649e-413c-843d-c786b3d663ab/omNode-2/ratis/c9bc4cf4-3bc3-3c60-a66b-523986131536/current/log_inprogress_20
2024-03-11 08:29:07,014 [omNode-2-impl-thread1] INFO  segmented.SegmentedRaftLogWorker (SegmentedRaftLogWorker.java:lambda$new$0(134)) - omNode-2@group-523986131536-SegmentedRaftLogWorker: flushIndex: setUnconditionally 0 -> 73
2024-03-11 08:29:07,014 [omNode-2-impl-thread1] INFO  segmented.SegmentedRaftLogWorker (SegmentedRaftLogWorker.java:lambda$new$0(134)) - omNode-2@group-523986131536-SegmentedRaftLogWorker: safeCacheEvictIndex: setUnconditionally 0 -> -1
2024-03-11 08:29:07,014 [omNode-2-impl-thread1] INFO  segmented.BufferedWriteChannel (BufferedWriteChannel.java:open(62)) - open log_inprogress_20 (append) at position 16847
2024-03-11 08:29:07,014 [omNode-2-impl-thread1] INFO  raftlog.RaftLog (RaftLogBase.java:lambda$new$0(54)) - omNode-2@group-523986131536-SegmentedRaftLog: purgeIndex: updateIncreasingly -1 -> 19
2024-03-11 08:29:07,014 [omNode-2-impl-thread1] INFO  server.RaftServer$Division (RaftServerImpl.java:start(396)) - omNode-2@group-523986131536: start as a follower, conf=20: peers:[omNode-3|localhost:15015, omNode-1|localhost:15007, omNode-2|localhost:15011]|listeners:[], old=null
2024-03-11 08:29:07,014 [omNode-2-impl-thread1] INFO  server.RaftServer$Division (RaftServerImpl.java:setRole(383)) - omNode-2@group-523986131536: changes role from      null to FOLLOWER at term 2 for startAsFollower
2024-03-11 08:29:07,014 [omNode-2-impl-thread1] INFO  impl.RoleInfo (RoleInfo.java:updateAndGet(139)) - omNode-2: start omNode-2@group-523986131536-FollowerState
2024-03-11 08:29:07,014 [omNode-2@group-523986131536-FollowerState] INFO  server.RaftServerConfigKeys (ConfUtils.java:logFallback(53)) - raft.server.rpc.first-election.timeout.min = 1s (fallback to raft.server.rpc.timeout.min)
2024-03-11 08:29:07,015 [omNode-2@group-523986131536-FollowerState] INFO  server.RaftServerConfigKeys (ConfUtils.java:logFallback(53)) - raft.server.rpc.first-election.timeout.max = 1200ms (fallback to raft.server.rpc.timeout.max)
2024-03-11 08:29:07,015 [omNode-2-impl-thread1] INFO  util.JmxRegister (JmxRegister.java:tryRegister(44)) - Successfully registered JMX Bean with object name Ratis:service=RaftServer,group=group-523986131536,id=omNode-2
2024-03-11 08:29:07,015 [omNode-2-impl-thread1] INFO  server.RaftServerConfigKeys (ConfUtils.java:logGet(46)) - raft.server.snapshot.trigger-when-stop.enabled = true (default)
2024-03-11 08:29:07,015 [omNode-2-impl-thread1] INFO  server.RaftServerConfigKeys (ConfUtils.java:logGet(46)) - raft.server.snapshot.auto.trigger.enabled = true (custom)
2024-03-11 08:29:07,015 [omNode-2-impl-thread1] INFO  server.RaftServerConfigKeys (ConfUtils.java:logGet(46)) - raft.server.snapshot.auto.trigger.threshold = 50 (custom)
2024-03-11 08:29:07,015 [omNode-2-impl-thread1] INFO  server.RaftServerConfigKeys (ConfUtils.java:logGet(46)) - raft.server.snapshot.retention.file.num = -1 (default)
2024-03-11 08:29:07,015 [omNode-2-impl-thread1] INFO  server.RaftServerConfigKeys (ConfUtils.java:logGet(46)) - raft.server.log.purge.upto.snapshot.index = true (custom)
2024-03-11 08:29:07,016 [main] INFO  server.RaftServer (RaftServerProxy.java:startImpl(406)) - omNode-2: start RPC server
2024-03-11 08:29:07,017 [main] INFO  server.GrpcService (GrpcService.java:startImpl(302)) - omNode-2: GrpcService started, listening on 15011
2024-03-11 08:29:07,017 [main] INFO  om.OzoneManager (OzoneManager.java:getRpcServer(1231)) - Creating RPC Server
2024-03-11 08:29:07,017 [JvmPauseMonitor12] INFO  util.JvmPauseMonitor (JvmPauseMonitor.java:run(146)) - JvmPauseMonitor-omNode-2: Started
2024-03-11 08:29:07,202 [main] INFO  ipc.CallQueueManager (CallQueueManager.java:<init>(90)) - Using callQueue: class java.util.concurrent.LinkedBlockingQueue, queueCapacity: 2000, scheduler: class org.apache.hadoop.ipc.DefaultRpcScheduler, ipcBackoff: false.
2024-03-11 08:29:07,202 [main] INFO  ipc.Server (Server.java:<init>(1287)) - Listener at localhost:15008
2024-03-11 08:29:07,202 [Socket Reader #1 for port 15008] INFO  ipc.Server (Server.java:run(1323)) - Starting Socket Reader #1 for port 15008
2024-03-11 08:29:07,205 [main] INFO  http.BaseHttpServer (BaseHttpServer.java:newHttpServer2BuilderForOzone(223)) - Starting Web-server for ozoneManager at: http://0.0.0.0:15009
2024-03-11 08:29:07,206 [main] INFO  http.BaseHttpServer (BaseHttpServer.java:<init>(110)) - Hadoop Security Enabled: false Ozone Security Enabled: false Ozone HTTP Security Enabled: false 
2024-03-11 08:29:07,207 [main] WARN  server.AuthenticationFilter (AuthenticationFilter.java:constructSecretProvider(240)) - Unable to initialize FileSignerSecretProvider, falling back to use random secrets. Reason: Could not read signature secret file: /home/runner/hadoop-http-auth-signature-secret
2024-03-11 08:29:07,208 [main] INFO  http.HttpRequestLog (HttpRequestLog.java:getRequestLog(86)) - Http request log for http.requests.ozoneManager is not defined
2024-03-11 08:29:07,209 [main] INFO  http.HttpServer2 (HttpServer2.java:addGlobalFilter(1036)) - Added global filter 'safety' (class=org.apache.hadoop.hdds.server.http.HttpServer2$QuotingInputFilter)
2024-03-11 08:29:07,210 [main] INFO  http.HttpServer2 (HttpServer2.java:addFilter(1012)) - Added filter static_user_filter (class=org.apache.hadoop.http.lib.StaticUserWebFilter$StaticUserFilter) to context ozoneManager
2024-03-11 08:29:07,210 [main] INFO  http.HttpServer2 (HttpServer2.java:addFilter(1020)) - Added filter static_user_filter (class=org.apache.hadoop.http.lib.StaticUserWebFilter$StaticUserFilter) to context logs
2024-03-11 08:29:07,210 [main] INFO  http.HttpServer2 (HttpServer2.java:addFilter(1020)) - Added filter static_user_filter (class=org.apache.hadoop.http.lib.StaticUserWebFilter$StaticUserFilter) to context static
2024-03-11 08:29:07,211 [main] INFO  http.BaseHttpServer (BaseHttpServer.java:<init>(189)) - HTTP server of ozoneManager uses base directory /home/runner/work/ozone/ozone/hadoop-ozone/integration-test/target/test-dir/MiniOzoneClusterImpl-0c785975-649e-413c-843d-c786b3d663ab/omNode-2/webserver
2024-03-11 08:29:07,211 [main] INFO  http.HttpServer2 (HttpServer2.java:bindListener(1236)) - Jetty bound to port 15009
2024-03-11 08:29:07,212 [main] INFO  server.Server (Server.java:doStart(375)) - jetty-9.4.53.v20231009; built: 2023-10-09T12:29:09.265Z; git: 27bde00a0b95a1d5bbee0eae7984f891d2d0f8c9; jvm 1.8.0_402-b06
2024-03-11 08:29:07,216 [main] INFO  server.session (DefaultSessionIdManager.java:doStart(334)) - DefaultSessionIdManager workerName=node0
2024-03-11 08:29:07,216 [main] INFO  server.session (DefaultSessionIdManager.java:doStart(339)) - No SessionScavenger set, using defaults
2024-03-11 08:29:07,216 [main] INFO  server.session (HouseKeeper.java:startScavenging(132)) - node0 Scavenging every 660000ms
2024-03-11 08:29:07,217 [main] INFO  handler.ContextHandler (ContextHandler.java:doStart(921)) - Started o.e.j.s.ServletContextHandler@59a9fe18{logs,/logs,file:///home/runner/work/ozone/ozone/hadoop-ozone/integration-test/target/log,AVAILABLE}
2024-03-11 08:29:07,217 [main] INFO  handler.ContextHandler (ContextHandler.java:doStart(921)) - Started o.e.j.s.ServletContextHandler@6678a63c{static,/static,file:///home/runner/work/ozone/ozone/hadoop-ozone/integration-test/target/test-classes/webapps/static,AVAILABLE}
2024-03-11 08:29:07,221 [main] INFO  handler.ContextHandler (ContextHandler.java:doStart(921)) - Started o.e.j.w.WebAppContext@683fe5a5{ozoneManager,/,file:///home/runner/work/ozone/ozone/hadoop-ozone/integration-test/target/test-classes/webapps/ozoneManager/,AVAILABLE}{file:/home/runner/work/ozone/ozone/hadoop-ozone/integration-test/target/test-classes/webapps/ozoneManager}
2024-03-11 08:29:07,223 [main] INFO  server.AbstractConnector (AbstractConnector.java:doStart(333)) - Started ServerConnector@8a51c4e{HTTP/1.1, (http/1.1)}{0.0.0.0:15009}
2024-03-11 08:29:07,223 [main] INFO  server.Server (Server.java:doStart(415)) - Started @161994ms
2024-03-11 08:29:07,224 [main] WARN  impl.MetricsSystemImpl (MetricsSystemImpl.java:register(279)) - Sink prometheus already exists!
2024-03-11 08:29:07,224 [main] INFO  http.BaseHttpServer (BaseHttpServer.java:updateConnectorAddress(354)) - HTTP server of ozoneManager listening at http://0.0.0.0:15009
2024-03-11 08:29:07,225 [IPC Server Responder] INFO  ipc.Server (Server.java:run(1562)) - IPC Server Responder: starting
2024-03-11 08:29:07,225 [IPC Server listener on 15008] INFO  ipc.Server (Server.java:run(1402)) - IPC Server listener on 15008: starting
2024-03-11 08:29:07,230 [main] INFO  om.OzoneManager (OzoneManager.java:startTrashEmptier(2130)) - Trash Interval set to 0. Files deleted won't move to trash
]]></system-out>
    <rerunError type="PREPARE_FAILED org.apache.hadoop.ozone.om.exceptions.OMException">
      <stackTrace><![CDATA[PREPARE_FAILED org.apache.hadoop.ozone.om.exceptions.OMException: java.io.IOException: After waiting for 120 seconds, Ratis state machine applied index 50 which is less than the minimum required index 52.
	at org.apache.hadoop.ozone.om.protocolPB.OzoneManagerProtocolClientSideTranslatorPB.handleError(OzoneManagerProtocolClientSideTranslatorPB.java:752)
	at org.apache.hadoop.ozone.om.protocolPB.OzoneManagerProtocolClientSideTranslatorPB.prepareOzoneManager(OzoneManagerProtocolClientSideTranslatorPB.java:2466)
	at org.apache.hadoop.ozone.om.TestOzoneManagerPrepare.submitPrepareRequest(TestOzoneManagerPrepare.java:445)
	at org.apache.hadoop.ozone.om.TestOzoneManagerPrepare.testCancelPrepare(TestOzoneManagerPrepare.java:314)
	at java.lang.reflect.Method.invoke(Method.java:498)
	at java.util.ArrayList.forEach(ArrayList.java:1259)
	at java.util.ArrayList.forEach(ArrayList.java:1259)
]]></stackTrace>
      <system-out><![CDATA[2024-03-11 08:30:15,668 [main] WARN  server.ServerUtils (ServerUtils.java:getScmDbDir(143)) - ozone.scm.db.dirs is not configured. We recommend adding this setting. Falling back to ozone.metadata.dirs instead.
2024-03-11 08:30:15,673 [main] WARN  server.ServerUtils (ServerUtils.java:getScmDbDir(143)) - ozone.scm.db.dirs is not configured. We recommend adding this setting. Falling back to ozone.metadata.dirs instead.
2024-03-11 08:30:15,673 [main] INFO  ha.SCMHANodeDetails (SCMHANodeDetails.java:loadSCMHAConfig(207)) - ServiceID for StorageContainerManager is null
2024-03-11 08:30:15,673 [main] INFO  ha.SCMHANodeDetails (SCMHANodeDetails.java:loadSCMHAConfig(212)) - ozone.scm.default.service.id is not defined, falling back to ozone.scm.service.ids to find serviceID for StorageContainerManager if it is HA enabled cluster
2024-03-11 08:30:15,674 [main] WARN  utils.HAUtils (HAUtils.java:getMetaDir(339)) - ozone.scm.db.dirs is not configured. We recommend adding this setting. Falling back to ozone.metadata.dirs instead.
2024-03-11 08:30:15,674 [main] WARN  db.DBStoreBuilder (DBStoreBuilder.java:applyDBDefinition(171)) - ozone.scm.db.dirs is not configured. We recommend adding this setting. Falling back to ozone.metadata.dirs instead.
2024-03-11 08:30:15,779 [main] INFO  net.NodeSchemaLoader (NodeSchemaLoader.java:loadSchemaFromFile(129)) - Loading schema from [jar:file:/home/runner/.m2/repository/org/apache/ozone/hdds-common/1.5.0-SNAPSHOT/hdds-common-1.5.0-SNAPSHOT.jar!/network-topology-default.xml]
2024-03-11 08:30:15,780 [main] INFO  net.NodeSchemaLoader (NodeSchemaLoader.java:loadSchema(176)) - Loading network topology layer schema file
2024-03-11 08:30:15,782 [main] INFO  upgrade.AbstractLayoutVersionManager (AbstractLayoutVersionManager.java:init(83)) - Initializing Layout version manager with metadata layout = HADOOP_PRC_PORTS_IN_DATANODEDETAILS (version = 7), software layout = HADOOP_PRC_PORTS_IN_DATANODEDETAILS (version = 7)
2024-03-11 08:30:15,783 [main] INFO  ha.SequenceIdGenerator (SequenceIdGenerator.java:upgradeToSequenceId(370)) - upgrade localId to 113750153625600000
2024-03-11 08:30:15,784 [main] INFO  ha.SequenceIdGenerator (SequenceIdGenerator.java:upgradeToSequenceId(380)) - upgrade delTxnId to 0
2024-03-11 08:30:15,785 [main] INFO  ha.SequenceIdGenerator (SequenceIdGenerator.java:upgradeToSequenceId(397)) - upgrade containerId to 0
2024-03-11 08:30:15,787 [main] INFO  ha.SequenceIdGenerator (SequenceIdGenerator.java:upgradeToCertificateSequenceId(444)) - upgrade CertificateId to 2
2024-03-11 08:30:15,787 [main] INFO  ha.SequenceIdGenerator (SequenceIdGenerator.java:<init>(241)) - Init the HA SequenceIdGenerator.
2024-03-11 08:30:15,788 [main] WARN  server.ServerUtils (ServerUtils.java:sanitizeUserArgs(79)) - ozone.scm.stale.node.interval value = 300000 is larger than max = 100000 based on the key value of ozone.scm.heartbeat.thread.interval, reset to the max value 100000.
2024-03-11 08:30:15,788 [main] WARN  server.ServerUtils (ServerUtils.java:sanitizeUserArgs(79)) - ozone.scm.stale.node.interval value = 300000 is larger than max = 100000 based on the key value of ozone.scm.heartbeat.thread.interval, reset to the max value 100000.
2024-03-11 08:30:15,788 [main] INFO  node.SCMNodeManager (SCMNodeManager.java:<init>(177)) - Entering startup safe mode.
2024-03-11 08:30:15,789 [main] INFO  algorithms.ContainerPlacementPolicyFactory (ContainerPlacementPolicyFactory.java:getPolicyInternal(86)) - Create container placement policy of type org.apache.hadoop.hdds.scm.container.placement.algorithms.SCMContainerPlacementRackAware
2024-03-11 08:30:15,789 [main] INFO  algorithms.ContainerPlacementPolicyFactory (ContainerPlacementPolicyFactory.java:getPolicyInternal(86)) - Create container placement policy of type org.apache.hadoop.hdds.scm.container.placement.algorithms.SCMContainerPlacementRackScatter
2024-03-11 08:30:15,789 [main] INFO  pipeline.PipelineStateManagerImpl (PipelineStateManagerImpl.java:initialize(78)) - No pipeline exists in current db
2024-03-11 08:30:15,790 [main] INFO  algorithms.LeaderChoosePolicyFactory (LeaderChoosePolicyFactory.java:getPolicy(57)) - Create leader choose policy of type org.apache.hadoop.hdds.scm.pipeline.leader.choose.algorithms.MinLeaderCountChoosePolicy
2024-03-11 08:30:15,790 [main] INFO  algorithms.ContainerPlacementPolicyFactory (ContainerPlacementPolicyFactory.java:getPolicyInternal(86)) - Create container placement policy of type org.apache.hadoop.hdds.scm.container.placement.algorithms.SCMContainerPlacementRackScatter
2024-03-11 08:30:15,790 [main] INFO  ha.SCMServiceManager (SCMServiceManager.java:register(42)) - Registering service BackgroundPipelineCreator.
2024-03-11 08:30:15,790 [main] INFO  pipeline.BackgroundPipelineCreator (BackgroundPipelineCreator.java:start(127)) - Starting RatisPipelineUtilsThread.
2024-03-11 08:30:15,790 [main] INFO  BackgroundPipelineScrubber (BackgroundSCMService.java:start(65)) - Starting BackgroundPipelineScrubber Service.
2024-03-11 08:30:15,791 [main] INFO  ha.SCMServiceManager (SCMServiceManager.java:register(42)) - Registering service BackgroundPipelineScrubber.
2024-03-11 08:30:15,791 [main] INFO  ExpiredContainerReplicaOpScrubber (BackgroundSCMService.java:start(65)) - Starting ExpiredContainerReplicaOpScrubber Service.
2024-03-11 08:30:15,791 [main] INFO  ha.SCMServiceManager (SCMServiceManager.java:register(42)) - Registering service ExpiredContainerReplicaOpScrubber.
2024-03-11 08:30:15,792 [main] INFO  algorithms.PipelineChoosePolicyFactory (PipelineChoosePolicyFactory.java:createPipelineChoosePolicyFromClass(80)) - Create pipeline choose policy of type org.apache.hadoop.hdds.scm.pipeline.choose.algorithms.RandomPipelineChoosePolicy
2024-03-11 08:30:15,792 [main] INFO  algorithms.PipelineChoosePolicyFactory (PipelineChoosePolicyFactory.java:createPipelineChoosePolicyFromClass(80)) - Create pipeline choose policy of type org.apache.hadoop.hdds.scm.pipeline.choose.algorithms.RandomPipelineChoosePolicy
2024-03-11 08:30:15,793 [main] INFO  ha.SCMServiceManager (SCMServiceManager.java:register(42)) - Registering service SCMBlockDeletingService.
2024-03-11 08:30:15,793 [main] INFO  replication.ReplicationManager (ReplicationManager.java:start(295)) - Starting Replication Monitor Thread.
2024-03-11 08:30:15,794 [ReplicationMonitor] INFO  replication.ReplicationManager (ReplicationManager.java:processAll(371)) - Replication Manager is not ready to run until 3000ms after safemode exit
2024-03-11 08:30:15,794 [main] INFO  ha.SCMServiceManager (SCMServiceManager.java:register(42)) - Registering service ReplicationManager.
2024-03-11 08:30:15,795 [main] INFO  safemode.ContainerSafeModeRule (ContainerSafeModeRule.java:<init>(91)) - containers with one replica threshold count 0
2024-03-11 08:30:15,795 [main] INFO  safemode.HealthyPipelineSafeModeRule (HealthyPipelineSafeModeRule.java:initializeRule(176)) - Total pipeline count is 0, healthy pipeline threshold count is 1
2024-03-11 08:30:15,795 [main] INFO  safemode.OneReplicaPipelineSafeModeRule (OneReplicaPipelineSafeModeRule.java:initializeRule(193)) - Total pipeline count is 0, pipeline's with at least one datanode reported threshold count is 0
2024-03-11 08:30:15,796 [main] INFO  server.StorageContainerManager (StorageContainerManager.java:<init>(440)) - SCM start with adminUsers: [*, runner]
2024-03-11 08:30:15,796 [main] INFO  ipc.CallQueueManager (CallQueueManager.java:<init>(90)) - Using callQueue: class java.util.concurrent.LinkedBlockingQueue, queueCapacity: 10000, scheduler: class org.apache.hadoop.ipc.DefaultRpcScheduler, ipcBackoff: false.
2024-03-11 08:30:15,796 [main] INFO  ipc.Server (Server.java:<init>(1287)) - Listener at 0.0.0.0:15088
2024-03-11 08:30:15,797 [Socket Reader #1 for port 15088] INFO  ipc.Server (Server.java:run(1323)) - Starting Socket Reader #1 for port 15088
2024-03-11 08:30:15,797 [main] INFO  ipc.CallQueueManager (CallQueueManager.java:<init>(90)) - Using callQueue: class java.util.concurrent.LinkedBlockingQueue, queueCapacity: 10000, scheduler: class org.apache.hadoop.ipc.DefaultRpcScheduler, ipcBackoff: false.
2024-03-11 08:30:15,798 [main] INFO  ipc.Server (Server.java:<init>(1287)) - Listener at 0.0.0.0:15087
2024-03-11 08:30:15,798 [Socket Reader #1 for port 15087] INFO  ipc.Server (Server.java:run(1323)) - Starting Socket Reader #1 for port 15087
2024-03-11 08:30:15,798 [main] INFO  ipc.CallQueueManager (CallQueueManager.java:<init>(90)) - Using callQueue: class java.util.concurrent.LinkedBlockingQueue, queueCapacity: 10000, scheduler: class org.apache.hadoop.ipc.DefaultRpcScheduler, ipcBackoff: false.
2024-03-11 08:30:15,799 [main] INFO  ipc.Server (Server.java:<init>(1287)) - Listener at 0.0.0.0:15086
2024-03-11 08:30:15,799 [Socket Reader #1 for port 15086] INFO  ipc.Server (Server.java:run(1323)) - Starting Socket Reader #1 for port 15086
2024-03-11 08:30:15,801 [main] INFO  ha.SCMServiceManager (SCMServiceManager.java:register(42)) - Registering service ContainerBalancer.
2024-03-11 08:30:15,802 [main] INFO  ha.SCMContext (SCMContext.java:updateSafeModeStatus(225)) - Update SafeModeStatus from SafeModeStatus{safeModeStatus=true, preCheckPassed=false} to SafeModeStatus{safeModeStatus=true, preCheckPassed=false}.
2024-03-11 08:30:15,802 [main] INFO  server.StorageContainerManager (StorageContainerManager.java:start(1545)) - StorageContainerLocationProtocol RPC server is listening at /0.0.0.0:15086
2024-03-11 08:30:15,803 [main] WARN  impl.MetricsConfig (MetricsConfig.java:loadFirst(136)) - Cannot locate configuration: tried hadoop-metrics2-storagecontainermanager.properties,hadoop-metrics2.properties
2024-03-11 08:30:15,804 [main] INFO  impl.MetricsSystemImpl (MetricsSystemImpl.java:startTimer(378)) - Scheduled Metric snapshot period at 10 second(s).
2024-03-11 08:30:15,804 [main] INFO  impl.MetricsSystemImpl (MetricsSystemImpl.java:start(191)) - StorageContainerManager metrics system started
2024-03-11 08:30:15,816 [main] INFO  impl.MetricsSinkAdapter (MetricsSinkAdapter.java:start(204)) - Sink prometheus started
2024-03-11 08:30:15,816 [main] INFO  impl.MetricsSystemImpl (MetricsSystemImpl.java:registerSink(305)) - Registered sink prometheus
2024-03-11 08:30:15,827 [main] INFO  server.SCMClientProtocolServer (SCMClientProtocolServer.java:start(204)) - RPC server for Client  is listening at /0.0.0.0:15086
2024-03-11 08:30:15,828 [IPC Server Responder] INFO  ipc.Server (Server.java:run(1562)) - IPC Server Responder: starting
2024-03-11 08:30:15,828 [IPC Server listener on 15086] INFO  ipc.Server (Server.java:run(1402)) - IPC Server listener on 15086: starting
2024-03-11 08:30:15,834 [main] INFO  server.StorageContainerManager (StorageContainerManager.java:start(1558)) - ScmBlockLocationProtocol RPC server is listening at /0.0.0.0:15087
2024-03-11 08:30:15,835 [main] INFO  server.SCMBlockProtocolServer (SCMBlockProtocolServer.java:start(162)) - RPC server for Block Protocol is listening at /0.0.0.0:15087
2024-03-11 08:30:15,835 [IPC Server Responder] INFO  ipc.Server (Server.java:run(1562)) - IPC Server Responder: starting
2024-03-11 08:30:15,835 [IPC Server listener on 15087] INFO  ipc.Server (Server.java:run(1402)) - IPC Server listener on 15087: starting
2024-03-11 08:30:15,841 [main] INFO  server.SCMDatanodeProtocolServer (SCMDatanodeProtocolServer.java:start(194)) - ScmDatanodeProtocol RPC server for DataNodes is listening at /0.0.0.0:15088
2024-03-11 08:30:15,842 [IPC Server Responder] INFO  ipc.Server (Server.java:run(1562)) - IPC Server Responder: starting
2024-03-11 08:30:15,842 [IPC Server listener on 15088] INFO  ipc.Server (Server.java:run(1402)) - IPC Server listener on 15088: starting
2024-03-11 08:30:15,848 [JvmPauseMonitor29] INFO  util.JvmPauseMonitor (JvmPauseMonitor.java:run(146)) - JvmPauseMonitor-f015bad8-2211-4ba2-aac5-9deff2480aeb: Started
2024-03-11 08:30:15,849 [main] INFO  http.BaseHttpServer (BaseHttpServer.java:newHttpServer2BuilderForOzone(223)) - Starting Web-server for scm at: http://0.0.0.0:15089
2024-03-11 08:30:15,849 [main] INFO  http.BaseHttpServer (BaseHttpServer.java:<init>(110)) - Hadoop Security Enabled: false Ozone Security Enabled: false Ozone HTTP Security Enabled: false 
2024-03-11 08:30:15,851 [main] WARN  server.AuthenticationFilter (AuthenticationFilter.java:constructSecretProvider(240)) - Unable to initialize FileSignerSecretProvider, falling back to use random secrets. Reason: Could not read signature secret file: /home/runner/hadoop-http-auth-signature-secret
2024-03-11 08:30:15,851 [main] INFO  http.HttpRequestLog (HttpRequestLog.java:getRequestLog(86)) - Http request log for http.requests.scm is not defined
2024-03-11 08:30:15,852 [main] INFO  http.HttpServer2 (HttpServer2.java:addGlobalFilter(1036)) - Added global filter 'safety' (class=org.apache.hadoop.hdds.server.http.HttpServer2$QuotingInputFilter)
2024-03-11 08:30:15,852 [main] INFO  http.HttpServer2 (HttpServer2.java:addFilter(1012)) - Added filter static_user_filter (class=org.apache.hadoop.http.lib.StaticUserWebFilter$StaticUserFilter) to context scm
2024-03-11 08:30:15,853 [main] INFO  http.HttpServer2 (HttpServer2.java:addFilter(1020)) - Added filter static_user_filter (class=org.apache.hadoop.http.lib.StaticUserWebFilter$StaticUserFilter) to context logs
2024-03-11 08:30:15,853 [main] INFO  http.HttpServer2 (HttpServer2.java:addFilter(1020)) - Added filter static_user_filter (class=org.apache.hadoop.http.lib.StaticUserWebFilter$StaticUserFilter) to context static
2024-03-11 08:30:15,853 [main] INFO  http.BaseHttpServer (BaseHttpServer.java:<init>(189)) - HTTP server of scm uses base directory /home/runner/work/ozone/ozone/hadoop-ozone/integration-test/target/test-dir/MiniOzoneClusterImpl-b8fac49e-ce79-4459-ae7b-186efce8cd22/ozone-meta/webserver
2024-03-11 08:30:15,853 [main] INFO  http.HttpServer2 (HttpServer2.java:bindListener(1236)) - Jetty bound to port 15089
2024-03-11 08:30:15,854 [main] INFO  server.Server (Server.java:doStart(375)) - jetty-9.4.53.v20231009; built: 2023-10-09T12:29:09.265Z; git: 27bde00a0b95a1d5bbee0eae7984f891d2d0f8c9; jvm 1.8.0_402-b06
2024-03-11 08:30:15,855 [main] INFO  server.session (DefaultSessionIdManager.java:doStart(334)) - DefaultSessionIdManager workerName=node0
2024-03-11 08:30:15,855 [main] INFO  server.session (DefaultSessionIdManager.java:doStart(339)) - No SessionScavenger set, using defaults
2024-03-11 08:30:15,855 [main] INFO  server.session (HouseKeeper.java:startScavenging(132)) - node0 Scavenging every 600000ms
2024-03-11 08:30:15,855 [main] INFO  handler.ContextHandler (ContextHandler.java:doStart(921)) - Started o.e.j.s.ServletContextHandler@420a827d{logs,/logs,file:///home/runner/work/ozone/ozone/hadoop-ozone/integration-test/target/log,AVAILABLE}
2024-03-11 08:30:15,856 [main] INFO  handler.ContextHandler (ContextHandler.java:doStart(921)) - Started o.e.j.s.ServletContextHandler@1c8cbd54{static,/static,file:///home/runner/work/ozone/ozone/hadoop-ozone/integration-test/target/test-classes/webapps/static,AVAILABLE}
2024-03-11 08:30:15,858 [main] INFO  handler.ContextHandler (ContextHandler.java:doStart(921)) - Started o.e.j.w.WebAppContext@4c84163b{scm,/,file:///home/runner/work/ozone/ozone/hadoop-ozone/integration-test/target/test-classes/webapps/scm/,AVAILABLE}{file:/home/runner/work/ozone/ozone/hadoop-ozone/integration-test/target/test-classes/webapps/scm}
2024-03-11 08:30:15,862 [main] INFO  server.AbstractConnector (AbstractConnector.java:doStart(333)) - Started ServerConnector@6cebd103{HTTP/1.1, (http/1.1)}{0.0.0.0:15089}
2024-03-11 08:30:15,862 [main] INFO  server.Server (Server.java:doStart(415)) - Started @230633ms
2024-03-11 08:30:15,862 [main] WARN  impl.MetricsSystemImpl (MetricsSystemImpl.java:register(279)) - Sink prometheus already exists!
2024-03-11 08:30:15,863 [main] INFO  http.BaseHttpServer (BaseHttpServer.java:updateConnectorAddress(354)) - HTTP server of scm listening at http://0.0.0.0:15089
2024-03-11 08:30:15,864 [main] INFO  ha.OMHANodeDetails (OMHANodeDetails.java:loadOMHAConfig(121)) - ServiceID for OzoneManager is om-service-test1
2024-03-11 08:30:15,864 [main] INFO  ha.OMHANodeDetails (OMHANodeDetails.java:loadOMHAConfig(201)) - Found matching OM address with OMServiceId: om-service-test1, OMNodeId: omNode-1, RPC Address: localhost:15090 and Ratis port: 15093
2024-03-11 08:30:15,864 [main] INFO  ha.OMHANodeDetails (ConfUtils.java:setNodeSpecificConfigs(97)) - Setting configuration key ozone.om.http-address with value of key ozone.om.http-address.om-service-test1.omNode-1: 127.0.0.1:15091
2024-03-11 08:30:15,864 [main] INFO  ha.OMHANodeDetails (ConfUtils.java:setNodeSpecificConfigs(97)) - Setting configuration key ozone.om.https-address with value of key ozone.om.https-address.om-service-test1.omNode-1: 127.0.0.1:15092
2024-03-11 08:30:15,864 [main] INFO  ha.OMHANodeDetails (ConfUtils.java:setNodeSpecificConfigs(97)) - Setting configuration key ozone.om.address with value of key ozone.om.address.om-service-test1.omNode-1: 127.0.0.1:15090
2024-03-11 08:30:15,864 [main] WARN  server.ServerUtils (ServerUtils.java:getDBPath(299)) - ozone.om.db.dirs is not configured. We recommend adding this setting. Falling back to ozone.metadata.dirs instead.
2024-03-11 08:30:15,865 [main] INFO  proxy.SCMBlockLocationFailoverProxyProvider (SCMBlockLocationFailoverProxyProvider.java:<init>(115)) - Created block location fail-over proxy with 1 nodes: [nodeId=scmNodeId,nodeAddress=/0.0.0.0:15087]
OM initialization succeeded.Current cluster id for sd=/home/runner/work/ozone/ozone/hadoop-ozone/integration-test/target/test-dir/MiniOzoneClusterImpl-b8fac49e-ce79-4459-ae7b-186efce8cd22/omNode-1/om;cid=b8fac49e-ce79-4459-ae7b-186efce8cd22;layoutVersion=6
2024-03-11 08:30:15,872 [main] INFO  ha.OMHANodeDetails (OMHANodeDetails.java:loadOMHAConfig(121)) - ServiceID for OzoneManager is om-service-test1
2024-03-11 08:30:15,872 [main] INFO  ha.OMHANodeDetails (OMHANodeDetails.java:loadOMHAConfig(201)) - Found matching OM address with OMServiceId: om-service-test1, OMNodeId: omNode-1, RPC Address: localhost:15090 and Ratis port: 15093
2024-03-11 08:30:15,872 [main] INFO  ha.OMHANodeDetails (ConfUtils.java:setNodeSpecificConfigs(97)) - Setting configuration key ozone.om.http-address with value of key ozone.om.http-address.om-service-test1.omNode-1: 127.0.0.1:15091
2024-03-11 08:30:15,872 [main] INFO  ha.OMHANodeDetails (ConfUtils.java:setNodeSpecificConfigs(97)) - Setting configuration key ozone.om.https-address with value of key ozone.om.https-address.om-service-test1.omNode-1: 127.0.0.1:15092
2024-03-11 08:30:15,872 [main] INFO  ha.OMHANodeDetails (ConfUtils.java:setNodeSpecificConfigs(97)) - Setting configuration key ozone.om.address with value of key ozone.om.address.om-service-test1.omNode-1: 127.0.0.1:15090
2024-03-11 08:30:15,872 [main] WARN  server.ServerUtils (ServerUtils.java:getDBPath(299)) - ozone.om.db.dirs is not configured. We recommend adding this setting. Falling back to ozone.metadata.dirs instead.
2024-03-11 08:30:15,874 [main] INFO  upgrade.AbstractLayoutVersionManager (AbstractLayoutVersionManager.java:init(83)) - Initializing Layout version manager with metadata layout = QUOTA (version = 6), software layout = QUOTA (version = 6)
2024-03-11 08:30:15,908 [main] INFO  upgrade.OMLayoutVersionManager (OMLayoutVersionManager.java:lambda$0(113)) - Skipping Upgrade Action QuotaRepairUpgradeAction since it has been finalized.
2024-03-11 08:30:15,909 [main] INFO  upgrade.OMLayoutVersionManager (OMLayoutVersionManager.java:lambda$0(113)) - Skipping Upgrade Action MockOmUpgradeAction since it has been finalized.
2024-03-11 08:30:15,909 [main] WARN  server.ServerUtils (ServerUtils.java:getDBPath(299)) - ozone.om.db.dirs is not configured. We recommend adding this setting. Falling back to ozone.metadata.dirs instead.
2024-03-11 08:30:15,910 [main] INFO  proxy.SCMBlockLocationFailoverProxyProvider (SCMBlockLocationFailoverProxyProvider.java:<init>(115)) - Created block location fail-over proxy with 1 nodes: [nodeId=scmNodeId,nodeAddress=/0.0.0.0:15087]
2024-03-11 08:30:15,911 [main] INFO  proxy.SCMBlockLocationFailoverProxyProvider (SCMBlockLocationFailoverProxyProvider.java:<init>(115)) - Created block location fail-over proxy with 1 nodes: [nodeId=scmNodeId,nodeAddress=/0.0.0.0:15087]
2024-03-11 08:30:15,917 [main] INFO  om.OzoneManager (OzoneManager.java:<init>(679)) - OM start with adminUsers: [*, runner]
2024-03-11 08:30:15,917 [main] WARN  server.ServerUtils (ServerUtils.java:getDBPath(299)) - ozone.om.db.dirs is not configured. We recommend adding this setting. Falling back to ozone.metadata.dirs instead.
2024-03-11 08:30:15,918 [main] INFO  helpers.OmKeyInfo (OmKeyInfo.java:getCodec(71)) - OmKeyInfo.getCodec ignorePipeline = true
2024-03-11 08:30:16,083 [main] INFO  om.OzoneManager (OzoneManager.java:instantiateServices(811)) - S3 Multi-Tenancy is disabled
2024-03-11 08:30:16,084 [main] INFO  om.OmSnapshotManager (OmSnapshotManager.java:<init>(177)) - Ozone filesystem snapshot feature is enabled.
2024-03-11 08:30:16,084 [main] WARN  server.ServerUtils (ServerUtils.java:getDBPath(299)) - ozone.om.snapshot.diff.db.dir is not configured. We recommend adding this setting. Falling back to ozone.metadata.dirs instead.
2024-03-11 08:30:16,107 [main] INFO  utils.NativeLibraryLoader (NativeLibraryLoader.java:loadLibrary(108)) - Loading Library: ozone_rocksdb_tools
2024-03-11 08:30:16,107 [main] ERROR snapshot.SnapshotDiffManager (SnapshotDiffManager.java:initNativeLibraryForEfficientDiff(287)) - Native Library for raw sst file reading loading failed.
org.apache.hadoop.hdds.utils.NativeLibraryNotLoadedException: Unable to load library ozone_rocksdb_tools from both java.library.path & resource file libozone_rocksdb_tools.so from jar.
	at org.apache.hadoop.hdds.utils.db.managed.ManagedRawSSTFileReader.loadLibrary(ManagedRawSSTFileReader.java:38)
	at org.apache.hadoop.ozone.om.snapshot.SnapshotDiffManager.initNativeLibraryForEfficientDiff(SnapshotDiffManager.java:285)
	at org.apache.hadoop.ozone.om.snapshot.SnapshotDiffManager.<init>(SnapshotDiffManager.java:259)
	at org.apache.hadoop.ozone.om.OmSnapshotManager.<init>(OmSnapshotManager.java:279)
	at org.apache.hadoop.ozone.om.OzoneManager.instantiateServices(OzoneManager.java:863)
	at org.apache.hadoop.ozone.om.OzoneManager.<init>(OzoneManager.java:689)
	at org.apache.hadoop.ozone.om.OzoneManager.createOm(OzoneManager.java:774)
	at org.apache.hadoop.ozone.MiniOzoneHAClusterImpl$Builder.createOMService(MiniOzoneHAClusterImpl.java:509)
	at org.apache.hadoop.ozone.MiniOzoneHAClusterImpl$Builder.build(MiniOzoneHAClusterImpl.java:425)
	at org.apache.hadoop.ozone.om.TestOzoneManagerHA.init(TestOzoneManagerHA.java:182)
	at sun.reflect.NativeMethodAccessorImpl.invoke0(Native Method)
	at sun.reflect.NativeMethodAccessorImpl.invoke(NativeMethodAccessorImpl.java:62)
	at sun.reflect.DelegatingMethodAccessorImpl.invoke(DelegatingMethodAccessorImpl.java:43)
	at java.lang.reflect.Method.invoke(Method.java:498)
	at org.junit.platform.commons.util.ReflectionUtils.invokeMethod(ReflectionUtils.java:728)
	at org.junit.jupiter.engine.execution.MethodInvocation.proceed(MethodInvocation.java:60)
	at org.junit.jupiter.engine.execution.InvocationInterceptorChain$ValidatingInvocation.proceed(InvocationInterceptorChain.java:131)
	at org.junit.jupiter.engine.extension.TimeoutExtension.intercept(TimeoutExtension.java:156)
	at org.junit.jupiter.engine.extension.TimeoutExtension.interceptLifecycleMethod(TimeoutExtension.java:128)
	at org.junit.jupiter.engine.extension.TimeoutExtension.interceptBeforeAllMethod(TimeoutExtension.java:70)
	at org.junit.jupiter.engine.execution.InterceptingExecutableInvoker$ReflectiveInterceptorCall.lambda$ofVoidMethod$0(InterceptingExecutableInvoker.java:103)
	at org.junit.jupiter.engine.execution.InterceptingExecutableInvoker.lambda$invoke$0(InterceptingExecutableInvoker.java:93)
	at org.junit.jupiter.engine.execution.InvocationInterceptorChain$InterceptedInvocation.proceed(InvocationInterceptorChain.java:106)
	at org.junit.jupiter.engine.execution.InvocationInterceptorChain.proceed(InvocationInterceptorChain.java:64)
	at org.junit.jupiter.engine.execution.InvocationInterceptorChain.chainAndInvoke(InvocationInterceptorChain.java:45)
	at org.junit.jupiter.engine.execution.InvocationInterceptorChain.invoke(InvocationInterceptorChain.java:37)
	at org.junit.jupiter.engine.execution.InterceptingExecutableInvoker.invoke(InterceptingExecutableInvoker.java:92)
	at org.junit.jupiter.engine.execution.InterceptingExecutableInvoker.invoke(InterceptingExecutableInvoker.java:86)
	at org.junit.jupiter.engine.descriptor.ClassBasedTestDescriptor.lambda$invokeBeforeAllMethods$13(ClassBasedTestDescriptor.java:412)
	at org.junit.platform.engine.support.hierarchical.ThrowableCollector.execute(ThrowableCollector.java:73)
	at org.junit.jupiter.engine.descriptor.ClassBasedTestDescriptor.invokeBeforeAllMethods(ClassBasedTestDescriptor.java:410)
	at org.junit.jupiter.engine.descriptor.ClassBasedTestDescriptor.before(ClassBasedTestDescriptor.java:216)
	at org.junit.jupiter.engine.descriptor.ClassBasedTestDescriptor.before(ClassBasedTestDescriptor.java:85)
	at org.junit.platform.engine.support.hierarchical.NodeTestTask.lambda$executeRecursively$6(NodeTestTask.java:148)
	at org.junit.platform.engine.support.hierarchical.ThrowableCollector.execute(ThrowableCollector.java:73)
	at org.junit.platform.engine.support.hierarchical.NodeTestTask.lambda$executeRecursively$8(NodeTestTask.java:141)
	at org.junit.platform.engine.support.hierarchical.Node.around(Node.java:137)
	at org.junit.platform.engine.support.hierarchical.NodeTestTask.lambda$executeRecursively$9(NodeTestTask.java:139)
	at org.junit.platform.engine.support.hierarchical.ThrowableCollector.execute(ThrowableCollector.java:73)
	at org.junit.platform.engine.support.hierarchical.NodeTestTask.executeRecursively(NodeTestTask.java:138)
	at org.junit.platform.engine.support.hierarchical.NodeTestTask.execute(NodeTestTask.java:95)
	at java.util.ArrayList.forEach(ArrayList.java:1259)
	at org.junit.platform.engine.support.hierarchical.SameThreadHierarchicalTestExecutorService.invokeAll(SameThreadHierarchicalTestExecutorService.java:41)
	at org.junit.platform.engine.support.hierarchical.NodeTestTask.lambda$executeRecursively$6(NodeTestTask.java:155)
	at org.junit.platform.engine.support.hierarchical.ThrowableCollector.execute(ThrowableCollector.java:73)
	at org.junit.platform.engine.support.hierarchical.NodeTestTask.lambda$executeRecursively$8(NodeTestTask.java:141)
	at org.junit.platform.engine.support.hierarchical.Node.around(Node.java:137)
	at org.junit.platform.engine.support.hierarchical.NodeTestTask.lambda$executeRecursively$9(NodeTestTask.java:139)
	at org.junit.platform.engine.support.hierarchical.ThrowableCollector.execute(ThrowableCollector.java:73)
	at org.junit.platform.engine.support.hierarchical.NodeTestTask.executeRecursively(NodeTestTask.java:138)
	at org.junit.platform.engine.support.hierarchical.NodeTestTask.execute(NodeTestTask.java:95)
	at org.junit.platform.engine.support.hierarchical.SameThreadHierarchicalTestExecutorService.submit(SameThreadHierarchicalTestExecutorService.java:35)
	at org.junit.platform.engine.support.hierarchical.HierarchicalTestExecutor.execute(HierarchicalTestExecutor.java:57)
	at org.junit.platform.engine.support.hierarchical.HierarchicalTestEngine.execute(HierarchicalTestEngine.java:54)
	at org.junit.platform.launcher.core.EngineExecutionOrchestrator.execute(EngineExecutionOrchestrator.java:198)
	at org.junit.platform.launcher.core.EngineExecutionOrchestrator.execute(EngineExecutionOrchestrator.java:169)
	at org.junit.platform.launcher.core.EngineExecutionOrchestrator.execute(EngineExecutionOrchestrator.java:93)
	at org.junit.platform.launcher.core.EngineExecutionOrchestrator.lambda$execute$0(EngineExecutionOrchestrator.java:58)
	at org.junit.platform.launcher.core.EngineExecutionOrchestrator.withInterceptedStreams(EngineExecutionOrchestrator.java:141)
	at org.junit.platform.launcher.core.EngineExecutionOrchestrator.execute(EngineExecutionOrchestrator.java:57)
	at org.junit.platform.launcher.core.DefaultLauncher.execute(DefaultLauncher.java:103)
	at org.junit.platform.launcher.core.DefaultLauncher.execute(DefaultLauncher.java:85)
	at org.junit.platform.launcher.core.DelegatingLauncher.execute(DelegatingLauncher.java:47)
	at org.junit.platform.launcher.core.SessionPerRequestLauncher.execute(SessionPerRequestLauncher.java:63)
	at org.apache.maven.surefire.junitplatform.JUnitPlatformProvider.invokeAllTests(JUnitPlatformProvider.java:165)
	at org.apache.maven.surefire.junitplatform.JUnitPlatformProvider.invoke(JUnitPlatformProvider.java:124)
	at org.apache.maven.surefire.booter.ForkedBooter.runSuitesInProcess(ForkedBooter.java:428)
	at org.apache.maven.surefire.booter.ForkedBooter.execute(ForkedBooter.java:162)
	at org.apache.maven.surefire.booter.ForkedBooter.run(ForkedBooter.java:562)
	at org.apache.maven.surefire.booter.ForkedBooter.main(ForkedBooter.java:548)
2024-03-11 08:30:16,109 [main] INFO  om.OzoneManager (OzoneManager.java:addS3GVolumeToDB(4468)) - Created Volume s3v With Owner runner required for S3Gateway operations.
2024-03-11 08:30:16,109 [main] WARN  server.ServerUtils (ServerUtils.java:getDefaultRatisDirectory(311)) - Storage directory for Ratis is not configured. It is a good idea to map this to an SSD disk. Falling back to ozone.metadata.dirs
2024-03-11 08:30:16,110 [main] WARN  utils.OzoneManagerRatisUtils (OzoneManagerRatisUtils.java:getOMRatisSnapshotDirectory(476)) - ozone.om.ratis.snapshot.dir is not configured. Falling back to ozone.metadata.dirs config
2024-03-11 08:30:16,111 [main] INFO  utils.RDBSnapshotProvider (RDBSnapshotProvider.java:init(87)) - Cleaning up the candidate dir: /home/runner/work/ozone/ozone/hadoop-ozone/integration-test/target/test-dir/MiniOzoneClusterImpl-b8fac49e-ce79-4459-ae7b-186efce8cd22/omNode-1/snapshot/om.db.candidate
2024-03-11 08:30:16,111 [main] INFO  ratis_snapshot.OmRatisSnapshotProvider (OmRatisSnapshotProvider.java:<init>(99)) - Initializing OM Snapshot Provider
2024-03-11 08:30:16,112 [main] WARN  server.ServerUtils (ServerUtils.java:getDefaultRatisDirectory(311)) - Storage directory for Ratis is not configured. It is a good idea to map this to an SSD disk. Falling back to ozone.metadata.dirs
2024-03-11 08:30:16,113 [main] INFO  ratis.OzoneManagerRatisServer (OzoneManagerRatisServer.java:<init>(167)) - Instantiating OM Ratis server with groupID: om-service-test1 and peers: localhost:15093, localhost:15101, localhost:15097
2024-03-11 08:30:16,113 [main] INFO  ratis.OzoneManagerStateMachine (OzoneManagerStateMachine.java:loadSnapshotInfoFromDB(575)) - TransactionInfo not found in OM DB.
2024-03-11 08:30:16,113 [main] INFO  server.RaftServer (ConfUtils.java:logGet(46)) - raft.rpc.type = GRPC (default)
2024-03-11 08:30:16,114 [main] INFO  grpc.GrpcConfigKeys (ConfUtils.java:logFallback(53)) - raft.grpc.admin.host = null (fallback to raft.grpc.server.host)
2024-03-11 08:30:16,114 [main] INFO  grpc.GrpcConfigKeys (ConfUtils.java:logFallback(53)) - raft.grpc.admin.port = 15093 (fallback to raft.grpc.server.port)
2024-03-11 08:30:16,114 [main] INFO  grpc.GrpcConfigKeys (ConfUtils.java:logFallback(53)) - raft.grpc.client.host = null (fallback to raft.grpc.server.host)
2024-03-11 08:30:16,114 [main] INFO  grpc.GrpcConfigKeys (ConfUtils.java:logFallback(53)) - raft.grpc.client.port = 15093 (fallback to raft.grpc.server.port)
2024-03-11 08:30:16,114 [main] INFO  grpc.GrpcConfigKeys (ConfUtils.java:logGet(46)) - raft.grpc.server.host = null (default)
2024-03-11 08:30:16,115 [main] INFO  grpc.GrpcConfigKeys (ConfUtils.java:logGet(46)) - raft.grpc.server.port = 15093 (custom)
2024-03-11 08:30:16,115 [main] INFO  server.GrpcService (ConfUtils.java:logGet(46)) - raft.grpc.message.size.max = 4194304 (custom)
2024-03-11 08:30:16,115 [main] INFO  server.RaftServerConfigKeys (ConfUtils.java:logGet(46)) - raft.server.log.appender.buffer.byte-limit = 4194304 (custom)
2024-03-11 08:30:16,115 [main] INFO  server.GrpcService (ConfUtils.java:logGet(46)) - raft.grpc.flow.control.window = 1MB (=1048576) (default)
2024-03-11 08:30:16,115 [main] INFO  server.RaftServerConfigKeys (ConfUtils.java:logGet(46)) - raft.server.rpc.request.timeout = 3000ms (default)
2024-03-11 08:30:16,115 [main] INFO  grpc.GrpcConfigKeys (ConfUtils.java:logGet(46)) - raft.grpc.server.heartbeat.channel = true (default)
2024-03-11 08:30:16,115 [main] INFO  grpc.GrpcConfigKeys (ConfUtils.java:logGet(46)) - raft.grpc.server.async.request.thread.pool.cached = true (default)
2024-03-11 08:30:16,115 [main] INFO  grpc.GrpcConfigKeys (ConfUtils.java:logGet(46)) - raft.grpc.server.async.request.thread.pool.size = 32 (default)
2024-03-11 08:30:16,116 [main] INFO  impl.DataStreamServerImpl (ConfUtils.java:logGet(46)) - raft.datastream.type = DISABLED (default)
2024-03-11 08:30:16,117 [main] INFO  server.RaftServerConfigKeys (ConfUtils.java:logGet(46)) - raft.server.sleep.deviation.threshold = 300ms (default)
2024-03-11 08:30:16,117 [main] INFO  server.RaftServerConfigKeys (ConfUtils.java:logGet(46)) - raft.server.close.threshold = 60s (default)
2024-03-11 08:30:16,117 [main] INFO  server.RaftServerConfigKeys (ConfUtils.java:logGet(46)) - raft.server.leaderelection.leader.step-down.wait-time = 10s (default)
2024-03-11 08:30:16,117 [main] INFO  server.RaftServerConfigKeys (ConfUtils.java:logGet(46)) - raft.server.storage.dir = [/home/runner/work/ozone/ozone/hadoop-ozone/integration-test/target/test-dir/MiniOzoneClusterImpl-b8fac49e-ce79-4459-ae7b-186efce8cd22/omNode-1/ratis] (custom)
2024-03-11 08:30:16,117 [main] INFO  server.RaftServerConfigKeys (ConfUtils.java:logGet(46)) - raft.server.threadpool.proxy.cached = true (default)
2024-03-11 08:30:16,117 [main] INFO  server.RaftServerConfigKeys (ConfUtils.java:logGet(46)) - raft.server.threadpool.proxy.size = 0 (default)
2024-03-11 08:30:16,118 [main] INFO  server.RaftServer (RaftServerProxy.java:addNew(100)) - omNode-1: addNew group-523986131536:[omNode-3|localhost:15101, omNode-1|localhost:15093, omNode-2|localhost:15097] returns group-523986131536:java.util.concurrent.CompletableFuture@3759d8e5[Not completed]
2024-03-11 08:30:16,118 [omNode-1-groupManagement] INFO  server.RaftServer$Division (RaftServerImpl.java:<init>(256)) - omNode-1: new RaftServerImpl for group-523986131536:[omNode-3|localhost:15101, omNode-1|localhost:15093, omNode-2|localhost:15097] with OzoneManagerStateMachine:uninitialized
2024-03-11 08:30:16,118 [main] INFO  om.OzoneManager (OzoneManager.java:initializeRatisServer(2177)) - OzoneManager Ratis server initialized at port 15093
2024-03-11 08:30:16,118 [omNode-1-groupManagement] INFO  server.RaftServerConfigKeys (ConfUtils.java:logGet(46)) - raft.server.rpc.timeout.min = 1s (custom)
2024-03-11 08:30:16,118 [main] INFO  om.OzoneManager (OzoneManager.java:getRpcServer(1231)) - Creating RPC Server
2024-03-11 08:30:16,118 [omNode-1-groupManagement] INFO  server.RaftServerConfigKeys (ConfUtils.java:logGet(46)) - raft.server.rpc.timeout.max = 1200ms (custom)
2024-03-11 08:30:16,118 [omNode-1-groupManagement] INFO  server.RaftServerConfigKeys (ConfUtils.java:logGet(46)) - raft.server.rpc.sleep.time = 25ms (default)
2024-03-11 08:30:16,118 [omNode-1-groupManagement] INFO  server.RaftServerConfigKeys (ConfUtils.java:logGet(46)) - raft.server.rpc.slowness.timeout = 2s (custom)
2024-03-11 08:30:16,119 [omNode-1-groupManagement] INFO  server.RaftServerConfigKeys (ConfUtils.java:logGet(46)) - raft.server.leaderelection.leader.step-down.wait-time = 10s (default)
2024-03-11 08:30:16,119 [omNode-1-groupManagement] INFO  server.RaftServerConfigKeys (ConfUtils.java:logGet(46)) - raft.server.leaderelection.member.majority-add = false (default)
2024-03-11 08:30:16,119 [omNode-1-groupManagement] INFO  server.RaftServerConfigKeys (ConfUtils.java:logGet(46)) - raft.server.sleep.deviation.threshold = 300ms (default)
2024-03-11 08:30:16,119 [omNode-1-groupManagement] INFO  server.RaftServer$Division (ServerState.java:<init>(113)) - omNode-1@group-523986131536: ConfigurationManager, init=-1: peers:[omNode-3|localhost:15101, omNode-1|localhost:15093, omNode-2|localhost:15097]|listeners:[], old=null, confs=<EMPTY_MAP>
2024-03-11 08:30:16,119 [omNode-1-groupManagement] INFO  server.RaftServerConfigKeys (ConfUtils.java:logGet(46)) - raft.server.notification.no-leader.timeout = 2s (custom)
2024-03-11 08:30:16,119 [omNode-1-groupManagement] INFO  server.RaftServerConfigKeys (ConfUtils.java:logGet(46)) - raft.server.read.timeout = 10s (default)
2024-03-11 08:30:16,119 [omNode-1-groupManagement] INFO  server.RaftServerConfigKeys (ConfUtils.java:logGet(46)) - raft.server.retrycache.expirytime = 30000ms (custom)
2024-03-11 08:30:16,119 [omNode-1-groupManagement] INFO  server.RaftServerConfigKeys (ConfUtils.java:logGet(46)) - raft.server.retrycache.statistics.expirytime = 100ms (default)
2024-03-11 08:30:16,119 [omNode-1-groupManagement] INFO  server.RaftServerConfigKeys (ConfUtils.java:logGet(46)) - raft.server.read.option = DEFAULT (default)
2024-03-11 08:30:16,119 [omNode-1-groupManagement] INFO  server.RaftServerConfigKeys (ConfUtils.java:logGet(46)) - raft.server.read.read-after-write-consistent.write-index-cache.expiry-time = 60s (default)
2024-03-11 08:30:16,120 [omNode-1-groupManagement] INFO  server.RaftServerConfigKeys (ConfUtils.java:logGet(46)) - raft.server.rpc.request.timeout = 3000ms (default)
2024-03-11 08:30:16,120 [omNode-1-groupManagement] INFO  server.RaftServerConfigKeys (ConfUtils.java:logGet(46)) - raft.server.log.appender.install.snapshot.enabled = false (custom)
2024-03-11 08:30:16,120 [omNode-1-groupManagement] INFO  server.RaftServerConfigKeys (ConfUtils.java:logGet(46)) - raft.server.threadpool.server.cached = true (default)
2024-03-11 08:30:16,120 [omNode-1-groupManagement] INFO  server.RaftServerConfigKeys (ConfUtils.java:logGet(46)) - raft.server.threadpool.server.size = 0 (default)
2024-03-11 08:30:16,120 [omNode-1-groupManagement] INFO  server.RaftServerConfigKeys (ConfUtils.java:logGet(46)) - raft.server.threadpool.client.cached = true (default)
2024-03-11 08:30:16,120 [omNode-1-groupManagement] INFO  server.RaftServerConfigKeys (ConfUtils.java:logGet(46)) - raft.server.threadpool.client.size = 0 (default)
2024-03-11 08:30:16,299 [main] INFO  ipc.CallQueueManager (CallQueueManager.java:<init>(90)) - Using callQueue: class java.util.concurrent.LinkedBlockingQueue, queueCapacity: 2000, scheduler: class org.apache.hadoop.ipc.DefaultRpcScheduler, ipcBackoff: false.
2024-03-11 08:30:16,299 [main] INFO  ipc.Server (Server.java:<init>(1287)) - Listener at 127.0.0.1:15090
2024-03-11 08:30:16,300 [Socket Reader #1 for port 15090] INFO  ipc.Server (Server.java:run(1323)) - Starting Socket Reader #1 for port 15090
2024-03-11 08:30:16,316 [main] INFO  impl.MetricsSystemImpl (MetricsSystemImpl.java:init(158)) - OzoneManager metrics system started (again)
2024-03-11 08:30:16,324 [main] INFO  om.OzoneManager (OzoneManager.java:start(1653)) - OzoneManager RPC server is listening at localhost/127.0.0.1:15090
2024-03-11 08:30:16,324 [main] INFO  ratis.OzoneManagerRatisServer (OzoneManagerRatisServer.java:start(588)) - Starting OzoneManagerRatisServer omNode-1 at port 15093
2024-03-11 08:30:16,324 [omNode-1-impl-thread1] INFO  server.RaftServerConfigKeys (ConfUtils.java:logGet(46)) - raft.server.storage.free-space.min = 0MB (=0) (default)
2024-03-11 08:30:16,324 [omNode-1-impl-thread1] INFO  server.RaftServerConfigKeys (ConfUtils.java:logGet(46)) - raft.server.log.corruption.policy = EXCEPTION (default)
2024-03-11 08:30:16,325 [omNode-1-impl-thread1] INFO  server.RaftServerConfigKeys (ConfUtils.java:logGet(46)) - raft.server.storage.dir = [/home/runner/work/ozone/ozone/hadoop-ozone/integration-test/target/test-dir/MiniOzoneClusterImpl-b8fac49e-ce79-4459-ae7b-186efce8cd22/omNode-1/ratis] (custom)
2024-03-11 08:30:16,325 [omNode-1-impl-thread1] INFO  storage.RaftStorageDirectory (RaftStorageDirectoryImpl.java:analyzeStorage(138)) - The storage directory /home/runner/work/ozone/ozone/hadoop-ozone/integration-test/target/test-dir/MiniOzoneClusterImpl-b8fac49e-ce79-4459-ae7b-186efce8cd22/omNode-1/ratis/c9bc4cf4-3bc3-3c60-a66b-523986131536 does not exist. Creating ...
2024-03-11 08:30:16,326 [omNode-1-impl-thread1] INFO  storage.RaftStorageDirectory (RaftStorageDirectoryImpl.java:tryLock(228)) - Lock on /home/runner/work/ozone/ozone/hadoop-ozone/integration-test/target/test-dir/MiniOzoneClusterImpl-b8fac49e-ce79-4459-ae7b-186efce8cd22/omNode-1/ratis/c9bc4cf4-3bc3-3c60-a66b-523986131536/in_use.lock acquired by nodename 48108@fv-az1250-130
2024-03-11 08:30:16,327 [omNode-1-impl-thread1] INFO  storage.RaftStorage (RaftStorageImpl.java:format(99)) - Storage directory /home/runner/work/ozone/ozone/hadoop-ozone/integration-test/target/test-dir/MiniOzoneClusterImpl-b8fac49e-ce79-4459-ae7b-186efce8cd22/omNode-1/ratis/c9bc4cf4-3bc3-3c60-a66b-523986131536 has been successfully formatted.
2024-03-11 08:30:16,327 [omNode-1-impl-thread1] WARN  util.FileUtils (LogUtils.java:supplyAndLog(63)) - Failed to Files.newInputStream /home/runner/work/ozone/ozone/hadoop-ozone/integration-test/target/test-dir/MiniOzoneClusterImpl-b8fac49e-ce79-4459-ae7b-186efce8cd22/omNode-1/ratis/c9bc4cf4-3bc3-3c60-a66b-523986131536/current/raft-meta.conf with options []: java.nio.file.NoSuchFileException: /home/runner/work/ozone/ozone/hadoop-ozone/integration-test/target/test-dir/MiniOzoneClusterImpl-b8fac49e-ce79-4459-ae7b-186efce8cd22/omNode-1/ratis/c9bc4cf4-3bc3-3c60-a66b-523986131536/current/raft-meta.conf
2024-03-11 08:30:16,327 [omNode-1-impl-thread1] INFO  server.RaftServerConfigKeys (ConfUtils.java:logGet(46)) - raft.server.log.use.memory = false (default)
2024-03-11 08:30:16,327 [omNode-1-impl-thread1] INFO  server.RaftServerConfigKeys (ConfUtils.java:logGet(46)) - raft.server.log.purge.gap = 50 (custom)
2024-03-11 08:30:16,327 [omNode-1-impl-thread1] INFO  server.RaftServerConfigKeys (ConfUtils.java:logGet(46)) - raft.server.log.appender.buffer.byte-limit = 4194304 (custom)
2024-03-11 08:30:16,327 [omNode-1-impl-thread1] INFO  server.RaftServerConfigKeys (ConfUtils.java:logGet(46)) - raft.server.log.statemachine.data.read.timeout = 1000ms (default)
2024-03-11 08:30:16,327 [omNode-1-impl-thread1] INFO  server.RaftServerConfigKeys (ConfUtils.java:logGet(46)) - raft.server.log.purge.preservation.log.num = 0 (default)
2024-03-11 08:30:16,328 [omNode-1-impl-thread1] INFO  server.RaftServerConfigKeys (ConfUtils.java:logGet(46)) - raft.server.log.segment.size.max = 4194304 (custom)
2024-03-11 08:30:16,328 [omNode-1-impl-thread1] INFO  server.RaftServerConfigKeys (ConfUtils.java:logGet(46)) - raft.server.log.segment.cache.num.max = 2 (custom)
2024-03-11 08:30:16,328 [omNode-1-impl-thread1] INFO  server.RaftServerConfigKeys (ConfUtils.java:logGet(46)) - raft.server.log.segment.cache.size.max = 200MB (=209715200) (default)
2024-03-11 08:30:16,328 [omNode-1-impl-thread1] INFO  server.RaftServerConfigKeys (ConfUtils.java:logGet(46)) - raft.server.log.appender.buffer.byte-limit = 4194304 (custom)
2024-03-11 08:30:16,328 [omNode-1-impl-thread1] INFO  util.AwaitToRun (AwaitToRun.java:start(81)) - Thread[omNode-1@group-523986131536-cacheEviction-AwaitToRun,5,main] started
2024-03-11 08:30:16,328 [omNode-1-impl-thread1] INFO  segmented.SegmentedRaftLogWorker (SegmentedRaftLogWorker.java:<init>(182)) - new omNode-1@group-523986131536-SegmentedRaftLogWorker for RaftStorageImpl:Storage Directory /home/runner/work/ozone/ozone/hadoop-ozone/integration-test/target/test-dir/MiniOzoneClusterImpl-b8fac49e-ce79-4459-ae7b-186efce8cd22/omNode-1/ratis/c9bc4cf4-3bc3-3c60-a66b-523986131536
2024-03-11 08:30:16,329 [omNode-1-impl-thread1] INFO  server.RaftServerConfigKeys (ConfUtils.java:logGet(46)) - raft.server.log.queue.byte-limit = 64MB (=67108864) (default)
2024-03-11 08:30:16,329 [omNode-1-impl-thread1] INFO  server.RaftServerConfigKeys (ConfUtils.java:logGet(46)) - raft.server.log.queue.element-limit = 4096 (default)
2024-03-11 08:30:16,329 [omNode-1-impl-thread1] INFO  server.RaftServerConfigKeys (ConfUtils.java:logGet(46)) - raft.server.log.segment.size.max = 4194304 (custom)
2024-03-11 08:30:16,329 [omNode-1-impl-thread1] INFO  server.RaftServerConfigKeys (ConfUtils.java:logGet(46)) - raft.server.log.preallocated.size = 4194304 (custom)
2024-03-11 08:30:16,329 [omNode-1-impl-thread1] INFO  server.RaftServerConfigKeys (ConfUtils.java:logGet(46)) - raft.server.log.force.sync.num = 128 (default)
2024-03-11 08:30:16,329 [omNode-1-impl-thread1] INFO  server.RaftServerConfigKeys (ConfUtils.java:logGet(46)) - raft.server.log.statemachine.data.sync = true (default)
2024-03-11 08:30:16,329 [omNode-1-impl-thread1] INFO  server.RaftServerConfigKeys (ConfUtils.java:logGet(46)) - raft.server.log.statemachine.data.sync.timeout = 10s (default)
2024-03-11 08:30:16,329 [omNode-1-impl-thread1] INFO  server.RaftServerConfigKeys (ConfUtils.java:logGet(46)) - raft.server.log.statemachine.data.sync.timeout.retry = -1 (default)
2024-03-11 08:30:16,329 [omNode-1-impl-thread1] INFO  server.RaftServerConfigKeys (ConfUtils.java:logGet(46)) - raft.server.log.write.buffer.size = 4194312 (custom)
2024-03-11 08:30:16,330 [omNode-1-impl-thread1] INFO  server.RaftServerConfigKeys (ConfUtils.java:logGet(46)) - raft.server.log.appender.buffer.byte-limit = 4194304 (custom)
2024-03-11 08:30:16,330 [omNode-1-impl-thread1] INFO  server.RaftServerConfigKeys (ConfUtils.java:logGet(46)) - raft.server.log.unsafe-flush.enabled = false (default)
2024-03-11 08:30:16,330 [omNode-1-impl-thread1] INFO  server.RaftServerConfigKeys (ConfUtils.java:logGet(46)) - raft.server.log.async-flush.enabled = false (default)
2024-03-11 08:30:16,330 [omNode-1-impl-thread1] INFO  server.RaftServerConfigKeys (ConfUtils.java:logGet(46)) - raft.server.log.statemachine.data.caching.enabled = false (default)
2024-03-11 08:30:16,330 [omNode-1-impl-thread1] INFO  segmented.SegmentedRaftLogWorker (SegmentedRaftLogWorker.java:lambda$new$0(134)) - omNode-1@group-523986131536-SegmentedRaftLogWorker: flushIndex: setUnconditionally 0 -> -1
2024-03-11 08:30:16,330 [omNode-1-impl-thread1] INFO  segmented.SegmentedRaftLogWorker (SegmentedRaftLogWorker.java:lambda$new$0(134)) - omNode-1@group-523986131536-SegmentedRaftLogWorker: safeCacheEvictIndex: setUnconditionally 0 -> -1
2024-03-11 08:30:16,330 [omNode-1-impl-thread1] INFO  server.RaftServer$Division (RaftServerImpl.java:start(396)) - omNode-1@group-523986131536: start as a follower, conf=-1: peers:[omNode-3|localhost:15101, omNode-1|localhost:15093, omNode-2|localhost:15097]|listeners:[], old=null
2024-03-11 08:30:16,330 [omNode-1-impl-thread1] INFO  server.RaftServer$Division (RaftServerImpl.java:setRole(383)) - omNode-1@group-523986131536: changes role from      null to FOLLOWER at term 0 for startAsFollower
2024-03-11 08:30:16,330 [omNode-1-impl-thread1] INFO  impl.RoleInfo (RoleInfo.java:updateAndGet(139)) - omNode-1: start omNode-1@group-523986131536-FollowerState
2024-03-11 08:30:16,331 [omNode-1-impl-thread1] INFO  util.JmxRegister (JmxRegister.java:tryRegister(44)) - Successfully registered JMX Bean with object name Ratis:service=RaftServer,group=group-523986131536,id=omNode-1
2024-03-11 08:30:16,331 [omNode-1-impl-thread1] INFO  server.RaftServerConfigKeys (ConfUtils.java:logGet(46)) - raft.server.snapshot.trigger-when-stop.enabled = true (default)
2024-03-11 08:30:16,331 [omNode-1-impl-thread1] INFO  server.RaftServerConfigKeys (ConfUtils.java:logGet(46)) - raft.server.snapshot.auto.trigger.enabled = true (custom)
2024-03-11 08:30:16,331 [omNode-1-impl-thread1] INFO  server.RaftServerConfigKeys (ConfUtils.java:logGet(46)) - raft.server.snapshot.auto.trigger.threshold = 50 (custom)
2024-03-11 08:30:16,331 [omNode-1-impl-thread1] INFO  server.RaftServerConfigKeys (ConfUtils.java:logGet(46)) - raft.server.snapshot.retention.file.num = -1 (default)
2024-03-11 08:30:16,331 [omNode-1-impl-thread1] INFO  server.RaftServerConfigKeys (ConfUtils.java:logGet(46)) - raft.server.log.purge.upto.snapshot.index = true (custom)
2024-03-11 08:30:16,331 [main] INFO  server.RaftServer (RaftServerProxy.java:startImpl(406)) - omNode-1: start RPC server
2024-03-11 08:30:16,331 [omNode-1@group-523986131536-FollowerState] INFO  server.RaftServerConfigKeys (ConfUtils.java:logFallback(53)) - raft.server.rpc.first-election.timeout.min = 1s (fallback to raft.server.rpc.timeout.min)
2024-03-11 08:30:16,331 [omNode-1@group-523986131536-FollowerState] INFO  server.RaftServerConfigKeys (ConfUtils.java:logFallback(53)) - raft.server.rpc.first-election.timeout.max = 1200ms (fallback to raft.server.rpc.timeout.max)
2024-03-11 08:30:16,333 [main] INFO  server.GrpcService (GrpcService.java:startImpl(302)) - omNode-1: GrpcService started, listening on 15093
2024-03-11 08:30:16,333 [JvmPauseMonitor30] INFO  util.JvmPauseMonitor (JvmPauseMonitor.java:run(146)) - JvmPauseMonitor-omNode-1: Started
2024-03-11 08:30:16,334 [main] INFO  om.OzoneManager (OzoneManager.java:start(1669)) - Version File has different layout version (6) than OM DB (null). That is expected if this OM has never been finalized to a newer layout version.
2024-03-11 08:30:16,339 [main] INFO  client.ScmTopologyClient (ScmTopologyClient.java:start(67)) - Initial network topology fetched from SCM: /.
2024-03-11 08:30:16,339 [main] INFO  net.NodeSchemaLoader (NodeSchemaLoader.java:loadSchemaFromFile(129)) - Loading schema from [jar:file:/home/runner/.m2/repository/org/apache/ozone/hdds-common/1.5.0-SNAPSHOT/hdds-common-1.5.0-SNAPSHOT.jar!/network-topology-default.xml]
2024-03-11 08:30:16,339 [main] INFO  net.NodeSchemaLoader (NodeSchemaLoader.java:loadSchema(176)) - Loading network topology layer schema file
2024-03-11 08:30:16,342 [main] INFO  http.BaseHttpServer (BaseHttpServer.java:newHttpServer2BuilderForOzone(223)) - Starting Web-server for ozoneManager at: http://0.0.0.0:15091
2024-03-11 08:30:16,342 [main] INFO  http.BaseHttpServer (BaseHttpServer.java:<init>(110)) - Hadoop Security Enabled: false Ozone Security Enabled: false Ozone HTTP Security Enabled: false 
2024-03-11 08:30:16,343 [main] WARN  server.AuthenticationFilter (AuthenticationFilter.java:constructSecretProvider(240)) - Unable to initialize FileSignerSecretProvider, falling back to use random secrets. Reason: Could not read signature secret file: /home/runner/hadoop-http-auth-signature-secret
2024-03-11 08:30:16,344 [main] INFO  http.HttpRequestLog (HttpRequestLog.java:getRequestLog(86)) - Http request log for http.requests.ozoneManager is not defined
2024-03-11 08:30:16,345 [main] INFO  http.HttpServer2 (HttpServer2.java:addGlobalFilter(1036)) - Added global filter 'safety' (class=org.apache.hadoop.hdds.server.http.HttpServer2$QuotingInputFilter)
2024-03-11 08:30:16,345 [main] INFO  http.HttpServer2 (HttpServer2.java:addFilter(1012)) - Added filter static_user_filter (class=org.apache.hadoop.http.lib.StaticUserWebFilter$StaticUserFilter) to context ozoneManager
2024-03-11 08:30:16,345 [main] INFO  http.HttpServer2 (HttpServer2.java:addFilter(1020)) - Added filter static_user_filter (class=org.apache.hadoop.http.lib.StaticUserWebFilter$StaticUserFilter) to context logs
2024-03-11 08:30:16,345 [main] INFO  http.HttpServer2 (HttpServer2.java:addFilter(1020)) - Added filter static_user_filter (class=org.apache.hadoop.http.lib.StaticUserWebFilter$StaticUserFilter) to context static
2024-03-11 08:30:16,346 [main] INFO  http.BaseHttpServer (BaseHttpServer.java:<init>(189)) - HTTP server of ozoneManager uses base directory /home/runner/work/ozone/ozone/hadoop-ozone/integration-test/target/test-dir/MiniOzoneClusterImpl-b8fac49e-ce79-4459-ae7b-186efce8cd22/omNode-1/webserver
2024-03-11 08:30:16,346 [main] INFO  http.HttpServer2 (HttpServer2.java:bindListener(1236)) - Jetty bound to port 15091
2024-03-11 08:30:16,346 [main] INFO  server.Server (Server.java:doStart(375)) - jetty-9.4.53.v20231009; built: 2023-10-09T12:29:09.265Z; git: 27bde00a0b95a1d5bbee0eae7984f891d2d0f8c9; jvm 1.8.0_402-b06
2024-03-11 08:30:16,347 [main] INFO  server.session (DefaultSessionIdManager.java:doStart(334)) - DefaultSessionIdManager workerName=node0
2024-03-11 08:30:16,347 [main] INFO  server.session (DefaultSessionIdManager.java:doStart(339)) - No SessionScavenger set, using defaults
2024-03-11 08:30:16,348 [main] INFO  server.session (HouseKeeper.java:startScavenging(132)) - node0 Scavenging every 660000ms
2024-03-11 08:30:16,348 [main] INFO  handler.ContextHandler (ContextHandler.java:doStart(921)) - Started o.e.j.s.ServletContextHandler@6948f680{logs,/logs,file:///home/runner/work/ozone/ozone/hadoop-ozone/integration-test/target/log,AVAILABLE}
2024-03-11 08:30:16,348 [main] INFO  handler.ContextHandler (ContextHandler.java:doStart(921)) - Started o.e.j.s.ServletContextHandler@43382195{static,/static,file:///home/runner/work/ozone/ozone/hadoop-ozone/integration-test/target/test-classes/webapps/static,AVAILABLE}
2024-03-11 08:30:16,350 [main] INFO  handler.ContextHandler (ContextHandler.java:doStart(921)) - Started o.e.j.w.WebAppContext@2b52ea22{ozoneManager,/,file:///home/runner/work/ozone/ozone/hadoop-ozone/integration-test/target/test-classes/webapps/ozoneManager/,AVAILABLE}{file:/home/runner/work/ozone/ozone/hadoop-ozone/integration-test/target/test-classes/webapps/ozoneManager}
2024-03-11 08:30:16,351 [main] INFO  server.AbstractConnector (AbstractConnector.java:doStart(333)) - Started ServerConnector@37467bcb{HTTP/1.1, (http/1.1)}{0.0.0.0:15091}
2024-03-11 08:30:16,351 [main] INFO  server.Server (Server.java:doStart(415)) - Started @231122ms
2024-03-11 08:30:16,352 [main] WARN  impl.MetricsSystemImpl (MetricsSystemImpl.java:register(279)) - Sink prometheus already exists!
2024-03-11 08:30:16,352 [main] INFO  http.BaseHttpServer (BaseHttpServer.java:updateConnectorAddress(354)) - HTTP server of ozoneManager listening at http://0.0.0.0:15091
2024-03-11 08:30:16,352 [IPC Server Responder] INFO  ipc.Server (Server.java:run(1562)) - IPC Server Responder: starting
2024-03-11 08:30:16,352 [IPC Server listener on 15090] INFO  ipc.Server (Server.java:run(1402)) - IPC Server listener on 15090: starting
2024-03-11 08:30:16,355 [main] INFO  om.OzoneManager (OzoneManager.java:startTrashEmptier(2130)) - Trash Interval set to 0. Files deleted won't move to trash
2024-03-11 08:30:16,355 [main] INFO  ozone.MiniOzoneHAClusterImpl (MiniOzoneHAClusterImpl.java:createOMService(516)) - Started OzoneManager omNode-1 RPC server at localhost/127.0.0.1:15090
2024-03-11 08:30:16,355 [main] INFO  ha.OMHANodeDetails (OMHANodeDetails.java:loadOMHAConfig(121)) - ServiceID for OzoneManager is om-service-test1
2024-03-11 08:30:16,356 [main] INFO  ha.OMHANodeDetails (OMHANodeDetails.java:loadOMHAConfig(201)) - Found matching OM address with OMServiceId: om-service-test1, OMNodeId: omNode-2, RPC Address: localhost:15094 and Ratis port: 15097
2024-03-11 08:30:16,356 [main] INFO  ha.OMHANodeDetails (ConfUtils.java:setNodeSpecificConfigs(97)) - Setting configuration key ozone.om.http-address with value of key ozone.om.http-address.om-service-test1.omNode-2: 127.0.0.1:15095
2024-03-11 08:30:16,356 [main] INFO  ha.OMHANodeDetails (ConfUtils.java:setNodeSpecificConfigs(97)) - Setting configuration key ozone.om.https-address with value of key ozone.om.https-address.om-service-test1.omNode-2: 127.0.0.1:15096
2024-03-11 08:30:16,356 [main] INFO  ha.OMHANodeDetails (ConfUtils.java:setNodeSpecificConfigs(97)) - Setting configuration key ozone.om.address with value of key ozone.om.address.om-service-test1.omNode-2: 127.0.0.1:15094
2024-03-11 08:30:16,356 [main] WARN  server.ServerUtils (ServerUtils.java:getDBPath(299)) - ozone.om.db.dirs is not configured. We recommend adding this setting. Falling back to ozone.metadata.dirs instead.
2024-03-11 08:30:16,357 [main] INFO  proxy.SCMBlockLocationFailoverProxyProvider (SCMBlockLocationFailoverProxyProvider.java:<init>(115)) - Created block location fail-over proxy with 1 nodes: [nodeId=scmNodeId,nodeAddress=/0.0.0.0:15087]
OM initialization succeeded.Current cluster id for sd=/home/runner/work/ozone/ozone/hadoop-ozone/integration-test/target/test-dir/MiniOzoneClusterImpl-b8fac49e-ce79-4459-ae7b-186efce8cd22/omNode-2/om;cid=b8fac49e-ce79-4459-ae7b-186efce8cd22;layoutVersion=6
2024-03-11 08:30:16,362 [main] INFO  ha.OMHANodeDetails (OMHANodeDetails.java:loadOMHAConfig(121)) - ServiceID for OzoneManager is om-service-test1
2024-03-11 08:30:16,362 [main] INFO  ha.OMHANodeDetails (OMHANodeDetails.java:loadOMHAConfig(201)) - Found matching OM address with OMServiceId: om-service-test1, OMNodeId: omNode-2, RPC Address: localhost:15094 and Ratis port: 15097
2024-03-11 08:30:16,362 [main] INFO  ha.OMHANodeDetails (ConfUtils.java:setNodeSpecificConfigs(97)) - Setting configuration key ozone.om.http-address with value of key ozone.om.http-address.om-service-test1.omNode-2: 127.0.0.1:15095
2024-03-11 08:30:16,362 [main] INFO  ha.OMHANodeDetails (ConfUtils.java:setNodeSpecificConfigs(97)) - Setting configuration key ozone.om.https-address with value of key ozone.om.https-address.om-service-test1.omNode-2: 127.0.0.1:15096
2024-03-11 08:30:16,363 [main] INFO  ha.OMHANodeDetails (ConfUtils.java:setNodeSpecificConfigs(97)) - Setting configuration key ozone.om.address with value of key ozone.om.address.om-service-test1.omNode-2: 127.0.0.1:15094
2024-03-11 08:30:16,363 [main] WARN  server.ServerUtils (ServerUtils.java:getDBPath(299)) - ozone.om.db.dirs is not configured. We recommend adding this setting. Falling back to ozone.metadata.dirs instead.
2024-03-11 08:30:16,364 [main] INFO  upgrade.AbstractLayoutVersionManager (AbstractLayoutVersionManager.java:init(83)) - Initializing Layout version manager with metadata layout = QUOTA (version = 6), software layout = QUOTA (version = 6)
2024-03-11 08:30:16,400 [main] INFO  upgrade.OMLayoutVersionManager (OMLayoutVersionManager.java:lambda$0(113)) - Skipping Upgrade Action QuotaRepairUpgradeAction since it has been finalized.
2024-03-11 08:30:16,400 [main] INFO  upgrade.OMLayoutVersionManager (OMLayoutVersionManager.java:lambda$0(113)) - Skipping Upgrade Action MockOmUpgradeAction since it has been finalized.
2024-03-11 08:30:16,400 [main] WARN  server.ServerUtils (ServerUtils.java:getDBPath(299)) - ozone.om.db.dirs is not configured. We recommend adding this setting. Falling back to ozone.metadata.dirs instead.
2024-03-11 08:30:16,401 [main] INFO  proxy.SCMBlockLocationFailoverProxyProvider (SCMBlockLocationFailoverProxyProvider.java:<init>(115)) - Created block location fail-over proxy with 1 nodes: [nodeId=scmNodeId,nodeAddress=/0.0.0.0:15087]
2024-03-11 08:30:16,402 [main] INFO  proxy.SCMBlockLocationFailoverProxyProvider (SCMBlockLocationFailoverProxyProvider.java:<init>(115)) - Created block location fail-over proxy with 1 nodes: [nodeId=scmNodeId,nodeAddress=/0.0.0.0:15087]
2024-03-11 08:30:16,407 [main] INFO  om.OzoneManager (OzoneManager.java:<init>(679)) - OM start with adminUsers: [*, runner]
2024-03-11 08:30:16,407 [main] WARN  server.ServerUtils (ServerUtils.java:getDBPath(299)) - ozone.om.db.dirs is not configured. We recommend adding this setting. Falling back to ozone.metadata.dirs instead.
2024-03-11 08:30:16,408 [main] INFO  helpers.OmKeyInfo (OmKeyInfo.java:getCodec(71)) - OmKeyInfo.getCodec ignorePipeline = true
2024-03-11 08:30:16,561 [main] INFO  om.OzoneManager (OzoneManager.java:instantiateServices(811)) - S3 Multi-Tenancy is disabled
2024-03-11 08:30:16,561 [main] INFO  om.OmSnapshotManager (OmSnapshotManager.java:<init>(177)) - Ozone filesystem snapshot feature is enabled.
2024-03-11 08:30:16,561 [main] WARN  server.ServerUtils (ServerUtils.java:getDBPath(299)) - ozone.om.snapshot.diff.db.dir is not configured. We recommend adding this setting. Falling back to ozone.metadata.dirs instead.
2024-03-11 08:30:16,580 [main] INFO  utils.NativeLibraryLoader (NativeLibraryLoader.java:loadLibrary(108)) - Loading Library: ozone_rocksdb_tools
2024-03-11 08:30:16,580 [main] ERROR snapshot.SnapshotDiffManager (SnapshotDiffManager.java:initNativeLibraryForEfficientDiff(287)) - Native Library for raw sst file reading loading failed.
org.apache.hadoop.hdds.utils.NativeLibraryNotLoadedException: Unable to load library ozone_rocksdb_tools from both java.library.path & resource file libozone_rocksdb_tools.so from jar.
	at org.apache.hadoop.hdds.utils.db.managed.ManagedRawSSTFileReader.loadLibrary(ManagedRawSSTFileReader.java:38)
	at org.apache.hadoop.ozone.om.snapshot.SnapshotDiffManager.initNativeLibraryForEfficientDiff(SnapshotDiffManager.java:285)
	at org.apache.hadoop.ozone.om.snapshot.SnapshotDiffManager.<init>(SnapshotDiffManager.java:259)
	at org.apache.hadoop.ozone.om.OmSnapshotManager.<init>(OmSnapshotManager.java:279)
	at org.apache.hadoop.ozone.om.OzoneManager.instantiateServices(OzoneManager.java:863)
	at org.apache.hadoop.ozone.om.OzoneManager.<init>(OzoneManager.java:689)
	at org.apache.hadoop.ozone.om.OzoneManager.createOm(OzoneManager.java:774)
	at org.apache.hadoop.ozone.MiniOzoneHAClusterImpl$Builder.createOMService(MiniOzoneHAClusterImpl.java:509)
	at org.apache.hadoop.ozone.MiniOzoneHAClusterImpl$Builder.build(MiniOzoneHAClusterImpl.java:425)
	at org.apache.hadoop.ozone.om.TestOzoneManagerHA.init(TestOzoneManagerHA.java:182)
	at sun.reflect.NativeMethodAccessorImpl.invoke0(Native Method)
	at sun.reflect.NativeMethodAccessorImpl.invoke(NativeMethodAccessorImpl.java:62)
	at sun.reflect.DelegatingMethodAccessorImpl.invoke(DelegatingMethodAccessorImpl.java:43)
	at java.lang.reflect.Method.invoke(Method.java:498)
	at org.junit.platform.commons.util.ReflectionUtils.invokeMethod(ReflectionUtils.java:728)
	at org.junit.jupiter.engine.execution.MethodInvocation.proceed(MethodInvocation.java:60)
	at org.junit.jupiter.engine.execution.InvocationInterceptorChain$ValidatingInvocation.proceed(InvocationInterceptorChain.java:131)
	at org.junit.jupiter.engine.extension.TimeoutExtension.intercept(TimeoutExtension.java:156)
	at org.junit.jupiter.engine.extension.TimeoutExtension.interceptLifecycleMethod(TimeoutExtension.java:128)
	at org.junit.jupiter.engine.extension.TimeoutExtension.interceptBeforeAllMethod(TimeoutExtension.java:70)
	at org.junit.jupiter.engine.execution.InterceptingExecutableInvoker$ReflectiveInterceptorCall.lambda$ofVoidMethod$0(InterceptingExecutableInvoker.java:103)
	at org.junit.jupiter.engine.execution.InterceptingExecutableInvoker.lambda$invoke$0(InterceptingExecutableInvoker.java:93)
	at org.junit.jupiter.engine.execution.InvocationInterceptorChain$InterceptedInvocation.proceed(InvocationInterceptorChain.java:106)
	at org.junit.jupiter.engine.execution.InvocationInterceptorChain.proceed(InvocationInterceptorChain.java:64)
	at org.junit.jupiter.engine.execution.InvocationInterceptorChain.chainAndInvoke(InvocationInterceptorChain.java:45)
	at org.junit.jupiter.engine.execution.InvocationInterceptorChain.invoke(InvocationInterceptorChain.java:37)
	at org.junit.jupiter.engine.execution.InterceptingExecutableInvoker.invoke(InterceptingExecutableInvoker.java:92)
	at org.junit.jupiter.engine.execution.InterceptingExecutableInvoker.invoke(InterceptingExecutableInvoker.java:86)
	at org.junit.jupiter.engine.descriptor.ClassBasedTestDescriptor.lambda$invokeBeforeAllMethods$13(ClassBasedTestDescriptor.java:412)
	at org.junit.platform.engine.support.hierarchical.ThrowableCollector.execute(ThrowableCollector.java:73)
	at org.junit.jupiter.engine.descriptor.ClassBasedTestDescriptor.invokeBeforeAllMethods(ClassBasedTestDescriptor.java:410)
	at org.junit.jupiter.engine.descriptor.ClassBasedTestDescriptor.before(ClassBasedTestDescriptor.java:216)
	at org.junit.jupiter.engine.descriptor.ClassBasedTestDescriptor.before(ClassBasedTestDescriptor.java:85)
	at org.junit.platform.engine.support.hierarchical.NodeTestTask.lambda$executeRecursively$6(NodeTestTask.java:148)
	at org.junit.platform.engine.support.hierarchical.ThrowableCollector.execute(ThrowableCollector.java:73)
	at org.junit.platform.engine.support.hierarchical.NodeTestTask.lambda$executeRecursively$8(NodeTestTask.java:141)
	at org.junit.platform.engine.support.hierarchical.Node.around(Node.java:137)
	at org.junit.platform.engine.support.hierarchical.NodeTestTask.lambda$executeRecursively$9(NodeTestTask.java:139)
	at org.junit.platform.engine.support.hierarchical.ThrowableCollector.execute(ThrowableCollector.java:73)
	at org.junit.platform.engine.support.hierarchical.NodeTestTask.executeRecursively(NodeTestTask.java:138)
	at org.junit.platform.engine.support.hierarchical.NodeTestTask.execute(NodeTestTask.java:95)
	at java.util.ArrayList.forEach(ArrayList.java:1259)
	at org.junit.platform.engine.support.hierarchical.SameThreadHierarchicalTestExecutorService.invokeAll(SameThreadHierarchicalTestExecutorService.java:41)
	at org.junit.platform.engine.support.hierarchical.NodeTestTask.lambda$executeRecursively$6(NodeTestTask.java:155)
	at org.junit.platform.engine.support.hierarchical.ThrowableCollector.execute(ThrowableCollector.java:73)
	at org.junit.platform.engine.support.hierarchical.NodeTestTask.lambda$executeRecursively$8(NodeTestTask.java:141)
	at org.junit.platform.engine.support.hierarchical.Node.around(Node.java:137)
	at org.junit.platform.engine.support.hierarchical.NodeTestTask.lambda$executeRecursively$9(NodeTestTask.java:139)
	at org.junit.platform.engine.support.hierarchical.ThrowableCollector.execute(ThrowableCollector.java:73)
	at org.junit.platform.engine.support.hierarchical.NodeTestTask.executeRecursively(NodeTestTask.java:138)
	at org.junit.platform.engine.support.hierarchical.NodeTestTask.execute(NodeTestTask.java:95)
	at org.junit.platform.engine.support.hierarchical.SameThreadHierarchicalTestExecutorService.submit(SameThreadHierarchicalTestExecutorService.java:35)
	at org.junit.platform.engine.support.hierarchical.HierarchicalTestExecutor.execute(HierarchicalTestExecutor.java:57)
	at org.junit.platform.engine.support.hierarchical.HierarchicalTestEngine.execute(HierarchicalTestEngine.java:54)
	at org.junit.platform.launcher.core.EngineExecutionOrchestrator.execute(EngineExecutionOrchestrator.java:198)
	at org.junit.platform.launcher.core.EngineExecutionOrchestrator.execute(EngineExecutionOrchestrator.java:169)
	at org.junit.platform.launcher.core.EngineExecutionOrchestrator.execute(EngineExecutionOrchestrator.java:93)
	at org.junit.platform.launcher.core.EngineExecutionOrchestrator.lambda$execute$0(EngineExecutionOrchestrator.java:58)
	at org.junit.platform.launcher.core.EngineExecutionOrchestrator.withInterceptedStreams(EngineExecutionOrchestrator.java:141)
	at org.junit.platform.launcher.core.EngineExecutionOrchestrator.execute(EngineExecutionOrchestrator.java:57)
	at org.junit.platform.launcher.core.DefaultLauncher.execute(DefaultLauncher.java:103)
	at org.junit.platform.launcher.core.DefaultLauncher.execute(DefaultLauncher.java:85)
	at org.junit.platform.launcher.core.DelegatingLauncher.execute(DelegatingLauncher.java:47)
	at org.junit.platform.launcher.core.SessionPerRequestLauncher.execute(SessionPerRequestLauncher.java:63)
	at org.apache.maven.surefire.junitplatform.JUnitPlatformProvider.invokeAllTests(JUnitPlatformProvider.java:165)
	at org.apache.maven.surefire.junitplatform.JUnitPlatformProvider.invoke(JUnitPlatformProvider.java:124)
	at org.apache.maven.surefire.booter.ForkedBooter.runSuitesInProcess(ForkedBooter.java:428)
	at org.apache.maven.surefire.booter.ForkedBooter.execute(ForkedBooter.java:162)
	at org.apache.maven.surefire.booter.ForkedBooter.run(ForkedBooter.java:562)
	at org.apache.maven.surefire.booter.ForkedBooter.main(ForkedBooter.java:548)
2024-03-11 08:30:16,583 [main] INFO  om.OzoneManager (OzoneManager.java:addS3GVolumeToDB(4468)) - Created Volume s3v With Owner runner required for S3Gateway operations.
2024-03-11 08:30:16,583 [main] WARN  server.ServerUtils (ServerUtils.java:getDefaultRatisDirectory(311)) - Storage directory for Ratis is not configured. It is a good idea to map this to an SSD disk. Falling back to ozone.metadata.dirs
2024-03-11 08:30:16,583 [main] WARN  utils.OzoneManagerRatisUtils (OzoneManagerRatisUtils.java:getOMRatisSnapshotDirectory(476)) - ozone.om.ratis.snapshot.dir is not configured. Falling back to ozone.metadata.dirs config
2024-03-11 08:30:16,584 [main] INFO  utils.RDBSnapshotProvider (RDBSnapshotProvider.java:init(87)) - Cleaning up the candidate dir: /home/runner/work/ozone/ozone/hadoop-ozone/integration-test/target/test-dir/MiniOzoneClusterImpl-b8fac49e-ce79-4459-ae7b-186efce8cd22/omNode-2/snapshot/om.db.candidate
2024-03-11 08:30:16,584 [main] INFO  ratis_snapshot.OmRatisSnapshotProvider (OmRatisSnapshotProvider.java:<init>(99)) - Initializing OM Snapshot Provider
2024-03-11 08:30:16,585 [main] WARN  dropwizard3.Dm3MetricRegistriesImpl (Dm3MetricRegistriesImpl.java:addReporterRegistration(113)) - New reporters are added after registries were created. Some metrics will be missing from the reporter. Please add reporter before adding any new registry.
2024-03-11 08:30:16,585 [main] WARN  dropwizard3.Dm3MetricRegistriesImpl (Dm3MetricRegistriesImpl.java:addReporterRegistration(113)) - New reporters are added after registries were created. Some metrics will be missing from the reporter. Please add reporter before adding any new registry.
2024-03-11 08:30:16,585 [main] WARN  server.ServerUtils (ServerUtils.java:getDefaultRatisDirectory(311)) - Storage directory for Ratis is not configured. It is a good idea to map this to an SSD disk. Falling back to ozone.metadata.dirs
2024-03-11 08:30:16,586 [main] INFO  ratis.OzoneManagerRatisServer (OzoneManagerRatisServer.java:<init>(167)) - Instantiating OM Ratis server with groupID: om-service-test1 and peers: localhost:15097, localhost:15101, localhost:15093
2024-03-11 08:30:16,586 [main] INFO  ratis.OzoneManagerStateMachine (OzoneManagerStateMachine.java:loadSnapshotInfoFromDB(575)) - TransactionInfo not found in OM DB.
2024-03-11 08:30:16,587 [main] INFO  server.RaftServer (ConfUtils.java:logGet(46)) - raft.rpc.type = GRPC (default)
2024-03-11 08:30:16,587 [main] INFO  grpc.GrpcConfigKeys (ConfUtils.java:logFallback(53)) - raft.grpc.admin.host = null (fallback to raft.grpc.server.host)
2024-03-11 08:30:16,587 [main] INFO  grpc.GrpcConfigKeys (ConfUtils.java:logFallback(53)) - raft.grpc.admin.port = 15097 (fallback to raft.grpc.server.port)
2024-03-11 08:30:16,587 [main] INFO  grpc.GrpcConfigKeys (ConfUtils.java:logFallback(53)) - raft.grpc.client.host = null (fallback to raft.grpc.server.host)
2024-03-11 08:30:16,587 [main] INFO  grpc.GrpcConfigKeys (ConfUtils.java:logFallback(53)) - raft.grpc.client.port = 15097 (fallback to raft.grpc.server.port)
2024-03-11 08:30:16,588 [main] INFO  grpc.GrpcConfigKeys (ConfUtils.java:logGet(46)) - raft.grpc.server.host = null (default)
2024-03-11 08:30:16,588 [main] INFO  grpc.GrpcConfigKeys (ConfUtils.java:logGet(46)) - raft.grpc.server.port = 15097 (custom)
2024-03-11 08:30:16,588 [main] INFO  server.GrpcService (ConfUtils.java:logGet(46)) - raft.grpc.message.size.max = 4194304 (custom)
2024-03-11 08:30:16,588 [main] INFO  server.RaftServerConfigKeys (ConfUtils.java:logGet(46)) - raft.server.log.appender.buffer.byte-limit = 4194304 (custom)
2024-03-11 08:30:16,588 [main] INFO  server.GrpcService (ConfUtils.java:logGet(46)) - raft.grpc.flow.control.window = 1MB (=1048576) (default)
2024-03-11 08:30:16,588 [main] INFO  server.RaftServerConfigKeys (ConfUtils.java:logGet(46)) - raft.server.rpc.request.timeout = 3000ms (default)
2024-03-11 08:30:16,588 [main] INFO  grpc.GrpcConfigKeys (ConfUtils.java:logGet(46)) - raft.grpc.server.heartbeat.channel = true (default)
2024-03-11 08:30:16,589 [main] INFO  grpc.GrpcConfigKeys (ConfUtils.java:logGet(46)) - raft.grpc.server.async.request.thread.pool.cached = true (default)
2024-03-11 08:30:16,589 [main] INFO  grpc.GrpcConfigKeys (ConfUtils.java:logGet(46)) - raft.grpc.server.async.request.thread.pool.size = 32 (default)
2024-03-11 08:30:16,590 [main] INFO  impl.DataStreamServerImpl (ConfUtils.java:logGet(46)) - raft.datastream.type = DISABLED (default)
2024-03-11 08:30:16,590 [main] INFO  server.RaftServerConfigKeys (ConfUtils.java:logGet(46)) - raft.server.sleep.deviation.threshold = 300ms (default)
2024-03-11 08:30:16,590 [main] INFO  server.RaftServerConfigKeys (ConfUtils.java:logGet(46)) - raft.server.close.threshold = 60s (default)
2024-03-11 08:30:16,590 [main] INFO  server.RaftServerConfigKeys (ConfUtils.java:logGet(46)) - raft.server.leaderelection.leader.step-down.wait-time = 10s (default)
2024-03-11 08:30:16,590 [main] INFO  server.RaftServerConfigKeys (ConfUtils.java:logGet(46)) - raft.server.storage.dir = [/home/runner/work/ozone/ozone/hadoop-ozone/integration-test/target/test-dir/MiniOzoneClusterImpl-b8fac49e-ce79-4459-ae7b-186efce8cd22/omNode-2/ratis] (custom)
2024-03-11 08:30:16,590 [main] INFO  server.RaftServerConfigKeys (ConfUtils.java:logGet(46)) - raft.server.threadpool.proxy.cached = true (default)
2024-03-11 08:30:16,591 [main] INFO  server.RaftServerConfigKeys (ConfUtils.java:logGet(46)) - raft.server.threadpool.proxy.size = 0 (default)
2024-03-11 08:30:16,591 [main] INFO  server.RaftServer (RaftServerProxy.java:addNew(100)) - omNode-2: addNew group-523986131536:[omNode-3|localhost:15101, omNode-1|localhost:15093, omNode-2|localhost:15097] returns group-523986131536:java.util.concurrent.CompletableFuture@3491db25[Not completed]
2024-03-11 08:30:16,591 [main] INFO  om.OzoneManager (OzoneManager.java:initializeRatisServer(2177)) - OzoneManager Ratis server initialized at port 15097
2024-03-11 08:30:16,591 [omNode-2-groupManagement] INFO  server.RaftServer$Division (RaftServerImpl.java:<init>(256)) - omNode-2: new RaftServerImpl for group-523986131536:[omNode-3|localhost:15101, omNode-1|localhost:15093, omNode-2|localhost:15097] with OzoneManagerStateMachine:uninitialized
2024-03-11 08:30:16,591 [main] INFO  om.OzoneManager (OzoneManager.java:getRpcServer(1231)) - Creating RPC Server
2024-03-11 08:30:16,591 [omNode-2-groupManagement] INFO  server.RaftServerConfigKeys (ConfUtils.java:logGet(46)) - raft.server.rpc.timeout.min = 1s (custom)
2024-03-11 08:30:16,592 [omNode-2-groupManagement] INFO  server.RaftServerConfigKeys (ConfUtils.java:logGet(46)) - raft.server.rpc.timeout.max = 1200ms (custom)
2024-03-11 08:30:16,592 [omNode-2-groupManagement] INFO  server.RaftServerConfigKeys (ConfUtils.java:logGet(46)) - raft.server.rpc.sleep.time = 25ms (default)
2024-03-11 08:30:16,592 [omNode-2-groupManagement] INFO  server.RaftServerConfigKeys (ConfUtils.java:logGet(46)) - raft.server.rpc.slowness.timeout = 2s (custom)
2024-03-11 08:30:16,592 [omNode-2-groupManagement] INFO  server.RaftServerConfigKeys (ConfUtils.java:logGet(46)) - raft.server.leaderelection.leader.step-down.wait-time = 10s (default)
2024-03-11 08:30:16,592 [omNode-2-groupManagement] INFO  server.RaftServerConfigKeys (ConfUtils.java:logGet(46)) - raft.server.leaderelection.member.majority-add = false (default)
2024-03-11 08:30:16,592 [omNode-2-groupManagement] INFO  server.RaftServerConfigKeys (ConfUtils.java:logGet(46)) - raft.server.sleep.deviation.threshold = 300ms (default)
2024-03-11 08:30:16,592 [omNode-2-groupManagement] INFO  server.RaftServer$Division (ServerState.java:<init>(113)) - omNode-2@group-523986131536: ConfigurationManager, init=-1: peers:[omNode-3|localhost:15101, omNode-1|localhost:15093, omNode-2|localhost:15097]|listeners:[], old=null, confs=<EMPTY_MAP>
2024-03-11 08:30:16,592 [omNode-2-groupManagement] INFO  server.RaftServerConfigKeys (ConfUtils.java:logGet(46)) - raft.server.notification.no-leader.timeout = 2s (custom)
2024-03-11 08:30:16,592 [omNode-2-groupManagement] INFO  server.RaftServerConfigKeys (ConfUtils.java:logGet(46)) - raft.server.read.timeout = 10s (default)
2024-03-11 08:30:16,592 [omNode-2-groupManagement] INFO  server.RaftServerConfigKeys (ConfUtils.java:logGet(46)) - raft.server.retrycache.expirytime = 30000ms (custom)
2024-03-11 08:30:16,592 [omNode-2-groupManagement] INFO  server.RaftServerConfigKeys (ConfUtils.java:logGet(46)) - raft.server.retrycache.statistics.expirytime = 100ms (default)
2024-03-11 08:30:16,592 [omNode-2-groupManagement] INFO  server.RaftServerConfigKeys (ConfUtils.java:logGet(46)) - raft.server.read.option = DEFAULT (default)
2024-03-11 08:30:16,592 [omNode-2-groupManagement] INFO  server.RaftServerConfigKeys (ConfUtils.java:logGet(46)) - raft.server.read.read-after-write-consistent.write-index-cache.expiry-time = 60s (default)
2024-03-11 08:30:16,593 [omNode-2-groupManagement] INFO  server.RaftServerConfigKeys (ConfUtils.java:logGet(46)) - raft.server.rpc.request.timeout = 3000ms (default)
2024-03-11 08:30:16,593 [omNode-2-groupManagement] INFO  server.RaftServerConfigKeys (ConfUtils.java:logGet(46)) - raft.server.log.appender.install.snapshot.enabled = false (custom)
2024-03-11 08:30:16,593 [omNode-2-groupManagement] INFO  server.RaftServerConfigKeys (ConfUtils.java:logGet(46)) - raft.server.threadpool.server.cached = true (default)
2024-03-11 08:30:16,593 [omNode-2-groupManagement] INFO  server.RaftServerConfigKeys (ConfUtils.java:logGet(46)) - raft.server.threadpool.server.size = 0 (default)
2024-03-11 08:30:16,593 [omNode-2-groupManagement] INFO  server.RaftServerConfigKeys (ConfUtils.java:logGet(46)) - raft.server.threadpool.client.cached = true (default)
2024-03-11 08:30:16,593 [omNode-2-groupManagement] INFO  server.RaftServerConfigKeys (ConfUtils.java:logGet(46)) - raft.server.threadpool.client.size = 0 (default)
2024-03-11 08:30:16,787 [main] INFO  ipc.CallQueueManager (CallQueueManager.java:<init>(90)) - Using callQueue: class java.util.concurrent.LinkedBlockingQueue, queueCapacity: 2000, scheduler: class org.apache.hadoop.ipc.DefaultRpcScheduler, ipcBackoff: false.
2024-03-11 08:30:16,787 [main] INFO  ipc.Server (Server.java:<init>(1287)) - Listener at 127.0.0.1:15094
2024-03-11 08:30:16,788 [Socket Reader #1 for port 15094] INFO  ipc.Server (Server.java:run(1323)) - Starting Socket Reader #1 for port 15094
2024-03-11 08:30:16,801 [main] INFO  impl.MetricsSystemImpl (MetricsSystemImpl.java:init(158)) - OzoneManager metrics system started (again)
2024-03-11 08:30:16,840 [main] INFO  om.OzoneManager (OzoneManager.java:start(1653)) - OzoneManager RPC server is listening at localhost/127.0.0.1:15094
2024-03-11 08:30:16,841 [main] INFO  ratis.OzoneManagerRatisServer (OzoneManagerRatisServer.java:start(588)) - Starting OzoneManagerRatisServer omNode-2 at port 15097
2024-03-11 08:30:16,841 [omNode-2-impl-thread1] INFO  server.RaftServerConfigKeys (ConfUtils.java:logGet(46)) - raft.server.storage.free-space.min = 0MB (=0) (default)
2024-03-11 08:30:16,841 [omNode-2-impl-thread1] INFO  server.RaftServerConfigKeys (ConfUtils.java:logGet(46)) - raft.server.log.corruption.policy = EXCEPTION (default)
2024-03-11 08:30:16,841 [omNode-2-impl-thread1] INFO  server.RaftServerConfigKeys (ConfUtils.java:logGet(46)) - raft.server.storage.dir = [/home/runner/work/ozone/ozone/hadoop-ozone/integration-test/target/test-dir/MiniOzoneClusterImpl-b8fac49e-ce79-4459-ae7b-186efce8cd22/omNode-2/ratis] (custom)
2024-03-11 08:30:16,841 [omNode-2-impl-thread1] INFO  storage.RaftStorageDirectory (RaftStorageDirectoryImpl.java:analyzeStorage(138)) - The storage directory /home/runner/work/ozone/ozone/hadoop-ozone/integration-test/target/test-dir/MiniOzoneClusterImpl-b8fac49e-ce79-4459-ae7b-186efce8cd22/omNode-2/ratis/c9bc4cf4-3bc3-3c60-a66b-523986131536 does not exist. Creating ...
2024-03-11 08:30:16,843 [omNode-2-impl-thread1] INFO  storage.RaftStorageDirectory (RaftStorageDirectoryImpl.java:tryLock(228)) - Lock on /home/runner/work/ozone/ozone/hadoop-ozone/integration-test/target/test-dir/MiniOzoneClusterImpl-b8fac49e-ce79-4459-ae7b-186efce8cd22/omNode-2/ratis/c9bc4cf4-3bc3-3c60-a66b-523986131536/in_use.lock acquired by nodename 48108@fv-az1250-130
2024-03-11 08:30:16,844 [omNode-2-impl-thread1] INFO  storage.RaftStorage (RaftStorageImpl.java:format(99)) - Storage directory /home/runner/work/ozone/ozone/hadoop-ozone/integration-test/target/test-dir/MiniOzoneClusterImpl-b8fac49e-ce79-4459-ae7b-186efce8cd22/omNode-2/ratis/c9bc4cf4-3bc3-3c60-a66b-523986131536 has been successfully formatted.
2024-03-11 08:30:16,844 [omNode-2-impl-thread1] WARN  util.FileUtils (LogUtils.java:supplyAndLog(63)) - Failed to Files.newInputStream /home/runner/work/ozone/ozone/hadoop-ozone/integration-test/target/test-dir/MiniOzoneClusterImpl-b8fac49e-ce79-4459-ae7b-186efce8cd22/omNode-2/ratis/c9bc4cf4-3bc3-3c60-a66b-523986131536/current/raft-meta.conf with options []: java.nio.file.NoSuchFileException: /home/runner/work/ozone/ozone/hadoop-ozone/integration-test/target/test-dir/MiniOzoneClusterImpl-b8fac49e-ce79-4459-ae7b-186efce8cd22/omNode-2/ratis/c9bc4cf4-3bc3-3c60-a66b-523986131536/current/raft-meta.conf
2024-03-11 08:30:16,844 [omNode-2-impl-thread1] INFO  server.RaftServerConfigKeys (ConfUtils.java:logGet(46)) - raft.server.log.use.memory = false (default)
2024-03-11 08:30:16,844 [omNode-2-impl-thread1] INFO  server.RaftServerConfigKeys (ConfUtils.java:logGet(46)) - raft.server.log.purge.gap = 50 (custom)
2024-03-11 08:30:16,844 [omNode-2-impl-thread1] INFO  server.RaftServerConfigKeys (ConfUtils.java:logGet(46)) - raft.server.log.appender.buffer.byte-limit = 4194304 (custom)
2024-03-11 08:30:16,844 [omNode-2-impl-thread1] INFO  server.RaftServerConfigKeys (ConfUtils.java:logGet(46)) - raft.server.log.statemachine.data.read.timeout = 1000ms (default)
2024-03-11 08:30:16,844 [omNode-2-impl-thread1] INFO  server.RaftServerConfigKeys (ConfUtils.java:logGet(46)) - raft.server.log.purge.preservation.log.num = 0 (default)
2024-03-11 08:30:16,845 [omNode-2-impl-thread1] INFO  server.RaftServerConfigKeys (ConfUtils.java:logGet(46)) - raft.server.log.segment.size.max = 4194304 (custom)
2024-03-11 08:30:16,845 [omNode-2-impl-thread1] INFO  server.RaftServerConfigKeys (ConfUtils.java:logGet(46)) - raft.server.log.segment.cache.num.max = 2 (custom)
2024-03-11 08:30:16,845 [omNode-2-impl-thread1] INFO  server.RaftServerConfigKeys (ConfUtils.java:logGet(46)) - raft.server.log.segment.cache.size.max = 200MB (=209715200) (default)
2024-03-11 08:30:16,845 [omNode-2-impl-thread1] INFO  server.RaftServerConfigKeys (ConfUtils.java:logGet(46)) - raft.server.log.appender.buffer.byte-limit = 4194304 (custom)
2024-03-11 08:30:16,845 [omNode-2-impl-thread1] INFO  util.AwaitToRun (AwaitToRun.java:start(81)) - Thread[omNode-2@group-523986131536-cacheEviction-AwaitToRun,5,main] started
2024-03-11 08:30:16,846 [omNode-2-impl-thread1] INFO  segmented.SegmentedRaftLogWorker (SegmentedRaftLogWorker.java:<init>(182)) - new omNode-2@group-523986131536-SegmentedRaftLogWorker for RaftStorageImpl:Storage Directory /home/runner/work/ozone/ozone/hadoop-ozone/integration-test/target/test-dir/MiniOzoneClusterImpl-b8fac49e-ce79-4459-ae7b-186efce8cd22/omNode-2/ratis/c9bc4cf4-3bc3-3c60-a66b-523986131536
2024-03-11 08:30:16,846 [omNode-2-impl-thread1] INFO  server.RaftServerConfigKeys (ConfUtils.java:logGet(46)) - raft.server.log.queue.byte-limit = 64MB (=67108864) (default)
2024-03-11 08:30:16,846 [omNode-2-impl-thread1] INFO  server.RaftServerConfigKeys (ConfUtils.java:logGet(46)) - raft.server.log.queue.element-limit = 4096 (default)
2024-03-11 08:30:16,846 [omNode-2-impl-thread1] INFO  server.RaftServerConfigKeys (ConfUtils.java:logGet(46)) - raft.server.log.segment.size.max = 4194304 (custom)
2024-03-11 08:30:16,846 [omNode-2-impl-thread1] INFO  server.RaftServerConfigKeys (ConfUtils.java:logGet(46)) - raft.server.log.preallocated.size = 4194304 (custom)
2024-03-11 08:30:16,846 [omNode-2-impl-thread1] INFO  server.RaftServerConfigKeys (ConfUtils.java:logGet(46)) - raft.server.log.force.sync.num = 128 (default)
2024-03-11 08:30:16,846 [omNode-2-impl-thread1] INFO  server.RaftServerConfigKeys (ConfUtils.java:logGet(46)) - raft.server.log.statemachine.data.sync = true (default)
2024-03-11 08:30:16,846 [omNode-2-impl-thread1] INFO  server.RaftServerConfigKeys (ConfUtils.java:logGet(46)) - raft.server.log.statemachine.data.sync.timeout = 10s (default)
2024-03-11 08:30:16,846 [omNode-2-impl-thread1] INFO  server.RaftServerConfigKeys (ConfUtils.java:logGet(46)) - raft.server.log.statemachine.data.sync.timeout.retry = -1 (default)
2024-03-11 08:30:16,846 [omNode-2-impl-thread1] INFO  server.RaftServerConfigKeys (ConfUtils.java:logGet(46)) - raft.server.log.write.buffer.size = 4194312 (custom)
2024-03-11 08:30:16,847 [omNode-2-impl-thread1] INFO  server.RaftServerConfigKeys (ConfUtils.java:logGet(46)) - raft.server.log.appender.buffer.byte-limit = 4194304 (custom)
2024-03-11 08:30:16,847 [omNode-2-impl-thread1] INFO  server.RaftServerConfigKeys (ConfUtils.java:logGet(46)) - raft.server.log.unsafe-flush.enabled = false (default)
2024-03-11 08:30:16,847 [omNode-2-impl-thread1] INFO  server.RaftServerConfigKeys (ConfUtils.java:logGet(46)) - raft.server.log.async-flush.enabled = false (default)
2024-03-11 08:30:16,847 [omNode-2-impl-thread1] INFO  server.RaftServerConfigKeys (ConfUtils.java:logGet(46)) - raft.server.log.statemachine.data.caching.enabled = false (default)
2024-03-11 08:30:16,847 [omNode-2-impl-thread1] INFO  segmented.SegmentedRaftLogWorker (SegmentedRaftLogWorker.java:lambda$new$0(134)) - omNode-2@group-523986131536-SegmentedRaftLogWorker: flushIndex: setUnconditionally 0 -> -1
2024-03-11 08:30:16,847 [omNode-2-impl-thread1] INFO  segmented.SegmentedRaftLogWorker (SegmentedRaftLogWorker.java:lambda$new$0(134)) - omNode-2@group-523986131536-SegmentedRaftLogWorker: safeCacheEvictIndex: setUnconditionally 0 -> -1
2024-03-11 08:30:16,848 [omNode-2-impl-thread1] INFO  server.RaftServer$Division (RaftServerImpl.java:start(396)) - omNode-2@group-523986131536: start as a follower, conf=-1: peers:[omNode-3|localhost:15101, omNode-1|localhost:15093, omNode-2|localhost:15097]|listeners:[], old=null
2024-03-11 08:30:16,848 [omNode-2-impl-thread1] INFO  server.RaftServer$Division (RaftServerImpl.java:setRole(383)) - omNode-2@group-523986131536: changes role from      null to FOLLOWER at term 0 for startAsFollower
2024-03-11 08:30:16,848 [omNode-2-impl-thread1] INFO  impl.RoleInfo (RoleInfo.java:updateAndGet(139)) - omNode-2: start omNode-2@group-523986131536-FollowerState
2024-03-11 08:30:16,848 [omNode-2@group-523986131536-FollowerState] INFO  server.RaftServerConfigKeys (ConfUtils.java:logFallback(53)) - raft.server.rpc.first-election.timeout.min = 1s (fallback to raft.server.rpc.timeout.min)
2024-03-11 08:30:16,848 [omNode-2-impl-thread1] INFO  util.JmxRegister (JmxRegister.java:tryRegister(44)) - Successfully registered JMX Bean with object name Ratis:service=RaftServer,group=group-523986131536,id=omNode-2
2024-03-11 08:30:16,848 [omNode-2@group-523986131536-FollowerState] INFO  server.RaftServerConfigKeys (ConfUtils.java:logFallback(53)) - raft.server.rpc.first-election.timeout.max = 1200ms (fallback to raft.server.rpc.timeout.max)
2024-03-11 08:30:16,848 [omNode-2-impl-thread1] INFO  server.RaftServerConfigKeys (ConfUtils.java:logGet(46)) - raft.server.snapshot.trigger-when-stop.enabled = true (default)
2024-03-11 08:30:16,848 [omNode-2-impl-thread1] INFO  server.RaftServerConfigKeys (ConfUtils.java:logGet(46)) - raft.server.snapshot.auto.trigger.enabled = true (custom)
2024-03-11 08:30:16,848 [omNode-2-impl-thread1] INFO  server.RaftServerConfigKeys (ConfUtils.java:logGet(46)) - raft.server.snapshot.auto.trigger.threshold = 50 (custom)
2024-03-11 08:30:16,848 [omNode-2-impl-thread1] INFO  server.RaftServerConfigKeys (ConfUtils.java:logGet(46)) - raft.server.snapshot.retention.file.num = -1 (default)
2024-03-11 08:30:16,848 [omNode-2-impl-thread1] INFO  server.RaftServerConfigKeys (ConfUtils.java:logGet(46)) - raft.server.log.purge.upto.snapshot.index = true (custom)
2024-03-11 08:30:16,849 [main] INFO  server.RaftServer (RaftServerProxy.java:startImpl(406)) - omNode-2: start RPC server
2024-03-11 08:30:16,850 [main] INFO  server.GrpcService (GrpcService.java:startImpl(302)) - omNode-2: GrpcService started, listening on 15097
2024-03-11 08:30:16,850 [main] INFO  om.OzoneManager (OzoneManager.java:start(1669)) - Version File has different layout version (6) than OM DB (null). That is expected if this OM has never been finalized to a newer layout version.
2024-03-11 08:30:16,851 [JvmPauseMonitor31] INFO  util.JvmPauseMonitor (JvmPauseMonitor.java:run(146)) - JvmPauseMonitor-omNode-2: Started
2024-03-11 08:30:16,858 [main] INFO  client.ScmTopologyClient (ScmTopologyClient.java:start(67)) - Initial network topology fetched from SCM: /.
2024-03-11 08:30:16,859 [main] INFO  net.NodeSchemaLoader (NodeSchemaLoader.java:loadSchemaFromFile(129)) - Loading schema from [jar:file:/home/runner/.m2/repository/org/apache/ozone/hdds-common/1.5.0-SNAPSHOT/hdds-common-1.5.0-SNAPSHOT.jar!/network-topology-default.xml]
2024-03-11 08:30:16,859 [main] INFO  net.NodeSchemaLoader (NodeSchemaLoader.java:loadSchema(176)) - Loading network topology layer schema file
2024-03-11 08:30:16,862 [main] INFO  http.BaseHttpServer (BaseHttpServer.java:newHttpServer2BuilderForOzone(223)) - Starting Web-server for ozoneManager at: http://0.0.0.0:15095
2024-03-11 08:30:16,862 [main] INFO  http.BaseHttpServer (BaseHttpServer.java:<init>(110)) - Hadoop Security Enabled: false Ozone Security Enabled: false Ozone HTTP Security Enabled: false 
2024-03-11 08:30:16,863 [main] WARN  server.AuthenticationFilter (AuthenticationFilter.java:constructSecretProvider(240)) - Unable to initialize FileSignerSecretProvider, falling back to use random secrets. Reason: Could not read signature secret file: /home/runner/hadoop-http-auth-signature-secret
2024-03-11 08:30:16,863 [main] INFO  http.HttpRequestLog (HttpRequestLog.java:getRequestLog(86)) - Http request log for http.requests.ozoneManager is not defined
2024-03-11 08:30:16,864 [main] INFO  http.HttpServer2 (HttpServer2.java:addGlobalFilter(1036)) - Added global filter 'safety' (class=org.apache.hadoop.hdds.server.http.HttpServer2$QuotingInputFilter)
2024-03-11 08:30:16,864 [main] INFO  http.HttpServer2 (HttpServer2.java:addFilter(1012)) - Added filter static_user_filter (class=org.apache.hadoop.http.lib.StaticUserWebFilter$StaticUserFilter) to context ozoneManager
2024-03-11 08:30:16,864 [main] INFO  http.HttpServer2 (HttpServer2.java:addFilter(1020)) - Added filter static_user_filter (class=org.apache.hadoop.http.lib.StaticUserWebFilter$StaticUserFilter) to context static
2024-03-11 08:30:16,864 [main] INFO  http.HttpServer2 (HttpServer2.java:addFilter(1020)) - Added filter static_user_filter (class=org.apache.hadoop.http.lib.StaticUserWebFilter$StaticUserFilter) to context logs
2024-03-11 08:30:16,865 [main] INFO  http.BaseHttpServer (BaseHttpServer.java:<init>(189)) - HTTP server of ozoneManager uses base directory /home/runner/work/ozone/ozone/hadoop-ozone/integration-test/target/test-dir/MiniOzoneClusterImpl-b8fac49e-ce79-4459-ae7b-186efce8cd22/omNode-2/webserver
2024-03-11 08:30:16,865 [main] INFO  http.HttpServer2 (HttpServer2.java:bindListener(1236)) - Jetty bound to port 15095
2024-03-11 08:30:16,866 [main] INFO  server.Server (Server.java:doStart(375)) - jetty-9.4.53.v20231009; built: 2023-10-09T12:29:09.265Z; git: 27bde00a0b95a1d5bbee0eae7984f891d2d0f8c9; jvm 1.8.0_402-b06
2024-03-11 08:30:16,867 [main] INFO  server.session (DefaultSessionIdManager.java:doStart(334)) - DefaultSessionIdManager workerName=node0
2024-03-11 08:30:16,867 [main] INFO  server.session (DefaultSessionIdManager.java:doStart(339)) - No SessionScavenger set, using defaults
2024-03-11 08:30:16,867 [main] INFO  server.session (HouseKeeper.java:startScavenging(132)) - node0 Scavenging every 600000ms
2024-03-11 08:30:16,867 [main] INFO  handler.ContextHandler (ContextHandler.java:doStart(921)) - Started o.e.j.s.ServletContextHandler@4083443e{logs,/logs,file:///home/runner/work/ozone/ozone/hadoop-ozone/integration-test/target/log,AVAILABLE}
2024-03-11 08:30:16,868 [main] INFO  handler.ContextHandler (ContextHandler.java:doStart(921)) - Started o.e.j.s.ServletContextHandler@399e4015{static,/static,file:///home/runner/work/ozone/ozone/hadoop-ozone/integration-test/target/test-classes/webapps/static,AVAILABLE}
2024-03-11 08:30:16,870 [main] INFO  handler.ContextHandler (ContextHandler.java:doStart(921)) - Started o.e.j.w.WebAppContext@7845202b{ozoneManager,/,file:///home/runner/work/ozone/ozone/hadoop-ozone/integration-test/target/test-classes/webapps/ozoneManager/,AVAILABLE}{file:/home/runner/work/ozone/ozone/hadoop-ozone/integration-test/target/test-classes/webapps/ozoneManager}
2024-03-11 08:30:16,873 [main] INFO  server.AbstractConnector (AbstractConnector.java:doStart(333)) - Started ServerConnector@41726603{HTTP/1.1, (http/1.1)}{0.0.0.0:15095}
2024-03-11 08:30:16,873 [main] INFO  server.Server (Server.java:doStart(415)) - Started @231644ms
2024-03-11 08:30:16,873 [main] WARN  impl.MetricsSystemImpl (MetricsSystemImpl.java:register(279)) - Sink prometheus already exists!
2024-03-11 08:30:16,874 [main] INFO  http.BaseHttpServer (BaseHttpServer.java:updateConnectorAddress(354)) - HTTP server of ozoneManager listening at http://0.0.0.0:15095
2024-03-11 08:30:16,874 [IPC Server Responder] INFO  ipc.Server (Server.java:run(1562)) - IPC Server Responder: starting
2024-03-11 08:30:16,874 [IPC Server listener on 15094] INFO  ipc.Server (Server.java:run(1402)) - IPC Server listener on 15094: starting
2024-03-11 08:30:16,878 [main] INFO  om.OzoneManager (OzoneManager.java:startTrashEmptier(2130)) - Trash Interval set to 0. Files deleted won't move to trash
2024-03-11 08:30:16,878 [main] INFO  ozone.MiniOzoneHAClusterImpl (MiniOzoneHAClusterImpl.java:createOMService(516)) - Started OzoneManager omNode-2 RPC server at localhost/127.0.0.1:15094
2024-03-11 08:30:16,879 [main] INFO  ha.OMHANodeDetails (OMHANodeDetails.java:loadOMHAConfig(121)) - ServiceID for OzoneManager is om-service-test1
2024-03-11 08:30:16,879 [main] INFO  ha.OMHANodeDetails (OMHANodeDetails.java:loadOMHAConfig(201)) - Found matching OM address with OMServiceId: om-service-test1, OMNodeId: omNode-3, RPC Address: localhost:15098 and Ratis port: 15101
2024-03-11 08:30:16,879 [main] INFO  ha.OMHANodeDetails (ConfUtils.java:setNodeSpecificConfigs(97)) - Setting configuration key ozone.om.http-address with value of key ozone.om.http-address.om-service-test1.omNode-3: 127.0.0.1:15099
2024-03-11 08:30:16,879 [main] INFO  ha.OMHANodeDetails (ConfUtils.java:setNodeSpecificConfigs(97)) - Setting configuration key ozone.om.https-address with value of key ozone.om.https-address.om-service-test1.omNode-3: 127.0.0.1:15100
2024-03-11 08:30:16,879 [main] INFO  ha.OMHANodeDetails (ConfUtils.java:setNodeSpecificConfigs(97)) - Setting configuration key ozone.om.address with value of key ozone.om.address.om-service-test1.omNode-3: 127.0.0.1:15098
2024-03-11 08:30:16,879 [main] WARN  server.ServerUtils (ServerUtils.java:getDBPath(299)) - ozone.om.db.dirs is not configured. We recommend adding this setting. Falling back to ozone.metadata.dirs instead.
2024-03-11 08:30:16,880 [main] INFO  proxy.SCMBlockLocationFailoverProxyProvider (SCMBlockLocationFailoverProxyProvider.java:<init>(115)) - Created block location fail-over proxy with 1 nodes: [nodeId=scmNodeId,nodeAddress=/0.0.0.0:15087]
OM initialization succeeded.Current cluster id for sd=/home/runner/work/ozone/ozone/hadoop-ozone/integration-test/target/test-dir/MiniOzoneClusterImpl-b8fac49e-ce79-4459-ae7b-186efce8cd22/omNode-3/om;cid=b8fac49e-ce79-4459-ae7b-186efce8cd22;layoutVersion=6
2024-03-11 08:30:16,885 [main] INFO  ha.OMHANodeDetails (OMHANodeDetails.java:loadOMHAConfig(121)) - ServiceID for OzoneManager is om-service-test1
2024-03-11 08:30:16,885 [main] INFO  ha.OMHANodeDetails (OMHANodeDetails.java:loadOMHAConfig(201)) - Found matching OM address with OMServiceId: om-service-test1, OMNodeId: omNode-3, RPC Address: localhost:15098 and Ratis port: 15101
2024-03-11 08:30:16,885 [main] INFO  ha.OMHANodeDetails (ConfUtils.java:setNodeSpecificConfigs(97)) - Setting configuration key ozone.om.http-address with value of key ozone.om.http-address.om-service-test1.omNode-3: 127.0.0.1:15099
2024-03-11 08:30:16,885 [main] INFO  ha.OMHANodeDetails (ConfUtils.java:setNodeSpecificConfigs(97)) - Setting configuration key ozone.om.https-address with value of key ozone.om.https-address.om-service-test1.omNode-3: 127.0.0.1:15100
2024-03-11 08:30:16,885 [main] INFO  ha.OMHANodeDetails (ConfUtils.java:setNodeSpecificConfigs(97)) - Setting configuration key ozone.om.address with value of key ozone.om.address.om-service-test1.omNode-3: 127.0.0.1:15098
2024-03-11 08:30:16,886 [main] WARN  server.ServerUtils (ServerUtils.java:getDBPath(299)) - ozone.om.db.dirs is not configured. We recommend adding this setting. Falling back to ozone.metadata.dirs instead.
2024-03-11 08:30:16,886 [main] INFO  upgrade.AbstractLayoutVersionManager (AbstractLayoutVersionManager.java:init(83)) - Initializing Layout version manager with metadata layout = QUOTA (version = 6), software layout = QUOTA (version = 6)
2024-03-11 08:30:16,917 [main] INFO  upgrade.OMLayoutVersionManager (OMLayoutVersionManager.java:lambda$0(113)) - Skipping Upgrade Action QuotaRepairUpgradeAction since it has been finalized.
2024-03-11 08:30:16,917 [main] INFO  upgrade.OMLayoutVersionManager (OMLayoutVersionManager.java:lambda$0(113)) - Skipping Upgrade Action MockOmUpgradeAction since it has been finalized.
2024-03-11 08:30:16,918 [main] WARN  server.ServerUtils (ServerUtils.java:getDBPath(299)) - ozone.om.db.dirs is not configured. We recommend adding this setting. Falling back to ozone.metadata.dirs instead.
2024-03-11 08:30:16,918 [main] INFO  proxy.SCMBlockLocationFailoverProxyProvider (SCMBlockLocationFailoverProxyProvider.java:<init>(115)) - Created block location fail-over proxy with 1 nodes: [nodeId=scmNodeId,nodeAddress=/0.0.0.0:15087]
2024-03-11 08:30:16,919 [main] INFO  proxy.SCMBlockLocationFailoverProxyProvider (SCMBlockLocationFailoverProxyProvider.java:<init>(115)) - Created block location fail-over proxy with 1 nodes: [nodeId=scmNodeId,nodeAddress=/0.0.0.0:15087]
2024-03-11 08:30:16,923 [main] INFO  om.OzoneManager (OzoneManager.java:<init>(679)) - OM start with adminUsers: [*, runner]
2024-03-11 08:30:16,923 [main] WARN  server.ServerUtils (ServerUtils.java:getDBPath(299)) - ozone.om.db.dirs is not configured. We recommend adding this setting. Falling back to ozone.metadata.dirs instead.
2024-03-11 08:30:16,924 [main] INFO  helpers.OmKeyInfo (OmKeyInfo.java:getCodec(71)) - OmKeyInfo.getCodec ignorePipeline = true
2024-03-11 08:30:17,070 [main] INFO  om.OzoneManager (OzoneManager.java:instantiateServices(811)) - S3 Multi-Tenancy is disabled
2024-03-11 08:30:17,071 [main] INFO  om.OmSnapshotManager (OmSnapshotManager.java:<init>(177)) - Ozone filesystem snapshot feature is enabled.
2024-03-11 08:30:17,071 [main] WARN  server.ServerUtils (ServerUtils.java:getDBPath(299)) - ozone.om.snapshot.diff.db.dir is not configured. We recommend adding this setting. Falling back to ozone.metadata.dirs instead.
2024-03-11 08:30:17,086 [main] INFO  utils.NativeLibraryLoader (NativeLibraryLoader.java:loadLibrary(108)) - Loading Library: ozone_rocksdb_tools
2024-03-11 08:30:17,087 [main] ERROR snapshot.SnapshotDiffManager (SnapshotDiffManager.java:initNativeLibraryForEfficientDiff(287)) - Native Library for raw sst file reading loading failed.
org.apache.hadoop.hdds.utils.NativeLibraryNotLoadedException: Unable to load library ozone_rocksdb_tools from both java.library.path & resource file libozone_rocksdb_tools.so from jar.
	at org.apache.hadoop.hdds.utils.db.managed.ManagedRawSSTFileReader.loadLibrary(ManagedRawSSTFileReader.java:38)
	at org.apache.hadoop.ozone.om.snapshot.SnapshotDiffManager.initNativeLibraryForEfficientDiff(SnapshotDiffManager.java:285)
	at org.apache.hadoop.ozone.om.snapshot.SnapshotDiffManager.<init>(SnapshotDiffManager.java:259)
	at org.apache.hadoop.ozone.om.OmSnapshotManager.<init>(OmSnapshotManager.java:279)
	at org.apache.hadoop.ozone.om.OzoneManager.instantiateServices(OzoneManager.java:863)
	at org.apache.hadoop.ozone.om.OzoneManager.<init>(OzoneManager.java:689)
	at org.apache.hadoop.ozone.om.OzoneManager.createOm(OzoneManager.java:774)
	at org.apache.hadoop.ozone.MiniOzoneHAClusterImpl$Builder.createOMService(MiniOzoneHAClusterImpl.java:509)
	at org.apache.hadoop.ozone.MiniOzoneHAClusterImpl$Builder.build(MiniOzoneHAClusterImpl.java:425)
	at org.apache.hadoop.ozone.om.TestOzoneManagerHA.init(TestOzoneManagerHA.java:182)
	at sun.reflect.NativeMethodAccessorImpl.invoke0(Native Method)
	at sun.reflect.NativeMethodAccessorImpl.invoke(NativeMethodAccessorImpl.java:62)
	at sun.reflect.DelegatingMethodAccessorImpl.invoke(DelegatingMethodAccessorImpl.java:43)
	at java.lang.reflect.Method.invoke(Method.java:498)
	at org.junit.platform.commons.util.ReflectionUtils.invokeMethod(ReflectionUtils.java:728)
	at org.junit.jupiter.engine.execution.MethodInvocation.proceed(MethodInvocation.java:60)
	at org.junit.jupiter.engine.execution.InvocationInterceptorChain$ValidatingInvocation.proceed(InvocationInterceptorChain.java:131)
	at org.junit.jupiter.engine.extension.TimeoutExtension.intercept(TimeoutExtension.java:156)
	at org.junit.jupiter.engine.extension.TimeoutExtension.interceptLifecycleMethod(TimeoutExtension.java:128)
	at org.junit.jupiter.engine.extension.TimeoutExtension.interceptBeforeAllMethod(TimeoutExtension.java:70)
	at org.junit.jupiter.engine.execution.InterceptingExecutableInvoker$ReflectiveInterceptorCall.lambda$ofVoidMethod$0(InterceptingExecutableInvoker.java:103)
	at org.junit.jupiter.engine.execution.InterceptingExecutableInvoker.lambda$invoke$0(InterceptingExecutableInvoker.java:93)
	at org.junit.jupiter.engine.execution.InvocationInterceptorChain$InterceptedInvocation.proceed(InvocationInterceptorChain.java:106)
	at org.junit.jupiter.engine.execution.InvocationInterceptorChain.proceed(InvocationInterceptorChain.java:64)
	at org.junit.jupiter.engine.execution.InvocationInterceptorChain.chainAndInvoke(InvocationInterceptorChain.java:45)
	at org.junit.jupiter.engine.execution.InvocationInterceptorChain.invoke(InvocationInterceptorChain.java:37)
	at org.junit.jupiter.engine.execution.InterceptingExecutableInvoker.invoke(InterceptingExecutableInvoker.java:92)
	at org.junit.jupiter.engine.execution.InterceptingExecutableInvoker.invoke(InterceptingExecutableInvoker.java:86)
	at org.junit.jupiter.engine.descriptor.ClassBasedTestDescriptor.lambda$invokeBeforeAllMethods$13(ClassBasedTestDescriptor.java:412)
	at org.junit.platform.engine.support.hierarchical.ThrowableCollector.execute(ThrowableCollector.java:73)
	at org.junit.jupiter.engine.descriptor.ClassBasedTestDescriptor.invokeBeforeAllMethods(ClassBasedTestDescriptor.java:410)
	at org.junit.jupiter.engine.descriptor.ClassBasedTestDescriptor.before(ClassBasedTestDescriptor.java:216)
	at org.junit.jupiter.engine.descriptor.ClassBasedTestDescriptor.before(ClassBasedTestDescriptor.java:85)
	at org.junit.platform.engine.support.hierarchical.NodeTestTask.lambda$executeRecursively$6(NodeTestTask.java:148)
	at org.junit.platform.engine.support.hierarchical.ThrowableCollector.execute(ThrowableCollector.java:73)
	at org.junit.platform.engine.support.hierarchical.NodeTestTask.lambda$executeRecursively$8(NodeTestTask.java:141)
	at org.junit.platform.engine.support.hierarchical.Node.around(Node.java:137)
	at org.junit.platform.engine.support.hierarchical.NodeTestTask.lambda$executeRecursively$9(NodeTestTask.java:139)
	at org.junit.platform.engine.support.hierarchical.ThrowableCollector.execute(ThrowableCollector.java:73)
	at org.junit.platform.engine.support.hierarchical.NodeTestTask.executeRecursively(NodeTestTask.java:138)
	at org.junit.platform.engine.support.hierarchical.NodeTestTask.execute(NodeTestTask.java:95)
	at java.util.ArrayList.forEach(ArrayList.java:1259)
	at org.junit.platform.engine.support.hierarchical.SameThreadHierarchicalTestExecutorService.invokeAll(SameThreadHierarchicalTestExecutorService.java:41)
	at org.junit.platform.engine.support.hierarchical.NodeTestTask.lambda$executeRecursively$6(NodeTestTask.java:155)
	at org.junit.platform.engine.support.hierarchical.ThrowableCollector.execute(ThrowableCollector.java:73)
	at org.junit.platform.engine.support.hierarchical.NodeTestTask.lambda$executeRecursively$8(NodeTestTask.java:141)
	at org.junit.platform.engine.support.hierarchical.Node.around(Node.java:137)
	at org.junit.platform.engine.support.hierarchical.NodeTestTask.lambda$executeRecursively$9(NodeTestTask.java:139)
	at org.junit.platform.engine.support.hierarchical.ThrowableCollector.execute(ThrowableCollector.java:73)
	at org.junit.platform.engine.support.hierarchical.NodeTestTask.executeRecursively(NodeTestTask.java:138)
	at org.junit.platform.engine.support.hierarchical.NodeTestTask.execute(NodeTestTask.java:95)
	at org.junit.platform.engine.support.hierarchical.SameThreadHierarchicalTestExecutorService.submit(SameThreadHierarchicalTestExecutorService.java:35)
	at org.junit.platform.engine.support.hierarchical.HierarchicalTestExecutor.execute(HierarchicalTestExecutor.java:57)
	at org.junit.platform.engine.support.hierarchical.HierarchicalTestEngine.execute(HierarchicalTestEngine.java:54)
	at org.junit.platform.launcher.core.EngineExecutionOrchestrator.execute(EngineExecutionOrchestrator.java:198)
	at org.junit.platform.launcher.core.EngineExecutionOrchestrator.execute(EngineExecutionOrchestrator.java:169)
	at org.junit.platform.launcher.core.EngineExecutionOrchestrator.execute(EngineExecutionOrchestrator.java:93)
	at org.junit.platform.launcher.core.EngineExecutionOrchestrator.lambda$execute$0(EngineExecutionOrchestrator.java:58)
	at org.junit.platform.launcher.core.EngineExecutionOrchestrator.withInterceptedStreams(EngineExecutionOrchestrator.java:141)
	at org.junit.platform.launcher.core.EngineExecutionOrchestrator.execute(EngineExecutionOrchestrator.java:57)
	at org.junit.platform.launcher.core.DefaultLauncher.execute(DefaultLauncher.java:103)
	at org.junit.platform.launcher.core.DefaultLauncher.execute(DefaultLauncher.java:85)
	at org.junit.platform.launcher.core.DelegatingLauncher.execute(DelegatingLauncher.java:47)
	at org.junit.platform.launcher.core.SessionPerRequestLauncher.execute(SessionPerRequestLauncher.java:63)
	at org.apache.maven.surefire.junitplatform.JUnitPlatformProvider.invokeAllTests(JUnitPlatformProvider.java:165)
	at org.apache.maven.surefire.junitplatform.JUnitPlatformProvider.invoke(JUnitPlatformProvider.java:124)
	at org.apache.maven.surefire.booter.ForkedBooter.runSuitesInProcess(ForkedBooter.java:428)
	at org.apache.maven.surefire.booter.ForkedBooter.execute(ForkedBooter.java:162)
	at org.apache.maven.surefire.booter.ForkedBooter.run(ForkedBooter.java:562)
	at org.apache.maven.surefire.booter.ForkedBooter.main(ForkedBooter.java:548)
2024-03-11 08:30:17,089 [main] INFO  om.OzoneManager (OzoneManager.java:addS3GVolumeToDB(4468)) - Created Volume s3v With Owner runner required for S3Gateway operations.
2024-03-11 08:30:17,089 [main] WARN  server.ServerUtils (ServerUtils.java:getDefaultRatisDirectory(311)) - Storage directory for Ratis is not configured. It is a good idea to map this to an SSD disk. Falling back to ozone.metadata.dirs
2024-03-11 08:30:17,089 [main] WARN  utils.OzoneManagerRatisUtils (OzoneManagerRatisUtils.java:getOMRatisSnapshotDirectory(476)) - ozone.om.ratis.snapshot.dir is not configured. Falling back to ozone.metadata.dirs config
2024-03-11 08:30:17,089 [main] INFO  utils.RDBSnapshotProvider (RDBSnapshotProvider.java:init(87)) - Cleaning up the candidate dir: /home/runner/work/ozone/ozone/hadoop-ozone/integration-test/target/test-dir/MiniOzoneClusterImpl-b8fac49e-ce79-4459-ae7b-186efce8cd22/omNode-3/snapshot/om.db.candidate
2024-03-11 08:30:17,090 [main] INFO  ratis_snapshot.OmRatisSnapshotProvider (OmRatisSnapshotProvider.java:<init>(99)) - Initializing OM Snapshot Provider
2024-03-11 08:30:17,090 [main] WARN  dropwizard3.Dm3MetricRegistriesImpl (Dm3MetricRegistriesImpl.java:addReporterRegistration(113)) - New reporters are added after registries were created. Some metrics will be missing from the reporter. Please add reporter before adding any new registry.
2024-03-11 08:30:17,091 [main] WARN  dropwizard3.Dm3MetricRegistriesImpl (Dm3MetricRegistriesImpl.java:addReporterRegistration(113)) - New reporters are added after registries were created. Some metrics will be missing from the reporter. Please add reporter before adding any new registry.
2024-03-11 08:30:17,091 [main] WARN  server.ServerUtils (ServerUtils.java:getDefaultRatisDirectory(311)) - Storage directory for Ratis is not configured. It is a good idea to map this to an SSD disk. Falling back to ozone.metadata.dirs
2024-03-11 08:30:17,091 [main] INFO  ratis.OzoneManagerRatisServer (OzoneManagerRatisServer.java:<init>(167)) - Instantiating OM Ratis server with groupID: om-service-test1 and peers: localhost:15101, localhost:15093, localhost:15097
2024-03-11 08:30:17,092 [main] INFO  ratis.OzoneManagerStateMachine (OzoneManagerStateMachine.java:loadSnapshotInfoFromDB(575)) - TransactionInfo not found in OM DB.
2024-03-11 08:30:17,092 [main] INFO  server.RaftServer (ConfUtils.java:logGet(46)) - raft.rpc.type = GRPC (default)
2024-03-11 08:30:17,092 [main] INFO  grpc.GrpcConfigKeys (ConfUtils.java:logFallback(53)) - raft.grpc.admin.host = null (fallback to raft.grpc.server.host)
2024-03-11 08:30:17,092 [main] INFO  grpc.GrpcConfigKeys (ConfUtils.java:logFallback(53)) - raft.grpc.admin.port = 15101 (fallback to raft.grpc.server.port)
2024-03-11 08:30:17,092 [main] INFO  grpc.GrpcConfigKeys (ConfUtils.java:logFallback(53)) - raft.grpc.client.host = null (fallback to raft.grpc.server.host)
2024-03-11 08:30:17,093 [main] INFO  grpc.GrpcConfigKeys (ConfUtils.java:logFallback(53)) - raft.grpc.client.port = 15101 (fallback to raft.grpc.server.port)
2024-03-11 08:30:17,093 [main] INFO  grpc.GrpcConfigKeys (ConfUtils.java:logGet(46)) - raft.grpc.server.host = null (default)
2024-03-11 08:30:17,093 [main] INFO  grpc.GrpcConfigKeys (ConfUtils.java:logGet(46)) - raft.grpc.server.port = 15101 (custom)
2024-03-11 08:30:17,093 [main] INFO  server.GrpcService (ConfUtils.java:logGet(46)) - raft.grpc.message.size.max = 4194304 (custom)
2024-03-11 08:30:17,093 [main] INFO  server.RaftServerConfigKeys (ConfUtils.java:logGet(46)) - raft.server.log.appender.buffer.byte-limit = 4194304 (custom)
2024-03-11 08:30:17,093 [main] INFO  server.GrpcService (ConfUtils.java:logGet(46)) - raft.grpc.flow.control.window = 1MB (=1048576) (default)
2024-03-11 08:30:17,093 [main] INFO  server.RaftServerConfigKeys (ConfUtils.java:logGet(46)) - raft.server.rpc.request.timeout = 3000ms (default)
2024-03-11 08:30:17,094 [main] INFO  grpc.GrpcConfigKeys (ConfUtils.java:logGet(46)) - raft.grpc.server.heartbeat.channel = true (default)
2024-03-11 08:30:17,094 [main] INFO  grpc.GrpcConfigKeys (ConfUtils.java:logGet(46)) - raft.grpc.server.async.request.thread.pool.cached = true (default)
2024-03-11 08:30:17,094 [main] INFO  grpc.GrpcConfigKeys (ConfUtils.java:logGet(46)) - raft.grpc.server.async.request.thread.pool.size = 32 (default)
2024-03-11 08:30:17,095 [main] INFO  impl.DataStreamServerImpl (ConfUtils.java:logGet(46)) - raft.datastream.type = DISABLED (default)
2024-03-11 08:30:17,095 [main] INFO  server.RaftServerConfigKeys (ConfUtils.java:logGet(46)) - raft.server.sleep.deviation.threshold = 300ms (default)
2024-03-11 08:30:17,095 [main] INFO  server.RaftServerConfigKeys (ConfUtils.java:logGet(46)) - raft.server.close.threshold = 60s (default)
2024-03-11 08:30:17,095 [main] INFO  server.RaftServerConfigKeys (ConfUtils.java:logGet(46)) - raft.server.leaderelection.leader.step-down.wait-time = 10s (default)
2024-03-11 08:30:17,095 [main] INFO  server.RaftServerConfigKeys (ConfUtils.java:logGet(46)) - raft.server.storage.dir = [/home/runner/work/ozone/ozone/hadoop-ozone/integration-test/target/test-dir/MiniOzoneClusterImpl-b8fac49e-ce79-4459-ae7b-186efce8cd22/omNode-3/ratis] (custom)
2024-03-11 08:30:17,095 [main] INFO  server.RaftServerConfigKeys (ConfUtils.java:logGet(46)) - raft.server.threadpool.proxy.cached = true (default)
2024-03-11 08:30:17,095 [main] INFO  server.RaftServerConfigKeys (ConfUtils.java:logGet(46)) - raft.server.threadpool.proxy.size = 0 (default)
2024-03-11 08:30:17,096 [main] INFO  server.RaftServer (RaftServerProxy.java:addNew(100)) - omNode-3: addNew group-523986131536:[omNode-3|localhost:15101, omNode-1|localhost:15093, omNode-2|localhost:15097] returns group-523986131536:java.util.concurrent.CompletableFuture@2c7131af[Not completed]
2024-03-11 08:30:17,096 [omNode-3-groupManagement] INFO  server.RaftServer$Division (RaftServerImpl.java:<init>(256)) - omNode-3: new RaftServerImpl for group-523986131536:[omNode-3|localhost:15101, omNode-1|localhost:15093, omNode-2|localhost:15097] with OzoneManagerStateMachine:uninitialized
2024-03-11 08:30:17,096 [main] INFO  om.OzoneManager (OzoneManager.java:initializeRatisServer(2177)) - OzoneManager Ratis server initialized at port 15101
2024-03-11 08:30:17,096 [omNode-3-groupManagement] INFO  server.RaftServerConfigKeys (ConfUtils.java:logGet(46)) - raft.server.rpc.timeout.min = 1s (custom)
2024-03-11 08:30:17,096 [main] INFO  om.OzoneManager (OzoneManager.java:getRpcServer(1231)) - Creating RPC Server
2024-03-11 08:30:17,096 [omNode-3-groupManagement] INFO  server.RaftServerConfigKeys (ConfUtils.java:logGet(46)) - raft.server.rpc.timeout.max = 1200ms (custom)
2024-03-11 08:30:17,096 [omNode-3-groupManagement] INFO  server.RaftServerConfigKeys (ConfUtils.java:logGet(46)) - raft.server.rpc.sleep.time = 25ms (default)
2024-03-11 08:30:17,096 [omNode-3-groupManagement] INFO  server.RaftServerConfigKeys (ConfUtils.java:logGet(46)) - raft.server.rpc.slowness.timeout = 2s (custom)
2024-03-11 08:30:17,097 [omNode-3-groupManagement] INFO  server.RaftServerConfigKeys (ConfUtils.java:logGet(46)) - raft.server.leaderelection.leader.step-down.wait-time = 10s (default)
2024-03-11 08:30:17,097 [omNode-3-groupManagement] INFO  server.RaftServerConfigKeys (ConfUtils.java:logGet(46)) - raft.server.leaderelection.member.majority-add = false (default)
2024-03-11 08:30:17,097 [omNode-3-groupManagement] INFO  server.RaftServerConfigKeys (ConfUtils.java:logGet(46)) - raft.server.sleep.deviation.threshold = 300ms (default)
2024-03-11 08:30:17,097 [omNode-3-groupManagement] INFO  server.RaftServer$Division (ServerState.java:<init>(113)) - omNode-3@group-523986131536: ConfigurationManager, init=-1: peers:[omNode-3|localhost:15101, omNode-1|localhost:15093, omNode-2|localhost:15097]|listeners:[], old=null, confs=<EMPTY_MAP>
2024-03-11 08:30:17,097 [omNode-3-groupManagement] INFO  server.RaftServerConfigKeys (ConfUtils.java:logGet(46)) - raft.server.notification.no-leader.timeout = 2s (custom)
2024-03-11 08:30:17,097 [omNode-3-groupManagement] INFO  server.RaftServerConfigKeys (ConfUtils.java:logGet(46)) - raft.server.read.timeout = 10s (default)
2024-03-11 08:30:17,097 [omNode-3-groupManagement] INFO  server.RaftServerConfigKeys (ConfUtils.java:logGet(46)) - raft.server.retrycache.expirytime = 30000ms (custom)
2024-03-11 08:30:17,097 [omNode-3-groupManagement] INFO  server.RaftServerConfigKeys (ConfUtils.java:logGet(46)) - raft.server.retrycache.statistics.expirytime = 100ms (default)
2024-03-11 08:30:17,097 [omNode-3-groupManagement] INFO  server.RaftServerConfigKeys (ConfUtils.java:logGet(46)) - raft.server.read.option = DEFAULT (default)
2024-03-11 08:30:17,097 [omNode-3-groupManagement] INFO  server.RaftServerConfigKeys (ConfUtils.java:logGet(46)) - raft.server.read.read-after-write-consistent.write-index-cache.expiry-time = 60s (default)
2024-03-11 08:30:17,098 [omNode-3-groupManagement] INFO  server.RaftServerConfigKeys (ConfUtils.java:logGet(46)) - raft.server.rpc.request.timeout = 3000ms (default)
2024-03-11 08:30:17,098 [omNode-3-groupManagement] INFO  server.RaftServerConfigKeys (ConfUtils.java:logGet(46)) - raft.server.log.appender.install.snapshot.enabled = false (custom)
2024-03-11 08:30:17,099 [omNode-3-groupManagement] INFO  server.RaftServerConfigKeys (ConfUtils.java:logGet(46)) - raft.server.threadpool.server.cached = true (default)
2024-03-11 08:30:17,099 [omNode-3-groupManagement] INFO  server.RaftServerConfigKeys (ConfUtils.java:logGet(46)) - raft.server.threadpool.server.size = 0 (default)
2024-03-11 08:30:17,099 [omNode-3-groupManagement] INFO  server.RaftServerConfigKeys (ConfUtils.java:logGet(46)) - raft.server.threadpool.client.cached = true (default)
2024-03-11 08:30:17,099 [omNode-3-groupManagement] INFO  server.RaftServerConfigKeys (ConfUtils.java:logGet(46)) - raft.server.threadpool.client.size = 0 (default)
2024-03-11 08:30:17,270 [main] INFO  ipc.CallQueueManager (CallQueueManager.java:<init>(90)) - Using callQueue: class java.util.concurrent.LinkedBlockingQueue, queueCapacity: 2000, scheduler: class org.apache.hadoop.ipc.DefaultRpcScheduler, ipcBackoff: false.
2024-03-11 08:30:17,271 [main] INFO  ipc.Server (Server.java:<init>(1287)) - Listener at 127.0.0.1:15098
2024-03-11 08:30:17,271 [Socket Reader #1 for port 15098] INFO  ipc.Server (Server.java:run(1323)) - Starting Socket Reader #1 for port 15098
2024-03-11 08:30:17,285 [main] INFO  impl.MetricsSystemImpl (MetricsSystemImpl.java:init(158)) - OzoneManager metrics system started (again)
2024-03-11 08:30:17,293 [main] INFO  om.OzoneManager (OzoneManager.java:start(1653)) - OzoneManager RPC server is listening at localhost/127.0.0.1:15098
2024-03-11 08:30:17,294 [main] INFO  ratis.OzoneManagerRatisServer (OzoneManagerRatisServer.java:start(588)) - Starting OzoneManagerRatisServer omNode-3 at port 15101
2024-03-11 08:30:17,294 [omNode-3-impl-thread1] INFO  server.RaftServerConfigKeys (ConfUtils.java:logGet(46)) - raft.server.storage.free-space.min = 0MB (=0) (default)
2024-03-11 08:30:17,294 [omNode-3-impl-thread1] INFO  server.RaftServerConfigKeys (ConfUtils.java:logGet(46)) - raft.server.log.corruption.policy = EXCEPTION (default)
2024-03-11 08:30:17,294 [omNode-3-impl-thread1] INFO  server.RaftServerConfigKeys (ConfUtils.java:logGet(46)) - raft.server.storage.dir = [/home/runner/work/ozone/ozone/hadoop-ozone/integration-test/target/test-dir/MiniOzoneClusterImpl-b8fac49e-ce79-4459-ae7b-186efce8cd22/omNode-3/ratis] (custom)
2024-03-11 08:30:17,294 [omNode-3-impl-thread1] INFO  storage.RaftStorageDirectory (RaftStorageDirectoryImpl.java:analyzeStorage(138)) - The storage directory /home/runner/work/ozone/ozone/hadoop-ozone/integration-test/target/test-dir/MiniOzoneClusterImpl-b8fac49e-ce79-4459-ae7b-186efce8cd22/omNode-3/ratis/c9bc4cf4-3bc3-3c60-a66b-523986131536 does not exist. Creating ...
2024-03-11 08:30:17,297 [omNode-3-impl-thread1] INFO  storage.RaftStorageDirectory (RaftStorageDirectoryImpl.java:tryLock(228)) - Lock on /home/runner/work/ozone/ozone/hadoop-ozone/integration-test/target/test-dir/MiniOzoneClusterImpl-b8fac49e-ce79-4459-ae7b-186efce8cd22/omNode-3/ratis/c9bc4cf4-3bc3-3c60-a66b-523986131536/in_use.lock acquired by nodename 48108@fv-az1250-130
2024-03-11 08:30:17,298 [omNode-3-impl-thread1] INFO  storage.RaftStorage (RaftStorageImpl.java:format(99)) - Storage directory /home/runner/work/ozone/ozone/hadoop-ozone/integration-test/target/test-dir/MiniOzoneClusterImpl-b8fac49e-ce79-4459-ae7b-186efce8cd22/omNode-3/ratis/c9bc4cf4-3bc3-3c60-a66b-523986131536 has been successfully formatted.
2024-03-11 08:30:17,298 [omNode-3-impl-thread1] WARN  util.FileUtils (LogUtils.java:supplyAndLog(63)) - Failed to Files.newInputStream /home/runner/work/ozone/ozone/hadoop-ozone/integration-test/target/test-dir/MiniOzoneClusterImpl-b8fac49e-ce79-4459-ae7b-186efce8cd22/omNode-3/ratis/c9bc4cf4-3bc3-3c60-a66b-523986131536/current/raft-meta.conf with options []: java.nio.file.NoSuchFileException: /home/runner/work/ozone/ozone/hadoop-ozone/integration-test/target/test-dir/MiniOzoneClusterImpl-b8fac49e-ce79-4459-ae7b-186efce8cd22/omNode-3/ratis/c9bc4cf4-3bc3-3c60-a66b-523986131536/current/raft-meta.conf
2024-03-11 08:30:17,298 [omNode-3-impl-thread1] INFO  server.RaftServerConfigKeys (ConfUtils.java:logGet(46)) - raft.server.log.use.memory = false (default)
2024-03-11 08:30:17,298 [omNode-3-impl-thread1] INFO  server.RaftServerConfigKeys (ConfUtils.java:logGet(46)) - raft.server.log.purge.gap = 50 (custom)
2024-03-11 08:30:17,298 [omNode-3-impl-thread1] INFO  server.RaftServerConfigKeys (ConfUtils.java:logGet(46)) - raft.server.log.appender.buffer.byte-limit = 4194304 (custom)
2024-03-11 08:30:17,298 [omNode-3-impl-thread1] INFO  server.RaftServerConfigKeys (ConfUtils.java:logGet(46)) - raft.server.log.statemachine.data.read.timeout = 1000ms (default)
2024-03-11 08:30:17,298 [omNode-3-impl-thread1] INFO  server.RaftServerConfigKeys (ConfUtils.java:logGet(46)) - raft.server.log.purge.preservation.log.num = 0 (default)
2024-03-11 08:30:17,299 [omNode-3-impl-thread1] INFO  server.RaftServerConfigKeys (ConfUtils.java:logGet(46)) - raft.server.log.segment.size.max = 4194304 (custom)
2024-03-11 08:30:17,299 [omNode-3-impl-thread1] INFO  server.RaftServerConfigKeys (ConfUtils.java:logGet(46)) - raft.server.log.segment.cache.num.max = 2 (custom)
2024-03-11 08:30:17,299 [omNode-3-impl-thread1] INFO  server.RaftServerConfigKeys (ConfUtils.java:logGet(46)) - raft.server.log.segment.cache.size.max = 200MB (=209715200) (default)
2024-03-11 08:30:17,299 [omNode-3-impl-thread1] INFO  server.RaftServerConfigKeys (ConfUtils.java:logGet(46)) - raft.server.log.appender.buffer.byte-limit = 4194304 (custom)
2024-03-11 08:30:17,299 [omNode-3-impl-thread1] INFO  util.AwaitToRun (AwaitToRun.java:start(81)) - Thread[omNode-3@group-523986131536-cacheEviction-AwaitToRun,5,main] started
2024-03-11 08:30:17,299 [omNode-3-impl-thread1] INFO  segmented.SegmentedRaftLogWorker (SegmentedRaftLogWorker.java:<init>(182)) - new omNode-3@group-523986131536-SegmentedRaftLogWorker for RaftStorageImpl:Storage Directory /home/runner/work/ozone/ozone/hadoop-ozone/integration-test/target/test-dir/MiniOzoneClusterImpl-b8fac49e-ce79-4459-ae7b-186efce8cd22/omNode-3/ratis/c9bc4cf4-3bc3-3c60-a66b-523986131536
2024-03-11 08:30:17,299 [omNode-3-impl-thread1] INFO  server.RaftServerConfigKeys (ConfUtils.java:logGet(46)) - raft.server.log.queue.byte-limit = 64MB (=67108864) (default)
2024-03-11 08:30:17,299 [omNode-3-impl-thread1] INFO  server.RaftServerConfigKeys (ConfUtils.java:logGet(46)) - raft.server.log.queue.element-limit = 4096 (default)
2024-03-11 08:30:17,299 [omNode-3-impl-thread1] INFO  server.RaftServerConfigKeys (ConfUtils.java:logGet(46)) - raft.server.log.segment.size.max = 4194304 (custom)
2024-03-11 08:30:17,299 [omNode-3-impl-thread1] INFO  server.RaftServerConfigKeys (ConfUtils.java:logGet(46)) - raft.server.log.preallocated.size = 4194304 (custom)
2024-03-11 08:30:17,299 [omNode-3-impl-thread1] INFO  server.RaftServerConfigKeys (ConfUtils.java:logGet(46)) - raft.server.log.force.sync.num = 128 (default)
2024-03-11 08:30:17,299 [omNode-3-impl-thread1] INFO  server.RaftServerConfigKeys (ConfUtils.java:logGet(46)) - raft.server.log.statemachine.data.sync = true (default)
2024-03-11 08:30:17,299 [omNode-3-impl-thread1] INFO  server.RaftServerConfigKeys (ConfUtils.java:logGet(46)) - raft.server.log.statemachine.data.sync.timeout = 10s (default)
2024-03-11 08:30:17,299 [omNode-3-impl-thread1] INFO  server.RaftServerConfigKeys (ConfUtils.java:logGet(46)) - raft.server.log.statemachine.data.sync.timeout.retry = -1 (default)
2024-03-11 08:30:17,300 [omNode-3-impl-thread1] INFO  server.RaftServerConfigKeys (ConfUtils.java:logGet(46)) - raft.server.log.write.buffer.size = 4194312 (custom)
2024-03-11 08:30:17,301 [omNode-3-impl-thread1] INFO  server.RaftServerConfigKeys (ConfUtils.java:logGet(46)) - raft.server.log.appender.buffer.byte-limit = 4194304 (custom)
2024-03-11 08:30:17,301 [omNode-3-impl-thread1] INFO  server.RaftServerConfigKeys (ConfUtils.java:logGet(46)) - raft.server.log.unsafe-flush.enabled = false (default)
2024-03-11 08:30:17,301 [omNode-3-impl-thread1] INFO  server.RaftServerConfigKeys (ConfUtils.java:logGet(46)) - raft.server.log.async-flush.enabled = false (default)
2024-03-11 08:30:17,301 [omNode-3-impl-thread1] INFO  server.RaftServerConfigKeys (ConfUtils.java:logGet(46)) - raft.server.log.statemachine.data.caching.enabled = false (default)
2024-03-11 08:30:17,301 [omNode-3-impl-thread1] INFO  segmented.SegmentedRaftLogWorker (SegmentedRaftLogWorker.java:lambda$new$0(134)) - omNode-3@group-523986131536-SegmentedRaftLogWorker: flushIndex: setUnconditionally 0 -> -1
2024-03-11 08:30:17,301 [omNode-3-impl-thread1] INFO  segmented.SegmentedRaftLogWorker (SegmentedRaftLogWorker.java:lambda$new$0(134)) - omNode-3@group-523986131536-SegmentedRaftLogWorker: safeCacheEvictIndex: setUnconditionally 0 -> -1
2024-03-11 08:30:17,301 [omNode-3-impl-thread1] INFO  server.RaftServer$Division (RaftServerImpl.java:start(396)) - omNode-3@group-523986131536: start as a follower, conf=-1: peers:[omNode-3|localhost:15101, omNode-1|localhost:15093, omNode-2|localhost:15097]|listeners:[], old=null
2024-03-11 08:30:17,301 [omNode-3-impl-thread1] INFO  server.RaftServer$Division (RaftServerImpl.java:setRole(383)) - omNode-3@group-523986131536: changes role from      null to FOLLOWER at term 0 for startAsFollower
2024-03-11 08:30:17,301 [omNode-3-impl-thread1] INFO  impl.RoleInfo (RoleInfo.java:updateAndGet(139)) - omNode-3: start omNode-3@group-523986131536-FollowerState
2024-03-11 08:30:17,301 [omNode-3-impl-thread1] INFO  util.JmxRegister (JmxRegister.java:tryRegister(44)) - Successfully registered JMX Bean with object name Ratis:service=RaftServer,group=group-523986131536,id=omNode-3
2024-03-11 08:30:17,302 [omNode-3-impl-thread1] INFO  server.RaftServerConfigKeys (ConfUtils.java:logGet(46)) - raft.server.snapshot.trigger-when-stop.enabled = true (default)
2024-03-11 08:30:17,302 [omNode-3-impl-thread1] INFO  server.RaftServerConfigKeys (ConfUtils.java:logGet(46)) - raft.server.snapshot.auto.trigger.enabled = true (custom)
2024-03-11 08:30:17,302 [omNode-3-impl-thread1] INFO  server.RaftServerConfigKeys (ConfUtils.java:logGet(46)) - raft.server.snapshot.auto.trigger.threshold = 50 (custom)
2024-03-11 08:30:17,302 [omNode-3-impl-thread1] INFO  server.RaftServerConfigKeys (ConfUtils.java:logGet(46)) - raft.server.snapshot.retention.file.num = -1 (default)
2024-03-11 08:30:17,302 [omNode-3-impl-thread1] INFO  server.RaftServerConfigKeys (ConfUtils.java:logGet(46)) - raft.server.log.purge.upto.snapshot.index = true (custom)
2024-03-11 08:30:17,302 [main] INFO  server.RaftServer (RaftServerProxy.java:startImpl(406)) - omNode-3: start RPC server
2024-03-11 08:30:17,302 [omNode-3@group-523986131536-FollowerState] INFO  server.RaftServerConfigKeys (ConfUtils.java:logFallback(53)) - raft.server.rpc.first-election.timeout.min = 1s (fallback to raft.server.rpc.timeout.min)
2024-03-11 08:30:17,302 [omNode-3@group-523986131536-FollowerState] INFO  server.RaftServerConfigKeys (ConfUtils.java:logFallback(53)) - raft.server.rpc.first-election.timeout.max = 1200ms (fallback to raft.server.rpc.timeout.max)
2024-03-11 08:30:17,305 [main] INFO  server.GrpcService (GrpcService.java:startImpl(302)) - omNode-3: GrpcService started, listening on 15101
2024-03-11 08:30:17,308 [main] INFO  om.OzoneManager (OzoneManager.java:start(1669)) - Version File has different layout version (6) than OM DB (null). That is expected if this OM has never been finalized to a newer layout version.
2024-03-11 08:30:17,309 [JvmPauseMonitor32] INFO  util.JvmPauseMonitor (JvmPauseMonitor.java:run(146)) - JvmPauseMonitor-omNode-3: Started
2024-03-11 08:30:17,317 [main] INFO  client.ScmTopologyClient (ScmTopologyClient.java:start(67)) - Initial network topology fetched from SCM: /.
2024-03-11 08:30:17,317 [main] INFO  net.NodeSchemaLoader (NodeSchemaLoader.java:loadSchemaFromFile(129)) - Loading schema from [jar:file:/home/runner/.m2/repository/org/apache/ozone/hdds-common/1.5.0-SNAPSHOT/hdds-common-1.5.0-SNAPSHOT.jar!/network-topology-default.xml]
2024-03-11 08:30:17,317 [main] INFO  net.NodeSchemaLoader (NodeSchemaLoader.java:loadSchema(176)) - Loading network topology layer schema file
2024-03-11 08:30:17,321 [main] INFO  http.BaseHttpServer (BaseHttpServer.java:newHttpServer2BuilderForOzone(223)) - Starting Web-server for ozoneManager at: http://0.0.0.0:15099
2024-03-11 08:30:17,321 [main] INFO  http.BaseHttpServer (BaseHttpServer.java:<init>(110)) - Hadoop Security Enabled: false Ozone Security Enabled: false Ozone HTTP Security Enabled: false 
2024-03-11 08:30:17,322 [main] WARN  server.AuthenticationFilter (AuthenticationFilter.java:constructSecretProvider(240)) - Unable to initialize FileSignerSecretProvider, falling back to use random secrets. Reason: Could not read signature secret file: /home/runner/hadoop-http-auth-signature-secret
2024-03-11 08:30:17,322 [main] INFO  http.HttpRequestLog (HttpRequestLog.java:getRequestLog(86)) - Http request log for http.requests.ozoneManager is not defined
2024-03-11 08:30:17,323 [main] INFO  http.HttpServer2 (HttpServer2.java:addGlobalFilter(1036)) - Added global filter 'safety' (class=org.apache.hadoop.hdds.server.http.HttpServer2$QuotingInputFilter)
2024-03-11 08:30:17,323 [main] INFO  http.HttpServer2 (HttpServer2.java:addFilter(1012)) - Added filter static_user_filter (class=org.apache.hadoop.http.lib.StaticUserWebFilter$StaticUserFilter) to context ozoneManager
2024-03-11 08:30:17,323 [main] INFO  http.HttpServer2 (HttpServer2.java:addFilter(1020)) - Added filter static_user_filter (class=org.apache.hadoop.http.lib.StaticUserWebFilter$StaticUserFilter) to context logs
2024-03-11 08:30:17,324 [main] INFO  http.HttpServer2 (HttpServer2.java:addFilter(1020)) - Added filter static_user_filter (class=org.apache.hadoop.http.lib.StaticUserWebFilter$StaticUserFilter) to context static
2024-03-11 08:30:17,324 [main] INFO  http.BaseHttpServer (BaseHttpServer.java:<init>(189)) - HTTP server of ozoneManager uses base directory /home/runner/work/ozone/ozone/hadoop-ozone/integration-test/target/test-dir/MiniOzoneClusterImpl-b8fac49e-ce79-4459-ae7b-186efce8cd22/omNode-3/webserver
2024-03-11 08:30:17,324 [main] INFO  http.HttpServer2 (HttpServer2.java:bindListener(1236)) - Jetty bound to port 15099
2024-03-11 08:30:17,324 [main] INFO  server.Server (Server.java:doStart(375)) - jetty-9.4.53.v20231009; built: 2023-10-09T12:29:09.265Z; git: 27bde00a0b95a1d5bbee0eae7984f891d2d0f8c9; jvm 1.8.0_402-b06
2024-03-11 08:30:17,325 [main] INFO  server.session (DefaultSessionIdManager.java:doStart(334)) - DefaultSessionIdManager workerName=node0
2024-03-11 08:30:17,325 [main] INFO  server.session (DefaultSessionIdManager.java:doStart(339)) - No SessionScavenger set, using defaults
2024-03-11 08:30:17,326 [main] INFO  server.session (HouseKeeper.java:startScavenging(132)) - node0 Scavenging every 660000ms
2024-03-11 08:30:17,326 [main] INFO  handler.ContextHandler (ContextHandler.java:doStart(921)) - Started o.e.j.s.ServletContextHandler@1af47{logs,/logs,file:///home/runner/work/ozone/ozone/hadoop-ozone/integration-test/target/log,AVAILABLE}
2024-03-11 08:30:17,326 [main] INFO  handler.ContextHandler (ContextHandler.java:doStart(921)) - Started o.e.j.s.ServletContextHandler@73b3f7fa{static,/static,file:///home/runner/work/ozone/ozone/hadoop-ozone/integration-test/target/test-classes/webapps/static,AVAILABLE}
2024-03-11 08:30:17,330 [main] INFO  handler.ContextHandler (ContextHandler.java:doStart(921)) - Started o.e.j.w.WebAppContext@627a8c58{ozoneManager,/,file:///home/runner/work/ozone/ozone/hadoop-ozone/integration-test/target/test-classes/webapps/ozoneManager/,AVAILABLE}{file:/home/runner/work/ozone/ozone/hadoop-ozone/integration-test/target/test-classes/webapps/ozoneManager}
2024-03-11 08:30:17,332 [main] INFO  server.AbstractConnector (AbstractConnector.java:doStart(333)) - Started ServerConnector@19309a15{HTTP/1.1, (http/1.1)}{0.0.0.0:15099}
2024-03-11 08:30:17,332 [main] INFO  server.Server (Server.java:doStart(415)) - Started @232102ms
2024-03-11 08:30:17,332 [main] WARN  impl.MetricsSystemImpl (MetricsSystemImpl.java:register(279)) - Sink prometheus already exists!
2024-03-11 08:30:17,332 [main] INFO  http.BaseHttpServer (BaseHttpServer.java:updateConnectorAddress(354)) - HTTP server of ozoneManager listening at http://0.0.0.0:15099
2024-03-11 08:30:17,332 [IPC Server Responder] INFO  ipc.Server (Server.java:run(1562)) - IPC Server Responder: starting
2024-03-11 08:30:17,332 [IPC Server listener on 15098] INFO  ipc.Server (Server.java:run(1402)) - IPC Server listener on 15098: starting
2024-03-11 08:30:17,338 [main] INFO  om.OzoneManager (OzoneManager.java:startTrashEmptier(2130)) - Trash Interval set to 0. Files deleted won't move to trash
2024-03-11 08:30:17,338 [main] INFO  ozone.MiniOzoneHAClusterImpl (MiniOzoneHAClusterImpl.java:createOMService(516)) - Started OzoneManager omNode-3 RPC server at localhost/127.0.0.1:15098
2024-03-11 08:30:17,346 [main] WARN  dropwizard3.Dm3MetricRegistriesImpl (Dm3MetricRegistriesImpl.java:addReporterRegistration(113)) - New reporters are added after registries were created. Some metrics will be missing from the reporter. Please add reporter before adding any new registry.
2024-03-11 08:30:17,346 [main] WARN  dropwizard3.Dm3MetricRegistriesImpl (Dm3MetricRegistriesImpl.java:addReporterRegistration(113)) - New reporters are added after registries were created. Some metrics will be missing from the reporter. Please add reporter before adding any new registry.
2024-03-11 08:30:17,346 [main] INFO  impl.MetricsSystemImpl (MetricsSystemImpl.java:init(158)) - HddsDatanode metrics system started (again)
2024-03-11 08:30:17,356 [main] INFO  ozone.HddsDatanodeService (HddsDatanodeService.java:start(240)) - HddsDatanodeService host:fv-az1250-130.ebmzynhy2g4u3nwuixrszff3we.cx.internal.cloudapp.net ip:10.1.0.9
2024-03-11 08:30:17,374 [main] INFO  upgrade.AbstractLayoutVersionManager (AbstractLayoutVersionManager.java:init(83)) - Initializing Layout version manager with metadata layout = HADOOP_PRC_PORTS_IN_DATANODEDETAILS (version = 7), software layout = HADOOP_PRC_PORTS_IN_DATANODEDETAILS (version = 7)
2024-03-11 08:30:17,374 [main] INFO  statemachine.DatanodeStateMachine (DatanodeStateMachine.java:getEndPointTaskThreadPoolSize(299)) - Datanode State Machine Task Thread Pool size 2
2024-03-11 08:30:17,375 [main] INFO  volume.HddsVolume (HddsVolume.java:<init>(125)) - Creating HddsVolume: /home/runner/work/ozone/ozone/hadoop-ozone/integration-test/target/test-dir/MiniOzoneClusterImpl-b8fac49e-ce79-4459-ae7b-186efce8cd22/ozone-meta/datanode-1/data-0/hdds of storage type : DISK capacity : 9223372036854775807
2024-03-11 08:30:17,375 [main] INFO  volume.MutableVolumeSet (MutableVolumeSet.java:initializeVolumeSet(173)) - Added Volume : /home/runner/work/ozone/ozone/hadoop-ozone/integration-test/target/test-dir/MiniOzoneClusterImpl-b8fac49e-ce79-4459-ae7b-186efce8cd22/ozone-meta/datanode-1/data-0/hdds to VolumeSet
2024-03-11 08:30:17,376 [main] INFO  volume.MutableVolumeSet (MutableVolumeSet.java:initializeVolumeSet(173)) - Added Volume : /home/runner/work/ozone/ozone/hadoop-ozone/integration-test/target/test-dir/MiniOzoneClusterImpl-b8fac49e-ce79-4459-ae7b-186efce8cd22/ozone-meta/datanode-1/ratis to VolumeSet
2024-03-11 08:30:17,377 [main] INFO  ozoneimpl.OzoneContainer (HddsVolumeUtil.java:loadAllHddsVolumeDbStore(103)) - Load 1 volumes DbStore cost: 0ms
2024-03-11 08:30:17,381 [main] INFO  server.RaftServer (ConfUtils.java:logGet(46)) - raft.rpc.type = GRPC (default)
2024-03-11 08:30:17,382 [main] INFO  grpc.GrpcConfigKeys (ConfUtils.java:logFallback(53)) - raft.grpc.admin.host = null (fallback to raft.grpc.server.host)
2024-03-11 08:30:17,382 [main] INFO  grpc.GrpcConfigKeys (ConfUtils.java:logGet(46)) - raft.grpc.admin.port = 15107 (custom)
2024-03-11 08:30:17,382 [main] INFO  grpc.GrpcConfigKeys (ConfUtils.java:logFallback(53)) - raft.grpc.client.host = null (fallback to raft.grpc.server.host)
2024-03-11 08:30:17,382 [main] INFO  grpc.GrpcConfigKeys (ConfUtils.java:logGet(46)) - raft.grpc.client.port = 15106 (custom)
2024-03-11 08:30:17,382 [main] INFO  grpc.GrpcConfigKeys (ConfUtils.java:logGet(46)) - raft.grpc.server.host = null (default)
2024-03-11 08:30:17,383 [main] INFO  grpc.GrpcConfigKeys (ConfUtils.java:logGet(46)) - raft.grpc.server.port = 15108 (custom)
2024-03-11 08:30:17,383 [main] INFO  server.GrpcService (ConfUtils.java:logGet(46)) - raft.grpc.message.size.max = 32MB (=33554432) (custom)
2024-03-11 08:30:17,383 [main] INFO  server.RaftServerConfigKeys (ConfUtils.java:logGet(46)) - raft.server.log.appender.buffer.byte-limit = 8388608 (custom)
2024-03-11 08:30:17,383 [main] INFO  server.GrpcService (ConfUtils.java:logGet(46)) - raft.grpc.flow.control.window = 5MB (=5242880) (custom)
2024-03-11 08:30:17,383 [main] INFO  server.RaftServerConfigKeys (ConfUtils.java:logGet(46)) - raft.server.rpc.request.timeout = 60s (custom)
2024-03-11 08:30:17,384 [main] INFO  grpc.GrpcConfigKeys (ConfUtils.java:logGet(46)) - raft.grpc.server.heartbeat.channel = true (default)
2024-03-11 08:30:17,384 [main] INFO  grpc.GrpcConfigKeys (ConfUtils.java:logGet(46)) - raft.grpc.server.async.request.thread.pool.cached = true (default)
2024-03-11 08:30:17,384 [main] INFO  grpc.GrpcConfigKeys (ConfUtils.java:logGet(46)) - raft.grpc.server.async.request.thread.pool.size = 32 (default)
2024-03-11 08:30:17,386 [omNode-1@group-523986131536-FollowerState] INFO  impl.FollowerState (FollowerState.java:run(143)) - omNode-1@group-523986131536-FollowerState: change to CANDIDATE, lastRpcElapsedTime:1055220702ns, electionTimeout:1054ms
2024-03-11 08:30:17,386 [omNode-1@group-523986131536-FollowerState] INFO  impl.RoleInfo (RoleInfo.java:shutdownFollowerState(110)) - omNode-1: shutdown omNode-1@group-523986131536-FollowerState
2024-03-11 08:30:17,386 [omNode-1@group-523986131536-FollowerState] INFO  server.RaftServer$Division (RaftServerImpl.java:setRole(383)) - omNode-1@group-523986131536: changes role from  FOLLOWER to CANDIDATE at term 0 for changeToCandidate
2024-03-11 08:30:17,386 [omNode-1@group-523986131536-FollowerState] INFO  server.RaftServerConfigKeys (ConfUtils.java:logGet(46)) - raft.server.leaderelection.pre-vote = true (default)
2024-03-11 08:30:17,386 [omNode-1@group-523986131536-FollowerState] INFO  impl.RoleInfo (RoleInfo.java:updateAndGet(139)) - omNode-1: start omNode-1@group-523986131536-LeaderElection24
2024-03-11 08:30:17,387 [main] INFO  impl.DataStreamServerImpl (ConfUtils.java:logGet(46)) - raft.datastream.type = NETTY (custom)
2024-03-11 08:30:17,387 [main] INFO  server.RaftServerConfigKeys (ConfUtils.java:logGet(46)) - raft.server.data-stream.async.request.thread.pool.cached = false (default)
2024-03-11 08:30:17,387 [main] INFO  server.RaftServerConfigKeys (ConfUtils.java:logGet(46)) - raft.server.data-stream.async.request.thread.pool.size = 20 (custom)
2024-03-11 08:30:17,387 [main] INFO  server.RaftServerConfigKeys (ConfUtils.java:logGet(46)) - raft.server.data-stream.async.write.thread.pool.size = 16 (default)
2024-03-11 08:30:17,388 [main] INFO  netty.NettyConfigKeys$DataStream (ConfUtils.java:logGet(46)) - raft.netty.dataStream.server.channel.inactive.grace-period = 10min (default)
2024-03-11 08:30:17,388 [main] INFO  server.RaftServerConfigKeys (ConfUtils.java:logGet(46)) - raft.server.data-stream.client.pool.size = 10 (default)
2024-03-11 08:30:17,388 [main] INFO  netty.NettyConfigKeys$DataStream (ConfUtils.java:logGet(46)) - raft.netty.dataStream.server.use-epoll = true (default)
2024-03-11 08:30:17,388 [main] INFO  netty.NettyConfigKeys$DataStream (ConfUtils.java:logGet(46)) - raft.netty.dataStream.server.boss-group.size = 0 (default)
2024-03-11 08:30:17,388 [main] INFO  netty.NettyUtils (NettyUtils.java:newEventLoopGroup(69)) - Create EpollEventLoopGroup for 445f6805-f50a-41ff-88e3-3279a5cf9951-NettyServerStreamRpc-bossGroup; Thread size is 0.
2024-03-11 08:30:17,389 [main] INFO  netty.NettyConfigKeys$DataStream (ConfUtils.java:logGet(46)) - raft.netty.dataStream.server.worker-group.size = 0 (default)
2024-03-11 08:30:17,389 [main] INFO  netty.NettyUtils (NettyUtils.java:newEventLoopGroup(69)) - Create EpollEventLoopGroup for 445f6805-f50a-41ff-88e3-3279a5cf9951-NettyServerStreamRpc-workerGroup; Thread size is 0.
2024-03-11 08:30:17,389 [main] INFO  netty.NettyConfigKeys$DataStream (ConfUtils.java:logGet(46)) - raft.netty.dataStream.server.tls.conf = null (default)
2024-03-11 08:30:17,390 [main] INFO  netty.NettyConfigKeys$DataStream (ConfUtils.java:logGet(46)) - raft.netty.dataStream.host = null (default)
2024-03-11 08:30:17,390 [main] INFO  netty.NettyConfigKeys$DataStream (ConfUtils.java:logGet(46)) - raft.netty.dataStream.port = 15109 (custom)
2024-03-11 08:30:17,398 [omNode-1@group-523986131536-LeaderElection24] INFO  impl.LeaderElection (LeaderElection.java:askForVotes(321)) - omNode-1@group-523986131536-LeaderElection24 PRE_VOTE round 0: submit vote requests at term 0 for -1: peers:[omNode-3|localhost:15101, omNode-1|localhost:15093, omNode-2|localhost:15097]|listeners:[], old=null
2024-03-11 08:30:17,398 [main] INFO  server.RaftServerConfigKeys (ConfUtils.java:logGet(46)) - raft.server.sleep.deviation.threshold = 300ms (default)
2024-03-11 08:30:17,398 [omNode-1@group-523986131536-LeaderElection24-1] INFO  server.GrpcServerProtocolClient (GrpcServerProtocolClient.java:<init>(65)) - Build channel for omNode-3|localhost:15101
2024-03-11 08:30:17,398 [omNode-1@group-523986131536-LeaderElection24-2] INFO  server.GrpcServerProtocolClient (GrpcServerProtocolClient.java:<init>(65)) - Build channel for omNode-2|localhost:15097
2024-03-11 08:30:17,401 [445f6805-f50a-41ff-88e3-3279a5cf9951-NettyServerStreamRpc-bossGroup--thread1] INFO  logging.LoggingHandler (AbstractInternalLogger.java:log(148)) - [id: 0x0b8f3b65] REGISTERED
2024-03-11 08:30:17,398 [omNode-1@group-523986131536-LeaderElection24] INFO  server.RaftServerConfigKeys (ConfUtils.java:logFallback(53)) - raft.server.rpc.first-election.timeout.min = 1s (fallback to raft.server.rpc.timeout.min)
2024-03-11 08:30:17,400 [main] INFO  server.RaftServerConfigKeys (ConfUtils.java:logGet(46)) - raft.server.close.threshold = 60s (default)
2024-03-11 08:30:17,402 [omNode-1@group-523986131536-LeaderElection24] INFO  server.RaftServerConfigKeys (ConfUtils.java:logFallback(53)) - raft.server.rpc.first-election.timeout.max = 1200ms (fallback to raft.server.rpc.timeout.max)
2024-03-11 08:30:17,403 [main] INFO  server.RaftServerConfigKeys (ConfUtils.java:logGet(46)) - raft.server.leaderelection.leader.step-down.wait-time = 10s (default)
2024-03-11 08:30:17,403 [445f6805-f50a-41ff-88e3-3279a5cf9951-NettyServerStreamRpc-bossGroup--thread1] INFO  logging.LoggingHandler (AbstractInternalLogger.java:log(148)) - [id: 0x0b8f3b65] BIND: 0.0.0.0/0.0.0.0:15109
2024-03-11 08:30:17,403 [main] INFO  server.RaftServerConfigKeys (ConfUtils.java:logGet(46)) - raft.server.storage.dir = [/home/runner/work/ozone/ozone/hadoop-ozone/integration-test/target/test-dir/MiniOzoneClusterImpl-b8fac49e-ce79-4459-ae7b-186efce8cd22/ozone-meta/datanode-1/ratis] (custom)
2024-03-11 08:30:17,404 [main] INFO  server.RaftServerConfigKeys (ConfUtils.java:logGet(46)) - raft.server.threadpool.proxy.cached = true (default)
2024-03-11 08:30:17,404 [main] INFO  server.RaftServerConfigKeys (ConfUtils.java:logGet(46)) - raft.server.threadpool.proxy.size = 0 (default)
2024-03-11 08:30:17,404 [445f6805-f50a-41ff-88e3-3279a5cf9951-NettyServerStreamRpc-bossGroup--thread1] INFO  logging.LoggingHandler (AbstractInternalLogger.java:log(148)) - [id: 0x0b8f3b65, L:/0.0.0.0:15109] ACTIVE
2024-03-11 08:30:17,406 [445f6805-f50a-41ff-88e3-3279a5cf9951-impl-thread1] INFO  server.RaftServer (RaftServerProxy.java:initGroupDir(264)) - 445f6805-f50a-41ff-88e3-3279a5cf9951: found a subdirectory /home/runner/work/ozone/ozone/hadoop-ozone/integration-test/target/test-dir/MiniOzoneClusterImpl-b8fac49e-ce79-4459-ae7b-186efce8cd22/ozone-meta/datanode-1/ratis/tmp
2024-03-11 08:30:17,406 [445f6805-f50a-41ff-88e3-3279a5cf9951-impl-thread1] INFO  server.RaftServer (RaftServerProxy.java:initGroupDir(269)) - 445f6805-f50a-41ff-88e3-3279a5cf9951: The directory /home/runner/work/ozone/ozone/hadoop-ozone/integration-test/target/test-dir/MiniOzoneClusterImpl-b8fac49e-ce79-4459-ae7b-186efce8cd22/ozone-meta/datanode-1/ratis/tmp is not a group directory; ignoring it. 
2024-03-11 08:30:17,407 [main] INFO  replication.ReplicationServer (ReplicationServer.java:<init>(86)) - Initializing replication server with thread count = 10 queue length = 4096
2024-03-11 08:30:17,408 [main] INFO  server.XceiverServerGrpc (XceiverServerGrpc.java:<init>(141)) - GrpcServer channel type EpollServerSocketChannel
2024-03-11 08:30:17,409 [grpc-default-executor-0] INFO  server.RaftServer$Division (RaftServerImpl.java:requestVote(1389)) - omNode-2@group-523986131536: receive requestVote(PRE_VOTE, omNode-1, group-523986131536, 0, (t:0, i:~))
2024-03-11 08:30:17,409 [grpc-default-executor-0] INFO  impl.VoteContext (VoteContext.java:log(49)) - omNode-2@group-523986131536-FOLLOWER: accept PRE_VOTE from omNode-1: our priority 0 <= candidate's priority 0
2024-03-11 08:30:17,409 [grpc-default-executor-0] INFO  server.RaftServer$Division (RaftServerImpl.java:requestVote(1422)) - omNode-2@group-523986131536 replies to PRE_VOTE vote request: omNode-1<-omNode-2#0:OK-t0. Peer's state: omNode-2@group-523986131536:t0, leader=null, voted=, raftlog=Memoized:omNode-2@group-523986131536-SegmentedRaftLog:OPENED:c-1, conf=-1: peers:[omNode-3|localhost:15101, omNode-1|localhost:15093, omNode-2|localhost:15097]|listeners:[], old=null
2024-03-11 08:30:17,411 [omNode-1@group-523986131536-LeaderElection24] INFO  impl.LeaderElection (LeaderElection.java:logAndReturn(89)) - omNode-1@group-523986131536-LeaderElection24: PRE_VOTE PASSED received 1 response(s) and 0 exception(s):
2024-03-11 08:30:17,411 [omNode-1@group-523986131536-LeaderElection24] INFO  impl.LeaderElection (LeaderElection.java:logAndReturn(93)) -   Response 0: omNode-1<-omNode-2#0:OK-t0
2024-03-11 08:30:17,412 [omNode-1@group-523986131536-LeaderElection24] INFO  impl.LeaderElection (LeaderElection.java:askForVotes(323)) - omNode-1@group-523986131536-LeaderElection24 PRE_VOTE round 0: result PASSED
2024-03-11 08:30:17,413 [main] INFO  replication.ReplicationSupervisor (ReplicationSupervisor.java:build(163)) - Initializing replication supervisor with thread count = 10
2024-03-11 08:30:17,413 [main] INFO  replication.ReplicationSupervisor (ReplicationSupervisor.java:nodeStateUpdated(317)) - Node state updated to IN_SERVICE, scaling executor pool size to 10
2024-03-11 08:30:17,413 [omNode-1@group-523986131536-LeaderElection24] INFO  impl.LeaderElection (LeaderElection.java:askForVotes(321)) - omNode-1@group-523986131536-LeaderElection24 ELECTION round 0: submit vote requests at term 1 for -1: peers:[omNode-3|localhost:15101, omNode-1|localhost:15093, omNode-2|localhost:15097]|listeners:[], old=null
2024-03-11 08:30:17,414 [omNode-1@group-523986131536-LeaderElection24] INFO  server.RaftServerConfigKeys (ConfUtils.java:logFallback(53)) - raft.server.rpc.first-election.timeout.min = 1s (fallback to raft.server.rpc.timeout.min)
2024-03-11 08:30:17,414 [omNode-1@group-523986131536-LeaderElection24] INFO  server.RaftServerConfigKeys (ConfUtils.java:logFallback(53)) - raft.server.rpc.first-election.timeout.max = 1200ms (fallback to raft.server.rpc.timeout.max)
2024-03-11 08:30:17,416 [grpc-default-executor-0] INFO  server.RaftServer$Division (RaftServerImpl.java:requestVote(1389)) - omNode-2@group-523986131536: receive requestVote(ELECTION, omNode-1, group-523986131536, 1, (t:0, i:~))
2024-03-11 08:30:17,416 [grpc-default-executor-0] INFO  impl.VoteContext (VoteContext.java:log(49)) - omNode-2@group-523986131536-FOLLOWER: accept ELECTION from omNode-1: our priority 0 <= candidate's priority 0
2024-03-11 08:30:17,416 [grpc-default-executor-0] INFO  server.RaftServer$Division (RaftServerImpl.java:setRole(383)) - omNode-2@group-523986131536: changes role from  FOLLOWER to FOLLOWER at term 1 for candidate:omNode-1
2024-03-11 08:30:17,416 [grpc-default-executor-0] INFO  impl.RoleInfo (RoleInfo.java:shutdownFollowerState(110)) - omNode-2: shutdown omNode-2@group-523986131536-FollowerState
2024-03-11 08:30:17,416 [grpc-default-executor-0] INFO  impl.RoleInfo (RoleInfo.java:updateAndGet(139)) - omNode-2: start omNode-2@group-523986131536-FollowerState
2024-03-11 08:30:17,416 [omNode-2@group-523986131536-FollowerState] INFO  impl.FollowerState (FollowerState.java:run(152)) - omNode-2@group-523986131536-FollowerState was interrupted
2024-03-11 08:30:17,416 [grpc-default-executor-0] INFO  server.RaftServer$Division (RaftServerImpl.java:setFirstElection(574)) - omNode-2@group-523986131536: set firstElectionSinceStartup to false for candidate:omNode-1
2024-03-11 08:30:17,423 [main] INFO  http.BaseHttpServer (BaseHttpServer.java:newHttpServer2BuilderForOzone(223)) - Starting Web-server for hddsDatanode at: http://0.0.0.0:15103
2024-03-11 08:30:17,424 [grpc-default-executor-1] INFO  server.RaftServer$Division (RaftServerImpl.java:requestVote(1389)) - omNode-3@group-523986131536: receive requestVote(PRE_VOTE, omNode-1, group-523986131536, 0, (t:0, i:~))
2024-03-11 08:30:17,424 [grpc-default-executor-1] INFO  impl.VoteContext (VoteContext.java:log(49)) - omNode-3@group-523986131536-FOLLOWER: accept PRE_VOTE from omNode-1: our priority 0 <= candidate's priority 0
2024-03-11 08:30:17,424 [main] INFO  http.BaseHttpServer (BaseHttpServer.java:<init>(110)) - Hadoop Security Enabled: false Ozone Security Enabled: false Ozone HTTP Security Enabled: false 
2024-03-11 08:30:17,424 [grpc-default-executor-2] INFO  server.RaftServer$Division (RaftServerImpl.java:requestVote(1389)) - omNode-3@group-523986131536: receive requestVote(ELECTION, omNode-1, group-523986131536, 1, (t:0, i:~))
2024-03-11 08:30:17,424 [grpc-default-executor-0] INFO  server.RaftServer$Division (RaftServerImpl.java:requestVote(1422)) - omNode-2@group-523986131536 replies to ELECTION vote request: omNode-1<-omNode-2#0:OK-t1. Peer's state: omNode-2@group-523986131536:t1, leader=null, voted=omNode-1, raftlog=Memoized:omNode-2@group-523986131536-SegmentedRaftLog:OPENED:c-1, conf=-1: peers:[omNode-3|localhost:15101, omNode-1|localhost:15093, omNode-2|localhost:15097]|listeners:[], old=null
2024-03-11 08:30:17,424 [grpc-default-executor-1] INFO  server.RaftServer$Division (RaftServerImpl.java:requestVote(1422)) - omNode-3@group-523986131536 replies to PRE_VOTE vote request: omNode-1<-omNode-3#0:OK-t0. Peer's state: omNode-3@group-523986131536:t0, leader=null, voted=, raftlog=Memoized:omNode-3@group-523986131536-SegmentedRaftLog:OPENED:c-1, conf=-1: peers:[omNode-3|localhost:15101, omNode-1|localhost:15093, omNode-2|localhost:15097]|listeners:[], old=null
2024-03-11 08:30:17,427 [main] WARN  server.AuthenticationFilter (AuthenticationFilter.java:constructSecretProvider(240)) - Unable to initialize FileSignerSecretProvider, falling back to use random secrets. Reason: Could not read signature secret file: /home/runner/hadoop-http-auth-signature-secret
2024-03-11 08:30:17,427 [omNode-1@group-523986131536-LeaderElection24] INFO  impl.LeaderElection (LeaderElection.java:logAndReturn(89)) - omNode-1@group-523986131536-LeaderElection24: ELECTION PASSED received 1 response(s) and 0 exception(s):
2024-03-11 08:30:17,428 [omNode-1@group-523986131536-LeaderElection24] INFO  impl.LeaderElection (LeaderElection.java:logAndReturn(93)) -   Response 0: omNode-1<-omNode-2#0:OK-t1
2024-03-11 08:30:17,428 [grpc-default-executor-2] INFO  impl.VoteContext (VoteContext.java:log(49)) - omNode-3@group-523986131536-FOLLOWER: accept ELECTION from omNode-1: our priority 0 <= candidate's priority 0
2024-03-11 08:30:17,428 [main] INFO  http.HttpRequestLog (HttpRequestLog.java:getRequestLog(86)) - Http request log for http.requests.hddsDatanode is not defined
2024-03-11 08:30:17,428 [omNode-1@group-523986131536-LeaderElection24] INFO  impl.LeaderElection (LeaderElection.java:askForVotes(323)) - omNode-1@group-523986131536-LeaderElection24 ELECTION round 0: result PASSED
2024-03-11 08:30:17,429 [omNode-1@group-523986131536-LeaderElection24] INFO  impl.RoleInfo (RoleInfo.java:shutdownLeaderElection(130)) - omNode-1: shutdown omNode-1@group-523986131536-LeaderElection24
2024-03-11 08:30:17,429 [omNode-1@group-523986131536-LeaderElection24] INFO  server.RaftServer$Division (RaftServerImpl.java:setRole(383)) - omNode-1@group-523986131536: changes role from CANDIDATE to LEADER at term 1 for changeToLeader
2024-03-11 08:30:17,429 [omNode-1@group-523986131536-LeaderElection24] INFO  server.RaftServerConfigKeys (ConfUtils.java:logGet(46)) - raft.server.staging.catchup.gap = 1000 (default)
2024-03-11 08:30:17,429 [omNode-1@group-523986131536-LeaderElection24] INFO  server.RaftServerConfigKeys (ConfUtils.java:logGet(46)) - raft.server.write.element-limit = 4096 (default)
2024-03-11 08:30:17,429 [omNode-1@group-523986131536-LeaderElection24] INFO  server.RaftServerConfigKeys (ConfUtils.java:logGet(46)) - raft.server.write.byte-limit = 64MB (=67108864) (default)
2024-03-11 08:30:17,429 [omNode-1@group-523986131536-LeaderElection24] INFO  server.RaftServerConfigKeys (ConfUtils.java:logGet(46)) - raft.server.watch.timeout = 10s (default)
2024-03-11 08:30:17,429 [omNode-1@group-523986131536-LeaderElection24] INFO  server.RaftServerConfigKeys (ConfUtils.java:logGet(46)) - raft.server.watch.timeout.denomination = 1s (default)
2024-03-11 08:30:17,429 [omNode-1@group-523986131536-LeaderElection24] INFO  server.RaftServerConfigKeys (ConfUtils.java:logGet(46)) - raft.server.watch.element-limit = 65536 (default)
2024-03-11 08:30:17,429 [omNode-1@group-523986131536-LeaderElection24] INFO  server.RaftServerConfigKeys (ConfUtils.java:logGet(46)) - raft.server.read.leader.lease.enabled = false (default)
2024-03-11 08:30:17,429 [omNode-1@group-523986131536-LeaderElection24] INFO  server.RaftServerConfigKeys (ConfUtils.java:logGet(46)) - raft.server.read.leader.lease.timeout.ratio = 0.9 (default)
2024-03-11 08:30:17,430 [omNode-1@group-523986131536-LeaderElection24] INFO  server.RaftServerConfigKeys (ConfUtils.java:logGet(46)) - raft.server.rpc.timeout.min = 1s (custom)
2024-03-11 08:30:17,430 [omNode-1@group-523986131536-LeaderElection24] INFO  server.RaftServerConfigKeys (ConfUtils.java:logGet(46)) - raft.server.write.element-limit = 4096 (default)
2024-03-11 08:30:17,430 [main] INFO  http.HttpServer2 (HttpServer2.java:addGlobalFilter(1036)) - Added global filter 'safety' (class=org.apache.hadoop.hdds.server.http.HttpServer2$QuotingInputFilter)
2024-03-11 08:30:17,430 [omNode-1@group-523986131536-LeaderElection24] INFO  server.RaftServerConfigKeys (ConfUtils.java:logGet(46)) - raft.server.write.follower.gap.ratio.max = -1.0 (default)
2024-03-11 08:30:17,430 [omNode-1@group-523986131536-LeaderElection24] INFO  server.RaftServerConfigKeys (ConfUtils.java:logGet(46)) - raft.server.log.appender.snapshot.chunk.size.max = 16MB (=16777216) (default)
2024-03-11 08:30:17,430 [grpc-default-executor-2] INFO  server.RaftServer$Division (RaftServerImpl.java:setRole(383)) - omNode-3@group-523986131536: changes role from  FOLLOWER to FOLLOWER at term 1 for candidate:omNode-1
2024-03-11 08:30:17,430 [grpc-default-executor-2] INFO  impl.RoleInfo (RoleInfo.java:shutdownFollowerState(110)) - omNode-3: shutdown omNode-3@group-523986131536-FollowerState
2024-03-11 08:30:17,430 [omNode-1@group-523986131536-LeaderElection24] INFO  server.RaftServerConfigKeys (ConfUtils.java:logGet(46)) - raft.server.log.appender.buffer.byte-limit = 4194304 (custom)
2024-03-11 08:30:17,430 [omNode-1@group-523986131536-LeaderElection24] INFO  server.RaftServerConfigKeys (ConfUtils.java:logGet(46)) - raft.server.log.appender.buffer.element-limit = 1024 (custom)
2024-03-11 08:30:17,430 [omNode-1@group-523986131536-LeaderElection24] INFO  server.RaftServerConfigKeys (ConfUtils.java:logGet(46)) - raft.server.log.appender.wait-time.min = 0ms (custom)
2024-03-11 08:30:17,430 [omNode-1@group-523986131536-LeaderElection24] INFO  grpc.GrpcConfigKeys (ConfUtils.java:logGet(46)) - raft.grpc.server.leader.outstanding.appends.max = 8 (default)
2024-03-11 08:30:17,431 [omNode-1@group-523986131536-LeaderElection24] INFO  server.RaftServerConfigKeys (ConfUtils.java:logGet(46)) - raft.server.rpc.request.timeout = 3000ms (default)
2024-03-11 08:30:17,431 [omNode-1@group-523986131536-LeaderElection24] INFO  grpc.GrpcConfigKeys (ConfUtils.java:logGet(46)) - raft.grpc.server.install_snapshot.request.element-limit = 8 (default)
2024-03-11 08:30:17,431 [omNode-1@group-523986131536-LeaderElection24] INFO  grpc.GrpcConfigKeys (ConfUtils.java:logGet(46)) - raft.grpc.server.install_snapshot.request.timeout = 3000ms (default)
2024-03-11 08:30:17,431 [omNode-1@group-523986131536-LeaderElection24] INFO  grpc.GrpcConfigKeys (ConfUtils.java:logGet(46)) - raft.grpc.server.log-message.batch.duration = 5s (default)
2024-03-11 08:30:17,431 [omNode-1@group-523986131536-LeaderElection24] INFO  server.RaftServerConfigKeys (ConfUtils.java:logGet(46)) - raft.server.log.appender.install.snapshot.enabled = false (custom)
2024-03-11 08:30:17,431 [omNode-1@group-523986131536-LeaderElection24] INFO  grpc.GrpcConfigKeys (ConfUtils.java:logGet(46)) - raft.grpc.server.heartbeat.channel = true (default)
2024-03-11 08:30:17,431 [omNode-1@group-523986131536-LeaderElection24] INFO  server.RaftServerConfigKeys (ConfUtils.java:logGet(46)) - raft.server.log.appender.snapshot.chunk.size.max = 16MB (=16777216) (default)
2024-03-11 08:30:17,431 [omNode-1@group-523986131536-LeaderElection24] INFO  server.RaftServerConfigKeys (ConfUtils.java:logGet(46)) - raft.server.log.appender.buffer.byte-limit = 4194304 (custom)
2024-03-11 08:30:17,431 [omNode-1@group-523986131536-LeaderElection24] INFO  server.RaftServerConfigKeys (ConfUtils.java:logGet(46)) - raft.server.log.appender.buffer.element-limit = 1024 (custom)
2024-03-11 08:30:17,431 [omNode-1@group-523986131536-LeaderElection24] INFO  server.RaftServerConfigKeys (ConfUtils.java:logGet(46)) - raft.server.log.appender.wait-time.min = 0ms (custom)
2024-03-11 08:30:17,432 [omNode-1@group-523986131536-LeaderElection24] INFO  grpc.GrpcConfigKeys (ConfUtils.java:logGet(46)) - raft.grpc.server.leader.outstanding.appends.max = 8 (default)
2024-03-11 08:30:17,432 [omNode-1@group-523986131536-LeaderElection24] INFO  server.RaftServerConfigKeys (ConfUtils.java:logGet(46)) - raft.server.rpc.request.timeout = 3000ms (default)
2024-03-11 08:30:17,432 [omNode-1@group-523986131536-LeaderElection24] INFO  grpc.GrpcConfigKeys (ConfUtils.java:logGet(46)) - raft.grpc.server.install_snapshot.request.element-limit = 8 (default)
2024-03-11 08:30:17,432 [omNode-1@group-523986131536-LeaderElection24] INFO  grpc.GrpcConfigKeys (ConfUtils.java:logGet(46)) - raft.grpc.server.install_snapshot.request.timeout = 3000ms (default)
2024-03-11 08:30:17,432 [omNode-1@group-523986131536-LeaderElection24] INFO  grpc.GrpcConfigKeys (ConfUtils.java:logGet(46)) - raft.grpc.server.log-message.batch.duration = 5s (default)
2024-03-11 08:30:17,432 [omNode-1@group-523986131536-LeaderElection24] INFO  server.RaftServerConfigKeys (ConfUtils.java:logGet(46)) - raft.server.log.appender.install.snapshot.enabled = false (custom)
2024-03-11 08:30:17,432 [omNode-1@group-523986131536-LeaderElection24] INFO  grpc.GrpcConfigKeys (ConfUtils.java:logGet(46)) - raft.grpc.server.heartbeat.channel = true (default)
2024-03-11 08:30:17,432 [omNode-1@group-523986131536-LeaderElection24] INFO  impl.RoleInfo (RoleInfo.java:updateAndGet(139)) - omNode-1: start omNode-1@group-523986131536-LeaderStateImpl
2024-03-11 08:30:17,432 [omNode-1@group-523986131536-LeaderElection24] INFO  server.RaftServer$Division (RaftServerImpl.java:setFirstElection(574)) - omNode-1@group-523986131536: set firstElectionSinceStartup to false for becomeLeader
2024-03-11 08:30:17,432 [omNode-1@group-523986131536-LeaderElection24] INFO  server.RaftServer$Division (ServerState.java:setLeader(269)) - omNode-1@group-523986131536: change Leader from null to omNode-1 at term 1 for becomeLeader, leader elected after 1313ms
2024-03-11 08:30:17,432 [omNode-1@group-523986131536-LeaderElection24] INFO  segmented.SegmentedRaftLogWorker (SegmentedRaftLogWorker.java:startLogSegment(430)) - omNode-1@group-523986131536-SegmentedRaftLogWorker: Starting segment from index:0
2024-03-11 08:30:17,430 [main] INFO  http.HttpServer2 (HttpServer2.java:addFilter(1012)) - Added filter static_user_filter (class=org.apache.hadoop.http.lib.StaticUserWebFilter$StaticUserFilter) to context hddsDatanode
2024-03-11 08:30:17,430 [grpc-default-executor-2] INFO  impl.RoleInfo (RoleInfo.java:updateAndGet(139)) - omNode-3: start omNode-3@group-523986131536-FollowerState
2024-03-11 08:30:17,430 [omNode-3@group-523986131536-FollowerState] INFO  impl.FollowerState (FollowerState.java:run(152)) - omNode-3@group-523986131536-FollowerState was interrupted
2024-03-11 08:30:17,433 [omNode-1@group-523986131536-SegmentedRaftLogWorker] INFO  segmented.BufferedWriteChannel (BufferedWriteChannel.java:open(62)) - open log_inprogress_0 at position 0
2024-03-11 08:30:17,433 [main] INFO  http.HttpServer2 (HttpServer2.java:addFilter(1020)) - Added filter static_user_filter (class=org.apache.hadoop.http.lib.StaticUserWebFilter$StaticUserFilter) to context logs
2024-03-11 08:30:17,437 [main] INFO  http.HttpServer2 (HttpServer2.java:addFilter(1020)) - Added filter static_user_filter (class=org.apache.hadoop.http.lib.StaticUserWebFilter$StaticUserFilter) to context static
2024-03-11 08:30:17,438 [main] INFO  http.BaseHttpServer (BaseHttpServer.java:<init>(189)) - HTTP server of hddsDatanode uses base directory /home/runner/work/ozone/ozone/hadoop-ozone/integration-test/target/test-dir/MiniOzoneClusterImpl-b8fac49e-ce79-4459-ae7b-186efce8cd22/ozone-meta/datanode-1/meta/webserver
2024-03-11 08:30:17,438 [main] INFO  http.HttpServer2 (HttpServer2.java:bindListener(1236)) - Jetty bound to port 15103
2024-03-11 08:30:17,438 [main] INFO  server.Server (Server.java:doStart(375)) - jetty-9.4.53.v20231009; built: 2023-10-09T12:29:09.265Z; git: 27bde00a0b95a1d5bbee0eae7984f891d2d0f8c9; jvm 1.8.0_402-b06
2024-03-11 08:30:17,437 [omNode-1@group-523986131536-LeaderElection24] INFO  server.RaftServer$Division (ServerState.java:setRaftConf(386)) - omNode-1@group-523986131536: set configuration 0: peers:[omNode-3|localhost:15101, omNode-1|localhost:15093, omNode-2|localhost:15097]|listeners:[], old=null
2024-03-11 08:30:17,433 [grpc-default-executor-2] INFO  server.RaftServer$Division (RaftServerImpl.java:setFirstElection(574)) - omNode-3@group-523986131536: set firstElectionSinceStartup to false for candidate:omNode-1
2024-03-11 08:30:17,440 [main] INFO  server.session (DefaultSessionIdManager.java:doStart(334)) - DefaultSessionIdManager workerName=node0
2024-03-11 08:30:17,440 [main] INFO  server.session (DefaultSessionIdManager.java:doStart(339)) - No SessionScavenger set, using defaults
2024-03-11 08:30:17,440 [main] INFO  server.session (HouseKeeper.java:startScavenging(132)) - node0 Scavenging every 660000ms
2024-03-11 08:30:17,441 [main] INFO  handler.ContextHandler (ContextHandler.java:doStart(921)) - Started o.e.j.s.ServletContextHandler@4d502d2{logs,/logs,file:///home/runner/work/ozone/ozone/hadoop-ozone/integration-test/target/log,AVAILABLE}
2024-03-11 08:30:17,441 [grpc-default-executor-2] INFO  server.RaftServer$Division (RaftServerImpl.java:requestVote(1422)) - omNode-3@group-523986131536 replies to ELECTION vote request: omNode-1<-omNode-3#0:OK-t1. Peer's state: omNode-3@group-523986131536:t1, leader=null, voted=omNode-1, raftlog=Memoized:omNode-3@group-523986131536-SegmentedRaftLog:OPENED:c-1, conf=-1: peers:[omNode-3|localhost:15101, omNode-1|localhost:15093, omNode-2|localhost:15097]|listeners:[], old=null
2024-03-11 08:30:17,441 [main] INFO  handler.ContextHandler (ContextHandler.java:doStart(921)) - Started o.e.j.s.ServletContextHandler@3c18b907{static,/static,jar:file:/home/runner/.m2/repository/org/apache/ozone/hdds-container-service/1.5.0-SNAPSHOT/hdds-container-service-1.5.0-SNAPSHOT.jar!/webapps/static,AVAILABLE}
2024-03-11 08:30:17,443 [omNode-1@group-523986131536-SegmentedRaftLogWorker] INFO  segmented.SegmentedRaftLogWorker (SegmentedRaftLogWorker.java:execute(634)) - omNode-1@group-523986131536-SegmentedRaftLogWorker: created new log segment /home/runner/work/ozone/ozone/hadoop-ozone/integration-test/target/test-dir/MiniOzoneClusterImpl-b8fac49e-ce79-4459-ae7b-186efce8cd22/omNode-1/ratis/c9bc4cf4-3bc3-3c60-a66b-523986131536/current/log_inprogress_0
2024-03-11 08:30:17,467 [omNode-3-server-thread1] INFO  server.RaftServer$Division (ServerState.java:setLeader(269)) - omNode-3@group-523986131536: change Leader from null to omNode-1 at term 1 for appendEntries, leader elected after 366ms
2024-03-11 08:30:17,478 [omNode-3-server-thread2] INFO  server.RaftServer$Division (ServerState.java:setRaftConf(386)) - omNode-3@group-523986131536: set configuration 0: peers:[omNode-3|localhost:15101, omNode-1|localhost:15093, omNode-2|localhost:15097]|listeners:[], old=null
2024-03-11 08:30:17,478 [omNode-3-server-thread2] INFO  segmented.SegmentedRaftLogWorker (SegmentedRaftLogWorker.java:startLogSegment(430)) - omNode-3@group-523986131536-SegmentedRaftLogWorker: Starting segment from index:0
2024-03-11 08:30:17,478 [omNode-3@group-523986131536-SegmentedRaftLogWorker] INFO  segmented.BufferedWriteChannel (BufferedWriteChannel.java:open(62)) - open log_inprogress_0 at position 0
2024-03-11 08:30:17,487 [omNode-3@group-523986131536-SegmentedRaftLogWorker] INFO  segmented.SegmentedRaftLogWorker (SegmentedRaftLogWorker.java:execute(634)) - omNode-3@group-523986131536-SegmentedRaftLogWorker: created new log segment /home/runner/work/ozone/ozone/hadoop-ozone/integration-test/target/test-dir/MiniOzoneClusterImpl-b8fac49e-ce79-4459-ae7b-186efce8cd22/omNode-3/ratis/c9bc4cf4-3bc3-3c60-a66b-523986131536/current/log_inprogress_0
2024-03-11 08:30:17,490 [omNode-2-server-thread1] INFO  server.RaftServer$Division (ServerState.java:setLeader(269)) - omNode-2@group-523986131536: change Leader from null to omNode-1 at term 1 for appendEntries, leader elected after 897ms
2024-03-11 08:30:17,495 [omNode-2-server-thread2] INFO  server.RaftServer$Division (ServerState.java:setRaftConf(386)) - omNode-2@group-523986131536: set configuration 0: peers:[omNode-3|localhost:15101, omNode-1|localhost:15093, omNode-2|localhost:15097]|listeners:[], old=null
2024-03-11 08:30:17,495 [omNode-2-server-thread2] INFO  segmented.SegmentedRaftLogWorker (SegmentedRaftLogWorker.java:startLogSegment(430)) - omNode-2@group-523986131536-SegmentedRaftLogWorker: Starting segment from index:0
2024-03-11 08:30:17,495 [omNode-2@group-523986131536-SegmentedRaftLogWorker] INFO  segmented.BufferedWriteChannel (BufferedWriteChannel.java:open(62)) - open log_inprogress_0 at position 0
2024-03-11 08:30:17,495 [omNode-1@group-523986131536-StateMachineUpdater] INFO  ratis.OzoneManagerStateMachine (OzoneManagerStateMachine.java:notifyConfigurationChanged(198)) - Received Configuration change notification from Ratis. New Peer list:
[id: "omNode-3"
address: "localhost:15101"
startupRole: FOLLOWER
, id: "omNode-1"
address: "localhost:15093"
startupRole: FOLLOWER
, id: "omNode-2"
address: "localhost:15097"
startupRole: FOLLOWER
]
2024-03-11 08:30:17,496 [omNode-1@group-523986131536-StateMachineUpdater] INFO  server.RaftServer$Division (LeaderStateImpl.java:isApplied(320)) - leader is ready since appliedIndex == 0 >= startIndex == 0
2024-03-11 08:30:17,504 [omNode-2@group-523986131536-SegmentedRaftLogWorker] INFO  segmented.SegmentedRaftLogWorker (SegmentedRaftLogWorker.java:execute(634)) - omNode-2@group-523986131536-SegmentedRaftLogWorker: created new log segment /home/runner/work/ozone/ozone/hadoop-ozone/integration-test/target/test-dir/MiniOzoneClusterImpl-b8fac49e-ce79-4459-ae7b-186efce8cd22/omNode-2/ratis/c9bc4cf4-3bc3-3c60-a66b-523986131536/current/log_inprogress_0
2024-03-11 08:30:17,513 [main] INFO  handler.ContextHandler (ContextHandler.java:doStart(921)) - Started o.e.j.w.WebAppContext@75238a55{hddsDatanode,/,file:///home/runner/work/ozone/ozone/hadoop-ozone/integration-test/target/test-dir/MiniOzoneClusterImpl-b8fac49e-ce79-4459-ae7b-186efce8cd22/ozone-meta/datanode-1/meta/webserver/jetty-0_0_0_0-15103-hdds-container-service-1_5_0-SNAPSHOT_jar-_-any-9218705370986183329/webapp/,AVAILABLE}{jar:file:/home/runner/.m2/repository/org/apache/ozone/hdds-container-service/1.5.0-SNAPSHOT/hdds-container-service-1.5.0-SNAPSHOT.jar!/webapps/hddsDatanode}
2024-03-11 08:30:17,516 [main] INFO  server.AbstractConnector (AbstractConnector.java:doStart(333)) - Started ServerConnector@132910fa{HTTP/1.1, (http/1.1)}{0.0.0.0:15103}
2024-03-11 08:30:17,516 [main] INFO  server.Server (Server.java:doStart(415)) - Started @232287ms
2024-03-11 08:30:17,517 [main] WARN  impl.MetricsSystemImpl (MetricsSystemImpl.java:register(279)) - Sink prometheus already exists!
2024-03-11 08:30:17,517 [main] INFO  http.BaseHttpServer (BaseHttpServer.java:updateConnectorAddress(354)) - HTTP server of hddsDatanode listening at http://0.0.0.0:15103
2024-03-11 08:30:17,517 [main] INFO  ipc.CallQueueManager (CallQueueManager.java:<init>(90)) - Using callQueue: class java.util.concurrent.LinkedBlockingQueue, queueCapacity: 100, scheduler: class org.apache.hadoop.ipc.DefaultRpcScheduler, ipcBackoff: false.
2024-03-11 08:30:17,518 [main] INFO  ipc.Server (Server.java:<init>(1287)) - Listener at 0.0.0.0:15104
2024-03-11 08:30:17,518 [Socket Reader #1 for port 15104] INFO  ipc.Server (Server.java:run(1323)) - Starting Socket Reader #1 for port 15104
2024-03-11 08:30:17,521 [main] INFO  ozone.HddsDatanodeService (HddsDatanodeService.java:start(327)) - Datanode start with admins: [*, runner]
2024-03-11 08:30:17,521 [main] INFO  ozone.HddsDatanodeClientProtocolServer (HddsDatanodeClientProtocolServer.java:start(77)) - RPC server for Client /0.0.0.0:15104
2024-03-11 08:30:17,522 [IPC Server Responder] INFO  ipc.Server (Server.java:run(1562)) - IPC Server Responder: starting
2024-03-11 08:30:17,522 [IPC Server listener on 15104] INFO  ipc.Server (Server.java:run(1402)) - IPC Server listener on 15104: starting
2024-03-11 08:30:17,523 [445f6805-f50a-41ff-88e3-3279a5cf9951-DatanodeStateMachineDaemonThread] INFO  statemachine.DatanodeStateMachine (DatanodeStateMachine.java:lambda$startDaemon$1(555)) - Ozone container server started.
2024-03-11 08:30:17,523 [main] WARN  dropwizard3.Dm3MetricRegistriesImpl (Dm3MetricRegistriesImpl.java:addReporterRegistration(113)) - New reporters are added after registries were created. Some metrics will be missing from the reporter. Please add reporter before adding any new registry.
2024-03-11 08:30:17,524 [main] WARN  dropwizard3.Dm3MetricRegistriesImpl (Dm3MetricRegistriesImpl.java:addReporterRegistration(113)) - New reporters are added after registries were created. Some metrics will be missing from the reporter. Please add reporter before adding any new registry.
2024-03-11 08:30:17,524 [main] INFO  impl.MetricsSystemImpl (MetricsSystemImpl.java:init(158)) - HddsDatanode metrics system started (again)
2024-03-11 08:30:17,530 [445f6805-f50a-41ff-88e3-3279a5cf9951-DatanodeStateMachineTaskThread-0] INFO  datanode.InitDatanodeState (InitDatanodeState.java:persistContainerDatanodeDetails(139)) - DatanodeDetails is persisted to /home/runner/work/ozone/ozone/hadoop-ozone/integration-test/target/test-dir/MiniOzoneClusterImpl-b8fac49e-ce79-4459-ae7b-186efce8cd22/ozone-meta/datanode-1/meta/datanode.id
2024-03-11 08:30:17,533 [main] INFO  ozone.HddsDatanodeService (HddsDatanodeService.java:start(240)) - HddsDatanodeService host:fv-az1250-130.ebmzynhy2g4u3nwuixrszff3we.cx.internal.cloudapp.net ip:10.1.0.9
2024-03-11 08:30:17,551 [main] INFO  upgrade.AbstractLayoutVersionManager (AbstractLayoutVersionManager.java:init(83)) - Initializing Layout version manager with metadata layout = HADOOP_PRC_PORTS_IN_DATANODEDETAILS (version = 7), software layout = HADOOP_PRC_PORTS_IN_DATANODEDETAILS (version = 7)
2024-03-11 08:30:17,551 [main] INFO  statemachine.DatanodeStateMachine (DatanodeStateMachine.java:getEndPointTaskThreadPoolSize(299)) - Datanode State Machine Task Thread Pool size 2
2024-03-11 08:30:17,553 [main] INFO  volume.HddsVolume (HddsVolume.java:<init>(125)) - Creating HddsVolume: /home/runner/work/ozone/ozone/hadoop-ozone/integration-test/target/test-dir/MiniOzoneClusterImpl-b8fac49e-ce79-4459-ae7b-186efce8cd22/ozone-meta/datanode-2/data-0/hdds of storage type : DISK capacity : 9223372036854775807
2024-03-11 08:30:17,553 [main] INFO  volume.MutableVolumeSet (MutableVolumeSet.java:initializeVolumeSet(173)) - Added Volume : /home/runner/work/ozone/ozone/hadoop-ozone/integration-test/target/test-dir/MiniOzoneClusterImpl-b8fac49e-ce79-4459-ae7b-186efce8cd22/ozone-meta/datanode-2/data-0/hdds to VolumeSet
2024-03-11 08:30:17,554 [main] INFO  volume.MutableVolumeSet (MutableVolumeSet.java:initializeVolumeSet(173)) - Added Volume : /home/runner/work/ozone/ozone/hadoop-ozone/integration-test/target/test-dir/MiniOzoneClusterImpl-b8fac49e-ce79-4459-ae7b-186efce8cd22/ozone-meta/datanode-2/ratis to VolumeSet
2024-03-11 08:30:17,554 [main] INFO  ozoneimpl.OzoneContainer (HddsVolumeUtil.java:loadAllHddsVolumeDbStore(103)) - Load 1 volumes DbStore cost: 0ms
2024-03-11 08:30:17,556 [main] INFO  server.RaftServer (ConfUtils.java:logGet(46)) - raft.rpc.type = GRPC (default)
2024-03-11 08:30:17,556 [main] INFO  grpc.GrpcConfigKeys (ConfUtils.java:logFallback(53)) - raft.grpc.admin.host = null (fallback to raft.grpc.server.host)
2024-03-11 08:30:17,556 [main] INFO  grpc.GrpcConfigKeys (ConfUtils.java:logGet(46)) - raft.grpc.admin.port = 15116 (custom)
2024-03-11 08:30:17,556 [main] INFO  grpc.GrpcConfigKeys (ConfUtils.java:logFallback(53)) - raft.grpc.client.host = null (fallback to raft.grpc.server.host)
2024-03-11 08:30:17,556 [main] INFO  grpc.GrpcConfigKeys (ConfUtils.java:logGet(46)) - raft.grpc.client.port = 15115 (custom)
2024-03-11 08:30:17,557 [main] INFO  grpc.GrpcConfigKeys (ConfUtils.java:logGet(46)) - raft.grpc.server.host = null (default)
2024-03-11 08:30:17,557 [main] INFO  grpc.GrpcConfigKeys (ConfUtils.java:logGet(46)) - raft.grpc.server.port = 15117 (custom)
2024-03-11 08:30:17,557 [main] INFO  server.GrpcService (ConfUtils.java:logGet(46)) - raft.grpc.message.size.max = 32MB (=33554432) (custom)
2024-03-11 08:30:17,557 [main] INFO  server.RaftServerConfigKeys (ConfUtils.java:logGet(46)) - raft.server.log.appender.buffer.byte-limit = 8388608 (custom)
2024-03-11 08:30:17,557 [main] INFO  server.GrpcService (ConfUtils.java:logGet(46)) - raft.grpc.flow.control.window = 5MB (=5242880) (custom)
2024-03-11 08:30:17,558 [main] INFO  server.RaftServerConfigKeys (ConfUtils.java:logGet(46)) - raft.server.rpc.request.timeout = 60s (custom)
2024-03-11 08:30:17,558 [main] INFO  grpc.GrpcConfigKeys (ConfUtils.java:logGet(46)) - raft.grpc.server.heartbeat.channel = true (default)
2024-03-11 08:30:17,558 [main] INFO  grpc.GrpcConfigKeys (ConfUtils.java:logGet(46)) - raft.grpc.server.async.request.thread.pool.cached = true (default)
2024-03-11 08:30:17,558 [main] INFO  grpc.GrpcConfigKeys (ConfUtils.java:logGet(46)) - raft.grpc.server.async.request.thread.pool.size = 32 (default)
2024-03-11 08:30:17,560 [main] INFO  impl.DataStreamServerImpl (ConfUtils.java:logGet(46)) - raft.datastream.type = NETTY (custom)
2024-03-11 08:30:17,560 [main] INFO  server.RaftServerConfigKeys (ConfUtils.java:logGet(46)) - raft.server.data-stream.async.request.thread.pool.cached = false (default)
2024-03-11 08:30:17,560 [main] INFO  server.RaftServerConfigKeys (ConfUtils.java:logGet(46)) - raft.server.data-stream.async.request.thread.pool.size = 20 (custom)
2024-03-11 08:30:17,560 [main] INFO  server.RaftServerConfigKeys (ConfUtils.java:logGet(46)) - raft.server.data-stream.async.write.thread.pool.size = 16 (default)
2024-03-11 08:30:17,561 [main] INFO  netty.NettyConfigKeys$DataStream (ConfUtils.java:logGet(46)) - raft.netty.dataStream.server.channel.inactive.grace-period = 10min (default)
2024-03-11 08:30:17,561 [main] INFO  server.RaftServerConfigKeys (ConfUtils.java:logGet(46)) - raft.server.data-stream.client.pool.size = 10 (default)
2024-03-11 08:30:17,561 [main] INFO  netty.NettyConfigKeys$DataStream (ConfUtils.java:logGet(46)) - raft.netty.dataStream.server.use-epoll = true (default)
2024-03-11 08:30:17,561 [main] INFO  netty.NettyConfigKeys$DataStream (ConfUtils.java:logGet(46)) - raft.netty.dataStream.server.boss-group.size = 0 (default)
2024-03-11 08:30:17,561 [main] INFO  netty.NettyUtils (NettyUtils.java:newEventLoopGroup(69)) - Create EpollEventLoopGroup for bb566799-e1ae-4992-bd76-01dcb769e72e-NettyServerStreamRpc-bossGroup; Thread size is 0.
2024-03-11 08:30:17,562 [main] INFO  netty.NettyConfigKeys$DataStream (ConfUtils.java:logGet(46)) - raft.netty.dataStream.server.worker-group.size = 0 (default)
2024-03-11 08:30:17,562 [main] INFO  netty.NettyUtils (NettyUtils.java:newEventLoopGroup(69)) - Create EpollEventLoopGroup for bb566799-e1ae-4992-bd76-01dcb769e72e-NettyServerStreamRpc-workerGroup; Thread size is 0.
2024-03-11 08:30:17,562 [main] INFO  netty.NettyConfigKeys$DataStream (ConfUtils.java:logGet(46)) - raft.netty.dataStream.server.tls.conf = null (default)
2024-03-11 08:30:17,562 [main] INFO  netty.NettyConfigKeys$DataStream (ConfUtils.java:logGet(46)) - raft.netty.dataStream.host = null (default)
2024-03-11 08:30:17,562 [main] INFO  netty.NettyConfigKeys$DataStream (ConfUtils.java:logGet(46)) - raft.netty.dataStream.port = 15118 (custom)
2024-03-11 08:30:17,563 [main] INFO  server.RaftServerConfigKeys (ConfUtils.java:logGet(46)) - raft.server.sleep.deviation.threshold = 300ms (default)
2024-03-11 08:30:17,563 [main] INFO  server.RaftServerConfigKeys (ConfUtils.java:logGet(46)) - raft.server.close.threshold = 60s (default)
2024-03-11 08:30:17,563 [bb566799-e1ae-4992-bd76-01dcb769e72e-NettyServerStreamRpc-bossGroup--thread1] INFO  logging.LoggingHandler (AbstractInternalLogger.java:log(148)) - [id: 0xce8176e5] REGISTERED
2024-03-11 08:30:17,563 [main] INFO  server.RaftServerConfigKeys (ConfUtils.java:logGet(46)) - raft.server.leaderelection.leader.step-down.wait-time = 10s (default)
2024-03-11 08:30:17,563 [bb566799-e1ae-4992-bd76-01dcb769e72e-NettyServerStreamRpc-bossGroup--thread1] INFO  logging.LoggingHandler (AbstractInternalLogger.java:log(148)) - [id: 0xce8176e5] BIND: 0.0.0.0/0.0.0.0:15118
2024-03-11 08:30:17,563 [main] INFO  server.RaftServerConfigKeys (ConfUtils.java:logGet(46)) - raft.server.storage.dir = [/home/runner/work/ozone/ozone/hadoop-ozone/integration-test/target/test-dir/MiniOzoneClusterImpl-b8fac49e-ce79-4459-ae7b-186efce8cd22/ozone-meta/datanode-2/ratis] (custom)
2024-03-11 08:30:17,563 [bb566799-e1ae-4992-bd76-01dcb769e72e-NettyServerStreamRpc-bossGroup--thread1] INFO  logging.LoggingHandler (AbstractInternalLogger.java:log(148)) - [id: 0xce8176e5, L:/0.0.0.0:15118] ACTIVE
2024-03-11 08:30:17,564 [main] INFO  server.RaftServerConfigKeys (ConfUtils.java:logGet(46)) - raft.server.threadpool.proxy.cached = true (default)
2024-03-11 08:30:17,564 [main] INFO  server.RaftServerConfigKeys (ConfUtils.java:logGet(46)) - raft.server.threadpool.proxy.size = 0 (default)
2024-03-11 08:30:17,564 [bb566799-e1ae-4992-bd76-01dcb769e72e-impl-thread1] INFO  server.RaftServer (RaftServerProxy.java:initGroupDir(264)) - bb566799-e1ae-4992-bd76-01dcb769e72e: found a subdirectory /home/runner/work/ozone/ozone/hadoop-ozone/integration-test/target/test-dir/MiniOzoneClusterImpl-b8fac49e-ce79-4459-ae7b-186efce8cd22/ozone-meta/datanode-2/ratis/tmp
2024-03-11 08:30:17,564 [bb566799-e1ae-4992-bd76-01dcb769e72e-impl-thread1] INFO  server.RaftServer (RaftServerProxy.java:initGroupDir(269)) - bb566799-e1ae-4992-bd76-01dcb769e72e: The directory /home/runner/work/ozone/ozone/hadoop-ozone/integration-test/target/test-dir/MiniOzoneClusterImpl-b8fac49e-ce79-4459-ae7b-186efce8cd22/ozone-meta/datanode-2/ratis/tmp is not a group directory; ignoring it. 
2024-03-11 08:30:17,564 [main] INFO  replication.ReplicationServer (ReplicationServer.java:<init>(86)) - Initializing replication server with thread count = 10 queue length = 4096
2024-03-11 08:30:17,565 [main] INFO  server.XceiverServerGrpc (XceiverServerGrpc.java:<init>(141)) - GrpcServer channel type EpollServerSocketChannel
2024-03-11 08:30:17,566 [main] INFO  replication.ReplicationSupervisor (ReplicationSupervisor.java:build(163)) - Initializing replication supervisor with thread count = 10
2024-03-11 08:30:17,566 [main] INFO  replication.ReplicationSupervisor (ReplicationSupervisor.java:nodeStateUpdated(317)) - Node state updated to IN_SERVICE, scaling executor pool size to 10
2024-03-11 08:30:17,567 [main] INFO  http.BaseHttpServer (BaseHttpServer.java:newHttpServer2BuilderForOzone(223)) - Starting Web-server for hddsDatanode at: http://0.0.0.0:15112
2024-03-11 08:30:17,567 [main] INFO  http.BaseHttpServer (BaseHttpServer.java:<init>(110)) - Hadoop Security Enabled: false Ozone Security Enabled: false Ozone HTTP Security Enabled: false 
2024-03-11 08:30:17,568 [main] WARN  server.AuthenticationFilter (AuthenticationFilter.java:constructSecretProvider(240)) - Unable to initialize FileSignerSecretProvider, falling back to use random secrets. Reason: Could not read signature secret file: /home/runner/hadoop-http-auth-signature-secret
2024-03-11 08:30:17,568 [main] INFO  http.HttpRequestLog (HttpRequestLog.java:getRequestLog(86)) - Http request log for http.requests.hddsDatanode is not defined
2024-03-11 08:30:17,569 [main] INFO  http.HttpServer2 (HttpServer2.java:addGlobalFilter(1036)) - Added global filter 'safety' (class=org.apache.hadoop.hdds.server.http.HttpServer2$QuotingInputFilter)
2024-03-11 08:30:17,569 [main] INFO  http.HttpServer2 (HttpServer2.java:addFilter(1012)) - Added filter static_user_filter (class=org.apache.hadoop.http.lib.StaticUserWebFilter$StaticUserFilter) to context hddsDatanode
2024-03-11 08:30:17,569 [main] INFO  http.HttpServer2 (HttpServer2.java:addFilter(1020)) - Added filter static_user_filter (class=org.apache.hadoop.http.lib.StaticUserWebFilter$StaticUserFilter) to context static
2024-03-11 08:30:17,570 [main] INFO  http.HttpServer2 (HttpServer2.java:addFilter(1020)) - Added filter static_user_filter (class=org.apache.hadoop.http.lib.StaticUserWebFilter$StaticUserFilter) to context logs
2024-03-11 08:30:17,570 [main] INFO  http.BaseHttpServer (BaseHttpServer.java:<init>(189)) - HTTP server of hddsDatanode uses base directory /home/runner/work/ozone/ozone/hadoop-ozone/integration-test/target/test-dir/MiniOzoneClusterImpl-b8fac49e-ce79-4459-ae7b-186efce8cd22/ozone-meta/datanode-2/meta/webserver
2024-03-11 08:30:17,570 [main] INFO  http.HttpServer2 (HttpServer2.java:bindListener(1236)) - Jetty bound to port 15112
2024-03-11 08:30:17,570 [main] INFO  server.Server (Server.java:doStart(375)) - jetty-9.4.53.v20231009; built: 2023-10-09T12:29:09.265Z; git: 27bde00a0b95a1d5bbee0eae7984f891d2d0f8c9; jvm 1.8.0_402-b06
2024-03-11 08:30:17,571 [main] INFO  server.session (DefaultSessionIdManager.java:doStart(334)) - DefaultSessionIdManager workerName=node0
2024-03-11 08:30:17,571 [main] INFO  server.session (DefaultSessionIdManager.java:doStart(339)) - No SessionScavenger set, using defaults
2024-03-11 08:30:17,571 [main] INFO  server.session (HouseKeeper.java:startScavenging(132)) - node0 Scavenging every 600000ms
2024-03-11 08:30:17,572 [main] INFO  handler.ContextHandler (ContextHandler.java:doStart(921)) - Started o.e.j.s.ServletContextHandler@4a78a61b{logs,/logs,file:///home/runner/work/ozone/ozone/hadoop-ozone/integration-test/target/log,AVAILABLE}
2024-03-11 08:30:17,572 [main] INFO  handler.ContextHandler (ContextHandler.java:doStart(921)) - Started o.e.j.s.ServletContextHandler@322c3bbd{static,/static,jar:file:/home/runner/.m2/repository/org/apache/ozone/hdds-container-service/1.5.0-SNAPSHOT/hdds-container-service-1.5.0-SNAPSHOT.jar!/webapps/static,AVAILABLE}
2024-03-11 08:30:17,591 [timer7] WARN  server.GrpcLogAppender (GrpcLogAppender.java:lambda$resetClient$1(217)) - f006390f-e497-4abc-b5c1-7377481b62e8@group-82BCFEF78723->9a2b6a56-4e5c-456a-9ce2-227de37bb527-GrpcLogAppender: Follower failed (request=null, errorCount=2); keep nextIndex (1) unchanged and retry. (Repeated 3 times in the last 5.000s)
2024-03-11 08:30:17,591 [timer0] WARN  server.GrpcLogAppender (LogUtils.java:warn(121)) - f006390f-e497-4abc-b5c1-7377481b62e8@group-82BCFEF78723->9a2b6a56-4e5c-456a-9ce2-227de37bb527-AppendLogResponseHandler: Failed appendEntries (Repeated 2 times in the last 5.001s): org.apache.ratis.thirdparty.io.grpc.StatusRuntimeException: CANCELLED: RST_STREAM closed stream. HTTP/2 error code: CANCEL
2024-03-11 08:30:17,604 [main] INFO  handler.ContextHandler (ContextHandler.java:doStart(921)) - Started o.e.j.w.WebAppContext@69fb22b4{hddsDatanode,/,file:///home/runner/work/ozone/ozone/hadoop-ozone/integration-test/target/test-dir/MiniOzoneClusterImpl-b8fac49e-ce79-4459-ae7b-186efce8cd22/ozone-meta/datanode-2/meta/webserver/jetty-0_0_0_0-15112-hdds-container-service-1_5_0-SNAPSHOT_jar-_-any-7494136661804720090/webapp/,AVAILABLE}{jar:file:/home/runner/.m2/repository/org/apache/ozone/hdds-container-service/1.5.0-SNAPSHOT/hdds-container-service-1.5.0-SNAPSHOT.jar!/webapps/hddsDatanode}
2024-03-11 08:30:17,604 [main] INFO  server.AbstractConnector (AbstractConnector.java:doStart(333)) - Started ServerConnector@3f1b17c4{HTTP/1.1, (http/1.1)}{0.0.0.0:15112}
2024-03-11 08:30:17,604 [main] INFO  server.Server (Server.java:doStart(415)) - Started @232375ms
2024-03-11 08:30:17,604 [main] WARN  impl.MetricsSystemImpl (MetricsSystemImpl.java:register(279)) - Sink prometheus already exists!
2024-03-11 08:30:17,605 [main] INFO  http.BaseHttpServer (BaseHttpServer.java:updateConnectorAddress(354)) - HTTP server of hddsDatanode listening at http://0.0.0.0:15112
2024-03-11 08:30:17,605 [main] INFO  ipc.CallQueueManager (CallQueueManager.java:<init>(90)) - Using callQueue: class java.util.concurrent.LinkedBlockingQueue, queueCapacity: 100, scheduler: class org.apache.hadoop.ipc.DefaultRpcScheduler, ipcBackoff: false.
2024-03-11 08:30:17,605 [main] INFO  ipc.Server (Server.java:<init>(1287)) - Listener at 0.0.0.0:15113
2024-03-11 08:30:17,606 [Socket Reader #1 for port 15113] INFO  ipc.Server (Server.java:run(1323)) - Starting Socket Reader #1 for port 15113
2024-03-11 08:30:17,610 [main] INFO  ozone.HddsDatanodeService (HddsDatanodeService.java:start(327)) - Datanode start with admins: [*, runner]
2024-03-11 08:30:17,610 [main] INFO  ozone.HddsDatanodeClientProtocolServer (HddsDatanodeClientProtocolServer.java:start(77)) - RPC server for Client /0.0.0.0:15113
2024-03-11 08:30:17,610 [IPC Server Responder] INFO  ipc.Server (Server.java:run(1562)) - IPC Server Responder: starting
2024-03-11 08:30:17,611 [IPC Server listener on 15113] INFO  ipc.Server (Server.java:run(1402)) - IPC Server listener on 15113: starting
2024-03-11 08:30:17,612 [bb566799-e1ae-4992-bd76-01dcb769e72e-DatanodeStateMachineDaemonThread] INFO  statemachine.DatanodeStateMachine (DatanodeStateMachine.java:lambda$startDaemon$1(555)) - Ozone container server started.
2024-03-11 08:30:17,612 [main] WARN  dropwizard3.Dm3MetricRegistriesImpl (Dm3MetricRegistriesImpl.java:addReporterRegistration(113)) - New reporters are added after registries were created. Some metrics will be missing from the reporter. Please add reporter before adding any new registry.
2024-03-11 08:30:17,613 [main] WARN  dropwizard3.Dm3MetricRegistriesImpl (Dm3MetricRegistriesImpl.java:addReporterRegistration(113)) - New reporters are added after registries were created. Some metrics will be missing from the reporter. Please add reporter before adding any new registry.
2024-03-11 08:30:17,613 [main] INFO  impl.MetricsSystemImpl (MetricsSystemImpl.java:init(158)) - HddsDatanode metrics system started (again)
2024-03-11 08:30:17,615 [bb566799-e1ae-4992-bd76-01dcb769e72e-DatanodeStateMachineTaskThread-0] INFO  datanode.InitDatanodeState (InitDatanodeState.java:persistContainerDatanodeDetails(139)) - DatanodeDetails is persisted to /home/runner/work/ozone/ozone/hadoop-ozone/integration-test/target/test-dir/MiniOzoneClusterImpl-b8fac49e-ce79-4459-ae7b-186efce8cd22/ozone-meta/datanode-2/meta/datanode.id
2024-03-11 08:30:17,621 [main] INFO  ozone.HddsDatanodeService (HddsDatanodeService.java:start(240)) - HddsDatanodeService host:fv-az1250-130.ebmzynhy2g4u3nwuixrszff3we.cx.internal.cloudapp.net ip:10.1.0.9
2024-03-11 08:30:17,639 [main] INFO  upgrade.AbstractLayoutVersionManager (AbstractLayoutVersionManager.java:init(83)) - Initializing Layout version manager with metadata layout = HADOOP_PRC_PORTS_IN_DATANODEDETAILS (version = 7), software layout = HADOOP_PRC_PORTS_IN_DATANODEDETAILS (version = 7)
2024-03-11 08:30:17,639 [main] INFO  statemachine.DatanodeStateMachine (DatanodeStateMachine.java:getEndPointTaskThreadPoolSize(299)) - Datanode State Machine Task Thread Pool size 2
2024-03-11 08:30:17,640 [main] INFO  volume.HddsVolume (HddsVolume.java:<init>(125)) - Creating HddsVolume: /home/runner/work/ozone/ozone/hadoop-ozone/integration-test/target/test-dir/MiniOzoneClusterImpl-b8fac49e-ce79-4459-ae7b-186efce8cd22/ozone-meta/datanode-3/data-0/hdds of storage type : DISK capacity : 9223372036854775807
2024-03-11 08:30:17,640 [main] INFO  volume.MutableVolumeSet (MutableVolumeSet.java:initializeVolumeSet(173)) - Added Volume : /home/runner/work/ozone/ozone/hadoop-ozone/integration-test/target/test-dir/MiniOzoneClusterImpl-b8fac49e-ce79-4459-ae7b-186efce8cd22/ozone-meta/datanode-3/data-0/hdds to VolumeSet
2024-03-11 08:30:17,641 [main] INFO  volume.MutableVolumeSet (MutableVolumeSet.java:initializeVolumeSet(173)) - Added Volume : /home/runner/work/ozone/ozone/hadoop-ozone/integration-test/target/test-dir/MiniOzoneClusterImpl-b8fac49e-ce79-4459-ae7b-186efce8cd22/ozone-meta/datanode-3/ratis to VolumeSet
2024-03-11 08:30:17,641 [main] INFO  ozoneimpl.OzoneContainer (HddsVolumeUtil.java:loadAllHddsVolumeDbStore(103)) - Load 1 volumes DbStore cost: 0ms
2024-03-11 08:30:17,642 [main] INFO  server.RaftServer (ConfUtils.java:logGet(46)) - raft.rpc.type = GRPC (default)
2024-03-11 08:30:17,642 [main] INFO  grpc.GrpcConfigKeys (ConfUtils.java:logFallback(53)) - raft.grpc.admin.host = null (fallback to raft.grpc.server.host)
2024-03-11 08:30:17,643 [main] INFO  grpc.GrpcConfigKeys (ConfUtils.java:logGet(46)) - raft.grpc.admin.port = 15125 (custom)
2024-03-11 08:30:17,643 [main] INFO  grpc.GrpcConfigKeys (ConfUtils.java:logFallback(53)) - raft.grpc.client.host = null (fallback to raft.grpc.server.host)
2024-03-11 08:30:17,643 [main] INFO  grpc.GrpcConfigKeys (ConfUtils.java:logGet(46)) - raft.grpc.client.port = 15124 (custom)
2024-03-11 08:30:17,643 [main] INFO  grpc.GrpcConfigKeys (ConfUtils.java:logGet(46)) - raft.grpc.server.host = null (default)
2024-03-11 08:30:17,643 [main] INFO  grpc.GrpcConfigKeys (ConfUtils.java:logGet(46)) - raft.grpc.server.port = 15126 (custom)
2024-03-11 08:30:17,643 [main] INFO  server.GrpcService (ConfUtils.java:logGet(46)) - raft.grpc.message.size.max = 32MB (=33554432) (custom)
2024-03-11 08:30:17,643 [main] INFO  server.RaftServerConfigKeys (ConfUtils.java:logGet(46)) - raft.server.log.appender.buffer.byte-limit = 8388608 (custom)
2024-03-11 08:30:17,643 [main] INFO  server.GrpcService (ConfUtils.java:logGet(46)) - raft.grpc.flow.control.window = 5MB (=5242880) (custom)
2024-03-11 08:30:17,643 [main] INFO  server.RaftServerConfigKeys (ConfUtils.java:logGet(46)) - raft.server.rpc.request.timeout = 60s (custom)
2024-03-11 08:30:17,643 [main] INFO  grpc.GrpcConfigKeys (ConfUtils.java:logGet(46)) - raft.grpc.server.heartbeat.channel = true (default)
2024-03-11 08:30:17,644 [main] INFO  grpc.GrpcConfigKeys (ConfUtils.java:logGet(46)) - raft.grpc.server.async.request.thread.pool.cached = true (default)
2024-03-11 08:30:17,644 [main] INFO  grpc.GrpcConfigKeys (ConfUtils.java:logGet(46)) - raft.grpc.server.async.request.thread.pool.size = 32 (default)
2024-03-11 08:30:17,645 [main] INFO  impl.DataStreamServerImpl (ConfUtils.java:logGet(46)) - raft.datastream.type = NETTY (custom)
2024-03-11 08:30:17,646 [main] INFO  server.RaftServerConfigKeys (ConfUtils.java:logGet(46)) - raft.server.data-stream.async.request.thread.pool.cached = false (default)
2024-03-11 08:30:17,646 [main] INFO  server.RaftServerConfigKeys (ConfUtils.java:logGet(46)) - raft.server.data-stream.async.request.thread.pool.size = 20 (custom)
2024-03-11 08:30:17,646 [main] INFO  server.RaftServerConfigKeys (ConfUtils.java:logGet(46)) - raft.server.data-stream.async.write.thread.pool.size = 16 (default)
2024-03-11 08:30:17,646 [main] INFO  netty.NettyConfigKeys$DataStream (ConfUtils.java:logGet(46)) - raft.netty.dataStream.server.channel.inactive.grace-period = 10min (default)
2024-03-11 08:30:17,646 [main] INFO  server.RaftServerConfigKeys (ConfUtils.java:logGet(46)) - raft.server.data-stream.client.pool.size = 10 (default)
2024-03-11 08:30:17,646 [main] INFO  netty.NettyConfigKeys$DataStream (ConfUtils.java:logGet(46)) - raft.netty.dataStream.server.use-epoll = true (default)
2024-03-11 08:30:17,646 [main] INFO  netty.NettyConfigKeys$DataStream (ConfUtils.java:logGet(46)) - raft.netty.dataStream.server.boss-group.size = 0 (default)
2024-03-11 08:30:17,646 [main] INFO  netty.NettyUtils (NettyUtils.java:newEventLoopGroup(69)) - Create EpollEventLoopGroup for 967f1ad7-197c-4537-b9a2-0e766318884f-NettyServerStreamRpc-bossGroup; Thread size is 0.
2024-03-11 08:30:17,647 [main] INFO  netty.NettyConfigKeys$DataStream (ConfUtils.java:logGet(46)) - raft.netty.dataStream.server.worker-group.size = 0 (default)
2024-03-11 08:30:17,647 [main] INFO  netty.NettyUtils (NettyUtils.java:newEventLoopGroup(69)) - Create EpollEventLoopGroup for 967f1ad7-197c-4537-b9a2-0e766318884f-NettyServerStreamRpc-workerGroup; Thread size is 0.
2024-03-11 08:30:17,647 [main] INFO  netty.NettyConfigKeys$DataStream (ConfUtils.java:logGet(46)) - raft.netty.dataStream.server.tls.conf = null (default)
2024-03-11 08:30:17,647 [main] INFO  netty.NettyConfigKeys$DataStream (ConfUtils.java:logGet(46)) - raft.netty.dataStream.host = null (default)
2024-03-11 08:30:17,647 [main] INFO  netty.NettyConfigKeys$DataStream (ConfUtils.java:logGet(46)) - raft.netty.dataStream.port = 15127 (custom)
2024-03-11 08:30:17,648 [main] INFO  server.RaftServerConfigKeys (ConfUtils.java:logGet(46)) - raft.server.sleep.deviation.threshold = 300ms (default)
2024-03-11 08:30:17,648 [main] INFO  server.RaftServerConfigKeys (ConfUtils.java:logGet(46)) - raft.server.close.threshold = 60s (default)
2024-03-11 08:30:17,648 [967f1ad7-197c-4537-b9a2-0e766318884f-NettyServerStreamRpc-bossGroup--thread1] INFO  logging.LoggingHandler (AbstractInternalLogger.java:log(148)) - [id: 0x8eb5ec23] REGISTERED
2024-03-11 08:30:17,648 [main] INFO  server.RaftServerConfigKeys (ConfUtils.java:logGet(46)) - raft.server.leaderelection.leader.step-down.wait-time = 10s (default)
2024-03-11 08:30:17,648 [967f1ad7-197c-4537-b9a2-0e766318884f-NettyServerStreamRpc-bossGroup--thread1] INFO  logging.LoggingHandler (AbstractInternalLogger.java:log(148)) - [id: 0x8eb5ec23] BIND: 0.0.0.0/0.0.0.0:15127
2024-03-11 08:30:17,648 [main] INFO  server.RaftServerConfigKeys (ConfUtils.java:logGet(46)) - raft.server.storage.dir = [/home/runner/work/ozone/ozone/hadoop-ozone/integration-test/target/test-dir/MiniOzoneClusterImpl-b8fac49e-ce79-4459-ae7b-186efce8cd22/ozone-meta/datanode-3/ratis] (custom)
2024-03-11 08:30:17,648 [967f1ad7-197c-4537-b9a2-0e766318884f-NettyServerStreamRpc-bossGroup--thread1] INFO  logging.LoggingHandler (AbstractInternalLogger.java:log(148)) - [id: 0x8eb5ec23, L:/0.0.0.0:15127] ACTIVE
2024-03-11 08:30:17,648 [main] INFO  server.RaftServerConfigKeys (ConfUtils.java:logGet(46)) - raft.server.threadpool.proxy.cached = true (default)
2024-03-11 08:30:17,649 [main] INFO  server.RaftServerConfigKeys (ConfUtils.java:logGet(46)) - raft.server.threadpool.proxy.size = 0 (default)
2024-03-11 08:30:17,649 [967f1ad7-197c-4537-b9a2-0e766318884f-impl-thread1] INFO  server.RaftServer (RaftServerProxy.java:initGroupDir(264)) - 967f1ad7-197c-4537-b9a2-0e766318884f: found a subdirectory /home/runner/work/ozone/ozone/hadoop-ozone/integration-test/target/test-dir/MiniOzoneClusterImpl-b8fac49e-ce79-4459-ae7b-186efce8cd22/ozone-meta/datanode-3/ratis/tmp
2024-03-11 08:30:17,649 [967f1ad7-197c-4537-b9a2-0e766318884f-impl-thread1] INFO  server.RaftServer (RaftServerProxy.java:initGroupDir(269)) - 967f1ad7-197c-4537-b9a2-0e766318884f: The directory /home/runner/work/ozone/ozone/hadoop-ozone/integration-test/target/test-dir/MiniOzoneClusterImpl-b8fac49e-ce79-4459-ae7b-186efce8cd22/ozone-meta/datanode-3/ratis/tmp is not a group directory; ignoring it. 
2024-03-11 08:30:17,649 [main] INFO  replication.ReplicationServer (ReplicationServer.java:<init>(86)) - Initializing replication server with thread count = 10 queue length = 4096
2024-03-11 08:30:17,650 [main] INFO  server.XceiverServerGrpc (XceiverServerGrpc.java:<init>(141)) - GrpcServer channel type EpollServerSocketChannel
2024-03-11 08:30:17,653 [main] INFO  replication.ReplicationSupervisor (ReplicationSupervisor.java:build(163)) - Initializing replication supervisor with thread count = 10
2024-03-11 08:30:17,653 [main] INFO  replication.ReplicationSupervisor (ReplicationSupervisor.java:nodeStateUpdated(317)) - Node state updated to IN_SERVICE, scaling executor pool size to 10
2024-03-11 08:30:17,655 [main] INFO  http.BaseHttpServer (BaseHttpServer.java:newHttpServer2BuilderForOzone(223)) - Starting Web-server for hddsDatanode at: http://0.0.0.0:15121
2024-03-11 08:30:17,655 [main] INFO  http.BaseHttpServer (BaseHttpServer.java:<init>(110)) - Hadoop Security Enabled: false Ozone Security Enabled: false Ozone HTTP Security Enabled: false 
2024-03-11 08:30:17,656 [main] WARN  server.AuthenticationFilter (AuthenticationFilter.java:constructSecretProvider(240)) - Unable to initialize FileSignerSecretProvider, falling back to use random secrets. Reason: Could not read signature secret file: /home/runner/hadoop-http-auth-signature-secret
2024-03-11 08:30:17,656 [main] INFO  http.HttpRequestLog (HttpRequestLog.java:getRequestLog(86)) - Http request log for http.requests.hddsDatanode is not defined
2024-03-11 08:30:17,657 [main] INFO  http.HttpServer2 (HttpServer2.java:addGlobalFilter(1036)) - Added global filter 'safety' (class=org.apache.hadoop.hdds.server.http.HttpServer2$QuotingInputFilter)
2024-03-11 08:30:17,658 [main] INFO  http.HttpServer2 (HttpServer2.java:addFilter(1012)) - Added filter static_user_filter (class=org.apache.hadoop.http.lib.StaticUserWebFilter$StaticUserFilter) to context hddsDatanode
2024-03-11 08:30:17,658 [main] INFO  http.HttpServer2 (HttpServer2.java:addFilter(1020)) - Added filter static_user_filter (class=org.apache.hadoop.http.lib.StaticUserWebFilter$StaticUserFilter) to context static
2024-03-11 08:30:17,658 [main] INFO  http.HttpServer2 (HttpServer2.java:addFilter(1020)) - Added filter static_user_filter (class=org.apache.hadoop.http.lib.StaticUserWebFilter$StaticUserFilter) to context logs
2024-03-11 08:30:17,658 [main] INFO  http.BaseHttpServer (BaseHttpServer.java:<init>(189)) - HTTP server of hddsDatanode uses base directory /home/runner/work/ozone/ozone/hadoop-ozone/integration-test/target/test-dir/MiniOzoneClusterImpl-b8fac49e-ce79-4459-ae7b-186efce8cd22/ozone-meta/datanode-3/meta/webserver
2024-03-11 08:30:17,659 [main] INFO  http.HttpServer2 (HttpServer2.java:bindListener(1236)) - Jetty bound to port 15121
2024-03-11 08:30:17,659 [main] INFO  server.Server (Server.java:doStart(375)) - jetty-9.4.53.v20231009; built: 2023-10-09T12:29:09.265Z; git: 27bde00a0b95a1d5bbee0eae7984f891d2d0f8c9; jvm 1.8.0_402-b06
2024-03-11 08:30:17,660 [main] INFO  server.session (DefaultSessionIdManager.java:doStart(334)) - DefaultSessionIdManager workerName=node0
2024-03-11 08:30:17,660 [main] INFO  server.session (DefaultSessionIdManager.java:doStart(339)) - No SessionScavenger set, using defaults
2024-03-11 08:30:17,660 [main] INFO  server.session (HouseKeeper.java:startScavenging(132)) - node0 Scavenging every 660000ms
2024-03-11 08:30:17,661 [main] INFO  handler.ContextHandler (ContextHandler.java:doStart(921)) - Started o.e.j.s.ServletContextHandler@715ecbe8{logs,/logs,file:///home/runner/work/ozone/ozone/hadoop-ozone/integration-test/target/log,AVAILABLE}
2024-03-11 08:30:17,661 [main] INFO  handler.ContextHandler (ContextHandler.java:doStart(921)) - Started o.e.j.s.ServletContextHandler@475d6448{static,/static,jar:file:/home/runner/.m2/repository/org/apache/ozone/hdds-container-service/1.5.0-SNAPSHOT/hdds-container-service-1.5.0-SNAPSHOT.jar!/webapps/static,AVAILABLE}
2024-03-11 08:30:17,694 [main] INFO  handler.ContextHandler (ContextHandler.java:doStart(921)) - Started o.e.j.w.WebAppContext@709950a2{hddsDatanode,/,file:///home/runner/work/ozone/ozone/hadoop-ozone/integration-test/target/test-dir/MiniOzoneClusterImpl-b8fac49e-ce79-4459-ae7b-186efce8cd22/ozone-meta/datanode-3/meta/webserver/jetty-0_0_0_0-15121-hdds-container-service-1_5_0-SNAPSHOT_jar-_-any-1000466503033171119/webapp/,AVAILABLE}{jar:file:/home/runner/.m2/repository/org/apache/ozone/hdds-container-service/1.5.0-SNAPSHOT/hdds-container-service-1.5.0-SNAPSHOT.jar!/webapps/hddsDatanode}
2024-03-11 08:30:17,695 [main] INFO  server.AbstractConnector (AbstractConnector.java:doStart(333)) - Started ServerConnector@32e4796c{HTTP/1.1, (http/1.1)}{0.0.0.0:15121}
2024-03-11 08:30:17,695 [main] INFO  server.Server (Server.java:doStart(415)) - Started @232466ms
2024-03-11 08:30:17,695 [main] WARN  impl.MetricsSystemImpl (MetricsSystemImpl.java:register(279)) - Sink prometheus already exists!
2024-03-11 08:30:17,696 [main] INFO  http.BaseHttpServer (BaseHttpServer.java:updateConnectorAddress(354)) - HTTP server of hddsDatanode listening at http://0.0.0.0:15121
2024-03-11 08:30:17,696 [main] INFO  ipc.CallQueueManager (CallQueueManager.java:<init>(90)) - Using callQueue: class java.util.concurrent.LinkedBlockingQueue, queueCapacity: 100, scheduler: class org.apache.hadoop.ipc.DefaultRpcScheduler, ipcBackoff: false.
2024-03-11 08:30:17,696 [main] INFO  ipc.Server (Server.java:<init>(1287)) - Listener at 0.0.0.0:15122
2024-03-11 08:30:17,697 [Socket Reader #1 for port 15122] INFO  ipc.Server (Server.java:run(1323)) - Starting Socket Reader #1 for port 15122
2024-03-11 08:30:17,702 [main] INFO  ozone.HddsDatanodeService (HddsDatanodeService.java:start(327)) - Datanode start with admins: [*, runner]
2024-03-11 08:30:17,702 [main] INFO  ozone.HddsDatanodeClientProtocolServer (HddsDatanodeClientProtocolServer.java:start(77)) - RPC server for Client /0.0.0.0:15122
2024-03-11 08:30:17,702 [IPC Server Responder] INFO  ipc.Server (Server.java:run(1562)) - IPC Server Responder: starting
2024-03-11 08:30:17,702 [IPC Server listener on 15122] INFO  ipc.Server (Server.java:run(1402)) - IPC Server listener on 15122: starting
2024-03-11 08:30:17,706 [967f1ad7-197c-4537-b9a2-0e766318884f-DatanodeStateMachineDaemonThread] INFO  statemachine.DatanodeStateMachine (DatanodeStateMachine.java:lambda$startDaemon$1(555)) - Ozone container server started.
2024-03-11 08:30:17,706 [main] INFO  ozone.MiniOzoneClusterImpl (MiniOzoneClusterImpl.java:lambda$waitForClusterToBeReady$0(194)) - Waiting for nodes to be ready. Got 0 of 3 DN Heartbeats.
2024-03-11 08:30:17,707 [main] INFO  ozone.MiniOzoneClusterImpl (MiniOzoneClusterImpl.java:lambda$waitForClusterToBeReady$0(197)) - Waiting for cluster to exit safe mode
2024-03-11 08:30:17,707 [main] INFO  ozone.MiniOzoneClusterImpl (MiniOzoneClusterImpl.java:lambda$waitForClusterToBeReady$0(199)) - SCM became leader
2024-03-11 08:30:17,711 [967f1ad7-197c-4537-b9a2-0e766318884f-DatanodeStateMachineTaskThread-0] INFO  datanode.InitDatanodeState (InitDatanodeState.java:persistContainerDatanodeDetails(139)) - DatanodeDetails is persisted to /home/runner/work/ozone/ozone/hadoop-ozone/integration-test/target/test-dir/MiniOzoneClusterImpl-b8fac49e-ce79-4459-ae7b-186efce8cd22/ozone-meta/datanode-3/meta/datanode.id
2024-03-11 08:30:17,995 [omNode-3@group-523986131536-StateMachineUpdater] INFO  ratis.OzoneManagerStateMachine (OzoneManagerStateMachine.java:notifyConfigurationChanged(198)) - Received Configuration change notification from Ratis. New Peer list:
[id: "omNode-3"
address: "localhost:15101"
startupRole: FOLLOWER
, id: "omNode-1"
address: "localhost:15093"
startupRole: FOLLOWER
, id: "omNode-2"
address: "localhost:15097"
startupRole: FOLLOWER
]
2024-03-11 08:30:18,006 [omNode-2@group-523986131536-StateMachineUpdater] INFO  ratis.OzoneManagerStateMachine (OzoneManagerStateMachine.java:notifyConfigurationChanged(198)) - Received Configuration change notification from Ratis. New Peer list:
[id: "omNode-3"
address: "localhost:15101"
startupRole: FOLLOWER
, id: "omNode-1"
address: "localhost:15093"
startupRole: FOLLOWER
, id: "omNode-2"
address: "localhost:15097"
startupRole: FOLLOWER
]
2024-03-11 08:30:18,707 [main] INFO  ozone.MiniOzoneClusterImpl (MiniOzoneClusterImpl.java:lambda$waitForClusterToBeReady$0(194)) - Waiting for nodes to be ready. Got 0 of 3 DN Heartbeats.
2024-03-11 08:30:18,707 [main] INFO  ozone.MiniOzoneClusterImpl (MiniOzoneClusterImpl.java:lambda$waitForClusterToBeReady$0(197)) - Waiting for cluster to exit safe mode
2024-03-11 08:30:18,708 [main] INFO  ozone.MiniOzoneClusterImpl (MiniOzoneClusterImpl.java:lambda$waitForClusterToBeReady$0(199)) - SCM became leader
2024-03-11 08:30:19,554 [445f6805-f50a-41ff-88e3-3279a5cf9951-EndpointStateMachineTaskThread-/0.0.0.0:15088-0 ] INFO  utils.DatanodeStoreCache (DatanodeStoreCache.java:addDB(72)) - Added db /home/runner/work/ozone/ozone/hadoop-ozone/integration-test/target/test-dir/MiniOzoneClusterImpl-b8fac49e-ce79-4459-ae7b-186efce8cd22/ozone-meta/datanode-1/data-0/hdds/b8fac49e-ce79-4459-ae7b-186efce8cd22/DS-4e3ff6fb-3d87-4cd1-b189-c79c68d86b4f/container.db to cache
2024-03-11 08:30:19,554 [445f6805-f50a-41ff-88e3-3279a5cf9951-EndpointStateMachineTaskThread-/0.0.0.0:15088-0 ] INFO  volume.HddsVolume (HddsVolume.java:createDbStore(420)) - SchemaV3 db is created and loaded at /home/runner/work/ozone/ozone/hadoop-ozone/integration-test/target/test-dir/MiniOzoneClusterImpl-b8fac49e-ce79-4459-ae7b-186efce8cd22/ozone-meta/datanode-1/data-0/hdds/b8fac49e-ce79-4459-ae7b-186efce8cd22/DS-4e3ff6fb-3d87-4cd1-b189-c79c68d86b4f/container.db for volume DS-4e3ff6fb-3d87-4cd1-b189-c79c68d86b4f
2024-03-11 08:30:19,557 [445f6805-f50a-41ff-88e3-3279a5cf9951-ContainerReader-0] INFO  ozoneimpl.ContainerReader (ContainerReader.java:readVolume(148)) - Start to verify containers on volume /home/runner/work/ozone/ozone/hadoop-ozone/integration-test/target/test-dir/MiniOzoneClusterImpl-b8fac49e-ce79-4459-ae7b-186efce8cd22/ozone-meta/datanode-1/data-0/hdds
2024-03-11 08:30:19,557 [445f6805-f50a-41ff-88e3-3279a5cf9951-ContainerReader-0] INFO  ozoneimpl.ContainerReader (ContainerReader.java:readVolume(178)) - Finish verifying containers on volume /home/runner/work/ozone/ozone/hadoop-ozone/integration-test/target/test-dir/MiniOzoneClusterImpl-b8fac49e-ce79-4459-ae7b-186efce8cd22/ozone-meta/datanode-1/data-0/hdds
2024-03-11 08:30:19,557 [445f6805-f50a-41ff-88e3-3279a5cf9951-EndpointStateMachineTaskThread-/0.0.0.0:15088-0 ] INFO  ozoneimpl.OzoneContainer (OzoneContainer.java:buildContainerSet(328)) - Build ContainerSet costs 0s
2024-03-11 08:30:19,557 [445f6805-f50a-41ff-88e3-3279a5cf9951-EndpointStateMachineTaskThread-/0.0.0.0:15088-0 ] INFO  volume.ThrottledAsyncChecker (ThrottledAsyncChecker.java:schedule(141)) - Scheduling a check for /home/runner/work/ozone/ozone/hadoop-ozone/integration-test/target/test-dir/MiniOzoneClusterImpl-b8fac49e-ce79-4459-ae7b-186efce8cd22/ozone-meta/datanode-1/data-0/hdds
2024-03-11 08:30:19,557 [445f6805-f50a-41ff-88e3-3279a5cf9951-EndpointStateMachineTaskThread-/0.0.0.0:15088-0 ] INFO  volume.StorageVolumeChecker (StorageVolumeChecker.java:checkAllVolumes(218)) - Scheduled health check for volume /home/runner/work/ozone/ozone/hadoop-ozone/integration-test/target/test-dir/MiniOzoneClusterImpl-b8fac49e-ce79-4459-ae7b-186efce8cd22/ozone-meta/datanode-1/data-0/hdds
2024-03-11 08:30:19,559 [445f6805-f50a-41ff-88e3-3279a5cf9951-EndpointStateMachineTaskThread-/0.0.0.0:15088-0 ] INFO  volume.ThrottledAsyncChecker (ThrottledAsyncChecker.java:schedule(141)) - Scheduling a check for /home/runner/work/ozone/ozone/hadoop-ozone/integration-test/target/test-dir/MiniOzoneClusterImpl-b8fac49e-ce79-4459-ae7b-186efce8cd22/ozone-meta/datanode-1/ratis
2024-03-11 08:30:19,559 [445f6805-f50a-41ff-88e3-3279a5cf9951-EndpointStateMachineTaskThread-/0.0.0.0:15088-0 ] INFO  volume.StorageVolumeChecker (StorageVolumeChecker.java:checkAllVolumes(218)) - Scheduled health check for volume /home/runner/work/ozone/ozone/hadoop-ozone/integration-test/target/test-dir/MiniOzoneClusterImpl-b8fac49e-ce79-4459-ae7b-186efce8cd22/ozone-meta/datanode-1/ratis
2024-03-11 08:30:19,560 [445f6805-f50a-41ff-88e3-3279a5cf9951-EndpointStateMachineTaskThread-/0.0.0.0:15088-0 ] INFO  ozoneimpl.OzoneContainer (OzoneContainer.java:start(459)) - Attempting to start container services.
2024-03-11 08:30:19,561 [445f6805-f50a-41ff-88e3-3279a5cf9951-EndpointStateMachineTaskThread-/0.0.0.0:15088-0 ] INFO  ozoneimpl.OzoneContainer (OzoneContainer.java:startContainerScrub(339)) - Scheduled background container scanners and the on-demand container scanner have been disabled.
2024-03-11 08:30:19,562 [445f6805-f50a-41ff-88e3-3279a5cf9951-EndpointStateMachineTaskThread-/0.0.0.0:15088-0 ] INFO  replication.ReplicationServer (ReplicationServer.java:start(142)) - ReplicationServer is started using port 15110
2024-03-11 08:30:19,562 [445f6805-f50a-41ff-88e3-3279a5cf9951-EndpointStateMachineTaskThread-/0.0.0.0:15088-0 ] INFO  ratis.XceiverServerRatis (XceiverServerRatis.java:start(566)) - Starting XceiverServerRatis 445f6805-f50a-41ff-88e3-3279a5cf9951
2024-03-11 08:30:19,562 [445f6805-f50a-41ff-88e3-3279a5cf9951-EndpointStateMachineTaskThread-/0.0.0.0:15088-0 ] INFO  server.RaftServer (RaftServerProxy.java:startImpl(406)) - 445f6805-f50a-41ff-88e3-3279a5cf9951: start RPC server
2024-03-11 08:30:19,563 [445f6805-f50a-41ff-88e3-3279a5cf9951-EndpointStateMachineTaskThread-/0.0.0.0:15088-0 ] INFO  server.GrpcService (GrpcService.java:startImpl(302)) - 445f6805-f50a-41ff-88e3-3279a5cf9951: GrpcService started, listening on 15106
2024-03-11 08:30:19,564 [445f6805-f50a-41ff-88e3-3279a5cf9951-EndpointStateMachineTaskThread-/0.0.0.0:15088-0 ] INFO  server.GrpcService (GrpcService.java:startImpl(302)) - 445f6805-f50a-41ff-88e3-3279a5cf9951: GrpcService started, listening on 15108
2024-03-11 08:30:19,564 [445f6805-f50a-41ff-88e3-3279a5cf9951-EndpointStateMachineTaskThread-/0.0.0.0:15088-0 ] INFO  server.GrpcService (GrpcService.java:startImpl(302)) - 445f6805-f50a-41ff-88e3-3279a5cf9951: GrpcService started, listening on 15107
2024-03-11 08:30:19,565 [445f6805-f50a-41ff-88e3-3279a5cf9951-EndpointStateMachineTaskThread-/0.0.0.0:15088-0 ] INFO  ratis.XceiverServerRatis (XceiverServerRatis.java:getRealPort(592)) - XceiverServerRatis 445f6805-f50a-41ff-88e3-3279a5cf9951 is started using port 15106 for RATIS
2024-03-11 08:30:19,565 [JvmPauseMonitor33] INFO  util.JvmPauseMonitor (JvmPauseMonitor.java:run(146)) - JvmPauseMonitor-445f6805-f50a-41ff-88e3-3279a5cf9951: Started
2024-03-11 08:30:19,565 [445f6805-f50a-41ff-88e3-3279a5cf9951-EndpointStateMachineTaskThread-/0.0.0.0:15088-0 ] INFO  ratis.XceiverServerRatis (XceiverServerRatis.java:getRealPort(592)) - XceiverServerRatis 445f6805-f50a-41ff-88e3-3279a5cf9951 is started using port 15107 for RATIS_ADMIN
2024-03-11 08:30:19,565 [445f6805-f50a-41ff-88e3-3279a5cf9951-EndpointStateMachineTaskThread-/0.0.0.0:15088-0 ] INFO  ratis.XceiverServerRatis (XceiverServerRatis.java:getRealPort(592)) - XceiverServerRatis 445f6805-f50a-41ff-88e3-3279a5cf9951 is started using port 15108 for RATIS_SERVER
2024-03-11 08:30:19,565 [445f6805-f50a-41ff-88e3-3279a5cf9951-EndpointStateMachineTaskThread-/0.0.0.0:15088-0 ] INFO  ratis.XceiverServerRatis (XceiverServerRatis.java:getRealPort(592)) - XceiverServerRatis 445f6805-f50a-41ff-88e3-3279a5cf9951 is started using port 15109 for RATIS_DATASTREAM
2024-03-11 08:30:19,566 [445f6805-f50a-41ff-88e3-3279a5cf9951-BlockDeletingService#0] INFO  interfaces.ContainerDeletionChoosingPolicyTemplate (ContainerDeletionChoosingPolicyTemplate.java:chooseContainerForBlockDeletion(85)) - Chosen 0/5000 blocks from 0 candidate containers.
2024-03-11 08:30:19,644 [bb566799-e1ae-4992-bd76-01dcb769e72e-EndpointStateMachineTaskThread-/0.0.0.0:15088-0 ] INFO  utils.DatanodeStoreCache (DatanodeStoreCache.java:addDB(72)) - Added db /home/runner/work/ozone/ozone/hadoop-ozone/integration-test/target/test-dir/MiniOzoneClusterImpl-b8fac49e-ce79-4459-ae7b-186efce8cd22/ozone-meta/datanode-2/data-0/hdds/b8fac49e-ce79-4459-ae7b-186efce8cd22/DS-bcc5cacd-dc90-427a-8af4-017fa68f6ce5/container.db to cache
2024-03-11 08:30:19,644 [bb566799-e1ae-4992-bd76-01dcb769e72e-EndpointStateMachineTaskThread-/0.0.0.0:15088-0 ] INFO  volume.HddsVolume (HddsVolume.java:createDbStore(420)) - SchemaV3 db is created and loaded at /home/runner/work/ozone/ozone/hadoop-ozone/integration-test/target/test-dir/MiniOzoneClusterImpl-b8fac49e-ce79-4459-ae7b-186efce8cd22/ozone-meta/datanode-2/data-0/hdds/b8fac49e-ce79-4459-ae7b-186efce8cd22/DS-bcc5cacd-dc90-427a-8af4-017fa68f6ce5/container.db for volume DS-bcc5cacd-dc90-427a-8af4-017fa68f6ce5
2024-03-11 08:30:19,646 [bb566799-e1ae-4992-bd76-01dcb769e72e-ContainerReader-0] INFO  ozoneimpl.ContainerReader (ContainerReader.java:readVolume(148)) - Start to verify containers on volume /home/runner/work/ozone/ozone/hadoop-ozone/integration-test/target/test-dir/MiniOzoneClusterImpl-b8fac49e-ce79-4459-ae7b-186efce8cd22/ozone-meta/datanode-2/data-0/hdds
2024-03-11 08:30:19,646 [bb566799-e1ae-4992-bd76-01dcb769e72e-ContainerReader-0] INFO  ozoneimpl.ContainerReader (ContainerReader.java:readVolume(178)) - Finish verifying containers on volume /home/runner/work/ozone/ozone/hadoop-ozone/integration-test/target/test-dir/MiniOzoneClusterImpl-b8fac49e-ce79-4459-ae7b-186efce8cd22/ozone-meta/datanode-2/data-0/hdds
2024-03-11 08:30:19,647 [bb566799-e1ae-4992-bd76-01dcb769e72e-EndpointStateMachineTaskThread-/0.0.0.0:15088-0 ] INFO  ozoneimpl.OzoneContainer (OzoneContainer.java:buildContainerSet(328)) - Build ContainerSet costs 0s
2024-03-11 08:30:19,647 [bb566799-e1ae-4992-bd76-01dcb769e72e-EndpointStateMachineTaskThread-/0.0.0.0:15088-0 ] INFO  volume.ThrottledAsyncChecker (ThrottledAsyncChecker.java:schedule(141)) - Scheduling a check for /home/runner/work/ozone/ozone/hadoop-ozone/integration-test/target/test-dir/MiniOzoneClusterImpl-b8fac49e-ce79-4459-ae7b-186efce8cd22/ozone-meta/datanode-2/data-0/hdds
2024-03-11 08:30:19,647 [bb566799-e1ae-4992-bd76-01dcb769e72e-EndpointStateMachineTaskThread-/0.0.0.0:15088-0 ] INFO  volume.StorageVolumeChecker (StorageVolumeChecker.java:checkAllVolumes(218)) - Scheduled health check for volume /home/runner/work/ozone/ozone/hadoop-ozone/integration-test/target/test-dir/MiniOzoneClusterImpl-b8fac49e-ce79-4459-ae7b-186efce8cd22/ozone-meta/datanode-2/data-0/hdds
2024-03-11 08:30:19,650 [bb566799-e1ae-4992-bd76-01dcb769e72e-EndpointStateMachineTaskThread-/0.0.0.0:15088-0 ] INFO  volume.ThrottledAsyncChecker (ThrottledAsyncChecker.java:schedule(141)) - Scheduling a check for /home/runner/work/ozone/ozone/hadoop-ozone/integration-test/target/test-dir/MiniOzoneClusterImpl-b8fac49e-ce79-4459-ae7b-186efce8cd22/ozone-meta/datanode-2/ratis
2024-03-11 08:30:19,650 [bb566799-e1ae-4992-bd76-01dcb769e72e-EndpointStateMachineTaskThread-/0.0.0.0:15088-0 ] INFO  volume.StorageVolumeChecker (StorageVolumeChecker.java:checkAllVolumes(218)) - Scheduled health check for volume /home/runner/work/ozone/ozone/hadoop-ozone/integration-test/target/test-dir/MiniOzoneClusterImpl-b8fac49e-ce79-4459-ae7b-186efce8cd22/ozone-meta/datanode-2/ratis
2024-03-11 08:30:19,651 [bb566799-e1ae-4992-bd76-01dcb769e72e-EndpointStateMachineTaskThread-/0.0.0.0:15088-0 ] INFO  ozoneimpl.OzoneContainer (OzoneContainer.java:start(459)) - Attempting to start container services.
2024-03-11 08:30:19,652 [bb566799-e1ae-4992-bd76-01dcb769e72e-EndpointStateMachineTaskThread-/0.0.0.0:15088-0 ] INFO  ozoneimpl.OzoneContainer (OzoneContainer.java:startContainerScrub(339)) - Scheduled background container scanners and the on-demand container scanner have been disabled.
2024-03-11 08:30:19,653 [bb566799-e1ae-4992-bd76-01dcb769e72e-EndpointStateMachineTaskThread-/0.0.0.0:15088-0 ] INFO  replication.ReplicationServer (ReplicationServer.java:start(142)) - ReplicationServer is started using port 15119
2024-03-11 08:30:19,653 [bb566799-e1ae-4992-bd76-01dcb769e72e-EndpointStateMachineTaskThread-/0.0.0.0:15088-0 ] INFO  ratis.XceiverServerRatis (XceiverServerRatis.java:start(566)) - Starting XceiverServerRatis bb566799-e1ae-4992-bd76-01dcb769e72e
2024-03-11 08:30:19,654 [bb566799-e1ae-4992-bd76-01dcb769e72e-EndpointStateMachineTaskThread-/0.0.0.0:15088-0 ] INFO  server.RaftServer (RaftServerProxy.java:startImpl(406)) - bb566799-e1ae-4992-bd76-01dcb769e72e: start RPC server
2024-03-11 08:30:19,655 [bb566799-e1ae-4992-bd76-01dcb769e72e-EndpointStateMachineTaskThread-/0.0.0.0:15088-0 ] INFO  server.GrpcService (GrpcService.java:startImpl(302)) - bb566799-e1ae-4992-bd76-01dcb769e72e: GrpcService started, listening on 15115
2024-03-11 08:30:19,655 [bb566799-e1ae-4992-bd76-01dcb769e72e-EndpointStateMachineTaskThread-/0.0.0.0:15088-0 ] INFO  server.GrpcService (GrpcService.java:startImpl(302)) - bb566799-e1ae-4992-bd76-01dcb769e72e: GrpcService started, listening on 15117
2024-03-11 08:30:19,656 [bb566799-e1ae-4992-bd76-01dcb769e72e-EndpointStateMachineTaskThread-/0.0.0.0:15088-0 ] INFO  server.GrpcService (GrpcService.java:startImpl(302)) - bb566799-e1ae-4992-bd76-01dcb769e72e: GrpcService started, listening on 15116
2024-03-11 08:30:19,656 [bb566799-e1ae-4992-bd76-01dcb769e72e-EndpointStateMachineTaskThread-/0.0.0.0:15088-0 ] INFO  ratis.XceiverServerRatis (XceiverServerRatis.java:getRealPort(592)) - XceiverServerRatis bb566799-e1ae-4992-bd76-01dcb769e72e is started using port 15115 for RATIS
2024-03-11 08:30:19,656 [JvmPauseMonitor34] INFO  util.JvmPauseMonitor (JvmPauseMonitor.java:run(146)) - JvmPauseMonitor-bb566799-e1ae-4992-bd76-01dcb769e72e: Started
2024-03-11 08:30:19,657 [bb566799-e1ae-4992-bd76-01dcb769e72e-EndpointStateMachineTaskThread-/0.0.0.0:15088-0 ] INFO  ratis.XceiverServerRatis (XceiverServerRatis.java:getRealPort(592)) - XceiverServerRatis bb566799-e1ae-4992-bd76-01dcb769e72e is started using port 15116 for RATIS_ADMIN
2024-03-11 08:30:19,657 [bb566799-e1ae-4992-bd76-01dcb769e72e-EndpointStateMachineTaskThread-/0.0.0.0:15088-0 ] INFO  ratis.XceiverServerRatis (XceiverServerRatis.java:getRealPort(592)) - XceiverServerRatis bb566799-e1ae-4992-bd76-01dcb769e72e is started using port 15117 for RATIS_SERVER
2024-03-11 08:30:19,657 [bb566799-e1ae-4992-bd76-01dcb769e72e-EndpointStateMachineTaskThread-/0.0.0.0:15088-0 ] INFO  ratis.XceiverServerRatis (XceiverServerRatis.java:getRealPort(592)) - XceiverServerRatis bb566799-e1ae-4992-bd76-01dcb769e72e is started using port 15118 for RATIS_DATASTREAM
2024-03-11 08:30:19,665 [bb566799-e1ae-4992-bd76-01dcb769e72e-BlockDeletingService#0] INFO  interfaces.ContainerDeletionChoosingPolicyTemplate (ContainerDeletionChoosingPolicyTemplate.java:chooseContainerForBlockDeletion(85)) - Chosen 0/5000 blocks from 0 candidate containers.
2024-03-11 08:30:19,708 [main] INFO  ozone.MiniOzoneClusterImpl (MiniOzoneClusterImpl.java:lambda$waitForClusterToBeReady$0(194)) - Waiting for nodes to be ready. Got 0 of 3 DN Heartbeats.
2024-03-11 08:30:19,708 [main] INFO  ozone.MiniOzoneClusterImpl (MiniOzoneClusterImpl.java:lambda$waitForClusterToBeReady$0(197)) - Waiting for cluster to exit safe mode
2024-03-11 08:30:19,708 [main] INFO  ozone.MiniOzoneClusterImpl (MiniOzoneClusterImpl.java:lambda$waitForClusterToBeReady$0(199)) - SCM became leader
2024-03-11 08:30:19,734 [967f1ad7-197c-4537-b9a2-0e766318884f-EndpointStateMachineTaskThread-/0.0.0.0:15088-0 ] INFO  utils.DatanodeStoreCache (DatanodeStoreCache.java:addDB(72)) - Added db /home/runner/work/ozone/ozone/hadoop-ozone/integration-test/target/test-dir/MiniOzoneClusterImpl-b8fac49e-ce79-4459-ae7b-186efce8cd22/ozone-meta/datanode-3/data-0/hdds/b8fac49e-ce79-4459-ae7b-186efce8cd22/DS-deb9a5c2-fb66-4ab3-9ae1-417af3bea78e/container.db to cache
2024-03-11 08:30:19,734 [967f1ad7-197c-4537-b9a2-0e766318884f-EndpointStateMachineTaskThread-/0.0.0.0:15088-0 ] INFO  volume.HddsVolume (HddsVolume.java:createDbStore(420)) - SchemaV3 db is created and loaded at /home/runner/work/ozone/ozone/hadoop-ozone/integration-test/target/test-dir/MiniOzoneClusterImpl-b8fac49e-ce79-4459-ae7b-186efce8cd22/ozone-meta/datanode-3/data-0/hdds/b8fac49e-ce79-4459-ae7b-186efce8cd22/DS-deb9a5c2-fb66-4ab3-9ae1-417af3bea78e/container.db for volume DS-deb9a5c2-fb66-4ab3-9ae1-417af3bea78e
2024-03-11 08:30:19,736 [967f1ad7-197c-4537-b9a2-0e766318884f-ContainerReader-0] INFO  ozoneimpl.ContainerReader (ContainerReader.java:readVolume(148)) - Start to verify containers on volume /home/runner/work/ozone/ozone/hadoop-ozone/integration-test/target/test-dir/MiniOzoneClusterImpl-b8fac49e-ce79-4459-ae7b-186efce8cd22/ozone-meta/datanode-3/data-0/hdds
2024-03-11 08:30:19,736 [967f1ad7-197c-4537-b9a2-0e766318884f-ContainerReader-0] INFO  ozoneimpl.ContainerReader (ContainerReader.java:readVolume(178)) - Finish verifying containers on volume /home/runner/work/ozone/ozone/hadoop-ozone/integration-test/target/test-dir/MiniOzoneClusterImpl-b8fac49e-ce79-4459-ae7b-186efce8cd22/ozone-meta/datanode-3/data-0/hdds
2024-03-11 08:30:19,736 [967f1ad7-197c-4537-b9a2-0e766318884f-EndpointStateMachineTaskThread-/0.0.0.0:15088-0 ] INFO  ozoneimpl.OzoneContainer (OzoneContainer.java:buildContainerSet(328)) - Build ContainerSet costs 0s
2024-03-11 08:30:19,736 [967f1ad7-197c-4537-b9a2-0e766318884f-EndpointStateMachineTaskThread-/0.0.0.0:15088-0 ] INFO  volume.ThrottledAsyncChecker (ThrottledAsyncChecker.java:schedule(141)) - Scheduling a check for /home/runner/work/ozone/ozone/hadoop-ozone/integration-test/target/test-dir/MiniOzoneClusterImpl-b8fac49e-ce79-4459-ae7b-186efce8cd22/ozone-meta/datanode-3/data-0/hdds
2024-03-11 08:30:19,737 [967f1ad7-197c-4537-b9a2-0e766318884f-EndpointStateMachineTaskThread-/0.0.0.0:15088-0 ] INFO  volume.StorageVolumeChecker (StorageVolumeChecker.java:checkAllVolumes(218)) - Scheduled health check for volume /home/runner/work/ozone/ozone/hadoop-ozone/integration-test/target/test-dir/MiniOzoneClusterImpl-b8fac49e-ce79-4459-ae7b-186efce8cd22/ozone-meta/datanode-3/data-0/hdds
2024-03-11 08:30:19,739 [967f1ad7-197c-4537-b9a2-0e766318884f-EndpointStateMachineTaskThread-/0.0.0.0:15088-0 ] INFO  volume.ThrottledAsyncChecker (ThrottledAsyncChecker.java:schedule(141)) - Scheduling a check for /home/runner/work/ozone/ozone/hadoop-ozone/integration-test/target/test-dir/MiniOzoneClusterImpl-b8fac49e-ce79-4459-ae7b-186efce8cd22/ozone-meta/datanode-3/ratis
2024-03-11 08:30:19,739 [967f1ad7-197c-4537-b9a2-0e766318884f-EndpointStateMachineTaskThread-/0.0.0.0:15088-0 ] INFO  volume.StorageVolumeChecker (StorageVolumeChecker.java:checkAllVolumes(218)) - Scheduled health check for volume /home/runner/work/ozone/ozone/hadoop-ozone/integration-test/target/test-dir/MiniOzoneClusterImpl-b8fac49e-ce79-4459-ae7b-186efce8cd22/ozone-meta/datanode-3/ratis
2024-03-11 08:30:19,740 [967f1ad7-197c-4537-b9a2-0e766318884f-EndpointStateMachineTaskThread-/0.0.0.0:15088-0 ] INFO  ozoneimpl.OzoneContainer (OzoneContainer.java:start(459)) - Attempting to start container services.
2024-03-11 08:30:19,740 [967f1ad7-197c-4537-b9a2-0e766318884f-EndpointStateMachineTaskThread-/0.0.0.0:15088-0 ] INFO  ozoneimpl.OzoneContainer (OzoneContainer.java:startContainerScrub(339)) - Scheduled background container scanners and the on-demand container scanner have been disabled.
2024-03-11 08:30:19,741 [967f1ad7-197c-4537-b9a2-0e766318884f-EndpointStateMachineTaskThread-/0.0.0.0:15088-0 ] INFO  replication.ReplicationServer (ReplicationServer.java:start(142)) - ReplicationServer is started using port 15128
2024-03-11 08:30:19,741 [967f1ad7-197c-4537-b9a2-0e766318884f-EndpointStateMachineTaskThread-/0.0.0.0:15088-0 ] INFO  ratis.XceiverServerRatis (XceiverServerRatis.java:start(566)) - Starting XceiverServerRatis 967f1ad7-197c-4537-b9a2-0e766318884f
2024-03-11 08:30:19,742 [967f1ad7-197c-4537-b9a2-0e766318884f-EndpointStateMachineTaskThread-/0.0.0.0:15088-0 ] INFO  server.RaftServer (RaftServerProxy.java:startImpl(406)) - 967f1ad7-197c-4537-b9a2-0e766318884f: start RPC server
2024-03-11 08:30:19,742 [967f1ad7-197c-4537-b9a2-0e766318884f-EndpointStateMachineTaskThread-/0.0.0.0:15088-0 ] INFO  server.GrpcService (GrpcService.java:startImpl(302)) - 967f1ad7-197c-4537-b9a2-0e766318884f: GrpcService started, listening on 15124
2024-03-11 08:30:19,743 [967f1ad7-197c-4537-b9a2-0e766318884f-EndpointStateMachineTaskThread-/0.0.0.0:15088-0 ] INFO  server.GrpcService (GrpcService.java:startImpl(302)) - 967f1ad7-197c-4537-b9a2-0e766318884f: GrpcService started, listening on 15126
2024-03-11 08:30:19,744 [967f1ad7-197c-4537-b9a2-0e766318884f-EndpointStateMachineTaskThread-/0.0.0.0:15088-0 ] INFO  server.GrpcService (GrpcService.java:startImpl(302)) - 967f1ad7-197c-4537-b9a2-0e766318884f: GrpcService started, listening on 15125
2024-03-11 08:30:19,744 [967f1ad7-197c-4537-b9a2-0e766318884f-EndpointStateMachineTaskThread-/0.0.0.0:15088-0 ] INFO  ratis.XceiverServerRatis (XceiverServerRatis.java:getRealPort(592)) - XceiverServerRatis 967f1ad7-197c-4537-b9a2-0e766318884f is started using port 15124 for RATIS
2024-03-11 08:30:19,744 [967f1ad7-197c-4537-b9a2-0e766318884f-EndpointStateMachineTaskThread-/0.0.0.0:15088-0 ] INFO  ratis.XceiverServerRatis (XceiverServerRatis.java:getRealPort(592)) - XceiverServerRatis 967f1ad7-197c-4537-b9a2-0e766318884f is started using port 15125 for RATIS_ADMIN
2024-03-11 08:30:19,744 [967f1ad7-197c-4537-b9a2-0e766318884f-EndpointStateMachineTaskThread-/0.0.0.0:15088-0 ] INFO  ratis.XceiverServerRatis (XceiverServerRatis.java:getRealPort(592)) - XceiverServerRatis 967f1ad7-197c-4537-b9a2-0e766318884f is started using port 15126 for RATIS_SERVER
2024-03-11 08:30:19,744 [967f1ad7-197c-4537-b9a2-0e766318884f-EndpointStateMachineTaskThread-/0.0.0.0:15088-0 ] INFO  ratis.XceiverServerRatis (XceiverServerRatis.java:getRealPort(592)) - XceiverServerRatis 967f1ad7-197c-4537-b9a2-0e766318884f is started using port 15127 for RATIS_DATASTREAM
2024-03-11 08:30:19,744 [JvmPauseMonitor35] INFO  util.JvmPauseMonitor (JvmPauseMonitor.java:run(146)) - JvmPauseMonitor-967f1ad7-197c-4537-b9a2-0e766318884f: Started
2024-03-11 08:30:19,746 [967f1ad7-197c-4537-b9a2-0e766318884f-BlockDeletingService#0] INFO  interfaces.ContainerDeletionChoosingPolicyTemplate (ContainerDeletionChoosingPolicyTemplate.java:chooseContainerForBlockDeletion(85)) - Chosen 0/5000 blocks from 0 candidate containers.
2024-03-11 08:30:20,708 [main] INFO  ozone.MiniOzoneClusterImpl (MiniOzoneClusterImpl.java:lambda$waitForClusterToBeReady$0(194)) - Waiting for nodes to be ready. Got 0 of 3 DN Heartbeats.
2024-03-11 08:30:20,709 [main] INFO  ozone.MiniOzoneClusterImpl (MiniOzoneClusterImpl.java:lambda$waitForClusterToBeReady$0(197)) - Waiting for cluster to exit safe mode
2024-03-11 08:30:20,709 [main] INFO  ozone.MiniOzoneClusterImpl (MiniOzoneClusterImpl.java:lambda$waitForClusterToBeReady$0(199)) - SCM became leader
2024-03-11 08:30:21,528 [IPC Server handler 1 on default port 15088] INFO  net.NetworkTopologyImpl (NetworkTopologyImpl.java:add(133)) - Added a new node: /default-rack/445f6805-f50a-41ff-88e3-3279a5cf9951
2024-03-11 08:30:21,529 [IPC Server handler 1 on default port 15088] INFO  node.SCMNodeManager (SCMNodeManager.java:register(421)) - Registered datanode: 445f6805-f50a-41ff-88e3-3279a5cf9951{ip: 10.1.0.9, host: fv-az1250-130.ebmzynhy2g4u3nwuixrszff3we.cx.internal.cloudapp.net, ports: [HTTP=15103, CLIENT_RPC=15104, REPLICATION=15110, RATIS=15106, RATIS_ADMIN=15107, RATIS_SERVER=15108, RATIS_DATASTREAM=15109, STANDALONE=15105], networkLocation: /default-rack, certSerialId: null, persistedOpState: null, persistedOpStateExpiryEpochSec: 0}
2024-03-11 08:30:21,533 [EventQueue-NewNodeForNewNodeHandler] INFO  pipeline.BackgroundPipelineCreator (BackgroundPipelineCreator.java:notifyEventTriggered(280)) - trigger a one-shot run on RatisPipelineUtilsThread.
2024-03-11 08:30:21,533 [EventQueue-NodeRegistrationContainerReportForContainerSafeModeRule] INFO  safemode.SCMSafeModeManager (SCMSafeModeManager.java:validateSafeModeExitRules(200)) - ContainerSafeModeRule rule is successfully validated
2024-03-11 08:30:21,534 [EventQueue-NodeRegistrationContainerReportForDataNodeSafeModeRule] INFO  safemode.SCMSafeModeManager (DataNodeSafeModeRule.java:process(71)) - SCM in safe mode. 1 DataNodes registered, 3 required.
2024-03-11 08:30:21,534 [RatisPipelineUtilsThread-0] INFO  pipeline.RatisPipelineProvider (RatisPipelineProvider.java:lambda$create$0(205)) - Sending CreatePipelineCommand for pipeline:PipelineID=c9d1749c-56e2-48e8-a1fd-39ed1ba538e9 to datanode:445f6805-f50a-41ff-88e3-3279a5cf9951
2024-03-11 08:30:21,535 [EventQueue-PipelineReportForOneReplicaPipelineSafeModeRule] INFO  safemode.SCMSafeModeManager (SCMSafeModeManager.java:validateSafeModeExitRules(200)) - AtleastOneDatanodeReportedRule rule is successfully validated
2024-03-11 08:30:21,536 [RatisPipelineUtilsThread-0] INFO  pipeline.BackgroundPipelineCreator (BackgroundPipelineCreator.java:createPipelines(236)) - Created new pipeline Pipeline[ Id: c9d1749c-56e2-48e8-a1fd-39ed1ba538e9, Nodes: 445f6805-f50a-41ff-88e3-3279a5cf9951(fv-az1250-130.ebmzynhy2g4u3nwuixrszff3we.cx.internal.cloudapp.net/10.1.0.9), ReplicationConfig: RATIS/ONE, State:ALLOCATED, leaderId:, CreationTimestamp2024-03-11T08:30:21.534Z[Etc/UTC]]
2024-03-11 08:30:21,614 [IPC Server handler 2 on default port 15088] INFO  net.NetworkTopologyImpl (NetworkTopologyImpl.java:add(133)) - Added a new node: /default-rack/bb566799-e1ae-4992-bd76-01dcb769e72e
2024-03-11 08:30:21,614 [IPC Server handler 2 on default port 15088] INFO  node.SCMNodeManager (SCMNodeManager.java:register(421)) - Registered datanode: bb566799-e1ae-4992-bd76-01dcb769e72e{ip: 10.1.0.9, host: fv-az1250-130.ebmzynhy2g4u3nwuixrszff3we.cx.internal.cloudapp.net, ports: [HTTP=15112, CLIENT_RPC=15113, REPLICATION=15119, RATIS=15115, RATIS_ADMIN=15116, RATIS_SERVER=15117, RATIS_DATASTREAM=15118, STANDALONE=15114], networkLocation: /default-rack, certSerialId: null, persistedOpState: null, persistedOpStateExpiryEpochSec: 0}
2024-03-11 08:30:21,615 [EventQueue-NodeRegistrationContainerReportForDataNodeSafeModeRule] INFO  safemode.SCMSafeModeManager (DataNodeSafeModeRule.java:process(71)) - SCM in safe mode. 2 DataNodes registered, 3 required.
2024-03-11 08:30:21,615 [EventQueue-NewNodeForNewNodeHandler] INFO  pipeline.BackgroundPipelineCreator (BackgroundPipelineCreator.java:notifyEventTriggered(280)) - trigger a one-shot run on RatisPipelineUtilsThread.
2024-03-11 08:30:21,616 [RatisPipelineUtilsThread-0] INFO  pipeline.RatisPipelineProvider (RatisPipelineProvider.java:lambda$create$0(205)) - Sending CreatePipelineCommand for pipeline:PipelineID=7cd1daf4-21d3-439d-8c3a-05329504c2c9 to datanode:bb566799-e1ae-4992-bd76-01dcb769e72e
2024-03-11 08:30:21,616 [RatisPipelineUtilsThread-0] INFO  pipeline.BackgroundPipelineCreator (BackgroundPipelineCreator.java:createPipelines(236)) - Created new pipeline Pipeline[ Id: 7cd1daf4-21d3-439d-8c3a-05329504c2c9, Nodes: bb566799-e1ae-4992-bd76-01dcb769e72e(fv-az1250-130.ebmzynhy2g4u3nwuixrszff3we.cx.internal.cloudapp.net/10.1.0.9), ReplicationConfig: RATIS/ONE, State:ALLOCATED, leaderId:, CreationTimestamp2024-03-11T08:30:21.616Z[Etc/UTC]]
2024-03-11 08:30:21,709 [main] INFO  ozone.MiniOzoneClusterImpl (MiniOzoneClusterImpl.java:lambda$waitForClusterToBeReady$0(194)) - Waiting for nodes to be ready. Got 2 of 3 DN Heartbeats.
2024-03-11 08:30:21,709 [main] INFO  ozone.MiniOzoneClusterImpl (MiniOzoneClusterImpl.java:lambda$waitForClusterToBeReady$0(197)) - Waiting for cluster to exit safe mode
2024-03-11 08:30:21,709 [main] INFO  ozone.MiniOzoneClusterImpl (MiniOzoneClusterImpl.java:lambda$waitForClusterToBeReady$0(199)) - SCM became leader
2024-03-11 08:30:21,710 [IPC Server handler 3 on default port 15088] INFO  net.NetworkTopologyImpl (NetworkTopologyImpl.java:add(133)) - Added a new node: /default-rack/967f1ad7-197c-4537-b9a2-0e766318884f
2024-03-11 08:30:21,710 [IPC Server handler 3 on default port 15088] INFO  node.SCMNodeManager (SCMNodeManager.java:register(421)) - Registered datanode: 967f1ad7-197c-4537-b9a2-0e766318884f{ip: 10.1.0.9, host: fv-az1250-130.ebmzynhy2g4u3nwuixrszff3we.cx.internal.cloudapp.net, ports: [HTTP=15121, CLIENT_RPC=15122, REPLICATION=15128, RATIS=15124, RATIS_ADMIN=15125, RATIS_SERVER=15126, RATIS_DATASTREAM=15127, STANDALONE=15123], networkLocation: /default-rack, certSerialId: null, persistedOpState: null, persistedOpStateExpiryEpochSec: 0}
2024-03-11 08:30:21,710 [EventQueue-NewNodeForNewNodeHandler] INFO  pipeline.BackgroundPipelineCreator (BackgroundPipelineCreator.java:notifyEventTriggered(280)) - trigger a one-shot run on RatisPipelineUtilsThread.
2024-03-11 08:30:21,711 [EventQueue-NodeRegistrationContainerReportForDataNodeSafeModeRule] INFO  safemode.SCMSafeModeManager (DataNodeSafeModeRule.java:process(71)) - SCM in safe mode. 3 DataNodes registered, 3 required.
2024-03-11 08:30:21,711 [EventQueue-NodeRegistrationContainerReportForDataNodeSafeModeRule] INFO  safemode.SCMSafeModeManager (SCMSafeModeManager.java:validateSafeModeExitRules(200)) - DataNodeSafeModeRule rule is successfully validated
2024-03-11 08:30:21,711 [EventQueue-NodeRegistrationContainerReportForDataNodeSafeModeRule] INFO  safemode.SCMSafeModeManager (SCMSafeModeManager.java:completePreCheck(229)) - All SCM safe mode pre check rules have passed
2024-03-11 08:30:21,711 [EventQueue-NodeRegistrationContainerReportForDataNodeSafeModeRule] INFO  ha.SCMContext (SCMContext.java:updateSafeModeStatus(225)) - Update SafeModeStatus from SafeModeStatus{safeModeStatus=true, preCheckPassed=false} to SafeModeStatus{safeModeStatus=true, preCheckPassed=true}.
2024-03-11 08:30:21,711 [EventQueue-NodeRegistrationContainerReportForDataNodeSafeModeRule] INFO  pipeline.BackgroundPipelineCreator (BackgroundPipelineCreator.java:notifyEventTriggered(280)) - trigger a one-shot run on RatisPipelineUtilsThread.
2024-03-11 08:30:21,712 [RatisPipelineUtilsThread-0] INFO  pipeline.RatisPipelineProvider (RatisPipelineProvider.java:lambda$create$0(205)) - Sending CreatePipelineCommand for pipeline:PipelineID=0d84770a-c693-498a-aaca-2cd3a27e51e2 to datanode:967f1ad7-197c-4537-b9a2-0e766318884f
2024-03-11 08:30:21,713 [RatisPipelineUtilsThread-0] INFO  pipeline.BackgroundPipelineCreator (BackgroundPipelineCreator.java:createPipelines(236)) - Created new pipeline Pipeline[ Id: 0d84770a-c693-498a-aaca-2cd3a27e51e2, Nodes: 967f1ad7-197c-4537-b9a2-0e766318884f(fv-az1250-130.ebmzynhy2g4u3nwuixrszff3we.cx.internal.cloudapp.net/10.1.0.9), ReplicationConfig: RATIS/ONE, State:ALLOCATED, leaderId:, CreationTimestamp2024-03-11T08:30:21.712Z[Etc/UTC]]
2024-03-11 08:30:21,713 [RatisPipelineUtilsThread-0] INFO  pipeline.RatisPipelineProvider (RatisPipelineProvider.java:lambda$create$0(205)) - Sending CreatePipelineCommand for pipeline:PipelineID=d1b434a3-6150-4b03-ab46-efb4b9f2baf2 to datanode:bb566799-e1ae-4992-bd76-01dcb769e72e
2024-03-11 08:30:21,713 [RatisPipelineUtilsThread-0] INFO  pipeline.RatisPipelineProvider (RatisPipelineProvider.java:lambda$create$0(205)) - Sending CreatePipelineCommand for pipeline:PipelineID=d1b434a3-6150-4b03-ab46-efb4b9f2baf2 to datanode:967f1ad7-197c-4537-b9a2-0e766318884f
2024-03-11 08:30:21,713 [RatisPipelineUtilsThread-0] INFO  pipeline.RatisPipelineProvider (RatisPipelineProvider.java:lambda$create$0(205)) - Sending CreatePipelineCommand for pipeline:PipelineID=d1b434a3-6150-4b03-ab46-efb4b9f2baf2 to datanode:445f6805-f50a-41ff-88e3-3279a5cf9951
2024-03-11 08:30:21,714 [RatisPipelineUtilsThread-0] INFO  pipeline.BackgroundPipelineCreator (BackgroundPipelineCreator.java:createPipelines(236)) - Created new pipeline Pipeline[ Id: d1b434a3-6150-4b03-ab46-efb4b9f2baf2, Nodes: bb566799-e1ae-4992-bd76-01dcb769e72e(fv-az1250-130.ebmzynhy2g4u3nwuixrszff3we.cx.internal.cloudapp.net/10.1.0.9)967f1ad7-197c-4537-b9a2-0e766318884f(fv-az1250-130.ebmzynhy2g4u3nwuixrszff3we.cx.internal.cloudapp.net/10.1.0.9)445f6805-f50a-41ff-88e3-3279a5cf9951(fv-az1250-130.ebmzynhy2g4u3nwuixrszff3we.cx.internal.cloudapp.net/10.1.0.9), ReplicationConfig: RATIS/THREE, State:ALLOCATED, leaderId:, CreationTimestamp2024-03-11T08:30:21.713Z[Etc/UTC]]
2024-03-11 08:30:21,714 [RatisPipelineUtilsThread-0] INFO  pipeline.RatisPipelineProvider (RatisPipelineProvider.java:lambda$create$0(205)) - Sending CreatePipelineCommand for pipeline:PipelineID=0e7fa9db-2013-4f71-a7e7-9b9af4b7fca6 to datanode:445f6805-f50a-41ff-88e3-3279a5cf9951
2024-03-11 08:30:21,714 [RatisPipelineUtilsThread-0] INFO  pipeline.RatisPipelineProvider (RatisPipelineProvider.java:lambda$create$0(205)) - Sending CreatePipelineCommand for pipeline:PipelineID=0e7fa9db-2013-4f71-a7e7-9b9af4b7fca6 to datanode:bb566799-e1ae-4992-bd76-01dcb769e72e
2024-03-11 08:30:21,715 [RatisPipelineUtilsThread-0] INFO  pipeline.RatisPipelineProvider (RatisPipelineProvider.java:lambda$create$0(205)) - Sending CreatePipelineCommand for pipeline:PipelineID=0e7fa9db-2013-4f71-a7e7-9b9af4b7fca6 to datanode:967f1ad7-197c-4537-b9a2-0e766318884f
2024-03-11 08:30:21,715 [RatisPipelineUtilsThread-0] INFO  pipeline.PipelineManagerImpl (PipelineManagerImpl.java:recordMetricsForPipeline(916)) - Pipeline: PipelineID=0e7fa9db-2013-4f71-a7e7-9b9af4b7fca6 contains same datanodes as previous pipelines: PipelineID=d1b434a3-6150-4b03-ab46-efb4b9f2baf2 nodeIds: 445f6805-f50a-41ff-88e3-3279a5cf9951, bb566799-e1ae-4992-bd76-01dcb769e72e, 967f1ad7-197c-4537-b9a2-0e766318884f
2024-03-11 08:30:21,715 [RatisPipelineUtilsThread-0] INFO  pipeline.BackgroundPipelineCreator (BackgroundPipelineCreator.java:createPipelines(236)) - Created new pipeline Pipeline[ Id: 0e7fa9db-2013-4f71-a7e7-9b9af4b7fca6, Nodes: 445f6805-f50a-41ff-88e3-3279a5cf9951(fv-az1250-130.ebmzynhy2g4u3nwuixrszff3we.cx.internal.cloudapp.net/10.1.0.9)bb566799-e1ae-4992-bd76-01dcb769e72e(fv-az1250-130.ebmzynhy2g4u3nwuixrszff3we.cx.internal.cloudapp.net/10.1.0.9)967f1ad7-197c-4537-b9a2-0e766318884f(fv-az1250-130.ebmzynhy2g4u3nwuixrszff3we.cx.internal.cloudapp.net/10.1.0.9), ReplicationConfig: RATIS/THREE, State:ALLOCATED, leaderId:, CreationTimestamp2024-03-11T08:30:21.714Z[Etc/UTC]]
2024-03-11 08:30:22,710 [main] INFO  ozone.MiniOzoneClusterImpl (MiniOzoneClusterImpl.java:lambda$waitForClusterToBeReady$0(194)) - Nodes are ready. Got 3 of 3 DN Heartbeats.
2024-03-11 08:30:22,710 [main] INFO  ozone.MiniOzoneClusterImpl (MiniOzoneClusterImpl.java:lambda$waitForClusterToBeReady$0(197)) - Waiting for cluster to exit safe mode
2024-03-11 08:30:22,710 [main] INFO  ozone.MiniOzoneClusterImpl (MiniOzoneClusterImpl.java:lambda$waitForClusterToBeReady$0(199)) - SCM became leader
2024-03-11 08:30:23,710 [main] INFO  ozone.MiniOzoneClusterImpl (MiniOzoneClusterImpl.java:lambda$waitForClusterToBeReady$0(194)) - Nodes are ready. Got 3 of 3 DN Heartbeats.
2024-03-11 08:30:23,711 [main] INFO  ozone.MiniOzoneClusterImpl (MiniOzoneClusterImpl.java:lambda$waitForClusterToBeReady$0(197)) - Waiting for cluster to exit safe mode
2024-03-11 08:30:23,711 [main] INFO  ozone.MiniOzoneClusterImpl (MiniOzoneClusterImpl.java:lambda$waitForClusterToBeReady$0(199)) - SCM became leader
2024-03-11 08:30:24,529 [445f6805-f50a-41ff-88e3-3279a5cf9951-PipelineCommandHandlerThread-0] INFO  server.RaftServer (RaftServerProxy.java:addNew(100)) - 445f6805-f50a-41ff-88e3-3279a5cf9951: addNew group-39ED1BA538E9:[445f6805-f50a-41ff-88e3-3279a5cf9951|10.1.0.9:15108] returns group-39ED1BA538E9:java.util.concurrent.CompletableFuture@33f5865b[Not completed]
2024-03-11 08:30:24,530 [445f6805-f50a-41ff-88e3-3279a5cf9951-groupManagement] INFO  server.RaftServer$Division (RaftServerImpl.java:<init>(256)) - 445f6805-f50a-41ff-88e3-3279a5cf9951: new RaftServerImpl for group-39ED1BA538E9:[445f6805-f50a-41ff-88e3-3279a5cf9951|10.1.0.9:15108] with ContainerStateMachine:uninitialized
2024-03-11 08:30:24,530 [445f6805-f50a-41ff-88e3-3279a5cf9951-groupManagement] INFO  server.RaftServerConfigKeys (ConfUtils.java:logGet(46)) - raft.server.rpc.timeout.min = 5s (custom)
2024-03-11 08:30:24,530 [445f6805-f50a-41ff-88e3-3279a5cf9951-groupManagement] INFO  server.RaftServerConfigKeys (ConfUtils.java:logGet(46)) - raft.server.rpc.timeout.max = 5200ms (custom)
2024-03-11 08:30:24,530 [445f6805-f50a-41ff-88e3-3279a5cf9951-groupManagement] INFO  server.RaftServerConfigKeys (ConfUtils.java:logGet(46)) - raft.server.rpc.sleep.time = 25ms (default)
2024-03-11 08:30:24,530 [445f6805-f50a-41ff-88e3-3279a5cf9951-groupManagement] INFO  server.RaftServerConfigKeys (ConfUtils.java:logGet(46)) - raft.server.rpc.slowness.timeout = 300s (custom)
2024-03-11 08:30:24,530 [445f6805-f50a-41ff-88e3-3279a5cf9951-groupManagement] INFO  server.RaftServerConfigKeys (ConfUtils.java:logGet(46)) - raft.server.leaderelection.leader.step-down.wait-time = 10s (default)
2024-03-11 08:30:24,530 [445f6805-f50a-41ff-88e3-3279a5cf9951-groupManagement] INFO  server.RaftServerConfigKeys (ConfUtils.java:logGet(46)) - raft.server.leaderelection.member.majority-add = false (default)
2024-03-11 08:30:24,530 [445f6805-f50a-41ff-88e3-3279a5cf9951-groupManagement] INFO  server.RaftServerConfigKeys (ConfUtils.java:logGet(46)) - raft.server.sleep.deviation.threshold = 300ms (default)
2024-03-11 08:30:24,530 [445f6805-f50a-41ff-88e3-3279a5cf9951-groupManagement] INFO  server.RaftServer$Division (ServerState.java:<init>(113)) - 445f6805-f50a-41ff-88e3-3279a5cf9951@group-39ED1BA538E9: ConfigurationManager, init=-1: peers:[445f6805-f50a-41ff-88e3-3279a5cf9951|10.1.0.9:15108]|listeners:[], old=null, confs=<EMPTY_MAP>
2024-03-11 08:30:24,530 [445f6805-f50a-41ff-88e3-3279a5cf9951-groupManagement] INFO  server.RaftServerConfigKeys (ConfUtils.java:logGet(46)) - raft.server.notification.no-leader.timeout = 300s (custom)
2024-03-11 08:30:24,530 [445f6805-f50a-41ff-88e3-3279a5cf9951-groupManagement] INFO  server.RaftServerConfigKeys (ConfUtils.java:logGet(46)) - raft.server.read.timeout = 10s (default)
2024-03-11 08:30:24,530 [445f6805-f50a-41ff-88e3-3279a5cf9951-groupManagement] INFO  server.RaftServerConfigKeys (ConfUtils.java:logGet(46)) - raft.server.retrycache.expirytime = 600000ms (custom)
2024-03-11 08:30:24,530 [445f6805-f50a-41ff-88e3-3279a5cf9951-groupManagement] INFO  server.RaftServerConfigKeys (ConfUtils.java:logGet(46)) - raft.server.retrycache.statistics.expirytime = 100ms (default)
2024-03-11 08:30:24,531 [445f6805-f50a-41ff-88e3-3279a5cf9951-groupManagement] INFO  server.RaftServerConfigKeys (ConfUtils.java:logGet(46)) - raft.server.read.option = DEFAULT (default)
2024-03-11 08:30:24,531 [445f6805-f50a-41ff-88e3-3279a5cf9951-groupManagement] INFO  server.RaftServerConfigKeys (ConfUtils.java:logGet(46)) - raft.server.read.read-after-write-consistent.write-index-cache.expiry-time = 60s (default)
2024-03-11 08:30:24,532 [445f6805-f50a-41ff-88e3-3279a5cf9951-groupManagement] INFO  server.RaftServerConfigKeys (ConfUtils.java:logGet(46)) - raft.server.rpc.request.timeout = 60s (custom)
2024-03-11 08:30:24,532 [445f6805-f50a-41ff-88e3-3279a5cf9951-groupManagement] INFO  server.RaftServerConfigKeys (ConfUtils.java:logGet(46)) - raft.server.log.appender.install.snapshot.enabled = false (custom)
2024-03-11 08:30:24,532 [445f6805-f50a-41ff-88e3-3279a5cf9951-groupManagement] INFO  server.RaftServerConfigKeys (ConfUtils.java:logGet(46)) - raft.server.threadpool.server.cached = true (default)
2024-03-11 08:30:24,532 [445f6805-f50a-41ff-88e3-3279a5cf9951-groupManagement] INFO  server.RaftServerConfigKeys (ConfUtils.java:logGet(46)) - raft.server.threadpool.server.size = 0 (default)
2024-03-11 08:30:24,532 [445f6805-f50a-41ff-88e3-3279a5cf9951-groupManagement] INFO  server.RaftServerConfigKeys (ConfUtils.java:logGet(46)) - raft.server.threadpool.client.cached = true (default)
2024-03-11 08:30:24,532 [445f6805-f50a-41ff-88e3-3279a5cf9951-groupManagement] INFO  server.RaftServerConfigKeys (ConfUtils.java:logGet(46)) - raft.server.threadpool.client.size = 0 (default)
2024-03-11 08:30:24,532 [445f6805-f50a-41ff-88e3-3279a5cf9951-groupManagement] INFO  server.RaftServerConfigKeys (ConfUtils.java:logGet(46)) - raft.server.storage.free-space.min = 0MB (=0) (default)
2024-03-11 08:30:24,532 [445f6805-f50a-41ff-88e3-3279a5cf9951-groupManagement] INFO  server.RaftServerConfigKeys (ConfUtils.java:logGet(46)) - raft.server.log.corruption.policy = EXCEPTION (default)
2024-03-11 08:30:24,532 [445f6805-f50a-41ff-88e3-3279a5cf9951-groupManagement] INFO  server.RaftServerConfigKeys (ConfUtils.java:logGet(46)) - raft.server.storage.dir = [/home/runner/work/ozone/ozone/hadoop-ozone/integration-test/target/test-dir/MiniOzoneClusterImpl-b8fac49e-ce79-4459-ae7b-186efce8cd22/ozone-meta/datanode-1/ratis] (custom)
2024-03-11 08:30:24,533 [445f6805-f50a-41ff-88e3-3279a5cf9951-groupManagement] INFO  storage.RaftStorageDirectory (RaftStorageDirectoryImpl.java:analyzeStorage(138)) - The storage directory /home/runner/work/ozone/ozone/hadoop-ozone/integration-test/target/test-dir/MiniOzoneClusterImpl-b8fac49e-ce79-4459-ae7b-186efce8cd22/ozone-meta/datanode-1/ratis/c9d1749c-56e2-48e8-a1fd-39ed1ba538e9 does not exist. Creating ...
2024-03-11 08:30:24,534 [445f6805-f50a-41ff-88e3-3279a5cf9951-groupManagement] INFO  storage.RaftStorageDirectory (RaftStorageDirectoryImpl.java:tryLock(228)) - Lock on /home/runner/work/ozone/ozone/hadoop-ozone/integration-test/target/test-dir/MiniOzoneClusterImpl-b8fac49e-ce79-4459-ae7b-186efce8cd22/ozone-meta/datanode-1/ratis/c9d1749c-56e2-48e8-a1fd-39ed1ba538e9/in_use.lock acquired by nodename 48108@fv-az1250-130
2024-03-11 08:30:24,536 [445f6805-f50a-41ff-88e3-3279a5cf9951-groupManagement] INFO  storage.RaftStorage (RaftStorageImpl.java:format(99)) - Storage directory /home/runner/work/ozone/ozone/hadoop-ozone/integration-test/target/test-dir/MiniOzoneClusterImpl-b8fac49e-ce79-4459-ae7b-186efce8cd22/ozone-meta/datanode-1/ratis/c9d1749c-56e2-48e8-a1fd-39ed1ba538e9 has been successfully formatted.
2024-03-11 08:30:24,536 [445f6805-f50a-41ff-88e3-3279a5cf9951-groupManagement] WARN  util.FileUtils (LogUtils.java:supplyAndLog(63)) - Failed to Files.newInputStream /home/runner/work/ozone/ozone/hadoop-ozone/integration-test/target/test-dir/MiniOzoneClusterImpl-b8fac49e-ce79-4459-ae7b-186efce8cd22/ozone-meta/datanode-1/ratis/c9d1749c-56e2-48e8-a1fd-39ed1ba538e9/current/raft-meta.conf with options []: java.nio.file.NoSuchFileException: /home/runner/work/ozone/ozone/hadoop-ozone/integration-test/target/test-dir/MiniOzoneClusterImpl-b8fac49e-ce79-4459-ae7b-186efce8cd22/ozone-meta/datanode-1/ratis/c9d1749c-56e2-48e8-a1fd-39ed1ba538e9/current/raft-meta.conf
2024-03-11 08:30:24,537 [445f6805-f50a-41ff-88e3-3279a5cf9951-groupManagement] INFO  ratis.ContainerStateMachine (ContainerStateMachine.java:loadSnapshot(287)) - group-39ED1BA538E9: The snapshot info is null. Setting the last applied index to:(t:0, i:~)
2024-03-11 08:30:24,537 [445f6805-f50a-41ff-88e3-3279a5cf9951-groupManagement] INFO  server.RaftServerConfigKeys (ConfUtils.java:logGet(46)) - raft.server.log.use.memory = false (default)
2024-03-11 08:30:24,537 [445f6805-f50a-41ff-88e3-3279a5cf9951-groupManagement] INFO  server.RaftServerConfigKeys (ConfUtils.java:logGet(46)) - raft.server.log.purge.gap = 1000000 (custom)
2024-03-11 08:30:24,537 [445f6805-f50a-41ff-88e3-3279a5cf9951-groupManagement] INFO  server.RaftServerConfigKeys (ConfUtils.java:logGet(46)) - raft.server.log.appender.buffer.byte-limit = 8388608 (custom)
2024-03-11 08:30:24,537 [445f6805-f50a-41ff-88e3-3279a5cf9951-groupManagement] INFO  server.RaftServerConfigKeys (ConfUtils.java:logGet(46)) - raft.server.log.statemachine.data.read.timeout = 1000ms (default)
2024-03-11 08:30:24,537 [445f6805-f50a-41ff-88e3-3279a5cf9951-groupManagement] INFO  server.RaftServerConfigKeys (ConfUtils.java:logGet(46)) - raft.server.log.purge.preservation.log.num = 0 (default)
2024-03-11 08:30:24,538 [EventQueue-PipelineReportForPipelineReportHandler] INFO  pipeline.PipelineReportHandler (PipelineReportHandler.java:processPipelineReport(136)) - Opened pipeline PipelineID=c9d1749c-56e2-48e8-a1fd-39ed1ba538e9
2024-03-11 08:30:24,538 [445f6805-f50a-41ff-88e3-3279a5cf9951-groupManagement] INFO  server.RaftServerConfigKeys (ConfUtils.java:logGet(46)) - raft.server.log.segment.size.max = 67108864 (custom)
2024-03-11 08:30:24,539 [445f6805-f50a-41ff-88e3-3279a5cf9951-groupManagement] INFO  server.RaftServerConfigKeys (ConfUtils.java:logGet(46)) - raft.server.log.segment.cache.num.max = 2 (custom)
2024-03-11 08:30:24,540 [EventQueue-OpenPipelineForHealthyPipelineSafeModeRule] INFO  safemode.SCMSafeModeManager (HealthyPipelineSafeModeRule.java:process(140)) - SCM in safe mode. Healthy pipelines reported count is 0, required healthy pipeline reported count is 1
2024-03-11 08:30:24,540 [445f6805-f50a-41ff-88e3-3279a5cf9951-groupManagement] INFO  server.RaftServerConfigKeys (ConfUtils.java:logGet(46)) - raft.server.log.segment.cache.size.max = 200MB (=209715200) (default)
2024-03-11 08:30:24,540 [445f6805-f50a-41ff-88e3-3279a5cf9951-groupManagement] INFO  server.RaftServerConfigKeys (ConfUtils.java:logGet(46)) - raft.server.log.appender.buffer.byte-limit = 8388608 (custom)
2024-03-11 08:30:24,540 [445f6805-f50a-41ff-88e3-3279a5cf9951-groupManagement] INFO  util.AwaitToRun (AwaitToRun.java:start(81)) - Thread[445f6805-f50a-41ff-88e3-3279a5cf9951@group-39ED1BA538E9-cacheEviction-AwaitToRun,5,main] started
2024-03-11 08:30:24,540 [445f6805-f50a-41ff-88e3-3279a5cf9951-groupManagement] INFO  segmented.SegmentedRaftLogWorker (SegmentedRaftLogWorker.java:<init>(182)) - new 445f6805-f50a-41ff-88e3-3279a5cf9951@group-39ED1BA538E9-SegmentedRaftLogWorker for RaftStorageImpl:Storage Directory /home/runner/work/ozone/ozone/hadoop-ozone/integration-test/target/test-dir/MiniOzoneClusterImpl-b8fac49e-ce79-4459-ae7b-186efce8cd22/ozone-meta/datanode-1/ratis/c9d1749c-56e2-48e8-a1fd-39ed1ba538e9
2024-03-11 08:30:24,541 [445f6805-f50a-41ff-88e3-3279a5cf9951-groupManagement] INFO  server.RaftServerConfigKeys (ConfUtils.java:logGet(46)) - raft.server.log.queue.byte-limit = 4294967296 (custom)
2024-03-11 08:30:24,541 [445f6805-f50a-41ff-88e3-3279a5cf9951-groupManagement] INFO  server.RaftServerConfigKeys (ConfUtils.java:logGet(46)) - raft.server.log.queue.element-limit = 1024 (custom)
2024-03-11 08:30:24,541 [445f6805-f50a-41ff-88e3-3279a5cf9951-groupManagement] INFO  server.RaftServerConfigKeys (ConfUtils.java:logGet(46)) - raft.server.log.segment.size.max = 67108864 (custom)
2024-03-11 08:30:24,541 [445f6805-f50a-41ff-88e3-3279a5cf9951-groupManagement] INFO  server.RaftServerConfigKeys (ConfUtils.java:logGet(46)) - raft.server.log.preallocated.size = 4194304 (custom)
2024-03-11 08:30:24,541 [445f6805-f50a-41ff-88e3-3279a5cf9951-groupManagement] INFO  server.RaftServerConfigKeys (ConfUtils.java:logGet(46)) - raft.server.log.force.sync.num = 128 (default)
2024-03-11 08:30:24,541 [445f6805-f50a-41ff-88e3-3279a5cf9951-groupManagement] INFO  server.RaftServerConfigKeys (ConfUtils.java:logGet(46)) - raft.server.log.statemachine.data.sync = true (default)
2024-03-11 08:30:24,541 [445f6805-f50a-41ff-88e3-3279a5cf9951-groupManagement] INFO  server.RaftServerConfigKeys (ConfUtils.java:logGet(46)) - raft.server.log.statemachine.data.sync.timeout = 10s (default)
2024-03-11 08:30:24,541 [445f6805-f50a-41ff-88e3-3279a5cf9951-groupManagement] INFO  server.RaftServerConfigKeys (ConfUtils.java:logGet(46)) - raft.server.log.statemachine.data.sync.timeout.retry = 0 (custom)
2024-03-11 08:30:24,541 [445f6805-f50a-41ff-88e3-3279a5cf9951-groupManagement] INFO  server.RaftServerConfigKeys (ConfUtils.java:logGet(46)) - raft.server.log.write.buffer.size = 8388616 (custom)
2024-03-11 08:30:24,542 [445f6805-f50a-41ff-88e3-3279a5cf9951-groupManagement] INFO  server.RaftServerConfigKeys (ConfUtils.java:logGet(46)) - raft.server.log.appender.buffer.byte-limit = 8388608 (custom)
2024-03-11 08:30:24,542 [445f6805-f50a-41ff-88e3-3279a5cf9951-groupManagement] INFO  server.RaftServerConfigKeys (ConfUtils.java:logGet(46)) - raft.server.log.unsafe-flush.enabled = false (default)
2024-03-11 08:30:24,542 [445f6805-f50a-41ff-88e3-3279a5cf9951-groupManagement] INFO  server.RaftServerConfigKeys (ConfUtils.java:logGet(46)) - raft.server.log.async-flush.enabled = false (default)
2024-03-11 08:30:24,543 [445f6805-f50a-41ff-88e3-3279a5cf9951-groupManagement] INFO  server.RaftServerConfigKeys (ConfUtils.java:logGet(46)) - raft.server.log.statemachine.data.caching.enabled = true (custom)
2024-03-11 08:30:24,543 [445f6805-f50a-41ff-88e3-3279a5cf9951-groupManagement] INFO  segmented.SegmentedRaftLogWorker (SegmentedRaftLogWorker.java:lambda$new$0(134)) - 445f6805-f50a-41ff-88e3-3279a5cf9951@group-39ED1BA538E9-SegmentedRaftLogWorker: flushIndex: setUnconditionally 0 -> -1
2024-03-11 08:30:24,543 [445f6805-f50a-41ff-88e3-3279a5cf9951-groupManagement] INFO  segmented.SegmentedRaftLogWorker (SegmentedRaftLogWorker.java:lambda$new$0(134)) - 445f6805-f50a-41ff-88e3-3279a5cf9951@group-39ED1BA538E9-SegmentedRaftLogWorker: safeCacheEvictIndex: setUnconditionally 0 -> -1
2024-03-11 08:30:24,543 [445f6805-f50a-41ff-88e3-3279a5cf9951-groupManagement] INFO  server.RaftServer$Division (RaftServerImpl.java:start(396)) - 445f6805-f50a-41ff-88e3-3279a5cf9951@group-39ED1BA538E9: start as a follower, conf=-1: peers:[445f6805-f50a-41ff-88e3-3279a5cf9951|10.1.0.9:15108]|listeners:[], old=null
2024-03-11 08:30:24,543 [445f6805-f50a-41ff-88e3-3279a5cf9951-groupManagement] INFO  server.RaftServer$Division (RaftServerImpl.java:setRole(383)) - 445f6805-f50a-41ff-88e3-3279a5cf9951@group-39ED1BA538E9: changes role from      null to FOLLOWER at term 0 for startAsFollower
2024-03-11 08:30:24,543 [445f6805-f50a-41ff-88e3-3279a5cf9951-groupManagement] INFO  impl.RoleInfo (RoleInfo.java:updateAndGet(139)) - 445f6805-f50a-41ff-88e3-3279a5cf9951: start 445f6805-f50a-41ff-88e3-3279a5cf9951@group-39ED1BA538E9-FollowerState
2024-03-11 08:30:24,543 [445f6805-f50a-41ff-88e3-3279a5cf9951-groupManagement] INFO  util.JmxRegister (JmxRegister.java:tryRegister(44)) - Successfully registered JMX Bean with object name Ratis:service=RaftServer,group=group-39ED1BA538E9,id=445f6805-f50a-41ff-88e3-3279a5cf9951
2024-03-11 08:30:24,543 [445f6805-f50a-41ff-88e3-3279a5cf9951@group-39ED1BA538E9-FollowerState] INFO  server.RaftServerConfigKeys (ConfUtils.java:logFallback(53)) - raft.server.rpc.first-election.timeout.min = 5s (fallback to raft.server.rpc.timeout.min)
2024-03-11 08:30:24,543 [445f6805-f50a-41ff-88e3-3279a5cf9951-groupManagement] INFO  server.RaftServerConfigKeys (ConfUtils.java:logGet(46)) - raft.server.snapshot.trigger-when-stop.enabled = true (default)
2024-03-11 08:30:24,544 [445f6805-f50a-41ff-88e3-3279a5cf9951-groupManagement] INFO  server.RaftServerConfigKeys (ConfUtils.java:logGet(46)) - raft.server.snapshot.auto.trigger.enabled = true (custom)
2024-03-11 08:30:24,543 [445f6805-f50a-41ff-88e3-3279a5cf9951@group-39ED1BA538E9-FollowerState] INFO  server.RaftServerConfigKeys (ConfUtils.java:logFallback(53)) - raft.server.rpc.first-election.timeout.max = 5200ms (fallback to raft.server.rpc.timeout.max)
2024-03-11 08:30:24,544 [445f6805-f50a-41ff-88e3-3279a5cf9951-groupManagement] INFO  server.RaftServerConfigKeys (ConfUtils.java:logGet(46)) - raft.server.snapshot.auto.trigger.threshold = 10000 (custom)
2024-03-11 08:30:24,544 [445f6805-f50a-41ff-88e3-3279a5cf9951-groupManagement] INFO  server.RaftServerConfigKeys (ConfUtils.java:logGet(46)) - raft.server.snapshot.retention.file.num = 5 (custom)
2024-03-11 08:30:24,544 [445f6805-f50a-41ff-88e3-3279a5cf9951-groupManagement] INFO  server.RaftServerConfigKeys (ConfUtils.java:logGet(46)) - raft.server.log.purge.upto.snapshot.index = false (default)
2024-03-11 08:30:24,544 [445f6805-f50a-41ff-88e3-3279a5cf9951-PipelineCommandHandlerThread-0] INFO  ratis.XceiverServerRatis (XceiverServerRatis.java:addGroup(864)) - Created group PipelineID=c9d1749c-56e2-48e8-a1fd-39ed1ba538e9
2024-03-11 08:30:24,544 [445f6805-f50a-41ff-88e3-3279a5cf9951-PipelineCommandHandlerThread-0] INFO  commandhandler.CreatePipelineCommandHandler (CreatePipelineCommandHandler.java:lambda$handle$2(124)) - Created Pipeline RATIS ONE PipelineID=c9d1749c-56e2-48e8-a1fd-39ed1ba538e9.
2024-03-11 08:30:24,545 [445f6805-f50a-41ff-88e3-3279a5cf9951-PipelineCommandHandlerThread-0] INFO  server.RaftServer (RaftServerProxy.java:addNew(100)) - 445f6805-f50a-41ff-88e3-3279a5cf9951: addNew group-EFB4B9F2BAF2:[967f1ad7-197c-4537-b9a2-0e766318884f|10.1.0.9:15126, bb566799-e1ae-4992-bd76-01dcb769e72e|10.1.0.9:15117, 445f6805-f50a-41ff-88e3-3279a5cf9951|10.1.0.9:15108] returns group-EFB4B9F2BAF2:java.util.concurrent.CompletableFuture@37ca04fd[Not completed]
2024-03-11 08:30:24,545 [445f6805-f50a-41ff-88e3-3279a5cf9951-groupManagement] INFO  server.RaftServer$Division (RaftServerImpl.java:<init>(256)) - 445f6805-f50a-41ff-88e3-3279a5cf9951: new RaftServerImpl for group-EFB4B9F2BAF2:[967f1ad7-197c-4537-b9a2-0e766318884f|10.1.0.9:15126, bb566799-e1ae-4992-bd76-01dcb769e72e|10.1.0.9:15117, 445f6805-f50a-41ff-88e3-3279a5cf9951|10.1.0.9:15108] with ContainerStateMachine:uninitialized
2024-03-11 08:30:24,545 [445f6805-f50a-41ff-88e3-3279a5cf9951-groupManagement] INFO  server.RaftServerConfigKeys (ConfUtils.java:logGet(46)) - raft.server.rpc.timeout.min = 5s (custom)
2024-03-11 08:30:24,546 [445f6805-f50a-41ff-88e3-3279a5cf9951-groupManagement] INFO  server.RaftServerConfigKeys (ConfUtils.java:logGet(46)) - raft.server.rpc.timeout.max = 5200ms (custom)
2024-03-11 08:30:24,546 [445f6805-f50a-41ff-88e3-3279a5cf9951-groupManagement] INFO  server.RaftServerConfigKeys (ConfUtils.java:logGet(46)) - raft.server.rpc.sleep.time = 25ms (default)
2024-03-11 08:30:24,546 [445f6805-f50a-41ff-88e3-3279a5cf9951-groupManagement] INFO  server.RaftServerConfigKeys (ConfUtils.java:logGet(46)) - raft.server.rpc.slowness.timeout = 300s (custom)
2024-03-11 08:30:24,546 [445f6805-f50a-41ff-88e3-3279a5cf9951-groupManagement] INFO  server.RaftServerConfigKeys (ConfUtils.java:logGet(46)) - raft.server.leaderelection.leader.step-down.wait-time = 10s (default)
2024-03-11 08:30:24,546 [445f6805-f50a-41ff-88e3-3279a5cf9951-groupManagement] INFO  server.RaftServerConfigKeys (ConfUtils.java:logGet(46)) - raft.server.leaderelection.member.majority-add = false (default)
2024-03-11 08:30:24,546 [445f6805-f50a-41ff-88e3-3279a5cf9951-groupManagement] INFO  server.RaftServerConfigKeys (ConfUtils.java:logGet(46)) - raft.server.sleep.deviation.threshold = 300ms (default)
2024-03-11 08:30:24,546 [445f6805-f50a-41ff-88e3-3279a5cf9951-groupManagement] INFO  server.RaftServer$Division (ServerState.java:<init>(113)) - 445f6805-f50a-41ff-88e3-3279a5cf9951@group-EFB4B9F2BAF2: ConfigurationManager, init=-1: peers:[967f1ad7-197c-4537-b9a2-0e766318884f|10.1.0.9:15126, bb566799-e1ae-4992-bd76-01dcb769e72e|10.1.0.9:15117, 445f6805-f50a-41ff-88e3-3279a5cf9951|10.1.0.9:15108]|listeners:[], old=null, confs=<EMPTY_MAP>
2024-03-11 08:30:24,546 [445f6805-f50a-41ff-88e3-3279a5cf9951-groupManagement] INFO  server.RaftServerConfigKeys (ConfUtils.java:logGet(46)) - raft.server.notification.no-leader.timeout = 300s (custom)
2024-03-11 08:30:24,546 [445f6805-f50a-41ff-88e3-3279a5cf9951-groupManagement] INFO  server.RaftServerConfigKeys (ConfUtils.java:logGet(46)) - raft.server.read.timeout = 10s (default)
2024-03-11 08:30:24,546 [445f6805-f50a-41ff-88e3-3279a5cf9951-groupManagement] INFO  server.RaftServerConfigKeys (ConfUtils.java:logGet(46)) - raft.server.retrycache.expirytime = 600000ms (custom)
2024-03-11 08:30:24,546 [445f6805-f50a-41ff-88e3-3279a5cf9951-groupManagement] INFO  server.RaftServerConfigKeys (ConfUtils.java:logGet(46)) - raft.server.retrycache.statistics.expirytime = 100ms (default)
2024-03-11 08:30:24,546 [445f6805-f50a-41ff-88e3-3279a5cf9951-groupManagement] INFO  server.RaftServerConfigKeys (ConfUtils.java:logGet(46)) - raft.server.read.option = DEFAULT (default)
2024-03-11 08:30:24,546 [445f6805-f50a-41ff-88e3-3279a5cf9951-groupManagement] INFO  server.RaftServerConfigKeys (ConfUtils.java:logGet(46)) - raft.server.read.read-after-write-consistent.write-index-cache.expiry-time = 60s (default)
2024-03-11 08:30:24,547 [445f6805-f50a-41ff-88e3-3279a5cf9951-groupManagement] INFO  server.RaftServerConfigKeys (ConfUtils.java:logGet(46)) - raft.server.rpc.request.timeout = 60s (custom)
2024-03-11 08:30:24,547 [445f6805-f50a-41ff-88e3-3279a5cf9951-groupManagement] INFO  server.RaftServerConfigKeys (ConfUtils.java:logGet(46)) - raft.server.log.appender.install.snapshot.enabled = false (custom)
2024-03-11 08:30:24,547 [445f6805-f50a-41ff-88e3-3279a5cf9951-groupManagement] INFO  server.RaftServerConfigKeys (ConfUtils.java:logGet(46)) - raft.server.threadpool.server.cached = true (default)
2024-03-11 08:30:24,548 [445f6805-f50a-41ff-88e3-3279a5cf9951-groupManagement] INFO  server.RaftServerConfigKeys (ConfUtils.java:logGet(46)) - raft.server.threadpool.server.size = 0 (default)
2024-03-11 08:30:24,548 [445f6805-f50a-41ff-88e3-3279a5cf9951-groupManagement] INFO  server.RaftServerConfigKeys (ConfUtils.java:logGet(46)) - raft.server.threadpool.client.cached = true (default)
2024-03-11 08:30:24,548 [445f6805-f50a-41ff-88e3-3279a5cf9951-groupManagement] INFO  server.RaftServerConfigKeys (ConfUtils.java:logGet(46)) - raft.server.threadpool.client.size = 0 (default)
2024-03-11 08:30:24,548 [445f6805-f50a-41ff-88e3-3279a5cf9951-groupManagement] INFO  server.RaftServerConfigKeys (ConfUtils.java:logGet(46)) - raft.server.storage.free-space.min = 0MB (=0) (default)
2024-03-11 08:30:24,548 [445f6805-f50a-41ff-88e3-3279a5cf9951-groupManagement] INFO  server.RaftServerConfigKeys (ConfUtils.java:logGet(46)) - raft.server.log.corruption.policy = EXCEPTION (default)
2024-03-11 08:30:24,548 [445f6805-f50a-41ff-88e3-3279a5cf9951-groupManagement] INFO  server.RaftServerConfigKeys (ConfUtils.java:logGet(46)) - raft.server.storage.dir = [/home/runner/work/ozone/ozone/hadoop-ozone/integration-test/target/test-dir/MiniOzoneClusterImpl-b8fac49e-ce79-4459-ae7b-186efce8cd22/ozone-meta/datanode-1/ratis] (custom)
2024-03-11 08:30:24,548 [445f6805-f50a-41ff-88e3-3279a5cf9951-groupManagement] INFO  storage.RaftStorageDirectory (RaftStorageDirectoryImpl.java:analyzeStorage(138)) - The storage directory /home/runner/work/ozone/ozone/hadoop-ozone/integration-test/target/test-dir/MiniOzoneClusterImpl-b8fac49e-ce79-4459-ae7b-186efce8cd22/ozone-meta/datanode-1/ratis/d1b434a3-6150-4b03-ab46-efb4b9f2baf2 does not exist. Creating ...
2024-03-11 08:30:24,551 [445f6805-f50a-41ff-88e3-3279a5cf9951-groupManagement] INFO  storage.RaftStorageDirectory (RaftStorageDirectoryImpl.java:tryLock(228)) - Lock on /home/runner/work/ozone/ozone/hadoop-ozone/integration-test/target/test-dir/MiniOzoneClusterImpl-b8fac49e-ce79-4459-ae7b-186efce8cd22/ozone-meta/datanode-1/ratis/d1b434a3-6150-4b03-ab46-efb4b9f2baf2/in_use.lock acquired by nodename 48108@fv-az1250-130
2024-03-11 08:30:24,553 [445f6805-f50a-41ff-88e3-3279a5cf9951-groupManagement] INFO  storage.RaftStorage (RaftStorageImpl.java:format(99)) - Storage directory /home/runner/work/ozone/ozone/hadoop-ozone/integration-test/target/test-dir/MiniOzoneClusterImpl-b8fac49e-ce79-4459-ae7b-186efce8cd22/ozone-meta/datanode-1/ratis/d1b434a3-6150-4b03-ab46-efb4b9f2baf2 has been successfully formatted.
2024-03-11 08:30:24,553 [445f6805-f50a-41ff-88e3-3279a5cf9951-groupManagement] WARN  util.FileUtils (LogUtils.java:supplyAndLog(63)) - Failed to Files.newInputStream /home/runner/work/ozone/ozone/hadoop-ozone/integration-test/target/test-dir/MiniOzoneClusterImpl-b8fac49e-ce79-4459-ae7b-186efce8cd22/ozone-meta/datanode-1/ratis/d1b434a3-6150-4b03-ab46-efb4b9f2baf2/current/raft-meta.conf with options []: java.nio.file.NoSuchFileException: /home/runner/work/ozone/ozone/hadoop-ozone/integration-test/target/test-dir/MiniOzoneClusterImpl-b8fac49e-ce79-4459-ae7b-186efce8cd22/ozone-meta/datanode-1/ratis/d1b434a3-6150-4b03-ab46-efb4b9f2baf2/current/raft-meta.conf
2024-03-11 08:30:24,553 [445f6805-f50a-41ff-88e3-3279a5cf9951-groupManagement] INFO  ratis.ContainerStateMachine (ContainerStateMachine.java:loadSnapshot(287)) - group-EFB4B9F2BAF2: The snapshot info is null. Setting the last applied index to:(t:0, i:~)
2024-03-11 08:30:24,553 [445f6805-f50a-41ff-88e3-3279a5cf9951-groupManagement] INFO  server.RaftServerConfigKeys (ConfUtils.java:logGet(46)) - raft.server.log.use.memory = false (default)
2024-03-11 08:30:24,553 [445f6805-f50a-41ff-88e3-3279a5cf9951-groupManagement] INFO  server.RaftServerConfigKeys (ConfUtils.java:logGet(46)) - raft.server.log.purge.gap = 1000000 (custom)
2024-03-11 08:30:24,553 [445f6805-f50a-41ff-88e3-3279a5cf9951-groupManagement] INFO  server.RaftServerConfigKeys (ConfUtils.java:logGet(46)) - raft.server.log.appender.buffer.byte-limit = 8388608 (custom)
2024-03-11 08:30:24,553 [445f6805-f50a-41ff-88e3-3279a5cf9951-groupManagement] INFO  server.RaftServerConfigKeys (ConfUtils.java:logGet(46)) - raft.server.log.statemachine.data.read.timeout = 1000ms (default)
2024-03-11 08:30:24,554 [445f6805-f50a-41ff-88e3-3279a5cf9951-groupManagement] INFO  server.RaftServerConfigKeys (ConfUtils.java:logGet(46)) - raft.server.log.purge.preservation.log.num = 0 (default)
2024-03-11 08:30:24,554 [EventQueue-OpenPipelineForHealthyPipelineSafeModeRule] INFO  safemode.SCMSafeModeManager (HealthyPipelineSafeModeRule.java:process(140)) - SCM in safe mode. Healthy pipelines reported count is 0, required healthy pipeline reported count is 1
2024-03-11 08:30:24,554 [445f6805-f50a-41ff-88e3-3279a5cf9951-groupManagement] INFO  server.RaftServerConfigKeys (ConfUtils.java:logGet(46)) - raft.server.log.segment.size.max = 67108864 (custom)
2024-03-11 08:30:24,554 [445f6805-f50a-41ff-88e3-3279a5cf9951-groupManagement] INFO  server.RaftServerConfigKeys (ConfUtils.java:logGet(46)) - raft.server.log.segment.cache.num.max = 2 (custom)
2024-03-11 08:30:24,554 [445f6805-f50a-41ff-88e3-3279a5cf9951-groupManagement] INFO  server.RaftServerConfigKeys (ConfUtils.java:logGet(46)) - raft.server.log.segment.cache.size.max = 200MB (=209715200) (default)
2024-03-11 08:30:24,554 [445f6805-f50a-41ff-88e3-3279a5cf9951-groupManagement] INFO  server.RaftServerConfigKeys (ConfUtils.java:logGet(46)) - raft.server.log.appender.buffer.byte-limit = 8388608 (custom)
2024-03-11 08:30:24,555 [445f6805-f50a-41ff-88e3-3279a5cf9951-groupManagement] INFO  util.AwaitToRun (AwaitToRun.java:start(81)) - Thread[445f6805-f50a-41ff-88e3-3279a5cf9951@group-EFB4B9F2BAF2-cacheEviction-AwaitToRun,5,main] started
2024-03-11 08:30:24,555 [445f6805-f50a-41ff-88e3-3279a5cf9951-groupManagement] INFO  segmented.SegmentedRaftLogWorker (SegmentedRaftLogWorker.java:<init>(182)) - new 445f6805-f50a-41ff-88e3-3279a5cf9951@group-EFB4B9F2BAF2-SegmentedRaftLogWorker for RaftStorageImpl:Storage Directory /home/runner/work/ozone/ozone/hadoop-ozone/integration-test/target/test-dir/MiniOzoneClusterImpl-b8fac49e-ce79-4459-ae7b-186efce8cd22/ozone-meta/datanode-1/ratis/d1b434a3-6150-4b03-ab46-efb4b9f2baf2
2024-03-11 08:30:24,555 [445f6805-f50a-41ff-88e3-3279a5cf9951-groupManagement] INFO  server.RaftServerConfigKeys (ConfUtils.java:logGet(46)) - raft.server.log.queue.byte-limit = 4294967296 (custom)
2024-03-11 08:30:24,555 [445f6805-f50a-41ff-88e3-3279a5cf9951-groupManagement] INFO  server.RaftServerConfigKeys (ConfUtils.java:logGet(46)) - raft.server.log.queue.element-limit = 1024 (custom)
2024-03-11 08:30:24,555 [445f6805-f50a-41ff-88e3-3279a5cf9951-groupManagement] INFO  server.RaftServerConfigKeys (ConfUtils.java:logGet(46)) - raft.server.log.segment.size.max = 67108864 (custom)
2024-03-11 08:30:24,555 [445f6805-f50a-41ff-88e3-3279a5cf9951-groupManagement] INFO  server.RaftServerConfigKeys (ConfUtils.java:logGet(46)) - raft.server.log.preallocated.size = 4194304 (custom)
2024-03-11 08:30:24,555 [445f6805-f50a-41ff-88e3-3279a5cf9951-groupManagement] INFO  server.RaftServerConfigKeys (ConfUtils.java:logGet(46)) - raft.server.log.force.sync.num = 128 (default)
2024-03-11 08:30:24,555 [445f6805-f50a-41ff-88e3-3279a5cf9951-groupManagement] INFO  server.RaftServerConfigKeys (ConfUtils.java:logGet(46)) - raft.server.log.statemachine.data.sync = true (default)
2024-03-11 08:30:24,555 [445f6805-f50a-41ff-88e3-3279a5cf9951-groupManagement] INFO  server.RaftServerConfigKeys (ConfUtils.java:logGet(46)) - raft.server.log.statemachine.data.sync.timeout = 10s (default)
2024-03-11 08:30:24,555 [445f6805-f50a-41ff-88e3-3279a5cf9951-groupManagement] INFO  server.RaftServerConfigKeys (ConfUtils.java:logGet(46)) - raft.server.log.statemachine.data.sync.timeout.retry = 0 (custom)
2024-03-11 08:30:24,555 [445f6805-f50a-41ff-88e3-3279a5cf9951-groupManagement] INFO  server.RaftServerConfigKeys (ConfUtils.java:logGet(46)) - raft.server.log.write.buffer.size = 8388616 (custom)
2024-03-11 08:30:24,557 [445f6805-f50a-41ff-88e3-3279a5cf9951-groupManagement] INFO  server.RaftServerConfigKeys (ConfUtils.java:logGet(46)) - raft.server.log.appender.buffer.byte-limit = 8388608 (custom)
2024-03-11 08:30:24,557 [445f6805-f50a-41ff-88e3-3279a5cf9951-groupManagement] INFO  server.RaftServerConfigKeys (ConfUtils.java:logGet(46)) - raft.server.log.unsafe-flush.enabled = false (default)
2024-03-11 08:30:24,557 [445f6805-f50a-41ff-88e3-3279a5cf9951-groupManagement] INFO  server.RaftServerConfigKeys (ConfUtils.java:logGet(46)) - raft.server.log.async-flush.enabled = false (default)
2024-03-11 08:30:24,557 [445f6805-f50a-41ff-88e3-3279a5cf9951-groupManagement] INFO  server.RaftServerConfigKeys (ConfUtils.java:logGet(46)) - raft.server.log.statemachine.data.caching.enabled = true (custom)
2024-03-11 08:30:24,557 [445f6805-f50a-41ff-88e3-3279a5cf9951-groupManagement] INFO  segmented.SegmentedRaftLogWorker (SegmentedRaftLogWorker.java:lambda$new$0(134)) - 445f6805-f50a-41ff-88e3-3279a5cf9951@group-EFB4B9F2BAF2-SegmentedRaftLogWorker: flushIndex: setUnconditionally 0 -> -1
2024-03-11 08:30:24,557 [445f6805-f50a-41ff-88e3-3279a5cf9951-groupManagement] INFO  segmented.SegmentedRaftLogWorker (SegmentedRaftLogWorker.java:lambda$new$0(134)) - 445f6805-f50a-41ff-88e3-3279a5cf9951@group-EFB4B9F2BAF2-SegmentedRaftLogWorker: safeCacheEvictIndex: setUnconditionally 0 -> -1
2024-03-11 08:30:24,557 [445f6805-f50a-41ff-88e3-3279a5cf9951-groupManagement] INFO  server.RaftServer$Division (RaftServerImpl.java:start(396)) - 445f6805-f50a-41ff-88e3-3279a5cf9951@group-EFB4B9F2BAF2: start as a follower, conf=-1: peers:[967f1ad7-197c-4537-b9a2-0e766318884f|10.1.0.9:15126, bb566799-e1ae-4992-bd76-01dcb769e72e|10.1.0.9:15117, 445f6805-f50a-41ff-88e3-3279a5cf9951|10.1.0.9:15108]|listeners:[], old=null
2024-03-11 08:30:24,557 [445f6805-f50a-41ff-88e3-3279a5cf9951-groupManagement] INFO  server.RaftServer$Division (RaftServerImpl.java:setRole(383)) - 445f6805-f50a-41ff-88e3-3279a5cf9951@group-EFB4B9F2BAF2: changes role from      null to FOLLOWER at term 0 for startAsFollower
2024-03-11 08:30:24,557 [445f6805-f50a-41ff-88e3-3279a5cf9951-groupManagement] INFO  impl.RoleInfo (RoleInfo.java:updateAndGet(139)) - 445f6805-f50a-41ff-88e3-3279a5cf9951: start 445f6805-f50a-41ff-88e3-3279a5cf9951@group-EFB4B9F2BAF2-FollowerState
2024-03-11 08:30:24,558 [445f6805-f50a-41ff-88e3-3279a5cf9951-groupManagement] INFO  util.JmxRegister (JmxRegister.java:tryRegister(44)) - Successfully registered JMX Bean with object name Ratis:service=RaftServer,group=group-EFB4B9F2BAF2,id=445f6805-f50a-41ff-88e3-3279a5cf9951
2024-03-11 08:30:24,558 [445f6805-f50a-41ff-88e3-3279a5cf9951@group-EFB4B9F2BAF2-FollowerState] INFO  server.RaftServerConfigKeys (ConfUtils.java:logFallback(53)) - raft.server.rpc.first-election.timeout.min = 5s (fallback to raft.server.rpc.timeout.min)
2024-03-11 08:30:24,558 [445f6805-f50a-41ff-88e3-3279a5cf9951-groupManagement] INFO  server.RaftServerConfigKeys (ConfUtils.java:logGet(46)) - raft.server.snapshot.trigger-when-stop.enabled = true (default)
2024-03-11 08:30:24,558 [445f6805-f50a-41ff-88e3-3279a5cf9951-groupManagement] INFO  server.RaftServerConfigKeys (ConfUtils.java:logGet(46)) - raft.server.snapshot.auto.trigger.enabled = true (custom)
2024-03-11 08:30:24,558 [445f6805-f50a-41ff-88e3-3279a5cf9951@group-EFB4B9F2BAF2-FollowerState] INFO  server.RaftServerConfigKeys (ConfUtils.java:logFallback(53)) - raft.server.rpc.first-election.timeout.max = 5200ms (fallback to raft.server.rpc.timeout.max)
2024-03-11 08:30:24,558 [445f6805-f50a-41ff-88e3-3279a5cf9951-groupManagement] INFO  server.RaftServerConfigKeys (ConfUtils.java:logGet(46)) - raft.server.snapshot.auto.trigger.threshold = 10000 (custom)
2024-03-11 08:30:24,558 [445f6805-f50a-41ff-88e3-3279a5cf9951-groupManagement] INFO  server.RaftServerConfigKeys (ConfUtils.java:logGet(46)) - raft.server.snapshot.retention.file.num = 5 (custom)
2024-03-11 08:30:24,558 [445f6805-f50a-41ff-88e3-3279a5cf9951-groupManagement] INFO  server.RaftServerConfigKeys (ConfUtils.java:logGet(46)) - raft.server.log.purge.upto.snapshot.index = false (default)
2024-03-11 08:30:24,558 [445f6805-f50a-41ff-88e3-3279a5cf9951-PipelineCommandHandlerThread-0] INFO  ratis.XceiverServerRatis (XceiverServerRatis.java:addGroup(864)) - Created group PipelineID=d1b434a3-6150-4b03-ab46-efb4b9f2baf2
2024-03-11 08:30:24,565 [grpc-default-executor-4] INFO  server.RaftServer (RaftServerProxy.java:addNew(100)) - bb566799-e1ae-4992-bd76-01dcb769e72e: addNew group-EFB4B9F2BAF2:[967f1ad7-197c-4537-b9a2-0e766318884f|10.1.0.9:15126, bb566799-e1ae-4992-bd76-01dcb769e72e|10.1.0.9:15117, 445f6805-f50a-41ff-88e3-3279a5cf9951|10.1.0.9:15108] returns group-EFB4B9F2BAF2:java.util.concurrent.CompletableFuture@3a36a1e2[Not completed]
2024-03-11 08:30:24,566 [bb566799-e1ae-4992-bd76-01dcb769e72e-groupManagement] INFO  server.RaftServer$Division (RaftServerImpl.java:<init>(256)) - bb566799-e1ae-4992-bd76-01dcb769e72e: new RaftServerImpl for group-EFB4B9F2BAF2:[967f1ad7-197c-4537-b9a2-0e766318884f|10.1.0.9:15126, bb566799-e1ae-4992-bd76-01dcb769e72e|10.1.0.9:15117, 445f6805-f50a-41ff-88e3-3279a5cf9951|10.1.0.9:15108] with ContainerStateMachine:uninitialized
2024-03-11 08:30:24,566 [bb566799-e1ae-4992-bd76-01dcb769e72e-groupManagement] INFO  server.RaftServerConfigKeys (ConfUtils.java:logGet(46)) - raft.server.rpc.timeout.min = 5s (custom)
2024-03-11 08:30:24,566 [bb566799-e1ae-4992-bd76-01dcb769e72e-groupManagement] INFO  server.RaftServerConfigKeys (ConfUtils.java:logGet(46)) - raft.server.rpc.timeout.max = 5200ms (custom)
2024-03-11 08:30:24,566 [bb566799-e1ae-4992-bd76-01dcb769e72e-groupManagement] INFO  server.RaftServerConfigKeys (ConfUtils.java:logGet(46)) - raft.server.rpc.sleep.time = 25ms (default)
2024-03-11 08:30:24,566 [bb566799-e1ae-4992-bd76-01dcb769e72e-groupManagement] INFO  server.RaftServerConfigKeys (ConfUtils.java:logGet(46)) - raft.server.rpc.slowness.timeout = 300s (custom)
2024-03-11 08:30:24,566 [bb566799-e1ae-4992-bd76-01dcb769e72e-groupManagement] INFO  server.RaftServerConfigKeys (ConfUtils.java:logGet(46)) - raft.server.leaderelection.leader.step-down.wait-time = 10s (default)
2024-03-11 08:30:24,566 [bb566799-e1ae-4992-bd76-01dcb769e72e-groupManagement] INFO  server.RaftServerConfigKeys (ConfUtils.java:logGet(46)) - raft.server.leaderelection.member.majority-add = false (default)
2024-03-11 08:30:24,566 [bb566799-e1ae-4992-bd76-01dcb769e72e-groupManagement] INFO  server.RaftServerConfigKeys (ConfUtils.java:logGet(46)) - raft.server.sleep.deviation.threshold = 300ms (default)
2024-03-11 08:30:24,566 [bb566799-e1ae-4992-bd76-01dcb769e72e-groupManagement] INFO  server.RaftServer$Division (ServerState.java:<init>(113)) - bb566799-e1ae-4992-bd76-01dcb769e72e@group-EFB4B9F2BAF2: ConfigurationManager, init=-1: peers:[967f1ad7-197c-4537-b9a2-0e766318884f|10.1.0.9:15126, bb566799-e1ae-4992-bd76-01dcb769e72e|10.1.0.9:15117, 445f6805-f50a-41ff-88e3-3279a5cf9951|10.1.0.9:15108]|listeners:[], old=null, confs=<EMPTY_MAP>
2024-03-11 08:30:24,567 [bb566799-e1ae-4992-bd76-01dcb769e72e-groupManagement] INFO  server.RaftServerConfigKeys (ConfUtils.java:logGet(46)) - raft.server.notification.no-leader.timeout = 300s (custom)
2024-03-11 08:30:24,567 [bb566799-e1ae-4992-bd76-01dcb769e72e-groupManagement] INFO  server.RaftServerConfigKeys (ConfUtils.java:logGet(46)) - raft.server.read.timeout = 10s (default)
2024-03-11 08:30:24,567 [bb566799-e1ae-4992-bd76-01dcb769e72e-groupManagement] INFO  server.RaftServerConfigKeys (ConfUtils.java:logGet(46)) - raft.server.retrycache.expirytime = 600000ms (custom)
2024-03-11 08:30:24,567 [bb566799-e1ae-4992-bd76-01dcb769e72e-groupManagement] INFO  server.RaftServerConfigKeys (ConfUtils.java:logGet(46)) - raft.server.retrycache.statistics.expirytime = 100ms (default)
2024-03-11 08:30:24,567 [bb566799-e1ae-4992-bd76-01dcb769e72e-groupManagement] INFO  server.RaftServerConfigKeys (ConfUtils.java:logGet(46)) - raft.server.read.option = DEFAULT (default)
2024-03-11 08:30:24,567 [bb566799-e1ae-4992-bd76-01dcb769e72e-groupManagement] INFO  server.RaftServerConfigKeys (ConfUtils.java:logGet(46)) - raft.server.read.read-after-write-consistent.write-index-cache.expiry-time = 60s (default)
2024-03-11 08:30:24,568 [bb566799-e1ae-4992-bd76-01dcb769e72e-groupManagement] INFO  server.RaftServerConfigKeys (ConfUtils.java:logGet(46)) - raft.server.rpc.request.timeout = 60s (custom)
2024-03-11 08:30:24,568 [bb566799-e1ae-4992-bd76-01dcb769e72e-groupManagement] INFO  server.RaftServerConfigKeys (ConfUtils.java:logGet(46)) - raft.server.log.appender.install.snapshot.enabled = false (custom)
2024-03-11 08:30:24,568 [bb566799-e1ae-4992-bd76-01dcb769e72e-groupManagement] INFO  server.RaftServerConfigKeys (ConfUtils.java:logGet(46)) - raft.server.threadpool.server.cached = true (default)
2024-03-11 08:30:24,568 [bb566799-e1ae-4992-bd76-01dcb769e72e-groupManagement] INFO  server.RaftServerConfigKeys (ConfUtils.java:logGet(46)) - raft.server.threadpool.server.size = 0 (default)
2024-03-11 08:30:24,568 [bb566799-e1ae-4992-bd76-01dcb769e72e-groupManagement] INFO  server.RaftServerConfigKeys (ConfUtils.java:logGet(46)) - raft.server.threadpool.client.cached = true (default)
2024-03-11 08:30:24,568 [bb566799-e1ae-4992-bd76-01dcb769e72e-groupManagement] INFO  server.RaftServerConfigKeys (ConfUtils.java:logGet(46)) - raft.server.threadpool.client.size = 0 (default)
2024-03-11 08:30:24,568 [bb566799-e1ae-4992-bd76-01dcb769e72e-groupManagement] INFO  server.RaftServerConfigKeys (ConfUtils.java:logGet(46)) - raft.server.storage.free-space.min = 0MB (=0) (default)
2024-03-11 08:30:24,568 [bb566799-e1ae-4992-bd76-01dcb769e72e-groupManagement] INFO  server.RaftServerConfigKeys (ConfUtils.java:logGet(46)) - raft.server.log.corruption.policy = EXCEPTION (default)
2024-03-11 08:30:24,569 [bb566799-e1ae-4992-bd76-01dcb769e72e-groupManagement] INFO  server.RaftServerConfigKeys (ConfUtils.java:logGet(46)) - raft.server.storage.dir = [/home/runner/work/ozone/ozone/hadoop-ozone/integration-test/target/test-dir/MiniOzoneClusterImpl-b8fac49e-ce79-4459-ae7b-186efce8cd22/ozone-meta/datanode-2/ratis] (custom)
2024-03-11 08:30:24,569 [bb566799-e1ae-4992-bd76-01dcb769e72e-groupManagement] INFO  storage.RaftStorageDirectory (RaftStorageDirectoryImpl.java:analyzeStorage(138)) - The storage directory /home/runner/work/ozone/ozone/hadoop-ozone/integration-test/target/test-dir/MiniOzoneClusterImpl-b8fac49e-ce79-4459-ae7b-186efce8cd22/ozone-meta/datanode-2/ratis/d1b434a3-6150-4b03-ab46-efb4b9f2baf2 does not exist. Creating ...
2024-03-11 08:30:24,570 [bb566799-e1ae-4992-bd76-01dcb769e72e-groupManagement] INFO  storage.RaftStorageDirectory (RaftStorageDirectoryImpl.java:tryLock(228)) - Lock on /home/runner/work/ozone/ozone/hadoop-ozone/integration-test/target/test-dir/MiniOzoneClusterImpl-b8fac49e-ce79-4459-ae7b-186efce8cd22/ozone-meta/datanode-2/ratis/d1b434a3-6150-4b03-ab46-efb4b9f2baf2/in_use.lock acquired by nodename 48108@fv-az1250-130
2024-03-11 08:30:24,571 [bb566799-e1ae-4992-bd76-01dcb769e72e-groupManagement] INFO  storage.RaftStorage (RaftStorageImpl.java:format(99)) - Storage directory /home/runner/work/ozone/ozone/hadoop-ozone/integration-test/target/test-dir/MiniOzoneClusterImpl-b8fac49e-ce79-4459-ae7b-186efce8cd22/ozone-meta/datanode-2/ratis/d1b434a3-6150-4b03-ab46-efb4b9f2baf2 has been successfully formatted.
2024-03-11 08:30:24,571 [bb566799-e1ae-4992-bd76-01dcb769e72e-groupManagement] WARN  util.FileUtils (LogUtils.java:supplyAndLog(63)) - Failed to Files.newInputStream /home/runner/work/ozone/ozone/hadoop-ozone/integration-test/target/test-dir/MiniOzoneClusterImpl-b8fac49e-ce79-4459-ae7b-186efce8cd22/ozone-meta/datanode-2/ratis/d1b434a3-6150-4b03-ab46-efb4b9f2baf2/current/raft-meta.conf with options []: java.nio.file.NoSuchFileException: /home/runner/work/ozone/ozone/hadoop-ozone/integration-test/target/test-dir/MiniOzoneClusterImpl-b8fac49e-ce79-4459-ae7b-186efce8cd22/ozone-meta/datanode-2/ratis/d1b434a3-6150-4b03-ab46-efb4b9f2baf2/current/raft-meta.conf
2024-03-11 08:30:24,572 [bb566799-e1ae-4992-bd76-01dcb769e72e-groupManagement] INFO  ratis.ContainerStateMachine (ContainerStateMachine.java:loadSnapshot(287)) - group-EFB4B9F2BAF2: The snapshot info is null. Setting the last applied index to:(t:0, i:~)
2024-03-11 08:30:24,573 [bb566799-e1ae-4992-bd76-01dcb769e72e-groupManagement] INFO  server.RaftServerConfigKeys (ConfUtils.java:logGet(46)) - raft.server.log.use.memory = false (default)
2024-03-11 08:30:24,573 [bb566799-e1ae-4992-bd76-01dcb769e72e-groupManagement] INFO  server.RaftServerConfigKeys (ConfUtils.java:logGet(46)) - raft.server.log.purge.gap = 1000000 (custom)
2024-03-11 08:30:24,573 [bb566799-e1ae-4992-bd76-01dcb769e72e-groupManagement] INFO  server.RaftServerConfigKeys (ConfUtils.java:logGet(46)) - raft.server.log.appender.buffer.byte-limit = 8388608 (custom)
2024-03-11 08:30:24,573 [bb566799-e1ae-4992-bd76-01dcb769e72e-groupManagement] INFO  server.RaftServerConfigKeys (ConfUtils.java:logGet(46)) - raft.server.log.statemachine.data.read.timeout = 1000ms (default)
2024-03-11 08:30:24,573 [bb566799-e1ae-4992-bd76-01dcb769e72e-groupManagement] INFO  server.RaftServerConfigKeys (ConfUtils.java:logGet(46)) - raft.server.log.purge.preservation.log.num = 0 (default)
2024-03-11 08:30:24,574 [bb566799-e1ae-4992-bd76-01dcb769e72e-groupManagement] INFO  server.RaftServerConfigKeys (ConfUtils.java:logGet(46)) - raft.server.log.segment.size.max = 67108864 (custom)
2024-03-11 08:30:24,574 [bb566799-e1ae-4992-bd76-01dcb769e72e-groupManagement] INFO  server.RaftServerConfigKeys (ConfUtils.java:logGet(46)) - raft.server.log.segment.cache.num.max = 2 (custom)
2024-03-11 08:30:24,574 [bb566799-e1ae-4992-bd76-01dcb769e72e-groupManagement] INFO  server.RaftServerConfigKeys (ConfUtils.java:logGet(46)) - raft.server.log.segment.cache.size.max = 200MB (=209715200) (default)
2024-03-11 08:30:24,574 [bb566799-e1ae-4992-bd76-01dcb769e72e-groupManagement] INFO  server.RaftServerConfigKeys (ConfUtils.java:logGet(46)) - raft.server.log.appender.buffer.byte-limit = 8388608 (custom)
2024-03-11 08:30:24,575 [bb566799-e1ae-4992-bd76-01dcb769e72e-groupManagement] INFO  util.AwaitToRun (AwaitToRun.java:start(81)) - Thread[bb566799-e1ae-4992-bd76-01dcb769e72e@group-EFB4B9F2BAF2-cacheEviction-AwaitToRun,5,main] started
2024-03-11 08:30:24,575 [bb566799-e1ae-4992-bd76-01dcb769e72e-groupManagement] INFO  segmented.SegmentedRaftLogWorker (SegmentedRaftLogWorker.java:<init>(182)) - new bb566799-e1ae-4992-bd76-01dcb769e72e@group-EFB4B9F2BAF2-SegmentedRaftLogWorker for RaftStorageImpl:Storage Directory /home/runner/work/ozone/ozone/hadoop-ozone/integration-test/target/test-dir/MiniOzoneClusterImpl-b8fac49e-ce79-4459-ae7b-186efce8cd22/ozone-meta/datanode-2/ratis/d1b434a3-6150-4b03-ab46-efb4b9f2baf2
2024-03-11 08:30:24,575 [bb566799-e1ae-4992-bd76-01dcb769e72e-groupManagement] INFO  server.RaftServerConfigKeys (ConfUtils.java:logGet(46)) - raft.server.log.queue.byte-limit = 4294967296 (custom)
2024-03-11 08:30:24,575 [bb566799-e1ae-4992-bd76-01dcb769e72e-groupManagement] INFO  server.RaftServerConfigKeys (ConfUtils.java:logGet(46)) - raft.server.log.queue.element-limit = 1024 (custom)
2024-03-11 08:30:24,575 [bb566799-e1ae-4992-bd76-01dcb769e72e-groupManagement] INFO  server.RaftServerConfigKeys (ConfUtils.java:logGet(46)) - raft.server.log.segment.size.max = 67108864 (custom)
2024-03-11 08:30:24,575 [bb566799-e1ae-4992-bd76-01dcb769e72e-groupManagement] INFO  server.RaftServerConfigKeys (ConfUtils.java:logGet(46)) - raft.server.log.preallocated.size = 4194304 (custom)
2024-03-11 08:30:24,575 [bb566799-e1ae-4992-bd76-01dcb769e72e-groupManagement] INFO  server.RaftServerConfigKeys (ConfUtils.java:logGet(46)) - raft.server.log.force.sync.num = 128 (default)
2024-03-11 08:30:24,575 [bb566799-e1ae-4992-bd76-01dcb769e72e-groupManagement] INFO  server.RaftServerConfigKeys (ConfUtils.java:logGet(46)) - raft.server.log.statemachine.data.sync = true (default)
2024-03-11 08:30:24,575 [bb566799-e1ae-4992-bd76-01dcb769e72e-groupManagement] INFO  server.RaftServerConfigKeys (ConfUtils.java:logGet(46)) - raft.server.log.statemachine.data.sync.timeout = 10s (default)
2024-03-11 08:30:24,575 [bb566799-e1ae-4992-bd76-01dcb769e72e-groupManagement] INFO  server.RaftServerConfigKeys (ConfUtils.java:logGet(46)) - raft.server.log.statemachine.data.sync.timeout.retry = 0 (custom)
2024-03-11 08:30:24,575 [bb566799-e1ae-4992-bd76-01dcb769e72e-groupManagement] INFO  server.RaftServerConfigKeys (ConfUtils.java:logGet(46)) - raft.server.log.write.buffer.size = 8388616 (custom)
2024-03-11 08:30:24,577 [bb566799-e1ae-4992-bd76-01dcb769e72e-groupManagement] INFO  server.RaftServerConfigKeys (ConfUtils.java:logGet(46)) - raft.server.log.appender.buffer.byte-limit = 8388608 (custom)
2024-03-11 08:30:24,577 [bb566799-e1ae-4992-bd76-01dcb769e72e-groupManagement] INFO  server.RaftServerConfigKeys (ConfUtils.java:logGet(46)) - raft.server.log.unsafe-flush.enabled = false (default)
2024-03-11 08:30:24,577 [bb566799-e1ae-4992-bd76-01dcb769e72e-groupManagement] INFO  server.RaftServerConfigKeys (ConfUtils.java:logGet(46)) - raft.server.log.async-flush.enabled = false (default)
2024-03-11 08:30:24,577 [bb566799-e1ae-4992-bd76-01dcb769e72e-groupManagement] INFO  server.RaftServerConfigKeys (ConfUtils.java:logGet(46)) - raft.server.log.statemachine.data.caching.enabled = true (custom)
2024-03-11 08:30:24,577 [bb566799-e1ae-4992-bd76-01dcb769e72e-groupManagement] INFO  segmented.SegmentedRaftLogWorker (SegmentedRaftLogWorker.java:lambda$new$0(134)) - bb566799-e1ae-4992-bd76-01dcb769e72e@group-EFB4B9F2BAF2-SegmentedRaftLogWorker: flushIndex: setUnconditionally 0 -> -1
2024-03-11 08:30:24,577 [bb566799-e1ae-4992-bd76-01dcb769e72e-groupManagement] INFO  segmented.SegmentedRaftLogWorker (SegmentedRaftLogWorker.java:lambda$new$0(134)) - bb566799-e1ae-4992-bd76-01dcb769e72e@group-EFB4B9F2BAF2-SegmentedRaftLogWorker: safeCacheEvictIndex: setUnconditionally 0 -> -1
2024-03-11 08:30:24,577 [bb566799-e1ae-4992-bd76-01dcb769e72e-groupManagement] INFO  server.RaftServer$Division (RaftServerImpl.java:start(396)) - bb566799-e1ae-4992-bd76-01dcb769e72e@group-EFB4B9F2BAF2: start as a follower, conf=-1: peers:[967f1ad7-197c-4537-b9a2-0e766318884f|10.1.0.9:15126, bb566799-e1ae-4992-bd76-01dcb769e72e|10.1.0.9:15117, 445f6805-f50a-41ff-88e3-3279a5cf9951|10.1.0.9:15108]|listeners:[], old=null
2024-03-11 08:30:24,577 [bb566799-e1ae-4992-bd76-01dcb769e72e-groupManagement] INFO  server.RaftServer$Division (RaftServerImpl.java:setRole(383)) - bb566799-e1ae-4992-bd76-01dcb769e72e@group-EFB4B9F2BAF2: changes role from      null to FOLLOWER at term 0 for startAsFollower
2024-03-11 08:30:24,577 [bb566799-e1ae-4992-bd76-01dcb769e72e-groupManagement] INFO  impl.RoleInfo (RoleInfo.java:updateAndGet(139)) - bb566799-e1ae-4992-bd76-01dcb769e72e: start bb566799-e1ae-4992-bd76-01dcb769e72e@group-EFB4B9F2BAF2-FollowerState
2024-03-11 08:30:24,578 [bb566799-e1ae-4992-bd76-01dcb769e72e@group-EFB4B9F2BAF2-FollowerState] INFO  server.RaftServerConfigKeys (ConfUtils.java:logFallback(53)) - raft.server.rpc.first-election.timeout.min = 5s (fallback to raft.server.rpc.timeout.min)
2024-03-11 08:30:24,578 [bb566799-e1ae-4992-bd76-01dcb769e72e-groupManagement] INFO  util.JmxRegister (JmxRegister.java:tryRegister(44)) - Successfully registered JMX Bean with object name Ratis:service=RaftServer,group=group-EFB4B9F2BAF2,id=bb566799-e1ae-4992-bd76-01dcb769e72e
2024-03-11 08:30:24,578 [bb566799-e1ae-4992-bd76-01dcb769e72e@group-EFB4B9F2BAF2-FollowerState] INFO  server.RaftServerConfigKeys (ConfUtils.java:logFallback(53)) - raft.server.rpc.first-election.timeout.max = 5200ms (fallback to raft.server.rpc.timeout.max)
2024-03-11 08:30:24,578 [bb566799-e1ae-4992-bd76-01dcb769e72e-groupManagement] INFO  server.RaftServerConfigKeys (ConfUtils.java:logGet(46)) - raft.server.snapshot.trigger-when-stop.enabled = true (default)
2024-03-11 08:30:24,578 [bb566799-e1ae-4992-bd76-01dcb769e72e-groupManagement] INFO  server.RaftServerConfigKeys (ConfUtils.java:logGet(46)) - raft.server.snapshot.auto.trigger.enabled = true (custom)
2024-03-11 08:30:24,578 [bb566799-e1ae-4992-bd76-01dcb769e72e-groupManagement] INFO  server.RaftServerConfigKeys (ConfUtils.java:logGet(46)) - raft.server.snapshot.auto.trigger.threshold = 10000 (custom)
2024-03-11 08:30:24,578 [bb566799-e1ae-4992-bd76-01dcb769e72e-groupManagement] INFO  server.RaftServerConfigKeys (ConfUtils.java:logGet(46)) - raft.server.snapshot.retention.file.num = 5 (custom)
2024-03-11 08:30:24,578 [bb566799-e1ae-4992-bd76-01dcb769e72e-groupManagement] INFO  server.RaftServerConfigKeys (ConfUtils.java:logGet(46)) - raft.server.log.purge.upto.snapshot.index = false (default)
2024-03-11 08:30:24,593 [grpc-default-executor-4] INFO  server.RaftServer (RaftServerProxy.java:addNew(100)) - 967f1ad7-197c-4537-b9a2-0e766318884f: addNew group-EFB4B9F2BAF2:[967f1ad7-197c-4537-b9a2-0e766318884f|10.1.0.9:15126, bb566799-e1ae-4992-bd76-01dcb769e72e|10.1.0.9:15117, 445f6805-f50a-41ff-88e3-3279a5cf9951|10.1.0.9:15108] returns group-EFB4B9F2BAF2:java.util.concurrent.CompletableFuture@218206e0[Not completed]
2024-03-11 08:30:24,594 [967f1ad7-197c-4537-b9a2-0e766318884f-groupManagement] INFO  server.RaftServer$Division (RaftServerImpl.java:<init>(256)) - 967f1ad7-197c-4537-b9a2-0e766318884f: new RaftServerImpl for group-EFB4B9F2BAF2:[967f1ad7-197c-4537-b9a2-0e766318884f|10.1.0.9:15126, bb566799-e1ae-4992-bd76-01dcb769e72e|10.1.0.9:15117, 445f6805-f50a-41ff-88e3-3279a5cf9951|10.1.0.9:15108] with ContainerStateMachine:uninitialized
2024-03-11 08:30:24,594 [967f1ad7-197c-4537-b9a2-0e766318884f-groupManagement] INFO  server.RaftServerConfigKeys (ConfUtils.java:logGet(46)) - raft.server.rpc.timeout.min = 5s (custom)
2024-03-11 08:30:24,594 [967f1ad7-197c-4537-b9a2-0e766318884f-groupManagement] INFO  server.RaftServerConfigKeys (ConfUtils.java:logGet(46)) - raft.server.rpc.timeout.max = 5200ms (custom)
2024-03-11 08:30:24,594 [967f1ad7-197c-4537-b9a2-0e766318884f-groupManagement] INFO  server.RaftServerConfigKeys (ConfUtils.java:logGet(46)) - raft.server.rpc.sleep.time = 25ms (default)
2024-03-11 08:30:24,594 [967f1ad7-197c-4537-b9a2-0e766318884f-groupManagement] INFO  server.RaftServerConfigKeys (ConfUtils.java:logGet(46)) - raft.server.rpc.slowness.timeout = 300s (custom)
2024-03-11 08:30:24,594 [967f1ad7-197c-4537-b9a2-0e766318884f-groupManagement] INFO  server.RaftServerConfigKeys (ConfUtils.java:logGet(46)) - raft.server.leaderelection.leader.step-down.wait-time = 10s (default)
2024-03-11 08:30:24,594 [967f1ad7-197c-4537-b9a2-0e766318884f-groupManagement] INFO  server.RaftServerConfigKeys (ConfUtils.java:logGet(46)) - raft.server.leaderelection.member.majority-add = false (default)
2024-03-11 08:30:24,594 [967f1ad7-197c-4537-b9a2-0e766318884f-groupManagement] INFO  server.RaftServerConfigKeys (ConfUtils.java:logGet(46)) - raft.server.sleep.deviation.threshold = 300ms (default)
2024-03-11 08:30:24,594 [967f1ad7-197c-4537-b9a2-0e766318884f-groupManagement] INFO  server.RaftServer$Division (ServerState.java:<init>(113)) - 967f1ad7-197c-4537-b9a2-0e766318884f@group-EFB4B9F2BAF2: ConfigurationManager, init=-1: peers:[967f1ad7-197c-4537-b9a2-0e766318884f|10.1.0.9:15126, bb566799-e1ae-4992-bd76-01dcb769e72e|10.1.0.9:15117, 445f6805-f50a-41ff-88e3-3279a5cf9951|10.1.0.9:15108]|listeners:[], old=null, confs=<EMPTY_MAP>
2024-03-11 08:30:24,595 [967f1ad7-197c-4537-b9a2-0e766318884f-groupManagement] INFO  server.RaftServerConfigKeys (ConfUtils.java:logGet(46)) - raft.server.notification.no-leader.timeout = 300s (custom)
2024-03-11 08:30:24,595 [967f1ad7-197c-4537-b9a2-0e766318884f-groupManagement] INFO  server.RaftServerConfigKeys (ConfUtils.java:logGet(46)) - raft.server.read.timeout = 10s (default)
2024-03-11 08:30:24,595 [967f1ad7-197c-4537-b9a2-0e766318884f-groupManagement] INFO  server.RaftServerConfigKeys (ConfUtils.java:logGet(46)) - raft.server.retrycache.expirytime = 600000ms (custom)
2024-03-11 08:30:24,595 [967f1ad7-197c-4537-b9a2-0e766318884f-groupManagement] INFO  server.RaftServerConfigKeys (ConfUtils.java:logGet(46)) - raft.server.retrycache.statistics.expirytime = 100ms (default)
2024-03-11 08:30:24,595 [967f1ad7-197c-4537-b9a2-0e766318884f-groupManagement] INFO  server.RaftServerConfigKeys (ConfUtils.java:logGet(46)) - raft.server.read.option = DEFAULT (default)
2024-03-11 08:30:24,595 [967f1ad7-197c-4537-b9a2-0e766318884f-groupManagement] INFO  server.RaftServerConfigKeys (ConfUtils.java:logGet(46)) - raft.server.read.read-after-write-consistent.write-index-cache.expiry-time = 60s (default)
2024-03-11 08:30:24,596 [967f1ad7-197c-4537-b9a2-0e766318884f-groupManagement] INFO  server.RaftServerConfigKeys (ConfUtils.java:logGet(46)) - raft.server.rpc.request.timeout = 60s (custom)
2024-03-11 08:30:24,597 [967f1ad7-197c-4537-b9a2-0e766318884f-groupManagement] INFO  server.RaftServerConfigKeys (ConfUtils.java:logGet(46)) - raft.server.log.appender.install.snapshot.enabled = false (custom)
2024-03-11 08:30:24,597 [967f1ad7-197c-4537-b9a2-0e766318884f-groupManagement] INFO  server.RaftServerConfigKeys (ConfUtils.java:logGet(46)) - raft.server.threadpool.server.cached = true (default)
2024-03-11 08:30:24,597 [967f1ad7-197c-4537-b9a2-0e766318884f-groupManagement] INFO  server.RaftServerConfigKeys (ConfUtils.java:logGet(46)) - raft.server.threadpool.server.size = 0 (default)
2024-03-11 08:30:24,597 [967f1ad7-197c-4537-b9a2-0e766318884f-groupManagement] INFO  server.RaftServerConfigKeys (ConfUtils.java:logGet(46)) - raft.server.threadpool.client.cached = true (default)
2024-03-11 08:30:24,597 [967f1ad7-197c-4537-b9a2-0e766318884f-groupManagement] INFO  server.RaftServerConfigKeys (ConfUtils.java:logGet(46)) - raft.server.threadpool.client.size = 0 (default)
2024-03-11 08:30:24,597 [967f1ad7-197c-4537-b9a2-0e766318884f-groupManagement] INFO  server.RaftServerConfigKeys (ConfUtils.java:logGet(46)) - raft.server.storage.free-space.min = 0MB (=0) (default)
2024-03-11 08:30:24,597 [967f1ad7-197c-4537-b9a2-0e766318884f-groupManagement] INFO  server.RaftServerConfigKeys (ConfUtils.java:logGet(46)) - raft.server.log.corruption.policy = EXCEPTION (default)
2024-03-11 08:30:24,597 [967f1ad7-197c-4537-b9a2-0e766318884f-groupManagement] INFO  server.RaftServerConfigKeys (ConfUtils.java:logGet(46)) - raft.server.storage.dir = [/home/runner/work/ozone/ozone/hadoop-ozone/integration-test/target/test-dir/MiniOzoneClusterImpl-b8fac49e-ce79-4459-ae7b-186efce8cd22/ozone-meta/datanode-3/ratis] (custom)
2024-03-11 08:30:24,597 [967f1ad7-197c-4537-b9a2-0e766318884f-groupManagement] INFO  storage.RaftStorageDirectory (RaftStorageDirectoryImpl.java:analyzeStorage(138)) - The storage directory /home/runner/work/ozone/ozone/hadoop-ozone/integration-test/target/test-dir/MiniOzoneClusterImpl-b8fac49e-ce79-4459-ae7b-186efce8cd22/ozone-meta/datanode-3/ratis/d1b434a3-6150-4b03-ab46-efb4b9f2baf2 does not exist. Creating ...
2024-03-11 08:30:24,599 [967f1ad7-197c-4537-b9a2-0e766318884f-groupManagement] INFO  storage.RaftStorageDirectory (RaftStorageDirectoryImpl.java:tryLock(228)) - Lock on /home/runner/work/ozone/ozone/hadoop-ozone/integration-test/target/test-dir/MiniOzoneClusterImpl-b8fac49e-ce79-4459-ae7b-186efce8cd22/ozone-meta/datanode-3/ratis/d1b434a3-6150-4b03-ab46-efb4b9f2baf2/in_use.lock acquired by nodename 48108@fv-az1250-130
2024-03-11 08:30:24,601 [967f1ad7-197c-4537-b9a2-0e766318884f-groupManagement] INFO  storage.RaftStorage (RaftStorageImpl.java:format(99)) - Storage directory /home/runner/work/ozone/ozone/hadoop-ozone/integration-test/target/test-dir/MiniOzoneClusterImpl-b8fac49e-ce79-4459-ae7b-186efce8cd22/ozone-meta/datanode-3/ratis/d1b434a3-6150-4b03-ab46-efb4b9f2baf2 has been successfully formatted.
2024-03-11 08:30:24,601 [967f1ad7-197c-4537-b9a2-0e766318884f-groupManagement] WARN  util.FileUtils (LogUtils.java:supplyAndLog(63)) - Failed to Files.newInputStream /home/runner/work/ozone/ozone/hadoop-ozone/integration-test/target/test-dir/MiniOzoneClusterImpl-b8fac49e-ce79-4459-ae7b-186efce8cd22/ozone-meta/datanode-3/ratis/d1b434a3-6150-4b03-ab46-efb4b9f2baf2/current/raft-meta.conf with options []: java.nio.file.NoSuchFileException: /home/runner/work/ozone/ozone/hadoop-ozone/integration-test/target/test-dir/MiniOzoneClusterImpl-b8fac49e-ce79-4459-ae7b-186efce8cd22/ozone-meta/datanode-3/ratis/d1b434a3-6150-4b03-ab46-efb4b9f2baf2/current/raft-meta.conf
2024-03-11 08:30:24,602 [967f1ad7-197c-4537-b9a2-0e766318884f-groupManagement] INFO  ratis.ContainerStateMachine (ContainerStateMachine.java:loadSnapshot(287)) - group-EFB4B9F2BAF2: The snapshot info is null. Setting the last applied index to:(t:0, i:~)
2024-03-11 08:30:24,602 [967f1ad7-197c-4537-b9a2-0e766318884f-groupManagement] INFO  server.RaftServerConfigKeys (ConfUtils.java:logGet(46)) - raft.server.log.use.memory = false (default)
2024-03-11 08:30:24,602 [967f1ad7-197c-4537-b9a2-0e766318884f-groupManagement] INFO  server.RaftServerConfigKeys (ConfUtils.java:logGet(46)) - raft.server.log.purge.gap = 1000000 (custom)
2024-03-11 08:30:24,602 [967f1ad7-197c-4537-b9a2-0e766318884f-groupManagement] INFO  server.RaftServerConfigKeys (ConfUtils.java:logGet(46)) - raft.server.log.appender.buffer.byte-limit = 8388608 (custom)
2024-03-11 08:30:24,602 [967f1ad7-197c-4537-b9a2-0e766318884f-groupManagement] INFO  server.RaftServerConfigKeys (ConfUtils.java:logGet(46)) - raft.server.log.statemachine.data.read.timeout = 1000ms (default)
2024-03-11 08:30:24,602 [967f1ad7-197c-4537-b9a2-0e766318884f-groupManagement] INFO  server.RaftServerConfigKeys (ConfUtils.java:logGet(46)) - raft.server.log.purge.preservation.log.num = 0 (default)
2024-03-11 08:30:24,603 [967f1ad7-197c-4537-b9a2-0e766318884f-groupManagement] INFO  server.RaftServerConfigKeys (ConfUtils.java:logGet(46)) - raft.server.log.segment.size.max = 67108864 (custom)
2024-03-11 08:30:24,604 [967f1ad7-197c-4537-b9a2-0e766318884f-groupManagement] INFO  server.RaftServerConfigKeys (ConfUtils.java:logGet(46)) - raft.server.log.segment.cache.num.max = 2 (custom)
2024-03-11 08:30:24,604 [967f1ad7-197c-4537-b9a2-0e766318884f-groupManagement] INFO  server.RaftServerConfigKeys (ConfUtils.java:logGet(46)) - raft.server.log.segment.cache.size.max = 200MB (=209715200) (default)
2024-03-11 08:30:24,604 [967f1ad7-197c-4537-b9a2-0e766318884f-groupManagement] INFO  server.RaftServerConfigKeys (ConfUtils.java:logGet(46)) - raft.server.log.appender.buffer.byte-limit = 8388608 (custom)
2024-03-11 08:30:24,604 [967f1ad7-197c-4537-b9a2-0e766318884f-groupManagement] INFO  util.AwaitToRun (AwaitToRun.java:start(81)) - Thread[967f1ad7-197c-4537-b9a2-0e766318884f@group-EFB4B9F2BAF2-cacheEviction-AwaitToRun,5,main] started
2024-03-11 08:30:24,604 [967f1ad7-197c-4537-b9a2-0e766318884f-groupManagement] INFO  segmented.SegmentedRaftLogWorker (SegmentedRaftLogWorker.java:<init>(182)) - new 967f1ad7-197c-4537-b9a2-0e766318884f@group-EFB4B9F2BAF2-SegmentedRaftLogWorker for RaftStorageImpl:Storage Directory /home/runner/work/ozone/ozone/hadoop-ozone/integration-test/target/test-dir/MiniOzoneClusterImpl-b8fac49e-ce79-4459-ae7b-186efce8cd22/ozone-meta/datanode-3/ratis/d1b434a3-6150-4b03-ab46-efb4b9f2baf2
2024-03-11 08:30:24,604 [967f1ad7-197c-4537-b9a2-0e766318884f-groupManagement] INFO  server.RaftServerConfigKeys (ConfUtils.java:logGet(46)) - raft.server.log.queue.byte-limit = 4294967296 (custom)
2024-03-11 08:30:24,604 [967f1ad7-197c-4537-b9a2-0e766318884f-groupManagement] INFO  server.RaftServerConfigKeys (ConfUtils.java:logGet(46)) - raft.server.log.queue.element-limit = 1024 (custom)
2024-03-11 08:30:24,604 [967f1ad7-197c-4537-b9a2-0e766318884f-groupManagement] INFO  server.RaftServerConfigKeys (ConfUtils.java:logGet(46)) - raft.server.log.segment.size.max = 67108864 (custom)
2024-03-11 08:30:24,605 [967f1ad7-197c-4537-b9a2-0e766318884f-groupManagement] INFO  server.RaftServerConfigKeys (ConfUtils.java:logGet(46)) - raft.server.log.preallocated.size = 4194304 (custom)
2024-03-11 08:30:24,605 [967f1ad7-197c-4537-b9a2-0e766318884f-groupManagement] INFO  server.RaftServerConfigKeys (ConfUtils.java:logGet(46)) - raft.server.log.force.sync.num = 128 (default)
2024-03-11 08:30:24,605 [967f1ad7-197c-4537-b9a2-0e766318884f-groupManagement] INFO  server.RaftServerConfigKeys (ConfUtils.java:logGet(46)) - raft.server.log.statemachine.data.sync = true (default)
2024-03-11 08:30:24,605 [967f1ad7-197c-4537-b9a2-0e766318884f-groupManagement] INFO  server.RaftServerConfigKeys (ConfUtils.java:logGet(46)) - raft.server.log.statemachine.data.sync.timeout = 10s (default)
2024-03-11 08:30:24,605 [967f1ad7-197c-4537-b9a2-0e766318884f-groupManagement] INFO  server.RaftServerConfigKeys (ConfUtils.java:logGet(46)) - raft.server.log.statemachine.data.sync.timeout.retry = 0 (custom)
2024-03-11 08:30:24,605 [967f1ad7-197c-4537-b9a2-0e766318884f-groupManagement] INFO  server.RaftServerConfigKeys (ConfUtils.java:logGet(46)) - raft.server.log.write.buffer.size = 8388616 (custom)
2024-03-11 08:30:24,607 [967f1ad7-197c-4537-b9a2-0e766318884f-groupManagement] INFO  server.RaftServerConfigKeys (ConfUtils.java:logGet(46)) - raft.server.log.appender.buffer.byte-limit = 8388608 (custom)
2024-03-11 08:30:24,607 [967f1ad7-197c-4537-b9a2-0e766318884f-groupManagement] INFO  server.RaftServerConfigKeys (ConfUtils.java:logGet(46)) - raft.server.log.unsafe-flush.enabled = false (default)
2024-03-11 08:30:24,607 [967f1ad7-197c-4537-b9a2-0e766318884f-groupManagement] INFO  server.RaftServerConfigKeys (ConfUtils.java:logGet(46)) - raft.server.log.async-flush.enabled = false (default)
2024-03-11 08:30:24,607 [967f1ad7-197c-4537-b9a2-0e766318884f-groupManagement] INFO  server.RaftServerConfigKeys (ConfUtils.java:logGet(46)) - raft.server.log.statemachine.data.caching.enabled = true (custom)
2024-03-11 08:30:24,608 [967f1ad7-197c-4537-b9a2-0e766318884f-groupManagement] INFO  segmented.SegmentedRaftLogWorker (SegmentedRaftLogWorker.java:lambda$new$0(134)) - 967f1ad7-197c-4537-b9a2-0e766318884f@group-EFB4B9F2BAF2-SegmentedRaftLogWorker: flushIndex: setUnconditionally 0 -> -1
2024-03-11 08:30:24,608 [967f1ad7-197c-4537-b9a2-0e766318884f-groupManagement] INFO  segmented.SegmentedRaftLogWorker (SegmentedRaftLogWorker.java:lambda$new$0(134)) - 967f1ad7-197c-4537-b9a2-0e766318884f@group-EFB4B9F2BAF2-SegmentedRaftLogWorker: safeCacheEvictIndex: setUnconditionally 0 -> -1
2024-03-11 08:30:24,608 [967f1ad7-197c-4537-b9a2-0e766318884f-groupManagement] INFO  server.RaftServer$Division (RaftServerImpl.java:start(396)) - 967f1ad7-197c-4537-b9a2-0e766318884f@group-EFB4B9F2BAF2: start as a follower, conf=-1: peers:[967f1ad7-197c-4537-b9a2-0e766318884f|10.1.0.9:15126, bb566799-e1ae-4992-bd76-01dcb769e72e|10.1.0.9:15117, 445f6805-f50a-41ff-88e3-3279a5cf9951|10.1.0.9:15108]|listeners:[], old=null
2024-03-11 08:30:24,608 [967f1ad7-197c-4537-b9a2-0e766318884f-groupManagement] INFO  server.RaftServer$Division (RaftServerImpl.java:setRole(383)) - 967f1ad7-197c-4537-b9a2-0e766318884f@group-EFB4B9F2BAF2: changes role from      null to FOLLOWER at term 0 for startAsFollower
2024-03-11 08:30:24,608 [967f1ad7-197c-4537-b9a2-0e766318884f-groupManagement] INFO  impl.RoleInfo (RoleInfo.java:updateAndGet(139)) - 967f1ad7-197c-4537-b9a2-0e766318884f: start 967f1ad7-197c-4537-b9a2-0e766318884f@group-EFB4B9F2BAF2-FollowerState
2024-03-11 08:30:24,608 [967f1ad7-197c-4537-b9a2-0e766318884f@group-EFB4B9F2BAF2-FollowerState] INFO  server.RaftServerConfigKeys (ConfUtils.java:logFallback(53)) - raft.server.rpc.first-election.timeout.min = 5s (fallback to raft.server.rpc.timeout.min)
2024-03-11 08:30:24,609 [967f1ad7-197c-4537-b9a2-0e766318884f@group-EFB4B9F2BAF2-FollowerState] INFO  server.RaftServerConfigKeys (ConfUtils.java:logFallback(53)) - raft.server.rpc.first-election.timeout.max = 5200ms (fallback to raft.server.rpc.timeout.max)
2024-03-11 08:30:24,608 [967f1ad7-197c-4537-b9a2-0e766318884f-groupManagement] INFO  util.JmxRegister (JmxRegister.java:tryRegister(44)) - Successfully registered JMX Bean with object name Ratis:service=RaftServer,group=group-EFB4B9F2BAF2,id=967f1ad7-197c-4537-b9a2-0e766318884f
2024-03-11 08:30:24,609 [967f1ad7-197c-4537-b9a2-0e766318884f-groupManagement] INFO  server.RaftServerConfigKeys (ConfUtils.java:logGet(46)) - raft.server.snapshot.trigger-when-stop.enabled = true (default)
2024-03-11 08:30:24,609 [967f1ad7-197c-4537-b9a2-0e766318884f-groupManagement] INFO  server.RaftServerConfigKeys (ConfUtils.java:logGet(46)) - raft.server.snapshot.auto.trigger.enabled = true (custom)
2024-03-11 08:30:24,609 [967f1ad7-197c-4537-b9a2-0e766318884f-groupManagement] INFO  server.RaftServerConfigKeys (ConfUtils.java:logGet(46)) - raft.server.snapshot.auto.trigger.threshold = 10000 (custom)
2024-03-11 08:30:24,609 [967f1ad7-197c-4537-b9a2-0e766318884f-groupManagement] INFO  server.RaftServerConfigKeys (ConfUtils.java:logGet(46)) - raft.server.snapshot.retention.file.num = 5 (custom)
2024-03-11 08:30:24,609 [967f1ad7-197c-4537-b9a2-0e766318884f-groupManagement] INFO  server.RaftServerConfigKeys (ConfUtils.java:logGet(46)) - raft.server.log.purge.upto.snapshot.index = false (default)
2024-03-11 08:30:24,616 [bb566799-e1ae-4992-bd76-01dcb769e72e-PipelineCommandHandlerThread-0] INFO  server.RaftServer (RaftServerProxy.java:addNew(100)) - bb566799-e1ae-4992-bd76-01dcb769e72e: addNew group-05329504C2C9:[bb566799-e1ae-4992-bd76-01dcb769e72e|10.1.0.9:15117] returns group-05329504C2C9:java.util.concurrent.CompletableFuture@41359110[Not completed]
2024-03-11 08:30:24,617 [445f6805-f50a-41ff-88e3-3279a5cf9951-PipelineCommandHandlerThread-0] INFO  commandhandler.CreatePipelineCommandHandler (CreatePipelineCommandHandler.java:lambda$handle$2(124)) - Created Pipeline RATIS THREE PipelineID=d1b434a3-6150-4b03-ab46-efb4b9f2baf2.
2024-03-11 08:30:24,617 [445f6805-f50a-41ff-88e3-3279a5cf9951-PipelineCommandHandlerThread-0] INFO  server.RaftServer (RaftServerProxy.java:addNew(100)) - 445f6805-f50a-41ff-88e3-3279a5cf9951: addNew group-9B9AF4B7FCA6:[967f1ad7-197c-4537-b9a2-0e766318884f|10.1.0.9:15126, bb566799-e1ae-4992-bd76-01dcb769e72e|10.1.0.9:15117, 445f6805-f50a-41ff-88e3-3279a5cf9951|10.1.0.9:15108] returns group-9B9AF4B7FCA6:java.util.concurrent.CompletableFuture@1c665260[Not completed]
2024-03-11 08:30:24,617 [bb566799-e1ae-4992-bd76-01dcb769e72e-groupManagement] INFO  server.RaftServer$Division (RaftServerImpl.java:<init>(256)) - bb566799-e1ae-4992-bd76-01dcb769e72e: new RaftServerImpl for group-05329504C2C9:[bb566799-e1ae-4992-bd76-01dcb769e72e|10.1.0.9:15117] with ContainerStateMachine:uninitialized
2024-03-11 08:30:24,617 [bb566799-e1ae-4992-bd76-01dcb769e72e-groupManagement] INFO  server.RaftServerConfigKeys (ConfUtils.java:logGet(46)) - raft.server.rpc.timeout.min = 5s (custom)
2024-03-11 08:30:24,617 [445f6805-f50a-41ff-88e3-3279a5cf9951-groupManagement] INFO  server.RaftServer$Division (RaftServerImpl.java:<init>(256)) - 445f6805-f50a-41ff-88e3-3279a5cf9951: new RaftServerImpl for group-9B9AF4B7FCA6:[967f1ad7-197c-4537-b9a2-0e766318884f|10.1.0.9:15126, bb566799-e1ae-4992-bd76-01dcb769e72e|10.1.0.9:15117, 445f6805-f50a-41ff-88e3-3279a5cf9951|10.1.0.9:15108] with ContainerStateMachine:uninitialized
2024-03-11 08:30:24,617 [bb566799-e1ae-4992-bd76-01dcb769e72e-groupManagement] INFO  server.RaftServerConfigKeys (ConfUtils.java:logGet(46)) - raft.server.rpc.timeout.max = 5200ms (custom)
2024-03-11 08:30:24,617 [445f6805-f50a-41ff-88e3-3279a5cf9951-groupManagement] INFO  server.RaftServerConfigKeys (ConfUtils.java:logGet(46)) - raft.server.rpc.timeout.min = 5s (custom)
2024-03-11 08:30:24,617 [bb566799-e1ae-4992-bd76-01dcb769e72e-groupManagement] INFO  server.RaftServerConfigKeys (ConfUtils.java:logGet(46)) - raft.server.rpc.sleep.time = 25ms (default)
2024-03-11 08:30:24,618 [445f6805-f50a-41ff-88e3-3279a5cf9951-groupManagement] INFO  server.RaftServerConfigKeys (ConfUtils.java:logGet(46)) - raft.server.rpc.timeout.max = 5200ms (custom)
2024-03-11 08:30:24,618 [bb566799-e1ae-4992-bd76-01dcb769e72e-groupManagement] INFO  server.RaftServerConfigKeys (ConfUtils.java:logGet(46)) - raft.server.rpc.slowness.timeout = 300s (custom)
2024-03-11 08:30:24,618 [445f6805-f50a-41ff-88e3-3279a5cf9951-groupManagement] INFO  server.RaftServerConfigKeys (ConfUtils.java:logGet(46)) - raft.server.rpc.sleep.time = 25ms (default)
2024-03-11 08:30:24,618 [bb566799-e1ae-4992-bd76-01dcb769e72e-groupManagement] INFO  server.RaftServerConfigKeys (ConfUtils.java:logGet(46)) - raft.server.leaderelection.leader.step-down.wait-time = 10s (default)
2024-03-11 08:30:24,618 [445f6805-f50a-41ff-88e3-3279a5cf9951-groupManagement] INFO  server.RaftServerConfigKeys (ConfUtils.java:logGet(46)) - raft.server.rpc.slowness.timeout = 300s (custom)
2024-03-11 08:30:24,618 [445f6805-f50a-41ff-88e3-3279a5cf9951-groupManagement] INFO  server.RaftServerConfigKeys (ConfUtils.java:logGet(46)) - raft.server.leaderelection.leader.step-down.wait-time = 10s (default)
2024-03-11 08:30:24,618 [bb566799-e1ae-4992-bd76-01dcb769e72e-groupManagement] INFO  server.RaftServerConfigKeys (ConfUtils.java:logGet(46)) - raft.server.leaderelection.member.majority-add = false (default)
2024-03-11 08:30:24,618 [445f6805-f50a-41ff-88e3-3279a5cf9951-groupManagement] INFO  server.RaftServerConfigKeys (ConfUtils.java:logGet(46)) - raft.server.leaderelection.member.majority-add = false (default)
2024-03-11 08:30:24,618 [bb566799-e1ae-4992-bd76-01dcb769e72e-groupManagement] INFO  server.RaftServerConfigKeys (ConfUtils.java:logGet(46)) - raft.server.sleep.deviation.threshold = 300ms (default)
2024-03-11 08:30:24,618 [445f6805-f50a-41ff-88e3-3279a5cf9951-groupManagement] INFO  server.RaftServerConfigKeys (ConfUtils.java:logGet(46)) - raft.server.sleep.deviation.threshold = 300ms (default)
2024-03-11 08:30:24,618 [bb566799-e1ae-4992-bd76-01dcb769e72e-groupManagement] INFO  server.RaftServer$Division (ServerState.java:<init>(113)) - bb566799-e1ae-4992-bd76-01dcb769e72e@group-05329504C2C9: ConfigurationManager, init=-1: peers:[bb566799-e1ae-4992-bd76-01dcb769e72e|10.1.0.9:15117]|listeners:[], old=null, confs=<EMPTY_MAP>
2024-03-11 08:30:24,618 [445f6805-f50a-41ff-88e3-3279a5cf9951-groupManagement] INFO  server.RaftServer$Division (ServerState.java:<init>(113)) - 445f6805-f50a-41ff-88e3-3279a5cf9951@group-9B9AF4B7FCA6: ConfigurationManager, init=-1: peers:[967f1ad7-197c-4537-b9a2-0e766318884f|10.1.0.9:15126, bb566799-e1ae-4992-bd76-01dcb769e72e|10.1.0.9:15117, 445f6805-f50a-41ff-88e3-3279a5cf9951|10.1.0.9:15108]|listeners:[], old=null, confs=<EMPTY_MAP>
2024-03-11 08:30:24,618 [bb566799-e1ae-4992-bd76-01dcb769e72e-groupManagement] INFO  server.RaftServerConfigKeys (ConfUtils.java:logGet(46)) - raft.server.notification.no-leader.timeout = 300s (custom)
2024-03-11 08:30:24,618 [445f6805-f50a-41ff-88e3-3279a5cf9951-groupManagement] INFO  server.RaftServerConfigKeys (ConfUtils.java:logGet(46)) - raft.server.notification.no-leader.timeout = 300s (custom)
2024-03-11 08:30:24,618 [bb566799-e1ae-4992-bd76-01dcb769e72e-groupManagement] INFO  server.RaftServerConfigKeys (ConfUtils.java:logGet(46)) - raft.server.read.timeout = 10s (default)
2024-03-11 08:30:24,618 [445f6805-f50a-41ff-88e3-3279a5cf9951-groupManagement] INFO  server.RaftServerConfigKeys (ConfUtils.java:logGet(46)) - raft.server.read.timeout = 10s (default)
2024-03-11 08:30:24,619 [bb566799-e1ae-4992-bd76-01dcb769e72e-groupManagement] INFO  server.RaftServerConfigKeys (ConfUtils.java:logGet(46)) - raft.server.retrycache.expirytime = 600000ms (custom)
2024-03-11 08:30:24,619 [445f6805-f50a-41ff-88e3-3279a5cf9951-groupManagement] INFO  server.RaftServerConfigKeys (ConfUtils.java:logGet(46)) - raft.server.retrycache.expirytime = 600000ms (custom)
2024-03-11 08:30:24,619 [445f6805-f50a-41ff-88e3-3279a5cf9951-groupManagement] INFO  server.RaftServerConfigKeys (ConfUtils.java:logGet(46)) - raft.server.retrycache.statistics.expirytime = 100ms (default)
2024-03-11 08:30:24,619 [bb566799-e1ae-4992-bd76-01dcb769e72e-groupManagement] INFO  server.RaftServerConfigKeys (ConfUtils.java:logGet(46)) - raft.server.retrycache.statistics.expirytime = 100ms (default)
2024-03-11 08:30:24,619 [445f6805-f50a-41ff-88e3-3279a5cf9951-groupManagement] INFO  server.RaftServerConfigKeys (ConfUtils.java:logGet(46)) - raft.server.read.option = DEFAULT (default)
2024-03-11 08:30:24,619 [bb566799-e1ae-4992-bd76-01dcb769e72e-groupManagement] INFO  server.RaftServerConfigKeys (ConfUtils.java:logGet(46)) - raft.server.read.option = DEFAULT (default)
2024-03-11 08:30:24,619 [445f6805-f50a-41ff-88e3-3279a5cf9951-groupManagement] INFO  server.RaftServerConfigKeys (ConfUtils.java:logGet(46)) - raft.server.read.read-after-write-consistent.write-index-cache.expiry-time = 60s (default)
2024-03-11 08:30:24,619 [bb566799-e1ae-4992-bd76-01dcb769e72e-groupManagement] INFO  server.RaftServerConfigKeys (ConfUtils.java:logGet(46)) - raft.server.read.read-after-write-consistent.write-index-cache.expiry-time = 60s (default)
2024-03-11 08:30:24,625 [445f6805-f50a-41ff-88e3-3279a5cf9951-groupManagement] INFO  server.RaftServerConfigKeys (ConfUtils.java:logGet(46)) - raft.server.rpc.request.timeout = 60s (custom)
2024-03-11 08:30:24,625 [445f6805-f50a-41ff-88e3-3279a5cf9951-groupManagement] INFO  server.RaftServerConfigKeys (ConfUtils.java:logGet(46)) - raft.server.log.appender.install.snapshot.enabled = false (custom)
2024-03-11 08:30:24,625 [445f6805-f50a-41ff-88e3-3279a5cf9951-groupManagement] INFO  server.RaftServerConfigKeys (ConfUtils.java:logGet(46)) - raft.server.threadpool.server.cached = true (default)
2024-03-11 08:30:24,625 [445f6805-f50a-41ff-88e3-3279a5cf9951-groupManagement] INFO  server.RaftServerConfigKeys (ConfUtils.java:logGet(46)) - raft.server.threadpool.server.size = 0 (default)
2024-03-11 08:30:24,625 [445f6805-f50a-41ff-88e3-3279a5cf9951-groupManagement] INFO  server.RaftServerConfigKeys (ConfUtils.java:logGet(46)) - raft.server.threadpool.client.cached = true (default)
2024-03-11 08:30:24,625 [445f6805-f50a-41ff-88e3-3279a5cf9951-groupManagement] INFO  server.RaftServerConfigKeys (ConfUtils.java:logGet(46)) - raft.server.threadpool.client.size = 0 (default)
2024-03-11 08:30:24,625 [bb566799-e1ae-4992-bd76-01dcb769e72e-groupManagement] INFO  server.RaftServerConfigKeys (ConfUtils.java:logGet(46)) - raft.server.rpc.request.timeout = 60s (custom)
2024-03-11 08:30:24,625 [445f6805-f50a-41ff-88e3-3279a5cf9951-groupManagement] INFO  server.RaftServerConfigKeys (ConfUtils.java:logGet(46)) - raft.server.storage.free-space.min = 0MB (=0) (default)
2024-03-11 08:30:24,626 [445f6805-f50a-41ff-88e3-3279a5cf9951-groupManagement] INFO  server.RaftServerConfigKeys (ConfUtils.java:logGet(46)) - raft.server.log.corruption.policy = EXCEPTION (default)
2024-03-11 08:30:24,626 [bb566799-e1ae-4992-bd76-01dcb769e72e-groupManagement] INFO  server.RaftServerConfigKeys (ConfUtils.java:logGet(46)) - raft.server.log.appender.install.snapshot.enabled = false (custom)
2024-03-11 08:30:24,626 [445f6805-f50a-41ff-88e3-3279a5cf9951-groupManagement] INFO  server.RaftServerConfigKeys (ConfUtils.java:logGet(46)) - raft.server.storage.dir = [/home/runner/work/ozone/ozone/hadoop-ozone/integration-test/target/test-dir/MiniOzoneClusterImpl-b8fac49e-ce79-4459-ae7b-186efce8cd22/ozone-meta/datanode-1/ratis] (custom)
2024-03-11 08:30:24,626 [bb566799-e1ae-4992-bd76-01dcb769e72e-groupManagement] INFO  server.RaftServerConfigKeys (ConfUtils.java:logGet(46)) - raft.server.threadpool.server.cached = true (default)
2024-03-11 08:30:24,626 [bb566799-e1ae-4992-bd76-01dcb769e72e-groupManagement] INFO  server.RaftServerConfigKeys (ConfUtils.java:logGet(46)) - raft.server.threadpool.server.size = 0 (default)
2024-03-11 08:30:24,626 [445f6805-f50a-41ff-88e3-3279a5cf9951-groupManagement] INFO  storage.RaftStorageDirectory (RaftStorageDirectoryImpl.java:analyzeStorage(138)) - The storage directory /home/runner/work/ozone/ozone/hadoop-ozone/integration-test/target/test-dir/MiniOzoneClusterImpl-b8fac49e-ce79-4459-ae7b-186efce8cd22/ozone-meta/datanode-1/ratis/0e7fa9db-2013-4f71-a7e7-9b9af4b7fca6 does not exist. Creating ...
2024-03-11 08:30:24,626 [bb566799-e1ae-4992-bd76-01dcb769e72e-groupManagement] INFO  server.RaftServerConfigKeys (ConfUtils.java:logGet(46)) - raft.server.threadpool.client.cached = true (default)
2024-03-11 08:30:24,626 [bb566799-e1ae-4992-bd76-01dcb769e72e-groupManagement] INFO  server.RaftServerConfigKeys (ConfUtils.java:logGet(46)) - raft.server.threadpool.client.size = 0 (default)
2024-03-11 08:30:24,626 [bb566799-e1ae-4992-bd76-01dcb769e72e-groupManagement] INFO  server.RaftServerConfigKeys (ConfUtils.java:logGet(46)) - raft.server.storage.free-space.min = 0MB (=0) (default)
2024-03-11 08:30:24,626 [bb566799-e1ae-4992-bd76-01dcb769e72e-groupManagement] INFO  server.RaftServerConfigKeys (ConfUtils.java:logGet(46)) - raft.server.log.corruption.policy = EXCEPTION (default)
2024-03-11 08:30:24,627 [bb566799-e1ae-4992-bd76-01dcb769e72e-groupManagement] INFO  server.RaftServerConfigKeys (ConfUtils.java:logGet(46)) - raft.server.storage.dir = [/home/runner/work/ozone/ozone/hadoop-ozone/integration-test/target/test-dir/MiniOzoneClusterImpl-b8fac49e-ce79-4459-ae7b-186efce8cd22/ozone-meta/datanode-2/ratis] (custom)
2024-03-11 08:30:24,627 [bb566799-e1ae-4992-bd76-01dcb769e72e-groupManagement] INFO  storage.RaftStorageDirectory (RaftStorageDirectoryImpl.java:analyzeStorage(138)) - The storage directory /home/runner/work/ozone/ozone/hadoop-ozone/integration-test/target/test-dir/MiniOzoneClusterImpl-b8fac49e-ce79-4459-ae7b-186efce8cd22/ozone-meta/datanode-2/ratis/7cd1daf4-21d3-439d-8c3a-05329504c2c9 does not exist. Creating ...
2024-03-11 08:30:24,628 [445f6805-f50a-41ff-88e3-3279a5cf9951-groupManagement] INFO  storage.RaftStorageDirectory (RaftStorageDirectoryImpl.java:tryLock(228)) - Lock on /home/runner/work/ozone/ozone/hadoop-ozone/integration-test/target/test-dir/MiniOzoneClusterImpl-b8fac49e-ce79-4459-ae7b-186efce8cd22/ozone-meta/datanode-1/ratis/0e7fa9db-2013-4f71-a7e7-9b9af4b7fca6/in_use.lock acquired by nodename 48108@fv-az1250-130
2024-03-11 08:30:24,628 [bb566799-e1ae-4992-bd76-01dcb769e72e-groupManagement] INFO  storage.RaftStorageDirectory (RaftStorageDirectoryImpl.java:tryLock(228)) - Lock on /home/runner/work/ozone/ozone/hadoop-ozone/integration-test/target/test-dir/MiniOzoneClusterImpl-b8fac49e-ce79-4459-ae7b-186efce8cd22/ozone-meta/datanode-2/ratis/7cd1daf4-21d3-439d-8c3a-05329504c2c9/in_use.lock acquired by nodename 48108@fv-az1250-130
2024-03-11 08:30:24,629 [445f6805-f50a-41ff-88e3-3279a5cf9951-groupManagement] INFO  storage.RaftStorage (RaftStorageImpl.java:format(99)) - Storage directory /home/runner/work/ozone/ozone/hadoop-ozone/integration-test/target/test-dir/MiniOzoneClusterImpl-b8fac49e-ce79-4459-ae7b-186efce8cd22/ozone-meta/datanode-1/ratis/0e7fa9db-2013-4f71-a7e7-9b9af4b7fca6 has been successfully formatted.
2024-03-11 08:30:24,629 [445f6805-f50a-41ff-88e3-3279a5cf9951-groupManagement] WARN  util.FileUtils (LogUtils.java:supplyAndLog(63)) - Failed to Files.newInputStream /home/runner/work/ozone/ozone/hadoop-ozone/integration-test/target/test-dir/MiniOzoneClusterImpl-b8fac49e-ce79-4459-ae7b-186efce8cd22/ozone-meta/datanode-1/ratis/0e7fa9db-2013-4f71-a7e7-9b9af4b7fca6/current/raft-meta.conf with options []: java.nio.file.NoSuchFileException: /home/runner/work/ozone/ozone/hadoop-ozone/integration-test/target/test-dir/MiniOzoneClusterImpl-b8fac49e-ce79-4459-ae7b-186efce8cd22/ozone-meta/datanode-1/ratis/0e7fa9db-2013-4f71-a7e7-9b9af4b7fca6/current/raft-meta.conf
2024-03-11 08:30:24,630 [bb566799-e1ae-4992-bd76-01dcb769e72e-groupManagement] INFO  storage.RaftStorage (RaftStorageImpl.java:format(99)) - Storage directory /home/runner/work/ozone/ozone/hadoop-ozone/integration-test/target/test-dir/MiniOzoneClusterImpl-b8fac49e-ce79-4459-ae7b-186efce8cd22/ozone-meta/datanode-2/ratis/7cd1daf4-21d3-439d-8c3a-05329504c2c9 has been successfully formatted.
2024-03-11 08:30:24,630 [445f6805-f50a-41ff-88e3-3279a5cf9951-groupManagement] INFO  ratis.ContainerStateMachine (ContainerStateMachine.java:loadSnapshot(287)) - group-9B9AF4B7FCA6: The snapshot info is null. Setting the last applied index to:(t:0, i:~)
2024-03-11 08:30:24,630 [445f6805-f50a-41ff-88e3-3279a5cf9951-groupManagement] INFO  server.RaftServerConfigKeys (ConfUtils.java:logGet(46)) - raft.server.log.use.memory = false (default)
2024-03-11 08:30:24,630 [bb566799-e1ae-4992-bd76-01dcb769e72e-groupManagement] WARN  util.FileUtils (LogUtils.java:supplyAndLog(63)) - Failed to Files.newInputStream /home/runner/work/ozone/ozone/hadoop-ozone/integration-test/target/test-dir/MiniOzoneClusterImpl-b8fac49e-ce79-4459-ae7b-186efce8cd22/ozone-meta/datanode-2/ratis/7cd1daf4-21d3-439d-8c3a-05329504c2c9/current/raft-meta.conf with options []: java.nio.file.NoSuchFileException: /home/runner/work/ozone/ozone/hadoop-ozone/integration-test/target/test-dir/MiniOzoneClusterImpl-b8fac49e-ce79-4459-ae7b-186efce8cd22/ozone-meta/datanode-2/ratis/7cd1daf4-21d3-439d-8c3a-05329504c2c9/current/raft-meta.conf
2024-03-11 08:30:24,630 [445f6805-f50a-41ff-88e3-3279a5cf9951-groupManagement] INFO  server.RaftServerConfigKeys (ConfUtils.java:logGet(46)) - raft.server.log.purge.gap = 1000000 (custom)
2024-03-11 08:30:24,630 [445f6805-f50a-41ff-88e3-3279a5cf9951-groupManagement] INFO  server.RaftServerConfigKeys (ConfUtils.java:logGet(46)) - raft.server.log.appender.buffer.byte-limit = 8388608 (custom)
2024-03-11 08:30:24,630 [445f6805-f50a-41ff-88e3-3279a5cf9951-groupManagement] INFO  server.RaftServerConfigKeys (ConfUtils.java:logGet(46)) - raft.server.log.statemachine.data.read.timeout = 1000ms (default)
2024-03-11 08:30:24,631 [445f6805-f50a-41ff-88e3-3279a5cf9951-groupManagement] INFO  server.RaftServerConfigKeys (ConfUtils.java:logGet(46)) - raft.server.log.purge.preservation.log.num = 0 (default)
2024-03-11 08:30:24,630 [bb566799-e1ae-4992-bd76-01dcb769e72e-groupManagement] INFO  ratis.ContainerStateMachine (ContainerStateMachine.java:loadSnapshot(287)) - group-05329504C2C9: The snapshot info is null. Setting the last applied index to:(t:0, i:~)
2024-03-11 08:30:24,631 [bb566799-e1ae-4992-bd76-01dcb769e72e-groupManagement] INFO  server.RaftServerConfigKeys (ConfUtils.java:logGet(46)) - raft.server.log.use.memory = false (default)
2024-03-11 08:30:24,631 [EventQueue-OpenPipelineForHealthyPipelineSafeModeRule] INFO  safemode.SCMSafeModeManager (HealthyPipelineSafeModeRule.java:process(140)) - SCM in safe mode. Healthy pipelines reported count is 0, required healthy pipeline reported count is 1
2024-03-11 08:30:24,631 [bb566799-e1ae-4992-bd76-01dcb769e72e-groupManagement] INFO  server.RaftServerConfigKeys (ConfUtils.java:logGet(46)) - raft.server.log.purge.gap = 1000000 (custom)
2024-03-11 08:30:24,631 [bb566799-e1ae-4992-bd76-01dcb769e72e-groupManagement] INFO  server.RaftServerConfigKeys (ConfUtils.java:logGet(46)) - raft.server.log.appender.buffer.byte-limit = 8388608 (custom)
2024-03-11 08:30:24,631 [bb566799-e1ae-4992-bd76-01dcb769e72e-groupManagement] INFO  server.RaftServerConfigKeys (ConfUtils.java:logGet(46)) - raft.server.log.statemachine.data.read.timeout = 1000ms (default)
2024-03-11 08:30:24,631 [EventQueue-PipelineReportForPipelineReportHandler] INFO  pipeline.PipelineReportHandler (PipelineReportHandler.java:processPipelineReport(136)) - Opened pipeline PipelineID=7cd1daf4-21d3-439d-8c3a-05329504c2c9
2024-03-11 08:30:24,631 [EventQueue-OpenPipelineForHealthyPipelineSafeModeRule] INFO  safemode.SCMSafeModeManager (HealthyPipelineSafeModeRule.java:process(140)) - SCM in safe mode. Healthy pipelines reported count is 0, required healthy pipeline reported count is 1
2024-03-11 08:30:24,631 [bb566799-e1ae-4992-bd76-01dcb769e72e-groupManagement] INFO  server.RaftServerConfigKeys (ConfUtils.java:logGet(46)) - raft.server.log.purge.preservation.log.num = 0 (default)
2024-03-11 08:30:24,632 [445f6805-f50a-41ff-88e3-3279a5cf9951-groupManagement] INFO  server.RaftServerConfigKeys (ConfUtils.java:logGet(46)) - raft.server.log.segment.size.max = 67108864 (custom)
2024-03-11 08:30:24,633 [445f6805-f50a-41ff-88e3-3279a5cf9951-groupManagement] INFO  server.RaftServerConfigKeys (ConfUtils.java:logGet(46)) - raft.server.log.segment.cache.num.max = 2 (custom)
2024-03-11 08:30:24,633 [445f6805-f50a-41ff-88e3-3279a5cf9951-groupManagement] INFO  server.RaftServerConfigKeys (ConfUtils.java:logGet(46)) - raft.server.log.segment.cache.size.max = 200MB (=209715200) (default)
2024-03-11 08:30:24,633 [445f6805-f50a-41ff-88e3-3279a5cf9951-groupManagement] INFO  server.RaftServerConfigKeys (ConfUtils.java:logGet(46)) - raft.server.log.appender.buffer.byte-limit = 8388608 (custom)
2024-03-11 08:30:24,633 [445f6805-f50a-41ff-88e3-3279a5cf9951-groupManagement] INFO  util.AwaitToRun (AwaitToRun.java:start(81)) - Thread[445f6805-f50a-41ff-88e3-3279a5cf9951@group-9B9AF4B7FCA6-cacheEviction-AwaitToRun,5,main] started
2024-03-11 08:30:24,633 [445f6805-f50a-41ff-88e3-3279a5cf9951-groupManagement] INFO  segmented.SegmentedRaftLogWorker (SegmentedRaftLogWorker.java:<init>(182)) - new 445f6805-f50a-41ff-88e3-3279a5cf9951@group-9B9AF4B7FCA6-SegmentedRaftLogWorker for RaftStorageImpl:Storage Directory /home/runner/work/ozone/ozone/hadoop-ozone/integration-test/target/test-dir/MiniOzoneClusterImpl-b8fac49e-ce79-4459-ae7b-186efce8cd22/ozone-meta/datanode-1/ratis/0e7fa9db-2013-4f71-a7e7-9b9af4b7fca6
2024-03-11 08:30:24,633 [445f6805-f50a-41ff-88e3-3279a5cf9951-groupManagement] INFO  server.RaftServerConfigKeys (ConfUtils.java:logGet(46)) - raft.server.log.queue.byte-limit = 4294967296 (custom)
2024-03-11 08:30:24,633 [445f6805-f50a-41ff-88e3-3279a5cf9951-groupManagement] INFO  server.RaftServerConfigKeys (ConfUtils.java:logGet(46)) - raft.server.log.queue.element-limit = 1024 (custom)
2024-03-11 08:30:24,633 [445f6805-f50a-41ff-88e3-3279a5cf9951-groupManagement] INFO  server.RaftServerConfigKeys (ConfUtils.java:logGet(46)) - raft.server.log.segment.size.max = 67108864 (custom)
2024-03-11 08:30:24,633 [445f6805-f50a-41ff-88e3-3279a5cf9951-groupManagement] INFO  server.RaftServerConfigKeys (ConfUtils.java:logGet(46)) - raft.server.log.preallocated.size = 4194304 (custom)
2024-03-11 08:30:24,633 [445f6805-f50a-41ff-88e3-3279a5cf9951-groupManagement] INFO  server.RaftServerConfigKeys (ConfUtils.java:logGet(46)) - raft.server.log.force.sync.num = 128 (default)
2024-03-11 08:30:24,634 [445f6805-f50a-41ff-88e3-3279a5cf9951-groupManagement] INFO  server.RaftServerConfigKeys (ConfUtils.java:logGet(46)) - raft.server.log.statemachine.data.sync = true (default)
2024-03-11 08:30:24,634 [445f6805-f50a-41ff-88e3-3279a5cf9951-groupManagement] INFO  server.RaftServerConfigKeys (ConfUtils.java:logGet(46)) - raft.server.log.statemachine.data.sync.timeout = 10s (default)
2024-03-11 08:30:24,634 [445f6805-f50a-41ff-88e3-3279a5cf9951-groupManagement] INFO  server.RaftServerConfigKeys (ConfUtils.java:logGet(46)) - raft.server.log.statemachine.data.sync.timeout.retry = 0 (custom)
2024-03-11 08:30:24,633 [bb566799-e1ae-4992-bd76-01dcb769e72e-groupManagement] INFO  server.RaftServerConfigKeys (ConfUtils.java:logGet(46)) - raft.server.log.segment.size.max = 67108864 (custom)
2024-03-11 08:30:24,634 [445f6805-f50a-41ff-88e3-3279a5cf9951-groupManagement] INFO  server.RaftServerConfigKeys (ConfUtils.java:logGet(46)) - raft.server.log.write.buffer.size = 8388616 (custom)
2024-03-11 08:30:24,634 [bb566799-e1ae-4992-bd76-01dcb769e72e-groupManagement] INFO  server.RaftServerConfigKeys (ConfUtils.java:logGet(46)) - raft.server.log.segment.cache.num.max = 2 (custom)
2024-03-11 08:30:24,634 [bb566799-e1ae-4992-bd76-01dcb769e72e-groupManagement] INFO  server.RaftServerConfigKeys (ConfUtils.java:logGet(46)) - raft.server.log.segment.cache.size.max = 200MB (=209715200) (default)
2024-03-11 08:30:24,634 [bb566799-e1ae-4992-bd76-01dcb769e72e-groupManagement] INFO  server.RaftServerConfigKeys (ConfUtils.java:logGet(46)) - raft.server.log.appender.buffer.byte-limit = 8388608 (custom)
2024-03-11 08:30:24,635 [bb566799-e1ae-4992-bd76-01dcb769e72e-groupManagement] INFO  util.AwaitToRun (AwaitToRun.java:start(81)) - Thread[bb566799-e1ae-4992-bd76-01dcb769e72e@group-05329504C2C9-cacheEviction-AwaitToRun,5,main] started
2024-03-11 08:30:24,635 [bb566799-e1ae-4992-bd76-01dcb769e72e-groupManagement] INFO  segmented.SegmentedRaftLogWorker (SegmentedRaftLogWorker.java:<init>(182)) - new bb566799-e1ae-4992-bd76-01dcb769e72e@group-05329504C2C9-SegmentedRaftLogWorker for RaftStorageImpl:Storage Directory /home/runner/work/ozone/ozone/hadoop-ozone/integration-test/target/test-dir/MiniOzoneClusterImpl-b8fac49e-ce79-4459-ae7b-186efce8cd22/ozone-meta/datanode-2/ratis/7cd1daf4-21d3-439d-8c3a-05329504c2c9
2024-03-11 08:30:24,635 [bb566799-e1ae-4992-bd76-01dcb769e72e-groupManagement] INFO  server.RaftServerConfigKeys (ConfUtils.java:logGet(46)) - raft.server.log.queue.byte-limit = 4294967296 (custom)
2024-03-11 08:30:24,635 [bb566799-e1ae-4992-bd76-01dcb769e72e-groupManagement] INFO  server.RaftServerConfigKeys (ConfUtils.java:logGet(46)) - raft.server.log.queue.element-limit = 1024 (custom)
2024-03-11 08:30:24,635 [bb566799-e1ae-4992-bd76-01dcb769e72e-groupManagement] INFO  server.RaftServerConfigKeys (ConfUtils.java:logGet(46)) - raft.server.log.segment.size.max = 67108864 (custom)
2024-03-11 08:30:24,635 [bb566799-e1ae-4992-bd76-01dcb769e72e-groupManagement] INFO  server.RaftServerConfigKeys (ConfUtils.java:logGet(46)) - raft.server.log.preallocated.size = 4194304 (custom)
2024-03-11 08:30:24,635 [bb566799-e1ae-4992-bd76-01dcb769e72e-groupManagement] INFO  server.RaftServerConfigKeys (ConfUtils.java:logGet(46)) - raft.server.log.force.sync.num = 128 (default)
2024-03-11 08:30:24,635 [bb566799-e1ae-4992-bd76-01dcb769e72e-groupManagement] INFO  server.RaftServerConfigKeys (ConfUtils.java:logGet(46)) - raft.server.log.statemachine.data.sync = true (default)
2024-03-11 08:30:24,635 [bb566799-e1ae-4992-bd76-01dcb769e72e-groupManagement] INFO  server.RaftServerConfigKeys (ConfUtils.java:logGet(46)) - raft.server.log.statemachine.data.sync.timeout = 10s (default)
2024-03-11 08:30:24,635 [bb566799-e1ae-4992-bd76-01dcb769e72e-groupManagement] INFO  server.RaftServerConfigKeys (ConfUtils.java:logGet(46)) - raft.server.log.statemachine.data.sync.timeout.retry = 0 (custom)
2024-03-11 08:30:24,635 [bb566799-e1ae-4992-bd76-01dcb769e72e-groupManagement] INFO  server.RaftServerConfigKeys (ConfUtils.java:logGet(46)) - raft.server.log.write.buffer.size = 8388616 (custom)
2024-03-11 08:30:24,637 [bb566799-e1ae-4992-bd76-01dcb769e72e-groupManagement] INFO  server.RaftServerConfigKeys (ConfUtils.java:logGet(46)) - raft.server.log.appender.buffer.byte-limit = 8388608 (custom)
2024-03-11 08:30:24,637 [bb566799-e1ae-4992-bd76-01dcb769e72e-groupManagement] INFO  server.RaftServerConfigKeys (ConfUtils.java:logGet(46)) - raft.server.log.unsafe-flush.enabled = false (default)
2024-03-11 08:30:24,637 [bb566799-e1ae-4992-bd76-01dcb769e72e-groupManagement] INFO  server.RaftServerConfigKeys (ConfUtils.java:logGet(46)) - raft.server.log.async-flush.enabled = false (default)
2024-03-11 08:30:24,637 [bb566799-e1ae-4992-bd76-01dcb769e72e-groupManagement] INFO  server.RaftServerConfigKeys (ConfUtils.java:logGet(46)) - raft.server.log.statemachine.data.caching.enabled = true (custom)
2024-03-11 08:30:24,637 [445f6805-f50a-41ff-88e3-3279a5cf9951-groupManagement] INFO  server.RaftServerConfigKeys (ConfUtils.java:logGet(46)) - raft.server.log.appender.buffer.byte-limit = 8388608 (custom)
2024-03-11 08:30:24,637 [445f6805-f50a-41ff-88e3-3279a5cf9951-groupManagement] INFO  server.RaftServerConfigKeys (ConfUtils.java:logGet(46)) - raft.server.log.unsafe-flush.enabled = false (default)
2024-03-11 08:30:24,637 [bb566799-e1ae-4992-bd76-01dcb769e72e-groupManagement] INFO  segmented.SegmentedRaftLogWorker (SegmentedRaftLogWorker.java:lambda$new$0(134)) - bb566799-e1ae-4992-bd76-01dcb769e72e@group-05329504C2C9-SegmentedRaftLogWorker: flushIndex: setUnconditionally 0 -> -1
2024-03-11 08:30:24,637 [bb566799-e1ae-4992-bd76-01dcb769e72e-groupManagement] INFO  segmented.SegmentedRaftLogWorker (SegmentedRaftLogWorker.java:lambda$new$0(134)) - bb566799-e1ae-4992-bd76-01dcb769e72e@group-05329504C2C9-SegmentedRaftLogWorker: safeCacheEvictIndex: setUnconditionally 0 -> -1
2024-03-11 08:30:24,637 [445f6805-f50a-41ff-88e3-3279a5cf9951-groupManagement] INFO  server.RaftServerConfigKeys (ConfUtils.java:logGet(46)) - raft.server.log.async-flush.enabled = false (default)
2024-03-11 08:30:24,638 [445f6805-f50a-41ff-88e3-3279a5cf9951-groupManagement] INFO  server.RaftServerConfigKeys (ConfUtils.java:logGet(46)) - raft.server.log.statemachine.data.caching.enabled = true (custom)
2024-03-11 08:30:24,638 [445f6805-f50a-41ff-88e3-3279a5cf9951-groupManagement] INFO  segmented.SegmentedRaftLogWorker (SegmentedRaftLogWorker.java:lambda$new$0(134)) - 445f6805-f50a-41ff-88e3-3279a5cf9951@group-9B9AF4B7FCA6-SegmentedRaftLogWorker: flushIndex: setUnconditionally 0 -> -1
2024-03-11 08:30:24,638 [445f6805-f50a-41ff-88e3-3279a5cf9951-groupManagement] INFO  segmented.SegmentedRaftLogWorker (SegmentedRaftLogWorker.java:lambda$new$0(134)) - 445f6805-f50a-41ff-88e3-3279a5cf9951@group-9B9AF4B7FCA6-SegmentedRaftLogWorker: safeCacheEvictIndex: setUnconditionally 0 -> -1
2024-03-11 08:30:24,638 [bb566799-e1ae-4992-bd76-01dcb769e72e-groupManagement] INFO  server.RaftServer$Division (RaftServerImpl.java:start(396)) - bb566799-e1ae-4992-bd76-01dcb769e72e@group-05329504C2C9: start as a follower, conf=-1: peers:[bb566799-e1ae-4992-bd76-01dcb769e72e|10.1.0.9:15117]|listeners:[], old=null
2024-03-11 08:30:24,638 [bb566799-e1ae-4992-bd76-01dcb769e72e-groupManagement] INFO  server.RaftServer$Division (RaftServerImpl.java:setRole(383)) - bb566799-e1ae-4992-bd76-01dcb769e72e@group-05329504C2C9: changes role from      null to FOLLOWER at term 0 for startAsFollower
2024-03-11 08:30:24,638 [bb566799-e1ae-4992-bd76-01dcb769e72e-groupManagement] INFO  impl.RoleInfo (RoleInfo.java:updateAndGet(139)) - bb566799-e1ae-4992-bd76-01dcb769e72e: start bb566799-e1ae-4992-bd76-01dcb769e72e@group-05329504C2C9-FollowerState
2024-03-11 08:30:24,638 [445f6805-f50a-41ff-88e3-3279a5cf9951-groupManagement] INFO  server.RaftServer$Division (RaftServerImpl.java:start(396)) - 445f6805-f50a-41ff-88e3-3279a5cf9951@group-9B9AF4B7FCA6: start as a follower, conf=-1: peers:[967f1ad7-197c-4537-b9a2-0e766318884f|10.1.0.9:15126, bb566799-e1ae-4992-bd76-01dcb769e72e|10.1.0.9:15117, 445f6805-f50a-41ff-88e3-3279a5cf9951|10.1.0.9:15108]|listeners:[], old=null
2024-03-11 08:30:24,638 [445f6805-f50a-41ff-88e3-3279a5cf9951-groupManagement] INFO  server.RaftServer$Division (RaftServerImpl.java:setRole(383)) - 445f6805-f50a-41ff-88e3-3279a5cf9951@group-9B9AF4B7FCA6: changes role from      null to FOLLOWER at term 0 for startAsFollower
2024-03-11 08:30:24,638 [445f6805-f50a-41ff-88e3-3279a5cf9951-groupManagement] INFO  impl.RoleInfo (RoleInfo.java:updateAndGet(139)) - 445f6805-f50a-41ff-88e3-3279a5cf9951: start 445f6805-f50a-41ff-88e3-3279a5cf9951@group-9B9AF4B7FCA6-FollowerState
2024-03-11 08:30:24,638 [bb566799-e1ae-4992-bd76-01dcb769e72e-groupManagement] INFO  util.JmxRegister (JmxRegister.java:tryRegister(44)) - Successfully registered JMX Bean with object name Ratis:service=RaftServer,group=group-05329504C2C9,id=bb566799-e1ae-4992-bd76-01dcb769e72e
2024-03-11 08:30:24,638 [bb566799-e1ae-4992-bd76-01dcb769e72e-groupManagement] INFO  server.RaftServerConfigKeys (ConfUtils.java:logGet(46)) - raft.server.snapshot.trigger-when-stop.enabled = true (default)
2024-03-11 08:30:24,638 [445f6805-f50a-41ff-88e3-3279a5cf9951-groupManagement] INFO  util.JmxRegister (JmxRegister.java:tryRegister(44)) - Successfully registered JMX Bean with object name Ratis:service=RaftServer,group=group-9B9AF4B7FCA6,id=445f6805-f50a-41ff-88e3-3279a5cf9951
2024-03-11 08:30:24,639 [445f6805-f50a-41ff-88e3-3279a5cf9951-groupManagement] INFO  server.RaftServerConfigKeys (ConfUtils.java:logGet(46)) - raft.server.snapshot.trigger-when-stop.enabled = true (default)
2024-03-11 08:30:24,639 [445f6805-f50a-41ff-88e3-3279a5cf9951-groupManagement] INFO  server.RaftServerConfigKeys (ConfUtils.java:logGet(46)) - raft.server.snapshot.auto.trigger.enabled = true (custom)
2024-03-11 08:30:24,639 [445f6805-f50a-41ff-88e3-3279a5cf9951-groupManagement] INFO  server.RaftServerConfigKeys (ConfUtils.java:logGet(46)) - raft.server.snapshot.auto.trigger.threshold = 10000 (custom)
2024-03-11 08:30:24,639 [445f6805-f50a-41ff-88e3-3279a5cf9951-groupManagement] INFO  server.RaftServerConfigKeys (ConfUtils.java:logGet(46)) - raft.server.snapshot.retention.file.num = 5 (custom)
2024-03-11 08:30:24,639 [445f6805-f50a-41ff-88e3-3279a5cf9951-groupManagement] INFO  server.RaftServerConfigKeys (ConfUtils.java:logGet(46)) - raft.server.log.purge.upto.snapshot.index = false (default)
2024-03-11 08:30:24,638 [bb566799-e1ae-4992-bd76-01dcb769e72e-groupManagement] INFO  server.RaftServerConfigKeys (ConfUtils.java:logGet(46)) - raft.server.snapshot.auto.trigger.enabled = true (custom)
2024-03-11 08:30:24,639 [bb566799-e1ae-4992-bd76-01dcb769e72e-groupManagement] INFO  server.RaftServerConfigKeys (ConfUtils.java:logGet(46)) - raft.server.snapshot.auto.trigger.threshold = 10000 (custom)
2024-03-11 08:30:24,639 [bb566799-e1ae-4992-bd76-01dcb769e72e-groupManagement] INFO  server.RaftServerConfigKeys (ConfUtils.java:logGet(46)) - raft.server.snapshot.retention.file.num = 5 (custom)
2024-03-11 08:30:24,639 [bb566799-e1ae-4992-bd76-01dcb769e72e-groupManagement] INFO  server.RaftServerConfigKeys (ConfUtils.java:logGet(46)) - raft.server.log.purge.upto.snapshot.index = false (default)
2024-03-11 08:30:24,639 [445f6805-f50a-41ff-88e3-3279a5cf9951@group-9B9AF4B7FCA6-FollowerState] INFO  server.RaftServerConfigKeys (ConfUtils.java:logFallback(53)) - raft.server.rpc.first-election.timeout.min = 5s (fallback to raft.server.rpc.timeout.min)
2024-03-11 08:30:24,639 [445f6805-f50a-41ff-88e3-3279a5cf9951@group-9B9AF4B7FCA6-FollowerState] INFO  server.RaftServerConfigKeys (ConfUtils.java:logFallback(53)) - raft.server.rpc.first-election.timeout.max = 5200ms (fallback to raft.server.rpc.timeout.max)
2024-03-11 08:30:24,640 [bb566799-e1ae-4992-bd76-01dcb769e72e@group-05329504C2C9-FollowerState] INFO  server.RaftServerConfigKeys (ConfUtils.java:logFallback(53)) - raft.server.rpc.first-election.timeout.min = 5s (fallback to raft.server.rpc.timeout.min)
2024-03-11 08:30:24,640 [bb566799-e1ae-4992-bd76-01dcb769e72e-PipelineCommandHandlerThread-0] INFO  ratis.XceiverServerRatis (XceiverServerRatis.java:addGroup(864)) - Created group PipelineID=7cd1daf4-21d3-439d-8c3a-05329504c2c9
2024-03-11 08:30:24,640 [445f6805-f50a-41ff-88e3-3279a5cf9951-PipelineCommandHandlerThread-0] INFO  ratis.XceiverServerRatis (XceiverServerRatis.java:addGroup(864)) - Created group PipelineID=0e7fa9db-2013-4f71-a7e7-9b9af4b7fca6
2024-03-11 08:30:24,640 [bb566799-e1ae-4992-bd76-01dcb769e72e-PipelineCommandHandlerThread-0] INFO  commandhandler.CreatePipelineCommandHandler (CreatePipelineCommandHandler.java:lambda$handle$2(124)) - Created Pipeline RATIS ONE PipelineID=7cd1daf4-21d3-439d-8c3a-05329504c2c9.
2024-03-11 08:30:24,640 [bb566799-e1ae-4992-bd76-01dcb769e72e-PipelineCommandHandlerThread-0] INFO  server.RaftServer (RaftServerProxy.java:addNew(100)) - bb566799-e1ae-4992-bd76-01dcb769e72e: addNew group-9B9AF4B7FCA6:[967f1ad7-197c-4537-b9a2-0e766318884f|10.1.0.9:15126, bb566799-e1ae-4992-bd76-01dcb769e72e|10.1.0.9:15117, 445f6805-f50a-41ff-88e3-3279a5cf9951|10.1.0.9:15108] returns group-9B9AF4B7FCA6:java.util.concurrent.CompletableFuture@4ff26746[Not completed]
2024-03-11 08:30:24,641 [bb566799-e1ae-4992-bd76-01dcb769e72e-groupManagement] INFO  server.RaftServer$Division (RaftServerImpl.java:<init>(256)) - bb566799-e1ae-4992-bd76-01dcb769e72e: new RaftServerImpl for group-9B9AF4B7FCA6:[967f1ad7-197c-4537-b9a2-0e766318884f|10.1.0.9:15126, bb566799-e1ae-4992-bd76-01dcb769e72e|10.1.0.9:15117, 445f6805-f50a-41ff-88e3-3279a5cf9951|10.1.0.9:15108] with ContainerStateMachine:uninitialized
2024-03-11 08:30:24,641 [bb566799-e1ae-4992-bd76-01dcb769e72e-groupManagement] INFO  server.RaftServerConfigKeys (ConfUtils.java:logGet(46)) - raft.server.rpc.timeout.min = 5s (custom)
2024-03-11 08:30:24,641 [bb566799-e1ae-4992-bd76-01dcb769e72e-groupManagement] INFO  server.RaftServerConfigKeys (ConfUtils.java:logGet(46)) - raft.server.rpc.timeout.max = 5200ms (custom)
2024-03-11 08:30:24,641 [bb566799-e1ae-4992-bd76-01dcb769e72e-groupManagement] INFO  server.RaftServerConfigKeys (ConfUtils.java:logGet(46)) - raft.server.rpc.sleep.time = 25ms (default)
2024-03-11 08:30:24,641 [bb566799-e1ae-4992-bd76-01dcb769e72e-groupManagement] INFO  server.RaftServerConfigKeys (ConfUtils.java:logGet(46)) - raft.server.rpc.slowness.timeout = 300s (custom)
2024-03-11 08:30:24,641 [bb566799-e1ae-4992-bd76-01dcb769e72e-groupManagement] INFO  server.RaftServerConfigKeys (ConfUtils.java:logGet(46)) - raft.server.leaderelection.leader.step-down.wait-time = 10s (default)
2024-03-11 08:30:24,641 [bb566799-e1ae-4992-bd76-01dcb769e72e-groupManagement] INFO  server.RaftServerConfigKeys (ConfUtils.java:logGet(46)) - raft.server.leaderelection.member.majority-add = false (default)
2024-03-11 08:30:24,642 [bb566799-e1ae-4992-bd76-01dcb769e72e-groupManagement] INFO  server.RaftServerConfigKeys (ConfUtils.java:logGet(46)) - raft.server.sleep.deviation.threshold = 300ms (default)
2024-03-11 08:30:24,642 [bb566799-e1ae-4992-bd76-01dcb769e72e-groupManagement] INFO  server.RaftServer$Division (ServerState.java:<init>(113)) - bb566799-e1ae-4992-bd76-01dcb769e72e@group-9B9AF4B7FCA6: ConfigurationManager, init=-1: peers:[967f1ad7-197c-4537-b9a2-0e766318884f|10.1.0.9:15126, bb566799-e1ae-4992-bd76-01dcb769e72e|10.1.0.9:15117, 445f6805-f50a-41ff-88e3-3279a5cf9951|10.1.0.9:15108]|listeners:[], old=null, confs=<EMPTY_MAP>
2024-03-11 08:30:24,642 [bb566799-e1ae-4992-bd76-01dcb769e72e-groupManagement] INFO  server.RaftServerConfigKeys (ConfUtils.java:logGet(46)) - raft.server.notification.no-leader.timeout = 300s (custom)
2024-03-11 08:30:24,642 [bb566799-e1ae-4992-bd76-01dcb769e72e-groupManagement] INFO  server.RaftServerConfigKeys (ConfUtils.java:logGet(46)) - raft.server.read.timeout = 10s (default)
2024-03-11 08:30:24,642 [bb566799-e1ae-4992-bd76-01dcb769e72e-groupManagement] INFO  server.RaftServerConfigKeys (ConfUtils.java:logGet(46)) - raft.server.retrycache.expirytime = 600000ms (custom)
2024-03-11 08:30:24,642 [bb566799-e1ae-4992-bd76-01dcb769e72e-groupManagement] INFO  server.RaftServerConfigKeys (ConfUtils.java:logGet(46)) - raft.server.retrycache.statistics.expirytime = 100ms (default)
2024-03-11 08:30:24,642 [bb566799-e1ae-4992-bd76-01dcb769e72e-groupManagement] INFO  server.RaftServerConfigKeys (ConfUtils.java:logGet(46)) - raft.server.read.option = DEFAULT (default)
2024-03-11 08:30:24,642 [bb566799-e1ae-4992-bd76-01dcb769e72e-groupManagement] INFO  server.RaftServerConfigKeys (ConfUtils.java:logGet(46)) - raft.server.read.read-after-write-consistent.write-index-cache.expiry-time = 60s (default)
2024-03-11 08:30:24,644 [bb566799-e1ae-4992-bd76-01dcb769e72e-groupManagement] INFO  server.RaftServerConfigKeys (ConfUtils.java:logGet(46)) - raft.server.rpc.request.timeout = 60s (custom)
2024-03-11 08:30:24,644 [bb566799-e1ae-4992-bd76-01dcb769e72e-groupManagement] INFO  server.RaftServerConfigKeys (ConfUtils.java:logGet(46)) - raft.server.log.appender.install.snapshot.enabled = false (custom)
2024-03-11 08:30:24,644 [bb566799-e1ae-4992-bd76-01dcb769e72e-groupManagement] INFO  server.RaftServerConfigKeys (ConfUtils.java:logGet(46)) - raft.server.threadpool.server.cached = true (default)
2024-03-11 08:30:24,644 [bb566799-e1ae-4992-bd76-01dcb769e72e-groupManagement] INFO  server.RaftServerConfigKeys (ConfUtils.java:logGet(46)) - raft.server.threadpool.server.size = 0 (default)
2024-03-11 08:30:24,644 [bb566799-e1ae-4992-bd76-01dcb769e72e-groupManagement] INFO  server.RaftServerConfigKeys (ConfUtils.java:logGet(46)) - raft.server.threadpool.client.cached = true (default)
2024-03-11 08:30:24,644 [bb566799-e1ae-4992-bd76-01dcb769e72e-groupManagement] INFO  server.RaftServerConfigKeys (ConfUtils.java:logGet(46)) - raft.server.threadpool.client.size = 0 (default)
2024-03-11 08:30:24,644 [bb566799-e1ae-4992-bd76-01dcb769e72e-groupManagement] INFO  server.RaftServerConfigKeys (ConfUtils.java:logGet(46)) - raft.server.storage.free-space.min = 0MB (=0) (default)
2024-03-11 08:30:24,644 [bb566799-e1ae-4992-bd76-01dcb769e72e-groupManagement] INFO  server.RaftServerConfigKeys (ConfUtils.java:logGet(46)) - raft.server.log.corruption.policy = EXCEPTION (default)
2024-03-11 08:30:24,644 [bb566799-e1ae-4992-bd76-01dcb769e72e-groupManagement] INFO  server.RaftServerConfigKeys (ConfUtils.java:logGet(46)) - raft.server.storage.dir = [/home/runner/work/ozone/ozone/hadoop-ozone/integration-test/target/test-dir/MiniOzoneClusterImpl-b8fac49e-ce79-4459-ae7b-186efce8cd22/ozone-meta/datanode-2/ratis] (custom)
2024-03-11 08:30:24,644 [bb566799-e1ae-4992-bd76-01dcb769e72e-groupManagement] INFO  storage.RaftStorageDirectory (RaftStorageDirectoryImpl.java:analyzeStorage(138)) - The storage directory /home/runner/work/ozone/ozone/hadoop-ozone/integration-test/target/test-dir/MiniOzoneClusterImpl-b8fac49e-ce79-4459-ae7b-186efce8cd22/ozone-meta/datanode-2/ratis/0e7fa9db-2013-4f71-a7e7-9b9af4b7fca6 does not exist. Creating ...
2024-03-11 08:30:24,645 [bb566799-e1ae-4992-bd76-01dcb769e72e@group-05329504C2C9-FollowerState] INFO  server.RaftServerConfigKeys (ConfUtils.java:logFallback(53)) - raft.server.rpc.first-election.timeout.max = 5200ms (fallback to raft.server.rpc.timeout.max)
2024-03-11 08:30:24,645 [bb566799-e1ae-4992-bd76-01dcb769e72e-groupManagement] INFO  storage.RaftStorageDirectory (RaftStorageDirectoryImpl.java:tryLock(228)) - Lock on /home/runner/work/ozone/ozone/hadoop-ozone/integration-test/target/test-dir/MiniOzoneClusterImpl-b8fac49e-ce79-4459-ae7b-186efce8cd22/ozone-meta/datanode-2/ratis/0e7fa9db-2013-4f71-a7e7-9b9af4b7fca6/in_use.lock acquired by nodename 48108@fv-az1250-130
2024-03-11 08:30:24,648 [bb566799-e1ae-4992-bd76-01dcb769e72e-groupManagement] INFO  storage.RaftStorage (RaftStorageImpl.java:format(99)) - Storage directory /home/runner/work/ozone/ozone/hadoop-ozone/integration-test/target/test-dir/MiniOzoneClusterImpl-b8fac49e-ce79-4459-ae7b-186efce8cd22/ozone-meta/datanode-2/ratis/0e7fa9db-2013-4f71-a7e7-9b9af4b7fca6 has been successfully formatted.
2024-03-11 08:30:24,648 [bb566799-e1ae-4992-bd76-01dcb769e72e-groupManagement] WARN  util.FileUtils (LogUtils.java:supplyAndLog(63)) - Failed to Files.newInputStream /home/runner/work/ozone/ozone/hadoop-ozone/integration-test/target/test-dir/MiniOzoneClusterImpl-b8fac49e-ce79-4459-ae7b-186efce8cd22/ozone-meta/datanode-2/ratis/0e7fa9db-2013-4f71-a7e7-9b9af4b7fca6/current/raft-meta.conf with options []: java.nio.file.NoSuchFileException: /home/runner/work/ozone/ozone/hadoop-ozone/integration-test/target/test-dir/MiniOzoneClusterImpl-b8fac49e-ce79-4459-ae7b-186efce8cd22/ozone-meta/datanode-2/ratis/0e7fa9db-2013-4f71-a7e7-9b9af4b7fca6/current/raft-meta.conf
2024-03-11 08:30:24,648 [bb566799-e1ae-4992-bd76-01dcb769e72e-groupManagement] INFO  ratis.ContainerStateMachine (ContainerStateMachine.java:loadSnapshot(287)) - group-9B9AF4B7FCA6: The snapshot info is null. Setting the last applied index to:(t:0, i:~)
2024-03-11 08:30:24,648 [bb566799-e1ae-4992-bd76-01dcb769e72e-groupManagement] INFO  server.RaftServerConfigKeys (ConfUtils.java:logGet(46)) - raft.server.log.use.memory = false (default)
2024-03-11 08:30:24,649 [bb566799-e1ae-4992-bd76-01dcb769e72e-groupManagement] INFO  server.RaftServerConfigKeys (ConfUtils.java:logGet(46)) - raft.server.log.purge.gap = 1000000 (custom)
2024-03-11 08:30:24,649 [bb566799-e1ae-4992-bd76-01dcb769e72e-groupManagement] INFO  server.RaftServerConfigKeys (ConfUtils.java:logGet(46)) - raft.server.log.appender.buffer.byte-limit = 8388608 (custom)
2024-03-11 08:30:24,649 [bb566799-e1ae-4992-bd76-01dcb769e72e-groupManagement] INFO  server.RaftServerConfigKeys (ConfUtils.java:logGet(46)) - raft.server.log.statemachine.data.read.timeout = 1000ms (default)
2024-03-11 08:30:24,649 [bb566799-e1ae-4992-bd76-01dcb769e72e-groupManagement] INFO  server.RaftServerConfigKeys (ConfUtils.java:logGet(46)) - raft.server.log.purge.preservation.log.num = 0 (default)
2024-03-11 08:30:24,649 [EventQueue-OpenPipelineForHealthyPipelineSafeModeRule] INFO  safemode.SCMSafeModeManager (HealthyPipelineSafeModeRule.java:process(140)) - SCM in safe mode. Healthy pipelines reported count is 0, required healthy pipeline reported count is 1
2024-03-11 08:30:24,650 [bb566799-e1ae-4992-bd76-01dcb769e72e-groupManagement] INFO  server.RaftServerConfigKeys (ConfUtils.java:logGet(46)) - raft.server.log.segment.size.max = 67108864 (custom)
2024-03-11 08:30:24,650 [bb566799-e1ae-4992-bd76-01dcb769e72e-groupManagement] INFO  server.RaftServerConfigKeys (ConfUtils.java:logGet(46)) - raft.server.log.segment.cache.num.max = 2 (custom)
2024-03-11 08:30:24,650 [bb566799-e1ae-4992-bd76-01dcb769e72e-groupManagement] INFO  server.RaftServerConfigKeys (ConfUtils.java:logGet(46)) - raft.server.log.segment.cache.size.max = 200MB (=209715200) (default)
2024-03-11 08:30:24,650 [bb566799-e1ae-4992-bd76-01dcb769e72e-groupManagement] INFO  server.RaftServerConfigKeys (ConfUtils.java:logGet(46)) - raft.server.log.appender.buffer.byte-limit = 8388608 (custom)
2024-03-11 08:30:24,650 [bb566799-e1ae-4992-bd76-01dcb769e72e-groupManagement] INFO  util.AwaitToRun (AwaitToRun.java:start(81)) - Thread[bb566799-e1ae-4992-bd76-01dcb769e72e@group-9B9AF4B7FCA6-cacheEviction-AwaitToRun,5,main] started
2024-03-11 08:30:24,650 [bb566799-e1ae-4992-bd76-01dcb769e72e-groupManagement] INFO  segmented.SegmentedRaftLogWorker (SegmentedRaftLogWorker.java:<init>(182)) - new bb566799-e1ae-4992-bd76-01dcb769e72e@group-9B9AF4B7FCA6-SegmentedRaftLogWorker for RaftStorageImpl:Storage Directory /home/runner/work/ozone/ozone/hadoop-ozone/integration-test/target/test-dir/MiniOzoneClusterImpl-b8fac49e-ce79-4459-ae7b-186efce8cd22/ozone-meta/datanode-2/ratis/0e7fa9db-2013-4f71-a7e7-9b9af4b7fca6
2024-03-11 08:30:24,650 [bb566799-e1ae-4992-bd76-01dcb769e72e-groupManagement] INFO  server.RaftServerConfigKeys (ConfUtils.java:logGet(46)) - raft.server.log.queue.byte-limit = 4294967296 (custom)
2024-03-11 08:30:24,650 [bb566799-e1ae-4992-bd76-01dcb769e72e-groupManagement] INFO  server.RaftServerConfigKeys (ConfUtils.java:logGet(46)) - raft.server.log.queue.element-limit = 1024 (custom)
2024-03-11 08:30:24,650 [bb566799-e1ae-4992-bd76-01dcb769e72e-groupManagement] INFO  server.RaftServerConfigKeys (ConfUtils.java:logGet(46)) - raft.server.log.segment.size.max = 67108864 (custom)
2024-03-11 08:30:24,650 [bb566799-e1ae-4992-bd76-01dcb769e72e-groupManagement] INFO  server.RaftServerConfigKeys (ConfUtils.java:logGet(46)) - raft.server.log.preallocated.size = 4194304 (custom)
2024-03-11 08:30:24,650 [bb566799-e1ae-4992-bd76-01dcb769e72e-groupManagement] INFO  server.RaftServerConfigKeys (ConfUtils.java:logGet(46)) - raft.server.log.force.sync.num = 128 (default)
2024-03-11 08:30:24,650 [bb566799-e1ae-4992-bd76-01dcb769e72e-groupManagement] INFO  server.RaftServerConfigKeys (ConfUtils.java:logGet(46)) - raft.server.log.statemachine.data.sync = true (default)
2024-03-11 08:30:24,650 [bb566799-e1ae-4992-bd76-01dcb769e72e-groupManagement] INFO  server.RaftServerConfigKeys (ConfUtils.java:logGet(46)) - raft.server.log.statemachine.data.sync.timeout = 10s (default)
2024-03-11 08:30:24,650 [bb566799-e1ae-4992-bd76-01dcb769e72e-groupManagement] INFO  server.RaftServerConfigKeys (ConfUtils.java:logGet(46)) - raft.server.log.statemachine.data.sync.timeout.retry = 0 (custom)
2024-03-11 08:30:24,651 [bb566799-e1ae-4992-bd76-01dcb769e72e-groupManagement] INFO  server.RaftServerConfigKeys (ConfUtils.java:logGet(46)) - raft.server.log.write.buffer.size = 8388616 (custom)
2024-03-11 08:30:24,652 [bb566799-e1ae-4992-bd76-01dcb769e72e-groupManagement] INFO  server.RaftServerConfigKeys (ConfUtils.java:logGet(46)) - raft.server.log.appender.buffer.byte-limit = 8388608 (custom)
2024-03-11 08:30:24,652 [bb566799-e1ae-4992-bd76-01dcb769e72e-groupManagement] INFO  server.RaftServerConfigKeys (ConfUtils.java:logGet(46)) - raft.server.log.unsafe-flush.enabled = false (default)
2024-03-11 08:30:24,652 [bb566799-e1ae-4992-bd76-01dcb769e72e-groupManagement] INFO  server.RaftServerConfigKeys (ConfUtils.java:logGet(46)) - raft.server.log.async-flush.enabled = false (default)
2024-03-11 08:30:24,652 [bb566799-e1ae-4992-bd76-01dcb769e72e-groupManagement] INFO  server.RaftServerConfigKeys (ConfUtils.java:logGet(46)) - raft.server.log.statemachine.data.caching.enabled = true (custom)
2024-03-11 08:30:24,652 [bb566799-e1ae-4992-bd76-01dcb769e72e-groupManagement] INFO  segmented.SegmentedRaftLogWorker (SegmentedRaftLogWorker.java:lambda$new$0(134)) - bb566799-e1ae-4992-bd76-01dcb769e72e@group-9B9AF4B7FCA6-SegmentedRaftLogWorker: flushIndex: setUnconditionally 0 -> -1
2024-03-11 08:30:24,652 [bb566799-e1ae-4992-bd76-01dcb769e72e-groupManagement] INFO  segmented.SegmentedRaftLogWorker (SegmentedRaftLogWorker.java:lambda$new$0(134)) - bb566799-e1ae-4992-bd76-01dcb769e72e@group-9B9AF4B7FCA6-SegmentedRaftLogWorker: safeCacheEvictIndex: setUnconditionally 0 -> -1
2024-03-11 08:30:24,652 [bb566799-e1ae-4992-bd76-01dcb769e72e-groupManagement] INFO  server.RaftServer$Division (RaftServerImpl.java:start(396)) - bb566799-e1ae-4992-bd76-01dcb769e72e@group-9B9AF4B7FCA6: start as a follower, conf=-1: peers:[967f1ad7-197c-4537-b9a2-0e766318884f|10.1.0.9:15126, bb566799-e1ae-4992-bd76-01dcb769e72e|10.1.0.9:15117, 445f6805-f50a-41ff-88e3-3279a5cf9951|10.1.0.9:15108]|listeners:[], old=null
2024-03-11 08:30:24,652 [bb566799-e1ae-4992-bd76-01dcb769e72e-groupManagement] INFO  server.RaftServer$Division (RaftServerImpl.java:setRole(383)) - bb566799-e1ae-4992-bd76-01dcb769e72e@group-9B9AF4B7FCA6: changes role from      null to FOLLOWER at term 0 for startAsFollower
2024-03-11 08:30:24,652 [bb566799-e1ae-4992-bd76-01dcb769e72e-groupManagement] INFO  impl.RoleInfo (RoleInfo.java:updateAndGet(139)) - bb566799-e1ae-4992-bd76-01dcb769e72e: start bb566799-e1ae-4992-bd76-01dcb769e72e@group-9B9AF4B7FCA6-FollowerState
2024-03-11 08:30:24,654 [bb566799-e1ae-4992-bd76-01dcb769e72e@group-9B9AF4B7FCA6-FollowerState] INFO  server.RaftServerConfigKeys (ConfUtils.java:logFallback(53)) - raft.server.rpc.first-election.timeout.min = 5s (fallback to raft.server.rpc.timeout.min)
2024-03-11 08:30:24,654 [bb566799-e1ae-4992-bd76-01dcb769e72e-groupManagement] INFO  util.JmxRegister (JmxRegister.java:tryRegister(44)) - Successfully registered JMX Bean with object name Ratis:service=RaftServer,group=group-9B9AF4B7FCA6,id=bb566799-e1ae-4992-bd76-01dcb769e72e
2024-03-11 08:30:24,654 [bb566799-e1ae-4992-bd76-01dcb769e72e@group-9B9AF4B7FCA6-FollowerState] INFO  server.RaftServerConfigKeys (ConfUtils.java:logFallback(53)) - raft.server.rpc.first-election.timeout.max = 5200ms (fallback to raft.server.rpc.timeout.max)
2024-03-11 08:30:24,654 [bb566799-e1ae-4992-bd76-01dcb769e72e-groupManagement] INFO  server.RaftServerConfigKeys (ConfUtils.java:logGet(46)) - raft.server.snapshot.trigger-when-stop.enabled = true (default)
2024-03-11 08:30:24,654 [bb566799-e1ae-4992-bd76-01dcb769e72e-groupManagement] INFO  server.RaftServerConfigKeys (ConfUtils.java:logGet(46)) - raft.server.snapshot.auto.trigger.enabled = true (custom)
2024-03-11 08:30:24,654 [bb566799-e1ae-4992-bd76-01dcb769e72e-groupManagement] INFO  server.RaftServerConfigKeys (ConfUtils.java:logGet(46)) - raft.server.snapshot.auto.trigger.threshold = 10000 (custom)
2024-03-11 08:30:24,654 [bb566799-e1ae-4992-bd76-01dcb769e72e-groupManagement] INFO  server.RaftServerConfigKeys (ConfUtils.java:logGet(46)) - raft.server.snapshot.retention.file.num = 5 (custom)
2024-03-11 08:30:24,654 [bb566799-e1ae-4992-bd76-01dcb769e72e-groupManagement] INFO  server.RaftServerConfigKeys (ConfUtils.java:logGet(46)) - raft.server.log.purge.upto.snapshot.index = false (default)
2024-03-11 08:30:24,655 [bb566799-e1ae-4992-bd76-01dcb769e72e-PipelineCommandHandlerThread-0] INFO  ratis.XceiverServerRatis (XceiverServerRatis.java:addGroup(864)) - Created group PipelineID=0e7fa9db-2013-4f71-a7e7-9b9af4b7fca6
2024-03-11 08:30:24,664 [grpc-default-executor-1] INFO  server.RaftServer (RaftServerProxy.java:addNew(100)) - 967f1ad7-197c-4537-b9a2-0e766318884f: addNew group-9B9AF4B7FCA6:[967f1ad7-197c-4537-b9a2-0e766318884f|10.1.0.9:15126, bb566799-e1ae-4992-bd76-01dcb769e72e|10.1.0.9:15117, 445f6805-f50a-41ff-88e3-3279a5cf9951|10.1.0.9:15108] returns group-9B9AF4B7FCA6:java.util.concurrent.CompletableFuture@1831a8e1[Not completed]
2024-03-11 08:30:24,665 [967f1ad7-197c-4537-b9a2-0e766318884f-groupManagement] INFO  server.RaftServer$Division (RaftServerImpl.java:<init>(256)) - 967f1ad7-197c-4537-b9a2-0e766318884f: new RaftServerImpl for group-9B9AF4B7FCA6:[967f1ad7-197c-4537-b9a2-0e766318884f|10.1.0.9:15126, bb566799-e1ae-4992-bd76-01dcb769e72e|10.1.0.9:15117, 445f6805-f50a-41ff-88e3-3279a5cf9951|10.1.0.9:15108] with ContainerStateMachine:uninitialized
2024-03-11 08:30:24,665 [967f1ad7-197c-4537-b9a2-0e766318884f-groupManagement] INFO  server.RaftServerConfigKeys (ConfUtils.java:logGet(46)) - raft.server.rpc.timeout.min = 5s (custom)
2024-03-11 08:30:24,665 [967f1ad7-197c-4537-b9a2-0e766318884f-groupManagement] INFO  server.RaftServerConfigKeys (ConfUtils.java:logGet(46)) - raft.server.rpc.timeout.max = 5200ms (custom)
2024-03-11 08:30:24,665 [967f1ad7-197c-4537-b9a2-0e766318884f-groupManagement] INFO  server.RaftServerConfigKeys (ConfUtils.java:logGet(46)) - raft.server.rpc.sleep.time = 25ms (default)
2024-03-11 08:30:24,665 [967f1ad7-197c-4537-b9a2-0e766318884f-groupManagement] INFO  server.RaftServerConfigKeys (ConfUtils.java:logGet(46)) - raft.server.rpc.slowness.timeout = 300s (custom)
2024-03-11 08:30:24,665 [967f1ad7-197c-4537-b9a2-0e766318884f-groupManagement] INFO  server.RaftServerConfigKeys (ConfUtils.java:logGet(46)) - raft.server.leaderelection.leader.step-down.wait-time = 10s (default)
2024-03-11 08:30:24,665 [967f1ad7-197c-4537-b9a2-0e766318884f-groupManagement] INFO  server.RaftServerConfigKeys (ConfUtils.java:logGet(46)) - raft.server.leaderelection.member.majority-add = false (default)
2024-03-11 08:30:24,665 [967f1ad7-197c-4537-b9a2-0e766318884f-groupManagement] INFO  server.RaftServerConfigKeys (ConfUtils.java:logGet(46)) - raft.server.sleep.deviation.threshold = 300ms (default)
2024-03-11 08:30:24,665 [967f1ad7-197c-4537-b9a2-0e766318884f-groupManagement] INFO  server.RaftServer$Division (ServerState.java:<init>(113)) - 967f1ad7-197c-4537-b9a2-0e766318884f@group-9B9AF4B7FCA6: ConfigurationManager, init=-1: peers:[967f1ad7-197c-4537-b9a2-0e766318884f|10.1.0.9:15126, bb566799-e1ae-4992-bd76-01dcb769e72e|10.1.0.9:15117, 445f6805-f50a-41ff-88e3-3279a5cf9951|10.1.0.9:15108]|listeners:[], old=null, confs=<EMPTY_MAP>
2024-03-11 08:30:24,665 [967f1ad7-197c-4537-b9a2-0e766318884f-groupManagement] INFO  server.RaftServerConfigKeys (ConfUtils.java:logGet(46)) - raft.server.notification.no-leader.timeout = 300s (custom)
2024-03-11 08:30:24,665 [967f1ad7-197c-4537-b9a2-0e766318884f-groupManagement] INFO  server.RaftServerConfigKeys (ConfUtils.java:logGet(46)) - raft.server.read.timeout = 10s (default)
2024-03-11 08:30:24,665 [967f1ad7-197c-4537-b9a2-0e766318884f-groupManagement] INFO  server.RaftServerConfigKeys (ConfUtils.java:logGet(46)) - raft.server.retrycache.expirytime = 600000ms (custom)
2024-03-11 08:30:24,665 [967f1ad7-197c-4537-b9a2-0e766318884f-groupManagement] INFO  server.RaftServerConfigKeys (ConfUtils.java:logGet(46)) - raft.server.retrycache.statistics.expirytime = 100ms (default)
2024-03-11 08:30:24,665 [967f1ad7-197c-4537-b9a2-0e766318884f-groupManagement] INFO  server.RaftServerConfigKeys (ConfUtils.java:logGet(46)) - raft.server.read.option = DEFAULT (default)
2024-03-11 08:30:24,666 [967f1ad7-197c-4537-b9a2-0e766318884f-groupManagement] INFO  server.RaftServerConfigKeys (ConfUtils.java:logGet(46)) - raft.server.read.read-after-write-consistent.write-index-cache.expiry-time = 60s (default)
2024-03-11 08:30:24,670 [967f1ad7-197c-4537-b9a2-0e766318884f-groupManagement] INFO  server.RaftServerConfigKeys (ConfUtils.java:logGet(46)) - raft.server.rpc.request.timeout = 60s (custom)
2024-03-11 08:30:24,670 [967f1ad7-197c-4537-b9a2-0e766318884f-groupManagement] INFO  server.RaftServerConfigKeys (ConfUtils.java:logGet(46)) - raft.server.log.appender.install.snapshot.enabled = false (custom)
2024-03-11 08:30:24,671 [967f1ad7-197c-4537-b9a2-0e766318884f-groupManagement] INFO  server.RaftServerConfigKeys (ConfUtils.java:logGet(46)) - raft.server.threadpool.server.cached = true (default)
2024-03-11 08:30:24,671 [967f1ad7-197c-4537-b9a2-0e766318884f-groupManagement] INFO  server.RaftServerConfigKeys (ConfUtils.java:logGet(46)) - raft.server.threadpool.server.size = 0 (default)
2024-03-11 08:30:24,671 [967f1ad7-197c-4537-b9a2-0e766318884f-groupManagement] INFO  server.RaftServerConfigKeys (ConfUtils.java:logGet(46)) - raft.server.threadpool.client.cached = true (default)
2024-03-11 08:30:24,671 [967f1ad7-197c-4537-b9a2-0e766318884f-groupManagement] INFO  server.RaftServerConfigKeys (ConfUtils.java:logGet(46)) - raft.server.threadpool.client.size = 0 (default)
2024-03-11 08:30:24,671 [967f1ad7-197c-4537-b9a2-0e766318884f-groupManagement] INFO  server.RaftServerConfigKeys (ConfUtils.java:logGet(46)) - raft.server.storage.free-space.min = 0MB (=0) (default)
2024-03-11 08:30:24,671 [967f1ad7-197c-4537-b9a2-0e766318884f-groupManagement] INFO  server.RaftServerConfigKeys (ConfUtils.java:logGet(46)) - raft.server.log.corruption.policy = EXCEPTION (default)
2024-03-11 08:30:24,671 [967f1ad7-197c-4537-b9a2-0e766318884f-groupManagement] INFO  server.RaftServerConfigKeys (ConfUtils.java:logGet(46)) - raft.server.storage.dir = [/home/runner/work/ozone/ozone/hadoop-ozone/integration-test/target/test-dir/MiniOzoneClusterImpl-b8fac49e-ce79-4459-ae7b-186efce8cd22/ozone-meta/datanode-3/ratis] (custom)
2024-03-11 08:30:24,671 [967f1ad7-197c-4537-b9a2-0e766318884f-groupManagement] INFO  storage.RaftStorageDirectory (RaftStorageDirectoryImpl.java:analyzeStorage(138)) - The storage directory /home/runner/work/ozone/ozone/hadoop-ozone/integration-test/target/test-dir/MiniOzoneClusterImpl-b8fac49e-ce79-4459-ae7b-186efce8cd22/ozone-meta/datanode-3/ratis/0e7fa9db-2013-4f71-a7e7-9b9af4b7fca6 does not exist. Creating ...
2024-03-11 08:30:24,672 [967f1ad7-197c-4537-b9a2-0e766318884f-groupManagement] INFO  storage.RaftStorageDirectory (RaftStorageDirectoryImpl.java:tryLock(228)) - Lock on /home/runner/work/ozone/ozone/hadoop-ozone/integration-test/target/test-dir/MiniOzoneClusterImpl-b8fac49e-ce79-4459-ae7b-186efce8cd22/ozone-meta/datanode-3/ratis/0e7fa9db-2013-4f71-a7e7-9b9af4b7fca6/in_use.lock acquired by nodename 48108@fv-az1250-130
2024-03-11 08:30:24,674 [967f1ad7-197c-4537-b9a2-0e766318884f-groupManagement] INFO  storage.RaftStorage (RaftStorageImpl.java:format(99)) - Storage directory /home/runner/work/ozone/ozone/hadoop-ozone/integration-test/target/test-dir/MiniOzoneClusterImpl-b8fac49e-ce79-4459-ae7b-186efce8cd22/ozone-meta/datanode-3/ratis/0e7fa9db-2013-4f71-a7e7-9b9af4b7fca6 has been successfully formatted.
2024-03-11 08:30:24,674 [967f1ad7-197c-4537-b9a2-0e766318884f-groupManagement] WARN  util.FileUtils (LogUtils.java:supplyAndLog(63)) - Failed to Files.newInputStream /home/runner/work/ozone/ozone/hadoop-ozone/integration-test/target/test-dir/MiniOzoneClusterImpl-b8fac49e-ce79-4459-ae7b-186efce8cd22/ozone-meta/datanode-3/ratis/0e7fa9db-2013-4f71-a7e7-9b9af4b7fca6/current/raft-meta.conf with options []: java.nio.file.NoSuchFileException: /home/runner/work/ozone/ozone/hadoop-ozone/integration-test/target/test-dir/MiniOzoneClusterImpl-b8fac49e-ce79-4459-ae7b-186efce8cd22/ozone-meta/datanode-3/ratis/0e7fa9db-2013-4f71-a7e7-9b9af4b7fca6/current/raft-meta.conf
2024-03-11 08:30:24,674 [967f1ad7-197c-4537-b9a2-0e766318884f-groupManagement] INFO  ratis.ContainerStateMachine (ContainerStateMachine.java:loadSnapshot(287)) - group-9B9AF4B7FCA6: The snapshot info is null. Setting the last applied index to:(t:0, i:~)
2024-03-11 08:30:24,675 [967f1ad7-197c-4537-b9a2-0e766318884f-groupManagement] INFO  server.RaftServerConfigKeys (ConfUtils.java:logGet(46)) - raft.server.log.use.memory = false (default)
2024-03-11 08:30:24,675 [967f1ad7-197c-4537-b9a2-0e766318884f-groupManagement] INFO  server.RaftServerConfigKeys (ConfUtils.java:logGet(46)) - raft.server.log.purge.gap = 1000000 (custom)
2024-03-11 08:30:24,675 [967f1ad7-197c-4537-b9a2-0e766318884f-groupManagement] INFO  server.RaftServerConfigKeys (ConfUtils.java:logGet(46)) - raft.server.log.appender.buffer.byte-limit = 8388608 (custom)
2024-03-11 08:30:24,675 [967f1ad7-197c-4537-b9a2-0e766318884f-groupManagement] INFO  server.RaftServerConfigKeys (ConfUtils.java:logGet(46)) - raft.server.log.statemachine.data.read.timeout = 1000ms (default)
2024-03-11 08:30:24,675 [967f1ad7-197c-4537-b9a2-0e766318884f-groupManagement] INFO  server.RaftServerConfigKeys (ConfUtils.java:logGet(46)) - raft.server.log.purge.preservation.log.num = 0 (default)
2024-03-11 08:30:24,676 [967f1ad7-197c-4537-b9a2-0e766318884f-groupManagement] INFO  server.RaftServerConfigKeys (ConfUtils.java:logGet(46)) - raft.server.log.segment.size.max = 67108864 (custom)
2024-03-11 08:30:24,676 [967f1ad7-197c-4537-b9a2-0e766318884f-groupManagement] INFO  server.RaftServerConfigKeys (ConfUtils.java:logGet(46)) - raft.server.log.segment.cache.num.max = 2 (custom)
2024-03-11 08:30:24,677 [967f1ad7-197c-4537-b9a2-0e766318884f-groupManagement] INFO  server.RaftServerConfigKeys (ConfUtils.java:logGet(46)) - raft.server.log.segment.cache.size.max = 200MB (=209715200) (default)
2024-03-11 08:30:24,677 [967f1ad7-197c-4537-b9a2-0e766318884f-groupManagement] INFO  server.RaftServerConfigKeys (ConfUtils.java:logGet(46)) - raft.server.log.appender.buffer.byte-limit = 8388608 (custom)
2024-03-11 08:30:24,677 [967f1ad7-197c-4537-b9a2-0e766318884f-groupManagement] INFO  util.AwaitToRun (AwaitToRun.java:start(81)) - Thread[967f1ad7-197c-4537-b9a2-0e766318884f@group-9B9AF4B7FCA6-cacheEviction-AwaitToRun,5,main] started
2024-03-11 08:30:24,677 [967f1ad7-197c-4537-b9a2-0e766318884f-groupManagement] INFO  segmented.SegmentedRaftLogWorker (SegmentedRaftLogWorker.java:<init>(182)) - new 967f1ad7-197c-4537-b9a2-0e766318884f@group-9B9AF4B7FCA6-SegmentedRaftLogWorker for RaftStorageImpl:Storage Directory /home/runner/work/ozone/ozone/hadoop-ozone/integration-test/target/test-dir/MiniOzoneClusterImpl-b8fac49e-ce79-4459-ae7b-186efce8cd22/ozone-meta/datanode-3/ratis/0e7fa9db-2013-4f71-a7e7-9b9af4b7fca6
2024-03-11 08:30:24,677 [967f1ad7-197c-4537-b9a2-0e766318884f-groupManagement] INFO  server.RaftServerConfigKeys (ConfUtils.java:logGet(46)) - raft.server.log.queue.byte-limit = 4294967296 (custom)
2024-03-11 08:30:24,677 [967f1ad7-197c-4537-b9a2-0e766318884f-groupManagement] INFO  server.RaftServerConfigKeys (ConfUtils.java:logGet(46)) - raft.server.log.queue.element-limit = 1024 (custom)
2024-03-11 08:30:24,677 [967f1ad7-197c-4537-b9a2-0e766318884f-groupManagement] INFO  server.RaftServerConfigKeys (ConfUtils.java:logGet(46)) - raft.server.log.segment.size.max = 67108864 (custom)
2024-03-11 08:30:24,678 [967f1ad7-197c-4537-b9a2-0e766318884f-groupManagement] INFO  server.RaftServerConfigKeys (ConfUtils.java:logGet(46)) - raft.server.log.preallocated.size = 4194304 (custom)
2024-03-11 08:30:24,678 [967f1ad7-197c-4537-b9a2-0e766318884f-groupManagement] INFO  server.RaftServerConfigKeys (ConfUtils.java:logGet(46)) - raft.server.log.force.sync.num = 128 (default)
2024-03-11 08:30:24,678 [967f1ad7-197c-4537-b9a2-0e766318884f-groupManagement] INFO  server.RaftServerConfigKeys (ConfUtils.java:logGet(46)) - raft.server.log.statemachine.data.sync = true (default)
2024-03-11 08:30:24,678 [967f1ad7-197c-4537-b9a2-0e766318884f-groupManagement] INFO  server.RaftServerConfigKeys (ConfUtils.java:logGet(46)) - raft.server.log.statemachine.data.sync.timeout = 10s (default)
2024-03-11 08:30:24,678 [967f1ad7-197c-4537-b9a2-0e766318884f-groupManagement] INFO  server.RaftServerConfigKeys (ConfUtils.java:logGet(46)) - raft.server.log.statemachine.data.sync.timeout.retry = 0 (custom)
2024-03-11 08:30:24,678 [967f1ad7-197c-4537-b9a2-0e766318884f-groupManagement] INFO  server.RaftServerConfigKeys (ConfUtils.java:logGet(46)) - raft.server.log.write.buffer.size = 8388616 (custom)
2024-03-11 08:30:24,680 [967f1ad7-197c-4537-b9a2-0e766318884f-groupManagement] INFO  server.RaftServerConfigKeys (ConfUtils.java:logGet(46)) - raft.server.log.appender.buffer.byte-limit = 8388608 (custom)
2024-03-11 08:30:24,680 [967f1ad7-197c-4537-b9a2-0e766318884f-groupManagement] INFO  server.RaftServerConfigKeys (ConfUtils.java:logGet(46)) - raft.server.log.unsafe-flush.enabled = false (default)
2024-03-11 08:30:24,680 [967f1ad7-197c-4537-b9a2-0e766318884f-groupManagement] INFO  server.RaftServerConfigKeys (ConfUtils.java:logGet(46)) - raft.server.log.async-flush.enabled = false (default)
2024-03-11 08:30:24,680 [967f1ad7-197c-4537-b9a2-0e766318884f-groupManagement] INFO  server.RaftServerConfigKeys (ConfUtils.java:logGet(46)) - raft.server.log.statemachine.data.caching.enabled = true (custom)
2024-03-11 08:30:24,681 [967f1ad7-197c-4537-b9a2-0e766318884f-groupManagement] INFO  segmented.SegmentedRaftLogWorker (SegmentedRaftLogWorker.java:lambda$new$0(134)) - 967f1ad7-197c-4537-b9a2-0e766318884f@group-9B9AF4B7FCA6-SegmentedRaftLogWorker: flushIndex: setUnconditionally 0 -> -1
2024-03-11 08:30:24,681 [967f1ad7-197c-4537-b9a2-0e766318884f-groupManagement] INFO  segmented.SegmentedRaftLogWorker (SegmentedRaftLogWorker.java:lambda$new$0(134)) - 967f1ad7-197c-4537-b9a2-0e766318884f@group-9B9AF4B7FCA6-SegmentedRaftLogWorker: safeCacheEvictIndex: setUnconditionally 0 -> -1
2024-03-11 08:30:24,681 [967f1ad7-197c-4537-b9a2-0e766318884f-groupManagement] INFO  server.RaftServer$Division (RaftServerImpl.java:start(396)) - 967f1ad7-197c-4537-b9a2-0e766318884f@group-9B9AF4B7FCA6: start as a follower, conf=-1: peers:[967f1ad7-197c-4537-b9a2-0e766318884f|10.1.0.9:15126, bb566799-e1ae-4992-bd76-01dcb769e72e|10.1.0.9:15117, 445f6805-f50a-41ff-88e3-3279a5cf9951|10.1.0.9:15108]|listeners:[], old=null
2024-03-11 08:30:24,681 [967f1ad7-197c-4537-b9a2-0e766318884f-groupManagement] INFO  server.RaftServer$Division (RaftServerImpl.java:setRole(383)) - 967f1ad7-197c-4537-b9a2-0e766318884f@group-9B9AF4B7FCA6: changes role from      null to FOLLOWER at term 0 for startAsFollower
2024-03-11 08:30:24,681 [967f1ad7-197c-4537-b9a2-0e766318884f-groupManagement] INFO  impl.RoleInfo (RoleInfo.java:updateAndGet(139)) - 967f1ad7-197c-4537-b9a2-0e766318884f: start 967f1ad7-197c-4537-b9a2-0e766318884f@group-9B9AF4B7FCA6-FollowerState
2024-03-11 08:30:24,682 [967f1ad7-197c-4537-b9a2-0e766318884f-groupManagement] INFO  util.JmxRegister (JmxRegister.java:tryRegister(44)) - Successfully registered JMX Bean with object name Ratis:service=RaftServer,group=group-9B9AF4B7FCA6,id=967f1ad7-197c-4537-b9a2-0e766318884f
2024-03-11 08:30:24,683 [967f1ad7-197c-4537-b9a2-0e766318884f@group-9B9AF4B7FCA6-FollowerState] INFO  server.RaftServerConfigKeys (ConfUtils.java:logFallback(53)) - raft.server.rpc.first-election.timeout.min = 5s (fallback to raft.server.rpc.timeout.min)
2024-03-11 08:30:24,683 [967f1ad7-197c-4537-b9a2-0e766318884f@group-9B9AF4B7FCA6-FollowerState] INFO  server.RaftServerConfigKeys (ConfUtils.java:logFallback(53)) - raft.server.rpc.first-election.timeout.max = 5200ms (fallback to raft.server.rpc.timeout.max)
2024-03-11 08:30:24,683 [967f1ad7-197c-4537-b9a2-0e766318884f-groupManagement] INFO  server.RaftServerConfigKeys (ConfUtils.java:logGet(46)) - raft.server.snapshot.trigger-when-stop.enabled = true (default)
2024-03-11 08:30:24,684 [967f1ad7-197c-4537-b9a2-0e766318884f-groupManagement] INFO  server.RaftServerConfigKeys (ConfUtils.java:logGet(46)) - raft.server.snapshot.auto.trigger.enabled = true (custom)
2024-03-11 08:30:24,684 [967f1ad7-197c-4537-b9a2-0e766318884f-groupManagement] INFO  server.RaftServerConfigKeys (ConfUtils.java:logGet(46)) - raft.server.snapshot.auto.trigger.threshold = 10000 (custom)
2024-03-11 08:30:24,684 [967f1ad7-197c-4537-b9a2-0e766318884f-groupManagement] INFO  server.RaftServerConfigKeys (ConfUtils.java:logGet(46)) - raft.server.snapshot.retention.file.num = 5 (custom)
2024-03-11 08:30:24,684 [967f1ad7-197c-4537-b9a2-0e766318884f-groupManagement] INFO  server.RaftServerConfigKeys (ConfUtils.java:logGet(46)) - raft.server.log.purge.upto.snapshot.index = false (default)
2024-03-11 08:30:24,695 [bb566799-e1ae-4992-bd76-01dcb769e72e-PipelineCommandHandlerThread-0] INFO  commandhandler.CreatePipelineCommandHandler (CreatePipelineCommandHandler.java:lambda$handle$2(124)) - Created Pipeline RATIS THREE PipelineID=0e7fa9db-2013-4f71-a7e7-9b9af4b7fca6.
2024-03-11 08:30:24,697 [445f6805-f50a-41ff-88e3-3279a5cf9951-PipelineCommandHandlerThread-0] INFO  commandhandler.CreatePipelineCommandHandler (CreatePipelineCommandHandler.java:lambda$handle$2(124)) - Created Pipeline RATIS THREE PipelineID=0e7fa9db-2013-4f71-a7e7-9b9af4b7fca6.
2024-03-11 08:30:24,710 [967f1ad7-197c-4537-b9a2-0e766318884f-PipelineCommandHandlerThread-0] INFO  server.RaftServer (RaftServerProxy.java:addNew(100)) - 967f1ad7-197c-4537-b9a2-0e766318884f: addNew group-2CD3A27E51E2:[967f1ad7-197c-4537-b9a2-0e766318884f|10.1.0.9:15126] returns group-2CD3A27E51E2:java.util.concurrent.CompletableFuture@c905073[Not completed]
2024-03-11 08:30:24,711 [967f1ad7-197c-4537-b9a2-0e766318884f-groupManagement] INFO  server.RaftServer$Division (RaftServerImpl.java:<init>(256)) - 967f1ad7-197c-4537-b9a2-0e766318884f: new RaftServerImpl for group-2CD3A27E51E2:[967f1ad7-197c-4537-b9a2-0e766318884f|10.1.0.9:15126] with ContainerStateMachine:uninitialized
2024-03-11 08:30:24,711 [main] INFO  ozone.MiniOzoneClusterImpl (MiniOzoneClusterImpl.java:lambda$waitForClusterToBeReady$0(194)) - Nodes are ready. Got 3 of 3 DN Heartbeats.
2024-03-11 08:30:24,711 [main] INFO  ozone.MiniOzoneClusterImpl (MiniOzoneClusterImpl.java:lambda$waitForClusterToBeReady$0(197)) - Waiting for cluster to exit safe mode
2024-03-11 08:30:24,711 [main] INFO  ozone.MiniOzoneClusterImpl (MiniOzoneClusterImpl.java:lambda$waitForClusterToBeReady$0(199)) - SCM became leader
2024-03-11 08:30:24,711 [967f1ad7-197c-4537-b9a2-0e766318884f-groupManagement] INFO  server.RaftServerConfigKeys (ConfUtils.java:logGet(46)) - raft.server.rpc.timeout.min = 5s (custom)
2024-03-11 08:30:24,711 [967f1ad7-197c-4537-b9a2-0e766318884f-groupManagement] INFO  server.RaftServerConfigKeys (ConfUtils.java:logGet(46)) - raft.server.rpc.timeout.max = 5200ms (custom)
2024-03-11 08:30:24,712 [967f1ad7-197c-4537-b9a2-0e766318884f-groupManagement] INFO  server.RaftServerConfigKeys (ConfUtils.java:logGet(46)) - raft.server.rpc.sleep.time = 25ms (default)
2024-03-11 08:30:24,712 [967f1ad7-197c-4537-b9a2-0e766318884f-groupManagement] INFO  server.RaftServerConfigKeys (ConfUtils.java:logGet(46)) - raft.server.rpc.slowness.timeout = 300s (custom)
2024-03-11 08:30:24,712 [967f1ad7-197c-4537-b9a2-0e766318884f-groupManagement] INFO  server.RaftServerConfigKeys (ConfUtils.java:logGet(46)) - raft.server.leaderelection.leader.step-down.wait-time = 10s (default)
2024-03-11 08:30:24,712 [967f1ad7-197c-4537-b9a2-0e766318884f-groupManagement] INFO  server.RaftServerConfigKeys (ConfUtils.java:logGet(46)) - raft.server.leaderelection.member.majority-add = false (default)
2024-03-11 08:30:24,712 [967f1ad7-197c-4537-b9a2-0e766318884f-groupManagement] INFO  server.RaftServerConfigKeys (ConfUtils.java:logGet(46)) - raft.server.sleep.deviation.threshold = 300ms (default)
2024-03-11 08:30:24,712 [967f1ad7-197c-4537-b9a2-0e766318884f-groupManagement] INFO  server.RaftServer$Division (ServerState.java:<init>(113)) - 967f1ad7-197c-4537-b9a2-0e766318884f@group-2CD3A27E51E2: ConfigurationManager, init=-1: peers:[967f1ad7-197c-4537-b9a2-0e766318884f|10.1.0.9:15126]|listeners:[], old=null, confs=<EMPTY_MAP>
2024-03-11 08:30:24,712 [967f1ad7-197c-4537-b9a2-0e766318884f-groupManagement] INFO  server.RaftServerConfigKeys (ConfUtils.java:logGet(46)) - raft.server.notification.no-leader.timeout = 300s (custom)
2024-03-11 08:30:24,712 [967f1ad7-197c-4537-b9a2-0e766318884f-groupManagement] INFO  server.RaftServerConfigKeys (ConfUtils.java:logGet(46)) - raft.server.read.timeout = 10s (default)
2024-03-11 08:30:24,713 [967f1ad7-197c-4537-b9a2-0e766318884f-groupManagement] INFO  server.RaftServerConfigKeys (ConfUtils.java:logGet(46)) - raft.server.retrycache.expirytime = 600000ms (custom)
2024-03-11 08:30:24,713 [967f1ad7-197c-4537-b9a2-0e766318884f-groupManagement] INFO  server.RaftServerConfigKeys (ConfUtils.java:logGet(46)) - raft.server.retrycache.statistics.expirytime = 100ms (default)
2024-03-11 08:30:24,713 [967f1ad7-197c-4537-b9a2-0e766318884f-groupManagement] INFO  server.RaftServerConfigKeys (ConfUtils.java:logGet(46)) - raft.server.read.option = DEFAULT (default)
2024-03-11 08:30:24,713 [967f1ad7-197c-4537-b9a2-0e766318884f-groupManagement] INFO  server.RaftServerConfigKeys (ConfUtils.java:logGet(46)) - raft.server.read.read-after-write-consistent.write-index-cache.expiry-time = 60s (default)
2024-03-11 08:30:24,715 [967f1ad7-197c-4537-b9a2-0e766318884f-groupManagement] INFO  server.RaftServerConfigKeys (ConfUtils.java:logGet(46)) - raft.server.rpc.request.timeout = 60s (custom)
2024-03-11 08:30:24,715 [967f1ad7-197c-4537-b9a2-0e766318884f-groupManagement] INFO  server.RaftServerConfigKeys (ConfUtils.java:logGet(46)) - raft.server.log.appender.install.snapshot.enabled = false (custom)
2024-03-11 08:30:24,715 [967f1ad7-197c-4537-b9a2-0e766318884f-groupManagement] INFO  server.RaftServerConfigKeys (ConfUtils.java:logGet(46)) - raft.server.threadpool.server.cached = true (default)
2024-03-11 08:30:24,715 [967f1ad7-197c-4537-b9a2-0e766318884f-groupManagement] INFO  server.RaftServerConfigKeys (ConfUtils.java:logGet(46)) - raft.server.threadpool.server.size = 0 (default)
2024-03-11 08:30:24,715 [967f1ad7-197c-4537-b9a2-0e766318884f-groupManagement] INFO  server.RaftServerConfigKeys (ConfUtils.java:logGet(46)) - raft.server.threadpool.client.cached = true (default)
2024-03-11 08:30:24,715 [967f1ad7-197c-4537-b9a2-0e766318884f-groupManagement] INFO  server.RaftServerConfigKeys (ConfUtils.java:logGet(46)) - raft.server.threadpool.client.size = 0 (default)
2024-03-11 08:30:24,715 [967f1ad7-197c-4537-b9a2-0e766318884f-groupManagement] INFO  server.RaftServerConfigKeys (ConfUtils.java:logGet(46)) - raft.server.storage.free-space.min = 0MB (=0) (default)
2024-03-11 08:30:24,716 [967f1ad7-197c-4537-b9a2-0e766318884f-groupManagement] INFO  server.RaftServerConfigKeys (ConfUtils.java:logGet(46)) - raft.server.log.corruption.policy = EXCEPTION (default)
2024-03-11 08:30:24,716 [967f1ad7-197c-4537-b9a2-0e766318884f-groupManagement] INFO  server.RaftServerConfigKeys (ConfUtils.java:logGet(46)) - raft.server.storage.dir = [/home/runner/work/ozone/ozone/hadoop-ozone/integration-test/target/test-dir/MiniOzoneClusterImpl-b8fac49e-ce79-4459-ae7b-186efce8cd22/ozone-meta/datanode-3/ratis] (custom)
2024-03-11 08:30:24,716 [967f1ad7-197c-4537-b9a2-0e766318884f-groupManagement] INFO  storage.RaftStorageDirectory (RaftStorageDirectoryImpl.java:analyzeStorage(138)) - The storage directory /home/runner/work/ozone/ozone/hadoop-ozone/integration-test/target/test-dir/MiniOzoneClusterImpl-b8fac49e-ce79-4459-ae7b-186efce8cd22/ozone-meta/datanode-3/ratis/0d84770a-c693-498a-aaca-2cd3a27e51e2 does not exist. Creating ...
2024-03-11 08:30:24,717 [967f1ad7-197c-4537-b9a2-0e766318884f-groupManagement] INFO  storage.RaftStorageDirectory (RaftStorageDirectoryImpl.java:tryLock(228)) - Lock on /home/runner/work/ozone/ozone/hadoop-ozone/integration-test/target/test-dir/MiniOzoneClusterImpl-b8fac49e-ce79-4459-ae7b-186efce8cd22/ozone-meta/datanode-3/ratis/0d84770a-c693-498a-aaca-2cd3a27e51e2/in_use.lock acquired by nodename 48108@fv-az1250-130
2024-03-11 08:30:24,718 [967f1ad7-197c-4537-b9a2-0e766318884f-groupManagement] INFO  storage.RaftStorage (RaftStorageImpl.java:format(99)) - Storage directory /home/runner/work/ozone/ozone/hadoop-ozone/integration-test/target/test-dir/MiniOzoneClusterImpl-b8fac49e-ce79-4459-ae7b-186efce8cd22/ozone-meta/datanode-3/ratis/0d84770a-c693-498a-aaca-2cd3a27e51e2 has been successfully formatted.
2024-03-11 08:30:24,718 [967f1ad7-197c-4537-b9a2-0e766318884f-groupManagement] WARN  util.FileUtils (LogUtils.java:supplyAndLog(63)) - Failed to Files.newInputStream /home/runner/work/ozone/ozone/hadoop-ozone/integration-test/target/test-dir/MiniOzoneClusterImpl-b8fac49e-ce79-4459-ae7b-186efce8cd22/ozone-meta/datanode-3/ratis/0d84770a-c693-498a-aaca-2cd3a27e51e2/current/raft-meta.conf with options []: java.nio.file.NoSuchFileException: /home/runner/work/ozone/ozone/hadoop-ozone/integration-test/target/test-dir/MiniOzoneClusterImpl-b8fac49e-ce79-4459-ae7b-186efce8cd22/ozone-meta/datanode-3/ratis/0d84770a-c693-498a-aaca-2cd3a27e51e2/current/raft-meta.conf
2024-03-11 08:30:24,719 [967f1ad7-197c-4537-b9a2-0e766318884f-groupManagement] INFO  ratis.ContainerStateMachine (ContainerStateMachine.java:loadSnapshot(287)) - group-2CD3A27E51E2: The snapshot info is null. Setting the last applied index to:(t:0, i:~)
2024-03-11 08:30:24,719 [967f1ad7-197c-4537-b9a2-0e766318884f-groupManagement] INFO  server.RaftServerConfigKeys (ConfUtils.java:logGet(46)) - raft.server.log.use.memory = false (default)
2024-03-11 08:30:24,719 [967f1ad7-197c-4537-b9a2-0e766318884f-groupManagement] INFO  server.RaftServerConfigKeys (ConfUtils.java:logGet(46)) - raft.server.log.purge.gap = 1000000 (custom)
2024-03-11 08:30:24,719 [967f1ad7-197c-4537-b9a2-0e766318884f-groupManagement] INFO  server.RaftServerConfigKeys (ConfUtils.java:logGet(46)) - raft.server.log.appender.buffer.byte-limit = 8388608 (custom)
2024-03-11 08:30:24,719 [967f1ad7-197c-4537-b9a2-0e766318884f-groupManagement] INFO  server.RaftServerConfigKeys (ConfUtils.java:logGet(46)) - raft.server.log.statemachine.data.read.timeout = 1000ms (default)
2024-03-11 08:30:24,719 [967f1ad7-197c-4537-b9a2-0e766318884f-groupManagement] INFO  server.RaftServerConfigKeys (ConfUtils.java:logGet(46)) - raft.server.log.purge.preservation.log.num = 0 (default)
2024-03-11 08:30:24,720 [EventQueue-PipelineReportForPipelineReportHandler] INFO  pipeline.PipelineReportHandler (PipelineReportHandler.java:processPipelineReport(136)) - Opened pipeline PipelineID=0d84770a-c693-498a-aaca-2cd3a27e51e2
2024-03-11 08:30:24,720 [EventQueue-OpenPipelineForHealthyPipelineSafeModeRule] INFO  safemode.SCMSafeModeManager (HealthyPipelineSafeModeRule.java:process(140)) - SCM in safe mode. Healthy pipelines reported count is 0, required healthy pipeline reported count is 1
2024-03-11 08:30:24,720 [967f1ad7-197c-4537-b9a2-0e766318884f-groupManagement] INFO  server.RaftServerConfigKeys (ConfUtils.java:logGet(46)) - raft.server.log.segment.size.max = 67108864 (custom)
2024-03-11 08:30:24,721 [967f1ad7-197c-4537-b9a2-0e766318884f-groupManagement] INFO  server.RaftServerConfigKeys (ConfUtils.java:logGet(46)) - raft.server.log.segment.cache.num.max = 2 (custom)
2024-03-11 08:30:24,721 [967f1ad7-197c-4537-b9a2-0e766318884f-groupManagement] INFO  server.RaftServerConfigKeys (ConfUtils.java:logGet(46)) - raft.server.log.segment.cache.size.max = 200MB (=209715200) (default)
2024-03-11 08:30:24,721 [967f1ad7-197c-4537-b9a2-0e766318884f-groupManagement] INFO  server.RaftServerConfigKeys (ConfUtils.java:logGet(46)) - raft.server.log.appender.buffer.byte-limit = 8388608 (custom)
2024-03-11 08:30:24,721 [967f1ad7-197c-4537-b9a2-0e766318884f-groupManagement] INFO  util.AwaitToRun (AwaitToRun.java:start(81)) - Thread[967f1ad7-197c-4537-b9a2-0e766318884f@group-2CD3A27E51E2-cacheEviction-AwaitToRun,5,main] started
2024-03-11 08:30:24,721 [967f1ad7-197c-4537-b9a2-0e766318884f-groupManagement] INFO  segmented.SegmentedRaftLogWorker (SegmentedRaftLogWorker.java:<init>(182)) - new 967f1ad7-197c-4537-b9a2-0e766318884f@group-2CD3A27E51E2-SegmentedRaftLogWorker for RaftStorageImpl:Storage Directory /home/runner/work/ozone/ozone/hadoop-ozone/integration-test/target/test-dir/MiniOzoneClusterImpl-b8fac49e-ce79-4459-ae7b-186efce8cd22/ozone-meta/datanode-3/ratis/0d84770a-c693-498a-aaca-2cd3a27e51e2
2024-03-11 08:30:24,721 [967f1ad7-197c-4537-b9a2-0e766318884f-groupManagement] INFO  server.RaftServerConfigKeys (ConfUtils.java:logGet(46)) - raft.server.log.queue.byte-limit = 4294967296 (custom)
2024-03-11 08:30:24,721 [967f1ad7-197c-4537-b9a2-0e766318884f-groupManagement] INFO  server.RaftServerConfigKeys (ConfUtils.java:logGet(46)) - raft.server.log.queue.element-limit = 1024 (custom)
2024-03-11 08:30:24,721 [967f1ad7-197c-4537-b9a2-0e766318884f-groupManagement] INFO  server.RaftServerConfigKeys (ConfUtils.java:logGet(46)) - raft.server.log.segment.size.max = 67108864 (custom)
2024-03-11 08:30:24,722 [967f1ad7-197c-4537-b9a2-0e766318884f-groupManagement] INFO  server.RaftServerConfigKeys (ConfUtils.java:logGet(46)) - raft.server.log.preallocated.size = 4194304 (custom)
2024-03-11 08:30:24,722 [967f1ad7-197c-4537-b9a2-0e766318884f-groupManagement] INFO  server.RaftServerConfigKeys (ConfUtils.java:logGet(46)) - raft.server.log.force.sync.num = 128 (default)
2024-03-11 08:30:24,722 [967f1ad7-197c-4537-b9a2-0e766318884f-groupManagement] INFO  server.RaftServerConfigKeys (ConfUtils.java:logGet(46)) - raft.server.log.statemachine.data.sync = true (default)
2024-03-11 08:30:24,722 [967f1ad7-197c-4537-b9a2-0e766318884f-groupManagement] INFO  server.RaftServerConfigKeys (ConfUtils.java:logGet(46)) - raft.server.log.statemachine.data.sync.timeout = 10s (default)
2024-03-11 08:30:24,722 [967f1ad7-197c-4537-b9a2-0e766318884f-groupManagement] INFO  server.RaftServerConfigKeys (ConfUtils.java:logGet(46)) - raft.server.log.statemachine.data.sync.timeout.retry = 0 (custom)
2024-03-11 08:30:24,722 [967f1ad7-197c-4537-b9a2-0e766318884f-groupManagement] INFO  server.RaftServerConfigKeys (ConfUtils.java:logGet(46)) - raft.server.log.write.buffer.size = 8388616 (custom)
2024-03-11 08:30:24,724 [967f1ad7-197c-4537-b9a2-0e766318884f-groupManagement] INFO  server.RaftServerConfigKeys (ConfUtils.java:logGet(46)) - raft.server.log.appender.buffer.byte-limit = 8388608 (custom)
2024-03-11 08:30:24,724 [967f1ad7-197c-4537-b9a2-0e766318884f-groupManagement] INFO  server.RaftServerConfigKeys (ConfUtils.java:logGet(46)) - raft.server.log.unsafe-flush.enabled = false (default)
2024-03-11 08:30:24,724 [967f1ad7-197c-4537-b9a2-0e766318884f-groupManagement] INFO  server.RaftServerConfigKeys (ConfUtils.java:logGet(46)) - raft.server.log.async-flush.enabled = false (default)
2024-03-11 08:30:24,724 [967f1ad7-197c-4537-b9a2-0e766318884f-groupManagement] INFO  server.RaftServerConfigKeys (ConfUtils.java:logGet(46)) - raft.server.log.statemachine.data.caching.enabled = true (custom)
2024-03-11 08:30:24,724 [967f1ad7-197c-4537-b9a2-0e766318884f-groupManagement] INFO  segmented.SegmentedRaftLogWorker (SegmentedRaftLogWorker.java:lambda$new$0(134)) - 967f1ad7-197c-4537-b9a2-0e766318884f@group-2CD3A27E51E2-SegmentedRaftLogWorker: flushIndex: setUnconditionally 0 -> -1
2024-03-11 08:30:24,724 [967f1ad7-197c-4537-b9a2-0e766318884f-groupManagement] INFO  segmented.SegmentedRaftLogWorker (SegmentedRaftLogWorker.java:lambda$new$0(134)) - 967f1ad7-197c-4537-b9a2-0e766318884f@group-2CD3A27E51E2-SegmentedRaftLogWorker: safeCacheEvictIndex: setUnconditionally 0 -> -1
2024-03-11 08:30:24,725 [967f1ad7-197c-4537-b9a2-0e766318884f-groupManagement] INFO  server.RaftServer$Division (RaftServerImpl.java:start(396)) - 967f1ad7-197c-4537-b9a2-0e766318884f@group-2CD3A27E51E2: start as a follower, conf=-1: peers:[967f1ad7-197c-4537-b9a2-0e766318884f|10.1.0.9:15126]|listeners:[], old=null
2024-03-11 08:30:24,725 [967f1ad7-197c-4537-b9a2-0e766318884f-groupManagement] INFO  server.RaftServer$Division (RaftServerImpl.java:setRole(383)) - 967f1ad7-197c-4537-b9a2-0e766318884f@group-2CD3A27E51E2: changes role from      null to FOLLOWER at term 0 for startAsFollower
2024-03-11 08:30:24,725 [967f1ad7-197c-4537-b9a2-0e766318884f-groupManagement] INFO  impl.RoleInfo (RoleInfo.java:updateAndGet(139)) - 967f1ad7-197c-4537-b9a2-0e766318884f: start 967f1ad7-197c-4537-b9a2-0e766318884f@group-2CD3A27E51E2-FollowerState
2024-03-11 08:30:24,725 [967f1ad7-197c-4537-b9a2-0e766318884f@group-2CD3A27E51E2-FollowerState] INFO  server.RaftServerConfigKeys (ConfUtils.java:logFallback(53)) - raft.server.rpc.first-election.timeout.min = 5s (fallback to raft.server.rpc.timeout.min)
2024-03-11 08:30:24,725 [967f1ad7-197c-4537-b9a2-0e766318884f-groupManagement] INFO  util.JmxRegister (JmxRegister.java:tryRegister(44)) - Successfully registered JMX Bean with object name Ratis:service=RaftServer,group=group-2CD3A27E51E2,id=967f1ad7-197c-4537-b9a2-0e766318884f
2024-03-11 08:30:24,725 [967f1ad7-197c-4537-b9a2-0e766318884f-groupManagement] INFO  server.RaftServerConfigKeys (ConfUtils.java:logGet(46)) - raft.server.snapshot.trigger-when-stop.enabled = true (default)
2024-03-11 08:30:24,725 [967f1ad7-197c-4537-b9a2-0e766318884f-groupManagement] INFO  server.RaftServerConfigKeys (ConfUtils.java:logGet(46)) - raft.server.snapshot.auto.trigger.enabled = true (custom)
2024-03-11 08:30:24,725 [967f1ad7-197c-4537-b9a2-0e766318884f-groupManagement] INFO  server.RaftServerConfigKeys (ConfUtils.java:logGet(46)) - raft.server.snapshot.auto.trigger.threshold = 10000 (custom)
2024-03-11 08:30:24,725 [967f1ad7-197c-4537-b9a2-0e766318884f-groupManagement] INFO  server.RaftServerConfigKeys (ConfUtils.java:logGet(46)) - raft.server.snapshot.retention.file.num = 5 (custom)
2024-03-11 08:30:24,726 [967f1ad7-197c-4537-b9a2-0e766318884f-groupManagement] INFO  server.RaftServerConfigKeys (ConfUtils.java:logGet(46)) - raft.server.log.purge.upto.snapshot.index = false (default)
2024-03-11 08:30:24,725 [967f1ad7-197c-4537-b9a2-0e766318884f@group-2CD3A27E51E2-FollowerState] INFO  server.RaftServerConfigKeys (ConfUtils.java:logFallback(53)) - raft.server.rpc.first-election.timeout.max = 5200ms (fallback to raft.server.rpc.timeout.max)
2024-03-11 08:30:24,726 [967f1ad7-197c-4537-b9a2-0e766318884f-PipelineCommandHandlerThread-0] INFO  ratis.XceiverServerRatis (XceiverServerRatis.java:addGroup(864)) - Created group PipelineID=0d84770a-c693-498a-aaca-2cd3a27e51e2
2024-03-11 08:30:24,726 [967f1ad7-197c-4537-b9a2-0e766318884f-PipelineCommandHandlerThread-0] INFO  commandhandler.CreatePipelineCommandHandler (CreatePipelineCommandHandler.java:lambda$handle$2(124)) - Created Pipeline RATIS ONE PipelineID=0d84770a-c693-498a-aaca-2cd3a27e51e2.
2024-03-11 08:30:25,711 [main] INFO  ozone.MiniOzoneClusterImpl (MiniOzoneClusterImpl.java:lambda$waitForClusterToBeReady$0(194)) - Nodes are ready. Got 3 of 3 DN Heartbeats.
2024-03-11 08:30:25,712 [main] INFO  ozone.MiniOzoneClusterImpl (MiniOzoneClusterImpl.java:lambda$waitForClusterToBeReady$0(197)) - Waiting for cluster to exit safe mode
2024-03-11 08:30:25,712 [main] INFO  ozone.MiniOzoneClusterImpl (MiniOzoneClusterImpl.java:lambda$waitForClusterToBeReady$0(199)) - SCM became leader
2024-03-11 08:30:26,712 [main] INFO  ozone.MiniOzoneClusterImpl (MiniOzoneClusterImpl.java:lambda$waitForClusterToBeReady$0(194)) - Nodes are ready. Got 3 of 3 DN Heartbeats.
2024-03-11 08:30:26,712 [main] INFO  ozone.MiniOzoneClusterImpl (MiniOzoneClusterImpl.java:lambda$waitForClusterToBeReady$0(197)) - Waiting for cluster to exit safe mode
2024-03-11 08:30:26,712 [main] INFO  ozone.MiniOzoneClusterImpl (MiniOzoneClusterImpl.java:lambda$waitForClusterToBeReady$0(199)) - SCM became leader
2024-03-11 08:30:27,713 [main] INFO  ozone.MiniOzoneClusterImpl (MiniOzoneClusterImpl.java:lambda$waitForClusterToBeReady$0(194)) - Nodes are ready. Got 3 of 3 DN Heartbeats.
2024-03-11 08:30:27,713 [main] INFO  ozone.MiniOzoneClusterImpl (MiniOzoneClusterImpl.java:lambda$waitForClusterToBeReady$0(197)) - Waiting for cluster to exit safe mode
2024-03-11 08:30:27,713 [main] INFO  ozone.MiniOzoneClusterImpl (MiniOzoneClusterImpl.java:lambda$waitForClusterToBeReady$0(199)) - SCM became leader
2024-03-11 08:30:28,713 [main] INFO  ozone.MiniOzoneClusterImpl (MiniOzoneClusterImpl.java:lambda$waitForClusterToBeReady$0(194)) - Nodes are ready. Got 3 of 3 DN Heartbeats.
2024-03-11 08:30:28,713 [main] INFO  ozone.MiniOzoneClusterImpl (MiniOzoneClusterImpl.java:lambda$waitForClusterToBeReady$0(197)) - Waiting for cluster to exit safe mode
2024-03-11 08:30:28,714 [main] INFO  ozone.MiniOzoneClusterImpl (MiniOzoneClusterImpl.java:lambda$waitForClusterToBeReady$0(199)) - SCM became leader
2024-03-11 08:30:29,605 [445f6805-f50a-41ff-88e3-3279a5cf9951@group-EFB4B9F2BAF2-FollowerState] INFO  impl.FollowerState (FollowerState.java:run(143)) - 445f6805-f50a-41ff-88e3-3279a5cf9951@group-EFB4B9F2BAF2-FollowerState: change to CANDIDATE, lastRpcElapsedTime:5047632772ns, electionTimeout:5047ms
2024-03-11 08:30:29,605 [445f6805-f50a-41ff-88e3-3279a5cf9951@group-EFB4B9F2BAF2-FollowerState] INFO  impl.RoleInfo (RoleInfo.java:shutdownFollowerState(110)) - 445f6805-f50a-41ff-88e3-3279a5cf9951: shutdown 445f6805-f50a-41ff-88e3-3279a5cf9951@group-EFB4B9F2BAF2-FollowerState
2024-03-11 08:30:29,605 [445f6805-f50a-41ff-88e3-3279a5cf9951@group-EFB4B9F2BAF2-FollowerState] INFO  server.RaftServer$Division (RaftServerImpl.java:setRole(383)) - 445f6805-f50a-41ff-88e3-3279a5cf9951@group-EFB4B9F2BAF2: changes role from  FOLLOWER to CANDIDATE at term 0 for changeToCandidate
2024-03-11 08:30:29,605 [445f6805-f50a-41ff-88e3-3279a5cf9951@group-EFB4B9F2BAF2-FollowerState] INFO  server.RaftServerConfigKeys (ConfUtils.java:logGet(46)) - raft.server.leaderelection.pre-vote = true (default)
2024-03-11 08:30:29,605 [445f6805-f50a-41ff-88e3-3279a5cf9951@group-EFB4B9F2BAF2-FollowerState] INFO  impl.RoleInfo (RoleInfo.java:updateAndGet(139)) - 445f6805-f50a-41ff-88e3-3279a5cf9951: start 445f6805-f50a-41ff-88e3-3279a5cf9951@group-EFB4B9F2BAF2-LeaderElection25
2024-03-11 08:30:29,607 [445f6805-f50a-41ff-88e3-3279a5cf9951@group-EFB4B9F2BAF2-LeaderElection25] INFO  impl.LeaderElection (LeaderElection.java:askForVotes(321)) - 445f6805-f50a-41ff-88e3-3279a5cf9951@group-EFB4B9F2BAF2-LeaderElection25 PRE_VOTE round 0: submit vote requests at term 0 for -1: peers:[967f1ad7-197c-4537-b9a2-0e766318884f|10.1.0.9:15126, bb566799-e1ae-4992-bd76-01dcb769e72e|10.1.0.9:15117, 445f6805-f50a-41ff-88e3-3279a5cf9951|10.1.0.9:15108]|listeners:[], old=null
2024-03-11 08:30:29,607 [445f6805-f50a-41ff-88e3-3279a5cf9951@group-EFB4B9F2BAF2-LeaderElection25] INFO  server.RaftServerConfigKeys (ConfUtils.java:logFallback(53)) - raft.server.rpc.first-election.timeout.min = 5s (fallback to raft.server.rpc.timeout.min)
2024-03-11 08:30:29,607 [445f6805-f50a-41ff-88e3-3279a5cf9951@group-EFB4B9F2BAF2-LeaderElection25-2] INFO  server.GrpcServerProtocolClient (GrpcServerProtocolClient.java:<init>(65)) - Build channel for bb566799-e1ae-4992-bd76-01dcb769e72e|10.1.0.9:15117
2024-03-11 08:30:29,607 [445f6805-f50a-41ff-88e3-3279a5cf9951@group-EFB4B9F2BAF2-LeaderElection25-1] INFO  server.GrpcServerProtocolClient (GrpcServerProtocolClient.java:<init>(65)) - Build channel for 967f1ad7-197c-4537-b9a2-0e766318884f|10.1.0.9:15126
2024-03-11 08:30:29,607 [445f6805-f50a-41ff-88e3-3279a5cf9951@group-EFB4B9F2BAF2-LeaderElection25] INFO  server.RaftServerConfigKeys (ConfUtils.java:logFallback(53)) - raft.server.rpc.first-election.timeout.max = 5200ms (fallback to raft.server.rpc.timeout.max)
2024-03-11 08:30:29,611 [grpc-default-executor-1] INFO  server.RaftServer$Division (RaftServerImpl.java:requestVote(1389)) - bb566799-e1ae-4992-bd76-01dcb769e72e@group-EFB4B9F2BAF2: receive requestVote(PRE_VOTE, 445f6805-f50a-41ff-88e3-3279a5cf9951, group-EFB4B9F2BAF2, 0, (t:0, i:0))
2024-03-11 08:30:29,612 [grpc-default-executor-1] INFO  impl.VoteContext (VoteContext.java:log(49)) - bb566799-e1ae-4992-bd76-01dcb769e72e@group-EFB4B9F2BAF2-FOLLOWER: accept PRE_VOTE from 445f6805-f50a-41ff-88e3-3279a5cf9951: our priority 0 <= candidate's priority 0
2024-03-11 08:30:29,612 [grpc-default-executor-1] INFO  server.RaftServer$Division (RaftServerImpl.java:requestVote(1422)) - bb566799-e1ae-4992-bd76-01dcb769e72e@group-EFB4B9F2BAF2 replies to PRE_VOTE vote request: 445f6805-f50a-41ff-88e3-3279a5cf9951<-bb566799-e1ae-4992-bd76-01dcb769e72e#0:OK-t0. Peer's state: bb566799-e1ae-4992-bd76-01dcb769e72e@group-EFB4B9F2BAF2:t0, leader=null, voted=, raftlog=Memoized:bb566799-e1ae-4992-bd76-01dcb769e72e@group-EFB4B9F2BAF2-SegmentedRaftLog:OPENED:c-1, conf=-1: peers:[967f1ad7-197c-4537-b9a2-0e766318884f|10.1.0.9:15126, bb566799-e1ae-4992-bd76-01dcb769e72e|10.1.0.9:15117, 445f6805-f50a-41ff-88e3-3279a5cf9951|10.1.0.9:15108]|listeners:[], old=null
2024-03-11 08:30:29,614 [grpc-default-executor-4] INFO  server.RaftServer$Division (RaftServerImpl.java:requestVote(1389)) - 967f1ad7-197c-4537-b9a2-0e766318884f@group-EFB4B9F2BAF2: receive requestVote(PRE_VOTE, 445f6805-f50a-41ff-88e3-3279a5cf9951, group-EFB4B9F2BAF2, 0, (t:0, i:0))
2024-03-11 08:30:29,614 [grpc-default-executor-4] INFO  impl.VoteContext (VoteContext.java:log(49)) - 967f1ad7-197c-4537-b9a2-0e766318884f@group-EFB4B9F2BAF2-FOLLOWER: reject PRE_VOTE from 445f6805-f50a-41ff-88e3-3279a5cf9951: our priority 1 > candidate's priority 0
2024-03-11 08:30:29,615 [grpc-default-executor-4] INFO  server.RaftServer$Division (RaftServerImpl.java:requestVote(1422)) - 967f1ad7-197c-4537-b9a2-0e766318884f@group-EFB4B9F2BAF2 replies to PRE_VOTE vote request: 445f6805-f50a-41ff-88e3-3279a5cf9951<-967f1ad7-197c-4537-b9a2-0e766318884f#0:FAIL-t0. Peer's state: 967f1ad7-197c-4537-b9a2-0e766318884f@group-EFB4B9F2BAF2:t0, leader=null, voted=, raftlog=Memoized:967f1ad7-197c-4537-b9a2-0e766318884f@group-EFB4B9F2BAF2-SegmentedRaftLog:OPENED:c-1, conf=-1: peers:[967f1ad7-197c-4537-b9a2-0e766318884f|10.1.0.9:15126, bb566799-e1ae-4992-bd76-01dcb769e72e|10.1.0.9:15117, 445f6805-f50a-41ff-88e3-3279a5cf9951|10.1.0.9:15108]|listeners:[], old=null
2024-03-11 08:30:29,616 [445f6805-f50a-41ff-88e3-3279a5cf9951@group-EFB4B9F2BAF2-LeaderElection25] INFO  impl.LeaderElection (LeaderElection.java:logAndReturn(89)) - 445f6805-f50a-41ff-88e3-3279a5cf9951@group-EFB4B9F2BAF2-LeaderElection25: PRE_VOTE REJECTED received 2 response(s) and 0 exception(s):
2024-03-11 08:30:29,616 [445f6805-f50a-41ff-88e3-3279a5cf9951@group-EFB4B9F2BAF2-LeaderElection25] INFO  impl.LeaderElection (LeaderElection.java:logAndReturn(93)) -   Response 0: 445f6805-f50a-41ff-88e3-3279a5cf9951<-967f1ad7-197c-4537-b9a2-0e766318884f#0:FAIL-t0
2024-03-11 08:30:29,616 [445f6805-f50a-41ff-88e3-3279a5cf9951@group-EFB4B9F2BAF2-LeaderElection25] INFO  impl.LeaderElection (LeaderElection.java:logAndReturn(93)) -   Response 1: 445f6805-f50a-41ff-88e3-3279a5cf9951<-bb566799-e1ae-4992-bd76-01dcb769e72e#0:OK-t0
2024-03-11 08:30:29,616 [445f6805-f50a-41ff-88e3-3279a5cf9951@group-EFB4B9F2BAF2-LeaderElection25] INFO  impl.LeaderElection (LeaderElection.java:askForVotes(323)) - 445f6805-f50a-41ff-88e3-3279a5cf9951@group-EFB4B9F2BAF2-LeaderElection25 PRE_VOTE round 0: result REJECTED
2024-03-11 08:30:29,616 [445f6805-f50a-41ff-88e3-3279a5cf9951@group-EFB4B9F2BAF2-LeaderElection25] INFO  server.RaftServer$Division (RaftServerImpl.java:setRole(383)) - 445f6805-f50a-41ff-88e3-3279a5cf9951@group-EFB4B9F2BAF2: changes role from CANDIDATE to FOLLOWER at term 0 for REJECTED
2024-03-11 08:30:29,616 [445f6805-f50a-41ff-88e3-3279a5cf9951@group-EFB4B9F2BAF2-LeaderElection25] INFO  impl.RoleInfo (RoleInfo.java:shutdownLeaderElection(130)) - 445f6805-f50a-41ff-88e3-3279a5cf9951: shutdown 445f6805-f50a-41ff-88e3-3279a5cf9951@group-EFB4B9F2BAF2-LeaderElection25
2024-03-11 08:30:29,616 [445f6805-f50a-41ff-88e3-3279a5cf9951@group-EFB4B9F2BAF2-LeaderElection25] INFO  impl.RoleInfo (RoleInfo.java:updateAndGet(139)) - 445f6805-f50a-41ff-88e3-3279a5cf9951: start 445f6805-f50a-41ff-88e3-3279a5cf9951@group-EFB4B9F2BAF2-FollowerState
2024-03-11 08:30:29,616 [445f6805-f50a-41ff-88e3-3279a5cf9951@group-EFB4B9F2BAF2-LeaderElection25] INFO  server.RaftServer$Division (RaftServerImpl.java:setFirstElection(574)) - 445f6805-f50a-41ff-88e3-3279a5cf9951@group-EFB4B9F2BAF2: set firstElectionSinceStartup to false for REJECTED
2024-03-11 08:30:29,617 [445f6805-f50a-41ff-88e3-3279a5cf9951@group-39ED1BA538E9-FollowerState] INFO  impl.FollowerState (FollowerState.java:run(143)) - 445f6805-f50a-41ff-88e3-3279a5cf9951@group-39ED1BA538E9-FollowerState: change to CANDIDATE, lastRpcElapsedTime:5073650578ns, electionTimeout:5073ms
2024-03-11 08:30:29,617 [445f6805-f50a-41ff-88e3-3279a5cf9951@group-39ED1BA538E9-FollowerState] INFO  impl.RoleInfo (RoleInfo.java:shutdownFollowerState(110)) - 445f6805-f50a-41ff-88e3-3279a5cf9951: shutdown 445f6805-f50a-41ff-88e3-3279a5cf9951@group-39ED1BA538E9-FollowerState
2024-03-11 08:30:29,617 [445f6805-f50a-41ff-88e3-3279a5cf9951@group-39ED1BA538E9-FollowerState] INFO  server.RaftServer$Division (RaftServerImpl.java:setRole(383)) - 445f6805-f50a-41ff-88e3-3279a5cf9951@group-39ED1BA538E9: changes role from  FOLLOWER to CANDIDATE at term 0 for changeToCandidate
2024-03-11 08:30:29,617 [445f6805-f50a-41ff-88e3-3279a5cf9951@group-39ED1BA538E9-FollowerState] INFO  server.RaftServerConfigKeys (ConfUtils.java:logGet(46)) - raft.server.leaderelection.pre-vote = true (default)
2024-03-11 08:30:29,617 [445f6805-f50a-41ff-88e3-3279a5cf9951@group-39ED1BA538E9-FollowerState] INFO  impl.RoleInfo (RoleInfo.java:updateAndGet(139)) - 445f6805-f50a-41ff-88e3-3279a5cf9951: start 445f6805-f50a-41ff-88e3-3279a5cf9951@group-39ED1BA538E9-LeaderElection26
2024-03-11 08:30:29,618 [445f6805-f50a-41ff-88e3-3279a5cf9951@group-39ED1BA538E9-LeaderElection26] INFO  impl.LeaderElection (LeaderElection.java:askForVotes(321)) - 445f6805-f50a-41ff-88e3-3279a5cf9951@group-39ED1BA538E9-LeaderElection26 PRE_VOTE round 0: submit vote requests at term 0 for -1: peers:[445f6805-f50a-41ff-88e3-3279a5cf9951|10.1.0.9:15108]|listeners:[], old=null
2024-03-11 08:30:29,618 [445f6805-f50a-41ff-88e3-3279a5cf9951@group-39ED1BA538E9-LeaderElection26] INFO  impl.LeaderElection (LeaderElection.java:askForVotes(323)) - 445f6805-f50a-41ff-88e3-3279a5cf9951@group-39ED1BA538E9-LeaderElection26 PRE_VOTE round 0: result PASSED (term=0)
2024-03-11 08:30:29,620 [445f6805-f50a-41ff-88e3-3279a5cf9951@group-39ED1BA538E9-LeaderElection26] INFO  impl.LeaderElection (LeaderElection.java:askForVotes(321)) - 445f6805-f50a-41ff-88e3-3279a5cf9951@group-39ED1BA538E9-LeaderElection26 ELECTION round 0: submit vote requests at term 1 for -1: peers:[445f6805-f50a-41ff-88e3-3279a5cf9951|10.1.0.9:15108]|listeners:[], old=null
2024-03-11 08:30:29,620 [445f6805-f50a-41ff-88e3-3279a5cf9951@group-39ED1BA538E9-LeaderElection26] INFO  impl.LeaderElection (LeaderElection.java:askForVotes(323)) - 445f6805-f50a-41ff-88e3-3279a5cf9951@group-39ED1BA538E9-LeaderElection26 ELECTION round 0: result PASSED (term=1)
2024-03-11 08:30:29,620 [445f6805-f50a-41ff-88e3-3279a5cf9951@group-39ED1BA538E9-LeaderElection26] INFO  impl.RoleInfo (RoleInfo.java:shutdownLeaderElection(130)) - 445f6805-f50a-41ff-88e3-3279a5cf9951: shutdown 445f6805-f50a-41ff-88e3-3279a5cf9951@group-39ED1BA538E9-LeaderElection26
2024-03-11 08:30:29,620 [445f6805-f50a-41ff-88e3-3279a5cf9951@group-39ED1BA538E9-LeaderElection26] INFO  server.RaftServer$Division (RaftServerImpl.java:setRole(383)) - 445f6805-f50a-41ff-88e3-3279a5cf9951@group-39ED1BA538E9: changes role from CANDIDATE to LEADER at term 1 for changeToLeader
2024-03-11 08:30:29,620 [445f6805-f50a-41ff-88e3-3279a5cf9951@group-39ED1BA538E9-LeaderElection26] INFO  server.RaftServerConfigKeys (ConfUtils.java:logGet(46)) - raft.server.staging.catchup.gap = 1000 (default)
2024-03-11 08:30:29,620 [445f6805-f50a-41ff-88e3-3279a5cf9951@group-39ED1BA538E9-LeaderElection26] INFO  server.RaftServerConfigKeys (ConfUtils.java:logGet(46)) - raft.server.write.element-limit = 1024 (custom)
2024-03-11 08:30:29,620 [445f6805-f50a-41ff-88e3-3279a5cf9951@group-39ED1BA538E9-LeaderElection26] INFO  server.RaftServerConfigKeys (ConfUtils.java:logGet(46)) - raft.server.write.byte-limit = 1024 M (=1073741824) (custom)
2024-03-11 08:30:29,620 [445f6805-f50a-41ff-88e3-3279a5cf9951@group-39ED1BA538E9-LeaderElection26] INFO  server.RaftServerConfigKeys (ConfUtils.java:logGet(46)) - raft.server.watch.timeout = 180s (custom)
2024-03-11 08:30:29,620 [445f6805-f50a-41ff-88e3-3279a5cf9951@group-39ED1BA538E9-LeaderElection26] INFO  server.RaftServerConfigKeys (ConfUtils.java:logGet(46)) - raft.server.watch.timeout.denomination = 1s (default)
2024-03-11 08:30:29,620 [445f6805-f50a-41ff-88e3-3279a5cf9951@group-39ED1BA538E9-LeaderElection26] INFO  server.RaftServerConfigKeys (ConfUtils.java:logGet(46)) - raft.server.watch.element-limit = 65536 (default)
2024-03-11 08:30:29,620 [445f6805-f50a-41ff-88e3-3279a5cf9951@group-39ED1BA538E9-LeaderElection26] INFO  server.RaftServerConfigKeys (ConfUtils.java:logGet(46)) - raft.server.read.leader.lease.enabled = false (default)
2024-03-11 08:30:29,621 [445f6805-f50a-41ff-88e3-3279a5cf9951@group-39ED1BA538E9-LeaderElection26] INFO  server.RaftServerConfigKeys (ConfUtils.java:logGet(46)) - raft.server.read.leader.lease.timeout.ratio = 0.9 (default)
2024-03-11 08:30:29,621 [445f6805-f50a-41ff-88e3-3279a5cf9951@group-39ED1BA538E9-LeaderElection26] INFO  server.RaftServerConfigKeys (ConfUtils.java:logGet(46)) - raft.server.rpc.timeout.min = 5s (custom)
2024-03-11 08:30:29,621 [445f6805-f50a-41ff-88e3-3279a5cf9951@group-39ED1BA538E9-LeaderElection26] INFO  server.RaftServerConfigKeys (ConfUtils.java:logGet(46)) - raft.server.write.element-limit = 1024 (custom)
2024-03-11 08:30:29,621 [445f6805-f50a-41ff-88e3-3279a5cf9951@group-39ED1BA538E9-LeaderElection26] INFO  server.RaftServerConfigKeys (ConfUtils.java:logGet(46)) - raft.server.write.follower.gap.ratio.max = -1.0 (default)
2024-03-11 08:30:29,621 [445f6805-f50a-41ff-88e3-3279a5cf9951@group-39ED1BA538E9-LeaderElection26] INFO  impl.RoleInfo (RoleInfo.java:updateAndGet(139)) - 445f6805-f50a-41ff-88e3-3279a5cf9951: start 445f6805-f50a-41ff-88e3-3279a5cf9951@group-39ED1BA538E9-LeaderStateImpl
2024-03-11 08:30:29,621 [445f6805-f50a-41ff-88e3-3279a5cf9951@group-39ED1BA538E9-LeaderElection26] INFO  server.RaftServer$Division (RaftServerImpl.java:setFirstElection(574)) - 445f6805-f50a-41ff-88e3-3279a5cf9951@group-39ED1BA538E9: set firstElectionSinceStartup to false for becomeLeader
2024-03-11 08:30:29,621 [445f6805-f50a-41ff-88e3-3279a5cf9951@group-39ED1BA538E9-LeaderElection26] INFO  ratis.XceiverServerRatis (XceiverServerRatis.java:handleLeaderChangedNotification(966)) - Leader change notification received for group: group-39ED1BA538E9 with new leaderId: 445f6805-f50a-41ff-88e3-3279a5cf9951
2024-03-11 08:30:29,621 [445f6805-f50a-41ff-88e3-3279a5cf9951@group-39ED1BA538E9-LeaderElection26] INFO  server.RaftServer$Division (ServerState.java:setLeader(269)) - 445f6805-f50a-41ff-88e3-3279a5cf9951@group-39ED1BA538E9: change Leader from null to 445f6805-f50a-41ff-88e3-3279a5cf9951 at term 1 for becomeLeader, leader elected after 5090ms
2024-03-11 08:30:29,621 [445f6805-f50a-41ff-88e3-3279a5cf9951@group-39ED1BA538E9-LeaderElection26] INFO  segmented.SegmentedRaftLogWorker (SegmentedRaftLogWorker.java:startLogSegment(430)) - 445f6805-f50a-41ff-88e3-3279a5cf9951@group-39ED1BA538E9-SegmentedRaftLogWorker: Starting segment from index:0
2024-03-11 08:30:29,621 [445f6805-f50a-41ff-88e3-3279a5cf9951@group-39ED1BA538E9-SegmentedRaftLogWorker] INFO  segmented.BufferedWriteChannel (BufferedWriteChannel.java:open(62)) - open log_inprogress_0 at position 0
2024-03-11 08:30:29,622 [EventQueue-OpenPipelineForHealthyPipelineSafeModeRule] INFO  safemode.SCMSafeModeManager (HealthyPipelineSafeModeRule.java:process(140)) - SCM in safe mode. Healthy pipelines reported count is 0, required healthy pipeline reported count is 1
2024-03-11 08:30:29,625 [445f6805-f50a-41ff-88e3-3279a5cf9951@group-39ED1BA538E9-LeaderElection26] INFO  server.RaftServer$Division (ServerState.java:setRaftConf(386)) - 445f6805-f50a-41ff-88e3-3279a5cf9951@group-39ED1BA538E9: set configuration 0: peers:[445f6805-f50a-41ff-88e3-3279a5cf9951|10.1.0.9:15108]|listeners:[], old=null
2024-03-11 08:30:29,629 [445f6805-f50a-41ff-88e3-3279a5cf9951@group-39ED1BA538E9-SegmentedRaftLogWorker] INFO  segmented.SegmentedRaftLogWorker (SegmentedRaftLogWorker.java:execute(634)) - 445f6805-f50a-41ff-88e3-3279a5cf9951@group-39ED1BA538E9-SegmentedRaftLogWorker: created new log segment /home/runner/work/ozone/ozone/hadoop-ozone/integration-test/target/test-dir/MiniOzoneClusterImpl-b8fac49e-ce79-4459-ae7b-186efce8cd22/ozone-meta/datanode-1/ratis/c9d1749c-56e2-48e8-a1fd-39ed1ba538e9/current/log_inprogress_0
2024-03-11 08:30:29,631 [445f6805-f50a-41ff-88e3-3279a5cf9951@group-39ED1BA538E9-StateMachineUpdater] INFO  server.RaftServer$Division (LeaderStateImpl.java:isApplied(320)) - leader is ready since appliedIndex == 0 >= startIndex == 0
2024-03-11 08:30:29,677 [445f6805-f50a-41ff-88e3-3279a5cf9951@group-9B9AF4B7FCA6-FollowerState] INFO  impl.FollowerState (FollowerState.java:run(143)) - 445f6805-f50a-41ff-88e3-3279a5cf9951@group-9B9AF4B7FCA6-FollowerState: change to CANDIDATE, lastRpcElapsedTime:5039173029ns, electionTimeout:5038ms
2024-03-11 08:30:29,678 [445f6805-f50a-41ff-88e3-3279a5cf9951@group-9B9AF4B7FCA6-FollowerState] INFO  impl.RoleInfo (RoleInfo.java:shutdownFollowerState(110)) - 445f6805-f50a-41ff-88e3-3279a5cf9951: shutdown 445f6805-f50a-41ff-88e3-3279a5cf9951@group-9B9AF4B7FCA6-FollowerState
2024-03-11 08:30:29,678 [445f6805-f50a-41ff-88e3-3279a5cf9951@group-9B9AF4B7FCA6-FollowerState] INFO  server.RaftServer$Division (RaftServerImpl.java:setRole(383)) - 445f6805-f50a-41ff-88e3-3279a5cf9951@group-9B9AF4B7FCA6: changes role from  FOLLOWER to CANDIDATE at term 0 for changeToCandidate
2024-03-11 08:30:29,678 [445f6805-f50a-41ff-88e3-3279a5cf9951@group-9B9AF4B7FCA6-FollowerState] INFO  server.RaftServerConfigKeys (ConfUtils.java:logGet(46)) - raft.server.leaderelection.pre-vote = true (default)
2024-03-11 08:30:29,678 [445f6805-f50a-41ff-88e3-3279a5cf9951@group-9B9AF4B7FCA6-FollowerState] INFO  impl.RoleInfo (RoleInfo.java:updateAndGet(139)) - 445f6805-f50a-41ff-88e3-3279a5cf9951: start 445f6805-f50a-41ff-88e3-3279a5cf9951@group-9B9AF4B7FCA6-LeaderElection27
2024-03-11 08:30:29,679 [445f6805-f50a-41ff-88e3-3279a5cf9951@group-9B9AF4B7FCA6-LeaderElection27] INFO  impl.LeaderElection (LeaderElection.java:askForVotes(321)) - 445f6805-f50a-41ff-88e3-3279a5cf9951@group-9B9AF4B7FCA6-LeaderElection27 PRE_VOTE round 0: submit vote requests at term 0 for -1: peers:[967f1ad7-197c-4537-b9a2-0e766318884f|10.1.0.9:15126, bb566799-e1ae-4992-bd76-01dcb769e72e|10.1.0.9:15117, 445f6805-f50a-41ff-88e3-3279a5cf9951|10.1.0.9:15108]|listeners:[], old=null
2024-03-11 08:30:29,680 [445f6805-f50a-41ff-88e3-3279a5cf9951@group-9B9AF4B7FCA6-LeaderElection27] INFO  server.RaftServerConfigKeys (ConfUtils.java:logFallback(53)) - raft.server.rpc.first-election.timeout.min = 5s (fallback to raft.server.rpc.timeout.min)
2024-03-11 08:30:29,680 [445f6805-f50a-41ff-88e3-3279a5cf9951@group-9B9AF4B7FCA6-LeaderElection27] INFO  server.RaftServerConfigKeys (ConfUtils.java:logFallback(53)) - raft.server.rpc.first-election.timeout.max = 5200ms (fallback to raft.server.rpc.timeout.max)
2024-03-11 08:30:29,681 [grpc-default-executor-4] INFO  server.RaftServer$Division (RaftServerImpl.java:requestVote(1389)) - 967f1ad7-197c-4537-b9a2-0e766318884f@group-9B9AF4B7FCA6: receive requestVote(PRE_VOTE, 445f6805-f50a-41ff-88e3-3279a5cf9951, group-9B9AF4B7FCA6, 0, (t:0, i:0))
2024-03-11 08:30:29,681 [grpc-default-executor-4] INFO  impl.VoteContext (VoteContext.java:log(49)) - 967f1ad7-197c-4537-b9a2-0e766318884f@group-9B9AF4B7FCA6-FOLLOWER: accept PRE_VOTE from 445f6805-f50a-41ff-88e3-3279a5cf9951: our priority 0 <= candidate's priority 1
2024-03-11 08:30:29,681 [grpc-default-executor-4] INFO  server.RaftServer$Division (RaftServerImpl.java:requestVote(1422)) - 967f1ad7-197c-4537-b9a2-0e766318884f@group-9B9AF4B7FCA6 replies to PRE_VOTE vote request: 445f6805-f50a-41ff-88e3-3279a5cf9951<-967f1ad7-197c-4537-b9a2-0e766318884f#0:OK-t0. Peer's state: 967f1ad7-197c-4537-b9a2-0e766318884f@group-9B9AF4B7FCA6:t0, leader=null, voted=, raftlog=Memoized:967f1ad7-197c-4537-b9a2-0e766318884f@group-9B9AF4B7FCA6-SegmentedRaftLog:OPENED:c-1, conf=-1: peers:[967f1ad7-197c-4537-b9a2-0e766318884f|10.1.0.9:15126, bb566799-e1ae-4992-bd76-01dcb769e72e|10.1.0.9:15117, 445f6805-f50a-41ff-88e3-3279a5cf9951|10.1.0.9:15108]|listeners:[], old=null
2024-03-11 08:30:29,682 [445f6805-f50a-41ff-88e3-3279a5cf9951@group-9B9AF4B7FCA6-LeaderElection27] INFO  impl.LeaderElection (LeaderElection.java:logAndReturn(89)) - 445f6805-f50a-41ff-88e3-3279a5cf9951@group-9B9AF4B7FCA6-LeaderElection27: PRE_VOTE PASSED received 1 response(s) and 0 exception(s):
2024-03-11 08:30:29,682 [445f6805-f50a-41ff-88e3-3279a5cf9951@group-9B9AF4B7FCA6-LeaderElection27] INFO  impl.LeaderElection (LeaderElection.java:logAndReturn(93)) -   Response 0: 445f6805-f50a-41ff-88e3-3279a5cf9951<-967f1ad7-197c-4537-b9a2-0e766318884f#0:OK-t0
2024-03-11 08:30:29,682 [445f6805-f50a-41ff-88e3-3279a5cf9951@group-9B9AF4B7FCA6-LeaderElection27] INFO  impl.LeaderElection (LeaderElection.java:askForVotes(323)) - 445f6805-f50a-41ff-88e3-3279a5cf9951@group-9B9AF4B7FCA6-LeaderElection27 PRE_VOTE round 0: result PASSED
2024-03-11 08:30:29,684 [445f6805-f50a-41ff-88e3-3279a5cf9951@group-9B9AF4B7FCA6-LeaderElection27] INFO  impl.LeaderElection (LeaderElection.java:askForVotes(321)) - 445f6805-f50a-41ff-88e3-3279a5cf9951@group-9B9AF4B7FCA6-LeaderElection27 ELECTION round 0: submit vote requests at term 1 for -1: peers:[967f1ad7-197c-4537-b9a2-0e766318884f|10.1.0.9:15126, bb566799-e1ae-4992-bd76-01dcb769e72e|10.1.0.9:15117, 445f6805-f50a-41ff-88e3-3279a5cf9951|10.1.0.9:15108]|listeners:[], old=null
2024-03-11 08:30:29,684 [445f6805-f50a-41ff-88e3-3279a5cf9951@group-9B9AF4B7FCA6-LeaderElection27] INFO  server.RaftServerConfigKeys (ConfUtils.java:logFallback(53)) - raft.server.rpc.first-election.timeout.min = 5s (fallback to raft.server.rpc.timeout.min)
2024-03-11 08:30:29,685 [445f6805-f50a-41ff-88e3-3279a5cf9951@group-9B9AF4B7FCA6-LeaderElection27] INFO  server.RaftServerConfigKeys (ConfUtils.java:logFallback(53)) - raft.server.rpc.first-election.timeout.max = 5200ms (fallback to raft.server.rpc.timeout.max)
2024-03-11 08:30:29,685 [grpc-default-executor-4] INFO  server.RaftServer$Division (RaftServerImpl.java:requestVote(1389)) - 967f1ad7-197c-4537-b9a2-0e766318884f@group-9B9AF4B7FCA6: receive requestVote(ELECTION, 445f6805-f50a-41ff-88e3-3279a5cf9951, group-9B9AF4B7FCA6, 1, (t:0, i:0))
2024-03-11 08:30:29,685 [grpc-default-executor-4] INFO  impl.VoteContext (VoteContext.java:log(49)) - 967f1ad7-197c-4537-b9a2-0e766318884f@group-9B9AF4B7FCA6-FOLLOWER: accept ELECTION from 445f6805-f50a-41ff-88e3-3279a5cf9951: our priority 0 <= candidate's priority 1
2024-03-11 08:30:29,685 [grpc-default-executor-6] INFO  server.RaftServer$Division (RaftServerImpl.java:requestVote(1389)) - bb566799-e1ae-4992-bd76-01dcb769e72e@group-9B9AF4B7FCA6: receive requestVote(ELECTION, 445f6805-f50a-41ff-88e3-3279a5cf9951, group-9B9AF4B7FCA6, 1, (t:0, i:0))
2024-03-11 08:30:29,685 [grpc-default-executor-4] INFO  server.RaftServer$Division (RaftServerImpl.java:setRole(383)) - 967f1ad7-197c-4537-b9a2-0e766318884f@group-9B9AF4B7FCA6: changes role from  FOLLOWER to FOLLOWER at term 1 for candidate:445f6805-f50a-41ff-88e3-3279a5cf9951
2024-03-11 08:30:29,686 [grpc-default-executor-6] INFO  impl.VoteContext (VoteContext.java:log(49)) - bb566799-e1ae-4992-bd76-01dcb769e72e@group-9B9AF4B7FCA6-FOLLOWER: accept ELECTION from 445f6805-f50a-41ff-88e3-3279a5cf9951: our priority 0 <= candidate's priority 1
2024-03-11 08:30:29,686 [grpc-default-executor-6] INFO  server.RaftServer$Division (RaftServerImpl.java:setRole(383)) - bb566799-e1ae-4992-bd76-01dcb769e72e@group-9B9AF4B7FCA6: changes role from  FOLLOWER to FOLLOWER at term 1 for candidate:445f6805-f50a-41ff-88e3-3279a5cf9951
2024-03-11 08:30:29,686 [grpc-default-executor-6] INFO  impl.RoleInfo (RoleInfo.java:shutdownFollowerState(110)) - bb566799-e1ae-4992-bd76-01dcb769e72e: shutdown bb566799-e1ae-4992-bd76-01dcb769e72e@group-9B9AF4B7FCA6-FollowerState
2024-03-11 08:30:29,686 [grpc-default-executor-6] INFO  impl.RoleInfo (RoleInfo.java:updateAndGet(139)) - bb566799-e1ae-4992-bd76-01dcb769e72e: start bb566799-e1ae-4992-bd76-01dcb769e72e@group-9B9AF4B7FCA6-FollowerState
2024-03-11 08:30:29,686 [bb566799-e1ae-4992-bd76-01dcb769e72e@group-9B9AF4B7FCA6-FollowerState] INFO  impl.FollowerState (FollowerState.java:run(152)) - bb566799-e1ae-4992-bd76-01dcb769e72e@group-9B9AF4B7FCA6-FollowerState was interrupted
2024-03-11 08:30:29,686 [grpc-default-executor-6] INFO  server.RaftServer$Division (RaftServerImpl.java:setFirstElection(574)) - bb566799-e1ae-4992-bd76-01dcb769e72e@group-9B9AF4B7FCA6: set firstElectionSinceStartup to false for candidate:445f6805-f50a-41ff-88e3-3279a5cf9951
2024-03-11 08:30:29,686 [grpc-default-executor-4] INFO  impl.RoleInfo (RoleInfo.java:shutdownFollowerState(110)) - 967f1ad7-197c-4537-b9a2-0e766318884f: shutdown 967f1ad7-197c-4537-b9a2-0e766318884f@group-9B9AF4B7FCA6-FollowerState
2024-03-11 08:30:29,686 [grpc-default-executor-4] INFO  impl.RoleInfo (RoleInfo.java:updateAndGet(139)) - 967f1ad7-197c-4537-b9a2-0e766318884f: start 967f1ad7-197c-4537-b9a2-0e766318884f@group-9B9AF4B7FCA6-FollowerState
2024-03-11 08:30:29,686 [967f1ad7-197c-4537-b9a2-0e766318884f@group-9B9AF4B7FCA6-FollowerState] INFO  impl.FollowerState (FollowerState.java:run(152)) - 967f1ad7-197c-4537-b9a2-0e766318884f@group-9B9AF4B7FCA6-FollowerState was interrupted
2024-03-11 08:30:29,686 [grpc-default-executor-4] INFO  server.RaftServer$Division (RaftServerImpl.java:setFirstElection(574)) - 967f1ad7-197c-4537-b9a2-0e766318884f@group-9B9AF4B7FCA6: set firstElectionSinceStartup to false for candidate:445f6805-f50a-41ff-88e3-3279a5cf9951
2024-03-11 08:30:29,686 [grpc-default-executor-1] INFO  server.RaftServer$Division (RaftServerImpl.java:requestVote(1389)) - bb566799-e1ae-4992-bd76-01dcb769e72e@group-9B9AF4B7FCA6: receive requestVote(PRE_VOTE, 445f6805-f50a-41ff-88e3-3279a5cf9951, group-9B9AF4B7FCA6, 0, (t:0, i:0))
2024-03-11 08:30:29,689 [grpc-default-executor-6] INFO  server.RaftServer$Division (RaftServerImpl.java:requestVote(1422)) - bb566799-e1ae-4992-bd76-01dcb769e72e@group-9B9AF4B7FCA6 replies to ELECTION vote request: 445f6805-f50a-41ff-88e3-3279a5cf9951<-bb566799-e1ae-4992-bd76-01dcb769e72e#0:OK-t1. Peer's state: bb566799-e1ae-4992-bd76-01dcb769e72e@group-9B9AF4B7FCA6:t1, leader=null, voted=445f6805-f50a-41ff-88e3-3279a5cf9951, raftlog=Memoized:bb566799-e1ae-4992-bd76-01dcb769e72e@group-9B9AF4B7FCA6-SegmentedRaftLog:OPENED:c-1, conf=-1: peers:[967f1ad7-197c-4537-b9a2-0e766318884f|10.1.0.9:15126, bb566799-e1ae-4992-bd76-01dcb769e72e|10.1.0.9:15117, 445f6805-f50a-41ff-88e3-3279a5cf9951|10.1.0.9:15108]|listeners:[], old=null
2024-03-11 08:30:29,689 [grpc-default-executor-1] INFO  impl.VoteContext (VoteContext.java:log(49)) - bb566799-e1ae-4992-bd76-01dcb769e72e@group-9B9AF4B7FCA6-FOLLOWER: accept PRE_VOTE from 445f6805-f50a-41ff-88e3-3279a5cf9951: our priority 0 <= candidate's priority 1
2024-03-11 08:30:29,689 [grpc-default-executor-1] INFO  server.RaftServer$Division (RaftServerImpl.java:requestVote(1422)) - bb566799-e1ae-4992-bd76-01dcb769e72e@group-9B9AF4B7FCA6 replies to PRE_VOTE vote request: 445f6805-f50a-41ff-88e3-3279a5cf9951<-bb566799-e1ae-4992-bd76-01dcb769e72e#0:OK-t1. Peer's state: bb566799-e1ae-4992-bd76-01dcb769e72e@group-9B9AF4B7FCA6:t1, leader=null, voted=445f6805-f50a-41ff-88e3-3279a5cf9951, raftlog=Memoized:bb566799-e1ae-4992-bd76-01dcb769e72e@group-9B9AF4B7FCA6-SegmentedRaftLog:OPENED:c-1, conf=-1: peers:[967f1ad7-197c-4537-b9a2-0e766318884f|10.1.0.9:15126, bb566799-e1ae-4992-bd76-01dcb769e72e|10.1.0.9:15117, 445f6805-f50a-41ff-88e3-3279a5cf9951|10.1.0.9:15108]|listeners:[], old=null
2024-03-11 08:30:29,689 [445f6805-f50a-41ff-88e3-3279a5cf9951@group-9B9AF4B7FCA6-LeaderElection27] INFO  impl.LeaderElection (LeaderElection.java:logAndReturn(89)) - 445f6805-f50a-41ff-88e3-3279a5cf9951@group-9B9AF4B7FCA6-LeaderElection27: ELECTION PASSED received 1 response(s) and 0 exception(s):
2024-03-11 08:30:29,689 [445f6805-f50a-41ff-88e3-3279a5cf9951@group-9B9AF4B7FCA6-LeaderElection27] INFO  impl.LeaderElection (LeaderElection.java:logAndReturn(93)) -   Response 0: 445f6805-f50a-41ff-88e3-3279a5cf9951<-bb566799-e1ae-4992-bd76-01dcb769e72e#0:OK-t1
2024-03-11 08:30:29,689 [grpc-default-executor-4] INFO  server.RaftServer$Division (RaftServerImpl.java:requestVote(1422)) - 967f1ad7-197c-4537-b9a2-0e766318884f@group-9B9AF4B7FCA6 replies to ELECTION vote request: 445f6805-f50a-41ff-88e3-3279a5cf9951<-967f1ad7-197c-4537-b9a2-0e766318884f#0:OK-t1. Peer's state: 967f1ad7-197c-4537-b9a2-0e766318884f@group-9B9AF4B7FCA6:t1, leader=null, voted=445f6805-f50a-41ff-88e3-3279a5cf9951, raftlog=Memoized:967f1ad7-197c-4537-b9a2-0e766318884f@group-9B9AF4B7FCA6-SegmentedRaftLog:OPENED:c-1, conf=-1: peers:[967f1ad7-197c-4537-b9a2-0e766318884f|10.1.0.9:15126, bb566799-e1ae-4992-bd76-01dcb769e72e|10.1.0.9:15117, 445f6805-f50a-41ff-88e3-3279a5cf9951|10.1.0.9:15108]|listeners:[], old=null
2024-03-11 08:30:29,689 [445f6805-f50a-41ff-88e3-3279a5cf9951@group-9B9AF4B7FCA6-LeaderElection27] INFO  impl.LeaderElection (LeaderElection.java:askForVotes(323)) - 445f6805-f50a-41ff-88e3-3279a5cf9951@group-9B9AF4B7FCA6-LeaderElection27 ELECTION round 0: result PASSED
2024-03-11 08:30:29,690 [445f6805-f50a-41ff-88e3-3279a5cf9951@group-9B9AF4B7FCA6-LeaderElection27] INFO  impl.RoleInfo (RoleInfo.java:shutdownLeaderElection(130)) - 445f6805-f50a-41ff-88e3-3279a5cf9951: shutdown 445f6805-f50a-41ff-88e3-3279a5cf9951@group-9B9AF4B7FCA6-LeaderElection27
2024-03-11 08:30:29,690 [445f6805-f50a-41ff-88e3-3279a5cf9951@group-9B9AF4B7FCA6-LeaderElection27] INFO  server.RaftServer$Division (RaftServerImpl.java:setRole(383)) - 445f6805-f50a-41ff-88e3-3279a5cf9951@group-9B9AF4B7FCA6: changes role from CANDIDATE to LEADER at term 1 for changeToLeader
2024-03-11 08:30:29,690 [445f6805-f50a-41ff-88e3-3279a5cf9951@group-9B9AF4B7FCA6-LeaderElection27] INFO  server.RaftServerConfigKeys (ConfUtils.java:logGet(46)) - raft.server.staging.catchup.gap = 1000 (default)
2024-03-11 08:30:29,690 [445f6805-f50a-41ff-88e3-3279a5cf9951@group-9B9AF4B7FCA6-LeaderElection27] INFO  server.RaftServerConfigKeys (ConfUtils.java:logGet(46)) - raft.server.write.element-limit = 1024 (custom)
2024-03-11 08:30:29,690 [445f6805-f50a-41ff-88e3-3279a5cf9951@group-9B9AF4B7FCA6-LeaderElection27] INFO  server.RaftServerConfigKeys (ConfUtils.java:logGet(46)) - raft.server.write.byte-limit = 1024 M (=1073741824) (custom)
2024-03-11 08:30:29,690 [445f6805-f50a-41ff-88e3-3279a5cf9951@group-9B9AF4B7FCA6-LeaderElection27] INFO  server.RaftServerConfigKeys (ConfUtils.java:logGet(46)) - raft.server.watch.timeout = 180s (custom)
2024-03-11 08:30:29,690 [445f6805-f50a-41ff-88e3-3279a5cf9951@group-9B9AF4B7FCA6-LeaderElection27] INFO  server.RaftServerConfigKeys (ConfUtils.java:logGet(46)) - raft.server.watch.timeout.denomination = 1s (default)
2024-03-11 08:30:29,690 [445f6805-f50a-41ff-88e3-3279a5cf9951@group-9B9AF4B7FCA6-LeaderElection27] INFO  server.RaftServerConfigKeys (ConfUtils.java:logGet(46)) - raft.server.watch.element-limit = 65536 (default)
2024-03-11 08:30:29,690 [445f6805-f50a-41ff-88e3-3279a5cf9951@group-9B9AF4B7FCA6-LeaderElection27] INFO  server.RaftServerConfigKeys (ConfUtils.java:logGet(46)) - raft.server.read.leader.lease.enabled = false (default)
2024-03-11 08:30:29,691 [445f6805-f50a-41ff-88e3-3279a5cf9951@group-9B9AF4B7FCA6-LeaderElection27] INFO  server.RaftServerConfigKeys (ConfUtils.java:logGet(46)) - raft.server.read.leader.lease.timeout.ratio = 0.9 (default)
2024-03-11 08:30:29,691 [445f6805-f50a-41ff-88e3-3279a5cf9951@group-9B9AF4B7FCA6-LeaderElection27] INFO  server.RaftServerConfigKeys (ConfUtils.java:logGet(46)) - raft.server.rpc.timeout.min = 5s (custom)
2024-03-11 08:30:29,691 [445f6805-f50a-41ff-88e3-3279a5cf9951@group-9B9AF4B7FCA6-LeaderElection27] INFO  server.RaftServerConfigKeys (ConfUtils.java:logGet(46)) - raft.server.write.element-limit = 1024 (custom)
2024-03-11 08:30:29,691 [445f6805-f50a-41ff-88e3-3279a5cf9951@group-9B9AF4B7FCA6-LeaderElection27] INFO  server.RaftServerConfigKeys (ConfUtils.java:logGet(46)) - raft.server.write.follower.gap.ratio.max = -1.0 (default)
2024-03-11 08:30:29,691 [445f6805-f50a-41ff-88e3-3279a5cf9951@group-9B9AF4B7FCA6-LeaderElection27] INFO  server.RaftServerConfigKeys (ConfUtils.java:logGet(46)) - raft.server.log.appender.snapshot.chunk.size.max = 16MB (=16777216) (default)
2024-03-11 08:30:29,691 [445f6805-f50a-41ff-88e3-3279a5cf9951@group-9B9AF4B7FCA6-LeaderElection27] INFO  server.RaftServerConfigKeys (ConfUtils.java:logGet(46)) - raft.server.log.appender.buffer.byte-limit = 8388608 (custom)
2024-03-11 08:30:29,691 [445f6805-f50a-41ff-88e3-3279a5cf9951@group-9B9AF4B7FCA6-LeaderElection27] INFO  server.RaftServerConfigKeys (ConfUtils.java:logGet(46)) - raft.server.log.appender.buffer.element-limit = 1 (custom)
2024-03-11 08:30:29,691 [445f6805-f50a-41ff-88e3-3279a5cf9951@group-9B9AF4B7FCA6-LeaderElection27] INFO  server.RaftServerConfigKeys (ConfUtils.java:logGet(46)) - raft.server.log.appender.wait-time.min = 0μs (custom)
2024-03-11 08:30:29,691 [445f6805-f50a-41ff-88e3-3279a5cf9951@group-9B9AF4B7FCA6-LeaderElection27] INFO  grpc.GrpcConfigKeys (ConfUtils.java:logGet(46)) - raft.grpc.server.leader.outstanding.appends.max = 8 (default)
2024-03-11 08:30:29,691 [445f6805-f50a-41ff-88e3-3279a5cf9951@group-9B9AF4B7FCA6-LeaderElection27] INFO  server.RaftServerConfigKeys (ConfUtils.java:logGet(46)) - raft.server.rpc.request.timeout = 60s (custom)
2024-03-11 08:30:29,691 [445f6805-f50a-41ff-88e3-3279a5cf9951@group-9B9AF4B7FCA6-LeaderElection27] INFO  grpc.GrpcConfigKeys (ConfUtils.java:logGet(46)) - raft.grpc.server.install_snapshot.request.element-limit = 8 (default)
2024-03-11 08:30:29,691 [445f6805-f50a-41ff-88e3-3279a5cf9951@group-9B9AF4B7FCA6-LeaderElection27] INFO  grpc.GrpcConfigKeys (ConfUtils.java:logGet(46)) - raft.grpc.server.install_snapshot.request.timeout = 3000ms (default)
2024-03-11 08:30:29,691 [445f6805-f50a-41ff-88e3-3279a5cf9951@group-9B9AF4B7FCA6-LeaderElection27] INFO  grpc.GrpcConfigKeys (ConfUtils.java:logGet(46)) - raft.grpc.server.log-message.batch.duration = 5s (default)
2024-03-11 08:30:29,691 [445f6805-f50a-41ff-88e3-3279a5cf9951@group-9B9AF4B7FCA6-LeaderElection27] INFO  server.RaftServerConfigKeys (ConfUtils.java:logGet(46)) - raft.server.log.appender.install.snapshot.enabled = false (custom)
2024-03-11 08:30:29,691 [445f6805-f50a-41ff-88e3-3279a5cf9951@group-9B9AF4B7FCA6-LeaderElection27] INFO  grpc.GrpcConfigKeys (ConfUtils.java:logGet(46)) - raft.grpc.server.heartbeat.channel = true (default)
2024-03-11 08:30:29,692 [445f6805-f50a-41ff-88e3-3279a5cf9951@group-9B9AF4B7FCA6-LeaderElection27] INFO  server.RaftServerConfigKeys (ConfUtils.java:logGet(46)) - raft.server.log.appender.snapshot.chunk.size.max = 16MB (=16777216) (default)
2024-03-11 08:30:29,692 [445f6805-f50a-41ff-88e3-3279a5cf9951@group-9B9AF4B7FCA6-LeaderElection27] INFO  server.RaftServerConfigKeys (ConfUtils.java:logGet(46)) - raft.server.log.appender.buffer.byte-limit = 8388608 (custom)
2024-03-11 08:30:29,692 [445f6805-f50a-41ff-88e3-3279a5cf9951@group-9B9AF4B7FCA6-LeaderElection27] INFO  server.RaftServerConfigKeys (ConfUtils.java:logGet(46)) - raft.server.log.appender.buffer.element-limit = 1 (custom)
2024-03-11 08:30:29,692 [445f6805-f50a-41ff-88e3-3279a5cf9951@group-9B9AF4B7FCA6-LeaderElection27] INFO  server.RaftServerConfigKeys (ConfUtils.java:logGet(46)) - raft.server.log.appender.wait-time.min = 0μs (custom)
2024-03-11 08:30:29,692 [445f6805-f50a-41ff-88e3-3279a5cf9951@group-9B9AF4B7FCA6-LeaderElection27] INFO  grpc.GrpcConfigKeys (ConfUtils.java:logGet(46)) - raft.grpc.server.leader.outstanding.appends.max = 8 (default)
2024-03-11 08:30:29,692 [445f6805-f50a-41ff-88e3-3279a5cf9951@group-9B9AF4B7FCA6-LeaderElection27] INFO  server.RaftServerConfigKeys (ConfUtils.java:logGet(46)) - raft.server.rpc.request.timeout = 60s (custom)
2024-03-11 08:30:29,692 [445f6805-f50a-41ff-88e3-3279a5cf9951@group-9B9AF4B7FCA6-LeaderElection27] INFO  grpc.GrpcConfigKeys (ConfUtils.java:logGet(46)) - raft.grpc.server.install_snapshot.request.element-limit = 8 (default)
2024-03-11 08:30:29,692 [445f6805-f50a-41ff-88e3-3279a5cf9951@group-9B9AF4B7FCA6-LeaderElection27] INFO  grpc.GrpcConfigKeys (ConfUtils.java:logGet(46)) - raft.grpc.server.install_snapshot.request.timeout = 3000ms (default)
2024-03-11 08:30:29,692 [445f6805-f50a-41ff-88e3-3279a5cf9951@group-9B9AF4B7FCA6-LeaderElection27] INFO  grpc.GrpcConfigKeys (ConfUtils.java:logGet(46)) - raft.grpc.server.log-message.batch.duration = 5s (default)
2024-03-11 08:30:29,692 [445f6805-f50a-41ff-88e3-3279a5cf9951@group-9B9AF4B7FCA6-LeaderElection27] INFO  server.RaftServerConfigKeys (ConfUtils.java:logGet(46)) - raft.server.log.appender.install.snapshot.enabled = false (custom)
2024-03-11 08:30:29,692 [445f6805-f50a-41ff-88e3-3279a5cf9951@group-9B9AF4B7FCA6-LeaderElection27] INFO  grpc.GrpcConfigKeys (ConfUtils.java:logGet(46)) - raft.grpc.server.heartbeat.channel = true (default)
2024-03-11 08:30:29,692 [445f6805-f50a-41ff-88e3-3279a5cf9951@group-9B9AF4B7FCA6-LeaderElection27] INFO  impl.RoleInfo (RoleInfo.java:updateAndGet(139)) - 445f6805-f50a-41ff-88e3-3279a5cf9951: start 445f6805-f50a-41ff-88e3-3279a5cf9951@group-9B9AF4B7FCA6-LeaderStateImpl
2024-03-11 08:30:29,692 [445f6805-f50a-41ff-88e3-3279a5cf9951@group-9B9AF4B7FCA6-LeaderElection27] INFO  server.RaftServer$Division (RaftServerImpl.java:setFirstElection(574)) - 445f6805-f50a-41ff-88e3-3279a5cf9951@group-9B9AF4B7FCA6: set firstElectionSinceStartup to false for becomeLeader
2024-03-11 08:30:29,692 [445f6805-f50a-41ff-88e3-3279a5cf9951@group-9B9AF4B7FCA6-LeaderElection27] INFO  ratis.XceiverServerRatis (XceiverServerRatis.java:handleLeaderChangedNotification(966)) - Leader change notification received for group: group-9B9AF4B7FCA6 with new leaderId: 445f6805-f50a-41ff-88e3-3279a5cf9951
2024-03-11 08:30:29,692 [445f6805-f50a-41ff-88e3-3279a5cf9951@group-9B9AF4B7FCA6-LeaderElection27] INFO  server.RaftServer$Division (ServerState.java:setLeader(269)) - 445f6805-f50a-41ff-88e3-3279a5cf9951@group-9B9AF4B7FCA6: change Leader from null to 445f6805-f50a-41ff-88e3-3279a5cf9951 at term 1 for becomeLeader, leader elected after 5073ms
2024-03-11 08:30:29,693 [445f6805-f50a-41ff-88e3-3279a5cf9951@group-9B9AF4B7FCA6-LeaderElection27] INFO  segmented.SegmentedRaftLogWorker (SegmentedRaftLogWorker.java:startLogSegment(430)) - 445f6805-f50a-41ff-88e3-3279a5cf9951@group-9B9AF4B7FCA6-SegmentedRaftLogWorker: Starting segment from index:0
2024-03-11 08:30:29,694 [445f6805-f50a-41ff-88e3-3279a5cf9951@group-9B9AF4B7FCA6-LeaderElection27] INFO  server.RaftServer$Division (ServerState.java:setRaftConf(386)) - 445f6805-f50a-41ff-88e3-3279a5cf9951@group-9B9AF4B7FCA6: set configuration 0: peers:[967f1ad7-197c-4537-b9a2-0e766318884f|10.1.0.9:15126, bb566799-e1ae-4992-bd76-01dcb769e72e|10.1.0.9:15117, 445f6805-f50a-41ff-88e3-3279a5cf9951|10.1.0.9:15108]|listeners:[], old=null
2024-03-11 08:30:29,694 [445f6805-f50a-41ff-88e3-3279a5cf9951@group-9B9AF4B7FCA6-SegmentedRaftLogWorker] INFO  segmented.BufferedWriteChannel (BufferedWriteChannel.java:open(62)) - open log_inprogress_0 at position 0
2024-03-11 08:30:29,695 [EventQueue-PipelineReportForPipelineReportHandler] INFO  pipeline.PipelineReportHandler (PipelineReportHandler.java:processPipelineReport(136)) - Opened pipeline PipelineID=0e7fa9db-2013-4f71-a7e7-9b9af4b7fca6
2024-03-11 08:30:29,695 [EventQueue-OpenPipelineForHealthyPipelineSafeModeRule] INFO  safemode.SCMSafeModeManager (HealthyPipelineSafeModeRule.java:process(140)) - SCM in safe mode. Healthy pipelines reported count is 1, required healthy pipeline reported count is 1
2024-03-11 08:30:29,695 [EventQueue-OpenPipelineForHealthyPipelineSafeModeRule] INFO  safemode.SCMSafeModeManager (SCMSafeModeManager.java:validateSafeModeExitRules(200)) - HealthyPipelineSafeModeRule rule is successfully validated
2024-03-11 08:30:29,695 [EventQueue-OpenPipelineForHealthyPipelineSafeModeRule] INFO  safemode.SCMSafeModeManager (SCMSafeModeManager.java:validateSafeModeExitRules(215)) - ScmSafeModeManager, all rules are successfully validated
2024-03-11 08:30:29,695 [EventQueue-OpenPipelineForHealthyPipelineSafeModeRule] INFO  safemode.SCMSafeModeManager (SCMSafeModeManager.java:exitSafeMode(244)) - SCM exiting safe mode.
2024-03-11 08:30:29,695 [EventQueue-OpenPipelineForHealthyPipelineSafeModeRule] INFO  ha.SCMContext (SCMContext.java:updateSafeModeStatus(225)) - Update SafeModeStatus from SafeModeStatus{safeModeStatus=true, preCheckPassed=true} to SafeModeStatus{safeModeStatus=false, preCheckPassed=true}.
2024-03-11 08:30:29,695 [EventQueue-OpenPipelineForHealthyPipelineSafeModeRule] INFO  pipeline.BackgroundPipelineCreator (BackgroundPipelineCreator.java:notifyStatusChanged(258)) - Service BackgroundPipelineCreator transitions to RUNNING.
2024-03-11 08:30:29,695 [EventQueue-OpenPipelineForHealthyPipelineSafeModeRule] INFO  BackgroundPipelineScrubber (BackgroundSCMService.java:notifyStatusChanged(79)) - Service BackgroundPipelineScrubber transitions to RUNNING.
2024-03-11 08:30:29,695 [EventQueue-OpenPipelineForHealthyPipelineSafeModeRule] INFO  ExpiredContainerReplicaOpScrubber (BackgroundSCMService.java:notifyStatusChanged(79)) - Service ExpiredContainerReplicaOpScrubber transitions to RUNNING.
2024-03-11 08:30:29,695 [EventQueue-OpenPipelineForHealthyPipelineSafeModeRule] INFO  block.SCMBlockDeletingService (SCMBlockDeletingService.java:notifyStatusChanged(247)) - notifyStatusChanged:RUNNING
2024-03-11 08:30:29,695 [EventQueue-OpenPipelineForHealthyPipelineSafeModeRule] INFO  replication.ReplicationManager (ReplicationManager.java:notifyStatusChanged(1403)) - Service ReplicationManager transitions to RUNNING.
2024-03-11 08:30:29,696 [EventQueue-OpenPipelineForHealthyPipelineSafeModeRule] WARN  balancer.ContainerBalancer (ContainerBalancer.java:shouldRun(134)) - Could not find persisted configuration for ContainerBalancer when checking if ContainerBalancer should run. ContainerBalancer should not run now.
2024-03-11 08:30:29,701 [bb566799-e1ae-4992-bd76-01dcb769e72e-server-thread1] INFO  ratis.XceiverServerRatis (XceiverServerRatis.java:handleLeaderChangedNotification(966)) - Leader change notification received for group: group-9B9AF4B7FCA6 with new leaderId: 445f6805-f50a-41ff-88e3-3279a5cf9951
2024-03-11 08:30:29,701 [bb566799-e1ae-4992-bd76-01dcb769e72e-server-thread1] INFO  server.RaftServer$Division (ServerState.java:setLeader(269)) - bb566799-e1ae-4992-bd76-01dcb769e72e@group-9B9AF4B7FCA6: change Leader from null to 445f6805-f50a-41ff-88e3-3279a5cf9951 at term 1 for appendEntries, leader elected after 5059ms
2024-03-11 08:30:29,703 [445f6805-f50a-41ff-88e3-3279a5cf9951@group-9B9AF4B7FCA6-SegmentedRaftLogWorker] INFO  segmented.SegmentedRaftLogWorker (SegmentedRaftLogWorker.java:execute(634)) - 445f6805-f50a-41ff-88e3-3279a5cf9951@group-9B9AF4B7FCA6-SegmentedRaftLogWorker: created new log segment /home/runner/work/ozone/ozone/hadoop-ozone/integration-test/target/test-dir/MiniOzoneClusterImpl-b8fac49e-ce79-4459-ae7b-186efce8cd22/ozone-meta/datanode-1/ratis/0e7fa9db-2013-4f71-a7e7-9b9af4b7fca6/current/log_inprogress_0
2024-03-11 08:30:29,705 [bb566799-e1ae-4992-bd76-01dcb769e72e-server-thread2] INFO  server.RaftServer$Division (ServerState.java:setRaftConf(386)) - bb566799-e1ae-4992-bd76-01dcb769e72e@group-9B9AF4B7FCA6: set configuration 0: peers:[967f1ad7-197c-4537-b9a2-0e766318884f|10.1.0.9:15126, bb566799-e1ae-4992-bd76-01dcb769e72e|10.1.0.9:15117, 445f6805-f50a-41ff-88e3-3279a5cf9951|10.1.0.9:15108]|listeners:[], old=null
2024-03-11 08:30:29,705 [bb566799-e1ae-4992-bd76-01dcb769e72e-server-thread2] INFO  segmented.SegmentedRaftLogWorker (SegmentedRaftLogWorker.java:startLogSegment(430)) - bb566799-e1ae-4992-bd76-01dcb769e72e@group-9B9AF4B7FCA6-SegmentedRaftLogWorker: Starting segment from index:0
2024-03-11 08:30:29,705 [bb566799-e1ae-4992-bd76-01dcb769e72e@group-9B9AF4B7FCA6-SegmentedRaftLogWorker] INFO  segmented.BufferedWriteChannel (BufferedWriteChannel.java:open(62)) - open log_inprogress_0 at position 0
2024-03-11 08:30:29,709 [967f1ad7-197c-4537-b9a2-0e766318884f-server-thread1] INFO  ratis.XceiverServerRatis (XceiverServerRatis.java:handleLeaderChangedNotification(966)) - Leader change notification received for group: group-9B9AF4B7FCA6 with new leaderId: 445f6805-f50a-41ff-88e3-3279a5cf9951
2024-03-11 08:30:29,710 [967f1ad7-197c-4537-b9a2-0e766318884f-server-thread1] INFO  server.RaftServer$Division (ServerState.java:setLeader(269)) - 967f1ad7-197c-4537-b9a2-0e766318884f@group-9B9AF4B7FCA6: change Leader from null to 445f6805-f50a-41ff-88e3-3279a5cf9951 at term 1 for appendEntries, leader elected after 5044ms
2024-03-11 08:30:29,710 [967f1ad7-197c-4537-b9a2-0e766318884f-server-thread2] INFO  server.RaftServer$Division (ServerState.java:setRaftConf(386)) - 967f1ad7-197c-4537-b9a2-0e766318884f@group-9B9AF4B7FCA6: set configuration 0: peers:[967f1ad7-197c-4537-b9a2-0e766318884f|10.1.0.9:15126, bb566799-e1ae-4992-bd76-01dcb769e72e|10.1.0.9:15117, 445f6805-f50a-41ff-88e3-3279a5cf9951|10.1.0.9:15108]|listeners:[], old=null
2024-03-11 08:30:29,711 [967f1ad7-197c-4537-b9a2-0e766318884f-server-thread2] INFO  segmented.SegmentedRaftLogWorker (SegmentedRaftLogWorker.java:startLogSegment(430)) - 967f1ad7-197c-4537-b9a2-0e766318884f@group-9B9AF4B7FCA6-SegmentedRaftLogWorker: Starting segment from index:0
2024-03-11 08:30:29,711 [967f1ad7-197c-4537-b9a2-0e766318884f@group-9B9AF4B7FCA6-SegmentedRaftLogWorker] INFO  segmented.BufferedWriteChannel (BufferedWriteChannel.java:open(62)) - open log_inprogress_0 at position 0
2024-03-11 08:30:29,713 [bb566799-e1ae-4992-bd76-01dcb769e72e@group-9B9AF4B7FCA6-SegmentedRaftLogWorker] INFO  segmented.SegmentedRaftLogWorker (SegmentedRaftLogWorker.java:execute(634)) - bb566799-e1ae-4992-bd76-01dcb769e72e@group-9B9AF4B7FCA6-SegmentedRaftLogWorker: created new log segment /home/runner/work/ozone/ozone/hadoop-ozone/integration-test/target/test-dir/MiniOzoneClusterImpl-b8fac49e-ce79-4459-ae7b-186efce8cd22/ozone-meta/datanode-2/ratis/0e7fa9db-2013-4f71-a7e7-9b9af4b7fca6/current/log_inprogress_0
2024-03-11 08:30:29,714 [main] INFO  ozone.MiniOzoneClusterImpl (MiniOzoneClusterImpl.java:lambda$waitForClusterToBeReady$0(194)) - Nodes are ready. Got 3 of 3 DN Heartbeats.
2024-03-11 08:30:29,714 [main] INFO  ozone.MiniOzoneClusterImpl (MiniOzoneClusterImpl.java:lambda$waitForClusterToBeReady$0(197)) - Cluster exits safe mode
2024-03-11 08:30:29,714 [main] INFO  ozone.MiniOzoneClusterImpl (MiniOzoneClusterImpl.java:lambda$waitForClusterToBeReady$0(199)) - SCM became leader
2024-03-11 08:30:29,715 [main] INFO  protocolPB.OmTransportFactory (OmTransportFactory.java:createFactory(62)) - Loading OM transport implementation org.apache.hadoop.ozone.om.protocolPB.Hadoop3OmTransportFactory as specified by configuration.
2024-03-11 08:30:29,720 [967f1ad7-197c-4537-b9a2-0e766318884f@group-9B9AF4B7FCA6-SegmentedRaftLogWorker] INFO  segmented.SegmentedRaftLogWorker (SegmentedRaftLogWorker.java:execute(634)) - 967f1ad7-197c-4537-b9a2-0e766318884f@group-9B9AF4B7FCA6-SegmentedRaftLogWorker: created new log segment /home/runner/work/ozone/ozone/hadoop-ozone/integration-test/target/test-dir/MiniOzoneClusterImpl-b8fac49e-ce79-4459-ae7b-186efce8cd22/ozone-meta/datanode-3/ratis/0e7fa9db-2013-4f71-a7e7-9b9af4b7fca6/current/log_inprogress_0
2024-03-11 08:30:29,727 [445f6805-f50a-41ff-88e3-3279a5cf9951@group-9B9AF4B7FCA6-StateMachineUpdater] INFO  server.RaftServer$Division (LeaderStateImpl.java:isApplied(320)) - leader is ready since appliedIndex == 0 >= startIndex == 0
2024-03-11 08:30:29,732 [main] INFO  om.TestOzoneManagerPrepare (TestOzoneManagerPrepare.java:setup(101)) - Waiting for OM leader election
2024-03-11 08:30:29,736 [omNode-1-OMStateMachineApplyTransactionThread - 0] INFO  upgrade.OMCancelPrepareRequest (OMCancelPrepareRequest.java:validateAndUpdateCache(54)) - OM omNode-1 Received cancel prepare request with log (t:1, i:1)
2024-03-11 08:30:29,741 [bb566799-e1ae-4992-bd76-01dcb769e72e@group-EFB4B9F2BAF2-FollowerState] INFO  server.RaftServerConfigKeys (ConfUtils.java:logFallback(53)) - raft.server.rpc.first-election.timeout.min = 5s (fallback to raft.server.rpc.timeout.min)
2024-03-11 08:30:29,741 [omNode-3-OMStateMachineApplyTransactionThread - 0] INFO  upgrade.OMCancelPrepareRequest (OMCancelPrepareRequest.java:validateAndUpdateCache(54)) - OM omNode-3 Received cancel prepare request with log (t:1, i:1)
2024-03-11 08:30:29,742 [omNode-1-OMStateMachineApplyTransactionThread - 0] INFO  upgrade.OMCancelPrepareRequest (OMCancelPrepareRequest.java:validateAndUpdateCache(82)) - OM omNode-1 prepare state cancelled at log (t:1, i:1). Returning response 
2024-03-11 08:30:29,741 [bb566799-e1ae-4992-bd76-01dcb769e72e@group-EFB4B9F2BAF2-FollowerState] INFO  server.RaftServerConfigKeys (ConfUtils.java:logFallback(53)) - raft.server.rpc.first-election.timeout.max = 5200ms (fallback to raft.server.rpc.timeout.max)
2024-03-11 08:30:29,741 [omNode-2-OMStateMachineApplyTransactionThread - 0] INFO  upgrade.OMCancelPrepareRequest (OMCancelPrepareRequest.java:validateAndUpdateCache(54)) - OM omNode-2 Received cancel prepare request with log (t:1, i:1)
2024-03-11 08:30:29,743 [omNode-3-OMStateMachineApplyTransactionThread - 0] INFO  upgrade.OMCancelPrepareRequest (OMCancelPrepareRequest.java:validateAndUpdateCache(82)) - OM omNode-3 prepare state cancelled at log (t:1, i:1). Returning response 
2024-03-11 08:30:29,745 [omNode-2-OMStateMachineApplyTransactionThread - 0] INFO  upgrade.OMCancelPrepareRequest (OMCancelPrepareRequest.java:validateAndUpdateCache(82)) - OM omNode-2 prepare state cancelled at log (t:1, i:1). Returning response 
2024-03-11 08:30:29,745 [bb566799-e1ae-4992-bd76-01dcb769e72e@group-05329504C2C9-FollowerState] INFO  impl.FollowerState (FollowerState.java:run(143)) - bb566799-e1ae-4992-bd76-01dcb769e72e@group-05329504C2C9-FollowerState: change to CANDIDATE, lastRpcElapsedTime:5106850833ns, electionTimeout:5100ms
2024-03-11 08:30:29,745 [bb566799-e1ae-4992-bd76-01dcb769e72e@group-05329504C2C9-FollowerState] INFO  impl.RoleInfo (RoleInfo.java:shutdownFollowerState(110)) - bb566799-e1ae-4992-bd76-01dcb769e72e: shutdown bb566799-e1ae-4992-bd76-01dcb769e72e@group-05329504C2C9-FollowerState
2024-03-11 08:30:29,745 [bb566799-e1ae-4992-bd76-01dcb769e72e@group-05329504C2C9-FollowerState] INFO  server.RaftServer$Division (RaftServerImpl.java:setRole(383)) - bb566799-e1ae-4992-bd76-01dcb769e72e@group-05329504C2C9: changes role from  FOLLOWER to CANDIDATE at term 0 for changeToCandidate
2024-03-11 08:30:29,745 [bb566799-e1ae-4992-bd76-01dcb769e72e@group-05329504C2C9-FollowerState] INFO  server.RaftServerConfigKeys (ConfUtils.java:logGet(46)) - raft.server.leaderelection.pre-vote = true (default)
2024-03-11 08:30:29,745 [bb566799-e1ae-4992-bd76-01dcb769e72e@group-05329504C2C9-FollowerState] INFO  impl.RoleInfo (RoleInfo.java:updateAndGet(139)) - bb566799-e1ae-4992-bd76-01dcb769e72e: start bb566799-e1ae-4992-bd76-01dcb769e72e@group-05329504C2C9-LeaderElection28
2024-03-11 08:30:29,746 [bb566799-e1ae-4992-bd76-01dcb769e72e@group-05329504C2C9-LeaderElection28] INFO  impl.LeaderElection (LeaderElection.java:askForVotes(321)) - bb566799-e1ae-4992-bd76-01dcb769e72e@group-05329504C2C9-LeaderElection28 PRE_VOTE round 0: submit vote requests at term 0 for -1: peers:[bb566799-e1ae-4992-bd76-01dcb769e72e|10.1.0.9:15117]|listeners:[], old=null
2024-03-11 08:30:29,747 [bb566799-e1ae-4992-bd76-01dcb769e72e@group-05329504C2C9-LeaderElection28] INFO  impl.LeaderElection (LeaderElection.java:askForVotes(323)) - bb566799-e1ae-4992-bd76-01dcb769e72e@group-05329504C2C9-LeaderElection28 PRE_VOTE round 0: result PASSED (term=0)
2024-03-11 08:30:29,748 [bb566799-e1ae-4992-bd76-01dcb769e72e@group-05329504C2C9-LeaderElection28] INFO  impl.LeaderElection (LeaderElection.java:askForVotes(321)) - bb566799-e1ae-4992-bd76-01dcb769e72e@group-05329504C2C9-LeaderElection28 ELECTION round 0: submit vote requests at term 1 for -1: peers:[bb566799-e1ae-4992-bd76-01dcb769e72e|10.1.0.9:15117]|listeners:[], old=null
2024-03-11 08:30:29,748 [bb566799-e1ae-4992-bd76-01dcb769e72e@group-05329504C2C9-LeaderElection28] INFO  impl.LeaderElection (LeaderElection.java:askForVotes(323)) - bb566799-e1ae-4992-bd76-01dcb769e72e@group-05329504C2C9-LeaderElection28 ELECTION round 0: result PASSED (term=1)
2024-03-11 08:30:29,748 [bb566799-e1ae-4992-bd76-01dcb769e72e@group-05329504C2C9-LeaderElection28] INFO  impl.RoleInfo (RoleInfo.java:shutdownLeaderElection(130)) - bb566799-e1ae-4992-bd76-01dcb769e72e: shutdown bb566799-e1ae-4992-bd76-01dcb769e72e@group-05329504C2C9-LeaderElection28
2024-03-11 08:30:29,748 [bb566799-e1ae-4992-bd76-01dcb769e72e@group-05329504C2C9-LeaderElection28] INFO  server.RaftServer$Division (RaftServerImpl.java:setRole(383)) - bb566799-e1ae-4992-bd76-01dcb769e72e@group-05329504C2C9: changes role from CANDIDATE to LEADER at term 1 for changeToLeader
2024-03-11 08:30:29,749 [bb566799-e1ae-4992-bd76-01dcb769e72e@group-05329504C2C9-LeaderElection28] INFO  server.RaftServerConfigKeys (ConfUtils.java:logGet(46)) - raft.server.staging.catchup.gap = 1000 (default)
2024-03-11 08:30:29,749 [bb566799-e1ae-4992-bd76-01dcb769e72e@group-05329504C2C9-LeaderElection28] INFO  server.RaftServerConfigKeys (ConfUtils.java:logGet(46)) - raft.server.write.element-limit = 1024 (custom)
2024-03-11 08:30:29,749 [bb566799-e1ae-4992-bd76-01dcb769e72e@group-05329504C2C9-LeaderElection28] INFO  server.RaftServerConfigKeys (ConfUtils.java:logGet(46)) - raft.server.write.byte-limit = 1024 M (=1073741824) (custom)
2024-03-11 08:30:29,749 [bb566799-e1ae-4992-bd76-01dcb769e72e@group-05329504C2C9-LeaderElection28] INFO  server.RaftServerConfigKeys (ConfUtils.java:logGet(46)) - raft.server.watch.timeout = 180s (custom)
2024-03-11 08:30:29,749 [bb566799-e1ae-4992-bd76-01dcb769e72e@group-05329504C2C9-LeaderElection28] INFO  server.RaftServerConfigKeys (ConfUtils.java:logGet(46)) - raft.server.watch.timeout.denomination = 1s (default)
2024-03-11 08:30:29,749 [bb566799-e1ae-4992-bd76-01dcb769e72e@group-05329504C2C9-LeaderElection28] INFO  server.RaftServerConfigKeys (ConfUtils.java:logGet(46)) - raft.server.watch.element-limit = 65536 (default)
2024-03-11 08:30:29,749 [bb566799-e1ae-4992-bd76-01dcb769e72e@group-05329504C2C9-LeaderElection28] INFO  server.RaftServerConfigKeys (ConfUtils.java:logGet(46)) - raft.server.read.leader.lease.enabled = false (default)
2024-03-11 08:30:29,749 [main] INFO  rpc.RpcClient (RpcClient.java:createVolume(465)) - Creating Volume: vol, with runner as owner and space quota set to -1 bytes, counts quota set to -1
2024-03-11 08:30:29,749 [bb566799-e1ae-4992-bd76-01dcb769e72e@group-05329504C2C9-LeaderElection28] INFO  server.RaftServerConfigKeys (ConfUtils.java:logGet(46)) - raft.server.read.leader.lease.timeout.ratio = 0.9 (default)
2024-03-11 08:30:29,750 [bb566799-e1ae-4992-bd76-01dcb769e72e@group-05329504C2C9-LeaderElection28] INFO  server.RaftServerConfigKeys (ConfUtils.java:logGet(46)) - raft.server.rpc.timeout.min = 5s (custom)
2024-03-11 08:30:29,750 [bb566799-e1ae-4992-bd76-01dcb769e72e@group-05329504C2C9-LeaderElection28] INFO  server.RaftServerConfigKeys (ConfUtils.java:logGet(46)) - raft.server.write.element-limit = 1024 (custom)
2024-03-11 08:30:29,750 [bb566799-e1ae-4992-bd76-01dcb769e72e@group-05329504C2C9-LeaderElection28] INFO  server.RaftServerConfigKeys (ConfUtils.java:logGet(46)) - raft.server.write.follower.gap.ratio.max = -1.0 (default)
2024-03-11 08:30:29,750 [bb566799-e1ae-4992-bd76-01dcb769e72e@group-05329504C2C9-LeaderElection28] INFO  impl.RoleInfo (RoleInfo.java:updateAndGet(139)) - bb566799-e1ae-4992-bd76-01dcb769e72e: start bb566799-e1ae-4992-bd76-01dcb769e72e@group-05329504C2C9-LeaderStateImpl
2024-03-11 08:30:29,750 [bb566799-e1ae-4992-bd76-01dcb769e72e@group-05329504C2C9-LeaderElection28] INFO  server.RaftServer$Division (RaftServerImpl.java:setFirstElection(574)) - bb566799-e1ae-4992-bd76-01dcb769e72e@group-05329504C2C9: set firstElectionSinceStartup to false for becomeLeader
2024-03-11 08:30:29,750 [bb566799-e1ae-4992-bd76-01dcb769e72e@group-05329504C2C9-LeaderElection28] INFO  ratis.XceiverServerRatis (XceiverServerRatis.java:handleLeaderChangedNotification(966)) - Leader change notification received for group: group-05329504C2C9 with new leaderId: bb566799-e1ae-4992-bd76-01dcb769e72e
2024-03-11 08:30:29,752 [bb566799-e1ae-4992-bd76-01dcb769e72e@group-05329504C2C9-LeaderElection28] INFO  server.RaftServer$Division (ServerState.java:setLeader(269)) - bb566799-e1ae-4992-bd76-01dcb769e72e@group-05329504C2C9: change Leader from null to bb566799-e1ae-4992-bd76-01dcb769e72e at term 1 for becomeLeader, leader elected after 5131ms
2024-03-11 08:30:29,752 [bb566799-e1ae-4992-bd76-01dcb769e72e@group-05329504C2C9-LeaderElection28] INFO  segmented.SegmentedRaftLogWorker (SegmentedRaftLogWorker.java:startLogSegment(430)) - bb566799-e1ae-4992-bd76-01dcb769e72e@group-05329504C2C9-SegmentedRaftLogWorker: Starting segment from index:0
2024-03-11 08:30:29,753 [bb566799-e1ae-4992-bd76-01dcb769e72e@group-05329504C2C9-SegmentedRaftLogWorker] INFO  segmented.BufferedWriteChannel (BufferedWriteChannel.java:open(62)) - open log_inprogress_0 at position 0
2024-03-11 08:30:29,755 [967f1ad7-197c-4537-b9a2-0e766318884f@group-EFB4B9F2BAF2-FollowerState] INFO  impl.FollowerState (FollowerState.java:run(143)) - 967f1ad7-197c-4537-b9a2-0e766318884f@group-EFB4B9F2BAF2-FollowerState: change to CANDIDATE, lastRpcElapsedTime:5146607958ns, electionTimeout:5142ms
2024-03-11 08:30:29,755 [967f1ad7-197c-4537-b9a2-0e766318884f@group-EFB4B9F2BAF2-FollowerState] INFO  impl.RoleInfo (RoleInfo.java:shutdownFollowerState(110)) - 967f1ad7-197c-4537-b9a2-0e766318884f: shutdown 967f1ad7-197c-4537-b9a2-0e766318884f@group-EFB4B9F2BAF2-FollowerState
2024-03-11 08:30:29,755 [967f1ad7-197c-4537-b9a2-0e766318884f@group-EFB4B9F2BAF2-FollowerState] INFO  server.RaftServer$Division (RaftServerImpl.java:setRole(383)) - 967f1ad7-197c-4537-b9a2-0e766318884f@group-EFB4B9F2BAF2: changes role from  FOLLOWER to CANDIDATE at term 0 for changeToCandidate
2024-03-11 08:30:29,755 [967f1ad7-197c-4537-b9a2-0e766318884f@group-EFB4B9F2BAF2-FollowerState] INFO  server.RaftServerConfigKeys (ConfUtils.java:logGet(46)) - raft.server.leaderelection.pre-vote = true (default)
2024-03-11 08:30:29,755 [967f1ad7-197c-4537-b9a2-0e766318884f@group-EFB4B9F2BAF2-FollowerState] INFO  impl.RoleInfo (RoleInfo.java:updateAndGet(139)) - 967f1ad7-197c-4537-b9a2-0e766318884f: start 967f1ad7-197c-4537-b9a2-0e766318884f@group-EFB4B9F2BAF2-LeaderElection29
2024-03-11 08:30:29,756 [bb566799-e1ae-4992-bd76-01dcb769e72e@group-05329504C2C9-LeaderElection28] INFO  server.RaftServer$Division (ServerState.java:setRaftConf(386)) - bb566799-e1ae-4992-bd76-01dcb769e72e@group-05329504C2C9: set configuration 0: peers:[bb566799-e1ae-4992-bd76-01dcb769e72e|10.1.0.9:15117]|listeners:[], old=null
2024-03-11 08:30:29,756 [967f1ad7-197c-4537-b9a2-0e766318884f@group-EFB4B9F2BAF2-LeaderElection29] INFO  impl.LeaderElection (LeaderElection.java:askForVotes(321)) - 967f1ad7-197c-4537-b9a2-0e766318884f@group-EFB4B9F2BAF2-LeaderElection29 PRE_VOTE round 0: submit vote requests at term 0 for -1: peers:[967f1ad7-197c-4537-b9a2-0e766318884f|10.1.0.9:15126, bb566799-e1ae-4992-bd76-01dcb769e72e|10.1.0.9:15117, 445f6805-f50a-41ff-88e3-3279a5cf9951|10.1.0.9:15108]|listeners:[], old=null
2024-03-11 08:30:29,757 [967f1ad7-197c-4537-b9a2-0e766318884f@group-EFB4B9F2BAF2-LeaderElection29] INFO  server.RaftServerConfigKeys (ConfUtils.java:logFallback(53)) - raft.server.rpc.first-election.timeout.min = 5s (fallback to raft.server.rpc.timeout.min)
2024-03-11 08:30:29,757 [967f1ad7-197c-4537-b9a2-0e766318884f@group-EFB4B9F2BAF2-LeaderElection29-2] INFO  server.GrpcServerProtocolClient (GrpcServerProtocolClient.java:<init>(65)) - Build channel for 445f6805-f50a-41ff-88e3-3279a5cf9951|10.1.0.9:15108
2024-03-11 08:30:29,764 [omNode-3-OMStateMachineApplyTransactionThread - 0] INFO  volume.OMVolumeCreateRequest (OMVolumeCreateRequest.java:validateAndUpdateCache(198)) - created volume:vol for user:runner
2024-03-11 08:30:29,764 [967f1ad7-197c-4537-b9a2-0e766318884f@group-EFB4B9F2BAF2-LeaderElection29-1] INFO  server.GrpcServerProtocolClient (GrpcServerProtocolClient.java:<init>(65)) - Build channel for bb566799-e1ae-4992-bd76-01dcb769e72e|10.1.0.9:15117
2024-03-11 08:30:29,757 [967f1ad7-197c-4537-b9a2-0e766318884f@group-EFB4B9F2BAF2-LeaderElection29] INFO  server.RaftServerConfigKeys (ConfUtils.java:logFallback(53)) - raft.server.rpc.first-election.timeout.max = 5200ms (fallback to raft.server.rpc.timeout.max)
2024-03-11 08:30:29,765 [omNode-1-OMStateMachineApplyTransactionThread - 0] INFO  volume.OMVolumeCreateRequest (OMVolumeCreateRequest.java:validateAndUpdateCache(198)) - created volume:vol for user:runner
2024-03-11 08:30:29,766 [omNode-2-OMStateMachineApplyTransactionThread - 0] INFO  volume.OMVolumeCreateRequest (OMVolumeCreateRequest.java:validateAndUpdateCache(198)) - created volume:vol for user:runner
2024-03-11 08:30:29,770 [bb566799-e1ae-4992-bd76-01dcb769e72e@group-05329504C2C9-SegmentedRaftLogWorker] INFO  segmented.SegmentedRaftLogWorker (SegmentedRaftLogWorker.java:execute(634)) - bb566799-e1ae-4992-bd76-01dcb769e72e@group-05329504C2C9-SegmentedRaftLogWorker: created new log segment /home/runner/work/ozone/ozone/hadoop-ozone/integration-test/target/test-dir/MiniOzoneClusterImpl-b8fac49e-ce79-4459-ae7b-186efce8cd22/ozone-meta/datanode-2/ratis/7cd1daf4-21d3-439d-8c3a-05329504c2c9/current/log_inprogress_0
2024-03-11 08:30:29,778 [bb566799-e1ae-4992-bd76-01dcb769e72e@group-05329504C2C9-StateMachineUpdater] INFO  server.RaftServer$Division (LeaderStateImpl.java:isApplied(320)) - leader is ready since appliedIndex == 0 >= startIndex == 0
2024-03-11 08:30:29,778 [grpc-default-executor-4] INFO  server.RaftServer$Division (RaftServerImpl.java:requestVote(1389)) - bb566799-e1ae-4992-bd76-01dcb769e72e@group-EFB4B9F2BAF2: receive requestVote(PRE_VOTE, 967f1ad7-197c-4537-b9a2-0e766318884f, group-EFB4B9F2BAF2, 0, (t:0, i:0))
2024-03-11 08:30:29,780 [grpc-default-executor-4] INFO  impl.VoteContext (VoteContext.java:log(49)) - bb566799-e1ae-4992-bd76-01dcb769e72e@group-EFB4B9F2BAF2-FOLLOWER: accept PRE_VOTE from 967f1ad7-197c-4537-b9a2-0e766318884f: our priority 0 <= candidate's priority 1
2024-03-11 08:30:29,780 [grpc-default-executor-4] INFO  server.RaftServer$Division (RaftServerImpl.java:requestVote(1422)) - bb566799-e1ae-4992-bd76-01dcb769e72e@group-EFB4B9F2BAF2 replies to PRE_VOTE vote request: 967f1ad7-197c-4537-b9a2-0e766318884f<-bb566799-e1ae-4992-bd76-01dcb769e72e#0:OK-t0. Peer's state: bb566799-e1ae-4992-bd76-01dcb769e72e@group-EFB4B9F2BAF2:t0, leader=null, voted=, raftlog=Memoized:bb566799-e1ae-4992-bd76-01dcb769e72e@group-EFB4B9F2BAF2-SegmentedRaftLog:OPENED:c-1, conf=-1: peers:[967f1ad7-197c-4537-b9a2-0e766318884f|10.1.0.9:15126, bb566799-e1ae-4992-bd76-01dcb769e72e|10.1.0.9:15117, 445f6805-f50a-41ff-88e3-3279a5cf9951|10.1.0.9:15108]|listeners:[], old=null
2024-03-11 08:30:29,782 [967f1ad7-197c-4537-b9a2-0e766318884f@group-EFB4B9F2BAF2-LeaderElection29] INFO  impl.LeaderElection (LeaderElection.java:logAndReturn(89)) - 967f1ad7-197c-4537-b9a2-0e766318884f@group-EFB4B9F2BAF2-LeaderElection29: PRE_VOTE PASSED received 1 response(s) and 0 exception(s):
2024-03-11 08:30:29,782 [grpc-default-executor-4] INFO  server.RaftServer$Division (RaftServerImpl.java:requestVote(1389)) - 445f6805-f50a-41ff-88e3-3279a5cf9951@group-EFB4B9F2BAF2: receive requestVote(PRE_VOTE, 967f1ad7-197c-4537-b9a2-0e766318884f, group-EFB4B9F2BAF2, 0, (t:0, i:0))
2024-03-11 08:30:29,782 [967f1ad7-197c-4537-b9a2-0e766318884f@group-EFB4B9F2BAF2-LeaderElection29] INFO  impl.LeaderElection (LeaderElection.java:logAndReturn(93)) -   Response 0: 967f1ad7-197c-4537-b9a2-0e766318884f<-bb566799-e1ae-4992-bd76-01dcb769e72e#0:OK-t0
2024-03-11 08:30:29,782 [grpc-default-executor-4] INFO  impl.VoteContext (VoteContext.java:log(49)) - 445f6805-f50a-41ff-88e3-3279a5cf9951@group-EFB4B9F2BAF2-FOLLOWER: accept PRE_VOTE from 967f1ad7-197c-4537-b9a2-0e766318884f: our priority 0 <= candidate's priority 1
2024-03-11 08:30:29,782 [967f1ad7-197c-4537-b9a2-0e766318884f@group-EFB4B9F2BAF2-LeaderElection29] INFO  impl.LeaderElection (LeaderElection.java:askForVotes(323)) - 967f1ad7-197c-4537-b9a2-0e766318884f@group-EFB4B9F2BAF2-LeaderElection29 PRE_VOTE round 0: result PASSED
2024-03-11 08:30:29,782 [grpc-default-executor-4] INFO  server.RaftServer$Division (RaftServerImpl.java:requestVote(1422)) - 445f6805-f50a-41ff-88e3-3279a5cf9951@group-EFB4B9F2BAF2 replies to PRE_VOTE vote request: 967f1ad7-197c-4537-b9a2-0e766318884f<-445f6805-f50a-41ff-88e3-3279a5cf9951#0:OK-t0. Peer's state: 445f6805-f50a-41ff-88e3-3279a5cf9951@group-EFB4B9F2BAF2:t0, leader=null, voted=, raftlog=Memoized:445f6805-f50a-41ff-88e3-3279a5cf9951@group-EFB4B9F2BAF2-SegmentedRaftLog:OPENED:c-1, conf=-1: peers:[967f1ad7-197c-4537-b9a2-0e766318884f|10.1.0.9:15126, bb566799-e1ae-4992-bd76-01dcb769e72e|10.1.0.9:15117, 445f6805-f50a-41ff-88e3-3279a5cf9951|10.1.0.9:15108]|listeners:[], old=null
2024-03-11 08:30:29,784 [967f1ad7-197c-4537-b9a2-0e766318884f@group-EFB4B9F2BAF2-LeaderElection29] INFO  impl.LeaderElection (LeaderElection.java:askForVotes(321)) - 967f1ad7-197c-4537-b9a2-0e766318884f@group-EFB4B9F2BAF2-LeaderElection29 ELECTION round 0: submit vote requests at term 1 for -1: peers:[967f1ad7-197c-4537-b9a2-0e766318884f|10.1.0.9:15126, bb566799-e1ae-4992-bd76-01dcb769e72e|10.1.0.9:15117, 445f6805-f50a-41ff-88e3-3279a5cf9951|10.1.0.9:15108]|listeners:[], old=null
2024-03-11 08:30:29,784 [967f1ad7-197c-4537-b9a2-0e766318884f@group-EFB4B9F2BAF2-LeaderElection29] INFO  server.RaftServerConfigKeys (ConfUtils.java:logFallback(53)) - raft.server.rpc.first-election.timeout.min = 5s (fallback to raft.server.rpc.timeout.min)
2024-03-11 08:30:29,784 [967f1ad7-197c-4537-b9a2-0e766318884f@group-EFB4B9F2BAF2-LeaderElection29] INFO  server.RaftServerConfigKeys (ConfUtils.java:logFallback(53)) - raft.server.rpc.first-election.timeout.max = 5200ms (fallback to raft.server.rpc.timeout.max)
2024-03-11 08:30:29,785 [main] INFO  rpc.RpcClient (RpcClient.java:createVolume(465)) - Creating Volume: volume719b340e-99a8-41d9-9ad3-fcb6d284f1f9, with runner as owner and space quota set to -1 bytes, counts quota set to -1
2024-03-11 08:30:29,785 [grpc-default-executor-4] INFO  server.RaftServer$Division (RaftServerImpl.java:requestVote(1389)) - bb566799-e1ae-4992-bd76-01dcb769e72e@group-EFB4B9F2BAF2: receive requestVote(ELECTION, 967f1ad7-197c-4537-b9a2-0e766318884f, group-EFB4B9F2BAF2, 1, (t:0, i:0))
2024-03-11 08:30:29,785 [grpc-default-executor-4] INFO  impl.VoteContext (VoteContext.java:log(49)) - bb566799-e1ae-4992-bd76-01dcb769e72e@group-EFB4B9F2BAF2-FOLLOWER: accept ELECTION from 967f1ad7-197c-4537-b9a2-0e766318884f: our priority 0 <= candidate's priority 1
2024-03-11 08:30:29,785 [grpc-default-executor-4] INFO  server.RaftServer$Division (RaftServerImpl.java:setRole(383)) - bb566799-e1ae-4992-bd76-01dcb769e72e@group-EFB4B9F2BAF2: changes role from  FOLLOWER to FOLLOWER at term 1 for candidate:967f1ad7-197c-4537-b9a2-0e766318884f
2024-03-11 08:30:29,785 [grpc-default-executor-4] INFO  impl.RoleInfo (RoleInfo.java:shutdownFollowerState(110)) - bb566799-e1ae-4992-bd76-01dcb769e72e: shutdown bb566799-e1ae-4992-bd76-01dcb769e72e@group-EFB4B9F2BAF2-FollowerState
2024-03-11 08:30:29,785 [grpc-default-executor-4] INFO  impl.RoleInfo (RoleInfo.java:updateAndGet(139)) - bb566799-e1ae-4992-bd76-01dcb769e72e: start bb566799-e1ae-4992-bd76-01dcb769e72e@group-EFB4B9F2BAF2-FollowerState
2024-03-11 08:30:29,785 [bb566799-e1ae-4992-bd76-01dcb769e72e@group-EFB4B9F2BAF2-FollowerState] INFO  impl.FollowerState (FollowerState.java:run(152)) - bb566799-e1ae-4992-bd76-01dcb769e72e@group-EFB4B9F2BAF2-FollowerState was interrupted
2024-03-11 08:30:29,785 [grpc-default-executor-2] INFO  server.RaftServer$Division (RaftServerImpl.java:requestVote(1389)) - 445f6805-f50a-41ff-88e3-3279a5cf9951@group-EFB4B9F2BAF2: receive requestVote(ELECTION, 967f1ad7-197c-4537-b9a2-0e766318884f, group-EFB4B9F2BAF2, 1, (t:0, i:0))
2024-03-11 08:30:29,786 [grpc-default-executor-2] INFO  impl.VoteContext (VoteContext.java:log(49)) - 445f6805-f50a-41ff-88e3-3279a5cf9951@group-EFB4B9F2BAF2-FOLLOWER: accept ELECTION from 967f1ad7-197c-4537-b9a2-0e766318884f: our priority 0 <= candidate's priority 1
2024-03-11 08:30:29,786 [grpc-default-executor-2] INFO  server.RaftServer$Division (RaftServerImpl.java:setRole(383)) - 445f6805-f50a-41ff-88e3-3279a5cf9951@group-EFB4B9F2BAF2: changes role from  FOLLOWER to FOLLOWER at term 1 for candidate:967f1ad7-197c-4537-b9a2-0e766318884f
2024-03-11 08:30:29,787 [grpc-default-executor-2] INFO  impl.RoleInfo (RoleInfo.java:shutdownFollowerState(110)) - 445f6805-f50a-41ff-88e3-3279a5cf9951: shutdown 445f6805-f50a-41ff-88e3-3279a5cf9951@group-EFB4B9F2BAF2-FollowerState
2024-03-11 08:30:29,787 [grpc-default-executor-2] INFO  impl.RoleInfo (RoleInfo.java:updateAndGet(139)) - 445f6805-f50a-41ff-88e3-3279a5cf9951: start 445f6805-f50a-41ff-88e3-3279a5cf9951@group-EFB4B9F2BAF2-FollowerState
2024-03-11 08:30:29,785 [grpc-default-executor-4] INFO  server.RaftServer$Division (RaftServerImpl.java:setFirstElection(574)) - bb566799-e1ae-4992-bd76-01dcb769e72e@group-EFB4B9F2BAF2: set firstElectionSinceStartup to false for candidate:967f1ad7-197c-4537-b9a2-0e766318884f
2024-03-11 08:30:29,787 [445f6805-f50a-41ff-88e3-3279a5cf9951@group-EFB4B9F2BAF2-FollowerState] INFO  impl.FollowerState (FollowerState.java:run(152)) - 445f6805-f50a-41ff-88e3-3279a5cf9951@group-EFB4B9F2BAF2-FollowerState was interrupted
2024-03-11 08:30:29,788 [grpc-default-executor-4] INFO  server.RaftServer$Division (RaftServerImpl.java:requestVote(1422)) - bb566799-e1ae-4992-bd76-01dcb769e72e@group-EFB4B9F2BAF2 replies to ELECTION vote request: 967f1ad7-197c-4537-b9a2-0e766318884f<-bb566799-e1ae-4992-bd76-01dcb769e72e#0:OK-t1. Peer's state: bb566799-e1ae-4992-bd76-01dcb769e72e@group-EFB4B9F2BAF2:t1, leader=null, voted=967f1ad7-197c-4537-b9a2-0e766318884f, raftlog=Memoized:bb566799-e1ae-4992-bd76-01dcb769e72e@group-EFB4B9F2BAF2-SegmentedRaftLog:OPENED:c-1, conf=-1: peers:[967f1ad7-197c-4537-b9a2-0e766318884f|10.1.0.9:15126, bb566799-e1ae-4992-bd76-01dcb769e72e|10.1.0.9:15117, 445f6805-f50a-41ff-88e3-3279a5cf9951|10.1.0.9:15108]|listeners:[], old=null
2024-03-11 08:30:29,789 [967f1ad7-197c-4537-b9a2-0e766318884f@group-EFB4B9F2BAF2-LeaderElection29] INFO  impl.LeaderElection (LeaderElection.java:logAndReturn(89)) - 967f1ad7-197c-4537-b9a2-0e766318884f@group-EFB4B9F2BAF2-LeaderElection29: ELECTION PASSED received 1 response(s) and 0 exception(s):
2024-03-11 08:30:29,789 [967f1ad7-197c-4537-b9a2-0e766318884f@group-EFB4B9F2BAF2-LeaderElection29] INFO  impl.LeaderElection (LeaderElection.java:logAndReturn(93)) -   Response 0: 967f1ad7-197c-4537-b9a2-0e766318884f<-bb566799-e1ae-4992-bd76-01dcb769e72e#0:OK-t1
2024-03-11 08:30:29,789 [967f1ad7-197c-4537-b9a2-0e766318884f@group-EFB4B9F2BAF2-LeaderElection29] INFO  impl.LeaderElection (LeaderElection.java:askForVotes(323)) - 967f1ad7-197c-4537-b9a2-0e766318884f@group-EFB4B9F2BAF2-LeaderElection29 ELECTION round 0: result PASSED
2024-03-11 08:30:29,789 [967f1ad7-197c-4537-b9a2-0e766318884f@group-EFB4B9F2BAF2-LeaderElection29] INFO  impl.RoleInfo (RoleInfo.java:shutdownLeaderElection(130)) - 967f1ad7-197c-4537-b9a2-0e766318884f: shutdown 967f1ad7-197c-4537-b9a2-0e766318884f@group-EFB4B9F2BAF2-LeaderElection29
2024-03-11 08:30:29,789 [967f1ad7-197c-4537-b9a2-0e766318884f@group-EFB4B9F2BAF2-LeaderElection29] INFO  server.RaftServer$Division (RaftServerImpl.java:setRole(383)) - 967f1ad7-197c-4537-b9a2-0e766318884f@group-EFB4B9F2BAF2: changes role from CANDIDATE to LEADER at term 1 for changeToLeader
2024-03-11 08:30:29,789 [967f1ad7-197c-4537-b9a2-0e766318884f@group-EFB4B9F2BAF2-LeaderElection29] INFO  server.RaftServerConfigKeys (ConfUtils.java:logGet(46)) - raft.server.staging.catchup.gap = 1000 (default)
2024-03-11 08:30:29,789 [967f1ad7-197c-4537-b9a2-0e766318884f@group-EFB4B9F2BAF2-LeaderElection29] INFO  server.RaftServerConfigKeys (ConfUtils.java:logGet(46)) - raft.server.write.element-limit = 1024 (custom)
2024-03-11 08:30:29,789 [967f1ad7-197c-4537-b9a2-0e766318884f@group-EFB4B9F2BAF2-LeaderElection29] INFO  server.RaftServerConfigKeys (ConfUtils.java:logGet(46)) - raft.server.write.byte-limit = 1024 M (=1073741824) (custom)
2024-03-11 08:30:29,789 [967f1ad7-197c-4537-b9a2-0e766318884f@group-EFB4B9F2BAF2-LeaderElection29] INFO  server.RaftServerConfigKeys (ConfUtils.java:logGet(46)) - raft.server.watch.timeout = 180s (custom)
2024-03-11 08:30:29,789 [grpc-default-executor-2] INFO  server.RaftServer$Division (RaftServerImpl.java:requestVote(1422)) - 445f6805-f50a-41ff-88e3-3279a5cf9951@group-EFB4B9F2BAF2 replies to ELECTION vote request: 967f1ad7-197c-4537-b9a2-0e766318884f<-445f6805-f50a-41ff-88e3-3279a5cf9951#0:OK-t1. Peer's state: 445f6805-f50a-41ff-88e3-3279a5cf9951@group-EFB4B9F2BAF2:t1, leader=null, voted=967f1ad7-197c-4537-b9a2-0e766318884f, raftlog=Memoized:445f6805-f50a-41ff-88e3-3279a5cf9951@group-EFB4B9F2BAF2-SegmentedRaftLog:OPENED:c-1, conf=-1: peers:[967f1ad7-197c-4537-b9a2-0e766318884f|10.1.0.9:15126, bb566799-e1ae-4992-bd76-01dcb769e72e|10.1.0.9:15117, 445f6805-f50a-41ff-88e3-3279a5cf9951|10.1.0.9:15108]|listeners:[], old=null
2024-03-11 08:30:29,790 [967f1ad7-197c-4537-b9a2-0e766318884f@group-EFB4B9F2BAF2-LeaderElection29] INFO  server.RaftServerConfigKeys (ConfUtils.java:logGet(46)) - raft.server.watch.timeout.denomination = 1s (default)
2024-03-11 08:30:29,790 [967f1ad7-197c-4537-b9a2-0e766318884f@group-EFB4B9F2BAF2-LeaderElection29] INFO  server.RaftServerConfigKeys (ConfUtils.java:logGet(46)) - raft.server.watch.element-limit = 65536 (default)
2024-03-11 08:30:29,790 [967f1ad7-197c-4537-b9a2-0e766318884f@group-EFB4B9F2BAF2-LeaderElection29] INFO  server.RaftServerConfigKeys (ConfUtils.java:logGet(46)) - raft.server.read.leader.lease.enabled = false (default)
2024-03-11 08:30:29,790 [967f1ad7-197c-4537-b9a2-0e766318884f@group-EFB4B9F2BAF2-LeaderElection29] INFO  server.RaftServerConfigKeys (ConfUtils.java:logGet(46)) - raft.server.read.leader.lease.timeout.ratio = 0.9 (default)
2024-03-11 08:30:29,790 [967f1ad7-197c-4537-b9a2-0e766318884f@group-EFB4B9F2BAF2-LeaderElection29] INFO  server.RaftServerConfigKeys (ConfUtils.java:logGet(46)) - raft.server.rpc.timeout.min = 5s (custom)
2024-03-11 08:30:29,790 [967f1ad7-197c-4537-b9a2-0e766318884f@group-EFB4B9F2BAF2-LeaderElection29] INFO  server.RaftServerConfigKeys (ConfUtils.java:logGet(46)) - raft.server.write.element-limit = 1024 (custom)
2024-03-11 08:30:29,790 [967f1ad7-197c-4537-b9a2-0e766318884f@group-EFB4B9F2BAF2-LeaderElection29] INFO  server.RaftServerConfigKeys (ConfUtils.java:logGet(46)) - raft.server.write.follower.gap.ratio.max = -1.0 (default)
2024-03-11 08:30:29,791 [omNode-2-OMStateMachineApplyTransactionThread - 0] INFO  volume.OMVolumeCreateRequest (OMVolumeCreateRequest.java:validateAndUpdateCache(198)) - created volume:volume719b340e-99a8-41d9-9ad3-fcb6d284f1f9 for user:runner
2024-03-11 08:30:29,791 [967f1ad7-197c-4537-b9a2-0e766318884f@group-EFB4B9F2BAF2-LeaderElection29] INFO  server.RaftServerConfigKeys (ConfUtils.java:logGet(46)) - raft.server.log.appender.snapshot.chunk.size.max = 16MB (=16777216) (default)
2024-03-11 08:30:29,791 [967f1ad7-197c-4537-b9a2-0e766318884f@group-EFB4B9F2BAF2-LeaderElection29] INFO  server.RaftServerConfigKeys (ConfUtils.java:logGet(46)) - raft.server.log.appender.buffer.byte-limit = 8388608 (custom)
2024-03-11 08:30:29,791 [967f1ad7-197c-4537-b9a2-0e766318884f@group-EFB4B9F2BAF2-LeaderElection29] INFO  server.RaftServerConfigKeys (ConfUtils.java:logGet(46)) - raft.server.log.appender.buffer.element-limit = 1 (custom)
2024-03-11 08:30:29,791 [967f1ad7-197c-4537-b9a2-0e766318884f@group-EFB4B9F2BAF2-LeaderElection29] INFO  server.RaftServerConfigKeys (ConfUtils.java:logGet(46)) - raft.server.log.appender.wait-time.min = 0μs (custom)
2024-03-11 08:30:29,791 [967f1ad7-197c-4537-b9a2-0e766318884f@group-EFB4B9F2BAF2-LeaderElection29] INFO  grpc.GrpcConfigKeys (ConfUtils.java:logGet(46)) - raft.grpc.server.leader.outstanding.appends.max = 8 (default)
2024-03-11 08:30:29,791 [967f1ad7-197c-4537-b9a2-0e766318884f@group-EFB4B9F2BAF2-LeaderElection29] INFO  server.RaftServerConfigKeys (ConfUtils.java:logGet(46)) - raft.server.rpc.request.timeout = 60s (custom)
2024-03-11 08:30:29,791 [967f1ad7-197c-4537-b9a2-0e766318884f@group-EFB4B9F2BAF2-LeaderElection29] INFO  grpc.GrpcConfigKeys (ConfUtils.java:logGet(46)) - raft.grpc.server.install_snapshot.request.element-limit = 8 (default)
2024-03-11 08:30:29,791 [967f1ad7-197c-4537-b9a2-0e766318884f@group-EFB4B9F2BAF2-LeaderElection29] INFO  grpc.GrpcConfigKeys (ConfUtils.java:logGet(46)) - raft.grpc.server.install_snapshot.request.timeout = 3000ms (default)
2024-03-11 08:30:29,791 [967f1ad7-197c-4537-b9a2-0e766318884f@group-EFB4B9F2BAF2-LeaderElection29] INFO  grpc.GrpcConfigKeys (ConfUtils.java:logGet(46)) - raft.grpc.server.log-message.batch.duration = 5s (default)
2024-03-11 08:30:29,791 [967f1ad7-197c-4537-b9a2-0e766318884f@group-EFB4B9F2BAF2-LeaderElection29] INFO  server.RaftServerConfigKeys (ConfUtils.java:logGet(46)) - raft.server.log.appender.install.snapshot.enabled = false (custom)
2024-03-11 08:30:29,791 [967f1ad7-197c-4537-b9a2-0e766318884f@group-EFB4B9F2BAF2-LeaderElection29] INFO  grpc.GrpcConfigKeys (ConfUtils.java:logGet(46)) - raft.grpc.server.heartbeat.channel = true (default)
2024-03-11 08:30:29,792 [omNode-3-OMStateMachineApplyTransactionThread - 0] INFO  volume.OMVolumeCreateRequest (OMVolumeCreateRequest.java:validateAndUpdateCache(198)) - created volume:volume719b340e-99a8-41d9-9ad3-fcb6d284f1f9 for user:runner
2024-03-11 08:30:29,792 [967f1ad7-197c-4537-b9a2-0e766318884f@group-EFB4B9F2BAF2-LeaderElection29] INFO  server.RaftServerConfigKeys (ConfUtils.java:logGet(46)) - raft.server.log.appender.snapshot.chunk.size.max = 16MB (=16777216) (default)
2024-03-11 08:30:29,792 [967f1ad7-197c-4537-b9a2-0e766318884f@group-EFB4B9F2BAF2-LeaderElection29] INFO  server.RaftServerConfigKeys (ConfUtils.java:logGet(46)) - raft.server.log.appender.buffer.byte-limit = 8388608 (custom)
2024-03-11 08:30:29,792 [967f1ad7-197c-4537-b9a2-0e766318884f@group-EFB4B9F2BAF2-LeaderElection29] INFO  server.RaftServerConfigKeys (ConfUtils.java:logGet(46)) - raft.server.log.appender.buffer.element-limit = 1 (custom)
2024-03-11 08:30:29,792 [967f1ad7-197c-4537-b9a2-0e766318884f@group-EFB4B9F2BAF2-LeaderElection29] INFO  server.RaftServerConfigKeys (ConfUtils.java:logGet(46)) - raft.server.log.appender.wait-time.min = 0μs (custom)
2024-03-11 08:30:29,792 [967f1ad7-197c-4537-b9a2-0e766318884f@group-EFB4B9F2BAF2-LeaderElection29] INFO  grpc.GrpcConfigKeys (ConfUtils.java:logGet(46)) - raft.grpc.server.leader.outstanding.appends.max = 8 (default)
2024-03-11 08:30:29,792 [967f1ad7-197c-4537-b9a2-0e766318884f@group-EFB4B9F2BAF2-LeaderElection29] INFO  server.RaftServerConfigKeys (ConfUtils.java:logGet(46)) - raft.server.rpc.request.timeout = 60s (custom)
2024-03-11 08:30:29,792 [967f1ad7-197c-4537-b9a2-0e766318884f@group-EFB4B9F2BAF2-LeaderElection29] INFO  grpc.GrpcConfigKeys (ConfUtils.java:logGet(46)) - raft.grpc.server.install_snapshot.request.element-limit = 8 (default)
2024-03-11 08:30:29,792 [967f1ad7-197c-4537-b9a2-0e766318884f@group-EFB4B9F2BAF2-LeaderElection29] INFO  grpc.GrpcConfigKeys (ConfUtils.java:logGet(46)) - raft.grpc.server.install_snapshot.request.timeout = 3000ms (default)
2024-03-11 08:30:29,792 [967f1ad7-197c-4537-b9a2-0e766318884f@group-EFB4B9F2BAF2-LeaderElection29] INFO  grpc.GrpcConfigKeys (ConfUtils.java:logGet(46)) - raft.grpc.server.log-message.batch.duration = 5s (default)
2024-03-11 08:30:29,792 [967f1ad7-197c-4537-b9a2-0e766318884f@group-EFB4B9F2BAF2-LeaderElection29] INFO  server.RaftServerConfigKeys (ConfUtils.java:logGet(46)) - raft.server.log.appender.install.snapshot.enabled = false (custom)
2024-03-11 08:30:29,792 [967f1ad7-197c-4537-b9a2-0e766318884f@group-EFB4B9F2BAF2-LeaderElection29] INFO  grpc.GrpcConfigKeys (ConfUtils.java:logGet(46)) - raft.grpc.server.heartbeat.channel = true (default)
2024-03-11 08:30:29,792 [omNode-1-OMStateMachineApplyTransactionThread - 0] INFO  volume.OMVolumeCreateRequest (OMVolumeCreateRequest.java:validateAndUpdateCache(198)) - created volume:volume719b340e-99a8-41d9-9ad3-fcb6d284f1f9 for user:runner
2024-03-11 08:30:29,792 [967f1ad7-197c-4537-b9a2-0e766318884f@group-EFB4B9F2BAF2-LeaderElection29] INFO  impl.RoleInfo (RoleInfo.java:updateAndGet(139)) - 967f1ad7-197c-4537-b9a2-0e766318884f: start 967f1ad7-197c-4537-b9a2-0e766318884f@group-EFB4B9F2BAF2-LeaderStateImpl
2024-03-11 08:30:29,792 [967f1ad7-197c-4537-b9a2-0e766318884f@group-EFB4B9F2BAF2-LeaderElection29] INFO  server.RaftServer$Division (RaftServerImpl.java:setFirstElection(574)) - 967f1ad7-197c-4537-b9a2-0e766318884f@group-EFB4B9F2BAF2: set firstElectionSinceStartup to false for becomeLeader
2024-03-11 08:30:29,792 [967f1ad7-197c-4537-b9a2-0e766318884f@group-EFB4B9F2BAF2-LeaderElection29] INFO  ratis.XceiverServerRatis (XceiverServerRatis.java:handleLeaderChangedNotification(966)) - Leader change notification received for group: group-EFB4B9F2BAF2 with new leaderId: 967f1ad7-197c-4537-b9a2-0e766318884f
2024-03-11 08:30:29,792 [967f1ad7-197c-4537-b9a2-0e766318884f@group-EFB4B9F2BAF2-LeaderElection29] INFO  server.RaftServer$Division (ServerState.java:setLeader(269)) - 967f1ad7-197c-4537-b9a2-0e766318884f@group-EFB4B9F2BAF2: change Leader from null to 967f1ad7-197c-4537-b9a2-0e766318884f at term 1 for becomeLeader, leader elected after 5197ms
2024-03-11 08:30:29,793 [967f1ad7-197c-4537-b9a2-0e766318884f@group-EFB4B9F2BAF2-LeaderElection29] INFO  segmented.SegmentedRaftLogWorker (SegmentedRaftLogWorker.java:startLogSegment(430)) - 967f1ad7-197c-4537-b9a2-0e766318884f@group-EFB4B9F2BAF2-SegmentedRaftLogWorker: Starting segment from index:0
2024-03-11 08:30:29,793 [967f1ad7-197c-4537-b9a2-0e766318884f@group-EFB4B9F2BAF2-SegmentedRaftLogWorker] INFO  segmented.BufferedWriteChannel (BufferedWriteChannel.java:open(62)) - open log_inprogress_0 at position 0
2024-03-11 08:30:29,794 [EventQueue-PipelineReportForPipelineReportHandler] INFO  pipeline.PipelineReportHandler (PipelineReportHandler.java:processPipelineReport(136)) - Opened pipeline PipelineID=d1b434a3-6150-4b03-ab46-efb4b9f2baf2
2024-03-11 08:30:29,795 [967f1ad7-197c-4537-b9a2-0e766318884f@group-EFB4B9F2BAF2-LeaderElection29] INFO  server.RaftServer$Division (ServerState.java:setRaftConf(386)) - 967f1ad7-197c-4537-b9a2-0e766318884f@group-EFB4B9F2BAF2: set configuration 0: peers:[967f1ad7-197c-4537-b9a2-0e766318884f|10.1.0.9:15126, bb566799-e1ae-4992-bd76-01dcb769e72e|10.1.0.9:15117, 445f6805-f50a-41ff-88e3-3279a5cf9951|10.1.0.9:15108]|listeners:[], old=null
2024-03-11 08:30:29,797 [main] INFO  rpc.RpcClient (RpcClient.java:createBucket(691)) - Creating Bucket: volume719b340e-99a8-41d9-9ad3-fcb6d284f1f9/bucket, with server-side default bucket layout, runner as owner, Versioning false, Storage Type set to DISK and Encryption set to false, Replication Type set to server-side default replication type, Namespace Quota set to -1, Space Quota set to -1 
2024-03-11 08:30:29,802 [967f1ad7-197c-4537-b9a2-0e766318884f@group-EFB4B9F2BAF2-SegmentedRaftLogWorker] INFO  segmented.SegmentedRaftLogWorker (SegmentedRaftLogWorker.java:execute(634)) - 967f1ad7-197c-4537-b9a2-0e766318884f@group-EFB4B9F2BAF2-SegmentedRaftLogWorker: created new log segment /home/runner/work/ozone/ozone/hadoop-ozone/integration-test/target/test-dir/MiniOzoneClusterImpl-b8fac49e-ce79-4459-ae7b-186efce8cd22/ozone-meta/datanode-3/ratis/d1b434a3-6150-4b03-ab46-efb4b9f2baf2/current/log_inprogress_0
2024-03-11 08:30:29,802 [bb566799-e1ae-4992-bd76-01dcb769e72e-server-thread1] INFO  ratis.XceiverServerRatis (XceiverServerRatis.java:handleLeaderChangedNotification(966)) - Leader change notification received for group: group-EFB4B9F2BAF2 with new leaderId: 967f1ad7-197c-4537-b9a2-0e766318884f
2024-03-11 08:30:29,803 [bb566799-e1ae-4992-bd76-01dcb769e72e-server-thread1] INFO  server.RaftServer$Division (ServerState.java:setLeader(269)) - bb566799-e1ae-4992-bd76-01dcb769e72e@group-EFB4B9F2BAF2: change Leader from null to 967f1ad7-197c-4537-b9a2-0e766318884f at term 1 for appendEntries, leader elected after 5235ms
2024-03-11 08:30:29,803 [967f1ad7-197c-4537-b9a2-0e766318884f@group-2CD3A27E51E2-FollowerState] INFO  impl.FollowerState (FollowerState.java:run(143)) - 967f1ad7-197c-4537-b9a2-0e766318884f@group-2CD3A27E51E2-FollowerState: change to CANDIDATE, lastRpcElapsedTime:5078194546ns, electionTimeout:5077ms
2024-03-11 08:30:29,803 [967f1ad7-197c-4537-b9a2-0e766318884f@group-2CD3A27E51E2-FollowerState] INFO  impl.RoleInfo (RoleInfo.java:shutdownFollowerState(110)) - 967f1ad7-197c-4537-b9a2-0e766318884f: shutdown 967f1ad7-197c-4537-b9a2-0e766318884f@group-2CD3A27E51E2-FollowerState
2024-03-11 08:30:29,803 [967f1ad7-197c-4537-b9a2-0e766318884f@group-2CD3A27E51E2-FollowerState] INFO  server.RaftServer$Division (RaftServerImpl.java:setRole(383)) - 967f1ad7-197c-4537-b9a2-0e766318884f@group-2CD3A27E51E2: changes role from  FOLLOWER to CANDIDATE at term 0 for changeToCandidate
2024-03-11 08:30:29,803 [967f1ad7-197c-4537-b9a2-0e766318884f@group-2CD3A27E51E2-FollowerState] INFO  server.RaftServerConfigKeys (ConfUtils.java:logGet(46)) - raft.server.leaderelection.pre-vote = true (default)
2024-03-11 08:30:29,803 [967f1ad7-197c-4537-b9a2-0e766318884f@group-2CD3A27E51E2-FollowerState] INFO  impl.RoleInfo (RoleInfo.java:updateAndGet(139)) - 967f1ad7-197c-4537-b9a2-0e766318884f: start 967f1ad7-197c-4537-b9a2-0e766318884f@group-2CD3A27E51E2-LeaderElection30
2024-03-11 08:30:29,804 [omNode-1-OMStateMachineApplyTransactionThread - 0] INFO  bucket.OMBucketCreateRequest (OMBucketCreateRequest.java:validateAndUpdateCache(292)) - created bucket: bucket of layout OBJECT_STORE in volume: volume719b340e-99a8-41d9-9ad3-fcb6d284f1f9
2024-03-11 08:30:29,806 [omNode-3-OMStateMachineApplyTransactionThread - 0] INFO  bucket.OMBucketCreateRequest (OMBucketCreateRequest.java:validateAndUpdateCache(292)) - created bucket: bucket of layout OBJECT_STORE in volume: volume719b340e-99a8-41d9-9ad3-fcb6d284f1f9
2024-03-11 08:30:29,806 [omNode-2-OMStateMachineApplyTransactionThread - 0] INFO  bucket.OMBucketCreateRequest (OMBucketCreateRequest.java:validateAndUpdateCache(292)) - created bucket: bucket of layout OBJECT_STORE in volume: volume719b340e-99a8-41d9-9ad3-fcb6d284f1f9
2024-03-11 08:30:29,814 [967f1ad7-197c-4537-b9a2-0e766318884f@group-2CD3A27E51E2-LeaderElection30] INFO  impl.LeaderElection (LeaderElection.java:askForVotes(321)) - 967f1ad7-197c-4537-b9a2-0e766318884f@group-2CD3A27E51E2-LeaderElection30 PRE_VOTE round 0: submit vote requests at term 0 for -1: peers:[967f1ad7-197c-4537-b9a2-0e766318884f|10.1.0.9:15126]|listeners:[], old=null
2024-03-11 08:30:29,814 [967f1ad7-197c-4537-b9a2-0e766318884f@group-2CD3A27E51E2-LeaderElection30] INFO  impl.LeaderElection (LeaderElection.java:askForVotes(323)) - 967f1ad7-197c-4537-b9a2-0e766318884f@group-2CD3A27E51E2-LeaderElection30 PRE_VOTE round 0: result PASSED (term=0)
2024-03-11 08:30:29,815 [bb566799-e1ae-4992-bd76-01dcb769e72e-server-thread2] INFO  server.RaftServer$Division (ServerState.java:setRaftConf(386)) - bb566799-e1ae-4992-bd76-01dcb769e72e@group-EFB4B9F2BAF2: set configuration 0: peers:[967f1ad7-197c-4537-b9a2-0e766318884f|10.1.0.9:15126, bb566799-e1ae-4992-bd76-01dcb769e72e|10.1.0.9:15117, 445f6805-f50a-41ff-88e3-3279a5cf9951|10.1.0.9:15108]|listeners:[], old=null
2024-03-11 08:30:29,815 [967f1ad7-197c-4537-b9a2-0e766318884f@group-2CD3A27E51E2-LeaderElection30] INFO  impl.LeaderElection (LeaderElection.java:askForVotes(321)) - 967f1ad7-197c-4537-b9a2-0e766318884f@group-2CD3A27E51E2-LeaderElection30 ELECTION round 0: submit vote requests at term 1 for -1: peers:[967f1ad7-197c-4537-b9a2-0e766318884f|10.1.0.9:15126]|listeners:[], old=null
2024-03-11 08:30:29,816 [967f1ad7-197c-4537-b9a2-0e766318884f@group-2CD3A27E51E2-LeaderElection30] INFO  impl.LeaderElection (LeaderElection.java:askForVotes(323)) - 967f1ad7-197c-4537-b9a2-0e766318884f@group-2CD3A27E51E2-LeaderElection30 ELECTION round 0: result PASSED (term=1)
2024-03-11 08:30:29,816 [967f1ad7-197c-4537-b9a2-0e766318884f@group-2CD3A27E51E2-LeaderElection30] INFO  impl.RoleInfo (RoleInfo.java:shutdownLeaderElection(130)) - 967f1ad7-197c-4537-b9a2-0e766318884f: shutdown 967f1ad7-197c-4537-b9a2-0e766318884f@group-2CD3A27E51E2-LeaderElection30
2024-03-11 08:30:29,816 [967f1ad7-197c-4537-b9a2-0e766318884f@group-2CD3A27E51E2-LeaderElection30] INFO  server.RaftServer$Division (RaftServerImpl.java:setRole(383)) - 967f1ad7-197c-4537-b9a2-0e766318884f@group-2CD3A27E51E2: changes role from CANDIDATE to LEADER at term 1 for changeToLeader
2024-03-11 08:30:29,816 [967f1ad7-197c-4537-b9a2-0e766318884f@group-2CD3A27E51E2-LeaderElection30] INFO  server.RaftServerConfigKeys (ConfUtils.java:logGet(46)) - raft.server.staging.catchup.gap = 1000 (default)
2024-03-11 08:30:29,817 [967f1ad7-197c-4537-b9a2-0e766318884f@group-2CD3A27E51E2-LeaderElection30] INFO  server.RaftServerConfigKeys (ConfUtils.java:logGet(46)) - raft.server.write.element-limit = 1024 (custom)
2024-03-11 08:30:29,819 [967f1ad7-197c-4537-b9a2-0e766318884f@group-2CD3A27E51E2-LeaderElection30] INFO  server.RaftServerConfigKeys (ConfUtils.java:logGet(46)) - raft.server.write.byte-limit = 1024 M (=1073741824) (custom)
2024-03-11 08:30:29,819 [445f6805-f50a-41ff-88e3-3279a5cf9951-server-thread1] INFO  ratis.XceiverServerRatis (XceiverServerRatis.java:handleLeaderChangedNotification(966)) - Leader change notification received for group: group-EFB4B9F2BAF2 with new leaderId: 967f1ad7-197c-4537-b9a2-0e766318884f
2024-03-11 08:30:29,820 [445f6805-f50a-41ff-88e3-3279a5cf9951-server-thread1] INFO  server.RaftServer$Division (ServerState.java:setLeader(269)) - 445f6805-f50a-41ff-88e3-3279a5cf9951@group-EFB4B9F2BAF2: change Leader from null to 967f1ad7-197c-4537-b9a2-0e766318884f at term 1 for appendEntries, leader elected after 5273ms
2024-03-11 08:30:29,820 [bb566799-e1ae-4992-bd76-01dcb769e72e-server-thread2] INFO  segmented.SegmentedRaftLogWorker (SegmentedRaftLogWorker.java:startLogSegment(430)) - bb566799-e1ae-4992-bd76-01dcb769e72e@group-EFB4B9F2BAF2-SegmentedRaftLogWorker: Starting segment from index:0
2024-03-11 08:30:29,821 [967f1ad7-197c-4537-b9a2-0e766318884f@group-2CD3A27E51E2-LeaderElection30] INFO  server.RaftServerConfigKeys (ConfUtils.java:logGet(46)) - raft.server.watch.timeout = 180s (custom)
2024-03-11 08:30:29,821 [bb566799-e1ae-4992-bd76-01dcb769e72e@group-EFB4B9F2BAF2-SegmentedRaftLogWorker] INFO  segmented.BufferedWriteChannel (BufferedWriteChannel.java:open(62)) - open log_inprogress_0 at position 0
2024-03-11 08:30:29,821 [967f1ad7-197c-4537-b9a2-0e766318884f@group-2CD3A27E51E2-LeaderElection30] INFO  server.RaftServerConfigKeys (ConfUtils.java:logGet(46)) - raft.server.watch.timeout.denomination = 1s (default)
2024-03-11 08:30:29,822 [967f1ad7-197c-4537-b9a2-0e766318884f@group-2CD3A27E51E2-LeaderElection30] INFO  server.RaftServerConfigKeys (ConfUtils.java:logGet(46)) - raft.server.watch.element-limit = 65536 (default)
2024-03-11 08:30:29,822 [967f1ad7-197c-4537-b9a2-0e766318884f@group-2CD3A27E51E2-LeaderElection30] INFO  server.RaftServerConfigKeys (ConfUtils.java:logGet(46)) - raft.server.read.leader.lease.enabled = false (default)
2024-03-11 08:30:29,822 [967f1ad7-197c-4537-b9a2-0e766318884f@group-2CD3A27E51E2-LeaderElection30] INFO  server.RaftServerConfigKeys (ConfUtils.java:logGet(46)) - raft.server.read.leader.lease.timeout.ratio = 0.9 (default)
2024-03-11 08:30:29,822 [967f1ad7-197c-4537-b9a2-0e766318884f@group-2CD3A27E51E2-LeaderElection30] INFO  server.RaftServerConfigKeys (ConfUtils.java:logGet(46)) - raft.server.rpc.timeout.min = 5s (custom)
2024-03-11 08:30:29,822 [967f1ad7-197c-4537-b9a2-0e766318884f@group-2CD3A27E51E2-LeaderElection30] INFO  server.RaftServerConfigKeys (ConfUtils.java:logGet(46)) - raft.server.write.element-limit = 1024 (custom)
2024-03-11 08:30:29,822 [967f1ad7-197c-4537-b9a2-0e766318884f@group-2CD3A27E51E2-LeaderElection30] INFO  server.RaftServerConfigKeys (ConfUtils.java:logGet(46)) - raft.server.write.follower.gap.ratio.max = -1.0 (default)
2024-03-11 08:30:29,822 [967f1ad7-197c-4537-b9a2-0e766318884f@group-2CD3A27E51E2-LeaderElection30] INFO  impl.RoleInfo (RoleInfo.java:updateAndGet(139)) - 967f1ad7-197c-4537-b9a2-0e766318884f: start 967f1ad7-197c-4537-b9a2-0e766318884f@group-2CD3A27E51E2-LeaderStateImpl
2024-03-11 08:30:29,822 [967f1ad7-197c-4537-b9a2-0e766318884f@group-2CD3A27E51E2-LeaderElection30] INFO  server.RaftServer$Division (RaftServerImpl.java:setFirstElection(574)) - 967f1ad7-197c-4537-b9a2-0e766318884f@group-2CD3A27E51E2: set firstElectionSinceStartup to false for becomeLeader
2024-03-11 08:30:29,822 [967f1ad7-197c-4537-b9a2-0e766318884f@group-2CD3A27E51E2-LeaderElection30] INFO  ratis.XceiverServerRatis (XceiverServerRatis.java:handleLeaderChangedNotification(966)) - Leader change notification received for group: group-2CD3A27E51E2 with new leaderId: 967f1ad7-197c-4537-b9a2-0e766318884f
2024-03-11 08:30:29,824 [967f1ad7-197c-4537-b9a2-0e766318884f@group-2CD3A27E51E2-LeaderElection30] INFO  server.RaftServer$Division (ServerState.java:setLeader(269)) - 967f1ad7-197c-4537-b9a2-0e766318884f@group-2CD3A27E51E2: change Leader from null to 967f1ad7-197c-4537-b9a2-0e766318884f at term 1 for becomeLeader, leader elected after 5109ms
2024-03-11 08:30:29,826 [967f1ad7-197c-4537-b9a2-0e766318884f@group-2CD3A27E51E2-LeaderElection30] INFO  segmented.SegmentedRaftLogWorker (SegmentedRaftLogWorker.java:startLogSegment(430)) - 967f1ad7-197c-4537-b9a2-0e766318884f@group-2CD3A27E51E2-SegmentedRaftLogWorker: Starting segment from index:0
2024-03-11 08:30:29,826 [967f1ad7-197c-4537-b9a2-0e766318884f@group-2CD3A27E51E2-SegmentedRaftLogWorker] INFO  segmented.BufferedWriteChannel (BufferedWriteChannel.java:open(62)) - open log_inprogress_0 at position 0
2024-03-11 08:30:29,829 [IPC Server handler 9 on default port 15087] INFO  ha.SequenceIdGenerator (SequenceIdGenerator.java:getNextId(145)) - Allocate a batch for containerId, change lastId from 0 to 1000.
2024-03-11 08:30:29,829 [IPC Server handler 9 on default port 15087] WARN  ha.SequenceIdGenerator (SequenceIdGenerator.java:allocateBatch(258)) - Failed to allocate a batch for localId, expected lastId is 0, actual lastId is 113750153625600000.
2024-03-11 08:30:29,829 [bb566799-e1ae-4992-bd76-01dcb769e72e@group-EFB4B9F2BAF2-SegmentedRaftLogWorker] INFO  segmented.SegmentedRaftLogWorker (SegmentedRaftLogWorker.java:execute(634)) - bb566799-e1ae-4992-bd76-01dcb769e72e@group-EFB4B9F2BAF2-SegmentedRaftLogWorker: created new log segment /home/runner/work/ozone/ozone/hadoop-ozone/integration-test/target/test-dir/MiniOzoneClusterImpl-b8fac49e-ce79-4459-ae7b-186efce8cd22/ozone-meta/datanode-2/ratis/d1b434a3-6150-4b03-ab46-efb4b9f2baf2/current/log_inprogress_0
2024-03-11 08:30:29,830 [IPC Server handler 9 on default port 15087] INFO  ha.SequenceIdGenerator (SequenceIdGenerator.java:getNextId(145)) - Allocate a batch for localId, change lastId from 113750153625600000 to 113750153625601000.
2024-03-11 08:30:29,830 [967f1ad7-197c-4537-b9a2-0e766318884f@group-2CD3A27E51E2-LeaderElection30] INFO  server.RaftServer$Division (ServerState.java:setRaftConf(386)) - 967f1ad7-197c-4537-b9a2-0e766318884f@group-2CD3A27E51E2: set configuration 0: peers:[967f1ad7-197c-4537-b9a2-0e766318884f|10.1.0.9:15126]|listeners:[], old=null
2024-03-11 08:30:29,831 [445f6805-f50a-41ff-88e3-3279a5cf9951-server-thread2] INFO  server.RaftServer$Division (ServerState.java:setRaftConf(386)) - 445f6805-f50a-41ff-88e3-3279a5cf9951@group-EFB4B9F2BAF2: set configuration 0: peers:[967f1ad7-197c-4537-b9a2-0e766318884f|10.1.0.9:15126, bb566799-e1ae-4992-bd76-01dcb769e72e|10.1.0.9:15117, 445f6805-f50a-41ff-88e3-3279a5cf9951|10.1.0.9:15108]|listeners:[], old=null
2024-03-11 08:30:29,832 [445f6805-f50a-41ff-88e3-3279a5cf9951-server-thread2] INFO  segmented.SegmentedRaftLogWorker (SegmentedRaftLogWorker.java:startLogSegment(430)) - 445f6805-f50a-41ff-88e3-3279a5cf9951@group-EFB4B9F2BAF2-SegmentedRaftLogWorker: Starting segment from index:0
2024-03-11 08:30:29,832 [445f6805-f50a-41ff-88e3-3279a5cf9951@group-EFB4B9F2BAF2-SegmentedRaftLogWorker] INFO  segmented.BufferedWriteChannel (BufferedWriteChannel.java:open(62)) - open log_inprogress_0 at position 0
2024-03-11 08:30:29,834 [967f1ad7-197c-4537-b9a2-0e766318884f@group-2CD3A27E51E2-SegmentedRaftLogWorker] INFO  segmented.SegmentedRaftLogWorker (SegmentedRaftLogWorker.java:execute(634)) - 967f1ad7-197c-4537-b9a2-0e766318884f@group-2CD3A27E51E2-SegmentedRaftLogWorker: created new log segment /home/runner/work/ozone/ozone/hadoop-ozone/integration-test/target/test-dir/MiniOzoneClusterImpl-b8fac49e-ce79-4459-ae7b-186efce8cd22/ozone-meta/datanode-3/ratis/0d84770a-c693-498a-aaca-2cd3a27e51e2/current/log_inprogress_0
2024-03-11 08:30:29,841 [967f1ad7-197c-4537-b9a2-0e766318884f@group-EFB4B9F2BAF2-StateMachineUpdater] INFO  server.RaftServer$Division (LeaderStateImpl.java:isApplied(320)) - leader is ready since appliedIndex == 0 >= startIndex == 0
2024-03-11 08:30:29,842 [967f1ad7-197c-4537-b9a2-0e766318884f@group-2CD3A27E51E2-StateMachineUpdater] INFO  server.RaftServer$Division (LeaderStateImpl.java:isApplied(320)) - leader is ready since appliedIndex == 0 >= startIndex == 0
2024-03-11 08:30:29,842 [445f6805-f50a-41ff-88e3-3279a5cf9951@group-EFB4B9F2BAF2-SegmentedRaftLogWorker] INFO  segmented.SegmentedRaftLogWorker (SegmentedRaftLogWorker.java:execute(634)) - 445f6805-f50a-41ff-88e3-3279a5cf9951@group-EFB4B9F2BAF2-SegmentedRaftLogWorker: created new log segment /home/runner/work/ozone/ozone/hadoop-ozone/integration-test/target/test-dir/MiniOzoneClusterImpl-b8fac49e-ce79-4459-ae7b-186efce8cd22/ozone-meta/datanode-1/ratis/d1b434a3-6150-4b03-ab46-efb4b9f2baf2/current/log_inprogress_0
2024-03-11 08:30:30,104 [omNode-2@group-523986131536-StateMachineUpdater] INFO  ratis.OzoneManagerStateMachine (OzoneManagerStateMachine.java:takeSnapshotImpl(467)) -  applied = (t:1, i:49)
2024-03-11 08:30:30,104 [omNode-2@group-523986131536-StateMachineUpdater] INFO  ratis.OzoneManagerStateMachine (OzoneManagerStateMachine.java:takeSnapshotImpl(468)) -  skipped = 49
2024-03-11 08:30:30,104 [omNode-2@group-523986131536-StateMachineUpdater] INFO  ratis.OzoneManagerStateMachine (OzoneManagerStateMachine.java:takeSnapshotImpl(469)) - notified = (t:1, i:50)
2024-03-11 08:30:30,104 [omNode-2@group-523986131536-StateMachineUpdater] INFO  ratis.OzoneManagerStateMachine (OzoneManagerStateMachine.java:takeSnapshotImpl(470)) - snapshot = (t:1, i:50)
2024-03-11 08:30:30,105 [omNode-1-OMStateMachineApplyTransactionThread - 0] INFO  upgrade.OMPrepareRequest (OMPrepareRequest.java:validateAndUpdateCache(69)) - OM omNode-1 Received prepare request with log (t:1, i:51)
2024-03-11 08:30:30,105 [omNode-1-OMStateMachineApplyTransactionThread - 0] INFO  upgrade.OMPrepareRequest (OMPrepareRequest.java:waitForLogIndex(184)) - omNode-1 waiting for index 51 to flush to OM DB and index 52 to flush to Ratis state machine.
2024-03-11 08:30:30,104 [omNode-3@group-523986131536-StateMachineUpdater] INFO  ratis.OzoneManagerStateMachine (OzoneManagerStateMachine.java:takeSnapshotImpl(467)) -  applied = (t:1, i:49)
2024-03-11 08:30:30,106 [omNode-3@group-523986131536-StateMachineUpdater] INFO  ratis.OzoneManagerStateMachine (OzoneManagerStateMachine.java:takeSnapshotImpl(468)) -  skipped = 49
2024-03-11 08:30:30,106 [omNode-3@group-523986131536-StateMachineUpdater] INFO  ratis.OzoneManagerStateMachine (OzoneManagerStateMachine.java:takeSnapshotImpl(469)) - notified = (t:1, i:50)
2024-03-11 08:30:30,106 [omNode-3@group-523986131536-StateMachineUpdater] INFO  ratis.OzoneManagerStateMachine (OzoneManagerStateMachine.java:takeSnapshotImpl(470)) - snapshot = (t:1, i:50)
2024-03-11 08:30:30,133 [omNode-2@group-523986131536-StateMachineUpdater] INFO  impl.StateMachineUpdater (StateMachineUpdater.java:takeSnapshot(295)) - omNode-2@group-523986131536-StateMachineUpdater: Took a snapshot at index 50
2024-03-11 08:30:30,133 [omNode-2@group-523986131536-StateMachineUpdater] INFO  impl.StateMachineUpdater (StateMachineUpdater.java:lambda$new$0(98)) - omNode-2@group-523986131536-StateMachineUpdater: snapshotIndex: updateIncreasingly -1 -> 50
2024-03-11 08:30:30,133 [omNode-2@group-523986131536-StateMachineUpdater] INFO  raftlog.RaftLog (RaftLogBase.java:purge(330)) - omNode-2@group-523986131536-SegmentedRaftLog: purge 50
2024-03-11 08:30:30,133 [omNode-2@group-523986131536-StateMachineUpdater] INFO  raftlog.RaftLog (RaftLogBase.java:lambda$new$0(54)) - omNode-2@group-523986131536-SegmentedRaftLog: snapshotIndex: updateIncreasingly -1 -> 50
2024-03-11 08:30:30,133 [omNode-2@group-523986131536-StateMachineUpdater] INFO  raftlog.RaftLog (RaftLogBase.java:lambda$new$0(54)) - omNode-2@group-523986131536-SegmentedRaftLog: purgeIndex: updateToMax old=-1, new=50, updated? true
2024-03-11 08:30:30,134 [omNode-2-OMStateMachineApplyTransactionThread - 0] INFO  upgrade.OMPrepareRequest (OMPrepareRequest.java:validateAndUpdateCache(69)) - OM omNode-2 Received prepare request with log (t:1, i:51)
2024-03-11 08:30:30,134 [omNode-2-OMStateMachineApplyTransactionThread - 0] INFO  upgrade.OMPrepareRequest (OMPrepareRequest.java:waitForLogIndex(184)) - omNode-2 waiting for index 51 to flush to OM DB and index 52 to flush to Ratis state machine.
2024-03-11 08:30:30,134 [omNode-3@group-523986131536-StateMachineUpdater] INFO  impl.StateMachineUpdater (StateMachineUpdater.java:takeSnapshot(295)) - omNode-3@group-523986131536-StateMachineUpdater: Took a snapshot at index 50
2024-03-11 08:30:30,134 [omNode-3@group-523986131536-StateMachineUpdater] INFO  impl.StateMachineUpdater (StateMachineUpdater.java:lambda$new$0(98)) - omNode-3@group-523986131536-StateMachineUpdater: snapshotIndex: updateIncreasingly -1 -> 50
2024-03-11 08:30:30,134 [omNode-3@group-523986131536-StateMachineUpdater] INFO  raftlog.RaftLog (RaftLogBase.java:purge(330)) - omNode-3@group-523986131536-SegmentedRaftLog: purge 50
2024-03-11 08:30:30,134 [omNode-3@group-523986131536-StateMachineUpdater] INFO  raftlog.RaftLog (RaftLogBase.java:lambda$new$0(54)) - omNode-3@group-523986131536-SegmentedRaftLog: snapshotIndex: updateIncreasingly -1 -> 50
2024-03-11 08:30:30,135 [omNode-3@group-523986131536-StateMachineUpdater] INFO  raftlog.RaftLog (RaftLogBase.java:lambda$new$0(54)) - omNode-3@group-523986131536-SegmentedRaftLog: purgeIndex: updateToMax old=-1, new=50, updated? true
2024-03-11 08:30:30,135 [omNode-3-OMStateMachineApplyTransactionThread - 0] INFO  upgrade.OMPrepareRequest (OMPrepareRequest.java:validateAndUpdateCache(69)) - OM omNode-3 Received prepare request with log (t:1, i:51)
2024-03-11 08:30:30,135 [omNode-3-OMStateMachineApplyTransactionThread - 0] INFO  upgrade.OMPrepareRequest (OMPrepareRequest.java:waitForLogIndex(184)) - omNode-3 waiting for index 51 to flush to OM DB and index 52 to flush to Ratis state machine.
2024-03-11 08:30:35,134 [omNode-2-OMStateMachineApplyTransactionThread - 0] INFO  ratis.OzoneManagerStateMachine (OzoneManagerStateMachine.java:takeSnapshotImpl(467)) -  applied = (t:1, i:51)
2024-03-11 08:30:35,135 [omNode-2-OMStateMachineApplyTransactionThread - 0] INFO  ratis.OzoneManagerStateMachine (OzoneManagerStateMachine.java:takeSnapshotImpl(468)) -  skipped = 51
2024-03-11 08:30:35,135 [omNode-2-OMStateMachineApplyTransactionThread - 0] INFO  ratis.OzoneManagerStateMachine (OzoneManagerStateMachine.java:takeSnapshotImpl(469)) - notified = (t:1, i:52)
2024-03-11 08:30:35,135 [omNode-2-OMStateMachineApplyTransactionThread - 0] INFO  ratis.OzoneManagerStateMachine (OzoneManagerStateMachine.java:takeSnapshotImpl(470)) - snapshot = (t:1, i:52)
2024-03-11 08:30:35,135 [omNode-3-OMStateMachineApplyTransactionThread - 0] INFO  ratis.OzoneManagerStateMachine (OzoneManagerStateMachine.java:takeSnapshotImpl(467)) -  applied = (t:1, i:51)
2024-03-11 08:30:35,135 [omNode-3-OMStateMachineApplyTransactionThread - 0] INFO  ratis.OzoneManagerStateMachine (OzoneManagerStateMachine.java:takeSnapshotImpl(468)) -  skipped = 51
2024-03-11 08:30:35,135 [omNode-3-OMStateMachineApplyTransactionThread - 0] INFO  ratis.OzoneManagerStateMachine (OzoneManagerStateMachine.java:takeSnapshotImpl(469)) - notified = (t:1, i:52)
2024-03-11 08:30:35,135 [omNode-3-OMStateMachineApplyTransactionThread - 0] INFO  ratis.OzoneManagerStateMachine (OzoneManagerStateMachine.java:takeSnapshotImpl(470)) - snapshot = (t:1, i:52)
2024-03-11 08:30:35,141 [omNode-3-OMStateMachineApplyTransactionThread - 0] INFO  upgrade.OMPrepareRequest (OMPrepareRequest.java:takeSnapshotAndPurgeLogs(238)) - takeSnapshot at 52 for prepareIndex 52
2024-03-11 08:30:35,141 [omNode-2-OMStateMachineApplyTransactionThread - 0] INFO  upgrade.OMPrepareRequest (OMPrepareRequest.java:takeSnapshotAndPurgeLogs(238)) - takeSnapshot at 52 for prepareIndex 52
2024-03-11 08:30:35,142 [omNode-2-OMStateMachineApplyTransactionThread - 0] INFO  raftlog.RaftLog (RaftLogBase.java:lambda$new$0(54)) - omNode-2@group-523986131536-SegmentedRaftLog: snapshotIndex: updateIncreasingly 50 -> 52
2024-03-11 08:30:35,142 [omNode-3-OMStateMachineApplyTransactionThread - 0] INFO  raftlog.RaftLog (RaftLogBase.java:lambda$new$0(54)) - omNode-3@group-523986131536-SegmentedRaftLog: snapshotIndex: updateIncreasingly 50 -> 52
2024-03-11 08:30:35,142 [omNode-2-OMStateMachineApplyTransactionThread - 0] INFO  segmented.SegmentedRaftLogWorker (SegmentedRaftLogWorker.java:lambda$new$0(134)) - omNode-2@group-523986131536-SegmentedRaftLogWorker: safeCacheEvictIndex: setUnconditionally -1 -> 52
2024-03-11 08:30:35,142 [omNode-3-OMStateMachineApplyTransactionThread - 0] INFO  segmented.SegmentedRaftLogWorker (SegmentedRaftLogWorker.java:lambda$new$0(134)) - omNode-3@group-523986131536-SegmentedRaftLogWorker: safeCacheEvictIndex: setUnconditionally -1 -> 52
2024-03-11 08:30:35,142 [omNode-2-OMStateMachineApplyTransactionThread - 0] INFO  segmented.SegmentedRaftLogWorker (SegmentedRaftLogWorker.java:closeLogSegment(451)) - omNode-2@group-523986131536-SegmentedRaftLogWorker: Closing segment log_inprogress_0 to index: 52
2024-03-11 08:30:35,142 [omNode-3-OMStateMachineApplyTransactionThread - 0] INFO  segmented.SegmentedRaftLogWorker (SegmentedRaftLogWorker.java:closeLogSegment(451)) - omNode-3@group-523986131536-SegmentedRaftLogWorker: Closing segment log_inprogress_0 to index: 52
2024-03-11 08:30:35,143 [omNode-2@group-523986131536-SegmentedRaftLogWorker] INFO  segmented.SegmentedRaftLogWorker (SegmentedRaftLogWorker.java:execute(591)) - omNode-2@group-523986131536-SegmentedRaftLogWorker: Rolled log segment from /home/runner/work/ozone/ozone/hadoop-ozone/integration-test/target/test-dir/MiniOzoneClusterImpl-b8fac49e-ce79-4459-ae7b-186efce8cd22/omNode-2/ratis/c9bc4cf4-3bc3-3c60-a66b-523986131536/current/log_inprogress_0 to /home/runner/work/ozone/ozone/hadoop-ozone/integration-test/target/test-dir/MiniOzoneClusterImpl-b8fac49e-ce79-4459-ae7b-186efce8cd22/omNode-2/ratis/c9bc4cf4-3bc3-3c60-a66b-523986131536/current/log_0-52
2024-03-11 08:30:35,143 [omNode-2-OMStateMachineApplyTransactionThread - 0] INFO  om.OzoneManagerPrepareState (OzoneManagerPrepareState.java:writePrepareMarkerFile(262)) - Prepare marker file written with log index 51 to file /home/runner/work/ozone/ozone/hadoop-ozone/integration-test/target/test-dir/MiniOzoneClusterImpl-b8fac49e-ce79-4459-ae7b-186efce8cd22/omNode-2/current/prepareMarker
2024-03-11 08:30:35,143 [omNode-2-OMStateMachineApplyTransactionThread - 0] INFO  upgrade.OMPrepareRequest (OMPrepareRequest.java:validateAndUpdateCache(122)) - OM omNode-2 prepared at log index 51. Returning response txnID: 51
 with log index 51
2024-03-11 08:30:35,144 [omNode-3@group-523986131536-SegmentedRaftLogWorker] INFO  segmented.SegmentedRaftLogWorker (SegmentedRaftLogWorker.java:execute(591)) - omNode-3@group-523986131536-SegmentedRaftLogWorker: Rolled log segment from /home/runner/work/ozone/ozone/hadoop-ozone/integration-test/target/test-dir/MiniOzoneClusterImpl-b8fac49e-ce79-4459-ae7b-186efce8cd22/omNode-3/ratis/c9bc4cf4-3bc3-3c60-a66b-523986131536/current/log_inprogress_0 to /home/runner/work/ozone/ozone/hadoop-ozone/integration-test/target/test-dir/MiniOzoneClusterImpl-b8fac49e-ce79-4459-ae7b-186efce8cd22/omNode-3/ratis/c9bc4cf4-3bc3-3c60-a66b-523986131536/current/log_0-52
2024-03-11 08:30:35,144 [omNode-3-OMStateMachineApplyTransactionThread - 0] INFO  om.OzoneManagerPrepareState (OzoneManagerPrepareState.java:writePrepareMarkerFile(262)) - Prepare marker file written with log index 51 to file /home/runner/work/ozone/ozone/hadoop-ozone/integration-test/target/test-dir/MiniOzoneClusterImpl-b8fac49e-ce79-4459-ae7b-186efce8cd22/omNode-3/current/prepareMarker
2024-03-11 08:30:35,144 [omNode-3-OMStateMachineApplyTransactionThread - 0] INFO  upgrade.OMPrepareRequest (OMPrepareRequest.java:validateAndUpdateCache(122)) - OM omNode-3 prepared at log index 51. Returning response txnID: 51
 with log index 51
2024-03-11 08:31:19,566 [445f6805-f50a-41ff-88e3-3279a5cf9951-BlockDeletingService#0] INFO  interfaces.ContainerDeletionChoosingPolicyTemplate (ContainerDeletionChoosingPolicyTemplate.java:chooseContainerForBlockDeletion(85)) - Chosen 0/5000 blocks from 0 candidate containers.
2024-03-11 08:31:19,665 [bb566799-e1ae-4992-bd76-01dcb769e72e-BlockDeletingService#0] INFO  interfaces.ContainerDeletionChoosingPolicyTemplate (ContainerDeletionChoosingPolicyTemplate.java:chooseContainerForBlockDeletion(85)) - Chosen 0/5000 blocks from 0 candidate containers.
2024-03-11 08:31:19,746 [967f1ad7-197c-4537-b9a2-0e766318884f-BlockDeletingService#0] INFO  interfaces.ContainerDeletionChoosingPolicyTemplate (ContainerDeletionChoosingPolicyTemplate.java:chooseContainerForBlockDeletion(85)) - Chosen 0/5000 blocks from 0 candidate containers.
2024-03-11 08:32:19,568 [445f6805-f50a-41ff-88e3-3279a5cf9951-BlockDeletingService#1] INFO  interfaces.ContainerDeletionChoosingPolicyTemplate (ContainerDeletionChoosingPolicyTemplate.java:chooseContainerForBlockDeletion(85)) - Chosen 0/5000 blocks from 0 candidate containers.
2024-03-11 08:32:19,667 [bb566799-e1ae-4992-bd76-01dcb769e72e-BlockDeletingService#1] INFO  interfaces.ContainerDeletionChoosingPolicyTemplate (ContainerDeletionChoosingPolicyTemplate.java:chooseContainerForBlockDeletion(85)) - Chosen 0/5000 blocks from 0 candidate containers.
2024-03-11 08:32:19,748 [967f1ad7-197c-4537-b9a2-0e766318884f-BlockDeletingService#1] INFO  interfaces.ContainerDeletionChoosingPolicyTemplate (ContainerDeletionChoosingPolicyTemplate.java:chooseContainerForBlockDeletion(85)) - Chosen 0/5000 blocks from 0 candidate containers.
2024-03-11 08:32:30,112 [omNode-1-OMStateMachineApplyTransactionThread - 0] ERROR upgrade.OMPrepareRequest (OMPrepareRequest.java:validateAndUpdateCache(133)) - Prepare Request Apply failed in omNode-1. 
java.io.IOException: After waiting for 120 seconds, Ratis state machine applied index 50 which is less than the minimum required index 52.
	at org.apache.hadoop.ozone.om.request.upgrade.OMPrepareRequest.waitForLogIndex(OMPrepareRequest.java:216)
	at org.apache.hadoop.ozone.om.request.upgrade.OMPrepareRequest.validateAndUpdateCache(OMPrepareRequest.java:112)
	at org.apache.hadoop.ozone.protocolPB.OzoneManagerRequestHandler.lambda$0(OzoneManagerRequestHandler.java:397)
	at org.apache.hadoop.util.MetricUtil.captureLatencyNs(MetricUtil.java:45)
	at org.apache.hadoop.ozone.protocolPB.OzoneManagerRequestHandler.handleWriteRequestImpl(OzoneManagerRequestHandler.java:395)
	at org.apache.hadoop.ozone.protocolPB.RequestHandler.handleWriteRequest(RequestHandler.java:63)
	at org.apache.hadoop.ozone.om.ratis.OzoneManagerStateMachine.runCommand(OzoneManagerStateMachine.java:525)
	at org.apache.hadoop.ozone.om.ratis.OzoneManagerStateMachine.lambda$1(OzoneManagerStateMachine.java:343)
	at java.util.concurrent.CompletableFuture$AsyncSupply.run(CompletableFuture.java:1604)
	at java.util.concurrent.ThreadPoolExecutor.runWorker(ThreadPoolExecutor.java:1149)
	at java.util.concurrent.ThreadPoolExecutor$Worker.run(ThreadPoolExecutor.java:624)
	at java.lang.Thread.run(Thread.java:750)
2024-03-11 08:32:30,112 [omNode-1@group-523986131536-StateMachineUpdater] INFO  ratis.OzoneManagerStateMachine (OzoneManagerStateMachine.java:takeSnapshotImpl(467)) -  applied = (t:1, i:51)
2024-03-11 08:32:30,112 [omNode-1@group-523986131536-StateMachineUpdater] INFO  ratis.OzoneManagerStateMachine (OzoneManagerStateMachine.java:takeSnapshotImpl(468)) -  skipped = 49
2024-03-11 08:32:30,113 [omNode-1@group-523986131536-StateMachineUpdater] INFO  ratis.OzoneManagerStateMachine (OzoneManagerStateMachine.java:takeSnapshotImpl(469)) - notified = (t:1, i:50)
2024-03-11 08:32:30,113 [omNode-1@group-523986131536-StateMachineUpdater] INFO  ratis.OzoneManagerStateMachine (OzoneManagerStateMachine.java:takeSnapshotImpl(470)) - snapshot = (t:1, i:51)
2024-03-11 08:32:30,113 [main] INFO  om.OzoneManager (OzoneManager.java:stop(2241)) - omNode-3[localhost:15098]: Stopping Ozone Manager
2024-03-11 08:32:30,114 [main] INFO  ipc.Server (Server.java:stop(3523)) - Stopping server on 15098
2024-03-11 08:32:30,116 [IPC Server Responder] INFO  ipc.Server (Server.java:run(1567)) - Stopping IPC Server Responder
2024-03-11 08:32:30,116 [main] INFO  ratis.OzoneManagerRatisServer (OzoneManagerRatisServer.java:stop(594)) - Stopping org.apache.hadoop.ozone.om.ratis.OzoneManagerRatisServer@75001f9f at port 15101
2024-03-11 08:32:30,117 [main] INFO  server.RaftServer (RaftServerProxy.java:lambda$close$9(416)) - omNode-3: close
2024-03-11 08:32:30,116 [IPC Server listener on 15098] INFO  ipc.Server (Server.java:run(1434)) - Stopping IPC Server listener on 15098
2024-03-11 08:32:30,118 [main] INFO  server.GrpcService (GrpcService.java:closeImpl(311)) - omNode-3: shutdown server GrpcServerProtocolService now
2024-03-11 08:32:30,118 [omNode-3-impl-thread2] INFO  server.RaftServer$Division (RaftServerImpl.java:lambda$close$3(526)) - omNode-3@group-523986131536: shutdown
2024-03-11 08:32:30,118 [omNode-3-impl-thread2] INFO  util.JmxRegister (JmxRegister.java:unregister(73)) - Successfully un-registered JMX Bean with object name Ratis:service=RaftServer,group=group-523986131536,id=omNode-3
2024-03-11 08:32:30,118 [omNode-3-impl-thread2] INFO  impl.RoleInfo (RoleInfo.java:shutdownFollowerState(110)) - omNode-3: shutdown omNode-3@group-523986131536-FollowerState
2024-03-11 08:32:30,118 [omNode-3-impl-thread2] INFO  impl.StateMachineUpdater (StateMachineUpdater.java:stopAndJoin(157)) - omNode-3@group-523986131536-StateMachineUpdater: set stopIndex = 52
2024-03-11 08:32:30,118 [omNode-3@group-523986131536-StateMachineUpdater] INFO  ratis.OzoneManagerStateMachine (OzoneManagerStateMachine.java:takeSnapshotImpl(467)) -  applied = (t:1, i:51)
2024-03-11 08:32:30,118 [omNode-3@group-523986131536-StateMachineUpdater] INFO  ratis.OzoneManagerStateMachine (OzoneManagerStateMachine.java:takeSnapshotImpl(468)) -  skipped = 51
2024-03-11 08:32:30,119 [omNode-3@group-523986131536-StateMachineUpdater] INFO  ratis.OzoneManagerStateMachine (OzoneManagerStateMachine.java:takeSnapshotImpl(469)) - notified = (t:1, i:52)
2024-03-11 08:32:30,119 [omNode-3@group-523986131536-StateMachineUpdater] INFO  ratis.OzoneManagerStateMachine (OzoneManagerStateMachine.java:takeSnapshotImpl(470)) - snapshot = (t:1, i:52)
2024-03-11 08:32:30,119 [omNode-3@group-523986131536-FollowerState] INFO  impl.FollowerState (FollowerState.java:run(152)) - omNode-3@group-523986131536-FollowerState was interrupted
2024-03-11 08:32:30,120 [grpc-default-executor-7] WARN  server.GrpcServerProtocolService (LogUtils.java:warn(121)) - omNode-3: APPEND_ENTRIES onError, lastRequest: null: org.apache.ratis.thirdparty.io.grpc.StatusRuntimeException: CANCELLED: client cancelled
2024-03-11 08:32:30,121 [grpc-default-executor-1] WARN  server.GrpcLogAppender (LogUtils.java:warn(121)) - omNode-1@group-523986131536->omNode-3-AppendLogResponseHandler: Failed appendEntries: org.apache.ratis.thirdparty.io.grpc.StatusRuntimeException: CANCELLED: RST_STREAM closed stream. HTTP/2 error code: CANCEL
2024-03-11 08:32:30,121 [grpc-default-executor-1] WARN  server.GrpcLogAppender (GrpcLogAppender.java:lambda$resetClient$1(217)) - omNode-1@group-523986131536->omNode-3-GrpcLogAppender: Follower failed (request=null, errorCount=1); keep nextIndex (53) unchanged and retry.
2024-03-11 08:32:30,122 [grpc-default-executor-8] WARN  server.GrpcServerProtocolService (LogUtils.java:warn(121)) - omNode-3: APPEND_ENTRIES onError, lastRequest: omNode-1->omNode-3#141-t1,previous=(t:1, i:51),leaderCommit=51,initializing? false,entries: size=1, first=(t:1, i:52), METADATAENTRY(c:51): org.apache.ratis.thirdparty.io.grpc.StatusRuntimeException: CANCELLED: client cancelled
2024-03-11 08:32:30,122 [main] INFO  server.GrpcService (GrpcService.java:closeImpl(320)) - omNode-3: shutdown server GrpcServerProtocolService successfully
2024-03-11 08:32:30,127 [omNode-3@group-523986131536-StateMachineUpdater] INFO  impl.StateMachineUpdater (StateMachineUpdater.java:takeSnapshot(295)) - omNode-3@group-523986131536-StateMachineUpdater: Took a snapshot at index 52
2024-03-11 08:32:30,127 [omNode-3@group-523986131536-StateMachineUpdater] INFO  impl.StateMachineUpdater (StateMachineUpdater.java:lambda$new$0(98)) - omNode-3@group-523986131536-StateMachineUpdater: snapshotIndex: updateIncreasingly 50 -> 52
2024-03-11 08:32:30,127 [omNode-3@group-523986131536-StateMachineUpdater] INFO  ratis.OzoneManagerStateMachine (OzoneManagerStateMachine.java:close(513)) - Stopping OzoneManagerStateMachine:omNode-3:group-523986131536.
2024-03-11 08:32:30,127 [omNode-3@group-523986131536-StateMachineUpdater] INFO  ratis.OzoneManagerDoubleBuffer (OzoneManagerDoubleBuffer.java:stopDaemon(517)) - Stopping OMDoubleBuffer flush thread
2024-03-11 08:32:30,127 [omNode-3-OMDoubleBufferFlushThread] INFO  ratis.OzoneManagerDoubleBuffer (OzoneManagerDoubleBuffer.java:canFlush(581)) - OMDoubleBuffer flush thread omNode-3-OMDoubleBufferFlushThread is interrupted and will exit.
2024-03-11 08:32:30,130 [omNode-3-impl-thread2] INFO  server.RaftServer$Division (ServerState.java:close(427)) - omNode-3@group-523986131536: applyIndex: 51
2024-03-11 08:32:30,130 [omNode-3@group-523986131536-cacheEviction-AwaitToRun] INFO  util.AwaitToRun (AwaitToRun.java:run(49)) - omNode-3@group-523986131536-cacheEviction-AwaitToRun-AwaitForSignal is interrupted
2024-03-11 08:32:30,138 [omNode-1@group-523986131536-StateMachineUpdater] INFO  impl.StateMachineUpdater (StateMachineUpdater.java:takeSnapshot(295)) - omNode-1@group-523986131536-StateMachineUpdater: Took a snapshot at index 51
2024-03-11 08:32:30,138 [omNode-1@group-523986131536-StateMachineUpdater] INFO  impl.StateMachineUpdater (StateMachineUpdater.java:lambda$new$0(98)) - omNode-1@group-523986131536-StateMachineUpdater: snapshotIndex: updateIncreasingly -1 -> 51
2024-03-11 08:32:30,138 [omNode-1@group-523986131536-StateMachineUpdater] INFO  raftlog.RaftLog (RaftLogBase.java:purge(330)) - omNode-1@group-523986131536-SegmentedRaftLog: purge 51
2024-03-11 08:32:30,138 [omNode-1@group-523986131536-StateMachineUpdater] INFO  raftlog.RaftLog (RaftLogBase.java:lambda$new$0(54)) - omNode-1@group-523986131536-SegmentedRaftLog: snapshotIndex: updateIncreasingly -1 -> 51
2024-03-11 08:32:30,138 [omNode-1@group-523986131536-StateMachineUpdater] INFO  raftlog.RaftLog (RaftLogBase.java:lambda$new$0(54)) - omNode-1@group-523986131536-SegmentedRaftLog: purgeIndex: updateToMax old=-1, new=51, updated? true
2024-03-11 08:32:30,151 [omNode-3-impl-thread2] INFO  segmented.SegmentedRaftLogWorker (SegmentedRaftLogWorker.java:close(245)) - omNode-3@group-523986131536-SegmentedRaftLogWorker close()
2024-03-11 08:32:30,153 [JvmPauseMonitor32] INFO  util.JvmPauseMonitor (JvmPauseMonitor.java:run(152)) - JvmPauseMonitor-omNode-3: Stopped
2024-03-11 08:32:30,155 [main] INFO  utils.BackgroundService (BackgroundService.java:shutdown(160)) - Shutting down service KeyDeletingService
2024-03-11 08:32:30,155 [main] INFO  utils.BackgroundService (BackgroundService.java:shutdown(160)) - Shutting down service DirectoryDeletingService
2024-03-11 08:32:30,155 [main] INFO  utils.BackgroundService (BackgroundService.java:shutdown(160)) - Shutting down service OpenKeyCleanupService
2024-03-11 08:32:30,155 [main] INFO  utils.BackgroundService (BackgroundService.java:shutdown(160)) - Shutting down service SstFilteringService
2024-03-11 08:32:30,156 [main] INFO  utils.BackgroundService (BackgroundService.java:shutdown(160)) - Shutting down service SnapshotDeletingService
2024-03-11 08:32:30,156 [main] INFO  utils.BackgroundService (BackgroundService.java:shutdown(160)) - Shutting down service MultipartUploadCleanupService
2024-03-11 08:32:30,156 [main] INFO  utils.BackgroundService (BackgroundService.java:shutdown(160)) - Shutting down service SnapshotDirectoryCleaningService
2024-03-11 08:32:30,156 [main] INFO  handler.ContextHandler (ContextHandler.java:doStop(1159)) - Stopped o.e.j.w.WebAppContext@627a8c58{ozoneManager,/,null,STOPPED}{file:/home/runner/work/ozone/ozone/hadoop-ozone/integration-test/target/test-classes/webapps/ozoneManager}
2024-03-11 08:32:30,157 [main] INFO  server.AbstractConnector (AbstractConnector.java:doStop(383)) - Stopped ServerConnector@19309a15{HTTP/1.1, (http/1.1)}{0.0.0.0:15099}
2024-03-11 08:32:30,157 [main] INFO  server.session (HouseKeeper.java:stopScavenging(149)) - node0 Stopped scavenging
2024-03-11 08:32:30,157 [main] INFO  handler.ContextHandler (ContextHandler.java:doStop(1159)) - Stopped o.e.j.s.ServletContextHandler@73b3f7fa{static,/static,file:///home/runner/work/ozone/ozone/hadoop-ozone/integration-test/target/test-classes/webapps/static,STOPPED}
2024-03-11 08:32:30,158 [main] INFO  handler.ContextHandler (ContextHandler.java:doStop(1159)) - Stopped o.e.j.s.ServletContextHandler@1af47{logs,/logs,file:///home/runner/work/ozone/ozone/hadoop-ozone/integration-test/target/log,STOPPED}
2024-03-11 08:32:30,158 [main] INFO  rocksdiff.RocksDBCheckpointDiffer (RocksDBCheckpointDiffer.java:close(310)) - Shutting down CompactionDagPruningService.
2024-03-11 08:32:30,159 [main] INFO  snapshot.SnapshotDiffManager (SnapshotDiffManager.java:closeExecutorService(1657)) - Shutting down executorService: 'SnapDiffExecutor'
2024-03-11 08:32:30,159 [main] INFO  utils.BackgroundService (BackgroundService.java:shutdown(160)) - Shutting down service SnapshotDiffCleanupService
2024-03-11 08:32:30,161 [main] INFO  om.OzoneManager (OzoneManager.java:stop(2241)) - omNode-1[localhost:15090]: Stopping Ozone Manager
2024-03-11 08:32:30,161 [main] INFO  ipc.Server (Server.java:stop(3523)) - Stopping server on 15090
2024-03-11 08:32:30,164 [IPC Server listener on 15090] INFO  ipc.Server (Server.java:run(1434)) - Stopping IPC Server listener on 15090
2024-03-11 08:32:30,164 [IPC Server Responder] INFO  ipc.Server (Server.java:run(1567)) - Stopping IPC Server Responder
2024-03-11 08:32:30,164 [main] INFO  ratis.OzoneManagerRatisServer (OzoneManagerRatisServer.java:stop(594)) - Stopping org.apache.hadoop.ozone.om.ratis.OzoneManagerRatisServer@3b1c8384 at port 15093
2024-03-11 08:32:30,164 [main] INFO  server.RaftServer (RaftServerProxy.java:lambda$close$9(416)) - omNode-1: close
2024-03-11 08:32:30,165 [main] INFO  server.GrpcService (GrpcService.java:closeImpl(311)) - omNode-1: shutdown server GrpcServerProtocolService now
2024-03-11 08:32:30,165 [omNode-1-impl-thread2] INFO  server.RaftServer$Division (RaftServerImpl.java:lambda$close$3(526)) - omNode-1@group-523986131536: shutdown
2024-03-11 08:32:30,165 [omNode-1-impl-thread2] INFO  util.JmxRegister (JmxRegister.java:unregister(73)) - Successfully un-registered JMX Bean with object name Ratis:service=RaftServer,group=group-523986131536,id=omNode-1
2024-03-11 08:32:30,165 [omNode-1-impl-thread2] INFO  impl.RoleInfo (RoleInfo.java:shutdownLeaderState(94)) - omNode-1: shutdown omNode-1@group-523986131536-LeaderStateImpl
2024-03-11 08:32:30,165 [omNode-1@group-523986131536->omNode-3-GrpcLogAppender-LogAppenderDaemon] WARN  server.GrpcLogAppender (GrpcLogAppender.java:mayWait(289)) - omNode-1@group-523986131536->omNode-3-GrpcLogAppender: Wait interrupted by java.lang.InterruptedException
2024-03-11 08:32:30,166 [Thread-6105] INFO  server.GrpcServerProtocolClient (GrpcServerProtocolClient.java:close(103)) - omNode-3 Close channels
2024-03-11 08:32:30,166 [omNode-1@group-523986131536->omNode-2-GrpcLogAppender-LogAppenderDaemon] WARN  server.GrpcLogAppender (GrpcLogAppender.java:mayWait(289)) - omNode-1@group-523986131536->omNode-2-GrpcLogAppender: Wait interrupted by java.lang.InterruptedException
2024-03-11 08:32:30,166 [omNode-1-impl-thread2] INFO  impl.PendingRequests (PendingRequests.java:sendNotLeaderResponses(289)) - omNode-1@group-523986131536-PendingRequests: sendNotLeaderResponses
2024-03-11 08:32:30,166 [Thread-6107] INFO  server.GrpcServerProtocolClient (GrpcServerProtocolClient.java:close(103)) - omNode-2 Close channels
2024-03-11 08:32:30,168 [omNode-1-impl-thread2] INFO  impl.StateMachineUpdater (StateMachineUpdater.java:stopAndJoin(157)) - omNode-1@group-523986131536-StateMachineUpdater: set stopIndex = 52
2024-03-11 08:32:30,166 [grpc-default-executor-8] INFO  server.GrpcServerProtocolService (GrpcServerProtocolService.java:onCompleted(157)) - omNode-2: Completed APPEND_ENTRIES, lastRequest: null
2024-03-11 08:32:30,166 [grpc-default-executor-7] INFO  server.GrpcServerProtocolService (GrpcServerProtocolService.java:onCompleted(157)) - omNode-2: Completed APPEND_ENTRIES, lastRequest: omNode-1->omNode-2#146-t1,previous=(t:1, i:51),leaderCommit=51,initializing? false,entries: size=1, first=(t:1, i:52), METADATAENTRY(c:51)
2024-03-11 08:32:30,168 [grpc-default-executor-7] INFO  server.GrpcServerProtocolService (GrpcServerProtocolService.java:lambda$onCompleted$5(159)) - omNode-2: Completed APPEND_ENTRIES, lastReply: null
2024-03-11 08:32:30,168 [omNode-1@group-523986131536-StateMachineUpdater] INFO  ratis.OzoneManagerStateMachine (OzoneManagerStateMachine.java:takeSnapshotImpl(467)) -  applied = (t:1, i:51)
2024-03-11 08:32:30,168 [omNode-1@group-523986131536-StateMachineUpdater] INFO  ratis.OzoneManagerStateMachine (OzoneManagerStateMachine.java:takeSnapshotImpl(468)) -  skipped = 51
2024-03-11 08:32:30,168 [grpc-default-executor-8] INFO  server.GrpcServerProtocolService (GrpcServerProtocolService.java:lambda$onCompleted$5(159)) - omNode-2: Completed APPEND_ENTRIES, lastReply: serverReply {
  requestorId: "omNode-1"
  replyId: "omNode-2"
  raftGroupId {
    id: "\311\274L\364;\303<`\246kR9\206\023\0256"
  }
  callId: 390
  success: true
}
term: 1
nextIndex: 53
followerCommit: 52
matchIndex: 18446744073709551615
isHearbeat: true

2024-03-11 08:32:30,169 [grpc-default-executor-7] INFO  server.GrpcLogAppender (GrpcLogAppender.java:onCompleted(546)) - omNode-1@group-523986131536->omNode-2-AppendLogResponseHandler: follower responses appendEntries COMPLETED
2024-03-11 08:32:30,168 [omNode-1@group-523986131536-StateMachineUpdater] INFO  ratis.OzoneManagerStateMachine (OzoneManagerStateMachine.java:takeSnapshotImpl(469)) - notified = (t:1, i:52)
2024-03-11 08:32:30,169 [grpc-default-executor-7] WARN  server.GrpcLogAppender (GrpcLogAppender.java:resetClient(226)) - omNode-1@group-523986131536->omNode-2-GrpcLogAppender: Failed to getClient for omNode-2
org.apache.ratis.protocol.exceptions.AlreadyClosedException: omNode-1 is already CLOSED
	at org.apache.ratis.util.PeerProxyMap$PeerAndProxy.getProxy(PeerProxyMap.java:65)
	at org.apache.ratis.util.PeerProxyMap.getProxy(PeerProxyMap.java:114)
	at org.apache.ratis.grpc.server.GrpcLogAppender.getClient(GrpcLogAppender.java:196)
	at org.apache.ratis.grpc.server.GrpcLogAppender.resetClient(GrpcLogAppender.java:201)
	at org.apache.ratis.grpc.server.GrpcLogAppender.access$800(GrpcLogAppender.java:62)
	at org.apache.ratis.grpc.server.GrpcLogAppender$AppendLogResponseHandler.onCompleted(GrpcLogAppender.java:547)
	at org.apache.ratis.thirdparty.io.grpc.stub.ClientCalls$StreamObserverToCallListenerAdapter.onClose(ClientCalls.java:479)
	at org.apache.ratis.thirdparty.io.grpc.internal.ClientCallImpl.closeObserver(ClientCallImpl.java:567)
	at org.apache.ratis.thirdparty.io.grpc.internal.ClientCallImpl.access$300(ClientCallImpl.java:71)
	at org.apache.ratis.thirdparty.io.grpc.internal.ClientCallImpl$ClientStreamListenerImpl$1StreamClosed.runInternal(ClientCallImpl.java:735)
	at org.apache.ratis.thirdparty.io.grpc.internal.ClientCallImpl$ClientStreamListenerImpl$1StreamClosed.runInContext(ClientCallImpl.java:716)
	at org.apache.ratis.thirdparty.io.grpc.internal.ContextRunnable.run(ContextRunnable.java:37)
	at org.apache.ratis.thirdparty.io.grpc.internal.SerializingExecutor.run(SerializingExecutor.java:133)
	at java.util.concurrent.ThreadPoolExecutor.runWorker(ThreadPoolExecutor.java:1149)
	at java.util.concurrent.ThreadPoolExecutor$Worker.run(ThreadPoolExecutor.java:624)
	at java.lang.Thread.run(Thread.java:750)
2024-03-11 08:32:30,171 [grpc-default-executor-1] INFO  server.GrpcLogAppender (GrpcLogAppender.java:onCompleted(546)) - omNode-1@group-523986131536->omNode-2-AppendLogResponseHandler: follower responses appendEntries COMPLETED
2024-03-11 08:32:30,172 [main] INFO  server.GrpcService (GrpcService.java:closeImpl(320)) - omNode-1: shutdown server GrpcServerProtocolService successfully
2024-03-11 08:32:30,169 [omNode-1@group-523986131536-StateMachineUpdater] INFO  ratis.OzoneManagerStateMachine (OzoneManagerStateMachine.java:takeSnapshotImpl(470)) - snapshot = (t:1, i:52)
2024-03-11 08:32:30,172 [grpc-default-executor-1] WARN  server.GrpcLogAppender (GrpcLogAppender.java:resetClient(226)) - omNode-1@group-523986131536->omNode-2-GrpcLogAppender: Failed to getClient for omNode-2
org.apache.ratis.protocol.exceptions.AlreadyClosedException: omNode-1 is already CLOSED
	at org.apache.ratis.util.PeerProxyMap$PeerAndProxy.getProxy(PeerProxyMap.java:65)
	at org.apache.ratis.util.PeerProxyMap.getProxy(PeerProxyMap.java:114)
	at org.apache.ratis.grpc.server.GrpcLogAppender.getClient(GrpcLogAppender.java:196)
	at org.apache.ratis.grpc.server.GrpcLogAppender.resetClient(GrpcLogAppender.java:201)
	at org.apache.ratis.grpc.server.GrpcLogAppender.access$800(GrpcLogAppender.java:62)
	at org.apache.ratis.grpc.server.GrpcLogAppender$AppendLogResponseHandler.onCompleted(GrpcLogAppender.java:547)
	at org.apache.ratis.thirdparty.io.grpc.stub.ClientCalls$StreamObserverToCallListenerAdapter.onClose(ClientCalls.java:479)
	at org.apache.ratis.thirdparty.io.grpc.internal.DelayedClientCall$DelayedListener$3.run(DelayedClientCall.java:489)
	at org.apache.ratis.thirdparty.io.grpc.internal.DelayedClientCall$DelayedListener.delayOrExecute(DelayedClientCall.java:453)
	at org.apache.ratis.thirdparty.io.grpc.internal.DelayedClientCall$DelayedListener.onClose(DelayedClientCall.java:486)
	at org.apache.ratis.thirdparty.io.grpc.internal.ClientCallImpl.closeObserver(ClientCallImpl.java:567)
	at org.apache.ratis.thirdparty.io.grpc.internal.ClientCallImpl.access$300(ClientCallImpl.java:71)
	at org.apache.ratis.thirdparty.io.grpc.internal.ClientCallImpl$ClientStreamListenerImpl$1StreamClosed.runInternal(ClientCallImpl.java:735)
	at org.apache.ratis.thirdparty.io.grpc.internal.ClientCallImpl$ClientStreamListenerImpl$1StreamClosed.runInContext(ClientCallImpl.java:716)
	at org.apache.ratis.thirdparty.io.grpc.internal.ContextRunnable.run(ContextRunnable.java:37)
	at org.apache.ratis.thirdparty.io.grpc.internal.SerializingExecutor.run(SerializingExecutor.java:133)
	at java.util.concurrent.ThreadPoolExecutor.runWorker(ThreadPoolExecutor.java:1149)
	at java.util.concurrent.ThreadPoolExecutor$Worker.run(ThreadPoolExecutor.java:624)
	at java.lang.Thread.run(Thread.java:750)
2024-03-11 08:32:30,179 [omNode-1@group-523986131536-StateMachineUpdater] INFO  impl.StateMachineUpdater (StateMachineUpdater.java:takeSnapshot(295)) - omNode-1@group-523986131536-StateMachineUpdater: Took a snapshot at index 52
2024-03-11 08:32:30,179 [omNode-1@group-523986131536-StateMachineUpdater] INFO  impl.StateMachineUpdater (StateMachineUpdater.java:lambda$new$0(98)) - omNode-1@group-523986131536-StateMachineUpdater: snapshotIndex: updateIncreasingly 51 -> 52
2024-03-11 08:32:30,179 [omNode-1@group-523986131536-StateMachineUpdater] INFO  ratis.OzoneManagerStateMachine (OzoneManagerStateMachine.java:close(513)) - Stopping OzoneManagerStateMachine:omNode-1:group-523986131536.
2024-03-11 08:32:30,179 [omNode-1@group-523986131536-StateMachineUpdater] INFO  ratis.OzoneManagerDoubleBuffer (OzoneManagerDoubleBuffer.java:stopDaemon(517)) - Stopping OMDoubleBuffer flush thread
2024-03-11 08:32:30,179 [omNode-1-OMDoubleBufferFlushThread] INFO  ratis.OzoneManagerDoubleBuffer (OzoneManagerDoubleBuffer.java:canFlush(581)) - OMDoubleBuffer flush thread omNode-1-OMDoubleBufferFlushThread is interrupted and will exit.
2024-03-11 08:32:30,179 [omNode-1-impl-thread2] INFO  server.RaftServer$Division (ServerState.java:close(427)) - omNode-1@group-523986131536: applyIndex: 51
2024-03-11 08:32:30,180 [omNode-1@group-523986131536-cacheEviction-AwaitToRun] INFO  util.AwaitToRun (AwaitToRun.java:run(49)) - omNode-1@group-523986131536-cacheEviction-AwaitToRun-AwaitForSignal is interrupted
2024-03-11 08:32:31,113 [omNode-1-impl-thread2] INFO  segmented.SegmentedRaftLogWorker (SegmentedRaftLogWorker.java:close(245)) - omNode-1@group-523986131536-SegmentedRaftLogWorker close()
2024-03-11 08:32:31,115 [JvmPauseMonitor30] INFO  util.JvmPauseMonitor (JvmPauseMonitor.java:run(152)) - JvmPauseMonitor-omNode-1: Stopped
2024-03-11 08:32:31,115 [main] INFO  utils.BackgroundService (BackgroundService.java:shutdown(160)) - Shutting down service KeyDeletingService
2024-03-11 08:32:31,115 [main] INFO  utils.BackgroundService (BackgroundService.java:shutdown(160)) - Shutting down service DirectoryDeletingService
2024-03-11 08:32:31,115 [main] INFO  utils.BackgroundService (BackgroundService.java:shutdown(160)) - Shutting down service OpenKeyCleanupService
2024-03-11 08:32:31,115 [main] INFO  utils.BackgroundService (BackgroundService.java:shutdown(160)) - Shutting down service SstFilteringService
2024-03-11 08:32:31,115 [main] INFO  utils.BackgroundService (BackgroundService.java:shutdown(160)) - Shutting down service SnapshotDeletingService
2024-03-11 08:32:31,116 [main] INFO  utils.BackgroundService (BackgroundService.java:shutdown(160)) - Shutting down service MultipartUploadCleanupService
2024-03-11 08:32:31,116 [main] INFO  utils.BackgroundService (BackgroundService.java:shutdown(160)) - Shutting down service SnapshotDirectoryCleaningService
2024-03-11 08:32:31,117 [main] INFO  handler.ContextHandler (ContextHandler.java:doStop(1159)) - Stopped o.e.j.w.WebAppContext@2b52ea22{ozoneManager,/,null,STOPPED}{file:/home/runner/work/ozone/ozone/hadoop-ozone/integration-test/target/test-classes/webapps/ozoneManager}
2024-03-11 08:32:31,117 [main] INFO  server.AbstractConnector (AbstractConnector.java:doStop(383)) - Stopped ServerConnector@37467bcb{HTTP/1.1, (http/1.1)}{0.0.0.0:15091}
2024-03-11 08:32:31,117 [main] INFO  server.session (HouseKeeper.java:stopScavenging(149)) - node0 Stopped scavenging
2024-03-11 08:32:31,117 [main] INFO  handler.ContextHandler (ContextHandler.java:doStop(1159)) - Stopped o.e.j.s.ServletContextHandler@43382195{static,/static,file:///home/runner/work/ozone/ozone/hadoop-ozone/integration-test/target/test-classes/webapps/static,STOPPED}
2024-03-11 08:32:31,118 [main] INFO  handler.ContextHandler (ContextHandler.java:doStop(1159)) - Stopped o.e.j.s.ServletContextHandler@6948f680{logs,/logs,file:///home/runner/work/ozone/ozone/hadoop-ozone/integration-test/target/log,STOPPED}
2024-03-11 08:32:31,118 [main] INFO  rocksdiff.RocksDBCheckpointDiffer (RocksDBCheckpointDiffer.java:close(310)) - Shutting down CompactionDagPruningService.
2024-03-11 08:32:31,119 [main] INFO  snapshot.SnapshotDiffManager (SnapshotDiffManager.java:closeExecutorService(1657)) - Shutting down executorService: 'SnapDiffExecutor'
2024-03-11 08:32:31,120 [main] INFO  utils.BackgroundService (BackgroundService.java:shutdown(160)) - Shutting down service SnapshotDiffCleanupService
2024-03-11 08:32:31,121 [main] INFO  om.OzoneManager (OzoneManager.java:stop(2241)) - omNode-2[localhost:15094]: Stopping Ozone Manager
2024-03-11 08:32:31,121 [main] INFO  ipc.Server (Server.java:stop(3523)) - Stopping server on 15094
2024-03-11 08:32:31,123 [IPC Server listener on 15094] INFO  ipc.Server (Server.java:run(1434)) - Stopping IPC Server listener on 15094
2024-03-11 08:32:31,123 [IPC Server Responder] INFO  ipc.Server (Server.java:run(1567)) - Stopping IPC Server Responder
2024-03-11 08:32:31,123 [main] INFO  ratis.OzoneManagerRatisServer (OzoneManagerRatisServer.java:stop(594)) - Stopping org.apache.hadoop.ozone.om.ratis.OzoneManagerRatisServer@4fd7fab7 at port 15097
2024-03-11 08:32:31,124 [main] INFO  server.RaftServer (RaftServerProxy.java:lambda$close$9(416)) - omNode-2: close
2024-03-11 08:32:31,124 [main] INFO  server.GrpcService (GrpcService.java:closeImpl(311)) - omNode-2: shutdown server GrpcServerProtocolService now
2024-03-11 08:32:31,124 [omNode-2-impl-thread2] INFO  server.RaftServer$Division (RaftServerImpl.java:lambda$close$3(526)) - omNode-2@group-523986131536: shutdown
2024-03-11 08:32:31,125 [omNode-2-impl-thread2] INFO  util.JmxRegister (JmxRegister.java:unregister(73)) - Successfully un-registered JMX Bean with object name Ratis:service=RaftServer,group=group-523986131536,id=omNode-2
2024-03-11 08:32:31,125 [omNode-2-impl-thread2] INFO  impl.RoleInfo (RoleInfo.java:shutdownFollowerState(110)) - omNode-2: shutdown omNode-2@group-523986131536-FollowerState
2024-03-11 08:32:31,125 [omNode-2-impl-thread2] INFO  impl.StateMachineUpdater (StateMachineUpdater.java:stopAndJoin(157)) - omNode-2@group-523986131536-StateMachineUpdater: set stopIndex = 52
2024-03-11 08:32:31,125 [omNode-2@group-523986131536-StateMachineUpdater] INFO  ratis.OzoneManagerStateMachine (OzoneManagerStateMachine.java:takeSnapshotImpl(467)) -  applied = (t:1, i:51)
2024-03-11 08:32:31,125 [omNode-2@group-523986131536-FollowerState] INFO  impl.FollowerState (FollowerState.java:run(152)) - omNode-2@group-523986131536-FollowerState was interrupted
2024-03-11 08:32:31,125 [omNode-2@group-523986131536-StateMachineUpdater] INFO  ratis.OzoneManagerStateMachine (OzoneManagerStateMachine.java:takeSnapshotImpl(468)) -  skipped = 51
2024-03-11 08:32:31,125 [omNode-2@group-523986131536-StateMachineUpdater] INFO  ratis.OzoneManagerStateMachine (OzoneManagerStateMachine.java:takeSnapshotImpl(469)) - notified = (t:1, i:52)
2024-03-11 08:32:31,125 [omNode-2@group-523986131536-StateMachineUpdater] INFO  ratis.OzoneManagerStateMachine (OzoneManagerStateMachine.java:takeSnapshotImpl(470)) - snapshot = (t:1, i:52)
2024-03-11 08:32:31,126 [main] INFO  server.GrpcService (GrpcService.java:closeImpl(320)) - omNode-2: shutdown server GrpcServerProtocolService successfully
2024-03-11 08:32:31,131 [omNode-2@group-523986131536-StateMachineUpdater] INFO  impl.StateMachineUpdater (StateMachineUpdater.java:takeSnapshot(295)) - omNode-2@group-523986131536-StateMachineUpdater: Took a snapshot at index 52
2024-03-11 08:32:31,131 [omNode-2@group-523986131536-StateMachineUpdater] INFO  impl.StateMachineUpdater (StateMachineUpdater.java:lambda$new$0(98)) - omNode-2@group-523986131536-StateMachineUpdater: snapshotIndex: updateIncreasingly 50 -> 52
2024-03-11 08:32:31,131 [omNode-2@group-523986131536-StateMachineUpdater] INFO  ratis.OzoneManagerStateMachine (OzoneManagerStateMachine.java:close(513)) - Stopping OzoneManagerStateMachine:omNode-2:group-523986131536.
2024-03-11 08:32:31,131 [omNode-2@group-523986131536-StateMachineUpdater] INFO  ratis.OzoneManagerDoubleBuffer (OzoneManagerDoubleBuffer.java:stopDaemon(517)) - Stopping OMDoubleBuffer flush thread
2024-03-11 08:32:31,131 [omNode-2-OMDoubleBufferFlushThread] INFO  ratis.OzoneManagerDoubleBuffer (OzoneManagerDoubleBuffer.java:canFlush(581)) - OMDoubleBuffer flush thread omNode-2-OMDoubleBufferFlushThread is interrupted and will exit.
2024-03-11 08:32:31,132 [omNode-2-impl-thread2] INFO  server.RaftServer$Division (ServerState.java:close(427)) - omNode-2@group-523986131536: applyIndex: 51
2024-03-11 08:32:31,132 [omNode-2@group-523986131536-cacheEviction-AwaitToRun] INFO  util.AwaitToRun (AwaitToRun.java:run(49)) - omNode-2@group-523986131536-cacheEviction-AwaitToRun-AwaitForSignal is interrupted
2024-03-11 08:32:31,151 [omNode-2-impl-thread2] INFO  segmented.SegmentedRaftLogWorker (SegmentedRaftLogWorker.java:close(245)) - omNode-2@group-523986131536-SegmentedRaftLogWorker close()
2024-03-11 08:32:31,152 [JvmPauseMonitor31] INFO  util.JvmPauseMonitor (JvmPauseMonitor.java:run(152)) - JvmPauseMonitor-omNode-2: Stopped
2024-03-11 08:32:31,152 [main] INFO  utils.BackgroundService (BackgroundService.java:shutdown(160)) - Shutting down service KeyDeletingService
2024-03-11 08:32:31,152 [main] INFO  utils.BackgroundService (BackgroundService.java:shutdown(160)) - Shutting down service DirectoryDeletingService
2024-03-11 08:32:31,152 [main] INFO  utils.BackgroundService (BackgroundService.java:shutdown(160)) - Shutting down service OpenKeyCleanupService
2024-03-11 08:32:31,153 [main] INFO  utils.BackgroundService (BackgroundService.java:shutdown(160)) - Shutting down service SstFilteringService
2024-03-11 08:32:31,153 [main] INFO  utils.BackgroundService (BackgroundService.java:shutdown(160)) - Shutting down service SnapshotDeletingService
2024-03-11 08:32:31,153 [main] INFO  utils.BackgroundService (BackgroundService.java:shutdown(160)) - Shutting down service MultipartUploadCleanupService
2024-03-11 08:32:31,153 [main] INFO  utils.BackgroundService (BackgroundService.java:shutdown(160)) - Shutting down service SnapshotDirectoryCleaningService
2024-03-11 08:32:31,154 [main] INFO  handler.ContextHandler (ContextHandler.java:doStop(1159)) - Stopped o.e.j.w.WebAppContext@7845202b{ozoneManager,/,null,STOPPED}{file:/home/runner/work/ozone/ozone/hadoop-ozone/integration-test/target/test-classes/webapps/ozoneManager}
2024-03-11 08:32:31,154 [main] INFO  server.AbstractConnector (AbstractConnector.java:doStop(383)) - Stopped ServerConnector@41726603{HTTP/1.1, (http/1.1)}{0.0.0.0:15095}
2024-03-11 08:32:31,155 [main] INFO  server.session (HouseKeeper.java:stopScavenging(149)) - node0 Stopped scavenging
2024-03-11 08:32:31,155 [main] INFO  handler.ContextHandler (ContextHandler.java:doStop(1159)) - Stopped o.e.j.s.ServletContextHandler@399e4015{static,/static,file:///home/runner/work/ozone/ozone/hadoop-ozone/integration-test/target/test-classes/webapps/static,STOPPED}
2024-03-11 08:32:31,155 [main] INFO  handler.ContextHandler (ContextHandler.java:doStop(1159)) - Stopped o.e.j.s.ServletContextHandler@4083443e{logs,/logs,file:///home/runner/work/ozone/ozone/hadoop-ozone/integration-test/target/log,STOPPED}
2024-03-11 08:32:31,156 [main] INFO  rocksdiff.RocksDBCheckpointDiffer (RocksDBCheckpointDiffer.java:close(310)) - Shutting down CompactionDagPruningService.
2024-03-11 08:32:31,157 [main] INFO  snapshot.SnapshotDiffManager (SnapshotDiffManager.java:closeExecutorService(1657)) - Shutting down executorService: 'SnapDiffExecutor'
2024-03-11 08:32:31,157 [main] INFO  utils.BackgroundService (BackgroundService.java:shutdown(160)) - Shutting down service SnapshotDiffCleanupService
2024-03-11 08:32:31,159 [main] INFO  om.OzoneManager (OzoneManager.java:restart(1747)) - OzoneManager RPC server is listening at localhost/127.0.0.1:15098
2024-03-11 08:32:31,159 [main] INFO  impl.MetricsSystemImpl (MetricsSystemImpl.java:init(158)) - OzoneManager metrics system started (again)
2024-03-11 08:32:31,167 [main] WARN  server.ServerUtils (ServerUtils.java:getDBPath(299)) - ozone.om.db.dirs is not configured. We recommend adding this setting. Falling back to ozone.metadata.dirs instead.
2024-03-11 08:32:31,167 [main] INFO  helpers.OmKeyInfo (OmKeyInfo.java:getCodec(71)) - OmKeyInfo.getCodec ignorePipeline = true
2024-03-11 08:32:31,209 [main] INFO  om.OzoneManager (OzoneManager.java:instantiateServices(811)) - S3 Multi-Tenancy is disabled
2024-03-11 08:32:31,209 [main] INFO  om.OmSnapshotManager (OmSnapshotManager.java:<init>(177)) - Ozone filesystem snapshot feature is enabled.
2024-03-11 08:32:31,210 [main] WARN  server.ServerUtils (ServerUtils.java:getDBPath(299)) - ozone.om.snapshot.diff.db.dir is not configured. We recommend adding this setting. Falling back to ozone.metadata.dirs instead.
2024-03-11 08:32:31,255 [main] INFO  utils.NativeLibraryLoader (NativeLibraryLoader.java:loadLibrary(108)) - Loading Library: ozone_rocksdb_tools
2024-03-11 08:32:31,255 [main] ERROR snapshot.SnapshotDiffManager (SnapshotDiffManager.java:initNativeLibraryForEfficientDiff(287)) - Native Library for raw sst file reading loading failed.
org.apache.hadoop.hdds.utils.NativeLibraryNotLoadedException: Unable to load library ozone_rocksdb_tools from both java.library.path & resource file libozone_rocksdb_tools.so from jar.
	at org.apache.hadoop.hdds.utils.db.managed.ManagedRawSSTFileReader.loadLibrary(ManagedRawSSTFileReader.java:38)
	at org.apache.hadoop.ozone.om.snapshot.SnapshotDiffManager.initNativeLibraryForEfficientDiff(SnapshotDiffManager.java:285)
	at org.apache.hadoop.ozone.om.snapshot.SnapshotDiffManager.<init>(SnapshotDiffManager.java:259)
	at org.apache.hadoop.ozone.om.OmSnapshotManager.<init>(OmSnapshotManager.java:279)
	at org.apache.hadoop.ozone.om.OzoneManager.instantiateServices(OzoneManager.java:863)
	at org.apache.hadoop.ozone.om.OzoneManager.restart(OzoneManager.java:1752)
	at org.apache.hadoop.ozone.MiniOzoneHAClusterImpl.restartOzoneManager(MiniOzoneHAClusterImpl.java:211)
	at org.apache.hadoop.ozone.om.TestOzoneManagerPrepare.resetCluster(TestOzoneManagerPrepare.java:113)
	at sun.reflect.NativeMethodAccessorImpl.invoke0(Native Method)
	at sun.reflect.NativeMethodAccessorImpl.invoke(NativeMethodAccessorImpl.java:62)
	at sun.reflect.DelegatingMethodAccessorImpl.invoke(DelegatingMethodAccessorImpl.java:43)
	at java.lang.reflect.Method.invoke(Method.java:498)
	at org.junit.platform.commons.util.ReflectionUtils.invokeMethod(ReflectionUtils.java:728)
	at org.junit.jupiter.engine.execution.MethodInvocation.proceed(MethodInvocation.java:60)
	at org.junit.jupiter.engine.execution.InvocationInterceptorChain$ValidatingInvocation.proceed(InvocationInterceptorChain.java:131)
	at org.junit.jupiter.engine.extension.TimeoutExtension.intercept(TimeoutExtension.java:156)
	at org.junit.jupiter.engine.extension.TimeoutExtension.interceptLifecycleMethod(TimeoutExtension.java:128)
	at org.junit.jupiter.engine.extension.TimeoutExtension.interceptAfterEachMethod(TimeoutExtension.java:110)
	at org.junit.jupiter.engine.execution.InterceptingExecutableInvoker$ReflectiveInterceptorCall.lambda$ofVoidMethod$0(InterceptingExecutableInvoker.java:103)
	at org.junit.jupiter.engine.execution.InterceptingExecutableInvoker.lambda$invoke$0(InterceptingExecutableInvoker.java:93)
	at org.junit.jupiter.engine.execution.InvocationInterceptorChain$InterceptedInvocation.proceed(InvocationInterceptorChain.java:106)
	at org.junit.jupiter.engine.execution.InvocationInterceptorChain.proceed(InvocationInterceptorChain.java:64)
	at org.junit.jupiter.engine.execution.InvocationInterceptorChain.chainAndInvoke(InvocationInterceptorChain.java:45)
	at org.junit.jupiter.engine.execution.InvocationInterceptorChain.invoke(InvocationInterceptorChain.java:37)
	at org.junit.jupiter.engine.execution.InterceptingExecutableInvoker.invoke(InterceptingExecutableInvoker.java:92)
	at org.junit.jupiter.engine.execution.InterceptingExecutableInvoker.invoke(InterceptingExecutableInvoker.java:86)
	at org.junit.jupiter.engine.descriptor.ClassBasedTestDescriptor.invokeMethodInExtensionContext(ClassBasedTestDescriptor.java:521)
	at org.junit.jupiter.engine.descriptor.ClassBasedTestDescriptor.lambda$synthesizeAfterEachMethodAdapter$24(ClassBasedTestDescriptor.java:511)
	at org.junit.jupiter.engine.descriptor.TestMethodTestDescriptor.lambda$invokeAfterEachMethods$10(TestMethodTestDescriptor.java:244)
	at org.junit.jupiter.engine.descriptor.TestMethodTestDescriptor.lambda$invokeAllAfterMethodsOrCallbacks$13(TestMethodTestDescriptor.java:277)
	at org.junit.platform.engine.support.hierarchical.ThrowableCollector.execute(ThrowableCollector.java:73)
	at org.junit.jupiter.engine.descriptor.TestMethodTestDescriptor.lambda$invokeAllAfterMethodsOrCallbacks$14(TestMethodTestDescriptor.java:277)
	at org.junit.platform.commons.util.CollectionUtils.forEachInReverseOrder(CollectionUtils.java:217)
	at org.junit.jupiter.engine.descriptor.TestMethodTestDescriptor.invokeAllAfterMethodsOrCallbacks(TestMethodTestDescriptor.java:276)
	at org.junit.jupiter.engine.descriptor.TestMethodTestDescriptor.invokeAfterEachMethods(TestMethodTestDescriptor.java:242)
	at org.junit.jupiter.engine.descriptor.TestMethodTestDescriptor.execute(TestMethodTestDescriptor.java:143)
	at org.junit.jupiter.engine.descriptor.TestMethodTestDescriptor.execute(TestMethodTestDescriptor.java:69)
	at org.junit.platform.engine.support.hierarchical.NodeTestTask.lambda$executeRecursively$6(NodeTestTask.java:151)
	at org.junit.platform.engine.support.hierarchical.ThrowableCollector.execute(ThrowableCollector.java:73)
	at org.junit.platform.engine.support.hierarchical.NodeTestTask.lambda$executeRecursively$8(NodeTestTask.java:141)
	at org.junit.platform.engine.support.hierarchical.Node.around(Node.java:137)
	at org.junit.platform.engine.support.hierarchical.NodeTestTask.lambda$executeRecursively$9(NodeTestTask.java:139)
	at org.junit.platform.engine.support.hierarchical.ThrowableCollector.execute(ThrowableCollector.java:73)
	at org.junit.platform.engine.support.hierarchical.NodeTestTask.executeRecursively(NodeTestTask.java:138)
	at org.junit.platform.engine.support.hierarchical.NodeTestTask.execute(NodeTestTask.java:95)
	at java.util.ArrayList.forEach(ArrayList.java:1259)
	at org.junit.platform.engine.support.hierarchical.SameThreadHierarchicalTestExecutorService.invokeAll(SameThreadHierarchicalTestExecutorService.java:41)
	at org.junit.platform.engine.support.hierarchical.NodeTestTask.lambda$executeRecursively$6(NodeTestTask.java:155)
	at org.junit.platform.engine.support.hierarchical.ThrowableCollector.execute(ThrowableCollector.java:73)
	at org.junit.platform.engine.support.hierarchical.NodeTestTask.lambda$executeRecursively$8(NodeTestTask.java:141)
	at org.junit.platform.engine.support.hierarchical.Node.around(Node.java:137)
	at org.junit.platform.engine.support.hierarchical.NodeTestTask.lambda$executeRecursively$9(NodeTestTask.java:139)
	at org.junit.platform.engine.support.hierarchical.ThrowableCollector.execute(ThrowableCollector.java:73)
	at org.junit.platform.engine.support.hierarchical.NodeTestTask.executeRecursively(NodeTestTask.java:138)
	at org.junit.platform.engine.support.hierarchical.NodeTestTask.execute(NodeTestTask.java:95)
	at java.util.ArrayList.forEach(ArrayList.java:1259)
	at org.junit.platform.engine.support.hierarchical.SameThreadHierarchicalTestExecutorService.invokeAll(SameThreadHierarchicalTestExecutorService.java:41)
	at org.junit.platform.engine.support.hierarchical.NodeTestTask.lambda$executeRecursively$6(NodeTestTask.java:155)
	at org.junit.platform.engine.support.hierarchical.ThrowableCollector.execute(ThrowableCollector.java:73)
	at org.junit.platform.engine.support.hierarchical.NodeTestTask.lambda$executeRecursively$8(NodeTestTask.java:141)
	at org.junit.platform.engine.support.hierarchical.Node.around(Node.java:137)
	at org.junit.platform.engine.support.hierarchical.NodeTestTask.lambda$executeRecursively$9(NodeTestTask.java:139)
	at org.junit.platform.engine.support.hierarchical.ThrowableCollector.execute(ThrowableCollector.java:73)
	at org.junit.platform.engine.support.hierarchical.NodeTestTask.executeRecursively(NodeTestTask.java:138)
	at org.junit.platform.engine.support.hierarchical.NodeTestTask.execute(NodeTestTask.java:95)
	at org.junit.platform.engine.support.hierarchical.SameThreadHierarchicalTestExecutorService.submit(SameThreadHierarchicalTestExecutorService.java:35)
	at org.junit.platform.engine.support.hierarchical.HierarchicalTestExecutor.execute(HierarchicalTestExecutor.java:57)
	at org.junit.platform.engine.support.hierarchical.HierarchicalTestEngine.execute(HierarchicalTestEngine.java:54)
	at org.junit.platform.launcher.core.EngineExecutionOrchestrator.execute(EngineExecutionOrchestrator.java:198)
	at org.junit.platform.launcher.core.EngineExecutionOrchestrator.execute(EngineExecutionOrchestrator.java:169)
	at org.junit.platform.launcher.core.EngineExecutionOrchestrator.execute(EngineExecutionOrchestrator.java:93)
	at org.junit.platform.launcher.core.EngineExecutionOrchestrator.lambda$execute$0(EngineExecutionOrchestrator.java:58)
	at org.junit.platform.launcher.core.EngineExecutionOrchestrator.withInterceptedStreams(EngineExecutionOrchestrator.java:141)
	at org.junit.platform.launcher.core.EngineExecutionOrchestrator.execute(EngineExecutionOrchestrator.java:57)
	at org.junit.platform.launcher.core.DefaultLauncher.execute(DefaultLauncher.java:103)
	at org.junit.platform.launcher.core.DefaultLauncher.execute(DefaultLauncher.java:85)
	at org.junit.platform.launcher.core.DelegatingLauncher.execute(DelegatingLauncher.java:47)
	at org.junit.platform.launcher.core.SessionPerRequestLauncher.execute(SessionPerRequestLauncher.java:63)
	at org.apache.maven.surefire.junitplatform.JUnitPlatformProvider.invokeAllTests(JUnitPlatformProvider.java:165)
	at org.apache.maven.surefire.junitplatform.JUnitPlatformProvider.invoke(JUnitPlatformProvider.java:124)
	at org.apache.maven.surefire.booter.ForkedBooter.runSuitesInProcess(ForkedBooter.java:428)
	at org.apache.maven.surefire.booter.ForkedBooter.execute(ForkedBooter.java:162)
	at org.apache.maven.surefire.booter.ForkedBooter.run(ForkedBooter.java:562)
	at org.apache.maven.surefire.booter.ForkedBooter.main(ForkedBooter.java:548)
2024-03-11 08:32:31,258 [main] WARN  om.OzoneManager (OzoneManager.java:instantiatePrepareStateOnStartup(4553)) - Prepare marker file index 52 does not match DB prepare index 51. Writing DB index to prepare file and maintaining prepared state.
2024-03-11 08:32:31,258 [main] INFO  om.OzoneManagerPrepareState (OzoneManagerPrepareState.java:writePrepareMarkerFile(262)) - Prepare marker file written with log index 51 to file /home/runner/work/ozone/ozone/hadoop-ozone/integration-test/target/test-dir/MiniOzoneClusterImpl-b8fac49e-ce79-4459-ae7b-186efce8cd22/omNode-3/current/prepareMarker
2024-03-11 08:32:31,265 [main] WARN  server.ServerUtils (ServerUtils.java:getDefaultRatisDirectory(311)) - Storage directory for Ratis is not configured. It is a good idea to map this to an SSD disk. Falling back to ozone.metadata.dirs
2024-03-11 08:32:31,265 [main] INFO  ratis.OzoneManagerRatisServer (OzoneManagerRatisServer.java:<init>(167)) - Instantiating OM Ratis server with groupID: om-service-test1 and peers: localhost:15101, localhost:15093, localhost:15097
2024-03-11 08:32:31,266 [main] INFO  ratis.OzoneManagerStateMachine (OzoneManagerStateMachine.java:loadSnapshotInfoFromDB(573)) - LastAppliedIndex is set from TransactionInfo from OM DB as (t:1, i:52)
2024-03-11 08:32:31,266 [main] INFO  server.RaftServer (ConfUtils.java:logGet(46)) - raft.rpc.type = GRPC (default)
2024-03-11 08:32:31,266 [main] INFO  grpc.GrpcConfigKeys (ConfUtils.java:logFallback(53)) - raft.grpc.admin.host = null (fallback to raft.grpc.server.host)
2024-03-11 08:32:31,267 [main] INFO  grpc.GrpcConfigKeys (ConfUtils.java:logFallback(53)) - raft.grpc.admin.port = 15101 (fallback to raft.grpc.server.port)
2024-03-11 08:32:31,267 [main] INFO  grpc.GrpcConfigKeys (ConfUtils.java:logFallback(53)) - raft.grpc.client.host = null (fallback to raft.grpc.server.host)
2024-03-11 08:32:31,267 [main] INFO  grpc.GrpcConfigKeys (ConfUtils.java:logFallback(53)) - raft.grpc.client.port = 15101 (fallback to raft.grpc.server.port)
2024-03-11 08:32:31,267 [main] INFO  grpc.GrpcConfigKeys (ConfUtils.java:logGet(46)) - raft.grpc.server.host = null (default)
2024-03-11 08:32:31,267 [main] INFO  grpc.GrpcConfigKeys (ConfUtils.java:logGet(46)) - raft.grpc.server.port = 15101 (custom)
2024-03-11 08:32:31,268 [main] INFO  server.GrpcService (ConfUtils.java:logGet(46)) - raft.grpc.message.size.max = 4194304 (custom)
2024-03-11 08:32:31,268 [main] INFO  server.RaftServerConfigKeys (ConfUtils.java:logGet(46)) - raft.server.log.appender.buffer.byte-limit = 4194304 (custom)
2024-03-11 08:32:31,268 [main] INFO  server.GrpcService (ConfUtils.java:logGet(46)) - raft.grpc.flow.control.window = 1MB (=1048576) (default)
2024-03-11 08:32:31,268 [main] INFO  server.RaftServerConfigKeys (ConfUtils.java:logGet(46)) - raft.server.rpc.request.timeout = 3000ms (default)
2024-03-11 08:32:31,268 [main] INFO  grpc.GrpcConfigKeys (ConfUtils.java:logGet(46)) - raft.grpc.server.heartbeat.channel = true (default)
2024-03-11 08:32:31,268 [main] INFO  grpc.GrpcConfigKeys (ConfUtils.java:logGet(46)) - raft.grpc.server.async.request.thread.pool.cached = true (default)
2024-03-11 08:32:31,268 [main] INFO  grpc.GrpcConfigKeys (ConfUtils.java:logGet(46)) - raft.grpc.server.async.request.thread.pool.size = 32 (default)
2024-03-11 08:32:31,270 [main] INFO  impl.DataStreamServerImpl (ConfUtils.java:logGet(46)) - raft.datastream.type = DISABLED (default)
2024-03-11 08:32:31,270 [main] INFO  server.RaftServerConfigKeys (ConfUtils.java:logGet(46)) - raft.server.sleep.deviation.threshold = 300ms (default)
2024-03-11 08:32:31,270 [main] INFO  server.RaftServerConfigKeys (ConfUtils.java:logGet(46)) - raft.server.close.threshold = 60s (default)
2024-03-11 08:32:31,270 [main] INFO  server.RaftServerConfigKeys (ConfUtils.java:logGet(46)) - raft.server.leaderelection.leader.step-down.wait-time = 10s (default)
2024-03-11 08:32:31,270 [main] INFO  server.RaftServerConfigKeys (ConfUtils.java:logGet(46)) - raft.server.storage.dir = [/home/runner/work/ozone/ozone/hadoop-ozone/integration-test/target/test-dir/MiniOzoneClusterImpl-b8fac49e-ce79-4459-ae7b-186efce8cd22/omNode-3/ratis] (custom)
2024-03-11 08:32:31,270 [main] INFO  server.RaftServerConfigKeys (ConfUtils.java:logGet(46)) - raft.server.threadpool.proxy.cached = true (default)
2024-03-11 08:32:31,271 [main] INFO  server.RaftServerConfigKeys (ConfUtils.java:logGet(46)) - raft.server.threadpool.proxy.size = 0 (default)
2024-03-11 08:32:31,271 [omNode-3-impl-thread1] INFO  server.RaftServer (RaftServerProxy.java:initGroupDir(264)) - omNode-3: found a subdirectory /home/runner/work/ozone/ozone/hadoop-ozone/integration-test/target/test-dir/MiniOzoneClusterImpl-b8fac49e-ce79-4459-ae7b-186efce8cd22/omNode-3/ratis/c9bc4cf4-3bc3-3c60-a66b-523986131536
2024-03-11 08:32:31,271 [main] INFO  server.RaftServer (RaftServerProxy.java:addNew(100)) - omNode-3: addNew group-523986131536:[omNode-3|localhost:15101, omNode-1|localhost:15093, omNode-2|localhost:15097] returns group-523986131536:java.util.concurrent.CompletableFuture@35d8c71d[Not completed]
2024-03-11 08:32:31,271 [main] INFO  om.OzoneManager (OzoneManager.java:initializeRatisServer(2177)) - OzoneManager Ratis server initialized at port 15101
2024-03-11 08:32:31,271 [omNode-3-groupManagement] INFO  server.RaftServer$Division (RaftServerImpl.java:<init>(256)) - omNode-3: new RaftServerImpl for group-523986131536:[omNode-3|localhost:15101, omNode-1|localhost:15093, omNode-2|localhost:15097] with OzoneManagerStateMachine:uninitialized
2024-03-11 08:32:31,272 [main] INFO  ratis.OzoneManagerRatisServer (OzoneManagerRatisServer.java:start(588)) - Starting OzoneManagerRatisServer omNode-3 at port 15101
2024-03-11 08:32:31,272 [omNode-3-groupManagement] INFO  server.RaftServerConfigKeys (ConfUtils.java:logGet(46)) - raft.server.rpc.timeout.min = 1s (custom)
2024-03-11 08:32:31,272 [omNode-3-groupManagement] INFO  server.RaftServerConfigKeys (ConfUtils.java:logGet(46)) - raft.server.rpc.timeout.max = 1200ms (custom)
2024-03-11 08:32:31,272 [omNode-3-groupManagement] INFO  server.RaftServerConfigKeys (ConfUtils.java:logGet(46)) - raft.server.rpc.sleep.time = 25ms (default)
2024-03-11 08:32:31,272 [omNode-3-groupManagement] INFO  server.RaftServerConfigKeys (ConfUtils.java:logGet(46)) - raft.server.rpc.slowness.timeout = 2s (custom)
2024-03-11 08:32:31,272 [omNode-3-groupManagement] INFO  server.RaftServerConfigKeys (ConfUtils.java:logGet(46)) - raft.server.leaderelection.leader.step-down.wait-time = 10s (default)
2024-03-11 08:32:31,272 [omNode-3-groupManagement] INFO  server.RaftServerConfigKeys (ConfUtils.java:logGet(46)) - raft.server.leaderelection.member.majority-add = false (default)
2024-03-11 08:32:31,272 [omNode-3-groupManagement] INFO  server.RaftServerConfigKeys (ConfUtils.java:logGet(46)) - raft.server.sleep.deviation.threshold = 300ms (default)
2024-03-11 08:32:31,272 [omNode-3-groupManagement] INFO  server.RaftServer$Division (ServerState.java:<init>(113)) - omNode-3@group-523986131536: ConfigurationManager, init=-1: peers:[omNode-3|localhost:15101, omNode-1|localhost:15093, omNode-2|localhost:15097]|listeners:[], old=null, confs=<EMPTY_MAP>
2024-03-11 08:32:31,272 [omNode-3-groupManagement] INFO  server.RaftServerConfigKeys (ConfUtils.java:logGet(46)) - raft.server.notification.no-leader.timeout = 2s (custom)
2024-03-11 08:32:31,272 [omNode-3-groupManagement] INFO  server.RaftServerConfigKeys (ConfUtils.java:logGet(46)) - raft.server.read.timeout = 10s (default)
2024-03-11 08:32:31,272 [omNode-3-groupManagement] INFO  server.RaftServerConfigKeys (ConfUtils.java:logGet(46)) - raft.server.retrycache.expirytime = 30000ms (custom)
2024-03-11 08:32:31,272 [omNode-3-groupManagement] INFO  server.RaftServerConfigKeys (ConfUtils.java:logGet(46)) - raft.server.retrycache.statistics.expirytime = 100ms (default)
2024-03-11 08:32:31,272 [omNode-3-groupManagement] INFO  server.RaftServerConfigKeys (ConfUtils.java:logGet(46)) - raft.server.read.option = DEFAULT (default)
2024-03-11 08:32:31,272 [omNode-3-groupManagement] INFO  server.RaftServerConfigKeys (ConfUtils.java:logGet(46)) - raft.server.read.read-after-write-consistent.write-index-cache.expiry-time = 60s (default)
2024-03-11 08:32:31,274 [omNode-3-groupManagement] INFO  server.RaftServerConfigKeys (ConfUtils.java:logGet(46)) - raft.server.rpc.request.timeout = 3000ms (default)
2024-03-11 08:32:31,274 [omNode-3-groupManagement] INFO  server.RaftServerConfigKeys (ConfUtils.java:logGet(46)) - raft.server.log.appender.install.snapshot.enabled = false (custom)
2024-03-11 08:32:31,274 [omNode-3-groupManagement] INFO  server.RaftServerConfigKeys (ConfUtils.java:logGet(46)) - raft.server.threadpool.server.cached = true (default)
2024-03-11 08:32:31,274 [omNode-3-groupManagement] INFO  server.RaftServerConfigKeys (ConfUtils.java:logGet(46)) - raft.server.threadpool.server.size = 0 (default)
2024-03-11 08:32:31,274 [omNode-3-groupManagement] INFO  server.RaftServerConfigKeys (ConfUtils.java:logGet(46)) - raft.server.threadpool.client.cached = true (default)
2024-03-11 08:32:31,275 [omNode-3-groupManagement] INFO  server.RaftServerConfigKeys (ConfUtils.java:logGet(46)) - raft.server.threadpool.client.size = 0 (default)
2024-03-11 08:32:31,275 [omNode-3-impl-thread1] INFO  server.RaftServerConfigKeys (ConfUtils.java:logGet(46)) - raft.server.storage.free-space.min = 0MB (=0) (default)
2024-03-11 08:32:31,275 [omNode-3-impl-thread1] INFO  server.RaftServerConfigKeys (ConfUtils.java:logGet(46)) - raft.server.log.corruption.policy = EXCEPTION (default)
2024-03-11 08:32:31,275 [omNode-3-impl-thread1] INFO  server.RaftServerConfigKeys (ConfUtils.java:logGet(46)) - raft.server.storage.dir = [/home/runner/work/ozone/ozone/hadoop-ozone/integration-test/target/test-dir/MiniOzoneClusterImpl-b8fac49e-ce79-4459-ae7b-186efce8cd22/omNode-3/ratis] (custom)
2024-03-11 08:32:31,276 [omNode-3-impl-thread1] INFO  storage.RaftStorageDirectory (RaftStorageDirectoryImpl.java:tryLock(228)) - Lock on /home/runner/work/ozone/ozone/hadoop-ozone/integration-test/target/test-dir/MiniOzoneClusterImpl-b8fac49e-ce79-4459-ae7b-186efce8cd22/omNode-3/ratis/c9bc4cf4-3bc3-3c60-a66b-523986131536/in_use.lock acquired by nodename 48108@fv-az1250-130
2024-03-11 08:32:31,276 [omNode-3-impl-thread1] INFO  storage.RaftStorage (RaftStorageImpl.java:analyzeAndRecoverStorage(119)) - Read RaftStorageMetadata{term=1, votedFor=omNode-1} from /home/runner/work/ozone/ozone/hadoop-ozone/integration-test/target/test-dir/MiniOzoneClusterImpl-b8fac49e-ce79-4459-ae7b-186efce8cd22/omNode-3/ratis/c9bc4cf4-3bc3-3c60-a66b-523986131536/current/raft-meta
2024-03-11 08:32:31,277 [omNode-3-impl-thread1] INFO  server.RaftServer$Division (ServerState.java:setRaftConf(386)) - omNode-3@group-523986131536: set configuration 0: peers:[omNode-3|localhost:15101, omNode-1|localhost:15093, omNode-2|localhost:15097]|listeners:[], old=null
2024-03-11 08:32:31,277 [omNode-3-impl-thread1] INFO  server.RaftServerConfigKeys (ConfUtils.java:logGet(46)) - raft.server.log.use.memory = false (default)
2024-03-11 08:32:31,277 [omNode-3-impl-thread1] INFO  server.RaftServerConfigKeys (ConfUtils.java:logGet(46)) - raft.server.log.purge.gap = 50 (custom)
2024-03-11 08:32:31,277 [omNode-3-impl-thread1] INFO  server.RaftServerConfigKeys (ConfUtils.java:logGet(46)) - raft.server.log.appender.buffer.byte-limit = 4194304 (custom)
2024-03-11 08:32:31,277 [omNode-3-impl-thread1] INFO  server.RaftServerConfigKeys (ConfUtils.java:logGet(46)) - raft.server.log.statemachine.data.read.timeout = 1000ms (default)
2024-03-11 08:32:31,277 [omNode-3-impl-thread1] INFO  server.RaftServerConfigKeys (ConfUtils.java:logGet(46)) - raft.server.log.purge.preservation.log.num = 0 (default)
2024-03-11 08:32:31,278 [omNode-3-impl-thread1] INFO  server.RaftServerConfigKeys (ConfUtils.java:logGet(46)) - raft.server.log.segment.size.max = 4194304 (custom)
2024-03-11 08:32:31,278 [omNode-3-impl-thread1] INFO  server.RaftServerConfigKeys (ConfUtils.java:logGet(46)) - raft.server.log.segment.cache.num.max = 2 (custom)
2024-03-11 08:32:31,278 [omNode-3-impl-thread1] INFO  server.RaftServerConfigKeys (ConfUtils.java:logGet(46)) - raft.server.log.segment.cache.size.max = 200MB (=209715200) (default)
2024-03-11 08:32:31,278 [omNode-3-impl-thread1] INFO  server.RaftServerConfigKeys (ConfUtils.java:logGet(46)) - raft.server.log.appender.buffer.byte-limit = 4194304 (custom)
2024-03-11 08:32:31,278 [omNode-3-impl-thread1] INFO  util.AwaitToRun (AwaitToRun.java:start(81)) - Thread[omNode-3@group-523986131536-cacheEviction-AwaitToRun,5,main] started
2024-03-11 08:32:31,278 [omNode-3-impl-thread1] INFO  segmented.SegmentedRaftLogWorker (SegmentedRaftLogWorker.java:<init>(182)) - new omNode-3@group-523986131536-SegmentedRaftLogWorker for RaftStorageImpl:Storage Directory /home/runner/work/ozone/ozone/hadoop-ozone/integration-test/target/test-dir/MiniOzoneClusterImpl-b8fac49e-ce79-4459-ae7b-186efce8cd22/omNode-3/ratis/c9bc4cf4-3bc3-3c60-a66b-523986131536
2024-03-11 08:32:31,278 [omNode-3-impl-thread1] INFO  server.RaftServerConfigKeys (ConfUtils.java:logGet(46)) - raft.server.log.queue.byte-limit = 64MB (=67108864) (default)
2024-03-11 08:32:31,278 [omNode-3-impl-thread1] INFO  server.RaftServerConfigKeys (ConfUtils.java:logGet(46)) - raft.server.log.queue.element-limit = 4096 (default)
2024-03-11 08:32:31,278 [omNode-3-impl-thread1] INFO  server.RaftServerConfigKeys (ConfUtils.java:logGet(46)) - raft.server.log.segment.size.max = 4194304 (custom)
2024-03-11 08:32:31,278 [omNode-3-impl-thread1] INFO  server.RaftServerConfigKeys (ConfUtils.java:logGet(46)) - raft.server.log.preallocated.size = 4194304 (custom)
2024-03-11 08:32:31,278 [omNode-3-impl-thread1] INFO  server.RaftServerConfigKeys (ConfUtils.java:logGet(46)) - raft.server.log.force.sync.num = 128 (default)
2024-03-11 08:32:31,279 [omNode-3-impl-thread1] INFO  server.RaftServerConfigKeys (ConfUtils.java:logGet(46)) - raft.server.log.statemachine.data.sync = true (default)
2024-03-11 08:32:31,279 [omNode-3-impl-thread1] INFO  server.RaftServerConfigKeys (ConfUtils.java:logGet(46)) - raft.server.log.statemachine.data.sync.timeout = 10s (default)
2024-03-11 08:32:31,279 [omNode-3-impl-thread1] INFO  server.RaftServerConfigKeys (ConfUtils.java:logGet(46)) - raft.server.log.statemachine.data.sync.timeout.retry = -1 (default)
2024-03-11 08:32:31,279 [omNode-3-impl-thread1] INFO  server.RaftServerConfigKeys (ConfUtils.java:logGet(46)) - raft.server.log.write.buffer.size = 4194312 (custom)
2024-03-11 08:32:31,279 [omNode-3-impl-thread1] INFO  server.RaftServerConfigKeys (ConfUtils.java:logGet(46)) - raft.server.log.appender.buffer.byte-limit = 4194304 (custom)
2024-03-11 08:32:31,279 [omNode-3-impl-thread1] INFO  server.RaftServerConfigKeys (ConfUtils.java:logGet(46)) - raft.server.log.unsafe-flush.enabled = false (default)
2024-03-11 08:32:31,279 [omNode-3-impl-thread1] INFO  server.RaftServerConfigKeys (ConfUtils.java:logGet(46)) - raft.server.log.async-flush.enabled = false (default)
2024-03-11 08:32:31,279 [omNode-3-impl-thread1] INFO  server.RaftServerConfigKeys (ConfUtils.java:logGet(46)) - raft.server.log.statemachine.data.caching.enabled = false (default)
2024-03-11 08:32:31,280 [omNode-3-impl-thread1] INFO  segmented.SegmentedRaftLogWorker (SegmentedRaftLogWorker.java:lambda$new$0(134)) - omNode-3@group-523986131536-SegmentedRaftLogWorker: flushIndex: setUnconditionally 0 -> 52
2024-03-11 08:32:31,280 [omNode-3-impl-thread1] INFO  segmented.SegmentedRaftLogWorker (SegmentedRaftLogWorker.java:lambda$new$0(134)) - omNode-3@group-523986131536-SegmentedRaftLogWorker: safeCacheEvictIndex: setUnconditionally 0 -> -1
2024-03-11 08:32:31,280 [omNode-3-impl-thread1] INFO  server.RaftServer$Division (RaftServerImpl.java:start(396)) - omNode-3@group-523986131536: start as a follower, conf=0: peers:[omNode-3|localhost:15101, omNode-1|localhost:15093, omNode-2|localhost:15097]|listeners:[], old=null
2024-03-11 08:32:31,280 [omNode-3-impl-thread1] INFO  server.RaftServer$Division (RaftServerImpl.java:setRole(383)) - omNode-3@group-523986131536: changes role from      null to FOLLOWER at term 1 for startAsFollower
2024-03-11 08:32:31,280 [omNode-3-impl-thread1] INFO  impl.RoleInfo (RoleInfo.java:updateAndGet(139)) - omNode-3: start omNode-3@group-523986131536-FollowerState
2024-03-11 08:32:31,280 [omNode-3@group-523986131536-FollowerState] INFO  server.RaftServerConfigKeys (ConfUtils.java:logFallback(53)) - raft.server.rpc.first-election.timeout.min = 1s (fallback to raft.server.rpc.timeout.min)
2024-03-11 08:32:31,280 [omNode-3-impl-thread1] INFO  util.JmxRegister (JmxRegister.java:tryRegister(44)) - Successfully registered JMX Bean with object name Ratis:service=RaftServer,group=group-523986131536,id=omNode-3
2024-03-11 08:32:31,280 [omNode-3@group-523986131536-FollowerState] INFO  server.RaftServerConfigKeys (ConfUtils.java:logFallback(53)) - raft.server.rpc.first-election.timeout.max = 1200ms (fallback to raft.server.rpc.timeout.max)
2024-03-11 08:32:31,280 [omNode-3-impl-thread1] INFO  server.RaftServerConfigKeys (ConfUtils.java:logGet(46)) - raft.server.snapshot.trigger-when-stop.enabled = true (default)
2024-03-11 08:32:31,280 [omNode-3-impl-thread1] INFO  server.RaftServerConfigKeys (ConfUtils.java:logGet(46)) - raft.server.snapshot.auto.trigger.enabled = true (custom)
2024-03-11 08:32:31,280 [omNode-3-impl-thread1] INFO  server.RaftServerConfigKeys (ConfUtils.java:logGet(46)) - raft.server.snapshot.auto.trigger.threshold = 50 (custom)
2024-03-11 08:32:31,280 [omNode-3-impl-thread1] INFO  server.RaftServerConfigKeys (ConfUtils.java:logGet(46)) - raft.server.snapshot.retention.file.num = -1 (default)
2024-03-11 08:32:31,280 [omNode-3-impl-thread1] INFO  server.RaftServerConfigKeys (ConfUtils.java:logGet(46)) - raft.server.log.purge.upto.snapshot.index = true (custom)
2024-03-11 08:32:31,281 [main] INFO  server.RaftServer (RaftServerProxy.java:startImpl(406)) - omNode-3: start RPC server
2024-03-11 08:32:31,284 [main] INFO  server.GrpcService (GrpcService.java:startImpl(302)) - omNode-3: GrpcService started, listening on 15101
2024-03-11 08:32:31,285 [main] INFO  om.OzoneManager (OzoneManager.java:getRpcServer(1231)) - Creating RPC Server
2024-03-11 08:32:31,285 [JvmPauseMonitor36] INFO  util.JvmPauseMonitor (JvmPauseMonitor.java:run(146)) - JvmPauseMonitor-omNode-3: Started
2024-03-11 08:32:31,458 [main] INFO  ipc.CallQueueManager (CallQueueManager.java:<init>(90)) - Using callQueue: class java.util.concurrent.LinkedBlockingQueue, queueCapacity: 2000, scheduler: class org.apache.hadoop.ipc.DefaultRpcScheduler, ipcBackoff: false.
2024-03-11 08:32:31,459 [main] INFO  ipc.Server (Server.java:<init>(1287)) - Listener at localhost:15098
2024-03-11 08:32:31,459 [Socket Reader #1 for port 15098] INFO  ipc.Server (Server.java:run(1323)) - Starting Socket Reader #1 for port 15098
2024-03-11 08:32:31,461 [main] INFO  http.BaseHttpServer (BaseHttpServer.java:newHttpServer2BuilderForOzone(223)) - Starting Web-server for ozoneManager at: http://0.0.0.0:15099
2024-03-11 08:32:31,462 [main] INFO  http.BaseHttpServer (BaseHttpServer.java:<init>(110)) - Hadoop Security Enabled: false Ozone Security Enabled: false Ozone HTTP Security Enabled: false 
2024-03-11 08:32:31,463 [main] WARN  server.AuthenticationFilter (AuthenticationFilter.java:constructSecretProvider(240)) - Unable to initialize FileSignerSecretProvider, falling back to use random secrets. Reason: Could not read signature secret file: /home/runner/hadoop-http-auth-signature-secret
2024-03-11 08:32:31,463 [main] INFO  http.HttpRequestLog (HttpRequestLog.java:getRequestLog(86)) - Http request log for http.requests.ozoneManager is not defined
2024-03-11 08:32:31,464 [main] INFO  http.HttpServer2 (HttpServer2.java:addGlobalFilter(1036)) - Added global filter 'safety' (class=org.apache.hadoop.hdds.server.http.HttpServer2$QuotingInputFilter)
2024-03-11 08:32:31,464 [main] INFO  http.HttpServer2 (HttpServer2.java:addFilter(1012)) - Added filter static_user_filter (class=org.apache.hadoop.http.lib.StaticUserWebFilter$StaticUserFilter) to context ozoneManager
2024-03-11 08:32:31,464 [main] INFO  http.HttpServer2 (HttpServer2.java:addFilter(1020)) - Added filter static_user_filter (class=org.apache.hadoop.http.lib.StaticUserWebFilter$StaticUserFilter) to context logs
2024-03-11 08:32:31,464 [main] INFO  http.HttpServer2 (HttpServer2.java:addFilter(1020)) - Added filter static_user_filter (class=org.apache.hadoop.http.lib.StaticUserWebFilter$StaticUserFilter) to context static
2024-03-11 08:32:31,465 [main] INFO  http.BaseHttpServer (BaseHttpServer.java:<init>(189)) - HTTP server of ozoneManager uses base directory /home/runner/work/ozone/ozone/hadoop-ozone/integration-test/target/test-dir/MiniOzoneClusterImpl-b8fac49e-ce79-4459-ae7b-186efce8cd22/omNode-3/webserver
2024-03-11 08:32:31,465 [main] INFO  http.HttpServer2 (HttpServer2.java:bindListener(1236)) - Jetty bound to port 15099
2024-03-11 08:32:31,465 [main] INFO  server.Server (Server.java:doStart(375)) - jetty-9.4.53.v20231009; built: 2023-10-09T12:29:09.265Z; git: 27bde00a0b95a1d5bbee0eae7984f891d2d0f8c9; jvm 1.8.0_402-b06
2024-03-11 08:32:31,467 [main] INFO  server.session (DefaultSessionIdManager.java:doStart(334)) - DefaultSessionIdManager workerName=node0
2024-03-11 08:32:31,467 [main] INFO  server.session (DefaultSessionIdManager.java:doStart(339)) - No SessionScavenger set, using defaults
2024-03-11 08:32:31,467 [main] INFO  server.session (HouseKeeper.java:startScavenging(132)) - node0 Scavenging every 600000ms
2024-03-11 08:32:31,468 [main] INFO  handler.ContextHandler (ContextHandler.java:doStart(921)) - Started o.e.j.s.ServletContextHandler@53140fd2{logs,/logs,file:///home/runner/work/ozone/ozone/hadoop-ozone/integration-test/target/log,AVAILABLE}
2024-03-11 08:32:31,468 [main] INFO  handler.ContextHandler (ContextHandler.java:doStart(921)) - Started o.e.j.s.ServletContextHandler@379e3c36{static,/static,file:///home/runner/work/ozone/ozone/hadoop-ozone/integration-test/target/test-classes/webapps/static,AVAILABLE}
2024-03-11 08:32:31,470 [main] INFO  handler.ContextHandler (ContextHandler.java:doStart(921)) - Started o.e.j.w.WebAppContext@798cc1c4{ozoneManager,/,file:///home/runner/work/ozone/ozone/hadoop-ozone/integration-test/target/test-classes/webapps/ozoneManager/,AVAILABLE}{file:/home/runner/work/ozone/ozone/hadoop-ozone/integration-test/target/test-classes/webapps/ozoneManager}
2024-03-11 08:32:31,471 [main] INFO  server.AbstractConnector (AbstractConnector.java:doStart(333)) - Started ServerConnector@250b6331{HTTP/1.1, (http/1.1)}{0.0.0.0:15099}
2024-03-11 08:32:31,471 [main] INFO  server.Server (Server.java:doStart(415)) - Started @366242ms
2024-03-11 08:32:31,471 [main] WARN  impl.MetricsSystemImpl (MetricsSystemImpl.java:register(279)) - Sink prometheus already exists!
2024-03-11 08:32:31,472 [main] INFO  http.BaseHttpServer (BaseHttpServer.java:updateConnectorAddress(354)) - HTTP server of ozoneManager listening at http://0.0.0.0:15099
2024-03-11 08:32:31,473 [IPC Server listener on 15098] INFO  ipc.Server (Server.java:run(1402)) - IPC Server listener on 15098: starting
2024-03-11 08:32:31,473 [IPC Server Responder] INFO  ipc.Server (Server.java:run(1562)) - IPC Server Responder: starting
2024-03-11 08:32:31,486 [main] INFO  om.OzoneManager (OzoneManager.java:startTrashEmptier(2130)) - Trash Interval set to 0. Files deleted won't move to trash
2024-03-11 08:32:31,486 [main] INFO  om.OzoneManager (OzoneManager.java:restart(1747)) - OzoneManager RPC server is listening at localhost/127.0.0.1:15090
2024-03-11 08:32:31,486 [main] INFO  impl.MetricsSystemImpl (MetricsSystemImpl.java:init(158)) - OzoneManager metrics system started (again)
2024-03-11 08:32:31,494 [main] WARN  server.ServerUtils (ServerUtils.java:getDBPath(299)) - ozone.om.db.dirs is not configured. We recommend adding this setting. Falling back to ozone.metadata.dirs instead.
2024-03-11 08:32:31,494 [main] INFO  helpers.OmKeyInfo (OmKeyInfo.java:getCodec(71)) - OmKeyInfo.getCodec ignorePipeline = true
2024-03-11 08:32:31,529 [main] INFO  om.OzoneManager (OzoneManager.java:instantiateServices(811)) - S3 Multi-Tenancy is disabled
2024-03-11 08:32:31,529 [main] INFO  om.OmSnapshotManager (OmSnapshotManager.java:<init>(177)) - Ozone filesystem snapshot feature is enabled.
2024-03-11 08:32:31,530 [main] WARN  server.ServerUtils (ServerUtils.java:getDBPath(299)) - ozone.om.snapshot.diff.db.dir is not configured. We recommend adding this setting. Falling back to ozone.metadata.dirs instead.
2024-03-11 08:32:31,539 [main] INFO  utils.NativeLibraryLoader (NativeLibraryLoader.java:loadLibrary(108)) - Loading Library: ozone_rocksdb_tools
2024-03-11 08:32:31,540 [main] ERROR snapshot.SnapshotDiffManager (SnapshotDiffManager.java:initNativeLibraryForEfficientDiff(287)) - Native Library for raw sst file reading loading failed.
org.apache.hadoop.hdds.utils.NativeLibraryNotLoadedException: Unable to load library ozone_rocksdb_tools from both java.library.path & resource file libozone_rocksdb_tools.so from jar.
	at org.apache.hadoop.hdds.utils.db.managed.ManagedRawSSTFileReader.loadLibrary(ManagedRawSSTFileReader.java:38)
	at org.apache.hadoop.ozone.om.snapshot.SnapshotDiffManager.initNativeLibraryForEfficientDiff(SnapshotDiffManager.java:285)
	at org.apache.hadoop.ozone.om.snapshot.SnapshotDiffManager.<init>(SnapshotDiffManager.java:259)
	at org.apache.hadoop.ozone.om.OmSnapshotManager.<init>(OmSnapshotManager.java:279)
	at org.apache.hadoop.ozone.om.OzoneManager.instantiateServices(OzoneManager.java:863)
	at org.apache.hadoop.ozone.om.OzoneManager.restart(OzoneManager.java:1752)
	at org.apache.hadoop.ozone.MiniOzoneHAClusterImpl.restartOzoneManager(MiniOzoneHAClusterImpl.java:211)
	at org.apache.hadoop.ozone.om.TestOzoneManagerPrepare.resetCluster(TestOzoneManagerPrepare.java:113)
	at sun.reflect.NativeMethodAccessorImpl.invoke0(Native Method)
	at sun.reflect.NativeMethodAccessorImpl.invoke(NativeMethodAccessorImpl.java:62)
	at sun.reflect.DelegatingMethodAccessorImpl.invoke(DelegatingMethodAccessorImpl.java:43)
	at java.lang.reflect.Method.invoke(Method.java:498)
	at org.junit.platform.commons.util.ReflectionUtils.invokeMethod(ReflectionUtils.java:728)
	at org.junit.jupiter.engine.execution.MethodInvocation.proceed(MethodInvocation.java:60)
	at org.junit.jupiter.engine.execution.InvocationInterceptorChain$ValidatingInvocation.proceed(InvocationInterceptorChain.java:131)
	at org.junit.jupiter.engine.extension.TimeoutExtension.intercept(TimeoutExtension.java:156)
	at org.junit.jupiter.engine.extension.TimeoutExtension.interceptLifecycleMethod(TimeoutExtension.java:128)
	at org.junit.jupiter.engine.extension.TimeoutExtension.interceptAfterEachMethod(TimeoutExtension.java:110)
	at org.junit.jupiter.engine.execution.InterceptingExecutableInvoker$ReflectiveInterceptorCall.lambda$ofVoidMethod$0(InterceptingExecutableInvoker.java:103)
	at org.junit.jupiter.engine.execution.InterceptingExecutableInvoker.lambda$invoke$0(InterceptingExecutableInvoker.java:93)
	at org.junit.jupiter.engine.execution.InvocationInterceptorChain$InterceptedInvocation.proceed(InvocationInterceptorChain.java:106)
	at org.junit.jupiter.engine.execution.InvocationInterceptorChain.proceed(InvocationInterceptorChain.java:64)
	at org.junit.jupiter.engine.execution.InvocationInterceptorChain.chainAndInvoke(InvocationInterceptorChain.java:45)
	at org.junit.jupiter.engine.execution.InvocationInterceptorChain.invoke(InvocationInterceptorChain.java:37)
	at org.junit.jupiter.engine.execution.InterceptingExecutableInvoker.invoke(InterceptingExecutableInvoker.java:92)
	at org.junit.jupiter.engine.execution.InterceptingExecutableInvoker.invoke(InterceptingExecutableInvoker.java:86)
	at org.junit.jupiter.engine.descriptor.ClassBasedTestDescriptor.invokeMethodInExtensionContext(ClassBasedTestDescriptor.java:521)
	at org.junit.jupiter.engine.descriptor.ClassBasedTestDescriptor.lambda$synthesizeAfterEachMethodAdapter$24(ClassBasedTestDescriptor.java:511)
	at org.junit.jupiter.engine.descriptor.TestMethodTestDescriptor.lambda$invokeAfterEachMethods$10(TestMethodTestDescriptor.java:244)
	at org.junit.jupiter.engine.descriptor.TestMethodTestDescriptor.lambda$invokeAllAfterMethodsOrCallbacks$13(TestMethodTestDescriptor.java:277)
	at org.junit.platform.engine.support.hierarchical.ThrowableCollector.execute(ThrowableCollector.java:73)
	at org.junit.jupiter.engine.descriptor.TestMethodTestDescriptor.lambda$invokeAllAfterMethodsOrCallbacks$14(TestMethodTestDescriptor.java:277)
	at org.junit.platform.commons.util.CollectionUtils.forEachInReverseOrder(CollectionUtils.java:217)
	at org.junit.jupiter.engine.descriptor.TestMethodTestDescriptor.invokeAllAfterMethodsOrCallbacks(TestMethodTestDescriptor.java:276)
	at org.junit.jupiter.engine.descriptor.TestMethodTestDescriptor.invokeAfterEachMethods(TestMethodTestDescriptor.java:242)
	at org.junit.jupiter.engine.descriptor.TestMethodTestDescriptor.execute(TestMethodTestDescriptor.java:143)
	at org.junit.jupiter.engine.descriptor.TestMethodTestDescriptor.execute(TestMethodTestDescriptor.java:69)
	at org.junit.platform.engine.support.hierarchical.NodeTestTask.lambda$executeRecursively$6(NodeTestTask.java:151)
	at org.junit.platform.engine.support.hierarchical.ThrowableCollector.execute(ThrowableCollector.java:73)
	at org.junit.platform.engine.support.hierarchical.NodeTestTask.lambda$executeRecursively$8(NodeTestTask.java:141)
	at org.junit.platform.engine.support.hierarchical.Node.around(Node.java:137)
	at org.junit.platform.engine.support.hierarchical.NodeTestTask.lambda$executeRecursively$9(NodeTestTask.java:139)
	at org.junit.platform.engine.support.hierarchical.ThrowableCollector.execute(ThrowableCollector.java:73)
	at org.junit.platform.engine.support.hierarchical.NodeTestTask.executeRecursively(NodeTestTask.java:138)
	at org.junit.platform.engine.support.hierarchical.NodeTestTask.execute(NodeTestTask.java:95)
	at java.util.ArrayList.forEach(ArrayList.java:1259)
	at org.junit.platform.engine.support.hierarchical.SameThreadHierarchicalTestExecutorService.invokeAll(SameThreadHierarchicalTestExecutorService.java:41)
	at org.junit.platform.engine.support.hierarchical.NodeTestTask.lambda$executeRecursively$6(NodeTestTask.java:155)
	at org.junit.platform.engine.support.hierarchical.ThrowableCollector.execute(ThrowableCollector.java:73)
	at org.junit.platform.engine.support.hierarchical.NodeTestTask.lambda$executeRecursively$8(NodeTestTask.java:141)
	at org.junit.platform.engine.support.hierarchical.Node.around(Node.java:137)
	at org.junit.platform.engine.support.hierarchical.NodeTestTask.lambda$executeRecursively$9(NodeTestTask.java:139)
	at org.junit.platform.engine.support.hierarchical.ThrowableCollector.execute(ThrowableCollector.java:73)
	at org.junit.platform.engine.support.hierarchical.NodeTestTask.executeRecursively(NodeTestTask.java:138)
	at org.junit.platform.engine.support.hierarchical.NodeTestTask.execute(NodeTestTask.java:95)
	at java.util.ArrayList.forEach(ArrayList.java:1259)
	at org.junit.platform.engine.support.hierarchical.SameThreadHierarchicalTestExecutorService.invokeAll(SameThreadHierarchicalTestExecutorService.java:41)
	at org.junit.platform.engine.support.hierarchical.NodeTestTask.lambda$executeRecursively$6(NodeTestTask.java:155)
	at org.junit.platform.engine.support.hierarchical.ThrowableCollector.execute(ThrowableCollector.java:73)
	at org.junit.platform.engine.support.hierarchical.NodeTestTask.lambda$executeRecursively$8(NodeTestTask.java:141)
	at org.junit.platform.engine.support.hierarchical.Node.around(Node.java:137)
	at org.junit.platform.engine.support.hierarchical.NodeTestTask.lambda$executeRecursively$9(NodeTestTask.java:139)
	at org.junit.platform.engine.support.hierarchical.ThrowableCollector.execute(ThrowableCollector.java:73)
	at org.junit.platform.engine.support.hierarchical.NodeTestTask.executeRecursively(NodeTestTask.java:138)
	at org.junit.platform.engine.support.hierarchical.NodeTestTask.execute(NodeTestTask.java:95)
	at org.junit.platform.engine.support.hierarchical.SameThreadHierarchicalTestExecutorService.submit(SameThreadHierarchicalTestExecutorService.java:35)
	at org.junit.platform.engine.support.hierarchical.HierarchicalTestExecutor.execute(HierarchicalTestExecutor.java:57)
	at org.junit.platform.engine.support.hierarchical.HierarchicalTestEngine.execute(HierarchicalTestEngine.java:54)
	at org.junit.platform.launcher.core.EngineExecutionOrchestrator.execute(EngineExecutionOrchestrator.java:198)
	at org.junit.platform.launcher.core.EngineExecutionOrchestrator.execute(EngineExecutionOrchestrator.java:169)
	at org.junit.platform.launcher.core.EngineExecutionOrchestrator.execute(EngineExecutionOrchestrator.java:93)
	at org.junit.platform.launcher.core.EngineExecutionOrchestrator.lambda$execute$0(EngineExecutionOrchestrator.java:58)
	at org.junit.platform.launcher.core.EngineExecutionOrchestrator.withInterceptedStreams(EngineExecutionOrchestrator.java:141)
	at org.junit.platform.launcher.core.EngineExecutionOrchestrator.execute(EngineExecutionOrchestrator.java:57)
	at org.junit.platform.launcher.core.DefaultLauncher.execute(DefaultLauncher.java:103)
	at org.junit.platform.launcher.core.DefaultLauncher.execute(DefaultLauncher.java:85)
	at org.junit.platform.launcher.core.DelegatingLauncher.execute(DelegatingLauncher.java:47)
	at org.junit.platform.launcher.core.SessionPerRequestLauncher.execute(SessionPerRequestLauncher.java:63)
	at org.apache.maven.surefire.junitplatform.JUnitPlatformProvider.invokeAllTests(JUnitPlatformProvider.java:165)
	at org.apache.maven.surefire.junitplatform.JUnitPlatformProvider.invoke(JUnitPlatformProvider.java:124)
	at org.apache.maven.surefire.booter.ForkedBooter.runSuitesInProcess(ForkedBooter.java:428)
	at org.apache.maven.surefire.booter.ForkedBooter.execute(ForkedBooter.java:162)
	at org.apache.maven.surefire.booter.ForkedBooter.run(ForkedBooter.java:562)
	at org.apache.maven.surefire.booter.ForkedBooter.main(ForkedBooter.java:548)
2024-03-11 08:32:31,544 [main] WARN  dropwizard3.Dm3MetricRegistriesImpl (Dm3MetricRegistriesImpl.java:addReporterRegistration(113)) - New reporters are added after registries were created. Some metrics will be missing from the reporter. Please add reporter before adding any new registry.
2024-03-11 08:32:31,544 [main] WARN  dropwizard3.Dm3MetricRegistriesImpl (Dm3MetricRegistriesImpl.java:addReporterRegistration(113)) - New reporters are added after registries were created. Some metrics will be missing from the reporter. Please add reporter before adding any new registry.
2024-03-11 08:32:31,544 [main] WARN  server.ServerUtils (ServerUtils.java:getDefaultRatisDirectory(311)) - Storage directory for Ratis is not configured. It is a good idea to map this to an SSD disk. Falling back to ozone.metadata.dirs
2024-03-11 08:32:31,545 [main] INFO  ratis.OzoneManagerRatisServer (OzoneManagerRatisServer.java:<init>(167)) - Instantiating OM Ratis server with groupID: om-service-test1 and peers: localhost:15093, localhost:15101, localhost:15097
2024-03-11 08:32:31,545 [main] INFO  ratis.OzoneManagerStateMachine (OzoneManagerStateMachine.java:loadSnapshotInfoFromDB(573)) - LastAppliedIndex is set from TransactionInfo from OM DB as (t:1, i:52)
2024-03-11 08:32:31,546 [main] INFO  server.RaftServer (ConfUtils.java:logGet(46)) - raft.rpc.type = GRPC (default)
2024-03-11 08:32:31,546 [main] INFO  grpc.GrpcConfigKeys (ConfUtils.java:logFallback(53)) - raft.grpc.admin.host = null (fallback to raft.grpc.server.host)
2024-03-11 08:32:31,546 [main] INFO  grpc.GrpcConfigKeys (ConfUtils.java:logFallback(53)) - raft.grpc.admin.port = 15093 (fallback to raft.grpc.server.port)
2024-03-11 08:32:31,546 [main] INFO  grpc.GrpcConfigKeys (ConfUtils.java:logFallback(53)) - raft.grpc.client.host = null (fallback to raft.grpc.server.host)
2024-03-11 08:32:31,546 [main] INFO  grpc.GrpcConfigKeys (ConfUtils.java:logFallback(53)) - raft.grpc.client.port = 15093 (fallback to raft.grpc.server.port)
2024-03-11 08:32:31,546 [main] INFO  grpc.GrpcConfigKeys (ConfUtils.java:logGet(46)) - raft.grpc.server.host = null (default)
2024-03-11 08:32:31,546 [main] INFO  grpc.GrpcConfigKeys (ConfUtils.java:logGet(46)) - raft.grpc.server.port = 15093 (custom)
2024-03-11 08:32:31,546 [main] INFO  server.GrpcService (ConfUtils.java:logGet(46)) - raft.grpc.message.size.max = 4194304 (custom)
2024-03-11 08:32:31,547 [main] INFO  server.RaftServerConfigKeys (ConfUtils.java:logGet(46)) - raft.server.log.appender.buffer.byte-limit = 4194304 (custom)
2024-03-11 08:32:31,547 [main] INFO  server.GrpcService (ConfUtils.java:logGet(46)) - raft.grpc.flow.control.window = 1MB (=1048576) (default)
2024-03-11 08:32:31,547 [main] INFO  server.RaftServerConfigKeys (ConfUtils.java:logGet(46)) - raft.server.rpc.request.timeout = 3000ms (default)
2024-03-11 08:32:31,547 [main] INFO  grpc.GrpcConfigKeys (ConfUtils.java:logGet(46)) - raft.grpc.server.heartbeat.channel = true (default)
2024-03-11 08:32:31,547 [main] INFO  grpc.GrpcConfigKeys (ConfUtils.java:logGet(46)) - raft.grpc.server.async.request.thread.pool.cached = true (default)
2024-03-11 08:32:31,547 [main] INFO  grpc.GrpcConfigKeys (ConfUtils.java:logGet(46)) - raft.grpc.server.async.request.thread.pool.size = 32 (default)
2024-03-11 08:32:31,548 [main] INFO  impl.DataStreamServerImpl (ConfUtils.java:logGet(46)) - raft.datastream.type = DISABLED (default)
2024-03-11 08:32:31,548 [main] INFO  server.RaftServerConfigKeys (ConfUtils.java:logGet(46)) - raft.server.sleep.deviation.threshold = 300ms (default)
2024-03-11 08:32:31,548 [main] INFO  server.RaftServerConfigKeys (ConfUtils.java:logGet(46)) - raft.server.close.threshold = 60s (default)
2024-03-11 08:32:31,549 [main] INFO  server.RaftServerConfigKeys (ConfUtils.java:logGet(46)) - raft.server.leaderelection.leader.step-down.wait-time = 10s (default)
2024-03-11 08:32:31,549 [main] INFO  server.RaftServerConfigKeys (ConfUtils.java:logGet(46)) - raft.server.storage.dir = [/home/runner/work/ozone/ozone/hadoop-ozone/integration-test/target/test-dir/MiniOzoneClusterImpl-b8fac49e-ce79-4459-ae7b-186efce8cd22/omNode-1/ratis] (custom)
2024-03-11 08:32:31,549 [main] INFO  server.RaftServerConfigKeys (ConfUtils.java:logGet(46)) - raft.server.threadpool.proxy.cached = true (default)
2024-03-11 08:32:31,549 [main] INFO  server.RaftServerConfigKeys (ConfUtils.java:logGet(46)) - raft.server.threadpool.proxy.size = 0 (default)
2024-03-11 08:32:31,549 [omNode-1-impl-thread1] INFO  server.RaftServer (RaftServerProxy.java:initGroupDir(264)) - omNode-1: found a subdirectory /home/runner/work/ozone/ozone/hadoop-ozone/integration-test/target/test-dir/MiniOzoneClusterImpl-b8fac49e-ce79-4459-ae7b-186efce8cd22/omNode-1/ratis/c9bc4cf4-3bc3-3c60-a66b-523986131536
2024-03-11 08:32:31,549 [main] INFO  server.RaftServer (RaftServerProxy.java:addNew(100)) - omNode-1: addNew group-523986131536:[omNode-3|localhost:15101, omNode-1|localhost:15093, omNode-2|localhost:15097] returns group-523986131536:java.util.concurrent.CompletableFuture@20f1389d[Not completed]
2024-03-11 08:32:31,550 [main] INFO  om.OzoneManager (OzoneManager.java:initializeRatisServer(2177)) - OzoneManager Ratis server initialized at port 15093
2024-03-11 08:32:31,550 [main] INFO  ratis.OzoneManagerRatisServer (OzoneManagerRatisServer.java:start(588)) - Starting OzoneManagerRatisServer omNode-1 at port 15093
2024-03-11 08:32:31,550 [omNode-1-groupManagement] INFO  server.RaftServer$Division (RaftServerImpl.java:<init>(256)) - omNode-1: new RaftServerImpl for group-523986131536:[omNode-3|localhost:15101, omNode-1|localhost:15093, omNode-2|localhost:15097] with OzoneManagerStateMachine:uninitialized
2024-03-11 08:32:31,550 [omNode-1-groupManagement] INFO  server.RaftServerConfigKeys (ConfUtils.java:logGet(46)) - raft.server.rpc.timeout.min = 1s (custom)
2024-03-11 08:32:31,550 [omNode-1-groupManagement] INFO  server.RaftServerConfigKeys (ConfUtils.java:logGet(46)) - raft.server.rpc.timeout.max = 1200ms (custom)
2024-03-11 08:32:31,550 [omNode-1-groupManagement] INFO  server.RaftServerConfigKeys (ConfUtils.java:logGet(46)) - raft.server.rpc.sleep.time = 25ms (default)
2024-03-11 08:32:31,550 [omNode-1-groupManagement] INFO  server.RaftServerConfigKeys (ConfUtils.java:logGet(46)) - raft.server.rpc.slowness.timeout = 2s (custom)
2024-03-11 08:32:31,550 [omNode-1-groupManagement] INFO  server.RaftServerConfigKeys (ConfUtils.java:logGet(46)) - raft.server.leaderelection.leader.step-down.wait-time = 10s (default)
2024-03-11 08:32:31,550 [omNode-1-groupManagement] INFO  server.RaftServerConfigKeys (ConfUtils.java:logGet(46)) - raft.server.leaderelection.member.majority-add = false (default)
2024-03-11 08:32:31,550 [omNode-1-groupManagement] INFO  server.RaftServerConfigKeys (ConfUtils.java:logGet(46)) - raft.server.sleep.deviation.threshold = 300ms (default)
2024-03-11 08:32:31,550 [omNode-1-groupManagement] INFO  server.RaftServer$Division (ServerState.java:<init>(113)) - omNode-1@group-523986131536: ConfigurationManager, init=-1: peers:[omNode-3|localhost:15101, omNode-1|localhost:15093, omNode-2|localhost:15097]|listeners:[], old=null, confs=<EMPTY_MAP>
2024-03-11 08:32:31,550 [omNode-1-groupManagement] INFO  server.RaftServerConfigKeys (ConfUtils.java:logGet(46)) - raft.server.notification.no-leader.timeout = 2s (custom)
2024-03-11 08:32:31,550 [omNode-1-groupManagement] INFO  server.RaftServerConfigKeys (ConfUtils.java:logGet(46)) - raft.server.read.timeout = 10s (default)
2024-03-11 08:32:31,550 [omNode-1-groupManagement] INFO  server.RaftServerConfigKeys (ConfUtils.java:logGet(46)) - raft.server.retrycache.expirytime = 30000ms (custom)
2024-03-11 08:32:31,550 [omNode-1-groupManagement] INFO  server.RaftServerConfigKeys (ConfUtils.java:logGet(46)) - raft.server.retrycache.statistics.expirytime = 100ms (default)
2024-03-11 08:32:31,550 [omNode-1-groupManagement] INFO  server.RaftServerConfigKeys (ConfUtils.java:logGet(46)) - raft.server.read.option = DEFAULT (default)
2024-03-11 08:32:31,550 [omNode-1-groupManagement] INFO  server.RaftServerConfigKeys (ConfUtils.java:logGet(46)) - raft.server.read.read-after-write-consistent.write-index-cache.expiry-time = 60s (default)
2024-03-11 08:32:31,551 [omNode-1-groupManagement] INFO  server.RaftServerConfigKeys (ConfUtils.java:logGet(46)) - raft.server.rpc.request.timeout = 3000ms (default)
2024-03-11 08:32:31,551 [omNode-1-groupManagement] INFO  server.RaftServerConfigKeys (ConfUtils.java:logGet(46)) - raft.server.log.appender.install.snapshot.enabled = false (custom)
2024-03-11 08:32:31,552 [omNode-1-groupManagement] INFO  server.RaftServerConfigKeys (ConfUtils.java:logGet(46)) - raft.server.threadpool.server.cached = true (default)
2024-03-11 08:32:31,552 [omNode-1-groupManagement] INFO  server.RaftServerConfigKeys (ConfUtils.java:logGet(46)) - raft.server.threadpool.server.size = 0 (default)
2024-03-11 08:32:31,552 [omNode-1-groupManagement] INFO  server.RaftServerConfigKeys (ConfUtils.java:logGet(46)) - raft.server.threadpool.client.cached = true (default)
2024-03-11 08:32:31,552 [omNode-1-groupManagement] INFO  server.RaftServerConfigKeys (ConfUtils.java:logGet(46)) - raft.server.threadpool.client.size = 0 (default)
2024-03-11 08:32:31,552 [omNode-1-impl-thread1] INFO  server.RaftServerConfigKeys (ConfUtils.java:logGet(46)) - raft.server.storage.free-space.min = 0MB (=0) (default)
2024-03-11 08:32:31,552 [omNode-1-impl-thread1] INFO  server.RaftServerConfigKeys (ConfUtils.java:logGet(46)) - raft.server.log.corruption.policy = EXCEPTION (default)
2024-03-11 08:32:31,552 [omNode-1-impl-thread1] INFO  server.RaftServerConfigKeys (ConfUtils.java:logGet(46)) - raft.server.storage.dir = [/home/runner/work/ozone/ozone/hadoop-ozone/integration-test/target/test-dir/MiniOzoneClusterImpl-b8fac49e-ce79-4459-ae7b-186efce8cd22/omNode-1/ratis] (custom)
2024-03-11 08:32:31,553 [omNode-1-impl-thread1] INFO  storage.RaftStorageDirectory (RaftStorageDirectoryImpl.java:tryLock(228)) - Lock on /home/runner/work/ozone/ozone/hadoop-ozone/integration-test/target/test-dir/MiniOzoneClusterImpl-b8fac49e-ce79-4459-ae7b-186efce8cd22/omNode-1/ratis/c9bc4cf4-3bc3-3c60-a66b-523986131536/in_use.lock acquired by nodename 48108@fv-az1250-130
2024-03-11 08:32:31,553 [omNode-1-impl-thread1] INFO  storage.RaftStorage (RaftStorageImpl.java:analyzeAndRecoverStorage(119)) - Read RaftStorageMetadata{term=1, votedFor=omNode-1} from /home/runner/work/ozone/ozone/hadoop-ozone/integration-test/target/test-dir/MiniOzoneClusterImpl-b8fac49e-ce79-4459-ae7b-186efce8cd22/omNode-1/ratis/c9bc4cf4-3bc3-3c60-a66b-523986131536/current/raft-meta
2024-03-11 08:32:31,556 [omNode-1-impl-thread1] INFO  server.RaftServer$Division (ServerState.java:setRaftConf(386)) - omNode-1@group-523986131536: set configuration 0: peers:[omNode-3|localhost:15101, omNode-1|localhost:15093, omNode-2|localhost:15097]|listeners:[], old=null
2024-03-11 08:32:31,556 [omNode-1-impl-thread1] INFO  server.RaftServerConfigKeys (ConfUtils.java:logGet(46)) - raft.server.log.use.memory = false (default)
2024-03-11 08:32:31,556 [omNode-1-impl-thread1] INFO  server.RaftServerConfigKeys (ConfUtils.java:logGet(46)) - raft.server.log.purge.gap = 50 (custom)
2024-03-11 08:32:31,557 [omNode-1-impl-thread1] INFO  server.RaftServerConfigKeys (ConfUtils.java:logGet(46)) - raft.server.log.appender.buffer.byte-limit = 4194304 (custom)
2024-03-11 08:32:31,557 [omNode-1-impl-thread1] INFO  server.RaftServerConfigKeys (ConfUtils.java:logGet(46)) - raft.server.log.statemachine.data.read.timeout = 1000ms (default)
2024-03-11 08:32:31,557 [omNode-1-impl-thread1] INFO  server.RaftServerConfigKeys (ConfUtils.java:logGet(46)) - raft.server.log.purge.preservation.log.num = 0 (default)
2024-03-11 08:32:31,557 [omNode-1-impl-thread1] INFO  server.RaftServerConfigKeys (ConfUtils.java:logGet(46)) - raft.server.log.segment.size.max = 4194304 (custom)
2024-03-11 08:32:31,558 [omNode-1-impl-thread1] INFO  server.RaftServerConfigKeys (ConfUtils.java:logGet(46)) - raft.server.log.segment.cache.num.max = 2 (custom)
2024-03-11 08:32:31,558 [omNode-1-impl-thread1] INFO  server.RaftServerConfigKeys (ConfUtils.java:logGet(46)) - raft.server.log.segment.cache.size.max = 200MB (=209715200) (default)
2024-03-11 08:32:31,558 [omNode-1-impl-thread1] INFO  server.RaftServerConfigKeys (ConfUtils.java:logGet(46)) - raft.server.log.appender.buffer.byte-limit = 4194304 (custom)
2024-03-11 08:32:31,558 [omNode-1-impl-thread1] INFO  util.AwaitToRun (AwaitToRun.java:start(81)) - Thread[omNode-1@group-523986131536-cacheEviction-AwaitToRun,5,main] started
2024-03-11 08:32:31,558 [omNode-1-impl-thread1] INFO  segmented.SegmentedRaftLogWorker (SegmentedRaftLogWorker.java:<init>(182)) - new omNode-1@group-523986131536-SegmentedRaftLogWorker for RaftStorageImpl:Storage Directory /home/runner/work/ozone/ozone/hadoop-ozone/integration-test/target/test-dir/MiniOzoneClusterImpl-b8fac49e-ce79-4459-ae7b-186efce8cd22/omNode-1/ratis/c9bc4cf4-3bc3-3c60-a66b-523986131536
2024-03-11 08:32:31,558 [omNode-1-impl-thread1] INFO  server.RaftServerConfigKeys (ConfUtils.java:logGet(46)) - raft.server.log.queue.byte-limit = 64MB (=67108864) (default)
2024-03-11 08:32:31,558 [omNode-1-impl-thread1] INFO  server.RaftServerConfigKeys (ConfUtils.java:logGet(46)) - raft.server.log.queue.element-limit = 4096 (default)
2024-03-11 08:32:31,558 [omNode-1-impl-thread1] INFO  server.RaftServerConfigKeys (ConfUtils.java:logGet(46)) - raft.server.log.segment.size.max = 4194304 (custom)
2024-03-11 08:32:31,558 [omNode-1-impl-thread1] INFO  server.RaftServerConfigKeys (ConfUtils.java:logGet(46)) - raft.server.log.preallocated.size = 4194304 (custom)
2024-03-11 08:32:31,558 [omNode-1-impl-thread1] INFO  server.RaftServerConfigKeys (ConfUtils.java:logGet(46)) - raft.server.log.force.sync.num = 128 (default)
2024-03-11 08:32:31,558 [omNode-1-impl-thread1] INFO  server.RaftServerConfigKeys (ConfUtils.java:logGet(46)) - raft.server.log.statemachine.data.sync = true (default)
2024-03-11 08:32:31,558 [omNode-1-impl-thread1] INFO  server.RaftServerConfigKeys (ConfUtils.java:logGet(46)) - raft.server.log.statemachine.data.sync.timeout = 10s (default)
2024-03-11 08:32:31,558 [omNode-1-impl-thread1] INFO  server.RaftServerConfigKeys (ConfUtils.java:logGet(46)) - raft.server.log.statemachine.data.sync.timeout.retry = -1 (default)
2024-03-11 08:32:31,558 [omNode-1-impl-thread1] INFO  server.RaftServerConfigKeys (ConfUtils.java:logGet(46)) - raft.server.log.write.buffer.size = 4194312 (custom)
2024-03-11 08:32:31,559 [omNode-1-impl-thread1] INFO  server.RaftServerConfigKeys (ConfUtils.java:logGet(46)) - raft.server.log.appender.buffer.byte-limit = 4194304 (custom)
2024-03-11 08:32:31,559 [omNode-1-impl-thread1] INFO  server.RaftServerConfigKeys (ConfUtils.java:logGet(46)) - raft.server.log.unsafe-flush.enabled = false (default)
2024-03-11 08:32:31,559 [omNode-1-impl-thread1] INFO  server.RaftServerConfigKeys (ConfUtils.java:logGet(46)) - raft.server.log.async-flush.enabled = false (default)
2024-03-11 08:32:31,559 [omNode-1-impl-thread1] INFO  server.RaftServerConfigKeys (ConfUtils.java:logGet(46)) - raft.server.log.statemachine.data.caching.enabled = false (default)
2024-03-11 08:32:31,559 [omNode-1-impl-thread1] INFO  server.RaftServer$Division (ServerState.java:setRaftConf(386)) - omNode-1@group-523986131536: set configuration 0: peers:[omNode-3|localhost:15101, omNode-1|localhost:15093, omNode-2|localhost:15097]|listeners:[], old=null
2024-03-11 08:32:31,560 [omNode-1-impl-thread1] INFO  segmented.LogSegment (LogSegment.java:loadSegment(170)) - Successfully read 53 entries from segment file /home/runner/work/ozone/ozone/hadoop-ozone/integration-test/target/test-dir/MiniOzoneClusterImpl-b8fac49e-ce79-4459-ae7b-186efce8cd22/omNode-1/ratis/c9bc4cf4-3bc3-3c60-a66b-523986131536/current/log_inprogress_0
2024-03-11 08:32:31,560 [omNode-1-impl-thread1] INFO  segmented.SegmentedRaftLogWorker (SegmentedRaftLogWorker.java:lambda$new$0(134)) - omNode-1@group-523986131536-SegmentedRaftLogWorker: flushIndex: setUnconditionally 0 -> 52
2024-03-11 08:32:31,560 [omNode-1-impl-thread1] INFO  segmented.SegmentedRaftLogWorker (SegmentedRaftLogWorker.java:lambda$new$0(134)) - omNode-1@group-523986131536-SegmentedRaftLogWorker: safeCacheEvictIndex: setUnconditionally 0 -> -1
2024-03-11 08:32:31,561 [omNode-1-impl-thread1] INFO  segmented.BufferedWriteChannel (BufferedWriteChannel.java:open(62)) - open log_inprogress_0 (append) at position 16859
2024-03-11 08:32:31,561 [omNode-1-impl-thread1] INFO  server.RaftServer$Division (RaftServerImpl.java:start(396)) - omNode-1@group-523986131536: start as a follower, conf=0: peers:[omNode-3|localhost:15101, omNode-1|localhost:15093, omNode-2|localhost:15097]|listeners:[], old=null
2024-03-11 08:32:31,561 [omNode-1-impl-thread1] INFO  server.RaftServer$Division (RaftServerImpl.java:setRole(383)) - omNode-1@group-523986131536: changes role from      null to FOLLOWER at term 1 for startAsFollower
2024-03-11 08:32:31,561 [omNode-1-impl-thread1] INFO  impl.RoleInfo (RoleInfo.java:updateAndGet(139)) - omNode-1: start omNode-1@group-523986131536-FollowerState
2024-03-11 08:32:31,561 [omNode-1@group-523986131536-FollowerState] INFO  server.RaftServerConfigKeys (ConfUtils.java:logFallback(53)) - raft.server.rpc.first-election.timeout.min = 1s (fallback to raft.server.rpc.timeout.min)
2024-03-11 08:32:31,561 [omNode-1@group-523986131536-FollowerState] INFO  server.RaftServerConfigKeys (ConfUtils.java:logFallback(53)) - raft.server.rpc.first-election.timeout.max = 1200ms (fallback to raft.server.rpc.timeout.max)
2024-03-11 08:32:31,568 [omNode-1-impl-thread1] INFO  util.JmxRegister (JmxRegister.java:tryRegister(44)) - Successfully registered JMX Bean with object name Ratis:service=RaftServer,group=group-523986131536,id=omNode-1
2024-03-11 08:32:31,568 [omNode-1-impl-thread1] INFO  server.RaftServerConfigKeys (ConfUtils.java:logGet(46)) - raft.server.snapshot.trigger-when-stop.enabled = true (default)
2024-03-11 08:32:31,568 [omNode-1-impl-thread1] INFO  server.RaftServerConfigKeys (ConfUtils.java:logGet(46)) - raft.server.snapshot.auto.trigger.enabled = true (custom)
2024-03-11 08:32:31,568 [omNode-1-impl-thread1] INFO  server.RaftServerConfigKeys (ConfUtils.java:logGet(46)) - raft.server.snapshot.auto.trigger.threshold = 50 (custom)
2024-03-11 08:32:31,568 [omNode-1-impl-thread1] INFO  server.RaftServerConfigKeys (ConfUtils.java:logGet(46)) - raft.server.snapshot.retention.file.num = -1 (default)
2024-03-11 08:32:31,568 [omNode-1-impl-thread1] INFO  server.RaftServerConfigKeys (ConfUtils.java:logGet(46)) - raft.server.log.purge.upto.snapshot.index = true (custom)
2024-03-11 08:32:31,569 [main] INFO  server.RaftServer (RaftServerProxy.java:startImpl(406)) - omNode-1: start RPC server
2024-03-11 08:32:31,570 [main] INFO  server.GrpcService (GrpcService.java:startImpl(302)) - omNode-1: GrpcService started, listening on 15093
2024-03-11 08:32:31,570 [main] INFO  om.OzoneManager (OzoneManager.java:getRpcServer(1231)) - Creating RPC Server
2024-03-11 08:32:31,570 [JvmPauseMonitor37] INFO  util.JvmPauseMonitor (JvmPauseMonitor.java:run(146)) - JvmPauseMonitor-omNode-1: Started
2024-03-11 08:32:31,778 [main] INFO  ipc.CallQueueManager (CallQueueManager.java:<init>(90)) - Using callQueue: class java.util.concurrent.LinkedBlockingQueue, queueCapacity: 2000, scheduler: class org.apache.hadoop.ipc.DefaultRpcScheduler, ipcBackoff: false.
2024-03-11 08:32:31,779 [main] INFO  ipc.Server (Server.java:<init>(1287)) - Listener at localhost:15090
2024-03-11 08:32:31,779 [Socket Reader #1 for port 15090] INFO  ipc.Server (Server.java:run(1323)) - Starting Socket Reader #1 for port 15090
2024-03-11 08:32:31,781 [main] INFO  http.BaseHttpServer (BaseHttpServer.java:newHttpServer2BuilderForOzone(223)) - Starting Web-server for ozoneManager at: http://0.0.0.0:15091
2024-03-11 08:32:31,781 [main] INFO  http.BaseHttpServer (BaseHttpServer.java:<init>(110)) - Hadoop Security Enabled: false Ozone Security Enabled: false Ozone HTTP Security Enabled: false 
2024-03-11 08:32:31,782 [main] WARN  server.AuthenticationFilter (AuthenticationFilter.java:constructSecretProvider(240)) - Unable to initialize FileSignerSecretProvider, falling back to use random secrets. Reason: Could not read signature secret file: /home/runner/hadoop-http-auth-signature-secret
2024-03-11 08:32:31,783 [main] INFO  http.HttpRequestLog (HttpRequestLog.java:getRequestLog(86)) - Http request log for http.requests.ozoneManager is not defined
2024-03-11 08:32:31,784 [main] INFO  http.HttpServer2 (HttpServer2.java:addGlobalFilter(1036)) - Added global filter 'safety' (class=org.apache.hadoop.hdds.server.http.HttpServer2$QuotingInputFilter)
2024-03-11 08:32:31,784 [main] INFO  http.HttpServer2 (HttpServer2.java:addFilter(1012)) - Added filter static_user_filter (class=org.apache.hadoop.http.lib.StaticUserWebFilter$StaticUserFilter) to context ozoneManager
2024-03-11 08:32:31,784 [main] INFO  http.HttpServer2 (HttpServer2.java:addFilter(1020)) - Added filter static_user_filter (class=org.apache.hadoop.http.lib.StaticUserWebFilter$StaticUserFilter) to context logs
2024-03-11 08:32:31,784 [main] INFO  http.HttpServer2 (HttpServer2.java:addFilter(1020)) - Added filter static_user_filter (class=org.apache.hadoop.http.lib.StaticUserWebFilter$StaticUserFilter) to context static
2024-03-11 08:32:31,785 [main] INFO  http.BaseHttpServer (BaseHttpServer.java:<init>(189)) - HTTP server of ozoneManager uses base directory /home/runner/work/ozone/ozone/hadoop-ozone/integration-test/target/test-dir/MiniOzoneClusterImpl-b8fac49e-ce79-4459-ae7b-186efce8cd22/omNode-1/webserver
2024-03-11 08:32:31,785 [main] INFO  http.HttpServer2 (HttpServer2.java:bindListener(1236)) - Jetty bound to port 15091
2024-03-11 08:32:31,785 [main] INFO  server.Server (Server.java:doStart(375)) - jetty-9.4.53.v20231009; built: 2023-10-09T12:29:09.265Z; git: 27bde00a0b95a1d5bbee0eae7984f891d2d0f8c9; jvm 1.8.0_402-b06
2024-03-11 08:32:31,786 [main] INFO  server.session (DefaultSessionIdManager.java:doStart(334)) - DefaultSessionIdManager workerName=node0
2024-03-11 08:32:31,786 [main] INFO  server.session (DefaultSessionIdManager.java:doStart(339)) - No SessionScavenger set, using defaults
2024-03-11 08:32:31,787 [main] INFO  server.session (HouseKeeper.java:startScavenging(132)) - node0 Scavenging every 600000ms
2024-03-11 08:32:31,787 [main] INFO  handler.ContextHandler (ContextHandler.java:doStart(921)) - Started o.e.j.s.ServletContextHandler@1fe3616{logs,/logs,file:///home/runner/work/ozone/ozone/hadoop-ozone/integration-test/target/log,AVAILABLE}
2024-03-11 08:32:31,787 [main] INFO  handler.ContextHandler (ContextHandler.java:doStart(921)) - Started o.e.j.s.ServletContextHandler@66e37e8c{static,/static,file:///home/runner/work/ozone/ozone/hadoop-ozone/integration-test/target/test-classes/webapps/static,AVAILABLE}
2024-03-11 08:32:31,790 [main] INFO  handler.ContextHandler (ContextHandler.java:doStart(921)) - Started o.e.j.w.WebAppContext@537a2f3f{ozoneManager,/,file:///home/runner/work/ozone/ozone/hadoop-ozone/integration-test/target/test-classes/webapps/ozoneManager/,AVAILABLE}{file:/home/runner/work/ozone/ozone/hadoop-ozone/integration-test/target/test-classes/webapps/ozoneManager}
2024-03-11 08:32:31,790 [main] INFO  server.AbstractConnector (AbstractConnector.java:doStart(333)) - Started ServerConnector@2035bc41{HTTP/1.1, (http/1.1)}{0.0.0.0:15091}
2024-03-11 08:32:31,791 [main] INFO  server.Server (Server.java:doStart(415)) - Started @366561ms
2024-03-11 08:32:31,791 [main] WARN  impl.MetricsSystemImpl (MetricsSystemImpl.java:register(279)) - Sink prometheus already exists!
2024-03-11 08:32:31,791 [main] INFO  http.BaseHttpServer (BaseHttpServer.java:updateConnectorAddress(354)) - HTTP server of ozoneManager listening at http://0.0.0.0:15091
2024-03-11 08:32:31,792 [IPC Server Responder] INFO  ipc.Server (Server.java:run(1562)) - IPC Server Responder: starting
2024-03-11 08:32:31,792 [IPC Server listener on 15090] INFO  ipc.Server (Server.java:run(1402)) - IPC Server listener on 15090: starting
2024-03-11 08:32:31,795 [main] INFO  om.OzoneManager (OzoneManager.java:startTrashEmptier(2130)) - Trash Interval set to 0. Files deleted won't move to trash
2024-03-11 08:32:31,795 [main] INFO  om.OzoneManager (OzoneManager.java:restart(1747)) - OzoneManager RPC server is listening at localhost/127.0.0.1:15094
2024-03-11 08:32:31,795 [main] INFO  impl.MetricsSystemImpl (MetricsSystemImpl.java:init(158)) - OzoneManager metrics system started (again)
2024-03-11 08:32:31,803 [main] WARN  server.ServerUtils (ServerUtils.java:getDBPath(299)) - ozone.om.db.dirs is not configured. We recommend adding this setting. Falling back to ozone.metadata.dirs instead.
2024-03-11 08:32:31,804 [main] INFO  helpers.OmKeyInfo (OmKeyInfo.java:getCodec(71)) - OmKeyInfo.getCodec ignorePipeline = true
2024-03-11 08:32:31,856 [main] INFO  om.OzoneManager (OzoneManager.java:instantiateServices(811)) - S3 Multi-Tenancy is disabled
2024-03-11 08:32:31,860 [main] INFO  om.OmSnapshotManager (OmSnapshotManager.java:<init>(177)) - Ozone filesystem snapshot feature is enabled.
2024-03-11 08:32:31,861 [main] WARN  server.ServerUtils (ServerUtils.java:getDBPath(299)) - ozone.om.snapshot.diff.db.dir is not configured. We recommend adding this setting. Falling back to ozone.metadata.dirs instead.
2024-03-11 08:32:31,874 [main] INFO  utils.NativeLibraryLoader (NativeLibraryLoader.java:loadLibrary(108)) - Loading Library: ozone_rocksdb_tools
2024-03-11 08:32:31,874 [main] ERROR snapshot.SnapshotDiffManager (SnapshotDiffManager.java:initNativeLibraryForEfficientDiff(287)) - Native Library for raw sst file reading loading failed.
org.apache.hadoop.hdds.utils.NativeLibraryNotLoadedException: Unable to load library ozone_rocksdb_tools from both java.library.path & resource file libozone_rocksdb_tools.so from jar.
	at org.apache.hadoop.hdds.utils.db.managed.ManagedRawSSTFileReader.loadLibrary(ManagedRawSSTFileReader.java:38)
	at org.apache.hadoop.ozone.om.snapshot.SnapshotDiffManager.initNativeLibraryForEfficientDiff(SnapshotDiffManager.java:285)
	at org.apache.hadoop.ozone.om.snapshot.SnapshotDiffManager.<init>(SnapshotDiffManager.java:259)
	at org.apache.hadoop.ozone.om.OmSnapshotManager.<init>(OmSnapshotManager.java:279)
	at org.apache.hadoop.ozone.om.OzoneManager.instantiateServices(OzoneManager.java:863)
	at org.apache.hadoop.ozone.om.OzoneManager.restart(OzoneManager.java:1752)
	at org.apache.hadoop.ozone.MiniOzoneHAClusterImpl.restartOzoneManager(MiniOzoneHAClusterImpl.java:211)
	at org.apache.hadoop.ozone.om.TestOzoneManagerPrepare.resetCluster(TestOzoneManagerPrepare.java:113)
	at sun.reflect.NativeMethodAccessorImpl.invoke0(Native Method)
	at sun.reflect.NativeMethodAccessorImpl.invoke(NativeMethodAccessorImpl.java:62)
	at sun.reflect.DelegatingMethodAccessorImpl.invoke(DelegatingMethodAccessorImpl.java:43)
	at java.lang.reflect.Method.invoke(Method.java:498)
	at org.junit.platform.commons.util.ReflectionUtils.invokeMethod(ReflectionUtils.java:728)
	at org.junit.jupiter.engine.execution.MethodInvocation.proceed(MethodInvocation.java:60)
	at org.junit.jupiter.engine.execution.InvocationInterceptorChain$ValidatingInvocation.proceed(InvocationInterceptorChain.java:131)
	at org.junit.jupiter.engine.extension.TimeoutExtension.intercept(TimeoutExtension.java:156)
	at org.junit.jupiter.engine.extension.TimeoutExtension.interceptLifecycleMethod(TimeoutExtension.java:128)
	at org.junit.jupiter.engine.extension.TimeoutExtension.interceptAfterEachMethod(TimeoutExtension.java:110)
	at org.junit.jupiter.engine.execution.InterceptingExecutableInvoker$ReflectiveInterceptorCall.lambda$ofVoidMethod$0(InterceptingExecutableInvoker.java:103)
	at org.junit.jupiter.engine.execution.InterceptingExecutableInvoker.lambda$invoke$0(InterceptingExecutableInvoker.java:93)
	at org.junit.jupiter.engine.execution.InvocationInterceptorChain$InterceptedInvocation.proceed(InvocationInterceptorChain.java:106)
	at org.junit.jupiter.engine.execution.InvocationInterceptorChain.proceed(InvocationInterceptorChain.java:64)
	at org.junit.jupiter.engine.execution.InvocationInterceptorChain.chainAndInvoke(InvocationInterceptorChain.java:45)
	at org.junit.jupiter.engine.execution.InvocationInterceptorChain.invoke(InvocationInterceptorChain.java:37)
	at org.junit.jupiter.engine.execution.InterceptingExecutableInvoker.invoke(InterceptingExecutableInvoker.java:92)
	at org.junit.jupiter.engine.execution.InterceptingExecutableInvoker.invoke(InterceptingExecutableInvoker.java:86)
	at org.junit.jupiter.engine.descriptor.ClassBasedTestDescriptor.invokeMethodInExtensionContext(ClassBasedTestDescriptor.java:521)
	at org.junit.jupiter.engine.descriptor.ClassBasedTestDescriptor.lambda$synthesizeAfterEachMethodAdapter$24(ClassBasedTestDescriptor.java:511)
	at org.junit.jupiter.engine.descriptor.TestMethodTestDescriptor.lambda$invokeAfterEachMethods$10(TestMethodTestDescriptor.java:244)
	at org.junit.jupiter.engine.descriptor.TestMethodTestDescriptor.lambda$invokeAllAfterMethodsOrCallbacks$13(TestMethodTestDescriptor.java:277)
	at org.junit.platform.engine.support.hierarchical.ThrowableCollector.execute(ThrowableCollector.java:73)
	at org.junit.jupiter.engine.descriptor.TestMethodTestDescriptor.lambda$invokeAllAfterMethodsOrCallbacks$14(TestMethodTestDescriptor.java:277)
	at org.junit.platform.commons.util.CollectionUtils.forEachInReverseOrder(CollectionUtils.java:217)
	at org.junit.jupiter.engine.descriptor.TestMethodTestDescriptor.invokeAllAfterMethodsOrCallbacks(TestMethodTestDescriptor.java:276)
	at org.junit.jupiter.engine.descriptor.TestMethodTestDescriptor.invokeAfterEachMethods(TestMethodTestDescriptor.java:242)
	at org.junit.jupiter.engine.descriptor.TestMethodTestDescriptor.execute(TestMethodTestDescriptor.java:143)
	at org.junit.jupiter.engine.descriptor.TestMethodTestDescriptor.execute(TestMethodTestDescriptor.java:69)
	at org.junit.platform.engine.support.hierarchical.NodeTestTask.lambda$executeRecursively$6(NodeTestTask.java:151)
	at org.junit.platform.engine.support.hierarchical.ThrowableCollector.execute(ThrowableCollector.java:73)
	at org.junit.platform.engine.support.hierarchical.NodeTestTask.lambda$executeRecursively$8(NodeTestTask.java:141)
	at org.junit.platform.engine.support.hierarchical.Node.around(Node.java:137)
	at org.junit.platform.engine.support.hierarchical.NodeTestTask.lambda$executeRecursively$9(NodeTestTask.java:139)
	at org.junit.platform.engine.support.hierarchical.ThrowableCollector.execute(ThrowableCollector.java:73)
	at org.junit.platform.engine.support.hierarchical.NodeTestTask.executeRecursively(NodeTestTask.java:138)
	at org.junit.platform.engine.support.hierarchical.NodeTestTask.execute(NodeTestTask.java:95)
	at java.util.ArrayList.forEach(ArrayList.java:1259)
	at org.junit.platform.engine.support.hierarchical.SameThreadHierarchicalTestExecutorService.invokeAll(SameThreadHierarchicalTestExecutorService.java:41)
	at org.junit.platform.engine.support.hierarchical.NodeTestTask.lambda$executeRecursively$6(NodeTestTask.java:155)
	at org.junit.platform.engine.support.hierarchical.ThrowableCollector.execute(ThrowableCollector.java:73)
	at org.junit.platform.engine.support.hierarchical.NodeTestTask.lambda$executeRecursively$8(NodeTestTask.java:141)
	at org.junit.platform.engine.support.hierarchical.Node.around(Node.java:137)
	at org.junit.platform.engine.support.hierarchical.NodeTestTask.lambda$executeRecursively$9(NodeTestTask.java:139)
	at org.junit.platform.engine.support.hierarchical.ThrowableCollector.execute(ThrowableCollector.java:73)
	at org.junit.platform.engine.support.hierarchical.NodeTestTask.executeRecursively(NodeTestTask.java:138)
	at org.junit.platform.engine.support.hierarchical.NodeTestTask.execute(NodeTestTask.java:95)
	at java.util.ArrayList.forEach(ArrayList.java:1259)
	at org.junit.platform.engine.support.hierarchical.SameThreadHierarchicalTestExecutorService.invokeAll(SameThreadHierarchicalTestExecutorService.java:41)
	at org.junit.platform.engine.support.hierarchical.NodeTestTask.lambda$executeRecursively$6(NodeTestTask.java:155)
	at org.junit.platform.engine.support.hierarchical.ThrowableCollector.execute(ThrowableCollector.java:73)
	at org.junit.platform.engine.support.hierarchical.NodeTestTask.lambda$executeRecursively$8(NodeTestTask.java:141)
	at org.junit.platform.engine.support.hierarchical.Node.around(Node.java:137)
	at org.junit.platform.engine.support.hierarchical.NodeTestTask.lambda$executeRecursively$9(NodeTestTask.java:139)
	at org.junit.platform.engine.support.hierarchical.ThrowableCollector.execute(ThrowableCollector.java:73)
	at org.junit.platform.engine.support.hierarchical.NodeTestTask.executeRecursively(NodeTestTask.java:138)
	at org.junit.platform.engine.support.hierarchical.NodeTestTask.execute(NodeTestTask.java:95)
	at org.junit.platform.engine.support.hierarchical.SameThreadHierarchicalTestExecutorService.submit(SameThreadHierarchicalTestExecutorService.java:35)
	at org.junit.platform.engine.support.hierarchical.HierarchicalTestExecutor.execute(HierarchicalTestExecutor.java:57)
	at org.junit.platform.engine.support.hierarchical.HierarchicalTestEngine.execute(HierarchicalTestEngine.java:54)
	at org.junit.platform.launcher.core.EngineExecutionOrchestrator.execute(EngineExecutionOrchestrator.java:198)
	at org.junit.platform.launcher.core.EngineExecutionOrchestrator.execute(EngineExecutionOrchestrator.java:169)
	at org.junit.platform.launcher.core.EngineExecutionOrchestrator.execute(EngineExecutionOrchestrator.java:93)
	at org.junit.platform.launcher.core.EngineExecutionOrchestrator.lambda$execute$0(EngineExecutionOrchestrator.java:58)
	at org.junit.platform.launcher.core.EngineExecutionOrchestrator.withInterceptedStreams(EngineExecutionOrchestrator.java:141)
	at org.junit.platform.launcher.core.EngineExecutionOrchestrator.execute(EngineExecutionOrchestrator.java:57)
	at org.junit.platform.launcher.core.DefaultLauncher.execute(DefaultLauncher.java:103)
	at org.junit.platform.launcher.core.DefaultLauncher.execute(DefaultLauncher.java:85)
	at org.junit.platform.launcher.core.DelegatingLauncher.execute(DelegatingLauncher.java:47)
	at org.junit.platform.launcher.core.SessionPerRequestLauncher.execute(SessionPerRequestLauncher.java:63)
	at org.apache.maven.surefire.junitplatform.JUnitPlatformProvider.invokeAllTests(JUnitPlatformProvider.java:165)
	at org.apache.maven.surefire.junitplatform.JUnitPlatformProvider.invoke(JUnitPlatformProvider.java:124)
	at org.apache.maven.surefire.booter.ForkedBooter.runSuitesInProcess(ForkedBooter.java:428)
	at org.apache.maven.surefire.booter.ForkedBooter.execute(ForkedBooter.java:162)
	at org.apache.maven.surefire.booter.ForkedBooter.run(ForkedBooter.java:562)
	at org.apache.maven.surefire.booter.ForkedBooter.main(ForkedBooter.java:548)
2024-03-11 08:32:31,877 [main] WARN  om.OzoneManager (OzoneManager.java:instantiatePrepareStateOnStartup(4553)) - Prepare marker file index 52 does not match DB prepare index 51. Writing DB index to prepare file and maintaining prepared state.
2024-03-11 08:32:31,877 [main] INFO  om.OzoneManagerPrepareState (OzoneManagerPrepareState.java:writePrepareMarkerFile(262)) - Prepare marker file written with log index 51 to file /home/runner/work/ozone/ozone/hadoop-ozone/integration-test/target/test-dir/MiniOzoneClusterImpl-b8fac49e-ce79-4459-ae7b-186efce8cd22/omNode-2/current/prepareMarker
2024-03-11 08:32:31,880 [main] WARN  dropwizard3.Dm3MetricRegistriesImpl (Dm3MetricRegistriesImpl.java:addReporterRegistration(113)) - New reporters are added after registries were created. Some metrics will be missing from the reporter. Please add reporter before adding any new registry.
2024-03-11 08:32:31,880 [main] WARN  dropwizard3.Dm3MetricRegistriesImpl (Dm3MetricRegistriesImpl.java:addReporterRegistration(113)) - New reporters are added after registries were created. Some metrics will be missing from the reporter. Please add reporter before adding any new registry.
2024-03-11 08:32:31,880 [main] WARN  server.ServerUtils (ServerUtils.java:getDefaultRatisDirectory(311)) - Storage directory for Ratis is not configured. It is a good idea to map this to an SSD disk. Falling back to ozone.metadata.dirs
2024-03-11 08:32:31,887 [main] INFO  ratis.OzoneManagerRatisServer (OzoneManagerRatisServer.java:<init>(167)) - Instantiating OM Ratis server with groupID: om-service-test1 and peers: localhost:15097, localhost:15101, localhost:15093
2024-03-11 08:32:31,887 [main] INFO  ratis.OzoneManagerStateMachine (OzoneManagerStateMachine.java:loadSnapshotInfoFromDB(573)) - LastAppliedIndex is set from TransactionInfo from OM DB as (t:1, i:52)
2024-03-11 08:32:31,888 [main] INFO  server.RaftServer (ConfUtils.java:logGet(46)) - raft.rpc.type = GRPC (default)
2024-03-11 08:32:31,888 [main] INFO  grpc.GrpcConfigKeys (ConfUtils.java:logFallback(53)) - raft.grpc.admin.host = null (fallback to raft.grpc.server.host)
2024-03-11 08:32:31,888 [main] INFO  grpc.GrpcConfigKeys (ConfUtils.java:logFallback(53)) - raft.grpc.admin.port = 15097 (fallback to raft.grpc.server.port)
2024-03-11 08:32:31,888 [main] INFO  grpc.GrpcConfigKeys (ConfUtils.java:logFallback(53)) - raft.grpc.client.host = null (fallback to raft.grpc.server.host)
2024-03-11 08:32:31,889 [main] INFO  grpc.GrpcConfigKeys (ConfUtils.java:logFallback(53)) - raft.grpc.client.port = 15097 (fallback to raft.grpc.server.port)
2024-03-11 08:32:31,889 [main] INFO  grpc.GrpcConfigKeys (ConfUtils.java:logGet(46)) - raft.grpc.server.host = null (default)
2024-03-11 08:32:31,889 [main] INFO  grpc.GrpcConfigKeys (ConfUtils.java:logGet(46)) - raft.grpc.server.port = 15097 (custom)
2024-03-11 08:32:31,889 [main] INFO  server.GrpcService (ConfUtils.java:logGet(46)) - raft.grpc.message.size.max = 4194304 (custom)
2024-03-11 08:32:31,889 [main] INFO  server.RaftServerConfigKeys (ConfUtils.java:logGet(46)) - raft.server.log.appender.buffer.byte-limit = 4194304 (custom)
2024-03-11 08:32:31,889 [main] INFO  server.GrpcService (ConfUtils.java:logGet(46)) - raft.grpc.flow.control.window = 1MB (=1048576) (default)
2024-03-11 08:32:31,890 [main] INFO  server.RaftServerConfigKeys (ConfUtils.java:logGet(46)) - raft.server.rpc.request.timeout = 3000ms (default)
2024-03-11 08:32:31,890 [main] INFO  grpc.GrpcConfigKeys (ConfUtils.java:logGet(46)) - raft.grpc.server.heartbeat.channel = true (default)
2024-03-11 08:32:31,890 [main] INFO  grpc.GrpcConfigKeys (ConfUtils.java:logGet(46)) - raft.grpc.server.async.request.thread.pool.cached = true (default)
2024-03-11 08:32:31,890 [main] INFO  grpc.GrpcConfigKeys (ConfUtils.java:logGet(46)) - raft.grpc.server.async.request.thread.pool.size = 32 (default)
2024-03-11 08:32:31,891 [main] INFO  impl.DataStreamServerImpl (ConfUtils.java:logGet(46)) - raft.datastream.type = DISABLED (default)
2024-03-11 08:32:31,892 [main] INFO  server.RaftServerConfigKeys (ConfUtils.java:logGet(46)) - raft.server.sleep.deviation.threshold = 300ms (default)
2024-03-11 08:32:31,892 [main] INFO  server.RaftServerConfigKeys (ConfUtils.java:logGet(46)) - raft.server.close.threshold = 60s (default)
2024-03-11 08:32:31,892 [main] INFO  server.RaftServerConfigKeys (ConfUtils.java:logGet(46)) - raft.server.leaderelection.leader.step-down.wait-time = 10s (default)
2024-03-11 08:32:31,892 [main] INFO  server.RaftServerConfigKeys (ConfUtils.java:logGet(46)) - raft.server.storage.dir = [/home/runner/work/ozone/ozone/hadoop-ozone/integration-test/target/test-dir/MiniOzoneClusterImpl-b8fac49e-ce79-4459-ae7b-186efce8cd22/omNode-2/ratis] (custom)
2024-03-11 08:32:31,892 [main] INFO  server.RaftServerConfigKeys (ConfUtils.java:logGet(46)) - raft.server.threadpool.proxy.cached = true (default)
2024-03-11 08:32:31,893 [main] INFO  server.RaftServerConfigKeys (ConfUtils.java:logGet(46)) - raft.server.threadpool.proxy.size = 0 (default)
2024-03-11 08:32:31,893 [omNode-2-impl-thread1] INFO  server.RaftServer (RaftServerProxy.java:initGroupDir(264)) - omNode-2: found a subdirectory /home/runner/work/ozone/ozone/hadoop-ozone/integration-test/target/test-dir/MiniOzoneClusterImpl-b8fac49e-ce79-4459-ae7b-186efce8cd22/omNode-2/ratis/c9bc4cf4-3bc3-3c60-a66b-523986131536
2024-03-11 08:32:31,895 [main] INFO  server.RaftServer (RaftServerProxy.java:addNew(100)) - omNode-2: addNew group-523986131536:[omNode-3|localhost:15101, omNode-1|localhost:15093, omNode-2|localhost:15097] returns group-523986131536:java.util.concurrent.CompletableFuture@246a853c[Not completed]
2024-03-11 08:32:31,896 [main] INFO  om.OzoneManager (OzoneManager.java:initializeRatisServer(2177)) - OzoneManager Ratis server initialized at port 15097
2024-03-11 08:32:31,896 [main] INFO  ratis.OzoneManagerRatisServer (OzoneManagerRatisServer.java:start(588)) - Starting OzoneManagerRatisServer omNode-2 at port 15097
2024-03-11 08:32:31,895 [omNode-2-groupManagement] INFO  server.RaftServer$Division (RaftServerImpl.java:<init>(256)) - omNode-2: new RaftServerImpl for group-523986131536:[omNode-3|localhost:15101, omNode-1|localhost:15093, omNode-2|localhost:15097] with OzoneManagerStateMachine:uninitialized
2024-03-11 08:32:31,897 [omNode-2-groupManagement] INFO  server.RaftServerConfigKeys (ConfUtils.java:logGet(46)) - raft.server.rpc.timeout.min = 1s (custom)
2024-03-11 08:32:31,897 [omNode-2-groupManagement] INFO  server.RaftServerConfigKeys (ConfUtils.java:logGet(46)) - raft.server.rpc.timeout.max = 1200ms (custom)
2024-03-11 08:32:31,897 [omNode-2-groupManagement] INFO  server.RaftServerConfigKeys (ConfUtils.java:logGet(46)) - raft.server.rpc.sleep.time = 25ms (default)
2024-03-11 08:32:31,897 [omNode-2-groupManagement] INFO  server.RaftServerConfigKeys (ConfUtils.java:logGet(46)) - raft.server.rpc.slowness.timeout = 2s (custom)
2024-03-11 08:32:31,897 [omNode-2-groupManagement] INFO  server.RaftServerConfigKeys (ConfUtils.java:logGet(46)) - raft.server.leaderelection.leader.step-down.wait-time = 10s (default)
2024-03-11 08:32:31,897 [omNode-2-groupManagement] INFO  server.RaftServerConfigKeys (ConfUtils.java:logGet(46)) - raft.server.leaderelection.member.majority-add = false (default)
2024-03-11 08:32:31,897 [omNode-2-groupManagement] INFO  server.RaftServerConfigKeys (ConfUtils.java:logGet(46)) - raft.server.sleep.deviation.threshold = 300ms (default)
2024-03-11 08:32:31,897 [omNode-2-groupManagement] INFO  server.RaftServer$Division (ServerState.java:<init>(113)) - omNode-2@group-523986131536: ConfigurationManager, init=-1: peers:[omNode-3|localhost:15101, omNode-1|localhost:15093, omNode-2|localhost:15097]|listeners:[], old=null, confs=<EMPTY_MAP>
2024-03-11 08:32:31,897 [omNode-2-groupManagement] INFO  server.RaftServerConfigKeys (ConfUtils.java:logGet(46)) - raft.server.notification.no-leader.timeout = 2s (custom)
2024-03-11 08:32:31,897 [omNode-2-groupManagement] INFO  server.RaftServerConfigKeys (ConfUtils.java:logGet(46)) - raft.server.read.timeout = 10s (default)
2024-03-11 08:32:31,897 [omNode-2-groupManagement] INFO  server.RaftServerConfigKeys (ConfUtils.java:logGet(46)) - raft.server.retrycache.expirytime = 30000ms (custom)
2024-03-11 08:32:31,897 [omNode-2-groupManagement] INFO  server.RaftServerConfigKeys (ConfUtils.java:logGet(46)) - raft.server.retrycache.statistics.expirytime = 100ms (default)
2024-03-11 08:32:31,897 [omNode-2-groupManagement] INFO  server.RaftServerConfigKeys (ConfUtils.java:logGet(46)) - raft.server.read.option = DEFAULT (default)
2024-03-11 08:32:31,898 [omNode-2-groupManagement] INFO  server.RaftServerConfigKeys (ConfUtils.java:logGet(46)) - raft.server.read.read-after-write-consistent.write-index-cache.expiry-time = 60s (default)
2024-03-11 08:32:31,899 [omNode-2-groupManagement] INFO  server.RaftServerConfigKeys (ConfUtils.java:logGet(46)) - raft.server.rpc.request.timeout = 3000ms (default)
2024-03-11 08:32:31,899 [omNode-2-groupManagement] INFO  server.RaftServerConfigKeys (ConfUtils.java:logGet(46)) - raft.server.log.appender.install.snapshot.enabled = false (custom)
2024-03-11 08:32:31,899 [omNode-2-groupManagement] INFO  server.RaftServerConfigKeys (ConfUtils.java:logGet(46)) - raft.server.threadpool.server.cached = true (default)
2024-03-11 08:32:31,899 [omNode-2-groupManagement] INFO  server.RaftServerConfigKeys (ConfUtils.java:logGet(46)) - raft.server.threadpool.server.size = 0 (default)
2024-03-11 08:32:31,899 [omNode-2-groupManagement] INFO  server.RaftServerConfigKeys (ConfUtils.java:logGet(46)) - raft.server.threadpool.client.cached = true (default)
2024-03-11 08:32:31,899 [omNode-2-groupManagement] INFO  server.RaftServerConfigKeys (ConfUtils.java:logGet(46)) - raft.server.threadpool.client.size = 0 (default)
2024-03-11 08:32:31,899 [omNode-2-impl-thread1] INFO  server.RaftServerConfigKeys (ConfUtils.java:logGet(46)) - raft.server.storage.free-space.min = 0MB (=0) (default)
2024-03-11 08:32:31,900 [omNode-2-impl-thread1] INFO  server.RaftServerConfigKeys (ConfUtils.java:logGet(46)) - raft.server.log.corruption.policy = EXCEPTION (default)
2024-03-11 08:32:31,900 [omNode-2-impl-thread1] INFO  server.RaftServerConfigKeys (ConfUtils.java:logGet(46)) - raft.server.storage.dir = [/home/runner/work/ozone/ozone/hadoop-ozone/integration-test/target/test-dir/MiniOzoneClusterImpl-b8fac49e-ce79-4459-ae7b-186efce8cd22/omNode-2/ratis] (custom)
2024-03-11 08:32:31,901 [omNode-2-impl-thread1] INFO  storage.RaftStorageDirectory (RaftStorageDirectoryImpl.java:tryLock(228)) - Lock on /home/runner/work/ozone/ozone/hadoop-ozone/integration-test/target/test-dir/MiniOzoneClusterImpl-b8fac49e-ce79-4459-ae7b-186efce8cd22/omNode-2/ratis/c9bc4cf4-3bc3-3c60-a66b-523986131536/in_use.lock acquired by nodename 48108@fv-az1250-130
2024-03-11 08:32:31,901 [omNode-2-impl-thread1] INFO  storage.RaftStorage (RaftStorageImpl.java:analyzeAndRecoverStorage(119)) - Read RaftStorageMetadata{term=1, votedFor=omNode-1} from /home/runner/work/ozone/ozone/hadoop-ozone/integration-test/target/test-dir/MiniOzoneClusterImpl-b8fac49e-ce79-4459-ae7b-186efce8cd22/omNode-2/ratis/c9bc4cf4-3bc3-3c60-a66b-523986131536/current/raft-meta
2024-03-11 08:32:31,903 [omNode-2-impl-thread1] INFO  server.RaftServer$Division (ServerState.java:setRaftConf(386)) - omNode-2@group-523986131536: set configuration 0: peers:[omNode-3|localhost:15101, omNode-1|localhost:15093, omNode-2|localhost:15097]|listeners:[], old=null
2024-03-11 08:32:31,903 [omNode-2-impl-thread1] INFO  server.RaftServerConfigKeys (ConfUtils.java:logGet(46)) - raft.server.log.use.memory = false (default)
2024-03-11 08:32:31,903 [omNode-2-impl-thread1] INFO  server.RaftServerConfigKeys (ConfUtils.java:logGet(46)) - raft.server.log.purge.gap = 50 (custom)
2024-03-11 08:32:31,903 [omNode-2-impl-thread1] INFO  server.RaftServerConfigKeys (ConfUtils.java:logGet(46)) - raft.server.log.appender.buffer.byte-limit = 4194304 (custom)
2024-03-11 08:32:31,903 [omNode-2-impl-thread1] INFO  server.RaftServerConfigKeys (ConfUtils.java:logGet(46)) - raft.server.log.statemachine.data.read.timeout = 1000ms (default)
2024-03-11 08:32:31,903 [omNode-2-impl-thread1] INFO  server.RaftServerConfigKeys (ConfUtils.java:logGet(46)) - raft.server.log.purge.preservation.log.num = 0 (default)
2024-03-11 08:32:31,904 [omNode-2-impl-thread1] INFO  server.RaftServerConfigKeys (ConfUtils.java:logGet(46)) - raft.server.log.segment.size.max = 4194304 (custom)
2024-03-11 08:32:31,904 [omNode-2-impl-thread1] INFO  server.RaftServerConfigKeys (ConfUtils.java:logGet(46)) - raft.server.log.segment.cache.num.max = 2 (custom)
2024-03-11 08:32:31,904 [omNode-2-impl-thread1] INFO  server.RaftServerConfigKeys (ConfUtils.java:logGet(46)) - raft.server.log.segment.cache.size.max = 200MB (=209715200) (default)
2024-03-11 08:32:31,904 [omNode-2-impl-thread1] INFO  server.RaftServerConfigKeys (ConfUtils.java:logGet(46)) - raft.server.log.appender.buffer.byte-limit = 4194304 (custom)
2024-03-11 08:32:31,904 [omNode-2-impl-thread1] INFO  util.AwaitToRun (AwaitToRun.java:start(81)) - Thread[omNode-2@group-523986131536-cacheEviction-AwaitToRun,5,main] started
2024-03-11 08:32:31,904 [omNode-2-impl-thread1] INFO  segmented.SegmentedRaftLogWorker (SegmentedRaftLogWorker.java:<init>(182)) - new omNode-2@group-523986131536-SegmentedRaftLogWorker for RaftStorageImpl:Storage Directory /home/runner/work/ozone/ozone/hadoop-ozone/integration-test/target/test-dir/MiniOzoneClusterImpl-b8fac49e-ce79-4459-ae7b-186efce8cd22/omNode-2/ratis/c9bc4cf4-3bc3-3c60-a66b-523986131536
2024-03-11 08:32:31,905 [omNode-2-impl-thread1] INFO  server.RaftServerConfigKeys (ConfUtils.java:logGet(46)) - raft.server.log.queue.byte-limit = 64MB (=67108864) (default)
2024-03-11 08:32:31,905 [omNode-2-impl-thread1] INFO  server.RaftServerConfigKeys (ConfUtils.java:logGet(46)) - raft.server.log.queue.element-limit = 4096 (default)
2024-03-11 08:32:31,905 [omNode-2-impl-thread1] INFO  server.RaftServerConfigKeys (ConfUtils.java:logGet(46)) - raft.server.log.segment.size.max = 4194304 (custom)
2024-03-11 08:32:31,905 [omNode-2-impl-thread1] INFO  server.RaftServerConfigKeys (ConfUtils.java:logGet(46)) - raft.server.log.preallocated.size = 4194304 (custom)
2024-03-11 08:32:31,905 [omNode-2-impl-thread1] INFO  server.RaftServerConfigKeys (ConfUtils.java:logGet(46)) - raft.server.log.force.sync.num = 128 (default)
2024-03-11 08:32:31,905 [omNode-2-impl-thread1] INFO  server.RaftServerConfigKeys (ConfUtils.java:logGet(46)) - raft.server.log.statemachine.data.sync = true (default)
2024-03-11 08:32:31,905 [omNode-2-impl-thread1] INFO  server.RaftServerConfigKeys (ConfUtils.java:logGet(46)) - raft.server.log.statemachine.data.sync.timeout = 10s (default)
2024-03-11 08:32:31,905 [omNode-2-impl-thread1] INFO  server.RaftServerConfigKeys (ConfUtils.java:logGet(46)) - raft.server.log.statemachine.data.sync.timeout.retry = -1 (default)
2024-03-11 08:32:31,905 [omNode-2-impl-thread1] INFO  server.RaftServerConfigKeys (ConfUtils.java:logGet(46)) - raft.server.log.write.buffer.size = 4194312 (custom)
2024-03-11 08:32:31,906 [omNode-2-impl-thread1] INFO  server.RaftServerConfigKeys (ConfUtils.java:logGet(46)) - raft.server.log.appender.buffer.byte-limit = 4194304 (custom)
2024-03-11 08:32:31,906 [omNode-2-impl-thread1] INFO  server.RaftServerConfigKeys (ConfUtils.java:logGet(46)) - raft.server.log.unsafe-flush.enabled = false (default)
2024-03-11 08:32:31,906 [omNode-2-impl-thread1] INFO  server.RaftServerConfigKeys (ConfUtils.java:logGet(46)) - raft.server.log.async-flush.enabled = false (default)
2024-03-11 08:32:31,906 [omNode-2-impl-thread1] INFO  server.RaftServerConfigKeys (ConfUtils.java:logGet(46)) - raft.server.log.statemachine.data.caching.enabled = false (default)
2024-03-11 08:32:31,906 [omNode-2-impl-thread1] INFO  segmented.SegmentedRaftLogWorker (SegmentedRaftLogWorker.java:lambda$new$0(134)) - omNode-2@group-523986131536-SegmentedRaftLogWorker: flushIndex: setUnconditionally 0 -> 52
2024-03-11 08:32:31,906 [omNode-2-impl-thread1] INFO  segmented.SegmentedRaftLogWorker (SegmentedRaftLogWorker.java:lambda$new$0(134)) - omNode-2@group-523986131536-SegmentedRaftLogWorker: safeCacheEvictIndex: setUnconditionally 0 -> -1
2024-03-11 08:32:31,907 [omNode-2-impl-thread1] INFO  server.RaftServer$Division (RaftServerImpl.java:start(396)) - omNode-2@group-523986131536: start as a follower, conf=0: peers:[omNode-3|localhost:15101, omNode-1|localhost:15093, omNode-2|localhost:15097]|listeners:[], old=null
2024-03-11 08:32:31,907 [omNode-2-impl-thread1] INFO  server.RaftServer$Division (RaftServerImpl.java:setRole(383)) - omNode-2@group-523986131536: changes role from      null to FOLLOWER at term 1 for startAsFollower
2024-03-11 08:32:31,907 [omNode-2-impl-thread1] INFO  impl.RoleInfo (RoleInfo.java:updateAndGet(139)) - omNode-2: start omNode-2@group-523986131536-FollowerState
2024-03-11 08:32:31,907 [omNode-2@group-523986131536-FollowerState] INFO  server.RaftServerConfigKeys (ConfUtils.java:logFallback(53)) - raft.server.rpc.first-election.timeout.min = 1s (fallback to raft.server.rpc.timeout.min)
2024-03-11 08:32:31,907 [omNode-2-impl-thread1] INFO  util.JmxRegister (JmxRegister.java:tryRegister(44)) - Successfully registered JMX Bean with object name Ratis:service=RaftServer,group=group-523986131536,id=omNode-2
2024-03-11 08:32:31,907 [omNode-2@group-523986131536-FollowerState] INFO  server.RaftServerConfigKeys (ConfUtils.java:logFallback(53)) - raft.server.rpc.first-election.timeout.max = 1200ms (fallback to raft.server.rpc.timeout.max)
2024-03-11 08:32:31,907 [omNode-2-impl-thread1] INFO  server.RaftServerConfigKeys (ConfUtils.java:logGet(46)) - raft.server.snapshot.trigger-when-stop.enabled = true (default)
2024-03-11 08:32:31,908 [omNode-2-impl-thread1] INFO  server.RaftServerConfigKeys (ConfUtils.java:logGet(46)) - raft.server.snapshot.auto.trigger.enabled = true (custom)
2024-03-11 08:32:31,908 [omNode-2-impl-thread1] INFO  server.RaftServerConfigKeys (ConfUtils.java:logGet(46)) - raft.server.snapshot.auto.trigger.threshold = 50 (custom)
2024-03-11 08:32:31,908 [omNode-2-impl-thread1] INFO  server.RaftServerConfigKeys (ConfUtils.java:logGet(46)) - raft.server.snapshot.retention.file.num = -1 (default)
2024-03-11 08:32:31,908 [omNode-2-impl-thread1] INFO  server.RaftServerConfigKeys (ConfUtils.java:logGet(46)) - raft.server.log.purge.upto.snapshot.index = true (custom)
2024-03-11 08:32:31,908 [main] INFO  server.RaftServer (RaftServerProxy.java:startImpl(406)) - omNode-2: start RPC server
2024-03-11 08:32:31,913 [main] INFO  server.GrpcService (GrpcService.java:startImpl(302)) - omNode-2: GrpcService started, listening on 15097
2024-03-11 08:32:31,914 [main] INFO  om.OzoneManager (OzoneManager.java:getRpcServer(1231)) - Creating RPC Server
2024-03-11 08:32:31,914 [JvmPauseMonitor38] INFO  util.JvmPauseMonitor (JvmPauseMonitor.java:run(146)) - JvmPauseMonitor-omNode-2: Started
2024-03-11 08:32:32,093 [main] INFO  ipc.CallQueueManager (CallQueueManager.java:<init>(90)) - Using callQueue: class java.util.concurrent.LinkedBlockingQueue, queueCapacity: 2000, scheduler: class org.apache.hadoop.ipc.DefaultRpcScheduler, ipcBackoff: false.
2024-03-11 08:32:32,094 [main] INFO  ipc.Server (Server.java:<init>(1287)) - Listener at localhost:15094
2024-03-11 08:32:32,094 [Socket Reader #1 for port 15094] INFO  ipc.Server (Server.java:run(1323)) - Starting Socket Reader #1 for port 15094
2024-03-11 08:32:32,097 [main] INFO  http.BaseHttpServer (BaseHttpServer.java:newHttpServer2BuilderForOzone(223)) - Starting Web-server for ozoneManager at: http://0.0.0.0:15095
2024-03-11 08:32:32,097 [main] INFO  http.BaseHttpServer (BaseHttpServer.java:<init>(110)) - Hadoop Security Enabled: false Ozone Security Enabled: false Ozone HTTP Security Enabled: false 
2024-03-11 08:32:32,098 [main] WARN  server.AuthenticationFilter (AuthenticationFilter.java:constructSecretProvider(240)) - Unable to initialize FileSignerSecretProvider, falling back to use random secrets. Reason: Could not read signature secret file: /home/runner/hadoop-http-auth-signature-secret
2024-03-11 08:32:32,098 [main] INFO  http.HttpRequestLog (HttpRequestLog.java:getRequestLog(86)) - Http request log for http.requests.ozoneManager is not defined
2024-03-11 08:32:32,099 [main] INFO  http.HttpServer2 (HttpServer2.java:addGlobalFilter(1036)) - Added global filter 'safety' (class=org.apache.hadoop.hdds.server.http.HttpServer2$QuotingInputFilter)
2024-03-11 08:32:32,099 [main] INFO  http.HttpServer2 (HttpServer2.java:addFilter(1012)) - Added filter static_user_filter (class=org.apache.hadoop.http.lib.StaticUserWebFilter$StaticUserFilter) to context ozoneManager
2024-03-11 08:32:32,100 [main] INFO  http.HttpServer2 (HttpServer2.java:addFilter(1020)) - Added filter static_user_filter (class=org.apache.hadoop.http.lib.StaticUserWebFilter$StaticUserFilter) to context static
2024-03-11 08:32:32,100 [main] INFO  http.HttpServer2 (HttpServer2.java:addFilter(1020)) - Added filter static_user_filter (class=org.apache.hadoop.http.lib.StaticUserWebFilter$StaticUserFilter) to context logs
2024-03-11 08:32:32,100 [main] INFO  http.BaseHttpServer (BaseHttpServer.java:<init>(189)) - HTTP server of ozoneManager uses base directory /home/runner/work/ozone/ozone/hadoop-ozone/integration-test/target/test-dir/MiniOzoneClusterImpl-b8fac49e-ce79-4459-ae7b-186efce8cd22/omNode-2/webserver
2024-03-11 08:32:32,100 [main] INFO  http.HttpServer2 (HttpServer2.java:bindListener(1236)) - Jetty bound to port 15095
2024-03-11 08:32:32,100 [main] INFO  server.Server (Server.java:doStart(375)) - jetty-9.4.53.v20231009; built: 2023-10-09T12:29:09.265Z; git: 27bde00a0b95a1d5bbee0eae7984f891d2d0f8c9; jvm 1.8.0_402-b06
2024-03-11 08:32:32,101 [main] INFO  server.session (DefaultSessionIdManager.java:doStart(334)) - DefaultSessionIdManager workerName=node0
2024-03-11 08:32:32,101 [main] INFO  server.session (DefaultSessionIdManager.java:doStart(339)) - No SessionScavenger set, using defaults
2024-03-11 08:32:32,102 [main] INFO  server.session (HouseKeeper.java:startScavenging(132)) - node0 Scavenging every 600000ms
2024-03-11 08:32:32,102 [main] INFO  handler.ContextHandler (ContextHandler.java:doStart(921)) - Started o.e.j.s.ServletContextHandler@60ebde43{logs,/logs,file:///home/runner/work/ozone/ozone/hadoop-ozone/integration-test/target/log,AVAILABLE}
2024-03-11 08:32:32,102 [main] INFO  handler.ContextHandler (ContextHandler.java:doStart(921)) - Started o.e.j.s.ServletContextHandler@35633e30{static,/static,file:///home/runner/work/ozone/ozone/hadoop-ozone/integration-test/target/test-classes/webapps/static,AVAILABLE}
2024-03-11 08:32:32,104 [main] INFO  handler.ContextHandler (ContextHandler.java:doStart(921)) - Started o.e.j.w.WebAppContext@54201d82{ozoneManager,/,file:///home/runner/work/ozone/ozone/hadoop-ozone/integration-test/target/test-classes/webapps/ozoneManager/,AVAILABLE}{file:/home/runner/work/ozone/ozone/hadoop-ozone/integration-test/target/test-classes/webapps/ozoneManager}
2024-03-11 08:32:32,105 [main] INFO  server.AbstractConnector (AbstractConnector.java:doStart(333)) - Started ServerConnector@61164a97{HTTP/1.1, (http/1.1)}{0.0.0.0:15095}
2024-03-11 08:32:32,105 [main] INFO  server.Server (Server.java:doStart(415)) - Started @366875ms
2024-03-11 08:32:32,105 [main] WARN  impl.MetricsSystemImpl (MetricsSystemImpl.java:register(279)) - Sink prometheus already exists!
2024-03-11 08:32:32,105 [main] INFO  http.BaseHttpServer (BaseHttpServer.java:updateConnectorAddress(354)) - HTTP server of ozoneManager listening at http://0.0.0.0:15095
2024-03-11 08:32:32,106 [IPC Server Responder] INFO  ipc.Server (Server.java:run(1562)) - IPC Server Responder: starting
2024-03-11 08:32:32,106 [IPC Server listener on 15094] INFO  ipc.Server (Server.java:run(1402)) - IPC Server listener on 15094: starting
2024-03-11 08:32:32,109 [main] INFO  om.OzoneManager (OzoneManager.java:startTrashEmptier(2130)) - Trash Interval set to 0. Files deleted won't move to trash
]]></system-out>
    </rerunError>
    <rerunError type="PREPARE_FAILED org.apache.hadoop.ozone.om.exceptions.OMException">
      <stackTrace><![CDATA[PREPARE_FAILED org.apache.hadoop.ozone.om.exceptions.OMException: java.io.IOException: After waiting for 120 seconds, Ratis state machine applied index 50 which is less than the minimum required index 52.
	at org.apache.hadoop.ozone.om.protocolPB.OzoneManagerProtocolClientSideTranslatorPB.handleError(OzoneManagerProtocolClientSideTranslatorPB.java:752)
	at org.apache.hadoop.ozone.om.protocolPB.OzoneManagerProtocolClientSideTranslatorPB.prepareOzoneManager(OzoneManagerProtocolClientSideTranslatorPB.java:2466)
	at org.apache.hadoop.ozone.om.TestOzoneManagerPrepare.submitPrepareRequest(TestOzoneManagerPrepare.java:445)
	at org.apache.hadoop.ozone.om.TestOzoneManagerPrepare.testCancelPrepare(TestOzoneManagerPrepare.java:314)
	at java.lang.reflect.Method.invoke(Method.java:498)
	at java.util.ArrayList.forEach(ArrayList.java:1259)
	at java.util.ArrayList.forEach(ArrayList.java:1259)
]]></stackTrace>
      <system-out><![CDATA[2024-03-11 08:32:38,141 [main] WARN  server.ServerUtils (ServerUtils.java:getScmDbDir(143)) - ozone.scm.db.dirs is not configured. We recommend adding this setting. Falling back to ozone.metadata.dirs instead.
2024-03-11 08:32:38,143 [main] WARN  server.ServerUtils (ServerUtils.java:getScmDbDir(143)) - ozone.scm.db.dirs is not configured. We recommend adding this setting. Falling back to ozone.metadata.dirs instead.
2024-03-11 08:32:38,144 [main] INFO  ha.SCMHANodeDetails (SCMHANodeDetails.java:loadSCMHAConfig(207)) - ServiceID for StorageContainerManager is null
2024-03-11 08:32:38,144 [main] INFO  ha.SCMHANodeDetails (SCMHANodeDetails.java:loadSCMHAConfig(212)) - ozone.scm.default.service.id is not defined, falling back to ozone.scm.service.ids to find serviceID for StorageContainerManager if it is HA enabled cluster
2024-03-11 08:32:38,145 [main] WARN  utils.HAUtils (HAUtils.java:getMetaDir(339)) - ozone.scm.db.dirs is not configured. We recommend adding this setting. Falling back to ozone.metadata.dirs instead.
2024-03-11 08:32:38,145 [main] WARN  db.DBStoreBuilder (DBStoreBuilder.java:applyDBDefinition(171)) - ozone.scm.db.dirs is not configured. We recommend adding this setting. Falling back to ozone.metadata.dirs instead.
2024-03-11 08:32:38,257 [main] INFO  net.NodeSchemaLoader (NodeSchemaLoader.java:loadSchemaFromFile(129)) - Loading schema from [jar:file:/home/runner/.m2/repository/org/apache/ozone/hdds-common/1.5.0-SNAPSHOT/hdds-common-1.5.0-SNAPSHOT.jar!/network-topology-default.xml]
2024-03-11 08:32:38,257 [main] INFO  net.NodeSchemaLoader (NodeSchemaLoader.java:loadSchema(176)) - Loading network topology layer schema file
2024-03-11 08:32:38,259 [main] INFO  upgrade.AbstractLayoutVersionManager (AbstractLayoutVersionManager.java:init(83)) - Initializing Layout version manager with metadata layout = HADOOP_PRC_PORTS_IN_DATANODEDETAILS (version = 7), software layout = HADOOP_PRC_PORTS_IN_DATANODEDETAILS (version = 7)
2024-03-11 08:32:38,260 [main] INFO  ha.SequenceIdGenerator (SequenceIdGenerator.java:upgradeToSequenceId(370)) - upgrade localId to 113750153625600000
2024-03-11 08:32:38,261 [main] INFO  ha.SequenceIdGenerator (SequenceIdGenerator.java:upgradeToSequenceId(380)) - upgrade delTxnId to 0
2024-03-11 08:32:38,262 [main] INFO  ha.SequenceIdGenerator (SequenceIdGenerator.java:upgradeToSequenceId(397)) - upgrade containerId to 0
2024-03-11 08:32:38,263 [main] INFO  ha.SequenceIdGenerator (SequenceIdGenerator.java:upgradeToCertificateSequenceId(444)) - upgrade CertificateId to 2
2024-03-11 08:32:38,263 [main] INFO  ha.SequenceIdGenerator (SequenceIdGenerator.java:<init>(241)) - Init the HA SequenceIdGenerator.
2024-03-11 08:32:38,263 [main] WARN  server.ServerUtils (ServerUtils.java:sanitizeUserArgs(79)) - ozone.scm.stale.node.interval value = 300000 is larger than max = 100000 based on the key value of ozone.scm.heartbeat.thread.interval, reset to the max value 100000.
2024-03-11 08:32:38,263 [main] WARN  server.ServerUtils (ServerUtils.java:sanitizeUserArgs(79)) - ozone.scm.stale.node.interval value = 300000 is larger than max = 100000 based on the key value of ozone.scm.heartbeat.thread.interval, reset to the max value 100000.
2024-03-11 08:32:38,264 [main] INFO  node.SCMNodeManager (SCMNodeManager.java:<init>(177)) - Entering startup safe mode.
2024-03-11 08:32:38,264 [main] INFO  algorithms.ContainerPlacementPolicyFactory (ContainerPlacementPolicyFactory.java:getPolicyInternal(86)) - Create container placement policy of type org.apache.hadoop.hdds.scm.container.placement.algorithms.SCMContainerPlacementRackAware
2024-03-11 08:32:38,264 [main] INFO  algorithms.ContainerPlacementPolicyFactory (ContainerPlacementPolicyFactory.java:getPolicyInternal(86)) - Create container placement policy of type org.apache.hadoop.hdds.scm.container.placement.algorithms.SCMContainerPlacementRackScatter
2024-03-11 08:32:38,264 [main] INFO  pipeline.PipelineStateManagerImpl (PipelineStateManagerImpl.java:initialize(78)) - No pipeline exists in current db
2024-03-11 08:32:38,265 [main] INFO  algorithms.LeaderChoosePolicyFactory (LeaderChoosePolicyFactory.java:getPolicy(57)) - Create leader choose policy of type org.apache.hadoop.hdds.scm.pipeline.leader.choose.algorithms.MinLeaderCountChoosePolicy
2024-03-11 08:32:38,265 [main] INFO  algorithms.ContainerPlacementPolicyFactory (ContainerPlacementPolicyFactory.java:getPolicyInternal(86)) - Create container placement policy of type org.apache.hadoop.hdds.scm.container.placement.algorithms.SCMContainerPlacementRackScatter
2024-03-11 08:32:38,265 [main] INFO  ha.SCMServiceManager (SCMServiceManager.java:register(42)) - Registering service BackgroundPipelineCreator.
2024-03-11 08:32:38,265 [main] INFO  pipeline.BackgroundPipelineCreator (BackgroundPipelineCreator.java:start(127)) - Starting RatisPipelineUtilsThread.
2024-03-11 08:32:38,265 [main] INFO  BackgroundPipelineScrubber (BackgroundSCMService.java:start(65)) - Starting BackgroundPipelineScrubber Service.
2024-03-11 08:32:38,266 [main] INFO  ha.SCMServiceManager (SCMServiceManager.java:register(42)) - Registering service BackgroundPipelineScrubber.
2024-03-11 08:32:38,266 [main] INFO  ExpiredContainerReplicaOpScrubber (BackgroundSCMService.java:start(65)) - Starting ExpiredContainerReplicaOpScrubber Service.
2024-03-11 08:32:38,266 [main] INFO  ha.SCMServiceManager (SCMServiceManager.java:register(42)) - Registering service ExpiredContainerReplicaOpScrubber.
2024-03-11 08:32:38,267 [main] INFO  algorithms.PipelineChoosePolicyFactory (PipelineChoosePolicyFactory.java:createPipelineChoosePolicyFromClass(80)) - Create pipeline choose policy of type org.apache.hadoop.hdds.scm.pipeline.choose.algorithms.RandomPipelineChoosePolicy
2024-03-11 08:32:38,267 [main] INFO  algorithms.PipelineChoosePolicyFactory (PipelineChoosePolicyFactory.java:createPipelineChoosePolicyFromClass(80)) - Create pipeline choose policy of type org.apache.hadoop.hdds.scm.pipeline.choose.algorithms.RandomPipelineChoosePolicy
2024-03-11 08:32:38,268 [main] INFO  ha.SCMServiceManager (SCMServiceManager.java:register(42)) - Registering service SCMBlockDeletingService.
2024-03-11 08:32:38,268 [main] INFO  replication.ReplicationManager (ReplicationManager.java:start(295)) - Starting Replication Monitor Thread.
2024-03-11 08:32:38,269 [main] INFO  ha.SCMServiceManager (SCMServiceManager.java:register(42)) - Registering service ReplicationManager.
2024-03-11 08:32:38,269 [main] INFO  safemode.ContainerSafeModeRule (ContainerSafeModeRule.java:<init>(91)) - containers with one replica threshold count 0
2024-03-11 08:32:38,270 [main] INFO  safemode.HealthyPipelineSafeModeRule (HealthyPipelineSafeModeRule.java:initializeRule(176)) - Total pipeline count is 0, healthy pipeline threshold count is 1
2024-03-11 08:32:38,270 [main] INFO  safemode.OneReplicaPipelineSafeModeRule (OneReplicaPipelineSafeModeRule.java:initializeRule(193)) - Total pipeline count is 0, pipeline's with at least one datanode reported threshold count is 0
2024-03-11 08:32:38,270 [ReplicationMonitor] INFO  replication.ReplicationManager (ReplicationManager.java:processAll(371)) - Replication Manager is not ready to run until 3000ms after safemode exit
2024-03-11 08:32:38,271 [main] INFO  server.StorageContainerManager (StorageContainerManager.java:<init>(440)) - SCM start with adminUsers: [*, runner]
2024-03-11 08:32:38,271 [main] INFO  ipc.CallQueueManager (CallQueueManager.java:<init>(90)) - Using callQueue: class java.util.concurrent.LinkedBlockingQueue, queueCapacity: 10000, scheduler: class org.apache.hadoop.ipc.DefaultRpcScheduler, ipcBackoff: false.
2024-03-11 08:32:38,271 [main] INFO  ipc.Server (Server.java:<init>(1287)) - Listener at 0.0.0.0:15131
2024-03-11 08:32:38,272 [Socket Reader #1 for port 15131] INFO  ipc.Server (Server.java:run(1323)) - Starting Socket Reader #1 for port 15131
2024-03-11 08:32:38,273 [main] INFO  ipc.CallQueueManager (CallQueueManager.java:<init>(90)) - Using callQueue: class java.util.concurrent.LinkedBlockingQueue, queueCapacity: 10000, scheduler: class org.apache.hadoop.ipc.DefaultRpcScheduler, ipcBackoff: false.
2024-03-11 08:32:38,273 [main] INFO  ipc.Server (Server.java:<init>(1287)) - Listener at 0.0.0.0:15130
2024-03-11 08:32:38,273 [Socket Reader #1 for port 15130] INFO  ipc.Server (Server.java:run(1323)) - Starting Socket Reader #1 for port 15130
2024-03-11 08:32:38,274 [main] INFO  ipc.CallQueueManager (CallQueueManager.java:<init>(90)) - Using callQueue: class java.util.concurrent.LinkedBlockingQueue, queueCapacity: 10000, scheduler: class org.apache.hadoop.ipc.DefaultRpcScheduler, ipcBackoff: false.
2024-03-11 08:32:38,274 [main] INFO  ipc.Server (Server.java:<init>(1287)) - Listener at 0.0.0.0:15129
2024-03-11 08:32:38,274 [Socket Reader #1 for port 15129] INFO  ipc.Server (Server.java:run(1323)) - Starting Socket Reader #1 for port 15129
2024-03-11 08:32:38,276 [main] INFO  ha.SCMServiceManager (SCMServiceManager.java:register(42)) - Registering service ContainerBalancer.
2024-03-11 08:32:38,276 [main] INFO  ha.SCMContext (SCMContext.java:updateSafeModeStatus(225)) - Update SafeModeStatus from SafeModeStatus{safeModeStatus=true, preCheckPassed=false} to SafeModeStatus{safeModeStatus=true, preCheckPassed=false}.
2024-03-11 08:32:38,277 [main] INFO  server.StorageContainerManager (StorageContainerManager.java:start(1545)) - StorageContainerLocationProtocol RPC server is listening at /0.0.0.0:15129
2024-03-11 08:32:38,278 [main] WARN  impl.MetricsConfig (MetricsConfig.java:loadFirst(136)) - Cannot locate configuration: tried hadoop-metrics2-storagecontainermanager.properties,hadoop-metrics2.properties
2024-03-11 08:32:38,278 [main] INFO  impl.MetricsSystemImpl (MetricsSystemImpl.java:startTimer(378)) - Scheduled Metric snapshot period at 10 second(s).
2024-03-11 08:32:38,279 [main] INFO  impl.MetricsSystemImpl (MetricsSystemImpl.java:start(191)) - StorageContainerManager metrics system started
2024-03-11 08:32:38,290 [main] INFO  impl.MetricsSinkAdapter (MetricsSinkAdapter.java:start(204)) - Sink prometheus started
2024-03-11 08:32:38,290 [main] INFO  impl.MetricsSystemImpl (MetricsSystemImpl.java:registerSink(305)) - Registered sink prometheus
2024-03-11 08:32:38,304 [main] INFO  server.SCMClientProtocolServer (SCMClientProtocolServer.java:start(204)) - RPC server for Client  is listening at /0.0.0.0:15129
2024-03-11 08:32:38,304 [IPC Server Responder] INFO  ipc.Server (Server.java:run(1562)) - IPC Server Responder: starting
2024-03-11 08:32:38,305 [IPC Server listener on 15129] INFO  ipc.Server (Server.java:run(1402)) - IPC Server listener on 15129: starting
2024-03-11 08:32:38,310 [main] INFO  server.StorageContainerManager (StorageContainerManager.java:start(1558)) - ScmBlockLocationProtocol RPC server is listening at /0.0.0.0:15130
2024-03-11 08:32:38,310 [main] INFO  server.SCMBlockProtocolServer (SCMBlockProtocolServer.java:start(162)) - RPC server for Block Protocol is listening at /0.0.0.0:15130
2024-03-11 08:32:38,311 [IPC Server Responder] INFO  ipc.Server (Server.java:run(1562)) - IPC Server Responder: starting
2024-03-11 08:32:38,311 [IPC Server listener on 15130] INFO  ipc.Server (Server.java:run(1402)) - IPC Server listener on 15130: starting
2024-03-11 08:32:38,316 [main] INFO  server.SCMDatanodeProtocolServer (SCMDatanodeProtocolServer.java:start(194)) - ScmDatanodeProtocol RPC server for DataNodes is listening at /0.0.0.0:15131
2024-03-11 08:32:38,316 [IPC Server Responder] INFO  ipc.Server (Server.java:run(1562)) - IPC Server Responder: starting
2024-03-11 08:32:38,316 [IPC Server listener on 15131] INFO  ipc.Server (Server.java:run(1402)) - IPC Server listener on 15131: starting
2024-03-11 08:32:38,331 [JvmPauseMonitor39] INFO  util.JvmPauseMonitor (JvmPauseMonitor.java:run(146)) - JvmPauseMonitor-210c1391-96eb-4c38-a5be-fa571a339f5f: Started
2024-03-11 08:32:38,331 [main] INFO  http.BaseHttpServer (BaseHttpServer.java:newHttpServer2BuilderForOzone(223)) - Starting Web-server for scm at: http://0.0.0.0:15132
2024-03-11 08:32:38,331 [main] INFO  http.BaseHttpServer (BaseHttpServer.java:<init>(110)) - Hadoop Security Enabled: false Ozone Security Enabled: false Ozone HTTP Security Enabled: false 
2024-03-11 08:32:38,332 [main] WARN  server.AuthenticationFilter (AuthenticationFilter.java:constructSecretProvider(240)) - Unable to initialize FileSignerSecretProvider, falling back to use random secrets. Reason: Could not read signature secret file: /home/runner/hadoop-http-auth-signature-secret
2024-03-11 08:32:38,333 [main] INFO  http.HttpRequestLog (HttpRequestLog.java:getRequestLog(86)) - Http request log for http.requests.scm is not defined
2024-03-11 08:32:38,333 [main] INFO  http.HttpServer2 (HttpServer2.java:addGlobalFilter(1036)) - Added global filter 'safety' (class=org.apache.hadoop.hdds.server.http.HttpServer2$QuotingInputFilter)
2024-03-11 08:32:38,334 [main] INFO  http.HttpServer2 (HttpServer2.java:addFilter(1012)) - Added filter static_user_filter (class=org.apache.hadoop.http.lib.StaticUserWebFilter$StaticUserFilter) to context scm
2024-03-11 08:32:38,334 [main] INFO  http.HttpServer2 (HttpServer2.java:addFilter(1020)) - Added filter static_user_filter (class=org.apache.hadoop.http.lib.StaticUserWebFilter$StaticUserFilter) to context logs
2024-03-11 08:32:38,334 [main] INFO  http.HttpServer2 (HttpServer2.java:addFilter(1020)) - Added filter static_user_filter (class=org.apache.hadoop.http.lib.StaticUserWebFilter$StaticUserFilter) to context static
2024-03-11 08:32:38,335 [main] INFO  http.BaseHttpServer (BaseHttpServer.java:<init>(189)) - HTTP server of scm uses base directory /home/runner/work/ozone/ozone/hadoop-ozone/integration-test/target/test-dir/MiniOzoneClusterImpl-3b234497-56f6-48e5-9ae2-a9674f906486/ozone-meta/webserver
2024-03-11 08:32:38,335 [main] INFO  http.HttpServer2 (HttpServer2.java:bindListener(1236)) - Jetty bound to port 15132
2024-03-11 08:32:38,335 [main] INFO  server.Server (Server.java:doStart(375)) - jetty-9.4.53.v20231009; built: 2023-10-09T12:29:09.265Z; git: 27bde00a0b95a1d5bbee0eae7984f891d2d0f8c9; jvm 1.8.0_402-b06
2024-03-11 08:32:38,336 [main] INFO  server.session (DefaultSessionIdManager.java:doStart(334)) - DefaultSessionIdManager workerName=node0
2024-03-11 08:32:38,336 [main] INFO  server.session (DefaultSessionIdManager.java:doStart(339)) - No SessionScavenger set, using defaults
2024-03-11 08:32:38,336 [main] INFO  server.session (HouseKeeper.java:startScavenging(132)) - node0 Scavenging every 660000ms
2024-03-11 08:32:38,337 [main] INFO  handler.ContextHandler (ContextHandler.java:doStart(921)) - Started o.e.j.s.ServletContextHandler@13bc8778{logs,/logs,file:///home/runner/work/ozone/ozone/hadoop-ozone/integration-test/target/log,AVAILABLE}
2024-03-11 08:32:38,337 [main] INFO  handler.ContextHandler (ContextHandler.java:doStart(921)) - Started o.e.j.s.ServletContextHandler@471eba89{static,/static,file:///home/runner/work/ozone/ozone/hadoop-ozone/integration-test/target/test-classes/webapps/static,AVAILABLE}
2024-03-11 08:32:38,339 [main] INFO  handler.ContextHandler (ContextHandler.java:doStart(921)) - Started o.e.j.w.WebAppContext@3601530d{scm,/,file:///home/runner/work/ozone/ozone/hadoop-ozone/integration-test/target/test-classes/webapps/scm/,AVAILABLE}{file:/home/runner/work/ozone/ozone/hadoop-ozone/integration-test/target/test-classes/webapps/scm}
2024-03-11 08:32:38,340 [main] INFO  server.AbstractConnector (AbstractConnector.java:doStart(333)) - Started ServerConnector@210ebd4f{HTTP/1.1, (http/1.1)}{0.0.0.0:15132}
2024-03-11 08:32:38,340 [main] INFO  server.Server (Server.java:doStart(415)) - Started @373111ms
2024-03-11 08:32:38,340 [main] WARN  impl.MetricsSystemImpl (MetricsSystemImpl.java:register(279)) - Sink prometheus already exists!
2024-03-11 08:32:38,341 [main] INFO  http.BaseHttpServer (BaseHttpServer.java:updateConnectorAddress(354)) - HTTP server of scm listening at http://0.0.0.0:15132
2024-03-11 08:32:38,342 [main] INFO  ha.OMHANodeDetails (OMHANodeDetails.java:loadOMHAConfig(121)) - ServiceID for OzoneManager is om-service-test1
2024-03-11 08:32:38,343 [main] INFO  ha.OMHANodeDetails (OMHANodeDetails.java:loadOMHAConfig(201)) - Found matching OM address with OMServiceId: om-service-test1, OMNodeId: omNode-1, RPC Address: localhost:15133 and Ratis port: 15136
2024-03-11 08:32:38,343 [main] INFO  ha.OMHANodeDetails (ConfUtils.java:setNodeSpecificConfigs(97)) - Setting configuration key ozone.om.http-address with value of key ozone.om.http-address.om-service-test1.omNode-1: 127.0.0.1:15134
2024-03-11 08:32:38,343 [main] INFO  ha.OMHANodeDetails (ConfUtils.java:setNodeSpecificConfigs(97)) - Setting configuration key ozone.om.https-address with value of key ozone.om.https-address.om-service-test1.omNode-1: 127.0.0.1:15135
2024-03-11 08:32:38,343 [main] INFO  ha.OMHANodeDetails (ConfUtils.java:setNodeSpecificConfigs(97)) - Setting configuration key ozone.om.address with value of key ozone.om.address.om-service-test1.omNode-1: 127.0.0.1:15133
2024-03-11 08:32:38,343 [main] WARN  server.ServerUtils (ServerUtils.java:getDBPath(299)) - ozone.om.db.dirs is not configured. We recommend adding this setting. Falling back to ozone.metadata.dirs instead.
2024-03-11 08:32:38,344 [main] INFO  proxy.SCMBlockLocationFailoverProxyProvider (SCMBlockLocationFailoverProxyProvider.java:<init>(115)) - Created block location fail-over proxy with 1 nodes: [nodeId=scmNodeId,nodeAddress=/0.0.0.0:15130]
OM initialization succeeded.Current cluster id for sd=/home/runner/work/ozone/ozone/hadoop-ozone/integration-test/target/test-dir/MiniOzoneClusterImpl-3b234497-56f6-48e5-9ae2-a9674f906486/omNode-1/om;cid=3b234497-56f6-48e5-9ae2-a9674f906486;layoutVersion=6
2024-03-11 08:32:38,351 [main] INFO  ha.OMHANodeDetails (OMHANodeDetails.java:loadOMHAConfig(121)) - ServiceID for OzoneManager is om-service-test1
2024-03-11 08:32:38,351 [main] INFO  ha.OMHANodeDetails (OMHANodeDetails.java:loadOMHAConfig(201)) - Found matching OM address with OMServiceId: om-service-test1, OMNodeId: omNode-1, RPC Address: localhost:15133 and Ratis port: 15136
2024-03-11 08:32:38,351 [main] INFO  ha.OMHANodeDetails (ConfUtils.java:setNodeSpecificConfigs(97)) - Setting configuration key ozone.om.http-address with value of key ozone.om.http-address.om-service-test1.omNode-1: 127.0.0.1:15134
2024-03-11 08:32:38,351 [main] INFO  ha.OMHANodeDetails (ConfUtils.java:setNodeSpecificConfigs(97)) - Setting configuration key ozone.om.https-address with value of key ozone.om.https-address.om-service-test1.omNode-1: 127.0.0.1:15135
2024-03-11 08:32:38,352 [main] INFO  ha.OMHANodeDetails (ConfUtils.java:setNodeSpecificConfigs(97)) - Setting configuration key ozone.om.address with value of key ozone.om.address.om-service-test1.omNode-1: 127.0.0.1:15133
2024-03-11 08:32:38,352 [main] WARN  server.ServerUtils (ServerUtils.java:getDBPath(299)) - ozone.om.db.dirs is not configured. We recommend adding this setting. Falling back to ozone.metadata.dirs instead.
2024-03-11 08:32:38,353 [main] INFO  upgrade.AbstractLayoutVersionManager (AbstractLayoutVersionManager.java:init(83)) - Initializing Layout version manager with metadata layout = QUOTA (version = 6), software layout = QUOTA (version = 6)
2024-03-11 08:32:38,392 [main] INFO  upgrade.OMLayoutVersionManager (OMLayoutVersionManager.java:lambda$0(113)) - Skipping Upgrade Action QuotaRepairUpgradeAction since it has been finalized.
2024-03-11 08:32:38,392 [main] INFO  upgrade.OMLayoutVersionManager (OMLayoutVersionManager.java:lambda$0(113)) - Skipping Upgrade Action MockOmUpgradeAction since it has been finalized.
2024-03-11 08:32:38,393 [main] WARN  server.ServerUtils (ServerUtils.java:getDBPath(299)) - ozone.om.db.dirs is not configured. We recommend adding this setting. Falling back to ozone.metadata.dirs instead.
2024-03-11 08:32:38,393 [main] INFO  proxy.SCMBlockLocationFailoverProxyProvider (SCMBlockLocationFailoverProxyProvider.java:<init>(115)) - Created block location fail-over proxy with 1 nodes: [nodeId=scmNodeId,nodeAddress=/0.0.0.0:15130]
2024-03-11 08:32:38,394 [main] INFO  proxy.SCMBlockLocationFailoverProxyProvider (SCMBlockLocationFailoverProxyProvider.java:<init>(115)) - Created block location fail-over proxy with 1 nodes: [nodeId=scmNodeId,nodeAddress=/0.0.0.0:15130]
2024-03-11 08:32:38,398 [main] INFO  om.OzoneManager (OzoneManager.java:<init>(679)) - OM start with adminUsers: [*, runner]
2024-03-11 08:32:38,399 [main] WARN  server.ServerUtils (ServerUtils.java:getDBPath(299)) - ozone.om.db.dirs is not configured. We recommend adding this setting. Falling back to ozone.metadata.dirs instead.
2024-03-11 08:32:38,399 [main] INFO  helpers.OmKeyInfo (OmKeyInfo.java:getCodec(71)) - OmKeyInfo.getCodec ignorePipeline = true
2024-03-11 08:32:38,560 [main] INFO  om.OzoneManager (OzoneManager.java:instantiateServices(811)) - S3 Multi-Tenancy is disabled
2024-03-11 08:32:38,561 [main] INFO  om.OmSnapshotManager (OmSnapshotManager.java:<init>(177)) - Ozone filesystem snapshot feature is enabled.
2024-03-11 08:32:38,561 [main] WARN  server.ServerUtils (ServerUtils.java:getDBPath(299)) - ozone.om.snapshot.diff.db.dir is not configured. We recommend adding this setting. Falling back to ozone.metadata.dirs instead.
2024-03-11 08:32:38,579 [main] INFO  utils.NativeLibraryLoader (NativeLibraryLoader.java:loadLibrary(108)) - Loading Library: ozone_rocksdb_tools
2024-03-11 08:32:38,579 [main] ERROR snapshot.SnapshotDiffManager (SnapshotDiffManager.java:initNativeLibraryForEfficientDiff(287)) - Native Library for raw sst file reading loading failed.
org.apache.hadoop.hdds.utils.NativeLibraryNotLoadedException: Unable to load library ozone_rocksdb_tools from both java.library.path & resource file libozone_rocksdb_tools.so from jar.
	at org.apache.hadoop.hdds.utils.db.managed.ManagedRawSSTFileReader.loadLibrary(ManagedRawSSTFileReader.java:38)
	at org.apache.hadoop.ozone.om.snapshot.SnapshotDiffManager.initNativeLibraryForEfficientDiff(SnapshotDiffManager.java:285)
	at org.apache.hadoop.ozone.om.snapshot.SnapshotDiffManager.<init>(SnapshotDiffManager.java:259)
	at org.apache.hadoop.ozone.om.OmSnapshotManager.<init>(OmSnapshotManager.java:279)
	at org.apache.hadoop.ozone.om.OzoneManager.instantiateServices(OzoneManager.java:863)
	at org.apache.hadoop.ozone.om.OzoneManager.<init>(OzoneManager.java:689)
	at org.apache.hadoop.ozone.om.OzoneManager.createOm(OzoneManager.java:774)
	at org.apache.hadoop.ozone.MiniOzoneHAClusterImpl$Builder.createOMService(MiniOzoneHAClusterImpl.java:509)
	at org.apache.hadoop.ozone.MiniOzoneHAClusterImpl$Builder.build(MiniOzoneHAClusterImpl.java:425)
	at org.apache.hadoop.ozone.om.TestOzoneManagerHA.init(TestOzoneManagerHA.java:182)
	at sun.reflect.NativeMethodAccessorImpl.invoke0(Native Method)
	at sun.reflect.NativeMethodAccessorImpl.invoke(NativeMethodAccessorImpl.java:62)
	at sun.reflect.DelegatingMethodAccessorImpl.invoke(DelegatingMethodAccessorImpl.java:43)
	at java.lang.reflect.Method.invoke(Method.java:498)
	at org.junit.platform.commons.util.ReflectionUtils.invokeMethod(ReflectionUtils.java:728)
	at org.junit.jupiter.engine.execution.MethodInvocation.proceed(MethodInvocation.java:60)
	at org.junit.jupiter.engine.execution.InvocationInterceptorChain$ValidatingInvocation.proceed(InvocationInterceptorChain.java:131)
	at org.junit.jupiter.engine.extension.TimeoutExtension.intercept(TimeoutExtension.java:156)
	at org.junit.jupiter.engine.extension.TimeoutExtension.interceptLifecycleMethod(TimeoutExtension.java:128)
	at org.junit.jupiter.engine.extension.TimeoutExtension.interceptBeforeAllMethod(TimeoutExtension.java:70)
	at org.junit.jupiter.engine.execution.InterceptingExecutableInvoker$ReflectiveInterceptorCall.lambda$ofVoidMethod$0(InterceptingExecutableInvoker.java:103)
	at org.junit.jupiter.engine.execution.InterceptingExecutableInvoker.lambda$invoke$0(InterceptingExecutableInvoker.java:93)
	at org.junit.jupiter.engine.execution.InvocationInterceptorChain$InterceptedInvocation.proceed(InvocationInterceptorChain.java:106)
	at org.junit.jupiter.engine.execution.InvocationInterceptorChain.proceed(InvocationInterceptorChain.java:64)
	at org.junit.jupiter.engine.execution.InvocationInterceptorChain.chainAndInvoke(InvocationInterceptorChain.java:45)
	at org.junit.jupiter.engine.execution.InvocationInterceptorChain.invoke(InvocationInterceptorChain.java:37)
	at org.junit.jupiter.engine.execution.InterceptingExecutableInvoker.invoke(InterceptingExecutableInvoker.java:92)
	at org.junit.jupiter.engine.execution.InterceptingExecutableInvoker.invoke(InterceptingExecutableInvoker.java:86)
	at org.junit.jupiter.engine.descriptor.ClassBasedTestDescriptor.lambda$invokeBeforeAllMethods$13(ClassBasedTestDescriptor.java:412)
	at org.junit.platform.engine.support.hierarchical.ThrowableCollector.execute(ThrowableCollector.java:73)
	at org.junit.jupiter.engine.descriptor.ClassBasedTestDescriptor.invokeBeforeAllMethods(ClassBasedTestDescriptor.java:410)
	at org.junit.jupiter.engine.descriptor.ClassBasedTestDescriptor.before(ClassBasedTestDescriptor.java:216)
	at org.junit.jupiter.engine.descriptor.ClassBasedTestDescriptor.before(ClassBasedTestDescriptor.java:85)
	at org.junit.platform.engine.support.hierarchical.NodeTestTask.lambda$executeRecursively$6(NodeTestTask.java:148)
	at org.junit.platform.engine.support.hierarchical.ThrowableCollector.execute(ThrowableCollector.java:73)
	at org.junit.platform.engine.support.hierarchical.NodeTestTask.lambda$executeRecursively$8(NodeTestTask.java:141)
	at org.junit.platform.engine.support.hierarchical.Node.around(Node.java:137)
	at org.junit.platform.engine.support.hierarchical.NodeTestTask.lambda$executeRecursively$9(NodeTestTask.java:139)
	at org.junit.platform.engine.support.hierarchical.ThrowableCollector.execute(ThrowableCollector.java:73)
	at org.junit.platform.engine.support.hierarchical.NodeTestTask.executeRecursively(NodeTestTask.java:138)
	at org.junit.platform.engine.support.hierarchical.NodeTestTask.execute(NodeTestTask.java:95)
	at java.util.ArrayList.forEach(ArrayList.java:1259)
	at org.junit.platform.engine.support.hierarchical.SameThreadHierarchicalTestExecutorService.invokeAll(SameThreadHierarchicalTestExecutorService.java:41)
	at org.junit.platform.engine.support.hierarchical.NodeTestTask.lambda$executeRecursively$6(NodeTestTask.java:155)
	at org.junit.platform.engine.support.hierarchical.ThrowableCollector.execute(ThrowableCollector.java:73)
	at org.junit.platform.engine.support.hierarchical.NodeTestTask.lambda$executeRecursively$8(NodeTestTask.java:141)
	at org.junit.platform.engine.support.hierarchical.Node.around(Node.java:137)
	at org.junit.platform.engine.support.hierarchical.NodeTestTask.lambda$executeRecursively$9(NodeTestTask.java:139)
	at org.junit.platform.engine.support.hierarchical.ThrowableCollector.execute(ThrowableCollector.java:73)
	at org.junit.platform.engine.support.hierarchical.NodeTestTask.executeRecursively(NodeTestTask.java:138)
	at org.junit.platform.engine.support.hierarchical.NodeTestTask.execute(NodeTestTask.java:95)
	at org.junit.platform.engine.support.hierarchical.SameThreadHierarchicalTestExecutorService.submit(SameThreadHierarchicalTestExecutorService.java:35)
	at org.junit.platform.engine.support.hierarchical.HierarchicalTestExecutor.execute(HierarchicalTestExecutor.java:57)
	at org.junit.platform.engine.support.hierarchical.HierarchicalTestEngine.execute(HierarchicalTestEngine.java:54)
	at org.junit.platform.launcher.core.EngineExecutionOrchestrator.execute(EngineExecutionOrchestrator.java:198)
	at org.junit.platform.launcher.core.EngineExecutionOrchestrator.execute(EngineExecutionOrchestrator.java:169)
	at org.junit.platform.launcher.core.EngineExecutionOrchestrator.execute(EngineExecutionOrchestrator.java:93)
	at org.junit.platform.launcher.core.EngineExecutionOrchestrator.lambda$execute$0(EngineExecutionOrchestrator.java:58)
	at org.junit.platform.launcher.core.EngineExecutionOrchestrator.withInterceptedStreams(EngineExecutionOrchestrator.java:141)
	at org.junit.platform.launcher.core.EngineExecutionOrchestrator.execute(EngineExecutionOrchestrator.java:57)
	at org.junit.platform.launcher.core.DefaultLauncher.execute(DefaultLauncher.java:103)
	at org.junit.platform.launcher.core.DefaultLauncher.execute(DefaultLauncher.java:85)
	at org.junit.platform.launcher.core.DelegatingLauncher.execute(DelegatingLauncher.java:47)
	at org.junit.platform.launcher.core.SessionPerRequestLauncher.execute(SessionPerRequestLauncher.java:63)
	at org.apache.maven.surefire.junitplatform.JUnitPlatformProvider.invokeAllTests(JUnitPlatformProvider.java:165)
	at org.apache.maven.surefire.junitplatform.JUnitPlatformProvider.invoke(JUnitPlatformProvider.java:124)
	at org.apache.maven.surefire.booter.ForkedBooter.runSuitesInProcess(ForkedBooter.java:428)
	at org.apache.maven.surefire.booter.ForkedBooter.execute(ForkedBooter.java:162)
	at org.apache.maven.surefire.booter.ForkedBooter.run(ForkedBooter.java:562)
	at org.apache.maven.surefire.booter.ForkedBooter.main(ForkedBooter.java:548)
2024-03-11 08:32:38,596 [main] INFO  om.OzoneManager (OzoneManager.java:addS3GVolumeToDB(4468)) - Created Volume s3v With Owner runner required for S3Gateway operations.
2024-03-11 08:32:38,596 [main] WARN  server.ServerUtils (ServerUtils.java:getDefaultRatisDirectory(311)) - Storage directory for Ratis is not configured. It is a good idea to map this to an SSD disk. Falling back to ozone.metadata.dirs
2024-03-11 08:32:38,596 [main] WARN  utils.OzoneManagerRatisUtils (OzoneManagerRatisUtils.java:getOMRatisSnapshotDirectory(476)) - ozone.om.ratis.snapshot.dir is not configured. Falling back to ozone.metadata.dirs config
2024-03-11 08:32:38,597 [main] INFO  utils.RDBSnapshotProvider (RDBSnapshotProvider.java:init(87)) - Cleaning up the candidate dir: /home/runner/work/ozone/ozone/hadoop-ozone/integration-test/target/test-dir/MiniOzoneClusterImpl-3b234497-56f6-48e5-9ae2-a9674f906486/omNode-1/snapshot/om.db.candidate
2024-03-11 08:32:38,597 [main] INFO  ratis_snapshot.OmRatisSnapshotProvider (OmRatisSnapshotProvider.java:<init>(99)) - Initializing OM Snapshot Provider
2024-03-11 08:32:38,598 [main] WARN  server.ServerUtils (ServerUtils.java:getDefaultRatisDirectory(311)) - Storage directory for Ratis is not configured. It is a good idea to map this to an SSD disk. Falling back to ozone.metadata.dirs
2024-03-11 08:32:38,599 [main] INFO  ratis.OzoneManagerRatisServer (OzoneManagerRatisServer.java:<init>(167)) - Instantiating OM Ratis server with groupID: om-service-test1 and peers: localhost:15136, localhost:15144, localhost:15140
2024-03-11 08:32:38,599 [main] INFO  ratis.OzoneManagerStateMachine (OzoneManagerStateMachine.java:loadSnapshotInfoFromDB(575)) - TransactionInfo not found in OM DB.
2024-03-11 08:32:38,599 [main] INFO  server.RaftServer (ConfUtils.java:logGet(46)) - raft.rpc.type = GRPC (default)
2024-03-11 08:32:38,599 [main] INFO  grpc.GrpcConfigKeys (ConfUtils.java:logFallback(53)) - raft.grpc.admin.host = null (fallback to raft.grpc.server.host)
2024-03-11 08:32:38,600 [main] INFO  grpc.GrpcConfigKeys (ConfUtils.java:logFallback(53)) - raft.grpc.admin.port = 15136 (fallback to raft.grpc.server.port)
2024-03-11 08:32:38,600 [main] INFO  grpc.GrpcConfigKeys (ConfUtils.java:logFallback(53)) - raft.grpc.client.host = null (fallback to raft.grpc.server.host)
2024-03-11 08:32:38,600 [main] INFO  grpc.GrpcConfigKeys (ConfUtils.java:logFallback(53)) - raft.grpc.client.port = 15136 (fallback to raft.grpc.server.port)
2024-03-11 08:32:38,600 [main] INFO  grpc.GrpcConfigKeys (ConfUtils.java:logGet(46)) - raft.grpc.server.host = null (default)
2024-03-11 08:32:38,600 [main] INFO  grpc.GrpcConfigKeys (ConfUtils.java:logGet(46)) - raft.grpc.server.port = 15136 (custom)
2024-03-11 08:32:38,600 [main] INFO  server.GrpcService (ConfUtils.java:logGet(46)) - raft.grpc.message.size.max = 4194304 (custom)
2024-03-11 08:32:38,600 [main] INFO  server.RaftServerConfigKeys (ConfUtils.java:logGet(46)) - raft.server.log.appender.buffer.byte-limit = 4194304 (custom)
2024-03-11 08:32:38,600 [main] INFO  server.GrpcService (ConfUtils.java:logGet(46)) - raft.grpc.flow.control.window = 1MB (=1048576) (default)
2024-03-11 08:32:38,601 [main] INFO  server.RaftServerConfigKeys (ConfUtils.java:logGet(46)) - raft.server.rpc.request.timeout = 3000ms (default)
2024-03-11 08:32:38,601 [main] INFO  grpc.GrpcConfigKeys (ConfUtils.java:logGet(46)) - raft.grpc.server.heartbeat.channel = true (default)
2024-03-11 08:32:38,601 [main] INFO  grpc.GrpcConfigKeys (ConfUtils.java:logGet(46)) - raft.grpc.server.async.request.thread.pool.cached = true (default)
2024-03-11 08:32:38,601 [main] INFO  grpc.GrpcConfigKeys (ConfUtils.java:logGet(46)) - raft.grpc.server.async.request.thread.pool.size = 32 (default)
2024-03-11 08:32:38,602 [main] INFO  impl.DataStreamServerImpl (ConfUtils.java:logGet(46)) - raft.datastream.type = DISABLED (default)
2024-03-11 08:32:38,602 [main] INFO  server.RaftServerConfigKeys (ConfUtils.java:logGet(46)) - raft.server.sleep.deviation.threshold = 300ms (default)
2024-03-11 08:32:38,602 [main] INFO  server.RaftServerConfigKeys (ConfUtils.java:logGet(46)) - raft.server.close.threshold = 60s (default)
2024-03-11 08:32:38,602 [main] INFO  server.RaftServerConfigKeys (ConfUtils.java:logGet(46)) - raft.server.leaderelection.leader.step-down.wait-time = 10s (default)
2024-03-11 08:32:38,603 [main] INFO  server.RaftServerConfigKeys (ConfUtils.java:logGet(46)) - raft.server.storage.dir = [/home/runner/work/ozone/ozone/hadoop-ozone/integration-test/target/test-dir/MiniOzoneClusterImpl-3b234497-56f6-48e5-9ae2-a9674f906486/omNode-1/ratis] (custom)
2024-03-11 08:32:38,603 [main] INFO  server.RaftServerConfigKeys (ConfUtils.java:logGet(46)) - raft.server.threadpool.proxy.cached = true (default)
2024-03-11 08:32:38,603 [main] INFO  server.RaftServerConfigKeys (ConfUtils.java:logGet(46)) - raft.server.threadpool.proxy.size = 0 (default)
2024-03-11 08:32:38,603 [main] INFO  server.RaftServer (RaftServerProxy.java:addNew(100)) - omNode-1: addNew group-523986131536:[omNode-3|localhost:15144, omNode-1|localhost:15136, omNode-2|localhost:15140] returns group-523986131536:java.util.concurrent.CompletableFuture@2ebb0d1[Not completed]
2024-03-11 08:32:38,603 [omNode-1-groupManagement] INFO  server.RaftServer$Division (RaftServerImpl.java:<init>(256)) - omNode-1: new RaftServerImpl for group-523986131536:[omNode-3|localhost:15144, omNode-1|localhost:15136, omNode-2|localhost:15140] with OzoneManagerStateMachine:uninitialized
2024-03-11 08:32:38,603 [main] INFO  om.OzoneManager (OzoneManager.java:initializeRatisServer(2177)) - OzoneManager Ratis server initialized at port 15136
2024-03-11 08:32:38,603 [omNode-1-groupManagement] INFO  server.RaftServerConfigKeys (ConfUtils.java:logGet(46)) - raft.server.rpc.timeout.min = 1s (custom)
2024-03-11 08:32:38,604 [main] INFO  om.OzoneManager (OzoneManager.java:getRpcServer(1231)) - Creating RPC Server
2024-03-11 08:32:38,604 [omNode-1-groupManagement] INFO  server.RaftServerConfigKeys (ConfUtils.java:logGet(46)) - raft.server.rpc.timeout.max = 1200ms (custom)
2024-03-11 08:32:38,604 [omNode-1-groupManagement] INFO  server.RaftServerConfigKeys (ConfUtils.java:logGet(46)) - raft.server.rpc.sleep.time = 25ms (default)
2024-03-11 08:32:38,604 [omNode-1-groupManagement] INFO  server.RaftServerConfigKeys (ConfUtils.java:logGet(46)) - raft.server.rpc.slowness.timeout = 2s (custom)
2024-03-11 08:32:38,604 [omNode-1-groupManagement] INFO  server.RaftServerConfigKeys (ConfUtils.java:logGet(46)) - raft.server.leaderelection.leader.step-down.wait-time = 10s (default)
2024-03-11 08:32:38,604 [omNode-1-groupManagement] INFO  server.RaftServerConfigKeys (ConfUtils.java:logGet(46)) - raft.server.leaderelection.member.majority-add = false (default)
2024-03-11 08:32:38,604 [omNode-1-groupManagement] INFO  server.RaftServerConfigKeys (ConfUtils.java:logGet(46)) - raft.server.sleep.deviation.threshold = 300ms (default)
2024-03-11 08:32:38,604 [omNode-1-groupManagement] INFO  server.RaftServer$Division (ServerState.java:<init>(113)) - omNode-1@group-523986131536: ConfigurationManager, init=-1: peers:[omNode-3|localhost:15144, omNode-1|localhost:15136, omNode-2|localhost:15140]|listeners:[], old=null, confs=<EMPTY_MAP>
2024-03-11 08:32:38,604 [omNode-1-groupManagement] INFO  server.RaftServerConfigKeys (ConfUtils.java:logGet(46)) - raft.server.notification.no-leader.timeout = 2s (custom)
2024-03-11 08:32:38,604 [omNode-1-groupManagement] INFO  server.RaftServerConfigKeys (ConfUtils.java:logGet(46)) - raft.server.read.timeout = 10s (default)
2024-03-11 08:32:38,604 [omNode-1-groupManagement] INFO  server.RaftServerConfigKeys (ConfUtils.java:logGet(46)) - raft.server.retrycache.expirytime = 30000ms (custom)
2024-03-11 08:32:38,604 [omNode-1-groupManagement] INFO  server.RaftServerConfigKeys (ConfUtils.java:logGet(46)) - raft.server.retrycache.statistics.expirytime = 100ms (default)
2024-03-11 08:32:38,604 [omNode-1-groupManagement] INFO  server.RaftServerConfigKeys (ConfUtils.java:logGet(46)) - raft.server.read.option = DEFAULT (default)
2024-03-11 08:32:38,605 [omNode-1-groupManagement] INFO  server.RaftServerConfigKeys (ConfUtils.java:logGet(46)) - raft.server.read.read-after-write-consistent.write-index-cache.expiry-time = 60s (default)
2024-03-11 08:32:38,605 [omNode-1-groupManagement] INFO  server.RaftServerConfigKeys (ConfUtils.java:logGet(46)) - raft.server.rpc.request.timeout = 3000ms (default)
2024-03-11 08:32:38,606 [omNode-1-groupManagement] INFO  server.RaftServerConfigKeys (ConfUtils.java:logGet(46)) - raft.server.log.appender.install.snapshot.enabled = false (custom)
2024-03-11 08:32:38,606 [omNode-1-groupManagement] INFO  server.RaftServerConfigKeys (ConfUtils.java:logGet(46)) - raft.server.threadpool.server.cached = true (default)
2024-03-11 08:32:38,606 [omNode-1-groupManagement] INFO  server.RaftServerConfigKeys (ConfUtils.java:logGet(46)) - raft.server.threadpool.server.size = 0 (default)
2024-03-11 08:32:38,606 [omNode-1-groupManagement] INFO  server.RaftServerConfigKeys (ConfUtils.java:logGet(46)) - raft.server.threadpool.client.cached = true (default)
2024-03-11 08:32:38,606 [omNode-1-groupManagement] INFO  server.RaftServerConfigKeys (ConfUtils.java:logGet(46)) - raft.server.threadpool.client.size = 0 (default)
2024-03-11 08:32:38,778 [main] INFO  ipc.CallQueueManager (CallQueueManager.java:<init>(90)) - Using callQueue: class java.util.concurrent.LinkedBlockingQueue, queueCapacity: 2000, scheduler: class org.apache.hadoop.ipc.DefaultRpcScheduler, ipcBackoff: false.
2024-03-11 08:32:38,778 [main] INFO  ipc.Server (Server.java:<init>(1287)) - Listener at 127.0.0.1:15133
2024-03-11 08:32:38,779 [Socket Reader #1 for port 15133] INFO  ipc.Server (Server.java:run(1323)) - Starting Socket Reader #1 for port 15133
2024-03-11 08:32:38,792 [main] INFO  impl.MetricsSystemImpl (MetricsSystemImpl.java:init(158)) - OzoneManager metrics system started (again)
2024-03-11 08:32:38,799 [main] INFO  om.OzoneManager (OzoneManager.java:start(1653)) - OzoneManager RPC server is listening at localhost/127.0.0.1:15133
2024-03-11 08:32:38,799 [main] INFO  ratis.OzoneManagerRatisServer (OzoneManagerRatisServer.java:start(588)) - Starting OzoneManagerRatisServer omNode-1 at port 15136
2024-03-11 08:32:38,799 [omNode-1-impl-thread1] INFO  server.RaftServerConfigKeys (ConfUtils.java:logGet(46)) - raft.server.storage.free-space.min = 0MB (=0) (default)
2024-03-11 08:32:38,799 [omNode-1-impl-thread1] INFO  server.RaftServerConfigKeys (ConfUtils.java:logGet(46)) - raft.server.log.corruption.policy = EXCEPTION (default)
2024-03-11 08:32:38,799 [omNode-1-impl-thread1] INFO  server.RaftServerConfigKeys (ConfUtils.java:logGet(46)) - raft.server.storage.dir = [/home/runner/work/ozone/ozone/hadoop-ozone/integration-test/target/test-dir/MiniOzoneClusterImpl-3b234497-56f6-48e5-9ae2-a9674f906486/omNode-1/ratis] (custom)
2024-03-11 08:32:38,800 [omNode-1-impl-thread1] INFO  storage.RaftStorageDirectory (RaftStorageDirectoryImpl.java:analyzeStorage(138)) - The storage directory /home/runner/work/ozone/ozone/hadoop-ozone/integration-test/target/test-dir/MiniOzoneClusterImpl-3b234497-56f6-48e5-9ae2-a9674f906486/omNode-1/ratis/c9bc4cf4-3bc3-3c60-a66b-523986131536 does not exist. Creating ...
2024-03-11 08:32:38,801 [omNode-1-impl-thread1] INFO  storage.RaftStorageDirectory (RaftStorageDirectoryImpl.java:tryLock(228)) - Lock on /home/runner/work/ozone/ozone/hadoop-ozone/integration-test/target/test-dir/MiniOzoneClusterImpl-3b234497-56f6-48e5-9ae2-a9674f906486/omNode-1/ratis/c9bc4cf4-3bc3-3c60-a66b-523986131536/in_use.lock acquired by nodename 48108@fv-az1250-130
2024-03-11 08:32:38,802 [omNode-1-impl-thread1] INFO  storage.RaftStorage (RaftStorageImpl.java:format(99)) - Storage directory /home/runner/work/ozone/ozone/hadoop-ozone/integration-test/target/test-dir/MiniOzoneClusterImpl-3b234497-56f6-48e5-9ae2-a9674f906486/omNode-1/ratis/c9bc4cf4-3bc3-3c60-a66b-523986131536 has been successfully formatted.
2024-03-11 08:32:38,802 [omNode-1-impl-thread1] WARN  util.FileUtils (LogUtils.java:supplyAndLog(63)) - Failed to Files.newInputStream /home/runner/work/ozone/ozone/hadoop-ozone/integration-test/target/test-dir/MiniOzoneClusterImpl-3b234497-56f6-48e5-9ae2-a9674f906486/omNode-1/ratis/c9bc4cf4-3bc3-3c60-a66b-523986131536/current/raft-meta.conf with options []: java.nio.file.NoSuchFileException: /home/runner/work/ozone/ozone/hadoop-ozone/integration-test/target/test-dir/MiniOzoneClusterImpl-3b234497-56f6-48e5-9ae2-a9674f906486/omNode-1/ratis/c9bc4cf4-3bc3-3c60-a66b-523986131536/current/raft-meta.conf
2024-03-11 08:32:38,802 [omNode-1-impl-thread1] INFO  server.RaftServerConfigKeys (ConfUtils.java:logGet(46)) - raft.server.log.use.memory = false (default)
2024-03-11 08:32:38,803 [omNode-1-impl-thread1] INFO  server.RaftServerConfigKeys (ConfUtils.java:logGet(46)) - raft.server.log.purge.gap = 50 (custom)
2024-03-11 08:32:38,803 [omNode-1-impl-thread1] INFO  server.RaftServerConfigKeys (ConfUtils.java:logGet(46)) - raft.server.log.appender.buffer.byte-limit = 4194304 (custom)
2024-03-11 08:32:38,803 [omNode-1-impl-thread1] INFO  server.RaftServerConfigKeys (ConfUtils.java:logGet(46)) - raft.server.log.statemachine.data.read.timeout = 1000ms (default)
2024-03-11 08:32:38,803 [omNode-1-impl-thread1] INFO  server.RaftServerConfigKeys (ConfUtils.java:logGet(46)) - raft.server.log.purge.preservation.log.num = 0 (default)
2024-03-11 08:32:38,803 [omNode-1-impl-thread1] INFO  server.RaftServerConfigKeys (ConfUtils.java:logGet(46)) - raft.server.log.segment.size.max = 4194304 (custom)
2024-03-11 08:32:38,803 [omNode-1-impl-thread1] INFO  server.RaftServerConfigKeys (ConfUtils.java:logGet(46)) - raft.server.log.segment.cache.num.max = 2 (custom)
2024-03-11 08:32:38,803 [omNode-1-impl-thread1] INFO  server.RaftServerConfigKeys (ConfUtils.java:logGet(46)) - raft.server.log.segment.cache.size.max = 200MB (=209715200) (default)
2024-03-11 08:32:38,803 [omNode-1-impl-thread1] INFO  server.RaftServerConfigKeys (ConfUtils.java:logGet(46)) - raft.server.log.appender.buffer.byte-limit = 4194304 (custom)
2024-03-11 08:32:38,804 [omNode-1-impl-thread1] INFO  util.AwaitToRun (AwaitToRun.java:start(81)) - Thread[omNode-1@group-523986131536-cacheEviction-AwaitToRun,5,main] started
2024-03-11 08:32:38,804 [omNode-1-impl-thread1] INFO  segmented.SegmentedRaftLogWorker (SegmentedRaftLogWorker.java:<init>(182)) - new omNode-1@group-523986131536-SegmentedRaftLogWorker for RaftStorageImpl:Storage Directory /home/runner/work/ozone/ozone/hadoop-ozone/integration-test/target/test-dir/MiniOzoneClusterImpl-3b234497-56f6-48e5-9ae2-a9674f906486/omNode-1/ratis/c9bc4cf4-3bc3-3c60-a66b-523986131536
2024-03-11 08:32:38,804 [omNode-1-impl-thread1] INFO  server.RaftServerConfigKeys (ConfUtils.java:logGet(46)) - raft.server.log.queue.byte-limit = 64MB (=67108864) (default)
2024-03-11 08:32:38,804 [omNode-1-impl-thread1] INFO  server.RaftServerConfigKeys (ConfUtils.java:logGet(46)) - raft.server.log.queue.element-limit = 4096 (default)
2024-03-11 08:32:38,804 [omNode-1-impl-thread1] INFO  server.RaftServerConfigKeys (ConfUtils.java:logGet(46)) - raft.server.log.segment.size.max = 4194304 (custom)
2024-03-11 08:32:38,804 [omNode-1-impl-thread1] INFO  server.RaftServerConfigKeys (ConfUtils.java:logGet(46)) - raft.server.log.preallocated.size = 4194304 (custom)
2024-03-11 08:32:38,804 [omNode-1-impl-thread1] INFO  server.RaftServerConfigKeys (ConfUtils.java:logGet(46)) - raft.server.log.force.sync.num = 128 (default)
2024-03-11 08:32:38,804 [omNode-1-impl-thread1] INFO  server.RaftServerConfigKeys (ConfUtils.java:logGet(46)) - raft.server.log.statemachine.data.sync = true (default)
2024-03-11 08:32:38,804 [omNode-1-impl-thread1] INFO  server.RaftServerConfigKeys (ConfUtils.java:logGet(46)) - raft.server.log.statemachine.data.sync.timeout = 10s (default)
2024-03-11 08:32:38,804 [omNode-1-impl-thread1] INFO  server.RaftServerConfigKeys (ConfUtils.java:logGet(46)) - raft.server.log.statemachine.data.sync.timeout.retry = -1 (default)
2024-03-11 08:32:38,804 [omNode-1-impl-thread1] INFO  server.RaftServerConfigKeys (ConfUtils.java:logGet(46)) - raft.server.log.write.buffer.size = 4194312 (custom)
2024-03-11 08:32:38,805 [omNode-1-impl-thread1] INFO  server.RaftServerConfigKeys (ConfUtils.java:logGet(46)) - raft.server.log.appender.buffer.byte-limit = 4194304 (custom)
2024-03-11 08:32:38,805 [omNode-1-impl-thread1] INFO  server.RaftServerConfigKeys (ConfUtils.java:logGet(46)) - raft.server.log.unsafe-flush.enabled = false (default)
2024-03-11 08:32:38,805 [omNode-1-impl-thread1] INFO  server.RaftServerConfigKeys (ConfUtils.java:logGet(46)) - raft.server.log.async-flush.enabled = false (default)
2024-03-11 08:32:38,805 [omNode-1-impl-thread1] INFO  server.RaftServerConfigKeys (ConfUtils.java:logGet(46)) - raft.server.log.statemachine.data.caching.enabled = false (default)
2024-03-11 08:32:38,805 [omNode-1-impl-thread1] INFO  segmented.SegmentedRaftLogWorker (SegmentedRaftLogWorker.java:lambda$new$0(134)) - omNode-1@group-523986131536-SegmentedRaftLogWorker: flushIndex: setUnconditionally 0 -> -1
2024-03-11 08:32:38,805 [omNode-1-impl-thread1] INFO  segmented.SegmentedRaftLogWorker (SegmentedRaftLogWorker.java:lambda$new$0(134)) - omNode-1@group-523986131536-SegmentedRaftLogWorker: safeCacheEvictIndex: setUnconditionally 0 -> -1
2024-03-11 08:32:38,805 [omNode-1-impl-thread1] INFO  server.RaftServer$Division (RaftServerImpl.java:start(396)) - omNode-1@group-523986131536: start as a follower, conf=-1: peers:[omNode-3|localhost:15144, omNode-1|localhost:15136, omNode-2|localhost:15140]|listeners:[], old=null
2024-03-11 08:32:38,805 [omNode-1-impl-thread1] INFO  server.RaftServer$Division (RaftServerImpl.java:setRole(383)) - omNode-1@group-523986131536: changes role from      null to FOLLOWER at term 0 for startAsFollower
2024-03-11 08:32:38,805 [omNode-1-impl-thread1] INFO  impl.RoleInfo (RoleInfo.java:updateAndGet(139)) - omNode-1: start omNode-1@group-523986131536-FollowerState
2024-03-11 08:32:38,806 [omNode-1@group-523986131536-FollowerState] INFO  server.RaftServerConfigKeys (ConfUtils.java:logFallback(53)) - raft.server.rpc.first-election.timeout.min = 1s (fallback to raft.server.rpc.timeout.min)
2024-03-11 08:32:38,806 [omNode-1-impl-thread1] INFO  util.JmxRegister (JmxRegister.java:tryRegister(44)) - Successfully registered JMX Bean with object name Ratis:service=RaftServer,group=group-523986131536,id=omNode-1
2024-03-11 08:32:38,806 [omNode-1@group-523986131536-FollowerState] INFO  server.RaftServerConfigKeys (ConfUtils.java:logFallback(53)) - raft.server.rpc.first-election.timeout.max = 1200ms (fallback to raft.server.rpc.timeout.max)
2024-03-11 08:32:38,806 [omNode-1-impl-thread1] INFO  server.RaftServerConfigKeys (ConfUtils.java:logGet(46)) - raft.server.snapshot.trigger-when-stop.enabled = true (default)
2024-03-11 08:32:38,806 [omNode-1-impl-thread1] INFO  server.RaftServerConfigKeys (ConfUtils.java:logGet(46)) - raft.server.snapshot.auto.trigger.enabled = true (custom)
2024-03-11 08:32:38,806 [omNode-1-impl-thread1] INFO  server.RaftServerConfigKeys (ConfUtils.java:logGet(46)) - raft.server.snapshot.auto.trigger.threshold = 50 (custom)
2024-03-11 08:32:38,806 [omNode-1-impl-thread1] INFO  server.RaftServerConfigKeys (ConfUtils.java:logGet(46)) - raft.server.snapshot.retention.file.num = -1 (default)
2024-03-11 08:32:38,806 [omNode-1-impl-thread1] INFO  server.RaftServerConfigKeys (ConfUtils.java:logGet(46)) - raft.server.log.purge.upto.snapshot.index = true (custom)
2024-03-11 08:32:38,806 [main] INFO  server.RaftServer (RaftServerProxy.java:startImpl(406)) - omNode-1: start RPC server
2024-03-11 08:32:38,810 [main] INFO  server.GrpcService (GrpcService.java:startImpl(302)) - omNode-1: GrpcService started, listening on 15136
2024-03-11 08:32:38,810 [JvmPauseMonitor40] INFO  util.JvmPauseMonitor (JvmPauseMonitor.java:run(146)) - JvmPauseMonitor-omNode-1: Started
2024-03-11 08:32:38,811 [main] INFO  om.OzoneManager (OzoneManager.java:start(1669)) - Version File has different layout version (6) than OM DB (null). That is expected if this OM has never been finalized to a newer layout version.
2024-03-11 08:32:38,815 [main] INFO  client.ScmTopologyClient (ScmTopologyClient.java:start(67)) - Initial network topology fetched from SCM: /.
2024-03-11 08:32:38,816 [main] INFO  net.NodeSchemaLoader (NodeSchemaLoader.java:loadSchemaFromFile(129)) - Loading schema from [jar:file:/home/runner/.m2/repository/org/apache/ozone/hdds-common/1.5.0-SNAPSHOT/hdds-common-1.5.0-SNAPSHOT.jar!/network-topology-default.xml]
2024-03-11 08:32:38,816 [main] INFO  net.NodeSchemaLoader (NodeSchemaLoader.java:loadSchema(176)) - Loading network topology layer schema file
2024-03-11 08:32:38,818 [main] INFO  http.BaseHttpServer (BaseHttpServer.java:newHttpServer2BuilderForOzone(223)) - Starting Web-server for ozoneManager at: http://0.0.0.0:15134
2024-03-11 08:32:38,818 [main] INFO  http.BaseHttpServer (BaseHttpServer.java:<init>(110)) - Hadoop Security Enabled: false Ozone Security Enabled: false Ozone HTTP Security Enabled: false 
2024-03-11 08:32:38,819 [main] WARN  server.AuthenticationFilter (AuthenticationFilter.java:constructSecretProvider(240)) - Unable to initialize FileSignerSecretProvider, falling back to use random secrets. Reason: Could not read signature secret file: /home/runner/hadoop-http-auth-signature-secret
2024-03-11 08:32:38,820 [main] INFO  http.HttpRequestLog (HttpRequestLog.java:getRequestLog(86)) - Http request log for http.requests.ozoneManager is not defined
2024-03-11 08:32:38,820 [main] INFO  http.HttpServer2 (HttpServer2.java:addGlobalFilter(1036)) - Added global filter 'safety' (class=org.apache.hadoop.hdds.server.http.HttpServer2$QuotingInputFilter)
2024-03-11 08:32:38,821 [main] INFO  http.HttpServer2 (HttpServer2.java:addFilter(1012)) - Added filter static_user_filter (class=org.apache.hadoop.http.lib.StaticUserWebFilter$StaticUserFilter) to context ozoneManager
2024-03-11 08:32:38,821 [main] INFO  http.HttpServer2 (HttpServer2.java:addFilter(1020)) - Added filter static_user_filter (class=org.apache.hadoop.http.lib.StaticUserWebFilter$StaticUserFilter) to context static
2024-03-11 08:32:38,821 [main] INFO  http.HttpServer2 (HttpServer2.java:addFilter(1020)) - Added filter static_user_filter (class=org.apache.hadoop.http.lib.StaticUserWebFilter$StaticUserFilter) to context logs
2024-03-11 08:32:38,821 [main] INFO  http.BaseHttpServer (BaseHttpServer.java:<init>(189)) - HTTP server of ozoneManager uses base directory /home/runner/work/ozone/ozone/hadoop-ozone/integration-test/target/test-dir/MiniOzoneClusterImpl-3b234497-56f6-48e5-9ae2-a9674f906486/omNode-1/webserver
2024-03-11 08:32:38,822 [main] INFO  http.HttpServer2 (HttpServer2.java:bindListener(1236)) - Jetty bound to port 15134
2024-03-11 08:32:38,822 [main] INFO  server.Server (Server.java:doStart(375)) - jetty-9.4.53.v20231009; built: 2023-10-09T12:29:09.265Z; git: 27bde00a0b95a1d5bbee0eae7984f891d2d0f8c9; jvm 1.8.0_402-b06
2024-03-11 08:32:38,823 [main] INFO  server.session (DefaultSessionIdManager.java:doStart(334)) - DefaultSessionIdManager workerName=node0
2024-03-11 08:32:38,823 [main] INFO  server.session (DefaultSessionIdManager.java:doStart(339)) - No SessionScavenger set, using defaults
2024-03-11 08:32:38,823 [main] INFO  server.session (HouseKeeper.java:startScavenging(132)) - node0 Scavenging every 600000ms
2024-03-11 08:32:38,823 [main] INFO  handler.ContextHandler (ContextHandler.java:doStart(921)) - Started o.e.j.s.ServletContextHandler@b05dc63{logs,/logs,file:///home/runner/work/ozone/ozone/hadoop-ozone/integration-test/target/log,AVAILABLE}
2024-03-11 08:32:38,824 [main] INFO  handler.ContextHandler (ContextHandler.java:doStart(921)) - Started o.e.j.s.ServletContextHandler@29aeaefa{static,/static,file:///home/runner/work/ozone/ozone/hadoop-ozone/integration-test/target/test-classes/webapps/static,AVAILABLE}
2024-03-11 08:32:38,825 [main] INFO  handler.ContextHandler (ContextHandler.java:doStart(921)) - Started o.e.j.w.WebAppContext@1c31f2f{ozoneManager,/,file:///home/runner/work/ozone/ozone/hadoop-ozone/integration-test/target/test-classes/webapps/ozoneManager/,AVAILABLE}{file:/home/runner/work/ozone/ozone/hadoop-ozone/integration-test/target/test-classes/webapps/ozoneManager}
2024-03-11 08:32:38,826 [main] INFO  server.AbstractConnector (AbstractConnector.java:doStart(333)) - Started ServerConnector@54ac790a{HTTP/1.1, (http/1.1)}{0.0.0.0:15134}
2024-03-11 08:32:38,826 [main] INFO  server.Server (Server.java:doStart(415)) - Started @373597ms
2024-03-11 08:32:38,826 [main] WARN  impl.MetricsSystemImpl (MetricsSystemImpl.java:register(279)) - Sink prometheus already exists!
2024-03-11 08:32:38,827 [main] INFO  http.BaseHttpServer (BaseHttpServer.java:updateConnectorAddress(354)) - HTTP server of ozoneManager listening at http://0.0.0.0:15134
2024-03-11 08:32:38,827 [IPC Server Responder] INFO  ipc.Server (Server.java:run(1562)) - IPC Server Responder: starting
2024-03-11 08:32:38,828 [IPC Server listener on 15133] INFO  ipc.Server (Server.java:run(1402)) - IPC Server listener on 15133: starting
2024-03-11 08:32:38,830 [main] INFO  om.OzoneManager (OzoneManager.java:startTrashEmptier(2130)) - Trash Interval set to 0. Files deleted won't move to trash
2024-03-11 08:32:38,830 [main] INFO  ozone.MiniOzoneHAClusterImpl (MiniOzoneHAClusterImpl.java:createOMService(516)) - Started OzoneManager omNode-1 RPC server at localhost/127.0.0.1:15133
2024-03-11 08:32:38,830 [main] INFO  ha.OMHANodeDetails (OMHANodeDetails.java:loadOMHAConfig(121)) - ServiceID for OzoneManager is om-service-test1
2024-03-11 08:32:38,831 [main] INFO  ha.OMHANodeDetails (OMHANodeDetails.java:loadOMHAConfig(201)) - Found matching OM address with OMServiceId: om-service-test1, OMNodeId: omNode-2, RPC Address: localhost:15137 and Ratis port: 15140
2024-03-11 08:32:38,831 [main] INFO  ha.OMHANodeDetails (ConfUtils.java:setNodeSpecificConfigs(97)) - Setting configuration key ozone.om.http-address with value of key ozone.om.http-address.om-service-test1.omNode-2: 127.0.0.1:15138
2024-03-11 08:32:38,831 [main] INFO  ha.OMHANodeDetails (ConfUtils.java:setNodeSpecificConfigs(97)) - Setting configuration key ozone.om.https-address with value of key ozone.om.https-address.om-service-test1.omNode-2: 127.0.0.1:15139
2024-03-11 08:32:38,831 [main] INFO  ha.OMHANodeDetails (ConfUtils.java:setNodeSpecificConfigs(97)) - Setting configuration key ozone.om.address with value of key ozone.om.address.om-service-test1.omNode-2: 127.0.0.1:15137
2024-03-11 08:32:38,831 [main] WARN  server.ServerUtils (ServerUtils.java:getDBPath(299)) - ozone.om.db.dirs is not configured. We recommend adding this setting. Falling back to ozone.metadata.dirs instead.
2024-03-11 08:32:38,837 [main] INFO  proxy.SCMBlockLocationFailoverProxyProvider (SCMBlockLocationFailoverProxyProvider.java:<init>(115)) - Created block location fail-over proxy with 1 nodes: [nodeId=scmNodeId,nodeAddress=/0.0.0.0:15130]
OM initialization succeeded.Current cluster id for sd=/home/runner/work/ozone/ozone/hadoop-ozone/integration-test/target/test-dir/MiniOzoneClusterImpl-3b234497-56f6-48e5-9ae2-a9674f906486/omNode-2/om;cid=3b234497-56f6-48e5-9ae2-a9674f906486;layoutVersion=6
2024-03-11 08:32:38,841 [main] INFO  ha.OMHANodeDetails (OMHANodeDetails.java:loadOMHAConfig(121)) - ServiceID for OzoneManager is om-service-test1
2024-03-11 08:32:38,841 [main] INFO  ha.OMHANodeDetails (OMHANodeDetails.java:loadOMHAConfig(201)) - Found matching OM address with OMServiceId: om-service-test1, OMNodeId: omNode-2, RPC Address: localhost:15137 and Ratis port: 15140
2024-03-11 08:32:38,842 [main] INFO  ha.OMHANodeDetails (ConfUtils.java:setNodeSpecificConfigs(97)) - Setting configuration key ozone.om.http-address with value of key ozone.om.http-address.om-service-test1.omNode-2: 127.0.0.1:15138
2024-03-11 08:32:38,842 [main] INFO  ha.OMHANodeDetails (ConfUtils.java:setNodeSpecificConfigs(97)) - Setting configuration key ozone.om.https-address with value of key ozone.om.https-address.om-service-test1.omNode-2: 127.0.0.1:15139
2024-03-11 08:32:38,842 [main] INFO  ha.OMHANodeDetails (ConfUtils.java:setNodeSpecificConfigs(97)) - Setting configuration key ozone.om.address with value of key ozone.om.address.om-service-test1.omNode-2: 127.0.0.1:15137
2024-03-11 08:32:38,842 [main] WARN  server.ServerUtils (ServerUtils.java:getDBPath(299)) - ozone.om.db.dirs is not configured. We recommend adding this setting. Falling back to ozone.metadata.dirs instead.
2024-03-11 08:32:38,843 [main] INFO  upgrade.AbstractLayoutVersionManager (AbstractLayoutVersionManager.java:init(83)) - Initializing Layout version manager with metadata layout = QUOTA (version = 6), software layout = QUOTA (version = 6)
2024-03-11 08:32:38,876 [main] INFO  upgrade.OMLayoutVersionManager (OMLayoutVersionManager.java:lambda$0(113)) - Skipping Upgrade Action QuotaRepairUpgradeAction since it has been finalized.
2024-03-11 08:32:38,876 [main] INFO  upgrade.OMLayoutVersionManager (OMLayoutVersionManager.java:lambda$0(113)) - Skipping Upgrade Action MockOmUpgradeAction since it has been finalized.
2024-03-11 08:32:38,876 [main] WARN  server.ServerUtils (ServerUtils.java:getDBPath(299)) - ozone.om.db.dirs is not configured. We recommend adding this setting. Falling back to ozone.metadata.dirs instead.
2024-03-11 08:32:38,877 [main] INFO  proxy.SCMBlockLocationFailoverProxyProvider (SCMBlockLocationFailoverProxyProvider.java:<init>(115)) - Created block location fail-over proxy with 1 nodes: [nodeId=scmNodeId,nodeAddress=/0.0.0.0:15130]
2024-03-11 08:32:38,878 [main] INFO  proxy.SCMBlockLocationFailoverProxyProvider (SCMBlockLocationFailoverProxyProvider.java:<init>(115)) - Created block location fail-over proxy with 1 nodes: [nodeId=scmNodeId,nodeAddress=/0.0.0.0:15130]
2024-03-11 08:32:38,883 [main] INFO  om.OzoneManager (OzoneManager.java:<init>(679)) - OM start with adminUsers: [*, runner]
2024-03-11 08:32:38,883 [main] WARN  server.ServerUtils (ServerUtils.java:getDBPath(299)) - ozone.om.db.dirs is not configured. We recommend adding this setting. Falling back to ozone.metadata.dirs instead.
2024-03-11 08:32:38,884 [main] INFO  helpers.OmKeyInfo (OmKeyInfo.java:getCodec(71)) - OmKeyInfo.getCodec ignorePipeline = true
2024-03-11 08:32:39,035 [main] INFO  om.OzoneManager (OzoneManager.java:instantiateServices(811)) - S3 Multi-Tenancy is disabled
2024-03-11 08:32:39,036 [main] INFO  om.OmSnapshotManager (OmSnapshotManager.java:<init>(177)) - Ozone filesystem snapshot feature is enabled.
2024-03-11 08:32:39,036 [main] WARN  server.ServerUtils (ServerUtils.java:getDBPath(299)) - ozone.om.snapshot.diff.db.dir is not configured. We recommend adding this setting. Falling back to ozone.metadata.dirs instead.
2024-03-11 08:32:39,051 [main] INFO  utils.NativeLibraryLoader (NativeLibraryLoader.java:loadLibrary(108)) - Loading Library: ozone_rocksdb_tools
2024-03-11 08:32:39,052 [main] ERROR snapshot.SnapshotDiffManager (SnapshotDiffManager.java:initNativeLibraryForEfficientDiff(287)) - Native Library for raw sst file reading loading failed.
org.apache.hadoop.hdds.utils.NativeLibraryNotLoadedException: Unable to load library ozone_rocksdb_tools from both java.library.path & resource file libozone_rocksdb_tools.so from jar.
	at org.apache.hadoop.hdds.utils.db.managed.ManagedRawSSTFileReader.loadLibrary(ManagedRawSSTFileReader.java:38)
	at org.apache.hadoop.ozone.om.snapshot.SnapshotDiffManager.initNativeLibraryForEfficientDiff(SnapshotDiffManager.java:285)
	at org.apache.hadoop.ozone.om.snapshot.SnapshotDiffManager.<init>(SnapshotDiffManager.java:259)
	at org.apache.hadoop.ozone.om.OmSnapshotManager.<init>(OmSnapshotManager.java:279)
	at org.apache.hadoop.ozone.om.OzoneManager.instantiateServices(OzoneManager.java:863)
	at org.apache.hadoop.ozone.om.OzoneManager.<init>(OzoneManager.java:689)
	at org.apache.hadoop.ozone.om.OzoneManager.createOm(OzoneManager.java:774)
	at org.apache.hadoop.ozone.MiniOzoneHAClusterImpl$Builder.createOMService(MiniOzoneHAClusterImpl.java:509)
	at org.apache.hadoop.ozone.MiniOzoneHAClusterImpl$Builder.build(MiniOzoneHAClusterImpl.java:425)
	at org.apache.hadoop.ozone.om.TestOzoneManagerHA.init(TestOzoneManagerHA.java:182)
	at sun.reflect.NativeMethodAccessorImpl.invoke0(Native Method)
	at sun.reflect.NativeMethodAccessorImpl.invoke(NativeMethodAccessorImpl.java:62)
	at sun.reflect.DelegatingMethodAccessorImpl.invoke(DelegatingMethodAccessorImpl.java:43)
	at java.lang.reflect.Method.invoke(Method.java:498)
	at org.junit.platform.commons.util.ReflectionUtils.invokeMethod(ReflectionUtils.java:728)
	at org.junit.jupiter.engine.execution.MethodInvocation.proceed(MethodInvocation.java:60)
	at org.junit.jupiter.engine.execution.InvocationInterceptorChain$ValidatingInvocation.proceed(InvocationInterceptorChain.java:131)
	at org.junit.jupiter.engine.extension.TimeoutExtension.intercept(TimeoutExtension.java:156)
	at org.junit.jupiter.engine.extension.TimeoutExtension.interceptLifecycleMethod(TimeoutExtension.java:128)
	at org.junit.jupiter.engine.extension.TimeoutExtension.interceptBeforeAllMethod(TimeoutExtension.java:70)
	at org.junit.jupiter.engine.execution.InterceptingExecutableInvoker$ReflectiveInterceptorCall.lambda$ofVoidMethod$0(InterceptingExecutableInvoker.java:103)
	at org.junit.jupiter.engine.execution.InterceptingExecutableInvoker.lambda$invoke$0(InterceptingExecutableInvoker.java:93)
	at org.junit.jupiter.engine.execution.InvocationInterceptorChain$InterceptedInvocation.proceed(InvocationInterceptorChain.java:106)
	at org.junit.jupiter.engine.execution.InvocationInterceptorChain.proceed(InvocationInterceptorChain.java:64)
	at org.junit.jupiter.engine.execution.InvocationInterceptorChain.chainAndInvoke(InvocationInterceptorChain.java:45)
	at org.junit.jupiter.engine.execution.InvocationInterceptorChain.invoke(InvocationInterceptorChain.java:37)
	at org.junit.jupiter.engine.execution.InterceptingExecutableInvoker.invoke(InterceptingExecutableInvoker.java:92)
	at org.junit.jupiter.engine.execution.InterceptingExecutableInvoker.invoke(InterceptingExecutableInvoker.java:86)
	at org.junit.jupiter.engine.descriptor.ClassBasedTestDescriptor.lambda$invokeBeforeAllMethods$13(ClassBasedTestDescriptor.java:412)
	at org.junit.platform.engine.support.hierarchical.ThrowableCollector.execute(ThrowableCollector.java:73)
	at org.junit.jupiter.engine.descriptor.ClassBasedTestDescriptor.invokeBeforeAllMethods(ClassBasedTestDescriptor.java:410)
	at org.junit.jupiter.engine.descriptor.ClassBasedTestDescriptor.before(ClassBasedTestDescriptor.java:216)
	at org.junit.jupiter.engine.descriptor.ClassBasedTestDescriptor.before(ClassBasedTestDescriptor.java:85)
	at org.junit.platform.engine.support.hierarchical.NodeTestTask.lambda$executeRecursively$6(NodeTestTask.java:148)
	at org.junit.platform.engine.support.hierarchical.ThrowableCollector.execute(ThrowableCollector.java:73)
	at org.junit.platform.engine.support.hierarchical.NodeTestTask.lambda$executeRecursively$8(NodeTestTask.java:141)
	at org.junit.platform.engine.support.hierarchical.Node.around(Node.java:137)
	at org.junit.platform.engine.support.hierarchical.NodeTestTask.lambda$executeRecursively$9(NodeTestTask.java:139)
	at org.junit.platform.engine.support.hierarchical.ThrowableCollector.execute(ThrowableCollector.java:73)
	at org.junit.platform.engine.support.hierarchical.NodeTestTask.executeRecursively(NodeTestTask.java:138)
	at org.junit.platform.engine.support.hierarchical.NodeTestTask.execute(NodeTestTask.java:95)
	at java.util.ArrayList.forEach(ArrayList.java:1259)
	at org.junit.platform.engine.support.hierarchical.SameThreadHierarchicalTestExecutorService.invokeAll(SameThreadHierarchicalTestExecutorService.java:41)
	at org.junit.platform.engine.support.hierarchical.NodeTestTask.lambda$executeRecursively$6(NodeTestTask.java:155)
	at org.junit.platform.engine.support.hierarchical.ThrowableCollector.execute(ThrowableCollector.java:73)
	at org.junit.platform.engine.support.hierarchical.NodeTestTask.lambda$executeRecursively$8(NodeTestTask.java:141)
	at org.junit.platform.engine.support.hierarchical.Node.around(Node.java:137)
	at org.junit.platform.engine.support.hierarchical.NodeTestTask.lambda$executeRecursively$9(NodeTestTask.java:139)
	at org.junit.platform.engine.support.hierarchical.ThrowableCollector.execute(ThrowableCollector.java:73)
	at org.junit.platform.engine.support.hierarchical.NodeTestTask.executeRecursively(NodeTestTask.java:138)
	at org.junit.platform.engine.support.hierarchical.NodeTestTask.execute(NodeTestTask.java:95)
	at org.junit.platform.engine.support.hierarchical.SameThreadHierarchicalTestExecutorService.submit(SameThreadHierarchicalTestExecutorService.java:35)
	at org.junit.platform.engine.support.hierarchical.HierarchicalTestExecutor.execute(HierarchicalTestExecutor.java:57)
	at org.junit.platform.engine.support.hierarchical.HierarchicalTestEngine.execute(HierarchicalTestEngine.java:54)
	at org.junit.platform.launcher.core.EngineExecutionOrchestrator.execute(EngineExecutionOrchestrator.java:198)
	at org.junit.platform.launcher.core.EngineExecutionOrchestrator.execute(EngineExecutionOrchestrator.java:169)
	at org.junit.platform.launcher.core.EngineExecutionOrchestrator.execute(EngineExecutionOrchestrator.java:93)
	at org.junit.platform.launcher.core.EngineExecutionOrchestrator.lambda$execute$0(EngineExecutionOrchestrator.java:58)
	at org.junit.platform.launcher.core.EngineExecutionOrchestrator.withInterceptedStreams(EngineExecutionOrchestrator.java:141)
	at org.junit.platform.launcher.core.EngineExecutionOrchestrator.execute(EngineExecutionOrchestrator.java:57)
	at org.junit.platform.launcher.core.DefaultLauncher.execute(DefaultLauncher.java:103)
	at org.junit.platform.launcher.core.DefaultLauncher.execute(DefaultLauncher.java:85)
	at org.junit.platform.launcher.core.DelegatingLauncher.execute(DelegatingLauncher.java:47)
	at org.junit.platform.launcher.core.SessionPerRequestLauncher.execute(SessionPerRequestLauncher.java:63)
	at org.apache.maven.surefire.junitplatform.JUnitPlatformProvider.invokeAllTests(JUnitPlatformProvider.java:165)
	at org.apache.maven.surefire.junitplatform.JUnitPlatformProvider.invoke(JUnitPlatformProvider.java:124)
	at org.apache.maven.surefire.booter.ForkedBooter.runSuitesInProcess(ForkedBooter.java:428)
	at org.apache.maven.surefire.booter.ForkedBooter.execute(ForkedBooter.java:162)
	at org.apache.maven.surefire.booter.ForkedBooter.run(ForkedBooter.java:562)
	at org.apache.maven.surefire.booter.ForkedBooter.main(ForkedBooter.java:548)
2024-03-11 08:32:39,054 [main] INFO  om.OzoneManager (OzoneManager.java:addS3GVolumeToDB(4468)) - Created Volume s3v With Owner runner required for S3Gateway operations.
2024-03-11 08:32:39,054 [main] WARN  server.ServerUtils (ServerUtils.java:getDefaultRatisDirectory(311)) - Storage directory for Ratis is not configured. It is a good idea to map this to an SSD disk. Falling back to ozone.metadata.dirs
2024-03-11 08:32:39,055 [main] WARN  utils.OzoneManagerRatisUtils (OzoneManagerRatisUtils.java:getOMRatisSnapshotDirectory(476)) - ozone.om.ratis.snapshot.dir is not configured. Falling back to ozone.metadata.dirs config
2024-03-11 08:32:39,055 [main] INFO  utils.RDBSnapshotProvider (RDBSnapshotProvider.java:init(87)) - Cleaning up the candidate dir: /home/runner/work/ozone/ozone/hadoop-ozone/integration-test/target/test-dir/MiniOzoneClusterImpl-3b234497-56f6-48e5-9ae2-a9674f906486/omNode-2/snapshot/om.db.candidate
2024-03-11 08:32:39,055 [main] INFO  ratis_snapshot.OmRatisSnapshotProvider (OmRatisSnapshotProvider.java:<init>(99)) - Initializing OM Snapshot Provider
2024-03-11 08:32:39,056 [main] WARN  dropwizard3.Dm3MetricRegistriesImpl (Dm3MetricRegistriesImpl.java:addReporterRegistration(113)) - New reporters are added after registries were created. Some metrics will be missing from the reporter. Please add reporter before adding any new registry.
2024-03-11 08:32:39,056 [main] WARN  dropwizard3.Dm3MetricRegistriesImpl (Dm3MetricRegistriesImpl.java:addReporterRegistration(113)) - New reporters are added after registries were created. Some metrics will be missing from the reporter. Please add reporter before adding any new registry.
2024-03-11 08:32:39,057 [main] WARN  server.ServerUtils (ServerUtils.java:getDefaultRatisDirectory(311)) - Storage directory for Ratis is not configured. It is a good idea to map this to an SSD disk. Falling back to ozone.metadata.dirs
2024-03-11 08:32:39,058 [main] INFO  ratis.OzoneManagerRatisServer (OzoneManagerRatisServer.java:<init>(167)) - Instantiating OM Ratis server with groupID: om-service-test1 and peers: localhost:15140, localhost:15144, localhost:15136
2024-03-11 08:32:39,058 [main] INFO  ratis.OzoneManagerStateMachine (OzoneManagerStateMachine.java:loadSnapshotInfoFromDB(575)) - TransactionInfo not found in OM DB.
2024-03-11 08:32:39,058 [main] INFO  server.RaftServer (ConfUtils.java:logGet(46)) - raft.rpc.type = GRPC (default)
2024-03-11 08:32:39,059 [main] INFO  grpc.GrpcConfigKeys (ConfUtils.java:logFallback(53)) - raft.grpc.admin.host = null (fallback to raft.grpc.server.host)
2024-03-11 08:32:39,059 [main] INFO  grpc.GrpcConfigKeys (ConfUtils.java:logFallback(53)) - raft.grpc.admin.port = 15140 (fallback to raft.grpc.server.port)
2024-03-11 08:32:39,059 [main] INFO  grpc.GrpcConfigKeys (ConfUtils.java:logFallback(53)) - raft.grpc.client.host = null (fallback to raft.grpc.server.host)
2024-03-11 08:32:39,059 [main] INFO  grpc.GrpcConfigKeys (ConfUtils.java:logFallback(53)) - raft.grpc.client.port = 15140 (fallback to raft.grpc.server.port)
2024-03-11 08:32:39,059 [main] INFO  grpc.GrpcConfigKeys (ConfUtils.java:logGet(46)) - raft.grpc.server.host = null (default)
2024-03-11 08:32:39,059 [main] INFO  grpc.GrpcConfigKeys (ConfUtils.java:logGet(46)) - raft.grpc.server.port = 15140 (custom)
2024-03-11 08:32:39,059 [main] INFO  server.GrpcService (ConfUtils.java:logGet(46)) - raft.grpc.message.size.max = 4194304 (custom)
2024-03-11 08:32:39,059 [main] INFO  server.RaftServerConfigKeys (ConfUtils.java:logGet(46)) - raft.server.log.appender.buffer.byte-limit = 4194304 (custom)
2024-03-11 08:32:39,059 [main] INFO  server.GrpcService (ConfUtils.java:logGet(46)) - raft.grpc.flow.control.window = 1MB (=1048576) (default)
2024-03-11 08:32:39,060 [main] INFO  server.RaftServerConfigKeys (ConfUtils.java:logGet(46)) - raft.server.rpc.request.timeout = 3000ms (default)
2024-03-11 08:32:39,060 [main] INFO  grpc.GrpcConfigKeys (ConfUtils.java:logGet(46)) - raft.grpc.server.heartbeat.channel = true (default)
2024-03-11 08:32:39,060 [main] INFO  grpc.GrpcConfigKeys (ConfUtils.java:logGet(46)) - raft.grpc.server.async.request.thread.pool.cached = true (default)
2024-03-11 08:32:39,060 [main] INFO  grpc.GrpcConfigKeys (ConfUtils.java:logGet(46)) - raft.grpc.server.async.request.thread.pool.size = 32 (default)
2024-03-11 08:32:39,061 [main] INFO  impl.DataStreamServerImpl (ConfUtils.java:logGet(46)) - raft.datastream.type = DISABLED (default)
2024-03-11 08:32:39,061 [main] INFO  server.RaftServerConfigKeys (ConfUtils.java:logGet(46)) - raft.server.sleep.deviation.threshold = 300ms (default)
2024-03-11 08:32:39,061 [main] INFO  server.RaftServerConfigKeys (ConfUtils.java:logGet(46)) - raft.server.close.threshold = 60s (default)
2024-03-11 08:32:39,061 [main] INFO  server.RaftServerConfigKeys (ConfUtils.java:logGet(46)) - raft.server.leaderelection.leader.step-down.wait-time = 10s (default)
2024-03-11 08:32:39,061 [main] INFO  server.RaftServerConfigKeys (ConfUtils.java:logGet(46)) - raft.server.storage.dir = [/home/runner/work/ozone/ozone/hadoop-ozone/integration-test/target/test-dir/MiniOzoneClusterImpl-3b234497-56f6-48e5-9ae2-a9674f906486/omNode-2/ratis] (custom)
2024-03-11 08:32:39,062 [main] INFO  server.RaftServerConfigKeys (ConfUtils.java:logGet(46)) - raft.server.threadpool.proxy.cached = true (default)
2024-03-11 08:32:39,062 [main] INFO  server.RaftServerConfigKeys (ConfUtils.java:logGet(46)) - raft.server.threadpool.proxy.size = 0 (default)
2024-03-11 08:32:39,062 [main] INFO  server.RaftServer (RaftServerProxy.java:addNew(100)) - omNode-2: addNew group-523986131536:[omNode-3|localhost:15144, omNode-1|localhost:15136, omNode-2|localhost:15140] returns group-523986131536:java.util.concurrent.CompletableFuture@7360e8ae[Not completed]
2024-03-11 08:32:39,062 [omNode-2-groupManagement] INFO  server.RaftServer$Division (RaftServerImpl.java:<init>(256)) - omNode-2: new RaftServerImpl for group-523986131536:[omNode-3|localhost:15144, omNode-1|localhost:15136, omNode-2|localhost:15140] with OzoneManagerStateMachine:uninitialized
2024-03-11 08:32:39,062 [main] INFO  om.OzoneManager (OzoneManager.java:initializeRatisServer(2177)) - OzoneManager Ratis server initialized at port 15140
2024-03-11 08:32:39,062 [omNode-2-groupManagement] INFO  server.RaftServerConfigKeys (ConfUtils.java:logGet(46)) - raft.server.rpc.timeout.min = 1s (custom)
2024-03-11 08:32:39,063 [main] INFO  om.OzoneManager (OzoneManager.java:getRpcServer(1231)) - Creating RPC Server
2024-03-11 08:32:39,063 [omNode-2-groupManagement] INFO  server.RaftServerConfigKeys (ConfUtils.java:logGet(46)) - raft.server.rpc.timeout.max = 1200ms (custom)
2024-03-11 08:32:39,063 [omNode-2-groupManagement] INFO  server.RaftServerConfigKeys (ConfUtils.java:logGet(46)) - raft.server.rpc.sleep.time = 25ms (default)
2024-03-11 08:32:39,063 [omNode-2-groupManagement] INFO  server.RaftServerConfigKeys (ConfUtils.java:logGet(46)) - raft.server.rpc.slowness.timeout = 2s (custom)
2024-03-11 08:32:39,063 [omNode-2-groupManagement] INFO  server.RaftServerConfigKeys (ConfUtils.java:logGet(46)) - raft.server.leaderelection.leader.step-down.wait-time = 10s (default)
2024-03-11 08:32:39,063 [omNode-2-groupManagement] INFO  server.RaftServerConfigKeys (ConfUtils.java:logGet(46)) - raft.server.leaderelection.member.majority-add = false (default)
2024-03-11 08:32:39,063 [omNode-2-groupManagement] INFO  server.RaftServerConfigKeys (ConfUtils.java:logGet(46)) - raft.server.sleep.deviation.threshold = 300ms (default)
2024-03-11 08:32:39,063 [omNode-2-groupManagement] INFO  server.RaftServer$Division (ServerState.java:<init>(113)) - omNode-2@group-523986131536: ConfigurationManager, init=-1: peers:[omNode-3|localhost:15144, omNode-1|localhost:15136, omNode-2|localhost:15140]|listeners:[], old=null, confs=<EMPTY_MAP>
2024-03-11 08:32:39,063 [omNode-2-groupManagement] INFO  server.RaftServerConfigKeys (ConfUtils.java:logGet(46)) - raft.server.notification.no-leader.timeout = 2s (custom)
2024-03-11 08:32:39,063 [omNode-2-groupManagement] INFO  server.RaftServerConfigKeys (ConfUtils.java:logGet(46)) - raft.server.read.timeout = 10s (default)
2024-03-11 08:32:39,063 [omNode-2-groupManagement] INFO  server.RaftServerConfigKeys (ConfUtils.java:logGet(46)) - raft.server.retrycache.expirytime = 30000ms (custom)
2024-03-11 08:32:39,063 [omNode-2-groupManagement] INFO  server.RaftServerConfigKeys (ConfUtils.java:logGet(46)) - raft.server.retrycache.statistics.expirytime = 100ms (default)
2024-03-11 08:32:39,063 [omNode-2-groupManagement] INFO  server.RaftServerConfigKeys (ConfUtils.java:logGet(46)) - raft.server.read.option = DEFAULT (default)
2024-03-11 08:32:39,064 [omNode-2-groupManagement] INFO  server.RaftServerConfigKeys (ConfUtils.java:logGet(46)) - raft.server.read.read-after-write-consistent.write-index-cache.expiry-time = 60s (default)
2024-03-11 08:32:39,064 [omNode-2-groupManagement] INFO  server.RaftServerConfigKeys (ConfUtils.java:logGet(46)) - raft.server.rpc.request.timeout = 3000ms (default)
2024-03-11 08:32:39,064 [omNode-2-groupManagement] INFO  server.RaftServerConfigKeys (ConfUtils.java:logGet(46)) - raft.server.log.appender.install.snapshot.enabled = false (custom)
2024-03-11 08:32:39,064 [omNode-2-groupManagement] INFO  server.RaftServerConfigKeys (ConfUtils.java:logGet(46)) - raft.server.threadpool.server.cached = true (default)
2024-03-11 08:32:39,064 [omNode-2-groupManagement] INFO  server.RaftServerConfigKeys (ConfUtils.java:logGet(46)) - raft.server.threadpool.server.size = 0 (default)
2024-03-11 08:32:39,065 [omNode-2-groupManagement] INFO  server.RaftServerConfigKeys (ConfUtils.java:logGet(46)) - raft.server.threadpool.client.cached = true (default)
2024-03-11 08:32:39,065 [omNode-2-groupManagement] INFO  server.RaftServerConfigKeys (ConfUtils.java:logGet(46)) - raft.server.threadpool.client.size = 0 (default)
2024-03-11 08:32:39,239 [main] INFO  ipc.CallQueueManager (CallQueueManager.java:<init>(90)) - Using callQueue: class java.util.concurrent.LinkedBlockingQueue, queueCapacity: 2000, scheduler: class org.apache.hadoop.ipc.DefaultRpcScheduler, ipcBackoff: false.
2024-03-11 08:32:39,240 [main] INFO  ipc.Server (Server.java:<init>(1287)) - Listener at 127.0.0.1:15137
2024-03-11 08:32:39,240 [Socket Reader #1 for port 15137] INFO  ipc.Server (Server.java:run(1323)) - Starting Socket Reader #1 for port 15137
2024-03-11 08:32:39,257 [main] INFO  impl.MetricsSystemImpl (MetricsSystemImpl.java:init(158)) - OzoneManager metrics system started (again)
2024-03-11 08:32:39,265 [main] INFO  om.OzoneManager (OzoneManager.java:start(1653)) - OzoneManager RPC server is listening at localhost/127.0.0.1:15137
2024-03-11 08:32:39,265 [main] INFO  ratis.OzoneManagerRatisServer (OzoneManagerRatisServer.java:start(588)) - Starting OzoneManagerRatisServer omNode-2 at port 15140
2024-03-11 08:32:39,265 [omNode-2-impl-thread1] INFO  server.RaftServerConfigKeys (ConfUtils.java:logGet(46)) - raft.server.storage.free-space.min = 0MB (=0) (default)
2024-03-11 08:32:39,265 [omNode-2-impl-thread1] INFO  server.RaftServerConfigKeys (ConfUtils.java:logGet(46)) - raft.server.log.corruption.policy = EXCEPTION (default)
2024-03-11 08:32:39,265 [omNode-2-impl-thread1] INFO  server.RaftServerConfigKeys (ConfUtils.java:logGet(46)) - raft.server.storage.dir = [/home/runner/work/ozone/ozone/hadoop-ozone/integration-test/target/test-dir/MiniOzoneClusterImpl-3b234497-56f6-48e5-9ae2-a9674f906486/omNode-2/ratis] (custom)
2024-03-11 08:32:39,266 [omNode-2-impl-thread1] INFO  storage.RaftStorageDirectory (RaftStorageDirectoryImpl.java:analyzeStorage(138)) - The storage directory /home/runner/work/ozone/ozone/hadoop-ozone/integration-test/target/test-dir/MiniOzoneClusterImpl-3b234497-56f6-48e5-9ae2-a9674f906486/omNode-2/ratis/c9bc4cf4-3bc3-3c60-a66b-523986131536 does not exist. Creating ...
2024-03-11 08:32:39,267 [omNode-2-impl-thread1] INFO  storage.RaftStorageDirectory (RaftStorageDirectoryImpl.java:tryLock(228)) - Lock on /home/runner/work/ozone/ozone/hadoop-ozone/integration-test/target/test-dir/MiniOzoneClusterImpl-3b234497-56f6-48e5-9ae2-a9674f906486/omNode-2/ratis/c9bc4cf4-3bc3-3c60-a66b-523986131536/in_use.lock acquired by nodename 48108@fv-az1250-130
2024-03-11 08:32:39,268 [omNode-2-impl-thread1] INFO  storage.RaftStorage (RaftStorageImpl.java:format(99)) - Storage directory /home/runner/work/ozone/ozone/hadoop-ozone/integration-test/target/test-dir/MiniOzoneClusterImpl-3b234497-56f6-48e5-9ae2-a9674f906486/omNode-2/ratis/c9bc4cf4-3bc3-3c60-a66b-523986131536 has been successfully formatted.
2024-03-11 08:32:39,268 [omNode-2-impl-thread1] WARN  util.FileUtils (LogUtils.java:supplyAndLog(63)) - Failed to Files.newInputStream /home/runner/work/ozone/ozone/hadoop-ozone/integration-test/target/test-dir/MiniOzoneClusterImpl-3b234497-56f6-48e5-9ae2-a9674f906486/omNode-2/ratis/c9bc4cf4-3bc3-3c60-a66b-523986131536/current/raft-meta.conf with options []: java.nio.file.NoSuchFileException: /home/runner/work/ozone/ozone/hadoop-ozone/integration-test/target/test-dir/MiniOzoneClusterImpl-3b234497-56f6-48e5-9ae2-a9674f906486/omNode-2/ratis/c9bc4cf4-3bc3-3c60-a66b-523986131536/current/raft-meta.conf
2024-03-11 08:32:39,268 [omNode-2-impl-thread1] INFO  server.RaftServerConfigKeys (ConfUtils.java:logGet(46)) - raft.server.log.use.memory = false (default)
2024-03-11 08:32:39,269 [omNode-2-impl-thread1] INFO  server.RaftServerConfigKeys (ConfUtils.java:logGet(46)) - raft.server.log.purge.gap = 50 (custom)
2024-03-11 08:32:39,269 [omNode-2-impl-thread1] INFO  server.RaftServerConfigKeys (ConfUtils.java:logGet(46)) - raft.server.log.appender.buffer.byte-limit = 4194304 (custom)
2024-03-11 08:32:39,269 [omNode-2-impl-thread1] INFO  server.RaftServerConfigKeys (ConfUtils.java:logGet(46)) - raft.server.log.statemachine.data.read.timeout = 1000ms (default)
2024-03-11 08:32:39,269 [omNode-2-impl-thread1] INFO  server.RaftServerConfigKeys (ConfUtils.java:logGet(46)) - raft.server.log.purge.preservation.log.num = 0 (default)
2024-03-11 08:32:39,269 [omNode-2-impl-thread1] INFO  server.RaftServerConfigKeys (ConfUtils.java:logGet(46)) - raft.server.log.segment.size.max = 4194304 (custom)
2024-03-11 08:32:39,269 [omNode-2-impl-thread1] INFO  server.RaftServerConfigKeys (ConfUtils.java:logGet(46)) - raft.server.log.segment.cache.num.max = 2 (custom)
2024-03-11 08:32:39,270 [omNode-2-impl-thread1] INFO  server.RaftServerConfigKeys (ConfUtils.java:logGet(46)) - raft.server.log.segment.cache.size.max = 200MB (=209715200) (default)
2024-03-11 08:32:39,270 [omNode-2-impl-thread1] INFO  server.RaftServerConfigKeys (ConfUtils.java:logGet(46)) - raft.server.log.appender.buffer.byte-limit = 4194304 (custom)
2024-03-11 08:32:39,270 [omNode-2-impl-thread1] INFO  util.AwaitToRun (AwaitToRun.java:start(81)) - Thread[omNode-2@group-523986131536-cacheEviction-AwaitToRun,5,main] started
2024-03-11 08:32:39,270 [omNode-2-impl-thread1] INFO  segmented.SegmentedRaftLogWorker (SegmentedRaftLogWorker.java:<init>(182)) - new omNode-2@group-523986131536-SegmentedRaftLogWorker for RaftStorageImpl:Storage Directory /home/runner/work/ozone/ozone/hadoop-ozone/integration-test/target/test-dir/MiniOzoneClusterImpl-3b234497-56f6-48e5-9ae2-a9674f906486/omNode-2/ratis/c9bc4cf4-3bc3-3c60-a66b-523986131536
2024-03-11 08:32:39,270 [omNode-2-impl-thread1] INFO  server.RaftServerConfigKeys (ConfUtils.java:logGet(46)) - raft.server.log.queue.byte-limit = 64MB (=67108864) (default)
2024-03-11 08:32:39,270 [omNode-2-impl-thread1] INFO  server.RaftServerConfigKeys (ConfUtils.java:logGet(46)) - raft.server.log.queue.element-limit = 4096 (default)
2024-03-11 08:32:39,270 [omNode-2-impl-thread1] INFO  server.RaftServerConfigKeys (ConfUtils.java:logGet(46)) - raft.server.log.segment.size.max = 4194304 (custom)
2024-03-11 08:32:39,270 [omNode-2-impl-thread1] INFO  server.RaftServerConfigKeys (ConfUtils.java:logGet(46)) - raft.server.log.preallocated.size = 4194304 (custom)
2024-03-11 08:32:39,270 [omNode-2-impl-thread1] INFO  server.RaftServerConfigKeys (ConfUtils.java:logGet(46)) - raft.server.log.force.sync.num = 128 (default)
2024-03-11 08:32:39,270 [omNode-2-impl-thread1] INFO  server.RaftServerConfigKeys (ConfUtils.java:logGet(46)) - raft.server.log.statemachine.data.sync = true (default)
2024-03-11 08:32:39,270 [omNode-2-impl-thread1] INFO  server.RaftServerConfigKeys (ConfUtils.java:logGet(46)) - raft.server.log.statemachine.data.sync.timeout = 10s (default)
2024-03-11 08:32:39,271 [omNode-2-impl-thread1] INFO  server.RaftServerConfigKeys (ConfUtils.java:logGet(46)) - raft.server.log.statemachine.data.sync.timeout.retry = -1 (default)
2024-03-11 08:32:39,271 [omNode-2-impl-thread1] INFO  server.RaftServerConfigKeys (ConfUtils.java:logGet(46)) - raft.server.log.write.buffer.size = 4194312 (custom)
2024-03-11 08:32:39,271 [omNode-2-impl-thread1] INFO  server.RaftServerConfigKeys (ConfUtils.java:logGet(46)) - raft.server.log.appender.buffer.byte-limit = 4194304 (custom)
2024-03-11 08:32:39,271 [omNode-2-impl-thread1] INFO  server.RaftServerConfigKeys (ConfUtils.java:logGet(46)) - raft.server.log.unsafe-flush.enabled = false (default)
2024-03-11 08:32:39,271 [omNode-2-impl-thread1] INFO  server.RaftServerConfigKeys (ConfUtils.java:logGet(46)) - raft.server.log.async-flush.enabled = false (default)
2024-03-11 08:32:39,271 [omNode-2-impl-thread1] INFO  server.RaftServerConfigKeys (ConfUtils.java:logGet(46)) - raft.server.log.statemachine.data.caching.enabled = false (default)
2024-03-11 08:32:39,271 [omNode-2-impl-thread1] INFO  segmented.SegmentedRaftLogWorker (SegmentedRaftLogWorker.java:lambda$new$0(134)) - omNode-2@group-523986131536-SegmentedRaftLogWorker: flushIndex: setUnconditionally 0 -> -1
2024-03-11 08:32:39,271 [omNode-2-impl-thread1] INFO  segmented.SegmentedRaftLogWorker (SegmentedRaftLogWorker.java:lambda$new$0(134)) - omNode-2@group-523986131536-SegmentedRaftLogWorker: safeCacheEvictIndex: setUnconditionally 0 -> -1
2024-03-11 08:32:39,272 [omNode-2-impl-thread1] INFO  server.RaftServer$Division (RaftServerImpl.java:start(396)) - omNode-2@group-523986131536: start as a follower, conf=-1: peers:[omNode-3|localhost:15144, omNode-1|localhost:15136, omNode-2|localhost:15140]|listeners:[], old=null
2024-03-11 08:32:39,272 [omNode-2-impl-thread1] INFO  server.RaftServer$Division (RaftServerImpl.java:setRole(383)) - omNode-2@group-523986131536: changes role from      null to FOLLOWER at term 0 for startAsFollower
2024-03-11 08:32:39,272 [omNode-2-impl-thread1] INFO  impl.RoleInfo (RoleInfo.java:updateAndGet(139)) - omNode-2: start omNode-2@group-523986131536-FollowerState
2024-03-11 08:32:39,272 [omNode-2@group-523986131536-FollowerState] INFO  server.RaftServerConfigKeys (ConfUtils.java:logFallback(53)) - raft.server.rpc.first-election.timeout.min = 1s (fallback to raft.server.rpc.timeout.min)
2024-03-11 08:32:39,272 [omNode-2-impl-thread1] INFO  util.JmxRegister (JmxRegister.java:tryRegister(44)) - Successfully registered JMX Bean with object name Ratis:service=RaftServer,group=group-523986131536,id=omNode-2
2024-03-11 08:32:39,272 [omNode-2@group-523986131536-FollowerState] INFO  server.RaftServerConfigKeys (ConfUtils.java:logFallback(53)) - raft.server.rpc.first-election.timeout.max = 1200ms (fallback to raft.server.rpc.timeout.max)
2024-03-11 08:32:39,272 [omNode-2-impl-thread1] INFO  server.RaftServerConfigKeys (ConfUtils.java:logGet(46)) - raft.server.snapshot.trigger-when-stop.enabled = true (default)
2024-03-11 08:32:39,272 [omNode-2-impl-thread1] INFO  server.RaftServerConfigKeys (ConfUtils.java:logGet(46)) - raft.server.snapshot.auto.trigger.enabled = true (custom)
2024-03-11 08:32:39,272 [omNode-2-impl-thread1] INFO  server.RaftServerConfigKeys (ConfUtils.java:logGet(46)) - raft.server.snapshot.auto.trigger.threshold = 50 (custom)
2024-03-11 08:32:39,272 [omNode-2-impl-thread1] INFO  server.RaftServerConfigKeys (ConfUtils.java:logGet(46)) - raft.server.snapshot.retention.file.num = -1 (default)
2024-03-11 08:32:39,272 [omNode-2-impl-thread1] INFO  server.RaftServerConfigKeys (ConfUtils.java:logGet(46)) - raft.server.log.purge.upto.snapshot.index = true (custom)
2024-03-11 08:32:39,273 [main] INFO  server.RaftServer (RaftServerProxy.java:startImpl(406)) - omNode-2: start RPC server
2024-03-11 08:32:39,274 [main] INFO  server.GrpcService (GrpcService.java:startImpl(302)) - omNode-2: GrpcService started, listening on 15140
2024-03-11 08:32:39,274 [JvmPauseMonitor41] INFO  util.JvmPauseMonitor (JvmPauseMonitor.java:run(146)) - JvmPauseMonitor-omNode-2: Started
2024-03-11 08:32:39,274 [main] INFO  om.OzoneManager (OzoneManager.java:start(1669)) - Version File has different layout version (6) than OM DB (null). That is expected if this OM has never been finalized to a newer layout version.
2024-03-11 08:32:39,281 [main] INFO  client.ScmTopologyClient (ScmTopologyClient.java:start(67)) - Initial network topology fetched from SCM: /.
2024-03-11 08:32:39,282 [main] INFO  net.NodeSchemaLoader (NodeSchemaLoader.java:loadSchemaFromFile(129)) - Loading schema from [jar:file:/home/runner/.m2/repository/org/apache/ozone/hdds-common/1.5.0-SNAPSHOT/hdds-common-1.5.0-SNAPSHOT.jar!/network-topology-default.xml]
2024-03-11 08:32:39,282 [main] INFO  net.NodeSchemaLoader (NodeSchemaLoader.java:loadSchema(176)) - Loading network topology layer schema file
2024-03-11 08:32:39,284 [main] INFO  http.BaseHttpServer (BaseHttpServer.java:newHttpServer2BuilderForOzone(223)) - Starting Web-server for ozoneManager at: http://0.0.0.0:15138
2024-03-11 08:32:39,284 [main] INFO  http.BaseHttpServer (BaseHttpServer.java:<init>(110)) - Hadoop Security Enabled: false Ozone Security Enabled: false Ozone HTTP Security Enabled: false 
2024-03-11 08:32:39,285 [main] WARN  server.AuthenticationFilter (AuthenticationFilter.java:constructSecretProvider(240)) - Unable to initialize FileSignerSecretProvider, falling back to use random secrets. Reason: Could not read signature secret file: /home/runner/hadoop-http-auth-signature-secret
2024-03-11 08:32:39,285 [main] INFO  http.HttpRequestLog (HttpRequestLog.java:getRequestLog(86)) - Http request log for http.requests.ozoneManager is not defined
2024-03-11 08:32:39,286 [main] INFO  http.HttpServer2 (HttpServer2.java:addGlobalFilter(1036)) - Added global filter 'safety' (class=org.apache.hadoop.hdds.server.http.HttpServer2$QuotingInputFilter)
2024-03-11 08:32:39,286 [main] INFO  http.HttpServer2 (HttpServer2.java:addFilter(1012)) - Added filter static_user_filter (class=org.apache.hadoop.http.lib.StaticUserWebFilter$StaticUserFilter) to context ozoneManager
2024-03-11 08:32:39,286 [main] INFO  http.HttpServer2 (HttpServer2.java:addFilter(1020)) - Added filter static_user_filter (class=org.apache.hadoop.http.lib.StaticUserWebFilter$StaticUserFilter) to context logs
2024-03-11 08:32:39,286 [main] INFO  http.HttpServer2 (HttpServer2.java:addFilter(1020)) - Added filter static_user_filter (class=org.apache.hadoop.http.lib.StaticUserWebFilter$StaticUserFilter) to context static
2024-03-11 08:32:39,287 [main] INFO  http.BaseHttpServer (BaseHttpServer.java:<init>(189)) - HTTP server of ozoneManager uses base directory /home/runner/work/ozone/ozone/hadoop-ozone/integration-test/target/test-dir/MiniOzoneClusterImpl-3b234497-56f6-48e5-9ae2-a9674f906486/omNode-2/webserver
2024-03-11 08:32:39,287 [main] INFO  http.HttpServer2 (HttpServer2.java:bindListener(1236)) - Jetty bound to port 15138
2024-03-11 08:32:39,287 [main] INFO  server.Server (Server.java:doStart(375)) - jetty-9.4.53.v20231009; built: 2023-10-09T12:29:09.265Z; git: 27bde00a0b95a1d5bbee0eae7984f891d2d0f8c9; jvm 1.8.0_402-b06
2024-03-11 08:32:39,288 [main] INFO  server.session (DefaultSessionIdManager.java:doStart(334)) - DefaultSessionIdManager workerName=node0
2024-03-11 08:32:39,288 [main] INFO  server.session (DefaultSessionIdManager.java:doStart(339)) - No SessionScavenger set, using defaults
2024-03-11 08:32:39,288 [main] INFO  server.session (HouseKeeper.java:startScavenging(132)) - node0 Scavenging every 660000ms
2024-03-11 08:32:39,289 [main] INFO  handler.ContextHandler (ContextHandler.java:doStart(921)) - Started o.e.j.s.ServletContextHandler@5baf98d7{logs,/logs,file:///home/runner/work/ozone/ozone/hadoop-ozone/integration-test/target/log,AVAILABLE}
2024-03-11 08:32:39,289 [main] INFO  handler.ContextHandler (ContextHandler.java:doStart(921)) - Started o.e.j.s.ServletContextHandler@37f6f16d{static,/static,file:///home/runner/work/ozone/ozone/hadoop-ozone/integration-test/target/test-classes/webapps/static,AVAILABLE}
2024-03-11 08:32:39,291 [main] INFO  handler.ContextHandler (ContextHandler.java:doStart(921)) - Started o.e.j.w.WebAppContext@15076c00{ozoneManager,/,file:///home/runner/work/ozone/ozone/hadoop-ozone/integration-test/target/test-classes/webapps/ozoneManager/,AVAILABLE}{file:/home/runner/work/ozone/ozone/hadoop-ozone/integration-test/target/test-classes/webapps/ozoneManager}
2024-03-11 08:32:39,291 [main] INFO  server.AbstractConnector (AbstractConnector.java:doStart(333)) - Started ServerConnector@14e513e5{HTTP/1.1, (http/1.1)}{0.0.0.0:15138}
2024-03-11 08:32:39,291 [main] INFO  server.Server (Server.java:doStart(415)) - Started @374062ms
2024-03-11 08:32:39,291 [main] WARN  impl.MetricsSystemImpl (MetricsSystemImpl.java:register(279)) - Sink prometheus already exists!
2024-03-11 08:32:39,292 [main] INFO  http.BaseHttpServer (BaseHttpServer.java:updateConnectorAddress(354)) - HTTP server of ozoneManager listening at http://0.0.0.0:15138
2024-03-11 08:32:39,292 [IPC Server Responder] INFO  ipc.Server (Server.java:run(1562)) - IPC Server Responder: starting
2024-03-11 08:32:39,292 [IPC Server listener on 15137] INFO  ipc.Server (Server.java:run(1402)) - IPC Server listener on 15137: starting
2024-03-11 08:32:39,297 [main] INFO  om.OzoneManager (OzoneManager.java:startTrashEmptier(2130)) - Trash Interval set to 0. Files deleted won't move to trash
2024-03-11 08:32:39,297 [main] INFO  ozone.MiniOzoneHAClusterImpl (MiniOzoneHAClusterImpl.java:createOMService(516)) - Started OzoneManager omNode-2 RPC server at localhost/127.0.0.1:15137
2024-03-11 08:32:39,298 [main] INFO  ha.OMHANodeDetails (OMHANodeDetails.java:loadOMHAConfig(121)) - ServiceID for OzoneManager is om-service-test1
2024-03-11 08:32:39,298 [main] INFO  ha.OMHANodeDetails (OMHANodeDetails.java:loadOMHAConfig(201)) - Found matching OM address with OMServiceId: om-service-test1, OMNodeId: omNode-3, RPC Address: localhost:15141 and Ratis port: 15144
2024-03-11 08:32:39,298 [main] INFO  ha.OMHANodeDetails (ConfUtils.java:setNodeSpecificConfigs(97)) - Setting configuration key ozone.om.http-address with value of key ozone.om.http-address.om-service-test1.omNode-3: 127.0.0.1:15142
2024-03-11 08:32:39,298 [main] INFO  ha.OMHANodeDetails (ConfUtils.java:setNodeSpecificConfigs(97)) - Setting configuration key ozone.om.https-address with value of key ozone.om.https-address.om-service-test1.omNode-3: 127.0.0.1:15143
2024-03-11 08:32:39,298 [main] INFO  ha.OMHANodeDetails (ConfUtils.java:setNodeSpecificConfigs(97)) - Setting configuration key ozone.om.address with value of key ozone.om.address.om-service-test1.omNode-3: 127.0.0.1:15141
2024-03-11 08:32:39,299 [main] WARN  server.ServerUtils (ServerUtils.java:getDBPath(299)) - ozone.om.db.dirs is not configured. We recommend adding this setting. Falling back to ozone.metadata.dirs instead.
2024-03-11 08:32:39,299 [main] INFO  proxy.SCMBlockLocationFailoverProxyProvider (SCMBlockLocationFailoverProxyProvider.java:<init>(115)) - Created block location fail-over proxy with 1 nodes: [nodeId=scmNodeId,nodeAddress=/0.0.0.0:15130]
OM initialization succeeded.Current cluster id for sd=/home/runner/work/ozone/ozone/hadoop-ozone/integration-test/target/test-dir/MiniOzoneClusterImpl-3b234497-56f6-48e5-9ae2-a9674f906486/omNode-3/om;cid=3b234497-56f6-48e5-9ae2-a9674f906486;layoutVersion=6
2024-03-11 08:32:39,310 [main] INFO  ha.OMHANodeDetails (OMHANodeDetails.java:loadOMHAConfig(121)) - ServiceID for OzoneManager is om-service-test1
2024-03-11 08:32:39,310 [main] INFO  ha.OMHANodeDetails (OMHANodeDetails.java:loadOMHAConfig(201)) - Found matching OM address with OMServiceId: om-service-test1, OMNodeId: omNode-3, RPC Address: localhost:15141 and Ratis port: 15144
2024-03-11 08:32:39,310 [main] INFO  ha.OMHANodeDetails (ConfUtils.java:setNodeSpecificConfigs(97)) - Setting configuration key ozone.om.http-address with value of key ozone.om.http-address.om-service-test1.omNode-3: 127.0.0.1:15142
2024-03-11 08:32:39,311 [main] INFO  ha.OMHANodeDetails (ConfUtils.java:setNodeSpecificConfigs(97)) - Setting configuration key ozone.om.https-address with value of key ozone.om.https-address.om-service-test1.omNode-3: 127.0.0.1:15143
2024-03-11 08:32:39,311 [main] INFO  ha.OMHANodeDetails (ConfUtils.java:setNodeSpecificConfigs(97)) - Setting configuration key ozone.om.address with value of key ozone.om.address.om-service-test1.omNode-3: 127.0.0.1:15141
2024-03-11 08:32:39,311 [main] WARN  server.ServerUtils (ServerUtils.java:getDBPath(299)) - ozone.om.db.dirs is not configured. We recommend adding this setting. Falling back to ozone.metadata.dirs instead.
2024-03-11 08:32:39,312 [main] INFO  upgrade.AbstractLayoutVersionManager (AbstractLayoutVersionManager.java:init(83)) - Initializing Layout version manager with metadata layout = QUOTA (version = 6), software layout = QUOTA (version = 6)
2024-03-11 08:32:39,350 [main] INFO  upgrade.OMLayoutVersionManager (OMLayoutVersionManager.java:lambda$0(113)) - Skipping Upgrade Action QuotaRepairUpgradeAction since it has been finalized.
2024-03-11 08:32:39,350 [main] INFO  upgrade.OMLayoutVersionManager (OMLayoutVersionManager.java:lambda$0(113)) - Skipping Upgrade Action MockOmUpgradeAction since it has been finalized.
2024-03-11 08:32:39,350 [main] WARN  server.ServerUtils (ServerUtils.java:getDBPath(299)) - ozone.om.db.dirs is not configured. We recommend adding this setting. Falling back to ozone.metadata.dirs instead.
2024-03-11 08:32:39,351 [main] INFO  proxy.SCMBlockLocationFailoverProxyProvider (SCMBlockLocationFailoverProxyProvider.java:<init>(115)) - Created block location fail-over proxy with 1 nodes: [nodeId=scmNodeId,nodeAddress=/0.0.0.0:15130]
2024-03-11 08:32:39,352 [main] INFO  proxy.SCMBlockLocationFailoverProxyProvider (SCMBlockLocationFailoverProxyProvider.java:<init>(115)) - Created block location fail-over proxy with 1 nodes: [nodeId=scmNodeId,nodeAddress=/0.0.0.0:15130]
2024-03-11 08:32:39,356 [main] INFO  om.OzoneManager (OzoneManager.java:<init>(679)) - OM start with adminUsers: [*, runner]
2024-03-11 08:32:39,356 [main] WARN  server.ServerUtils (ServerUtils.java:getDBPath(299)) - ozone.om.db.dirs is not configured. We recommend adding this setting. Falling back to ozone.metadata.dirs instead.
2024-03-11 08:32:39,356 [main] INFO  helpers.OmKeyInfo (OmKeyInfo.java:getCodec(71)) - OmKeyInfo.getCodec ignorePipeline = true
2024-03-11 08:32:39,503 [main] INFO  om.OzoneManager (OzoneManager.java:instantiateServices(811)) - S3 Multi-Tenancy is disabled
2024-03-11 08:32:39,503 [main] INFO  om.OmSnapshotManager (OmSnapshotManager.java:<init>(177)) - Ozone filesystem snapshot feature is enabled.
2024-03-11 08:32:39,504 [main] WARN  server.ServerUtils (ServerUtils.java:getDBPath(299)) - ozone.om.snapshot.diff.db.dir is not configured. We recommend adding this setting. Falling back to ozone.metadata.dirs instead.
2024-03-11 08:32:39,521 [main] INFO  utils.NativeLibraryLoader (NativeLibraryLoader.java:loadLibrary(108)) - Loading Library: ozone_rocksdb_tools
2024-03-11 08:32:39,522 [main] ERROR snapshot.SnapshotDiffManager (SnapshotDiffManager.java:initNativeLibraryForEfficientDiff(287)) - Native Library for raw sst file reading loading failed.
org.apache.hadoop.hdds.utils.NativeLibraryNotLoadedException: Unable to load library ozone_rocksdb_tools from both java.library.path & resource file libozone_rocksdb_tools.so from jar.
	at org.apache.hadoop.hdds.utils.db.managed.ManagedRawSSTFileReader.loadLibrary(ManagedRawSSTFileReader.java:38)
	at org.apache.hadoop.ozone.om.snapshot.SnapshotDiffManager.initNativeLibraryForEfficientDiff(SnapshotDiffManager.java:285)
	at org.apache.hadoop.ozone.om.snapshot.SnapshotDiffManager.<init>(SnapshotDiffManager.java:259)
	at org.apache.hadoop.ozone.om.OmSnapshotManager.<init>(OmSnapshotManager.java:279)
	at org.apache.hadoop.ozone.om.OzoneManager.instantiateServices(OzoneManager.java:863)
	at org.apache.hadoop.ozone.om.OzoneManager.<init>(OzoneManager.java:689)
	at org.apache.hadoop.ozone.om.OzoneManager.createOm(OzoneManager.java:774)
	at org.apache.hadoop.ozone.MiniOzoneHAClusterImpl$Builder.createOMService(MiniOzoneHAClusterImpl.java:509)
	at org.apache.hadoop.ozone.MiniOzoneHAClusterImpl$Builder.build(MiniOzoneHAClusterImpl.java:425)
	at org.apache.hadoop.ozone.om.TestOzoneManagerHA.init(TestOzoneManagerHA.java:182)
	at sun.reflect.NativeMethodAccessorImpl.invoke0(Native Method)
	at sun.reflect.NativeMethodAccessorImpl.invoke(NativeMethodAccessorImpl.java:62)
	at sun.reflect.DelegatingMethodAccessorImpl.invoke(DelegatingMethodAccessorImpl.java:43)
	at java.lang.reflect.Method.invoke(Method.java:498)
	at org.junit.platform.commons.util.ReflectionUtils.invokeMethod(ReflectionUtils.java:728)
	at org.junit.jupiter.engine.execution.MethodInvocation.proceed(MethodInvocation.java:60)
	at org.junit.jupiter.engine.execution.InvocationInterceptorChain$ValidatingInvocation.proceed(InvocationInterceptorChain.java:131)
	at org.junit.jupiter.engine.extension.TimeoutExtension.intercept(TimeoutExtension.java:156)
	at org.junit.jupiter.engine.extension.TimeoutExtension.interceptLifecycleMethod(TimeoutExtension.java:128)
	at org.junit.jupiter.engine.extension.TimeoutExtension.interceptBeforeAllMethod(TimeoutExtension.java:70)
	at org.junit.jupiter.engine.execution.InterceptingExecutableInvoker$ReflectiveInterceptorCall.lambda$ofVoidMethod$0(InterceptingExecutableInvoker.java:103)
	at org.junit.jupiter.engine.execution.InterceptingExecutableInvoker.lambda$invoke$0(InterceptingExecutableInvoker.java:93)
	at org.junit.jupiter.engine.execution.InvocationInterceptorChain$InterceptedInvocation.proceed(InvocationInterceptorChain.java:106)
	at org.junit.jupiter.engine.execution.InvocationInterceptorChain.proceed(InvocationInterceptorChain.java:64)
	at org.junit.jupiter.engine.execution.InvocationInterceptorChain.chainAndInvoke(InvocationInterceptorChain.java:45)
	at org.junit.jupiter.engine.execution.InvocationInterceptorChain.invoke(InvocationInterceptorChain.java:37)
	at org.junit.jupiter.engine.execution.InterceptingExecutableInvoker.invoke(InterceptingExecutableInvoker.java:92)
	at org.junit.jupiter.engine.execution.InterceptingExecutableInvoker.invoke(InterceptingExecutableInvoker.java:86)
	at org.junit.jupiter.engine.descriptor.ClassBasedTestDescriptor.lambda$invokeBeforeAllMethods$13(ClassBasedTestDescriptor.java:412)
	at org.junit.platform.engine.support.hierarchical.ThrowableCollector.execute(ThrowableCollector.java:73)
	at org.junit.jupiter.engine.descriptor.ClassBasedTestDescriptor.invokeBeforeAllMethods(ClassBasedTestDescriptor.java:410)
	at org.junit.jupiter.engine.descriptor.ClassBasedTestDescriptor.before(ClassBasedTestDescriptor.java:216)
	at org.junit.jupiter.engine.descriptor.ClassBasedTestDescriptor.before(ClassBasedTestDescriptor.java:85)
	at org.junit.platform.engine.support.hierarchical.NodeTestTask.lambda$executeRecursively$6(NodeTestTask.java:148)
	at org.junit.platform.engine.support.hierarchical.ThrowableCollector.execute(ThrowableCollector.java:73)
	at org.junit.platform.engine.support.hierarchical.NodeTestTask.lambda$executeRecursively$8(NodeTestTask.java:141)
	at org.junit.platform.engine.support.hierarchical.Node.around(Node.java:137)
	at org.junit.platform.engine.support.hierarchical.NodeTestTask.lambda$executeRecursively$9(NodeTestTask.java:139)
	at org.junit.platform.engine.support.hierarchical.ThrowableCollector.execute(ThrowableCollector.java:73)
	at org.junit.platform.engine.support.hierarchical.NodeTestTask.executeRecursively(NodeTestTask.java:138)
	at org.junit.platform.engine.support.hierarchical.NodeTestTask.execute(NodeTestTask.java:95)
	at java.util.ArrayList.forEach(ArrayList.java:1259)
	at org.junit.platform.engine.support.hierarchical.SameThreadHierarchicalTestExecutorService.invokeAll(SameThreadHierarchicalTestExecutorService.java:41)
	at org.junit.platform.engine.support.hierarchical.NodeTestTask.lambda$executeRecursively$6(NodeTestTask.java:155)
	at org.junit.platform.engine.support.hierarchical.ThrowableCollector.execute(ThrowableCollector.java:73)
	at org.junit.platform.engine.support.hierarchical.NodeTestTask.lambda$executeRecursively$8(NodeTestTask.java:141)
	at org.junit.platform.engine.support.hierarchical.Node.around(Node.java:137)
	at org.junit.platform.engine.support.hierarchical.NodeTestTask.lambda$executeRecursively$9(NodeTestTask.java:139)
	at org.junit.platform.engine.support.hierarchical.ThrowableCollector.execute(ThrowableCollector.java:73)
	at org.junit.platform.engine.support.hierarchical.NodeTestTask.executeRecursively(NodeTestTask.java:138)
	at org.junit.platform.engine.support.hierarchical.NodeTestTask.execute(NodeTestTask.java:95)
	at org.junit.platform.engine.support.hierarchical.SameThreadHierarchicalTestExecutorService.submit(SameThreadHierarchicalTestExecutorService.java:35)
	at org.junit.platform.engine.support.hierarchical.HierarchicalTestExecutor.execute(HierarchicalTestExecutor.java:57)
	at org.junit.platform.engine.support.hierarchical.HierarchicalTestEngine.execute(HierarchicalTestEngine.java:54)
	at org.junit.platform.launcher.core.EngineExecutionOrchestrator.execute(EngineExecutionOrchestrator.java:198)
	at org.junit.platform.launcher.core.EngineExecutionOrchestrator.execute(EngineExecutionOrchestrator.java:169)
	at org.junit.platform.launcher.core.EngineExecutionOrchestrator.execute(EngineExecutionOrchestrator.java:93)
	at org.junit.platform.launcher.core.EngineExecutionOrchestrator.lambda$execute$0(EngineExecutionOrchestrator.java:58)
	at org.junit.platform.launcher.core.EngineExecutionOrchestrator.withInterceptedStreams(EngineExecutionOrchestrator.java:141)
	at org.junit.platform.launcher.core.EngineExecutionOrchestrator.execute(EngineExecutionOrchestrator.java:57)
	at org.junit.platform.launcher.core.DefaultLauncher.execute(DefaultLauncher.java:103)
	at org.junit.platform.launcher.core.DefaultLauncher.execute(DefaultLauncher.java:85)
	at org.junit.platform.launcher.core.DelegatingLauncher.execute(DelegatingLauncher.java:47)
	at org.junit.platform.launcher.core.SessionPerRequestLauncher.execute(SessionPerRequestLauncher.java:63)
	at org.apache.maven.surefire.junitplatform.JUnitPlatformProvider.invokeAllTests(JUnitPlatformProvider.java:165)
	at org.apache.maven.surefire.junitplatform.JUnitPlatformProvider.invoke(JUnitPlatformProvider.java:124)
	at org.apache.maven.surefire.booter.ForkedBooter.runSuitesInProcess(ForkedBooter.java:428)
	at org.apache.maven.surefire.booter.ForkedBooter.execute(ForkedBooter.java:162)
	at org.apache.maven.surefire.booter.ForkedBooter.run(ForkedBooter.java:562)
	at org.apache.maven.surefire.booter.ForkedBooter.main(ForkedBooter.java:548)
2024-03-11 08:32:39,524 [main] INFO  om.OzoneManager (OzoneManager.java:addS3GVolumeToDB(4468)) - Created Volume s3v With Owner runner required for S3Gateway operations.
2024-03-11 08:32:39,524 [main] WARN  server.ServerUtils (ServerUtils.java:getDefaultRatisDirectory(311)) - Storage directory for Ratis is not configured. It is a good idea to map this to an SSD disk. Falling back to ozone.metadata.dirs
2024-03-11 08:32:39,525 [main] WARN  utils.OzoneManagerRatisUtils (OzoneManagerRatisUtils.java:getOMRatisSnapshotDirectory(476)) - ozone.om.ratis.snapshot.dir is not configured. Falling back to ozone.metadata.dirs config
2024-03-11 08:32:39,525 [main] INFO  utils.RDBSnapshotProvider (RDBSnapshotProvider.java:init(87)) - Cleaning up the candidate dir: /home/runner/work/ozone/ozone/hadoop-ozone/integration-test/target/test-dir/MiniOzoneClusterImpl-3b234497-56f6-48e5-9ae2-a9674f906486/omNode-3/snapshot/om.db.candidate
2024-03-11 08:32:39,525 [main] INFO  ratis_snapshot.OmRatisSnapshotProvider (OmRatisSnapshotProvider.java:<init>(99)) - Initializing OM Snapshot Provider
2024-03-11 08:32:39,526 [main] WARN  dropwizard3.Dm3MetricRegistriesImpl (Dm3MetricRegistriesImpl.java:addReporterRegistration(113)) - New reporters are added after registries were created. Some metrics will be missing from the reporter. Please add reporter before adding any new registry.
2024-03-11 08:32:39,526 [main] WARN  dropwizard3.Dm3MetricRegistriesImpl (Dm3MetricRegistriesImpl.java:addReporterRegistration(113)) - New reporters are added after registries were created. Some metrics will be missing from the reporter. Please add reporter before adding any new registry.
2024-03-11 08:32:39,526 [main] WARN  server.ServerUtils (ServerUtils.java:getDefaultRatisDirectory(311)) - Storage directory for Ratis is not configured. It is a good idea to map this to an SSD disk. Falling back to ozone.metadata.dirs
2024-03-11 08:32:39,527 [main] INFO  ratis.OzoneManagerRatisServer (OzoneManagerRatisServer.java:<init>(167)) - Instantiating OM Ratis server with groupID: om-service-test1 and peers: localhost:15144, localhost:15136, localhost:15140
2024-03-11 08:32:39,527 [main] INFO  ratis.OzoneManagerStateMachine (OzoneManagerStateMachine.java:loadSnapshotInfoFromDB(575)) - TransactionInfo not found in OM DB.
2024-03-11 08:32:39,528 [main] INFO  server.RaftServer (ConfUtils.java:logGet(46)) - raft.rpc.type = GRPC (default)
2024-03-11 08:32:39,528 [main] INFO  grpc.GrpcConfigKeys (ConfUtils.java:logFallback(53)) - raft.grpc.admin.host = null (fallback to raft.grpc.server.host)
2024-03-11 08:32:39,528 [main] INFO  grpc.GrpcConfigKeys (ConfUtils.java:logFallback(53)) - raft.grpc.admin.port = 15144 (fallback to raft.grpc.server.port)
2024-03-11 08:32:39,528 [main] INFO  grpc.GrpcConfigKeys (ConfUtils.java:logFallback(53)) - raft.grpc.client.host = null (fallback to raft.grpc.server.host)
2024-03-11 08:32:39,528 [main] INFO  grpc.GrpcConfigKeys (ConfUtils.java:logFallback(53)) - raft.grpc.client.port = 15144 (fallback to raft.grpc.server.port)
2024-03-11 08:32:39,528 [main] INFO  grpc.GrpcConfigKeys (ConfUtils.java:logGet(46)) - raft.grpc.server.host = null (default)
2024-03-11 08:32:39,529 [main] INFO  grpc.GrpcConfigKeys (ConfUtils.java:logGet(46)) - raft.grpc.server.port = 15144 (custom)
2024-03-11 08:32:39,529 [main] INFO  server.GrpcService (ConfUtils.java:logGet(46)) - raft.grpc.message.size.max = 4194304 (custom)
2024-03-11 08:32:39,529 [main] INFO  server.RaftServerConfigKeys (ConfUtils.java:logGet(46)) - raft.server.log.appender.buffer.byte-limit = 4194304 (custom)
2024-03-11 08:32:39,529 [main] INFO  server.GrpcService (ConfUtils.java:logGet(46)) - raft.grpc.flow.control.window = 1MB (=1048576) (default)
2024-03-11 08:32:39,529 [main] INFO  server.RaftServerConfigKeys (ConfUtils.java:logGet(46)) - raft.server.rpc.request.timeout = 3000ms (default)
2024-03-11 08:32:39,529 [main] INFO  grpc.GrpcConfigKeys (ConfUtils.java:logGet(46)) - raft.grpc.server.heartbeat.channel = true (default)
2024-03-11 08:32:39,529 [main] INFO  grpc.GrpcConfigKeys (ConfUtils.java:logGet(46)) - raft.grpc.server.async.request.thread.pool.cached = true (default)
2024-03-11 08:32:39,529 [main] INFO  grpc.GrpcConfigKeys (ConfUtils.java:logGet(46)) - raft.grpc.server.async.request.thread.pool.size = 32 (default)
2024-03-11 08:32:39,530 [main] INFO  impl.DataStreamServerImpl (ConfUtils.java:logGet(46)) - raft.datastream.type = DISABLED (default)
2024-03-11 08:32:39,530 [main] INFO  server.RaftServerConfigKeys (ConfUtils.java:logGet(46)) - raft.server.sleep.deviation.threshold = 300ms (default)
2024-03-11 08:32:39,531 [main] INFO  server.RaftServerConfigKeys (ConfUtils.java:logGet(46)) - raft.server.close.threshold = 60s (default)
2024-03-11 08:32:39,531 [main] INFO  server.RaftServerConfigKeys (ConfUtils.java:logGet(46)) - raft.server.leaderelection.leader.step-down.wait-time = 10s (default)
2024-03-11 08:32:39,531 [main] INFO  server.RaftServerConfigKeys (ConfUtils.java:logGet(46)) - raft.server.storage.dir = [/home/runner/work/ozone/ozone/hadoop-ozone/integration-test/target/test-dir/MiniOzoneClusterImpl-3b234497-56f6-48e5-9ae2-a9674f906486/omNode-3/ratis] (custom)
2024-03-11 08:32:39,531 [main] INFO  server.RaftServerConfigKeys (ConfUtils.java:logGet(46)) - raft.server.threadpool.proxy.cached = true (default)
2024-03-11 08:32:39,531 [main] INFO  server.RaftServerConfigKeys (ConfUtils.java:logGet(46)) - raft.server.threadpool.proxy.size = 0 (default)
2024-03-11 08:32:39,531 [main] INFO  server.RaftServer (RaftServerProxy.java:addNew(100)) - omNode-3: addNew group-523986131536:[omNode-3|localhost:15144, omNode-1|localhost:15136, omNode-2|localhost:15140] returns group-523986131536:java.util.concurrent.CompletableFuture@10f98156[Not completed]
2024-03-11 08:32:39,532 [main] INFO  om.OzoneManager (OzoneManager.java:initializeRatisServer(2177)) - OzoneManager Ratis server initialized at port 15144
2024-03-11 08:32:39,531 [omNode-3-groupManagement] INFO  server.RaftServer$Division (RaftServerImpl.java:<init>(256)) - omNode-3: new RaftServerImpl for group-523986131536:[omNode-3|localhost:15144, omNode-1|localhost:15136, omNode-2|localhost:15140] with OzoneManagerStateMachine:uninitialized
2024-03-11 08:32:39,532 [main] INFO  om.OzoneManager (OzoneManager.java:getRpcServer(1231)) - Creating RPC Server
2024-03-11 08:32:39,532 [omNode-3-groupManagement] INFO  server.RaftServerConfigKeys (ConfUtils.java:logGet(46)) - raft.server.rpc.timeout.min = 1s (custom)
2024-03-11 08:32:39,532 [omNode-3-groupManagement] INFO  server.RaftServerConfigKeys (ConfUtils.java:logGet(46)) - raft.server.rpc.timeout.max = 1200ms (custom)
2024-03-11 08:32:39,532 [omNode-3-groupManagement] INFO  server.RaftServerConfigKeys (ConfUtils.java:logGet(46)) - raft.server.rpc.sleep.time = 25ms (default)
2024-03-11 08:32:39,532 [omNode-3-groupManagement] INFO  server.RaftServerConfigKeys (ConfUtils.java:logGet(46)) - raft.server.rpc.slowness.timeout = 2s (custom)
2024-03-11 08:32:39,532 [omNode-3-groupManagement] INFO  server.RaftServerConfigKeys (ConfUtils.java:logGet(46)) - raft.server.leaderelection.leader.step-down.wait-time = 10s (default)
2024-03-11 08:32:39,532 [omNode-3-groupManagement] INFO  server.RaftServerConfigKeys (ConfUtils.java:logGet(46)) - raft.server.leaderelection.member.majority-add = false (default)
2024-03-11 08:32:39,532 [omNode-3-groupManagement] INFO  server.RaftServerConfigKeys (ConfUtils.java:logGet(46)) - raft.server.sleep.deviation.threshold = 300ms (default)
2024-03-11 08:32:39,532 [omNode-3-groupManagement] INFO  server.RaftServer$Division (ServerState.java:<init>(113)) - omNode-3@group-523986131536: ConfigurationManager, init=-1: peers:[omNode-3|localhost:15144, omNode-1|localhost:15136, omNode-2|localhost:15140]|listeners:[], old=null, confs=<EMPTY_MAP>
2024-03-11 08:32:39,532 [omNode-3-groupManagement] INFO  server.RaftServerConfigKeys (ConfUtils.java:logGet(46)) - raft.server.notification.no-leader.timeout = 2s (custom)
2024-03-11 08:32:39,532 [omNode-3-groupManagement] INFO  server.RaftServerConfigKeys (ConfUtils.java:logGet(46)) - raft.server.read.timeout = 10s (default)
2024-03-11 08:32:39,533 [omNode-3-groupManagement] INFO  server.RaftServerConfigKeys (ConfUtils.java:logGet(46)) - raft.server.retrycache.expirytime = 30000ms (custom)
2024-03-11 08:32:39,533 [omNode-3-groupManagement] INFO  server.RaftServerConfigKeys (ConfUtils.java:logGet(46)) - raft.server.retrycache.statistics.expirytime = 100ms (default)
2024-03-11 08:32:39,533 [omNode-3-groupManagement] INFO  server.RaftServerConfigKeys (ConfUtils.java:logGet(46)) - raft.server.read.option = DEFAULT (default)
2024-03-11 08:32:39,533 [omNode-3-groupManagement] INFO  server.RaftServerConfigKeys (ConfUtils.java:logGet(46)) - raft.server.read.read-after-write-consistent.write-index-cache.expiry-time = 60s (default)
2024-03-11 08:32:39,534 [omNode-3-groupManagement] INFO  server.RaftServerConfigKeys (ConfUtils.java:logGet(46)) - raft.server.rpc.request.timeout = 3000ms (default)
2024-03-11 08:32:39,534 [omNode-3-groupManagement] INFO  server.RaftServerConfigKeys (ConfUtils.java:logGet(46)) - raft.server.log.appender.install.snapshot.enabled = false (custom)
2024-03-11 08:32:39,534 [omNode-3-groupManagement] INFO  server.RaftServerConfigKeys (ConfUtils.java:logGet(46)) - raft.server.threadpool.server.cached = true (default)
2024-03-11 08:32:39,534 [omNode-3-groupManagement] INFO  server.RaftServerConfigKeys (ConfUtils.java:logGet(46)) - raft.server.threadpool.server.size = 0 (default)
2024-03-11 08:32:39,534 [omNode-3-groupManagement] INFO  server.RaftServerConfigKeys (ConfUtils.java:logGet(46)) - raft.server.threadpool.client.cached = true (default)
2024-03-11 08:32:39,534 [omNode-3-groupManagement] INFO  server.RaftServerConfigKeys (ConfUtils.java:logGet(46)) - raft.server.threadpool.client.size = 0 (default)
2024-03-11 08:32:39,754 [main] INFO  ipc.CallQueueManager (CallQueueManager.java:<init>(90)) - Using callQueue: class java.util.concurrent.LinkedBlockingQueue, queueCapacity: 2000, scheduler: class org.apache.hadoop.ipc.DefaultRpcScheduler, ipcBackoff: false.
2024-03-11 08:32:39,755 [main] INFO  ipc.Server (Server.java:<init>(1287)) - Listener at 127.0.0.1:15141
2024-03-11 08:32:39,755 [Socket Reader #1 for port 15141] INFO  ipc.Server (Server.java:run(1323)) - Starting Socket Reader #1 for port 15141
2024-03-11 08:32:39,770 [main] INFO  impl.MetricsSystemImpl (MetricsSystemImpl.java:init(158)) - OzoneManager metrics system started (again)
2024-03-11 08:32:39,777 [main] INFO  om.OzoneManager (OzoneManager.java:start(1653)) - OzoneManager RPC server is listening at localhost/127.0.0.1:15141
2024-03-11 08:32:39,777 [main] INFO  ratis.OzoneManagerRatisServer (OzoneManagerRatisServer.java:start(588)) - Starting OzoneManagerRatisServer omNode-3 at port 15144
2024-03-11 08:32:39,778 [omNode-3-impl-thread1] INFO  server.RaftServerConfigKeys (ConfUtils.java:logGet(46)) - raft.server.storage.free-space.min = 0MB (=0) (default)
2024-03-11 08:32:39,778 [omNode-3-impl-thread1] INFO  server.RaftServerConfigKeys (ConfUtils.java:logGet(46)) - raft.server.log.corruption.policy = EXCEPTION (default)
2024-03-11 08:32:39,778 [omNode-3-impl-thread1] INFO  server.RaftServerConfigKeys (ConfUtils.java:logGet(46)) - raft.server.storage.dir = [/home/runner/work/ozone/ozone/hadoop-ozone/integration-test/target/test-dir/MiniOzoneClusterImpl-3b234497-56f6-48e5-9ae2-a9674f906486/omNode-3/ratis] (custom)
2024-03-11 08:32:39,778 [omNode-3-impl-thread1] INFO  storage.RaftStorageDirectory (RaftStorageDirectoryImpl.java:analyzeStorage(138)) - The storage directory /home/runner/work/ozone/ozone/hadoop-ozone/integration-test/target/test-dir/MiniOzoneClusterImpl-3b234497-56f6-48e5-9ae2-a9674f906486/omNode-3/ratis/c9bc4cf4-3bc3-3c60-a66b-523986131536 does not exist. Creating ...
2024-03-11 08:32:39,779 [omNode-3-impl-thread1] INFO  storage.RaftStorageDirectory (RaftStorageDirectoryImpl.java:tryLock(228)) - Lock on /home/runner/work/ozone/ozone/hadoop-ozone/integration-test/target/test-dir/MiniOzoneClusterImpl-3b234497-56f6-48e5-9ae2-a9674f906486/omNode-3/ratis/c9bc4cf4-3bc3-3c60-a66b-523986131536/in_use.lock acquired by nodename 48108@fv-az1250-130
2024-03-11 08:32:39,781 [omNode-3-impl-thread1] INFO  storage.RaftStorage (RaftStorageImpl.java:format(99)) - Storage directory /home/runner/work/ozone/ozone/hadoop-ozone/integration-test/target/test-dir/MiniOzoneClusterImpl-3b234497-56f6-48e5-9ae2-a9674f906486/omNode-3/ratis/c9bc4cf4-3bc3-3c60-a66b-523986131536 has been successfully formatted.
2024-03-11 08:32:39,781 [omNode-3-impl-thread1] WARN  util.FileUtils (LogUtils.java:supplyAndLog(63)) - Failed to Files.newInputStream /home/runner/work/ozone/ozone/hadoop-ozone/integration-test/target/test-dir/MiniOzoneClusterImpl-3b234497-56f6-48e5-9ae2-a9674f906486/omNode-3/ratis/c9bc4cf4-3bc3-3c60-a66b-523986131536/current/raft-meta.conf with options []: java.nio.file.NoSuchFileException: /home/runner/work/ozone/ozone/hadoop-ozone/integration-test/target/test-dir/MiniOzoneClusterImpl-3b234497-56f6-48e5-9ae2-a9674f906486/omNode-3/ratis/c9bc4cf4-3bc3-3c60-a66b-523986131536/current/raft-meta.conf
2024-03-11 08:32:39,781 [omNode-3-impl-thread1] INFO  server.RaftServerConfigKeys (ConfUtils.java:logGet(46)) - raft.server.log.use.memory = false (default)
2024-03-11 08:32:39,781 [omNode-3-impl-thread1] INFO  server.RaftServerConfigKeys (ConfUtils.java:logGet(46)) - raft.server.log.purge.gap = 50 (custom)
2024-03-11 08:32:39,781 [omNode-3-impl-thread1] INFO  server.RaftServerConfigKeys (ConfUtils.java:logGet(46)) - raft.server.log.appender.buffer.byte-limit = 4194304 (custom)
2024-03-11 08:32:39,781 [omNode-3-impl-thread1] INFO  server.RaftServerConfigKeys (ConfUtils.java:logGet(46)) - raft.server.log.statemachine.data.read.timeout = 1000ms (default)
2024-03-11 08:32:39,781 [omNode-3-impl-thread1] INFO  server.RaftServerConfigKeys (ConfUtils.java:logGet(46)) - raft.server.log.purge.preservation.log.num = 0 (default)
2024-03-11 08:32:39,782 [omNode-3-impl-thread1] INFO  server.RaftServerConfigKeys (ConfUtils.java:logGet(46)) - raft.server.log.segment.size.max = 4194304 (custom)
2024-03-11 08:32:39,782 [omNode-3-impl-thread1] INFO  server.RaftServerConfigKeys (ConfUtils.java:logGet(46)) - raft.server.log.segment.cache.num.max = 2 (custom)
2024-03-11 08:32:39,782 [omNode-3-impl-thread1] INFO  server.RaftServerConfigKeys (ConfUtils.java:logGet(46)) - raft.server.log.segment.cache.size.max = 200MB (=209715200) (default)
2024-03-11 08:32:39,782 [omNode-3-impl-thread1] INFO  server.RaftServerConfigKeys (ConfUtils.java:logGet(46)) - raft.server.log.appender.buffer.byte-limit = 4194304 (custom)
2024-03-11 08:32:39,783 [omNode-3-impl-thread1] INFO  util.AwaitToRun (AwaitToRun.java:start(81)) - Thread[omNode-3@group-523986131536-cacheEviction-AwaitToRun,5,main] started
2024-03-11 08:32:39,783 [omNode-3-impl-thread1] INFO  segmented.SegmentedRaftLogWorker (SegmentedRaftLogWorker.java:<init>(182)) - new omNode-3@group-523986131536-SegmentedRaftLogWorker for RaftStorageImpl:Storage Directory /home/runner/work/ozone/ozone/hadoop-ozone/integration-test/target/test-dir/MiniOzoneClusterImpl-3b234497-56f6-48e5-9ae2-a9674f906486/omNode-3/ratis/c9bc4cf4-3bc3-3c60-a66b-523986131536
2024-03-11 08:32:39,783 [omNode-3-impl-thread1] INFO  server.RaftServerConfigKeys (ConfUtils.java:logGet(46)) - raft.server.log.queue.byte-limit = 64MB (=67108864) (default)
2024-03-11 08:32:39,783 [omNode-3-impl-thread1] INFO  server.RaftServerConfigKeys (ConfUtils.java:logGet(46)) - raft.server.log.queue.element-limit = 4096 (default)
2024-03-11 08:32:39,783 [omNode-3-impl-thread1] INFO  server.RaftServerConfigKeys (ConfUtils.java:logGet(46)) - raft.server.log.segment.size.max = 4194304 (custom)
2024-03-11 08:32:39,783 [omNode-3-impl-thread1] INFO  server.RaftServerConfigKeys (ConfUtils.java:logGet(46)) - raft.server.log.preallocated.size = 4194304 (custom)
2024-03-11 08:32:39,783 [omNode-3-impl-thread1] INFO  server.RaftServerConfigKeys (ConfUtils.java:logGet(46)) - raft.server.log.force.sync.num = 128 (default)
2024-03-11 08:32:39,783 [omNode-3-impl-thread1] INFO  server.RaftServerConfigKeys (ConfUtils.java:logGet(46)) - raft.server.log.statemachine.data.sync = true (default)
2024-03-11 08:32:39,783 [omNode-3-impl-thread1] INFO  server.RaftServerConfigKeys (ConfUtils.java:logGet(46)) - raft.server.log.statemachine.data.sync.timeout = 10s (default)
2024-03-11 08:32:39,783 [omNode-3-impl-thread1] INFO  server.RaftServerConfigKeys (ConfUtils.java:logGet(46)) - raft.server.log.statemachine.data.sync.timeout.retry = -1 (default)
2024-03-11 08:32:39,783 [omNode-3-impl-thread1] INFO  server.RaftServerConfigKeys (ConfUtils.java:logGet(46)) - raft.server.log.write.buffer.size = 4194312 (custom)
2024-03-11 08:32:39,783 [omNode-3-impl-thread1] INFO  server.RaftServerConfigKeys (ConfUtils.java:logGet(46)) - raft.server.log.appender.buffer.byte-limit = 4194304 (custom)
2024-03-11 08:32:39,784 [omNode-3-impl-thread1] INFO  server.RaftServerConfigKeys (ConfUtils.java:logGet(46)) - raft.server.log.unsafe-flush.enabled = false (default)
2024-03-11 08:32:39,784 [omNode-3-impl-thread1] INFO  server.RaftServerConfigKeys (ConfUtils.java:logGet(46)) - raft.server.log.async-flush.enabled = false (default)
2024-03-11 08:32:39,784 [omNode-3-impl-thread1] INFO  server.RaftServerConfigKeys (ConfUtils.java:logGet(46)) - raft.server.log.statemachine.data.caching.enabled = false (default)
2024-03-11 08:32:39,784 [omNode-3-impl-thread1] INFO  segmented.SegmentedRaftLogWorker (SegmentedRaftLogWorker.java:lambda$new$0(134)) - omNode-3@group-523986131536-SegmentedRaftLogWorker: flushIndex: setUnconditionally 0 -> -1
2024-03-11 08:32:39,784 [omNode-3-impl-thread1] INFO  segmented.SegmentedRaftLogWorker (SegmentedRaftLogWorker.java:lambda$new$0(134)) - omNode-3@group-523986131536-SegmentedRaftLogWorker: safeCacheEvictIndex: setUnconditionally 0 -> -1
2024-03-11 08:32:39,784 [omNode-3-impl-thread1] INFO  server.RaftServer$Division (RaftServerImpl.java:start(396)) - omNode-3@group-523986131536: start as a follower, conf=-1: peers:[omNode-3|localhost:15144, omNode-1|localhost:15136, omNode-2|localhost:15140]|listeners:[], old=null
2024-03-11 08:32:39,784 [omNode-3-impl-thread1] INFO  server.RaftServer$Division (RaftServerImpl.java:setRole(383)) - omNode-3@group-523986131536: changes role from      null to FOLLOWER at term 0 for startAsFollower
2024-03-11 08:32:39,784 [omNode-3-impl-thread1] INFO  impl.RoleInfo (RoleInfo.java:updateAndGet(139)) - omNode-3: start omNode-3@group-523986131536-FollowerState
2024-03-11 08:32:39,784 [omNode-3@group-523986131536-FollowerState] INFO  server.RaftServerConfigKeys (ConfUtils.java:logFallback(53)) - raft.server.rpc.first-election.timeout.min = 1s (fallback to raft.server.rpc.timeout.min)
2024-03-11 08:32:39,784 [omNode-3-impl-thread1] INFO  util.JmxRegister (JmxRegister.java:tryRegister(44)) - Successfully registered JMX Bean with object name Ratis:service=RaftServer,group=group-523986131536,id=omNode-3
2024-03-11 08:32:39,785 [omNode-3-impl-thread1] INFO  server.RaftServerConfigKeys (ConfUtils.java:logGet(46)) - raft.server.snapshot.trigger-when-stop.enabled = true (default)
2024-03-11 08:32:39,785 [omNode-3-impl-thread1] INFO  server.RaftServerConfigKeys (ConfUtils.java:logGet(46)) - raft.server.snapshot.auto.trigger.enabled = true (custom)
2024-03-11 08:32:39,785 [omNode-3-impl-thread1] INFO  server.RaftServerConfigKeys (ConfUtils.java:logGet(46)) - raft.server.snapshot.auto.trigger.threshold = 50 (custom)
2024-03-11 08:32:39,785 [omNode-3-impl-thread1] INFO  server.RaftServerConfigKeys (ConfUtils.java:logGet(46)) - raft.server.snapshot.retention.file.num = -1 (default)
2024-03-11 08:32:39,785 [omNode-3-impl-thread1] INFO  server.RaftServerConfigKeys (ConfUtils.java:logGet(46)) - raft.server.log.purge.upto.snapshot.index = true (custom)
2024-03-11 08:32:39,785 [main] INFO  server.RaftServer (RaftServerProxy.java:startImpl(406)) - omNode-3: start RPC server
2024-03-11 08:32:39,785 [omNode-3@group-523986131536-FollowerState] INFO  server.RaftServerConfigKeys (ConfUtils.java:logFallback(53)) - raft.server.rpc.first-election.timeout.max = 1200ms (fallback to raft.server.rpc.timeout.max)
2024-03-11 08:32:39,786 [main] INFO  server.GrpcService (GrpcService.java:startImpl(302)) - omNode-3: GrpcService started, listening on 15144
2024-03-11 08:32:39,787 [JvmPauseMonitor42] INFO  util.JvmPauseMonitor (JvmPauseMonitor.java:run(146)) - JvmPauseMonitor-omNode-3: Started
2024-03-11 08:32:39,787 [main] INFO  om.OzoneManager (OzoneManager.java:start(1669)) - Version File has different layout version (6) than OM DB (null). That is expected if this OM has never been finalized to a newer layout version.
2024-03-11 08:32:39,792 [main] INFO  client.ScmTopologyClient (ScmTopologyClient.java:start(67)) - Initial network topology fetched from SCM: /.
2024-03-11 08:32:39,793 [main] INFO  net.NodeSchemaLoader (NodeSchemaLoader.java:loadSchemaFromFile(129)) - Loading schema from [jar:file:/home/runner/.m2/repository/org/apache/ozone/hdds-common/1.5.0-SNAPSHOT/hdds-common-1.5.0-SNAPSHOT.jar!/network-topology-default.xml]
2024-03-11 08:32:39,793 [main] INFO  net.NodeSchemaLoader (NodeSchemaLoader.java:loadSchema(176)) - Loading network topology layer schema file
2024-03-11 08:32:39,796 [main] INFO  http.BaseHttpServer (BaseHttpServer.java:newHttpServer2BuilderForOzone(223)) - Starting Web-server for ozoneManager at: http://0.0.0.0:15142
2024-03-11 08:32:39,796 [main] INFO  http.BaseHttpServer (BaseHttpServer.java:<init>(110)) - Hadoop Security Enabled: false Ozone Security Enabled: false Ozone HTTP Security Enabled: false 
2024-03-11 08:32:39,797 [main] WARN  server.AuthenticationFilter (AuthenticationFilter.java:constructSecretProvider(240)) - Unable to initialize FileSignerSecretProvider, falling back to use random secrets. Reason: Could not read signature secret file: /home/runner/hadoop-http-auth-signature-secret
2024-03-11 08:32:39,797 [main] INFO  http.HttpRequestLog (HttpRequestLog.java:getRequestLog(86)) - Http request log for http.requests.ozoneManager is not defined
2024-03-11 08:32:39,798 [main] INFO  http.HttpServer2 (HttpServer2.java:addGlobalFilter(1036)) - Added global filter 'safety' (class=org.apache.hadoop.hdds.server.http.HttpServer2$QuotingInputFilter)
2024-03-11 08:32:39,798 [main] INFO  http.HttpServer2 (HttpServer2.java:addFilter(1012)) - Added filter static_user_filter (class=org.apache.hadoop.http.lib.StaticUserWebFilter$StaticUserFilter) to context ozoneManager
2024-03-11 08:32:39,799 [main] INFO  http.HttpServer2 (HttpServer2.java:addFilter(1020)) - Added filter static_user_filter (class=org.apache.hadoop.http.lib.StaticUserWebFilter$StaticUserFilter) to context static
2024-03-11 08:32:39,799 [main] INFO  http.HttpServer2 (HttpServer2.java:addFilter(1020)) - Added filter static_user_filter (class=org.apache.hadoop.http.lib.StaticUserWebFilter$StaticUserFilter) to context logs
2024-03-11 08:32:39,799 [main] INFO  http.BaseHttpServer (BaseHttpServer.java:<init>(189)) - HTTP server of ozoneManager uses base directory /home/runner/work/ozone/ozone/hadoop-ozone/integration-test/target/test-dir/MiniOzoneClusterImpl-3b234497-56f6-48e5-9ae2-a9674f906486/omNode-3/webserver
2024-03-11 08:32:39,799 [main] INFO  http.HttpServer2 (HttpServer2.java:bindListener(1236)) - Jetty bound to port 15142
2024-03-11 08:32:39,799 [main] INFO  server.Server (Server.java:doStart(375)) - jetty-9.4.53.v20231009; built: 2023-10-09T12:29:09.265Z; git: 27bde00a0b95a1d5bbee0eae7984f891d2d0f8c9; jvm 1.8.0_402-b06
2024-03-11 08:32:39,800 [main] INFO  server.session (DefaultSessionIdManager.java:doStart(334)) - DefaultSessionIdManager workerName=node0
2024-03-11 08:32:39,800 [main] INFO  server.session (DefaultSessionIdManager.java:doStart(339)) - No SessionScavenger set, using defaults
2024-03-11 08:32:39,801 [main] INFO  server.session (HouseKeeper.java:startScavenging(132)) - node0 Scavenging every 660000ms
2024-03-11 08:32:39,801 [main] INFO  handler.ContextHandler (ContextHandler.java:doStart(921)) - Started o.e.j.s.ServletContextHandler@73076bce{logs,/logs,file:///home/runner/work/ozone/ozone/hadoop-ozone/integration-test/target/log,AVAILABLE}
2024-03-11 08:32:39,801 [main] INFO  handler.ContextHandler (ContextHandler.java:doStart(921)) - Started o.e.j.s.ServletContextHandler@6239bee9{static,/static,file:///home/runner/work/ozone/ozone/hadoop-ozone/integration-test/target/test-classes/webapps/static,AVAILABLE}
2024-03-11 08:32:39,803 [main] INFO  handler.ContextHandler (ContextHandler.java:doStart(921)) - Started o.e.j.w.WebAppContext@2c53437f{ozoneManager,/,file:///home/runner/work/ozone/ozone/hadoop-ozone/integration-test/target/test-classes/webapps/ozoneManager/,AVAILABLE}{file:/home/runner/work/ozone/ozone/hadoop-ozone/integration-test/target/test-classes/webapps/ozoneManager}
2024-03-11 08:32:39,803 [main] INFO  server.AbstractConnector (AbstractConnector.java:doStart(333)) - Started ServerConnector@483f21fd{HTTP/1.1, (http/1.1)}{0.0.0.0:15142}
2024-03-11 08:32:39,804 [main] INFO  server.Server (Server.java:doStart(415)) - Started @374574ms
2024-03-11 08:32:39,804 [main] WARN  impl.MetricsSystemImpl (MetricsSystemImpl.java:register(279)) - Sink prometheus already exists!
2024-03-11 08:32:39,804 [main] INFO  http.BaseHttpServer (BaseHttpServer.java:updateConnectorAddress(354)) - HTTP server of ozoneManager listening at http://0.0.0.0:15142
2024-03-11 08:32:39,805 [IPC Server listener on 15141] INFO  ipc.Server (Server.java:run(1402)) - IPC Server listener on 15141: starting
2024-03-11 08:32:39,805 [IPC Server Responder] INFO  ipc.Server (Server.java:run(1562)) - IPC Server Responder: starting
2024-03-11 08:32:39,811 [main] INFO  om.OzoneManager (OzoneManager.java:startTrashEmptier(2130)) - Trash Interval set to 0. Files deleted won't move to trash
2024-03-11 08:32:39,811 [main] INFO  ozone.MiniOzoneHAClusterImpl (MiniOzoneHAClusterImpl.java:createOMService(516)) - Started OzoneManager omNode-3 RPC server at localhost/127.0.0.1:15141
2024-03-11 08:32:39,819 [main] WARN  dropwizard3.Dm3MetricRegistriesImpl (Dm3MetricRegistriesImpl.java:addReporterRegistration(113)) - New reporters are added after registries were created. Some metrics will be missing from the reporter. Please add reporter before adding any new registry.
2024-03-11 08:32:39,819 [main] WARN  dropwizard3.Dm3MetricRegistriesImpl (Dm3MetricRegistriesImpl.java:addReporterRegistration(113)) - New reporters are added after registries were created. Some metrics will be missing from the reporter. Please add reporter before adding any new registry.
2024-03-11 08:32:39,819 [main] INFO  impl.MetricsSystemImpl (MetricsSystemImpl.java:init(158)) - HddsDatanode metrics system started (again)
2024-03-11 08:32:39,828 [main] INFO  ozone.HddsDatanodeService (HddsDatanodeService.java:start(240)) - HddsDatanodeService host:fv-az1250-130.ebmzynhy2g4u3nwuixrszff3we.cx.internal.cloudapp.net ip:10.1.0.9
2024-03-11 08:32:39,848 [main] INFO  upgrade.AbstractLayoutVersionManager (AbstractLayoutVersionManager.java:init(83)) - Initializing Layout version manager with metadata layout = HADOOP_PRC_PORTS_IN_DATANODEDETAILS (version = 7), software layout = HADOOP_PRC_PORTS_IN_DATANODEDETAILS (version = 7)
2024-03-11 08:32:39,849 [main] INFO  statemachine.DatanodeStateMachine (DatanodeStateMachine.java:getEndPointTaskThreadPoolSize(299)) - Datanode State Machine Task Thread Pool size 2
2024-03-11 08:32:39,850 [main] INFO  volume.HddsVolume (HddsVolume.java:<init>(125)) - Creating HddsVolume: /home/runner/work/ozone/ozone/hadoop-ozone/integration-test/target/test-dir/MiniOzoneClusterImpl-3b234497-56f6-48e5-9ae2-a9674f906486/ozone-meta/datanode-1/data-0/hdds of storage type : DISK capacity : 9223372036854775807
2024-03-11 08:32:39,850 [main] INFO  volume.MutableVolumeSet (MutableVolumeSet.java:initializeVolumeSet(173)) - Added Volume : /home/runner/work/ozone/ozone/hadoop-ozone/integration-test/target/test-dir/MiniOzoneClusterImpl-3b234497-56f6-48e5-9ae2-a9674f906486/ozone-meta/datanode-1/data-0/hdds to VolumeSet
2024-03-11 08:32:39,851 [main] INFO  volume.MutableVolumeSet (MutableVolumeSet.java:initializeVolumeSet(173)) - Added Volume : /home/runner/work/ozone/ozone/hadoop-ozone/integration-test/target/test-dir/MiniOzoneClusterImpl-3b234497-56f6-48e5-9ae2-a9674f906486/ozone-meta/datanode-1/ratis to VolumeSet
2024-03-11 08:32:39,851 [main] INFO  ozoneimpl.OzoneContainer (HddsVolumeUtil.java:loadAllHddsVolumeDbStore(103)) - Load 1 volumes DbStore cost: 0ms
2024-03-11 08:32:39,852 [main] INFO  server.RaftServer (ConfUtils.java:logGet(46)) - raft.rpc.type = GRPC (default)
2024-03-11 08:32:39,853 [main] INFO  grpc.GrpcConfigKeys (ConfUtils.java:logFallback(53)) - raft.grpc.admin.host = null (fallback to raft.grpc.server.host)
2024-03-11 08:32:39,853 [main] INFO  grpc.GrpcConfigKeys (ConfUtils.java:logGet(46)) - raft.grpc.admin.port = 15150 (custom)
2024-03-11 08:32:39,853 [main] INFO  grpc.GrpcConfigKeys (ConfUtils.java:logFallback(53)) - raft.grpc.client.host = null (fallback to raft.grpc.server.host)
2024-03-11 08:32:39,853 [main] INFO  grpc.GrpcConfigKeys (ConfUtils.java:logGet(46)) - raft.grpc.client.port = 15149 (custom)
2024-03-11 08:32:39,853 [main] INFO  grpc.GrpcConfigKeys (ConfUtils.java:logGet(46)) - raft.grpc.server.host = null (default)
2024-03-11 08:32:39,853 [main] INFO  grpc.GrpcConfigKeys (ConfUtils.java:logGet(46)) - raft.grpc.server.port = 15151 (custom)
2024-03-11 08:32:39,853 [main] INFO  server.GrpcService (ConfUtils.java:logGet(46)) - raft.grpc.message.size.max = 32MB (=33554432) (custom)
2024-03-11 08:32:39,854 [main] INFO  server.RaftServerConfigKeys (ConfUtils.java:logGet(46)) - raft.server.log.appender.buffer.byte-limit = 8388608 (custom)
2024-03-11 08:32:39,854 [main] INFO  server.GrpcService (ConfUtils.java:logGet(46)) - raft.grpc.flow.control.window = 5MB (=5242880) (custom)
2024-03-11 08:32:39,854 [main] INFO  server.RaftServerConfigKeys (ConfUtils.java:logGet(46)) - raft.server.rpc.request.timeout = 60s (custom)
2024-03-11 08:32:39,854 [main] INFO  grpc.GrpcConfigKeys (ConfUtils.java:logGet(46)) - raft.grpc.server.heartbeat.channel = true (default)
2024-03-11 08:32:39,854 [main] INFO  grpc.GrpcConfigKeys (ConfUtils.java:logGet(46)) - raft.grpc.server.async.request.thread.pool.cached = true (default)
2024-03-11 08:32:39,854 [main] INFO  grpc.GrpcConfigKeys (ConfUtils.java:logGet(46)) - raft.grpc.server.async.request.thread.pool.size = 32 (default)
2024-03-11 08:32:39,856 [main] INFO  impl.DataStreamServerImpl (ConfUtils.java:logGet(46)) - raft.datastream.type = NETTY (custom)
2024-03-11 08:32:39,856 [main] INFO  server.RaftServerConfigKeys (ConfUtils.java:logGet(46)) - raft.server.data-stream.async.request.thread.pool.cached = false (default)
2024-03-11 08:32:39,856 [main] INFO  server.RaftServerConfigKeys (ConfUtils.java:logGet(46)) - raft.server.data-stream.async.request.thread.pool.size = 20 (custom)
2024-03-11 08:32:39,856 [main] INFO  server.RaftServerConfigKeys (ConfUtils.java:logGet(46)) - raft.server.data-stream.async.write.thread.pool.size = 16 (default)
2024-03-11 08:32:39,856 [main] INFO  netty.NettyConfigKeys$DataStream (ConfUtils.java:logGet(46)) - raft.netty.dataStream.server.channel.inactive.grace-period = 10min (default)
2024-03-11 08:32:39,856 [main] INFO  server.RaftServerConfigKeys (ConfUtils.java:logGet(46)) - raft.server.data-stream.client.pool.size = 10 (default)
2024-03-11 08:32:39,856 [main] INFO  netty.NettyConfigKeys$DataStream (ConfUtils.java:logGet(46)) - raft.netty.dataStream.server.use-epoll = true (default)
2024-03-11 08:32:39,857 [main] INFO  netty.NettyConfigKeys$DataStream (ConfUtils.java:logGet(46)) - raft.netty.dataStream.server.boss-group.size = 0 (default)
2024-03-11 08:32:39,857 [main] INFO  netty.NettyUtils (NettyUtils.java:newEventLoopGroup(69)) - Create EpollEventLoopGroup for d27ccdb5-db89-40cd-9d18-1f7a4f6c3e48-NettyServerStreamRpc-bossGroup; Thread size is 0.
2024-03-11 08:32:39,857 [main] INFO  netty.NettyConfigKeys$DataStream (ConfUtils.java:logGet(46)) - raft.netty.dataStream.server.worker-group.size = 0 (default)
2024-03-11 08:32:39,857 [main] INFO  netty.NettyUtils (NettyUtils.java:newEventLoopGroup(69)) - Create EpollEventLoopGroup for d27ccdb5-db89-40cd-9d18-1f7a4f6c3e48-NettyServerStreamRpc-workerGroup; Thread size is 0.
2024-03-11 08:32:39,857 [main] INFO  netty.NettyConfigKeys$DataStream (ConfUtils.java:logGet(46)) - raft.netty.dataStream.server.tls.conf = null (default)
2024-03-11 08:32:39,858 [main] INFO  netty.NettyConfigKeys$DataStream (ConfUtils.java:logGet(46)) - raft.netty.dataStream.host = null (default)
2024-03-11 08:32:39,858 [main] INFO  netty.NettyConfigKeys$DataStream (ConfUtils.java:logGet(46)) - raft.netty.dataStream.port = 15152 (custom)
2024-03-11 08:32:39,858 [main] INFO  server.RaftServerConfigKeys (ConfUtils.java:logGet(46)) - raft.server.sleep.deviation.threshold = 300ms (default)
2024-03-11 08:32:39,858 [main] INFO  server.RaftServerConfigKeys (ConfUtils.java:logGet(46)) - raft.server.close.threshold = 60s (default)
2024-03-11 08:32:39,858 [d27ccdb5-db89-40cd-9d18-1f7a4f6c3e48-NettyServerStreamRpc-bossGroup--thread1] INFO  logging.LoggingHandler (AbstractInternalLogger.java:log(148)) - [id: 0xe3f45a28] REGISTERED
2024-03-11 08:32:39,858 [main] INFO  server.RaftServerConfigKeys (ConfUtils.java:logGet(46)) - raft.server.leaderelection.leader.step-down.wait-time = 10s (default)
2024-03-11 08:32:39,858 [d27ccdb5-db89-40cd-9d18-1f7a4f6c3e48-NettyServerStreamRpc-bossGroup--thread1] INFO  logging.LoggingHandler (AbstractInternalLogger.java:log(148)) - [id: 0xe3f45a28] BIND: 0.0.0.0/0.0.0.0:15152
2024-03-11 08:32:39,859 [main] INFO  server.RaftServerConfigKeys (ConfUtils.java:logGet(46)) - raft.server.storage.dir = [/home/runner/work/ozone/ozone/hadoop-ozone/integration-test/target/test-dir/MiniOzoneClusterImpl-3b234497-56f6-48e5-9ae2-a9674f906486/ozone-meta/datanode-1/ratis] (custom)
2024-03-11 08:32:39,859 [d27ccdb5-db89-40cd-9d18-1f7a4f6c3e48-NettyServerStreamRpc-bossGroup--thread1] INFO  logging.LoggingHandler (AbstractInternalLogger.java:log(148)) - [id: 0xe3f45a28, L:/0.0.0.0:15152] ACTIVE
2024-03-11 08:32:39,859 [main] INFO  server.RaftServerConfigKeys (ConfUtils.java:logGet(46)) - raft.server.threadpool.proxy.cached = true (default)
2024-03-11 08:32:39,859 [main] INFO  server.RaftServerConfigKeys (ConfUtils.java:logGet(46)) - raft.server.threadpool.proxy.size = 0 (default)
2024-03-11 08:32:39,859 [d27ccdb5-db89-40cd-9d18-1f7a4f6c3e48-impl-thread1] INFO  server.RaftServer (RaftServerProxy.java:initGroupDir(264)) - d27ccdb5-db89-40cd-9d18-1f7a4f6c3e48: found a subdirectory /home/runner/work/ozone/ozone/hadoop-ozone/integration-test/target/test-dir/MiniOzoneClusterImpl-3b234497-56f6-48e5-9ae2-a9674f906486/ozone-meta/datanode-1/ratis/tmp
2024-03-11 08:32:39,859 [d27ccdb5-db89-40cd-9d18-1f7a4f6c3e48-impl-thread1] INFO  server.RaftServer (RaftServerProxy.java:initGroupDir(269)) - d27ccdb5-db89-40cd-9d18-1f7a4f6c3e48: The directory /home/runner/work/ozone/ozone/hadoop-ozone/integration-test/target/test-dir/MiniOzoneClusterImpl-3b234497-56f6-48e5-9ae2-a9674f906486/ozone-meta/datanode-1/ratis/tmp is not a group directory; ignoring it. 
2024-03-11 08:32:39,860 [main] INFO  replication.ReplicationServer (ReplicationServer.java:<init>(86)) - Initializing replication server with thread count = 10 queue length = 4096
2024-03-11 08:32:39,860 [main] INFO  server.XceiverServerGrpc (XceiverServerGrpc.java:<init>(141)) - GrpcServer channel type EpollServerSocketChannel
2024-03-11 08:32:39,862 [main] INFO  replication.ReplicationSupervisor (ReplicationSupervisor.java:build(163)) - Initializing replication supervisor with thread count = 10
2024-03-11 08:32:39,862 [main] INFO  replication.ReplicationSupervisor (ReplicationSupervisor.java:nodeStateUpdated(317)) - Node state updated to IN_SERVICE, scaling executor pool size to 10
2024-03-11 08:32:39,863 [main] INFO  http.BaseHttpServer (BaseHttpServer.java:newHttpServer2BuilderForOzone(223)) - Starting Web-server for hddsDatanode at: http://0.0.0.0:15146
2024-03-11 08:32:39,863 [main] INFO  http.BaseHttpServer (BaseHttpServer.java:<init>(110)) - Hadoop Security Enabled: false Ozone Security Enabled: false Ozone HTTP Security Enabled: false 
2024-03-11 08:32:39,864 [main] WARN  server.AuthenticationFilter (AuthenticationFilter.java:constructSecretProvider(240)) - Unable to initialize FileSignerSecretProvider, falling back to use random secrets. Reason: Could not read signature secret file: /home/runner/hadoop-http-auth-signature-secret
2024-03-11 08:32:39,864 [main] INFO  http.HttpRequestLog (HttpRequestLog.java:getRequestLog(86)) - Http request log for http.requests.hddsDatanode is not defined
2024-03-11 08:32:39,865 [main] INFO  http.HttpServer2 (HttpServer2.java:addGlobalFilter(1036)) - Added global filter 'safety' (class=org.apache.hadoop.hdds.server.http.HttpServer2$QuotingInputFilter)
2024-03-11 08:32:39,865 [main] INFO  http.HttpServer2 (HttpServer2.java:addFilter(1012)) - Added filter static_user_filter (class=org.apache.hadoop.http.lib.StaticUserWebFilter$StaticUserFilter) to context hddsDatanode
2024-03-11 08:32:39,865 [main] INFO  http.HttpServer2 (HttpServer2.java:addFilter(1020)) - Added filter static_user_filter (class=org.apache.hadoop.http.lib.StaticUserWebFilter$StaticUserFilter) to context static
2024-03-11 08:32:39,866 [main] INFO  http.HttpServer2 (HttpServer2.java:addFilter(1020)) - Added filter static_user_filter (class=org.apache.hadoop.http.lib.StaticUserWebFilter$StaticUserFilter) to context logs
2024-03-11 08:32:39,866 [main] INFO  http.BaseHttpServer (BaseHttpServer.java:<init>(189)) - HTTP server of hddsDatanode uses base directory /home/runner/work/ozone/ozone/hadoop-ozone/integration-test/target/test-dir/MiniOzoneClusterImpl-3b234497-56f6-48e5-9ae2-a9674f906486/ozone-meta/datanode-1/meta/webserver
2024-03-11 08:32:39,866 [main] INFO  http.HttpServer2 (HttpServer2.java:bindListener(1236)) - Jetty bound to port 15146
2024-03-11 08:32:39,866 [main] INFO  server.Server (Server.java:doStart(375)) - jetty-9.4.53.v20231009; built: 2023-10-09T12:29:09.265Z; git: 27bde00a0b95a1d5bbee0eae7984f891d2d0f8c9; jvm 1.8.0_402-b06
2024-03-11 08:32:39,867 [main] INFO  server.session (DefaultSessionIdManager.java:doStart(334)) - DefaultSessionIdManager workerName=node0
2024-03-11 08:32:39,868 [main] INFO  server.session (DefaultSessionIdManager.java:doStart(339)) - No SessionScavenger set, using defaults
2024-03-11 08:32:39,868 [main] INFO  server.session (HouseKeeper.java:startScavenging(132)) - node0 Scavenging every 660000ms
2024-03-11 08:32:39,868 [main] INFO  handler.ContextHandler (ContextHandler.java:doStart(921)) - Started o.e.j.s.ServletContextHandler@4df6d39c{logs,/logs,file:///home/runner/work/ozone/ozone/hadoop-ozone/integration-test/target/log,AVAILABLE}
2024-03-11 08:32:39,869 [main] INFO  handler.ContextHandler (ContextHandler.java:doStart(921)) - Started o.e.j.s.ServletContextHandler@1e4a0cdf{static,/static,jar:file:/home/runner/.m2/repository/org/apache/ozone/hdds-container-service/1.5.0-SNAPSHOT/hdds-container-service-1.5.0-SNAPSHOT.jar!/webapps/static,AVAILABLE}
2024-03-11 08:32:39,870 [omNode-1@group-523986131536-FollowerState] INFO  impl.FollowerState (FollowerState.java:run(143)) - omNode-1@group-523986131536-FollowerState: change to CANDIDATE, lastRpcElapsedTime:1064560691ns, electionTimeout:1064ms
2024-03-11 08:32:39,870 [omNode-1@group-523986131536-FollowerState] INFO  impl.RoleInfo (RoleInfo.java:shutdownFollowerState(110)) - omNode-1: shutdown omNode-1@group-523986131536-FollowerState
2024-03-11 08:32:39,870 [omNode-1@group-523986131536-FollowerState] INFO  server.RaftServer$Division (RaftServerImpl.java:setRole(383)) - omNode-1@group-523986131536: changes role from  FOLLOWER to CANDIDATE at term 0 for changeToCandidate
2024-03-11 08:32:39,870 [omNode-1@group-523986131536-FollowerState] INFO  server.RaftServerConfigKeys (ConfUtils.java:logGet(46)) - raft.server.leaderelection.pre-vote = true (default)
2024-03-11 08:32:39,870 [omNode-1@group-523986131536-FollowerState] INFO  impl.RoleInfo (RoleInfo.java:updateAndGet(139)) - omNode-1: start omNode-1@group-523986131536-LeaderElection32
2024-03-11 08:32:39,874 [omNode-1@group-523986131536-LeaderElection32] INFO  impl.LeaderElection (LeaderElection.java:askForVotes(321)) - omNode-1@group-523986131536-LeaderElection32 PRE_VOTE round 0: submit vote requests at term 0 for -1: peers:[omNode-3|localhost:15144, omNode-1|localhost:15136, omNode-2|localhost:15140]|listeners:[], old=null
2024-03-11 08:32:39,874 [omNode-1@group-523986131536-LeaderElection32] INFO  server.RaftServerConfigKeys (ConfUtils.java:logFallback(53)) - raft.server.rpc.first-election.timeout.min = 1s (fallback to raft.server.rpc.timeout.min)
2024-03-11 08:32:39,874 [omNode-1@group-523986131536-LeaderElection32] INFO  server.RaftServerConfigKeys (ConfUtils.java:logFallback(53)) - raft.server.rpc.first-election.timeout.max = 1200ms (fallback to raft.server.rpc.timeout.max)
2024-03-11 08:32:39,874 [omNode-1@group-523986131536-LeaderElection32-1] INFO  server.GrpcServerProtocolClient (GrpcServerProtocolClient.java:<init>(65)) - Build channel for omNode-3|localhost:15144
2024-03-11 08:32:39,876 [omNode-1@group-523986131536-LeaderElection32-2] INFO  server.GrpcServerProtocolClient (GrpcServerProtocolClient.java:<init>(65)) - Build channel for omNode-2|localhost:15140
2024-03-11 08:32:39,884 [grpc-default-executor-1] INFO  server.RaftServer$Division (RaftServerImpl.java:requestVote(1389)) - omNode-3@group-523986131536: receive requestVote(PRE_VOTE, omNode-1, group-523986131536, 0, (t:0, i:~))
2024-03-11 08:32:39,884 [grpc-default-executor-1] INFO  impl.VoteContext (VoteContext.java:log(49)) - omNode-3@group-523986131536-FOLLOWER: accept PRE_VOTE from omNode-1: our priority 0 <= candidate's priority 0
2024-03-11 08:32:39,885 [grpc-default-executor-1] INFO  server.RaftServer$Division (RaftServerImpl.java:requestVote(1422)) - omNode-3@group-523986131536 replies to PRE_VOTE vote request: omNode-1<-omNode-3#0:OK-t0. Peer's state: omNode-3@group-523986131536:t0, leader=null, voted=, raftlog=Memoized:omNode-3@group-523986131536-SegmentedRaftLog:OPENED:c-1, conf=-1: peers:[omNode-3|localhost:15144, omNode-1|localhost:15136, omNode-2|localhost:15140]|listeners:[], old=null
2024-03-11 08:32:39,886 [omNode-1@group-523986131536-LeaderElection32] INFO  impl.LeaderElection (LeaderElection.java:logAndReturn(89)) - omNode-1@group-523986131536-LeaderElection32: PRE_VOTE PASSED received 1 response(s) and 0 exception(s):
2024-03-11 08:32:39,886 [omNode-1@group-523986131536-LeaderElection32] INFO  impl.LeaderElection (LeaderElection.java:logAndReturn(93)) -   Response 0: omNode-1<-omNode-3#0:OK-t0
2024-03-11 08:32:39,886 [omNode-1@group-523986131536-LeaderElection32] INFO  impl.LeaderElection (LeaderElection.java:askForVotes(323)) - omNode-1@group-523986131536-LeaderElection32 PRE_VOTE round 0: result PASSED
2024-03-11 08:32:39,887 [omNode-1@group-523986131536-LeaderElection32] INFO  impl.LeaderElection (LeaderElection.java:askForVotes(321)) - omNode-1@group-523986131536-LeaderElection32 ELECTION round 0: submit vote requests at term 1 for -1: peers:[omNode-3|localhost:15144, omNode-1|localhost:15136, omNode-2|localhost:15140]|listeners:[], old=null
2024-03-11 08:32:39,887 [omNode-1@group-523986131536-LeaderElection32] INFO  server.RaftServerConfigKeys (ConfUtils.java:logFallback(53)) - raft.server.rpc.first-election.timeout.min = 1s (fallback to raft.server.rpc.timeout.min)
2024-03-11 08:32:39,887 [omNode-1@group-523986131536-LeaderElection32] INFO  server.RaftServerConfigKeys (ConfUtils.java:logFallback(53)) - raft.server.rpc.first-election.timeout.max = 1200ms (fallback to raft.server.rpc.timeout.max)
2024-03-11 08:32:39,888 [grpc-default-executor-1] INFO  server.RaftServer$Division (RaftServerImpl.java:requestVote(1389)) - omNode-3@group-523986131536: receive requestVote(ELECTION, omNode-1, group-523986131536, 1, (t:0, i:~))
2024-03-11 08:32:39,888 [grpc-default-executor-1] INFO  impl.VoteContext (VoteContext.java:log(49)) - omNode-3@group-523986131536-FOLLOWER: accept ELECTION from omNode-1: our priority 0 <= candidate's priority 0
2024-03-11 08:32:39,888 [grpc-default-executor-1] INFO  server.RaftServer$Division (RaftServerImpl.java:setRole(383)) - omNode-3@group-523986131536: changes role from  FOLLOWER to FOLLOWER at term 1 for candidate:omNode-1
2024-03-11 08:32:39,888 [grpc-default-executor-1] INFO  impl.RoleInfo (RoleInfo.java:shutdownFollowerState(110)) - omNode-3: shutdown omNode-3@group-523986131536-FollowerState
2024-03-11 08:32:39,888 [grpc-default-executor-1] INFO  impl.RoleInfo (RoleInfo.java:updateAndGet(139)) - omNode-3: start omNode-3@group-523986131536-FollowerState
2024-03-11 08:32:39,888 [omNode-3@group-523986131536-FollowerState] INFO  impl.FollowerState (FollowerState.java:run(152)) - omNode-3@group-523986131536-FollowerState was interrupted
2024-03-11 08:32:39,888 [grpc-default-executor-0] INFO  server.RaftServer$Division (RaftServerImpl.java:requestVote(1389)) - omNode-2@group-523986131536: receive requestVote(PRE_VOTE, omNode-1, group-523986131536, 0, (t:0, i:~))
2024-03-11 08:32:39,889 [grpc-default-executor-0] INFO  impl.VoteContext (VoteContext.java:log(49)) - omNode-2@group-523986131536-FOLLOWER: accept PRE_VOTE from omNode-1: our priority 0 <= candidate's priority 0
2024-03-11 08:32:39,889 [grpc-default-executor-0] INFO  server.RaftServer$Division (RaftServerImpl.java:requestVote(1422)) - omNode-2@group-523986131536 replies to PRE_VOTE vote request: omNode-1<-omNode-2#0:OK-t0. Peer's state: omNode-2@group-523986131536:t0, leader=null, voted=, raftlog=Memoized:omNode-2@group-523986131536-SegmentedRaftLog:OPENED:c-1, conf=-1: peers:[omNode-3|localhost:15144, omNode-1|localhost:15136, omNode-2|localhost:15140]|listeners:[], old=null
2024-03-11 08:32:39,889 [grpc-default-executor-0] INFO  server.RaftServer$Division (RaftServerImpl.java:requestVote(1389)) - omNode-2@group-523986131536: receive requestVote(ELECTION, omNode-1, group-523986131536, 1, (t:0, i:~))
2024-03-11 08:32:39,889 [grpc-default-executor-0] INFO  impl.VoteContext (VoteContext.java:log(49)) - omNode-2@group-523986131536-FOLLOWER: accept ELECTION from omNode-1: our priority 0 <= candidate's priority 0
2024-03-11 08:32:39,889 [grpc-default-executor-0] INFO  server.RaftServer$Division (RaftServerImpl.java:setRole(383)) - omNode-2@group-523986131536: changes role from  FOLLOWER to FOLLOWER at term 1 for candidate:omNode-1
2024-03-11 08:32:39,890 [grpc-default-executor-0] INFO  impl.RoleInfo (RoleInfo.java:shutdownFollowerState(110)) - omNode-2: shutdown omNode-2@group-523986131536-FollowerState
2024-03-11 08:32:39,893 [grpc-default-executor-1] INFO  server.RaftServer$Division (RaftServerImpl.java:setFirstElection(574)) - omNode-3@group-523986131536: set firstElectionSinceStartup to false for candidate:omNode-1
2024-03-11 08:32:39,893 [omNode-2@group-523986131536-FollowerState] INFO  impl.FollowerState (FollowerState.java:run(152)) - omNode-2@group-523986131536-FollowerState was interrupted
2024-03-11 08:32:39,893 [grpc-default-executor-0] INFO  impl.RoleInfo (RoleInfo.java:updateAndGet(139)) - omNode-2: start omNode-2@group-523986131536-FollowerState
2024-03-11 08:32:39,894 [grpc-default-executor-0] INFO  server.RaftServer$Division (RaftServerImpl.java:setFirstElection(574)) - omNode-2@group-523986131536: set firstElectionSinceStartup to false for candidate:omNode-1
2024-03-11 08:32:39,896 [grpc-default-executor-1] INFO  server.RaftServer$Division (RaftServerImpl.java:requestVote(1422)) - omNode-3@group-523986131536 replies to ELECTION vote request: omNode-1<-omNode-3#0:OK-t1. Peer's state: omNode-3@group-523986131536:t1, leader=null, voted=omNode-1, raftlog=Memoized:omNode-3@group-523986131536-SegmentedRaftLog:OPENED:c-1, conf=-1: peers:[omNode-3|localhost:15144, omNode-1|localhost:15136, omNode-2|localhost:15140]|listeners:[], old=null
2024-03-11 08:32:39,896 [grpc-default-executor-0] INFO  server.RaftServer$Division (RaftServerImpl.java:requestVote(1422)) - omNode-2@group-523986131536 replies to ELECTION vote request: omNode-1<-omNode-2#0:OK-t1. Peer's state: omNode-2@group-523986131536:t1, leader=null, voted=omNode-1, raftlog=Memoized:omNode-2@group-523986131536-SegmentedRaftLog:OPENED:c-1, conf=-1: peers:[omNode-3|localhost:15144, omNode-1|localhost:15136, omNode-2|localhost:15140]|listeners:[], old=null
2024-03-11 08:32:39,896 [omNode-1@group-523986131536-LeaderElection32] INFO  impl.LeaderElection (LeaderElection.java:logAndReturn(89)) - omNode-1@group-523986131536-LeaderElection32: ELECTION PASSED received 1 response(s) and 0 exception(s):
2024-03-11 08:32:39,896 [omNode-1@group-523986131536-LeaderElection32] INFO  impl.LeaderElection (LeaderElection.java:logAndReturn(93)) -   Response 0: omNode-1<-omNode-3#0:OK-t1
2024-03-11 08:32:39,896 [omNode-1@group-523986131536-LeaderElection32] INFO  impl.LeaderElection (LeaderElection.java:askForVotes(323)) - omNode-1@group-523986131536-LeaderElection32 ELECTION round 0: result PASSED
2024-03-11 08:32:39,896 [omNode-1@group-523986131536-LeaderElection32] INFO  impl.RoleInfo (RoleInfo.java:shutdownLeaderElection(130)) - omNode-1: shutdown omNode-1@group-523986131536-LeaderElection32
2024-03-11 08:32:39,896 [omNode-1@group-523986131536-LeaderElection32] INFO  server.RaftServer$Division (RaftServerImpl.java:setRole(383)) - omNode-1@group-523986131536: changes role from CANDIDATE to LEADER at term 1 for changeToLeader
2024-03-11 08:32:39,896 [omNode-1@group-523986131536-LeaderElection32] INFO  server.RaftServerConfigKeys (ConfUtils.java:logGet(46)) - raft.server.staging.catchup.gap = 1000 (default)
2024-03-11 08:32:39,896 [omNode-1@group-523986131536-LeaderElection32] INFO  server.RaftServerConfigKeys (ConfUtils.java:logGet(46)) - raft.server.write.element-limit = 4096 (default)
2024-03-11 08:32:39,896 [omNode-1@group-523986131536-LeaderElection32] INFO  server.RaftServerConfigKeys (ConfUtils.java:logGet(46)) - raft.server.write.byte-limit = 64MB (=67108864) (default)
2024-03-11 08:32:39,897 [omNode-1@group-523986131536-LeaderElection32] INFO  server.RaftServerConfigKeys (ConfUtils.java:logGet(46)) - raft.server.watch.timeout = 10s (default)
2024-03-11 08:32:39,897 [omNode-1@group-523986131536-LeaderElection32] INFO  server.RaftServerConfigKeys (ConfUtils.java:logGet(46)) - raft.server.watch.timeout.denomination = 1s (default)
2024-03-11 08:32:39,897 [omNode-1@group-523986131536-LeaderElection32] INFO  server.RaftServerConfigKeys (ConfUtils.java:logGet(46)) - raft.server.watch.element-limit = 65536 (default)
2024-03-11 08:32:39,897 [omNode-1@group-523986131536-LeaderElection32] INFO  server.RaftServerConfigKeys (ConfUtils.java:logGet(46)) - raft.server.read.leader.lease.enabled = false (default)
2024-03-11 08:32:39,897 [omNode-1@group-523986131536-LeaderElection32] INFO  server.RaftServerConfigKeys (ConfUtils.java:logGet(46)) - raft.server.read.leader.lease.timeout.ratio = 0.9 (default)
2024-03-11 08:32:39,897 [omNode-1@group-523986131536-LeaderElection32] INFO  server.RaftServerConfigKeys (ConfUtils.java:logGet(46)) - raft.server.rpc.timeout.min = 1s (custom)
2024-03-11 08:32:39,897 [omNode-1@group-523986131536-LeaderElection32] INFO  server.RaftServerConfigKeys (ConfUtils.java:logGet(46)) - raft.server.write.element-limit = 4096 (default)
2024-03-11 08:32:39,897 [omNode-1@group-523986131536-LeaderElection32] INFO  server.RaftServerConfigKeys (ConfUtils.java:logGet(46)) - raft.server.write.follower.gap.ratio.max = -1.0 (default)
2024-03-11 08:32:39,897 [omNode-1@group-523986131536-LeaderElection32] INFO  server.RaftServerConfigKeys (ConfUtils.java:logGet(46)) - raft.server.log.appender.snapshot.chunk.size.max = 16MB (=16777216) (default)
2024-03-11 08:32:39,897 [omNode-1@group-523986131536-LeaderElection32] INFO  server.RaftServerConfigKeys (ConfUtils.java:logGet(46)) - raft.server.log.appender.buffer.byte-limit = 4194304 (custom)
2024-03-11 08:32:39,897 [omNode-1@group-523986131536-LeaderElection32] INFO  server.RaftServerConfigKeys (ConfUtils.java:logGet(46)) - raft.server.log.appender.buffer.element-limit = 1024 (custom)
2024-03-11 08:32:39,897 [omNode-1@group-523986131536-LeaderElection32] INFO  server.RaftServerConfigKeys (ConfUtils.java:logGet(46)) - raft.server.log.appender.wait-time.min = 0ms (custom)
2024-03-11 08:32:39,898 [omNode-1@group-523986131536-LeaderElection32] INFO  grpc.GrpcConfigKeys (ConfUtils.java:logGet(46)) - raft.grpc.server.leader.outstanding.appends.max = 8 (default)
2024-03-11 08:32:39,898 [omNode-1@group-523986131536-LeaderElection32] INFO  server.RaftServerConfigKeys (ConfUtils.java:logGet(46)) - raft.server.rpc.request.timeout = 3000ms (default)
2024-03-11 08:32:39,898 [omNode-1@group-523986131536-LeaderElection32] INFO  grpc.GrpcConfigKeys (ConfUtils.java:logGet(46)) - raft.grpc.server.install_snapshot.request.element-limit = 8 (default)
2024-03-11 08:32:39,898 [omNode-1@group-523986131536-LeaderElection32] INFO  grpc.GrpcConfigKeys (ConfUtils.java:logGet(46)) - raft.grpc.server.install_snapshot.request.timeout = 3000ms (default)
2024-03-11 08:32:39,898 [omNode-1@group-523986131536-LeaderElection32] INFO  grpc.GrpcConfigKeys (ConfUtils.java:logGet(46)) - raft.grpc.server.log-message.batch.duration = 5s (default)
2024-03-11 08:32:39,898 [omNode-1@group-523986131536-LeaderElection32] INFO  server.RaftServerConfigKeys (ConfUtils.java:logGet(46)) - raft.server.log.appender.install.snapshot.enabled = false (custom)
2024-03-11 08:32:39,898 [omNode-1@group-523986131536-LeaderElection32] INFO  grpc.GrpcConfigKeys (ConfUtils.java:logGet(46)) - raft.grpc.server.heartbeat.channel = true (default)
2024-03-11 08:32:39,898 [omNode-1@group-523986131536-LeaderElection32] INFO  server.RaftServerConfigKeys (ConfUtils.java:logGet(46)) - raft.server.log.appender.snapshot.chunk.size.max = 16MB (=16777216) (default)
2024-03-11 08:32:39,898 [omNode-1@group-523986131536-LeaderElection32] INFO  server.RaftServerConfigKeys (ConfUtils.java:logGet(46)) - raft.server.log.appender.buffer.byte-limit = 4194304 (custom)
2024-03-11 08:32:39,898 [omNode-1@group-523986131536-LeaderElection32] INFO  server.RaftServerConfigKeys (ConfUtils.java:logGet(46)) - raft.server.log.appender.buffer.element-limit = 1024 (custom)
2024-03-11 08:32:39,899 [omNode-1@group-523986131536-LeaderElection32] INFO  server.RaftServerConfigKeys (ConfUtils.java:logGet(46)) - raft.server.log.appender.wait-time.min = 0ms (custom)
2024-03-11 08:32:39,899 [omNode-1@group-523986131536-LeaderElection32] INFO  grpc.GrpcConfigKeys (ConfUtils.java:logGet(46)) - raft.grpc.server.leader.outstanding.appends.max = 8 (default)
2024-03-11 08:32:39,899 [omNode-1@group-523986131536-LeaderElection32] INFO  server.RaftServerConfigKeys (ConfUtils.java:logGet(46)) - raft.server.rpc.request.timeout = 3000ms (default)
2024-03-11 08:32:39,899 [omNode-1@group-523986131536-LeaderElection32] INFO  grpc.GrpcConfigKeys (ConfUtils.java:logGet(46)) - raft.grpc.server.install_snapshot.request.element-limit = 8 (default)
2024-03-11 08:32:39,899 [omNode-1@group-523986131536-LeaderElection32] INFO  grpc.GrpcConfigKeys (ConfUtils.java:logGet(46)) - raft.grpc.server.install_snapshot.request.timeout = 3000ms (default)
2024-03-11 08:32:39,899 [omNode-1@group-523986131536-LeaderElection32] INFO  grpc.GrpcConfigKeys (ConfUtils.java:logGet(46)) - raft.grpc.server.log-message.batch.duration = 5s (default)
2024-03-11 08:32:39,899 [omNode-1@group-523986131536-LeaderElection32] INFO  server.RaftServerConfigKeys (ConfUtils.java:logGet(46)) - raft.server.log.appender.install.snapshot.enabled = false (custom)
2024-03-11 08:32:39,899 [omNode-1@group-523986131536-LeaderElection32] INFO  grpc.GrpcConfigKeys (ConfUtils.java:logGet(46)) - raft.grpc.server.heartbeat.channel = true (default)
2024-03-11 08:32:39,899 [omNode-1@group-523986131536-LeaderElection32] INFO  impl.RoleInfo (RoleInfo.java:updateAndGet(139)) - omNode-1: start omNode-1@group-523986131536-LeaderStateImpl
2024-03-11 08:32:39,899 [omNode-1@group-523986131536-LeaderElection32] INFO  server.RaftServer$Division (RaftServerImpl.java:setFirstElection(574)) - omNode-1@group-523986131536: set firstElectionSinceStartup to false for becomeLeader
2024-03-11 08:32:39,899 [omNode-1@group-523986131536-LeaderElection32] INFO  server.RaftServer$Division (ServerState.java:setLeader(269)) - omNode-1@group-523986131536: change Leader from null to omNode-1 at term 1 for becomeLeader, leader elected after 1295ms
2024-03-11 08:32:39,899 [omNode-1@group-523986131536-LeaderElection32] INFO  segmented.SegmentedRaftLogWorker (SegmentedRaftLogWorker.java:startLogSegment(430)) - omNode-1@group-523986131536-SegmentedRaftLogWorker: Starting segment from index:0
2024-03-11 08:32:39,900 [omNode-1@group-523986131536-SegmentedRaftLogWorker] INFO  segmented.BufferedWriteChannel (BufferedWriteChannel.java:open(62)) - open log_inprogress_0 at position 0
2024-03-11 08:32:39,904 [omNode-1@group-523986131536-LeaderElection32] INFO  server.RaftServer$Division (ServerState.java:setRaftConf(386)) - omNode-1@group-523986131536: set configuration 0: peers:[omNode-3|localhost:15144, omNode-1|localhost:15136, omNode-2|localhost:15140]|listeners:[], old=null
2024-03-11 08:32:39,913 [omNode-1@group-523986131536-SegmentedRaftLogWorker] INFO  segmented.SegmentedRaftLogWorker (SegmentedRaftLogWorker.java:execute(634)) - omNode-1@group-523986131536-SegmentedRaftLogWorker: created new log segment /home/runner/work/ozone/ozone/hadoop-ozone/integration-test/target/test-dir/MiniOzoneClusterImpl-3b234497-56f6-48e5-9ae2-a9674f906486/omNode-1/ratis/c9bc4cf4-3bc3-3c60-a66b-523986131536/current/log_inprogress_0
2024-03-11 08:32:39,924 [omNode-2-server-thread2] INFO  server.RaftServer$Division (ServerState.java:setLeader(269)) - omNode-2@group-523986131536: change Leader from null to omNode-1 at term 1 for appendEntries, leader elected after 858ms
2024-03-11 08:32:39,925 [omNode-3-server-thread1] INFO  server.RaftServer$Division (ServerState.java:setLeader(269)) - omNode-3@group-523986131536: change Leader from null to omNode-1 at term 1 for appendEntries, leader elected after 392ms
2024-03-11 08:32:39,925 [omNode-2-server-thread2] INFO  server.RaftServer$Division (ServerState.java:setRaftConf(386)) - omNode-2@group-523986131536: set configuration 0: peers:[omNode-3|localhost:15144, omNode-1|localhost:15136, omNode-2|localhost:15140]|listeners:[], old=null
2024-03-11 08:32:39,926 [omNode-2-server-thread2] INFO  segmented.SegmentedRaftLogWorker (SegmentedRaftLogWorker.java:startLogSegment(430)) - omNode-2@group-523986131536-SegmentedRaftLogWorker: Starting segment from index:0
2024-03-11 08:32:39,927 [omNode-3-server-thread2] INFO  server.RaftServer$Division (ServerState.java:setRaftConf(386)) - omNode-3@group-523986131536: set configuration 0: peers:[omNode-3|localhost:15144, omNode-1|localhost:15136, omNode-2|localhost:15140]|listeners:[], old=null
2024-03-11 08:32:39,927 [omNode-3-server-thread2] INFO  segmented.SegmentedRaftLogWorker (SegmentedRaftLogWorker.java:startLogSegment(430)) - omNode-3@group-523986131536-SegmentedRaftLogWorker: Starting segment from index:0
2024-03-11 08:32:39,929 [omNode-3@group-523986131536-SegmentedRaftLogWorker] INFO  segmented.BufferedWriteChannel (BufferedWriteChannel.java:open(62)) - open log_inprogress_0 at position 0
2024-03-11 08:32:39,927 [omNode-2@group-523986131536-SegmentedRaftLogWorker] INFO  segmented.BufferedWriteChannel (BufferedWriteChannel.java:open(62)) - open log_inprogress_0 at position 0
2024-03-11 08:32:39,940 [omNode-3@group-523986131536-SegmentedRaftLogWorker] INFO  segmented.SegmentedRaftLogWorker (SegmentedRaftLogWorker.java:execute(634)) - omNode-3@group-523986131536-SegmentedRaftLogWorker: created new log segment /home/runner/work/ozone/ozone/hadoop-ozone/integration-test/target/test-dir/MiniOzoneClusterImpl-3b234497-56f6-48e5-9ae2-a9674f906486/omNode-3/ratis/c9bc4cf4-3bc3-3c60-a66b-523986131536/current/log_inprogress_0
2024-03-11 08:32:39,940 [omNode-2@group-523986131536-SegmentedRaftLogWorker] INFO  segmented.SegmentedRaftLogWorker (SegmentedRaftLogWorker.java:execute(634)) - omNode-2@group-523986131536-SegmentedRaftLogWorker: created new log segment /home/runner/work/ozone/ozone/hadoop-ozone/integration-test/target/test-dir/MiniOzoneClusterImpl-3b234497-56f6-48e5-9ae2-a9674f906486/omNode-2/ratis/c9bc4cf4-3bc3-3c60-a66b-523986131536/current/log_inprogress_0
2024-03-11 08:32:39,942 [omNode-1@group-523986131536-StateMachineUpdater] INFO  ratis.OzoneManagerStateMachine (OzoneManagerStateMachine.java:notifyConfigurationChanged(198)) - Received Configuration change notification from Ratis. New Peer list:
[id: "omNode-3"
address: "localhost:15144"
startupRole: FOLLOWER
, id: "omNode-1"
address: "localhost:15136"
startupRole: FOLLOWER
, id: "omNode-2"
address: "localhost:15140"
startupRole: FOLLOWER
]
2024-03-11 08:32:39,942 [omNode-1@group-523986131536-StateMachineUpdater] INFO  server.RaftServer$Division (LeaderStateImpl.java:isApplied(320)) - leader is ready since appliedIndex == 0 >= startIndex == 0
2024-03-11 08:32:39,946 [main] INFO  handler.ContextHandler (ContextHandler.java:doStart(921)) - Started o.e.j.w.WebAppContext@7d74d7d8{hddsDatanode,/,file:///home/runner/work/ozone/ozone/hadoop-ozone/integration-test/target/test-dir/MiniOzoneClusterImpl-3b234497-56f6-48e5-9ae2-a9674f906486/ozone-meta/datanode-1/meta/webserver/jetty-0_0_0_0-15146-hdds-container-service-1_5_0-SNAPSHOT_jar-_-any-5056837420995067196/webapp/,AVAILABLE}{jar:file:/home/runner/.m2/repository/org/apache/ozone/hdds-container-service/1.5.0-SNAPSHOT/hdds-container-service-1.5.0-SNAPSHOT.jar!/webapps/hddsDatanode}
2024-03-11 08:32:39,946 [main] INFO  server.AbstractConnector (AbstractConnector.java:doStart(333)) - Started ServerConnector@4ecdfdd3{HTTP/1.1, (http/1.1)}{0.0.0.0:15146}
2024-03-11 08:32:39,947 [main] INFO  server.Server (Server.java:doStart(415)) - Started @374717ms
2024-03-11 08:32:39,947 [main] WARN  impl.MetricsSystemImpl (MetricsSystemImpl.java:register(279)) - Sink prometheus already exists!
2024-03-11 08:32:39,947 [main] INFO  http.BaseHttpServer (BaseHttpServer.java:updateConnectorAddress(354)) - HTTP server of hddsDatanode listening at http://0.0.0.0:15146
2024-03-11 08:32:39,948 [main] INFO  ipc.CallQueueManager (CallQueueManager.java:<init>(90)) - Using callQueue: class java.util.concurrent.LinkedBlockingQueue, queueCapacity: 100, scheduler: class org.apache.hadoop.ipc.DefaultRpcScheduler, ipcBackoff: false.
2024-03-11 08:32:39,948 [main] INFO  ipc.Server (Server.java:<init>(1287)) - Listener at 0.0.0.0:15147
2024-03-11 08:32:39,948 [Socket Reader #1 for port 15147] INFO  ipc.Server (Server.java:run(1323)) - Starting Socket Reader #1 for port 15147
2024-03-11 08:32:39,953 [main] INFO  ozone.HddsDatanodeService (HddsDatanodeService.java:start(327)) - Datanode start with admins: [*, runner]
2024-03-11 08:32:39,953 [main] INFO  ozone.HddsDatanodeClientProtocolServer (HddsDatanodeClientProtocolServer.java:start(77)) - RPC server for Client /0.0.0.0:15147
2024-03-11 08:32:39,957 [IPC Server Responder] INFO  ipc.Server (Server.java:run(1562)) - IPC Server Responder: starting
2024-03-11 08:32:39,957 [main] WARN  dropwizard3.Dm3MetricRegistriesImpl (Dm3MetricRegistriesImpl.java:addReporterRegistration(113)) - New reporters are added after registries were created. Some metrics will be missing from the reporter. Please add reporter before adding any new registry.
2024-03-11 08:32:39,957 [main] WARN  dropwizard3.Dm3MetricRegistriesImpl (Dm3MetricRegistriesImpl.java:addReporterRegistration(113)) - New reporters are added after registries were created. Some metrics will be missing from the reporter. Please add reporter before adding any new registry.
2024-03-11 08:32:39,958 [main] INFO  impl.MetricsSystemImpl (MetricsSystemImpl.java:init(158)) - HddsDatanode metrics system started (again)
2024-03-11 08:32:39,957 [IPC Server listener on 15147] INFO  ipc.Server (Server.java:run(1402)) - IPC Server listener on 15147: starting
2024-03-11 08:32:39,961 [d27ccdb5-db89-40cd-9d18-1f7a4f6c3e48-DatanodeStateMachineDaemonThread] INFO  statemachine.DatanodeStateMachine (DatanodeStateMachine.java:lambda$startDaemon$1(555)) - Ozone container server started.
2024-03-11 08:32:39,974 [main] INFO  ozone.HddsDatanodeService (HddsDatanodeService.java:start(240)) - HddsDatanodeService host:fv-az1250-130.ebmzynhy2g4u3nwuixrszff3we.cx.internal.cloudapp.net ip:10.1.0.9
2024-03-11 08:32:39,977 [d27ccdb5-db89-40cd-9d18-1f7a4f6c3e48-DatanodeStateMachineTaskThread-0] INFO  datanode.InitDatanodeState (InitDatanodeState.java:persistContainerDatanodeDetails(139)) - DatanodeDetails is persisted to /home/runner/work/ozone/ozone/hadoop-ozone/integration-test/target/test-dir/MiniOzoneClusterImpl-3b234497-56f6-48e5-9ae2-a9674f906486/ozone-meta/datanode-1/meta/datanode.id
2024-03-11 08:32:40,017 [main] INFO  upgrade.AbstractLayoutVersionManager (AbstractLayoutVersionManager.java:init(83)) - Initializing Layout version manager with metadata layout = HADOOP_PRC_PORTS_IN_DATANODEDETAILS (version = 7), software layout = HADOOP_PRC_PORTS_IN_DATANODEDETAILS (version = 7)
2024-03-11 08:32:40,017 [main] INFO  statemachine.DatanodeStateMachine (DatanodeStateMachine.java:getEndPointTaskThreadPoolSize(299)) - Datanode State Machine Task Thread Pool size 2
2024-03-11 08:32:40,019 [main] INFO  volume.HddsVolume (HddsVolume.java:<init>(125)) - Creating HddsVolume: /home/runner/work/ozone/ozone/hadoop-ozone/integration-test/target/test-dir/MiniOzoneClusterImpl-3b234497-56f6-48e5-9ae2-a9674f906486/ozone-meta/datanode-2/data-0/hdds of storage type : DISK capacity : 9223372036854775807
2024-03-11 08:32:40,019 [main] INFO  volume.MutableVolumeSet (MutableVolumeSet.java:initializeVolumeSet(173)) - Added Volume : /home/runner/work/ozone/ozone/hadoop-ozone/integration-test/target/test-dir/MiniOzoneClusterImpl-3b234497-56f6-48e5-9ae2-a9674f906486/ozone-meta/datanode-2/data-0/hdds to VolumeSet
2024-03-11 08:32:40,020 [main] INFO  volume.MutableVolumeSet (MutableVolumeSet.java:initializeVolumeSet(173)) - Added Volume : /home/runner/work/ozone/ozone/hadoop-ozone/integration-test/target/test-dir/MiniOzoneClusterImpl-3b234497-56f6-48e5-9ae2-a9674f906486/ozone-meta/datanode-2/ratis to VolumeSet
2024-03-11 08:32:40,020 [main] INFO  ozoneimpl.OzoneContainer (HddsVolumeUtil.java:loadAllHddsVolumeDbStore(103)) - Load 1 volumes DbStore cost: 0ms
2024-03-11 08:32:40,022 [main] INFO  server.RaftServer (ConfUtils.java:logGet(46)) - raft.rpc.type = GRPC (default)
2024-03-11 08:32:40,022 [main] INFO  grpc.GrpcConfigKeys (ConfUtils.java:logFallback(53)) - raft.grpc.admin.host = null (fallback to raft.grpc.server.host)
2024-03-11 08:32:40,022 [main] INFO  grpc.GrpcConfigKeys (ConfUtils.java:logGet(46)) - raft.grpc.admin.port = 15159 (custom)
2024-03-11 08:32:40,022 [main] INFO  grpc.GrpcConfigKeys (ConfUtils.java:logFallback(53)) - raft.grpc.client.host = null (fallback to raft.grpc.server.host)
2024-03-11 08:32:40,023 [main] INFO  grpc.GrpcConfigKeys (ConfUtils.java:logGet(46)) - raft.grpc.client.port = 15158 (custom)
2024-03-11 08:32:40,023 [main] INFO  grpc.GrpcConfigKeys (ConfUtils.java:logGet(46)) - raft.grpc.server.host = null (default)
2024-03-11 08:32:40,023 [main] INFO  grpc.GrpcConfigKeys (ConfUtils.java:logGet(46)) - raft.grpc.server.port = 15160 (custom)
2024-03-11 08:32:40,023 [main] INFO  server.GrpcService (ConfUtils.java:logGet(46)) - raft.grpc.message.size.max = 32MB (=33554432) (custom)
2024-03-11 08:32:40,023 [main] INFO  server.RaftServerConfigKeys (ConfUtils.java:logGet(46)) - raft.server.log.appender.buffer.byte-limit = 8388608 (custom)
2024-03-11 08:32:40,023 [main] INFO  server.GrpcService (ConfUtils.java:logGet(46)) - raft.grpc.flow.control.window = 5MB (=5242880) (custom)
2024-03-11 08:32:40,024 [main] INFO  server.RaftServerConfigKeys (ConfUtils.java:logGet(46)) - raft.server.rpc.request.timeout = 60s (custom)
2024-03-11 08:32:40,024 [main] INFO  grpc.GrpcConfigKeys (ConfUtils.java:logGet(46)) - raft.grpc.server.heartbeat.channel = true (default)
2024-03-11 08:32:40,024 [main] INFO  grpc.GrpcConfigKeys (ConfUtils.java:logGet(46)) - raft.grpc.server.async.request.thread.pool.cached = true (default)
2024-03-11 08:32:40,024 [main] INFO  grpc.GrpcConfigKeys (ConfUtils.java:logGet(46)) - raft.grpc.server.async.request.thread.pool.size = 32 (default)
2024-03-11 08:32:40,026 [main] INFO  impl.DataStreamServerImpl (ConfUtils.java:logGet(46)) - raft.datastream.type = NETTY (custom)
2024-03-11 08:32:40,027 [main] INFO  server.RaftServerConfigKeys (ConfUtils.java:logGet(46)) - raft.server.data-stream.async.request.thread.pool.cached = false (default)
2024-03-11 08:32:40,027 [main] INFO  server.RaftServerConfigKeys (ConfUtils.java:logGet(46)) - raft.server.data-stream.async.request.thread.pool.size = 20 (custom)
2024-03-11 08:32:40,027 [main] INFO  server.RaftServerConfigKeys (ConfUtils.java:logGet(46)) - raft.server.data-stream.async.write.thread.pool.size = 16 (default)
2024-03-11 08:32:40,027 [main] INFO  netty.NettyConfigKeys$DataStream (ConfUtils.java:logGet(46)) - raft.netty.dataStream.server.channel.inactive.grace-period = 10min (default)
2024-03-11 08:32:40,027 [main] INFO  server.RaftServerConfigKeys (ConfUtils.java:logGet(46)) - raft.server.data-stream.client.pool.size = 10 (default)
2024-03-11 08:32:40,027 [main] INFO  netty.NettyConfigKeys$DataStream (ConfUtils.java:logGet(46)) - raft.netty.dataStream.server.use-epoll = true (default)
2024-03-11 08:32:40,028 [main] INFO  netty.NettyConfigKeys$DataStream (ConfUtils.java:logGet(46)) - raft.netty.dataStream.server.boss-group.size = 0 (default)
2024-03-11 08:32:40,028 [main] INFO  netty.NettyUtils (NettyUtils.java:newEventLoopGroup(69)) - Create EpollEventLoopGroup for 0af1ae0f-8c30-413c-9f1e-7b09e147ac16-NettyServerStreamRpc-bossGroup; Thread size is 0.
2024-03-11 08:32:40,028 [main] INFO  netty.NettyConfigKeys$DataStream (ConfUtils.java:logGet(46)) - raft.netty.dataStream.server.worker-group.size = 0 (default)
2024-03-11 08:32:40,028 [main] INFO  netty.NettyUtils (NettyUtils.java:newEventLoopGroup(69)) - Create EpollEventLoopGroup for 0af1ae0f-8c30-413c-9f1e-7b09e147ac16-NettyServerStreamRpc-workerGroup; Thread size is 0.
2024-03-11 08:32:40,029 [main] INFO  netty.NettyConfigKeys$DataStream (ConfUtils.java:logGet(46)) - raft.netty.dataStream.server.tls.conf = null (default)
2024-03-11 08:32:40,029 [main] INFO  netty.NettyConfigKeys$DataStream (ConfUtils.java:logGet(46)) - raft.netty.dataStream.host = null (default)
2024-03-11 08:32:40,029 [main] INFO  netty.NettyConfigKeys$DataStream (ConfUtils.java:logGet(46)) - raft.netty.dataStream.port = 15161 (custom)
2024-03-11 08:32:40,030 [main] INFO  server.RaftServerConfigKeys (ConfUtils.java:logGet(46)) - raft.server.sleep.deviation.threshold = 300ms (default)
2024-03-11 08:32:40,030 [main] INFO  server.RaftServerConfigKeys (ConfUtils.java:logGet(46)) - raft.server.close.threshold = 60s (default)
2024-03-11 08:32:40,030 [main] INFO  server.RaftServerConfigKeys (ConfUtils.java:logGet(46)) - raft.server.leaderelection.leader.step-down.wait-time = 10s (default)
2024-03-11 08:32:40,030 [main] INFO  server.RaftServerConfigKeys (ConfUtils.java:logGet(46)) - raft.server.storage.dir = [/home/runner/work/ozone/ozone/hadoop-ozone/integration-test/target/test-dir/MiniOzoneClusterImpl-3b234497-56f6-48e5-9ae2-a9674f906486/ozone-meta/datanode-2/ratis] (custom)
2024-03-11 08:32:40,030 [0af1ae0f-8c30-413c-9f1e-7b09e147ac16-NettyServerStreamRpc-bossGroup--thread1] INFO  logging.LoggingHandler (AbstractInternalLogger.java:log(148)) - [id: 0xbd072d9d] REGISTERED
2024-03-11 08:32:40,030 [main] INFO  server.RaftServerConfigKeys (ConfUtils.java:logGet(46)) - raft.server.threadpool.proxy.cached = true (default)
2024-03-11 08:32:40,030 [0af1ae0f-8c30-413c-9f1e-7b09e147ac16-NettyServerStreamRpc-bossGroup--thread1] INFO  logging.LoggingHandler (AbstractInternalLogger.java:log(148)) - [id: 0xbd072d9d] BIND: 0.0.0.0/0.0.0.0:15161
2024-03-11 08:32:40,031 [main] INFO  server.RaftServerConfigKeys (ConfUtils.java:logGet(46)) - raft.server.threadpool.proxy.size = 0 (default)
2024-03-11 08:32:40,031 [0af1ae0f-8c30-413c-9f1e-7b09e147ac16-NettyServerStreamRpc-bossGroup--thread1] INFO  logging.LoggingHandler (AbstractInternalLogger.java:log(148)) - [id: 0xbd072d9d, L:/0.0.0.0:15161] ACTIVE
2024-03-11 08:32:40,031 [0af1ae0f-8c30-413c-9f1e-7b09e147ac16-impl-thread1] INFO  server.RaftServer (RaftServerProxy.java:initGroupDir(264)) - 0af1ae0f-8c30-413c-9f1e-7b09e147ac16: found a subdirectory /home/runner/work/ozone/ozone/hadoop-ozone/integration-test/target/test-dir/MiniOzoneClusterImpl-3b234497-56f6-48e5-9ae2-a9674f906486/ozone-meta/datanode-2/ratis/tmp
2024-03-11 08:32:40,031 [0af1ae0f-8c30-413c-9f1e-7b09e147ac16-impl-thread1] INFO  server.RaftServer (RaftServerProxy.java:initGroupDir(269)) - 0af1ae0f-8c30-413c-9f1e-7b09e147ac16: The directory /home/runner/work/ozone/ozone/hadoop-ozone/integration-test/target/test-dir/MiniOzoneClusterImpl-3b234497-56f6-48e5-9ae2-a9674f906486/ozone-meta/datanode-2/ratis/tmp is not a group directory; ignoring it. 
2024-03-11 08:32:40,031 [main] INFO  replication.ReplicationServer (ReplicationServer.java:<init>(86)) - Initializing replication server with thread count = 10 queue length = 4096
2024-03-11 08:32:40,033 [main] INFO  server.XceiverServerGrpc (XceiverServerGrpc.java:<init>(141)) - GrpcServer channel type EpollServerSocketChannel
2024-03-11 08:32:40,034 [main] INFO  replication.ReplicationSupervisor (ReplicationSupervisor.java:build(163)) - Initializing replication supervisor with thread count = 10
2024-03-11 08:32:40,034 [main] INFO  replication.ReplicationSupervisor (ReplicationSupervisor.java:nodeStateUpdated(317)) - Node state updated to IN_SERVICE, scaling executor pool size to 10
2024-03-11 08:32:40,036 [main] INFO  http.BaseHttpServer (BaseHttpServer.java:newHttpServer2BuilderForOzone(223)) - Starting Web-server for hddsDatanode at: http://0.0.0.0:15155
2024-03-11 08:32:40,036 [main] INFO  http.BaseHttpServer (BaseHttpServer.java:<init>(110)) - Hadoop Security Enabled: false Ozone Security Enabled: false Ozone HTTP Security Enabled: false 
2024-03-11 08:32:40,037 [main] WARN  server.AuthenticationFilter (AuthenticationFilter.java:constructSecretProvider(240)) - Unable to initialize FileSignerSecretProvider, falling back to use random secrets. Reason: Could not read signature secret file: /home/runner/hadoop-http-auth-signature-secret
2024-03-11 08:32:40,037 [main] INFO  http.HttpRequestLog (HttpRequestLog.java:getRequestLog(86)) - Http request log for http.requests.hddsDatanode is not defined
2024-03-11 08:32:40,039 [main] INFO  http.HttpServer2 (HttpServer2.java:addGlobalFilter(1036)) - Added global filter 'safety' (class=org.apache.hadoop.hdds.server.http.HttpServer2$QuotingInputFilter)
2024-03-11 08:32:40,039 [main] INFO  http.HttpServer2 (HttpServer2.java:addFilter(1012)) - Added filter static_user_filter (class=org.apache.hadoop.http.lib.StaticUserWebFilter$StaticUserFilter) to context hddsDatanode
2024-03-11 08:32:40,039 [main] INFO  http.HttpServer2 (HttpServer2.java:addFilter(1020)) - Added filter static_user_filter (class=org.apache.hadoop.http.lib.StaticUserWebFilter$StaticUserFilter) to context static
2024-03-11 08:32:40,039 [main] INFO  http.HttpServer2 (HttpServer2.java:addFilter(1020)) - Added filter static_user_filter (class=org.apache.hadoop.http.lib.StaticUserWebFilter$StaticUserFilter) to context logs
2024-03-11 08:32:40,040 [main] INFO  http.BaseHttpServer (BaseHttpServer.java:<init>(189)) - HTTP server of hddsDatanode uses base directory /home/runner/work/ozone/ozone/hadoop-ozone/integration-test/target/test-dir/MiniOzoneClusterImpl-3b234497-56f6-48e5-9ae2-a9674f906486/ozone-meta/datanode-2/meta/webserver
2024-03-11 08:32:40,040 [main] INFO  http.HttpServer2 (HttpServer2.java:bindListener(1236)) - Jetty bound to port 15155
2024-03-11 08:32:40,040 [main] INFO  server.Server (Server.java:doStart(375)) - jetty-9.4.53.v20231009; built: 2023-10-09T12:29:09.265Z; git: 27bde00a0b95a1d5bbee0eae7984f891d2d0f8c9; jvm 1.8.0_402-b06
2024-03-11 08:32:40,041 [main] INFO  server.session (DefaultSessionIdManager.java:doStart(334)) - DefaultSessionIdManager workerName=node0
2024-03-11 08:32:40,041 [main] INFO  server.session (DefaultSessionIdManager.java:doStart(339)) - No SessionScavenger set, using defaults
2024-03-11 08:32:40,041 [main] INFO  server.session (HouseKeeper.java:startScavenging(132)) - node0 Scavenging every 600000ms
2024-03-11 08:32:40,042 [main] INFO  handler.ContextHandler (ContextHandler.java:doStart(921)) - Started o.e.j.s.ServletContextHandler@3a2741f9{logs,/logs,file:///home/runner/work/ozone/ozone/hadoop-ozone/integration-test/target/log,AVAILABLE}
2024-03-11 08:32:40,042 [main] INFO  handler.ContextHandler (ContextHandler.java:doStart(921)) - Started o.e.j.s.ServletContextHandler@1ee48960{static,/static,jar:file:/home/runner/.m2/repository/org/apache/ozone/hdds-container-service/1.5.0-SNAPSHOT/hdds-container-service-1.5.0-SNAPSHOT.jar!/webapps/static,AVAILABLE}
2024-03-11 08:32:40,087 [main] INFO  handler.ContextHandler (ContextHandler.java:doStart(921)) - Started o.e.j.w.WebAppContext@72416b78{hddsDatanode,/,file:///home/runner/work/ozone/ozone/hadoop-ozone/integration-test/target/test-dir/MiniOzoneClusterImpl-3b234497-56f6-48e5-9ae2-a9674f906486/ozone-meta/datanode-2/meta/webserver/jetty-0_0_0_0-15155-hdds-container-service-1_5_0-SNAPSHOT_jar-_-any-8162854220044541797/webapp/,AVAILABLE}{jar:file:/home/runner/.m2/repository/org/apache/ozone/hdds-container-service/1.5.0-SNAPSHOT/hdds-container-service-1.5.0-SNAPSHOT.jar!/webapps/hddsDatanode}
2024-03-11 08:32:40,088 [main] INFO  server.AbstractConnector (AbstractConnector.java:doStart(333)) - Started ServerConnector@446de403{HTTP/1.1, (http/1.1)}{0.0.0.0:15155}
2024-03-11 08:32:40,088 [main] INFO  server.Server (Server.java:doStart(415)) - Started @374859ms
2024-03-11 08:32:40,088 [main] WARN  impl.MetricsSystemImpl (MetricsSystemImpl.java:register(279)) - Sink prometheus already exists!
2024-03-11 08:32:40,089 [main] INFO  http.BaseHttpServer (BaseHttpServer.java:updateConnectorAddress(354)) - HTTP server of hddsDatanode listening at http://0.0.0.0:15155
2024-03-11 08:32:40,089 [main] INFO  ipc.CallQueueManager (CallQueueManager.java:<init>(90)) - Using callQueue: class java.util.concurrent.LinkedBlockingQueue, queueCapacity: 100, scheduler: class org.apache.hadoop.ipc.DefaultRpcScheduler, ipcBackoff: false.
2024-03-11 08:32:40,089 [main] INFO  ipc.Server (Server.java:<init>(1287)) - Listener at 0.0.0.0:15156
2024-03-11 08:32:40,090 [Socket Reader #1 for port 15156] INFO  ipc.Server (Server.java:run(1323)) - Starting Socket Reader #1 for port 15156
2024-03-11 08:32:40,094 [main] INFO  ozone.HddsDatanodeService (HddsDatanodeService.java:start(327)) - Datanode start with admins: [*, runner]
2024-03-11 08:32:40,095 [main] INFO  ozone.HddsDatanodeClientProtocolServer (HddsDatanodeClientProtocolServer.java:start(77)) - RPC server for Client /0.0.0.0:15156
2024-03-11 08:32:40,095 [IPC Server Responder] INFO  ipc.Server (Server.java:run(1562)) - IPC Server Responder: starting
2024-03-11 08:32:40,095 [IPC Server listener on 15156] INFO  ipc.Server (Server.java:run(1402)) - IPC Server listener on 15156: starting
2024-03-11 08:32:40,097 [0af1ae0f-8c30-413c-9f1e-7b09e147ac16-DatanodeStateMachineDaemonThread] INFO  statemachine.DatanodeStateMachine (DatanodeStateMachine.java:lambda$startDaemon$1(555)) - Ozone container server started.
2024-03-11 08:32:40,097 [main] WARN  dropwizard3.Dm3MetricRegistriesImpl (Dm3MetricRegistriesImpl.java:addReporterRegistration(113)) - New reporters are added after registries were created. Some metrics will be missing from the reporter. Please add reporter before adding any new registry.
2024-03-11 08:32:40,098 [main] WARN  dropwizard3.Dm3MetricRegistriesImpl (Dm3MetricRegistriesImpl.java:addReporterRegistration(113)) - New reporters are added after registries were created. Some metrics will be missing from the reporter. Please add reporter before adding any new registry.
2024-03-11 08:32:40,099 [main] INFO  impl.MetricsSystemImpl (MetricsSystemImpl.java:init(158)) - HddsDatanode metrics system started (again)
2024-03-11 08:32:40,101 [0af1ae0f-8c30-413c-9f1e-7b09e147ac16-DatanodeStateMachineTaskThread-0] INFO  datanode.InitDatanodeState (InitDatanodeState.java:persistContainerDatanodeDetails(139)) - DatanodeDetails is persisted to /home/runner/work/ozone/ozone/hadoop-ozone/integration-test/target/test-dir/MiniOzoneClusterImpl-3b234497-56f6-48e5-9ae2-a9674f906486/ozone-meta/datanode-2/meta/datanode.id
2024-03-11 08:32:40,108 [main] INFO  ozone.HddsDatanodeService (HddsDatanodeService.java:start(240)) - HddsDatanodeService host:fv-az1250-130.ebmzynhy2g4u3nwuixrszff3we.cx.internal.cloudapp.net ip:10.1.0.9
2024-03-11 08:32:40,130 [main] INFO  upgrade.AbstractLayoutVersionManager (AbstractLayoutVersionManager.java:init(83)) - Initializing Layout version manager with metadata layout = HADOOP_PRC_PORTS_IN_DATANODEDETAILS (version = 7), software layout = HADOOP_PRC_PORTS_IN_DATANODEDETAILS (version = 7)
2024-03-11 08:32:40,131 [main] INFO  statemachine.DatanodeStateMachine (DatanodeStateMachine.java:getEndPointTaskThreadPoolSize(299)) - Datanode State Machine Task Thread Pool size 2
2024-03-11 08:32:40,132 [main] INFO  volume.HddsVolume (HddsVolume.java:<init>(125)) - Creating HddsVolume: /home/runner/work/ozone/ozone/hadoop-ozone/integration-test/target/test-dir/MiniOzoneClusterImpl-3b234497-56f6-48e5-9ae2-a9674f906486/ozone-meta/datanode-3/data-0/hdds of storage type : DISK capacity : 9223372036854775807
2024-03-11 08:32:40,133 [main] INFO  volume.MutableVolumeSet (MutableVolumeSet.java:initializeVolumeSet(173)) - Added Volume : /home/runner/work/ozone/ozone/hadoop-ozone/integration-test/target/test-dir/MiniOzoneClusterImpl-3b234497-56f6-48e5-9ae2-a9674f906486/ozone-meta/datanode-3/data-0/hdds to VolumeSet
2024-03-11 08:32:40,134 [main] INFO  volume.MutableVolumeSet (MutableVolumeSet.java:initializeVolumeSet(173)) - Added Volume : /home/runner/work/ozone/ozone/hadoop-ozone/integration-test/target/test-dir/MiniOzoneClusterImpl-3b234497-56f6-48e5-9ae2-a9674f906486/ozone-meta/datanode-3/ratis to VolumeSet
2024-03-11 08:32:40,134 [main] INFO  ozoneimpl.OzoneContainer (HddsVolumeUtil.java:loadAllHddsVolumeDbStore(103)) - Load 1 volumes DbStore cost: 0ms
2024-03-11 08:32:40,136 [main] INFO  server.RaftServer (ConfUtils.java:logGet(46)) - raft.rpc.type = GRPC (default)
2024-03-11 08:32:40,136 [main] INFO  grpc.GrpcConfigKeys (ConfUtils.java:logFallback(53)) - raft.grpc.admin.host = null (fallback to raft.grpc.server.host)
2024-03-11 08:32:40,136 [main] INFO  grpc.GrpcConfigKeys (ConfUtils.java:logGet(46)) - raft.grpc.admin.port = 15168 (custom)
2024-03-11 08:32:40,136 [main] INFO  grpc.GrpcConfigKeys (ConfUtils.java:logFallback(53)) - raft.grpc.client.host = null (fallback to raft.grpc.server.host)
2024-03-11 08:32:40,137 [main] INFO  grpc.GrpcConfigKeys (ConfUtils.java:logGet(46)) - raft.grpc.client.port = 15167 (custom)
2024-03-11 08:32:40,137 [main] INFO  grpc.GrpcConfigKeys (ConfUtils.java:logGet(46)) - raft.grpc.server.host = null (default)
2024-03-11 08:32:40,137 [main] INFO  grpc.GrpcConfigKeys (ConfUtils.java:logGet(46)) - raft.grpc.server.port = 15169 (custom)
2024-03-11 08:32:40,137 [main] INFO  server.GrpcService (ConfUtils.java:logGet(46)) - raft.grpc.message.size.max = 32MB (=33554432) (custom)
2024-03-11 08:32:40,137 [main] INFO  server.RaftServerConfigKeys (ConfUtils.java:logGet(46)) - raft.server.log.appender.buffer.byte-limit = 8388608 (custom)
2024-03-11 08:32:40,137 [main] INFO  server.GrpcService (ConfUtils.java:logGet(46)) - raft.grpc.flow.control.window = 5MB (=5242880) (custom)
2024-03-11 08:32:40,138 [main] INFO  server.RaftServerConfigKeys (ConfUtils.java:logGet(46)) - raft.server.rpc.request.timeout = 60s (custom)
2024-03-11 08:32:40,138 [main] INFO  grpc.GrpcConfigKeys (ConfUtils.java:logGet(46)) - raft.grpc.server.heartbeat.channel = true (default)
2024-03-11 08:32:40,138 [main] INFO  grpc.GrpcConfigKeys (ConfUtils.java:logGet(46)) - raft.grpc.server.async.request.thread.pool.cached = true (default)
2024-03-11 08:32:40,138 [main] INFO  grpc.GrpcConfigKeys (ConfUtils.java:logGet(46)) - raft.grpc.server.async.request.thread.pool.size = 32 (default)
2024-03-11 08:32:40,141 [main] INFO  impl.DataStreamServerImpl (ConfUtils.java:logGet(46)) - raft.datastream.type = NETTY (custom)
2024-03-11 08:32:40,141 [main] INFO  server.RaftServerConfigKeys (ConfUtils.java:logGet(46)) - raft.server.data-stream.async.request.thread.pool.cached = false (default)
2024-03-11 08:32:40,141 [main] INFO  server.RaftServerConfigKeys (ConfUtils.java:logGet(46)) - raft.server.data-stream.async.request.thread.pool.size = 20 (custom)
2024-03-11 08:32:40,141 [main] INFO  server.RaftServerConfigKeys (ConfUtils.java:logGet(46)) - raft.server.data-stream.async.write.thread.pool.size = 16 (default)
2024-03-11 08:32:40,141 [main] INFO  netty.NettyConfigKeys$DataStream (ConfUtils.java:logGet(46)) - raft.netty.dataStream.server.channel.inactive.grace-period = 10min (default)
2024-03-11 08:32:40,142 [main] INFO  server.RaftServerConfigKeys (ConfUtils.java:logGet(46)) - raft.server.data-stream.client.pool.size = 10 (default)
2024-03-11 08:32:40,142 [main] INFO  netty.NettyConfigKeys$DataStream (ConfUtils.java:logGet(46)) - raft.netty.dataStream.server.use-epoll = true (default)
2024-03-11 08:32:40,142 [main] INFO  netty.NettyConfigKeys$DataStream (ConfUtils.java:logGet(46)) - raft.netty.dataStream.server.boss-group.size = 0 (default)
2024-03-11 08:32:40,142 [main] INFO  netty.NettyUtils (NettyUtils.java:newEventLoopGroup(69)) - Create EpollEventLoopGroup for 59c2aa1f-efee-4a31-8893-6c9c6933eb36-NettyServerStreamRpc-bossGroup; Thread size is 0.
2024-03-11 08:32:40,142 [main] INFO  netty.NettyConfigKeys$DataStream (ConfUtils.java:logGet(46)) - raft.netty.dataStream.server.worker-group.size = 0 (default)
2024-03-11 08:32:40,143 [main] INFO  netty.NettyUtils (NettyUtils.java:newEventLoopGroup(69)) - Create EpollEventLoopGroup for 59c2aa1f-efee-4a31-8893-6c9c6933eb36-NettyServerStreamRpc-workerGroup; Thread size is 0.
2024-03-11 08:32:40,143 [main] INFO  netty.NettyConfigKeys$DataStream (ConfUtils.java:logGet(46)) - raft.netty.dataStream.server.tls.conf = null (default)
2024-03-11 08:32:40,143 [main] INFO  netty.NettyConfigKeys$DataStream (ConfUtils.java:logGet(46)) - raft.netty.dataStream.host = null (default)
2024-03-11 08:32:40,143 [main] INFO  netty.NettyConfigKeys$DataStream (ConfUtils.java:logGet(46)) - raft.netty.dataStream.port = 15170 (custom)
2024-03-11 08:32:40,143 [main] INFO  server.RaftServerConfigKeys (ConfUtils.java:logGet(46)) - raft.server.sleep.deviation.threshold = 300ms (default)
2024-03-11 08:32:40,144 [main] INFO  server.RaftServerConfigKeys (ConfUtils.java:logGet(46)) - raft.server.close.threshold = 60s (default)
2024-03-11 08:32:40,144 [main] INFO  server.RaftServerConfigKeys (ConfUtils.java:logGet(46)) - raft.server.leaderelection.leader.step-down.wait-time = 10s (default)
2024-03-11 08:32:40,144 [59c2aa1f-efee-4a31-8893-6c9c6933eb36-NettyServerStreamRpc-bossGroup--thread1] INFO  logging.LoggingHandler (AbstractInternalLogger.java:log(148)) - [id: 0xd3fc3023] REGISTERED
2024-03-11 08:32:40,144 [main] INFO  server.RaftServerConfigKeys (ConfUtils.java:logGet(46)) - raft.server.storage.dir = [/home/runner/work/ozone/ozone/hadoop-ozone/integration-test/target/test-dir/MiniOzoneClusterImpl-3b234497-56f6-48e5-9ae2-a9674f906486/ozone-meta/datanode-3/ratis] (custom)
2024-03-11 08:32:40,144 [59c2aa1f-efee-4a31-8893-6c9c6933eb36-NettyServerStreamRpc-bossGroup--thread1] INFO  logging.LoggingHandler (AbstractInternalLogger.java:log(148)) - [id: 0xd3fc3023] BIND: 0.0.0.0/0.0.0.0:15170
2024-03-11 08:32:40,144 [main] INFO  server.RaftServerConfigKeys (ConfUtils.java:logGet(46)) - raft.server.threadpool.proxy.cached = true (default)
2024-03-11 08:32:40,144 [59c2aa1f-efee-4a31-8893-6c9c6933eb36-NettyServerStreamRpc-bossGroup--thread1] INFO  logging.LoggingHandler (AbstractInternalLogger.java:log(148)) - [id: 0xd3fc3023, L:/0.0.0.0:15170] ACTIVE
2024-03-11 08:32:40,144 [main] INFO  server.RaftServerConfigKeys (ConfUtils.java:logGet(46)) - raft.server.threadpool.proxy.size = 0 (default)
2024-03-11 08:32:40,145 [59c2aa1f-efee-4a31-8893-6c9c6933eb36-impl-thread1] INFO  server.RaftServer (RaftServerProxy.java:initGroupDir(264)) - 59c2aa1f-efee-4a31-8893-6c9c6933eb36: found a subdirectory /home/runner/work/ozone/ozone/hadoop-ozone/integration-test/target/test-dir/MiniOzoneClusterImpl-3b234497-56f6-48e5-9ae2-a9674f906486/ozone-meta/datanode-3/ratis/tmp
2024-03-11 08:32:40,145 [59c2aa1f-efee-4a31-8893-6c9c6933eb36-impl-thread1] INFO  server.RaftServer (RaftServerProxy.java:initGroupDir(269)) - 59c2aa1f-efee-4a31-8893-6c9c6933eb36: The directory /home/runner/work/ozone/ozone/hadoop-ozone/integration-test/target/test-dir/MiniOzoneClusterImpl-3b234497-56f6-48e5-9ae2-a9674f906486/ozone-meta/datanode-3/ratis/tmp is not a group directory; ignoring it. 
2024-03-11 08:32:40,145 [main] INFO  replication.ReplicationServer (ReplicationServer.java:<init>(86)) - Initializing replication server with thread count = 10 queue length = 4096
2024-03-11 08:32:40,146 [main] INFO  server.XceiverServerGrpc (XceiverServerGrpc.java:<init>(141)) - GrpcServer channel type EpollServerSocketChannel
2024-03-11 08:32:40,147 [main] INFO  replication.ReplicationSupervisor (ReplicationSupervisor.java:build(163)) - Initializing replication supervisor with thread count = 10
2024-03-11 08:32:40,147 [main] INFO  replication.ReplicationSupervisor (ReplicationSupervisor.java:nodeStateUpdated(317)) - Node state updated to IN_SERVICE, scaling executor pool size to 10
2024-03-11 08:32:40,148 [main] INFO  http.BaseHttpServer (BaseHttpServer.java:newHttpServer2BuilderForOzone(223)) - Starting Web-server for hddsDatanode at: http://0.0.0.0:15164
2024-03-11 08:32:40,148 [main] INFO  http.BaseHttpServer (BaseHttpServer.java:<init>(110)) - Hadoop Security Enabled: false Ozone Security Enabled: false Ozone HTTP Security Enabled: false 
2024-03-11 08:32:40,152 [main] WARN  server.AuthenticationFilter (AuthenticationFilter.java:constructSecretProvider(240)) - Unable to initialize FileSignerSecretProvider, falling back to use random secrets. Reason: Could not read signature secret file: /home/runner/hadoop-http-auth-signature-secret
2024-03-11 08:32:40,152 [main] INFO  http.HttpRequestLog (HttpRequestLog.java:getRequestLog(86)) - Http request log for http.requests.hddsDatanode is not defined
2024-03-11 08:32:40,153 [main] INFO  http.HttpServer2 (HttpServer2.java:addGlobalFilter(1036)) - Added global filter 'safety' (class=org.apache.hadoop.hdds.server.http.HttpServer2$QuotingInputFilter)
2024-03-11 08:32:40,153 [main] INFO  http.HttpServer2 (HttpServer2.java:addFilter(1012)) - Added filter static_user_filter (class=org.apache.hadoop.http.lib.StaticUserWebFilter$StaticUserFilter) to context hddsDatanode
2024-03-11 08:32:40,153 [main] INFO  http.HttpServer2 (HttpServer2.java:addFilter(1020)) - Added filter static_user_filter (class=org.apache.hadoop.http.lib.StaticUserWebFilter$StaticUserFilter) to context static
2024-03-11 08:32:40,153 [main] INFO  http.HttpServer2 (HttpServer2.java:addFilter(1020)) - Added filter static_user_filter (class=org.apache.hadoop.http.lib.StaticUserWebFilter$StaticUserFilter) to context logs
2024-03-11 08:32:40,154 [main] INFO  http.BaseHttpServer (BaseHttpServer.java:<init>(189)) - HTTP server of hddsDatanode uses base directory /home/runner/work/ozone/ozone/hadoop-ozone/integration-test/target/test-dir/MiniOzoneClusterImpl-3b234497-56f6-48e5-9ae2-a9674f906486/ozone-meta/datanode-3/meta/webserver
2024-03-11 08:32:40,154 [main] INFO  http.HttpServer2 (HttpServer2.java:bindListener(1236)) - Jetty bound to port 15164
2024-03-11 08:32:40,154 [main] INFO  server.Server (Server.java:doStart(375)) - jetty-9.4.53.v20231009; built: 2023-10-09T12:29:09.265Z; git: 27bde00a0b95a1d5bbee0eae7984f891d2d0f8c9; jvm 1.8.0_402-b06
2024-03-11 08:32:40,155 [main] INFO  server.session (DefaultSessionIdManager.java:doStart(334)) - DefaultSessionIdManager workerName=node0
2024-03-11 08:32:40,155 [main] INFO  server.session (DefaultSessionIdManager.java:doStart(339)) - No SessionScavenger set, using defaults
2024-03-11 08:32:40,157 [main] INFO  server.session (HouseKeeper.java:startScavenging(132)) - node0 Scavenging every 600000ms
2024-03-11 08:32:40,158 [main] INFO  handler.ContextHandler (ContextHandler.java:doStart(921)) - Started o.e.j.s.ServletContextHandler@31c8c0c0{logs,/logs,file:///home/runner/work/ozone/ozone/hadoop-ozone/integration-test/target/log,AVAILABLE}
2024-03-11 08:32:40,158 [main] INFO  handler.ContextHandler (ContextHandler.java:doStart(921)) - Started o.e.j.s.ServletContextHandler@10dd1add{static,/static,jar:file:/home/runner/.m2/repository/org/apache/ozone/hdds-container-service/1.5.0-SNAPSHOT/hdds-container-service-1.5.0-SNAPSHOT.jar!/webapps/static,AVAILABLE}
2024-03-11 08:32:40,192 [main] INFO  handler.ContextHandler (ContextHandler.java:doStart(921)) - Started o.e.j.w.WebAppContext@775ba5e{hddsDatanode,/,file:///home/runner/work/ozone/ozone/hadoop-ozone/integration-test/target/test-dir/MiniOzoneClusterImpl-3b234497-56f6-48e5-9ae2-a9674f906486/ozone-meta/datanode-3/meta/webserver/jetty-0_0_0_0-15164-hdds-container-service-1_5_0-SNAPSHOT_jar-_-any-2515289542167827160/webapp/,AVAILABLE}{jar:file:/home/runner/.m2/repository/org/apache/ozone/hdds-container-service/1.5.0-SNAPSHOT/hdds-container-service-1.5.0-SNAPSHOT.jar!/webapps/hddsDatanode}
2024-03-11 08:32:40,192 [main] INFO  server.AbstractConnector (AbstractConnector.java:doStart(333)) - Started ServerConnector@23680697{HTTP/1.1, (http/1.1)}{0.0.0.0:15164}
2024-03-11 08:32:40,193 [main] INFO  server.Server (Server.java:doStart(415)) - Started @374963ms
2024-03-11 08:32:40,193 [main] WARN  impl.MetricsSystemImpl (MetricsSystemImpl.java:register(279)) - Sink prometheus already exists!
2024-03-11 08:32:40,193 [main] INFO  http.BaseHttpServer (BaseHttpServer.java:updateConnectorAddress(354)) - HTTP server of hddsDatanode listening at http://0.0.0.0:15164
2024-03-11 08:32:40,194 [main] INFO  ipc.CallQueueManager (CallQueueManager.java:<init>(90)) - Using callQueue: class java.util.concurrent.LinkedBlockingQueue, queueCapacity: 100, scheduler: class org.apache.hadoop.ipc.DefaultRpcScheduler, ipcBackoff: false.
2024-03-11 08:32:40,194 [main] INFO  ipc.Server (Server.java:<init>(1287)) - Listener at 0.0.0.0:15165
2024-03-11 08:32:40,197 [Socket Reader #1 for port 15165] INFO  ipc.Server (Server.java:run(1323)) - Starting Socket Reader #1 for port 15165
2024-03-11 08:32:40,205 [main] INFO  ozone.HddsDatanodeService (HddsDatanodeService.java:start(327)) - Datanode start with admins: [*, runner]
2024-03-11 08:32:40,206 [main] INFO  ozone.HddsDatanodeClientProtocolServer (HddsDatanodeClientProtocolServer.java:start(77)) - RPC server for Client /0.0.0.0:15165
2024-03-11 08:32:40,206 [IPC Server Responder] INFO  ipc.Server (Server.java:run(1562)) - IPC Server Responder: starting
2024-03-11 08:32:40,206 [IPC Server listener on 15165] INFO  ipc.Server (Server.java:run(1402)) - IPC Server listener on 15165: starting
2024-03-11 08:32:40,208 [59c2aa1f-efee-4a31-8893-6c9c6933eb36-DatanodeStateMachineDaemonThread] INFO  statemachine.DatanodeStateMachine (DatanodeStateMachine.java:lambda$startDaemon$1(555)) - Ozone container server started.
2024-03-11 08:32:40,209 [main] INFO  ozone.MiniOzoneClusterImpl (MiniOzoneClusterImpl.java:lambda$waitForClusterToBeReady$0(194)) - Waiting for nodes to be ready. Got 0 of 3 DN Heartbeats.
2024-03-11 08:32:40,209 [main] INFO  ozone.MiniOzoneClusterImpl (MiniOzoneClusterImpl.java:lambda$waitForClusterToBeReady$0(197)) - Waiting for cluster to exit safe mode
2024-03-11 08:32:40,209 [main] INFO  ozone.MiniOzoneClusterImpl (MiniOzoneClusterImpl.java:lambda$waitForClusterToBeReady$0(199)) - SCM became leader
2024-03-11 08:32:40,211 [59c2aa1f-efee-4a31-8893-6c9c6933eb36-DatanodeStateMachineTaskThread-0] INFO  datanode.InitDatanodeState (InitDatanodeState.java:persistContainerDatanodeDetails(139)) - DatanodeDetails is persisted to /home/runner/work/ozone/ozone/hadoop-ozone/integration-test/target/test-dir/MiniOzoneClusterImpl-3b234497-56f6-48e5-9ae2-a9674f906486/ozone-meta/datanode-3/meta/datanode.id
2024-03-11 08:32:40,445 [omNode-2@group-523986131536-StateMachineUpdater] INFO  ratis.OzoneManagerStateMachine (OzoneManagerStateMachine.java:notifyConfigurationChanged(198)) - Received Configuration change notification from Ratis. New Peer list:
[id: "omNode-3"
address: "localhost:15144"
startupRole: FOLLOWER
, id: "omNode-1"
address: "localhost:15136"
startupRole: FOLLOWER
, id: "omNode-2"
address: "localhost:15140"
startupRole: FOLLOWER
]
2024-03-11 08:32:40,445 [omNode-3@group-523986131536-StateMachineUpdater] INFO  ratis.OzoneManagerStateMachine (OzoneManagerStateMachine.java:notifyConfigurationChanged(198)) - Received Configuration change notification from Ratis. New Peer list:
[id: "omNode-3"
address: "localhost:15144"
startupRole: FOLLOWER
, id: "omNode-1"
address: "localhost:15136"
startupRole: FOLLOWER
, id: "omNode-2"
address: "localhost:15140"
startupRole: FOLLOWER
]
2024-03-11 08:32:41,209 [main] INFO  ozone.MiniOzoneClusterImpl (MiniOzoneClusterImpl.java:lambda$waitForClusterToBeReady$0(194)) - Waiting for nodes to be ready. Got 0 of 3 DN Heartbeats.
2024-03-11 08:32:41,209 [main] INFO  ozone.MiniOzoneClusterImpl (MiniOzoneClusterImpl.java:lambda$waitForClusterToBeReady$0(197)) - Waiting for cluster to exit safe mode
2024-03-11 08:32:41,209 [main] INFO  ozone.MiniOzoneClusterImpl (MiniOzoneClusterImpl.java:lambda$waitForClusterToBeReady$0(199)) - SCM became leader
2024-03-11 08:32:41,993 [d27ccdb5-db89-40cd-9d18-1f7a4f6c3e48-EndpointStateMachineTaskThread-/0.0.0.0:15131-0 ] INFO  utils.DatanodeStoreCache (DatanodeStoreCache.java:addDB(72)) - Added db /home/runner/work/ozone/ozone/hadoop-ozone/integration-test/target/test-dir/MiniOzoneClusterImpl-3b234497-56f6-48e5-9ae2-a9674f906486/ozone-meta/datanode-1/data-0/hdds/3b234497-56f6-48e5-9ae2-a9674f906486/DS-14414358-6053-4abb-91d0-8327346beacd/container.db to cache
2024-03-11 08:32:41,993 [d27ccdb5-db89-40cd-9d18-1f7a4f6c3e48-EndpointStateMachineTaskThread-/0.0.0.0:15131-0 ] INFO  volume.HddsVolume (HddsVolume.java:createDbStore(420)) - SchemaV3 db is created and loaded at /home/runner/work/ozone/ozone/hadoop-ozone/integration-test/target/test-dir/MiniOzoneClusterImpl-3b234497-56f6-48e5-9ae2-a9674f906486/ozone-meta/datanode-1/data-0/hdds/3b234497-56f6-48e5-9ae2-a9674f906486/DS-14414358-6053-4abb-91d0-8327346beacd/container.db for volume DS-14414358-6053-4abb-91d0-8327346beacd
2024-03-11 08:32:41,995 [d27ccdb5-db89-40cd-9d18-1f7a4f6c3e48-ContainerReader-0] INFO  ozoneimpl.ContainerReader (ContainerReader.java:readVolume(148)) - Start to verify containers on volume /home/runner/work/ozone/ozone/hadoop-ozone/integration-test/target/test-dir/MiniOzoneClusterImpl-3b234497-56f6-48e5-9ae2-a9674f906486/ozone-meta/datanode-1/data-0/hdds
2024-03-11 08:32:41,995 [d27ccdb5-db89-40cd-9d18-1f7a4f6c3e48-ContainerReader-0] INFO  ozoneimpl.ContainerReader (ContainerReader.java:readVolume(178)) - Finish verifying containers on volume /home/runner/work/ozone/ozone/hadoop-ozone/integration-test/target/test-dir/MiniOzoneClusterImpl-3b234497-56f6-48e5-9ae2-a9674f906486/ozone-meta/datanode-1/data-0/hdds
2024-03-11 08:32:41,995 [d27ccdb5-db89-40cd-9d18-1f7a4f6c3e48-EndpointStateMachineTaskThread-/0.0.0.0:15131-0 ] INFO  ozoneimpl.OzoneContainer (OzoneContainer.java:buildContainerSet(328)) - Build ContainerSet costs 0s
2024-03-11 08:32:41,996 [d27ccdb5-db89-40cd-9d18-1f7a4f6c3e48-EndpointStateMachineTaskThread-/0.0.0.0:15131-0 ] INFO  volume.ThrottledAsyncChecker (ThrottledAsyncChecker.java:schedule(141)) - Scheduling a check for /home/runner/work/ozone/ozone/hadoop-ozone/integration-test/target/test-dir/MiniOzoneClusterImpl-3b234497-56f6-48e5-9ae2-a9674f906486/ozone-meta/datanode-1/data-0/hdds
2024-03-11 08:32:41,996 [d27ccdb5-db89-40cd-9d18-1f7a4f6c3e48-EndpointStateMachineTaskThread-/0.0.0.0:15131-0 ] INFO  volume.StorageVolumeChecker (StorageVolumeChecker.java:checkAllVolumes(218)) - Scheduled health check for volume /home/runner/work/ozone/ozone/hadoop-ozone/integration-test/target/test-dir/MiniOzoneClusterImpl-3b234497-56f6-48e5-9ae2-a9674f906486/ozone-meta/datanode-1/data-0/hdds
2024-03-11 08:32:41,998 [d27ccdb5-db89-40cd-9d18-1f7a4f6c3e48-EndpointStateMachineTaskThread-/0.0.0.0:15131-0 ] INFO  volume.ThrottledAsyncChecker (ThrottledAsyncChecker.java:schedule(141)) - Scheduling a check for /home/runner/work/ozone/ozone/hadoop-ozone/integration-test/target/test-dir/MiniOzoneClusterImpl-3b234497-56f6-48e5-9ae2-a9674f906486/ozone-meta/datanode-1/ratis
2024-03-11 08:32:41,998 [d27ccdb5-db89-40cd-9d18-1f7a4f6c3e48-EndpointStateMachineTaskThread-/0.0.0.0:15131-0 ] INFO  volume.StorageVolumeChecker (StorageVolumeChecker.java:checkAllVolumes(218)) - Scheduled health check for volume /home/runner/work/ozone/ozone/hadoop-ozone/integration-test/target/test-dir/MiniOzoneClusterImpl-3b234497-56f6-48e5-9ae2-a9674f906486/ozone-meta/datanode-1/ratis
2024-03-11 08:32:41,999 [d27ccdb5-db89-40cd-9d18-1f7a4f6c3e48-EndpointStateMachineTaskThread-/0.0.0.0:15131-0 ] INFO  ozoneimpl.OzoneContainer (OzoneContainer.java:start(459)) - Attempting to start container services.
2024-03-11 08:32:41,999 [d27ccdb5-db89-40cd-9d18-1f7a4f6c3e48-EndpointStateMachineTaskThread-/0.0.0.0:15131-0 ] INFO  ozoneimpl.OzoneContainer (OzoneContainer.java:startContainerScrub(339)) - Scheduled background container scanners and the on-demand container scanner have been disabled.
2024-03-11 08:32:42,000 [d27ccdb5-db89-40cd-9d18-1f7a4f6c3e48-EndpointStateMachineTaskThread-/0.0.0.0:15131-0 ] INFO  replication.ReplicationServer (ReplicationServer.java:start(142)) - ReplicationServer is started using port 15153
2024-03-11 08:32:42,000 [d27ccdb5-db89-40cd-9d18-1f7a4f6c3e48-EndpointStateMachineTaskThread-/0.0.0.0:15131-0 ] INFO  ratis.XceiverServerRatis (XceiverServerRatis.java:start(566)) - Starting XceiverServerRatis d27ccdb5-db89-40cd-9d18-1f7a4f6c3e48
2024-03-11 08:32:42,001 [d27ccdb5-db89-40cd-9d18-1f7a4f6c3e48-EndpointStateMachineTaskThread-/0.0.0.0:15131-0 ] INFO  server.RaftServer (RaftServerProxy.java:startImpl(406)) - d27ccdb5-db89-40cd-9d18-1f7a4f6c3e48: start RPC server
2024-03-11 08:32:42,002 [d27ccdb5-db89-40cd-9d18-1f7a4f6c3e48-EndpointStateMachineTaskThread-/0.0.0.0:15131-0 ] INFO  server.GrpcService (GrpcService.java:startImpl(302)) - d27ccdb5-db89-40cd-9d18-1f7a4f6c3e48: GrpcService started, listening on 15149
2024-03-11 08:32:42,002 [d27ccdb5-db89-40cd-9d18-1f7a4f6c3e48-EndpointStateMachineTaskThread-/0.0.0.0:15131-0 ] INFO  server.GrpcService (GrpcService.java:startImpl(302)) - d27ccdb5-db89-40cd-9d18-1f7a4f6c3e48: GrpcService started, listening on 15151
2024-03-11 08:32:42,003 [d27ccdb5-db89-40cd-9d18-1f7a4f6c3e48-EndpointStateMachineTaskThread-/0.0.0.0:15131-0 ] INFO  server.GrpcService (GrpcService.java:startImpl(302)) - d27ccdb5-db89-40cd-9d18-1f7a4f6c3e48: GrpcService started, listening on 15150
2024-03-11 08:32:42,003 [d27ccdb5-db89-40cd-9d18-1f7a4f6c3e48-EndpointStateMachineTaskThread-/0.0.0.0:15131-0 ] INFO  ratis.XceiverServerRatis (XceiverServerRatis.java:getRealPort(592)) - XceiverServerRatis d27ccdb5-db89-40cd-9d18-1f7a4f6c3e48 is started using port 15149 for RATIS
2024-03-11 08:32:42,004 [d27ccdb5-db89-40cd-9d18-1f7a4f6c3e48-EndpointStateMachineTaskThread-/0.0.0.0:15131-0 ] INFO  ratis.XceiverServerRatis (XceiverServerRatis.java:getRealPort(592)) - XceiverServerRatis d27ccdb5-db89-40cd-9d18-1f7a4f6c3e48 is started using port 15150 for RATIS_ADMIN
2024-03-11 08:32:42,004 [d27ccdb5-db89-40cd-9d18-1f7a4f6c3e48-EndpointStateMachineTaskThread-/0.0.0.0:15131-0 ] INFO  ratis.XceiverServerRatis (XceiverServerRatis.java:getRealPort(592)) - XceiverServerRatis d27ccdb5-db89-40cd-9d18-1f7a4f6c3e48 is started using port 15151 for RATIS_SERVER
2024-03-11 08:32:42,004 [d27ccdb5-db89-40cd-9d18-1f7a4f6c3e48-EndpointStateMachineTaskThread-/0.0.0.0:15131-0 ] INFO  ratis.XceiverServerRatis (XceiverServerRatis.java:getRealPort(592)) - XceiverServerRatis d27ccdb5-db89-40cd-9d18-1f7a4f6c3e48 is started using port 15152 for RATIS_DATASTREAM
2024-03-11 08:32:42,003 [JvmPauseMonitor43] INFO  util.JvmPauseMonitor (JvmPauseMonitor.java:run(146)) - JvmPauseMonitor-d27ccdb5-db89-40cd-9d18-1f7a4f6c3e48: Started
2024-03-11 08:32:42,005 [d27ccdb5-db89-40cd-9d18-1f7a4f6c3e48-BlockDeletingService#0] INFO  interfaces.ContainerDeletionChoosingPolicyTemplate (ContainerDeletionChoosingPolicyTemplate.java:chooseContainerForBlockDeletion(85)) - Chosen 0/5000 blocks from 0 candidate containers.
2024-03-11 08:32:42,129 [0af1ae0f-8c30-413c-9f1e-7b09e147ac16-EndpointStateMachineTaskThread-/0.0.0.0:15131-0 ] INFO  utils.DatanodeStoreCache (DatanodeStoreCache.java:addDB(72)) - Added db /home/runner/work/ozone/ozone/hadoop-ozone/integration-test/target/test-dir/MiniOzoneClusterImpl-3b234497-56f6-48e5-9ae2-a9674f906486/ozone-meta/datanode-2/data-0/hdds/3b234497-56f6-48e5-9ae2-a9674f906486/DS-9a36d70f-abd9-46fb-a0b4-19eca0efabff/container.db to cache
2024-03-11 08:32:42,129 [0af1ae0f-8c30-413c-9f1e-7b09e147ac16-EndpointStateMachineTaskThread-/0.0.0.0:15131-0 ] INFO  volume.HddsVolume (HddsVolume.java:createDbStore(420)) - SchemaV3 db is created and loaded at /home/runner/work/ozone/ozone/hadoop-ozone/integration-test/target/test-dir/MiniOzoneClusterImpl-3b234497-56f6-48e5-9ae2-a9674f906486/ozone-meta/datanode-2/data-0/hdds/3b234497-56f6-48e5-9ae2-a9674f906486/DS-9a36d70f-abd9-46fb-a0b4-19eca0efabff/container.db for volume DS-9a36d70f-abd9-46fb-a0b4-19eca0efabff
2024-03-11 08:32:42,131 [0af1ae0f-8c30-413c-9f1e-7b09e147ac16-ContainerReader-0] INFO  ozoneimpl.ContainerReader (ContainerReader.java:readVolume(148)) - Start to verify containers on volume /home/runner/work/ozone/ozone/hadoop-ozone/integration-test/target/test-dir/MiniOzoneClusterImpl-3b234497-56f6-48e5-9ae2-a9674f906486/ozone-meta/datanode-2/data-0/hdds
2024-03-11 08:32:42,131 [0af1ae0f-8c30-413c-9f1e-7b09e147ac16-ContainerReader-0] INFO  ozoneimpl.ContainerReader (ContainerReader.java:readVolume(178)) - Finish verifying containers on volume /home/runner/work/ozone/ozone/hadoop-ozone/integration-test/target/test-dir/MiniOzoneClusterImpl-3b234497-56f6-48e5-9ae2-a9674f906486/ozone-meta/datanode-2/data-0/hdds
2024-03-11 08:32:42,131 [0af1ae0f-8c30-413c-9f1e-7b09e147ac16-EndpointStateMachineTaskThread-/0.0.0.0:15131-0 ] INFO  ozoneimpl.OzoneContainer (OzoneContainer.java:buildContainerSet(328)) - Build ContainerSet costs 0s
2024-03-11 08:32:42,131 [0af1ae0f-8c30-413c-9f1e-7b09e147ac16-EndpointStateMachineTaskThread-/0.0.0.0:15131-0 ] INFO  volume.ThrottledAsyncChecker (ThrottledAsyncChecker.java:schedule(141)) - Scheduling a check for /home/runner/work/ozone/ozone/hadoop-ozone/integration-test/target/test-dir/MiniOzoneClusterImpl-3b234497-56f6-48e5-9ae2-a9674f906486/ozone-meta/datanode-2/data-0/hdds
2024-03-11 08:32:42,131 [0af1ae0f-8c30-413c-9f1e-7b09e147ac16-EndpointStateMachineTaskThread-/0.0.0.0:15131-0 ] INFO  volume.StorageVolumeChecker (StorageVolumeChecker.java:checkAllVolumes(218)) - Scheduled health check for volume /home/runner/work/ozone/ozone/hadoop-ozone/integration-test/target/test-dir/MiniOzoneClusterImpl-3b234497-56f6-48e5-9ae2-a9674f906486/ozone-meta/datanode-2/data-0/hdds
2024-03-11 08:32:42,133 [0af1ae0f-8c30-413c-9f1e-7b09e147ac16-EndpointStateMachineTaskThread-/0.0.0.0:15131-0 ] INFO  volume.ThrottledAsyncChecker (ThrottledAsyncChecker.java:schedule(141)) - Scheduling a check for /home/runner/work/ozone/ozone/hadoop-ozone/integration-test/target/test-dir/MiniOzoneClusterImpl-3b234497-56f6-48e5-9ae2-a9674f906486/ozone-meta/datanode-2/ratis
2024-03-11 08:32:42,133 [0af1ae0f-8c30-413c-9f1e-7b09e147ac16-EndpointStateMachineTaskThread-/0.0.0.0:15131-0 ] INFO  volume.StorageVolumeChecker (StorageVolumeChecker.java:checkAllVolumes(218)) - Scheduled health check for volume /home/runner/work/ozone/ozone/hadoop-ozone/integration-test/target/test-dir/MiniOzoneClusterImpl-3b234497-56f6-48e5-9ae2-a9674f906486/ozone-meta/datanode-2/ratis
2024-03-11 08:32:42,134 [0af1ae0f-8c30-413c-9f1e-7b09e147ac16-EndpointStateMachineTaskThread-/0.0.0.0:15131-0 ] INFO  ozoneimpl.OzoneContainer (OzoneContainer.java:start(459)) - Attempting to start container services.
2024-03-11 08:32:42,135 [0af1ae0f-8c30-413c-9f1e-7b09e147ac16-EndpointStateMachineTaskThread-/0.0.0.0:15131-0 ] INFO  ozoneimpl.OzoneContainer (OzoneContainer.java:startContainerScrub(339)) - Scheduled background container scanners and the on-demand container scanner have been disabled.
2024-03-11 08:32:42,136 [0af1ae0f-8c30-413c-9f1e-7b09e147ac16-EndpointStateMachineTaskThread-/0.0.0.0:15131-0 ] INFO  replication.ReplicationServer (ReplicationServer.java:start(142)) - ReplicationServer is started using port 15162
2024-03-11 08:32:42,136 [0af1ae0f-8c30-413c-9f1e-7b09e147ac16-EndpointStateMachineTaskThread-/0.0.0.0:15131-0 ] INFO  ratis.XceiverServerRatis (XceiverServerRatis.java:start(566)) - Starting XceiverServerRatis 0af1ae0f-8c30-413c-9f1e-7b09e147ac16
2024-03-11 08:32:42,136 [0af1ae0f-8c30-413c-9f1e-7b09e147ac16-EndpointStateMachineTaskThread-/0.0.0.0:15131-0 ] INFO  server.RaftServer (RaftServerProxy.java:startImpl(406)) - 0af1ae0f-8c30-413c-9f1e-7b09e147ac16: start RPC server
2024-03-11 08:32:42,137 [0af1ae0f-8c30-413c-9f1e-7b09e147ac16-EndpointStateMachineTaskThread-/0.0.0.0:15131-0 ] INFO  server.GrpcService (GrpcService.java:startImpl(302)) - 0af1ae0f-8c30-413c-9f1e-7b09e147ac16: GrpcService started, listening on 15158
2024-03-11 08:32:42,138 [0af1ae0f-8c30-413c-9f1e-7b09e147ac16-EndpointStateMachineTaskThread-/0.0.0.0:15131-0 ] INFO  server.GrpcService (GrpcService.java:startImpl(302)) - 0af1ae0f-8c30-413c-9f1e-7b09e147ac16: GrpcService started, listening on 15160
2024-03-11 08:32:42,138 [0af1ae0f-8c30-413c-9f1e-7b09e147ac16-EndpointStateMachineTaskThread-/0.0.0.0:15131-0 ] INFO  server.GrpcService (GrpcService.java:startImpl(302)) - 0af1ae0f-8c30-413c-9f1e-7b09e147ac16: GrpcService started, listening on 15159
2024-03-11 08:32:42,139 [0af1ae0f-8c30-413c-9f1e-7b09e147ac16-EndpointStateMachineTaskThread-/0.0.0.0:15131-0 ] INFO  ratis.XceiverServerRatis (XceiverServerRatis.java:getRealPort(592)) - XceiverServerRatis 0af1ae0f-8c30-413c-9f1e-7b09e147ac16 is started using port 15158 for RATIS
2024-03-11 08:32:42,139 [0af1ae0f-8c30-413c-9f1e-7b09e147ac16-EndpointStateMachineTaskThread-/0.0.0.0:15131-0 ] INFO  ratis.XceiverServerRatis (XceiverServerRatis.java:getRealPort(592)) - XceiverServerRatis 0af1ae0f-8c30-413c-9f1e-7b09e147ac16 is started using port 15159 for RATIS_ADMIN
2024-03-11 08:32:42,139 [0af1ae0f-8c30-413c-9f1e-7b09e147ac16-EndpointStateMachineTaskThread-/0.0.0.0:15131-0 ] INFO  ratis.XceiverServerRatis (XceiverServerRatis.java:getRealPort(592)) - XceiverServerRatis 0af1ae0f-8c30-413c-9f1e-7b09e147ac16 is started using port 15160 for RATIS_SERVER
2024-03-11 08:32:42,139 [0af1ae0f-8c30-413c-9f1e-7b09e147ac16-EndpointStateMachineTaskThread-/0.0.0.0:15131-0 ] INFO  ratis.XceiverServerRatis (XceiverServerRatis.java:getRealPort(592)) - XceiverServerRatis 0af1ae0f-8c30-413c-9f1e-7b09e147ac16 is started using port 15161 for RATIS_DATASTREAM
2024-03-11 08:32:42,139 [JvmPauseMonitor44] INFO  util.JvmPauseMonitor (JvmPauseMonitor.java:run(146)) - JvmPauseMonitor-0af1ae0f-8c30-413c-9f1e-7b09e147ac16: Started
2024-03-11 08:32:42,142 [0af1ae0f-8c30-413c-9f1e-7b09e147ac16-BlockDeletingService#0] INFO  interfaces.ContainerDeletionChoosingPolicyTemplate (ContainerDeletionChoosingPolicyTemplate.java:chooseContainerForBlockDeletion(85)) - Chosen 0/5000 blocks from 0 candidate containers.
2024-03-11 08:32:42,210 [main] INFO  ozone.MiniOzoneClusterImpl (MiniOzoneClusterImpl.java:lambda$waitForClusterToBeReady$0(194)) - Waiting for nodes to be ready. Got 0 of 3 DN Heartbeats.
2024-03-11 08:32:42,210 [main] INFO  ozone.MiniOzoneClusterImpl (MiniOzoneClusterImpl.java:lambda$waitForClusterToBeReady$0(197)) - Waiting for cluster to exit safe mode
2024-03-11 08:32:42,210 [main] INFO  ozone.MiniOzoneClusterImpl (MiniOzoneClusterImpl.java:lambda$waitForClusterToBeReady$0(199)) - SCM became leader
2024-03-11 08:32:42,237 [59c2aa1f-efee-4a31-8893-6c9c6933eb36-EndpointStateMachineTaskThread-/0.0.0.0:15131-0 ] INFO  utils.DatanodeStoreCache (DatanodeStoreCache.java:addDB(72)) - Added db /home/runner/work/ozone/ozone/hadoop-ozone/integration-test/target/test-dir/MiniOzoneClusterImpl-3b234497-56f6-48e5-9ae2-a9674f906486/ozone-meta/datanode-3/data-0/hdds/3b234497-56f6-48e5-9ae2-a9674f906486/DS-dd60b140-3087-468f-b161-3e2744067c9b/container.db to cache
2024-03-11 08:32:42,237 [59c2aa1f-efee-4a31-8893-6c9c6933eb36-EndpointStateMachineTaskThread-/0.0.0.0:15131-0 ] INFO  volume.HddsVolume (HddsVolume.java:createDbStore(420)) - SchemaV3 db is created and loaded at /home/runner/work/ozone/ozone/hadoop-ozone/integration-test/target/test-dir/MiniOzoneClusterImpl-3b234497-56f6-48e5-9ae2-a9674f906486/ozone-meta/datanode-3/data-0/hdds/3b234497-56f6-48e5-9ae2-a9674f906486/DS-dd60b140-3087-468f-b161-3e2744067c9b/container.db for volume DS-dd60b140-3087-468f-b161-3e2744067c9b
2024-03-11 08:32:42,239 [59c2aa1f-efee-4a31-8893-6c9c6933eb36-ContainerReader-0] INFO  ozoneimpl.ContainerReader (ContainerReader.java:readVolume(148)) - Start to verify containers on volume /home/runner/work/ozone/ozone/hadoop-ozone/integration-test/target/test-dir/MiniOzoneClusterImpl-3b234497-56f6-48e5-9ae2-a9674f906486/ozone-meta/datanode-3/data-0/hdds
2024-03-11 08:32:42,239 [59c2aa1f-efee-4a31-8893-6c9c6933eb36-ContainerReader-0] INFO  ozoneimpl.ContainerReader (ContainerReader.java:readVolume(178)) - Finish verifying containers on volume /home/runner/work/ozone/ozone/hadoop-ozone/integration-test/target/test-dir/MiniOzoneClusterImpl-3b234497-56f6-48e5-9ae2-a9674f906486/ozone-meta/datanode-3/data-0/hdds
2024-03-11 08:32:42,239 [59c2aa1f-efee-4a31-8893-6c9c6933eb36-EndpointStateMachineTaskThread-/0.0.0.0:15131-0 ] INFO  ozoneimpl.OzoneContainer (OzoneContainer.java:buildContainerSet(328)) - Build ContainerSet costs 0s
2024-03-11 08:32:42,239 [59c2aa1f-efee-4a31-8893-6c9c6933eb36-EndpointStateMachineTaskThread-/0.0.0.0:15131-0 ] INFO  volume.ThrottledAsyncChecker (ThrottledAsyncChecker.java:schedule(141)) - Scheduling a check for /home/runner/work/ozone/ozone/hadoop-ozone/integration-test/target/test-dir/MiniOzoneClusterImpl-3b234497-56f6-48e5-9ae2-a9674f906486/ozone-meta/datanode-3/data-0/hdds
2024-03-11 08:32:42,239 [59c2aa1f-efee-4a31-8893-6c9c6933eb36-EndpointStateMachineTaskThread-/0.0.0.0:15131-0 ] INFO  volume.StorageVolumeChecker (StorageVolumeChecker.java:checkAllVolumes(218)) - Scheduled health check for volume /home/runner/work/ozone/ozone/hadoop-ozone/integration-test/target/test-dir/MiniOzoneClusterImpl-3b234497-56f6-48e5-9ae2-a9674f906486/ozone-meta/datanode-3/data-0/hdds
2024-03-11 08:32:42,242 [59c2aa1f-efee-4a31-8893-6c9c6933eb36-EndpointStateMachineTaskThread-/0.0.0.0:15131-0 ] INFO  volume.ThrottledAsyncChecker (ThrottledAsyncChecker.java:schedule(141)) - Scheduling a check for /home/runner/work/ozone/ozone/hadoop-ozone/integration-test/target/test-dir/MiniOzoneClusterImpl-3b234497-56f6-48e5-9ae2-a9674f906486/ozone-meta/datanode-3/ratis
2024-03-11 08:32:42,242 [59c2aa1f-efee-4a31-8893-6c9c6933eb36-EndpointStateMachineTaskThread-/0.0.0.0:15131-0 ] INFO  volume.StorageVolumeChecker (StorageVolumeChecker.java:checkAllVolumes(218)) - Scheduled health check for volume /home/runner/work/ozone/ozone/hadoop-ozone/integration-test/target/test-dir/MiniOzoneClusterImpl-3b234497-56f6-48e5-9ae2-a9674f906486/ozone-meta/datanode-3/ratis
2024-03-11 08:32:42,243 [59c2aa1f-efee-4a31-8893-6c9c6933eb36-EndpointStateMachineTaskThread-/0.0.0.0:15131-0 ] INFO  ozoneimpl.OzoneContainer (OzoneContainer.java:start(459)) - Attempting to start container services.
2024-03-11 08:32:42,243 [59c2aa1f-efee-4a31-8893-6c9c6933eb36-EndpointStateMachineTaskThread-/0.0.0.0:15131-0 ] INFO  ozoneimpl.OzoneContainer (OzoneContainer.java:startContainerScrub(339)) - Scheduled background container scanners and the on-demand container scanner have been disabled.
2024-03-11 08:32:42,244 [59c2aa1f-efee-4a31-8893-6c9c6933eb36-EndpointStateMachineTaskThread-/0.0.0.0:15131-0 ] INFO  replication.ReplicationServer (ReplicationServer.java:start(142)) - ReplicationServer is started using port 15171
2024-03-11 08:32:42,244 [59c2aa1f-efee-4a31-8893-6c9c6933eb36-EndpointStateMachineTaskThread-/0.0.0.0:15131-0 ] INFO  ratis.XceiverServerRatis (XceiverServerRatis.java:start(566)) - Starting XceiverServerRatis 59c2aa1f-efee-4a31-8893-6c9c6933eb36
2024-03-11 08:32:42,244 [59c2aa1f-efee-4a31-8893-6c9c6933eb36-EndpointStateMachineTaskThread-/0.0.0.0:15131-0 ] INFO  server.RaftServer (RaftServerProxy.java:startImpl(406)) - 59c2aa1f-efee-4a31-8893-6c9c6933eb36: start RPC server
2024-03-11 08:32:42,245 [59c2aa1f-efee-4a31-8893-6c9c6933eb36-EndpointStateMachineTaskThread-/0.0.0.0:15131-0 ] INFO  server.GrpcService (GrpcService.java:startImpl(302)) - 59c2aa1f-efee-4a31-8893-6c9c6933eb36: GrpcService started, listening on 15167
2024-03-11 08:32:42,246 [59c2aa1f-efee-4a31-8893-6c9c6933eb36-EndpointStateMachineTaskThread-/0.0.0.0:15131-0 ] INFO  server.GrpcService (GrpcService.java:startImpl(302)) - 59c2aa1f-efee-4a31-8893-6c9c6933eb36: GrpcService started, listening on 15169
2024-03-11 08:32:42,249 [59c2aa1f-efee-4a31-8893-6c9c6933eb36-EndpointStateMachineTaskThread-/0.0.0.0:15131-0 ] INFO  server.GrpcService (GrpcService.java:startImpl(302)) - 59c2aa1f-efee-4a31-8893-6c9c6933eb36: GrpcService started, listening on 15168
2024-03-11 08:32:42,249 [59c2aa1f-efee-4a31-8893-6c9c6933eb36-EndpointStateMachineTaskThread-/0.0.0.0:15131-0 ] INFO  ratis.XceiverServerRatis (XceiverServerRatis.java:getRealPort(592)) - XceiverServerRatis 59c2aa1f-efee-4a31-8893-6c9c6933eb36 is started using port 15167 for RATIS
2024-03-11 08:32:42,249 [59c2aa1f-efee-4a31-8893-6c9c6933eb36-EndpointStateMachineTaskThread-/0.0.0.0:15131-0 ] INFO  ratis.XceiverServerRatis (XceiverServerRatis.java:getRealPort(592)) - XceiverServerRatis 59c2aa1f-efee-4a31-8893-6c9c6933eb36 is started using port 15168 for RATIS_ADMIN
2024-03-11 08:32:42,249 [59c2aa1f-efee-4a31-8893-6c9c6933eb36-EndpointStateMachineTaskThread-/0.0.0.0:15131-0 ] INFO  ratis.XceiverServerRatis (XceiverServerRatis.java:getRealPort(592)) - XceiverServerRatis 59c2aa1f-efee-4a31-8893-6c9c6933eb36 is started using port 15169 for RATIS_SERVER
2024-03-11 08:32:42,249 [59c2aa1f-efee-4a31-8893-6c9c6933eb36-EndpointStateMachineTaskThread-/0.0.0.0:15131-0 ] INFO  ratis.XceiverServerRatis (XceiverServerRatis.java:getRealPort(592)) - XceiverServerRatis 59c2aa1f-efee-4a31-8893-6c9c6933eb36 is started using port 15170 for RATIS_DATASTREAM
2024-03-11 08:32:42,249 [JvmPauseMonitor45] INFO  util.JvmPauseMonitor (JvmPauseMonitor.java:run(146)) - JvmPauseMonitor-59c2aa1f-efee-4a31-8893-6c9c6933eb36: Started
2024-03-11 08:32:42,250 [59c2aa1f-efee-4a31-8893-6c9c6933eb36-BlockDeletingService#0] INFO  interfaces.ContainerDeletionChoosingPolicyTemplate (ContainerDeletionChoosingPolicyTemplate.java:chooseContainerForBlockDeletion(85)) - Chosen 0/5000 blocks from 0 candidate containers.
2024-03-11 08:32:43,210 [main] INFO  ozone.MiniOzoneClusterImpl (MiniOzoneClusterImpl.java:lambda$waitForClusterToBeReady$0(194)) - Waiting for nodes to be ready. Got 0 of 3 DN Heartbeats.
2024-03-11 08:32:43,210 [main] INFO  ozone.MiniOzoneClusterImpl (MiniOzoneClusterImpl.java:lambda$waitForClusterToBeReady$0(197)) - Waiting for cluster to exit safe mode
2024-03-11 08:32:43,211 [main] INFO  ozone.MiniOzoneClusterImpl (MiniOzoneClusterImpl.java:lambda$waitForClusterToBeReady$0(199)) - SCM became leader
2024-03-11 08:32:43,965 [IPC Server handler 0 on default port 15131] INFO  net.NetworkTopologyImpl (NetworkTopologyImpl.java:add(133)) - Added a new node: /default-rack/d27ccdb5-db89-40cd-9d18-1f7a4f6c3e48
2024-03-11 08:32:43,965 [IPC Server handler 0 on default port 15131] INFO  node.SCMNodeManager (SCMNodeManager.java:register(421)) - Registered datanode: d27ccdb5-db89-40cd-9d18-1f7a4f6c3e48{ip: 10.1.0.9, host: fv-az1250-130.ebmzynhy2g4u3nwuixrszff3we.cx.internal.cloudapp.net, ports: [HTTP=15146, CLIENT_RPC=15147, REPLICATION=15153, RATIS=15149, RATIS_ADMIN=15150, RATIS_SERVER=15151, RATIS_DATASTREAM=15152, STANDALONE=15148], networkLocation: /default-rack, certSerialId: null, persistedOpState: null, persistedOpStateExpiryEpochSec: 0}
2024-03-11 08:32:43,968 [EventQueue-NewNodeForNewNodeHandler] INFO  pipeline.BackgroundPipelineCreator (BackgroundPipelineCreator.java:notifyEventTriggered(280)) - trigger a one-shot run on RatisPipelineUtilsThread.
2024-03-11 08:32:43,968 [EventQueue-NodeRegistrationContainerReportForDataNodeSafeModeRule] INFO  safemode.SCMSafeModeManager (DataNodeSafeModeRule.java:process(71)) - SCM in safe mode. 1 DataNodes registered, 3 required.
2024-03-11 08:32:43,968 [EventQueue-NodeRegistrationContainerReportForContainerSafeModeRule] INFO  safemode.SCMSafeModeManager (SCMSafeModeManager.java:validateSafeModeExitRules(200)) - ContainerSafeModeRule rule is successfully validated
2024-03-11 08:32:43,968 [RatisPipelineUtilsThread-0] INFO  pipeline.RatisPipelineProvider (RatisPipelineProvider.java:lambda$create$0(205)) - Sending CreatePipelineCommand for pipeline:PipelineID=71458eb1-9103-4f61-b89a-f5b44847cd7f to datanode:d27ccdb5-db89-40cd-9d18-1f7a4f6c3e48
2024-03-11 08:32:43,973 [EventQueue-PipelineReportForOneReplicaPipelineSafeModeRule] INFO  safemode.SCMSafeModeManager (SCMSafeModeManager.java:validateSafeModeExitRules(200)) - AtleastOneDatanodeReportedRule rule is successfully validated
2024-03-11 08:32:43,974 [RatisPipelineUtilsThread-0] INFO  pipeline.BackgroundPipelineCreator (BackgroundPipelineCreator.java:createPipelines(236)) - Created new pipeline Pipeline[ Id: 71458eb1-9103-4f61-b89a-f5b44847cd7f, Nodes: d27ccdb5-db89-40cd-9d18-1f7a4f6c3e48(fv-az1250-130.ebmzynhy2g4u3nwuixrszff3we.cx.internal.cloudapp.net/10.1.0.9), ReplicationConfig: RATIS/ONE, State:ALLOCATED, leaderId:, CreationTimestamp2024-03-11T08:32:43.968Z[Etc/UTC]]
2024-03-11 08:32:44,100 [IPC Server handler 1 on default port 15131] INFO  net.NetworkTopologyImpl (NetworkTopologyImpl.java:add(133)) - Added a new node: /default-rack/0af1ae0f-8c30-413c-9f1e-7b09e147ac16
2024-03-11 08:32:44,100 [IPC Server handler 1 on default port 15131] INFO  node.SCMNodeManager (SCMNodeManager.java:register(421)) - Registered datanode: 0af1ae0f-8c30-413c-9f1e-7b09e147ac16{ip: 10.1.0.9, host: fv-az1250-130.ebmzynhy2g4u3nwuixrszff3we.cx.internal.cloudapp.net, ports: [HTTP=15155, CLIENT_RPC=15156, REPLICATION=15162, RATIS=15158, RATIS_ADMIN=15159, RATIS_SERVER=15160, RATIS_DATASTREAM=15161, STANDALONE=15157], networkLocation: /default-rack, certSerialId: null, persistedOpState: null, persistedOpStateExpiryEpochSec: 0}
2024-03-11 08:32:44,100 [EventQueue-NewNodeForNewNodeHandler] INFO  pipeline.BackgroundPipelineCreator (BackgroundPipelineCreator.java:notifyEventTriggered(280)) - trigger a one-shot run on RatisPipelineUtilsThread.
2024-03-11 08:32:44,100 [EventQueue-NodeRegistrationContainerReportForDataNodeSafeModeRule] INFO  safemode.SCMSafeModeManager (DataNodeSafeModeRule.java:process(71)) - SCM in safe mode. 2 DataNodes registered, 3 required.
2024-03-11 08:32:44,102 [RatisPipelineUtilsThread-0] INFO  pipeline.RatisPipelineProvider (RatisPipelineProvider.java:lambda$create$0(205)) - Sending CreatePipelineCommand for pipeline:PipelineID=25f360cb-deb7-409e-83a9-b03fc88795b8 to datanode:0af1ae0f-8c30-413c-9f1e-7b09e147ac16
2024-03-11 08:32:44,102 [RatisPipelineUtilsThread-0] INFO  pipeline.BackgroundPipelineCreator (BackgroundPipelineCreator.java:createPipelines(236)) - Created new pipeline Pipeline[ Id: 25f360cb-deb7-409e-83a9-b03fc88795b8, Nodes: 0af1ae0f-8c30-413c-9f1e-7b09e147ac16(fv-az1250-130.ebmzynhy2g4u3nwuixrszff3we.cx.internal.cloudapp.net/10.1.0.9), ReplicationConfig: RATIS/ONE, State:ALLOCATED, leaderId:, CreationTimestamp2024-03-11T08:32:44.102Z[Etc/UTC]]
2024-03-11 08:32:44,210 [IPC Server handler 2 on default port 15131] INFO  net.NetworkTopologyImpl (NetworkTopologyImpl.java:add(133)) - Added a new node: /default-rack/59c2aa1f-efee-4a31-8893-6c9c6933eb36
2024-03-11 08:32:44,210 [IPC Server handler 2 on default port 15131] INFO  node.SCMNodeManager (SCMNodeManager.java:register(421)) - Registered datanode: 59c2aa1f-efee-4a31-8893-6c9c6933eb36{ip: 10.1.0.9, host: fv-az1250-130.ebmzynhy2g4u3nwuixrszff3we.cx.internal.cloudapp.net, ports: [HTTP=15164, CLIENT_RPC=15165, REPLICATION=15171, RATIS=15167, RATIS_ADMIN=15168, RATIS_SERVER=15169, RATIS_DATASTREAM=15170, STANDALONE=15166], networkLocation: /default-rack, certSerialId: null, persistedOpState: null, persistedOpStateExpiryEpochSec: 0}
2024-03-11 08:32:44,212 [EventQueue-NewNodeForNewNodeHandler] INFO  pipeline.BackgroundPipelineCreator (BackgroundPipelineCreator.java:notifyEventTriggered(280)) - trigger a one-shot run on RatisPipelineUtilsThread.
2024-03-11 08:32:44,212 [EventQueue-NodeRegistrationContainerReportForDataNodeSafeModeRule] INFO  safemode.SCMSafeModeManager (DataNodeSafeModeRule.java:process(71)) - SCM in safe mode. 3 DataNodes registered, 3 required.
2024-03-11 08:32:44,212 [EventQueue-NodeRegistrationContainerReportForDataNodeSafeModeRule] INFO  safemode.SCMSafeModeManager (SCMSafeModeManager.java:validateSafeModeExitRules(200)) - DataNodeSafeModeRule rule is successfully validated
2024-03-11 08:32:44,212 [EventQueue-NodeRegistrationContainerReportForDataNodeSafeModeRule] INFO  safemode.SCMSafeModeManager (SCMSafeModeManager.java:completePreCheck(229)) - All SCM safe mode pre check rules have passed
2024-03-11 08:32:44,212 [EventQueue-NodeRegistrationContainerReportForDataNodeSafeModeRule] INFO  ha.SCMContext (SCMContext.java:updateSafeModeStatus(225)) - Update SafeModeStatus from SafeModeStatus{safeModeStatus=true, preCheckPassed=false} to SafeModeStatus{safeModeStatus=true, preCheckPassed=true}.
2024-03-11 08:32:44,212 [EventQueue-NodeRegistrationContainerReportForDataNodeSafeModeRule] INFO  pipeline.BackgroundPipelineCreator (BackgroundPipelineCreator.java:notifyEventTriggered(280)) - trigger a one-shot run on RatisPipelineUtilsThread.
2024-03-11 08:32:44,212 [main] INFO  ozone.MiniOzoneClusterImpl (MiniOzoneClusterImpl.java:lambda$waitForClusterToBeReady$0(194)) - Nodes are ready. Got 3 of 3 DN Heartbeats.
2024-03-11 08:32:44,212 [main] INFO  ozone.MiniOzoneClusterImpl (MiniOzoneClusterImpl.java:lambda$waitForClusterToBeReady$0(197)) - Waiting for cluster to exit safe mode
2024-03-11 08:32:44,212 [main] INFO  ozone.MiniOzoneClusterImpl (MiniOzoneClusterImpl.java:lambda$waitForClusterToBeReady$0(199)) - SCM became leader
2024-03-11 08:32:44,212 [RatisPipelineUtilsThread-0] INFO  pipeline.RatisPipelineProvider (RatisPipelineProvider.java:lambda$create$0(205)) - Sending CreatePipelineCommand for pipeline:PipelineID=60562f89-2869-493e-9a04-7abbb53330df to datanode:59c2aa1f-efee-4a31-8893-6c9c6933eb36
2024-03-11 08:32:44,213 [RatisPipelineUtilsThread-0] INFO  pipeline.BackgroundPipelineCreator (BackgroundPipelineCreator.java:createPipelines(236)) - Created new pipeline Pipeline[ Id: 60562f89-2869-493e-9a04-7abbb53330df, Nodes: 59c2aa1f-efee-4a31-8893-6c9c6933eb36(fv-az1250-130.ebmzynhy2g4u3nwuixrszff3we.cx.internal.cloudapp.net/10.1.0.9), ReplicationConfig: RATIS/ONE, State:ALLOCATED, leaderId:, CreationTimestamp2024-03-11T08:32:44.212Z[Etc/UTC]]
2024-03-11 08:32:44,213 [RatisPipelineUtilsThread-0] INFO  pipeline.RatisPipelineProvider (RatisPipelineProvider.java:lambda$create$0(205)) - Sending CreatePipelineCommand for pipeline:PipelineID=6e92967c-9c9f-4b16-ac8b-7b1bc079b734 to datanode:0af1ae0f-8c30-413c-9f1e-7b09e147ac16
2024-03-11 08:32:44,213 [RatisPipelineUtilsThread-0] INFO  pipeline.RatisPipelineProvider (RatisPipelineProvider.java:lambda$create$0(205)) - Sending CreatePipelineCommand for pipeline:PipelineID=6e92967c-9c9f-4b16-ac8b-7b1bc079b734 to datanode:d27ccdb5-db89-40cd-9d18-1f7a4f6c3e48
2024-03-11 08:32:44,214 [RatisPipelineUtilsThread-0] INFO  pipeline.RatisPipelineProvider (RatisPipelineProvider.java:lambda$create$0(205)) - Sending CreatePipelineCommand for pipeline:PipelineID=6e92967c-9c9f-4b16-ac8b-7b1bc079b734 to datanode:59c2aa1f-efee-4a31-8893-6c9c6933eb36
2024-03-11 08:32:44,214 [RatisPipelineUtilsThread-0] INFO  pipeline.BackgroundPipelineCreator (BackgroundPipelineCreator.java:createPipelines(236)) - Created new pipeline Pipeline[ Id: 6e92967c-9c9f-4b16-ac8b-7b1bc079b734, Nodes: 0af1ae0f-8c30-413c-9f1e-7b09e147ac16(fv-az1250-130.ebmzynhy2g4u3nwuixrszff3we.cx.internal.cloudapp.net/10.1.0.9)d27ccdb5-db89-40cd-9d18-1f7a4f6c3e48(fv-az1250-130.ebmzynhy2g4u3nwuixrszff3we.cx.internal.cloudapp.net/10.1.0.9)59c2aa1f-efee-4a31-8893-6c9c6933eb36(fv-az1250-130.ebmzynhy2g4u3nwuixrszff3we.cx.internal.cloudapp.net/10.1.0.9), ReplicationConfig: RATIS/THREE, State:ALLOCATED, leaderId:, CreationTimestamp2024-03-11T08:32:44.213Z[Etc/UTC]]
2024-03-11 08:32:44,215 [RatisPipelineUtilsThread-0] INFO  pipeline.RatisPipelineProvider (RatisPipelineProvider.java:lambda$create$0(205)) - Sending CreatePipelineCommand for pipeline:PipelineID=27481ff0-76c3-4e4a-bfdd-0a7977ea53a3 to datanode:d27ccdb5-db89-40cd-9d18-1f7a4f6c3e48
2024-03-11 08:32:44,215 [RatisPipelineUtilsThread-0] INFO  pipeline.RatisPipelineProvider (RatisPipelineProvider.java:lambda$create$0(205)) - Sending CreatePipelineCommand for pipeline:PipelineID=27481ff0-76c3-4e4a-bfdd-0a7977ea53a3 to datanode:59c2aa1f-efee-4a31-8893-6c9c6933eb36
2024-03-11 08:32:44,215 [RatisPipelineUtilsThread-0] INFO  pipeline.RatisPipelineProvider (RatisPipelineProvider.java:lambda$create$0(205)) - Sending CreatePipelineCommand for pipeline:PipelineID=27481ff0-76c3-4e4a-bfdd-0a7977ea53a3 to datanode:0af1ae0f-8c30-413c-9f1e-7b09e147ac16
2024-03-11 08:32:44,215 [RatisPipelineUtilsThread-0] INFO  pipeline.PipelineManagerImpl (PipelineManagerImpl.java:recordMetricsForPipeline(916)) - Pipeline: PipelineID=27481ff0-76c3-4e4a-bfdd-0a7977ea53a3 contains same datanodes as previous pipelines: PipelineID=6e92967c-9c9f-4b16-ac8b-7b1bc079b734 nodeIds: d27ccdb5-db89-40cd-9d18-1f7a4f6c3e48, 59c2aa1f-efee-4a31-8893-6c9c6933eb36, 0af1ae0f-8c30-413c-9f1e-7b09e147ac16
2024-03-11 08:32:44,215 [RatisPipelineUtilsThread-0] INFO  pipeline.BackgroundPipelineCreator (BackgroundPipelineCreator.java:createPipelines(236)) - Created new pipeline Pipeline[ Id: 27481ff0-76c3-4e4a-bfdd-0a7977ea53a3, Nodes: d27ccdb5-db89-40cd-9d18-1f7a4f6c3e48(fv-az1250-130.ebmzynhy2g4u3nwuixrszff3we.cx.internal.cloudapp.net/10.1.0.9)59c2aa1f-efee-4a31-8893-6c9c6933eb36(fv-az1250-130.ebmzynhy2g4u3nwuixrszff3we.cx.internal.cloudapp.net/10.1.0.9)0af1ae0f-8c30-413c-9f1e-7b09e147ac16(fv-az1250-130.ebmzynhy2g4u3nwuixrszff3we.cx.internal.cloudapp.net/10.1.0.9), ReplicationConfig: RATIS/THREE, State:ALLOCATED, leaderId:, CreationTimestamp2024-03-11T08:32:44.215Z[Etc/UTC]]
2024-03-11 08:32:45,213 [main] INFO  ozone.MiniOzoneClusterImpl (MiniOzoneClusterImpl.java:lambda$waitForClusterToBeReady$0(194)) - Nodes are ready. Got 3 of 3 DN Heartbeats.
2024-03-11 08:32:45,213 [main] INFO  ozone.MiniOzoneClusterImpl (MiniOzoneClusterImpl.java:lambda$waitForClusterToBeReady$0(197)) - Waiting for cluster to exit safe mode
2024-03-11 08:32:45,213 [main] INFO  ozone.MiniOzoneClusterImpl (MiniOzoneClusterImpl.java:lambda$waitForClusterToBeReady$0(199)) - SCM became leader
2024-03-11 08:32:46,213 [main] INFO  ozone.MiniOzoneClusterImpl (MiniOzoneClusterImpl.java:lambda$waitForClusterToBeReady$0(194)) - Nodes are ready. Got 3 of 3 DN Heartbeats.
2024-03-11 08:32:46,214 [main] INFO  ozone.MiniOzoneClusterImpl (MiniOzoneClusterImpl.java:lambda$waitForClusterToBeReady$0(197)) - Waiting for cluster to exit safe mode
2024-03-11 08:32:46,214 [main] INFO  ozone.MiniOzoneClusterImpl (MiniOzoneClusterImpl.java:lambda$waitForClusterToBeReady$0(199)) - SCM became leader
2024-03-11 08:32:46,965 [d27ccdb5-db89-40cd-9d18-1f7a4f6c3e48-PipelineCommandHandlerThread-0] INFO  server.RaftServer (RaftServerProxy.java:addNew(100)) - d27ccdb5-db89-40cd-9d18-1f7a4f6c3e48: addNew group-F5B44847CD7F:[d27ccdb5-db89-40cd-9d18-1f7a4f6c3e48|10.1.0.9:15151] returns group-F5B44847CD7F:java.util.concurrent.CompletableFuture@6587e93f[Not completed]
2024-03-11 08:32:46,966 [d27ccdb5-db89-40cd-9d18-1f7a4f6c3e48-groupManagement] INFO  server.RaftServer$Division (RaftServerImpl.java:<init>(256)) - d27ccdb5-db89-40cd-9d18-1f7a4f6c3e48: new RaftServerImpl for group-F5B44847CD7F:[d27ccdb5-db89-40cd-9d18-1f7a4f6c3e48|10.1.0.9:15151] with ContainerStateMachine:uninitialized
2024-03-11 08:32:46,966 [d27ccdb5-db89-40cd-9d18-1f7a4f6c3e48-groupManagement] INFO  server.RaftServerConfigKeys (ConfUtils.java:logGet(46)) - raft.server.rpc.timeout.min = 5s (custom)
2024-03-11 08:32:46,966 [d27ccdb5-db89-40cd-9d18-1f7a4f6c3e48-groupManagement] INFO  server.RaftServerConfigKeys (ConfUtils.java:logGet(46)) - raft.server.rpc.timeout.max = 5200ms (custom)
2024-03-11 08:32:46,966 [d27ccdb5-db89-40cd-9d18-1f7a4f6c3e48-groupManagement] INFO  server.RaftServerConfigKeys (ConfUtils.java:logGet(46)) - raft.server.rpc.sleep.time = 25ms (default)
2024-03-11 08:32:46,966 [d27ccdb5-db89-40cd-9d18-1f7a4f6c3e48-groupManagement] INFO  server.RaftServerConfigKeys (ConfUtils.java:logGet(46)) - raft.server.rpc.slowness.timeout = 300s (custom)
2024-03-11 08:32:46,967 [d27ccdb5-db89-40cd-9d18-1f7a4f6c3e48-groupManagement] INFO  server.RaftServerConfigKeys (ConfUtils.java:logGet(46)) - raft.server.leaderelection.leader.step-down.wait-time = 10s (default)
2024-03-11 08:32:46,967 [d27ccdb5-db89-40cd-9d18-1f7a4f6c3e48-groupManagement] INFO  server.RaftServerConfigKeys (ConfUtils.java:logGet(46)) - raft.server.leaderelection.member.majority-add = false (default)
2024-03-11 08:32:46,967 [d27ccdb5-db89-40cd-9d18-1f7a4f6c3e48-groupManagement] INFO  server.RaftServerConfigKeys (ConfUtils.java:logGet(46)) - raft.server.sleep.deviation.threshold = 300ms (default)
2024-03-11 08:32:46,967 [d27ccdb5-db89-40cd-9d18-1f7a4f6c3e48-groupManagement] INFO  server.RaftServer$Division (ServerState.java:<init>(113)) - d27ccdb5-db89-40cd-9d18-1f7a4f6c3e48@group-F5B44847CD7F: ConfigurationManager, init=-1: peers:[d27ccdb5-db89-40cd-9d18-1f7a4f6c3e48|10.1.0.9:15151]|listeners:[], old=null, confs=<EMPTY_MAP>
2024-03-11 08:32:46,967 [d27ccdb5-db89-40cd-9d18-1f7a4f6c3e48-groupManagement] INFO  server.RaftServerConfigKeys (ConfUtils.java:logGet(46)) - raft.server.notification.no-leader.timeout = 300s (custom)
2024-03-11 08:32:46,967 [d27ccdb5-db89-40cd-9d18-1f7a4f6c3e48-groupManagement] INFO  server.RaftServerConfigKeys (ConfUtils.java:logGet(46)) - raft.server.read.timeout = 10s (default)
2024-03-11 08:32:46,967 [d27ccdb5-db89-40cd-9d18-1f7a4f6c3e48-groupManagement] INFO  server.RaftServerConfigKeys (ConfUtils.java:logGet(46)) - raft.server.retrycache.expirytime = 600000ms (custom)
2024-03-11 08:32:46,967 [d27ccdb5-db89-40cd-9d18-1f7a4f6c3e48-groupManagement] INFO  server.RaftServerConfigKeys (ConfUtils.java:logGet(46)) - raft.server.retrycache.statistics.expirytime = 100ms (default)
2024-03-11 08:32:46,967 [d27ccdb5-db89-40cd-9d18-1f7a4f6c3e48-groupManagement] INFO  server.RaftServerConfigKeys (ConfUtils.java:logGet(46)) - raft.server.read.option = DEFAULT (default)
2024-03-11 08:32:46,967 [d27ccdb5-db89-40cd-9d18-1f7a4f6c3e48-groupManagement] INFO  server.RaftServerConfigKeys (ConfUtils.java:logGet(46)) - raft.server.read.read-after-write-consistent.write-index-cache.expiry-time = 60s (default)
2024-03-11 08:32:46,969 [d27ccdb5-db89-40cd-9d18-1f7a4f6c3e48-groupManagement] INFO  server.RaftServerConfigKeys (ConfUtils.java:logGet(46)) - raft.server.rpc.request.timeout = 60s (custom)
2024-03-11 08:32:46,969 [d27ccdb5-db89-40cd-9d18-1f7a4f6c3e48-groupManagement] INFO  server.RaftServerConfigKeys (ConfUtils.java:logGet(46)) - raft.server.log.appender.install.snapshot.enabled = false (custom)
2024-03-11 08:32:46,969 [d27ccdb5-db89-40cd-9d18-1f7a4f6c3e48-groupManagement] INFO  server.RaftServerConfigKeys (ConfUtils.java:logGet(46)) - raft.server.threadpool.server.cached = true (default)
2024-03-11 08:32:46,969 [d27ccdb5-db89-40cd-9d18-1f7a4f6c3e48-groupManagement] INFO  server.RaftServerConfigKeys (ConfUtils.java:logGet(46)) - raft.server.threadpool.server.size = 0 (default)
2024-03-11 08:32:46,969 [d27ccdb5-db89-40cd-9d18-1f7a4f6c3e48-groupManagement] INFO  server.RaftServerConfigKeys (ConfUtils.java:logGet(46)) - raft.server.threadpool.client.cached = true (default)
2024-03-11 08:32:46,969 [d27ccdb5-db89-40cd-9d18-1f7a4f6c3e48-groupManagement] INFO  server.RaftServerConfigKeys (ConfUtils.java:logGet(46)) - raft.server.threadpool.client.size = 0 (default)
2024-03-11 08:32:46,969 [d27ccdb5-db89-40cd-9d18-1f7a4f6c3e48-groupManagement] INFO  server.RaftServerConfigKeys (ConfUtils.java:logGet(46)) - raft.server.storage.free-space.min = 0MB (=0) (default)
2024-03-11 08:32:46,969 [d27ccdb5-db89-40cd-9d18-1f7a4f6c3e48-groupManagement] INFO  server.RaftServerConfigKeys (ConfUtils.java:logGet(46)) - raft.server.log.corruption.policy = EXCEPTION (default)
2024-03-11 08:32:46,969 [d27ccdb5-db89-40cd-9d18-1f7a4f6c3e48-groupManagement] INFO  server.RaftServerConfigKeys (ConfUtils.java:logGet(46)) - raft.server.storage.dir = [/home/runner/work/ozone/ozone/hadoop-ozone/integration-test/target/test-dir/MiniOzoneClusterImpl-3b234497-56f6-48e5-9ae2-a9674f906486/ozone-meta/datanode-1/ratis] (custom)
2024-03-11 08:32:46,969 [d27ccdb5-db89-40cd-9d18-1f7a4f6c3e48-groupManagement] INFO  storage.RaftStorageDirectory (RaftStorageDirectoryImpl.java:analyzeStorage(138)) - The storage directory /home/runner/work/ozone/ozone/hadoop-ozone/integration-test/target/test-dir/MiniOzoneClusterImpl-3b234497-56f6-48e5-9ae2-a9674f906486/ozone-meta/datanode-1/ratis/71458eb1-9103-4f61-b89a-f5b44847cd7f does not exist. Creating ...
2024-03-11 08:32:46,970 [d27ccdb5-db89-40cd-9d18-1f7a4f6c3e48-groupManagement] INFO  storage.RaftStorageDirectory (RaftStorageDirectoryImpl.java:tryLock(228)) - Lock on /home/runner/work/ozone/ozone/hadoop-ozone/integration-test/target/test-dir/MiniOzoneClusterImpl-3b234497-56f6-48e5-9ae2-a9674f906486/ozone-meta/datanode-1/ratis/71458eb1-9103-4f61-b89a-f5b44847cd7f/in_use.lock acquired by nodename 48108@fv-az1250-130
2024-03-11 08:32:46,971 [d27ccdb5-db89-40cd-9d18-1f7a4f6c3e48-groupManagement] INFO  storage.RaftStorage (RaftStorageImpl.java:format(99)) - Storage directory /home/runner/work/ozone/ozone/hadoop-ozone/integration-test/target/test-dir/MiniOzoneClusterImpl-3b234497-56f6-48e5-9ae2-a9674f906486/ozone-meta/datanode-1/ratis/71458eb1-9103-4f61-b89a-f5b44847cd7f has been successfully formatted.
2024-03-11 08:32:46,971 [d27ccdb5-db89-40cd-9d18-1f7a4f6c3e48-groupManagement] WARN  util.FileUtils (LogUtils.java:supplyAndLog(63)) - Failed to Files.newInputStream /home/runner/work/ozone/ozone/hadoop-ozone/integration-test/target/test-dir/MiniOzoneClusterImpl-3b234497-56f6-48e5-9ae2-a9674f906486/ozone-meta/datanode-1/ratis/71458eb1-9103-4f61-b89a-f5b44847cd7f/current/raft-meta.conf with options []: java.nio.file.NoSuchFileException: /home/runner/work/ozone/ozone/hadoop-ozone/integration-test/target/test-dir/MiniOzoneClusterImpl-3b234497-56f6-48e5-9ae2-a9674f906486/ozone-meta/datanode-1/ratis/71458eb1-9103-4f61-b89a-f5b44847cd7f/current/raft-meta.conf
2024-03-11 08:32:46,972 [d27ccdb5-db89-40cd-9d18-1f7a4f6c3e48-groupManagement] INFO  ratis.ContainerStateMachine (ContainerStateMachine.java:loadSnapshot(287)) - group-F5B44847CD7F: The snapshot info is null. Setting the last applied index to:(t:0, i:~)
2024-03-11 08:32:46,973 [d27ccdb5-db89-40cd-9d18-1f7a4f6c3e48-groupManagement] INFO  server.RaftServerConfigKeys (ConfUtils.java:logGet(46)) - raft.server.log.use.memory = false (default)
2024-03-11 08:32:46,973 [d27ccdb5-db89-40cd-9d18-1f7a4f6c3e48-groupManagement] INFO  server.RaftServerConfigKeys (ConfUtils.java:logGet(46)) - raft.server.log.purge.gap = 1000000 (custom)
2024-03-11 08:32:46,973 [d27ccdb5-db89-40cd-9d18-1f7a4f6c3e48-groupManagement] INFO  server.RaftServerConfigKeys (ConfUtils.java:logGet(46)) - raft.server.log.appender.buffer.byte-limit = 8388608 (custom)
2024-03-11 08:32:46,973 [d27ccdb5-db89-40cd-9d18-1f7a4f6c3e48-groupManagement] INFO  server.RaftServerConfigKeys (ConfUtils.java:logGet(46)) - raft.server.log.statemachine.data.read.timeout = 1000ms (default)
2024-03-11 08:32:46,973 [d27ccdb5-db89-40cd-9d18-1f7a4f6c3e48-groupManagement] INFO  server.RaftServerConfigKeys (ConfUtils.java:logGet(46)) - raft.server.log.purge.preservation.log.num = 0 (default)
2024-03-11 08:32:46,974 [d27ccdb5-db89-40cd-9d18-1f7a4f6c3e48-groupManagement] INFO  server.RaftServerConfigKeys (ConfUtils.java:logGet(46)) - raft.server.log.segment.size.max = 67108864 (custom)
2024-03-11 08:32:46,974 [EventQueue-PipelineReportForPipelineReportHandler] INFO  pipeline.PipelineReportHandler (PipelineReportHandler.java:processPipelineReport(136)) - Opened pipeline PipelineID=71458eb1-9103-4f61-b89a-f5b44847cd7f
2024-03-11 08:32:46,974 [d27ccdb5-db89-40cd-9d18-1f7a4f6c3e48-groupManagement] INFO  server.RaftServerConfigKeys (ConfUtils.java:logGet(46)) - raft.server.log.segment.cache.num.max = 2 (custom)
2024-03-11 08:32:46,975 [d27ccdb5-db89-40cd-9d18-1f7a4f6c3e48-groupManagement] INFO  server.RaftServerConfigKeys (ConfUtils.java:logGet(46)) - raft.server.log.segment.cache.size.max = 200MB (=209715200) (default)
2024-03-11 08:32:46,975 [d27ccdb5-db89-40cd-9d18-1f7a4f6c3e48-groupManagement] INFO  server.RaftServerConfigKeys (ConfUtils.java:logGet(46)) - raft.server.log.appender.buffer.byte-limit = 8388608 (custom)
2024-03-11 08:32:46,975 [d27ccdb5-db89-40cd-9d18-1f7a4f6c3e48-groupManagement] INFO  util.AwaitToRun (AwaitToRun.java:start(81)) - Thread[d27ccdb5-db89-40cd-9d18-1f7a4f6c3e48@group-F5B44847CD7F-cacheEviction-AwaitToRun,5,main] started
2024-03-11 08:32:46,976 [d27ccdb5-db89-40cd-9d18-1f7a4f6c3e48-groupManagement] INFO  segmented.SegmentedRaftLogWorker (SegmentedRaftLogWorker.java:<init>(182)) - new d27ccdb5-db89-40cd-9d18-1f7a4f6c3e48@group-F5B44847CD7F-SegmentedRaftLogWorker for RaftStorageImpl:Storage Directory /home/runner/work/ozone/ozone/hadoop-ozone/integration-test/target/test-dir/MiniOzoneClusterImpl-3b234497-56f6-48e5-9ae2-a9674f906486/ozone-meta/datanode-1/ratis/71458eb1-9103-4f61-b89a-f5b44847cd7f
2024-03-11 08:32:46,976 [EventQueue-OpenPipelineForHealthyPipelineSafeModeRule] INFO  safemode.SCMSafeModeManager (HealthyPipelineSafeModeRule.java:process(140)) - SCM in safe mode. Healthy pipelines reported count is 0, required healthy pipeline reported count is 1
2024-03-11 08:32:46,976 [d27ccdb5-db89-40cd-9d18-1f7a4f6c3e48-groupManagement] INFO  server.RaftServerConfigKeys (ConfUtils.java:logGet(46)) - raft.server.log.queue.byte-limit = 4294967296 (custom)
2024-03-11 08:32:46,976 [d27ccdb5-db89-40cd-9d18-1f7a4f6c3e48-groupManagement] INFO  server.RaftServerConfigKeys (ConfUtils.java:logGet(46)) - raft.server.log.queue.element-limit = 1024 (custom)
2024-03-11 08:32:46,976 [d27ccdb5-db89-40cd-9d18-1f7a4f6c3e48-groupManagement] INFO  server.RaftServerConfigKeys (ConfUtils.java:logGet(46)) - raft.server.log.segment.size.max = 67108864 (custom)
2024-03-11 08:32:46,976 [d27ccdb5-db89-40cd-9d18-1f7a4f6c3e48-groupManagement] INFO  server.RaftServerConfigKeys (ConfUtils.java:logGet(46)) - raft.server.log.preallocated.size = 4194304 (custom)
2024-03-11 08:32:46,976 [d27ccdb5-db89-40cd-9d18-1f7a4f6c3e48-groupManagement] INFO  server.RaftServerConfigKeys (ConfUtils.java:logGet(46)) - raft.server.log.force.sync.num = 128 (default)
2024-03-11 08:32:46,976 [d27ccdb5-db89-40cd-9d18-1f7a4f6c3e48-groupManagement] INFO  server.RaftServerConfigKeys (ConfUtils.java:logGet(46)) - raft.server.log.statemachine.data.sync = true (default)
2024-03-11 08:32:46,977 [d27ccdb5-db89-40cd-9d18-1f7a4f6c3e48-groupManagement] INFO  server.RaftServerConfigKeys (ConfUtils.java:logGet(46)) - raft.server.log.statemachine.data.sync.timeout = 10s (default)
2024-03-11 08:32:46,977 [d27ccdb5-db89-40cd-9d18-1f7a4f6c3e48-groupManagement] INFO  server.RaftServerConfigKeys (ConfUtils.java:logGet(46)) - raft.server.log.statemachine.data.sync.timeout.retry = 0 (custom)
2024-03-11 08:32:46,977 [d27ccdb5-db89-40cd-9d18-1f7a4f6c3e48-groupManagement] INFO  server.RaftServerConfigKeys (ConfUtils.java:logGet(46)) - raft.server.log.write.buffer.size = 8388616 (custom)
2024-03-11 08:32:46,978 [d27ccdb5-db89-40cd-9d18-1f7a4f6c3e48-groupManagement] INFO  server.RaftServerConfigKeys (ConfUtils.java:logGet(46)) - raft.server.log.appender.buffer.byte-limit = 8388608 (custom)
2024-03-11 08:32:46,978 [d27ccdb5-db89-40cd-9d18-1f7a4f6c3e48-groupManagement] INFO  server.RaftServerConfigKeys (ConfUtils.java:logGet(46)) - raft.server.log.unsafe-flush.enabled = false (default)
2024-03-11 08:32:46,978 [d27ccdb5-db89-40cd-9d18-1f7a4f6c3e48-groupManagement] INFO  server.RaftServerConfigKeys (ConfUtils.java:logGet(46)) - raft.server.log.async-flush.enabled = false (default)
2024-03-11 08:32:46,978 [d27ccdb5-db89-40cd-9d18-1f7a4f6c3e48-groupManagement] INFO  server.RaftServerConfigKeys (ConfUtils.java:logGet(46)) - raft.server.log.statemachine.data.caching.enabled = true (custom)
2024-03-11 08:32:46,979 [d27ccdb5-db89-40cd-9d18-1f7a4f6c3e48-groupManagement] INFO  segmented.SegmentedRaftLogWorker (SegmentedRaftLogWorker.java:lambda$new$0(134)) - d27ccdb5-db89-40cd-9d18-1f7a4f6c3e48@group-F5B44847CD7F-SegmentedRaftLogWorker: flushIndex: setUnconditionally 0 -> -1
2024-03-11 08:32:46,979 [d27ccdb5-db89-40cd-9d18-1f7a4f6c3e48-groupManagement] INFO  segmented.SegmentedRaftLogWorker (SegmentedRaftLogWorker.java:lambda$new$0(134)) - d27ccdb5-db89-40cd-9d18-1f7a4f6c3e48@group-F5B44847CD7F-SegmentedRaftLogWorker: safeCacheEvictIndex: setUnconditionally 0 -> -1
2024-03-11 08:32:46,979 [d27ccdb5-db89-40cd-9d18-1f7a4f6c3e48-groupManagement] INFO  server.RaftServer$Division (RaftServerImpl.java:start(396)) - d27ccdb5-db89-40cd-9d18-1f7a4f6c3e48@group-F5B44847CD7F: start as a follower, conf=-1: peers:[d27ccdb5-db89-40cd-9d18-1f7a4f6c3e48|10.1.0.9:15151]|listeners:[], old=null
2024-03-11 08:32:46,979 [d27ccdb5-db89-40cd-9d18-1f7a4f6c3e48-groupManagement] INFO  server.RaftServer$Division (RaftServerImpl.java:setRole(383)) - d27ccdb5-db89-40cd-9d18-1f7a4f6c3e48@group-F5B44847CD7F: changes role from      null to FOLLOWER at term 0 for startAsFollower
2024-03-11 08:32:46,979 [d27ccdb5-db89-40cd-9d18-1f7a4f6c3e48-groupManagement] INFO  impl.RoleInfo (RoleInfo.java:updateAndGet(139)) - d27ccdb5-db89-40cd-9d18-1f7a4f6c3e48: start d27ccdb5-db89-40cd-9d18-1f7a4f6c3e48@group-F5B44847CD7F-FollowerState
2024-03-11 08:32:46,979 [d27ccdb5-db89-40cd-9d18-1f7a4f6c3e48@group-F5B44847CD7F-FollowerState] INFO  server.RaftServerConfigKeys (ConfUtils.java:logFallback(53)) - raft.server.rpc.first-election.timeout.min = 5s (fallback to raft.server.rpc.timeout.min)
2024-03-11 08:32:46,979 [d27ccdb5-db89-40cd-9d18-1f7a4f6c3e48-groupManagement] INFO  util.JmxRegister (JmxRegister.java:tryRegister(44)) - Successfully registered JMX Bean with object name Ratis:service=RaftServer,group=group-F5B44847CD7F,id=d27ccdb5-db89-40cd-9d18-1f7a4f6c3e48
2024-03-11 08:32:46,979 [d27ccdb5-db89-40cd-9d18-1f7a4f6c3e48@group-F5B44847CD7F-FollowerState] INFO  server.RaftServerConfigKeys (ConfUtils.java:logFallback(53)) - raft.server.rpc.first-election.timeout.max = 5200ms (fallback to raft.server.rpc.timeout.max)
2024-03-11 08:32:46,979 [d27ccdb5-db89-40cd-9d18-1f7a4f6c3e48-groupManagement] INFO  server.RaftServerConfigKeys (ConfUtils.java:logGet(46)) - raft.server.snapshot.trigger-when-stop.enabled = true (default)
2024-03-11 08:32:46,980 [d27ccdb5-db89-40cd-9d18-1f7a4f6c3e48-groupManagement] INFO  server.RaftServerConfigKeys (ConfUtils.java:logGet(46)) - raft.server.snapshot.auto.trigger.enabled = true (custom)
2024-03-11 08:32:46,980 [d27ccdb5-db89-40cd-9d18-1f7a4f6c3e48-groupManagement] INFO  server.RaftServerConfigKeys (ConfUtils.java:logGet(46)) - raft.server.snapshot.auto.trigger.threshold = 10000 (custom)
2024-03-11 08:32:46,980 [d27ccdb5-db89-40cd-9d18-1f7a4f6c3e48-groupManagement] INFO  server.RaftServerConfigKeys (ConfUtils.java:logGet(46)) - raft.server.snapshot.retention.file.num = 5 (custom)
2024-03-11 08:32:46,980 [d27ccdb5-db89-40cd-9d18-1f7a4f6c3e48-groupManagement] INFO  server.RaftServerConfigKeys (ConfUtils.java:logGet(46)) - raft.server.log.purge.upto.snapshot.index = false (default)
2024-03-11 08:32:46,980 [d27ccdb5-db89-40cd-9d18-1f7a4f6c3e48-PipelineCommandHandlerThread-0] INFO  ratis.XceiverServerRatis (XceiverServerRatis.java:addGroup(864)) - Created group PipelineID=71458eb1-9103-4f61-b89a-f5b44847cd7f
2024-03-11 08:32:46,980 [d27ccdb5-db89-40cd-9d18-1f7a4f6c3e48-PipelineCommandHandlerThread-0] INFO  commandhandler.CreatePipelineCommandHandler (CreatePipelineCommandHandler.java:lambda$handle$2(124)) - Created Pipeline RATIS ONE PipelineID=71458eb1-9103-4f61-b89a-f5b44847cd7f.
2024-03-11 08:32:46,981 [d27ccdb5-db89-40cd-9d18-1f7a4f6c3e48-PipelineCommandHandlerThread-0] INFO  server.RaftServer (RaftServerProxy.java:addNew(100)) - d27ccdb5-db89-40cd-9d18-1f7a4f6c3e48: addNew group-7B1BC079B734:[d27ccdb5-db89-40cd-9d18-1f7a4f6c3e48|10.1.0.9:15151, 59c2aa1f-efee-4a31-8893-6c9c6933eb36|10.1.0.9:15169, 0af1ae0f-8c30-413c-9f1e-7b09e147ac16|10.1.0.9:15160] returns group-7B1BC079B734:java.util.concurrent.CompletableFuture@61b86157[Not completed]
2024-03-11 08:32:46,981 [d27ccdb5-db89-40cd-9d18-1f7a4f6c3e48-groupManagement] INFO  server.RaftServer$Division (RaftServerImpl.java:<init>(256)) - d27ccdb5-db89-40cd-9d18-1f7a4f6c3e48: new RaftServerImpl for group-7B1BC079B734:[d27ccdb5-db89-40cd-9d18-1f7a4f6c3e48|10.1.0.9:15151, 59c2aa1f-efee-4a31-8893-6c9c6933eb36|10.1.0.9:15169, 0af1ae0f-8c30-413c-9f1e-7b09e147ac16|10.1.0.9:15160] with ContainerStateMachine:uninitialized
2024-03-11 08:32:46,981 [d27ccdb5-db89-40cd-9d18-1f7a4f6c3e48-groupManagement] INFO  server.RaftServerConfigKeys (ConfUtils.java:logGet(46)) - raft.server.rpc.timeout.min = 5s (custom)
2024-03-11 08:32:46,981 [d27ccdb5-db89-40cd-9d18-1f7a4f6c3e48-groupManagement] INFO  server.RaftServerConfigKeys (ConfUtils.java:logGet(46)) - raft.server.rpc.timeout.max = 5200ms (custom)
2024-03-11 08:32:46,981 [d27ccdb5-db89-40cd-9d18-1f7a4f6c3e48-groupManagement] INFO  server.RaftServerConfigKeys (ConfUtils.java:logGet(46)) - raft.server.rpc.sleep.time = 25ms (default)
2024-03-11 08:32:46,982 [d27ccdb5-db89-40cd-9d18-1f7a4f6c3e48-groupManagement] INFO  server.RaftServerConfigKeys (ConfUtils.java:logGet(46)) - raft.server.rpc.slowness.timeout = 300s (custom)
2024-03-11 08:32:46,982 [d27ccdb5-db89-40cd-9d18-1f7a4f6c3e48-groupManagement] INFO  server.RaftServerConfigKeys (ConfUtils.java:logGet(46)) - raft.server.leaderelection.leader.step-down.wait-time = 10s (default)
2024-03-11 08:32:46,982 [d27ccdb5-db89-40cd-9d18-1f7a4f6c3e48-groupManagement] INFO  server.RaftServerConfigKeys (ConfUtils.java:logGet(46)) - raft.server.leaderelection.member.majority-add = false (default)
2024-03-11 08:32:46,982 [d27ccdb5-db89-40cd-9d18-1f7a4f6c3e48-groupManagement] INFO  server.RaftServerConfigKeys (ConfUtils.java:logGet(46)) - raft.server.sleep.deviation.threshold = 300ms (default)
2024-03-11 08:32:46,982 [d27ccdb5-db89-40cd-9d18-1f7a4f6c3e48-groupManagement] INFO  server.RaftServer$Division (ServerState.java:<init>(113)) - d27ccdb5-db89-40cd-9d18-1f7a4f6c3e48@group-7B1BC079B734: ConfigurationManager, init=-1: peers:[d27ccdb5-db89-40cd-9d18-1f7a4f6c3e48|10.1.0.9:15151, 59c2aa1f-efee-4a31-8893-6c9c6933eb36|10.1.0.9:15169, 0af1ae0f-8c30-413c-9f1e-7b09e147ac16|10.1.0.9:15160]|listeners:[], old=null, confs=<EMPTY_MAP>
2024-03-11 08:32:46,982 [d27ccdb5-db89-40cd-9d18-1f7a4f6c3e48-groupManagement] INFO  server.RaftServerConfigKeys (ConfUtils.java:logGet(46)) - raft.server.notification.no-leader.timeout = 300s (custom)
2024-03-11 08:32:46,982 [d27ccdb5-db89-40cd-9d18-1f7a4f6c3e48-groupManagement] INFO  server.RaftServerConfigKeys (ConfUtils.java:logGet(46)) - raft.server.read.timeout = 10s (default)
2024-03-11 08:32:46,982 [d27ccdb5-db89-40cd-9d18-1f7a4f6c3e48-groupManagement] INFO  server.RaftServerConfigKeys (ConfUtils.java:logGet(46)) - raft.server.retrycache.expirytime = 600000ms (custom)
2024-03-11 08:32:46,982 [d27ccdb5-db89-40cd-9d18-1f7a4f6c3e48-groupManagement] INFO  server.RaftServerConfigKeys (ConfUtils.java:logGet(46)) - raft.server.retrycache.statistics.expirytime = 100ms (default)
2024-03-11 08:32:46,982 [d27ccdb5-db89-40cd-9d18-1f7a4f6c3e48-groupManagement] INFO  server.RaftServerConfigKeys (ConfUtils.java:logGet(46)) - raft.server.read.option = DEFAULT (default)
2024-03-11 08:32:46,982 [d27ccdb5-db89-40cd-9d18-1f7a4f6c3e48-groupManagement] INFO  server.RaftServerConfigKeys (ConfUtils.java:logGet(46)) - raft.server.read.read-after-write-consistent.write-index-cache.expiry-time = 60s (default)
2024-03-11 08:32:46,984 [d27ccdb5-db89-40cd-9d18-1f7a4f6c3e48-groupManagement] INFO  server.RaftServerConfigKeys (ConfUtils.java:logGet(46)) - raft.server.rpc.request.timeout = 60s (custom)
2024-03-11 08:32:46,984 [d27ccdb5-db89-40cd-9d18-1f7a4f6c3e48-groupManagement] INFO  server.RaftServerConfigKeys (ConfUtils.java:logGet(46)) - raft.server.log.appender.install.snapshot.enabled = false (custom)
2024-03-11 08:32:46,984 [d27ccdb5-db89-40cd-9d18-1f7a4f6c3e48-groupManagement] INFO  server.RaftServerConfigKeys (ConfUtils.java:logGet(46)) - raft.server.threadpool.server.cached = true (default)
2024-03-11 08:32:46,984 [d27ccdb5-db89-40cd-9d18-1f7a4f6c3e48-groupManagement] INFO  server.RaftServerConfigKeys (ConfUtils.java:logGet(46)) - raft.server.threadpool.server.size = 0 (default)
2024-03-11 08:32:46,984 [d27ccdb5-db89-40cd-9d18-1f7a4f6c3e48-groupManagement] INFO  server.RaftServerConfigKeys (ConfUtils.java:logGet(46)) - raft.server.threadpool.client.cached = true (default)
2024-03-11 08:32:46,984 [d27ccdb5-db89-40cd-9d18-1f7a4f6c3e48-groupManagement] INFO  server.RaftServerConfigKeys (ConfUtils.java:logGet(46)) - raft.server.threadpool.client.size = 0 (default)
2024-03-11 08:32:46,984 [d27ccdb5-db89-40cd-9d18-1f7a4f6c3e48-groupManagement] INFO  server.RaftServerConfigKeys (ConfUtils.java:logGet(46)) - raft.server.storage.free-space.min = 0MB (=0) (default)
2024-03-11 08:32:46,984 [d27ccdb5-db89-40cd-9d18-1f7a4f6c3e48-groupManagement] INFO  server.RaftServerConfigKeys (ConfUtils.java:logGet(46)) - raft.server.log.corruption.policy = EXCEPTION (default)
2024-03-11 08:32:46,984 [d27ccdb5-db89-40cd-9d18-1f7a4f6c3e48-groupManagement] INFO  server.RaftServerConfigKeys (ConfUtils.java:logGet(46)) - raft.server.storage.dir = [/home/runner/work/ozone/ozone/hadoop-ozone/integration-test/target/test-dir/MiniOzoneClusterImpl-3b234497-56f6-48e5-9ae2-a9674f906486/ozone-meta/datanode-1/ratis] (custom)
2024-03-11 08:32:46,984 [d27ccdb5-db89-40cd-9d18-1f7a4f6c3e48-groupManagement] INFO  storage.RaftStorageDirectory (RaftStorageDirectoryImpl.java:analyzeStorage(138)) - The storage directory /home/runner/work/ozone/ozone/hadoop-ozone/integration-test/target/test-dir/MiniOzoneClusterImpl-3b234497-56f6-48e5-9ae2-a9674f906486/ozone-meta/datanode-1/ratis/6e92967c-9c9f-4b16-ac8b-7b1bc079b734 does not exist. Creating ...
2024-03-11 08:32:46,985 [d27ccdb5-db89-40cd-9d18-1f7a4f6c3e48-groupManagement] INFO  storage.RaftStorageDirectory (RaftStorageDirectoryImpl.java:tryLock(228)) - Lock on /home/runner/work/ozone/ozone/hadoop-ozone/integration-test/target/test-dir/MiniOzoneClusterImpl-3b234497-56f6-48e5-9ae2-a9674f906486/ozone-meta/datanode-1/ratis/6e92967c-9c9f-4b16-ac8b-7b1bc079b734/in_use.lock acquired by nodename 48108@fv-az1250-130
2024-03-11 08:32:46,986 [d27ccdb5-db89-40cd-9d18-1f7a4f6c3e48-groupManagement] INFO  storage.RaftStorage (RaftStorageImpl.java:format(99)) - Storage directory /home/runner/work/ozone/ozone/hadoop-ozone/integration-test/target/test-dir/MiniOzoneClusterImpl-3b234497-56f6-48e5-9ae2-a9674f906486/ozone-meta/datanode-1/ratis/6e92967c-9c9f-4b16-ac8b-7b1bc079b734 has been successfully formatted.
2024-03-11 08:32:46,986 [d27ccdb5-db89-40cd-9d18-1f7a4f6c3e48-groupManagement] WARN  util.FileUtils (LogUtils.java:supplyAndLog(63)) - Failed to Files.newInputStream /home/runner/work/ozone/ozone/hadoop-ozone/integration-test/target/test-dir/MiniOzoneClusterImpl-3b234497-56f6-48e5-9ae2-a9674f906486/ozone-meta/datanode-1/ratis/6e92967c-9c9f-4b16-ac8b-7b1bc079b734/current/raft-meta.conf with options []: java.nio.file.NoSuchFileException: /home/runner/work/ozone/ozone/hadoop-ozone/integration-test/target/test-dir/MiniOzoneClusterImpl-3b234497-56f6-48e5-9ae2-a9674f906486/ozone-meta/datanode-1/ratis/6e92967c-9c9f-4b16-ac8b-7b1bc079b734/current/raft-meta.conf
2024-03-11 08:32:46,987 [d27ccdb5-db89-40cd-9d18-1f7a4f6c3e48-groupManagement] INFO  ratis.ContainerStateMachine (ContainerStateMachine.java:loadSnapshot(287)) - group-7B1BC079B734: The snapshot info is null. Setting the last applied index to:(t:0, i:~)
2024-03-11 08:32:46,987 [d27ccdb5-db89-40cd-9d18-1f7a4f6c3e48-groupManagement] INFO  server.RaftServerConfigKeys (ConfUtils.java:logGet(46)) - raft.server.log.use.memory = false (default)
2024-03-11 08:32:46,987 [d27ccdb5-db89-40cd-9d18-1f7a4f6c3e48-groupManagement] INFO  server.RaftServerConfigKeys (ConfUtils.java:logGet(46)) - raft.server.log.purge.gap = 1000000 (custom)
2024-03-11 08:32:46,987 [d27ccdb5-db89-40cd-9d18-1f7a4f6c3e48-groupManagement] INFO  server.RaftServerConfigKeys (ConfUtils.java:logGet(46)) - raft.server.log.appender.buffer.byte-limit = 8388608 (custom)
2024-03-11 08:32:46,987 [d27ccdb5-db89-40cd-9d18-1f7a4f6c3e48-groupManagement] INFO  server.RaftServerConfigKeys (ConfUtils.java:logGet(46)) - raft.server.log.statemachine.data.read.timeout = 1000ms (default)
2024-03-11 08:32:46,987 [d27ccdb5-db89-40cd-9d18-1f7a4f6c3e48-groupManagement] INFO  server.RaftServerConfigKeys (ConfUtils.java:logGet(46)) - raft.server.log.purge.preservation.log.num = 0 (default)
2024-03-11 08:32:46,987 [EventQueue-OpenPipelineForHealthyPipelineSafeModeRule] INFO  safemode.SCMSafeModeManager (HealthyPipelineSafeModeRule.java:process(140)) - SCM in safe mode. Healthy pipelines reported count is 0, required healthy pipeline reported count is 1
2024-03-11 08:32:46,988 [d27ccdb5-db89-40cd-9d18-1f7a4f6c3e48-groupManagement] INFO  server.RaftServerConfigKeys (ConfUtils.java:logGet(46)) - raft.server.log.segment.size.max = 67108864 (custom)
2024-03-11 08:32:46,988 [d27ccdb5-db89-40cd-9d18-1f7a4f6c3e48-groupManagement] INFO  server.RaftServerConfigKeys (ConfUtils.java:logGet(46)) - raft.server.log.segment.cache.num.max = 2 (custom)
2024-03-11 08:32:46,988 [d27ccdb5-db89-40cd-9d18-1f7a4f6c3e48-groupManagement] INFO  server.RaftServerConfigKeys (ConfUtils.java:logGet(46)) - raft.server.log.segment.cache.size.max = 200MB (=209715200) (default)
2024-03-11 08:32:46,988 [d27ccdb5-db89-40cd-9d18-1f7a4f6c3e48-groupManagement] INFO  server.RaftServerConfigKeys (ConfUtils.java:logGet(46)) - raft.server.log.appender.buffer.byte-limit = 8388608 (custom)
2024-03-11 08:32:46,988 [d27ccdb5-db89-40cd-9d18-1f7a4f6c3e48-groupManagement] INFO  util.AwaitToRun (AwaitToRun.java:start(81)) - Thread[d27ccdb5-db89-40cd-9d18-1f7a4f6c3e48@group-7B1BC079B734-cacheEviction-AwaitToRun,5,main] started
2024-03-11 08:32:46,988 [d27ccdb5-db89-40cd-9d18-1f7a4f6c3e48-groupManagement] INFO  segmented.SegmentedRaftLogWorker (SegmentedRaftLogWorker.java:<init>(182)) - new d27ccdb5-db89-40cd-9d18-1f7a4f6c3e48@group-7B1BC079B734-SegmentedRaftLogWorker for RaftStorageImpl:Storage Directory /home/runner/work/ozone/ozone/hadoop-ozone/integration-test/target/test-dir/MiniOzoneClusterImpl-3b234497-56f6-48e5-9ae2-a9674f906486/ozone-meta/datanode-1/ratis/6e92967c-9c9f-4b16-ac8b-7b1bc079b734
2024-03-11 08:32:46,988 [d27ccdb5-db89-40cd-9d18-1f7a4f6c3e48-groupManagement] INFO  server.RaftServerConfigKeys (ConfUtils.java:logGet(46)) - raft.server.log.queue.byte-limit = 4294967296 (custom)
2024-03-11 08:32:46,988 [d27ccdb5-db89-40cd-9d18-1f7a4f6c3e48-groupManagement] INFO  server.RaftServerConfigKeys (ConfUtils.java:logGet(46)) - raft.server.log.queue.element-limit = 1024 (custom)
2024-03-11 08:32:46,988 [d27ccdb5-db89-40cd-9d18-1f7a4f6c3e48-groupManagement] INFO  server.RaftServerConfigKeys (ConfUtils.java:logGet(46)) - raft.server.log.segment.size.max = 67108864 (custom)
2024-03-11 08:32:46,988 [d27ccdb5-db89-40cd-9d18-1f7a4f6c3e48-groupManagement] INFO  server.RaftServerConfigKeys (ConfUtils.java:logGet(46)) - raft.server.log.preallocated.size = 4194304 (custom)
2024-03-11 08:32:46,988 [d27ccdb5-db89-40cd-9d18-1f7a4f6c3e48-groupManagement] INFO  server.RaftServerConfigKeys (ConfUtils.java:logGet(46)) - raft.server.log.force.sync.num = 128 (default)
2024-03-11 08:32:46,988 [d27ccdb5-db89-40cd-9d18-1f7a4f6c3e48-groupManagement] INFO  server.RaftServerConfigKeys (ConfUtils.java:logGet(46)) - raft.server.log.statemachine.data.sync = true (default)
2024-03-11 08:32:46,989 [d27ccdb5-db89-40cd-9d18-1f7a4f6c3e48-groupManagement] INFO  server.RaftServerConfigKeys (ConfUtils.java:logGet(46)) - raft.server.log.statemachine.data.sync.timeout = 10s (default)
2024-03-11 08:32:46,989 [d27ccdb5-db89-40cd-9d18-1f7a4f6c3e48-groupManagement] INFO  server.RaftServerConfigKeys (ConfUtils.java:logGet(46)) - raft.server.log.statemachine.data.sync.timeout.retry = 0 (custom)
2024-03-11 08:32:46,989 [d27ccdb5-db89-40cd-9d18-1f7a4f6c3e48-groupManagement] INFO  server.RaftServerConfigKeys (ConfUtils.java:logGet(46)) - raft.server.log.write.buffer.size = 8388616 (custom)
2024-03-11 08:32:46,990 [d27ccdb5-db89-40cd-9d18-1f7a4f6c3e48-groupManagement] INFO  server.RaftServerConfigKeys (ConfUtils.java:logGet(46)) - raft.server.log.appender.buffer.byte-limit = 8388608 (custom)
2024-03-11 08:32:46,990 [d27ccdb5-db89-40cd-9d18-1f7a4f6c3e48-groupManagement] INFO  server.RaftServerConfigKeys (ConfUtils.java:logGet(46)) - raft.server.log.unsafe-flush.enabled = false (default)
2024-03-11 08:32:46,990 [d27ccdb5-db89-40cd-9d18-1f7a4f6c3e48-groupManagement] INFO  server.RaftServerConfigKeys (ConfUtils.java:logGet(46)) - raft.server.log.async-flush.enabled = false (default)
2024-03-11 08:32:46,990 [d27ccdb5-db89-40cd-9d18-1f7a4f6c3e48-groupManagement] INFO  server.RaftServerConfigKeys (ConfUtils.java:logGet(46)) - raft.server.log.statemachine.data.caching.enabled = true (custom)
2024-03-11 08:32:46,990 [d27ccdb5-db89-40cd-9d18-1f7a4f6c3e48-groupManagement] INFO  segmented.SegmentedRaftLogWorker (SegmentedRaftLogWorker.java:lambda$new$0(134)) - d27ccdb5-db89-40cd-9d18-1f7a4f6c3e48@group-7B1BC079B734-SegmentedRaftLogWorker: flushIndex: setUnconditionally 0 -> -1
2024-03-11 08:32:46,990 [d27ccdb5-db89-40cd-9d18-1f7a4f6c3e48-groupManagement] INFO  segmented.SegmentedRaftLogWorker (SegmentedRaftLogWorker.java:lambda$new$0(134)) - d27ccdb5-db89-40cd-9d18-1f7a4f6c3e48@group-7B1BC079B734-SegmentedRaftLogWorker: safeCacheEvictIndex: setUnconditionally 0 -> -1
2024-03-11 08:32:46,991 [d27ccdb5-db89-40cd-9d18-1f7a4f6c3e48-groupManagement] INFO  server.RaftServer$Division (RaftServerImpl.java:start(396)) - d27ccdb5-db89-40cd-9d18-1f7a4f6c3e48@group-7B1BC079B734: start as a follower, conf=-1: peers:[d27ccdb5-db89-40cd-9d18-1f7a4f6c3e48|10.1.0.9:15151, 59c2aa1f-efee-4a31-8893-6c9c6933eb36|10.1.0.9:15169, 0af1ae0f-8c30-413c-9f1e-7b09e147ac16|10.1.0.9:15160]|listeners:[], old=null
2024-03-11 08:32:46,991 [d27ccdb5-db89-40cd-9d18-1f7a4f6c3e48-groupManagement] INFO  server.RaftServer$Division (RaftServerImpl.java:setRole(383)) - d27ccdb5-db89-40cd-9d18-1f7a4f6c3e48@group-7B1BC079B734: changes role from      null to FOLLOWER at term 0 for startAsFollower
2024-03-11 08:32:46,991 [d27ccdb5-db89-40cd-9d18-1f7a4f6c3e48-groupManagement] INFO  impl.RoleInfo (RoleInfo.java:updateAndGet(139)) - d27ccdb5-db89-40cd-9d18-1f7a4f6c3e48: start d27ccdb5-db89-40cd-9d18-1f7a4f6c3e48@group-7B1BC079B734-FollowerState
2024-03-11 08:32:46,991 [d27ccdb5-db89-40cd-9d18-1f7a4f6c3e48-groupManagement] INFO  util.JmxRegister (JmxRegister.java:tryRegister(44)) - Successfully registered JMX Bean with object name Ratis:service=RaftServer,group=group-7B1BC079B734,id=d27ccdb5-db89-40cd-9d18-1f7a4f6c3e48
2024-03-11 08:32:46,991 [d27ccdb5-db89-40cd-9d18-1f7a4f6c3e48@group-7B1BC079B734-FollowerState] INFO  server.RaftServerConfigKeys (ConfUtils.java:logFallback(53)) - raft.server.rpc.first-election.timeout.min = 5s (fallback to raft.server.rpc.timeout.min)
2024-03-11 08:32:46,991 [d27ccdb5-db89-40cd-9d18-1f7a4f6c3e48-groupManagement] INFO  server.RaftServerConfigKeys (ConfUtils.java:logGet(46)) - raft.server.snapshot.trigger-when-stop.enabled = true (default)
2024-03-11 08:32:46,991 [d27ccdb5-db89-40cd-9d18-1f7a4f6c3e48@group-7B1BC079B734-FollowerState] INFO  server.RaftServerConfigKeys (ConfUtils.java:logFallback(53)) - raft.server.rpc.first-election.timeout.max = 5200ms (fallback to raft.server.rpc.timeout.max)
2024-03-11 08:32:46,991 [d27ccdb5-db89-40cd-9d18-1f7a4f6c3e48-groupManagement] INFO  server.RaftServerConfigKeys (ConfUtils.java:logGet(46)) - raft.server.snapshot.auto.trigger.enabled = true (custom)
2024-03-11 08:32:46,991 [d27ccdb5-db89-40cd-9d18-1f7a4f6c3e48-groupManagement] INFO  server.RaftServerConfigKeys (ConfUtils.java:logGet(46)) - raft.server.snapshot.auto.trigger.threshold = 10000 (custom)
2024-03-11 08:32:46,991 [d27ccdb5-db89-40cd-9d18-1f7a4f6c3e48-groupManagement] INFO  server.RaftServerConfigKeys (ConfUtils.java:logGet(46)) - raft.server.snapshot.retention.file.num = 5 (custom)
2024-03-11 08:32:46,991 [d27ccdb5-db89-40cd-9d18-1f7a4f6c3e48-groupManagement] INFO  server.RaftServerConfigKeys (ConfUtils.java:logGet(46)) - raft.server.log.purge.upto.snapshot.index = false (default)
2024-03-11 08:32:46,992 [d27ccdb5-db89-40cd-9d18-1f7a4f6c3e48-PipelineCommandHandlerThread-0] INFO  ratis.XceiverServerRatis (XceiverServerRatis.java:addGroup(864)) - Created group PipelineID=6e92967c-9c9f-4b16-ac8b-7b1bc079b734
2024-03-11 08:32:46,998 [grpc-default-executor-4] INFO  server.RaftServer (RaftServerProxy.java:addNew(100)) - 0af1ae0f-8c30-413c-9f1e-7b09e147ac16: addNew group-7B1BC079B734:[d27ccdb5-db89-40cd-9d18-1f7a4f6c3e48|10.1.0.9:15151, 59c2aa1f-efee-4a31-8893-6c9c6933eb36|10.1.0.9:15169, 0af1ae0f-8c30-413c-9f1e-7b09e147ac16|10.1.0.9:15160] returns group-7B1BC079B734:java.util.concurrent.CompletableFuture@1a943615[Not completed]
2024-03-11 08:32:46,998 [0af1ae0f-8c30-413c-9f1e-7b09e147ac16-groupManagement] INFO  server.RaftServer$Division (RaftServerImpl.java:<init>(256)) - 0af1ae0f-8c30-413c-9f1e-7b09e147ac16: new RaftServerImpl for group-7B1BC079B734:[d27ccdb5-db89-40cd-9d18-1f7a4f6c3e48|10.1.0.9:15151, 59c2aa1f-efee-4a31-8893-6c9c6933eb36|10.1.0.9:15169, 0af1ae0f-8c30-413c-9f1e-7b09e147ac16|10.1.0.9:15160] with ContainerStateMachine:uninitialized
2024-03-11 08:32:46,998 [0af1ae0f-8c30-413c-9f1e-7b09e147ac16-groupManagement] INFO  server.RaftServerConfigKeys (ConfUtils.java:logGet(46)) - raft.server.rpc.timeout.min = 5s (custom)
2024-03-11 08:32:46,999 [0af1ae0f-8c30-413c-9f1e-7b09e147ac16-groupManagement] INFO  server.RaftServerConfigKeys (ConfUtils.java:logGet(46)) - raft.server.rpc.timeout.max = 5200ms (custom)
2024-03-11 08:32:46,999 [0af1ae0f-8c30-413c-9f1e-7b09e147ac16-groupManagement] INFO  server.RaftServerConfigKeys (ConfUtils.java:logGet(46)) - raft.server.rpc.sleep.time = 25ms (default)
2024-03-11 08:32:46,999 [0af1ae0f-8c30-413c-9f1e-7b09e147ac16-groupManagement] INFO  server.RaftServerConfigKeys (ConfUtils.java:logGet(46)) - raft.server.rpc.slowness.timeout = 300s (custom)
2024-03-11 08:32:46,999 [0af1ae0f-8c30-413c-9f1e-7b09e147ac16-groupManagement] INFO  server.RaftServerConfigKeys (ConfUtils.java:logGet(46)) - raft.server.leaderelection.leader.step-down.wait-time = 10s (default)
2024-03-11 08:32:46,999 [0af1ae0f-8c30-413c-9f1e-7b09e147ac16-groupManagement] INFO  server.RaftServerConfigKeys (ConfUtils.java:logGet(46)) - raft.server.leaderelection.member.majority-add = false (default)
2024-03-11 08:32:46,999 [0af1ae0f-8c30-413c-9f1e-7b09e147ac16-groupManagement] INFO  server.RaftServerConfigKeys (ConfUtils.java:logGet(46)) - raft.server.sleep.deviation.threshold = 300ms (default)
2024-03-11 08:32:46,999 [0af1ae0f-8c30-413c-9f1e-7b09e147ac16-groupManagement] INFO  server.RaftServer$Division (ServerState.java:<init>(113)) - 0af1ae0f-8c30-413c-9f1e-7b09e147ac16@group-7B1BC079B734: ConfigurationManager, init=-1: peers:[d27ccdb5-db89-40cd-9d18-1f7a4f6c3e48|10.1.0.9:15151, 59c2aa1f-efee-4a31-8893-6c9c6933eb36|10.1.0.9:15169, 0af1ae0f-8c30-413c-9f1e-7b09e147ac16|10.1.0.9:15160]|listeners:[], old=null, confs=<EMPTY_MAP>
2024-03-11 08:32:46,999 [0af1ae0f-8c30-413c-9f1e-7b09e147ac16-groupManagement] INFO  server.RaftServerConfigKeys (ConfUtils.java:logGet(46)) - raft.server.notification.no-leader.timeout = 300s (custom)
2024-03-11 08:32:46,999 [0af1ae0f-8c30-413c-9f1e-7b09e147ac16-groupManagement] INFO  server.RaftServerConfigKeys (ConfUtils.java:logGet(46)) - raft.server.read.timeout = 10s (default)
2024-03-11 08:32:46,999 [0af1ae0f-8c30-413c-9f1e-7b09e147ac16-groupManagement] INFO  server.RaftServerConfigKeys (ConfUtils.java:logGet(46)) - raft.server.retrycache.expirytime = 600000ms (custom)
2024-03-11 08:32:46,999 [0af1ae0f-8c30-413c-9f1e-7b09e147ac16-groupManagement] INFO  server.RaftServerConfigKeys (ConfUtils.java:logGet(46)) - raft.server.retrycache.statistics.expirytime = 100ms (default)
2024-03-11 08:32:46,999 [0af1ae0f-8c30-413c-9f1e-7b09e147ac16-groupManagement] INFO  server.RaftServerConfigKeys (ConfUtils.java:logGet(46)) - raft.server.read.option = DEFAULT (default)
2024-03-11 08:32:46,999 [0af1ae0f-8c30-413c-9f1e-7b09e147ac16-groupManagement] INFO  server.RaftServerConfigKeys (ConfUtils.java:logGet(46)) - raft.server.read.read-after-write-consistent.write-index-cache.expiry-time = 60s (default)
2024-03-11 08:32:47,000 [0af1ae0f-8c30-413c-9f1e-7b09e147ac16-groupManagement] INFO  server.RaftServerConfigKeys (ConfUtils.java:logGet(46)) - raft.server.rpc.request.timeout = 60s (custom)
2024-03-11 08:32:47,000 [0af1ae0f-8c30-413c-9f1e-7b09e147ac16-groupManagement] INFO  server.RaftServerConfigKeys (ConfUtils.java:logGet(46)) - raft.server.log.appender.install.snapshot.enabled = false (custom)
2024-03-11 08:32:47,000 [0af1ae0f-8c30-413c-9f1e-7b09e147ac16-groupManagement] INFO  server.RaftServerConfigKeys (ConfUtils.java:logGet(46)) - raft.server.threadpool.server.cached = true (default)
2024-03-11 08:32:47,000 [0af1ae0f-8c30-413c-9f1e-7b09e147ac16-groupManagement] INFO  server.RaftServerConfigKeys (ConfUtils.java:logGet(46)) - raft.server.threadpool.server.size = 0 (default)
2024-03-11 08:32:47,000 [0af1ae0f-8c30-413c-9f1e-7b09e147ac16-groupManagement] INFO  server.RaftServerConfigKeys (ConfUtils.java:logGet(46)) - raft.server.threadpool.client.cached = true (default)
2024-03-11 08:32:47,000 [0af1ae0f-8c30-413c-9f1e-7b09e147ac16-groupManagement] INFO  server.RaftServerConfigKeys (ConfUtils.java:logGet(46)) - raft.server.threadpool.client.size = 0 (default)
2024-03-11 08:32:47,000 [0af1ae0f-8c30-413c-9f1e-7b09e147ac16-groupManagement] INFO  server.RaftServerConfigKeys (ConfUtils.java:logGet(46)) - raft.server.storage.free-space.min = 0MB (=0) (default)
2024-03-11 08:32:47,000 [0af1ae0f-8c30-413c-9f1e-7b09e147ac16-groupManagement] INFO  server.RaftServerConfigKeys (ConfUtils.java:logGet(46)) - raft.server.log.corruption.policy = EXCEPTION (default)
2024-03-11 08:32:47,000 [0af1ae0f-8c30-413c-9f1e-7b09e147ac16-groupManagement] INFO  server.RaftServerConfigKeys (ConfUtils.java:logGet(46)) - raft.server.storage.dir = [/home/runner/work/ozone/ozone/hadoop-ozone/integration-test/target/test-dir/MiniOzoneClusterImpl-3b234497-56f6-48e5-9ae2-a9674f906486/ozone-meta/datanode-2/ratis] (custom)
2024-03-11 08:32:47,001 [0af1ae0f-8c30-413c-9f1e-7b09e147ac16-groupManagement] INFO  storage.RaftStorageDirectory (RaftStorageDirectoryImpl.java:analyzeStorage(138)) - The storage directory /home/runner/work/ozone/ozone/hadoop-ozone/integration-test/target/test-dir/MiniOzoneClusterImpl-3b234497-56f6-48e5-9ae2-a9674f906486/ozone-meta/datanode-2/ratis/6e92967c-9c9f-4b16-ac8b-7b1bc079b734 does not exist. Creating ...
2024-03-11 08:32:47,001 [0af1ae0f-8c30-413c-9f1e-7b09e147ac16-groupManagement] INFO  storage.RaftStorageDirectory (RaftStorageDirectoryImpl.java:tryLock(228)) - Lock on /home/runner/work/ozone/ozone/hadoop-ozone/integration-test/target/test-dir/MiniOzoneClusterImpl-3b234497-56f6-48e5-9ae2-a9674f906486/ozone-meta/datanode-2/ratis/6e92967c-9c9f-4b16-ac8b-7b1bc079b734/in_use.lock acquired by nodename 48108@fv-az1250-130
2024-03-11 08:32:47,002 [0af1ae0f-8c30-413c-9f1e-7b09e147ac16-groupManagement] INFO  storage.RaftStorage (RaftStorageImpl.java:format(99)) - Storage directory /home/runner/work/ozone/ozone/hadoop-ozone/integration-test/target/test-dir/MiniOzoneClusterImpl-3b234497-56f6-48e5-9ae2-a9674f906486/ozone-meta/datanode-2/ratis/6e92967c-9c9f-4b16-ac8b-7b1bc079b734 has been successfully formatted.
2024-03-11 08:32:47,003 [0af1ae0f-8c30-413c-9f1e-7b09e147ac16-groupManagement] WARN  util.FileUtils (LogUtils.java:supplyAndLog(63)) - Failed to Files.newInputStream /home/runner/work/ozone/ozone/hadoop-ozone/integration-test/target/test-dir/MiniOzoneClusterImpl-3b234497-56f6-48e5-9ae2-a9674f906486/ozone-meta/datanode-2/ratis/6e92967c-9c9f-4b16-ac8b-7b1bc079b734/current/raft-meta.conf with options []: java.nio.file.NoSuchFileException: /home/runner/work/ozone/ozone/hadoop-ozone/integration-test/target/test-dir/MiniOzoneClusterImpl-3b234497-56f6-48e5-9ae2-a9674f906486/ozone-meta/datanode-2/ratis/6e92967c-9c9f-4b16-ac8b-7b1bc079b734/current/raft-meta.conf
2024-03-11 08:32:47,004 [0af1ae0f-8c30-413c-9f1e-7b09e147ac16-groupManagement] INFO  ratis.ContainerStateMachine (ContainerStateMachine.java:loadSnapshot(287)) - group-7B1BC079B734: The snapshot info is null. Setting the last applied index to:(t:0, i:~)
2024-03-11 08:32:47,004 [0af1ae0f-8c30-413c-9f1e-7b09e147ac16-groupManagement] INFO  server.RaftServerConfigKeys (ConfUtils.java:logGet(46)) - raft.server.log.use.memory = false (default)
2024-03-11 08:32:47,004 [0af1ae0f-8c30-413c-9f1e-7b09e147ac16-groupManagement] INFO  server.RaftServerConfigKeys (ConfUtils.java:logGet(46)) - raft.server.log.purge.gap = 1000000 (custom)
2024-03-11 08:32:47,004 [0af1ae0f-8c30-413c-9f1e-7b09e147ac16-groupManagement] INFO  server.RaftServerConfigKeys (ConfUtils.java:logGet(46)) - raft.server.log.appender.buffer.byte-limit = 8388608 (custom)
2024-03-11 08:32:47,005 [0af1ae0f-8c30-413c-9f1e-7b09e147ac16-groupManagement] INFO  server.RaftServerConfigKeys (ConfUtils.java:logGet(46)) - raft.server.log.statemachine.data.read.timeout = 1000ms (default)
2024-03-11 08:32:47,005 [0af1ae0f-8c30-413c-9f1e-7b09e147ac16-groupManagement] INFO  server.RaftServerConfigKeys (ConfUtils.java:logGet(46)) - raft.server.log.purge.preservation.log.num = 0 (default)
2024-03-11 08:32:47,006 [0af1ae0f-8c30-413c-9f1e-7b09e147ac16-groupManagement] INFO  server.RaftServerConfigKeys (ConfUtils.java:logGet(46)) - raft.server.log.segment.size.max = 67108864 (custom)
2024-03-11 08:32:47,006 [0af1ae0f-8c30-413c-9f1e-7b09e147ac16-groupManagement] INFO  server.RaftServerConfigKeys (ConfUtils.java:logGet(46)) - raft.server.log.segment.cache.num.max = 2 (custom)
2024-03-11 08:32:47,006 [0af1ae0f-8c30-413c-9f1e-7b09e147ac16-groupManagement] INFO  server.RaftServerConfigKeys (ConfUtils.java:logGet(46)) - raft.server.log.segment.cache.size.max = 200MB (=209715200) (default)
2024-03-11 08:32:47,006 [0af1ae0f-8c30-413c-9f1e-7b09e147ac16-groupManagement] INFO  server.RaftServerConfigKeys (ConfUtils.java:logGet(46)) - raft.server.log.appender.buffer.byte-limit = 8388608 (custom)
2024-03-11 08:32:47,006 [0af1ae0f-8c30-413c-9f1e-7b09e147ac16-groupManagement] INFO  util.AwaitToRun (AwaitToRun.java:start(81)) - Thread[0af1ae0f-8c30-413c-9f1e-7b09e147ac16@group-7B1BC079B734-cacheEviction-AwaitToRun,5,main] started
2024-03-11 08:32:47,006 [0af1ae0f-8c30-413c-9f1e-7b09e147ac16-groupManagement] INFO  segmented.SegmentedRaftLogWorker (SegmentedRaftLogWorker.java:<init>(182)) - new 0af1ae0f-8c30-413c-9f1e-7b09e147ac16@group-7B1BC079B734-SegmentedRaftLogWorker for RaftStorageImpl:Storage Directory /home/runner/work/ozone/ozone/hadoop-ozone/integration-test/target/test-dir/MiniOzoneClusterImpl-3b234497-56f6-48e5-9ae2-a9674f906486/ozone-meta/datanode-2/ratis/6e92967c-9c9f-4b16-ac8b-7b1bc079b734
2024-03-11 08:32:47,006 [0af1ae0f-8c30-413c-9f1e-7b09e147ac16-groupManagement] INFO  server.RaftServerConfigKeys (ConfUtils.java:logGet(46)) - raft.server.log.queue.byte-limit = 4294967296 (custom)
2024-03-11 08:32:47,006 [0af1ae0f-8c30-413c-9f1e-7b09e147ac16-groupManagement] INFO  server.RaftServerConfigKeys (ConfUtils.java:logGet(46)) - raft.server.log.queue.element-limit = 1024 (custom)
2024-03-11 08:32:47,006 [0af1ae0f-8c30-413c-9f1e-7b09e147ac16-groupManagement] INFO  server.RaftServerConfigKeys (ConfUtils.java:logGet(46)) - raft.server.log.segment.size.max = 67108864 (custom)
2024-03-11 08:32:47,007 [0af1ae0f-8c30-413c-9f1e-7b09e147ac16-groupManagement] INFO  server.RaftServerConfigKeys (ConfUtils.java:logGet(46)) - raft.server.log.preallocated.size = 4194304 (custom)
2024-03-11 08:32:47,007 [0af1ae0f-8c30-413c-9f1e-7b09e147ac16-groupManagement] INFO  server.RaftServerConfigKeys (ConfUtils.java:logGet(46)) - raft.server.log.force.sync.num = 128 (default)
2024-03-11 08:32:47,007 [0af1ae0f-8c30-413c-9f1e-7b09e147ac16-groupManagement] INFO  server.RaftServerConfigKeys (ConfUtils.java:logGet(46)) - raft.server.log.statemachine.data.sync = true (default)
2024-03-11 08:32:47,007 [0af1ae0f-8c30-413c-9f1e-7b09e147ac16-groupManagement] INFO  server.RaftServerConfigKeys (ConfUtils.java:logGet(46)) - raft.server.log.statemachine.data.sync.timeout = 10s (default)
2024-03-11 08:32:47,007 [0af1ae0f-8c30-413c-9f1e-7b09e147ac16-groupManagement] INFO  server.RaftServerConfigKeys (ConfUtils.java:logGet(46)) - raft.server.log.statemachine.data.sync.timeout.retry = 0 (custom)
2024-03-11 08:32:47,007 [0af1ae0f-8c30-413c-9f1e-7b09e147ac16-groupManagement] INFO  server.RaftServerConfigKeys (ConfUtils.java:logGet(46)) - raft.server.log.write.buffer.size = 8388616 (custom)
2024-03-11 08:32:47,009 [0af1ae0f-8c30-413c-9f1e-7b09e147ac16-groupManagement] INFO  server.RaftServerConfigKeys (ConfUtils.java:logGet(46)) - raft.server.log.appender.buffer.byte-limit = 8388608 (custom)
2024-03-11 08:32:47,009 [0af1ae0f-8c30-413c-9f1e-7b09e147ac16-groupManagement] INFO  server.RaftServerConfigKeys (ConfUtils.java:logGet(46)) - raft.server.log.unsafe-flush.enabled = false (default)
2024-03-11 08:32:47,009 [0af1ae0f-8c30-413c-9f1e-7b09e147ac16-groupManagement] INFO  server.RaftServerConfigKeys (ConfUtils.java:logGet(46)) - raft.server.log.async-flush.enabled = false (default)
2024-03-11 08:32:47,009 [0af1ae0f-8c30-413c-9f1e-7b09e147ac16-groupManagement] INFO  server.RaftServerConfigKeys (ConfUtils.java:logGet(46)) - raft.server.log.statemachine.data.caching.enabled = true (custom)
2024-03-11 08:32:47,010 [0af1ae0f-8c30-413c-9f1e-7b09e147ac16-groupManagement] INFO  segmented.SegmentedRaftLogWorker (SegmentedRaftLogWorker.java:lambda$new$0(134)) - 0af1ae0f-8c30-413c-9f1e-7b09e147ac16@group-7B1BC079B734-SegmentedRaftLogWorker: flushIndex: setUnconditionally 0 -> -1
2024-03-11 08:32:47,010 [0af1ae0f-8c30-413c-9f1e-7b09e147ac16-groupManagement] INFO  segmented.SegmentedRaftLogWorker (SegmentedRaftLogWorker.java:lambda$new$0(134)) - 0af1ae0f-8c30-413c-9f1e-7b09e147ac16@group-7B1BC079B734-SegmentedRaftLogWorker: safeCacheEvictIndex: setUnconditionally 0 -> -1
2024-03-11 08:32:47,010 [0af1ae0f-8c30-413c-9f1e-7b09e147ac16-groupManagement] INFO  server.RaftServer$Division (RaftServerImpl.java:start(396)) - 0af1ae0f-8c30-413c-9f1e-7b09e147ac16@group-7B1BC079B734: start as a follower, conf=-1: peers:[d27ccdb5-db89-40cd-9d18-1f7a4f6c3e48|10.1.0.9:15151, 59c2aa1f-efee-4a31-8893-6c9c6933eb36|10.1.0.9:15169, 0af1ae0f-8c30-413c-9f1e-7b09e147ac16|10.1.0.9:15160]|listeners:[], old=null
2024-03-11 08:32:47,010 [0af1ae0f-8c30-413c-9f1e-7b09e147ac16-groupManagement] INFO  server.RaftServer$Division (RaftServerImpl.java:setRole(383)) - 0af1ae0f-8c30-413c-9f1e-7b09e147ac16@group-7B1BC079B734: changes role from      null to FOLLOWER at term 0 for startAsFollower
2024-03-11 08:32:47,010 [0af1ae0f-8c30-413c-9f1e-7b09e147ac16-groupManagement] INFO  impl.RoleInfo (RoleInfo.java:updateAndGet(139)) - 0af1ae0f-8c30-413c-9f1e-7b09e147ac16: start 0af1ae0f-8c30-413c-9f1e-7b09e147ac16@group-7B1BC079B734-FollowerState
2024-03-11 08:32:47,010 [0af1ae0f-8c30-413c-9f1e-7b09e147ac16@group-7B1BC079B734-FollowerState] INFO  server.RaftServerConfigKeys (ConfUtils.java:logFallback(53)) - raft.server.rpc.first-election.timeout.min = 5s (fallback to raft.server.rpc.timeout.min)
2024-03-11 08:32:47,010 [0af1ae0f-8c30-413c-9f1e-7b09e147ac16-groupManagement] INFO  util.JmxRegister (JmxRegister.java:tryRegister(44)) - Successfully registered JMX Bean with object name Ratis:service=RaftServer,group=group-7B1BC079B734,id=0af1ae0f-8c30-413c-9f1e-7b09e147ac16
2024-03-11 08:32:47,010 [0af1ae0f-8c30-413c-9f1e-7b09e147ac16@group-7B1BC079B734-FollowerState] INFO  server.RaftServerConfigKeys (ConfUtils.java:logFallback(53)) - raft.server.rpc.first-election.timeout.max = 5200ms (fallback to raft.server.rpc.timeout.max)
2024-03-11 08:32:47,010 [0af1ae0f-8c30-413c-9f1e-7b09e147ac16-groupManagement] INFO  server.RaftServerConfigKeys (ConfUtils.java:logGet(46)) - raft.server.snapshot.trigger-when-stop.enabled = true (default)
2024-03-11 08:32:47,010 [0af1ae0f-8c30-413c-9f1e-7b09e147ac16-groupManagement] INFO  server.RaftServerConfigKeys (ConfUtils.java:logGet(46)) - raft.server.snapshot.auto.trigger.enabled = true (custom)
2024-03-11 08:32:47,010 [0af1ae0f-8c30-413c-9f1e-7b09e147ac16-groupManagement] INFO  server.RaftServerConfigKeys (ConfUtils.java:logGet(46)) - raft.server.snapshot.auto.trigger.threshold = 10000 (custom)
2024-03-11 08:32:47,011 [0af1ae0f-8c30-413c-9f1e-7b09e147ac16-groupManagement] INFO  server.RaftServerConfigKeys (ConfUtils.java:logGet(46)) - raft.server.snapshot.retention.file.num = 5 (custom)
2024-03-11 08:32:47,011 [0af1ae0f-8c30-413c-9f1e-7b09e147ac16-groupManagement] INFO  server.RaftServerConfigKeys (ConfUtils.java:logGet(46)) - raft.server.log.purge.upto.snapshot.index = false (default)
2024-03-11 08:32:47,020 [grpc-default-executor-4] INFO  server.RaftServer (RaftServerProxy.java:addNew(100)) - 59c2aa1f-efee-4a31-8893-6c9c6933eb36: addNew group-7B1BC079B734:[d27ccdb5-db89-40cd-9d18-1f7a4f6c3e48|10.1.0.9:15151, 59c2aa1f-efee-4a31-8893-6c9c6933eb36|10.1.0.9:15169, 0af1ae0f-8c30-413c-9f1e-7b09e147ac16|10.1.0.9:15160] returns group-7B1BC079B734:java.util.concurrent.CompletableFuture@36df0e0c[Not completed]
2024-03-11 08:32:47,021 [59c2aa1f-efee-4a31-8893-6c9c6933eb36-groupManagement] INFO  server.RaftServer$Division (RaftServerImpl.java:<init>(256)) - 59c2aa1f-efee-4a31-8893-6c9c6933eb36: new RaftServerImpl for group-7B1BC079B734:[d27ccdb5-db89-40cd-9d18-1f7a4f6c3e48|10.1.0.9:15151, 59c2aa1f-efee-4a31-8893-6c9c6933eb36|10.1.0.9:15169, 0af1ae0f-8c30-413c-9f1e-7b09e147ac16|10.1.0.9:15160] with ContainerStateMachine:uninitialized
2024-03-11 08:32:47,021 [59c2aa1f-efee-4a31-8893-6c9c6933eb36-groupManagement] INFO  server.RaftServerConfigKeys (ConfUtils.java:logGet(46)) - raft.server.rpc.timeout.min = 5s (custom)
2024-03-11 08:32:47,021 [59c2aa1f-efee-4a31-8893-6c9c6933eb36-groupManagement] INFO  server.RaftServerConfigKeys (ConfUtils.java:logGet(46)) - raft.server.rpc.timeout.max = 5200ms (custom)
2024-03-11 08:32:47,021 [59c2aa1f-efee-4a31-8893-6c9c6933eb36-groupManagement] INFO  server.RaftServerConfigKeys (ConfUtils.java:logGet(46)) - raft.server.rpc.sleep.time = 25ms (default)
2024-03-11 08:32:47,021 [59c2aa1f-efee-4a31-8893-6c9c6933eb36-groupManagement] INFO  server.RaftServerConfigKeys (ConfUtils.java:logGet(46)) - raft.server.rpc.slowness.timeout = 300s (custom)
2024-03-11 08:32:47,022 [59c2aa1f-efee-4a31-8893-6c9c6933eb36-groupManagement] INFO  server.RaftServerConfigKeys (ConfUtils.java:logGet(46)) - raft.server.leaderelection.leader.step-down.wait-time = 10s (default)
2024-03-11 08:32:47,022 [59c2aa1f-efee-4a31-8893-6c9c6933eb36-groupManagement] INFO  server.RaftServerConfigKeys (ConfUtils.java:logGet(46)) - raft.server.leaderelection.member.majority-add = false (default)
2024-03-11 08:32:47,022 [59c2aa1f-efee-4a31-8893-6c9c6933eb36-groupManagement] INFO  server.RaftServerConfigKeys (ConfUtils.java:logGet(46)) - raft.server.sleep.deviation.threshold = 300ms (default)
2024-03-11 08:32:47,022 [59c2aa1f-efee-4a31-8893-6c9c6933eb36-groupManagement] INFO  server.RaftServer$Division (ServerState.java:<init>(113)) - 59c2aa1f-efee-4a31-8893-6c9c6933eb36@group-7B1BC079B734: ConfigurationManager, init=-1: peers:[d27ccdb5-db89-40cd-9d18-1f7a4f6c3e48|10.1.0.9:15151, 59c2aa1f-efee-4a31-8893-6c9c6933eb36|10.1.0.9:15169, 0af1ae0f-8c30-413c-9f1e-7b09e147ac16|10.1.0.9:15160]|listeners:[], old=null, confs=<EMPTY_MAP>
2024-03-11 08:32:47,022 [59c2aa1f-efee-4a31-8893-6c9c6933eb36-groupManagement] INFO  server.RaftServerConfigKeys (ConfUtils.java:logGet(46)) - raft.server.notification.no-leader.timeout = 300s (custom)
2024-03-11 08:32:47,022 [59c2aa1f-efee-4a31-8893-6c9c6933eb36-groupManagement] INFO  server.RaftServerConfigKeys (ConfUtils.java:logGet(46)) - raft.server.read.timeout = 10s (default)
2024-03-11 08:32:47,022 [59c2aa1f-efee-4a31-8893-6c9c6933eb36-groupManagement] INFO  server.RaftServerConfigKeys (ConfUtils.java:logGet(46)) - raft.server.retrycache.expirytime = 600000ms (custom)
2024-03-11 08:32:47,022 [59c2aa1f-efee-4a31-8893-6c9c6933eb36-groupManagement] INFO  server.RaftServerConfigKeys (ConfUtils.java:logGet(46)) - raft.server.retrycache.statistics.expirytime = 100ms (default)
2024-03-11 08:32:47,022 [59c2aa1f-efee-4a31-8893-6c9c6933eb36-groupManagement] INFO  server.RaftServerConfigKeys (ConfUtils.java:logGet(46)) - raft.server.read.option = DEFAULT (default)
2024-03-11 08:32:47,022 [59c2aa1f-efee-4a31-8893-6c9c6933eb36-groupManagement] INFO  server.RaftServerConfigKeys (ConfUtils.java:logGet(46)) - raft.server.read.read-after-write-consistent.write-index-cache.expiry-time = 60s (default)
2024-03-11 08:32:47,023 [59c2aa1f-efee-4a31-8893-6c9c6933eb36-groupManagement] INFO  server.RaftServerConfigKeys (ConfUtils.java:logGet(46)) - raft.server.rpc.request.timeout = 60s (custom)
2024-03-11 08:32:47,023 [59c2aa1f-efee-4a31-8893-6c9c6933eb36-groupManagement] INFO  server.RaftServerConfigKeys (ConfUtils.java:logGet(46)) - raft.server.log.appender.install.snapshot.enabled = false (custom)
2024-03-11 08:32:47,023 [59c2aa1f-efee-4a31-8893-6c9c6933eb36-groupManagement] INFO  server.RaftServerConfigKeys (ConfUtils.java:logGet(46)) - raft.server.threadpool.server.cached = true (default)
2024-03-11 08:32:47,023 [59c2aa1f-efee-4a31-8893-6c9c6933eb36-groupManagement] INFO  server.RaftServerConfigKeys (ConfUtils.java:logGet(46)) - raft.server.threadpool.server.size = 0 (default)
2024-03-11 08:32:47,024 [59c2aa1f-efee-4a31-8893-6c9c6933eb36-groupManagement] INFO  server.RaftServerConfigKeys (ConfUtils.java:logGet(46)) - raft.server.threadpool.client.cached = true (default)
2024-03-11 08:32:47,024 [59c2aa1f-efee-4a31-8893-6c9c6933eb36-groupManagement] INFO  server.RaftServerConfigKeys (ConfUtils.java:logGet(46)) - raft.server.threadpool.client.size = 0 (default)
2024-03-11 08:32:47,024 [59c2aa1f-efee-4a31-8893-6c9c6933eb36-groupManagement] INFO  server.RaftServerConfigKeys (ConfUtils.java:logGet(46)) - raft.server.storage.free-space.min = 0MB (=0) (default)
2024-03-11 08:32:47,024 [59c2aa1f-efee-4a31-8893-6c9c6933eb36-groupManagement] INFO  server.RaftServerConfigKeys (ConfUtils.java:logGet(46)) - raft.server.log.corruption.policy = EXCEPTION (default)
2024-03-11 08:32:47,024 [59c2aa1f-efee-4a31-8893-6c9c6933eb36-groupManagement] INFO  server.RaftServerConfigKeys (ConfUtils.java:logGet(46)) - raft.server.storage.dir = [/home/runner/work/ozone/ozone/hadoop-ozone/integration-test/target/test-dir/MiniOzoneClusterImpl-3b234497-56f6-48e5-9ae2-a9674f906486/ozone-meta/datanode-3/ratis] (custom)
2024-03-11 08:32:47,024 [59c2aa1f-efee-4a31-8893-6c9c6933eb36-groupManagement] INFO  storage.RaftStorageDirectory (RaftStorageDirectoryImpl.java:analyzeStorage(138)) - The storage directory /home/runner/work/ozone/ozone/hadoop-ozone/integration-test/target/test-dir/MiniOzoneClusterImpl-3b234497-56f6-48e5-9ae2-a9674f906486/ozone-meta/datanode-3/ratis/6e92967c-9c9f-4b16-ac8b-7b1bc079b734 does not exist. Creating ...
2024-03-11 08:32:47,025 [59c2aa1f-efee-4a31-8893-6c9c6933eb36-groupManagement] INFO  storage.RaftStorageDirectory (RaftStorageDirectoryImpl.java:tryLock(228)) - Lock on /home/runner/work/ozone/ozone/hadoop-ozone/integration-test/target/test-dir/MiniOzoneClusterImpl-3b234497-56f6-48e5-9ae2-a9674f906486/ozone-meta/datanode-3/ratis/6e92967c-9c9f-4b16-ac8b-7b1bc079b734/in_use.lock acquired by nodename 48108@fv-az1250-130
2024-03-11 08:32:47,026 [59c2aa1f-efee-4a31-8893-6c9c6933eb36-groupManagement] INFO  storage.RaftStorage (RaftStorageImpl.java:format(99)) - Storage directory /home/runner/work/ozone/ozone/hadoop-ozone/integration-test/target/test-dir/MiniOzoneClusterImpl-3b234497-56f6-48e5-9ae2-a9674f906486/ozone-meta/datanode-3/ratis/6e92967c-9c9f-4b16-ac8b-7b1bc079b734 has been successfully formatted.
2024-03-11 08:32:47,026 [59c2aa1f-efee-4a31-8893-6c9c6933eb36-groupManagement] WARN  util.FileUtils (LogUtils.java:supplyAndLog(63)) - Failed to Files.newInputStream /home/runner/work/ozone/ozone/hadoop-ozone/integration-test/target/test-dir/MiniOzoneClusterImpl-3b234497-56f6-48e5-9ae2-a9674f906486/ozone-meta/datanode-3/ratis/6e92967c-9c9f-4b16-ac8b-7b1bc079b734/current/raft-meta.conf with options []: java.nio.file.NoSuchFileException: /home/runner/work/ozone/ozone/hadoop-ozone/integration-test/target/test-dir/MiniOzoneClusterImpl-3b234497-56f6-48e5-9ae2-a9674f906486/ozone-meta/datanode-3/ratis/6e92967c-9c9f-4b16-ac8b-7b1bc079b734/current/raft-meta.conf
2024-03-11 08:32:47,027 [59c2aa1f-efee-4a31-8893-6c9c6933eb36-groupManagement] INFO  ratis.ContainerStateMachine (ContainerStateMachine.java:loadSnapshot(287)) - group-7B1BC079B734: The snapshot info is null. Setting the last applied index to:(t:0, i:~)
2024-03-11 08:32:47,027 [59c2aa1f-efee-4a31-8893-6c9c6933eb36-groupManagement] INFO  server.RaftServerConfigKeys (ConfUtils.java:logGet(46)) - raft.server.log.use.memory = false (default)
2024-03-11 08:32:47,027 [59c2aa1f-efee-4a31-8893-6c9c6933eb36-groupManagement] INFO  server.RaftServerConfigKeys (ConfUtils.java:logGet(46)) - raft.server.log.purge.gap = 1000000 (custom)
2024-03-11 08:32:47,028 [59c2aa1f-efee-4a31-8893-6c9c6933eb36-groupManagement] INFO  server.RaftServerConfigKeys (ConfUtils.java:logGet(46)) - raft.server.log.appender.buffer.byte-limit = 8388608 (custom)
2024-03-11 08:32:47,028 [59c2aa1f-efee-4a31-8893-6c9c6933eb36-groupManagement] INFO  server.RaftServerConfigKeys (ConfUtils.java:logGet(46)) - raft.server.log.statemachine.data.read.timeout = 1000ms (default)
2024-03-11 08:32:47,028 [59c2aa1f-efee-4a31-8893-6c9c6933eb36-groupManagement] INFO  server.RaftServerConfigKeys (ConfUtils.java:logGet(46)) - raft.server.log.purge.preservation.log.num = 0 (default)
2024-03-11 08:32:47,029 [59c2aa1f-efee-4a31-8893-6c9c6933eb36-groupManagement] INFO  server.RaftServerConfigKeys (ConfUtils.java:logGet(46)) - raft.server.log.segment.size.max = 67108864 (custom)
2024-03-11 08:32:47,029 [59c2aa1f-efee-4a31-8893-6c9c6933eb36-groupManagement] INFO  server.RaftServerConfigKeys (ConfUtils.java:logGet(46)) - raft.server.log.segment.cache.num.max = 2 (custom)
2024-03-11 08:32:47,029 [59c2aa1f-efee-4a31-8893-6c9c6933eb36-groupManagement] INFO  server.RaftServerConfigKeys (ConfUtils.java:logGet(46)) - raft.server.log.segment.cache.size.max = 200MB (=209715200) (default)
2024-03-11 08:32:47,029 [59c2aa1f-efee-4a31-8893-6c9c6933eb36-groupManagement] INFO  server.RaftServerConfigKeys (ConfUtils.java:logGet(46)) - raft.server.log.appender.buffer.byte-limit = 8388608 (custom)
2024-03-11 08:32:47,030 [59c2aa1f-efee-4a31-8893-6c9c6933eb36-groupManagement] INFO  util.AwaitToRun (AwaitToRun.java:start(81)) - Thread[59c2aa1f-efee-4a31-8893-6c9c6933eb36@group-7B1BC079B734-cacheEviction-AwaitToRun,5,main] started
2024-03-11 08:32:47,030 [59c2aa1f-efee-4a31-8893-6c9c6933eb36-groupManagement] INFO  segmented.SegmentedRaftLogWorker (SegmentedRaftLogWorker.java:<init>(182)) - new 59c2aa1f-efee-4a31-8893-6c9c6933eb36@group-7B1BC079B734-SegmentedRaftLogWorker for RaftStorageImpl:Storage Directory /home/runner/work/ozone/ozone/hadoop-ozone/integration-test/target/test-dir/MiniOzoneClusterImpl-3b234497-56f6-48e5-9ae2-a9674f906486/ozone-meta/datanode-3/ratis/6e92967c-9c9f-4b16-ac8b-7b1bc079b734
2024-03-11 08:32:47,030 [59c2aa1f-efee-4a31-8893-6c9c6933eb36-groupManagement] INFO  server.RaftServerConfigKeys (ConfUtils.java:logGet(46)) - raft.server.log.queue.byte-limit = 4294967296 (custom)
2024-03-11 08:32:47,030 [59c2aa1f-efee-4a31-8893-6c9c6933eb36-groupManagement] INFO  server.RaftServerConfigKeys (ConfUtils.java:logGet(46)) - raft.server.log.queue.element-limit = 1024 (custom)
2024-03-11 08:32:47,030 [59c2aa1f-efee-4a31-8893-6c9c6933eb36-groupManagement] INFO  server.RaftServerConfigKeys (ConfUtils.java:logGet(46)) - raft.server.log.segment.size.max = 67108864 (custom)
2024-03-11 08:32:47,031 [59c2aa1f-efee-4a31-8893-6c9c6933eb36-groupManagement] INFO  server.RaftServerConfigKeys (ConfUtils.java:logGet(46)) - raft.server.log.preallocated.size = 4194304 (custom)
2024-03-11 08:32:47,031 [59c2aa1f-efee-4a31-8893-6c9c6933eb36-groupManagement] INFO  server.RaftServerConfigKeys (ConfUtils.java:logGet(46)) - raft.server.log.force.sync.num = 128 (default)
2024-03-11 08:32:47,031 [59c2aa1f-efee-4a31-8893-6c9c6933eb36-groupManagement] INFO  server.RaftServerConfigKeys (ConfUtils.java:logGet(46)) - raft.server.log.statemachine.data.sync = true (default)
2024-03-11 08:32:47,031 [59c2aa1f-efee-4a31-8893-6c9c6933eb36-groupManagement] INFO  server.RaftServerConfigKeys (ConfUtils.java:logGet(46)) - raft.server.log.statemachine.data.sync.timeout = 10s (default)
2024-03-11 08:32:47,031 [59c2aa1f-efee-4a31-8893-6c9c6933eb36-groupManagement] INFO  server.RaftServerConfigKeys (ConfUtils.java:logGet(46)) - raft.server.log.statemachine.data.sync.timeout.retry = 0 (custom)
2024-03-11 08:32:47,032 [59c2aa1f-efee-4a31-8893-6c9c6933eb36-groupManagement] INFO  server.RaftServerConfigKeys (ConfUtils.java:logGet(46)) - raft.server.log.write.buffer.size = 8388616 (custom)
2024-03-11 08:32:47,033 [59c2aa1f-efee-4a31-8893-6c9c6933eb36-groupManagement] INFO  server.RaftServerConfigKeys (ConfUtils.java:logGet(46)) - raft.server.log.appender.buffer.byte-limit = 8388608 (custom)
2024-03-11 08:32:47,033 [59c2aa1f-efee-4a31-8893-6c9c6933eb36-groupManagement] INFO  server.RaftServerConfigKeys (ConfUtils.java:logGet(46)) - raft.server.log.unsafe-flush.enabled = false (default)
2024-03-11 08:32:47,033 [59c2aa1f-efee-4a31-8893-6c9c6933eb36-groupManagement] INFO  server.RaftServerConfigKeys (ConfUtils.java:logGet(46)) - raft.server.log.async-flush.enabled = false (default)
2024-03-11 08:32:47,033 [59c2aa1f-efee-4a31-8893-6c9c6933eb36-groupManagement] INFO  server.RaftServerConfigKeys (ConfUtils.java:logGet(46)) - raft.server.log.statemachine.data.caching.enabled = true (custom)
2024-03-11 08:32:47,034 [59c2aa1f-efee-4a31-8893-6c9c6933eb36-groupManagement] INFO  segmented.SegmentedRaftLogWorker (SegmentedRaftLogWorker.java:lambda$new$0(134)) - 59c2aa1f-efee-4a31-8893-6c9c6933eb36@group-7B1BC079B734-SegmentedRaftLogWorker: flushIndex: setUnconditionally 0 -> -1
2024-03-11 08:32:47,034 [59c2aa1f-efee-4a31-8893-6c9c6933eb36-groupManagement] INFO  segmented.SegmentedRaftLogWorker (SegmentedRaftLogWorker.java:lambda$new$0(134)) - 59c2aa1f-efee-4a31-8893-6c9c6933eb36@group-7B1BC079B734-SegmentedRaftLogWorker: safeCacheEvictIndex: setUnconditionally 0 -> -1
2024-03-11 08:32:47,034 [59c2aa1f-efee-4a31-8893-6c9c6933eb36-groupManagement] INFO  server.RaftServer$Division (RaftServerImpl.java:start(396)) - 59c2aa1f-efee-4a31-8893-6c9c6933eb36@group-7B1BC079B734: start as a follower, conf=-1: peers:[d27ccdb5-db89-40cd-9d18-1f7a4f6c3e48|10.1.0.9:15151, 59c2aa1f-efee-4a31-8893-6c9c6933eb36|10.1.0.9:15169, 0af1ae0f-8c30-413c-9f1e-7b09e147ac16|10.1.0.9:15160]|listeners:[], old=null
2024-03-11 08:32:47,034 [59c2aa1f-efee-4a31-8893-6c9c6933eb36-groupManagement] INFO  server.RaftServer$Division (RaftServerImpl.java:setRole(383)) - 59c2aa1f-efee-4a31-8893-6c9c6933eb36@group-7B1BC079B734: changes role from      null to FOLLOWER at term 0 for startAsFollower
2024-03-11 08:32:47,034 [59c2aa1f-efee-4a31-8893-6c9c6933eb36-groupManagement] INFO  impl.RoleInfo (RoleInfo.java:updateAndGet(139)) - 59c2aa1f-efee-4a31-8893-6c9c6933eb36: start 59c2aa1f-efee-4a31-8893-6c9c6933eb36@group-7B1BC079B734-FollowerState
2024-03-11 08:32:47,034 [59c2aa1f-efee-4a31-8893-6c9c6933eb36@group-7B1BC079B734-FollowerState] INFO  server.RaftServerConfigKeys (ConfUtils.java:logFallback(53)) - raft.server.rpc.first-election.timeout.min = 5s (fallback to raft.server.rpc.timeout.min)
2024-03-11 08:32:47,034 [59c2aa1f-efee-4a31-8893-6c9c6933eb36-groupManagement] INFO  util.JmxRegister (JmxRegister.java:tryRegister(44)) - Successfully registered JMX Bean with object name Ratis:service=RaftServer,group=group-7B1BC079B734,id=59c2aa1f-efee-4a31-8893-6c9c6933eb36
2024-03-11 08:32:47,034 [59c2aa1f-efee-4a31-8893-6c9c6933eb36@group-7B1BC079B734-FollowerState] INFO  server.RaftServerConfigKeys (ConfUtils.java:logFallback(53)) - raft.server.rpc.first-election.timeout.max = 5200ms (fallback to raft.server.rpc.timeout.max)
2024-03-11 08:32:47,035 [59c2aa1f-efee-4a31-8893-6c9c6933eb36-groupManagement] INFO  server.RaftServerConfigKeys (ConfUtils.java:logGet(46)) - raft.server.snapshot.trigger-when-stop.enabled = true (default)
2024-03-11 08:32:47,035 [59c2aa1f-efee-4a31-8893-6c9c6933eb36-groupManagement] INFO  server.RaftServerConfigKeys (ConfUtils.java:logGet(46)) - raft.server.snapshot.auto.trigger.enabled = true (custom)
2024-03-11 08:32:47,035 [59c2aa1f-efee-4a31-8893-6c9c6933eb36-groupManagement] INFO  server.RaftServerConfigKeys (ConfUtils.java:logGet(46)) - raft.server.snapshot.auto.trigger.threshold = 10000 (custom)
2024-03-11 08:32:47,035 [59c2aa1f-efee-4a31-8893-6c9c6933eb36-groupManagement] INFO  server.RaftServerConfigKeys (ConfUtils.java:logGet(46)) - raft.server.snapshot.retention.file.num = 5 (custom)
2024-03-11 08:32:47,035 [59c2aa1f-efee-4a31-8893-6c9c6933eb36-groupManagement] INFO  server.RaftServerConfigKeys (ConfUtils.java:logGet(46)) - raft.server.log.purge.upto.snapshot.index = false (default)
2024-03-11 08:32:47,039 [d27ccdb5-db89-40cd-9d18-1f7a4f6c3e48-PipelineCommandHandlerThread-0] INFO  commandhandler.CreatePipelineCommandHandler (CreatePipelineCommandHandler.java:lambda$handle$2(124)) - Created Pipeline RATIS THREE PipelineID=6e92967c-9c9f-4b16-ac8b-7b1bc079b734.
2024-03-11 08:32:47,039 [d27ccdb5-db89-40cd-9d18-1f7a4f6c3e48-PipelineCommandHandlerThread-0] INFO  server.RaftServer (RaftServerProxy.java:addNew(100)) - d27ccdb5-db89-40cd-9d18-1f7a4f6c3e48: addNew group-0A7977EA53A3:[d27ccdb5-db89-40cd-9d18-1f7a4f6c3e48|10.1.0.9:15151, 59c2aa1f-efee-4a31-8893-6c9c6933eb36|10.1.0.9:15169, 0af1ae0f-8c30-413c-9f1e-7b09e147ac16|10.1.0.9:15160] returns group-0A7977EA53A3:java.util.concurrent.CompletableFuture@76cc1fe6[Not completed]
2024-03-11 08:32:47,040 [d27ccdb5-db89-40cd-9d18-1f7a4f6c3e48-groupManagement] INFO  server.RaftServer$Division (RaftServerImpl.java:<init>(256)) - d27ccdb5-db89-40cd-9d18-1f7a4f6c3e48: new RaftServerImpl for group-0A7977EA53A3:[d27ccdb5-db89-40cd-9d18-1f7a4f6c3e48|10.1.0.9:15151, 59c2aa1f-efee-4a31-8893-6c9c6933eb36|10.1.0.9:15169, 0af1ae0f-8c30-413c-9f1e-7b09e147ac16|10.1.0.9:15160] with ContainerStateMachine:uninitialized
2024-03-11 08:32:47,040 [d27ccdb5-db89-40cd-9d18-1f7a4f6c3e48-groupManagement] INFO  server.RaftServerConfigKeys (ConfUtils.java:logGet(46)) - raft.server.rpc.timeout.min = 5s (custom)
2024-03-11 08:32:47,040 [d27ccdb5-db89-40cd-9d18-1f7a4f6c3e48-groupManagement] INFO  server.RaftServerConfigKeys (ConfUtils.java:logGet(46)) - raft.server.rpc.timeout.max = 5200ms (custom)
2024-03-11 08:32:47,040 [d27ccdb5-db89-40cd-9d18-1f7a4f6c3e48-groupManagement] INFO  server.RaftServerConfigKeys (ConfUtils.java:logGet(46)) - raft.server.rpc.sleep.time = 25ms (default)
2024-03-11 08:32:47,040 [d27ccdb5-db89-40cd-9d18-1f7a4f6c3e48-groupManagement] INFO  server.RaftServerConfigKeys (ConfUtils.java:logGet(46)) - raft.server.rpc.slowness.timeout = 300s (custom)
2024-03-11 08:32:47,040 [d27ccdb5-db89-40cd-9d18-1f7a4f6c3e48-groupManagement] INFO  server.RaftServerConfigKeys (ConfUtils.java:logGet(46)) - raft.server.leaderelection.leader.step-down.wait-time = 10s (default)
2024-03-11 08:32:47,040 [d27ccdb5-db89-40cd-9d18-1f7a4f6c3e48-groupManagement] INFO  server.RaftServerConfigKeys (ConfUtils.java:logGet(46)) - raft.server.leaderelection.member.majority-add = false (default)
2024-03-11 08:32:47,040 [d27ccdb5-db89-40cd-9d18-1f7a4f6c3e48-groupManagement] INFO  server.RaftServerConfigKeys (ConfUtils.java:logGet(46)) - raft.server.sleep.deviation.threshold = 300ms (default)
2024-03-11 08:32:47,040 [d27ccdb5-db89-40cd-9d18-1f7a4f6c3e48-groupManagement] INFO  server.RaftServer$Division (ServerState.java:<init>(113)) - d27ccdb5-db89-40cd-9d18-1f7a4f6c3e48@group-0A7977EA53A3: ConfigurationManager, init=-1: peers:[d27ccdb5-db89-40cd-9d18-1f7a4f6c3e48|10.1.0.9:15151, 59c2aa1f-efee-4a31-8893-6c9c6933eb36|10.1.0.9:15169, 0af1ae0f-8c30-413c-9f1e-7b09e147ac16|10.1.0.9:15160]|listeners:[], old=null, confs=<EMPTY_MAP>
2024-03-11 08:32:47,040 [d27ccdb5-db89-40cd-9d18-1f7a4f6c3e48-groupManagement] INFO  server.RaftServerConfigKeys (ConfUtils.java:logGet(46)) - raft.server.notification.no-leader.timeout = 300s (custom)
2024-03-11 08:32:47,040 [d27ccdb5-db89-40cd-9d18-1f7a4f6c3e48-groupManagement] INFO  server.RaftServerConfigKeys (ConfUtils.java:logGet(46)) - raft.server.read.timeout = 10s (default)
2024-03-11 08:32:47,041 [d27ccdb5-db89-40cd-9d18-1f7a4f6c3e48-groupManagement] INFO  server.RaftServerConfigKeys (ConfUtils.java:logGet(46)) - raft.server.retrycache.expirytime = 600000ms (custom)
2024-03-11 08:32:47,041 [d27ccdb5-db89-40cd-9d18-1f7a4f6c3e48-groupManagement] INFO  server.RaftServerConfigKeys (ConfUtils.java:logGet(46)) - raft.server.retrycache.statistics.expirytime = 100ms (default)
2024-03-11 08:32:47,041 [d27ccdb5-db89-40cd-9d18-1f7a4f6c3e48-groupManagement] INFO  server.RaftServerConfigKeys (ConfUtils.java:logGet(46)) - raft.server.read.option = DEFAULT (default)
2024-03-11 08:32:47,041 [d27ccdb5-db89-40cd-9d18-1f7a4f6c3e48-groupManagement] INFO  server.RaftServerConfigKeys (ConfUtils.java:logGet(46)) - raft.server.read.read-after-write-consistent.write-index-cache.expiry-time = 60s (default)
2024-03-11 08:32:47,042 [d27ccdb5-db89-40cd-9d18-1f7a4f6c3e48-groupManagement] INFO  server.RaftServerConfigKeys (ConfUtils.java:logGet(46)) - raft.server.rpc.request.timeout = 60s (custom)
2024-03-11 08:32:47,042 [d27ccdb5-db89-40cd-9d18-1f7a4f6c3e48-groupManagement] INFO  server.RaftServerConfigKeys (ConfUtils.java:logGet(46)) - raft.server.log.appender.install.snapshot.enabled = false (custom)
2024-03-11 08:32:47,042 [d27ccdb5-db89-40cd-9d18-1f7a4f6c3e48-groupManagement] INFO  server.RaftServerConfigKeys (ConfUtils.java:logGet(46)) - raft.server.threadpool.server.cached = true (default)
2024-03-11 08:32:47,042 [d27ccdb5-db89-40cd-9d18-1f7a4f6c3e48-groupManagement] INFO  server.RaftServerConfigKeys (ConfUtils.java:logGet(46)) - raft.server.threadpool.server.size = 0 (default)
2024-03-11 08:32:47,042 [d27ccdb5-db89-40cd-9d18-1f7a4f6c3e48-groupManagement] INFO  server.RaftServerConfigKeys (ConfUtils.java:logGet(46)) - raft.server.threadpool.client.cached = true (default)
2024-03-11 08:32:47,042 [d27ccdb5-db89-40cd-9d18-1f7a4f6c3e48-groupManagement] INFO  server.RaftServerConfigKeys (ConfUtils.java:logGet(46)) - raft.server.threadpool.client.size = 0 (default)
2024-03-11 08:32:47,042 [d27ccdb5-db89-40cd-9d18-1f7a4f6c3e48-groupManagement] INFO  server.RaftServerConfigKeys (ConfUtils.java:logGet(46)) - raft.server.storage.free-space.min = 0MB (=0) (default)
2024-03-11 08:32:47,042 [d27ccdb5-db89-40cd-9d18-1f7a4f6c3e48-groupManagement] INFO  server.RaftServerConfigKeys (ConfUtils.java:logGet(46)) - raft.server.log.corruption.policy = EXCEPTION (default)
2024-03-11 08:32:47,042 [d27ccdb5-db89-40cd-9d18-1f7a4f6c3e48-groupManagement] INFO  server.RaftServerConfigKeys (ConfUtils.java:logGet(46)) - raft.server.storage.dir = [/home/runner/work/ozone/ozone/hadoop-ozone/integration-test/target/test-dir/MiniOzoneClusterImpl-3b234497-56f6-48e5-9ae2-a9674f906486/ozone-meta/datanode-1/ratis] (custom)
2024-03-11 08:32:47,043 [d27ccdb5-db89-40cd-9d18-1f7a4f6c3e48-groupManagement] INFO  storage.RaftStorageDirectory (RaftStorageDirectoryImpl.java:analyzeStorage(138)) - The storage directory /home/runner/work/ozone/ozone/hadoop-ozone/integration-test/target/test-dir/MiniOzoneClusterImpl-3b234497-56f6-48e5-9ae2-a9674f906486/ozone-meta/datanode-1/ratis/27481ff0-76c3-4e4a-bfdd-0a7977ea53a3 does not exist. Creating ...
2024-03-11 08:32:47,046 [d27ccdb5-db89-40cd-9d18-1f7a4f6c3e48-groupManagement] INFO  storage.RaftStorageDirectory (RaftStorageDirectoryImpl.java:tryLock(228)) - Lock on /home/runner/work/ozone/ozone/hadoop-ozone/integration-test/target/test-dir/MiniOzoneClusterImpl-3b234497-56f6-48e5-9ae2-a9674f906486/ozone-meta/datanode-1/ratis/27481ff0-76c3-4e4a-bfdd-0a7977ea53a3/in_use.lock acquired by nodename 48108@fv-az1250-130
2024-03-11 08:32:47,046 [d27ccdb5-db89-40cd-9d18-1f7a4f6c3e48-groupManagement] INFO  storage.RaftStorage (RaftStorageImpl.java:format(99)) - Storage directory /home/runner/work/ozone/ozone/hadoop-ozone/integration-test/target/test-dir/MiniOzoneClusterImpl-3b234497-56f6-48e5-9ae2-a9674f906486/ozone-meta/datanode-1/ratis/27481ff0-76c3-4e4a-bfdd-0a7977ea53a3 has been successfully formatted.
2024-03-11 08:32:47,047 [d27ccdb5-db89-40cd-9d18-1f7a4f6c3e48-groupManagement] WARN  util.FileUtils (LogUtils.java:supplyAndLog(63)) - Failed to Files.newInputStream /home/runner/work/ozone/ozone/hadoop-ozone/integration-test/target/test-dir/MiniOzoneClusterImpl-3b234497-56f6-48e5-9ae2-a9674f906486/ozone-meta/datanode-1/ratis/27481ff0-76c3-4e4a-bfdd-0a7977ea53a3/current/raft-meta.conf with options []: java.nio.file.NoSuchFileException: /home/runner/work/ozone/ozone/hadoop-ozone/integration-test/target/test-dir/MiniOzoneClusterImpl-3b234497-56f6-48e5-9ae2-a9674f906486/ozone-meta/datanode-1/ratis/27481ff0-76c3-4e4a-bfdd-0a7977ea53a3/current/raft-meta.conf
2024-03-11 08:32:47,047 [d27ccdb5-db89-40cd-9d18-1f7a4f6c3e48-groupManagement] INFO  ratis.ContainerStateMachine (ContainerStateMachine.java:loadSnapshot(287)) - group-0A7977EA53A3: The snapshot info is null. Setting the last applied index to:(t:0, i:~)
2024-03-11 08:32:47,047 [d27ccdb5-db89-40cd-9d18-1f7a4f6c3e48-groupManagement] INFO  server.RaftServerConfigKeys (ConfUtils.java:logGet(46)) - raft.server.log.use.memory = false (default)
2024-03-11 08:32:47,047 [d27ccdb5-db89-40cd-9d18-1f7a4f6c3e48-groupManagement] INFO  server.RaftServerConfigKeys (ConfUtils.java:logGet(46)) - raft.server.log.purge.gap = 1000000 (custom)
2024-03-11 08:32:47,047 [d27ccdb5-db89-40cd-9d18-1f7a4f6c3e48-groupManagement] INFO  server.RaftServerConfigKeys (ConfUtils.java:logGet(46)) - raft.server.log.appender.buffer.byte-limit = 8388608 (custom)
2024-03-11 08:32:47,047 [d27ccdb5-db89-40cd-9d18-1f7a4f6c3e48-groupManagement] INFO  server.RaftServerConfigKeys (ConfUtils.java:logGet(46)) - raft.server.log.statemachine.data.read.timeout = 1000ms (default)
2024-03-11 08:32:47,048 [EventQueue-OpenPipelineForHealthyPipelineSafeModeRule] INFO  safemode.SCMSafeModeManager (HealthyPipelineSafeModeRule.java:process(140)) - SCM in safe mode. Healthy pipelines reported count is 0, required healthy pipeline reported count is 1
2024-03-11 08:32:47,048 [d27ccdb5-db89-40cd-9d18-1f7a4f6c3e48-groupManagement] INFO  server.RaftServerConfigKeys (ConfUtils.java:logGet(46)) - raft.server.log.purge.preservation.log.num = 0 (default)
2024-03-11 08:32:47,048 [d27ccdb5-db89-40cd-9d18-1f7a4f6c3e48-groupManagement] INFO  server.RaftServerConfigKeys (ConfUtils.java:logGet(46)) - raft.server.log.segment.size.max = 67108864 (custom)
2024-03-11 08:32:47,049 [d27ccdb5-db89-40cd-9d18-1f7a4f6c3e48-groupManagement] INFO  server.RaftServerConfigKeys (ConfUtils.java:logGet(46)) - raft.server.log.segment.cache.num.max = 2 (custom)
2024-03-11 08:32:47,049 [d27ccdb5-db89-40cd-9d18-1f7a4f6c3e48-groupManagement] INFO  server.RaftServerConfigKeys (ConfUtils.java:logGet(46)) - raft.server.log.segment.cache.size.max = 200MB (=209715200) (default)
2024-03-11 08:32:47,049 [d27ccdb5-db89-40cd-9d18-1f7a4f6c3e48-groupManagement] INFO  server.RaftServerConfigKeys (ConfUtils.java:logGet(46)) - raft.server.log.appender.buffer.byte-limit = 8388608 (custom)
2024-03-11 08:32:47,049 [d27ccdb5-db89-40cd-9d18-1f7a4f6c3e48-groupManagement] INFO  util.AwaitToRun (AwaitToRun.java:start(81)) - Thread[d27ccdb5-db89-40cd-9d18-1f7a4f6c3e48@group-0A7977EA53A3-cacheEviction-AwaitToRun,5,main] started
2024-03-11 08:32:47,049 [d27ccdb5-db89-40cd-9d18-1f7a4f6c3e48-groupManagement] INFO  segmented.SegmentedRaftLogWorker (SegmentedRaftLogWorker.java:<init>(182)) - new d27ccdb5-db89-40cd-9d18-1f7a4f6c3e48@group-0A7977EA53A3-SegmentedRaftLogWorker for RaftStorageImpl:Storage Directory /home/runner/work/ozone/ozone/hadoop-ozone/integration-test/target/test-dir/MiniOzoneClusterImpl-3b234497-56f6-48e5-9ae2-a9674f906486/ozone-meta/datanode-1/ratis/27481ff0-76c3-4e4a-bfdd-0a7977ea53a3
2024-03-11 08:32:47,049 [d27ccdb5-db89-40cd-9d18-1f7a4f6c3e48-groupManagement] INFO  server.RaftServerConfigKeys (ConfUtils.java:logGet(46)) - raft.server.log.queue.byte-limit = 4294967296 (custom)
2024-03-11 08:32:47,049 [d27ccdb5-db89-40cd-9d18-1f7a4f6c3e48-groupManagement] INFO  server.RaftServerConfigKeys (ConfUtils.java:logGet(46)) - raft.server.log.queue.element-limit = 1024 (custom)
2024-03-11 08:32:47,049 [d27ccdb5-db89-40cd-9d18-1f7a4f6c3e48-groupManagement] INFO  server.RaftServerConfigKeys (ConfUtils.java:logGet(46)) - raft.server.log.segment.size.max = 67108864 (custom)
2024-03-11 08:32:47,049 [d27ccdb5-db89-40cd-9d18-1f7a4f6c3e48-groupManagement] INFO  server.RaftServerConfigKeys (ConfUtils.java:logGet(46)) - raft.server.log.preallocated.size = 4194304 (custom)
2024-03-11 08:32:47,050 [d27ccdb5-db89-40cd-9d18-1f7a4f6c3e48-groupManagement] INFO  server.RaftServerConfigKeys (ConfUtils.java:logGet(46)) - raft.server.log.force.sync.num = 128 (default)
2024-03-11 08:32:47,050 [d27ccdb5-db89-40cd-9d18-1f7a4f6c3e48-groupManagement] INFO  server.RaftServerConfigKeys (ConfUtils.java:logGet(46)) - raft.server.log.statemachine.data.sync = true (default)
2024-03-11 08:32:47,050 [d27ccdb5-db89-40cd-9d18-1f7a4f6c3e48-groupManagement] INFO  server.RaftServerConfigKeys (ConfUtils.java:logGet(46)) - raft.server.log.statemachine.data.sync.timeout = 10s (default)
2024-03-11 08:32:47,050 [d27ccdb5-db89-40cd-9d18-1f7a4f6c3e48-groupManagement] INFO  server.RaftServerConfigKeys (ConfUtils.java:logGet(46)) - raft.server.log.statemachine.data.sync.timeout.retry = 0 (custom)
2024-03-11 08:32:47,050 [d27ccdb5-db89-40cd-9d18-1f7a4f6c3e48-groupManagement] INFO  server.RaftServerConfigKeys (ConfUtils.java:logGet(46)) - raft.server.log.write.buffer.size = 8388616 (custom)
2024-03-11 08:32:47,051 [d27ccdb5-db89-40cd-9d18-1f7a4f6c3e48-groupManagement] INFO  server.RaftServerConfigKeys (ConfUtils.java:logGet(46)) - raft.server.log.appender.buffer.byte-limit = 8388608 (custom)
2024-03-11 08:32:47,051 [d27ccdb5-db89-40cd-9d18-1f7a4f6c3e48-groupManagement] INFO  server.RaftServerConfigKeys (ConfUtils.java:logGet(46)) - raft.server.log.unsafe-flush.enabled = false (default)
2024-03-11 08:32:47,051 [d27ccdb5-db89-40cd-9d18-1f7a4f6c3e48-groupManagement] INFO  server.RaftServerConfigKeys (ConfUtils.java:logGet(46)) - raft.server.log.async-flush.enabled = false (default)
2024-03-11 08:32:47,052 [d27ccdb5-db89-40cd-9d18-1f7a4f6c3e48-groupManagement] INFO  server.RaftServerConfigKeys (ConfUtils.java:logGet(46)) - raft.server.log.statemachine.data.caching.enabled = true (custom)
2024-03-11 08:32:47,052 [d27ccdb5-db89-40cd-9d18-1f7a4f6c3e48-groupManagement] INFO  segmented.SegmentedRaftLogWorker (SegmentedRaftLogWorker.java:lambda$new$0(134)) - d27ccdb5-db89-40cd-9d18-1f7a4f6c3e48@group-0A7977EA53A3-SegmentedRaftLogWorker: flushIndex: setUnconditionally 0 -> -1
2024-03-11 08:32:47,052 [d27ccdb5-db89-40cd-9d18-1f7a4f6c3e48-groupManagement] INFO  segmented.SegmentedRaftLogWorker (SegmentedRaftLogWorker.java:lambda$new$0(134)) - d27ccdb5-db89-40cd-9d18-1f7a4f6c3e48@group-0A7977EA53A3-SegmentedRaftLogWorker: safeCacheEvictIndex: setUnconditionally 0 -> -1
2024-03-11 08:32:47,052 [d27ccdb5-db89-40cd-9d18-1f7a4f6c3e48-groupManagement] INFO  server.RaftServer$Division (RaftServerImpl.java:start(396)) - d27ccdb5-db89-40cd-9d18-1f7a4f6c3e48@group-0A7977EA53A3: start as a follower, conf=-1: peers:[d27ccdb5-db89-40cd-9d18-1f7a4f6c3e48|10.1.0.9:15151, 59c2aa1f-efee-4a31-8893-6c9c6933eb36|10.1.0.9:15169, 0af1ae0f-8c30-413c-9f1e-7b09e147ac16|10.1.0.9:15160]|listeners:[], old=null
2024-03-11 08:32:47,052 [d27ccdb5-db89-40cd-9d18-1f7a4f6c3e48-groupManagement] INFO  server.RaftServer$Division (RaftServerImpl.java:setRole(383)) - d27ccdb5-db89-40cd-9d18-1f7a4f6c3e48@group-0A7977EA53A3: changes role from      null to FOLLOWER at term 0 for startAsFollower
2024-03-11 08:32:47,052 [d27ccdb5-db89-40cd-9d18-1f7a4f6c3e48-groupManagement] INFO  impl.RoleInfo (RoleInfo.java:updateAndGet(139)) - d27ccdb5-db89-40cd-9d18-1f7a4f6c3e48: start d27ccdb5-db89-40cd-9d18-1f7a4f6c3e48@group-0A7977EA53A3-FollowerState
2024-03-11 08:32:47,052 [d27ccdb5-db89-40cd-9d18-1f7a4f6c3e48@group-0A7977EA53A3-FollowerState] INFO  server.RaftServerConfigKeys (ConfUtils.java:logFallback(53)) - raft.server.rpc.first-election.timeout.min = 5s (fallback to raft.server.rpc.timeout.min)
2024-03-11 08:32:47,052 [d27ccdb5-db89-40cd-9d18-1f7a4f6c3e48-groupManagement] INFO  util.JmxRegister (JmxRegister.java:tryRegister(44)) - Successfully registered JMX Bean with object name Ratis:service=RaftServer,group=group-0A7977EA53A3,id=d27ccdb5-db89-40cd-9d18-1f7a4f6c3e48
2024-03-11 08:32:47,052 [d27ccdb5-db89-40cd-9d18-1f7a4f6c3e48@group-0A7977EA53A3-FollowerState] INFO  server.RaftServerConfigKeys (ConfUtils.java:logFallback(53)) - raft.server.rpc.first-election.timeout.max = 5200ms (fallback to raft.server.rpc.timeout.max)
2024-03-11 08:32:47,052 [d27ccdb5-db89-40cd-9d18-1f7a4f6c3e48-groupManagement] INFO  server.RaftServerConfigKeys (ConfUtils.java:logGet(46)) - raft.server.snapshot.trigger-when-stop.enabled = true (default)
2024-03-11 08:32:47,053 [d27ccdb5-db89-40cd-9d18-1f7a4f6c3e48-groupManagement] INFO  server.RaftServerConfigKeys (ConfUtils.java:logGet(46)) - raft.server.snapshot.auto.trigger.enabled = true (custom)
2024-03-11 08:32:47,053 [d27ccdb5-db89-40cd-9d18-1f7a4f6c3e48-groupManagement] INFO  server.RaftServerConfigKeys (ConfUtils.java:logGet(46)) - raft.server.snapshot.auto.trigger.threshold = 10000 (custom)
2024-03-11 08:32:47,053 [d27ccdb5-db89-40cd-9d18-1f7a4f6c3e48-groupManagement] INFO  server.RaftServerConfigKeys (ConfUtils.java:logGet(46)) - raft.server.snapshot.retention.file.num = 5 (custom)
2024-03-11 08:32:47,053 [d27ccdb5-db89-40cd-9d18-1f7a4f6c3e48-groupManagement] INFO  server.RaftServerConfigKeys (ConfUtils.java:logGet(46)) - raft.server.log.purge.upto.snapshot.index = false (default)
2024-03-11 08:32:47,053 [d27ccdb5-db89-40cd-9d18-1f7a4f6c3e48-PipelineCommandHandlerThread-0] INFO  ratis.XceiverServerRatis (XceiverServerRatis.java:addGroup(864)) - Created group PipelineID=27481ff0-76c3-4e4a-bfdd-0a7977ea53a3
2024-03-11 08:32:47,062 [grpc-default-executor-4] INFO  server.RaftServer (RaftServerProxy.java:addNew(100)) - 59c2aa1f-efee-4a31-8893-6c9c6933eb36: addNew group-0A7977EA53A3:[d27ccdb5-db89-40cd-9d18-1f7a4f6c3e48|10.1.0.9:15151, 59c2aa1f-efee-4a31-8893-6c9c6933eb36|10.1.0.9:15169, 0af1ae0f-8c30-413c-9f1e-7b09e147ac16|10.1.0.9:15160] returns group-0A7977EA53A3:java.util.concurrent.CompletableFuture@3ae929d8[Not completed]
2024-03-11 08:32:47,063 [59c2aa1f-efee-4a31-8893-6c9c6933eb36-groupManagement] INFO  server.RaftServer$Division (RaftServerImpl.java:<init>(256)) - 59c2aa1f-efee-4a31-8893-6c9c6933eb36: new RaftServerImpl for group-0A7977EA53A3:[d27ccdb5-db89-40cd-9d18-1f7a4f6c3e48|10.1.0.9:15151, 59c2aa1f-efee-4a31-8893-6c9c6933eb36|10.1.0.9:15169, 0af1ae0f-8c30-413c-9f1e-7b09e147ac16|10.1.0.9:15160] with ContainerStateMachine:uninitialized
2024-03-11 08:32:47,063 [59c2aa1f-efee-4a31-8893-6c9c6933eb36-groupManagement] INFO  server.RaftServerConfigKeys (ConfUtils.java:logGet(46)) - raft.server.rpc.timeout.min = 5s (custom)
2024-03-11 08:32:47,063 [59c2aa1f-efee-4a31-8893-6c9c6933eb36-groupManagement] INFO  server.RaftServerConfigKeys (ConfUtils.java:logGet(46)) - raft.server.rpc.timeout.max = 5200ms (custom)
2024-03-11 08:32:47,063 [59c2aa1f-efee-4a31-8893-6c9c6933eb36-groupManagement] INFO  server.RaftServerConfigKeys (ConfUtils.java:logGet(46)) - raft.server.rpc.sleep.time = 25ms (default)
2024-03-11 08:32:47,063 [59c2aa1f-efee-4a31-8893-6c9c6933eb36-groupManagement] INFO  server.RaftServerConfigKeys (ConfUtils.java:logGet(46)) - raft.server.rpc.slowness.timeout = 300s (custom)
2024-03-11 08:32:47,063 [59c2aa1f-efee-4a31-8893-6c9c6933eb36-groupManagement] INFO  server.RaftServerConfigKeys (ConfUtils.java:logGet(46)) - raft.server.leaderelection.leader.step-down.wait-time = 10s (default)
2024-03-11 08:32:47,063 [59c2aa1f-efee-4a31-8893-6c9c6933eb36-groupManagement] INFO  server.RaftServerConfigKeys (ConfUtils.java:logGet(46)) - raft.server.leaderelection.member.majority-add = false (default)
2024-03-11 08:32:47,063 [59c2aa1f-efee-4a31-8893-6c9c6933eb36-groupManagement] INFO  server.RaftServerConfigKeys (ConfUtils.java:logGet(46)) - raft.server.sleep.deviation.threshold = 300ms (default)
2024-03-11 08:32:47,063 [59c2aa1f-efee-4a31-8893-6c9c6933eb36-groupManagement] INFO  server.RaftServer$Division (ServerState.java:<init>(113)) - 59c2aa1f-efee-4a31-8893-6c9c6933eb36@group-0A7977EA53A3: ConfigurationManager, init=-1: peers:[d27ccdb5-db89-40cd-9d18-1f7a4f6c3e48|10.1.0.9:15151, 59c2aa1f-efee-4a31-8893-6c9c6933eb36|10.1.0.9:15169, 0af1ae0f-8c30-413c-9f1e-7b09e147ac16|10.1.0.9:15160]|listeners:[], old=null, confs=<EMPTY_MAP>
2024-03-11 08:32:47,063 [59c2aa1f-efee-4a31-8893-6c9c6933eb36-groupManagement] INFO  server.RaftServerConfigKeys (ConfUtils.java:logGet(46)) - raft.server.notification.no-leader.timeout = 300s (custom)
2024-03-11 08:32:47,063 [59c2aa1f-efee-4a31-8893-6c9c6933eb36-groupManagement] INFO  server.RaftServerConfigKeys (ConfUtils.java:logGet(46)) - raft.server.read.timeout = 10s (default)
2024-03-11 08:32:47,063 [59c2aa1f-efee-4a31-8893-6c9c6933eb36-groupManagement] INFO  server.RaftServerConfigKeys (ConfUtils.java:logGet(46)) - raft.server.retrycache.expirytime = 600000ms (custom)
2024-03-11 08:32:47,064 [59c2aa1f-efee-4a31-8893-6c9c6933eb36-groupManagement] INFO  server.RaftServerConfigKeys (ConfUtils.java:logGet(46)) - raft.server.retrycache.statistics.expirytime = 100ms (default)
2024-03-11 08:32:47,064 [59c2aa1f-efee-4a31-8893-6c9c6933eb36-groupManagement] INFO  server.RaftServerConfigKeys (ConfUtils.java:logGet(46)) - raft.server.read.option = DEFAULT (default)
2024-03-11 08:32:47,064 [59c2aa1f-efee-4a31-8893-6c9c6933eb36-groupManagement] INFO  server.RaftServerConfigKeys (ConfUtils.java:logGet(46)) - raft.server.read.read-after-write-consistent.write-index-cache.expiry-time = 60s (default)
2024-03-11 08:32:47,066 [59c2aa1f-efee-4a31-8893-6c9c6933eb36-groupManagement] INFO  server.RaftServerConfigKeys (ConfUtils.java:logGet(46)) - raft.server.rpc.request.timeout = 60s (custom)
2024-03-11 08:32:47,066 [59c2aa1f-efee-4a31-8893-6c9c6933eb36-groupManagement] INFO  server.RaftServerConfigKeys (ConfUtils.java:logGet(46)) - raft.server.log.appender.install.snapshot.enabled = false (custom)
2024-03-11 08:32:47,066 [59c2aa1f-efee-4a31-8893-6c9c6933eb36-groupManagement] INFO  server.RaftServerConfigKeys (ConfUtils.java:logGet(46)) - raft.server.threadpool.server.cached = true (default)
2024-03-11 08:32:47,066 [59c2aa1f-efee-4a31-8893-6c9c6933eb36-groupManagement] INFO  server.RaftServerConfigKeys (ConfUtils.java:logGet(46)) - raft.server.threadpool.server.size = 0 (default)
2024-03-11 08:32:47,066 [59c2aa1f-efee-4a31-8893-6c9c6933eb36-groupManagement] INFO  server.RaftServerConfigKeys (ConfUtils.java:logGet(46)) - raft.server.threadpool.client.cached = true (default)
2024-03-11 08:32:47,066 [59c2aa1f-efee-4a31-8893-6c9c6933eb36-groupManagement] INFO  server.RaftServerConfigKeys (ConfUtils.java:logGet(46)) - raft.server.threadpool.client.size = 0 (default)
2024-03-11 08:32:47,066 [59c2aa1f-efee-4a31-8893-6c9c6933eb36-groupManagement] INFO  server.RaftServerConfigKeys (ConfUtils.java:logGet(46)) - raft.server.storage.free-space.min = 0MB (=0) (default)
2024-03-11 08:32:47,066 [59c2aa1f-efee-4a31-8893-6c9c6933eb36-groupManagement] INFO  server.RaftServerConfigKeys (ConfUtils.java:logGet(46)) - raft.server.log.corruption.policy = EXCEPTION (default)
2024-03-11 08:32:47,067 [59c2aa1f-efee-4a31-8893-6c9c6933eb36-groupManagement] INFO  server.RaftServerConfigKeys (ConfUtils.java:logGet(46)) - raft.server.storage.dir = [/home/runner/work/ozone/ozone/hadoop-ozone/integration-test/target/test-dir/MiniOzoneClusterImpl-3b234497-56f6-48e5-9ae2-a9674f906486/ozone-meta/datanode-3/ratis] (custom)
2024-03-11 08:32:47,067 [59c2aa1f-efee-4a31-8893-6c9c6933eb36-groupManagement] INFO  storage.RaftStorageDirectory (RaftStorageDirectoryImpl.java:analyzeStorage(138)) - The storage directory /home/runner/work/ozone/ozone/hadoop-ozone/integration-test/target/test-dir/MiniOzoneClusterImpl-3b234497-56f6-48e5-9ae2-a9674f906486/ozone-meta/datanode-3/ratis/27481ff0-76c3-4e4a-bfdd-0a7977ea53a3 does not exist. Creating ...
2024-03-11 08:32:47,068 [59c2aa1f-efee-4a31-8893-6c9c6933eb36-groupManagement] INFO  storage.RaftStorageDirectory (RaftStorageDirectoryImpl.java:tryLock(228)) - Lock on /home/runner/work/ozone/ozone/hadoop-ozone/integration-test/target/test-dir/MiniOzoneClusterImpl-3b234497-56f6-48e5-9ae2-a9674f906486/ozone-meta/datanode-3/ratis/27481ff0-76c3-4e4a-bfdd-0a7977ea53a3/in_use.lock acquired by nodename 48108@fv-az1250-130
2024-03-11 08:32:47,069 [59c2aa1f-efee-4a31-8893-6c9c6933eb36-groupManagement] INFO  storage.RaftStorage (RaftStorageImpl.java:format(99)) - Storage directory /home/runner/work/ozone/ozone/hadoop-ozone/integration-test/target/test-dir/MiniOzoneClusterImpl-3b234497-56f6-48e5-9ae2-a9674f906486/ozone-meta/datanode-3/ratis/27481ff0-76c3-4e4a-bfdd-0a7977ea53a3 has been successfully formatted.
2024-03-11 08:32:47,069 [59c2aa1f-efee-4a31-8893-6c9c6933eb36-groupManagement] WARN  util.FileUtils (LogUtils.java:supplyAndLog(63)) - Failed to Files.newInputStream /home/runner/work/ozone/ozone/hadoop-ozone/integration-test/target/test-dir/MiniOzoneClusterImpl-3b234497-56f6-48e5-9ae2-a9674f906486/ozone-meta/datanode-3/ratis/27481ff0-76c3-4e4a-bfdd-0a7977ea53a3/current/raft-meta.conf with options []: java.nio.file.NoSuchFileException: /home/runner/work/ozone/ozone/hadoop-ozone/integration-test/target/test-dir/MiniOzoneClusterImpl-3b234497-56f6-48e5-9ae2-a9674f906486/ozone-meta/datanode-3/ratis/27481ff0-76c3-4e4a-bfdd-0a7977ea53a3/current/raft-meta.conf
2024-03-11 08:32:47,070 [59c2aa1f-efee-4a31-8893-6c9c6933eb36-groupManagement] INFO  ratis.ContainerStateMachine (ContainerStateMachine.java:loadSnapshot(287)) - group-0A7977EA53A3: The snapshot info is null. Setting the last applied index to:(t:0, i:~)
2024-03-11 08:32:47,070 [59c2aa1f-efee-4a31-8893-6c9c6933eb36-groupManagement] INFO  server.RaftServerConfigKeys (ConfUtils.java:logGet(46)) - raft.server.log.use.memory = false (default)
2024-03-11 08:32:47,071 [59c2aa1f-efee-4a31-8893-6c9c6933eb36-groupManagement] INFO  server.RaftServerConfigKeys (ConfUtils.java:logGet(46)) - raft.server.log.purge.gap = 1000000 (custom)
2024-03-11 08:32:47,071 [59c2aa1f-efee-4a31-8893-6c9c6933eb36-groupManagement] INFO  server.RaftServerConfigKeys (ConfUtils.java:logGet(46)) - raft.server.log.appender.buffer.byte-limit = 8388608 (custom)
2024-03-11 08:32:47,071 [59c2aa1f-efee-4a31-8893-6c9c6933eb36-groupManagement] INFO  server.RaftServerConfigKeys (ConfUtils.java:logGet(46)) - raft.server.log.statemachine.data.read.timeout = 1000ms (default)
2024-03-11 08:32:47,071 [59c2aa1f-efee-4a31-8893-6c9c6933eb36-groupManagement] INFO  server.RaftServerConfigKeys (ConfUtils.java:logGet(46)) - raft.server.log.purge.preservation.log.num = 0 (default)
2024-03-11 08:32:47,072 [59c2aa1f-efee-4a31-8893-6c9c6933eb36-groupManagement] INFO  server.RaftServerConfigKeys (ConfUtils.java:logGet(46)) - raft.server.log.segment.size.max = 67108864 (custom)
2024-03-11 08:32:47,072 [59c2aa1f-efee-4a31-8893-6c9c6933eb36-groupManagement] INFO  server.RaftServerConfigKeys (ConfUtils.java:logGet(46)) - raft.server.log.segment.cache.num.max = 2 (custom)
2024-03-11 08:32:47,072 [59c2aa1f-efee-4a31-8893-6c9c6933eb36-groupManagement] INFO  server.RaftServerConfigKeys (ConfUtils.java:logGet(46)) - raft.server.log.segment.cache.size.max = 200MB (=209715200) (default)
2024-03-11 08:32:47,072 [59c2aa1f-efee-4a31-8893-6c9c6933eb36-groupManagement] INFO  server.RaftServerConfigKeys (ConfUtils.java:logGet(46)) - raft.server.log.appender.buffer.byte-limit = 8388608 (custom)
2024-03-11 08:32:47,073 [59c2aa1f-efee-4a31-8893-6c9c6933eb36-groupManagement] INFO  util.AwaitToRun (AwaitToRun.java:start(81)) - Thread[59c2aa1f-efee-4a31-8893-6c9c6933eb36@group-0A7977EA53A3-cacheEviction-AwaitToRun,5,main] started
2024-03-11 08:32:47,073 [59c2aa1f-efee-4a31-8893-6c9c6933eb36-groupManagement] INFO  segmented.SegmentedRaftLogWorker (SegmentedRaftLogWorker.java:<init>(182)) - new 59c2aa1f-efee-4a31-8893-6c9c6933eb36@group-0A7977EA53A3-SegmentedRaftLogWorker for RaftStorageImpl:Storage Directory /home/runner/work/ozone/ozone/hadoop-ozone/integration-test/target/test-dir/MiniOzoneClusterImpl-3b234497-56f6-48e5-9ae2-a9674f906486/ozone-meta/datanode-3/ratis/27481ff0-76c3-4e4a-bfdd-0a7977ea53a3
2024-03-11 08:32:47,073 [59c2aa1f-efee-4a31-8893-6c9c6933eb36-groupManagement] INFO  server.RaftServerConfigKeys (ConfUtils.java:logGet(46)) - raft.server.log.queue.byte-limit = 4294967296 (custom)
2024-03-11 08:32:47,073 [59c2aa1f-efee-4a31-8893-6c9c6933eb36-groupManagement] INFO  server.RaftServerConfigKeys (ConfUtils.java:logGet(46)) - raft.server.log.queue.element-limit = 1024 (custom)
2024-03-11 08:32:47,073 [59c2aa1f-efee-4a31-8893-6c9c6933eb36-groupManagement] INFO  server.RaftServerConfigKeys (ConfUtils.java:logGet(46)) - raft.server.log.segment.size.max = 67108864 (custom)
2024-03-11 08:32:47,073 [59c2aa1f-efee-4a31-8893-6c9c6933eb36-groupManagement] INFO  server.RaftServerConfigKeys (ConfUtils.java:logGet(46)) - raft.server.log.preallocated.size = 4194304 (custom)
2024-03-11 08:32:47,073 [59c2aa1f-efee-4a31-8893-6c9c6933eb36-groupManagement] INFO  server.RaftServerConfigKeys (ConfUtils.java:logGet(46)) - raft.server.log.force.sync.num = 128 (default)
2024-03-11 08:32:47,073 [59c2aa1f-efee-4a31-8893-6c9c6933eb36-groupManagement] INFO  server.RaftServerConfigKeys (ConfUtils.java:logGet(46)) - raft.server.log.statemachine.data.sync = true (default)
2024-03-11 08:32:47,073 [59c2aa1f-efee-4a31-8893-6c9c6933eb36-groupManagement] INFO  server.RaftServerConfigKeys (ConfUtils.java:logGet(46)) - raft.server.log.statemachine.data.sync.timeout = 10s (default)
2024-03-11 08:32:47,073 [59c2aa1f-efee-4a31-8893-6c9c6933eb36-groupManagement] INFO  server.RaftServerConfigKeys (ConfUtils.java:logGet(46)) - raft.server.log.statemachine.data.sync.timeout.retry = 0 (custom)
2024-03-11 08:32:47,074 [59c2aa1f-efee-4a31-8893-6c9c6933eb36-groupManagement] INFO  server.RaftServerConfigKeys (ConfUtils.java:logGet(46)) - raft.server.log.write.buffer.size = 8388616 (custom)
2024-03-11 08:32:47,075 [59c2aa1f-efee-4a31-8893-6c9c6933eb36-groupManagement] INFO  server.RaftServerConfigKeys (ConfUtils.java:logGet(46)) - raft.server.log.appender.buffer.byte-limit = 8388608 (custom)
2024-03-11 08:32:47,075 [59c2aa1f-efee-4a31-8893-6c9c6933eb36-groupManagement] INFO  server.RaftServerConfigKeys (ConfUtils.java:logGet(46)) - raft.server.log.unsafe-flush.enabled = false (default)
2024-03-11 08:32:47,075 [59c2aa1f-efee-4a31-8893-6c9c6933eb36-groupManagement] INFO  server.RaftServerConfigKeys (ConfUtils.java:logGet(46)) - raft.server.log.async-flush.enabled = false (default)
2024-03-11 08:32:47,075 [59c2aa1f-efee-4a31-8893-6c9c6933eb36-groupManagement] INFO  server.RaftServerConfigKeys (ConfUtils.java:logGet(46)) - raft.server.log.statemachine.data.caching.enabled = true (custom)
2024-03-11 08:32:47,076 [59c2aa1f-efee-4a31-8893-6c9c6933eb36-groupManagement] INFO  segmented.SegmentedRaftLogWorker (SegmentedRaftLogWorker.java:lambda$new$0(134)) - 59c2aa1f-efee-4a31-8893-6c9c6933eb36@group-0A7977EA53A3-SegmentedRaftLogWorker: flushIndex: setUnconditionally 0 -> -1
2024-03-11 08:32:47,076 [59c2aa1f-efee-4a31-8893-6c9c6933eb36-groupManagement] INFO  segmented.SegmentedRaftLogWorker (SegmentedRaftLogWorker.java:lambda$new$0(134)) - 59c2aa1f-efee-4a31-8893-6c9c6933eb36@group-0A7977EA53A3-SegmentedRaftLogWorker: safeCacheEvictIndex: setUnconditionally 0 -> -1
2024-03-11 08:32:47,076 [59c2aa1f-efee-4a31-8893-6c9c6933eb36-groupManagement] INFO  server.RaftServer$Division (RaftServerImpl.java:start(396)) - 59c2aa1f-efee-4a31-8893-6c9c6933eb36@group-0A7977EA53A3: start as a follower, conf=-1: peers:[d27ccdb5-db89-40cd-9d18-1f7a4f6c3e48|10.1.0.9:15151, 59c2aa1f-efee-4a31-8893-6c9c6933eb36|10.1.0.9:15169, 0af1ae0f-8c30-413c-9f1e-7b09e147ac16|10.1.0.9:15160]|listeners:[], old=null
2024-03-11 08:32:47,076 [59c2aa1f-efee-4a31-8893-6c9c6933eb36-groupManagement] INFO  server.RaftServer$Division (RaftServerImpl.java:setRole(383)) - 59c2aa1f-efee-4a31-8893-6c9c6933eb36@group-0A7977EA53A3: changes role from      null to FOLLOWER at term 0 for startAsFollower
2024-03-11 08:32:47,076 [59c2aa1f-efee-4a31-8893-6c9c6933eb36-groupManagement] INFO  impl.RoleInfo (RoleInfo.java:updateAndGet(139)) - 59c2aa1f-efee-4a31-8893-6c9c6933eb36: start 59c2aa1f-efee-4a31-8893-6c9c6933eb36@group-0A7977EA53A3-FollowerState
2024-03-11 08:32:47,076 [59c2aa1f-efee-4a31-8893-6c9c6933eb36@group-0A7977EA53A3-FollowerState] INFO  server.RaftServerConfigKeys (ConfUtils.java:logFallback(53)) - raft.server.rpc.first-election.timeout.min = 5s (fallback to raft.server.rpc.timeout.min)
2024-03-11 08:32:47,076 [59c2aa1f-efee-4a31-8893-6c9c6933eb36-groupManagement] INFO  util.JmxRegister (JmxRegister.java:tryRegister(44)) - Successfully registered JMX Bean with object name Ratis:service=RaftServer,group=group-0A7977EA53A3,id=59c2aa1f-efee-4a31-8893-6c9c6933eb36
2024-03-11 08:32:47,076 [59c2aa1f-efee-4a31-8893-6c9c6933eb36@group-0A7977EA53A3-FollowerState] INFO  server.RaftServerConfigKeys (ConfUtils.java:logFallback(53)) - raft.server.rpc.first-election.timeout.max = 5200ms (fallback to raft.server.rpc.timeout.max)
2024-03-11 08:32:47,077 [59c2aa1f-efee-4a31-8893-6c9c6933eb36-groupManagement] INFO  server.RaftServerConfigKeys (ConfUtils.java:logGet(46)) - raft.server.snapshot.trigger-when-stop.enabled = true (default)
2024-03-11 08:32:47,077 [59c2aa1f-efee-4a31-8893-6c9c6933eb36-groupManagement] INFO  server.RaftServerConfigKeys (ConfUtils.java:logGet(46)) - raft.server.snapshot.auto.trigger.enabled = true (custom)
2024-03-11 08:32:47,077 [59c2aa1f-efee-4a31-8893-6c9c6933eb36-groupManagement] INFO  server.RaftServerConfigKeys (ConfUtils.java:logGet(46)) - raft.server.snapshot.auto.trigger.threshold = 10000 (custom)
2024-03-11 08:32:47,077 [59c2aa1f-efee-4a31-8893-6c9c6933eb36-groupManagement] INFO  server.RaftServerConfigKeys (ConfUtils.java:logGet(46)) - raft.server.snapshot.retention.file.num = 5 (custom)
2024-03-11 08:32:47,077 [59c2aa1f-efee-4a31-8893-6c9c6933eb36-groupManagement] INFO  server.RaftServerConfigKeys (ConfUtils.java:logGet(46)) - raft.server.log.purge.upto.snapshot.index = false (default)
2024-03-11 08:32:47,088 [grpc-default-executor-4] INFO  server.RaftServer (RaftServerProxy.java:addNew(100)) - 0af1ae0f-8c30-413c-9f1e-7b09e147ac16: addNew group-0A7977EA53A3:[d27ccdb5-db89-40cd-9d18-1f7a4f6c3e48|10.1.0.9:15151, 59c2aa1f-efee-4a31-8893-6c9c6933eb36|10.1.0.9:15169, 0af1ae0f-8c30-413c-9f1e-7b09e147ac16|10.1.0.9:15160] returns group-0A7977EA53A3:java.util.concurrent.CompletableFuture@671ac828[Not completed]
2024-03-11 08:32:47,088 [0af1ae0f-8c30-413c-9f1e-7b09e147ac16-groupManagement] INFO  server.RaftServer$Division (RaftServerImpl.java:<init>(256)) - 0af1ae0f-8c30-413c-9f1e-7b09e147ac16: new RaftServerImpl for group-0A7977EA53A3:[d27ccdb5-db89-40cd-9d18-1f7a4f6c3e48|10.1.0.9:15151, 59c2aa1f-efee-4a31-8893-6c9c6933eb36|10.1.0.9:15169, 0af1ae0f-8c30-413c-9f1e-7b09e147ac16|10.1.0.9:15160] with ContainerStateMachine:uninitialized
2024-03-11 08:32:47,088 [0af1ae0f-8c30-413c-9f1e-7b09e147ac16-groupManagement] INFO  server.RaftServerConfigKeys (ConfUtils.java:logGet(46)) - raft.server.rpc.timeout.min = 5s (custom)
2024-03-11 08:32:47,088 [0af1ae0f-8c30-413c-9f1e-7b09e147ac16-groupManagement] INFO  server.RaftServerConfigKeys (ConfUtils.java:logGet(46)) - raft.server.rpc.timeout.max = 5200ms (custom)
2024-03-11 08:32:47,089 [0af1ae0f-8c30-413c-9f1e-7b09e147ac16-groupManagement] INFO  server.RaftServerConfigKeys (ConfUtils.java:logGet(46)) - raft.server.rpc.sleep.time = 25ms (default)
2024-03-11 08:32:47,089 [0af1ae0f-8c30-413c-9f1e-7b09e147ac16-groupManagement] INFO  server.RaftServerConfigKeys (ConfUtils.java:logGet(46)) - raft.server.rpc.slowness.timeout = 300s (custom)
2024-03-11 08:32:47,089 [0af1ae0f-8c30-413c-9f1e-7b09e147ac16-groupManagement] INFO  server.RaftServerConfigKeys (ConfUtils.java:logGet(46)) - raft.server.leaderelection.leader.step-down.wait-time = 10s (default)
2024-03-11 08:32:47,089 [0af1ae0f-8c30-413c-9f1e-7b09e147ac16-groupManagement] INFO  server.RaftServerConfigKeys (ConfUtils.java:logGet(46)) - raft.server.leaderelection.member.majority-add = false (default)
2024-03-11 08:32:47,089 [0af1ae0f-8c30-413c-9f1e-7b09e147ac16-groupManagement] INFO  server.RaftServerConfigKeys (ConfUtils.java:logGet(46)) - raft.server.sleep.deviation.threshold = 300ms (default)
2024-03-11 08:32:47,089 [0af1ae0f-8c30-413c-9f1e-7b09e147ac16-groupManagement] INFO  server.RaftServer$Division (ServerState.java:<init>(113)) - 0af1ae0f-8c30-413c-9f1e-7b09e147ac16@group-0A7977EA53A3: ConfigurationManager, init=-1: peers:[d27ccdb5-db89-40cd-9d18-1f7a4f6c3e48|10.1.0.9:15151, 59c2aa1f-efee-4a31-8893-6c9c6933eb36|10.1.0.9:15169, 0af1ae0f-8c30-413c-9f1e-7b09e147ac16|10.1.0.9:15160]|listeners:[], old=null, confs=<EMPTY_MAP>
2024-03-11 08:32:47,089 [0af1ae0f-8c30-413c-9f1e-7b09e147ac16-groupManagement] INFO  server.RaftServerConfigKeys (ConfUtils.java:logGet(46)) - raft.server.notification.no-leader.timeout = 300s (custom)
2024-03-11 08:32:47,089 [0af1ae0f-8c30-413c-9f1e-7b09e147ac16-groupManagement] INFO  server.RaftServerConfigKeys (ConfUtils.java:logGet(46)) - raft.server.read.timeout = 10s (default)
2024-03-11 08:32:47,089 [0af1ae0f-8c30-413c-9f1e-7b09e147ac16-groupManagement] INFO  server.RaftServerConfigKeys (ConfUtils.java:logGet(46)) - raft.server.retrycache.expirytime = 600000ms (custom)
2024-03-11 08:32:47,089 [0af1ae0f-8c30-413c-9f1e-7b09e147ac16-groupManagement] INFO  server.RaftServerConfigKeys (ConfUtils.java:logGet(46)) - raft.server.retrycache.statistics.expirytime = 100ms (default)
2024-03-11 08:32:47,089 [0af1ae0f-8c30-413c-9f1e-7b09e147ac16-groupManagement] INFO  server.RaftServerConfigKeys (ConfUtils.java:logGet(46)) - raft.server.read.option = DEFAULT (default)
2024-03-11 08:32:47,089 [0af1ae0f-8c30-413c-9f1e-7b09e147ac16-groupManagement] INFO  server.RaftServerConfigKeys (ConfUtils.java:logGet(46)) - raft.server.read.read-after-write-consistent.write-index-cache.expiry-time = 60s (default)
2024-03-11 08:32:47,091 [0af1ae0f-8c30-413c-9f1e-7b09e147ac16-groupManagement] INFO  server.RaftServerConfigKeys (ConfUtils.java:logGet(46)) - raft.server.rpc.request.timeout = 60s (custom)
2024-03-11 08:32:47,091 [0af1ae0f-8c30-413c-9f1e-7b09e147ac16-groupManagement] INFO  server.RaftServerConfigKeys (ConfUtils.java:logGet(46)) - raft.server.log.appender.install.snapshot.enabled = false (custom)
2024-03-11 08:32:47,091 [0af1ae0f-8c30-413c-9f1e-7b09e147ac16-groupManagement] INFO  server.RaftServerConfigKeys (ConfUtils.java:logGet(46)) - raft.server.threadpool.server.cached = true (default)
2024-03-11 08:32:47,091 [0af1ae0f-8c30-413c-9f1e-7b09e147ac16-groupManagement] INFO  server.RaftServerConfigKeys (ConfUtils.java:logGet(46)) - raft.server.threadpool.server.size = 0 (default)
2024-03-11 08:32:47,091 [0af1ae0f-8c30-413c-9f1e-7b09e147ac16-groupManagement] INFO  server.RaftServerConfigKeys (ConfUtils.java:logGet(46)) - raft.server.threadpool.client.cached = true (default)
2024-03-11 08:32:47,091 [0af1ae0f-8c30-413c-9f1e-7b09e147ac16-groupManagement] INFO  server.RaftServerConfigKeys (ConfUtils.java:logGet(46)) - raft.server.threadpool.client.size = 0 (default)
2024-03-11 08:32:47,091 [0af1ae0f-8c30-413c-9f1e-7b09e147ac16-groupManagement] INFO  server.RaftServerConfigKeys (ConfUtils.java:logGet(46)) - raft.server.storage.free-space.min = 0MB (=0) (default)
2024-03-11 08:32:47,091 [0af1ae0f-8c30-413c-9f1e-7b09e147ac16-groupManagement] INFO  server.RaftServerConfigKeys (ConfUtils.java:logGet(46)) - raft.server.log.corruption.policy = EXCEPTION (default)
2024-03-11 08:32:47,092 [0af1ae0f-8c30-413c-9f1e-7b09e147ac16-groupManagement] INFO  server.RaftServerConfigKeys (ConfUtils.java:logGet(46)) - raft.server.storage.dir = [/home/runner/work/ozone/ozone/hadoop-ozone/integration-test/target/test-dir/MiniOzoneClusterImpl-3b234497-56f6-48e5-9ae2-a9674f906486/ozone-meta/datanode-2/ratis] (custom)
2024-03-11 08:32:47,092 [0af1ae0f-8c30-413c-9f1e-7b09e147ac16-groupManagement] INFO  storage.RaftStorageDirectory (RaftStorageDirectoryImpl.java:analyzeStorage(138)) - The storage directory /home/runner/work/ozone/ozone/hadoop-ozone/integration-test/target/test-dir/MiniOzoneClusterImpl-3b234497-56f6-48e5-9ae2-a9674f906486/ozone-meta/datanode-2/ratis/27481ff0-76c3-4e4a-bfdd-0a7977ea53a3 does not exist. Creating ...
2024-03-11 08:32:47,093 [0af1ae0f-8c30-413c-9f1e-7b09e147ac16-groupManagement] INFO  storage.RaftStorageDirectory (RaftStorageDirectoryImpl.java:tryLock(228)) - Lock on /home/runner/work/ozone/ozone/hadoop-ozone/integration-test/target/test-dir/MiniOzoneClusterImpl-3b234497-56f6-48e5-9ae2-a9674f906486/ozone-meta/datanode-2/ratis/27481ff0-76c3-4e4a-bfdd-0a7977ea53a3/in_use.lock acquired by nodename 48108@fv-az1250-130
2024-03-11 08:32:47,094 [0af1ae0f-8c30-413c-9f1e-7b09e147ac16-groupManagement] INFO  storage.RaftStorage (RaftStorageImpl.java:format(99)) - Storage directory /home/runner/work/ozone/ozone/hadoop-ozone/integration-test/target/test-dir/MiniOzoneClusterImpl-3b234497-56f6-48e5-9ae2-a9674f906486/ozone-meta/datanode-2/ratis/27481ff0-76c3-4e4a-bfdd-0a7977ea53a3 has been successfully formatted.
2024-03-11 08:32:47,094 [0af1ae0f-8c30-413c-9f1e-7b09e147ac16-groupManagement] WARN  util.FileUtils (LogUtils.java:supplyAndLog(63)) - Failed to Files.newInputStream /home/runner/work/ozone/ozone/hadoop-ozone/integration-test/target/test-dir/MiniOzoneClusterImpl-3b234497-56f6-48e5-9ae2-a9674f906486/ozone-meta/datanode-2/ratis/27481ff0-76c3-4e4a-bfdd-0a7977ea53a3/current/raft-meta.conf with options []: java.nio.file.NoSuchFileException: /home/runner/work/ozone/ozone/hadoop-ozone/integration-test/target/test-dir/MiniOzoneClusterImpl-3b234497-56f6-48e5-9ae2-a9674f906486/ozone-meta/datanode-2/ratis/27481ff0-76c3-4e4a-bfdd-0a7977ea53a3/current/raft-meta.conf
2024-03-11 08:32:47,094 [0af1ae0f-8c30-413c-9f1e-7b09e147ac16-groupManagement] INFO  ratis.ContainerStateMachine (ContainerStateMachine.java:loadSnapshot(287)) - group-0A7977EA53A3: The snapshot info is null. Setting the last applied index to:(t:0, i:~)
2024-03-11 08:32:47,094 [0af1ae0f-8c30-413c-9f1e-7b09e147ac16-groupManagement] INFO  server.RaftServerConfigKeys (ConfUtils.java:logGet(46)) - raft.server.log.use.memory = false (default)
2024-03-11 08:32:47,094 [0af1ae0f-8c30-413c-9f1e-7b09e147ac16-groupManagement] INFO  server.RaftServerConfigKeys (ConfUtils.java:logGet(46)) - raft.server.log.purge.gap = 1000000 (custom)
2024-03-11 08:32:47,094 [0af1ae0f-8c30-413c-9f1e-7b09e147ac16-groupManagement] INFO  server.RaftServerConfigKeys (ConfUtils.java:logGet(46)) - raft.server.log.appender.buffer.byte-limit = 8388608 (custom)
2024-03-11 08:32:47,095 [0af1ae0f-8c30-413c-9f1e-7b09e147ac16-groupManagement] INFO  server.RaftServerConfigKeys (ConfUtils.java:logGet(46)) - raft.server.log.statemachine.data.read.timeout = 1000ms (default)
2024-03-11 08:32:47,095 [0af1ae0f-8c30-413c-9f1e-7b09e147ac16-groupManagement] INFO  server.RaftServerConfigKeys (ConfUtils.java:logGet(46)) - raft.server.log.purge.preservation.log.num = 0 (default)
2024-03-11 08:32:47,095 [0af1ae0f-8c30-413c-9f1e-7b09e147ac16-groupManagement] INFO  server.RaftServerConfigKeys (ConfUtils.java:logGet(46)) - raft.server.log.segment.size.max = 67108864 (custom)
2024-03-11 08:32:47,095 [0af1ae0f-8c30-413c-9f1e-7b09e147ac16-groupManagement] INFO  server.RaftServerConfigKeys (ConfUtils.java:logGet(46)) - raft.server.log.segment.cache.num.max = 2 (custom)
2024-03-11 08:32:47,096 [0af1ae0f-8c30-413c-9f1e-7b09e147ac16-groupManagement] INFO  server.RaftServerConfigKeys (ConfUtils.java:logGet(46)) - raft.server.log.segment.cache.size.max = 200MB (=209715200) (default)
2024-03-11 08:32:47,096 [0af1ae0f-8c30-413c-9f1e-7b09e147ac16-groupManagement] INFO  server.RaftServerConfigKeys (ConfUtils.java:logGet(46)) - raft.server.log.appender.buffer.byte-limit = 8388608 (custom)
2024-03-11 08:32:47,096 [0af1ae0f-8c30-413c-9f1e-7b09e147ac16-groupManagement] INFO  util.AwaitToRun (AwaitToRun.java:start(81)) - Thread[0af1ae0f-8c30-413c-9f1e-7b09e147ac16@group-0A7977EA53A3-cacheEviction-AwaitToRun,5,main] started
2024-03-11 08:32:47,096 [0af1ae0f-8c30-413c-9f1e-7b09e147ac16-groupManagement] INFO  segmented.SegmentedRaftLogWorker (SegmentedRaftLogWorker.java:<init>(182)) - new 0af1ae0f-8c30-413c-9f1e-7b09e147ac16@group-0A7977EA53A3-SegmentedRaftLogWorker for RaftStorageImpl:Storage Directory /home/runner/work/ozone/ozone/hadoop-ozone/integration-test/target/test-dir/MiniOzoneClusterImpl-3b234497-56f6-48e5-9ae2-a9674f906486/ozone-meta/datanode-2/ratis/27481ff0-76c3-4e4a-bfdd-0a7977ea53a3
2024-03-11 08:32:47,096 [0af1ae0f-8c30-413c-9f1e-7b09e147ac16-groupManagement] INFO  server.RaftServerConfigKeys (ConfUtils.java:logGet(46)) - raft.server.log.queue.byte-limit = 4294967296 (custom)
2024-03-11 08:32:47,096 [0af1ae0f-8c30-413c-9f1e-7b09e147ac16-groupManagement] INFO  server.RaftServerConfigKeys (ConfUtils.java:logGet(46)) - raft.server.log.queue.element-limit = 1024 (custom)
2024-03-11 08:32:47,096 [0af1ae0f-8c30-413c-9f1e-7b09e147ac16-groupManagement] INFO  server.RaftServerConfigKeys (ConfUtils.java:logGet(46)) - raft.server.log.segment.size.max = 67108864 (custom)
2024-03-11 08:32:47,096 [0af1ae0f-8c30-413c-9f1e-7b09e147ac16-groupManagement] INFO  server.RaftServerConfigKeys (ConfUtils.java:logGet(46)) - raft.server.log.preallocated.size = 4194304 (custom)
2024-03-11 08:32:47,096 [0af1ae0f-8c30-413c-9f1e-7b09e147ac16-groupManagement] INFO  server.RaftServerConfigKeys (ConfUtils.java:logGet(46)) - raft.server.log.force.sync.num = 128 (default)
2024-03-11 08:32:47,096 [0af1ae0f-8c30-413c-9f1e-7b09e147ac16-groupManagement] INFO  server.RaftServerConfigKeys (ConfUtils.java:logGet(46)) - raft.server.log.statemachine.data.sync = true (default)
2024-03-11 08:32:47,096 [0af1ae0f-8c30-413c-9f1e-7b09e147ac16-groupManagement] INFO  server.RaftServerConfigKeys (ConfUtils.java:logGet(46)) - raft.server.log.statemachine.data.sync.timeout = 10s (default)
2024-03-11 08:32:47,096 [0af1ae0f-8c30-413c-9f1e-7b09e147ac16-groupManagement] INFO  server.RaftServerConfigKeys (ConfUtils.java:logGet(46)) - raft.server.log.statemachine.data.sync.timeout.retry = 0 (custom)
2024-03-11 08:32:47,096 [0af1ae0f-8c30-413c-9f1e-7b09e147ac16-groupManagement] INFO  server.RaftServerConfigKeys (ConfUtils.java:logGet(46)) - raft.server.log.write.buffer.size = 8388616 (custom)
2024-03-11 08:32:47,098 [0af1ae0f-8c30-413c-9f1e-7b09e147ac16-groupManagement] INFO  server.RaftServerConfigKeys (ConfUtils.java:logGet(46)) - raft.server.log.appender.buffer.byte-limit = 8388608 (custom)
2024-03-11 08:32:47,098 [0af1ae0f-8c30-413c-9f1e-7b09e147ac16-groupManagement] INFO  server.RaftServerConfigKeys (ConfUtils.java:logGet(46)) - raft.server.log.unsafe-flush.enabled = false (default)
2024-03-11 08:32:47,098 [0af1ae0f-8c30-413c-9f1e-7b09e147ac16-groupManagement] INFO  server.RaftServerConfigKeys (ConfUtils.java:logGet(46)) - raft.server.log.async-flush.enabled = false (default)
2024-03-11 08:32:47,098 [0af1ae0f-8c30-413c-9f1e-7b09e147ac16-groupManagement] INFO  server.RaftServerConfigKeys (ConfUtils.java:logGet(46)) - raft.server.log.statemachine.data.caching.enabled = true (custom)
2024-03-11 08:32:47,098 [0af1ae0f-8c30-413c-9f1e-7b09e147ac16-groupManagement] INFO  segmented.SegmentedRaftLogWorker (SegmentedRaftLogWorker.java:lambda$new$0(134)) - 0af1ae0f-8c30-413c-9f1e-7b09e147ac16@group-0A7977EA53A3-SegmentedRaftLogWorker: flushIndex: setUnconditionally 0 -> -1
2024-03-11 08:32:47,098 [0af1ae0f-8c30-413c-9f1e-7b09e147ac16-groupManagement] INFO  segmented.SegmentedRaftLogWorker (SegmentedRaftLogWorker.java:lambda$new$0(134)) - 0af1ae0f-8c30-413c-9f1e-7b09e147ac16@group-0A7977EA53A3-SegmentedRaftLogWorker: safeCacheEvictIndex: setUnconditionally 0 -> -1
2024-03-11 08:32:47,098 [0af1ae0f-8c30-413c-9f1e-7b09e147ac16-groupManagement] INFO  server.RaftServer$Division (RaftServerImpl.java:start(396)) - 0af1ae0f-8c30-413c-9f1e-7b09e147ac16@group-0A7977EA53A3: start as a follower, conf=-1: peers:[d27ccdb5-db89-40cd-9d18-1f7a4f6c3e48|10.1.0.9:15151, 59c2aa1f-efee-4a31-8893-6c9c6933eb36|10.1.0.9:15169, 0af1ae0f-8c30-413c-9f1e-7b09e147ac16|10.1.0.9:15160]|listeners:[], old=null
2024-03-11 08:32:47,098 [0af1ae0f-8c30-413c-9f1e-7b09e147ac16-groupManagement] INFO  server.RaftServer$Division (RaftServerImpl.java:setRole(383)) - 0af1ae0f-8c30-413c-9f1e-7b09e147ac16@group-0A7977EA53A3: changes role from      null to FOLLOWER at term 0 for startAsFollower
2024-03-11 08:32:47,098 [0af1ae0f-8c30-413c-9f1e-7b09e147ac16-groupManagement] INFO  impl.RoleInfo (RoleInfo.java:updateAndGet(139)) - 0af1ae0f-8c30-413c-9f1e-7b09e147ac16: start 0af1ae0f-8c30-413c-9f1e-7b09e147ac16@group-0A7977EA53A3-FollowerState
2024-03-11 08:32:47,098 [0af1ae0f-8c30-413c-9f1e-7b09e147ac16@group-0A7977EA53A3-FollowerState] INFO  server.RaftServerConfigKeys (ConfUtils.java:logFallback(53)) - raft.server.rpc.first-election.timeout.min = 5s (fallback to raft.server.rpc.timeout.min)
2024-03-11 08:32:47,098 [0af1ae0f-8c30-413c-9f1e-7b09e147ac16-groupManagement] INFO  util.JmxRegister (JmxRegister.java:tryRegister(44)) - Successfully registered JMX Bean with object name Ratis:service=RaftServer,group=group-0A7977EA53A3,id=0af1ae0f-8c30-413c-9f1e-7b09e147ac16
2024-03-11 08:32:47,099 [0af1ae0f-8c30-413c-9f1e-7b09e147ac16@group-0A7977EA53A3-FollowerState] INFO  server.RaftServerConfigKeys (ConfUtils.java:logFallback(53)) - raft.server.rpc.first-election.timeout.max = 5200ms (fallback to raft.server.rpc.timeout.max)
2024-03-11 08:32:47,099 [0af1ae0f-8c30-413c-9f1e-7b09e147ac16-groupManagement] INFO  server.RaftServerConfigKeys (ConfUtils.java:logGet(46)) - raft.server.snapshot.trigger-when-stop.enabled = true (default)
2024-03-11 08:32:47,099 [0af1ae0f-8c30-413c-9f1e-7b09e147ac16-groupManagement] INFO  server.RaftServerConfigKeys (ConfUtils.java:logGet(46)) - raft.server.snapshot.auto.trigger.enabled = true (custom)
2024-03-11 08:32:47,099 [0af1ae0f-8c30-413c-9f1e-7b09e147ac16-groupManagement] INFO  server.RaftServerConfigKeys (ConfUtils.java:logGet(46)) - raft.server.snapshot.auto.trigger.threshold = 10000 (custom)
2024-03-11 08:32:47,099 [0af1ae0f-8c30-413c-9f1e-7b09e147ac16-groupManagement] INFO  server.RaftServerConfigKeys (ConfUtils.java:logGet(46)) - raft.server.snapshot.retention.file.num = 5 (custom)
2024-03-11 08:32:47,099 [0af1ae0f-8c30-413c-9f1e-7b09e147ac16-groupManagement] INFO  server.RaftServerConfigKeys (ConfUtils.java:logGet(46)) - raft.server.log.purge.upto.snapshot.index = false (default)
2024-03-11 08:32:47,101 [0af1ae0f-8c30-413c-9f1e-7b09e147ac16-PipelineCommandHandlerThread-0] INFO  server.RaftServer (RaftServerProxy.java:addNew(100)) - 0af1ae0f-8c30-413c-9f1e-7b09e147ac16: addNew group-B03FC88795B8:[0af1ae0f-8c30-413c-9f1e-7b09e147ac16|10.1.0.9:15160] returns group-B03FC88795B8:java.util.concurrent.CompletableFuture@12e231e1[Not completed]
2024-03-11 08:32:47,105 [d27ccdb5-db89-40cd-9d18-1f7a4f6c3e48-PipelineCommandHandlerThread-0] INFO  commandhandler.CreatePipelineCommandHandler (CreatePipelineCommandHandler.java:lambda$handle$2(124)) - Created Pipeline RATIS THREE PipelineID=27481ff0-76c3-4e4a-bfdd-0a7977ea53a3.
2024-03-11 08:32:47,106 [0af1ae0f-8c30-413c-9f1e-7b09e147ac16-groupManagement] INFO  server.RaftServer$Division (RaftServerImpl.java:<init>(256)) - 0af1ae0f-8c30-413c-9f1e-7b09e147ac16: new RaftServerImpl for group-B03FC88795B8:[0af1ae0f-8c30-413c-9f1e-7b09e147ac16|10.1.0.9:15160] with ContainerStateMachine:uninitialized
2024-03-11 08:32:47,106 [0af1ae0f-8c30-413c-9f1e-7b09e147ac16-groupManagement] INFO  server.RaftServerConfigKeys (ConfUtils.java:logGet(46)) - raft.server.rpc.timeout.min = 5s (custom)
2024-03-11 08:32:47,106 [0af1ae0f-8c30-413c-9f1e-7b09e147ac16-groupManagement] INFO  server.RaftServerConfigKeys (ConfUtils.java:logGet(46)) - raft.server.rpc.timeout.max = 5200ms (custom)
2024-03-11 08:32:47,106 [0af1ae0f-8c30-413c-9f1e-7b09e147ac16-groupManagement] INFO  server.RaftServerConfigKeys (ConfUtils.java:logGet(46)) - raft.server.rpc.sleep.time = 25ms (default)
2024-03-11 08:32:47,106 [0af1ae0f-8c30-413c-9f1e-7b09e147ac16-groupManagement] INFO  server.RaftServerConfigKeys (ConfUtils.java:logGet(46)) - raft.server.rpc.slowness.timeout = 300s (custom)
2024-03-11 08:32:47,106 [0af1ae0f-8c30-413c-9f1e-7b09e147ac16-groupManagement] INFO  server.RaftServerConfigKeys (ConfUtils.java:logGet(46)) - raft.server.leaderelection.leader.step-down.wait-time = 10s (default)
2024-03-11 08:32:47,107 [0af1ae0f-8c30-413c-9f1e-7b09e147ac16-groupManagement] INFO  server.RaftServerConfigKeys (ConfUtils.java:logGet(46)) - raft.server.leaderelection.member.majority-add = false (default)
2024-03-11 08:32:47,107 [0af1ae0f-8c30-413c-9f1e-7b09e147ac16-groupManagement] INFO  server.RaftServerConfigKeys (ConfUtils.java:logGet(46)) - raft.server.sleep.deviation.threshold = 300ms (default)
2024-03-11 08:32:47,107 [0af1ae0f-8c30-413c-9f1e-7b09e147ac16-groupManagement] INFO  server.RaftServer$Division (ServerState.java:<init>(113)) - 0af1ae0f-8c30-413c-9f1e-7b09e147ac16@group-B03FC88795B8: ConfigurationManager, init=-1: peers:[0af1ae0f-8c30-413c-9f1e-7b09e147ac16|10.1.0.9:15160]|listeners:[], old=null, confs=<EMPTY_MAP>
2024-03-11 08:32:47,107 [0af1ae0f-8c30-413c-9f1e-7b09e147ac16-groupManagement] INFO  server.RaftServerConfigKeys (ConfUtils.java:logGet(46)) - raft.server.notification.no-leader.timeout = 300s (custom)
2024-03-11 08:32:47,107 [0af1ae0f-8c30-413c-9f1e-7b09e147ac16-groupManagement] INFO  server.RaftServerConfigKeys (ConfUtils.java:logGet(46)) - raft.server.read.timeout = 10s (default)
2024-03-11 08:32:47,107 [0af1ae0f-8c30-413c-9f1e-7b09e147ac16-groupManagement] INFO  server.RaftServerConfigKeys (ConfUtils.java:logGet(46)) - raft.server.retrycache.expirytime = 600000ms (custom)
2024-03-11 08:32:47,107 [0af1ae0f-8c30-413c-9f1e-7b09e147ac16-groupManagement] INFO  server.RaftServerConfigKeys (ConfUtils.java:logGet(46)) - raft.server.retrycache.statistics.expirytime = 100ms (default)
2024-03-11 08:32:47,107 [0af1ae0f-8c30-413c-9f1e-7b09e147ac16-groupManagement] INFO  server.RaftServerConfigKeys (ConfUtils.java:logGet(46)) - raft.server.read.option = DEFAULT (default)
2024-03-11 08:32:47,107 [0af1ae0f-8c30-413c-9f1e-7b09e147ac16-groupManagement] INFO  server.RaftServerConfigKeys (ConfUtils.java:logGet(46)) - raft.server.read.read-after-write-consistent.write-index-cache.expiry-time = 60s (default)
2024-03-11 08:32:47,108 [0af1ae0f-8c30-413c-9f1e-7b09e147ac16-groupManagement] INFO  server.RaftServerConfigKeys (ConfUtils.java:logGet(46)) - raft.server.rpc.request.timeout = 60s (custom)
2024-03-11 08:32:47,108 [0af1ae0f-8c30-413c-9f1e-7b09e147ac16-groupManagement] INFO  server.RaftServerConfigKeys (ConfUtils.java:logGet(46)) - raft.server.log.appender.install.snapshot.enabled = false (custom)
2024-03-11 08:32:47,108 [0af1ae0f-8c30-413c-9f1e-7b09e147ac16-groupManagement] INFO  server.RaftServerConfigKeys (ConfUtils.java:logGet(46)) - raft.server.threadpool.server.cached = true (default)
2024-03-11 08:32:47,108 [0af1ae0f-8c30-413c-9f1e-7b09e147ac16-groupManagement] INFO  server.RaftServerConfigKeys (ConfUtils.java:logGet(46)) - raft.server.threadpool.server.size = 0 (default)
2024-03-11 08:32:47,108 [0af1ae0f-8c30-413c-9f1e-7b09e147ac16-groupManagement] INFO  server.RaftServerConfigKeys (ConfUtils.java:logGet(46)) - raft.server.threadpool.client.cached = true (default)
2024-03-11 08:32:47,108 [0af1ae0f-8c30-413c-9f1e-7b09e147ac16-groupManagement] INFO  server.RaftServerConfigKeys (ConfUtils.java:logGet(46)) - raft.server.threadpool.client.size = 0 (default)
2024-03-11 08:32:47,108 [0af1ae0f-8c30-413c-9f1e-7b09e147ac16-groupManagement] INFO  server.RaftServerConfigKeys (ConfUtils.java:logGet(46)) - raft.server.storage.free-space.min = 0MB (=0) (default)
2024-03-11 08:32:47,108 [0af1ae0f-8c30-413c-9f1e-7b09e147ac16-groupManagement] INFO  server.RaftServerConfigKeys (ConfUtils.java:logGet(46)) - raft.server.log.corruption.policy = EXCEPTION (default)
2024-03-11 08:32:47,108 [0af1ae0f-8c30-413c-9f1e-7b09e147ac16-groupManagement] INFO  server.RaftServerConfigKeys (ConfUtils.java:logGet(46)) - raft.server.storage.dir = [/home/runner/work/ozone/ozone/hadoop-ozone/integration-test/target/test-dir/MiniOzoneClusterImpl-3b234497-56f6-48e5-9ae2-a9674f906486/ozone-meta/datanode-2/ratis] (custom)
2024-03-11 08:32:47,109 [0af1ae0f-8c30-413c-9f1e-7b09e147ac16-groupManagement] INFO  storage.RaftStorageDirectory (RaftStorageDirectoryImpl.java:analyzeStorage(138)) - The storage directory /home/runner/work/ozone/ozone/hadoop-ozone/integration-test/target/test-dir/MiniOzoneClusterImpl-3b234497-56f6-48e5-9ae2-a9674f906486/ozone-meta/datanode-2/ratis/25f360cb-deb7-409e-83a9-b03fc88795b8 does not exist. Creating ...
2024-03-11 08:32:47,109 [0af1ae0f-8c30-413c-9f1e-7b09e147ac16-groupManagement] INFO  storage.RaftStorageDirectory (RaftStorageDirectoryImpl.java:tryLock(228)) - Lock on /home/runner/work/ozone/ozone/hadoop-ozone/integration-test/target/test-dir/MiniOzoneClusterImpl-3b234497-56f6-48e5-9ae2-a9674f906486/ozone-meta/datanode-2/ratis/25f360cb-deb7-409e-83a9-b03fc88795b8/in_use.lock acquired by nodename 48108@fv-az1250-130
2024-03-11 08:32:47,110 [0af1ae0f-8c30-413c-9f1e-7b09e147ac16-groupManagement] INFO  storage.RaftStorage (RaftStorageImpl.java:format(99)) - Storage directory /home/runner/work/ozone/ozone/hadoop-ozone/integration-test/target/test-dir/MiniOzoneClusterImpl-3b234497-56f6-48e5-9ae2-a9674f906486/ozone-meta/datanode-2/ratis/25f360cb-deb7-409e-83a9-b03fc88795b8 has been successfully formatted.
2024-03-11 08:32:47,110 [0af1ae0f-8c30-413c-9f1e-7b09e147ac16-groupManagement] WARN  util.FileUtils (LogUtils.java:supplyAndLog(63)) - Failed to Files.newInputStream /home/runner/work/ozone/ozone/hadoop-ozone/integration-test/target/test-dir/MiniOzoneClusterImpl-3b234497-56f6-48e5-9ae2-a9674f906486/ozone-meta/datanode-2/ratis/25f360cb-deb7-409e-83a9-b03fc88795b8/current/raft-meta.conf with options []: java.nio.file.NoSuchFileException: /home/runner/work/ozone/ozone/hadoop-ozone/integration-test/target/test-dir/MiniOzoneClusterImpl-3b234497-56f6-48e5-9ae2-a9674f906486/ozone-meta/datanode-2/ratis/25f360cb-deb7-409e-83a9-b03fc88795b8/current/raft-meta.conf
2024-03-11 08:32:47,110 [0af1ae0f-8c30-413c-9f1e-7b09e147ac16-groupManagement] INFO  ratis.ContainerStateMachine (ContainerStateMachine.java:loadSnapshot(287)) - group-B03FC88795B8: The snapshot info is null. Setting the last applied index to:(t:0, i:~)
2024-03-11 08:32:47,111 [0af1ae0f-8c30-413c-9f1e-7b09e147ac16-groupManagement] INFO  server.RaftServerConfigKeys (ConfUtils.java:logGet(46)) - raft.server.log.use.memory = false (default)
2024-03-11 08:32:47,111 [0af1ae0f-8c30-413c-9f1e-7b09e147ac16-groupManagement] INFO  server.RaftServerConfigKeys (ConfUtils.java:logGet(46)) - raft.server.log.purge.gap = 1000000 (custom)
2024-03-11 08:32:47,111 [0af1ae0f-8c30-413c-9f1e-7b09e147ac16-groupManagement] INFO  server.RaftServerConfigKeys (ConfUtils.java:logGet(46)) - raft.server.log.appender.buffer.byte-limit = 8388608 (custom)
2024-03-11 08:32:47,111 [0af1ae0f-8c30-413c-9f1e-7b09e147ac16-groupManagement] INFO  server.RaftServerConfigKeys (ConfUtils.java:logGet(46)) - raft.server.log.statemachine.data.read.timeout = 1000ms (default)
2024-03-11 08:32:47,111 [0af1ae0f-8c30-413c-9f1e-7b09e147ac16-groupManagement] INFO  server.RaftServerConfigKeys (ConfUtils.java:logGet(46)) - raft.server.log.purge.preservation.log.num = 0 (default)
2024-03-11 08:32:47,112 [0af1ae0f-8c30-413c-9f1e-7b09e147ac16-groupManagement] INFO  server.RaftServerConfigKeys (ConfUtils.java:logGet(46)) - raft.server.log.segment.size.max = 67108864 (custom)
2024-03-11 08:32:47,112 [EventQueue-PipelineReportForPipelineReportHandler] INFO  pipeline.PipelineReportHandler (PipelineReportHandler.java:processPipelineReport(136)) - Opened pipeline PipelineID=25f360cb-deb7-409e-83a9-b03fc88795b8
2024-03-11 08:32:47,112 [EventQueue-OpenPipelineForHealthyPipelineSafeModeRule] INFO  safemode.SCMSafeModeManager (HealthyPipelineSafeModeRule.java:process(140)) - SCM in safe mode. Healthy pipelines reported count is 0, required healthy pipeline reported count is 1
2024-03-11 08:32:47,112 [0af1ae0f-8c30-413c-9f1e-7b09e147ac16-groupManagement] INFO  server.RaftServerConfigKeys (ConfUtils.java:logGet(46)) - raft.server.log.segment.cache.num.max = 2 (custom)
2024-03-11 08:32:47,112 [0af1ae0f-8c30-413c-9f1e-7b09e147ac16-groupManagement] INFO  server.RaftServerConfigKeys (ConfUtils.java:logGet(46)) - raft.server.log.segment.cache.size.max = 200MB (=209715200) (default)
2024-03-11 08:32:47,112 [0af1ae0f-8c30-413c-9f1e-7b09e147ac16-groupManagement] INFO  server.RaftServerConfigKeys (ConfUtils.java:logGet(46)) - raft.server.log.appender.buffer.byte-limit = 8388608 (custom)
2024-03-11 08:32:47,112 [0af1ae0f-8c30-413c-9f1e-7b09e147ac16-groupManagement] INFO  util.AwaitToRun (AwaitToRun.java:start(81)) - Thread[0af1ae0f-8c30-413c-9f1e-7b09e147ac16@group-B03FC88795B8-cacheEviction-AwaitToRun,5,main] started
2024-03-11 08:32:47,112 [0af1ae0f-8c30-413c-9f1e-7b09e147ac16-groupManagement] INFO  segmented.SegmentedRaftLogWorker (SegmentedRaftLogWorker.java:<init>(182)) - new 0af1ae0f-8c30-413c-9f1e-7b09e147ac16@group-B03FC88795B8-SegmentedRaftLogWorker for RaftStorageImpl:Storage Directory /home/runner/work/ozone/ozone/hadoop-ozone/integration-test/target/test-dir/MiniOzoneClusterImpl-3b234497-56f6-48e5-9ae2-a9674f906486/ozone-meta/datanode-2/ratis/25f360cb-deb7-409e-83a9-b03fc88795b8
2024-03-11 08:32:47,112 [0af1ae0f-8c30-413c-9f1e-7b09e147ac16-groupManagement] INFO  server.RaftServerConfigKeys (ConfUtils.java:logGet(46)) - raft.server.log.queue.byte-limit = 4294967296 (custom)
2024-03-11 08:32:47,113 [0af1ae0f-8c30-413c-9f1e-7b09e147ac16-groupManagement] INFO  server.RaftServerConfigKeys (ConfUtils.java:logGet(46)) - raft.server.log.queue.element-limit = 1024 (custom)
2024-03-11 08:32:47,113 [0af1ae0f-8c30-413c-9f1e-7b09e147ac16-groupManagement] INFO  server.RaftServerConfigKeys (ConfUtils.java:logGet(46)) - raft.server.log.segment.size.max = 67108864 (custom)
2024-03-11 08:32:47,113 [0af1ae0f-8c30-413c-9f1e-7b09e147ac16-groupManagement] INFO  server.RaftServerConfigKeys (ConfUtils.java:logGet(46)) - raft.server.log.preallocated.size = 4194304 (custom)
2024-03-11 08:32:47,113 [0af1ae0f-8c30-413c-9f1e-7b09e147ac16-groupManagement] INFO  server.RaftServerConfigKeys (ConfUtils.java:logGet(46)) - raft.server.log.force.sync.num = 128 (default)
2024-03-11 08:32:47,113 [0af1ae0f-8c30-413c-9f1e-7b09e147ac16-groupManagement] INFO  server.RaftServerConfigKeys (ConfUtils.java:logGet(46)) - raft.server.log.statemachine.data.sync = true (default)
2024-03-11 08:32:47,113 [0af1ae0f-8c30-413c-9f1e-7b09e147ac16-groupManagement] INFO  server.RaftServerConfigKeys (ConfUtils.java:logGet(46)) - raft.server.log.statemachine.data.sync.timeout = 10s (default)
2024-03-11 08:32:47,113 [0af1ae0f-8c30-413c-9f1e-7b09e147ac16-groupManagement] INFO  server.RaftServerConfigKeys (ConfUtils.java:logGet(46)) - raft.server.log.statemachine.data.sync.timeout.retry = 0 (custom)
2024-03-11 08:32:47,113 [0af1ae0f-8c30-413c-9f1e-7b09e147ac16-groupManagement] INFO  server.RaftServerConfigKeys (ConfUtils.java:logGet(46)) - raft.server.log.write.buffer.size = 8388616 (custom)
2024-03-11 08:32:47,114 [0af1ae0f-8c30-413c-9f1e-7b09e147ac16-groupManagement] INFO  server.RaftServerConfigKeys (ConfUtils.java:logGet(46)) - raft.server.log.appender.buffer.byte-limit = 8388608 (custom)
2024-03-11 08:32:47,114 [0af1ae0f-8c30-413c-9f1e-7b09e147ac16-groupManagement] INFO  server.RaftServerConfigKeys (ConfUtils.java:logGet(46)) - raft.server.log.unsafe-flush.enabled = false (default)
2024-03-11 08:32:47,114 [0af1ae0f-8c30-413c-9f1e-7b09e147ac16-groupManagement] INFO  server.RaftServerConfigKeys (ConfUtils.java:logGet(46)) - raft.server.log.async-flush.enabled = false (default)
2024-03-11 08:32:47,114 [0af1ae0f-8c30-413c-9f1e-7b09e147ac16-groupManagement] INFO  server.RaftServerConfigKeys (ConfUtils.java:logGet(46)) - raft.server.log.statemachine.data.caching.enabled = true (custom)
2024-03-11 08:32:47,115 [0af1ae0f-8c30-413c-9f1e-7b09e147ac16-groupManagement] INFO  segmented.SegmentedRaftLogWorker (SegmentedRaftLogWorker.java:lambda$new$0(134)) - 0af1ae0f-8c30-413c-9f1e-7b09e147ac16@group-B03FC88795B8-SegmentedRaftLogWorker: flushIndex: setUnconditionally 0 -> -1
2024-03-11 08:32:47,115 [0af1ae0f-8c30-413c-9f1e-7b09e147ac16-groupManagement] INFO  segmented.SegmentedRaftLogWorker (SegmentedRaftLogWorker.java:lambda$new$0(134)) - 0af1ae0f-8c30-413c-9f1e-7b09e147ac16@group-B03FC88795B8-SegmentedRaftLogWorker: safeCacheEvictIndex: setUnconditionally 0 -> -1
2024-03-11 08:32:47,115 [0af1ae0f-8c30-413c-9f1e-7b09e147ac16-groupManagement] INFO  server.RaftServer$Division (RaftServerImpl.java:start(396)) - 0af1ae0f-8c30-413c-9f1e-7b09e147ac16@group-B03FC88795B8: start as a follower, conf=-1: peers:[0af1ae0f-8c30-413c-9f1e-7b09e147ac16|10.1.0.9:15160]|listeners:[], old=null
2024-03-11 08:32:47,115 [0af1ae0f-8c30-413c-9f1e-7b09e147ac16-groupManagement] INFO  server.RaftServer$Division (RaftServerImpl.java:setRole(383)) - 0af1ae0f-8c30-413c-9f1e-7b09e147ac16@group-B03FC88795B8: changes role from      null to FOLLOWER at term 0 for startAsFollower
2024-03-11 08:32:47,115 [0af1ae0f-8c30-413c-9f1e-7b09e147ac16-groupManagement] INFO  impl.RoleInfo (RoleInfo.java:updateAndGet(139)) - 0af1ae0f-8c30-413c-9f1e-7b09e147ac16: start 0af1ae0f-8c30-413c-9f1e-7b09e147ac16@group-B03FC88795B8-FollowerState
2024-03-11 08:32:47,115 [0af1ae0f-8c30-413c-9f1e-7b09e147ac16-groupManagement] INFO  util.JmxRegister (JmxRegister.java:tryRegister(44)) - Successfully registered JMX Bean with object name Ratis:service=RaftServer,group=group-B03FC88795B8,id=0af1ae0f-8c30-413c-9f1e-7b09e147ac16
2024-03-11 08:32:47,115 [0af1ae0f-8c30-413c-9f1e-7b09e147ac16@group-B03FC88795B8-FollowerState] INFO  server.RaftServerConfigKeys (ConfUtils.java:logFallback(53)) - raft.server.rpc.first-election.timeout.min = 5s (fallback to raft.server.rpc.timeout.min)
2024-03-11 08:32:47,115 [0af1ae0f-8c30-413c-9f1e-7b09e147ac16-groupManagement] INFO  server.RaftServerConfigKeys (ConfUtils.java:logGet(46)) - raft.server.snapshot.trigger-when-stop.enabled = true (default)
2024-03-11 08:32:47,115 [0af1ae0f-8c30-413c-9f1e-7b09e147ac16@group-B03FC88795B8-FollowerState] INFO  server.RaftServerConfigKeys (ConfUtils.java:logFallback(53)) - raft.server.rpc.first-election.timeout.max = 5200ms (fallback to raft.server.rpc.timeout.max)
2024-03-11 08:32:47,115 [0af1ae0f-8c30-413c-9f1e-7b09e147ac16-groupManagement] INFO  server.RaftServerConfigKeys (ConfUtils.java:logGet(46)) - raft.server.snapshot.auto.trigger.enabled = true (custom)
2024-03-11 08:32:47,116 [0af1ae0f-8c30-413c-9f1e-7b09e147ac16-groupManagement] INFO  server.RaftServerConfigKeys (ConfUtils.java:logGet(46)) - raft.server.snapshot.auto.trigger.threshold = 10000 (custom)
2024-03-11 08:32:47,116 [0af1ae0f-8c30-413c-9f1e-7b09e147ac16-groupManagement] INFO  server.RaftServerConfigKeys (ConfUtils.java:logGet(46)) - raft.server.snapshot.retention.file.num = 5 (custom)
2024-03-11 08:32:47,116 [0af1ae0f-8c30-413c-9f1e-7b09e147ac16-groupManagement] INFO  server.RaftServerConfigKeys (ConfUtils.java:logGet(46)) - raft.server.log.purge.upto.snapshot.index = false (default)
2024-03-11 08:32:47,116 [0af1ae0f-8c30-413c-9f1e-7b09e147ac16-PipelineCommandHandlerThread-0] INFO  ratis.XceiverServerRatis (XceiverServerRatis.java:addGroup(864)) - Created group PipelineID=25f360cb-deb7-409e-83a9-b03fc88795b8
2024-03-11 08:32:47,116 [0af1ae0f-8c30-413c-9f1e-7b09e147ac16-PipelineCommandHandlerThread-0] INFO  commandhandler.CreatePipelineCommandHandler (CreatePipelineCommandHandler.java:lambda$handle$2(124)) - Created Pipeline RATIS ONE PipelineID=25f360cb-deb7-409e-83a9-b03fc88795b8.
2024-03-11 08:32:47,210 [59c2aa1f-efee-4a31-8893-6c9c6933eb36-PipelineCommandHandlerThread-0] INFO  server.RaftServer (RaftServerProxy.java:addNew(100)) - 59c2aa1f-efee-4a31-8893-6c9c6933eb36: addNew group-7ABBB53330DF:[59c2aa1f-efee-4a31-8893-6c9c6933eb36|10.1.0.9:15169] returns group-7ABBB53330DF:java.util.concurrent.CompletableFuture@71355031[Not completed]
2024-03-11 08:32:47,211 [59c2aa1f-efee-4a31-8893-6c9c6933eb36-groupManagement] INFO  server.RaftServer$Division (RaftServerImpl.java:<init>(256)) - 59c2aa1f-efee-4a31-8893-6c9c6933eb36: new RaftServerImpl for group-7ABBB53330DF:[59c2aa1f-efee-4a31-8893-6c9c6933eb36|10.1.0.9:15169] with ContainerStateMachine:uninitialized
2024-03-11 08:32:47,211 [59c2aa1f-efee-4a31-8893-6c9c6933eb36-groupManagement] INFO  server.RaftServerConfigKeys (ConfUtils.java:logGet(46)) - raft.server.rpc.timeout.min = 5s (custom)
2024-03-11 08:32:47,211 [59c2aa1f-efee-4a31-8893-6c9c6933eb36-groupManagement] INFO  server.RaftServerConfigKeys (ConfUtils.java:logGet(46)) - raft.server.rpc.timeout.max = 5200ms (custom)
2024-03-11 08:32:47,211 [59c2aa1f-efee-4a31-8893-6c9c6933eb36-groupManagement] INFO  server.RaftServerConfigKeys (ConfUtils.java:logGet(46)) - raft.server.rpc.sleep.time = 25ms (default)
2024-03-11 08:32:47,211 [59c2aa1f-efee-4a31-8893-6c9c6933eb36-groupManagement] INFO  server.RaftServerConfigKeys (ConfUtils.java:logGet(46)) - raft.server.rpc.slowness.timeout = 300s (custom)
2024-03-11 08:32:47,211 [59c2aa1f-efee-4a31-8893-6c9c6933eb36-groupManagement] INFO  server.RaftServerConfigKeys (ConfUtils.java:logGet(46)) - raft.server.leaderelection.leader.step-down.wait-time = 10s (default)
2024-03-11 08:32:47,211 [59c2aa1f-efee-4a31-8893-6c9c6933eb36-groupManagement] INFO  server.RaftServerConfigKeys (ConfUtils.java:logGet(46)) - raft.server.leaderelection.member.majority-add = false (default)
2024-03-11 08:32:47,211 [59c2aa1f-efee-4a31-8893-6c9c6933eb36-groupManagement] INFO  server.RaftServerConfigKeys (ConfUtils.java:logGet(46)) - raft.server.sleep.deviation.threshold = 300ms (default)
2024-03-11 08:32:47,211 [59c2aa1f-efee-4a31-8893-6c9c6933eb36-groupManagement] INFO  server.RaftServer$Division (ServerState.java:<init>(113)) - 59c2aa1f-efee-4a31-8893-6c9c6933eb36@group-7ABBB53330DF: ConfigurationManager, init=-1: peers:[59c2aa1f-efee-4a31-8893-6c9c6933eb36|10.1.0.9:15169]|listeners:[], old=null, confs=<EMPTY_MAP>
2024-03-11 08:32:47,211 [59c2aa1f-efee-4a31-8893-6c9c6933eb36-groupManagement] INFO  server.RaftServerConfigKeys (ConfUtils.java:logGet(46)) - raft.server.notification.no-leader.timeout = 300s (custom)
2024-03-11 08:32:47,211 [59c2aa1f-efee-4a31-8893-6c9c6933eb36-groupManagement] INFO  server.RaftServerConfigKeys (ConfUtils.java:logGet(46)) - raft.server.read.timeout = 10s (default)
2024-03-11 08:32:47,211 [59c2aa1f-efee-4a31-8893-6c9c6933eb36-groupManagement] INFO  server.RaftServerConfigKeys (ConfUtils.java:logGet(46)) - raft.server.retrycache.expirytime = 600000ms (custom)
2024-03-11 08:32:47,211 [59c2aa1f-efee-4a31-8893-6c9c6933eb36-groupManagement] INFO  server.RaftServerConfigKeys (ConfUtils.java:logGet(46)) - raft.server.retrycache.statistics.expirytime = 100ms (default)
2024-03-11 08:32:47,211 [59c2aa1f-efee-4a31-8893-6c9c6933eb36-groupManagement] INFO  server.RaftServerConfigKeys (ConfUtils.java:logGet(46)) - raft.server.read.option = DEFAULT (default)
2024-03-11 08:32:47,211 [59c2aa1f-efee-4a31-8893-6c9c6933eb36-groupManagement] INFO  server.RaftServerConfigKeys (ConfUtils.java:logGet(46)) - raft.server.read.read-after-write-consistent.write-index-cache.expiry-time = 60s (default)
2024-03-11 08:32:47,213 [59c2aa1f-efee-4a31-8893-6c9c6933eb36-groupManagement] INFO  server.RaftServerConfigKeys (ConfUtils.java:logGet(46)) - raft.server.rpc.request.timeout = 60s (custom)
2024-03-11 08:32:47,213 [59c2aa1f-efee-4a31-8893-6c9c6933eb36-groupManagement] INFO  server.RaftServerConfigKeys (ConfUtils.java:logGet(46)) - raft.server.log.appender.install.snapshot.enabled = false (custom)
2024-03-11 08:32:47,213 [59c2aa1f-efee-4a31-8893-6c9c6933eb36-groupManagement] INFO  server.RaftServerConfigKeys (ConfUtils.java:logGet(46)) - raft.server.threadpool.server.cached = true (default)
2024-03-11 08:32:47,213 [59c2aa1f-efee-4a31-8893-6c9c6933eb36-groupManagement] INFO  server.RaftServerConfigKeys (ConfUtils.java:logGet(46)) - raft.server.threadpool.server.size = 0 (default)
2024-03-11 08:32:47,213 [59c2aa1f-efee-4a31-8893-6c9c6933eb36-groupManagement] INFO  server.RaftServerConfigKeys (ConfUtils.java:logGet(46)) - raft.server.threadpool.client.cached = true (default)
2024-03-11 08:32:47,213 [59c2aa1f-efee-4a31-8893-6c9c6933eb36-groupManagement] INFO  server.RaftServerConfigKeys (ConfUtils.java:logGet(46)) - raft.server.threadpool.client.size = 0 (default)
2024-03-11 08:32:47,213 [59c2aa1f-efee-4a31-8893-6c9c6933eb36-groupManagement] INFO  server.RaftServerConfigKeys (ConfUtils.java:logGet(46)) - raft.server.storage.free-space.min = 0MB (=0) (default)
2024-03-11 08:32:47,213 [59c2aa1f-efee-4a31-8893-6c9c6933eb36-groupManagement] INFO  server.RaftServerConfigKeys (ConfUtils.java:logGet(46)) - raft.server.log.corruption.policy = EXCEPTION (default)
2024-03-11 08:32:47,213 [59c2aa1f-efee-4a31-8893-6c9c6933eb36-groupManagement] INFO  server.RaftServerConfigKeys (ConfUtils.java:logGet(46)) - raft.server.storage.dir = [/home/runner/work/ozone/ozone/hadoop-ozone/integration-test/target/test-dir/MiniOzoneClusterImpl-3b234497-56f6-48e5-9ae2-a9674f906486/ozone-meta/datanode-3/ratis] (custom)
2024-03-11 08:32:47,213 [59c2aa1f-efee-4a31-8893-6c9c6933eb36-groupManagement] INFO  storage.RaftStorageDirectory (RaftStorageDirectoryImpl.java:analyzeStorage(138)) - The storage directory /home/runner/work/ozone/ozone/hadoop-ozone/integration-test/target/test-dir/MiniOzoneClusterImpl-3b234497-56f6-48e5-9ae2-a9674f906486/ozone-meta/datanode-3/ratis/60562f89-2869-493e-9a04-7abbb53330df does not exist. Creating ...
2024-03-11 08:32:47,214 [main] INFO  ozone.MiniOzoneClusterImpl (MiniOzoneClusterImpl.java:lambda$waitForClusterToBeReady$0(194)) - Nodes are ready. Got 3 of 3 DN Heartbeats.
2024-03-11 08:32:47,214 [main] INFO  ozone.MiniOzoneClusterImpl (MiniOzoneClusterImpl.java:lambda$waitForClusterToBeReady$0(197)) - Waiting for cluster to exit safe mode
2024-03-11 08:32:47,214 [main] INFO  ozone.MiniOzoneClusterImpl (MiniOzoneClusterImpl.java:lambda$waitForClusterToBeReady$0(199)) - SCM became leader
2024-03-11 08:32:47,214 [59c2aa1f-efee-4a31-8893-6c9c6933eb36-groupManagement] INFO  storage.RaftStorageDirectory (RaftStorageDirectoryImpl.java:tryLock(228)) - Lock on /home/runner/work/ozone/ozone/hadoop-ozone/integration-test/target/test-dir/MiniOzoneClusterImpl-3b234497-56f6-48e5-9ae2-a9674f906486/ozone-meta/datanode-3/ratis/60562f89-2869-493e-9a04-7abbb53330df/in_use.lock acquired by nodename 48108@fv-az1250-130
2024-03-11 08:32:47,215 [59c2aa1f-efee-4a31-8893-6c9c6933eb36-groupManagement] INFO  storage.RaftStorage (RaftStorageImpl.java:format(99)) - Storage directory /home/runner/work/ozone/ozone/hadoop-ozone/integration-test/target/test-dir/MiniOzoneClusterImpl-3b234497-56f6-48e5-9ae2-a9674f906486/ozone-meta/datanode-3/ratis/60562f89-2869-493e-9a04-7abbb53330df has been successfully formatted.
2024-03-11 08:32:47,215 [59c2aa1f-efee-4a31-8893-6c9c6933eb36-groupManagement] WARN  util.FileUtils (LogUtils.java:supplyAndLog(63)) - Failed to Files.newInputStream /home/runner/work/ozone/ozone/hadoop-ozone/integration-test/target/test-dir/MiniOzoneClusterImpl-3b234497-56f6-48e5-9ae2-a9674f906486/ozone-meta/datanode-3/ratis/60562f89-2869-493e-9a04-7abbb53330df/current/raft-meta.conf with options []: java.nio.file.NoSuchFileException: /home/runner/work/ozone/ozone/hadoop-ozone/integration-test/target/test-dir/MiniOzoneClusterImpl-3b234497-56f6-48e5-9ae2-a9674f906486/ozone-meta/datanode-3/ratis/60562f89-2869-493e-9a04-7abbb53330df/current/raft-meta.conf
2024-03-11 08:32:47,216 [59c2aa1f-efee-4a31-8893-6c9c6933eb36-groupManagement] INFO  ratis.ContainerStateMachine (ContainerStateMachine.java:loadSnapshot(287)) - group-7ABBB53330DF: The snapshot info is null. Setting the last applied index to:(t:0, i:~)
2024-03-11 08:32:47,216 [59c2aa1f-efee-4a31-8893-6c9c6933eb36-groupManagement] INFO  server.RaftServerConfigKeys (ConfUtils.java:logGet(46)) - raft.server.log.use.memory = false (default)
2024-03-11 08:32:47,216 [59c2aa1f-efee-4a31-8893-6c9c6933eb36-groupManagement] INFO  server.RaftServerConfigKeys (ConfUtils.java:logGet(46)) - raft.server.log.purge.gap = 1000000 (custom)
2024-03-11 08:32:47,216 [59c2aa1f-efee-4a31-8893-6c9c6933eb36-groupManagement] INFO  server.RaftServerConfigKeys (ConfUtils.java:logGet(46)) - raft.server.log.appender.buffer.byte-limit = 8388608 (custom)
2024-03-11 08:32:47,216 [59c2aa1f-efee-4a31-8893-6c9c6933eb36-groupManagement] INFO  server.RaftServerConfigKeys (ConfUtils.java:logGet(46)) - raft.server.log.statemachine.data.read.timeout = 1000ms (default)
2024-03-11 08:32:47,216 [59c2aa1f-efee-4a31-8893-6c9c6933eb36-groupManagement] INFO  server.RaftServerConfigKeys (ConfUtils.java:logGet(46)) - raft.server.log.purge.preservation.log.num = 0 (default)
2024-03-11 08:32:47,217 [59c2aa1f-efee-4a31-8893-6c9c6933eb36-groupManagement] INFO  server.RaftServerConfigKeys (ConfUtils.java:logGet(46)) - raft.server.log.segment.size.max = 67108864 (custom)
2024-03-11 08:32:47,217 [EventQueue-PipelineReportForPipelineReportHandler] INFO  pipeline.PipelineReportHandler (PipelineReportHandler.java:processPipelineReport(136)) - Opened pipeline PipelineID=60562f89-2869-493e-9a04-7abbb53330df
2024-03-11 08:32:47,217 [EventQueue-OpenPipelineForHealthyPipelineSafeModeRule] INFO  safemode.SCMSafeModeManager (HealthyPipelineSafeModeRule.java:process(140)) - SCM in safe mode. Healthy pipelines reported count is 0, required healthy pipeline reported count is 1
2024-03-11 08:32:47,217 [59c2aa1f-efee-4a31-8893-6c9c6933eb36-groupManagement] INFO  server.RaftServerConfigKeys (ConfUtils.java:logGet(46)) - raft.server.log.segment.cache.num.max = 2 (custom)
2024-03-11 08:32:47,217 [59c2aa1f-efee-4a31-8893-6c9c6933eb36-groupManagement] INFO  server.RaftServerConfigKeys (ConfUtils.java:logGet(46)) - raft.server.log.segment.cache.size.max = 200MB (=209715200) (default)
2024-03-11 08:32:47,217 [59c2aa1f-efee-4a31-8893-6c9c6933eb36-groupManagement] INFO  server.RaftServerConfigKeys (ConfUtils.java:logGet(46)) - raft.server.log.appender.buffer.byte-limit = 8388608 (custom)
2024-03-11 08:32:47,217 [59c2aa1f-efee-4a31-8893-6c9c6933eb36-groupManagement] INFO  util.AwaitToRun (AwaitToRun.java:start(81)) - Thread[59c2aa1f-efee-4a31-8893-6c9c6933eb36@group-7ABBB53330DF-cacheEviction-AwaitToRun,5,main] started
2024-03-11 08:32:47,217 [59c2aa1f-efee-4a31-8893-6c9c6933eb36-groupManagement] INFO  segmented.SegmentedRaftLogWorker (SegmentedRaftLogWorker.java:<init>(182)) - new 59c2aa1f-efee-4a31-8893-6c9c6933eb36@group-7ABBB53330DF-SegmentedRaftLogWorker for RaftStorageImpl:Storage Directory /home/runner/work/ozone/ozone/hadoop-ozone/integration-test/target/test-dir/MiniOzoneClusterImpl-3b234497-56f6-48e5-9ae2-a9674f906486/ozone-meta/datanode-3/ratis/60562f89-2869-493e-9a04-7abbb53330df
2024-03-11 08:32:47,218 [59c2aa1f-efee-4a31-8893-6c9c6933eb36-groupManagement] INFO  server.RaftServerConfigKeys (ConfUtils.java:logGet(46)) - raft.server.log.queue.byte-limit = 4294967296 (custom)
2024-03-11 08:32:47,218 [59c2aa1f-efee-4a31-8893-6c9c6933eb36-groupManagement] INFO  server.RaftServerConfigKeys (ConfUtils.java:logGet(46)) - raft.server.log.queue.element-limit = 1024 (custom)
2024-03-11 08:32:47,218 [59c2aa1f-efee-4a31-8893-6c9c6933eb36-groupManagement] INFO  server.RaftServerConfigKeys (ConfUtils.java:logGet(46)) - raft.server.log.segment.size.max = 67108864 (custom)
2024-03-11 08:32:47,218 [59c2aa1f-efee-4a31-8893-6c9c6933eb36-groupManagement] INFO  server.RaftServerConfigKeys (ConfUtils.java:logGet(46)) - raft.server.log.preallocated.size = 4194304 (custom)
2024-03-11 08:32:47,218 [59c2aa1f-efee-4a31-8893-6c9c6933eb36-groupManagement] INFO  server.RaftServerConfigKeys (ConfUtils.java:logGet(46)) - raft.server.log.force.sync.num = 128 (default)
2024-03-11 08:32:47,218 [59c2aa1f-efee-4a31-8893-6c9c6933eb36-groupManagement] INFO  server.RaftServerConfigKeys (ConfUtils.java:logGet(46)) - raft.server.log.statemachine.data.sync = true (default)
2024-03-11 08:32:47,218 [59c2aa1f-efee-4a31-8893-6c9c6933eb36-groupManagement] INFO  server.RaftServerConfigKeys (ConfUtils.java:logGet(46)) - raft.server.log.statemachine.data.sync.timeout = 10s (default)
2024-03-11 08:32:47,218 [59c2aa1f-efee-4a31-8893-6c9c6933eb36-groupManagement] INFO  server.RaftServerConfigKeys (ConfUtils.java:logGet(46)) - raft.server.log.statemachine.data.sync.timeout.retry = 0 (custom)
2024-03-11 08:32:47,218 [59c2aa1f-efee-4a31-8893-6c9c6933eb36-groupManagement] INFO  server.RaftServerConfigKeys (ConfUtils.java:logGet(46)) - raft.server.log.write.buffer.size = 8388616 (custom)
2024-03-11 08:32:47,220 [59c2aa1f-efee-4a31-8893-6c9c6933eb36-groupManagement] INFO  server.RaftServerConfigKeys (ConfUtils.java:logGet(46)) - raft.server.log.appender.buffer.byte-limit = 8388608 (custom)
2024-03-11 08:32:47,220 [59c2aa1f-efee-4a31-8893-6c9c6933eb36-groupManagement] INFO  server.RaftServerConfigKeys (ConfUtils.java:logGet(46)) - raft.server.log.unsafe-flush.enabled = false (default)
2024-03-11 08:32:47,220 [59c2aa1f-efee-4a31-8893-6c9c6933eb36-groupManagement] INFO  server.RaftServerConfigKeys (ConfUtils.java:logGet(46)) - raft.server.log.async-flush.enabled = false (default)
2024-03-11 08:32:47,220 [59c2aa1f-efee-4a31-8893-6c9c6933eb36-groupManagement] INFO  server.RaftServerConfigKeys (ConfUtils.java:logGet(46)) - raft.server.log.statemachine.data.caching.enabled = true (custom)
2024-03-11 08:32:47,220 [59c2aa1f-efee-4a31-8893-6c9c6933eb36-groupManagement] INFO  segmented.SegmentedRaftLogWorker (SegmentedRaftLogWorker.java:lambda$new$0(134)) - 59c2aa1f-efee-4a31-8893-6c9c6933eb36@group-7ABBB53330DF-SegmentedRaftLogWorker: flushIndex: setUnconditionally 0 -> -1
2024-03-11 08:32:47,220 [59c2aa1f-efee-4a31-8893-6c9c6933eb36-groupManagement] INFO  segmented.SegmentedRaftLogWorker (SegmentedRaftLogWorker.java:lambda$new$0(134)) - 59c2aa1f-efee-4a31-8893-6c9c6933eb36@group-7ABBB53330DF-SegmentedRaftLogWorker: safeCacheEvictIndex: setUnconditionally 0 -> -1
2024-03-11 08:32:47,220 [59c2aa1f-efee-4a31-8893-6c9c6933eb36-groupManagement] INFO  server.RaftServer$Division (RaftServerImpl.java:start(396)) - 59c2aa1f-efee-4a31-8893-6c9c6933eb36@group-7ABBB53330DF: start as a follower, conf=-1: peers:[59c2aa1f-efee-4a31-8893-6c9c6933eb36|10.1.0.9:15169]|listeners:[], old=null
2024-03-11 08:32:47,220 [59c2aa1f-efee-4a31-8893-6c9c6933eb36-groupManagement] INFO  server.RaftServer$Division (RaftServerImpl.java:setRole(383)) - 59c2aa1f-efee-4a31-8893-6c9c6933eb36@group-7ABBB53330DF: changes role from      null to FOLLOWER at term 0 for startAsFollower
2024-03-11 08:32:47,221 [59c2aa1f-efee-4a31-8893-6c9c6933eb36-groupManagement] INFO  impl.RoleInfo (RoleInfo.java:updateAndGet(139)) - 59c2aa1f-efee-4a31-8893-6c9c6933eb36: start 59c2aa1f-efee-4a31-8893-6c9c6933eb36@group-7ABBB53330DF-FollowerState
2024-03-11 08:32:47,221 [59c2aa1f-efee-4a31-8893-6c9c6933eb36@group-7ABBB53330DF-FollowerState] INFO  server.RaftServerConfigKeys (ConfUtils.java:logFallback(53)) - raft.server.rpc.first-election.timeout.min = 5s (fallback to raft.server.rpc.timeout.min)
2024-03-11 08:32:47,221 [59c2aa1f-efee-4a31-8893-6c9c6933eb36-groupManagement] INFO  util.JmxRegister (JmxRegister.java:tryRegister(44)) - Successfully registered JMX Bean with object name Ratis:service=RaftServer,group=group-7ABBB53330DF,id=59c2aa1f-efee-4a31-8893-6c9c6933eb36
2024-03-11 08:32:47,221 [59c2aa1f-efee-4a31-8893-6c9c6933eb36@group-7ABBB53330DF-FollowerState] INFO  server.RaftServerConfigKeys (ConfUtils.java:logFallback(53)) - raft.server.rpc.first-election.timeout.max = 5200ms (fallback to raft.server.rpc.timeout.max)
2024-03-11 08:32:47,221 [59c2aa1f-efee-4a31-8893-6c9c6933eb36-groupManagement] INFO  server.RaftServerConfigKeys (ConfUtils.java:logGet(46)) - raft.server.snapshot.trigger-when-stop.enabled = true (default)
2024-03-11 08:32:47,221 [59c2aa1f-efee-4a31-8893-6c9c6933eb36-groupManagement] INFO  server.RaftServerConfigKeys (ConfUtils.java:logGet(46)) - raft.server.snapshot.auto.trigger.enabled = true (custom)
2024-03-11 08:32:47,221 [59c2aa1f-efee-4a31-8893-6c9c6933eb36-groupManagement] INFO  server.RaftServerConfigKeys (ConfUtils.java:logGet(46)) - raft.server.snapshot.auto.trigger.threshold = 10000 (custom)
2024-03-11 08:32:47,221 [59c2aa1f-efee-4a31-8893-6c9c6933eb36-groupManagement] INFO  server.RaftServerConfigKeys (ConfUtils.java:logGet(46)) - raft.server.snapshot.retention.file.num = 5 (custom)
2024-03-11 08:32:47,221 [59c2aa1f-efee-4a31-8893-6c9c6933eb36-groupManagement] INFO  server.RaftServerConfigKeys (ConfUtils.java:logGet(46)) - raft.server.log.purge.upto.snapshot.index = false (default)
2024-03-11 08:32:47,222 [59c2aa1f-efee-4a31-8893-6c9c6933eb36-PipelineCommandHandlerThread-0] INFO  ratis.XceiverServerRatis (XceiverServerRatis.java:addGroup(864)) - Created group PipelineID=60562f89-2869-493e-9a04-7abbb53330df
2024-03-11 08:32:47,222 [59c2aa1f-efee-4a31-8893-6c9c6933eb36-PipelineCommandHandlerThread-0] INFO  commandhandler.CreatePipelineCommandHandler (CreatePipelineCommandHandler.java:lambda$handle$2(124)) - Created Pipeline RATIS ONE PipelineID=60562f89-2869-493e-9a04-7abbb53330df.
2024-03-11 08:32:48,215 [main] INFO  ozone.MiniOzoneClusterImpl (MiniOzoneClusterImpl.java:lambda$waitForClusterToBeReady$0(194)) - Nodes are ready. Got 3 of 3 DN Heartbeats.
2024-03-11 08:32:48,215 [main] INFO  ozone.MiniOzoneClusterImpl (MiniOzoneClusterImpl.java:lambda$waitForClusterToBeReady$0(197)) - Waiting for cluster to exit safe mode
2024-03-11 08:32:48,215 [main] INFO  ozone.MiniOzoneClusterImpl (MiniOzoneClusterImpl.java:lambda$waitForClusterToBeReady$0(199)) - SCM became leader
2024-03-11 08:32:49,215 [main] INFO  ozone.MiniOzoneClusterImpl (MiniOzoneClusterImpl.java:lambda$waitForClusterToBeReady$0(194)) - Nodes are ready. Got 3 of 3 DN Heartbeats.
2024-03-11 08:32:49,215 [main] INFO  ozone.MiniOzoneClusterImpl (MiniOzoneClusterImpl.java:lambda$waitForClusterToBeReady$0(197)) - Waiting for cluster to exit safe mode
2024-03-11 08:32:49,215 [main] INFO  ozone.MiniOzoneClusterImpl (MiniOzoneClusterImpl.java:lambda$waitForClusterToBeReady$0(199)) - SCM became leader
2024-03-11 08:32:50,217 [main] INFO  ozone.MiniOzoneClusterImpl (MiniOzoneClusterImpl.java:lambda$waitForClusterToBeReady$0(194)) - Nodes are ready. Got 3 of 3 DN Heartbeats.
2024-03-11 08:32:50,218 [main] INFO  ozone.MiniOzoneClusterImpl (MiniOzoneClusterImpl.java:lambda$waitForClusterToBeReady$0(197)) - Waiting for cluster to exit safe mode
2024-03-11 08:32:50,218 [main] INFO  ozone.MiniOzoneClusterImpl (MiniOzoneClusterImpl.java:lambda$waitForClusterToBeReady$0(199)) - SCM became leader
2024-03-11 08:32:51,218 [main] INFO  ozone.MiniOzoneClusterImpl (MiniOzoneClusterImpl.java:lambda$waitForClusterToBeReady$0(194)) - Nodes are ready. Got 3 of 3 DN Heartbeats.
2024-03-11 08:32:51,218 [main] INFO  ozone.MiniOzoneClusterImpl (MiniOzoneClusterImpl.java:lambda$waitForClusterToBeReady$0(197)) - Waiting for cluster to exit safe mode
2024-03-11 08:32:51,218 [main] INFO  ozone.MiniOzoneClusterImpl (MiniOzoneClusterImpl.java:lambda$waitForClusterToBeReady$0(199)) - SCM became leader
2024-03-11 08:32:52,065 [0af1ae0f-8c30-413c-9f1e-7b09e147ac16@group-7B1BC079B734-FollowerState] INFO  impl.FollowerState (FollowerState.java:run(143)) - 0af1ae0f-8c30-413c-9f1e-7b09e147ac16@group-7B1BC079B734-FollowerState: change to CANDIDATE, lastRpcElapsedTime:5055440723ns, electionTimeout:5055ms
2024-03-11 08:32:52,066 [0af1ae0f-8c30-413c-9f1e-7b09e147ac16@group-7B1BC079B734-FollowerState] INFO  impl.RoleInfo (RoleInfo.java:shutdownFollowerState(110)) - 0af1ae0f-8c30-413c-9f1e-7b09e147ac16: shutdown 0af1ae0f-8c30-413c-9f1e-7b09e147ac16@group-7B1BC079B734-FollowerState
2024-03-11 08:32:52,066 [0af1ae0f-8c30-413c-9f1e-7b09e147ac16@group-7B1BC079B734-FollowerState] INFO  server.RaftServer$Division (RaftServerImpl.java:setRole(383)) - 0af1ae0f-8c30-413c-9f1e-7b09e147ac16@group-7B1BC079B734: changes role from  FOLLOWER to CANDIDATE at term 0 for changeToCandidate
2024-03-11 08:32:52,066 [0af1ae0f-8c30-413c-9f1e-7b09e147ac16@group-7B1BC079B734-FollowerState] INFO  server.RaftServerConfigKeys (ConfUtils.java:logGet(46)) - raft.server.leaderelection.pre-vote = true (default)
2024-03-11 08:32:52,066 [0af1ae0f-8c30-413c-9f1e-7b09e147ac16@group-7B1BC079B734-FollowerState] INFO  impl.RoleInfo (RoleInfo.java:updateAndGet(139)) - 0af1ae0f-8c30-413c-9f1e-7b09e147ac16: start 0af1ae0f-8c30-413c-9f1e-7b09e147ac16@group-7B1BC079B734-LeaderElection33
2024-03-11 08:32:52,068 [0af1ae0f-8c30-413c-9f1e-7b09e147ac16@group-7B1BC079B734-LeaderElection33] INFO  impl.LeaderElection (LeaderElection.java:askForVotes(321)) - 0af1ae0f-8c30-413c-9f1e-7b09e147ac16@group-7B1BC079B734-LeaderElection33 PRE_VOTE round 0: submit vote requests at term 0 for -1: peers:[d27ccdb5-db89-40cd-9d18-1f7a4f6c3e48|10.1.0.9:15151, 59c2aa1f-efee-4a31-8893-6c9c6933eb36|10.1.0.9:15169, 0af1ae0f-8c30-413c-9f1e-7b09e147ac16|10.1.0.9:15160]|listeners:[], old=null
2024-03-11 08:32:52,068 [0af1ae0f-8c30-413c-9f1e-7b09e147ac16@group-7B1BC079B734-LeaderElection33-1] INFO  server.GrpcServerProtocolClient (GrpcServerProtocolClient.java:<init>(65)) - Build channel for d27ccdb5-db89-40cd-9d18-1f7a4f6c3e48|10.1.0.9:15151
2024-03-11 08:32:52,068 [0af1ae0f-8c30-413c-9f1e-7b09e147ac16@group-7B1BC079B734-LeaderElection33-2] INFO  server.GrpcServerProtocolClient (GrpcServerProtocolClient.java:<init>(65)) - Build channel for 59c2aa1f-efee-4a31-8893-6c9c6933eb36|10.1.0.9:15169
2024-03-11 08:32:52,068 [0af1ae0f-8c30-413c-9f1e-7b09e147ac16@group-7B1BC079B734-LeaderElection33] INFO  server.RaftServerConfigKeys (ConfUtils.java:logFallback(53)) - raft.server.rpc.first-election.timeout.min = 5s (fallback to raft.server.rpc.timeout.min)
2024-03-11 08:32:52,068 [0af1ae0f-8c30-413c-9f1e-7b09e147ac16@group-7B1BC079B734-LeaderElection33] INFO  server.RaftServerConfigKeys (ConfUtils.java:logFallback(53)) - raft.server.rpc.first-election.timeout.max = 5200ms (fallback to raft.server.rpc.timeout.max)
2024-03-11 08:32:52,072 [grpc-default-executor-3] INFO  server.RaftServer$Division (RaftServerImpl.java:requestVote(1389)) - d27ccdb5-db89-40cd-9d18-1f7a4f6c3e48@group-7B1BC079B734: receive requestVote(PRE_VOTE, 0af1ae0f-8c30-413c-9f1e-7b09e147ac16, group-7B1BC079B734, 0, (t:0, i:0))
2024-03-11 08:32:52,072 [grpc-default-executor-3] INFO  impl.VoteContext (VoteContext.java:log(49)) - d27ccdb5-db89-40cd-9d18-1f7a4f6c3e48@group-7B1BC079B734-FOLLOWER: accept PRE_VOTE from 0af1ae0f-8c30-413c-9f1e-7b09e147ac16: our priority 0 <= candidate's priority 1
2024-03-11 08:32:52,072 [grpc-default-executor-3] INFO  server.RaftServer$Division (RaftServerImpl.java:requestVote(1422)) - d27ccdb5-db89-40cd-9d18-1f7a4f6c3e48@group-7B1BC079B734 replies to PRE_VOTE vote request: 0af1ae0f-8c30-413c-9f1e-7b09e147ac16<-d27ccdb5-db89-40cd-9d18-1f7a4f6c3e48#0:OK-t0. Peer's state: d27ccdb5-db89-40cd-9d18-1f7a4f6c3e48@group-7B1BC079B734:t0, leader=null, voted=, raftlog=Memoized:d27ccdb5-db89-40cd-9d18-1f7a4f6c3e48@group-7B1BC079B734-SegmentedRaftLog:OPENED:c-1, conf=-1: peers:[d27ccdb5-db89-40cd-9d18-1f7a4f6c3e48|10.1.0.9:15151, 59c2aa1f-efee-4a31-8893-6c9c6933eb36|10.1.0.9:15169, 0af1ae0f-8c30-413c-9f1e-7b09e147ac16|10.1.0.9:15160]|listeners:[], old=null
2024-03-11 08:32:52,074 [0af1ae0f-8c30-413c-9f1e-7b09e147ac16@group-7B1BC079B734-LeaderElection33] INFO  impl.LeaderElection (LeaderElection.java:logAndReturn(89)) - 0af1ae0f-8c30-413c-9f1e-7b09e147ac16@group-7B1BC079B734-LeaderElection33: PRE_VOTE PASSED received 1 response(s) and 0 exception(s):
2024-03-11 08:32:52,074 [0af1ae0f-8c30-413c-9f1e-7b09e147ac16@group-7B1BC079B734-LeaderElection33] INFO  impl.LeaderElection (LeaderElection.java:logAndReturn(93)) -   Response 0: 0af1ae0f-8c30-413c-9f1e-7b09e147ac16<-d27ccdb5-db89-40cd-9d18-1f7a4f6c3e48#0:OK-t0
2024-03-11 08:32:52,074 [0af1ae0f-8c30-413c-9f1e-7b09e147ac16@group-7B1BC079B734-LeaderElection33] INFO  impl.LeaderElection (LeaderElection.java:askForVotes(323)) - 0af1ae0f-8c30-413c-9f1e-7b09e147ac16@group-7B1BC079B734-LeaderElection33 PRE_VOTE round 0: result PASSED
2024-03-11 08:32:52,076 [0af1ae0f-8c30-413c-9f1e-7b09e147ac16@group-7B1BC079B734-LeaderElection33] INFO  impl.LeaderElection (LeaderElection.java:askForVotes(321)) - 0af1ae0f-8c30-413c-9f1e-7b09e147ac16@group-7B1BC079B734-LeaderElection33 ELECTION round 0: submit vote requests at term 1 for -1: peers:[d27ccdb5-db89-40cd-9d18-1f7a4f6c3e48|10.1.0.9:15151, 59c2aa1f-efee-4a31-8893-6c9c6933eb36|10.1.0.9:15169, 0af1ae0f-8c30-413c-9f1e-7b09e147ac16|10.1.0.9:15160]|listeners:[], old=null
2024-03-11 08:32:52,076 [0af1ae0f-8c30-413c-9f1e-7b09e147ac16@group-7B1BC079B734-LeaderElection33] INFO  server.RaftServerConfigKeys (ConfUtils.java:logFallback(53)) - raft.server.rpc.first-election.timeout.min = 5s (fallback to raft.server.rpc.timeout.min)
2024-03-11 08:32:52,076 [0af1ae0f-8c30-413c-9f1e-7b09e147ac16@group-7B1BC079B734-LeaderElection33] INFO  server.RaftServerConfigKeys (ConfUtils.java:logFallback(53)) - raft.server.rpc.first-election.timeout.max = 5200ms (fallback to raft.server.rpc.timeout.max)
2024-03-11 08:32:52,076 [grpc-default-executor-3] INFO  server.RaftServer$Division (RaftServerImpl.java:requestVote(1389)) - 59c2aa1f-efee-4a31-8893-6c9c6933eb36@group-7B1BC079B734: receive requestVote(PRE_VOTE, 0af1ae0f-8c30-413c-9f1e-7b09e147ac16, group-7B1BC079B734, 0, (t:0, i:0))
2024-03-11 08:32:52,077 [grpc-default-executor-3] INFO  impl.VoteContext (VoteContext.java:log(49)) - 59c2aa1f-efee-4a31-8893-6c9c6933eb36@group-7B1BC079B734-FOLLOWER: accept PRE_VOTE from 0af1ae0f-8c30-413c-9f1e-7b09e147ac16: our priority 0 <= candidate's priority 1
2024-03-11 08:32:52,077 [grpc-default-executor-4] INFO  server.RaftServer$Division (RaftServerImpl.java:requestVote(1389)) - d27ccdb5-db89-40cd-9d18-1f7a4f6c3e48@group-7B1BC079B734: receive requestVote(ELECTION, 0af1ae0f-8c30-413c-9f1e-7b09e147ac16, group-7B1BC079B734, 1, (t:0, i:0))
2024-03-11 08:32:52,077 [grpc-default-executor-3] INFO  server.RaftServer$Division (RaftServerImpl.java:requestVote(1422)) - 59c2aa1f-efee-4a31-8893-6c9c6933eb36@group-7B1BC079B734 replies to PRE_VOTE vote request: 0af1ae0f-8c30-413c-9f1e-7b09e147ac16<-59c2aa1f-efee-4a31-8893-6c9c6933eb36#0:OK-t0. Peer's state: 59c2aa1f-efee-4a31-8893-6c9c6933eb36@group-7B1BC079B734:t0, leader=null, voted=, raftlog=Memoized:59c2aa1f-efee-4a31-8893-6c9c6933eb36@group-7B1BC079B734-SegmentedRaftLog:OPENED:c-1, conf=-1: peers:[d27ccdb5-db89-40cd-9d18-1f7a4f6c3e48|10.1.0.9:15151, 59c2aa1f-efee-4a31-8893-6c9c6933eb36|10.1.0.9:15169, 0af1ae0f-8c30-413c-9f1e-7b09e147ac16|10.1.0.9:15160]|listeners:[], old=null
2024-03-11 08:32:52,077 [grpc-default-executor-4] INFO  impl.VoteContext (VoteContext.java:log(49)) - d27ccdb5-db89-40cd-9d18-1f7a4f6c3e48@group-7B1BC079B734-FOLLOWER: accept ELECTION from 0af1ae0f-8c30-413c-9f1e-7b09e147ac16: our priority 0 <= candidate's priority 1
2024-03-11 08:32:52,078 [grpc-default-executor-4] INFO  server.RaftServer$Division (RaftServerImpl.java:setRole(383)) - d27ccdb5-db89-40cd-9d18-1f7a4f6c3e48@group-7B1BC079B734: changes role from  FOLLOWER to FOLLOWER at term 1 for candidate:0af1ae0f-8c30-413c-9f1e-7b09e147ac16
2024-03-11 08:32:52,078 [grpc-default-executor-4] INFO  impl.RoleInfo (RoleInfo.java:shutdownFollowerState(110)) - d27ccdb5-db89-40cd-9d18-1f7a4f6c3e48: shutdown d27ccdb5-db89-40cd-9d18-1f7a4f6c3e48@group-7B1BC079B734-FollowerState
2024-03-11 08:32:52,078 [grpc-default-executor-4] INFO  impl.RoleInfo (RoleInfo.java:updateAndGet(139)) - d27ccdb5-db89-40cd-9d18-1f7a4f6c3e48: start d27ccdb5-db89-40cd-9d18-1f7a4f6c3e48@group-7B1BC079B734-FollowerState
2024-03-11 08:32:52,078 [d27ccdb5-db89-40cd-9d18-1f7a4f6c3e48@group-7B1BC079B734-FollowerState] INFO  impl.FollowerState (FollowerState.java:run(152)) - d27ccdb5-db89-40cd-9d18-1f7a4f6c3e48@group-7B1BC079B734-FollowerState was interrupted
2024-03-11 08:32:52,078 [grpc-default-executor-4] INFO  server.RaftServer$Division (RaftServerImpl.java:setFirstElection(574)) - d27ccdb5-db89-40cd-9d18-1f7a4f6c3e48@group-7B1BC079B734: set firstElectionSinceStartup to false for candidate:0af1ae0f-8c30-413c-9f1e-7b09e147ac16
2024-03-11 08:32:52,078 [grpc-default-executor-3] INFO  server.RaftServer$Division (RaftServerImpl.java:requestVote(1389)) - 59c2aa1f-efee-4a31-8893-6c9c6933eb36@group-7B1BC079B734: receive requestVote(ELECTION, 0af1ae0f-8c30-413c-9f1e-7b09e147ac16, group-7B1BC079B734, 1, (t:0, i:0))
2024-03-11 08:32:52,079 [grpc-default-executor-3] INFO  impl.VoteContext (VoteContext.java:log(49)) - 59c2aa1f-efee-4a31-8893-6c9c6933eb36@group-7B1BC079B734-FOLLOWER: accept ELECTION from 0af1ae0f-8c30-413c-9f1e-7b09e147ac16: our priority 0 <= candidate's priority 1
2024-03-11 08:32:52,079 [grpc-default-executor-3] INFO  server.RaftServer$Division (RaftServerImpl.java:setRole(383)) - 59c2aa1f-efee-4a31-8893-6c9c6933eb36@group-7B1BC079B734: changes role from  FOLLOWER to FOLLOWER at term 1 for candidate:0af1ae0f-8c30-413c-9f1e-7b09e147ac16
2024-03-11 08:32:52,079 [grpc-default-executor-3] INFO  impl.RoleInfo (RoleInfo.java:shutdownFollowerState(110)) - 59c2aa1f-efee-4a31-8893-6c9c6933eb36: shutdown 59c2aa1f-efee-4a31-8893-6c9c6933eb36@group-7B1BC079B734-FollowerState
2024-03-11 08:32:52,079 [grpc-default-executor-3] INFO  impl.RoleInfo (RoleInfo.java:updateAndGet(139)) - 59c2aa1f-efee-4a31-8893-6c9c6933eb36: start 59c2aa1f-efee-4a31-8893-6c9c6933eb36@group-7B1BC079B734-FollowerState
2024-03-11 08:32:52,080 [59c2aa1f-efee-4a31-8893-6c9c6933eb36@group-7B1BC079B734-FollowerState] INFO  impl.FollowerState (FollowerState.java:run(152)) - 59c2aa1f-efee-4a31-8893-6c9c6933eb36@group-7B1BC079B734-FollowerState was interrupted
2024-03-11 08:32:52,080 [grpc-default-executor-3] INFO  server.RaftServer$Division (RaftServerImpl.java:setFirstElection(574)) - 59c2aa1f-efee-4a31-8893-6c9c6933eb36@group-7B1BC079B734: set firstElectionSinceStartup to false for candidate:0af1ae0f-8c30-413c-9f1e-7b09e147ac16
2024-03-11 08:32:52,081 [grpc-default-executor-3] INFO  server.RaftServer$Division (RaftServerImpl.java:requestVote(1422)) - 59c2aa1f-efee-4a31-8893-6c9c6933eb36@group-7B1BC079B734 replies to ELECTION vote request: 0af1ae0f-8c30-413c-9f1e-7b09e147ac16<-59c2aa1f-efee-4a31-8893-6c9c6933eb36#0:OK-t1. Peer's state: 59c2aa1f-efee-4a31-8893-6c9c6933eb36@group-7B1BC079B734:t1, leader=null, voted=0af1ae0f-8c30-413c-9f1e-7b09e147ac16, raftlog=Memoized:59c2aa1f-efee-4a31-8893-6c9c6933eb36@group-7B1BC079B734-SegmentedRaftLog:OPENED:c-1, conf=-1: peers:[d27ccdb5-db89-40cd-9d18-1f7a4f6c3e48|10.1.0.9:15151, 59c2aa1f-efee-4a31-8893-6c9c6933eb36|10.1.0.9:15169, 0af1ae0f-8c30-413c-9f1e-7b09e147ac16|10.1.0.9:15160]|listeners:[], old=null
2024-03-11 08:32:52,081 [grpc-default-executor-4] INFO  server.RaftServer$Division (RaftServerImpl.java:requestVote(1422)) - d27ccdb5-db89-40cd-9d18-1f7a4f6c3e48@group-7B1BC079B734 replies to ELECTION vote request: 0af1ae0f-8c30-413c-9f1e-7b09e147ac16<-d27ccdb5-db89-40cd-9d18-1f7a4f6c3e48#0:OK-t1. Peer's state: d27ccdb5-db89-40cd-9d18-1f7a4f6c3e48@group-7B1BC079B734:t1, leader=null, voted=0af1ae0f-8c30-413c-9f1e-7b09e147ac16, raftlog=Memoized:d27ccdb5-db89-40cd-9d18-1f7a4f6c3e48@group-7B1BC079B734-SegmentedRaftLog:OPENED:c-1, conf=-1: peers:[d27ccdb5-db89-40cd-9d18-1f7a4f6c3e48|10.1.0.9:15151, 59c2aa1f-efee-4a31-8893-6c9c6933eb36|10.1.0.9:15169, 0af1ae0f-8c30-413c-9f1e-7b09e147ac16|10.1.0.9:15160]|listeners:[], old=null
2024-03-11 08:32:52,082 [0af1ae0f-8c30-413c-9f1e-7b09e147ac16@group-7B1BC079B734-LeaderElection33] INFO  impl.LeaderElection (LeaderElection.java:logAndReturn(89)) - 0af1ae0f-8c30-413c-9f1e-7b09e147ac16@group-7B1BC079B734-LeaderElection33: ELECTION PASSED received 1 response(s) and 0 exception(s):
2024-03-11 08:32:52,082 [0af1ae0f-8c30-413c-9f1e-7b09e147ac16@group-7B1BC079B734-LeaderElection33] INFO  impl.LeaderElection (LeaderElection.java:logAndReturn(93)) -   Response 0: 0af1ae0f-8c30-413c-9f1e-7b09e147ac16<-d27ccdb5-db89-40cd-9d18-1f7a4f6c3e48#0:OK-t1
2024-03-11 08:32:52,082 [0af1ae0f-8c30-413c-9f1e-7b09e147ac16@group-7B1BC079B734-LeaderElection33] INFO  impl.LeaderElection (LeaderElection.java:askForVotes(323)) - 0af1ae0f-8c30-413c-9f1e-7b09e147ac16@group-7B1BC079B734-LeaderElection33 ELECTION round 0: result PASSED
2024-03-11 08:32:52,082 [0af1ae0f-8c30-413c-9f1e-7b09e147ac16@group-7B1BC079B734-LeaderElection33] INFO  impl.RoleInfo (RoleInfo.java:shutdownLeaderElection(130)) - 0af1ae0f-8c30-413c-9f1e-7b09e147ac16: shutdown 0af1ae0f-8c30-413c-9f1e-7b09e147ac16@group-7B1BC079B734-LeaderElection33
2024-03-11 08:32:52,082 [0af1ae0f-8c30-413c-9f1e-7b09e147ac16@group-7B1BC079B734-LeaderElection33] INFO  server.RaftServer$Division (RaftServerImpl.java:setRole(383)) - 0af1ae0f-8c30-413c-9f1e-7b09e147ac16@group-7B1BC079B734: changes role from CANDIDATE to LEADER at term 1 for changeToLeader
2024-03-11 08:32:52,082 [0af1ae0f-8c30-413c-9f1e-7b09e147ac16@group-7B1BC079B734-LeaderElection33] INFO  server.RaftServerConfigKeys (ConfUtils.java:logGet(46)) - raft.server.staging.catchup.gap = 1000 (default)
2024-03-11 08:32:52,082 [0af1ae0f-8c30-413c-9f1e-7b09e147ac16@group-7B1BC079B734-LeaderElection33] INFO  server.RaftServerConfigKeys (ConfUtils.java:logGet(46)) - raft.server.write.element-limit = 1024 (custom)
2024-03-11 08:32:52,083 [0af1ae0f-8c30-413c-9f1e-7b09e147ac16@group-7B1BC079B734-LeaderElection33] INFO  server.RaftServerConfigKeys (ConfUtils.java:logGet(46)) - raft.server.write.byte-limit = 1024 M (=1073741824) (custom)
2024-03-11 08:32:52,083 [0af1ae0f-8c30-413c-9f1e-7b09e147ac16@group-7B1BC079B734-LeaderElection33] INFO  server.RaftServerConfigKeys (ConfUtils.java:logGet(46)) - raft.server.watch.timeout = 180s (custom)
2024-03-11 08:32:52,083 [0af1ae0f-8c30-413c-9f1e-7b09e147ac16@group-7B1BC079B734-LeaderElection33] INFO  server.RaftServerConfigKeys (ConfUtils.java:logGet(46)) - raft.server.watch.timeout.denomination = 1s (default)
2024-03-11 08:32:52,083 [0af1ae0f-8c30-413c-9f1e-7b09e147ac16@group-7B1BC079B734-LeaderElection33] INFO  server.RaftServerConfigKeys (ConfUtils.java:logGet(46)) - raft.server.watch.element-limit = 65536 (default)
2024-03-11 08:32:52,083 [0af1ae0f-8c30-413c-9f1e-7b09e147ac16@group-7B1BC079B734-LeaderElection33] INFO  server.RaftServerConfigKeys (ConfUtils.java:logGet(46)) - raft.server.read.leader.lease.enabled = false (default)
2024-03-11 08:32:52,083 [0af1ae0f-8c30-413c-9f1e-7b09e147ac16@group-7B1BC079B734-LeaderElection33] INFO  server.RaftServerConfigKeys (ConfUtils.java:logGet(46)) - raft.server.read.leader.lease.timeout.ratio = 0.9 (default)
2024-03-11 08:32:52,083 [0af1ae0f-8c30-413c-9f1e-7b09e147ac16@group-7B1BC079B734-LeaderElection33] INFO  server.RaftServerConfigKeys (ConfUtils.java:logGet(46)) - raft.server.rpc.timeout.min = 5s (custom)
2024-03-11 08:32:52,083 [0af1ae0f-8c30-413c-9f1e-7b09e147ac16@group-7B1BC079B734-LeaderElection33] INFO  server.RaftServerConfigKeys (ConfUtils.java:logGet(46)) - raft.server.write.element-limit = 1024 (custom)
2024-03-11 08:32:52,083 [0af1ae0f-8c30-413c-9f1e-7b09e147ac16@group-7B1BC079B734-LeaderElection33] INFO  server.RaftServerConfigKeys (ConfUtils.java:logGet(46)) - raft.server.write.follower.gap.ratio.max = -1.0 (default)
2024-03-11 08:32:52,083 [0af1ae0f-8c30-413c-9f1e-7b09e147ac16@group-7B1BC079B734-LeaderElection33] INFO  server.RaftServerConfigKeys (ConfUtils.java:logGet(46)) - raft.server.log.appender.snapshot.chunk.size.max = 16MB (=16777216) (default)
2024-03-11 08:32:52,084 [0af1ae0f-8c30-413c-9f1e-7b09e147ac16@group-7B1BC079B734-LeaderElection33] INFO  server.RaftServerConfigKeys (ConfUtils.java:logGet(46)) - raft.server.log.appender.buffer.byte-limit = 8388608 (custom)
2024-03-11 08:32:52,084 [0af1ae0f-8c30-413c-9f1e-7b09e147ac16@group-7B1BC079B734-LeaderElection33] INFO  server.RaftServerConfigKeys (ConfUtils.java:logGet(46)) - raft.server.log.appender.buffer.element-limit = 1 (custom)
2024-03-11 08:32:52,084 [0af1ae0f-8c30-413c-9f1e-7b09e147ac16@group-7B1BC079B734-LeaderElection33] INFO  server.RaftServerConfigKeys (ConfUtils.java:logGet(46)) - raft.server.log.appender.wait-time.min = 0μs (custom)
2024-03-11 08:32:52,084 [0af1ae0f-8c30-413c-9f1e-7b09e147ac16@group-7B1BC079B734-LeaderElection33] INFO  grpc.GrpcConfigKeys (ConfUtils.java:logGet(46)) - raft.grpc.server.leader.outstanding.appends.max = 8 (default)
2024-03-11 08:32:52,084 [0af1ae0f-8c30-413c-9f1e-7b09e147ac16@group-7B1BC079B734-LeaderElection33] INFO  server.RaftServerConfigKeys (ConfUtils.java:logGet(46)) - raft.server.rpc.request.timeout = 60s (custom)
2024-03-11 08:32:52,084 [0af1ae0f-8c30-413c-9f1e-7b09e147ac16@group-7B1BC079B734-LeaderElection33] INFO  grpc.GrpcConfigKeys (ConfUtils.java:logGet(46)) - raft.grpc.server.install_snapshot.request.element-limit = 8 (default)
2024-03-11 08:32:52,084 [0af1ae0f-8c30-413c-9f1e-7b09e147ac16@group-7B1BC079B734-LeaderElection33] INFO  grpc.GrpcConfigKeys (ConfUtils.java:logGet(46)) - raft.grpc.server.install_snapshot.request.timeout = 3000ms (default)
2024-03-11 08:32:52,084 [0af1ae0f-8c30-413c-9f1e-7b09e147ac16@group-7B1BC079B734-LeaderElection33] INFO  grpc.GrpcConfigKeys (ConfUtils.java:logGet(46)) - raft.grpc.server.log-message.batch.duration = 5s (default)
2024-03-11 08:32:52,084 [0af1ae0f-8c30-413c-9f1e-7b09e147ac16@group-7B1BC079B734-LeaderElection33] INFO  server.RaftServerConfigKeys (ConfUtils.java:logGet(46)) - raft.server.log.appender.install.snapshot.enabled = false (custom)
2024-03-11 08:32:52,084 [0af1ae0f-8c30-413c-9f1e-7b09e147ac16@group-7B1BC079B734-LeaderElection33] INFO  grpc.GrpcConfigKeys (ConfUtils.java:logGet(46)) - raft.grpc.server.heartbeat.channel = true (default)
2024-03-11 08:32:52,084 [0af1ae0f-8c30-413c-9f1e-7b09e147ac16@group-7B1BC079B734-LeaderElection33] INFO  server.RaftServerConfigKeys (ConfUtils.java:logGet(46)) - raft.server.log.appender.snapshot.chunk.size.max = 16MB (=16777216) (default)
2024-03-11 08:32:52,084 [0af1ae0f-8c30-413c-9f1e-7b09e147ac16@group-7B1BC079B734-LeaderElection33] INFO  server.RaftServerConfigKeys (ConfUtils.java:logGet(46)) - raft.server.log.appender.buffer.byte-limit = 8388608 (custom)
2024-03-11 08:32:52,084 [0af1ae0f-8c30-413c-9f1e-7b09e147ac16@group-7B1BC079B734-LeaderElection33] INFO  server.RaftServerConfigKeys (ConfUtils.java:logGet(46)) - raft.server.log.appender.buffer.element-limit = 1 (custom)
2024-03-11 08:32:52,084 [0af1ae0f-8c30-413c-9f1e-7b09e147ac16@group-7B1BC079B734-LeaderElection33] INFO  server.RaftServerConfigKeys (ConfUtils.java:logGet(46)) - raft.server.log.appender.wait-time.min = 0μs (custom)
2024-03-11 08:32:52,085 [0af1ae0f-8c30-413c-9f1e-7b09e147ac16@group-7B1BC079B734-LeaderElection33] INFO  grpc.GrpcConfigKeys (ConfUtils.java:logGet(46)) - raft.grpc.server.leader.outstanding.appends.max = 8 (default)
2024-03-11 08:32:52,085 [0af1ae0f-8c30-413c-9f1e-7b09e147ac16@group-7B1BC079B734-LeaderElection33] INFO  server.RaftServerConfigKeys (ConfUtils.java:logGet(46)) - raft.server.rpc.request.timeout = 60s (custom)
2024-03-11 08:32:52,085 [0af1ae0f-8c30-413c-9f1e-7b09e147ac16@group-7B1BC079B734-LeaderElection33] INFO  grpc.GrpcConfigKeys (ConfUtils.java:logGet(46)) - raft.grpc.server.install_snapshot.request.element-limit = 8 (default)
2024-03-11 08:32:52,085 [0af1ae0f-8c30-413c-9f1e-7b09e147ac16@group-7B1BC079B734-LeaderElection33] INFO  grpc.GrpcConfigKeys (ConfUtils.java:logGet(46)) - raft.grpc.server.install_snapshot.request.timeout = 3000ms (default)
2024-03-11 08:32:52,085 [0af1ae0f-8c30-413c-9f1e-7b09e147ac16@group-7B1BC079B734-LeaderElection33] INFO  grpc.GrpcConfigKeys (ConfUtils.java:logGet(46)) - raft.grpc.server.log-message.batch.duration = 5s (default)
2024-03-11 08:32:52,085 [0af1ae0f-8c30-413c-9f1e-7b09e147ac16@group-7B1BC079B734-LeaderElection33] INFO  server.RaftServerConfigKeys (ConfUtils.java:logGet(46)) - raft.server.log.appender.install.snapshot.enabled = false (custom)
2024-03-11 08:32:52,085 [0af1ae0f-8c30-413c-9f1e-7b09e147ac16@group-7B1BC079B734-LeaderElection33] INFO  grpc.GrpcConfigKeys (ConfUtils.java:logGet(46)) - raft.grpc.server.heartbeat.channel = true (default)
2024-03-11 08:32:52,085 [0af1ae0f-8c30-413c-9f1e-7b09e147ac16@group-7B1BC079B734-LeaderElection33] INFO  impl.RoleInfo (RoleInfo.java:updateAndGet(139)) - 0af1ae0f-8c30-413c-9f1e-7b09e147ac16: start 0af1ae0f-8c30-413c-9f1e-7b09e147ac16@group-7B1BC079B734-LeaderStateImpl
2024-03-11 08:32:52,085 [0af1ae0f-8c30-413c-9f1e-7b09e147ac16@group-7B1BC079B734-LeaderElection33] INFO  server.RaftServer$Division (RaftServerImpl.java:setFirstElection(574)) - 0af1ae0f-8c30-413c-9f1e-7b09e147ac16@group-7B1BC079B734: set firstElectionSinceStartup to false for becomeLeader
2024-03-11 08:32:52,085 [0af1ae0f-8c30-413c-9f1e-7b09e147ac16@group-7B1BC079B734-LeaderElection33] INFO  ratis.XceiverServerRatis (XceiverServerRatis.java:handleLeaderChangedNotification(966)) - Leader change notification received for group: group-7B1BC079B734 with new leaderId: 0af1ae0f-8c30-413c-9f1e-7b09e147ac16
2024-03-11 08:32:52,085 [0af1ae0f-8c30-413c-9f1e-7b09e147ac16@group-7B1BC079B734-LeaderElection33] INFO  server.RaftServer$Division (ServerState.java:setLeader(269)) - 0af1ae0f-8c30-413c-9f1e-7b09e147ac16@group-7B1BC079B734: change Leader from null to 0af1ae0f-8c30-413c-9f1e-7b09e147ac16 at term 1 for becomeLeader, leader elected after 5086ms
2024-03-11 08:32:52,085 [0af1ae0f-8c30-413c-9f1e-7b09e147ac16@group-7B1BC079B734-LeaderElection33] INFO  segmented.SegmentedRaftLogWorker (SegmentedRaftLogWorker.java:startLogSegment(430)) - 0af1ae0f-8c30-413c-9f1e-7b09e147ac16@group-7B1BC079B734-SegmentedRaftLogWorker: Starting segment from index:0
2024-03-11 08:32:52,086 [0af1ae0f-8c30-413c-9f1e-7b09e147ac16@group-7B1BC079B734-SegmentedRaftLogWorker] INFO  segmented.BufferedWriteChannel (BufferedWriteChannel.java:open(62)) - open log_inprogress_0 at position 0
2024-03-11 08:32:52,087 [EventQueue-PipelineReportForPipelineReportHandler] INFO  pipeline.PipelineReportHandler (PipelineReportHandler.java:processPipelineReport(136)) - Opened pipeline PipelineID=6e92967c-9c9f-4b16-ac8b-7b1bc079b734
2024-03-11 08:32:52,087 [EventQueue-OpenPipelineForHealthyPipelineSafeModeRule] INFO  safemode.SCMSafeModeManager (HealthyPipelineSafeModeRule.java:process(140)) - SCM in safe mode. Healthy pipelines reported count is 0, required healthy pipeline reported count is 1
2024-03-11 08:32:52,087 [EventQueue-OpenPipelineForHealthyPipelineSafeModeRule] INFO  safemode.SCMSafeModeManager (HealthyPipelineSafeModeRule.java:process(140)) - SCM in safe mode. Healthy pipelines reported count is 1, required healthy pipeline reported count is 1
2024-03-11 08:32:52,087 [EventQueue-OpenPipelineForHealthyPipelineSafeModeRule] INFO  safemode.SCMSafeModeManager (SCMSafeModeManager.java:validateSafeModeExitRules(200)) - HealthyPipelineSafeModeRule rule is successfully validated
2024-03-11 08:32:52,087 [EventQueue-OpenPipelineForHealthyPipelineSafeModeRule] INFO  safemode.SCMSafeModeManager (SCMSafeModeManager.java:validateSafeModeExitRules(215)) - ScmSafeModeManager, all rules are successfully validated
2024-03-11 08:32:52,087 [EventQueue-OpenPipelineForHealthyPipelineSafeModeRule] INFO  safemode.SCMSafeModeManager (SCMSafeModeManager.java:exitSafeMode(244)) - SCM exiting safe mode.
2024-03-11 08:32:52,087 [EventQueue-OpenPipelineForHealthyPipelineSafeModeRule] INFO  ha.SCMContext (SCMContext.java:updateSafeModeStatus(225)) - Update SafeModeStatus from SafeModeStatus{safeModeStatus=true, preCheckPassed=true} to SafeModeStatus{safeModeStatus=false, preCheckPassed=true}.
2024-03-11 08:32:52,087 [EventQueue-OpenPipelineForHealthyPipelineSafeModeRule] INFO  pipeline.BackgroundPipelineCreator (BackgroundPipelineCreator.java:notifyStatusChanged(258)) - Service BackgroundPipelineCreator transitions to RUNNING.
2024-03-11 08:32:52,087 [EventQueue-OpenPipelineForHealthyPipelineSafeModeRule] INFO  BackgroundPipelineScrubber (BackgroundSCMService.java:notifyStatusChanged(79)) - Service BackgroundPipelineScrubber transitions to RUNNING.
2024-03-11 08:32:52,087 [EventQueue-OpenPipelineForHealthyPipelineSafeModeRule] INFO  ExpiredContainerReplicaOpScrubber (BackgroundSCMService.java:notifyStatusChanged(79)) - Service ExpiredContainerReplicaOpScrubber transitions to RUNNING.
2024-03-11 08:32:52,087 [EventQueue-OpenPipelineForHealthyPipelineSafeModeRule] INFO  block.SCMBlockDeletingService (SCMBlockDeletingService.java:notifyStatusChanged(247)) - notifyStatusChanged:RUNNING
2024-03-11 08:32:52,087 [EventQueue-OpenPipelineForHealthyPipelineSafeModeRule] INFO  replication.ReplicationManager (ReplicationManager.java:notifyStatusChanged(1403)) - Service ReplicationManager transitions to RUNNING.
2024-03-11 08:32:52,088 [EventQueue-OpenPipelineForHealthyPipelineSafeModeRule] WARN  balancer.ContainerBalancer (ContainerBalancer.java:shouldRun(134)) - Could not find persisted configuration for ContainerBalancer when checking if ContainerBalancer should run. ContainerBalancer should not run now.
2024-03-11 08:32:52,090 [0af1ae0f-8c30-413c-9f1e-7b09e147ac16@group-7B1BC079B734-LeaderElection33] INFO  server.RaftServer$Division (ServerState.java:setRaftConf(386)) - 0af1ae0f-8c30-413c-9f1e-7b09e147ac16@group-7B1BC079B734: set configuration 0: peers:[d27ccdb5-db89-40cd-9d18-1f7a4f6c3e48|10.1.0.9:15151, 59c2aa1f-efee-4a31-8893-6c9c6933eb36|10.1.0.9:15169, 0af1ae0f-8c30-413c-9f1e-7b09e147ac16|10.1.0.9:15160]|listeners:[], old=null
2024-03-11 08:32:52,094 [0af1ae0f-8c30-413c-9f1e-7b09e147ac16@group-7B1BC079B734-SegmentedRaftLogWorker] INFO  segmented.SegmentedRaftLogWorker (SegmentedRaftLogWorker.java:execute(634)) - 0af1ae0f-8c30-413c-9f1e-7b09e147ac16@group-7B1BC079B734-SegmentedRaftLogWorker: created new log segment /home/runner/work/ozone/ozone/hadoop-ozone/integration-test/target/test-dir/MiniOzoneClusterImpl-3b234497-56f6-48e5-9ae2-a9674f906486/ozone-meta/datanode-2/ratis/6e92967c-9c9f-4b16-ac8b-7b1bc079b734/current/log_inprogress_0
2024-03-11 08:32:52,096 [59c2aa1f-efee-4a31-8893-6c9c6933eb36-server-thread1] INFO  ratis.XceiverServerRatis (XceiverServerRatis.java:handleLeaderChangedNotification(966)) - Leader change notification received for group: group-7B1BC079B734 with new leaderId: 0af1ae0f-8c30-413c-9f1e-7b09e147ac16
2024-03-11 08:32:52,096 [59c2aa1f-efee-4a31-8893-6c9c6933eb36-server-thread1] INFO  server.RaftServer$Division (ServerState.java:setLeader(269)) - 59c2aa1f-efee-4a31-8893-6c9c6933eb36@group-7B1BC079B734: change Leader from null to 0af1ae0f-8c30-413c-9f1e-7b09e147ac16 at term 1 for appendEntries, leader elected after 5074ms
2024-03-11 08:32:52,096 [d27ccdb5-db89-40cd-9d18-1f7a4f6c3e48-server-thread1] INFO  ratis.XceiverServerRatis (XceiverServerRatis.java:handleLeaderChangedNotification(966)) - Leader change notification received for group: group-7B1BC079B734 with new leaderId: 0af1ae0f-8c30-413c-9f1e-7b09e147ac16
2024-03-11 08:32:52,096 [d27ccdb5-db89-40cd-9d18-1f7a4f6c3e48-server-thread1] INFO  server.RaftServer$Division (ServerState.java:setLeader(269)) - d27ccdb5-db89-40cd-9d18-1f7a4f6c3e48@group-7B1BC079B734: change Leader from null to 0af1ae0f-8c30-413c-9f1e-7b09e147ac16 at term 1 for appendEntries, leader elected after 5114ms
2024-03-11 08:32:52,099 [59c2aa1f-efee-4a31-8893-6c9c6933eb36-server-thread2] INFO  server.RaftServer$Division (ServerState.java:setRaftConf(386)) - 59c2aa1f-efee-4a31-8893-6c9c6933eb36@group-7B1BC079B734: set configuration 0: peers:[d27ccdb5-db89-40cd-9d18-1f7a4f6c3e48|10.1.0.9:15151, 59c2aa1f-efee-4a31-8893-6c9c6933eb36|10.1.0.9:15169, 0af1ae0f-8c30-413c-9f1e-7b09e147ac16|10.1.0.9:15160]|listeners:[], old=null
2024-03-11 08:32:52,099 [59c2aa1f-efee-4a31-8893-6c9c6933eb36-server-thread2] INFO  segmented.SegmentedRaftLogWorker (SegmentedRaftLogWorker.java:startLogSegment(430)) - 59c2aa1f-efee-4a31-8893-6c9c6933eb36@group-7B1BC079B734-SegmentedRaftLogWorker: Starting segment from index:0
2024-03-11 08:32:52,099 [59c2aa1f-efee-4a31-8893-6c9c6933eb36@group-7B1BC079B734-SegmentedRaftLogWorker] INFO  segmented.BufferedWriteChannel (BufferedWriteChannel.java:open(62)) - open log_inprogress_0 at position 0
2024-03-11 08:32:52,105 [d27ccdb5-db89-40cd-9d18-1f7a4f6c3e48-server-thread2] INFO  server.RaftServer$Division (ServerState.java:setRaftConf(386)) - d27ccdb5-db89-40cd-9d18-1f7a4f6c3e48@group-7B1BC079B734: set configuration 0: peers:[d27ccdb5-db89-40cd-9d18-1f7a4f6c3e48|10.1.0.9:15151, 59c2aa1f-efee-4a31-8893-6c9c6933eb36|10.1.0.9:15169, 0af1ae0f-8c30-413c-9f1e-7b09e147ac16|10.1.0.9:15160]|listeners:[], old=null
2024-03-11 08:32:52,106 [d27ccdb5-db89-40cd-9d18-1f7a4f6c3e48-server-thread2] INFO  segmented.SegmentedRaftLogWorker (SegmentedRaftLogWorker.java:startLogSegment(430)) - d27ccdb5-db89-40cd-9d18-1f7a4f6c3e48@group-7B1BC079B734-SegmentedRaftLogWorker: Starting segment from index:0
2024-03-11 08:32:52,106 [d27ccdb5-db89-40cd-9d18-1f7a4f6c3e48@group-7B1BC079B734-SegmentedRaftLogWorker] INFO  segmented.BufferedWriteChannel (BufferedWriteChannel.java:open(62)) - open log_inprogress_0 at position 0
2024-03-11 08:32:52,108 [59c2aa1f-efee-4a31-8893-6c9c6933eb36@group-7B1BC079B734-SegmentedRaftLogWorker] INFO  segmented.SegmentedRaftLogWorker (SegmentedRaftLogWorker.java:execute(634)) - 59c2aa1f-efee-4a31-8893-6c9c6933eb36@group-7B1BC079B734-SegmentedRaftLogWorker: created new log segment /home/runner/work/ozone/ozone/hadoop-ozone/integration-test/target/test-dir/MiniOzoneClusterImpl-3b234497-56f6-48e5-9ae2-a9674f906486/ozone-meta/datanode-3/ratis/6e92967c-9c9f-4b16-ac8b-7b1bc079b734/current/log_inprogress_0
2024-03-11 08:32:52,113 [0af1ae0f-8c30-413c-9f1e-7b09e147ac16@group-7B1BC079B734-StateMachineUpdater] INFO  server.RaftServer$Division (LeaderStateImpl.java:isApplied(320)) - leader is ready since appliedIndex == 0 >= startIndex == 0
2024-03-11 08:32:52,114 [d27ccdb5-db89-40cd-9d18-1f7a4f6c3e48@group-7B1BC079B734-SegmentedRaftLogWorker] INFO  segmented.SegmentedRaftLogWorker (SegmentedRaftLogWorker.java:execute(634)) - d27ccdb5-db89-40cd-9d18-1f7a4f6c3e48@group-7B1BC079B734-SegmentedRaftLogWorker: created new log segment /home/runner/work/ozone/ozone/hadoop-ozone/integration-test/target/test-dir/MiniOzoneClusterImpl-3b234497-56f6-48e5-9ae2-a9674f906486/ozone-meta/datanode-1/ratis/6e92967c-9c9f-4b16-ac8b-7b1bc079b734/current/log_inprogress_0
2024-03-11 08:32:52,131 [59c2aa1f-efee-4a31-8893-6c9c6933eb36@group-0A7977EA53A3-FollowerState] INFO  impl.FollowerState (FollowerState.java:run(143)) - 59c2aa1f-efee-4a31-8893-6c9c6933eb36@group-0A7977EA53A3-FollowerState: change to CANDIDATE, lastRpcElapsedTime:5054495848ns, electionTimeout:5054ms
2024-03-11 08:32:52,131 [59c2aa1f-efee-4a31-8893-6c9c6933eb36@group-0A7977EA53A3-FollowerState] INFO  impl.RoleInfo (RoleInfo.java:shutdownFollowerState(110)) - 59c2aa1f-efee-4a31-8893-6c9c6933eb36: shutdown 59c2aa1f-efee-4a31-8893-6c9c6933eb36@group-0A7977EA53A3-FollowerState
2024-03-11 08:32:52,131 [59c2aa1f-efee-4a31-8893-6c9c6933eb36@group-0A7977EA53A3-FollowerState] INFO  server.RaftServer$Division (RaftServerImpl.java:setRole(383)) - 59c2aa1f-efee-4a31-8893-6c9c6933eb36@group-0A7977EA53A3: changes role from  FOLLOWER to CANDIDATE at term 0 for changeToCandidate
2024-03-11 08:32:52,131 [59c2aa1f-efee-4a31-8893-6c9c6933eb36@group-0A7977EA53A3-FollowerState] INFO  server.RaftServerConfigKeys (ConfUtils.java:logGet(46)) - raft.server.leaderelection.pre-vote = true (default)
2024-03-11 08:32:52,131 [59c2aa1f-efee-4a31-8893-6c9c6933eb36@group-0A7977EA53A3-FollowerState] INFO  impl.RoleInfo (RoleInfo.java:updateAndGet(139)) - 59c2aa1f-efee-4a31-8893-6c9c6933eb36: start 59c2aa1f-efee-4a31-8893-6c9c6933eb36@group-0A7977EA53A3-LeaderElection34
2024-03-11 08:32:52,133 [59c2aa1f-efee-4a31-8893-6c9c6933eb36@group-0A7977EA53A3-LeaderElection34] INFO  impl.LeaderElection (LeaderElection.java:askForVotes(321)) - 59c2aa1f-efee-4a31-8893-6c9c6933eb36@group-0A7977EA53A3-LeaderElection34 PRE_VOTE round 0: submit vote requests at term 0 for -1: peers:[d27ccdb5-db89-40cd-9d18-1f7a4f6c3e48|10.1.0.9:15151, 59c2aa1f-efee-4a31-8893-6c9c6933eb36|10.1.0.9:15169, 0af1ae0f-8c30-413c-9f1e-7b09e147ac16|10.1.0.9:15160]|listeners:[], old=null
2024-03-11 08:32:52,133 [59c2aa1f-efee-4a31-8893-6c9c6933eb36@group-0A7977EA53A3-LeaderElection34-1] INFO  server.GrpcServerProtocolClient (GrpcServerProtocolClient.java:<init>(65)) - Build channel for d27ccdb5-db89-40cd-9d18-1f7a4f6c3e48|10.1.0.9:15151
2024-03-11 08:32:52,133 [59c2aa1f-efee-4a31-8893-6c9c6933eb36@group-0A7977EA53A3-LeaderElection34-2] INFO  server.GrpcServerProtocolClient (GrpcServerProtocolClient.java:<init>(65)) - Build channel for 0af1ae0f-8c30-413c-9f1e-7b09e147ac16|10.1.0.9:15160
2024-03-11 08:32:52,133 [59c2aa1f-efee-4a31-8893-6c9c6933eb36@group-0A7977EA53A3-LeaderElection34] INFO  server.RaftServerConfigKeys (ConfUtils.java:logFallback(53)) - raft.server.rpc.first-election.timeout.min = 5s (fallback to raft.server.rpc.timeout.min)
2024-03-11 08:32:52,134 [59c2aa1f-efee-4a31-8893-6c9c6933eb36@group-0A7977EA53A3-LeaderElection34] INFO  server.RaftServerConfigKeys (ConfUtils.java:logFallback(53)) - raft.server.rpc.first-election.timeout.max = 5200ms (fallback to raft.server.rpc.timeout.max)
2024-03-11 08:32:52,137 [grpc-default-executor-5] INFO  server.RaftServer$Division (RaftServerImpl.java:requestVote(1389)) - d27ccdb5-db89-40cd-9d18-1f7a4f6c3e48@group-0A7977EA53A3: receive requestVote(PRE_VOTE, 59c2aa1f-efee-4a31-8893-6c9c6933eb36, group-0A7977EA53A3, 0, (t:0, i:0))
2024-03-11 08:32:52,138 [grpc-default-executor-5] INFO  impl.VoteContext (VoteContext.java:log(49)) - d27ccdb5-db89-40cd-9d18-1f7a4f6c3e48@group-0A7977EA53A3-FOLLOWER: accept PRE_VOTE from 59c2aa1f-efee-4a31-8893-6c9c6933eb36: our priority 0 <= candidate's priority 1
2024-03-11 08:32:52,138 [grpc-default-executor-5] INFO  server.RaftServer$Division (RaftServerImpl.java:requestVote(1422)) - d27ccdb5-db89-40cd-9d18-1f7a4f6c3e48@group-0A7977EA53A3 replies to PRE_VOTE vote request: 59c2aa1f-efee-4a31-8893-6c9c6933eb36<-d27ccdb5-db89-40cd-9d18-1f7a4f6c3e48#0:OK-t0. Peer's state: d27ccdb5-db89-40cd-9d18-1f7a4f6c3e48@group-0A7977EA53A3:t0, leader=null, voted=, raftlog=Memoized:d27ccdb5-db89-40cd-9d18-1f7a4f6c3e48@group-0A7977EA53A3-SegmentedRaftLog:OPENED:c-1, conf=-1: peers:[d27ccdb5-db89-40cd-9d18-1f7a4f6c3e48|10.1.0.9:15151, 59c2aa1f-efee-4a31-8893-6c9c6933eb36|10.1.0.9:15169, 0af1ae0f-8c30-413c-9f1e-7b09e147ac16|10.1.0.9:15160]|listeners:[], old=null
2024-03-11 08:32:52,139 [59c2aa1f-efee-4a31-8893-6c9c6933eb36@group-0A7977EA53A3-LeaderElection34] INFO  impl.LeaderElection (LeaderElection.java:logAndReturn(89)) - 59c2aa1f-efee-4a31-8893-6c9c6933eb36@group-0A7977EA53A3-LeaderElection34: PRE_VOTE PASSED received 1 response(s) and 0 exception(s):
2024-03-11 08:32:52,139 [59c2aa1f-efee-4a31-8893-6c9c6933eb36@group-0A7977EA53A3-LeaderElection34] INFO  impl.LeaderElection (LeaderElection.java:logAndReturn(93)) -   Response 0: 59c2aa1f-efee-4a31-8893-6c9c6933eb36<-d27ccdb5-db89-40cd-9d18-1f7a4f6c3e48#0:OK-t0
2024-03-11 08:32:52,139 [59c2aa1f-efee-4a31-8893-6c9c6933eb36@group-0A7977EA53A3-LeaderElection34] INFO  impl.LeaderElection (LeaderElection.java:askForVotes(323)) - 59c2aa1f-efee-4a31-8893-6c9c6933eb36@group-0A7977EA53A3-LeaderElection34 PRE_VOTE round 0: result PASSED
2024-03-11 08:32:52,139 [grpc-default-executor-5] INFO  server.RaftServer$Division (RaftServerImpl.java:requestVote(1389)) - 0af1ae0f-8c30-413c-9f1e-7b09e147ac16@group-0A7977EA53A3: receive requestVote(PRE_VOTE, 59c2aa1f-efee-4a31-8893-6c9c6933eb36, group-0A7977EA53A3, 0, (t:0, i:0))
2024-03-11 08:32:52,140 [grpc-default-executor-5] INFO  impl.VoteContext (VoteContext.java:log(49)) - 0af1ae0f-8c30-413c-9f1e-7b09e147ac16@group-0A7977EA53A3-FOLLOWER: accept PRE_VOTE from 59c2aa1f-efee-4a31-8893-6c9c6933eb36: our priority 0 <= candidate's priority 1
2024-03-11 08:32:52,140 [grpc-default-executor-5] INFO  server.RaftServer$Division (RaftServerImpl.java:requestVote(1422)) - 0af1ae0f-8c30-413c-9f1e-7b09e147ac16@group-0A7977EA53A3 replies to PRE_VOTE vote request: 59c2aa1f-efee-4a31-8893-6c9c6933eb36<-0af1ae0f-8c30-413c-9f1e-7b09e147ac16#0:OK-t0. Peer's state: 0af1ae0f-8c30-413c-9f1e-7b09e147ac16@group-0A7977EA53A3:t0, leader=null, voted=, raftlog=Memoized:0af1ae0f-8c30-413c-9f1e-7b09e147ac16@group-0A7977EA53A3-SegmentedRaftLog:OPENED:c-1, conf=-1: peers:[d27ccdb5-db89-40cd-9d18-1f7a4f6c3e48|10.1.0.9:15151, 59c2aa1f-efee-4a31-8893-6c9c6933eb36|10.1.0.9:15169, 0af1ae0f-8c30-413c-9f1e-7b09e147ac16|10.1.0.9:15160]|listeners:[], old=null
2024-03-11 08:32:52,141 [59c2aa1f-efee-4a31-8893-6c9c6933eb36@group-0A7977EA53A3-LeaderElection34] INFO  impl.LeaderElection (LeaderElection.java:askForVotes(321)) - 59c2aa1f-efee-4a31-8893-6c9c6933eb36@group-0A7977EA53A3-LeaderElection34 ELECTION round 0: submit vote requests at term 1 for -1: peers:[d27ccdb5-db89-40cd-9d18-1f7a4f6c3e48|10.1.0.9:15151, 59c2aa1f-efee-4a31-8893-6c9c6933eb36|10.1.0.9:15169, 0af1ae0f-8c30-413c-9f1e-7b09e147ac16|10.1.0.9:15160]|listeners:[], old=null
2024-03-11 08:32:52,142 [59c2aa1f-efee-4a31-8893-6c9c6933eb36@group-0A7977EA53A3-LeaderElection34] INFO  server.RaftServerConfigKeys (ConfUtils.java:logFallback(53)) - raft.server.rpc.first-election.timeout.min = 5s (fallback to raft.server.rpc.timeout.min)
2024-03-11 08:32:52,142 [59c2aa1f-efee-4a31-8893-6c9c6933eb36@group-0A7977EA53A3-LeaderElection34] INFO  server.RaftServerConfigKeys (ConfUtils.java:logFallback(53)) - raft.server.rpc.first-election.timeout.max = 5200ms (fallback to raft.server.rpc.timeout.max)
2024-03-11 08:32:52,142 [grpc-default-executor-5] INFO  server.RaftServer$Division (RaftServerImpl.java:requestVote(1389)) - d27ccdb5-db89-40cd-9d18-1f7a4f6c3e48@group-0A7977EA53A3: receive requestVote(ELECTION, 59c2aa1f-efee-4a31-8893-6c9c6933eb36, group-0A7977EA53A3, 1, (t:0, i:0))
2024-03-11 08:32:52,143 [grpc-default-executor-5] INFO  impl.VoteContext (VoteContext.java:log(49)) - d27ccdb5-db89-40cd-9d18-1f7a4f6c3e48@group-0A7977EA53A3-FOLLOWER: accept ELECTION from 59c2aa1f-efee-4a31-8893-6c9c6933eb36: our priority 0 <= candidate's priority 1
2024-03-11 08:32:52,143 [grpc-default-executor-5] INFO  server.RaftServer$Division (RaftServerImpl.java:setRole(383)) - d27ccdb5-db89-40cd-9d18-1f7a4f6c3e48@group-0A7977EA53A3: changes role from  FOLLOWER to FOLLOWER at term 1 for candidate:59c2aa1f-efee-4a31-8893-6c9c6933eb36
2024-03-11 08:32:52,143 [grpc-default-executor-0] INFO  server.RaftServer$Division (RaftServerImpl.java:requestVote(1389)) - 0af1ae0f-8c30-413c-9f1e-7b09e147ac16@group-0A7977EA53A3: receive requestVote(ELECTION, 59c2aa1f-efee-4a31-8893-6c9c6933eb36, group-0A7977EA53A3, 1, (t:0, i:0))
2024-03-11 08:32:52,143 [grpc-default-executor-5] INFO  impl.RoleInfo (RoleInfo.java:shutdownFollowerState(110)) - d27ccdb5-db89-40cd-9d18-1f7a4f6c3e48: shutdown d27ccdb5-db89-40cd-9d18-1f7a4f6c3e48@group-0A7977EA53A3-FollowerState
2024-03-11 08:32:52,146 [grpc-default-executor-0] INFO  impl.VoteContext (VoteContext.java:log(49)) - 0af1ae0f-8c30-413c-9f1e-7b09e147ac16@group-0A7977EA53A3-FOLLOWER: accept ELECTION from 59c2aa1f-efee-4a31-8893-6c9c6933eb36: our priority 0 <= candidate's priority 1
2024-03-11 08:32:52,146 [grpc-default-executor-5] INFO  impl.RoleInfo (RoleInfo.java:updateAndGet(139)) - d27ccdb5-db89-40cd-9d18-1f7a4f6c3e48: start d27ccdb5-db89-40cd-9d18-1f7a4f6c3e48@group-0A7977EA53A3-FollowerState
2024-03-11 08:32:52,146 [grpc-default-executor-0] INFO  server.RaftServer$Division (RaftServerImpl.java:setRole(383)) - 0af1ae0f-8c30-413c-9f1e-7b09e147ac16@group-0A7977EA53A3: changes role from  FOLLOWER to FOLLOWER at term 1 for candidate:59c2aa1f-efee-4a31-8893-6c9c6933eb36
2024-03-11 08:32:52,146 [grpc-default-executor-0] INFO  impl.RoleInfo (RoleInfo.java:shutdownFollowerState(110)) - 0af1ae0f-8c30-413c-9f1e-7b09e147ac16: shutdown 0af1ae0f-8c30-413c-9f1e-7b09e147ac16@group-0A7977EA53A3-FollowerState
2024-03-11 08:32:52,146 [grpc-default-executor-0] INFO  impl.RoleInfo (RoleInfo.java:updateAndGet(139)) - 0af1ae0f-8c30-413c-9f1e-7b09e147ac16: start 0af1ae0f-8c30-413c-9f1e-7b09e147ac16@group-0A7977EA53A3-FollowerState
2024-03-11 08:32:52,146 [0af1ae0f-8c30-413c-9f1e-7b09e147ac16@group-0A7977EA53A3-FollowerState] INFO  impl.FollowerState (FollowerState.java:run(152)) - 0af1ae0f-8c30-413c-9f1e-7b09e147ac16@group-0A7977EA53A3-FollowerState was interrupted
2024-03-11 08:32:52,146 [d27ccdb5-db89-40cd-9d18-1f7a4f6c3e48@group-0A7977EA53A3-FollowerState] INFO  impl.FollowerState (FollowerState.java:run(152)) - d27ccdb5-db89-40cd-9d18-1f7a4f6c3e48@group-0A7977EA53A3-FollowerState was interrupted
2024-03-11 08:32:52,146 [grpc-default-executor-5] INFO  server.RaftServer$Division (RaftServerImpl.java:setFirstElection(574)) - d27ccdb5-db89-40cd-9d18-1f7a4f6c3e48@group-0A7977EA53A3: set firstElectionSinceStartup to false for candidate:59c2aa1f-efee-4a31-8893-6c9c6933eb36
2024-03-11 08:32:52,146 [grpc-default-executor-0] INFO  server.RaftServer$Division (RaftServerImpl.java:setFirstElection(574)) - 0af1ae0f-8c30-413c-9f1e-7b09e147ac16@group-0A7977EA53A3: set firstElectionSinceStartup to false for candidate:59c2aa1f-efee-4a31-8893-6c9c6933eb36
2024-03-11 08:32:52,151 [grpc-default-executor-5] INFO  server.RaftServer$Division (RaftServerImpl.java:requestVote(1422)) - d27ccdb5-db89-40cd-9d18-1f7a4f6c3e48@group-0A7977EA53A3 replies to ELECTION vote request: 59c2aa1f-efee-4a31-8893-6c9c6933eb36<-d27ccdb5-db89-40cd-9d18-1f7a4f6c3e48#0:OK-t1. Peer's state: d27ccdb5-db89-40cd-9d18-1f7a4f6c3e48@group-0A7977EA53A3:t1, leader=null, voted=59c2aa1f-efee-4a31-8893-6c9c6933eb36, raftlog=Memoized:d27ccdb5-db89-40cd-9d18-1f7a4f6c3e48@group-0A7977EA53A3-SegmentedRaftLog:OPENED:c-1, conf=-1: peers:[d27ccdb5-db89-40cd-9d18-1f7a4f6c3e48|10.1.0.9:15151, 59c2aa1f-efee-4a31-8893-6c9c6933eb36|10.1.0.9:15169, 0af1ae0f-8c30-413c-9f1e-7b09e147ac16|10.1.0.9:15160]|listeners:[], old=null
2024-03-11 08:32:52,151 [grpc-default-executor-0] INFO  server.RaftServer$Division (RaftServerImpl.java:requestVote(1422)) - 0af1ae0f-8c30-413c-9f1e-7b09e147ac16@group-0A7977EA53A3 replies to ELECTION vote request: 59c2aa1f-efee-4a31-8893-6c9c6933eb36<-0af1ae0f-8c30-413c-9f1e-7b09e147ac16#0:OK-t1. Peer's state: 0af1ae0f-8c30-413c-9f1e-7b09e147ac16@group-0A7977EA53A3:t1, leader=null, voted=59c2aa1f-efee-4a31-8893-6c9c6933eb36, raftlog=Memoized:0af1ae0f-8c30-413c-9f1e-7b09e147ac16@group-0A7977EA53A3-SegmentedRaftLog:OPENED:c-1, conf=-1: peers:[d27ccdb5-db89-40cd-9d18-1f7a4f6c3e48|10.1.0.9:15151, 59c2aa1f-efee-4a31-8893-6c9c6933eb36|10.1.0.9:15169, 0af1ae0f-8c30-413c-9f1e-7b09e147ac16|10.1.0.9:15160]|listeners:[], old=null
2024-03-11 08:32:52,151 [59c2aa1f-efee-4a31-8893-6c9c6933eb36@group-0A7977EA53A3-LeaderElection34] INFO  impl.LeaderElection (LeaderElection.java:logAndReturn(89)) - 59c2aa1f-efee-4a31-8893-6c9c6933eb36@group-0A7977EA53A3-LeaderElection34: ELECTION PASSED received 1 response(s) and 0 exception(s):
2024-03-11 08:32:52,151 [59c2aa1f-efee-4a31-8893-6c9c6933eb36@group-0A7977EA53A3-LeaderElection34] INFO  impl.LeaderElection (LeaderElection.java:logAndReturn(93)) -   Response 0: 59c2aa1f-efee-4a31-8893-6c9c6933eb36<-d27ccdb5-db89-40cd-9d18-1f7a4f6c3e48#0:OK-t1
2024-03-11 08:32:52,151 [59c2aa1f-efee-4a31-8893-6c9c6933eb36@group-0A7977EA53A3-LeaderElection34] INFO  impl.LeaderElection (LeaderElection.java:askForVotes(323)) - 59c2aa1f-efee-4a31-8893-6c9c6933eb36@group-0A7977EA53A3-LeaderElection34 ELECTION round 0: result PASSED
2024-03-11 08:32:52,151 [59c2aa1f-efee-4a31-8893-6c9c6933eb36@group-0A7977EA53A3-LeaderElection34] INFO  impl.RoleInfo (RoleInfo.java:shutdownLeaderElection(130)) - 59c2aa1f-efee-4a31-8893-6c9c6933eb36: shutdown 59c2aa1f-efee-4a31-8893-6c9c6933eb36@group-0A7977EA53A3-LeaderElection34
2024-03-11 08:32:52,152 [59c2aa1f-efee-4a31-8893-6c9c6933eb36@group-0A7977EA53A3-LeaderElection34] INFO  server.RaftServer$Division (RaftServerImpl.java:setRole(383)) - 59c2aa1f-efee-4a31-8893-6c9c6933eb36@group-0A7977EA53A3: changes role from CANDIDATE to LEADER at term 1 for changeToLeader
2024-03-11 08:32:52,152 [d27ccdb5-db89-40cd-9d18-1f7a4f6c3e48@group-F5B44847CD7F-FollowerState] INFO  impl.FollowerState (FollowerState.java:run(143)) - d27ccdb5-db89-40cd-9d18-1f7a4f6c3e48@group-F5B44847CD7F-FollowerState: change to CANDIDATE, lastRpcElapsedTime:5172467556ns, electionTimeout:5172ms
2024-03-11 08:32:52,152 [59c2aa1f-efee-4a31-8893-6c9c6933eb36@group-0A7977EA53A3-LeaderElection34] INFO  server.RaftServerConfigKeys (ConfUtils.java:logGet(46)) - raft.server.staging.catchup.gap = 1000 (default)
2024-03-11 08:32:52,152 [d27ccdb5-db89-40cd-9d18-1f7a4f6c3e48@group-F5B44847CD7F-FollowerState] INFO  impl.RoleInfo (RoleInfo.java:shutdownFollowerState(110)) - d27ccdb5-db89-40cd-9d18-1f7a4f6c3e48: shutdown d27ccdb5-db89-40cd-9d18-1f7a4f6c3e48@group-F5B44847CD7F-FollowerState
2024-03-11 08:32:52,152 [d27ccdb5-db89-40cd-9d18-1f7a4f6c3e48@group-F5B44847CD7F-FollowerState] INFO  server.RaftServer$Division (RaftServerImpl.java:setRole(383)) - d27ccdb5-db89-40cd-9d18-1f7a4f6c3e48@group-F5B44847CD7F: changes role from  FOLLOWER to CANDIDATE at term 0 for changeToCandidate
2024-03-11 08:32:52,152 [d27ccdb5-db89-40cd-9d18-1f7a4f6c3e48@group-F5B44847CD7F-FollowerState] INFO  server.RaftServerConfigKeys (ConfUtils.java:logGet(46)) - raft.server.leaderelection.pre-vote = true (default)
2024-03-11 08:32:52,152 [59c2aa1f-efee-4a31-8893-6c9c6933eb36@group-0A7977EA53A3-LeaderElection34] INFO  server.RaftServerConfigKeys (ConfUtils.java:logGet(46)) - raft.server.write.element-limit = 1024 (custom)
2024-03-11 08:32:52,152 [d27ccdb5-db89-40cd-9d18-1f7a4f6c3e48@group-F5B44847CD7F-FollowerState] INFO  impl.RoleInfo (RoleInfo.java:updateAndGet(139)) - d27ccdb5-db89-40cd-9d18-1f7a4f6c3e48: start d27ccdb5-db89-40cd-9d18-1f7a4f6c3e48@group-F5B44847CD7F-LeaderElection35
2024-03-11 08:32:52,152 [59c2aa1f-efee-4a31-8893-6c9c6933eb36@group-0A7977EA53A3-LeaderElection34] INFO  server.RaftServerConfigKeys (ConfUtils.java:logGet(46)) - raft.server.write.byte-limit = 1024 M (=1073741824) (custom)
2024-03-11 08:32:52,152 [59c2aa1f-efee-4a31-8893-6c9c6933eb36@group-0A7977EA53A3-LeaderElection34] INFO  server.RaftServerConfigKeys (ConfUtils.java:logGet(46)) - raft.server.watch.timeout = 180s (custom)
2024-03-11 08:32:52,152 [59c2aa1f-efee-4a31-8893-6c9c6933eb36@group-0A7977EA53A3-LeaderElection34] INFO  server.RaftServerConfigKeys (ConfUtils.java:logGet(46)) - raft.server.watch.timeout.denomination = 1s (default)
2024-03-11 08:32:52,152 [59c2aa1f-efee-4a31-8893-6c9c6933eb36@group-0A7977EA53A3-LeaderElection34] INFO  server.RaftServerConfigKeys (ConfUtils.java:logGet(46)) - raft.server.watch.element-limit = 65536 (default)
2024-03-11 08:32:52,152 [59c2aa1f-efee-4a31-8893-6c9c6933eb36@group-0A7977EA53A3-LeaderElection34] INFO  server.RaftServerConfigKeys (ConfUtils.java:logGet(46)) - raft.server.read.leader.lease.enabled = false (default)
2024-03-11 08:32:52,152 [59c2aa1f-efee-4a31-8893-6c9c6933eb36@group-0A7977EA53A3-LeaderElection34] INFO  server.RaftServerConfigKeys (ConfUtils.java:logGet(46)) - raft.server.read.leader.lease.timeout.ratio = 0.9 (default)
2024-03-11 08:32:52,152 [59c2aa1f-efee-4a31-8893-6c9c6933eb36@group-0A7977EA53A3-LeaderElection34] INFO  server.RaftServerConfigKeys (ConfUtils.java:logGet(46)) - raft.server.rpc.timeout.min = 5s (custom)
2024-03-11 08:32:52,152 [59c2aa1f-efee-4a31-8893-6c9c6933eb36@group-0A7977EA53A3-LeaderElection34] INFO  server.RaftServerConfigKeys (ConfUtils.java:logGet(46)) - raft.server.write.element-limit = 1024 (custom)
2024-03-11 08:32:52,152 [59c2aa1f-efee-4a31-8893-6c9c6933eb36@group-0A7977EA53A3-LeaderElection34] INFO  server.RaftServerConfigKeys (ConfUtils.java:logGet(46)) - raft.server.write.follower.gap.ratio.max = -1.0 (default)
2024-03-11 08:32:52,153 [59c2aa1f-efee-4a31-8893-6c9c6933eb36@group-0A7977EA53A3-LeaderElection34] INFO  server.RaftServerConfigKeys (ConfUtils.java:logGet(46)) - raft.server.log.appender.snapshot.chunk.size.max = 16MB (=16777216) (default)
2024-03-11 08:32:52,153 [59c2aa1f-efee-4a31-8893-6c9c6933eb36@group-0A7977EA53A3-LeaderElection34] INFO  server.RaftServerConfigKeys (ConfUtils.java:logGet(46)) - raft.server.log.appender.buffer.byte-limit = 8388608 (custom)
2024-03-11 08:32:52,153 [59c2aa1f-efee-4a31-8893-6c9c6933eb36@group-0A7977EA53A3-LeaderElection34] INFO  server.RaftServerConfigKeys (ConfUtils.java:logGet(46)) - raft.server.log.appender.buffer.element-limit = 1 (custom)
2024-03-11 08:32:52,158 [59c2aa1f-efee-4a31-8893-6c9c6933eb36@group-0A7977EA53A3-LeaderElection34] INFO  server.RaftServerConfigKeys (ConfUtils.java:logGet(46)) - raft.server.log.appender.wait-time.min = 0μs (custom)
2024-03-11 08:32:52,158 [d27ccdb5-db89-40cd-9d18-1f7a4f6c3e48@group-F5B44847CD7F-LeaderElection35] INFO  impl.LeaderElection (LeaderElection.java:askForVotes(321)) - d27ccdb5-db89-40cd-9d18-1f7a4f6c3e48@group-F5B44847CD7F-LeaderElection35 PRE_VOTE round 0: submit vote requests at term 0 for -1: peers:[d27ccdb5-db89-40cd-9d18-1f7a4f6c3e48|10.1.0.9:15151]|listeners:[], old=null
2024-03-11 08:32:52,158 [59c2aa1f-efee-4a31-8893-6c9c6933eb36@group-0A7977EA53A3-LeaderElection34] INFO  grpc.GrpcConfigKeys (ConfUtils.java:logGet(46)) - raft.grpc.server.leader.outstanding.appends.max = 8 (default)
2024-03-11 08:32:52,158 [d27ccdb5-db89-40cd-9d18-1f7a4f6c3e48@group-F5B44847CD7F-LeaderElection35] INFO  impl.LeaderElection (LeaderElection.java:askForVotes(323)) - d27ccdb5-db89-40cd-9d18-1f7a4f6c3e48@group-F5B44847CD7F-LeaderElection35 PRE_VOTE round 0: result PASSED (term=0)
2024-03-11 08:32:52,158 [59c2aa1f-efee-4a31-8893-6c9c6933eb36@group-0A7977EA53A3-LeaderElection34] INFO  server.RaftServerConfigKeys (ConfUtils.java:logGet(46)) - raft.server.rpc.request.timeout = 60s (custom)
2024-03-11 08:32:52,159 [59c2aa1f-efee-4a31-8893-6c9c6933eb36@group-0A7977EA53A3-LeaderElection34] INFO  grpc.GrpcConfigKeys (ConfUtils.java:logGet(46)) - raft.grpc.server.install_snapshot.request.element-limit = 8 (default)
2024-03-11 08:32:52,159 [59c2aa1f-efee-4a31-8893-6c9c6933eb36@group-0A7977EA53A3-LeaderElection34] INFO  grpc.GrpcConfigKeys (ConfUtils.java:logGet(46)) - raft.grpc.server.install_snapshot.request.timeout = 3000ms (default)
2024-03-11 08:32:52,159 [59c2aa1f-efee-4a31-8893-6c9c6933eb36@group-0A7977EA53A3-LeaderElection34] INFO  grpc.GrpcConfigKeys (ConfUtils.java:logGet(46)) - raft.grpc.server.log-message.batch.duration = 5s (default)
2024-03-11 08:32:52,159 [59c2aa1f-efee-4a31-8893-6c9c6933eb36@group-0A7977EA53A3-LeaderElection34] INFO  server.RaftServerConfigKeys (ConfUtils.java:logGet(46)) - raft.server.log.appender.install.snapshot.enabled = false (custom)
2024-03-11 08:32:52,159 [59c2aa1f-efee-4a31-8893-6c9c6933eb36@group-0A7977EA53A3-LeaderElection34] INFO  grpc.GrpcConfigKeys (ConfUtils.java:logGet(46)) - raft.grpc.server.heartbeat.channel = true (default)
2024-03-11 08:32:52,159 [59c2aa1f-efee-4a31-8893-6c9c6933eb36@group-0A7977EA53A3-LeaderElection34] INFO  server.RaftServerConfigKeys (ConfUtils.java:logGet(46)) - raft.server.log.appender.snapshot.chunk.size.max = 16MB (=16777216) (default)
2024-03-11 08:32:52,159 [59c2aa1f-efee-4a31-8893-6c9c6933eb36@group-0A7977EA53A3-LeaderElection34] INFO  server.RaftServerConfigKeys (ConfUtils.java:logGet(46)) - raft.server.log.appender.buffer.byte-limit = 8388608 (custom)
2024-03-11 08:32:52,160 [59c2aa1f-efee-4a31-8893-6c9c6933eb36@group-0A7977EA53A3-LeaderElection34] INFO  server.RaftServerConfigKeys (ConfUtils.java:logGet(46)) - raft.server.log.appender.buffer.element-limit = 1 (custom)
2024-03-11 08:32:52,160 [59c2aa1f-efee-4a31-8893-6c9c6933eb36@group-0A7977EA53A3-LeaderElection34] INFO  server.RaftServerConfigKeys (ConfUtils.java:logGet(46)) - raft.server.log.appender.wait-time.min = 0μs (custom)
2024-03-11 08:32:52,160 [59c2aa1f-efee-4a31-8893-6c9c6933eb36@group-0A7977EA53A3-LeaderElection34] INFO  grpc.GrpcConfigKeys (ConfUtils.java:logGet(46)) - raft.grpc.server.leader.outstanding.appends.max = 8 (default)
2024-03-11 08:32:52,160 [59c2aa1f-efee-4a31-8893-6c9c6933eb36@group-0A7977EA53A3-LeaderElection34] INFO  server.RaftServerConfigKeys (ConfUtils.java:logGet(46)) - raft.server.rpc.request.timeout = 60s (custom)
2024-03-11 08:32:52,160 [59c2aa1f-efee-4a31-8893-6c9c6933eb36@group-0A7977EA53A3-LeaderElection34] INFO  grpc.GrpcConfigKeys (ConfUtils.java:logGet(46)) - raft.grpc.server.install_snapshot.request.element-limit = 8 (default)
2024-03-11 08:32:52,160 [59c2aa1f-efee-4a31-8893-6c9c6933eb36@group-0A7977EA53A3-LeaderElection34] INFO  grpc.GrpcConfigKeys (ConfUtils.java:logGet(46)) - raft.grpc.server.install_snapshot.request.timeout = 3000ms (default)
2024-03-11 08:32:52,160 [59c2aa1f-efee-4a31-8893-6c9c6933eb36@group-0A7977EA53A3-LeaderElection34] INFO  grpc.GrpcConfigKeys (ConfUtils.java:logGet(46)) - raft.grpc.server.log-message.batch.duration = 5s (default)
2024-03-11 08:32:52,160 [59c2aa1f-efee-4a31-8893-6c9c6933eb36@group-0A7977EA53A3-LeaderElection34] INFO  server.RaftServerConfigKeys (ConfUtils.java:logGet(46)) - raft.server.log.appender.install.snapshot.enabled = false (custom)
2024-03-11 08:32:52,160 [59c2aa1f-efee-4a31-8893-6c9c6933eb36@group-0A7977EA53A3-LeaderElection34] INFO  grpc.GrpcConfigKeys (ConfUtils.java:logGet(46)) - raft.grpc.server.heartbeat.channel = true (default)
2024-03-11 08:32:52,160 [59c2aa1f-efee-4a31-8893-6c9c6933eb36@group-0A7977EA53A3-LeaderElection34] INFO  impl.RoleInfo (RoleInfo.java:updateAndGet(139)) - 59c2aa1f-efee-4a31-8893-6c9c6933eb36: start 59c2aa1f-efee-4a31-8893-6c9c6933eb36@group-0A7977EA53A3-LeaderStateImpl
2024-03-11 08:32:52,160 [59c2aa1f-efee-4a31-8893-6c9c6933eb36@group-0A7977EA53A3-LeaderElection34] INFO  server.RaftServer$Division (RaftServerImpl.java:setFirstElection(574)) - 59c2aa1f-efee-4a31-8893-6c9c6933eb36@group-0A7977EA53A3: set firstElectionSinceStartup to false for becomeLeader
2024-03-11 08:32:52,160 [59c2aa1f-efee-4a31-8893-6c9c6933eb36@group-0A7977EA53A3-LeaderElection34] INFO  ratis.XceiverServerRatis (XceiverServerRatis.java:handleLeaderChangedNotification(966)) - Leader change notification received for group: group-0A7977EA53A3 with new leaderId: 59c2aa1f-efee-4a31-8893-6c9c6933eb36
2024-03-11 08:32:52,161 [59c2aa1f-efee-4a31-8893-6c9c6933eb36@group-0A7977EA53A3-LeaderElection34] INFO  server.RaftServer$Division (ServerState.java:setLeader(269)) - 59c2aa1f-efee-4a31-8893-6c9c6933eb36@group-0A7977EA53A3: change Leader from null to 59c2aa1f-efee-4a31-8893-6c9c6933eb36 at term 1 for becomeLeader, leader elected after 5097ms
2024-03-11 08:32:52,161 [d27ccdb5-db89-40cd-9d18-1f7a4f6c3e48@group-F5B44847CD7F-LeaderElection35] INFO  impl.LeaderElection (LeaderElection.java:askForVotes(321)) - d27ccdb5-db89-40cd-9d18-1f7a4f6c3e48@group-F5B44847CD7F-LeaderElection35 ELECTION round 0: submit vote requests at term 1 for -1: peers:[d27ccdb5-db89-40cd-9d18-1f7a4f6c3e48|10.1.0.9:15151]|listeners:[], old=null
2024-03-11 08:32:52,161 [59c2aa1f-efee-4a31-8893-6c9c6933eb36@group-0A7977EA53A3-LeaderElection34] INFO  segmented.SegmentedRaftLogWorker (SegmentedRaftLogWorker.java:startLogSegment(430)) - 59c2aa1f-efee-4a31-8893-6c9c6933eb36@group-0A7977EA53A3-SegmentedRaftLogWorker: Starting segment from index:0
2024-03-11 08:32:52,161 [d27ccdb5-db89-40cd-9d18-1f7a4f6c3e48@group-F5B44847CD7F-LeaderElection35] INFO  impl.LeaderElection (LeaderElection.java:askForVotes(323)) - d27ccdb5-db89-40cd-9d18-1f7a4f6c3e48@group-F5B44847CD7F-LeaderElection35 ELECTION round 0: result PASSED (term=1)
2024-03-11 08:32:52,161 [d27ccdb5-db89-40cd-9d18-1f7a4f6c3e48@group-F5B44847CD7F-LeaderElection35] INFO  impl.RoleInfo (RoleInfo.java:shutdownLeaderElection(130)) - d27ccdb5-db89-40cd-9d18-1f7a4f6c3e48: shutdown d27ccdb5-db89-40cd-9d18-1f7a4f6c3e48@group-F5B44847CD7F-LeaderElection35
2024-03-11 08:32:52,161 [d27ccdb5-db89-40cd-9d18-1f7a4f6c3e48@group-F5B44847CD7F-LeaderElection35] INFO  server.RaftServer$Division (RaftServerImpl.java:setRole(383)) - d27ccdb5-db89-40cd-9d18-1f7a4f6c3e48@group-F5B44847CD7F: changes role from CANDIDATE to LEADER at term 1 for changeToLeader
2024-03-11 08:32:52,161 [d27ccdb5-db89-40cd-9d18-1f7a4f6c3e48@group-F5B44847CD7F-LeaderElection35] INFO  server.RaftServerConfigKeys (ConfUtils.java:logGet(46)) - raft.server.staging.catchup.gap = 1000 (default)
2024-03-11 08:32:52,161 [59c2aa1f-efee-4a31-8893-6c9c6933eb36@group-0A7977EA53A3-SegmentedRaftLogWorker] INFO  segmented.BufferedWriteChannel (BufferedWriteChannel.java:open(62)) - open log_inprogress_0 at position 0
2024-03-11 08:32:52,161 [d27ccdb5-db89-40cd-9d18-1f7a4f6c3e48@group-F5B44847CD7F-LeaderElection35] INFO  server.RaftServerConfigKeys (ConfUtils.java:logGet(46)) - raft.server.write.element-limit = 1024 (custom)
2024-03-11 08:32:52,161 [d27ccdb5-db89-40cd-9d18-1f7a4f6c3e48@group-F5B44847CD7F-LeaderElection35] INFO  server.RaftServerConfigKeys (ConfUtils.java:logGet(46)) - raft.server.write.byte-limit = 1024 M (=1073741824) (custom)
2024-03-11 08:32:52,162 [d27ccdb5-db89-40cd-9d18-1f7a4f6c3e48@group-F5B44847CD7F-LeaderElection35] INFO  server.RaftServerConfigKeys (ConfUtils.java:logGet(46)) - raft.server.watch.timeout = 180s (custom)
2024-03-11 08:32:52,162 [d27ccdb5-db89-40cd-9d18-1f7a4f6c3e48@group-F5B44847CD7F-LeaderElection35] INFO  server.RaftServerConfigKeys (ConfUtils.java:logGet(46)) - raft.server.watch.timeout.denomination = 1s (default)
2024-03-11 08:32:52,162 [d27ccdb5-db89-40cd-9d18-1f7a4f6c3e48@group-F5B44847CD7F-LeaderElection35] INFO  server.RaftServerConfigKeys (ConfUtils.java:logGet(46)) - raft.server.watch.element-limit = 65536 (default)
2024-03-11 08:32:52,162 [d27ccdb5-db89-40cd-9d18-1f7a4f6c3e48@group-F5B44847CD7F-LeaderElection35] INFO  server.RaftServerConfigKeys (ConfUtils.java:logGet(46)) - raft.server.read.leader.lease.enabled = false (default)
2024-03-11 08:32:52,163 [EventQueue-PipelineReportForPipelineReportHandler] INFO  pipeline.PipelineReportHandler (PipelineReportHandler.java:processPipelineReport(136)) - Opened pipeline PipelineID=27481ff0-76c3-4e4a-bfdd-0a7977ea53a3
2024-03-11 08:32:52,163 [d27ccdb5-db89-40cd-9d18-1f7a4f6c3e48@group-F5B44847CD7F-LeaderElection35] INFO  server.RaftServerConfigKeys (ConfUtils.java:logGet(46)) - raft.server.read.leader.lease.timeout.ratio = 0.9 (default)
2024-03-11 08:32:52,163 [d27ccdb5-db89-40cd-9d18-1f7a4f6c3e48@group-F5B44847CD7F-LeaderElection35] INFO  server.RaftServerConfigKeys (ConfUtils.java:logGet(46)) - raft.server.rpc.timeout.min = 5s (custom)
2024-03-11 08:32:52,163 [d27ccdb5-db89-40cd-9d18-1f7a4f6c3e48@group-F5B44847CD7F-LeaderElection35] INFO  server.RaftServerConfigKeys (ConfUtils.java:logGet(46)) - raft.server.write.element-limit = 1024 (custom)
2024-03-11 08:32:52,163 [d27ccdb5-db89-40cd-9d18-1f7a4f6c3e48@group-F5B44847CD7F-LeaderElection35] INFO  server.RaftServerConfigKeys (ConfUtils.java:logGet(46)) - raft.server.write.follower.gap.ratio.max = -1.0 (default)
2024-03-11 08:32:52,163 [d27ccdb5-db89-40cd-9d18-1f7a4f6c3e48@group-F5B44847CD7F-LeaderElection35] INFO  impl.RoleInfo (RoleInfo.java:updateAndGet(139)) - d27ccdb5-db89-40cd-9d18-1f7a4f6c3e48: start d27ccdb5-db89-40cd-9d18-1f7a4f6c3e48@group-F5B44847CD7F-LeaderStateImpl
2024-03-11 08:32:52,163 [d27ccdb5-db89-40cd-9d18-1f7a4f6c3e48@group-F5B44847CD7F-LeaderElection35] INFO  server.RaftServer$Division (RaftServerImpl.java:setFirstElection(574)) - d27ccdb5-db89-40cd-9d18-1f7a4f6c3e48@group-F5B44847CD7F: set firstElectionSinceStartup to false for becomeLeader
2024-03-11 08:32:52,163 [d27ccdb5-db89-40cd-9d18-1f7a4f6c3e48@group-F5B44847CD7F-LeaderElection35] INFO  ratis.XceiverServerRatis (XceiverServerRatis.java:handleLeaderChangedNotification(966)) - Leader change notification received for group: group-F5B44847CD7F with new leaderId: d27ccdb5-db89-40cd-9d18-1f7a4f6c3e48
2024-03-11 08:32:52,163 [d27ccdb5-db89-40cd-9d18-1f7a4f6c3e48@group-F5B44847CD7F-LeaderElection35] INFO  server.RaftServer$Division (ServerState.java:setLeader(269)) - d27ccdb5-db89-40cd-9d18-1f7a4f6c3e48@group-F5B44847CD7F: change Leader from null to d27ccdb5-db89-40cd-9d18-1f7a4f6c3e48 at term 1 for becomeLeader, leader elected after 5196ms
2024-03-11 08:32:52,164 [d27ccdb5-db89-40cd-9d18-1f7a4f6c3e48@group-F5B44847CD7F-LeaderElection35] INFO  segmented.SegmentedRaftLogWorker (SegmentedRaftLogWorker.java:startLogSegment(430)) - d27ccdb5-db89-40cd-9d18-1f7a4f6c3e48@group-F5B44847CD7F-SegmentedRaftLogWorker: Starting segment from index:0
2024-03-11 08:32:52,164 [d27ccdb5-db89-40cd-9d18-1f7a4f6c3e48@group-F5B44847CD7F-SegmentedRaftLogWorker] INFO  segmented.BufferedWriteChannel (BufferedWriteChannel.java:open(62)) - open log_inprogress_0 at position 0
2024-03-11 08:32:52,167 [59c2aa1f-efee-4a31-8893-6c9c6933eb36@group-0A7977EA53A3-LeaderElection34] INFO  server.RaftServer$Division (ServerState.java:setRaftConf(386)) - 59c2aa1f-efee-4a31-8893-6c9c6933eb36@group-0A7977EA53A3: set configuration 0: peers:[d27ccdb5-db89-40cd-9d18-1f7a4f6c3e48|10.1.0.9:15151, 59c2aa1f-efee-4a31-8893-6c9c6933eb36|10.1.0.9:15169, 0af1ae0f-8c30-413c-9f1e-7b09e147ac16|10.1.0.9:15160]|listeners:[], old=null
2024-03-11 08:32:52,167 [d27ccdb5-db89-40cd-9d18-1f7a4f6c3e48@group-F5B44847CD7F-LeaderElection35] INFO  server.RaftServer$Division (ServerState.java:setRaftConf(386)) - d27ccdb5-db89-40cd-9d18-1f7a4f6c3e48@group-F5B44847CD7F: set configuration 0: peers:[d27ccdb5-db89-40cd-9d18-1f7a4f6c3e48|10.1.0.9:15151]|listeners:[], old=null
2024-03-11 08:32:52,173 [59c2aa1f-efee-4a31-8893-6c9c6933eb36@group-0A7977EA53A3-SegmentedRaftLogWorker] INFO  segmented.SegmentedRaftLogWorker (SegmentedRaftLogWorker.java:execute(634)) - 59c2aa1f-efee-4a31-8893-6c9c6933eb36@group-0A7977EA53A3-SegmentedRaftLogWorker: created new log segment /home/runner/work/ozone/ozone/hadoop-ozone/integration-test/target/test-dir/MiniOzoneClusterImpl-3b234497-56f6-48e5-9ae2-a9674f906486/ozone-meta/datanode-3/ratis/27481ff0-76c3-4e4a-bfdd-0a7977ea53a3/current/log_inprogress_0
2024-03-11 08:32:52,175 [d27ccdb5-db89-40cd-9d18-1f7a4f6c3e48@group-F5B44847CD7F-SegmentedRaftLogWorker] INFO  segmented.SegmentedRaftLogWorker (SegmentedRaftLogWorker.java:execute(634)) - d27ccdb5-db89-40cd-9d18-1f7a4f6c3e48@group-F5B44847CD7F-SegmentedRaftLogWorker: created new log segment /home/runner/work/ozone/ozone/hadoop-ozone/integration-test/target/test-dir/MiniOzoneClusterImpl-3b234497-56f6-48e5-9ae2-a9674f906486/ozone-meta/datanode-1/ratis/71458eb1-9103-4f61-b89a-f5b44847cd7f/current/log_inprogress_0
2024-03-11 08:32:52,176 [d27ccdb5-db89-40cd-9d18-1f7a4f6c3e48@group-F5B44847CD7F-StateMachineUpdater] INFO  server.RaftServer$Division (LeaderStateImpl.java:isApplied(320)) - leader is ready since appliedIndex == 0 >= startIndex == 0
2024-03-11 08:32:52,184 [d27ccdb5-db89-40cd-9d18-1f7a4f6c3e48-server-thread2] INFO  ratis.XceiverServerRatis (XceiverServerRatis.java:handleLeaderChangedNotification(966)) - Leader change notification received for group: group-0A7977EA53A3 with new leaderId: 59c2aa1f-efee-4a31-8893-6c9c6933eb36
2024-03-11 08:32:52,184 [d27ccdb5-db89-40cd-9d18-1f7a4f6c3e48-server-thread2] INFO  server.RaftServer$Division (ServerState.java:setLeader(269)) - d27ccdb5-db89-40cd-9d18-1f7a4f6c3e48@group-0A7977EA53A3: change Leader from null to 59c2aa1f-efee-4a31-8893-6c9c6933eb36 at term 1 for appendEntries, leader elected after 5143ms
2024-03-11 08:32:52,184 [0af1ae0f-8c30-413c-9f1e-7b09e147ac16-server-thread1] INFO  ratis.XceiverServerRatis (XceiverServerRatis.java:handleLeaderChangedNotification(966)) - Leader change notification received for group: group-0A7977EA53A3 with new leaderId: 59c2aa1f-efee-4a31-8893-6c9c6933eb36
2024-03-11 08:32:52,191 [0af1ae0f-8c30-413c-9f1e-7b09e147ac16-server-thread1] INFO  server.RaftServer$Division (ServerState.java:setLeader(269)) - 0af1ae0f-8c30-413c-9f1e-7b09e147ac16@group-0A7977EA53A3: change Leader from null to 59c2aa1f-efee-4a31-8893-6c9c6933eb36 at term 1 for appendEntries, leader elected after 5094ms
2024-03-11 08:32:52,191 [d27ccdb5-db89-40cd-9d18-1f7a4f6c3e48-server-thread1] INFO  server.RaftServer$Division (ServerState.java:setRaftConf(386)) - d27ccdb5-db89-40cd-9d18-1f7a4f6c3e48@group-0A7977EA53A3: set configuration 0: peers:[d27ccdb5-db89-40cd-9d18-1f7a4f6c3e48|10.1.0.9:15151, 59c2aa1f-efee-4a31-8893-6c9c6933eb36|10.1.0.9:15169, 0af1ae0f-8c30-413c-9f1e-7b09e147ac16|10.1.0.9:15160]|listeners:[], old=null
2024-03-11 08:32:52,193 [d27ccdb5-db89-40cd-9d18-1f7a4f6c3e48-server-thread1] INFO  segmented.SegmentedRaftLogWorker (SegmentedRaftLogWorker.java:startLogSegment(430)) - d27ccdb5-db89-40cd-9d18-1f7a4f6c3e48@group-0A7977EA53A3-SegmentedRaftLogWorker: Starting segment from index:0
2024-03-11 08:32:52,194 [0af1ae0f-8c30-413c-9f1e-7b09e147ac16-server-thread2] INFO  server.RaftServer$Division (ServerState.java:setRaftConf(386)) - 0af1ae0f-8c30-413c-9f1e-7b09e147ac16@group-0A7977EA53A3: set configuration 0: peers:[d27ccdb5-db89-40cd-9d18-1f7a4f6c3e48|10.1.0.9:15151, 59c2aa1f-efee-4a31-8893-6c9c6933eb36|10.1.0.9:15169, 0af1ae0f-8c30-413c-9f1e-7b09e147ac16|10.1.0.9:15160]|listeners:[], old=null
2024-03-11 08:32:52,194 [0af1ae0f-8c30-413c-9f1e-7b09e147ac16-server-thread2] INFO  segmented.SegmentedRaftLogWorker (SegmentedRaftLogWorker.java:startLogSegment(430)) - 0af1ae0f-8c30-413c-9f1e-7b09e147ac16@group-0A7977EA53A3-SegmentedRaftLogWorker: Starting segment from index:0
2024-03-11 08:32:52,194 [d27ccdb5-db89-40cd-9d18-1f7a4f6c3e48@group-0A7977EA53A3-SegmentedRaftLogWorker] INFO  segmented.BufferedWriteChannel (BufferedWriteChannel.java:open(62)) - open log_inprogress_0 at position 0
2024-03-11 08:32:52,194 [0af1ae0f-8c30-413c-9f1e-7b09e147ac16@group-0A7977EA53A3-SegmentedRaftLogWorker] INFO  segmented.BufferedWriteChannel (BufferedWriteChannel.java:open(62)) - open log_inprogress_0 at position 0
2024-03-11 08:32:52,204 [d27ccdb5-db89-40cd-9d18-1f7a4f6c3e48@group-0A7977EA53A3-SegmentedRaftLogWorker] INFO  segmented.SegmentedRaftLogWorker (SegmentedRaftLogWorker.java:execute(634)) - d27ccdb5-db89-40cd-9d18-1f7a4f6c3e48@group-0A7977EA53A3-SegmentedRaftLogWorker: created new log segment /home/runner/work/ozone/ozone/hadoop-ozone/integration-test/target/test-dir/MiniOzoneClusterImpl-3b234497-56f6-48e5-9ae2-a9674f906486/ozone-meta/datanode-1/ratis/27481ff0-76c3-4e4a-bfdd-0a7977ea53a3/current/log_inprogress_0
2024-03-11 08:32:52,205 [0af1ae0f-8c30-413c-9f1e-7b09e147ac16@group-0A7977EA53A3-SegmentedRaftLogWorker] INFO  segmented.SegmentedRaftLogWorker (SegmentedRaftLogWorker.java:execute(634)) - 0af1ae0f-8c30-413c-9f1e-7b09e147ac16@group-0A7977EA53A3-SegmentedRaftLogWorker: created new log segment /home/runner/work/ozone/ozone/hadoop-ozone/integration-test/target/test-dir/MiniOzoneClusterImpl-3b234497-56f6-48e5-9ae2-a9674f906486/ozone-meta/datanode-2/ratis/27481ff0-76c3-4e4a-bfdd-0a7977ea53a3/current/log_inprogress_0
2024-03-11 08:32:52,207 [59c2aa1f-efee-4a31-8893-6c9c6933eb36@group-0A7977EA53A3-StateMachineUpdater] INFO  server.RaftServer$Division (LeaderStateImpl.java:isApplied(320)) - leader is ready since appliedIndex == 0 >= startIndex == 0
2024-03-11 08:32:52,210 [0af1ae0f-8c30-413c-9f1e-7b09e147ac16@group-B03FC88795B8-FollowerState] INFO  impl.FollowerState (FollowerState.java:run(143)) - 0af1ae0f-8c30-413c-9f1e-7b09e147ac16@group-B03FC88795B8-FollowerState: change to CANDIDATE, lastRpcElapsedTime:5094523051ns, electionTimeout:5094ms
2024-03-11 08:32:52,210 [0af1ae0f-8c30-413c-9f1e-7b09e147ac16@group-B03FC88795B8-FollowerState] INFO  impl.RoleInfo (RoleInfo.java:shutdownFollowerState(110)) - 0af1ae0f-8c30-413c-9f1e-7b09e147ac16: shutdown 0af1ae0f-8c30-413c-9f1e-7b09e147ac16@group-B03FC88795B8-FollowerState
2024-03-11 08:32:52,210 [0af1ae0f-8c30-413c-9f1e-7b09e147ac16@group-B03FC88795B8-FollowerState] INFO  server.RaftServer$Division (RaftServerImpl.java:setRole(383)) - 0af1ae0f-8c30-413c-9f1e-7b09e147ac16@group-B03FC88795B8: changes role from  FOLLOWER to CANDIDATE at term 0 for changeToCandidate
2024-03-11 08:32:52,210 [0af1ae0f-8c30-413c-9f1e-7b09e147ac16@group-B03FC88795B8-FollowerState] INFO  server.RaftServerConfigKeys (ConfUtils.java:logGet(46)) - raft.server.leaderelection.pre-vote = true (default)
2024-03-11 08:32:52,210 [0af1ae0f-8c30-413c-9f1e-7b09e147ac16@group-B03FC88795B8-FollowerState] INFO  impl.RoleInfo (RoleInfo.java:updateAndGet(139)) - 0af1ae0f-8c30-413c-9f1e-7b09e147ac16: start 0af1ae0f-8c30-413c-9f1e-7b09e147ac16@group-B03FC88795B8-LeaderElection36
2024-03-11 08:32:52,211 [0af1ae0f-8c30-413c-9f1e-7b09e147ac16@group-B03FC88795B8-LeaderElection36] INFO  impl.LeaderElection (LeaderElection.java:askForVotes(321)) - 0af1ae0f-8c30-413c-9f1e-7b09e147ac16@group-B03FC88795B8-LeaderElection36 PRE_VOTE round 0: submit vote requests at term 0 for -1: peers:[0af1ae0f-8c30-413c-9f1e-7b09e147ac16|10.1.0.9:15160]|listeners:[], old=null
2024-03-11 08:32:52,211 [0af1ae0f-8c30-413c-9f1e-7b09e147ac16@group-B03FC88795B8-LeaderElection36] INFO  impl.LeaderElection (LeaderElection.java:askForVotes(323)) - 0af1ae0f-8c30-413c-9f1e-7b09e147ac16@group-B03FC88795B8-LeaderElection36 PRE_VOTE round 0: result PASSED (term=0)
2024-03-11 08:32:52,213 [0af1ae0f-8c30-413c-9f1e-7b09e147ac16@group-B03FC88795B8-LeaderElection36] INFO  impl.LeaderElection (LeaderElection.java:askForVotes(321)) - 0af1ae0f-8c30-413c-9f1e-7b09e147ac16@group-B03FC88795B8-LeaderElection36 ELECTION round 0: submit vote requests at term 1 for -1: peers:[0af1ae0f-8c30-413c-9f1e-7b09e147ac16|10.1.0.9:15160]|listeners:[], old=null
2024-03-11 08:32:52,213 [0af1ae0f-8c30-413c-9f1e-7b09e147ac16@group-B03FC88795B8-LeaderElection36] INFO  impl.LeaderElection (LeaderElection.java:askForVotes(323)) - 0af1ae0f-8c30-413c-9f1e-7b09e147ac16@group-B03FC88795B8-LeaderElection36 ELECTION round 0: result PASSED (term=1)
2024-03-11 08:32:52,213 [0af1ae0f-8c30-413c-9f1e-7b09e147ac16@group-B03FC88795B8-LeaderElection36] INFO  impl.RoleInfo (RoleInfo.java:shutdownLeaderElection(130)) - 0af1ae0f-8c30-413c-9f1e-7b09e147ac16: shutdown 0af1ae0f-8c30-413c-9f1e-7b09e147ac16@group-B03FC88795B8-LeaderElection36
2024-03-11 08:32:52,213 [0af1ae0f-8c30-413c-9f1e-7b09e147ac16@group-B03FC88795B8-LeaderElection36] INFO  server.RaftServer$Division (RaftServerImpl.java:setRole(383)) - 0af1ae0f-8c30-413c-9f1e-7b09e147ac16@group-B03FC88795B8: changes role from CANDIDATE to LEADER at term 1 for changeToLeader
2024-03-11 08:32:52,213 [0af1ae0f-8c30-413c-9f1e-7b09e147ac16@group-B03FC88795B8-LeaderElection36] INFO  server.RaftServerConfigKeys (ConfUtils.java:logGet(46)) - raft.server.staging.catchup.gap = 1000 (default)
2024-03-11 08:32:52,213 [0af1ae0f-8c30-413c-9f1e-7b09e147ac16@group-B03FC88795B8-LeaderElection36] INFO  server.RaftServerConfigKeys (ConfUtils.java:logGet(46)) - raft.server.write.element-limit = 1024 (custom)
2024-03-11 08:32:52,213 [0af1ae0f-8c30-413c-9f1e-7b09e147ac16@group-B03FC88795B8-LeaderElection36] INFO  server.RaftServerConfigKeys (ConfUtils.java:logGet(46)) - raft.server.write.byte-limit = 1024 M (=1073741824) (custom)
2024-03-11 08:32:52,214 [0af1ae0f-8c30-413c-9f1e-7b09e147ac16@group-B03FC88795B8-LeaderElection36] INFO  server.RaftServerConfigKeys (ConfUtils.java:logGet(46)) - raft.server.watch.timeout = 180s (custom)
2024-03-11 08:32:52,214 [0af1ae0f-8c30-413c-9f1e-7b09e147ac16@group-B03FC88795B8-LeaderElection36] INFO  server.RaftServerConfigKeys (ConfUtils.java:logGet(46)) - raft.server.watch.timeout.denomination = 1s (default)
2024-03-11 08:32:52,214 [0af1ae0f-8c30-413c-9f1e-7b09e147ac16@group-B03FC88795B8-LeaderElection36] INFO  server.RaftServerConfigKeys (ConfUtils.java:logGet(46)) - raft.server.watch.element-limit = 65536 (default)
2024-03-11 08:32:52,214 [0af1ae0f-8c30-413c-9f1e-7b09e147ac16@group-B03FC88795B8-LeaderElection36] INFO  server.RaftServerConfigKeys (ConfUtils.java:logGet(46)) - raft.server.read.leader.lease.enabled = false (default)
2024-03-11 08:32:52,214 [0af1ae0f-8c30-413c-9f1e-7b09e147ac16@group-B03FC88795B8-LeaderElection36] INFO  server.RaftServerConfigKeys (ConfUtils.java:logGet(46)) - raft.server.read.leader.lease.timeout.ratio = 0.9 (default)
2024-03-11 08:32:52,214 [0af1ae0f-8c30-413c-9f1e-7b09e147ac16@group-B03FC88795B8-LeaderElection36] INFO  server.RaftServerConfigKeys (ConfUtils.java:logGet(46)) - raft.server.rpc.timeout.min = 5s (custom)
2024-03-11 08:32:52,214 [0af1ae0f-8c30-413c-9f1e-7b09e147ac16@group-B03FC88795B8-LeaderElection36] INFO  server.RaftServerConfigKeys (ConfUtils.java:logGet(46)) - raft.server.write.element-limit = 1024 (custom)
2024-03-11 08:32:52,214 [0af1ae0f-8c30-413c-9f1e-7b09e147ac16@group-B03FC88795B8-LeaderElection36] INFO  server.RaftServerConfigKeys (ConfUtils.java:logGet(46)) - raft.server.write.follower.gap.ratio.max = -1.0 (default)
2024-03-11 08:32:52,215 [0af1ae0f-8c30-413c-9f1e-7b09e147ac16@group-B03FC88795B8-LeaderElection36] INFO  impl.RoleInfo (RoleInfo.java:updateAndGet(139)) - 0af1ae0f-8c30-413c-9f1e-7b09e147ac16: start 0af1ae0f-8c30-413c-9f1e-7b09e147ac16@group-B03FC88795B8-LeaderStateImpl
2024-03-11 08:32:52,215 [0af1ae0f-8c30-413c-9f1e-7b09e147ac16@group-B03FC88795B8-LeaderElection36] INFO  server.RaftServer$Division (RaftServerImpl.java:setFirstElection(574)) - 0af1ae0f-8c30-413c-9f1e-7b09e147ac16@group-B03FC88795B8: set firstElectionSinceStartup to false for becomeLeader
2024-03-11 08:32:52,215 [0af1ae0f-8c30-413c-9f1e-7b09e147ac16@group-B03FC88795B8-LeaderElection36] INFO  ratis.XceiverServerRatis (XceiverServerRatis.java:handleLeaderChangedNotification(966)) - Leader change notification received for group: group-B03FC88795B8 with new leaderId: 0af1ae0f-8c30-413c-9f1e-7b09e147ac16
2024-03-11 08:32:52,215 [0af1ae0f-8c30-413c-9f1e-7b09e147ac16@group-B03FC88795B8-LeaderElection36] INFO  server.RaftServer$Division (ServerState.java:setLeader(269)) - 0af1ae0f-8c30-413c-9f1e-7b09e147ac16@group-B03FC88795B8: change Leader from null to 0af1ae0f-8c30-413c-9f1e-7b09e147ac16 at term 1 for becomeLeader, leader elected after 5107ms
2024-03-11 08:32:52,215 [0af1ae0f-8c30-413c-9f1e-7b09e147ac16@group-B03FC88795B8-LeaderElection36] INFO  segmented.SegmentedRaftLogWorker (SegmentedRaftLogWorker.java:startLogSegment(430)) - 0af1ae0f-8c30-413c-9f1e-7b09e147ac16@group-B03FC88795B8-SegmentedRaftLogWorker: Starting segment from index:0
2024-03-11 08:32:52,216 [0af1ae0f-8c30-413c-9f1e-7b09e147ac16@group-B03FC88795B8-LeaderElection36] INFO  server.RaftServer$Division (ServerState.java:setRaftConf(386)) - 0af1ae0f-8c30-413c-9f1e-7b09e147ac16@group-B03FC88795B8: set configuration 0: peers:[0af1ae0f-8c30-413c-9f1e-7b09e147ac16|10.1.0.9:15160]|listeners:[], old=null
2024-03-11 08:32:52,216 [0af1ae0f-8c30-413c-9f1e-7b09e147ac16@group-B03FC88795B8-SegmentedRaftLogWorker] INFO  segmented.BufferedWriteChannel (BufferedWriteChannel.java:open(62)) - open log_inprogress_0 at position 0
2024-03-11 08:32:52,219 [main] INFO  ozone.MiniOzoneClusterImpl (MiniOzoneClusterImpl.java:lambda$waitForClusterToBeReady$0(194)) - Nodes are ready. Got 3 of 3 DN Heartbeats.
2024-03-11 08:32:52,219 [main] INFO  ozone.MiniOzoneClusterImpl (MiniOzoneClusterImpl.java:lambda$waitForClusterToBeReady$0(197)) - Cluster exits safe mode
2024-03-11 08:32:52,219 [main] INFO  ozone.MiniOzoneClusterImpl (MiniOzoneClusterImpl.java:lambda$waitForClusterToBeReady$0(199)) - SCM became leader
2024-03-11 08:32:52,220 [main] INFO  protocolPB.OmTransportFactory (OmTransportFactory.java:createFactory(62)) - Loading OM transport implementation org.apache.hadoop.ozone.om.protocolPB.Hadoop3OmTransportFactory as specified by configuration.
2024-03-11 08:32:52,223 [0af1ae0f-8c30-413c-9f1e-7b09e147ac16@group-B03FC88795B8-SegmentedRaftLogWorker] INFO  segmented.SegmentedRaftLogWorker (SegmentedRaftLogWorker.java:execute(634)) - 0af1ae0f-8c30-413c-9f1e-7b09e147ac16@group-B03FC88795B8-SegmentedRaftLogWorker: created new log segment /home/runner/work/ozone/ozone/hadoop-ozone/integration-test/target/test-dir/MiniOzoneClusterImpl-3b234497-56f6-48e5-9ae2-a9674f906486/ozone-meta/datanode-2/ratis/25f360cb-deb7-409e-83a9-b03fc88795b8/current/log_inprogress_0
2024-03-11 08:32:52,226 [0af1ae0f-8c30-413c-9f1e-7b09e147ac16@group-B03FC88795B8-StateMachineUpdater] INFO  server.RaftServer$Division (LeaderStateImpl.java:isApplied(320)) - leader is ready since appliedIndex == 0 >= startIndex == 0
2024-03-11 08:32:52,227 [main] INFO  om.TestOzoneManagerPrepare (TestOzoneManagerPrepare.java:setup(101)) - Waiting for OM leader election
2024-03-11 08:32:52,232 [omNode-1-OMStateMachineApplyTransactionThread - 0] INFO  upgrade.OMCancelPrepareRequest (OMCancelPrepareRequest.java:validateAndUpdateCache(54)) - OM omNode-1 Received cancel prepare request with log (t:1, i:1)
2024-03-11 08:32:52,235 [omNode-1-OMStateMachineApplyTransactionThread - 0] INFO  upgrade.OMCancelPrepareRequest (OMCancelPrepareRequest.java:validateAndUpdateCache(82)) - OM omNode-1 prepare state cancelled at log (t:1, i:1). Returning response 
2024-03-11 08:32:52,235 [omNode-3-OMStateMachineApplyTransactionThread - 0] INFO  upgrade.OMCancelPrepareRequest (OMCancelPrepareRequest.java:validateAndUpdateCache(54)) - OM omNode-3 Received cancel prepare request with log (t:1, i:1)
2024-03-11 08:32:52,236 [omNode-3-OMStateMachineApplyTransactionThread - 0] INFO  upgrade.OMCancelPrepareRequest (OMCancelPrepareRequest.java:validateAndUpdateCache(82)) - OM omNode-3 prepare state cancelled at log (t:1, i:1). Returning response 
2024-03-11 08:32:52,244 [omNode-2-OMStateMachineApplyTransactionThread - 0] INFO  upgrade.OMCancelPrepareRequest (OMCancelPrepareRequest.java:validateAndUpdateCache(54)) - OM omNode-2 Received cancel prepare request with log (t:1, i:1)
2024-03-11 08:32:52,245 [omNode-2-OMStateMachineApplyTransactionThread - 0] INFO  upgrade.OMCancelPrepareRequest (OMCancelPrepareRequest.java:validateAndUpdateCache(82)) - OM omNode-2 prepare state cancelled at log (t:1, i:1). Returning response 
2024-03-11 08:32:52,246 [main] INFO  rpc.RpcClient (RpcClient.java:createVolume(465)) - Creating Volume: vol, with runner as owner and space quota set to -1 bytes, counts quota set to -1
2024-03-11 08:32:52,250 [omNode-1-OMStateMachineApplyTransactionThread - 0] INFO  volume.OMVolumeCreateRequest (OMVolumeCreateRequest.java:validateAndUpdateCache(198)) - created volume:vol for user:runner
2024-03-11 08:32:52,252 [omNode-2-OMStateMachineApplyTransactionThread - 0] INFO  volume.OMVolumeCreateRequest (OMVolumeCreateRequest.java:validateAndUpdateCache(198)) - created volume:vol for user:runner
2024-03-11 08:32:52,254 [omNode-3-OMStateMachineApplyTransactionThread - 0] INFO  volume.OMVolumeCreateRequest (OMVolumeCreateRequest.java:validateAndUpdateCache(198)) - created volume:vol for user:runner
2024-03-11 08:32:52,260 [main] INFO  rpc.RpcClient (RpcClient.java:createVolume(465)) - Creating Volume: volume4a75bf02-6089-4ec2-97f8-fc63ae38b77a, with runner as owner and space quota set to -1 bytes, counts quota set to -1
2024-03-11 08:32:52,262 [omNode-1-OMStateMachineApplyTransactionThread - 0] INFO  volume.OMVolumeCreateRequest (OMVolumeCreateRequest.java:validateAndUpdateCache(198)) - created volume:volume4a75bf02-6089-4ec2-97f8-fc63ae38b77a for user:runner
2024-03-11 08:32:52,263 [omNode-2-OMStateMachineApplyTransactionThread - 0] INFO  volume.OMVolumeCreateRequest (OMVolumeCreateRequest.java:validateAndUpdateCache(198)) - created volume:volume4a75bf02-6089-4ec2-97f8-fc63ae38b77a for user:runner
2024-03-11 08:32:52,266 [omNode-3-OMStateMachineApplyTransactionThread - 0] INFO  volume.OMVolumeCreateRequest (OMVolumeCreateRequest.java:validateAndUpdateCache(198)) - created volume:volume4a75bf02-6089-4ec2-97f8-fc63ae38b77a for user:runner
2024-03-11 08:32:52,268 [main] INFO  rpc.RpcClient (RpcClient.java:createBucket(691)) - Creating Bucket: volume4a75bf02-6089-4ec2-97f8-fc63ae38b77a/bucket, with server-side default bucket layout, runner as owner, Versioning false, Storage Type set to DISK and Encryption set to false, Replication Type set to server-side default replication type, Namespace Quota set to -1, Space Quota set to -1 
2024-03-11 08:32:52,270 [omNode-1-OMStateMachineApplyTransactionThread - 0] INFO  bucket.OMBucketCreateRequest (OMBucketCreateRequest.java:validateAndUpdateCache(292)) - created bucket: bucket of layout OBJECT_STORE in volume: volume4a75bf02-6089-4ec2-97f8-fc63ae38b77a
2024-03-11 08:32:52,271 [omNode-3-OMStateMachineApplyTransactionThread - 0] INFO  bucket.OMBucketCreateRequest (OMBucketCreateRequest.java:validateAndUpdateCache(292)) - created bucket: bucket of layout OBJECT_STORE in volume: volume4a75bf02-6089-4ec2-97f8-fc63ae38b77a
2024-03-11 08:32:52,271 [omNode-2-OMStateMachineApplyTransactionThread - 0] INFO  bucket.OMBucketCreateRequest (OMBucketCreateRequest.java:validateAndUpdateCache(292)) - created bucket: bucket of layout OBJECT_STORE in volume: volume4a75bf02-6089-4ec2-97f8-fc63ae38b77a
2024-03-11 08:32:52,281 [IPC Server handler 5 on default port 15130] INFO  ha.SequenceIdGenerator (SequenceIdGenerator.java:getNextId(145)) - Allocate a batch for containerId, change lastId from 0 to 1000.
2024-03-11 08:32:52,282 [IPC Server handler 5 on default port 15130] WARN  ha.SequenceIdGenerator (SequenceIdGenerator.java:allocateBatch(258)) - Failed to allocate a batch for localId, expected lastId is 0, actual lastId is 113750153625600000.
2024-03-11 08:32:52,282 [IPC Server handler 5 on default port 15130] INFO  ha.SequenceIdGenerator (SequenceIdGenerator.java:getNextId(145)) - Allocate a batch for localId, change lastId from 113750153625600000 to 113750153625601000.
2024-03-11 08:32:52,345 [grpc-default-executor-5] ERROR impl.OrderedAsync (OrderedAsync.java:lambda$sendRequest$9(247)) - client-54649408F10C: Failed* RaftClientRequest:client-54649408F10C->59c2aa1f-efee-4a31-8893-6c9c6933eb36@group-7ABBB53330DF, cid=196, seq=1*, Watch(0), null
java.util.concurrent.CompletionException: org.apache.ratis.protocol.exceptions.NotLeaderException: Server 59c2aa1f-efee-4a31-8893-6c9c6933eb36@group-7ABBB53330DF is not the leader
	at java.util.concurrent.CompletableFuture.encodeThrowable(CompletableFuture.java:292)
	at java.util.concurrent.CompletableFuture.completeThrowable(CompletableFuture.java:308)
	at java.util.concurrent.CompletableFuture.uniApply(CompletableFuture.java:607)
	at java.util.concurrent.CompletableFuture$UniApply.tryFire(CompletableFuture.java:591)
	at java.util.concurrent.CompletableFuture.postComplete(CompletableFuture.java:488)
	at java.util.concurrent.CompletableFuture.completeExceptionally(CompletableFuture.java:1990)
	at org.apache.ratis.grpc.client.GrpcClientProtocolClient$AsyncStreamObservers.completeReplyExceptionally(GrpcClientProtocolClient.java:394)
	at org.apache.ratis.grpc.client.GrpcClientProtocolClient$AsyncStreamObservers.access$000(GrpcClientProtocolClient.java:300)
	at org.apache.ratis.grpc.client.GrpcClientProtocolClient$AsyncStreamObservers$1.onNext(GrpcClientProtocolClient.java:314)
	at org.apache.ratis.grpc.client.GrpcClientProtocolClient$AsyncStreamObservers$1.onNext(GrpcClientProtocolClient.java:305)
	at org.apache.ratis.thirdparty.io.grpc.stub.ClientCalls$StreamObserverToCallListenerAdapter.onMessage(ClientCalls.java:468)
	at org.apache.ratis.thirdparty.io.grpc.ForwardingClientCallListener.onMessage(ForwardingClientCallListener.java:33)
	at org.apache.ratis.thirdparty.io.grpc.internal.ClientCallImpl$ClientStreamListenerImpl$1MessagesAvailable.runInternal(ClientCallImpl.java:660)
	at org.apache.ratis.thirdparty.io.grpc.internal.ClientCallImpl$ClientStreamListenerImpl$1MessagesAvailable.runInContext(ClientCallImpl.java:647)
	at org.apache.ratis.thirdparty.io.grpc.internal.ContextRunnable.run(ContextRunnable.java:37)
	at org.apache.ratis.thirdparty.io.grpc.internal.SerializingExecutor.run(SerializingExecutor.java:133)
	at java.util.concurrent.ThreadPoolExecutor.runWorker(ThreadPoolExecutor.java:1149)
	at java.util.concurrent.ThreadPoolExecutor$Worker.run(ThreadPoolExecutor.java:624)
	at java.lang.Thread.run(Thread.java:750)
Caused by: org.apache.ratis.protocol.exceptions.NotLeaderException: Server 59c2aa1f-efee-4a31-8893-6c9c6933eb36@group-7ABBB53330DF is not the leader
	at org.apache.ratis.client.impl.ClientProtoUtils.toRaftClientReply(ClientProtoUtils.java:397)
	at org.apache.ratis.grpc.client.GrpcClientProtocolClient$AsyncStreamObservers$1.onNext(GrpcClientProtocolClient.java:310)
	... 10 more
2024-03-11 08:32:52,375 [59c2aa1f-efee-4a31-8893-6c9c6933eb36@group-7ABBB53330DF-FollowerState] INFO  impl.FollowerState (FollowerState.java:run(143)) - 59c2aa1f-efee-4a31-8893-6c9c6933eb36@group-7ABBB53330DF-FollowerState: change to CANDIDATE, lastRpcElapsedTime:5154517008ns, electionTimeout:5154ms
2024-03-11 08:32:52,375 [59c2aa1f-efee-4a31-8893-6c9c6933eb36@group-7ABBB53330DF-FollowerState] INFO  impl.RoleInfo (RoleInfo.java:shutdownFollowerState(110)) - 59c2aa1f-efee-4a31-8893-6c9c6933eb36: shutdown 59c2aa1f-efee-4a31-8893-6c9c6933eb36@group-7ABBB53330DF-FollowerState
2024-03-11 08:32:52,375 [59c2aa1f-efee-4a31-8893-6c9c6933eb36@group-7ABBB53330DF-FollowerState] INFO  server.RaftServer$Division (RaftServerImpl.java:setRole(383)) - 59c2aa1f-efee-4a31-8893-6c9c6933eb36@group-7ABBB53330DF: changes role from  FOLLOWER to CANDIDATE at term 0 for changeToCandidate
2024-03-11 08:32:52,375 [59c2aa1f-efee-4a31-8893-6c9c6933eb36@group-7ABBB53330DF-FollowerState] INFO  server.RaftServerConfigKeys (ConfUtils.java:logGet(46)) - raft.server.leaderelection.pre-vote = true (default)
2024-03-11 08:32:52,375 [59c2aa1f-efee-4a31-8893-6c9c6933eb36@group-7ABBB53330DF-FollowerState] INFO  impl.RoleInfo (RoleInfo.java:updateAndGet(139)) - 59c2aa1f-efee-4a31-8893-6c9c6933eb36: start 59c2aa1f-efee-4a31-8893-6c9c6933eb36@group-7ABBB53330DF-LeaderElection37
2024-03-11 08:32:52,377 [59c2aa1f-efee-4a31-8893-6c9c6933eb36@group-7ABBB53330DF-LeaderElection37] INFO  impl.LeaderElection (LeaderElection.java:askForVotes(321)) - 59c2aa1f-efee-4a31-8893-6c9c6933eb36@group-7ABBB53330DF-LeaderElection37 PRE_VOTE round 0: submit vote requests at term 0 for -1: peers:[59c2aa1f-efee-4a31-8893-6c9c6933eb36|10.1.0.9:15169]|listeners:[], old=null
2024-03-11 08:32:52,377 [59c2aa1f-efee-4a31-8893-6c9c6933eb36@group-7ABBB53330DF-LeaderElection37] INFO  impl.LeaderElection (LeaderElection.java:askForVotes(323)) - 59c2aa1f-efee-4a31-8893-6c9c6933eb36@group-7ABBB53330DF-LeaderElection37 PRE_VOTE round 0: result PASSED (term=0)
2024-03-11 08:32:52,379 [59c2aa1f-efee-4a31-8893-6c9c6933eb36@group-7ABBB53330DF-LeaderElection37] INFO  impl.LeaderElection (LeaderElection.java:askForVotes(321)) - 59c2aa1f-efee-4a31-8893-6c9c6933eb36@group-7ABBB53330DF-LeaderElection37 ELECTION round 0: submit vote requests at term 1 for -1: peers:[59c2aa1f-efee-4a31-8893-6c9c6933eb36|10.1.0.9:15169]|listeners:[], old=null
2024-03-11 08:32:52,379 [59c2aa1f-efee-4a31-8893-6c9c6933eb36@group-7ABBB53330DF-LeaderElection37] INFO  impl.LeaderElection (LeaderElection.java:askForVotes(323)) - 59c2aa1f-efee-4a31-8893-6c9c6933eb36@group-7ABBB53330DF-LeaderElection37 ELECTION round 0: result PASSED (term=1)
2024-03-11 08:32:52,379 [59c2aa1f-efee-4a31-8893-6c9c6933eb36@group-7ABBB53330DF-LeaderElection37] INFO  impl.RoleInfo (RoleInfo.java:shutdownLeaderElection(130)) - 59c2aa1f-efee-4a31-8893-6c9c6933eb36: shutdown 59c2aa1f-efee-4a31-8893-6c9c6933eb36@group-7ABBB53330DF-LeaderElection37
2024-03-11 08:32:52,379 [59c2aa1f-efee-4a31-8893-6c9c6933eb36@group-7ABBB53330DF-LeaderElection37] INFO  server.RaftServer$Division (RaftServerImpl.java:setRole(383)) - 59c2aa1f-efee-4a31-8893-6c9c6933eb36@group-7ABBB53330DF: changes role from CANDIDATE to LEADER at term 1 for changeToLeader
2024-03-11 08:32:52,379 [59c2aa1f-efee-4a31-8893-6c9c6933eb36@group-7ABBB53330DF-LeaderElection37] INFO  server.RaftServerConfigKeys (ConfUtils.java:logGet(46)) - raft.server.staging.catchup.gap = 1000 (default)
2024-03-11 08:32:52,379 [59c2aa1f-efee-4a31-8893-6c9c6933eb36@group-7ABBB53330DF-LeaderElection37] INFO  server.RaftServerConfigKeys (ConfUtils.java:logGet(46)) - raft.server.write.element-limit = 1024 (custom)
2024-03-11 08:32:52,379 [59c2aa1f-efee-4a31-8893-6c9c6933eb36@group-7ABBB53330DF-LeaderElection37] INFO  server.RaftServerConfigKeys (ConfUtils.java:logGet(46)) - raft.server.write.byte-limit = 1024 M (=1073741824) (custom)
2024-03-11 08:32:52,379 [59c2aa1f-efee-4a31-8893-6c9c6933eb36@group-7ABBB53330DF-LeaderElection37] INFO  server.RaftServerConfigKeys (ConfUtils.java:logGet(46)) - raft.server.watch.timeout = 180s (custom)
2024-03-11 08:32:52,380 [59c2aa1f-efee-4a31-8893-6c9c6933eb36@group-7ABBB53330DF-LeaderElection37] INFO  server.RaftServerConfigKeys (ConfUtils.java:logGet(46)) - raft.server.watch.timeout.denomination = 1s (default)
2024-03-11 08:32:52,380 [59c2aa1f-efee-4a31-8893-6c9c6933eb36@group-7ABBB53330DF-LeaderElection37] INFO  server.RaftServerConfigKeys (ConfUtils.java:logGet(46)) - raft.server.watch.element-limit = 65536 (default)
2024-03-11 08:32:52,380 [59c2aa1f-efee-4a31-8893-6c9c6933eb36@group-7ABBB53330DF-LeaderElection37] INFO  server.RaftServerConfigKeys (ConfUtils.java:logGet(46)) - raft.server.read.leader.lease.enabled = false (default)
2024-03-11 08:32:52,380 [59c2aa1f-efee-4a31-8893-6c9c6933eb36@group-7ABBB53330DF-LeaderElection37] INFO  server.RaftServerConfigKeys (ConfUtils.java:logGet(46)) - raft.server.read.leader.lease.timeout.ratio = 0.9 (default)
2024-03-11 08:32:52,380 [59c2aa1f-efee-4a31-8893-6c9c6933eb36@group-7ABBB53330DF-LeaderElection37] INFO  server.RaftServerConfigKeys (ConfUtils.java:logGet(46)) - raft.server.rpc.timeout.min = 5s (custom)
2024-03-11 08:32:52,380 [59c2aa1f-efee-4a31-8893-6c9c6933eb36@group-7ABBB53330DF-LeaderElection37] INFO  server.RaftServerConfigKeys (ConfUtils.java:logGet(46)) - raft.server.write.element-limit = 1024 (custom)
2024-03-11 08:32:52,380 [59c2aa1f-efee-4a31-8893-6c9c6933eb36@group-7ABBB53330DF-LeaderElection37] INFO  server.RaftServerConfigKeys (ConfUtils.java:logGet(46)) - raft.server.write.follower.gap.ratio.max = -1.0 (default)
2024-03-11 08:32:52,380 [59c2aa1f-efee-4a31-8893-6c9c6933eb36@group-7ABBB53330DF-LeaderElection37] INFO  impl.RoleInfo (RoleInfo.java:updateAndGet(139)) - 59c2aa1f-efee-4a31-8893-6c9c6933eb36: start 59c2aa1f-efee-4a31-8893-6c9c6933eb36@group-7ABBB53330DF-LeaderStateImpl
2024-03-11 08:32:52,380 [59c2aa1f-efee-4a31-8893-6c9c6933eb36@group-7ABBB53330DF-LeaderElection37] INFO  server.RaftServer$Division (RaftServerImpl.java:setFirstElection(574)) - 59c2aa1f-efee-4a31-8893-6c9c6933eb36@group-7ABBB53330DF: set firstElectionSinceStartup to false for becomeLeader
2024-03-11 08:32:52,380 [59c2aa1f-efee-4a31-8893-6c9c6933eb36@group-7ABBB53330DF-LeaderElection37] INFO  ratis.XceiverServerRatis (XceiverServerRatis.java:handleLeaderChangedNotification(966)) - Leader change notification received for group: group-7ABBB53330DF with new leaderId: 59c2aa1f-efee-4a31-8893-6c9c6933eb36
2024-03-11 08:32:52,380 [59c2aa1f-efee-4a31-8893-6c9c6933eb36@group-7ABBB53330DF-LeaderElection37] INFO  server.RaftServer$Division (ServerState.java:setLeader(269)) - 59c2aa1f-efee-4a31-8893-6c9c6933eb36@group-7ABBB53330DF: change Leader from null to 59c2aa1f-efee-4a31-8893-6c9c6933eb36 at term 1 for becomeLeader, leader elected after 5168ms
2024-03-11 08:32:52,380 [59c2aa1f-efee-4a31-8893-6c9c6933eb36@group-7ABBB53330DF-LeaderElection37] INFO  segmented.SegmentedRaftLogWorker (SegmentedRaftLogWorker.java:startLogSegment(430)) - 59c2aa1f-efee-4a31-8893-6c9c6933eb36@group-7ABBB53330DF-SegmentedRaftLogWorker: Starting segment from index:0
2024-03-11 08:32:52,382 [59c2aa1f-efee-4a31-8893-6c9c6933eb36@group-7ABBB53330DF-SegmentedRaftLogWorker] INFO  segmented.BufferedWriteChannel (BufferedWriteChannel.java:open(62)) - open log_inprogress_0 at position 0
2024-03-11 08:32:52,386 [59c2aa1f-efee-4a31-8893-6c9c6933eb36@group-7ABBB53330DF-LeaderElection37] INFO  server.RaftServer$Division (ServerState.java:setRaftConf(386)) - 59c2aa1f-efee-4a31-8893-6c9c6933eb36@group-7ABBB53330DF: set configuration 0: peers:[59c2aa1f-efee-4a31-8893-6c9c6933eb36|10.1.0.9:15169]|listeners:[], old=null
2024-03-11 08:32:52,392 [59c2aa1f-efee-4a31-8893-6c9c6933eb36@group-7ABBB53330DF-SegmentedRaftLogWorker] INFO  segmented.SegmentedRaftLogWorker (SegmentedRaftLogWorker.java:execute(634)) - 59c2aa1f-efee-4a31-8893-6c9c6933eb36@group-7ABBB53330DF-SegmentedRaftLogWorker: created new log segment /home/runner/work/ozone/ozone/hadoop-ozone/integration-test/target/test-dir/MiniOzoneClusterImpl-3b234497-56f6-48e5-9ae2-a9674f906486/ozone-meta/datanode-3/ratis/60562f89-2869-493e-9a04-7abbb53330df/current/log_inprogress_0
2024-03-11 08:32:52,394 [59c2aa1f-efee-4a31-8893-6c9c6933eb36@group-7ABBB53330DF-StateMachineUpdater] INFO  server.RaftServer$Division (LeaderStateImpl.java:isApplied(320)) - leader is ready since appliedIndex == 0 >= startIndex == 0
2024-03-11 08:32:59,315 [timer5] ERROR impl.OrderedAsync (OrderedAsync.java:lambda$sendRequest$9(247)) - client-54649408F10C: Failed* RaftClientRequest:client-54649408F10C->59c2aa1f-efee-4a31-8893-6c9c6933eb36@group-7ABBB53330DF, cid=196, seq=1*, Watch(0), null
java.util.concurrent.CompletionException: org.apache.ratis.protocol.exceptions.AlreadyClosedException: client-54649408F10C->59c2aa1f-efee-4a31-8893-6c9c6933eb36 is closed.
	at java.util.concurrent.CompletableFuture.encodeThrowable(CompletableFuture.java:292)
	at java.util.concurrent.CompletableFuture.completeThrowable(CompletableFuture.java:308)
	at java.util.concurrent.CompletableFuture.uniApply(CompletableFuture.java:607)
	at java.util.concurrent.CompletableFuture.uniApplyStage(CompletableFuture.java:628)
	at java.util.concurrent.CompletableFuture.thenApply(CompletableFuture.java:1996)
	at org.apache.ratis.client.impl.OrderedAsync.sendRequest(OrderedAsync.java:239)
	at org.apache.ratis.client.impl.OrderedAsync.sendRequestWithRetry(OrderedAsync.java:203)
	at org.apache.ratis.util.SlidingWindow$Client.sendOrDelayRequest(SlidingWindow.java:312)
	at org.apache.ratis.util.SlidingWindow$Client.retry(SlidingWindow.java:328)
	at org.apache.ratis.client.impl.OrderedAsync.lambda$scheduleWithTimeout$6(OrderedAsync.java:227)
	at org.apache.ratis.util.TimeoutTimer.lambda$onTimeout$2(TimeoutTimer.java:101)
	at org.apache.ratis.util.LogUtils.runAndLog(LogUtils.java:38)
	at org.apache.ratis.util.LogUtils$1.run(LogUtils.java:78)
	at org.apache.ratis.util.TimeoutTimer$Task.run(TimeoutTimer.java:55)
	at java.util.TimerThread.mainLoop(Timer.java:555)
	at java.util.TimerThread.run(Timer.java:505)
Caused by: org.apache.ratis.protocol.exceptions.AlreadyClosedException: client-54649408F10C->59c2aa1f-efee-4a31-8893-6c9c6933eb36 is closed.
	at org.apache.ratis.grpc.client.GrpcClientProtocolClient$AsyncStreamObservers.onNext(GrpcClientProtocolClient.java:349)
	at org.apache.ratis.grpc.client.GrpcClientRpc.sendRequestAsync(GrpcClientRpc.java:71)
	... 11 more
2024-03-11 08:33:03,748 [omNode-3@group-523986131536-StateMachineUpdater] INFO  ratis.OzoneManagerStateMachine (OzoneManagerStateMachine.java:takeSnapshotImpl(467)) -  applied = (t:1, i:49)
2024-03-11 08:33:03,748 [omNode-3@group-523986131536-StateMachineUpdater] INFO  ratis.OzoneManagerStateMachine (OzoneManagerStateMachine.java:takeSnapshotImpl(468)) -  skipped = 49
2024-03-11 08:33:03,748 [omNode-3@group-523986131536-StateMachineUpdater] INFO  ratis.OzoneManagerStateMachine (OzoneManagerStateMachine.java:takeSnapshotImpl(469)) - notified = (t:1, i:50)
2024-03-11 08:33:03,748 [omNode-3@group-523986131536-StateMachineUpdater] INFO  ratis.OzoneManagerStateMachine (OzoneManagerStateMachine.java:takeSnapshotImpl(470)) - snapshot = (t:1, i:50)
2024-03-11 08:33:03,749 [omNode-1-OMStateMachineApplyTransactionThread - 0] INFO  upgrade.OMPrepareRequest (OMPrepareRequest.java:validateAndUpdateCache(69)) - OM omNode-1 Received prepare request with log (t:1, i:51)
2024-03-11 08:33:03,749 [omNode-1-OMStateMachineApplyTransactionThread - 0] INFO  upgrade.OMPrepareRequest (OMPrepareRequest.java:waitForLogIndex(184)) - omNode-1 waiting for index 51 to flush to OM DB and index 52 to flush to Ratis state machine.
2024-03-11 08:33:03,750 [omNode-2@group-523986131536-StateMachineUpdater] INFO  ratis.OzoneManagerStateMachine (OzoneManagerStateMachine.java:takeSnapshotImpl(467)) -  applied = (t:1, i:49)
2024-03-11 08:33:03,750 [omNode-2@group-523986131536-StateMachineUpdater] INFO  ratis.OzoneManagerStateMachine (OzoneManagerStateMachine.java:takeSnapshotImpl(468)) -  skipped = 49
2024-03-11 08:33:03,750 [omNode-2@group-523986131536-StateMachineUpdater] INFO  ratis.OzoneManagerStateMachine (OzoneManagerStateMachine.java:takeSnapshotImpl(469)) - notified = (t:1, i:50)
2024-03-11 08:33:03,750 [omNode-2@group-523986131536-StateMachineUpdater] INFO  ratis.OzoneManagerStateMachine (OzoneManagerStateMachine.java:takeSnapshotImpl(470)) - snapshot = (t:1, i:50)
2024-03-11 08:33:03,765 [omNode-3@group-523986131536-StateMachineUpdater] INFO  impl.StateMachineUpdater (StateMachineUpdater.java:takeSnapshot(295)) - omNode-3@group-523986131536-StateMachineUpdater: Took a snapshot at index 50
2024-03-11 08:33:03,765 [omNode-3@group-523986131536-StateMachineUpdater] INFO  impl.StateMachineUpdater (StateMachineUpdater.java:lambda$new$0(98)) - omNode-3@group-523986131536-StateMachineUpdater: snapshotIndex: updateIncreasingly -1 -> 50
2024-03-11 08:33:03,765 [omNode-3@group-523986131536-StateMachineUpdater] INFO  raftlog.RaftLog (RaftLogBase.java:purge(330)) - omNode-3@group-523986131536-SegmentedRaftLog: purge 50
2024-03-11 08:33:03,765 [omNode-3@group-523986131536-StateMachineUpdater] INFO  raftlog.RaftLog (RaftLogBase.java:lambda$new$0(54)) - omNode-3@group-523986131536-SegmentedRaftLog: snapshotIndex: updateIncreasingly -1 -> 50
2024-03-11 08:33:03,765 [omNode-3@group-523986131536-StateMachineUpdater] INFO  raftlog.RaftLog (RaftLogBase.java:lambda$new$0(54)) - omNode-3@group-523986131536-SegmentedRaftLog: purgeIndex: updateToMax old=-1, new=50, updated? true
2024-03-11 08:33:03,765 [omNode-3-OMStateMachineApplyTransactionThread - 0] INFO  upgrade.OMPrepareRequest (OMPrepareRequest.java:validateAndUpdateCache(69)) - OM omNode-3 Received prepare request with log (t:1, i:51)
2024-03-11 08:33:03,766 [omNode-3-OMStateMachineApplyTransactionThread - 0] INFO  upgrade.OMPrepareRequest (OMPrepareRequest.java:waitForLogIndex(184)) - omNode-3 waiting for index 51 to flush to OM DB and index 52 to flush to Ratis state machine.
2024-03-11 08:33:03,766 [omNode-2@group-523986131536-StateMachineUpdater] INFO  impl.StateMachineUpdater (StateMachineUpdater.java:takeSnapshot(295)) - omNode-2@group-523986131536-StateMachineUpdater: Took a snapshot at index 50
2024-03-11 08:33:03,766 [omNode-2@group-523986131536-StateMachineUpdater] INFO  impl.StateMachineUpdater (StateMachineUpdater.java:lambda$new$0(98)) - omNode-2@group-523986131536-StateMachineUpdater: snapshotIndex: updateIncreasingly -1 -> 50
2024-03-11 08:33:03,766 [omNode-2@group-523986131536-StateMachineUpdater] INFO  raftlog.RaftLog (RaftLogBase.java:purge(330)) - omNode-2@group-523986131536-SegmentedRaftLog: purge 50
2024-03-11 08:33:03,766 [omNode-2@group-523986131536-StateMachineUpdater] INFO  raftlog.RaftLog (RaftLogBase.java:lambda$new$0(54)) - omNode-2@group-523986131536-SegmentedRaftLog: snapshotIndex: updateIncreasingly -1 -> 50
2024-03-11 08:33:03,766 [omNode-2@group-523986131536-StateMachineUpdater] INFO  raftlog.RaftLog (RaftLogBase.java:lambda$new$0(54)) - omNode-2@group-523986131536-SegmentedRaftLog: purgeIndex: updateToMax old=-1, new=50, updated? true
2024-03-11 08:33:03,766 [omNode-2-OMStateMachineApplyTransactionThread - 0] INFO  upgrade.OMPrepareRequest (OMPrepareRequest.java:validateAndUpdateCache(69)) - OM omNode-2 Received prepare request with log (t:1, i:51)
2024-03-11 08:33:03,766 [omNode-2-OMStateMachineApplyTransactionThread - 0] INFO  upgrade.OMPrepareRequest (OMPrepareRequest.java:waitForLogIndex(184)) - omNode-2 waiting for index 51 to flush to OM DB and index 52 to flush to Ratis state machine.
2024-03-11 08:33:08,766 [omNode-3-OMStateMachineApplyTransactionThread - 0] INFO  ratis.OzoneManagerStateMachine (OzoneManagerStateMachine.java:takeSnapshotImpl(467)) -  applied = (t:1, i:51)
2024-03-11 08:33:08,766 [omNode-3-OMStateMachineApplyTransactionThread - 0] INFO  ratis.OzoneManagerStateMachine (OzoneManagerStateMachine.java:takeSnapshotImpl(468)) -  skipped = 51
2024-03-11 08:33:08,766 [omNode-3-OMStateMachineApplyTransactionThread - 0] INFO  ratis.OzoneManagerStateMachine (OzoneManagerStateMachine.java:takeSnapshotImpl(469)) - notified = (t:1, i:52)
2024-03-11 08:33:08,766 [omNode-3-OMStateMachineApplyTransactionThread - 0] INFO  ratis.OzoneManagerStateMachine (OzoneManagerStateMachine.java:takeSnapshotImpl(470)) - snapshot = (t:1, i:52)
2024-03-11 08:33:08,767 [omNode-2-OMStateMachineApplyTransactionThread - 0] INFO  ratis.OzoneManagerStateMachine (OzoneManagerStateMachine.java:takeSnapshotImpl(467)) -  applied = (t:1, i:51)
2024-03-11 08:33:08,767 [omNode-2-OMStateMachineApplyTransactionThread - 0] INFO  ratis.OzoneManagerStateMachine (OzoneManagerStateMachine.java:takeSnapshotImpl(468)) -  skipped = 51
2024-03-11 08:33:08,767 [omNode-2-OMStateMachineApplyTransactionThread - 0] INFO  ratis.OzoneManagerStateMachine (OzoneManagerStateMachine.java:takeSnapshotImpl(469)) - notified = (t:1, i:52)
2024-03-11 08:33:08,767 [omNode-2-OMStateMachineApplyTransactionThread - 0] INFO  ratis.OzoneManagerStateMachine (OzoneManagerStateMachine.java:takeSnapshotImpl(470)) - snapshot = (t:1, i:52)
2024-03-11 08:33:08,771 [omNode-3-OMStateMachineApplyTransactionThread - 0] INFO  upgrade.OMPrepareRequest (OMPrepareRequest.java:takeSnapshotAndPurgeLogs(238)) - takeSnapshot at 52 for prepareIndex 52
2024-03-11 08:33:08,771 [omNode-3-OMStateMachineApplyTransactionThread - 0] INFO  raftlog.RaftLog (RaftLogBase.java:lambda$new$0(54)) - omNode-3@group-523986131536-SegmentedRaftLog: snapshotIndex: updateIncreasingly 50 -> 52
2024-03-11 08:33:08,771 [omNode-3-OMStateMachineApplyTransactionThread - 0] INFO  segmented.SegmentedRaftLogWorker (SegmentedRaftLogWorker.java:lambda$new$0(134)) - omNode-3@group-523986131536-SegmentedRaftLogWorker: safeCacheEvictIndex: setUnconditionally -1 -> 52
2024-03-11 08:33:08,771 [omNode-2-OMStateMachineApplyTransactionThread - 0] INFO  upgrade.OMPrepareRequest (OMPrepareRequest.java:takeSnapshotAndPurgeLogs(238)) - takeSnapshot at 52 for prepareIndex 52
2024-03-11 08:33:08,771 [omNode-3-OMStateMachineApplyTransactionThread - 0] INFO  segmented.SegmentedRaftLogWorker (SegmentedRaftLogWorker.java:closeLogSegment(451)) - omNode-3@group-523986131536-SegmentedRaftLogWorker: Closing segment log_inprogress_0 to index: 52
2024-03-11 08:33:08,771 [omNode-2-OMStateMachineApplyTransactionThread - 0] INFO  raftlog.RaftLog (RaftLogBase.java:lambda$new$0(54)) - omNode-2@group-523986131536-SegmentedRaftLog: snapshotIndex: updateIncreasingly 50 -> 52
2024-03-11 08:33:08,772 [omNode-2-OMStateMachineApplyTransactionThread - 0] INFO  segmented.SegmentedRaftLogWorker (SegmentedRaftLogWorker.java:lambda$new$0(134)) - omNode-2@group-523986131536-SegmentedRaftLogWorker: safeCacheEvictIndex: setUnconditionally -1 -> 52
2024-03-11 08:33:08,772 [omNode-2-OMStateMachineApplyTransactionThread - 0] INFO  segmented.SegmentedRaftLogWorker (SegmentedRaftLogWorker.java:closeLogSegment(451)) - omNode-2@group-523986131536-SegmentedRaftLogWorker: Closing segment log_inprogress_0 to index: 52
2024-03-11 08:33:08,772 [omNode-2@group-523986131536-SegmentedRaftLogWorker] INFO  segmented.SegmentedRaftLogWorker (SegmentedRaftLogWorker.java:execute(591)) - omNode-2@group-523986131536-SegmentedRaftLogWorker: Rolled log segment from /home/runner/work/ozone/ozone/hadoop-ozone/integration-test/target/test-dir/MiniOzoneClusterImpl-3b234497-56f6-48e5-9ae2-a9674f906486/omNode-2/ratis/c9bc4cf4-3bc3-3c60-a66b-523986131536/current/log_inprogress_0 to /home/runner/work/ozone/ozone/hadoop-ozone/integration-test/target/test-dir/MiniOzoneClusterImpl-3b234497-56f6-48e5-9ae2-a9674f906486/omNode-2/ratis/c9bc4cf4-3bc3-3c60-a66b-523986131536/current/log_0-52
2024-03-11 08:33:08,772 [omNode-3@group-523986131536-SegmentedRaftLogWorker] INFO  segmented.SegmentedRaftLogWorker (SegmentedRaftLogWorker.java:execute(591)) - omNode-3@group-523986131536-SegmentedRaftLogWorker: Rolled log segment from /home/runner/work/ozone/ozone/hadoop-ozone/integration-test/target/test-dir/MiniOzoneClusterImpl-3b234497-56f6-48e5-9ae2-a9674f906486/omNode-3/ratis/c9bc4cf4-3bc3-3c60-a66b-523986131536/current/log_inprogress_0 to /home/runner/work/ozone/ozone/hadoop-ozone/integration-test/target/test-dir/MiniOzoneClusterImpl-3b234497-56f6-48e5-9ae2-a9674f906486/omNode-3/ratis/c9bc4cf4-3bc3-3c60-a66b-523986131536/current/log_0-52
2024-03-11 08:33:08,773 [omNode-2-OMStateMachineApplyTransactionThread - 0] INFO  om.OzoneManagerPrepareState (OzoneManagerPrepareState.java:writePrepareMarkerFile(262)) - Prepare marker file written with log index 51 to file /home/runner/work/ozone/ozone/hadoop-ozone/integration-test/target/test-dir/MiniOzoneClusterImpl-3b234497-56f6-48e5-9ae2-a9674f906486/omNode-2/current/prepareMarker
2024-03-11 08:33:08,773 [omNode-3-OMStateMachineApplyTransactionThread - 0] INFO  om.OzoneManagerPrepareState (OzoneManagerPrepareState.java:writePrepareMarkerFile(262)) - Prepare marker file written with log index 51 to file /home/runner/work/ozone/ozone/hadoop-ozone/integration-test/target/test-dir/MiniOzoneClusterImpl-3b234497-56f6-48e5-9ae2-a9674f906486/omNode-3/current/prepareMarker
2024-03-11 08:33:08,773 [omNode-2-OMStateMachineApplyTransactionThread - 0] INFO  upgrade.OMPrepareRequest (OMPrepareRequest.java:validateAndUpdateCache(122)) - OM omNode-2 prepared at log index 51. Returning response txnID: 51
 with log index 51
2024-03-11 08:33:08,773 [omNode-3-OMStateMachineApplyTransactionThread - 0] INFO  upgrade.OMPrepareRequest (OMPrepareRequest.java:validateAndUpdateCache(122)) - OM omNode-3 prepared at log index 51. Returning response txnID: 51
 with log index 51
2024-03-11 08:33:42,005 [d27ccdb5-db89-40cd-9d18-1f7a4f6c3e48-BlockDeletingService#0] INFO  interfaces.ContainerDeletionChoosingPolicyTemplate (ContainerDeletionChoosingPolicyTemplate.java:chooseContainerForBlockDeletion(85)) - Chosen 0/5000 blocks from 0 candidate containers.
2024-03-11 08:33:42,142 [0af1ae0f-8c30-413c-9f1e-7b09e147ac16-BlockDeletingService#0] INFO  interfaces.ContainerDeletionChoosingPolicyTemplate (ContainerDeletionChoosingPolicyTemplate.java:chooseContainerForBlockDeletion(85)) - Chosen 0/5000 blocks from 0 candidate containers.
2024-03-11 08:33:42,251 [59c2aa1f-efee-4a31-8893-6c9c6933eb36-BlockDeletingService#0] INFO  interfaces.ContainerDeletionChoosingPolicyTemplate (ContainerDeletionChoosingPolicyTemplate.java:chooseContainerForBlockDeletion(85)) - Chosen 0/5000 blocks from 0 candidate containers.
2024-03-11 08:34:42,007 [d27ccdb5-db89-40cd-9d18-1f7a4f6c3e48-BlockDeletingService#1] INFO  interfaces.ContainerDeletionChoosingPolicyTemplate (ContainerDeletionChoosingPolicyTemplate.java:chooseContainerForBlockDeletion(85)) - Chosen 0/5000 blocks from 0 candidate containers.
2024-03-11 08:34:42,144 [0af1ae0f-8c30-413c-9f1e-7b09e147ac16-BlockDeletingService#1] INFO  interfaces.ContainerDeletionChoosingPolicyTemplate (ContainerDeletionChoosingPolicyTemplate.java:chooseContainerForBlockDeletion(85)) - Chosen 0/5000 blocks from 0 candidate containers.
2024-03-11 08:34:42,252 [59c2aa1f-efee-4a31-8893-6c9c6933eb36-BlockDeletingService#1] INFO  interfaces.ContainerDeletionChoosingPolicyTemplate (ContainerDeletionChoosingPolicyTemplate.java:chooseContainerForBlockDeletion(85)) - Chosen 0/5000 blocks from 0 candidate containers.
2024-03-11 08:35:03,756 [omNode-1-OMStateMachineApplyTransactionThread - 0] ERROR upgrade.OMPrepareRequest (OMPrepareRequest.java:validateAndUpdateCache(133)) - Prepare Request Apply failed in omNode-1. 
java.io.IOException: After waiting for 120 seconds, Ratis state machine applied index 50 which is less than the minimum required index 52.
	at org.apache.hadoop.ozone.om.request.upgrade.OMPrepareRequest.waitForLogIndex(OMPrepareRequest.java:216)
	at org.apache.hadoop.ozone.om.request.upgrade.OMPrepareRequest.validateAndUpdateCache(OMPrepareRequest.java:112)
	at org.apache.hadoop.ozone.protocolPB.OzoneManagerRequestHandler.lambda$0(OzoneManagerRequestHandler.java:397)
	at org.apache.hadoop.util.MetricUtil.captureLatencyNs(MetricUtil.java:45)
	at org.apache.hadoop.ozone.protocolPB.OzoneManagerRequestHandler.handleWriteRequestImpl(OzoneManagerRequestHandler.java:395)
	at org.apache.hadoop.ozone.protocolPB.RequestHandler.handleWriteRequest(RequestHandler.java:63)
	at org.apache.hadoop.ozone.om.ratis.OzoneManagerStateMachine.runCommand(OzoneManagerStateMachine.java:525)
	at org.apache.hadoop.ozone.om.ratis.OzoneManagerStateMachine.lambda$1(OzoneManagerStateMachine.java:343)
	at java.util.concurrent.CompletableFuture$AsyncSupply.run(CompletableFuture.java:1604)
	at java.util.concurrent.ThreadPoolExecutor.runWorker(ThreadPoolExecutor.java:1149)
	at java.util.concurrent.ThreadPoolExecutor$Worker.run(ThreadPoolExecutor.java:624)
	at java.lang.Thread.run(Thread.java:750)
2024-03-11 08:35:03,757 [omNode-1@group-523986131536-StateMachineUpdater] INFO  ratis.OzoneManagerStateMachine (OzoneManagerStateMachine.java:takeSnapshotImpl(467)) -  applied = (t:1, i:51)
2024-03-11 08:35:03,757 [omNode-1@group-523986131536-StateMachineUpdater] INFO  ratis.OzoneManagerStateMachine (OzoneManagerStateMachine.java:takeSnapshotImpl(468)) -  skipped = 49
2024-03-11 08:35:03,757 [omNode-1@group-523986131536-StateMachineUpdater] INFO  ratis.OzoneManagerStateMachine (OzoneManagerStateMachine.java:takeSnapshotImpl(469)) - notified = (t:1, i:50)
2024-03-11 08:35:03,757 [omNode-1@group-523986131536-StateMachineUpdater] INFO  ratis.OzoneManagerStateMachine (OzoneManagerStateMachine.java:takeSnapshotImpl(470)) - snapshot = (t:1, i:51)
2024-03-11 08:35:03,757 [main] INFO  om.OzoneManager (OzoneManager.java:stop(2241)) - omNode-3[localhost:15141]: Stopping Ozone Manager
2024-03-11 08:35:03,758 [main] INFO  ipc.Server (Server.java:stop(3523)) - Stopping server on 15141
2024-03-11 08:35:03,760 [IPC Server listener on 15141] INFO  ipc.Server (Server.java:run(1434)) - Stopping IPC Server listener on 15141
2024-03-11 08:35:03,760 [IPC Server Responder] INFO  ipc.Server (Server.java:run(1567)) - Stopping IPC Server Responder
2024-03-11 08:35:03,761 [main] INFO  ratis.OzoneManagerRatisServer (OzoneManagerRatisServer.java:stop(594)) - Stopping org.apache.hadoop.ozone.om.ratis.OzoneManagerRatisServer@6f3db926 at port 15144
2024-03-11 08:35:03,761 [main] INFO  server.RaftServer (RaftServerProxy.java:lambda$close$9(416)) - omNode-3: close
2024-03-11 08:35:03,762 [main] INFO  server.GrpcService (GrpcService.java:closeImpl(311)) - omNode-3: shutdown server GrpcServerProtocolService now
2024-03-11 08:35:03,762 [omNode-3-impl-thread2] INFO  server.RaftServer$Division (RaftServerImpl.java:lambda$close$3(526)) - omNode-3@group-523986131536: shutdown
2024-03-11 08:35:03,762 [omNode-3-impl-thread2] INFO  util.JmxRegister (JmxRegister.java:unregister(73)) - Successfully un-registered JMX Bean with object name Ratis:service=RaftServer,group=group-523986131536,id=omNode-3
2024-03-11 08:35:03,762 [omNode-3-impl-thread2] INFO  impl.RoleInfo (RoleInfo.java:shutdownFollowerState(110)) - omNode-3: shutdown omNode-3@group-523986131536-FollowerState
2024-03-11 08:35:03,765 [grpc-default-executor-5] WARN  server.GrpcServerProtocolService (LogUtils.java:warn(121)) - omNode-3: APPEND_ENTRIES onError, lastRequest: null: org.apache.ratis.thirdparty.io.grpc.StatusRuntimeException: CANCELLED: client cancelled
2024-03-11 08:35:03,766 [omNode-3-impl-thread2] INFO  impl.StateMachineUpdater (StateMachineUpdater.java:stopAndJoin(157)) - omNode-3@group-523986131536-StateMachineUpdater: set stopIndex = 52
2024-03-11 08:35:03,766 [omNode-3@group-523986131536-FollowerState] INFO  impl.FollowerState (FollowerState.java:run(152)) - omNode-3@group-523986131536-FollowerState was interrupted
2024-03-11 08:35:03,766 [omNode-3@group-523986131536-StateMachineUpdater] INFO  ratis.OzoneManagerStateMachine (OzoneManagerStateMachine.java:takeSnapshotImpl(467)) -  applied = (t:1, i:51)
2024-03-11 08:35:03,766 [omNode-3@group-523986131536-StateMachineUpdater] INFO  ratis.OzoneManagerStateMachine (OzoneManagerStateMachine.java:takeSnapshotImpl(468)) -  skipped = 51
2024-03-11 08:35:03,767 [omNode-3@group-523986131536-StateMachineUpdater] INFO  ratis.OzoneManagerStateMachine (OzoneManagerStateMachine.java:takeSnapshotImpl(469)) - notified = (t:1, i:52)
2024-03-11 08:35:03,767 [omNode-3@group-523986131536-StateMachineUpdater] INFO  ratis.OzoneManagerStateMachine (OzoneManagerStateMachine.java:takeSnapshotImpl(470)) - snapshot = (t:1, i:52)
2024-03-11 08:35:03,768 [grpc-default-executor-6] WARN  server.GrpcServerProtocolService (LogUtils.java:warn(121)) - omNode-3: APPEND_ENTRIES onError, lastRequest: omNode-1->omNode-3#160-t1,previous=(t:1, i:51),leaderCommit=51,initializing? false,entries: size=1, first=(t:1, i:52), METADATAENTRY(c:51): org.apache.ratis.thirdparty.io.grpc.StatusRuntimeException: CANCELLED: client cancelled
2024-03-11 08:35:03,768 [main] INFO  server.GrpcService (GrpcService.java:closeImpl(320)) - omNode-3: shutdown server GrpcServerProtocolService successfully
2024-03-11 08:35:03,768 [grpc-default-executor-7] WARN  server.GrpcLogAppender (LogUtils.java:warn(121)) - omNode-1@group-523986131536->omNode-3-AppendLogResponseHandler: Failed appendEntries: org.apache.ratis.thirdparty.io.grpc.StatusRuntimeException: CANCELLED: RST_STREAM closed stream. HTTP/2 error code: CANCEL
2024-03-11 08:35:03,768 [grpc-default-executor-7] WARN  server.GrpcLogAppender (GrpcLogAppender.java:lambda$resetClient$1(217)) - omNode-1@group-523986131536->omNode-3-GrpcLogAppender: Follower failed (request=null, errorCount=1); keep nextIndex (53) unchanged and retry.
2024-03-11 08:35:03,777 [omNode-3@group-523986131536-StateMachineUpdater] INFO  impl.StateMachineUpdater (StateMachineUpdater.java:takeSnapshot(295)) - omNode-3@group-523986131536-StateMachineUpdater: Took a snapshot at index 52
2024-03-11 08:35:03,777 [omNode-3@group-523986131536-StateMachineUpdater] INFO  impl.StateMachineUpdater (StateMachineUpdater.java:lambda$new$0(98)) - omNode-3@group-523986131536-StateMachineUpdater: snapshotIndex: updateIncreasingly 50 -> 52
2024-03-11 08:35:03,777 [omNode-3@group-523986131536-StateMachineUpdater] INFO  ratis.OzoneManagerStateMachine (OzoneManagerStateMachine.java:close(513)) - Stopping OzoneManagerStateMachine:omNode-3:group-523986131536.
2024-03-11 08:35:03,777 [omNode-3@group-523986131536-StateMachineUpdater] INFO  ratis.OzoneManagerDoubleBuffer (OzoneManagerDoubleBuffer.java:stopDaemon(517)) - Stopping OMDoubleBuffer flush thread
2024-03-11 08:35:03,778 [omNode-3-OMDoubleBufferFlushThread] INFO  ratis.OzoneManagerDoubleBuffer (OzoneManagerDoubleBuffer.java:canFlush(581)) - OMDoubleBuffer flush thread omNode-3-OMDoubleBufferFlushThread is interrupted and will exit.
2024-03-11 08:35:03,778 [omNode-3-impl-thread2] INFO  server.RaftServer$Division (ServerState.java:close(427)) - omNode-3@group-523986131536: applyIndex: 51
2024-03-11 08:35:03,778 [omNode-3@group-523986131536-cacheEviction-AwaitToRun] INFO  util.AwaitToRun (AwaitToRun.java:run(49)) - omNode-3@group-523986131536-cacheEviction-AwaitToRun-AwaitForSignal is interrupted
2024-03-11 08:35:03,780 [omNode-3-impl-thread2] INFO  segmented.SegmentedRaftLogWorker (SegmentedRaftLogWorker.java:close(245)) - omNode-3@group-523986131536-SegmentedRaftLogWorker close()
2024-03-11 08:35:03,781 [JvmPauseMonitor42] INFO  util.JvmPauseMonitor (JvmPauseMonitor.java:run(152)) - JvmPauseMonitor-omNode-3: Stopped
2024-03-11 08:35:03,782 [main] INFO  utils.BackgroundService (BackgroundService.java:shutdown(160)) - Shutting down service KeyDeletingService
2024-03-11 08:35:03,782 [main] INFO  utils.BackgroundService (BackgroundService.java:shutdown(160)) - Shutting down service DirectoryDeletingService
2024-03-11 08:35:03,782 [main] INFO  utils.BackgroundService (BackgroundService.java:shutdown(160)) - Shutting down service OpenKeyCleanupService
2024-03-11 08:35:03,782 [main] INFO  utils.BackgroundService (BackgroundService.java:shutdown(160)) - Shutting down service SstFilteringService
2024-03-11 08:35:03,782 [main] INFO  utils.BackgroundService (BackgroundService.java:shutdown(160)) - Shutting down service SnapshotDeletingService
2024-03-11 08:35:03,783 [main] INFO  utils.BackgroundService (BackgroundService.java:shutdown(160)) - Shutting down service MultipartUploadCleanupService
2024-03-11 08:35:03,783 [main] INFO  utils.BackgroundService (BackgroundService.java:shutdown(160)) - Shutting down service SnapshotDirectoryCleaningService
2024-03-11 08:35:03,783 [main] INFO  handler.ContextHandler (ContextHandler.java:doStop(1159)) - Stopped o.e.j.w.WebAppContext@2c53437f{ozoneManager,/,null,STOPPED}{file:/home/runner/work/ozone/ozone/hadoop-ozone/integration-test/target/test-classes/webapps/ozoneManager}
2024-03-11 08:35:03,784 [main] INFO  server.AbstractConnector (AbstractConnector.java:doStop(383)) - Stopped ServerConnector@483f21fd{HTTP/1.1, (http/1.1)}{0.0.0.0:15142}
2024-03-11 08:35:03,784 [main] INFO  server.session (HouseKeeper.java:stopScavenging(149)) - node0 Stopped scavenging
2024-03-11 08:35:03,785 [main] INFO  handler.ContextHandler (ContextHandler.java:doStop(1159)) - Stopped o.e.j.s.ServletContextHandler@6239bee9{static,/static,file:///home/runner/work/ozone/ozone/hadoop-ozone/integration-test/target/test-classes/webapps/static,STOPPED}
2024-03-11 08:35:03,785 [main] INFO  handler.ContextHandler (ContextHandler.java:doStop(1159)) - Stopped o.e.j.s.ServletContextHandler@73076bce{logs,/logs,file:///home/runner/work/ozone/ozone/hadoop-ozone/integration-test/target/log,STOPPED}
2024-03-11 08:35:03,786 [main] INFO  rocksdiff.RocksDBCheckpointDiffer (RocksDBCheckpointDiffer.java:close(310)) - Shutting down CompactionDagPruningService.
2024-03-11 08:35:03,787 [main] INFO  snapshot.SnapshotDiffManager (SnapshotDiffManager.java:closeExecutorService(1657)) - Shutting down executorService: 'SnapDiffExecutor'
2024-03-11 08:35:03,787 [main] INFO  utils.BackgroundService (BackgroundService.java:shutdown(160)) - Shutting down service SnapshotDiffCleanupService
2024-03-11 08:35:03,788 [main] INFO  om.OzoneManager (OzoneManager.java:stop(2241)) - omNode-1[localhost:15133]: Stopping Ozone Manager
2024-03-11 08:35:03,788 [main] INFO  ipc.Server (Server.java:stop(3523)) - Stopping server on 15133
2024-03-11 08:35:03,790 [IPC Server listener on 15133] INFO  ipc.Server (Server.java:run(1434)) - Stopping IPC Server listener on 15133
2024-03-11 08:35:03,791 [main] INFO  ratis.OzoneManagerRatisServer (OzoneManagerRatisServer.java:stop(594)) - Stopping org.apache.hadoop.ozone.om.ratis.OzoneManagerRatisServer@2f6c5a76 at port 15136
2024-03-11 08:35:03,791 [main] INFO  server.RaftServer (RaftServerProxy.java:lambda$close$9(416)) - omNode-1: close
2024-03-11 08:35:03,791 [main] INFO  server.GrpcService (GrpcService.java:closeImpl(311)) - omNode-1: shutdown server GrpcServerProtocolService now
2024-03-11 08:35:03,791 [omNode-1-impl-thread2] INFO  server.RaftServer$Division (RaftServerImpl.java:lambda$close$3(526)) - omNode-1@group-523986131536: shutdown
2024-03-11 08:35:03,792 [IPC Server Responder] INFO  ipc.Server (Server.java:run(1567)) - Stopping IPC Server Responder
2024-03-11 08:35:03,792 [omNode-1-impl-thread2] INFO  util.JmxRegister (JmxRegister.java:unregister(73)) - Successfully un-registered JMX Bean with object name Ratis:service=RaftServer,group=group-523986131536,id=omNode-1
2024-03-11 08:35:03,792 [omNode-1-impl-thread2] INFO  impl.RoleInfo (RoleInfo.java:shutdownLeaderState(94)) - omNode-1: shutdown omNode-1@group-523986131536-LeaderStateImpl
2024-03-11 08:35:03,792 [omNode-1@group-523986131536->omNode-3-GrpcLogAppender-LogAppenderDaemon] WARN  server.GrpcLogAppender (GrpcLogAppender.java:mayWait(289)) - omNode-1@group-523986131536->omNode-3-GrpcLogAppender: Wait interrupted by java.lang.InterruptedException
2024-03-11 08:35:03,792 [Thread-7517] INFO  server.GrpcServerProtocolClient (GrpcServerProtocolClient.java:close(103)) - omNode-3 Close channels
2024-03-11 08:35:03,792 [omNode-1@group-523986131536->omNode-2-GrpcLogAppender-LogAppenderDaemon] WARN  server.GrpcLogAppender (GrpcLogAppender.java:mayWait(289)) - omNode-1@group-523986131536->omNode-2-GrpcLogAppender: Wait interrupted by java.lang.InterruptedException
2024-03-11 08:35:03,792 [omNode-1-impl-thread2] INFO  impl.PendingRequests (PendingRequests.java:sendNotLeaderResponses(289)) - omNode-1@group-523986131536-PendingRequests: sendNotLeaderResponses
2024-03-11 08:35:03,792 [grpc-default-executor-5] INFO  server.GrpcServerProtocolService (GrpcServerProtocolService.java:onCompleted(157)) - omNode-2: Completed APPEND_ENTRIES, lastRequest: omNode-1->omNode-2#162-t1,previous=(t:1, i:51),leaderCommit=51,initializing? false,entries: size=1, first=(t:1, i:52), METADATAENTRY(c:51)
2024-03-11 08:35:03,792 [grpc-default-executor-5] INFO  server.GrpcServerProtocolService (GrpcServerProtocolService.java:lambda$onCompleted$5(159)) - omNode-2: Completed APPEND_ENTRIES, lastReply: null
2024-03-11 08:35:03,792 [grpc-default-executor-7] INFO  server.GrpcServerProtocolService (GrpcServerProtocolService.java:onCompleted(157)) - omNode-2: Completed APPEND_ENTRIES, lastRequest: null
2024-03-11 08:35:03,793 [grpc-default-executor-7] INFO  server.GrpcServerProtocolService (GrpcServerProtocolService.java:lambda$onCompleted$5(159)) - omNode-2: Completed APPEND_ENTRIES, lastReply: serverReply {
  requestorId: "omNode-1"
  replyId: "omNode-2"
  raftGroupId {
    id: "\311\274L\364;\303<`\246kR9\206\023\0256"
  }
  callId: 406
  success: true
}
term: 1
nextIndex: 53
followerCommit: 52
matchIndex: 18446744073709551615
isHearbeat: true

2024-03-11 08:35:03,794 [omNode-1-impl-thread2] INFO  impl.StateMachineUpdater (StateMachineUpdater.java:stopAndJoin(157)) - omNode-1@group-523986131536-StateMachineUpdater: set stopIndex = 52
2024-03-11 08:35:03,794 [grpc-default-executor-6] INFO  server.GrpcLogAppender (GrpcLogAppender.java:onCompleted(546)) - omNode-1@group-523986131536->omNode-2-AppendLogResponseHandler: follower responses appendEntries COMPLETED
2024-03-11 08:35:03,794 [Thread-7519] INFO  server.GrpcServerProtocolClient (GrpcServerProtocolClient.java:close(103)) - omNode-2 Close channels
2024-03-11 08:35:03,795 [grpc-default-executor-7] INFO  server.GrpcLogAppender (GrpcLogAppender.java:onCompleted(546)) - omNode-1@group-523986131536->omNode-2-AppendLogResponseHandler: follower responses appendEntries COMPLETED
2024-03-11 08:35:03,795 [grpc-default-executor-7] WARN  server.GrpcLogAppender (GrpcLogAppender.java:resetClient(226)) - omNode-1@group-523986131536->omNode-2-GrpcLogAppender: Failed to getClient for omNode-2
org.apache.ratis.protocol.exceptions.AlreadyClosedException: omNode-1 is already CLOSED
	at org.apache.ratis.util.PeerProxyMap$PeerAndProxy.getProxy(PeerProxyMap.java:65)
	at org.apache.ratis.util.PeerProxyMap.getProxy(PeerProxyMap.java:114)
	at org.apache.ratis.grpc.server.GrpcLogAppender.getClient(GrpcLogAppender.java:196)
	at org.apache.ratis.grpc.server.GrpcLogAppender.resetClient(GrpcLogAppender.java:201)
	at org.apache.ratis.grpc.server.GrpcLogAppender.access$800(GrpcLogAppender.java:62)
	at org.apache.ratis.grpc.server.GrpcLogAppender$AppendLogResponseHandler.onCompleted(GrpcLogAppender.java:547)
	at org.apache.ratis.thirdparty.io.grpc.stub.ClientCalls$StreamObserverToCallListenerAdapter.onClose(ClientCalls.java:479)
	at org.apache.ratis.thirdparty.io.grpc.internal.ClientCallImpl.closeObserver(ClientCallImpl.java:567)
	at org.apache.ratis.thirdparty.io.grpc.internal.ClientCallImpl.access$300(ClientCallImpl.java:71)
	at org.apache.ratis.thirdparty.io.grpc.internal.ClientCallImpl$ClientStreamListenerImpl$1StreamClosed.runInternal(ClientCallImpl.java:735)
	at org.apache.ratis.thirdparty.io.grpc.internal.ClientCallImpl$ClientStreamListenerImpl$1StreamClosed.runInContext(ClientCallImpl.java:716)
	at org.apache.ratis.thirdparty.io.grpc.internal.ContextRunnable.run(ContextRunnable.java:37)
	at org.apache.ratis.thirdparty.io.grpc.internal.SerializingExecutor.run(SerializingExecutor.java:133)
	at java.util.concurrent.ThreadPoolExecutor.runWorker(ThreadPoolExecutor.java:1149)
	at java.util.concurrent.ThreadPoolExecutor$Worker.run(ThreadPoolExecutor.java:624)
	at java.lang.Thread.run(Thread.java:750)
2024-03-11 08:35:03,795 [grpc-default-executor-6] WARN  server.GrpcLogAppender (GrpcLogAppender.java:resetClient(226)) - omNode-1@group-523986131536->omNode-2-GrpcLogAppender: Failed to getClient for omNode-2
org.apache.ratis.protocol.exceptions.AlreadyClosedException: omNode-1 is already CLOSED
	at org.apache.ratis.util.PeerProxyMap$PeerAndProxy.getProxy(PeerProxyMap.java:65)
	at org.apache.ratis.util.PeerProxyMap.getProxy(PeerProxyMap.java:114)
	at org.apache.ratis.grpc.server.GrpcLogAppender.getClient(GrpcLogAppender.java:196)
	at org.apache.ratis.grpc.server.GrpcLogAppender.resetClient(GrpcLogAppender.java:201)
	at org.apache.ratis.grpc.server.GrpcLogAppender.access$800(GrpcLogAppender.java:62)
	at org.apache.ratis.grpc.server.GrpcLogAppender$AppendLogResponseHandler.onCompleted(GrpcLogAppender.java:547)
	at org.apache.ratis.thirdparty.io.grpc.stub.ClientCalls$StreamObserverToCallListenerAdapter.onClose(ClientCalls.java:479)
	at org.apache.ratis.thirdparty.io.grpc.internal.ClientCallImpl.closeObserver(ClientCallImpl.java:567)
	at org.apache.ratis.thirdparty.io.grpc.internal.ClientCallImpl.access$300(ClientCallImpl.java:71)
	at org.apache.ratis.thirdparty.io.grpc.internal.ClientCallImpl$ClientStreamListenerImpl$1StreamClosed.runInternal(ClientCallImpl.java:735)
	at org.apache.ratis.thirdparty.io.grpc.internal.ClientCallImpl$ClientStreamListenerImpl$1StreamClosed.runInContext(ClientCallImpl.java:716)
	at org.apache.ratis.thirdparty.io.grpc.internal.ContextRunnable.run(ContextRunnable.java:37)
	at org.apache.ratis.thirdparty.io.grpc.internal.SerializingExecutor.run(SerializingExecutor.java:133)
	at java.util.concurrent.ThreadPoolExecutor.runWorker(ThreadPoolExecutor.java:1149)
	at java.util.concurrent.ThreadPoolExecutor$Worker.run(ThreadPoolExecutor.java:624)
	at java.lang.Thread.run(Thread.java:750)
2024-03-11 08:35:03,797 [omNode-1@group-523986131536-StateMachineUpdater] INFO  impl.StateMachineUpdater (StateMachineUpdater.java:takeSnapshot(295)) - omNode-1@group-523986131536-StateMachineUpdater: Took a snapshot at index 51
2024-03-11 08:35:03,797 [main] INFO  server.GrpcService (GrpcService.java:closeImpl(320)) - omNode-1: shutdown server GrpcServerProtocolService successfully
2024-03-11 08:35:03,797 [omNode-1@group-523986131536-StateMachineUpdater] INFO  impl.StateMachineUpdater (StateMachineUpdater.java:lambda$new$0(98)) - omNode-1@group-523986131536-StateMachineUpdater: snapshotIndex: updateIncreasingly -1 -> 51
2024-03-11 08:35:03,797 [omNode-1@group-523986131536-StateMachineUpdater] INFO  raftlog.RaftLog (RaftLogBase.java:purge(330)) - omNode-1@group-523986131536-SegmentedRaftLog: purge 51
2024-03-11 08:35:03,798 [omNode-1@group-523986131536-StateMachineUpdater] INFO  raftlog.RaftLog (RaftLogBase.java:lambda$new$0(54)) - omNode-1@group-523986131536-SegmentedRaftLog: snapshotIndex: updateIncreasingly -1 -> 51
2024-03-11 08:35:03,798 [omNode-1@group-523986131536-StateMachineUpdater] INFO  raftlog.RaftLog (RaftLogBase.java:lambda$new$0(54)) - omNode-1@group-523986131536-SegmentedRaftLog: purgeIndex: updateToMax old=-1, new=51, updated? true
2024-03-11 08:35:03,798 [omNode-1@group-523986131536-StateMachineUpdater] INFO  ratis.OzoneManagerStateMachine (OzoneManagerStateMachine.java:takeSnapshotImpl(467)) -  applied = (t:1, i:51)
2024-03-11 08:35:03,798 [omNode-1@group-523986131536-StateMachineUpdater] INFO  ratis.OzoneManagerStateMachine (OzoneManagerStateMachine.java:takeSnapshotImpl(468)) -  skipped = 51
2024-03-11 08:35:03,798 [omNode-1@group-523986131536-StateMachineUpdater] INFO  ratis.OzoneManagerStateMachine (OzoneManagerStateMachine.java:takeSnapshotImpl(469)) - notified = (t:1, i:52)
2024-03-11 08:35:03,798 [omNode-1@group-523986131536-StateMachineUpdater] INFO  ratis.OzoneManagerStateMachine (OzoneManagerStateMachine.java:takeSnapshotImpl(470)) - snapshot = (t:1, i:52)
2024-03-11 08:35:03,803 [omNode-1@group-523986131536-StateMachineUpdater] INFO  impl.StateMachineUpdater (StateMachineUpdater.java:takeSnapshot(295)) - omNode-1@group-523986131536-StateMachineUpdater: Took a snapshot at index 52
2024-03-11 08:35:03,803 [omNode-1@group-523986131536-StateMachineUpdater] INFO  impl.StateMachineUpdater (StateMachineUpdater.java:lambda$new$0(98)) - omNode-1@group-523986131536-StateMachineUpdater: snapshotIndex: updateIncreasingly 51 -> 52
2024-03-11 08:35:03,803 [omNode-1@group-523986131536-StateMachineUpdater] INFO  ratis.OzoneManagerStateMachine (OzoneManagerStateMachine.java:close(513)) - Stopping OzoneManagerStateMachine:omNode-1:group-523986131536.
2024-03-11 08:35:03,803 [omNode-1@group-523986131536-StateMachineUpdater] INFO  ratis.OzoneManagerDoubleBuffer (OzoneManagerDoubleBuffer.java:stopDaemon(517)) - Stopping OMDoubleBuffer flush thread
2024-03-11 08:35:03,804 [omNode-1-OMDoubleBufferFlushThread] INFO  ratis.OzoneManagerDoubleBuffer (OzoneManagerDoubleBuffer.java:canFlush(581)) - OMDoubleBuffer flush thread omNode-1-OMDoubleBufferFlushThread is interrupted and will exit.
2024-03-11 08:35:03,804 [omNode-1-impl-thread2] INFO  server.RaftServer$Division (ServerState.java:close(427)) - omNode-1@group-523986131536: applyIndex: 51
2024-03-11 08:35:03,804 [omNode-1@group-523986131536-cacheEviction-AwaitToRun] INFO  util.AwaitToRun (AwaitToRun.java:run(49)) - omNode-1@group-523986131536-cacheEviction-AwaitToRun-AwaitForSignal is interrupted
2024-03-11 08:35:04,758 [omNode-1-impl-thread2] INFO  segmented.SegmentedRaftLogWorker (SegmentedRaftLogWorker.java:close(245)) - omNode-1@group-523986131536-SegmentedRaftLogWorker close()
2024-03-11 08:35:04,760 [JvmPauseMonitor40] INFO  util.JvmPauseMonitor (JvmPauseMonitor.java:run(152)) - JvmPauseMonitor-omNode-1: Stopped
2024-03-11 08:35:04,760 [main] INFO  utils.BackgroundService (BackgroundService.java:shutdown(160)) - Shutting down service KeyDeletingService
2024-03-11 08:35:04,760 [main] INFO  utils.BackgroundService (BackgroundService.java:shutdown(160)) - Shutting down service DirectoryDeletingService
2024-03-11 08:35:04,761 [main] INFO  utils.BackgroundService (BackgroundService.java:shutdown(160)) - Shutting down service OpenKeyCleanupService
2024-03-11 08:35:04,761 [main] INFO  utils.BackgroundService (BackgroundService.java:shutdown(160)) - Shutting down service SstFilteringService
2024-03-11 08:35:04,761 [main] INFO  utils.BackgroundService (BackgroundService.java:shutdown(160)) - Shutting down service SnapshotDeletingService
2024-03-11 08:35:04,761 [main] INFO  utils.BackgroundService (BackgroundService.java:shutdown(160)) - Shutting down service MultipartUploadCleanupService
2024-03-11 08:35:04,761 [main] INFO  utils.BackgroundService (BackgroundService.java:shutdown(160)) - Shutting down service SnapshotDirectoryCleaningService
2024-03-11 08:35:04,764 [main] INFO  handler.ContextHandler (ContextHandler.java:doStop(1159)) - Stopped o.e.j.w.WebAppContext@1c31f2f{ozoneManager,/,null,STOPPED}{file:/home/runner/work/ozone/ozone/hadoop-ozone/integration-test/target/test-classes/webapps/ozoneManager}
2024-03-11 08:35:04,764 [main] INFO  server.AbstractConnector (AbstractConnector.java:doStop(383)) - Stopped ServerConnector@54ac790a{HTTP/1.1, (http/1.1)}{0.0.0.0:15134}
2024-03-11 08:35:04,764 [main] INFO  server.session (HouseKeeper.java:stopScavenging(149)) - node0 Stopped scavenging
2024-03-11 08:35:04,764 [main] INFO  handler.ContextHandler (ContextHandler.java:doStop(1159)) - Stopped o.e.j.s.ServletContextHandler@29aeaefa{static,/static,file:///home/runner/work/ozone/ozone/hadoop-ozone/integration-test/target/test-classes/webapps/static,STOPPED}
2024-03-11 08:35:04,765 [main] INFO  handler.ContextHandler (ContextHandler.java:doStop(1159)) - Stopped o.e.j.s.ServletContextHandler@b05dc63{logs,/logs,file:///home/runner/work/ozone/ozone/hadoop-ozone/integration-test/target/log,STOPPED}
2024-03-11 08:35:04,765 [main] INFO  rocksdiff.RocksDBCheckpointDiffer (RocksDBCheckpointDiffer.java:close(310)) - Shutting down CompactionDagPruningService.
2024-03-11 08:35:04,767 [main] INFO  snapshot.SnapshotDiffManager (SnapshotDiffManager.java:closeExecutorService(1657)) - Shutting down executorService: 'SnapDiffExecutor'
2024-03-11 08:35:04,767 [main] INFO  utils.BackgroundService (BackgroundService.java:shutdown(160)) - Shutting down service SnapshotDiffCleanupService
2024-03-11 08:35:04,768 [main] INFO  om.OzoneManager (OzoneManager.java:stop(2241)) - omNode-2[localhost:15137]: Stopping Ozone Manager
2024-03-11 08:35:04,768 [main] INFO  ipc.Server (Server.java:stop(3523)) - Stopping server on 15137
2024-03-11 08:35:04,770 [IPC Server listener on 15137] INFO  ipc.Server (Server.java:run(1434)) - Stopping IPC Server listener on 15137
2024-03-11 08:35:04,771 [IPC Server Responder] INFO  ipc.Server (Server.java:run(1567)) - Stopping IPC Server Responder
2024-03-11 08:35:04,771 [main] INFO  ratis.OzoneManagerRatisServer (OzoneManagerRatisServer.java:stop(594)) - Stopping org.apache.hadoop.ozone.om.ratis.OzoneManagerRatisServer@5c1318be at port 15140
2024-03-11 08:35:04,771 [main] INFO  server.RaftServer (RaftServerProxy.java:lambda$close$9(416)) - omNode-2: close
2024-03-11 08:35:04,771 [main] INFO  server.GrpcService (GrpcService.java:closeImpl(311)) - omNode-2: shutdown server GrpcServerProtocolService now
2024-03-11 08:35:04,771 [omNode-2-impl-thread2] INFO  server.RaftServer$Division (RaftServerImpl.java:lambda$close$3(526)) - omNode-2@group-523986131536: shutdown
2024-03-11 08:35:04,772 [omNode-2-impl-thread2] INFO  util.JmxRegister (JmxRegister.java:unregister(73)) - Successfully un-registered JMX Bean with object name Ratis:service=RaftServer,group=group-523986131536,id=omNode-2
2024-03-11 08:35:04,772 [omNode-2-impl-thread2] INFO  impl.RoleInfo (RoleInfo.java:shutdownFollowerState(110)) - omNode-2: shutdown omNode-2@group-523986131536-FollowerState
2024-03-11 08:35:04,772 [main] INFO  server.GrpcService (GrpcService.java:closeImpl(320)) - omNode-2: shutdown server GrpcServerProtocolService successfully
2024-03-11 08:35:04,772 [omNode-2@group-523986131536-StateMachineUpdater] INFO  ratis.OzoneManagerStateMachine (OzoneManagerStateMachine.java:takeSnapshotImpl(467)) -  applied = (t:1, i:51)
2024-03-11 08:35:04,772 [omNode-2@group-523986131536-StateMachineUpdater] INFO  ratis.OzoneManagerStateMachine (OzoneManagerStateMachine.java:takeSnapshotImpl(468)) -  skipped = 51
2024-03-11 08:35:04,772 [omNode-2@group-523986131536-StateMachineUpdater] INFO  ratis.OzoneManagerStateMachine (OzoneManagerStateMachine.java:takeSnapshotImpl(469)) - notified = (t:1, i:52)
2024-03-11 08:35:04,772 [omNode-2@group-523986131536-StateMachineUpdater] INFO  ratis.OzoneManagerStateMachine (OzoneManagerStateMachine.java:takeSnapshotImpl(470)) - snapshot = (t:1, i:52)
2024-03-11 08:35:04,772 [omNode-2@group-523986131536-FollowerState] INFO  impl.FollowerState (FollowerState.java:run(152)) - omNode-2@group-523986131536-FollowerState was interrupted
2024-03-11 08:35:04,772 [omNode-2-impl-thread2] INFO  impl.StateMachineUpdater (StateMachineUpdater.java:stopAndJoin(157)) - omNode-2@group-523986131536-StateMachineUpdater: set stopIndex = 52
2024-03-11 08:35:04,777 [omNode-2@group-523986131536-StateMachineUpdater] INFO  impl.StateMachineUpdater (StateMachineUpdater.java:takeSnapshot(295)) - omNode-2@group-523986131536-StateMachineUpdater: Took a snapshot at index 52
2024-03-11 08:35:04,777 [omNode-2@group-523986131536-StateMachineUpdater] INFO  impl.StateMachineUpdater (StateMachineUpdater.java:lambda$new$0(98)) - omNode-2@group-523986131536-StateMachineUpdater: snapshotIndex: updateIncreasingly 50 -> 52
2024-03-11 08:35:04,777 [omNode-2@group-523986131536-StateMachineUpdater] INFO  ratis.OzoneManagerStateMachine (OzoneManagerStateMachine.java:close(513)) - Stopping OzoneManagerStateMachine:omNode-2:group-523986131536.
2024-03-11 08:35:04,777 [omNode-2@group-523986131536-StateMachineUpdater] INFO  ratis.OzoneManagerDoubleBuffer (OzoneManagerDoubleBuffer.java:stopDaemon(517)) - Stopping OMDoubleBuffer flush thread
2024-03-11 08:35:04,777 [omNode-2-OMDoubleBufferFlushThread] INFO  ratis.OzoneManagerDoubleBuffer (OzoneManagerDoubleBuffer.java:canFlush(581)) - OMDoubleBuffer flush thread omNode-2-OMDoubleBufferFlushThread is interrupted and will exit.
2024-03-11 08:35:04,778 [omNode-2-impl-thread2] INFO  server.RaftServer$Division (ServerState.java:close(427)) - omNode-2@group-523986131536: applyIndex: 51
2024-03-11 08:35:04,778 [omNode-2@group-523986131536-cacheEviction-AwaitToRun] INFO  util.AwaitToRun (AwaitToRun.java:run(49)) - omNode-2@group-523986131536-cacheEviction-AwaitToRun-AwaitForSignal is interrupted
2024-03-11 08:35:04,780 [omNode-2-impl-thread2] INFO  segmented.SegmentedRaftLogWorker (SegmentedRaftLogWorker.java:close(245)) - omNode-2@group-523986131536-SegmentedRaftLogWorker close()
2024-03-11 08:35:04,781 [JvmPauseMonitor41] INFO  util.JvmPauseMonitor (JvmPauseMonitor.java:run(152)) - JvmPauseMonitor-omNode-2: Stopped
2024-03-11 08:35:04,781 [main] INFO  utils.BackgroundService (BackgroundService.java:shutdown(160)) - Shutting down service KeyDeletingService
2024-03-11 08:35:04,781 [main] INFO  utils.BackgroundService (BackgroundService.java:shutdown(160)) - Shutting down service DirectoryDeletingService
2024-03-11 08:35:04,781 [main] INFO  utils.BackgroundService (BackgroundService.java:shutdown(160)) - Shutting down service OpenKeyCleanupService
2024-03-11 08:35:04,781 [main] INFO  utils.BackgroundService (BackgroundService.java:shutdown(160)) - Shutting down service SstFilteringService
2024-03-11 08:35:04,781 [main] INFO  utils.BackgroundService (BackgroundService.java:shutdown(160)) - Shutting down service SnapshotDeletingService
2024-03-11 08:35:04,781 [main] INFO  utils.BackgroundService (BackgroundService.java:shutdown(160)) - Shutting down service MultipartUploadCleanupService
2024-03-11 08:35:04,782 [main] INFO  utils.BackgroundService (BackgroundService.java:shutdown(160)) - Shutting down service SnapshotDirectoryCleaningService
2024-03-11 08:35:04,782 [main] INFO  handler.ContextHandler (ContextHandler.java:doStop(1159)) - Stopped o.e.j.w.WebAppContext@15076c00{ozoneManager,/,null,STOPPED}{file:/home/runner/work/ozone/ozone/hadoop-ozone/integration-test/target/test-classes/webapps/ozoneManager}
2024-03-11 08:35:04,783 [main] INFO  server.AbstractConnector (AbstractConnector.java:doStop(383)) - Stopped ServerConnector@14e513e5{HTTP/1.1, (http/1.1)}{0.0.0.0:15138}
2024-03-11 08:35:04,783 [main] INFO  server.session (HouseKeeper.java:stopScavenging(149)) - node0 Stopped scavenging
2024-03-11 08:35:04,783 [main] INFO  handler.ContextHandler (ContextHandler.java:doStop(1159)) - Stopped o.e.j.s.ServletContextHandler@37f6f16d{static,/static,file:///home/runner/work/ozone/ozone/hadoop-ozone/integration-test/target/test-classes/webapps/static,STOPPED}
2024-03-11 08:35:04,783 [main] INFO  handler.ContextHandler (ContextHandler.java:doStop(1159)) - Stopped o.e.j.s.ServletContextHandler@5baf98d7{logs,/logs,file:///home/runner/work/ozone/ozone/hadoop-ozone/integration-test/target/log,STOPPED}
2024-03-11 08:35:04,784 [main] INFO  rocksdiff.RocksDBCheckpointDiffer (RocksDBCheckpointDiffer.java:close(310)) - Shutting down CompactionDagPruningService.
2024-03-11 08:35:04,785 [main] INFO  snapshot.SnapshotDiffManager (SnapshotDiffManager.java:closeExecutorService(1657)) - Shutting down executorService: 'SnapDiffExecutor'
2024-03-11 08:35:04,785 [main] INFO  utils.BackgroundService (BackgroundService.java:shutdown(160)) - Shutting down service SnapshotDiffCleanupService
2024-03-11 08:35:04,787 [main] INFO  om.OzoneManager (OzoneManager.java:restart(1747)) - OzoneManager RPC server is listening at localhost/127.0.0.1:15141
2024-03-11 08:35:04,787 [main] INFO  impl.MetricsSystemImpl (MetricsSystemImpl.java:init(158)) - OzoneManager metrics system started (again)
2024-03-11 08:35:04,795 [main] WARN  server.ServerUtils (ServerUtils.java:getDBPath(299)) - ozone.om.db.dirs is not configured. We recommend adding this setting. Falling back to ozone.metadata.dirs instead.
2024-03-11 08:35:04,795 [main] INFO  helpers.OmKeyInfo (OmKeyInfo.java:getCodec(71)) - OmKeyInfo.getCodec ignorePipeline = true
2024-03-11 08:35:04,830 [main] INFO  om.OzoneManager (OzoneManager.java:instantiateServices(811)) - S3 Multi-Tenancy is disabled
2024-03-11 08:35:04,831 [main] INFO  om.OmSnapshotManager (OmSnapshotManager.java:<init>(177)) - Ozone filesystem snapshot feature is enabled.
2024-03-11 08:35:04,831 [main] WARN  server.ServerUtils (ServerUtils.java:getDBPath(299)) - ozone.om.snapshot.diff.db.dir is not configured. We recommend adding this setting. Falling back to ozone.metadata.dirs instead.
2024-03-11 08:35:04,841 [main] INFO  utils.NativeLibraryLoader (NativeLibraryLoader.java:loadLibrary(108)) - Loading Library: ozone_rocksdb_tools
2024-03-11 08:35:04,841 [main] ERROR snapshot.SnapshotDiffManager (SnapshotDiffManager.java:initNativeLibraryForEfficientDiff(287)) - Native Library for raw sst file reading loading failed.
org.apache.hadoop.hdds.utils.NativeLibraryNotLoadedException: Unable to load library ozone_rocksdb_tools from both java.library.path & resource file libozone_rocksdb_tools.so from jar.
	at org.apache.hadoop.hdds.utils.db.managed.ManagedRawSSTFileReader.loadLibrary(ManagedRawSSTFileReader.java:38)
	at org.apache.hadoop.ozone.om.snapshot.SnapshotDiffManager.initNativeLibraryForEfficientDiff(SnapshotDiffManager.java:285)
	at org.apache.hadoop.ozone.om.snapshot.SnapshotDiffManager.<init>(SnapshotDiffManager.java:259)
	at org.apache.hadoop.ozone.om.OmSnapshotManager.<init>(OmSnapshotManager.java:279)
	at org.apache.hadoop.ozone.om.OzoneManager.instantiateServices(OzoneManager.java:863)
	at org.apache.hadoop.ozone.om.OzoneManager.restart(OzoneManager.java:1752)
	at org.apache.hadoop.ozone.MiniOzoneHAClusterImpl.restartOzoneManager(MiniOzoneHAClusterImpl.java:211)
	at org.apache.hadoop.ozone.om.TestOzoneManagerPrepare.resetCluster(TestOzoneManagerPrepare.java:113)
	at sun.reflect.NativeMethodAccessorImpl.invoke0(Native Method)
	at sun.reflect.NativeMethodAccessorImpl.invoke(NativeMethodAccessorImpl.java:62)
	at sun.reflect.DelegatingMethodAccessorImpl.invoke(DelegatingMethodAccessorImpl.java:43)
	at java.lang.reflect.Method.invoke(Method.java:498)
	at org.junit.platform.commons.util.ReflectionUtils.invokeMethod(ReflectionUtils.java:728)
	at org.junit.jupiter.engine.execution.MethodInvocation.proceed(MethodInvocation.java:60)
	at org.junit.jupiter.engine.execution.InvocationInterceptorChain$ValidatingInvocation.proceed(InvocationInterceptorChain.java:131)
	at org.junit.jupiter.engine.extension.TimeoutExtension.intercept(TimeoutExtension.java:156)
	at org.junit.jupiter.engine.extension.TimeoutExtension.interceptLifecycleMethod(TimeoutExtension.java:128)
	at org.junit.jupiter.engine.extension.TimeoutExtension.interceptAfterEachMethod(TimeoutExtension.java:110)
	at org.junit.jupiter.engine.execution.InterceptingExecutableInvoker$ReflectiveInterceptorCall.lambda$ofVoidMethod$0(InterceptingExecutableInvoker.java:103)
	at org.junit.jupiter.engine.execution.InterceptingExecutableInvoker.lambda$invoke$0(InterceptingExecutableInvoker.java:93)
	at org.junit.jupiter.engine.execution.InvocationInterceptorChain$InterceptedInvocation.proceed(InvocationInterceptorChain.java:106)
	at org.junit.jupiter.engine.execution.InvocationInterceptorChain.proceed(InvocationInterceptorChain.java:64)
	at org.junit.jupiter.engine.execution.InvocationInterceptorChain.chainAndInvoke(InvocationInterceptorChain.java:45)
	at org.junit.jupiter.engine.execution.InvocationInterceptorChain.invoke(InvocationInterceptorChain.java:37)
	at org.junit.jupiter.engine.execution.InterceptingExecutableInvoker.invoke(InterceptingExecutableInvoker.java:92)
	at org.junit.jupiter.engine.execution.InterceptingExecutableInvoker.invoke(InterceptingExecutableInvoker.java:86)
	at org.junit.jupiter.engine.descriptor.ClassBasedTestDescriptor.invokeMethodInExtensionContext(ClassBasedTestDescriptor.java:521)
	at org.junit.jupiter.engine.descriptor.ClassBasedTestDescriptor.lambda$synthesizeAfterEachMethodAdapter$24(ClassBasedTestDescriptor.java:511)
	at org.junit.jupiter.engine.descriptor.TestMethodTestDescriptor.lambda$invokeAfterEachMethods$10(TestMethodTestDescriptor.java:244)
	at org.junit.jupiter.engine.descriptor.TestMethodTestDescriptor.lambda$invokeAllAfterMethodsOrCallbacks$13(TestMethodTestDescriptor.java:277)
	at org.junit.platform.engine.support.hierarchical.ThrowableCollector.execute(ThrowableCollector.java:73)
	at org.junit.jupiter.engine.descriptor.TestMethodTestDescriptor.lambda$invokeAllAfterMethodsOrCallbacks$14(TestMethodTestDescriptor.java:277)
	at org.junit.platform.commons.util.CollectionUtils.forEachInReverseOrder(CollectionUtils.java:217)
	at org.junit.jupiter.engine.descriptor.TestMethodTestDescriptor.invokeAllAfterMethodsOrCallbacks(TestMethodTestDescriptor.java:276)
	at org.junit.jupiter.engine.descriptor.TestMethodTestDescriptor.invokeAfterEachMethods(TestMethodTestDescriptor.java:242)
	at org.junit.jupiter.engine.descriptor.TestMethodTestDescriptor.execute(TestMethodTestDescriptor.java:143)
	at org.junit.jupiter.engine.descriptor.TestMethodTestDescriptor.execute(TestMethodTestDescriptor.java:69)
	at org.junit.platform.engine.support.hierarchical.NodeTestTask.lambda$executeRecursively$6(NodeTestTask.java:151)
	at org.junit.platform.engine.support.hierarchical.ThrowableCollector.execute(ThrowableCollector.java:73)
	at org.junit.platform.engine.support.hierarchical.NodeTestTask.lambda$executeRecursively$8(NodeTestTask.java:141)
	at org.junit.platform.engine.support.hierarchical.Node.around(Node.java:137)
	at org.junit.platform.engine.support.hierarchical.NodeTestTask.lambda$executeRecursively$9(NodeTestTask.java:139)
	at org.junit.platform.engine.support.hierarchical.ThrowableCollector.execute(ThrowableCollector.java:73)
	at org.junit.platform.engine.support.hierarchical.NodeTestTask.executeRecursively(NodeTestTask.java:138)
	at org.junit.platform.engine.support.hierarchical.NodeTestTask.execute(NodeTestTask.java:95)
	at java.util.ArrayList.forEach(ArrayList.java:1259)
	at org.junit.platform.engine.support.hierarchical.SameThreadHierarchicalTestExecutorService.invokeAll(SameThreadHierarchicalTestExecutorService.java:41)
	at org.junit.platform.engine.support.hierarchical.NodeTestTask.lambda$executeRecursively$6(NodeTestTask.java:155)
	at org.junit.platform.engine.support.hierarchical.ThrowableCollector.execute(ThrowableCollector.java:73)
	at org.junit.platform.engine.support.hierarchical.NodeTestTask.lambda$executeRecursively$8(NodeTestTask.java:141)
	at org.junit.platform.engine.support.hierarchical.Node.around(Node.java:137)
	at org.junit.platform.engine.support.hierarchical.NodeTestTask.lambda$executeRecursively$9(NodeTestTask.java:139)
	at org.junit.platform.engine.support.hierarchical.ThrowableCollector.execute(ThrowableCollector.java:73)
	at org.junit.platform.engine.support.hierarchical.NodeTestTask.executeRecursively(NodeTestTask.java:138)
	at org.junit.platform.engine.support.hierarchical.NodeTestTask.execute(NodeTestTask.java:95)
	at java.util.ArrayList.forEach(ArrayList.java:1259)
	at org.junit.platform.engine.support.hierarchical.SameThreadHierarchicalTestExecutorService.invokeAll(SameThreadHierarchicalTestExecutorService.java:41)
	at org.junit.platform.engine.support.hierarchical.NodeTestTask.lambda$executeRecursively$6(NodeTestTask.java:155)
	at org.junit.platform.engine.support.hierarchical.ThrowableCollector.execute(ThrowableCollector.java:73)
	at org.junit.platform.engine.support.hierarchical.NodeTestTask.lambda$executeRecursively$8(NodeTestTask.java:141)
	at org.junit.platform.engine.support.hierarchical.Node.around(Node.java:137)
	at org.junit.platform.engine.support.hierarchical.NodeTestTask.lambda$executeRecursively$9(NodeTestTask.java:139)
	at org.junit.platform.engine.support.hierarchical.ThrowableCollector.execute(ThrowableCollector.java:73)
	at org.junit.platform.engine.support.hierarchical.NodeTestTask.executeRecursively(NodeTestTask.java:138)
	at org.junit.platform.engine.support.hierarchical.NodeTestTask.execute(NodeTestTask.java:95)
	at org.junit.platform.engine.support.hierarchical.SameThreadHierarchicalTestExecutorService.submit(SameThreadHierarchicalTestExecutorService.java:35)
	at org.junit.platform.engine.support.hierarchical.HierarchicalTestExecutor.execute(HierarchicalTestExecutor.java:57)
	at org.junit.platform.engine.support.hierarchical.HierarchicalTestEngine.execute(HierarchicalTestEngine.java:54)
	at org.junit.platform.launcher.core.EngineExecutionOrchestrator.execute(EngineExecutionOrchestrator.java:198)
	at org.junit.platform.launcher.core.EngineExecutionOrchestrator.execute(EngineExecutionOrchestrator.java:169)
	at org.junit.platform.launcher.core.EngineExecutionOrchestrator.execute(EngineExecutionOrchestrator.java:93)
	at org.junit.platform.launcher.core.EngineExecutionOrchestrator.lambda$execute$0(EngineExecutionOrchestrator.java:58)
	at org.junit.platform.launcher.core.EngineExecutionOrchestrator.withInterceptedStreams(EngineExecutionOrchestrator.java:141)
	at org.junit.platform.launcher.core.EngineExecutionOrchestrator.execute(EngineExecutionOrchestrator.java:57)
	at org.junit.platform.launcher.core.DefaultLauncher.execute(DefaultLauncher.java:103)
	at org.junit.platform.launcher.core.DefaultLauncher.execute(DefaultLauncher.java:85)
	at org.junit.platform.launcher.core.DelegatingLauncher.execute(DelegatingLauncher.java:47)
	at org.junit.platform.launcher.core.SessionPerRequestLauncher.execute(SessionPerRequestLauncher.java:63)
	at org.apache.maven.surefire.junitplatform.JUnitPlatformProvider.invokeAllTests(JUnitPlatformProvider.java:165)
	at org.apache.maven.surefire.junitplatform.JUnitPlatformProvider.invoke(JUnitPlatformProvider.java:124)
	at org.apache.maven.surefire.booter.ForkedBooter.runSuitesInProcess(ForkedBooter.java:428)
	at org.apache.maven.surefire.booter.ForkedBooter.execute(ForkedBooter.java:162)
	at org.apache.maven.surefire.booter.ForkedBooter.run(ForkedBooter.java:562)
	at org.apache.maven.surefire.booter.ForkedBooter.main(ForkedBooter.java:548)
2024-03-11 08:35:04,843 [main] WARN  om.OzoneManager (OzoneManager.java:instantiatePrepareStateOnStartup(4553)) - Prepare marker file index 52 does not match DB prepare index 51. Writing DB index to prepare file and maintaining prepared state.
2024-03-11 08:35:04,843 [main] INFO  om.OzoneManagerPrepareState (OzoneManagerPrepareState.java:writePrepareMarkerFile(262)) - Prepare marker file written with log index 51 to file /home/runner/work/ozone/ozone/hadoop-ozone/integration-test/target/test-dir/MiniOzoneClusterImpl-3b234497-56f6-48e5-9ae2-a9674f906486/omNode-3/current/prepareMarker
2024-03-11 08:35:04,846 [main] WARN  server.ServerUtils (ServerUtils.java:getDefaultRatisDirectory(311)) - Storage directory for Ratis is not configured. It is a good idea to map this to an SSD disk. Falling back to ozone.metadata.dirs
2024-03-11 08:35:04,847 [main] INFO  ratis.OzoneManagerRatisServer (OzoneManagerRatisServer.java:<init>(167)) - Instantiating OM Ratis server with groupID: om-service-test1 and peers: localhost:15144, localhost:15136, localhost:15140
2024-03-11 08:35:04,847 [main] INFO  ratis.OzoneManagerStateMachine (OzoneManagerStateMachine.java:loadSnapshotInfoFromDB(573)) - LastAppliedIndex is set from TransactionInfo from OM DB as (t:1, i:52)
2024-03-11 08:35:04,847 [main] INFO  server.RaftServer (ConfUtils.java:logGet(46)) - raft.rpc.type = GRPC (default)
2024-03-11 08:35:04,847 [main] INFO  grpc.GrpcConfigKeys (ConfUtils.java:logFallback(53)) - raft.grpc.admin.host = null (fallback to raft.grpc.server.host)
2024-03-11 08:35:04,848 [main] INFO  grpc.GrpcConfigKeys (ConfUtils.java:logFallback(53)) - raft.grpc.admin.port = 15144 (fallback to raft.grpc.server.port)
2024-03-11 08:35:04,848 [main] INFO  grpc.GrpcConfigKeys (ConfUtils.java:logFallback(53)) - raft.grpc.client.host = null (fallback to raft.grpc.server.host)
2024-03-11 08:35:04,848 [main] INFO  grpc.GrpcConfigKeys (ConfUtils.java:logFallback(53)) - raft.grpc.client.port = 15144 (fallback to raft.grpc.server.port)
2024-03-11 08:35:04,848 [main] INFO  grpc.GrpcConfigKeys (ConfUtils.java:logGet(46)) - raft.grpc.server.host = null (default)
2024-03-11 08:35:04,848 [main] INFO  grpc.GrpcConfigKeys (ConfUtils.java:logGet(46)) - raft.grpc.server.port = 15144 (custom)
2024-03-11 08:35:04,849 [main] INFO  server.GrpcService (ConfUtils.java:logGet(46)) - raft.grpc.message.size.max = 4194304 (custom)
2024-03-11 08:35:04,849 [main] INFO  server.RaftServerConfigKeys (ConfUtils.java:logGet(46)) - raft.server.log.appender.buffer.byte-limit = 4194304 (custom)
2024-03-11 08:35:04,849 [main] INFO  server.GrpcService (ConfUtils.java:logGet(46)) - raft.grpc.flow.control.window = 1MB (=1048576) (default)
2024-03-11 08:35:04,849 [main] INFO  server.RaftServerConfigKeys (ConfUtils.java:logGet(46)) - raft.server.rpc.request.timeout = 3000ms (default)
2024-03-11 08:35:04,849 [main] INFO  grpc.GrpcConfigKeys (ConfUtils.java:logGet(46)) - raft.grpc.server.heartbeat.channel = true (default)
2024-03-11 08:35:04,850 [main] INFO  grpc.GrpcConfigKeys (ConfUtils.java:logGet(46)) - raft.grpc.server.async.request.thread.pool.cached = true (default)
2024-03-11 08:35:04,850 [main] INFO  grpc.GrpcConfigKeys (ConfUtils.java:logGet(46)) - raft.grpc.server.async.request.thread.pool.size = 32 (default)
2024-03-11 08:35:04,851 [main] INFO  impl.DataStreamServerImpl (ConfUtils.java:logGet(46)) - raft.datastream.type = DISABLED (default)
2024-03-11 08:35:04,851 [main] INFO  server.RaftServerConfigKeys (ConfUtils.java:logGet(46)) - raft.server.sleep.deviation.threshold = 300ms (default)
2024-03-11 08:35:04,851 [main] INFO  server.RaftServerConfigKeys (ConfUtils.java:logGet(46)) - raft.server.close.threshold = 60s (default)
2024-03-11 08:35:04,851 [main] INFO  server.RaftServerConfigKeys (ConfUtils.java:logGet(46)) - raft.server.leaderelection.leader.step-down.wait-time = 10s (default)
2024-03-11 08:35:04,852 [main] INFO  server.RaftServerConfigKeys (ConfUtils.java:logGet(46)) - raft.server.storage.dir = [/home/runner/work/ozone/ozone/hadoop-ozone/integration-test/target/test-dir/MiniOzoneClusterImpl-3b234497-56f6-48e5-9ae2-a9674f906486/omNode-3/ratis] (custom)
2024-03-11 08:35:04,852 [main] INFO  server.RaftServerConfigKeys (ConfUtils.java:logGet(46)) - raft.server.threadpool.proxy.cached = true (default)
2024-03-11 08:35:04,852 [main] INFO  server.RaftServerConfigKeys (ConfUtils.java:logGet(46)) - raft.server.threadpool.proxy.size = 0 (default)
2024-03-11 08:35:04,852 [omNode-3-impl-thread1] INFO  server.RaftServer (RaftServerProxy.java:initGroupDir(264)) - omNode-3: found a subdirectory /home/runner/work/ozone/ozone/hadoop-ozone/integration-test/target/test-dir/MiniOzoneClusterImpl-3b234497-56f6-48e5-9ae2-a9674f906486/omNode-3/ratis/c9bc4cf4-3bc3-3c60-a66b-523986131536
2024-03-11 08:35:04,852 [main] INFO  server.RaftServer (RaftServerProxy.java:addNew(100)) - omNode-3: addNew group-523986131536:[omNode-3|localhost:15144, omNode-1|localhost:15136, omNode-2|localhost:15140] returns group-523986131536:java.util.concurrent.CompletableFuture@5cc6e13[Not completed]
2024-03-11 08:35:04,852 [main] INFO  om.OzoneManager (OzoneManager.java:initializeRatisServer(2177)) - OzoneManager Ratis server initialized at port 15144
2024-03-11 08:35:04,852 [omNode-3-groupManagement] INFO  server.RaftServer$Division (RaftServerImpl.java:<init>(256)) - omNode-3: new RaftServerImpl for group-523986131536:[omNode-3|localhost:15144, omNode-1|localhost:15136, omNode-2|localhost:15140] with OzoneManagerStateMachine:uninitialized
2024-03-11 08:35:04,853 [main] INFO  ratis.OzoneManagerRatisServer (OzoneManagerRatisServer.java:start(588)) - Starting OzoneManagerRatisServer omNode-3 at port 15144
2024-03-11 08:35:04,853 [omNode-3-groupManagement] INFO  server.RaftServerConfigKeys (ConfUtils.java:logGet(46)) - raft.server.rpc.timeout.min = 1s (custom)
2024-03-11 08:35:04,853 [omNode-3-groupManagement] INFO  server.RaftServerConfigKeys (ConfUtils.java:logGet(46)) - raft.server.rpc.timeout.max = 1200ms (custom)
2024-03-11 08:35:04,853 [omNode-3-groupManagement] INFO  server.RaftServerConfigKeys (ConfUtils.java:logGet(46)) - raft.server.rpc.sleep.time = 25ms (default)
2024-03-11 08:35:04,853 [omNode-3-groupManagement] INFO  server.RaftServerConfigKeys (ConfUtils.java:logGet(46)) - raft.server.rpc.slowness.timeout = 2s (custom)
2024-03-11 08:35:04,853 [omNode-3-groupManagement] INFO  server.RaftServerConfigKeys (ConfUtils.java:logGet(46)) - raft.server.leaderelection.leader.step-down.wait-time = 10s (default)
2024-03-11 08:35:04,853 [omNode-3-groupManagement] INFO  server.RaftServerConfigKeys (ConfUtils.java:logGet(46)) - raft.server.leaderelection.member.majority-add = false (default)
2024-03-11 08:35:04,853 [omNode-3-groupManagement] INFO  server.RaftServerConfigKeys (ConfUtils.java:logGet(46)) - raft.server.sleep.deviation.threshold = 300ms (default)
2024-03-11 08:35:04,853 [omNode-3-groupManagement] INFO  server.RaftServer$Division (ServerState.java:<init>(113)) - omNode-3@group-523986131536: ConfigurationManager, init=-1: peers:[omNode-3|localhost:15144, omNode-1|localhost:15136, omNode-2|localhost:15140]|listeners:[], old=null, confs=<EMPTY_MAP>
2024-03-11 08:35:04,853 [omNode-3-groupManagement] INFO  server.RaftServerConfigKeys (ConfUtils.java:logGet(46)) - raft.server.notification.no-leader.timeout = 2s (custom)
2024-03-11 08:35:04,853 [omNode-3-groupManagement] INFO  server.RaftServerConfigKeys (ConfUtils.java:logGet(46)) - raft.server.read.timeout = 10s (default)
2024-03-11 08:35:04,853 [omNode-3-groupManagement] INFO  server.RaftServerConfigKeys (ConfUtils.java:logGet(46)) - raft.server.retrycache.expirytime = 30000ms (custom)
2024-03-11 08:35:04,853 [omNode-3-groupManagement] INFO  server.RaftServerConfigKeys (ConfUtils.java:logGet(46)) - raft.server.retrycache.statistics.expirytime = 100ms (default)
2024-03-11 08:35:04,853 [omNode-3-groupManagement] INFO  server.RaftServerConfigKeys (ConfUtils.java:logGet(46)) - raft.server.read.option = DEFAULT (default)
2024-03-11 08:35:04,853 [omNode-3-groupManagement] INFO  server.RaftServerConfigKeys (ConfUtils.java:logGet(46)) - raft.server.read.read-after-write-consistent.write-index-cache.expiry-time = 60s (default)
2024-03-11 08:35:04,854 [omNode-3-groupManagement] INFO  server.RaftServerConfigKeys (ConfUtils.java:logGet(46)) - raft.server.rpc.request.timeout = 3000ms (default)
2024-03-11 08:35:04,854 [omNode-3-groupManagement] INFO  server.RaftServerConfigKeys (ConfUtils.java:logGet(46)) - raft.server.log.appender.install.snapshot.enabled = false (custom)
2024-03-11 08:35:04,854 [omNode-3-groupManagement] INFO  server.RaftServerConfigKeys (ConfUtils.java:logGet(46)) - raft.server.threadpool.server.cached = true (default)
2024-03-11 08:35:04,854 [omNode-3-groupManagement] INFO  server.RaftServerConfigKeys (ConfUtils.java:logGet(46)) - raft.server.threadpool.server.size = 0 (default)
2024-03-11 08:35:04,854 [omNode-3-groupManagement] INFO  server.RaftServerConfigKeys (ConfUtils.java:logGet(46)) - raft.server.threadpool.client.cached = true (default)
2024-03-11 08:35:04,854 [omNode-3-groupManagement] INFO  server.RaftServerConfigKeys (ConfUtils.java:logGet(46)) - raft.server.threadpool.client.size = 0 (default)
2024-03-11 08:35:04,854 [omNode-3-impl-thread1] INFO  server.RaftServerConfigKeys (ConfUtils.java:logGet(46)) - raft.server.storage.free-space.min = 0MB (=0) (default)
2024-03-11 08:35:04,854 [omNode-3-impl-thread1] INFO  server.RaftServerConfigKeys (ConfUtils.java:logGet(46)) - raft.server.log.corruption.policy = EXCEPTION (default)
2024-03-11 08:35:04,854 [omNode-3-impl-thread1] INFO  server.RaftServerConfigKeys (ConfUtils.java:logGet(46)) - raft.server.storage.dir = [/home/runner/work/ozone/ozone/hadoop-ozone/integration-test/target/test-dir/MiniOzoneClusterImpl-3b234497-56f6-48e5-9ae2-a9674f906486/omNode-3/ratis] (custom)
2024-03-11 08:35:04,855 [omNode-3-impl-thread1] INFO  storage.RaftStorageDirectory (RaftStorageDirectoryImpl.java:tryLock(228)) - Lock on /home/runner/work/ozone/ozone/hadoop-ozone/integration-test/target/test-dir/MiniOzoneClusterImpl-3b234497-56f6-48e5-9ae2-a9674f906486/omNode-3/ratis/c9bc4cf4-3bc3-3c60-a66b-523986131536/in_use.lock acquired by nodename 48108@fv-az1250-130
2024-03-11 08:35:04,856 [omNode-3-impl-thread1] INFO  storage.RaftStorage (RaftStorageImpl.java:analyzeAndRecoverStorage(119)) - Read RaftStorageMetadata{term=1, votedFor=omNode-1} from /home/runner/work/ozone/ozone/hadoop-ozone/integration-test/target/test-dir/MiniOzoneClusterImpl-3b234497-56f6-48e5-9ae2-a9674f906486/omNode-3/ratis/c9bc4cf4-3bc3-3c60-a66b-523986131536/current/raft-meta
2024-03-11 08:35:04,857 [omNode-3-impl-thread1] INFO  server.RaftServer$Division (ServerState.java:setRaftConf(386)) - omNode-3@group-523986131536: set configuration 0: peers:[omNode-3|localhost:15144, omNode-1|localhost:15136, omNode-2|localhost:15140]|listeners:[], old=null
2024-03-11 08:35:04,857 [omNode-3-impl-thread1] INFO  server.RaftServerConfigKeys (ConfUtils.java:logGet(46)) - raft.server.log.use.memory = false (default)
2024-03-11 08:35:04,857 [omNode-3-impl-thread1] INFO  server.RaftServerConfigKeys (ConfUtils.java:logGet(46)) - raft.server.log.purge.gap = 50 (custom)
2024-03-11 08:35:04,857 [omNode-3-impl-thread1] INFO  server.RaftServerConfigKeys (ConfUtils.java:logGet(46)) - raft.server.log.appender.buffer.byte-limit = 4194304 (custom)
2024-03-11 08:35:04,857 [omNode-3-impl-thread1] INFO  server.RaftServerConfigKeys (ConfUtils.java:logGet(46)) - raft.server.log.statemachine.data.read.timeout = 1000ms (default)
2024-03-11 08:35:04,857 [omNode-3-impl-thread1] INFO  server.RaftServerConfigKeys (ConfUtils.java:logGet(46)) - raft.server.log.purge.preservation.log.num = 0 (default)
2024-03-11 08:35:04,858 [omNode-3-impl-thread1] INFO  server.RaftServerConfigKeys (ConfUtils.java:logGet(46)) - raft.server.log.segment.size.max = 4194304 (custom)
2024-03-11 08:35:04,858 [omNode-3-impl-thread1] INFO  server.RaftServerConfigKeys (ConfUtils.java:logGet(46)) - raft.server.log.segment.cache.num.max = 2 (custom)
2024-03-11 08:35:04,858 [omNode-3-impl-thread1] INFO  server.RaftServerConfigKeys (ConfUtils.java:logGet(46)) - raft.server.log.segment.cache.size.max = 200MB (=209715200) (default)
2024-03-11 08:35:04,858 [omNode-3-impl-thread1] INFO  server.RaftServerConfigKeys (ConfUtils.java:logGet(46)) - raft.server.log.appender.buffer.byte-limit = 4194304 (custom)
2024-03-11 08:35:04,859 [omNode-3-impl-thread1] INFO  util.AwaitToRun (AwaitToRun.java:start(81)) - Thread[omNode-3@group-523986131536-cacheEviction-AwaitToRun,5,main] started
2024-03-11 08:35:04,859 [omNode-3-impl-thread1] INFO  segmented.SegmentedRaftLogWorker (SegmentedRaftLogWorker.java:<init>(182)) - new omNode-3@group-523986131536-SegmentedRaftLogWorker for RaftStorageImpl:Storage Directory /home/runner/work/ozone/ozone/hadoop-ozone/integration-test/target/test-dir/MiniOzoneClusterImpl-3b234497-56f6-48e5-9ae2-a9674f906486/omNode-3/ratis/c9bc4cf4-3bc3-3c60-a66b-523986131536
2024-03-11 08:35:04,859 [omNode-3-impl-thread1] INFO  server.RaftServerConfigKeys (ConfUtils.java:logGet(46)) - raft.server.log.queue.byte-limit = 64MB (=67108864) (default)
2024-03-11 08:35:04,859 [omNode-3-impl-thread1] INFO  server.RaftServerConfigKeys (ConfUtils.java:logGet(46)) - raft.server.log.queue.element-limit = 4096 (default)
2024-03-11 08:35:04,859 [omNode-3-impl-thread1] INFO  server.RaftServerConfigKeys (ConfUtils.java:logGet(46)) - raft.server.log.segment.size.max = 4194304 (custom)
2024-03-11 08:35:04,859 [omNode-3-impl-thread1] INFO  server.RaftServerConfigKeys (ConfUtils.java:logGet(46)) - raft.server.log.preallocated.size = 4194304 (custom)
2024-03-11 08:35:04,859 [omNode-3-impl-thread1] INFO  server.RaftServerConfigKeys (ConfUtils.java:logGet(46)) - raft.server.log.force.sync.num = 128 (default)
2024-03-11 08:35:04,859 [omNode-3-impl-thread1] INFO  server.RaftServerConfigKeys (ConfUtils.java:logGet(46)) - raft.server.log.statemachine.data.sync = true (default)
2024-03-11 08:35:04,859 [omNode-3-impl-thread1] INFO  server.RaftServerConfigKeys (ConfUtils.java:logGet(46)) - raft.server.log.statemachine.data.sync.timeout = 10s (default)
2024-03-11 08:35:04,859 [omNode-3-impl-thread1] INFO  server.RaftServerConfigKeys (ConfUtils.java:logGet(46)) - raft.server.log.statemachine.data.sync.timeout.retry = -1 (default)
2024-03-11 08:35:04,859 [omNode-3-impl-thread1] INFO  server.RaftServerConfigKeys (ConfUtils.java:logGet(46)) - raft.server.log.write.buffer.size = 4194312 (custom)
2024-03-11 08:35:04,860 [omNode-3-impl-thread1] INFO  server.RaftServerConfigKeys (ConfUtils.java:logGet(46)) - raft.server.log.appender.buffer.byte-limit = 4194304 (custom)
2024-03-11 08:35:04,860 [omNode-3-impl-thread1] INFO  server.RaftServerConfigKeys (ConfUtils.java:logGet(46)) - raft.server.log.unsafe-flush.enabled = false (default)
2024-03-11 08:35:04,860 [omNode-3-impl-thread1] INFO  server.RaftServerConfigKeys (ConfUtils.java:logGet(46)) - raft.server.log.async-flush.enabled = false (default)
2024-03-11 08:35:04,860 [omNode-3-impl-thread1] INFO  server.RaftServerConfigKeys (ConfUtils.java:logGet(46)) - raft.server.log.statemachine.data.caching.enabled = false (default)
2024-03-11 08:35:04,860 [omNode-3-impl-thread1] INFO  segmented.SegmentedRaftLogWorker (SegmentedRaftLogWorker.java:lambda$new$0(134)) - omNode-3@group-523986131536-SegmentedRaftLogWorker: flushIndex: setUnconditionally 0 -> 52
2024-03-11 08:35:04,860 [omNode-3-impl-thread1] INFO  segmented.SegmentedRaftLogWorker (SegmentedRaftLogWorker.java:lambda$new$0(134)) - omNode-3@group-523986131536-SegmentedRaftLogWorker: safeCacheEvictIndex: setUnconditionally 0 -> -1
2024-03-11 08:35:04,860 [omNode-3-impl-thread1] INFO  server.RaftServer$Division (RaftServerImpl.java:start(396)) - omNode-3@group-523986131536: start as a follower, conf=0: peers:[omNode-3|localhost:15144, omNode-1|localhost:15136, omNode-2|localhost:15140]|listeners:[], old=null
2024-03-11 08:35:04,860 [omNode-3-impl-thread1] INFO  server.RaftServer$Division (RaftServerImpl.java:setRole(383)) - omNode-3@group-523986131536: changes role from      null to FOLLOWER at term 1 for startAsFollower
2024-03-11 08:35:04,861 [omNode-3-impl-thread1] INFO  impl.RoleInfo (RoleInfo.java:updateAndGet(139)) - omNode-3: start omNode-3@group-523986131536-FollowerState
2024-03-11 08:35:04,861 [omNode-3@group-523986131536-FollowerState] INFO  server.RaftServerConfigKeys (ConfUtils.java:logFallback(53)) - raft.server.rpc.first-election.timeout.min = 1s (fallback to raft.server.rpc.timeout.min)
2024-03-11 08:35:04,861 [omNode-3-impl-thread1] INFO  util.JmxRegister (JmxRegister.java:tryRegister(44)) - Successfully registered JMX Bean with object name Ratis:service=RaftServer,group=group-523986131536,id=omNode-3
2024-03-11 08:35:04,861 [omNode-3@group-523986131536-FollowerState] INFO  server.RaftServerConfigKeys (ConfUtils.java:logFallback(53)) - raft.server.rpc.first-election.timeout.max = 1200ms (fallback to raft.server.rpc.timeout.max)
2024-03-11 08:35:04,861 [omNode-3-impl-thread1] INFO  server.RaftServerConfigKeys (ConfUtils.java:logGet(46)) - raft.server.snapshot.trigger-when-stop.enabled = true (default)
2024-03-11 08:35:04,861 [omNode-3-impl-thread1] INFO  server.RaftServerConfigKeys (ConfUtils.java:logGet(46)) - raft.server.snapshot.auto.trigger.enabled = true (custom)
2024-03-11 08:35:04,861 [omNode-3-impl-thread1] INFO  server.RaftServerConfigKeys (ConfUtils.java:logGet(46)) - raft.server.snapshot.auto.trigger.threshold = 50 (custom)
2024-03-11 08:35:04,861 [omNode-3-impl-thread1] INFO  server.RaftServerConfigKeys (ConfUtils.java:logGet(46)) - raft.server.snapshot.retention.file.num = -1 (default)
2024-03-11 08:35:04,861 [omNode-3-impl-thread1] INFO  server.RaftServerConfigKeys (ConfUtils.java:logGet(46)) - raft.server.log.purge.upto.snapshot.index = true (custom)
2024-03-11 08:35:04,861 [main] INFO  server.RaftServer (RaftServerProxy.java:startImpl(406)) - omNode-3: start RPC server
2024-03-11 08:35:04,862 [main] INFO  server.GrpcService (GrpcService.java:startImpl(302)) - omNode-3: GrpcService started, listening on 15144
2024-03-11 08:35:04,862 [main] INFO  om.OzoneManager (OzoneManager.java:getRpcServer(1231)) - Creating RPC Server
2024-03-11 08:35:04,862 [JvmPauseMonitor46] INFO  util.JvmPauseMonitor (JvmPauseMonitor.java:run(146)) - JvmPauseMonitor-omNode-3: Started
2024-03-11 08:35:05,039 [main] INFO  ipc.CallQueueManager (CallQueueManager.java:<init>(90)) - Using callQueue: class java.util.concurrent.LinkedBlockingQueue, queueCapacity: 2000, scheduler: class org.apache.hadoop.ipc.DefaultRpcScheduler, ipcBackoff: false.
2024-03-11 08:35:05,040 [main] INFO  ipc.Server (Server.java:<init>(1287)) - Listener at localhost:15141
2024-03-11 08:35:05,040 [Socket Reader #1 for port 15141] INFO  ipc.Server (Server.java:run(1323)) - Starting Socket Reader #1 for port 15141
2024-03-11 08:35:05,042 [main] INFO  http.BaseHttpServer (BaseHttpServer.java:newHttpServer2BuilderForOzone(223)) - Starting Web-server for ozoneManager at: http://0.0.0.0:15142
2024-03-11 08:35:05,042 [main] INFO  http.BaseHttpServer (BaseHttpServer.java:<init>(110)) - Hadoop Security Enabled: false Ozone Security Enabled: false Ozone HTTP Security Enabled: false 
2024-03-11 08:35:05,043 [main] WARN  server.AuthenticationFilter (AuthenticationFilter.java:constructSecretProvider(240)) - Unable to initialize FileSignerSecretProvider, falling back to use random secrets. Reason: Could not read signature secret file: /home/runner/hadoop-http-auth-signature-secret
2024-03-11 08:35:05,044 [main] INFO  http.HttpRequestLog (HttpRequestLog.java:getRequestLog(86)) - Http request log for http.requests.ozoneManager is not defined
2024-03-11 08:35:05,045 [main] INFO  http.HttpServer2 (HttpServer2.java:addGlobalFilter(1036)) - Added global filter 'safety' (class=org.apache.hadoop.hdds.server.http.HttpServer2$QuotingInputFilter)
2024-03-11 08:35:05,045 [main] INFO  http.HttpServer2 (HttpServer2.java:addFilter(1012)) - Added filter static_user_filter (class=org.apache.hadoop.http.lib.StaticUserWebFilter$StaticUserFilter) to context ozoneManager
2024-03-11 08:35:05,045 [main] INFO  http.HttpServer2 (HttpServer2.java:addFilter(1020)) - Added filter static_user_filter (class=org.apache.hadoop.http.lib.StaticUserWebFilter$StaticUserFilter) to context logs
2024-03-11 08:35:05,045 [main] INFO  http.HttpServer2 (HttpServer2.java:addFilter(1020)) - Added filter static_user_filter (class=org.apache.hadoop.http.lib.StaticUserWebFilter$StaticUserFilter) to context static
2024-03-11 08:35:05,046 [main] INFO  http.BaseHttpServer (BaseHttpServer.java:<init>(189)) - HTTP server of ozoneManager uses base directory /home/runner/work/ozone/ozone/hadoop-ozone/integration-test/target/test-dir/MiniOzoneClusterImpl-3b234497-56f6-48e5-9ae2-a9674f906486/omNode-3/webserver
2024-03-11 08:35:05,046 [main] INFO  http.HttpServer2 (HttpServer2.java:bindListener(1236)) - Jetty bound to port 15142
2024-03-11 08:35:05,046 [main] INFO  server.Server (Server.java:doStart(375)) - jetty-9.4.53.v20231009; built: 2023-10-09T12:29:09.265Z; git: 27bde00a0b95a1d5bbee0eae7984f891d2d0f8c9; jvm 1.8.0_402-b06
2024-03-11 08:35:05,047 [main] INFO  server.session (DefaultSessionIdManager.java:doStart(334)) - DefaultSessionIdManager workerName=node0
2024-03-11 08:35:05,047 [main] INFO  server.session (DefaultSessionIdManager.java:doStart(339)) - No SessionScavenger set, using defaults
2024-03-11 08:35:05,048 [main] INFO  server.session (HouseKeeper.java:startScavenging(132)) - node0 Scavenging every 660000ms
2024-03-11 08:35:05,048 [main] INFO  handler.ContextHandler (ContextHandler.java:doStart(921)) - Started o.e.j.s.ServletContextHandler@3a90ffa{logs,/logs,file:///home/runner/work/ozone/ozone/hadoop-ozone/integration-test/target/log,AVAILABLE}
2024-03-11 08:35:05,048 [main] INFO  handler.ContextHandler (ContextHandler.java:doStart(921)) - Started o.e.j.s.ServletContextHandler@3c7c1822{static,/static,file:///home/runner/work/ozone/ozone/hadoop-ozone/integration-test/target/test-classes/webapps/static,AVAILABLE}
2024-03-11 08:35:05,050 [main] INFO  handler.ContextHandler (ContextHandler.java:doStart(921)) - Started o.e.j.w.WebAppContext@1f049abd{ozoneManager,/,file:///home/runner/work/ozone/ozone/hadoop-ozone/integration-test/target/test-classes/webapps/ozoneManager/,AVAILABLE}{file:/home/runner/work/ozone/ozone/hadoop-ozone/integration-test/target/test-classes/webapps/ozoneManager}
2024-03-11 08:35:05,051 [main] INFO  server.AbstractConnector (AbstractConnector.java:doStart(333)) - Started ServerConnector@4eb9ff14{HTTP/1.1, (http/1.1)}{0.0.0.0:15142}
2024-03-11 08:35:05,051 [main] INFO  server.Server (Server.java:doStart(415)) - Started @519822ms
2024-03-11 08:35:05,051 [main] WARN  impl.MetricsSystemImpl (MetricsSystemImpl.java:register(279)) - Sink prometheus already exists!
2024-03-11 08:35:05,052 [main] INFO  http.BaseHttpServer (BaseHttpServer.java:updateConnectorAddress(354)) - HTTP server of ozoneManager listening at http://0.0.0.0:15142
2024-03-11 08:35:05,052 [IPC Server Responder] INFO  ipc.Server (Server.java:run(1562)) - IPC Server Responder: starting
2024-03-11 08:35:05,052 [IPC Server listener on 15141] INFO  ipc.Server (Server.java:run(1402)) - IPC Server listener on 15141: starting
2024-03-11 08:35:05,055 [main] INFO  om.OzoneManager (OzoneManager.java:startTrashEmptier(2130)) - Trash Interval set to 0. Files deleted won't move to trash
2024-03-11 08:35:05,056 [main] INFO  om.OzoneManager (OzoneManager.java:restart(1747)) - OzoneManager RPC server is listening at localhost/127.0.0.1:15133
2024-03-11 08:35:05,056 [main] INFO  impl.MetricsSystemImpl (MetricsSystemImpl.java:init(158)) - OzoneManager metrics system started (again)
2024-03-11 08:35:05,065 [main] WARN  server.ServerUtils (ServerUtils.java:getDBPath(299)) - ozone.om.db.dirs is not configured. We recommend adding this setting. Falling back to ozone.metadata.dirs instead.
2024-03-11 08:35:05,066 [main] INFO  helpers.OmKeyInfo (OmKeyInfo.java:getCodec(71)) - OmKeyInfo.getCodec ignorePipeline = true
2024-03-11 08:35:05,100 [main] INFO  om.OzoneManager (OzoneManager.java:instantiateServices(811)) - S3 Multi-Tenancy is disabled
2024-03-11 08:35:05,101 [main] INFO  om.OmSnapshotManager (OmSnapshotManager.java:<init>(177)) - Ozone filesystem snapshot feature is enabled.
2024-03-11 08:35:05,101 [main] WARN  server.ServerUtils (ServerUtils.java:getDBPath(299)) - ozone.om.snapshot.diff.db.dir is not configured. We recommend adding this setting. Falling back to ozone.metadata.dirs instead.
2024-03-11 08:35:05,110 [main] INFO  utils.NativeLibraryLoader (NativeLibraryLoader.java:loadLibrary(108)) - Loading Library: ozone_rocksdb_tools
2024-03-11 08:35:05,111 [main] ERROR snapshot.SnapshotDiffManager (SnapshotDiffManager.java:initNativeLibraryForEfficientDiff(287)) - Native Library for raw sst file reading loading failed.
org.apache.hadoop.hdds.utils.NativeLibraryNotLoadedException: Unable to load library ozone_rocksdb_tools from both java.library.path & resource file libozone_rocksdb_tools.so from jar.
	at org.apache.hadoop.hdds.utils.db.managed.ManagedRawSSTFileReader.loadLibrary(ManagedRawSSTFileReader.java:38)
	at org.apache.hadoop.ozone.om.snapshot.SnapshotDiffManager.initNativeLibraryForEfficientDiff(SnapshotDiffManager.java:285)
	at org.apache.hadoop.ozone.om.snapshot.SnapshotDiffManager.<init>(SnapshotDiffManager.java:259)
	at org.apache.hadoop.ozone.om.OmSnapshotManager.<init>(OmSnapshotManager.java:279)
	at org.apache.hadoop.ozone.om.OzoneManager.instantiateServices(OzoneManager.java:863)
	at org.apache.hadoop.ozone.om.OzoneManager.restart(OzoneManager.java:1752)
	at org.apache.hadoop.ozone.MiniOzoneHAClusterImpl.restartOzoneManager(MiniOzoneHAClusterImpl.java:211)
	at org.apache.hadoop.ozone.om.TestOzoneManagerPrepare.resetCluster(TestOzoneManagerPrepare.java:113)
	at sun.reflect.NativeMethodAccessorImpl.invoke0(Native Method)
	at sun.reflect.NativeMethodAccessorImpl.invoke(NativeMethodAccessorImpl.java:62)
	at sun.reflect.DelegatingMethodAccessorImpl.invoke(DelegatingMethodAccessorImpl.java:43)
	at java.lang.reflect.Method.invoke(Method.java:498)
	at org.junit.platform.commons.util.ReflectionUtils.invokeMethod(ReflectionUtils.java:728)
	at org.junit.jupiter.engine.execution.MethodInvocation.proceed(MethodInvocation.java:60)
	at org.junit.jupiter.engine.execution.InvocationInterceptorChain$ValidatingInvocation.proceed(InvocationInterceptorChain.java:131)
	at org.junit.jupiter.engine.extension.TimeoutExtension.intercept(TimeoutExtension.java:156)
	at org.junit.jupiter.engine.extension.TimeoutExtension.interceptLifecycleMethod(TimeoutExtension.java:128)
	at org.junit.jupiter.engine.extension.TimeoutExtension.interceptAfterEachMethod(TimeoutExtension.java:110)
	at org.junit.jupiter.engine.execution.InterceptingExecutableInvoker$ReflectiveInterceptorCall.lambda$ofVoidMethod$0(InterceptingExecutableInvoker.java:103)
	at org.junit.jupiter.engine.execution.InterceptingExecutableInvoker.lambda$invoke$0(InterceptingExecutableInvoker.java:93)
	at org.junit.jupiter.engine.execution.InvocationInterceptorChain$InterceptedInvocation.proceed(InvocationInterceptorChain.java:106)
	at org.junit.jupiter.engine.execution.InvocationInterceptorChain.proceed(InvocationInterceptorChain.java:64)
	at org.junit.jupiter.engine.execution.InvocationInterceptorChain.chainAndInvoke(InvocationInterceptorChain.java:45)
	at org.junit.jupiter.engine.execution.InvocationInterceptorChain.invoke(InvocationInterceptorChain.java:37)
	at org.junit.jupiter.engine.execution.InterceptingExecutableInvoker.invoke(InterceptingExecutableInvoker.java:92)
	at org.junit.jupiter.engine.execution.InterceptingExecutableInvoker.invoke(InterceptingExecutableInvoker.java:86)
	at org.junit.jupiter.engine.descriptor.ClassBasedTestDescriptor.invokeMethodInExtensionContext(ClassBasedTestDescriptor.java:521)
	at org.junit.jupiter.engine.descriptor.ClassBasedTestDescriptor.lambda$synthesizeAfterEachMethodAdapter$24(ClassBasedTestDescriptor.java:511)
	at org.junit.jupiter.engine.descriptor.TestMethodTestDescriptor.lambda$invokeAfterEachMethods$10(TestMethodTestDescriptor.java:244)
	at org.junit.jupiter.engine.descriptor.TestMethodTestDescriptor.lambda$invokeAllAfterMethodsOrCallbacks$13(TestMethodTestDescriptor.java:277)
	at org.junit.platform.engine.support.hierarchical.ThrowableCollector.execute(ThrowableCollector.java:73)
	at org.junit.jupiter.engine.descriptor.TestMethodTestDescriptor.lambda$invokeAllAfterMethodsOrCallbacks$14(TestMethodTestDescriptor.java:277)
	at org.junit.platform.commons.util.CollectionUtils.forEachInReverseOrder(CollectionUtils.java:217)
	at org.junit.jupiter.engine.descriptor.TestMethodTestDescriptor.invokeAllAfterMethodsOrCallbacks(TestMethodTestDescriptor.java:276)
	at org.junit.jupiter.engine.descriptor.TestMethodTestDescriptor.invokeAfterEachMethods(TestMethodTestDescriptor.java:242)
	at org.junit.jupiter.engine.descriptor.TestMethodTestDescriptor.execute(TestMethodTestDescriptor.java:143)
	at org.junit.jupiter.engine.descriptor.TestMethodTestDescriptor.execute(TestMethodTestDescriptor.java:69)
	at org.junit.platform.engine.support.hierarchical.NodeTestTask.lambda$executeRecursively$6(NodeTestTask.java:151)
	at org.junit.platform.engine.support.hierarchical.ThrowableCollector.execute(ThrowableCollector.java:73)
	at org.junit.platform.engine.support.hierarchical.NodeTestTask.lambda$executeRecursively$8(NodeTestTask.java:141)
	at org.junit.platform.engine.support.hierarchical.Node.around(Node.java:137)
	at org.junit.platform.engine.support.hierarchical.NodeTestTask.lambda$executeRecursively$9(NodeTestTask.java:139)
	at org.junit.platform.engine.support.hierarchical.ThrowableCollector.execute(ThrowableCollector.java:73)
	at org.junit.platform.engine.support.hierarchical.NodeTestTask.executeRecursively(NodeTestTask.java:138)
	at org.junit.platform.engine.support.hierarchical.NodeTestTask.execute(NodeTestTask.java:95)
	at java.util.ArrayList.forEach(ArrayList.java:1259)
	at org.junit.platform.engine.support.hierarchical.SameThreadHierarchicalTestExecutorService.invokeAll(SameThreadHierarchicalTestExecutorService.java:41)
	at org.junit.platform.engine.support.hierarchical.NodeTestTask.lambda$executeRecursively$6(NodeTestTask.java:155)
	at org.junit.platform.engine.support.hierarchical.ThrowableCollector.execute(ThrowableCollector.java:73)
	at org.junit.platform.engine.support.hierarchical.NodeTestTask.lambda$executeRecursively$8(NodeTestTask.java:141)
	at org.junit.platform.engine.support.hierarchical.Node.around(Node.java:137)
	at org.junit.platform.engine.support.hierarchical.NodeTestTask.lambda$executeRecursively$9(NodeTestTask.java:139)
	at org.junit.platform.engine.support.hierarchical.ThrowableCollector.execute(ThrowableCollector.java:73)
	at org.junit.platform.engine.support.hierarchical.NodeTestTask.executeRecursively(NodeTestTask.java:138)
	at org.junit.platform.engine.support.hierarchical.NodeTestTask.execute(NodeTestTask.java:95)
	at java.util.ArrayList.forEach(ArrayList.java:1259)
	at org.junit.platform.engine.support.hierarchical.SameThreadHierarchicalTestExecutorService.invokeAll(SameThreadHierarchicalTestExecutorService.java:41)
	at org.junit.platform.engine.support.hierarchical.NodeTestTask.lambda$executeRecursively$6(NodeTestTask.java:155)
	at org.junit.platform.engine.support.hierarchical.ThrowableCollector.execute(ThrowableCollector.java:73)
	at org.junit.platform.engine.support.hierarchical.NodeTestTask.lambda$executeRecursively$8(NodeTestTask.java:141)
	at org.junit.platform.engine.support.hierarchical.Node.around(Node.java:137)
	at org.junit.platform.engine.support.hierarchical.NodeTestTask.lambda$executeRecursively$9(NodeTestTask.java:139)
	at org.junit.platform.engine.support.hierarchical.ThrowableCollector.execute(ThrowableCollector.java:73)
	at org.junit.platform.engine.support.hierarchical.NodeTestTask.executeRecursively(NodeTestTask.java:138)
	at org.junit.platform.engine.support.hierarchical.NodeTestTask.execute(NodeTestTask.java:95)
	at org.junit.platform.engine.support.hierarchical.SameThreadHierarchicalTestExecutorService.submit(SameThreadHierarchicalTestExecutorService.java:35)
	at org.junit.platform.engine.support.hierarchical.HierarchicalTestExecutor.execute(HierarchicalTestExecutor.java:57)
	at org.junit.platform.engine.support.hierarchical.HierarchicalTestEngine.execute(HierarchicalTestEngine.java:54)
	at org.junit.platform.launcher.core.EngineExecutionOrchestrator.execute(EngineExecutionOrchestrator.java:198)
	at org.junit.platform.launcher.core.EngineExecutionOrchestrator.execute(EngineExecutionOrchestrator.java:169)
	at org.junit.platform.launcher.core.EngineExecutionOrchestrator.execute(EngineExecutionOrchestrator.java:93)
	at org.junit.platform.launcher.core.EngineExecutionOrchestrator.lambda$execute$0(EngineExecutionOrchestrator.java:58)
	at org.junit.platform.launcher.core.EngineExecutionOrchestrator.withInterceptedStreams(EngineExecutionOrchestrator.java:141)
	at org.junit.platform.launcher.core.EngineExecutionOrchestrator.execute(EngineExecutionOrchestrator.java:57)
	at org.junit.platform.launcher.core.DefaultLauncher.execute(DefaultLauncher.java:103)
	at org.junit.platform.launcher.core.DefaultLauncher.execute(DefaultLauncher.java:85)
	at org.junit.platform.launcher.core.DelegatingLauncher.execute(DelegatingLauncher.java:47)
	at org.junit.platform.launcher.core.SessionPerRequestLauncher.execute(SessionPerRequestLauncher.java:63)
	at org.apache.maven.surefire.junitplatform.JUnitPlatformProvider.invokeAllTests(JUnitPlatformProvider.java:165)
	at org.apache.maven.surefire.junitplatform.JUnitPlatformProvider.invoke(JUnitPlatformProvider.java:124)
	at org.apache.maven.surefire.booter.ForkedBooter.runSuitesInProcess(ForkedBooter.java:428)
	at org.apache.maven.surefire.booter.ForkedBooter.execute(ForkedBooter.java:162)
	at org.apache.maven.surefire.booter.ForkedBooter.run(ForkedBooter.java:562)
	at org.apache.maven.surefire.booter.ForkedBooter.main(ForkedBooter.java:548)
2024-03-11 08:35:05,114 [main] WARN  dropwizard3.Dm3MetricRegistriesImpl (Dm3MetricRegistriesImpl.java:addReporterRegistration(113)) - New reporters are added after registries were created. Some metrics will be missing from the reporter. Please add reporter before adding any new registry.
2024-03-11 08:35:05,114 [main] WARN  dropwizard3.Dm3MetricRegistriesImpl (Dm3MetricRegistriesImpl.java:addReporterRegistration(113)) - New reporters are added after registries were created. Some metrics will be missing from the reporter. Please add reporter before adding any new registry.
2024-03-11 08:35:05,114 [main] WARN  server.ServerUtils (ServerUtils.java:getDefaultRatisDirectory(311)) - Storage directory for Ratis is not configured. It is a good idea to map this to an SSD disk. Falling back to ozone.metadata.dirs
2024-03-11 08:35:05,115 [main] INFO  ratis.OzoneManagerRatisServer (OzoneManagerRatisServer.java:<init>(167)) - Instantiating OM Ratis server with groupID: om-service-test1 and peers: localhost:15136, localhost:15144, localhost:15140
2024-03-11 08:35:05,115 [main] INFO  ratis.OzoneManagerStateMachine (OzoneManagerStateMachine.java:loadSnapshotInfoFromDB(573)) - LastAppliedIndex is set from TransactionInfo from OM DB as (t:1, i:52)
2024-03-11 08:35:05,116 [main] INFO  server.RaftServer (ConfUtils.java:logGet(46)) - raft.rpc.type = GRPC (default)
2024-03-11 08:35:05,116 [main] INFO  grpc.GrpcConfigKeys (ConfUtils.java:logFallback(53)) - raft.grpc.admin.host = null (fallback to raft.grpc.server.host)
2024-03-11 08:35:05,116 [main] INFO  grpc.GrpcConfigKeys (ConfUtils.java:logFallback(53)) - raft.grpc.admin.port = 15136 (fallback to raft.grpc.server.port)
2024-03-11 08:35:05,116 [main] INFO  grpc.GrpcConfigKeys (ConfUtils.java:logFallback(53)) - raft.grpc.client.host = null (fallback to raft.grpc.server.host)
2024-03-11 08:35:05,116 [main] INFO  grpc.GrpcConfigKeys (ConfUtils.java:logFallback(53)) - raft.grpc.client.port = 15136 (fallback to raft.grpc.server.port)
2024-03-11 08:35:05,116 [main] INFO  grpc.GrpcConfigKeys (ConfUtils.java:logGet(46)) - raft.grpc.server.host = null (default)
2024-03-11 08:35:05,117 [main] INFO  grpc.GrpcConfigKeys (ConfUtils.java:logGet(46)) - raft.grpc.server.port = 15136 (custom)
2024-03-11 08:35:05,117 [main] INFO  server.GrpcService (ConfUtils.java:logGet(46)) - raft.grpc.message.size.max = 4194304 (custom)
2024-03-11 08:35:05,117 [main] INFO  server.RaftServerConfigKeys (ConfUtils.java:logGet(46)) - raft.server.log.appender.buffer.byte-limit = 4194304 (custom)
2024-03-11 08:35:05,117 [main] INFO  server.GrpcService (ConfUtils.java:logGet(46)) - raft.grpc.flow.control.window = 1MB (=1048576) (default)
2024-03-11 08:35:05,117 [main] INFO  server.RaftServerConfigKeys (ConfUtils.java:logGet(46)) - raft.server.rpc.request.timeout = 3000ms (default)
2024-03-11 08:35:05,117 [main] INFO  grpc.GrpcConfigKeys (ConfUtils.java:logGet(46)) - raft.grpc.server.heartbeat.channel = true (default)
2024-03-11 08:35:05,117 [main] INFO  grpc.GrpcConfigKeys (ConfUtils.java:logGet(46)) - raft.grpc.server.async.request.thread.pool.cached = true (default)
2024-03-11 08:35:05,117 [main] INFO  grpc.GrpcConfigKeys (ConfUtils.java:logGet(46)) - raft.grpc.server.async.request.thread.pool.size = 32 (default)
2024-03-11 08:35:05,118 [main] INFO  impl.DataStreamServerImpl (ConfUtils.java:logGet(46)) - raft.datastream.type = DISABLED (default)
2024-03-11 08:35:05,119 [main] INFO  server.RaftServerConfigKeys (ConfUtils.java:logGet(46)) - raft.server.sleep.deviation.threshold = 300ms (default)
2024-03-11 08:35:05,119 [main] INFO  server.RaftServerConfigKeys (ConfUtils.java:logGet(46)) - raft.server.close.threshold = 60s (default)
2024-03-11 08:35:05,119 [main] INFO  server.RaftServerConfigKeys (ConfUtils.java:logGet(46)) - raft.server.leaderelection.leader.step-down.wait-time = 10s (default)
2024-03-11 08:35:05,119 [main] INFO  server.RaftServerConfigKeys (ConfUtils.java:logGet(46)) - raft.server.storage.dir = [/home/runner/work/ozone/ozone/hadoop-ozone/integration-test/target/test-dir/MiniOzoneClusterImpl-3b234497-56f6-48e5-9ae2-a9674f906486/omNode-1/ratis] (custom)
2024-03-11 08:35:05,119 [main] INFO  server.RaftServerConfigKeys (ConfUtils.java:logGet(46)) - raft.server.threadpool.proxy.cached = true (default)
2024-03-11 08:35:05,119 [main] INFO  server.RaftServerConfigKeys (ConfUtils.java:logGet(46)) - raft.server.threadpool.proxy.size = 0 (default)
2024-03-11 08:35:05,120 [omNode-1-impl-thread1] INFO  server.RaftServer (RaftServerProxy.java:initGroupDir(264)) - omNode-1: found a subdirectory /home/runner/work/ozone/ozone/hadoop-ozone/integration-test/target/test-dir/MiniOzoneClusterImpl-3b234497-56f6-48e5-9ae2-a9674f906486/omNode-1/ratis/c9bc4cf4-3bc3-3c60-a66b-523986131536
2024-03-11 08:35:05,120 [main] INFO  server.RaftServer (RaftServerProxy.java:addNew(100)) - omNode-1: addNew group-523986131536:[omNode-3|localhost:15144, omNode-1|localhost:15136, omNode-2|localhost:15140] returns group-523986131536:java.util.concurrent.CompletableFuture@3d400897[Not completed]
2024-03-11 08:35:05,120 [main] INFO  om.OzoneManager (OzoneManager.java:initializeRatisServer(2177)) - OzoneManager Ratis server initialized at port 15136
2024-03-11 08:35:05,120 [omNode-1-groupManagement] INFO  server.RaftServer$Division (RaftServerImpl.java:<init>(256)) - omNode-1: new RaftServerImpl for group-523986131536:[omNode-3|localhost:15144, omNode-1|localhost:15136, omNode-2|localhost:15140] with OzoneManagerStateMachine:uninitialized
2024-03-11 08:35:05,120 [main] INFO  ratis.OzoneManagerRatisServer (OzoneManagerRatisServer.java:start(588)) - Starting OzoneManagerRatisServer omNode-1 at port 15136
2024-03-11 08:35:05,120 [omNode-1-groupManagement] INFO  server.RaftServerConfigKeys (ConfUtils.java:logGet(46)) - raft.server.rpc.timeout.min = 1s (custom)
2024-03-11 08:35:05,120 [omNode-1-groupManagement] INFO  server.RaftServerConfigKeys (ConfUtils.java:logGet(46)) - raft.server.rpc.timeout.max = 1200ms (custom)
2024-03-11 08:35:05,120 [omNode-1-groupManagement] INFO  server.RaftServerConfigKeys (ConfUtils.java:logGet(46)) - raft.server.rpc.sleep.time = 25ms (default)
2024-03-11 08:35:05,120 [omNode-1-groupManagement] INFO  server.RaftServerConfigKeys (ConfUtils.java:logGet(46)) - raft.server.rpc.slowness.timeout = 2s (custom)
2024-03-11 08:35:05,120 [omNode-1-groupManagement] INFO  server.RaftServerConfigKeys (ConfUtils.java:logGet(46)) - raft.server.leaderelection.leader.step-down.wait-time = 10s (default)
2024-03-11 08:35:05,120 [omNode-1-groupManagement] INFO  server.RaftServerConfigKeys (ConfUtils.java:logGet(46)) - raft.server.leaderelection.member.majority-add = false (default)
2024-03-11 08:35:05,120 [omNode-1-groupManagement] INFO  server.RaftServerConfigKeys (ConfUtils.java:logGet(46)) - raft.server.sleep.deviation.threshold = 300ms (default)
2024-03-11 08:35:05,121 [omNode-1-groupManagement] INFO  server.RaftServer$Division (ServerState.java:<init>(113)) - omNode-1@group-523986131536: ConfigurationManager, init=-1: peers:[omNode-3|localhost:15144, omNode-1|localhost:15136, omNode-2|localhost:15140]|listeners:[], old=null, confs=<EMPTY_MAP>
2024-03-11 08:35:05,121 [omNode-1-groupManagement] INFO  server.RaftServerConfigKeys (ConfUtils.java:logGet(46)) - raft.server.notification.no-leader.timeout = 2s (custom)
2024-03-11 08:35:05,121 [omNode-1-groupManagement] INFO  server.RaftServerConfigKeys (ConfUtils.java:logGet(46)) - raft.server.read.timeout = 10s (default)
2024-03-11 08:35:05,121 [omNode-1-groupManagement] INFO  server.RaftServerConfigKeys (ConfUtils.java:logGet(46)) - raft.server.retrycache.expirytime = 30000ms (custom)
2024-03-11 08:35:05,121 [omNode-1-groupManagement] INFO  server.RaftServerConfigKeys (ConfUtils.java:logGet(46)) - raft.server.retrycache.statistics.expirytime = 100ms (default)
2024-03-11 08:35:05,121 [omNode-1-groupManagement] INFO  server.RaftServerConfigKeys (ConfUtils.java:logGet(46)) - raft.server.read.option = DEFAULT (default)
2024-03-11 08:35:05,121 [omNode-1-groupManagement] INFO  server.RaftServerConfigKeys (ConfUtils.java:logGet(46)) - raft.server.read.read-after-write-consistent.write-index-cache.expiry-time = 60s (default)
2024-03-11 08:35:05,122 [omNode-1-groupManagement] INFO  server.RaftServerConfigKeys (ConfUtils.java:logGet(46)) - raft.server.rpc.request.timeout = 3000ms (default)
2024-03-11 08:35:05,122 [omNode-1-groupManagement] INFO  server.RaftServerConfigKeys (ConfUtils.java:logGet(46)) - raft.server.log.appender.install.snapshot.enabled = false (custom)
2024-03-11 08:35:05,122 [omNode-1-groupManagement] INFO  server.RaftServerConfigKeys (ConfUtils.java:logGet(46)) - raft.server.threadpool.server.cached = true (default)
2024-03-11 08:35:05,122 [omNode-1-groupManagement] INFO  server.RaftServerConfigKeys (ConfUtils.java:logGet(46)) - raft.server.threadpool.server.size = 0 (default)
2024-03-11 08:35:05,122 [omNode-1-groupManagement] INFO  server.RaftServerConfigKeys (ConfUtils.java:logGet(46)) - raft.server.threadpool.client.cached = true (default)
2024-03-11 08:35:05,122 [omNode-1-groupManagement] INFO  server.RaftServerConfigKeys (ConfUtils.java:logGet(46)) - raft.server.threadpool.client.size = 0 (default)
2024-03-11 08:35:05,122 [omNode-1-impl-thread1] INFO  server.RaftServerConfigKeys (ConfUtils.java:logGet(46)) - raft.server.storage.free-space.min = 0MB (=0) (default)
2024-03-11 08:35:05,122 [omNode-1-impl-thread1] INFO  server.RaftServerConfigKeys (ConfUtils.java:logGet(46)) - raft.server.log.corruption.policy = EXCEPTION (default)
2024-03-11 08:35:05,122 [omNode-1-impl-thread1] INFO  server.RaftServerConfigKeys (ConfUtils.java:logGet(46)) - raft.server.storage.dir = [/home/runner/work/ozone/ozone/hadoop-ozone/integration-test/target/test-dir/MiniOzoneClusterImpl-3b234497-56f6-48e5-9ae2-a9674f906486/omNode-1/ratis] (custom)
2024-03-11 08:35:05,123 [omNode-1-impl-thread1] INFO  storage.RaftStorageDirectory (RaftStorageDirectoryImpl.java:tryLock(228)) - Lock on /home/runner/work/ozone/ozone/hadoop-ozone/integration-test/target/test-dir/MiniOzoneClusterImpl-3b234497-56f6-48e5-9ae2-a9674f906486/omNode-1/ratis/c9bc4cf4-3bc3-3c60-a66b-523986131536/in_use.lock acquired by nodename 48108@fv-az1250-130
2024-03-11 08:35:05,123 [omNode-1-impl-thread1] INFO  storage.RaftStorage (RaftStorageImpl.java:analyzeAndRecoverStorage(119)) - Read RaftStorageMetadata{term=1, votedFor=omNode-1} from /home/runner/work/ozone/ozone/hadoop-ozone/integration-test/target/test-dir/MiniOzoneClusterImpl-3b234497-56f6-48e5-9ae2-a9674f906486/omNode-1/ratis/c9bc4cf4-3bc3-3c60-a66b-523986131536/current/raft-meta
2024-03-11 08:35:05,124 [omNode-1-impl-thread1] INFO  server.RaftServer$Division (ServerState.java:setRaftConf(386)) - omNode-1@group-523986131536: set configuration 0: peers:[omNode-3|localhost:15144, omNode-1|localhost:15136, omNode-2|localhost:15140]|listeners:[], old=null
2024-03-11 08:35:05,124 [omNode-1-impl-thread1] INFO  server.RaftServerConfigKeys (ConfUtils.java:logGet(46)) - raft.server.log.use.memory = false (default)
2024-03-11 08:35:05,124 [omNode-1-impl-thread1] INFO  server.RaftServerConfigKeys (ConfUtils.java:logGet(46)) - raft.server.log.purge.gap = 50 (custom)
2024-03-11 08:35:05,124 [omNode-1-impl-thread1] INFO  server.RaftServerConfigKeys (ConfUtils.java:logGet(46)) - raft.server.log.appender.buffer.byte-limit = 4194304 (custom)
2024-03-11 08:35:05,125 [omNode-1-impl-thread1] INFO  server.RaftServerConfigKeys (ConfUtils.java:logGet(46)) - raft.server.log.statemachine.data.read.timeout = 1000ms (default)
2024-03-11 08:35:05,125 [omNode-1-impl-thread1] INFO  server.RaftServerConfigKeys (ConfUtils.java:logGet(46)) - raft.server.log.purge.preservation.log.num = 0 (default)
2024-03-11 08:35:05,125 [omNode-1-impl-thread1] INFO  server.RaftServerConfigKeys (ConfUtils.java:logGet(46)) - raft.server.log.segment.size.max = 4194304 (custom)
2024-03-11 08:35:05,125 [omNode-1-impl-thread1] INFO  server.RaftServerConfigKeys (ConfUtils.java:logGet(46)) - raft.server.log.segment.cache.num.max = 2 (custom)
2024-03-11 08:35:05,125 [omNode-1-impl-thread1] INFO  server.RaftServerConfigKeys (ConfUtils.java:logGet(46)) - raft.server.log.segment.cache.size.max = 200MB (=209715200) (default)
2024-03-11 08:35:05,125 [omNode-1-impl-thread1] INFO  server.RaftServerConfigKeys (ConfUtils.java:logGet(46)) - raft.server.log.appender.buffer.byte-limit = 4194304 (custom)
2024-03-11 08:35:05,125 [omNode-1-impl-thread1] INFO  util.AwaitToRun (AwaitToRun.java:start(81)) - Thread[omNode-1@group-523986131536-cacheEviction-AwaitToRun,5,main] started
2024-03-11 08:35:05,125 [omNode-1-impl-thread1] INFO  segmented.SegmentedRaftLogWorker (SegmentedRaftLogWorker.java:<init>(182)) - new omNode-1@group-523986131536-SegmentedRaftLogWorker for RaftStorageImpl:Storage Directory /home/runner/work/ozone/ozone/hadoop-ozone/integration-test/target/test-dir/MiniOzoneClusterImpl-3b234497-56f6-48e5-9ae2-a9674f906486/omNode-1/ratis/c9bc4cf4-3bc3-3c60-a66b-523986131536
2024-03-11 08:35:05,125 [omNode-1-impl-thread1] INFO  server.RaftServerConfigKeys (ConfUtils.java:logGet(46)) - raft.server.log.queue.byte-limit = 64MB (=67108864) (default)
2024-03-11 08:35:05,126 [omNode-1-impl-thread1] INFO  server.RaftServerConfigKeys (ConfUtils.java:logGet(46)) - raft.server.log.queue.element-limit = 4096 (default)
2024-03-11 08:35:05,126 [omNode-1-impl-thread1] INFO  server.RaftServerConfigKeys (ConfUtils.java:logGet(46)) - raft.server.log.segment.size.max = 4194304 (custom)
2024-03-11 08:35:05,126 [omNode-1-impl-thread1] INFO  server.RaftServerConfigKeys (ConfUtils.java:logGet(46)) - raft.server.log.preallocated.size = 4194304 (custom)
2024-03-11 08:35:05,126 [omNode-1-impl-thread1] INFO  server.RaftServerConfigKeys (ConfUtils.java:logGet(46)) - raft.server.log.force.sync.num = 128 (default)
2024-03-11 08:35:05,126 [omNode-1-impl-thread1] INFO  server.RaftServerConfigKeys (ConfUtils.java:logGet(46)) - raft.server.log.statemachine.data.sync = true (default)
2024-03-11 08:35:05,126 [omNode-1-impl-thread1] INFO  server.RaftServerConfigKeys (ConfUtils.java:logGet(46)) - raft.server.log.statemachine.data.sync.timeout = 10s (default)
2024-03-11 08:35:05,126 [omNode-1-impl-thread1] INFO  server.RaftServerConfigKeys (ConfUtils.java:logGet(46)) - raft.server.log.statemachine.data.sync.timeout.retry = -1 (default)
2024-03-11 08:35:05,126 [omNode-1-impl-thread1] INFO  server.RaftServerConfigKeys (ConfUtils.java:logGet(46)) - raft.server.log.write.buffer.size = 4194312 (custom)
2024-03-11 08:35:05,127 [omNode-1-impl-thread1] INFO  server.RaftServerConfigKeys (ConfUtils.java:logGet(46)) - raft.server.log.appender.buffer.byte-limit = 4194304 (custom)
2024-03-11 08:35:05,127 [omNode-1-impl-thread1] INFO  server.RaftServerConfigKeys (ConfUtils.java:logGet(46)) - raft.server.log.unsafe-flush.enabled = false (default)
2024-03-11 08:35:05,127 [omNode-1-impl-thread1] INFO  server.RaftServerConfigKeys (ConfUtils.java:logGet(46)) - raft.server.log.async-flush.enabled = false (default)
2024-03-11 08:35:05,127 [omNode-1-impl-thread1] INFO  server.RaftServerConfigKeys (ConfUtils.java:logGet(46)) - raft.server.log.statemachine.data.caching.enabled = false (default)
2024-03-11 08:35:05,127 [omNode-1-impl-thread1] INFO  server.RaftServer$Division (ServerState.java:setRaftConf(386)) - omNode-1@group-523986131536: set configuration 0: peers:[omNode-3|localhost:15144, omNode-1|localhost:15136, omNode-2|localhost:15140]|listeners:[], old=null
2024-03-11 08:35:05,128 [omNode-1-impl-thread1] INFO  segmented.LogSegment (LogSegment.java:loadSegment(170)) - Successfully read 53 entries from segment file /home/runner/work/ozone/ozone/hadoop-ozone/integration-test/target/test-dir/MiniOzoneClusterImpl-3b234497-56f6-48e5-9ae2-a9674f906486/omNode-1/ratis/c9bc4cf4-3bc3-3c60-a66b-523986131536/current/log_inprogress_0
2024-03-11 08:35:05,128 [omNode-1-impl-thread1] INFO  segmented.SegmentedRaftLogWorker (SegmentedRaftLogWorker.java:lambda$new$0(134)) - omNode-1@group-523986131536-SegmentedRaftLogWorker: flushIndex: setUnconditionally 0 -> 52
2024-03-11 08:35:05,128 [omNode-1-impl-thread1] INFO  segmented.SegmentedRaftLogWorker (SegmentedRaftLogWorker.java:lambda$new$0(134)) - omNode-1@group-523986131536-SegmentedRaftLogWorker: safeCacheEvictIndex: setUnconditionally 0 -> -1
2024-03-11 08:35:05,128 [omNode-1-impl-thread1] INFO  segmented.BufferedWriteChannel (BufferedWriteChannel.java:open(62)) - open log_inprogress_0 (append) at position 16837
2024-03-11 08:35:05,128 [omNode-1-impl-thread1] INFO  server.RaftServer$Division (RaftServerImpl.java:start(396)) - omNode-1@group-523986131536: start as a follower, conf=0: peers:[omNode-3|localhost:15144, omNode-1|localhost:15136, omNode-2|localhost:15140]|listeners:[], old=null
2024-03-11 08:35:05,128 [omNode-1-impl-thread1] INFO  server.RaftServer$Division (RaftServerImpl.java:setRole(383)) - omNode-1@group-523986131536: changes role from      null to FOLLOWER at term 1 for startAsFollower
2024-03-11 08:35:05,128 [omNode-1-impl-thread1] INFO  impl.RoleInfo (RoleInfo.java:updateAndGet(139)) - omNode-1: start omNode-1@group-523986131536-FollowerState
2024-03-11 08:35:05,128 [omNode-1@group-523986131536-FollowerState] INFO  server.RaftServerConfigKeys (ConfUtils.java:logFallback(53)) - raft.server.rpc.first-election.timeout.min = 1s (fallback to raft.server.rpc.timeout.min)
2024-03-11 08:35:05,128 [omNode-1-impl-thread1] INFO  util.JmxRegister (JmxRegister.java:tryRegister(44)) - Successfully registered JMX Bean with object name Ratis:service=RaftServer,group=group-523986131536,id=omNode-1
2024-03-11 08:35:05,129 [omNode-1-impl-thread1] INFO  server.RaftServerConfigKeys (ConfUtils.java:logGet(46)) - raft.server.snapshot.trigger-when-stop.enabled = true (default)
2024-03-11 08:35:05,129 [omNode-1-impl-thread1] INFO  server.RaftServerConfigKeys (ConfUtils.java:logGet(46)) - raft.server.snapshot.auto.trigger.enabled = true (custom)
2024-03-11 08:35:05,129 [omNode-1-impl-thread1] INFO  server.RaftServerConfigKeys (ConfUtils.java:logGet(46)) - raft.server.snapshot.auto.trigger.threshold = 50 (custom)
2024-03-11 08:35:05,129 [omNode-1-impl-thread1] INFO  server.RaftServerConfigKeys (ConfUtils.java:logGet(46)) - raft.server.snapshot.retention.file.num = -1 (default)
2024-03-11 08:35:05,129 [omNode-1-impl-thread1] INFO  server.RaftServerConfigKeys (ConfUtils.java:logGet(46)) - raft.server.log.purge.upto.snapshot.index = true (custom)
2024-03-11 08:35:05,129 [omNode-1@group-523986131536-FollowerState] INFO  server.RaftServerConfigKeys (ConfUtils.java:logFallback(53)) - raft.server.rpc.first-election.timeout.max = 1200ms (fallback to raft.server.rpc.timeout.max)
2024-03-11 08:35:05,132 [main] INFO  server.RaftServer (RaftServerProxy.java:startImpl(406)) - omNode-1: start RPC server
2024-03-11 08:35:05,132 [main] INFO  server.GrpcService (GrpcService.java:startImpl(302)) - omNode-1: GrpcService started, listening on 15136
2024-03-11 08:35:05,133 [main] INFO  om.OzoneManager (OzoneManager.java:getRpcServer(1231)) - Creating RPC Server
2024-03-11 08:35:05,133 [JvmPauseMonitor47] INFO  util.JvmPauseMonitor (JvmPauseMonitor.java:run(146)) - JvmPauseMonitor-omNode-1: Started
2024-03-11 08:35:05,334 [main] INFO  ipc.CallQueueManager (CallQueueManager.java:<init>(90)) - Using callQueue: class java.util.concurrent.LinkedBlockingQueue, queueCapacity: 2000, scheduler: class org.apache.hadoop.ipc.DefaultRpcScheduler, ipcBackoff: false.
2024-03-11 08:35:05,335 [main] INFO  ipc.Server (Server.java:<init>(1287)) - Listener at localhost:15133
2024-03-11 08:35:05,335 [Socket Reader #1 for port 15133] INFO  ipc.Server (Server.java:run(1323)) - Starting Socket Reader #1 for port 15133
2024-03-11 08:35:05,337 [main] INFO  http.BaseHttpServer (BaseHttpServer.java:newHttpServer2BuilderForOzone(223)) - Starting Web-server for ozoneManager at: http://0.0.0.0:15134
2024-03-11 08:35:05,337 [main] INFO  http.BaseHttpServer (BaseHttpServer.java:<init>(110)) - Hadoop Security Enabled: false Ozone Security Enabled: false Ozone HTTP Security Enabled: false 
2024-03-11 08:35:05,338 [main] WARN  server.AuthenticationFilter (AuthenticationFilter.java:constructSecretProvider(240)) - Unable to initialize FileSignerSecretProvider, falling back to use random secrets. Reason: Could not read signature secret file: /home/runner/hadoop-http-auth-signature-secret
2024-03-11 08:35:05,338 [main] INFO  http.HttpRequestLog (HttpRequestLog.java:getRequestLog(86)) - Http request log for http.requests.ozoneManager is not defined
2024-03-11 08:35:05,339 [main] INFO  http.HttpServer2 (HttpServer2.java:addGlobalFilter(1036)) - Added global filter 'safety' (class=org.apache.hadoop.hdds.server.http.HttpServer2$QuotingInputFilter)
2024-03-11 08:35:05,340 [main] INFO  http.HttpServer2 (HttpServer2.java:addFilter(1012)) - Added filter static_user_filter (class=org.apache.hadoop.http.lib.StaticUserWebFilter$StaticUserFilter) to context ozoneManager
2024-03-11 08:35:05,340 [main] INFO  http.HttpServer2 (HttpServer2.java:addFilter(1020)) - Added filter static_user_filter (class=org.apache.hadoop.http.lib.StaticUserWebFilter$StaticUserFilter) to context static
2024-03-11 08:35:05,340 [main] INFO  http.HttpServer2 (HttpServer2.java:addFilter(1020)) - Added filter static_user_filter (class=org.apache.hadoop.http.lib.StaticUserWebFilter$StaticUserFilter) to context logs
2024-03-11 08:35:05,340 [main] INFO  http.BaseHttpServer (BaseHttpServer.java:<init>(189)) - HTTP server of ozoneManager uses base directory /home/runner/work/ozone/ozone/hadoop-ozone/integration-test/target/test-dir/MiniOzoneClusterImpl-3b234497-56f6-48e5-9ae2-a9674f906486/omNode-1/webserver
2024-03-11 08:35:05,340 [main] INFO  http.HttpServer2 (HttpServer2.java:bindListener(1236)) - Jetty bound to port 15134
2024-03-11 08:35:05,341 [main] INFO  server.Server (Server.java:doStart(375)) - jetty-9.4.53.v20231009; built: 2023-10-09T12:29:09.265Z; git: 27bde00a0b95a1d5bbee0eae7984f891d2d0f8c9; jvm 1.8.0_402-b06
2024-03-11 08:35:05,341 [main] INFO  server.session (DefaultSessionIdManager.java:doStart(334)) - DefaultSessionIdManager workerName=node0
2024-03-11 08:35:05,341 [main] INFO  server.session (DefaultSessionIdManager.java:doStart(339)) - No SessionScavenger set, using defaults
2024-03-11 08:35:05,342 [main] INFO  server.session (HouseKeeper.java:startScavenging(132)) - node0 Scavenging every 660000ms
2024-03-11 08:35:05,342 [main] INFO  handler.ContextHandler (ContextHandler.java:doStart(921)) - Started o.e.j.s.ServletContextHandler@43fd77e8{logs,/logs,file:///home/runner/work/ozone/ozone/hadoop-ozone/integration-test/target/log,AVAILABLE}
2024-03-11 08:35:05,342 [main] INFO  handler.ContextHandler (ContextHandler.java:doStart(921)) - Started o.e.j.s.ServletContextHandler@49cf412f{static,/static,file:///home/runner/work/ozone/ozone/hadoop-ozone/integration-test/target/test-classes/webapps/static,AVAILABLE}
2024-03-11 08:35:05,344 [main] INFO  handler.ContextHandler (ContextHandler.java:doStart(921)) - Started o.e.j.w.WebAppContext@7fb342f8{ozoneManager,/,file:///home/runner/work/ozone/ozone/hadoop-ozone/integration-test/target/test-classes/webapps/ozoneManager/,AVAILABLE}{file:/home/runner/work/ozone/ozone/hadoop-ozone/integration-test/target/test-classes/webapps/ozoneManager}
2024-03-11 08:35:05,345 [main] INFO  server.AbstractConnector (AbstractConnector.java:doStart(333)) - Started ServerConnector@68f0f69b{HTTP/1.1, (http/1.1)}{0.0.0.0:15134}
2024-03-11 08:35:05,345 [main] INFO  server.Server (Server.java:doStart(415)) - Started @520116ms
2024-03-11 08:35:05,345 [main] WARN  impl.MetricsSystemImpl (MetricsSystemImpl.java:register(279)) - Sink prometheus already exists!
2024-03-11 08:35:05,346 [main] INFO  http.BaseHttpServer (BaseHttpServer.java:updateConnectorAddress(354)) - HTTP server of ozoneManager listening at http://0.0.0.0:15134
2024-03-11 08:35:05,346 [IPC Server Responder] INFO  ipc.Server (Server.java:run(1562)) - IPC Server Responder: starting
2024-03-11 08:35:05,346 [IPC Server listener on 15133] INFO  ipc.Server (Server.java:run(1402)) - IPC Server listener on 15133: starting
2024-03-11 08:35:05,350 [main] INFO  om.OzoneManager (OzoneManager.java:startTrashEmptier(2130)) - Trash Interval set to 0. Files deleted won't move to trash
2024-03-11 08:35:05,351 [main] INFO  om.OzoneManager (OzoneManager.java:restart(1747)) - OzoneManager RPC server is listening at localhost/127.0.0.1:15137
2024-03-11 08:35:05,351 [main] INFO  impl.MetricsSystemImpl (MetricsSystemImpl.java:init(158)) - OzoneManager metrics system started (again)
2024-03-11 08:35:05,359 [main] WARN  server.ServerUtils (ServerUtils.java:getDBPath(299)) - ozone.om.db.dirs is not configured. We recommend adding this setting. Falling back to ozone.metadata.dirs instead.
2024-03-11 08:35:05,360 [main] INFO  helpers.OmKeyInfo (OmKeyInfo.java:getCodec(71)) - OmKeyInfo.getCodec ignorePipeline = true
2024-03-11 08:35:05,393 [main] INFO  om.OzoneManager (OzoneManager.java:instantiateServices(811)) - S3 Multi-Tenancy is disabled
2024-03-11 08:35:05,393 [main] INFO  om.OmSnapshotManager (OmSnapshotManager.java:<init>(177)) - Ozone filesystem snapshot feature is enabled.
2024-03-11 08:35:05,394 [main] WARN  server.ServerUtils (ServerUtils.java:getDBPath(299)) - ozone.om.snapshot.diff.db.dir is not configured. We recommend adding this setting. Falling back to ozone.metadata.dirs instead.
2024-03-11 08:35:05,402 [main] INFO  utils.NativeLibraryLoader (NativeLibraryLoader.java:loadLibrary(108)) - Loading Library: ozone_rocksdb_tools
2024-03-11 08:35:05,402 [main] ERROR snapshot.SnapshotDiffManager (SnapshotDiffManager.java:initNativeLibraryForEfficientDiff(287)) - Native Library for raw sst file reading loading failed.
org.apache.hadoop.hdds.utils.NativeLibraryNotLoadedException: Unable to load library ozone_rocksdb_tools from both java.library.path & resource file libozone_rocksdb_tools.so from jar.
	at org.apache.hadoop.hdds.utils.db.managed.ManagedRawSSTFileReader.loadLibrary(ManagedRawSSTFileReader.java:38)
	at org.apache.hadoop.ozone.om.snapshot.SnapshotDiffManager.initNativeLibraryForEfficientDiff(SnapshotDiffManager.java:285)
	at org.apache.hadoop.ozone.om.snapshot.SnapshotDiffManager.<init>(SnapshotDiffManager.java:259)
	at org.apache.hadoop.ozone.om.OmSnapshotManager.<init>(OmSnapshotManager.java:279)
	at org.apache.hadoop.ozone.om.OzoneManager.instantiateServices(OzoneManager.java:863)
	at org.apache.hadoop.ozone.om.OzoneManager.restart(OzoneManager.java:1752)
	at org.apache.hadoop.ozone.MiniOzoneHAClusterImpl.restartOzoneManager(MiniOzoneHAClusterImpl.java:211)
	at org.apache.hadoop.ozone.om.TestOzoneManagerPrepare.resetCluster(TestOzoneManagerPrepare.java:113)
	at sun.reflect.NativeMethodAccessorImpl.invoke0(Native Method)
	at sun.reflect.NativeMethodAccessorImpl.invoke(NativeMethodAccessorImpl.java:62)
	at sun.reflect.DelegatingMethodAccessorImpl.invoke(DelegatingMethodAccessorImpl.java:43)
	at java.lang.reflect.Method.invoke(Method.java:498)
	at org.junit.platform.commons.util.ReflectionUtils.invokeMethod(ReflectionUtils.java:728)
	at org.junit.jupiter.engine.execution.MethodInvocation.proceed(MethodInvocation.java:60)
	at org.junit.jupiter.engine.execution.InvocationInterceptorChain$ValidatingInvocation.proceed(InvocationInterceptorChain.java:131)
	at org.junit.jupiter.engine.extension.TimeoutExtension.intercept(TimeoutExtension.java:156)
	at org.junit.jupiter.engine.extension.TimeoutExtension.interceptLifecycleMethod(TimeoutExtension.java:128)
	at org.junit.jupiter.engine.extension.TimeoutExtension.interceptAfterEachMethod(TimeoutExtension.java:110)
	at org.junit.jupiter.engine.execution.InterceptingExecutableInvoker$ReflectiveInterceptorCall.lambda$ofVoidMethod$0(InterceptingExecutableInvoker.java:103)
	at org.junit.jupiter.engine.execution.InterceptingExecutableInvoker.lambda$invoke$0(InterceptingExecutableInvoker.java:93)
	at org.junit.jupiter.engine.execution.InvocationInterceptorChain$InterceptedInvocation.proceed(InvocationInterceptorChain.java:106)
	at org.junit.jupiter.engine.execution.InvocationInterceptorChain.proceed(InvocationInterceptorChain.java:64)
	at org.junit.jupiter.engine.execution.InvocationInterceptorChain.chainAndInvoke(InvocationInterceptorChain.java:45)
	at org.junit.jupiter.engine.execution.InvocationInterceptorChain.invoke(InvocationInterceptorChain.java:37)
	at org.junit.jupiter.engine.execution.InterceptingExecutableInvoker.invoke(InterceptingExecutableInvoker.java:92)
	at org.junit.jupiter.engine.execution.InterceptingExecutableInvoker.invoke(InterceptingExecutableInvoker.java:86)
	at org.junit.jupiter.engine.descriptor.ClassBasedTestDescriptor.invokeMethodInExtensionContext(ClassBasedTestDescriptor.java:521)
	at org.junit.jupiter.engine.descriptor.ClassBasedTestDescriptor.lambda$synthesizeAfterEachMethodAdapter$24(ClassBasedTestDescriptor.java:511)
	at org.junit.jupiter.engine.descriptor.TestMethodTestDescriptor.lambda$invokeAfterEachMethods$10(TestMethodTestDescriptor.java:244)
	at org.junit.jupiter.engine.descriptor.TestMethodTestDescriptor.lambda$invokeAllAfterMethodsOrCallbacks$13(TestMethodTestDescriptor.java:277)
	at org.junit.platform.engine.support.hierarchical.ThrowableCollector.execute(ThrowableCollector.java:73)
	at org.junit.jupiter.engine.descriptor.TestMethodTestDescriptor.lambda$invokeAllAfterMethodsOrCallbacks$14(TestMethodTestDescriptor.java:277)
	at org.junit.platform.commons.util.CollectionUtils.forEachInReverseOrder(CollectionUtils.java:217)
	at org.junit.jupiter.engine.descriptor.TestMethodTestDescriptor.invokeAllAfterMethodsOrCallbacks(TestMethodTestDescriptor.java:276)
	at org.junit.jupiter.engine.descriptor.TestMethodTestDescriptor.invokeAfterEachMethods(TestMethodTestDescriptor.java:242)
	at org.junit.jupiter.engine.descriptor.TestMethodTestDescriptor.execute(TestMethodTestDescriptor.java:143)
	at org.junit.jupiter.engine.descriptor.TestMethodTestDescriptor.execute(TestMethodTestDescriptor.java:69)
	at org.junit.platform.engine.support.hierarchical.NodeTestTask.lambda$executeRecursively$6(NodeTestTask.java:151)
	at org.junit.platform.engine.support.hierarchical.ThrowableCollector.execute(ThrowableCollector.java:73)
	at org.junit.platform.engine.support.hierarchical.NodeTestTask.lambda$executeRecursively$8(NodeTestTask.java:141)
	at org.junit.platform.engine.support.hierarchical.Node.around(Node.java:137)
	at org.junit.platform.engine.support.hierarchical.NodeTestTask.lambda$executeRecursively$9(NodeTestTask.java:139)
	at org.junit.platform.engine.support.hierarchical.ThrowableCollector.execute(ThrowableCollector.java:73)
	at org.junit.platform.engine.support.hierarchical.NodeTestTask.executeRecursively(NodeTestTask.java:138)
	at org.junit.platform.engine.support.hierarchical.NodeTestTask.execute(NodeTestTask.java:95)
	at java.util.ArrayList.forEach(ArrayList.java:1259)
	at org.junit.platform.engine.support.hierarchical.SameThreadHierarchicalTestExecutorService.invokeAll(SameThreadHierarchicalTestExecutorService.java:41)
	at org.junit.platform.engine.support.hierarchical.NodeTestTask.lambda$executeRecursively$6(NodeTestTask.java:155)
	at org.junit.platform.engine.support.hierarchical.ThrowableCollector.execute(ThrowableCollector.java:73)
	at org.junit.platform.engine.support.hierarchical.NodeTestTask.lambda$executeRecursively$8(NodeTestTask.java:141)
	at org.junit.platform.engine.support.hierarchical.Node.around(Node.java:137)
	at org.junit.platform.engine.support.hierarchical.NodeTestTask.lambda$executeRecursively$9(NodeTestTask.java:139)
	at org.junit.platform.engine.support.hierarchical.ThrowableCollector.execute(ThrowableCollector.java:73)
	at org.junit.platform.engine.support.hierarchical.NodeTestTask.executeRecursively(NodeTestTask.java:138)
	at org.junit.platform.engine.support.hierarchical.NodeTestTask.execute(NodeTestTask.java:95)
	at java.util.ArrayList.forEach(ArrayList.java:1259)
	at org.junit.platform.engine.support.hierarchical.SameThreadHierarchicalTestExecutorService.invokeAll(SameThreadHierarchicalTestExecutorService.java:41)
	at org.junit.platform.engine.support.hierarchical.NodeTestTask.lambda$executeRecursively$6(NodeTestTask.java:155)
	at org.junit.platform.engine.support.hierarchical.ThrowableCollector.execute(ThrowableCollector.java:73)
	at org.junit.platform.engine.support.hierarchical.NodeTestTask.lambda$executeRecursively$8(NodeTestTask.java:141)
	at org.junit.platform.engine.support.hierarchical.Node.around(Node.java:137)
	at org.junit.platform.engine.support.hierarchical.NodeTestTask.lambda$executeRecursively$9(NodeTestTask.java:139)
	at org.junit.platform.engine.support.hierarchical.ThrowableCollector.execute(ThrowableCollector.java:73)
	at org.junit.platform.engine.support.hierarchical.NodeTestTask.executeRecursively(NodeTestTask.java:138)
	at org.junit.platform.engine.support.hierarchical.NodeTestTask.execute(NodeTestTask.java:95)
	at org.junit.platform.engine.support.hierarchical.SameThreadHierarchicalTestExecutorService.submit(SameThreadHierarchicalTestExecutorService.java:35)
	at org.junit.platform.engine.support.hierarchical.HierarchicalTestExecutor.execute(HierarchicalTestExecutor.java:57)
	at org.junit.platform.engine.support.hierarchical.HierarchicalTestEngine.execute(HierarchicalTestEngine.java:54)
	at org.junit.platform.launcher.core.EngineExecutionOrchestrator.execute(EngineExecutionOrchestrator.java:198)
	at org.junit.platform.launcher.core.EngineExecutionOrchestrator.execute(EngineExecutionOrchestrator.java:169)
	at org.junit.platform.launcher.core.EngineExecutionOrchestrator.execute(EngineExecutionOrchestrator.java:93)
	at org.junit.platform.launcher.core.EngineExecutionOrchestrator.lambda$execute$0(EngineExecutionOrchestrator.java:58)
	at org.junit.platform.launcher.core.EngineExecutionOrchestrator.withInterceptedStreams(EngineExecutionOrchestrator.java:141)
	at org.junit.platform.launcher.core.EngineExecutionOrchestrator.execute(EngineExecutionOrchestrator.java:57)
	at org.junit.platform.launcher.core.DefaultLauncher.execute(DefaultLauncher.java:103)
	at org.junit.platform.launcher.core.DefaultLauncher.execute(DefaultLauncher.java:85)
	at org.junit.platform.launcher.core.DelegatingLauncher.execute(DelegatingLauncher.java:47)
	at org.junit.platform.launcher.core.SessionPerRequestLauncher.execute(SessionPerRequestLauncher.java:63)
	at org.apache.maven.surefire.junitplatform.JUnitPlatformProvider.invokeAllTests(JUnitPlatformProvider.java:165)
	at org.apache.maven.surefire.junitplatform.JUnitPlatformProvider.invoke(JUnitPlatformProvider.java:124)
	at org.apache.maven.surefire.booter.ForkedBooter.runSuitesInProcess(ForkedBooter.java:428)
	at org.apache.maven.surefire.booter.ForkedBooter.execute(ForkedBooter.java:162)
	at org.apache.maven.surefire.booter.ForkedBooter.run(ForkedBooter.java:562)
	at org.apache.maven.surefire.booter.ForkedBooter.main(ForkedBooter.java:548)
2024-03-11 08:35:05,404 [main] WARN  om.OzoneManager (OzoneManager.java:instantiatePrepareStateOnStartup(4553)) - Prepare marker file index 52 does not match DB prepare index 51. Writing DB index to prepare file and maintaining prepared state.
2024-03-11 08:35:05,404 [main] INFO  om.OzoneManagerPrepareState (OzoneManagerPrepareState.java:writePrepareMarkerFile(262)) - Prepare marker file written with log index 51 to file /home/runner/work/ozone/ozone/hadoop-ozone/integration-test/target/test-dir/MiniOzoneClusterImpl-3b234497-56f6-48e5-9ae2-a9674f906486/omNode-2/current/prepareMarker
2024-03-11 08:35:05,407 [main] WARN  dropwizard3.Dm3MetricRegistriesImpl (Dm3MetricRegistriesImpl.java:addReporterRegistration(113)) - New reporters are added after registries were created. Some metrics will be missing from the reporter. Please add reporter before adding any new registry.
2024-03-11 08:35:05,407 [main] WARN  dropwizard3.Dm3MetricRegistriesImpl (Dm3MetricRegistriesImpl.java:addReporterRegistration(113)) - New reporters are added after registries were created. Some metrics will be missing from the reporter. Please add reporter before adding any new registry.
2024-03-11 08:35:05,407 [main] WARN  server.ServerUtils (ServerUtils.java:getDefaultRatisDirectory(311)) - Storage directory for Ratis is not configured. It is a good idea to map this to an SSD disk. Falling back to ozone.metadata.dirs
2024-03-11 08:35:05,408 [main] INFO  ratis.OzoneManagerRatisServer (OzoneManagerRatisServer.java:<init>(167)) - Instantiating OM Ratis server with groupID: om-service-test1 and peers: localhost:15140, localhost:15144, localhost:15136
2024-03-11 08:35:05,408 [main] INFO  ratis.OzoneManagerStateMachine (OzoneManagerStateMachine.java:loadSnapshotInfoFromDB(573)) - LastAppliedIndex is set from TransactionInfo from OM DB as (t:1, i:52)
2024-03-11 08:35:05,409 [main] INFO  server.RaftServer (ConfUtils.java:logGet(46)) - raft.rpc.type = GRPC (default)
2024-03-11 08:35:05,409 [main] INFO  grpc.GrpcConfigKeys (ConfUtils.java:logFallback(53)) - raft.grpc.admin.host = null (fallback to raft.grpc.server.host)
2024-03-11 08:35:05,409 [main] INFO  grpc.GrpcConfigKeys (ConfUtils.java:logFallback(53)) - raft.grpc.admin.port = 15140 (fallback to raft.grpc.server.port)
2024-03-11 08:35:05,409 [main] INFO  grpc.GrpcConfigKeys (ConfUtils.java:logFallback(53)) - raft.grpc.client.host = null (fallback to raft.grpc.server.host)
2024-03-11 08:35:05,410 [main] INFO  grpc.GrpcConfigKeys (ConfUtils.java:logFallback(53)) - raft.grpc.client.port = 15140 (fallback to raft.grpc.server.port)
2024-03-11 08:35:05,410 [main] INFO  grpc.GrpcConfigKeys (ConfUtils.java:logGet(46)) - raft.grpc.server.host = null (default)
2024-03-11 08:35:05,410 [main] INFO  grpc.GrpcConfigKeys (ConfUtils.java:logGet(46)) - raft.grpc.server.port = 15140 (custom)
2024-03-11 08:35:05,410 [main] INFO  server.GrpcService (ConfUtils.java:logGet(46)) - raft.grpc.message.size.max = 4194304 (custom)
2024-03-11 08:35:05,410 [main] INFO  server.RaftServerConfigKeys (ConfUtils.java:logGet(46)) - raft.server.log.appender.buffer.byte-limit = 4194304 (custom)
2024-03-11 08:35:05,410 [main] INFO  server.GrpcService (ConfUtils.java:logGet(46)) - raft.grpc.flow.control.window = 1MB (=1048576) (default)
2024-03-11 08:35:05,411 [main] INFO  server.RaftServerConfigKeys (ConfUtils.java:logGet(46)) - raft.server.rpc.request.timeout = 3000ms (default)
2024-03-11 08:35:05,411 [main] INFO  grpc.GrpcConfigKeys (ConfUtils.java:logGet(46)) - raft.grpc.server.heartbeat.channel = true (default)
2024-03-11 08:35:05,411 [main] INFO  grpc.GrpcConfigKeys (ConfUtils.java:logGet(46)) - raft.grpc.server.async.request.thread.pool.cached = true (default)
2024-03-11 08:35:05,411 [main] INFO  grpc.GrpcConfigKeys (ConfUtils.java:logGet(46)) - raft.grpc.server.async.request.thread.pool.size = 32 (default)
2024-03-11 08:35:05,412 [main] INFO  impl.DataStreamServerImpl (ConfUtils.java:logGet(46)) - raft.datastream.type = DISABLED (default)
2024-03-11 08:35:05,412 [main] INFO  server.RaftServerConfigKeys (ConfUtils.java:logGet(46)) - raft.server.sleep.deviation.threshold = 300ms (default)
2024-03-11 08:35:05,413 [main] INFO  server.RaftServerConfigKeys (ConfUtils.java:logGet(46)) - raft.server.close.threshold = 60s (default)
2024-03-11 08:35:05,413 [main] INFO  server.RaftServerConfigKeys (ConfUtils.java:logGet(46)) - raft.server.leaderelection.leader.step-down.wait-time = 10s (default)
2024-03-11 08:35:05,413 [main] INFO  server.RaftServerConfigKeys (ConfUtils.java:logGet(46)) - raft.server.storage.dir = [/home/runner/work/ozone/ozone/hadoop-ozone/integration-test/target/test-dir/MiniOzoneClusterImpl-3b234497-56f6-48e5-9ae2-a9674f906486/omNode-2/ratis] (custom)
2024-03-11 08:35:05,413 [main] INFO  server.RaftServerConfigKeys (ConfUtils.java:logGet(46)) - raft.server.threadpool.proxy.cached = true (default)
2024-03-11 08:35:05,413 [main] INFO  server.RaftServerConfigKeys (ConfUtils.java:logGet(46)) - raft.server.threadpool.proxy.size = 0 (default)
2024-03-11 08:35:05,414 [omNode-2-impl-thread1] INFO  server.RaftServer (RaftServerProxy.java:initGroupDir(264)) - omNode-2: found a subdirectory /home/runner/work/ozone/ozone/hadoop-ozone/integration-test/target/test-dir/MiniOzoneClusterImpl-3b234497-56f6-48e5-9ae2-a9674f906486/omNode-2/ratis/c9bc4cf4-3bc3-3c60-a66b-523986131536
2024-03-11 08:35:05,414 [main] INFO  server.RaftServer (RaftServerProxy.java:addNew(100)) - omNode-2: addNew group-523986131536:[omNode-3|localhost:15144, omNode-1|localhost:15136, omNode-2|localhost:15140] returns group-523986131536:java.util.concurrent.CompletableFuture@1a5f429f[Not completed]
2024-03-11 08:35:05,414 [main] INFO  om.OzoneManager (OzoneManager.java:initializeRatisServer(2177)) - OzoneManager Ratis server initialized at port 15140
2024-03-11 08:35:05,414 [main] INFO  ratis.OzoneManagerRatisServer (OzoneManagerRatisServer.java:start(588)) - Starting OzoneManagerRatisServer omNode-2 at port 15140
2024-03-11 08:35:05,414 [omNode-2-groupManagement] INFO  server.RaftServer$Division (RaftServerImpl.java:<init>(256)) - omNode-2: new RaftServerImpl for group-523986131536:[omNode-3|localhost:15144, omNode-1|localhost:15136, omNode-2|localhost:15140] with OzoneManagerStateMachine:uninitialized
2024-03-11 08:35:05,415 [omNode-2-groupManagement] INFO  server.RaftServerConfigKeys (ConfUtils.java:logGet(46)) - raft.server.rpc.timeout.min = 1s (custom)
2024-03-11 08:35:05,415 [omNode-2-groupManagement] INFO  server.RaftServerConfigKeys (ConfUtils.java:logGet(46)) - raft.server.rpc.timeout.max = 1200ms (custom)
2024-03-11 08:35:05,415 [omNode-2-groupManagement] INFO  server.RaftServerConfigKeys (ConfUtils.java:logGet(46)) - raft.server.rpc.sleep.time = 25ms (default)
2024-03-11 08:35:05,415 [omNode-2-groupManagement] INFO  server.RaftServerConfigKeys (ConfUtils.java:logGet(46)) - raft.server.rpc.slowness.timeout = 2s (custom)
2024-03-11 08:35:05,415 [omNode-2-groupManagement] INFO  server.RaftServerConfigKeys (ConfUtils.java:logGet(46)) - raft.server.leaderelection.leader.step-down.wait-time = 10s (default)
2024-03-11 08:35:05,415 [omNode-2-groupManagement] INFO  server.RaftServerConfigKeys (ConfUtils.java:logGet(46)) - raft.server.leaderelection.member.majority-add = false (default)
2024-03-11 08:35:05,415 [omNode-2-groupManagement] INFO  server.RaftServerConfigKeys (ConfUtils.java:logGet(46)) - raft.server.sleep.deviation.threshold = 300ms (default)
2024-03-11 08:35:05,415 [omNode-2-groupManagement] INFO  server.RaftServer$Division (ServerState.java:<init>(113)) - omNode-2@group-523986131536: ConfigurationManager, init=-1: peers:[omNode-3|localhost:15144, omNode-1|localhost:15136, omNode-2|localhost:15140]|listeners:[], old=null, confs=<EMPTY_MAP>
2024-03-11 08:35:05,415 [omNode-2-groupManagement] INFO  server.RaftServerConfigKeys (ConfUtils.java:logGet(46)) - raft.server.notification.no-leader.timeout = 2s (custom)
2024-03-11 08:35:05,415 [omNode-2-groupManagement] INFO  server.RaftServerConfigKeys (ConfUtils.java:logGet(46)) - raft.server.read.timeout = 10s (default)
2024-03-11 08:35:05,415 [omNode-2-groupManagement] INFO  server.RaftServerConfigKeys (ConfUtils.java:logGet(46)) - raft.server.retrycache.expirytime = 30000ms (custom)
2024-03-11 08:35:05,415 [omNode-2-groupManagement] INFO  server.RaftServerConfigKeys (ConfUtils.java:logGet(46)) - raft.server.retrycache.statistics.expirytime = 100ms (default)
2024-03-11 08:35:05,415 [omNode-2-groupManagement] INFO  server.RaftServerConfigKeys (ConfUtils.java:logGet(46)) - raft.server.read.option = DEFAULT (default)
2024-03-11 08:35:05,415 [omNode-2-groupManagement] INFO  server.RaftServerConfigKeys (ConfUtils.java:logGet(46)) - raft.server.read.read-after-write-consistent.write-index-cache.expiry-time = 60s (default)
2024-03-11 08:35:05,417 [omNode-2-groupManagement] INFO  server.RaftServerConfigKeys (ConfUtils.java:logGet(46)) - raft.server.rpc.request.timeout = 3000ms (default)
2024-03-11 08:35:05,417 [omNode-2-groupManagement] INFO  server.RaftServerConfigKeys (ConfUtils.java:logGet(46)) - raft.server.log.appender.install.snapshot.enabled = false (custom)
2024-03-11 08:35:05,417 [omNode-2-groupManagement] INFO  server.RaftServerConfigKeys (ConfUtils.java:logGet(46)) - raft.server.threadpool.server.cached = true (default)
2024-03-11 08:35:05,417 [omNode-2-groupManagement] INFO  server.RaftServerConfigKeys (ConfUtils.java:logGet(46)) - raft.server.threadpool.server.size = 0 (default)
2024-03-11 08:35:05,417 [omNode-2-groupManagement] INFO  server.RaftServerConfigKeys (ConfUtils.java:logGet(46)) - raft.server.threadpool.client.cached = true (default)
2024-03-11 08:35:05,417 [omNode-2-groupManagement] INFO  server.RaftServerConfigKeys (ConfUtils.java:logGet(46)) - raft.server.threadpool.client.size = 0 (default)
2024-03-11 08:35:05,417 [omNode-2-impl-thread1] INFO  server.RaftServerConfigKeys (ConfUtils.java:logGet(46)) - raft.server.storage.free-space.min = 0MB (=0) (default)
2024-03-11 08:35:05,417 [omNode-2-impl-thread1] INFO  server.RaftServerConfigKeys (ConfUtils.java:logGet(46)) - raft.server.log.corruption.policy = EXCEPTION (default)
2024-03-11 08:35:05,417 [omNode-2-impl-thread1] INFO  server.RaftServerConfigKeys (ConfUtils.java:logGet(46)) - raft.server.storage.dir = [/home/runner/work/ozone/ozone/hadoop-ozone/integration-test/target/test-dir/MiniOzoneClusterImpl-3b234497-56f6-48e5-9ae2-a9674f906486/omNode-2/ratis] (custom)
2024-03-11 08:35:05,418 [omNode-2-impl-thread1] INFO  storage.RaftStorageDirectory (RaftStorageDirectoryImpl.java:tryLock(228)) - Lock on /home/runner/work/ozone/ozone/hadoop-ozone/integration-test/target/test-dir/MiniOzoneClusterImpl-3b234497-56f6-48e5-9ae2-a9674f906486/omNode-2/ratis/c9bc4cf4-3bc3-3c60-a66b-523986131536/in_use.lock acquired by nodename 48108@fv-az1250-130
2024-03-11 08:35:05,419 [omNode-2-impl-thread1] INFO  storage.RaftStorage (RaftStorageImpl.java:analyzeAndRecoverStorage(119)) - Read RaftStorageMetadata{term=1, votedFor=omNode-1} from /home/runner/work/ozone/ozone/hadoop-ozone/integration-test/target/test-dir/MiniOzoneClusterImpl-3b234497-56f6-48e5-9ae2-a9674f906486/omNode-2/ratis/c9bc4cf4-3bc3-3c60-a66b-523986131536/current/raft-meta
2024-03-11 08:35:05,420 [omNode-2-impl-thread1] INFO  server.RaftServer$Division (ServerState.java:setRaftConf(386)) - omNode-2@group-523986131536: set configuration 0: peers:[omNode-3|localhost:15144, omNode-1|localhost:15136, omNode-2|localhost:15140]|listeners:[], old=null
2024-03-11 08:35:05,420 [omNode-2-impl-thread1] INFO  server.RaftServerConfigKeys (ConfUtils.java:logGet(46)) - raft.server.log.use.memory = false (default)
2024-03-11 08:35:05,420 [omNode-2-impl-thread1] INFO  server.RaftServerConfigKeys (ConfUtils.java:logGet(46)) - raft.server.log.purge.gap = 50 (custom)
2024-03-11 08:35:05,420 [omNode-2-impl-thread1] INFO  server.RaftServerConfigKeys (ConfUtils.java:logGet(46)) - raft.server.log.appender.buffer.byte-limit = 4194304 (custom)
2024-03-11 08:35:05,420 [omNode-2-impl-thread1] INFO  server.RaftServerConfigKeys (ConfUtils.java:logGet(46)) - raft.server.log.statemachine.data.read.timeout = 1000ms (default)
2024-03-11 08:35:05,420 [omNode-2-impl-thread1] INFO  server.RaftServerConfigKeys (ConfUtils.java:logGet(46)) - raft.server.log.purge.preservation.log.num = 0 (default)
2024-03-11 08:35:05,421 [omNode-2-impl-thread1] INFO  server.RaftServerConfigKeys (ConfUtils.java:logGet(46)) - raft.server.log.segment.size.max = 4194304 (custom)
2024-03-11 08:35:05,421 [omNode-2-impl-thread1] INFO  server.RaftServerConfigKeys (ConfUtils.java:logGet(46)) - raft.server.log.segment.cache.num.max = 2 (custom)
2024-03-11 08:35:05,421 [omNode-2-impl-thread1] INFO  server.RaftServerConfigKeys (ConfUtils.java:logGet(46)) - raft.server.log.segment.cache.size.max = 200MB (=209715200) (default)
2024-03-11 08:35:05,421 [omNode-2-impl-thread1] INFO  server.RaftServerConfigKeys (ConfUtils.java:logGet(46)) - raft.server.log.appender.buffer.byte-limit = 4194304 (custom)
2024-03-11 08:35:05,422 [omNode-2-impl-thread1] INFO  util.AwaitToRun (AwaitToRun.java:start(81)) - Thread[omNode-2@group-523986131536-cacheEviction-AwaitToRun,5,main] started
2024-03-11 08:35:05,422 [omNode-2-impl-thread1] INFO  segmented.SegmentedRaftLogWorker (SegmentedRaftLogWorker.java:<init>(182)) - new omNode-2@group-523986131536-SegmentedRaftLogWorker for RaftStorageImpl:Storage Directory /home/runner/work/ozone/ozone/hadoop-ozone/integration-test/target/test-dir/MiniOzoneClusterImpl-3b234497-56f6-48e5-9ae2-a9674f906486/omNode-2/ratis/c9bc4cf4-3bc3-3c60-a66b-523986131536
2024-03-11 08:35:05,422 [omNode-2-impl-thread1] INFO  server.RaftServerConfigKeys (ConfUtils.java:logGet(46)) - raft.server.log.queue.byte-limit = 64MB (=67108864) (default)
2024-03-11 08:35:05,422 [omNode-2-impl-thread1] INFO  server.RaftServerConfigKeys (ConfUtils.java:logGet(46)) - raft.server.log.queue.element-limit = 4096 (default)
2024-03-11 08:35:05,422 [omNode-2-impl-thread1] INFO  server.RaftServerConfigKeys (ConfUtils.java:logGet(46)) - raft.server.log.segment.size.max = 4194304 (custom)
2024-03-11 08:35:05,422 [omNode-2-impl-thread1] INFO  server.RaftServerConfigKeys (ConfUtils.java:logGet(46)) - raft.server.log.preallocated.size = 4194304 (custom)
2024-03-11 08:35:05,422 [omNode-2-impl-thread1] INFO  server.RaftServerConfigKeys (ConfUtils.java:logGet(46)) - raft.server.log.force.sync.num = 128 (default)
2024-03-11 08:35:05,422 [omNode-2-impl-thread1] INFO  server.RaftServerConfigKeys (ConfUtils.java:logGet(46)) - raft.server.log.statemachine.data.sync = true (default)
2024-03-11 08:35:05,422 [omNode-2-impl-thread1] INFO  server.RaftServerConfigKeys (ConfUtils.java:logGet(46)) - raft.server.log.statemachine.data.sync.timeout = 10s (default)
2024-03-11 08:35:05,422 [omNode-2-impl-thread1] INFO  server.RaftServerConfigKeys (ConfUtils.java:logGet(46)) - raft.server.log.statemachine.data.sync.timeout.retry = -1 (default)
2024-03-11 08:35:05,422 [omNode-2-impl-thread1] INFO  server.RaftServerConfigKeys (ConfUtils.java:logGet(46)) - raft.server.log.write.buffer.size = 4194312 (custom)
2024-03-11 08:35:05,423 [omNode-2-impl-thread1] INFO  server.RaftServerConfigKeys (ConfUtils.java:logGet(46)) - raft.server.log.appender.buffer.byte-limit = 4194304 (custom)
2024-03-11 08:35:05,423 [omNode-2-impl-thread1] INFO  server.RaftServerConfigKeys (ConfUtils.java:logGet(46)) - raft.server.log.unsafe-flush.enabled = false (default)
2024-03-11 08:35:05,423 [omNode-2-impl-thread1] INFO  server.RaftServerConfigKeys (ConfUtils.java:logGet(46)) - raft.server.log.async-flush.enabled = false (default)
2024-03-11 08:35:05,423 [omNode-2-impl-thread1] INFO  server.RaftServerConfigKeys (ConfUtils.java:logGet(46)) - raft.server.log.statemachine.data.caching.enabled = false (default)
2024-03-11 08:35:05,423 [omNode-2-impl-thread1] INFO  segmented.SegmentedRaftLogWorker (SegmentedRaftLogWorker.java:lambda$new$0(134)) - omNode-2@group-523986131536-SegmentedRaftLogWorker: flushIndex: setUnconditionally 0 -> 52
2024-03-11 08:35:05,423 [omNode-2-impl-thread1] INFO  segmented.SegmentedRaftLogWorker (SegmentedRaftLogWorker.java:lambda$new$0(134)) - omNode-2@group-523986131536-SegmentedRaftLogWorker: safeCacheEvictIndex: setUnconditionally 0 -> -1
2024-03-11 08:35:05,423 [omNode-2-impl-thread1] INFO  server.RaftServer$Division (RaftServerImpl.java:start(396)) - omNode-2@group-523986131536: start as a follower, conf=0: peers:[omNode-3|localhost:15144, omNode-1|localhost:15136, omNode-2|localhost:15140]|listeners:[], old=null
2024-03-11 08:35:05,423 [omNode-2-impl-thread1] INFO  server.RaftServer$Division (RaftServerImpl.java:setRole(383)) - omNode-2@group-523986131536: changes role from      null to FOLLOWER at term 1 for startAsFollower
2024-03-11 08:35:05,423 [omNode-2-impl-thread1] INFO  impl.RoleInfo (RoleInfo.java:updateAndGet(139)) - omNode-2: start omNode-2@group-523986131536-FollowerState
2024-03-11 08:35:05,424 [omNode-2@group-523986131536-FollowerState] INFO  server.RaftServerConfigKeys (ConfUtils.java:logFallback(53)) - raft.server.rpc.first-election.timeout.min = 1s (fallback to raft.server.rpc.timeout.min)
2024-03-11 08:35:05,424 [omNode-2-impl-thread1] INFO  util.JmxRegister (JmxRegister.java:tryRegister(44)) - Successfully registered JMX Bean with object name Ratis:service=RaftServer,group=group-523986131536,id=omNode-2
2024-03-11 08:35:05,424 [omNode-2-impl-thread1] INFO  server.RaftServerConfigKeys (ConfUtils.java:logGet(46)) - raft.server.snapshot.trigger-when-stop.enabled = true (default)
2024-03-11 08:35:05,424 [omNode-2-impl-thread1] INFO  server.RaftServerConfigKeys (ConfUtils.java:logGet(46)) - raft.server.snapshot.auto.trigger.enabled = true (custom)
2024-03-11 08:35:05,424 [omNode-2-impl-thread1] INFO  server.RaftServerConfigKeys (ConfUtils.java:logGet(46)) - raft.server.snapshot.auto.trigger.threshold = 50 (custom)
2024-03-11 08:35:05,424 [omNode-2-impl-thread1] INFO  server.RaftServerConfigKeys (ConfUtils.java:logGet(46)) - raft.server.snapshot.retention.file.num = -1 (default)
2024-03-11 08:35:05,424 [omNode-2-impl-thread1] INFO  server.RaftServerConfigKeys (ConfUtils.java:logGet(46)) - raft.server.log.purge.upto.snapshot.index = true (custom)
2024-03-11 08:35:05,424 [omNode-2@group-523986131536-FollowerState] INFO  server.RaftServerConfigKeys (ConfUtils.java:logFallback(53)) - raft.server.rpc.first-election.timeout.max = 1200ms (fallback to raft.server.rpc.timeout.max)
2024-03-11 08:35:05,424 [main] INFO  server.RaftServer (RaftServerProxy.java:startImpl(406)) - omNode-2: start RPC server
2024-03-11 08:35:05,425 [main] INFO  server.GrpcService (GrpcService.java:startImpl(302)) - omNode-2: GrpcService started, listening on 15140
2024-03-11 08:35:05,425 [main] INFO  om.OzoneManager (OzoneManager.java:getRpcServer(1231)) - Creating RPC Server
2024-03-11 08:35:05,425 [JvmPauseMonitor48] INFO  util.JvmPauseMonitor (JvmPauseMonitor.java:run(146)) - JvmPauseMonitor-omNode-2: Started
2024-03-11 08:35:05,594 [main] INFO  ipc.CallQueueManager (CallQueueManager.java:<init>(90)) - Using callQueue: class java.util.concurrent.LinkedBlockingQueue, queueCapacity: 2000, scheduler: class org.apache.hadoop.ipc.DefaultRpcScheduler, ipcBackoff: false.
2024-03-11 08:35:05,594 [main] INFO  ipc.Server (Server.java:<init>(1287)) - Listener at localhost:15137
2024-03-11 08:35:05,595 [Socket Reader #1 for port 15137] INFO  ipc.Server (Server.java:run(1323)) - Starting Socket Reader #1 for port 15137
2024-03-11 08:35:05,597 [main] INFO  http.BaseHttpServer (BaseHttpServer.java:newHttpServer2BuilderForOzone(223)) - Starting Web-server for ozoneManager at: http://0.0.0.0:15138
2024-03-11 08:35:05,597 [main] INFO  http.BaseHttpServer (BaseHttpServer.java:<init>(110)) - Hadoop Security Enabled: false Ozone Security Enabled: false Ozone HTTP Security Enabled: false 
2024-03-11 08:35:05,598 [main] WARN  server.AuthenticationFilter (AuthenticationFilter.java:constructSecretProvider(240)) - Unable to initialize FileSignerSecretProvider, falling back to use random secrets. Reason: Could not read signature secret file: /home/runner/hadoop-http-auth-signature-secret
2024-03-11 08:35:05,598 [main] INFO  http.HttpRequestLog (HttpRequestLog.java:getRequestLog(86)) - Http request log for http.requests.ozoneManager is not defined
2024-03-11 08:35:05,599 [main] INFO  http.HttpServer2 (HttpServer2.java:addGlobalFilter(1036)) - Added global filter 'safety' (class=org.apache.hadoop.hdds.server.http.HttpServer2$QuotingInputFilter)
2024-03-11 08:35:05,599 [main] INFO  http.HttpServer2 (HttpServer2.java:addFilter(1012)) - Added filter static_user_filter (class=org.apache.hadoop.http.lib.StaticUserWebFilter$StaticUserFilter) to context ozoneManager
2024-03-11 08:35:05,599 [main] INFO  http.HttpServer2 (HttpServer2.java:addFilter(1020)) - Added filter static_user_filter (class=org.apache.hadoop.http.lib.StaticUserWebFilter$StaticUserFilter) to context static
2024-03-11 08:35:05,599 [main] INFO  http.HttpServer2 (HttpServer2.java:addFilter(1020)) - Added filter static_user_filter (class=org.apache.hadoop.http.lib.StaticUserWebFilter$StaticUserFilter) to context logs
2024-03-11 08:35:05,600 [main] INFO  http.BaseHttpServer (BaseHttpServer.java:<init>(189)) - HTTP server of ozoneManager uses base directory /home/runner/work/ozone/ozone/hadoop-ozone/integration-test/target/test-dir/MiniOzoneClusterImpl-3b234497-56f6-48e5-9ae2-a9674f906486/omNode-2/webserver
2024-03-11 08:35:05,600 [main] INFO  http.HttpServer2 (HttpServer2.java:bindListener(1236)) - Jetty bound to port 15138
2024-03-11 08:35:05,600 [main] INFO  server.Server (Server.java:doStart(375)) - jetty-9.4.53.v20231009; built: 2023-10-09T12:29:09.265Z; git: 27bde00a0b95a1d5bbee0eae7984f891d2d0f8c9; jvm 1.8.0_402-b06
2024-03-11 08:35:05,601 [main] INFO  server.session (DefaultSessionIdManager.java:doStart(334)) - DefaultSessionIdManager workerName=node0
2024-03-11 08:35:05,601 [main] INFO  server.session (DefaultSessionIdManager.java:doStart(339)) - No SessionScavenger set, using defaults
2024-03-11 08:35:05,601 [main] INFO  server.session (HouseKeeper.java:startScavenging(132)) - node0 Scavenging every 600000ms
2024-03-11 08:35:05,602 [main] INFO  handler.ContextHandler (ContextHandler.java:doStart(921)) - Started o.e.j.s.ServletContextHandler@2fb6fb6a{logs,/logs,file:///home/runner/work/ozone/ozone/hadoop-ozone/integration-test/target/log,AVAILABLE}
2024-03-11 08:35:05,602 [main] INFO  handler.ContextHandler (ContextHandler.java:doStart(921)) - Started o.e.j.s.ServletContextHandler@1d702079{static,/static,file:///home/runner/work/ozone/ozone/hadoop-ozone/integration-test/target/test-classes/webapps/static,AVAILABLE}
2024-03-11 08:35:05,604 [main] INFO  handler.ContextHandler (ContextHandler.java:doStart(921)) - Started o.e.j.w.WebAppContext@5526af8f{ozoneManager,/,file:///home/runner/work/ozone/ozone/hadoop-ozone/integration-test/target/test-classes/webapps/ozoneManager/,AVAILABLE}{file:/home/runner/work/ozone/ozone/hadoop-ozone/integration-test/target/test-classes/webapps/ozoneManager}
2024-03-11 08:35:05,604 [main] INFO  server.AbstractConnector (AbstractConnector.java:doStart(333)) - Started ServerConnector@455aed9{HTTP/1.1, (http/1.1)}{0.0.0.0:15138}
2024-03-11 08:35:05,604 [main] INFO  server.Server (Server.java:doStart(415)) - Started @520375ms
2024-03-11 08:35:05,604 [main] WARN  impl.MetricsSystemImpl (MetricsSystemImpl.java:register(279)) - Sink prometheus already exists!
2024-03-11 08:35:05,605 [main] INFO  http.BaseHttpServer (BaseHttpServer.java:updateConnectorAddress(354)) - HTTP server of ozoneManager listening at http://0.0.0.0:15138
2024-03-11 08:35:05,605 [IPC Server Responder] INFO  ipc.Server (Server.java:run(1562)) - IPC Server Responder: starting
2024-03-11 08:35:05,605 [IPC Server listener on 15137] INFO  ipc.Server (Server.java:run(1402)) - IPC Server listener on 15137: starting
2024-03-11 08:35:05,616 [main] INFO  om.OzoneManager (OzoneManager.java:startTrashEmptier(2130)) - Trash Interval set to 0. Files deleted won't move to trash
]]></system-out>
    </rerunError>
    <rerunError type="PREPARE_FAILED org.apache.hadoop.ozone.om.exceptions.OMException">
      <stackTrace><![CDATA[PREPARE_FAILED org.apache.hadoop.ozone.om.exceptions.OMException: java.io.IOException: After waiting for 120 seconds, Ratis state machine applied index 50 which is less than the minimum required index 52.
	at org.apache.hadoop.ozone.om.protocolPB.OzoneManagerProtocolClientSideTranslatorPB.handleError(OzoneManagerProtocolClientSideTranslatorPB.java:752)
	at org.apache.hadoop.ozone.om.protocolPB.OzoneManagerProtocolClientSideTranslatorPB.prepareOzoneManager(OzoneManagerProtocolClientSideTranslatorPB.java:2466)
	at org.apache.hadoop.ozone.om.TestOzoneManagerPrepare.submitPrepareRequest(TestOzoneManagerPrepare.java:445)
	at org.apache.hadoop.ozone.om.TestOzoneManagerPrepare.testCancelPrepare(TestOzoneManagerPrepare.java:314)
	at java.lang.reflect.Method.invoke(Method.java:498)
	at java.util.ArrayList.forEach(ArrayList.java:1259)
	at java.util.ArrayList.forEach(ArrayList.java:1259)
]]></stackTrace>
      <system-out><![CDATA[2024-03-11 08:35:10,254 [main] WARN  server.ServerUtils (ServerUtils.java:getScmDbDir(143)) - ozone.scm.db.dirs is not configured. We recommend adding this setting. Falling back to ozone.metadata.dirs instead.
2024-03-11 08:35:10,258 [main] WARN  server.ServerUtils (ServerUtils.java:getScmDbDir(143)) - ozone.scm.db.dirs is not configured. We recommend adding this setting. Falling back to ozone.metadata.dirs instead.
2024-03-11 08:35:10,258 [main] INFO  ha.SCMHANodeDetails (SCMHANodeDetails.java:loadSCMHAConfig(207)) - ServiceID for StorageContainerManager is null
2024-03-11 08:35:10,258 [main] INFO  ha.SCMHANodeDetails (SCMHANodeDetails.java:loadSCMHAConfig(212)) - ozone.scm.default.service.id is not defined, falling back to ozone.scm.service.ids to find serviceID for StorageContainerManager if it is HA enabled cluster
2024-03-11 08:35:10,259 [main] WARN  utils.HAUtils (HAUtils.java:getMetaDir(339)) - ozone.scm.db.dirs is not configured. We recommend adding this setting. Falling back to ozone.metadata.dirs instead.
2024-03-11 08:35:10,259 [main] WARN  db.DBStoreBuilder (DBStoreBuilder.java:applyDBDefinition(171)) - ozone.scm.db.dirs is not configured. We recommend adding this setting. Falling back to ozone.metadata.dirs instead.
2024-03-11 08:35:10,359 [main] INFO  net.NodeSchemaLoader (NodeSchemaLoader.java:loadSchemaFromFile(129)) - Loading schema from [jar:file:/home/runner/.m2/repository/org/apache/ozone/hdds-common/1.5.0-SNAPSHOT/hdds-common-1.5.0-SNAPSHOT.jar!/network-topology-default.xml]
2024-03-11 08:35:10,359 [main] INFO  net.NodeSchemaLoader (NodeSchemaLoader.java:loadSchema(176)) - Loading network topology layer schema file
2024-03-11 08:35:10,361 [main] INFO  upgrade.AbstractLayoutVersionManager (AbstractLayoutVersionManager.java:init(83)) - Initializing Layout version manager with metadata layout = HADOOP_PRC_PORTS_IN_DATANODEDETAILS (version = 7), software layout = HADOOP_PRC_PORTS_IN_DATANODEDETAILS (version = 7)
2024-03-11 08:35:10,362 [main] INFO  ha.SequenceIdGenerator (SequenceIdGenerator.java:upgradeToSequenceId(370)) - upgrade localId to 113750153625600000
2024-03-11 08:35:10,363 [main] INFO  ha.SequenceIdGenerator (SequenceIdGenerator.java:upgradeToSequenceId(380)) - upgrade delTxnId to 0
2024-03-11 08:35:10,364 [main] INFO  ha.SequenceIdGenerator (SequenceIdGenerator.java:upgradeToSequenceId(397)) - upgrade containerId to 0
2024-03-11 08:35:10,365 [main] INFO  ha.SequenceIdGenerator (SequenceIdGenerator.java:upgradeToCertificateSequenceId(444)) - upgrade CertificateId to 2
2024-03-11 08:35:10,365 [main] INFO  ha.SequenceIdGenerator (SequenceIdGenerator.java:<init>(241)) - Init the HA SequenceIdGenerator.
2024-03-11 08:35:10,365 [main] WARN  server.ServerUtils (ServerUtils.java:sanitizeUserArgs(79)) - ozone.scm.stale.node.interval value = 300000 is larger than max = 100000 based on the key value of ozone.scm.heartbeat.thread.interval, reset to the max value 100000.
2024-03-11 08:35:10,365 [main] WARN  server.ServerUtils (ServerUtils.java:sanitizeUserArgs(79)) - ozone.scm.stale.node.interval value = 300000 is larger than max = 100000 based on the key value of ozone.scm.heartbeat.thread.interval, reset to the max value 100000.
2024-03-11 08:35:10,366 [main] INFO  node.SCMNodeManager (SCMNodeManager.java:<init>(177)) - Entering startup safe mode.
2024-03-11 08:35:10,366 [main] INFO  algorithms.ContainerPlacementPolicyFactory (ContainerPlacementPolicyFactory.java:getPolicyInternal(86)) - Create container placement policy of type org.apache.hadoop.hdds.scm.container.placement.algorithms.SCMContainerPlacementRackAware
2024-03-11 08:35:10,366 [main] INFO  algorithms.ContainerPlacementPolicyFactory (ContainerPlacementPolicyFactory.java:getPolicyInternal(86)) - Create container placement policy of type org.apache.hadoop.hdds.scm.container.placement.algorithms.SCMContainerPlacementRackScatter
2024-03-11 08:35:10,367 [main] INFO  pipeline.PipelineStateManagerImpl (PipelineStateManagerImpl.java:initialize(78)) - No pipeline exists in current db
2024-03-11 08:35:10,367 [main] INFO  algorithms.LeaderChoosePolicyFactory (LeaderChoosePolicyFactory.java:getPolicy(57)) - Create leader choose policy of type org.apache.hadoop.hdds.scm.pipeline.leader.choose.algorithms.MinLeaderCountChoosePolicy
2024-03-11 08:35:10,367 [main] INFO  algorithms.ContainerPlacementPolicyFactory (ContainerPlacementPolicyFactory.java:getPolicyInternal(86)) - Create container placement policy of type org.apache.hadoop.hdds.scm.container.placement.algorithms.SCMContainerPlacementRackScatter
2024-03-11 08:35:10,367 [main] INFO  ha.SCMServiceManager (SCMServiceManager.java:register(42)) - Registering service BackgroundPipelineCreator.
2024-03-11 08:35:10,367 [main] INFO  pipeline.BackgroundPipelineCreator (BackgroundPipelineCreator.java:start(127)) - Starting RatisPipelineUtilsThread.
2024-03-11 08:35:10,368 [main] INFO  BackgroundPipelineScrubber (BackgroundSCMService.java:start(65)) - Starting BackgroundPipelineScrubber Service.
2024-03-11 08:35:10,368 [main] INFO  ha.SCMServiceManager (SCMServiceManager.java:register(42)) - Registering service BackgroundPipelineScrubber.
2024-03-11 08:35:10,368 [main] INFO  ExpiredContainerReplicaOpScrubber (BackgroundSCMService.java:start(65)) - Starting ExpiredContainerReplicaOpScrubber Service.
2024-03-11 08:35:10,368 [main] INFO  ha.SCMServiceManager (SCMServiceManager.java:register(42)) - Registering service ExpiredContainerReplicaOpScrubber.
2024-03-11 08:35:10,369 [main] INFO  algorithms.PipelineChoosePolicyFactory (PipelineChoosePolicyFactory.java:createPipelineChoosePolicyFromClass(80)) - Create pipeline choose policy of type org.apache.hadoop.hdds.scm.pipeline.choose.algorithms.RandomPipelineChoosePolicy
2024-03-11 08:35:10,369 [main] INFO  algorithms.PipelineChoosePolicyFactory (PipelineChoosePolicyFactory.java:createPipelineChoosePolicyFromClass(80)) - Create pipeline choose policy of type org.apache.hadoop.hdds.scm.pipeline.choose.algorithms.RandomPipelineChoosePolicy
2024-03-11 08:35:10,369 [main] INFO  ha.SCMServiceManager (SCMServiceManager.java:register(42)) - Registering service SCMBlockDeletingService.
2024-03-11 08:35:10,370 [main] INFO  replication.ReplicationManager (ReplicationManager.java:start(295)) - Starting Replication Monitor Thread.
2024-03-11 08:35:10,371 [ReplicationMonitor] INFO  replication.ReplicationManager (ReplicationManager.java:processAll(371)) - Replication Manager is not ready to run until 3000ms after safemode exit
2024-03-11 08:35:10,371 [main] INFO  ha.SCMServiceManager (SCMServiceManager.java:register(42)) - Registering service ReplicationManager.
2024-03-11 08:35:10,371 [main] INFO  safemode.ContainerSafeModeRule (ContainerSafeModeRule.java:<init>(91)) - containers with one replica threshold count 0
2024-03-11 08:35:10,372 [main] INFO  safemode.HealthyPipelineSafeModeRule (HealthyPipelineSafeModeRule.java:initializeRule(176)) - Total pipeline count is 0, healthy pipeline threshold count is 1
2024-03-11 08:35:10,372 [main] INFO  safemode.OneReplicaPipelineSafeModeRule (OneReplicaPipelineSafeModeRule.java:initializeRule(193)) - Total pipeline count is 0, pipeline's with at least one datanode reported threshold count is 0
2024-03-11 08:35:10,372 [main] INFO  server.StorageContainerManager (StorageContainerManager.java:<init>(440)) - SCM start with adminUsers: [*, runner]
2024-03-11 08:35:10,372 [main] INFO  ipc.CallQueueManager (CallQueueManager.java:<init>(90)) - Using callQueue: class java.util.concurrent.LinkedBlockingQueue, queueCapacity: 10000, scheduler: class org.apache.hadoop.ipc.DefaultRpcScheduler, ipcBackoff: false.
2024-03-11 08:35:10,373 [main] INFO  ipc.Server (Server.java:<init>(1287)) - Listener at 0.0.0.0:15174
2024-03-11 08:35:10,373 [Socket Reader #1 for port 15174] INFO  ipc.Server (Server.java:run(1323)) - Starting Socket Reader #1 for port 15174
2024-03-11 08:35:10,374 [main] INFO  ipc.CallQueueManager (CallQueueManager.java:<init>(90)) - Using callQueue: class java.util.concurrent.LinkedBlockingQueue, queueCapacity: 10000, scheduler: class org.apache.hadoop.ipc.DefaultRpcScheduler, ipcBackoff: false.
2024-03-11 08:35:10,374 [main] INFO  ipc.Server (Server.java:<init>(1287)) - Listener at 0.0.0.0:15173
2024-03-11 08:35:10,374 [Socket Reader #1 for port 15173] INFO  ipc.Server (Server.java:run(1323)) - Starting Socket Reader #1 for port 15173
2024-03-11 08:35:10,375 [main] INFO  ipc.CallQueueManager (CallQueueManager.java:<init>(90)) - Using callQueue: class java.util.concurrent.LinkedBlockingQueue, queueCapacity: 10000, scheduler: class org.apache.hadoop.ipc.DefaultRpcScheduler, ipcBackoff: false.
2024-03-11 08:35:10,375 [main] INFO  ipc.Server (Server.java:<init>(1287)) - Listener at 0.0.0.0:15172
2024-03-11 08:35:10,375 [Socket Reader #1 for port 15172] INFO  ipc.Server (Server.java:run(1323)) - Starting Socket Reader #1 for port 15172
2024-03-11 08:35:10,377 [main] INFO  ha.SCMServiceManager (SCMServiceManager.java:register(42)) - Registering service ContainerBalancer.
2024-03-11 08:35:10,378 [main] INFO  ha.SCMContext (SCMContext.java:updateSafeModeStatus(225)) - Update SafeModeStatus from SafeModeStatus{safeModeStatus=true, preCheckPassed=false} to SafeModeStatus{safeModeStatus=true, preCheckPassed=false}.
2024-03-11 08:35:10,378 [main] INFO  server.StorageContainerManager (StorageContainerManager.java:start(1545)) - StorageContainerLocationProtocol RPC server is listening at /0.0.0.0:15172
2024-03-11 08:35:10,379 [main] WARN  impl.MetricsConfig (MetricsConfig.java:loadFirst(136)) - Cannot locate configuration: tried hadoop-metrics2-storagecontainermanager.properties,hadoop-metrics2.properties
2024-03-11 08:35:10,383 [main] INFO  impl.MetricsSystemImpl (MetricsSystemImpl.java:startTimer(378)) - Scheduled Metric snapshot period at 10 second(s).
2024-03-11 08:35:10,383 [main] INFO  impl.MetricsSystemImpl (MetricsSystemImpl.java:start(191)) - StorageContainerManager metrics system started
2024-03-11 08:35:10,388 [main] INFO  impl.MetricsSinkAdapter (MetricsSinkAdapter.java:start(204)) - Sink prometheus started
2024-03-11 08:35:10,388 [main] INFO  impl.MetricsSystemImpl (MetricsSystemImpl.java:registerSink(305)) - Registered sink prometheus
2024-03-11 08:35:10,405 [main] INFO  server.SCMClientProtocolServer (SCMClientProtocolServer.java:start(204)) - RPC server for Client  is listening at /0.0.0.0:15172
2024-03-11 08:35:10,405 [IPC Server Responder] INFO  ipc.Server (Server.java:run(1562)) - IPC Server Responder: starting
2024-03-11 08:35:10,405 [IPC Server listener on 15172] INFO  ipc.Server (Server.java:run(1402)) - IPC Server listener on 15172: starting
2024-03-11 08:35:10,411 [main] INFO  server.StorageContainerManager (StorageContainerManager.java:start(1558)) - ScmBlockLocationProtocol RPC server is listening at /0.0.0.0:15173
2024-03-11 08:35:10,411 [main] INFO  server.SCMBlockProtocolServer (SCMBlockProtocolServer.java:start(162)) - RPC server for Block Protocol is listening at /0.0.0.0:15173
2024-03-11 08:35:10,411 [IPC Server Responder] INFO  ipc.Server (Server.java:run(1562)) - IPC Server Responder: starting
2024-03-11 08:35:10,411 [IPC Server listener on 15173] INFO  ipc.Server (Server.java:run(1402)) - IPC Server listener on 15173: starting
2024-03-11 08:35:10,418 [main] INFO  server.SCMDatanodeProtocolServer (SCMDatanodeProtocolServer.java:start(194)) - ScmDatanodeProtocol RPC server for DataNodes is listening at /0.0.0.0:15174
2024-03-11 08:35:10,418 [IPC Server Responder] INFO  ipc.Server (Server.java:run(1562)) - IPC Server Responder: starting
2024-03-11 08:35:10,421 [IPC Server listener on 15174] INFO  ipc.Server (Server.java:run(1402)) - IPC Server listener on 15174: starting
2024-03-11 08:35:10,427 [JvmPauseMonitor49] INFO  util.JvmPauseMonitor (JvmPauseMonitor.java:run(146)) - JvmPauseMonitor-fb0d5c81-c4bd-45d8-804b-0683c76fd6fd: Started
2024-03-11 08:35:10,427 [main] INFO  http.BaseHttpServer (BaseHttpServer.java:newHttpServer2BuilderForOzone(223)) - Starting Web-server for scm at: http://0.0.0.0:15175
2024-03-11 08:35:10,427 [main] INFO  http.BaseHttpServer (BaseHttpServer.java:<init>(110)) - Hadoop Security Enabled: false Ozone Security Enabled: false Ozone HTTP Security Enabled: false 
2024-03-11 08:35:10,428 [main] WARN  server.AuthenticationFilter (AuthenticationFilter.java:constructSecretProvider(240)) - Unable to initialize FileSignerSecretProvider, falling back to use random secrets. Reason: Could not read signature secret file: /home/runner/hadoop-http-auth-signature-secret
2024-03-11 08:35:10,429 [main] INFO  http.HttpRequestLog (HttpRequestLog.java:getRequestLog(86)) - Http request log for http.requests.scm is not defined
2024-03-11 08:35:10,429 [main] INFO  http.HttpServer2 (HttpServer2.java:addGlobalFilter(1036)) - Added global filter 'safety' (class=org.apache.hadoop.hdds.server.http.HttpServer2$QuotingInputFilter)
2024-03-11 08:35:10,430 [main] INFO  http.HttpServer2 (HttpServer2.java:addFilter(1012)) - Added filter static_user_filter (class=org.apache.hadoop.http.lib.StaticUserWebFilter$StaticUserFilter) to context scm
2024-03-11 08:35:10,430 [main] INFO  http.HttpServer2 (HttpServer2.java:addFilter(1020)) - Added filter static_user_filter (class=org.apache.hadoop.http.lib.StaticUserWebFilter$StaticUserFilter) to context logs
2024-03-11 08:35:10,430 [main] INFO  http.HttpServer2 (HttpServer2.java:addFilter(1020)) - Added filter static_user_filter (class=org.apache.hadoop.http.lib.StaticUserWebFilter$StaticUserFilter) to context static
2024-03-11 08:35:10,430 [main] INFO  http.BaseHttpServer (BaseHttpServer.java:<init>(189)) - HTTP server of scm uses base directory /home/runner/work/ozone/ozone/hadoop-ozone/integration-test/target/test-dir/MiniOzoneClusterImpl-c7fe89f3-570b-44cc-9eba-475ffdeb33a6/ozone-meta/webserver
2024-03-11 08:35:10,431 [main] INFO  http.HttpServer2 (HttpServer2.java:bindListener(1236)) - Jetty bound to port 15175
2024-03-11 08:35:10,431 [main] INFO  server.Server (Server.java:doStart(375)) - jetty-9.4.53.v20231009; built: 2023-10-09T12:29:09.265Z; git: 27bde00a0b95a1d5bbee0eae7984f891d2d0f8c9; jvm 1.8.0_402-b06
2024-03-11 08:35:10,432 [main] INFO  server.session (DefaultSessionIdManager.java:doStart(334)) - DefaultSessionIdManager workerName=node0
2024-03-11 08:35:10,432 [main] INFO  server.session (DefaultSessionIdManager.java:doStart(339)) - No SessionScavenger set, using defaults
2024-03-11 08:35:10,432 [main] INFO  server.session (HouseKeeper.java:startScavenging(132)) - node0 Scavenging every 660000ms
2024-03-11 08:35:10,433 [main] INFO  handler.ContextHandler (ContextHandler.java:doStart(921)) - Started o.e.j.s.ServletContextHandler@2b624a24{logs,/logs,file:///home/runner/work/ozone/ozone/hadoop-ozone/integration-test/target/log,AVAILABLE}
2024-03-11 08:35:10,433 [main] INFO  handler.ContextHandler (ContextHandler.java:doStart(921)) - Started o.e.j.s.ServletContextHandler@75f0074f{static,/static,file:///home/runner/work/ozone/ozone/hadoop-ozone/integration-test/target/test-classes/webapps/static,AVAILABLE}
2024-03-11 08:35:10,435 [main] INFO  handler.ContextHandler (ContextHandler.java:doStart(921)) - Started o.e.j.w.WebAppContext@78f1c92a{scm,/,file:///home/runner/work/ozone/ozone/hadoop-ozone/integration-test/target/test-classes/webapps/scm/,AVAILABLE}{file:/home/runner/work/ozone/ozone/hadoop-ozone/integration-test/target/test-classes/webapps/scm}
2024-03-11 08:35:10,436 [main] INFO  server.AbstractConnector (AbstractConnector.java:doStart(333)) - Started ServerConnector@49d0c30a{HTTP/1.1, (http/1.1)}{0.0.0.0:15175}
2024-03-11 08:35:10,436 [main] INFO  server.Server (Server.java:doStart(415)) - Started @525207ms
2024-03-11 08:35:10,436 [main] WARN  impl.MetricsSystemImpl (MetricsSystemImpl.java:register(279)) - Sink prometheus already exists!
2024-03-11 08:35:10,437 [main] INFO  http.BaseHttpServer (BaseHttpServer.java:updateConnectorAddress(354)) - HTTP server of scm listening at http://0.0.0.0:15175
2024-03-11 08:35:10,438 [main] INFO  ha.OMHANodeDetails (OMHANodeDetails.java:loadOMHAConfig(121)) - ServiceID for OzoneManager is om-service-test1
2024-03-11 08:35:10,438 [main] INFO  ha.OMHANodeDetails (OMHANodeDetails.java:loadOMHAConfig(201)) - Found matching OM address with OMServiceId: om-service-test1, OMNodeId: omNode-1, RPC Address: localhost:15176 and Ratis port: 15179
2024-03-11 08:35:10,438 [main] INFO  ha.OMHANodeDetails (ConfUtils.java:setNodeSpecificConfigs(97)) - Setting configuration key ozone.om.http-address with value of key ozone.om.http-address.om-service-test1.omNode-1: 127.0.0.1:15177
2024-03-11 08:35:10,438 [main] INFO  ha.OMHANodeDetails (ConfUtils.java:setNodeSpecificConfigs(97)) - Setting configuration key ozone.om.https-address with value of key ozone.om.https-address.om-service-test1.omNode-1: 127.0.0.1:15178
2024-03-11 08:35:10,438 [main] INFO  ha.OMHANodeDetails (ConfUtils.java:setNodeSpecificConfigs(97)) - Setting configuration key ozone.om.address with value of key ozone.om.address.om-service-test1.omNode-1: 127.0.0.1:15176
2024-03-11 08:35:10,439 [main] WARN  server.ServerUtils (ServerUtils.java:getDBPath(299)) - ozone.om.db.dirs is not configured. We recommend adding this setting. Falling back to ozone.metadata.dirs instead.
2024-03-11 08:35:10,440 [main] INFO  proxy.SCMBlockLocationFailoverProxyProvider (SCMBlockLocationFailoverProxyProvider.java:<init>(115)) - Created block location fail-over proxy with 1 nodes: [nodeId=scmNodeId,nodeAddress=/0.0.0.0:15173]
OM initialization succeeded.Current cluster id for sd=/home/runner/work/ozone/ozone/hadoop-ozone/integration-test/target/test-dir/MiniOzoneClusterImpl-c7fe89f3-570b-44cc-9eba-475ffdeb33a6/omNode-1/om;cid=c7fe89f3-570b-44cc-9eba-475ffdeb33a6;layoutVersion=6
2024-03-11 08:35:10,447 [main] INFO  ha.OMHANodeDetails (OMHANodeDetails.java:loadOMHAConfig(121)) - ServiceID for OzoneManager is om-service-test1
2024-03-11 08:35:10,447 [main] INFO  ha.OMHANodeDetails (OMHANodeDetails.java:loadOMHAConfig(201)) - Found matching OM address with OMServiceId: om-service-test1, OMNodeId: omNode-1, RPC Address: localhost:15176 and Ratis port: 15179
2024-03-11 08:35:10,448 [main] INFO  ha.OMHANodeDetails (ConfUtils.java:setNodeSpecificConfigs(97)) - Setting configuration key ozone.om.http-address with value of key ozone.om.http-address.om-service-test1.omNode-1: 127.0.0.1:15177
2024-03-11 08:35:10,448 [main] INFO  ha.OMHANodeDetails (ConfUtils.java:setNodeSpecificConfigs(97)) - Setting configuration key ozone.om.https-address with value of key ozone.om.https-address.om-service-test1.omNode-1: 127.0.0.1:15178
2024-03-11 08:35:10,448 [main] INFO  ha.OMHANodeDetails (ConfUtils.java:setNodeSpecificConfigs(97)) - Setting configuration key ozone.om.address with value of key ozone.om.address.om-service-test1.omNode-1: 127.0.0.1:15176
2024-03-11 08:35:10,448 [main] WARN  server.ServerUtils (ServerUtils.java:getDBPath(299)) - ozone.om.db.dirs is not configured. We recommend adding this setting. Falling back to ozone.metadata.dirs instead.
2024-03-11 08:35:10,449 [main] INFO  upgrade.AbstractLayoutVersionManager (AbstractLayoutVersionManager.java:init(83)) - Initializing Layout version manager with metadata layout = QUOTA (version = 6), software layout = QUOTA (version = 6)
2024-03-11 08:35:10,481 [main] INFO  upgrade.OMLayoutVersionManager (OMLayoutVersionManager.java:lambda$0(113)) - Skipping Upgrade Action QuotaRepairUpgradeAction since it has been finalized.
2024-03-11 08:35:10,481 [main] INFO  upgrade.OMLayoutVersionManager (OMLayoutVersionManager.java:lambda$0(113)) - Skipping Upgrade Action MockOmUpgradeAction since it has been finalized.
2024-03-11 08:35:10,482 [main] WARN  server.ServerUtils (ServerUtils.java:getDBPath(299)) - ozone.om.db.dirs is not configured. We recommend adding this setting. Falling back to ozone.metadata.dirs instead.
2024-03-11 08:35:10,482 [main] INFO  proxy.SCMBlockLocationFailoverProxyProvider (SCMBlockLocationFailoverProxyProvider.java:<init>(115)) - Created block location fail-over proxy with 1 nodes: [nodeId=scmNodeId,nodeAddress=/0.0.0.0:15173]
2024-03-11 08:35:10,483 [main] INFO  proxy.SCMBlockLocationFailoverProxyProvider (SCMBlockLocationFailoverProxyProvider.java:<init>(115)) - Created block location fail-over proxy with 1 nodes: [nodeId=scmNodeId,nodeAddress=/0.0.0.0:15173]
2024-03-11 08:35:10,488 [main] INFO  om.OzoneManager (OzoneManager.java:<init>(679)) - OM start with adminUsers: [*, runner]
2024-03-11 08:35:10,489 [main] WARN  server.ServerUtils (ServerUtils.java:getDBPath(299)) - ozone.om.db.dirs is not configured. We recommend adding this setting. Falling back to ozone.metadata.dirs instead.
2024-03-11 08:35:10,489 [main] INFO  helpers.OmKeyInfo (OmKeyInfo.java:getCodec(71)) - OmKeyInfo.getCodec ignorePipeline = true
2024-03-11 08:35:10,650 [main] INFO  om.OzoneManager (OzoneManager.java:instantiateServices(811)) - S3 Multi-Tenancy is disabled
2024-03-11 08:35:10,650 [main] INFO  om.OmSnapshotManager (OmSnapshotManager.java:<init>(177)) - Ozone filesystem snapshot feature is enabled.
2024-03-11 08:35:10,651 [main] WARN  server.ServerUtils (ServerUtils.java:getDBPath(299)) - ozone.om.snapshot.diff.db.dir is not configured. We recommend adding this setting. Falling back to ozone.metadata.dirs instead.
2024-03-11 08:35:10,668 [main] INFO  utils.NativeLibraryLoader (NativeLibraryLoader.java:loadLibrary(108)) - Loading Library: ozone_rocksdb_tools
2024-03-11 08:35:10,669 [main] ERROR snapshot.SnapshotDiffManager (SnapshotDiffManager.java:initNativeLibraryForEfficientDiff(287)) - Native Library for raw sst file reading loading failed.
org.apache.hadoop.hdds.utils.NativeLibraryNotLoadedException: Unable to load library ozone_rocksdb_tools from both java.library.path & resource file libozone_rocksdb_tools.so from jar.
	at org.apache.hadoop.hdds.utils.db.managed.ManagedRawSSTFileReader.loadLibrary(ManagedRawSSTFileReader.java:38)
	at org.apache.hadoop.ozone.om.snapshot.SnapshotDiffManager.initNativeLibraryForEfficientDiff(SnapshotDiffManager.java:285)
	at org.apache.hadoop.ozone.om.snapshot.SnapshotDiffManager.<init>(SnapshotDiffManager.java:259)
	at org.apache.hadoop.ozone.om.OmSnapshotManager.<init>(OmSnapshotManager.java:279)
	at org.apache.hadoop.ozone.om.OzoneManager.instantiateServices(OzoneManager.java:863)
	at org.apache.hadoop.ozone.om.OzoneManager.<init>(OzoneManager.java:689)
	at org.apache.hadoop.ozone.om.OzoneManager.createOm(OzoneManager.java:774)
	at org.apache.hadoop.ozone.MiniOzoneHAClusterImpl$Builder.createOMService(MiniOzoneHAClusterImpl.java:509)
	at org.apache.hadoop.ozone.MiniOzoneHAClusterImpl$Builder.build(MiniOzoneHAClusterImpl.java:425)
	at org.apache.hadoop.ozone.om.TestOzoneManagerHA.init(TestOzoneManagerHA.java:182)
	at sun.reflect.NativeMethodAccessorImpl.invoke0(Native Method)
	at sun.reflect.NativeMethodAccessorImpl.invoke(NativeMethodAccessorImpl.java:62)
	at sun.reflect.DelegatingMethodAccessorImpl.invoke(DelegatingMethodAccessorImpl.java:43)
	at java.lang.reflect.Method.invoke(Method.java:498)
	at org.junit.platform.commons.util.ReflectionUtils.invokeMethod(ReflectionUtils.java:728)
	at org.junit.jupiter.engine.execution.MethodInvocation.proceed(MethodInvocation.java:60)
	at org.junit.jupiter.engine.execution.InvocationInterceptorChain$ValidatingInvocation.proceed(InvocationInterceptorChain.java:131)
	at org.junit.jupiter.engine.extension.TimeoutExtension.intercept(TimeoutExtension.java:156)
	at org.junit.jupiter.engine.extension.TimeoutExtension.interceptLifecycleMethod(TimeoutExtension.java:128)
	at org.junit.jupiter.engine.extension.TimeoutExtension.interceptBeforeAllMethod(TimeoutExtension.java:70)
	at org.junit.jupiter.engine.execution.InterceptingExecutableInvoker$ReflectiveInterceptorCall.lambda$ofVoidMethod$0(InterceptingExecutableInvoker.java:103)
	at org.junit.jupiter.engine.execution.InterceptingExecutableInvoker.lambda$invoke$0(InterceptingExecutableInvoker.java:93)
	at org.junit.jupiter.engine.execution.InvocationInterceptorChain$InterceptedInvocation.proceed(InvocationInterceptorChain.java:106)
	at org.junit.jupiter.engine.execution.InvocationInterceptorChain.proceed(InvocationInterceptorChain.java:64)
	at org.junit.jupiter.engine.execution.InvocationInterceptorChain.chainAndInvoke(InvocationInterceptorChain.java:45)
	at org.junit.jupiter.engine.execution.InvocationInterceptorChain.invoke(InvocationInterceptorChain.java:37)
	at org.junit.jupiter.engine.execution.InterceptingExecutableInvoker.invoke(InterceptingExecutableInvoker.java:92)
	at org.junit.jupiter.engine.execution.InterceptingExecutableInvoker.invoke(InterceptingExecutableInvoker.java:86)
	at org.junit.jupiter.engine.descriptor.ClassBasedTestDescriptor.lambda$invokeBeforeAllMethods$13(ClassBasedTestDescriptor.java:412)
	at org.junit.platform.engine.support.hierarchical.ThrowableCollector.execute(ThrowableCollector.java:73)
	at org.junit.jupiter.engine.descriptor.ClassBasedTestDescriptor.invokeBeforeAllMethods(ClassBasedTestDescriptor.java:410)
	at org.junit.jupiter.engine.descriptor.ClassBasedTestDescriptor.before(ClassBasedTestDescriptor.java:216)
	at org.junit.jupiter.engine.descriptor.ClassBasedTestDescriptor.before(ClassBasedTestDescriptor.java:85)
	at org.junit.platform.engine.support.hierarchical.NodeTestTask.lambda$executeRecursively$6(NodeTestTask.java:148)
	at org.junit.platform.engine.support.hierarchical.ThrowableCollector.execute(ThrowableCollector.java:73)
	at org.junit.platform.engine.support.hierarchical.NodeTestTask.lambda$executeRecursively$8(NodeTestTask.java:141)
	at org.junit.platform.engine.support.hierarchical.Node.around(Node.java:137)
	at org.junit.platform.engine.support.hierarchical.NodeTestTask.lambda$executeRecursively$9(NodeTestTask.java:139)
	at org.junit.platform.engine.support.hierarchical.ThrowableCollector.execute(ThrowableCollector.java:73)
	at org.junit.platform.engine.support.hierarchical.NodeTestTask.executeRecursively(NodeTestTask.java:138)
	at org.junit.platform.engine.support.hierarchical.NodeTestTask.execute(NodeTestTask.java:95)
	at java.util.ArrayList.forEach(ArrayList.java:1259)
	at org.junit.platform.engine.support.hierarchical.SameThreadHierarchicalTestExecutorService.invokeAll(SameThreadHierarchicalTestExecutorService.java:41)
	at org.junit.platform.engine.support.hierarchical.NodeTestTask.lambda$executeRecursively$6(NodeTestTask.java:155)
	at org.junit.platform.engine.support.hierarchical.ThrowableCollector.execute(ThrowableCollector.java:73)
	at org.junit.platform.engine.support.hierarchical.NodeTestTask.lambda$executeRecursively$8(NodeTestTask.java:141)
	at org.junit.platform.engine.support.hierarchical.Node.around(Node.java:137)
	at org.junit.platform.engine.support.hierarchical.NodeTestTask.lambda$executeRecursively$9(NodeTestTask.java:139)
	at org.junit.platform.engine.support.hierarchical.ThrowableCollector.execute(ThrowableCollector.java:73)
	at org.junit.platform.engine.support.hierarchical.NodeTestTask.executeRecursively(NodeTestTask.java:138)
	at org.junit.platform.engine.support.hierarchical.NodeTestTask.execute(NodeTestTask.java:95)
	at org.junit.platform.engine.support.hierarchical.SameThreadHierarchicalTestExecutorService.submit(SameThreadHierarchicalTestExecutorService.java:35)
	at org.junit.platform.engine.support.hierarchical.HierarchicalTestExecutor.execute(HierarchicalTestExecutor.java:57)
	at org.junit.platform.engine.support.hierarchical.HierarchicalTestEngine.execute(HierarchicalTestEngine.java:54)
	at org.junit.platform.launcher.core.EngineExecutionOrchestrator.execute(EngineExecutionOrchestrator.java:198)
	at org.junit.platform.launcher.core.EngineExecutionOrchestrator.execute(EngineExecutionOrchestrator.java:169)
	at org.junit.platform.launcher.core.EngineExecutionOrchestrator.execute(EngineExecutionOrchestrator.java:93)
	at org.junit.platform.launcher.core.EngineExecutionOrchestrator.lambda$execute$0(EngineExecutionOrchestrator.java:58)
	at org.junit.platform.launcher.core.EngineExecutionOrchestrator.withInterceptedStreams(EngineExecutionOrchestrator.java:141)
	at org.junit.platform.launcher.core.EngineExecutionOrchestrator.execute(EngineExecutionOrchestrator.java:57)
	at org.junit.platform.launcher.core.DefaultLauncher.execute(DefaultLauncher.java:103)
	at org.junit.platform.launcher.core.DefaultLauncher.execute(DefaultLauncher.java:85)
	at org.junit.platform.launcher.core.DelegatingLauncher.execute(DelegatingLauncher.java:47)
	at org.junit.platform.launcher.core.SessionPerRequestLauncher.execute(SessionPerRequestLauncher.java:63)
	at org.apache.maven.surefire.junitplatform.JUnitPlatformProvider.invokeAllTests(JUnitPlatformProvider.java:165)
	at org.apache.maven.surefire.junitplatform.JUnitPlatformProvider.invoke(JUnitPlatformProvider.java:124)
	at org.apache.maven.surefire.booter.ForkedBooter.runSuitesInProcess(ForkedBooter.java:428)
	at org.apache.maven.surefire.booter.ForkedBooter.execute(ForkedBooter.java:162)
	at org.apache.maven.surefire.booter.ForkedBooter.run(ForkedBooter.java:562)
	at org.apache.maven.surefire.booter.ForkedBooter.main(ForkedBooter.java:548)
2024-03-11 08:35:10,671 [main] INFO  om.OzoneManager (OzoneManager.java:addS3GVolumeToDB(4468)) - Created Volume s3v With Owner runner required for S3Gateway operations.
2024-03-11 08:35:10,671 [main] WARN  server.ServerUtils (ServerUtils.java:getDefaultRatisDirectory(311)) - Storage directory for Ratis is not configured. It is a good idea to map this to an SSD disk. Falling back to ozone.metadata.dirs
2024-03-11 08:35:10,671 [main] WARN  utils.OzoneManagerRatisUtils (OzoneManagerRatisUtils.java:getOMRatisSnapshotDirectory(476)) - ozone.om.ratis.snapshot.dir is not configured. Falling back to ozone.metadata.dirs config
2024-03-11 08:35:10,671 [main] INFO  utils.RDBSnapshotProvider (RDBSnapshotProvider.java:init(87)) - Cleaning up the candidate dir: /home/runner/work/ozone/ozone/hadoop-ozone/integration-test/target/test-dir/MiniOzoneClusterImpl-c7fe89f3-570b-44cc-9eba-475ffdeb33a6/omNode-1/snapshot/om.db.candidate
2024-03-11 08:35:10,671 [main] INFO  ratis_snapshot.OmRatisSnapshotProvider (OmRatisSnapshotProvider.java:<init>(99)) - Initializing OM Snapshot Provider
2024-03-11 08:35:10,672 [main] WARN  server.ServerUtils (ServerUtils.java:getDefaultRatisDirectory(311)) - Storage directory for Ratis is not configured. It is a good idea to map this to an SSD disk. Falling back to ozone.metadata.dirs
2024-03-11 08:35:10,673 [main] INFO  ratis.OzoneManagerRatisServer (OzoneManagerRatisServer.java:<init>(167)) - Instantiating OM Ratis server with groupID: om-service-test1 and peers: localhost:15179, localhost:15187, localhost:15183
2024-03-11 08:35:10,673 [main] INFO  ratis.OzoneManagerStateMachine (OzoneManagerStateMachine.java:loadSnapshotInfoFromDB(575)) - TransactionInfo not found in OM DB.
2024-03-11 08:35:10,674 [main] INFO  server.RaftServer (ConfUtils.java:logGet(46)) - raft.rpc.type = GRPC (default)
2024-03-11 08:35:10,674 [main] INFO  grpc.GrpcConfigKeys (ConfUtils.java:logFallback(53)) - raft.grpc.admin.host = null (fallback to raft.grpc.server.host)
2024-03-11 08:35:10,674 [main] INFO  grpc.GrpcConfigKeys (ConfUtils.java:logFallback(53)) - raft.grpc.admin.port = 15179 (fallback to raft.grpc.server.port)
2024-03-11 08:35:10,674 [main] INFO  grpc.GrpcConfigKeys (ConfUtils.java:logFallback(53)) - raft.grpc.client.host = null (fallback to raft.grpc.server.host)
2024-03-11 08:35:10,674 [main] INFO  grpc.GrpcConfigKeys (ConfUtils.java:logFallback(53)) - raft.grpc.client.port = 15179 (fallback to raft.grpc.server.port)
2024-03-11 08:35:10,675 [main] INFO  grpc.GrpcConfigKeys (ConfUtils.java:logGet(46)) - raft.grpc.server.host = null (default)
2024-03-11 08:35:10,675 [main] INFO  grpc.GrpcConfigKeys (ConfUtils.java:logGet(46)) - raft.grpc.server.port = 15179 (custom)
2024-03-11 08:35:10,675 [main] INFO  server.GrpcService (ConfUtils.java:logGet(46)) - raft.grpc.message.size.max = 4194304 (custom)
2024-03-11 08:35:10,675 [main] INFO  server.RaftServerConfigKeys (ConfUtils.java:logGet(46)) - raft.server.log.appender.buffer.byte-limit = 4194304 (custom)
2024-03-11 08:35:10,675 [main] INFO  server.GrpcService (ConfUtils.java:logGet(46)) - raft.grpc.flow.control.window = 1MB (=1048576) (default)
2024-03-11 08:35:10,675 [main] INFO  server.RaftServerConfigKeys (ConfUtils.java:logGet(46)) - raft.server.rpc.request.timeout = 3000ms (default)
2024-03-11 08:35:10,675 [main] INFO  grpc.GrpcConfigKeys (ConfUtils.java:logGet(46)) - raft.grpc.server.heartbeat.channel = true (default)
2024-03-11 08:35:10,675 [main] INFO  grpc.GrpcConfigKeys (ConfUtils.java:logGet(46)) - raft.grpc.server.async.request.thread.pool.cached = true (default)
2024-03-11 08:35:10,676 [main] INFO  grpc.GrpcConfigKeys (ConfUtils.java:logGet(46)) - raft.grpc.server.async.request.thread.pool.size = 32 (default)
2024-03-11 08:35:10,677 [main] INFO  impl.DataStreamServerImpl (ConfUtils.java:logGet(46)) - raft.datastream.type = DISABLED (default)
2024-03-11 08:35:10,677 [main] INFO  server.RaftServerConfigKeys (ConfUtils.java:logGet(46)) - raft.server.sleep.deviation.threshold = 300ms (default)
2024-03-11 08:35:10,677 [main] INFO  server.RaftServerConfigKeys (ConfUtils.java:logGet(46)) - raft.server.close.threshold = 60s (default)
2024-03-11 08:35:10,677 [main] INFO  server.RaftServerConfigKeys (ConfUtils.java:logGet(46)) - raft.server.leaderelection.leader.step-down.wait-time = 10s (default)
2024-03-11 08:35:10,677 [main] INFO  server.RaftServerConfigKeys (ConfUtils.java:logGet(46)) - raft.server.storage.dir = [/home/runner/work/ozone/ozone/hadoop-ozone/integration-test/target/test-dir/MiniOzoneClusterImpl-c7fe89f3-570b-44cc-9eba-475ffdeb33a6/omNode-1/ratis] (custom)
2024-03-11 08:35:10,677 [main] INFO  server.RaftServerConfigKeys (ConfUtils.java:logGet(46)) - raft.server.threadpool.proxy.cached = true (default)
2024-03-11 08:35:10,677 [main] INFO  server.RaftServerConfigKeys (ConfUtils.java:logGet(46)) - raft.server.threadpool.proxy.size = 0 (default)
2024-03-11 08:35:10,678 [main] INFO  server.RaftServer (RaftServerProxy.java:addNew(100)) - omNode-1: addNew group-523986131536:[omNode-3|localhost:15187, omNode-1|localhost:15179, omNode-2|localhost:15183] returns group-523986131536:java.util.concurrent.CompletableFuture@7d05b1ef[Not completed]
2024-03-11 08:35:10,678 [omNode-1-groupManagement] INFO  server.RaftServer$Division (RaftServerImpl.java:<init>(256)) - omNode-1: new RaftServerImpl for group-523986131536:[omNode-3|localhost:15187, omNode-1|localhost:15179, omNode-2|localhost:15183] with OzoneManagerStateMachine:uninitialized
2024-03-11 08:35:10,678 [main] INFO  om.OzoneManager (OzoneManager.java:initializeRatisServer(2177)) - OzoneManager Ratis server initialized at port 15179
2024-03-11 08:35:10,678 [omNode-1-groupManagement] INFO  server.RaftServerConfigKeys (ConfUtils.java:logGet(46)) - raft.server.rpc.timeout.min = 1s (custom)
2024-03-11 08:35:10,678 [main] INFO  om.OzoneManager (OzoneManager.java:getRpcServer(1231)) - Creating RPC Server
2024-03-11 08:35:10,678 [omNode-1-groupManagement] INFO  server.RaftServerConfigKeys (ConfUtils.java:logGet(46)) - raft.server.rpc.timeout.max = 1200ms (custom)
2024-03-11 08:35:10,678 [omNode-1-groupManagement] INFO  server.RaftServerConfigKeys (ConfUtils.java:logGet(46)) - raft.server.rpc.sleep.time = 25ms (default)
2024-03-11 08:35:10,678 [omNode-1-groupManagement] INFO  server.RaftServerConfigKeys (ConfUtils.java:logGet(46)) - raft.server.rpc.slowness.timeout = 2s (custom)
2024-03-11 08:35:10,678 [omNode-1-groupManagement] INFO  server.RaftServerConfigKeys (ConfUtils.java:logGet(46)) - raft.server.leaderelection.leader.step-down.wait-time = 10s (default)
2024-03-11 08:35:10,678 [omNode-1-groupManagement] INFO  server.RaftServerConfigKeys (ConfUtils.java:logGet(46)) - raft.server.leaderelection.member.majority-add = false (default)
2024-03-11 08:35:10,678 [omNode-1-groupManagement] INFO  server.RaftServerConfigKeys (ConfUtils.java:logGet(46)) - raft.server.sleep.deviation.threshold = 300ms (default)
2024-03-11 08:35:10,678 [omNode-1-groupManagement] INFO  server.RaftServer$Division (ServerState.java:<init>(113)) - omNode-1@group-523986131536: ConfigurationManager, init=-1: peers:[omNode-3|localhost:15187, omNode-1|localhost:15179, omNode-2|localhost:15183]|listeners:[], old=null, confs=<EMPTY_MAP>
2024-03-11 08:35:10,679 [omNode-1-groupManagement] INFO  server.RaftServerConfigKeys (ConfUtils.java:logGet(46)) - raft.server.notification.no-leader.timeout = 2s (custom)
2024-03-11 08:35:10,679 [omNode-1-groupManagement] INFO  server.RaftServerConfigKeys (ConfUtils.java:logGet(46)) - raft.server.read.timeout = 10s (default)
2024-03-11 08:35:10,679 [omNode-1-groupManagement] INFO  server.RaftServerConfigKeys (ConfUtils.java:logGet(46)) - raft.server.retrycache.expirytime = 30000ms (custom)
2024-03-11 08:35:10,679 [omNode-1-groupManagement] INFO  server.RaftServerConfigKeys (ConfUtils.java:logGet(46)) - raft.server.retrycache.statistics.expirytime = 100ms (default)
2024-03-11 08:35:10,679 [omNode-1-groupManagement] INFO  server.RaftServerConfigKeys (ConfUtils.java:logGet(46)) - raft.server.read.option = DEFAULT (default)
2024-03-11 08:35:10,679 [omNode-1-groupManagement] INFO  server.RaftServerConfigKeys (ConfUtils.java:logGet(46)) - raft.server.read.read-after-write-consistent.write-index-cache.expiry-time = 60s (default)
2024-03-11 08:35:10,679 [omNode-1-groupManagement] INFO  server.RaftServerConfigKeys (ConfUtils.java:logGet(46)) - raft.server.rpc.request.timeout = 3000ms (default)
2024-03-11 08:35:10,679 [omNode-1-groupManagement] INFO  server.RaftServerConfigKeys (ConfUtils.java:logGet(46)) - raft.server.log.appender.install.snapshot.enabled = false (custom)
2024-03-11 08:35:10,679 [omNode-1-groupManagement] INFO  server.RaftServerConfigKeys (ConfUtils.java:logGet(46)) - raft.server.threadpool.server.cached = true (default)
2024-03-11 08:35:10,679 [omNode-1-groupManagement] INFO  server.RaftServerConfigKeys (ConfUtils.java:logGet(46)) - raft.server.threadpool.server.size = 0 (default)
2024-03-11 08:35:10,680 [omNode-1-groupManagement] INFO  server.RaftServerConfigKeys (ConfUtils.java:logGet(46)) - raft.server.threadpool.client.cached = true (default)
2024-03-11 08:35:10,680 [omNode-1-groupManagement] INFO  server.RaftServerConfigKeys (ConfUtils.java:logGet(46)) - raft.server.threadpool.client.size = 0 (default)
2024-03-11 08:35:10,849 [main] INFO  ipc.CallQueueManager (CallQueueManager.java:<init>(90)) - Using callQueue: class java.util.concurrent.LinkedBlockingQueue, queueCapacity: 2000, scheduler: class org.apache.hadoop.ipc.DefaultRpcScheduler, ipcBackoff: false.
2024-03-11 08:35:10,850 [main] INFO  ipc.Server (Server.java:<init>(1287)) - Listener at 127.0.0.1:15176
2024-03-11 08:35:10,850 [Socket Reader #1 for port 15176] INFO  ipc.Server (Server.java:run(1323)) - Starting Socket Reader #1 for port 15176
2024-03-11 08:35:10,863 [main] INFO  impl.MetricsSystemImpl (MetricsSystemImpl.java:init(158)) - OzoneManager metrics system started (again)
2024-03-11 08:35:10,870 [main] INFO  om.OzoneManager (OzoneManager.java:start(1653)) - OzoneManager RPC server is listening at localhost/127.0.0.1:15176
2024-03-11 08:35:10,871 [main] INFO  ratis.OzoneManagerRatisServer (OzoneManagerRatisServer.java:start(588)) - Starting OzoneManagerRatisServer omNode-1 at port 15179
2024-03-11 08:35:10,871 [omNode-1-impl-thread1] INFO  server.RaftServerConfigKeys (ConfUtils.java:logGet(46)) - raft.server.storage.free-space.min = 0MB (=0) (default)
2024-03-11 08:35:10,871 [omNode-1-impl-thread1] INFO  server.RaftServerConfigKeys (ConfUtils.java:logGet(46)) - raft.server.log.corruption.policy = EXCEPTION (default)
2024-03-11 08:35:10,871 [omNode-1-impl-thread1] INFO  server.RaftServerConfigKeys (ConfUtils.java:logGet(46)) - raft.server.storage.dir = [/home/runner/work/ozone/ozone/hadoop-ozone/integration-test/target/test-dir/MiniOzoneClusterImpl-c7fe89f3-570b-44cc-9eba-475ffdeb33a6/omNode-1/ratis] (custom)
2024-03-11 08:35:10,871 [omNode-1-impl-thread1] INFO  storage.RaftStorageDirectory (RaftStorageDirectoryImpl.java:analyzeStorage(138)) - The storage directory /home/runner/work/ozone/ozone/hadoop-ozone/integration-test/target/test-dir/MiniOzoneClusterImpl-c7fe89f3-570b-44cc-9eba-475ffdeb33a6/omNode-1/ratis/c9bc4cf4-3bc3-3c60-a66b-523986131536 does not exist. Creating ...
2024-03-11 08:35:10,872 [omNode-1-impl-thread1] INFO  storage.RaftStorageDirectory (RaftStorageDirectoryImpl.java:tryLock(228)) - Lock on /home/runner/work/ozone/ozone/hadoop-ozone/integration-test/target/test-dir/MiniOzoneClusterImpl-c7fe89f3-570b-44cc-9eba-475ffdeb33a6/omNode-1/ratis/c9bc4cf4-3bc3-3c60-a66b-523986131536/in_use.lock acquired by nodename 48108@fv-az1250-130
2024-03-11 08:35:10,873 [omNode-1-impl-thread1] INFO  storage.RaftStorage (RaftStorageImpl.java:format(99)) - Storage directory /home/runner/work/ozone/ozone/hadoop-ozone/integration-test/target/test-dir/MiniOzoneClusterImpl-c7fe89f3-570b-44cc-9eba-475ffdeb33a6/omNode-1/ratis/c9bc4cf4-3bc3-3c60-a66b-523986131536 has been successfully formatted.
2024-03-11 08:35:10,873 [omNode-1-impl-thread1] WARN  util.FileUtils (LogUtils.java:supplyAndLog(63)) - Failed to Files.newInputStream /home/runner/work/ozone/ozone/hadoop-ozone/integration-test/target/test-dir/MiniOzoneClusterImpl-c7fe89f3-570b-44cc-9eba-475ffdeb33a6/omNode-1/ratis/c9bc4cf4-3bc3-3c60-a66b-523986131536/current/raft-meta.conf with options []: java.nio.file.NoSuchFileException: /home/runner/work/ozone/ozone/hadoop-ozone/integration-test/target/test-dir/MiniOzoneClusterImpl-c7fe89f3-570b-44cc-9eba-475ffdeb33a6/omNode-1/ratis/c9bc4cf4-3bc3-3c60-a66b-523986131536/current/raft-meta.conf
2024-03-11 08:35:10,874 [omNode-1-impl-thread1] INFO  server.RaftServerConfigKeys (ConfUtils.java:logGet(46)) - raft.server.log.use.memory = false (default)
2024-03-11 08:35:10,874 [omNode-1-impl-thread1] INFO  server.RaftServerConfigKeys (ConfUtils.java:logGet(46)) - raft.server.log.purge.gap = 50 (custom)
2024-03-11 08:35:10,874 [omNode-1-impl-thread1] INFO  server.RaftServerConfigKeys (ConfUtils.java:logGet(46)) - raft.server.log.appender.buffer.byte-limit = 4194304 (custom)
2024-03-11 08:35:10,874 [omNode-1-impl-thread1] INFO  server.RaftServerConfigKeys (ConfUtils.java:logGet(46)) - raft.server.log.statemachine.data.read.timeout = 1000ms (default)
2024-03-11 08:35:10,874 [omNode-1-impl-thread1] INFO  server.RaftServerConfigKeys (ConfUtils.java:logGet(46)) - raft.server.log.purge.preservation.log.num = 0 (default)
2024-03-11 08:35:10,874 [omNode-1-impl-thread1] INFO  server.RaftServerConfigKeys (ConfUtils.java:logGet(46)) - raft.server.log.segment.size.max = 4194304 (custom)
2024-03-11 08:35:10,874 [omNode-1-impl-thread1] INFO  server.RaftServerConfigKeys (ConfUtils.java:logGet(46)) - raft.server.log.segment.cache.num.max = 2 (custom)
2024-03-11 08:35:10,874 [omNode-1-impl-thread1] INFO  server.RaftServerConfigKeys (ConfUtils.java:logGet(46)) - raft.server.log.segment.cache.size.max = 200MB (=209715200) (default)
2024-03-11 08:35:10,875 [omNode-1-impl-thread1] INFO  server.RaftServerConfigKeys (ConfUtils.java:logGet(46)) - raft.server.log.appender.buffer.byte-limit = 4194304 (custom)
2024-03-11 08:35:10,875 [omNode-1-impl-thread1] INFO  util.AwaitToRun (AwaitToRun.java:start(81)) - Thread[omNode-1@group-523986131536-cacheEviction-AwaitToRun,5,main] started
2024-03-11 08:35:10,875 [omNode-1-impl-thread1] INFO  segmented.SegmentedRaftLogWorker (SegmentedRaftLogWorker.java:<init>(182)) - new omNode-1@group-523986131536-SegmentedRaftLogWorker for RaftStorageImpl:Storage Directory /home/runner/work/ozone/ozone/hadoop-ozone/integration-test/target/test-dir/MiniOzoneClusterImpl-c7fe89f3-570b-44cc-9eba-475ffdeb33a6/omNode-1/ratis/c9bc4cf4-3bc3-3c60-a66b-523986131536
2024-03-11 08:35:10,875 [omNode-1-impl-thread1] INFO  server.RaftServerConfigKeys (ConfUtils.java:logGet(46)) - raft.server.log.queue.byte-limit = 64MB (=67108864) (default)
2024-03-11 08:35:10,875 [omNode-1-impl-thread1] INFO  server.RaftServerConfigKeys (ConfUtils.java:logGet(46)) - raft.server.log.queue.element-limit = 4096 (default)
2024-03-11 08:35:10,875 [omNode-1-impl-thread1] INFO  server.RaftServerConfigKeys (ConfUtils.java:logGet(46)) - raft.server.log.segment.size.max = 4194304 (custom)
2024-03-11 08:35:10,875 [omNode-1-impl-thread1] INFO  server.RaftServerConfigKeys (ConfUtils.java:logGet(46)) - raft.server.log.preallocated.size = 4194304 (custom)
2024-03-11 08:35:10,875 [omNode-1-impl-thread1] INFO  server.RaftServerConfigKeys (ConfUtils.java:logGet(46)) - raft.server.log.force.sync.num = 128 (default)
2024-03-11 08:35:10,875 [omNode-1-impl-thread1] INFO  server.RaftServerConfigKeys (ConfUtils.java:logGet(46)) - raft.server.log.statemachine.data.sync = true (default)
2024-03-11 08:35:10,875 [omNode-1-impl-thread1] INFO  server.RaftServerConfigKeys (ConfUtils.java:logGet(46)) - raft.server.log.statemachine.data.sync.timeout = 10s (default)
2024-03-11 08:35:10,875 [omNode-1-impl-thread1] INFO  server.RaftServerConfigKeys (ConfUtils.java:logGet(46)) - raft.server.log.statemachine.data.sync.timeout.retry = -1 (default)
2024-03-11 08:35:10,875 [omNode-1-impl-thread1] INFO  server.RaftServerConfigKeys (ConfUtils.java:logGet(46)) - raft.server.log.write.buffer.size = 4194312 (custom)
2024-03-11 08:35:10,876 [omNode-1-impl-thread1] INFO  server.RaftServerConfigKeys (ConfUtils.java:logGet(46)) - raft.server.log.appender.buffer.byte-limit = 4194304 (custom)
2024-03-11 08:35:10,876 [omNode-1-impl-thread1] INFO  server.RaftServerConfigKeys (ConfUtils.java:logGet(46)) - raft.server.log.unsafe-flush.enabled = false (default)
2024-03-11 08:35:10,876 [omNode-1-impl-thread1] INFO  server.RaftServerConfigKeys (ConfUtils.java:logGet(46)) - raft.server.log.async-flush.enabled = false (default)
2024-03-11 08:35:10,876 [omNode-1-impl-thread1] INFO  server.RaftServerConfigKeys (ConfUtils.java:logGet(46)) - raft.server.log.statemachine.data.caching.enabled = false (default)
2024-03-11 08:35:10,876 [omNode-1-impl-thread1] INFO  segmented.SegmentedRaftLogWorker (SegmentedRaftLogWorker.java:lambda$new$0(134)) - omNode-1@group-523986131536-SegmentedRaftLogWorker: flushIndex: setUnconditionally 0 -> -1
2024-03-11 08:35:10,876 [omNode-1-impl-thread1] INFO  segmented.SegmentedRaftLogWorker (SegmentedRaftLogWorker.java:lambda$new$0(134)) - omNode-1@group-523986131536-SegmentedRaftLogWorker: safeCacheEvictIndex: setUnconditionally 0 -> -1
2024-03-11 08:35:10,876 [omNode-1-impl-thread1] INFO  server.RaftServer$Division (RaftServerImpl.java:start(396)) - omNode-1@group-523986131536: start as a follower, conf=-1: peers:[omNode-3|localhost:15187, omNode-1|localhost:15179, omNode-2|localhost:15183]|listeners:[], old=null
2024-03-11 08:35:10,877 [omNode-1-impl-thread1] INFO  server.RaftServer$Division (RaftServerImpl.java:setRole(383)) - omNode-1@group-523986131536: changes role from      null to FOLLOWER at term 0 for startAsFollower
2024-03-11 08:35:10,877 [omNode-1-impl-thread1] INFO  impl.RoleInfo (RoleInfo.java:updateAndGet(139)) - omNode-1: start omNode-1@group-523986131536-FollowerState
2024-03-11 08:35:10,877 [omNode-1@group-523986131536-FollowerState] INFO  server.RaftServerConfigKeys (ConfUtils.java:logFallback(53)) - raft.server.rpc.first-election.timeout.min = 1s (fallback to raft.server.rpc.timeout.min)
2024-03-11 08:35:10,877 [omNode-1@group-523986131536-FollowerState] INFO  server.RaftServerConfigKeys (ConfUtils.java:logFallback(53)) - raft.server.rpc.first-election.timeout.max = 1200ms (fallback to raft.server.rpc.timeout.max)
2024-03-11 08:35:10,877 [omNode-1-impl-thread1] INFO  util.JmxRegister (JmxRegister.java:tryRegister(44)) - Successfully registered JMX Bean with object name Ratis:service=RaftServer,group=group-523986131536,id=omNode-1
2024-03-11 08:35:10,877 [omNode-1-impl-thread1] INFO  server.RaftServerConfigKeys (ConfUtils.java:logGet(46)) - raft.server.snapshot.trigger-when-stop.enabled = true (default)
2024-03-11 08:35:10,877 [omNode-1-impl-thread1] INFO  server.RaftServerConfigKeys (ConfUtils.java:logGet(46)) - raft.server.snapshot.auto.trigger.enabled = true (custom)
2024-03-11 08:35:10,877 [omNode-1-impl-thread1] INFO  server.RaftServerConfigKeys (ConfUtils.java:logGet(46)) - raft.server.snapshot.auto.trigger.threshold = 50 (custom)
2024-03-11 08:35:10,877 [omNode-1-impl-thread1] INFO  server.RaftServerConfigKeys (ConfUtils.java:logGet(46)) - raft.server.snapshot.retention.file.num = -1 (default)
2024-03-11 08:35:10,877 [omNode-1-impl-thread1] INFO  server.RaftServerConfigKeys (ConfUtils.java:logGet(46)) - raft.server.log.purge.upto.snapshot.index = true (custom)
2024-03-11 08:35:10,878 [main] INFO  server.RaftServer (RaftServerProxy.java:startImpl(406)) - omNode-1: start RPC server
2024-03-11 08:35:10,878 [main] INFO  server.GrpcService (GrpcService.java:startImpl(302)) - omNode-1: GrpcService started, listening on 15179
2024-03-11 08:35:10,878 [JvmPauseMonitor50] INFO  util.JvmPauseMonitor (JvmPauseMonitor.java:run(146)) - JvmPauseMonitor-omNode-1: Started
2024-03-11 08:35:10,879 [main] INFO  om.OzoneManager (OzoneManager.java:start(1669)) - Version File has different layout version (6) than OM DB (null). That is expected if this OM has never been finalized to a newer layout version.
2024-03-11 08:35:10,883 [main] INFO  client.ScmTopologyClient (ScmTopologyClient.java:start(67)) - Initial network topology fetched from SCM: /.
2024-03-11 08:35:10,884 [main] INFO  net.NodeSchemaLoader (NodeSchemaLoader.java:loadSchemaFromFile(129)) - Loading schema from [jar:file:/home/runner/.m2/repository/org/apache/ozone/hdds-common/1.5.0-SNAPSHOT/hdds-common-1.5.0-SNAPSHOT.jar!/network-topology-default.xml]
2024-03-11 08:35:10,884 [main] INFO  net.NodeSchemaLoader (NodeSchemaLoader.java:loadSchema(176)) - Loading network topology layer schema file
2024-03-11 08:35:10,886 [main] INFO  http.BaseHttpServer (BaseHttpServer.java:newHttpServer2BuilderForOzone(223)) - Starting Web-server for ozoneManager at: http://0.0.0.0:15177
2024-03-11 08:35:10,886 [main] INFO  http.BaseHttpServer (BaseHttpServer.java:<init>(110)) - Hadoop Security Enabled: false Ozone Security Enabled: false Ozone HTTP Security Enabled: false 
2024-03-11 08:35:10,887 [main] WARN  server.AuthenticationFilter (AuthenticationFilter.java:constructSecretProvider(240)) - Unable to initialize FileSignerSecretProvider, falling back to use random secrets. Reason: Could not read signature secret file: /home/runner/hadoop-http-auth-signature-secret
2024-03-11 08:35:10,887 [main] INFO  http.HttpRequestLog (HttpRequestLog.java:getRequestLog(86)) - Http request log for http.requests.ozoneManager is not defined
2024-03-11 08:35:10,888 [main] INFO  http.HttpServer2 (HttpServer2.java:addGlobalFilter(1036)) - Added global filter 'safety' (class=org.apache.hadoop.hdds.server.http.HttpServer2$QuotingInputFilter)
2024-03-11 08:35:10,888 [main] INFO  http.HttpServer2 (HttpServer2.java:addFilter(1012)) - Added filter static_user_filter (class=org.apache.hadoop.http.lib.StaticUserWebFilter$StaticUserFilter) to context ozoneManager
2024-03-11 08:35:10,889 [main] INFO  http.HttpServer2 (HttpServer2.java:addFilter(1020)) - Added filter static_user_filter (class=org.apache.hadoop.http.lib.StaticUserWebFilter$StaticUserFilter) to context logs
2024-03-11 08:35:10,889 [main] INFO  http.HttpServer2 (HttpServer2.java:addFilter(1020)) - Added filter static_user_filter (class=org.apache.hadoop.http.lib.StaticUserWebFilter$StaticUserFilter) to context static
2024-03-11 08:35:10,889 [main] INFO  http.BaseHttpServer (BaseHttpServer.java:<init>(189)) - HTTP server of ozoneManager uses base directory /home/runner/work/ozone/ozone/hadoop-ozone/integration-test/target/test-dir/MiniOzoneClusterImpl-c7fe89f3-570b-44cc-9eba-475ffdeb33a6/omNode-1/webserver
2024-03-11 08:35:10,889 [main] INFO  http.HttpServer2 (HttpServer2.java:bindListener(1236)) - Jetty bound to port 15177
2024-03-11 08:35:10,889 [main] INFO  server.Server (Server.java:doStart(375)) - jetty-9.4.53.v20231009; built: 2023-10-09T12:29:09.265Z; git: 27bde00a0b95a1d5bbee0eae7984f891d2d0f8c9; jvm 1.8.0_402-b06
2024-03-11 08:35:10,890 [main] INFO  server.session (DefaultSessionIdManager.java:doStart(334)) - DefaultSessionIdManager workerName=node0
2024-03-11 08:35:10,890 [main] INFO  server.session (DefaultSessionIdManager.java:doStart(339)) - No SessionScavenger set, using defaults
2024-03-11 08:35:10,891 [main] INFO  server.session (HouseKeeper.java:startScavenging(132)) - node0 Scavenging every 600000ms
2024-03-11 08:35:10,891 [main] INFO  handler.ContextHandler (ContextHandler.java:doStart(921)) - Started o.e.j.s.ServletContextHandler@6fc42eff{logs,/logs,file:///home/runner/work/ozone/ozone/hadoop-ozone/integration-test/target/log,AVAILABLE}
2024-03-11 08:35:10,891 [main] INFO  handler.ContextHandler (ContextHandler.java:doStart(921)) - Started o.e.j.s.ServletContextHandler@66f6ae9a{static,/static,file:///home/runner/work/ozone/ozone/hadoop-ozone/integration-test/target/test-classes/webapps/static,AVAILABLE}
2024-03-11 08:35:10,893 [main] INFO  handler.ContextHandler (ContextHandler.java:doStart(921)) - Started o.e.j.w.WebAppContext@17f07fb1{ozoneManager,/,file:///home/runner/work/ozone/ozone/hadoop-ozone/integration-test/target/test-classes/webapps/ozoneManager/,AVAILABLE}{file:/home/runner/work/ozone/ozone/hadoop-ozone/integration-test/target/test-classes/webapps/ozoneManager}
2024-03-11 08:35:10,893 [main] INFO  server.AbstractConnector (AbstractConnector.java:doStart(333)) - Started ServerConnector@2bcd4f3d{HTTP/1.1, (http/1.1)}{0.0.0.0:15177}
2024-03-11 08:35:10,894 [main] INFO  server.Server (Server.java:doStart(415)) - Started @525664ms
2024-03-11 08:35:10,894 [main] WARN  impl.MetricsSystemImpl (MetricsSystemImpl.java:register(279)) - Sink prometheus already exists!
2024-03-11 08:35:10,894 [main] INFO  http.BaseHttpServer (BaseHttpServer.java:updateConnectorAddress(354)) - HTTP server of ozoneManager listening at http://0.0.0.0:15177
2024-03-11 08:35:10,894 [IPC Server Responder] INFO  ipc.Server (Server.java:run(1562)) - IPC Server Responder: starting
2024-03-11 08:35:10,895 [IPC Server listener on 15176] INFO  ipc.Server (Server.java:run(1402)) - IPC Server listener on 15176: starting
2024-03-11 08:35:10,896 [main] INFO  om.OzoneManager (OzoneManager.java:startTrashEmptier(2130)) - Trash Interval set to 0. Files deleted won't move to trash
2024-03-11 08:35:10,897 [main] INFO  ozone.MiniOzoneHAClusterImpl (MiniOzoneHAClusterImpl.java:createOMService(516)) - Started OzoneManager omNode-1 RPC server at localhost/127.0.0.1:15176
2024-03-11 08:35:10,898 [main] INFO  ha.OMHANodeDetails (OMHANodeDetails.java:loadOMHAConfig(121)) - ServiceID for OzoneManager is om-service-test1
2024-03-11 08:35:10,898 [main] INFO  ha.OMHANodeDetails (OMHANodeDetails.java:loadOMHAConfig(201)) - Found matching OM address with OMServiceId: om-service-test1, OMNodeId: omNode-2, RPC Address: localhost:15180 and Ratis port: 15183
2024-03-11 08:35:10,898 [main] INFO  ha.OMHANodeDetails (ConfUtils.java:setNodeSpecificConfigs(97)) - Setting configuration key ozone.om.http-address with value of key ozone.om.http-address.om-service-test1.omNode-2: 127.0.0.1:15181
2024-03-11 08:35:10,898 [main] INFO  ha.OMHANodeDetails (ConfUtils.java:setNodeSpecificConfigs(97)) - Setting configuration key ozone.om.https-address with value of key ozone.om.https-address.om-service-test1.omNode-2: 127.0.0.1:15182
2024-03-11 08:35:10,898 [main] INFO  ha.OMHANodeDetails (ConfUtils.java:setNodeSpecificConfigs(97)) - Setting configuration key ozone.om.address with value of key ozone.om.address.om-service-test1.omNode-2: 127.0.0.1:15180
2024-03-11 08:35:10,899 [main] WARN  server.ServerUtils (ServerUtils.java:getDBPath(299)) - ozone.om.db.dirs is not configured. We recommend adding this setting. Falling back to ozone.metadata.dirs instead.
2024-03-11 08:35:10,899 [main] INFO  proxy.SCMBlockLocationFailoverProxyProvider (SCMBlockLocationFailoverProxyProvider.java:<init>(115)) - Created block location fail-over proxy with 1 nodes: [nodeId=scmNodeId,nodeAddress=/0.0.0.0:15173]
OM initialization succeeded.Current cluster id for sd=/home/runner/work/ozone/ozone/hadoop-ozone/integration-test/target/test-dir/MiniOzoneClusterImpl-c7fe89f3-570b-44cc-9eba-475ffdeb33a6/omNode-2/om;cid=c7fe89f3-570b-44cc-9eba-475ffdeb33a6;layoutVersion=6
2024-03-11 08:35:10,904 [main] INFO  ha.OMHANodeDetails (OMHANodeDetails.java:loadOMHAConfig(121)) - ServiceID for OzoneManager is om-service-test1
2024-03-11 08:35:10,905 [main] INFO  ha.OMHANodeDetails (OMHANodeDetails.java:loadOMHAConfig(201)) - Found matching OM address with OMServiceId: om-service-test1, OMNodeId: omNode-2, RPC Address: localhost:15180 and Ratis port: 15183
2024-03-11 08:35:10,905 [main] INFO  ha.OMHANodeDetails (ConfUtils.java:setNodeSpecificConfigs(97)) - Setting configuration key ozone.om.http-address with value of key ozone.om.http-address.om-service-test1.omNode-2: 127.0.0.1:15181
2024-03-11 08:35:10,905 [main] INFO  ha.OMHANodeDetails (ConfUtils.java:setNodeSpecificConfigs(97)) - Setting configuration key ozone.om.https-address with value of key ozone.om.https-address.om-service-test1.omNode-2: 127.0.0.1:15182
2024-03-11 08:35:10,905 [main] INFO  ha.OMHANodeDetails (ConfUtils.java:setNodeSpecificConfigs(97)) - Setting configuration key ozone.om.address with value of key ozone.om.address.om-service-test1.omNode-2: 127.0.0.1:15180
2024-03-11 08:35:10,905 [main] WARN  server.ServerUtils (ServerUtils.java:getDBPath(299)) - ozone.om.db.dirs is not configured. We recommend adding this setting. Falling back to ozone.metadata.dirs instead.
2024-03-11 08:35:10,906 [main] INFO  upgrade.AbstractLayoutVersionManager (AbstractLayoutVersionManager.java:init(83)) - Initializing Layout version manager with metadata layout = QUOTA (version = 6), software layout = QUOTA (version = 6)
2024-03-11 08:35:10,943 [main] INFO  upgrade.OMLayoutVersionManager (OMLayoutVersionManager.java:lambda$0(113)) - Skipping Upgrade Action QuotaRepairUpgradeAction since it has been finalized.
2024-03-11 08:35:10,943 [main] INFO  upgrade.OMLayoutVersionManager (OMLayoutVersionManager.java:lambda$0(113)) - Skipping Upgrade Action MockOmUpgradeAction since it has been finalized.
2024-03-11 08:35:10,943 [main] WARN  server.ServerUtils (ServerUtils.java:getDBPath(299)) - ozone.om.db.dirs is not configured. We recommend adding this setting. Falling back to ozone.metadata.dirs instead.
2024-03-11 08:35:10,944 [main] INFO  proxy.SCMBlockLocationFailoverProxyProvider (SCMBlockLocationFailoverProxyProvider.java:<init>(115)) - Created block location fail-over proxy with 1 nodes: [nodeId=scmNodeId,nodeAddress=/0.0.0.0:15173]
2024-03-11 08:35:10,945 [main] INFO  proxy.SCMBlockLocationFailoverProxyProvider (SCMBlockLocationFailoverProxyProvider.java:<init>(115)) - Created block location fail-over proxy with 1 nodes: [nodeId=scmNodeId,nodeAddress=/0.0.0.0:15173]
2024-03-11 08:35:10,949 [main] INFO  om.OzoneManager (OzoneManager.java:<init>(679)) - OM start with adminUsers: [*, runner]
2024-03-11 08:35:10,949 [main] WARN  server.ServerUtils (ServerUtils.java:getDBPath(299)) - ozone.om.db.dirs is not configured. We recommend adding this setting. Falling back to ozone.metadata.dirs instead.
2024-03-11 08:35:10,949 [main] INFO  helpers.OmKeyInfo (OmKeyInfo.java:getCodec(71)) - OmKeyInfo.getCodec ignorePipeline = true
2024-03-11 08:35:11,099 [main] INFO  om.OzoneManager (OzoneManager.java:instantiateServices(811)) - S3 Multi-Tenancy is disabled
2024-03-11 08:35:11,099 [main] INFO  om.OmSnapshotManager (OmSnapshotManager.java:<init>(177)) - Ozone filesystem snapshot feature is enabled.
2024-03-11 08:35:11,099 [main] WARN  server.ServerUtils (ServerUtils.java:getDBPath(299)) - ozone.om.snapshot.diff.db.dir is not configured. We recommend adding this setting. Falling back to ozone.metadata.dirs instead.
2024-03-11 08:35:11,120 [main] INFO  utils.NativeLibraryLoader (NativeLibraryLoader.java:loadLibrary(108)) - Loading Library: ozone_rocksdb_tools
2024-03-11 08:35:11,120 [main] ERROR snapshot.SnapshotDiffManager (SnapshotDiffManager.java:initNativeLibraryForEfficientDiff(287)) - Native Library for raw sst file reading loading failed.
org.apache.hadoop.hdds.utils.NativeLibraryNotLoadedException: Unable to load library ozone_rocksdb_tools from both java.library.path & resource file libozone_rocksdb_tools.so from jar.
	at org.apache.hadoop.hdds.utils.db.managed.ManagedRawSSTFileReader.loadLibrary(ManagedRawSSTFileReader.java:38)
	at org.apache.hadoop.ozone.om.snapshot.SnapshotDiffManager.initNativeLibraryForEfficientDiff(SnapshotDiffManager.java:285)
	at org.apache.hadoop.ozone.om.snapshot.SnapshotDiffManager.<init>(SnapshotDiffManager.java:259)
	at org.apache.hadoop.ozone.om.OmSnapshotManager.<init>(OmSnapshotManager.java:279)
	at org.apache.hadoop.ozone.om.OzoneManager.instantiateServices(OzoneManager.java:863)
	at org.apache.hadoop.ozone.om.OzoneManager.<init>(OzoneManager.java:689)
	at org.apache.hadoop.ozone.om.OzoneManager.createOm(OzoneManager.java:774)
	at org.apache.hadoop.ozone.MiniOzoneHAClusterImpl$Builder.createOMService(MiniOzoneHAClusterImpl.java:509)
	at org.apache.hadoop.ozone.MiniOzoneHAClusterImpl$Builder.build(MiniOzoneHAClusterImpl.java:425)
	at org.apache.hadoop.ozone.om.TestOzoneManagerHA.init(TestOzoneManagerHA.java:182)
	at sun.reflect.NativeMethodAccessorImpl.invoke0(Native Method)
	at sun.reflect.NativeMethodAccessorImpl.invoke(NativeMethodAccessorImpl.java:62)
	at sun.reflect.DelegatingMethodAccessorImpl.invoke(DelegatingMethodAccessorImpl.java:43)
	at java.lang.reflect.Method.invoke(Method.java:498)
	at org.junit.platform.commons.util.ReflectionUtils.invokeMethod(ReflectionUtils.java:728)
	at org.junit.jupiter.engine.execution.MethodInvocation.proceed(MethodInvocation.java:60)
	at org.junit.jupiter.engine.execution.InvocationInterceptorChain$ValidatingInvocation.proceed(InvocationInterceptorChain.java:131)
	at org.junit.jupiter.engine.extension.TimeoutExtension.intercept(TimeoutExtension.java:156)
	at org.junit.jupiter.engine.extension.TimeoutExtension.interceptLifecycleMethod(TimeoutExtension.java:128)
	at org.junit.jupiter.engine.extension.TimeoutExtension.interceptBeforeAllMethod(TimeoutExtension.java:70)
	at org.junit.jupiter.engine.execution.InterceptingExecutableInvoker$ReflectiveInterceptorCall.lambda$ofVoidMethod$0(InterceptingExecutableInvoker.java:103)
	at org.junit.jupiter.engine.execution.InterceptingExecutableInvoker.lambda$invoke$0(InterceptingExecutableInvoker.java:93)
	at org.junit.jupiter.engine.execution.InvocationInterceptorChain$InterceptedInvocation.proceed(InvocationInterceptorChain.java:106)
	at org.junit.jupiter.engine.execution.InvocationInterceptorChain.proceed(InvocationInterceptorChain.java:64)
	at org.junit.jupiter.engine.execution.InvocationInterceptorChain.chainAndInvoke(InvocationInterceptorChain.java:45)
	at org.junit.jupiter.engine.execution.InvocationInterceptorChain.invoke(InvocationInterceptorChain.java:37)
	at org.junit.jupiter.engine.execution.InterceptingExecutableInvoker.invoke(InterceptingExecutableInvoker.java:92)
	at org.junit.jupiter.engine.execution.InterceptingExecutableInvoker.invoke(InterceptingExecutableInvoker.java:86)
	at org.junit.jupiter.engine.descriptor.ClassBasedTestDescriptor.lambda$invokeBeforeAllMethods$13(ClassBasedTestDescriptor.java:412)
	at org.junit.platform.engine.support.hierarchical.ThrowableCollector.execute(ThrowableCollector.java:73)
	at org.junit.jupiter.engine.descriptor.ClassBasedTestDescriptor.invokeBeforeAllMethods(ClassBasedTestDescriptor.java:410)
	at org.junit.jupiter.engine.descriptor.ClassBasedTestDescriptor.before(ClassBasedTestDescriptor.java:216)
	at org.junit.jupiter.engine.descriptor.ClassBasedTestDescriptor.before(ClassBasedTestDescriptor.java:85)
	at org.junit.platform.engine.support.hierarchical.NodeTestTask.lambda$executeRecursively$6(NodeTestTask.java:148)
	at org.junit.platform.engine.support.hierarchical.ThrowableCollector.execute(ThrowableCollector.java:73)
	at org.junit.platform.engine.support.hierarchical.NodeTestTask.lambda$executeRecursively$8(NodeTestTask.java:141)
	at org.junit.platform.engine.support.hierarchical.Node.around(Node.java:137)
	at org.junit.platform.engine.support.hierarchical.NodeTestTask.lambda$executeRecursively$9(NodeTestTask.java:139)
	at org.junit.platform.engine.support.hierarchical.ThrowableCollector.execute(ThrowableCollector.java:73)
	at org.junit.platform.engine.support.hierarchical.NodeTestTask.executeRecursively(NodeTestTask.java:138)
	at org.junit.platform.engine.support.hierarchical.NodeTestTask.execute(NodeTestTask.java:95)
	at java.util.ArrayList.forEach(ArrayList.java:1259)
	at org.junit.platform.engine.support.hierarchical.SameThreadHierarchicalTestExecutorService.invokeAll(SameThreadHierarchicalTestExecutorService.java:41)
	at org.junit.platform.engine.support.hierarchical.NodeTestTask.lambda$executeRecursively$6(NodeTestTask.java:155)
	at org.junit.platform.engine.support.hierarchical.ThrowableCollector.execute(ThrowableCollector.java:73)
	at org.junit.platform.engine.support.hierarchical.NodeTestTask.lambda$executeRecursively$8(NodeTestTask.java:141)
	at org.junit.platform.engine.support.hierarchical.Node.around(Node.java:137)
	at org.junit.platform.engine.support.hierarchical.NodeTestTask.lambda$executeRecursively$9(NodeTestTask.java:139)
	at org.junit.platform.engine.support.hierarchical.ThrowableCollector.execute(ThrowableCollector.java:73)
	at org.junit.platform.engine.support.hierarchical.NodeTestTask.executeRecursively(NodeTestTask.java:138)
	at org.junit.platform.engine.support.hierarchical.NodeTestTask.execute(NodeTestTask.java:95)
	at org.junit.platform.engine.support.hierarchical.SameThreadHierarchicalTestExecutorService.submit(SameThreadHierarchicalTestExecutorService.java:35)
	at org.junit.platform.engine.support.hierarchical.HierarchicalTestExecutor.execute(HierarchicalTestExecutor.java:57)
	at org.junit.platform.engine.support.hierarchical.HierarchicalTestEngine.execute(HierarchicalTestEngine.java:54)
	at org.junit.platform.launcher.core.EngineExecutionOrchestrator.execute(EngineExecutionOrchestrator.java:198)
	at org.junit.platform.launcher.core.EngineExecutionOrchestrator.execute(EngineExecutionOrchestrator.java:169)
	at org.junit.platform.launcher.core.EngineExecutionOrchestrator.execute(EngineExecutionOrchestrator.java:93)
	at org.junit.platform.launcher.core.EngineExecutionOrchestrator.lambda$execute$0(EngineExecutionOrchestrator.java:58)
	at org.junit.platform.launcher.core.EngineExecutionOrchestrator.withInterceptedStreams(EngineExecutionOrchestrator.java:141)
	at org.junit.platform.launcher.core.EngineExecutionOrchestrator.execute(EngineExecutionOrchestrator.java:57)
	at org.junit.platform.launcher.core.DefaultLauncher.execute(DefaultLauncher.java:103)
	at org.junit.platform.launcher.core.DefaultLauncher.execute(DefaultLauncher.java:85)
	at org.junit.platform.launcher.core.DelegatingLauncher.execute(DelegatingLauncher.java:47)
	at org.junit.platform.launcher.core.SessionPerRequestLauncher.execute(SessionPerRequestLauncher.java:63)
	at org.apache.maven.surefire.junitplatform.JUnitPlatformProvider.invokeAllTests(JUnitPlatformProvider.java:165)
	at org.apache.maven.surefire.junitplatform.JUnitPlatformProvider.invoke(JUnitPlatformProvider.java:124)
	at org.apache.maven.surefire.booter.ForkedBooter.runSuitesInProcess(ForkedBooter.java:428)
	at org.apache.maven.surefire.booter.ForkedBooter.execute(ForkedBooter.java:162)
	at org.apache.maven.surefire.booter.ForkedBooter.run(ForkedBooter.java:562)
	at org.apache.maven.surefire.booter.ForkedBooter.main(ForkedBooter.java:548)
2024-03-11 08:35:11,122 [main] INFO  om.OzoneManager (OzoneManager.java:addS3GVolumeToDB(4468)) - Created Volume s3v With Owner runner required for S3Gateway operations.
2024-03-11 08:35:11,123 [main] WARN  server.ServerUtils (ServerUtils.java:getDefaultRatisDirectory(311)) - Storage directory for Ratis is not configured. It is a good idea to map this to an SSD disk. Falling back to ozone.metadata.dirs
2024-03-11 08:35:11,123 [main] WARN  utils.OzoneManagerRatisUtils (OzoneManagerRatisUtils.java:getOMRatisSnapshotDirectory(476)) - ozone.om.ratis.snapshot.dir is not configured. Falling back to ozone.metadata.dirs config
2024-03-11 08:35:11,123 [main] INFO  utils.RDBSnapshotProvider (RDBSnapshotProvider.java:init(87)) - Cleaning up the candidate dir: /home/runner/work/ozone/ozone/hadoop-ozone/integration-test/target/test-dir/MiniOzoneClusterImpl-c7fe89f3-570b-44cc-9eba-475ffdeb33a6/omNode-2/snapshot/om.db.candidate
2024-03-11 08:35:11,123 [main] INFO  ratis_snapshot.OmRatisSnapshotProvider (OmRatisSnapshotProvider.java:<init>(99)) - Initializing OM Snapshot Provider
2024-03-11 08:35:11,124 [main] WARN  dropwizard3.Dm3MetricRegistriesImpl (Dm3MetricRegistriesImpl.java:addReporterRegistration(113)) - New reporters are added after registries were created. Some metrics will be missing from the reporter. Please add reporter before adding any new registry.
2024-03-11 08:35:11,124 [main] WARN  dropwizard3.Dm3MetricRegistriesImpl (Dm3MetricRegistriesImpl.java:addReporterRegistration(113)) - New reporters are added after registries were created. Some metrics will be missing from the reporter. Please add reporter before adding any new registry.
2024-03-11 08:35:11,125 [main] WARN  server.ServerUtils (ServerUtils.java:getDefaultRatisDirectory(311)) - Storage directory for Ratis is not configured. It is a good idea to map this to an SSD disk. Falling back to ozone.metadata.dirs
2024-03-11 08:35:11,125 [main] INFO  ratis.OzoneManagerRatisServer (OzoneManagerRatisServer.java:<init>(167)) - Instantiating OM Ratis server with groupID: om-service-test1 and peers: localhost:15183, localhost:15187, localhost:15179
2024-03-11 08:35:11,126 [main] INFO  ratis.OzoneManagerStateMachine (OzoneManagerStateMachine.java:loadSnapshotInfoFromDB(575)) - TransactionInfo not found in OM DB.
2024-03-11 08:35:11,126 [main] INFO  server.RaftServer (ConfUtils.java:logGet(46)) - raft.rpc.type = GRPC (default)
2024-03-11 08:35:11,126 [main] INFO  grpc.GrpcConfigKeys (ConfUtils.java:logFallback(53)) - raft.grpc.admin.host = null (fallback to raft.grpc.server.host)
2024-03-11 08:35:11,126 [main] INFO  grpc.GrpcConfigKeys (ConfUtils.java:logFallback(53)) - raft.grpc.admin.port = 15183 (fallback to raft.grpc.server.port)
2024-03-11 08:35:11,127 [main] INFO  grpc.GrpcConfigKeys (ConfUtils.java:logFallback(53)) - raft.grpc.client.host = null (fallback to raft.grpc.server.host)
2024-03-11 08:35:11,127 [main] INFO  grpc.GrpcConfigKeys (ConfUtils.java:logFallback(53)) - raft.grpc.client.port = 15183 (fallback to raft.grpc.server.port)
2024-03-11 08:35:11,127 [main] INFO  grpc.GrpcConfigKeys (ConfUtils.java:logGet(46)) - raft.grpc.server.host = null (default)
2024-03-11 08:35:11,127 [main] INFO  grpc.GrpcConfigKeys (ConfUtils.java:logGet(46)) - raft.grpc.server.port = 15183 (custom)
2024-03-11 08:35:11,127 [main] INFO  server.GrpcService (ConfUtils.java:logGet(46)) - raft.grpc.message.size.max = 4194304 (custom)
2024-03-11 08:35:11,127 [main] INFO  server.RaftServerConfigKeys (ConfUtils.java:logGet(46)) - raft.server.log.appender.buffer.byte-limit = 4194304 (custom)
2024-03-11 08:35:11,127 [main] INFO  server.GrpcService (ConfUtils.java:logGet(46)) - raft.grpc.flow.control.window = 1MB (=1048576) (default)
2024-03-11 08:35:11,128 [main] INFO  server.RaftServerConfigKeys (ConfUtils.java:logGet(46)) - raft.server.rpc.request.timeout = 3000ms (default)
2024-03-11 08:35:11,128 [main] INFO  grpc.GrpcConfigKeys (ConfUtils.java:logGet(46)) - raft.grpc.server.heartbeat.channel = true (default)
2024-03-11 08:35:11,128 [main] INFO  grpc.GrpcConfigKeys (ConfUtils.java:logGet(46)) - raft.grpc.server.async.request.thread.pool.cached = true (default)
2024-03-11 08:35:11,128 [main] INFO  grpc.GrpcConfigKeys (ConfUtils.java:logGet(46)) - raft.grpc.server.async.request.thread.pool.size = 32 (default)
2024-03-11 08:35:11,129 [main] INFO  impl.DataStreamServerImpl (ConfUtils.java:logGet(46)) - raft.datastream.type = DISABLED (default)
2024-03-11 08:35:11,129 [main] INFO  server.RaftServerConfigKeys (ConfUtils.java:logGet(46)) - raft.server.sleep.deviation.threshold = 300ms (default)
2024-03-11 08:35:11,130 [main] INFO  server.RaftServerConfigKeys (ConfUtils.java:logGet(46)) - raft.server.close.threshold = 60s (default)
2024-03-11 08:35:11,130 [main] INFO  server.RaftServerConfigKeys (ConfUtils.java:logGet(46)) - raft.server.leaderelection.leader.step-down.wait-time = 10s (default)
2024-03-11 08:35:11,130 [main] INFO  server.RaftServerConfigKeys (ConfUtils.java:logGet(46)) - raft.server.storage.dir = [/home/runner/work/ozone/ozone/hadoop-ozone/integration-test/target/test-dir/MiniOzoneClusterImpl-c7fe89f3-570b-44cc-9eba-475ffdeb33a6/omNode-2/ratis] (custom)
2024-03-11 08:35:11,130 [main] INFO  server.RaftServerConfigKeys (ConfUtils.java:logGet(46)) - raft.server.threadpool.proxy.cached = true (default)
2024-03-11 08:35:11,130 [main] INFO  server.RaftServerConfigKeys (ConfUtils.java:logGet(46)) - raft.server.threadpool.proxy.size = 0 (default)
2024-03-11 08:35:11,131 [main] INFO  server.RaftServer (RaftServerProxy.java:addNew(100)) - omNode-2: addNew group-523986131536:[omNode-3|localhost:15187, omNode-1|localhost:15179, omNode-2|localhost:15183] returns group-523986131536:java.util.concurrent.CompletableFuture@1a64d779[Not completed]
2024-03-11 08:35:11,131 [omNode-2-groupManagement] INFO  server.RaftServer$Division (RaftServerImpl.java:<init>(256)) - omNode-2: new RaftServerImpl for group-523986131536:[omNode-3|localhost:15187, omNode-1|localhost:15179, omNode-2|localhost:15183] with OzoneManagerStateMachine:uninitialized
2024-03-11 08:35:11,131 [main] INFO  om.OzoneManager (OzoneManager.java:initializeRatisServer(2177)) - OzoneManager Ratis server initialized at port 15183
2024-03-11 08:35:11,131 [omNode-2-groupManagement] INFO  server.RaftServerConfigKeys (ConfUtils.java:logGet(46)) - raft.server.rpc.timeout.min = 1s (custom)
2024-03-11 08:35:11,131 [main] INFO  om.OzoneManager (OzoneManager.java:getRpcServer(1231)) - Creating RPC Server
2024-03-11 08:35:11,131 [omNode-2-groupManagement] INFO  server.RaftServerConfigKeys (ConfUtils.java:logGet(46)) - raft.server.rpc.timeout.max = 1200ms (custom)
2024-03-11 08:35:11,131 [omNode-2-groupManagement] INFO  server.RaftServerConfigKeys (ConfUtils.java:logGet(46)) - raft.server.rpc.sleep.time = 25ms (default)
2024-03-11 08:35:11,131 [omNode-2-groupManagement] INFO  server.RaftServerConfigKeys (ConfUtils.java:logGet(46)) - raft.server.rpc.slowness.timeout = 2s (custom)
2024-03-11 08:35:11,131 [omNode-2-groupManagement] INFO  server.RaftServerConfigKeys (ConfUtils.java:logGet(46)) - raft.server.leaderelection.leader.step-down.wait-time = 10s (default)
2024-03-11 08:35:11,132 [omNode-2-groupManagement] INFO  server.RaftServerConfigKeys (ConfUtils.java:logGet(46)) - raft.server.leaderelection.member.majority-add = false (default)
2024-03-11 08:35:11,132 [omNode-2-groupManagement] INFO  server.RaftServerConfigKeys (ConfUtils.java:logGet(46)) - raft.server.sleep.deviation.threshold = 300ms (default)
2024-03-11 08:35:11,132 [omNode-2-groupManagement] INFO  server.RaftServer$Division (ServerState.java:<init>(113)) - omNode-2@group-523986131536: ConfigurationManager, init=-1: peers:[omNode-3|localhost:15187, omNode-1|localhost:15179, omNode-2|localhost:15183]|listeners:[], old=null, confs=<EMPTY_MAP>
2024-03-11 08:35:11,132 [omNode-2-groupManagement] INFO  server.RaftServerConfigKeys (ConfUtils.java:logGet(46)) - raft.server.notification.no-leader.timeout = 2s (custom)
2024-03-11 08:35:11,132 [omNode-2-groupManagement] INFO  server.RaftServerConfigKeys (ConfUtils.java:logGet(46)) - raft.server.read.timeout = 10s (default)
2024-03-11 08:35:11,132 [omNode-2-groupManagement] INFO  server.RaftServerConfigKeys (ConfUtils.java:logGet(46)) - raft.server.retrycache.expirytime = 30000ms (custom)
2024-03-11 08:35:11,132 [omNode-2-groupManagement] INFO  server.RaftServerConfigKeys (ConfUtils.java:logGet(46)) - raft.server.retrycache.statistics.expirytime = 100ms (default)
2024-03-11 08:35:11,132 [omNode-2-groupManagement] INFO  server.RaftServerConfigKeys (ConfUtils.java:logGet(46)) - raft.server.read.option = DEFAULT (default)
2024-03-11 08:35:11,132 [omNode-2-groupManagement] INFO  server.RaftServerConfigKeys (ConfUtils.java:logGet(46)) - raft.server.read.read-after-write-consistent.write-index-cache.expiry-time = 60s (default)
2024-03-11 08:35:11,133 [omNode-2-groupManagement] INFO  server.RaftServerConfigKeys (ConfUtils.java:logGet(46)) - raft.server.rpc.request.timeout = 3000ms (default)
2024-03-11 08:35:11,133 [omNode-2-groupManagement] INFO  server.RaftServerConfigKeys (ConfUtils.java:logGet(46)) - raft.server.log.appender.install.snapshot.enabled = false (custom)
2024-03-11 08:35:11,133 [omNode-2-groupManagement] INFO  server.RaftServerConfigKeys (ConfUtils.java:logGet(46)) - raft.server.threadpool.server.cached = true (default)
2024-03-11 08:35:11,133 [omNode-2-groupManagement] INFO  server.RaftServerConfigKeys (ConfUtils.java:logGet(46)) - raft.server.threadpool.server.size = 0 (default)
2024-03-11 08:35:11,133 [omNode-2-groupManagement] INFO  server.RaftServerConfigKeys (ConfUtils.java:logGet(46)) - raft.server.threadpool.client.cached = true (default)
2024-03-11 08:35:11,133 [omNode-2-groupManagement] INFO  server.RaftServerConfigKeys (ConfUtils.java:logGet(46)) - raft.server.threadpool.client.size = 0 (default)
2024-03-11 08:35:11,309 [main] INFO  ipc.CallQueueManager (CallQueueManager.java:<init>(90)) - Using callQueue: class java.util.concurrent.LinkedBlockingQueue, queueCapacity: 2000, scheduler: class org.apache.hadoop.ipc.DefaultRpcScheduler, ipcBackoff: false.
2024-03-11 08:35:11,310 [main] INFO  ipc.Server (Server.java:<init>(1287)) - Listener at 127.0.0.1:15180
2024-03-11 08:35:11,310 [Socket Reader #1 for port 15180] INFO  ipc.Server (Server.java:run(1323)) - Starting Socket Reader #1 for port 15180
2024-03-11 08:35:11,323 [main] INFO  impl.MetricsSystemImpl (MetricsSystemImpl.java:init(158)) - OzoneManager metrics system started (again)
2024-03-11 08:35:11,330 [main] INFO  om.OzoneManager (OzoneManager.java:start(1653)) - OzoneManager RPC server is listening at localhost/127.0.0.1:15180
2024-03-11 08:35:11,331 [main] INFO  ratis.OzoneManagerRatisServer (OzoneManagerRatisServer.java:start(588)) - Starting OzoneManagerRatisServer omNode-2 at port 15183
2024-03-11 08:35:11,331 [omNode-2-impl-thread1] INFO  server.RaftServerConfigKeys (ConfUtils.java:logGet(46)) - raft.server.storage.free-space.min = 0MB (=0) (default)
2024-03-11 08:35:11,331 [omNode-2-impl-thread1] INFO  server.RaftServerConfigKeys (ConfUtils.java:logGet(46)) - raft.server.log.corruption.policy = EXCEPTION (default)
2024-03-11 08:35:11,331 [omNode-2-impl-thread1] INFO  server.RaftServerConfigKeys (ConfUtils.java:logGet(46)) - raft.server.storage.dir = [/home/runner/work/ozone/ozone/hadoop-ozone/integration-test/target/test-dir/MiniOzoneClusterImpl-c7fe89f3-570b-44cc-9eba-475ffdeb33a6/omNode-2/ratis] (custom)
2024-03-11 08:35:11,331 [omNode-2-impl-thread1] INFO  storage.RaftStorageDirectory (RaftStorageDirectoryImpl.java:analyzeStorage(138)) - The storage directory /home/runner/work/ozone/ozone/hadoop-ozone/integration-test/target/test-dir/MiniOzoneClusterImpl-c7fe89f3-570b-44cc-9eba-475ffdeb33a6/omNode-2/ratis/c9bc4cf4-3bc3-3c60-a66b-523986131536 does not exist. Creating ...
2024-03-11 08:35:11,332 [omNode-2-impl-thread1] INFO  storage.RaftStorageDirectory (RaftStorageDirectoryImpl.java:tryLock(228)) - Lock on /home/runner/work/ozone/ozone/hadoop-ozone/integration-test/target/test-dir/MiniOzoneClusterImpl-c7fe89f3-570b-44cc-9eba-475ffdeb33a6/omNode-2/ratis/c9bc4cf4-3bc3-3c60-a66b-523986131536/in_use.lock acquired by nodename 48108@fv-az1250-130
2024-03-11 08:35:11,333 [omNode-2-impl-thread1] INFO  storage.RaftStorage (RaftStorageImpl.java:format(99)) - Storage directory /home/runner/work/ozone/ozone/hadoop-ozone/integration-test/target/test-dir/MiniOzoneClusterImpl-c7fe89f3-570b-44cc-9eba-475ffdeb33a6/omNode-2/ratis/c9bc4cf4-3bc3-3c60-a66b-523986131536 has been successfully formatted.
2024-03-11 08:35:11,333 [omNode-2-impl-thread1] WARN  util.FileUtils (LogUtils.java:supplyAndLog(63)) - Failed to Files.newInputStream /home/runner/work/ozone/ozone/hadoop-ozone/integration-test/target/test-dir/MiniOzoneClusterImpl-c7fe89f3-570b-44cc-9eba-475ffdeb33a6/omNode-2/ratis/c9bc4cf4-3bc3-3c60-a66b-523986131536/current/raft-meta.conf with options []: java.nio.file.NoSuchFileException: /home/runner/work/ozone/ozone/hadoop-ozone/integration-test/target/test-dir/MiniOzoneClusterImpl-c7fe89f3-570b-44cc-9eba-475ffdeb33a6/omNode-2/ratis/c9bc4cf4-3bc3-3c60-a66b-523986131536/current/raft-meta.conf
2024-03-11 08:35:11,334 [omNode-2-impl-thread1] INFO  server.RaftServerConfigKeys (ConfUtils.java:logGet(46)) - raft.server.log.use.memory = false (default)
2024-03-11 08:35:11,334 [omNode-2-impl-thread1] INFO  server.RaftServerConfigKeys (ConfUtils.java:logGet(46)) - raft.server.log.purge.gap = 50 (custom)
2024-03-11 08:35:11,334 [omNode-2-impl-thread1] INFO  server.RaftServerConfigKeys (ConfUtils.java:logGet(46)) - raft.server.log.appender.buffer.byte-limit = 4194304 (custom)
2024-03-11 08:35:11,334 [omNode-2-impl-thread1] INFO  server.RaftServerConfigKeys (ConfUtils.java:logGet(46)) - raft.server.log.statemachine.data.read.timeout = 1000ms (default)
2024-03-11 08:35:11,334 [omNode-2-impl-thread1] INFO  server.RaftServerConfigKeys (ConfUtils.java:logGet(46)) - raft.server.log.purge.preservation.log.num = 0 (default)
2024-03-11 08:35:11,334 [omNode-2-impl-thread1] INFO  server.RaftServerConfigKeys (ConfUtils.java:logGet(46)) - raft.server.log.segment.size.max = 4194304 (custom)
2024-03-11 08:35:11,335 [omNode-2-impl-thread1] INFO  server.RaftServerConfigKeys (ConfUtils.java:logGet(46)) - raft.server.log.segment.cache.num.max = 2 (custom)
2024-03-11 08:35:11,335 [omNode-2-impl-thread1] INFO  server.RaftServerConfigKeys (ConfUtils.java:logGet(46)) - raft.server.log.segment.cache.size.max = 200MB (=209715200) (default)
2024-03-11 08:35:11,335 [omNode-2-impl-thread1] INFO  server.RaftServerConfigKeys (ConfUtils.java:logGet(46)) - raft.server.log.appender.buffer.byte-limit = 4194304 (custom)
2024-03-11 08:35:11,335 [omNode-2-impl-thread1] INFO  util.AwaitToRun (AwaitToRun.java:start(81)) - Thread[omNode-2@group-523986131536-cacheEviction-AwaitToRun,5,main] started
2024-03-11 08:35:11,335 [omNode-2-impl-thread1] INFO  segmented.SegmentedRaftLogWorker (SegmentedRaftLogWorker.java:<init>(182)) - new omNode-2@group-523986131536-SegmentedRaftLogWorker for RaftStorageImpl:Storage Directory /home/runner/work/ozone/ozone/hadoop-ozone/integration-test/target/test-dir/MiniOzoneClusterImpl-c7fe89f3-570b-44cc-9eba-475ffdeb33a6/omNode-2/ratis/c9bc4cf4-3bc3-3c60-a66b-523986131536
2024-03-11 08:35:11,335 [omNode-2-impl-thread1] INFO  server.RaftServerConfigKeys (ConfUtils.java:logGet(46)) - raft.server.log.queue.byte-limit = 64MB (=67108864) (default)
2024-03-11 08:35:11,335 [omNode-2-impl-thread1] INFO  server.RaftServerConfigKeys (ConfUtils.java:logGet(46)) - raft.server.log.queue.element-limit = 4096 (default)
2024-03-11 08:35:11,335 [omNode-2-impl-thread1] INFO  server.RaftServerConfigKeys (ConfUtils.java:logGet(46)) - raft.server.log.segment.size.max = 4194304 (custom)
2024-03-11 08:35:11,335 [omNode-2-impl-thread1] INFO  server.RaftServerConfigKeys (ConfUtils.java:logGet(46)) - raft.server.log.preallocated.size = 4194304 (custom)
2024-03-11 08:35:11,335 [omNode-2-impl-thread1] INFO  server.RaftServerConfigKeys (ConfUtils.java:logGet(46)) - raft.server.log.force.sync.num = 128 (default)
2024-03-11 08:35:11,335 [omNode-2-impl-thread1] INFO  server.RaftServerConfigKeys (ConfUtils.java:logGet(46)) - raft.server.log.statemachine.data.sync = true (default)
2024-03-11 08:35:11,335 [omNode-2-impl-thread1] INFO  server.RaftServerConfigKeys (ConfUtils.java:logGet(46)) - raft.server.log.statemachine.data.sync.timeout = 10s (default)
2024-03-11 08:35:11,336 [omNode-2-impl-thread1] INFO  server.RaftServerConfigKeys (ConfUtils.java:logGet(46)) - raft.server.log.statemachine.data.sync.timeout.retry = -1 (default)
2024-03-11 08:35:11,336 [omNode-2-impl-thread1] INFO  server.RaftServerConfigKeys (ConfUtils.java:logGet(46)) - raft.server.log.write.buffer.size = 4194312 (custom)
2024-03-11 08:35:11,336 [omNode-2-impl-thread1] INFO  server.RaftServerConfigKeys (ConfUtils.java:logGet(46)) - raft.server.log.appender.buffer.byte-limit = 4194304 (custom)
2024-03-11 08:35:11,336 [omNode-2-impl-thread1] INFO  server.RaftServerConfigKeys (ConfUtils.java:logGet(46)) - raft.server.log.unsafe-flush.enabled = false (default)
2024-03-11 08:35:11,336 [omNode-2-impl-thread1] INFO  server.RaftServerConfigKeys (ConfUtils.java:logGet(46)) - raft.server.log.async-flush.enabled = false (default)
2024-03-11 08:35:11,336 [omNode-2-impl-thread1] INFO  server.RaftServerConfigKeys (ConfUtils.java:logGet(46)) - raft.server.log.statemachine.data.caching.enabled = false (default)
2024-03-11 08:35:11,336 [omNode-2-impl-thread1] INFO  segmented.SegmentedRaftLogWorker (SegmentedRaftLogWorker.java:lambda$new$0(134)) - omNode-2@group-523986131536-SegmentedRaftLogWorker: flushIndex: setUnconditionally 0 -> -1
2024-03-11 08:35:11,336 [omNode-2-impl-thread1] INFO  segmented.SegmentedRaftLogWorker (SegmentedRaftLogWorker.java:lambda$new$0(134)) - omNode-2@group-523986131536-SegmentedRaftLogWorker: safeCacheEvictIndex: setUnconditionally 0 -> -1
2024-03-11 08:35:11,337 [omNode-2-impl-thread1] INFO  server.RaftServer$Division (RaftServerImpl.java:start(396)) - omNode-2@group-523986131536: start as a follower, conf=-1: peers:[omNode-3|localhost:15187, omNode-1|localhost:15179, omNode-2|localhost:15183]|listeners:[], old=null
2024-03-11 08:35:11,337 [omNode-2-impl-thread1] INFO  server.RaftServer$Division (RaftServerImpl.java:setRole(383)) - omNode-2@group-523986131536: changes role from      null to FOLLOWER at term 0 for startAsFollower
2024-03-11 08:35:11,337 [omNode-2-impl-thread1] INFO  impl.RoleInfo (RoleInfo.java:updateAndGet(139)) - omNode-2: start omNode-2@group-523986131536-FollowerState
2024-03-11 08:35:11,337 [omNode-2-impl-thread1] INFO  util.JmxRegister (JmxRegister.java:tryRegister(44)) - Successfully registered JMX Bean with object name Ratis:service=RaftServer,group=group-523986131536,id=omNode-2
2024-03-11 08:35:11,337 [omNode-2@group-523986131536-FollowerState] INFO  server.RaftServerConfigKeys (ConfUtils.java:logFallback(53)) - raft.server.rpc.first-election.timeout.min = 1s (fallback to raft.server.rpc.timeout.min)
2024-03-11 08:35:11,337 [omNode-2-impl-thread1] INFO  server.RaftServerConfigKeys (ConfUtils.java:logGet(46)) - raft.server.snapshot.trigger-when-stop.enabled = true (default)
2024-03-11 08:35:11,337 [omNode-2@group-523986131536-FollowerState] INFO  server.RaftServerConfigKeys (ConfUtils.java:logFallback(53)) - raft.server.rpc.first-election.timeout.max = 1200ms (fallback to raft.server.rpc.timeout.max)
2024-03-11 08:35:11,337 [omNode-2-impl-thread1] INFO  server.RaftServerConfigKeys (ConfUtils.java:logGet(46)) - raft.server.snapshot.auto.trigger.enabled = true (custom)
2024-03-11 08:35:11,337 [omNode-2-impl-thread1] INFO  server.RaftServerConfigKeys (ConfUtils.java:logGet(46)) - raft.server.snapshot.auto.trigger.threshold = 50 (custom)
2024-03-11 08:35:11,337 [omNode-2-impl-thread1] INFO  server.RaftServerConfigKeys (ConfUtils.java:logGet(46)) - raft.server.snapshot.retention.file.num = -1 (default)
2024-03-11 08:35:11,337 [omNode-2-impl-thread1] INFO  server.RaftServerConfigKeys (ConfUtils.java:logGet(46)) - raft.server.log.purge.upto.snapshot.index = true (custom)
2024-03-11 08:35:11,338 [main] INFO  server.RaftServer (RaftServerProxy.java:startImpl(406)) - omNode-2: start RPC server
2024-03-11 08:35:11,338 [main] INFO  server.GrpcService (GrpcService.java:startImpl(302)) - omNode-2: GrpcService started, listening on 15183
2024-03-11 08:35:11,338 [JvmPauseMonitor51] INFO  util.JvmPauseMonitor (JvmPauseMonitor.java:run(146)) - JvmPauseMonitor-omNode-2: Started
2024-03-11 08:35:11,339 [main] INFO  om.OzoneManager (OzoneManager.java:start(1669)) - Version File has different layout version (6) than OM DB (null). That is expected if this OM has never been finalized to a newer layout version.
2024-03-11 08:35:11,344 [main] INFO  client.ScmTopologyClient (ScmTopologyClient.java:start(67)) - Initial network topology fetched from SCM: /.
2024-03-11 08:35:11,345 [main] INFO  net.NodeSchemaLoader (NodeSchemaLoader.java:loadSchemaFromFile(129)) - Loading schema from [jar:file:/home/runner/.m2/repository/org/apache/ozone/hdds-common/1.5.0-SNAPSHOT/hdds-common-1.5.0-SNAPSHOT.jar!/network-topology-default.xml]
2024-03-11 08:35:11,345 [main] INFO  net.NodeSchemaLoader (NodeSchemaLoader.java:loadSchema(176)) - Loading network topology layer schema file
2024-03-11 08:35:11,347 [main] INFO  http.BaseHttpServer (BaseHttpServer.java:newHttpServer2BuilderForOzone(223)) - Starting Web-server for ozoneManager at: http://0.0.0.0:15181
2024-03-11 08:35:11,347 [main] INFO  http.BaseHttpServer (BaseHttpServer.java:<init>(110)) - Hadoop Security Enabled: false Ozone Security Enabled: false Ozone HTTP Security Enabled: false 
2024-03-11 08:35:11,348 [main] WARN  server.AuthenticationFilter (AuthenticationFilter.java:constructSecretProvider(240)) - Unable to initialize FileSignerSecretProvider, falling back to use random secrets. Reason: Could not read signature secret file: /home/runner/hadoop-http-auth-signature-secret
2024-03-11 08:35:11,349 [main] INFO  http.HttpRequestLog (HttpRequestLog.java:getRequestLog(86)) - Http request log for http.requests.ozoneManager is not defined
2024-03-11 08:35:11,350 [main] INFO  http.HttpServer2 (HttpServer2.java:addGlobalFilter(1036)) - Added global filter 'safety' (class=org.apache.hadoop.hdds.server.http.HttpServer2$QuotingInputFilter)
2024-03-11 08:35:11,350 [main] INFO  http.HttpServer2 (HttpServer2.java:addFilter(1012)) - Added filter static_user_filter (class=org.apache.hadoop.http.lib.StaticUserWebFilter$StaticUserFilter) to context ozoneManager
2024-03-11 08:35:11,350 [main] INFO  http.HttpServer2 (HttpServer2.java:addFilter(1020)) - Added filter static_user_filter (class=org.apache.hadoop.http.lib.StaticUserWebFilter$StaticUserFilter) to context static
2024-03-11 08:35:11,350 [main] INFO  http.HttpServer2 (HttpServer2.java:addFilter(1020)) - Added filter static_user_filter (class=org.apache.hadoop.http.lib.StaticUserWebFilter$StaticUserFilter) to context logs
2024-03-11 08:35:11,351 [main] INFO  http.BaseHttpServer (BaseHttpServer.java:<init>(189)) - HTTP server of ozoneManager uses base directory /home/runner/work/ozone/ozone/hadoop-ozone/integration-test/target/test-dir/MiniOzoneClusterImpl-c7fe89f3-570b-44cc-9eba-475ffdeb33a6/omNode-2/webserver
2024-03-11 08:35:11,351 [main] INFO  http.HttpServer2 (HttpServer2.java:bindListener(1236)) - Jetty bound to port 15181
2024-03-11 08:35:11,351 [main] INFO  server.Server (Server.java:doStart(375)) - jetty-9.4.53.v20231009; built: 2023-10-09T12:29:09.265Z; git: 27bde00a0b95a1d5bbee0eae7984f891d2d0f8c9; jvm 1.8.0_402-b06
2024-03-11 08:35:11,352 [main] INFO  server.session (DefaultSessionIdManager.java:doStart(334)) - DefaultSessionIdManager workerName=node0
2024-03-11 08:35:11,352 [main] INFO  server.session (DefaultSessionIdManager.java:doStart(339)) - No SessionScavenger set, using defaults
2024-03-11 08:35:11,352 [main] INFO  server.session (HouseKeeper.java:startScavenging(132)) - node0 Scavenging every 660000ms
2024-03-11 08:35:11,352 [main] INFO  handler.ContextHandler (ContextHandler.java:doStart(921)) - Started o.e.j.s.ServletContextHandler@1af1b4aa{logs,/logs,file:///home/runner/work/ozone/ozone/hadoop-ozone/integration-test/target/log,AVAILABLE}
2024-03-11 08:35:11,353 [main] INFO  handler.ContextHandler (ContextHandler.java:doStart(921)) - Started o.e.j.s.ServletContextHandler@5545ca27{static,/static,file:///home/runner/work/ozone/ozone/hadoop-ozone/integration-test/target/test-classes/webapps/static,AVAILABLE}
2024-03-11 08:35:11,355 [main] INFO  handler.ContextHandler (ContextHandler.java:doStart(921)) - Started o.e.j.w.WebAppContext@f258d35{ozoneManager,/,file:///home/runner/work/ozone/ozone/hadoop-ozone/integration-test/target/test-classes/webapps/ozoneManager/,AVAILABLE}{file:/home/runner/work/ozone/ozone/hadoop-ozone/integration-test/target/test-classes/webapps/ozoneManager}
2024-03-11 08:35:11,355 [main] INFO  server.AbstractConnector (AbstractConnector.java:doStart(333)) - Started ServerConnector@782e86e5{HTTP/1.1, (http/1.1)}{0.0.0.0:15181}
2024-03-11 08:35:11,356 [main] INFO  server.Server (Server.java:doStart(415)) - Started @526126ms
2024-03-11 08:35:11,356 [main] WARN  impl.MetricsSystemImpl (MetricsSystemImpl.java:register(279)) - Sink prometheus already exists!
2024-03-11 08:35:11,356 [main] INFO  http.BaseHttpServer (BaseHttpServer.java:updateConnectorAddress(354)) - HTTP server of ozoneManager listening at http://0.0.0.0:15181
2024-03-11 08:35:11,356 [IPC Server Responder] INFO  ipc.Server (Server.java:run(1562)) - IPC Server Responder: starting
2024-03-11 08:35:11,356 [IPC Server listener on 15180] INFO  ipc.Server (Server.java:run(1402)) - IPC Server listener on 15180: starting
2024-03-11 08:35:11,359 [main] INFO  om.OzoneManager (OzoneManager.java:startTrashEmptier(2130)) - Trash Interval set to 0. Files deleted won't move to trash
2024-03-11 08:35:11,359 [main] INFO  ozone.MiniOzoneHAClusterImpl (MiniOzoneHAClusterImpl.java:createOMService(516)) - Started OzoneManager omNode-2 RPC server at localhost/127.0.0.1:15180
2024-03-11 08:35:11,360 [main] INFO  ha.OMHANodeDetails (OMHANodeDetails.java:loadOMHAConfig(121)) - ServiceID for OzoneManager is om-service-test1
2024-03-11 08:35:11,360 [main] INFO  ha.OMHANodeDetails (OMHANodeDetails.java:loadOMHAConfig(201)) - Found matching OM address with OMServiceId: om-service-test1, OMNodeId: omNode-3, RPC Address: localhost:15184 and Ratis port: 15187
2024-03-11 08:35:11,361 [main] INFO  ha.OMHANodeDetails (ConfUtils.java:setNodeSpecificConfigs(97)) - Setting configuration key ozone.om.http-address with value of key ozone.om.http-address.om-service-test1.omNode-3: 127.0.0.1:15185
2024-03-11 08:35:11,361 [main] INFO  ha.OMHANodeDetails (ConfUtils.java:setNodeSpecificConfigs(97)) - Setting configuration key ozone.om.https-address with value of key ozone.om.https-address.om-service-test1.omNode-3: 127.0.0.1:15186
2024-03-11 08:35:11,361 [main] INFO  ha.OMHANodeDetails (ConfUtils.java:setNodeSpecificConfigs(97)) - Setting configuration key ozone.om.address with value of key ozone.om.address.om-service-test1.omNode-3: 127.0.0.1:15184
2024-03-11 08:35:11,361 [main] WARN  server.ServerUtils (ServerUtils.java:getDBPath(299)) - ozone.om.db.dirs is not configured. We recommend adding this setting. Falling back to ozone.metadata.dirs instead.
2024-03-11 08:35:11,362 [main] INFO  proxy.SCMBlockLocationFailoverProxyProvider (SCMBlockLocationFailoverProxyProvider.java:<init>(115)) - Created block location fail-over proxy with 1 nodes: [nodeId=scmNodeId,nodeAddress=/0.0.0.0:15173]
OM initialization succeeded.Current cluster id for sd=/home/runner/work/ozone/ozone/hadoop-ozone/integration-test/target/test-dir/MiniOzoneClusterImpl-c7fe89f3-570b-44cc-9eba-475ffdeb33a6/omNode-3/om;cid=c7fe89f3-570b-44cc-9eba-475ffdeb33a6;layoutVersion=6
2024-03-11 08:35:11,367 [main] INFO  ha.OMHANodeDetails (OMHANodeDetails.java:loadOMHAConfig(121)) - ServiceID for OzoneManager is om-service-test1
2024-03-11 08:35:11,367 [main] INFO  ha.OMHANodeDetails (OMHANodeDetails.java:loadOMHAConfig(201)) - Found matching OM address with OMServiceId: om-service-test1, OMNodeId: omNode-3, RPC Address: localhost:15184 and Ratis port: 15187
2024-03-11 08:35:11,367 [main] INFO  ha.OMHANodeDetails (ConfUtils.java:setNodeSpecificConfigs(97)) - Setting configuration key ozone.om.http-address with value of key ozone.om.http-address.om-service-test1.omNode-3: 127.0.0.1:15185
2024-03-11 08:35:11,367 [main] INFO  ha.OMHANodeDetails (ConfUtils.java:setNodeSpecificConfigs(97)) - Setting configuration key ozone.om.https-address with value of key ozone.om.https-address.om-service-test1.omNode-3: 127.0.0.1:15186
2024-03-11 08:35:11,367 [main] INFO  ha.OMHANodeDetails (ConfUtils.java:setNodeSpecificConfigs(97)) - Setting configuration key ozone.om.address with value of key ozone.om.address.om-service-test1.omNode-3: 127.0.0.1:15184
2024-03-11 08:35:11,367 [main] WARN  server.ServerUtils (ServerUtils.java:getDBPath(299)) - ozone.om.db.dirs is not configured. We recommend adding this setting. Falling back to ozone.metadata.dirs instead.
2024-03-11 08:35:11,368 [main] INFO  upgrade.AbstractLayoutVersionManager (AbstractLayoutVersionManager.java:init(83)) - Initializing Layout version manager with metadata layout = QUOTA (version = 6), software layout = QUOTA (version = 6)
2024-03-11 08:35:11,405 [main] INFO  upgrade.OMLayoutVersionManager (OMLayoutVersionManager.java:lambda$0(113)) - Skipping Upgrade Action QuotaRepairUpgradeAction since it has been finalized.
2024-03-11 08:35:11,405 [main] INFO  upgrade.OMLayoutVersionManager (OMLayoutVersionManager.java:lambda$0(113)) - Skipping Upgrade Action MockOmUpgradeAction since it has been finalized.
2024-03-11 08:35:11,405 [main] WARN  server.ServerUtils (ServerUtils.java:getDBPath(299)) - ozone.om.db.dirs is not configured. We recommend adding this setting. Falling back to ozone.metadata.dirs instead.
2024-03-11 08:35:11,406 [main] INFO  proxy.SCMBlockLocationFailoverProxyProvider (SCMBlockLocationFailoverProxyProvider.java:<init>(115)) - Created block location fail-over proxy with 1 nodes: [nodeId=scmNodeId,nodeAddress=/0.0.0.0:15173]
2024-03-11 08:35:11,407 [main] INFO  proxy.SCMBlockLocationFailoverProxyProvider (SCMBlockLocationFailoverProxyProvider.java:<init>(115)) - Created block location fail-over proxy with 1 nodes: [nodeId=scmNodeId,nodeAddress=/0.0.0.0:15173]
2024-03-11 08:35:11,411 [main] INFO  om.OzoneManager (OzoneManager.java:<init>(679)) - OM start with adminUsers: [*, runner]
2024-03-11 08:35:11,411 [main] WARN  server.ServerUtils (ServerUtils.java:getDBPath(299)) - ozone.om.db.dirs is not configured. We recommend adding this setting. Falling back to ozone.metadata.dirs instead.
2024-03-11 08:35:11,412 [main] INFO  helpers.OmKeyInfo (OmKeyInfo.java:getCodec(71)) - OmKeyInfo.getCodec ignorePipeline = true
2024-03-11 08:35:11,566 [main] INFO  om.OzoneManager (OzoneManager.java:instantiateServices(811)) - S3 Multi-Tenancy is disabled
2024-03-11 08:35:11,567 [main] INFO  om.OmSnapshotManager (OmSnapshotManager.java:<init>(177)) - Ozone filesystem snapshot feature is enabled.
2024-03-11 08:35:11,567 [main] WARN  server.ServerUtils (ServerUtils.java:getDBPath(299)) - ozone.om.snapshot.diff.db.dir is not configured. We recommend adding this setting. Falling back to ozone.metadata.dirs instead.
2024-03-11 08:35:11,593 [main] INFO  utils.NativeLibraryLoader (NativeLibraryLoader.java:loadLibrary(108)) - Loading Library: ozone_rocksdb_tools
2024-03-11 08:35:11,593 [main] ERROR snapshot.SnapshotDiffManager (SnapshotDiffManager.java:initNativeLibraryForEfficientDiff(287)) - Native Library for raw sst file reading loading failed.
org.apache.hadoop.hdds.utils.NativeLibraryNotLoadedException: Unable to load library ozone_rocksdb_tools from both java.library.path & resource file libozone_rocksdb_tools.so from jar.
	at org.apache.hadoop.hdds.utils.db.managed.ManagedRawSSTFileReader.loadLibrary(ManagedRawSSTFileReader.java:38)
	at org.apache.hadoop.ozone.om.snapshot.SnapshotDiffManager.initNativeLibraryForEfficientDiff(SnapshotDiffManager.java:285)
	at org.apache.hadoop.ozone.om.snapshot.SnapshotDiffManager.<init>(SnapshotDiffManager.java:259)
	at org.apache.hadoop.ozone.om.OmSnapshotManager.<init>(OmSnapshotManager.java:279)
	at org.apache.hadoop.ozone.om.OzoneManager.instantiateServices(OzoneManager.java:863)
	at org.apache.hadoop.ozone.om.OzoneManager.<init>(OzoneManager.java:689)
	at org.apache.hadoop.ozone.om.OzoneManager.createOm(OzoneManager.java:774)
	at org.apache.hadoop.ozone.MiniOzoneHAClusterImpl$Builder.createOMService(MiniOzoneHAClusterImpl.java:509)
	at org.apache.hadoop.ozone.MiniOzoneHAClusterImpl$Builder.build(MiniOzoneHAClusterImpl.java:425)
	at org.apache.hadoop.ozone.om.TestOzoneManagerHA.init(TestOzoneManagerHA.java:182)
	at sun.reflect.NativeMethodAccessorImpl.invoke0(Native Method)
	at sun.reflect.NativeMethodAccessorImpl.invoke(NativeMethodAccessorImpl.java:62)
	at sun.reflect.DelegatingMethodAccessorImpl.invoke(DelegatingMethodAccessorImpl.java:43)
	at java.lang.reflect.Method.invoke(Method.java:498)
	at org.junit.platform.commons.util.ReflectionUtils.invokeMethod(ReflectionUtils.java:728)
	at org.junit.jupiter.engine.execution.MethodInvocation.proceed(MethodInvocation.java:60)
	at org.junit.jupiter.engine.execution.InvocationInterceptorChain$ValidatingInvocation.proceed(InvocationInterceptorChain.java:131)
	at org.junit.jupiter.engine.extension.TimeoutExtension.intercept(TimeoutExtension.java:156)
	at org.junit.jupiter.engine.extension.TimeoutExtension.interceptLifecycleMethod(TimeoutExtension.java:128)
	at org.junit.jupiter.engine.extension.TimeoutExtension.interceptBeforeAllMethod(TimeoutExtension.java:70)
	at org.junit.jupiter.engine.execution.InterceptingExecutableInvoker$ReflectiveInterceptorCall.lambda$ofVoidMethod$0(InterceptingExecutableInvoker.java:103)
	at org.junit.jupiter.engine.execution.InterceptingExecutableInvoker.lambda$invoke$0(InterceptingExecutableInvoker.java:93)
	at org.junit.jupiter.engine.execution.InvocationInterceptorChain$InterceptedInvocation.proceed(InvocationInterceptorChain.java:106)
	at org.junit.jupiter.engine.execution.InvocationInterceptorChain.proceed(InvocationInterceptorChain.java:64)
	at org.junit.jupiter.engine.execution.InvocationInterceptorChain.chainAndInvoke(InvocationInterceptorChain.java:45)
	at org.junit.jupiter.engine.execution.InvocationInterceptorChain.invoke(InvocationInterceptorChain.java:37)
	at org.junit.jupiter.engine.execution.InterceptingExecutableInvoker.invoke(InterceptingExecutableInvoker.java:92)
	at org.junit.jupiter.engine.execution.InterceptingExecutableInvoker.invoke(InterceptingExecutableInvoker.java:86)
	at org.junit.jupiter.engine.descriptor.ClassBasedTestDescriptor.lambda$invokeBeforeAllMethods$13(ClassBasedTestDescriptor.java:412)
	at org.junit.platform.engine.support.hierarchical.ThrowableCollector.execute(ThrowableCollector.java:73)
	at org.junit.jupiter.engine.descriptor.ClassBasedTestDescriptor.invokeBeforeAllMethods(ClassBasedTestDescriptor.java:410)
	at org.junit.jupiter.engine.descriptor.ClassBasedTestDescriptor.before(ClassBasedTestDescriptor.java:216)
	at org.junit.jupiter.engine.descriptor.ClassBasedTestDescriptor.before(ClassBasedTestDescriptor.java:85)
	at org.junit.platform.engine.support.hierarchical.NodeTestTask.lambda$executeRecursively$6(NodeTestTask.java:148)
	at org.junit.platform.engine.support.hierarchical.ThrowableCollector.execute(ThrowableCollector.java:73)
	at org.junit.platform.engine.support.hierarchical.NodeTestTask.lambda$executeRecursively$8(NodeTestTask.java:141)
	at org.junit.platform.engine.support.hierarchical.Node.around(Node.java:137)
	at org.junit.platform.engine.support.hierarchical.NodeTestTask.lambda$executeRecursively$9(NodeTestTask.java:139)
	at org.junit.platform.engine.support.hierarchical.ThrowableCollector.execute(ThrowableCollector.java:73)
	at org.junit.platform.engine.support.hierarchical.NodeTestTask.executeRecursively(NodeTestTask.java:138)
	at org.junit.platform.engine.support.hierarchical.NodeTestTask.execute(NodeTestTask.java:95)
	at java.util.ArrayList.forEach(ArrayList.java:1259)
	at org.junit.platform.engine.support.hierarchical.SameThreadHierarchicalTestExecutorService.invokeAll(SameThreadHierarchicalTestExecutorService.java:41)
	at org.junit.platform.engine.support.hierarchical.NodeTestTask.lambda$executeRecursively$6(NodeTestTask.java:155)
	at org.junit.platform.engine.support.hierarchical.ThrowableCollector.execute(ThrowableCollector.java:73)
	at org.junit.platform.engine.support.hierarchical.NodeTestTask.lambda$executeRecursively$8(NodeTestTask.java:141)
	at org.junit.platform.engine.support.hierarchical.Node.around(Node.java:137)
	at org.junit.platform.engine.support.hierarchical.NodeTestTask.lambda$executeRecursively$9(NodeTestTask.java:139)
	at org.junit.platform.engine.support.hierarchical.ThrowableCollector.execute(ThrowableCollector.java:73)
	at org.junit.platform.engine.support.hierarchical.NodeTestTask.executeRecursively(NodeTestTask.java:138)
	at org.junit.platform.engine.support.hierarchical.NodeTestTask.execute(NodeTestTask.java:95)
	at org.junit.platform.engine.support.hierarchical.SameThreadHierarchicalTestExecutorService.submit(SameThreadHierarchicalTestExecutorService.java:35)
	at org.junit.platform.engine.support.hierarchical.HierarchicalTestExecutor.execute(HierarchicalTestExecutor.java:57)
	at org.junit.platform.engine.support.hierarchical.HierarchicalTestEngine.execute(HierarchicalTestEngine.java:54)
	at org.junit.platform.launcher.core.EngineExecutionOrchestrator.execute(EngineExecutionOrchestrator.java:198)
	at org.junit.platform.launcher.core.EngineExecutionOrchestrator.execute(EngineExecutionOrchestrator.java:169)
	at org.junit.platform.launcher.core.EngineExecutionOrchestrator.execute(EngineExecutionOrchestrator.java:93)
	at org.junit.platform.launcher.core.EngineExecutionOrchestrator.lambda$execute$0(EngineExecutionOrchestrator.java:58)
	at org.junit.platform.launcher.core.EngineExecutionOrchestrator.withInterceptedStreams(EngineExecutionOrchestrator.java:141)
	at org.junit.platform.launcher.core.EngineExecutionOrchestrator.execute(EngineExecutionOrchestrator.java:57)
	at org.junit.platform.launcher.core.DefaultLauncher.execute(DefaultLauncher.java:103)
	at org.junit.platform.launcher.core.DefaultLauncher.execute(DefaultLauncher.java:85)
	at org.junit.platform.launcher.core.DelegatingLauncher.execute(DelegatingLauncher.java:47)
	at org.junit.platform.launcher.core.SessionPerRequestLauncher.execute(SessionPerRequestLauncher.java:63)
	at org.apache.maven.surefire.junitplatform.JUnitPlatformProvider.invokeAllTests(JUnitPlatformProvider.java:165)
	at org.apache.maven.surefire.junitplatform.JUnitPlatformProvider.invoke(JUnitPlatformProvider.java:124)
	at org.apache.maven.surefire.booter.ForkedBooter.runSuitesInProcess(ForkedBooter.java:428)
	at org.apache.maven.surefire.booter.ForkedBooter.execute(ForkedBooter.java:162)
	at org.apache.maven.surefire.booter.ForkedBooter.run(ForkedBooter.java:562)
	at org.apache.maven.surefire.booter.ForkedBooter.main(ForkedBooter.java:548)
2024-03-11 08:35:11,595 [main] INFO  om.OzoneManager (OzoneManager.java:addS3GVolumeToDB(4468)) - Created Volume s3v With Owner runner required for S3Gateway operations.
2024-03-11 08:35:11,596 [main] WARN  server.ServerUtils (ServerUtils.java:getDefaultRatisDirectory(311)) - Storage directory for Ratis is not configured. It is a good idea to map this to an SSD disk. Falling back to ozone.metadata.dirs
2024-03-11 08:35:11,596 [main] WARN  utils.OzoneManagerRatisUtils (OzoneManagerRatisUtils.java:getOMRatisSnapshotDirectory(476)) - ozone.om.ratis.snapshot.dir is not configured. Falling back to ozone.metadata.dirs config
2024-03-11 08:35:11,596 [main] INFO  utils.RDBSnapshotProvider (RDBSnapshotProvider.java:init(87)) - Cleaning up the candidate dir: /home/runner/work/ozone/ozone/hadoop-ozone/integration-test/target/test-dir/MiniOzoneClusterImpl-c7fe89f3-570b-44cc-9eba-475ffdeb33a6/omNode-3/snapshot/om.db.candidate
2024-03-11 08:35:11,596 [main] INFO  ratis_snapshot.OmRatisSnapshotProvider (OmRatisSnapshotProvider.java:<init>(99)) - Initializing OM Snapshot Provider
2024-03-11 08:35:11,598 [main] WARN  dropwizard3.Dm3MetricRegistriesImpl (Dm3MetricRegistriesImpl.java:addReporterRegistration(113)) - New reporters are added after registries were created. Some metrics will be missing from the reporter. Please add reporter before adding any new registry.
2024-03-11 08:35:11,598 [main] WARN  dropwizard3.Dm3MetricRegistriesImpl (Dm3MetricRegistriesImpl.java:addReporterRegistration(113)) - New reporters are added after registries were created. Some metrics will be missing from the reporter. Please add reporter before adding any new registry.
2024-03-11 08:35:11,598 [main] WARN  server.ServerUtils (ServerUtils.java:getDefaultRatisDirectory(311)) - Storage directory for Ratis is not configured. It is a good idea to map this to an SSD disk. Falling back to ozone.metadata.dirs
2024-03-11 08:35:11,599 [main] INFO  ratis.OzoneManagerRatisServer (OzoneManagerRatisServer.java:<init>(167)) - Instantiating OM Ratis server with groupID: om-service-test1 and peers: localhost:15187, localhost:15179, localhost:15183
2024-03-11 08:35:11,600 [main] INFO  ratis.OzoneManagerStateMachine (OzoneManagerStateMachine.java:loadSnapshotInfoFromDB(575)) - TransactionInfo not found in OM DB.
2024-03-11 08:35:11,600 [main] INFO  server.RaftServer (ConfUtils.java:logGet(46)) - raft.rpc.type = GRPC (default)
2024-03-11 08:35:11,600 [main] INFO  grpc.GrpcConfigKeys (ConfUtils.java:logFallback(53)) - raft.grpc.admin.host = null (fallback to raft.grpc.server.host)
2024-03-11 08:35:11,600 [main] INFO  grpc.GrpcConfigKeys (ConfUtils.java:logFallback(53)) - raft.grpc.admin.port = 15187 (fallback to raft.grpc.server.port)
2024-03-11 08:35:11,601 [main] INFO  grpc.GrpcConfigKeys (ConfUtils.java:logFallback(53)) - raft.grpc.client.host = null (fallback to raft.grpc.server.host)
2024-03-11 08:35:11,601 [main] INFO  grpc.GrpcConfigKeys (ConfUtils.java:logFallback(53)) - raft.grpc.client.port = 15187 (fallback to raft.grpc.server.port)
2024-03-11 08:35:11,601 [main] INFO  grpc.GrpcConfigKeys (ConfUtils.java:logGet(46)) - raft.grpc.server.host = null (default)
2024-03-11 08:35:11,601 [main] INFO  grpc.GrpcConfigKeys (ConfUtils.java:logGet(46)) - raft.grpc.server.port = 15187 (custom)
2024-03-11 08:35:11,601 [main] INFO  server.GrpcService (ConfUtils.java:logGet(46)) - raft.grpc.message.size.max = 4194304 (custom)
2024-03-11 08:35:11,601 [main] INFO  server.RaftServerConfigKeys (ConfUtils.java:logGet(46)) - raft.server.log.appender.buffer.byte-limit = 4194304 (custom)
2024-03-11 08:35:11,602 [main] INFO  server.GrpcService (ConfUtils.java:logGet(46)) - raft.grpc.flow.control.window = 1MB (=1048576) (default)
2024-03-11 08:35:11,602 [main] INFO  server.RaftServerConfigKeys (ConfUtils.java:logGet(46)) - raft.server.rpc.request.timeout = 3000ms (default)
2024-03-11 08:35:11,602 [main] INFO  grpc.GrpcConfigKeys (ConfUtils.java:logGet(46)) - raft.grpc.server.heartbeat.channel = true (default)
2024-03-11 08:35:11,602 [main] INFO  grpc.GrpcConfigKeys (ConfUtils.java:logGet(46)) - raft.grpc.server.async.request.thread.pool.cached = true (default)
2024-03-11 08:35:11,602 [main] INFO  grpc.GrpcConfigKeys (ConfUtils.java:logGet(46)) - raft.grpc.server.async.request.thread.pool.size = 32 (default)
2024-03-11 08:35:11,603 [main] INFO  impl.DataStreamServerImpl (ConfUtils.java:logGet(46)) - raft.datastream.type = DISABLED (default)
2024-03-11 08:35:11,603 [main] INFO  server.RaftServerConfigKeys (ConfUtils.java:logGet(46)) - raft.server.sleep.deviation.threshold = 300ms (default)
2024-03-11 08:35:11,604 [main] INFO  server.RaftServerConfigKeys (ConfUtils.java:logGet(46)) - raft.server.close.threshold = 60s (default)
2024-03-11 08:35:11,604 [main] INFO  server.RaftServerConfigKeys (ConfUtils.java:logGet(46)) - raft.server.leaderelection.leader.step-down.wait-time = 10s (default)
2024-03-11 08:35:11,604 [main] INFO  server.RaftServerConfigKeys (ConfUtils.java:logGet(46)) - raft.server.storage.dir = [/home/runner/work/ozone/ozone/hadoop-ozone/integration-test/target/test-dir/MiniOzoneClusterImpl-c7fe89f3-570b-44cc-9eba-475ffdeb33a6/omNode-3/ratis] (custom)
2024-03-11 08:35:11,604 [main] INFO  server.RaftServerConfigKeys (ConfUtils.java:logGet(46)) - raft.server.threadpool.proxy.cached = true (default)
2024-03-11 08:35:11,604 [main] INFO  server.RaftServerConfigKeys (ConfUtils.java:logGet(46)) - raft.server.threadpool.proxy.size = 0 (default)
2024-03-11 08:35:11,605 [main] INFO  server.RaftServer (RaftServerProxy.java:addNew(100)) - omNode-3: addNew group-523986131536:[omNode-3|localhost:15187, omNode-1|localhost:15179, omNode-2|localhost:15183] returns group-523986131536:java.util.concurrent.CompletableFuture@23aee2fe[Not completed]
2024-03-11 08:35:11,605 [omNode-3-groupManagement] INFO  server.RaftServer$Division (RaftServerImpl.java:<init>(256)) - omNode-3: new RaftServerImpl for group-523986131536:[omNode-3|localhost:15187, omNode-1|localhost:15179, omNode-2|localhost:15183] with OzoneManagerStateMachine:uninitialized
2024-03-11 08:35:11,605 [omNode-3-groupManagement] INFO  server.RaftServerConfigKeys (ConfUtils.java:logGet(46)) - raft.server.rpc.timeout.min = 1s (custom)
2024-03-11 08:35:11,605 [omNode-3-groupManagement] INFO  server.RaftServerConfigKeys (ConfUtils.java:logGet(46)) - raft.server.rpc.timeout.max = 1200ms (custom)
2024-03-11 08:35:11,605 [omNode-3-groupManagement] INFO  server.RaftServerConfigKeys (ConfUtils.java:logGet(46)) - raft.server.rpc.sleep.time = 25ms (default)
2024-03-11 08:35:11,605 [omNode-3-groupManagement] INFO  server.RaftServerConfigKeys (ConfUtils.java:logGet(46)) - raft.server.rpc.slowness.timeout = 2s (custom)
2024-03-11 08:35:11,605 [omNode-3-groupManagement] INFO  server.RaftServerConfigKeys (ConfUtils.java:logGet(46)) - raft.server.leaderelection.leader.step-down.wait-time = 10s (default)
2024-03-11 08:35:11,605 [omNode-3-groupManagement] INFO  server.RaftServerConfigKeys (ConfUtils.java:logGet(46)) - raft.server.leaderelection.member.majority-add = false (default)
2024-03-11 08:35:11,605 [omNode-3-groupManagement] INFO  server.RaftServerConfigKeys (ConfUtils.java:logGet(46)) - raft.server.sleep.deviation.threshold = 300ms (default)
2024-03-11 08:35:11,605 [omNode-3-groupManagement] INFO  server.RaftServer$Division (ServerState.java:<init>(113)) - omNode-3@group-523986131536: ConfigurationManager, init=-1: peers:[omNode-3|localhost:15187, omNode-1|localhost:15179, omNode-2|localhost:15183]|listeners:[], old=null, confs=<EMPTY_MAP>
2024-03-11 08:35:11,605 [omNode-3-groupManagement] INFO  server.RaftServerConfigKeys (ConfUtils.java:logGet(46)) - raft.server.notification.no-leader.timeout = 2s (custom)
2024-03-11 08:35:11,605 [omNode-3-groupManagement] INFO  server.RaftServerConfigKeys (ConfUtils.java:logGet(46)) - raft.server.read.timeout = 10s (default)
2024-03-11 08:35:11,605 [omNode-3-groupManagement] INFO  server.RaftServerConfigKeys (ConfUtils.java:logGet(46)) - raft.server.retrycache.expirytime = 30000ms (custom)
2024-03-11 08:35:11,605 [omNode-3-groupManagement] INFO  server.RaftServerConfigKeys (ConfUtils.java:logGet(46)) - raft.server.retrycache.statistics.expirytime = 100ms (default)
2024-03-11 08:35:11,605 [omNode-3-groupManagement] INFO  server.RaftServerConfigKeys (ConfUtils.java:logGet(46)) - raft.server.read.option = DEFAULT (default)
2024-03-11 08:35:11,606 [omNode-3-groupManagement] INFO  server.RaftServerConfigKeys (ConfUtils.java:logGet(46)) - raft.server.read.read-after-write-consistent.write-index-cache.expiry-time = 60s (default)
2024-03-11 08:35:11,606 [omNode-3-groupManagement] INFO  server.RaftServerConfigKeys (ConfUtils.java:logGet(46)) - raft.server.rpc.request.timeout = 3000ms (default)
2024-03-11 08:35:11,606 [omNode-3-groupManagement] INFO  server.RaftServerConfigKeys (ConfUtils.java:logGet(46)) - raft.server.log.appender.install.snapshot.enabled = false (custom)
2024-03-11 08:35:11,606 [omNode-3-groupManagement] INFO  server.RaftServerConfigKeys (ConfUtils.java:logGet(46)) - raft.server.threadpool.server.cached = true (default)
2024-03-11 08:35:11,606 [omNode-3-groupManagement] INFO  server.RaftServerConfigKeys (ConfUtils.java:logGet(46)) - raft.server.threadpool.server.size = 0 (default)
2024-03-11 08:35:11,606 [omNode-3-groupManagement] INFO  server.RaftServerConfigKeys (ConfUtils.java:logGet(46)) - raft.server.threadpool.client.cached = true (default)
2024-03-11 08:35:11,606 [omNode-3-groupManagement] INFO  server.RaftServerConfigKeys (ConfUtils.java:logGet(46)) - raft.server.threadpool.client.size = 0 (default)
2024-03-11 08:35:11,605 [main] INFO  om.OzoneManager (OzoneManager.java:initializeRatisServer(2177)) - OzoneManager Ratis server initialized at port 15187
2024-03-11 08:35:11,607 [main] INFO  om.OzoneManager (OzoneManager.java:getRpcServer(1231)) - Creating RPC Server
2024-03-11 08:35:11,813 [main] INFO  ipc.CallQueueManager (CallQueueManager.java:<init>(90)) - Using callQueue: class java.util.concurrent.LinkedBlockingQueue, queueCapacity: 2000, scheduler: class org.apache.hadoop.ipc.DefaultRpcScheduler, ipcBackoff: false.
2024-03-11 08:35:11,813 [main] INFO  ipc.Server (Server.java:<init>(1287)) - Listener at 127.0.0.1:15184
2024-03-11 08:35:11,813 [Socket Reader #1 for port 15184] INFO  ipc.Server (Server.java:run(1323)) - Starting Socket Reader #1 for port 15184
2024-03-11 08:35:11,830 [main] INFO  impl.MetricsSystemImpl (MetricsSystemImpl.java:init(158)) - OzoneManager metrics system started (again)
2024-03-11 08:35:11,837 [main] INFO  om.OzoneManager (OzoneManager.java:start(1653)) - OzoneManager RPC server is listening at localhost/127.0.0.1:15184
2024-03-11 08:35:11,837 [main] INFO  ratis.OzoneManagerRatisServer (OzoneManagerRatisServer.java:start(588)) - Starting OzoneManagerRatisServer omNode-3 at port 15187
2024-03-11 08:35:11,837 [omNode-3-impl-thread1] INFO  server.RaftServerConfigKeys (ConfUtils.java:logGet(46)) - raft.server.storage.free-space.min = 0MB (=0) (default)
2024-03-11 08:35:11,837 [omNode-3-impl-thread1] INFO  server.RaftServerConfigKeys (ConfUtils.java:logGet(46)) - raft.server.log.corruption.policy = EXCEPTION (default)
2024-03-11 08:35:11,838 [omNode-3-impl-thread1] INFO  server.RaftServerConfigKeys (ConfUtils.java:logGet(46)) - raft.server.storage.dir = [/home/runner/work/ozone/ozone/hadoop-ozone/integration-test/target/test-dir/MiniOzoneClusterImpl-c7fe89f3-570b-44cc-9eba-475ffdeb33a6/omNode-3/ratis] (custom)
2024-03-11 08:35:11,838 [omNode-3-impl-thread1] INFO  storage.RaftStorageDirectory (RaftStorageDirectoryImpl.java:analyzeStorage(138)) - The storage directory /home/runner/work/ozone/ozone/hadoop-ozone/integration-test/target/test-dir/MiniOzoneClusterImpl-c7fe89f3-570b-44cc-9eba-475ffdeb33a6/omNode-3/ratis/c9bc4cf4-3bc3-3c60-a66b-523986131536 does not exist. Creating ...
2024-03-11 08:35:11,839 [omNode-3-impl-thread1] INFO  storage.RaftStorageDirectory (RaftStorageDirectoryImpl.java:tryLock(228)) - Lock on /home/runner/work/ozone/ozone/hadoop-ozone/integration-test/target/test-dir/MiniOzoneClusterImpl-c7fe89f3-570b-44cc-9eba-475ffdeb33a6/omNode-3/ratis/c9bc4cf4-3bc3-3c60-a66b-523986131536/in_use.lock acquired by nodename 48108@fv-az1250-130
2024-03-11 08:35:11,840 [omNode-3-impl-thread1] INFO  storage.RaftStorage (RaftStorageImpl.java:format(99)) - Storage directory /home/runner/work/ozone/ozone/hadoop-ozone/integration-test/target/test-dir/MiniOzoneClusterImpl-c7fe89f3-570b-44cc-9eba-475ffdeb33a6/omNode-3/ratis/c9bc4cf4-3bc3-3c60-a66b-523986131536 has been successfully formatted.
2024-03-11 08:35:11,840 [omNode-3-impl-thread1] WARN  util.FileUtils (LogUtils.java:supplyAndLog(63)) - Failed to Files.newInputStream /home/runner/work/ozone/ozone/hadoop-ozone/integration-test/target/test-dir/MiniOzoneClusterImpl-c7fe89f3-570b-44cc-9eba-475ffdeb33a6/omNode-3/ratis/c9bc4cf4-3bc3-3c60-a66b-523986131536/current/raft-meta.conf with options []: java.nio.file.NoSuchFileException: /home/runner/work/ozone/ozone/hadoop-ozone/integration-test/target/test-dir/MiniOzoneClusterImpl-c7fe89f3-570b-44cc-9eba-475ffdeb33a6/omNode-3/ratis/c9bc4cf4-3bc3-3c60-a66b-523986131536/current/raft-meta.conf
2024-03-11 08:35:11,840 [omNode-3-impl-thread1] INFO  server.RaftServerConfigKeys (ConfUtils.java:logGet(46)) - raft.server.log.use.memory = false (default)
2024-03-11 08:35:11,840 [omNode-3-impl-thread1] INFO  server.RaftServerConfigKeys (ConfUtils.java:logGet(46)) - raft.server.log.purge.gap = 50 (custom)
2024-03-11 08:35:11,840 [omNode-3-impl-thread1] INFO  server.RaftServerConfigKeys (ConfUtils.java:logGet(46)) - raft.server.log.appender.buffer.byte-limit = 4194304 (custom)
2024-03-11 08:35:11,840 [omNode-3-impl-thread1] INFO  server.RaftServerConfigKeys (ConfUtils.java:logGet(46)) - raft.server.log.statemachine.data.read.timeout = 1000ms (default)
2024-03-11 08:35:11,840 [omNode-3-impl-thread1] INFO  server.RaftServerConfigKeys (ConfUtils.java:logGet(46)) - raft.server.log.purge.preservation.log.num = 0 (default)
2024-03-11 08:35:11,841 [omNode-3-impl-thread1] INFO  server.RaftServerConfigKeys (ConfUtils.java:logGet(46)) - raft.server.log.segment.size.max = 4194304 (custom)
2024-03-11 08:35:11,841 [omNode-3-impl-thread1] INFO  server.RaftServerConfigKeys (ConfUtils.java:logGet(46)) - raft.server.log.segment.cache.num.max = 2 (custom)
2024-03-11 08:35:11,841 [omNode-3-impl-thread1] INFO  server.RaftServerConfigKeys (ConfUtils.java:logGet(46)) - raft.server.log.segment.cache.size.max = 200MB (=209715200) (default)
2024-03-11 08:35:11,841 [omNode-3-impl-thread1] INFO  server.RaftServerConfigKeys (ConfUtils.java:logGet(46)) - raft.server.log.appender.buffer.byte-limit = 4194304 (custom)
2024-03-11 08:35:11,841 [omNode-3-impl-thread1] INFO  util.AwaitToRun (AwaitToRun.java:start(81)) - Thread[omNode-3@group-523986131536-cacheEviction-AwaitToRun,5,main] started
2024-03-11 08:35:11,842 [omNode-3-impl-thread1] INFO  segmented.SegmentedRaftLogWorker (SegmentedRaftLogWorker.java:<init>(182)) - new omNode-3@group-523986131536-SegmentedRaftLogWorker for RaftStorageImpl:Storage Directory /home/runner/work/ozone/ozone/hadoop-ozone/integration-test/target/test-dir/MiniOzoneClusterImpl-c7fe89f3-570b-44cc-9eba-475ffdeb33a6/omNode-3/ratis/c9bc4cf4-3bc3-3c60-a66b-523986131536
2024-03-11 08:35:11,842 [omNode-3-impl-thread1] INFO  server.RaftServerConfigKeys (ConfUtils.java:logGet(46)) - raft.server.log.queue.byte-limit = 64MB (=67108864) (default)
2024-03-11 08:35:11,842 [omNode-3-impl-thread1] INFO  server.RaftServerConfigKeys (ConfUtils.java:logGet(46)) - raft.server.log.queue.element-limit = 4096 (default)
2024-03-11 08:35:11,842 [omNode-3-impl-thread1] INFO  server.RaftServerConfigKeys (ConfUtils.java:logGet(46)) - raft.server.log.segment.size.max = 4194304 (custom)
2024-03-11 08:35:11,842 [omNode-3-impl-thread1] INFO  server.RaftServerConfigKeys (ConfUtils.java:logGet(46)) - raft.server.log.preallocated.size = 4194304 (custom)
2024-03-11 08:35:11,842 [omNode-3-impl-thread1] INFO  server.RaftServerConfigKeys (ConfUtils.java:logGet(46)) - raft.server.log.force.sync.num = 128 (default)
2024-03-11 08:35:11,842 [omNode-3-impl-thread1] INFO  server.RaftServerConfigKeys (ConfUtils.java:logGet(46)) - raft.server.log.statemachine.data.sync = true (default)
2024-03-11 08:35:11,842 [omNode-3-impl-thread1] INFO  server.RaftServerConfigKeys (ConfUtils.java:logGet(46)) - raft.server.log.statemachine.data.sync.timeout = 10s (default)
2024-03-11 08:35:11,842 [omNode-3-impl-thread1] INFO  server.RaftServerConfigKeys (ConfUtils.java:logGet(46)) - raft.server.log.statemachine.data.sync.timeout.retry = -1 (default)
2024-03-11 08:35:11,842 [omNode-3-impl-thread1] INFO  server.RaftServerConfigKeys (ConfUtils.java:logGet(46)) - raft.server.log.write.buffer.size = 4194312 (custom)
2024-03-11 08:35:11,842 [omNode-3-impl-thread1] INFO  server.RaftServerConfigKeys (ConfUtils.java:logGet(46)) - raft.server.log.appender.buffer.byte-limit = 4194304 (custom)
2024-03-11 08:35:11,842 [omNode-3-impl-thread1] INFO  server.RaftServerConfigKeys (ConfUtils.java:logGet(46)) - raft.server.log.unsafe-flush.enabled = false (default)
2024-03-11 08:35:11,842 [omNode-3-impl-thread1] INFO  server.RaftServerConfigKeys (ConfUtils.java:logGet(46)) - raft.server.log.async-flush.enabled = false (default)
2024-03-11 08:35:11,842 [omNode-3-impl-thread1] INFO  server.RaftServerConfigKeys (ConfUtils.java:logGet(46)) - raft.server.log.statemachine.data.caching.enabled = false (default)
2024-03-11 08:35:11,843 [omNode-3-impl-thread1] INFO  segmented.SegmentedRaftLogWorker (SegmentedRaftLogWorker.java:lambda$new$0(134)) - omNode-3@group-523986131536-SegmentedRaftLogWorker: flushIndex: setUnconditionally 0 -> -1
2024-03-11 08:35:11,843 [omNode-3-impl-thread1] INFO  segmented.SegmentedRaftLogWorker (SegmentedRaftLogWorker.java:lambda$new$0(134)) - omNode-3@group-523986131536-SegmentedRaftLogWorker: safeCacheEvictIndex: setUnconditionally 0 -> -1
2024-03-11 08:35:11,843 [omNode-3-impl-thread1] INFO  server.RaftServer$Division (RaftServerImpl.java:start(396)) - omNode-3@group-523986131536: start as a follower, conf=-1: peers:[omNode-3|localhost:15187, omNode-1|localhost:15179, omNode-2|localhost:15183]|listeners:[], old=null
2024-03-11 08:35:11,843 [omNode-3-impl-thread1] INFO  server.RaftServer$Division (RaftServerImpl.java:setRole(383)) - omNode-3@group-523986131536: changes role from      null to FOLLOWER at term 0 for startAsFollower
2024-03-11 08:35:11,843 [omNode-3-impl-thread1] INFO  impl.RoleInfo (RoleInfo.java:updateAndGet(139)) - omNode-3: start omNode-3@group-523986131536-FollowerState
2024-03-11 08:35:11,843 [omNode-3-impl-thread1] INFO  util.JmxRegister (JmxRegister.java:tryRegister(44)) - Successfully registered JMX Bean with object name Ratis:service=RaftServer,group=group-523986131536,id=omNode-3
2024-03-11 08:35:11,843 [omNode-3-impl-thread1] INFO  server.RaftServerConfigKeys (ConfUtils.java:logGet(46)) - raft.server.snapshot.trigger-when-stop.enabled = true (default)
2024-03-11 08:35:11,843 [omNode-3-impl-thread1] INFO  server.RaftServerConfigKeys (ConfUtils.java:logGet(46)) - raft.server.snapshot.auto.trigger.enabled = true (custom)
2024-03-11 08:35:11,843 [omNode-3-impl-thread1] INFO  server.RaftServerConfigKeys (ConfUtils.java:logGet(46)) - raft.server.snapshot.auto.trigger.threshold = 50 (custom)
2024-03-11 08:35:11,843 [omNode-3-impl-thread1] INFO  server.RaftServerConfigKeys (ConfUtils.java:logGet(46)) - raft.server.snapshot.retention.file.num = -1 (default)
2024-03-11 08:35:11,843 [omNode-3-impl-thread1] INFO  server.RaftServerConfigKeys (ConfUtils.java:logGet(46)) - raft.server.log.purge.upto.snapshot.index = true (custom)
2024-03-11 08:35:11,844 [omNode-3@group-523986131536-FollowerState] INFO  server.RaftServerConfigKeys (ConfUtils.java:logFallback(53)) - raft.server.rpc.first-election.timeout.min = 1s (fallback to raft.server.rpc.timeout.min)
2024-03-11 08:35:11,844 [main] INFO  server.RaftServer (RaftServerProxy.java:startImpl(406)) - omNode-3: start RPC server
2024-03-11 08:35:11,844 [omNode-3@group-523986131536-FollowerState] INFO  server.RaftServerConfigKeys (ConfUtils.java:logFallback(53)) - raft.server.rpc.first-election.timeout.max = 1200ms (fallback to raft.server.rpc.timeout.max)
2024-03-11 08:35:11,844 [main] INFO  server.GrpcService (GrpcService.java:startImpl(302)) - omNode-3: GrpcService started, listening on 15187
2024-03-11 08:35:11,845 [JvmPauseMonitor52] INFO  util.JvmPauseMonitor (JvmPauseMonitor.java:run(146)) - JvmPauseMonitor-omNode-3: Started
2024-03-11 08:35:11,845 [main] INFO  om.OzoneManager (OzoneManager.java:start(1669)) - Version File has different layout version (6) than OM DB (null). That is expected if this OM has never been finalized to a newer layout version.
2024-03-11 08:35:11,851 [main] INFO  client.ScmTopologyClient (ScmTopologyClient.java:start(67)) - Initial network topology fetched from SCM: /.
2024-03-11 08:35:11,852 [main] INFO  net.NodeSchemaLoader (NodeSchemaLoader.java:loadSchemaFromFile(129)) - Loading schema from [jar:file:/home/runner/.m2/repository/org/apache/ozone/hdds-common/1.5.0-SNAPSHOT/hdds-common-1.5.0-SNAPSHOT.jar!/network-topology-default.xml]
2024-03-11 08:35:11,852 [main] INFO  net.NodeSchemaLoader (NodeSchemaLoader.java:loadSchema(176)) - Loading network topology layer schema file
2024-03-11 08:35:11,854 [main] INFO  http.BaseHttpServer (BaseHttpServer.java:newHttpServer2BuilderForOzone(223)) - Starting Web-server for ozoneManager at: http://0.0.0.0:15185
2024-03-11 08:35:11,854 [main] INFO  http.BaseHttpServer (BaseHttpServer.java:<init>(110)) - Hadoop Security Enabled: false Ozone Security Enabled: false Ozone HTTP Security Enabled: false 
2024-03-11 08:35:11,855 [main] WARN  server.AuthenticationFilter (AuthenticationFilter.java:constructSecretProvider(240)) - Unable to initialize FileSignerSecretProvider, falling back to use random secrets. Reason: Could not read signature secret file: /home/runner/hadoop-http-auth-signature-secret
2024-03-11 08:35:11,856 [main] INFO  http.HttpRequestLog (HttpRequestLog.java:getRequestLog(86)) - Http request log for http.requests.ozoneManager is not defined
2024-03-11 08:35:11,856 [main] INFO  http.HttpServer2 (HttpServer2.java:addGlobalFilter(1036)) - Added global filter 'safety' (class=org.apache.hadoop.hdds.server.http.HttpServer2$QuotingInputFilter)
2024-03-11 08:35:11,857 [main] INFO  http.HttpServer2 (HttpServer2.java:addFilter(1012)) - Added filter static_user_filter (class=org.apache.hadoop.http.lib.StaticUserWebFilter$StaticUserFilter) to context ozoneManager
2024-03-11 08:35:11,857 [main] INFO  http.HttpServer2 (HttpServer2.java:addFilter(1020)) - Added filter static_user_filter (class=org.apache.hadoop.http.lib.StaticUserWebFilter$StaticUserFilter) to context static
2024-03-11 08:35:11,857 [main] INFO  http.HttpServer2 (HttpServer2.java:addFilter(1020)) - Added filter static_user_filter (class=org.apache.hadoop.http.lib.StaticUserWebFilter$StaticUserFilter) to context logs
2024-03-11 08:35:11,858 [main] INFO  http.BaseHttpServer (BaseHttpServer.java:<init>(189)) - HTTP server of ozoneManager uses base directory /home/runner/work/ozone/ozone/hadoop-ozone/integration-test/target/test-dir/MiniOzoneClusterImpl-c7fe89f3-570b-44cc-9eba-475ffdeb33a6/omNode-3/webserver
2024-03-11 08:35:11,858 [main] INFO  http.HttpServer2 (HttpServer2.java:bindListener(1236)) - Jetty bound to port 15185
2024-03-11 08:35:11,858 [main] INFO  server.Server (Server.java:doStart(375)) - jetty-9.4.53.v20231009; built: 2023-10-09T12:29:09.265Z; git: 27bde00a0b95a1d5bbee0eae7984f891d2d0f8c9; jvm 1.8.0_402-b06
2024-03-11 08:35:11,859 [main] INFO  server.session (DefaultSessionIdManager.java:doStart(334)) - DefaultSessionIdManager workerName=node0
2024-03-11 08:35:11,859 [main] INFO  server.session (DefaultSessionIdManager.java:doStart(339)) - No SessionScavenger set, using defaults
2024-03-11 08:35:11,859 [main] INFO  server.session (HouseKeeper.java:startScavenging(132)) - node0 Scavenging every 600000ms
2024-03-11 08:35:11,860 [main] INFO  handler.ContextHandler (ContextHandler.java:doStart(921)) - Started o.e.j.s.ServletContextHandler@90f4213{logs,/logs,file:///home/runner/work/ozone/ozone/hadoop-ozone/integration-test/target/log,AVAILABLE}
2024-03-11 08:35:11,860 [main] INFO  handler.ContextHandler (ContextHandler.java:doStart(921)) - Started o.e.j.s.ServletContextHandler@fc30df2{static,/static,file:///home/runner/work/ozone/ozone/hadoop-ozone/integration-test/target/test-classes/webapps/static,AVAILABLE}
2024-03-11 08:35:11,862 [main] INFO  handler.ContextHandler (ContextHandler.java:doStart(921)) - Started o.e.j.w.WebAppContext@31b2ea1c{ozoneManager,/,file:///home/runner/work/ozone/ozone/hadoop-ozone/integration-test/target/test-classes/webapps/ozoneManager/,AVAILABLE}{file:/home/runner/work/ozone/ozone/hadoop-ozone/integration-test/target/test-classes/webapps/ozoneManager}
2024-03-11 08:35:11,863 [main] INFO  server.AbstractConnector (AbstractConnector.java:doStart(333)) - Started ServerConnector@3805ebbe{HTTP/1.1, (http/1.1)}{0.0.0.0:15185}
2024-03-11 08:35:11,863 [main] INFO  server.Server (Server.java:doStart(415)) - Started @526634ms
2024-03-11 08:35:11,863 [main] WARN  impl.MetricsSystemImpl (MetricsSystemImpl.java:register(279)) - Sink prometheus already exists!
2024-03-11 08:35:11,864 [main] INFO  http.BaseHttpServer (BaseHttpServer.java:updateConnectorAddress(354)) - HTTP server of ozoneManager listening at http://0.0.0.0:15185
2024-03-11 08:35:11,864 [IPC Server Responder] INFO  ipc.Server (Server.java:run(1562)) - IPC Server Responder: starting
2024-03-11 08:35:11,864 [IPC Server listener on 15184] INFO  ipc.Server (Server.java:run(1402)) - IPC Server listener on 15184: starting
2024-03-11 08:35:11,865 [main] INFO  om.OzoneManager (OzoneManager.java:startTrashEmptier(2130)) - Trash Interval set to 0. Files deleted won't move to trash
2024-03-11 08:35:11,865 [main] INFO  ozone.MiniOzoneHAClusterImpl (MiniOzoneHAClusterImpl.java:createOMService(516)) - Started OzoneManager omNode-3 RPC server at localhost/127.0.0.1:15184
2024-03-11 08:35:11,872 [main] WARN  dropwizard3.Dm3MetricRegistriesImpl (Dm3MetricRegistriesImpl.java:addReporterRegistration(113)) - New reporters are added after registries were created. Some metrics will be missing from the reporter. Please add reporter before adding any new registry.
2024-03-11 08:35:11,872 [main] WARN  dropwizard3.Dm3MetricRegistriesImpl (Dm3MetricRegistriesImpl.java:addReporterRegistration(113)) - New reporters are added after registries were created. Some metrics will be missing from the reporter. Please add reporter before adding any new registry.
2024-03-11 08:35:11,872 [main] INFO  impl.MetricsSystemImpl (MetricsSystemImpl.java:init(158)) - HddsDatanode metrics system started (again)
2024-03-11 08:35:11,880 [main] INFO  ozone.HddsDatanodeService (HddsDatanodeService.java:start(240)) - HddsDatanodeService host:fv-az1250-130.ebmzynhy2g4u3nwuixrszff3we.cx.internal.cloudapp.net ip:10.1.0.9
2024-03-11 08:35:11,901 [main] INFO  upgrade.AbstractLayoutVersionManager (AbstractLayoutVersionManager.java:init(83)) - Initializing Layout version manager with metadata layout = HADOOP_PRC_PORTS_IN_DATANODEDETAILS (version = 7), software layout = HADOOP_PRC_PORTS_IN_DATANODEDETAILS (version = 7)
2024-03-11 08:35:11,901 [main] INFO  statemachine.DatanodeStateMachine (DatanodeStateMachine.java:getEndPointTaskThreadPoolSize(299)) - Datanode State Machine Task Thread Pool size 2
2024-03-11 08:35:11,902 [main] INFO  volume.HddsVolume (HddsVolume.java:<init>(125)) - Creating HddsVolume: /home/runner/work/ozone/ozone/hadoop-ozone/integration-test/target/test-dir/MiniOzoneClusterImpl-c7fe89f3-570b-44cc-9eba-475ffdeb33a6/ozone-meta/datanode-1/data-0/hdds of storage type : DISK capacity : 9223372036854775807
2024-03-11 08:35:11,902 [main] INFO  volume.MutableVolumeSet (MutableVolumeSet.java:initializeVolumeSet(173)) - Added Volume : /home/runner/work/ozone/ozone/hadoop-ozone/integration-test/target/test-dir/MiniOzoneClusterImpl-c7fe89f3-570b-44cc-9eba-475ffdeb33a6/ozone-meta/datanode-1/data-0/hdds to VolumeSet
2024-03-11 08:35:11,903 [main] INFO  volume.MutableVolumeSet (MutableVolumeSet.java:initializeVolumeSet(173)) - Added Volume : /home/runner/work/ozone/ozone/hadoop-ozone/integration-test/target/test-dir/MiniOzoneClusterImpl-c7fe89f3-570b-44cc-9eba-475ffdeb33a6/ozone-meta/datanode-1/ratis to VolumeSet
2024-03-11 08:35:11,904 [main] INFO  ozoneimpl.OzoneContainer (HddsVolumeUtil.java:loadAllHddsVolumeDbStore(103)) - Load 1 volumes DbStore cost: 1ms
2024-03-11 08:35:11,906 [main] INFO  server.RaftServer (ConfUtils.java:logGet(46)) - raft.rpc.type = GRPC (default)
2024-03-11 08:35:11,906 [main] INFO  grpc.GrpcConfigKeys (ConfUtils.java:logFallback(53)) - raft.grpc.admin.host = null (fallback to raft.grpc.server.host)
2024-03-11 08:35:11,906 [main] INFO  grpc.GrpcConfigKeys (ConfUtils.java:logGet(46)) - raft.grpc.admin.port = 15193 (custom)
2024-03-11 08:35:11,906 [main] INFO  grpc.GrpcConfigKeys (ConfUtils.java:logFallback(53)) - raft.grpc.client.host = null (fallback to raft.grpc.server.host)
2024-03-11 08:35:11,906 [main] INFO  grpc.GrpcConfigKeys (ConfUtils.java:logGet(46)) - raft.grpc.client.port = 15192 (custom)
2024-03-11 08:35:11,906 [main] INFO  grpc.GrpcConfigKeys (ConfUtils.java:logGet(46)) - raft.grpc.server.host = null (default)
2024-03-11 08:35:11,906 [main] INFO  grpc.GrpcConfigKeys (ConfUtils.java:logGet(46)) - raft.grpc.server.port = 15194 (custom)
2024-03-11 08:35:11,906 [main] INFO  server.GrpcService (ConfUtils.java:logGet(46)) - raft.grpc.message.size.max = 32MB (=33554432) (custom)
2024-03-11 08:35:11,906 [main] INFO  server.RaftServerConfigKeys (ConfUtils.java:logGet(46)) - raft.server.log.appender.buffer.byte-limit = 8388608 (custom)
2024-03-11 08:35:11,906 [main] INFO  server.GrpcService (ConfUtils.java:logGet(46)) - raft.grpc.flow.control.window = 5MB (=5242880) (custom)
2024-03-11 08:35:11,907 [main] INFO  server.RaftServerConfigKeys (ConfUtils.java:logGet(46)) - raft.server.rpc.request.timeout = 60s (custom)
2024-03-11 08:35:11,907 [main] INFO  grpc.GrpcConfigKeys (ConfUtils.java:logGet(46)) - raft.grpc.server.heartbeat.channel = true (default)
2024-03-11 08:35:11,907 [main] INFO  grpc.GrpcConfigKeys (ConfUtils.java:logGet(46)) - raft.grpc.server.async.request.thread.pool.cached = true (default)
2024-03-11 08:35:11,907 [main] INFO  grpc.GrpcConfigKeys (ConfUtils.java:logGet(46)) - raft.grpc.server.async.request.thread.pool.size = 32 (default)
2024-03-11 08:35:11,909 [main] INFO  impl.DataStreamServerImpl (ConfUtils.java:logGet(46)) - raft.datastream.type = NETTY (custom)
2024-03-11 08:35:11,909 [main] INFO  server.RaftServerConfigKeys (ConfUtils.java:logGet(46)) - raft.server.data-stream.async.request.thread.pool.cached = false (default)
2024-03-11 08:35:11,909 [main] INFO  server.RaftServerConfigKeys (ConfUtils.java:logGet(46)) - raft.server.data-stream.async.request.thread.pool.size = 20 (custom)
2024-03-11 08:35:11,909 [main] INFO  server.RaftServerConfigKeys (ConfUtils.java:logGet(46)) - raft.server.data-stream.async.write.thread.pool.size = 16 (default)
2024-03-11 08:35:11,909 [main] INFO  netty.NettyConfigKeys$DataStream (ConfUtils.java:logGet(46)) - raft.netty.dataStream.server.channel.inactive.grace-period = 10min (default)
2024-03-11 08:35:11,909 [main] INFO  server.RaftServerConfigKeys (ConfUtils.java:logGet(46)) - raft.server.data-stream.client.pool.size = 10 (default)
2024-03-11 08:35:11,909 [main] INFO  netty.NettyConfigKeys$DataStream (ConfUtils.java:logGet(46)) - raft.netty.dataStream.server.use-epoll = true (default)
2024-03-11 08:35:11,909 [main] INFO  netty.NettyConfigKeys$DataStream (ConfUtils.java:logGet(46)) - raft.netty.dataStream.server.boss-group.size = 0 (default)
2024-03-11 08:35:11,910 [main] INFO  netty.NettyUtils (NettyUtils.java:newEventLoopGroup(69)) - Create EpollEventLoopGroup for bdb70d2a-fd58-4276-89a5-31c459e859a0-NettyServerStreamRpc-bossGroup; Thread size is 0.
2024-03-11 08:35:11,910 [main] INFO  netty.NettyConfigKeys$DataStream (ConfUtils.java:logGet(46)) - raft.netty.dataStream.server.worker-group.size = 0 (default)
2024-03-11 08:35:11,910 [main] INFO  netty.NettyUtils (NettyUtils.java:newEventLoopGroup(69)) - Create EpollEventLoopGroup for bdb70d2a-fd58-4276-89a5-31c459e859a0-NettyServerStreamRpc-workerGroup; Thread size is 0.
2024-03-11 08:35:11,910 [main] INFO  netty.NettyConfigKeys$DataStream (ConfUtils.java:logGet(46)) - raft.netty.dataStream.server.tls.conf = null (default)
2024-03-11 08:35:11,910 [main] INFO  netty.NettyConfigKeys$DataStream (ConfUtils.java:logGet(46)) - raft.netty.dataStream.host = null (default)
2024-03-11 08:35:11,910 [main] INFO  netty.NettyConfigKeys$DataStream (ConfUtils.java:logGet(46)) - raft.netty.dataStream.port = 15195 (custom)
2024-03-11 08:35:11,911 [main] INFO  server.RaftServerConfigKeys (ConfUtils.java:logGet(46)) - raft.server.sleep.deviation.threshold = 300ms (default)
2024-03-11 08:35:11,911 [main] INFO  server.RaftServerConfigKeys (ConfUtils.java:logGet(46)) - raft.server.close.threshold = 60s (default)
2024-03-11 08:35:11,911 [bdb70d2a-fd58-4276-89a5-31c459e859a0-NettyServerStreamRpc-bossGroup--thread1] INFO  logging.LoggingHandler (AbstractInternalLogger.java:log(148)) - [id: 0x6946409f] REGISTERED
2024-03-11 08:35:11,911 [main] INFO  server.RaftServerConfigKeys (ConfUtils.java:logGet(46)) - raft.server.leaderelection.leader.step-down.wait-time = 10s (default)
2024-03-11 08:35:11,911 [bdb70d2a-fd58-4276-89a5-31c459e859a0-NettyServerStreamRpc-bossGroup--thread1] INFO  logging.LoggingHandler (AbstractInternalLogger.java:log(148)) - [id: 0x6946409f] BIND: 0.0.0.0/0.0.0.0:15195
2024-03-11 08:35:11,911 [main] INFO  server.RaftServerConfigKeys (ConfUtils.java:logGet(46)) - raft.server.storage.dir = [/home/runner/work/ozone/ozone/hadoop-ozone/integration-test/target/test-dir/MiniOzoneClusterImpl-c7fe89f3-570b-44cc-9eba-475ffdeb33a6/ozone-meta/datanode-1/ratis] (custom)
2024-03-11 08:35:11,911 [bdb70d2a-fd58-4276-89a5-31c459e859a0-NettyServerStreamRpc-bossGroup--thread1] INFO  logging.LoggingHandler (AbstractInternalLogger.java:log(148)) - [id: 0x6946409f, L:/0.0.0.0:15195] ACTIVE
2024-03-11 08:35:11,912 [main] INFO  server.RaftServerConfigKeys (ConfUtils.java:logGet(46)) - raft.server.threadpool.proxy.cached = true (default)
2024-03-11 08:35:11,912 [main] INFO  server.RaftServerConfigKeys (ConfUtils.java:logGet(46)) - raft.server.threadpool.proxy.size = 0 (default)
2024-03-11 08:35:11,912 [bdb70d2a-fd58-4276-89a5-31c459e859a0-impl-thread1] INFO  server.RaftServer (RaftServerProxy.java:initGroupDir(264)) - bdb70d2a-fd58-4276-89a5-31c459e859a0: found a subdirectory /home/runner/work/ozone/ozone/hadoop-ozone/integration-test/target/test-dir/MiniOzoneClusterImpl-c7fe89f3-570b-44cc-9eba-475ffdeb33a6/ozone-meta/datanode-1/ratis/tmp
2024-03-11 08:35:11,912 [bdb70d2a-fd58-4276-89a5-31c459e859a0-impl-thread1] INFO  server.RaftServer (RaftServerProxy.java:initGroupDir(269)) - bdb70d2a-fd58-4276-89a5-31c459e859a0: The directory /home/runner/work/ozone/ozone/hadoop-ozone/integration-test/target/test-dir/MiniOzoneClusterImpl-c7fe89f3-570b-44cc-9eba-475ffdeb33a6/ozone-meta/datanode-1/ratis/tmp is not a group directory; ignoring it. 
2024-03-11 08:35:11,912 [main] INFO  replication.ReplicationServer (ReplicationServer.java:<init>(86)) - Initializing replication server with thread count = 10 queue length = 4096
2024-03-11 08:35:11,913 [main] INFO  server.XceiverServerGrpc (XceiverServerGrpc.java:<init>(141)) - GrpcServer channel type EpollServerSocketChannel
2024-03-11 08:35:11,914 [main] INFO  replication.ReplicationSupervisor (ReplicationSupervisor.java:build(163)) - Initializing replication supervisor with thread count = 10
2024-03-11 08:35:11,914 [main] INFO  replication.ReplicationSupervisor (ReplicationSupervisor.java:nodeStateUpdated(317)) - Node state updated to IN_SERVICE, scaling executor pool size to 10
2024-03-11 08:35:11,916 [main] INFO  http.BaseHttpServer (BaseHttpServer.java:newHttpServer2BuilderForOzone(223)) - Starting Web-server for hddsDatanode at: http://0.0.0.0:15189
2024-03-11 08:35:11,916 [main] INFO  http.BaseHttpServer (BaseHttpServer.java:<init>(110)) - Hadoop Security Enabled: false Ozone Security Enabled: false Ozone HTTP Security Enabled: false 
2024-03-11 08:35:11,917 [main] WARN  server.AuthenticationFilter (AuthenticationFilter.java:constructSecretProvider(240)) - Unable to initialize FileSignerSecretProvider, falling back to use random secrets. Reason: Could not read signature secret file: /home/runner/hadoop-http-auth-signature-secret
2024-03-11 08:35:11,917 [main] INFO  http.HttpRequestLog (HttpRequestLog.java:getRequestLog(86)) - Http request log for http.requests.hddsDatanode is not defined
2024-03-11 08:35:11,918 [main] INFO  http.HttpServer2 (HttpServer2.java:addGlobalFilter(1036)) - Added global filter 'safety' (class=org.apache.hadoop.hdds.server.http.HttpServer2$QuotingInputFilter)
2024-03-11 08:35:11,918 [main] INFO  http.HttpServer2 (HttpServer2.java:addFilter(1012)) - Added filter static_user_filter (class=org.apache.hadoop.http.lib.StaticUserWebFilter$StaticUserFilter) to context hddsDatanode
2024-03-11 08:35:11,918 [main] INFO  http.HttpServer2 (HttpServer2.java:addFilter(1020)) - Added filter static_user_filter (class=org.apache.hadoop.http.lib.StaticUserWebFilter$StaticUserFilter) to context static
2024-03-11 08:35:11,918 [main] INFO  http.HttpServer2 (HttpServer2.java:addFilter(1020)) - Added filter static_user_filter (class=org.apache.hadoop.http.lib.StaticUserWebFilter$StaticUserFilter) to context logs
2024-03-11 08:35:11,918 [main] INFO  http.BaseHttpServer (BaseHttpServer.java:<init>(189)) - HTTP server of hddsDatanode uses base directory /home/runner/work/ozone/ozone/hadoop-ozone/integration-test/target/test-dir/MiniOzoneClusterImpl-c7fe89f3-570b-44cc-9eba-475ffdeb33a6/ozone-meta/datanode-1/meta/webserver
2024-03-11 08:35:11,919 [main] INFO  http.HttpServer2 (HttpServer2.java:bindListener(1236)) - Jetty bound to port 15189
2024-03-11 08:35:11,919 [main] INFO  server.Server (Server.java:doStart(375)) - jetty-9.4.53.v20231009; built: 2023-10-09T12:29:09.265Z; git: 27bde00a0b95a1d5bbee0eae7984f891d2d0f8c9; jvm 1.8.0_402-b06
2024-03-11 08:35:11,921 [main] INFO  server.session (DefaultSessionIdManager.java:doStart(334)) - DefaultSessionIdManager workerName=node0
2024-03-11 08:35:11,921 [main] INFO  server.session (DefaultSessionIdManager.java:doStart(339)) - No SessionScavenger set, using defaults
2024-03-11 08:35:11,921 [main] INFO  server.session (HouseKeeper.java:startScavenging(132)) - node0 Scavenging every 600000ms
2024-03-11 08:35:11,922 [main] INFO  handler.ContextHandler (ContextHandler.java:doStart(921)) - Started o.e.j.s.ServletContextHandler@707d1aa0{logs,/logs,file:///home/runner/work/ozone/ozone/hadoop-ozone/integration-test/target/log,AVAILABLE}
2024-03-11 08:35:11,922 [main] INFO  handler.ContextHandler (ContextHandler.java:doStart(921)) - Started o.e.j.s.ServletContextHandler@30006bdc{static,/static,jar:file:/home/runner/.m2/repository/org/apache/ozone/hdds-container-service/1.5.0-SNAPSHOT/hdds-container-service-1.5.0-SNAPSHOT.jar!/webapps/static,AVAILABLE}
2024-03-11 08:35:11,955 [main] INFO  handler.ContextHandler (ContextHandler.java:doStart(921)) - Started o.e.j.w.WebAppContext@6440e773{hddsDatanode,/,file:///home/runner/work/ozone/ozone/hadoop-ozone/integration-test/target/test-dir/MiniOzoneClusterImpl-c7fe89f3-570b-44cc-9eba-475ffdeb33a6/ozone-meta/datanode-1/meta/webserver/jetty-0_0_0_0-15189-hdds-container-service-1_5_0-SNAPSHOT_jar-_-any-1282652107454215229/webapp/,AVAILABLE}{jar:file:/home/runner/.m2/repository/org/apache/ozone/hdds-container-service/1.5.0-SNAPSHOT/hdds-container-service-1.5.0-SNAPSHOT.jar!/webapps/hddsDatanode}
2024-03-11 08:35:11,956 [main] INFO  server.AbstractConnector (AbstractConnector.java:doStart(333)) - Started ServerConnector@4ab8ecdd{HTTP/1.1, (http/1.1)}{0.0.0.0:15189}
2024-03-11 08:35:11,956 [main] INFO  server.Server (Server.java:doStart(415)) - Started @526727ms
2024-03-11 08:35:11,956 [main] WARN  impl.MetricsSystemImpl (MetricsSystemImpl.java:register(279)) - Sink prometheus already exists!
2024-03-11 08:35:11,956 [main] INFO  http.BaseHttpServer (BaseHttpServer.java:updateConnectorAddress(354)) - HTTP server of hddsDatanode listening at http://0.0.0.0:15189
2024-03-11 08:35:11,957 [main] INFO  ipc.CallQueueManager (CallQueueManager.java:<init>(90)) - Using callQueue: class java.util.concurrent.LinkedBlockingQueue, queueCapacity: 100, scheduler: class org.apache.hadoop.ipc.DefaultRpcScheduler, ipcBackoff: false.
2024-03-11 08:35:11,957 [main] INFO  ipc.Server (Server.java:<init>(1287)) - Listener at 0.0.0.0:15190
2024-03-11 08:35:11,957 [Socket Reader #1 for port 15190] INFO  ipc.Server (Server.java:run(1323)) - Starting Socket Reader #1 for port 15190
2024-03-11 08:35:11,962 [main] INFO  ozone.HddsDatanodeService (HddsDatanodeService.java:start(327)) - Datanode start with admins: [*, runner]
2024-03-11 08:35:11,962 [main] INFO  ozone.HddsDatanodeClientProtocolServer (HddsDatanodeClientProtocolServer.java:start(77)) - RPC server for Client /0.0.0.0:15190
2024-03-11 08:35:11,965 [IPC Server Responder] INFO  ipc.Server (Server.java:run(1562)) - IPC Server Responder: starting
2024-03-11 08:35:11,965 [IPC Server listener on 15190] INFO  ipc.Server (Server.java:run(1402)) - IPC Server listener on 15190: starting
2024-03-11 08:35:11,965 [bdb70d2a-fd58-4276-89a5-31c459e859a0-DatanodeStateMachineDaemonThread] INFO  statemachine.DatanodeStateMachine (DatanodeStateMachine.java:lambda$startDaemon$1(555)) - Ozone container server started.
2024-03-11 08:35:11,965 [main] WARN  dropwizard3.Dm3MetricRegistriesImpl (Dm3MetricRegistriesImpl.java:addReporterRegistration(113)) - New reporters are added after registries were created. Some metrics will be missing from the reporter. Please add reporter before adding any new registry.
2024-03-11 08:35:11,965 [main] WARN  dropwizard3.Dm3MetricRegistriesImpl (Dm3MetricRegistriesImpl.java:addReporterRegistration(113)) - New reporters are added after registries were created. Some metrics will be missing from the reporter. Please add reporter before adding any new registry.
2024-03-11 08:35:11,965 [main] INFO  impl.MetricsSystemImpl (MetricsSystemImpl.java:init(158)) - HddsDatanode metrics system started (again)
2024-03-11 08:35:11,972 [bdb70d2a-fd58-4276-89a5-31c459e859a0-DatanodeStateMachineTaskThread-0] INFO  datanode.InitDatanodeState (InitDatanodeState.java:persistContainerDatanodeDetails(139)) - DatanodeDetails is persisted to /home/runner/work/ozone/ozone/hadoop-ozone/integration-test/target/test-dir/MiniOzoneClusterImpl-c7fe89f3-570b-44cc-9eba-475ffdeb33a6/ozone-meta/datanode-1/meta/datanode.id
2024-03-11 08:35:11,978 [main] INFO  ozone.HddsDatanodeService (HddsDatanodeService.java:start(240)) - HddsDatanodeService host:fv-az1250-130.ebmzynhy2g4u3nwuixrszff3we.cx.internal.cloudapp.net ip:10.1.0.9
2024-03-11 08:35:11,998 [main] INFO  upgrade.AbstractLayoutVersionManager (AbstractLayoutVersionManager.java:init(83)) - Initializing Layout version manager with metadata layout = HADOOP_PRC_PORTS_IN_DATANODEDETAILS (version = 7), software layout = HADOOP_PRC_PORTS_IN_DATANODEDETAILS (version = 7)
2024-03-11 08:35:11,998 [main] INFO  statemachine.DatanodeStateMachine (DatanodeStateMachine.java:getEndPointTaskThreadPoolSize(299)) - Datanode State Machine Task Thread Pool size 2
2024-03-11 08:35:11,999 [main] INFO  volume.HddsVolume (HddsVolume.java:<init>(125)) - Creating HddsVolume: /home/runner/work/ozone/ozone/hadoop-ozone/integration-test/target/test-dir/MiniOzoneClusterImpl-c7fe89f3-570b-44cc-9eba-475ffdeb33a6/ozone-meta/datanode-2/data-0/hdds of storage type : DISK capacity : 9223372036854775807
2024-03-11 08:35:12,000 [main] INFO  volume.MutableVolumeSet (MutableVolumeSet.java:initializeVolumeSet(173)) - Added Volume : /home/runner/work/ozone/ozone/hadoop-ozone/integration-test/target/test-dir/MiniOzoneClusterImpl-c7fe89f3-570b-44cc-9eba-475ffdeb33a6/ozone-meta/datanode-2/data-0/hdds to VolumeSet
2024-03-11 08:35:12,000 [main] INFO  volume.MutableVolumeSet (MutableVolumeSet.java:initializeVolumeSet(173)) - Added Volume : /home/runner/work/ozone/ozone/hadoop-ozone/integration-test/target/test-dir/MiniOzoneClusterImpl-c7fe89f3-570b-44cc-9eba-475ffdeb33a6/ozone-meta/datanode-2/ratis to VolumeSet
2024-03-11 08:35:12,001 [main] INFO  ozoneimpl.OzoneContainer (HddsVolumeUtil.java:loadAllHddsVolumeDbStore(103)) - Load 1 volumes DbStore cost: 1ms
2024-03-11 08:35:12,002 [main] INFO  server.RaftServer (ConfUtils.java:logGet(46)) - raft.rpc.type = GRPC (default)
2024-03-11 08:35:12,002 [main] INFO  grpc.GrpcConfigKeys (ConfUtils.java:logFallback(53)) - raft.grpc.admin.host = null (fallback to raft.grpc.server.host)
2024-03-11 08:35:12,002 [main] INFO  grpc.GrpcConfigKeys (ConfUtils.java:logGet(46)) - raft.grpc.admin.port = 15202 (custom)
2024-03-11 08:35:12,003 [main] INFO  grpc.GrpcConfigKeys (ConfUtils.java:logFallback(53)) - raft.grpc.client.host = null (fallback to raft.grpc.server.host)
2024-03-11 08:35:12,003 [main] INFO  grpc.GrpcConfigKeys (ConfUtils.java:logGet(46)) - raft.grpc.client.port = 15201 (custom)
2024-03-11 08:35:12,003 [main] INFO  grpc.GrpcConfigKeys (ConfUtils.java:logGet(46)) - raft.grpc.server.host = null (default)
2024-03-11 08:35:12,003 [main] INFO  grpc.GrpcConfigKeys (ConfUtils.java:logGet(46)) - raft.grpc.server.port = 15203 (custom)
2024-03-11 08:35:12,003 [main] INFO  server.GrpcService (ConfUtils.java:logGet(46)) - raft.grpc.message.size.max = 32MB (=33554432) (custom)
2024-03-11 08:35:12,003 [main] INFO  server.RaftServerConfigKeys (ConfUtils.java:logGet(46)) - raft.server.log.appender.buffer.byte-limit = 8388608 (custom)
2024-03-11 08:35:12,004 [main] INFO  server.GrpcService (ConfUtils.java:logGet(46)) - raft.grpc.flow.control.window = 5MB (=5242880) (custom)
2024-03-11 08:35:12,004 [main] INFO  server.RaftServerConfigKeys (ConfUtils.java:logGet(46)) - raft.server.rpc.request.timeout = 60s (custom)
2024-03-11 08:35:12,004 [main] INFO  grpc.GrpcConfigKeys (ConfUtils.java:logGet(46)) - raft.grpc.server.heartbeat.channel = true (default)
2024-03-11 08:35:12,004 [main] INFO  grpc.GrpcConfigKeys (ConfUtils.java:logGet(46)) - raft.grpc.server.async.request.thread.pool.cached = true (default)
2024-03-11 08:35:12,004 [main] INFO  grpc.GrpcConfigKeys (ConfUtils.java:logGet(46)) - raft.grpc.server.async.request.thread.pool.size = 32 (default)
2024-03-11 08:35:12,006 [main] INFO  impl.DataStreamServerImpl (ConfUtils.java:logGet(46)) - raft.datastream.type = NETTY (custom)
2024-03-11 08:35:12,006 [main] INFO  server.RaftServerConfigKeys (ConfUtils.java:logGet(46)) - raft.server.data-stream.async.request.thread.pool.cached = false (default)
2024-03-11 08:35:12,007 [main] INFO  server.RaftServerConfigKeys (ConfUtils.java:logGet(46)) - raft.server.data-stream.async.request.thread.pool.size = 20 (custom)
2024-03-11 08:35:12,007 [main] INFO  server.RaftServerConfigKeys (ConfUtils.java:logGet(46)) - raft.server.data-stream.async.write.thread.pool.size = 16 (default)
2024-03-11 08:35:12,007 [main] INFO  netty.NettyConfigKeys$DataStream (ConfUtils.java:logGet(46)) - raft.netty.dataStream.server.channel.inactive.grace-period = 10min (default)
2024-03-11 08:35:12,007 [main] INFO  server.RaftServerConfigKeys (ConfUtils.java:logGet(46)) - raft.server.data-stream.client.pool.size = 10 (default)
2024-03-11 08:35:12,007 [main] INFO  netty.NettyConfigKeys$DataStream (ConfUtils.java:logGet(46)) - raft.netty.dataStream.server.use-epoll = true (default)
2024-03-11 08:35:12,008 [main] INFO  netty.NettyConfigKeys$DataStream (ConfUtils.java:logGet(46)) - raft.netty.dataStream.server.boss-group.size = 0 (default)
2024-03-11 08:35:12,008 [main] INFO  netty.NettyUtils (NettyUtils.java:newEventLoopGroup(69)) - Create EpollEventLoopGroup for d81587eb-d5f8-443f-9e72-95d00c5fcac0-NettyServerStreamRpc-bossGroup; Thread size is 0.
2024-03-11 08:35:12,008 [main] INFO  netty.NettyConfigKeys$DataStream (ConfUtils.java:logGet(46)) - raft.netty.dataStream.server.worker-group.size = 0 (default)
2024-03-11 08:35:12,008 [main] INFO  netty.NettyUtils (NettyUtils.java:newEventLoopGroup(69)) - Create EpollEventLoopGroup for d81587eb-d5f8-443f-9e72-95d00c5fcac0-NettyServerStreamRpc-workerGroup; Thread size is 0.
2024-03-11 08:35:12,009 [main] INFO  netty.NettyConfigKeys$DataStream (ConfUtils.java:logGet(46)) - raft.netty.dataStream.server.tls.conf = null (default)
2024-03-11 08:35:12,009 [main] INFO  netty.NettyConfigKeys$DataStream (ConfUtils.java:logGet(46)) - raft.netty.dataStream.host = null (default)
2024-03-11 08:35:12,009 [main] INFO  netty.NettyConfigKeys$DataStream (ConfUtils.java:logGet(46)) - raft.netty.dataStream.port = 15204 (custom)
2024-03-11 08:35:12,010 [main] INFO  server.RaftServerConfigKeys (ConfUtils.java:logGet(46)) - raft.server.sleep.deviation.threshold = 300ms (default)
2024-03-11 08:35:12,010 [main] INFO  server.RaftServerConfigKeys (ConfUtils.java:logGet(46)) - raft.server.close.threshold = 60s (default)
2024-03-11 08:35:12,010 [main] INFO  server.RaftServerConfigKeys (ConfUtils.java:logGet(46)) - raft.server.leaderelection.leader.step-down.wait-time = 10s (default)
2024-03-11 08:35:12,010 [main] INFO  server.RaftServerConfigKeys (ConfUtils.java:logGet(46)) - raft.server.storage.dir = [/home/runner/work/ozone/ozone/hadoop-ozone/integration-test/target/test-dir/MiniOzoneClusterImpl-c7fe89f3-570b-44cc-9eba-475ffdeb33a6/ozone-meta/datanode-2/ratis] (custom)
2024-03-11 08:35:12,010 [main] INFO  server.RaftServerConfigKeys (ConfUtils.java:logGet(46)) - raft.server.threadpool.proxy.cached = true (default)
2024-03-11 08:35:12,011 [main] INFO  server.RaftServerConfigKeys (ConfUtils.java:logGet(46)) - raft.server.threadpool.proxy.size = 0 (default)
2024-03-11 08:35:12,010 [d81587eb-d5f8-443f-9e72-95d00c5fcac0-NettyServerStreamRpc-bossGroup--thread1] INFO  logging.LoggingHandler (AbstractInternalLogger.java:log(148)) - [id: 0x5feb8419] REGISTERED
2024-03-11 08:35:12,011 [d81587eb-d5f8-443f-9e72-95d00c5fcac0-NettyServerStreamRpc-bossGroup--thread1] INFO  logging.LoggingHandler (AbstractInternalLogger.java:log(148)) - [id: 0x5feb8419] BIND: 0.0.0.0/0.0.0.0:15204
2024-03-11 08:35:12,011 [d81587eb-d5f8-443f-9e72-95d00c5fcac0-impl-thread1] INFO  server.RaftServer (RaftServerProxy.java:initGroupDir(264)) - d81587eb-d5f8-443f-9e72-95d00c5fcac0: found a subdirectory /home/runner/work/ozone/ozone/hadoop-ozone/integration-test/target/test-dir/MiniOzoneClusterImpl-c7fe89f3-570b-44cc-9eba-475ffdeb33a6/ozone-meta/datanode-2/ratis/tmp
2024-03-11 08:35:12,011 [d81587eb-d5f8-443f-9e72-95d00c5fcac0-NettyServerStreamRpc-bossGroup--thread1] INFO  logging.LoggingHandler (AbstractInternalLogger.java:log(148)) - [id: 0x5feb8419, L:/0.0.0.0:15204] ACTIVE
2024-03-11 08:35:12,011 [d81587eb-d5f8-443f-9e72-95d00c5fcac0-impl-thread1] INFO  server.RaftServer (RaftServerProxy.java:initGroupDir(269)) - d81587eb-d5f8-443f-9e72-95d00c5fcac0: The directory /home/runner/work/ozone/ozone/hadoop-ozone/integration-test/target/test-dir/MiniOzoneClusterImpl-c7fe89f3-570b-44cc-9eba-475ffdeb33a6/ozone-meta/datanode-2/ratis/tmp is not a group directory; ignoring it. 
2024-03-11 08:35:12,011 [main] INFO  replication.ReplicationServer (ReplicationServer.java:<init>(86)) - Initializing replication server with thread count = 10 queue length = 4096
2024-03-11 08:35:12,013 [main] INFO  server.XceiverServerGrpc (XceiverServerGrpc.java:<init>(141)) - GrpcServer channel type EpollServerSocketChannel
2024-03-11 08:35:12,014 [main] INFO  replication.ReplicationSupervisor (ReplicationSupervisor.java:build(163)) - Initializing replication supervisor with thread count = 10
2024-03-11 08:35:12,014 [main] INFO  replication.ReplicationSupervisor (ReplicationSupervisor.java:nodeStateUpdated(317)) - Node state updated to IN_SERVICE, scaling executor pool size to 10
2024-03-11 08:35:12,015 [main] INFO  http.BaseHttpServer (BaseHttpServer.java:newHttpServer2BuilderForOzone(223)) - Starting Web-server for hddsDatanode at: http://0.0.0.0:15198
2024-03-11 08:35:12,015 [main] INFO  http.BaseHttpServer (BaseHttpServer.java:<init>(110)) - Hadoop Security Enabled: false Ozone Security Enabled: false Ozone HTTP Security Enabled: false 
2024-03-11 08:35:12,016 [main] WARN  server.AuthenticationFilter (AuthenticationFilter.java:constructSecretProvider(240)) - Unable to initialize FileSignerSecretProvider, falling back to use random secrets. Reason: Could not read signature secret file: /home/runner/hadoop-http-auth-signature-secret
2024-03-11 08:35:12,016 [main] INFO  http.HttpRequestLog (HttpRequestLog.java:getRequestLog(86)) - Http request log for http.requests.hddsDatanode is not defined
2024-03-11 08:35:12,017 [main] INFO  http.HttpServer2 (HttpServer2.java:addGlobalFilter(1036)) - Added global filter 'safety' (class=org.apache.hadoop.hdds.server.http.HttpServer2$QuotingInputFilter)
2024-03-11 08:35:12,017 [main] INFO  http.HttpServer2 (HttpServer2.java:addFilter(1012)) - Added filter static_user_filter (class=org.apache.hadoop.http.lib.StaticUserWebFilter$StaticUserFilter) to context hddsDatanode
2024-03-11 08:35:12,017 [main] INFO  http.HttpServer2 (HttpServer2.java:addFilter(1020)) - Added filter static_user_filter (class=org.apache.hadoop.http.lib.StaticUserWebFilter$StaticUserFilter) to context logs
2024-03-11 08:35:12,017 [main] INFO  http.HttpServer2 (HttpServer2.java:addFilter(1020)) - Added filter static_user_filter (class=org.apache.hadoop.http.lib.StaticUserWebFilter$StaticUserFilter) to context static
2024-03-11 08:35:12,017 [main] INFO  http.BaseHttpServer (BaseHttpServer.java:<init>(189)) - HTTP server of hddsDatanode uses base directory /home/runner/work/ozone/ozone/hadoop-ozone/integration-test/target/test-dir/MiniOzoneClusterImpl-c7fe89f3-570b-44cc-9eba-475ffdeb33a6/ozone-meta/datanode-2/meta/webserver
2024-03-11 08:35:12,017 [main] INFO  http.HttpServer2 (HttpServer2.java:bindListener(1236)) - Jetty bound to port 15198
2024-03-11 08:35:12,018 [main] INFO  server.Server (Server.java:doStart(375)) - jetty-9.4.53.v20231009; built: 2023-10-09T12:29:09.265Z; git: 27bde00a0b95a1d5bbee0eae7984f891d2d0f8c9; jvm 1.8.0_402-b06
2024-03-11 08:35:12,018 [main] INFO  server.session (DefaultSessionIdManager.java:doStart(334)) - DefaultSessionIdManager workerName=node0
2024-03-11 08:35:12,018 [main] INFO  server.session (DefaultSessionIdManager.java:doStart(339)) - No SessionScavenger set, using defaults
2024-03-11 08:35:12,019 [main] INFO  server.session (HouseKeeper.java:startScavenging(132)) - node0 Scavenging every 660000ms
2024-03-11 08:35:12,019 [main] INFO  handler.ContextHandler (ContextHandler.java:doStart(921)) - Started o.e.j.s.ServletContextHandler@57f185e6{logs,/logs,file:///home/runner/work/ozone/ozone/hadoop-ozone/integration-test/target/log,AVAILABLE}
2024-03-11 08:35:12,019 [main] INFO  handler.ContextHandler (ContextHandler.java:doStart(921)) - Started o.e.j.s.ServletContextHandler@208ba9c7{static,/static,jar:file:/home/runner/.m2/repository/org/apache/ozone/hdds-container-service/1.5.0-SNAPSHOT/hdds-container-service-1.5.0-SNAPSHOT.jar!/webapps/static,AVAILABLE}
2024-03-11 08:35:12,051 [main] INFO  handler.ContextHandler (ContextHandler.java:doStart(921)) - Started o.e.j.w.WebAppContext@1d4738db{hddsDatanode,/,file:///home/runner/work/ozone/ozone/hadoop-ozone/integration-test/target/test-dir/MiniOzoneClusterImpl-c7fe89f3-570b-44cc-9eba-475ffdeb33a6/ozone-meta/datanode-2/meta/webserver/jetty-0_0_0_0-15198-hdds-container-service-1_5_0-SNAPSHOT_jar-_-any-6562152465676314316/webapp/,AVAILABLE}{jar:file:/home/runner/.m2/repository/org/apache/ozone/hdds-container-service/1.5.0-SNAPSHOT/hdds-container-service-1.5.0-SNAPSHOT.jar!/webapps/hddsDatanode}
2024-03-11 08:35:12,052 [main] INFO  server.AbstractConnector (AbstractConnector.java:doStart(333)) - Started ServerConnector@18338e54{HTTP/1.1, (http/1.1)}{0.0.0.0:15198}
2024-03-11 08:35:12,052 [main] INFO  server.Server (Server.java:doStart(415)) - Started @526823ms
2024-03-11 08:35:12,052 [main] WARN  impl.MetricsSystemImpl (MetricsSystemImpl.java:register(279)) - Sink prometheus already exists!
2024-03-11 08:35:12,052 [main] INFO  http.BaseHttpServer (BaseHttpServer.java:updateConnectorAddress(354)) - HTTP server of hddsDatanode listening at http://0.0.0.0:15198
2024-03-11 08:35:12,053 [main] INFO  ipc.CallQueueManager (CallQueueManager.java:<init>(90)) - Using callQueue: class java.util.concurrent.LinkedBlockingQueue, queueCapacity: 100, scheduler: class org.apache.hadoop.ipc.DefaultRpcScheduler, ipcBackoff: false.
2024-03-11 08:35:12,053 [main] INFO  ipc.Server (Server.java:<init>(1287)) - Listener at 0.0.0.0:15199
2024-03-11 08:35:12,053 [Socket Reader #1 for port 15199] INFO  ipc.Server (Server.java:run(1323)) - Starting Socket Reader #1 for port 15199
2024-03-11 08:35:12,059 [main] INFO  ozone.HddsDatanodeService (HddsDatanodeService.java:start(327)) - Datanode start with admins: [*, runner]
2024-03-11 08:35:12,059 [main] INFO  ozone.HddsDatanodeClientProtocolServer (HddsDatanodeClientProtocolServer.java:start(77)) - RPC server for Client /0.0.0.0:15199
2024-03-11 08:35:12,059 [IPC Server Responder] INFO  ipc.Server (Server.java:run(1562)) - IPC Server Responder: starting
2024-03-11 08:35:12,059 [IPC Server listener on 15199] INFO  ipc.Server (Server.java:run(1402)) - IPC Server listener on 15199: starting
2024-03-11 08:35:12,060 [main] WARN  dropwizard3.Dm3MetricRegistriesImpl (Dm3MetricRegistriesImpl.java:addReporterRegistration(113)) - New reporters are added after registries were created. Some metrics will be missing from the reporter. Please add reporter before adding any new registry.
2024-03-11 08:35:12,060 [d81587eb-d5f8-443f-9e72-95d00c5fcac0-DatanodeStateMachineDaemonThread] INFO  statemachine.DatanodeStateMachine (DatanodeStateMachine.java:lambda$startDaemon$1(555)) - Ozone container server started.
2024-03-11 08:35:12,060 [main] WARN  dropwizard3.Dm3MetricRegistriesImpl (Dm3MetricRegistriesImpl.java:addReporterRegistration(113)) - New reporters are added after registries were created. Some metrics will be missing from the reporter. Please add reporter before adding any new registry.
2024-03-11 08:35:12,062 [main] INFO  impl.MetricsSystemImpl (MetricsSystemImpl.java:init(158)) - HddsDatanode metrics system started (again)
2024-03-11 08:35:12,064 [d81587eb-d5f8-443f-9e72-95d00c5fcac0-DatanodeStateMachineTaskThread-0] INFO  datanode.InitDatanodeState (InitDatanodeState.java:persistContainerDatanodeDetails(139)) - DatanodeDetails is persisted to /home/runner/work/ozone/ozone/hadoop-ozone/integration-test/target/test-dir/MiniOzoneClusterImpl-c7fe89f3-570b-44cc-9eba-475ffdeb33a6/ozone-meta/datanode-2/meta/datanode.id
2024-03-11 08:35:12,071 [main] INFO  ozone.HddsDatanodeService (HddsDatanodeService.java:start(240)) - HddsDatanodeService host:fv-az1250-130.ebmzynhy2g4u3nwuixrszff3we.cx.internal.cloudapp.net ip:10.1.0.9
2024-03-11 08:35:12,077 [omNode-1@group-523986131536-FollowerState] INFO  impl.FollowerState (FollowerState.java:run(143)) - omNode-1@group-523986131536-FollowerState: change to CANDIDATE, lastRpcElapsedTime:1200373847ns, electionTimeout:1200ms
2024-03-11 08:35:12,077 [omNode-1@group-523986131536-FollowerState] INFO  impl.RoleInfo (RoleInfo.java:shutdownFollowerState(110)) - omNode-1: shutdown omNode-1@group-523986131536-FollowerState
2024-03-11 08:35:12,077 [omNode-1@group-523986131536-FollowerState] INFO  server.RaftServer$Division (RaftServerImpl.java:setRole(383)) - omNode-1@group-523986131536: changes role from  FOLLOWER to CANDIDATE at term 0 for changeToCandidate
2024-03-11 08:35:12,077 [omNode-1@group-523986131536-FollowerState] INFO  server.RaftServerConfigKeys (ConfUtils.java:logGet(46)) - raft.server.leaderelection.pre-vote = true (default)
2024-03-11 08:35:12,077 [omNode-1@group-523986131536-FollowerState] INFO  impl.RoleInfo (RoleInfo.java:updateAndGet(139)) - omNode-1: start omNode-1@group-523986131536-LeaderElection39
2024-03-11 08:35:12,079 [omNode-1@group-523986131536-LeaderElection39] INFO  impl.LeaderElection (LeaderElection.java:askForVotes(321)) - omNode-1@group-523986131536-LeaderElection39 PRE_VOTE round 0: submit vote requests at term 0 for -1: peers:[omNode-3|localhost:15187, omNode-1|localhost:15179, omNode-2|localhost:15183]|listeners:[], old=null
2024-03-11 08:35:12,080 [omNode-1@group-523986131536-LeaderElection39] INFO  server.RaftServerConfigKeys (ConfUtils.java:logFallback(53)) - raft.server.rpc.first-election.timeout.min = 1s (fallback to raft.server.rpc.timeout.min)
2024-03-11 08:35:12,080 [omNode-1@group-523986131536-LeaderElection39-1] INFO  server.GrpcServerProtocolClient (GrpcServerProtocolClient.java:<init>(65)) - Build channel for omNode-3|localhost:15187
2024-03-11 08:35:12,080 [omNode-1@group-523986131536-LeaderElection39] INFO  server.RaftServerConfigKeys (ConfUtils.java:logFallback(53)) - raft.server.rpc.first-election.timeout.max = 1200ms (fallback to raft.server.rpc.timeout.max)
2024-03-11 08:35:12,080 [omNode-1@group-523986131536-LeaderElection39-2] INFO  server.GrpcServerProtocolClient (GrpcServerProtocolClient.java:<init>(65)) - Build channel for omNode-2|localhost:15183
2024-03-11 08:35:12,088 [grpc-default-executor-0] INFO  server.RaftServer$Division (RaftServerImpl.java:requestVote(1389)) - omNode-2@group-523986131536: receive requestVote(PRE_VOTE, omNode-1, group-523986131536, 0, (t:0, i:~))
2024-03-11 08:35:12,088 [grpc-default-executor-0] INFO  impl.VoteContext (VoteContext.java:log(49)) - omNode-2@group-523986131536-FOLLOWER: accept PRE_VOTE from omNode-1: our priority 0 <= candidate's priority 0
2024-03-11 08:35:12,088 [grpc-default-executor-0] INFO  server.RaftServer$Division (RaftServerImpl.java:requestVote(1422)) - omNode-2@group-523986131536 replies to PRE_VOTE vote request: omNode-1<-omNode-2#0:OK-t0. Peer's state: omNode-2@group-523986131536:t0, leader=null, voted=, raftlog=Memoized:omNode-2@group-523986131536-SegmentedRaftLog:OPENED:c-1, conf=-1: peers:[omNode-3|localhost:15187, omNode-1|localhost:15179, omNode-2|localhost:15183]|listeners:[], old=null
2024-03-11 08:35:12,089 [omNode-1@group-523986131536-LeaderElection39] INFO  impl.LeaderElection (LeaderElection.java:logAndReturn(89)) - omNode-1@group-523986131536-LeaderElection39: PRE_VOTE PASSED received 1 response(s) and 0 exception(s):
2024-03-11 08:35:12,089 [omNode-1@group-523986131536-LeaderElection39] INFO  impl.LeaderElection (LeaderElection.java:logAndReturn(93)) -   Response 0: omNode-1<-omNode-2#0:OK-t0
2024-03-11 08:35:12,090 [omNode-1@group-523986131536-LeaderElection39] INFO  impl.LeaderElection (LeaderElection.java:askForVotes(323)) - omNode-1@group-523986131536-LeaderElection39 PRE_VOTE round 0: result PASSED
2024-03-11 08:35:12,091 [grpc-default-executor-0] INFO  server.RaftServer$Division (RaftServerImpl.java:requestVote(1389)) - omNode-3@group-523986131536: receive requestVote(PRE_VOTE, omNode-1, group-523986131536, 0, (t:0, i:~))
2024-03-11 08:35:12,091 [grpc-default-executor-0] INFO  impl.VoteContext (VoteContext.java:log(49)) - omNode-3@group-523986131536-FOLLOWER: accept PRE_VOTE from omNode-1: our priority 0 <= candidate's priority 0
2024-03-11 08:35:12,091 [grpc-default-executor-0] INFO  server.RaftServer$Division (RaftServerImpl.java:requestVote(1422)) - omNode-3@group-523986131536 replies to PRE_VOTE vote request: omNode-1<-omNode-3#0:OK-t0. Peer's state: omNode-3@group-523986131536:t0, leader=null, voted=, raftlog=Memoized:omNode-3@group-523986131536-SegmentedRaftLog:OPENED:c-1, conf=-1: peers:[omNode-3|localhost:15187, omNode-1|localhost:15179, omNode-2|localhost:15183]|listeners:[], old=null
2024-03-11 08:35:12,092 [omNode-1@group-523986131536-LeaderElection39] INFO  impl.LeaderElection (LeaderElection.java:askForVotes(321)) - omNode-1@group-523986131536-LeaderElection39 ELECTION round 0: submit vote requests at term 1 for -1: peers:[omNode-3|localhost:15187, omNode-1|localhost:15179, omNode-2|localhost:15183]|listeners:[], old=null
2024-03-11 08:35:12,093 [omNode-1@group-523986131536-LeaderElection39] INFO  server.RaftServerConfigKeys (ConfUtils.java:logFallback(53)) - raft.server.rpc.first-election.timeout.min = 1s (fallback to raft.server.rpc.timeout.min)
2024-03-11 08:35:12,093 [omNode-1@group-523986131536-LeaderElection39] INFO  server.RaftServerConfigKeys (ConfUtils.java:logFallback(53)) - raft.server.rpc.first-election.timeout.max = 1200ms (fallback to raft.server.rpc.timeout.max)
2024-03-11 08:35:12,094 [main] INFO  upgrade.AbstractLayoutVersionManager (AbstractLayoutVersionManager.java:init(83)) - Initializing Layout version manager with metadata layout = HADOOP_PRC_PORTS_IN_DATANODEDETAILS (version = 7), software layout = HADOOP_PRC_PORTS_IN_DATANODEDETAILS (version = 7)
2024-03-11 08:35:12,094 [grpc-default-executor-0] INFO  server.RaftServer$Division (RaftServerImpl.java:requestVote(1389)) - omNode-3@group-523986131536: receive requestVote(ELECTION, omNode-1, group-523986131536, 1, (t:0, i:~))
2024-03-11 08:35:12,094 [grpc-default-executor-0] INFO  impl.VoteContext (VoteContext.java:log(49)) - omNode-3@group-523986131536-FOLLOWER: accept ELECTION from omNode-1: our priority 0 <= candidate's priority 0
2024-03-11 08:35:12,094 [grpc-default-executor-0] INFO  server.RaftServer$Division (RaftServerImpl.java:setRole(383)) - omNode-3@group-523986131536: changes role from  FOLLOWER to FOLLOWER at term 1 for candidate:omNode-1
2024-03-11 08:35:12,094 [main] INFO  statemachine.DatanodeStateMachine (DatanodeStateMachine.java:getEndPointTaskThreadPoolSize(299)) - Datanode State Machine Task Thread Pool size 2
2024-03-11 08:35:12,094 [grpc-default-executor-0] INFO  impl.RoleInfo (RoleInfo.java:shutdownFollowerState(110)) - omNode-3: shutdown omNode-3@group-523986131536-FollowerState
2024-03-11 08:35:12,095 [grpc-default-executor-0] INFO  impl.RoleInfo (RoleInfo.java:updateAndGet(139)) - omNode-3: start omNode-3@group-523986131536-FollowerState
2024-03-11 08:35:12,095 [omNode-3@group-523986131536-FollowerState] INFO  impl.FollowerState (FollowerState.java:run(152)) - omNode-3@group-523986131536-FollowerState was interrupted
2024-03-11 08:35:12,095 [grpc-default-executor-0] INFO  server.RaftServer$Division (RaftServerImpl.java:setFirstElection(574)) - omNode-3@group-523986131536: set firstElectionSinceStartup to false for candidate:omNode-1
2024-03-11 08:35:12,097 [main] INFO  volume.HddsVolume (HddsVolume.java:<init>(125)) - Creating HddsVolume: /home/runner/work/ozone/ozone/hadoop-ozone/integration-test/target/test-dir/MiniOzoneClusterImpl-c7fe89f3-570b-44cc-9eba-475ffdeb33a6/ozone-meta/datanode-3/data-0/hdds of storage type : DISK capacity : 9223372036854775807
2024-03-11 08:35:12,097 [main] INFO  volume.MutableVolumeSet (MutableVolumeSet.java:initializeVolumeSet(173)) - Added Volume : /home/runner/work/ozone/ozone/hadoop-ozone/integration-test/target/test-dir/MiniOzoneClusterImpl-c7fe89f3-570b-44cc-9eba-475ffdeb33a6/ozone-meta/datanode-3/data-0/hdds to VolumeSet
2024-03-11 08:35:12,098 [main] INFO  volume.MutableVolumeSet (MutableVolumeSet.java:initializeVolumeSet(173)) - Added Volume : /home/runner/work/ozone/ozone/hadoop-ozone/integration-test/target/test-dir/MiniOzoneClusterImpl-c7fe89f3-570b-44cc-9eba-475ffdeb33a6/ozone-meta/datanode-3/ratis to VolumeSet
2024-03-11 08:35:12,098 [grpc-default-executor-0] INFO  server.RaftServer$Division (RaftServerImpl.java:requestVote(1422)) - omNode-3@group-523986131536 replies to ELECTION vote request: omNode-1<-omNode-3#0:OK-t1. Peer's state: omNode-3@group-523986131536:t1, leader=null, voted=omNode-1, raftlog=Memoized:omNode-3@group-523986131536-SegmentedRaftLog:OPENED:c-1, conf=-1: peers:[omNode-3|localhost:15187, omNode-1|localhost:15179, omNode-2|localhost:15183]|listeners:[], old=null
2024-03-11 08:35:12,099 [grpc-default-executor-0] INFO  server.RaftServer$Division (RaftServerImpl.java:requestVote(1389)) - omNode-2@group-523986131536: receive requestVote(ELECTION, omNode-1, group-523986131536, 1, (t:0, i:~))
2024-03-11 08:35:12,099 [grpc-default-executor-0] INFO  impl.VoteContext (VoteContext.java:log(49)) - omNode-2@group-523986131536-FOLLOWER: accept ELECTION from omNode-1: our priority 0 <= candidate's priority 0
2024-03-11 08:35:12,099 [grpc-default-executor-0] INFO  server.RaftServer$Division (RaftServerImpl.java:setRole(383)) - omNode-2@group-523986131536: changes role from  FOLLOWER to FOLLOWER at term 1 for candidate:omNode-1
2024-03-11 08:35:12,099 [grpc-default-executor-0] INFO  impl.RoleInfo (RoleInfo.java:shutdownFollowerState(110)) - omNode-2: shutdown omNode-2@group-523986131536-FollowerState
2024-03-11 08:35:12,099 [omNode-1@group-523986131536-LeaderElection39] INFO  impl.LeaderElection (LeaderElection.java:logAndReturn(89)) - omNode-1@group-523986131536-LeaderElection39: ELECTION PASSED received 1 response(s) and 0 exception(s):
2024-03-11 08:35:12,099 [main] INFO  ozoneimpl.OzoneContainer (HddsVolumeUtil.java:loadAllHddsVolumeDbStore(103)) - Load 1 volumes DbStore cost: 1ms
2024-03-11 08:35:12,099 [omNode-1@group-523986131536-LeaderElection39] INFO  impl.LeaderElection (LeaderElection.java:logAndReturn(93)) -   Response 0: omNode-1<-omNode-3#0:OK-t1
2024-03-11 08:35:12,099 [omNode-1@group-523986131536-LeaderElection39] INFO  impl.LeaderElection (LeaderElection.java:askForVotes(323)) - omNode-1@group-523986131536-LeaderElection39 ELECTION round 0: result PASSED
2024-03-11 08:35:12,100 [omNode-1@group-523986131536-LeaderElection39] INFO  impl.RoleInfo (RoleInfo.java:shutdownLeaderElection(130)) - omNode-1: shutdown omNode-1@group-523986131536-LeaderElection39
2024-03-11 08:35:12,100 [omNode-1@group-523986131536-LeaderElection39] INFO  server.RaftServer$Division (RaftServerImpl.java:setRole(383)) - omNode-1@group-523986131536: changes role from CANDIDATE to LEADER at term 1 for changeToLeader
2024-03-11 08:35:12,100 [omNode-1@group-523986131536-LeaderElection39] INFO  server.RaftServerConfigKeys (ConfUtils.java:logGet(46)) - raft.server.staging.catchup.gap = 1000 (default)
2024-03-11 08:35:12,100 [omNode-1@group-523986131536-LeaderElection39] INFO  server.RaftServerConfigKeys (ConfUtils.java:logGet(46)) - raft.server.write.element-limit = 4096 (default)
2024-03-11 08:35:12,100 [omNode-1@group-523986131536-LeaderElection39] INFO  server.RaftServerConfigKeys (ConfUtils.java:logGet(46)) - raft.server.write.byte-limit = 64MB (=67108864) (default)
2024-03-11 08:35:12,100 [grpc-default-executor-0] INFO  impl.RoleInfo (RoleInfo.java:updateAndGet(139)) - omNode-2: start omNode-2@group-523986131536-FollowerState
2024-03-11 08:35:12,100 [omNode-2@group-523986131536-FollowerState] INFO  impl.FollowerState (FollowerState.java:run(152)) - omNode-2@group-523986131536-FollowerState was interrupted
2024-03-11 08:35:12,100 [omNode-1@group-523986131536-LeaderElection39] INFO  server.RaftServerConfigKeys (ConfUtils.java:logGet(46)) - raft.server.watch.timeout = 10s (default)
2024-03-11 08:35:12,100 [grpc-default-executor-0] INFO  server.RaftServer$Division (RaftServerImpl.java:setFirstElection(574)) - omNode-2@group-523986131536: set firstElectionSinceStartup to false for candidate:omNode-1
2024-03-11 08:35:12,100 [omNode-1@group-523986131536-LeaderElection39] INFO  server.RaftServerConfigKeys (ConfUtils.java:logGet(46)) - raft.server.watch.timeout.denomination = 1s (default)
2024-03-11 08:35:12,101 [omNode-1@group-523986131536-LeaderElection39] INFO  server.RaftServerConfigKeys (ConfUtils.java:logGet(46)) - raft.server.watch.element-limit = 65536 (default)
2024-03-11 08:35:12,101 [omNode-1@group-523986131536-LeaderElection39] INFO  server.RaftServerConfigKeys (ConfUtils.java:logGet(46)) - raft.server.read.leader.lease.enabled = false (default)
2024-03-11 08:35:12,101 [omNode-1@group-523986131536-LeaderElection39] INFO  server.RaftServerConfigKeys (ConfUtils.java:logGet(46)) - raft.server.read.leader.lease.timeout.ratio = 0.9 (default)
2024-03-11 08:35:12,101 [omNode-1@group-523986131536-LeaderElection39] INFO  server.RaftServerConfigKeys (ConfUtils.java:logGet(46)) - raft.server.rpc.timeout.min = 1s (custom)
2024-03-11 08:35:12,101 [omNode-1@group-523986131536-LeaderElection39] INFO  server.RaftServerConfigKeys (ConfUtils.java:logGet(46)) - raft.server.write.element-limit = 4096 (default)
2024-03-11 08:35:12,101 [omNode-1@group-523986131536-LeaderElection39] INFO  server.RaftServerConfigKeys (ConfUtils.java:logGet(46)) - raft.server.write.follower.gap.ratio.max = -1.0 (default)
2024-03-11 08:35:12,102 [omNode-1@group-523986131536-LeaderElection39] INFO  server.RaftServerConfigKeys (ConfUtils.java:logGet(46)) - raft.server.log.appender.snapshot.chunk.size.max = 16MB (=16777216) (default)
2024-03-11 08:35:12,102 [omNode-1@group-523986131536-LeaderElection39] INFO  server.RaftServerConfigKeys (ConfUtils.java:logGet(46)) - raft.server.log.appender.buffer.byte-limit = 4194304 (custom)
2024-03-11 08:35:12,102 [omNode-1@group-523986131536-LeaderElection39] INFO  server.RaftServerConfigKeys (ConfUtils.java:logGet(46)) - raft.server.log.appender.buffer.element-limit = 1024 (custom)
2024-03-11 08:35:12,102 [omNode-1@group-523986131536-LeaderElection39] INFO  server.RaftServerConfigKeys (ConfUtils.java:logGet(46)) - raft.server.log.appender.wait-time.min = 0ms (custom)
2024-03-11 08:35:12,102 [omNode-1@group-523986131536-LeaderElection39] INFO  grpc.GrpcConfigKeys (ConfUtils.java:logGet(46)) - raft.grpc.server.leader.outstanding.appends.max = 8 (default)
2024-03-11 08:35:12,102 [omNode-1@group-523986131536-LeaderElection39] INFO  server.RaftServerConfigKeys (ConfUtils.java:logGet(46)) - raft.server.rpc.request.timeout = 3000ms (default)
2024-03-11 08:35:12,102 [omNode-1@group-523986131536-LeaderElection39] INFO  grpc.GrpcConfigKeys (ConfUtils.java:logGet(46)) - raft.grpc.server.install_snapshot.request.element-limit = 8 (default)
2024-03-11 08:35:12,102 [omNode-1@group-523986131536-LeaderElection39] INFO  grpc.GrpcConfigKeys (ConfUtils.java:logGet(46)) - raft.grpc.server.install_snapshot.request.timeout = 3000ms (default)
2024-03-11 08:35:12,102 [omNode-1@group-523986131536-LeaderElection39] INFO  grpc.GrpcConfigKeys (ConfUtils.java:logGet(46)) - raft.grpc.server.log-message.batch.duration = 5s (default)
2024-03-11 08:35:12,102 [omNode-1@group-523986131536-LeaderElection39] INFO  server.RaftServerConfigKeys (ConfUtils.java:logGet(46)) - raft.server.log.appender.install.snapshot.enabled = false (custom)
2024-03-11 08:35:12,102 [omNode-1@group-523986131536-LeaderElection39] INFO  grpc.GrpcConfigKeys (ConfUtils.java:logGet(46)) - raft.grpc.server.heartbeat.channel = true (default)
2024-03-11 08:35:12,102 [main] INFO  server.RaftServer (ConfUtils.java:logGet(46)) - raft.rpc.type = GRPC (default)
2024-03-11 08:35:12,102 [grpc-default-executor-0] INFO  server.RaftServer$Division (RaftServerImpl.java:requestVote(1422)) - omNode-2@group-523986131536 replies to ELECTION vote request: omNode-1<-omNode-2#0:OK-t1. Peer's state: omNode-2@group-523986131536:t1, leader=null, voted=omNode-1, raftlog=Memoized:omNode-2@group-523986131536-SegmentedRaftLog:OPENED:c-1, conf=-1: peers:[omNode-3|localhost:15187, omNode-1|localhost:15179, omNode-2|localhost:15183]|listeners:[], old=null
2024-03-11 08:35:12,103 [main] INFO  grpc.GrpcConfigKeys (ConfUtils.java:logFallback(53)) - raft.grpc.admin.host = null (fallback to raft.grpc.server.host)
2024-03-11 08:35:12,103 [main] INFO  grpc.GrpcConfigKeys (ConfUtils.java:logGet(46)) - raft.grpc.admin.port = 15211 (custom)
2024-03-11 08:35:12,103 [main] INFO  grpc.GrpcConfigKeys (ConfUtils.java:logFallback(53)) - raft.grpc.client.host = null (fallback to raft.grpc.server.host)
2024-03-11 08:35:12,103 [main] INFO  grpc.GrpcConfigKeys (ConfUtils.java:logGet(46)) - raft.grpc.client.port = 15210 (custom)
2024-03-11 08:35:12,103 [main] INFO  grpc.GrpcConfigKeys (ConfUtils.java:logGet(46)) - raft.grpc.server.host = null (default)
2024-03-11 08:35:12,103 [omNode-1@group-523986131536-LeaderElection39] INFO  server.RaftServerConfigKeys (ConfUtils.java:logGet(46)) - raft.server.log.appender.snapshot.chunk.size.max = 16MB (=16777216) (default)
2024-03-11 08:35:12,104 [omNode-1@group-523986131536-LeaderElection39] INFO  server.RaftServerConfigKeys (ConfUtils.java:logGet(46)) - raft.server.log.appender.buffer.byte-limit = 4194304 (custom)
2024-03-11 08:35:12,104 [omNode-1@group-523986131536-LeaderElection39] INFO  server.RaftServerConfigKeys (ConfUtils.java:logGet(46)) - raft.server.log.appender.buffer.element-limit = 1024 (custom)
2024-03-11 08:35:12,104 [omNode-1@group-523986131536-LeaderElection39] INFO  server.RaftServerConfigKeys (ConfUtils.java:logGet(46)) - raft.server.log.appender.wait-time.min = 0ms (custom)
2024-03-11 08:35:12,104 [omNode-1@group-523986131536-LeaderElection39] INFO  grpc.GrpcConfigKeys (ConfUtils.java:logGet(46)) - raft.grpc.server.leader.outstanding.appends.max = 8 (default)
2024-03-11 08:35:12,104 [omNode-1@group-523986131536-LeaderElection39] INFO  server.RaftServerConfigKeys (ConfUtils.java:logGet(46)) - raft.server.rpc.request.timeout = 3000ms (default)
2024-03-11 08:35:12,104 [omNode-1@group-523986131536-LeaderElection39] INFO  grpc.GrpcConfigKeys (ConfUtils.java:logGet(46)) - raft.grpc.server.install_snapshot.request.element-limit = 8 (default)
2024-03-11 08:35:12,104 [omNode-1@group-523986131536-LeaderElection39] INFO  grpc.GrpcConfigKeys (ConfUtils.java:logGet(46)) - raft.grpc.server.install_snapshot.request.timeout = 3000ms (default)
2024-03-11 08:35:12,104 [omNode-1@group-523986131536-LeaderElection39] INFO  grpc.GrpcConfigKeys (ConfUtils.java:logGet(46)) - raft.grpc.server.log-message.batch.duration = 5s (default)
2024-03-11 08:35:12,104 [omNode-1@group-523986131536-LeaderElection39] INFO  server.RaftServerConfigKeys (ConfUtils.java:logGet(46)) - raft.server.log.appender.install.snapshot.enabled = false (custom)
2024-03-11 08:35:12,104 [omNode-1@group-523986131536-LeaderElection39] INFO  grpc.GrpcConfigKeys (ConfUtils.java:logGet(46)) - raft.grpc.server.heartbeat.channel = true (default)
2024-03-11 08:35:12,104 [omNode-1@group-523986131536-LeaderElection39] INFO  impl.RoleInfo (RoleInfo.java:updateAndGet(139)) - omNode-1: start omNode-1@group-523986131536-LeaderStateImpl
2024-03-11 08:35:12,104 [omNode-1@group-523986131536-LeaderElection39] INFO  server.RaftServer$Division (RaftServerImpl.java:setFirstElection(574)) - omNode-1@group-523986131536: set firstElectionSinceStartup to false for becomeLeader
2024-03-11 08:35:12,104 [omNode-1@group-523986131536-LeaderElection39] INFO  server.RaftServer$Division (ServerState.java:setLeader(269)) - omNode-1@group-523986131536: change Leader from null to omNode-1 at term 1 for becomeLeader, leader elected after 1425ms
2024-03-11 08:35:12,105 [omNode-1@group-523986131536-LeaderElection39] INFO  segmented.SegmentedRaftLogWorker (SegmentedRaftLogWorker.java:startLogSegment(430)) - omNode-1@group-523986131536-SegmentedRaftLogWorker: Starting segment from index:0
2024-03-11 08:35:12,105 [main] INFO  grpc.GrpcConfigKeys (ConfUtils.java:logGet(46)) - raft.grpc.server.port = 15212 (custom)
2024-03-11 08:35:12,106 [main] INFO  server.GrpcService (ConfUtils.java:logGet(46)) - raft.grpc.message.size.max = 32MB (=33554432) (custom)
2024-03-11 08:35:12,106 [main] INFO  server.RaftServerConfigKeys (ConfUtils.java:logGet(46)) - raft.server.log.appender.buffer.byte-limit = 8388608 (custom)
2024-03-11 08:35:12,106 [main] INFO  server.GrpcService (ConfUtils.java:logGet(46)) - raft.grpc.flow.control.window = 5MB (=5242880) (custom)
2024-03-11 08:35:12,106 [main] INFO  server.RaftServerConfigKeys (ConfUtils.java:logGet(46)) - raft.server.rpc.request.timeout = 60s (custom)
2024-03-11 08:35:12,106 [main] INFO  grpc.GrpcConfigKeys (ConfUtils.java:logGet(46)) - raft.grpc.server.heartbeat.channel = true (default)
2024-03-11 08:35:12,107 [main] INFO  grpc.GrpcConfigKeys (ConfUtils.java:logGet(46)) - raft.grpc.server.async.request.thread.pool.cached = true (default)
2024-03-11 08:35:12,107 [main] INFO  grpc.GrpcConfigKeys (ConfUtils.java:logGet(46)) - raft.grpc.server.async.request.thread.pool.size = 32 (default)
2024-03-11 08:35:12,109 [main] INFO  impl.DataStreamServerImpl (ConfUtils.java:logGet(46)) - raft.datastream.type = NETTY (custom)
2024-03-11 08:35:12,109 [main] INFO  server.RaftServerConfigKeys (ConfUtils.java:logGet(46)) - raft.server.data-stream.async.request.thread.pool.cached = false (default)
2024-03-11 08:35:12,109 [main] INFO  server.RaftServerConfigKeys (ConfUtils.java:logGet(46)) - raft.server.data-stream.async.request.thread.pool.size = 20 (custom)
2024-03-11 08:35:12,110 [main] INFO  server.RaftServerConfigKeys (ConfUtils.java:logGet(46)) - raft.server.data-stream.async.write.thread.pool.size = 16 (default)
2024-03-11 08:35:12,110 [main] INFO  netty.NettyConfigKeys$DataStream (ConfUtils.java:logGet(46)) - raft.netty.dataStream.server.channel.inactive.grace-period = 10min (default)
2024-03-11 08:35:12,110 [main] INFO  server.RaftServerConfigKeys (ConfUtils.java:logGet(46)) - raft.server.data-stream.client.pool.size = 10 (default)
2024-03-11 08:35:12,110 [main] INFO  netty.NettyConfigKeys$DataStream (ConfUtils.java:logGet(46)) - raft.netty.dataStream.server.use-epoll = true (default)
2024-03-11 08:35:12,110 [main] INFO  netty.NettyConfigKeys$DataStream (ConfUtils.java:logGet(46)) - raft.netty.dataStream.server.boss-group.size = 0 (default)
2024-03-11 08:35:12,110 [main] INFO  netty.NettyUtils (NettyUtils.java:newEventLoopGroup(69)) - Create EpollEventLoopGroup for fe1a3415-0d95-46e3-9e86-5c0a6cba0e9b-NettyServerStreamRpc-bossGroup; Thread size is 0.
2024-03-11 08:35:12,111 [main] INFO  netty.NettyConfigKeys$DataStream (ConfUtils.java:logGet(46)) - raft.netty.dataStream.server.worker-group.size = 0 (default)
2024-03-11 08:35:12,111 [main] INFO  netty.NettyUtils (NettyUtils.java:newEventLoopGroup(69)) - Create EpollEventLoopGroup for fe1a3415-0d95-46e3-9e86-5c0a6cba0e9b-NettyServerStreamRpc-workerGroup; Thread size is 0.
2024-03-11 08:35:12,111 [main] INFO  netty.NettyConfigKeys$DataStream (ConfUtils.java:logGet(46)) - raft.netty.dataStream.server.tls.conf = null (default)
2024-03-11 08:35:12,112 [main] INFO  netty.NettyConfigKeys$DataStream (ConfUtils.java:logGet(46)) - raft.netty.dataStream.host = null (default)
2024-03-11 08:35:12,112 [main] INFO  netty.NettyConfigKeys$DataStream (ConfUtils.java:logGet(46)) - raft.netty.dataStream.port = 15213 (custom)
2024-03-11 08:35:12,106 [omNode-1@group-523986131536-LeaderElection39] INFO  server.RaftServer$Division (ServerState.java:setRaftConf(386)) - omNode-1@group-523986131536: set configuration 0: peers:[omNode-3|localhost:15187, omNode-1|localhost:15179, omNode-2|localhost:15183]|listeners:[], old=null
2024-03-11 08:35:12,105 [omNode-1@group-523986131536-SegmentedRaftLogWorker] INFO  segmented.BufferedWriteChannel (BufferedWriteChannel.java:open(62)) - open log_inprogress_0 at position 0
2024-03-11 08:35:12,112 [main] INFO  server.RaftServerConfigKeys (ConfUtils.java:logGet(46)) - raft.server.sleep.deviation.threshold = 300ms (default)
2024-03-11 08:35:12,113 [fe1a3415-0d95-46e3-9e86-5c0a6cba0e9b-NettyServerStreamRpc-bossGroup--thread1] INFO  logging.LoggingHandler (AbstractInternalLogger.java:log(148)) - [id: 0x4cd41227] REGISTERED
2024-03-11 08:35:12,113 [fe1a3415-0d95-46e3-9e86-5c0a6cba0e9b-NettyServerStreamRpc-bossGroup--thread1] INFO  logging.LoggingHandler (AbstractInternalLogger.java:log(148)) - [id: 0x4cd41227] BIND: 0.0.0.0/0.0.0.0:15213
2024-03-11 08:35:12,113 [fe1a3415-0d95-46e3-9e86-5c0a6cba0e9b-NettyServerStreamRpc-bossGroup--thread1] INFO  logging.LoggingHandler (AbstractInternalLogger.java:log(148)) - [id: 0x4cd41227, L:/0.0.0.0:15213] ACTIVE
2024-03-11 08:35:12,113 [main] INFO  server.RaftServerConfigKeys (ConfUtils.java:logGet(46)) - raft.server.close.threshold = 60s (default)
2024-03-11 08:35:12,113 [main] INFO  server.RaftServerConfigKeys (ConfUtils.java:logGet(46)) - raft.server.leaderelection.leader.step-down.wait-time = 10s (default)
2024-03-11 08:35:12,113 [main] INFO  server.RaftServerConfigKeys (ConfUtils.java:logGet(46)) - raft.server.storage.dir = [/home/runner/work/ozone/ozone/hadoop-ozone/integration-test/target/test-dir/MiniOzoneClusterImpl-c7fe89f3-570b-44cc-9eba-475ffdeb33a6/ozone-meta/datanode-3/ratis] (custom)
2024-03-11 08:35:12,114 [main] INFO  server.RaftServerConfigKeys (ConfUtils.java:logGet(46)) - raft.server.threadpool.proxy.cached = true (default)
2024-03-11 08:35:12,114 [main] INFO  server.RaftServerConfigKeys (ConfUtils.java:logGet(46)) - raft.server.threadpool.proxy.size = 0 (default)
2024-03-11 08:35:12,118 [fe1a3415-0d95-46e3-9e86-5c0a6cba0e9b-impl-thread1] INFO  server.RaftServer (RaftServerProxy.java:initGroupDir(264)) - fe1a3415-0d95-46e3-9e86-5c0a6cba0e9b: found a subdirectory /home/runner/work/ozone/ozone/hadoop-ozone/integration-test/target/test-dir/MiniOzoneClusterImpl-c7fe89f3-570b-44cc-9eba-475ffdeb33a6/ozone-meta/datanode-3/ratis/tmp
2024-03-11 08:35:12,118 [fe1a3415-0d95-46e3-9e86-5c0a6cba0e9b-impl-thread1] INFO  server.RaftServer (RaftServerProxy.java:initGroupDir(269)) - fe1a3415-0d95-46e3-9e86-5c0a6cba0e9b: The directory /home/runner/work/ozone/ozone/hadoop-ozone/integration-test/target/test-dir/MiniOzoneClusterImpl-c7fe89f3-570b-44cc-9eba-475ffdeb33a6/ozone-meta/datanode-3/ratis/tmp is not a group directory; ignoring it. 
2024-03-11 08:35:12,119 [main] INFO  replication.ReplicationServer (ReplicationServer.java:<init>(86)) - Initializing replication server with thread count = 10 queue length = 4096
2024-03-11 08:35:12,121 [omNode-1@group-523986131536-SegmentedRaftLogWorker] INFO  segmented.SegmentedRaftLogWorker (SegmentedRaftLogWorker.java:execute(634)) - omNode-1@group-523986131536-SegmentedRaftLogWorker: created new log segment /home/runner/work/ozone/ozone/hadoop-ozone/integration-test/target/test-dir/MiniOzoneClusterImpl-c7fe89f3-570b-44cc-9eba-475ffdeb33a6/omNode-1/ratis/c9bc4cf4-3bc3-3c60-a66b-523986131536/current/log_inprogress_0
2024-03-11 08:35:12,122 [main] INFO  server.XceiverServerGrpc (XceiverServerGrpc.java:<init>(141)) - GrpcServer channel type EpollServerSocketChannel
2024-03-11 08:35:12,123 [main] INFO  replication.ReplicationSupervisor (ReplicationSupervisor.java:build(163)) - Initializing replication supervisor with thread count = 10
2024-03-11 08:35:12,123 [main] INFO  replication.ReplicationSupervisor (ReplicationSupervisor.java:nodeStateUpdated(317)) - Node state updated to IN_SERVICE, scaling executor pool size to 10
2024-03-11 08:35:12,125 [main] INFO  http.BaseHttpServer (BaseHttpServer.java:newHttpServer2BuilderForOzone(223)) - Starting Web-server for hddsDatanode at: http://0.0.0.0:15207
2024-03-11 08:35:12,125 [main] INFO  http.BaseHttpServer (BaseHttpServer.java:<init>(110)) - Hadoop Security Enabled: false Ozone Security Enabled: false Ozone HTTP Security Enabled: false 
2024-03-11 08:35:12,127 [main] WARN  server.AuthenticationFilter (AuthenticationFilter.java:constructSecretProvider(240)) - Unable to initialize FileSignerSecretProvider, falling back to use random secrets. Reason: Could not read signature secret file: /home/runner/hadoop-http-auth-signature-secret
2024-03-11 08:35:12,128 [main] INFO  http.HttpRequestLog (HttpRequestLog.java:getRequestLog(86)) - Http request log for http.requests.hddsDatanode is not defined
2024-03-11 08:35:12,128 [omNode-2-server-thread2] INFO  server.RaftServer$Division (ServerState.java:setLeader(269)) - omNode-2@group-523986131536: change Leader from null to omNode-1 at term 1 for appendEntries, leader elected after 994ms
2024-03-11 08:35:12,129 [omNode-2-server-thread2] INFO  server.RaftServer$Division (ServerState.java:setRaftConf(386)) - omNode-2@group-523986131536: set configuration 0: peers:[omNode-3|localhost:15187, omNode-1|localhost:15179, omNode-2|localhost:15183]|listeners:[], old=null
2024-03-11 08:35:12,129 [omNode-2-server-thread2] INFO  segmented.SegmentedRaftLogWorker (SegmentedRaftLogWorker.java:startLogSegment(430)) - omNode-2@group-523986131536-SegmentedRaftLogWorker: Starting segment from index:0
2024-03-11 08:35:12,130 [omNode-2@group-523986131536-SegmentedRaftLogWorker] INFO  segmented.BufferedWriteChannel (BufferedWriteChannel.java:open(62)) - open log_inprogress_0 at position 0
2024-03-11 08:35:12,134 [main] INFO  http.HttpServer2 (HttpServer2.java:addGlobalFilter(1036)) - Added global filter 'safety' (class=org.apache.hadoop.hdds.server.http.HttpServer2$QuotingInputFilter)
2024-03-11 08:35:12,134 [main] INFO  http.HttpServer2 (HttpServer2.java:addFilter(1012)) - Added filter static_user_filter (class=org.apache.hadoop.http.lib.StaticUserWebFilter$StaticUserFilter) to context hddsDatanode
2024-03-11 08:35:12,134 [main] INFO  http.HttpServer2 (HttpServer2.java:addFilter(1020)) - Added filter static_user_filter (class=org.apache.hadoop.http.lib.StaticUserWebFilter$StaticUserFilter) to context logs
2024-03-11 08:35:12,134 [main] INFO  http.HttpServer2 (HttpServer2.java:addFilter(1020)) - Added filter static_user_filter (class=org.apache.hadoop.http.lib.StaticUserWebFilter$StaticUserFilter) to context static
2024-03-11 08:35:12,135 [main] INFO  http.BaseHttpServer (BaseHttpServer.java:<init>(189)) - HTTP server of hddsDatanode uses base directory /home/runner/work/ozone/ozone/hadoop-ozone/integration-test/target/test-dir/MiniOzoneClusterImpl-c7fe89f3-570b-44cc-9eba-475ffdeb33a6/ozone-meta/datanode-3/meta/webserver
2024-03-11 08:35:12,135 [main] INFO  http.HttpServer2 (HttpServer2.java:bindListener(1236)) - Jetty bound to port 15207
2024-03-11 08:35:12,135 [main] INFO  server.Server (Server.java:doStart(375)) - jetty-9.4.53.v20231009; built: 2023-10-09T12:29:09.265Z; git: 27bde00a0b95a1d5bbee0eae7984f891d2d0f8c9; jvm 1.8.0_402-b06
2024-03-11 08:35:12,140 [omNode-2@group-523986131536-SegmentedRaftLogWorker] INFO  segmented.SegmentedRaftLogWorker (SegmentedRaftLogWorker.java:execute(634)) - omNode-2@group-523986131536-SegmentedRaftLogWorker: created new log segment /home/runner/work/ozone/ozone/hadoop-ozone/integration-test/target/test-dir/MiniOzoneClusterImpl-c7fe89f3-570b-44cc-9eba-475ffdeb33a6/omNode-2/ratis/c9bc4cf4-3bc3-3c60-a66b-523986131536/current/log_inprogress_0
2024-03-11 08:35:12,140 [main] INFO  server.session (DefaultSessionIdManager.java:doStart(334)) - DefaultSessionIdManager workerName=node0
2024-03-11 08:35:12,140 [main] INFO  server.session (DefaultSessionIdManager.java:doStart(339)) - No SessionScavenger set, using defaults
2024-03-11 08:35:12,141 [main] INFO  server.session (HouseKeeper.java:startScavenging(132)) - node0 Scavenging every 600000ms
2024-03-11 08:35:12,145 [main] INFO  handler.ContextHandler (ContextHandler.java:doStart(921)) - Started o.e.j.s.ServletContextHandler@6e7a5686{logs,/logs,file:///home/runner/work/ozone/ozone/hadoop-ozone/integration-test/target/log,AVAILABLE}
2024-03-11 08:35:12,145 [main] INFO  handler.ContextHandler (ContextHandler.java:doStart(921)) - Started o.e.j.s.ServletContextHandler@35df31e1{static,/static,jar:file:/home/runner/.m2/repository/org/apache/ozone/hdds-container-service/1.5.0-SNAPSHOT/hdds-container-service-1.5.0-SNAPSHOT.jar!/webapps/static,AVAILABLE}
2024-03-11 08:35:12,154 [omNode-1@group-523986131536-StateMachineUpdater] INFO  ratis.OzoneManagerStateMachine (OzoneManagerStateMachine.java:notifyConfigurationChanged(198)) - Received Configuration change notification from Ratis. New Peer list:
[id: "omNode-3"
address: "localhost:15187"
startupRole: FOLLOWER
, id: "omNode-1"
address: "localhost:15179"
startupRole: FOLLOWER
, id: "omNode-2"
address: "localhost:15183"
startupRole: FOLLOWER
]
2024-03-11 08:35:12,154 [omNode-1@group-523986131536-StateMachineUpdater] INFO  server.RaftServer$Division (LeaderStateImpl.java:isApplied(320)) - leader is ready since appliedIndex == 0 >= startIndex == 0
2024-03-11 08:35:12,155 [omNode-3-server-thread1] INFO  server.RaftServer$Division (ServerState.java:setLeader(269)) - omNode-3@group-523986131536: change Leader from null to omNode-1 at term 1 for appendEntries, leader elected after 547ms
2024-03-11 08:35:12,159 [omNode-3-server-thread2] INFO  server.RaftServer$Division (ServerState.java:setRaftConf(386)) - omNode-3@group-523986131536: set configuration 0: peers:[omNode-3|localhost:15187, omNode-1|localhost:15179, omNode-2|localhost:15183]|listeners:[], old=null
2024-03-11 08:35:12,159 [omNode-3-server-thread2] INFO  segmented.SegmentedRaftLogWorker (SegmentedRaftLogWorker.java:startLogSegment(430)) - omNode-3@group-523986131536-SegmentedRaftLogWorker: Starting segment from index:0
2024-03-11 08:35:12,159 [omNode-3@group-523986131536-SegmentedRaftLogWorker] INFO  segmented.BufferedWriteChannel (BufferedWriteChannel.java:open(62)) - open log_inprogress_0 at position 0
2024-03-11 08:35:12,168 [omNode-3@group-523986131536-SegmentedRaftLogWorker] INFO  segmented.SegmentedRaftLogWorker (SegmentedRaftLogWorker.java:execute(634)) - omNode-3@group-523986131536-SegmentedRaftLogWorker: created new log segment /home/runner/work/ozone/ozone/hadoop-ozone/integration-test/target/test-dir/MiniOzoneClusterImpl-c7fe89f3-570b-44cc-9eba-475ffdeb33a6/omNode-3/ratis/c9bc4cf4-3bc3-3c60-a66b-523986131536/current/log_inprogress_0
2024-03-11 08:35:12,186 [main] INFO  handler.ContextHandler (ContextHandler.java:doStart(921)) - Started o.e.j.w.WebAppContext@3dbe58d9{hddsDatanode,/,file:///home/runner/work/ozone/ozone/hadoop-ozone/integration-test/target/test-dir/MiniOzoneClusterImpl-c7fe89f3-570b-44cc-9eba-475ffdeb33a6/ozone-meta/datanode-3/meta/webserver/jetty-0_0_0_0-15207-hdds-container-service-1_5_0-SNAPSHOT_jar-_-any-413011647055216536/webapp/,AVAILABLE}{jar:file:/home/runner/.m2/repository/org/apache/ozone/hdds-container-service/1.5.0-SNAPSHOT/hdds-container-service-1.5.0-SNAPSHOT.jar!/webapps/hddsDatanode}
2024-03-11 08:35:12,186 [main] INFO  server.AbstractConnector (AbstractConnector.java:doStart(333)) - Started ServerConnector@626fc0fe{HTTP/1.1, (http/1.1)}{0.0.0.0:15207}
2024-03-11 08:35:12,186 [main] INFO  server.Server (Server.java:doStart(415)) - Started @526957ms
2024-03-11 08:35:12,187 [main] WARN  impl.MetricsSystemImpl (MetricsSystemImpl.java:register(279)) - Sink prometheus already exists!
2024-03-11 08:35:12,187 [main] INFO  http.BaseHttpServer (BaseHttpServer.java:updateConnectorAddress(354)) - HTTP server of hddsDatanode listening at http://0.0.0.0:15207
2024-03-11 08:35:12,187 [main] INFO  ipc.CallQueueManager (CallQueueManager.java:<init>(90)) - Using callQueue: class java.util.concurrent.LinkedBlockingQueue, queueCapacity: 100, scheduler: class org.apache.hadoop.ipc.DefaultRpcScheduler, ipcBackoff: false.
2024-03-11 08:35:12,187 [main] INFO  ipc.Server (Server.java:<init>(1287)) - Listener at 0.0.0.0:15208
2024-03-11 08:35:12,188 [Socket Reader #1 for port 15208] INFO  ipc.Server (Server.java:run(1323)) - Starting Socket Reader #1 for port 15208
2024-03-11 08:35:12,190 [main] INFO  ozone.HddsDatanodeService (HddsDatanodeService.java:start(327)) - Datanode start with admins: [*, runner]
2024-03-11 08:35:12,190 [main] INFO  ozone.HddsDatanodeClientProtocolServer (HddsDatanodeClientProtocolServer.java:start(77)) - RPC server for Client /0.0.0.0:15208
2024-03-11 08:35:12,190 [IPC Server Responder] INFO  ipc.Server (Server.java:run(1562)) - IPC Server Responder: starting
2024-03-11 08:35:12,193 [IPC Server listener on 15208] INFO  ipc.Server (Server.java:run(1402)) - IPC Server listener on 15208: starting
2024-03-11 08:35:12,193 [fe1a3415-0d95-46e3-9e86-5c0a6cba0e9b-DatanodeStateMachineDaemonThread] INFO  statemachine.DatanodeStateMachine (DatanodeStateMachine.java:lambda$startDaemon$1(555)) - Ozone container server started.
2024-03-11 08:35:12,195 [main] INFO  ozone.MiniOzoneClusterImpl (MiniOzoneClusterImpl.java:lambda$waitForClusterToBeReady$0(194)) - Waiting for nodes to be ready. Got 0 of 3 DN Heartbeats.
2024-03-11 08:35:12,196 [main] INFO  ozone.MiniOzoneClusterImpl (MiniOzoneClusterImpl.java:lambda$waitForClusterToBeReady$0(197)) - Waiting for cluster to exit safe mode
2024-03-11 08:35:12,196 [main] INFO  ozone.MiniOzoneClusterImpl (MiniOzoneClusterImpl.java:lambda$waitForClusterToBeReady$0(199)) - SCM became leader
2024-03-11 08:35:12,199 [fe1a3415-0d95-46e3-9e86-5c0a6cba0e9b-DatanodeStateMachineTaskThread-0] INFO  datanode.InitDatanodeState (InitDatanodeState.java:persistContainerDatanodeDetails(139)) - DatanodeDetails is persisted to /home/runner/work/ozone/ozone/hadoop-ozone/integration-test/target/test-dir/MiniOzoneClusterImpl-c7fe89f3-570b-44cc-9eba-475ffdeb33a6/ozone-meta/datanode-3/meta/datanode.id
2024-03-11 08:35:12,655 [omNode-2@group-523986131536-StateMachineUpdater] INFO  ratis.OzoneManagerStateMachine (OzoneManagerStateMachine.java:notifyConfigurationChanged(198)) - Received Configuration change notification from Ratis. New Peer list:
[id: "omNode-3"
address: "localhost:15187"
startupRole: FOLLOWER
, id: "omNode-1"
address: "localhost:15179"
startupRole: FOLLOWER
, id: "omNode-2"
address: "localhost:15183"
startupRole: FOLLOWER
]
2024-03-11 08:35:12,672 [omNode-3@group-523986131536-StateMachineUpdater] INFO  ratis.OzoneManagerStateMachine (OzoneManagerStateMachine.java:notifyConfigurationChanged(198)) - Received Configuration change notification from Ratis. New Peer list:
[id: "omNode-3"
address: "localhost:15187"
startupRole: FOLLOWER
, id: "omNode-1"
address: "localhost:15179"
startupRole: FOLLOWER
, id: "omNode-2"
address: "localhost:15183"
startupRole: FOLLOWER
]
2024-03-11 08:35:13,196 [main] INFO  ozone.MiniOzoneClusterImpl (MiniOzoneClusterImpl.java:lambda$waitForClusterToBeReady$0(194)) - Waiting for nodes to be ready. Got 0 of 3 DN Heartbeats.
2024-03-11 08:35:13,196 [main] INFO  ozone.MiniOzoneClusterImpl (MiniOzoneClusterImpl.java:lambda$waitForClusterToBeReady$0(197)) - Waiting for cluster to exit safe mode
2024-03-11 08:35:13,197 [main] INFO  ozone.MiniOzoneClusterImpl (MiniOzoneClusterImpl.java:lambda$waitForClusterToBeReady$0(199)) - SCM became leader
2024-03-11 08:35:13,994 [bdb70d2a-fd58-4276-89a5-31c459e859a0-EndpointStateMachineTaskThread-/0.0.0.0:15174-0 ] INFO  utils.DatanodeStoreCache (DatanodeStoreCache.java:addDB(72)) - Added db /home/runner/work/ozone/ozone/hadoop-ozone/integration-test/target/test-dir/MiniOzoneClusterImpl-c7fe89f3-570b-44cc-9eba-475ffdeb33a6/ozone-meta/datanode-1/data-0/hdds/c7fe89f3-570b-44cc-9eba-475ffdeb33a6/DS-425784b6-e582-4be9-9463-feac57e108bc/container.db to cache
2024-03-11 08:35:13,994 [bdb70d2a-fd58-4276-89a5-31c459e859a0-EndpointStateMachineTaskThread-/0.0.0.0:15174-0 ] INFO  volume.HddsVolume (HddsVolume.java:createDbStore(420)) - SchemaV3 db is created and loaded at /home/runner/work/ozone/ozone/hadoop-ozone/integration-test/target/test-dir/MiniOzoneClusterImpl-c7fe89f3-570b-44cc-9eba-475ffdeb33a6/ozone-meta/datanode-1/data-0/hdds/c7fe89f3-570b-44cc-9eba-475ffdeb33a6/DS-425784b6-e582-4be9-9463-feac57e108bc/container.db for volume DS-425784b6-e582-4be9-9463-feac57e108bc
2024-03-11 08:35:13,996 [bdb70d2a-fd58-4276-89a5-31c459e859a0-ContainerReader-0] INFO  ozoneimpl.ContainerReader (ContainerReader.java:readVolume(148)) - Start to verify containers on volume /home/runner/work/ozone/ozone/hadoop-ozone/integration-test/target/test-dir/MiniOzoneClusterImpl-c7fe89f3-570b-44cc-9eba-475ffdeb33a6/ozone-meta/datanode-1/data-0/hdds
2024-03-11 08:35:13,996 [bdb70d2a-fd58-4276-89a5-31c459e859a0-ContainerReader-0] INFO  ozoneimpl.ContainerReader (ContainerReader.java:readVolume(178)) - Finish verifying containers on volume /home/runner/work/ozone/ozone/hadoop-ozone/integration-test/target/test-dir/MiniOzoneClusterImpl-c7fe89f3-570b-44cc-9eba-475ffdeb33a6/ozone-meta/datanode-1/data-0/hdds
2024-03-11 08:35:13,996 [bdb70d2a-fd58-4276-89a5-31c459e859a0-EndpointStateMachineTaskThread-/0.0.0.0:15174-0 ] INFO  ozoneimpl.OzoneContainer (OzoneContainer.java:buildContainerSet(328)) - Build ContainerSet costs 0s
2024-03-11 08:35:13,996 [bdb70d2a-fd58-4276-89a5-31c459e859a0-EndpointStateMachineTaskThread-/0.0.0.0:15174-0 ] INFO  volume.ThrottledAsyncChecker (ThrottledAsyncChecker.java:schedule(141)) - Scheduling a check for /home/runner/work/ozone/ozone/hadoop-ozone/integration-test/target/test-dir/MiniOzoneClusterImpl-c7fe89f3-570b-44cc-9eba-475ffdeb33a6/ozone-meta/datanode-1/data-0/hdds
2024-03-11 08:35:13,996 [bdb70d2a-fd58-4276-89a5-31c459e859a0-EndpointStateMachineTaskThread-/0.0.0.0:15174-0 ] INFO  volume.StorageVolumeChecker (StorageVolumeChecker.java:checkAllVolumes(218)) - Scheduled health check for volume /home/runner/work/ozone/ozone/hadoop-ozone/integration-test/target/test-dir/MiniOzoneClusterImpl-c7fe89f3-570b-44cc-9eba-475ffdeb33a6/ozone-meta/datanode-1/data-0/hdds
2024-03-11 08:35:13,998 [bdb70d2a-fd58-4276-89a5-31c459e859a0-EndpointStateMachineTaskThread-/0.0.0.0:15174-0 ] INFO  volume.ThrottledAsyncChecker (ThrottledAsyncChecker.java:schedule(141)) - Scheduling a check for /home/runner/work/ozone/ozone/hadoop-ozone/integration-test/target/test-dir/MiniOzoneClusterImpl-c7fe89f3-570b-44cc-9eba-475ffdeb33a6/ozone-meta/datanode-1/ratis
2024-03-11 08:35:13,998 [bdb70d2a-fd58-4276-89a5-31c459e859a0-EndpointStateMachineTaskThread-/0.0.0.0:15174-0 ] INFO  volume.StorageVolumeChecker (StorageVolumeChecker.java:checkAllVolumes(218)) - Scheduled health check for volume /home/runner/work/ozone/ozone/hadoop-ozone/integration-test/target/test-dir/MiniOzoneClusterImpl-c7fe89f3-570b-44cc-9eba-475ffdeb33a6/ozone-meta/datanode-1/ratis
2024-03-11 08:35:14,000 [bdb70d2a-fd58-4276-89a5-31c459e859a0-EndpointStateMachineTaskThread-/0.0.0.0:15174-0 ] INFO  ozoneimpl.OzoneContainer (OzoneContainer.java:start(459)) - Attempting to start container services.
2024-03-11 08:35:14,000 [bdb70d2a-fd58-4276-89a5-31c459e859a0-EndpointStateMachineTaskThread-/0.0.0.0:15174-0 ] INFO  ozoneimpl.OzoneContainer (OzoneContainer.java:startContainerScrub(339)) - Scheduled background container scanners and the on-demand container scanner have been disabled.
2024-03-11 08:35:14,000 [bdb70d2a-fd58-4276-89a5-31c459e859a0-EndpointStateMachineTaskThread-/0.0.0.0:15174-0 ] INFO  replication.ReplicationServer (ReplicationServer.java:start(142)) - ReplicationServer is started using port 15196
2024-03-11 08:35:14,000 [bdb70d2a-fd58-4276-89a5-31c459e859a0-EndpointStateMachineTaskThread-/0.0.0.0:15174-0 ] INFO  ratis.XceiverServerRatis (XceiverServerRatis.java:start(566)) - Starting XceiverServerRatis bdb70d2a-fd58-4276-89a5-31c459e859a0
2024-03-11 08:35:14,000 [bdb70d2a-fd58-4276-89a5-31c459e859a0-EndpointStateMachineTaskThread-/0.0.0.0:15174-0 ] INFO  server.RaftServer (RaftServerProxy.java:startImpl(406)) - bdb70d2a-fd58-4276-89a5-31c459e859a0: start RPC server
2024-03-11 08:35:14,001 [bdb70d2a-fd58-4276-89a5-31c459e859a0-EndpointStateMachineTaskThread-/0.0.0.0:15174-0 ] INFO  server.GrpcService (GrpcService.java:startImpl(302)) - bdb70d2a-fd58-4276-89a5-31c459e859a0: GrpcService started, listening on 15192
2024-03-11 08:35:14,001 [bdb70d2a-fd58-4276-89a5-31c459e859a0-EndpointStateMachineTaskThread-/0.0.0.0:15174-0 ] INFO  server.GrpcService (GrpcService.java:startImpl(302)) - bdb70d2a-fd58-4276-89a5-31c459e859a0: GrpcService started, listening on 15194
2024-03-11 08:35:14,001 [bdb70d2a-fd58-4276-89a5-31c459e859a0-EndpointStateMachineTaskThread-/0.0.0.0:15174-0 ] INFO  server.GrpcService (GrpcService.java:startImpl(302)) - bdb70d2a-fd58-4276-89a5-31c459e859a0: GrpcService started, listening on 15193
2024-03-11 08:35:14,001 [bdb70d2a-fd58-4276-89a5-31c459e859a0-EndpointStateMachineTaskThread-/0.0.0.0:15174-0 ] INFO  ratis.XceiverServerRatis (XceiverServerRatis.java:getRealPort(592)) - XceiverServerRatis bdb70d2a-fd58-4276-89a5-31c459e859a0 is started using port 15192 for RATIS
2024-03-11 08:35:14,001 [bdb70d2a-fd58-4276-89a5-31c459e859a0-EndpointStateMachineTaskThread-/0.0.0.0:15174-0 ] INFO  ratis.XceiverServerRatis (XceiverServerRatis.java:getRealPort(592)) - XceiverServerRatis bdb70d2a-fd58-4276-89a5-31c459e859a0 is started using port 15193 for RATIS_ADMIN
2024-03-11 08:35:14,002 [bdb70d2a-fd58-4276-89a5-31c459e859a0-EndpointStateMachineTaskThread-/0.0.0.0:15174-0 ] INFO  ratis.XceiverServerRatis (XceiverServerRatis.java:getRealPort(592)) - XceiverServerRatis bdb70d2a-fd58-4276-89a5-31c459e859a0 is started using port 15194 for RATIS_SERVER
2024-03-11 08:35:14,002 [bdb70d2a-fd58-4276-89a5-31c459e859a0-EndpointStateMachineTaskThread-/0.0.0.0:15174-0 ] INFO  ratis.XceiverServerRatis (XceiverServerRatis.java:getRealPort(592)) - XceiverServerRatis bdb70d2a-fd58-4276-89a5-31c459e859a0 is started using port 15195 for RATIS_DATASTREAM
2024-03-11 08:35:14,002 [JvmPauseMonitor53] INFO  util.JvmPauseMonitor (JvmPauseMonitor.java:run(146)) - JvmPauseMonitor-bdb70d2a-fd58-4276-89a5-31c459e859a0: Started
2024-03-11 08:35:14,002 [bdb70d2a-fd58-4276-89a5-31c459e859a0-BlockDeletingService#0] INFO  interfaces.ContainerDeletionChoosingPolicyTemplate (ContainerDeletionChoosingPolicyTemplate.java:chooseContainerForBlockDeletion(85)) - Chosen 0/5000 blocks from 0 candidate containers.
2024-03-11 08:35:14,091 [d81587eb-d5f8-443f-9e72-95d00c5fcac0-EndpointStateMachineTaskThread-/0.0.0.0:15174-0 ] INFO  utils.DatanodeStoreCache (DatanodeStoreCache.java:addDB(72)) - Added db /home/runner/work/ozone/ozone/hadoop-ozone/integration-test/target/test-dir/MiniOzoneClusterImpl-c7fe89f3-570b-44cc-9eba-475ffdeb33a6/ozone-meta/datanode-2/data-0/hdds/c7fe89f3-570b-44cc-9eba-475ffdeb33a6/DS-75e472ad-64c8-42ec-80f9-895a3e25958c/container.db to cache
2024-03-11 08:35:14,091 [d81587eb-d5f8-443f-9e72-95d00c5fcac0-EndpointStateMachineTaskThread-/0.0.0.0:15174-0 ] INFO  volume.HddsVolume (HddsVolume.java:createDbStore(420)) - SchemaV3 db is created and loaded at /home/runner/work/ozone/ozone/hadoop-ozone/integration-test/target/test-dir/MiniOzoneClusterImpl-c7fe89f3-570b-44cc-9eba-475ffdeb33a6/ozone-meta/datanode-2/data-0/hdds/c7fe89f3-570b-44cc-9eba-475ffdeb33a6/DS-75e472ad-64c8-42ec-80f9-895a3e25958c/container.db for volume DS-75e472ad-64c8-42ec-80f9-895a3e25958c
2024-03-11 08:35:14,092 [d81587eb-d5f8-443f-9e72-95d00c5fcac0-ContainerReader-0] INFO  ozoneimpl.ContainerReader (ContainerReader.java:readVolume(148)) - Start to verify containers on volume /home/runner/work/ozone/ozone/hadoop-ozone/integration-test/target/test-dir/MiniOzoneClusterImpl-c7fe89f3-570b-44cc-9eba-475ffdeb33a6/ozone-meta/datanode-2/data-0/hdds
2024-03-11 08:35:14,093 [d81587eb-d5f8-443f-9e72-95d00c5fcac0-ContainerReader-0] INFO  ozoneimpl.ContainerReader (ContainerReader.java:readVolume(178)) - Finish verifying containers on volume /home/runner/work/ozone/ozone/hadoop-ozone/integration-test/target/test-dir/MiniOzoneClusterImpl-c7fe89f3-570b-44cc-9eba-475ffdeb33a6/ozone-meta/datanode-2/data-0/hdds
2024-03-11 08:35:14,093 [d81587eb-d5f8-443f-9e72-95d00c5fcac0-EndpointStateMachineTaskThread-/0.0.0.0:15174-0 ] INFO  ozoneimpl.OzoneContainer (OzoneContainer.java:buildContainerSet(328)) - Build ContainerSet costs 0s
2024-03-11 08:35:14,093 [d81587eb-d5f8-443f-9e72-95d00c5fcac0-EndpointStateMachineTaskThread-/0.0.0.0:15174-0 ] INFO  volume.ThrottledAsyncChecker (ThrottledAsyncChecker.java:schedule(141)) - Scheduling a check for /home/runner/work/ozone/ozone/hadoop-ozone/integration-test/target/test-dir/MiniOzoneClusterImpl-c7fe89f3-570b-44cc-9eba-475ffdeb33a6/ozone-meta/datanode-2/data-0/hdds
2024-03-11 08:35:14,093 [d81587eb-d5f8-443f-9e72-95d00c5fcac0-EndpointStateMachineTaskThread-/0.0.0.0:15174-0 ] INFO  volume.StorageVolumeChecker (StorageVolumeChecker.java:checkAllVolumes(218)) - Scheduled health check for volume /home/runner/work/ozone/ozone/hadoop-ozone/integration-test/target/test-dir/MiniOzoneClusterImpl-c7fe89f3-570b-44cc-9eba-475ffdeb33a6/ozone-meta/datanode-2/data-0/hdds
2024-03-11 08:35:14,095 [d81587eb-d5f8-443f-9e72-95d00c5fcac0-EndpointStateMachineTaskThread-/0.0.0.0:15174-0 ] INFO  volume.ThrottledAsyncChecker (ThrottledAsyncChecker.java:schedule(141)) - Scheduling a check for /home/runner/work/ozone/ozone/hadoop-ozone/integration-test/target/test-dir/MiniOzoneClusterImpl-c7fe89f3-570b-44cc-9eba-475ffdeb33a6/ozone-meta/datanode-2/ratis
2024-03-11 08:35:14,095 [d81587eb-d5f8-443f-9e72-95d00c5fcac0-EndpointStateMachineTaskThread-/0.0.0.0:15174-0 ] INFO  volume.StorageVolumeChecker (StorageVolumeChecker.java:checkAllVolumes(218)) - Scheduled health check for volume /home/runner/work/ozone/ozone/hadoop-ozone/integration-test/target/test-dir/MiniOzoneClusterImpl-c7fe89f3-570b-44cc-9eba-475ffdeb33a6/ozone-meta/datanode-2/ratis
2024-03-11 08:35:14,096 [d81587eb-d5f8-443f-9e72-95d00c5fcac0-EndpointStateMachineTaskThread-/0.0.0.0:15174-0 ] INFO  ozoneimpl.OzoneContainer (OzoneContainer.java:start(459)) - Attempting to start container services.
2024-03-11 08:35:14,096 [d81587eb-d5f8-443f-9e72-95d00c5fcac0-EndpointStateMachineTaskThread-/0.0.0.0:15174-0 ] INFO  ozoneimpl.OzoneContainer (OzoneContainer.java:startContainerScrub(339)) - Scheduled background container scanners and the on-demand container scanner have been disabled.
2024-03-11 08:35:14,096 [d81587eb-d5f8-443f-9e72-95d00c5fcac0-EndpointStateMachineTaskThread-/0.0.0.0:15174-0 ] INFO  replication.ReplicationServer (ReplicationServer.java:start(142)) - ReplicationServer is started using port 15205
2024-03-11 08:35:14,096 [d81587eb-d5f8-443f-9e72-95d00c5fcac0-EndpointStateMachineTaskThread-/0.0.0.0:15174-0 ] INFO  ratis.XceiverServerRatis (XceiverServerRatis.java:start(566)) - Starting XceiverServerRatis d81587eb-d5f8-443f-9e72-95d00c5fcac0
2024-03-11 08:35:14,097 [d81587eb-d5f8-443f-9e72-95d00c5fcac0-EndpointStateMachineTaskThread-/0.0.0.0:15174-0 ] INFO  server.RaftServer (RaftServerProxy.java:startImpl(406)) - d81587eb-d5f8-443f-9e72-95d00c5fcac0: start RPC server
2024-03-11 08:35:14,097 [d81587eb-d5f8-443f-9e72-95d00c5fcac0-EndpointStateMachineTaskThread-/0.0.0.0:15174-0 ] INFO  server.GrpcService (GrpcService.java:startImpl(302)) - d81587eb-d5f8-443f-9e72-95d00c5fcac0: GrpcService started, listening on 15201
2024-03-11 08:35:14,097 [d81587eb-d5f8-443f-9e72-95d00c5fcac0-EndpointStateMachineTaskThread-/0.0.0.0:15174-0 ] INFO  server.GrpcService (GrpcService.java:startImpl(302)) - d81587eb-d5f8-443f-9e72-95d00c5fcac0: GrpcService started, listening on 15203
2024-03-11 08:35:14,097 [d81587eb-d5f8-443f-9e72-95d00c5fcac0-EndpointStateMachineTaskThread-/0.0.0.0:15174-0 ] INFO  server.GrpcService (GrpcService.java:startImpl(302)) - d81587eb-d5f8-443f-9e72-95d00c5fcac0: GrpcService started, listening on 15202
2024-03-11 08:35:14,097 [d81587eb-d5f8-443f-9e72-95d00c5fcac0-EndpointStateMachineTaskThread-/0.0.0.0:15174-0 ] INFO  ratis.XceiverServerRatis (XceiverServerRatis.java:getRealPort(592)) - XceiverServerRatis d81587eb-d5f8-443f-9e72-95d00c5fcac0 is started using port 15201 for RATIS
2024-03-11 08:35:14,097 [d81587eb-d5f8-443f-9e72-95d00c5fcac0-EndpointStateMachineTaskThread-/0.0.0.0:15174-0 ] INFO  ratis.XceiverServerRatis (XceiverServerRatis.java:getRealPort(592)) - XceiverServerRatis d81587eb-d5f8-443f-9e72-95d00c5fcac0 is started using port 15202 for RATIS_ADMIN
2024-03-11 08:35:14,097 [JvmPauseMonitor54] INFO  util.JvmPauseMonitor (JvmPauseMonitor.java:run(146)) - JvmPauseMonitor-d81587eb-d5f8-443f-9e72-95d00c5fcac0: Started
2024-03-11 08:35:14,097 [d81587eb-d5f8-443f-9e72-95d00c5fcac0-EndpointStateMachineTaskThread-/0.0.0.0:15174-0 ] INFO  ratis.XceiverServerRatis (XceiverServerRatis.java:getRealPort(592)) - XceiverServerRatis d81587eb-d5f8-443f-9e72-95d00c5fcac0 is started using port 15203 for RATIS_SERVER
2024-03-11 08:35:14,098 [d81587eb-d5f8-443f-9e72-95d00c5fcac0-EndpointStateMachineTaskThread-/0.0.0.0:15174-0 ] INFO  ratis.XceiverServerRatis (XceiverServerRatis.java:getRealPort(592)) - XceiverServerRatis d81587eb-d5f8-443f-9e72-95d00c5fcac0 is started using port 15204 for RATIS_DATASTREAM
2024-03-11 08:35:14,098 [d81587eb-d5f8-443f-9e72-95d00c5fcac0-BlockDeletingService#0] INFO  interfaces.ContainerDeletionChoosingPolicyTemplate (ContainerDeletionChoosingPolicyTemplate.java:chooseContainerForBlockDeletion(85)) - Chosen 0/5000 blocks from 0 candidate containers.
2024-03-11 08:35:14,197 [main] INFO  ozone.MiniOzoneClusterImpl (MiniOzoneClusterImpl.java:lambda$waitForClusterToBeReady$0(194)) - Waiting for nodes to be ready. Got 0 of 3 DN Heartbeats.
2024-03-11 08:35:14,197 [main] INFO  ozone.MiniOzoneClusterImpl (MiniOzoneClusterImpl.java:lambda$waitForClusterToBeReady$0(197)) - Waiting for cluster to exit safe mode
2024-03-11 08:35:14,197 [main] INFO  ozone.MiniOzoneClusterImpl (MiniOzoneClusterImpl.java:lambda$waitForClusterToBeReady$0(199)) - SCM became leader
2024-03-11 08:35:14,223 [fe1a3415-0d95-46e3-9e86-5c0a6cba0e9b-EndpointStateMachineTaskThread-/0.0.0.0:15174-0 ] INFO  utils.DatanodeStoreCache (DatanodeStoreCache.java:addDB(72)) - Added db /home/runner/work/ozone/ozone/hadoop-ozone/integration-test/target/test-dir/MiniOzoneClusterImpl-c7fe89f3-570b-44cc-9eba-475ffdeb33a6/ozone-meta/datanode-3/data-0/hdds/c7fe89f3-570b-44cc-9eba-475ffdeb33a6/DS-2fbd6801-ca1c-4d17-b0df-9d4a9a7799ff/container.db to cache
2024-03-11 08:35:14,224 [fe1a3415-0d95-46e3-9e86-5c0a6cba0e9b-EndpointStateMachineTaskThread-/0.0.0.0:15174-0 ] INFO  volume.HddsVolume (HddsVolume.java:createDbStore(420)) - SchemaV3 db is created and loaded at /home/runner/work/ozone/ozone/hadoop-ozone/integration-test/target/test-dir/MiniOzoneClusterImpl-c7fe89f3-570b-44cc-9eba-475ffdeb33a6/ozone-meta/datanode-3/data-0/hdds/c7fe89f3-570b-44cc-9eba-475ffdeb33a6/DS-2fbd6801-ca1c-4d17-b0df-9d4a9a7799ff/container.db for volume DS-2fbd6801-ca1c-4d17-b0df-9d4a9a7799ff
2024-03-11 08:35:14,225 [fe1a3415-0d95-46e3-9e86-5c0a6cba0e9b-ContainerReader-0] INFO  ozoneimpl.ContainerReader (ContainerReader.java:readVolume(148)) - Start to verify containers on volume /home/runner/work/ozone/ozone/hadoop-ozone/integration-test/target/test-dir/MiniOzoneClusterImpl-c7fe89f3-570b-44cc-9eba-475ffdeb33a6/ozone-meta/datanode-3/data-0/hdds
2024-03-11 08:35:14,225 [fe1a3415-0d95-46e3-9e86-5c0a6cba0e9b-ContainerReader-0] INFO  ozoneimpl.ContainerReader (ContainerReader.java:readVolume(178)) - Finish verifying containers on volume /home/runner/work/ozone/ozone/hadoop-ozone/integration-test/target/test-dir/MiniOzoneClusterImpl-c7fe89f3-570b-44cc-9eba-475ffdeb33a6/ozone-meta/datanode-3/data-0/hdds
2024-03-11 08:35:14,225 [fe1a3415-0d95-46e3-9e86-5c0a6cba0e9b-EndpointStateMachineTaskThread-/0.0.0.0:15174-0 ] INFO  ozoneimpl.OzoneContainer (OzoneContainer.java:buildContainerSet(328)) - Build ContainerSet costs 0s
2024-03-11 08:35:14,225 [fe1a3415-0d95-46e3-9e86-5c0a6cba0e9b-EndpointStateMachineTaskThread-/0.0.0.0:15174-0 ] INFO  volume.ThrottledAsyncChecker (ThrottledAsyncChecker.java:schedule(141)) - Scheduling a check for /home/runner/work/ozone/ozone/hadoop-ozone/integration-test/target/test-dir/MiniOzoneClusterImpl-c7fe89f3-570b-44cc-9eba-475ffdeb33a6/ozone-meta/datanode-3/data-0/hdds
2024-03-11 08:35:14,226 [fe1a3415-0d95-46e3-9e86-5c0a6cba0e9b-EndpointStateMachineTaskThread-/0.0.0.0:15174-0 ] INFO  volume.StorageVolumeChecker (StorageVolumeChecker.java:checkAllVolumes(218)) - Scheduled health check for volume /home/runner/work/ozone/ozone/hadoop-ozone/integration-test/target/test-dir/MiniOzoneClusterImpl-c7fe89f3-570b-44cc-9eba-475ffdeb33a6/ozone-meta/datanode-3/data-0/hdds
2024-03-11 08:35:14,228 [fe1a3415-0d95-46e3-9e86-5c0a6cba0e9b-EndpointStateMachineTaskThread-/0.0.0.0:15174-0 ] INFO  volume.ThrottledAsyncChecker (ThrottledAsyncChecker.java:schedule(141)) - Scheduling a check for /home/runner/work/ozone/ozone/hadoop-ozone/integration-test/target/test-dir/MiniOzoneClusterImpl-c7fe89f3-570b-44cc-9eba-475ffdeb33a6/ozone-meta/datanode-3/ratis
2024-03-11 08:35:14,228 [fe1a3415-0d95-46e3-9e86-5c0a6cba0e9b-EndpointStateMachineTaskThread-/0.0.0.0:15174-0 ] INFO  volume.StorageVolumeChecker (StorageVolumeChecker.java:checkAllVolumes(218)) - Scheduled health check for volume /home/runner/work/ozone/ozone/hadoop-ozone/integration-test/target/test-dir/MiniOzoneClusterImpl-c7fe89f3-570b-44cc-9eba-475ffdeb33a6/ozone-meta/datanode-3/ratis
2024-03-11 08:35:14,229 [fe1a3415-0d95-46e3-9e86-5c0a6cba0e9b-EndpointStateMachineTaskThread-/0.0.0.0:15174-0 ] INFO  ozoneimpl.OzoneContainer (OzoneContainer.java:start(459)) - Attempting to start container services.
2024-03-11 08:35:14,230 [fe1a3415-0d95-46e3-9e86-5c0a6cba0e9b-EndpointStateMachineTaskThread-/0.0.0.0:15174-0 ] INFO  ozoneimpl.OzoneContainer (OzoneContainer.java:startContainerScrub(339)) - Scheduled background container scanners and the on-demand container scanner have been disabled.
2024-03-11 08:35:14,230 [fe1a3415-0d95-46e3-9e86-5c0a6cba0e9b-EndpointStateMachineTaskThread-/0.0.0.0:15174-0 ] INFO  replication.ReplicationServer (ReplicationServer.java:start(142)) - ReplicationServer is started using port 15214
2024-03-11 08:35:14,230 [fe1a3415-0d95-46e3-9e86-5c0a6cba0e9b-EndpointStateMachineTaskThread-/0.0.0.0:15174-0 ] INFO  ratis.XceiverServerRatis (XceiverServerRatis.java:start(566)) - Starting XceiverServerRatis fe1a3415-0d95-46e3-9e86-5c0a6cba0e9b
2024-03-11 08:35:14,231 [fe1a3415-0d95-46e3-9e86-5c0a6cba0e9b-EndpointStateMachineTaskThread-/0.0.0.0:15174-0 ] INFO  server.RaftServer (RaftServerProxy.java:startImpl(406)) - fe1a3415-0d95-46e3-9e86-5c0a6cba0e9b: start RPC server
2024-03-11 08:35:14,231 [fe1a3415-0d95-46e3-9e86-5c0a6cba0e9b-EndpointStateMachineTaskThread-/0.0.0.0:15174-0 ] INFO  server.GrpcService (GrpcService.java:startImpl(302)) - fe1a3415-0d95-46e3-9e86-5c0a6cba0e9b: GrpcService started, listening on 15210
2024-03-11 08:35:14,231 [fe1a3415-0d95-46e3-9e86-5c0a6cba0e9b-EndpointStateMachineTaskThread-/0.0.0.0:15174-0 ] INFO  server.GrpcService (GrpcService.java:startImpl(302)) - fe1a3415-0d95-46e3-9e86-5c0a6cba0e9b: GrpcService started, listening on 15212
2024-03-11 08:35:14,234 [fe1a3415-0d95-46e3-9e86-5c0a6cba0e9b-EndpointStateMachineTaskThread-/0.0.0.0:15174-0 ] INFO  server.GrpcService (GrpcService.java:startImpl(302)) - fe1a3415-0d95-46e3-9e86-5c0a6cba0e9b: GrpcService started, listening on 15211
2024-03-11 08:35:14,234 [fe1a3415-0d95-46e3-9e86-5c0a6cba0e9b-EndpointStateMachineTaskThread-/0.0.0.0:15174-0 ] INFO  ratis.XceiverServerRatis (XceiverServerRatis.java:getRealPort(592)) - XceiverServerRatis fe1a3415-0d95-46e3-9e86-5c0a6cba0e9b is started using port 15210 for RATIS
2024-03-11 08:35:14,234 [JvmPauseMonitor55] INFO  util.JvmPauseMonitor (JvmPauseMonitor.java:run(146)) - JvmPauseMonitor-fe1a3415-0d95-46e3-9e86-5c0a6cba0e9b: Started
2024-03-11 08:35:14,234 [fe1a3415-0d95-46e3-9e86-5c0a6cba0e9b-EndpointStateMachineTaskThread-/0.0.0.0:15174-0 ] INFO  ratis.XceiverServerRatis (XceiverServerRatis.java:getRealPort(592)) - XceiverServerRatis fe1a3415-0d95-46e3-9e86-5c0a6cba0e9b is started using port 15211 for RATIS_ADMIN
2024-03-11 08:35:14,234 [fe1a3415-0d95-46e3-9e86-5c0a6cba0e9b-EndpointStateMachineTaskThread-/0.0.0.0:15174-0 ] INFO  ratis.XceiverServerRatis (XceiverServerRatis.java:getRealPort(592)) - XceiverServerRatis fe1a3415-0d95-46e3-9e86-5c0a6cba0e9b is started using port 15212 for RATIS_SERVER
2024-03-11 08:35:14,234 [fe1a3415-0d95-46e3-9e86-5c0a6cba0e9b-EndpointStateMachineTaskThread-/0.0.0.0:15174-0 ] INFO  ratis.XceiverServerRatis (XceiverServerRatis.java:getRealPort(592)) - XceiverServerRatis fe1a3415-0d95-46e3-9e86-5c0a6cba0e9b is started using port 15213 for RATIS_DATASTREAM
2024-03-11 08:35:14,235 [fe1a3415-0d95-46e3-9e86-5c0a6cba0e9b-BlockDeletingService#0] INFO  interfaces.ContainerDeletionChoosingPolicyTemplate (ContainerDeletionChoosingPolicyTemplate.java:chooseContainerForBlockDeletion(85)) - Chosen 0/5000 blocks from 0 candidate containers.
2024-03-11 08:35:15,197 [main] INFO  ozone.MiniOzoneClusterImpl (MiniOzoneClusterImpl.java:lambda$waitForClusterToBeReady$0(194)) - Waiting for nodes to be ready. Got 0 of 3 DN Heartbeats.
2024-03-11 08:35:15,198 [main] INFO  ozone.MiniOzoneClusterImpl (MiniOzoneClusterImpl.java:lambda$waitForClusterToBeReady$0(197)) - Waiting for cluster to exit safe mode
2024-03-11 08:35:15,198 [main] INFO  ozone.MiniOzoneClusterImpl (MiniOzoneClusterImpl.java:lambda$waitForClusterToBeReady$0(199)) - SCM became leader
2024-03-11 08:35:15,971 [IPC Server handler 1 on default port 15174] INFO  net.NetworkTopologyImpl (NetworkTopologyImpl.java:add(133)) - Added a new node: /default-rack/bdb70d2a-fd58-4276-89a5-31c459e859a0
2024-03-11 08:35:15,972 [IPC Server handler 1 on default port 15174] INFO  node.SCMNodeManager (SCMNodeManager.java:register(421)) - Registered datanode: bdb70d2a-fd58-4276-89a5-31c459e859a0{ip: 10.1.0.9, host: fv-az1250-130.ebmzynhy2g4u3nwuixrszff3we.cx.internal.cloudapp.net, ports: [HTTP=15189, CLIENT_RPC=15190, REPLICATION=15196, RATIS=15192, RATIS_ADMIN=15193, RATIS_SERVER=15194, RATIS_DATASTREAM=15195, STANDALONE=15191], networkLocation: /default-rack, certSerialId: null, persistedOpState: null, persistedOpStateExpiryEpochSec: 0}
2024-03-11 08:35:15,974 [EventQueue-NewNodeForNewNodeHandler] INFO  pipeline.BackgroundPipelineCreator (BackgroundPipelineCreator.java:notifyEventTriggered(280)) - trigger a one-shot run on RatisPipelineUtilsThread.
2024-03-11 08:35:15,974 [EventQueue-NodeRegistrationContainerReportForDataNodeSafeModeRule] INFO  safemode.SCMSafeModeManager (DataNodeSafeModeRule.java:process(71)) - SCM in safe mode. 1 DataNodes registered, 3 required.
2024-03-11 08:35:15,975 [RatisPipelineUtilsThread-0] INFO  pipeline.RatisPipelineProvider (RatisPipelineProvider.java:lambda$create$0(205)) - Sending CreatePipelineCommand for pipeline:PipelineID=aae3d202-6967-4cf4-bbcb-84e5525e6fad to datanode:bdb70d2a-fd58-4276-89a5-31c459e859a0
2024-03-11 08:35:15,975 [EventQueue-NodeRegistrationContainerReportForContainerSafeModeRule] INFO  safemode.SCMSafeModeManager (SCMSafeModeManager.java:validateSafeModeExitRules(200)) - ContainerSafeModeRule rule is successfully validated
2024-03-11 08:35:15,975 [EventQueue-PipelineReportForOneReplicaPipelineSafeModeRule] INFO  safemode.SCMSafeModeManager (SCMSafeModeManager.java:validateSafeModeExitRules(200)) - AtleastOneDatanodeReportedRule rule is successfully validated
2024-03-11 08:35:15,976 [RatisPipelineUtilsThread-0] INFO  pipeline.BackgroundPipelineCreator (BackgroundPipelineCreator.java:createPipelines(236)) - Created new pipeline Pipeline[ Id: aae3d202-6967-4cf4-bbcb-84e5525e6fad, Nodes: bdb70d2a-fd58-4276-89a5-31c459e859a0(fv-az1250-130.ebmzynhy2g4u3nwuixrszff3we.cx.internal.cloudapp.net/10.1.0.9), ReplicationConfig: RATIS/ONE, State:ALLOCATED, leaderId:, CreationTimestamp2024-03-11T08:35:15.975Z[Etc/UTC]]
2024-03-11 08:35:16,064 [IPC Server handler 2 on default port 15174] INFO  net.NetworkTopologyImpl (NetworkTopologyImpl.java:add(133)) - Added a new node: /default-rack/d81587eb-d5f8-443f-9e72-95d00c5fcac0
2024-03-11 08:35:16,065 [IPC Server handler 2 on default port 15174] INFO  node.SCMNodeManager (SCMNodeManager.java:register(421)) - Registered datanode: d81587eb-d5f8-443f-9e72-95d00c5fcac0{ip: 10.1.0.9, host: fv-az1250-130.ebmzynhy2g4u3nwuixrszff3we.cx.internal.cloudapp.net, ports: [HTTP=15198, CLIENT_RPC=15199, REPLICATION=15205, RATIS=15201, RATIS_ADMIN=15202, RATIS_SERVER=15203, RATIS_DATASTREAM=15204, STANDALONE=15200], networkLocation: /default-rack, certSerialId: null, persistedOpState: null, persistedOpStateExpiryEpochSec: 0}
2024-03-11 08:35:16,066 [EventQueue-NodeRegistrationContainerReportForDataNodeSafeModeRule] INFO  safemode.SCMSafeModeManager (DataNodeSafeModeRule.java:process(71)) - SCM in safe mode. 2 DataNodes registered, 3 required.
2024-03-11 08:35:16,066 [EventQueue-NewNodeForNewNodeHandler] INFO  pipeline.BackgroundPipelineCreator (BackgroundPipelineCreator.java:notifyEventTriggered(280)) - trigger a one-shot run on RatisPipelineUtilsThread.
2024-03-11 08:35:16,067 [RatisPipelineUtilsThread-0] INFO  pipeline.RatisPipelineProvider (RatisPipelineProvider.java:lambda$create$0(205)) - Sending CreatePipelineCommand for pipeline:PipelineID=851ad229-692b-4c6a-bc9a-8c8d460c3d7e to datanode:d81587eb-d5f8-443f-9e72-95d00c5fcac0
2024-03-11 08:35:16,067 [RatisPipelineUtilsThread-0] INFO  pipeline.BackgroundPipelineCreator (BackgroundPipelineCreator.java:createPipelines(236)) - Created new pipeline Pipeline[ Id: 851ad229-692b-4c6a-bc9a-8c8d460c3d7e, Nodes: d81587eb-d5f8-443f-9e72-95d00c5fcac0(fv-az1250-130.ebmzynhy2g4u3nwuixrszff3we.cx.internal.cloudapp.net/10.1.0.9), ReplicationConfig: RATIS/ONE, State:ALLOCATED, leaderId:, CreationTimestamp2024-03-11T08:35:16.067Z[Etc/UTC]]
2024-03-11 08:35:16,198 [IPC Server handler 3 on default port 15174] INFO  net.NetworkTopologyImpl (NetworkTopologyImpl.java:add(133)) - Added a new node: /default-rack/fe1a3415-0d95-46e3-9e86-5c0a6cba0e9b
2024-03-11 08:35:16,198 [IPC Server handler 3 on default port 15174] INFO  node.SCMNodeManager (SCMNodeManager.java:register(421)) - Registered datanode: fe1a3415-0d95-46e3-9e86-5c0a6cba0e9b{ip: 10.1.0.9, host: fv-az1250-130.ebmzynhy2g4u3nwuixrszff3we.cx.internal.cloudapp.net, ports: [HTTP=15207, CLIENT_RPC=15208, REPLICATION=15214, RATIS=15210, RATIS_ADMIN=15211, RATIS_SERVER=15212, RATIS_DATASTREAM=15213, STANDALONE=15209], networkLocation: /default-rack, certSerialId: null, persistedOpState: null, persistedOpStateExpiryEpochSec: 0}
2024-03-11 08:35:16,198 [main] INFO  ozone.MiniOzoneClusterImpl (MiniOzoneClusterImpl.java:lambda$waitForClusterToBeReady$0(194)) - Nodes are ready. Got 3 of 3 DN Heartbeats.
2024-03-11 08:35:16,198 [main] INFO  ozone.MiniOzoneClusterImpl (MiniOzoneClusterImpl.java:lambda$waitForClusterToBeReady$0(197)) - Waiting for cluster to exit safe mode
2024-03-11 08:35:16,198 [main] INFO  ozone.MiniOzoneClusterImpl (MiniOzoneClusterImpl.java:lambda$waitForClusterToBeReady$0(199)) - SCM became leader
2024-03-11 08:35:16,199 [EventQueue-NodeRegistrationContainerReportForDataNodeSafeModeRule] INFO  safemode.SCMSafeModeManager (DataNodeSafeModeRule.java:process(71)) - SCM in safe mode. 3 DataNodes registered, 3 required.
2024-03-11 08:35:16,199 [EventQueue-NodeRegistrationContainerReportForDataNodeSafeModeRule] INFO  safemode.SCMSafeModeManager (SCMSafeModeManager.java:validateSafeModeExitRules(200)) - DataNodeSafeModeRule rule is successfully validated
2024-03-11 08:35:16,199 [EventQueue-NodeRegistrationContainerReportForDataNodeSafeModeRule] INFO  safemode.SCMSafeModeManager (SCMSafeModeManager.java:completePreCheck(229)) - All SCM safe mode pre check rules have passed
2024-03-11 08:35:16,200 [EventQueue-NodeRegistrationContainerReportForDataNodeSafeModeRule] INFO  ha.SCMContext (SCMContext.java:updateSafeModeStatus(225)) - Update SafeModeStatus from SafeModeStatus{safeModeStatus=true, preCheckPassed=false} to SafeModeStatus{safeModeStatus=true, preCheckPassed=true}.
2024-03-11 08:35:16,200 [EventQueue-NodeRegistrationContainerReportForDataNodeSafeModeRule] INFO  pipeline.BackgroundPipelineCreator (BackgroundPipelineCreator.java:notifyEventTriggered(280)) - trigger a one-shot run on RatisPipelineUtilsThread.
2024-03-11 08:35:16,200 [EventQueue-NewNodeForNewNodeHandler] INFO  pipeline.BackgroundPipelineCreator (BackgroundPipelineCreator.java:notifyEventTriggered(280)) - trigger a one-shot run on RatisPipelineUtilsThread.
2024-03-11 08:35:16,203 [RatisPipelineUtilsThread-0] INFO  pipeline.RatisPipelineProvider (RatisPipelineProvider.java:lambda$create$0(205)) - Sending CreatePipelineCommand for pipeline:PipelineID=9e69a4fa-bae7-475f-ba6a-2960e1bfb004 to datanode:fe1a3415-0d95-46e3-9e86-5c0a6cba0e9b
2024-03-11 08:35:16,203 [RatisPipelineUtilsThread-0] INFO  pipeline.BackgroundPipelineCreator (BackgroundPipelineCreator.java:createPipelines(236)) - Created new pipeline Pipeline[ Id: 9e69a4fa-bae7-475f-ba6a-2960e1bfb004, Nodes: fe1a3415-0d95-46e3-9e86-5c0a6cba0e9b(fv-az1250-130.ebmzynhy2g4u3nwuixrszff3we.cx.internal.cloudapp.net/10.1.0.9), ReplicationConfig: RATIS/ONE, State:ALLOCATED, leaderId:, CreationTimestamp2024-03-11T08:35:16.202Z[Etc/UTC]]
2024-03-11 08:35:16,203 [RatisPipelineUtilsThread-0] INFO  pipeline.RatisPipelineProvider (RatisPipelineProvider.java:lambda$create$0(205)) - Sending CreatePipelineCommand for pipeline:PipelineID=0a96e440-4e68-4c65-b468-23b92ac0a246 to datanode:d81587eb-d5f8-443f-9e72-95d00c5fcac0
2024-03-11 08:35:16,203 [RatisPipelineUtilsThread-0] INFO  pipeline.RatisPipelineProvider (RatisPipelineProvider.java:lambda$create$0(205)) - Sending CreatePipelineCommand for pipeline:PipelineID=0a96e440-4e68-4c65-b468-23b92ac0a246 to datanode:bdb70d2a-fd58-4276-89a5-31c459e859a0
2024-03-11 08:35:16,204 [RatisPipelineUtilsThread-0] INFO  pipeline.RatisPipelineProvider (RatisPipelineProvider.java:lambda$create$0(205)) - Sending CreatePipelineCommand for pipeline:PipelineID=0a96e440-4e68-4c65-b468-23b92ac0a246 to datanode:fe1a3415-0d95-46e3-9e86-5c0a6cba0e9b
2024-03-11 08:35:16,204 [RatisPipelineUtilsThread-0] INFO  pipeline.BackgroundPipelineCreator (BackgroundPipelineCreator.java:createPipelines(236)) - Created new pipeline Pipeline[ Id: 0a96e440-4e68-4c65-b468-23b92ac0a246, Nodes: d81587eb-d5f8-443f-9e72-95d00c5fcac0(fv-az1250-130.ebmzynhy2g4u3nwuixrszff3we.cx.internal.cloudapp.net/10.1.0.9)bdb70d2a-fd58-4276-89a5-31c459e859a0(fv-az1250-130.ebmzynhy2g4u3nwuixrszff3we.cx.internal.cloudapp.net/10.1.0.9)fe1a3415-0d95-46e3-9e86-5c0a6cba0e9b(fv-az1250-130.ebmzynhy2g4u3nwuixrszff3we.cx.internal.cloudapp.net/10.1.0.9), ReplicationConfig: RATIS/THREE, State:ALLOCATED, leaderId:, CreationTimestamp2024-03-11T08:35:16.203Z[Etc/UTC]]
2024-03-11 08:35:16,205 [RatisPipelineUtilsThread-0] INFO  pipeline.RatisPipelineProvider (RatisPipelineProvider.java:lambda$create$0(205)) - Sending CreatePipelineCommand for pipeline:PipelineID=39b3abc3-9e25-4c41-b611-f9791bae746c to datanode:fe1a3415-0d95-46e3-9e86-5c0a6cba0e9b
2024-03-11 08:35:16,205 [RatisPipelineUtilsThread-0] INFO  pipeline.RatisPipelineProvider (RatisPipelineProvider.java:lambda$create$0(205)) - Sending CreatePipelineCommand for pipeline:PipelineID=39b3abc3-9e25-4c41-b611-f9791bae746c to datanode:bdb70d2a-fd58-4276-89a5-31c459e859a0
2024-03-11 08:35:16,205 [RatisPipelineUtilsThread-0] INFO  pipeline.RatisPipelineProvider (RatisPipelineProvider.java:lambda$create$0(205)) - Sending CreatePipelineCommand for pipeline:PipelineID=39b3abc3-9e25-4c41-b611-f9791bae746c to datanode:d81587eb-d5f8-443f-9e72-95d00c5fcac0
2024-03-11 08:35:16,205 [RatisPipelineUtilsThread-0] INFO  pipeline.PipelineManagerImpl (PipelineManagerImpl.java:recordMetricsForPipeline(916)) - Pipeline: PipelineID=39b3abc3-9e25-4c41-b611-f9791bae746c contains same datanodes as previous pipelines: PipelineID=0a96e440-4e68-4c65-b468-23b92ac0a246 nodeIds: fe1a3415-0d95-46e3-9e86-5c0a6cba0e9b, bdb70d2a-fd58-4276-89a5-31c459e859a0, d81587eb-d5f8-443f-9e72-95d00c5fcac0
2024-03-11 08:35:16,206 [RatisPipelineUtilsThread-0] INFO  pipeline.BackgroundPipelineCreator (BackgroundPipelineCreator.java:createPipelines(236)) - Created new pipeline Pipeline[ Id: 39b3abc3-9e25-4c41-b611-f9791bae746c, Nodes: fe1a3415-0d95-46e3-9e86-5c0a6cba0e9b(fv-az1250-130.ebmzynhy2g4u3nwuixrszff3we.cx.internal.cloudapp.net/10.1.0.9)bdb70d2a-fd58-4276-89a5-31c459e859a0(fv-az1250-130.ebmzynhy2g4u3nwuixrszff3we.cx.internal.cloudapp.net/10.1.0.9)d81587eb-d5f8-443f-9e72-95d00c5fcac0(fv-az1250-130.ebmzynhy2g4u3nwuixrszff3we.cx.internal.cloudapp.net/10.1.0.9), ReplicationConfig: RATIS/THREE, State:ALLOCATED, leaderId:, CreationTimestamp2024-03-11T08:35:16.205Z[Etc/UTC]]
2024-03-11 08:35:17,198 [main] INFO  ozone.MiniOzoneClusterImpl (MiniOzoneClusterImpl.java:lambda$waitForClusterToBeReady$0(194)) - Nodes are ready. Got 3 of 3 DN Heartbeats.
2024-03-11 08:35:17,199 [main] INFO  ozone.MiniOzoneClusterImpl (MiniOzoneClusterImpl.java:lambda$waitForClusterToBeReady$0(197)) - Waiting for cluster to exit safe mode
2024-03-11 08:35:17,199 [main] INFO  ozone.MiniOzoneClusterImpl (MiniOzoneClusterImpl.java:lambda$waitForClusterToBeReady$0(199)) - SCM became leader
2024-03-11 08:35:18,199 [main] INFO  ozone.MiniOzoneClusterImpl (MiniOzoneClusterImpl.java:lambda$waitForClusterToBeReady$0(194)) - Nodes are ready. Got 3 of 3 DN Heartbeats.
2024-03-11 08:35:18,199 [main] INFO  ozone.MiniOzoneClusterImpl (MiniOzoneClusterImpl.java:lambda$waitForClusterToBeReady$0(197)) - Waiting for cluster to exit safe mode
2024-03-11 08:35:18,199 [main] INFO  ozone.MiniOzoneClusterImpl (MiniOzoneClusterImpl.java:lambda$waitForClusterToBeReady$0(199)) - SCM became leader
2024-03-11 08:35:18,972 [bdb70d2a-fd58-4276-89a5-31c459e859a0-PipelineCommandHandlerThread-0] INFO  server.RaftServer (RaftServerProxy.java:addNew(100)) - bdb70d2a-fd58-4276-89a5-31c459e859a0: addNew group-84E5525E6FAD:[bdb70d2a-fd58-4276-89a5-31c459e859a0|10.1.0.9:15194] returns group-84E5525E6FAD:java.util.concurrent.CompletableFuture@627e3075[Not completed]
2024-03-11 08:35:18,973 [bdb70d2a-fd58-4276-89a5-31c459e859a0-groupManagement] INFO  server.RaftServer$Division (RaftServerImpl.java:<init>(256)) - bdb70d2a-fd58-4276-89a5-31c459e859a0: new RaftServerImpl for group-84E5525E6FAD:[bdb70d2a-fd58-4276-89a5-31c459e859a0|10.1.0.9:15194] with ContainerStateMachine:uninitialized
2024-03-11 08:35:18,973 [bdb70d2a-fd58-4276-89a5-31c459e859a0-groupManagement] INFO  server.RaftServerConfigKeys (ConfUtils.java:logGet(46)) - raft.server.rpc.timeout.min = 5s (custom)
2024-03-11 08:35:18,973 [bdb70d2a-fd58-4276-89a5-31c459e859a0-groupManagement] INFO  server.RaftServerConfigKeys (ConfUtils.java:logGet(46)) - raft.server.rpc.timeout.max = 5200ms (custom)
2024-03-11 08:35:18,973 [bdb70d2a-fd58-4276-89a5-31c459e859a0-groupManagement] INFO  server.RaftServerConfigKeys (ConfUtils.java:logGet(46)) - raft.server.rpc.sleep.time = 25ms (default)
2024-03-11 08:35:18,973 [bdb70d2a-fd58-4276-89a5-31c459e859a0-groupManagement] INFO  server.RaftServerConfigKeys (ConfUtils.java:logGet(46)) - raft.server.rpc.slowness.timeout = 300s (custom)
2024-03-11 08:35:18,974 [bdb70d2a-fd58-4276-89a5-31c459e859a0-groupManagement] INFO  server.RaftServerConfigKeys (ConfUtils.java:logGet(46)) - raft.server.leaderelection.leader.step-down.wait-time = 10s (default)
2024-03-11 08:35:18,974 [bdb70d2a-fd58-4276-89a5-31c459e859a0-groupManagement] INFO  server.RaftServerConfigKeys (ConfUtils.java:logGet(46)) - raft.server.leaderelection.member.majority-add = false (default)
2024-03-11 08:35:18,974 [bdb70d2a-fd58-4276-89a5-31c459e859a0-groupManagement] INFO  server.RaftServerConfigKeys (ConfUtils.java:logGet(46)) - raft.server.sleep.deviation.threshold = 300ms (default)
2024-03-11 08:35:18,974 [bdb70d2a-fd58-4276-89a5-31c459e859a0-groupManagement] INFO  server.RaftServer$Division (ServerState.java:<init>(113)) - bdb70d2a-fd58-4276-89a5-31c459e859a0@group-84E5525E6FAD: ConfigurationManager, init=-1: peers:[bdb70d2a-fd58-4276-89a5-31c459e859a0|10.1.0.9:15194]|listeners:[], old=null, confs=<EMPTY_MAP>
2024-03-11 08:35:18,974 [bdb70d2a-fd58-4276-89a5-31c459e859a0-groupManagement] INFO  server.RaftServerConfigKeys (ConfUtils.java:logGet(46)) - raft.server.notification.no-leader.timeout = 300s (custom)
2024-03-11 08:35:18,974 [bdb70d2a-fd58-4276-89a5-31c459e859a0-groupManagement] INFO  server.RaftServerConfigKeys (ConfUtils.java:logGet(46)) - raft.server.read.timeout = 10s (default)
2024-03-11 08:35:18,974 [bdb70d2a-fd58-4276-89a5-31c459e859a0-groupManagement] INFO  server.RaftServerConfigKeys (ConfUtils.java:logGet(46)) - raft.server.retrycache.expirytime = 600000ms (custom)
2024-03-11 08:35:18,974 [bdb70d2a-fd58-4276-89a5-31c459e859a0-groupManagement] INFO  server.RaftServerConfigKeys (ConfUtils.java:logGet(46)) - raft.server.retrycache.statistics.expirytime = 100ms (default)
2024-03-11 08:35:18,974 [bdb70d2a-fd58-4276-89a5-31c459e859a0-groupManagement] INFO  server.RaftServerConfigKeys (ConfUtils.java:logGet(46)) - raft.server.read.option = DEFAULT (default)
2024-03-11 08:35:18,974 [bdb70d2a-fd58-4276-89a5-31c459e859a0-groupManagement] INFO  server.RaftServerConfigKeys (ConfUtils.java:logGet(46)) - raft.server.read.read-after-write-consistent.write-index-cache.expiry-time = 60s (default)
2024-03-11 08:35:18,976 [bdb70d2a-fd58-4276-89a5-31c459e859a0-groupManagement] INFO  server.RaftServerConfigKeys (ConfUtils.java:logGet(46)) - raft.server.rpc.request.timeout = 60s (custom)
2024-03-11 08:35:18,976 [bdb70d2a-fd58-4276-89a5-31c459e859a0-groupManagement] INFO  server.RaftServerConfigKeys (ConfUtils.java:logGet(46)) - raft.server.log.appender.install.snapshot.enabled = false (custom)
2024-03-11 08:35:18,976 [bdb70d2a-fd58-4276-89a5-31c459e859a0-groupManagement] INFO  server.RaftServerConfigKeys (ConfUtils.java:logGet(46)) - raft.server.threadpool.server.cached = true (default)
2024-03-11 08:35:18,976 [bdb70d2a-fd58-4276-89a5-31c459e859a0-groupManagement] INFO  server.RaftServerConfigKeys (ConfUtils.java:logGet(46)) - raft.server.threadpool.server.size = 0 (default)
2024-03-11 08:35:18,976 [bdb70d2a-fd58-4276-89a5-31c459e859a0-groupManagement] INFO  server.RaftServerConfigKeys (ConfUtils.java:logGet(46)) - raft.server.threadpool.client.cached = true (default)
2024-03-11 08:35:18,976 [bdb70d2a-fd58-4276-89a5-31c459e859a0-groupManagement] INFO  server.RaftServerConfigKeys (ConfUtils.java:logGet(46)) - raft.server.threadpool.client.size = 0 (default)
2024-03-11 08:35:18,976 [bdb70d2a-fd58-4276-89a5-31c459e859a0-groupManagement] INFO  server.RaftServerConfigKeys (ConfUtils.java:logGet(46)) - raft.server.storage.free-space.min = 0MB (=0) (default)
2024-03-11 08:35:18,976 [bdb70d2a-fd58-4276-89a5-31c459e859a0-groupManagement] INFO  server.RaftServerConfigKeys (ConfUtils.java:logGet(46)) - raft.server.log.corruption.policy = EXCEPTION (default)
2024-03-11 08:35:18,976 [bdb70d2a-fd58-4276-89a5-31c459e859a0-groupManagement] INFO  server.RaftServerConfigKeys (ConfUtils.java:logGet(46)) - raft.server.storage.dir = [/home/runner/work/ozone/ozone/hadoop-ozone/integration-test/target/test-dir/MiniOzoneClusterImpl-c7fe89f3-570b-44cc-9eba-475ffdeb33a6/ozone-meta/datanode-1/ratis] (custom)
2024-03-11 08:35:18,976 [bdb70d2a-fd58-4276-89a5-31c459e859a0-groupManagement] INFO  storage.RaftStorageDirectory (RaftStorageDirectoryImpl.java:analyzeStorage(138)) - The storage directory /home/runner/work/ozone/ozone/hadoop-ozone/integration-test/target/test-dir/MiniOzoneClusterImpl-c7fe89f3-570b-44cc-9eba-475ffdeb33a6/ozone-meta/datanode-1/ratis/aae3d202-6967-4cf4-bbcb-84e5525e6fad does not exist. Creating ...
2024-03-11 08:35:18,979 [bdb70d2a-fd58-4276-89a5-31c459e859a0-groupManagement] INFO  storage.RaftStorageDirectory (RaftStorageDirectoryImpl.java:tryLock(228)) - Lock on /home/runner/work/ozone/ozone/hadoop-ozone/integration-test/target/test-dir/MiniOzoneClusterImpl-c7fe89f3-570b-44cc-9eba-475ffdeb33a6/ozone-meta/datanode-1/ratis/aae3d202-6967-4cf4-bbcb-84e5525e6fad/in_use.lock acquired by nodename 48108@fv-az1250-130
2024-03-11 08:35:18,980 [bdb70d2a-fd58-4276-89a5-31c459e859a0-groupManagement] INFO  storage.RaftStorage (RaftStorageImpl.java:format(99)) - Storage directory /home/runner/work/ozone/ozone/hadoop-ozone/integration-test/target/test-dir/MiniOzoneClusterImpl-c7fe89f3-570b-44cc-9eba-475ffdeb33a6/ozone-meta/datanode-1/ratis/aae3d202-6967-4cf4-bbcb-84e5525e6fad has been successfully formatted.
2024-03-11 08:35:18,981 [bdb70d2a-fd58-4276-89a5-31c459e859a0-groupManagement] WARN  util.FileUtils (LogUtils.java:supplyAndLog(63)) - Failed to Files.newInputStream /home/runner/work/ozone/ozone/hadoop-ozone/integration-test/target/test-dir/MiniOzoneClusterImpl-c7fe89f3-570b-44cc-9eba-475ffdeb33a6/ozone-meta/datanode-1/ratis/aae3d202-6967-4cf4-bbcb-84e5525e6fad/current/raft-meta.conf with options []: java.nio.file.NoSuchFileException: /home/runner/work/ozone/ozone/hadoop-ozone/integration-test/target/test-dir/MiniOzoneClusterImpl-c7fe89f3-570b-44cc-9eba-475ffdeb33a6/ozone-meta/datanode-1/ratis/aae3d202-6967-4cf4-bbcb-84e5525e6fad/current/raft-meta.conf
2024-03-11 08:35:18,982 [bdb70d2a-fd58-4276-89a5-31c459e859a0-groupManagement] INFO  ratis.ContainerStateMachine (ContainerStateMachine.java:loadSnapshot(287)) - group-84E5525E6FAD: The snapshot info is null. Setting the last applied index to:(t:0, i:~)
2024-03-11 08:35:18,982 [bdb70d2a-fd58-4276-89a5-31c459e859a0-groupManagement] INFO  server.RaftServerConfigKeys (ConfUtils.java:logGet(46)) - raft.server.log.use.memory = false (default)
2024-03-11 08:35:18,983 [bdb70d2a-fd58-4276-89a5-31c459e859a0-groupManagement] INFO  server.RaftServerConfigKeys (ConfUtils.java:logGet(46)) - raft.server.log.purge.gap = 1000000 (custom)
2024-03-11 08:35:18,983 [bdb70d2a-fd58-4276-89a5-31c459e859a0-groupManagement] INFO  server.RaftServerConfigKeys (ConfUtils.java:logGet(46)) - raft.server.log.appender.buffer.byte-limit = 8388608 (custom)
2024-03-11 08:35:18,983 [bdb70d2a-fd58-4276-89a5-31c459e859a0-groupManagement] INFO  server.RaftServerConfigKeys (ConfUtils.java:logGet(46)) - raft.server.log.statemachine.data.read.timeout = 1000ms (default)
2024-03-11 08:35:18,985 [bdb70d2a-fd58-4276-89a5-31c459e859a0-groupManagement] INFO  server.RaftServerConfigKeys (ConfUtils.java:logGet(46)) - raft.server.log.purge.preservation.log.num = 0 (default)
2024-03-11 08:35:18,984 [EventQueue-PipelineReportForPipelineReportHandler] INFO  pipeline.PipelineReportHandler (PipelineReportHandler.java:processPipelineReport(136)) - Opened pipeline PipelineID=aae3d202-6967-4cf4-bbcb-84e5525e6fad
2024-03-11 08:35:18,987 [EventQueue-OpenPipelineForHealthyPipelineSafeModeRule] INFO  safemode.SCMSafeModeManager (HealthyPipelineSafeModeRule.java:process(140)) - SCM in safe mode. Healthy pipelines reported count is 0, required healthy pipeline reported count is 1
2024-03-11 08:35:18,988 [bdb70d2a-fd58-4276-89a5-31c459e859a0-groupManagement] INFO  server.RaftServerConfigKeys (ConfUtils.java:logGet(46)) - raft.server.log.segment.size.max = 67108864 (custom)
2024-03-11 08:35:18,988 [bdb70d2a-fd58-4276-89a5-31c459e859a0-groupManagement] INFO  server.RaftServerConfigKeys (ConfUtils.java:logGet(46)) - raft.server.log.segment.cache.num.max = 2 (custom)
2024-03-11 08:35:18,988 [bdb70d2a-fd58-4276-89a5-31c459e859a0-groupManagement] INFO  server.RaftServerConfigKeys (ConfUtils.java:logGet(46)) - raft.server.log.segment.cache.size.max = 200MB (=209715200) (default)
2024-03-11 08:35:18,988 [bdb70d2a-fd58-4276-89a5-31c459e859a0-groupManagement] INFO  server.RaftServerConfigKeys (ConfUtils.java:logGet(46)) - raft.server.log.appender.buffer.byte-limit = 8388608 (custom)
2024-03-11 08:35:18,988 [bdb70d2a-fd58-4276-89a5-31c459e859a0-groupManagement] INFO  util.AwaitToRun (AwaitToRun.java:start(81)) - Thread[bdb70d2a-fd58-4276-89a5-31c459e859a0@group-84E5525E6FAD-cacheEviction-AwaitToRun,5,main] started
2024-03-11 08:35:18,988 [bdb70d2a-fd58-4276-89a5-31c459e859a0-groupManagement] INFO  segmented.SegmentedRaftLogWorker (SegmentedRaftLogWorker.java:<init>(182)) - new bdb70d2a-fd58-4276-89a5-31c459e859a0@group-84E5525E6FAD-SegmentedRaftLogWorker for RaftStorageImpl:Storage Directory /home/runner/work/ozone/ozone/hadoop-ozone/integration-test/target/test-dir/MiniOzoneClusterImpl-c7fe89f3-570b-44cc-9eba-475ffdeb33a6/ozone-meta/datanode-1/ratis/aae3d202-6967-4cf4-bbcb-84e5525e6fad
2024-03-11 08:35:18,989 [bdb70d2a-fd58-4276-89a5-31c459e859a0-groupManagement] INFO  server.RaftServerConfigKeys (ConfUtils.java:logGet(46)) - raft.server.log.queue.byte-limit = 4294967296 (custom)
2024-03-11 08:35:18,989 [bdb70d2a-fd58-4276-89a5-31c459e859a0-groupManagement] INFO  server.RaftServerConfigKeys (ConfUtils.java:logGet(46)) - raft.server.log.queue.element-limit = 1024 (custom)
2024-03-11 08:35:18,989 [bdb70d2a-fd58-4276-89a5-31c459e859a0-groupManagement] INFO  server.RaftServerConfigKeys (ConfUtils.java:logGet(46)) - raft.server.log.segment.size.max = 67108864 (custom)
2024-03-11 08:35:18,989 [bdb70d2a-fd58-4276-89a5-31c459e859a0-groupManagement] INFO  server.RaftServerConfigKeys (ConfUtils.java:logGet(46)) - raft.server.log.preallocated.size = 4194304 (custom)
2024-03-11 08:35:18,989 [bdb70d2a-fd58-4276-89a5-31c459e859a0-groupManagement] INFO  server.RaftServerConfigKeys (ConfUtils.java:logGet(46)) - raft.server.log.force.sync.num = 128 (default)
2024-03-11 08:35:18,989 [bdb70d2a-fd58-4276-89a5-31c459e859a0-groupManagement] INFO  server.RaftServerConfigKeys (ConfUtils.java:logGet(46)) - raft.server.log.statemachine.data.sync = true (default)
2024-03-11 08:35:18,989 [bdb70d2a-fd58-4276-89a5-31c459e859a0-groupManagement] INFO  server.RaftServerConfigKeys (ConfUtils.java:logGet(46)) - raft.server.log.statemachine.data.sync.timeout = 10s (default)
2024-03-11 08:35:18,989 [bdb70d2a-fd58-4276-89a5-31c459e859a0-groupManagement] INFO  server.RaftServerConfigKeys (ConfUtils.java:logGet(46)) - raft.server.log.statemachine.data.sync.timeout.retry = 0 (custom)
2024-03-11 08:35:18,989 [bdb70d2a-fd58-4276-89a5-31c459e859a0-groupManagement] INFO  server.RaftServerConfigKeys (ConfUtils.java:logGet(46)) - raft.server.log.write.buffer.size = 8388616 (custom)
2024-03-11 08:35:18,991 [bdb70d2a-fd58-4276-89a5-31c459e859a0-groupManagement] INFO  server.RaftServerConfigKeys (ConfUtils.java:logGet(46)) - raft.server.log.appender.buffer.byte-limit = 8388608 (custom)
2024-03-11 08:35:18,991 [bdb70d2a-fd58-4276-89a5-31c459e859a0-groupManagement] INFO  server.RaftServerConfigKeys (ConfUtils.java:logGet(46)) - raft.server.log.unsafe-flush.enabled = false (default)
2024-03-11 08:35:18,992 [bdb70d2a-fd58-4276-89a5-31c459e859a0-groupManagement] INFO  server.RaftServerConfigKeys (ConfUtils.java:logGet(46)) - raft.server.log.async-flush.enabled = false (default)
2024-03-11 08:35:18,992 [bdb70d2a-fd58-4276-89a5-31c459e859a0-groupManagement] INFO  server.RaftServerConfigKeys (ConfUtils.java:logGet(46)) - raft.server.log.statemachine.data.caching.enabled = true (custom)
2024-03-11 08:35:18,992 [bdb70d2a-fd58-4276-89a5-31c459e859a0-groupManagement] INFO  segmented.SegmentedRaftLogWorker (SegmentedRaftLogWorker.java:lambda$new$0(134)) - bdb70d2a-fd58-4276-89a5-31c459e859a0@group-84E5525E6FAD-SegmentedRaftLogWorker: flushIndex: setUnconditionally 0 -> -1
2024-03-11 08:35:18,992 [bdb70d2a-fd58-4276-89a5-31c459e859a0-groupManagement] INFO  segmented.SegmentedRaftLogWorker (SegmentedRaftLogWorker.java:lambda$new$0(134)) - bdb70d2a-fd58-4276-89a5-31c459e859a0@group-84E5525E6FAD-SegmentedRaftLogWorker: safeCacheEvictIndex: setUnconditionally 0 -> -1
2024-03-11 08:35:18,992 [bdb70d2a-fd58-4276-89a5-31c459e859a0-groupManagement] INFO  server.RaftServer$Division (RaftServerImpl.java:start(396)) - bdb70d2a-fd58-4276-89a5-31c459e859a0@group-84E5525E6FAD: start as a follower, conf=-1: peers:[bdb70d2a-fd58-4276-89a5-31c459e859a0|10.1.0.9:15194]|listeners:[], old=null
2024-03-11 08:35:18,992 [bdb70d2a-fd58-4276-89a5-31c459e859a0-groupManagement] INFO  server.RaftServer$Division (RaftServerImpl.java:setRole(383)) - bdb70d2a-fd58-4276-89a5-31c459e859a0@group-84E5525E6FAD: changes role from      null to FOLLOWER at term 0 for startAsFollower
2024-03-11 08:35:18,992 [bdb70d2a-fd58-4276-89a5-31c459e859a0-groupManagement] INFO  impl.RoleInfo (RoleInfo.java:updateAndGet(139)) - bdb70d2a-fd58-4276-89a5-31c459e859a0: start bdb70d2a-fd58-4276-89a5-31c459e859a0@group-84E5525E6FAD-FollowerState
2024-03-11 08:35:18,992 [bdb70d2a-fd58-4276-89a5-31c459e859a0@group-84E5525E6FAD-FollowerState] INFO  server.RaftServerConfigKeys (ConfUtils.java:logFallback(53)) - raft.server.rpc.first-election.timeout.min = 5s (fallback to raft.server.rpc.timeout.min)
2024-03-11 08:35:18,992 [bdb70d2a-fd58-4276-89a5-31c459e859a0-groupManagement] INFO  util.JmxRegister (JmxRegister.java:tryRegister(44)) - Successfully registered JMX Bean with object name Ratis:service=RaftServer,group=group-84E5525E6FAD,id=bdb70d2a-fd58-4276-89a5-31c459e859a0
2024-03-11 08:35:18,993 [bdb70d2a-fd58-4276-89a5-31c459e859a0@group-84E5525E6FAD-FollowerState] INFO  server.RaftServerConfigKeys (ConfUtils.java:logFallback(53)) - raft.server.rpc.first-election.timeout.max = 5200ms (fallback to raft.server.rpc.timeout.max)
2024-03-11 08:35:18,993 [bdb70d2a-fd58-4276-89a5-31c459e859a0-groupManagement] INFO  server.RaftServerConfigKeys (ConfUtils.java:logGet(46)) - raft.server.snapshot.trigger-when-stop.enabled = true (default)
2024-03-11 08:35:18,993 [bdb70d2a-fd58-4276-89a5-31c459e859a0-groupManagement] INFO  server.RaftServerConfigKeys (ConfUtils.java:logGet(46)) - raft.server.snapshot.auto.trigger.enabled = true (custom)
2024-03-11 08:35:18,993 [bdb70d2a-fd58-4276-89a5-31c459e859a0-groupManagement] INFO  server.RaftServerConfigKeys (ConfUtils.java:logGet(46)) - raft.server.snapshot.auto.trigger.threshold = 10000 (custom)
2024-03-11 08:35:18,993 [bdb70d2a-fd58-4276-89a5-31c459e859a0-groupManagement] INFO  server.RaftServerConfigKeys (ConfUtils.java:logGet(46)) - raft.server.snapshot.retention.file.num = 5 (custom)
2024-03-11 08:35:18,993 [bdb70d2a-fd58-4276-89a5-31c459e859a0-groupManagement] INFO  server.RaftServerConfigKeys (ConfUtils.java:logGet(46)) - raft.server.log.purge.upto.snapshot.index = false (default)
2024-03-11 08:35:18,993 [bdb70d2a-fd58-4276-89a5-31c459e859a0-PipelineCommandHandlerThread-0] INFO  ratis.XceiverServerRatis (XceiverServerRatis.java:addGroup(864)) - Created group PipelineID=aae3d202-6967-4cf4-bbcb-84e5525e6fad
2024-03-11 08:35:18,993 [bdb70d2a-fd58-4276-89a5-31c459e859a0-PipelineCommandHandlerThread-0] INFO  commandhandler.CreatePipelineCommandHandler (CreatePipelineCommandHandler.java:lambda$handle$2(124)) - Created Pipeline RATIS ONE PipelineID=aae3d202-6967-4cf4-bbcb-84e5525e6fad.
2024-03-11 08:35:18,994 [bdb70d2a-fd58-4276-89a5-31c459e859a0-PipelineCommandHandlerThread-0] INFO  server.RaftServer (RaftServerProxy.java:addNew(100)) - bdb70d2a-fd58-4276-89a5-31c459e859a0: addNew group-23B92AC0A246:[d81587eb-d5f8-443f-9e72-95d00c5fcac0|10.1.0.9:15203, bdb70d2a-fd58-4276-89a5-31c459e859a0|10.1.0.9:15194, fe1a3415-0d95-46e3-9e86-5c0a6cba0e9b|10.1.0.9:15212] returns group-23B92AC0A246:java.util.concurrent.CompletableFuture@6641b8e2[Not completed]
2024-03-11 08:35:18,994 [bdb70d2a-fd58-4276-89a5-31c459e859a0-groupManagement] INFO  server.RaftServer$Division (RaftServerImpl.java:<init>(256)) - bdb70d2a-fd58-4276-89a5-31c459e859a0: new RaftServerImpl for group-23B92AC0A246:[d81587eb-d5f8-443f-9e72-95d00c5fcac0|10.1.0.9:15203, bdb70d2a-fd58-4276-89a5-31c459e859a0|10.1.0.9:15194, fe1a3415-0d95-46e3-9e86-5c0a6cba0e9b|10.1.0.9:15212] with ContainerStateMachine:uninitialized
2024-03-11 08:35:18,994 [bdb70d2a-fd58-4276-89a5-31c459e859a0-groupManagement] INFO  server.RaftServerConfigKeys (ConfUtils.java:logGet(46)) - raft.server.rpc.timeout.min = 5s (custom)
2024-03-11 08:35:18,994 [bdb70d2a-fd58-4276-89a5-31c459e859a0-groupManagement] INFO  server.RaftServerConfigKeys (ConfUtils.java:logGet(46)) - raft.server.rpc.timeout.max = 5200ms (custom)
2024-03-11 08:35:18,995 [bdb70d2a-fd58-4276-89a5-31c459e859a0-groupManagement] INFO  server.RaftServerConfigKeys (ConfUtils.java:logGet(46)) - raft.server.rpc.sleep.time = 25ms (default)
2024-03-11 08:35:18,995 [bdb70d2a-fd58-4276-89a5-31c459e859a0-groupManagement] INFO  server.RaftServerConfigKeys (ConfUtils.java:logGet(46)) - raft.server.rpc.slowness.timeout = 300s (custom)
2024-03-11 08:35:18,995 [bdb70d2a-fd58-4276-89a5-31c459e859a0-groupManagement] INFO  server.RaftServerConfigKeys (ConfUtils.java:logGet(46)) - raft.server.leaderelection.leader.step-down.wait-time = 10s (default)
2024-03-11 08:35:18,995 [bdb70d2a-fd58-4276-89a5-31c459e859a0-groupManagement] INFO  server.RaftServerConfigKeys (ConfUtils.java:logGet(46)) - raft.server.leaderelection.member.majority-add = false (default)
2024-03-11 08:35:18,995 [bdb70d2a-fd58-4276-89a5-31c459e859a0-groupManagement] INFO  server.RaftServerConfigKeys (ConfUtils.java:logGet(46)) - raft.server.sleep.deviation.threshold = 300ms (default)
2024-03-11 08:35:18,995 [bdb70d2a-fd58-4276-89a5-31c459e859a0-groupManagement] INFO  server.RaftServer$Division (ServerState.java:<init>(113)) - bdb70d2a-fd58-4276-89a5-31c459e859a0@group-23B92AC0A246: ConfigurationManager, init=-1: peers:[d81587eb-d5f8-443f-9e72-95d00c5fcac0|10.1.0.9:15203, bdb70d2a-fd58-4276-89a5-31c459e859a0|10.1.0.9:15194, fe1a3415-0d95-46e3-9e86-5c0a6cba0e9b|10.1.0.9:15212]|listeners:[], old=null, confs=<EMPTY_MAP>
2024-03-11 08:35:18,995 [bdb70d2a-fd58-4276-89a5-31c459e859a0-groupManagement] INFO  server.RaftServerConfigKeys (ConfUtils.java:logGet(46)) - raft.server.notification.no-leader.timeout = 300s (custom)
2024-03-11 08:35:18,995 [bdb70d2a-fd58-4276-89a5-31c459e859a0-groupManagement] INFO  server.RaftServerConfigKeys (ConfUtils.java:logGet(46)) - raft.server.read.timeout = 10s (default)
2024-03-11 08:35:18,995 [bdb70d2a-fd58-4276-89a5-31c459e859a0-groupManagement] INFO  server.RaftServerConfigKeys (ConfUtils.java:logGet(46)) - raft.server.retrycache.expirytime = 600000ms (custom)
2024-03-11 08:35:18,995 [bdb70d2a-fd58-4276-89a5-31c459e859a0-groupManagement] INFO  server.RaftServerConfigKeys (ConfUtils.java:logGet(46)) - raft.server.retrycache.statistics.expirytime = 100ms (default)
2024-03-11 08:35:18,995 [bdb70d2a-fd58-4276-89a5-31c459e859a0-groupManagement] INFO  server.RaftServerConfigKeys (ConfUtils.java:logGet(46)) - raft.server.read.option = DEFAULT (default)
2024-03-11 08:35:18,995 [bdb70d2a-fd58-4276-89a5-31c459e859a0-groupManagement] INFO  server.RaftServerConfigKeys (ConfUtils.java:logGet(46)) - raft.server.read.read-after-write-consistent.write-index-cache.expiry-time = 60s (default)
2024-03-11 08:35:18,996 [bdb70d2a-fd58-4276-89a5-31c459e859a0-groupManagement] INFO  server.RaftServerConfigKeys (ConfUtils.java:logGet(46)) - raft.server.rpc.request.timeout = 60s (custom)
2024-03-11 08:35:18,996 [bdb70d2a-fd58-4276-89a5-31c459e859a0-groupManagement] INFO  server.RaftServerConfigKeys (ConfUtils.java:logGet(46)) - raft.server.log.appender.install.snapshot.enabled = false (custom)
2024-03-11 08:35:18,996 [bdb70d2a-fd58-4276-89a5-31c459e859a0-groupManagement] INFO  server.RaftServerConfigKeys (ConfUtils.java:logGet(46)) - raft.server.threadpool.server.cached = true (default)
2024-03-11 08:35:18,996 [bdb70d2a-fd58-4276-89a5-31c459e859a0-groupManagement] INFO  server.RaftServerConfigKeys (ConfUtils.java:logGet(46)) - raft.server.threadpool.server.size = 0 (default)
2024-03-11 08:35:18,997 [bdb70d2a-fd58-4276-89a5-31c459e859a0-groupManagement] INFO  server.RaftServerConfigKeys (ConfUtils.java:logGet(46)) - raft.server.threadpool.client.cached = true (default)
2024-03-11 08:35:18,997 [bdb70d2a-fd58-4276-89a5-31c459e859a0-groupManagement] INFO  server.RaftServerConfigKeys (ConfUtils.java:logGet(46)) - raft.server.threadpool.client.size = 0 (default)
2024-03-11 08:35:18,997 [bdb70d2a-fd58-4276-89a5-31c459e859a0-groupManagement] INFO  server.RaftServerConfigKeys (ConfUtils.java:logGet(46)) - raft.server.storage.free-space.min = 0MB (=0) (default)
2024-03-11 08:35:18,997 [bdb70d2a-fd58-4276-89a5-31c459e859a0-groupManagement] INFO  server.RaftServerConfigKeys (ConfUtils.java:logGet(46)) - raft.server.log.corruption.policy = EXCEPTION (default)
2024-03-11 08:35:18,997 [bdb70d2a-fd58-4276-89a5-31c459e859a0-groupManagement] INFO  server.RaftServerConfigKeys (ConfUtils.java:logGet(46)) - raft.server.storage.dir = [/home/runner/work/ozone/ozone/hadoop-ozone/integration-test/target/test-dir/MiniOzoneClusterImpl-c7fe89f3-570b-44cc-9eba-475ffdeb33a6/ozone-meta/datanode-1/ratis] (custom)
2024-03-11 08:35:18,997 [bdb70d2a-fd58-4276-89a5-31c459e859a0-groupManagement] INFO  storage.RaftStorageDirectory (RaftStorageDirectoryImpl.java:analyzeStorage(138)) - The storage directory /home/runner/work/ozone/ozone/hadoop-ozone/integration-test/target/test-dir/MiniOzoneClusterImpl-c7fe89f3-570b-44cc-9eba-475ffdeb33a6/ozone-meta/datanode-1/ratis/0a96e440-4e68-4c65-b468-23b92ac0a246 does not exist. Creating ...
2024-03-11 08:35:18,998 [bdb70d2a-fd58-4276-89a5-31c459e859a0-groupManagement] INFO  storage.RaftStorageDirectory (RaftStorageDirectoryImpl.java:tryLock(228)) - Lock on /home/runner/work/ozone/ozone/hadoop-ozone/integration-test/target/test-dir/MiniOzoneClusterImpl-c7fe89f3-570b-44cc-9eba-475ffdeb33a6/ozone-meta/datanode-1/ratis/0a96e440-4e68-4c65-b468-23b92ac0a246/in_use.lock acquired by nodename 48108@fv-az1250-130
2024-03-11 08:35:18,999 [bdb70d2a-fd58-4276-89a5-31c459e859a0-groupManagement] INFO  storage.RaftStorage (RaftStorageImpl.java:format(99)) - Storage directory /home/runner/work/ozone/ozone/hadoop-ozone/integration-test/target/test-dir/MiniOzoneClusterImpl-c7fe89f3-570b-44cc-9eba-475ffdeb33a6/ozone-meta/datanode-1/ratis/0a96e440-4e68-4c65-b468-23b92ac0a246 has been successfully formatted.
2024-03-11 08:35:18,999 [bdb70d2a-fd58-4276-89a5-31c459e859a0-groupManagement] WARN  util.FileUtils (LogUtils.java:supplyAndLog(63)) - Failed to Files.newInputStream /home/runner/work/ozone/ozone/hadoop-ozone/integration-test/target/test-dir/MiniOzoneClusterImpl-c7fe89f3-570b-44cc-9eba-475ffdeb33a6/ozone-meta/datanode-1/ratis/0a96e440-4e68-4c65-b468-23b92ac0a246/current/raft-meta.conf with options []: java.nio.file.NoSuchFileException: /home/runner/work/ozone/ozone/hadoop-ozone/integration-test/target/test-dir/MiniOzoneClusterImpl-c7fe89f3-570b-44cc-9eba-475ffdeb33a6/ozone-meta/datanode-1/ratis/0a96e440-4e68-4c65-b468-23b92ac0a246/current/raft-meta.conf
2024-03-11 08:35:19,000 [bdb70d2a-fd58-4276-89a5-31c459e859a0-groupManagement] INFO  ratis.ContainerStateMachine (ContainerStateMachine.java:loadSnapshot(287)) - group-23B92AC0A246: The snapshot info is null. Setting the last applied index to:(t:0, i:~)
2024-03-11 08:35:19,000 [bdb70d2a-fd58-4276-89a5-31c459e859a0-groupManagement] INFO  server.RaftServerConfigKeys (ConfUtils.java:logGet(46)) - raft.server.log.use.memory = false (default)
2024-03-11 08:35:19,000 [bdb70d2a-fd58-4276-89a5-31c459e859a0-groupManagement] INFO  server.RaftServerConfigKeys (ConfUtils.java:logGet(46)) - raft.server.log.purge.gap = 1000000 (custom)
2024-03-11 08:35:19,000 [bdb70d2a-fd58-4276-89a5-31c459e859a0-groupManagement] INFO  server.RaftServerConfigKeys (ConfUtils.java:logGet(46)) - raft.server.log.appender.buffer.byte-limit = 8388608 (custom)
2024-03-11 08:35:19,000 [bdb70d2a-fd58-4276-89a5-31c459e859a0-groupManagement] INFO  server.RaftServerConfigKeys (ConfUtils.java:logGet(46)) - raft.server.log.statemachine.data.read.timeout = 1000ms (default)
2024-03-11 08:35:19,000 [bdb70d2a-fd58-4276-89a5-31c459e859a0-groupManagement] INFO  server.RaftServerConfigKeys (ConfUtils.java:logGet(46)) - raft.server.log.purge.preservation.log.num = 0 (default)
2024-03-11 08:35:19,000 [EventQueue-OpenPipelineForHealthyPipelineSafeModeRule] INFO  safemode.SCMSafeModeManager (HealthyPipelineSafeModeRule.java:process(140)) - SCM in safe mode. Healthy pipelines reported count is 0, required healthy pipeline reported count is 1
2024-03-11 08:35:19,001 [bdb70d2a-fd58-4276-89a5-31c459e859a0-groupManagement] INFO  server.RaftServerConfigKeys (ConfUtils.java:logGet(46)) - raft.server.log.segment.size.max = 67108864 (custom)
2024-03-11 08:35:19,001 [bdb70d2a-fd58-4276-89a5-31c459e859a0-groupManagement] INFO  server.RaftServerConfigKeys (ConfUtils.java:logGet(46)) - raft.server.log.segment.cache.num.max = 2 (custom)
2024-03-11 08:35:19,001 [bdb70d2a-fd58-4276-89a5-31c459e859a0-groupManagement] INFO  server.RaftServerConfigKeys (ConfUtils.java:logGet(46)) - raft.server.log.segment.cache.size.max = 200MB (=209715200) (default)
2024-03-11 08:35:19,001 [bdb70d2a-fd58-4276-89a5-31c459e859a0-groupManagement] INFO  server.RaftServerConfigKeys (ConfUtils.java:logGet(46)) - raft.server.log.appender.buffer.byte-limit = 8388608 (custom)
2024-03-11 08:35:19,001 [bdb70d2a-fd58-4276-89a5-31c459e859a0-groupManagement] INFO  util.AwaitToRun (AwaitToRun.java:start(81)) - Thread[bdb70d2a-fd58-4276-89a5-31c459e859a0@group-23B92AC0A246-cacheEviction-AwaitToRun,5,main] started
2024-03-11 08:35:19,001 [bdb70d2a-fd58-4276-89a5-31c459e859a0-groupManagement] INFO  segmented.SegmentedRaftLogWorker (SegmentedRaftLogWorker.java:<init>(182)) - new bdb70d2a-fd58-4276-89a5-31c459e859a0@group-23B92AC0A246-SegmentedRaftLogWorker for RaftStorageImpl:Storage Directory /home/runner/work/ozone/ozone/hadoop-ozone/integration-test/target/test-dir/MiniOzoneClusterImpl-c7fe89f3-570b-44cc-9eba-475ffdeb33a6/ozone-meta/datanode-1/ratis/0a96e440-4e68-4c65-b468-23b92ac0a246
2024-03-11 08:35:19,001 [bdb70d2a-fd58-4276-89a5-31c459e859a0-groupManagement] INFO  server.RaftServerConfigKeys (ConfUtils.java:logGet(46)) - raft.server.log.queue.byte-limit = 4294967296 (custom)
2024-03-11 08:35:19,001 [bdb70d2a-fd58-4276-89a5-31c459e859a0-groupManagement] INFO  server.RaftServerConfigKeys (ConfUtils.java:logGet(46)) - raft.server.log.queue.element-limit = 1024 (custom)
2024-03-11 08:35:19,001 [bdb70d2a-fd58-4276-89a5-31c459e859a0-groupManagement] INFO  server.RaftServerConfigKeys (ConfUtils.java:logGet(46)) - raft.server.log.segment.size.max = 67108864 (custom)
2024-03-11 08:35:19,001 [bdb70d2a-fd58-4276-89a5-31c459e859a0-groupManagement] INFO  server.RaftServerConfigKeys (ConfUtils.java:logGet(46)) - raft.server.log.preallocated.size = 4194304 (custom)
2024-03-11 08:35:19,001 [bdb70d2a-fd58-4276-89a5-31c459e859a0-groupManagement] INFO  server.RaftServerConfigKeys (ConfUtils.java:logGet(46)) - raft.server.log.force.sync.num = 128 (default)
2024-03-11 08:35:19,001 [bdb70d2a-fd58-4276-89a5-31c459e859a0-groupManagement] INFO  server.RaftServerConfigKeys (ConfUtils.java:logGet(46)) - raft.server.log.statemachine.data.sync = true (default)
2024-03-11 08:35:19,002 [bdb70d2a-fd58-4276-89a5-31c459e859a0-groupManagement] INFO  server.RaftServerConfigKeys (ConfUtils.java:logGet(46)) - raft.server.log.statemachine.data.sync.timeout = 10s (default)
2024-03-11 08:35:19,002 [bdb70d2a-fd58-4276-89a5-31c459e859a0-groupManagement] INFO  server.RaftServerConfigKeys (ConfUtils.java:logGet(46)) - raft.server.log.statemachine.data.sync.timeout.retry = 0 (custom)
2024-03-11 08:35:19,002 [bdb70d2a-fd58-4276-89a5-31c459e859a0-groupManagement] INFO  server.RaftServerConfigKeys (ConfUtils.java:logGet(46)) - raft.server.log.write.buffer.size = 8388616 (custom)
2024-03-11 08:35:19,003 [bdb70d2a-fd58-4276-89a5-31c459e859a0-groupManagement] INFO  server.RaftServerConfigKeys (ConfUtils.java:logGet(46)) - raft.server.log.appender.buffer.byte-limit = 8388608 (custom)
2024-03-11 08:35:19,003 [bdb70d2a-fd58-4276-89a5-31c459e859a0-groupManagement] INFO  server.RaftServerConfigKeys (ConfUtils.java:logGet(46)) - raft.server.log.unsafe-flush.enabled = false (default)
2024-03-11 08:35:19,003 [bdb70d2a-fd58-4276-89a5-31c459e859a0-groupManagement] INFO  server.RaftServerConfigKeys (ConfUtils.java:logGet(46)) - raft.server.log.async-flush.enabled = false (default)
2024-03-11 08:35:19,003 [bdb70d2a-fd58-4276-89a5-31c459e859a0-groupManagement] INFO  server.RaftServerConfigKeys (ConfUtils.java:logGet(46)) - raft.server.log.statemachine.data.caching.enabled = true (custom)
2024-03-11 08:35:19,003 [bdb70d2a-fd58-4276-89a5-31c459e859a0-groupManagement] INFO  segmented.SegmentedRaftLogWorker (SegmentedRaftLogWorker.java:lambda$new$0(134)) - bdb70d2a-fd58-4276-89a5-31c459e859a0@group-23B92AC0A246-SegmentedRaftLogWorker: flushIndex: setUnconditionally 0 -> -1
2024-03-11 08:35:19,003 [bdb70d2a-fd58-4276-89a5-31c459e859a0-groupManagement] INFO  segmented.SegmentedRaftLogWorker (SegmentedRaftLogWorker.java:lambda$new$0(134)) - bdb70d2a-fd58-4276-89a5-31c459e859a0@group-23B92AC0A246-SegmentedRaftLogWorker: safeCacheEvictIndex: setUnconditionally 0 -> -1
2024-03-11 08:35:19,003 [bdb70d2a-fd58-4276-89a5-31c459e859a0-groupManagement] INFO  server.RaftServer$Division (RaftServerImpl.java:start(396)) - bdb70d2a-fd58-4276-89a5-31c459e859a0@group-23B92AC0A246: start as a follower, conf=-1: peers:[d81587eb-d5f8-443f-9e72-95d00c5fcac0|10.1.0.9:15203, bdb70d2a-fd58-4276-89a5-31c459e859a0|10.1.0.9:15194, fe1a3415-0d95-46e3-9e86-5c0a6cba0e9b|10.1.0.9:15212]|listeners:[], old=null
2024-03-11 08:35:19,003 [bdb70d2a-fd58-4276-89a5-31c459e859a0-groupManagement] INFO  server.RaftServer$Division (RaftServerImpl.java:setRole(383)) - bdb70d2a-fd58-4276-89a5-31c459e859a0@group-23B92AC0A246: changes role from      null to FOLLOWER at term 0 for startAsFollower
2024-03-11 08:35:19,003 [bdb70d2a-fd58-4276-89a5-31c459e859a0-groupManagement] INFO  impl.RoleInfo (RoleInfo.java:updateAndGet(139)) - bdb70d2a-fd58-4276-89a5-31c459e859a0: start bdb70d2a-fd58-4276-89a5-31c459e859a0@group-23B92AC0A246-FollowerState
2024-03-11 08:35:19,004 [bdb70d2a-fd58-4276-89a5-31c459e859a0@group-23B92AC0A246-FollowerState] INFO  server.RaftServerConfigKeys (ConfUtils.java:logFallback(53)) - raft.server.rpc.first-election.timeout.min = 5s (fallback to raft.server.rpc.timeout.min)
2024-03-11 08:35:19,004 [bdb70d2a-fd58-4276-89a5-31c459e859a0-groupManagement] INFO  util.JmxRegister (JmxRegister.java:tryRegister(44)) - Successfully registered JMX Bean with object name Ratis:service=RaftServer,group=group-23B92AC0A246,id=bdb70d2a-fd58-4276-89a5-31c459e859a0
2024-03-11 08:35:19,004 [bdb70d2a-fd58-4276-89a5-31c459e859a0@group-23B92AC0A246-FollowerState] INFO  server.RaftServerConfigKeys (ConfUtils.java:logFallback(53)) - raft.server.rpc.first-election.timeout.max = 5200ms (fallback to raft.server.rpc.timeout.max)
2024-03-11 08:35:19,004 [bdb70d2a-fd58-4276-89a5-31c459e859a0-groupManagement] INFO  server.RaftServerConfigKeys (ConfUtils.java:logGet(46)) - raft.server.snapshot.trigger-when-stop.enabled = true (default)
2024-03-11 08:35:19,004 [bdb70d2a-fd58-4276-89a5-31c459e859a0-groupManagement] INFO  server.RaftServerConfigKeys (ConfUtils.java:logGet(46)) - raft.server.snapshot.auto.trigger.enabled = true (custom)
2024-03-11 08:35:19,004 [bdb70d2a-fd58-4276-89a5-31c459e859a0-groupManagement] INFO  server.RaftServerConfigKeys (ConfUtils.java:logGet(46)) - raft.server.snapshot.auto.trigger.threshold = 10000 (custom)
2024-03-11 08:35:19,004 [bdb70d2a-fd58-4276-89a5-31c459e859a0-groupManagement] INFO  server.RaftServerConfigKeys (ConfUtils.java:logGet(46)) - raft.server.snapshot.retention.file.num = 5 (custom)
2024-03-11 08:35:19,004 [bdb70d2a-fd58-4276-89a5-31c459e859a0-groupManagement] INFO  server.RaftServerConfigKeys (ConfUtils.java:logGet(46)) - raft.server.log.purge.upto.snapshot.index = false (default)
2024-03-11 08:35:19,004 [bdb70d2a-fd58-4276-89a5-31c459e859a0-PipelineCommandHandlerThread-0] INFO  ratis.XceiverServerRatis (XceiverServerRatis.java:addGroup(864)) - Created group PipelineID=0a96e440-4e68-4c65-b468-23b92ac0a246
2024-03-11 08:35:19,010 [grpc-default-executor-2] INFO  server.RaftServer (RaftServerProxy.java:addNew(100)) - d81587eb-d5f8-443f-9e72-95d00c5fcac0: addNew group-23B92AC0A246:[d81587eb-d5f8-443f-9e72-95d00c5fcac0|10.1.0.9:15203, bdb70d2a-fd58-4276-89a5-31c459e859a0|10.1.0.9:15194, fe1a3415-0d95-46e3-9e86-5c0a6cba0e9b|10.1.0.9:15212] returns group-23B92AC0A246:java.util.concurrent.CompletableFuture@63663447[Not completed]
2024-03-11 08:35:19,010 [d81587eb-d5f8-443f-9e72-95d00c5fcac0-groupManagement] INFO  server.RaftServer$Division (RaftServerImpl.java:<init>(256)) - d81587eb-d5f8-443f-9e72-95d00c5fcac0: new RaftServerImpl for group-23B92AC0A246:[d81587eb-d5f8-443f-9e72-95d00c5fcac0|10.1.0.9:15203, bdb70d2a-fd58-4276-89a5-31c459e859a0|10.1.0.9:15194, fe1a3415-0d95-46e3-9e86-5c0a6cba0e9b|10.1.0.9:15212] with ContainerStateMachine:uninitialized
2024-03-11 08:35:19,010 [d81587eb-d5f8-443f-9e72-95d00c5fcac0-groupManagement] INFO  server.RaftServerConfigKeys (ConfUtils.java:logGet(46)) - raft.server.rpc.timeout.min = 5s (custom)
2024-03-11 08:35:19,010 [d81587eb-d5f8-443f-9e72-95d00c5fcac0-groupManagement] INFO  server.RaftServerConfigKeys (ConfUtils.java:logGet(46)) - raft.server.rpc.timeout.max = 5200ms (custom)
2024-03-11 08:35:19,010 [d81587eb-d5f8-443f-9e72-95d00c5fcac0-groupManagement] INFO  server.RaftServerConfigKeys (ConfUtils.java:logGet(46)) - raft.server.rpc.sleep.time = 25ms (default)
2024-03-11 08:35:19,010 [d81587eb-d5f8-443f-9e72-95d00c5fcac0-groupManagement] INFO  server.RaftServerConfigKeys (ConfUtils.java:logGet(46)) - raft.server.rpc.slowness.timeout = 300s (custom)
2024-03-11 08:35:19,010 [d81587eb-d5f8-443f-9e72-95d00c5fcac0-groupManagement] INFO  server.RaftServerConfigKeys (ConfUtils.java:logGet(46)) - raft.server.leaderelection.leader.step-down.wait-time = 10s (default)
2024-03-11 08:35:19,011 [d81587eb-d5f8-443f-9e72-95d00c5fcac0-groupManagement] INFO  server.RaftServerConfigKeys (ConfUtils.java:logGet(46)) - raft.server.leaderelection.member.majority-add = false (default)
2024-03-11 08:35:19,011 [d81587eb-d5f8-443f-9e72-95d00c5fcac0-groupManagement] INFO  server.RaftServerConfigKeys (ConfUtils.java:logGet(46)) - raft.server.sleep.deviation.threshold = 300ms (default)
2024-03-11 08:35:19,011 [d81587eb-d5f8-443f-9e72-95d00c5fcac0-groupManagement] INFO  server.RaftServer$Division (ServerState.java:<init>(113)) - d81587eb-d5f8-443f-9e72-95d00c5fcac0@group-23B92AC0A246: ConfigurationManager, init=-1: peers:[d81587eb-d5f8-443f-9e72-95d00c5fcac0|10.1.0.9:15203, bdb70d2a-fd58-4276-89a5-31c459e859a0|10.1.0.9:15194, fe1a3415-0d95-46e3-9e86-5c0a6cba0e9b|10.1.0.9:15212]|listeners:[], old=null, confs=<EMPTY_MAP>
2024-03-11 08:35:19,011 [d81587eb-d5f8-443f-9e72-95d00c5fcac0-groupManagement] INFO  server.RaftServerConfigKeys (ConfUtils.java:logGet(46)) - raft.server.notification.no-leader.timeout = 300s (custom)
2024-03-11 08:35:19,011 [d81587eb-d5f8-443f-9e72-95d00c5fcac0-groupManagement] INFO  server.RaftServerConfigKeys (ConfUtils.java:logGet(46)) - raft.server.read.timeout = 10s (default)
2024-03-11 08:35:19,011 [d81587eb-d5f8-443f-9e72-95d00c5fcac0-groupManagement] INFO  server.RaftServerConfigKeys (ConfUtils.java:logGet(46)) - raft.server.retrycache.expirytime = 600000ms (custom)
2024-03-11 08:35:19,011 [d81587eb-d5f8-443f-9e72-95d00c5fcac0-groupManagement] INFO  server.RaftServerConfigKeys (ConfUtils.java:logGet(46)) - raft.server.retrycache.statistics.expirytime = 100ms (default)
2024-03-11 08:35:19,011 [d81587eb-d5f8-443f-9e72-95d00c5fcac0-groupManagement] INFO  server.RaftServerConfigKeys (ConfUtils.java:logGet(46)) - raft.server.read.option = DEFAULT (default)
2024-03-11 08:35:19,011 [d81587eb-d5f8-443f-9e72-95d00c5fcac0-groupManagement] INFO  server.RaftServerConfigKeys (ConfUtils.java:logGet(46)) - raft.server.read.read-after-write-consistent.write-index-cache.expiry-time = 60s (default)
2024-03-11 08:35:19,012 [d81587eb-d5f8-443f-9e72-95d00c5fcac0-groupManagement] INFO  server.RaftServerConfigKeys (ConfUtils.java:logGet(46)) - raft.server.rpc.request.timeout = 60s (custom)
2024-03-11 08:35:19,012 [d81587eb-d5f8-443f-9e72-95d00c5fcac0-groupManagement] INFO  server.RaftServerConfigKeys (ConfUtils.java:logGet(46)) - raft.server.log.appender.install.snapshot.enabled = false (custom)
2024-03-11 08:35:19,012 [d81587eb-d5f8-443f-9e72-95d00c5fcac0-groupManagement] INFO  server.RaftServerConfigKeys (ConfUtils.java:logGet(46)) - raft.server.threadpool.server.cached = true (default)
2024-03-11 08:35:19,012 [d81587eb-d5f8-443f-9e72-95d00c5fcac0-groupManagement] INFO  server.RaftServerConfigKeys (ConfUtils.java:logGet(46)) - raft.server.threadpool.server.size = 0 (default)
2024-03-11 08:35:19,012 [d81587eb-d5f8-443f-9e72-95d00c5fcac0-groupManagement] INFO  server.RaftServerConfigKeys (ConfUtils.java:logGet(46)) - raft.server.threadpool.client.cached = true (default)
2024-03-11 08:35:19,012 [d81587eb-d5f8-443f-9e72-95d00c5fcac0-groupManagement] INFO  server.RaftServerConfigKeys (ConfUtils.java:logGet(46)) - raft.server.threadpool.client.size = 0 (default)
2024-03-11 08:35:19,012 [d81587eb-d5f8-443f-9e72-95d00c5fcac0-groupManagement] INFO  server.RaftServerConfigKeys (ConfUtils.java:logGet(46)) - raft.server.storage.free-space.min = 0MB (=0) (default)
2024-03-11 08:35:19,012 [d81587eb-d5f8-443f-9e72-95d00c5fcac0-groupManagement] INFO  server.RaftServerConfigKeys (ConfUtils.java:logGet(46)) - raft.server.log.corruption.policy = EXCEPTION (default)
2024-03-11 08:35:19,013 [d81587eb-d5f8-443f-9e72-95d00c5fcac0-groupManagement] INFO  server.RaftServerConfigKeys (ConfUtils.java:logGet(46)) - raft.server.storage.dir = [/home/runner/work/ozone/ozone/hadoop-ozone/integration-test/target/test-dir/MiniOzoneClusterImpl-c7fe89f3-570b-44cc-9eba-475ffdeb33a6/ozone-meta/datanode-2/ratis] (custom)
2024-03-11 08:35:19,013 [d81587eb-d5f8-443f-9e72-95d00c5fcac0-groupManagement] INFO  storage.RaftStorageDirectory (RaftStorageDirectoryImpl.java:analyzeStorage(138)) - The storage directory /home/runner/work/ozone/ozone/hadoop-ozone/integration-test/target/test-dir/MiniOzoneClusterImpl-c7fe89f3-570b-44cc-9eba-475ffdeb33a6/ozone-meta/datanode-2/ratis/0a96e440-4e68-4c65-b468-23b92ac0a246 does not exist. Creating ...
2024-03-11 08:35:19,014 [d81587eb-d5f8-443f-9e72-95d00c5fcac0-groupManagement] INFO  storage.RaftStorageDirectory (RaftStorageDirectoryImpl.java:tryLock(228)) - Lock on /home/runner/work/ozone/ozone/hadoop-ozone/integration-test/target/test-dir/MiniOzoneClusterImpl-c7fe89f3-570b-44cc-9eba-475ffdeb33a6/ozone-meta/datanode-2/ratis/0a96e440-4e68-4c65-b468-23b92ac0a246/in_use.lock acquired by nodename 48108@fv-az1250-130
2024-03-11 08:35:19,016 [d81587eb-d5f8-443f-9e72-95d00c5fcac0-groupManagement] INFO  storage.RaftStorage (RaftStorageImpl.java:format(99)) - Storage directory /home/runner/work/ozone/ozone/hadoop-ozone/integration-test/target/test-dir/MiniOzoneClusterImpl-c7fe89f3-570b-44cc-9eba-475ffdeb33a6/ozone-meta/datanode-2/ratis/0a96e440-4e68-4c65-b468-23b92ac0a246 has been successfully formatted.
2024-03-11 08:35:19,016 [d81587eb-d5f8-443f-9e72-95d00c5fcac0-groupManagement] WARN  util.FileUtils (LogUtils.java:supplyAndLog(63)) - Failed to Files.newInputStream /home/runner/work/ozone/ozone/hadoop-ozone/integration-test/target/test-dir/MiniOzoneClusterImpl-c7fe89f3-570b-44cc-9eba-475ffdeb33a6/ozone-meta/datanode-2/ratis/0a96e440-4e68-4c65-b468-23b92ac0a246/current/raft-meta.conf with options []: java.nio.file.NoSuchFileException: /home/runner/work/ozone/ozone/hadoop-ozone/integration-test/target/test-dir/MiniOzoneClusterImpl-c7fe89f3-570b-44cc-9eba-475ffdeb33a6/ozone-meta/datanode-2/ratis/0a96e440-4e68-4c65-b468-23b92ac0a246/current/raft-meta.conf
2024-03-11 08:35:19,018 [d81587eb-d5f8-443f-9e72-95d00c5fcac0-groupManagement] INFO  ratis.ContainerStateMachine (ContainerStateMachine.java:loadSnapshot(287)) - group-23B92AC0A246: The snapshot info is null. Setting the last applied index to:(t:0, i:~)
2024-03-11 08:35:19,018 [d81587eb-d5f8-443f-9e72-95d00c5fcac0-groupManagement] INFO  server.RaftServerConfigKeys (ConfUtils.java:logGet(46)) - raft.server.log.use.memory = false (default)
2024-03-11 08:35:19,018 [d81587eb-d5f8-443f-9e72-95d00c5fcac0-groupManagement] INFO  server.RaftServerConfigKeys (ConfUtils.java:logGet(46)) - raft.server.log.purge.gap = 1000000 (custom)
2024-03-11 08:35:19,018 [d81587eb-d5f8-443f-9e72-95d00c5fcac0-groupManagement] INFO  server.RaftServerConfigKeys (ConfUtils.java:logGet(46)) - raft.server.log.appender.buffer.byte-limit = 8388608 (custom)
2024-03-11 08:35:19,018 [d81587eb-d5f8-443f-9e72-95d00c5fcac0-groupManagement] INFO  server.RaftServerConfigKeys (ConfUtils.java:logGet(46)) - raft.server.log.statemachine.data.read.timeout = 1000ms (default)
2024-03-11 08:35:19,018 [d81587eb-d5f8-443f-9e72-95d00c5fcac0-groupManagement] INFO  server.RaftServerConfigKeys (ConfUtils.java:logGet(46)) - raft.server.log.purge.preservation.log.num = 0 (default)
2024-03-11 08:35:19,019 [d81587eb-d5f8-443f-9e72-95d00c5fcac0-groupManagement] INFO  server.RaftServerConfigKeys (ConfUtils.java:logGet(46)) - raft.server.log.segment.size.max = 67108864 (custom)
2024-03-11 08:35:19,020 [d81587eb-d5f8-443f-9e72-95d00c5fcac0-groupManagement] INFO  server.RaftServerConfigKeys (ConfUtils.java:logGet(46)) - raft.server.log.segment.cache.num.max = 2 (custom)
2024-03-11 08:35:19,020 [d81587eb-d5f8-443f-9e72-95d00c5fcac0-groupManagement] INFO  server.RaftServerConfigKeys (ConfUtils.java:logGet(46)) - raft.server.log.segment.cache.size.max = 200MB (=209715200) (default)
2024-03-11 08:35:19,020 [d81587eb-d5f8-443f-9e72-95d00c5fcac0-groupManagement] INFO  server.RaftServerConfigKeys (ConfUtils.java:logGet(46)) - raft.server.log.appender.buffer.byte-limit = 8388608 (custom)
2024-03-11 08:35:19,020 [d81587eb-d5f8-443f-9e72-95d00c5fcac0-groupManagement] INFO  util.AwaitToRun (AwaitToRun.java:start(81)) - Thread[d81587eb-d5f8-443f-9e72-95d00c5fcac0@group-23B92AC0A246-cacheEviction-AwaitToRun,5,main] started
2024-03-11 08:35:19,020 [d81587eb-d5f8-443f-9e72-95d00c5fcac0-groupManagement] INFO  segmented.SegmentedRaftLogWorker (SegmentedRaftLogWorker.java:<init>(182)) - new d81587eb-d5f8-443f-9e72-95d00c5fcac0@group-23B92AC0A246-SegmentedRaftLogWorker for RaftStorageImpl:Storage Directory /home/runner/work/ozone/ozone/hadoop-ozone/integration-test/target/test-dir/MiniOzoneClusterImpl-c7fe89f3-570b-44cc-9eba-475ffdeb33a6/ozone-meta/datanode-2/ratis/0a96e440-4e68-4c65-b468-23b92ac0a246
2024-03-11 08:35:19,020 [d81587eb-d5f8-443f-9e72-95d00c5fcac0-groupManagement] INFO  server.RaftServerConfigKeys (ConfUtils.java:logGet(46)) - raft.server.log.queue.byte-limit = 4294967296 (custom)
2024-03-11 08:35:19,020 [d81587eb-d5f8-443f-9e72-95d00c5fcac0-groupManagement] INFO  server.RaftServerConfigKeys (ConfUtils.java:logGet(46)) - raft.server.log.queue.element-limit = 1024 (custom)
2024-03-11 08:35:19,020 [d81587eb-d5f8-443f-9e72-95d00c5fcac0-groupManagement] INFO  server.RaftServerConfigKeys (ConfUtils.java:logGet(46)) - raft.server.log.segment.size.max = 67108864 (custom)
2024-03-11 08:35:19,020 [d81587eb-d5f8-443f-9e72-95d00c5fcac0-groupManagement] INFO  server.RaftServerConfigKeys (ConfUtils.java:logGet(46)) - raft.server.log.preallocated.size = 4194304 (custom)
2024-03-11 08:35:19,021 [d81587eb-d5f8-443f-9e72-95d00c5fcac0-groupManagement] INFO  server.RaftServerConfigKeys (ConfUtils.java:logGet(46)) - raft.server.log.force.sync.num = 128 (default)
2024-03-11 08:35:19,021 [d81587eb-d5f8-443f-9e72-95d00c5fcac0-groupManagement] INFO  server.RaftServerConfigKeys (ConfUtils.java:logGet(46)) - raft.server.log.statemachine.data.sync = true (default)
2024-03-11 08:35:19,021 [d81587eb-d5f8-443f-9e72-95d00c5fcac0-groupManagement] INFO  server.RaftServerConfigKeys (ConfUtils.java:logGet(46)) - raft.server.log.statemachine.data.sync.timeout = 10s (default)
2024-03-11 08:35:19,021 [d81587eb-d5f8-443f-9e72-95d00c5fcac0-groupManagement] INFO  server.RaftServerConfigKeys (ConfUtils.java:logGet(46)) - raft.server.log.statemachine.data.sync.timeout.retry = 0 (custom)
2024-03-11 08:35:19,021 [d81587eb-d5f8-443f-9e72-95d00c5fcac0-groupManagement] INFO  server.RaftServerConfigKeys (ConfUtils.java:logGet(46)) - raft.server.log.write.buffer.size = 8388616 (custom)
2024-03-11 08:35:19,023 [d81587eb-d5f8-443f-9e72-95d00c5fcac0-groupManagement] INFO  server.RaftServerConfigKeys (ConfUtils.java:logGet(46)) - raft.server.log.appender.buffer.byte-limit = 8388608 (custom)
2024-03-11 08:35:19,023 [d81587eb-d5f8-443f-9e72-95d00c5fcac0-groupManagement] INFO  server.RaftServerConfigKeys (ConfUtils.java:logGet(46)) - raft.server.log.unsafe-flush.enabled = false (default)
2024-03-11 08:35:19,023 [d81587eb-d5f8-443f-9e72-95d00c5fcac0-groupManagement] INFO  server.RaftServerConfigKeys (ConfUtils.java:logGet(46)) - raft.server.log.async-flush.enabled = false (default)
2024-03-11 08:35:19,023 [d81587eb-d5f8-443f-9e72-95d00c5fcac0-groupManagement] INFO  server.RaftServerConfigKeys (ConfUtils.java:logGet(46)) - raft.server.log.statemachine.data.caching.enabled = true (custom)
2024-03-11 08:35:19,023 [d81587eb-d5f8-443f-9e72-95d00c5fcac0-groupManagement] INFO  segmented.SegmentedRaftLogWorker (SegmentedRaftLogWorker.java:lambda$new$0(134)) - d81587eb-d5f8-443f-9e72-95d00c5fcac0@group-23B92AC0A246-SegmentedRaftLogWorker: flushIndex: setUnconditionally 0 -> -1
2024-03-11 08:35:19,023 [d81587eb-d5f8-443f-9e72-95d00c5fcac0-groupManagement] INFO  segmented.SegmentedRaftLogWorker (SegmentedRaftLogWorker.java:lambda$new$0(134)) - d81587eb-d5f8-443f-9e72-95d00c5fcac0@group-23B92AC0A246-SegmentedRaftLogWorker: safeCacheEvictIndex: setUnconditionally 0 -> -1
2024-03-11 08:35:19,024 [d81587eb-d5f8-443f-9e72-95d00c5fcac0-groupManagement] INFO  server.RaftServer$Division (RaftServerImpl.java:start(396)) - d81587eb-d5f8-443f-9e72-95d00c5fcac0@group-23B92AC0A246: start as a follower, conf=-1: peers:[d81587eb-d5f8-443f-9e72-95d00c5fcac0|10.1.0.9:15203, bdb70d2a-fd58-4276-89a5-31c459e859a0|10.1.0.9:15194, fe1a3415-0d95-46e3-9e86-5c0a6cba0e9b|10.1.0.9:15212]|listeners:[], old=null
2024-03-11 08:35:19,024 [d81587eb-d5f8-443f-9e72-95d00c5fcac0-groupManagement] INFO  server.RaftServer$Division (RaftServerImpl.java:setRole(383)) - d81587eb-d5f8-443f-9e72-95d00c5fcac0@group-23B92AC0A246: changes role from      null to FOLLOWER at term 0 for startAsFollower
2024-03-11 08:35:19,024 [d81587eb-d5f8-443f-9e72-95d00c5fcac0-groupManagement] INFO  impl.RoleInfo (RoleInfo.java:updateAndGet(139)) - d81587eb-d5f8-443f-9e72-95d00c5fcac0: start d81587eb-d5f8-443f-9e72-95d00c5fcac0@group-23B92AC0A246-FollowerState
2024-03-11 08:35:19,024 [d81587eb-d5f8-443f-9e72-95d00c5fcac0-groupManagement] INFO  util.JmxRegister (JmxRegister.java:tryRegister(44)) - Successfully registered JMX Bean with object name Ratis:service=RaftServer,group=group-23B92AC0A246,id=d81587eb-d5f8-443f-9e72-95d00c5fcac0
2024-03-11 08:35:19,024 [d81587eb-d5f8-443f-9e72-95d00c5fcac0-groupManagement] INFO  server.RaftServerConfigKeys (ConfUtils.java:logGet(46)) - raft.server.snapshot.trigger-when-stop.enabled = true (default)
2024-03-11 08:35:19,024 [d81587eb-d5f8-443f-9e72-95d00c5fcac0-groupManagement] INFO  server.RaftServerConfigKeys (ConfUtils.java:logGet(46)) - raft.server.snapshot.auto.trigger.enabled = true (custom)
2024-03-11 08:35:19,024 [d81587eb-d5f8-443f-9e72-95d00c5fcac0-groupManagement] INFO  server.RaftServerConfigKeys (ConfUtils.java:logGet(46)) - raft.server.snapshot.auto.trigger.threshold = 10000 (custom)
2024-03-11 08:35:19,024 [d81587eb-d5f8-443f-9e72-95d00c5fcac0-groupManagement] INFO  server.RaftServerConfigKeys (ConfUtils.java:logGet(46)) - raft.server.snapshot.retention.file.num = 5 (custom)
2024-03-11 08:35:19,024 [d81587eb-d5f8-443f-9e72-95d00c5fcac0-groupManagement] INFO  server.RaftServerConfigKeys (ConfUtils.java:logGet(46)) - raft.server.log.purge.upto.snapshot.index = false (default)
2024-03-11 08:35:19,025 [d81587eb-d5f8-443f-9e72-95d00c5fcac0@group-23B92AC0A246-FollowerState] INFO  server.RaftServerConfigKeys (ConfUtils.java:logFallback(53)) - raft.server.rpc.first-election.timeout.min = 5s (fallback to raft.server.rpc.timeout.min)
2024-03-11 08:35:19,025 [d81587eb-d5f8-443f-9e72-95d00c5fcac0@group-23B92AC0A246-FollowerState] INFO  server.RaftServerConfigKeys (ConfUtils.java:logFallback(53)) - raft.server.rpc.first-election.timeout.max = 5200ms (fallback to raft.server.rpc.timeout.max)
2024-03-11 08:35:19,037 [grpc-default-executor-2] INFO  server.RaftServer (RaftServerProxy.java:addNew(100)) - fe1a3415-0d95-46e3-9e86-5c0a6cba0e9b: addNew group-23B92AC0A246:[d81587eb-d5f8-443f-9e72-95d00c5fcac0|10.1.0.9:15203, bdb70d2a-fd58-4276-89a5-31c459e859a0|10.1.0.9:15194, fe1a3415-0d95-46e3-9e86-5c0a6cba0e9b|10.1.0.9:15212] returns group-23B92AC0A246:java.util.concurrent.CompletableFuture@42b14ca6[Not completed]
2024-03-11 08:35:19,038 [fe1a3415-0d95-46e3-9e86-5c0a6cba0e9b-groupManagement] INFO  server.RaftServer$Division (RaftServerImpl.java:<init>(256)) - fe1a3415-0d95-46e3-9e86-5c0a6cba0e9b: new RaftServerImpl for group-23B92AC0A246:[d81587eb-d5f8-443f-9e72-95d00c5fcac0|10.1.0.9:15203, bdb70d2a-fd58-4276-89a5-31c459e859a0|10.1.0.9:15194, fe1a3415-0d95-46e3-9e86-5c0a6cba0e9b|10.1.0.9:15212] with ContainerStateMachine:uninitialized
2024-03-11 08:35:19,038 [fe1a3415-0d95-46e3-9e86-5c0a6cba0e9b-groupManagement] INFO  server.RaftServerConfigKeys (ConfUtils.java:logGet(46)) - raft.server.rpc.timeout.min = 5s (custom)
2024-03-11 08:35:19,038 [fe1a3415-0d95-46e3-9e86-5c0a6cba0e9b-groupManagement] INFO  server.RaftServerConfigKeys (ConfUtils.java:logGet(46)) - raft.server.rpc.timeout.max = 5200ms (custom)
2024-03-11 08:35:19,038 [fe1a3415-0d95-46e3-9e86-5c0a6cba0e9b-groupManagement] INFO  server.RaftServerConfigKeys (ConfUtils.java:logGet(46)) - raft.server.rpc.sleep.time = 25ms (default)
2024-03-11 08:35:19,038 [fe1a3415-0d95-46e3-9e86-5c0a6cba0e9b-groupManagement] INFO  server.RaftServerConfigKeys (ConfUtils.java:logGet(46)) - raft.server.rpc.slowness.timeout = 300s (custom)
2024-03-11 08:35:19,038 [fe1a3415-0d95-46e3-9e86-5c0a6cba0e9b-groupManagement] INFO  server.RaftServerConfigKeys (ConfUtils.java:logGet(46)) - raft.server.leaderelection.leader.step-down.wait-time = 10s (default)
2024-03-11 08:35:19,038 [fe1a3415-0d95-46e3-9e86-5c0a6cba0e9b-groupManagement] INFO  server.RaftServerConfigKeys (ConfUtils.java:logGet(46)) - raft.server.leaderelection.member.majority-add = false (default)
2024-03-11 08:35:19,038 [fe1a3415-0d95-46e3-9e86-5c0a6cba0e9b-groupManagement] INFO  server.RaftServerConfigKeys (ConfUtils.java:logGet(46)) - raft.server.sleep.deviation.threshold = 300ms (default)
2024-03-11 08:35:19,038 [fe1a3415-0d95-46e3-9e86-5c0a6cba0e9b-groupManagement] INFO  server.RaftServer$Division (ServerState.java:<init>(113)) - fe1a3415-0d95-46e3-9e86-5c0a6cba0e9b@group-23B92AC0A246: ConfigurationManager, init=-1: peers:[d81587eb-d5f8-443f-9e72-95d00c5fcac0|10.1.0.9:15203, bdb70d2a-fd58-4276-89a5-31c459e859a0|10.1.0.9:15194, fe1a3415-0d95-46e3-9e86-5c0a6cba0e9b|10.1.0.9:15212]|listeners:[], old=null, confs=<EMPTY_MAP>
2024-03-11 08:35:19,038 [fe1a3415-0d95-46e3-9e86-5c0a6cba0e9b-groupManagement] INFO  server.RaftServerConfigKeys (ConfUtils.java:logGet(46)) - raft.server.notification.no-leader.timeout = 300s (custom)
2024-03-11 08:35:19,038 [fe1a3415-0d95-46e3-9e86-5c0a6cba0e9b-groupManagement] INFO  server.RaftServerConfigKeys (ConfUtils.java:logGet(46)) - raft.server.read.timeout = 10s (default)
2024-03-11 08:35:19,038 [fe1a3415-0d95-46e3-9e86-5c0a6cba0e9b-groupManagement] INFO  server.RaftServerConfigKeys (ConfUtils.java:logGet(46)) - raft.server.retrycache.expirytime = 600000ms (custom)
2024-03-11 08:35:19,038 [fe1a3415-0d95-46e3-9e86-5c0a6cba0e9b-groupManagement] INFO  server.RaftServerConfigKeys (ConfUtils.java:logGet(46)) - raft.server.retrycache.statistics.expirytime = 100ms (default)
2024-03-11 08:35:19,038 [fe1a3415-0d95-46e3-9e86-5c0a6cba0e9b-groupManagement] INFO  server.RaftServerConfigKeys (ConfUtils.java:logGet(46)) - raft.server.read.option = DEFAULT (default)
2024-03-11 08:35:19,038 [fe1a3415-0d95-46e3-9e86-5c0a6cba0e9b-groupManagement] INFO  server.RaftServerConfigKeys (ConfUtils.java:logGet(46)) - raft.server.read.read-after-write-consistent.write-index-cache.expiry-time = 60s (default)
2024-03-11 08:35:19,039 [fe1a3415-0d95-46e3-9e86-5c0a6cba0e9b-groupManagement] INFO  server.RaftServerConfigKeys (ConfUtils.java:logGet(46)) - raft.server.rpc.request.timeout = 60s (custom)
2024-03-11 08:35:19,039 [fe1a3415-0d95-46e3-9e86-5c0a6cba0e9b-groupManagement] INFO  server.RaftServerConfigKeys (ConfUtils.java:logGet(46)) - raft.server.log.appender.install.snapshot.enabled = false (custom)
2024-03-11 08:35:19,040 [fe1a3415-0d95-46e3-9e86-5c0a6cba0e9b-groupManagement] INFO  server.RaftServerConfigKeys (ConfUtils.java:logGet(46)) - raft.server.threadpool.server.cached = true (default)
2024-03-11 08:35:19,040 [fe1a3415-0d95-46e3-9e86-5c0a6cba0e9b-groupManagement] INFO  server.RaftServerConfigKeys (ConfUtils.java:logGet(46)) - raft.server.threadpool.server.size = 0 (default)
2024-03-11 08:35:19,040 [fe1a3415-0d95-46e3-9e86-5c0a6cba0e9b-groupManagement] INFO  server.RaftServerConfigKeys (ConfUtils.java:logGet(46)) - raft.server.threadpool.client.cached = true (default)
2024-03-11 08:35:19,040 [fe1a3415-0d95-46e3-9e86-5c0a6cba0e9b-groupManagement] INFO  server.RaftServerConfigKeys (ConfUtils.java:logGet(46)) - raft.server.threadpool.client.size = 0 (default)
2024-03-11 08:35:19,040 [fe1a3415-0d95-46e3-9e86-5c0a6cba0e9b-groupManagement] INFO  server.RaftServerConfigKeys (ConfUtils.java:logGet(46)) - raft.server.storage.free-space.min = 0MB (=0) (default)
2024-03-11 08:35:19,040 [fe1a3415-0d95-46e3-9e86-5c0a6cba0e9b-groupManagement] INFO  server.RaftServerConfigKeys (ConfUtils.java:logGet(46)) - raft.server.log.corruption.policy = EXCEPTION (default)
2024-03-11 08:35:19,040 [fe1a3415-0d95-46e3-9e86-5c0a6cba0e9b-groupManagement] INFO  server.RaftServerConfigKeys (ConfUtils.java:logGet(46)) - raft.server.storage.dir = [/home/runner/work/ozone/ozone/hadoop-ozone/integration-test/target/test-dir/MiniOzoneClusterImpl-c7fe89f3-570b-44cc-9eba-475ffdeb33a6/ozone-meta/datanode-3/ratis] (custom)
2024-03-11 08:35:19,040 [fe1a3415-0d95-46e3-9e86-5c0a6cba0e9b-groupManagement] INFO  storage.RaftStorageDirectory (RaftStorageDirectoryImpl.java:analyzeStorage(138)) - The storage directory /home/runner/work/ozone/ozone/hadoop-ozone/integration-test/target/test-dir/MiniOzoneClusterImpl-c7fe89f3-570b-44cc-9eba-475ffdeb33a6/ozone-meta/datanode-3/ratis/0a96e440-4e68-4c65-b468-23b92ac0a246 does not exist. Creating ...
2024-03-11 08:35:19,041 [fe1a3415-0d95-46e3-9e86-5c0a6cba0e9b-groupManagement] INFO  storage.RaftStorageDirectory (RaftStorageDirectoryImpl.java:tryLock(228)) - Lock on /home/runner/work/ozone/ozone/hadoop-ozone/integration-test/target/test-dir/MiniOzoneClusterImpl-c7fe89f3-570b-44cc-9eba-475ffdeb33a6/ozone-meta/datanode-3/ratis/0a96e440-4e68-4c65-b468-23b92ac0a246/in_use.lock acquired by nodename 48108@fv-az1250-130
2024-03-11 08:35:19,042 [fe1a3415-0d95-46e3-9e86-5c0a6cba0e9b-groupManagement] INFO  storage.RaftStorage (RaftStorageImpl.java:format(99)) - Storage directory /home/runner/work/ozone/ozone/hadoop-ozone/integration-test/target/test-dir/MiniOzoneClusterImpl-c7fe89f3-570b-44cc-9eba-475ffdeb33a6/ozone-meta/datanode-3/ratis/0a96e440-4e68-4c65-b468-23b92ac0a246 has been successfully formatted.
2024-03-11 08:35:19,042 [fe1a3415-0d95-46e3-9e86-5c0a6cba0e9b-groupManagement] WARN  util.FileUtils (LogUtils.java:supplyAndLog(63)) - Failed to Files.newInputStream /home/runner/work/ozone/ozone/hadoop-ozone/integration-test/target/test-dir/MiniOzoneClusterImpl-c7fe89f3-570b-44cc-9eba-475ffdeb33a6/ozone-meta/datanode-3/ratis/0a96e440-4e68-4c65-b468-23b92ac0a246/current/raft-meta.conf with options []: java.nio.file.NoSuchFileException: /home/runner/work/ozone/ozone/hadoop-ozone/integration-test/target/test-dir/MiniOzoneClusterImpl-c7fe89f3-570b-44cc-9eba-475ffdeb33a6/ozone-meta/datanode-3/ratis/0a96e440-4e68-4c65-b468-23b92ac0a246/current/raft-meta.conf
2024-03-11 08:35:19,043 [fe1a3415-0d95-46e3-9e86-5c0a6cba0e9b-groupManagement] INFO  ratis.ContainerStateMachine (ContainerStateMachine.java:loadSnapshot(287)) - group-23B92AC0A246: The snapshot info is null. Setting the last applied index to:(t:0, i:~)
2024-03-11 08:35:19,043 [fe1a3415-0d95-46e3-9e86-5c0a6cba0e9b-groupManagement] INFO  server.RaftServerConfigKeys (ConfUtils.java:logGet(46)) - raft.server.log.use.memory = false (default)
2024-03-11 08:35:19,043 [fe1a3415-0d95-46e3-9e86-5c0a6cba0e9b-groupManagement] INFO  server.RaftServerConfigKeys (ConfUtils.java:logGet(46)) - raft.server.log.purge.gap = 1000000 (custom)
2024-03-11 08:35:19,043 [fe1a3415-0d95-46e3-9e86-5c0a6cba0e9b-groupManagement] INFO  server.RaftServerConfigKeys (ConfUtils.java:logGet(46)) - raft.server.log.appender.buffer.byte-limit = 8388608 (custom)
2024-03-11 08:35:19,043 [fe1a3415-0d95-46e3-9e86-5c0a6cba0e9b-groupManagement] INFO  server.RaftServerConfigKeys (ConfUtils.java:logGet(46)) - raft.server.log.statemachine.data.read.timeout = 1000ms (default)
2024-03-11 08:35:19,043 [fe1a3415-0d95-46e3-9e86-5c0a6cba0e9b-groupManagement] INFO  server.RaftServerConfigKeys (ConfUtils.java:logGet(46)) - raft.server.log.purge.preservation.log.num = 0 (default)
2024-03-11 08:35:19,044 [fe1a3415-0d95-46e3-9e86-5c0a6cba0e9b-groupManagement] INFO  server.RaftServerConfigKeys (ConfUtils.java:logGet(46)) - raft.server.log.segment.size.max = 67108864 (custom)
2024-03-11 08:35:19,044 [fe1a3415-0d95-46e3-9e86-5c0a6cba0e9b-groupManagement] INFO  server.RaftServerConfigKeys (ConfUtils.java:logGet(46)) - raft.server.log.segment.cache.num.max = 2 (custom)
2024-03-11 08:35:19,044 [fe1a3415-0d95-46e3-9e86-5c0a6cba0e9b-groupManagement] INFO  server.RaftServerConfigKeys (ConfUtils.java:logGet(46)) - raft.server.log.segment.cache.size.max = 200MB (=209715200) (default)
2024-03-11 08:35:19,044 [fe1a3415-0d95-46e3-9e86-5c0a6cba0e9b-groupManagement] INFO  server.RaftServerConfigKeys (ConfUtils.java:logGet(46)) - raft.server.log.appender.buffer.byte-limit = 8388608 (custom)
2024-03-11 08:35:19,045 [fe1a3415-0d95-46e3-9e86-5c0a6cba0e9b-groupManagement] INFO  util.AwaitToRun (AwaitToRun.java:start(81)) - Thread[fe1a3415-0d95-46e3-9e86-5c0a6cba0e9b@group-23B92AC0A246-cacheEviction-AwaitToRun,5,main] started
2024-03-11 08:35:19,045 [fe1a3415-0d95-46e3-9e86-5c0a6cba0e9b-groupManagement] INFO  segmented.SegmentedRaftLogWorker (SegmentedRaftLogWorker.java:<init>(182)) - new fe1a3415-0d95-46e3-9e86-5c0a6cba0e9b@group-23B92AC0A246-SegmentedRaftLogWorker for RaftStorageImpl:Storage Directory /home/runner/work/ozone/ozone/hadoop-ozone/integration-test/target/test-dir/MiniOzoneClusterImpl-c7fe89f3-570b-44cc-9eba-475ffdeb33a6/ozone-meta/datanode-3/ratis/0a96e440-4e68-4c65-b468-23b92ac0a246
2024-03-11 08:35:19,045 [fe1a3415-0d95-46e3-9e86-5c0a6cba0e9b-groupManagement] INFO  server.RaftServerConfigKeys (ConfUtils.java:logGet(46)) - raft.server.log.queue.byte-limit = 4294967296 (custom)
2024-03-11 08:35:19,045 [fe1a3415-0d95-46e3-9e86-5c0a6cba0e9b-groupManagement] INFO  server.RaftServerConfigKeys (ConfUtils.java:logGet(46)) - raft.server.log.queue.element-limit = 1024 (custom)
2024-03-11 08:35:19,045 [fe1a3415-0d95-46e3-9e86-5c0a6cba0e9b-groupManagement] INFO  server.RaftServerConfigKeys (ConfUtils.java:logGet(46)) - raft.server.log.segment.size.max = 67108864 (custom)
2024-03-11 08:35:19,045 [fe1a3415-0d95-46e3-9e86-5c0a6cba0e9b-groupManagement] INFO  server.RaftServerConfigKeys (ConfUtils.java:logGet(46)) - raft.server.log.preallocated.size = 4194304 (custom)
2024-03-11 08:35:19,045 [fe1a3415-0d95-46e3-9e86-5c0a6cba0e9b-groupManagement] INFO  server.RaftServerConfigKeys (ConfUtils.java:logGet(46)) - raft.server.log.force.sync.num = 128 (default)
2024-03-11 08:35:19,045 [fe1a3415-0d95-46e3-9e86-5c0a6cba0e9b-groupManagement] INFO  server.RaftServerConfigKeys (ConfUtils.java:logGet(46)) - raft.server.log.statemachine.data.sync = true (default)
2024-03-11 08:35:19,045 [fe1a3415-0d95-46e3-9e86-5c0a6cba0e9b-groupManagement] INFO  server.RaftServerConfigKeys (ConfUtils.java:logGet(46)) - raft.server.log.statemachine.data.sync.timeout = 10s (default)
2024-03-11 08:35:19,045 [fe1a3415-0d95-46e3-9e86-5c0a6cba0e9b-groupManagement] INFO  server.RaftServerConfigKeys (ConfUtils.java:logGet(46)) - raft.server.log.statemachine.data.sync.timeout.retry = 0 (custom)
2024-03-11 08:35:19,045 [fe1a3415-0d95-46e3-9e86-5c0a6cba0e9b-groupManagement] INFO  server.RaftServerConfigKeys (ConfUtils.java:logGet(46)) - raft.server.log.write.buffer.size = 8388616 (custom)
2024-03-11 08:35:19,047 [fe1a3415-0d95-46e3-9e86-5c0a6cba0e9b-groupManagement] INFO  server.RaftServerConfigKeys (ConfUtils.java:logGet(46)) - raft.server.log.appender.buffer.byte-limit = 8388608 (custom)
2024-03-11 08:35:19,047 [fe1a3415-0d95-46e3-9e86-5c0a6cba0e9b-groupManagement] INFO  server.RaftServerConfigKeys (ConfUtils.java:logGet(46)) - raft.server.log.unsafe-flush.enabled = false (default)
2024-03-11 08:35:19,047 [fe1a3415-0d95-46e3-9e86-5c0a6cba0e9b-groupManagement] INFO  server.RaftServerConfigKeys (ConfUtils.java:logGet(46)) - raft.server.log.async-flush.enabled = false (default)
2024-03-11 08:35:19,047 [fe1a3415-0d95-46e3-9e86-5c0a6cba0e9b-groupManagement] INFO  server.RaftServerConfigKeys (ConfUtils.java:logGet(46)) - raft.server.log.statemachine.data.caching.enabled = true (custom)
2024-03-11 08:35:19,047 [fe1a3415-0d95-46e3-9e86-5c0a6cba0e9b-groupManagement] INFO  segmented.SegmentedRaftLogWorker (SegmentedRaftLogWorker.java:lambda$new$0(134)) - fe1a3415-0d95-46e3-9e86-5c0a6cba0e9b@group-23B92AC0A246-SegmentedRaftLogWorker: flushIndex: setUnconditionally 0 -> -1
2024-03-11 08:35:19,047 [fe1a3415-0d95-46e3-9e86-5c0a6cba0e9b-groupManagement] INFO  segmented.SegmentedRaftLogWorker (SegmentedRaftLogWorker.java:lambda$new$0(134)) - fe1a3415-0d95-46e3-9e86-5c0a6cba0e9b@group-23B92AC0A246-SegmentedRaftLogWorker: safeCacheEvictIndex: setUnconditionally 0 -> -1
2024-03-11 08:35:19,047 [fe1a3415-0d95-46e3-9e86-5c0a6cba0e9b-groupManagement] INFO  server.RaftServer$Division (RaftServerImpl.java:start(396)) - fe1a3415-0d95-46e3-9e86-5c0a6cba0e9b@group-23B92AC0A246: start as a follower, conf=-1: peers:[d81587eb-d5f8-443f-9e72-95d00c5fcac0|10.1.0.9:15203, bdb70d2a-fd58-4276-89a5-31c459e859a0|10.1.0.9:15194, fe1a3415-0d95-46e3-9e86-5c0a6cba0e9b|10.1.0.9:15212]|listeners:[], old=null
2024-03-11 08:35:19,047 [fe1a3415-0d95-46e3-9e86-5c0a6cba0e9b-groupManagement] INFO  server.RaftServer$Division (RaftServerImpl.java:setRole(383)) - fe1a3415-0d95-46e3-9e86-5c0a6cba0e9b@group-23B92AC0A246: changes role from      null to FOLLOWER at term 0 for startAsFollower
2024-03-11 08:35:19,047 [fe1a3415-0d95-46e3-9e86-5c0a6cba0e9b-groupManagement] INFO  impl.RoleInfo (RoleInfo.java:updateAndGet(139)) - fe1a3415-0d95-46e3-9e86-5c0a6cba0e9b: start fe1a3415-0d95-46e3-9e86-5c0a6cba0e9b@group-23B92AC0A246-FollowerState
2024-03-11 08:35:19,048 [fe1a3415-0d95-46e3-9e86-5c0a6cba0e9b@group-23B92AC0A246-FollowerState] INFO  server.RaftServerConfigKeys (ConfUtils.java:logFallback(53)) - raft.server.rpc.first-election.timeout.min = 5s (fallback to raft.server.rpc.timeout.min)
2024-03-11 08:35:19,048 [fe1a3415-0d95-46e3-9e86-5c0a6cba0e9b@group-23B92AC0A246-FollowerState] INFO  server.RaftServerConfigKeys (ConfUtils.java:logFallback(53)) - raft.server.rpc.first-election.timeout.max = 5200ms (fallback to raft.server.rpc.timeout.max)
2024-03-11 08:35:19,048 [fe1a3415-0d95-46e3-9e86-5c0a6cba0e9b-groupManagement] INFO  util.JmxRegister (JmxRegister.java:tryRegister(44)) - Successfully registered JMX Bean with object name Ratis:service=RaftServer,group=group-23B92AC0A246,id=fe1a3415-0d95-46e3-9e86-5c0a6cba0e9b
2024-03-11 08:35:19,048 [fe1a3415-0d95-46e3-9e86-5c0a6cba0e9b-groupManagement] INFO  server.RaftServerConfigKeys (ConfUtils.java:logGet(46)) - raft.server.snapshot.trigger-when-stop.enabled = true (default)
2024-03-11 08:35:19,048 [fe1a3415-0d95-46e3-9e86-5c0a6cba0e9b-groupManagement] INFO  server.RaftServerConfigKeys (ConfUtils.java:logGet(46)) - raft.server.snapshot.auto.trigger.enabled = true (custom)
2024-03-11 08:35:19,048 [fe1a3415-0d95-46e3-9e86-5c0a6cba0e9b-groupManagement] INFO  server.RaftServerConfigKeys (ConfUtils.java:logGet(46)) - raft.server.snapshot.auto.trigger.threshold = 10000 (custom)
2024-03-11 08:35:19,048 [fe1a3415-0d95-46e3-9e86-5c0a6cba0e9b-groupManagement] INFO  server.RaftServerConfigKeys (ConfUtils.java:logGet(46)) - raft.server.snapshot.retention.file.num = 5 (custom)
2024-03-11 08:35:19,048 [fe1a3415-0d95-46e3-9e86-5c0a6cba0e9b-groupManagement] INFO  server.RaftServerConfigKeys (ConfUtils.java:logGet(46)) - raft.server.log.purge.upto.snapshot.index = false (default)
2024-03-11 08:35:19,055 [bdb70d2a-fd58-4276-89a5-31c459e859a0-PipelineCommandHandlerThread-0] INFO  commandhandler.CreatePipelineCommandHandler (CreatePipelineCommandHandler.java:lambda$handle$2(124)) - Created Pipeline RATIS THREE PipelineID=0a96e440-4e68-4c65-b468-23b92ac0a246.
2024-03-11 08:35:19,055 [bdb70d2a-fd58-4276-89a5-31c459e859a0-PipelineCommandHandlerThread-0] INFO  server.RaftServer (RaftServerProxy.java:addNew(100)) - bdb70d2a-fd58-4276-89a5-31c459e859a0: addNew group-F9791BAE746C:[d81587eb-d5f8-443f-9e72-95d00c5fcac0|10.1.0.9:15203, bdb70d2a-fd58-4276-89a5-31c459e859a0|10.1.0.9:15194, fe1a3415-0d95-46e3-9e86-5c0a6cba0e9b|10.1.0.9:15212] returns group-F9791BAE746C:java.util.concurrent.CompletableFuture@7b2ba793[Not completed]
2024-03-11 08:35:19,056 [bdb70d2a-fd58-4276-89a5-31c459e859a0-groupManagement] INFO  server.RaftServer$Division (RaftServerImpl.java:<init>(256)) - bdb70d2a-fd58-4276-89a5-31c459e859a0: new RaftServerImpl for group-F9791BAE746C:[d81587eb-d5f8-443f-9e72-95d00c5fcac0|10.1.0.9:15203, bdb70d2a-fd58-4276-89a5-31c459e859a0|10.1.0.9:15194, fe1a3415-0d95-46e3-9e86-5c0a6cba0e9b|10.1.0.9:15212] with ContainerStateMachine:uninitialized
2024-03-11 08:35:19,056 [bdb70d2a-fd58-4276-89a5-31c459e859a0-groupManagement] INFO  server.RaftServerConfigKeys (ConfUtils.java:logGet(46)) - raft.server.rpc.timeout.min = 5s (custom)
2024-03-11 08:35:19,056 [bdb70d2a-fd58-4276-89a5-31c459e859a0-groupManagement] INFO  server.RaftServerConfigKeys (ConfUtils.java:logGet(46)) - raft.server.rpc.timeout.max = 5200ms (custom)
2024-03-11 08:35:19,056 [bdb70d2a-fd58-4276-89a5-31c459e859a0-groupManagement] INFO  server.RaftServerConfigKeys (ConfUtils.java:logGet(46)) - raft.server.rpc.sleep.time = 25ms (default)
2024-03-11 08:35:19,056 [bdb70d2a-fd58-4276-89a5-31c459e859a0-groupManagement] INFO  server.RaftServerConfigKeys (ConfUtils.java:logGet(46)) - raft.server.rpc.slowness.timeout = 300s (custom)
2024-03-11 08:35:19,056 [bdb70d2a-fd58-4276-89a5-31c459e859a0-groupManagement] INFO  server.RaftServerConfigKeys (ConfUtils.java:logGet(46)) - raft.server.leaderelection.leader.step-down.wait-time = 10s (default)
2024-03-11 08:35:19,056 [bdb70d2a-fd58-4276-89a5-31c459e859a0-groupManagement] INFO  server.RaftServerConfigKeys (ConfUtils.java:logGet(46)) - raft.server.leaderelection.member.majority-add = false (default)
2024-03-11 08:35:19,056 [bdb70d2a-fd58-4276-89a5-31c459e859a0-groupManagement] INFO  server.RaftServerConfigKeys (ConfUtils.java:logGet(46)) - raft.server.sleep.deviation.threshold = 300ms (default)
2024-03-11 08:35:19,056 [bdb70d2a-fd58-4276-89a5-31c459e859a0-groupManagement] INFO  server.RaftServer$Division (ServerState.java:<init>(113)) - bdb70d2a-fd58-4276-89a5-31c459e859a0@group-F9791BAE746C: ConfigurationManager, init=-1: peers:[d81587eb-d5f8-443f-9e72-95d00c5fcac0|10.1.0.9:15203, bdb70d2a-fd58-4276-89a5-31c459e859a0|10.1.0.9:15194, fe1a3415-0d95-46e3-9e86-5c0a6cba0e9b|10.1.0.9:15212]|listeners:[], old=null, confs=<EMPTY_MAP>
2024-03-11 08:35:19,056 [bdb70d2a-fd58-4276-89a5-31c459e859a0-groupManagement] INFO  server.RaftServerConfigKeys (ConfUtils.java:logGet(46)) - raft.server.notification.no-leader.timeout = 300s (custom)
2024-03-11 08:35:19,056 [bdb70d2a-fd58-4276-89a5-31c459e859a0-groupManagement] INFO  server.RaftServerConfigKeys (ConfUtils.java:logGet(46)) - raft.server.read.timeout = 10s (default)
2024-03-11 08:35:19,056 [bdb70d2a-fd58-4276-89a5-31c459e859a0-groupManagement] INFO  server.RaftServerConfigKeys (ConfUtils.java:logGet(46)) - raft.server.retrycache.expirytime = 600000ms (custom)
2024-03-11 08:35:19,056 [bdb70d2a-fd58-4276-89a5-31c459e859a0-groupManagement] INFO  server.RaftServerConfigKeys (ConfUtils.java:logGet(46)) - raft.server.retrycache.statistics.expirytime = 100ms (default)
2024-03-11 08:35:19,056 [bdb70d2a-fd58-4276-89a5-31c459e859a0-groupManagement] INFO  server.RaftServerConfigKeys (ConfUtils.java:logGet(46)) - raft.server.read.option = DEFAULT (default)
2024-03-11 08:35:19,056 [bdb70d2a-fd58-4276-89a5-31c459e859a0-groupManagement] INFO  server.RaftServerConfigKeys (ConfUtils.java:logGet(46)) - raft.server.read.read-after-write-consistent.write-index-cache.expiry-time = 60s (default)
2024-03-11 08:35:19,058 [bdb70d2a-fd58-4276-89a5-31c459e859a0-groupManagement] INFO  server.RaftServerConfigKeys (ConfUtils.java:logGet(46)) - raft.server.rpc.request.timeout = 60s (custom)
2024-03-11 08:35:19,058 [bdb70d2a-fd58-4276-89a5-31c459e859a0-groupManagement] INFO  server.RaftServerConfigKeys (ConfUtils.java:logGet(46)) - raft.server.log.appender.install.snapshot.enabled = false (custom)
2024-03-11 08:35:19,058 [bdb70d2a-fd58-4276-89a5-31c459e859a0-groupManagement] INFO  server.RaftServerConfigKeys (ConfUtils.java:logGet(46)) - raft.server.threadpool.server.cached = true (default)
2024-03-11 08:35:19,058 [bdb70d2a-fd58-4276-89a5-31c459e859a0-groupManagement] INFO  server.RaftServerConfigKeys (ConfUtils.java:logGet(46)) - raft.server.threadpool.server.size = 0 (default)
2024-03-11 08:35:19,058 [bdb70d2a-fd58-4276-89a5-31c459e859a0-groupManagement] INFO  server.RaftServerConfigKeys (ConfUtils.java:logGet(46)) - raft.server.threadpool.client.cached = true (default)
2024-03-11 08:35:19,058 [bdb70d2a-fd58-4276-89a5-31c459e859a0-groupManagement] INFO  server.RaftServerConfigKeys (ConfUtils.java:logGet(46)) - raft.server.threadpool.client.size = 0 (default)
2024-03-11 08:35:19,058 [bdb70d2a-fd58-4276-89a5-31c459e859a0-groupManagement] INFO  server.RaftServerConfigKeys (ConfUtils.java:logGet(46)) - raft.server.storage.free-space.min = 0MB (=0) (default)
2024-03-11 08:35:19,058 [bdb70d2a-fd58-4276-89a5-31c459e859a0-groupManagement] INFO  server.RaftServerConfigKeys (ConfUtils.java:logGet(46)) - raft.server.log.corruption.policy = EXCEPTION (default)
2024-03-11 08:35:19,058 [bdb70d2a-fd58-4276-89a5-31c459e859a0-groupManagement] INFO  server.RaftServerConfigKeys (ConfUtils.java:logGet(46)) - raft.server.storage.dir = [/home/runner/work/ozone/ozone/hadoop-ozone/integration-test/target/test-dir/MiniOzoneClusterImpl-c7fe89f3-570b-44cc-9eba-475ffdeb33a6/ozone-meta/datanode-1/ratis] (custom)
2024-03-11 08:35:19,058 [bdb70d2a-fd58-4276-89a5-31c459e859a0-groupManagement] INFO  storage.RaftStorageDirectory (RaftStorageDirectoryImpl.java:analyzeStorage(138)) - The storage directory /home/runner/work/ozone/ozone/hadoop-ozone/integration-test/target/test-dir/MiniOzoneClusterImpl-c7fe89f3-570b-44cc-9eba-475ffdeb33a6/ozone-meta/datanode-1/ratis/39b3abc3-9e25-4c41-b611-f9791bae746c does not exist. Creating ...
2024-03-11 08:35:19,059 [bdb70d2a-fd58-4276-89a5-31c459e859a0-groupManagement] INFO  storage.RaftStorageDirectory (RaftStorageDirectoryImpl.java:tryLock(228)) - Lock on /home/runner/work/ozone/ozone/hadoop-ozone/integration-test/target/test-dir/MiniOzoneClusterImpl-c7fe89f3-570b-44cc-9eba-475ffdeb33a6/ozone-meta/datanode-1/ratis/39b3abc3-9e25-4c41-b611-f9791bae746c/in_use.lock acquired by nodename 48108@fv-az1250-130
2024-03-11 08:35:19,060 [bdb70d2a-fd58-4276-89a5-31c459e859a0-groupManagement] INFO  storage.RaftStorage (RaftStorageImpl.java:format(99)) - Storage directory /home/runner/work/ozone/ozone/hadoop-ozone/integration-test/target/test-dir/MiniOzoneClusterImpl-c7fe89f3-570b-44cc-9eba-475ffdeb33a6/ozone-meta/datanode-1/ratis/39b3abc3-9e25-4c41-b611-f9791bae746c has been successfully formatted.
2024-03-11 08:35:19,061 [bdb70d2a-fd58-4276-89a5-31c459e859a0-groupManagement] WARN  util.FileUtils (LogUtils.java:supplyAndLog(63)) - Failed to Files.newInputStream /home/runner/work/ozone/ozone/hadoop-ozone/integration-test/target/test-dir/MiniOzoneClusterImpl-c7fe89f3-570b-44cc-9eba-475ffdeb33a6/ozone-meta/datanode-1/ratis/39b3abc3-9e25-4c41-b611-f9791bae746c/current/raft-meta.conf with options []: java.nio.file.NoSuchFileException: /home/runner/work/ozone/ozone/hadoop-ozone/integration-test/target/test-dir/MiniOzoneClusterImpl-c7fe89f3-570b-44cc-9eba-475ffdeb33a6/ozone-meta/datanode-1/ratis/39b3abc3-9e25-4c41-b611-f9791bae746c/current/raft-meta.conf
2024-03-11 08:35:19,061 [bdb70d2a-fd58-4276-89a5-31c459e859a0-groupManagement] INFO  ratis.ContainerStateMachine (ContainerStateMachine.java:loadSnapshot(287)) - group-F9791BAE746C: The snapshot info is null. Setting the last applied index to:(t:0, i:~)
2024-03-11 08:35:19,061 [bdb70d2a-fd58-4276-89a5-31c459e859a0-groupManagement] INFO  server.RaftServerConfigKeys (ConfUtils.java:logGet(46)) - raft.server.log.use.memory = false (default)
2024-03-11 08:35:19,061 [bdb70d2a-fd58-4276-89a5-31c459e859a0-groupManagement] INFO  server.RaftServerConfigKeys (ConfUtils.java:logGet(46)) - raft.server.log.purge.gap = 1000000 (custom)
2024-03-11 08:35:19,061 [bdb70d2a-fd58-4276-89a5-31c459e859a0-groupManagement] INFO  server.RaftServerConfigKeys (ConfUtils.java:logGet(46)) - raft.server.log.appender.buffer.byte-limit = 8388608 (custom)
2024-03-11 08:35:19,061 [bdb70d2a-fd58-4276-89a5-31c459e859a0-groupManagement] INFO  server.RaftServerConfigKeys (ConfUtils.java:logGet(46)) - raft.server.log.statemachine.data.read.timeout = 1000ms (default)
2024-03-11 08:35:19,061 [bdb70d2a-fd58-4276-89a5-31c459e859a0-groupManagement] INFO  server.RaftServerConfigKeys (ConfUtils.java:logGet(46)) - raft.server.log.purge.preservation.log.num = 0 (default)
2024-03-11 08:35:19,062 [EventQueue-OpenPipelineForHealthyPipelineSafeModeRule] INFO  safemode.SCMSafeModeManager (HealthyPipelineSafeModeRule.java:process(140)) - SCM in safe mode. Healthy pipelines reported count is 0, required healthy pipeline reported count is 1
2024-03-11 08:35:19,062 [bdb70d2a-fd58-4276-89a5-31c459e859a0-groupManagement] INFO  server.RaftServerConfigKeys (ConfUtils.java:logGet(46)) - raft.server.log.segment.size.max = 67108864 (custom)
2024-03-11 08:35:19,063 [bdb70d2a-fd58-4276-89a5-31c459e859a0-groupManagement] INFO  server.RaftServerConfigKeys (ConfUtils.java:logGet(46)) - raft.server.log.segment.cache.num.max = 2 (custom)
2024-03-11 08:35:19,063 [bdb70d2a-fd58-4276-89a5-31c459e859a0-groupManagement] INFO  server.RaftServerConfigKeys (ConfUtils.java:logGet(46)) - raft.server.log.segment.cache.size.max = 200MB (=209715200) (default)
2024-03-11 08:35:19,063 [bdb70d2a-fd58-4276-89a5-31c459e859a0-groupManagement] INFO  server.RaftServerConfigKeys (ConfUtils.java:logGet(46)) - raft.server.log.appender.buffer.byte-limit = 8388608 (custom)
2024-03-11 08:35:19,063 [bdb70d2a-fd58-4276-89a5-31c459e859a0-groupManagement] INFO  util.AwaitToRun (AwaitToRun.java:start(81)) - Thread[bdb70d2a-fd58-4276-89a5-31c459e859a0@group-F9791BAE746C-cacheEviction-AwaitToRun,5,main] started
2024-03-11 08:35:19,063 [bdb70d2a-fd58-4276-89a5-31c459e859a0-groupManagement] INFO  segmented.SegmentedRaftLogWorker (SegmentedRaftLogWorker.java:<init>(182)) - new bdb70d2a-fd58-4276-89a5-31c459e859a0@group-F9791BAE746C-SegmentedRaftLogWorker for RaftStorageImpl:Storage Directory /home/runner/work/ozone/ozone/hadoop-ozone/integration-test/target/test-dir/MiniOzoneClusterImpl-c7fe89f3-570b-44cc-9eba-475ffdeb33a6/ozone-meta/datanode-1/ratis/39b3abc3-9e25-4c41-b611-f9791bae746c
2024-03-11 08:35:19,063 [bdb70d2a-fd58-4276-89a5-31c459e859a0-groupManagement] INFO  server.RaftServerConfigKeys (ConfUtils.java:logGet(46)) - raft.server.log.queue.byte-limit = 4294967296 (custom)
2024-03-11 08:35:19,063 [bdb70d2a-fd58-4276-89a5-31c459e859a0-groupManagement] INFO  server.RaftServerConfigKeys (ConfUtils.java:logGet(46)) - raft.server.log.queue.element-limit = 1024 (custom)
2024-03-11 08:35:19,063 [bdb70d2a-fd58-4276-89a5-31c459e859a0-groupManagement] INFO  server.RaftServerConfigKeys (ConfUtils.java:logGet(46)) - raft.server.log.segment.size.max = 67108864 (custom)
2024-03-11 08:35:19,063 [bdb70d2a-fd58-4276-89a5-31c459e859a0-groupManagement] INFO  server.RaftServerConfigKeys (ConfUtils.java:logGet(46)) - raft.server.log.preallocated.size = 4194304 (custom)
2024-03-11 08:35:19,063 [bdb70d2a-fd58-4276-89a5-31c459e859a0-groupManagement] INFO  server.RaftServerConfigKeys (ConfUtils.java:logGet(46)) - raft.server.log.force.sync.num = 128 (default)
2024-03-11 08:35:19,063 [bdb70d2a-fd58-4276-89a5-31c459e859a0-groupManagement] INFO  server.RaftServerConfigKeys (ConfUtils.java:logGet(46)) - raft.server.log.statemachine.data.sync = true (default)
2024-03-11 08:35:19,063 [bdb70d2a-fd58-4276-89a5-31c459e859a0-groupManagement] INFO  server.RaftServerConfigKeys (ConfUtils.java:logGet(46)) - raft.server.log.statemachine.data.sync.timeout = 10s (default)
2024-03-11 08:35:19,064 [bdb70d2a-fd58-4276-89a5-31c459e859a0-groupManagement] INFO  server.RaftServerConfigKeys (ConfUtils.java:logGet(46)) - raft.server.log.statemachine.data.sync.timeout.retry = 0 (custom)
2024-03-11 08:35:19,064 [bdb70d2a-fd58-4276-89a5-31c459e859a0-groupManagement] INFO  server.RaftServerConfigKeys (ConfUtils.java:logGet(46)) - raft.server.log.write.buffer.size = 8388616 (custom)
2024-03-11 08:35:19,065 [bdb70d2a-fd58-4276-89a5-31c459e859a0-groupManagement] INFO  server.RaftServerConfigKeys (ConfUtils.java:logGet(46)) - raft.server.log.appender.buffer.byte-limit = 8388608 (custom)
2024-03-11 08:35:19,065 [bdb70d2a-fd58-4276-89a5-31c459e859a0-groupManagement] INFO  server.RaftServerConfigKeys (ConfUtils.java:logGet(46)) - raft.server.log.unsafe-flush.enabled = false (default)
2024-03-11 08:35:19,065 [bdb70d2a-fd58-4276-89a5-31c459e859a0-groupManagement] INFO  server.RaftServerConfigKeys (ConfUtils.java:logGet(46)) - raft.server.log.async-flush.enabled = false (default)
2024-03-11 08:35:19,065 [bdb70d2a-fd58-4276-89a5-31c459e859a0-groupManagement] INFO  server.RaftServerConfigKeys (ConfUtils.java:logGet(46)) - raft.server.log.statemachine.data.caching.enabled = true (custom)
2024-03-11 08:35:19,066 [bdb70d2a-fd58-4276-89a5-31c459e859a0-groupManagement] INFO  segmented.SegmentedRaftLogWorker (SegmentedRaftLogWorker.java:lambda$new$0(134)) - bdb70d2a-fd58-4276-89a5-31c459e859a0@group-F9791BAE746C-SegmentedRaftLogWorker: flushIndex: setUnconditionally 0 -> -1
2024-03-11 08:35:19,066 [bdb70d2a-fd58-4276-89a5-31c459e859a0-groupManagement] INFO  segmented.SegmentedRaftLogWorker (SegmentedRaftLogWorker.java:lambda$new$0(134)) - bdb70d2a-fd58-4276-89a5-31c459e859a0@group-F9791BAE746C-SegmentedRaftLogWorker: safeCacheEvictIndex: setUnconditionally 0 -> -1
2024-03-11 08:35:19,068 [bdb70d2a-fd58-4276-89a5-31c459e859a0-groupManagement] INFO  server.RaftServer$Division (RaftServerImpl.java:start(396)) - bdb70d2a-fd58-4276-89a5-31c459e859a0@group-F9791BAE746C: start as a follower, conf=-1: peers:[d81587eb-d5f8-443f-9e72-95d00c5fcac0|10.1.0.9:15203, bdb70d2a-fd58-4276-89a5-31c459e859a0|10.1.0.9:15194, fe1a3415-0d95-46e3-9e86-5c0a6cba0e9b|10.1.0.9:15212]|listeners:[], old=null
2024-03-11 08:35:19,069 [bdb70d2a-fd58-4276-89a5-31c459e859a0-groupManagement] INFO  server.RaftServer$Division (RaftServerImpl.java:setRole(383)) - bdb70d2a-fd58-4276-89a5-31c459e859a0@group-F9791BAE746C: changes role from      null to FOLLOWER at term 0 for startAsFollower
2024-03-11 08:35:19,069 [bdb70d2a-fd58-4276-89a5-31c459e859a0-groupManagement] INFO  impl.RoleInfo (RoleInfo.java:updateAndGet(139)) - bdb70d2a-fd58-4276-89a5-31c459e859a0: start bdb70d2a-fd58-4276-89a5-31c459e859a0@group-F9791BAE746C-FollowerState
2024-03-11 08:35:19,069 [bdb70d2a-fd58-4276-89a5-31c459e859a0-groupManagement] INFO  util.JmxRegister (JmxRegister.java:tryRegister(44)) - Successfully registered JMX Bean with object name Ratis:service=RaftServer,group=group-F9791BAE746C,id=bdb70d2a-fd58-4276-89a5-31c459e859a0
2024-03-11 08:35:19,069 [bdb70d2a-fd58-4276-89a5-31c459e859a0-groupManagement] INFO  server.RaftServerConfigKeys (ConfUtils.java:logGet(46)) - raft.server.snapshot.trigger-when-stop.enabled = true (default)
2024-03-11 08:35:19,069 [bdb70d2a-fd58-4276-89a5-31c459e859a0-groupManagement] INFO  server.RaftServerConfigKeys (ConfUtils.java:logGet(46)) - raft.server.snapshot.auto.trigger.enabled = true (custom)
2024-03-11 08:35:19,069 [bdb70d2a-fd58-4276-89a5-31c459e859a0-groupManagement] INFO  server.RaftServerConfigKeys (ConfUtils.java:logGet(46)) - raft.server.snapshot.auto.trigger.threshold = 10000 (custom)
2024-03-11 08:35:19,069 [bdb70d2a-fd58-4276-89a5-31c459e859a0-groupManagement] INFO  server.RaftServerConfigKeys (ConfUtils.java:logGet(46)) - raft.server.snapshot.retention.file.num = 5 (custom)
2024-03-11 08:35:19,069 [bdb70d2a-fd58-4276-89a5-31c459e859a0-groupManagement] INFO  server.RaftServerConfigKeys (ConfUtils.java:logGet(46)) - raft.server.log.purge.upto.snapshot.index = false (default)
2024-03-11 08:35:19,069 [d81587eb-d5f8-443f-9e72-95d00c5fcac0-groupManagement] INFO  server.RaftServer$Division (RaftServerImpl.java:<init>(256)) - d81587eb-d5f8-443f-9e72-95d00c5fcac0: new RaftServerImpl for group-8C8D460C3D7E:[d81587eb-d5f8-443f-9e72-95d00c5fcac0|10.1.0.9:15203] with ContainerStateMachine:uninitialized
2024-03-11 08:35:19,069 [d81587eb-d5f8-443f-9e72-95d00c5fcac0-groupManagement] INFO  server.RaftServerConfigKeys (ConfUtils.java:logGet(46)) - raft.server.rpc.timeout.min = 5s (custom)
2024-03-11 08:35:19,069 [d81587eb-d5f8-443f-9e72-95d00c5fcac0-groupManagement] INFO  server.RaftServerConfigKeys (ConfUtils.java:logGet(46)) - raft.server.rpc.timeout.max = 5200ms (custom)
2024-03-11 08:35:19,070 [d81587eb-d5f8-443f-9e72-95d00c5fcac0-groupManagement] INFO  server.RaftServerConfigKeys (ConfUtils.java:logGet(46)) - raft.server.rpc.sleep.time = 25ms (default)
2024-03-11 08:35:19,070 [d81587eb-d5f8-443f-9e72-95d00c5fcac0-groupManagement] INFO  server.RaftServerConfigKeys (ConfUtils.java:logGet(46)) - raft.server.rpc.slowness.timeout = 300s (custom)
2024-03-11 08:35:19,070 [d81587eb-d5f8-443f-9e72-95d00c5fcac0-groupManagement] INFO  server.RaftServerConfigKeys (ConfUtils.java:logGet(46)) - raft.server.leaderelection.leader.step-down.wait-time = 10s (default)
2024-03-11 08:35:19,070 [d81587eb-d5f8-443f-9e72-95d00c5fcac0-groupManagement] INFO  server.RaftServerConfigKeys (ConfUtils.java:logGet(46)) - raft.server.leaderelection.member.majority-add = false (default)
2024-03-11 08:35:19,070 [bdb70d2a-fd58-4276-89a5-31c459e859a0@group-F9791BAE746C-FollowerState] INFO  server.RaftServerConfigKeys (ConfUtils.java:logFallback(53)) - raft.server.rpc.first-election.timeout.min = 5s (fallback to raft.server.rpc.timeout.min)
2024-03-11 08:35:19,070 [bdb70d2a-fd58-4276-89a5-31c459e859a0@group-F9791BAE746C-FollowerState] INFO  server.RaftServerConfigKeys (ConfUtils.java:logFallback(53)) - raft.server.rpc.first-election.timeout.max = 5200ms (fallback to raft.server.rpc.timeout.max)
2024-03-11 08:35:19,070 [d81587eb-d5f8-443f-9e72-95d00c5fcac0-groupManagement] INFO  server.RaftServerConfigKeys (ConfUtils.java:logGet(46)) - raft.server.sleep.deviation.threshold = 300ms (default)
2024-03-11 08:35:19,070 [bdb70d2a-fd58-4276-89a5-31c459e859a0-PipelineCommandHandlerThread-0] INFO  ratis.XceiverServerRatis (XceiverServerRatis.java:addGroup(864)) - Created group PipelineID=39b3abc3-9e25-4c41-b611-f9791bae746c
2024-03-11 08:35:19,070 [d81587eb-d5f8-443f-9e72-95d00c5fcac0-groupManagement] INFO  server.RaftServer$Division (ServerState.java:<init>(113)) - d81587eb-d5f8-443f-9e72-95d00c5fcac0@group-8C8D460C3D7E: ConfigurationManager, init=-1: peers:[d81587eb-d5f8-443f-9e72-95d00c5fcac0|10.1.0.9:15203]|listeners:[], old=null, confs=<EMPTY_MAP>
2024-03-11 08:35:19,070 [d81587eb-d5f8-443f-9e72-95d00c5fcac0-groupManagement] INFO  server.RaftServerConfigKeys (ConfUtils.java:logGet(46)) - raft.server.notification.no-leader.timeout = 300s (custom)
2024-03-11 08:35:19,070 [d81587eb-d5f8-443f-9e72-95d00c5fcac0-groupManagement] INFO  server.RaftServerConfigKeys (ConfUtils.java:logGet(46)) - raft.server.read.timeout = 10s (default)
2024-03-11 08:35:19,070 [d81587eb-d5f8-443f-9e72-95d00c5fcac0-groupManagement] INFO  server.RaftServerConfigKeys (ConfUtils.java:logGet(46)) - raft.server.retrycache.expirytime = 600000ms (custom)
2024-03-11 08:35:19,070 [d81587eb-d5f8-443f-9e72-95d00c5fcac0-groupManagement] INFO  server.RaftServerConfigKeys (ConfUtils.java:logGet(46)) - raft.server.retrycache.statistics.expirytime = 100ms (default)
2024-03-11 08:35:19,070 [d81587eb-d5f8-443f-9e72-95d00c5fcac0-groupManagement] INFO  server.RaftServerConfigKeys (ConfUtils.java:logGet(46)) - raft.server.read.option = DEFAULT (default)
2024-03-11 08:35:19,070 [d81587eb-d5f8-443f-9e72-95d00c5fcac0-groupManagement] INFO  server.RaftServerConfigKeys (ConfUtils.java:logGet(46)) - raft.server.read.read-after-write-consistent.write-index-cache.expiry-time = 60s (default)
2024-03-11 08:35:19,072 [d81587eb-d5f8-443f-9e72-95d00c5fcac0-groupManagement] INFO  server.RaftServerConfigKeys (ConfUtils.java:logGet(46)) - raft.server.rpc.request.timeout = 60s (custom)
2024-03-11 08:35:19,072 [d81587eb-d5f8-443f-9e72-95d00c5fcac0-groupManagement] INFO  server.RaftServerConfigKeys (ConfUtils.java:logGet(46)) - raft.server.log.appender.install.snapshot.enabled = false (custom)
2024-03-11 08:35:19,072 [d81587eb-d5f8-443f-9e72-95d00c5fcac0-groupManagement] INFO  server.RaftServerConfigKeys (ConfUtils.java:logGet(46)) - raft.server.threadpool.server.cached = true (default)
2024-03-11 08:35:19,072 [d81587eb-d5f8-443f-9e72-95d00c5fcac0-groupManagement] INFO  server.RaftServerConfigKeys (ConfUtils.java:logGet(46)) - raft.server.threadpool.server.size = 0 (default)
2024-03-11 08:35:19,072 [d81587eb-d5f8-443f-9e72-95d00c5fcac0-groupManagement] INFO  server.RaftServerConfigKeys (ConfUtils.java:logGet(46)) - raft.server.threadpool.client.cached = true (default)
2024-03-11 08:35:19,072 [d81587eb-d5f8-443f-9e72-95d00c5fcac0-groupManagement] INFO  server.RaftServerConfigKeys (ConfUtils.java:logGet(46)) - raft.server.threadpool.client.size = 0 (default)
2024-03-11 08:35:19,073 [d81587eb-d5f8-443f-9e72-95d00c5fcac0-PipelineCommandHandlerThread-0] INFO  server.RaftServer (RaftServerProxy.java:addNew(100)) - d81587eb-d5f8-443f-9e72-95d00c5fcac0: addNew group-8C8D460C3D7E:[d81587eb-d5f8-443f-9e72-95d00c5fcac0|10.1.0.9:15203] returns      null d81587eb-d5f8-443f-9e72-95d00c5fcac0@group-8C8D460C3D7E:t0, leader=null, voted=null, raftlog=UNINITIALIZED, conf=-1: peers:[d81587eb-d5f8-443f-9e72-95d00c5fcac0|10.1.0.9:15203]|listeners:[], old=null NEW
2024-03-11 08:35:19,073 [d81587eb-d5f8-443f-9e72-95d00c5fcac0-groupManagement] INFO  server.RaftServerConfigKeys (ConfUtils.java:logGet(46)) - raft.server.storage.free-space.min = 0MB (=0) (default)
2024-03-11 08:35:19,076 [grpc-default-executor-2] INFO  server.RaftServer (RaftServerProxy.java:addNew(100)) - fe1a3415-0d95-46e3-9e86-5c0a6cba0e9b: addNew group-F9791BAE746C:[d81587eb-d5f8-443f-9e72-95d00c5fcac0|10.1.0.9:15203, bdb70d2a-fd58-4276-89a5-31c459e859a0|10.1.0.9:15194, fe1a3415-0d95-46e3-9e86-5c0a6cba0e9b|10.1.0.9:15212] returns group-F9791BAE746C:java.util.concurrent.CompletableFuture@72e9d335[Not completed]
2024-03-11 08:35:19,076 [d81587eb-d5f8-443f-9e72-95d00c5fcac0-groupManagement] INFO  server.RaftServerConfigKeys (ConfUtils.java:logGet(46)) - raft.server.log.corruption.policy = EXCEPTION (default)
2024-03-11 08:35:19,076 [d81587eb-d5f8-443f-9e72-95d00c5fcac0-groupManagement] INFO  server.RaftServerConfigKeys (ConfUtils.java:logGet(46)) - raft.server.storage.dir = [/home/runner/work/ozone/ozone/hadoop-ozone/integration-test/target/test-dir/MiniOzoneClusterImpl-c7fe89f3-570b-44cc-9eba-475ffdeb33a6/ozone-meta/datanode-2/ratis] (custom)
2024-03-11 08:35:19,077 [d81587eb-d5f8-443f-9e72-95d00c5fcac0-groupManagement] INFO  storage.RaftStorageDirectory (RaftStorageDirectoryImpl.java:analyzeStorage(138)) - The storage directory /home/runner/work/ozone/ozone/hadoop-ozone/integration-test/target/test-dir/MiniOzoneClusterImpl-c7fe89f3-570b-44cc-9eba-475ffdeb33a6/ozone-meta/datanode-2/ratis/851ad229-692b-4c6a-bc9a-8c8d460c3d7e does not exist. Creating ...
2024-03-11 08:35:19,078 [d81587eb-d5f8-443f-9e72-95d00c5fcac0-groupManagement] INFO  storage.RaftStorageDirectory (RaftStorageDirectoryImpl.java:tryLock(228)) - Lock on /home/runner/work/ozone/ozone/hadoop-ozone/integration-test/target/test-dir/MiniOzoneClusterImpl-c7fe89f3-570b-44cc-9eba-475ffdeb33a6/ozone-meta/datanode-2/ratis/851ad229-692b-4c6a-bc9a-8c8d460c3d7e/in_use.lock acquired by nodename 48108@fv-az1250-130
2024-03-11 08:35:19,078 [fe1a3415-0d95-46e3-9e86-5c0a6cba0e9b-groupManagement] INFO  server.RaftServer$Division (RaftServerImpl.java:<init>(256)) - fe1a3415-0d95-46e3-9e86-5c0a6cba0e9b: new RaftServerImpl for group-F9791BAE746C:[d81587eb-d5f8-443f-9e72-95d00c5fcac0|10.1.0.9:15203, bdb70d2a-fd58-4276-89a5-31c459e859a0|10.1.0.9:15194, fe1a3415-0d95-46e3-9e86-5c0a6cba0e9b|10.1.0.9:15212] with ContainerStateMachine:uninitialized
2024-03-11 08:35:19,079 [fe1a3415-0d95-46e3-9e86-5c0a6cba0e9b-groupManagement] INFO  server.RaftServerConfigKeys (ConfUtils.java:logGet(46)) - raft.server.rpc.timeout.min = 5s (custom)
2024-03-11 08:35:19,079 [fe1a3415-0d95-46e3-9e86-5c0a6cba0e9b-groupManagement] INFO  server.RaftServerConfigKeys (ConfUtils.java:logGet(46)) - raft.server.rpc.timeout.max = 5200ms (custom)
2024-03-11 08:35:19,079 [fe1a3415-0d95-46e3-9e86-5c0a6cba0e9b-groupManagement] INFO  server.RaftServerConfigKeys (ConfUtils.java:logGet(46)) - raft.server.rpc.sleep.time = 25ms (default)
2024-03-11 08:35:19,080 [fe1a3415-0d95-46e3-9e86-5c0a6cba0e9b-groupManagement] INFO  server.RaftServerConfigKeys (ConfUtils.java:logGet(46)) - raft.server.rpc.slowness.timeout = 300s (custom)
2024-03-11 08:35:19,080 [fe1a3415-0d95-46e3-9e86-5c0a6cba0e9b-groupManagement] INFO  server.RaftServerConfigKeys (ConfUtils.java:logGet(46)) - raft.server.leaderelection.leader.step-down.wait-time = 10s (default)
2024-03-11 08:35:19,080 [fe1a3415-0d95-46e3-9e86-5c0a6cba0e9b-groupManagement] INFO  server.RaftServerConfigKeys (ConfUtils.java:logGet(46)) - raft.server.leaderelection.member.majority-add = false (default)
2024-03-11 08:35:19,081 [fe1a3415-0d95-46e3-9e86-5c0a6cba0e9b-groupManagement] INFO  server.RaftServerConfigKeys (ConfUtils.java:logGet(46)) - raft.server.sleep.deviation.threshold = 300ms (default)
2024-03-11 08:35:19,081 [fe1a3415-0d95-46e3-9e86-5c0a6cba0e9b-groupManagement] INFO  server.RaftServer$Division (ServerState.java:<init>(113)) - fe1a3415-0d95-46e3-9e86-5c0a6cba0e9b@group-F9791BAE746C: ConfigurationManager, init=-1: peers:[d81587eb-d5f8-443f-9e72-95d00c5fcac0|10.1.0.9:15203, bdb70d2a-fd58-4276-89a5-31c459e859a0|10.1.0.9:15194, fe1a3415-0d95-46e3-9e86-5c0a6cba0e9b|10.1.0.9:15212]|listeners:[], old=null, confs=<EMPTY_MAP>
2024-03-11 08:35:19,081 [fe1a3415-0d95-46e3-9e86-5c0a6cba0e9b-groupManagement] INFO  server.RaftServerConfigKeys (ConfUtils.java:logGet(46)) - raft.server.notification.no-leader.timeout = 300s (custom)
2024-03-11 08:35:19,081 [fe1a3415-0d95-46e3-9e86-5c0a6cba0e9b-groupManagement] INFO  server.RaftServerConfigKeys (ConfUtils.java:logGet(46)) - raft.server.read.timeout = 10s (default)
2024-03-11 08:35:19,081 [fe1a3415-0d95-46e3-9e86-5c0a6cba0e9b-groupManagement] INFO  server.RaftServerConfigKeys (ConfUtils.java:logGet(46)) - raft.server.retrycache.expirytime = 600000ms (custom)
2024-03-11 08:35:19,081 [fe1a3415-0d95-46e3-9e86-5c0a6cba0e9b-groupManagement] INFO  server.RaftServerConfigKeys (ConfUtils.java:logGet(46)) - raft.server.retrycache.statistics.expirytime = 100ms (default)
2024-03-11 08:35:19,081 [fe1a3415-0d95-46e3-9e86-5c0a6cba0e9b-groupManagement] INFO  server.RaftServerConfigKeys (ConfUtils.java:logGet(46)) - raft.server.read.option = DEFAULT (default)
2024-03-11 08:35:19,081 [fe1a3415-0d95-46e3-9e86-5c0a6cba0e9b-groupManagement] INFO  server.RaftServerConfigKeys (ConfUtils.java:logGet(46)) - raft.server.read.read-after-write-consistent.write-index-cache.expiry-time = 60s (default)
2024-03-11 08:35:19,079 [d81587eb-d5f8-443f-9e72-95d00c5fcac0-groupManagement] INFO  storage.RaftStorage (RaftStorageImpl.java:format(99)) - Storage directory /home/runner/work/ozone/ozone/hadoop-ozone/integration-test/target/test-dir/MiniOzoneClusterImpl-c7fe89f3-570b-44cc-9eba-475ffdeb33a6/ozone-meta/datanode-2/ratis/851ad229-692b-4c6a-bc9a-8c8d460c3d7e has been successfully formatted.
2024-03-11 08:35:19,082 [d81587eb-d5f8-443f-9e72-95d00c5fcac0-groupManagement] WARN  util.FileUtils (LogUtils.java:supplyAndLog(63)) - Failed to Files.newInputStream /home/runner/work/ozone/ozone/hadoop-ozone/integration-test/target/test-dir/MiniOzoneClusterImpl-c7fe89f3-570b-44cc-9eba-475ffdeb33a6/ozone-meta/datanode-2/ratis/851ad229-692b-4c6a-bc9a-8c8d460c3d7e/current/raft-meta.conf with options []: java.nio.file.NoSuchFileException: /home/runner/work/ozone/ozone/hadoop-ozone/integration-test/target/test-dir/MiniOzoneClusterImpl-c7fe89f3-570b-44cc-9eba-475ffdeb33a6/ozone-meta/datanode-2/ratis/851ad229-692b-4c6a-bc9a-8c8d460c3d7e/current/raft-meta.conf
2024-03-11 08:35:19,082 [d81587eb-d5f8-443f-9e72-95d00c5fcac0-groupManagement] INFO  ratis.ContainerStateMachine (ContainerStateMachine.java:loadSnapshot(287)) - group-8C8D460C3D7E: The snapshot info is null. Setting the last applied index to:(t:0, i:~)
2024-03-11 08:35:19,083 [d81587eb-d5f8-443f-9e72-95d00c5fcac0-groupManagement] INFO  server.RaftServerConfigKeys (ConfUtils.java:logGet(46)) - raft.server.log.use.memory = false (default)
2024-03-11 08:35:19,083 [EventQueue-PipelineReportForPipelineReportHandler] INFO  pipeline.PipelineReportHandler (PipelineReportHandler.java:processPipelineReport(136)) - Opened pipeline PipelineID=851ad229-692b-4c6a-bc9a-8c8d460c3d7e
2024-03-11 08:35:19,083 [d81587eb-d5f8-443f-9e72-95d00c5fcac0-groupManagement] INFO  server.RaftServerConfigKeys (ConfUtils.java:logGet(46)) - raft.server.log.purge.gap = 1000000 (custom)
2024-03-11 08:35:19,084 [d81587eb-d5f8-443f-9e72-95d00c5fcac0-groupManagement] INFO  server.RaftServerConfigKeys (ConfUtils.java:logGet(46)) - raft.server.log.appender.buffer.byte-limit = 8388608 (custom)
2024-03-11 08:35:19,084 [d81587eb-d5f8-443f-9e72-95d00c5fcac0-groupManagement] INFO  server.RaftServerConfigKeys (ConfUtils.java:logGet(46)) - raft.server.log.statemachine.data.read.timeout = 1000ms (default)
2024-03-11 08:35:19,084 [EventQueue-OpenPipelineForHealthyPipelineSafeModeRule] INFO  safemode.SCMSafeModeManager (HealthyPipelineSafeModeRule.java:process(140)) - SCM in safe mode. Healthy pipelines reported count is 0, required healthy pipeline reported count is 1
2024-03-11 08:35:19,085 [d81587eb-d5f8-443f-9e72-95d00c5fcac0-groupManagement] INFO  server.RaftServerConfigKeys (ConfUtils.java:logGet(46)) - raft.server.log.purge.preservation.log.num = 0 (default)
2024-03-11 08:35:19,086 [fe1a3415-0d95-46e3-9e86-5c0a6cba0e9b-groupManagement] INFO  server.RaftServerConfigKeys (ConfUtils.java:logGet(46)) - raft.server.rpc.request.timeout = 60s (custom)
2024-03-11 08:35:19,086 [fe1a3415-0d95-46e3-9e86-5c0a6cba0e9b-groupManagement] INFO  server.RaftServerConfigKeys (ConfUtils.java:logGet(46)) - raft.server.log.appender.install.snapshot.enabled = false (custom)
2024-03-11 08:35:19,086 [fe1a3415-0d95-46e3-9e86-5c0a6cba0e9b-groupManagement] INFO  server.RaftServerConfigKeys (ConfUtils.java:logGet(46)) - raft.server.threadpool.server.cached = true (default)
2024-03-11 08:35:19,086 [fe1a3415-0d95-46e3-9e86-5c0a6cba0e9b-groupManagement] INFO  server.RaftServerConfigKeys (ConfUtils.java:logGet(46)) - raft.server.threadpool.server.size = 0 (default)
2024-03-11 08:35:19,086 [fe1a3415-0d95-46e3-9e86-5c0a6cba0e9b-groupManagement] INFO  server.RaftServerConfigKeys (ConfUtils.java:logGet(46)) - raft.server.threadpool.client.cached = true (default)
2024-03-11 08:35:19,086 [fe1a3415-0d95-46e3-9e86-5c0a6cba0e9b-groupManagement] INFO  server.RaftServerConfigKeys (ConfUtils.java:logGet(46)) - raft.server.threadpool.client.size = 0 (default)
2024-03-11 08:35:19,086 [fe1a3415-0d95-46e3-9e86-5c0a6cba0e9b-groupManagement] INFO  server.RaftServerConfigKeys (ConfUtils.java:logGet(46)) - raft.server.storage.free-space.min = 0MB (=0) (default)
2024-03-11 08:35:19,086 [fe1a3415-0d95-46e3-9e86-5c0a6cba0e9b-groupManagement] INFO  server.RaftServerConfigKeys (ConfUtils.java:logGet(46)) - raft.server.log.corruption.policy = EXCEPTION (default)
2024-03-11 08:35:19,086 [fe1a3415-0d95-46e3-9e86-5c0a6cba0e9b-groupManagement] INFO  server.RaftServerConfigKeys (ConfUtils.java:logGet(46)) - raft.server.storage.dir = [/home/runner/work/ozone/ozone/hadoop-ozone/integration-test/target/test-dir/MiniOzoneClusterImpl-c7fe89f3-570b-44cc-9eba-475ffdeb33a6/ozone-meta/datanode-3/ratis] (custom)
2024-03-11 08:35:19,086 [fe1a3415-0d95-46e3-9e86-5c0a6cba0e9b-groupManagement] INFO  storage.RaftStorageDirectory (RaftStorageDirectoryImpl.java:analyzeStorage(138)) - The storage directory /home/runner/work/ozone/ozone/hadoop-ozone/integration-test/target/test-dir/MiniOzoneClusterImpl-c7fe89f3-570b-44cc-9eba-475ffdeb33a6/ozone-meta/datanode-3/ratis/39b3abc3-9e25-4c41-b611-f9791bae746c does not exist. Creating ...
2024-03-11 08:35:19,087 [fe1a3415-0d95-46e3-9e86-5c0a6cba0e9b-groupManagement] INFO  storage.RaftStorageDirectory (RaftStorageDirectoryImpl.java:tryLock(228)) - Lock on /home/runner/work/ozone/ozone/hadoop-ozone/integration-test/target/test-dir/MiniOzoneClusterImpl-c7fe89f3-570b-44cc-9eba-475ffdeb33a6/ozone-meta/datanode-3/ratis/39b3abc3-9e25-4c41-b611-f9791bae746c/in_use.lock acquired by nodename 48108@fv-az1250-130
2024-03-11 08:35:19,087 [d81587eb-d5f8-443f-9e72-95d00c5fcac0-groupManagement] INFO  server.RaftServerConfigKeys (ConfUtils.java:logGet(46)) - raft.server.log.segment.size.max = 67108864 (custom)
2024-03-11 08:35:19,088 [d81587eb-d5f8-443f-9e72-95d00c5fcac0-groupManagement] INFO  server.RaftServerConfigKeys (ConfUtils.java:logGet(46)) - raft.server.log.segment.cache.num.max = 2 (custom)
2024-03-11 08:35:19,088 [d81587eb-d5f8-443f-9e72-95d00c5fcac0-groupManagement] INFO  server.RaftServerConfigKeys (ConfUtils.java:logGet(46)) - raft.server.log.segment.cache.size.max = 200MB (=209715200) (default)
2024-03-11 08:35:19,088 [d81587eb-d5f8-443f-9e72-95d00c5fcac0-groupManagement] INFO  server.RaftServerConfigKeys (ConfUtils.java:logGet(46)) - raft.server.log.appender.buffer.byte-limit = 8388608 (custom)
2024-03-11 08:35:19,088 [d81587eb-d5f8-443f-9e72-95d00c5fcac0-groupManagement] INFO  util.AwaitToRun (AwaitToRun.java:start(81)) - Thread[d81587eb-d5f8-443f-9e72-95d00c5fcac0@group-8C8D460C3D7E-cacheEviction-AwaitToRun,5,main] started
2024-03-11 08:35:19,088 [d81587eb-d5f8-443f-9e72-95d00c5fcac0-groupManagement] INFO  segmented.SegmentedRaftLogWorker (SegmentedRaftLogWorker.java:<init>(182)) - new d81587eb-d5f8-443f-9e72-95d00c5fcac0@group-8C8D460C3D7E-SegmentedRaftLogWorker for RaftStorageImpl:Storage Directory /home/runner/work/ozone/ozone/hadoop-ozone/integration-test/target/test-dir/MiniOzoneClusterImpl-c7fe89f3-570b-44cc-9eba-475ffdeb33a6/ozone-meta/datanode-2/ratis/851ad229-692b-4c6a-bc9a-8c8d460c3d7e
2024-03-11 08:35:19,088 [d81587eb-d5f8-443f-9e72-95d00c5fcac0-groupManagement] INFO  server.RaftServerConfigKeys (ConfUtils.java:logGet(46)) - raft.server.log.queue.byte-limit = 4294967296 (custom)
2024-03-11 08:35:19,088 [d81587eb-d5f8-443f-9e72-95d00c5fcac0-groupManagement] INFO  server.RaftServerConfigKeys (ConfUtils.java:logGet(46)) - raft.server.log.queue.element-limit = 1024 (custom)
2024-03-11 08:35:19,088 [d81587eb-d5f8-443f-9e72-95d00c5fcac0-groupManagement] INFO  server.RaftServerConfigKeys (ConfUtils.java:logGet(46)) - raft.server.log.segment.size.max = 67108864 (custom)
2024-03-11 08:35:19,088 [d81587eb-d5f8-443f-9e72-95d00c5fcac0-groupManagement] INFO  server.RaftServerConfigKeys (ConfUtils.java:logGet(46)) - raft.server.log.preallocated.size = 4194304 (custom)
2024-03-11 08:35:19,088 [d81587eb-d5f8-443f-9e72-95d00c5fcac0-groupManagement] INFO  server.RaftServerConfigKeys (ConfUtils.java:logGet(46)) - raft.server.log.force.sync.num = 128 (default)
2024-03-11 08:35:19,088 [d81587eb-d5f8-443f-9e72-95d00c5fcac0-groupManagement] INFO  server.RaftServerConfigKeys (ConfUtils.java:logGet(46)) - raft.server.log.statemachine.data.sync = true (default)
2024-03-11 08:35:19,088 [d81587eb-d5f8-443f-9e72-95d00c5fcac0-groupManagement] INFO  server.RaftServerConfigKeys (ConfUtils.java:logGet(46)) - raft.server.log.statemachine.data.sync.timeout = 10s (default)
2024-03-11 08:35:19,089 [d81587eb-d5f8-443f-9e72-95d00c5fcac0-groupManagement] INFO  server.RaftServerConfigKeys (ConfUtils.java:logGet(46)) - raft.server.log.statemachine.data.sync.timeout.retry = 0 (custom)
2024-03-11 08:35:19,089 [d81587eb-d5f8-443f-9e72-95d00c5fcac0-groupManagement] INFO  server.RaftServerConfigKeys (ConfUtils.java:logGet(46)) - raft.server.log.write.buffer.size = 8388616 (custom)
2024-03-11 08:35:19,090 [fe1a3415-0d95-46e3-9e86-5c0a6cba0e9b-groupManagement] INFO  storage.RaftStorage (RaftStorageImpl.java:format(99)) - Storage directory /home/runner/work/ozone/ozone/hadoop-ozone/integration-test/target/test-dir/MiniOzoneClusterImpl-c7fe89f3-570b-44cc-9eba-475ffdeb33a6/ozone-meta/datanode-3/ratis/39b3abc3-9e25-4c41-b611-f9791bae746c has been successfully formatted.
2024-03-11 08:35:19,090 [fe1a3415-0d95-46e3-9e86-5c0a6cba0e9b-groupManagement] WARN  util.FileUtils (LogUtils.java:supplyAndLog(63)) - Failed to Files.newInputStream /home/runner/work/ozone/ozone/hadoop-ozone/integration-test/target/test-dir/MiniOzoneClusterImpl-c7fe89f3-570b-44cc-9eba-475ffdeb33a6/ozone-meta/datanode-3/ratis/39b3abc3-9e25-4c41-b611-f9791bae746c/current/raft-meta.conf with options []: java.nio.file.NoSuchFileException: /home/runner/work/ozone/ozone/hadoop-ozone/integration-test/target/test-dir/MiniOzoneClusterImpl-c7fe89f3-570b-44cc-9eba-475ffdeb33a6/ozone-meta/datanode-3/ratis/39b3abc3-9e25-4c41-b611-f9791bae746c/current/raft-meta.conf
2024-03-11 08:35:19,090 [d81587eb-d5f8-443f-9e72-95d00c5fcac0-groupManagement] INFO  server.RaftServerConfigKeys (ConfUtils.java:logGet(46)) - raft.server.log.appender.buffer.byte-limit = 8388608 (custom)
2024-03-11 08:35:19,091 [d81587eb-d5f8-443f-9e72-95d00c5fcac0-groupManagement] INFO  server.RaftServerConfigKeys (ConfUtils.java:logGet(46)) - raft.server.log.unsafe-flush.enabled = false (default)
2024-03-11 08:35:19,091 [d81587eb-d5f8-443f-9e72-95d00c5fcac0-groupManagement] INFO  server.RaftServerConfigKeys (ConfUtils.java:logGet(46)) - raft.server.log.async-flush.enabled = false (default)
2024-03-11 08:35:19,091 [d81587eb-d5f8-443f-9e72-95d00c5fcac0-groupManagement] INFO  server.RaftServerConfigKeys (ConfUtils.java:logGet(46)) - raft.server.log.statemachine.data.caching.enabled = true (custom)
2024-03-11 08:35:19,091 [d81587eb-d5f8-443f-9e72-95d00c5fcac0-groupManagement] INFO  segmented.SegmentedRaftLogWorker (SegmentedRaftLogWorker.java:lambda$new$0(134)) - d81587eb-d5f8-443f-9e72-95d00c5fcac0@group-8C8D460C3D7E-SegmentedRaftLogWorker: flushIndex: setUnconditionally 0 -> -1
2024-03-11 08:35:19,091 [d81587eb-d5f8-443f-9e72-95d00c5fcac0-groupManagement] INFO  segmented.SegmentedRaftLogWorker (SegmentedRaftLogWorker.java:lambda$new$0(134)) - d81587eb-d5f8-443f-9e72-95d00c5fcac0@group-8C8D460C3D7E-SegmentedRaftLogWorker: safeCacheEvictIndex: setUnconditionally 0 -> -1
2024-03-11 08:35:19,091 [d81587eb-d5f8-443f-9e72-95d00c5fcac0-groupManagement] INFO  server.RaftServer$Division (RaftServerImpl.java:start(396)) - d81587eb-d5f8-443f-9e72-95d00c5fcac0@group-8C8D460C3D7E: start as a follower, conf=-1: peers:[d81587eb-d5f8-443f-9e72-95d00c5fcac0|10.1.0.9:15203]|listeners:[], old=null
2024-03-11 08:35:19,092 [d81587eb-d5f8-443f-9e72-95d00c5fcac0-groupManagement] INFO  server.RaftServer$Division (RaftServerImpl.java:setRole(383)) - d81587eb-d5f8-443f-9e72-95d00c5fcac0@group-8C8D460C3D7E: changes role from      null to FOLLOWER at term 0 for startAsFollower
2024-03-11 08:35:19,092 [d81587eb-d5f8-443f-9e72-95d00c5fcac0-groupManagement] INFO  impl.RoleInfo (RoleInfo.java:updateAndGet(139)) - d81587eb-d5f8-443f-9e72-95d00c5fcac0: start d81587eb-d5f8-443f-9e72-95d00c5fcac0@group-8C8D460C3D7E-FollowerState
2024-03-11 08:35:19,092 [d81587eb-d5f8-443f-9e72-95d00c5fcac0-groupManagement] INFO  util.JmxRegister (JmxRegister.java:tryRegister(44)) - Successfully registered JMX Bean with object name Ratis:service=RaftServer,group=group-8C8D460C3D7E,id=d81587eb-d5f8-443f-9e72-95d00c5fcac0
2024-03-11 08:35:19,092 [d81587eb-d5f8-443f-9e72-95d00c5fcac0-groupManagement] INFO  server.RaftServerConfigKeys (ConfUtils.java:logGet(46)) - raft.server.snapshot.trigger-when-stop.enabled = true (default)
2024-03-11 08:35:19,092 [d81587eb-d5f8-443f-9e72-95d00c5fcac0-groupManagement] INFO  server.RaftServerConfigKeys (ConfUtils.java:logGet(46)) - raft.server.snapshot.auto.trigger.enabled = true (custom)
2024-03-11 08:35:19,092 [d81587eb-d5f8-443f-9e72-95d00c5fcac0-groupManagement] INFO  server.RaftServerConfigKeys (ConfUtils.java:logGet(46)) - raft.server.snapshot.auto.trigger.threshold = 10000 (custom)
2024-03-11 08:35:19,092 [d81587eb-d5f8-443f-9e72-95d00c5fcac0-groupManagement] INFO  server.RaftServerConfigKeys (ConfUtils.java:logGet(46)) - raft.server.snapshot.retention.file.num = 5 (custom)
2024-03-11 08:35:19,092 [d81587eb-d5f8-443f-9e72-95d00c5fcac0-groupManagement] INFO  server.RaftServerConfigKeys (ConfUtils.java:logGet(46)) - raft.server.log.purge.upto.snapshot.index = false (default)
2024-03-11 08:35:19,093 [d81587eb-d5f8-443f-9e72-95d00c5fcac0@group-8C8D460C3D7E-FollowerState] INFO  server.RaftServerConfigKeys (ConfUtils.java:logFallback(53)) - raft.server.rpc.first-election.timeout.min = 5s (fallback to raft.server.rpc.timeout.min)
2024-03-11 08:35:19,093 [d81587eb-d5f8-443f-9e72-95d00c5fcac0@group-8C8D460C3D7E-FollowerState] INFO  server.RaftServerConfigKeys (ConfUtils.java:logFallback(53)) - raft.server.rpc.first-election.timeout.max = 5200ms (fallback to raft.server.rpc.timeout.max)
2024-03-11 08:35:19,093 [fe1a3415-0d95-46e3-9e86-5c0a6cba0e9b-groupManagement] INFO  ratis.ContainerStateMachine (ContainerStateMachine.java:loadSnapshot(287)) - group-F9791BAE746C: The snapshot info is null. Setting the last applied index to:(t:0, i:~)
2024-03-11 08:35:19,093 [fe1a3415-0d95-46e3-9e86-5c0a6cba0e9b-groupManagement] INFO  server.RaftServerConfigKeys (ConfUtils.java:logGet(46)) - raft.server.log.use.memory = false (default)
2024-03-11 08:35:19,093 [fe1a3415-0d95-46e3-9e86-5c0a6cba0e9b-groupManagement] INFO  server.RaftServerConfigKeys (ConfUtils.java:logGet(46)) - raft.server.log.purge.gap = 1000000 (custom)
2024-03-11 08:35:19,093 [fe1a3415-0d95-46e3-9e86-5c0a6cba0e9b-groupManagement] INFO  server.RaftServerConfigKeys (ConfUtils.java:logGet(46)) - raft.server.log.appender.buffer.byte-limit = 8388608 (custom)
2024-03-11 08:35:19,093 [fe1a3415-0d95-46e3-9e86-5c0a6cba0e9b-groupManagement] INFO  server.RaftServerConfigKeys (ConfUtils.java:logGet(46)) - raft.server.log.statemachine.data.read.timeout = 1000ms (default)
2024-03-11 08:35:19,093 [fe1a3415-0d95-46e3-9e86-5c0a6cba0e9b-groupManagement] INFO  server.RaftServerConfigKeys (ConfUtils.java:logGet(46)) - raft.server.log.purge.preservation.log.num = 0 (default)
2024-03-11 08:35:19,094 [fe1a3415-0d95-46e3-9e86-5c0a6cba0e9b-groupManagement] INFO  server.RaftServerConfigKeys (ConfUtils.java:logGet(46)) - raft.server.log.segment.size.max = 67108864 (custom)
2024-03-11 08:35:19,094 [fe1a3415-0d95-46e3-9e86-5c0a6cba0e9b-groupManagement] INFO  server.RaftServerConfigKeys (ConfUtils.java:logGet(46)) - raft.server.log.segment.cache.num.max = 2 (custom)
2024-03-11 08:35:19,094 [fe1a3415-0d95-46e3-9e86-5c0a6cba0e9b-groupManagement] INFO  server.RaftServerConfigKeys (ConfUtils.java:logGet(46)) - raft.server.log.segment.cache.size.max = 200MB (=209715200) (default)
2024-03-11 08:35:19,094 [fe1a3415-0d95-46e3-9e86-5c0a6cba0e9b-groupManagement] INFO  server.RaftServerConfigKeys (ConfUtils.java:logGet(46)) - raft.server.log.appender.buffer.byte-limit = 8388608 (custom)
2024-03-11 08:35:19,095 [d81587eb-d5f8-443f-9e72-95d00c5fcac0-PipelineCommandHandlerThread-0] INFO  ratis.XceiverServerRatis (XceiverServerRatis.java:addGroup(864)) - Created group PipelineID=851ad229-692b-4c6a-bc9a-8c8d460c3d7e
2024-03-11 08:35:19,095 [d81587eb-d5f8-443f-9e72-95d00c5fcac0-PipelineCommandHandlerThread-0] INFO  commandhandler.CreatePipelineCommandHandler (CreatePipelineCommandHandler.java:lambda$handle$2(124)) - Created Pipeline RATIS ONE PipelineID=851ad229-692b-4c6a-bc9a-8c8d460c3d7e.
2024-03-11 08:35:19,095 [d81587eb-d5f8-443f-9e72-95d00c5fcac0-PipelineCommandHandlerThread-0] INFO  server.RaftServer (RaftServerProxy.java:addNew(100)) - d81587eb-d5f8-443f-9e72-95d00c5fcac0: addNew group-F9791BAE746C:[d81587eb-d5f8-443f-9e72-95d00c5fcac0|10.1.0.9:15203, bdb70d2a-fd58-4276-89a5-31c459e859a0|10.1.0.9:15194, fe1a3415-0d95-46e3-9e86-5c0a6cba0e9b|10.1.0.9:15212] returns group-F9791BAE746C:java.util.concurrent.CompletableFuture@437a331b[Not completed]
2024-03-11 08:35:19,095 [d81587eb-d5f8-443f-9e72-95d00c5fcac0-groupManagement] INFO  server.RaftServer$Division (RaftServerImpl.java:<init>(256)) - d81587eb-d5f8-443f-9e72-95d00c5fcac0: new RaftServerImpl for group-F9791BAE746C:[d81587eb-d5f8-443f-9e72-95d00c5fcac0|10.1.0.9:15203, bdb70d2a-fd58-4276-89a5-31c459e859a0|10.1.0.9:15194, fe1a3415-0d95-46e3-9e86-5c0a6cba0e9b|10.1.0.9:15212] with ContainerStateMachine:uninitialized
2024-03-11 08:35:19,096 [d81587eb-d5f8-443f-9e72-95d00c5fcac0-groupManagement] INFO  server.RaftServerConfigKeys (ConfUtils.java:logGet(46)) - raft.server.rpc.timeout.min = 5s (custom)
2024-03-11 08:35:19,096 [d81587eb-d5f8-443f-9e72-95d00c5fcac0-groupManagement] INFO  server.RaftServerConfigKeys (ConfUtils.java:logGet(46)) - raft.server.rpc.timeout.max = 5200ms (custom)
2024-03-11 08:35:19,096 [d81587eb-d5f8-443f-9e72-95d00c5fcac0-groupManagement] INFO  server.RaftServerConfigKeys (ConfUtils.java:logGet(46)) - raft.server.rpc.sleep.time = 25ms (default)
2024-03-11 08:35:19,096 [d81587eb-d5f8-443f-9e72-95d00c5fcac0-groupManagement] INFO  server.RaftServerConfigKeys (ConfUtils.java:logGet(46)) - raft.server.rpc.slowness.timeout = 300s (custom)
2024-03-11 08:35:19,096 [d81587eb-d5f8-443f-9e72-95d00c5fcac0-groupManagement] INFO  server.RaftServerConfigKeys (ConfUtils.java:logGet(46)) - raft.server.leaderelection.leader.step-down.wait-time = 10s (default)
2024-03-11 08:35:19,096 [d81587eb-d5f8-443f-9e72-95d00c5fcac0-groupManagement] INFO  server.RaftServerConfigKeys (ConfUtils.java:logGet(46)) - raft.server.leaderelection.member.majority-add = false (default)
2024-03-11 08:35:19,096 [d81587eb-d5f8-443f-9e72-95d00c5fcac0-groupManagement] INFO  server.RaftServerConfigKeys (ConfUtils.java:logGet(46)) - raft.server.sleep.deviation.threshold = 300ms (default)
2024-03-11 08:35:19,096 [d81587eb-d5f8-443f-9e72-95d00c5fcac0-groupManagement] INFO  server.RaftServer$Division (ServerState.java:<init>(113)) - d81587eb-d5f8-443f-9e72-95d00c5fcac0@group-F9791BAE746C: ConfigurationManager, init=-1: peers:[d81587eb-d5f8-443f-9e72-95d00c5fcac0|10.1.0.9:15203, bdb70d2a-fd58-4276-89a5-31c459e859a0|10.1.0.9:15194, fe1a3415-0d95-46e3-9e86-5c0a6cba0e9b|10.1.0.9:15212]|listeners:[], old=null, confs=<EMPTY_MAP>
2024-03-11 08:35:19,096 [d81587eb-d5f8-443f-9e72-95d00c5fcac0-groupManagement] INFO  server.RaftServerConfigKeys (ConfUtils.java:logGet(46)) - raft.server.notification.no-leader.timeout = 300s (custom)
2024-03-11 08:35:19,096 [d81587eb-d5f8-443f-9e72-95d00c5fcac0-groupManagement] INFO  server.RaftServerConfigKeys (ConfUtils.java:logGet(46)) - raft.server.read.timeout = 10s (default)
2024-03-11 08:35:19,096 [d81587eb-d5f8-443f-9e72-95d00c5fcac0-groupManagement] INFO  server.RaftServerConfigKeys (ConfUtils.java:logGet(46)) - raft.server.retrycache.expirytime = 600000ms (custom)
2024-03-11 08:35:19,096 [d81587eb-d5f8-443f-9e72-95d00c5fcac0-groupManagement] INFO  server.RaftServerConfigKeys (ConfUtils.java:logGet(46)) - raft.server.retrycache.statistics.expirytime = 100ms (default)
2024-03-11 08:35:19,096 [d81587eb-d5f8-443f-9e72-95d00c5fcac0-groupManagement] INFO  server.RaftServerConfigKeys (ConfUtils.java:logGet(46)) - raft.server.read.option = DEFAULT (default)
2024-03-11 08:35:19,096 [d81587eb-d5f8-443f-9e72-95d00c5fcac0-groupManagement] INFO  server.RaftServerConfigKeys (ConfUtils.java:logGet(46)) - raft.server.read.read-after-write-consistent.write-index-cache.expiry-time = 60s (default)
2024-03-11 08:35:19,097 [d81587eb-d5f8-443f-9e72-95d00c5fcac0-groupManagement] INFO  server.RaftServerConfigKeys (ConfUtils.java:logGet(46)) - raft.server.rpc.request.timeout = 60s (custom)
2024-03-11 08:35:19,097 [d81587eb-d5f8-443f-9e72-95d00c5fcac0-groupManagement] INFO  server.RaftServerConfigKeys (ConfUtils.java:logGet(46)) - raft.server.log.appender.install.snapshot.enabled = false (custom)
2024-03-11 08:35:19,097 [d81587eb-d5f8-443f-9e72-95d00c5fcac0-groupManagement] INFO  server.RaftServerConfigKeys (ConfUtils.java:logGet(46)) - raft.server.threadpool.server.cached = true (default)
2024-03-11 08:35:19,097 [d81587eb-d5f8-443f-9e72-95d00c5fcac0-groupManagement] INFO  server.RaftServerConfigKeys (ConfUtils.java:logGet(46)) - raft.server.threadpool.server.size = 0 (default)
2024-03-11 08:35:19,097 [d81587eb-d5f8-443f-9e72-95d00c5fcac0-groupManagement] INFO  server.RaftServerConfigKeys (ConfUtils.java:logGet(46)) - raft.server.threadpool.client.cached = true (default)
2024-03-11 08:35:19,098 [d81587eb-d5f8-443f-9e72-95d00c5fcac0-groupManagement] INFO  server.RaftServerConfigKeys (ConfUtils.java:logGet(46)) - raft.server.threadpool.client.size = 0 (default)
2024-03-11 08:35:19,098 [fe1a3415-0d95-46e3-9e86-5c0a6cba0e9b-groupManagement] INFO  util.AwaitToRun (AwaitToRun.java:start(81)) - Thread[fe1a3415-0d95-46e3-9e86-5c0a6cba0e9b@group-F9791BAE746C-cacheEviction-AwaitToRun,5,main] started
2024-03-11 08:35:19,098 [d81587eb-d5f8-443f-9e72-95d00c5fcac0-groupManagement] INFO  server.RaftServerConfigKeys (ConfUtils.java:logGet(46)) - raft.server.storage.free-space.min = 0MB (=0) (default)
2024-03-11 08:35:19,098 [d81587eb-d5f8-443f-9e72-95d00c5fcac0-groupManagement] INFO  server.RaftServerConfigKeys (ConfUtils.java:logGet(46)) - raft.server.log.corruption.policy = EXCEPTION (default)
2024-03-11 08:35:19,098 [fe1a3415-0d95-46e3-9e86-5c0a6cba0e9b-groupManagement] INFO  segmented.SegmentedRaftLogWorker (SegmentedRaftLogWorker.java:<init>(182)) - new fe1a3415-0d95-46e3-9e86-5c0a6cba0e9b@group-F9791BAE746C-SegmentedRaftLogWorker for RaftStorageImpl:Storage Directory /home/runner/work/ozone/ozone/hadoop-ozone/integration-test/target/test-dir/MiniOzoneClusterImpl-c7fe89f3-570b-44cc-9eba-475ffdeb33a6/ozone-meta/datanode-3/ratis/39b3abc3-9e25-4c41-b611-f9791bae746c
2024-03-11 08:35:19,098 [d81587eb-d5f8-443f-9e72-95d00c5fcac0-groupManagement] INFO  server.RaftServerConfigKeys (ConfUtils.java:logGet(46)) - raft.server.storage.dir = [/home/runner/work/ozone/ozone/hadoop-ozone/integration-test/target/test-dir/MiniOzoneClusterImpl-c7fe89f3-570b-44cc-9eba-475ffdeb33a6/ozone-meta/datanode-2/ratis] (custom)
2024-03-11 08:35:19,098 [fe1a3415-0d95-46e3-9e86-5c0a6cba0e9b-groupManagement] INFO  server.RaftServerConfigKeys (ConfUtils.java:logGet(46)) - raft.server.log.queue.byte-limit = 4294967296 (custom)
2024-03-11 08:35:19,098 [fe1a3415-0d95-46e3-9e86-5c0a6cba0e9b-groupManagement] INFO  server.RaftServerConfigKeys (ConfUtils.java:logGet(46)) - raft.server.log.queue.element-limit = 1024 (custom)
2024-03-11 08:35:19,098 [d81587eb-d5f8-443f-9e72-95d00c5fcac0-groupManagement] INFO  storage.RaftStorageDirectory (RaftStorageDirectoryImpl.java:analyzeStorage(138)) - The storage directory /home/runner/work/ozone/ozone/hadoop-ozone/integration-test/target/test-dir/MiniOzoneClusterImpl-c7fe89f3-570b-44cc-9eba-475ffdeb33a6/ozone-meta/datanode-2/ratis/39b3abc3-9e25-4c41-b611-f9791bae746c does not exist. Creating ...
2024-03-11 08:35:19,098 [fe1a3415-0d95-46e3-9e86-5c0a6cba0e9b-groupManagement] INFO  server.RaftServerConfigKeys (ConfUtils.java:logGet(46)) - raft.server.log.segment.size.max = 67108864 (custom)
2024-03-11 08:35:19,098 [fe1a3415-0d95-46e3-9e86-5c0a6cba0e9b-groupManagement] INFO  server.RaftServerConfigKeys (ConfUtils.java:logGet(46)) - raft.server.log.preallocated.size = 4194304 (custom)
2024-03-11 08:35:19,098 [fe1a3415-0d95-46e3-9e86-5c0a6cba0e9b-groupManagement] INFO  server.RaftServerConfigKeys (ConfUtils.java:logGet(46)) - raft.server.log.force.sync.num = 128 (default)
2024-03-11 08:35:19,098 [fe1a3415-0d95-46e3-9e86-5c0a6cba0e9b-groupManagement] INFO  server.RaftServerConfigKeys (ConfUtils.java:logGet(46)) - raft.server.log.statemachine.data.sync = true (default)
2024-03-11 08:35:19,098 [fe1a3415-0d95-46e3-9e86-5c0a6cba0e9b-groupManagement] INFO  server.RaftServerConfigKeys (ConfUtils.java:logGet(46)) - raft.server.log.statemachine.data.sync.timeout = 10s (default)
2024-03-11 08:35:19,098 [fe1a3415-0d95-46e3-9e86-5c0a6cba0e9b-groupManagement] INFO  server.RaftServerConfigKeys (ConfUtils.java:logGet(46)) - raft.server.log.statemachine.data.sync.timeout.retry = 0 (custom)
2024-03-11 08:35:19,099 [fe1a3415-0d95-46e3-9e86-5c0a6cba0e9b-groupManagement] INFO  server.RaftServerConfigKeys (ConfUtils.java:logGet(46)) - raft.server.log.write.buffer.size = 8388616 (custom)
2024-03-11 08:35:19,099 [d81587eb-d5f8-443f-9e72-95d00c5fcac0-groupManagement] INFO  storage.RaftStorageDirectory (RaftStorageDirectoryImpl.java:tryLock(228)) - Lock on /home/runner/work/ozone/ozone/hadoop-ozone/integration-test/target/test-dir/MiniOzoneClusterImpl-c7fe89f3-570b-44cc-9eba-475ffdeb33a6/ozone-meta/datanode-2/ratis/39b3abc3-9e25-4c41-b611-f9791bae746c/in_use.lock acquired by nodename 48108@fv-az1250-130
2024-03-11 08:35:19,100 [d81587eb-d5f8-443f-9e72-95d00c5fcac0-groupManagement] INFO  storage.RaftStorage (RaftStorageImpl.java:format(99)) - Storage directory /home/runner/work/ozone/ozone/hadoop-ozone/integration-test/target/test-dir/MiniOzoneClusterImpl-c7fe89f3-570b-44cc-9eba-475ffdeb33a6/ozone-meta/datanode-2/ratis/39b3abc3-9e25-4c41-b611-f9791bae746c has been successfully formatted.
2024-03-11 08:35:19,100 [d81587eb-d5f8-443f-9e72-95d00c5fcac0-groupManagement] WARN  util.FileUtils (LogUtils.java:supplyAndLog(63)) - Failed to Files.newInputStream /home/runner/work/ozone/ozone/hadoop-ozone/integration-test/target/test-dir/MiniOzoneClusterImpl-c7fe89f3-570b-44cc-9eba-475ffdeb33a6/ozone-meta/datanode-2/ratis/39b3abc3-9e25-4c41-b611-f9791bae746c/current/raft-meta.conf with options []: java.nio.file.NoSuchFileException: /home/runner/work/ozone/ozone/hadoop-ozone/integration-test/target/test-dir/MiniOzoneClusterImpl-c7fe89f3-570b-44cc-9eba-475ffdeb33a6/ozone-meta/datanode-2/ratis/39b3abc3-9e25-4c41-b611-f9791bae746c/current/raft-meta.conf
2024-03-11 08:35:19,101 [d81587eb-d5f8-443f-9e72-95d00c5fcac0-groupManagement] INFO  ratis.ContainerStateMachine (ContainerStateMachine.java:loadSnapshot(287)) - group-F9791BAE746C: The snapshot info is null. Setting the last applied index to:(t:0, i:~)
2024-03-11 08:35:19,101 [d81587eb-d5f8-443f-9e72-95d00c5fcac0-groupManagement] INFO  server.RaftServerConfigKeys (ConfUtils.java:logGet(46)) - raft.server.log.use.memory = false (default)
2024-03-11 08:35:19,101 [d81587eb-d5f8-443f-9e72-95d00c5fcac0-groupManagement] INFO  server.RaftServerConfigKeys (ConfUtils.java:logGet(46)) - raft.server.log.purge.gap = 1000000 (custom)
2024-03-11 08:35:19,101 [d81587eb-d5f8-443f-9e72-95d00c5fcac0-groupManagement] INFO  server.RaftServerConfigKeys (ConfUtils.java:logGet(46)) - raft.server.log.appender.buffer.byte-limit = 8388608 (custom)
2024-03-11 08:35:19,101 [d81587eb-d5f8-443f-9e72-95d00c5fcac0-groupManagement] INFO  server.RaftServerConfigKeys (ConfUtils.java:logGet(46)) - raft.server.log.statemachine.data.read.timeout = 1000ms (default)
2024-03-11 08:35:19,101 [d81587eb-d5f8-443f-9e72-95d00c5fcac0-groupManagement] INFO  server.RaftServerConfigKeys (ConfUtils.java:logGet(46)) - raft.server.log.purge.preservation.log.num = 0 (default)
2024-03-11 08:35:19,101 [EventQueue-OpenPipelineForHealthyPipelineSafeModeRule] INFO  safemode.SCMSafeModeManager (HealthyPipelineSafeModeRule.java:process(140)) - SCM in safe mode. Healthy pipelines reported count is 0, required healthy pipeline reported count is 1
2024-03-11 08:35:19,101 [fe1a3415-0d95-46e3-9e86-5c0a6cba0e9b-groupManagement] INFO  server.RaftServerConfigKeys (ConfUtils.java:logGet(46)) - raft.server.log.appender.buffer.byte-limit = 8388608 (custom)
2024-03-11 08:35:19,102 [fe1a3415-0d95-46e3-9e86-5c0a6cba0e9b-groupManagement] INFO  server.RaftServerConfigKeys (ConfUtils.java:logGet(46)) - raft.server.log.unsafe-flush.enabled = false (default)
2024-03-11 08:35:19,102 [fe1a3415-0d95-46e3-9e86-5c0a6cba0e9b-groupManagement] INFO  server.RaftServerConfigKeys (ConfUtils.java:logGet(46)) - raft.server.log.async-flush.enabled = false (default)
2024-03-11 08:35:19,102 [fe1a3415-0d95-46e3-9e86-5c0a6cba0e9b-groupManagement] INFO  server.RaftServerConfigKeys (ConfUtils.java:logGet(46)) - raft.server.log.statemachine.data.caching.enabled = true (custom)
2024-03-11 08:35:19,102 [fe1a3415-0d95-46e3-9e86-5c0a6cba0e9b-groupManagement] INFO  segmented.SegmentedRaftLogWorker (SegmentedRaftLogWorker.java:lambda$new$0(134)) - fe1a3415-0d95-46e3-9e86-5c0a6cba0e9b@group-F9791BAE746C-SegmentedRaftLogWorker: flushIndex: setUnconditionally 0 -> -1
2024-03-11 08:35:19,102 [fe1a3415-0d95-46e3-9e86-5c0a6cba0e9b-groupManagement] INFO  segmented.SegmentedRaftLogWorker (SegmentedRaftLogWorker.java:lambda$new$0(134)) - fe1a3415-0d95-46e3-9e86-5c0a6cba0e9b@group-F9791BAE746C-SegmentedRaftLogWorker: safeCacheEvictIndex: setUnconditionally 0 -> -1
2024-03-11 08:35:19,102 [d81587eb-d5f8-443f-9e72-95d00c5fcac0-groupManagement] INFO  server.RaftServerConfigKeys (ConfUtils.java:logGet(46)) - raft.server.log.segment.size.max = 67108864 (custom)
2024-03-11 08:35:19,102 [d81587eb-d5f8-443f-9e72-95d00c5fcac0-groupManagement] INFO  server.RaftServerConfigKeys (ConfUtils.java:logGet(46)) - raft.server.log.segment.cache.num.max = 2 (custom)
2024-03-11 08:35:19,103 [d81587eb-d5f8-443f-9e72-95d00c5fcac0-groupManagement] INFO  server.RaftServerConfigKeys (ConfUtils.java:logGet(46)) - raft.server.log.segment.cache.size.max = 200MB (=209715200) (default)
2024-03-11 08:35:19,103 [d81587eb-d5f8-443f-9e72-95d00c5fcac0-groupManagement] INFO  server.RaftServerConfigKeys (ConfUtils.java:logGet(46)) - raft.server.log.appender.buffer.byte-limit = 8388608 (custom)
2024-03-11 08:35:19,105 [fe1a3415-0d95-46e3-9e86-5c0a6cba0e9b-groupManagement] INFO  server.RaftServer$Division (RaftServerImpl.java:start(396)) - fe1a3415-0d95-46e3-9e86-5c0a6cba0e9b@group-F9791BAE746C: start as a follower, conf=-1: peers:[d81587eb-d5f8-443f-9e72-95d00c5fcac0|10.1.0.9:15203, bdb70d2a-fd58-4276-89a5-31c459e859a0|10.1.0.9:15194, fe1a3415-0d95-46e3-9e86-5c0a6cba0e9b|10.1.0.9:15212]|listeners:[], old=null
2024-03-11 08:35:19,105 [fe1a3415-0d95-46e3-9e86-5c0a6cba0e9b-groupManagement] INFO  server.RaftServer$Division (RaftServerImpl.java:setRole(383)) - fe1a3415-0d95-46e3-9e86-5c0a6cba0e9b@group-F9791BAE746C: changes role from      null to FOLLOWER at term 0 for startAsFollower
2024-03-11 08:35:19,107 [d81587eb-d5f8-443f-9e72-95d00c5fcac0-groupManagement] INFO  util.AwaitToRun (AwaitToRun.java:start(81)) - Thread[d81587eb-d5f8-443f-9e72-95d00c5fcac0@group-F9791BAE746C-cacheEviction-AwaitToRun,5,main] started
2024-03-11 08:35:19,107 [fe1a3415-0d95-46e3-9e86-5c0a6cba0e9b-groupManagement] INFO  impl.RoleInfo (RoleInfo.java:updateAndGet(139)) - fe1a3415-0d95-46e3-9e86-5c0a6cba0e9b: start fe1a3415-0d95-46e3-9e86-5c0a6cba0e9b@group-F9791BAE746C-FollowerState
2024-03-11 08:35:19,107 [d81587eb-d5f8-443f-9e72-95d00c5fcac0-groupManagement] INFO  segmented.SegmentedRaftLogWorker (SegmentedRaftLogWorker.java:<init>(182)) - new d81587eb-d5f8-443f-9e72-95d00c5fcac0@group-F9791BAE746C-SegmentedRaftLogWorker for RaftStorageImpl:Storage Directory /home/runner/work/ozone/ozone/hadoop-ozone/integration-test/target/test-dir/MiniOzoneClusterImpl-c7fe89f3-570b-44cc-9eba-475ffdeb33a6/ozone-meta/datanode-2/ratis/39b3abc3-9e25-4c41-b611-f9791bae746c
2024-03-11 08:35:19,108 [d81587eb-d5f8-443f-9e72-95d00c5fcac0-groupManagement] INFO  server.RaftServerConfigKeys (ConfUtils.java:logGet(46)) - raft.server.log.queue.byte-limit = 4294967296 (custom)
2024-03-11 08:35:19,108 [fe1a3415-0d95-46e3-9e86-5c0a6cba0e9b-groupManagement] INFO  util.JmxRegister (JmxRegister.java:tryRegister(44)) - Successfully registered JMX Bean with object name Ratis:service=RaftServer,group=group-F9791BAE746C,id=fe1a3415-0d95-46e3-9e86-5c0a6cba0e9b
2024-03-11 08:35:19,108 [fe1a3415-0d95-46e3-9e86-5c0a6cba0e9b@group-F9791BAE746C-FollowerState] INFO  server.RaftServerConfigKeys (ConfUtils.java:logFallback(53)) - raft.server.rpc.first-election.timeout.min = 5s (fallback to raft.server.rpc.timeout.min)
2024-03-11 08:35:19,108 [fe1a3415-0d95-46e3-9e86-5c0a6cba0e9b@group-F9791BAE746C-FollowerState] INFO  server.RaftServerConfigKeys (ConfUtils.java:logFallback(53)) - raft.server.rpc.first-election.timeout.max = 5200ms (fallback to raft.server.rpc.timeout.max)
2024-03-11 08:35:19,108 [fe1a3415-0d95-46e3-9e86-5c0a6cba0e9b-groupManagement] INFO  server.RaftServerConfigKeys (ConfUtils.java:logGet(46)) - raft.server.snapshot.trigger-when-stop.enabled = true (default)
2024-03-11 08:35:19,108 [d81587eb-d5f8-443f-9e72-95d00c5fcac0-groupManagement] INFO  server.RaftServerConfigKeys (ConfUtils.java:logGet(46)) - raft.server.log.queue.element-limit = 1024 (custom)
2024-03-11 08:35:19,108 [fe1a3415-0d95-46e3-9e86-5c0a6cba0e9b-groupManagement] INFO  server.RaftServerConfigKeys (ConfUtils.java:logGet(46)) - raft.server.snapshot.auto.trigger.enabled = true (custom)
2024-03-11 08:35:19,108 [d81587eb-d5f8-443f-9e72-95d00c5fcac0-groupManagement] INFO  server.RaftServerConfigKeys (ConfUtils.java:logGet(46)) - raft.server.log.segment.size.max = 67108864 (custom)
2024-03-11 08:35:19,108 [fe1a3415-0d95-46e3-9e86-5c0a6cba0e9b-groupManagement] INFO  server.RaftServerConfigKeys (ConfUtils.java:logGet(46)) - raft.server.snapshot.auto.trigger.threshold = 10000 (custom)
2024-03-11 08:35:19,108 [d81587eb-d5f8-443f-9e72-95d00c5fcac0-groupManagement] INFO  server.RaftServerConfigKeys (ConfUtils.java:logGet(46)) - raft.server.log.preallocated.size = 4194304 (custom)
2024-03-11 08:35:19,108 [d81587eb-d5f8-443f-9e72-95d00c5fcac0-groupManagement] INFO  server.RaftServerConfigKeys (ConfUtils.java:logGet(46)) - raft.server.log.force.sync.num = 128 (default)
2024-03-11 08:35:19,108 [d81587eb-d5f8-443f-9e72-95d00c5fcac0-groupManagement] INFO  server.RaftServerConfigKeys (ConfUtils.java:logGet(46)) - raft.server.log.statemachine.data.sync = true (default)
2024-03-11 08:35:19,108 [fe1a3415-0d95-46e3-9e86-5c0a6cba0e9b-groupManagement] INFO  server.RaftServerConfigKeys (ConfUtils.java:logGet(46)) - raft.server.snapshot.retention.file.num = 5 (custom)
2024-03-11 08:35:19,108 [d81587eb-d5f8-443f-9e72-95d00c5fcac0-groupManagement] INFO  server.RaftServerConfigKeys (ConfUtils.java:logGet(46)) - raft.server.log.statemachine.data.sync.timeout = 10s (default)
2024-03-11 08:35:19,108 [d81587eb-d5f8-443f-9e72-95d00c5fcac0-groupManagement] INFO  server.RaftServerConfigKeys (ConfUtils.java:logGet(46)) - raft.server.log.statemachine.data.sync.timeout.retry = 0 (custom)
2024-03-11 08:35:19,108 [fe1a3415-0d95-46e3-9e86-5c0a6cba0e9b-groupManagement] INFO  server.RaftServerConfigKeys (ConfUtils.java:logGet(46)) - raft.server.log.purge.upto.snapshot.index = false (default)
2024-03-11 08:35:19,108 [d81587eb-d5f8-443f-9e72-95d00c5fcac0-groupManagement] INFO  server.RaftServerConfigKeys (ConfUtils.java:logGet(46)) - raft.server.log.write.buffer.size = 8388616 (custom)
2024-03-11 08:35:19,111 [d81587eb-d5f8-443f-9e72-95d00c5fcac0-groupManagement] INFO  server.RaftServerConfigKeys (ConfUtils.java:logGet(46)) - raft.server.log.appender.buffer.byte-limit = 8388608 (custom)
2024-03-11 08:35:19,111 [d81587eb-d5f8-443f-9e72-95d00c5fcac0-groupManagement] INFO  server.RaftServerConfigKeys (ConfUtils.java:logGet(46)) - raft.server.log.unsafe-flush.enabled = false (default)
2024-03-11 08:35:19,111 [d81587eb-d5f8-443f-9e72-95d00c5fcac0-groupManagement] INFO  server.RaftServerConfigKeys (ConfUtils.java:logGet(46)) - raft.server.log.async-flush.enabled = false (default)
2024-03-11 08:35:19,111 [d81587eb-d5f8-443f-9e72-95d00c5fcac0-groupManagement] INFO  server.RaftServerConfigKeys (ConfUtils.java:logGet(46)) - raft.server.log.statemachine.data.caching.enabled = true (custom)
2024-03-11 08:35:19,112 [d81587eb-d5f8-443f-9e72-95d00c5fcac0-groupManagement] INFO  segmented.SegmentedRaftLogWorker (SegmentedRaftLogWorker.java:lambda$new$0(134)) - d81587eb-d5f8-443f-9e72-95d00c5fcac0@group-F9791BAE746C-SegmentedRaftLogWorker: flushIndex: setUnconditionally 0 -> -1
2024-03-11 08:35:19,112 [d81587eb-d5f8-443f-9e72-95d00c5fcac0-groupManagement] INFO  segmented.SegmentedRaftLogWorker (SegmentedRaftLogWorker.java:lambda$new$0(134)) - d81587eb-d5f8-443f-9e72-95d00c5fcac0@group-F9791BAE746C-SegmentedRaftLogWorker: safeCacheEvictIndex: setUnconditionally 0 -> -1
2024-03-11 08:35:19,117 [d81587eb-d5f8-443f-9e72-95d00c5fcac0-groupManagement] INFO  server.RaftServer$Division (RaftServerImpl.java:start(396)) - d81587eb-d5f8-443f-9e72-95d00c5fcac0@group-F9791BAE746C: start as a follower, conf=-1: peers:[d81587eb-d5f8-443f-9e72-95d00c5fcac0|10.1.0.9:15203, bdb70d2a-fd58-4276-89a5-31c459e859a0|10.1.0.9:15194, fe1a3415-0d95-46e3-9e86-5c0a6cba0e9b|10.1.0.9:15212]|listeners:[], old=null
2024-03-11 08:35:19,117 [d81587eb-d5f8-443f-9e72-95d00c5fcac0-groupManagement] INFO  server.RaftServer$Division (RaftServerImpl.java:setRole(383)) - d81587eb-d5f8-443f-9e72-95d00c5fcac0@group-F9791BAE746C: changes role from      null to FOLLOWER at term 0 for startAsFollower
2024-03-11 08:35:19,117 [d81587eb-d5f8-443f-9e72-95d00c5fcac0-groupManagement] INFO  impl.RoleInfo (RoleInfo.java:updateAndGet(139)) - d81587eb-d5f8-443f-9e72-95d00c5fcac0: start d81587eb-d5f8-443f-9e72-95d00c5fcac0@group-F9791BAE746C-FollowerState
2024-03-11 08:35:19,122 [d81587eb-d5f8-443f-9e72-95d00c5fcac0-groupManagement] INFO  util.JmxRegister (JmxRegister.java:tryRegister(44)) - Successfully registered JMX Bean with object name Ratis:service=RaftServer,group=group-F9791BAE746C,id=d81587eb-d5f8-443f-9e72-95d00c5fcac0
2024-03-11 08:35:19,122 [d81587eb-d5f8-443f-9e72-95d00c5fcac0-groupManagement] INFO  server.RaftServerConfigKeys (ConfUtils.java:logGet(46)) - raft.server.snapshot.trigger-when-stop.enabled = true (default)
2024-03-11 08:35:19,122 [d81587eb-d5f8-443f-9e72-95d00c5fcac0-groupManagement] INFO  server.RaftServerConfigKeys (ConfUtils.java:logGet(46)) - raft.server.snapshot.auto.trigger.enabled = true (custom)
2024-03-11 08:35:19,125 [d81587eb-d5f8-443f-9e72-95d00c5fcac0-groupManagement] INFO  server.RaftServerConfigKeys (ConfUtils.java:logGet(46)) - raft.server.snapshot.auto.trigger.threshold = 10000 (custom)
2024-03-11 08:35:19,125 [d81587eb-d5f8-443f-9e72-95d00c5fcac0-groupManagement] INFO  server.RaftServerConfigKeys (ConfUtils.java:logGet(46)) - raft.server.snapshot.retention.file.num = 5 (custom)
2024-03-11 08:35:19,126 [d81587eb-d5f8-443f-9e72-95d00c5fcac0-groupManagement] INFO  server.RaftServerConfigKeys (ConfUtils.java:logGet(46)) - raft.server.log.purge.upto.snapshot.index = false (default)
2024-03-11 08:35:19,124 [d81587eb-d5f8-443f-9e72-95d00c5fcac0@group-F9791BAE746C-FollowerState] INFO  server.RaftServerConfigKeys (ConfUtils.java:logFallback(53)) - raft.server.rpc.first-election.timeout.min = 5s (fallback to raft.server.rpc.timeout.min)
2024-03-11 08:35:19,127 [d81587eb-d5f8-443f-9e72-95d00c5fcac0@group-F9791BAE746C-FollowerState] INFO  server.RaftServerConfigKeys (ConfUtils.java:logFallback(53)) - raft.server.rpc.first-election.timeout.max = 5200ms (fallback to raft.server.rpc.timeout.max)
2024-03-11 08:35:19,128 [d81587eb-d5f8-443f-9e72-95d00c5fcac0-PipelineCommandHandlerThread-0] INFO  ratis.XceiverServerRatis (XceiverServerRatis.java:addGroup(864)) - Created group PipelineID=39b3abc3-9e25-4c41-b611-f9791bae746c
2024-03-11 08:35:19,142 [bdb70d2a-fd58-4276-89a5-31c459e859a0-PipelineCommandHandlerThread-0] INFO  commandhandler.CreatePipelineCommandHandler (CreatePipelineCommandHandler.java:lambda$handle$2(124)) - Created Pipeline RATIS THREE PipelineID=39b3abc3-9e25-4c41-b611-f9791bae746c.
2024-03-11 08:35:19,161 [d81587eb-d5f8-443f-9e72-95d00c5fcac0-PipelineCommandHandlerThread-0] INFO  commandhandler.CreatePipelineCommandHandler (CreatePipelineCommandHandler.java:lambda$handle$2(124)) - Created Pipeline RATIS THREE PipelineID=39b3abc3-9e25-4c41-b611-f9791bae746c.
2024-03-11 08:35:19,197 [fe1a3415-0d95-46e3-9e86-5c0a6cba0e9b-PipelineCommandHandlerThread-0] INFO  server.RaftServer (RaftServerProxy.java:addNew(100)) - fe1a3415-0d95-46e3-9e86-5c0a6cba0e9b: addNew group-2960E1BFB004:[fe1a3415-0d95-46e3-9e86-5c0a6cba0e9b|10.1.0.9:15212] returns group-2960E1BFB004:java.util.concurrent.CompletableFuture@1ef4a954[Not completed]
2024-03-11 08:35:19,197 [fe1a3415-0d95-46e3-9e86-5c0a6cba0e9b-groupManagement] INFO  server.RaftServer$Division (RaftServerImpl.java:<init>(256)) - fe1a3415-0d95-46e3-9e86-5c0a6cba0e9b: new RaftServerImpl for group-2960E1BFB004:[fe1a3415-0d95-46e3-9e86-5c0a6cba0e9b|10.1.0.9:15212] with ContainerStateMachine:uninitialized
2024-03-11 08:35:19,198 [fe1a3415-0d95-46e3-9e86-5c0a6cba0e9b-groupManagement] INFO  server.RaftServerConfigKeys (ConfUtils.java:logGet(46)) - raft.server.rpc.timeout.min = 5s (custom)
2024-03-11 08:35:19,198 [fe1a3415-0d95-46e3-9e86-5c0a6cba0e9b-groupManagement] INFO  server.RaftServerConfigKeys (ConfUtils.java:logGet(46)) - raft.server.rpc.timeout.max = 5200ms (custom)
2024-03-11 08:35:19,198 [fe1a3415-0d95-46e3-9e86-5c0a6cba0e9b-groupManagement] INFO  server.RaftServerConfigKeys (ConfUtils.java:logGet(46)) - raft.server.rpc.sleep.time = 25ms (default)
2024-03-11 08:35:19,198 [fe1a3415-0d95-46e3-9e86-5c0a6cba0e9b-groupManagement] INFO  server.RaftServerConfigKeys (ConfUtils.java:logGet(46)) - raft.server.rpc.slowness.timeout = 300s (custom)
2024-03-11 08:35:19,198 [fe1a3415-0d95-46e3-9e86-5c0a6cba0e9b-groupManagement] INFO  server.RaftServerConfigKeys (ConfUtils.java:logGet(46)) - raft.server.leaderelection.leader.step-down.wait-time = 10s (default)
2024-03-11 08:35:19,198 [fe1a3415-0d95-46e3-9e86-5c0a6cba0e9b-groupManagement] INFO  server.RaftServerConfigKeys (ConfUtils.java:logGet(46)) - raft.server.leaderelection.member.majority-add = false (default)
2024-03-11 08:35:19,198 [fe1a3415-0d95-46e3-9e86-5c0a6cba0e9b-groupManagement] INFO  server.RaftServerConfigKeys (ConfUtils.java:logGet(46)) - raft.server.sleep.deviation.threshold = 300ms (default)
2024-03-11 08:35:19,198 [fe1a3415-0d95-46e3-9e86-5c0a6cba0e9b-groupManagement] INFO  server.RaftServer$Division (ServerState.java:<init>(113)) - fe1a3415-0d95-46e3-9e86-5c0a6cba0e9b@group-2960E1BFB004: ConfigurationManager, init=-1: peers:[fe1a3415-0d95-46e3-9e86-5c0a6cba0e9b|10.1.0.9:15212]|listeners:[], old=null, confs=<EMPTY_MAP>
2024-03-11 08:35:19,198 [fe1a3415-0d95-46e3-9e86-5c0a6cba0e9b-groupManagement] INFO  server.RaftServerConfigKeys (ConfUtils.java:logGet(46)) - raft.server.notification.no-leader.timeout = 300s (custom)
2024-03-11 08:35:19,198 [fe1a3415-0d95-46e3-9e86-5c0a6cba0e9b-groupManagement] INFO  server.RaftServerConfigKeys (ConfUtils.java:logGet(46)) - raft.server.read.timeout = 10s (default)
2024-03-11 08:35:19,198 [fe1a3415-0d95-46e3-9e86-5c0a6cba0e9b-groupManagement] INFO  server.RaftServerConfigKeys (ConfUtils.java:logGet(46)) - raft.server.retrycache.expirytime = 600000ms (custom)
2024-03-11 08:35:19,198 [fe1a3415-0d95-46e3-9e86-5c0a6cba0e9b-groupManagement] INFO  server.RaftServerConfigKeys (ConfUtils.java:logGet(46)) - raft.server.retrycache.statistics.expirytime = 100ms (default)
2024-03-11 08:35:19,198 [fe1a3415-0d95-46e3-9e86-5c0a6cba0e9b-groupManagement] INFO  server.RaftServerConfigKeys (ConfUtils.java:logGet(46)) - raft.server.read.option = DEFAULT (default)
2024-03-11 08:35:19,198 [fe1a3415-0d95-46e3-9e86-5c0a6cba0e9b-groupManagement] INFO  server.RaftServerConfigKeys (ConfUtils.java:logGet(46)) - raft.server.read.read-after-write-consistent.write-index-cache.expiry-time = 60s (default)
2024-03-11 08:35:19,199 [fe1a3415-0d95-46e3-9e86-5c0a6cba0e9b-groupManagement] INFO  server.RaftServerConfigKeys (ConfUtils.java:logGet(46)) - raft.server.rpc.request.timeout = 60s (custom)
2024-03-11 08:35:19,199 [fe1a3415-0d95-46e3-9e86-5c0a6cba0e9b-groupManagement] INFO  server.RaftServerConfigKeys (ConfUtils.java:logGet(46)) - raft.server.log.appender.install.snapshot.enabled = false (custom)
2024-03-11 08:35:19,199 [fe1a3415-0d95-46e3-9e86-5c0a6cba0e9b-groupManagement] INFO  server.RaftServerConfigKeys (ConfUtils.java:logGet(46)) - raft.server.threadpool.server.cached = true (default)
2024-03-11 08:35:19,199 [fe1a3415-0d95-46e3-9e86-5c0a6cba0e9b-groupManagement] INFO  server.RaftServerConfigKeys (ConfUtils.java:logGet(46)) - raft.server.threadpool.server.size = 0 (default)
2024-03-11 08:35:19,199 [fe1a3415-0d95-46e3-9e86-5c0a6cba0e9b-groupManagement] INFO  server.RaftServerConfigKeys (ConfUtils.java:logGet(46)) - raft.server.threadpool.client.cached = true (default)
2024-03-11 08:35:19,199 [fe1a3415-0d95-46e3-9e86-5c0a6cba0e9b-groupManagement] INFO  server.RaftServerConfigKeys (ConfUtils.java:logGet(46)) - raft.server.threadpool.client.size = 0 (default)
2024-03-11 08:35:19,199 [fe1a3415-0d95-46e3-9e86-5c0a6cba0e9b-groupManagement] INFO  server.RaftServerConfigKeys (ConfUtils.java:logGet(46)) - raft.server.storage.free-space.min = 0MB (=0) (default)
2024-03-11 08:35:19,199 [fe1a3415-0d95-46e3-9e86-5c0a6cba0e9b-groupManagement] INFO  server.RaftServerConfigKeys (ConfUtils.java:logGet(46)) - raft.server.log.corruption.policy = EXCEPTION (default)
2024-03-11 08:35:19,200 [main] INFO  ozone.MiniOzoneClusterImpl (MiniOzoneClusterImpl.java:lambda$waitForClusterToBeReady$0(194)) - Nodes are ready. Got 3 of 3 DN Heartbeats.
2024-03-11 08:35:19,200 [main] INFO  ozone.MiniOzoneClusterImpl (MiniOzoneClusterImpl.java:lambda$waitForClusterToBeReady$0(197)) - Waiting for cluster to exit safe mode
2024-03-11 08:35:19,200 [main] INFO  ozone.MiniOzoneClusterImpl (MiniOzoneClusterImpl.java:lambda$waitForClusterToBeReady$0(199)) - SCM became leader
2024-03-11 08:35:19,200 [fe1a3415-0d95-46e3-9e86-5c0a6cba0e9b-groupManagement] INFO  server.RaftServerConfigKeys (ConfUtils.java:logGet(46)) - raft.server.storage.dir = [/home/runner/work/ozone/ozone/hadoop-ozone/integration-test/target/test-dir/MiniOzoneClusterImpl-c7fe89f3-570b-44cc-9eba-475ffdeb33a6/ozone-meta/datanode-3/ratis] (custom)
2024-03-11 08:35:19,200 [fe1a3415-0d95-46e3-9e86-5c0a6cba0e9b-groupManagement] INFO  storage.RaftStorageDirectory (RaftStorageDirectoryImpl.java:analyzeStorage(138)) - The storage directory /home/runner/work/ozone/ozone/hadoop-ozone/integration-test/target/test-dir/MiniOzoneClusterImpl-c7fe89f3-570b-44cc-9eba-475ffdeb33a6/ozone-meta/datanode-3/ratis/9e69a4fa-bae7-475f-ba6a-2960e1bfb004 does not exist. Creating ...
2024-03-11 08:35:19,201 [fe1a3415-0d95-46e3-9e86-5c0a6cba0e9b-groupManagement] INFO  storage.RaftStorageDirectory (RaftStorageDirectoryImpl.java:tryLock(228)) - Lock on /home/runner/work/ozone/ozone/hadoop-ozone/integration-test/target/test-dir/MiniOzoneClusterImpl-c7fe89f3-570b-44cc-9eba-475ffdeb33a6/ozone-meta/datanode-3/ratis/9e69a4fa-bae7-475f-ba6a-2960e1bfb004/in_use.lock acquired by nodename 48108@fv-az1250-130
2024-03-11 08:35:19,203 [fe1a3415-0d95-46e3-9e86-5c0a6cba0e9b-groupManagement] INFO  storage.RaftStorage (RaftStorageImpl.java:format(99)) - Storage directory /home/runner/work/ozone/ozone/hadoop-ozone/integration-test/target/test-dir/MiniOzoneClusterImpl-c7fe89f3-570b-44cc-9eba-475ffdeb33a6/ozone-meta/datanode-3/ratis/9e69a4fa-bae7-475f-ba6a-2960e1bfb004 has been successfully formatted.
2024-03-11 08:35:19,203 [fe1a3415-0d95-46e3-9e86-5c0a6cba0e9b-groupManagement] WARN  util.FileUtils (LogUtils.java:supplyAndLog(63)) - Failed to Files.newInputStream /home/runner/work/ozone/ozone/hadoop-ozone/integration-test/target/test-dir/MiniOzoneClusterImpl-c7fe89f3-570b-44cc-9eba-475ffdeb33a6/ozone-meta/datanode-3/ratis/9e69a4fa-bae7-475f-ba6a-2960e1bfb004/current/raft-meta.conf with options []: java.nio.file.NoSuchFileException: /home/runner/work/ozone/ozone/hadoop-ozone/integration-test/target/test-dir/MiniOzoneClusterImpl-c7fe89f3-570b-44cc-9eba-475ffdeb33a6/ozone-meta/datanode-3/ratis/9e69a4fa-bae7-475f-ba6a-2960e1bfb004/current/raft-meta.conf
2024-03-11 08:35:19,203 [fe1a3415-0d95-46e3-9e86-5c0a6cba0e9b-groupManagement] INFO  ratis.ContainerStateMachine (ContainerStateMachine.java:loadSnapshot(287)) - group-2960E1BFB004: The snapshot info is null. Setting the last applied index to:(t:0, i:~)
2024-03-11 08:35:19,203 [fe1a3415-0d95-46e3-9e86-5c0a6cba0e9b-groupManagement] INFO  server.RaftServerConfigKeys (ConfUtils.java:logGet(46)) - raft.server.log.use.memory = false (default)
2024-03-11 08:35:19,203 [fe1a3415-0d95-46e3-9e86-5c0a6cba0e9b-groupManagement] INFO  server.RaftServerConfigKeys (ConfUtils.java:logGet(46)) - raft.server.log.purge.gap = 1000000 (custom)
2024-03-11 08:35:19,203 [fe1a3415-0d95-46e3-9e86-5c0a6cba0e9b-groupManagement] INFO  server.RaftServerConfigKeys (ConfUtils.java:logGet(46)) - raft.server.log.appender.buffer.byte-limit = 8388608 (custom)
2024-03-11 08:35:19,203 [fe1a3415-0d95-46e3-9e86-5c0a6cba0e9b-groupManagement] INFO  server.RaftServerConfigKeys (ConfUtils.java:logGet(46)) - raft.server.log.statemachine.data.read.timeout = 1000ms (default)
2024-03-11 08:35:19,203 [fe1a3415-0d95-46e3-9e86-5c0a6cba0e9b-groupManagement] INFO  server.RaftServerConfigKeys (ConfUtils.java:logGet(46)) - raft.server.log.purge.preservation.log.num = 0 (default)
2024-03-11 08:35:19,204 [EventQueue-PipelineReportForPipelineReportHandler] INFO  pipeline.PipelineReportHandler (PipelineReportHandler.java:processPipelineReport(136)) - Opened pipeline PipelineID=9e69a4fa-bae7-475f-ba6a-2960e1bfb004
2024-03-11 08:35:19,204 [fe1a3415-0d95-46e3-9e86-5c0a6cba0e9b-groupManagement] INFO  server.RaftServerConfigKeys (ConfUtils.java:logGet(46)) - raft.server.log.segment.size.max = 67108864 (custom)
2024-03-11 08:35:19,204 [EventQueue-OpenPipelineForHealthyPipelineSafeModeRule] INFO  safemode.SCMSafeModeManager (HealthyPipelineSafeModeRule.java:process(140)) - SCM in safe mode. Healthy pipelines reported count is 0, required healthy pipeline reported count is 1
2024-03-11 08:35:19,204 [fe1a3415-0d95-46e3-9e86-5c0a6cba0e9b-groupManagement] INFO  server.RaftServerConfigKeys (ConfUtils.java:logGet(46)) - raft.server.log.segment.cache.num.max = 2 (custom)
2024-03-11 08:35:19,204 [fe1a3415-0d95-46e3-9e86-5c0a6cba0e9b-groupManagement] INFO  server.RaftServerConfigKeys (ConfUtils.java:logGet(46)) - raft.server.log.segment.cache.size.max = 200MB (=209715200) (default)
2024-03-11 08:35:19,204 [fe1a3415-0d95-46e3-9e86-5c0a6cba0e9b-groupManagement] INFO  server.RaftServerConfigKeys (ConfUtils.java:logGet(46)) - raft.server.log.appender.buffer.byte-limit = 8388608 (custom)
2024-03-11 08:35:19,205 [fe1a3415-0d95-46e3-9e86-5c0a6cba0e9b-groupManagement] INFO  util.AwaitToRun (AwaitToRun.java:start(81)) - Thread[fe1a3415-0d95-46e3-9e86-5c0a6cba0e9b@group-2960E1BFB004-cacheEviction-AwaitToRun,5,main] started
2024-03-11 08:35:19,205 [fe1a3415-0d95-46e3-9e86-5c0a6cba0e9b-groupManagement] INFO  segmented.SegmentedRaftLogWorker (SegmentedRaftLogWorker.java:<init>(182)) - new fe1a3415-0d95-46e3-9e86-5c0a6cba0e9b@group-2960E1BFB004-SegmentedRaftLogWorker for RaftStorageImpl:Storage Directory /home/runner/work/ozone/ozone/hadoop-ozone/integration-test/target/test-dir/MiniOzoneClusterImpl-c7fe89f3-570b-44cc-9eba-475ffdeb33a6/ozone-meta/datanode-3/ratis/9e69a4fa-bae7-475f-ba6a-2960e1bfb004
2024-03-11 08:35:19,205 [fe1a3415-0d95-46e3-9e86-5c0a6cba0e9b-groupManagement] INFO  server.RaftServerConfigKeys (ConfUtils.java:logGet(46)) - raft.server.log.queue.byte-limit = 4294967296 (custom)
2024-03-11 08:35:19,205 [fe1a3415-0d95-46e3-9e86-5c0a6cba0e9b-groupManagement] INFO  server.RaftServerConfigKeys (ConfUtils.java:logGet(46)) - raft.server.log.queue.element-limit = 1024 (custom)
2024-03-11 08:35:19,205 [fe1a3415-0d95-46e3-9e86-5c0a6cba0e9b-groupManagement] INFO  server.RaftServerConfigKeys (ConfUtils.java:logGet(46)) - raft.server.log.segment.size.max = 67108864 (custom)
2024-03-11 08:35:19,205 [fe1a3415-0d95-46e3-9e86-5c0a6cba0e9b-groupManagement] INFO  server.RaftServerConfigKeys (ConfUtils.java:logGet(46)) - raft.server.log.preallocated.size = 4194304 (custom)
2024-03-11 08:35:19,205 [fe1a3415-0d95-46e3-9e86-5c0a6cba0e9b-groupManagement] INFO  server.RaftServerConfigKeys (ConfUtils.java:logGet(46)) - raft.server.log.force.sync.num = 128 (default)
2024-03-11 08:35:19,205 [fe1a3415-0d95-46e3-9e86-5c0a6cba0e9b-groupManagement] INFO  server.RaftServerConfigKeys (ConfUtils.java:logGet(46)) - raft.server.log.statemachine.data.sync = true (default)
2024-03-11 08:35:19,205 [fe1a3415-0d95-46e3-9e86-5c0a6cba0e9b-groupManagement] INFO  server.RaftServerConfigKeys (ConfUtils.java:logGet(46)) - raft.server.log.statemachine.data.sync.timeout = 10s (default)
2024-03-11 08:35:19,205 [fe1a3415-0d95-46e3-9e86-5c0a6cba0e9b-groupManagement] INFO  server.RaftServerConfigKeys (ConfUtils.java:logGet(46)) - raft.server.log.statemachine.data.sync.timeout.retry = 0 (custom)
2024-03-11 08:35:19,205 [fe1a3415-0d95-46e3-9e86-5c0a6cba0e9b-groupManagement] INFO  server.RaftServerConfigKeys (ConfUtils.java:logGet(46)) - raft.server.log.write.buffer.size = 8388616 (custom)
2024-03-11 08:35:19,206 [fe1a3415-0d95-46e3-9e86-5c0a6cba0e9b-groupManagement] INFO  server.RaftServerConfigKeys (ConfUtils.java:logGet(46)) - raft.server.log.appender.buffer.byte-limit = 8388608 (custom)
2024-03-11 08:35:19,206 [fe1a3415-0d95-46e3-9e86-5c0a6cba0e9b-groupManagement] INFO  server.RaftServerConfigKeys (ConfUtils.java:logGet(46)) - raft.server.log.unsafe-flush.enabled = false (default)
2024-03-11 08:35:19,206 [fe1a3415-0d95-46e3-9e86-5c0a6cba0e9b-groupManagement] INFO  server.RaftServerConfigKeys (ConfUtils.java:logGet(46)) - raft.server.log.async-flush.enabled = false (default)
2024-03-11 08:35:19,206 [fe1a3415-0d95-46e3-9e86-5c0a6cba0e9b-groupManagement] INFO  server.RaftServerConfigKeys (ConfUtils.java:logGet(46)) - raft.server.log.statemachine.data.caching.enabled = true (custom)
2024-03-11 08:35:19,207 [fe1a3415-0d95-46e3-9e86-5c0a6cba0e9b-groupManagement] INFO  segmented.SegmentedRaftLogWorker (SegmentedRaftLogWorker.java:lambda$new$0(134)) - fe1a3415-0d95-46e3-9e86-5c0a6cba0e9b@group-2960E1BFB004-SegmentedRaftLogWorker: flushIndex: setUnconditionally 0 -> -1
2024-03-11 08:35:19,207 [fe1a3415-0d95-46e3-9e86-5c0a6cba0e9b-groupManagement] INFO  segmented.SegmentedRaftLogWorker (SegmentedRaftLogWorker.java:lambda$new$0(134)) - fe1a3415-0d95-46e3-9e86-5c0a6cba0e9b@group-2960E1BFB004-SegmentedRaftLogWorker: safeCacheEvictIndex: setUnconditionally 0 -> -1
2024-03-11 08:35:19,207 [fe1a3415-0d95-46e3-9e86-5c0a6cba0e9b-groupManagement] INFO  server.RaftServer$Division (RaftServerImpl.java:start(396)) - fe1a3415-0d95-46e3-9e86-5c0a6cba0e9b@group-2960E1BFB004: start as a follower, conf=-1: peers:[fe1a3415-0d95-46e3-9e86-5c0a6cba0e9b|10.1.0.9:15212]|listeners:[], old=null
2024-03-11 08:35:19,207 [fe1a3415-0d95-46e3-9e86-5c0a6cba0e9b-groupManagement] INFO  server.RaftServer$Division (RaftServerImpl.java:setRole(383)) - fe1a3415-0d95-46e3-9e86-5c0a6cba0e9b@group-2960E1BFB004: changes role from      null to FOLLOWER at term 0 for startAsFollower
2024-03-11 08:35:19,207 [fe1a3415-0d95-46e3-9e86-5c0a6cba0e9b-groupManagement] INFO  impl.RoleInfo (RoleInfo.java:updateAndGet(139)) - fe1a3415-0d95-46e3-9e86-5c0a6cba0e9b: start fe1a3415-0d95-46e3-9e86-5c0a6cba0e9b@group-2960E1BFB004-FollowerState
2024-03-11 08:35:19,207 [fe1a3415-0d95-46e3-9e86-5c0a6cba0e9b@group-2960E1BFB004-FollowerState] INFO  server.RaftServerConfigKeys (ConfUtils.java:logFallback(53)) - raft.server.rpc.first-election.timeout.min = 5s (fallback to raft.server.rpc.timeout.min)
2024-03-11 08:35:19,207 [fe1a3415-0d95-46e3-9e86-5c0a6cba0e9b-groupManagement] INFO  util.JmxRegister (JmxRegister.java:tryRegister(44)) - Successfully registered JMX Bean with object name Ratis:service=RaftServer,group=group-2960E1BFB004,id=fe1a3415-0d95-46e3-9e86-5c0a6cba0e9b
2024-03-11 08:35:19,207 [fe1a3415-0d95-46e3-9e86-5c0a6cba0e9b@group-2960E1BFB004-FollowerState] INFO  server.RaftServerConfigKeys (ConfUtils.java:logFallback(53)) - raft.server.rpc.first-election.timeout.max = 5200ms (fallback to raft.server.rpc.timeout.max)
2024-03-11 08:35:19,207 [fe1a3415-0d95-46e3-9e86-5c0a6cba0e9b-groupManagement] INFO  server.RaftServerConfigKeys (ConfUtils.java:logGet(46)) - raft.server.snapshot.trigger-when-stop.enabled = true (default)
2024-03-11 08:35:19,207 [fe1a3415-0d95-46e3-9e86-5c0a6cba0e9b-groupManagement] INFO  server.RaftServerConfigKeys (ConfUtils.java:logGet(46)) - raft.server.snapshot.auto.trigger.enabled = true (custom)
2024-03-11 08:35:19,207 [fe1a3415-0d95-46e3-9e86-5c0a6cba0e9b-groupManagement] INFO  server.RaftServerConfigKeys (ConfUtils.java:logGet(46)) - raft.server.snapshot.auto.trigger.threshold = 10000 (custom)
2024-03-11 08:35:19,207 [fe1a3415-0d95-46e3-9e86-5c0a6cba0e9b-groupManagement] INFO  server.RaftServerConfigKeys (ConfUtils.java:logGet(46)) - raft.server.snapshot.retention.file.num = 5 (custom)
2024-03-11 08:35:19,207 [fe1a3415-0d95-46e3-9e86-5c0a6cba0e9b-groupManagement] INFO  server.RaftServerConfigKeys (ConfUtils.java:logGet(46)) - raft.server.log.purge.upto.snapshot.index = false (default)
2024-03-11 08:35:19,208 [fe1a3415-0d95-46e3-9e86-5c0a6cba0e9b-PipelineCommandHandlerThread-0] INFO  ratis.XceiverServerRatis (XceiverServerRatis.java:addGroup(864)) - Created group PipelineID=9e69a4fa-bae7-475f-ba6a-2960e1bfb004
2024-03-11 08:35:19,208 [fe1a3415-0d95-46e3-9e86-5c0a6cba0e9b-PipelineCommandHandlerThread-0] INFO  commandhandler.CreatePipelineCommandHandler (CreatePipelineCommandHandler.java:lambda$handle$2(124)) - Created Pipeline RATIS ONE PipelineID=9e69a4fa-bae7-475f-ba6a-2960e1bfb004.
2024-03-11 08:35:20,200 [main] INFO  ozone.MiniOzoneClusterImpl (MiniOzoneClusterImpl.java:lambda$waitForClusterToBeReady$0(194)) - Nodes are ready. Got 3 of 3 DN Heartbeats.
2024-03-11 08:35:20,200 [main] INFO  ozone.MiniOzoneClusterImpl (MiniOzoneClusterImpl.java:lambda$waitForClusterToBeReady$0(197)) - Waiting for cluster to exit safe mode
2024-03-11 08:35:20,200 [main] INFO  ozone.MiniOzoneClusterImpl (MiniOzoneClusterImpl.java:lambda$waitForClusterToBeReady$0(199)) - SCM became leader
2024-03-11 08:35:21,201 [main] INFO  ozone.MiniOzoneClusterImpl (MiniOzoneClusterImpl.java:lambda$waitForClusterToBeReady$0(194)) - Nodes are ready. Got 3 of 3 DN Heartbeats.
2024-03-11 08:35:21,201 [main] INFO  ozone.MiniOzoneClusterImpl (MiniOzoneClusterImpl.java:lambda$waitForClusterToBeReady$0(197)) - Waiting for cluster to exit safe mode
2024-03-11 08:35:21,201 [main] INFO  ozone.MiniOzoneClusterImpl (MiniOzoneClusterImpl.java:lambda$waitForClusterToBeReady$0(199)) - SCM became leader
2024-03-11 08:35:22,201 [main] INFO  ozone.MiniOzoneClusterImpl (MiniOzoneClusterImpl.java:lambda$waitForClusterToBeReady$0(194)) - Nodes are ready. Got 3 of 3 DN Heartbeats.
2024-03-11 08:35:22,201 [main] INFO  ozone.MiniOzoneClusterImpl (MiniOzoneClusterImpl.java:lambda$waitForClusterToBeReady$0(197)) - Waiting for cluster to exit safe mode
2024-03-11 08:35:22,202 [main] INFO  ozone.MiniOzoneClusterImpl (MiniOzoneClusterImpl.java:lambda$waitForClusterToBeReady$0(199)) - SCM became leader
2024-03-11 08:35:23,202 [main] INFO  ozone.MiniOzoneClusterImpl (MiniOzoneClusterImpl.java:lambda$waitForClusterToBeReady$0(194)) - Nodes are ready. Got 3 of 3 DN Heartbeats.
2024-03-11 08:35:23,202 [main] INFO  ozone.MiniOzoneClusterImpl (MiniOzoneClusterImpl.java:lambda$waitForClusterToBeReady$0(197)) - Waiting for cluster to exit safe mode
2024-03-11 08:35:23,202 [main] INFO  ozone.MiniOzoneClusterImpl (MiniOzoneClusterImpl.java:lambda$waitForClusterToBeReady$0(199)) - SCM became leader
2024-03-11 08:35:24,052 [bdb70d2a-fd58-4276-89a5-31c459e859a0@group-23B92AC0A246-FollowerState] INFO  impl.FollowerState (FollowerState.java:run(143)) - bdb70d2a-fd58-4276-89a5-31c459e859a0@group-23B92AC0A246-FollowerState: change to CANDIDATE, lastRpcElapsedTime:5048456848ns, electionTimeout:5048ms
2024-03-11 08:35:24,052 [bdb70d2a-fd58-4276-89a5-31c459e859a0@group-23B92AC0A246-FollowerState] INFO  impl.RoleInfo (RoleInfo.java:shutdownFollowerState(110)) - bdb70d2a-fd58-4276-89a5-31c459e859a0: shutdown bdb70d2a-fd58-4276-89a5-31c459e859a0@group-23B92AC0A246-FollowerState
2024-03-11 08:35:24,052 [bdb70d2a-fd58-4276-89a5-31c459e859a0@group-23B92AC0A246-FollowerState] INFO  server.RaftServer$Division (RaftServerImpl.java:setRole(383)) - bdb70d2a-fd58-4276-89a5-31c459e859a0@group-23B92AC0A246: changes role from  FOLLOWER to CANDIDATE at term 0 for changeToCandidate
2024-03-11 08:35:24,052 [bdb70d2a-fd58-4276-89a5-31c459e859a0@group-23B92AC0A246-FollowerState] INFO  server.RaftServerConfigKeys (ConfUtils.java:logGet(46)) - raft.server.leaderelection.pre-vote = true (default)
2024-03-11 08:35:24,052 [bdb70d2a-fd58-4276-89a5-31c459e859a0@group-23B92AC0A246-FollowerState] INFO  impl.RoleInfo (RoleInfo.java:updateAndGet(139)) - bdb70d2a-fd58-4276-89a5-31c459e859a0: start bdb70d2a-fd58-4276-89a5-31c459e859a0@group-23B92AC0A246-LeaderElection40
2024-03-11 08:35:24,054 [bdb70d2a-fd58-4276-89a5-31c459e859a0@group-23B92AC0A246-LeaderElection40] INFO  impl.LeaderElection (LeaderElection.java:askForVotes(321)) - bdb70d2a-fd58-4276-89a5-31c459e859a0@group-23B92AC0A246-LeaderElection40 PRE_VOTE round 0: submit vote requests at term 0 for -1: peers:[d81587eb-d5f8-443f-9e72-95d00c5fcac0|10.1.0.9:15203, bdb70d2a-fd58-4276-89a5-31c459e859a0|10.1.0.9:15194, fe1a3415-0d95-46e3-9e86-5c0a6cba0e9b|10.1.0.9:15212]|listeners:[], old=null
2024-03-11 08:35:24,054 [bdb70d2a-fd58-4276-89a5-31c459e859a0@group-23B92AC0A246-LeaderElection40-1] INFO  server.GrpcServerProtocolClient (GrpcServerProtocolClient.java:<init>(65)) - Build channel for d81587eb-d5f8-443f-9e72-95d00c5fcac0|10.1.0.9:15203
2024-03-11 08:35:24,054 [bdb70d2a-fd58-4276-89a5-31c459e859a0@group-23B92AC0A246-LeaderElection40-2] INFO  server.GrpcServerProtocolClient (GrpcServerProtocolClient.java:<init>(65)) - Build channel for fe1a3415-0d95-46e3-9e86-5c0a6cba0e9b|10.1.0.9:15212
2024-03-11 08:35:24,054 [bdb70d2a-fd58-4276-89a5-31c459e859a0@group-23B92AC0A246-LeaderElection40] INFO  server.RaftServerConfigKeys (ConfUtils.java:logFallback(53)) - raft.server.rpc.first-election.timeout.min = 5s (fallback to raft.server.rpc.timeout.min)
2024-03-11 08:35:24,055 [bdb70d2a-fd58-4276-89a5-31c459e859a0@group-23B92AC0A246-LeaderElection40] INFO  server.RaftServerConfigKeys (ConfUtils.java:logFallback(53)) - raft.server.rpc.first-election.timeout.max = 5200ms (fallback to raft.server.rpc.timeout.max)
2024-03-11 08:35:24,058 [grpc-default-executor-2] INFO  server.RaftServer$Division (RaftServerImpl.java:requestVote(1389)) - fe1a3415-0d95-46e3-9e86-5c0a6cba0e9b@group-23B92AC0A246: receive requestVote(PRE_VOTE, bdb70d2a-fd58-4276-89a5-31c459e859a0, group-23B92AC0A246, 0, (t:0, i:0))
2024-03-11 08:35:24,059 [grpc-default-executor-2] INFO  impl.VoteContext (VoteContext.java:log(49)) - fe1a3415-0d95-46e3-9e86-5c0a6cba0e9b@group-23B92AC0A246-FOLLOWER: accept PRE_VOTE from bdb70d2a-fd58-4276-89a5-31c459e859a0: our priority 0 <= candidate's priority 0
2024-03-11 08:35:24,059 [grpc-default-executor-2] INFO  server.RaftServer$Division (RaftServerImpl.java:requestVote(1422)) - fe1a3415-0d95-46e3-9e86-5c0a6cba0e9b@group-23B92AC0A246 replies to PRE_VOTE vote request: bdb70d2a-fd58-4276-89a5-31c459e859a0<-fe1a3415-0d95-46e3-9e86-5c0a6cba0e9b#0:OK-t0. Peer's state: fe1a3415-0d95-46e3-9e86-5c0a6cba0e9b@group-23B92AC0A246:t0, leader=null, voted=, raftlog=Memoized:fe1a3415-0d95-46e3-9e86-5c0a6cba0e9b@group-23B92AC0A246-SegmentedRaftLog:OPENED:c-1, conf=-1: peers:[d81587eb-d5f8-443f-9e72-95d00c5fcac0|10.1.0.9:15203, bdb70d2a-fd58-4276-89a5-31c459e859a0|10.1.0.9:15194, fe1a3415-0d95-46e3-9e86-5c0a6cba0e9b|10.1.0.9:15212]|listeners:[], old=null
2024-03-11 08:35:24,060 [grpc-default-executor-2] INFO  server.RaftServer$Division (RaftServerImpl.java:requestVote(1389)) - d81587eb-d5f8-443f-9e72-95d00c5fcac0@group-23B92AC0A246: receive requestVote(PRE_VOTE, bdb70d2a-fd58-4276-89a5-31c459e859a0, group-23B92AC0A246, 0, (t:0, i:0))
2024-03-11 08:35:24,060 [grpc-default-executor-2] INFO  impl.VoteContext (VoteContext.java:log(49)) - d81587eb-d5f8-443f-9e72-95d00c5fcac0@group-23B92AC0A246-FOLLOWER: reject PRE_VOTE from bdb70d2a-fd58-4276-89a5-31c459e859a0: our priority 1 > candidate's priority 0
2024-03-11 08:35:24,060 [grpc-default-executor-2] INFO  server.RaftServer$Division (RaftServerImpl.java:requestVote(1422)) - d81587eb-d5f8-443f-9e72-95d00c5fcac0@group-23B92AC0A246 replies to PRE_VOTE vote request: bdb70d2a-fd58-4276-89a5-31c459e859a0<-d81587eb-d5f8-443f-9e72-95d00c5fcac0#0:FAIL-t0. Peer's state: d81587eb-d5f8-443f-9e72-95d00c5fcac0@group-23B92AC0A246:t0, leader=null, voted=, raftlog=Memoized:d81587eb-d5f8-443f-9e72-95d00c5fcac0@group-23B92AC0A246-SegmentedRaftLog:OPENED:c-1, conf=-1: peers:[d81587eb-d5f8-443f-9e72-95d00c5fcac0|10.1.0.9:15203, bdb70d2a-fd58-4276-89a5-31c459e859a0|10.1.0.9:15194, fe1a3415-0d95-46e3-9e86-5c0a6cba0e9b|10.1.0.9:15212]|listeners:[], old=null
2024-03-11 08:35:24,062 [bdb70d2a-fd58-4276-89a5-31c459e859a0@group-23B92AC0A246-LeaderElection40] INFO  impl.LeaderElection (LeaderElection.java:logAndReturn(89)) - bdb70d2a-fd58-4276-89a5-31c459e859a0@group-23B92AC0A246-LeaderElection40: PRE_VOTE REJECTED received 2 response(s) and 0 exception(s):
2024-03-11 08:35:24,062 [bdb70d2a-fd58-4276-89a5-31c459e859a0@group-23B92AC0A246-LeaderElection40] INFO  impl.LeaderElection (LeaderElection.java:logAndReturn(93)) -   Response 0: bdb70d2a-fd58-4276-89a5-31c459e859a0<-d81587eb-d5f8-443f-9e72-95d00c5fcac0#0:FAIL-t0
2024-03-11 08:35:24,062 [bdb70d2a-fd58-4276-89a5-31c459e859a0@group-23B92AC0A246-LeaderElection40] INFO  impl.LeaderElection (LeaderElection.java:logAndReturn(93)) -   Response 1: bdb70d2a-fd58-4276-89a5-31c459e859a0<-fe1a3415-0d95-46e3-9e86-5c0a6cba0e9b#0:OK-t0
2024-03-11 08:35:24,062 [bdb70d2a-fd58-4276-89a5-31c459e859a0@group-23B92AC0A246-LeaderElection40] INFO  impl.LeaderElection (LeaderElection.java:askForVotes(323)) - bdb70d2a-fd58-4276-89a5-31c459e859a0@group-23B92AC0A246-LeaderElection40 PRE_VOTE round 0: result REJECTED
2024-03-11 08:35:24,062 [bdb70d2a-fd58-4276-89a5-31c459e859a0@group-23B92AC0A246-LeaderElection40] INFO  server.RaftServer$Division (RaftServerImpl.java:setRole(383)) - bdb70d2a-fd58-4276-89a5-31c459e859a0@group-23B92AC0A246: changes role from CANDIDATE to FOLLOWER at term 0 for REJECTED
2024-03-11 08:35:24,062 [bdb70d2a-fd58-4276-89a5-31c459e859a0@group-23B92AC0A246-LeaderElection40] INFO  impl.RoleInfo (RoleInfo.java:shutdownLeaderElection(130)) - bdb70d2a-fd58-4276-89a5-31c459e859a0: shutdown bdb70d2a-fd58-4276-89a5-31c459e859a0@group-23B92AC0A246-LeaderElection40
2024-03-11 08:35:24,062 [bdb70d2a-fd58-4276-89a5-31c459e859a0@group-23B92AC0A246-LeaderElection40] INFO  impl.RoleInfo (RoleInfo.java:updateAndGet(139)) - bdb70d2a-fd58-4276-89a5-31c459e859a0: start bdb70d2a-fd58-4276-89a5-31c459e859a0@group-23B92AC0A246-FollowerState
2024-03-11 08:35:24,062 [bdb70d2a-fd58-4276-89a5-31c459e859a0@group-23B92AC0A246-LeaderElection40] INFO  server.RaftServer$Division (RaftServerImpl.java:setFirstElection(574)) - bdb70d2a-fd58-4276-89a5-31c459e859a0@group-23B92AC0A246: set firstElectionSinceStartup to false for REJECTED
2024-03-11 08:35:24,072 [bdb70d2a-fd58-4276-89a5-31c459e859a0@group-84E5525E6FAD-FollowerState] INFO  impl.FollowerState (FollowerState.java:run(143)) - bdb70d2a-fd58-4276-89a5-31c459e859a0@group-84E5525E6FAD-FollowerState: change to CANDIDATE, lastRpcElapsedTime:5079474732ns, electionTimeout:5079ms
2024-03-11 08:35:24,072 [bdb70d2a-fd58-4276-89a5-31c459e859a0@group-84E5525E6FAD-FollowerState] INFO  impl.RoleInfo (RoleInfo.java:shutdownFollowerState(110)) - bdb70d2a-fd58-4276-89a5-31c459e859a0: shutdown bdb70d2a-fd58-4276-89a5-31c459e859a0@group-84E5525E6FAD-FollowerState
2024-03-11 08:35:24,072 [bdb70d2a-fd58-4276-89a5-31c459e859a0@group-84E5525E6FAD-FollowerState] INFO  server.RaftServer$Division (RaftServerImpl.java:setRole(383)) - bdb70d2a-fd58-4276-89a5-31c459e859a0@group-84E5525E6FAD: changes role from  FOLLOWER to CANDIDATE at term 0 for changeToCandidate
2024-03-11 08:35:24,072 [bdb70d2a-fd58-4276-89a5-31c459e859a0@group-84E5525E6FAD-FollowerState] INFO  server.RaftServerConfigKeys (ConfUtils.java:logGet(46)) - raft.server.leaderelection.pre-vote = true (default)
2024-03-11 08:35:24,072 [bdb70d2a-fd58-4276-89a5-31c459e859a0@group-84E5525E6FAD-FollowerState] INFO  impl.RoleInfo (RoleInfo.java:updateAndGet(139)) - bdb70d2a-fd58-4276-89a5-31c459e859a0: start bdb70d2a-fd58-4276-89a5-31c459e859a0@group-84E5525E6FAD-LeaderElection41
2024-03-11 08:35:24,074 [bdb70d2a-fd58-4276-89a5-31c459e859a0@group-84E5525E6FAD-LeaderElection41] INFO  impl.LeaderElection (LeaderElection.java:askForVotes(321)) - bdb70d2a-fd58-4276-89a5-31c459e859a0@group-84E5525E6FAD-LeaderElection41 PRE_VOTE round 0: submit vote requests at term 0 for -1: peers:[bdb70d2a-fd58-4276-89a5-31c459e859a0|10.1.0.9:15194]|listeners:[], old=null
2024-03-11 08:35:24,074 [bdb70d2a-fd58-4276-89a5-31c459e859a0@group-84E5525E6FAD-LeaderElection41] INFO  impl.LeaderElection (LeaderElection.java:askForVotes(323)) - bdb70d2a-fd58-4276-89a5-31c459e859a0@group-84E5525E6FAD-LeaderElection41 PRE_VOTE round 0: result PASSED (term=0)
2024-03-11 08:35:24,075 [bdb70d2a-fd58-4276-89a5-31c459e859a0@group-84E5525E6FAD-LeaderElection41] INFO  impl.LeaderElection (LeaderElection.java:askForVotes(321)) - bdb70d2a-fd58-4276-89a5-31c459e859a0@group-84E5525E6FAD-LeaderElection41 ELECTION round 0: submit vote requests at term 1 for -1: peers:[bdb70d2a-fd58-4276-89a5-31c459e859a0|10.1.0.9:15194]|listeners:[], old=null
2024-03-11 08:35:24,075 [bdb70d2a-fd58-4276-89a5-31c459e859a0@group-84E5525E6FAD-LeaderElection41] INFO  impl.LeaderElection (LeaderElection.java:askForVotes(323)) - bdb70d2a-fd58-4276-89a5-31c459e859a0@group-84E5525E6FAD-LeaderElection41 ELECTION round 0: result PASSED (term=1)
2024-03-11 08:35:24,075 [bdb70d2a-fd58-4276-89a5-31c459e859a0@group-84E5525E6FAD-LeaderElection41] INFO  impl.RoleInfo (RoleInfo.java:shutdownLeaderElection(130)) - bdb70d2a-fd58-4276-89a5-31c459e859a0: shutdown bdb70d2a-fd58-4276-89a5-31c459e859a0@group-84E5525E6FAD-LeaderElection41
2024-03-11 08:35:24,075 [bdb70d2a-fd58-4276-89a5-31c459e859a0@group-84E5525E6FAD-LeaderElection41] INFO  server.RaftServer$Division (RaftServerImpl.java:setRole(383)) - bdb70d2a-fd58-4276-89a5-31c459e859a0@group-84E5525E6FAD: changes role from CANDIDATE to LEADER at term 1 for changeToLeader
2024-03-11 08:35:24,075 [bdb70d2a-fd58-4276-89a5-31c459e859a0@group-84E5525E6FAD-LeaderElection41] INFO  server.RaftServerConfigKeys (ConfUtils.java:logGet(46)) - raft.server.staging.catchup.gap = 1000 (default)
2024-03-11 08:35:24,075 [bdb70d2a-fd58-4276-89a5-31c459e859a0@group-84E5525E6FAD-LeaderElection41] INFO  server.RaftServerConfigKeys (ConfUtils.java:logGet(46)) - raft.server.write.element-limit = 1024 (custom)
2024-03-11 08:35:24,075 [bdb70d2a-fd58-4276-89a5-31c459e859a0@group-84E5525E6FAD-LeaderElection41] INFO  server.RaftServerConfigKeys (ConfUtils.java:logGet(46)) - raft.server.write.byte-limit = 1024 M (=1073741824) (custom)
2024-03-11 08:35:24,076 [bdb70d2a-fd58-4276-89a5-31c459e859a0@group-84E5525E6FAD-LeaderElection41] INFO  server.RaftServerConfigKeys (ConfUtils.java:logGet(46)) - raft.server.watch.timeout = 180s (custom)
2024-03-11 08:35:24,076 [bdb70d2a-fd58-4276-89a5-31c459e859a0@group-84E5525E6FAD-LeaderElection41] INFO  server.RaftServerConfigKeys (ConfUtils.java:logGet(46)) - raft.server.watch.timeout.denomination = 1s (default)
2024-03-11 08:35:24,076 [bdb70d2a-fd58-4276-89a5-31c459e859a0@group-84E5525E6FAD-LeaderElection41] INFO  server.RaftServerConfigKeys (ConfUtils.java:logGet(46)) - raft.server.watch.element-limit = 65536 (default)
2024-03-11 08:35:24,076 [bdb70d2a-fd58-4276-89a5-31c459e859a0@group-84E5525E6FAD-LeaderElection41] INFO  server.RaftServerConfigKeys (ConfUtils.java:logGet(46)) - raft.server.read.leader.lease.enabled = false (default)
2024-03-11 08:35:24,076 [bdb70d2a-fd58-4276-89a5-31c459e859a0@group-84E5525E6FAD-LeaderElection41] INFO  server.RaftServerConfigKeys (ConfUtils.java:logGet(46)) - raft.server.read.leader.lease.timeout.ratio = 0.9 (default)
2024-03-11 08:35:24,076 [bdb70d2a-fd58-4276-89a5-31c459e859a0@group-84E5525E6FAD-LeaderElection41] INFO  server.RaftServerConfigKeys (ConfUtils.java:logGet(46)) - raft.server.rpc.timeout.min = 5s (custom)
2024-03-11 08:35:24,076 [bdb70d2a-fd58-4276-89a5-31c459e859a0@group-84E5525E6FAD-LeaderElection41] INFO  server.RaftServerConfigKeys (ConfUtils.java:logGet(46)) - raft.server.write.element-limit = 1024 (custom)
2024-03-11 08:35:24,076 [bdb70d2a-fd58-4276-89a5-31c459e859a0@group-84E5525E6FAD-LeaderElection41] INFO  server.RaftServerConfigKeys (ConfUtils.java:logGet(46)) - raft.server.write.follower.gap.ratio.max = -1.0 (default)
2024-03-11 08:35:24,076 [bdb70d2a-fd58-4276-89a5-31c459e859a0@group-84E5525E6FAD-LeaderElection41] INFO  impl.RoleInfo (RoleInfo.java:updateAndGet(139)) - bdb70d2a-fd58-4276-89a5-31c459e859a0: start bdb70d2a-fd58-4276-89a5-31c459e859a0@group-84E5525E6FAD-LeaderStateImpl
2024-03-11 08:35:24,076 [bdb70d2a-fd58-4276-89a5-31c459e859a0@group-84E5525E6FAD-LeaderElection41] INFO  server.RaftServer$Division (RaftServerImpl.java:setFirstElection(574)) - bdb70d2a-fd58-4276-89a5-31c459e859a0@group-84E5525E6FAD: set firstElectionSinceStartup to false for becomeLeader
2024-03-11 08:35:24,076 [bdb70d2a-fd58-4276-89a5-31c459e859a0@group-84E5525E6FAD-LeaderElection41] INFO  ratis.XceiverServerRatis (XceiverServerRatis.java:handleLeaderChangedNotification(966)) - Leader change notification received for group: group-84E5525E6FAD with new leaderId: bdb70d2a-fd58-4276-89a5-31c459e859a0
2024-03-11 08:35:24,076 [bdb70d2a-fd58-4276-89a5-31c459e859a0@group-84E5525E6FAD-LeaderElection41] INFO  server.RaftServer$Division (ServerState.java:setLeader(269)) - bdb70d2a-fd58-4276-89a5-31c459e859a0@group-84E5525E6FAD: change Leader from null to bdb70d2a-fd58-4276-89a5-31c459e859a0 at term 1 for becomeLeader, leader elected after 5102ms
2024-03-11 08:35:24,076 [bdb70d2a-fd58-4276-89a5-31c459e859a0@group-84E5525E6FAD-LeaderElection41] INFO  segmented.SegmentedRaftLogWorker (SegmentedRaftLogWorker.java:startLogSegment(430)) - bdb70d2a-fd58-4276-89a5-31c459e859a0@group-84E5525E6FAD-SegmentedRaftLogWorker: Starting segment from index:0
2024-03-11 08:35:24,077 [bdb70d2a-fd58-4276-89a5-31c459e859a0@group-84E5525E6FAD-LeaderElection41] INFO  server.RaftServer$Division (ServerState.java:setRaftConf(386)) - bdb70d2a-fd58-4276-89a5-31c459e859a0@group-84E5525E6FAD: set configuration 0: peers:[bdb70d2a-fd58-4276-89a5-31c459e859a0|10.1.0.9:15194]|listeners:[], old=null
2024-03-11 08:35:24,078 [bdb70d2a-fd58-4276-89a5-31c459e859a0@group-84E5525E6FAD-SegmentedRaftLogWorker] INFO  segmented.BufferedWriteChannel (BufferedWriteChannel.java:open(62)) - open log_inprogress_0 at position 0
2024-03-11 08:35:24,078 [EventQueue-OpenPipelineForHealthyPipelineSafeModeRule] INFO  safemode.SCMSafeModeManager (HealthyPipelineSafeModeRule.java:process(140)) - SCM in safe mode. Healthy pipelines reported count is 0, required healthy pipeline reported count is 1
2024-03-11 08:35:24,081 [d81587eb-d5f8-443f-9e72-95d00c5fcac0@group-23B92AC0A246-FollowerState] INFO  impl.FollowerState (FollowerState.java:run(143)) - d81587eb-d5f8-443f-9e72-95d00c5fcac0@group-23B92AC0A246-FollowerState: change to CANDIDATE, lastRpcElapsedTime:5057097777ns, electionTimeout:5055ms
2024-03-11 08:35:24,081 [d81587eb-d5f8-443f-9e72-95d00c5fcac0@group-23B92AC0A246-FollowerState] INFO  impl.RoleInfo (RoleInfo.java:shutdownFollowerState(110)) - d81587eb-d5f8-443f-9e72-95d00c5fcac0: shutdown d81587eb-d5f8-443f-9e72-95d00c5fcac0@group-23B92AC0A246-FollowerState
2024-03-11 08:35:24,081 [d81587eb-d5f8-443f-9e72-95d00c5fcac0@group-23B92AC0A246-FollowerState] INFO  server.RaftServer$Division (RaftServerImpl.java:setRole(383)) - d81587eb-d5f8-443f-9e72-95d00c5fcac0@group-23B92AC0A246: changes role from  FOLLOWER to CANDIDATE at term 0 for changeToCandidate
2024-03-11 08:35:24,081 [d81587eb-d5f8-443f-9e72-95d00c5fcac0@group-23B92AC0A246-FollowerState] INFO  server.RaftServerConfigKeys (ConfUtils.java:logGet(46)) - raft.server.leaderelection.pre-vote = true (default)
2024-03-11 08:35:24,081 [d81587eb-d5f8-443f-9e72-95d00c5fcac0@group-23B92AC0A246-FollowerState] INFO  impl.RoleInfo (RoleInfo.java:updateAndGet(139)) - d81587eb-d5f8-443f-9e72-95d00c5fcac0: start d81587eb-d5f8-443f-9e72-95d00c5fcac0@group-23B92AC0A246-LeaderElection42
2024-03-11 08:35:24,082 [d81587eb-d5f8-443f-9e72-95d00c5fcac0@group-23B92AC0A246-LeaderElection42] INFO  impl.LeaderElection (LeaderElection.java:askForVotes(321)) - d81587eb-d5f8-443f-9e72-95d00c5fcac0@group-23B92AC0A246-LeaderElection42 PRE_VOTE round 0: submit vote requests at term 0 for -1: peers:[d81587eb-d5f8-443f-9e72-95d00c5fcac0|10.1.0.9:15203, bdb70d2a-fd58-4276-89a5-31c459e859a0|10.1.0.9:15194, fe1a3415-0d95-46e3-9e86-5c0a6cba0e9b|10.1.0.9:15212]|listeners:[], old=null
2024-03-11 08:35:24,082 [d81587eb-d5f8-443f-9e72-95d00c5fcac0@group-23B92AC0A246-LeaderElection42-1] INFO  server.GrpcServerProtocolClient (GrpcServerProtocolClient.java:<init>(65)) - Build channel for bdb70d2a-fd58-4276-89a5-31c459e859a0|10.1.0.9:15194
2024-03-11 08:35:24,082 [d81587eb-d5f8-443f-9e72-95d00c5fcac0@group-23B92AC0A246-LeaderElection42] INFO  server.RaftServerConfigKeys (ConfUtils.java:logFallback(53)) - raft.server.rpc.first-election.timeout.min = 5s (fallback to raft.server.rpc.timeout.min)
2024-03-11 08:35:24,083 [d81587eb-d5f8-443f-9e72-95d00c5fcac0@group-23B92AC0A246-LeaderElection42] INFO  server.RaftServerConfigKeys (ConfUtils.java:logFallback(53)) - raft.server.rpc.first-election.timeout.max = 5200ms (fallback to raft.server.rpc.timeout.max)
2024-03-11 08:35:24,082 [d81587eb-d5f8-443f-9e72-95d00c5fcac0@group-23B92AC0A246-LeaderElection42-2] INFO  server.GrpcServerProtocolClient (GrpcServerProtocolClient.java:<init>(65)) - Build channel for fe1a3415-0d95-46e3-9e86-5c0a6cba0e9b|10.1.0.9:15212
2024-03-11 08:35:24,085 [bdb70d2a-fd58-4276-89a5-31c459e859a0@group-84E5525E6FAD-SegmentedRaftLogWorker] INFO  segmented.SegmentedRaftLogWorker (SegmentedRaftLogWorker.java:execute(634)) - bdb70d2a-fd58-4276-89a5-31c459e859a0@group-84E5525E6FAD-SegmentedRaftLogWorker: created new log segment /home/runner/work/ozone/ozone/hadoop-ozone/integration-test/target/test-dir/MiniOzoneClusterImpl-c7fe89f3-570b-44cc-9eba-475ffdeb33a6/ozone-meta/datanode-1/ratis/aae3d202-6967-4cf4-bbcb-84e5525e6fad/current/log_inprogress_0
2024-03-11 08:35:24,086 [grpc-default-executor-0] INFO  server.RaftServer$Division (RaftServerImpl.java:requestVote(1389)) - bdb70d2a-fd58-4276-89a5-31c459e859a0@group-23B92AC0A246: receive requestVote(PRE_VOTE, d81587eb-d5f8-443f-9e72-95d00c5fcac0, group-23B92AC0A246, 0, (t:0, i:0))
2024-03-11 08:35:24,086 [grpc-default-executor-0] INFO  impl.VoteContext (VoteContext.java:log(49)) - bdb70d2a-fd58-4276-89a5-31c459e859a0@group-23B92AC0A246-FOLLOWER: accept PRE_VOTE from d81587eb-d5f8-443f-9e72-95d00c5fcac0: our priority 0 <= candidate's priority 1
2024-03-11 08:35:24,086 [grpc-default-executor-0] INFO  server.RaftServer$Division (RaftServerImpl.java:requestVote(1422)) - bdb70d2a-fd58-4276-89a5-31c459e859a0@group-23B92AC0A246 replies to PRE_VOTE vote request: d81587eb-d5f8-443f-9e72-95d00c5fcac0<-bdb70d2a-fd58-4276-89a5-31c459e859a0#0:OK-t0. Peer's state: bdb70d2a-fd58-4276-89a5-31c459e859a0@group-23B92AC0A246:t0, leader=null, voted=, raftlog=Memoized:bdb70d2a-fd58-4276-89a5-31c459e859a0@group-23B92AC0A246-SegmentedRaftLog:OPENED:c-1, conf=-1: peers:[d81587eb-d5f8-443f-9e72-95d00c5fcac0|10.1.0.9:15203, bdb70d2a-fd58-4276-89a5-31c459e859a0|10.1.0.9:15194, fe1a3415-0d95-46e3-9e86-5c0a6cba0e9b|10.1.0.9:15212]|listeners:[], old=null
2024-03-11 08:35:24,089 [bdb70d2a-fd58-4276-89a5-31c459e859a0@group-84E5525E6FAD-StateMachineUpdater] INFO  server.RaftServer$Division (LeaderStateImpl.java:isApplied(320)) - leader is ready since appliedIndex == 0 >= startIndex == 0
2024-03-11 08:35:24,089 [d81587eb-d5f8-443f-9e72-95d00c5fcac0@group-23B92AC0A246-LeaderElection42] INFO  impl.LeaderElection (LeaderElection.java:logAndReturn(89)) - d81587eb-d5f8-443f-9e72-95d00c5fcac0@group-23B92AC0A246-LeaderElection42: PRE_VOTE PASSED received 1 response(s) and 0 exception(s):
2024-03-11 08:35:24,089 [d81587eb-d5f8-443f-9e72-95d00c5fcac0@group-23B92AC0A246-LeaderElection42] INFO  impl.LeaderElection (LeaderElection.java:logAndReturn(93)) -   Response 0: d81587eb-d5f8-443f-9e72-95d00c5fcac0<-bdb70d2a-fd58-4276-89a5-31c459e859a0#0:OK-t0
2024-03-11 08:35:24,089 [d81587eb-d5f8-443f-9e72-95d00c5fcac0@group-23B92AC0A246-LeaderElection42] INFO  impl.LeaderElection (LeaderElection.java:askForVotes(323)) - d81587eb-d5f8-443f-9e72-95d00c5fcac0@group-23B92AC0A246-LeaderElection42 PRE_VOTE round 0: result PASSED
2024-03-11 08:35:24,090 [d81587eb-d5f8-443f-9e72-95d00c5fcac0@group-23B92AC0A246-LeaderElection42] INFO  impl.LeaderElection (LeaderElection.java:askForVotes(321)) - d81587eb-d5f8-443f-9e72-95d00c5fcac0@group-23B92AC0A246-LeaderElection42 ELECTION round 0: submit vote requests at term 1 for -1: peers:[d81587eb-d5f8-443f-9e72-95d00c5fcac0|10.1.0.9:15203, bdb70d2a-fd58-4276-89a5-31c459e859a0|10.1.0.9:15194, fe1a3415-0d95-46e3-9e86-5c0a6cba0e9b|10.1.0.9:15212]|listeners:[], old=null
2024-03-11 08:35:24,091 [d81587eb-d5f8-443f-9e72-95d00c5fcac0@group-23B92AC0A246-LeaderElection42] INFO  server.RaftServerConfigKeys (ConfUtils.java:logFallback(53)) - raft.server.rpc.first-election.timeout.min = 5s (fallback to raft.server.rpc.timeout.min)
2024-03-11 08:35:24,091 [d81587eb-d5f8-443f-9e72-95d00c5fcac0@group-23B92AC0A246-LeaderElection42] INFO  server.RaftServerConfigKeys (ConfUtils.java:logFallback(53)) - raft.server.rpc.first-election.timeout.max = 5200ms (fallback to raft.server.rpc.timeout.max)
2024-03-11 08:35:24,091 [grpc-default-executor-0] INFO  server.RaftServer$Division (RaftServerImpl.java:requestVote(1389)) - bdb70d2a-fd58-4276-89a5-31c459e859a0@group-23B92AC0A246: receive requestVote(ELECTION, d81587eb-d5f8-443f-9e72-95d00c5fcac0, group-23B92AC0A246, 1, (t:0, i:0))
2024-03-11 08:35:24,092 [grpc-default-executor-0] INFO  impl.VoteContext (VoteContext.java:log(49)) - bdb70d2a-fd58-4276-89a5-31c459e859a0@group-23B92AC0A246-FOLLOWER: accept ELECTION from d81587eb-d5f8-443f-9e72-95d00c5fcac0: our priority 0 <= candidate's priority 1
2024-03-11 08:35:24,092 [grpc-default-executor-0] INFO  server.RaftServer$Division (RaftServerImpl.java:setRole(383)) - bdb70d2a-fd58-4276-89a5-31c459e859a0@group-23B92AC0A246: changes role from  FOLLOWER to FOLLOWER at term 1 for candidate:d81587eb-d5f8-443f-9e72-95d00c5fcac0
2024-03-11 08:35:24,092 [grpc-default-executor-0] INFO  impl.RoleInfo (RoleInfo.java:shutdownFollowerState(110)) - bdb70d2a-fd58-4276-89a5-31c459e859a0: shutdown bdb70d2a-fd58-4276-89a5-31c459e859a0@group-23B92AC0A246-FollowerState
2024-03-11 08:35:24,092 [grpc-default-executor-0] INFO  impl.RoleInfo (RoleInfo.java:updateAndGet(139)) - bdb70d2a-fd58-4276-89a5-31c459e859a0: start bdb70d2a-fd58-4276-89a5-31c459e859a0@group-23B92AC0A246-FollowerState
2024-03-11 08:35:24,092 [bdb70d2a-fd58-4276-89a5-31c459e859a0@group-23B92AC0A246-FollowerState] INFO  impl.FollowerState (FollowerState.java:run(152)) - bdb70d2a-fd58-4276-89a5-31c459e859a0@group-23B92AC0A246-FollowerState was interrupted
2024-03-11 08:35:24,092 [grpc-default-executor-3] INFO  server.RaftServer$Division (RaftServerImpl.java:requestVote(1389)) - fe1a3415-0d95-46e3-9e86-5c0a6cba0e9b@group-23B92AC0A246: receive requestVote(PRE_VOTE, d81587eb-d5f8-443f-9e72-95d00c5fcac0, group-23B92AC0A246, 0, (t:0, i:0))
2024-03-11 08:35:24,092 [grpc-default-executor-2] INFO  server.RaftServer$Division (RaftServerImpl.java:requestVote(1389)) - fe1a3415-0d95-46e3-9e86-5c0a6cba0e9b@group-23B92AC0A246: receive requestVote(ELECTION, d81587eb-d5f8-443f-9e72-95d00c5fcac0, group-23B92AC0A246, 1, (t:0, i:0))
2024-03-11 08:35:24,092 [grpc-default-executor-2] INFO  impl.VoteContext (VoteContext.java:log(49)) - fe1a3415-0d95-46e3-9e86-5c0a6cba0e9b@group-23B92AC0A246-FOLLOWER: accept ELECTION from d81587eb-d5f8-443f-9e72-95d00c5fcac0: our priority 0 <= candidate's priority 1
2024-03-11 08:35:24,092 [grpc-default-executor-2] INFO  server.RaftServer$Division (RaftServerImpl.java:setRole(383)) - fe1a3415-0d95-46e3-9e86-5c0a6cba0e9b@group-23B92AC0A246: changes role from  FOLLOWER to FOLLOWER at term 1 for candidate:d81587eb-d5f8-443f-9e72-95d00c5fcac0
2024-03-11 08:35:24,092 [grpc-default-executor-2] INFO  impl.RoleInfo (RoleInfo.java:shutdownFollowerState(110)) - fe1a3415-0d95-46e3-9e86-5c0a6cba0e9b: shutdown fe1a3415-0d95-46e3-9e86-5c0a6cba0e9b@group-23B92AC0A246-FollowerState
2024-03-11 08:35:24,093 [grpc-default-executor-2] INFO  impl.RoleInfo (RoleInfo.java:updateAndGet(139)) - fe1a3415-0d95-46e3-9e86-5c0a6cba0e9b: start fe1a3415-0d95-46e3-9e86-5c0a6cba0e9b@group-23B92AC0A246-FollowerState
2024-03-11 08:35:24,093 [fe1a3415-0d95-46e3-9e86-5c0a6cba0e9b@group-23B92AC0A246-FollowerState] INFO  impl.FollowerState (FollowerState.java:run(152)) - fe1a3415-0d95-46e3-9e86-5c0a6cba0e9b@group-23B92AC0A246-FollowerState was interrupted
2024-03-11 08:35:24,093 [grpc-default-executor-0] INFO  server.RaftServer$Division (RaftServerImpl.java:requestVote(1422)) - bdb70d2a-fd58-4276-89a5-31c459e859a0@group-23B92AC0A246 replies to ELECTION vote request: d81587eb-d5f8-443f-9e72-95d00c5fcac0<-bdb70d2a-fd58-4276-89a5-31c459e859a0#0:OK-t1. Peer's state: bdb70d2a-fd58-4276-89a5-31c459e859a0@group-23B92AC0A246:t1, leader=null, voted=d81587eb-d5f8-443f-9e72-95d00c5fcac0, raftlog=Memoized:bdb70d2a-fd58-4276-89a5-31c459e859a0@group-23B92AC0A246-SegmentedRaftLog:OPENED:c-1, conf=-1: peers:[d81587eb-d5f8-443f-9e72-95d00c5fcac0|10.1.0.9:15203, bdb70d2a-fd58-4276-89a5-31c459e859a0|10.1.0.9:15194, fe1a3415-0d95-46e3-9e86-5c0a6cba0e9b|10.1.0.9:15212]|listeners:[], old=null
2024-03-11 08:35:24,093 [grpc-default-executor-2] INFO  server.RaftServer$Division (RaftServerImpl.java:setFirstElection(574)) - fe1a3415-0d95-46e3-9e86-5c0a6cba0e9b@group-23B92AC0A246: set firstElectionSinceStartup to false for candidate:d81587eb-d5f8-443f-9e72-95d00c5fcac0
2024-03-11 08:35:24,093 [d81587eb-d5f8-443f-9e72-95d00c5fcac0@group-23B92AC0A246-LeaderElection42] INFO  impl.LeaderElection (LeaderElection.java:logAndReturn(89)) - d81587eb-d5f8-443f-9e72-95d00c5fcac0@group-23B92AC0A246-LeaderElection42: ELECTION PASSED received 1 response(s) and 0 exception(s):
2024-03-11 08:35:24,093 [d81587eb-d5f8-443f-9e72-95d00c5fcac0@group-23B92AC0A246-LeaderElection42] INFO  impl.LeaderElection (LeaderElection.java:logAndReturn(93)) -   Response 0: d81587eb-d5f8-443f-9e72-95d00c5fcac0<-bdb70d2a-fd58-4276-89a5-31c459e859a0#0:OK-t1
2024-03-11 08:35:24,093 [d81587eb-d5f8-443f-9e72-95d00c5fcac0@group-23B92AC0A246-LeaderElection42] INFO  impl.LeaderElection (LeaderElection.java:askForVotes(323)) - d81587eb-d5f8-443f-9e72-95d00c5fcac0@group-23B92AC0A246-LeaderElection42 ELECTION round 0: result PASSED
2024-03-11 08:35:24,093 [d81587eb-d5f8-443f-9e72-95d00c5fcac0@group-23B92AC0A246-LeaderElection42] INFO  impl.RoleInfo (RoleInfo.java:shutdownLeaderElection(130)) - d81587eb-d5f8-443f-9e72-95d00c5fcac0: shutdown d81587eb-d5f8-443f-9e72-95d00c5fcac0@group-23B92AC0A246-LeaderElection42
2024-03-11 08:35:24,093 [d81587eb-d5f8-443f-9e72-95d00c5fcac0@group-23B92AC0A246-LeaderElection42] INFO  server.RaftServer$Division (RaftServerImpl.java:setRole(383)) - d81587eb-d5f8-443f-9e72-95d00c5fcac0@group-23B92AC0A246: changes role from CANDIDATE to LEADER at term 1 for changeToLeader
2024-03-11 08:35:24,093 [d81587eb-d5f8-443f-9e72-95d00c5fcac0@group-23B92AC0A246-LeaderElection42] INFO  server.RaftServerConfigKeys (ConfUtils.java:logGet(46)) - raft.server.staging.catchup.gap = 1000 (default)
2024-03-11 08:35:24,094 [d81587eb-d5f8-443f-9e72-95d00c5fcac0@group-23B92AC0A246-LeaderElection42] INFO  server.RaftServerConfigKeys (ConfUtils.java:logGet(46)) - raft.server.write.element-limit = 1024 (custom)
2024-03-11 08:35:24,094 [d81587eb-d5f8-443f-9e72-95d00c5fcac0@group-23B92AC0A246-LeaderElection42] INFO  server.RaftServerConfigKeys (ConfUtils.java:logGet(46)) - raft.server.write.byte-limit = 1024 M (=1073741824) (custom)
2024-03-11 08:35:24,095 [grpc-default-executor-2] INFO  server.RaftServer$Division (RaftServerImpl.java:requestVote(1422)) - fe1a3415-0d95-46e3-9e86-5c0a6cba0e9b@group-23B92AC0A246 replies to ELECTION vote request: d81587eb-d5f8-443f-9e72-95d00c5fcac0<-fe1a3415-0d95-46e3-9e86-5c0a6cba0e9b#0:OK-t1. Peer's state: fe1a3415-0d95-46e3-9e86-5c0a6cba0e9b@group-23B92AC0A246:t1, leader=null, voted=d81587eb-d5f8-443f-9e72-95d00c5fcac0, raftlog=Memoized:fe1a3415-0d95-46e3-9e86-5c0a6cba0e9b@group-23B92AC0A246-SegmentedRaftLog:OPENED:c-1, conf=-1: peers:[d81587eb-d5f8-443f-9e72-95d00c5fcac0|10.1.0.9:15203, bdb70d2a-fd58-4276-89a5-31c459e859a0|10.1.0.9:15194, fe1a3415-0d95-46e3-9e86-5c0a6cba0e9b|10.1.0.9:15212]|listeners:[], old=null
2024-03-11 08:35:24,095 [grpc-default-executor-3] INFO  impl.VoteContext (VoteContext.java:log(49)) - fe1a3415-0d95-46e3-9e86-5c0a6cba0e9b@group-23B92AC0A246-FOLLOWER: accept PRE_VOTE from d81587eb-d5f8-443f-9e72-95d00c5fcac0: our priority 0 <= candidate's priority 1
2024-03-11 08:35:24,095 [grpc-default-executor-3] INFO  server.RaftServer$Division (RaftServerImpl.java:requestVote(1422)) - fe1a3415-0d95-46e3-9e86-5c0a6cba0e9b@group-23B92AC0A246 replies to PRE_VOTE vote request: d81587eb-d5f8-443f-9e72-95d00c5fcac0<-fe1a3415-0d95-46e3-9e86-5c0a6cba0e9b#0:OK-t1. Peer's state: fe1a3415-0d95-46e3-9e86-5c0a6cba0e9b@group-23B92AC0A246:t1, leader=null, voted=d81587eb-d5f8-443f-9e72-95d00c5fcac0, raftlog=Memoized:fe1a3415-0d95-46e3-9e86-5c0a6cba0e9b@group-23B92AC0A246-SegmentedRaftLog:OPENED:c-1, conf=-1: peers:[d81587eb-d5f8-443f-9e72-95d00c5fcac0|10.1.0.9:15203, bdb70d2a-fd58-4276-89a5-31c459e859a0|10.1.0.9:15194, fe1a3415-0d95-46e3-9e86-5c0a6cba0e9b|10.1.0.9:15212]|listeners:[], old=null
2024-03-11 08:35:24,095 [d81587eb-d5f8-443f-9e72-95d00c5fcac0@group-23B92AC0A246-LeaderElection42] INFO  server.RaftServerConfigKeys (ConfUtils.java:logGet(46)) - raft.server.watch.timeout = 180s (custom)
2024-03-11 08:35:24,095 [d81587eb-d5f8-443f-9e72-95d00c5fcac0@group-23B92AC0A246-LeaderElection42] INFO  server.RaftServerConfigKeys (ConfUtils.java:logGet(46)) - raft.server.watch.timeout.denomination = 1s (default)
2024-03-11 08:35:24,096 [d81587eb-d5f8-443f-9e72-95d00c5fcac0@group-23B92AC0A246-LeaderElection42] INFO  server.RaftServerConfigKeys (ConfUtils.java:logGet(46)) - raft.server.watch.element-limit = 65536 (default)
2024-03-11 08:35:24,096 [d81587eb-d5f8-443f-9e72-95d00c5fcac0@group-23B92AC0A246-LeaderElection42] INFO  server.RaftServerConfigKeys (ConfUtils.java:logGet(46)) - raft.server.read.leader.lease.enabled = false (default)
2024-03-11 08:35:24,096 [d81587eb-d5f8-443f-9e72-95d00c5fcac0@group-23B92AC0A246-LeaderElection42] INFO  server.RaftServerConfigKeys (ConfUtils.java:logGet(46)) - raft.server.read.leader.lease.timeout.ratio = 0.9 (default)
2024-03-11 08:35:24,096 [d81587eb-d5f8-443f-9e72-95d00c5fcac0@group-23B92AC0A246-LeaderElection42] INFO  server.RaftServerConfigKeys (ConfUtils.java:logGet(46)) - raft.server.rpc.timeout.min = 5s (custom)
2024-03-11 08:35:24,096 [d81587eb-d5f8-443f-9e72-95d00c5fcac0@group-23B92AC0A246-LeaderElection42] INFO  server.RaftServerConfigKeys (ConfUtils.java:logGet(46)) - raft.server.write.element-limit = 1024 (custom)
2024-03-11 08:35:24,096 [d81587eb-d5f8-443f-9e72-95d00c5fcac0@group-23B92AC0A246-LeaderElection42] INFO  server.RaftServerConfigKeys (ConfUtils.java:logGet(46)) - raft.server.write.follower.gap.ratio.max = -1.0 (default)
2024-03-11 08:35:24,097 [d81587eb-d5f8-443f-9e72-95d00c5fcac0@group-23B92AC0A246-LeaderElection42] INFO  server.RaftServerConfigKeys (ConfUtils.java:logGet(46)) - raft.server.log.appender.snapshot.chunk.size.max = 16MB (=16777216) (default)
2024-03-11 08:35:24,097 [d81587eb-d5f8-443f-9e72-95d00c5fcac0@group-23B92AC0A246-LeaderElection42] INFO  server.RaftServerConfigKeys (ConfUtils.java:logGet(46)) - raft.server.log.appender.buffer.byte-limit = 8388608 (custom)
2024-03-11 08:35:24,097 [d81587eb-d5f8-443f-9e72-95d00c5fcac0@group-23B92AC0A246-LeaderElection42] INFO  server.RaftServerConfigKeys (ConfUtils.java:logGet(46)) - raft.server.log.appender.buffer.element-limit = 1 (custom)
2024-03-11 08:35:24,097 [d81587eb-d5f8-443f-9e72-95d00c5fcac0@group-23B92AC0A246-LeaderElection42] INFO  server.RaftServerConfigKeys (ConfUtils.java:logGet(46)) - raft.server.log.appender.wait-time.min = 0μs (custom)
2024-03-11 08:35:24,097 [d81587eb-d5f8-443f-9e72-95d00c5fcac0@group-23B92AC0A246-LeaderElection42] INFO  grpc.GrpcConfigKeys (ConfUtils.java:logGet(46)) - raft.grpc.server.leader.outstanding.appends.max = 8 (default)
2024-03-11 08:35:24,097 [d81587eb-d5f8-443f-9e72-95d00c5fcac0@group-23B92AC0A246-LeaderElection42] INFO  server.RaftServerConfigKeys (ConfUtils.java:logGet(46)) - raft.server.rpc.request.timeout = 60s (custom)
2024-03-11 08:35:24,097 [d81587eb-d5f8-443f-9e72-95d00c5fcac0@group-23B92AC0A246-LeaderElection42] INFO  grpc.GrpcConfigKeys (ConfUtils.java:logGet(46)) - raft.grpc.server.install_snapshot.request.element-limit = 8 (default)
2024-03-11 08:35:24,097 [d81587eb-d5f8-443f-9e72-95d00c5fcac0@group-23B92AC0A246-LeaderElection42] INFO  grpc.GrpcConfigKeys (ConfUtils.java:logGet(46)) - raft.grpc.server.install_snapshot.request.timeout = 3000ms (default)
2024-03-11 08:35:24,097 [d81587eb-d5f8-443f-9e72-95d00c5fcac0@group-23B92AC0A246-LeaderElection42] INFO  grpc.GrpcConfigKeys (ConfUtils.java:logGet(46)) - raft.grpc.server.log-message.batch.duration = 5s (default)
2024-03-11 08:35:24,097 [d81587eb-d5f8-443f-9e72-95d00c5fcac0@group-23B92AC0A246-LeaderElection42] INFO  server.RaftServerConfigKeys (ConfUtils.java:logGet(46)) - raft.server.log.appender.install.snapshot.enabled = false (custom)
2024-03-11 08:35:24,097 [d81587eb-d5f8-443f-9e72-95d00c5fcac0@group-23B92AC0A246-LeaderElection42] INFO  grpc.GrpcConfigKeys (ConfUtils.java:logGet(46)) - raft.grpc.server.heartbeat.channel = true (default)
2024-03-11 08:35:24,098 [d81587eb-d5f8-443f-9e72-95d00c5fcac0@group-23B92AC0A246-LeaderElection42] INFO  server.RaftServerConfigKeys (ConfUtils.java:logGet(46)) - raft.server.log.appender.snapshot.chunk.size.max = 16MB (=16777216) (default)
2024-03-11 08:35:24,098 [d81587eb-d5f8-443f-9e72-95d00c5fcac0@group-23B92AC0A246-LeaderElection42] INFO  server.RaftServerConfigKeys (ConfUtils.java:logGet(46)) - raft.server.log.appender.buffer.byte-limit = 8388608 (custom)
2024-03-11 08:35:24,098 [d81587eb-d5f8-443f-9e72-95d00c5fcac0@group-23B92AC0A246-LeaderElection42] INFO  server.RaftServerConfigKeys (ConfUtils.java:logGet(46)) - raft.server.log.appender.buffer.element-limit = 1 (custom)
2024-03-11 08:35:24,098 [d81587eb-d5f8-443f-9e72-95d00c5fcac0@group-23B92AC0A246-LeaderElection42] INFO  server.RaftServerConfigKeys (ConfUtils.java:logGet(46)) - raft.server.log.appender.wait-time.min = 0μs (custom)
2024-03-11 08:35:24,098 [d81587eb-d5f8-443f-9e72-95d00c5fcac0@group-23B92AC0A246-LeaderElection42] INFO  grpc.GrpcConfigKeys (ConfUtils.java:logGet(46)) - raft.grpc.server.leader.outstanding.appends.max = 8 (default)
2024-03-11 08:35:24,098 [d81587eb-d5f8-443f-9e72-95d00c5fcac0@group-23B92AC0A246-LeaderElection42] INFO  server.RaftServerConfigKeys (ConfUtils.java:logGet(46)) - raft.server.rpc.request.timeout = 60s (custom)
2024-03-11 08:35:24,098 [d81587eb-d5f8-443f-9e72-95d00c5fcac0@group-23B92AC0A246-LeaderElection42] INFO  grpc.GrpcConfigKeys (ConfUtils.java:logGet(46)) - raft.grpc.server.install_snapshot.request.element-limit = 8 (default)
2024-03-11 08:35:24,098 [d81587eb-d5f8-443f-9e72-95d00c5fcac0@group-23B92AC0A246-LeaderElection42] INFO  grpc.GrpcConfigKeys (ConfUtils.java:logGet(46)) - raft.grpc.server.install_snapshot.request.timeout = 3000ms (default)
2024-03-11 08:35:24,098 [d81587eb-d5f8-443f-9e72-95d00c5fcac0@group-23B92AC0A246-LeaderElection42] INFO  grpc.GrpcConfigKeys (ConfUtils.java:logGet(46)) - raft.grpc.server.log-message.batch.duration = 5s (default)
2024-03-11 08:35:24,099 [d81587eb-d5f8-443f-9e72-95d00c5fcac0@group-23B92AC0A246-LeaderElection42] INFO  server.RaftServerConfigKeys (ConfUtils.java:logGet(46)) - raft.server.log.appender.install.snapshot.enabled = false (custom)
2024-03-11 08:35:24,099 [d81587eb-d5f8-443f-9e72-95d00c5fcac0@group-23B92AC0A246-LeaderElection42] INFO  grpc.GrpcConfigKeys (ConfUtils.java:logGet(46)) - raft.grpc.server.heartbeat.channel = true (default)
2024-03-11 08:35:24,099 [d81587eb-d5f8-443f-9e72-95d00c5fcac0@group-23B92AC0A246-LeaderElection42] INFO  impl.RoleInfo (RoleInfo.java:updateAndGet(139)) - d81587eb-d5f8-443f-9e72-95d00c5fcac0: start d81587eb-d5f8-443f-9e72-95d00c5fcac0@group-23B92AC0A246-LeaderStateImpl
2024-03-11 08:35:24,099 [d81587eb-d5f8-443f-9e72-95d00c5fcac0@group-23B92AC0A246-LeaderElection42] INFO  server.RaftServer$Division (RaftServerImpl.java:setFirstElection(574)) - d81587eb-d5f8-443f-9e72-95d00c5fcac0@group-23B92AC0A246: set firstElectionSinceStartup to false for becomeLeader
2024-03-11 08:35:24,099 [d81587eb-d5f8-443f-9e72-95d00c5fcac0@group-23B92AC0A246-LeaderElection42] INFO  ratis.XceiverServerRatis (XceiverServerRatis.java:handleLeaderChangedNotification(966)) - Leader change notification received for group: group-23B92AC0A246 with new leaderId: d81587eb-d5f8-443f-9e72-95d00c5fcac0
2024-03-11 08:35:24,099 [d81587eb-d5f8-443f-9e72-95d00c5fcac0@group-23B92AC0A246-LeaderElection42] INFO  server.RaftServer$Division (ServerState.java:setLeader(269)) - d81587eb-d5f8-443f-9e72-95d00c5fcac0@group-23B92AC0A246: change Leader from null to d81587eb-d5f8-443f-9e72-95d00c5fcac0 at term 1 for becomeLeader, leader elected after 5088ms
2024-03-11 08:35:24,099 [d81587eb-d5f8-443f-9e72-95d00c5fcac0@group-23B92AC0A246-LeaderElection42] INFO  segmented.SegmentedRaftLogWorker (SegmentedRaftLogWorker.java:startLogSegment(430)) - d81587eb-d5f8-443f-9e72-95d00c5fcac0@group-23B92AC0A246-SegmentedRaftLogWorker: Starting segment from index:0
2024-03-11 08:35:24,100 [d81587eb-d5f8-443f-9e72-95d00c5fcac0@group-23B92AC0A246-LeaderElection42] INFO  server.RaftServer$Division (ServerState.java:setRaftConf(386)) - d81587eb-d5f8-443f-9e72-95d00c5fcac0@group-23B92AC0A246: set configuration 0: peers:[d81587eb-d5f8-443f-9e72-95d00c5fcac0|10.1.0.9:15203, bdb70d2a-fd58-4276-89a5-31c459e859a0|10.1.0.9:15194, fe1a3415-0d95-46e3-9e86-5c0a6cba0e9b|10.1.0.9:15212]|listeners:[], old=null
2024-03-11 08:35:24,100 [d81587eb-d5f8-443f-9e72-95d00c5fcac0@group-23B92AC0A246-SegmentedRaftLogWorker] INFO  segmented.BufferedWriteChannel (BufferedWriteChannel.java:open(62)) - open log_inprogress_0 at position 0
2024-03-11 08:35:24,101 [EventQueue-OpenPipelineForHealthyPipelineSafeModeRule] INFO  safemode.SCMSafeModeManager (HealthyPipelineSafeModeRule.java:process(140)) - SCM in safe mode. Healthy pipelines reported count is 0, required healthy pipeline reported count is 1
2024-03-11 08:35:24,101 [EventQueue-PipelineReportForPipelineReportHandler] INFO  pipeline.PipelineReportHandler (PipelineReportHandler.java:processPipelineReport(136)) - Opened pipeline PipelineID=0a96e440-4e68-4c65-b468-23b92ac0a246
2024-03-11 08:35:24,101 [EventQueue-OpenPipelineForHealthyPipelineSafeModeRule] INFO  safemode.SCMSafeModeManager (HealthyPipelineSafeModeRule.java:process(140)) - SCM in safe mode. Healthy pipelines reported count is 1, required healthy pipeline reported count is 1
2024-03-11 08:35:24,101 [EventQueue-OpenPipelineForHealthyPipelineSafeModeRule] INFO  safemode.SCMSafeModeManager (SCMSafeModeManager.java:validateSafeModeExitRules(200)) - HealthyPipelineSafeModeRule rule is successfully validated
2024-03-11 08:35:24,101 [EventQueue-OpenPipelineForHealthyPipelineSafeModeRule] INFO  safemode.SCMSafeModeManager (SCMSafeModeManager.java:validateSafeModeExitRules(215)) - ScmSafeModeManager, all rules are successfully validated
2024-03-11 08:35:24,101 [EventQueue-OpenPipelineForHealthyPipelineSafeModeRule] INFO  safemode.SCMSafeModeManager (SCMSafeModeManager.java:exitSafeMode(244)) - SCM exiting safe mode.
2024-03-11 08:35:24,101 [EventQueue-OpenPipelineForHealthyPipelineSafeModeRule] INFO  ha.SCMContext (SCMContext.java:updateSafeModeStatus(225)) - Update SafeModeStatus from SafeModeStatus{safeModeStatus=true, preCheckPassed=true} to SafeModeStatus{safeModeStatus=false, preCheckPassed=true}.
2024-03-11 08:35:24,102 [EventQueue-OpenPipelineForHealthyPipelineSafeModeRule] INFO  pipeline.BackgroundPipelineCreator (BackgroundPipelineCreator.java:notifyStatusChanged(258)) - Service BackgroundPipelineCreator transitions to RUNNING.
2024-03-11 08:35:24,102 [EventQueue-OpenPipelineForHealthyPipelineSafeModeRule] INFO  BackgroundPipelineScrubber (BackgroundSCMService.java:notifyStatusChanged(79)) - Service BackgroundPipelineScrubber transitions to RUNNING.
2024-03-11 08:35:24,102 [EventQueue-OpenPipelineForHealthyPipelineSafeModeRule] INFO  ExpiredContainerReplicaOpScrubber (BackgroundSCMService.java:notifyStatusChanged(79)) - Service ExpiredContainerReplicaOpScrubber transitions to RUNNING.
2024-03-11 08:35:24,102 [EventQueue-OpenPipelineForHealthyPipelineSafeModeRule] INFO  block.SCMBlockDeletingService (SCMBlockDeletingService.java:notifyStatusChanged(247)) - notifyStatusChanged:RUNNING
2024-03-11 08:35:24,102 [EventQueue-OpenPipelineForHealthyPipelineSafeModeRule] INFO  replication.ReplicationManager (ReplicationManager.java:notifyStatusChanged(1403)) - Service ReplicationManager transitions to RUNNING.
2024-03-11 08:35:24,104 [EventQueue-OpenPipelineForHealthyPipelineSafeModeRule] WARN  balancer.ContainerBalancer (ContainerBalancer.java:shouldRun(134)) - Could not find persisted configuration for ContainerBalancer when checking if ContainerBalancer should run. ContainerBalancer should not run now.
2024-03-11 08:35:24,106 [fe1a3415-0d95-46e3-9e86-5c0a6cba0e9b-server-thread1] INFO  ratis.XceiverServerRatis (XceiverServerRatis.java:handleLeaderChangedNotification(966)) - Leader change notification received for group: group-23B92AC0A246 with new leaderId: d81587eb-d5f8-443f-9e72-95d00c5fcac0
2024-03-11 08:35:24,106 [fe1a3415-0d95-46e3-9e86-5c0a6cba0e9b-server-thread1] INFO  server.RaftServer$Division (ServerState.java:setLeader(269)) - fe1a3415-0d95-46e3-9e86-5c0a6cba0e9b@group-23B92AC0A246: change Leader from null to d81587eb-d5f8-443f-9e72-95d00c5fcac0 at term 1 for appendEntries, leader elected after 5067ms
2024-03-11 08:35:24,107 [bdb70d2a-fd58-4276-89a5-31c459e859a0-server-thread1] INFO  ratis.XceiverServerRatis (XceiverServerRatis.java:handleLeaderChangedNotification(966)) - Leader change notification received for group: group-23B92AC0A246 with new leaderId: d81587eb-d5f8-443f-9e72-95d00c5fcac0
2024-03-11 08:35:24,109 [bdb70d2a-fd58-4276-89a5-31c459e859a0-server-thread1] INFO  server.RaftServer$Division (ServerState.java:setLeader(269)) - bdb70d2a-fd58-4276-89a5-31c459e859a0@group-23B92AC0A246: change Leader from null to d81587eb-d5f8-443f-9e72-95d00c5fcac0 at term 1 for appendEntries, leader elected after 5111ms
2024-03-11 08:35:24,109 [fe1a3415-0d95-46e3-9e86-5c0a6cba0e9b-server-thread2] INFO  server.RaftServer$Division (ServerState.java:setRaftConf(386)) - fe1a3415-0d95-46e3-9e86-5c0a6cba0e9b@group-23B92AC0A246: set configuration 0: peers:[d81587eb-d5f8-443f-9e72-95d00c5fcac0|10.1.0.9:15203, bdb70d2a-fd58-4276-89a5-31c459e859a0|10.1.0.9:15194, fe1a3415-0d95-46e3-9e86-5c0a6cba0e9b|10.1.0.9:15212]|listeners:[], old=null
2024-03-11 08:35:24,110 [fe1a3415-0d95-46e3-9e86-5c0a6cba0e9b-server-thread2] INFO  segmented.SegmentedRaftLogWorker (SegmentedRaftLogWorker.java:startLogSegment(430)) - fe1a3415-0d95-46e3-9e86-5c0a6cba0e9b@group-23B92AC0A246-SegmentedRaftLogWorker: Starting segment from index:0
2024-03-11 08:35:24,109 [d81587eb-d5f8-443f-9e72-95d00c5fcac0@group-23B92AC0A246-SegmentedRaftLogWorker] INFO  segmented.SegmentedRaftLogWorker (SegmentedRaftLogWorker.java:execute(634)) - d81587eb-d5f8-443f-9e72-95d00c5fcac0@group-23B92AC0A246-SegmentedRaftLogWorker: created new log segment /home/runner/work/ozone/ozone/hadoop-ozone/integration-test/target/test-dir/MiniOzoneClusterImpl-c7fe89f3-570b-44cc-9eba-475ffdeb33a6/ozone-meta/datanode-2/ratis/0a96e440-4e68-4c65-b468-23b92ac0a246/current/log_inprogress_0
2024-03-11 08:35:24,112 [bdb70d2a-fd58-4276-89a5-31c459e859a0-server-thread2] INFO  server.RaftServer$Division (ServerState.java:setRaftConf(386)) - bdb70d2a-fd58-4276-89a5-31c459e859a0@group-23B92AC0A246: set configuration 0: peers:[d81587eb-d5f8-443f-9e72-95d00c5fcac0|10.1.0.9:15203, bdb70d2a-fd58-4276-89a5-31c459e859a0|10.1.0.9:15194, fe1a3415-0d95-46e3-9e86-5c0a6cba0e9b|10.1.0.9:15212]|listeners:[], old=null
2024-03-11 08:35:24,112 [fe1a3415-0d95-46e3-9e86-5c0a6cba0e9b@group-23B92AC0A246-SegmentedRaftLogWorker] INFO  segmented.BufferedWriteChannel (BufferedWriteChannel.java:open(62)) - open log_inprogress_0 at position 0
2024-03-11 08:35:24,113 [bdb70d2a-fd58-4276-89a5-31c459e859a0-server-thread2] INFO  segmented.SegmentedRaftLogWorker (SegmentedRaftLogWorker.java:startLogSegment(430)) - bdb70d2a-fd58-4276-89a5-31c459e859a0@group-23B92AC0A246-SegmentedRaftLogWorker: Starting segment from index:0
2024-03-11 08:35:24,113 [bdb70d2a-fd58-4276-89a5-31c459e859a0@group-23B92AC0A246-SegmentedRaftLogWorker] INFO  segmented.BufferedWriteChannel (BufferedWriteChannel.java:open(62)) - open log_inprogress_0 at position 0
2024-03-11 08:35:24,123 [bdb70d2a-fd58-4276-89a5-31c459e859a0@group-23B92AC0A246-SegmentedRaftLogWorker] INFO  segmented.SegmentedRaftLogWorker (SegmentedRaftLogWorker.java:execute(634)) - bdb70d2a-fd58-4276-89a5-31c459e859a0@group-23B92AC0A246-SegmentedRaftLogWorker: created new log segment /home/runner/work/ozone/ozone/hadoop-ozone/integration-test/target/test-dir/MiniOzoneClusterImpl-c7fe89f3-570b-44cc-9eba-475ffdeb33a6/ozone-meta/datanode-1/ratis/0a96e440-4e68-4c65-b468-23b92ac0a246/current/log_inprogress_0
2024-03-11 08:35:24,123 [fe1a3415-0d95-46e3-9e86-5c0a6cba0e9b@group-23B92AC0A246-SegmentedRaftLogWorker] INFO  segmented.SegmentedRaftLogWorker (SegmentedRaftLogWorker.java:execute(634)) - fe1a3415-0d95-46e3-9e86-5c0a6cba0e9b@group-23B92AC0A246-SegmentedRaftLogWorker: created new log segment /home/runner/work/ozone/ozone/hadoop-ozone/integration-test/target/test-dir/MiniOzoneClusterImpl-c7fe89f3-570b-44cc-9eba-475ffdeb33a6/ozone-meta/datanode-3/ratis/0a96e440-4e68-4c65-b468-23b92ac0a246/current/log_inprogress_0
2024-03-11 08:35:24,129 [d81587eb-d5f8-443f-9e72-95d00c5fcac0@group-23B92AC0A246-StateMachineUpdater] INFO  server.RaftServer$Division (LeaderStateImpl.java:isApplied(320)) - leader is ready since appliedIndex == 0 >= startIndex == 0
2024-03-11 08:35:24,147 [d81587eb-d5f8-443f-9e72-95d00c5fcac0@group-8C8D460C3D7E-FollowerState] INFO  impl.FollowerState (FollowerState.java:run(143)) - d81587eb-d5f8-443f-9e72-95d00c5fcac0@group-8C8D460C3D7E-FollowerState: change to CANDIDATE, lastRpcElapsedTime:5055175543ns, electionTimeout:5054ms
2024-03-11 08:35:24,147 [d81587eb-d5f8-443f-9e72-95d00c5fcac0@group-8C8D460C3D7E-FollowerState] INFO  impl.RoleInfo (RoleInfo.java:shutdownFollowerState(110)) - d81587eb-d5f8-443f-9e72-95d00c5fcac0: shutdown d81587eb-d5f8-443f-9e72-95d00c5fcac0@group-8C8D460C3D7E-FollowerState
2024-03-11 08:35:24,147 [d81587eb-d5f8-443f-9e72-95d00c5fcac0@group-8C8D460C3D7E-FollowerState] INFO  server.RaftServer$Division (RaftServerImpl.java:setRole(383)) - d81587eb-d5f8-443f-9e72-95d00c5fcac0@group-8C8D460C3D7E: changes role from  FOLLOWER to CANDIDATE at term 0 for changeToCandidate
2024-03-11 08:35:24,147 [d81587eb-d5f8-443f-9e72-95d00c5fcac0@group-8C8D460C3D7E-FollowerState] INFO  server.RaftServerConfigKeys (ConfUtils.java:logGet(46)) - raft.server.leaderelection.pre-vote = true (default)
2024-03-11 08:35:24,147 [d81587eb-d5f8-443f-9e72-95d00c5fcac0@group-8C8D460C3D7E-FollowerState] INFO  impl.RoleInfo (RoleInfo.java:updateAndGet(139)) - d81587eb-d5f8-443f-9e72-95d00c5fcac0: start d81587eb-d5f8-443f-9e72-95d00c5fcac0@group-8C8D460C3D7E-LeaderElection43
2024-03-11 08:35:24,149 [d81587eb-d5f8-443f-9e72-95d00c5fcac0@group-8C8D460C3D7E-LeaderElection43] INFO  impl.LeaderElection (LeaderElection.java:askForVotes(321)) - d81587eb-d5f8-443f-9e72-95d00c5fcac0@group-8C8D460C3D7E-LeaderElection43 PRE_VOTE round 0: submit vote requests at term 0 for -1: peers:[d81587eb-d5f8-443f-9e72-95d00c5fcac0|10.1.0.9:15203]|listeners:[], old=null
2024-03-11 08:35:24,149 [d81587eb-d5f8-443f-9e72-95d00c5fcac0@group-8C8D460C3D7E-LeaderElection43] INFO  impl.LeaderElection (LeaderElection.java:askForVotes(323)) - d81587eb-d5f8-443f-9e72-95d00c5fcac0@group-8C8D460C3D7E-LeaderElection43 PRE_VOTE round 0: result PASSED (term=0)
2024-03-11 08:35:24,150 [d81587eb-d5f8-443f-9e72-95d00c5fcac0@group-8C8D460C3D7E-LeaderElection43] INFO  impl.LeaderElection (LeaderElection.java:askForVotes(321)) - d81587eb-d5f8-443f-9e72-95d00c5fcac0@group-8C8D460C3D7E-LeaderElection43 ELECTION round 0: submit vote requests at term 1 for -1: peers:[d81587eb-d5f8-443f-9e72-95d00c5fcac0|10.1.0.9:15203]|listeners:[], old=null
2024-03-11 08:35:24,150 [d81587eb-d5f8-443f-9e72-95d00c5fcac0@group-8C8D460C3D7E-LeaderElection43] INFO  impl.LeaderElection (LeaderElection.java:askForVotes(323)) - d81587eb-d5f8-443f-9e72-95d00c5fcac0@group-8C8D460C3D7E-LeaderElection43 ELECTION round 0: result PASSED (term=1)
2024-03-11 08:35:24,150 [d81587eb-d5f8-443f-9e72-95d00c5fcac0@group-8C8D460C3D7E-LeaderElection43] INFO  impl.RoleInfo (RoleInfo.java:shutdownLeaderElection(130)) - d81587eb-d5f8-443f-9e72-95d00c5fcac0: shutdown d81587eb-d5f8-443f-9e72-95d00c5fcac0@group-8C8D460C3D7E-LeaderElection43
2024-03-11 08:35:24,150 [d81587eb-d5f8-443f-9e72-95d00c5fcac0@group-8C8D460C3D7E-LeaderElection43] INFO  server.RaftServer$Division (RaftServerImpl.java:setRole(383)) - d81587eb-d5f8-443f-9e72-95d00c5fcac0@group-8C8D460C3D7E: changes role from CANDIDATE to LEADER at term 1 for changeToLeader
2024-03-11 08:35:24,150 [d81587eb-d5f8-443f-9e72-95d00c5fcac0@group-8C8D460C3D7E-LeaderElection43] INFO  server.RaftServerConfigKeys (ConfUtils.java:logGet(46)) - raft.server.staging.catchup.gap = 1000 (default)
2024-03-11 08:35:24,150 [d81587eb-d5f8-443f-9e72-95d00c5fcac0@group-8C8D460C3D7E-LeaderElection43] INFO  server.RaftServerConfigKeys (ConfUtils.java:logGet(46)) - raft.server.write.element-limit = 1024 (custom)
2024-03-11 08:35:24,150 [d81587eb-d5f8-443f-9e72-95d00c5fcac0@group-8C8D460C3D7E-LeaderElection43] INFO  server.RaftServerConfigKeys (ConfUtils.java:logGet(46)) - raft.server.write.byte-limit = 1024 M (=1073741824) (custom)
2024-03-11 08:35:24,150 [d81587eb-d5f8-443f-9e72-95d00c5fcac0@group-8C8D460C3D7E-LeaderElection43] INFO  server.RaftServerConfigKeys (ConfUtils.java:logGet(46)) - raft.server.watch.timeout = 180s (custom)
2024-03-11 08:35:24,150 [d81587eb-d5f8-443f-9e72-95d00c5fcac0@group-8C8D460C3D7E-LeaderElection43] INFO  server.RaftServerConfigKeys (ConfUtils.java:logGet(46)) - raft.server.watch.timeout.denomination = 1s (default)
2024-03-11 08:35:24,150 [d81587eb-d5f8-443f-9e72-95d00c5fcac0@group-8C8D460C3D7E-LeaderElection43] INFO  server.RaftServerConfigKeys (ConfUtils.java:logGet(46)) - raft.server.watch.element-limit = 65536 (default)
2024-03-11 08:35:24,150 [d81587eb-d5f8-443f-9e72-95d00c5fcac0@group-8C8D460C3D7E-LeaderElection43] INFO  server.RaftServerConfigKeys (ConfUtils.java:logGet(46)) - raft.server.read.leader.lease.enabled = false (default)
2024-03-11 08:35:24,150 [d81587eb-d5f8-443f-9e72-95d00c5fcac0@group-8C8D460C3D7E-LeaderElection43] INFO  server.RaftServerConfigKeys (ConfUtils.java:logGet(46)) - raft.server.read.leader.lease.timeout.ratio = 0.9 (default)
2024-03-11 08:35:24,150 [d81587eb-d5f8-443f-9e72-95d00c5fcac0@group-8C8D460C3D7E-LeaderElection43] INFO  server.RaftServerConfigKeys (ConfUtils.java:logGet(46)) - raft.server.rpc.timeout.min = 5s (custom)
2024-03-11 08:35:24,150 [d81587eb-d5f8-443f-9e72-95d00c5fcac0@group-8C8D460C3D7E-LeaderElection43] INFO  server.RaftServerConfigKeys (ConfUtils.java:logGet(46)) - raft.server.write.element-limit = 1024 (custom)
2024-03-11 08:35:24,150 [d81587eb-d5f8-443f-9e72-95d00c5fcac0@group-8C8D460C3D7E-LeaderElection43] INFO  server.RaftServerConfigKeys (ConfUtils.java:logGet(46)) - raft.server.write.follower.gap.ratio.max = -1.0 (default)
2024-03-11 08:35:24,150 [d81587eb-d5f8-443f-9e72-95d00c5fcac0@group-8C8D460C3D7E-LeaderElection43] INFO  impl.RoleInfo (RoleInfo.java:updateAndGet(139)) - d81587eb-d5f8-443f-9e72-95d00c5fcac0: start d81587eb-d5f8-443f-9e72-95d00c5fcac0@group-8C8D460C3D7E-LeaderStateImpl
2024-03-11 08:35:24,150 [d81587eb-d5f8-443f-9e72-95d00c5fcac0@group-8C8D460C3D7E-LeaderElection43] INFO  server.RaftServer$Division (RaftServerImpl.java:setFirstElection(574)) - d81587eb-d5f8-443f-9e72-95d00c5fcac0@group-8C8D460C3D7E: set firstElectionSinceStartup to false for becomeLeader
2024-03-11 08:35:24,151 [d81587eb-d5f8-443f-9e72-95d00c5fcac0@group-8C8D460C3D7E-LeaderElection43] INFO  ratis.XceiverServerRatis (XceiverServerRatis.java:handleLeaderChangedNotification(966)) - Leader change notification received for group: group-8C8D460C3D7E with new leaderId: d81587eb-d5f8-443f-9e72-95d00c5fcac0
2024-03-11 08:35:24,151 [d81587eb-d5f8-443f-9e72-95d00c5fcac0@group-8C8D460C3D7E-LeaderElection43] INFO  server.RaftServer$Division (ServerState.java:setLeader(269)) - d81587eb-d5f8-443f-9e72-95d00c5fcac0@group-8C8D460C3D7E: change Leader from null to d81587eb-d5f8-443f-9e72-95d00c5fcac0 at term 1 for becomeLeader, leader elected after 5080ms
2024-03-11 08:35:24,151 [d81587eb-d5f8-443f-9e72-95d00c5fcac0@group-8C8D460C3D7E-LeaderElection43] INFO  segmented.SegmentedRaftLogWorker (SegmentedRaftLogWorker.java:startLogSegment(430)) - d81587eb-d5f8-443f-9e72-95d00c5fcac0@group-8C8D460C3D7E-SegmentedRaftLogWorker: Starting segment from index:0
2024-03-11 08:35:24,151 [d81587eb-d5f8-443f-9e72-95d00c5fcac0@group-8C8D460C3D7E-SegmentedRaftLogWorker] INFO  segmented.BufferedWriteChannel (BufferedWriteChannel.java:open(62)) - open log_inprogress_0 at position 0
2024-03-11 08:35:24,153 [d81587eb-d5f8-443f-9e72-95d00c5fcac0@group-8C8D460C3D7E-LeaderElection43] INFO  server.RaftServer$Division (ServerState.java:setRaftConf(386)) - d81587eb-d5f8-443f-9e72-95d00c5fcac0@group-8C8D460C3D7E: set configuration 0: peers:[d81587eb-d5f8-443f-9e72-95d00c5fcac0|10.1.0.9:15203]|listeners:[], old=null
2024-03-11 08:35:24,159 [d81587eb-d5f8-443f-9e72-95d00c5fcac0@group-8C8D460C3D7E-SegmentedRaftLogWorker] INFO  segmented.SegmentedRaftLogWorker (SegmentedRaftLogWorker.java:execute(634)) - d81587eb-d5f8-443f-9e72-95d00c5fcac0@group-8C8D460C3D7E-SegmentedRaftLogWorker: created new log segment /home/runner/work/ozone/ozone/hadoop-ozone/integration-test/target/test-dir/MiniOzoneClusterImpl-c7fe89f3-570b-44cc-9eba-475ffdeb33a6/ozone-meta/datanode-2/ratis/851ad229-692b-4c6a-bc9a-8c8d460c3d7e/current/log_inprogress_0
2024-03-11 08:35:24,160 [d81587eb-d5f8-443f-9e72-95d00c5fcac0@group-8C8D460C3D7E-StateMachineUpdater] INFO  server.RaftServer$Division (LeaderStateImpl.java:isApplied(320)) - leader is ready since appliedIndex == 0 >= startIndex == 0
2024-03-11 08:35:24,202 [main] INFO  ozone.MiniOzoneClusterImpl (MiniOzoneClusterImpl.java:lambda$waitForClusterToBeReady$0(194)) - Nodes are ready. Got 3 of 3 DN Heartbeats.
2024-03-11 08:35:24,203 [main] INFO  ozone.MiniOzoneClusterImpl (MiniOzoneClusterImpl.java:lambda$waitForClusterToBeReady$0(197)) - Cluster exits safe mode
2024-03-11 08:35:24,203 [main] INFO  ozone.MiniOzoneClusterImpl (MiniOzoneClusterImpl.java:lambda$waitForClusterToBeReady$0(199)) - SCM became leader
2024-03-11 08:35:24,204 [main] INFO  protocolPB.OmTransportFactory (OmTransportFactory.java:createFactory(62)) - Loading OM transport implementation org.apache.hadoop.ozone.om.protocolPB.Hadoop3OmTransportFactory as specified by configuration.
2024-03-11 08:35:24,213 [main] INFO  om.TestOzoneManagerPrepare (TestOzoneManagerPrepare.java:setup(101)) - Waiting for OM leader election
2024-03-11 08:35:24,214 [bdb70d2a-fd58-4276-89a5-31c459e859a0@group-F9791BAE746C-FollowerState] INFO  impl.FollowerState (FollowerState.java:run(143)) - bdb70d2a-fd58-4276-89a5-31c459e859a0@group-F9791BAE746C-FollowerState: change to CANDIDATE, lastRpcElapsedTime:5145383024ns, electionTimeout:5144ms
2024-03-11 08:35:24,214 [bdb70d2a-fd58-4276-89a5-31c459e859a0@group-F9791BAE746C-FollowerState] INFO  impl.RoleInfo (RoleInfo.java:shutdownFollowerState(110)) - bdb70d2a-fd58-4276-89a5-31c459e859a0: shutdown bdb70d2a-fd58-4276-89a5-31c459e859a0@group-F9791BAE746C-FollowerState
2024-03-11 08:35:24,214 [bdb70d2a-fd58-4276-89a5-31c459e859a0@group-F9791BAE746C-FollowerState] INFO  server.RaftServer$Division (RaftServerImpl.java:setRole(383)) - bdb70d2a-fd58-4276-89a5-31c459e859a0@group-F9791BAE746C: changes role from  FOLLOWER to CANDIDATE at term 0 for changeToCandidate
2024-03-11 08:35:24,215 [bdb70d2a-fd58-4276-89a5-31c459e859a0@group-F9791BAE746C-FollowerState] INFO  server.RaftServerConfigKeys (ConfUtils.java:logGet(46)) - raft.server.leaderelection.pre-vote = true (default)
2024-03-11 08:35:24,215 [bdb70d2a-fd58-4276-89a5-31c459e859a0@group-F9791BAE746C-FollowerState] INFO  impl.RoleInfo (RoleInfo.java:updateAndGet(139)) - bdb70d2a-fd58-4276-89a5-31c459e859a0: start bdb70d2a-fd58-4276-89a5-31c459e859a0@group-F9791BAE746C-LeaderElection44
2024-03-11 08:35:24,220 [bdb70d2a-fd58-4276-89a5-31c459e859a0@group-F9791BAE746C-LeaderElection44] INFO  impl.LeaderElection (LeaderElection.java:askForVotes(321)) - bdb70d2a-fd58-4276-89a5-31c459e859a0@group-F9791BAE746C-LeaderElection44 PRE_VOTE round 0: submit vote requests at term 0 for -1: peers:[d81587eb-d5f8-443f-9e72-95d00c5fcac0|10.1.0.9:15203, bdb70d2a-fd58-4276-89a5-31c459e859a0|10.1.0.9:15194, fe1a3415-0d95-46e3-9e86-5c0a6cba0e9b|10.1.0.9:15212]|listeners:[], old=null
2024-03-11 08:35:24,220 [bdb70d2a-fd58-4276-89a5-31c459e859a0@group-F9791BAE746C-LeaderElection44] INFO  server.RaftServerConfigKeys (ConfUtils.java:logFallback(53)) - raft.server.rpc.first-election.timeout.min = 5s (fallback to raft.server.rpc.timeout.min)
2024-03-11 08:35:24,221 [bdb70d2a-fd58-4276-89a5-31c459e859a0@group-F9791BAE746C-LeaderElection44] INFO  server.RaftServerConfigKeys (ConfUtils.java:logFallback(53)) - raft.server.rpc.first-election.timeout.max = 5200ms (fallback to raft.server.rpc.timeout.max)
2024-03-11 08:35:24,222 [grpc-default-executor-0] INFO  server.RaftServer$Division (RaftServerImpl.java:requestVote(1389)) - fe1a3415-0d95-46e3-9e86-5c0a6cba0e9b@group-F9791BAE746C: receive requestVote(PRE_VOTE, bdb70d2a-fd58-4276-89a5-31c459e859a0, group-F9791BAE746C, 0, (t:0, i:0))
2024-03-11 08:35:24,222 [grpc-default-executor-0] INFO  impl.VoteContext (VoteContext.java:log(49)) - fe1a3415-0d95-46e3-9e86-5c0a6cba0e9b@group-F9791BAE746C-FOLLOWER: reject PRE_VOTE from bdb70d2a-fd58-4276-89a5-31c459e859a0: our priority 1 > candidate's priority 0
2024-03-11 08:35:24,222 [grpc-default-executor-0] INFO  server.RaftServer$Division (RaftServerImpl.java:requestVote(1422)) - fe1a3415-0d95-46e3-9e86-5c0a6cba0e9b@group-F9791BAE746C replies to PRE_VOTE vote request: bdb70d2a-fd58-4276-89a5-31c459e859a0<-fe1a3415-0d95-46e3-9e86-5c0a6cba0e9b#0:FAIL-t0. Peer's state: fe1a3415-0d95-46e3-9e86-5c0a6cba0e9b@group-F9791BAE746C:t0, leader=null, voted=, raftlog=Memoized:fe1a3415-0d95-46e3-9e86-5c0a6cba0e9b@group-F9791BAE746C-SegmentedRaftLog:OPENED:c-1, conf=-1: peers:[d81587eb-d5f8-443f-9e72-95d00c5fcac0|10.1.0.9:15203, bdb70d2a-fd58-4276-89a5-31c459e859a0|10.1.0.9:15194, fe1a3415-0d95-46e3-9e86-5c0a6cba0e9b|10.1.0.9:15212]|listeners:[], old=null
2024-03-11 08:35:24,222 [omNode-1-OMStateMachineApplyTransactionThread - 0] INFO  upgrade.OMCancelPrepareRequest (OMCancelPrepareRequest.java:validateAndUpdateCache(54)) - OM omNode-1 Received cancel prepare request with log (t:1, i:1)
2024-03-11 08:35:24,223 [omNode-1-OMStateMachineApplyTransactionThread - 0] INFO  upgrade.OMCancelPrepareRequest (OMCancelPrepareRequest.java:validateAndUpdateCache(82)) - OM omNode-1 prepare state cancelled at log (t:1, i:1). Returning response 
2024-03-11 08:35:24,223 [grpc-default-executor-2] INFO  server.RaftServer$Division (RaftServerImpl.java:requestVote(1389)) - d81587eb-d5f8-443f-9e72-95d00c5fcac0@group-F9791BAE746C: receive requestVote(PRE_VOTE, bdb70d2a-fd58-4276-89a5-31c459e859a0, group-F9791BAE746C, 0, (t:0, i:0))
2024-03-11 08:35:24,224 [omNode-2-OMStateMachineApplyTransactionThread - 0] INFO  upgrade.OMCancelPrepareRequest (OMCancelPrepareRequest.java:validateAndUpdateCache(54)) - OM omNode-2 Received cancel prepare request with log (t:1, i:1)
2024-03-11 08:35:24,224 [grpc-default-executor-2] INFO  impl.VoteContext (VoteContext.java:log(49)) - d81587eb-d5f8-443f-9e72-95d00c5fcac0@group-F9791BAE746C-FOLLOWER: accept PRE_VOTE from bdb70d2a-fd58-4276-89a5-31c459e859a0: our priority 0 <= candidate's priority 0
2024-03-11 08:35:24,225 [grpc-default-executor-2] INFO  server.RaftServer$Division (RaftServerImpl.java:requestVote(1422)) - d81587eb-d5f8-443f-9e72-95d00c5fcac0@group-F9791BAE746C replies to PRE_VOTE vote request: bdb70d2a-fd58-4276-89a5-31c459e859a0<-d81587eb-d5f8-443f-9e72-95d00c5fcac0#0:OK-t0. Peer's state: d81587eb-d5f8-443f-9e72-95d00c5fcac0@group-F9791BAE746C:t0, leader=null, voted=, raftlog=Memoized:d81587eb-d5f8-443f-9e72-95d00c5fcac0@group-F9791BAE746C-SegmentedRaftLog:OPENED:c-1, conf=-1: peers:[d81587eb-d5f8-443f-9e72-95d00c5fcac0|10.1.0.9:15203, bdb70d2a-fd58-4276-89a5-31c459e859a0|10.1.0.9:15194, fe1a3415-0d95-46e3-9e86-5c0a6cba0e9b|10.1.0.9:15212]|listeners:[], old=null
2024-03-11 08:35:24,225 [omNode-3-OMStateMachineApplyTransactionThread - 0] INFO  upgrade.OMCancelPrepareRequest (OMCancelPrepareRequest.java:validateAndUpdateCache(54)) - OM omNode-3 Received cancel prepare request with log (t:1, i:1)
2024-03-11 08:35:24,225 [bdb70d2a-fd58-4276-89a5-31c459e859a0@group-F9791BAE746C-LeaderElection44] INFO  impl.LeaderElection (LeaderElection.java:logAndReturn(89)) - bdb70d2a-fd58-4276-89a5-31c459e859a0@group-F9791BAE746C-LeaderElection44: PRE_VOTE REJECTED received 1 response(s) and 0 exception(s):
2024-03-11 08:35:24,226 [main] INFO  rpc.RpcClient (RpcClient.java:createVolume(465)) - Creating Volume: vol, with runner as owner and space quota set to -1 bytes, counts quota set to -1
2024-03-11 08:35:24,229 [bdb70d2a-fd58-4276-89a5-31c459e859a0@group-F9791BAE746C-LeaderElection44] INFO  impl.LeaderElection (LeaderElection.java:logAndReturn(93)) -   Response 0: bdb70d2a-fd58-4276-89a5-31c459e859a0<-fe1a3415-0d95-46e3-9e86-5c0a6cba0e9b#0:FAIL-t0
2024-03-11 08:35:24,229 [bdb70d2a-fd58-4276-89a5-31c459e859a0@group-F9791BAE746C-LeaderElection44] INFO  impl.LeaderElection (LeaderElection.java:askForVotes(323)) - bdb70d2a-fd58-4276-89a5-31c459e859a0@group-F9791BAE746C-LeaderElection44 PRE_VOTE round 0: result REJECTED
2024-03-11 08:35:24,229 [bdb70d2a-fd58-4276-89a5-31c459e859a0@group-F9791BAE746C-LeaderElection44] INFO  server.RaftServer$Division (RaftServerImpl.java:setRole(383)) - bdb70d2a-fd58-4276-89a5-31c459e859a0@group-F9791BAE746C: changes role from CANDIDATE to FOLLOWER at term 0 for REJECTED
2024-03-11 08:35:24,229 [bdb70d2a-fd58-4276-89a5-31c459e859a0@group-F9791BAE746C-LeaderElection44] INFO  impl.RoleInfo (RoleInfo.java:shutdownLeaderElection(130)) - bdb70d2a-fd58-4276-89a5-31c459e859a0: shutdown bdb70d2a-fd58-4276-89a5-31c459e859a0@group-F9791BAE746C-LeaderElection44
2024-03-11 08:35:24,229 [bdb70d2a-fd58-4276-89a5-31c459e859a0@group-F9791BAE746C-LeaderElection44] INFO  impl.RoleInfo (RoleInfo.java:updateAndGet(139)) - bdb70d2a-fd58-4276-89a5-31c459e859a0: start bdb70d2a-fd58-4276-89a5-31c459e859a0@group-F9791BAE746C-FollowerState
2024-03-11 08:35:24,229 [bdb70d2a-fd58-4276-89a5-31c459e859a0@group-F9791BAE746C-LeaderElection44] INFO  server.RaftServer$Division (RaftServerImpl.java:setFirstElection(574)) - bdb70d2a-fd58-4276-89a5-31c459e859a0@group-F9791BAE746C: set firstElectionSinceStartup to false for REJECTED
2024-03-11 08:35:24,232 [omNode-3-OMStateMachineApplyTransactionThread - 0] INFO  upgrade.OMCancelPrepareRequest (OMCancelPrepareRequest.java:validateAndUpdateCache(82)) - OM omNode-3 prepare state cancelled at log (t:1, i:1). Returning response 
2024-03-11 08:35:24,232 [omNode-2-OMStateMachineApplyTransactionThread - 0] INFO  upgrade.OMCancelPrepareRequest (OMCancelPrepareRequest.java:validateAndUpdateCache(82)) - OM omNode-2 prepare state cancelled at log (t:1, i:1). Returning response 
2024-03-11 08:35:24,235 [omNode-1-OMStateMachineApplyTransactionThread - 0] INFO  volume.OMVolumeCreateRequest (OMVolumeCreateRequest.java:validateAndUpdateCache(198)) - created volume:vol for user:runner
2024-03-11 08:35:24,236 [omNode-2-OMStateMachineApplyTransactionThread - 0] INFO  volume.OMVolumeCreateRequest (OMVolumeCreateRequest.java:validateAndUpdateCache(198)) - created volume:vol for user:runner
2024-03-11 08:35:24,241 [omNode-3-OMStateMachineApplyTransactionThread - 0] INFO  volume.OMVolumeCreateRequest (OMVolumeCreateRequest.java:validateAndUpdateCache(198)) - created volume:vol for user:runner
2024-03-11 08:35:24,248 [main] INFO  rpc.RpcClient (RpcClient.java:createVolume(465)) - Creating Volume: volume0da5543e-3d35-4aba-be8f-ba39d39007f8, with runner as owner and space quota set to -1 bytes, counts quota set to -1
2024-03-11 08:35:24,252 [omNode-1-OMStateMachineApplyTransactionThread - 0] INFO  volume.OMVolumeCreateRequest (OMVolumeCreateRequest.java:validateAndUpdateCache(198)) - created volume:volume0da5543e-3d35-4aba-be8f-ba39d39007f8 for user:runner
2024-03-11 08:35:24,252 [omNode-2-OMStateMachineApplyTransactionThread - 0] INFO  volume.OMVolumeCreateRequest (OMVolumeCreateRequest.java:validateAndUpdateCache(198)) - created volume:volume0da5543e-3d35-4aba-be8f-ba39d39007f8 for user:runner
2024-03-11 08:35:24,253 [omNode-3-OMStateMachineApplyTransactionThread - 0] INFO  volume.OMVolumeCreateRequest (OMVolumeCreateRequest.java:validateAndUpdateCache(198)) - created volume:volume0da5543e-3d35-4aba-be8f-ba39d39007f8 for user:runner
2024-03-11 08:35:24,254 [main] INFO  rpc.RpcClient (RpcClient.java:createBucket(691)) - Creating Bucket: volume0da5543e-3d35-4aba-be8f-ba39d39007f8/bucket, with server-side default bucket layout, runner as owner, Versioning false, Storage Type set to DISK and Encryption set to false, Replication Type set to server-side default replication type, Namespace Quota set to -1, Space Quota set to -1 
2024-03-11 08:35:24,258 [omNode-1-OMStateMachineApplyTransactionThread - 0] INFO  bucket.OMBucketCreateRequest (OMBucketCreateRequest.java:validateAndUpdateCache(292)) - created bucket: bucket of layout OBJECT_STORE in volume: volume0da5543e-3d35-4aba-be8f-ba39d39007f8
2024-03-11 08:35:24,258 [omNode-2-OMStateMachineApplyTransactionThread - 0] INFO  bucket.OMBucketCreateRequest (OMBucketCreateRequest.java:validateAndUpdateCache(292)) - created bucket: bucket of layout OBJECT_STORE in volume: volume0da5543e-3d35-4aba-be8f-ba39d39007f8
2024-03-11 08:35:24,260 [omNode-3-OMStateMachineApplyTransactionThread - 0] INFO  bucket.OMBucketCreateRequest (OMBucketCreateRequest.java:validateAndUpdateCache(292)) - created bucket: bucket of layout OBJECT_STORE in volume: volume0da5543e-3d35-4aba-be8f-ba39d39007f8
2024-03-11 08:35:24,266 [d81587eb-d5f8-443f-9e72-95d00c5fcac0@group-F9791BAE746C-FollowerState] INFO  server.RaftServerConfigKeys (ConfUtils.java:logFallback(53)) - raft.server.rpc.first-election.timeout.min = 5s (fallback to raft.server.rpc.timeout.min)
2024-03-11 08:35:24,266 [d81587eb-d5f8-443f-9e72-95d00c5fcac0@group-F9791BAE746C-FollowerState] INFO  server.RaftServerConfigKeys (ConfUtils.java:logFallback(53)) - raft.server.rpc.first-election.timeout.max = 5200ms (fallback to raft.server.rpc.timeout.max)
2024-03-11 08:35:24,277 [IPC Server handler 6 on default port 15173] INFO  ha.SequenceIdGenerator (SequenceIdGenerator.java:getNextId(145)) - Allocate a batch for containerId, change lastId from 0 to 1000.
2024-03-11 08:35:24,277 [IPC Server handler 6 on default port 15173] WARN  ha.SequenceIdGenerator (SequenceIdGenerator.java:allocateBatch(258)) - Failed to allocate a batch for localId, expected lastId is 0, actual lastId is 113750153625600000.
2024-03-11 08:35:24,278 [IPC Server handler 6 on default port 15173] INFO  ha.SequenceIdGenerator (SequenceIdGenerator.java:getNextId(145)) - Allocate a batch for localId, change lastId from 113750153625600000 to 113750153625601000.
2024-03-11 08:35:24,304 [fe1a3415-0d95-46e3-9e86-5c0a6cba0e9b@group-F9791BAE746C-FollowerState] INFO  impl.FollowerState (FollowerState.java:run(143)) - fe1a3415-0d95-46e3-9e86-5c0a6cba0e9b@group-F9791BAE746C-FollowerState: change to CANDIDATE, lastRpcElapsedTime:5196455393ns, electionTimeout:5195ms
2024-03-11 08:35:24,304 [fe1a3415-0d95-46e3-9e86-5c0a6cba0e9b@group-F9791BAE746C-FollowerState] INFO  impl.RoleInfo (RoleInfo.java:shutdownFollowerState(110)) - fe1a3415-0d95-46e3-9e86-5c0a6cba0e9b: shutdown fe1a3415-0d95-46e3-9e86-5c0a6cba0e9b@group-F9791BAE746C-FollowerState
2024-03-11 08:35:24,304 [fe1a3415-0d95-46e3-9e86-5c0a6cba0e9b@group-F9791BAE746C-FollowerState] INFO  server.RaftServer$Division (RaftServerImpl.java:setRole(383)) - fe1a3415-0d95-46e3-9e86-5c0a6cba0e9b@group-F9791BAE746C: changes role from  FOLLOWER to CANDIDATE at term 0 for changeToCandidate
2024-03-11 08:35:24,304 [fe1a3415-0d95-46e3-9e86-5c0a6cba0e9b@group-F9791BAE746C-FollowerState] INFO  server.RaftServerConfigKeys (ConfUtils.java:logGet(46)) - raft.server.leaderelection.pre-vote = true (default)
2024-03-11 08:35:24,304 [fe1a3415-0d95-46e3-9e86-5c0a6cba0e9b@group-F9791BAE746C-FollowerState] INFO  impl.RoleInfo (RoleInfo.java:updateAndGet(139)) - fe1a3415-0d95-46e3-9e86-5c0a6cba0e9b: start fe1a3415-0d95-46e3-9e86-5c0a6cba0e9b@group-F9791BAE746C-LeaderElection45
2024-03-11 08:35:24,304 [fe1a3415-0d95-46e3-9e86-5c0a6cba0e9b@group-F9791BAE746C-LeaderElection45] INFO  impl.LeaderElection (LeaderElection.java:askForVotes(321)) - fe1a3415-0d95-46e3-9e86-5c0a6cba0e9b@group-F9791BAE746C-LeaderElection45 PRE_VOTE round 0: submit vote requests at term 0 for -1: peers:[d81587eb-d5f8-443f-9e72-95d00c5fcac0|10.1.0.9:15203, bdb70d2a-fd58-4276-89a5-31c459e859a0|10.1.0.9:15194, fe1a3415-0d95-46e3-9e86-5c0a6cba0e9b|10.1.0.9:15212]|listeners:[], old=null
2024-03-11 08:35:24,305 [fe1a3415-0d95-46e3-9e86-5c0a6cba0e9b@group-F9791BAE746C-LeaderElection45] INFO  server.RaftServerConfigKeys (ConfUtils.java:logFallback(53)) - raft.server.rpc.first-election.timeout.min = 5s (fallback to raft.server.rpc.timeout.min)
2024-03-11 08:35:24,305 [fe1a3415-0d95-46e3-9e86-5c0a6cba0e9b@group-F9791BAE746C-LeaderElection45-2] INFO  server.GrpcServerProtocolClient (GrpcServerProtocolClient.java:<init>(65)) - Build channel for bdb70d2a-fd58-4276-89a5-31c459e859a0|10.1.0.9:15194
2024-03-11 08:35:24,305 [fe1a3415-0d95-46e3-9e86-5c0a6cba0e9b@group-F9791BAE746C-LeaderElection45-1] INFO  server.GrpcServerProtocolClient (GrpcServerProtocolClient.java:<init>(65)) - Build channel for d81587eb-d5f8-443f-9e72-95d00c5fcac0|10.1.0.9:15203
2024-03-11 08:35:24,305 [fe1a3415-0d95-46e3-9e86-5c0a6cba0e9b@group-F9791BAE746C-LeaderElection45] INFO  server.RaftServerConfigKeys (ConfUtils.java:logFallback(53)) - raft.server.rpc.first-election.timeout.max = 5200ms (fallback to raft.server.rpc.timeout.max)
2024-03-11 08:35:24,312 [grpc-default-executor-0] INFO  server.RaftServer$Division (RaftServerImpl.java:requestVote(1389)) - bdb70d2a-fd58-4276-89a5-31c459e859a0@group-F9791BAE746C: receive requestVote(PRE_VOTE, fe1a3415-0d95-46e3-9e86-5c0a6cba0e9b, group-F9791BAE746C, 0, (t:0, i:0))
2024-03-11 08:35:24,313 [grpc-default-executor-0] INFO  impl.VoteContext (VoteContext.java:log(49)) - bdb70d2a-fd58-4276-89a5-31c459e859a0@group-F9791BAE746C-FOLLOWER: accept PRE_VOTE from fe1a3415-0d95-46e3-9e86-5c0a6cba0e9b: our priority 0 <= candidate's priority 1
2024-03-11 08:35:24,313 [grpc-default-executor-0] INFO  server.RaftServer$Division (RaftServerImpl.java:requestVote(1422)) - bdb70d2a-fd58-4276-89a5-31c459e859a0@group-F9791BAE746C replies to PRE_VOTE vote request: fe1a3415-0d95-46e3-9e86-5c0a6cba0e9b<-bdb70d2a-fd58-4276-89a5-31c459e859a0#0:OK-t0. Peer's state: bdb70d2a-fd58-4276-89a5-31c459e859a0@group-F9791BAE746C:t0, leader=null, voted=, raftlog=Memoized:bdb70d2a-fd58-4276-89a5-31c459e859a0@group-F9791BAE746C-SegmentedRaftLog:OPENED:c-1, conf=-1: peers:[d81587eb-d5f8-443f-9e72-95d00c5fcac0|10.1.0.9:15203, bdb70d2a-fd58-4276-89a5-31c459e859a0|10.1.0.9:15194, fe1a3415-0d95-46e3-9e86-5c0a6cba0e9b|10.1.0.9:15212]|listeners:[], old=null
2024-03-11 08:35:24,313 [grpc-default-executor-0] INFO  server.RaftServer$Division (RaftServerImpl.java:requestVote(1389)) - d81587eb-d5f8-443f-9e72-95d00c5fcac0@group-F9791BAE746C: receive requestVote(PRE_VOTE, fe1a3415-0d95-46e3-9e86-5c0a6cba0e9b, group-F9791BAE746C, 0, (t:0, i:0))
2024-03-11 08:35:24,314 [grpc-default-executor-0] INFO  impl.VoteContext (VoteContext.java:log(49)) - d81587eb-d5f8-443f-9e72-95d00c5fcac0@group-F9791BAE746C-FOLLOWER: accept PRE_VOTE from fe1a3415-0d95-46e3-9e86-5c0a6cba0e9b: our priority 0 <= candidate's priority 1
2024-03-11 08:35:24,314 [grpc-default-executor-0] INFO  server.RaftServer$Division (RaftServerImpl.java:requestVote(1422)) - d81587eb-d5f8-443f-9e72-95d00c5fcac0@group-F9791BAE746C replies to PRE_VOTE vote request: fe1a3415-0d95-46e3-9e86-5c0a6cba0e9b<-d81587eb-d5f8-443f-9e72-95d00c5fcac0#0:OK-t0. Peer's state: d81587eb-d5f8-443f-9e72-95d00c5fcac0@group-F9791BAE746C:t0, leader=null, voted=, raftlog=Memoized:d81587eb-d5f8-443f-9e72-95d00c5fcac0@group-F9791BAE746C-SegmentedRaftLog:OPENED:c-1, conf=-1: peers:[d81587eb-d5f8-443f-9e72-95d00c5fcac0|10.1.0.9:15203, bdb70d2a-fd58-4276-89a5-31c459e859a0|10.1.0.9:15194, fe1a3415-0d95-46e3-9e86-5c0a6cba0e9b|10.1.0.9:15212]|listeners:[], old=null
2024-03-11 08:35:24,314 [fe1a3415-0d95-46e3-9e86-5c0a6cba0e9b@group-2960E1BFB004-FollowerState] INFO  impl.FollowerState (FollowerState.java:run(143)) - fe1a3415-0d95-46e3-9e86-5c0a6cba0e9b@group-2960E1BFB004-FollowerState: change to CANDIDATE, lastRpcElapsedTime:5107429158ns, electionTimeout:5107ms
2024-03-11 08:35:24,314 [fe1a3415-0d95-46e3-9e86-5c0a6cba0e9b@group-2960E1BFB004-FollowerState] INFO  impl.RoleInfo (RoleInfo.java:shutdownFollowerState(110)) - fe1a3415-0d95-46e3-9e86-5c0a6cba0e9b: shutdown fe1a3415-0d95-46e3-9e86-5c0a6cba0e9b@group-2960E1BFB004-FollowerState
2024-03-11 08:35:24,314 [fe1a3415-0d95-46e3-9e86-5c0a6cba0e9b@group-2960E1BFB004-FollowerState] INFO  server.RaftServer$Division (RaftServerImpl.java:setRole(383)) - fe1a3415-0d95-46e3-9e86-5c0a6cba0e9b@group-2960E1BFB004: changes role from  FOLLOWER to CANDIDATE at term 0 for changeToCandidate
2024-03-11 08:35:24,315 [fe1a3415-0d95-46e3-9e86-5c0a6cba0e9b@group-2960E1BFB004-FollowerState] INFO  server.RaftServerConfigKeys (ConfUtils.java:logGet(46)) - raft.server.leaderelection.pre-vote = true (default)
2024-03-11 08:35:24,315 [fe1a3415-0d95-46e3-9e86-5c0a6cba0e9b@group-2960E1BFB004-FollowerState] INFO  impl.RoleInfo (RoleInfo.java:updateAndGet(139)) - fe1a3415-0d95-46e3-9e86-5c0a6cba0e9b: start fe1a3415-0d95-46e3-9e86-5c0a6cba0e9b@group-2960E1BFB004-LeaderElection46
2024-03-11 08:35:24,321 [fe1a3415-0d95-46e3-9e86-5c0a6cba0e9b@group-F9791BAE746C-LeaderElection45] INFO  impl.LeaderElection (LeaderElection.java:logAndReturn(89)) - fe1a3415-0d95-46e3-9e86-5c0a6cba0e9b@group-F9791BAE746C-LeaderElection45: PRE_VOTE PASSED received 1 response(s) and 0 exception(s):
2024-03-11 08:35:24,321 [fe1a3415-0d95-46e3-9e86-5c0a6cba0e9b@group-F9791BAE746C-LeaderElection45] INFO  impl.LeaderElection (LeaderElection.java:logAndReturn(93)) -   Response 0: fe1a3415-0d95-46e3-9e86-5c0a6cba0e9b<-bdb70d2a-fd58-4276-89a5-31c459e859a0#0:OK-t0
2024-03-11 08:35:24,321 [fe1a3415-0d95-46e3-9e86-5c0a6cba0e9b@group-F9791BAE746C-LeaderElection45] INFO  impl.LeaderElection (LeaderElection.java:askForVotes(323)) - fe1a3415-0d95-46e3-9e86-5c0a6cba0e9b@group-F9791BAE746C-LeaderElection45 PRE_VOTE round 0: result PASSED
2024-03-11 08:35:24,322 [fe1a3415-0d95-46e3-9e86-5c0a6cba0e9b@group-2960E1BFB004-LeaderElection46] INFO  impl.LeaderElection (LeaderElection.java:askForVotes(321)) - fe1a3415-0d95-46e3-9e86-5c0a6cba0e9b@group-2960E1BFB004-LeaderElection46 PRE_VOTE round 0: submit vote requests at term 0 for -1: peers:[fe1a3415-0d95-46e3-9e86-5c0a6cba0e9b|10.1.0.9:15212]|listeners:[], old=null
2024-03-11 08:35:24,322 [fe1a3415-0d95-46e3-9e86-5c0a6cba0e9b@group-2960E1BFB004-LeaderElection46] INFO  impl.LeaderElection (LeaderElection.java:askForVotes(323)) - fe1a3415-0d95-46e3-9e86-5c0a6cba0e9b@group-2960E1BFB004-LeaderElection46 PRE_VOTE round 0: result PASSED (term=0)
2024-03-11 08:35:24,324 [fe1a3415-0d95-46e3-9e86-5c0a6cba0e9b@group-F9791BAE746C-LeaderElection45] INFO  impl.LeaderElection (LeaderElection.java:askForVotes(321)) - fe1a3415-0d95-46e3-9e86-5c0a6cba0e9b@group-F9791BAE746C-LeaderElection45 ELECTION round 0: submit vote requests at term 1 for -1: peers:[d81587eb-d5f8-443f-9e72-95d00c5fcac0|10.1.0.9:15203, bdb70d2a-fd58-4276-89a5-31c459e859a0|10.1.0.9:15194, fe1a3415-0d95-46e3-9e86-5c0a6cba0e9b|10.1.0.9:15212]|listeners:[], old=null
2024-03-11 08:35:24,324 [fe1a3415-0d95-46e3-9e86-5c0a6cba0e9b@group-2960E1BFB004-LeaderElection46] INFO  impl.LeaderElection (LeaderElection.java:askForVotes(321)) - fe1a3415-0d95-46e3-9e86-5c0a6cba0e9b@group-2960E1BFB004-LeaderElection46 ELECTION round 0: submit vote requests at term 1 for -1: peers:[fe1a3415-0d95-46e3-9e86-5c0a6cba0e9b|10.1.0.9:15212]|listeners:[], old=null
2024-03-11 08:35:24,324 [fe1a3415-0d95-46e3-9e86-5c0a6cba0e9b@group-2960E1BFB004-LeaderElection46] INFO  impl.LeaderElection (LeaderElection.java:askForVotes(323)) - fe1a3415-0d95-46e3-9e86-5c0a6cba0e9b@group-2960E1BFB004-LeaderElection46 ELECTION round 0: result PASSED (term=1)
2024-03-11 08:35:24,324 [fe1a3415-0d95-46e3-9e86-5c0a6cba0e9b@group-2960E1BFB004-LeaderElection46] INFO  impl.RoleInfo (RoleInfo.java:shutdownLeaderElection(130)) - fe1a3415-0d95-46e3-9e86-5c0a6cba0e9b: shutdown fe1a3415-0d95-46e3-9e86-5c0a6cba0e9b@group-2960E1BFB004-LeaderElection46
2024-03-11 08:35:24,324 [fe1a3415-0d95-46e3-9e86-5c0a6cba0e9b@group-2960E1BFB004-LeaderElection46] INFO  server.RaftServer$Division (RaftServerImpl.java:setRole(383)) - fe1a3415-0d95-46e3-9e86-5c0a6cba0e9b@group-2960E1BFB004: changes role from CANDIDATE to LEADER at term 1 for changeToLeader
2024-03-11 08:35:24,324 [fe1a3415-0d95-46e3-9e86-5c0a6cba0e9b@group-2960E1BFB004-LeaderElection46] INFO  server.RaftServerConfigKeys (ConfUtils.java:logGet(46)) - raft.server.staging.catchup.gap = 1000 (default)
2024-03-11 08:35:24,325 [fe1a3415-0d95-46e3-9e86-5c0a6cba0e9b@group-2960E1BFB004-LeaderElection46] INFO  server.RaftServerConfigKeys (ConfUtils.java:logGet(46)) - raft.server.write.element-limit = 1024 (custom)
2024-03-11 08:35:24,325 [fe1a3415-0d95-46e3-9e86-5c0a6cba0e9b@group-2960E1BFB004-LeaderElection46] INFO  server.RaftServerConfigKeys (ConfUtils.java:logGet(46)) - raft.server.write.byte-limit = 1024 M (=1073741824) (custom)
2024-03-11 08:35:24,325 [fe1a3415-0d95-46e3-9e86-5c0a6cba0e9b@group-2960E1BFB004-LeaderElection46] INFO  server.RaftServerConfigKeys (ConfUtils.java:logGet(46)) - raft.server.watch.timeout = 180s (custom)
2024-03-11 08:35:24,325 [fe1a3415-0d95-46e3-9e86-5c0a6cba0e9b@group-2960E1BFB004-LeaderElection46] INFO  server.RaftServerConfigKeys (ConfUtils.java:logGet(46)) - raft.server.watch.timeout.denomination = 1s (default)
2024-03-11 08:35:24,325 [fe1a3415-0d95-46e3-9e86-5c0a6cba0e9b@group-2960E1BFB004-LeaderElection46] INFO  server.RaftServerConfigKeys (ConfUtils.java:logGet(46)) - raft.server.watch.element-limit = 65536 (default)
2024-03-11 08:35:24,325 [fe1a3415-0d95-46e3-9e86-5c0a6cba0e9b@group-2960E1BFB004-LeaderElection46] INFO  server.RaftServerConfigKeys (ConfUtils.java:logGet(46)) - raft.server.read.leader.lease.enabled = false (default)
2024-03-11 08:35:24,325 [fe1a3415-0d95-46e3-9e86-5c0a6cba0e9b@group-2960E1BFB004-LeaderElection46] INFO  server.RaftServerConfigKeys (ConfUtils.java:logGet(46)) - raft.server.read.leader.lease.timeout.ratio = 0.9 (default)
2024-03-11 08:35:24,325 [fe1a3415-0d95-46e3-9e86-5c0a6cba0e9b@group-2960E1BFB004-LeaderElection46] INFO  server.RaftServerConfigKeys (ConfUtils.java:logGet(46)) - raft.server.rpc.timeout.min = 5s (custom)
2024-03-11 08:35:24,325 [fe1a3415-0d95-46e3-9e86-5c0a6cba0e9b@group-2960E1BFB004-LeaderElection46] INFO  server.RaftServerConfigKeys (ConfUtils.java:logGet(46)) - raft.server.write.element-limit = 1024 (custom)
2024-03-11 08:35:24,325 [fe1a3415-0d95-46e3-9e86-5c0a6cba0e9b@group-2960E1BFB004-LeaderElection46] INFO  server.RaftServerConfigKeys (ConfUtils.java:logGet(46)) - raft.server.write.follower.gap.ratio.max = -1.0 (default)
2024-03-11 08:35:24,326 [fe1a3415-0d95-46e3-9e86-5c0a6cba0e9b@group-2960E1BFB004-LeaderElection46] INFO  impl.RoleInfo (RoleInfo.java:updateAndGet(139)) - fe1a3415-0d95-46e3-9e86-5c0a6cba0e9b: start fe1a3415-0d95-46e3-9e86-5c0a6cba0e9b@group-2960E1BFB004-LeaderStateImpl
2024-03-11 08:35:24,326 [fe1a3415-0d95-46e3-9e86-5c0a6cba0e9b@group-2960E1BFB004-LeaderElection46] INFO  server.RaftServer$Division (RaftServerImpl.java:setFirstElection(574)) - fe1a3415-0d95-46e3-9e86-5c0a6cba0e9b@group-2960E1BFB004: set firstElectionSinceStartup to false for becomeLeader
2024-03-11 08:35:24,326 [fe1a3415-0d95-46e3-9e86-5c0a6cba0e9b@group-2960E1BFB004-LeaderElection46] INFO  ratis.XceiverServerRatis (XceiverServerRatis.java:handleLeaderChangedNotification(966)) - Leader change notification received for group: group-2960E1BFB004 with new leaderId: fe1a3415-0d95-46e3-9e86-5c0a6cba0e9b
2024-03-11 08:35:24,327 [fe1a3415-0d95-46e3-9e86-5c0a6cba0e9b@group-F9791BAE746C-LeaderElection45] INFO  server.RaftServerConfigKeys (ConfUtils.java:logFallback(53)) - raft.server.rpc.first-election.timeout.min = 5s (fallback to raft.server.rpc.timeout.min)
2024-03-11 08:35:24,327 [fe1a3415-0d95-46e3-9e86-5c0a6cba0e9b@group-F9791BAE746C-LeaderElection45] INFO  server.RaftServerConfigKeys (ConfUtils.java:logFallback(53)) - raft.server.rpc.first-election.timeout.max = 5200ms (fallback to raft.server.rpc.timeout.max)
2024-03-11 08:35:24,328 [grpc-default-executor-3] INFO  server.RaftServer$Division (RaftServerImpl.java:requestVote(1389)) - d81587eb-d5f8-443f-9e72-95d00c5fcac0@group-F9791BAE746C: receive requestVote(ELECTION, fe1a3415-0d95-46e3-9e86-5c0a6cba0e9b, group-F9791BAE746C, 1, (t:0, i:0))
2024-03-11 08:35:24,328 [grpc-default-executor-3] INFO  impl.VoteContext (VoteContext.java:log(49)) - d81587eb-d5f8-443f-9e72-95d00c5fcac0@group-F9791BAE746C-FOLLOWER: accept ELECTION from fe1a3415-0d95-46e3-9e86-5c0a6cba0e9b: our priority 0 <= candidate's priority 1
2024-03-11 08:35:24,328 [grpc-default-executor-3] INFO  server.RaftServer$Division (RaftServerImpl.java:setRole(383)) - d81587eb-d5f8-443f-9e72-95d00c5fcac0@group-F9791BAE746C: changes role from  FOLLOWER to FOLLOWER at term 1 for candidate:fe1a3415-0d95-46e3-9e86-5c0a6cba0e9b
2024-03-11 08:35:24,328 [grpc-default-executor-3] INFO  impl.RoleInfo (RoleInfo.java:shutdownFollowerState(110)) - d81587eb-d5f8-443f-9e72-95d00c5fcac0: shutdown d81587eb-d5f8-443f-9e72-95d00c5fcac0@group-F9791BAE746C-FollowerState
2024-03-11 08:35:24,328 [grpc-default-executor-3] INFO  impl.RoleInfo (RoleInfo.java:updateAndGet(139)) - d81587eb-d5f8-443f-9e72-95d00c5fcac0: start d81587eb-d5f8-443f-9e72-95d00c5fcac0@group-F9791BAE746C-FollowerState
2024-03-11 08:35:24,328 [fe1a3415-0d95-46e3-9e86-5c0a6cba0e9b@group-2960E1BFB004-LeaderElection46] INFO  server.RaftServer$Division (ServerState.java:setLeader(269)) - fe1a3415-0d95-46e3-9e86-5c0a6cba0e9b@group-2960E1BFB004: change Leader from null to fe1a3415-0d95-46e3-9e86-5c0a6cba0e9b at term 1 for becomeLeader, leader elected after 5127ms
2024-03-11 08:35:24,328 [d81587eb-d5f8-443f-9e72-95d00c5fcac0@group-F9791BAE746C-FollowerState] INFO  impl.FollowerState (FollowerState.java:run(152)) - d81587eb-d5f8-443f-9e72-95d00c5fcac0@group-F9791BAE746C-FollowerState was interrupted
2024-03-11 08:35:24,329 [grpc-default-executor-3] INFO  server.RaftServer$Division (RaftServerImpl.java:setFirstElection(574)) - d81587eb-d5f8-443f-9e72-95d00c5fcac0@group-F9791BAE746C: set firstElectionSinceStartup to false for candidate:fe1a3415-0d95-46e3-9e86-5c0a6cba0e9b
2024-03-11 08:35:24,329 [fe1a3415-0d95-46e3-9e86-5c0a6cba0e9b@group-2960E1BFB004-LeaderElection46] INFO  segmented.SegmentedRaftLogWorker (SegmentedRaftLogWorker.java:startLogSegment(430)) - fe1a3415-0d95-46e3-9e86-5c0a6cba0e9b@group-2960E1BFB004-SegmentedRaftLogWorker: Starting segment from index:0
2024-03-11 08:35:24,329 [fe1a3415-0d95-46e3-9e86-5c0a6cba0e9b@group-2960E1BFB004-SegmentedRaftLogWorker] INFO  segmented.BufferedWriteChannel (BufferedWriteChannel.java:open(62)) - open log_inprogress_0 at position 0
2024-03-11 08:35:24,330 [grpc-default-executor-0] INFO  server.RaftServer$Division (RaftServerImpl.java:requestVote(1389)) - bdb70d2a-fd58-4276-89a5-31c459e859a0@group-F9791BAE746C: receive requestVote(ELECTION, fe1a3415-0d95-46e3-9e86-5c0a6cba0e9b, group-F9791BAE746C, 1, (t:0, i:0))
2024-03-11 08:35:24,330 [grpc-default-executor-0] INFO  impl.VoteContext (VoteContext.java:log(49)) - bdb70d2a-fd58-4276-89a5-31c459e859a0@group-F9791BAE746C-FOLLOWER: accept ELECTION from fe1a3415-0d95-46e3-9e86-5c0a6cba0e9b: our priority 0 <= candidate's priority 1
2024-03-11 08:35:24,330 [grpc-default-executor-0] INFO  server.RaftServer$Division (RaftServerImpl.java:setRole(383)) - bdb70d2a-fd58-4276-89a5-31c459e859a0@group-F9791BAE746C: changes role from  FOLLOWER to FOLLOWER at term 1 for candidate:fe1a3415-0d95-46e3-9e86-5c0a6cba0e9b
2024-03-11 08:35:24,330 [grpc-default-executor-0] INFO  impl.RoleInfo (RoleInfo.java:shutdownFollowerState(110)) - bdb70d2a-fd58-4276-89a5-31c459e859a0: shutdown bdb70d2a-fd58-4276-89a5-31c459e859a0@group-F9791BAE746C-FollowerState
2024-03-11 08:35:24,330 [grpc-default-executor-0] INFO  impl.RoleInfo (RoleInfo.java:updateAndGet(139)) - bdb70d2a-fd58-4276-89a5-31c459e859a0: start bdb70d2a-fd58-4276-89a5-31c459e859a0@group-F9791BAE746C-FollowerState
2024-03-11 08:35:24,330 [bdb70d2a-fd58-4276-89a5-31c459e859a0@group-F9791BAE746C-FollowerState] INFO  impl.FollowerState (FollowerState.java:run(152)) - bdb70d2a-fd58-4276-89a5-31c459e859a0@group-F9791BAE746C-FollowerState was interrupted
2024-03-11 08:35:24,331 [grpc-default-executor-3] INFO  server.RaftServer$Division (RaftServerImpl.java:requestVote(1422)) - d81587eb-d5f8-443f-9e72-95d00c5fcac0@group-F9791BAE746C replies to ELECTION vote request: fe1a3415-0d95-46e3-9e86-5c0a6cba0e9b<-d81587eb-d5f8-443f-9e72-95d00c5fcac0#0:OK-t1. Peer's state: d81587eb-d5f8-443f-9e72-95d00c5fcac0@group-F9791BAE746C:t1, leader=null, voted=fe1a3415-0d95-46e3-9e86-5c0a6cba0e9b, raftlog=Memoized:d81587eb-d5f8-443f-9e72-95d00c5fcac0@group-F9791BAE746C-SegmentedRaftLog:OPENED:c-1, conf=-1: peers:[d81587eb-d5f8-443f-9e72-95d00c5fcac0|10.1.0.9:15203, bdb70d2a-fd58-4276-89a5-31c459e859a0|10.1.0.9:15194, fe1a3415-0d95-46e3-9e86-5c0a6cba0e9b|10.1.0.9:15212]|listeners:[], old=null
2024-03-11 08:35:24,333 [grpc-default-executor-0] INFO  server.RaftServer$Division (RaftServerImpl.java:requestVote(1422)) - bdb70d2a-fd58-4276-89a5-31c459e859a0@group-F9791BAE746C replies to ELECTION vote request: fe1a3415-0d95-46e3-9e86-5c0a6cba0e9b<-bdb70d2a-fd58-4276-89a5-31c459e859a0#0:OK-t1. Peer's state: bdb70d2a-fd58-4276-89a5-31c459e859a0@group-F9791BAE746C:t1, leader=null, voted=fe1a3415-0d95-46e3-9e86-5c0a6cba0e9b, raftlog=Memoized:bdb70d2a-fd58-4276-89a5-31c459e859a0@group-F9791BAE746C-SegmentedRaftLog:OPENED:c-1, conf=-1: peers:[d81587eb-d5f8-443f-9e72-95d00c5fcac0|10.1.0.9:15203, bdb70d2a-fd58-4276-89a5-31c459e859a0|10.1.0.9:15194, fe1a3415-0d95-46e3-9e86-5c0a6cba0e9b|10.1.0.9:15212]|listeners:[], old=null
2024-03-11 08:35:24,334 [fe1a3415-0d95-46e3-9e86-5c0a6cba0e9b@group-F9791BAE746C-LeaderElection45] INFO  impl.LeaderElection (LeaderElection.java:logAndReturn(89)) - fe1a3415-0d95-46e3-9e86-5c0a6cba0e9b@group-F9791BAE746C-LeaderElection45: ELECTION PASSED received 1 response(s) and 0 exception(s):
2024-03-11 08:35:24,334 [fe1a3415-0d95-46e3-9e86-5c0a6cba0e9b@group-F9791BAE746C-LeaderElection45] INFO  impl.LeaderElection (LeaderElection.java:logAndReturn(93)) -   Response 0: fe1a3415-0d95-46e3-9e86-5c0a6cba0e9b<-d81587eb-d5f8-443f-9e72-95d00c5fcac0#0:OK-t1
2024-03-11 08:35:24,334 [fe1a3415-0d95-46e3-9e86-5c0a6cba0e9b@group-F9791BAE746C-LeaderElection45] INFO  impl.LeaderElection (LeaderElection.java:askForVotes(323)) - fe1a3415-0d95-46e3-9e86-5c0a6cba0e9b@group-F9791BAE746C-LeaderElection45 ELECTION round 0: result PASSED
2024-03-11 08:35:24,334 [fe1a3415-0d95-46e3-9e86-5c0a6cba0e9b@group-F9791BAE746C-LeaderElection45] INFO  impl.RoleInfo (RoleInfo.java:shutdownLeaderElection(130)) - fe1a3415-0d95-46e3-9e86-5c0a6cba0e9b: shutdown fe1a3415-0d95-46e3-9e86-5c0a6cba0e9b@group-F9791BAE746C-LeaderElection45
2024-03-11 08:35:24,334 [fe1a3415-0d95-46e3-9e86-5c0a6cba0e9b@group-F9791BAE746C-LeaderElection45] INFO  server.RaftServer$Division (RaftServerImpl.java:setRole(383)) - fe1a3415-0d95-46e3-9e86-5c0a6cba0e9b@group-F9791BAE746C: changes role from CANDIDATE to LEADER at term 1 for changeToLeader
2024-03-11 08:35:24,334 [fe1a3415-0d95-46e3-9e86-5c0a6cba0e9b@group-F9791BAE746C-LeaderElection45] INFO  server.RaftServerConfigKeys (ConfUtils.java:logGet(46)) - raft.server.staging.catchup.gap = 1000 (default)
2024-03-11 08:35:24,334 [fe1a3415-0d95-46e3-9e86-5c0a6cba0e9b@group-F9791BAE746C-LeaderElection45] INFO  server.RaftServerConfigKeys (ConfUtils.java:logGet(46)) - raft.server.write.element-limit = 1024 (custom)
2024-03-11 08:35:24,334 [fe1a3415-0d95-46e3-9e86-5c0a6cba0e9b@group-F9791BAE746C-LeaderElection45] INFO  server.RaftServerConfigKeys (ConfUtils.java:logGet(46)) - raft.server.write.byte-limit = 1024 M (=1073741824) (custom)
2024-03-11 08:35:24,334 [fe1a3415-0d95-46e3-9e86-5c0a6cba0e9b@group-F9791BAE746C-LeaderElection45] INFO  server.RaftServerConfigKeys (ConfUtils.java:logGet(46)) - raft.server.watch.timeout = 180s (custom)
2024-03-11 08:35:24,335 [fe1a3415-0d95-46e3-9e86-5c0a6cba0e9b@group-F9791BAE746C-LeaderElection45] INFO  server.RaftServerConfigKeys (ConfUtils.java:logGet(46)) - raft.server.watch.timeout.denomination = 1s (default)
2024-03-11 08:35:24,335 [fe1a3415-0d95-46e3-9e86-5c0a6cba0e9b@group-F9791BAE746C-LeaderElection45] INFO  server.RaftServerConfigKeys (ConfUtils.java:logGet(46)) - raft.server.watch.element-limit = 65536 (default)
2024-03-11 08:35:24,335 [fe1a3415-0d95-46e3-9e86-5c0a6cba0e9b@group-F9791BAE746C-LeaderElection45] INFO  server.RaftServerConfigKeys (ConfUtils.java:logGet(46)) - raft.server.read.leader.lease.enabled = false (default)
2024-03-11 08:35:24,335 [fe1a3415-0d95-46e3-9e86-5c0a6cba0e9b@group-F9791BAE746C-LeaderElection45] INFO  server.RaftServerConfigKeys (ConfUtils.java:logGet(46)) - raft.server.read.leader.lease.timeout.ratio = 0.9 (default)
2024-03-11 08:35:24,335 [fe1a3415-0d95-46e3-9e86-5c0a6cba0e9b@group-F9791BAE746C-LeaderElection45] INFO  server.RaftServerConfigKeys (ConfUtils.java:logGet(46)) - raft.server.rpc.timeout.min = 5s (custom)
2024-03-11 08:35:24,335 [fe1a3415-0d95-46e3-9e86-5c0a6cba0e9b@group-F9791BAE746C-LeaderElection45] INFO  server.RaftServerConfigKeys (ConfUtils.java:logGet(46)) - raft.server.write.element-limit = 1024 (custom)
2024-03-11 08:35:24,335 [fe1a3415-0d95-46e3-9e86-5c0a6cba0e9b@group-F9791BAE746C-LeaderElection45] INFO  server.RaftServerConfigKeys (ConfUtils.java:logGet(46)) - raft.server.write.follower.gap.ratio.max = -1.0 (default)
2024-03-11 08:35:24,335 [fe1a3415-0d95-46e3-9e86-5c0a6cba0e9b@group-F9791BAE746C-LeaderElection45] INFO  server.RaftServerConfigKeys (ConfUtils.java:logGet(46)) - raft.server.log.appender.snapshot.chunk.size.max = 16MB (=16777216) (default)
2024-03-11 08:35:24,335 [fe1a3415-0d95-46e3-9e86-5c0a6cba0e9b@group-F9791BAE746C-LeaderElection45] INFO  server.RaftServerConfigKeys (ConfUtils.java:logGet(46)) - raft.server.log.appender.buffer.byte-limit = 8388608 (custom)
2024-03-11 08:35:24,335 [fe1a3415-0d95-46e3-9e86-5c0a6cba0e9b@group-F9791BAE746C-LeaderElection45] INFO  server.RaftServerConfigKeys (ConfUtils.java:logGet(46)) - raft.server.log.appender.buffer.element-limit = 1 (custom)
2024-03-11 08:35:24,335 [fe1a3415-0d95-46e3-9e86-5c0a6cba0e9b@group-F9791BAE746C-LeaderElection45] INFO  server.RaftServerConfigKeys (ConfUtils.java:logGet(46)) - raft.server.log.appender.wait-time.min = 0μs (custom)
2024-03-11 08:35:24,335 [fe1a3415-0d95-46e3-9e86-5c0a6cba0e9b@group-F9791BAE746C-LeaderElection45] INFO  grpc.GrpcConfigKeys (ConfUtils.java:logGet(46)) - raft.grpc.server.leader.outstanding.appends.max = 8 (default)
2024-03-11 08:35:24,335 [fe1a3415-0d95-46e3-9e86-5c0a6cba0e9b@group-F9791BAE746C-LeaderElection45] INFO  server.RaftServerConfigKeys (ConfUtils.java:logGet(46)) - raft.server.rpc.request.timeout = 60s (custom)
2024-03-11 08:35:24,336 [fe1a3415-0d95-46e3-9e86-5c0a6cba0e9b@group-F9791BAE746C-LeaderElection45] INFO  grpc.GrpcConfigKeys (ConfUtils.java:logGet(46)) - raft.grpc.server.install_snapshot.request.element-limit = 8 (default)
2024-03-11 08:35:24,336 [fe1a3415-0d95-46e3-9e86-5c0a6cba0e9b@group-F9791BAE746C-LeaderElection45] INFO  grpc.GrpcConfigKeys (ConfUtils.java:logGet(46)) - raft.grpc.server.install_snapshot.request.timeout = 3000ms (default)
2024-03-11 08:35:24,336 [fe1a3415-0d95-46e3-9e86-5c0a6cba0e9b@group-F9791BAE746C-LeaderElection45] INFO  grpc.GrpcConfigKeys (ConfUtils.java:logGet(46)) - raft.grpc.server.log-message.batch.duration = 5s (default)
2024-03-11 08:35:24,336 [fe1a3415-0d95-46e3-9e86-5c0a6cba0e9b@group-F9791BAE746C-LeaderElection45] INFO  server.RaftServerConfigKeys (ConfUtils.java:logGet(46)) - raft.server.log.appender.install.snapshot.enabled = false (custom)
2024-03-11 08:35:24,336 [fe1a3415-0d95-46e3-9e86-5c0a6cba0e9b@group-F9791BAE746C-LeaderElection45] INFO  grpc.GrpcConfigKeys (ConfUtils.java:logGet(46)) - raft.grpc.server.heartbeat.channel = true (default)
2024-03-11 08:35:24,336 [fe1a3415-0d95-46e3-9e86-5c0a6cba0e9b@group-F9791BAE746C-LeaderElection45] INFO  server.RaftServerConfigKeys (ConfUtils.java:logGet(46)) - raft.server.log.appender.snapshot.chunk.size.max = 16MB (=16777216) (default)
2024-03-11 08:35:24,336 [fe1a3415-0d95-46e3-9e86-5c0a6cba0e9b@group-F9791BAE746C-LeaderElection45] INFO  server.RaftServerConfigKeys (ConfUtils.java:logGet(46)) - raft.server.log.appender.buffer.byte-limit = 8388608 (custom)
2024-03-11 08:35:24,337 [fe1a3415-0d95-46e3-9e86-5c0a6cba0e9b@group-F9791BAE746C-LeaderElection45] INFO  server.RaftServerConfigKeys (ConfUtils.java:logGet(46)) - raft.server.log.appender.buffer.element-limit = 1 (custom)
2024-03-11 08:35:24,337 [fe1a3415-0d95-46e3-9e86-5c0a6cba0e9b@group-F9791BAE746C-LeaderElection45] INFO  server.RaftServerConfigKeys (ConfUtils.java:logGet(46)) - raft.server.log.appender.wait-time.min = 0μs (custom)
2024-03-11 08:35:24,337 [fe1a3415-0d95-46e3-9e86-5c0a6cba0e9b@group-F9791BAE746C-LeaderElection45] INFO  grpc.GrpcConfigKeys (ConfUtils.java:logGet(46)) - raft.grpc.server.leader.outstanding.appends.max = 8 (default)
2024-03-11 08:35:24,337 [fe1a3415-0d95-46e3-9e86-5c0a6cba0e9b@group-F9791BAE746C-LeaderElection45] INFO  server.RaftServerConfigKeys (ConfUtils.java:logGet(46)) - raft.server.rpc.request.timeout = 60s (custom)
2024-03-11 08:35:24,337 [fe1a3415-0d95-46e3-9e86-5c0a6cba0e9b@group-F9791BAE746C-LeaderElection45] INFO  grpc.GrpcConfigKeys (ConfUtils.java:logGet(46)) - raft.grpc.server.install_snapshot.request.element-limit = 8 (default)
2024-03-11 08:35:24,337 [fe1a3415-0d95-46e3-9e86-5c0a6cba0e9b@group-F9791BAE746C-LeaderElection45] INFO  grpc.GrpcConfigKeys (ConfUtils.java:logGet(46)) - raft.grpc.server.install_snapshot.request.timeout = 3000ms (default)
2024-03-11 08:35:24,337 [fe1a3415-0d95-46e3-9e86-5c0a6cba0e9b@group-F9791BAE746C-LeaderElection45] INFO  grpc.GrpcConfigKeys (ConfUtils.java:logGet(46)) - raft.grpc.server.log-message.batch.duration = 5s (default)
2024-03-11 08:35:24,337 [fe1a3415-0d95-46e3-9e86-5c0a6cba0e9b@group-F9791BAE746C-LeaderElection45] INFO  server.RaftServerConfigKeys (ConfUtils.java:logGet(46)) - raft.server.log.appender.install.snapshot.enabled = false (custom)
2024-03-11 08:35:24,337 [fe1a3415-0d95-46e3-9e86-5c0a6cba0e9b@group-F9791BAE746C-LeaderElection45] INFO  grpc.GrpcConfigKeys (ConfUtils.java:logGet(46)) - raft.grpc.server.heartbeat.channel = true (default)
2024-03-11 08:35:24,337 [fe1a3415-0d95-46e3-9e86-5c0a6cba0e9b@group-F9791BAE746C-LeaderElection45] INFO  impl.RoleInfo (RoleInfo.java:updateAndGet(139)) - fe1a3415-0d95-46e3-9e86-5c0a6cba0e9b: start fe1a3415-0d95-46e3-9e86-5c0a6cba0e9b@group-F9791BAE746C-LeaderStateImpl
2024-03-11 08:35:24,337 [fe1a3415-0d95-46e3-9e86-5c0a6cba0e9b@group-F9791BAE746C-LeaderElection45] INFO  server.RaftServer$Division (RaftServerImpl.java:setFirstElection(574)) - fe1a3415-0d95-46e3-9e86-5c0a6cba0e9b@group-F9791BAE746C: set firstElectionSinceStartup to false for becomeLeader
2024-03-11 08:35:24,337 [fe1a3415-0d95-46e3-9e86-5c0a6cba0e9b@group-F9791BAE746C-LeaderElection45] INFO  ratis.XceiverServerRatis (XceiverServerRatis.java:handleLeaderChangedNotification(966)) - Leader change notification received for group: group-F9791BAE746C with new leaderId: fe1a3415-0d95-46e3-9e86-5c0a6cba0e9b
2024-03-11 08:35:24,338 [fe1a3415-0d95-46e3-9e86-5c0a6cba0e9b@group-F9791BAE746C-LeaderElection45] INFO  server.RaftServer$Division (ServerState.java:setLeader(269)) - fe1a3415-0d95-46e3-9e86-5c0a6cba0e9b@group-F9791BAE746C: change Leader from null to fe1a3415-0d95-46e3-9e86-5c0a6cba0e9b at term 1 for becomeLeader, leader elected after 5256ms
2024-03-11 08:35:24,338 [fe1a3415-0d95-46e3-9e86-5c0a6cba0e9b@group-F9791BAE746C-LeaderElection45] INFO  segmented.SegmentedRaftLogWorker (SegmentedRaftLogWorker.java:startLogSegment(430)) - fe1a3415-0d95-46e3-9e86-5c0a6cba0e9b@group-F9791BAE746C-SegmentedRaftLogWorker: Starting segment from index:0
2024-03-11 08:35:24,338 [fe1a3415-0d95-46e3-9e86-5c0a6cba0e9b@group-F9791BAE746C-SegmentedRaftLogWorker] INFO  segmented.BufferedWriteChannel (BufferedWriteChannel.java:open(62)) - open log_inprogress_0 at position 0
2024-03-11 08:35:24,336 [fe1a3415-0d95-46e3-9e86-5c0a6cba0e9b@group-2960E1BFB004-LeaderElection46] INFO  server.RaftServer$Division (ServerState.java:setRaftConf(386)) - fe1a3415-0d95-46e3-9e86-5c0a6cba0e9b@group-2960E1BFB004: set configuration 0: peers:[fe1a3415-0d95-46e3-9e86-5c0a6cba0e9b|10.1.0.9:15212]|listeners:[], old=null
2024-03-11 08:35:24,341 [EventQueue-PipelineReportForPipelineReportHandler] INFO  pipeline.PipelineReportHandler (PipelineReportHandler.java:processPipelineReport(136)) - Opened pipeline PipelineID=39b3abc3-9e25-4c41-b611-f9791bae746c
2024-03-11 08:35:24,340 [fe1a3415-0d95-46e3-9e86-5c0a6cba0e9b@group-F9791BAE746C-LeaderElection45] INFO  server.RaftServer$Division (ServerState.java:setRaftConf(386)) - fe1a3415-0d95-46e3-9e86-5c0a6cba0e9b@group-F9791BAE746C: set configuration 0: peers:[d81587eb-d5f8-443f-9e72-95d00c5fcac0|10.1.0.9:15203, bdb70d2a-fd58-4276-89a5-31c459e859a0|10.1.0.9:15194, fe1a3415-0d95-46e3-9e86-5c0a6cba0e9b|10.1.0.9:15212]|listeners:[], old=null
2024-03-11 08:35:24,350 [fe1a3415-0d95-46e3-9e86-5c0a6cba0e9b@group-F9791BAE746C-SegmentedRaftLogWorker] INFO  segmented.SegmentedRaftLogWorker (SegmentedRaftLogWorker.java:execute(634)) - fe1a3415-0d95-46e3-9e86-5c0a6cba0e9b@group-F9791BAE746C-SegmentedRaftLogWorker: created new log segment /home/runner/work/ozone/ozone/hadoop-ozone/integration-test/target/test-dir/MiniOzoneClusterImpl-c7fe89f3-570b-44cc-9eba-475ffdeb33a6/ozone-meta/datanode-3/ratis/39b3abc3-9e25-4c41-b611-f9791bae746c/current/log_inprogress_0
2024-03-11 08:35:24,360 [fe1a3415-0d95-46e3-9e86-5c0a6cba0e9b@group-2960E1BFB004-SegmentedRaftLogWorker] INFO  segmented.SegmentedRaftLogWorker (SegmentedRaftLogWorker.java:execute(634)) - fe1a3415-0d95-46e3-9e86-5c0a6cba0e9b@group-2960E1BFB004-SegmentedRaftLogWorker: created new log segment /home/runner/work/ozone/ozone/hadoop-ozone/integration-test/target/test-dir/MiniOzoneClusterImpl-c7fe89f3-570b-44cc-9eba-475ffdeb33a6/ozone-meta/datanode-3/ratis/9e69a4fa-bae7-475f-ba6a-2960e1bfb004/current/log_inprogress_0
2024-03-11 08:35:24,361 [d81587eb-d5f8-443f-9e72-95d00c5fcac0-server-thread1] INFO  ratis.XceiverServerRatis (XceiverServerRatis.java:handleLeaderChangedNotification(966)) - Leader change notification received for group: group-F9791BAE746C with new leaderId: fe1a3415-0d95-46e3-9e86-5c0a6cba0e9b
2024-03-11 08:35:24,361 [d81587eb-d5f8-443f-9e72-95d00c5fcac0-server-thread1] INFO  server.RaftServer$Division (ServerState.java:setLeader(269)) - d81587eb-d5f8-443f-9e72-95d00c5fcac0@group-F9791BAE746C: change Leader from null to fe1a3415-0d95-46e3-9e86-5c0a6cba0e9b at term 1 for appendEntries, leader elected after 5264ms
2024-03-11 08:35:24,371 [bdb70d2a-fd58-4276-89a5-31c459e859a0-server-thread1] INFO  ratis.XceiverServerRatis (XceiverServerRatis.java:handleLeaderChangedNotification(966)) - Leader change notification received for group: group-F9791BAE746C with new leaderId: fe1a3415-0d95-46e3-9e86-5c0a6cba0e9b
2024-03-11 08:35:24,371 [bdb70d2a-fd58-4276-89a5-31c459e859a0-server-thread1] INFO  server.RaftServer$Division (ServerState.java:setLeader(269)) - bdb70d2a-fd58-4276-89a5-31c459e859a0@group-F9791BAE746C: change Leader from null to fe1a3415-0d95-46e3-9e86-5c0a6cba0e9b at term 1 for appendEntries, leader elected after 5305ms
2024-03-11 08:35:24,377 [bdb70d2a-fd58-4276-89a5-31c459e859a0-server-thread2] INFO  server.RaftServer$Division (ServerState.java:setRaftConf(386)) - bdb70d2a-fd58-4276-89a5-31c459e859a0@group-F9791BAE746C: set configuration 0: peers:[d81587eb-d5f8-443f-9e72-95d00c5fcac0|10.1.0.9:15203, bdb70d2a-fd58-4276-89a5-31c459e859a0|10.1.0.9:15194, fe1a3415-0d95-46e3-9e86-5c0a6cba0e9b|10.1.0.9:15212]|listeners:[], old=null
2024-03-11 08:35:24,377 [bdb70d2a-fd58-4276-89a5-31c459e859a0-server-thread2] INFO  segmented.SegmentedRaftLogWorker (SegmentedRaftLogWorker.java:startLogSegment(430)) - bdb70d2a-fd58-4276-89a5-31c459e859a0@group-F9791BAE746C-SegmentedRaftLogWorker: Starting segment from index:0
2024-03-11 08:35:24,378 [bdb70d2a-fd58-4276-89a5-31c459e859a0@group-F9791BAE746C-SegmentedRaftLogWorker] INFO  segmented.BufferedWriteChannel (BufferedWriteChannel.java:open(62)) - open log_inprogress_0 at position 0
2024-03-11 08:35:24,378 [fe1a3415-0d95-46e3-9e86-5c0a6cba0e9b@group-2960E1BFB004-StateMachineUpdater] INFO  server.RaftServer$Division (LeaderStateImpl.java:isApplied(320)) - leader is ready since appliedIndex == 0 >= startIndex == 0
2024-03-11 08:35:24,387 [bdb70d2a-fd58-4276-89a5-31c459e859a0@group-F9791BAE746C-SegmentedRaftLogWorker] INFO  segmented.SegmentedRaftLogWorker (SegmentedRaftLogWorker.java:execute(634)) - bdb70d2a-fd58-4276-89a5-31c459e859a0@group-F9791BAE746C-SegmentedRaftLogWorker: created new log segment /home/runner/work/ozone/ozone/hadoop-ozone/integration-test/target/test-dir/MiniOzoneClusterImpl-c7fe89f3-570b-44cc-9eba-475ffdeb33a6/ozone-meta/datanode-1/ratis/39b3abc3-9e25-4c41-b611-f9791bae746c/current/log_inprogress_0
2024-03-11 08:35:24,394 [d81587eb-d5f8-443f-9e72-95d00c5fcac0-server-thread2] INFO  server.RaftServer$Division (ServerState.java:setRaftConf(386)) - d81587eb-d5f8-443f-9e72-95d00c5fcac0@group-F9791BAE746C: set configuration 0: peers:[d81587eb-d5f8-443f-9e72-95d00c5fcac0|10.1.0.9:15203, bdb70d2a-fd58-4276-89a5-31c459e859a0|10.1.0.9:15194, fe1a3415-0d95-46e3-9e86-5c0a6cba0e9b|10.1.0.9:15212]|listeners:[], old=null
2024-03-11 08:35:24,394 [d81587eb-d5f8-443f-9e72-95d00c5fcac0-server-thread2] INFO  segmented.SegmentedRaftLogWorker (SegmentedRaftLogWorker.java:startLogSegment(430)) - d81587eb-d5f8-443f-9e72-95d00c5fcac0@group-F9791BAE746C-SegmentedRaftLogWorker: Starting segment from index:0
2024-03-11 08:35:24,395 [d81587eb-d5f8-443f-9e72-95d00c5fcac0@group-F9791BAE746C-SegmentedRaftLogWorker] INFO  segmented.BufferedWriteChannel (BufferedWriteChannel.java:open(62)) - open log_inprogress_0 at position 0
2024-03-11 08:35:24,399 [fe1a3415-0d95-46e3-9e86-5c0a6cba0e9b@group-F9791BAE746C-StateMachineUpdater] INFO  server.RaftServer$Division (LeaderStateImpl.java:isApplied(320)) - leader is ready since appliedIndex == 0 >= startIndex == 0
2024-03-11 08:35:24,403 [d81587eb-d5f8-443f-9e72-95d00c5fcac0@group-F9791BAE746C-SegmentedRaftLogWorker] INFO  segmented.SegmentedRaftLogWorker (SegmentedRaftLogWorker.java:execute(634)) - d81587eb-d5f8-443f-9e72-95d00c5fcac0@group-F9791BAE746C-SegmentedRaftLogWorker: created new log segment /home/runner/work/ozone/ozone/hadoop-ozone/integration-test/target/test-dir/MiniOzoneClusterImpl-c7fe89f3-570b-44cc-9eba-475ffdeb33a6/ozone-meta/datanode-2/ratis/39b3abc3-9e25-4c41-b611-f9791bae746c/current/log_inprogress_0
2024-03-11 08:35:24,602 [omNode-1-OMStateMachineApplyTransactionThread - 0] INFO  upgrade.OMPrepareRequest (OMPrepareRequest.java:validateAndUpdateCache(69)) - OM omNode-1 Received prepare request with log (t:1, i:51)
2024-03-11 08:35:24,602 [omNode-1-OMStateMachineApplyTransactionThread - 0] INFO  upgrade.OMPrepareRequest (OMPrepareRequest.java:waitForLogIndex(184)) - omNode-1 waiting for index 51 to flush to OM DB and index 52 to flush to Ratis state machine.
2024-03-11 08:35:24,602 [omNode-2@group-523986131536-StateMachineUpdater] INFO  ratis.OzoneManagerStateMachine (OzoneManagerStateMachine.java:takeSnapshotImpl(467)) -  applied = (t:1, i:49)
2024-03-11 08:35:24,602 [omNode-2@group-523986131536-StateMachineUpdater] INFO  ratis.OzoneManagerStateMachine (OzoneManagerStateMachine.java:takeSnapshotImpl(468)) -  skipped = 49
2024-03-11 08:35:24,602 [omNode-2@group-523986131536-StateMachineUpdater] INFO  ratis.OzoneManagerStateMachine (OzoneManagerStateMachine.java:takeSnapshotImpl(469)) - notified = (t:1, i:50)
2024-03-11 08:35:24,602 [omNode-2@group-523986131536-StateMachineUpdater] INFO  ratis.OzoneManagerStateMachine (OzoneManagerStateMachine.java:takeSnapshotImpl(470)) - snapshot = (t:1, i:50)
2024-03-11 08:35:24,604 [omNode-3@group-523986131536-StateMachineUpdater] INFO  ratis.OzoneManagerStateMachine (OzoneManagerStateMachine.java:takeSnapshotImpl(467)) -  applied = (t:1, i:49)
2024-03-11 08:35:24,604 [omNode-3@group-523986131536-StateMachineUpdater] INFO  ratis.OzoneManagerStateMachine (OzoneManagerStateMachine.java:takeSnapshotImpl(468)) -  skipped = 49
2024-03-11 08:35:24,604 [omNode-3@group-523986131536-StateMachineUpdater] INFO  ratis.OzoneManagerStateMachine (OzoneManagerStateMachine.java:takeSnapshotImpl(469)) - notified = (t:1, i:50)
2024-03-11 08:35:24,604 [omNode-3@group-523986131536-StateMachineUpdater] INFO  ratis.OzoneManagerStateMachine (OzoneManagerStateMachine.java:takeSnapshotImpl(470)) - snapshot = (t:1, i:50)
2024-03-11 08:35:24,626 [omNode-2@group-523986131536-StateMachineUpdater] INFO  impl.StateMachineUpdater (StateMachineUpdater.java:takeSnapshot(295)) - omNode-2@group-523986131536-StateMachineUpdater: Took a snapshot at index 50
2024-03-11 08:35:24,626 [omNode-2@group-523986131536-StateMachineUpdater] INFO  impl.StateMachineUpdater (StateMachineUpdater.java:lambda$new$0(98)) - omNode-2@group-523986131536-StateMachineUpdater: snapshotIndex: updateIncreasingly -1 -> 50
2024-03-11 08:35:24,626 [omNode-2@group-523986131536-StateMachineUpdater] INFO  raftlog.RaftLog (RaftLogBase.java:purge(330)) - omNode-2@group-523986131536-SegmentedRaftLog: purge 50
2024-03-11 08:35:24,626 [omNode-2@group-523986131536-StateMachineUpdater] INFO  raftlog.RaftLog (RaftLogBase.java:lambda$new$0(54)) - omNode-2@group-523986131536-SegmentedRaftLog: snapshotIndex: updateIncreasingly -1 -> 50
2024-03-11 08:35:24,626 [omNode-2@group-523986131536-StateMachineUpdater] INFO  raftlog.RaftLog (RaftLogBase.java:lambda$new$0(54)) - omNode-2@group-523986131536-SegmentedRaftLog: purgeIndex: updateToMax old=-1, new=50, updated? true
2024-03-11 08:35:24,626 [omNode-2-OMStateMachineApplyTransactionThread - 0] INFO  upgrade.OMPrepareRequest (OMPrepareRequest.java:validateAndUpdateCache(69)) - OM omNode-2 Received prepare request with log (t:1, i:51)
2024-03-11 08:35:24,627 [omNode-2-OMStateMachineApplyTransactionThread - 0] INFO  upgrade.OMPrepareRequest (OMPrepareRequest.java:waitForLogIndex(184)) - omNode-2 waiting for index 51 to flush to OM DB and index 52 to flush to Ratis state machine.
2024-03-11 08:35:24,627 [omNode-3@group-523986131536-StateMachineUpdater] INFO  impl.StateMachineUpdater (StateMachineUpdater.java:takeSnapshot(295)) - omNode-3@group-523986131536-StateMachineUpdater: Took a snapshot at index 50
2024-03-11 08:35:24,627 [omNode-3@group-523986131536-StateMachineUpdater] INFO  impl.StateMachineUpdater (StateMachineUpdater.java:lambda$new$0(98)) - omNode-3@group-523986131536-StateMachineUpdater: snapshotIndex: updateIncreasingly -1 -> 50
2024-03-11 08:35:24,627 [omNode-3@group-523986131536-StateMachineUpdater] INFO  raftlog.RaftLog (RaftLogBase.java:purge(330)) - omNode-3@group-523986131536-SegmentedRaftLog: purge 50
2024-03-11 08:35:24,627 [omNode-3@group-523986131536-StateMachineUpdater] INFO  raftlog.RaftLog (RaftLogBase.java:lambda$new$0(54)) - omNode-3@group-523986131536-SegmentedRaftLog: snapshotIndex: updateIncreasingly -1 -> 50
2024-03-11 08:35:24,627 [omNode-3@group-523986131536-StateMachineUpdater] INFO  raftlog.RaftLog (RaftLogBase.java:lambda$new$0(54)) - omNode-3@group-523986131536-SegmentedRaftLog: purgeIndex: updateToMax old=-1, new=50, updated? true
2024-03-11 08:35:24,627 [omNode-3-OMStateMachineApplyTransactionThread - 0] INFO  upgrade.OMPrepareRequest (OMPrepareRequest.java:validateAndUpdateCache(69)) - OM omNode-3 Received prepare request with log (t:1, i:51)
2024-03-11 08:35:24,627 [omNode-3-OMStateMachineApplyTransactionThread - 0] INFO  upgrade.OMPrepareRequest (OMPrepareRequest.java:waitForLogIndex(184)) - omNode-3 waiting for index 51 to flush to OM DB and index 52 to flush to Ratis state machine.
2024-03-11 08:35:29,627 [omNode-2-OMStateMachineApplyTransactionThread - 0] INFO  ratis.OzoneManagerStateMachine (OzoneManagerStateMachine.java:takeSnapshotImpl(467)) -  applied = (t:1, i:51)
2024-03-11 08:35:29,627 [omNode-2-OMStateMachineApplyTransactionThread - 0] INFO  ratis.OzoneManagerStateMachine (OzoneManagerStateMachine.java:takeSnapshotImpl(468)) -  skipped = 51
2024-03-11 08:35:29,627 [omNode-2-OMStateMachineApplyTransactionThread - 0] INFO  ratis.OzoneManagerStateMachine (OzoneManagerStateMachine.java:takeSnapshotImpl(469)) - notified = (t:1, i:52)
2024-03-11 08:35:29,627 [omNode-2-OMStateMachineApplyTransactionThread - 0] INFO  ratis.OzoneManagerStateMachine (OzoneManagerStateMachine.java:takeSnapshotImpl(470)) - snapshot = (t:1, i:52)
2024-03-11 08:35:29,628 [omNode-3-OMStateMachineApplyTransactionThread - 0] INFO  ratis.OzoneManagerStateMachine (OzoneManagerStateMachine.java:takeSnapshotImpl(467)) -  applied = (t:1, i:51)
2024-03-11 08:35:29,628 [omNode-3-OMStateMachineApplyTransactionThread - 0] INFO  ratis.OzoneManagerStateMachine (OzoneManagerStateMachine.java:takeSnapshotImpl(468)) -  skipped = 51
2024-03-11 08:35:29,628 [omNode-3-OMStateMachineApplyTransactionThread - 0] INFO  ratis.OzoneManagerStateMachine (OzoneManagerStateMachine.java:takeSnapshotImpl(469)) - notified = (t:1, i:52)
2024-03-11 08:35:29,628 [omNode-3-OMStateMachineApplyTransactionThread - 0] INFO  ratis.OzoneManagerStateMachine (OzoneManagerStateMachine.java:takeSnapshotImpl(470)) - snapshot = (t:1, i:52)
2024-03-11 08:35:29,634 [omNode-3-OMStateMachineApplyTransactionThread - 0] INFO  upgrade.OMPrepareRequest (OMPrepareRequest.java:takeSnapshotAndPurgeLogs(238)) - takeSnapshot at 52 for prepareIndex 52
2024-03-11 08:35:29,634 [omNode-2-OMStateMachineApplyTransactionThread - 0] INFO  upgrade.OMPrepareRequest (OMPrepareRequest.java:takeSnapshotAndPurgeLogs(238)) - takeSnapshot at 52 for prepareIndex 52
2024-03-11 08:35:29,634 [omNode-2-OMStateMachineApplyTransactionThread - 0] INFO  raftlog.RaftLog (RaftLogBase.java:lambda$new$0(54)) - omNode-2@group-523986131536-SegmentedRaftLog: snapshotIndex: updateIncreasingly 50 -> 52
2024-03-11 08:35:29,634 [omNode-3-OMStateMachineApplyTransactionThread - 0] INFO  raftlog.RaftLog (RaftLogBase.java:lambda$new$0(54)) - omNode-3@group-523986131536-SegmentedRaftLog: snapshotIndex: updateIncreasingly 50 -> 52
2024-03-11 08:35:29,634 [omNode-2-OMStateMachineApplyTransactionThread - 0] INFO  segmented.SegmentedRaftLogWorker (SegmentedRaftLogWorker.java:lambda$new$0(134)) - omNode-2@group-523986131536-SegmentedRaftLogWorker: safeCacheEvictIndex: setUnconditionally -1 -> 52
2024-03-11 08:35:29,634 [omNode-3-OMStateMachineApplyTransactionThread - 0] INFO  segmented.SegmentedRaftLogWorker (SegmentedRaftLogWorker.java:lambda$new$0(134)) - omNode-3@group-523986131536-SegmentedRaftLogWorker: safeCacheEvictIndex: setUnconditionally -1 -> 52
2024-03-11 08:35:29,634 [omNode-3-OMStateMachineApplyTransactionThread - 0] INFO  segmented.SegmentedRaftLogWorker (SegmentedRaftLogWorker.java:closeLogSegment(451)) - omNode-3@group-523986131536-SegmentedRaftLogWorker: Closing segment log_inprogress_0 to index: 52
2024-03-11 08:35:29,634 [omNode-2-OMStateMachineApplyTransactionThread - 0] INFO  segmented.SegmentedRaftLogWorker (SegmentedRaftLogWorker.java:closeLogSegment(451)) - omNode-2@group-523986131536-SegmentedRaftLogWorker: Closing segment log_inprogress_0 to index: 52
2024-03-11 08:35:29,635 [omNode-3@group-523986131536-SegmentedRaftLogWorker] INFO  segmented.SegmentedRaftLogWorker (SegmentedRaftLogWorker.java:execute(591)) - omNode-3@group-523986131536-SegmentedRaftLogWorker: Rolled log segment from /home/runner/work/ozone/ozone/hadoop-ozone/integration-test/target/test-dir/MiniOzoneClusterImpl-c7fe89f3-570b-44cc-9eba-475ffdeb33a6/omNode-3/ratis/c9bc4cf4-3bc3-3c60-a66b-523986131536/current/log_inprogress_0 to /home/runner/work/ozone/ozone/hadoop-ozone/integration-test/target/test-dir/MiniOzoneClusterImpl-c7fe89f3-570b-44cc-9eba-475ffdeb33a6/omNode-3/ratis/c9bc4cf4-3bc3-3c60-a66b-523986131536/current/log_0-52
2024-03-11 08:35:29,635 [omNode-3-OMStateMachineApplyTransactionThread - 0] INFO  om.OzoneManagerPrepareState (OzoneManagerPrepareState.java:writePrepareMarkerFile(262)) - Prepare marker file written with log index 51 to file /home/runner/work/ozone/ozone/hadoop-ozone/integration-test/target/test-dir/MiniOzoneClusterImpl-c7fe89f3-570b-44cc-9eba-475ffdeb33a6/omNode-3/current/prepareMarker
2024-03-11 08:35:29,636 [omNode-3-OMStateMachineApplyTransactionThread - 0] INFO  upgrade.OMPrepareRequest (OMPrepareRequest.java:validateAndUpdateCache(122)) - OM omNode-3 prepared at log index 51. Returning response txnID: 51
 with log index 51
2024-03-11 08:35:29,636 [omNode-2@group-523986131536-SegmentedRaftLogWorker] INFO  segmented.SegmentedRaftLogWorker (SegmentedRaftLogWorker.java:execute(591)) - omNode-2@group-523986131536-SegmentedRaftLogWorker: Rolled log segment from /home/runner/work/ozone/ozone/hadoop-ozone/integration-test/target/test-dir/MiniOzoneClusterImpl-c7fe89f3-570b-44cc-9eba-475ffdeb33a6/omNode-2/ratis/c9bc4cf4-3bc3-3c60-a66b-523986131536/current/log_inprogress_0 to /home/runner/work/ozone/ozone/hadoop-ozone/integration-test/target/test-dir/MiniOzoneClusterImpl-c7fe89f3-570b-44cc-9eba-475ffdeb33a6/omNode-2/ratis/c9bc4cf4-3bc3-3c60-a66b-523986131536/current/log_0-52
2024-03-11 08:35:29,636 [omNode-2-OMStateMachineApplyTransactionThread - 0] INFO  om.OzoneManagerPrepareState (OzoneManagerPrepareState.java:writePrepareMarkerFile(262)) - Prepare marker file written with log index 51 to file /home/runner/work/ozone/ozone/hadoop-ozone/integration-test/target/test-dir/MiniOzoneClusterImpl-c7fe89f3-570b-44cc-9eba-475ffdeb33a6/omNode-2/current/prepareMarker
2024-03-11 08:35:29,636 [omNode-2-OMStateMachineApplyTransactionThread - 0] INFO  upgrade.OMPrepareRequest (OMPrepareRequest.java:validateAndUpdateCache(122)) - OM omNode-2 prepared at log index 51. Returning response txnID: 51
 with log index 51
2024-03-11 08:36:14,003 [bdb70d2a-fd58-4276-89a5-31c459e859a0-BlockDeletingService#0] INFO  interfaces.ContainerDeletionChoosingPolicyTemplate (ContainerDeletionChoosingPolicyTemplate.java:chooseContainerForBlockDeletion(85)) - Chosen 0/5000 blocks from 0 candidate containers.
2024-03-11 08:36:14,099 [d81587eb-d5f8-443f-9e72-95d00c5fcac0-BlockDeletingService#0] INFO  interfaces.ContainerDeletionChoosingPolicyTemplate (ContainerDeletionChoosingPolicyTemplate.java:chooseContainerForBlockDeletion(85)) - Chosen 0/5000 blocks from 0 candidate containers.
2024-03-11 08:36:14,235 [fe1a3415-0d95-46e3-9e86-5c0a6cba0e9b-BlockDeletingService#0] INFO  interfaces.ContainerDeletionChoosingPolicyTemplate (ContainerDeletionChoosingPolicyTemplate.java:chooseContainerForBlockDeletion(85)) - Chosen 0/5000 blocks from 0 candidate containers.
2024-03-11 08:37:14,006 [bdb70d2a-fd58-4276-89a5-31c459e859a0-BlockDeletingService#1] INFO  interfaces.ContainerDeletionChoosingPolicyTemplate (ContainerDeletionChoosingPolicyTemplate.java:chooseContainerForBlockDeletion(85)) - Chosen 0/5000 blocks from 0 candidate containers.
2024-03-11 08:37:14,099 [d81587eb-d5f8-443f-9e72-95d00c5fcac0-BlockDeletingService#1] INFO  interfaces.ContainerDeletionChoosingPolicyTemplate (ContainerDeletionChoosingPolicyTemplate.java:chooseContainerForBlockDeletion(85)) - Chosen 0/5000 blocks from 0 candidate containers.
2024-03-11 08:37:14,235 [fe1a3415-0d95-46e3-9e86-5c0a6cba0e9b-BlockDeletingService#1] INFO  interfaces.ContainerDeletionChoosingPolicyTemplate (ContainerDeletionChoosingPolicyTemplate.java:chooseContainerForBlockDeletion(85)) - Chosen 0/5000 blocks from 0 candidate containers.
2024-03-11 08:37:24,609 [omNode-1-OMStateMachineApplyTransactionThread - 0] ERROR upgrade.OMPrepareRequest (OMPrepareRequest.java:validateAndUpdateCache(133)) - Prepare Request Apply failed in omNode-1. 
java.io.IOException: After waiting for 120 seconds, Ratis state machine applied index 50 which is less than the minimum required index 52.
	at org.apache.hadoop.ozone.om.request.upgrade.OMPrepareRequest.waitForLogIndex(OMPrepareRequest.java:216)
	at org.apache.hadoop.ozone.om.request.upgrade.OMPrepareRequest.validateAndUpdateCache(OMPrepareRequest.java:112)
	at org.apache.hadoop.ozone.protocolPB.OzoneManagerRequestHandler.lambda$0(OzoneManagerRequestHandler.java:397)
	at org.apache.hadoop.util.MetricUtil.captureLatencyNs(MetricUtil.java:45)
	at org.apache.hadoop.ozone.protocolPB.OzoneManagerRequestHandler.handleWriteRequestImpl(OzoneManagerRequestHandler.java:395)
	at org.apache.hadoop.ozone.protocolPB.RequestHandler.handleWriteRequest(RequestHandler.java:63)
	at org.apache.hadoop.ozone.om.ratis.OzoneManagerStateMachine.runCommand(OzoneManagerStateMachine.java:525)
	at org.apache.hadoop.ozone.om.ratis.OzoneManagerStateMachine.lambda$1(OzoneManagerStateMachine.java:343)
	at java.util.concurrent.CompletableFuture$AsyncSupply.run(CompletableFuture.java:1604)
	at java.util.concurrent.ThreadPoolExecutor.runWorker(ThreadPoolExecutor.java:1149)
	at java.util.concurrent.ThreadPoolExecutor$Worker.run(ThreadPoolExecutor.java:624)
	at java.lang.Thread.run(Thread.java:750)
2024-03-11 08:37:24,609 [omNode-1@group-523986131536-StateMachineUpdater] INFO  ratis.OzoneManagerStateMachine (OzoneManagerStateMachine.java:takeSnapshotImpl(467)) -  applied = (t:1, i:51)
2024-03-11 08:37:24,609 [omNode-1@group-523986131536-StateMachineUpdater] INFO  ratis.OzoneManagerStateMachine (OzoneManagerStateMachine.java:takeSnapshotImpl(468)) -  skipped = 49
2024-03-11 08:37:24,609 [omNode-1@group-523986131536-StateMachineUpdater] INFO  ratis.OzoneManagerStateMachine (OzoneManagerStateMachine.java:takeSnapshotImpl(469)) - notified = (t:1, i:50)
2024-03-11 08:37:24,609 [omNode-1@group-523986131536-StateMachineUpdater] INFO  ratis.OzoneManagerStateMachine (OzoneManagerStateMachine.java:takeSnapshotImpl(470)) - snapshot = (t:1, i:51)
2024-03-11 08:37:24,610 [main] INFO  om.OzoneManager (OzoneManager.java:stop(2241)) - omNode-3[localhost:15184]: Stopping Ozone Manager
2024-03-11 08:37:24,610 [main] INFO  ipc.Server (Server.java:stop(3523)) - Stopping server on 15184
2024-03-11 08:37:24,613 [IPC Server listener on 15184] INFO  ipc.Server (Server.java:run(1434)) - Stopping IPC Server listener on 15184
2024-03-11 08:37:24,613 [IPC Server Responder] INFO  ipc.Server (Server.java:run(1567)) - Stopping IPC Server Responder
2024-03-11 08:37:24,614 [main] INFO  ratis.OzoneManagerRatisServer (OzoneManagerRatisServer.java:stop(594)) - Stopping org.apache.hadoop.ozone.om.ratis.OzoneManagerRatisServer@2fba18e9 at port 15187
2024-03-11 08:37:24,614 [main] INFO  server.RaftServer (RaftServerProxy.java:lambda$close$9(416)) - omNode-3: close
2024-03-11 08:37:24,614 [main] INFO  server.GrpcService (GrpcService.java:closeImpl(311)) - omNode-3: shutdown server GrpcServerProtocolService now
2024-03-11 08:37:24,614 [omNode-3-impl-thread2] INFO  server.RaftServer$Division (RaftServerImpl.java:lambda$close$3(526)) - omNode-3@group-523986131536: shutdown
2024-03-11 08:37:24,615 [omNode-3-impl-thread2] INFO  util.JmxRegister (JmxRegister.java:unregister(73)) - Successfully un-registered JMX Bean with object name Ratis:service=RaftServer,group=group-523986131536,id=omNode-3
2024-03-11 08:37:24,615 [omNode-3-impl-thread2] INFO  impl.RoleInfo (RoleInfo.java:shutdownFollowerState(110)) - omNode-3: shutdown omNode-3@group-523986131536-FollowerState
2024-03-11 08:37:24,615 [omNode-3-impl-thread2] INFO  impl.StateMachineUpdater (StateMachineUpdater.java:stopAndJoin(157)) - omNode-3@group-523986131536-StateMachineUpdater: set stopIndex = 52
2024-03-11 08:37:24,615 [omNode-3@group-523986131536-FollowerState] INFO  impl.FollowerState (FollowerState.java:run(152)) - omNode-3@group-523986131536-FollowerState was interrupted
2024-03-11 08:37:24,615 [omNode-3@group-523986131536-StateMachineUpdater] INFO  ratis.OzoneManagerStateMachine (OzoneManagerStateMachine.java:takeSnapshotImpl(467)) -  applied = (t:1, i:51)
2024-03-11 08:37:24,616 [omNode-3@group-523986131536-StateMachineUpdater] INFO  ratis.OzoneManagerStateMachine (OzoneManagerStateMachine.java:takeSnapshotImpl(468)) -  skipped = 51
2024-03-11 08:37:24,616 [omNode-3@group-523986131536-StateMachineUpdater] INFO  ratis.OzoneManagerStateMachine (OzoneManagerStateMachine.java:takeSnapshotImpl(469)) - notified = (t:1, i:52)
2024-03-11 08:37:24,616 [omNode-3@group-523986131536-StateMachineUpdater] INFO  ratis.OzoneManagerStateMachine (OzoneManagerStateMachine.java:takeSnapshotImpl(470)) - snapshot = (t:1, i:52)
2024-03-11 08:37:24,616 [grpc-default-executor-5] WARN  server.GrpcServerProtocolService (LogUtils.java:warn(121)) - omNode-3: APPEND_ENTRIES onError, lastRequest: null: org.apache.ratis.thirdparty.io.grpc.StatusRuntimeException: CANCELLED: client cancelled
2024-03-11 08:37:24,617 [grpc-default-executor-2] WARN  server.GrpcServerProtocolService (LogUtils.java:warn(121)) - omNode-3: APPEND_ENTRIES onError, lastRequest: omNode-1->omNode-3#155-t1,previous=(t:1, i:51),leaderCommit=51,initializing? false,entries: size=1, first=(t:1, i:52), METADATAENTRY(c:51): org.apache.ratis.thirdparty.io.grpc.StatusRuntimeException: CANCELLED: client cancelled
2024-03-11 08:37:24,617 [main] INFO  server.GrpcService (GrpcService.java:closeImpl(320)) - omNode-3: shutdown server GrpcServerProtocolService successfully
2024-03-11 08:37:24,619 [grpc-default-executor-2] WARN  server.GrpcLogAppender (GrpcLogAppender.java:lambda$resetClient$1(217)) - omNode-1@group-523986131536->omNode-3-GrpcLogAppender: Follower failed (request=null, errorCount=1); keep nextIndex (53) unchanged and retry.
2024-03-11 08:37:24,619 [grpc-default-executor-5] WARN  server.GrpcLogAppender (LogUtils.java:warn(121)) - omNode-1@group-523986131536->omNode-3-AppendLogResponseHandler: Failed appendEntries: org.apache.ratis.thirdparty.io.grpc.StatusRuntimeException: CANCELLED: RST_STREAM closed stream. HTTP/2 error code: CANCEL
2024-03-11 08:37:24,623 [omNode-3@group-523986131536-StateMachineUpdater] INFO  impl.StateMachineUpdater (StateMachineUpdater.java:takeSnapshot(295)) - omNode-3@group-523986131536-StateMachineUpdater: Took a snapshot at index 52
2024-03-11 08:37:24,623 [omNode-3@group-523986131536-StateMachineUpdater] INFO  impl.StateMachineUpdater (StateMachineUpdater.java:lambda$new$0(98)) - omNode-3@group-523986131536-StateMachineUpdater: snapshotIndex: updateIncreasingly 50 -> 52
2024-03-11 08:37:24,623 [omNode-3@group-523986131536-StateMachineUpdater] INFO  ratis.OzoneManagerStateMachine (OzoneManagerStateMachine.java:close(513)) - Stopping OzoneManagerStateMachine:omNode-3:group-523986131536.
2024-03-11 08:37:24,623 [omNode-3@group-523986131536-StateMachineUpdater] INFO  ratis.OzoneManagerDoubleBuffer (OzoneManagerDoubleBuffer.java:stopDaemon(517)) - Stopping OMDoubleBuffer flush thread
2024-03-11 08:37:24,623 [omNode-3-OMDoubleBufferFlushThread] INFO  ratis.OzoneManagerDoubleBuffer (OzoneManagerDoubleBuffer.java:canFlush(581)) - OMDoubleBuffer flush thread omNode-3-OMDoubleBufferFlushThread is interrupted and will exit.
2024-03-11 08:37:24,625 [omNode-3-impl-thread2] INFO  server.RaftServer$Division (ServerState.java:close(427)) - omNode-3@group-523986131536: applyIndex: 51
2024-03-11 08:37:24,625 [omNode-3@group-523986131536-cacheEviction-AwaitToRun] INFO  util.AwaitToRun (AwaitToRun.java:run(49)) - omNode-3@group-523986131536-cacheEviction-AwaitToRun-AwaitForSignal is interrupted
2024-03-11 08:37:24,637 [omNode-1@group-523986131536-StateMachineUpdater] INFO  impl.StateMachineUpdater (StateMachineUpdater.java:takeSnapshot(295)) - omNode-1@group-523986131536-StateMachineUpdater: Took a snapshot at index 51
2024-03-11 08:37:24,637 [omNode-1@group-523986131536-StateMachineUpdater] INFO  impl.StateMachineUpdater (StateMachineUpdater.java:lambda$new$0(98)) - omNode-1@group-523986131536-StateMachineUpdater: snapshotIndex: updateIncreasingly -1 -> 51
2024-03-11 08:37:24,637 [omNode-1@group-523986131536-StateMachineUpdater] INFO  raftlog.RaftLog (RaftLogBase.java:purge(330)) - omNode-1@group-523986131536-SegmentedRaftLog: purge 51
2024-03-11 08:37:24,637 [omNode-1@group-523986131536-StateMachineUpdater] INFO  raftlog.RaftLog (RaftLogBase.java:lambda$new$0(54)) - omNode-1@group-523986131536-SegmentedRaftLog: snapshotIndex: updateIncreasingly -1 -> 51
2024-03-11 08:37:24,637 [omNode-1@group-523986131536-StateMachineUpdater] INFO  raftlog.RaftLog (RaftLogBase.java:lambda$new$0(54)) - omNode-1@group-523986131536-SegmentedRaftLog: purgeIndex: updateToMax old=-1, new=51, updated? true
2024-03-11 08:37:24,642 [omNode-3-impl-thread2] INFO  segmented.SegmentedRaftLogWorker (SegmentedRaftLogWorker.java:close(245)) - omNode-3@group-523986131536-SegmentedRaftLogWorker close()
2024-03-11 08:37:24,643 [JvmPauseMonitor52] INFO  util.JvmPauseMonitor (JvmPauseMonitor.java:run(152)) - JvmPauseMonitor-omNode-3: Stopped
2024-03-11 08:37:24,645 [main] INFO  utils.BackgroundService (BackgroundService.java:shutdown(160)) - Shutting down service KeyDeletingService
2024-03-11 08:37:24,645 [main] INFO  utils.BackgroundService (BackgroundService.java:shutdown(160)) - Shutting down service DirectoryDeletingService
2024-03-11 08:37:24,646 [main] INFO  utils.BackgroundService (BackgroundService.java:shutdown(160)) - Shutting down service OpenKeyCleanupService
2024-03-11 08:37:24,646 [main] INFO  utils.BackgroundService (BackgroundService.java:shutdown(160)) - Shutting down service SstFilteringService
2024-03-11 08:37:24,646 [main] INFO  utils.BackgroundService (BackgroundService.java:shutdown(160)) - Shutting down service SnapshotDeletingService
2024-03-11 08:37:24,646 [main] INFO  utils.BackgroundService (BackgroundService.java:shutdown(160)) - Shutting down service MultipartUploadCleanupService
2024-03-11 08:37:24,647 [main] INFO  utils.BackgroundService (BackgroundService.java:shutdown(160)) - Shutting down service SnapshotDirectoryCleaningService
2024-03-11 08:37:24,647 [main] INFO  handler.ContextHandler (ContextHandler.java:doStop(1159)) - Stopped o.e.j.w.WebAppContext@31b2ea1c{ozoneManager,/,null,STOPPED}{file:/home/runner/work/ozone/ozone/hadoop-ozone/integration-test/target/test-classes/webapps/ozoneManager}
2024-03-11 08:37:24,648 [main] INFO  server.AbstractConnector (AbstractConnector.java:doStop(383)) - Stopped ServerConnector@3805ebbe{HTTP/1.1, (http/1.1)}{0.0.0.0:15185}
2024-03-11 08:37:24,648 [main] INFO  server.session (HouseKeeper.java:stopScavenging(149)) - node0 Stopped scavenging
2024-03-11 08:37:24,648 [main] INFO  handler.ContextHandler (ContextHandler.java:doStop(1159)) - Stopped o.e.j.s.ServletContextHandler@fc30df2{static,/static,file:///home/runner/work/ozone/ozone/hadoop-ozone/integration-test/target/test-classes/webapps/static,STOPPED}
2024-03-11 08:37:24,648 [main] INFO  handler.ContextHandler (ContextHandler.java:doStop(1159)) - Stopped o.e.j.s.ServletContextHandler@90f4213{logs,/logs,file:///home/runner/work/ozone/ozone/hadoop-ozone/integration-test/target/log,STOPPED}
2024-03-11 08:37:24,649 [main] INFO  rocksdiff.RocksDBCheckpointDiffer (RocksDBCheckpointDiffer.java:close(310)) - Shutting down CompactionDagPruningService.
2024-03-11 08:37:24,650 [main] INFO  snapshot.SnapshotDiffManager (SnapshotDiffManager.java:closeExecutorService(1657)) - Shutting down executorService: 'SnapDiffExecutor'
2024-03-11 08:37:24,650 [main] INFO  utils.BackgroundService (BackgroundService.java:shutdown(160)) - Shutting down service SnapshotDiffCleanupService
2024-03-11 08:37:24,651 [main] INFO  om.OzoneManager (OzoneManager.java:stop(2241)) - omNode-1[localhost:15176]: Stopping Ozone Manager
2024-03-11 08:37:24,652 [main] INFO  ipc.Server (Server.java:stop(3523)) - Stopping server on 15176
2024-03-11 08:37:24,654 [IPC Server Responder] INFO  ipc.Server (Server.java:run(1567)) - Stopping IPC Server Responder
2024-03-11 08:37:24,654 [main] INFO  ratis.OzoneManagerRatisServer (OzoneManagerRatisServer.java:stop(594)) - Stopping org.apache.hadoop.ozone.om.ratis.OzoneManagerRatisServer@7599720e at port 15179
2024-03-11 08:37:24,654 [IPC Server listener on 15176] INFO  ipc.Server (Server.java:run(1434)) - Stopping IPC Server listener on 15176
2024-03-11 08:37:24,654 [main] INFO  server.RaftServer (RaftServerProxy.java:lambda$close$9(416)) - omNode-1: close
2024-03-11 08:37:24,655 [main] INFO  server.GrpcService (GrpcService.java:closeImpl(311)) - omNode-1: shutdown server GrpcServerProtocolService now
2024-03-11 08:37:24,655 [omNode-1-impl-thread2] INFO  server.RaftServer$Division (RaftServerImpl.java:lambda$close$3(526)) - omNode-1@group-523986131536: shutdown
2024-03-11 08:37:24,655 [omNode-1-impl-thread2] INFO  util.JmxRegister (JmxRegister.java:unregister(73)) - Successfully un-registered JMX Bean with object name Ratis:service=RaftServer,group=group-523986131536,id=omNode-1
2024-03-11 08:37:24,656 [omNode-1-impl-thread2] INFO  impl.RoleInfo (RoleInfo.java:shutdownLeaderState(94)) - omNode-1: shutdown omNode-1@group-523986131536-LeaderStateImpl
2024-03-11 08:37:24,656 [omNode-1-impl-thread2] INFO  impl.PendingRequests (PendingRequests.java:sendNotLeaderResponses(289)) - omNode-1@group-523986131536-PendingRequests: sendNotLeaderResponses
2024-03-11 08:37:24,656 [omNode-1@group-523986131536->omNode-2-GrpcLogAppender-LogAppenderDaemon] WARN  server.GrpcLogAppender (GrpcLogAppender.java:mayWait(289)) - omNode-1@group-523986131536->omNode-2-GrpcLogAppender: Wait interrupted by java.lang.InterruptedException
2024-03-11 08:37:24,656 [Thread-8859] INFO  server.GrpcServerProtocolClient (GrpcServerProtocolClient.java:close(103)) - omNode-3 Close channels
2024-03-11 08:37:24,656 [omNode-1@group-523986131536->omNode-3-GrpcLogAppender-LogAppenderDaemon] WARN  server.GrpcLogAppender (GrpcLogAppender.java:mayWait(289)) - omNode-1@group-523986131536->omNode-3-GrpcLogAppender: Wait interrupted by java.lang.InterruptedException
2024-03-11 08:37:24,656 [Thread-8861] INFO  server.GrpcServerProtocolClient (GrpcServerProtocolClient.java:close(103)) - omNode-2 Close channels
2024-03-11 08:37:24,660 [grpc-default-executor-2] INFO  server.GrpcServerProtocolService (GrpcServerProtocolService.java:onCompleted(157)) - omNode-2: Completed APPEND_ENTRIES, lastRequest: null
2024-03-11 08:37:24,661 [grpc-default-executor-2] INFO  server.GrpcServerProtocolService (GrpcServerProtocolService.java:lambda$onCompleted$5(159)) - omNode-2: Completed APPEND_ENTRIES, lastReply: serverReply {
  requestorId: "omNode-1"
  replyId: "omNode-2"
  raftGroupId {
    id: "\311\274L\364;\303<`\246kR9\206\023\0256"
  }
  callId: 396
  success: true
}
term: 1
nextIndex: 53
followerCommit: 52
matchIndex: 18446744073709551615
isHearbeat: true

2024-03-11 08:37:24,660 [grpc-default-executor-5] INFO  server.GrpcServerProtocolService (GrpcServerProtocolService.java:onCompleted(157)) - omNode-2: Completed APPEND_ENTRIES, lastRequest: omNode-1->omNode-2#154-t1,previous=(t:1, i:51),leaderCommit=51,initializing? false,entries: size=1, first=(t:1, i:52), METADATAENTRY(c:51)
2024-03-11 08:37:24,662 [grpc-default-executor-5] INFO  server.GrpcServerProtocolService (GrpcServerProtocolService.java:lambda$onCompleted$5(159)) - omNode-2: Completed APPEND_ENTRIES, lastReply: null
2024-03-11 08:37:24,662 [grpc-default-executor-5] INFO  server.GrpcLogAppender (GrpcLogAppender.java:onCompleted(546)) - omNode-1@group-523986131536->omNode-2-AppendLogResponseHandler: follower responses appendEntries COMPLETED
2024-03-11 08:37:24,660 [omNode-1@group-523986131536-StateMachineUpdater] INFO  ratis.OzoneManagerStateMachine (OzoneManagerStateMachine.java:takeSnapshotImpl(467)) -  applied = (t:1, i:51)
2024-03-11 08:37:24,662 [omNode-1@group-523986131536-StateMachineUpdater] INFO  ratis.OzoneManagerStateMachine (OzoneManagerStateMachine.java:takeSnapshotImpl(468)) -  skipped = 51
2024-03-11 08:37:24,663 [omNode-1@group-523986131536-StateMachineUpdater] INFO  ratis.OzoneManagerStateMachine (OzoneManagerStateMachine.java:takeSnapshotImpl(469)) - notified = (t:1, i:52)
2024-03-11 08:37:24,663 [omNode-1@group-523986131536-StateMachineUpdater] INFO  ratis.OzoneManagerStateMachine (OzoneManagerStateMachine.java:takeSnapshotImpl(470)) - snapshot = (t:1, i:52)
2024-03-11 08:37:24,663 [grpc-default-executor-2] INFO  server.GrpcLogAppender (GrpcLogAppender.java:onCompleted(546)) - omNode-1@group-523986131536->omNode-2-AppendLogResponseHandler: follower responses appendEntries COMPLETED
2024-03-11 08:37:24,663 [grpc-default-executor-2] WARN  server.GrpcLogAppender (GrpcLogAppender.java:resetClient(226)) - omNode-1@group-523986131536->omNode-2-GrpcLogAppender: Failed to getClient for omNode-2
org.apache.ratis.protocol.exceptions.AlreadyClosedException: omNode-1 is already CLOSED
	at org.apache.ratis.util.PeerProxyMap$PeerAndProxy.getProxy(PeerProxyMap.java:65)
	at org.apache.ratis.util.PeerProxyMap.getProxy(PeerProxyMap.java:114)
	at org.apache.ratis.grpc.server.GrpcLogAppender.getClient(GrpcLogAppender.java:196)
	at org.apache.ratis.grpc.server.GrpcLogAppender.resetClient(GrpcLogAppender.java:201)
	at org.apache.ratis.grpc.server.GrpcLogAppender.access$800(GrpcLogAppender.java:62)
	at org.apache.ratis.grpc.server.GrpcLogAppender$AppendLogResponseHandler.onCompleted(GrpcLogAppender.java:547)
	at org.apache.ratis.thirdparty.io.grpc.stub.ClientCalls$StreamObserverToCallListenerAdapter.onClose(ClientCalls.java:479)
	at org.apache.ratis.thirdparty.io.grpc.internal.ClientCallImpl.closeObserver(ClientCallImpl.java:567)
	at org.apache.ratis.thirdparty.io.grpc.internal.ClientCallImpl.access$300(ClientCallImpl.java:71)
	at org.apache.ratis.thirdparty.io.grpc.internal.ClientCallImpl$ClientStreamListenerImpl$1StreamClosed.runInternal(ClientCallImpl.java:735)
	at org.apache.ratis.thirdparty.io.grpc.internal.ClientCallImpl$ClientStreamListenerImpl$1StreamClosed.runInContext(ClientCallImpl.java:716)
	at org.apache.ratis.thirdparty.io.grpc.internal.ContextRunnable.run(ContextRunnable.java:37)
	at org.apache.ratis.thirdparty.io.grpc.internal.SerializingExecutor.run(SerializingExecutor.java:133)
	at java.util.concurrent.ThreadPoolExecutor.runWorker(ThreadPoolExecutor.java:1149)
	at java.util.concurrent.ThreadPoolExecutor$Worker.run(ThreadPoolExecutor.java:624)
	at java.lang.Thread.run(Thread.java:750)
2024-03-11 08:37:24,659 [omNode-1-impl-thread2] INFO  impl.StateMachineUpdater (StateMachineUpdater.java:stopAndJoin(157)) - omNode-1@group-523986131536-StateMachineUpdater: set stopIndex = 52
2024-03-11 08:37:24,663 [main] INFO  server.GrpcService (GrpcService.java:closeImpl(320)) - omNode-1: shutdown server GrpcServerProtocolService successfully
2024-03-11 08:37:24,662 [grpc-default-executor-5] WARN  server.GrpcLogAppender (GrpcLogAppender.java:resetClient(226)) - omNode-1@group-523986131536->omNode-2-GrpcLogAppender: Failed to getClient for omNode-2
org.apache.ratis.protocol.exceptions.AlreadyClosedException: omNode-1 is already CLOSED
	at org.apache.ratis.util.PeerProxyMap$PeerAndProxy.getProxy(PeerProxyMap.java:65)
	at org.apache.ratis.util.PeerProxyMap.getProxy(PeerProxyMap.java:114)
	at org.apache.ratis.grpc.server.GrpcLogAppender.getClient(GrpcLogAppender.java:196)
	at org.apache.ratis.grpc.server.GrpcLogAppender.resetClient(GrpcLogAppender.java:201)
	at org.apache.ratis.grpc.server.GrpcLogAppender.access$800(GrpcLogAppender.java:62)
	at org.apache.ratis.grpc.server.GrpcLogAppender$AppendLogResponseHandler.onCompleted(GrpcLogAppender.java:547)
	at org.apache.ratis.thirdparty.io.grpc.stub.ClientCalls$StreamObserverToCallListenerAdapter.onClose(ClientCalls.java:479)
	at org.apache.ratis.thirdparty.io.grpc.internal.ClientCallImpl.closeObserver(ClientCallImpl.java:567)
	at org.apache.ratis.thirdparty.io.grpc.internal.ClientCallImpl.access$300(ClientCallImpl.java:71)
	at org.apache.ratis.thirdparty.io.grpc.internal.ClientCallImpl$ClientStreamListenerImpl$1StreamClosed.runInternal(ClientCallImpl.java:735)
	at org.apache.ratis.thirdparty.io.grpc.internal.ClientCallImpl$ClientStreamListenerImpl$1StreamClosed.runInContext(ClientCallImpl.java:716)
	at org.apache.ratis.thirdparty.io.grpc.internal.ContextRunnable.run(ContextRunnable.java:37)
	at org.apache.ratis.thirdparty.io.grpc.internal.SerializingExecutor.run(SerializingExecutor.java:133)
	at java.util.concurrent.ThreadPoolExecutor.runWorker(ThreadPoolExecutor.java:1149)
	at java.util.concurrent.ThreadPoolExecutor$Worker.run(ThreadPoolExecutor.java:624)
	at java.lang.Thread.run(Thread.java:750)
2024-03-11 08:37:24,667 [omNode-1@group-523986131536-StateMachineUpdater] INFO  impl.StateMachineUpdater (StateMachineUpdater.java:takeSnapshot(295)) - omNode-1@group-523986131536-StateMachineUpdater: Took a snapshot at index 52
2024-03-11 08:37:24,667 [omNode-1@group-523986131536-StateMachineUpdater] INFO  impl.StateMachineUpdater (StateMachineUpdater.java:lambda$new$0(98)) - omNode-1@group-523986131536-StateMachineUpdater: snapshotIndex: updateIncreasingly 51 -> 52
2024-03-11 08:37:24,667 [omNode-1@group-523986131536-StateMachineUpdater] INFO  ratis.OzoneManagerStateMachine (OzoneManagerStateMachine.java:close(513)) - Stopping OzoneManagerStateMachine:omNode-1:group-523986131536.
2024-03-11 08:37:24,667 [omNode-1@group-523986131536-StateMachineUpdater] INFO  ratis.OzoneManagerDoubleBuffer (OzoneManagerDoubleBuffer.java:stopDaemon(517)) - Stopping OMDoubleBuffer flush thread
2024-03-11 08:37:24,668 [omNode-1-OMDoubleBufferFlushThread] INFO  ratis.OzoneManagerDoubleBuffer (OzoneManagerDoubleBuffer.java:canFlush(581)) - OMDoubleBuffer flush thread omNode-1-OMDoubleBufferFlushThread is interrupted and will exit.
2024-03-11 08:37:24,668 [omNode-1-impl-thread2] INFO  server.RaftServer$Division (ServerState.java:close(427)) - omNode-1@group-523986131536: applyIndex: 51
2024-03-11 08:37:24,669 [omNode-1@group-523986131536-cacheEviction-AwaitToRun] INFO  util.AwaitToRun (AwaitToRun.java:run(49)) - omNode-1@group-523986131536-cacheEviction-AwaitToRun-AwaitForSignal is interrupted
2024-03-11 08:37:25,610 [omNode-1-impl-thread2] INFO  segmented.SegmentedRaftLogWorker (SegmentedRaftLogWorker.java:close(245)) - omNode-1@group-523986131536-SegmentedRaftLogWorker close()
2024-03-11 08:37:25,611 [JvmPauseMonitor50] INFO  util.JvmPauseMonitor (JvmPauseMonitor.java:run(152)) - JvmPauseMonitor-omNode-1: Stopped
2024-03-11 08:37:25,611 [main] INFO  utils.BackgroundService (BackgroundService.java:shutdown(160)) - Shutting down service KeyDeletingService
2024-03-11 08:37:25,611 [main] INFO  utils.BackgroundService (BackgroundService.java:shutdown(160)) - Shutting down service DirectoryDeletingService
2024-03-11 08:37:25,611 [main] INFO  utils.BackgroundService (BackgroundService.java:shutdown(160)) - Shutting down service OpenKeyCleanupService
2024-03-11 08:37:25,612 [main] INFO  utils.BackgroundService (BackgroundService.java:shutdown(160)) - Shutting down service SstFilteringService
2024-03-11 08:37:25,612 [main] INFO  utils.BackgroundService (BackgroundService.java:shutdown(160)) - Shutting down service SnapshotDeletingService
2024-03-11 08:37:25,612 [main] INFO  utils.BackgroundService (BackgroundService.java:shutdown(160)) - Shutting down service MultipartUploadCleanupService
2024-03-11 08:37:25,613 [main] INFO  utils.BackgroundService (BackgroundService.java:shutdown(160)) - Shutting down service SnapshotDirectoryCleaningService
2024-03-11 08:37:25,613 [main] INFO  handler.ContextHandler (ContextHandler.java:doStop(1159)) - Stopped o.e.j.w.WebAppContext@17f07fb1{ozoneManager,/,null,STOPPED}{file:/home/runner/work/ozone/ozone/hadoop-ozone/integration-test/target/test-classes/webapps/ozoneManager}
2024-03-11 08:37:25,614 [main] INFO  server.AbstractConnector (AbstractConnector.java:doStop(383)) - Stopped ServerConnector@2bcd4f3d{HTTP/1.1, (http/1.1)}{0.0.0.0:15177}
2024-03-11 08:37:25,614 [main] INFO  server.session (HouseKeeper.java:stopScavenging(149)) - node0 Stopped scavenging
2024-03-11 08:37:25,614 [main] INFO  handler.ContextHandler (ContextHandler.java:doStop(1159)) - Stopped o.e.j.s.ServletContextHandler@66f6ae9a{static,/static,file:///home/runner/work/ozone/ozone/hadoop-ozone/integration-test/target/test-classes/webapps/static,STOPPED}
2024-03-11 08:37:25,614 [main] INFO  handler.ContextHandler (ContextHandler.java:doStop(1159)) - Stopped o.e.j.s.ServletContextHandler@6fc42eff{logs,/logs,file:///home/runner/work/ozone/ozone/hadoop-ozone/integration-test/target/log,STOPPED}
2024-03-11 08:37:25,615 [main] INFO  rocksdiff.RocksDBCheckpointDiffer (RocksDBCheckpointDiffer.java:close(310)) - Shutting down CompactionDagPruningService.
2024-03-11 08:37:25,616 [main] INFO  snapshot.SnapshotDiffManager (SnapshotDiffManager.java:closeExecutorService(1657)) - Shutting down executorService: 'SnapDiffExecutor'
2024-03-11 08:37:25,616 [main] INFO  utils.BackgroundService (BackgroundService.java:shutdown(160)) - Shutting down service SnapshotDiffCleanupService
2024-03-11 08:37:25,617 [main] INFO  om.OzoneManager (OzoneManager.java:stop(2241)) - omNode-2[localhost:15180]: Stopping Ozone Manager
2024-03-11 08:37:25,618 [main] INFO  ipc.Server (Server.java:stop(3523)) - Stopping server on 15180
2024-03-11 08:37:25,619 [IPC Server listener on 15180] INFO  ipc.Server (Server.java:run(1434)) - Stopping IPC Server listener on 15180
2024-03-11 08:37:25,619 [IPC Server Responder] INFO  ipc.Server (Server.java:run(1567)) - Stopping IPC Server Responder
2024-03-11 08:37:25,621 [main] INFO  ratis.OzoneManagerRatisServer (OzoneManagerRatisServer.java:stop(594)) - Stopping org.apache.hadoop.ozone.om.ratis.OzoneManagerRatisServer@47922f2c at port 15183
2024-03-11 08:37:25,621 [main] INFO  server.RaftServer (RaftServerProxy.java:lambda$close$9(416)) - omNode-2: close
2024-03-11 08:37:25,621 [main] INFO  server.GrpcService (GrpcService.java:closeImpl(311)) - omNode-2: shutdown server GrpcServerProtocolService now
2024-03-11 08:37:25,621 [omNode-2-impl-thread2] INFO  server.RaftServer$Division (RaftServerImpl.java:lambda$close$3(526)) - omNode-2@group-523986131536: shutdown
2024-03-11 08:37:25,621 [omNode-2-impl-thread2] INFO  util.JmxRegister (JmxRegister.java:unregister(73)) - Successfully un-registered JMX Bean with object name Ratis:service=RaftServer,group=group-523986131536,id=omNode-2
2024-03-11 08:37:25,621 [omNode-2-impl-thread2] INFO  impl.RoleInfo (RoleInfo.java:shutdownFollowerState(110)) - omNode-2: shutdown omNode-2@group-523986131536-FollowerState
2024-03-11 08:37:25,621 [omNode-2@group-523986131536-FollowerState] INFO  impl.FollowerState (FollowerState.java:run(152)) - omNode-2@group-523986131536-FollowerState was interrupted
2024-03-11 08:37:25,622 [omNode-2-impl-thread2] INFO  impl.StateMachineUpdater (StateMachineUpdater.java:stopAndJoin(157)) - omNode-2@group-523986131536-StateMachineUpdater: set stopIndex = 52
2024-03-11 08:37:25,622 [omNode-2@group-523986131536-StateMachineUpdater] INFO  ratis.OzoneManagerStateMachine (OzoneManagerStateMachine.java:takeSnapshotImpl(467)) -  applied = (t:1, i:51)
2024-03-11 08:37:25,622 [omNode-2@group-523986131536-StateMachineUpdater] INFO  ratis.OzoneManagerStateMachine (OzoneManagerStateMachine.java:takeSnapshotImpl(468)) -  skipped = 51
2024-03-11 08:37:25,622 [main] INFO  server.GrpcService (GrpcService.java:closeImpl(320)) - omNode-2: shutdown server GrpcServerProtocolService successfully
2024-03-11 08:37:25,622 [omNode-2@group-523986131536-StateMachineUpdater] INFO  ratis.OzoneManagerStateMachine (OzoneManagerStateMachine.java:takeSnapshotImpl(469)) - notified = (t:1, i:52)
2024-03-11 08:37:25,622 [omNode-2@group-523986131536-StateMachineUpdater] INFO  ratis.OzoneManagerStateMachine (OzoneManagerStateMachine.java:takeSnapshotImpl(470)) - snapshot = (t:1, i:52)
2024-03-11 08:37:25,627 [omNode-2@group-523986131536-StateMachineUpdater] INFO  impl.StateMachineUpdater (StateMachineUpdater.java:takeSnapshot(295)) - omNode-2@group-523986131536-StateMachineUpdater: Took a snapshot at index 52
2024-03-11 08:37:25,627 [omNode-2@group-523986131536-StateMachineUpdater] INFO  impl.StateMachineUpdater (StateMachineUpdater.java:lambda$new$0(98)) - omNode-2@group-523986131536-StateMachineUpdater: snapshotIndex: updateIncreasingly 50 -> 52
2024-03-11 08:37:25,627 [omNode-2@group-523986131536-StateMachineUpdater] INFO  ratis.OzoneManagerStateMachine (OzoneManagerStateMachine.java:close(513)) - Stopping OzoneManagerStateMachine:omNode-2:group-523986131536.
2024-03-11 08:37:25,627 [omNode-2@group-523986131536-StateMachineUpdater] INFO  ratis.OzoneManagerDoubleBuffer (OzoneManagerDoubleBuffer.java:stopDaemon(517)) - Stopping OMDoubleBuffer flush thread
2024-03-11 08:37:25,628 [omNode-2-OMDoubleBufferFlushThread] INFO  ratis.OzoneManagerDoubleBuffer (OzoneManagerDoubleBuffer.java:canFlush(581)) - OMDoubleBuffer flush thread omNode-2-OMDoubleBufferFlushThread is interrupted and will exit.
2024-03-11 08:37:25,628 [omNode-2-impl-thread2] INFO  server.RaftServer$Division (ServerState.java:close(427)) - omNode-2@group-523986131536: applyIndex: 51
2024-03-11 08:37:25,628 [omNode-2@group-523986131536-cacheEviction-AwaitToRun] INFO  util.AwaitToRun (AwaitToRun.java:run(49)) - omNode-2@group-523986131536-cacheEviction-AwaitToRun-AwaitForSignal is interrupted
2024-03-11 08:37:25,643 [omNode-2-impl-thread2] INFO  segmented.SegmentedRaftLogWorker (SegmentedRaftLogWorker.java:close(245)) - omNode-2@group-523986131536-SegmentedRaftLogWorker close()
2024-03-11 08:37:25,644 [JvmPauseMonitor51] INFO  util.JvmPauseMonitor (JvmPauseMonitor.java:run(152)) - JvmPauseMonitor-omNode-2: Stopped
2024-03-11 08:37:25,644 [main] INFO  utils.BackgroundService (BackgroundService.java:shutdown(160)) - Shutting down service KeyDeletingService
2024-03-11 08:37:25,644 [main] INFO  utils.BackgroundService (BackgroundService.java:shutdown(160)) - Shutting down service DirectoryDeletingService
2024-03-11 08:37:25,644 [main] INFO  utils.BackgroundService (BackgroundService.java:shutdown(160)) - Shutting down service OpenKeyCleanupService
2024-03-11 08:37:25,645 [main] INFO  utils.BackgroundService (BackgroundService.java:shutdown(160)) - Shutting down service SstFilteringService
2024-03-11 08:37:25,645 [main] INFO  utils.BackgroundService (BackgroundService.java:shutdown(160)) - Shutting down service SnapshotDeletingService
2024-03-11 08:37:25,645 [main] INFO  utils.BackgroundService (BackgroundService.java:shutdown(160)) - Shutting down service MultipartUploadCleanupService
2024-03-11 08:37:25,645 [main] INFO  utils.BackgroundService (BackgroundService.java:shutdown(160)) - Shutting down service SnapshotDirectoryCleaningService
2024-03-11 08:37:25,646 [main] INFO  handler.ContextHandler (ContextHandler.java:doStop(1159)) - Stopped o.e.j.w.WebAppContext@f258d35{ozoneManager,/,null,STOPPED}{file:/home/runner/work/ozone/ozone/hadoop-ozone/integration-test/target/test-classes/webapps/ozoneManager}
2024-03-11 08:37:25,648 [main] INFO  server.AbstractConnector (AbstractConnector.java:doStop(383)) - Stopped ServerConnector@782e86e5{HTTP/1.1, (http/1.1)}{0.0.0.0:15181}
2024-03-11 08:37:25,648 [main] INFO  server.session (HouseKeeper.java:stopScavenging(149)) - node0 Stopped scavenging
2024-03-11 08:37:25,648 [main] INFO  handler.ContextHandler (ContextHandler.java:doStop(1159)) - Stopped o.e.j.s.ServletContextHandler@5545ca27{static,/static,file:///home/runner/work/ozone/ozone/hadoop-ozone/integration-test/target/test-classes/webapps/static,STOPPED}
2024-03-11 08:37:25,648 [main] INFO  handler.ContextHandler (ContextHandler.java:doStop(1159)) - Stopped o.e.j.s.ServletContextHandler@1af1b4aa{logs,/logs,file:///home/runner/work/ozone/ozone/hadoop-ozone/integration-test/target/log,STOPPED}
2024-03-11 08:37:25,649 [main] INFO  rocksdiff.RocksDBCheckpointDiffer (RocksDBCheckpointDiffer.java:close(310)) - Shutting down CompactionDagPruningService.
2024-03-11 08:37:25,650 [main] INFO  snapshot.SnapshotDiffManager (SnapshotDiffManager.java:closeExecutorService(1657)) - Shutting down executorService: 'SnapDiffExecutor'
2024-03-11 08:37:25,650 [main] INFO  utils.BackgroundService (BackgroundService.java:shutdown(160)) - Shutting down service SnapshotDiffCleanupService
2024-03-11 08:37:25,651 [main] INFO  om.OzoneManager (OzoneManager.java:restart(1747)) - OzoneManager RPC server is listening at localhost/127.0.0.1:15184
2024-03-11 08:37:25,651 [main] INFO  impl.MetricsSystemImpl (MetricsSystemImpl.java:init(158)) - OzoneManager metrics system started (again)
2024-03-11 08:37:25,659 [main] WARN  server.ServerUtils (ServerUtils.java:getDBPath(299)) - ozone.om.db.dirs is not configured. We recommend adding this setting. Falling back to ozone.metadata.dirs instead.
2024-03-11 08:37:25,659 [main] INFO  helpers.OmKeyInfo (OmKeyInfo.java:getCodec(71)) - OmKeyInfo.getCodec ignorePipeline = true
2024-03-11 08:37:25,694 [main] INFO  om.OzoneManager (OzoneManager.java:instantiateServices(811)) - S3 Multi-Tenancy is disabled
2024-03-11 08:37:25,695 [main] INFO  om.OmSnapshotManager (OmSnapshotManager.java:<init>(177)) - Ozone filesystem snapshot feature is enabled.
2024-03-11 08:37:25,695 [main] WARN  server.ServerUtils (ServerUtils.java:getDBPath(299)) - ozone.om.snapshot.diff.db.dir is not configured. We recommend adding this setting. Falling back to ozone.metadata.dirs instead.
2024-03-11 08:37:25,709 [main] INFO  utils.NativeLibraryLoader (NativeLibraryLoader.java:loadLibrary(108)) - Loading Library: ozone_rocksdb_tools
2024-03-11 08:37:25,710 [main] ERROR snapshot.SnapshotDiffManager (SnapshotDiffManager.java:initNativeLibraryForEfficientDiff(287)) - Native Library for raw sst file reading loading failed.
org.apache.hadoop.hdds.utils.NativeLibraryNotLoadedException: Unable to load library ozone_rocksdb_tools from both java.library.path & resource file libozone_rocksdb_tools.so from jar.
	at org.apache.hadoop.hdds.utils.db.managed.ManagedRawSSTFileReader.loadLibrary(ManagedRawSSTFileReader.java:38)
	at org.apache.hadoop.ozone.om.snapshot.SnapshotDiffManager.initNativeLibraryForEfficientDiff(SnapshotDiffManager.java:285)
	at org.apache.hadoop.ozone.om.snapshot.SnapshotDiffManager.<init>(SnapshotDiffManager.java:259)
	at org.apache.hadoop.ozone.om.OmSnapshotManager.<init>(OmSnapshotManager.java:279)
	at org.apache.hadoop.ozone.om.OzoneManager.instantiateServices(OzoneManager.java:863)
	at org.apache.hadoop.ozone.om.OzoneManager.restart(OzoneManager.java:1752)
	at org.apache.hadoop.ozone.MiniOzoneHAClusterImpl.restartOzoneManager(MiniOzoneHAClusterImpl.java:211)
	at org.apache.hadoop.ozone.om.TestOzoneManagerPrepare.resetCluster(TestOzoneManagerPrepare.java:113)
	at sun.reflect.NativeMethodAccessorImpl.invoke0(Native Method)
	at sun.reflect.NativeMethodAccessorImpl.invoke(NativeMethodAccessorImpl.java:62)
	at sun.reflect.DelegatingMethodAccessorImpl.invoke(DelegatingMethodAccessorImpl.java:43)
	at java.lang.reflect.Method.invoke(Method.java:498)
	at org.junit.platform.commons.util.ReflectionUtils.invokeMethod(ReflectionUtils.java:728)
	at org.junit.jupiter.engine.execution.MethodInvocation.proceed(MethodInvocation.java:60)
	at org.junit.jupiter.engine.execution.InvocationInterceptorChain$ValidatingInvocation.proceed(InvocationInterceptorChain.java:131)
	at org.junit.jupiter.engine.extension.TimeoutExtension.intercept(TimeoutExtension.java:156)
	at org.junit.jupiter.engine.extension.TimeoutExtension.interceptLifecycleMethod(TimeoutExtension.java:128)
	at org.junit.jupiter.engine.extension.TimeoutExtension.interceptAfterEachMethod(TimeoutExtension.java:110)
	at org.junit.jupiter.engine.execution.InterceptingExecutableInvoker$ReflectiveInterceptorCall.lambda$ofVoidMethod$0(InterceptingExecutableInvoker.java:103)
	at org.junit.jupiter.engine.execution.InterceptingExecutableInvoker.lambda$invoke$0(InterceptingExecutableInvoker.java:93)
	at org.junit.jupiter.engine.execution.InvocationInterceptorChain$InterceptedInvocation.proceed(InvocationInterceptorChain.java:106)
	at org.junit.jupiter.engine.execution.InvocationInterceptorChain.proceed(InvocationInterceptorChain.java:64)
	at org.junit.jupiter.engine.execution.InvocationInterceptorChain.chainAndInvoke(InvocationInterceptorChain.java:45)
	at org.junit.jupiter.engine.execution.InvocationInterceptorChain.invoke(InvocationInterceptorChain.java:37)
	at org.junit.jupiter.engine.execution.InterceptingExecutableInvoker.invoke(InterceptingExecutableInvoker.java:92)
	at org.junit.jupiter.engine.execution.InterceptingExecutableInvoker.invoke(InterceptingExecutableInvoker.java:86)
	at org.junit.jupiter.engine.descriptor.ClassBasedTestDescriptor.invokeMethodInExtensionContext(ClassBasedTestDescriptor.java:521)
	at org.junit.jupiter.engine.descriptor.ClassBasedTestDescriptor.lambda$synthesizeAfterEachMethodAdapter$24(ClassBasedTestDescriptor.java:511)
	at org.junit.jupiter.engine.descriptor.TestMethodTestDescriptor.lambda$invokeAfterEachMethods$10(TestMethodTestDescriptor.java:244)
	at org.junit.jupiter.engine.descriptor.TestMethodTestDescriptor.lambda$invokeAllAfterMethodsOrCallbacks$13(TestMethodTestDescriptor.java:277)
	at org.junit.platform.engine.support.hierarchical.ThrowableCollector.execute(ThrowableCollector.java:73)
	at org.junit.jupiter.engine.descriptor.TestMethodTestDescriptor.lambda$invokeAllAfterMethodsOrCallbacks$14(TestMethodTestDescriptor.java:277)
	at org.junit.platform.commons.util.CollectionUtils.forEachInReverseOrder(CollectionUtils.java:217)
	at org.junit.jupiter.engine.descriptor.TestMethodTestDescriptor.invokeAllAfterMethodsOrCallbacks(TestMethodTestDescriptor.java:276)
	at org.junit.jupiter.engine.descriptor.TestMethodTestDescriptor.invokeAfterEachMethods(TestMethodTestDescriptor.java:242)
	at org.junit.jupiter.engine.descriptor.TestMethodTestDescriptor.execute(TestMethodTestDescriptor.java:143)
	at org.junit.jupiter.engine.descriptor.TestMethodTestDescriptor.execute(TestMethodTestDescriptor.java:69)
	at org.junit.platform.engine.support.hierarchical.NodeTestTask.lambda$executeRecursively$6(NodeTestTask.java:151)
	at org.junit.platform.engine.support.hierarchical.ThrowableCollector.execute(ThrowableCollector.java:73)
	at org.junit.platform.engine.support.hierarchical.NodeTestTask.lambda$executeRecursively$8(NodeTestTask.java:141)
	at org.junit.platform.engine.support.hierarchical.Node.around(Node.java:137)
	at org.junit.platform.engine.support.hierarchical.NodeTestTask.lambda$executeRecursively$9(NodeTestTask.java:139)
	at org.junit.platform.engine.support.hierarchical.ThrowableCollector.execute(ThrowableCollector.java:73)
	at org.junit.platform.engine.support.hierarchical.NodeTestTask.executeRecursively(NodeTestTask.java:138)
	at org.junit.platform.engine.support.hierarchical.NodeTestTask.execute(NodeTestTask.java:95)
	at java.util.ArrayList.forEach(ArrayList.java:1259)
	at org.junit.platform.engine.support.hierarchical.SameThreadHierarchicalTestExecutorService.invokeAll(SameThreadHierarchicalTestExecutorService.java:41)
	at org.junit.platform.engine.support.hierarchical.NodeTestTask.lambda$executeRecursively$6(NodeTestTask.java:155)
	at org.junit.platform.engine.support.hierarchical.ThrowableCollector.execute(ThrowableCollector.java:73)
	at org.junit.platform.engine.support.hierarchical.NodeTestTask.lambda$executeRecursively$8(NodeTestTask.java:141)
	at org.junit.platform.engine.support.hierarchical.Node.around(Node.java:137)
	at org.junit.platform.engine.support.hierarchical.NodeTestTask.lambda$executeRecursively$9(NodeTestTask.java:139)
	at org.junit.platform.engine.support.hierarchical.ThrowableCollector.execute(ThrowableCollector.java:73)
	at org.junit.platform.engine.support.hierarchical.NodeTestTask.executeRecursively(NodeTestTask.java:138)
	at org.junit.platform.engine.support.hierarchical.NodeTestTask.execute(NodeTestTask.java:95)
	at java.util.ArrayList.forEach(ArrayList.java:1259)
	at org.junit.platform.engine.support.hierarchical.SameThreadHierarchicalTestExecutorService.invokeAll(SameThreadHierarchicalTestExecutorService.java:41)
	at org.junit.platform.engine.support.hierarchical.NodeTestTask.lambda$executeRecursively$6(NodeTestTask.java:155)
	at org.junit.platform.engine.support.hierarchical.ThrowableCollector.execute(ThrowableCollector.java:73)
	at org.junit.platform.engine.support.hierarchical.NodeTestTask.lambda$executeRecursively$8(NodeTestTask.java:141)
	at org.junit.platform.engine.support.hierarchical.Node.around(Node.java:137)
	at org.junit.platform.engine.support.hierarchical.NodeTestTask.lambda$executeRecursively$9(NodeTestTask.java:139)
	at org.junit.platform.engine.support.hierarchical.ThrowableCollector.execute(ThrowableCollector.java:73)
	at org.junit.platform.engine.support.hierarchical.NodeTestTask.executeRecursively(NodeTestTask.java:138)
	at org.junit.platform.engine.support.hierarchical.NodeTestTask.execute(NodeTestTask.java:95)
	at org.junit.platform.engine.support.hierarchical.SameThreadHierarchicalTestExecutorService.submit(SameThreadHierarchicalTestExecutorService.java:35)
	at org.junit.platform.engine.support.hierarchical.HierarchicalTestExecutor.execute(HierarchicalTestExecutor.java:57)
	at org.junit.platform.engine.support.hierarchical.HierarchicalTestEngine.execute(HierarchicalTestEngine.java:54)
	at org.junit.platform.launcher.core.EngineExecutionOrchestrator.execute(EngineExecutionOrchestrator.java:198)
	at org.junit.platform.launcher.core.EngineExecutionOrchestrator.execute(EngineExecutionOrchestrator.java:169)
	at org.junit.platform.launcher.core.EngineExecutionOrchestrator.execute(EngineExecutionOrchestrator.java:93)
	at org.junit.platform.launcher.core.EngineExecutionOrchestrator.lambda$execute$0(EngineExecutionOrchestrator.java:58)
	at org.junit.platform.launcher.core.EngineExecutionOrchestrator.withInterceptedStreams(EngineExecutionOrchestrator.java:141)
	at org.junit.platform.launcher.core.EngineExecutionOrchestrator.execute(EngineExecutionOrchestrator.java:57)
	at org.junit.platform.launcher.core.DefaultLauncher.execute(DefaultLauncher.java:103)
	at org.junit.platform.launcher.core.DefaultLauncher.execute(DefaultLauncher.java:85)
	at org.junit.platform.launcher.core.DelegatingLauncher.execute(DelegatingLauncher.java:47)
	at org.junit.platform.launcher.core.SessionPerRequestLauncher.execute(SessionPerRequestLauncher.java:63)
	at org.apache.maven.surefire.junitplatform.JUnitPlatformProvider.invokeAllTests(JUnitPlatformProvider.java:165)
	at org.apache.maven.surefire.junitplatform.JUnitPlatformProvider.invoke(JUnitPlatformProvider.java:124)
	at org.apache.maven.surefire.booter.ForkedBooter.runSuitesInProcess(ForkedBooter.java:428)
	at org.apache.maven.surefire.booter.ForkedBooter.execute(ForkedBooter.java:162)
	at org.apache.maven.surefire.booter.ForkedBooter.run(ForkedBooter.java:562)
	at org.apache.maven.surefire.booter.ForkedBooter.main(ForkedBooter.java:548)
2024-03-11 08:37:25,711 [main] WARN  om.OzoneManager (OzoneManager.java:instantiatePrepareStateOnStartup(4553)) - Prepare marker file index 52 does not match DB prepare index 51. Writing DB index to prepare file and maintaining prepared state.
2024-03-11 08:37:25,712 [main] INFO  om.OzoneManagerPrepareState (OzoneManagerPrepareState.java:writePrepareMarkerFile(262)) - Prepare marker file written with log index 51 to file /home/runner/work/ozone/ozone/hadoop-ozone/integration-test/target/test-dir/MiniOzoneClusterImpl-c7fe89f3-570b-44cc-9eba-475ffdeb33a6/omNode-3/current/prepareMarker
2024-03-11 08:37:25,714 [main] WARN  server.ServerUtils (ServerUtils.java:getDefaultRatisDirectory(311)) - Storage directory for Ratis is not configured. It is a good idea to map this to an SSD disk. Falling back to ozone.metadata.dirs
2024-03-11 08:37:25,715 [main] INFO  ratis.OzoneManagerRatisServer (OzoneManagerRatisServer.java:<init>(167)) - Instantiating OM Ratis server with groupID: om-service-test1 and peers: localhost:15187, localhost:15179, localhost:15183
2024-03-11 08:37:25,715 [main] INFO  ratis.OzoneManagerStateMachine (OzoneManagerStateMachine.java:loadSnapshotInfoFromDB(573)) - LastAppliedIndex is set from TransactionInfo from OM DB as (t:1, i:52)
2024-03-11 08:37:25,715 [main] INFO  server.RaftServer (ConfUtils.java:logGet(46)) - raft.rpc.type = GRPC (default)
2024-03-11 08:37:25,715 [main] INFO  grpc.GrpcConfigKeys (ConfUtils.java:logFallback(53)) - raft.grpc.admin.host = null (fallback to raft.grpc.server.host)
2024-03-11 08:37:25,715 [main] INFO  grpc.GrpcConfigKeys (ConfUtils.java:logFallback(53)) - raft.grpc.admin.port = 15187 (fallback to raft.grpc.server.port)
2024-03-11 08:37:25,716 [main] INFO  grpc.GrpcConfigKeys (ConfUtils.java:logFallback(53)) - raft.grpc.client.host = null (fallback to raft.grpc.server.host)
2024-03-11 08:37:25,716 [main] INFO  grpc.GrpcConfigKeys (ConfUtils.java:logFallback(53)) - raft.grpc.client.port = 15187 (fallback to raft.grpc.server.port)
2024-03-11 08:37:25,716 [main] INFO  grpc.GrpcConfigKeys (ConfUtils.java:logGet(46)) - raft.grpc.server.host = null (default)
2024-03-11 08:37:25,716 [main] INFO  grpc.GrpcConfigKeys (ConfUtils.java:logGet(46)) - raft.grpc.server.port = 15187 (custom)
2024-03-11 08:37:25,716 [main] INFO  server.GrpcService (ConfUtils.java:logGet(46)) - raft.grpc.message.size.max = 4194304 (custom)
2024-03-11 08:37:25,717 [main] INFO  server.RaftServerConfigKeys (ConfUtils.java:logGet(46)) - raft.server.log.appender.buffer.byte-limit = 4194304 (custom)
2024-03-11 08:37:25,717 [main] INFO  server.GrpcService (ConfUtils.java:logGet(46)) - raft.grpc.flow.control.window = 1MB (=1048576) (default)
2024-03-11 08:37:25,717 [main] INFO  server.RaftServerConfigKeys (ConfUtils.java:logGet(46)) - raft.server.rpc.request.timeout = 3000ms (default)
2024-03-11 08:37:25,717 [main] INFO  grpc.GrpcConfigKeys (ConfUtils.java:logGet(46)) - raft.grpc.server.heartbeat.channel = true (default)
2024-03-11 08:37:25,717 [main] INFO  grpc.GrpcConfigKeys (ConfUtils.java:logGet(46)) - raft.grpc.server.async.request.thread.pool.cached = true (default)
2024-03-11 08:37:25,718 [main] INFO  grpc.GrpcConfigKeys (ConfUtils.java:logGet(46)) - raft.grpc.server.async.request.thread.pool.size = 32 (default)
2024-03-11 08:37:25,719 [main] INFO  impl.DataStreamServerImpl (ConfUtils.java:logGet(46)) - raft.datastream.type = DISABLED (default)
2024-03-11 08:37:25,719 [main] INFO  server.RaftServerConfigKeys (ConfUtils.java:logGet(46)) - raft.server.sleep.deviation.threshold = 300ms (default)
2024-03-11 08:37:25,719 [main] INFO  server.RaftServerConfigKeys (ConfUtils.java:logGet(46)) - raft.server.close.threshold = 60s (default)
2024-03-11 08:37:25,719 [main] INFO  server.RaftServerConfigKeys (ConfUtils.java:logGet(46)) - raft.server.leaderelection.leader.step-down.wait-time = 10s (default)
2024-03-11 08:37:25,719 [main] INFO  server.RaftServerConfigKeys (ConfUtils.java:logGet(46)) - raft.server.storage.dir = [/home/runner/work/ozone/ozone/hadoop-ozone/integration-test/target/test-dir/MiniOzoneClusterImpl-c7fe89f3-570b-44cc-9eba-475ffdeb33a6/omNode-3/ratis] (custom)
2024-03-11 08:37:25,719 [main] INFO  server.RaftServerConfigKeys (ConfUtils.java:logGet(46)) - raft.server.threadpool.proxy.cached = true (default)
2024-03-11 08:37:25,720 [main] INFO  server.RaftServerConfigKeys (ConfUtils.java:logGet(46)) - raft.server.threadpool.proxy.size = 0 (default)
2024-03-11 08:37:25,720 [omNode-3-impl-thread1] INFO  server.RaftServer (RaftServerProxy.java:initGroupDir(264)) - omNode-3: found a subdirectory /home/runner/work/ozone/ozone/hadoop-ozone/integration-test/target/test-dir/MiniOzoneClusterImpl-c7fe89f3-570b-44cc-9eba-475ffdeb33a6/omNode-3/ratis/c9bc4cf4-3bc3-3c60-a66b-523986131536
2024-03-11 08:37:25,720 [main] INFO  server.RaftServer (RaftServerProxy.java:addNew(100)) - omNode-3: addNew group-523986131536:[omNode-3|localhost:15187, omNode-1|localhost:15179, omNode-2|localhost:15183] returns group-523986131536:java.util.concurrent.CompletableFuture@89de0ab[Not completed]
2024-03-11 08:37:25,720 [main] INFO  om.OzoneManager (OzoneManager.java:initializeRatisServer(2177)) - OzoneManager Ratis server initialized at port 15187
2024-03-11 08:37:25,721 [main] INFO  ratis.OzoneManagerRatisServer (OzoneManagerRatisServer.java:start(588)) - Starting OzoneManagerRatisServer omNode-3 at port 15187
2024-03-11 08:37:25,720 [omNode-3-groupManagement] INFO  server.RaftServer$Division (RaftServerImpl.java:<init>(256)) - omNode-3: new RaftServerImpl for group-523986131536:[omNode-3|localhost:15187, omNode-1|localhost:15179, omNode-2|localhost:15183] with OzoneManagerStateMachine:uninitialized
2024-03-11 08:37:25,721 [omNode-3-groupManagement] INFO  server.RaftServerConfigKeys (ConfUtils.java:logGet(46)) - raft.server.rpc.timeout.min = 1s (custom)
2024-03-11 08:37:25,721 [omNode-3-groupManagement] INFO  server.RaftServerConfigKeys (ConfUtils.java:logGet(46)) - raft.server.rpc.timeout.max = 1200ms (custom)
2024-03-11 08:37:25,721 [omNode-3-groupManagement] INFO  server.RaftServerConfigKeys (ConfUtils.java:logGet(46)) - raft.server.rpc.sleep.time = 25ms (default)
2024-03-11 08:37:25,721 [omNode-3-groupManagement] INFO  server.RaftServerConfigKeys (ConfUtils.java:logGet(46)) - raft.server.rpc.slowness.timeout = 2s (custom)
2024-03-11 08:37:25,721 [omNode-3-groupManagement] INFO  server.RaftServerConfigKeys (ConfUtils.java:logGet(46)) - raft.server.leaderelection.leader.step-down.wait-time = 10s (default)
2024-03-11 08:37:25,721 [omNode-3-groupManagement] INFO  server.RaftServerConfigKeys (ConfUtils.java:logGet(46)) - raft.server.leaderelection.member.majority-add = false (default)
2024-03-11 08:37:25,721 [omNode-3-groupManagement] INFO  server.RaftServerConfigKeys (ConfUtils.java:logGet(46)) - raft.server.sleep.deviation.threshold = 300ms (default)
2024-03-11 08:37:25,721 [omNode-3-groupManagement] INFO  server.RaftServer$Division (ServerState.java:<init>(113)) - omNode-3@group-523986131536: ConfigurationManager, init=-1: peers:[omNode-3|localhost:15187, omNode-1|localhost:15179, omNode-2|localhost:15183]|listeners:[], old=null, confs=<EMPTY_MAP>
2024-03-11 08:37:25,721 [omNode-3-groupManagement] INFO  server.RaftServerConfigKeys (ConfUtils.java:logGet(46)) - raft.server.notification.no-leader.timeout = 2s (custom)
2024-03-11 08:37:25,721 [omNode-3-groupManagement] INFO  server.RaftServerConfigKeys (ConfUtils.java:logGet(46)) - raft.server.read.timeout = 10s (default)
2024-03-11 08:37:25,722 [omNode-3-groupManagement] INFO  server.RaftServerConfigKeys (ConfUtils.java:logGet(46)) - raft.server.retrycache.expirytime = 30000ms (custom)
2024-03-11 08:37:25,722 [omNode-3-groupManagement] INFO  server.RaftServerConfigKeys (ConfUtils.java:logGet(46)) - raft.server.retrycache.statistics.expirytime = 100ms (default)
2024-03-11 08:37:25,722 [omNode-3-groupManagement] INFO  server.RaftServerConfigKeys (ConfUtils.java:logGet(46)) - raft.server.read.option = DEFAULT (default)
2024-03-11 08:37:25,722 [omNode-3-groupManagement] INFO  server.RaftServerConfigKeys (ConfUtils.java:logGet(46)) - raft.server.read.read-after-write-consistent.write-index-cache.expiry-time = 60s (default)
2024-03-11 08:37:25,723 [omNode-3-groupManagement] INFO  server.RaftServerConfigKeys (ConfUtils.java:logGet(46)) - raft.server.rpc.request.timeout = 3000ms (default)
2024-03-11 08:37:25,723 [omNode-3-groupManagement] INFO  server.RaftServerConfigKeys (ConfUtils.java:logGet(46)) - raft.server.log.appender.install.snapshot.enabled = false (custom)
2024-03-11 08:37:25,723 [omNode-3-groupManagement] INFO  server.RaftServerConfigKeys (ConfUtils.java:logGet(46)) - raft.server.threadpool.server.cached = true (default)
2024-03-11 08:37:25,723 [omNode-3-groupManagement] INFO  server.RaftServerConfigKeys (ConfUtils.java:logGet(46)) - raft.server.threadpool.server.size = 0 (default)
2024-03-11 08:37:25,723 [omNode-3-groupManagement] INFO  server.RaftServerConfigKeys (ConfUtils.java:logGet(46)) - raft.server.threadpool.client.cached = true (default)
2024-03-11 08:37:25,723 [omNode-3-groupManagement] INFO  server.RaftServerConfigKeys (ConfUtils.java:logGet(46)) - raft.server.threadpool.client.size = 0 (default)
2024-03-11 08:37:25,723 [omNode-3-impl-thread1] INFO  server.RaftServerConfigKeys (ConfUtils.java:logGet(46)) - raft.server.storage.free-space.min = 0MB (=0) (default)
2024-03-11 08:37:25,723 [omNode-3-impl-thread1] INFO  server.RaftServerConfigKeys (ConfUtils.java:logGet(46)) - raft.server.log.corruption.policy = EXCEPTION (default)
2024-03-11 08:37:25,723 [omNode-3-impl-thread1] INFO  server.RaftServerConfigKeys (ConfUtils.java:logGet(46)) - raft.server.storage.dir = [/home/runner/work/ozone/ozone/hadoop-ozone/integration-test/target/test-dir/MiniOzoneClusterImpl-c7fe89f3-570b-44cc-9eba-475ffdeb33a6/omNode-3/ratis] (custom)
2024-03-11 08:37:25,724 [omNode-3-impl-thread1] INFO  storage.RaftStorageDirectory (RaftStorageDirectoryImpl.java:tryLock(228)) - Lock on /home/runner/work/ozone/ozone/hadoop-ozone/integration-test/target/test-dir/MiniOzoneClusterImpl-c7fe89f3-570b-44cc-9eba-475ffdeb33a6/omNode-3/ratis/c9bc4cf4-3bc3-3c60-a66b-523986131536/in_use.lock acquired by nodename 48108@fv-az1250-130
2024-03-11 08:37:25,724 [omNode-3-impl-thread1] INFO  storage.RaftStorage (RaftStorageImpl.java:analyzeAndRecoverStorage(119)) - Read RaftStorageMetadata{term=1, votedFor=omNode-1} from /home/runner/work/ozone/ozone/hadoop-ozone/integration-test/target/test-dir/MiniOzoneClusterImpl-c7fe89f3-570b-44cc-9eba-475ffdeb33a6/omNode-3/ratis/c9bc4cf4-3bc3-3c60-a66b-523986131536/current/raft-meta
2024-03-11 08:37:25,725 [omNode-3-impl-thread1] INFO  server.RaftServer$Division (ServerState.java:setRaftConf(386)) - omNode-3@group-523986131536: set configuration 0: peers:[omNode-3|localhost:15187, omNode-1|localhost:15179, omNode-2|localhost:15183]|listeners:[], old=null
2024-03-11 08:37:25,726 [omNode-3-impl-thread1] INFO  server.RaftServerConfigKeys (ConfUtils.java:logGet(46)) - raft.server.log.use.memory = false (default)
2024-03-11 08:37:25,726 [omNode-3-impl-thread1] INFO  server.RaftServerConfigKeys (ConfUtils.java:logGet(46)) - raft.server.log.purge.gap = 50 (custom)
2024-03-11 08:37:25,726 [omNode-3-impl-thread1] INFO  server.RaftServerConfigKeys (ConfUtils.java:logGet(46)) - raft.server.log.appender.buffer.byte-limit = 4194304 (custom)
2024-03-11 08:37:25,726 [omNode-3-impl-thread1] INFO  server.RaftServerConfigKeys (ConfUtils.java:logGet(46)) - raft.server.log.statemachine.data.read.timeout = 1000ms (default)
2024-03-11 08:37:25,726 [omNode-3-impl-thread1] INFO  server.RaftServerConfigKeys (ConfUtils.java:logGet(46)) - raft.server.log.purge.preservation.log.num = 0 (default)
2024-03-11 08:37:25,726 [omNode-3-impl-thread1] INFO  server.RaftServerConfigKeys (ConfUtils.java:logGet(46)) - raft.server.log.segment.size.max = 4194304 (custom)
2024-03-11 08:37:25,727 [omNode-3-impl-thread1] INFO  server.RaftServerConfigKeys (ConfUtils.java:logGet(46)) - raft.server.log.segment.cache.num.max = 2 (custom)
2024-03-11 08:37:25,727 [omNode-3-impl-thread1] INFO  server.RaftServerConfigKeys (ConfUtils.java:logGet(46)) - raft.server.log.segment.cache.size.max = 200MB (=209715200) (default)
2024-03-11 08:37:25,727 [omNode-3-impl-thread1] INFO  server.RaftServerConfigKeys (ConfUtils.java:logGet(46)) - raft.server.log.appender.buffer.byte-limit = 4194304 (custom)
2024-03-11 08:37:25,727 [omNode-3-impl-thread1] INFO  util.AwaitToRun (AwaitToRun.java:start(81)) - Thread[omNode-3@group-523986131536-cacheEviction-AwaitToRun,5,main] started
2024-03-11 08:37:25,727 [omNode-3-impl-thread1] INFO  segmented.SegmentedRaftLogWorker (SegmentedRaftLogWorker.java:<init>(182)) - new omNode-3@group-523986131536-SegmentedRaftLogWorker for RaftStorageImpl:Storage Directory /home/runner/work/ozone/ozone/hadoop-ozone/integration-test/target/test-dir/MiniOzoneClusterImpl-c7fe89f3-570b-44cc-9eba-475ffdeb33a6/omNode-3/ratis/c9bc4cf4-3bc3-3c60-a66b-523986131536
2024-03-11 08:37:25,727 [omNode-3-impl-thread1] INFO  server.RaftServerConfigKeys (ConfUtils.java:logGet(46)) - raft.server.log.queue.byte-limit = 64MB (=67108864) (default)
2024-03-11 08:37:25,727 [omNode-3-impl-thread1] INFO  server.RaftServerConfigKeys (ConfUtils.java:logGet(46)) - raft.server.log.queue.element-limit = 4096 (default)
2024-03-11 08:37:25,727 [omNode-3-impl-thread1] INFO  server.RaftServerConfigKeys (ConfUtils.java:logGet(46)) - raft.server.log.segment.size.max = 4194304 (custom)
2024-03-11 08:37:25,727 [omNode-3-impl-thread1] INFO  server.RaftServerConfigKeys (ConfUtils.java:logGet(46)) - raft.server.log.preallocated.size = 4194304 (custom)
2024-03-11 08:37:25,727 [omNode-3-impl-thread1] INFO  server.RaftServerConfigKeys (ConfUtils.java:logGet(46)) - raft.server.log.force.sync.num = 128 (default)
2024-03-11 08:37:25,727 [omNode-3-impl-thread1] INFO  server.RaftServerConfigKeys (ConfUtils.java:logGet(46)) - raft.server.log.statemachine.data.sync = true (default)
2024-03-11 08:37:25,727 [omNode-3-impl-thread1] INFO  server.RaftServerConfigKeys (ConfUtils.java:logGet(46)) - raft.server.log.statemachine.data.sync.timeout = 10s (default)
2024-03-11 08:37:25,728 [omNode-3-impl-thread1] INFO  server.RaftServerConfigKeys (ConfUtils.java:logGet(46)) - raft.server.log.statemachine.data.sync.timeout.retry = -1 (default)
2024-03-11 08:37:25,728 [omNode-3-impl-thread1] INFO  server.RaftServerConfigKeys (ConfUtils.java:logGet(46)) - raft.server.log.write.buffer.size = 4194312 (custom)
2024-03-11 08:37:25,728 [omNode-3-impl-thread1] INFO  server.RaftServerConfigKeys (ConfUtils.java:logGet(46)) - raft.server.log.appender.buffer.byte-limit = 4194304 (custom)
2024-03-11 08:37:25,728 [omNode-3-impl-thread1] INFO  server.RaftServerConfigKeys (ConfUtils.java:logGet(46)) - raft.server.log.unsafe-flush.enabled = false (default)
2024-03-11 08:37:25,728 [omNode-3-impl-thread1] INFO  server.RaftServerConfigKeys (ConfUtils.java:logGet(46)) - raft.server.log.async-flush.enabled = false (default)
2024-03-11 08:37:25,728 [omNode-3-impl-thread1] INFO  server.RaftServerConfigKeys (ConfUtils.java:logGet(46)) - raft.server.log.statemachine.data.caching.enabled = false (default)
2024-03-11 08:37:25,729 [omNode-3-impl-thread1] INFO  segmented.SegmentedRaftLogWorker (SegmentedRaftLogWorker.java:lambda$new$0(134)) - omNode-3@group-523986131536-SegmentedRaftLogWorker: flushIndex: setUnconditionally 0 -> 52
2024-03-11 08:37:25,729 [omNode-3-impl-thread1] INFO  segmented.SegmentedRaftLogWorker (SegmentedRaftLogWorker.java:lambda$new$0(134)) - omNode-3@group-523986131536-SegmentedRaftLogWorker: safeCacheEvictIndex: setUnconditionally 0 -> -1
2024-03-11 08:37:25,729 [omNode-3-impl-thread1] INFO  server.RaftServer$Division (RaftServerImpl.java:start(396)) - omNode-3@group-523986131536: start as a follower, conf=0: peers:[omNode-3|localhost:15187, omNode-1|localhost:15179, omNode-2|localhost:15183]|listeners:[], old=null
2024-03-11 08:37:25,729 [omNode-3-impl-thread1] INFO  server.RaftServer$Division (RaftServerImpl.java:setRole(383)) - omNode-3@group-523986131536: changes role from      null to FOLLOWER at term 1 for startAsFollower
2024-03-11 08:37:25,729 [omNode-3-impl-thread1] INFO  impl.RoleInfo (RoleInfo.java:updateAndGet(139)) - omNode-3: start omNode-3@group-523986131536-FollowerState
2024-03-11 08:37:25,729 [omNode-3@group-523986131536-FollowerState] INFO  server.RaftServerConfigKeys (ConfUtils.java:logFallback(53)) - raft.server.rpc.first-election.timeout.min = 1s (fallback to raft.server.rpc.timeout.min)
2024-03-11 08:37:25,729 [omNode-3-impl-thread1] INFO  util.JmxRegister (JmxRegister.java:tryRegister(44)) - Successfully registered JMX Bean with object name Ratis:service=RaftServer,group=group-523986131536,id=omNode-3
2024-03-11 08:37:25,729 [omNode-3@group-523986131536-FollowerState] INFO  server.RaftServerConfigKeys (ConfUtils.java:logFallback(53)) - raft.server.rpc.first-election.timeout.max = 1200ms (fallback to raft.server.rpc.timeout.max)
2024-03-11 08:37:25,729 [omNode-3-impl-thread1] INFO  server.RaftServerConfigKeys (ConfUtils.java:logGet(46)) - raft.server.snapshot.trigger-when-stop.enabled = true (default)
2024-03-11 08:37:25,729 [omNode-3-impl-thread1] INFO  server.RaftServerConfigKeys (ConfUtils.java:logGet(46)) - raft.server.snapshot.auto.trigger.enabled = true (custom)
2024-03-11 08:37:25,729 [omNode-3-impl-thread1] INFO  server.RaftServerConfigKeys (ConfUtils.java:logGet(46)) - raft.server.snapshot.auto.trigger.threshold = 50 (custom)
2024-03-11 08:37:25,729 [omNode-3-impl-thread1] INFO  server.RaftServerConfigKeys (ConfUtils.java:logGet(46)) - raft.server.snapshot.retention.file.num = -1 (default)
2024-03-11 08:37:25,729 [omNode-3-impl-thread1] INFO  server.RaftServerConfigKeys (ConfUtils.java:logGet(46)) - raft.server.log.purge.upto.snapshot.index = true (custom)
2024-03-11 08:37:25,730 [main] INFO  server.RaftServer (RaftServerProxy.java:startImpl(406)) - omNode-3: start RPC server
2024-03-11 08:37:25,730 [main] INFO  server.GrpcService (GrpcService.java:startImpl(302)) - omNode-3: GrpcService started, listening on 15187
2024-03-11 08:37:25,730 [main] INFO  om.OzoneManager (OzoneManager.java:getRpcServer(1231)) - Creating RPC Server
2024-03-11 08:37:25,730 [JvmPauseMonitor56] INFO  util.JvmPauseMonitor (JvmPauseMonitor.java:run(146)) - JvmPauseMonitor-omNode-3: Started
2024-03-11 08:37:25,905 [main] INFO  ipc.CallQueueManager (CallQueueManager.java:<init>(90)) - Using callQueue: class java.util.concurrent.LinkedBlockingQueue, queueCapacity: 2000, scheduler: class org.apache.hadoop.ipc.DefaultRpcScheduler, ipcBackoff: false.
2024-03-11 08:37:25,905 [main] INFO  ipc.Server (Server.java:<init>(1287)) - Listener at localhost:15184
2024-03-11 08:37:25,905 [Socket Reader #1 for port 15184] INFO  ipc.Server (Server.java:run(1323)) - Starting Socket Reader #1 for port 15184
2024-03-11 08:37:25,908 [main] INFO  http.BaseHttpServer (BaseHttpServer.java:newHttpServer2BuilderForOzone(223)) - Starting Web-server for ozoneManager at: http://0.0.0.0:15185
2024-03-11 08:37:25,908 [main] INFO  http.BaseHttpServer (BaseHttpServer.java:<init>(110)) - Hadoop Security Enabled: false Ozone Security Enabled: false Ozone HTTP Security Enabled: false 
2024-03-11 08:37:25,909 [main] WARN  server.AuthenticationFilter (AuthenticationFilter.java:constructSecretProvider(240)) - Unable to initialize FileSignerSecretProvider, falling back to use random secrets. Reason: Could not read signature secret file: /home/runner/hadoop-http-auth-signature-secret
2024-03-11 08:37:25,909 [main] INFO  http.HttpRequestLog (HttpRequestLog.java:getRequestLog(86)) - Http request log for http.requests.ozoneManager is not defined
2024-03-11 08:37:25,910 [main] INFO  http.HttpServer2 (HttpServer2.java:addGlobalFilter(1036)) - Added global filter 'safety' (class=org.apache.hadoop.hdds.server.http.HttpServer2$QuotingInputFilter)
2024-03-11 08:37:25,910 [main] INFO  http.HttpServer2 (HttpServer2.java:addFilter(1012)) - Added filter static_user_filter (class=org.apache.hadoop.http.lib.StaticUserWebFilter$StaticUserFilter) to context ozoneManager
2024-03-11 08:37:25,910 [main] INFO  http.HttpServer2 (HttpServer2.java:addFilter(1020)) - Added filter static_user_filter (class=org.apache.hadoop.http.lib.StaticUserWebFilter$StaticUserFilter) to context logs
2024-03-11 08:37:25,910 [main] INFO  http.HttpServer2 (HttpServer2.java:addFilter(1020)) - Added filter static_user_filter (class=org.apache.hadoop.http.lib.StaticUserWebFilter$StaticUserFilter) to context static
2024-03-11 08:37:25,910 [main] INFO  http.BaseHttpServer (BaseHttpServer.java:<init>(189)) - HTTP server of ozoneManager uses base directory /home/runner/work/ozone/ozone/hadoop-ozone/integration-test/target/test-dir/MiniOzoneClusterImpl-c7fe89f3-570b-44cc-9eba-475ffdeb33a6/omNode-3/webserver
2024-03-11 08:37:25,911 [main] INFO  http.HttpServer2 (HttpServer2.java:bindListener(1236)) - Jetty bound to port 15185
2024-03-11 08:37:25,911 [main] INFO  server.Server (Server.java:doStart(375)) - jetty-9.4.53.v20231009; built: 2023-10-09T12:29:09.265Z; git: 27bde00a0b95a1d5bbee0eae7984f891d2d0f8c9; jvm 1.8.0_402-b06
2024-03-11 08:37:25,912 [main] INFO  server.session (DefaultSessionIdManager.java:doStart(334)) - DefaultSessionIdManager workerName=node0
2024-03-11 08:37:25,912 [main] INFO  server.session (DefaultSessionIdManager.java:doStart(339)) - No SessionScavenger set, using defaults
2024-03-11 08:37:25,912 [main] INFO  server.session (HouseKeeper.java:startScavenging(132)) - node0 Scavenging every 660000ms
2024-03-11 08:37:25,913 [main] INFO  handler.ContextHandler (ContextHandler.java:doStart(921)) - Started o.e.j.s.ServletContextHandler@17edf294{logs,/logs,file:///home/runner/work/ozone/ozone/hadoop-ozone/integration-test/target/log,AVAILABLE}
2024-03-11 08:37:25,913 [main] INFO  handler.ContextHandler (ContextHandler.java:doStart(921)) - Started o.e.j.s.ServletContextHandler@33359de8{static,/static,file:///home/runner/work/ozone/ozone/hadoop-ozone/integration-test/target/test-classes/webapps/static,AVAILABLE}
2024-03-11 08:37:25,915 [main] INFO  handler.ContextHandler (ContextHandler.java:doStart(921)) - Started o.e.j.w.WebAppContext@6dd235e{ozoneManager,/,file:///home/runner/work/ozone/ozone/hadoop-ozone/integration-test/target/test-classes/webapps/ozoneManager/,AVAILABLE}{file:/home/runner/work/ozone/ozone/hadoop-ozone/integration-test/target/test-classes/webapps/ozoneManager}
2024-03-11 08:37:25,915 [main] INFO  server.AbstractConnector (AbstractConnector.java:doStart(333)) - Started ServerConnector@1b1d69d1{HTTP/1.1, (http/1.1)}{0.0.0.0:15185}
2024-03-11 08:37:25,915 [main] INFO  server.Server (Server.java:doStart(415)) - Started @660686ms
2024-03-11 08:37:25,915 [main] WARN  impl.MetricsSystemImpl (MetricsSystemImpl.java:register(279)) - Sink prometheus already exists!
2024-03-11 08:37:25,916 [main] INFO  http.BaseHttpServer (BaseHttpServer.java:updateConnectorAddress(354)) - HTTP server of ozoneManager listening at http://0.0.0.0:15185
2024-03-11 08:37:25,916 [IPC Server Responder] INFO  ipc.Server (Server.java:run(1562)) - IPC Server Responder: starting
2024-03-11 08:37:25,917 [IPC Server listener on 15184] INFO  ipc.Server (Server.java:run(1402)) - IPC Server listener on 15184: starting
2024-03-11 08:37:25,927 [main] INFO  om.OzoneManager (OzoneManager.java:startTrashEmptier(2130)) - Trash Interval set to 0. Files deleted won't move to trash
2024-03-11 08:37:25,927 [main] INFO  om.OzoneManager (OzoneManager.java:restart(1747)) - OzoneManager RPC server is listening at localhost/127.0.0.1:15176
2024-03-11 08:37:25,927 [main] INFO  impl.MetricsSystemImpl (MetricsSystemImpl.java:init(158)) - OzoneManager metrics system started (again)
2024-03-11 08:37:25,939 [main] WARN  server.ServerUtils (ServerUtils.java:getDBPath(299)) - ozone.om.db.dirs is not configured. We recommend adding this setting. Falling back to ozone.metadata.dirs instead.
2024-03-11 08:37:25,939 [main] INFO  helpers.OmKeyInfo (OmKeyInfo.java:getCodec(71)) - OmKeyInfo.getCodec ignorePipeline = true
2024-03-11 08:37:25,980 [main] INFO  om.OzoneManager (OzoneManager.java:instantiateServices(811)) - S3 Multi-Tenancy is disabled
2024-03-11 08:37:25,980 [main] INFO  om.OmSnapshotManager (OmSnapshotManager.java:<init>(177)) - Ozone filesystem snapshot feature is enabled.
2024-03-11 08:37:25,980 [main] WARN  server.ServerUtils (ServerUtils.java:getDBPath(299)) - ozone.om.snapshot.diff.db.dir is not configured. We recommend adding this setting. Falling back to ozone.metadata.dirs instead.
2024-03-11 08:37:25,989 [main] INFO  utils.NativeLibraryLoader (NativeLibraryLoader.java:loadLibrary(108)) - Loading Library: ozone_rocksdb_tools
2024-03-11 08:37:25,990 [main] ERROR snapshot.SnapshotDiffManager (SnapshotDiffManager.java:initNativeLibraryForEfficientDiff(287)) - Native Library for raw sst file reading loading failed.
org.apache.hadoop.hdds.utils.NativeLibraryNotLoadedException: Unable to load library ozone_rocksdb_tools from both java.library.path & resource file libozone_rocksdb_tools.so from jar.
	at org.apache.hadoop.hdds.utils.db.managed.ManagedRawSSTFileReader.loadLibrary(ManagedRawSSTFileReader.java:38)
	at org.apache.hadoop.ozone.om.snapshot.SnapshotDiffManager.initNativeLibraryForEfficientDiff(SnapshotDiffManager.java:285)
	at org.apache.hadoop.ozone.om.snapshot.SnapshotDiffManager.<init>(SnapshotDiffManager.java:259)
	at org.apache.hadoop.ozone.om.OmSnapshotManager.<init>(OmSnapshotManager.java:279)
	at org.apache.hadoop.ozone.om.OzoneManager.instantiateServices(OzoneManager.java:863)
	at org.apache.hadoop.ozone.om.OzoneManager.restart(OzoneManager.java:1752)
	at org.apache.hadoop.ozone.MiniOzoneHAClusterImpl.restartOzoneManager(MiniOzoneHAClusterImpl.java:211)
	at org.apache.hadoop.ozone.om.TestOzoneManagerPrepare.resetCluster(TestOzoneManagerPrepare.java:113)
	at sun.reflect.NativeMethodAccessorImpl.invoke0(Native Method)
	at sun.reflect.NativeMethodAccessorImpl.invoke(NativeMethodAccessorImpl.java:62)
	at sun.reflect.DelegatingMethodAccessorImpl.invoke(DelegatingMethodAccessorImpl.java:43)
	at java.lang.reflect.Method.invoke(Method.java:498)
	at org.junit.platform.commons.util.ReflectionUtils.invokeMethod(ReflectionUtils.java:728)
	at org.junit.jupiter.engine.execution.MethodInvocation.proceed(MethodInvocation.java:60)
	at org.junit.jupiter.engine.execution.InvocationInterceptorChain$ValidatingInvocation.proceed(InvocationInterceptorChain.java:131)
	at org.junit.jupiter.engine.extension.TimeoutExtension.intercept(TimeoutExtension.java:156)
	at org.junit.jupiter.engine.extension.TimeoutExtension.interceptLifecycleMethod(TimeoutExtension.java:128)
	at org.junit.jupiter.engine.extension.TimeoutExtension.interceptAfterEachMethod(TimeoutExtension.java:110)
	at org.junit.jupiter.engine.execution.InterceptingExecutableInvoker$ReflectiveInterceptorCall.lambda$ofVoidMethod$0(InterceptingExecutableInvoker.java:103)
	at org.junit.jupiter.engine.execution.InterceptingExecutableInvoker.lambda$invoke$0(InterceptingExecutableInvoker.java:93)
	at org.junit.jupiter.engine.execution.InvocationInterceptorChain$InterceptedInvocation.proceed(InvocationInterceptorChain.java:106)
	at org.junit.jupiter.engine.execution.InvocationInterceptorChain.proceed(InvocationInterceptorChain.java:64)
	at org.junit.jupiter.engine.execution.InvocationInterceptorChain.chainAndInvoke(InvocationInterceptorChain.java:45)
	at org.junit.jupiter.engine.execution.InvocationInterceptorChain.invoke(InvocationInterceptorChain.java:37)
	at org.junit.jupiter.engine.execution.InterceptingExecutableInvoker.invoke(InterceptingExecutableInvoker.java:92)
	at org.junit.jupiter.engine.execution.InterceptingExecutableInvoker.invoke(InterceptingExecutableInvoker.java:86)
	at org.junit.jupiter.engine.descriptor.ClassBasedTestDescriptor.invokeMethodInExtensionContext(ClassBasedTestDescriptor.java:521)
	at org.junit.jupiter.engine.descriptor.ClassBasedTestDescriptor.lambda$synthesizeAfterEachMethodAdapter$24(ClassBasedTestDescriptor.java:511)
	at org.junit.jupiter.engine.descriptor.TestMethodTestDescriptor.lambda$invokeAfterEachMethods$10(TestMethodTestDescriptor.java:244)
	at org.junit.jupiter.engine.descriptor.TestMethodTestDescriptor.lambda$invokeAllAfterMethodsOrCallbacks$13(TestMethodTestDescriptor.java:277)
	at org.junit.platform.engine.support.hierarchical.ThrowableCollector.execute(ThrowableCollector.java:73)
	at org.junit.jupiter.engine.descriptor.TestMethodTestDescriptor.lambda$invokeAllAfterMethodsOrCallbacks$14(TestMethodTestDescriptor.java:277)
	at org.junit.platform.commons.util.CollectionUtils.forEachInReverseOrder(CollectionUtils.java:217)
	at org.junit.jupiter.engine.descriptor.TestMethodTestDescriptor.invokeAllAfterMethodsOrCallbacks(TestMethodTestDescriptor.java:276)
	at org.junit.jupiter.engine.descriptor.TestMethodTestDescriptor.invokeAfterEachMethods(TestMethodTestDescriptor.java:242)
	at org.junit.jupiter.engine.descriptor.TestMethodTestDescriptor.execute(TestMethodTestDescriptor.java:143)
	at org.junit.jupiter.engine.descriptor.TestMethodTestDescriptor.execute(TestMethodTestDescriptor.java:69)
	at org.junit.platform.engine.support.hierarchical.NodeTestTask.lambda$executeRecursively$6(NodeTestTask.java:151)
	at org.junit.platform.engine.support.hierarchical.ThrowableCollector.execute(ThrowableCollector.java:73)
	at org.junit.platform.engine.support.hierarchical.NodeTestTask.lambda$executeRecursively$8(NodeTestTask.java:141)
	at org.junit.platform.engine.support.hierarchical.Node.around(Node.java:137)
	at org.junit.platform.engine.support.hierarchical.NodeTestTask.lambda$executeRecursively$9(NodeTestTask.java:139)
	at org.junit.platform.engine.support.hierarchical.ThrowableCollector.execute(ThrowableCollector.java:73)
	at org.junit.platform.engine.support.hierarchical.NodeTestTask.executeRecursively(NodeTestTask.java:138)
	at org.junit.platform.engine.support.hierarchical.NodeTestTask.execute(NodeTestTask.java:95)
	at java.util.ArrayList.forEach(ArrayList.java:1259)
	at org.junit.platform.engine.support.hierarchical.SameThreadHierarchicalTestExecutorService.invokeAll(SameThreadHierarchicalTestExecutorService.java:41)
	at org.junit.platform.engine.support.hierarchical.NodeTestTask.lambda$executeRecursively$6(NodeTestTask.java:155)
	at org.junit.platform.engine.support.hierarchical.ThrowableCollector.execute(ThrowableCollector.java:73)
	at org.junit.platform.engine.support.hierarchical.NodeTestTask.lambda$executeRecursively$8(NodeTestTask.java:141)
	at org.junit.platform.engine.support.hierarchical.Node.around(Node.java:137)
	at org.junit.platform.engine.support.hierarchical.NodeTestTask.lambda$executeRecursively$9(NodeTestTask.java:139)
	at org.junit.platform.engine.support.hierarchical.ThrowableCollector.execute(ThrowableCollector.java:73)
	at org.junit.platform.engine.support.hierarchical.NodeTestTask.executeRecursively(NodeTestTask.java:138)
	at org.junit.platform.engine.support.hierarchical.NodeTestTask.execute(NodeTestTask.java:95)
	at java.util.ArrayList.forEach(ArrayList.java:1259)
	at org.junit.platform.engine.support.hierarchical.SameThreadHierarchicalTestExecutorService.invokeAll(SameThreadHierarchicalTestExecutorService.java:41)
	at org.junit.platform.engine.support.hierarchical.NodeTestTask.lambda$executeRecursively$6(NodeTestTask.java:155)
	at org.junit.platform.engine.support.hierarchical.ThrowableCollector.execute(ThrowableCollector.java:73)
	at org.junit.platform.engine.support.hierarchical.NodeTestTask.lambda$executeRecursively$8(NodeTestTask.java:141)
	at org.junit.platform.engine.support.hierarchical.Node.around(Node.java:137)
	at org.junit.platform.engine.support.hierarchical.NodeTestTask.lambda$executeRecursively$9(NodeTestTask.java:139)
	at org.junit.platform.engine.support.hierarchical.ThrowableCollector.execute(ThrowableCollector.java:73)
	at org.junit.platform.engine.support.hierarchical.NodeTestTask.executeRecursively(NodeTestTask.java:138)
	at org.junit.platform.engine.support.hierarchical.NodeTestTask.execute(NodeTestTask.java:95)
	at org.junit.platform.engine.support.hierarchical.SameThreadHierarchicalTestExecutorService.submit(SameThreadHierarchicalTestExecutorService.java:35)
	at org.junit.platform.engine.support.hierarchical.HierarchicalTestExecutor.execute(HierarchicalTestExecutor.java:57)
	at org.junit.platform.engine.support.hierarchical.HierarchicalTestEngine.execute(HierarchicalTestEngine.java:54)
	at org.junit.platform.launcher.core.EngineExecutionOrchestrator.execute(EngineExecutionOrchestrator.java:198)
	at org.junit.platform.launcher.core.EngineExecutionOrchestrator.execute(EngineExecutionOrchestrator.java:169)
	at org.junit.platform.launcher.core.EngineExecutionOrchestrator.execute(EngineExecutionOrchestrator.java:93)
	at org.junit.platform.launcher.core.EngineExecutionOrchestrator.lambda$execute$0(EngineExecutionOrchestrator.java:58)
	at org.junit.platform.launcher.core.EngineExecutionOrchestrator.withInterceptedStreams(EngineExecutionOrchestrator.java:141)
	at org.junit.platform.launcher.core.EngineExecutionOrchestrator.execute(EngineExecutionOrchestrator.java:57)
	at org.junit.platform.launcher.core.DefaultLauncher.execute(DefaultLauncher.java:103)
	at org.junit.platform.launcher.core.DefaultLauncher.execute(DefaultLauncher.java:85)
	at org.junit.platform.launcher.core.DelegatingLauncher.execute(DelegatingLauncher.java:47)
	at org.junit.platform.launcher.core.SessionPerRequestLauncher.execute(SessionPerRequestLauncher.java:63)
	at org.apache.maven.surefire.junitplatform.JUnitPlatformProvider.invokeAllTests(JUnitPlatformProvider.java:165)
	at org.apache.maven.surefire.junitplatform.JUnitPlatformProvider.invoke(JUnitPlatformProvider.java:124)
	at org.apache.maven.surefire.booter.ForkedBooter.runSuitesInProcess(ForkedBooter.java:428)
	at org.apache.maven.surefire.booter.ForkedBooter.execute(ForkedBooter.java:162)
	at org.apache.maven.surefire.booter.ForkedBooter.run(ForkedBooter.java:562)
	at org.apache.maven.surefire.booter.ForkedBooter.main(ForkedBooter.java:548)
2024-03-11 08:37:25,993 [main] WARN  dropwizard3.Dm3MetricRegistriesImpl (Dm3MetricRegistriesImpl.java:addReporterRegistration(113)) - New reporters are added after registries were created. Some metrics will be missing from the reporter. Please add reporter before adding any new registry.
2024-03-11 08:37:25,994 [main] WARN  dropwizard3.Dm3MetricRegistriesImpl (Dm3MetricRegistriesImpl.java:addReporterRegistration(113)) - New reporters are added after registries were created. Some metrics will be missing from the reporter. Please add reporter before adding any new registry.
2024-03-11 08:37:25,994 [main] WARN  server.ServerUtils (ServerUtils.java:getDefaultRatisDirectory(311)) - Storage directory for Ratis is not configured. It is a good idea to map this to an SSD disk. Falling back to ozone.metadata.dirs
2024-03-11 08:37:25,994 [main] INFO  ratis.OzoneManagerRatisServer (OzoneManagerRatisServer.java:<init>(167)) - Instantiating OM Ratis server with groupID: om-service-test1 and peers: localhost:15179, localhost:15187, localhost:15183
2024-03-11 08:37:25,995 [main] INFO  ratis.OzoneManagerStateMachine (OzoneManagerStateMachine.java:loadSnapshotInfoFromDB(573)) - LastAppliedIndex is set from TransactionInfo from OM DB as (t:1, i:52)
2024-03-11 08:37:25,995 [main] INFO  server.RaftServer (ConfUtils.java:logGet(46)) - raft.rpc.type = GRPC (default)
2024-03-11 08:37:25,995 [main] INFO  grpc.GrpcConfigKeys (ConfUtils.java:logFallback(53)) - raft.grpc.admin.host = null (fallback to raft.grpc.server.host)
2024-03-11 08:37:25,995 [main] INFO  grpc.GrpcConfigKeys (ConfUtils.java:logFallback(53)) - raft.grpc.admin.port = 15179 (fallback to raft.grpc.server.port)
2024-03-11 08:37:25,995 [main] INFO  grpc.GrpcConfigKeys (ConfUtils.java:logFallback(53)) - raft.grpc.client.host = null (fallback to raft.grpc.server.host)
2024-03-11 08:37:25,995 [main] INFO  grpc.GrpcConfigKeys (ConfUtils.java:logFallback(53)) - raft.grpc.client.port = 15179 (fallback to raft.grpc.server.port)
2024-03-11 08:37:25,996 [main] INFO  grpc.GrpcConfigKeys (ConfUtils.java:logGet(46)) - raft.grpc.server.host = null (default)
2024-03-11 08:37:25,996 [main] INFO  grpc.GrpcConfigKeys (ConfUtils.java:logGet(46)) - raft.grpc.server.port = 15179 (custom)
2024-03-11 08:37:25,996 [main] INFO  server.GrpcService (ConfUtils.java:logGet(46)) - raft.grpc.message.size.max = 4194304 (custom)
2024-03-11 08:37:25,996 [main] INFO  server.RaftServerConfigKeys (ConfUtils.java:logGet(46)) - raft.server.log.appender.buffer.byte-limit = 4194304 (custom)
2024-03-11 08:37:25,996 [main] INFO  server.GrpcService (ConfUtils.java:logGet(46)) - raft.grpc.flow.control.window = 1MB (=1048576) (default)
2024-03-11 08:37:25,996 [main] INFO  server.RaftServerConfigKeys (ConfUtils.java:logGet(46)) - raft.server.rpc.request.timeout = 3000ms (default)
2024-03-11 08:37:25,996 [main] INFO  grpc.GrpcConfigKeys (ConfUtils.java:logGet(46)) - raft.grpc.server.heartbeat.channel = true (default)
2024-03-11 08:37:25,996 [main] INFO  grpc.GrpcConfigKeys (ConfUtils.java:logGet(46)) - raft.grpc.server.async.request.thread.pool.cached = true (default)
2024-03-11 08:37:25,996 [main] INFO  grpc.GrpcConfigKeys (ConfUtils.java:logGet(46)) - raft.grpc.server.async.request.thread.pool.size = 32 (default)
2024-03-11 08:37:25,997 [main] INFO  impl.DataStreamServerImpl (ConfUtils.java:logGet(46)) - raft.datastream.type = DISABLED (default)
2024-03-11 08:37:25,997 [main] INFO  server.RaftServerConfigKeys (ConfUtils.java:logGet(46)) - raft.server.sleep.deviation.threshold = 300ms (default)
2024-03-11 08:37:25,998 [main] INFO  server.RaftServerConfigKeys (ConfUtils.java:logGet(46)) - raft.server.close.threshold = 60s (default)
2024-03-11 08:37:25,998 [main] INFO  server.RaftServerConfigKeys (ConfUtils.java:logGet(46)) - raft.server.leaderelection.leader.step-down.wait-time = 10s (default)
2024-03-11 08:37:25,998 [main] INFO  server.RaftServerConfigKeys (ConfUtils.java:logGet(46)) - raft.server.storage.dir = [/home/runner/work/ozone/ozone/hadoop-ozone/integration-test/target/test-dir/MiniOzoneClusterImpl-c7fe89f3-570b-44cc-9eba-475ffdeb33a6/omNode-1/ratis] (custom)
2024-03-11 08:37:25,998 [main] INFO  server.RaftServerConfigKeys (ConfUtils.java:logGet(46)) - raft.server.threadpool.proxy.cached = true (default)
2024-03-11 08:37:25,998 [main] INFO  server.RaftServerConfigKeys (ConfUtils.java:logGet(46)) - raft.server.threadpool.proxy.size = 0 (default)
2024-03-11 08:37:25,998 [omNode-1-impl-thread1] INFO  server.RaftServer (RaftServerProxy.java:initGroupDir(264)) - omNode-1: found a subdirectory /home/runner/work/ozone/ozone/hadoop-ozone/integration-test/target/test-dir/MiniOzoneClusterImpl-c7fe89f3-570b-44cc-9eba-475ffdeb33a6/omNode-1/ratis/c9bc4cf4-3bc3-3c60-a66b-523986131536
2024-03-11 08:37:25,998 [main] INFO  server.RaftServer (RaftServerProxy.java:addNew(100)) - omNode-1: addNew group-523986131536:[omNode-3|localhost:15187, omNode-1|localhost:15179, omNode-2|localhost:15183] returns group-523986131536:java.util.concurrent.CompletableFuture@196f563c[Not completed]
2024-03-11 08:37:25,999 [main] INFO  om.OzoneManager (OzoneManager.java:initializeRatisServer(2177)) - OzoneManager Ratis server initialized at port 15179
2024-03-11 08:37:25,999 [main] INFO  ratis.OzoneManagerRatisServer (OzoneManagerRatisServer.java:start(588)) - Starting OzoneManagerRatisServer omNode-1 at port 15179
2024-03-11 08:37:25,998 [omNode-1-groupManagement] INFO  server.RaftServer$Division (RaftServerImpl.java:<init>(256)) - omNode-1: new RaftServerImpl for group-523986131536:[omNode-3|localhost:15187, omNode-1|localhost:15179, omNode-2|localhost:15183] with OzoneManagerStateMachine:uninitialized
2024-03-11 08:37:25,999 [omNode-1-groupManagement] INFO  server.RaftServerConfigKeys (ConfUtils.java:logGet(46)) - raft.server.rpc.timeout.min = 1s (custom)
2024-03-11 08:37:25,999 [omNode-1-groupManagement] INFO  server.RaftServerConfigKeys (ConfUtils.java:logGet(46)) - raft.server.rpc.timeout.max = 1200ms (custom)
2024-03-11 08:37:25,999 [omNode-1-groupManagement] INFO  server.RaftServerConfigKeys (ConfUtils.java:logGet(46)) - raft.server.rpc.sleep.time = 25ms (default)
2024-03-11 08:37:25,999 [omNode-1-groupManagement] INFO  server.RaftServerConfigKeys (ConfUtils.java:logGet(46)) - raft.server.rpc.slowness.timeout = 2s (custom)
2024-03-11 08:37:25,999 [omNode-1-groupManagement] INFO  server.RaftServerConfigKeys (ConfUtils.java:logGet(46)) - raft.server.leaderelection.leader.step-down.wait-time = 10s (default)
2024-03-11 08:37:25,999 [omNode-1-groupManagement] INFO  server.RaftServerConfigKeys (ConfUtils.java:logGet(46)) - raft.server.leaderelection.member.majority-add = false (default)
2024-03-11 08:37:25,999 [omNode-1-groupManagement] INFO  server.RaftServerConfigKeys (ConfUtils.java:logGet(46)) - raft.server.sleep.deviation.threshold = 300ms (default)
2024-03-11 08:37:25,999 [omNode-1-groupManagement] INFO  server.RaftServer$Division (ServerState.java:<init>(113)) - omNode-1@group-523986131536: ConfigurationManager, init=-1: peers:[omNode-3|localhost:15187, omNode-1|localhost:15179, omNode-2|localhost:15183]|listeners:[], old=null, confs=<EMPTY_MAP>
2024-03-11 08:37:25,999 [omNode-1-groupManagement] INFO  server.RaftServerConfigKeys (ConfUtils.java:logGet(46)) - raft.server.notification.no-leader.timeout = 2s (custom)
2024-03-11 08:37:25,999 [omNode-1-groupManagement] INFO  server.RaftServerConfigKeys (ConfUtils.java:logGet(46)) - raft.server.read.timeout = 10s (default)
2024-03-11 08:37:25,999 [omNode-1-groupManagement] INFO  server.RaftServerConfigKeys (ConfUtils.java:logGet(46)) - raft.server.retrycache.expirytime = 30000ms (custom)
2024-03-11 08:37:25,999 [omNode-1-groupManagement] INFO  server.RaftServerConfigKeys (ConfUtils.java:logGet(46)) - raft.server.retrycache.statistics.expirytime = 100ms (default)
2024-03-11 08:37:25,999 [omNode-1-groupManagement] INFO  server.RaftServerConfigKeys (ConfUtils.java:logGet(46)) - raft.server.read.option = DEFAULT (default)
2024-03-11 08:37:25,999 [omNode-1-groupManagement] INFO  server.RaftServerConfigKeys (ConfUtils.java:logGet(46)) - raft.server.read.read-after-write-consistent.write-index-cache.expiry-time = 60s (default)
2024-03-11 08:37:26,000 [omNode-1-groupManagement] INFO  server.RaftServerConfigKeys (ConfUtils.java:logGet(46)) - raft.server.rpc.request.timeout = 3000ms (default)
2024-03-11 08:37:26,000 [omNode-1-groupManagement] INFO  server.RaftServerConfigKeys (ConfUtils.java:logGet(46)) - raft.server.log.appender.install.snapshot.enabled = false (custom)
2024-03-11 08:37:26,000 [omNode-1-groupManagement] INFO  server.RaftServerConfigKeys (ConfUtils.java:logGet(46)) - raft.server.threadpool.server.cached = true (default)
2024-03-11 08:37:26,000 [omNode-1-groupManagement] INFO  server.RaftServerConfigKeys (ConfUtils.java:logGet(46)) - raft.server.threadpool.server.size = 0 (default)
2024-03-11 08:37:26,000 [omNode-1-groupManagement] INFO  server.RaftServerConfigKeys (ConfUtils.java:logGet(46)) - raft.server.threadpool.client.cached = true (default)
2024-03-11 08:37:26,000 [omNode-1-groupManagement] INFO  server.RaftServerConfigKeys (ConfUtils.java:logGet(46)) - raft.server.threadpool.client.size = 0 (default)
2024-03-11 08:37:26,001 [omNode-1-impl-thread1] INFO  server.RaftServerConfigKeys (ConfUtils.java:logGet(46)) - raft.server.storage.free-space.min = 0MB (=0) (default)
2024-03-11 08:37:26,001 [omNode-1-impl-thread1] INFO  server.RaftServerConfigKeys (ConfUtils.java:logGet(46)) - raft.server.log.corruption.policy = EXCEPTION (default)
2024-03-11 08:37:26,001 [omNode-1-impl-thread1] INFO  server.RaftServerConfigKeys (ConfUtils.java:logGet(46)) - raft.server.storage.dir = [/home/runner/work/ozone/ozone/hadoop-ozone/integration-test/target/test-dir/MiniOzoneClusterImpl-c7fe89f3-570b-44cc-9eba-475ffdeb33a6/omNode-1/ratis] (custom)
2024-03-11 08:37:26,002 [omNode-1-impl-thread1] INFO  storage.RaftStorageDirectory (RaftStorageDirectoryImpl.java:tryLock(228)) - Lock on /home/runner/work/ozone/ozone/hadoop-ozone/integration-test/target/test-dir/MiniOzoneClusterImpl-c7fe89f3-570b-44cc-9eba-475ffdeb33a6/omNode-1/ratis/c9bc4cf4-3bc3-3c60-a66b-523986131536/in_use.lock acquired by nodename 48108@fv-az1250-130
2024-03-11 08:37:26,002 [omNode-1-impl-thread1] INFO  storage.RaftStorage (RaftStorageImpl.java:analyzeAndRecoverStorage(119)) - Read RaftStorageMetadata{term=1, votedFor=omNode-1} from /home/runner/work/ozone/ozone/hadoop-ozone/integration-test/target/test-dir/MiniOzoneClusterImpl-c7fe89f3-570b-44cc-9eba-475ffdeb33a6/omNode-1/ratis/c9bc4cf4-3bc3-3c60-a66b-523986131536/current/raft-meta
2024-03-11 08:37:26,003 [omNode-1-impl-thread1] INFO  server.RaftServer$Division (ServerState.java:setRaftConf(386)) - omNode-1@group-523986131536: set configuration 0: peers:[omNode-3|localhost:15187, omNode-1|localhost:15179, omNode-2|localhost:15183]|listeners:[], old=null
2024-03-11 08:37:26,004 [omNode-1-impl-thread1] INFO  server.RaftServerConfigKeys (ConfUtils.java:logGet(46)) - raft.server.log.use.memory = false (default)
2024-03-11 08:37:26,004 [omNode-1-impl-thread1] INFO  server.RaftServerConfigKeys (ConfUtils.java:logGet(46)) - raft.server.log.purge.gap = 50 (custom)
2024-03-11 08:37:26,004 [omNode-1-impl-thread1] INFO  server.RaftServerConfigKeys (ConfUtils.java:logGet(46)) - raft.server.log.appender.buffer.byte-limit = 4194304 (custom)
2024-03-11 08:37:26,004 [omNode-1-impl-thread1] INFO  server.RaftServerConfigKeys (ConfUtils.java:logGet(46)) - raft.server.log.statemachine.data.read.timeout = 1000ms (default)
2024-03-11 08:37:26,004 [omNode-1-impl-thread1] INFO  server.RaftServerConfigKeys (ConfUtils.java:logGet(46)) - raft.server.log.purge.preservation.log.num = 0 (default)
2024-03-11 08:37:26,004 [omNode-1-impl-thread1] INFO  server.RaftServerConfigKeys (ConfUtils.java:logGet(46)) - raft.server.log.segment.size.max = 4194304 (custom)
2024-03-11 08:37:26,005 [omNode-1-impl-thread1] INFO  server.RaftServerConfigKeys (ConfUtils.java:logGet(46)) - raft.server.log.segment.cache.num.max = 2 (custom)
2024-03-11 08:37:26,005 [omNode-1-impl-thread1] INFO  server.RaftServerConfigKeys (ConfUtils.java:logGet(46)) - raft.server.log.segment.cache.size.max = 200MB (=209715200) (default)
2024-03-11 08:37:26,005 [omNode-1-impl-thread1] INFO  server.RaftServerConfigKeys (ConfUtils.java:logGet(46)) - raft.server.log.appender.buffer.byte-limit = 4194304 (custom)
2024-03-11 08:37:26,005 [omNode-1-impl-thread1] INFO  util.AwaitToRun (AwaitToRun.java:start(81)) - Thread[omNode-1@group-523986131536-cacheEviction-AwaitToRun,5,main] started
2024-03-11 08:37:26,005 [omNode-1-impl-thread1] INFO  segmented.SegmentedRaftLogWorker (SegmentedRaftLogWorker.java:<init>(182)) - new omNode-1@group-523986131536-SegmentedRaftLogWorker for RaftStorageImpl:Storage Directory /home/runner/work/ozone/ozone/hadoop-ozone/integration-test/target/test-dir/MiniOzoneClusterImpl-c7fe89f3-570b-44cc-9eba-475ffdeb33a6/omNode-1/ratis/c9bc4cf4-3bc3-3c60-a66b-523986131536
2024-03-11 08:37:26,005 [omNode-1-impl-thread1] INFO  server.RaftServerConfigKeys (ConfUtils.java:logGet(46)) - raft.server.log.queue.byte-limit = 64MB (=67108864) (default)
2024-03-11 08:37:26,005 [omNode-1-impl-thread1] INFO  server.RaftServerConfigKeys (ConfUtils.java:logGet(46)) - raft.server.log.queue.element-limit = 4096 (default)
2024-03-11 08:37:26,005 [omNode-1-impl-thread1] INFO  server.RaftServerConfigKeys (ConfUtils.java:logGet(46)) - raft.server.log.segment.size.max = 4194304 (custom)
2024-03-11 08:37:26,005 [omNode-1-impl-thread1] INFO  server.RaftServerConfigKeys (ConfUtils.java:logGet(46)) - raft.server.log.preallocated.size = 4194304 (custom)
2024-03-11 08:37:26,005 [omNode-1-impl-thread1] INFO  server.RaftServerConfigKeys (ConfUtils.java:logGet(46)) - raft.server.log.force.sync.num = 128 (default)
2024-03-11 08:37:26,005 [omNode-1-impl-thread1] INFO  server.RaftServerConfigKeys (ConfUtils.java:logGet(46)) - raft.server.log.statemachine.data.sync = true (default)
2024-03-11 08:37:26,005 [omNode-1-impl-thread1] INFO  server.RaftServerConfigKeys (ConfUtils.java:logGet(46)) - raft.server.log.statemachine.data.sync.timeout = 10s (default)
2024-03-11 08:37:26,005 [omNode-1-impl-thread1] INFO  server.RaftServerConfigKeys (ConfUtils.java:logGet(46)) - raft.server.log.statemachine.data.sync.timeout.retry = -1 (default)
2024-03-11 08:37:26,006 [omNode-1-impl-thread1] INFO  server.RaftServerConfigKeys (ConfUtils.java:logGet(46)) - raft.server.log.write.buffer.size = 4194312 (custom)
2024-03-11 08:37:26,006 [omNode-1-impl-thread1] INFO  server.RaftServerConfigKeys (ConfUtils.java:logGet(46)) - raft.server.log.appender.buffer.byte-limit = 4194304 (custom)
2024-03-11 08:37:26,006 [omNode-1-impl-thread1] INFO  server.RaftServerConfigKeys (ConfUtils.java:logGet(46)) - raft.server.log.unsafe-flush.enabled = false (default)
2024-03-11 08:37:26,006 [omNode-1-impl-thread1] INFO  server.RaftServerConfigKeys (ConfUtils.java:logGet(46)) - raft.server.log.async-flush.enabled = false (default)
2024-03-11 08:37:26,007 [omNode-1-impl-thread1] INFO  server.RaftServerConfigKeys (ConfUtils.java:logGet(46)) - raft.server.log.statemachine.data.caching.enabled = false (default)
2024-03-11 08:37:26,007 [omNode-1-impl-thread1] INFO  server.RaftServer$Division (ServerState.java:setRaftConf(386)) - omNode-1@group-523986131536: set configuration 0: peers:[omNode-3|localhost:15187, omNode-1|localhost:15179, omNode-2|localhost:15183]|listeners:[], old=null
2024-03-11 08:37:26,007 [omNode-1-impl-thread1] INFO  segmented.LogSegment (LogSegment.java:loadSegment(170)) - Successfully read 53 entries from segment file /home/runner/work/ozone/ozone/hadoop-ozone/integration-test/target/test-dir/MiniOzoneClusterImpl-c7fe89f3-570b-44cc-9eba-475ffdeb33a6/omNode-1/ratis/c9bc4cf4-3bc3-3c60-a66b-523986131536/current/log_inprogress_0
2024-03-11 08:37:26,008 [omNode-1-impl-thread1] INFO  segmented.SegmentedRaftLogWorker (SegmentedRaftLogWorker.java:lambda$new$0(134)) - omNode-1@group-523986131536-SegmentedRaftLogWorker: flushIndex: setUnconditionally 0 -> 52
2024-03-11 08:37:26,008 [omNode-1-impl-thread1] INFO  segmented.SegmentedRaftLogWorker (SegmentedRaftLogWorker.java:lambda$new$0(134)) - omNode-1@group-523986131536-SegmentedRaftLogWorker: safeCacheEvictIndex: setUnconditionally 0 -> -1
2024-03-11 08:37:26,008 [omNode-1-impl-thread1] INFO  segmented.BufferedWriteChannel (BufferedWriteChannel.java:open(62)) - open log_inprogress_0 (append) at position 16899
2024-03-11 08:37:26,008 [omNode-1-impl-thread1] INFO  server.RaftServer$Division (RaftServerImpl.java:start(396)) - omNode-1@group-523986131536: start as a follower, conf=0: peers:[omNode-3|localhost:15187, omNode-1|localhost:15179, omNode-2|localhost:15183]|listeners:[], old=null
2024-03-11 08:37:26,008 [omNode-1-impl-thread1] INFO  server.RaftServer$Division (RaftServerImpl.java:setRole(383)) - omNode-1@group-523986131536: changes role from      null to FOLLOWER at term 1 for startAsFollower
2024-03-11 08:37:26,008 [omNode-1-impl-thread1] INFO  impl.RoleInfo (RoleInfo.java:updateAndGet(139)) - omNode-1: start omNode-1@group-523986131536-FollowerState
2024-03-11 08:37:26,008 [omNode-1@group-523986131536-FollowerState] INFO  server.RaftServerConfigKeys (ConfUtils.java:logFallback(53)) - raft.server.rpc.first-election.timeout.min = 1s (fallback to raft.server.rpc.timeout.min)
2024-03-11 08:37:26,008 [omNode-1-impl-thread1] INFO  util.JmxRegister (JmxRegister.java:tryRegister(44)) - Successfully registered JMX Bean with object name Ratis:service=RaftServer,group=group-523986131536,id=omNode-1
2024-03-11 08:37:26,008 [omNode-1@group-523986131536-FollowerState] INFO  server.RaftServerConfigKeys (ConfUtils.java:logFallback(53)) - raft.server.rpc.first-election.timeout.max = 1200ms (fallback to raft.server.rpc.timeout.max)
2024-03-11 08:37:26,008 [omNode-1-impl-thread1] INFO  server.RaftServerConfigKeys (ConfUtils.java:logGet(46)) - raft.server.snapshot.trigger-when-stop.enabled = true (default)
2024-03-11 08:37:26,008 [omNode-1-impl-thread1] INFO  server.RaftServerConfigKeys (ConfUtils.java:logGet(46)) - raft.server.snapshot.auto.trigger.enabled = true (custom)
2024-03-11 08:37:26,008 [omNode-1-impl-thread1] INFO  server.RaftServerConfigKeys (ConfUtils.java:logGet(46)) - raft.server.snapshot.auto.trigger.threshold = 50 (custom)
2024-03-11 08:37:26,008 [omNode-1-impl-thread1] INFO  server.RaftServerConfigKeys (ConfUtils.java:logGet(46)) - raft.server.snapshot.retention.file.num = -1 (default)
2024-03-11 08:37:26,008 [omNode-1-impl-thread1] INFO  server.RaftServerConfigKeys (ConfUtils.java:logGet(46)) - raft.server.log.purge.upto.snapshot.index = true (custom)
2024-03-11 08:37:26,009 [main] INFO  server.RaftServer (RaftServerProxy.java:startImpl(406)) - omNode-1: start RPC server
2024-03-11 08:37:26,013 [main] INFO  server.GrpcService (GrpcService.java:startImpl(302)) - omNode-1: GrpcService started, listening on 15179
2024-03-11 08:37:26,013 [main] INFO  om.OzoneManager (OzoneManager.java:getRpcServer(1231)) - Creating RPC Server
2024-03-11 08:37:26,013 [JvmPauseMonitor57] INFO  util.JvmPauseMonitor (JvmPauseMonitor.java:run(146)) - JvmPauseMonitor-omNode-1: Started
2024-03-11 08:37:26,222 [main] INFO  ipc.CallQueueManager (CallQueueManager.java:<init>(90)) - Using callQueue: class java.util.concurrent.LinkedBlockingQueue, queueCapacity: 2000, scheduler: class org.apache.hadoop.ipc.DefaultRpcScheduler, ipcBackoff: false.
2024-03-11 08:37:26,223 [main] INFO  ipc.Server (Server.java:<init>(1287)) - Listener at localhost:15176
2024-03-11 08:37:26,223 [Socket Reader #1 for port 15176] INFO  ipc.Server (Server.java:run(1323)) - Starting Socket Reader #1 for port 15176
2024-03-11 08:37:26,225 [main] INFO  http.BaseHttpServer (BaseHttpServer.java:newHttpServer2BuilderForOzone(223)) - Starting Web-server for ozoneManager at: http://0.0.0.0:15177
2024-03-11 08:37:26,225 [main] INFO  http.BaseHttpServer (BaseHttpServer.java:<init>(110)) - Hadoop Security Enabled: false Ozone Security Enabled: false Ozone HTTP Security Enabled: false 
2024-03-11 08:37:26,227 [main] WARN  server.AuthenticationFilter (AuthenticationFilter.java:constructSecretProvider(240)) - Unable to initialize FileSignerSecretProvider, falling back to use random secrets. Reason: Could not read signature secret file: /home/runner/hadoop-http-auth-signature-secret
2024-03-11 08:37:26,227 [main] INFO  http.HttpRequestLog (HttpRequestLog.java:getRequestLog(86)) - Http request log for http.requests.ozoneManager is not defined
2024-03-11 08:37:26,228 [main] INFO  http.HttpServer2 (HttpServer2.java:addGlobalFilter(1036)) - Added global filter 'safety' (class=org.apache.hadoop.hdds.server.http.HttpServer2$QuotingInputFilter)
2024-03-11 08:37:26,228 [main] INFO  http.HttpServer2 (HttpServer2.java:addFilter(1012)) - Added filter static_user_filter (class=org.apache.hadoop.http.lib.StaticUserWebFilter$StaticUserFilter) to context ozoneManager
2024-03-11 08:37:26,228 [main] INFO  http.HttpServer2 (HttpServer2.java:addFilter(1020)) - Added filter static_user_filter (class=org.apache.hadoop.http.lib.StaticUserWebFilter$StaticUserFilter) to context static
2024-03-11 08:37:26,228 [main] INFO  http.HttpServer2 (HttpServer2.java:addFilter(1020)) - Added filter static_user_filter (class=org.apache.hadoop.http.lib.StaticUserWebFilter$StaticUserFilter) to context logs
2024-03-11 08:37:26,228 [main] INFO  http.BaseHttpServer (BaseHttpServer.java:<init>(189)) - HTTP server of ozoneManager uses base directory /home/runner/work/ozone/ozone/hadoop-ozone/integration-test/target/test-dir/MiniOzoneClusterImpl-c7fe89f3-570b-44cc-9eba-475ffdeb33a6/omNode-1/webserver
2024-03-11 08:37:26,229 [main] INFO  http.HttpServer2 (HttpServer2.java:bindListener(1236)) - Jetty bound to port 15177
2024-03-11 08:37:26,229 [main] INFO  server.Server (Server.java:doStart(375)) - jetty-9.4.53.v20231009; built: 2023-10-09T12:29:09.265Z; git: 27bde00a0b95a1d5bbee0eae7984f891d2d0f8c9; jvm 1.8.0_402-b06
2024-03-11 08:37:26,229 [main] INFO  server.session (DefaultSessionIdManager.java:doStart(334)) - DefaultSessionIdManager workerName=node0
2024-03-11 08:37:26,230 [main] INFO  server.session (DefaultSessionIdManager.java:doStart(339)) - No SessionScavenger set, using defaults
2024-03-11 08:37:26,230 [main] INFO  server.session (HouseKeeper.java:startScavenging(132)) - node0 Scavenging every 660000ms
2024-03-11 08:37:26,230 [main] INFO  handler.ContextHandler (ContextHandler.java:doStart(921)) - Started o.e.j.s.ServletContextHandler@575143fa{logs,/logs,file:///home/runner/work/ozone/ozone/hadoop-ozone/integration-test/target/log,AVAILABLE}
2024-03-11 08:37:26,230 [main] INFO  handler.ContextHandler (ContextHandler.java:doStart(921)) - Started o.e.j.s.ServletContextHandler@84e6b38{static,/static,file:///home/runner/work/ozone/ozone/hadoop-ozone/integration-test/target/test-classes/webapps/static,AVAILABLE}
2024-03-11 08:37:26,232 [main] INFO  handler.ContextHandler (ContextHandler.java:doStart(921)) - Started o.e.j.w.WebAppContext@4185a707{ozoneManager,/,file:///home/runner/work/ozone/ozone/hadoop-ozone/integration-test/target/test-classes/webapps/ozoneManager/,AVAILABLE}{file:/home/runner/work/ozone/ozone/hadoop-ozone/integration-test/target/test-classes/webapps/ozoneManager}
2024-03-11 08:37:26,233 [main] INFO  server.AbstractConnector (AbstractConnector.java:doStart(333)) - Started ServerConnector@6dd92da1{HTTP/1.1, (http/1.1)}{0.0.0.0:15177}
2024-03-11 08:37:26,233 [main] INFO  server.Server (Server.java:doStart(415)) - Started @661004ms
2024-03-11 08:37:26,233 [main] WARN  impl.MetricsSystemImpl (MetricsSystemImpl.java:register(279)) - Sink prometheus already exists!
2024-03-11 08:37:26,233 [main] INFO  http.BaseHttpServer (BaseHttpServer.java:updateConnectorAddress(354)) - HTTP server of ozoneManager listening at http://0.0.0.0:15177
2024-03-11 08:37:26,234 [IPC Server Responder] INFO  ipc.Server (Server.java:run(1562)) - IPC Server Responder: starting
2024-03-11 08:37:26,235 [IPC Server listener on 15176] INFO  ipc.Server (Server.java:run(1402)) - IPC Server listener on 15176: starting
2024-03-11 08:37:26,239 [main] INFO  om.OzoneManager (OzoneManager.java:startTrashEmptier(2130)) - Trash Interval set to 0. Files deleted won't move to trash
2024-03-11 08:37:26,239 [main] INFO  om.OzoneManager (OzoneManager.java:restart(1747)) - OzoneManager RPC server is listening at localhost/127.0.0.1:15180
2024-03-11 08:37:26,239 [main] INFO  impl.MetricsSystemImpl (MetricsSystemImpl.java:init(158)) - OzoneManager metrics system started (again)
2024-03-11 08:37:26,247 [main] WARN  server.ServerUtils (ServerUtils.java:getDBPath(299)) - ozone.om.db.dirs is not configured. We recommend adding this setting. Falling back to ozone.metadata.dirs instead.
2024-03-11 08:37:26,248 [main] INFO  helpers.OmKeyInfo (OmKeyInfo.java:getCodec(71)) - OmKeyInfo.getCodec ignorePipeline = true
2024-03-11 08:37:26,305 [main] INFO  om.OzoneManager (OzoneManager.java:instantiateServices(811)) - S3 Multi-Tenancy is disabled
2024-03-11 08:37:26,306 [main] INFO  om.OmSnapshotManager (OmSnapshotManager.java:<init>(177)) - Ozone filesystem snapshot feature is enabled.
2024-03-11 08:37:26,306 [main] WARN  server.ServerUtils (ServerUtils.java:getDBPath(299)) - ozone.om.snapshot.diff.db.dir is not configured. We recommend adding this setting. Falling back to ozone.metadata.dirs instead.
2024-03-11 08:37:26,317 [main] INFO  utils.NativeLibraryLoader (NativeLibraryLoader.java:loadLibrary(108)) - Loading Library: ozone_rocksdb_tools
2024-03-11 08:37:26,317 [main] ERROR snapshot.SnapshotDiffManager (SnapshotDiffManager.java:initNativeLibraryForEfficientDiff(287)) - Native Library for raw sst file reading loading failed.
org.apache.hadoop.hdds.utils.NativeLibraryNotLoadedException: Unable to load library ozone_rocksdb_tools from both java.library.path & resource file libozone_rocksdb_tools.so from jar.
	at org.apache.hadoop.hdds.utils.db.managed.ManagedRawSSTFileReader.loadLibrary(ManagedRawSSTFileReader.java:38)
	at org.apache.hadoop.ozone.om.snapshot.SnapshotDiffManager.initNativeLibraryForEfficientDiff(SnapshotDiffManager.java:285)
	at org.apache.hadoop.ozone.om.snapshot.SnapshotDiffManager.<init>(SnapshotDiffManager.java:259)
	at org.apache.hadoop.ozone.om.OmSnapshotManager.<init>(OmSnapshotManager.java:279)
	at org.apache.hadoop.ozone.om.OzoneManager.instantiateServices(OzoneManager.java:863)
	at org.apache.hadoop.ozone.om.OzoneManager.restart(OzoneManager.java:1752)
	at org.apache.hadoop.ozone.MiniOzoneHAClusterImpl.restartOzoneManager(MiniOzoneHAClusterImpl.java:211)
	at org.apache.hadoop.ozone.om.TestOzoneManagerPrepare.resetCluster(TestOzoneManagerPrepare.java:113)
	at sun.reflect.NativeMethodAccessorImpl.invoke0(Native Method)
	at sun.reflect.NativeMethodAccessorImpl.invoke(NativeMethodAccessorImpl.java:62)
	at sun.reflect.DelegatingMethodAccessorImpl.invoke(DelegatingMethodAccessorImpl.java:43)
	at java.lang.reflect.Method.invoke(Method.java:498)
	at org.junit.platform.commons.util.ReflectionUtils.invokeMethod(ReflectionUtils.java:728)
	at org.junit.jupiter.engine.execution.MethodInvocation.proceed(MethodInvocation.java:60)
	at org.junit.jupiter.engine.execution.InvocationInterceptorChain$ValidatingInvocation.proceed(InvocationInterceptorChain.java:131)
	at org.junit.jupiter.engine.extension.TimeoutExtension.intercept(TimeoutExtension.java:156)
	at org.junit.jupiter.engine.extension.TimeoutExtension.interceptLifecycleMethod(TimeoutExtension.java:128)
	at org.junit.jupiter.engine.extension.TimeoutExtension.interceptAfterEachMethod(TimeoutExtension.java:110)
	at org.junit.jupiter.engine.execution.InterceptingExecutableInvoker$ReflectiveInterceptorCall.lambda$ofVoidMethod$0(InterceptingExecutableInvoker.java:103)
	at org.junit.jupiter.engine.execution.InterceptingExecutableInvoker.lambda$invoke$0(InterceptingExecutableInvoker.java:93)
	at org.junit.jupiter.engine.execution.InvocationInterceptorChain$InterceptedInvocation.proceed(InvocationInterceptorChain.java:106)
	at org.junit.jupiter.engine.execution.InvocationInterceptorChain.proceed(InvocationInterceptorChain.java:64)
	at org.junit.jupiter.engine.execution.InvocationInterceptorChain.chainAndInvoke(InvocationInterceptorChain.java:45)
	at org.junit.jupiter.engine.execution.InvocationInterceptorChain.invoke(InvocationInterceptorChain.java:37)
	at org.junit.jupiter.engine.execution.InterceptingExecutableInvoker.invoke(InterceptingExecutableInvoker.java:92)
	at org.junit.jupiter.engine.execution.InterceptingExecutableInvoker.invoke(InterceptingExecutableInvoker.java:86)
	at org.junit.jupiter.engine.descriptor.ClassBasedTestDescriptor.invokeMethodInExtensionContext(ClassBasedTestDescriptor.java:521)
	at org.junit.jupiter.engine.descriptor.ClassBasedTestDescriptor.lambda$synthesizeAfterEachMethodAdapter$24(ClassBasedTestDescriptor.java:511)
	at org.junit.jupiter.engine.descriptor.TestMethodTestDescriptor.lambda$invokeAfterEachMethods$10(TestMethodTestDescriptor.java:244)
	at org.junit.jupiter.engine.descriptor.TestMethodTestDescriptor.lambda$invokeAllAfterMethodsOrCallbacks$13(TestMethodTestDescriptor.java:277)
	at org.junit.platform.engine.support.hierarchical.ThrowableCollector.execute(ThrowableCollector.java:73)
	at org.junit.jupiter.engine.descriptor.TestMethodTestDescriptor.lambda$invokeAllAfterMethodsOrCallbacks$14(TestMethodTestDescriptor.java:277)
	at org.junit.platform.commons.util.CollectionUtils.forEachInReverseOrder(CollectionUtils.java:217)
	at org.junit.jupiter.engine.descriptor.TestMethodTestDescriptor.invokeAllAfterMethodsOrCallbacks(TestMethodTestDescriptor.java:276)
	at org.junit.jupiter.engine.descriptor.TestMethodTestDescriptor.invokeAfterEachMethods(TestMethodTestDescriptor.java:242)
	at org.junit.jupiter.engine.descriptor.TestMethodTestDescriptor.execute(TestMethodTestDescriptor.java:143)
	at org.junit.jupiter.engine.descriptor.TestMethodTestDescriptor.execute(TestMethodTestDescriptor.java:69)
	at org.junit.platform.engine.support.hierarchical.NodeTestTask.lambda$executeRecursively$6(NodeTestTask.java:151)
	at org.junit.platform.engine.support.hierarchical.ThrowableCollector.execute(ThrowableCollector.java:73)
	at org.junit.platform.engine.support.hierarchical.NodeTestTask.lambda$executeRecursively$8(NodeTestTask.java:141)
	at org.junit.platform.engine.support.hierarchical.Node.around(Node.java:137)
	at org.junit.platform.engine.support.hierarchical.NodeTestTask.lambda$executeRecursively$9(NodeTestTask.java:139)
	at org.junit.platform.engine.support.hierarchical.ThrowableCollector.execute(ThrowableCollector.java:73)
	at org.junit.platform.engine.support.hierarchical.NodeTestTask.executeRecursively(NodeTestTask.java:138)
	at org.junit.platform.engine.support.hierarchical.NodeTestTask.execute(NodeTestTask.java:95)
	at java.util.ArrayList.forEach(ArrayList.java:1259)
	at org.junit.platform.engine.support.hierarchical.SameThreadHierarchicalTestExecutorService.invokeAll(SameThreadHierarchicalTestExecutorService.java:41)
	at org.junit.platform.engine.support.hierarchical.NodeTestTask.lambda$executeRecursively$6(NodeTestTask.java:155)
	at org.junit.platform.engine.support.hierarchical.ThrowableCollector.execute(ThrowableCollector.java:73)
	at org.junit.platform.engine.support.hierarchical.NodeTestTask.lambda$executeRecursively$8(NodeTestTask.java:141)
	at org.junit.platform.engine.support.hierarchical.Node.around(Node.java:137)
	at org.junit.platform.engine.support.hierarchical.NodeTestTask.lambda$executeRecursively$9(NodeTestTask.java:139)
	at org.junit.platform.engine.support.hierarchical.ThrowableCollector.execute(ThrowableCollector.java:73)
	at org.junit.platform.engine.support.hierarchical.NodeTestTask.executeRecursively(NodeTestTask.java:138)
	at org.junit.platform.engine.support.hierarchical.NodeTestTask.execute(NodeTestTask.java:95)
	at java.util.ArrayList.forEach(ArrayList.java:1259)
	at org.junit.platform.engine.support.hierarchical.SameThreadHierarchicalTestExecutorService.invokeAll(SameThreadHierarchicalTestExecutorService.java:41)
	at org.junit.platform.engine.support.hierarchical.NodeTestTask.lambda$executeRecursively$6(NodeTestTask.java:155)
	at org.junit.platform.engine.support.hierarchical.ThrowableCollector.execute(ThrowableCollector.java:73)
	at org.junit.platform.engine.support.hierarchical.NodeTestTask.lambda$executeRecursively$8(NodeTestTask.java:141)
	at org.junit.platform.engine.support.hierarchical.Node.around(Node.java:137)
	at org.junit.platform.engine.support.hierarchical.NodeTestTask.lambda$executeRecursively$9(NodeTestTask.java:139)
	at org.junit.platform.engine.support.hierarchical.ThrowableCollector.execute(ThrowableCollector.java:73)
	at org.junit.platform.engine.support.hierarchical.NodeTestTask.executeRecursively(NodeTestTask.java:138)
	at org.junit.platform.engine.support.hierarchical.NodeTestTask.execute(NodeTestTask.java:95)
	at org.junit.platform.engine.support.hierarchical.SameThreadHierarchicalTestExecutorService.submit(SameThreadHierarchicalTestExecutorService.java:35)
	at org.junit.platform.engine.support.hierarchical.HierarchicalTestExecutor.execute(HierarchicalTestExecutor.java:57)
	at org.junit.platform.engine.support.hierarchical.HierarchicalTestEngine.execute(HierarchicalTestEngine.java:54)
	at org.junit.platform.launcher.core.EngineExecutionOrchestrator.execute(EngineExecutionOrchestrator.java:198)
	at org.junit.platform.launcher.core.EngineExecutionOrchestrator.execute(EngineExecutionOrchestrator.java:169)
	at org.junit.platform.launcher.core.EngineExecutionOrchestrator.execute(EngineExecutionOrchestrator.java:93)
	at org.junit.platform.launcher.core.EngineExecutionOrchestrator.lambda$execute$0(EngineExecutionOrchestrator.java:58)
	at org.junit.platform.launcher.core.EngineExecutionOrchestrator.withInterceptedStreams(EngineExecutionOrchestrator.java:141)
	at org.junit.platform.launcher.core.EngineExecutionOrchestrator.execute(EngineExecutionOrchestrator.java:57)
	at org.junit.platform.launcher.core.DefaultLauncher.execute(DefaultLauncher.java:103)
	at org.junit.platform.launcher.core.DefaultLauncher.execute(DefaultLauncher.java:85)
	at org.junit.platform.launcher.core.DelegatingLauncher.execute(DelegatingLauncher.java:47)
	at org.junit.platform.launcher.core.SessionPerRequestLauncher.execute(SessionPerRequestLauncher.java:63)
	at org.apache.maven.surefire.junitplatform.JUnitPlatformProvider.invokeAllTests(JUnitPlatformProvider.java:165)
	at org.apache.maven.surefire.junitplatform.JUnitPlatformProvider.invoke(JUnitPlatformProvider.java:124)
	at org.apache.maven.surefire.booter.ForkedBooter.runSuitesInProcess(ForkedBooter.java:428)
	at org.apache.maven.surefire.booter.ForkedBooter.execute(ForkedBooter.java:162)
	at org.apache.maven.surefire.booter.ForkedBooter.run(ForkedBooter.java:562)
	at org.apache.maven.surefire.booter.ForkedBooter.main(ForkedBooter.java:548)
2024-03-11 08:37:26,320 [main] WARN  om.OzoneManager (OzoneManager.java:instantiatePrepareStateOnStartup(4553)) - Prepare marker file index 52 does not match DB prepare index 51. Writing DB index to prepare file and maintaining prepared state.
2024-03-11 08:37:26,320 [main] INFO  om.OzoneManagerPrepareState (OzoneManagerPrepareState.java:writePrepareMarkerFile(262)) - Prepare marker file written with log index 51 to file /home/runner/work/ozone/ozone/hadoop-ozone/integration-test/target/test-dir/MiniOzoneClusterImpl-c7fe89f3-570b-44cc-9eba-475ffdeb33a6/omNode-2/current/prepareMarker
2024-03-11 08:37:26,323 [main] WARN  dropwizard3.Dm3MetricRegistriesImpl (Dm3MetricRegistriesImpl.java:addReporterRegistration(113)) - New reporters are added after registries were created. Some metrics will be missing from the reporter. Please add reporter before adding any new registry.
2024-03-11 08:37:26,323 [main] WARN  dropwizard3.Dm3MetricRegistriesImpl (Dm3MetricRegistriesImpl.java:addReporterRegistration(113)) - New reporters are added after registries were created. Some metrics will be missing from the reporter. Please add reporter before adding any new registry.
2024-03-11 08:37:26,323 [main] WARN  server.ServerUtils (ServerUtils.java:getDefaultRatisDirectory(311)) - Storage directory for Ratis is not configured. It is a good idea to map this to an SSD disk. Falling back to ozone.metadata.dirs
2024-03-11 08:37:26,324 [main] INFO  ratis.OzoneManagerRatisServer (OzoneManagerRatisServer.java:<init>(167)) - Instantiating OM Ratis server with groupID: om-service-test1 and peers: localhost:15183, localhost:15187, localhost:15179
2024-03-11 08:37:26,324 [main] INFO  ratis.OzoneManagerStateMachine (OzoneManagerStateMachine.java:loadSnapshotInfoFromDB(573)) - LastAppliedIndex is set from TransactionInfo from OM DB as (t:1, i:52)
2024-03-11 08:37:26,325 [main] INFO  server.RaftServer (ConfUtils.java:logGet(46)) - raft.rpc.type = GRPC (default)
2024-03-11 08:37:26,325 [main] INFO  grpc.GrpcConfigKeys (ConfUtils.java:logFallback(53)) - raft.grpc.admin.host = null (fallback to raft.grpc.server.host)
2024-03-11 08:37:26,325 [main] INFO  grpc.GrpcConfigKeys (ConfUtils.java:logFallback(53)) - raft.grpc.admin.port = 15183 (fallback to raft.grpc.server.port)
2024-03-11 08:37:26,325 [main] INFO  grpc.GrpcConfigKeys (ConfUtils.java:logFallback(53)) - raft.grpc.client.host = null (fallback to raft.grpc.server.host)
2024-03-11 08:37:26,325 [main] INFO  grpc.GrpcConfigKeys (ConfUtils.java:logFallback(53)) - raft.grpc.client.port = 15183 (fallback to raft.grpc.server.port)
2024-03-11 08:37:26,325 [main] INFO  grpc.GrpcConfigKeys (ConfUtils.java:logGet(46)) - raft.grpc.server.host = null (default)
2024-03-11 08:37:26,326 [main] INFO  grpc.GrpcConfigKeys (ConfUtils.java:logGet(46)) - raft.grpc.server.port = 15183 (custom)
2024-03-11 08:37:26,326 [main] INFO  server.GrpcService (ConfUtils.java:logGet(46)) - raft.grpc.message.size.max = 4194304 (custom)
2024-03-11 08:37:26,326 [main] INFO  server.RaftServerConfigKeys (ConfUtils.java:logGet(46)) - raft.server.log.appender.buffer.byte-limit = 4194304 (custom)
2024-03-11 08:37:26,326 [main] INFO  server.GrpcService (ConfUtils.java:logGet(46)) - raft.grpc.flow.control.window = 1MB (=1048576) (default)
2024-03-11 08:37:26,326 [main] INFO  server.RaftServerConfigKeys (ConfUtils.java:logGet(46)) - raft.server.rpc.request.timeout = 3000ms (default)
2024-03-11 08:37:26,326 [main] INFO  grpc.GrpcConfigKeys (ConfUtils.java:logGet(46)) - raft.grpc.server.heartbeat.channel = true (default)
2024-03-11 08:37:26,326 [main] INFO  grpc.GrpcConfigKeys (ConfUtils.java:logGet(46)) - raft.grpc.server.async.request.thread.pool.cached = true (default)
2024-03-11 08:37:26,326 [main] INFO  grpc.GrpcConfigKeys (ConfUtils.java:logGet(46)) - raft.grpc.server.async.request.thread.pool.size = 32 (default)
2024-03-11 08:37:26,327 [main] INFO  impl.DataStreamServerImpl (ConfUtils.java:logGet(46)) - raft.datastream.type = DISABLED (default)
2024-03-11 08:37:26,327 [main] INFO  server.RaftServerConfigKeys (ConfUtils.java:logGet(46)) - raft.server.sleep.deviation.threshold = 300ms (default)
2024-03-11 08:37:26,328 [main] INFO  server.RaftServerConfigKeys (ConfUtils.java:logGet(46)) - raft.server.close.threshold = 60s (default)
2024-03-11 08:37:26,328 [main] INFO  server.RaftServerConfigKeys (ConfUtils.java:logGet(46)) - raft.server.leaderelection.leader.step-down.wait-time = 10s (default)
2024-03-11 08:37:26,328 [main] INFO  server.RaftServerConfigKeys (ConfUtils.java:logGet(46)) - raft.server.storage.dir = [/home/runner/work/ozone/ozone/hadoop-ozone/integration-test/target/test-dir/MiniOzoneClusterImpl-c7fe89f3-570b-44cc-9eba-475ffdeb33a6/omNode-2/ratis] (custom)
2024-03-11 08:37:26,328 [main] INFO  server.RaftServerConfigKeys (ConfUtils.java:logGet(46)) - raft.server.threadpool.proxy.cached = true (default)
2024-03-11 08:37:26,328 [main] INFO  server.RaftServerConfigKeys (ConfUtils.java:logGet(46)) - raft.server.threadpool.proxy.size = 0 (default)
2024-03-11 08:37:26,328 [omNode-2-impl-thread1] INFO  server.RaftServer (RaftServerProxy.java:initGroupDir(264)) - omNode-2: found a subdirectory /home/runner/work/ozone/ozone/hadoop-ozone/integration-test/target/test-dir/MiniOzoneClusterImpl-c7fe89f3-570b-44cc-9eba-475ffdeb33a6/omNode-2/ratis/c9bc4cf4-3bc3-3c60-a66b-523986131536
2024-03-11 08:37:26,329 [main] INFO  server.RaftServer (RaftServerProxy.java:addNew(100)) - omNode-2: addNew group-523986131536:[omNode-3|localhost:15187, omNode-1|localhost:15179, omNode-2|localhost:15183] returns group-523986131536:java.util.concurrent.CompletableFuture@fdafd25[Not completed]
2024-03-11 08:37:26,329 [main] INFO  om.OzoneManager (OzoneManager.java:initializeRatisServer(2177)) - OzoneManager Ratis server initialized at port 15183
2024-03-11 08:37:26,329 [main] INFO  ratis.OzoneManagerRatisServer (OzoneManagerRatisServer.java:start(588)) - Starting OzoneManagerRatisServer omNode-2 at port 15183
2024-03-11 08:37:26,329 [omNode-2-groupManagement] INFO  server.RaftServer$Division (RaftServerImpl.java:<init>(256)) - omNode-2: new RaftServerImpl for group-523986131536:[omNode-3|localhost:15187, omNode-1|localhost:15179, omNode-2|localhost:15183] with OzoneManagerStateMachine:uninitialized
2024-03-11 08:37:26,329 [omNode-2-groupManagement] INFO  server.RaftServerConfigKeys (ConfUtils.java:logGet(46)) - raft.server.rpc.timeout.min = 1s (custom)
2024-03-11 08:37:26,329 [omNode-2-groupManagement] INFO  server.RaftServerConfigKeys (ConfUtils.java:logGet(46)) - raft.server.rpc.timeout.max = 1200ms (custom)
2024-03-11 08:37:26,329 [omNode-2-groupManagement] INFO  server.RaftServerConfigKeys (ConfUtils.java:logGet(46)) - raft.server.rpc.sleep.time = 25ms (default)
2024-03-11 08:37:26,329 [omNode-2-groupManagement] INFO  server.RaftServerConfigKeys (ConfUtils.java:logGet(46)) - raft.server.rpc.slowness.timeout = 2s (custom)
2024-03-11 08:37:26,329 [omNode-2-groupManagement] INFO  server.RaftServerConfigKeys (ConfUtils.java:logGet(46)) - raft.server.leaderelection.leader.step-down.wait-time = 10s (default)
2024-03-11 08:37:26,329 [omNode-2-groupManagement] INFO  server.RaftServerConfigKeys (ConfUtils.java:logGet(46)) - raft.server.leaderelection.member.majority-add = false (default)
2024-03-11 08:37:26,329 [omNode-2-groupManagement] INFO  server.RaftServerConfigKeys (ConfUtils.java:logGet(46)) - raft.server.sleep.deviation.threshold = 300ms (default)
2024-03-11 08:37:26,329 [omNode-2-groupManagement] INFO  server.RaftServer$Division (ServerState.java:<init>(113)) - omNode-2@group-523986131536: ConfigurationManager, init=-1: peers:[omNode-3|localhost:15187, omNode-1|localhost:15179, omNode-2|localhost:15183]|listeners:[], old=null, confs=<EMPTY_MAP>
2024-03-11 08:37:26,330 [omNode-2-groupManagement] INFO  server.RaftServerConfigKeys (ConfUtils.java:logGet(46)) - raft.server.notification.no-leader.timeout = 2s (custom)
2024-03-11 08:37:26,330 [omNode-2-groupManagement] INFO  server.RaftServerConfigKeys (ConfUtils.java:logGet(46)) - raft.server.read.timeout = 10s (default)
2024-03-11 08:37:26,330 [omNode-2-groupManagement] INFO  server.RaftServerConfigKeys (ConfUtils.java:logGet(46)) - raft.server.retrycache.expirytime = 30000ms (custom)
2024-03-11 08:37:26,330 [omNode-2-groupManagement] INFO  server.RaftServerConfigKeys (ConfUtils.java:logGet(46)) - raft.server.retrycache.statistics.expirytime = 100ms (default)
2024-03-11 08:37:26,330 [omNode-2-groupManagement] INFO  server.RaftServerConfigKeys (ConfUtils.java:logGet(46)) - raft.server.read.option = DEFAULT (default)
2024-03-11 08:37:26,330 [omNode-2-groupManagement] INFO  server.RaftServerConfigKeys (ConfUtils.java:logGet(46)) - raft.server.read.read-after-write-consistent.write-index-cache.expiry-time = 60s (default)
2024-03-11 08:37:26,331 [omNode-2-groupManagement] INFO  server.RaftServerConfigKeys (ConfUtils.java:logGet(46)) - raft.server.rpc.request.timeout = 3000ms (default)
2024-03-11 08:37:26,331 [omNode-2-groupManagement] INFO  server.RaftServerConfigKeys (ConfUtils.java:logGet(46)) - raft.server.log.appender.install.snapshot.enabled = false (custom)
2024-03-11 08:37:26,331 [omNode-2-groupManagement] INFO  server.RaftServerConfigKeys (ConfUtils.java:logGet(46)) - raft.server.threadpool.server.cached = true (default)
2024-03-11 08:37:26,331 [omNode-2-groupManagement] INFO  server.RaftServerConfigKeys (ConfUtils.java:logGet(46)) - raft.server.threadpool.server.size = 0 (default)
2024-03-11 08:37:26,331 [omNode-2-groupManagement] INFO  server.RaftServerConfigKeys (ConfUtils.java:logGet(46)) - raft.server.threadpool.client.cached = true (default)
2024-03-11 08:37:26,331 [omNode-2-groupManagement] INFO  server.RaftServerConfigKeys (ConfUtils.java:logGet(46)) - raft.server.threadpool.client.size = 0 (default)
2024-03-11 08:37:26,331 [omNode-2-impl-thread1] INFO  server.RaftServerConfigKeys (ConfUtils.java:logGet(46)) - raft.server.storage.free-space.min = 0MB (=0) (default)
2024-03-11 08:37:26,331 [omNode-2-impl-thread1] INFO  server.RaftServerConfigKeys (ConfUtils.java:logGet(46)) - raft.server.log.corruption.policy = EXCEPTION (default)
2024-03-11 08:37:26,331 [omNode-2-impl-thread1] INFO  server.RaftServerConfigKeys (ConfUtils.java:logGet(46)) - raft.server.storage.dir = [/home/runner/work/ozone/ozone/hadoop-ozone/integration-test/target/test-dir/MiniOzoneClusterImpl-c7fe89f3-570b-44cc-9eba-475ffdeb33a6/omNode-2/ratis] (custom)
2024-03-11 08:37:26,332 [omNode-2-impl-thread1] INFO  storage.RaftStorageDirectory (RaftStorageDirectoryImpl.java:tryLock(228)) - Lock on /home/runner/work/ozone/ozone/hadoop-ozone/integration-test/target/test-dir/MiniOzoneClusterImpl-c7fe89f3-570b-44cc-9eba-475ffdeb33a6/omNode-2/ratis/c9bc4cf4-3bc3-3c60-a66b-523986131536/in_use.lock acquired by nodename 48108@fv-az1250-130
2024-03-11 08:37:26,333 [omNode-2-impl-thread1] INFO  storage.RaftStorage (RaftStorageImpl.java:analyzeAndRecoverStorage(119)) - Read RaftStorageMetadata{term=1, votedFor=omNode-1} from /home/runner/work/ozone/ozone/hadoop-ozone/integration-test/target/test-dir/MiniOzoneClusterImpl-c7fe89f3-570b-44cc-9eba-475ffdeb33a6/omNode-2/ratis/c9bc4cf4-3bc3-3c60-a66b-523986131536/current/raft-meta
2024-03-11 08:37:26,334 [omNode-2-impl-thread1] INFO  server.RaftServer$Division (ServerState.java:setRaftConf(386)) - omNode-2@group-523986131536: set configuration 0: peers:[omNode-3|localhost:15187, omNode-1|localhost:15179, omNode-2|localhost:15183]|listeners:[], old=null
2024-03-11 08:37:26,334 [omNode-2-impl-thread1] INFO  server.RaftServerConfigKeys (ConfUtils.java:logGet(46)) - raft.server.log.use.memory = false (default)
2024-03-11 08:37:26,334 [omNode-2-impl-thread1] INFO  server.RaftServerConfigKeys (ConfUtils.java:logGet(46)) - raft.server.log.purge.gap = 50 (custom)
2024-03-11 08:37:26,334 [omNode-2-impl-thread1] INFO  server.RaftServerConfigKeys (ConfUtils.java:logGet(46)) - raft.server.log.appender.buffer.byte-limit = 4194304 (custom)
2024-03-11 08:37:26,334 [omNode-2-impl-thread1] INFO  server.RaftServerConfigKeys (ConfUtils.java:logGet(46)) - raft.server.log.statemachine.data.read.timeout = 1000ms (default)
2024-03-11 08:37:26,334 [omNode-2-impl-thread1] INFO  server.RaftServerConfigKeys (ConfUtils.java:logGet(46)) - raft.server.log.purge.preservation.log.num = 0 (default)
2024-03-11 08:37:26,335 [omNode-2-impl-thread1] INFO  server.RaftServerConfigKeys (ConfUtils.java:logGet(46)) - raft.server.log.segment.size.max = 4194304 (custom)
2024-03-11 08:37:26,335 [omNode-2-impl-thread1] INFO  server.RaftServerConfigKeys (ConfUtils.java:logGet(46)) - raft.server.log.segment.cache.num.max = 2 (custom)
2024-03-11 08:37:26,335 [omNode-2-impl-thread1] INFO  server.RaftServerConfigKeys (ConfUtils.java:logGet(46)) - raft.server.log.segment.cache.size.max = 200MB (=209715200) (default)
2024-03-11 08:37:26,335 [omNode-2-impl-thread1] INFO  server.RaftServerConfigKeys (ConfUtils.java:logGet(46)) - raft.server.log.appender.buffer.byte-limit = 4194304 (custom)
2024-03-11 08:37:26,335 [omNode-2-impl-thread1] INFO  util.AwaitToRun (AwaitToRun.java:start(81)) - Thread[omNode-2@group-523986131536-cacheEviction-AwaitToRun,5,main] started
2024-03-11 08:37:26,335 [omNode-2-impl-thread1] INFO  segmented.SegmentedRaftLogWorker (SegmentedRaftLogWorker.java:<init>(182)) - new omNode-2@group-523986131536-SegmentedRaftLogWorker for RaftStorageImpl:Storage Directory /home/runner/work/ozone/ozone/hadoop-ozone/integration-test/target/test-dir/MiniOzoneClusterImpl-c7fe89f3-570b-44cc-9eba-475ffdeb33a6/omNode-2/ratis/c9bc4cf4-3bc3-3c60-a66b-523986131536
2024-03-11 08:37:26,335 [omNode-2-impl-thread1] INFO  server.RaftServerConfigKeys (ConfUtils.java:logGet(46)) - raft.server.log.queue.byte-limit = 64MB (=67108864) (default)
2024-03-11 08:37:26,335 [omNode-2-impl-thread1] INFO  server.RaftServerConfigKeys (ConfUtils.java:logGet(46)) - raft.server.log.queue.element-limit = 4096 (default)
2024-03-11 08:37:26,335 [omNode-2-impl-thread1] INFO  server.RaftServerConfigKeys (ConfUtils.java:logGet(46)) - raft.server.log.segment.size.max = 4194304 (custom)
2024-03-11 08:37:26,335 [omNode-2-impl-thread1] INFO  server.RaftServerConfigKeys (ConfUtils.java:logGet(46)) - raft.server.log.preallocated.size = 4194304 (custom)
2024-03-11 08:37:26,335 [omNode-2-impl-thread1] INFO  server.RaftServerConfigKeys (ConfUtils.java:logGet(46)) - raft.server.log.force.sync.num = 128 (default)
2024-03-11 08:37:26,335 [omNode-2-impl-thread1] INFO  server.RaftServerConfigKeys (ConfUtils.java:logGet(46)) - raft.server.log.statemachine.data.sync = true (default)
2024-03-11 08:37:26,336 [omNode-2-impl-thread1] INFO  server.RaftServerConfigKeys (ConfUtils.java:logGet(46)) - raft.server.log.statemachine.data.sync.timeout = 10s (default)
2024-03-11 08:37:26,336 [omNode-2-impl-thread1] INFO  server.RaftServerConfigKeys (ConfUtils.java:logGet(46)) - raft.server.log.statemachine.data.sync.timeout.retry = -1 (default)
2024-03-11 08:37:26,336 [omNode-2-impl-thread1] INFO  server.RaftServerConfigKeys (ConfUtils.java:logGet(46)) - raft.server.log.write.buffer.size = 4194312 (custom)
2024-03-11 08:37:26,337 [omNode-2-impl-thread1] INFO  server.RaftServerConfigKeys (ConfUtils.java:logGet(46)) - raft.server.log.appender.buffer.byte-limit = 4194304 (custom)
2024-03-11 08:37:26,337 [omNode-2-impl-thread1] INFO  server.RaftServerConfigKeys (ConfUtils.java:logGet(46)) - raft.server.log.unsafe-flush.enabled = false (default)
2024-03-11 08:37:26,337 [omNode-2-impl-thread1] INFO  server.RaftServerConfigKeys (ConfUtils.java:logGet(46)) - raft.server.log.async-flush.enabled = false (default)
2024-03-11 08:37:26,337 [omNode-2-impl-thread1] INFO  server.RaftServerConfigKeys (ConfUtils.java:logGet(46)) - raft.server.log.statemachine.data.caching.enabled = false (default)
2024-03-11 08:37:26,337 [omNode-2-impl-thread1] INFO  segmented.SegmentedRaftLogWorker (SegmentedRaftLogWorker.java:lambda$new$0(134)) - omNode-2@group-523986131536-SegmentedRaftLogWorker: flushIndex: setUnconditionally 0 -> 52
2024-03-11 08:37:26,337 [omNode-2-impl-thread1] INFO  segmented.SegmentedRaftLogWorker (SegmentedRaftLogWorker.java:lambda$new$0(134)) - omNode-2@group-523986131536-SegmentedRaftLogWorker: safeCacheEvictIndex: setUnconditionally 0 -> -1
2024-03-11 08:37:26,337 [omNode-2-impl-thread1] INFO  server.RaftServer$Division (RaftServerImpl.java:start(396)) - omNode-2@group-523986131536: start as a follower, conf=0: peers:[omNode-3|localhost:15187, omNode-1|localhost:15179, omNode-2|localhost:15183]|listeners:[], old=null
2024-03-11 08:37:26,338 [omNode-2-impl-thread1] INFO  server.RaftServer$Division (RaftServerImpl.java:setRole(383)) - omNode-2@group-523986131536: changes role from      null to FOLLOWER at term 1 for startAsFollower
2024-03-11 08:37:26,338 [omNode-2-impl-thread1] INFO  impl.RoleInfo (RoleInfo.java:updateAndGet(139)) - omNode-2: start omNode-2@group-523986131536-FollowerState
2024-03-11 08:37:26,338 [omNode-2@group-523986131536-FollowerState] INFO  server.RaftServerConfigKeys (ConfUtils.java:logFallback(53)) - raft.server.rpc.first-election.timeout.min = 1s (fallback to raft.server.rpc.timeout.min)
2024-03-11 08:37:26,338 [omNode-2-impl-thread1] INFO  util.JmxRegister (JmxRegister.java:tryRegister(44)) - Successfully registered JMX Bean with object name Ratis:service=RaftServer,group=group-523986131536,id=omNode-2
2024-03-11 08:37:26,338 [omNode-2-impl-thread1] INFO  server.RaftServerConfigKeys (ConfUtils.java:logGet(46)) - raft.server.snapshot.trigger-when-stop.enabled = true (default)
2024-03-11 08:37:26,338 [omNode-2-impl-thread1] INFO  server.RaftServerConfigKeys (ConfUtils.java:logGet(46)) - raft.server.snapshot.auto.trigger.enabled = true (custom)
2024-03-11 08:37:26,338 [omNode-2-impl-thread1] INFO  server.RaftServerConfigKeys (ConfUtils.java:logGet(46)) - raft.server.snapshot.auto.trigger.threshold = 50 (custom)
2024-03-11 08:37:26,338 [omNode-2-impl-thread1] INFO  server.RaftServerConfigKeys (ConfUtils.java:logGet(46)) - raft.server.snapshot.retention.file.num = -1 (default)
2024-03-11 08:37:26,338 [omNode-2-impl-thread1] INFO  server.RaftServerConfigKeys (ConfUtils.java:logGet(46)) - raft.server.log.purge.upto.snapshot.index = true (custom)
2024-03-11 08:37:26,338 [omNode-2@group-523986131536-FollowerState] INFO  server.RaftServerConfigKeys (ConfUtils.java:logFallback(53)) - raft.server.rpc.first-election.timeout.max = 1200ms (fallback to raft.server.rpc.timeout.max)
2024-03-11 08:37:26,339 [main] INFO  server.RaftServer (RaftServerProxy.java:startImpl(406)) - omNode-2: start RPC server
2024-03-11 08:37:26,339 [main] INFO  server.GrpcService (GrpcService.java:startImpl(302)) - omNode-2: GrpcService started, listening on 15183
2024-03-11 08:37:26,339 [main] INFO  om.OzoneManager (OzoneManager.java:getRpcServer(1231)) - Creating RPC Server
2024-03-11 08:37:26,339 [JvmPauseMonitor58] INFO  util.JvmPauseMonitor (JvmPauseMonitor.java:run(146)) - JvmPauseMonitor-omNode-2: Started
2024-03-11 08:37:26,511 [main] INFO  ipc.CallQueueManager (CallQueueManager.java:<init>(90)) - Using callQueue: class java.util.concurrent.LinkedBlockingQueue, queueCapacity: 2000, scheduler: class org.apache.hadoop.ipc.DefaultRpcScheduler, ipcBackoff: false.
2024-03-11 08:37:26,511 [main] INFO  ipc.Server (Server.java:<init>(1287)) - Listener at localhost:15180
2024-03-11 08:37:26,512 [Socket Reader #1 for port 15180] INFO  ipc.Server (Server.java:run(1323)) - Starting Socket Reader #1 for port 15180
2024-03-11 08:37:26,514 [main] INFO  http.BaseHttpServer (BaseHttpServer.java:newHttpServer2BuilderForOzone(223)) - Starting Web-server for ozoneManager at: http://0.0.0.0:15181
2024-03-11 08:37:26,514 [main] INFO  http.BaseHttpServer (BaseHttpServer.java:<init>(110)) - Hadoop Security Enabled: false Ozone Security Enabled: false Ozone HTTP Security Enabled: false 
2024-03-11 08:37:26,515 [main] WARN  server.AuthenticationFilter (AuthenticationFilter.java:constructSecretProvider(240)) - Unable to initialize FileSignerSecretProvider, falling back to use random secrets. Reason: Could not read signature secret file: /home/runner/hadoop-http-auth-signature-secret
2024-03-11 08:37:26,515 [main] INFO  http.HttpRequestLog (HttpRequestLog.java:getRequestLog(86)) - Http request log for http.requests.ozoneManager is not defined
2024-03-11 08:37:26,516 [main] INFO  http.HttpServer2 (HttpServer2.java:addGlobalFilter(1036)) - Added global filter 'safety' (class=org.apache.hadoop.hdds.server.http.HttpServer2$QuotingInputFilter)
2024-03-11 08:37:26,516 [main] INFO  http.HttpServer2 (HttpServer2.java:addFilter(1012)) - Added filter static_user_filter (class=org.apache.hadoop.http.lib.StaticUserWebFilter$StaticUserFilter) to context ozoneManager
2024-03-11 08:37:26,516 [main] INFO  http.HttpServer2 (HttpServer2.java:addFilter(1020)) - Added filter static_user_filter (class=org.apache.hadoop.http.lib.StaticUserWebFilter$StaticUserFilter) to context static
2024-03-11 08:37:26,516 [main] INFO  http.HttpServer2 (HttpServer2.java:addFilter(1020)) - Added filter static_user_filter (class=org.apache.hadoop.http.lib.StaticUserWebFilter$StaticUserFilter) to context logs
2024-03-11 08:37:26,517 [main] INFO  http.BaseHttpServer (BaseHttpServer.java:<init>(189)) - HTTP server of ozoneManager uses base directory /home/runner/work/ozone/ozone/hadoop-ozone/integration-test/target/test-dir/MiniOzoneClusterImpl-c7fe89f3-570b-44cc-9eba-475ffdeb33a6/omNode-2/webserver
2024-03-11 08:37:26,517 [main] INFO  http.HttpServer2 (HttpServer2.java:bindListener(1236)) - Jetty bound to port 15181
2024-03-11 08:37:26,517 [main] INFO  server.Server (Server.java:doStart(375)) - jetty-9.4.53.v20231009; built: 2023-10-09T12:29:09.265Z; git: 27bde00a0b95a1d5bbee0eae7984f891d2d0f8c9; jvm 1.8.0_402-b06
2024-03-11 08:37:26,518 [main] INFO  server.session (DefaultSessionIdManager.java:doStart(334)) - DefaultSessionIdManager workerName=node0
2024-03-11 08:37:26,518 [main] INFO  server.session (DefaultSessionIdManager.java:doStart(339)) - No SessionScavenger set, using defaults
2024-03-11 08:37:26,518 [main] INFO  server.session (HouseKeeper.java:startScavenging(132)) - node0 Scavenging every 660000ms
2024-03-11 08:37:26,518 [main] INFO  handler.ContextHandler (ContextHandler.java:doStart(921)) - Started o.e.j.s.ServletContextHandler@83cb202{logs,/logs,file:///home/runner/work/ozone/ozone/hadoop-ozone/integration-test/target/log,AVAILABLE}
2024-03-11 08:37:26,519 [main] INFO  handler.ContextHandler (ContextHandler.java:doStart(921)) - Started o.e.j.s.ServletContextHandler@940bdd7{static,/static,file:///home/runner/work/ozone/ozone/hadoop-ozone/integration-test/target/test-classes/webapps/static,AVAILABLE}
2024-03-11 08:37:26,520 [main] INFO  handler.ContextHandler (ContextHandler.java:doStart(921)) - Started o.e.j.w.WebAppContext@778cb591{ozoneManager,/,file:///home/runner/work/ozone/ozone/hadoop-ozone/integration-test/target/test-classes/webapps/ozoneManager/,AVAILABLE}{file:/home/runner/work/ozone/ozone/hadoop-ozone/integration-test/target/test-classes/webapps/ozoneManager}
2024-03-11 08:37:26,521 [main] INFO  server.AbstractConnector (AbstractConnector.java:doStart(333)) - Started ServerConnector@bd0311d{HTTP/1.1, (http/1.1)}{0.0.0.0:15181}
2024-03-11 08:37:26,521 [main] INFO  server.Server (Server.java:doStart(415)) - Started @661292ms
2024-03-11 08:37:26,521 [main] WARN  impl.MetricsSystemImpl (MetricsSystemImpl.java:register(279)) - Sink prometheus already exists!
2024-03-11 08:37:26,521 [main] INFO  http.BaseHttpServer (BaseHttpServer.java:updateConnectorAddress(354)) - HTTP server of ozoneManager listening at http://0.0.0.0:15181
2024-03-11 08:37:26,522 [IPC Server Responder] INFO  ipc.Server (Server.java:run(1562)) - IPC Server Responder: starting
2024-03-11 08:37:26,522 [IPC Server listener on 15180] INFO  ipc.Server (Server.java:run(1402)) - IPC Server listener on 15180: starting
2024-03-11 08:37:26,530 [main] INFO  om.OzoneManager (OzoneManager.java:startTrashEmptier(2130)) - Trash Interval set to 0. Files deleted won't move to trash
]]></system-out>
    </rerunError>
    <rerunError type="PREPARE_FAILED org.apache.hadoop.ozone.om.exceptions.OMException">
      <stackTrace><![CDATA[PREPARE_FAILED org.apache.hadoop.ozone.om.exceptions.OMException: java.io.IOException: After waiting for 120 seconds, Ratis state machine applied index 50 which is less than the minimum required index 52.
	at org.apache.hadoop.ozone.om.protocolPB.OzoneManagerProtocolClientSideTranslatorPB.handleError(OzoneManagerProtocolClientSideTranslatorPB.java:752)
	at org.apache.hadoop.ozone.om.protocolPB.OzoneManagerProtocolClientSideTranslatorPB.prepareOzoneManager(OzoneManagerProtocolClientSideTranslatorPB.java:2466)
	at org.apache.hadoop.ozone.om.TestOzoneManagerPrepare.submitPrepareRequest(TestOzoneManagerPrepare.java:445)
	at org.apache.hadoop.ozone.om.TestOzoneManagerPrepare.testCancelPrepare(TestOzoneManagerPrepare.java:314)
	at java.lang.reflect.Method.invoke(Method.java:498)
	at java.util.ArrayList.forEach(ArrayList.java:1259)
	at java.util.ArrayList.forEach(ArrayList.java:1259)
]]></stackTrace>
      <system-out><![CDATA[2024-03-11 08:37:31,451 [main] WARN  server.ServerUtils (ServerUtils.java:getScmDbDir(143)) - ozone.scm.db.dirs is not configured. We recommend adding this setting. Falling back to ozone.metadata.dirs instead.
2024-03-11 08:37:31,453 [main] WARN  server.ServerUtils (ServerUtils.java:getScmDbDir(143)) - ozone.scm.db.dirs is not configured. We recommend adding this setting. Falling back to ozone.metadata.dirs instead.
2024-03-11 08:37:31,453 [main] INFO  ha.SCMHANodeDetails (SCMHANodeDetails.java:loadSCMHAConfig(207)) - ServiceID for StorageContainerManager is null
2024-03-11 08:37:31,453 [main] INFO  ha.SCMHANodeDetails (SCMHANodeDetails.java:loadSCMHAConfig(212)) - ozone.scm.default.service.id is not defined, falling back to ozone.scm.service.ids to find serviceID for StorageContainerManager if it is HA enabled cluster
2024-03-11 08:37:31,454 [main] WARN  utils.HAUtils (HAUtils.java:getMetaDir(339)) - ozone.scm.db.dirs is not configured. We recommend adding this setting. Falling back to ozone.metadata.dirs instead.
2024-03-11 08:37:31,454 [main] WARN  db.DBStoreBuilder (DBStoreBuilder.java:applyDBDefinition(171)) - ozone.scm.db.dirs is not configured. We recommend adding this setting. Falling back to ozone.metadata.dirs instead.
2024-03-11 08:37:31,543 [main] INFO  net.NodeSchemaLoader (NodeSchemaLoader.java:loadSchemaFromFile(129)) - Loading schema from [jar:file:/home/runner/.m2/repository/org/apache/ozone/hdds-common/1.5.0-SNAPSHOT/hdds-common-1.5.0-SNAPSHOT.jar!/network-topology-default.xml]
2024-03-11 08:37:31,543 [main] INFO  net.NodeSchemaLoader (NodeSchemaLoader.java:loadSchema(176)) - Loading network topology layer schema file
2024-03-11 08:37:31,545 [main] INFO  upgrade.AbstractLayoutVersionManager (AbstractLayoutVersionManager.java:init(83)) - Initializing Layout version manager with metadata layout = HADOOP_PRC_PORTS_IN_DATANODEDETAILS (version = 7), software layout = HADOOP_PRC_PORTS_IN_DATANODEDETAILS (version = 7)
2024-03-11 08:37:31,546 [main] INFO  ha.SequenceIdGenerator (SequenceIdGenerator.java:upgradeToSequenceId(370)) - upgrade localId to 113750153625600000
2024-03-11 08:37:31,547 [main] INFO  ha.SequenceIdGenerator (SequenceIdGenerator.java:upgradeToSequenceId(380)) - upgrade delTxnId to 0
2024-03-11 08:37:31,549 [main] INFO  ha.SequenceIdGenerator (SequenceIdGenerator.java:upgradeToSequenceId(397)) - upgrade containerId to 0
2024-03-11 08:37:31,550 [main] INFO  ha.SequenceIdGenerator (SequenceIdGenerator.java:upgradeToCertificateSequenceId(444)) - upgrade CertificateId to 2
2024-03-11 08:37:31,551 [main] INFO  ha.SequenceIdGenerator (SequenceIdGenerator.java:<init>(241)) - Init the HA SequenceIdGenerator.
2024-03-11 08:37:31,551 [main] WARN  server.ServerUtils (ServerUtils.java:sanitizeUserArgs(79)) - ozone.scm.stale.node.interval value = 300000 is larger than max = 100000 based on the key value of ozone.scm.heartbeat.thread.interval, reset to the max value 100000.
2024-03-11 08:37:31,551 [main] WARN  server.ServerUtils (ServerUtils.java:sanitizeUserArgs(79)) - ozone.scm.stale.node.interval value = 300000 is larger than max = 100000 based on the key value of ozone.scm.heartbeat.thread.interval, reset to the max value 100000.
2024-03-11 08:37:31,551 [main] INFO  node.SCMNodeManager (SCMNodeManager.java:<init>(177)) - Entering startup safe mode.
2024-03-11 08:37:31,552 [main] INFO  algorithms.ContainerPlacementPolicyFactory (ContainerPlacementPolicyFactory.java:getPolicyInternal(86)) - Create container placement policy of type org.apache.hadoop.hdds.scm.container.placement.algorithms.SCMContainerPlacementRackAware
2024-03-11 08:37:31,552 [main] INFO  algorithms.ContainerPlacementPolicyFactory (ContainerPlacementPolicyFactory.java:getPolicyInternal(86)) - Create container placement policy of type org.apache.hadoop.hdds.scm.container.placement.algorithms.SCMContainerPlacementRackScatter
2024-03-11 08:37:31,552 [main] INFO  pipeline.PipelineStateManagerImpl (PipelineStateManagerImpl.java:initialize(78)) - No pipeline exists in current db
2024-03-11 08:37:31,552 [main] INFO  algorithms.LeaderChoosePolicyFactory (LeaderChoosePolicyFactory.java:getPolicy(57)) - Create leader choose policy of type org.apache.hadoop.hdds.scm.pipeline.leader.choose.algorithms.MinLeaderCountChoosePolicy
2024-03-11 08:37:31,553 [main] INFO  algorithms.ContainerPlacementPolicyFactory (ContainerPlacementPolicyFactory.java:getPolicyInternal(86)) - Create container placement policy of type org.apache.hadoop.hdds.scm.container.placement.algorithms.SCMContainerPlacementRackScatter
2024-03-11 08:37:31,553 [main] INFO  ha.SCMServiceManager (SCMServiceManager.java:register(42)) - Registering service BackgroundPipelineCreator.
2024-03-11 08:37:31,553 [main] INFO  pipeline.BackgroundPipelineCreator (BackgroundPipelineCreator.java:start(127)) - Starting RatisPipelineUtilsThread.
2024-03-11 08:37:31,553 [main] INFO  BackgroundPipelineScrubber (BackgroundSCMService.java:start(65)) - Starting BackgroundPipelineScrubber Service.
2024-03-11 08:37:31,553 [main] INFO  ha.SCMServiceManager (SCMServiceManager.java:register(42)) - Registering service BackgroundPipelineScrubber.
2024-03-11 08:37:31,554 [main] INFO  ExpiredContainerReplicaOpScrubber (BackgroundSCMService.java:start(65)) - Starting ExpiredContainerReplicaOpScrubber Service.
2024-03-11 08:37:31,554 [main] INFO  ha.SCMServiceManager (SCMServiceManager.java:register(42)) - Registering service ExpiredContainerReplicaOpScrubber.
2024-03-11 08:37:31,554 [main] INFO  algorithms.PipelineChoosePolicyFactory (PipelineChoosePolicyFactory.java:createPipelineChoosePolicyFromClass(80)) - Create pipeline choose policy of type org.apache.hadoop.hdds.scm.pipeline.choose.algorithms.RandomPipelineChoosePolicy
2024-03-11 08:37:31,555 [main] INFO  algorithms.PipelineChoosePolicyFactory (PipelineChoosePolicyFactory.java:createPipelineChoosePolicyFromClass(80)) - Create pipeline choose policy of type org.apache.hadoop.hdds.scm.pipeline.choose.algorithms.RandomPipelineChoosePolicy
2024-03-11 08:37:31,555 [main] INFO  ha.SCMServiceManager (SCMServiceManager.java:register(42)) - Registering service SCMBlockDeletingService.
2024-03-11 08:37:31,556 [main] INFO  replication.ReplicationManager (ReplicationManager.java:start(295)) - Starting Replication Monitor Thread.
2024-03-11 08:37:31,557 [main] INFO  ha.SCMServiceManager (SCMServiceManager.java:register(42)) - Registering service ReplicationManager.
2024-03-11 08:37:31,557 [main] INFO  safemode.ContainerSafeModeRule (ContainerSafeModeRule.java:<init>(91)) - containers with one replica threshold count 0
2024-03-11 08:37:31,557 [main] INFO  safemode.HealthyPipelineSafeModeRule (HealthyPipelineSafeModeRule.java:initializeRule(176)) - Total pipeline count is 0, healthy pipeline threshold count is 1
2024-03-11 08:37:31,557 [main] INFO  safemode.OneReplicaPipelineSafeModeRule (OneReplicaPipelineSafeModeRule.java:initializeRule(193)) - Total pipeline count is 0, pipeline's with at least one datanode reported threshold count is 0
2024-03-11 08:37:31,558 [ReplicationMonitor] INFO  replication.ReplicationManager (ReplicationManager.java:processAll(371)) - Replication Manager is not ready to run until 3000ms after safemode exit
2024-03-11 08:37:31,564 [main] INFO  server.StorageContainerManager (StorageContainerManager.java:<init>(440)) - SCM start with adminUsers: [*, runner]
2024-03-11 08:37:31,565 [main] INFO  ipc.CallQueueManager (CallQueueManager.java:<init>(90)) - Using callQueue: class java.util.concurrent.LinkedBlockingQueue, queueCapacity: 10000, scheduler: class org.apache.hadoop.ipc.DefaultRpcScheduler, ipcBackoff: false.
2024-03-11 08:37:31,565 [main] INFO  ipc.Server (Server.java:<init>(1287)) - Listener at 0.0.0.0:15217
2024-03-11 08:37:31,565 [Socket Reader #1 for port 15217] INFO  ipc.Server (Server.java:run(1323)) - Starting Socket Reader #1 for port 15217
2024-03-11 08:37:31,569 [main] INFO  ipc.CallQueueManager (CallQueueManager.java:<init>(90)) - Using callQueue: class java.util.concurrent.LinkedBlockingQueue, queueCapacity: 10000, scheduler: class org.apache.hadoop.ipc.DefaultRpcScheduler, ipcBackoff: false.
2024-03-11 08:37:31,569 [main] INFO  ipc.Server (Server.java:<init>(1287)) - Listener at 0.0.0.0:15216
2024-03-11 08:37:31,570 [Socket Reader #1 for port 15216] INFO  ipc.Server (Server.java:run(1323)) - Starting Socket Reader #1 for port 15216
2024-03-11 08:37:31,570 [main] INFO  ipc.CallQueueManager (CallQueueManager.java:<init>(90)) - Using callQueue: class java.util.concurrent.LinkedBlockingQueue, queueCapacity: 10000, scheduler: class org.apache.hadoop.ipc.DefaultRpcScheduler, ipcBackoff: false.
2024-03-11 08:37:31,571 [main] INFO  ipc.Server (Server.java:<init>(1287)) - Listener at 0.0.0.0:15215
2024-03-11 08:37:31,571 [Socket Reader #1 for port 15215] INFO  ipc.Server (Server.java:run(1323)) - Starting Socket Reader #1 for port 15215
2024-03-11 08:37:31,576 [main] INFO  ha.SCMServiceManager (SCMServiceManager.java:register(42)) - Registering service ContainerBalancer.
2024-03-11 08:37:31,576 [main] INFO  ha.SCMContext (SCMContext.java:updateSafeModeStatus(225)) - Update SafeModeStatus from SafeModeStatus{safeModeStatus=true, preCheckPassed=false} to SafeModeStatus{safeModeStatus=true, preCheckPassed=false}.
2024-03-11 08:37:31,576 [main] INFO  server.StorageContainerManager (StorageContainerManager.java:start(1545)) - StorageContainerLocationProtocol RPC server is listening at /0.0.0.0:15215
2024-03-11 08:37:31,578 [main] WARN  impl.MetricsConfig (MetricsConfig.java:loadFirst(136)) - Cannot locate configuration: tried hadoop-metrics2-storagecontainermanager.properties,hadoop-metrics2.properties
2024-03-11 08:37:31,578 [main] INFO  impl.MetricsSystemImpl (MetricsSystemImpl.java:startTimer(378)) - Scheduled Metric snapshot period at 10 second(s).
2024-03-11 08:37:31,578 [main] INFO  impl.MetricsSystemImpl (MetricsSystemImpl.java:start(191)) - StorageContainerManager metrics system started
2024-03-11 08:37:31,586 [main] INFO  impl.MetricsSinkAdapter (MetricsSinkAdapter.java:start(204)) - Sink prometheus started
2024-03-11 08:37:31,587 [main] INFO  impl.MetricsSystemImpl (MetricsSystemImpl.java:registerSink(305)) - Registered sink prometheus
2024-03-11 08:37:31,605 [main] INFO  server.SCMClientProtocolServer (SCMClientProtocolServer.java:start(204)) - RPC server for Client  is listening at /0.0.0.0:15215
2024-03-11 08:37:31,605 [IPC Server Responder] INFO  ipc.Server (Server.java:run(1562)) - IPC Server Responder: starting
2024-03-11 08:37:31,605 [IPC Server listener on 15215] INFO  ipc.Server (Server.java:run(1402)) - IPC Server listener on 15215: starting
2024-03-11 08:37:31,612 [main] INFO  server.StorageContainerManager (StorageContainerManager.java:start(1558)) - ScmBlockLocationProtocol RPC server is listening at /0.0.0.0:15216
2024-03-11 08:37:31,612 [main] INFO  server.SCMBlockProtocolServer (SCMBlockProtocolServer.java:start(162)) - RPC server for Block Protocol is listening at /0.0.0.0:15216
2024-03-11 08:37:31,612 [IPC Server Responder] INFO  ipc.Server (Server.java:run(1562)) - IPC Server Responder: starting
2024-03-11 08:37:31,612 [IPC Server listener on 15216] INFO  ipc.Server (Server.java:run(1402)) - IPC Server listener on 15216: starting
2024-03-11 08:37:31,618 [main] INFO  server.SCMDatanodeProtocolServer (SCMDatanodeProtocolServer.java:start(194)) - ScmDatanodeProtocol RPC server for DataNodes is listening at /0.0.0.0:15217
2024-03-11 08:37:31,618 [IPC Server Responder] INFO  ipc.Server (Server.java:run(1562)) - IPC Server Responder: starting
2024-03-11 08:37:31,618 [IPC Server listener on 15217] INFO  ipc.Server (Server.java:run(1402)) - IPC Server listener on 15217: starting
2024-03-11 08:37:31,627 [JvmPauseMonitor59] INFO  util.JvmPauseMonitor (JvmPauseMonitor.java:run(146)) - JvmPauseMonitor-a0175f6d-d82d-4520-89eb-3f204456572b: Started
2024-03-11 08:37:31,627 [main] INFO  http.BaseHttpServer (BaseHttpServer.java:newHttpServer2BuilderForOzone(223)) - Starting Web-server for scm at: http://0.0.0.0:15218
2024-03-11 08:37:31,628 [main] INFO  http.BaseHttpServer (BaseHttpServer.java:<init>(110)) - Hadoop Security Enabled: false Ozone Security Enabled: false Ozone HTTP Security Enabled: false 
2024-03-11 08:37:31,628 [main] WARN  server.AuthenticationFilter (AuthenticationFilter.java:constructSecretProvider(240)) - Unable to initialize FileSignerSecretProvider, falling back to use random secrets. Reason: Could not read signature secret file: /home/runner/hadoop-http-auth-signature-secret
2024-03-11 08:37:31,629 [main] INFO  http.HttpRequestLog (HttpRequestLog.java:getRequestLog(86)) - Http request log for http.requests.scm is not defined
2024-03-11 08:37:31,630 [main] INFO  http.HttpServer2 (HttpServer2.java:addGlobalFilter(1036)) - Added global filter 'safety' (class=org.apache.hadoop.hdds.server.http.HttpServer2$QuotingInputFilter)
2024-03-11 08:37:31,630 [main] INFO  http.HttpServer2 (HttpServer2.java:addFilter(1012)) - Added filter static_user_filter (class=org.apache.hadoop.http.lib.StaticUserWebFilter$StaticUserFilter) to context scm
2024-03-11 08:37:31,630 [main] INFO  http.HttpServer2 (HttpServer2.java:addFilter(1020)) - Added filter static_user_filter (class=org.apache.hadoop.http.lib.StaticUserWebFilter$StaticUserFilter) to context static
2024-03-11 08:37:31,630 [main] INFO  http.HttpServer2 (HttpServer2.java:addFilter(1020)) - Added filter static_user_filter (class=org.apache.hadoop.http.lib.StaticUserWebFilter$StaticUserFilter) to context logs
2024-03-11 08:37:31,631 [main] INFO  http.BaseHttpServer (BaseHttpServer.java:<init>(189)) - HTTP server of scm uses base directory /home/runner/work/ozone/ozone/hadoop-ozone/integration-test/target/test-dir/MiniOzoneClusterImpl-90f76332-72a0-45e1-84c2-b164c055732a/ozone-meta/webserver
2024-03-11 08:37:31,631 [main] INFO  http.HttpServer2 (HttpServer2.java:bindListener(1236)) - Jetty bound to port 15218
2024-03-11 08:37:31,631 [main] INFO  server.Server (Server.java:doStart(375)) - jetty-9.4.53.v20231009; built: 2023-10-09T12:29:09.265Z; git: 27bde00a0b95a1d5bbee0eae7984f891d2d0f8c9; jvm 1.8.0_402-b06
2024-03-11 08:37:31,632 [main] INFO  server.session (DefaultSessionIdManager.java:doStart(334)) - DefaultSessionIdManager workerName=node0
2024-03-11 08:37:31,632 [main] INFO  server.session (DefaultSessionIdManager.java:doStart(339)) - No SessionScavenger set, using defaults
2024-03-11 08:37:31,632 [main] INFO  server.session (HouseKeeper.java:startScavenging(132)) - node0 Scavenging every 660000ms
2024-03-11 08:37:31,632 [main] INFO  handler.ContextHandler (ContextHandler.java:doStart(921)) - Started o.e.j.s.ServletContextHandler@6219e872{logs,/logs,file:///home/runner/work/ozone/ozone/hadoop-ozone/integration-test/target/log,AVAILABLE}
2024-03-11 08:37:31,633 [main] INFO  handler.ContextHandler (ContextHandler.java:doStart(921)) - Started o.e.j.s.ServletContextHandler@76a88baa{static,/static,file:///home/runner/work/ozone/ozone/hadoop-ozone/integration-test/target/test-classes/webapps/static,AVAILABLE}
2024-03-11 08:37:31,634 [main] INFO  handler.ContextHandler (ContextHandler.java:doStart(921)) - Started o.e.j.w.WebAppContext@569d7448{scm,/,file:///home/runner/work/ozone/ozone/hadoop-ozone/integration-test/target/test-classes/webapps/scm/,AVAILABLE}{file:/home/runner/work/ozone/ozone/hadoop-ozone/integration-test/target/test-classes/webapps/scm}
2024-03-11 08:37:31,635 [main] INFO  server.AbstractConnector (AbstractConnector.java:doStart(333)) - Started ServerConnector@f47a569{HTTP/1.1, (http/1.1)}{0.0.0.0:15218}
2024-03-11 08:37:31,635 [main] INFO  server.Server (Server.java:doStart(415)) - Started @666406ms
2024-03-11 08:37:31,635 [main] WARN  impl.MetricsSystemImpl (MetricsSystemImpl.java:register(279)) - Sink prometheus already exists!
2024-03-11 08:37:31,635 [main] INFO  http.BaseHttpServer (BaseHttpServer.java:updateConnectorAddress(354)) - HTTP server of scm listening at http://0.0.0.0:15218
2024-03-11 08:37:31,636 [main] INFO  ha.OMHANodeDetails (OMHANodeDetails.java:loadOMHAConfig(121)) - ServiceID for OzoneManager is om-service-test1
2024-03-11 08:37:31,636 [main] INFO  ha.OMHANodeDetails (OMHANodeDetails.java:loadOMHAConfig(201)) - Found matching OM address with OMServiceId: om-service-test1, OMNodeId: omNode-1, RPC Address: localhost:15219 and Ratis port: 15222
2024-03-11 08:37:31,636 [main] INFO  ha.OMHANodeDetails (ConfUtils.java:setNodeSpecificConfigs(97)) - Setting configuration key ozone.om.http-address with value of key ozone.om.http-address.om-service-test1.omNode-1: 127.0.0.1:15220
2024-03-11 08:37:31,637 [main] INFO  ha.OMHANodeDetails (ConfUtils.java:setNodeSpecificConfigs(97)) - Setting configuration key ozone.om.https-address with value of key ozone.om.https-address.om-service-test1.omNode-1: 127.0.0.1:15221
2024-03-11 08:37:31,637 [main] INFO  ha.OMHANodeDetails (ConfUtils.java:setNodeSpecificConfigs(97)) - Setting configuration key ozone.om.address with value of key ozone.om.address.om-service-test1.omNode-1: 127.0.0.1:15219
2024-03-11 08:37:31,637 [main] WARN  server.ServerUtils (ServerUtils.java:getDBPath(299)) - ozone.om.db.dirs is not configured. We recommend adding this setting. Falling back to ozone.metadata.dirs instead.
2024-03-11 08:37:31,638 [main] INFO  proxy.SCMBlockLocationFailoverProxyProvider (SCMBlockLocationFailoverProxyProvider.java:<init>(115)) - Created block location fail-over proxy with 1 nodes: [nodeId=scmNodeId,nodeAddress=/0.0.0.0:15216]
OM initialization succeeded.Current cluster id for sd=/home/runner/work/ozone/ozone/hadoop-ozone/integration-test/target/test-dir/MiniOzoneClusterImpl-90f76332-72a0-45e1-84c2-b164c055732a/omNode-1/om;cid=90f76332-72a0-45e1-84c2-b164c055732a;layoutVersion=6
2024-03-11 08:37:31,644 [main] INFO  ha.OMHANodeDetails (OMHANodeDetails.java:loadOMHAConfig(121)) - ServiceID for OzoneManager is om-service-test1
2024-03-11 08:37:31,644 [main] INFO  ha.OMHANodeDetails (OMHANodeDetails.java:loadOMHAConfig(201)) - Found matching OM address with OMServiceId: om-service-test1, OMNodeId: omNode-1, RPC Address: localhost:15219 and Ratis port: 15222
2024-03-11 08:37:31,644 [main] INFO  ha.OMHANodeDetails (ConfUtils.java:setNodeSpecificConfigs(97)) - Setting configuration key ozone.om.http-address with value of key ozone.om.http-address.om-service-test1.omNode-1: 127.0.0.1:15220
2024-03-11 08:37:31,645 [main] INFO  ha.OMHANodeDetails (ConfUtils.java:setNodeSpecificConfigs(97)) - Setting configuration key ozone.om.https-address with value of key ozone.om.https-address.om-service-test1.omNode-1: 127.0.0.1:15221
2024-03-11 08:37:31,645 [main] INFO  ha.OMHANodeDetails (ConfUtils.java:setNodeSpecificConfigs(97)) - Setting configuration key ozone.om.address with value of key ozone.om.address.om-service-test1.omNode-1: 127.0.0.1:15219
2024-03-11 08:37:31,645 [main] WARN  server.ServerUtils (ServerUtils.java:getDBPath(299)) - ozone.om.db.dirs is not configured. We recommend adding this setting. Falling back to ozone.metadata.dirs instead.
2024-03-11 08:37:31,646 [main] INFO  upgrade.AbstractLayoutVersionManager (AbstractLayoutVersionManager.java:init(83)) - Initializing Layout version manager with metadata layout = QUOTA (version = 6), software layout = QUOTA (version = 6)
2024-03-11 08:37:31,677 [main] INFO  upgrade.OMLayoutVersionManager (OMLayoutVersionManager.java:lambda$0(113)) - Skipping Upgrade Action QuotaRepairUpgradeAction since it has been finalized.
2024-03-11 08:37:31,678 [main] INFO  upgrade.OMLayoutVersionManager (OMLayoutVersionManager.java:lambda$0(113)) - Skipping Upgrade Action MockOmUpgradeAction since it has been finalized.
2024-03-11 08:37:31,678 [main] WARN  server.ServerUtils (ServerUtils.java:getDBPath(299)) - ozone.om.db.dirs is not configured. We recommend adding this setting. Falling back to ozone.metadata.dirs instead.
2024-03-11 08:37:31,678 [main] INFO  proxy.SCMBlockLocationFailoverProxyProvider (SCMBlockLocationFailoverProxyProvider.java:<init>(115)) - Created block location fail-over proxy with 1 nodes: [nodeId=scmNodeId,nodeAddress=/0.0.0.0:15216]
2024-03-11 08:37:31,679 [main] INFO  proxy.SCMBlockLocationFailoverProxyProvider (SCMBlockLocationFailoverProxyProvider.java:<init>(115)) - Created block location fail-over proxy with 1 nodes: [nodeId=scmNodeId,nodeAddress=/0.0.0.0:15216]
2024-03-11 08:37:31,685 [main] INFO  om.OzoneManager (OzoneManager.java:<init>(679)) - OM start with adminUsers: [*, runner]
2024-03-11 08:37:31,686 [main] WARN  server.ServerUtils (ServerUtils.java:getDBPath(299)) - ozone.om.db.dirs is not configured. We recommend adding this setting. Falling back to ozone.metadata.dirs instead.
2024-03-11 08:37:31,686 [main] INFO  helpers.OmKeyInfo (OmKeyInfo.java:getCodec(71)) - OmKeyInfo.getCodec ignorePipeline = true
2024-03-11 08:37:31,840 [main] INFO  om.OzoneManager (OzoneManager.java:instantiateServices(811)) - S3 Multi-Tenancy is disabled
2024-03-11 08:37:31,840 [main] INFO  om.OmSnapshotManager (OmSnapshotManager.java:<init>(177)) - Ozone filesystem snapshot feature is enabled.
2024-03-11 08:37:31,841 [main] WARN  server.ServerUtils (ServerUtils.java:getDBPath(299)) - ozone.om.snapshot.diff.db.dir is not configured. We recommend adding this setting. Falling back to ozone.metadata.dirs instead.
2024-03-11 08:37:31,859 [main] INFO  utils.NativeLibraryLoader (NativeLibraryLoader.java:loadLibrary(108)) - Loading Library: ozone_rocksdb_tools
2024-03-11 08:37:31,860 [main] ERROR snapshot.SnapshotDiffManager (SnapshotDiffManager.java:initNativeLibraryForEfficientDiff(287)) - Native Library for raw sst file reading loading failed.
org.apache.hadoop.hdds.utils.NativeLibraryNotLoadedException: Unable to load library ozone_rocksdb_tools from both java.library.path & resource file libozone_rocksdb_tools.so from jar.
	at org.apache.hadoop.hdds.utils.db.managed.ManagedRawSSTFileReader.loadLibrary(ManagedRawSSTFileReader.java:38)
	at org.apache.hadoop.ozone.om.snapshot.SnapshotDiffManager.initNativeLibraryForEfficientDiff(SnapshotDiffManager.java:285)
	at org.apache.hadoop.ozone.om.snapshot.SnapshotDiffManager.<init>(SnapshotDiffManager.java:259)
	at org.apache.hadoop.ozone.om.OmSnapshotManager.<init>(OmSnapshotManager.java:279)
	at org.apache.hadoop.ozone.om.OzoneManager.instantiateServices(OzoneManager.java:863)
	at org.apache.hadoop.ozone.om.OzoneManager.<init>(OzoneManager.java:689)
	at org.apache.hadoop.ozone.om.OzoneManager.createOm(OzoneManager.java:774)
	at org.apache.hadoop.ozone.MiniOzoneHAClusterImpl$Builder.createOMService(MiniOzoneHAClusterImpl.java:509)
	at org.apache.hadoop.ozone.MiniOzoneHAClusterImpl$Builder.build(MiniOzoneHAClusterImpl.java:425)
	at org.apache.hadoop.ozone.om.TestOzoneManagerHA.init(TestOzoneManagerHA.java:182)
	at sun.reflect.NativeMethodAccessorImpl.invoke0(Native Method)
	at sun.reflect.NativeMethodAccessorImpl.invoke(NativeMethodAccessorImpl.java:62)
	at sun.reflect.DelegatingMethodAccessorImpl.invoke(DelegatingMethodAccessorImpl.java:43)
	at java.lang.reflect.Method.invoke(Method.java:498)
	at org.junit.platform.commons.util.ReflectionUtils.invokeMethod(ReflectionUtils.java:728)
	at org.junit.jupiter.engine.execution.MethodInvocation.proceed(MethodInvocation.java:60)
	at org.junit.jupiter.engine.execution.InvocationInterceptorChain$ValidatingInvocation.proceed(InvocationInterceptorChain.java:131)
	at org.junit.jupiter.engine.extension.TimeoutExtension.intercept(TimeoutExtension.java:156)
	at org.junit.jupiter.engine.extension.TimeoutExtension.interceptLifecycleMethod(TimeoutExtension.java:128)
	at org.junit.jupiter.engine.extension.TimeoutExtension.interceptBeforeAllMethod(TimeoutExtension.java:70)
	at org.junit.jupiter.engine.execution.InterceptingExecutableInvoker$ReflectiveInterceptorCall.lambda$ofVoidMethod$0(InterceptingExecutableInvoker.java:103)
	at org.junit.jupiter.engine.execution.InterceptingExecutableInvoker.lambda$invoke$0(InterceptingExecutableInvoker.java:93)
	at org.junit.jupiter.engine.execution.InvocationInterceptorChain$InterceptedInvocation.proceed(InvocationInterceptorChain.java:106)
	at org.junit.jupiter.engine.execution.InvocationInterceptorChain.proceed(InvocationInterceptorChain.java:64)
	at org.junit.jupiter.engine.execution.InvocationInterceptorChain.chainAndInvoke(InvocationInterceptorChain.java:45)
	at org.junit.jupiter.engine.execution.InvocationInterceptorChain.invoke(InvocationInterceptorChain.java:37)
	at org.junit.jupiter.engine.execution.InterceptingExecutableInvoker.invoke(InterceptingExecutableInvoker.java:92)
	at org.junit.jupiter.engine.execution.InterceptingExecutableInvoker.invoke(InterceptingExecutableInvoker.java:86)
	at org.junit.jupiter.engine.descriptor.ClassBasedTestDescriptor.lambda$invokeBeforeAllMethods$13(ClassBasedTestDescriptor.java:412)
	at org.junit.platform.engine.support.hierarchical.ThrowableCollector.execute(ThrowableCollector.java:73)
	at org.junit.jupiter.engine.descriptor.ClassBasedTestDescriptor.invokeBeforeAllMethods(ClassBasedTestDescriptor.java:410)
	at org.junit.jupiter.engine.descriptor.ClassBasedTestDescriptor.before(ClassBasedTestDescriptor.java:216)
	at org.junit.jupiter.engine.descriptor.ClassBasedTestDescriptor.before(ClassBasedTestDescriptor.java:85)
	at org.junit.platform.engine.support.hierarchical.NodeTestTask.lambda$executeRecursively$6(NodeTestTask.java:148)
	at org.junit.platform.engine.support.hierarchical.ThrowableCollector.execute(ThrowableCollector.java:73)
	at org.junit.platform.engine.support.hierarchical.NodeTestTask.lambda$executeRecursively$8(NodeTestTask.java:141)
	at org.junit.platform.engine.support.hierarchical.Node.around(Node.java:137)
	at org.junit.platform.engine.support.hierarchical.NodeTestTask.lambda$executeRecursively$9(NodeTestTask.java:139)
	at org.junit.platform.engine.support.hierarchical.ThrowableCollector.execute(ThrowableCollector.java:73)
	at org.junit.platform.engine.support.hierarchical.NodeTestTask.executeRecursively(NodeTestTask.java:138)
	at org.junit.platform.engine.support.hierarchical.NodeTestTask.execute(NodeTestTask.java:95)
	at java.util.ArrayList.forEach(ArrayList.java:1259)
	at org.junit.platform.engine.support.hierarchical.SameThreadHierarchicalTestExecutorService.invokeAll(SameThreadHierarchicalTestExecutorService.java:41)
	at org.junit.platform.engine.support.hierarchical.NodeTestTask.lambda$executeRecursively$6(NodeTestTask.java:155)
	at org.junit.platform.engine.support.hierarchical.ThrowableCollector.execute(ThrowableCollector.java:73)
	at org.junit.platform.engine.support.hierarchical.NodeTestTask.lambda$executeRecursively$8(NodeTestTask.java:141)
	at org.junit.platform.engine.support.hierarchical.Node.around(Node.java:137)
	at org.junit.platform.engine.support.hierarchical.NodeTestTask.lambda$executeRecursively$9(NodeTestTask.java:139)
	at org.junit.platform.engine.support.hierarchical.ThrowableCollector.execute(ThrowableCollector.java:73)
	at org.junit.platform.engine.support.hierarchical.NodeTestTask.executeRecursively(NodeTestTask.java:138)
	at org.junit.platform.engine.support.hierarchical.NodeTestTask.execute(NodeTestTask.java:95)
	at org.junit.platform.engine.support.hierarchical.SameThreadHierarchicalTestExecutorService.submit(SameThreadHierarchicalTestExecutorService.java:35)
	at org.junit.platform.engine.support.hierarchical.HierarchicalTestExecutor.execute(HierarchicalTestExecutor.java:57)
	at org.junit.platform.engine.support.hierarchical.HierarchicalTestEngine.execute(HierarchicalTestEngine.java:54)
	at org.junit.platform.launcher.core.EngineExecutionOrchestrator.execute(EngineExecutionOrchestrator.java:198)
	at org.junit.platform.launcher.core.EngineExecutionOrchestrator.execute(EngineExecutionOrchestrator.java:169)
	at org.junit.platform.launcher.core.EngineExecutionOrchestrator.execute(EngineExecutionOrchestrator.java:93)
	at org.junit.platform.launcher.core.EngineExecutionOrchestrator.lambda$execute$0(EngineExecutionOrchestrator.java:58)
	at org.junit.platform.launcher.core.EngineExecutionOrchestrator.withInterceptedStreams(EngineExecutionOrchestrator.java:141)
	at org.junit.platform.launcher.core.EngineExecutionOrchestrator.execute(EngineExecutionOrchestrator.java:57)
	at org.junit.platform.launcher.core.DefaultLauncher.execute(DefaultLauncher.java:103)
	at org.junit.platform.launcher.core.DefaultLauncher.execute(DefaultLauncher.java:85)
	at org.junit.platform.launcher.core.DelegatingLauncher.execute(DelegatingLauncher.java:47)
	at org.junit.platform.launcher.core.SessionPerRequestLauncher.execute(SessionPerRequestLauncher.java:63)
	at org.apache.maven.surefire.junitplatform.JUnitPlatformProvider.invokeAllTests(JUnitPlatformProvider.java:165)
	at org.apache.maven.surefire.junitplatform.JUnitPlatformProvider.invoke(JUnitPlatformProvider.java:124)
	at org.apache.maven.surefire.booter.ForkedBooter.runSuitesInProcess(ForkedBooter.java:428)
	at org.apache.maven.surefire.booter.ForkedBooter.execute(ForkedBooter.java:162)
	at org.apache.maven.surefire.booter.ForkedBooter.run(ForkedBooter.java:562)
	at org.apache.maven.surefire.booter.ForkedBooter.main(ForkedBooter.java:548)
2024-03-11 08:37:31,861 [main] INFO  om.OzoneManager (OzoneManager.java:addS3GVolumeToDB(4468)) - Created Volume s3v With Owner runner required for S3Gateway operations.
2024-03-11 08:37:31,861 [main] WARN  server.ServerUtils (ServerUtils.java:getDefaultRatisDirectory(311)) - Storage directory for Ratis is not configured. It is a good idea to map this to an SSD disk. Falling back to ozone.metadata.dirs
2024-03-11 08:37:31,862 [main] WARN  utils.OzoneManagerRatisUtils (OzoneManagerRatisUtils.java:getOMRatisSnapshotDirectory(476)) - ozone.om.ratis.snapshot.dir is not configured. Falling back to ozone.metadata.dirs config
2024-03-11 08:37:31,862 [main] INFO  utils.RDBSnapshotProvider (RDBSnapshotProvider.java:init(87)) - Cleaning up the candidate dir: /home/runner/work/ozone/ozone/hadoop-ozone/integration-test/target/test-dir/MiniOzoneClusterImpl-90f76332-72a0-45e1-84c2-b164c055732a/omNode-1/snapshot/om.db.candidate
2024-03-11 08:37:31,862 [main] INFO  ratis_snapshot.OmRatisSnapshotProvider (OmRatisSnapshotProvider.java:<init>(99)) - Initializing OM Snapshot Provider
2024-03-11 08:37:31,864 [main] WARN  server.ServerUtils (ServerUtils.java:getDefaultRatisDirectory(311)) - Storage directory for Ratis is not configured. It is a good idea to map this to an SSD disk. Falling back to ozone.metadata.dirs
2024-03-11 08:37:31,865 [main] INFO  ratis.OzoneManagerRatisServer (OzoneManagerRatisServer.java:<init>(167)) - Instantiating OM Ratis server with groupID: om-service-test1 and peers: localhost:15222, localhost:15230, localhost:15226
2024-03-11 08:37:31,865 [main] INFO  ratis.OzoneManagerStateMachine (OzoneManagerStateMachine.java:loadSnapshotInfoFromDB(575)) - TransactionInfo not found in OM DB.
2024-03-11 08:37:31,866 [main] INFO  server.RaftServer (ConfUtils.java:logGet(46)) - raft.rpc.type = GRPC (default)
2024-03-11 08:37:31,866 [main] INFO  grpc.GrpcConfigKeys (ConfUtils.java:logFallback(53)) - raft.grpc.admin.host = null (fallback to raft.grpc.server.host)
2024-03-11 08:37:31,866 [main] INFO  grpc.GrpcConfigKeys (ConfUtils.java:logFallback(53)) - raft.grpc.admin.port = 15222 (fallback to raft.grpc.server.port)
2024-03-11 08:37:31,866 [main] INFO  grpc.GrpcConfigKeys (ConfUtils.java:logFallback(53)) - raft.grpc.client.host = null (fallback to raft.grpc.server.host)
2024-03-11 08:37:31,866 [main] INFO  grpc.GrpcConfigKeys (ConfUtils.java:logFallback(53)) - raft.grpc.client.port = 15222 (fallback to raft.grpc.server.port)
2024-03-11 08:37:31,866 [main] INFO  grpc.GrpcConfigKeys (ConfUtils.java:logGet(46)) - raft.grpc.server.host = null (default)
2024-03-11 08:37:31,867 [main] INFO  grpc.GrpcConfigKeys (ConfUtils.java:logGet(46)) - raft.grpc.server.port = 15222 (custom)
2024-03-11 08:37:31,867 [main] INFO  server.GrpcService (ConfUtils.java:logGet(46)) - raft.grpc.message.size.max = 4194304 (custom)
2024-03-11 08:37:31,867 [main] INFO  server.RaftServerConfigKeys (ConfUtils.java:logGet(46)) - raft.server.log.appender.buffer.byte-limit = 4194304 (custom)
2024-03-11 08:37:31,867 [main] INFO  server.GrpcService (ConfUtils.java:logGet(46)) - raft.grpc.flow.control.window = 1MB (=1048576) (default)
2024-03-11 08:37:31,867 [main] INFO  server.RaftServerConfigKeys (ConfUtils.java:logGet(46)) - raft.server.rpc.request.timeout = 3000ms (default)
2024-03-11 08:37:31,867 [main] INFO  grpc.GrpcConfigKeys (ConfUtils.java:logGet(46)) - raft.grpc.server.heartbeat.channel = true (default)
2024-03-11 08:37:31,868 [main] INFO  grpc.GrpcConfigKeys (ConfUtils.java:logGet(46)) - raft.grpc.server.async.request.thread.pool.cached = true (default)
2024-03-11 08:37:31,868 [main] INFO  grpc.GrpcConfigKeys (ConfUtils.java:logGet(46)) - raft.grpc.server.async.request.thread.pool.size = 32 (default)
2024-03-11 08:37:31,869 [main] INFO  impl.DataStreamServerImpl (ConfUtils.java:logGet(46)) - raft.datastream.type = DISABLED (default)
2024-03-11 08:37:31,869 [main] INFO  server.RaftServerConfigKeys (ConfUtils.java:logGet(46)) - raft.server.sleep.deviation.threshold = 300ms (default)
2024-03-11 08:37:31,869 [main] INFO  server.RaftServerConfigKeys (ConfUtils.java:logGet(46)) - raft.server.close.threshold = 60s (default)
2024-03-11 08:37:31,869 [main] INFO  server.RaftServerConfigKeys (ConfUtils.java:logGet(46)) - raft.server.leaderelection.leader.step-down.wait-time = 10s (default)
2024-03-11 08:37:31,869 [main] INFO  server.RaftServerConfigKeys (ConfUtils.java:logGet(46)) - raft.server.storage.dir = [/home/runner/work/ozone/ozone/hadoop-ozone/integration-test/target/test-dir/MiniOzoneClusterImpl-90f76332-72a0-45e1-84c2-b164c055732a/omNode-1/ratis] (custom)
2024-03-11 08:37:31,869 [main] INFO  server.RaftServerConfigKeys (ConfUtils.java:logGet(46)) - raft.server.threadpool.proxy.cached = true (default)
2024-03-11 08:37:31,869 [main] INFO  server.RaftServerConfigKeys (ConfUtils.java:logGet(46)) - raft.server.threadpool.proxy.size = 0 (default)
2024-03-11 08:37:31,870 [main] INFO  server.RaftServer (RaftServerProxy.java:addNew(100)) - omNode-1: addNew group-523986131536:[omNode-3|localhost:15230, omNode-1|localhost:15222, omNode-2|localhost:15226] returns group-523986131536:java.util.concurrent.CompletableFuture@1031db9c[Not completed]
2024-03-11 08:37:31,870 [main] INFO  om.OzoneManager (OzoneManager.java:initializeRatisServer(2177)) - OzoneManager Ratis server initialized at port 15222
2024-03-11 08:37:31,870 [omNode-1-groupManagement] INFO  server.RaftServer$Division (RaftServerImpl.java:<init>(256)) - omNode-1: new RaftServerImpl for group-523986131536:[omNode-3|localhost:15230, omNode-1|localhost:15222, omNode-2|localhost:15226] with OzoneManagerStateMachine:uninitialized
2024-03-11 08:37:31,870 [omNode-1-groupManagement] INFO  server.RaftServerConfigKeys (ConfUtils.java:logGet(46)) - raft.server.rpc.timeout.min = 1s (custom)
2024-03-11 08:37:31,870 [omNode-1-groupManagement] INFO  server.RaftServerConfigKeys (ConfUtils.java:logGet(46)) - raft.server.rpc.timeout.max = 1200ms (custom)
2024-03-11 08:37:31,870 [omNode-1-groupManagement] INFO  server.RaftServerConfigKeys (ConfUtils.java:logGet(46)) - raft.server.rpc.sleep.time = 25ms (default)
2024-03-11 08:37:31,870 [omNode-1-groupManagement] INFO  server.RaftServerConfigKeys (ConfUtils.java:logGet(46)) - raft.server.rpc.slowness.timeout = 2s (custom)
2024-03-11 08:37:31,870 [omNode-1-groupManagement] INFO  server.RaftServerConfigKeys (ConfUtils.java:logGet(46)) - raft.server.leaderelection.leader.step-down.wait-time = 10s (default)
2024-03-11 08:37:31,871 [omNode-1-groupManagement] INFO  server.RaftServerConfigKeys (ConfUtils.java:logGet(46)) - raft.server.leaderelection.member.majority-add = false (default)
2024-03-11 08:37:31,871 [omNode-1-groupManagement] INFO  server.RaftServerConfigKeys (ConfUtils.java:logGet(46)) - raft.server.sleep.deviation.threshold = 300ms (default)
2024-03-11 08:37:31,870 [main] INFO  om.OzoneManager (OzoneManager.java:getRpcServer(1231)) - Creating RPC Server
2024-03-11 08:37:31,871 [omNode-1-groupManagement] INFO  server.RaftServer$Division (ServerState.java:<init>(113)) - omNode-1@group-523986131536: ConfigurationManager, init=-1: peers:[omNode-3|localhost:15230, omNode-1|localhost:15222, omNode-2|localhost:15226]|listeners:[], old=null, confs=<EMPTY_MAP>
2024-03-11 08:37:31,871 [omNode-1-groupManagement] INFO  server.RaftServerConfigKeys (ConfUtils.java:logGet(46)) - raft.server.notification.no-leader.timeout = 2s (custom)
2024-03-11 08:37:31,871 [omNode-1-groupManagement] INFO  server.RaftServerConfigKeys (ConfUtils.java:logGet(46)) - raft.server.read.timeout = 10s (default)
2024-03-11 08:37:31,871 [omNode-1-groupManagement] INFO  server.RaftServerConfigKeys (ConfUtils.java:logGet(46)) - raft.server.retrycache.expirytime = 30000ms (custom)
2024-03-11 08:37:31,871 [omNode-1-groupManagement] INFO  server.RaftServerConfigKeys (ConfUtils.java:logGet(46)) - raft.server.retrycache.statistics.expirytime = 100ms (default)
2024-03-11 08:37:31,871 [omNode-1-groupManagement] INFO  server.RaftServerConfigKeys (ConfUtils.java:logGet(46)) - raft.server.read.option = DEFAULT (default)
2024-03-11 08:37:31,871 [omNode-1-groupManagement] INFO  server.RaftServerConfigKeys (ConfUtils.java:logGet(46)) - raft.server.read.read-after-write-consistent.write-index-cache.expiry-time = 60s (default)
2024-03-11 08:37:31,872 [omNode-1-groupManagement] INFO  server.RaftServerConfigKeys (ConfUtils.java:logGet(46)) - raft.server.rpc.request.timeout = 3000ms (default)
2024-03-11 08:37:31,872 [omNode-1-groupManagement] INFO  server.RaftServerConfigKeys (ConfUtils.java:logGet(46)) - raft.server.log.appender.install.snapshot.enabled = false (custom)
2024-03-11 08:37:31,872 [omNode-1-groupManagement] INFO  server.RaftServerConfigKeys (ConfUtils.java:logGet(46)) - raft.server.threadpool.server.cached = true (default)
2024-03-11 08:37:31,872 [omNode-1-groupManagement] INFO  server.RaftServerConfigKeys (ConfUtils.java:logGet(46)) - raft.server.threadpool.server.size = 0 (default)
2024-03-11 08:37:31,872 [omNode-1-groupManagement] INFO  server.RaftServerConfigKeys (ConfUtils.java:logGet(46)) - raft.server.threadpool.client.cached = true (default)
2024-03-11 08:37:31,873 [omNode-1-groupManagement] INFO  server.RaftServerConfigKeys (ConfUtils.java:logGet(46)) - raft.server.threadpool.client.size = 0 (default)
2024-03-11 08:37:32,049 [main] INFO  ipc.CallQueueManager (CallQueueManager.java:<init>(90)) - Using callQueue: class java.util.concurrent.LinkedBlockingQueue, queueCapacity: 2000, scheduler: class org.apache.hadoop.ipc.DefaultRpcScheduler, ipcBackoff: false.
2024-03-11 08:37:32,050 [main] INFO  ipc.Server (Server.java:<init>(1287)) - Listener at 127.0.0.1:15219
2024-03-11 08:37:32,050 [Socket Reader #1 for port 15219] INFO  ipc.Server (Server.java:run(1323)) - Starting Socket Reader #1 for port 15219
2024-03-11 08:37:32,063 [main] INFO  impl.MetricsSystemImpl (MetricsSystemImpl.java:init(158)) - OzoneManager metrics system started (again)
2024-03-11 08:37:32,070 [main] INFO  om.OzoneManager (OzoneManager.java:start(1653)) - OzoneManager RPC server is listening at localhost/127.0.0.1:15219
2024-03-11 08:37:32,070 [main] INFO  ratis.OzoneManagerRatisServer (OzoneManagerRatisServer.java:start(588)) - Starting OzoneManagerRatisServer omNode-1 at port 15222
2024-03-11 08:37:32,070 [omNode-1-impl-thread1] INFO  server.RaftServerConfigKeys (ConfUtils.java:logGet(46)) - raft.server.storage.free-space.min = 0MB (=0) (default)
2024-03-11 08:37:32,070 [omNode-1-impl-thread1] INFO  server.RaftServerConfigKeys (ConfUtils.java:logGet(46)) - raft.server.log.corruption.policy = EXCEPTION (default)
2024-03-11 08:37:32,071 [omNode-1-impl-thread1] INFO  server.RaftServerConfigKeys (ConfUtils.java:logGet(46)) - raft.server.storage.dir = [/home/runner/work/ozone/ozone/hadoop-ozone/integration-test/target/test-dir/MiniOzoneClusterImpl-90f76332-72a0-45e1-84c2-b164c055732a/omNode-1/ratis] (custom)
2024-03-11 08:37:32,071 [omNode-1-impl-thread1] INFO  storage.RaftStorageDirectory (RaftStorageDirectoryImpl.java:analyzeStorage(138)) - The storage directory /home/runner/work/ozone/ozone/hadoop-ozone/integration-test/target/test-dir/MiniOzoneClusterImpl-90f76332-72a0-45e1-84c2-b164c055732a/omNode-1/ratis/c9bc4cf4-3bc3-3c60-a66b-523986131536 does not exist. Creating ...
2024-03-11 08:37:32,072 [omNode-1-impl-thread1] INFO  storage.RaftStorageDirectory (RaftStorageDirectoryImpl.java:tryLock(228)) - Lock on /home/runner/work/ozone/ozone/hadoop-ozone/integration-test/target/test-dir/MiniOzoneClusterImpl-90f76332-72a0-45e1-84c2-b164c055732a/omNode-1/ratis/c9bc4cf4-3bc3-3c60-a66b-523986131536/in_use.lock acquired by nodename 48108@fv-az1250-130
2024-03-11 08:37:32,073 [omNode-1-impl-thread1] INFO  storage.RaftStorage (RaftStorageImpl.java:format(99)) - Storage directory /home/runner/work/ozone/ozone/hadoop-ozone/integration-test/target/test-dir/MiniOzoneClusterImpl-90f76332-72a0-45e1-84c2-b164c055732a/omNode-1/ratis/c9bc4cf4-3bc3-3c60-a66b-523986131536 has been successfully formatted.
2024-03-11 08:37:32,073 [omNode-1-impl-thread1] WARN  util.FileUtils (LogUtils.java:supplyAndLog(63)) - Failed to Files.newInputStream /home/runner/work/ozone/ozone/hadoop-ozone/integration-test/target/test-dir/MiniOzoneClusterImpl-90f76332-72a0-45e1-84c2-b164c055732a/omNode-1/ratis/c9bc4cf4-3bc3-3c60-a66b-523986131536/current/raft-meta.conf with options []: java.nio.file.NoSuchFileException: /home/runner/work/ozone/ozone/hadoop-ozone/integration-test/target/test-dir/MiniOzoneClusterImpl-90f76332-72a0-45e1-84c2-b164c055732a/omNode-1/ratis/c9bc4cf4-3bc3-3c60-a66b-523986131536/current/raft-meta.conf
2024-03-11 08:37:32,074 [omNode-1-impl-thread1] INFO  server.RaftServerConfigKeys (ConfUtils.java:logGet(46)) - raft.server.log.use.memory = false (default)
2024-03-11 08:37:32,074 [omNode-1-impl-thread1] INFO  server.RaftServerConfigKeys (ConfUtils.java:logGet(46)) - raft.server.log.purge.gap = 50 (custom)
2024-03-11 08:37:32,074 [omNode-1-impl-thread1] INFO  server.RaftServerConfigKeys (ConfUtils.java:logGet(46)) - raft.server.log.appender.buffer.byte-limit = 4194304 (custom)
2024-03-11 08:37:32,074 [omNode-1-impl-thread1] INFO  server.RaftServerConfigKeys (ConfUtils.java:logGet(46)) - raft.server.log.statemachine.data.read.timeout = 1000ms (default)
2024-03-11 08:37:32,074 [omNode-1-impl-thread1] INFO  server.RaftServerConfigKeys (ConfUtils.java:logGet(46)) - raft.server.log.purge.preservation.log.num = 0 (default)
2024-03-11 08:37:32,074 [omNode-1-impl-thread1] INFO  server.RaftServerConfigKeys (ConfUtils.java:logGet(46)) - raft.server.log.segment.size.max = 4194304 (custom)
2024-03-11 08:37:32,074 [omNode-1-impl-thread1] INFO  server.RaftServerConfigKeys (ConfUtils.java:logGet(46)) - raft.server.log.segment.cache.num.max = 2 (custom)
2024-03-11 08:37:32,074 [omNode-1-impl-thread1] INFO  server.RaftServerConfigKeys (ConfUtils.java:logGet(46)) - raft.server.log.segment.cache.size.max = 200MB (=209715200) (default)
2024-03-11 08:37:32,074 [omNode-1-impl-thread1] INFO  server.RaftServerConfigKeys (ConfUtils.java:logGet(46)) - raft.server.log.appender.buffer.byte-limit = 4194304 (custom)
2024-03-11 08:37:32,075 [omNode-1-impl-thread1] INFO  util.AwaitToRun (AwaitToRun.java:start(81)) - Thread[omNode-1@group-523986131536-cacheEviction-AwaitToRun,5,main] started
2024-03-11 08:37:32,075 [omNode-1-impl-thread1] INFO  segmented.SegmentedRaftLogWorker (SegmentedRaftLogWorker.java:<init>(182)) - new omNode-1@group-523986131536-SegmentedRaftLogWorker for RaftStorageImpl:Storage Directory /home/runner/work/ozone/ozone/hadoop-ozone/integration-test/target/test-dir/MiniOzoneClusterImpl-90f76332-72a0-45e1-84c2-b164c055732a/omNode-1/ratis/c9bc4cf4-3bc3-3c60-a66b-523986131536
2024-03-11 08:37:32,075 [omNode-1-impl-thread1] INFO  server.RaftServerConfigKeys (ConfUtils.java:logGet(46)) - raft.server.log.queue.byte-limit = 64MB (=67108864) (default)
2024-03-11 08:37:32,075 [omNode-1-impl-thread1] INFO  server.RaftServerConfigKeys (ConfUtils.java:logGet(46)) - raft.server.log.queue.element-limit = 4096 (default)
2024-03-11 08:37:32,075 [omNode-1-impl-thread1] INFO  server.RaftServerConfigKeys (ConfUtils.java:logGet(46)) - raft.server.log.segment.size.max = 4194304 (custom)
2024-03-11 08:37:32,075 [omNode-1-impl-thread1] INFO  server.RaftServerConfigKeys (ConfUtils.java:logGet(46)) - raft.server.log.preallocated.size = 4194304 (custom)
2024-03-11 08:37:32,075 [omNode-1-impl-thread1] INFO  server.RaftServerConfigKeys (ConfUtils.java:logGet(46)) - raft.server.log.force.sync.num = 128 (default)
2024-03-11 08:37:32,075 [omNode-1-impl-thread1] INFO  server.RaftServerConfigKeys (ConfUtils.java:logGet(46)) - raft.server.log.statemachine.data.sync = true (default)
2024-03-11 08:37:32,075 [omNode-1-impl-thread1] INFO  server.RaftServerConfigKeys (ConfUtils.java:logGet(46)) - raft.server.log.statemachine.data.sync.timeout = 10s (default)
2024-03-11 08:37:32,075 [omNode-1-impl-thread1] INFO  server.RaftServerConfigKeys (ConfUtils.java:logGet(46)) - raft.server.log.statemachine.data.sync.timeout.retry = -1 (default)
2024-03-11 08:37:32,075 [omNode-1-impl-thread1] INFO  server.RaftServerConfigKeys (ConfUtils.java:logGet(46)) - raft.server.log.write.buffer.size = 4194312 (custom)
2024-03-11 08:37:32,075 [omNode-1-impl-thread1] INFO  server.RaftServerConfigKeys (ConfUtils.java:logGet(46)) - raft.server.log.appender.buffer.byte-limit = 4194304 (custom)
2024-03-11 08:37:32,076 [omNode-1-impl-thread1] INFO  server.RaftServerConfigKeys (ConfUtils.java:logGet(46)) - raft.server.log.unsafe-flush.enabled = false (default)
2024-03-11 08:37:32,076 [omNode-1-impl-thread1] INFO  server.RaftServerConfigKeys (ConfUtils.java:logGet(46)) - raft.server.log.async-flush.enabled = false (default)
2024-03-11 08:37:32,076 [omNode-1-impl-thread1] INFO  server.RaftServerConfigKeys (ConfUtils.java:logGet(46)) - raft.server.log.statemachine.data.caching.enabled = false (default)
2024-03-11 08:37:32,076 [omNode-1-impl-thread1] INFO  segmented.SegmentedRaftLogWorker (SegmentedRaftLogWorker.java:lambda$new$0(134)) - omNode-1@group-523986131536-SegmentedRaftLogWorker: flushIndex: setUnconditionally 0 -> -1
2024-03-11 08:37:32,076 [omNode-1-impl-thread1] INFO  segmented.SegmentedRaftLogWorker (SegmentedRaftLogWorker.java:lambda$new$0(134)) - omNode-1@group-523986131536-SegmentedRaftLogWorker: safeCacheEvictIndex: setUnconditionally 0 -> -1
2024-03-11 08:37:32,076 [omNode-1-impl-thread1] INFO  server.RaftServer$Division (RaftServerImpl.java:start(396)) - omNode-1@group-523986131536: start as a follower, conf=-1: peers:[omNode-3|localhost:15230, omNode-1|localhost:15222, omNode-2|localhost:15226]|listeners:[], old=null
2024-03-11 08:37:32,076 [omNode-1-impl-thread1] INFO  server.RaftServer$Division (RaftServerImpl.java:setRole(383)) - omNode-1@group-523986131536: changes role from      null to FOLLOWER at term 0 for startAsFollower
2024-03-11 08:37:32,076 [omNode-1-impl-thread1] INFO  impl.RoleInfo (RoleInfo.java:updateAndGet(139)) - omNode-1: start omNode-1@group-523986131536-FollowerState
2024-03-11 08:37:32,076 [omNode-1@group-523986131536-FollowerState] INFO  server.RaftServerConfigKeys (ConfUtils.java:logFallback(53)) - raft.server.rpc.first-election.timeout.min = 1s (fallback to raft.server.rpc.timeout.min)
2024-03-11 08:37:32,076 [omNode-1-impl-thread1] INFO  util.JmxRegister (JmxRegister.java:tryRegister(44)) - Successfully registered JMX Bean with object name Ratis:service=RaftServer,group=group-523986131536,id=omNode-1
2024-03-11 08:37:32,076 [omNode-1@group-523986131536-FollowerState] INFO  server.RaftServerConfigKeys (ConfUtils.java:logFallback(53)) - raft.server.rpc.first-election.timeout.max = 1200ms (fallback to raft.server.rpc.timeout.max)
2024-03-11 08:37:32,076 [omNode-1-impl-thread1] INFO  server.RaftServerConfigKeys (ConfUtils.java:logGet(46)) - raft.server.snapshot.trigger-when-stop.enabled = true (default)
2024-03-11 08:37:32,076 [omNode-1-impl-thread1] INFO  server.RaftServerConfigKeys (ConfUtils.java:logGet(46)) - raft.server.snapshot.auto.trigger.enabled = true (custom)
2024-03-11 08:37:32,076 [omNode-1-impl-thread1] INFO  server.RaftServerConfigKeys (ConfUtils.java:logGet(46)) - raft.server.snapshot.auto.trigger.threshold = 50 (custom)
2024-03-11 08:37:32,076 [omNode-1-impl-thread1] INFO  server.RaftServerConfigKeys (ConfUtils.java:logGet(46)) - raft.server.snapshot.retention.file.num = -1 (default)
2024-03-11 08:37:32,077 [omNode-1-impl-thread1] INFO  server.RaftServerConfigKeys (ConfUtils.java:logGet(46)) - raft.server.log.purge.upto.snapshot.index = true (custom)
2024-03-11 08:37:32,077 [main] INFO  server.RaftServer (RaftServerProxy.java:startImpl(406)) - omNode-1: start RPC server
2024-03-11 08:37:32,077 [main] INFO  server.GrpcService (GrpcService.java:startImpl(302)) - omNode-1: GrpcService started, listening on 15222
2024-03-11 08:37:32,078 [JvmPauseMonitor60] INFO  util.JvmPauseMonitor (JvmPauseMonitor.java:run(146)) - JvmPauseMonitor-omNode-1: Started
2024-03-11 08:37:32,078 [main] INFO  om.OzoneManager (OzoneManager.java:start(1669)) - Version File has different layout version (6) than OM DB (null). That is expected if this OM has never been finalized to a newer layout version.
2024-03-11 08:37:32,082 [main] INFO  client.ScmTopologyClient (ScmTopologyClient.java:start(67)) - Initial network topology fetched from SCM: /.
2024-03-11 08:37:32,083 [main] INFO  net.NodeSchemaLoader (NodeSchemaLoader.java:loadSchemaFromFile(129)) - Loading schema from [jar:file:/home/runner/.m2/repository/org/apache/ozone/hdds-common/1.5.0-SNAPSHOT/hdds-common-1.5.0-SNAPSHOT.jar!/network-topology-default.xml]
2024-03-11 08:37:32,083 [main] INFO  net.NodeSchemaLoader (NodeSchemaLoader.java:loadSchema(176)) - Loading network topology layer schema file
2024-03-11 08:37:32,085 [main] INFO  http.BaseHttpServer (BaseHttpServer.java:newHttpServer2BuilderForOzone(223)) - Starting Web-server for ozoneManager at: http://0.0.0.0:15220
2024-03-11 08:37:32,085 [main] INFO  http.BaseHttpServer (BaseHttpServer.java:<init>(110)) - Hadoop Security Enabled: false Ozone Security Enabled: false Ozone HTTP Security Enabled: false 
2024-03-11 08:37:32,086 [main] WARN  server.AuthenticationFilter (AuthenticationFilter.java:constructSecretProvider(240)) - Unable to initialize FileSignerSecretProvider, falling back to use random secrets. Reason: Could not read signature secret file: /home/runner/hadoop-http-auth-signature-secret
2024-03-11 08:37:32,086 [main] INFO  http.HttpRequestLog (HttpRequestLog.java:getRequestLog(86)) - Http request log for http.requests.ozoneManager is not defined
2024-03-11 08:37:32,087 [main] INFO  http.HttpServer2 (HttpServer2.java:addGlobalFilter(1036)) - Added global filter 'safety' (class=org.apache.hadoop.hdds.server.http.HttpServer2$QuotingInputFilter)
2024-03-11 08:37:32,087 [main] INFO  http.HttpServer2 (HttpServer2.java:addFilter(1012)) - Added filter static_user_filter (class=org.apache.hadoop.http.lib.StaticUserWebFilter$StaticUserFilter) to context ozoneManager
2024-03-11 08:37:32,087 [main] INFO  http.HttpServer2 (HttpServer2.java:addFilter(1020)) - Added filter static_user_filter (class=org.apache.hadoop.http.lib.StaticUserWebFilter$StaticUserFilter) to context static
2024-03-11 08:37:32,087 [main] INFO  http.HttpServer2 (HttpServer2.java:addFilter(1020)) - Added filter static_user_filter (class=org.apache.hadoop.http.lib.StaticUserWebFilter$StaticUserFilter) to context logs
2024-03-11 08:37:32,088 [main] INFO  http.BaseHttpServer (BaseHttpServer.java:<init>(189)) - HTTP server of ozoneManager uses base directory /home/runner/work/ozone/ozone/hadoop-ozone/integration-test/target/test-dir/MiniOzoneClusterImpl-90f76332-72a0-45e1-84c2-b164c055732a/omNode-1/webserver
2024-03-11 08:37:32,088 [main] INFO  http.HttpServer2 (HttpServer2.java:bindListener(1236)) - Jetty bound to port 15220
2024-03-11 08:37:32,088 [main] INFO  server.Server (Server.java:doStart(375)) - jetty-9.4.53.v20231009; built: 2023-10-09T12:29:09.265Z; git: 27bde00a0b95a1d5bbee0eae7984f891d2d0f8c9; jvm 1.8.0_402-b06
2024-03-11 08:37:32,089 [main] INFO  server.session (DefaultSessionIdManager.java:doStart(334)) - DefaultSessionIdManager workerName=node0
2024-03-11 08:37:32,089 [main] INFO  server.session (DefaultSessionIdManager.java:doStart(339)) - No SessionScavenger set, using defaults
2024-03-11 08:37:32,090 [main] INFO  server.session (HouseKeeper.java:startScavenging(132)) - node0 Scavenging every 660000ms
2024-03-11 08:37:32,090 [main] INFO  handler.ContextHandler (ContextHandler.java:doStart(921)) - Started o.e.j.s.ServletContextHandler@308bfe03{logs,/logs,file:///home/runner/work/ozone/ozone/hadoop-ozone/integration-test/target/log,AVAILABLE}
2024-03-11 08:37:32,090 [main] INFO  handler.ContextHandler (ContextHandler.java:doStart(921)) - Started o.e.j.s.ServletContextHandler@62a244e4{static,/static,file:///home/runner/work/ozone/ozone/hadoop-ozone/integration-test/target/test-classes/webapps/static,AVAILABLE}
2024-03-11 08:37:32,092 [main] INFO  handler.ContextHandler (ContextHandler.java:doStart(921)) - Started o.e.j.w.WebAppContext@6a410115{ozoneManager,/,file:///home/runner/work/ozone/ozone/hadoop-ozone/integration-test/target/test-classes/webapps/ozoneManager/,AVAILABLE}{file:/home/runner/work/ozone/ozone/hadoop-ozone/integration-test/target/test-classes/webapps/ozoneManager}
2024-03-11 08:37:32,092 [main] INFO  server.AbstractConnector (AbstractConnector.java:doStart(333)) - Started ServerConnector@254ac089{HTTP/1.1, (http/1.1)}{0.0.0.0:15220}
2024-03-11 08:37:32,093 [main] INFO  server.Server (Server.java:doStart(415)) - Started @666863ms
2024-03-11 08:37:32,093 [main] WARN  impl.MetricsSystemImpl (MetricsSystemImpl.java:register(279)) - Sink prometheus already exists!
2024-03-11 08:37:32,093 [main] INFO  http.BaseHttpServer (BaseHttpServer.java:updateConnectorAddress(354)) - HTTP server of ozoneManager listening at http://0.0.0.0:15220
2024-03-11 08:37:32,094 [IPC Server Responder] INFO  ipc.Server (Server.java:run(1562)) - IPC Server Responder: starting
2024-03-11 08:37:32,094 [IPC Server listener on 15219] INFO  ipc.Server (Server.java:run(1402)) - IPC Server listener on 15219: starting
2024-03-11 08:37:32,101 [main] INFO  om.OzoneManager (OzoneManager.java:startTrashEmptier(2130)) - Trash Interval set to 0. Files deleted won't move to trash
2024-03-11 08:37:32,101 [main] INFO  ozone.MiniOzoneHAClusterImpl (MiniOzoneHAClusterImpl.java:createOMService(516)) - Started OzoneManager omNode-1 RPC server at localhost/127.0.0.1:15219
2024-03-11 08:37:32,101 [main] INFO  ha.OMHANodeDetails (OMHANodeDetails.java:loadOMHAConfig(121)) - ServiceID for OzoneManager is om-service-test1
2024-03-11 08:37:32,102 [main] INFO  ha.OMHANodeDetails (OMHANodeDetails.java:loadOMHAConfig(201)) - Found matching OM address with OMServiceId: om-service-test1, OMNodeId: omNode-2, RPC Address: localhost:15223 and Ratis port: 15226
2024-03-11 08:37:32,102 [main] INFO  ha.OMHANodeDetails (ConfUtils.java:setNodeSpecificConfigs(97)) - Setting configuration key ozone.om.http-address with value of key ozone.om.http-address.om-service-test1.omNode-2: 127.0.0.1:15224
2024-03-11 08:37:32,102 [main] INFO  ha.OMHANodeDetails (ConfUtils.java:setNodeSpecificConfigs(97)) - Setting configuration key ozone.om.https-address with value of key ozone.om.https-address.om-service-test1.omNode-2: 127.0.0.1:15225
2024-03-11 08:37:32,102 [main] INFO  ha.OMHANodeDetails (ConfUtils.java:setNodeSpecificConfigs(97)) - Setting configuration key ozone.om.address with value of key ozone.om.address.om-service-test1.omNode-2: 127.0.0.1:15223
2024-03-11 08:37:32,102 [main] WARN  server.ServerUtils (ServerUtils.java:getDBPath(299)) - ozone.om.db.dirs is not configured. We recommend adding this setting. Falling back to ozone.metadata.dirs instead.
2024-03-11 08:37:32,103 [main] INFO  proxy.SCMBlockLocationFailoverProxyProvider (SCMBlockLocationFailoverProxyProvider.java:<init>(115)) - Created block location fail-over proxy with 1 nodes: [nodeId=scmNodeId,nodeAddress=/0.0.0.0:15216]
OM initialization succeeded.Current cluster id for sd=/home/runner/work/ozone/ozone/hadoop-ozone/integration-test/target/test-dir/MiniOzoneClusterImpl-90f76332-72a0-45e1-84c2-b164c055732a/omNode-2/om;cid=90f76332-72a0-45e1-84c2-b164c055732a;layoutVersion=6
2024-03-11 08:37:32,107 [main] INFO  ha.OMHANodeDetails (OMHANodeDetails.java:loadOMHAConfig(121)) - ServiceID for OzoneManager is om-service-test1
2024-03-11 08:37:32,107 [main] INFO  ha.OMHANodeDetails (OMHANodeDetails.java:loadOMHAConfig(201)) - Found matching OM address with OMServiceId: om-service-test1, OMNodeId: omNode-2, RPC Address: localhost:15223 and Ratis port: 15226
2024-03-11 08:37:32,108 [main] INFO  ha.OMHANodeDetails (ConfUtils.java:setNodeSpecificConfigs(97)) - Setting configuration key ozone.om.http-address with value of key ozone.om.http-address.om-service-test1.omNode-2: 127.0.0.1:15224
2024-03-11 08:37:32,108 [main] INFO  ha.OMHANodeDetails (ConfUtils.java:setNodeSpecificConfigs(97)) - Setting configuration key ozone.om.https-address with value of key ozone.om.https-address.om-service-test1.omNode-2: 127.0.0.1:15225
2024-03-11 08:37:32,108 [main] INFO  ha.OMHANodeDetails (ConfUtils.java:setNodeSpecificConfigs(97)) - Setting configuration key ozone.om.address with value of key ozone.om.address.om-service-test1.omNode-2: 127.0.0.1:15223
2024-03-11 08:37:32,108 [main] WARN  server.ServerUtils (ServerUtils.java:getDBPath(299)) - ozone.om.db.dirs is not configured. We recommend adding this setting. Falling back to ozone.metadata.dirs instead.
2024-03-11 08:37:32,109 [main] INFO  upgrade.AbstractLayoutVersionManager (AbstractLayoutVersionManager.java:init(83)) - Initializing Layout version manager with metadata layout = QUOTA (version = 6), software layout = QUOTA (version = 6)
2024-03-11 08:37:32,141 [main] INFO  upgrade.OMLayoutVersionManager (OMLayoutVersionManager.java:lambda$0(113)) - Skipping Upgrade Action QuotaRepairUpgradeAction since it has been finalized.
2024-03-11 08:37:32,141 [main] INFO  upgrade.OMLayoutVersionManager (OMLayoutVersionManager.java:lambda$0(113)) - Skipping Upgrade Action MockOmUpgradeAction since it has been finalized.
2024-03-11 08:37:32,141 [main] WARN  server.ServerUtils (ServerUtils.java:getDBPath(299)) - ozone.om.db.dirs is not configured. We recommend adding this setting. Falling back to ozone.metadata.dirs instead.
2024-03-11 08:37:32,142 [main] INFO  proxy.SCMBlockLocationFailoverProxyProvider (SCMBlockLocationFailoverProxyProvider.java:<init>(115)) - Created block location fail-over proxy with 1 nodes: [nodeId=scmNodeId,nodeAddress=/0.0.0.0:15216]
2024-03-11 08:37:32,143 [main] INFO  proxy.SCMBlockLocationFailoverProxyProvider (SCMBlockLocationFailoverProxyProvider.java:<init>(115)) - Created block location fail-over proxy with 1 nodes: [nodeId=scmNodeId,nodeAddress=/0.0.0.0:15216]
2024-03-11 08:37:32,146 [main] INFO  om.OzoneManager (OzoneManager.java:<init>(679)) - OM start with adminUsers: [*, runner]
2024-03-11 08:37:32,147 [main] WARN  server.ServerUtils (ServerUtils.java:getDBPath(299)) - ozone.om.db.dirs is not configured. We recommend adding this setting. Falling back to ozone.metadata.dirs instead.
2024-03-11 08:37:32,147 [main] INFO  helpers.OmKeyInfo (OmKeyInfo.java:getCodec(71)) - OmKeyInfo.getCodec ignorePipeline = true
2024-03-11 08:37:32,303 [main] INFO  om.OzoneManager (OzoneManager.java:instantiateServices(811)) - S3 Multi-Tenancy is disabled
2024-03-11 08:37:32,303 [main] INFO  om.OmSnapshotManager (OmSnapshotManager.java:<init>(177)) - Ozone filesystem snapshot feature is enabled.
2024-03-11 08:37:32,303 [main] WARN  server.ServerUtils (ServerUtils.java:getDBPath(299)) - ozone.om.snapshot.diff.db.dir is not configured. We recommend adding this setting. Falling back to ozone.metadata.dirs instead.
2024-03-11 08:37:32,322 [main] INFO  utils.NativeLibraryLoader (NativeLibraryLoader.java:loadLibrary(108)) - Loading Library: ozone_rocksdb_tools
2024-03-11 08:37:32,322 [main] ERROR snapshot.SnapshotDiffManager (SnapshotDiffManager.java:initNativeLibraryForEfficientDiff(287)) - Native Library for raw sst file reading loading failed.
org.apache.hadoop.hdds.utils.NativeLibraryNotLoadedException: Unable to load library ozone_rocksdb_tools from both java.library.path & resource file libozone_rocksdb_tools.so from jar.
	at org.apache.hadoop.hdds.utils.db.managed.ManagedRawSSTFileReader.loadLibrary(ManagedRawSSTFileReader.java:38)
	at org.apache.hadoop.ozone.om.snapshot.SnapshotDiffManager.initNativeLibraryForEfficientDiff(SnapshotDiffManager.java:285)
	at org.apache.hadoop.ozone.om.snapshot.SnapshotDiffManager.<init>(SnapshotDiffManager.java:259)
	at org.apache.hadoop.ozone.om.OmSnapshotManager.<init>(OmSnapshotManager.java:279)
	at org.apache.hadoop.ozone.om.OzoneManager.instantiateServices(OzoneManager.java:863)
	at org.apache.hadoop.ozone.om.OzoneManager.<init>(OzoneManager.java:689)
	at org.apache.hadoop.ozone.om.OzoneManager.createOm(OzoneManager.java:774)
	at org.apache.hadoop.ozone.MiniOzoneHAClusterImpl$Builder.createOMService(MiniOzoneHAClusterImpl.java:509)
	at org.apache.hadoop.ozone.MiniOzoneHAClusterImpl$Builder.build(MiniOzoneHAClusterImpl.java:425)
	at org.apache.hadoop.ozone.om.TestOzoneManagerHA.init(TestOzoneManagerHA.java:182)
	at sun.reflect.NativeMethodAccessorImpl.invoke0(Native Method)
	at sun.reflect.NativeMethodAccessorImpl.invoke(NativeMethodAccessorImpl.java:62)
	at sun.reflect.DelegatingMethodAccessorImpl.invoke(DelegatingMethodAccessorImpl.java:43)
	at java.lang.reflect.Method.invoke(Method.java:498)
	at org.junit.platform.commons.util.ReflectionUtils.invokeMethod(ReflectionUtils.java:728)
	at org.junit.jupiter.engine.execution.MethodInvocation.proceed(MethodInvocation.java:60)
	at org.junit.jupiter.engine.execution.InvocationInterceptorChain$ValidatingInvocation.proceed(InvocationInterceptorChain.java:131)
	at org.junit.jupiter.engine.extension.TimeoutExtension.intercept(TimeoutExtension.java:156)
	at org.junit.jupiter.engine.extension.TimeoutExtension.interceptLifecycleMethod(TimeoutExtension.java:128)
	at org.junit.jupiter.engine.extension.TimeoutExtension.interceptBeforeAllMethod(TimeoutExtension.java:70)
	at org.junit.jupiter.engine.execution.InterceptingExecutableInvoker$ReflectiveInterceptorCall.lambda$ofVoidMethod$0(InterceptingExecutableInvoker.java:103)
	at org.junit.jupiter.engine.execution.InterceptingExecutableInvoker.lambda$invoke$0(InterceptingExecutableInvoker.java:93)
	at org.junit.jupiter.engine.execution.InvocationInterceptorChain$InterceptedInvocation.proceed(InvocationInterceptorChain.java:106)
	at org.junit.jupiter.engine.execution.InvocationInterceptorChain.proceed(InvocationInterceptorChain.java:64)
	at org.junit.jupiter.engine.execution.InvocationInterceptorChain.chainAndInvoke(InvocationInterceptorChain.java:45)
	at org.junit.jupiter.engine.execution.InvocationInterceptorChain.invoke(InvocationInterceptorChain.java:37)
	at org.junit.jupiter.engine.execution.InterceptingExecutableInvoker.invoke(InterceptingExecutableInvoker.java:92)
	at org.junit.jupiter.engine.execution.InterceptingExecutableInvoker.invoke(InterceptingExecutableInvoker.java:86)
	at org.junit.jupiter.engine.descriptor.ClassBasedTestDescriptor.lambda$invokeBeforeAllMethods$13(ClassBasedTestDescriptor.java:412)
	at org.junit.platform.engine.support.hierarchical.ThrowableCollector.execute(ThrowableCollector.java:73)
	at org.junit.jupiter.engine.descriptor.ClassBasedTestDescriptor.invokeBeforeAllMethods(ClassBasedTestDescriptor.java:410)
	at org.junit.jupiter.engine.descriptor.ClassBasedTestDescriptor.before(ClassBasedTestDescriptor.java:216)
	at org.junit.jupiter.engine.descriptor.ClassBasedTestDescriptor.before(ClassBasedTestDescriptor.java:85)
	at org.junit.platform.engine.support.hierarchical.NodeTestTask.lambda$executeRecursively$6(NodeTestTask.java:148)
	at org.junit.platform.engine.support.hierarchical.ThrowableCollector.execute(ThrowableCollector.java:73)
	at org.junit.platform.engine.support.hierarchical.NodeTestTask.lambda$executeRecursively$8(NodeTestTask.java:141)
	at org.junit.platform.engine.support.hierarchical.Node.around(Node.java:137)
	at org.junit.platform.engine.support.hierarchical.NodeTestTask.lambda$executeRecursively$9(NodeTestTask.java:139)
	at org.junit.platform.engine.support.hierarchical.ThrowableCollector.execute(ThrowableCollector.java:73)
	at org.junit.platform.engine.support.hierarchical.NodeTestTask.executeRecursively(NodeTestTask.java:138)
	at org.junit.platform.engine.support.hierarchical.NodeTestTask.execute(NodeTestTask.java:95)
	at java.util.ArrayList.forEach(ArrayList.java:1259)
	at org.junit.platform.engine.support.hierarchical.SameThreadHierarchicalTestExecutorService.invokeAll(SameThreadHierarchicalTestExecutorService.java:41)
	at org.junit.platform.engine.support.hierarchical.NodeTestTask.lambda$executeRecursively$6(NodeTestTask.java:155)
	at org.junit.platform.engine.support.hierarchical.ThrowableCollector.execute(ThrowableCollector.java:73)
	at org.junit.platform.engine.support.hierarchical.NodeTestTask.lambda$executeRecursively$8(NodeTestTask.java:141)
	at org.junit.platform.engine.support.hierarchical.Node.around(Node.java:137)
	at org.junit.platform.engine.support.hierarchical.NodeTestTask.lambda$executeRecursively$9(NodeTestTask.java:139)
	at org.junit.platform.engine.support.hierarchical.ThrowableCollector.execute(ThrowableCollector.java:73)
	at org.junit.platform.engine.support.hierarchical.NodeTestTask.executeRecursively(NodeTestTask.java:138)
	at org.junit.platform.engine.support.hierarchical.NodeTestTask.execute(NodeTestTask.java:95)
	at org.junit.platform.engine.support.hierarchical.SameThreadHierarchicalTestExecutorService.submit(SameThreadHierarchicalTestExecutorService.java:35)
	at org.junit.platform.engine.support.hierarchical.HierarchicalTestExecutor.execute(HierarchicalTestExecutor.java:57)
	at org.junit.platform.engine.support.hierarchical.HierarchicalTestEngine.execute(HierarchicalTestEngine.java:54)
	at org.junit.platform.launcher.core.EngineExecutionOrchestrator.execute(EngineExecutionOrchestrator.java:198)
	at org.junit.platform.launcher.core.EngineExecutionOrchestrator.execute(EngineExecutionOrchestrator.java:169)
	at org.junit.platform.launcher.core.EngineExecutionOrchestrator.execute(EngineExecutionOrchestrator.java:93)
	at org.junit.platform.launcher.core.EngineExecutionOrchestrator.lambda$execute$0(EngineExecutionOrchestrator.java:58)
	at org.junit.platform.launcher.core.EngineExecutionOrchestrator.withInterceptedStreams(EngineExecutionOrchestrator.java:141)
	at org.junit.platform.launcher.core.EngineExecutionOrchestrator.execute(EngineExecutionOrchestrator.java:57)
	at org.junit.platform.launcher.core.DefaultLauncher.execute(DefaultLauncher.java:103)
	at org.junit.platform.launcher.core.DefaultLauncher.execute(DefaultLauncher.java:85)
	at org.junit.platform.launcher.core.DelegatingLauncher.execute(DelegatingLauncher.java:47)
	at org.junit.platform.launcher.core.SessionPerRequestLauncher.execute(SessionPerRequestLauncher.java:63)
	at org.apache.maven.surefire.junitplatform.JUnitPlatformProvider.invokeAllTests(JUnitPlatformProvider.java:165)
	at org.apache.maven.surefire.junitplatform.JUnitPlatformProvider.invoke(JUnitPlatformProvider.java:124)
	at org.apache.maven.surefire.booter.ForkedBooter.runSuitesInProcess(ForkedBooter.java:428)
	at org.apache.maven.surefire.booter.ForkedBooter.execute(ForkedBooter.java:162)
	at org.apache.maven.surefire.booter.ForkedBooter.run(ForkedBooter.java:562)
	at org.apache.maven.surefire.booter.ForkedBooter.main(ForkedBooter.java:548)
2024-03-11 08:37:32,324 [main] INFO  om.OzoneManager (OzoneManager.java:addS3GVolumeToDB(4468)) - Created Volume s3v With Owner runner required for S3Gateway operations.
2024-03-11 08:37:32,324 [main] WARN  server.ServerUtils (ServerUtils.java:getDefaultRatisDirectory(311)) - Storage directory for Ratis is not configured. It is a good idea to map this to an SSD disk. Falling back to ozone.metadata.dirs
2024-03-11 08:37:32,324 [main] WARN  utils.OzoneManagerRatisUtils (OzoneManagerRatisUtils.java:getOMRatisSnapshotDirectory(476)) - ozone.om.ratis.snapshot.dir is not configured. Falling back to ozone.metadata.dirs config
2024-03-11 08:37:32,325 [main] INFO  utils.RDBSnapshotProvider (RDBSnapshotProvider.java:init(87)) - Cleaning up the candidate dir: /home/runner/work/ozone/ozone/hadoop-ozone/integration-test/target/test-dir/MiniOzoneClusterImpl-90f76332-72a0-45e1-84c2-b164c055732a/omNode-2/snapshot/om.db.candidate
2024-03-11 08:37:32,325 [main] INFO  ratis_snapshot.OmRatisSnapshotProvider (OmRatisSnapshotProvider.java:<init>(99)) - Initializing OM Snapshot Provider
2024-03-11 08:37:32,326 [main] WARN  dropwizard3.Dm3MetricRegistriesImpl (Dm3MetricRegistriesImpl.java:addReporterRegistration(113)) - New reporters are added after registries were created. Some metrics will be missing from the reporter. Please add reporter before adding any new registry.
2024-03-11 08:37:32,326 [main] WARN  dropwizard3.Dm3MetricRegistriesImpl (Dm3MetricRegistriesImpl.java:addReporterRegistration(113)) - New reporters are added after registries were created. Some metrics will be missing from the reporter. Please add reporter before adding any new registry.
2024-03-11 08:37:32,326 [main] WARN  server.ServerUtils (ServerUtils.java:getDefaultRatisDirectory(311)) - Storage directory for Ratis is not configured. It is a good idea to map this to an SSD disk. Falling back to ozone.metadata.dirs
2024-03-11 08:37:32,327 [main] INFO  ratis.OzoneManagerRatisServer (OzoneManagerRatisServer.java:<init>(167)) - Instantiating OM Ratis server with groupID: om-service-test1 and peers: localhost:15226, localhost:15230, localhost:15222
2024-03-11 08:37:32,327 [main] INFO  ratis.OzoneManagerStateMachine (OzoneManagerStateMachine.java:loadSnapshotInfoFromDB(575)) - TransactionInfo not found in OM DB.
2024-03-11 08:37:32,327 [main] INFO  server.RaftServer (ConfUtils.java:logGet(46)) - raft.rpc.type = GRPC (default)
2024-03-11 08:37:32,328 [main] INFO  grpc.GrpcConfigKeys (ConfUtils.java:logFallback(53)) - raft.grpc.admin.host = null (fallback to raft.grpc.server.host)
2024-03-11 08:37:32,328 [main] INFO  grpc.GrpcConfigKeys (ConfUtils.java:logFallback(53)) - raft.grpc.admin.port = 15226 (fallback to raft.grpc.server.port)
2024-03-11 08:37:32,328 [main] INFO  grpc.GrpcConfigKeys (ConfUtils.java:logFallback(53)) - raft.grpc.client.host = null (fallback to raft.grpc.server.host)
2024-03-11 08:37:32,328 [main] INFO  grpc.GrpcConfigKeys (ConfUtils.java:logFallback(53)) - raft.grpc.client.port = 15226 (fallback to raft.grpc.server.port)
2024-03-11 08:37:32,328 [main] INFO  grpc.GrpcConfigKeys (ConfUtils.java:logGet(46)) - raft.grpc.server.host = null (default)
2024-03-11 08:37:32,328 [main] INFO  grpc.GrpcConfigKeys (ConfUtils.java:logGet(46)) - raft.grpc.server.port = 15226 (custom)
2024-03-11 08:37:32,328 [main] INFO  server.GrpcService (ConfUtils.java:logGet(46)) - raft.grpc.message.size.max = 4194304 (custom)
2024-03-11 08:37:32,329 [main] INFO  server.RaftServerConfigKeys (ConfUtils.java:logGet(46)) - raft.server.log.appender.buffer.byte-limit = 4194304 (custom)
2024-03-11 08:37:32,329 [main] INFO  server.GrpcService (ConfUtils.java:logGet(46)) - raft.grpc.flow.control.window = 1MB (=1048576) (default)
2024-03-11 08:37:32,329 [main] INFO  server.RaftServerConfigKeys (ConfUtils.java:logGet(46)) - raft.server.rpc.request.timeout = 3000ms (default)
2024-03-11 08:37:32,329 [main] INFO  grpc.GrpcConfigKeys (ConfUtils.java:logGet(46)) - raft.grpc.server.heartbeat.channel = true (default)
2024-03-11 08:37:32,329 [main] INFO  grpc.GrpcConfigKeys (ConfUtils.java:logGet(46)) - raft.grpc.server.async.request.thread.pool.cached = true (default)
2024-03-11 08:37:32,329 [main] INFO  grpc.GrpcConfigKeys (ConfUtils.java:logGet(46)) - raft.grpc.server.async.request.thread.pool.size = 32 (default)
2024-03-11 08:37:32,330 [main] INFO  impl.DataStreamServerImpl (ConfUtils.java:logGet(46)) - raft.datastream.type = DISABLED (default)
2024-03-11 08:37:32,330 [main] INFO  server.RaftServerConfigKeys (ConfUtils.java:logGet(46)) - raft.server.sleep.deviation.threshold = 300ms (default)
2024-03-11 08:37:32,330 [main] INFO  server.RaftServerConfigKeys (ConfUtils.java:logGet(46)) - raft.server.close.threshold = 60s (default)
2024-03-11 08:37:32,330 [main] INFO  server.RaftServerConfigKeys (ConfUtils.java:logGet(46)) - raft.server.leaderelection.leader.step-down.wait-time = 10s (default)
2024-03-11 08:37:32,330 [main] INFO  server.RaftServerConfigKeys (ConfUtils.java:logGet(46)) - raft.server.storage.dir = [/home/runner/work/ozone/ozone/hadoop-ozone/integration-test/target/test-dir/MiniOzoneClusterImpl-90f76332-72a0-45e1-84c2-b164c055732a/omNode-2/ratis] (custom)
2024-03-11 08:37:32,330 [main] INFO  server.RaftServerConfigKeys (ConfUtils.java:logGet(46)) - raft.server.threadpool.proxy.cached = true (default)
2024-03-11 08:37:32,330 [main] INFO  server.RaftServerConfigKeys (ConfUtils.java:logGet(46)) - raft.server.threadpool.proxy.size = 0 (default)
2024-03-11 08:37:32,331 [main] INFO  server.RaftServer (RaftServerProxy.java:addNew(100)) - omNode-2: addNew group-523986131536:[omNode-3|localhost:15230, omNode-1|localhost:15222, omNode-2|localhost:15226] returns group-523986131536:java.util.concurrent.CompletableFuture@58e577e9[Not completed]
2024-03-11 08:37:32,331 [main] INFO  om.OzoneManager (OzoneManager.java:initializeRatisServer(2177)) - OzoneManager Ratis server initialized at port 15226
2024-03-11 08:37:32,331 [omNode-2-groupManagement] INFO  server.RaftServer$Division (RaftServerImpl.java:<init>(256)) - omNode-2: new RaftServerImpl for group-523986131536:[omNode-3|localhost:15230, omNode-1|localhost:15222, omNode-2|localhost:15226] with OzoneManagerStateMachine:uninitialized
2024-03-11 08:37:32,331 [main] INFO  om.OzoneManager (OzoneManager.java:getRpcServer(1231)) - Creating RPC Server
2024-03-11 08:37:32,331 [omNode-2-groupManagement] INFO  server.RaftServerConfigKeys (ConfUtils.java:logGet(46)) - raft.server.rpc.timeout.min = 1s (custom)
2024-03-11 08:37:32,331 [omNode-2-groupManagement] INFO  server.RaftServerConfigKeys (ConfUtils.java:logGet(46)) - raft.server.rpc.timeout.max = 1200ms (custom)
2024-03-11 08:37:32,331 [omNode-2-groupManagement] INFO  server.RaftServerConfigKeys (ConfUtils.java:logGet(46)) - raft.server.rpc.sleep.time = 25ms (default)
2024-03-11 08:37:32,331 [omNode-2-groupManagement] INFO  server.RaftServerConfigKeys (ConfUtils.java:logGet(46)) - raft.server.rpc.slowness.timeout = 2s (custom)
2024-03-11 08:37:32,331 [omNode-2-groupManagement] INFO  server.RaftServerConfigKeys (ConfUtils.java:logGet(46)) - raft.server.leaderelection.leader.step-down.wait-time = 10s (default)
2024-03-11 08:37:32,331 [omNode-2-groupManagement] INFO  server.RaftServerConfigKeys (ConfUtils.java:logGet(46)) - raft.server.leaderelection.member.majority-add = false (default)
2024-03-11 08:37:32,332 [omNode-2-groupManagement] INFO  server.RaftServerConfigKeys (ConfUtils.java:logGet(46)) - raft.server.sleep.deviation.threshold = 300ms (default)
2024-03-11 08:37:32,332 [omNode-2-groupManagement] INFO  server.RaftServer$Division (ServerState.java:<init>(113)) - omNode-2@group-523986131536: ConfigurationManager, init=-1: peers:[omNode-3|localhost:15230, omNode-1|localhost:15222, omNode-2|localhost:15226]|listeners:[], old=null, confs=<EMPTY_MAP>
2024-03-11 08:37:32,332 [omNode-2-groupManagement] INFO  server.RaftServerConfigKeys (ConfUtils.java:logGet(46)) - raft.server.notification.no-leader.timeout = 2s (custom)
2024-03-11 08:37:32,332 [omNode-2-groupManagement] INFO  server.RaftServerConfigKeys (ConfUtils.java:logGet(46)) - raft.server.read.timeout = 10s (default)
2024-03-11 08:37:32,332 [omNode-2-groupManagement] INFO  server.RaftServerConfigKeys (ConfUtils.java:logGet(46)) - raft.server.retrycache.expirytime = 30000ms (custom)
2024-03-11 08:37:32,332 [omNode-2-groupManagement] INFO  server.RaftServerConfigKeys (ConfUtils.java:logGet(46)) - raft.server.retrycache.statistics.expirytime = 100ms (default)
2024-03-11 08:37:32,332 [omNode-2-groupManagement] INFO  server.RaftServerConfigKeys (ConfUtils.java:logGet(46)) - raft.server.read.option = DEFAULT (default)
2024-03-11 08:37:32,332 [omNode-2-groupManagement] INFO  server.RaftServerConfigKeys (ConfUtils.java:logGet(46)) - raft.server.read.read-after-write-consistent.write-index-cache.expiry-time = 60s (default)
2024-03-11 08:37:32,338 [omNode-2-groupManagement] INFO  server.RaftServerConfigKeys (ConfUtils.java:logGet(46)) - raft.server.rpc.request.timeout = 3000ms (default)
2024-03-11 08:37:32,338 [omNode-2-groupManagement] INFO  server.RaftServerConfigKeys (ConfUtils.java:logGet(46)) - raft.server.log.appender.install.snapshot.enabled = false (custom)
2024-03-11 08:37:32,338 [omNode-2-groupManagement] INFO  server.RaftServerConfigKeys (ConfUtils.java:logGet(46)) - raft.server.threadpool.server.cached = true (default)
2024-03-11 08:37:32,338 [omNode-2-groupManagement] INFO  server.RaftServerConfigKeys (ConfUtils.java:logGet(46)) - raft.server.threadpool.server.size = 0 (default)
2024-03-11 08:37:32,338 [omNode-2-groupManagement] INFO  server.RaftServerConfigKeys (ConfUtils.java:logGet(46)) - raft.server.threadpool.client.cached = true (default)
2024-03-11 08:37:32,338 [omNode-2-groupManagement] INFO  server.RaftServerConfigKeys (ConfUtils.java:logGet(46)) - raft.server.threadpool.client.size = 0 (default)
2024-03-11 08:37:32,507 [main] INFO  ipc.CallQueueManager (CallQueueManager.java:<init>(90)) - Using callQueue: class java.util.concurrent.LinkedBlockingQueue, queueCapacity: 2000, scheduler: class org.apache.hadoop.ipc.DefaultRpcScheduler, ipcBackoff: false.
2024-03-11 08:37:32,507 [main] INFO  ipc.Server (Server.java:<init>(1287)) - Listener at 127.0.0.1:15223
2024-03-11 08:37:32,508 [Socket Reader #1 for port 15223] INFO  ipc.Server (Server.java:run(1323)) - Starting Socket Reader #1 for port 15223
2024-03-11 08:37:32,520 [main] INFO  impl.MetricsSystemImpl (MetricsSystemImpl.java:init(158)) - OzoneManager metrics system started (again)
2024-03-11 08:37:32,527 [main] INFO  om.OzoneManager (OzoneManager.java:start(1653)) - OzoneManager RPC server is listening at localhost/127.0.0.1:15223
2024-03-11 08:37:32,527 [main] INFO  ratis.OzoneManagerRatisServer (OzoneManagerRatisServer.java:start(588)) - Starting OzoneManagerRatisServer omNode-2 at port 15226
2024-03-11 08:37:32,527 [omNode-2-impl-thread1] INFO  server.RaftServerConfigKeys (ConfUtils.java:logGet(46)) - raft.server.storage.free-space.min = 0MB (=0) (default)
2024-03-11 08:37:32,527 [omNode-2-impl-thread1] INFO  server.RaftServerConfigKeys (ConfUtils.java:logGet(46)) - raft.server.log.corruption.policy = EXCEPTION (default)
2024-03-11 08:37:32,527 [omNode-2-impl-thread1] INFO  server.RaftServerConfigKeys (ConfUtils.java:logGet(46)) - raft.server.storage.dir = [/home/runner/work/ozone/ozone/hadoop-ozone/integration-test/target/test-dir/MiniOzoneClusterImpl-90f76332-72a0-45e1-84c2-b164c055732a/omNode-2/ratis] (custom)
2024-03-11 08:37:32,528 [omNode-2-impl-thread1] INFO  storage.RaftStorageDirectory (RaftStorageDirectoryImpl.java:analyzeStorage(138)) - The storage directory /home/runner/work/ozone/ozone/hadoop-ozone/integration-test/target/test-dir/MiniOzoneClusterImpl-90f76332-72a0-45e1-84c2-b164c055732a/omNode-2/ratis/c9bc4cf4-3bc3-3c60-a66b-523986131536 does not exist. Creating ...
2024-03-11 08:37:32,529 [omNode-2-impl-thread1] INFO  storage.RaftStorageDirectory (RaftStorageDirectoryImpl.java:tryLock(228)) - Lock on /home/runner/work/ozone/ozone/hadoop-ozone/integration-test/target/test-dir/MiniOzoneClusterImpl-90f76332-72a0-45e1-84c2-b164c055732a/omNode-2/ratis/c9bc4cf4-3bc3-3c60-a66b-523986131536/in_use.lock acquired by nodename 48108@fv-az1250-130
2024-03-11 08:37:32,530 [omNode-2-impl-thread1] INFO  storage.RaftStorage (RaftStorageImpl.java:format(99)) - Storage directory /home/runner/work/ozone/ozone/hadoop-ozone/integration-test/target/test-dir/MiniOzoneClusterImpl-90f76332-72a0-45e1-84c2-b164c055732a/omNode-2/ratis/c9bc4cf4-3bc3-3c60-a66b-523986131536 has been successfully formatted.
2024-03-11 08:37:32,530 [omNode-2-impl-thread1] WARN  util.FileUtils (LogUtils.java:supplyAndLog(63)) - Failed to Files.newInputStream /home/runner/work/ozone/ozone/hadoop-ozone/integration-test/target/test-dir/MiniOzoneClusterImpl-90f76332-72a0-45e1-84c2-b164c055732a/omNode-2/ratis/c9bc4cf4-3bc3-3c60-a66b-523986131536/current/raft-meta.conf with options []: java.nio.file.NoSuchFileException: /home/runner/work/ozone/ozone/hadoop-ozone/integration-test/target/test-dir/MiniOzoneClusterImpl-90f76332-72a0-45e1-84c2-b164c055732a/omNode-2/ratis/c9bc4cf4-3bc3-3c60-a66b-523986131536/current/raft-meta.conf
2024-03-11 08:37:32,530 [omNode-2-impl-thread1] INFO  server.RaftServerConfigKeys (ConfUtils.java:logGet(46)) - raft.server.log.use.memory = false (default)
2024-03-11 08:37:32,530 [omNode-2-impl-thread1] INFO  server.RaftServerConfigKeys (ConfUtils.java:logGet(46)) - raft.server.log.purge.gap = 50 (custom)
2024-03-11 08:37:32,530 [omNode-2-impl-thread1] INFO  server.RaftServerConfigKeys (ConfUtils.java:logGet(46)) - raft.server.log.appender.buffer.byte-limit = 4194304 (custom)
2024-03-11 08:37:32,530 [omNode-2-impl-thread1] INFO  server.RaftServerConfigKeys (ConfUtils.java:logGet(46)) - raft.server.log.statemachine.data.read.timeout = 1000ms (default)
2024-03-11 08:37:32,530 [omNode-2-impl-thread1] INFO  server.RaftServerConfigKeys (ConfUtils.java:logGet(46)) - raft.server.log.purge.preservation.log.num = 0 (default)
2024-03-11 08:37:32,531 [omNode-2-impl-thread1] INFO  server.RaftServerConfigKeys (ConfUtils.java:logGet(46)) - raft.server.log.segment.size.max = 4194304 (custom)
2024-03-11 08:37:32,531 [omNode-2-impl-thread1] INFO  server.RaftServerConfigKeys (ConfUtils.java:logGet(46)) - raft.server.log.segment.cache.num.max = 2 (custom)
2024-03-11 08:37:32,531 [omNode-2-impl-thread1] INFO  server.RaftServerConfigKeys (ConfUtils.java:logGet(46)) - raft.server.log.segment.cache.size.max = 200MB (=209715200) (default)
2024-03-11 08:37:32,531 [omNode-2-impl-thread1] INFO  server.RaftServerConfigKeys (ConfUtils.java:logGet(46)) - raft.server.log.appender.buffer.byte-limit = 4194304 (custom)
2024-03-11 08:37:32,531 [omNode-2-impl-thread1] INFO  util.AwaitToRun (AwaitToRun.java:start(81)) - Thread[omNode-2@group-523986131536-cacheEviction-AwaitToRun,5,main] started
2024-03-11 08:37:32,531 [omNode-2-impl-thread1] INFO  segmented.SegmentedRaftLogWorker (SegmentedRaftLogWorker.java:<init>(182)) - new omNode-2@group-523986131536-SegmentedRaftLogWorker for RaftStorageImpl:Storage Directory /home/runner/work/ozone/ozone/hadoop-ozone/integration-test/target/test-dir/MiniOzoneClusterImpl-90f76332-72a0-45e1-84c2-b164c055732a/omNode-2/ratis/c9bc4cf4-3bc3-3c60-a66b-523986131536
2024-03-11 08:37:32,531 [omNode-2-impl-thread1] INFO  server.RaftServerConfigKeys (ConfUtils.java:logGet(46)) - raft.server.log.queue.byte-limit = 64MB (=67108864) (default)
2024-03-11 08:37:32,531 [omNode-2-impl-thread1] INFO  server.RaftServerConfigKeys (ConfUtils.java:logGet(46)) - raft.server.log.queue.element-limit = 4096 (default)
2024-03-11 08:37:32,531 [omNode-2-impl-thread1] INFO  server.RaftServerConfigKeys (ConfUtils.java:logGet(46)) - raft.server.log.segment.size.max = 4194304 (custom)
2024-03-11 08:37:32,531 [omNode-2-impl-thread1] INFO  server.RaftServerConfigKeys (ConfUtils.java:logGet(46)) - raft.server.log.preallocated.size = 4194304 (custom)
2024-03-11 08:37:32,531 [omNode-2-impl-thread1] INFO  server.RaftServerConfigKeys (ConfUtils.java:logGet(46)) - raft.server.log.force.sync.num = 128 (default)
2024-03-11 08:37:32,531 [omNode-2-impl-thread1] INFO  server.RaftServerConfigKeys (ConfUtils.java:logGet(46)) - raft.server.log.statemachine.data.sync = true (default)
2024-03-11 08:37:32,531 [omNode-2-impl-thread1] INFO  server.RaftServerConfigKeys (ConfUtils.java:logGet(46)) - raft.server.log.statemachine.data.sync.timeout = 10s (default)
2024-03-11 08:37:32,532 [omNode-2-impl-thread1] INFO  server.RaftServerConfigKeys (ConfUtils.java:logGet(46)) - raft.server.log.statemachine.data.sync.timeout.retry = -1 (default)
2024-03-11 08:37:32,532 [omNode-2-impl-thread1] INFO  server.RaftServerConfigKeys (ConfUtils.java:logGet(46)) - raft.server.log.write.buffer.size = 4194312 (custom)
2024-03-11 08:37:32,532 [omNode-2-impl-thread1] INFO  server.RaftServerConfigKeys (ConfUtils.java:logGet(46)) - raft.server.log.appender.buffer.byte-limit = 4194304 (custom)
2024-03-11 08:37:32,532 [omNode-2-impl-thread1] INFO  server.RaftServerConfigKeys (ConfUtils.java:logGet(46)) - raft.server.log.unsafe-flush.enabled = false (default)
2024-03-11 08:37:32,532 [omNode-2-impl-thread1] INFO  server.RaftServerConfigKeys (ConfUtils.java:logGet(46)) - raft.server.log.async-flush.enabled = false (default)
2024-03-11 08:37:32,532 [omNode-2-impl-thread1] INFO  server.RaftServerConfigKeys (ConfUtils.java:logGet(46)) - raft.server.log.statemachine.data.caching.enabled = false (default)
2024-03-11 08:37:32,532 [omNode-2-impl-thread1] INFO  segmented.SegmentedRaftLogWorker (SegmentedRaftLogWorker.java:lambda$new$0(134)) - omNode-2@group-523986131536-SegmentedRaftLogWorker: flushIndex: setUnconditionally 0 -> -1
2024-03-11 08:37:32,532 [omNode-2-impl-thread1] INFO  segmented.SegmentedRaftLogWorker (SegmentedRaftLogWorker.java:lambda$new$0(134)) - omNode-2@group-523986131536-SegmentedRaftLogWorker: safeCacheEvictIndex: setUnconditionally 0 -> -1
2024-03-11 08:37:32,533 [omNode-2-impl-thread1] INFO  server.RaftServer$Division (RaftServerImpl.java:start(396)) - omNode-2@group-523986131536: start as a follower, conf=-1: peers:[omNode-3|localhost:15230, omNode-1|localhost:15222, omNode-2|localhost:15226]|listeners:[], old=null
2024-03-11 08:37:32,533 [omNode-2-impl-thread1] INFO  server.RaftServer$Division (RaftServerImpl.java:setRole(383)) - omNode-2@group-523986131536: changes role from      null to FOLLOWER at term 0 for startAsFollower
2024-03-11 08:37:32,533 [omNode-2-impl-thread1] INFO  impl.RoleInfo (RoleInfo.java:updateAndGet(139)) - omNode-2: start omNode-2@group-523986131536-FollowerState
2024-03-11 08:37:32,533 [omNode-2@group-523986131536-FollowerState] INFO  server.RaftServerConfigKeys (ConfUtils.java:logFallback(53)) - raft.server.rpc.first-election.timeout.min = 1s (fallback to raft.server.rpc.timeout.min)
2024-03-11 08:37:32,533 [omNode-2@group-523986131536-FollowerState] INFO  server.RaftServerConfigKeys (ConfUtils.java:logFallback(53)) - raft.server.rpc.first-election.timeout.max = 1200ms (fallback to raft.server.rpc.timeout.max)
2024-03-11 08:37:32,536 [omNode-2-impl-thread1] INFO  util.JmxRegister (JmxRegister.java:tryRegister(44)) - Successfully registered JMX Bean with object name Ratis:service=RaftServer,group=group-523986131536,id=omNode-2
2024-03-11 08:37:32,536 [omNode-2-impl-thread1] INFO  server.RaftServerConfigKeys (ConfUtils.java:logGet(46)) - raft.server.snapshot.trigger-when-stop.enabled = true (default)
2024-03-11 08:37:32,536 [omNode-2-impl-thread1] INFO  server.RaftServerConfigKeys (ConfUtils.java:logGet(46)) - raft.server.snapshot.auto.trigger.enabled = true (custom)
2024-03-11 08:37:32,537 [omNode-2-impl-thread1] INFO  server.RaftServerConfigKeys (ConfUtils.java:logGet(46)) - raft.server.snapshot.auto.trigger.threshold = 50 (custom)
2024-03-11 08:37:32,537 [omNode-2-impl-thread1] INFO  server.RaftServerConfigKeys (ConfUtils.java:logGet(46)) - raft.server.snapshot.retention.file.num = -1 (default)
2024-03-11 08:37:32,537 [omNode-2-impl-thread1] INFO  server.RaftServerConfigKeys (ConfUtils.java:logGet(46)) - raft.server.log.purge.upto.snapshot.index = true (custom)
2024-03-11 08:37:32,537 [main] INFO  server.RaftServer (RaftServerProxy.java:startImpl(406)) - omNode-2: start RPC server
2024-03-11 08:37:32,537 [main] INFO  server.GrpcService (GrpcService.java:startImpl(302)) - omNode-2: GrpcService started, listening on 15226
2024-03-11 08:37:32,538 [JvmPauseMonitor61] INFO  util.JvmPauseMonitor (JvmPauseMonitor.java:run(146)) - JvmPauseMonitor-omNode-2: Started
2024-03-11 08:37:32,538 [main] INFO  om.OzoneManager (OzoneManager.java:start(1669)) - Version File has different layout version (6) than OM DB (null). That is expected if this OM has never been finalized to a newer layout version.
2024-03-11 08:37:32,542 [main] INFO  client.ScmTopologyClient (ScmTopologyClient.java:start(67)) - Initial network topology fetched from SCM: /.
2024-03-11 08:37:32,543 [main] INFO  net.NodeSchemaLoader (NodeSchemaLoader.java:loadSchemaFromFile(129)) - Loading schema from [jar:file:/home/runner/.m2/repository/org/apache/ozone/hdds-common/1.5.0-SNAPSHOT/hdds-common-1.5.0-SNAPSHOT.jar!/network-topology-default.xml]
2024-03-11 08:37:32,543 [main] INFO  net.NodeSchemaLoader (NodeSchemaLoader.java:loadSchema(176)) - Loading network topology layer schema file
2024-03-11 08:37:32,545 [main] INFO  http.BaseHttpServer (BaseHttpServer.java:newHttpServer2BuilderForOzone(223)) - Starting Web-server for ozoneManager at: http://0.0.0.0:15224
2024-03-11 08:37:32,545 [main] INFO  http.BaseHttpServer (BaseHttpServer.java:<init>(110)) - Hadoop Security Enabled: false Ozone Security Enabled: false Ozone HTTP Security Enabled: false 
2024-03-11 08:37:32,546 [main] WARN  server.AuthenticationFilter (AuthenticationFilter.java:constructSecretProvider(240)) - Unable to initialize FileSignerSecretProvider, falling back to use random secrets. Reason: Could not read signature secret file: /home/runner/hadoop-http-auth-signature-secret
2024-03-11 08:37:32,546 [main] INFO  http.HttpRequestLog (HttpRequestLog.java:getRequestLog(86)) - Http request log for http.requests.ozoneManager is not defined
2024-03-11 08:37:32,547 [main] INFO  http.HttpServer2 (HttpServer2.java:addGlobalFilter(1036)) - Added global filter 'safety' (class=org.apache.hadoop.hdds.server.http.HttpServer2$QuotingInputFilter)
2024-03-11 08:37:32,547 [main] INFO  http.HttpServer2 (HttpServer2.java:addFilter(1012)) - Added filter static_user_filter (class=org.apache.hadoop.http.lib.StaticUserWebFilter$StaticUserFilter) to context ozoneManager
2024-03-11 08:37:32,547 [main] INFO  http.HttpServer2 (HttpServer2.java:addFilter(1020)) - Added filter static_user_filter (class=org.apache.hadoop.http.lib.StaticUserWebFilter$StaticUserFilter) to context logs
2024-03-11 08:37:32,547 [main] INFO  http.HttpServer2 (HttpServer2.java:addFilter(1020)) - Added filter static_user_filter (class=org.apache.hadoop.http.lib.StaticUserWebFilter$StaticUserFilter) to context static
2024-03-11 08:37:32,548 [main] INFO  http.BaseHttpServer (BaseHttpServer.java:<init>(189)) - HTTP server of ozoneManager uses base directory /home/runner/work/ozone/ozone/hadoop-ozone/integration-test/target/test-dir/MiniOzoneClusterImpl-90f76332-72a0-45e1-84c2-b164c055732a/omNode-2/webserver
2024-03-11 08:37:32,548 [main] INFO  http.HttpServer2 (HttpServer2.java:bindListener(1236)) - Jetty bound to port 15224
2024-03-11 08:37:32,548 [main] INFO  server.Server (Server.java:doStart(375)) - jetty-9.4.53.v20231009; built: 2023-10-09T12:29:09.265Z; git: 27bde00a0b95a1d5bbee0eae7984f891d2d0f8c9; jvm 1.8.0_402-b06
2024-03-11 08:37:32,549 [main] INFO  server.session (DefaultSessionIdManager.java:doStart(334)) - DefaultSessionIdManager workerName=node0
2024-03-11 08:37:32,549 [main] INFO  server.session (DefaultSessionIdManager.java:doStart(339)) - No SessionScavenger set, using defaults
2024-03-11 08:37:32,549 [main] INFO  server.session (HouseKeeper.java:startScavenging(132)) - node0 Scavenging every 600000ms
2024-03-11 08:37:32,550 [main] INFO  handler.ContextHandler (ContextHandler.java:doStart(921)) - Started o.e.j.s.ServletContextHandler@2032c406{logs,/logs,file:///home/runner/work/ozone/ozone/hadoop-ozone/integration-test/target/log,AVAILABLE}
2024-03-11 08:37:32,550 [main] INFO  handler.ContextHandler (ContextHandler.java:doStart(921)) - Started o.e.j.s.ServletContextHandler@3fe4c5b{static,/static,file:///home/runner/work/ozone/ozone/hadoop-ozone/integration-test/target/test-classes/webapps/static,AVAILABLE}
2024-03-11 08:37:32,552 [main] INFO  handler.ContextHandler (ContextHandler.java:doStart(921)) - Started o.e.j.w.WebAppContext@3ae836d8{ozoneManager,/,file:///home/runner/work/ozone/ozone/hadoop-ozone/integration-test/target/test-classes/webapps/ozoneManager/,AVAILABLE}{file:/home/runner/work/ozone/ozone/hadoop-ozone/integration-test/target/test-classes/webapps/ozoneManager}
2024-03-11 08:37:32,552 [main] INFO  server.AbstractConnector (AbstractConnector.java:doStart(333)) - Started ServerConnector@22c1b1d5{HTTP/1.1, (http/1.1)}{0.0.0.0:15224}
2024-03-11 08:37:32,552 [main] INFO  server.Server (Server.java:doStart(415)) - Started @667323ms
2024-03-11 08:37:32,552 [main] WARN  impl.MetricsSystemImpl (MetricsSystemImpl.java:register(279)) - Sink prometheus already exists!
2024-03-11 08:37:32,553 [main] INFO  http.BaseHttpServer (BaseHttpServer.java:updateConnectorAddress(354)) - HTTP server of ozoneManager listening at http://0.0.0.0:15224
2024-03-11 08:37:32,553 [IPC Server Responder] INFO  ipc.Server (Server.java:run(1562)) - IPC Server Responder: starting
2024-03-11 08:37:32,553 [IPC Server listener on 15223] INFO  ipc.Server (Server.java:run(1402)) - IPC Server listener on 15223: starting
2024-03-11 08:37:32,555 [main] INFO  om.OzoneManager (OzoneManager.java:startTrashEmptier(2130)) - Trash Interval set to 0. Files deleted won't move to trash
2024-03-11 08:37:32,555 [main] INFO  ozone.MiniOzoneHAClusterImpl (MiniOzoneHAClusterImpl.java:createOMService(516)) - Started OzoneManager omNode-2 RPC server at localhost/127.0.0.1:15223
2024-03-11 08:37:32,556 [main] INFO  ha.OMHANodeDetails (OMHANodeDetails.java:loadOMHAConfig(121)) - ServiceID for OzoneManager is om-service-test1
2024-03-11 08:37:32,556 [main] INFO  ha.OMHANodeDetails (OMHANodeDetails.java:loadOMHAConfig(201)) - Found matching OM address with OMServiceId: om-service-test1, OMNodeId: omNode-3, RPC Address: localhost:15227 and Ratis port: 15230
2024-03-11 08:37:32,556 [main] INFO  ha.OMHANodeDetails (ConfUtils.java:setNodeSpecificConfigs(97)) - Setting configuration key ozone.om.http-address with value of key ozone.om.http-address.om-service-test1.omNode-3: 127.0.0.1:15228
2024-03-11 08:37:32,556 [main] INFO  ha.OMHANodeDetails (ConfUtils.java:setNodeSpecificConfigs(97)) - Setting configuration key ozone.om.https-address with value of key ozone.om.https-address.om-service-test1.omNode-3: 127.0.0.1:15229
2024-03-11 08:37:32,556 [main] INFO  ha.OMHANodeDetails (ConfUtils.java:setNodeSpecificConfigs(97)) - Setting configuration key ozone.om.address with value of key ozone.om.address.om-service-test1.omNode-3: 127.0.0.1:15227
2024-03-11 08:37:32,556 [main] WARN  server.ServerUtils (ServerUtils.java:getDBPath(299)) - ozone.om.db.dirs is not configured. We recommend adding this setting. Falling back to ozone.metadata.dirs instead.
2024-03-11 08:37:32,557 [main] INFO  proxy.SCMBlockLocationFailoverProxyProvider (SCMBlockLocationFailoverProxyProvider.java:<init>(115)) - Created block location fail-over proxy with 1 nodes: [nodeId=scmNodeId,nodeAddress=/0.0.0.0:15216]
OM initialization succeeded.Current cluster id for sd=/home/runner/work/ozone/ozone/hadoop-ozone/integration-test/target/test-dir/MiniOzoneClusterImpl-90f76332-72a0-45e1-84c2-b164c055732a/omNode-3/om;cid=90f76332-72a0-45e1-84c2-b164c055732a;layoutVersion=6
2024-03-11 08:37:32,561 [main] INFO  ha.OMHANodeDetails (OMHANodeDetails.java:loadOMHAConfig(121)) - ServiceID for OzoneManager is om-service-test1
2024-03-11 08:37:32,561 [main] INFO  ha.OMHANodeDetails (OMHANodeDetails.java:loadOMHAConfig(201)) - Found matching OM address with OMServiceId: om-service-test1, OMNodeId: omNode-3, RPC Address: localhost:15227 and Ratis port: 15230
2024-03-11 08:37:32,562 [main] INFO  ha.OMHANodeDetails (ConfUtils.java:setNodeSpecificConfigs(97)) - Setting configuration key ozone.om.http-address with value of key ozone.om.http-address.om-service-test1.omNode-3: 127.0.0.1:15228
2024-03-11 08:37:32,562 [main] INFO  ha.OMHANodeDetails (ConfUtils.java:setNodeSpecificConfigs(97)) - Setting configuration key ozone.om.https-address with value of key ozone.om.https-address.om-service-test1.omNode-3: 127.0.0.1:15229
2024-03-11 08:37:32,562 [main] INFO  ha.OMHANodeDetails (ConfUtils.java:setNodeSpecificConfigs(97)) - Setting configuration key ozone.om.address with value of key ozone.om.address.om-service-test1.omNode-3: 127.0.0.1:15227
2024-03-11 08:37:32,562 [main] WARN  server.ServerUtils (ServerUtils.java:getDBPath(299)) - ozone.om.db.dirs is not configured. We recommend adding this setting. Falling back to ozone.metadata.dirs instead.
2024-03-11 08:37:32,563 [main] INFO  upgrade.AbstractLayoutVersionManager (AbstractLayoutVersionManager.java:init(83)) - Initializing Layout version manager with metadata layout = QUOTA (version = 6), software layout = QUOTA (version = 6)
2024-03-11 08:37:32,594 [main] INFO  upgrade.OMLayoutVersionManager (OMLayoutVersionManager.java:lambda$0(113)) - Skipping Upgrade Action QuotaRepairUpgradeAction since it has been finalized.
2024-03-11 08:37:32,594 [main] INFO  upgrade.OMLayoutVersionManager (OMLayoutVersionManager.java:lambda$0(113)) - Skipping Upgrade Action MockOmUpgradeAction since it has been finalized.
2024-03-11 08:37:32,594 [main] WARN  server.ServerUtils (ServerUtils.java:getDBPath(299)) - ozone.om.db.dirs is not configured. We recommend adding this setting. Falling back to ozone.metadata.dirs instead.
2024-03-11 08:37:32,595 [main] INFO  proxy.SCMBlockLocationFailoverProxyProvider (SCMBlockLocationFailoverProxyProvider.java:<init>(115)) - Created block location fail-over proxy with 1 nodes: [nodeId=scmNodeId,nodeAddress=/0.0.0.0:15216]
2024-03-11 08:37:32,595 [main] INFO  proxy.SCMBlockLocationFailoverProxyProvider (SCMBlockLocationFailoverProxyProvider.java:<init>(115)) - Created block location fail-over proxy with 1 nodes: [nodeId=scmNodeId,nodeAddress=/0.0.0.0:15216]
2024-03-11 08:37:32,604 [main] INFO  om.OzoneManager (OzoneManager.java:<init>(679)) - OM start with adminUsers: [*, runner]
2024-03-11 08:37:32,604 [main] WARN  server.ServerUtils (ServerUtils.java:getDBPath(299)) - ozone.om.db.dirs is not configured. We recommend adding this setting. Falling back to ozone.metadata.dirs instead.
2024-03-11 08:37:32,604 [main] INFO  helpers.OmKeyInfo (OmKeyInfo.java:getCodec(71)) - OmKeyInfo.getCodec ignorePipeline = true
2024-03-11 08:37:32,759 [main] INFO  om.OzoneManager (OzoneManager.java:instantiateServices(811)) - S3 Multi-Tenancy is disabled
2024-03-11 08:37:32,759 [main] INFO  om.OmSnapshotManager (OmSnapshotManager.java:<init>(177)) - Ozone filesystem snapshot feature is enabled.
2024-03-11 08:37:32,760 [main] WARN  server.ServerUtils (ServerUtils.java:getDBPath(299)) - ozone.om.snapshot.diff.db.dir is not configured. We recommend adding this setting. Falling back to ozone.metadata.dirs instead.
2024-03-11 08:37:32,780 [main] INFO  utils.NativeLibraryLoader (NativeLibraryLoader.java:loadLibrary(108)) - Loading Library: ozone_rocksdb_tools
2024-03-11 08:37:32,780 [main] ERROR snapshot.SnapshotDiffManager (SnapshotDiffManager.java:initNativeLibraryForEfficientDiff(287)) - Native Library for raw sst file reading loading failed.
org.apache.hadoop.hdds.utils.NativeLibraryNotLoadedException: Unable to load library ozone_rocksdb_tools from both java.library.path & resource file libozone_rocksdb_tools.so from jar.
	at org.apache.hadoop.hdds.utils.db.managed.ManagedRawSSTFileReader.loadLibrary(ManagedRawSSTFileReader.java:38)
	at org.apache.hadoop.ozone.om.snapshot.SnapshotDiffManager.initNativeLibraryForEfficientDiff(SnapshotDiffManager.java:285)
	at org.apache.hadoop.ozone.om.snapshot.SnapshotDiffManager.<init>(SnapshotDiffManager.java:259)
	at org.apache.hadoop.ozone.om.OmSnapshotManager.<init>(OmSnapshotManager.java:279)
	at org.apache.hadoop.ozone.om.OzoneManager.instantiateServices(OzoneManager.java:863)
	at org.apache.hadoop.ozone.om.OzoneManager.<init>(OzoneManager.java:689)
	at org.apache.hadoop.ozone.om.OzoneManager.createOm(OzoneManager.java:774)
	at org.apache.hadoop.ozone.MiniOzoneHAClusterImpl$Builder.createOMService(MiniOzoneHAClusterImpl.java:509)
	at org.apache.hadoop.ozone.MiniOzoneHAClusterImpl$Builder.build(MiniOzoneHAClusterImpl.java:425)
	at org.apache.hadoop.ozone.om.TestOzoneManagerHA.init(TestOzoneManagerHA.java:182)
	at sun.reflect.NativeMethodAccessorImpl.invoke0(Native Method)
	at sun.reflect.NativeMethodAccessorImpl.invoke(NativeMethodAccessorImpl.java:62)
	at sun.reflect.DelegatingMethodAccessorImpl.invoke(DelegatingMethodAccessorImpl.java:43)
	at java.lang.reflect.Method.invoke(Method.java:498)
	at org.junit.platform.commons.util.ReflectionUtils.invokeMethod(ReflectionUtils.java:728)
	at org.junit.jupiter.engine.execution.MethodInvocation.proceed(MethodInvocation.java:60)
	at org.junit.jupiter.engine.execution.InvocationInterceptorChain$ValidatingInvocation.proceed(InvocationInterceptorChain.java:131)
	at org.junit.jupiter.engine.extension.TimeoutExtension.intercept(TimeoutExtension.java:156)
	at org.junit.jupiter.engine.extension.TimeoutExtension.interceptLifecycleMethod(TimeoutExtension.java:128)
	at org.junit.jupiter.engine.extension.TimeoutExtension.interceptBeforeAllMethod(TimeoutExtension.java:70)
	at org.junit.jupiter.engine.execution.InterceptingExecutableInvoker$ReflectiveInterceptorCall.lambda$ofVoidMethod$0(InterceptingExecutableInvoker.java:103)
	at org.junit.jupiter.engine.execution.InterceptingExecutableInvoker.lambda$invoke$0(InterceptingExecutableInvoker.java:93)
	at org.junit.jupiter.engine.execution.InvocationInterceptorChain$InterceptedInvocation.proceed(InvocationInterceptorChain.java:106)
	at org.junit.jupiter.engine.execution.InvocationInterceptorChain.proceed(InvocationInterceptorChain.java:64)
	at org.junit.jupiter.engine.execution.InvocationInterceptorChain.chainAndInvoke(InvocationInterceptorChain.java:45)
	at org.junit.jupiter.engine.execution.InvocationInterceptorChain.invoke(InvocationInterceptorChain.java:37)
	at org.junit.jupiter.engine.execution.InterceptingExecutableInvoker.invoke(InterceptingExecutableInvoker.java:92)
	at org.junit.jupiter.engine.execution.InterceptingExecutableInvoker.invoke(InterceptingExecutableInvoker.java:86)
	at org.junit.jupiter.engine.descriptor.ClassBasedTestDescriptor.lambda$invokeBeforeAllMethods$13(ClassBasedTestDescriptor.java:412)
	at org.junit.platform.engine.support.hierarchical.ThrowableCollector.execute(ThrowableCollector.java:73)
	at org.junit.jupiter.engine.descriptor.ClassBasedTestDescriptor.invokeBeforeAllMethods(ClassBasedTestDescriptor.java:410)
	at org.junit.jupiter.engine.descriptor.ClassBasedTestDescriptor.before(ClassBasedTestDescriptor.java:216)
	at org.junit.jupiter.engine.descriptor.ClassBasedTestDescriptor.before(ClassBasedTestDescriptor.java:85)
	at org.junit.platform.engine.support.hierarchical.NodeTestTask.lambda$executeRecursively$6(NodeTestTask.java:148)
	at org.junit.platform.engine.support.hierarchical.ThrowableCollector.execute(ThrowableCollector.java:73)
	at org.junit.platform.engine.support.hierarchical.NodeTestTask.lambda$executeRecursively$8(NodeTestTask.java:141)
	at org.junit.platform.engine.support.hierarchical.Node.around(Node.java:137)
	at org.junit.platform.engine.support.hierarchical.NodeTestTask.lambda$executeRecursively$9(NodeTestTask.java:139)
	at org.junit.platform.engine.support.hierarchical.ThrowableCollector.execute(ThrowableCollector.java:73)
	at org.junit.platform.engine.support.hierarchical.NodeTestTask.executeRecursively(NodeTestTask.java:138)
	at org.junit.platform.engine.support.hierarchical.NodeTestTask.execute(NodeTestTask.java:95)
	at java.util.ArrayList.forEach(ArrayList.java:1259)
	at org.junit.platform.engine.support.hierarchical.SameThreadHierarchicalTestExecutorService.invokeAll(SameThreadHierarchicalTestExecutorService.java:41)
	at org.junit.platform.engine.support.hierarchical.NodeTestTask.lambda$executeRecursively$6(NodeTestTask.java:155)
	at org.junit.platform.engine.support.hierarchical.ThrowableCollector.execute(ThrowableCollector.java:73)
	at org.junit.platform.engine.support.hierarchical.NodeTestTask.lambda$executeRecursively$8(NodeTestTask.java:141)
	at org.junit.platform.engine.support.hierarchical.Node.around(Node.java:137)
	at org.junit.platform.engine.support.hierarchical.NodeTestTask.lambda$executeRecursively$9(NodeTestTask.java:139)
	at org.junit.platform.engine.support.hierarchical.ThrowableCollector.execute(ThrowableCollector.java:73)
	at org.junit.platform.engine.support.hierarchical.NodeTestTask.executeRecursively(NodeTestTask.java:138)
	at org.junit.platform.engine.support.hierarchical.NodeTestTask.execute(NodeTestTask.java:95)
	at org.junit.platform.engine.support.hierarchical.SameThreadHierarchicalTestExecutorService.submit(SameThreadHierarchicalTestExecutorService.java:35)
	at org.junit.platform.engine.support.hierarchical.HierarchicalTestExecutor.execute(HierarchicalTestExecutor.java:57)
	at org.junit.platform.engine.support.hierarchical.HierarchicalTestEngine.execute(HierarchicalTestEngine.java:54)
	at org.junit.platform.launcher.core.EngineExecutionOrchestrator.execute(EngineExecutionOrchestrator.java:198)
	at org.junit.platform.launcher.core.EngineExecutionOrchestrator.execute(EngineExecutionOrchestrator.java:169)
	at org.junit.platform.launcher.core.EngineExecutionOrchestrator.execute(EngineExecutionOrchestrator.java:93)
	at org.junit.platform.launcher.core.EngineExecutionOrchestrator.lambda$execute$0(EngineExecutionOrchestrator.java:58)
	at org.junit.platform.launcher.core.EngineExecutionOrchestrator.withInterceptedStreams(EngineExecutionOrchestrator.java:141)
	at org.junit.platform.launcher.core.EngineExecutionOrchestrator.execute(EngineExecutionOrchestrator.java:57)
	at org.junit.platform.launcher.core.DefaultLauncher.execute(DefaultLauncher.java:103)
	at org.junit.platform.launcher.core.DefaultLauncher.execute(DefaultLauncher.java:85)
	at org.junit.platform.launcher.core.DelegatingLauncher.execute(DelegatingLauncher.java:47)
	at org.junit.platform.launcher.core.SessionPerRequestLauncher.execute(SessionPerRequestLauncher.java:63)
	at org.apache.maven.surefire.junitplatform.JUnitPlatformProvider.invokeAllTests(JUnitPlatformProvider.java:165)
	at org.apache.maven.surefire.junitplatform.JUnitPlatformProvider.invoke(JUnitPlatformProvider.java:124)
	at org.apache.maven.surefire.booter.ForkedBooter.runSuitesInProcess(ForkedBooter.java:428)
	at org.apache.maven.surefire.booter.ForkedBooter.execute(ForkedBooter.java:162)
	at org.apache.maven.surefire.booter.ForkedBooter.run(ForkedBooter.java:562)
	at org.apache.maven.surefire.booter.ForkedBooter.main(ForkedBooter.java:548)
2024-03-11 08:37:32,783 [main] INFO  om.OzoneManager (OzoneManager.java:addS3GVolumeToDB(4468)) - Created Volume s3v With Owner runner required for S3Gateway operations.
2024-03-11 08:37:32,783 [main] WARN  server.ServerUtils (ServerUtils.java:getDefaultRatisDirectory(311)) - Storage directory for Ratis is not configured. It is a good idea to map this to an SSD disk. Falling back to ozone.metadata.dirs
2024-03-11 08:37:32,784 [main] WARN  utils.OzoneManagerRatisUtils (OzoneManagerRatisUtils.java:getOMRatisSnapshotDirectory(476)) - ozone.om.ratis.snapshot.dir is not configured. Falling back to ozone.metadata.dirs config
2024-03-11 08:37:32,784 [main] INFO  utils.RDBSnapshotProvider (RDBSnapshotProvider.java:init(87)) - Cleaning up the candidate dir: /home/runner/work/ozone/ozone/hadoop-ozone/integration-test/target/test-dir/MiniOzoneClusterImpl-90f76332-72a0-45e1-84c2-b164c055732a/omNode-3/snapshot/om.db.candidate
2024-03-11 08:37:32,784 [main] INFO  ratis_snapshot.OmRatisSnapshotProvider (OmRatisSnapshotProvider.java:<init>(99)) - Initializing OM Snapshot Provider
2024-03-11 08:37:32,786 [main] WARN  dropwizard3.Dm3MetricRegistriesImpl (Dm3MetricRegistriesImpl.java:addReporterRegistration(113)) - New reporters are added after registries were created. Some metrics will be missing from the reporter. Please add reporter before adding any new registry.
2024-03-11 08:37:32,786 [main] WARN  dropwizard3.Dm3MetricRegistriesImpl (Dm3MetricRegistriesImpl.java:addReporterRegistration(113)) - New reporters are added after registries were created. Some metrics will be missing from the reporter. Please add reporter before adding any new registry.
2024-03-11 08:37:32,786 [main] WARN  server.ServerUtils (ServerUtils.java:getDefaultRatisDirectory(311)) - Storage directory for Ratis is not configured. It is a good idea to map this to an SSD disk. Falling back to ozone.metadata.dirs
2024-03-11 08:37:32,787 [main] INFO  ratis.OzoneManagerRatisServer (OzoneManagerRatisServer.java:<init>(167)) - Instantiating OM Ratis server with groupID: om-service-test1 and peers: localhost:15230, localhost:15222, localhost:15226
2024-03-11 08:37:32,788 [main] INFO  ratis.OzoneManagerStateMachine (OzoneManagerStateMachine.java:loadSnapshotInfoFromDB(575)) - TransactionInfo not found in OM DB.
2024-03-11 08:37:32,788 [main] INFO  server.RaftServer (ConfUtils.java:logGet(46)) - raft.rpc.type = GRPC (default)
2024-03-11 08:37:32,788 [main] INFO  grpc.GrpcConfigKeys (ConfUtils.java:logFallback(53)) - raft.grpc.admin.host = null (fallback to raft.grpc.server.host)
2024-03-11 08:37:32,789 [main] INFO  grpc.GrpcConfigKeys (ConfUtils.java:logFallback(53)) - raft.grpc.admin.port = 15230 (fallback to raft.grpc.server.port)
2024-03-11 08:37:32,789 [main] INFO  grpc.GrpcConfigKeys (ConfUtils.java:logFallback(53)) - raft.grpc.client.host = null (fallback to raft.grpc.server.host)
2024-03-11 08:37:32,789 [main] INFO  grpc.GrpcConfigKeys (ConfUtils.java:logFallback(53)) - raft.grpc.client.port = 15230 (fallback to raft.grpc.server.port)
2024-03-11 08:37:32,789 [main] INFO  grpc.GrpcConfigKeys (ConfUtils.java:logGet(46)) - raft.grpc.server.host = null (default)
2024-03-11 08:37:32,789 [main] INFO  grpc.GrpcConfigKeys (ConfUtils.java:logGet(46)) - raft.grpc.server.port = 15230 (custom)
2024-03-11 08:37:32,789 [main] INFO  server.GrpcService (ConfUtils.java:logGet(46)) - raft.grpc.message.size.max = 4194304 (custom)
2024-03-11 08:37:32,789 [main] INFO  server.RaftServerConfigKeys (ConfUtils.java:logGet(46)) - raft.server.log.appender.buffer.byte-limit = 4194304 (custom)
2024-03-11 08:37:32,790 [main] INFO  server.GrpcService (ConfUtils.java:logGet(46)) - raft.grpc.flow.control.window = 1MB (=1048576) (default)
2024-03-11 08:37:32,790 [main] INFO  server.RaftServerConfigKeys (ConfUtils.java:logGet(46)) - raft.server.rpc.request.timeout = 3000ms (default)
2024-03-11 08:37:32,790 [main] INFO  grpc.GrpcConfigKeys (ConfUtils.java:logGet(46)) - raft.grpc.server.heartbeat.channel = true (default)
2024-03-11 08:37:32,790 [main] INFO  grpc.GrpcConfigKeys (ConfUtils.java:logGet(46)) - raft.grpc.server.async.request.thread.pool.cached = true (default)
2024-03-11 08:37:32,790 [main] INFO  grpc.GrpcConfigKeys (ConfUtils.java:logGet(46)) - raft.grpc.server.async.request.thread.pool.size = 32 (default)
2024-03-11 08:37:32,791 [main] INFO  impl.DataStreamServerImpl (ConfUtils.java:logGet(46)) - raft.datastream.type = DISABLED (default)
2024-03-11 08:37:32,791 [main] INFO  server.RaftServerConfigKeys (ConfUtils.java:logGet(46)) - raft.server.sleep.deviation.threshold = 300ms (default)
2024-03-11 08:37:32,791 [main] INFO  server.RaftServerConfigKeys (ConfUtils.java:logGet(46)) - raft.server.close.threshold = 60s (default)
2024-03-11 08:37:32,792 [main] INFO  server.RaftServerConfigKeys (ConfUtils.java:logGet(46)) - raft.server.leaderelection.leader.step-down.wait-time = 10s (default)
2024-03-11 08:37:32,792 [main] INFO  server.RaftServerConfigKeys (ConfUtils.java:logGet(46)) - raft.server.storage.dir = [/home/runner/work/ozone/ozone/hadoop-ozone/integration-test/target/test-dir/MiniOzoneClusterImpl-90f76332-72a0-45e1-84c2-b164c055732a/omNode-3/ratis] (custom)
2024-03-11 08:37:32,792 [main] INFO  server.RaftServerConfigKeys (ConfUtils.java:logGet(46)) - raft.server.threadpool.proxy.cached = true (default)
2024-03-11 08:37:32,792 [main] INFO  server.RaftServerConfigKeys (ConfUtils.java:logGet(46)) - raft.server.threadpool.proxy.size = 0 (default)
2024-03-11 08:37:32,794 [main] INFO  server.RaftServer (RaftServerProxy.java:addNew(100)) - omNode-3: addNew group-523986131536:[omNode-3|localhost:15230, omNode-1|localhost:15222, omNode-2|localhost:15226] returns group-523986131536:java.util.concurrent.CompletableFuture@680a8317[Not completed]
2024-03-11 08:37:32,795 [main] INFO  om.OzoneManager (OzoneManager.java:initializeRatisServer(2177)) - OzoneManager Ratis server initialized at port 15230
2024-03-11 08:37:32,795 [main] INFO  om.OzoneManager (OzoneManager.java:getRpcServer(1231)) - Creating RPC Server
2024-03-11 08:37:32,794 [omNode-3-groupManagement] INFO  server.RaftServer$Division (RaftServerImpl.java:<init>(256)) - omNode-3: new RaftServerImpl for group-523986131536:[omNode-3|localhost:15230, omNode-1|localhost:15222, omNode-2|localhost:15226] with OzoneManagerStateMachine:uninitialized
2024-03-11 08:37:32,795 [omNode-3-groupManagement] INFO  server.RaftServerConfigKeys (ConfUtils.java:logGet(46)) - raft.server.rpc.timeout.min = 1s (custom)
2024-03-11 08:37:32,795 [omNode-3-groupManagement] INFO  server.RaftServerConfigKeys (ConfUtils.java:logGet(46)) - raft.server.rpc.timeout.max = 1200ms (custom)
2024-03-11 08:37:32,795 [omNode-3-groupManagement] INFO  server.RaftServerConfigKeys (ConfUtils.java:logGet(46)) - raft.server.rpc.sleep.time = 25ms (default)
2024-03-11 08:37:32,795 [omNode-3-groupManagement] INFO  server.RaftServerConfigKeys (ConfUtils.java:logGet(46)) - raft.server.rpc.slowness.timeout = 2s (custom)
2024-03-11 08:37:32,795 [omNode-3-groupManagement] INFO  server.RaftServerConfigKeys (ConfUtils.java:logGet(46)) - raft.server.leaderelection.leader.step-down.wait-time = 10s (default)
2024-03-11 08:37:32,796 [omNode-3-groupManagement] INFO  server.RaftServerConfigKeys (ConfUtils.java:logGet(46)) - raft.server.leaderelection.member.majority-add = false (default)
2024-03-11 08:37:32,796 [omNode-3-groupManagement] INFO  server.RaftServerConfigKeys (ConfUtils.java:logGet(46)) - raft.server.sleep.deviation.threshold = 300ms (default)
2024-03-11 08:37:32,796 [omNode-3-groupManagement] INFO  server.RaftServer$Division (ServerState.java:<init>(113)) - omNode-3@group-523986131536: ConfigurationManager, init=-1: peers:[omNode-3|localhost:15230, omNode-1|localhost:15222, omNode-2|localhost:15226]|listeners:[], old=null, confs=<EMPTY_MAP>
2024-03-11 08:37:32,796 [omNode-3-groupManagement] INFO  server.RaftServerConfigKeys (ConfUtils.java:logGet(46)) - raft.server.notification.no-leader.timeout = 2s (custom)
2024-03-11 08:37:32,796 [omNode-3-groupManagement] INFO  server.RaftServerConfigKeys (ConfUtils.java:logGet(46)) - raft.server.read.timeout = 10s (default)
2024-03-11 08:37:32,796 [omNode-3-groupManagement] INFO  server.RaftServerConfigKeys (ConfUtils.java:logGet(46)) - raft.server.retrycache.expirytime = 30000ms (custom)
2024-03-11 08:37:32,796 [omNode-3-groupManagement] INFO  server.RaftServerConfigKeys (ConfUtils.java:logGet(46)) - raft.server.retrycache.statistics.expirytime = 100ms (default)
2024-03-11 08:37:32,796 [omNode-3-groupManagement] INFO  server.RaftServerConfigKeys (ConfUtils.java:logGet(46)) - raft.server.read.option = DEFAULT (default)
2024-03-11 08:37:32,796 [omNode-3-groupManagement] INFO  server.RaftServerConfigKeys (ConfUtils.java:logGet(46)) - raft.server.read.read-after-write-consistent.write-index-cache.expiry-time = 60s (default)
2024-03-11 08:37:32,798 [omNode-3-groupManagement] INFO  server.RaftServerConfigKeys (ConfUtils.java:logGet(46)) - raft.server.rpc.request.timeout = 3000ms (default)
2024-03-11 08:37:32,798 [omNode-3-groupManagement] INFO  server.RaftServerConfigKeys (ConfUtils.java:logGet(46)) - raft.server.log.appender.install.snapshot.enabled = false (custom)
2024-03-11 08:37:32,798 [omNode-3-groupManagement] INFO  server.RaftServerConfigKeys (ConfUtils.java:logGet(46)) - raft.server.threadpool.server.cached = true (default)
2024-03-11 08:37:32,798 [omNode-3-groupManagement] INFO  server.RaftServerConfigKeys (ConfUtils.java:logGet(46)) - raft.server.threadpool.server.size = 0 (default)
2024-03-11 08:37:32,798 [omNode-3-groupManagement] INFO  server.RaftServerConfigKeys (ConfUtils.java:logGet(46)) - raft.server.threadpool.client.cached = true (default)
2024-03-11 08:37:32,798 [omNode-3-groupManagement] INFO  server.RaftServerConfigKeys (ConfUtils.java:logGet(46)) - raft.server.threadpool.client.size = 0 (default)
2024-03-11 08:37:32,999 [main] INFO  ipc.CallQueueManager (CallQueueManager.java:<init>(90)) - Using callQueue: class java.util.concurrent.LinkedBlockingQueue, queueCapacity: 2000, scheduler: class org.apache.hadoop.ipc.DefaultRpcScheduler, ipcBackoff: false.
2024-03-11 08:37:32,999 [main] INFO  ipc.Server (Server.java:<init>(1287)) - Listener at 127.0.0.1:15227
2024-03-11 08:37:33,000 [Socket Reader #1 for port 15227] INFO  ipc.Server (Server.java:run(1323)) - Starting Socket Reader #1 for port 15227
2024-03-11 08:37:33,012 [main] INFO  impl.MetricsSystemImpl (MetricsSystemImpl.java:init(158)) - OzoneManager metrics system started (again)
2024-03-11 08:37:33,019 [main] INFO  om.OzoneManager (OzoneManager.java:start(1653)) - OzoneManager RPC server is listening at localhost/127.0.0.1:15227
2024-03-11 08:37:33,019 [main] INFO  ratis.OzoneManagerRatisServer (OzoneManagerRatisServer.java:start(588)) - Starting OzoneManagerRatisServer omNode-3 at port 15230
2024-03-11 08:37:33,019 [omNode-3-impl-thread1] INFO  server.RaftServerConfigKeys (ConfUtils.java:logGet(46)) - raft.server.storage.free-space.min = 0MB (=0) (default)
2024-03-11 08:37:33,020 [omNode-3-impl-thread1] INFO  server.RaftServerConfigKeys (ConfUtils.java:logGet(46)) - raft.server.log.corruption.policy = EXCEPTION (default)
2024-03-11 08:37:33,020 [omNode-3-impl-thread1] INFO  server.RaftServerConfigKeys (ConfUtils.java:logGet(46)) - raft.server.storage.dir = [/home/runner/work/ozone/ozone/hadoop-ozone/integration-test/target/test-dir/MiniOzoneClusterImpl-90f76332-72a0-45e1-84c2-b164c055732a/omNode-3/ratis] (custom)
2024-03-11 08:37:33,020 [omNode-3-impl-thread1] INFO  storage.RaftStorageDirectory (RaftStorageDirectoryImpl.java:analyzeStorage(138)) - The storage directory /home/runner/work/ozone/ozone/hadoop-ozone/integration-test/target/test-dir/MiniOzoneClusterImpl-90f76332-72a0-45e1-84c2-b164c055732a/omNode-3/ratis/c9bc4cf4-3bc3-3c60-a66b-523986131536 does not exist. Creating ...
2024-03-11 08:37:33,021 [omNode-3-impl-thread1] INFO  storage.RaftStorageDirectory (RaftStorageDirectoryImpl.java:tryLock(228)) - Lock on /home/runner/work/ozone/ozone/hadoop-ozone/integration-test/target/test-dir/MiniOzoneClusterImpl-90f76332-72a0-45e1-84c2-b164c055732a/omNode-3/ratis/c9bc4cf4-3bc3-3c60-a66b-523986131536/in_use.lock acquired by nodename 48108@fv-az1250-130
2024-03-11 08:37:33,022 [omNode-3-impl-thread1] INFO  storage.RaftStorage (RaftStorageImpl.java:format(99)) - Storage directory /home/runner/work/ozone/ozone/hadoop-ozone/integration-test/target/test-dir/MiniOzoneClusterImpl-90f76332-72a0-45e1-84c2-b164c055732a/omNode-3/ratis/c9bc4cf4-3bc3-3c60-a66b-523986131536 has been successfully formatted.
2024-03-11 08:37:33,023 [omNode-3-impl-thread1] WARN  util.FileUtils (LogUtils.java:supplyAndLog(63)) - Failed to Files.newInputStream /home/runner/work/ozone/ozone/hadoop-ozone/integration-test/target/test-dir/MiniOzoneClusterImpl-90f76332-72a0-45e1-84c2-b164c055732a/omNode-3/ratis/c9bc4cf4-3bc3-3c60-a66b-523986131536/current/raft-meta.conf with options []: java.nio.file.NoSuchFileException: /home/runner/work/ozone/ozone/hadoop-ozone/integration-test/target/test-dir/MiniOzoneClusterImpl-90f76332-72a0-45e1-84c2-b164c055732a/omNode-3/ratis/c9bc4cf4-3bc3-3c60-a66b-523986131536/current/raft-meta.conf
2024-03-11 08:37:33,023 [omNode-3-impl-thread1] INFO  server.RaftServerConfigKeys (ConfUtils.java:logGet(46)) - raft.server.log.use.memory = false (default)
2024-03-11 08:37:33,023 [omNode-3-impl-thread1] INFO  server.RaftServerConfigKeys (ConfUtils.java:logGet(46)) - raft.server.log.purge.gap = 50 (custom)
2024-03-11 08:37:33,023 [omNode-3-impl-thread1] INFO  server.RaftServerConfigKeys (ConfUtils.java:logGet(46)) - raft.server.log.appender.buffer.byte-limit = 4194304 (custom)
2024-03-11 08:37:33,023 [omNode-3-impl-thread1] INFO  server.RaftServerConfigKeys (ConfUtils.java:logGet(46)) - raft.server.log.statemachine.data.read.timeout = 1000ms (default)
2024-03-11 08:37:33,023 [omNode-3-impl-thread1] INFO  server.RaftServerConfigKeys (ConfUtils.java:logGet(46)) - raft.server.log.purge.preservation.log.num = 0 (default)
2024-03-11 08:37:33,024 [omNode-3-impl-thread1] INFO  server.RaftServerConfigKeys (ConfUtils.java:logGet(46)) - raft.server.log.segment.size.max = 4194304 (custom)
2024-03-11 08:37:33,024 [omNode-3-impl-thread1] INFO  server.RaftServerConfigKeys (ConfUtils.java:logGet(46)) - raft.server.log.segment.cache.num.max = 2 (custom)
2024-03-11 08:37:33,024 [omNode-3-impl-thread1] INFO  server.RaftServerConfigKeys (ConfUtils.java:logGet(46)) - raft.server.log.segment.cache.size.max = 200MB (=209715200) (default)
2024-03-11 08:37:33,024 [omNode-3-impl-thread1] INFO  server.RaftServerConfigKeys (ConfUtils.java:logGet(46)) - raft.server.log.appender.buffer.byte-limit = 4194304 (custom)
2024-03-11 08:37:33,024 [omNode-3-impl-thread1] INFO  util.AwaitToRun (AwaitToRun.java:start(81)) - Thread[omNode-3@group-523986131536-cacheEviction-AwaitToRun,5,main] started
2024-03-11 08:37:33,024 [omNode-3-impl-thread1] INFO  segmented.SegmentedRaftLogWorker (SegmentedRaftLogWorker.java:<init>(182)) - new omNode-3@group-523986131536-SegmentedRaftLogWorker for RaftStorageImpl:Storage Directory /home/runner/work/ozone/ozone/hadoop-ozone/integration-test/target/test-dir/MiniOzoneClusterImpl-90f76332-72a0-45e1-84c2-b164c055732a/omNode-3/ratis/c9bc4cf4-3bc3-3c60-a66b-523986131536
2024-03-11 08:37:33,024 [omNode-3-impl-thread1] INFO  server.RaftServerConfigKeys (ConfUtils.java:logGet(46)) - raft.server.log.queue.byte-limit = 64MB (=67108864) (default)
2024-03-11 08:37:33,024 [omNode-3-impl-thread1] INFO  server.RaftServerConfigKeys (ConfUtils.java:logGet(46)) - raft.server.log.queue.element-limit = 4096 (default)
2024-03-11 08:37:33,024 [omNode-3-impl-thread1] INFO  server.RaftServerConfigKeys (ConfUtils.java:logGet(46)) - raft.server.log.segment.size.max = 4194304 (custom)
2024-03-11 08:37:33,024 [omNode-3-impl-thread1] INFO  server.RaftServerConfigKeys (ConfUtils.java:logGet(46)) - raft.server.log.preallocated.size = 4194304 (custom)
2024-03-11 08:37:33,024 [omNode-3-impl-thread1] INFO  server.RaftServerConfigKeys (ConfUtils.java:logGet(46)) - raft.server.log.force.sync.num = 128 (default)
2024-03-11 08:37:33,025 [omNode-3-impl-thread1] INFO  server.RaftServerConfigKeys (ConfUtils.java:logGet(46)) - raft.server.log.statemachine.data.sync = true (default)
2024-03-11 08:37:33,025 [omNode-3-impl-thread1] INFO  server.RaftServerConfigKeys (ConfUtils.java:logGet(46)) - raft.server.log.statemachine.data.sync.timeout = 10s (default)
2024-03-11 08:37:33,025 [omNode-3-impl-thread1] INFO  server.RaftServerConfigKeys (ConfUtils.java:logGet(46)) - raft.server.log.statemachine.data.sync.timeout.retry = -1 (default)
2024-03-11 08:37:33,025 [omNode-3-impl-thread1] INFO  server.RaftServerConfigKeys (ConfUtils.java:logGet(46)) - raft.server.log.write.buffer.size = 4194312 (custom)
2024-03-11 08:37:33,025 [omNode-3-impl-thread1] INFO  server.RaftServerConfigKeys (ConfUtils.java:logGet(46)) - raft.server.log.appender.buffer.byte-limit = 4194304 (custom)
2024-03-11 08:37:33,025 [omNode-3-impl-thread1] INFO  server.RaftServerConfigKeys (ConfUtils.java:logGet(46)) - raft.server.log.unsafe-flush.enabled = false (default)
2024-03-11 08:37:33,025 [omNode-3-impl-thread1] INFO  server.RaftServerConfigKeys (ConfUtils.java:logGet(46)) - raft.server.log.async-flush.enabled = false (default)
2024-03-11 08:37:33,025 [omNode-3-impl-thread1] INFO  server.RaftServerConfigKeys (ConfUtils.java:logGet(46)) - raft.server.log.statemachine.data.caching.enabled = false (default)
2024-03-11 08:37:33,026 [omNode-3-impl-thread1] INFO  segmented.SegmentedRaftLogWorker (SegmentedRaftLogWorker.java:lambda$new$0(134)) - omNode-3@group-523986131536-SegmentedRaftLogWorker: flushIndex: setUnconditionally 0 -> -1
2024-03-11 08:37:33,026 [omNode-3-impl-thread1] INFO  segmented.SegmentedRaftLogWorker (SegmentedRaftLogWorker.java:lambda$new$0(134)) - omNode-3@group-523986131536-SegmentedRaftLogWorker: safeCacheEvictIndex: setUnconditionally 0 -> -1
2024-03-11 08:37:33,026 [omNode-3-impl-thread1] INFO  server.RaftServer$Division (RaftServerImpl.java:start(396)) - omNode-3@group-523986131536: start as a follower, conf=-1: peers:[omNode-3|localhost:15230, omNode-1|localhost:15222, omNode-2|localhost:15226]|listeners:[], old=null
2024-03-11 08:37:33,026 [omNode-3-impl-thread1] INFO  server.RaftServer$Division (RaftServerImpl.java:setRole(383)) - omNode-3@group-523986131536: changes role from      null to FOLLOWER at term 0 for startAsFollower
2024-03-11 08:37:33,026 [omNode-3-impl-thread1] INFO  impl.RoleInfo (RoleInfo.java:updateAndGet(139)) - omNode-3: start omNode-3@group-523986131536-FollowerState
2024-03-11 08:37:33,026 [omNode-3-impl-thread1] INFO  util.JmxRegister (JmxRegister.java:tryRegister(44)) - Successfully registered JMX Bean with object name Ratis:service=RaftServer,group=group-523986131536,id=omNode-3
2024-03-11 08:37:33,026 [omNode-3@group-523986131536-FollowerState] INFO  server.RaftServerConfigKeys (ConfUtils.java:logFallback(53)) - raft.server.rpc.first-election.timeout.min = 1s (fallback to raft.server.rpc.timeout.min)
2024-03-11 08:37:33,026 [omNode-3-impl-thread1] INFO  server.RaftServerConfigKeys (ConfUtils.java:logGet(46)) - raft.server.snapshot.trigger-when-stop.enabled = true (default)
2024-03-11 08:37:33,026 [omNode-3-impl-thread1] INFO  server.RaftServerConfigKeys (ConfUtils.java:logGet(46)) - raft.server.snapshot.auto.trigger.enabled = true (custom)
2024-03-11 08:37:33,026 [omNode-3-impl-thread1] INFO  server.RaftServerConfigKeys (ConfUtils.java:logGet(46)) - raft.server.snapshot.auto.trigger.threshold = 50 (custom)
2024-03-11 08:37:33,026 [omNode-3-impl-thread1] INFO  server.RaftServerConfigKeys (ConfUtils.java:logGet(46)) - raft.server.snapshot.retention.file.num = -1 (default)
2024-03-11 08:37:33,027 [omNode-3-impl-thread1] INFO  server.RaftServerConfigKeys (ConfUtils.java:logGet(46)) - raft.server.log.purge.upto.snapshot.index = true (custom)
2024-03-11 08:37:33,027 [omNode-3@group-523986131536-FollowerState] INFO  server.RaftServerConfigKeys (ConfUtils.java:logFallback(53)) - raft.server.rpc.first-election.timeout.max = 1200ms (fallback to raft.server.rpc.timeout.max)
2024-03-11 08:37:33,028 [main] INFO  server.RaftServer (RaftServerProxy.java:startImpl(406)) - omNode-3: start RPC server
2024-03-11 08:37:33,028 [main] INFO  server.GrpcService (GrpcService.java:startImpl(302)) - omNode-3: GrpcService started, listening on 15230
2024-03-11 08:37:33,028 [JvmPauseMonitor62] INFO  util.JvmPauseMonitor (JvmPauseMonitor.java:run(146)) - JvmPauseMonitor-omNode-3: Started
2024-03-11 08:37:33,028 [main] INFO  om.OzoneManager (OzoneManager.java:start(1669)) - Version File has different layout version (6) than OM DB (null). That is expected if this OM has never been finalized to a newer layout version.
2024-03-11 08:37:33,033 [main] INFO  client.ScmTopologyClient (ScmTopologyClient.java:start(67)) - Initial network topology fetched from SCM: /.
2024-03-11 08:37:33,034 [main] INFO  net.NodeSchemaLoader (NodeSchemaLoader.java:loadSchemaFromFile(129)) - Loading schema from [jar:file:/home/runner/.m2/repository/org/apache/ozone/hdds-common/1.5.0-SNAPSHOT/hdds-common-1.5.0-SNAPSHOT.jar!/network-topology-default.xml]
2024-03-11 08:37:33,034 [main] INFO  net.NodeSchemaLoader (NodeSchemaLoader.java:loadSchema(176)) - Loading network topology layer schema file
2024-03-11 08:37:33,035 [main] INFO  http.BaseHttpServer (BaseHttpServer.java:newHttpServer2BuilderForOzone(223)) - Starting Web-server for ozoneManager at: http://0.0.0.0:15228
2024-03-11 08:37:33,036 [main] INFO  http.BaseHttpServer (BaseHttpServer.java:<init>(110)) - Hadoop Security Enabled: false Ozone Security Enabled: false Ozone HTTP Security Enabled: false 
2024-03-11 08:37:33,036 [main] WARN  server.AuthenticationFilter (AuthenticationFilter.java:constructSecretProvider(240)) - Unable to initialize FileSignerSecretProvider, falling back to use random secrets. Reason: Could not read signature secret file: /home/runner/hadoop-http-auth-signature-secret
2024-03-11 08:37:33,037 [main] INFO  http.HttpRequestLog (HttpRequestLog.java:getRequestLog(86)) - Http request log for http.requests.ozoneManager is not defined
2024-03-11 08:37:33,037 [main] INFO  http.HttpServer2 (HttpServer2.java:addGlobalFilter(1036)) - Added global filter 'safety' (class=org.apache.hadoop.hdds.server.http.HttpServer2$QuotingInputFilter)
2024-03-11 08:37:33,038 [main] INFO  http.HttpServer2 (HttpServer2.java:addFilter(1012)) - Added filter static_user_filter (class=org.apache.hadoop.http.lib.StaticUserWebFilter$StaticUserFilter) to context ozoneManager
2024-03-11 08:37:33,038 [main] INFO  http.HttpServer2 (HttpServer2.java:addFilter(1020)) - Added filter static_user_filter (class=org.apache.hadoop.http.lib.StaticUserWebFilter$StaticUserFilter) to context static
2024-03-11 08:37:33,038 [main] INFO  http.HttpServer2 (HttpServer2.java:addFilter(1020)) - Added filter static_user_filter (class=org.apache.hadoop.http.lib.StaticUserWebFilter$StaticUserFilter) to context logs
2024-03-11 08:37:33,038 [main] INFO  http.BaseHttpServer (BaseHttpServer.java:<init>(189)) - HTTP server of ozoneManager uses base directory /home/runner/work/ozone/ozone/hadoop-ozone/integration-test/target/test-dir/MiniOzoneClusterImpl-90f76332-72a0-45e1-84c2-b164c055732a/omNode-3/webserver
2024-03-11 08:37:33,038 [main] INFO  http.HttpServer2 (HttpServer2.java:bindListener(1236)) - Jetty bound to port 15228
2024-03-11 08:37:33,039 [main] INFO  server.Server (Server.java:doStart(375)) - jetty-9.4.53.v20231009; built: 2023-10-09T12:29:09.265Z; git: 27bde00a0b95a1d5bbee0eae7984f891d2d0f8c9; jvm 1.8.0_402-b06
2024-03-11 08:37:33,039 [main] INFO  server.session (DefaultSessionIdManager.java:doStart(334)) - DefaultSessionIdManager workerName=node0
2024-03-11 08:37:33,039 [main] INFO  server.session (DefaultSessionIdManager.java:doStart(339)) - No SessionScavenger set, using defaults
2024-03-11 08:37:33,040 [main] INFO  server.session (HouseKeeper.java:startScavenging(132)) - node0 Scavenging every 660000ms
2024-03-11 08:37:33,040 [main] INFO  handler.ContextHandler (ContextHandler.java:doStart(921)) - Started o.e.j.s.ServletContextHandler@76cb0ec3{logs,/logs,file:///home/runner/work/ozone/ozone/hadoop-ozone/integration-test/target/log,AVAILABLE}
2024-03-11 08:37:33,040 [main] INFO  handler.ContextHandler (ContextHandler.java:doStart(921)) - Started o.e.j.s.ServletContextHandler@1e26c967{static,/static,file:///home/runner/work/ozone/ozone/hadoop-ozone/integration-test/target/test-classes/webapps/static,AVAILABLE}
2024-03-11 08:37:33,042 [main] INFO  handler.ContextHandler (ContextHandler.java:doStart(921)) - Started o.e.j.w.WebAppContext@714961c8{ozoneManager,/,file:///home/runner/work/ozone/ozone/hadoop-ozone/integration-test/target/test-classes/webapps/ozoneManager/,AVAILABLE}{file:/home/runner/work/ozone/ozone/hadoop-ozone/integration-test/target/test-classes/webapps/ozoneManager}
2024-03-11 08:37:33,042 [main] INFO  server.AbstractConnector (AbstractConnector.java:doStart(333)) - Started ServerConnector@2e53bbd2{HTTP/1.1, (http/1.1)}{0.0.0.0:15228}
2024-03-11 08:37:33,042 [main] INFO  server.Server (Server.java:doStart(415)) - Started @667813ms
2024-03-11 08:37:33,043 [main] WARN  impl.MetricsSystemImpl (MetricsSystemImpl.java:register(279)) - Sink prometheus already exists!
2024-03-11 08:37:33,043 [main] INFO  http.BaseHttpServer (BaseHttpServer.java:updateConnectorAddress(354)) - HTTP server of ozoneManager listening at http://0.0.0.0:15228
2024-03-11 08:37:33,043 [IPC Server Responder] INFO  ipc.Server (Server.java:run(1562)) - IPC Server Responder: starting
2024-03-11 08:37:33,043 [IPC Server listener on 15227] INFO  ipc.Server (Server.java:run(1402)) - IPC Server listener on 15227: starting
2024-03-11 08:37:33,044 [main] INFO  om.OzoneManager (OzoneManager.java:startTrashEmptier(2130)) - Trash Interval set to 0. Files deleted won't move to trash
2024-03-11 08:37:33,045 [main] INFO  ozone.MiniOzoneHAClusterImpl (MiniOzoneHAClusterImpl.java:createOMService(516)) - Started OzoneManager omNode-3 RPC server at localhost/127.0.0.1:15227
2024-03-11 08:37:33,055 [main] WARN  dropwizard3.Dm3MetricRegistriesImpl (Dm3MetricRegistriesImpl.java:addReporterRegistration(113)) - New reporters are added after registries were created. Some metrics will be missing from the reporter. Please add reporter before adding any new registry.
2024-03-11 08:37:33,055 [main] WARN  dropwizard3.Dm3MetricRegistriesImpl (Dm3MetricRegistriesImpl.java:addReporterRegistration(113)) - New reporters are added after registries were created. Some metrics will be missing from the reporter. Please add reporter before adding any new registry.
2024-03-11 08:37:33,056 [main] INFO  impl.MetricsSystemImpl (MetricsSystemImpl.java:init(158)) - HddsDatanode metrics system started (again)
2024-03-11 08:37:33,063 [main] INFO  ozone.HddsDatanodeService (HddsDatanodeService.java:start(240)) - HddsDatanodeService host:fv-az1250-130.ebmzynhy2g4u3nwuixrszff3we.cx.internal.cloudapp.net ip:10.1.0.9
2024-03-11 08:37:33,083 [main] INFO  upgrade.AbstractLayoutVersionManager (AbstractLayoutVersionManager.java:init(83)) - Initializing Layout version manager with metadata layout = HADOOP_PRC_PORTS_IN_DATANODEDETAILS (version = 7), software layout = HADOOP_PRC_PORTS_IN_DATANODEDETAILS (version = 7)
2024-03-11 08:37:33,083 [main] INFO  statemachine.DatanodeStateMachine (DatanodeStateMachine.java:getEndPointTaskThreadPoolSize(299)) - Datanode State Machine Task Thread Pool size 2
2024-03-11 08:37:33,084 [main] INFO  volume.HddsVolume (HddsVolume.java:<init>(125)) - Creating HddsVolume: /home/runner/work/ozone/ozone/hadoop-ozone/integration-test/target/test-dir/MiniOzoneClusterImpl-90f76332-72a0-45e1-84c2-b164c055732a/ozone-meta/datanode-1/data-0/hdds of storage type : DISK capacity : 9223372036854775807
2024-03-11 08:37:33,084 [main] INFO  volume.MutableVolumeSet (MutableVolumeSet.java:initializeVolumeSet(173)) - Added Volume : /home/runner/work/ozone/ozone/hadoop-ozone/integration-test/target/test-dir/MiniOzoneClusterImpl-90f76332-72a0-45e1-84c2-b164c055732a/ozone-meta/datanode-1/data-0/hdds to VolumeSet
2024-03-11 08:37:33,085 [main] INFO  volume.MutableVolumeSet (MutableVolumeSet.java:initializeVolumeSet(173)) - Added Volume : /home/runner/work/ozone/ozone/hadoop-ozone/integration-test/target/test-dir/MiniOzoneClusterImpl-90f76332-72a0-45e1-84c2-b164c055732a/ozone-meta/datanode-1/ratis to VolumeSet
2024-03-11 08:37:33,085 [main] INFO  ozoneimpl.OzoneContainer (HddsVolumeUtil.java:loadAllHddsVolumeDbStore(103)) - Load 1 volumes DbStore cost: 0ms
2024-03-11 08:37:33,087 [main] INFO  server.RaftServer (ConfUtils.java:logGet(46)) - raft.rpc.type = GRPC (default)
2024-03-11 08:37:33,087 [main] INFO  grpc.GrpcConfigKeys (ConfUtils.java:logFallback(53)) - raft.grpc.admin.host = null (fallback to raft.grpc.server.host)
2024-03-11 08:37:33,087 [main] INFO  grpc.GrpcConfigKeys (ConfUtils.java:logGet(46)) - raft.grpc.admin.port = 15236 (custom)
2024-03-11 08:37:33,088 [main] INFO  grpc.GrpcConfigKeys (ConfUtils.java:logFallback(53)) - raft.grpc.client.host = null (fallback to raft.grpc.server.host)
2024-03-11 08:37:33,088 [main] INFO  grpc.GrpcConfigKeys (ConfUtils.java:logGet(46)) - raft.grpc.client.port = 15235 (custom)
2024-03-11 08:37:33,088 [main] INFO  grpc.GrpcConfigKeys (ConfUtils.java:logGet(46)) - raft.grpc.server.host = null (default)
2024-03-11 08:37:33,088 [main] INFO  grpc.GrpcConfigKeys (ConfUtils.java:logGet(46)) - raft.grpc.server.port = 15237 (custom)
2024-03-11 08:37:33,088 [main] INFO  server.GrpcService (ConfUtils.java:logGet(46)) - raft.grpc.message.size.max = 32MB (=33554432) (custom)
2024-03-11 08:37:33,088 [main] INFO  server.RaftServerConfigKeys (ConfUtils.java:logGet(46)) - raft.server.log.appender.buffer.byte-limit = 8388608 (custom)
2024-03-11 08:37:33,089 [main] INFO  server.GrpcService (ConfUtils.java:logGet(46)) - raft.grpc.flow.control.window = 5MB (=5242880) (custom)
2024-03-11 08:37:33,089 [main] INFO  server.RaftServerConfigKeys (ConfUtils.java:logGet(46)) - raft.server.rpc.request.timeout = 60s (custom)
2024-03-11 08:37:33,089 [main] INFO  grpc.GrpcConfigKeys (ConfUtils.java:logGet(46)) - raft.grpc.server.heartbeat.channel = true (default)
2024-03-11 08:37:33,089 [main] INFO  grpc.GrpcConfigKeys (ConfUtils.java:logGet(46)) - raft.grpc.server.async.request.thread.pool.cached = true (default)
2024-03-11 08:37:33,089 [main] INFO  grpc.GrpcConfigKeys (ConfUtils.java:logGet(46)) - raft.grpc.server.async.request.thread.pool.size = 32 (default)
2024-03-11 08:37:33,091 [main] INFO  impl.DataStreamServerImpl (ConfUtils.java:logGet(46)) - raft.datastream.type = NETTY (custom)
2024-03-11 08:37:33,092 [main] INFO  server.RaftServerConfigKeys (ConfUtils.java:logGet(46)) - raft.server.data-stream.async.request.thread.pool.cached = false (default)
2024-03-11 08:37:33,092 [main] INFO  server.RaftServerConfigKeys (ConfUtils.java:logGet(46)) - raft.server.data-stream.async.request.thread.pool.size = 20 (custom)
2024-03-11 08:37:33,092 [main] INFO  server.RaftServerConfigKeys (ConfUtils.java:logGet(46)) - raft.server.data-stream.async.write.thread.pool.size = 16 (default)
2024-03-11 08:37:33,092 [main] INFO  netty.NettyConfigKeys$DataStream (ConfUtils.java:logGet(46)) - raft.netty.dataStream.server.channel.inactive.grace-period = 10min (default)
2024-03-11 08:37:33,092 [main] INFO  server.RaftServerConfigKeys (ConfUtils.java:logGet(46)) - raft.server.data-stream.client.pool.size = 10 (default)
2024-03-11 08:37:33,093 [main] INFO  netty.NettyConfigKeys$DataStream (ConfUtils.java:logGet(46)) - raft.netty.dataStream.server.use-epoll = true (default)
2024-03-11 08:37:33,093 [main] INFO  netty.NettyConfigKeys$DataStream (ConfUtils.java:logGet(46)) - raft.netty.dataStream.server.boss-group.size = 0 (default)
2024-03-11 08:37:33,093 [main] INFO  netty.NettyUtils (NettyUtils.java:newEventLoopGroup(69)) - Create EpollEventLoopGroup for 14692c26-374e-4997-9d8a-ad202747d88d-NettyServerStreamRpc-bossGroup; Thread size is 0.
2024-03-11 08:37:33,093 [main] INFO  netty.NettyConfigKeys$DataStream (ConfUtils.java:logGet(46)) - raft.netty.dataStream.server.worker-group.size = 0 (default)
2024-03-11 08:37:33,093 [main] INFO  netty.NettyUtils (NettyUtils.java:newEventLoopGroup(69)) - Create EpollEventLoopGroup for 14692c26-374e-4997-9d8a-ad202747d88d-NettyServerStreamRpc-workerGroup; Thread size is 0.
2024-03-11 08:37:33,094 [main] INFO  netty.NettyConfigKeys$DataStream (ConfUtils.java:logGet(46)) - raft.netty.dataStream.server.tls.conf = null (default)
2024-03-11 08:37:33,094 [main] INFO  netty.NettyConfigKeys$DataStream (ConfUtils.java:logGet(46)) - raft.netty.dataStream.host = null (default)
2024-03-11 08:37:33,094 [main] INFO  netty.NettyConfigKeys$DataStream (ConfUtils.java:logGet(46)) - raft.netty.dataStream.port = 15238 (custom)
2024-03-11 08:37:33,094 [main] INFO  server.RaftServerConfigKeys (ConfUtils.java:logGet(46)) - raft.server.sleep.deviation.threshold = 300ms (default)
2024-03-11 08:37:33,094 [14692c26-374e-4997-9d8a-ad202747d88d-NettyServerStreamRpc-bossGroup--thread1] INFO  logging.LoggingHandler (AbstractInternalLogger.java:log(148)) - [id: 0x9eb02e85] REGISTERED
2024-03-11 08:37:33,094 [main] INFO  server.RaftServerConfigKeys (ConfUtils.java:logGet(46)) - raft.server.close.threshold = 60s (default)
2024-03-11 08:37:33,095 [main] INFO  server.RaftServerConfigKeys (ConfUtils.java:logGet(46)) - raft.server.leaderelection.leader.step-down.wait-time = 10s (default)
2024-03-11 08:37:33,095 [14692c26-374e-4997-9d8a-ad202747d88d-NettyServerStreamRpc-bossGroup--thread1] INFO  logging.LoggingHandler (AbstractInternalLogger.java:log(148)) - [id: 0x9eb02e85] BIND: 0.0.0.0/0.0.0.0:15238
2024-03-11 08:37:33,095 [main] INFO  server.RaftServerConfigKeys (ConfUtils.java:logGet(46)) - raft.server.storage.dir = [/home/runner/work/ozone/ozone/hadoop-ozone/integration-test/target/test-dir/MiniOzoneClusterImpl-90f76332-72a0-45e1-84c2-b164c055732a/ozone-meta/datanode-1/ratis] (custom)
2024-03-11 08:37:33,095 [14692c26-374e-4997-9d8a-ad202747d88d-NettyServerStreamRpc-bossGroup--thread1] INFO  logging.LoggingHandler (AbstractInternalLogger.java:log(148)) - [id: 0x9eb02e85, L:/0.0.0.0:15238] ACTIVE
2024-03-11 08:37:33,095 [main] INFO  server.RaftServerConfigKeys (ConfUtils.java:logGet(46)) - raft.server.threadpool.proxy.cached = true (default)
2024-03-11 08:37:33,095 [main] INFO  server.RaftServerConfigKeys (ConfUtils.java:logGet(46)) - raft.server.threadpool.proxy.size = 0 (default)
2024-03-11 08:37:33,095 [14692c26-374e-4997-9d8a-ad202747d88d-impl-thread1] INFO  server.RaftServer (RaftServerProxy.java:initGroupDir(264)) - 14692c26-374e-4997-9d8a-ad202747d88d: found a subdirectory /home/runner/work/ozone/ozone/hadoop-ozone/integration-test/target/test-dir/MiniOzoneClusterImpl-90f76332-72a0-45e1-84c2-b164c055732a/ozone-meta/datanode-1/ratis/tmp
2024-03-11 08:37:33,095 [14692c26-374e-4997-9d8a-ad202747d88d-impl-thread1] INFO  server.RaftServer (RaftServerProxy.java:initGroupDir(269)) - 14692c26-374e-4997-9d8a-ad202747d88d: The directory /home/runner/work/ozone/ozone/hadoop-ozone/integration-test/target/test-dir/MiniOzoneClusterImpl-90f76332-72a0-45e1-84c2-b164c055732a/ozone-meta/datanode-1/ratis/tmp is not a group directory; ignoring it. 
2024-03-11 08:37:33,096 [main] INFO  replication.ReplicationServer (ReplicationServer.java:<init>(86)) - Initializing replication server with thread count = 10 queue length = 4096
2024-03-11 08:37:33,096 [main] INFO  server.XceiverServerGrpc (XceiverServerGrpc.java:<init>(141)) - GrpcServer channel type EpollServerSocketChannel
2024-03-11 08:37:33,097 [main] INFO  replication.ReplicationSupervisor (ReplicationSupervisor.java:build(163)) - Initializing replication supervisor with thread count = 10
2024-03-11 08:37:33,097 [main] INFO  replication.ReplicationSupervisor (ReplicationSupervisor.java:nodeStateUpdated(317)) - Node state updated to IN_SERVICE, scaling executor pool size to 10
2024-03-11 08:37:33,099 [main] INFO  http.BaseHttpServer (BaseHttpServer.java:newHttpServer2BuilderForOzone(223)) - Starting Web-server for hddsDatanode at: http://0.0.0.0:15232
2024-03-11 08:37:33,099 [main] INFO  http.BaseHttpServer (BaseHttpServer.java:<init>(110)) - Hadoop Security Enabled: false Ozone Security Enabled: false Ozone HTTP Security Enabled: false 
2024-03-11 08:37:33,100 [main] WARN  server.AuthenticationFilter (AuthenticationFilter.java:constructSecretProvider(240)) - Unable to initialize FileSignerSecretProvider, falling back to use random secrets. Reason: Could not read signature secret file: /home/runner/hadoop-http-auth-signature-secret
2024-03-11 08:37:33,100 [main] INFO  http.HttpRequestLog (HttpRequestLog.java:getRequestLog(86)) - Http request log for http.requests.hddsDatanode is not defined
2024-03-11 08:37:33,101 [main] INFO  http.HttpServer2 (HttpServer2.java:addGlobalFilter(1036)) - Added global filter 'safety' (class=org.apache.hadoop.hdds.server.http.HttpServer2$QuotingInputFilter)
2024-03-11 08:37:33,101 [main] INFO  http.HttpServer2 (HttpServer2.java:addFilter(1012)) - Added filter static_user_filter (class=org.apache.hadoop.http.lib.StaticUserWebFilter$StaticUserFilter) to context hddsDatanode
2024-03-11 08:37:33,101 [main] INFO  http.HttpServer2 (HttpServer2.java:addFilter(1020)) - Added filter static_user_filter (class=org.apache.hadoop.http.lib.StaticUserWebFilter$StaticUserFilter) to context logs
2024-03-11 08:37:33,101 [main] INFO  http.HttpServer2 (HttpServer2.java:addFilter(1020)) - Added filter static_user_filter (class=org.apache.hadoop.http.lib.StaticUserWebFilter$StaticUserFilter) to context static
2024-03-11 08:37:33,102 [main] INFO  http.BaseHttpServer (BaseHttpServer.java:<init>(189)) - HTTP server of hddsDatanode uses base directory /home/runner/work/ozone/ozone/hadoop-ozone/integration-test/target/test-dir/MiniOzoneClusterImpl-90f76332-72a0-45e1-84c2-b164c055732a/ozone-meta/datanode-1/meta/webserver
2024-03-11 08:37:33,102 [main] INFO  http.HttpServer2 (HttpServer2.java:bindListener(1236)) - Jetty bound to port 15232
2024-03-11 08:37:33,102 [main] INFO  server.Server (Server.java:doStart(375)) - jetty-9.4.53.v20231009; built: 2023-10-09T12:29:09.265Z; git: 27bde00a0b95a1d5bbee0eae7984f891d2d0f8c9; jvm 1.8.0_402-b06
2024-03-11 08:37:33,103 [main] INFO  server.session (DefaultSessionIdManager.java:doStart(334)) - DefaultSessionIdManager workerName=node0
2024-03-11 08:37:33,103 [main] INFO  server.session (DefaultSessionIdManager.java:doStart(339)) - No SessionScavenger set, using defaults
2024-03-11 08:37:33,103 [main] INFO  server.session (HouseKeeper.java:startScavenging(132)) - node0 Scavenging every 600000ms
2024-03-11 08:37:33,103 [main] INFO  handler.ContextHandler (ContextHandler.java:doStart(921)) - Started o.e.j.s.ServletContextHandler@7ada2653{logs,/logs,file:///home/runner/work/ozone/ozone/hadoop-ozone/integration-test/target/log,AVAILABLE}
2024-03-11 08:37:33,104 [main] INFO  handler.ContextHandler (ContextHandler.java:doStart(921)) - Started o.e.j.s.ServletContextHandler@52d121eb{static,/static,jar:file:/home/runner/.m2/repository/org/apache/ozone/hdds-container-service/1.5.0-SNAPSHOT/hdds-container-service-1.5.0-SNAPSHOT.jar!/webapps/static,AVAILABLE}
2024-03-11 08:37:33,134 [main] INFO  handler.ContextHandler (ContextHandler.java:doStart(921)) - Started o.e.j.w.WebAppContext@a22f369{hddsDatanode,/,file:///home/runner/work/ozone/ozone/hadoop-ozone/integration-test/target/test-dir/MiniOzoneClusterImpl-90f76332-72a0-45e1-84c2-b164c055732a/ozone-meta/datanode-1/meta/webserver/jetty-0_0_0_0-15232-hdds-container-service-1_5_0-SNAPSHOT_jar-_-any-7486639793607800292/webapp/,AVAILABLE}{jar:file:/home/runner/.m2/repository/org/apache/ozone/hdds-container-service/1.5.0-SNAPSHOT/hdds-container-service-1.5.0-SNAPSHOT.jar!/webapps/hddsDatanode}
2024-03-11 08:37:33,135 [main] INFO  server.AbstractConnector (AbstractConnector.java:doStart(333)) - Started ServerConnector@4b861e4b{HTTP/1.1, (http/1.1)}{0.0.0.0:15232}
2024-03-11 08:37:33,135 [main] INFO  server.Server (Server.java:doStart(415)) - Started @667906ms
2024-03-11 08:37:33,135 [main] WARN  impl.MetricsSystemImpl (MetricsSystemImpl.java:register(279)) - Sink prometheus already exists!
2024-03-11 08:37:33,135 [main] INFO  http.BaseHttpServer (BaseHttpServer.java:updateConnectorAddress(354)) - HTTP server of hddsDatanode listening at http://0.0.0.0:15232
2024-03-11 08:37:33,136 [main] INFO  ipc.CallQueueManager (CallQueueManager.java:<init>(90)) - Using callQueue: class java.util.concurrent.LinkedBlockingQueue, queueCapacity: 100, scheduler: class org.apache.hadoop.ipc.DefaultRpcScheduler, ipcBackoff: false.
2024-03-11 08:37:33,136 [main] INFO  ipc.Server (Server.java:<init>(1287)) - Listener at 0.0.0.0:15233
2024-03-11 08:37:33,136 [Socket Reader #1 for port 15233] INFO  ipc.Server (Server.java:run(1323)) - Starting Socket Reader #1 for port 15233
2024-03-11 08:37:33,140 [main] INFO  ozone.HddsDatanodeService (HddsDatanodeService.java:start(327)) - Datanode start with admins: [*, runner]
2024-03-11 08:37:33,140 [main] INFO  ozone.HddsDatanodeClientProtocolServer (HddsDatanodeClientProtocolServer.java:start(77)) - RPC server for Client /0.0.0.0:15233
2024-03-11 08:37:33,140 [IPC Server Responder] INFO  ipc.Server (Server.java:run(1562)) - IPC Server Responder: starting
2024-03-11 08:37:33,140 [IPC Server listener on 15233] INFO  ipc.Server (Server.java:run(1402)) - IPC Server listener on 15233: starting
2024-03-11 08:37:33,142 [14692c26-374e-4997-9d8a-ad202747d88d-DatanodeStateMachineDaemonThread] INFO  statemachine.DatanodeStateMachine (DatanodeStateMachine.java:lambda$startDaemon$1(555)) - Ozone container server started.
2024-03-11 08:37:33,142 [main] WARN  dropwizard3.Dm3MetricRegistriesImpl (Dm3MetricRegistriesImpl.java:addReporterRegistration(113)) - New reporters are added after registries were created. Some metrics will be missing from the reporter. Please add reporter before adding any new registry.
2024-03-11 08:37:33,143 [main] WARN  dropwizard3.Dm3MetricRegistriesImpl (Dm3MetricRegistriesImpl.java:addReporterRegistration(113)) - New reporters are added after registries were created. Some metrics will be missing from the reporter. Please add reporter before adding any new registry.
2024-03-11 08:37:33,143 [main] INFO  impl.MetricsSystemImpl (MetricsSystemImpl.java:init(158)) - HddsDatanode metrics system started (again)
2024-03-11 08:37:33,147 [14692c26-374e-4997-9d8a-ad202747d88d-DatanodeStateMachineTaskThread-0] INFO  datanode.InitDatanodeState (InitDatanodeState.java:persistContainerDatanodeDetails(139)) - DatanodeDetails is persisted to /home/runner/work/ozone/ozone/hadoop-ozone/integration-test/target/test-dir/MiniOzoneClusterImpl-90f76332-72a0-45e1-84c2-b164c055732a/ozone-meta/datanode-1/meta/datanode.id
2024-03-11 08:37:33,152 [main] INFO  ozone.HddsDatanodeService (HddsDatanodeService.java:start(240)) - HddsDatanodeService host:fv-az1250-130.ebmzynhy2g4u3nwuixrszff3we.cx.internal.cloudapp.net ip:10.1.0.9
2024-03-11 08:37:33,169 [main] INFO  upgrade.AbstractLayoutVersionManager (AbstractLayoutVersionManager.java:init(83)) - Initializing Layout version manager with metadata layout = HADOOP_PRC_PORTS_IN_DATANODEDETAILS (version = 7), software layout = HADOOP_PRC_PORTS_IN_DATANODEDETAILS (version = 7)
2024-03-11 08:37:33,169 [main] INFO  statemachine.DatanodeStateMachine (DatanodeStateMachine.java:getEndPointTaskThreadPoolSize(299)) - Datanode State Machine Task Thread Pool size 2
2024-03-11 08:37:33,170 [main] INFO  volume.HddsVolume (HddsVolume.java:<init>(125)) - Creating HddsVolume: /home/runner/work/ozone/ozone/hadoop-ozone/integration-test/target/test-dir/MiniOzoneClusterImpl-90f76332-72a0-45e1-84c2-b164c055732a/ozone-meta/datanode-2/data-0/hdds of storage type : DISK capacity : 9223372036854775807
2024-03-11 08:37:33,170 [main] INFO  volume.MutableVolumeSet (MutableVolumeSet.java:initializeVolumeSet(173)) - Added Volume : /home/runner/work/ozone/ozone/hadoop-ozone/integration-test/target/test-dir/MiniOzoneClusterImpl-90f76332-72a0-45e1-84c2-b164c055732a/ozone-meta/datanode-2/data-0/hdds to VolumeSet
2024-03-11 08:37:33,171 [main] INFO  volume.MutableVolumeSet (MutableVolumeSet.java:initializeVolumeSet(173)) - Added Volume : /home/runner/work/ozone/ozone/hadoop-ozone/integration-test/target/test-dir/MiniOzoneClusterImpl-90f76332-72a0-45e1-84c2-b164c055732a/ozone-meta/datanode-2/ratis to VolumeSet
2024-03-11 08:37:33,171 [main] INFO  ozoneimpl.OzoneContainer (HddsVolumeUtil.java:loadAllHddsVolumeDbStore(103)) - Load 1 volumes DbStore cost: 0ms
2024-03-11 08:37:33,172 [main] INFO  server.RaftServer (ConfUtils.java:logGet(46)) - raft.rpc.type = GRPC (default)
2024-03-11 08:37:33,172 [main] INFO  grpc.GrpcConfigKeys (ConfUtils.java:logFallback(53)) - raft.grpc.admin.host = null (fallback to raft.grpc.server.host)
2024-03-11 08:37:33,173 [main] INFO  grpc.GrpcConfigKeys (ConfUtils.java:logGet(46)) - raft.grpc.admin.port = 15245 (custom)
2024-03-11 08:37:33,173 [main] INFO  grpc.GrpcConfigKeys (ConfUtils.java:logFallback(53)) - raft.grpc.client.host = null (fallback to raft.grpc.server.host)
2024-03-11 08:37:33,173 [main] INFO  grpc.GrpcConfigKeys (ConfUtils.java:logGet(46)) - raft.grpc.client.port = 15244 (custom)
2024-03-11 08:37:33,173 [main] INFO  grpc.GrpcConfigKeys (ConfUtils.java:logGet(46)) - raft.grpc.server.host = null (default)
2024-03-11 08:37:33,173 [main] INFO  grpc.GrpcConfigKeys (ConfUtils.java:logGet(46)) - raft.grpc.server.port = 15246 (custom)
2024-03-11 08:37:33,173 [main] INFO  server.GrpcService (ConfUtils.java:logGet(46)) - raft.grpc.message.size.max = 32MB (=33554432) (custom)
2024-03-11 08:37:33,173 [main] INFO  server.RaftServerConfigKeys (ConfUtils.java:logGet(46)) - raft.server.log.appender.buffer.byte-limit = 8388608 (custom)
2024-03-11 08:37:33,173 [main] INFO  server.GrpcService (ConfUtils.java:logGet(46)) - raft.grpc.flow.control.window = 5MB (=5242880) (custom)
2024-03-11 08:37:33,174 [main] INFO  server.RaftServerConfigKeys (ConfUtils.java:logGet(46)) - raft.server.rpc.request.timeout = 60s (custom)
2024-03-11 08:37:33,174 [main] INFO  grpc.GrpcConfigKeys (ConfUtils.java:logGet(46)) - raft.grpc.server.heartbeat.channel = true (default)
2024-03-11 08:37:33,174 [main] INFO  grpc.GrpcConfigKeys (ConfUtils.java:logGet(46)) - raft.grpc.server.async.request.thread.pool.cached = true (default)
2024-03-11 08:37:33,174 [main] INFO  grpc.GrpcConfigKeys (ConfUtils.java:logGet(46)) - raft.grpc.server.async.request.thread.pool.size = 32 (default)
2024-03-11 08:37:33,176 [main] INFO  impl.DataStreamServerImpl (ConfUtils.java:logGet(46)) - raft.datastream.type = NETTY (custom)
2024-03-11 08:37:33,176 [main] INFO  server.RaftServerConfigKeys (ConfUtils.java:logGet(46)) - raft.server.data-stream.async.request.thread.pool.cached = false (default)
2024-03-11 08:37:33,176 [main] INFO  server.RaftServerConfigKeys (ConfUtils.java:logGet(46)) - raft.server.data-stream.async.request.thread.pool.size = 20 (custom)
2024-03-11 08:37:33,176 [main] INFO  server.RaftServerConfigKeys (ConfUtils.java:logGet(46)) - raft.server.data-stream.async.write.thread.pool.size = 16 (default)
2024-03-11 08:37:33,176 [main] INFO  netty.NettyConfigKeys$DataStream (ConfUtils.java:logGet(46)) - raft.netty.dataStream.server.channel.inactive.grace-period = 10min (default)
2024-03-11 08:37:33,176 [main] INFO  server.RaftServerConfigKeys (ConfUtils.java:logGet(46)) - raft.server.data-stream.client.pool.size = 10 (default)
2024-03-11 08:37:33,176 [main] INFO  netty.NettyConfigKeys$DataStream (ConfUtils.java:logGet(46)) - raft.netty.dataStream.server.use-epoll = true (default)
2024-03-11 08:37:33,177 [main] INFO  netty.NettyConfigKeys$DataStream (ConfUtils.java:logGet(46)) - raft.netty.dataStream.server.boss-group.size = 0 (default)
2024-03-11 08:37:33,177 [main] INFO  netty.NettyUtils (NettyUtils.java:newEventLoopGroup(69)) - Create EpollEventLoopGroup for 7431f2c9-6bc6-4872-82e6-1e22af8aa733-NettyServerStreamRpc-bossGroup; Thread size is 0.
2024-03-11 08:37:33,177 [main] INFO  netty.NettyConfigKeys$DataStream (ConfUtils.java:logGet(46)) - raft.netty.dataStream.server.worker-group.size = 0 (default)
2024-03-11 08:37:33,177 [main] INFO  netty.NettyUtils (NettyUtils.java:newEventLoopGroup(69)) - Create EpollEventLoopGroup for 7431f2c9-6bc6-4872-82e6-1e22af8aa733-NettyServerStreamRpc-workerGroup; Thread size is 0.
2024-03-11 08:37:33,177 [main] INFO  netty.NettyConfigKeys$DataStream (ConfUtils.java:logGet(46)) - raft.netty.dataStream.server.tls.conf = null (default)
2024-03-11 08:37:33,177 [main] INFO  netty.NettyConfigKeys$DataStream (ConfUtils.java:logGet(46)) - raft.netty.dataStream.host = null (default)
2024-03-11 08:37:33,178 [main] INFO  netty.NettyConfigKeys$DataStream (ConfUtils.java:logGet(46)) - raft.netty.dataStream.port = 15247 (custom)
2024-03-11 08:37:33,178 [main] INFO  server.RaftServerConfigKeys (ConfUtils.java:logGet(46)) - raft.server.sleep.deviation.threshold = 300ms (default)
2024-03-11 08:37:33,178 [main] INFO  server.RaftServerConfigKeys (ConfUtils.java:logGet(46)) - raft.server.close.threshold = 60s (default)
2024-03-11 08:37:33,178 [7431f2c9-6bc6-4872-82e6-1e22af8aa733-NettyServerStreamRpc-bossGroup--thread1] INFO  logging.LoggingHandler (AbstractInternalLogger.java:log(148)) - [id: 0x139ad25b] REGISTERED
2024-03-11 08:37:33,178 [main] INFO  server.RaftServerConfigKeys (ConfUtils.java:logGet(46)) - raft.server.leaderelection.leader.step-down.wait-time = 10s (default)
2024-03-11 08:37:33,178 [7431f2c9-6bc6-4872-82e6-1e22af8aa733-NettyServerStreamRpc-bossGroup--thread1] INFO  logging.LoggingHandler (AbstractInternalLogger.java:log(148)) - [id: 0x139ad25b] BIND: 0.0.0.0/0.0.0.0:15247
2024-03-11 08:37:33,178 [main] INFO  server.RaftServerConfigKeys (ConfUtils.java:logGet(46)) - raft.server.storage.dir = [/home/runner/work/ozone/ozone/hadoop-ozone/integration-test/target/test-dir/MiniOzoneClusterImpl-90f76332-72a0-45e1-84c2-b164c055732a/ozone-meta/datanode-2/ratis] (custom)
2024-03-11 08:37:33,178 [7431f2c9-6bc6-4872-82e6-1e22af8aa733-NettyServerStreamRpc-bossGroup--thread1] INFO  logging.LoggingHandler (AbstractInternalLogger.java:log(148)) - [id: 0x139ad25b, L:/0.0.0.0:15247] ACTIVE
2024-03-11 08:37:33,179 [main] INFO  server.RaftServerConfigKeys (ConfUtils.java:logGet(46)) - raft.server.threadpool.proxy.cached = true (default)
2024-03-11 08:37:33,179 [main] INFO  server.RaftServerConfigKeys (ConfUtils.java:logGet(46)) - raft.server.threadpool.proxy.size = 0 (default)
2024-03-11 08:37:33,179 [7431f2c9-6bc6-4872-82e6-1e22af8aa733-impl-thread1] INFO  server.RaftServer (RaftServerProxy.java:initGroupDir(264)) - 7431f2c9-6bc6-4872-82e6-1e22af8aa733: found a subdirectory /home/runner/work/ozone/ozone/hadoop-ozone/integration-test/target/test-dir/MiniOzoneClusterImpl-90f76332-72a0-45e1-84c2-b164c055732a/ozone-meta/datanode-2/ratis/tmp
2024-03-11 08:37:33,179 [7431f2c9-6bc6-4872-82e6-1e22af8aa733-impl-thread1] INFO  server.RaftServer (RaftServerProxy.java:initGroupDir(269)) - 7431f2c9-6bc6-4872-82e6-1e22af8aa733: The directory /home/runner/work/ozone/ozone/hadoop-ozone/integration-test/target/test-dir/MiniOzoneClusterImpl-90f76332-72a0-45e1-84c2-b164c055732a/ozone-meta/datanode-2/ratis/tmp is not a group directory; ignoring it. 
2024-03-11 08:37:33,179 [main] INFO  replication.ReplicationServer (ReplicationServer.java:<init>(86)) - Initializing replication server with thread count = 10 queue length = 4096
2024-03-11 08:37:33,180 [main] INFO  server.XceiverServerGrpc (XceiverServerGrpc.java:<init>(141)) - GrpcServer channel type EpollServerSocketChannel
2024-03-11 08:37:33,181 [main] INFO  replication.ReplicationSupervisor (ReplicationSupervisor.java:build(163)) - Initializing replication supervisor with thread count = 10
2024-03-11 08:37:33,181 [main] INFO  replication.ReplicationSupervisor (ReplicationSupervisor.java:nodeStateUpdated(317)) - Node state updated to IN_SERVICE, scaling executor pool size to 10
2024-03-11 08:37:33,182 [main] INFO  http.BaseHttpServer (BaseHttpServer.java:newHttpServer2BuilderForOzone(223)) - Starting Web-server for hddsDatanode at: http://0.0.0.0:15241
2024-03-11 08:37:33,182 [main] INFO  http.BaseHttpServer (BaseHttpServer.java:<init>(110)) - Hadoop Security Enabled: false Ozone Security Enabled: false Ozone HTTP Security Enabled: false 
2024-03-11 08:37:33,183 [main] WARN  server.AuthenticationFilter (AuthenticationFilter.java:constructSecretProvider(240)) - Unable to initialize FileSignerSecretProvider, falling back to use random secrets. Reason: Could not read signature secret file: /home/runner/hadoop-http-auth-signature-secret
2024-03-11 08:37:33,183 [main] INFO  http.HttpRequestLog (HttpRequestLog.java:getRequestLog(86)) - Http request log for http.requests.hddsDatanode is not defined
2024-03-11 08:37:33,184 [main] INFO  http.HttpServer2 (HttpServer2.java:addGlobalFilter(1036)) - Added global filter 'safety' (class=org.apache.hadoop.hdds.server.http.HttpServer2$QuotingInputFilter)
2024-03-11 08:37:33,184 [main] INFO  http.HttpServer2 (HttpServer2.java:addFilter(1012)) - Added filter static_user_filter (class=org.apache.hadoop.http.lib.StaticUserWebFilter$StaticUserFilter) to context hddsDatanode
2024-03-11 08:37:33,184 [main] INFO  http.HttpServer2 (HttpServer2.java:addFilter(1020)) - Added filter static_user_filter (class=org.apache.hadoop.http.lib.StaticUserWebFilter$StaticUserFilter) to context static
2024-03-11 08:37:33,184 [main] INFO  http.HttpServer2 (HttpServer2.java:addFilter(1020)) - Added filter static_user_filter (class=org.apache.hadoop.http.lib.StaticUserWebFilter$StaticUserFilter) to context logs
2024-03-11 08:37:33,185 [main] INFO  http.BaseHttpServer (BaseHttpServer.java:<init>(189)) - HTTP server of hddsDatanode uses base directory /home/runner/work/ozone/ozone/hadoop-ozone/integration-test/target/test-dir/MiniOzoneClusterImpl-90f76332-72a0-45e1-84c2-b164c055732a/ozone-meta/datanode-2/meta/webserver
2024-03-11 08:37:33,185 [main] INFO  http.HttpServer2 (HttpServer2.java:bindListener(1236)) - Jetty bound to port 15241
2024-03-11 08:37:33,185 [main] INFO  server.Server (Server.java:doStart(375)) - jetty-9.4.53.v20231009; built: 2023-10-09T12:29:09.265Z; git: 27bde00a0b95a1d5bbee0eae7984f891d2d0f8c9; jvm 1.8.0_402-b06
2024-03-11 08:37:33,186 [main] INFO  server.session (DefaultSessionIdManager.java:doStart(334)) - DefaultSessionIdManager workerName=node0
2024-03-11 08:37:33,186 [main] INFO  server.session (DefaultSessionIdManager.java:doStart(339)) - No SessionScavenger set, using defaults
2024-03-11 08:37:33,186 [main] INFO  server.session (HouseKeeper.java:startScavenging(132)) - node0 Scavenging every 660000ms
2024-03-11 08:37:33,186 [main] INFO  handler.ContextHandler (ContextHandler.java:doStart(921)) - Started o.e.j.s.ServletContextHandler@5d40783f{logs,/logs,file:///home/runner/work/ozone/ozone/hadoop-ozone/integration-test/target/log,AVAILABLE}
2024-03-11 08:37:33,187 [main] INFO  handler.ContextHandler (ContextHandler.java:doStart(921)) - Started o.e.j.s.ServletContextHandler@514feef6{static,/static,jar:file:/home/runner/.m2/repository/org/apache/ozone/hdds-container-service/1.5.0-SNAPSHOT/hdds-container-service-1.5.0-SNAPSHOT.jar!/webapps/static,AVAILABLE}
2024-03-11 08:37:33,216 [omNode-1@group-523986131536-FollowerState] INFO  impl.FollowerState (FollowerState.java:run(143)) - omNode-1@group-523986131536-FollowerState: change to CANDIDATE, lastRpcElapsedTime:1140413694ns, electionTimeout:1140ms
2024-03-11 08:37:33,217 [omNode-1@group-523986131536-FollowerState] INFO  impl.RoleInfo (RoleInfo.java:shutdownFollowerState(110)) - omNode-1: shutdown omNode-1@group-523986131536-FollowerState
2024-03-11 08:37:33,217 [omNode-1@group-523986131536-FollowerState] INFO  server.RaftServer$Division (RaftServerImpl.java:setRole(383)) - omNode-1@group-523986131536: changes role from  FOLLOWER to CANDIDATE at term 0 for changeToCandidate
2024-03-11 08:37:33,217 [omNode-1@group-523986131536-FollowerState] INFO  server.RaftServerConfigKeys (ConfUtils.java:logGet(46)) - raft.server.leaderelection.pre-vote = true (default)
2024-03-11 08:37:33,217 [omNode-1@group-523986131536-FollowerState] INFO  impl.RoleInfo (RoleInfo.java:updateAndGet(139)) - omNode-1: start omNode-1@group-523986131536-LeaderElection49
2024-03-11 08:37:33,219 [omNode-1@group-523986131536-LeaderElection49] INFO  impl.LeaderElection (LeaderElection.java:askForVotes(321)) - omNode-1@group-523986131536-LeaderElection49 PRE_VOTE round 0: submit vote requests at term 0 for -1: peers:[omNode-3|localhost:15230, omNode-1|localhost:15222, omNode-2|localhost:15226]|listeners:[], old=null
2024-03-11 08:37:33,219 [omNode-1@group-523986131536-LeaderElection49-1] INFO  server.GrpcServerProtocolClient (GrpcServerProtocolClient.java:<init>(65)) - Build channel for omNode-3|localhost:15230
2024-03-11 08:37:33,219 [omNode-1@group-523986131536-LeaderElection49] INFO  server.RaftServerConfigKeys (ConfUtils.java:logFallback(53)) - raft.server.rpc.first-election.timeout.min = 1s (fallback to raft.server.rpc.timeout.min)
2024-03-11 08:37:33,219 [omNode-1@group-523986131536-LeaderElection49] INFO  server.RaftServerConfigKeys (ConfUtils.java:logFallback(53)) - raft.server.rpc.first-election.timeout.max = 1200ms (fallback to raft.server.rpc.timeout.max)
2024-03-11 08:37:33,219 [omNode-1@group-523986131536-LeaderElection49-2] INFO  server.GrpcServerProtocolClient (GrpcServerProtocolClient.java:<init>(65)) - Build channel for omNode-2|localhost:15226
2024-03-11 08:37:33,220 [main] INFO  handler.ContextHandler (ContextHandler.java:doStart(921)) - Started o.e.j.w.WebAppContext@2c299c4f{hddsDatanode,/,file:///home/runner/work/ozone/ozone/hadoop-ozone/integration-test/target/test-dir/MiniOzoneClusterImpl-90f76332-72a0-45e1-84c2-b164c055732a/ozone-meta/datanode-2/meta/webserver/jetty-0_0_0_0-15241-hdds-container-service-1_5_0-SNAPSHOT_jar-_-any-8607816670099844077/webapp/,AVAILABLE}{jar:file:/home/runner/.m2/repository/org/apache/ozone/hdds-container-service/1.5.0-SNAPSHOT/hdds-container-service-1.5.0-SNAPSHOT.jar!/webapps/hddsDatanode}
2024-03-11 08:37:33,233 [main] INFO  server.AbstractConnector (AbstractConnector.java:doStart(333)) - Started ServerConnector@5cc8a3e5{HTTP/1.1, (http/1.1)}{0.0.0.0:15241}
2024-03-11 08:37:33,233 [main] INFO  server.Server (Server.java:doStart(415)) - Started @668004ms
2024-03-11 08:37:33,234 [main] WARN  impl.MetricsSystemImpl (MetricsSystemImpl.java:register(279)) - Sink prometheus already exists!
2024-03-11 08:37:33,235 [grpc-default-executor-1] INFO  server.RaftServer$Division (RaftServerImpl.java:requestVote(1389)) - omNode-3@group-523986131536: receive requestVote(PRE_VOTE, omNode-1, group-523986131536, 0, (t:0, i:~))
2024-03-11 08:37:33,235 [grpc-default-executor-1] INFO  impl.VoteContext (VoteContext.java:log(49)) - omNode-3@group-523986131536-FOLLOWER: accept PRE_VOTE from omNode-1: our priority 0 <= candidate's priority 0
2024-03-11 08:37:33,235 [grpc-default-executor-1] INFO  server.RaftServer$Division (RaftServerImpl.java:requestVote(1422)) - omNode-3@group-523986131536 replies to PRE_VOTE vote request: omNode-1<-omNode-3#0:OK-t0. Peer's state: omNode-3@group-523986131536:t0, leader=null, voted=, raftlog=Memoized:omNode-3@group-523986131536-SegmentedRaftLog:OPENED:c-1, conf=-1: peers:[omNode-3|localhost:15230, omNode-1|localhost:15222, omNode-2|localhost:15226]|listeners:[], old=null
2024-03-11 08:37:33,236 [grpc-default-executor-0] INFO  server.RaftServer$Division (RaftServerImpl.java:requestVote(1389)) - omNode-2@group-523986131536: receive requestVote(PRE_VOTE, omNode-1, group-523986131536, 0, (t:0, i:~))
2024-03-11 08:37:33,236 [grpc-default-executor-0] INFO  impl.VoteContext (VoteContext.java:log(49)) - omNode-2@group-523986131536-FOLLOWER: accept PRE_VOTE from omNode-1: our priority 0 <= candidate's priority 0
2024-03-11 08:37:33,236 [grpc-default-executor-0] INFO  server.RaftServer$Division (RaftServerImpl.java:requestVote(1422)) - omNode-2@group-523986131536 replies to PRE_VOTE vote request: omNode-1<-omNode-2#0:OK-t0. Peer's state: omNode-2@group-523986131536:t0, leader=null, voted=, raftlog=Memoized:omNode-2@group-523986131536-SegmentedRaftLog:OPENED:c-1, conf=-1: peers:[omNode-3|localhost:15230, omNode-1|localhost:15222, omNode-2|localhost:15226]|listeners:[], old=null
2024-03-11 08:37:33,237 [main] INFO  http.BaseHttpServer (BaseHttpServer.java:updateConnectorAddress(354)) - HTTP server of hddsDatanode listening at http://0.0.0.0:15241
2024-03-11 08:37:33,237 [omNode-1@group-523986131536-LeaderElection49] INFO  impl.LeaderElection (LeaderElection.java:logAndReturn(89)) - omNode-1@group-523986131536-LeaderElection49: PRE_VOTE PASSED received 1 response(s) and 0 exception(s):
2024-03-11 08:37:33,237 [main] INFO  ipc.CallQueueManager (CallQueueManager.java:<init>(90)) - Using callQueue: class java.util.concurrent.LinkedBlockingQueue, queueCapacity: 100, scheduler: class org.apache.hadoop.ipc.DefaultRpcScheduler, ipcBackoff: false.
2024-03-11 08:37:33,237 [omNode-1@group-523986131536-LeaderElection49] INFO  impl.LeaderElection (LeaderElection.java:logAndReturn(93)) -   Response 0: omNode-1<-omNode-2#0:OK-t0
2024-03-11 08:37:33,238 [omNode-1@group-523986131536-LeaderElection49] INFO  impl.LeaderElection (LeaderElection.java:askForVotes(323)) - omNode-1@group-523986131536-LeaderElection49 PRE_VOTE round 0: result PASSED
2024-03-11 08:37:33,238 [main] INFO  ipc.Server (Server.java:<init>(1287)) - Listener at 0.0.0.0:15242
2024-03-11 08:37:33,238 [Socket Reader #1 for port 15242] INFO  ipc.Server (Server.java:run(1323)) - Starting Socket Reader #1 for port 15242
2024-03-11 08:37:33,239 [omNode-1@group-523986131536-LeaderElection49] INFO  impl.LeaderElection (LeaderElection.java:askForVotes(321)) - omNode-1@group-523986131536-LeaderElection49 ELECTION round 0: submit vote requests at term 1 for -1: peers:[omNode-3|localhost:15230, omNode-1|localhost:15222, omNode-2|localhost:15226]|listeners:[], old=null
2024-03-11 08:37:33,241 [omNode-1@group-523986131536-LeaderElection49] INFO  server.RaftServerConfigKeys (ConfUtils.java:logFallback(53)) - raft.server.rpc.first-election.timeout.min = 1s (fallback to raft.server.rpc.timeout.min)
2024-03-11 08:37:33,241 [omNode-1@group-523986131536-LeaderElection49] INFO  server.RaftServerConfigKeys (ConfUtils.java:logFallback(53)) - raft.server.rpc.first-election.timeout.max = 1200ms (fallback to raft.server.rpc.timeout.max)
2024-03-11 08:37:33,241 [grpc-default-executor-0] INFO  server.RaftServer$Division (RaftServerImpl.java:requestVote(1389)) - omNode-2@group-523986131536: receive requestVote(ELECTION, omNode-1, group-523986131536, 1, (t:0, i:~))
2024-03-11 08:37:33,242 [grpc-default-executor-0] INFO  impl.VoteContext (VoteContext.java:log(49)) - omNode-2@group-523986131536-FOLLOWER: accept ELECTION from omNode-1: our priority 0 <= candidate's priority 0
2024-03-11 08:37:33,242 [grpc-default-executor-0] INFO  server.RaftServer$Division (RaftServerImpl.java:setRole(383)) - omNode-2@group-523986131536: changes role from  FOLLOWER to FOLLOWER at term 1 for candidate:omNode-1
2024-03-11 08:37:33,242 [grpc-default-executor-0] INFO  impl.RoleInfo (RoleInfo.java:shutdownFollowerState(110)) - omNode-2: shutdown omNode-2@group-523986131536-FollowerState
2024-03-11 08:37:33,245 [main] INFO  ozone.HddsDatanodeService (HddsDatanodeService.java:start(327)) - Datanode start with admins: [*, runner]
2024-03-11 08:37:33,245 [main] INFO  ozone.HddsDatanodeClientProtocolServer (HddsDatanodeClientProtocolServer.java:start(77)) - RPC server for Client /0.0.0.0:15242
2024-03-11 08:37:33,245 [IPC Server Responder] INFO  ipc.Server (Server.java:run(1562)) - IPC Server Responder: starting
2024-03-11 08:37:33,245 [IPC Server listener on 15242] INFO  ipc.Server (Server.java:run(1402)) - IPC Server listener on 15242: starting
2024-03-11 08:37:33,245 [7431f2c9-6bc6-4872-82e6-1e22af8aa733-DatanodeStateMachineDaemonThread] INFO  statemachine.DatanodeStateMachine (DatanodeStateMachine.java:lambda$startDaemon$1(555)) - Ozone container server started.
2024-03-11 08:37:33,245 [main] WARN  dropwizard3.Dm3MetricRegistriesImpl (Dm3MetricRegistriesImpl.java:addReporterRegistration(113)) - New reporters are added after registries were created. Some metrics will be missing from the reporter. Please add reporter before adding any new registry.
2024-03-11 08:37:33,246 [main] WARN  dropwizard3.Dm3MetricRegistriesImpl (Dm3MetricRegistriesImpl.java:addReporterRegistration(113)) - New reporters are added after registries were created. Some metrics will be missing from the reporter. Please add reporter before adding any new registry.
2024-03-11 08:37:33,246 [main] INFO  impl.MetricsSystemImpl (MetricsSystemImpl.java:init(158)) - HddsDatanode metrics system started (again)
2024-03-11 08:37:33,249 [grpc-default-executor-0] INFO  impl.RoleInfo (RoleInfo.java:updateAndGet(139)) - omNode-2: start omNode-2@group-523986131536-FollowerState
2024-03-11 08:37:33,249 [omNode-2@group-523986131536-FollowerState] INFO  impl.FollowerState (FollowerState.java:run(152)) - omNode-2@group-523986131536-FollowerState was interrupted
2024-03-11 08:37:33,250 [grpc-default-executor-0] INFO  server.RaftServer$Division (RaftServerImpl.java:setFirstElection(574)) - omNode-2@group-523986131536: set firstElectionSinceStartup to false for candidate:omNode-1
2024-03-11 08:37:33,250 [grpc-default-executor-1] INFO  server.RaftServer$Division (RaftServerImpl.java:requestVote(1389)) - omNode-3@group-523986131536: receive requestVote(ELECTION, omNode-1, group-523986131536, 1, (t:0, i:~))
2024-03-11 08:37:33,250 [grpc-default-executor-1] INFO  impl.VoteContext (VoteContext.java:log(49)) - omNode-3@group-523986131536-FOLLOWER: accept ELECTION from omNode-1: our priority 0 <= candidate's priority 0
2024-03-11 08:37:33,250 [grpc-default-executor-1] INFO  server.RaftServer$Division (RaftServerImpl.java:setRole(383)) - omNode-3@group-523986131536: changes role from  FOLLOWER to FOLLOWER at term 1 for candidate:omNode-1
2024-03-11 08:37:33,250 [grpc-default-executor-1] INFO  impl.RoleInfo (RoleInfo.java:shutdownFollowerState(110)) - omNode-3: shutdown omNode-3@group-523986131536-FollowerState
2024-03-11 08:37:33,251 [grpc-default-executor-0] INFO  server.RaftServer$Division (RaftServerImpl.java:requestVote(1422)) - omNode-2@group-523986131536 replies to ELECTION vote request: omNode-1<-omNode-2#0:OK-t1. Peer's state: omNode-2@group-523986131536:t1, leader=null, voted=omNode-1, raftlog=Memoized:omNode-2@group-523986131536-SegmentedRaftLog:OPENED:c-1, conf=-1: peers:[omNode-3|localhost:15230, omNode-1|localhost:15222, omNode-2|localhost:15226]|listeners:[], old=null
2024-03-11 08:37:33,253 [grpc-default-executor-1] INFO  impl.RoleInfo (RoleInfo.java:updateAndGet(139)) - omNode-3: start omNode-3@group-523986131536-FollowerState
2024-03-11 08:37:33,253 [grpc-default-executor-1] INFO  server.RaftServer$Division (RaftServerImpl.java:setFirstElection(574)) - omNode-3@group-523986131536: set firstElectionSinceStartup to false for candidate:omNode-1
2024-03-11 08:37:33,253 [omNode-3@group-523986131536-FollowerState] INFO  impl.FollowerState (FollowerState.java:run(152)) - omNode-3@group-523986131536-FollowerState was interrupted
2024-03-11 08:37:33,255 [grpc-default-executor-1] INFO  server.RaftServer$Division (RaftServerImpl.java:requestVote(1422)) - omNode-3@group-523986131536 replies to ELECTION vote request: omNode-1<-omNode-3#0:OK-t1. Peer's state: omNode-3@group-523986131536:t1, leader=null, voted=omNode-1, raftlog=Memoized:omNode-3@group-523986131536-SegmentedRaftLog:OPENED:c-1, conf=-1: peers:[omNode-3|localhost:15230, omNode-1|localhost:15222, omNode-2|localhost:15226]|listeners:[], old=null
2024-03-11 08:37:33,255 [omNode-1@group-523986131536-LeaderElection49] INFO  impl.LeaderElection (LeaderElection.java:logAndReturn(89)) - omNode-1@group-523986131536-LeaderElection49: ELECTION PASSED received 1 response(s) and 0 exception(s):
2024-03-11 08:37:33,255 [omNode-1@group-523986131536-LeaderElection49] INFO  impl.LeaderElection (LeaderElection.java:logAndReturn(93)) -   Response 0: omNode-1<-omNode-2#0:OK-t1
2024-03-11 08:37:33,255 [omNode-1@group-523986131536-LeaderElection49] INFO  impl.LeaderElection (LeaderElection.java:askForVotes(323)) - omNode-1@group-523986131536-LeaderElection49 ELECTION round 0: result PASSED
2024-03-11 08:37:33,255 [omNode-1@group-523986131536-LeaderElection49] INFO  impl.RoleInfo (RoleInfo.java:shutdownLeaderElection(130)) - omNode-1: shutdown omNode-1@group-523986131536-LeaderElection49
2024-03-11 08:37:33,255 [omNode-1@group-523986131536-LeaderElection49] INFO  server.RaftServer$Division (RaftServerImpl.java:setRole(383)) - omNode-1@group-523986131536: changes role from CANDIDATE to LEADER at term 1 for changeToLeader
2024-03-11 08:37:33,255 [omNode-1@group-523986131536-LeaderElection49] INFO  server.RaftServerConfigKeys (ConfUtils.java:logGet(46)) - raft.server.staging.catchup.gap = 1000 (default)
2024-03-11 08:37:33,255 [omNode-1@group-523986131536-LeaderElection49] INFO  server.RaftServerConfigKeys (ConfUtils.java:logGet(46)) - raft.server.write.element-limit = 4096 (default)
2024-03-11 08:37:33,255 [omNode-1@group-523986131536-LeaderElection49] INFO  server.RaftServerConfigKeys (ConfUtils.java:logGet(46)) - raft.server.write.byte-limit = 64MB (=67108864) (default)
2024-03-11 08:37:33,256 [omNode-1@group-523986131536-LeaderElection49] INFO  server.RaftServerConfigKeys (ConfUtils.java:logGet(46)) - raft.server.watch.timeout = 10s (default)
2024-03-11 08:37:33,256 [omNode-1@group-523986131536-LeaderElection49] INFO  server.RaftServerConfigKeys (ConfUtils.java:logGet(46)) - raft.server.watch.timeout.denomination = 1s (default)
2024-03-11 08:37:33,256 [omNode-1@group-523986131536-LeaderElection49] INFO  server.RaftServerConfigKeys (ConfUtils.java:logGet(46)) - raft.server.watch.element-limit = 65536 (default)
2024-03-11 08:37:33,256 [omNode-1@group-523986131536-LeaderElection49] INFO  server.RaftServerConfigKeys (ConfUtils.java:logGet(46)) - raft.server.read.leader.lease.enabled = false (default)
2024-03-11 08:37:33,256 [omNode-1@group-523986131536-LeaderElection49] INFO  server.RaftServerConfigKeys (ConfUtils.java:logGet(46)) - raft.server.read.leader.lease.timeout.ratio = 0.9 (default)
2024-03-11 08:37:33,256 [omNode-1@group-523986131536-LeaderElection49] INFO  server.RaftServerConfigKeys (ConfUtils.java:logGet(46)) - raft.server.rpc.timeout.min = 1s (custom)
2024-03-11 08:37:33,256 [omNode-1@group-523986131536-LeaderElection49] INFO  server.RaftServerConfigKeys (ConfUtils.java:logGet(46)) - raft.server.write.element-limit = 4096 (default)
2024-03-11 08:37:33,256 [omNode-1@group-523986131536-LeaderElection49] INFO  server.RaftServerConfigKeys (ConfUtils.java:logGet(46)) - raft.server.write.follower.gap.ratio.max = -1.0 (default)
2024-03-11 08:37:33,256 [omNode-1@group-523986131536-LeaderElection49] INFO  server.RaftServerConfigKeys (ConfUtils.java:logGet(46)) - raft.server.log.appender.snapshot.chunk.size.max = 16MB (=16777216) (default)
2024-03-11 08:37:33,256 [omNode-1@group-523986131536-LeaderElection49] INFO  server.RaftServerConfigKeys (ConfUtils.java:logGet(46)) - raft.server.log.appender.buffer.byte-limit = 4194304 (custom)
2024-03-11 08:37:33,256 [omNode-1@group-523986131536-LeaderElection49] INFO  server.RaftServerConfigKeys (ConfUtils.java:logGet(46)) - raft.server.log.appender.buffer.element-limit = 1024 (custom)
2024-03-11 08:37:33,257 [omNode-1@group-523986131536-LeaderElection49] INFO  server.RaftServerConfigKeys (ConfUtils.java:logGet(46)) - raft.server.log.appender.wait-time.min = 0ms (custom)
2024-03-11 08:37:33,257 [omNode-1@group-523986131536-LeaderElection49] INFO  grpc.GrpcConfigKeys (ConfUtils.java:logGet(46)) - raft.grpc.server.leader.outstanding.appends.max = 8 (default)
2024-03-11 08:37:33,257 [omNode-1@group-523986131536-LeaderElection49] INFO  server.RaftServerConfigKeys (ConfUtils.java:logGet(46)) - raft.server.rpc.request.timeout = 3000ms (default)
2024-03-11 08:37:33,257 [omNode-1@group-523986131536-LeaderElection49] INFO  grpc.GrpcConfigKeys (ConfUtils.java:logGet(46)) - raft.grpc.server.install_snapshot.request.element-limit = 8 (default)
2024-03-11 08:37:33,257 [omNode-1@group-523986131536-LeaderElection49] INFO  grpc.GrpcConfigKeys (ConfUtils.java:logGet(46)) - raft.grpc.server.install_snapshot.request.timeout = 3000ms (default)
2024-03-11 08:37:33,257 [omNode-1@group-523986131536-LeaderElection49] INFO  grpc.GrpcConfigKeys (ConfUtils.java:logGet(46)) - raft.grpc.server.log-message.batch.duration = 5s (default)
2024-03-11 08:37:33,257 [omNode-1@group-523986131536-LeaderElection49] INFO  server.RaftServerConfigKeys (ConfUtils.java:logGet(46)) - raft.server.log.appender.install.snapshot.enabled = false (custom)
2024-03-11 08:37:33,257 [omNode-1@group-523986131536-LeaderElection49] INFO  grpc.GrpcConfigKeys (ConfUtils.java:logGet(46)) - raft.grpc.server.heartbeat.channel = true (default)
2024-03-11 08:37:33,258 [omNode-1@group-523986131536-LeaderElection49] INFO  server.RaftServerConfigKeys (ConfUtils.java:logGet(46)) - raft.server.log.appender.snapshot.chunk.size.max = 16MB (=16777216) (default)
2024-03-11 08:37:33,258 [omNode-1@group-523986131536-LeaderElection49] INFO  server.RaftServerConfigKeys (ConfUtils.java:logGet(46)) - raft.server.log.appender.buffer.byte-limit = 4194304 (custom)
2024-03-11 08:37:33,258 [omNode-1@group-523986131536-LeaderElection49] INFO  server.RaftServerConfigKeys (ConfUtils.java:logGet(46)) - raft.server.log.appender.buffer.element-limit = 1024 (custom)
2024-03-11 08:37:33,258 [omNode-1@group-523986131536-LeaderElection49] INFO  server.RaftServerConfigKeys (ConfUtils.java:logGet(46)) - raft.server.log.appender.wait-time.min = 0ms (custom)
2024-03-11 08:37:33,258 [omNode-1@group-523986131536-LeaderElection49] INFO  grpc.GrpcConfigKeys (ConfUtils.java:logGet(46)) - raft.grpc.server.leader.outstanding.appends.max = 8 (default)
2024-03-11 08:37:33,258 [omNode-1@group-523986131536-LeaderElection49] INFO  server.RaftServerConfigKeys (ConfUtils.java:logGet(46)) - raft.server.rpc.request.timeout = 3000ms (default)
2024-03-11 08:37:33,258 [omNode-1@group-523986131536-LeaderElection49] INFO  grpc.GrpcConfigKeys (ConfUtils.java:logGet(46)) - raft.grpc.server.install_snapshot.request.element-limit = 8 (default)
2024-03-11 08:37:33,258 [omNode-1@group-523986131536-LeaderElection49] INFO  grpc.GrpcConfigKeys (ConfUtils.java:logGet(46)) - raft.grpc.server.install_snapshot.request.timeout = 3000ms (default)
2024-03-11 08:37:33,258 [omNode-1@group-523986131536-LeaderElection49] INFO  grpc.GrpcConfigKeys (ConfUtils.java:logGet(46)) - raft.grpc.server.log-message.batch.duration = 5s (default)
2024-03-11 08:37:33,258 [omNode-1@group-523986131536-LeaderElection49] INFO  server.RaftServerConfigKeys (ConfUtils.java:logGet(46)) - raft.server.log.appender.install.snapshot.enabled = false (custom)
2024-03-11 08:37:33,258 [omNode-1@group-523986131536-LeaderElection49] INFO  grpc.GrpcConfigKeys (ConfUtils.java:logGet(46)) - raft.grpc.server.heartbeat.channel = true (default)
2024-03-11 08:37:33,258 [omNode-1@group-523986131536-LeaderElection49] INFO  impl.RoleInfo (RoleInfo.java:updateAndGet(139)) - omNode-1: start omNode-1@group-523986131536-LeaderStateImpl
2024-03-11 08:37:33,259 [omNode-1@group-523986131536-LeaderElection49] INFO  server.RaftServer$Division (RaftServerImpl.java:setFirstElection(574)) - omNode-1@group-523986131536: set firstElectionSinceStartup to false for becomeLeader
2024-03-11 08:37:33,259 [omNode-1@group-523986131536-LeaderElection49] INFO  server.RaftServer$Division (ServerState.java:setLeader(269)) - omNode-1@group-523986131536: change Leader from null to omNode-1 at term 1 for becomeLeader, leader elected after 1387ms
2024-03-11 08:37:33,259 [omNode-1@group-523986131536-LeaderElection49] INFO  segmented.SegmentedRaftLogWorker (SegmentedRaftLogWorker.java:startLogSegment(430)) - omNode-1@group-523986131536-SegmentedRaftLogWorker: Starting segment from index:0
2024-03-11 08:37:33,259 [main] INFO  ozone.HddsDatanodeService (HddsDatanodeService.java:start(240)) - HddsDatanodeService host:fv-az1250-130.ebmzynhy2g4u3nwuixrszff3we.cx.internal.cloudapp.net ip:10.1.0.9
2024-03-11 08:37:33,260 [omNode-1@group-523986131536-SegmentedRaftLogWorker] INFO  segmented.BufferedWriteChannel (BufferedWriteChannel.java:open(62)) - open log_inprogress_0 at position 0
2024-03-11 08:37:33,260 [omNode-1@group-523986131536-LeaderElection49] INFO  server.RaftServer$Division (ServerState.java:setRaftConf(386)) - omNode-1@group-523986131536: set configuration 0: peers:[omNode-3|localhost:15230, omNode-1|localhost:15222, omNode-2|localhost:15226]|listeners:[], old=null
2024-03-11 08:37:33,262 [7431f2c9-6bc6-4872-82e6-1e22af8aa733-DatanodeStateMachineTaskThread-0] INFO  datanode.InitDatanodeState (InitDatanodeState.java:persistContainerDatanodeDetails(139)) - DatanodeDetails is persisted to /home/runner/work/ozone/ozone/hadoop-ozone/integration-test/target/test-dir/MiniOzoneClusterImpl-90f76332-72a0-45e1-84c2-b164c055732a/ozone-meta/datanode-2/meta/datanode.id
2024-03-11 08:37:33,269 [omNode-1@group-523986131536-SegmentedRaftLogWorker] INFO  segmented.SegmentedRaftLogWorker (SegmentedRaftLogWorker.java:execute(634)) - omNode-1@group-523986131536-SegmentedRaftLogWorker: created new log segment /home/runner/work/ozone/ozone/hadoop-ozone/integration-test/target/test-dir/MiniOzoneClusterImpl-90f76332-72a0-45e1-84c2-b164c055732a/omNode-1/ratis/c9bc4cf4-3bc3-3c60-a66b-523986131536/current/log_inprogress_0
2024-03-11 08:37:33,273 [omNode-2-server-thread1] INFO  server.RaftServer$Division (ServerState.java:setLeader(269)) - omNode-2@group-523986131536: change Leader from null to omNode-1 at term 1 for appendEntries, leader elected after 937ms
2024-03-11 08:37:33,276 [omNode-2-server-thread2] INFO  server.RaftServer$Division (ServerState.java:setRaftConf(386)) - omNode-2@group-523986131536: set configuration 0: peers:[omNode-3|localhost:15230, omNode-1|localhost:15222, omNode-2|localhost:15226]|listeners:[], old=null
2024-03-11 08:37:33,276 [omNode-2-server-thread2] INFO  segmented.SegmentedRaftLogWorker (SegmentedRaftLogWorker.java:startLogSegment(430)) - omNode-2@group-523986131536-SegmentedRaftLogWorker: Starting segment from index:0
2024-03-11 08:37:33,278 [omNode-2@group-523986131536-SegmentedRaftLogWorker] INFO  segmented.BufferedWriteChannel (BufferedWriteChannel.java:open(62)) - open log_inprogress_0 at position 0
2024-03-11 08:37:33,284 [omNode-3-server-thread1] INFO  server.RaftServer$Division (ServerState.java:setLeader(269)) - omNode-3@group-523986131536: change Leader from null to omNode-1 at term 1 for appendEntries, leader elected after 487ms
2024-03-11 08:37:33,285 [omNode-3-server-thread2] INFO  server.RaftServer$Division (ServerState.java:setRaftConf(386)) - omNode-3@group-523986131536: set configuration 0: peers:[omNode-3|localhost:15230, omNode-1|localhost:15222, omNode-2|localhost:15226]|listeners:[], old=null
2024-03-11 08:37:33,285 [omNode-3-server-thread2] INFO  segmented.SegmentedRaftLogWorker (SegmentedRaftLogWorker.java:startLogSegment(430)) - omNode-3@group-523986131536-SegmentedRaftLogWorker: Starting segment from index:0
2024-03-11 08:37:33,287 [omNode-3@group-523986131536-SegmentedRaftLogWorker] INFO  segmented.BufferedWriteChannel (BufferedWriteChannel.java:open(62)) - open log_inprogress_0 at position 0
2024-03-11 08:37:33,288 [omNode-2@group-523986131536-SegmentedRaftLogWorker] INFO  segmented.SegmentedRaftLogWorker (SegmentedRaftLogWorker.java:execute(634)) - omNode-2@group-523986131536-SegmentedRaftLogWorker: created new log segment /home/runner/work/ozone/ozone/hadoop-ozone/integration-test/target/test-dir/MiniOzoneClusterImpl-90f76332-72a0-45e1-84c2-b164c055732a/omNode-2/ratis/c9bc4cf4-3bc3-3c60-a66b-523986131536/current/log_inprogress_0
2024-03-11 08:37:33,289 [main] INFO  upgrade.AbstractLayoutVersionManager (AbstractLayoutVersionManager.java:init(83)) - Initializing Layout version manager with metadata layout = HADOOP_PRC_PORTS_IN_DATANODEDETAILS (version = 7), software layout = HADOOP_PRC_PORTS_IN_DATANODEDETAILS (version = 7)
2024-03-11 08:37:33,289 [main] INFO  statemachine.DatanodeStateMachine (DatanodeStateMachine.java:getEndPointTaskThreadPoolSize(299)) - Datanode State Machine Task Thread Pool size 2
2024-03-11 08:37:33,291 [main] INFO  volume.HddsVolume (HddsVolume.java:<init>(125)) - Creating HddsVolume: /home/runner/work/ozone/ozone/hadoop-ozone/integration-test/target/test-dir/MiniOzoneClusterImpl-90f76332-72a0-45e1-84c2-b164c055732a/ozone-meta/datanode-3/data-0/hdds of storage type : DISK capacity : 9223372036854775807
2024-03-11 08:37:33,291 [main] INFO  volume.MutableVolumeSet (MutableVolumeSet.java:initializeVolumeSet(173)) - Added Volume : /home/runner/work/ozone/ozone/hadoop-ozone/integration-test/target/test-dir/MiniOzoneClusterImpl-90f76332-72a0-45e1-84c2-b164c055732a/ozone-meta/datanode-3/data-0/hdds to VolumeSet
2024-03-11 08:37:33,291 [main] INFO  volume.MutableVolumeSet (MutableVolumeSet.java:initializeVolumeSet(173)) - Added Volume : /home/runner/work/ozone/ozone/hadoop-ozone/integration-test/target/test-dir/MiniOzoneClusterImpl-90f76332-72a0-45e1-84c2-b164c055732a/ozone-meta/datanode-3/ratis to VolumeSet
2024-03-11 08:37:33,292 [main] INFO  ozoneimpl.OzoneContainer (HddsVolumeUtil.java:loadAllHddsVolumeDbStore(103)) - Load 1 volumes DbStore cost: 0ms
2024-03-11 08:37:33,294 [main] INFO  server.RaftServer (ConfUtils.java:logGet(46)) - raft.rpc.type = GRPC (default)
2024-03-11 08:37:33,294 [main] INFO  grpc.GrpcConfigKeys (ConfUtils.java:logFallback(53)) - raft.grpc.admin.host = null (fallback to raft.grpc.server.host)
2024-03-11 08:37:33,294 [main] INFO  grpc.GrpcConfigKeys (ConfUtils.java:logGet(46)) - raft.grpc.admin.port = 15254 (custom)
2024-03-11 08:37:33,294 [main] INFO  grpc.GrpcConfigKeys (ConfUtils.java:logFallback(53)) - raft.grpc.client.host = null (fallback to raft.grpc.server.host)
2024-03-11 08:37:33,295 [main] INFO  grpc.GrpcConfigKeys (ConfUtils.java:logGet(46)) - raft.grpc.client.port = 15253 (custom)
2024-03-11 08:37:33,295 [main] INFO  grpc.GrpcConfigKeys (ConfUtils.java:logGet(46)) - raft.grpc.server.host = null (default)
2024-03-11 08:37:33,295 [main] INFO  grpc.GrpcConfigKeys (ConfUtils.java:logGet(46)) - raft.grpc.server.port = 15255 (custom)
2024-03-11 08:37:33,295 [main] INFO  server.GrpcService (ConfUtils.java:logGet(46)) - raft.grpc.message.size.max = 32MB (=33554432) (custom)
2024-03-11 08:37:33,295 [main] INFO  server.RaftServerConfigKeys (ConfUtils.java:logGet(46)) - raft.server.log.appender.buffer.byte-limit = 8388608 (custom)
2024-03-11 08:37:33,295 [main] INFO  server.GrpcService (ConfUtils.java:logGet(46)) - raft.grpc.flow.control.window = 5MB (=5242880) (custom)
2024-03-11 08:37:33,296 [main] INFO  server.RaftServerConfigKeys (ConfUtils.java:logGet(46)) - raft.server.rpc.request.timeout = 60s (custom)
2024-03-11 08:37:33,296 [main] INFO  grpc.GrpcConfigKeys (ConfUtils.java:logGet(46)) - raft.grpc.server.heartbeat.channel = true (default)
2024-03-11 08:37:33,296 [omNode-1@group-523986131536-StateMachineUpdater] INFO  ratis.OzoneManagerStateMachine (OzoneManagerStateMachine.java:notifyConfigurationChanged(198)) - Received Configuration change notification from Ratis. New Peer list:
[id: "omNode-3"
address: "localhost:15230"
startupRole: FOLLOWER
, id: "omNode-1"
address: "localhost:15222"
startupRole: FOLLOWER
, id: "omNode-2"
address: "localhost:15226"
startupRole: FOLLOWER
]
2024-03-11 08:37:33,296 [main] INFO  grpc.GrpcConfigKeys (ConfUtils.java:logGet(46)) - raft.grpc.server.async.request.thread.pool.cached = true (default)
2024-03-11 08:37:33,296 [main] INFO  grpc.GrpcConfigKeys (ConfUtils.java:logGet(46)) - raft.grpc.server.async.request.thread.pool.size = 32 (default)
2024-03-11 08:37:33,296 [omNode-3@group-523986131536-SegmentedRaftLogWorker] INFO  segmented.SegmentedRaftLogWorker (SegmentedRaftLogWorker.java:execute(634)) - omNode-3@group-523986131536-SegmentedRaftLogWorker: created new log segment /home/runner/work/ozone/ozone/hadoop-ozone/integration-test/target/test-dir/MiniOzoneClusterImpl-90f76332-72a0-45e1-84c2-b164c055732a/omNode-3/ratis/c9bc4cf4-3bc3-3c60-a66b-523986131536/current/log_inprogress_0
2024-03-11 08:37:33,296 [omNode-1@group-523986131536-StateMachineUpdater] INFO  server.RaftServer$Division (LeaderStateImpl.java:isApplied(320)) - leader is ready since appliedIndex == 0 >= startIndex == 0
2024-03-11 08:37:33,303 [main] INFO  impl.DataStreamServerImpl (ConfUtils.java:logGet(46)) - raft.datastream.type = NETTY (custom)
2024-03-11 08:37:33,303 [main] INFO  server.RaftServerConfigKeys (ConfUtils.java:logGet(46)) - raft.server.data-stream.async.request.thread.pool.cached = false (default)
2024-03-11 08:37:33,304 [main] INFO  server.RaftServerConfigKeys (ConfUtils.java:logGet(46)) - raft.server.data-stream.async.request.thread.pool.size = 20 (custom)
2024-03-11 08:37:33,304 [main] INFO  server.RaftServerConfigKeys (ConfUtils.java:logGet(46)) - raft.server.data-stream.async.write.thread.pool.size = 16 (default)
2024-03-11 08:37:33,304 [main] INFO  netty.NettyConfigKeys$DataStream (ConfUtils.java:logGet(46)) - raft.netty.dataStream.server.channel.inactive.grace-period = 10min (default)
2024-03-11 08:37:33,304 [main] INFO  server.RaftServerConfigKeys (ConfUtils.java:logGet(46)) - raft.server.data-stream.client.pool.size = 10 (default)
2024-03-11 08:37:33,304 [main] INFO  netty.NettyConfigKeys$DataStream (ConfUtils.java:logGet(46)) - raft.netty.dataStream.server.use-epoll = true (default)
2024-03-11 08:37:33,304 [main] INFO  netty.NettyConfigKeys$DataStream (ConfUtils.java:logGet(46)) - raft.netty.dataStream.server.boss-group.size = 0 (default)
2024-03-11 08:37:33,305 [main] INFO  netty.NettyUtils (NettyUtils.java:newEventLoopGroup(69)) - Create EpollEventLoopGroup for 1d5332b8-2026-4dcd-8050-ba186ddabe02-NettyServerStreamRpc-bossGroup; Thread size is 0.
2024-03-11 08:37:33,305 [main] INFO  netty.NettyConfigKeys$DataStream (ConfUtils.java:logGet(46)) - raft.netty.dataStream.server.worker-group.size = 0 (default)
2024-03-11 08:37:33,305 [main] INFO  netty.NettyUtils (NettyUtils.java:newEventLoopGroup(69)) - Create EpollEventLoopGroup for 1d5332b8-2026-4dcd-8050-ba186ddabe02-NettyServerStreamRpc-workerGroup; Thread size is 0.
2024-03-11 08:37:33,306 [main] INFO  netty.NettyConfigKeys$DataStream (ConfUtils.java:logGet(46)) - raft.netty.dataStream.server.tls.conf = null (default)
2024-03-11 08:37:33,306 [main] INFO  netty.NettyConfigKeys$DataStream (ConfUtils.java:logGet(46)) - raft.netty.dataStream.host = null (default)
2024-03-11 08:37:33,306 [main] INFO  netty.NettyConfigKeys$DataStream (ConfUtils.java:logGet(46)) - raft.netty.dataStream.port = 15256 (custom)
2024-03-11 08:37:33,306 [main] INFO  server.RaftServerConfigKeys (ConfUtils.java:logGet(46)) - raft.server.sleep.deviation.threshold = 300ms (default)
2024-03-11 08:37:33,307 [main] INFO  server.RaftServerConfigKeys (ConfUtils.java:logGet(46)) - raft.server.close.threshold = 60s (default)
2024-03-11 08:37:33,307 [main] INFO  server.RaftServerConfigKeys (ConfUtils.java:logGet(46)) - raft.server.leaderelection.leader.step-down.wait-time = 10s (default)
2024-03-11 08:37:33,307 [main] INFO  server.RaftServerConfigKeys (ConfUtils.java:logGet(46)) - raft.server.storage.dir = [/home/runner/work/ozone/ozone/hadoop-ozone/integration-test/target/test-dir/MiniOzoneClusterImpl-90f76332-72a0-45e1-84c2-b164c055732a/ozone-meta/datanode-3/ratis] (custom)
2024-03-11 08:37:33,307 [main] INFO  server.RaftServerConfigKeys (ConfUtils.java:logGet(46)) - raft.server.threadpool.proxy.cached = true (default)
2024-03-11 08:37:33,307 [main] INFO  server.RaftServerConfigKeys (ConfUtils.java:logGet(46)) - raft.server.threadpool.proxy.size = 0 (default)
2024-03-11 08:37:33,307 [1d5332b8-2026-4dcd-8050-ba186ddabe02-NettyServerStreamRpc-bossGroup--thread1] INFO  logging.LoggingHandler (AbstractInternalLogger.java:log(148)) - [id: 0x72ccf870] REGISTERED
2024-03-11 08:37:33,307 [1d5332b8-2026-4dcd-8050-ba186ddabe02-NettyServerStreamRpc-bossGroup--thread1] INFO  logging.LoggingHandler (AbstractInternalLogger.java:log(148)) - [id: 0x72ccf870] BIND: 0.0.0.0/0.0.0.0:15256
2024-03-11 08:37:33,307 [1d5332b8-2026-4dcd-8050-ba186ddabe02-impl-thread1] INFO  server.RaftServer (RaftServerProxy.java:initGroupDir(264)) - 1d5332b8-2026-4dcd-8050-ba186ddabe02: found a subdirectory /home/runner/work/ozone/ozone/hadoop-ozone/integration-test/target/test-dir/MiniOzoneClusterImpl-90f76332-72a0-45e1-84c2-b164c055732a/ozone-meta/datanode-3/ratis/tmp
2024-03-11 08:37:33,307 [1d5332b8-2026-4dcd-8050-ba186ddabe02-NettyServerStreamRpc-bossGroup--thread1] INFO  logging.LoggingHandler (AbstractInternalLogger.java:log(148)) - [id: 0x72ccf870, L:/0.0.0.0:15256] ACTIVE
2024-03-11 08:37:33,308 [1d5332b8-2026-4dcd-8050-ba186ddabe02-impl-thread1] INFO  server.RaftServer (RaftServerProxy.java:initGroupDir(269)) - 1d5332b8-2026-4dcd-8050-ba186ddabe02: The directory /home/runner/work/ozone/ozone/hadoop-ozone/integration-test/target/test-dir/MiniOzoneClusterImpl-90f76332-72a0-45e1-84c2-b164c055732a/ozone-meta/datanode-3/ratis/tmp is not a group directory; ignoring it. 
2024-03-11 08:37:33,308 [main] INFO  replication.ReplicationServer (ReplicationServer.java:<init>(86)) - Initializing replication server with thread count = 10 queue length = 4096
2024-03-11 08:37:33,309 [main] INFO  server.XceiverServerGrpc (XceiverServerGrpc.java:<init>(141)) - GrpcServer channel type EpollServerSocketChannel
2024-03-11 08:37:33,310 [main] INFO  replication.ReplicationSupervisor (ReplicationSupervisor.java:build(163)) - Initializing replication supervisor with thread count = 10
2024-03-11 08:37:33,310 [main] INFO  replication.ReplicationSupervisor (ReplicationSupervisor.java:nodeStateUpdated(317)) - Node state updated to IN_SERVICE, scaling executor pool size to 10
2024-03-11 08:37:33,311 [main] INFO  http.BaseHttpServer (BaseHttpServer.java:newHttpServer2BuilderForOzone(223)) - Starting Web-server for hddsDatanode at: http://0.0.0.0:15250
2024-03-11 08:37:33,312 [main] INFO  http.BaseHttpServer (BaseHttpServer.java:<init>(110)) - Hadoop Security Enabled: false Ozone Security Enabled: false Ozone HTTP Security Enabled: false 
2024-03-11 08:37:33,315 [main] WARN  server.AuthenticationFilter (AuthenticationFilter.java:constructSecretProvider(240)) - Unable to initialize FileSignerSecretProvider, falling back to use random secrets. Reason: Could not read signature secret file: /home/runner/hadoop-http-auth-signature-secret
2024-03-11 08:37:33,315 [main] INFO  http.HttpRequestLog (HttpRequestLog.java:getRequestLog(86)) - Http request log for http.requests.hddsDatanode is not defined
2024-03-11 08:37:33,316 [main] INFO  http.HttpServer2 (HttpServer2.java:addGlobalFilter(1036)) - Added global filter 'safety' (class=org.apache.hadoop.hdds.server.http.HttpServer2$QuotingInputFilter)
2024-03-11 08:37:33,316 [main] INFO  http.HttpServer2 (HttpServer2.java:addFilter(1012)) - Added filter static_user_filter (class=org.apache.hadoop.http.lib.StaticUserWebFilter$StaticUserFilter) to context hddsDatanode
2024-03-11 08:37:33,316 [main] INFO  http.HttpServer2 (HttpServer2.java:addFilter(1020)) - Added filter static_user_filter (class=org.apache.hadoop.http.lib.StaticUserWebFilter$StaticUserFilter) to context static
2024-03-11 08:37:33,317 [main] INFO  http.HttpServer2 (HttpServer2.java:addFilter(1020)) - Added filter static_user_filter (class=org.apache.hadoop.http.lib.StaticUserWebFilter$StaticUserFilter) to context logs
2024-03-11 08:37:33,317 [main] INFO  http.BaseHttpServer (BaseHttpServer.java:<init>(189)) - HTTP server of hddsDatanode uses base directory /home/runner/work/ozone/ozone/hadoop-ozone/integration-test/target/test-dir/MiniOzoneClusterImpl-90f76332-72a0-45e1-84c2-b164c055732a/ozone-meta/datanode-3/meta/webserver
2024-03-11 08:37:33,317 [main] INFO  http.HttpServer2 (HttpServer2.java:bindListener(1236)) - Jetty bound to port 15250
2024-03-11 08:37:33,317 [main] INFO  server.Server (Server.java:doStart(375)) - jetty-9.4.53.v20231009; built: 2023-10-09T12:29:09.265Z; git: 27bde00a0b95a1d5bbee0eae7984f891d2d0f8c9; jvm 1.8.0_402-b06
2024-03-11 08:37:33,318 [main] INFO  server.session (DefaultSessionIdManager.java:doStart(334)) - DefaultSessionIdManager workerName=node0
2024-03-11 08:37:33,318 [main] INFO  server.session (DefaultSessionIdManager.java:doStart(339)) - No SessionScavenger set, using defaults
2024-03-11 08:37:33,321 [main] INFO  server.session (HouseKeeper.java:startScavenging(132)) - node0 Scavenging every 660000ms
2024-03-11 08:37:33,321 [main] INFO  handler.ContextHandler (ContextHandler.java:doStart(921)) - Started o.e.j.s.ServletContextHandler@2f5b7201{logs,/logs,file:///home/runner/work/ozone/ozone/hadoop-ozone/integration-test/target/log,AVAILABLE}
2024-03-11 08:37:33,321 [main] INFO  handler.ContextHandler (ContextHandler.java:doStart(921)) - Started o.e.j.s.ServletContextHandler@1ed53511{static,/static,jar:file:/home/runner/.m2/repository/org/apache/ozone/hdds-container-service/1.5.0-SNAPSHOT/hdds-container-service-1.5.0-SNAPSHOT.jar!/webapps/static,AVAILABLE}
2024-03-11 08:37:33,352 [main] INFO  handler.ContextHandler (ContextHandler.java:doStart(921)) - Started o.e.j.w.WebAppContext@d40b70f{hddsDatanode,/,file:///home/runner/work/ozone/ozone/hadoop-ozone/integration-test/target/test-dir/MiniOzoneClusterImpl-90f76332-72a0-45e1-84c2-b164c055732a/ozone-meta/datanode-3/meta/webserver/jetty-0_0_0_0-15250-hdds-container-service-1_5_0-SNAPSHOT_jar-_-any-8789037477340869779/webapp/,AVAILABLE}{jar:file:/home/runner/.m2/repository/org/apache/ozone/hdds-container-service/1.5.0-SNAPSHOT/hdds-container-service-1.5.0-SNAPSHOT.jar!/webapps/hddsDatanode}
2024-03-11 08:37:33,353 [main] INFO  server.AbstractConnector (AbstractConnector.java:doStart(333)) - Started ServerConnector@31a999cd{HTTP/1.1, (http/1.1)}{0.0.0.0:15250}
2024-03-11 08:37:33,353 [main] INFO  server.Server (Server.java:doStart(415)) - Started @668124ms
2024-03-11 08:37:33,353 [main] WARN  impl.MetricsSystemImpl (MetricsSystemImpl.java:register(279)) - Sink prometheus already exists!
2024-03-11 08:37:33,354 [main] INFO  http.BaseHttpServer (BaseHttpServer.java:updateConnectorAddress(354)) - HTTP server of hddsDatanode listening at http://0.0.0.0:15250
2024-03-11 08:37:33,354 [main] INFO  ipc.CallQueueManager (CallQueueManager.java:<init>(90)) - Using callQueue: class java.util.concurrent.LinkedBlockingQueue, queueCapacity: 100, scheduler: class org.apache.hadoop.ipc.DefaultRpcScheduler, ipcBackoff: false.
2024-03-11 08:37:33,354 [main] INFO  ipc.Server (Server.java:<init>(1287)) - Listener at 0.0.0.0:15251
2024-03-11 08:37:33,354 [Socket Reader #1 for port 15251] INFO  ipc.Server (Server.java:run(1323)) - Starting Socket Reader #1 for port 15251
2024-03-11 08:37:33,357 [main] INFO  ozone.HddsDatanodeService (HddsDatanodeService.java:start(327)) - Datanode start with admins: [*, runner]
2024-03-11 08:37:33,357 [main] INFO  ozone.HddsDatanodeClientProtocolServer (HddsDatanodeClientProtocolServer.java:start(77)) - RPC server for Client /0.0.0.0:15251
2024-03-11 08:37:33,358 [IPC Server Responder] INFO  ipc.Server (Server.java:run(1562)) - IPC Server Responder: starting
2024-03-11 08:37:33,358 [IPC Server listener on 15251] INFO  ipc.Server (Server.java:run(1402)) - IPC Server listener on 15251: starting
2024-03-11 08:37:33,362 [1d5332b8-2026-4dcd-8050-ba186ddabe02-DatanodeStateMachineDaemonThread] INFO  statemachine.DatanodeStateMachine (DatanodeStateMachine.java:lambda$startDaemon$1(555)) - Ozone container server started.
2024-03-11 08:37:33,362 [main] INFO  ozone.MiniOzoneClusterImpl (MiniOzoneClusterImpl.java:lambda$waitForClusterToBeReady$0(194)) - Waiting for nodes to be ready. Got 0 of 3 DN Heartbeats.
2024-03-11 08:37:33,365 [main] INFO  ozone.MiniOzoneClusterImpl (MiniOzoneClusterImpl.java:lambda$waitForClusterToBeReady$0(197)) - Waiting for cluster to exit safe mode
2024-03-11 08:37:33,365 [main] INFO  ozone.MiniOzoneClusterImpl (MiniOzoneClusterImpl.java:lambda$waitForClusterToBeReady$0(199)) - SCM became leader
2024-03-11 08:37:33,366 [1d5332b8-2026-4dcd-8050-ba186ddabe02-DatanodeStateMachineTaskThread-0] INFO  datanode.InitDatanodeState (InitDatanodeState.java:persistContainerDatanodeDetails(139)) - DatanodeDetails is persisted to /home/runner/work/ozone/ozone/hadoop-ozone/integration-test/target/test-dir/MiniOzoneClusterImpl-90f76332-72a0-45e1-84c2-b164c055732a/ozone-meta/datanode-3/meta/datanode.id
2024-03-11 08:37:33,796 [omNode-2@group-523986131536-StateMachineUpdater] INFO  ratis.OzoneManagerStateMachine (OzoneManagerStateMachine.java:notifyConfigurationChanged(198)) - Received Configuration change notification from Ratis. New Peer list:
[id: "omNode-3"
address: "localhost:15230"
startupRole: FOLLOWER
, id: "omNode-1"
address: "localhost:15222"
startupRole: FOLLOWER
, id: "omNode-2"
address: "localhost:15226"
startupRole: FOLLOWER
]
2024-03-11 08:37:33,806 [omNode-3@group-523986131536-StateMachineUpdater] INFO  ratis.OzoneManagerStateMachine (OzoneManagerStateMachine.java:notifyConfigurationChanged(198)) - Received Configuration change notification from Ratis. New Peer list:
[id: "omNode-3"
address: "localhost:15230"
startupRole: FOLLOWER
, id: "omNode-1"
address: "localhost:15222"
startupRole: FOLLOWER
, id: "omNode-2"
address: "localhost:15226"
startupRole: FOLLOWER
]
2024-03-11 08:37:34,365 [main] INFO  ozone.MiniOzoneClusterImpl (MiniOzoneClusterImpl.java:lambda$waitForClusterToBeReady$0(194)) - Waiting for nodes to be ready. Got 0 of 3 DN Heartbeats.
2024-03-11 08:37:34,365 [main] INFO  ozone.MiniOzoneClusterImpl (MiniOzoneClusterImpl.java:lambda$waitForClusterToBeReady$0(197)) - Waiting for cluster to exit safe mode
2024-03-11 08:37:34,365 [main] INFO  ozone.MiniOzoneClusterImpl (MiniOzoneClusterImpl.java:lambda$waitForClusterToBeReady$0(199)) - SCM became leader
2024-03-11 08:37:35,173 [14692c26-374e-4997-9d8a-ad202747d88d-EndpointStateMachineTaskThread-/0.0.0.0:15217-0 ] INFO  utils.DatanodeStoreCache (DatanodeStoreCache.java:addDB(72)) - Added db /home/runner/work/ozone/ozone/hadoop-ozone/integration-test/target/test-dir/MiniOzoneClusterImpl-90f76332-72a0-45e1-84c2-b164c055732a/ozone-meta/datanode-1/data-0/hdds/90f76332-72a0-45e1-84c2-b164c055732a/DS-95c74ac9-e8ee-4974-81de-1ad009f662fd/container.db to cache
2024-03-11 08:37:35,173 [14692c26-374e-4997-9d8a-ad202747d88d-EndpointStateMachineTaskThread-/0.0.0.0:15217-0 ] INFO  volume.HddsVolume (HddsVolume.java:createDbStore(420)) - SchemaV3 db is created and loaded at /home/runner/work/ozone/ozone/hadoop-ozone/integration-test/target/test-dir/MiniOzoneClusterImpl-90f76332-72a0-45e1-84c2-b164c055732a/ozone-meta/datanode-1/data-0/hdds/90f76332-72a0-45e1-84c2-b164c055732a/DS-95c74ac9-e8ee-4974-81de-1ad009f662fd/container.db for volume DS-95c74ac9-e8ee-4974-81de-1ad009f662fd
2024-03-11 08:37:35,175 [14692c26-374e-4997-9d8a-ad202747d88d-ContainerReader-0] INFO  ozoneimpl.ContainerReader (ContainerReader.java:readVolume(148)) - Start to verify containers on volume /home/runner/work/ozone/ozone/hadoop-ozone/integration-test/target/test-dir/MiniOzoneClusterImpl-90f76332-72a0-45e1-84c2-b164c055732a/ozone-meta/datanode-1/data-0/hdds
2024-03-11 08:37:35,175 [14692c26-374e-4997-9d8a-ad202747d88d-ContainerReader-0] INFO  ozoneimpl.ContainerReader (ContainerReader.java:readVolume(178)) - Finish verifying containers on volume /home/runner/work/ozone/ozone/hadoop-ozone/integration-test/target/test-dir/MiniOzoneClusterImpl-90f76332-72a0-45e1-84c2-b164c055732a/ozone-meta/datanode-1/data-0/hdds
2024-03-11 08:37:35,175 [14692c26-374e-4997-9d8a-ad202747d88d-EndpointStateMachineTaskThread-/0.0.0.0:15217-0 ] INFO  ozoneimpl.OzoneContainer (OzoneContainer.java:buildContainerSet(328)) - Build ContainerSet costs 0s
2024-03-11 08:37:35,175 [14692c26-374e-4997-9d8a-ad202747d88d-EndpointStateMachineTaskThread-/0.0.0.0:15217-0 ] INFO  volume.ThrottledAsyncChecker (ThrottledAsyncChecker.java:schedule(141)) - Scheduling a check for /home/runner/work/ozone/ozone/hadoop-ozone/integration-test/target/test-dir/MiniOzoneClusterImpl-90f76332-72a0-45e1-84c2-b164c055732a/ozone-meta/datanode-1/data-0/hdds
2024-03-11 08:37:35,175 [14692c26-374e-4997-9d8a-ad202747d88d-EndpointStateMachineTaskThread-/0.0.0.0:15217-0 ] INFO  volume.StorageVolumeChecker (StorageVolumeChecker.java:checkAllVolumes(218)) - Scheduled health check for volume /home/runner/work/ozone/ozone/hadoop-ozone/integration-test/target/test-dir/MiniOzoneClusterImpl-90f76332-72a0-45e1-84c2-b164c055732a/ozone-meta/datanode-1/data-0/hdds
2024-03-11 08:37:35,177 [14692c26-374e-4997-9d8a-ad202747d88d-EndpointStateMachineTaskThread-/0.0.0.0:15217-0 ] INFO  volume.ThrottledAsyncChecker (ThrottledAsyncChecker.java:schedule(141)) - Scheduling a check for /home/runner/work/ozone/ozone/hadoop-ozone/integration-test/target/test-dir/MiniOzoneClusterImpl-90f76332-72a0-45e1-84c2-b164c055732a/ozone-meta/datanode-1/ratis
2024-03-11 08:37:35,177 [14692c26-374e-4997-9d8a-ad202747d88d-EndpointStateMachineTaskThread-/0.0.0.0:15217-0 ] INFO  volume.StorageVolumeChecker (StorageVolumeChecker.java:checkAllVolumes(218)) - Scheduled health check for volume /home/runner/work/ozone/ozone/hadoop-ozone/integration-test/target/test-dir/MiniOzoneClusterImpl-90f76332-72a0-45e1-84c2-b164c055732a/ozone-meta/datanode-1/ratis
2024-03-11 08:37:35,178 [14692c26-374e-4997-9d8a-ad202747d88d-EndpointStateMachineTaskThread-/0.0.0.0:15217-0 ] INFO  ozoneimpl.OzoneContainer (OzoneContainer.java:start(459)) - Attempting to start container services.
2024-03-11 08:37:35,179 [14692c26-374e-4997-9d8a-ad202747d88d-EndpointStateMachineTaskThread-/0.0.0.0:15217-0 ] INFO  ozoneimpl.OzoneContainer (OzoneContainer.java:startContainerScrub(339)) - Scheduled background container scanners and the on-demand container scanner have been disabled.
2024-03-11 08:37:35,179 [14692c26-374e-4997-9d8a-ad202747d88d-EndpointStateMachineTaskThread-/0.0.0.0:15217-0 ] INFO  replication.ReplicationServer (ReplicationServer.java:start(142)) - ReplicationServer is started using port 15239
2024-03-11 08:37:35,179 [14692c26-374e-4997-9d8a-ad202747d88d-EndpointStateMachineTaskThread-/0.0.0.0:15217-0 ] INFO  ratis.XceiverServerRatis (XceiverServerRatis.java:start(566)) - Starting XceiverServerRatis 14692c26-374e-4997-9d8a-ad202747d88d
2024-03-11 08:37:35,180 [14692c26-374e-4997-9d8a-ad202747d88d-EndpointStateMachineTaskThread-/0.0.0.0:15217-0 ] INFO  server.RaftServer (RaftServerProxy.java:startImpl(406)) - 14692c26-374e-4997-9d8a-ad202747d88d: start RPC server
2024-03-11 08:37:35,180 [14692c26-374e-4997-9d8a-ad202747d88d-EndpointStateMachineTaskThread-/0.0.0.0:15217-0 ] INFO  server.GrpcService (GrpcService.java:startImpl(302)) - 14692c26-374e-4997-9d8a-ad202747d88d: GrpcService started, listening on 15235
2024-03-11 08:37:35,180 [14692c26-374e-4997-9d8a-ad202747d88d-EndpointStateMachineTaskThread-/0.0.0.0:15217-0 ] INFO  server.GrpcService (GrpcService.java:startImpl(302)) - 14692c26-374e-4997-9d8a-ad202747d88d: GrpcService started, listening on 15237
2024-03-11 08:37:35,180 [14692c26-374e-4997-9d8a-ad202747d88d-EndpointStateMachineTaskThread-/0.0.0.0:15217-0 ] INFO  server.GrpcService (GrpcService.java:startImpl(302)) - 14692c26-374e-4997-9d8a-ad202747d88d: GrpcService started, listening on 15236
2024-03-11 08:37:35,180 [14692c26-374e-4997-9d8a-ad202747d88d-EndpointStateMachineTaskThread-/0.0.0.0:15217-0 ] INFO  ratis.XceiverServerRatis (XceiverServerRatis.java:getRealPort(592)) - XceiverServerRatis 14692c26-374e-4997-9d8a-ad202747d88d is started using port 15235 for RATIS
2024-03-11 08:37:35,180 [JvmPauseMonitor63] INFO  util.JvmPauseMonitor (JvmPauseMonitor.java:run(146)) - JvmPauseMonitor-14692c26-374e-4997-9d8a-ad202747d88d: Started
2024-03-11 08:37:35,180 [14692c26-374e-4997-9d8a-ad202747d88d-EndpointStateMachineTaskThread-/0.0.0.0:15217-0 ] INFO  ratis.XceiverServerRatis (XceiverServerRatis.java:getRealPort(592)) - XceiverServerRatis 14692c26-374e-4997-9d8a-ad202747d88d is started using port 15236 for RATIS_ADMIN
2024-03-11 08:37:35,180 [14692c26-374e-4997-9d8a-ad202747d88d-EndpointStateMachineTaskThread-/0.0.0.0:15217-0 ] INFO  ratis.XceiverServerRatis (XceiverServerRatis.java:getRealPort(592)) - XceiverServerRatis 14692c26-374e-4997-9d8a-ad202747d88d is started using port 15237 for RATIS_SERVER
2024-03-11 08:37:35,181 [14692c26-374e-4997-9d8a-ad202747d88d-EndpointStateMachineTaskThread-/0.0.0.0:15217-0 ] INFO  ratis.XceiverServerRatis (XceiverServerRatis.java:getRealPort(592)) - XceiverServerRatis 14692c26-374e-4997-9d8a-ad202747d88d is started using port 15238 for RATIS_DATASTREAM
2024-03-11 08:37:35,181 [14692c26-374e-4997-9d8a-ad202747d88d-BlockDeletingService#0] INFO  interfaces.ContainerDeletionChoosingPolicyTemplate (ContainerDeletionChoosingPolicyTemplate.java:chooseContainerForBlockDeletion(85)) - Chosen 0/5000 blocks from 0 candidate containers.
2024-03-11 08:37:35,279 [7431f2c9-6bc6-4872-82e6-1e22af8aa733-EndpointStateMachineTaskThread-/0.0.0.0:15217-0 ] INFO  utils.DatanodeStoreCache (DatanodeStoreCache.java:addDB(72)) - Added db /home/runner/work/ozone/ozone/hadoop-ozone/integration-test/target/test-dir/MiniOzoneClusterImpl-90f76332-72a0-45e1-84c2-b164c055732a/ozone-meta/datanode-2/data-0/hdds/90f76332-72a0-45e1-84c2-b164c055732a/DS-8865b2a9-e393-4d09-870e-f91fad3a8d93/container.db to cache
2024-03-11 08:37:35,279 [7431f2c9-6bc6-4872-82e6-1e22af8aa733-EndpointStateMachineTaskThread-/0.0.0.0:15217-0 ] INFO  volume.HddsVolume (HddsVolume.java:createDbStore(420)) - SchemaV3 db is created and loaded at /home/runner/work/ozone/ozone/hadoop-ozone/integration-test/target/test-dir/MiniOzoneClusterImpl-90f76332-72a0-45e1-84c2-b164c055732a/ozone-meta/datanode-2/data-0/hdds/90f76332-72a0-45e1-84c2-b164c055732a/DS-8865b2a9-e393-4d09-870e-f91fad3a8d93/container.db for volume DS-8865b2a9-e393-4d09-870e-f91fad3a8d93
2024-03-11 08:37:35,280 [7431f2c9-6bc6-4872-82e6-1e22af8aa733-ContainerReader-0] INFO  ozoneimpl.ContainerReader (ContainerReader.java:readVolume(148)) - Start to verify containers on volume /home/runner/work/ozone/ozone/hadoop-ozone/integration-test/target/test-dir/MiniOzoneClusterImpl-90f76332-72a0-45e1-84c2-b164c055732a/ozone-meta/datanode-2/data-0/hdds
2024-03-11 08:37:35,281 [7431f2c9-6bc6-4872-82e6-1e22af8aa733-ContainerReader-0] INFO  ozoneimpl.ContainerReader (ContainerReader.java:readVolume(178)) - Finish verifying containers on volume /home/runner/work/ozone/ozone/hadoop-ozone/integration-test/target/test-dir/MiniOzoneClusterImpl-90f76332-72a0-45e1-84c2-b164c055732a/ozone-meta/datanode-2/data-0/hdds
2024-03-11 08:37:35,281 [7431f2c9-6bc6-4872-82e6-1e22af8aa733-EndpointStateMachineTaskThread-/0.0.0.0:15217-0 ] INFO  ozoneimpl.OzoneContainer (OzoneContainer.java:buildContainerSet(328)) - Build ContainerSet costs 0s
2024-03-11 08:37:35,281 [7431f2c9-6bc6-4872-82e6-1e22af8aa733-EndpointStateMachineTaskThread-/0.0.0.0:15217-0 ] INFO  volume.ThrottledAsyncChecker (ThrottledAsyncChecker.java:schedule(141)) - Scheduling a check for /home/runner/work/ozone/ozone/hadoop-ozone/integration-test/target/test-dir/MiniOzoneClusterImpl-90f76332-72a0-45e1-84c2-b164c055732a/ozone-meta/datanode-2/data-0/hdds
2024-03-11 08:37:35,281 [7431f2c9-6bc6-4872-82e6-1e22af8aa733-EndpointStateMachineTaskThread-/0.0.0.0:15217-0 ] INFO  volume.StorageVolumeChecker (StorageVolumeChecker.java:checkAllVolumes(218)) - Scheduled health check for volume /home/runner/work/ozone/ozone/hadoop-ozone/integration-test/target/test-dir/MiniOzoneClusterImpl-90f76332-72a0-45e1-84c2-b164c055732a/ozone-meta/datanode-2/data-0/hdds
2024-03-11 08:37:35,283 [7431f2c9-6bc6-4872-82e6-1e22af8aa733-EndpointStateMachineTaskThread-/0.0.0.0:15217-0 ] INFO  volume.ThrottledAsyncChecker (ThrottledAsyncChecker.java:schedule(141)) - Scheduling a check for /home/runner/work/ozone/ozone/hadoop-ozone/integration-test/target/test-dir/MiniOzoneClusterImpl-90f76332-72a0-45e1-84c2-b164c055732a/ozone-meta/datanode-2/ratis
2024-03-11 08:37:35,283 [7431f2c9-6bc6-4872-82e6-1e22af8aa733-EndpointStateMachineTaskThread-/0.0.0.0:15217-0 ] INFO  volume.StorageVolumeChecker (StorageVolumeChecker.java:checkAllVolumes(218)) - Scheduled health check for volume /home/runner/work/ozone/ozone/hadoop-ozone/integration-test/target/test-dir/MiniOzoneClusterImpl-90f76332-72a0-45e1-84c2-b164c055732a/ozone-meta/datanode-2/ratis
2024-03-11 08:37:35,284 [7431f2c9-6bc6-4872-82e6-1e22af8aa733-EndpointStateMachineTaskThread-/0.0.0.0:15217-0 ] INFO  ozoneimpl.OzoneContainer (OzoneContainer.java:start(459)) - Attempting to start container services.
2024-03-11 08:37:35,284 [7431f2c9-6bc6-4872-82e6-1e22af8aa733-EndpointStateMachineTaskThread-/0.0.0.0:15217-0 ] INFO  ozoneimpl.OzoneContainer (OzoneContainer.java:startContainerScrub(339)) - Scheduled background container scanners and the on-demand container scanner have been disabled.
2024-03-11 08:37:35,284 [7431f2c9-6bc6-4872-82e6-1e22af8aa733-EndpointStateMachineTaskThread-/0.0.0.0:15217-0 ] INFO  replication.ReplicationServer (ReplicationServer.java:start(142)) - ReplicationServer is started using port 15248
2024-03-11 08:37:35,284 [7431f2c9-6bc6-4872-82e6-1e22af8aa733-EndpointStateMachineTaskThread-/0.0.0.0:15217-0 ] INFO  ratis.XceiverServerRatis (XceiverServerRatis.java:start(566)) - Starting XceiverServerRatis 7431f2c9-6bc6-4872-82e6-1e22af8aa733
2024-03-11 08:37:35,285 [7431f2c9-6bc6-4872-82e6-1e22af8aa733-EndpointStateMachineTaskThread-/0.0.0.0:15217-0 ] INFO  server.RaftServer (RaftServerProxy.java:startImpl(406)) - 7431f2c9-6bc6-4872-82e6-1e22af8aa733: start RPC server
2024-03-11 08:37:35,285 [7431f2c9-6bc6-4872-82e6-1e22af8aa733-EndpointStateMachineTaskThread-/0.0.0.0:15217-0 ] INFO  server.GrpcService (GrpcService.java:startImpl(302)) - 7431f2c9-6bc6-4872-82e6-1e22af8aa733: GrpcService started, listening on 15244
2024-03-11 08:37:35,285 [7431f2c9-6bc6-4872-82e6-1e22af8aa733-EndpointStateMachineTaskThread-/0.0.0.0:15217-0 ] INFO  server.GrpcService (GrpcService.java:startImpl(302)) - 7431f2c9-6bc6-4872-82e6-1e22af8aa733: GrpcService started, listening on 15246
2024-03-11 08:37:35,285 [7431f2c9-6bc6-4872-82e6-1e22af8aa733-EndpointStateMachineTaskThread-/0.0.0.0:15217-0 ] INFO  server.GrpcService (GrpcService.java:startImpl(302)) - 7431f2c9-6bc6-4872-82e6-1e22af8aa733: GrpcService started, listening on 15245
2024-03-11 08:37:35,286 [7431f2c9-6bc6-4872-82e6-1e22af8aa733-EndpointStateMachineTaskThread-/0.0.0.0:15217-0 ] INFO  ratis.XceiverServerRatis (XceiverServerRatis.java:getRealPort(592)) - XceiverServerRatis 7431f2c9-6bc6-4872-82e6-1e22af8aa733 is started using port 15244 for RATIS
2024-03-11 08:37:35,286 [7431f2c9-6bc6-4872-82e6-1e22af8aa733-EndpointStateMachineTaskThread-/0.0.0.0:15217-0 ] INFO  ratis.XceiverServerRatis (XceiverServerRatis.java:getRealPort(592)) - XceiverServerRatis 7431f2c9-6bc6-4872-82e6-1e22af8aa733 is started using port 15245 for RATIS_ADMIN
2024-03-11 08:37:35,286 [7431f2c9-6bc6-4872-82e6-1e22af8aa733-EndpointStateMachineTaskThread-/0.0.0.0:15217-0 ] INFO  ratis.XceiverServerRatis (XceiverServerRatis.java:getRealPort(592)) - XceiverServerRatis 7431f2c9-6bc6-4872-82e6-1e22af8aa733 is started using port 15246 for RATIS_SERVER
2024-03-11 08:37:35,286 [7431f2c9-6bc6-4872-82e6-1e22af8aa733-EndpointStateMachineTaskThread-/0.0.0.0:15217-0 ] INFO  ratis.XceiverServerRatis (XceiverServerRatis.java:getRealPort(592)) - XceiverServerRatis 7431f2c9-6bc6-4872-82e6-1e22af8aa733 is started using port 15247 for RATIS_DATASTREAM
2024-03-11 08:37:35,286 [JvmPauseMonitor64] INFO  util.JvmPauseMonitor (JvmPauseMonitor.java:run(146)) - JvmPauseMonitor-7431f2c9-6bc6-4872-82e6-1e22af8aa733: Started
2024-03-11 08:37:35,287 [7431f2c9-6bc6-4872-82e6-1e22af8aa733-BlockDeletingService#0] INFO  interfaces.ContainerDeletionChoosingPolicyTemplate (ContainerDeletionChoosingPolicyTemplate.java:chooseContainerForBlockDeletion(85)) - Chosen 0/5000 blocks from 0 candidate containers.
2024-03-11 08:37:35,366 [main] INFO  ozone.MiniOzoneClusterImpl (MiniOzoneClusterImpl.java:lambda$waitForClusterToBeReady$0(194)) - Waiting for nodes to be ready. Got 0 of 3 DN Heartbeats.
2024-03-11 08:37:35,366 [main] INFO  ozone.MiniOzoneClusterImpl (MiniOzoneClusterImpl.java:lambda$waitForClusterToBeReady$0(197)) - Waiting for cluster to exit safe mode
2024-03-11 08:37:35,366 [main] INFO  ozone.MiniOzoneClusterImpl (MiniOzoneClusterImpl.java:lambda$waitForClusterToBeReady$0(199)) - SCM became leader
2024-03-11 08:37:35,385 [1d5332b8-2026-4dcd-8050-ba186ddabe02-EndpointStateMachineTaskThread-/0.0.0.0:15217-0 ] INFO  utils.DatanodeStoreCache (DatanodeStoreCache.java:addDB(72)) - Added db /home/runner/work/ozone/ozone/hadoop-ozone/integration-test/target/test-dir/MiniOzoneClusterImpl-90f76332-72a0-45e1-84c2-b164c055732a/ozone-meta/datanode-3/data-0/hdds/90f76332-72a0-45e1-84c2-b164c055732a/DS-e979d11a-d9bd-463c-8f12-87438c61ba7e/container.db to cache
2024-03-11 08:37:35,385 [1d5332b8-2026-4dcd-8050-ba186ddabe02-EndpointStateMachineTaskThread-/0.0.0.0:15217-0 ] INFO  volume.HddsVolume (HddsVolume.java:createDbStore(420)) - SchemaV3 db is created and loaded at /home/runner/work/ozone/ozone/hadoop-ozone/integration-test/target/test-dir/MiniOzoneClusterImpl-90f76332-72a0-45e1-84c2-b164c055732a/ozone-meta/datanode-3/data-0/hdds/90f76332-72a0-45e1-84c2-b164c055732a/DS-e979d11a-d9bd-463c-8f12-87438c61ba7e/container.db for volume DS-e979d11a-d9bd-463c-8f12-87438c61ba7e
2024-03-11 08:37:35,386 [1d5332b8-2026-4dcd-8050-ba186ddabe02-ContainerReader-0] INFO  ozoneimpl.ContainerReader (ContainerReader.java:readVolume(148)) - Start to verify containers on volume /home/runner/work/ozone/ozone/hadoop-ozone/integration-test/target/test-dir/MiniOzoneClusterImpl-90f76332-72a0-45e1-84c2-b164c055732a/ozone-meta/datanode-3/data-0/hdds
2024-03-11 08:37:35,386 [1d5332b8-2026-4dcd-8050-ba186ddabe02-ContainerReader-0] INFO  ozoneimpl.ContainerReader (ContainerReader.java:readVolume(178)) - Finish verifying containers on volume /home/runner/work/ozone/ozone/hadoop-ozone/integration-test/target/test-dir/MiniOzoneClusterImpl-90f76332-72a0-45e1-84c2-b164c055732a/ozone-meta/datanode-3/data-0/hdds
2024-03-11 08:37:35,386 [1d5332b8-2026-4dcd-8050-ba186ddabe02-EndpointStateMachineTaskThread-/0.0.0.0:15217-0 ] INFO  ozoneimpl.OzoneContainer (OzoneContainer.java:buildContainerSet(328)) - Build ContainerSet costs 0s
2024-03-11 08:37:35,386 [1d5332b8-2026-4dcd-8050-ba186ddabe02-EndpointStateMachineTaskThread-/0.0.0.0:15217-0 ] INFO  volume.ThrottledAsyncChecker (ThrottledAsyncChecker.java:schedule(141)) - Scheduling a check for /home/runner/work/ozone/ozone/hadoop-ozone/integration-test/target/test-dir/MiniOzoneClusterImpl-90f76332-72a0-45e1-84c2-b164c055732a/ozone-meta/datanode-3/data-0/hdds
2024-03-11 08:37:35,387 [1d5332b8-2026-4dcd-8050-ba186ddabe02-EndpointStateMachineTaskThread-/0.0.0.0:15217-0 ] INFO  volume.StorageVolumeChecker (StorageVolumeChecker.java:checkAllVolumes(218)) - Scheduled health check for volume /home/runner/work/ozone/ozone/hadoop-ozone/integration-test/target/test-dir/MiniOzoneClusterImpl-90f76332-72a0-45e1-84c2-b164c055732a/ozone-meta/datanode-3/data-0/hdds
2024-03-11 08:37:35,388 [1d5332b8-2026-4dcd-8050-ba186ddabe02-EndpointStateMachineTaskThread-/0.0.0.0:15217-0 ] INFO  volume.ThrottledAsyncChecker (ThrottledAsyncChecker.java:schedule(141)) - Scheduling a check for /home/runner/work/ozone/ozone/hadoop-ozone/integration-test/target/test-dir/MiniOzoneClusterImpl-90f76332-72a0-45e1-84c2-b164c055732a/ozone-meta/datanode-3/ratis
2024-03-11 08:37:35,388 [1d5332b8-2026-4dcd-8050-ba186ddabe02-EndpointStateMachineTaskThread-/0.0.0.0:15217-0 ] INFO  volume.StorageVolumeChecker (StorageVolumeChecker.java:checkAllVolumes(218)) - Scheduled health check for volume /home/runner/work/ozone/ozone/hadoop-ozone/integration-test/target/test-dir/MiniOzoneClusterImpl-90f76332-72a0-45e1-84c2-b164c055732a/ozone-meta/datanode-3/ratis
2024-03-11 08:37:35,391 [1d5332b8-2026-4dcd-8050-ba186ddabe02-EndpointStateMachineTaskThread-/0.0.0.0:15217-0 ] INFO  ozoneimpl.OzoneContainer (OzoneContainer.java:start(459)) - Attempting to start container services.
2024-03-11 08:37:35,391 [1d5332b8-2026-4dcd-8050-ba186ddabe02-EndpointStateMachineTaskThread-/0.0.0.0:15217-0 ] INFO  ozoneimpl.OzoneContainer (OzoneContainer.java:startContainerScrub(339)) - Scheduled background container scanners and the on-demand container scanner have been disabled.
2024-03-11 08:37:35,391 [1d5332b8-2026-4dcd-8050-ba186ddabe02-EndpointStateMachineTaskThread-/0.0.0.0:15217-0 ] INFO  replication.ReplicationServer (ReplicationServer.java:start(142)) - ReplicationServer is started using port 15257
2024-03-11 08:37:35,392 [1d5332b8-2026-4dcd-8050-ba186ddabe02-EndpointStateMachineTaskThread-/0.0.0.0:15217-0 ] INFO  ratis.XceiverServerRatis (XceiverServerRatis.java:start(566)) - Starting XceiverServerRatis 1d5332b8-2026-4dcd-8050-ba186ddabe02
2024-03-11 08:37:35,392 [1d5332b8-2026-4dcd-8050-ba186ddabe02-EndpointStateMachineTaskThread-/0.0.0.0:15217-0 ] INFO  server.RaftServer (RaftServerProxy.java:startImpl(406)) - 1d5332b8-2026-4dcd-8050-ba186ddabe02: start RPC server
2024-03-11 08:37:35,392 [1d5332b8-2026-4dcd-8050-ba186ddabe02-EndpointStateMachineTaskThread-/0.0.0.0:15217-0 ] INFO  server.GrpcService (GrpcService.java:startImpl(302)) - 1d5332b8-2026-4dcd-8050-ba186ddabe02: GrpcService started, listening on 15253
2024-03-11 08:37:35,392 [1d5332b8-2026-4dcd-8050-ba186ddabe02-EndpointStateMachineTaskThread-/0.0.0.0:15217-0 ] INFO  server.GrpcService (GrpcService.java:startImpl(302)) - 1d5332b8-2026-4dcd-8050-ba186ddabe02: GrpcService started, listening on 15255
2024-03-11 08:37:35,393 [1d5332b8-2026-4dcd-8050-ba186ddabe02-EndpointStateMachineTaskThread-/0.0.0.0:15217-0 ] INFO  server.GrpcService (GrpcService.java:startImpl(302)) - 1d5332b8-2026-4dcd-8050-ba186ddabe02: GrpcService started, listening on 15254
2024-03-11 08:37:35,393 [1d5332b8-2026-4dcd-8050-ba186ddabe02-EndpointStateMachineTaskThread-/0.0.0.0:15217-0 ] INFO  ratis.XceiverServerRatis (XceiverServerRatis.java:getRealPort(592)) - XceiverServerRatis 1d5332b8-2026-4dcd-8050-ba186ddabe02 is started using port 15253 for RATIS
2024-03-11 08:37:35,393 [1d5332b8-2026-4dcd-8050-ba186ddabe02-EndpointStateMachineTaskThread-/0.0.0.0:15217-0 ] INFO  ratis.XceiverServerRatis (XceiverServerRatis.java:getRealPort(592)) - XceiverServerRatis 1d5332b8-2026-4dcd-8050-ba186ddabe02 is started using port 15254 for RATIS_ADMIN
2024-03-11 08:37:35,393 [1d5332b8-2026-4dcd-8050-ba186ddabe02-EndpointStateMachineTaskThread-/0.0.0.0:15217-0 ] INFO  ratis.XceiverServerRatis (XceiverServerRatis.java:getRealPort(592)) - XceiverServerRatis 1d5332b8-2026-4dcd-8050-ba186ddabe02 is started using port 15255 for RATIS_SERVER
2024-03-11 08:37:35,393 [1d5332b8-2026-4dcd-8050-ba186ddabe02-EndpointStateMachineTaskThread-/0.0.0.0:15217-0 ] INFO  ratis.XceiverServerRatis (XceiverServerRatis.java:getRealPort(592)) - XceiverServerRatis 1d5332b8-2026-4dcd-8050-ba186ddabe02 is started using port 15256 for RATIS_DATASTREAM
2024-03-11 08:37:35,393 [JvmPauseMonitor65] INFO  util.JvmPauseMonitor (JvmPauseMonitor.java:run(146)) - JvmPauseMonitor-1d5332b8-2026-4dcd-8050-ba186ddabe02: Started
2024-03-11 08:37:35,394 [1d5332b8-2026-4dcd-8050-ba186ddabe02-BlockDeletingService#0] INFO  interfaces.ContainerDeletionChoosingPolicyTemplate (ContainerDeletionChoosingPolicyTemplate.java:chooseContainerForBlockDeletion(85)) - Chosen 0/5000 blocks from 0 candidate containers.
2024-03-11 08:37:36,366 [main] INFO  ozone.MiniOzoneClusterImpl (MiniOzoneClusterImpl.java:lambda$waitForClusterToBeReady$0(194)) - Waiting for nodes to be ready. Got 0 of 3 DN Heartbeats.
2024-03-11 08:37:36,366 [main] INFO  ozone.MiniOzoneClusterImpl (MiniOzoneClusterImpl.java:lambda$waitForClusterToBeReady$0(197)) - Waiting for cluster to exit safe mode
2024-03-11 08:37:36,367 [main] INFO  ozone.MiniOzoneClusterImpl (MiniOzoneClusterImpl.java:lambda$waitForClusterToBeReady$0(199)) - SCM became leader
2024-03-11 08:37:37,145 [IPC Server handler 0 on default port 15217] INFO  net.NetworkTopologyImpl (NetworkTopologyImpl.java:add(133)) - Added a new node: /default-rack/14692c26-374e-4997-9d8a-ad202747d88d
2024-03-11 08:37:37,145 [IPC Server handler 0 on default port 15217] INFO  node.SCMNodeManager (SCMNodeManager.java:register(421)) - Registered datanode: 14692c26-374e-4997-9d8a-ad202747d88d{ip: 10.1.0.9, host: fv-az1250-130.ebmzynhy2g4u3nwuixrszff3we.cx.internal.cloudapp.net, ports: [HTTP=15232, CLIENT_RPC=15233, REPLICATION=15239, RATIS=15235, RATIS_ADMIN=15236, RATIS_SERVER=15237, RATIS_DATASTREAM=15238, STANDALONE=15234], networkLocation: /default-rack, certSerialId: null, persistedOpState: null, persistedOpStateExpiryEpochSec: 0}
2024-03-11 08:37:37,147 [EventQueue-NodeRegistrationContainerReportForContainerSafeModeRule] INFO  safemode.SCMSafeModeManager (SCMSafeModeManager.java:validateSafeModeExitRules(200)) - ContainerSafeModeRule rule is successfully validated
2024-03-11 08:37:37,147 [EventQueue-NodeRegistrationContainerReportForDataNodeSafeModeRule] INFO  safemode.SCMSafeModeManager (DataNodeSafeModeRule.java:process(71)) - SCM in safe mode. 1 DataNodes registered, 3 required.
2024-03-11 08:37:37,150 [EventQueue-NewNodeForNewNodeHandler] INFO  pipeline.BackgroundPipelineCreator (BackgroundPipelineCreator.java:notifyEventTriggered(280)) - trigger a one-shot run on RatisPipelineUtilsThread.
2024-03-11 08:37:37,150 [EventQueue-PipelineReportForOneReplicaPipelineSafeModeRule] INFO  safemode.SCMSafeModeManager (SCMSafeModeManager.java:validateSafeModeExitRules(200)) - AtleastOneDatanodeReportedRule rule is successfully validated
2024-03-11 08:37:37,150 [RatisPipelineUtilsThread-0] INFO  pipeline.RatisPipelineProvider (RatisPipelineProvider.java:lambda$create$0(205)) - Sending CreatePipelineCommand for pipeline:PipelineID=6a658626-d304-4754-bfd4-477bc2119754 to datanode:14692c26-374e-4997-9d8a-ad202747d88d
2024-03-11 08:37:37,150 [RatisPipelineUtilsThread-0] INFO  pipeline.BackgroundPipelineCreator (BackgroundPipelineCreator.java:createPipelines(236)) - Created new pipeline Pipeline[ Id: 6a658626-d304-4754-bfd4-477bc2119754, Nodes: 14692c26-374e-4997-9d8a-ad202747d88d(fv-az1250-130.ebmzynhy2g4u3nwuixrszff3we.cx.internal.cloudapp.net/10.1.0.9), ReplicationConfig: RATIS/ONE, State:ALLOCATED, leaderId:, CreationTimestamp2024-03-11T08:37:37.150Z[Etc/UTC]]
2024-03-11 08:37:37,250 [IPC Server handler 3 on default port 15217] INFO  net.NetworkTopologyImpl (NetworkTopologyImpl.java:add(133)) - Added a new node: /default-rack/7431f2c9-6bc6-4872-82e6-1e22af8aa733
2024-03-11 08:37:37,251 [IPC Server handler 3 on default port 15217] INFO  node.SCMNodeManager (SCMNodeManager.java:register(421)) - Registered datanode: 7431f2c9-6bc6-4872-82e6-1e22af8aa733{ip: 10.1.0.9, host: fv-az1250-130.ebmzynhy2g4u3nwuixrszff3we.cx.internal.cloudapp.net, ports: [HTTP=15241, CLIENT_RPC=15242, REPLICATION=15248, RATIS=15244, RATIS_ADMIN=15245, RATIS_SERVER=15246, RATIS_DATASTREAM=15247, STANDALONE=15243], networkLocation: /default-rack, certSerialId: null, persistedOpState: null, persistedOpStateExpiryEpochSec: 0}
2024-03-11 08:37:37,251 [EventQueue-NewNodeForNewNodeHandler] INFO  pipeline.BackgroundPipelineCreator (BackgroundPipelineCreator.java:notifyEventTriggered(280)) - trigger a one-shot run on RatisPipelineUtilsThread.
2024-03-11 08:37:37,251 [EventQueue-NodeRegistrationContainerReportForDataNodeSafeModeRule] INFO  safemode.SCMSafeModeManager (DataNodeSafeModeRule.java:process(71)) - SCM in safe mode. 2 DataNodes registered, 3 required.
2024-03-11 08:37:37,251 [RatisPipelineUtilsThread-0] INFO  pipeline.RatisPipelineProvider (RatisPipelineProvider.java:lambda$create$0(205)) - Sending CreatePipelineCommand for pipeline:PipelineID=87a6a08f-ecd9-4832-ab5c-bb996a11e6df to datanode:7431f2c9-6bc6-4872-82e6-1e22af8aa733
2024-03-11 08:37:37,252 [RatisPipelineUtilsThread-0] INFO  pipeline.BackgroundPipelineCreator (BackgroundPipelineCreator.java:createPipelines(236)) - Created new pipeline Pipeline[ Id: 87a6a08f-ecd9-4832-ab5c-bb996a11e6df, Nodes: 7431f2c9-6bc6-4872-82e6-1e22af8aa733(fv-az1250-130.ebmzynhy2g4u3nwuixrszff3we.cx.internal.cloudapp.net/10.1.0.9), ReplicationConfig: RATIS/ONE, State:ALLOCATED, leaderId:, CreationTimestamp2024-03-11T08:37:37.251Z[Etc/UTC]]
2024-03-11 08:37:37,363 [IPC Server handler 4 on default port 15217] INFO  net.NetworkTopologyImpl (NetworkTopologyImpl.java:add(133)) - Added a new node: /default-rack/1d5332b8-2026-4dcd-8050-ba186ddabe02
2024-03-11 08:37:37,364 [IPC Server handler 4 on default port 15217] INFO  node.SCMNodeManager (SCMNodeManager.java:register(421)) - Registered datanode: 1d5332b8-2026-4dcd-8050-ba186ddabe02{ip: 10.1.0.9, host: fv-az1250-130.ebmzynhy2g4u3nwuixrszff3we.cx.internal.cloudapp.net, ports: [HTTP=15250, CLIENT_RPC=15251, REPLICATION=15257, RATIS=15253, RATIS_ADMIN=15254, RATIS_SERVER=15255, RATIS_DATASTREAM=15256, STANDALONE=15252], networkLocation: /default-rack, certSerialId: null, persistedOpState: null, persistedOpStateExpiryEpochSec: 0}
2024-03-11 08:37:37,365 [EventQueue-NodeRegistrationContainerReportForDataNodeSafeModeRule] INFO  safemode.SCMSafeModeManager (DataNodeSafeModeRule.java:process(71)) - SCM in safe mode. 3 DataNodes registered, 3 required.
2024-03-11 08:37:37,365 [EventQueue-NewNodeForNewNodeHandler] INFO  pipeline.BackgroundPipelineCreator (BackgroundPipelineCreator.java:notifyEventTriggered(280)) - trigger a one-shot run on RatisPipelineUtilsThread.
2024-03-11 08:37:37,365 [EventQueue-NodeRegistrationContainerReportForDataNodeSafeModeRule] INFO  safemode.SCMSafeModeManager (SCMSafeModeManager.java:validateSafeModeExitRules(200)) - DataNodeSafeModeRule rule is successfully validated
2024-03-11 08:37:37,365 [EventQueue-NodeRegistrationContainerReportForDataNodeSafeModeRule] INFO  safemode.SCMSafeModeManager (SCMSafeModeManager.java:completePreCheck(229)) - All SCM safe mode pre check rules have passed
2024-03-11 08:37:37,365 [EventQueue-NodeRegistrationContainerReportForDataNodeSafeModeRule] INFO  ha.SCMContext (SCMContext.java:updateSafeModeStatus(225)) - Update SafeModeStatus from SafeModeStatus{safeModeStatus=true, preCheckPassed=false} to SafeModeStatus{safeModeStatus=true, preCheckPassed=true}.
2024-03-11 08:37:37,365 [EventQueue-NodeRegistrationContainerReportForDataNodeSafeModeRule] INFO  pipeline.BackgroundPipelineCreator (BackgroundPipelineCreator.java:notifyEventTriggered(280)) - trigger a one-shot run on RatisPipelineUtilsThread.
2024-03-11 08:37:37,365 [RatisPipelineUtilsThread-0] INFO  pipeline.RatisPipelineProvider (RatisPipelineProvider.java:lambda$create$0(205)) - Sending CreatePipelineCommand for pipeline:PipelineID=88f6382e-9ef4-4791-bb8a-4f9544984461 to datanode:1d5332b8-2026-4dcd-8050-ba186ddabe02
2024-03-11 08:37:37,366 [RatisPipelineUtilsThread-0] INFO  pipeline.BackgroundPipelineCreator (BackgroundPipelineCreator.java:createPipelines(236)) - Created new pipeline Pipeline[ Id: 88f6382e-9ef4-4791-bb8a-4f9544984461, Nodes: 1d5332b8-2026-4dcd-8050-ba186ddabe02(fv-az1250-130.ebmzynhy2g4u3nwuixrszff3we.cx.internal.cloudapp.net/10.1.0.9), ReplicationConfig: RATIS/ONE, State:ALLOCATED, leaderId:, CreationTimestamp2024-03-11T08:37:37.365Z[Etc/UTC]]
2024-03-11 08:37:37,366 [RatisPipelineUtilsThread-0] INFO  pipeline.RatisPipelineProvider (RatisPipelineProvider.java:lambda$create$0(205)) - Sending CreatePipelineCommand for pipeline:PipelineID=cc1e9a4f-f61c-4fbd-a5f0-994f13f799f8 to datanode:1d5332b8-2026-4dcd-8050-ba186ddabe02
2024-03-11 08:37:37,366 [RatisPipelineUtilsThread-0] INFO  pipeline.RatisPipelineProvider (RatisPipelineProvider.java:lambda$create$0(205)) - Sending CreatePipelineCommand for pipeline:PipelineID=cc1e9a4f-f61c-4fbd-a5f0-994f13f799f8 to datanode:14692c26-374e-4997-9d8a-ad202747d88d
2024-03-11 08:37:37,366 [RatisPipelineUtilsThread-0] INFO  pipeline.RatisPipelineProvider (RatisPipelineProvider.java:lambda$create$0(205)) - Sending CreatePipelineCommand for pipeline:PipelineID=cc1e9a4f-f61c-4fbd-a5f0-994f13f799f8 to datanode:7431f2c9-6bc6-4872-82e6-1e22af8aa733
2024-03-11 08:37:37,366 [RatisPipelineUtilsThread-0] INFO  pipeline.BackgroundPipelineCreator (BackgroundPipelineCreator.java:createPipelines(236)) - Created new pipeline Pipeline[ Id: cc1e9a4f-f61c-4fbd-a5f0-994f13f799f8, Nodes: 1d5332b8-2026-4dcd-8050-ba186ddabe02(fv-az1250-130.ebmzynhy2g4u3nwuixrszff3we.cx.internal.cloudapp.net/10.1.0.9)14692c26-374e-4997-9d8a-ad202747d88d(fv-az1250-130.ebmzynhy2g4u3nwuixrszff3we.cx.internal.cloudapp.net/10.1.0.9)7431f2c9-6bc6-4872-82e6-1e22af8aa733(fv-az1250-130.ebmzynhy2g4u3nwuixrszff3we.cx.internal.cloudapp.net/10.1.0.9), ReplicationConfig: RATIS/THREE, State:ALLOCATED, leaderId:, CreationTimestamp2024-03-11T08:37:37.366Z[Etc/UTC]]
2024-03-11 08:37:37,367 [RatisPipelineUtilsThread-0] INFO  pipeline.RatisPipelineProvider (RatisPipelineProvider.java:lambda$create$0(205)) - Sending CreatePipelineCommand for pipeline:PipelineID=cb4de3dd-2c03-4c8d-8b9e-a3ec578c1444 to datanode:14692c26-374e-4997-9d8a-ad202747d88d
2024-03-11 08:37:37,367 [RatisPipelineUtilsThread-0] INFO  pipeline.RatisPipelineProvider (RatisPipelineProvider.java:lambda$create$0(205)) - Sending CreatePipelineCommand for pipeline:PipelineID=cb4de3dd-2c03-4c8d-8b9e-a3ec578c1444 to datanode:1d5332b8-2026-4dcd-8050-ba186ddabe02
2024-03-11 08:37:37,367 [RatisPipelineUtilsThread-0] INFO  pipeline.RatisPipelineProvider (RatisPipelineProvider.java:lambda$create$0(205)) - Sending CreatePipelineCommand for pipeline:PipelineID=cb4de3dd-2c03-4c8d-8b9e-a3ec578c1444 to datanode:7431f2c9-6bc6-4872-82e6-1e22af8aa733
2024-03-11 08:37:37,367 [RatisPipelineUtilsThread-0] INFO  pipeline.PipelineManagerImpl (PipelineManagerImpl.java:recordMetricsForPipeline(916)) - Pipeline: PipelineID=cb4de3dd-2c03-4c8d-8b9e-a3ec578c1444 contains same datanodes as previous pipelines: PipelineID=cc1e9a4f-f61c-4fbd-a5f0-994f13f799f8 nodeIds: 14692c26-374e-4997-9d8a-ad202747d88d, 1d5332b8-2026-4dcd-8050-ba186ddabe02, 7431f2c9-6bc6-4872-82e6-1e22af8aa733
2024-03-11 08:37:37,367 [RatisPipelineUtilsThread-0] INFO  pipeline.BackgroundPipelineCreator (BackgroundPipelineCreator.java:createPipelines(236)) - Created new pipeline Pipeline[ Id: cb4de3dd-2c03-4c8d-8b9e-a3ec578c1444, Nodes: 14692c26-374e-4997-9d8a-ad202747d88d(fv-az1250-130.ebmzynhy2g4u3nwuixrszff3we.cx.internal.cloudapp.net/10.1.0.9)1d5332b8-2026-4dcd-8050-ba186ddabe02(fv-az1250-130.ebmzynhy2g4u3nwuixrszff3we.cx.internal.cloudapp.net/10.1.0.9)7431f2c9-6bc6-4872-82e6-1e22af8aa733(fv-az1250-130.ebmzynhy2g4u3nwuixrszff3we.cx.internal.cloudapp.net/10.1.0.9), ReplicationConfig: RATIS/THREE, State:ALLOCATED, leaderId:, CreationTimestamp2024-03-11T08:37:37.367Z[Etc/UTC]]
2024-03-11 08:37:37,367 [main] INFO  ozone.MiniOzoneClusterImpl (MiniOzoneClusterImpl.java:lambda$waitForClusterToBeReady$0(194)) - Nodes are ready. Got 3 of 3 DN Heartbeats.
2024-03-11 08:37:37,368 [main] INFO  ozone.MiniOzoneClusterImpl (MiniOzoneClusterImpl.java:lambda$waitForClusterToBeReady$0(197)) - Waiting for cluster to exit safe mode
2024-03-11 08:37:37,368 [main] INFO  ozone.MiniOzoneClusterImpl (MiniOzoneClusterImpl.java:lambda$waitForClusterToBeReady$0(199)) - SCM became leader
2024-03-11 08:37:38,368 [main] INFO  ozone.MiniOzoneClusterImpl (MiniOzoneClusterImpl.java:lambda$waitForClusterToBeReady$0(194)) - Nodes are ready. Got 3 of 3 DN Heartbeats.
2024-03-11 08:37:38,368 [main] INFO  ozone.MiniOzoneClusterImpl (MiniOzoneClusterImpl.java:lambda$waitForClusterToBeReady$0(197)) - Waiting for cluster to exit safe mode
2024-03-11 08:37:38,368 [main] INFO  ozone.MiniOzoneClusterImpl (MiniOzoneClusterImpl.java:lambda$waitForClusterToBeReady$0(199)) - SCM became leader
2024-03-11 08:37:39,369 [main] INFO  ozone.MiniOzoneClusterImpl (MiniOzoneClusterImpl.java:lambda$waitForClusterToBeReady$0(194)) - Nodes are ready. Got 3 of 3 DN Heartbeats.
2024-03-11 08:37:39,369 [main] INFO  ozone.MiniOzoneClusterImpl (MiniOzoneClusterImpl.java:lambda$waitForClusterToBeReady$0(197)) - Waiting for cluster to exit safe mode
2024-03-11 08:37:39,369 [main] INFO  ozone.MiniOzoneClusterImpl (MiniOzoneClusterImpl.java:lambda$waitForClusterToBeReady$0(199)) - SCM became leader
2024-03-11 08:37:40,146 [14692c26-374e-4997-9d8a-ad202747d88d-PipelineCommandHandlerThread-0] INFO  server.RaftServer (RaftServerProxy.java:addNew(100)) - 14692c26-374e-4997-9d8a-ad202747d88d: addNew group-477BC2119754:[14692c26-374e-4997-9d8a-ad202747d88d|10.1.0.9:15237] returns group-477BC2119754:java.util.concurrent.CompletableFuture@144f1c4a[Not completed]
2024-03-11 08:37:40,146 [14692c26-374e-4997-9d8a-ad202747d88d-groupManagement] INFO  server.RaftServer$Division (RaftServerImpl.java:<init>(256)) - 14692c26-374e-4997-9d8a-ad202747d88d: new RaftServerImpl for group-477BC2119754:[14692c26-374e-4997-9d8a-ad202747d88d|10.1.0.9:15237] with ContainerStateMachine:uninitialized
2024-03-11 08:37:40,146 [14692c26-374e-4997-9d8a-ad202747d88d-groupManagement] INFO  server.RaftServerConfigKeys (ConfUtils.java:logGet(46)) - raft.server.rpc.timeout.min = 5s (custom)
2024-03-11 08:37:40,146 [14692c26-374e-4997-9d8a-ad202747d88d-groupManagement] INFO  server.RaftServerConfigKeys (ConfUtils.java:logGet(46)) - raft.server.rpc.timeout.max = 5200ms (custom)
2024-03-11 08:37:40,146 [14692c26-374e-4997-9d8a-ad202747d88d-groupManagement] INFO  server.RaftServerConfigKeys (ConfUtils.java:logGet(46)) - raft.server.rpc.sleep.time = 25ms (default)
2024-03-11 08:37:40,147 [14692c26-374e-4997-9d8a-ad202747d88d-groupManagement] INFO  server.RaftServerConfigKeys (ConfUtils.java:logGet(46)) - raft.server.rpc.slowness.timeout = 300s (custom)
2024-03-11 08:37:40,147 [14692c26-374e-4997-9d8a-ad202747d88d-groupManagement] INFO  server.RaftServerConfigKeys (ConfUtils.java:logGet(46)) - raft.server.leaderelection.leader.step-down.wait-time = 10s (default)
2024-03-11 08:37:40,147 [14692c26-374e-4997-9d8a-ad202747d88d-groupManagement] INFO  server.RaftServerConfigKeys (ConfUtils.java:logGet(46)) - raft.server.leaderelection.member.majority-add = false (default)
2024-03-11 08:37:40,147 [14692c26-374e-4997-9d8a-ad202747d88d-groupManagement] INFO  server.RaftServerConfigKeys (ConfUtils.java:logGet(46)) - raft.server.sleep.deviation.threshold = 300ms (default)
2024-03-11 08:37:40,147 [14692c26-374e-4997-9d8a-ad202747d88d-groupManagement] INFO  server.RaftServer$Division (ServerState.java:<init>(113)) - 14692c26-374e-4997-9d8a-ad202747d88d@group-477BC2119754: ConfigurationManager, init=-1: peers:[14692c26-374e-4997-9d8a-ad202747d88d|10.1.0.9:15237]|listeners:[], old=null, confs=<EMPTY_MAP>
2024-03-11 08:37:40,147 [14692c26-374e-4997-9d8a-ad202747d88d-groupManagement] INFO  server.RaftServerConfigKeys (ConfUtils.java:logGet(46)) - raft.server.notification.no-leader.timeout = 300s (custom)
2024-03-11 08:37:40,147 [14692c26-374e-4997-9d8a-ad202747d88d-groupManagement] INFO  server.RaftServerConfigKeys (ConfUtils.java:logGet(46)) - raft.server.read.timeout = 10s (default)
2024-03-11 08:37:40,147 [14692c26-374e-4997-9d8a-ad202747d88d-groupManagement] INFO  server.RaftServerConfigKeys (ConfUtils.java:logGet(46)) - raft.server.retrycache.expirytime = 600000ms (custom)
2024-03-11 08:37:40,147 [14692c26-374e-4997-9d8a-ad202747d88d-groupManagement] INFO  server.RaftServerConfigKeys (ConfUtils.java:logGet(46)) - raft.server.retrycache.statistics.expirytime = 100ms (default)
2024-03-11 08:37:40,147 [14692c26-374e-4997-9d8a-ad202747d88d-groupManagement] INFO  server.RaftServerConfigKeys (ConfUtils.java:logGet(46)) - raft.server.read.option = DEFAULT (default)
2024-03-11 08:37:40,147 [14692c26-374e-4997-9d8a-ad202747d88d-groupManagement] INFO  server.RaftServerConfigKeys (ConfUtils.java:logGet(46)) - raft.server.read.read-after-write-consistent.write-index-cache.expiry-time = 60s (default)
2024-03-11 08:37:40,149 [14692c26-374e-4997-9d8a-ad202747d88d-groupManagement] INFO  server.RaftServerConfigKeys (ConfUtils.java:logGet(46)) - raft.server.rpc.request.timeout = 60s (custom)
2024-03-11 08:37:40,149 [14692c26-374e-4997-9d8a-ad202747d88d-groupManagement] INFO  server.RaftServerConfigKeys (ConfUtils.java:logGet(46)) - raft.server.log.appender.install.snapshot.enabled = false (custom)
2024-03-11 08:37:40,149 [14692c26-374e-4997-9d8a-ad202747d88d-groupManagement] INFO  server.RaftServerConfigKeys (ConfUtils.java:logGet(46)) - raft.server.threadpool.server.cached = true (default)
2024-03-11 08:37:40,149 [14692c26-374e-4997-9d8a-ad202747d88d-groupManagement] INFO  server.RaftServerConfigKeys (ConfUtils.java:logGet(46)) - raft.server.threadpool.server.size = 0 (default)
2024-03-11 08:37:40,149 [14692c26-374e-4997-9d8a-ad202747d88d-groupManagement] INFO  server.RaftServerConfigKeys (ConfUtils.java:logGet(46)) - raft.server.threadpool.client.cached = true (default)
2024-03-11 08:37:40,149 [14692c26-374e-4997-9d8a-ad202747d88d-groupManagement] INFO  server.RaftServerConfigKeys (ConfUtils.java:logGet(46)) - raft.server.threadpool.client.size = 0 (default)
2024-03-11 08:37:40,149 [14692c26-374e-4997-9d8a-ad202747d88d-groupManagement] INFO  server.RaftServerConfigKeys (ConfUtils.java:logGet(46)) - raft.server.storage.free-space.min = 0MB (=0) (default)
2024-03-11 08:37:40,149 [14692c26-374e-4997-9d8a-ad202747d88d-groupManagement] INFO  server.RaftServerConfigKeys (ConfUtils.java:logGet(46)) - raft.server.log.corruption.policy = EXCEPTION (default)
2024-03-11 08:37:40,149 [14692c26-374e-4997-9d8a-ad202747d88d-groupManagement] INFO  server.RaftServerConfigKeys (ConfUtils.java:logGet(46)) - raft.server.storage.dir = [/home/runner/work/ozone/ozone/hadoop-ozone/integration-test/target/test-dir/MiniOzoneClusterImpl-90f76332-72a0-45e1-84c2-b164c055732a/ozone-meta/datanode-1/ratis] (custom)
2024-03-11 08:37:40,149 [14692c26-374e-4997-9d8a-ad202747d88d-groupManagement] INFO  storage.RaftStorageDirectory (RaftStorageDirectoryImpl.java:analyzeStorage(138)) - The storage directory /home/runner/work/ozone/ozone/hadoop-ozone/integration-test/target/test-dir/MiniOzoneClusterImpl-90f76332-72a0-45e1-84c2-b164c055732a/ozone-meta/datanode-1/ratis/6a658626-d304-4754-bfd4-477bc2119754 does not exist. Creating ...
2024-03-11 08:37:40,151 [14692c26-374e-4997-9d8a-ad202747d88d-groupManagement] INFO  storage.RaftStorageDirectory (RaftStorageDirectoryImpl.java:tryLock(228)) - Lock on /home/runner/work/ozone/ozone/hadoop-ozone/integration-test/target/test-dir/MiniOzoneClusterImpl-90f76332-72a0-45e1-84c2-b164c055732a/ozone-meta/datanode-1/ratis/6a658626-d304-4754-bfd4-477bc2119754/in_use.lock acquired by nodename 48108@fv-az1250-130
2024-03-11 08:37:40,153 [14692c26-374e-4997-9d8a-ad202747d88d-groupManagement] INFO  storage.RaftStorage (RaftStorageImpl.java:format(99)) - Storage directory /home/runner/work/ozone/ozone/hadoop-ozone/integration-test/target/test-dir/MiniOzoneClusterImpl-90f76332-72a0-45e1-84c2-b164c055732a/ozone-meta/datanode-1/ratis/6a658626-d304-4754-bfd4-477bc2119754 has been successfully formatted.
2024-03-11 08:37:40,153 [14692c26-374e-4997-9d8a-ad202747d88d-groupManagement] WARN  util.FileUtils (LogUtils.java:supplyAndLog(63)) - Failed to Files.newInputStream /home/runner/work/ozone/ozone/hadoop-ozone/integration-test/target/test-dir/MiniOzoneClusterImpl-90f76332-72a0-45e1-84c2-b164c055732a/ozone-meta/datanode-1/ratis/6a658626-d304-4754-bfd4-477bc2119754/current/raft-meta.conf with options []: java.nio.file.NoSuchFileException: /home/runner/work/ozone/ozone/hadoop-ozone/integration-test/target/test-dir/MiniOzoneClusterImpl-90f76332-72a0-45e1-84c2-b164c055732a/ozone-meta/datanode-1/ratis/6a658626-d304-4754-bfd4-477bc2119754/current/raft-meta.conf
2024-03-11 08:37:40,154 [14692c26-374e-4997-9d8a-ad202747d88d-groupManagement] INFO  ratis.ContainerStateMachine (ContainerStateMachine.java:loadSnapshot(287)) - group-477BC2119754: The snapshot info is null. Setting the last applied index to:(t:0, i:~)
2024-03-11 08:37:40,154 [14692c26-374e-4997-9d8a-ad202747d88d-groupManagement] INFO  server.RaftServerConfigKeys (ConfUtils.java:logGet(46)) - raft.server.log.use.memory = false (default)
2024-03-11 08:37:40,154 [14692c26-374e-4997-9d8a-ad202747d88d-groupManagement] INFO  server.RaftServerConfigKeys (ConfUtils.java:logGet(46)) - raft.server.log.purge.gap = 1000000 (custom)
2024-03-11 08:37:40,154 [14692c26-374e-4997-9d8a-ad202747d88d-groupManagement] INFO  server.RaftServerConfigKeys (ConfUtils.java:logGet(46)) - raft.server.log.appender.buffer.byte-limit = 8388608 (custom)
2024-03-11 08:37:40,154 [14692c26-374e-4997-9d8a-ad202747d88d-groupManagement] INFO  server.RaftServerConfigKeys (ConfUtils.java:logGet(46)) - raft.server.log.statemachine.data.read.timeout = 1000ms (default)
2024-03-11 08:37:40,154 [14692c26-374e-4997-9d8a-ad202747d88d-groupManagement] INFO  server.RaftServerConfigKeys (ConfUtils.java:logGet(46)) - raft.server.log.purge.preservation.log.num = 0 (default)
2024-03-11 08:37:40,155 [14692c26-374e-4997-9d8a-ad202747d88d-groupManagement] INFO  server.RaftServerConfigKeys (ConfUtils.java:logGet(46)) - raft.server.log.segment.size.max = 67108864 (custom)
2024-03-11 08:37:40,155 [14692c26-374e-4997-9d8a-ad202747d88d-groupManagement] INFO  server.RaftServerConfigKeys (ConfUtils.java:logGet(46)) - raft.server.log.segment.cache.num.max = 2 (custom)
2024-03-11 08:37:40,155 [14692c26-374e-4997-9d8a-ad202747d88d-groupManagement] INFO  server.RaftServerConfigKeys (ConfUtils.java:logGet(46)) - raft.server.log.segment.cache.size.max = 200MB (=209715200) (default)
2024-03-11 08:37:40,155 [14692c26-374e-4997-9d8a-ad202747d88d-groupManagement] INFO  server.RaftServerConfigKeys (ConfUtils.java:logGet(46)) - raft.server.log.appender.buffer.byte-limit = 8388608 (custom)
2024-03-11 08:37:40,155 [EventQueue-PipelineReportForPipelineReportHandler] INFO  pipeline.PipelineReportHandler (PipelineReportHandler.java:processPipelineReport(136)) - Opened pipeline PipelineID=6a658626-d304-4754-bfd4-477bc2119754
2024-03-11 08:37:40,156 [14692c26-374e-4997-9d8a-ad202747d88d-groupManagement] INFO  util.AwaitToRun (AwaitToRun.java:start(81)) - Thread[14692c26-374e-4997-9d8a-ad202747d88d@group-477BC2119754-cacheEviction-AwaitToRun,5,main] started
2024-03-11 08:37:40,156 [14692c26-374e-4997-9d8a-ad202747d88d-groupManagement] INFO  segmented.SegmentedRaftLogWorker (SegmentedRaftLogWorker.java:<init>(182)) - new 14692c26-374e-4997-9d8a-ad202747d88d@group-477BC2119754-SegmentedRaftLogWorker for RaftStorageImpl:Storage Directory /home/runner/work/ozone/ozone/hadoop-ozone/integration-test/target/test-dir/MiniOzoneClusterImpl-90f76332-72a0-45e1-84c2-b164c055732a/ozone-meta/datanode-1/ratis/6a658626-d304-4754-bfd4-477bc2119754
2024-03-11 08:37:40,156 [14692c26-374e-4997-9d8a-ad202747d88d-groupManagement] INFO  server.RaftServerConfigKeys (ConfUtils.java:logGet(46)) - raft.server.log.queue.byte-limit = 4294967296 (custom)
2024-03-11 08:37:40,157 [14692c26-374e-4997-9d8a-ad202747d88d-groupManagement] INFO  server.RaftServerConfigKeys (ConfUtils.java:logGet(46)) - raft.server.log.queue.element-limit = 1024 (custom)
2024-03-11 08:37:40,157 [EventQueue-OpenPipelineForHealthyPipelineSafeModeRule] INFO  safemode.SCMSafeModeManager (HealthyPipelineSafeModeRule.java:process(140)) - SCM in safe mode. Healthy pipelines reported count is 0, required healthy pipeline reported count is 1
2024-03-11 08:37:40,157 [14692c26-374e-4997-9d8a-ad202747d88d-groupManagement] INFO  server.RaftServerConfigKeys (ConfUtils.java:logGet(46)) - raft.server.log.segment.size.max = 67108864 (custom)
2024-03-11 08:37:40,157 [14692c26-374e-4997-9d8a-ad202747d88d-groupManagement] INFO  server.RaftServerConfigKeys (ConfUtils.java:logGet(46)) - raft.server.log.preallocated.size = 4194304 (custom)
2024-03-11 08:37:40,157 [14692c26-374e-4997-9d8a-ad202747d88d-groupManagement] INFO  server.RaftServerConfigKeys (ConfUtils.java:logGet(46)) - raft.server.log.force.sync.num = 128 (default)
2024-03-11 08:37:40,157 [14692c26-374e-4997-9d8a-ad202747d88d-groupManagement] INFO  server.RaftServerConfigKeys (ConfUtils.java:logGet(46)) - raft.server.log.statemachine.data.sync = true (default)
2024-03-11 08:37:40,157 [14692c26-374e-4997-9d8a-ad202747d88d-groupManagement] INFO  server.RaftServerConfigKeys (ConfUtils.java:logGet(46)) - raft.server.log.statemachine.data.sync.timeout = 10s (default)
2024-03-11 08:37:40,157 [14692c26-374e-4997-9d8a-ad202747d88d-groupManagement] INFO  server.RaftServerConfigKeys (ConfUtils.java:logGet(46)) - raft.server.log.statemachine.data.sync.timeout.retry = 0 (custom)
2024-03-11 08:37:40,158 [14692c26-374e-4997-9d8a-ad202747d88d-groupManagement] INFO  server.RaftServerConfigKeys (ConfUtils.java:logGet(46)) - raft.server.log.write.buffer.size = 8388616 (custom)
2024-03-11 08:37:40,159 [14692c26-374e-4997-9d8a-ad202747d88d-groupManagement] INFO  server.RaftServerConfigKeys (ConfUtils.java:logGet(46)) - raft.server.log.appender.buffer.byte-limit = 8388608 (custom)
2024-03-11 08:37:40,159 [14692c26-374e-4997-9d8a-ad202747d88d-groupManagement] INFO  server.RaftServerConfigKeys (ConfUtils.java:logGet(46)) - raft.server.log.unsafe-flush.enabled = false (default)
2024-03-11 08:37:40,159 [14692c26-374e-4997-9d8a-ad202747d88d-groupManagement] INFO  server.RaftServerConfigKeys (ConfUtils.java:logGet(46)) - raft.server.log.async-flush.enabled = false (default)
2024-03-11 08:37:40,159 [14692c26-374e-4997-9d8a-ad202747d88d-groupManagement] INFO  server.RaftServerConfigKeys (ConfUtils.java:logGet(46)) - raft.server.log.statemachine.data.caching.enabled = true (custom)
2024-03-11 08:37:40,159 [14692c26-374e-4997-9d8a-ad202747d88d-groupManagement] INFO  segmented.SegmentedRaftLogWorker (SegmentedRaftLogWorker.java:lambda$new$0(134)) - 14692c26-374e-4997-9d8a-ad202747d88d@group-477BC2119754-SegmentedRaftLogWorker: flushIndex: setUnconditionally 0 -> -1
2024-03-11 08:37:40,159 [14692c26-374e-4997-9d8a-ad202747d88d-groupManagement] INFO  segmented.SegmentedRaftLogWorker (SegmentedRaftLogWorker.java:lambda$new$0(134)) - 14692c26-374e-4997-9d8a-ad202747d88d@group-477BC2119754-SegmentedRaftLogWorker: safeCacheEvictIndex: setUnconditionally 0 -> -1
2024-03-11 08:37:40,159 [14692c26-374e-4997-9d8a-ad202747d88d-groupManagement] INFO  server.RaftServer$Division (RaftServerImpl.java:start(396)) - 14692c26-374e-4997-9d8a-ad202747d88d@group-477BC2119754: start as a follower, conf=-1: peers:[14692c26-374e-4997-9d8a-ad202747d88d|10.1.0.9:15237]|listeners:[], old=null
2024-03-11 08:37:40,159 [14692c26-374e-4997-9d8a-ad202747d88d-groupManagement] INFO  server.RaftServer$Division (RaftServerImpl.java:setRole(383)) - 14692c26-374e-4997-9d8a-ad202747d88d@group-477BC2119754: changes role from      null to FOLLOWER at term 0 for startAsFollower
2024-03-11 08:37:40,159 [14692c26-374e-4997-9d8a-ad202747d88d-groupManagement] INFO  impl.RoleInfo (RoleInfo.java:updateAndGet(139)) - 14692c26-374e-4997-9d8a-ad202747d88d: start 14692c26-374e-4997-9d8a-ad202747d88d@group-477BC2119754-FollowerState
2024-03-11 08:37:40,160 [14692c26-374e-4997-9d8a-ad202747d88d-groupManagement] INFO  util.JmxRegister (JmxRegister.java:tryRegister(44)) - Successfully registered JMX Bean with object name Ratis:service=RaftServer,group=group-477BC2119754,id=14692c26-374e-4997-9d8a-ad202747d88d
2024-03-11 08:37:40,160 [14692c26-374e-4997-9d8a-ad202747d88d@group-477BC2119754-FollowerState] INFO  server.RaftServerConfigKeys (ConfUtils.java:logFallback(53)) - raft.server.rpc.first-election.timeout.min = 5s (fallback to raft.server.rpc.timeout.min)
2024-03-11 08:37:40,160 [14692c26-374e-4997-9d8a-ad202747d88d-groupManagement] INFO  server.RaftServerConfigKeys (ConfUtils.java:logGet(46)) - raft.server.snapshot.trigger-when-stop.enabled = true (default)
2024-03-11 08:37:40,160 [14692c26-374e-4997-9d8a-ad202747d88d@group-477BC2119754-FollowerState] INFO  server.RaftServerConfigKeys (ConfUtils.java:logFallback(53)) - raft.server.rpc.first-election.timeout.max = 5200ms (fallback to raft.server.rpc.timeout.max)
2024-03-11 08:37:40,160 [14692c26-374e-4997-9d8a-ad202747d88d-groupManagement] INFO  server.RaftServerConfigKeys (ConfUtils.java:logGet(46)) - raft.server.snapshot.auto.trigger.enabled = true (custom)
2024-03-11 08:37:40,160 [14692c26-374e-4997-9d8a-ad202747d88d-groupManagement] INFO  server.RaftServerConfigKeys (ConfUtils.java:logGet(46)) - raft.server.snapshot.auto.trigger.threshold = 10000 (custom)
2024-03-11 08:37:40,160 [14692c26-374e-4997-9d8a-ad202747d88d-groupManagement] INFO  server.RaftServerConfigKeys (ConfUtils.java:logGet(46)) - raft.server.snapshot.retention.file.num = 5 (custom)
2024-03-11 08:37:40,160 [14692c26-374e-4997-9d8a-ad202747d88d-groupManagement] INFO  server.RaftServerConfigKeys (ConfUtils.java:logGet(46)) - raft.server.log.purge.upto.snapshot.index = false (default)
2024-03-11 08:37:40,160 [14692c26-374e-4997-9d8a-ad202747d88d-PipelineCommandHandlerThread-0] INFO  ratis.XceiverServerRatis (XceiverServerRatis.java:addGroup(864)) - Created group PipelineID=6a658626-d304-4754-bfd4-477bc2119754
2024-03-11 08:37:40,160 [14692c26-374e-4997-9d8a-ad202747d88d-PipelineCommandHandlerThread-0] INFO  commandhandler.CreatePipelineCommandHandler (CreatePipelineCommandHandler.java:lambda$handle$2(124)) - Created Pipeline RATIS ONE PipelineID=6a658626-d304-4754-bfd4-477bc2119754.
2024-03-11 08:37:40,161 [14692c26-374e-4997-9d8a-ad202747d88d-PipelineCommandHandlerThread-0] INFO  server.RaftServer (RaftServerProxy.java:addNew(100)) - 14692c26-374e-4997-9d8a-ad202747d88d: addNew group-994F13F799F8:[7431f2c9-6bc6-4872-82e6-1e22af8aa733|10.1.0.9:15246, 1d5332b8-2026-4dcd-8050-ba186ddabe02|10.1.0.9:15255, 14692c26-374e-4997-9d8a-ad202747d88d|10.1.0.9:15237] returns group-994F13F799F8:java.util.concurrent.CompletableFuture@10709a1b[Not completed]
2024-03-11 08:37:40,161 [14692c26-374e-4997-9d8a-ad202747d88d-groupManagement] INFO  server.RaftServer$Division (RaftServerImpl.java:<init>(256)) - 14692c26-374e-4997-9d8a-ad202747d88d: new RaftServerImpl for group-994F13F799F8:[7431f2c9-6bc6-4872-82e6-1e22af8aa733|10.1.0.9:15246, 1d5332b8-2026-4dcd-8050-ba186ddabe02|10.1.0.9:15255, 14692c26-374e-4997-9d8a-ad202747d88d|10.1.0.9:15237] with ContainerStateMachine:uninitialized
2024-03-11 08:37:40,161 [14692c26-374e-4997-9d8a-ad202747d88d-groupManagement] INFO  server.RaftServerConfigKeys (ConfUtils.java:logGet(46)) - raft.server.rpc.timeout.min = 5s (custom)
2024-03-11 08:37:40,161 [14692c26-374e-4997-9d8a-ad202747d88d-groupManagement] INFO  server.RaftServerConfigKeys (ConfUtils.java:logGet(46)) - raft.server.rpc.timeout.max = 5200ms (custom)
2024-03-11 08:37:40,161 [14692c26-374e-4997-9d8a-ad202747d88d-groupManagement] INFO  server.RaftServerConfigKeys (ConfUtils.java:logGet(46)) - raft.server.rpc.sleep.time = 25ms (default)
2024-03-11 08:37:40,162 [14692c26-374e-4997-9d8a-ad202747d88d-groupManagement] INFO  server.RaftServerConfigKeys (ConfUtils.java:logGet(46)) - raft.server.rpc.slowness.timeout = 300s (custom)
2024-03-11 08:37:40,162 [14692c26-374e-4997-9d8a-ad202747d88d-groupManagement] INFO  server.RaftServerConfigKeys (ConfUtils.java:logGet(46)) - raft.server.leaderelection.leader.step-down.wait-time = 10s (default)
2024-03-11 08:37:40,162 [14692c26-374e-4997-9d8a-ad202747d88d-groupManagement] INFO  server.RaftServerConfigKeys (ConfUtils.java:logGet(46)) - raft.server.leaderelection.member.majority-add = false (default)
2024-03-11 08:37:40,162 [14692c26-374e-4997-9d8a-ad202747d88d-groupManagement] INFO  server.RaftServerConfigKeys (ConfUtils.java:logGet(46)) - raft.server.sleep.deviation.threshold = 300ms (default)
2024-03-11 08:37:40,162 [14692c26-374e-4997-9d8a-ad202747d88d-groupManagement] INFO  server.RaftServer$Division (ServerState.java:<init>(113)) - 14692c26-374e-4997-9d8a-ad202747d88d@group-994F13F799F8: ConfigurationManager, init=-1: peers:[7431f2c9-6bc6-4872-82e6-1e22af8aa733|10.1.0.9:15246, 1d5332b8-2026-4dcd-8050-ba186ddabe02|10.1.0.9:15255, 14692c26-374e-4997-9d8a-ad202747d88d|10.1.0.9:15237]|listeners:[], old=null, confs=<EMPTY_MAP>
2024-03-11 08:37:40,162 [14692c26-374e-4997-9d8a-ad202747d88d-groupManagement] INFO  server.RaftServerConfigKeys (ConfUtils.java:logGet(46)) - raft.server.notification.no-leader.timeout = 300s (custom)
2024-03-11 08:37:40,162 [14692c26-374e-4997-9d8a-ad202747d88d-groupManagement] INFO  server.RaftServerConfigKeys (ConfUtils.java:logGet(46)) - raft.server.read.timeout = 10s (default)
2024-03-11 08:37:40,162 [14692c26-374e-4997-9d8a-ad202747d88d-groupManagement] INFO  server.RaftServerConfigKeys (ConfUtils.java:logGet(46)) - raft.server.retrycache.expirytime = 600000ms (custom)
2024-03-11 08:37:40,162 [14692c26-374e-4997-9d8a-ad202747d88d-groupManagement] INFO  server.RaftServerConfigKeys (ConfUtils.java:logGet(46)) - raft.server.retrycache.statistics.expirytime = 100ms (default)
2024-03-11 08:37:40,162 [14692c26-374e-4997-9d8a-ad202747d88d-groupManagement] INFO  server.RaftServerConfigKeys (ConfUtils.java:logGet(46)) - raft.server.read.option = DEFAULT (default)
2024-03-11 08:37:40,162 [14692c26-374e-4997-9d8a-ad202747d88d-groupManagement] INFO  server.RaftServerConfigKeys (ConfUtils.java:logGet(46)) - raft.server.read.read-after-write-consistent.write-index-cache.expiry-time = 60s (default)
2024-03-11 08:37:40,163 [14692c26-374e-4997-9d8a-ad202747d88d-groupManagement] INFO  server.RaftServerConfigKeys (ConfUtils.java:logGet(46)) - raft.server.rpc.request.timeout = 60s (custom)
2024-03-11 08:37:40,163 [14692c26-374e-4997-9d8a-ad202747d88d-groupManagement] INFO  server.RaftServerConfigKeys (ConfUtils.java:logGet(46)) - raft.server.log.appender.install.snapshot.enabled = false (custom)
2024-03-11 08:37:40,163 [14692c26-374e-4997-9d8a-ad202747d88d-groupManagement] INFO  server.RaftServerConfigKeys (ConfUtils.java:logGet(46)) - raft.server.threadpool.server.cached = true (default)
2024-03-11 08:37:40,163 [14692c26-374e-4997-9d8a-ad202747d88d-groupManagement] INFO  server.RaftServerConfigKeys (ConfUtils.java:logGet(46)) - raft.server.threadpool.server.size = 0 (default)
2024-03-11 08:37:40,163 [14692c26-374e-4997-9d8a-ad202747d88d-groupManagement] INFO  server.RaftServerConfigKeys (ConfUtils.java:logGet(46)) - raft.server.threadpool.client.cached = true (default)
2024-03-11 08:37:40,163 [14692c26-374e-4997-9d8a-ad202747d88d-groupManagement] INFO  server.RaftServerConfigKeys (ConfUtils.java:logGet(46)) - raft.server.threadpool.client.size = 0 (default)
2024-03-11 08:37:40,163 [14692c26-374e-4997-9d8a-ad202747d88d-groupManagement] INFO  server.RaftServerConfigKeys (ConfUtils.java:logGet(46)) - raft.server.storage.free-space.min = 0MB (=0) (default)
2024-03-11 08:37:40,164 [14692c26-374e-4997-9d8a-ad202747d88d-groupManagement] INFO  server.RaftServerConfigKeys (ConfUtils.java:logGet(46)) - raft.server.log.corruption.policy = EXCEPTION (default)
2024-03-11 08:37:40,164 [14692c26-374e-4997-9d8a-ad202747d88d-groupManagement] INFO  server.RaftServerConfigKeys (ConfUtils.java:logGet(46)) - raft.server.storage.dir = [/home/runner/work/ozone/ozone/hadoop-ozone/integration-test/target/test-dir/MiniOzoneClusterImpl-90f76332-72a0-45e1-84c2-b164c055732a/ozone-meta/datanode-1/ratis] (custom)
2024-03-11 08:37:40,164 [14692c26-374e-4997-9d8a-ad202747d88d-groupManagement] INFO  storage.RaftStorageDirectory (RaftStorageDirectoryImpl.java:analyzeStorage(138)) - The storage directory /home/runner/work/ozone/ozone/hadoop-ozone/integration-test/target/test-dir/MiniOzoneClusterImpl-90f76332-72a0-45e1-84c2-b164c055732a/ozone-meta/datanode-1/ratis/cc1e9a4f-f61c-4fbd-a5f0-994f13f799f8 does not exist. Creating ...
2024-03-11 08:37:40,164 [14692c26-374e-4997-9d8a-ad202747d88d-groupManagement] INFO  storage.RaftStorageDirectory (RaftStorageDirectoryImpl.java:tryLock(228)) - Lock on /home/runner/work/ozone/ozone/hadoop-ozone/integration-test/target/test-dir/MiniOzoneClusterImpl-90f76332-72a0-45e1-84c2-b164c055732a/ozone-meta/datanode-1/ratis/cc1e9a4f-f61c-4fbd-a5f0-994f13f799f8/in_use.lock acquired by nodename 48108@fv-az1250-130
2024-03-11 08:37:40,165 [14692c26-374e-4997-9d8a-ad202747d88d-groupManagement] INFO  storage.RaftStorage (RaftStorageImpl.java:format(99)) - Storage directory /home/runner/work/ozone/ozone/hadoop-ozone/integration-test/target/test-dir/MiniOzoneClusterImpl-90f76332-72a0-45e1-84c2-b164c055732a/ozone-meta/datanode-1/ratis/cc1e9a4f-f61c-4fbd-a5f0-994f13f799f8 has been successfully formatted.
2024-03-11 08:37:40,165 [14692c26-374e-4997-9d8a-ad202747d88d-groupManagement] WARN  util.FileUtils (LogUtils.java:supplyAndLog(63)) - Failed to Files.newInputStream /home/runner/work/ozone/ozone/hadoop-ozone/integration-test/target/test-dir/MiniOzoneClusterImpl-90f76332-72a0-45e1-84c2-b164c055732a/ozone-meta/datanode-1/ratis/cc1e9a4f-f61c-4fbd-a5f0-994f13f799f8/current/raft-meta.conf with options []: java.nio.file.NoSuchFileException: /home/runner/work/ozone/ozone/hadoop-ozone/integration-test/target/test-dir/MiniOzoneClusterImpl-90f76332-72a0-45e1-84c2-b164c055732a/ozone-meta/datanode-1/ratis/cc1e9a4f-f61c-4fbd-a5f0-994f13f799f8/current/raft-meta.conf
2024-03-11 08:37:40,166 [14692c26-374e-4997-9d8a-ad202747d88d-groupManagement] INFO  ratis.ContainerStateMachine (ContainerStateMachine.java:loadSnapshot(287)) - group-994F13F799F8: The snapshot info is null. Setting the last applied index to:(t:0, i:~)
2024-03-11 08:37:40,166 [14692c26-374e-4997-9d8a-ad202747d88d-groupManagement] INFO  server.RaftServerConfigKeys (ConfUtils.java:logGet(46)) - raft.server.log.use.memory = false (default)
2024-03-11 08:37:40,166 [14692c26-374e-4997-9d8a-ad202747d88d-groupManagement] INFO  server.RaftServerConfigKeys (ConfUtils.java:logGet(46)) - raft.server.log.purge.gap = 1000000 (custom)
2024-03-11 08:37:40,166 [14692c26-374e-4997-9d8a-ad202747d88d-groupManagement] INFO  server.RaftServerConfigKeys (ConfUtils.java:logGet(46)) - raft.server.log.appender.buffer.byte-limit = 8388608 (custom)
2024-03-11 08:37:40,166 [14692c26-374e-4997-9d8a-ad202747d88d-groupManagement] INFO  server.RaftServerConfigKeys (ConfUtils.java:logGet(46)) - raft.server.log.statemachine.data.read.timeout = 1000ms (default)
2024-03-11 08:37:40,166 [14692c26-374e-4997-9d8a-ad202747d88d-groupManagement] INFO  server.RaftServerConfigKeys (ConfUtils.java:logGet(46)) - raft.server.log.purge.preservation.log.num = 0 (default)
2024-03-11 08:37:40,166 [EventQueue-OpenPipelineForHealthyPipelineSafeModeRule] INFO  safemode.SCMSafeModeManager (HealthyPipelineSafeModeRule.java:process(140)) - SCM in safe mode. Healthy pipelines reported count is 0, required healthy pipeline reported count is 1
2024-03-11 08:37:40,166 [14692c26-374e-4997-9d8a-ad202747d88d-groupManagement] INFO  server.RaftServerConfigKeys (ConfUtils.java:logGet(46)) - raft.server.log.segment.size.max = 67108864 (custom)
2024-03-11 08:37:40,167 [14692c26-374e-4997-9d8a-ad202747d88d-groupManagement] INFO  server.RaftServerConfigKeys (ConfUtils.java:logGet(46)) - raft.server.log.segment.cache.num.max = 2 (custom)
2024-03-11 08:37:40,167 [14692c26-374e-4997-9d8a-ad202747d88d-groupManagement] INFO  server.RaftServerConfigKeys (ConfUtils.java:logGet(46)) - raft.server.log.segment.cache.size.max = 200MB (=209715200) (default)
2024-03-11 08:37:40,167 [14692c26-374e-4997-9d8a-ad202747d88d-groupManagement] INFO  server.RaftServerConfigKeys (ConfUtils.java:logGet(46)) - raft.server.log.appender.buffer.byte-limit = 8388608 (custom)
2024-03-11 08:37:40,167 [14692c26-374e-4997-9d8a-ad202747d88d-groupManagement] INFO  util.AwaitToRun (AwaitToRun.java:start(81)) - Thread[14692c26-374e-4997-9d8a-ad202747d88d@group-994F13F799F8-cacheEviction-AwaitToRun,5,main] started
2024-03-11 08:37:40,167 [14692c26-374e-4997-9d8a-ad202747d88d-groupManagement] INFO  segmented.SegmentedRaftLogWorker (SegmentedRaftLogWorker.java:<init>(182)) - new 14692c26-374e-4997-9d8a-ad202747d88d@group-994F13F799F8-SegmentedRaftLogWorker for RaftStorageImpl:Storage Directory /home/runner/work/ozone/ozone/hadoop-ozone/integration-test/target/test-dir/MiniOzoneClusterImpl-90f76332-72a0-45e1-84c2-b164c055732a/ozone-meta/datanode-1/ratis/cc1e9a4f-f61c-4fbd-a5f0-994f13f799f8
2024-03-11 08:37:40,167 [14692c26-374e-4997-9d8a-ad202747d88d-groupManagement] INFO  server.RaftServerConfigKeys (ConfUtils.java:logGet(46)) - raft.server.log.queue.byte-limit = 4294967296 (custom)
2024-03-11 08:37:40,167 [14692c26-374e-4997-9d8a-ad202747d88d-groupManagement] INFO  server.RaftServerConfigKeys (ConfUtils.java:logGet(46)) - raft.server.log.queue.element-limit = 1024 (custom)
2024-03-11 08:37:40,167 [14692c26-374e-4997-9d8a-ad202747d88d-groupManagement] INFO  server.RaftServerConfigKeys (ConfUtils.java:logGet(46)) - raft.server.log.segment.size.max = 67108864 (custom)
2024-03-11 08:37:40,167 [14692c26-374e-4997-9d8a-ad202747d88d-groupManagement] INFO  server.RaftServerConfigKeys (ConfUtils.java:logGet(46)) - raft.server.log.preallocated.size = 4194304 (custom)
2024-03-11 08:37:40,167 [14692c26-374e-4997-9d8a-ad202747d88d-groupManagement] INFO  server.RaftServerConfigKeys (ConfUtils.java:logGet(46)) - raft.server.log.force.sync.num = 128 (default)
2024-03-11 08:37:40,167 [14692c26-374e-4997-9d8a-ad202747d88d-groupManagement] INFO  server.RaftServerConfigKeys (ConfUtils.java:logGet(46)) - raft.server.log.statemachine.data.sync = true (default)
2024-03-11 08:37:40,167 [14692c26-374e-4997-9d8a-ad202747d88d-groupManagement] INFO  server.RaftServerConfigKeys (ConfUtils.java:logGet(46)) - raft.server.log.statemachine.data.sync.timeout = 10s (default)
2024-03-11 08:37:40,167 [14692c26-374e-4997-9d8a-ad202747d88d-groupManagement] INFO  server.RaftServerConfigKeys (ConfUtils.java:logGet(46)) - raft.server.log.statemachine.data.sync.timeout.retry = 0 (custom)
2024-03-11 08:37:40,168 [14692c26-374e-4997-9d8a-ad202747d88d-groupManagement] INFO  server.RaftServerConfigKeys (ConfUtils.java:logGet(46)) - raft.server.log.write.buffer.size = 8388616 (custom)
2024-03-11 08:37:40,169 [14692c26-374e-4997-9d8a-ad202747d88d-groupManagement] INFO  server.RaftServerConfigKeys (ConfUtils.java:logGet(46)) - raft.server.log.appender.buffer.byte-limit = 8388608 (custom)
2024-03-11 08:37:40,169 [14692c26-374e-4997-9d8a-ad202747d88d-groupManagement] INFO  server.RaftServerConfigKeys (ConfUtils.java:logGet(46)) - raft.server.log.unsafe-flush.enabled = false (default)
2024-03-11 08:37:40,169 [14692c26-374e-4997-9d8a-ad202747d88d-groupManagement] INFO  server.RaftServerConfigKeys (ConfUtils.java:logGet(46)) - raft.server.log.async-flush.enabled = false (default)
2024-03-11 08:37:40,169 [14692c26-374e-4997-9d8a-ad202747d88d-groupManagement] INFO  server.RaftServerConfigKeys (ConfUtils.java:logGet(46)) - raft.server.log.statemachine.data.caching.enabled = true (custom)
2024-03-11 08:37:40,169 [14692c26-374e-4997-9d8a-ad202747d88d-groupManagement] INFO  segmented.SegmentedRaftLogWorker (SegmentedRaftLogWorker.java:lambda$new$0(134)) - 14692c26-374e-4997-9d8a-ad202747d88d@group-994F13F799F8-SegmentedRaftLogWorker: flushIndex: setUnconditionally 0 -> -1
2024-03-11 08:37:40,169 [14692c26-374e-4997-9d8a-ad202747d88d-groupManagement] INFO  segmented.SegmentedRaftLogWorker (SegmentedRaftLogWorker.java:lambda$new$0(134)) - 14692c26-374e-4997-9d8a-ad202747d88d@group-994F13F799F8-SegmentedRaftLogWorker: safeCacheEvictIndex: setUnconditionally 0 -> -1
2024-03-11 08:37:40,169 [14692c26-374e-4997-9d8a-ad202747d88d-groupManagement] INFO  server.RaftServer$Division (RaftServerImpl.java:start(396)) - 14692c26-374e-4997-9d8a-ad202747d88d@group-994F13F799F8: start as a follower, conf=-1: peers:[7431f2c9-6bc6-4872-82e6-1e22af8aa733|10.1.0.9:15246, 1d5332b8-2026-4dcd-8050-ba186ddabe02|10.1.0.9:15255, 14692c26-374e-4997-9d8a-ad202747d88d|10.1.0.9:15237]|listeners:[], old=null
2024-03-11 08:37:40,169 [14692c26-374e-4997-9d8a-ad202747d88d-groupManagement] INFO  server.RaftServer$Division (RaftServerImpl.java:setRole(383)) - 14692c26-374e-4997-9d8a-ad202747d88d@group-994F13F799F8: changes role from      null to FOLLOWER at term 0 for startAsFollower
2024-03-11 08:37:40,169 [14692c26-374e-4997-9d8a-ad202747d88d-groupManagement] INFO  impl.RoleInfo (RoleInfo.java:updateAndGet(139)) - 14692c26-374e-4997-9d8a-ad202747d88d: start 14692c26-374e-4997-9d8a-ad202747d88d@group-994F13F799F8-FollowerState
2024-03-11 08:37:40,170 [14692c26-374e-4997-9d8a-ad202747d88d-groupManagement] INFO  util.JmxRegister (JmxRegister.java:tryRegister(44)) - Successfully registered JMX Bean with object name Ratis:service=RaftServer,group=group-994F13F799F8,id=14692c26-374e-4997-9d8a-ad202747d88d
2024-03-11 08:37:40,170 [14692c26-374e-4997-9d8a-ad202747d88d@group-994F13F799F8-FollowerState] INFO  server.RaftServerConfigKeys (ConfUtils.java:logFallback(53)) - raft.server.rpc.first-election.timeout.min = 5s (fallback to raft.server.rpc.timeout.min)
2024-03-11 08:37:40,170 [14692c26-374e-4997-9d8a-ad202747d88d-groupManagement] INFO  server.RaftServerConfigKeys (ConfUtils.java:logGet(46)) - raft.server.snapshot.trigger-when-stop.enabled = true (default)
2024-03-11 08:37:40,170 [14692c26-374e-4997-9d8a-ad202747d88d-groupManagement] INFO  server.RaftServerConfigKeys (ConfUtils.java:logGet(46)) - raft.server.snapshot.auto.trigger.enabled = true (custom)
2024-03-11 08:37:40,170 [14692c26-374e-4997-9d8a-ad202747d88d@group-994F13F799F8-FollowerState] INFO  server.RaftServerConfigKeys (ConfUtils.java:logFallback(53)) - raft.server.rpc.first-election.timeout.max = 5200ms (fallback to raft.server.rpc.timeout.max)
2024-03-11 08:37:40,170 [14692c26-374e-4997-9d8a-ad202747d88d-groupManagement] INFO  server.RaftServerConfigKeys (ConfUtils.java:logGet(46)) - raft.server.snapshot.auto.trigger.threshold = 10000 (custom)
2024-03-11 08:37:40,170 [14692c26-374e-4997-9d8a-ad202747d88d-groupManagement] INFO  server.RaftServerConfigKeys (ConfUtils.java:logGet(46)) - raft.server.snapshot.retention.file.num = 5 (custom)
2024-03-11 08:37:40,170 [14692c26-374e-4997-9d8a-ad202747d88d-groupManagement] INFO  server.RaftServerConfigKeys (ConfUtils.java:logGet(46)) - raft.server.log.purge.upto.snapshot.index = false (default)
2024-03-11 08:37:40,170 [14692c26-374e-4997-9d8a-ad202747d88d-PipelineCommandHandlerThread-0] INFO  ratis.XceiverServerRatis (XceiverServerRatis.java:addGroup(864)) - Created group PipelineID=cc1e9a4f-f61c-4fbd-a5f0-994f13f799f8
2024-03-11 08:37:40,176 [grpc-default-executor-2] INFO  server.RaftServer (RaftServerProxy.java:addNew(100)) - 1d5332b8-2026-4dcd-8050-ba186ddabe02: addNew group-994F13F799F8:[7431f2c9-6bc6-4872-82e6-1e22af8aa733|10.1.0.9:15246, 1d5332b8-2026-4dcd-8050-ba186ddabe02|10.1.0.9:15255, 14692c26-374e-4997-9d8a-ad202747d88d|10.1.0.9:15237] returns group-994F13F799F8:java.util.concurrent.CompletableFuture@70d3d58[Not completed]
2024-03-11 08:37:40,176 [1d5332b8-2026-4dcd-8050-ba186ddabe02-groupManagement] INFO  server.RaftServer$Division (RaftServerImpl.java:<init>(256)) - 1d5332b8-2026-4dcd-8050-ba186ddabe02: new RaftServerImpl for group-994F13F799F8:[7431f2c9-6bc6-4872-82e6-1e22af8aa733|10.1.0.9:15246, 1d5332b8-2026-4dcd-8050-ba186ddabe02|10.1.0.9:15255, 14692c26-374e-4997-9d8a-ad202747d88d|10.1.0.9:15237] with ContainerStateMachine:uninitialized
2024-03-11 08:37:40,176 [1d5332b8-2026-4dcd-8050-ba186ddabe02-groupManagement] INFO  server.RaftServerConfigKeys (ConfUtils.java:logGet(46)) - raft.server.rpc.timeout.min = 5s (custom)
2024-03-11 08:37:40,176 [1d5332b8-2026-4dcd-8050-ba186ddabe02-groupManagement] INFO  server.RaftServerConfigKeys (ConfUtils.java:logGet(46)) - raft.server.rpc.timeout.max = 5200ms (custom)
2024-03-11 08:37:40,176 [1d5332b8-2026-4dcd-8050-ba186ddabe02-groupManagement] INFO  server.RaftServerConfigKeys (ConfUtils.java:logGet(46)) - raft.server.rpc.sleep.time = 25ms (default)
2024-03-11 08:37:40,177 [1d5332b8-2026-4dcd-8050-ba186ddabe02-groupManagement] INFO  server.RaftServerConfigKeys (ConfUtils.java:logGet(46)) - raft.server.rpc.slowness.timeout = 300s (custom)
2024-03-11 08:37:40,177 [1d5332b8-2026-4dcd-8050-ba186ddabe02-groupManagement] INFO  server.RaftServerConfigKeys (ConfUtils.java:logGet(46)) - raft.server.leaderelection.leader.step-down.wait-time = 10s (default)
2024-03-11 08:37:40,177 [1d5332b8-2026-4dcd-8050-ba186ddabe02-groupManagement] INFO  server.RaftServerConfigKeys (ConfUtils.java:logGet(46)) - raft.server.leaderelection.member.majority-add = false (default)
2024-03-11 08:37:40,177 [1d5332b8-2026-4dcd-8050-ba186ddabe02-groupManagement] INFO  server.RaftServerConfigKeys (ConfUtils.java:logGet(46)) - raft.server.sleep.deviation.threshold = 300ms (default)
2024-03-11 08:37:40,177 [1d5332b8-2026-4dcd-8050-ba186ddabe02-groupManagement] INFO  server.RaftServer$Division (ServerState.java:<init>(113)) - 1d5332b8-2026-4dcd-8050-ba186ddabe02@group-994F13F799F8: ConfigurationManager, init=-1: peers:[7431f2c9-6bc6-4872-82e6-1e22af8aa733|10.1.0.9:15246, 1d5332b8-2026-4dcd-8050-ba186ddabe02|10.1.0.9:15255, 14692c26-374e-4997-9d8a-ad202747d88d|10.1.0.9:15237]|listeners:[], old=null, confs=<EMPTY_MAP>
2024-03-11 08:37:40,177 [1d5332b8-2026-4dcd-8050-ba186ddabe02-groupManagement] INFO  server.RaftServerConfigKeys (ConfUtils.java:logGet(46)) - raft.server.notification.no-leader.timeout = 300s (custom)
2024-03-11 08:37:40,177 [1d5332b8-2026-4dcd-8050-ba186ddabe02-groupManagement] INFO  server.RaftServerConfigKeys (ConfUtils.java:logGet(46)) - raft.server.read.timeout = 10s (default)
2024-03-11 08:37:40,177 [1d5332b8-2026-4dcd-8050-ba186ddabe02-groupManagement] INFO  server.RaftServerConfigKeys (ConfUtils.java:logGet(46)) - raft.server.retrycache.expirytime = 600000ms (custom)
2024-03-11 08:37:40,177 [1d5332b8-2026-4dcd-8050-ba186ddabe02-groupManagement] INFO  server.RaftServerConfigKeys (ConfUtils.java:logGet(46)) - raft.server.retrycache.statistics.expirytime = 100ms (default)
2024-03-11 08:37:40,177 [1d5332b8-2026-4dcd-8050-ba186ddabe02-groupManagement] INFO  server.RaftServerConfigKeys (ConfUtils.java:logGet(46)) - raft.server.read.option = DEFAULT (default)
2024-03-11 08:37:40,177 [1d5332b8-2026-4dcd-8050-ba186ddabe02-groupManagement] INFO  server.RaftServerConfigKeys (ConfUtils.java:logGet(46)) - raft.server.read.read-after-write-consistent.write-index-cache.expiry-time = 60s (default)
2024-03-11 08:37:40,179 [1d5332b8-2026-4dcd-8050-ba186ddabe02-groupManagement] INFO  server.RaftServerConfigKeys (ConfUtils.java:logGet(46)) - raft.server.rpc.request.timeout = 60s (custom)
2024-03-11 08:37:40,179 [1d5332b8-2026-4dcd-8050-ba186ddabe02-groupManagement] INFO  server.RaftServerConfigKeys (ConfUtils.java:logGet(46)) - raft.server.log.appender.install.snapshot.enabled = false (custom)
2024-03-11 08:37:40,179 [1d5332b8-2026-4dcd-8050-ba186ddabe02-groupManagement] INFO  server.RaftServerConfigKeys (ConfUtils.java:logGet(46)) - raft.server.threadpool.server.cached = true (default)
2024-03-11 08:37:40,179 [1d5332b8-2026-4dcd-8050-ba186ddabe02-groupManagement] INFO  server.RaftServerConfigKeys (ConfUtils.java:logGet(46)) - raft.server.threadpool.server.size = 0 (default)
2024-03-11 08:37:40,179 [1d5332b8-2026-4dcd-8050-ba186ddabe02-groupManagement] INFO  server.RaftServerConfigKeys (ConfUtils.java:logGet(46)) - raft.server.threadpool.client.cached = true (default)
2024-03-11 08:37:40,179 [1d5332b8-2026-4dcd-8050-ba186ddabe02-groupManagement] INFO  server.RaftServerConfigKeys (ConfUtils.java:logGet(46)) - raft.server.threadpool.client.size = 0 (default)
2024-03-11 08:37:40,179 [1d5332b8-2026-4dcd-8050-ba186ddabe02-groupManagement] INFO  server.RaftServerConfigKeys (ConfUtils.java:logGet(46)) - raft.server.storage.free-space.min = 0MB (=0) (default)
2024-03-11 08:37:40,179 [1d5332b8-2026-4dcd-8050-ba186ddabe02-groupManagement] INFO  server.RaftServerConfigKeys (ConfUtils.java:logGet(46)) - raft.server.log.corruption.policy = EXCEPTION (default)
2024-03-11 08:37:40,179 [1d5332b8-2026-4dcd-8050-ba186ddabe02-groupManagement] INFO  server.RaftServerConfigKeys (ConfUtils.java:logGet(46)) - raft.server.storage.dir = [/home/runner/work/ozone/ozone/hadoop-ozone/integration-test/target/test-dir/MiniOzoneClusterImpl-90f76332-72a0-45e1-84c2-b164c055732a/ozone-meta/datanode-3/ratis] (custom)
2024-03-11 08:37:40,179 [1d5332b8-2026-4dcd-8050-ba186ddabe02-groupManagement] INFO  storage.RaftStorageDirectory (RaftStorageDirectoryImpl.java:analyzeStorage(138)) - The storage directory /home/runner/work/ozone/ozone/hadoop-ozone/integration-test/target/test-dir/MiniOzoneClusterImpl-90f76332-72a0-45e1-84c2-b164c055732a/ozone-meta/datanode-3/ratis/cc1e9a4f-f61c-4fbd-a5f0-994f13f799f8 does not exist. Creating ...
2024-03-11 08:37:40,180 [1d5332b8-2026-4dcd-8050-ba186ddabe02-groupManagement] INFO  storage.RaftStorageDirectory (RaftStorageDirectoryImpl.java:tryLock(228)) - Lock on /home/runner/work/ozone/ozone/hadoop-ozone/integration-test/target/test-dir/MiniOzoneClusterImpl-90f76332-72a0-45e1-84c2-b164c055732a/ozone-meta/datanode-3/ratis/cc1e9a4f-f61c-4fbd-a5f0-994f13f799f8/in_use.lock acquired by nodename 48108@fv-az1250-130
2024-03-11 08:37:40,181 [1d5332b8-2026-4dcd-8050-ba186ddabe02-groupManagement] INFO  storage.RaftStorage (RaftStorageImpl.java:format(99)) - Storage directory /home/runner/work/ozone/ozone/hadoop-ozone/integration-test/target/test-dir/MiniOzoneClusterImpl-90f76332-72a0-45e1-84c2-b164c055732a/ozone-meta/datanode-3/ratis/cc1e9a4f-f61c-4fbd-a5f0-994f13f799f8 has been successfully formatted.
2024-03-11 08:37:40,181 [1d5332b8-2026-4dcd-8050-ba186ddabe02-groupManagement] WARN  util.FileUtils (LogUtils.java:supplyAndLog(63)) - Failed to Files.newInputStream /home/runner/work/ozone/ozone/hadoop-ozone/integration-test/target/test-dir/MiniOzoneClusterImpl-90f76332-72a0-45e1-84c2-b164c055732a/ozone-meta/datanode-3/ratis/cc1e9a4f-f61c-4fbd-a5f0-994f13f799f8/current/raft-meta.conf with options []: java.nio.file.NoSuchFileException: /home/runner/work/ozone/ozone/hadoop-ozone/integration-test/target/test-dir/MiniOzoneClusterImpl-90f76332-72a0-45e1-84c2-b164c055732a/ozone-meta/datanode-3/ratis/cc1e9a4f-f61c-4fbd-a5f0-994f13f799f8/current/raft-meta.conf
2024-03-11 08:37:40,182 [1d5332b8-2026-4dcd-8050-ba186ddabe02-groupManagement] INFO  ratis.ContainerStateMachine (ContainerStateMachine.java:loadSnapshot(287)) - group-994F13F799F8: The snapshot info is null. Setting the last applied index to:(t:0, i:~)
2024-03-11 08:37:40,182 [1d5332b8-2026-4dcd-8050-ba186ddabe02-groupManagement] INFO  server.RaftServerConfigKeys (ConfUtils.java:logGet(46)) - raft.server.log.use.memory = false (default)
2024-03-11 08:37:40,182 [1d5332b8-2026-4dcd-8050-ba186ddabe02-groupManagement] INFO  server.RaftServerConfigKeys (ConfUtils.java:logGet(46)) - raft.server.log.purge.gap = 1000000 (custom)
2024-03-11 08:37:40,182 [1d5332b8-2026-4dcd-8050-ba186ddabe02-groupManagement] INFO  server.RaftServerConfigKeys (ConfUtils.java:logGet(46)) - raft.server.log.appender.buffer.byte-limit = 8388608 (custom)
2024-03-11 08:37:40,182 [1d5332b8-2026-4dcd-8050-ba186ddabe02-groupManagement] INFO  server.RaftServerConfigKeys (ConfUtils.java:logGet(46)) - raft.server.log.statemachine.data.read.timeout = 1000ms (default)
2024-03-11 08:37:40,183 [1d5332b8-2026-4dcd-8050-ba186ddabe02-groupManagement] INFO  server.RaftServerConfigKeys (ConfUtils.java:logGet(46)) - raft.server.log.purge.preservation.log.num = 0 (default)
2024-03-11 08:37:40,183 [1d5332b8-2026-4dcd-8050-ba186ddabe02-groupManagement] INFO  server.RaftServerConfigKeys (ConfUtils.java:logGet(46)) - raft.server.log.segment.size.max = 67108864 (custom)
2024-03-11 08:37:40,184 [1d5332b8-2026-4dcd-8050-ba186ddabe02-groupManagement] INFO  server.RaftServerConfigKeys (ConfUtils.java:logGet(46)) - raft.server.log.segment.cache.num.max = 2 (custom)
2024-03-11 08:37:40,184 [1d5332b8-2026-4dcd-8050-ba186ddabe02-groupManagement] INFO  server.RaftServerConfigKeys (ConfUtils.java:logGet(46)) - raft.server.log.segment.cache.size.max = 200MB (=209715200) (default)
2024-03-11 08:37:40,184 [1d5332b8-2026-4dcd-8050-ba186ddabe02-groupManagement] INFO  server.RaftServerConfigKeys (ConfUtils.java:logGet(46)) - raft.server.log.appender.buffer.byte-limit = 8388608 (custom)
2024-03-11 08:37:40,184 [1d5332b8-2026-4dcd-8050-ba186ddabe02-groupManagement] INFO  util.AwaitToRun (AwaitToRun.java:start(81)) - Thread[1d5332b8-2026-4dcd-8050-ba186ddabe02@group-994F13F799F8-cacheEviction-AwaitToRun,5,main] started
2024-03-11 08:37:40,184 [1d5332b8-2026-4dcd-8050-ba186ddabe02-groupManagement] INFO  segmented.SegmentedRaftLogWorker (SegmentedRaftLogWorker.java:<init>(182)) - new 1d5332b8-2026-4dcd-8050-ba186ddabe02@group-994F13F799F8-SegmentedRaftLogWorker for RaftStorageImpl:Storage Directory /home/runner/work/ozone/ozone/hadoop-ozone/integration-test/target/test-dir/MiniOzoneClusterImpl-90f76332-72a0-45e1-84c2-b164c055732a/ozone-meta/datanode-3/ratis/cc1e9a4f-f61c-4fbd-a5f0-994f13f799f8
2024-03-11 08:37:40,184 [1d5332b8-2026-4dcd-8050-ba186ddabe02-groupManagement] INFO  server.RaftServerConfigKeys (ConfUtils.java:logGet(46)) - raft.server.log.queue.byte-limit = 4294967296 (custom)
2024-03-11 08:37:40,184 [1d5332b8-2026-4dcd-8050-ba186ddabe02-groupManagement] INFO  server.RaftServerConfigKeys (ConfUtils.java:logGet(46)) - raft.server.log.queue.element-limit = 1024 (custom)
2024-03-11 08:37:40,184 [1d5332b8-2026-4dcd-8050-ba186ddabe02-groupManagement] INFO  server.RaftServerConfigKeys (ConfUtils.java:logGet(46)) - raft.server.log.segment.size.max = 67108864 (custom)
2024-03-11 08:37:40,184 [1d5332b8-2026-4dcd-8050-ba186ddabe02-groupManagement] INFO  server.RaftServerConfigKeys (ConfUtils.java:logGet(46)) - raft.server.log.preallocated.size = 4194304 (custom)
2024-03-11 08:37:40,184 [1d5332b8-2026-4dcd-8050-ba186ddabe02-groupManagement] INFO  server.RaftServerConfigKeys (ConfUtils.java:logGet(46)) - raft.server.log.force.sync.num = 128 (default)
2024-03-11 08:37:40,184 [1d5332b8-2026-4dcd-8050-ba186ddabe02-groupManagement] INFO  server.RaftServerConfigKeys (ConfUtils.java:logGet(46)) - raft.server.log.statemachine.data.sync = true (default)
2024-03-11 08:37:40,184 [1d5332b8-2026-4dcd-8050-ba186ddabe02-groupManagement] INFO  server.RaftServerConfigKeys (ConfUtils.java:logGet(46)) - raft.server.log.statemachine.data.sync.timeout = 10s (default)
2024-03-11 08:37:40,185 [1d5332b8-2026-4dcd-8050-ba186ddabe02-groupManagement] INFO  server.RaftServerConfigKeys (ConfUtils.java:logGet(46)) - raft.server.log.statemachine.data.sync.timeout.retry = 0 (custom)
2024-03-11 08:37:40,185 [1d5332b8-2026-4dcd-8050-ba186ddabe02-groupManagement] INFO  server.RaftServerConfigKeys (ConfUtils.java:logGet(46)) - raft.server.log.write.buffer.size = 8388616 (custom)
2024-03-11 08:37:40,186 [1d5332b8-2026-4dcd-8050-ba186ddabe02-groupManagement] INFO  server.RaftServerConfigKeys (ConfUtils.java:logGet(46)) - raft.server.log.appender.buffer.byte-limit = 8388608 (custom)
2024-03-11 08:37:40,186 [1d5332b8-2026-4dcd-8050-ba186ddabe02-groupManagement] INFO  server.RaftServerConfigKeys (ConfUtils.java:logGet(46)) - raft.server.log.unsafe-flush.enabled = false (default)
2024-03-11 08:37:40,186 [1d5332b8-2026-4dcd-8050-ba186ddabe02-groupManagement] INFO  server.RaftServerConfigKeys (ConfUtils.java:logGet(46)) - raft.server.log.async-flush.enabled = false (default)
2024-03-11 08:37:40,186 [1d5332b8-2026-4dcd-8050-ba186ddabe02-groupManagement] INFO  server.RaftServerConfigKeys (ConfUtils.java:logGet(46)) - raft.server.log.statemachine.data.caching.enabled = true (custom)
2024-03-11 08:37:40,186 [1d5332b8-2026-4dcd-8050-ba186ddabe02-groupManagement] INFO  segmented.SegmentedRaftLogWorker (SegmentedRaftLogWorker.java:lambda$new$0(134)) - 1d5332b8-2026-4dcd-8050-ba186ddabe02@group-994F13F799F8-SegmentedRaftLogWorker: flushIndex: setUnconditionally 0 -> -1
2024-03-11 08:37:40,186 [1d5332b8-2026-4dcd-8050-ba186ddabe02-groupManagement] INFO  segmented.SegmentedRaftLogWorker (SegmentedRaftLogWorker.java:lambda$new$0(134)) - 1d5332b8-2026-4dcd-8050-ba186ddabe02@group-994F13F799F8-SegmentedRaftLogWorker: safeCacheEvictIndex: setUnconditionally 0 -> -1
2024-03-11 08:37:40,187 [1d5332b8-2026-4dcd-8050-ba186ddabe02-groupManagement] INFO  server.RaftServer$Division (RaftServerImpl.java:start(396)) - 1d5332b8-2026-4dcd-8050-ba186ddabe02@group-994F13F799F8: start as a follower, conf=-1: peers:[7431f2c9-6bc6-4872-82e6-1e22af8aa733|10.1.0.9:15246, 1d5332b8-2026-4dcd-8050-ba186ddabe02|10.1.0.9:15255, 14692c26-374e-4997-9d8a-ad202747d88d|10.1.0.9:15237]|listeners:[], old=null
2024-03-11 08:37:40,187 [1d5332b8-2026-4dcd-8050-ba186ddabe02-groupManagement] INFO  server.RaftServer$Division (RaftServerImpl.java:setRole(383)) - 1d5332b8-2026-4dcd-8050-ba186ddabe02@group-994F13F799F8: changes role from      null to FOLLOWER at term 0 for startAsFollower
2024-03-11 08:37:40,187 [1d5332b8-2026-4dcd-8050-ba186ddabe02-groupManagement] INFO  impl.RoleInfo (RoleInfo.java:updateAndGet(139)) - 1d5332b8-2026-4dcd-8050-ba186ddabe02: start 1d5332b8-2026-4dcd-8050-ba186ddabe02@group-994F13F799F8-FollowerState
2024-03-11 08:37:40,187 [1d5332b8-2026-4dcd-8050-ba186ddabe02@group-994F13F799F8-FollowerState] INFO  server.RaftServerConfigKeys (ConfUtils.java:logFallback(53)) - raft.server.rpc.first-election.timeout.min = 5s (fallback to raft.server.rpc.timeout.min)
2024-03-11 08:37:40,187 [1d5332b8-2026-4dcd-8050-ba186ddabe02-groupManagement] INFO  util.JmxRegister (JmxRegister.java:tryRegister(44)) - Successfully registered JMX Bean with object name Ratis:service=RaftServer,group=group-994F13F799F8,id=1d5332b8-2026-4dcd-8050-ba186ddabe02
2024-03-11 08:37:40,187 [1d5332b8-2026-4dcd-8050-ba186ddabe02@group-994F13F799F8-FollowerState] INFO  server.RaftServerConfigKeys (ConfUtils.java:logFallback(53)) - raft.server.rpc.first-election.timeout.max = 5200ms (fallback to raft.server.rpc.timeout.max)
2024-03-11 08:37:40,187 [1d5332b8-2026-4dcd-8050-ba186ddabe02-groupManagement] INFO  server.RaftServerConfigKeys (ConfUtils.java:logGet(46)) - raft.server.snapshot.trigger-when-stop.enabled = true (default)
2024-03-11 08:37:40,187 [1d5332b8-2026-4dcd-8050-ba186ddabe02-groupManagement] INFO  server.RaftServerConfigKeys (ConfUtils.java:logGet(46)) - raft.server.snapshot.auto.trigger.enabled = true (custom)
2024-03-11 08:37:40,187 [1d5332b8-2026-4dcd-8050-ba186ddabe02-groupManagement] INFO  server.RaftServerConfigKeys (ConfUtils.java:logGet(46)) - raft.server.snapshot.auto.trigger.threshold = 10000 (custom)
2024-03-11 08:37:40,187 [1d5332b8-2026-4dcd-8050-ba186ddabe02-groupManagement] INFO  server.RaftServerConfigKeys (ConfUtils.java:logGet(46)) - raft.server.snapshot.retention.file.num = 5 (custom)
2024-03-11 08:37:40,188 [1d5332b8-2026-4dcd-8050-ba186ddabe02-groupManagement] INFO  server.RaftServerConfigKeys (ConfUtils.java:logGet(46)) - raft.server.log.purge.upto.snapshot.index = false (default)
2024-03-11 08:37:40,198 [grpc-default-executor-2] INFO  server.RaftServer (RaftServerProxy.java:addNew(100)) - 7431f2c9-6bc6-4872-82e6-1e22af8aa733: addNew group-994F13F799F8:[7431f2c9-6bc6-4872-82e6-1e22af8aa733|10.1.0.9:15246, 1d5332b8-2026-4dcd-8050-ba186ddabe02|10.1.0.9:15255, 14692c26-374e-4997-9d8a-ad202747d88d|10.1.0.9:15237] returns group-994F13F799F8:java.util.concurrent.CompletableFuture@77094b57[Not completed]
2024-03-11 08:37:40,198 [7431f2c9-6bc6-4872-82e6-1e22af8aa733-groupManagement] INFO  server.RaftServer$Division (RaftServerImpl.java:<init>(256)) - 7431f2c9-6bc6-4872-82e6-1e22af8aa733: new RaftServerImpl for group-994F13F799F8:[7431f2c9-6bc6-4872-82e6-1e22af8aa733|10.1.0.9:15246, 1d5332b8-2026-4dcd-8050-ba186ddabe02|10.1.0.9:15255, 14692c26-374e-4997-9d8a-ad202747d88d|10.1.0.9:15237] with ContainerStateMachine:uninitialized
2024-03-11 08:37:40,199 [7431f2c9-6bc6-4872-82e6-1e22af8aa733-groupManagement] INFO  server.RaftServerConfigKeys (ConfUtils.java:logGet(46)) - raft.server.rpc.timeout.min = 5s (custom)
2024-03-11 08:37:40,199 [7431f2c9-6bc6-4872-82e6-1e22af8aa733-groupManagement] INFO  server.RaftServerConfigKeys (ConfUtils.java:logGet(46)) - raft.server.rpc.timeout.max = 5200ms (custom)
2024-03-11 08:37:40,199 [7431f2c9-6bc6-4872-82e6-1e22af8aa733-groupManagement] INFO  server.RaftServerConfigKeys (ConfUtils.java:logGet(46)) - raft.server.rpc.sleep.time = 25ms (default)
2024-03-11 08:37:40,199 [7431f2c9-6bc6-4872-82e6-1e22af8aa733-groupManagement] INFO  server.RaftServerConfigKeys (ConfUtils.java:logGet(46)) - raft.server.rpc.slowness.timeout = 300s (custom)
2024-03-11 08:37:40,199 [7431f2c9-6bc6-4872-82e6-1e22af8aa733-groupManagement] INFO  server.RaftServerConfigKeys (ConfUtils.java:logGet(46)) - raft.server.leaderelection.leader.step-down.wait-time = 10s (default)
2024-03-11 08:37:40,199 [7431f2c9-6bc6-4872-82e6-1e22af8aa733-groupManagement] INFO  server.RaftServerConfigKeys (ConfUtils.java:logGet(46)) - raft.server.leaderelection.member.majority-add = false (default)
2024-03-11 08:37:40,199 [7431f2c9-6bc6-4872-82e6-1e22af8aa733-groupManagement] INFO  server.RaftServerConfigKeys (ConfUtils.java:logGet(46)) - raft.server.sleep.deviation.threshold = 300ms (default)
2024-03-11 08:37:40,199 [7431f2c9-6bc6-4872-82e6-1e22af8aa733-groupManagement] INFO  server.RaftServer$Division (ServerState.java:<init>(113)) - 7431f2c9-6bc6-4872-82e6-1e22af8aa733@group-994F13F799F8: ConfigurationManager, init=-1: peers:[7431f2c9-6bc6-4872-82e6-1e22af8aa733|10.1.0.9:15246, 1d5332b8-2026-4dcd-8050-ba186ddabe02|10.1.0.9:15255, 14692c26-374e-4997-9d8a-ad202747d88d|10.1.0.9:15237]|listeners:[], old=null, confs=<EMPTY_MAP>
2024-03-11 08:37:40,199 [7431f2c9-6bc6-4872-82e6-1e22af8aa733-groupManagement] INFO  server.RaftServerConfigKeys (ConfUtils.java:logGet(46)) - raft.server.notification.no-leader.timeout = 300s (custom)
2024-03-11 08:37:40,199 [7431f2c9-6bc6-4872-82e6-1e22af8aa733-groupManagement] INFO  server.RaftServerConfigKeys (ConfUtils.java:logGet(46)) - raft.server.read.timeout = 10s (default)
2024-03-11 08:37:40,199 [7431f2c9-6bc6-4872-82e6-1e22af8aa733-groupManagement] INFO  server.RaftServerConfigKeys (ConfUtils.java:logGet(46)) - raft.server.retrycache.expirytime = 600000ms (custom)
2024-03-11 08:37:40,199 [7431f2c9-6bc6-4872-82e6-1e22af8aa733-groupManagement] INFO  server.RaftServerConfigKeys (ConfUtils.java:logGet(46)) - raft.server.retrycache.statistics.expirytime = 100ms (default)
2024-03-11 08:37:40,199 [7431f2c9-6bc6-4872-82e6-1e22af8aa733-groupManagement] INFO  server.RaftServerConfigKeys (ConfUtils.java:logGet(46)) - raft.server.read.option = DEFAULT (default)
2024-03-11 08:37:40,199 [7431f2c9-6bc6-4872-82e6-1e22af8aa733-groupManagement] INFO  server.RaftServerConfigKeys (ConfUtils.java:logGet(46)) - raft.server.read.read-after-write-consistent.write-index-cache.expiry-time = 60s (default)
2024-03-11 08:37:40,200 [7431f2c9-6bc6-4872-82e6-1e22af8aa733-groupManagement] INFO  server.RaftServerConfigKeys (ConfUtils.java:logGet(46)) - raft.server.rpc.request.timeout = 60s (custom)
2024-03-11 08:37:40,200 [7431f2c9-6bc6-4872-82e6-1e22af8aa733-groupManagement] INFO  server.RaftServerConfigKeys (ConfUtils.java:logGet(46)) - raft.server.log.appender.install.snapshot.enabled = false (custom)
2024-03-11 08:37:40,201 [7431f2c9-6bc6-4872-82e6-1e22af8aa733-groupManagement] INFO  server.RaftServerConfigKeys (ConfUtils.java:logGet(46)) - raft.server.threadpool.server.cached = true (default)
2024-03-11 08:37:40,201 [7431f2c9-6bc6-4872-82e6-1e22af8aa733-groupManagement] INFO  server.RaftServerConfigKeys (ConfUtils.java:logGet(46)) - raft.server.threadpool.server.size = 0 (default)
2024-03-11 08:37:40,201 [7431f2c9-6bc6-4872-82e6-1e22af8aa733-groupManagement] INFO  server.RaftServerConfigKeys (ConfUtils.java:logGet(46)) - raft.server.threadpool.client.cached = true (default)
2024-03-11 08:37:40,201 [7431f2c9-6bc6-4872-82e6-1e22af8aa733-groupManagement] INFO  server.RaftServerConfigKeys (ConfUtils.java:logGet(46)) - raft.server.threadpool.client.size = 0 (default)
2024-03-11 08:37:40,201 [7431f2c9-6bc6-4872-82e6-1e22af8aa733-groupManagement] INFO  server.RaftServerConfigKeys (ConfUtils.java:logGet(46)) - raft.server.storage.free-space.min = 0MB (=0) (default)
2024-03-11 08:37:40,201 [7431f2c9-6bc6-4872-82e6-1e22af8aa733-groupManagement] INFO  server.RaftServerConfigKeys (ConfUtils.java:logGet(46)) - raft.server.log.corruption.policy = EXCEPTION (default)
2024-03-11 08:37:40,201 [7431f2c9-6bc6-4872-82e6-1e22af8aa733-groupManagement] INFO  server.RaftServerConfigKeys (ConfUtils.java:logGet(46)) - raft.server.storage.dir = [/home/runner/work/ozone/ozone/hadoop-ozone/integration-test/target/test-dir/MiniOzoneClusterImpl-90f76332-72a0-45e1-84c2-b164c055732a/ozone-meta/datanode-2/ratis] (custom)
2024-03-11 08:37:40,201 [7431f2c9-6bc6-4872-82e6-1e22af8aa733-groupManagement] INFO  storage.RaftStorageDirectory (RaftStorageDirectoryImpl.java:analyzeStorage(138)) - The storage directory /home/runner/work/ozone/ozone/hadoop-ozone/integration-test/target/test-dir/MiniOzoneClusterImpl-90f76332-72a0-45e1-84c2-b164c055732a/ozone-meta/datanode-2/ratis/cc1e9a4f-f61c-4fbd-a5f0-994f13f799f8 does not exist. Creating ...
2024-03-11 08:37:40,202 [7431f2c9-6bc6-4872-82e6-1e22af8aa733-groupManagement] INFO  storage.RaftStorageDirectory (RaftStorageDirectoryImpl.java:tryLock(228)) - Lock on /home/runner/work/ozone/ozone/hadoop-ozone/integration-test/target/test-dir/MiniOzoneClusterImpl-90f76332-72a0-45e1-84c2-b164c055732a/ozone-meta/datanode-2/ratis/cc1e9a4f-f61c-4fbd-a5f0-994f13f799f8/in_use.lock acquired by nodename 48108@fv-az1250-130
2024-03-11 08:37:40,204 [7431f2c9-6bc6-4872-82e6-1e22af8aa733-groupManagement] INFO  storage.RaftStorage (RaftStorageImpl.java:format(99)) - Storage directory /home/runner/work/ozone/ozone/hadoop-ozone/integration-test/target/test-dir/MiniOzoneClusterImpl-90f76332-72a0-45e1-84c2-b164c055732a/ozone-meta/datanode-2/ratis/cc1e9a4f-f61c-4fbd-a5f0-994f13f799f8 has been successfully formatted.
2024-03-11 08:37:40,204 [7431f2c9-6bc6-4872-82e6-1e22af8aa733-groupManagement] WARN  util.FileUtils (LogUtils.java:supplyAndLog(63)) - Failed to Files.newInputStream /home/runner/work/ozone/ozone/hadoop-ozone/integration-test/target/test-dir/MiniOzoneClusterImpl-90f76332-72a0-45e1-84c2-b164c055732a/ozone-meta/datanode-2/ratis/cc1e9a4f-f61c-4fbd-a5f0-994f13f799f8/current/raft-meta.conf with options []: java.nio.file.NoSuchFileException: /home/runner/work/ozone/ozone/hadoop-ozone/integration-test/target/test-dir/MiniOzoneClusterImpl-90f76332-72a0-45e1-84c2-b164c055732a/ozone-meta/datanode-2/ratis/cc1e9a4f-f61c-4fbd-a5f0-994f13f799f8/current/raft-meta.conf
2024-03-11 08:37:40,205 [7431f2c9-6bc6-4872-82e6-1e22af8aa733-groupManagement] INFO  ratis.ContainerStateMachine (ContainerStateMachine.java:loadSnapshot(287)) - group-994F13F799F8: The snapshot info is null. Setting the last applied index to:(t:0, i:~)
2024-03-11 08:37:40,205 [7431f2c9-6bc6-4872-82e6-1e22af8aa733-groupManagement] INFO  server.RaftServerConfigKeys (ConfUtils.java:logGet(46)) - raft.server.log.use.memory = false (default)
2024-03-11 08:37:40,205 [7431f2c9-6bc6-4872-82e6-1e22af8aa733-groupManagement] INFO  server.RaftServerConfigKeys (ConfUtils.java:logGet(46)) - raft.server.log.purge.gap = 1000000 (custom)
2024-03-11 08:37:40,205 [7431f2c9-6bc6-4872-82e6-1e22af8aa733-groupManagement] INFO  server.RaftServerConfigKeys (ConfUtils.java:logGet(46)) - raft.server.log.appender.buffer.byte-limit = 8388608 (custom)
2024-03-11 08:37:40,205 [7431f2c9-6bc6-4872-82e6-1e22af8aa733-groupManagement] INFO  server.RaftServerConfigKeys (ConfUtils.java:logGet(46)) - raft.server.log.statemachine.data.read.timeout = 1000ms (default)
2024-03-11 08:37:40,205 [7431f2c9-6bc6-4872-82e6-1e22af8aa733-groupManagement] INFO  server.RaftServerConfigKeys (ConfUtils.java:logGet(46)) - raft.server.log.purge.preservation.log.num = 0 (default)
2024-03-11 08:37:40,206 [7431f2c9-6bc6-4872-82e6-1e22af8aa733-groupManagement] INFO  server.RaftServerConfigKeys (ConfUtils.java:logGet(46)) - raft.server.log.segment.size.max = 67108864 (custom)
2024-03-11 08:37:40,206 [7431f2c9-6bc6-4872-82e6-1e22af8aa733-groupManagement] INFO  server.RaftServerConfigKeys (ConfUtils.java:logGet(46)) - raft.server.log.segment.cache.num.max = 2 (custom)
2024-03-11 08:37:40,206 [7431f2c9-6bc6-4872-82e6-1e22af8aa733-groupManagement] INFO  server.RaftServerConfigKeys (ConfUtils.java:logGet(46)) - raft.server.log.segment.cache.size.max = 200MB (=209715200) (default)
2024-03-11 08:37:40,206 [7431f2c9-6bc6-4872-82e6-1e22af8aa733-groupManagement] INFO  server.RaftServerConfigKeys (ConfUtils.java:logGet(46)) - raft.server.log.appender.buffer.byte-limit = 8388608 (custom)
2024-03-11 08:37:40,206 [7431f2c9-6bc6-4872-82e6-1e22af8aa733-groupManagement] INFO  util.AwaitToRun (AwaitToRun.java:start(81)) - Thread[7431f2c9-6bc6-4872-82e6-1e22af8aa733@group-994F13F799F8-cacheEviction-AwaitToRun,5,main] started
2024-03-11 08:37:40,206 [7431f2c9-6bc6-4872-82e6-1e22af8aa733-groupManagement] INFO  segmented.SegmentedRaftLogWorker (SegmentedRaftLogWorker.java:<init>(182)) - new 7431f2c9-6bc6-4872-82e6-1e22af8aa733@group-994F13F799F8-SegmentedRaftLogWorker for RaftStorageImpl:Storage Directory /home/runner/work/ozone/ozone/hadoop-ozone/integration-test/target/test-dir/MiniOzoneClusterImpl-90f76332-72a0-45e1-84c2-b164c055732a/ozone-meta/datanode-2/ratis/cc1e9a4f-f61c-4fbd-a5f0-994f13f799f8
2024-03-11 08:37:40,206 [7431f2c9-6bc6-4872-82e6-1e22af8aa733-groupManagement] INFO  server.RaftServerConfigKeys (ConfUtils.java:logGet(46)) - raft.server.log.queue.byte-limit = 4294967296 (custom)
2024-03-11 08:37:40,206 [7431f2c9-6bc6-4872-82e6-1e22af8aa733-groupManagement] INFO  server.RaftServerConfigKeys (ConfUtils.java:logGet(46)) - raft.server.log.queue.element-limit = 1024 (custom)
2024-03-11 08:37:40,206 [7431f2c9-6bc6-4872-82e6-1e22af8aa733-groupManagement] INFO  server.RaftServerConfigKeys (ConfUtils.java:logGet(46)) - raft.server.log.segment.size.max = 67108864 (custom)
2024-03-11 08:37:40,207 [7431f2c9-6bc6-4872-82e6-1e22af8aa733-groupManagement] INFO  server.RaftServerConfigKeys (ConfUtils.java:logGet(46)) - raft.server.log.preallocated.size = 4194304 (custom)
2024-03-11 08:37:40,207 [7431f2c9-6bc6-4872-82e6-1e22af8aa733-groupManagement] INFO  server.RaftServerConfigKeys (ConfUtils.java:logGet(46)) - raft.server.log.force.sync.num = 128 (default)
2024-03-11 08:37:40,207 [7431f2c9-6bc6-4872-82e6-1e22af8aa733-groupManagement] INFO  server.RaftServerConfigKeys (ConfUtils.java:logGet(46)) - raft.server.log.statemachine.data.sync = true (default)
2024-03-11 08:37:40,207 [7431f2c9-6bc6-4872-82e6-1e22af8aa733-groupManagement] INFO  server.RaftServerConfigKeys (ConfUtils.java:logGet(46)) - raft.server.log.statemachine.data.sync.timeout = 10s (default)
2024-03-11 08:37:40,207 [7431f2c9-6bc6-4872-82e6-1e22af8aa733-groupManagement] INFO  server.RaftServerConfigKeys (ConfUtils.java:logGet(46)) - raft.server.log.statemachine.data.sync.timeout.retry = 0 (custom)
2024-03-11 08:37:40,207 [7431f2c9-6bc6-4872-82e6-1e22af8aa733-groupManagement] INFO  server.RaftServerConfigKeys (ConfUtils.java:logGet(46)) - raft.server.log.write.buffer.size = 8388616 (custom)
2024-03-11 08:37:40,209 [7431f2c9-6bc6-4872-82e6-1e22af8aa733-groupManagement] INFO  server.RaftServerConfigKeys (ConfUtils.java:logGet(46)) - raft.server.log.appender.buffer.byte-limit = 8388608 (custom)
2024-03-11 08:37:40,209 [7431f2c9-6bc6-4872-82e6-1e22af8aa733-groupManagement] INFO  server.RaftServerConfigKeys (ConfUtils.java:logGet(46)) - raft.server.log.unsafe-flush.enabled = false (default)
2024-03-11 08:37:40,209 [7431f2c9-6bc6-4872-82e6-1e22af8aa733-groupManagement] INFO  server.RaftServerConfigKeys (ConfUtils.java:logGet(46)) - raft.server.log.async-flush.enabled = false (default)
2024-03-11 08:37:40,209 [7431f2c9-6bc6-4872-82e6-1e22af8aa733-groupManagement] INFO  server.RaftServerConfigKeys (ConfUtils.java:logGet(46)) - raft.server.log.statemachine.data.caching.enabled = true (custom)
2024-03-11 08:37:40,209 [7431f2c9-6bc6-4872-82e6-1e22af8aa733-groupManagement] INFO  segmented.SegmentedRaftLogWorker (SegmentedRaftLogWorker.java:lambda$new$0(134)) - 7431f2c9-6bc6-4872-82e6-1e22af8aa733@group-994F13F799F8-SegmentedRaftLogWorker: flushIndex: setUnconditionally 0 -> -1
2024-03-11 08:37:40,209 [7431f2c9-6bc6-4872-82e6-1e22af8aa733-groupManagement] INFO  segmented.SegmentedRaftLogWorker (SegmentedRaftLogWorker.java:lambda$new$0(134)) - 7431f2c9-6bc6-4872-82e6-1e22af8aa733@group-994F13F799F8-SegmentedRaftLogWorker: safeCacheEvictIndex: setUnconditionally 0 -> -1
2024-03-11 08:37:40,209 [7431f2c9-6bc6-4872-82e6-1e22af8aa733-groupManagement] INFO  server.RaftServer$Division (RaftServerImpl.java:start(396)) - 7431f2c9-6bc6-4872-82e6-1e22af8aa733@group-994F13F799F8: start as a follower, conf=-1: peers:[7431f2c9-6bc6-4872-82e6-1e22af8aa733|10.1.0.9:15246, 1d5332b8-2026-4dcd-8050-ba186ddabe02|10.1.0.9:15255, 14692c26-374e-4997-9d8a-ad202747d88d|10.1.0.9:15237]|listeners:[], old=null
2024-03-11 08:37:40,210 [7431f2c9-6bc6-4872-82e6-1e22af8aa733-groupManagement] INFO  server.RaftServer$Division (RaftServerImpl.java:setRole(383)) - 7431f2c9-6bc6-4872-82e6-1e22af8aa733@group-994F13F799F8: changes role from      null to FOLLOWER at term 0 for startAsFollower
2024-03-11 08:37:40,210 [7431f2c9-6bc6-4872-82e6-1e22af8aa733-groupManagement] INFO  impl.RoleInfo (RoleInfo.java:updateAndGet(139)) - 7431f2c9-6bc6-4872-82e6-1e22af8aa733: start 7431f2c9-6bc6-4872-82e6-1e22af8aa733@group-994F13F799F8-FollowerState
2024-03-11 08:37:40,210 [7431f2c9-6bc6-4872-82e6-1e22af8aa733@group-994F13F799F8-FollowerState] INFO  server.RaftServerConfigKeys (ConfUtils.java:logFallback(53)) - raft.server.rpc.first-election.timeout.min = 5s (fallback to raft.server.rpc.timeout.min)
2024-03-11 08:37:40,210 [7431f2c9-6bc6-4872-82e6-1e22af8aa733@group-994F13F799F8-FollowerState] INFO  server.RaftServerConfigKeys (ConfUtils.java:logFallback(53)) - raft.server.rpc.first-election.timeout.max = 5200ms (fallback to raft.server.rpc.timeout.max)
2024-03-11 08:37:40,210 [7431f2c9-6bc6-4872-82e6-1e22af8aa733-groupManagement] INFO  util.JmxRegister (JmxRegister.java:tryRegister(44)) - Successfully registered JMX Bean with object name Ratis:service=RaftServer,group=group-994F13F799F8,id=7431f2c9-6bc6-4872-82e6-1e22af8aa733
2024-03-11 08:37:40,210 [7431f2c9-6bc6-4872-82e6-1e22af8aa733-groupManagement] INFO  server.RaftServerConfigKeys (ConfUtils.java:logGet(46)) - raft.server.snapshot.trigger-when-stop.enabled = true (default)
2024-03-11 08:37:40,210 [7431f2c9-6bc6-4872-82e6-1e22af8aa733-groupManagement] INFO  server.RaftServerConfigKeys (ConfUtils.java:logGet(46)) - raft.server.snapshot.auto.trigger.enabled = true (custom)
2024-03-11 08:37:40,210 [7431f2c9-6bc6-4872-82e6-1e22af8aa733-groupManagement] INFO  server.RaftServerConfigKeys (ConfUtils.java:logGet(46)) - raft.server.snapshot.auto.trigger.threshold = 10000 (custom)
2024-03-11 08:37:40,210 [7431f2c9-6bc6-4872-82e6-1e22af8aa733-groupManagement] INFO  server.RaftServerConfigKeys (ConfUtils.java:logGet(46)) - raft.server.snapshot.retention.file.num = 5 (custom)
2024-03-11 08:37:40,211 [7431f2c9-6bc6-4872-82e6-1e22af8aa733-groupManagement] INFO  server.RaftServerConfigKeys (ConfUtils.java:logGet(46)) - raft.server.log.purge.upto.snapshot.index = false (default)
2024-03-11 08:37:40,216 [14692c26-374e-4997-9d8a-ad202747d88d-PipelineCommandHandlerThread-0] INFO  commandhandler.CreatePipelineCommandHandler (CreatePipelineCommandHandler.java:lambda$handle$2(124)) - Created Pipeline RATIS THREE PipelineID=cc1e9a4f-f61c-4fbd-a5f0-994f13f799f8.
2024-03-11 08:37:40,216 [14692c26-374e-4997-9d8a-ad202747d88d-PipelineCommandHandlerThread-0] INFO  server.RaftServer (RaftServerProxy.java:addNew(100)) - 14692c26-374e-4997-9d8a-ad202747d88d: addNew group-A3EC578C1444:[7431f2c9-6bc6-4872-82e6-1e22af8aa733|10.1.0.9:15246, 1d5332b8-2026-4dcd-8050-ba186ddabe02|10.1.0.9:15255, 14692c26-374e-4997-9d8a-ad202747d88d|10.1.0.9:15237] returns group-A3EC578C1444:java.util.concurrent.CompletableFuture@3a73e0ea[Not completed]
2024-03-11 08:37:40,217 [14692c26-374e-4997-9d8a-ad202747d88d-groupManagement] INFO  server.RaftServer$Division (RaftServerImpl.java:<init>(256)) - 14692c26-374e-4997-9d8a-ad202747d88d: new RaftServerImpl for group-A3EC578C1444:[7431f2c9-6bc6-4872-82e6-1e22af8aa733|10.1.0.9:15246, 1d5332b8-2026-4dcd-8050-ba186ddabe02|10.1.0.9:15255, 14692c26-374e-4997-9d8a-ad202747d88d|10.1.0.9:15237] with ContainerStateMachine:uninitialized
2024-03-11 08:37:40,217 [14692c26-374e-4997-9d8a-ad202747d88d-groupManagement] INFO  server.RaftServerConfigKeys (ConfUtils.java:logGet(46)) - raft.server.rpc.timeout.min = 5s (custom)
2024-03-11 08:37:40,217 [14692c26-374e-4997-9d8a-ad202747d88d-groupManagement] INFO  server.RaftServerConfigKeys (ConfUtils.java:logGet(46)) - raft.server.rpc.timeout.max = 5200ms (custom)
2024-03-11 08:37:40,217 [14692c26-374e-4997-9d8a-ad202747d88d-groupManagement] INFO  server.RaftServerConfigKeys (ConfUtils.java:logGet(46)) - raft.server.rpc.sleep.time = 25ms (default)
2024-03-11 08:37:40,217 [14692c26-374e-4997-9d8a-ad202747d88d-groupManagement] INFO  server.RaftServerConfigKeys (ConfUtils.java:logGet(46)) - raft.server.rpc.slowness.timeout = 300s (custom)
2024-03-11 08:37:40,217 [14692c26-374e-4997-9d8a-ad202747d88d-groupManagement] INFO  server.RaftServerConfigKeys (ConfUtils.java:logGet(46)) - raft.server.leaderelection.leader.step-down.wait-time = 10s (default)
2024-03-11 08:37:40,217 [14692c26-374e-4997-9d8a-ad202747d88d-groupManagement] INFO  server.RaftServerConfigKeys (ConfUtils.java:logGet(46)) - raft.server.leaderelection.member.majority-add = false (default)
2024-03-11 08:37:40,217 [14692c26-374e-4997-9d8a-ad202747d88d-groupManagement] INFO  server.RaftServerConfigKeys (ConfUtils.java:logGet(46)) - raft.server.sleep.deviation.threshold = 300ms (default)
2024-03-11 08:37:40,217 [14692c26-374e-4997-9d8a-ad202747d88d-groupManagement] INFO  server.RaftServer$Division (ServerState.java:<init>(113)) - 14692c26-374e-4997-9d8a-ad202747d88d@group-A3EC578C1444: ConfigurationManager, init=-1: peers:[7431f2c9-6bc6-4872-82e6-1e22af8aa733|10.1.0.9:15246, 1d5332b8-2026-4dcd-8050-ba186ddabe02|10.1.0.9:15255, 14692c26-374e-4997-9d8a-ad202747d88d|10.1.0.9:15237]|listeners:[], old=null, confs=<EMPTY_MAP>
2024-03-11 08:37:40,217 [14692c26-374e-4997-9d8a-ad202747d88d-groupManagement] INFO  server.RaftServerConfigKeys (ConfUtils.java:logGet(46)) - raft.server.notification.no-leader.timeout = 300s (custom)
2024-03-11 08:37:40,218 [14692c26-374e-4997-9d8a-ad202747d88d-groupManagement] INFO  server.RaftServerConfigKeys (ConfUtils.java:logGet(46)) - raft.server.read.timeout = 10s (default)
2024-03-11 08:37:40,218 [14692c26-374e-4997-9d8a-ad202747d88d-groupManagement] INFO  server.RaftServerConfigKeys (ConfUtils.java:logGet(46)) - raft.server.retrycache.expirytime = 600000ms (custom)
2024-03-11 08:37:40,218 [14692c26-374e-4997-9d8a-ad202747d88d-groupManagement] INFO  server.RaftServerConfigKeys (ConfUtils.java:logGet(46)) - raft.server.retrycache.statistics.expirytime = 100ms (default)
2024-03-11 08:37:40,218 [14692c26-374e-4997-9d8a-ad202747d88d-groupManagement] INFO  server.RaftServerConfigKeys (ConfUtils.java:logGet(46)) - raft.server.read.option = DEFAULT (default)
2024-03-11 08:37:40,218 [14692c26-374e-4997-9d8a-ad202747d88d-groupManagement] INFO  server.RaftServerConfigKeys (ConfUtils.java:logGet(46)) - raft.server.read.read-after-write-consistent.write-index-cache.expiry-time = 60s (default)
2024-03-11 08:37:40,219 [14692c26-374e-4997-9d8a-ad202747d88d-groupManagement] INFO  server.RaftServerConfigKeys (ConfUtils.java:logGet(46)) - raft.server.rpc.request.timeout = 60s (custom)
2024-03-11 08:37:40,219 [14692c26-374e-4997-9d8a-ad202747d88d-groupManagement] INFO  server.RaftServerConfigKeys (ConfUtils.java:logGet(46)) - raft.server.log.appender.install.snapshot.enabled = false (custom)
2024-03-11 08:37:40,219 [14692c26-374e-4997-9d8a-ad202747d88d-groupManagement] INFO  server.RaftServerConfigKeys (ConfUtils.java:logGet(46)) - raft.server.threadpool.server.cached = true (default)
2024-03-11 08:37:40,219 [14692c26-374e-4997-9d8a-ad202747d88d-groupManagement] INFO  server.RaftServerConfigKeys (ConfUtils.java:logGet(46)) - raft.server.threadpool.server.size = 0 (default)
2024-03-11 08:37:40,219 [14692c26-374e-4997-9d8a-ad202747d88d-groupManagement] INFO  server.RaftServerConfigKeys (ConfUtils.java:logGet(46)) - raft.server.threadpool.client.cached = true (default)
2024-03-11 08:37:40,219 [14692c26-374e-4997-9d8a-ad202747d88d-groupManagement] INFO  server.RaftServerConfigKeys (ConfUtils.java:logGet(46)) - raft.server.threadpool.client.size = 0 (default)
2024-03-11 08:37:40,219 [14692c26-374e-4997-9d8a-ad202747d88d-groupManagement] INFO  server.RaftServerConfigKeys (ConfUtils.java:logGet(46)) - raft.server.storage.free-space.min = 0MB (=0) (default)
2024-03-11 08:37:40,219 [14692c26-374e-4997-9d8a-ad202747d88d-groupManagement] INFO  server.RaftServerConfigKeys (ConfUtils.java:logGet(46)) - raft.server.log.corruption.policy = EXCEPTION (default)
2024-03-11 08:37:40,219 [14692c26-374e-4997-9d8a-ad202747d88d-groupManagement] INFO  server.RaftServerConfigKeys (ConfUtils.java:logGet(46)) - raft.server.storage.dir = [/home/runner/work/ozone/ozone/hadoop-ozone/integration-test/target/test-dir/MiniOzoneClusterImpl-90f76332-72a0-45e1-84c2-b164c055732a/ozone-meta/datanode-1/ratis] (custom)
2024-03-11 08:37:40,220 [14692c26-374e-4997-9d8a-ad202747d88d-groupManagement] INFO  storage.RaftStorageDirectory (RaftStorageDirectoryImpl.java:analyzeStorage(138)) - The storage directory /home/runner/work/ozone/ozone/hadoop-ozone/integration-test/target/test-dir/MiniOzoneClusterImpl-90f76332-72a0-45e1-84c2-b164c055732a/ozone-meta/datanode-1/ratis/cb4de3dd-2c03-4c8d-8b9e-a3ec578c1444 does not exist. Creating ...
2024-03-11 08:37:40,221 [14692c26-374e-4997-9d8a-ad202747d88d-groupManagement] INFO  storage.RaftStorageDirectory (RaftStorageDirectoryImpl.java:tryLock(228)) - Lock on /home/runner/work/ozone/ozone/hadoop-ozone/integration-test/target/test-dir/MiniOzoneClusterImpl-90f76332-72a0-45e1-84c2-b164c055732a/ozone-meta/datanode-1/ratis/cb4de3dd-2c03-4c8d-8b9e-a3ec578c1444/in_use.lock acquired by nodename 48108@fv-az1250-130
2024-03-11 08:37:40,223 [14692c26-374e-4997-9d8a-ad202747d88d-groupManagement] INFO  storage.RaftStorage (RaftStorageImpl.java:format(99)) - Storage directory /home/runner/work/ozone/ozone/hadoop-ozone/integration-test/target/test-dir/MiniOzoneClusterImpl-90f76332-72a0-45e1-84c2-b164c055732a/ozone-meta/datanode-1/ratis/cb4de3dd-2c03-4c8d-8b9e-a3ec578c1444 has been successfully formatted.
2024-03-11 08:37:40,223 [14692c26-374e-4997-9d8a-ad202747d88d-groupManagement] WARN  util.FileUtils (LogUtils.java:supplyAndLog(63)) - Failed to Files.newInputStream /home/runner/work/ozone/ozone/hadoop-ozone/integration-test/target/test-dir/MiniOzoneClusterImpl-90f76332-72a0-45e1-84c2-b164c055732a/ozone-meta/datanode-1/ratis/cb4de3dd-2c03-4c8d-8b9e-a3ec578c1444/current/raft-meta.conf with options []: java.nio.file.NoSuchFileException: /home/runner/work/ozone/ozone/hadoop-ozone/integration-test/target/test-dir/MiniOzoneClusterImpl-90f76332-72a0-45e1-84c2-b164c055732a/ozone-meta/datanode-1/ratis/cb4de3dd-2c03-4c8d-8b9e-a3ec578c1444/current/raft-meta.conf
2024-03-11 08:37:40,223 [14692c26-374e-4997-9d8a-ad202747d88d-groupManagement] INFO  ratis.ContainerStateMachine (ContainerStateMachine.java:loadSnapshot(287)) - group-A3EC578C1444: The snapshot info is null. Setting the last applied index to:(t:0, i:~)
2024-03-11 08:37:40,224 [14692c26-374e-4997-9d8a-ad202747d88d-groupManagement] INFO  server.RaftServerConfigKeys (ConfUtils.java:logGet(46)) - raft.server.log.use.memory = false (default)
2024-03-11 08:37:40,224 [14692c26-374e-4997-9d8a-ad202747d88d-groupManagement] INFO  server.RaftServerConfigKeys (ConfUtils.java:logGet(46)) - raft.server.log.purge.gap = 1000000 (custom)
2024-03-11 08:37:40,225 [14692c26-374e-4997-9d8a-ad202747d88d-groupManagement] INFO  server.RaftServerConfigKeys (ConfUtils.java:logGet(46)) - raft.server.log.appender.buffer.byte-limit = 8388608 (custom)
2024-03-11 08:37:40,225 [14692c26-374e-4997-9d8a-ad202747d88d-groupManagement] INFO  server.RaftServerConfigKeys (ConfUtils.java:logGet(46)) - raft.server.log.statemachine.data.read.timeout = 1000ms (default)
2024-03-11 08:37:40,225 [14692c26-374e-4997-9d8a-ad202747d88d-groupManagement] INFO  server.RaftServerConfigKeys (ConfUtils.java:logGet(46)) - raft.server.log.purge.preservation.log.num = 0 (default)
2024-03-11 08:37:40,225 [EventQueue-OpenPipelineForHealthyPipelineSafeModeRule] INFO  safemode.SCMSafeModeManager (HealthyPipelineSafeModeRule.java:process(140)) - SCM in safe mode. Healthy pipelines reported count is 0, required healthy pipeline reported count is 1
2024-03-11 08:37:40,226 [14692c26-374e-4997-9d8a-ad202747d88d-groupManagement] INFO  server.RaftServerConfigKeys (ConfUtils.java:logGet(46)) - raft.server.log.segment.size.max = 67108864 (custom)
2024-03-11 08:37:40,226 [14692c26-374e-4997-9d8a-ad202747d88d-groupManagement] INFO  server.RaftServerConfigKeys (ConfUtils.java:logGet(46)) - raft.server.log.segment.cache.num.max = 2 (custom)
2024-03-11 08:37:40,226 [14692c26-374e-4997-9d8a-ad202747d88d-groupManagement] INFO  server.RaftServerConfigKeys (ConfUtils.java:logGet(46)) - raft.server.log.segment.cache.size.max = 200MB (=209715200) (default)
2024-03-11 08:37:40,226 [14692c26-374e-4997-9d8a-ad202747d88d-groupManagement] INFO  server.RaftServerConfigKeys (ConfUtils.java:logGet(46)) - raft.server.log.appender.buffer.byte-limit = 8388608 (custom)
2024-03-11 08:37:40,226 [14692c26-374e-4997-9d8a-ad202747d88d-groupManagement] INFO  util.AwaitToRun (AwaitToRun.java:start(81)) - Thread[14692c26-374e-4997-9d8a-ad202747d88d@group-A3EC578C1444-cacheEviction-AwaitToRun,5,main] started
2024-03-11 08:37:40,226 [14692c26-374e-4997-9d8a-ad202747d88d-groupManagement] INFO  segmented.SegmentedRaftLogWorker (SegmentedRaftLogWorker.java:<init>(182)) - new 14692c26-374e-4997-9d8a-ad202747d88d@group-A3EC578C1444-SegmentedRaftLogWorker for RaftStorageImpl:Storage Directory /home/runner/work/ozone/ozone/hadoop-ozone/integration-test/target/test-dir/MiniOzoneClusterImpl-90f76332-72a0-45e1-84c2-b164c055732a/ozone-meta/datanode-1/ratis/cb4de3dd-2c03-4c8d-8b9e-a3ec578c1444
2024-03-11 08:37:40,226 [14692c26-374e-4997-9d8a-ad202747d88d-groupManagement] INFO  server.RaftServerConfigKeys (ConfUtils.java:logGet(46)) - raft.server.log.queue.byte-limit = 4294967296 (custom)
2024-03-11 08:37:40,226 [14692c26-374e-4997-9d8a-ad202747d88d-groupManagement] INFO  server.RaftServerConfigKeys (ConfUtils.java:logGet(46)) - raft.server.log.queue.element-limit = 1024 (custom)
2024-03-11 08:37:40,226 [14692c26-374e-4997-9d8a-ad202747d88d-groupManagement] INFO  server.RaftServerConfigKeys (ConfUtils.java:logGet(46)) - raft.server.log.segment.size.max = 67108864 (custom)
2024-03-11 08:37:40,226 [14692c26-374e-4997-9d8a-ad202747d88d-groupManagement] INFO  server.RaftServerConfigKeys (ConfUtils.java:logGet(46)) - raft.server.log.preallocated.size = 4194304 (custom)
2024-03-11 08:37:40,226 [14692c26-374e-4997-9d8a-ad202747d88d-groupManagement] INFO  server.RaftServerConfigKeys (ConfUtils.java:logGet(46)) - raft.server.log.force.sync.num = 128 (default)
2024-03-11 08:37:40,227 [14692c26-374e-4997-9d8a-ad202747d88d-groupManagement] INFO  server.RaftServerConfigKeys (ConfUtils.java:logGet(46)) - raft.server.log.statemachine.data.sync = true (default)
2024-03-11 08:37:40,227 [14692c26-374e-4997-9d8a-ad202747d88d-groupManagement] INFO  server.RaftServerConfigKeys (ConfUtils.java:logGet(46)) - raft.server.log.statemachine.data.sync.timeout = 10s (default)
2024-03-11 08:37:40,227 [14692c26-374e-4997-9d8a-ad202747d88d-groupManagement] INFO  server.RaftServerConfigKeys (ConfUtils.java:logGet(46)) - raft.server.log.statemachine.data.sync.timeout.retry = 0 (custom)
2024-03-11 08:37:40,227 [14692c26-374e-4997-9d8a-ad202747d88d-groupManagement] INFO  server.RaftServerConfigKeys (ConfUtils.java:logGet(46)) - raft.server.log.write.buffer.size = 8388616 (custom)
2024-03-11 08:37:40,228 [14692c26-374e-4997-9d8a-ad202747d88d-groupManagement] INFO  server.RaftServerConfigKeys (ConfUtils.java:logGet(46)) - raft.server.log.appender.buffer.byte-limit = 8388608 (custom)
2024-03-11 08:37:40,228 [14692c26-374e-4997-9d8a-ad202747d88d-groupManagement] INFO  server.RaftServerConfigKeys (ConfUtils.java:logGet(46)) - raft.server.log.unsafe-flush.enabled = false (default)
2024-03-11 08:37:40,228 [14692c26-374e-4997-9d8a-ad202747d88d-groupManagement] INFO  server.RaftServerConfigKeys (ConfUtils.java:logGet(46)) - raft.server.log.async-flush.enabled = false (default)
2024-03-11 08:37:40,228 [14692c26-374e-4997-9d8a-ad202747d88d-groupManagement] INFO  server.RaftServerConfigKeys (ConfUtils.java:logGet(46)) - raft.server.log.statemachine.data.caching.enabled = true (custom)
2024-03-11 08:37:40,229 [14692c26-374e-4997-9d8a-ad202747d88d-groupManagement] INFO  segmented.SegmentedRaftLogWorker (SegmentedRaftLogWorker.java:lambda$new$0(134)) - 14692c26-374e-4997-9d8a-ad202747d88d@group-A3EC578C1444-SegmentedRaftLogWorker: flushIndex: setUnconditionally 0 -> -1
2024-03-11 08:37:40,229 [14692c26-374e-4997-9d8a-ad202747d88d-groupManagement] INFO  segmented.SegmentedRaftLogWorker (SegmentedRaftLogWorker.java:lambda$new$0(134)) - 14692c26-374e-4997-9d8a-ad202747d88d@group-A3EC578C1444-SegmentedRaftLogWorker: safeCacheEvictIndex: setUnconditionally 0 -> -1
2024-03-11 08:37:40,229 [14692c26-374e-4997-9d8a-ad202747d88d-groupManagement] INFO  server.RaftServer$Division (RaftServerImpl.java:start(396)) - 14692c26-374e-4997-9d8a-ad202747d88d@group-A3EC578C1444: start as a follower, conf=-1: peers:[7431f2c9-6bc6-4872-82e6-1e22af8aa733|10.1.0.9:15246, 1d5332b8-2026-4dcd-8050-ba186ddabe02|10.1.0.9:15255, 14692c26-374e-4997-9d8a-ad202747d88d|10.1.0.9:15237]|listeners:[], old=null
2024-03-11 08:37:40,229 [14692c26-374e-4997-9d8a-ad202747d88d-groupManagement] INFO  server.RaftServer$Division (RaftServerImpl.java:setRole(383)) - 14692c26-374e-4997-9d8a-ad202747d88d@group-A3EC578C1444: changes role from      null to FOLLOWER at term 0 for startAsFollower
2024-03-11 08:37:40,229 [14692c26-374e-4997-9d8a-ad202747d88d-groupManagement] INFO  impl.RoleInfo (RoleInfo.java:updateAndGet(139)) - 14692c26-374e-4997-9d8a-ad202747d88d: start 14692c26-374e-4997-9d8a-ad202747d88d@group-A3EC578C1444-FollowerState
2024-03-11 08:37:40,229 [14692c26-374e-4997-9d8a-ad202747d88d@group-A3EC578C1444-FollowerState] INFO  server.RaftServerConfigKeys (ConfUtils.java:logFallback(53)) - raft.server.rpc.first-election.timeout.min = 5s (fallback to raft.server.rpc.timeout.min)
2024-03-11 08:37:40,229 [14692c26-374e-4997-9d8a-ad202747d88d@group-A3EC578C1444-FollowerState] INFO  server.RaftServerConfigKeys (ConfUtils.java:logFallback(53)) - raft.server.rpc.first-election.timeout.max = 5200ms (fallback to raft.server.rpc.timeout.max)
2024-03-11 08:37:40,229 [14692c26-374e-4997-9d8a-ad202747d88d-groupManagement] INFO  util.JmxRegister (JmxRegister.java:tryRegister(44)) - Successfully registered JMX Bean with object name Ratis:service=RaftServer,group=group-A3EC578C1444,id=14692c26-374e-4997-9d8a-ad202747d88d
2024-03-11 08:37:40,229 [14692c26-374e-4997-9d8a-ad202747d88d-groupManagement] INFO  server.RaftServerConfigKeys (ConfUtils.java:logGet(46)) - raft.server.snapshot.trigger-when-stop.enabled = true (default)
2024-03-11 08:37:40,229 [14692c26-374e-4997-9d8a-ad202747d88d-groupManagement] INFO  server.RaftServerConfigKeys (ConfUtils.java:logGet(46)) - raft.server.snapshot.auto.trigger.enabled = true (custom)
2024-03-11 08:37:40,229 [14692c26-374e-4997-9d8a-ad202747d88d-groupManagement] INFO  server.RaftServerConfigKeys (ConfUtils.java:logGet(46)) - raft.server.snapshot.auto.trigger.threshold = 10000 (custom)
2024-03-11 08:37:40,229 [14692c26-374e-4997-9d8a-ad202747d88d-groupManagement] INFO  server.RaftServerConfigKeys (ConfUtils.java:logGet(46)) - raft.server.snapshot.retention.file.num = 5 (custom)
2024-03-11 08:37:40,230 [14692c26-374e-4997-9d8a-ad202747d88d-groupManagement] INFO  server.RaftServerConfigKeys (ConfUtils.java:logGet(46)) - raft.server.log.purge.upto.snapshot.index = false (default)
2024-03-11 08:37:40,234 [14692c26-374e-4997-9d8a-ad202747d88d-PipelineCommandHandlerThread-0] INFO  ratis.XceiverServerRatis (XceiverServerRatis.java:addGroup(864)) - Created group PipelineID=cb4de3dd-2c03-4c8d-8b9e-a3ec578c1444
2024-03-11 08:37:40,239 [grpc-default-executor-2] INFO  server.RaftServer (RaftServerProxy.java:addNew(100)) - 1d5332b8-2026-4dcd-8050-ba186ddabe02: addNew group-A3EC578C1444:[7431f2c9-6bc6-4872-82e6-1e22af8aa733|10.1.0.9:15246, 1d5332b8-2026-4dcd-8050-ba186ddabe02|10.1.0.9:15255, 14692c26-374e-4997-9d8a-ad202747d88d|10.1.0.9:15237] returns group-A3EC578C1444:java.util.concurrent.CompletableFuture@1b4c74bb[Not completed]
2024-03-11 08:37:40,239 [1d5332b8-2026-4dcd-8050-ba186ddabe02-groupManagement] INFO  server.RaftServer$Division (RaftServerImpl.java:<init>(256)) - 1d5332b8-2026-4dcd-8050-ba186ddabe02: new RaftServerImpl for group-A3EC578C1444:[7431f2c9-6bc6-4872-82e6-1e22af8aa733|10.1.0.9:15246, 1d5332b8-2026-4dcd-8050-ba186ddabe02|10.1.0.9:15255, 14692c26-374e-4997-9d8a-ad202747d88d|10.1.0.9:15237] with ContainerStateMachine:uninitialized
2024-03-11 08:37:40,239 [1d5332b8-2026-4dcd-8050-ba186ddabe02-groupManagement] INFO  server.RaftServerConfigKeys (ConfUtils.java:logGet(46)) - raft.server.rpc.timeout.min = 5s (custom)
2024-03-11 08:37:40,239 [1d5332b8-2026-4dcd-8050-ba186ddabe02-groupManagement] INFO  server.RaftServerConfigKeys (ConfUtils.java:logGet(46)) - raft.server.rpc.timeout.max = 5200ms (custom)
2024-03-11 08:37:40,239 [1d5332b8-2026-4dcd-8050-ba186ddabe02-groupManagement] INFO  server.RaftServerConfigKeys (ConfUtils.java:logGet(46)) - raft.server.rpc.sleep.time = 25ms (default)
2024-03-11 08:37:40,239 [1d5332b8-2026-4dcd-8050-ba186ddabe02-groupManagement] INFO  server.RaftServerConfigKeys (ConfUtils.java:logGet(46)) - raft.server.rpc.slowness.timeout = 300s (custom)
2024-03-11 08:37:40,240 [1d5332b8-2026-4dcd-8050-ba186ddabe02-groupManagement] INFO  server.RaftServerConfigKeys (ConfUtils.java:logGet(46)) - raft.server.leaderelection.leader.step-down.wait-time = 10s (default)
2024-03-11 08:37:40,240 [1d5332b8-2026-4dcd-8050-ba186ddabe02-groupManagement] INFO  server.RaftServerConfigKeys (ConfUtils.java:logGet(46)) - raft.server.leaderelection.member.majority-add = false (default)
2024-03-11 08:37:40,240 [1d5332b8-2026-4dcd-8050-ba186ddabe02-groupManagement] INFO  server.RaftServerConfigKeys (ConfUtils.java:logGet(46)) - raft.server.sleep.deviation.threshold = 300ms (default)
2024-03-11 08:37:40,240 [1d5332b8-2026-4dcd-8050-ba186ddabe02-groupManagement] INFO  server.RaftServer$Division (ServerState.java:<init>(113)) - 1d5332b8-2026-4dcd-8050-ba186ddabe02@group-A3EC578C1444: ConfigurationManager, init=-1: peers:[7431f2c9-6bc6-4872-82e6-1e22af8aa733|10.1.0.9:15246, 1d5332b8-2026-4dcd-8050-ba186ddabe02|10.1.0.9:15255, 14692c26-374e-4997-9d8a-ad202747d88d|10.1.0.9:15237]|listeners:[], old=null, confs=<EMPTY_MAP>
2024-03-11 08:37:40,240 [1d5332b8-2026-4dcd-8050-ba186ddabe02-groupManagement] INFO  server.RaftServerConfigKeys (ConfUtils.java:logGet(46)) - raft.server.notification.no-leader.timeout = 300s (custom)
2024-03-11 08:37:40,240 [1d5332b8-2026-4dcd-8050-ba186ddabe02-groupManagement] INFO  server.RaftServerConfigKeys (ConfUtils.java:logGet(46)) - raft.server.read.timeout = 10s (default)
2024-03-11 08:37:40,240 [1d5332b8-2026-4dcd-8050-ba186ddabe02-groupManagement] INFO  server.RaftServerConfigKeys (ConfUtils.java:logGet(46)) - raft.server.retrycache.expirytime = 600000ms (custom)
2024-03-11 08:37:40,240 [1d5332b8-2026-4dcd-8050-ba186ddabe02-groupManagement] INFO  server.RaftServerConfigKeys (ConfUtils.java:logGet(46)) - raft.server.retrycache.statistics.expirytime = 100ms (default)
2024-03-11 08:37:40,240 [1d5332b8-2026-4dcd-8050-ba186ddabe02-groupManagement] INFO  server.RaftServerConfigKeys (ConfUtils.java:logGet(46)) - raft.server.read.option = DEFAULT (default)
2024-03-11 08:37:40,240 [1d5332b8-2026-4dcd-8050-ba186ddabe02-groupManagement] INFO  server.RaftServerConfigKeys (ConfUtils.java:logGet(46)) - raft.server.read.read-after-write-consistent.write-index-cache.expiry-time = 60s (default)
2024-03-11 08:37:40,241 [1d5332b8-2026-4dcd-8050-ba186ddabe02-groupManagement] INFO  server.RaftServerConfigKeys (ConfUtils.java:logGet(46)) - raft.server.rpc.request.timeout = 60s (custom)
2024-03-11 08:37:40,241 [1d5332b8-2026-4dcd-8050-ba186ddabe02-groupManagement] INFO  server.RaftServerConfigKeys (ConfUtils.java:logGet(46)) - raft.server.log.appender.install.snapshot.enabled = false (custom)
2024-03-11 08:37:40,241 [1d5332b8-2026-4dcd-8050-ba186ddabe02-groupManagement] INFO  server.RaftServerConfigKeys (ConfUtils.java:logGet(46)) - raft.server.threadpool.server.cached = true (default)
2024-03-11 08:37:40,241 [1d5332b8-2026-4dcd-8050-ba186ddabe02-groupManagement] INFO  server.RaftServerConfigKeys (ConfUtils.java:logGet(46)) - raft.server.threadpool.server.size = 0 (default)
2024-03-11 08:37:40,241 [1d5332b8-2026-4dcd-8050-ba186ddabe02-groupManagement] INFO  server.RaftServerConfigKeys (ConfUtils.java:logGet(46)) - raft.server.threadpool.client.cached = true (default)
2024-03-11 08:37:40,241 [1d5332b8-2026-4dcd-8050-ba186ddabe02-groupManagement] INFO  server.RaftServerConfigKeys (ConfUtils.java:logGet(46)) - raft.server.threadpool.client.size = 0 (default)
2024-03-11 08:37:40,241 [1d5332b8-2026-4dcd-8050-ba186ddabe02-groupManagement] INFO  server.RaftServerConfigKeys (ConfUtils.java:logGet(46)) - raft.server.storage.free-space.min = 0MB (=0) (default)
2024-03-11 08:37:40,241 [1d5332b8-2026-4dcd-8050-ba186ddabe02-groupManagement] INFO  server.RaftServerConfigKeys (ConfUtils.java:logGet(46)) - raft.server.log.corruption.policy = EXCEPTION (default)
2024-03-11 08:37:40,241 [1d5332b8-2026-4dcd-8050-ba186ddabe02-groupManagement] INFO  server.RaftServerConfigKeys (ConfUtils.java:logGet(46)) - raft.server.storage.dir = [/home/runner/work/ozone/ozone/hadoop-ozone/integration-test/target/test-dir/MiniOzoneClusterImpl-90f76332-72a0-45e1-84c2-b164c055732a/ozone-meta/datanode-3/ratis] (custom)
2024-03-11 08:37:40,241 [1d5332b8-2026-4dcd-8050-ba186ddabe02-groupManagement] INFO  storage.RaftStorageDirectory (RaftStorageDirectoryImpl.java:analyzeStorage(138)) - The storage directory /home/runner/work/ozone/ozone/hadoop-ozone/integration-test/target/test-dir/MiniOzoneClusterImpl-90f76332-72a0-45e1-84c2-b164c055732a/ozone-meta/datanode-3/ratis/cb4de3dd-2c03-4c8d-8b9e-a3ec578c1444 does not exist. Creating ...
2024-03-11 08:37:40,242 [1d5332b8-2026-4dcd-8050-ba186ddabe02-groupManagement] INFO  storage.RaftStorageDirectory (RaftStorageDirectoryImpl.java:tryLock(228)) - Lock on /home/runner/work/ozone/ozone/hadoop-ozone/integration-test/target/test-dir/MiniOzoneClusterImpl-90f76332-72a0-45e1-84c2-b164c055732a/ozone-meta/datanode-3/ratis/cb4de3dd-2c03-4c8d-8b9e-a3ec578c1444/in_use.lock acquired by nodename 48108@fv-az1250-130
2024-03-11 08:37:40,243 [1d5332b8-2026-4dcd-8050-ba186ddabe02-groupManagement] INFO  storage.RaftStorage (RaftStorageImpl.java:format(99)) - Storage directory /home/runner/work/ozone/ozone/hadoop-ozone/integration-test/target/test-dir/MiniOzoneClusterImpl-90f76332-72a0-45e1-84c2-b164c055732a/ozone-meta/datanode-3/ratis/cb4de3dd-2c03-4c8d-8b9e-a3ec578c1444 has been successfully formatted.
2024-03-11 08:37:40,244 [1d5332b8-2026-4dcd-8050-ba186ddabe02-groupManagement] WARN  util.FileUtils (LogUtils.java:supplyAndLog(63)) - Failed to Files.newInputStream /home/runner/work/ozone/ozone/hadoop-ozone/integration-test/target/test-dir/MiniOzoneClusterImpl-90f76332-72a0-45e1-84c2-b164c055732a/ozone-meta/datanode-3/ratis/cb4de3dd-2c03-4c8d-8b9e-a3ec578c1444/current/raft-meta.conf with options []: java.nio.file.NoSuchFileException: /home/runner/work/ozone/ozone/hadoop-ozone/integration-test/target/test-dir/MiniOzoneClusterImpl-90f76332-72a0-45e1-84c2-b164c055732a/ozone-meta/datanode-3/ratis/cb4de3dd-2c03-4c8d-8b9e-a3ec578c1444/current/raft-meta.conf
2024-03-11 08:37:40,244 [1d5332b8-2026-4dcd-8050-ba186ddabe02-groupManagement] INFO  ratis.ContainerStateMachine (ContainerStateMachine.java:loadSnapshot(287)) - group-A3EC578C1444: The snapshot info is null. Setting the last applied index to:(t:0, i:~)
2024-03-11 08:37:40,244 [1d5332b8-2026-4dcd-8050-ba186ddabe02-groupManagement] INFO  server.RaftServerConfigKeys (ConfUtils.java:logGet(46)) - raft.server.log.use.memory = false (default)
2024-03-11 08:37:40,244 [1d5332b8-2026-4dcd-8050-ba186ddabe02-groupManagement] INFO  server.RaftServerConfigKeys (ConfUtils.java:logGet(46)) - raft.server.log.purge.gap = 1000000 (custom)
2024-03-11 08:37:40,245 [1d5332b8-2026-4dcd-8050-ba186ddabe02-groupManagement] INFO  server.RaftServerConfigKeys (ConfUtils.java:logGet(46)) - raft.server.log.appender.buffer.byte-limit = 8388608 (custom)
2024-03-11 08:37:40,245 [1d5332b8-2026-4dcd-8050-ba186ddabe02-groupManagement] INFO  server.RaftServerConfigKeys (ConfUtils.java:logGet(46)) - raft.server.log.statemachine.data.read.timeout = 1000ms (default)
2024-03-11 08:37:40,245 [1d5332b8-2026-4dcd-8050-ba186ddabe02-groupManagement] INFO  server.RaftServerConfigKeys (ConfUtils.java:logGet(46)) - raft.server.log.purge.preservation.log.num = 0 (default)
2024-03-11 08:37:40,246 [1d5332b8-2026-4dcd-8050-ba186ddabe02-groupManagement] INFO  server.RaftServerConfigKeys (ConfUtils.java:logGet(46)) - raft.server.log.segment.size.max = 67108864 (custom)
2024-03-11 08:37:40,246 [1d5332b8-2026-4dcd-8050-ba186ddabe02-groupManagement] INFO  server.RaftServerConfigKeys (ConfUtils.java:logGet(46)) - raft.server.log.segment.cache.num.max = 2 (custom)
2024-03-11 08:37:40,246 [1d5332b8-2026-4dcd-8050-ba186ddabe02-groupManagement] INFO  server.RaftServerConfigKeys (ConfUtils.java:logGet(46)) - raft.server.log.segment.cache.size.max = 200MB (=209715200) (default)
2024-03-11 08:37:40,246 [1d5332b8-2026-4dcd-8050-ba186ddabe02-groupManagement] INFO  server.RaftServerConfigKeys (ConfUtils.java:logGet(46)) - raft.server.log.appender.buffer.byte-limit = 8388608 (custom)
2024-03-11 08:37:40,246 [1d5332b8-2026-4dcd-8050-ba186ddabe02-groupManagement] INFO  util.AwaitToRun (AwaitToRun.java:start(81)) - Thread[1d5332b8-2026-4dcd-8050-ba186ddabe02@group-A3EC578C1444-cacheEviction-AwaitToRun,5,main] started
2024-03-11 08:37:40,246 [1d5332b8-2026-4dcd-8050-ba186ddabe02-groupManagement] INFO  segmented.SegmentedRaftLogWorker (SegmentedRaftLogWorker.java:<init>(182)) - new 1d5332b8-2026-4dcd-8050-ba186ddabe02@group-A3EC578C1444-SegmentedRaftLogWorker for RaftStorageImpl:Storage Directory /home/runner/work/ozone/ozone/hadoop-ozone/integration-test/target/test-dir/MiniOzoneClusterImpl-90f76332-72a0-45e1-84c2-b164c055732a/ozone-meta/datanode-3/ratis/cb4de3dd-2c03-4c8d-8b9e-a3ec578c1444
2024-03-11 08:37:40,246 [1d5332b8-2026-4dcd-8050-ba186ddabe02-groupManagement] INFO  server.RaftServerConfigKeys (ConfUtils.java:logGet(46)) - raft.server.log.queue.byte-limit = 4294967296 (custom)
2024-03-11 08:37:40,247 [1d5332b8-2026-4dcd-8050-ba186ddabe02-groupManagement] INFO  server.RaftServerConfigKeys (ConfUtils.java:logGet(46)) - raft.server.log.queue.element-limit = 1024 (custom)
2024-03-11 08:37:40,247 [1d5332b8-2026-4dcd-8050-ba186ddabe02-groupManagement] INFO  server.RaftServerConfigKeys (ConfUtils.java:logGet(46)) - raft.server.log.segment.size.max = 67108864 (custom)
2024-03-11 08:37:40,247 [1d5332b8-2026-4dcd-8050-ba186ddabe02-groupManagement] INFO  server.RaftServerConfigKeys (ConfUtils.java:logGet(46)) - raft.server.log.preallocated.size = 4194304 (custom)
2024-03-11 08:37:40,247 [1d5332b8-2026-4dcd-8050-ba186ddabe02-groupManagement] INFO  server.RaftServerConfigKeys (ConfUtils.java:logGet(46)) - raft.server.log.force.sync.num = 128 (default)
2024-03-11 08:37:40,247 [1d5332b8-2026-4dcd-8050-ba186ddabe02-groupManagement] INFO  server.RaftServerConfigKeys (ConfUtils.java:logGet(46)) - raft.server.log.statemachine.data.sync = true (default)
2024-03-11 08:37:40,247 [1d5332b8-2026-4dcd-8050-ba186ddabe02-groupManagement] INFO  server.RaftServerConfigKeys (ConfUtils.java:logGet(46)) - raft.server.log.statemachine.data.sync.timeout = 10s (default)
2024-03-11 08:37:40,247 [1d5332b8-2026-4dcd-8050-ba186ddabe02-groupManagement] INFO  server.RaftServerConfigKeys (ConfUtils.java:logGet(46)) - raft.server.log.statemachine.data.sync.timeout.retry = 0 (custom)
2024-03-11 08:37:40,247 [1d5332b8-2026-4dcd-8050-ba186ddabe02-groupManagement] INFO  server.RaftServerConfigKeys (ConfUtils.java:logGet(46)) - raft.server.log.write.buffer.size = 8388616 (custom)
2024-03-11 08:37:40,248 [1d5332b8-2026-4dcd-8050-ba186ddabe02-groupManagement] INFO  server.RaftServerConfigKeys (ConfUtils.java:logGet(46)) - raft.server.log.appender.buffer.byte-limit = 8388608 (custom)
2024-03-11 08:37:40,248 [1d5332b8-2026-4dcd-8050-ba186ddabe02-groupManagement] INFO  server.RaftServerConfigKeys (ConfUtils.java:logGet(46)) - raft.server.log.unsafe-flush.enabled = false (default)
2024-03-11 08:37:40,248 [1d5332b8-2026-4dcd-8050-ba186ddabe02-groupManagement] INFO  server.RaftServerConfigKeys (ConfUtils.java:logGet(46)) - raft.server.log.async-flush.enabled = false (default)
2024-03-11 08:37:40,248 [1d5332b8-2026-4dcd-8050-ba186ddabe02-groupManagement] INFO  server.RaftServerConfigKeys (ConfUtils.java:logGet(46)) - raft.server.log.statemachine.data.caching.enabled = true (custom)
2024-03-11 08:37:40,249 [1d5332b8-2026-4dcd-8050-ba186ddabe02-groupManagement] INFO  segmented.SegmentedRaftLogWorker (SegmentedRaftLogWorker.java:lambda$new$0(134)) - 1d5332b8-2026-4dcd-8050-ba186ddabe02@group-A3EC578C1444-SegmentedRaftLogWorker: flushIndex: setUnconditionally 0 -> -1
2024-03-11 08:37:40,249 [1d5332b8-2026-4dcd-8050-ba186ddabe02-groupManagement] INFO  segmented.SegmentedRaftLogWorker (SegmentedRaftLogWorker.java:lambda$new$0(134)) - 1d5332b8-2026-4dcd-8050-ba186ddabe02@group-A3EC578C1444-SegmentedRaftLogWorker: safeCacheEvictIndex: setUnconditionally 0 -> -1
2024-03-11 08:37:40,249 [1d5332b8-2026-4dcd-8050-ba186ddabe02-groupManagement] INFO  server.RaftServer$Division (RaftServerImpl.java:start(396)) - 1d5332b8-2026-4dcd-8050-ba186ddabe02@group-A3EC578C1444: start as a follower, conf=-1: peers:[7431f2c9-6bc6-4872-82e6-1e22af8aa733|10.1.0.9:15246, 1d5332b8-2026-4dcd-8050-ba186ddabe02|10.1.0.9:15255, 14692c26-374e-4997-9d8a-ad202747d88d|10.1.0.9:15237]|listeners:[], old=null
2024-03-11 08:37:40,249 [1d5332b8-2026-4dcd-8050-ba186ddabe02-groupManagement] INFO  server.RaftServer$Division (RaftServerImpl.java:setRole(383)) - 1d5332b8-2026-4dcd-8050-ba186ddabe02@group-A3EC578C1444: changes role from      null to FOLLOWER at term 0 for startAsFollower
2024-03-11 08:37:40,249 [1d5332b8-2026-4dcd-8050-ba186ddabe02-groupManagement] INFO  impl.RoleInfo (RoleInfo.java:updateAndGet(139)) - 1d5332b8-2026-4dcd-8050-ba186ddabe02: start 1d5332b8-2026-4dcd-8050-ba186ddabe02@group-A3EC578C1444-FollowerState
2024-03-11 08:37:40,249 [1d5332b8-2026-4dcd-8050-ba186ddabe02-groupManagement] INFO  util.JmxRegister (JmxRegister.java:tryRegister(44)) - Successfully registered JMX Bean with object name Ratis:service=RaftServer,group=group-A3EC578C1444,id=1d5332b8-2026-4dcd-8050-ba186ddabe02
2024-03-11 08:37:40,249 [1d5332b8-2026-4dcd-8050-ba186ddabe02@group-A3EC578C1444-FollowerState] INFO  server.RaftServerConfigKeys (ConfUtils.java:logFallback(53)) - raft.server.rpc.first-election.timeout.min = 5s (fallback to raft.server.rpc.timeout.min)
2024-03-11 08:37:40,249 [1d5332b8-2026-4dcd-8050-ba186ddabe02-groupManagement] INFO  server.RaftServerConfigKeys (ConfUtils.java:logGet(46)) - raft.server.snapshot.trigger-when-stop.enabled = true (default)
2024-03-11 08:37:40,249 [1d5332b8-2026-4dcd-8050-ba186ddabe02@group-A3EC578C1444-FollowerState] INFO  server.RaftServerConfigKeys (ConfUtils.java:logFallback(53)) - raft.server.rpc.first-election.timeout.max = 5200ms (fallback to raft.server.rpc.timeout.max)
2024-03-11 08:37:40,249 [1d5332b8-2026-4dcd-8050-ba186ddabe02-groupManagement] INFO  server.RaftServerConfigKeys (ConfUtils.java:logGet(46)) - raft.server.snapshot.auto.trigger.enabled = true (custom)
2024-03-11 08:37:40,250 [1d5332b8-2026-4dcd-8050-ba186ddabe02-groupManagement] INFO  server.RaftServerConfigKeys (ConfUtils.java:logGet(46)) - raft.server.snapshot.auto.trigger.threshold = 10000 (custom)
2024-03-11 08:37:40,250 [1d5332b8-2026-4dcd-8050-ba186ddabe02-groupManagement] INFO  server.RaftServerConfigKeys (ConfUtils.java:logGet(46)) - raft.server.snapshot.retention.file.num = 5 (custom)
2024-03-11 08:37:40,250 [1d5332b8-2026-4dcd-8050-ba186ddabe02-groupManagement] INFO  server.RaftServerConfigKeys (ConfUtils.java:logGet(46)) - raft.server.log.purge.upto.snapshot.index = false (default)
2024-03-11 08:37:40,251 [7431f2c9-6bc6-4872-82e6-1e22af8aa733-PipelineCommandHandlerThread-0] INFO  server.RaftServer (RaftServerProxy.java:addNew(100)) - 7431f2c9-6bc6-4872-82e6-1e22af8aa733: addNew group-BB996A11E6DF:[7431f2c9-6bc6-4872-82e6-1e22af8aa733|10.1.0.9:15246] returns group-BB996A11E6DF:java.util.concurrent.CompletableFuture@11244b4e[Not completed]
2024-03-11 08:37:40,255 [7431f2c9-6bc6-4872-82e6-1e22af8aa733-groupManagement] INFO  server.RaftServer$Division (RaftServerImpl.java:<init>(256)) - 7431f2c9-6bc6-4872-82e6-1e22af8aa733: new RaftServerImpl for group-BB996A11E6DF:[7431f2c9-6bc6-4872-82e6-1e22af8aa733|10.1.0.9:15246] with ContainerStateMachine:uninitialized
2024-03-11 08:37:40,255 [7431f2c9-6bc6-4872-82e6-1e22af8aa733-groupManagement] INFO  server.RaftServerConfigKeys (ConfUtils.java:logGet(46)) - raft.server.rpc.timeout.min = 5s (custom)
2024-03-11 08:37:40,256 [7431f2c9-6bc6-4872-82e6-1e22af8aa733-groupManagement] INFO  server.RaftServerConfigKeys (ConfUtils.java:logGet(46)) - raft.server.rpc.timeout.max = 5200ms (custom)
2024-03-11 08:37:40,256 [7431f2c9-6bc6-4872-82e6-1e22af8aa733-groupManagement] INFO  server.RaftServerConfigKeys (ConfUtils.java:logGet(46)) - raft.server.rpc.sleep.time = 25ms (default)
2024-03-11 08:37:40,256 [7431f2c9-6bc6-4872-82e6-1e22af8aa733-groupManagement] INFO  server.RaftServerConfigKeys (ConfUtils.java:logGet(46)) - raft.server.rpc.slowness.timeout = 300s (custom)
2024-03-11 08:37:40,256 [7431f2c9-6bc6-4872-82e6-1e22af8aa733-groupManagement] INFO  server.RaftServerConfigKeys (ConfUtils.java:logGet(46)) - raft.server.leaderelection.leader.step-down.wait-time = 10s (default)
2024-03-11 08:37:40,256 [7431f2c9-6bc6-4872-82e6-1e22af8aa733-groupManagement] INFO  server.RaftServerConfigKeys (ConfUtils.java:logGet(46)) - raft.server.leaderelection.member.majority-add = false (default)
2024-03-11 08:37:40,256 [7431f2c9-6bc6-4872-82e6-1e22af8aa733-groupManagement] INFO  server.RaftServerConfigKeys (ConfUtils.java:logGet(46)) - raft.server.sleep.deviation.threshold = 300ms (default)
2024-03-11 08:37:40,256 [7431f2c9-6bc6-4872-82e6-1e22af8aa733-groupManagement] INFO  server.RaftServer$Division (ServerState.java:<init>(113)) - 7431f2c9-6bc6-4872-82e6-1e22af8aa733@group-BB996A11E6DF: ConfigurationManager, init=-1: peers:[7431f2c9-6bc6-4872-82e6-1e22af8aa733|10.1.0.9:15246]|listeners:[], old=null, confs=<EMPTY_MAP>
2024-03-11 08:37:40,256 [7431f2c9-6bc6-4872-82e6-1e22af8aa733-groupManagement] INFO  server.RaftServerConfigKeys (ConfUtils.java:logGet(46)) - raft.server.notification.no-leader.timeout = 300s (custom)
2024-03-11 08:37:40,256 [7431f2c9-6bc6-4872-82e6-1e22af8aa733-groupManagement] INFO  server.RaftServerConfigKeys (ConfUtils.java:logGet(46)) - raft.server.read.timeout = 10s (default)
2024-03-11 08:37:40,256 [7431f2c9-6bc6-4872-82e6-1e22af8aa733-groupManagement] INFO  server.RaftServerConfigKeys (ConfUtils.java:logGet(46)) - raft.server.retrycache.expirytime = 600000ms (custom)
2024-03-11 08:37:40,256 [7431f2c9-6bc6-4872-82e6-1e22af8aa733-groupManagement] INFO  server.RaftServerConfigKeys (ConfUtils.java:logGet(46)) - raft.server.retrycache.statistics.expirytime = 100ms (default)
2024-03-11 08:37:40,256 [7431f2c9-6bc6-4872-82e6-1e22af8aa733-groupManagement] INFO  server.RaftServerConfigKeys (ConfUtils.java:logGet(46)) - raft.server.read.option = DEFAULT (default)
2024-03-11 08:37:40,256 [7431f2c9-6bc6-4872-82e6-1e22af8aa733-groupManagement] INFO  server.RaftServerConfigKeys (ConfUtils.java:logGet(46)) - raft.server.read.read-after-write-consistent.write-index-cache.expiry-time = 60s (default)
2024-03-11 08:37:40,258 [7431f2c9-6bc6-4872-82e6-1e22af8aa733-groupManagement] INFO  server.RaftServerConfigKeys (ConfUtils.java:logGet(46)) - raft.server.rpc.request.timeout = 60s (custom)
2024-03-11 08:37:40,258 [7431f2c9-6bc6-4872-82e6-1e22af8aa733-groupManagement] INFO  server.RaftServerConfigKeys (ConfUtils.java:logGet(46)) - raft.server.log.appender.install.snapshot.enabled = false (custom)
2024-03-11 08:37:40,258 [7431f2c9-6bc6-4872-82e6-1e22af8aa733-groupManagement] INFO  server.RaftServerConfigKeys (ConfUtils.java:logGet(46)) - raft.server.threadpool.server.cached = true (default)
2024-03-11 08:37:40,258 [7431f2c9-6bc6-4872-82e6-1e22af8aa733-groupManagement] INFO  server.RaftServerConfigKeys (ConfUtils.java:logGet(46)) - raft.server.threadpool.server.size = 0 (default)
2024-03-11 08:37:40,258 [7431f2c9-6bc6-4872-82e6-1e22af8aa733-groupManagement] INFO  server.RaftServerConfigKeys (ConfUtils.java:logGet(46)) - raft.server.threadpool.client.cached = true (default)
2024-03-11 08:37:40,258 [7431f2c9-6bc6-4872-82e6-1e22af8aa733-groupManagement] INFO  server.RaftServerConfigKeys (ConfUtils.java:logGet(46)) - raft.server.threadpool.client.size = 0 (default)
2024-03-11 08:37:40,258 [7431f2c9-6bc6-4872-82e6-1e22af8aa733-groupManagement] INFO  server.RaftServerConfigKeys (ConfUtils.java:logGet(46)) - raft.server.storage.free-space.min = 0MB (=0) (default)
2024-03-11 08:37:40,258 [7431f2c9-6bc6-4872-82e6-1e22af8aa733-groupManagement] INFO  server.RaftServerConfigKeys (ConfUtils.java:logGet(46)) - raft.server.log.corruption.policy = EXCEPTION (default)
2024-03-11 08:37:40,258 [7431f2c9-6bc6-4872-82e6-1e22af8aa733-groupManagement] INFO  server.RaftServerConfigKeys (ConfUtils.java:logGet(46)) - raft.server.storage.dir = [/home/runner/work/ozone/ozone/hadoop-ozone/integration-test/target/test-dir/MiniOzoneClusterImpl-90f76332-72a0-45e1-84c2-b164c055732a/ozone-meta/datanode-2/ratis] (custom)
2024-03-11 08:37:40,258 [7431f2c9-6bc6-4872-82e6-1e22af8aa733-groupManagement] INFO  storage.RaftStorageDirectory (RaftStorageDirectoryImpl.java:analyzeStorage(138)) - The storage directory /home/runner/work/ozone/ozone/hadoop-ozone/integration-test/target/test-dir/MiniOzoneClusterImpl-90f76332-72a0-45e1-84c2-b164c055732a/ozone-meta/datanode-2/ratis/87a6a08f-ecd9-4832-ab5c-bb996a11e6df does not exist. Creating ...
2024-03-11 08:37:40,261 [7431f2c9-6bc6-4872-82e6-1e22af8aa733-groupManagement] INFO  storage.RaftStorageDirectory (RaftStorageDirectoryImpl.java:tryLock(228)) - Lock on /home/runner/work/ozone/ozone/hadoop-ozone/integration-test/target/test-dir/MiniOzoneClusterImpl-90f76332-72a0-45e1-84c2-b164c055732a/ozone-meta/datanode-2/ratis/87a6a08f-ecd9-4832-ab5c-bb996a11e6df/in_use.lock acquired by nodename 48108@fv-az1250-130
2024-03-11 08:37:40,263 [7431f2c9-6bc6-4872-82e6-1e22af8aa733-groupManagement] INFO  storage.RaftStorage (RaftStorageImpl.java:format(99)) - Storage directory /home/runner/work/ozone/ozone/hadoop-ozone/integration-test/target/test-dir/MiniOzoneClusterImpl-90f76332-72a0-45e1-84c2-b164c055732a/ozone-meta/datanode-2/ratis/87a6a08f-ecd9-4832-ab5c-bb996a11e6df has been successfully formatted.
2024-03-11 08:37:40,263 [7431f2c9-6bc6-4872-82e6-1e22af8aa733-groupManagement] WARN  util.FileUtils (LogUtils.java:supplyAndLog(63)) - Failed to Files.newInputStream /home/runner/work/ozone/ozone/hadoop-ozone/integration-test/target/test-dir/MiniOzoneClusterImpl-90f76332-72a0-45e1-84c2-b164c055732a/ozone-meta/datanode-2/ratis/87a6a08f-ecd9-4832-ab5c-bb996a11e6df/current/raft-meta.conf with options []: java.nio.file.NoSuchFileException: /home/runner/work/ozone/ozone/hadoop-ozone/integration-test/target/test-dir/MiniOzoneClusterImpl-90f76332-72a0-45e1-84c2-b164c055732a/ozone-meta/datanode-2/ratis/87a6a08f-ecd9-4832-ab5c-bb996a11e6df/current/raft-meta.conf
2024-03-11 08:37:40,263 [7431f2c9-6bc6-4872-82e6-1e22af8aa733-groupManagement] INFO  ratis.ContainerStateMachine (ContainerStateMachine.java:loadSnapshot(287)) - group-BB996A11E6DF: The snapshot info is null. Setting the last applied index to:(t:0, i:~)
2024-03-11 08:37:40,263 [7431f2c9-6bc6-4872-82e6-1e22af8aa733-groupManagement] INFO  server.RaftServerConfigKeys (ConfUtils.java:logGet(46)) - raft.server.log.use.memory = false (default)
2024-03-11 08:37:40,264 [7431f2c9-6bc6-4872-82e6-1e22af8aa733-groupManagement] INFO  server.RaftServerConfigKeys (ConfUtils.java:logGet(46)) - raft.server.log.purge.gap = 1000000 (custom)
2024-03-11 08:37:40,264 [7431f2c9-6bc6-4872-82e6-1e22af8aa733-groupManagement] INFO  server.RaftServerConfigKeys (ConfUtils.java:logGet(46)) - raft.server.log.appender.buffer.byte-limit = 8388608 (custom)
2024-03-11 08:37:40,264 [grpc-default-executor-2] INFO  server.RaftServer (RaftServerProxy.java:addNew(100)) - 7431f2c9-6bc6-4872-82e6-1e22af8aa733: addNew group-A3EC578C1444:[7431f2c9-6bc6-4872-82e6-1e22af8aa733|10.1.0.9:15246, 1d5332b8-2026-4dcd-8050-ba186ddabe02|10.1.0.9:15255, 14692c26-374e-4997-9d8a-ad202747d88d|10.1.0.9:15237] returns group-A3EC578C1444:java.util.concurrent.CompletableFuture@b96d87a[Not completed]
2024-03-11 08:37:40,264 [7431f2c9-6bc6-4872-82e6-1e22af8aa733-groupManagement] INFO  server.RaftServerConfigKeys (ConfUtils.java:logGet(46)) - raft.server.log.statemachine.data.read.timeout = 1000ms (default)
2024-03-11 08:37:40,264 [7431f2c9-6bc6-4872-82e6-1e22af8aa733-groupManagement] INFO  server.RaftServerConfigKeys (ConfUtils.java:logGet(46)) - raft.server.log.purge.preservation.log.num = 0 (default)
2024-03-11 08:37:40,265 [EventQueue-PipelineReportForPipelineReportHandler] INFO  pipeline.PipelineReportHandler (PipelineReportHandler.java:processPipelineReport(136)) - Opened pipeline PipelineID=87a6a08f-ecd9-4832-ab5c-bb996a11e6df
2024-03-11 08:37:40,265 [EventQueue-OpenPipelineForHealthyPipelineSafeModeRule] INFO  safemode.SCMSafeModeManager (HealthyPipelineSafeModeRule.java:process(140)) - SCM in safe mode. Healthy pipelines reported count is 0, required healthy pipeline reported count is 1
2024-03-11 08:37:40,265 [7431f2c9-6bc6-4872-82e6-1e22af8aa733-groupManagement] INFO  server.RaftServerConfigKeys (ConfUtils.java:logGet(46)) - raft.server.log.segment.size.max = 67108864 (custom)
2024-03-11 08:37:40,265 [7431f2c9-6bc6-4872-82e6-1e22af8aa733-groupManagement] INFO  server.RaftServerConfigKeys (ConfUtils.java:logGet(46)) - raft.server.log.segment.cache.num.max = 2 (custom)
2024-03-11 08:37:40,265 [7431f2c9-6bc6-4872-82e6-1e22af8aa733-groupManagement] INFO  server.RaftServerConfigKeys (ConfUtils.java:logGet(46)) - raft.server.log.segment.cache.size.max = 200MB (=209715200) (default)
2024-03-11 08:37:40,265 [7431f2c9-6bc6-4872-82e6-1e22af8aa733-groupManagement] INFO  server.RaftServerConfigKeys (ConfUtils.java:logGet(46)) - raft.server.log.appender.buffer.byte-limit = 8388608 (custom)
2024-03-11 08:37:40,265 [7431f2c9-6bc6-4872-82e6-1e22af8aa733-groupManagement] INFO  util.AwaitToRun (AwaitToRun.java:start(81)) - Thread[7431f2c9-6bc6-4872-82e6-1e22af8aa733@group-BB996A11E6DF-cacheEviction-AwaitToRun,5,main] started
2024-03-11 08:37:40,265 [7431f2c9-6bc6-4872-82e6-1e22af8aa733-groupManagement] INFO  segmented.SegmentedRaftLogWorker (SegmentedRaftLogWorker.java:<init>(182)) - new 7431f2c9-6bc6-4872-82e6-1e22af8aa733@group-BB996A11E6DF-SegmentedRaftLogWorker for RaftStorageImpl:Storage Directory /home/runner/work/ozone/ozone/hadoop-ozone/integration-test/target/test-dir/MiniOzoneClusterImpl-90f76332-72a0-45e1-84c2-b164c055732a/ozone-meta/datanode-2/ratis/87a6a08f-ecd9-4832-ab5c-bb996a11e6df
2024-03-11 08:37:40,265 [7431f2c9-6bc6-4872-82e6-1e22af8aa733-groupManagement] INFO  server.RaftServerConfigKeys (ConfUtils.java:logGet(46)) - raft.server.log.queue.byte-limit = 4294967296 (custom)
2024-03-11 08:37:40,266 [7431f2c9-6bc6-4872-82e6-1e22af8aa733-groupManagement] INFO  server.RaftServerConfigKeys (ConfUtils.java:logGet(46)) - raft.server.log.queue.element-limit = 1024 (custom)
2024-03-11 08:37:40,266 [7431f2c9-6bc6-4872-82e6-1e22af8aa733-groupManagement] INFO  server.RaftServerConfigKeys (ConfUtils.java:logGet(46)) - raft.server.log.segment.size.max = 67108864 (custom)
2024-03-11 08:37:40,266 [7431f2c9-6bc6-4872-82e6-1e22af8aa733-groupManagement] INFO  server.RaftServerConfigKeys (ConfUtils.java:logGet(46)) - raft.server.log.preallocated.size = 4194304 (custom)
2024-03-11 08:37:40,266 [7431f2c9-6bc6-4872-82e6-1e22af8aa733-groupManagement] INFO  server.RaftServerConfigKeys (ConfUtils.java:logGet(46)) - raft.server.log.force.sync.num = 128 (default)
2024-03-11 08:37:40,266 [7431f2c9-6bc6-4872-82e6-1e22af8aa733-groupManagement] INFO  server.RaftServerConfigKeys (ConfUtils.java:logGet(46)) - raft.server.log.statemachine.data.sync = true (default)
2024-03-11 08:37:40,266 [7431f2c9-6bc6-4872-82e6-1e22af8aa733-groupManagement] INFO  server.RaftServerConfigKeys (ConfUtils.java:logGet(46)) - raft.server.log.statemachine.data.sync.timeout = 10s (default)
2024-03-11 08:37:40,266 [7431f2c9-6bc6-4872-82e6-1e22af8aa733-groupManagement] INFO  server.RaftServerConfigKeys (ConfUtils.java:logGet(46)) - raft.server.log.statemachine.data.sync.timeout.retry = 0 (custom)
2024-03-11 08:37:40,266 [7431f2c9-6bc6-4872-82e6-1e22af8aa733-groupManagement] INFO  server.RaftServerConfigKeys (ConfUtils.java:logGet(46)) - raft.server.log.write.buffer.size = 8388616 (custom)
2024-03-11 08:37:40,267 [7431f2c9-6bc6-4872-82e6-1e22af8aa733-groupManagement] INFO  server.RaftServerConfigKeys (ConfUtils.java:logGet(46)) - raft.server.log.appender.buffer.byte-limit = 8388608 (custom)
2024-03-11 08:37:40,267 [7431f2c9-6bc6-4872-82e6-1e22af8aa733-groupManagement] INFO  server.RaftServerConfigKeys (ConfUtils.java:logGet(46)) - raft.server.log.unsafe-flush.enabled = false (default)
2024-03-11 08:37:40,268 [7431f2c9-6bc6-4872-82e6-1e22af8aa733-groupManagement] INFO  server.RaftServerConfigKeys (ConfUtils.java:logGet(46)) - raft.server.log.async-flush.enabled = false (default)
2024-03-11 08:37:40,268 [7431f2c9-6bc6-4872-82e6-1e22af8aa733-groupManagement] INFO  server.RaftServerConfigKeys (ConfUtils.java:logGet(46)) - raft.server.log.statemachine.data.caching.enabled = true (custom)
2024-03-11 08:37:40,268 [7431f2c9-6bc6-4872-82e6-1e22af8aa733-groupManagement] INFO  segmented.SegmentedRaftLogWorker (SegmentedRaftLogWorker.java:lambda$new$0(134)) - 7431f2c9-6bc6-4872-82e6-1e22af8aa733@group-BB996A11E6DF-SegmentedRaftLogWorker: flushIndex: setUnconditionally 0 -> -1
2024-03-11 08:37:40,268 [7431f2c9-6bc6-4872-82e6-1e22af8aa733-groupManagement] INFO  segmented.SegmentedRaftLogWorker (SegmentedRaftLogWorker.java:lambda$new$0(134)) - 7431f2c9-6bc6-4872-82e6-1e22af8aa733@group-BB996A11E6DF-SegmentedRaftLogWorker: safeCacheEvictIndex: setUnconditionally 0 -> -1
2024-03-11 08:37:40,268 [7431f2c9-6bc6-4872-82e6-1e22af8aa733-groupManagement] INFO  server.RaftServer$Division (RaftServerImpl.java:start(396)) - 7431f2c9-6bc6-4872-82e6-1e22af8aa733@group-BB996A11E6DF: start as a follower, conf=-1: peers:[7431f2c9-6bc6-4872-82e6-1e22af8aa733|10.1.0.9:15246]|listeners:[], old=null
2024-03-11 08:37:40,268 [7431f2c9-6bc6-4872-82e6-1e22af8aa733-groupManagement] INFO  server.RaftServer$Division (RaftServerImpl.java:setRole(383)) - 7431f2c9-6bc6-4872-82e6-1e22af8aa733@group-BB996A11E6DF: changes role from      null to FOLLOWER at term 0 for startAsFollower
2024-03-11 08:37:40,268 [7431f2c9-6bc6-4872-82e6-1e22af8aa733-groupManagement] INFO  impl.RoleInfo (RoleInfo.java:updateAndGet(139)) - 7431f2c9-6bc6-4872-82e6-1e22af8aa733: start 7431f2c9-6bc6-4872-82e6-1e22af8aa733@group-BB996A11E6DF-FollowerState
2024-03-11 08:37:40,268 [7431f2c9-6bc6-4872-82e6-1e22af8aa733@group-BB996A11E6DF-FollowerState] INFO  server.RaftServerConfigKeys (ConfUtils.java:logFallback(53)) - raft.server.rpc.first-election.timeout.min = 5s (fallback to raft.server.rpc.timeout.min)
2024-03-11 08:37:40,268 [7431f2c9-6bc6-4872-82e6-1e22af8aa733-groupManagement] INFO  util.JmxRegister (JmxRegister.java:tryRegister(44)) - Successfully registered JMX Bean with object name Ratis:service=RaftServer,group=group-BB996A11E6DF,id=7431f2c9-6bc6-4872-82e6-1e22af8aa733
2024-03-11 08:37:40,269 [7431f2c9-6bc6-4872-82e6-1e22af8aa733@group-BB996A11E6DF-FollowerState] INFO  server.RaftServerConfigKeys (ConfUtils.java:logFallback(53)) - raft.server.rpc.first-election.timeout.max = 5200ms (fallback to raft.server.rpc.timeout.max)
2024-03-11 08:37:40,269 [7431f2c9-6bc6-4872-82e6-1e22af8aa733-groupManagement] INFO  server.RaftServerConfigKeys (ConfUtils.java:logGet(46)) - raft.server.snapshot.trigger-when-stop.enabled = true (default)
2024-03-11 08:37:40,270 [7431f2c9-6bc6-4872-82e6-1e22af8aa733-groupManagement] INFO  server.RaftServerConfigKeys (ConfUtils.java:logGet(46)) - raft.server.snapshot.auto.trigger.enabled = true (custom)
2024-03-11 08:37:40,270 [7431f2c9-6bc6-4872-82e6-1e22af8aa733-groupManagement] INFO  server.RaftServerConfigKeys (ConfUtils.java:logGet(46)) - raft.server.snapshot.auto.trigger.threshold = 10000 (custom)
2024-03-11 08:37:40,270 [7431f2c9-6bc6-4872-82e6-1e22af8aa733-groupManagement] INFO  server.RaftServerConfigKeys (ConfUtils.java:logGet(46)) - raft.server.snapshot.retention.file.num = 5 (custom)
2024-03-11 08:37:40,270 [7431f2c9-6bc6-4872-82e6-1e22af8aa733-groupManagement] INFO  server.RaftServerConfigKeys (ConfUtils.java:logGet(46)) - raft.server.log.purge.upto.snapshot.index = false (default)
2024-03-11 08:37:40,270 [7431f2c9-6bc6-4872-82e6-1e22af8aa733-PipelineCommandHandlerThread-0] INFO  ratis.XceiverServerRatis (XceiverServerRatis.java:addGroup(864)) - Created group PipelineID=87a6a08f-ecd9-4832-ab5c-bb996a11e6df
2024-03-11 08:37:40,270 [7431f2c9-6bc6-4872-82e6-1e22af8aa733-PipelineCommandHandlerThread-0] INFO  commandhandler.CreatePipelineCommandHandler (CreatePipelineCommandHandler.java:lambda$handle$2(124)) - Created Pipeline RATIS ONE PipelineID=87a6a08f-ecd9-4832-ab5c-bb996a11e6df.
2024-03-11 08:37:40,271 [7431f2c9-6bc6-4872-82e6-1e22af8aa733-groupManagement] INFO  server.RaftServer$Division (RaftServerImpl.java:<init>(256)) - 7431f2c9-6bc6-4872-82e6-1e22af8aa733: new RaftServerImpl for group-A3EC578C1444:[7431f2c9-6bc6-4872-82e6-1e22af8aa733|10.1.0.9:15246, 1d5332b8-2026-4dcd-8050-ba186ddabe02|10.1.0.9:15255, 14692c26-374e-4997-9d8a-ad202747d88d|10.1.0.9:15237] with ContainerStateMachine:uninitialized
2024-03-11 08:37:40,271 [7431f2c9-6bc6-4872-82e6-1e22af8aa733-groupManagement] INFO  server.RaftServerConfigKeys (ConfUtils.java:logGet(46)) - raft.server.rpc.timeout.min = 5s (custom)
2024-03-11 08:37:40,271 [7431f2c9-6bc6-4872-82e6-1e22af8aa733-groupManagement] INFO  server.RaftServerConfigKeys (ConfUtils.java:logGet(46)) - raft.server.rpc.timeout.max = 5200ms (custom)
2024-03-11 08:37:40,271 [7431f2c9-6bc6-4872-82e6-1e22af8aa733-groupManagement] INFO  server.RaftServerConfigKeys (ConfUtils.java:logGet(46)) - raft.server.rpc.sleep.time = 25ms (default)
2024-03-11 08:37:40,271 [7431f2c9-6bc6-4872-82e6-1e22af8aa733-groupManagement] INFO  server.RaftServerConfigKeys (ConfUtils.java:logGet(46)) - raft.server.rpc.slowness.timeout = 300s (custom)
2024-03-11 08:37:40,271 [7431f2c9-6bc6-4872-82e6-1e22af8aa733-groupManagement] INFO  server.RaftServerConfigKeys (ConfUtils.java:logGet(46)) - raft.server.leaderelection.leader.step-down.wait-time = 10s (default)
2024-03-11 08:37:40,271 [7431f2c9-6bc6-4872-82e6-1e22af8aa733-groupManagement] INFO  server.RaftServerConfigKeys (ConfUtils.java:logGet(46)) - raft.server.leaderelection.member.majority-add = false (default)
2024-03-11 08:37:40,271 [7431f2c9-6bc6-4872-82e6-1e22af8aa733-groupManagement] INFO  server.RaftServerConfigKeys (ConfUtils.java:logGet(46)) - raft.server.sleep.deviation.threshold = 300ms (default)
2024-03-11 08:37:40,272 [7431f2c9-6bc6-4872-82e6-1e22af8aa733-groupManagement] INFO  server.RaftServer$Division (ServerState.java:<init>(113)) - 7431f2c9-6bc6-4872-82e6-1e22af8aa733@group-A3EC578C1444: ConfigurationManager, init=-1: peers:[7431f2c9-6bc6-4872-82e6-1e22af8aa733|10.1.0.9:15246, 1d5332b8-2026-4dcd-8050-ba186ddabe02|10.1.0.9:15255, 14692c26-374e-4997-9d8a-ad202747d88d|10.1.0.9:15237]|listeners:[], old=null, confs=<EMPTY_MAP>
2024-03-11 08:37:40,272 [7431f2c9-6bc6-4872-82e6-1e22af8aa733-groupManagement] INFO  server.RaftServerConfigKeys (ConfUtils.java:logGet(46)) - raft.server.notification.no-leader.timeout = 300s (custom)
2024-03-11 08:37:40,272 [7431f2c9-6bc6-4872-82e6-1e22af8aa733-groupManagement] INFO  server.RaftServerConfigKeys (ConfUtils.java:logGet(46)) - raft.server.read.timeout = 10s (default)
2024-03-11 08:37:40,272 [7431f2c9-6bc6-4872-82e6-1e22af8aa733-groupManagement] INFO  server.RaftServerConfigKeys (ConfUtils.java:logGet(46)) - raft.server.retrycache.expirytime = 600000ms (custom)
2024-03-11 08:37:40,272 [7431f2c9-6bc6-4872-82e6-1e22af8aa733-groupManagement] INFO  server.RaftServerConfigKeys (ConfUtils.java:logGet(46)) - raft.server.retrycache.statistics.expirytime = 100ms (default)
2024-03-11 08:37:40,272 [7431f2c9-6bc6-4872-82e6-1e22af8aa733-groupManagement] INFO  server.RaftServerConfigKeys (ConfUtils.java:logGet(46)) - raft.server.read.option = DEFAULT (default)
2024-03-11 08:37:40,272 [7431f2c9-6bc6-4872-82e6-1e22af8aa733-groupManagement] INFO  server.RaftServerConfigKeys (ConfUtils.java:logGet(46)) - raft.server.read.read-after-write-consistent.write-index-cache.expiry-time = 60s (default)
2024-03-11 08:37:40,274 [7431f2c9-6bc6-4872-82e6-1e22af8aa733-groupManagement] INFO  server.RaftServerConfigKeys (ConfUtils.java:logGet(46)) - raft.server.rpc.request.timeout = 60s (custom)
2024-03-11 08:37:40,274 [7431f2c9-6bc6-4872-82e6-1e22af8aa733-groupManagement] INFO  server.RaftServerConfigKeys (ConfUtils.java:logGet(46)) - raft.server.log.appender.install.snapshot.enabled = false (custom)
2024-03-11 08:37:40,274 [7431f2c9-6bc6-4872-82e6-1e22af8aa733-groupManagement] INFO  server.RaftServerConfigKeys (ConfUtils.java:logGet(46)) - raft.server.threadpool.server.cached = true (default)
2024-03-11 08:37:40,274 [7431f2c9-6bc6-4872-82e6-1e22af8aa733-groupManagement] INFO  server.RaftServerConfigKeys (ConfUtils.java:logGet(46)) - raft.server.threadpool.server.size = 0 (default)
2024-03-11 08:37:40,274 [7431f2c9-6bc6-4872-82e6-1e22af8aa733-groupManagement] INFO  server.RaftServerConfigKeys (ConfUtils.java:logGet(46)) - raft.server.threadpool.client.cached = true (default)
2024-03-11 08:37:40,274 [7431f2c9-6bc6-4872-82e6-1e22af8aa733-groupManagement] INFO  server.RaftServerConfigKeys (ConfUtils.java:logGet(46)) - raft.server.threadpool.client.size = 0 (default)
2024-03-11 08:37:40,274 [7431f2c9-6bc6-4872-82e6-1e22af8aa733-groupManagement] INFO  server.RaftServerConfigKeys (ConfUtils.java:logGet(46)) - raft.server.storage.free-space.min = 0MB (=0) (default)
2024-03-11 08:37:40,274 [7431f2c9-6bc6-4872-82e6-1e22af8aa733-groupManagement] INFO  server.RaftServerConfigKeys (ConfUtils.java:logGet(46)) - raft.server.log.corruption.policy = EXCEPTION (default)
2024-03-11 08:37:40,274 [7431f2c9-6bc6-4872-82e6-1e22af8aa733-groupManagement] INFO  server.RaftServerConfigKeys (ConfUtils.java:logGet(46)) - raft.server.storage.dir = [/home/runner/work/ozone/ozone/hadoop-ozone/integration-test/target/test-dir/MiniOzoneClusterImpl-90f76332-72a0-45e1-84c2-b164c055732a/ozone-meta/datanode-2/ratis] (custom)
2024-03-11 08:37:40,275 [7431f2c9-6bc6-4872-82e6-1e22af8aa733-groupManagement] INFO  storage.RaftStorageDirectory (RaftStorageDirectoryImpl.java:analyzeStorage(138)) - The storage directory /home/runner/work/ozone/ozone/hadoop-ozone/integration-test/target/test-dir/MiniOzoneClusterImpl-90f76332-72a0-45e1-84c2-b164c055732a/ozone-meta/datanode-2/ratis/cb4de3dd-2c03-4c8d-8b9e-a3ec578c1444 does not exist. Creating ...
2024-03-11 08:37:40,276 [7431f2c9-6bc6-4872-82e6-1e22af8aa733-groupManagement] INFO  storage.RaftStorageDirectory (RaftStorageDirectoryImpl.java:tryLock(228)) - Lock on /home/runner/work/ozone/ozone/hadoop-ozone/integration-test/target/test-dir/MiniOzoneClusterImpl-90f76332-72a0-45e1-84c2-b164c055732a/ozone-meta/datanode-2/ratis/cb4de3dd-2c03-4c8d-8b9e-a3ec578c1444/in_use.lock acquired by nodename 48108@fv-az1250-130
2024-03-11 08:37:40,279 [7431f2c9-6bc6-4872-82e6-1e22af8aa733-groupManagement] INFO  storage.RaftStorage (RaftStorageImpl.java:format(99)) - Storage directory /home/runner/work/ozone/ozone/hadoop-ozone/integration-test/target/test-dir/MiniOzoneClusterImpl-90f76332-72a0-45e1-84c2-b164c055732a/ozone-meta/datanode-2/ratis/cb4de3dd-2c03-4c8d-8b9e-a3ec578c1444 has been successfully formatted.
2024-03-11 08:37:40,279 [7431f2c9-6bc6-4872-82e6-1e22af8aa733-groupManagement] WARN  util.FileUtils (LogUtils.java:supplyAndLog(63)) - Failed to Files.newInputStream /home/runner/work/ozone/ozone/hadoop-ozone/integration-test/target/test-dir/MiniOzoneClusterImpl-90f76332-72a0-45e1-84c2-b164c055732a/ozone-meta/datanode-2/ratis/cb4de3dd-2c03-4c8d-8b9e-a3ec578c1444/current/raft-meta.conf with options []: java.nio.file.NoSuchFileException: /home/runner/work/ozone/ozone/hadoop-ozone/integration-test/target/test-dir/MiniOzoneClusterImpl-90f76332-72a0-45e1-84c2-b164c055732a/ozone-meta/datanode-2/ratis/cb4de3dd-2c03-4c8d-8b9e-a3ec578c1444/current/raft-meta.conf
2024-03-11 08:37:40,279 [7431f2c9-6bc6-4872-82e6-1e22af8aa733-groupManagement] INFO  ratis.ContainerStateMachine (ContainerStateMachine.java:loadSnapshot(287)) - group-A3EC578C1444: The snapshot info is null. Setting the last applied index to:(t:0, i:~)
2024-03-11 08:37:40,279 [7431f2c9-6bc6-4872-82e6-1e22af8aa733-groupManagement] INFO  server.RaftServerConfigKeys (ConfUtils.java:logGet(46)) - raft.server.log.use.memory = false (default)
2024-03-11 08:37:40,279 [7431f2c9-6bc6-4872-82e6-1e22af8aa733-groupManagement] INFO  server.RaftServerConfigKeys (ConfUtils.java:logGet(46)) - raft.server.log.purge.gap = 1000000 (custom)
2024-03-11 08:37:40,279 [7431f2c9-6bc6-4872-82e6-1e22af8aa733-groupManagement] INFO  server.RaftServerConfigKeys (ConfUtils.java:logGet(46)) - raft.server.log.appender.buffer.byte-limit = 8388608 (custom)
2024-03-11 08:37:40,280 [7431f2c9-6bc6-4872-82e6-1e22af8aa733-groupManagement] INFO  server.RaftServerConfigKeys (ConfUtils.java:logGet(46)) - raft.server.log.statemachine.data.read.timeout = 1000ms (default)
2024-03-11 08:37:40,280 [EventQueue-OpenPipelineForHealthyPipelineSafeModeRule] INFO  safemode.SCMSafeModeManager (HealthyPipelineSafeModeRule.java:process(140)) - SCM in safe mode. Healthy pipelines reported count is 0, required healthy pipeline reported count is 1
2024-03-11 08:37:40,280 [7431f2c9-6bc6-4872-82e6-1e22af8aa733-groupManagement] INFO  server.RaftServerConfigKeys (ConfUtils.java:logGet(46)) - raft.server.log.purge.preservation.log.num = 0 (default)
2024-03-11 08:37:40,280 [7431f2c9-6bc6-4872-82e6-1e22af8aa733-groupManagement] INFO  server.RaftServerConfigKeys (ConfUtils.java:logGet(46)) - raft.server.log.segment.size.max = 67108864 (custom)
2024-03-11 08:37:40,280 [7431f2c9-6bc6-4872-82e6-1e22af8aa733-groupManagement] INFO  server.RaftServerConfigKeys (ConfUtils.java:logGet(46)) - raft.server.log.segment.cache.num.max = 2 (custom)
2024-03-11 08:37:40,280 [7431f2c9-6bc6-4872-82e6-1e22af8aa733-groupManagement] INFO  server.RaftServerConfigKeys (ConfUtils.java:logGet(46)) - raft.server.log.segment.cache.size.max = 200MB (=209715200) (default)
2024-03-11 08:37:40,280 [7431f2c9-6bc6-4872-82e6-1e22af8aa733-groupManagement] INFO  server.RaftServerConfigKeys (ConfUtils.java:logGet(46)) - raft.server.log.appender.buffer.byte-limit = 8388608 (custom)
2024-03-11 08:37:40,281 [7431f2c9-6bc6-4872-82e6-1e22af8aa733-groupManagement] INFO  util.AwaitToRun (AwaitToRun.java:start(81)) - Thread[7431f2c9-6bc6-4872-82e6-1e22af8aa733@group-A3EC578C1444-cacheEviction-AwaitToRun,5,main] started
2024-03-11 08:37:40,281 [7431f2c9-6bc6-4872-82e6-1e22af8aa733-groupManagement] INFO  segmented.SegmentedRaftLogWorker (SegmentedRaftLogWorker.java:<init>(182)) - new 7431f2c9-6bc6-4872-82e6-1e22af8aa733@group-A3EC578C1444-SegmentedRaftLogWorker for RaftStorageImpl:Storage Directory /home/runner/work/ozone/ozone/hadoop-ozone/integration-test/target/test-dir/MiniOzoneClusterImpl-90f76332-72a0-45e1-84c2-b164c055732a/ozone-meta/datanode-2/ratis/cb4de3dd-2c03-4c8d-8b9e-a3ec578c1444
2024-03-11 08:37:40,281 [7431f2c9-6bc6-4872-82e6-1e22af8aa733-groupManagement] INFO  server.RaftServerConfigKeys (ConfUtils.java:logGet(46)) - raft.server.log.queue.byte-limit = 4294967296 (custom)
2024-03-11 08:37:40,281 [7431f2c9-6bc6-4872-82e6-1e22af8aa733-groupManagement] INFO  server.RaftServerConfigKeys (ConfUtils.java:logGet(46)) - raft.server.log.queue.element-limit = 1024 (custom)
2024-03-11 08:37:40,281 [7431f2c9-6bc6-4872-82e6-1e22af8aa733-groupManagement] INFO  server.RaftServerConfigKeys (ConfUtils.java:logGet(46)) - raft.server.log.segment.size.max = 67108864 (custom)
2024-03-11 08:37:40,281 [7431f2c9-6bc6-4872-82e6-1e22af8aa733-groupManagement] INFO  server.RaftServerConfigKeys (ConfUtils.java:logGet(46)) - raft.server.log.preallocated.size = 4194304 (custom)
2024-03-11 08:37:40,281 [7431f2c9-6bc6-4872-82e6-1e22af8aa733-groupManagement] INFO  server.RaftServerConfigKeys (ConfUtils.java:logGet(46)) - raft.server.log.force.sync.num = 128 (default)
2024-03-11 08:37:40,281 [7431f2c9-6bc6-4872-82e6-1e22af8aa733-groupManagement] INFO  server.RaftServerConfigKeys (ConfUtils.java:logGet(46)) - raft.server.log.statemachine.data.sync = true (default)
2024-03-11 08:37:40,281 [7431f2c9-6bc6-4872-82e6-1e22af8aa733-groupManagement] INFO  server.RaftServerConfigKeys (ConfUtils.java:logGet(46)) - raft.server.log.statemachine.data.sync.timeout = 10s (default)
2024-03-11 08:37:40,281 [7431f2c9-6bc6-4872-82e6-1e22af8aa733-groupManagement] INFO  server.RaftServerConfigKeys (ConfUtils.java:logGet(46)) - raft.server.log.statemachine.data.sync.timeout.retry = 0 (custom)
2024-03-11 08:37:40,281 [7431f2c9-6bc6-4872-82e6-1e22af8aa733-groupManagement] INFO  server.RaftServerConfigKeys (ConfUtils.java:logGet(46)) - raft.server.log.write.buffer.size = 8388616 (custom)
2024-03-11 08:37:40,282 [7431f2c9-6bc6-4872-82e6-1e22af8aa733-groupManagement] INFO  server.RaftServerConfigKeys (ConfUtils.java:logGet(46)) - raft.server.log.appender.buffer.byte-limit = 8388608 (custom)
2024-03-11 08:37:40,282 [7431f2c9-6bc6-4872-82e6-1e22af8aa733-groupManagement] INFO  server.RaftServerConfigKeys (ConfUtils.java:logGet(46)) - raft.server.log.unsafe-flush.enabled = false (default)
2024-03-11 08:37:40,282 [7431f2c9-6bc6-4872-82e6-1e22af8aa733-groupManagement] INFO  server.RaftServerConfigKeys (ConfUtils.java:logGet(46)) - raft.server.log.async-flush.enabled = false (default)
2024-03-11 08:37:40,282 [7431f2c9-6bc6-4872-82e6-1e22af8aa733-groupManagement] INFO  server.RaftServerConfigKeys (ConfUtils.java:logGet(46)) - raft.server.log.statemachine.data.caching.enabled = true (custom)
2024-03-11 08:37:40,283 [7431f2c9-6bc6-4872-82e6-1e22af8aa733-groupManagement] INFO  segmented.SegmentedRaftLogWorker (SegmentedRaftLogWorker.java:lambda$new$0(134)) - 7431f2c9-6bc6-4872-82e6-1e22af8aa733@group-A3EC578C1444-SegmentedRaftLogWorker: flushIndex: setUnconditionally 0 -> -1
2024-03-11 08:37:40,283 [7431f2c9-6bc6-4872-82e6-1e22af8aa733-groupManagement] INFO  segmented.SegmentedRaftLogWorker (SegmentedRaftLogWorker.java:lambda$new$0(134)) - 7431f2c9-6bc6-4872-82e6-1e22af8aa733@group-A3EC578C1444-SegmentedRaftLogWorker: safeCacheEvictIndex: setUnconditionally 0 -> -1
2024-03-11 08:37:40,283 [7431f2c9-6bc6-4872-82e6-1e22af8aa733-groupManagement] INFO  server.RaftServer$Division (RaftServerImpl.java:start(396)) - 7431f2c9-6bc6-4872-82e6-1e22af8aa733@group-A3EC578C1444: start as a follower, conf=-1: peers:[7431f2c9-6bc6-4872-82e6-1e22af8aa733|10.1.0.9:15246, 1d5332b8-2026-4dcd-8050-ba186ddabe02|10.1.0.9:15255, 14692c26-374e-4997-9d8a-ad202747d88d|10.1.0.9:15237]|listeners:[], old=null
2024-03-11 08:37:40,283 [7431f2c9-6bc6-4872-82e6-1e22af8aa733-groupManagement] INFO  server.RaftServer$Division (RaftServerImpl.java:setRole(383)) - 7431f2c9-6bc6-4872-82e6-1e22af8aa733@group-A3EC578C1444: changes role from      null to FOLLOWER at term 0 for startAsFollower
2024-03-11 08:37:40,283 [7431f2c9-6bc6-4872-82e6-1e22af8aa733-groupManagement] INFO  impl.RoleInfo (RoleInfo.java:updateAndGet(139)) - 7431f2c9-6bc6-4872-82e6-1e22af8aa733: start 7431f2c9-6bc6-4872-82e6-1e22af8aa733@group-A3EC578C1444-FollowerState
2024-03-11 08:37:40,283 [7431f2c9-6bc6-4872-82e6-1e22af8aa733@group-A3EC578C1444-FollowerState] INFO  server.RaftServerConfigKeys (ConfUtils.java:logFallback(53)) - raft.server.rpc.first-election.timeout.min = 5s (fallback to raft.server.rpc.timeout.min)
2024-03-11 08:37:40,283 [7431f2c9-6bc6-4872-82e6-1e22af8aa733-groupManagement] INFO  util.JmxRegister (JmxRegister.java:tryRegister(44)) - Successfully registered JMX Bean with object name Ratis:service=RaftServer,group=group-A3EC578C1444,id=7431f2c9-6bc6-4872-82e6-1e22af8aa733
2024-03-11 08:37:40,283 [7431f2c9-6bc6-4872-82e6-1e22af8aa733@group-A3EC578C1444-FollowerState] INFO  server.RaftServerConfigKeys (ConfUtils.java:logFallback(53)) - raft.server.rpc.first-election.timeout.max = 5200ms (fallback to raft.server.rpc.timeout.max)
2024-03-11 08:37:40,283 [7431f2c9-6bc6-4872-82e6-1e22af8aa733-groupManagement] INFO  server.RaftServerConfigKeys (ConfUtils.java:logGet(46)) - raft.server.snapshot.trigger-when-stop.enabled = true (default)
2024-03-11 08:37:40,283 [7431f2c9-6bc6-4872-82e6-1e22af8aa733-groupManagement] INFO  server.RaftServerConfigKeys (ConfUtils.java:logGet(46)) - raft.server.snapshot.auto.trigger.enabled = true (custom)
2024-03-11 08:37:40,283 [7431f2c9-6bc6-4872-82e6-1e22af8aa733-groupManagement] INFO  server.RaftServerConfigKeys (ConfUtils.java:logGet(46)) - raft.server.snapshot.auto.trigger.threshold = 10000 (custom)
2024-03-11 08:37:40,283 [7431f2c9-6bc6-4872-82e6-1e22af8aa733-groupManagement] INFO  server.RaftServerConfigKeys (ConfUtils.java:logGet(46)) - raft.server.snapshot.retention.file.num = 5 (custom)
2024-03-11 08:37:40,283 [7431f2c9-6bc6-4872-82e6-1e22af8aa733-groupManagement] INFO  server.RaftServerConfigKeys (ConfUtils.java:logGet(46)) - raft.server.log.purge.upto.snapshot.index = false (default)
2024-03-11 08:37:40,291 [14692c26-374e-4997-9d8a-ad202747d88d-PipelineCommandHandlerThread-0] INFO  commandhandler.CreatePipelineCommandHandler (CreatePipelineCommandHandler.java:lambda$handle$2(124)) - Created Pipeline RATIS THREE PipelineID=cb4de3dd-2c03-4c8d-8b9e-a3ec578c1444.
2024-03-11 08:37:40,363 [1d5332b8-2026-4dcd-8050-ba186ddabe02-PipelineCommandHandlerThread-0] INFO  server.RaftServer (RaftServerProxy.java:addNew(100)) - 1d5332b8-2026-4dcd-8050-ba186ddabe02: addNew group-4F9544984461:[1d5332b8-2026-4dcd-8050-ba186ddabe02|10.1.0.9:15255] returns group-4F9544984461:java.util.concurrent.CompletableFuture@20ec79e5[Not completed]
2024-03-11 08:37:40,364 [1d5332b8-2026-4dcd-8050-ba186ddabe02-groupManagement] INFO  server.RaftServer$Division (RaftServerImpl.java:<init>(256)) - 1d5332b8-2026-4dcd-8050-ba186ddabe02: new RaftServerImpl for group-4F9544984461:[1d5332b8-2026-4dcd-8050-ba186ddabe02|10.1.0.9:15255] with ContainerStateMachine:uninitialized
2024-03-11 08:37:40,364 [1d5332b8-2026-4dcd-8050-ba186ddabe02-groupManagement] INFO  server.RaftServerConfigKeys (ConfUtils.java:logGet(46)) - raft.server.rpc.timeout.min = 5s (custom)
2024-03-11 08:37:40,364 [1d5332b8-2026-4dcd-8050-ba186ddabe02-groupManagement] INFO  server.RaftServerConfigKeys (ConfUtils.java:logGet(46)) - raft.server.rpc.timeout.max = 5200ms (custom)
2024-03-11 08:37:40,364 [1d5332b8-2026-4dcd-8050-ba186ddabe02-groupManagement] INFO  server.RaftServerConfigKeys (ConfUtils.java:logGet(46)) - raft.server.rpc.sleep.time = 25ms (default)
2024-03-11 08:37:40,364 [1d5332b8-2026-4dcd-8050-ba186ddabe02-groupManagement] INFO  server.RaftServerConfigKeys (ConfUtils.java:logGet(46)) - raft.server.rpc.slowness.timeout = 300s (custom)
2024-03-11 08:37:40,364 [1d5332b8-2026-4dcd-8050-ba186ddabe02-groupManagement] INFO  server.RaftServerConfigKeys (ConfUtils.java:logGet(46)) - raft.server.leaderelection.leader.step-down.wait-time = 10s (default)
2024-03-11 08:37:40,364 [1d5332b8-2026-4dcd-8050-ba186ddabe02-groupManagement] INFO  server.RaftServerConfigKeys (ConfUtils.java:logGet(46)) - raft.server.leaderelection.member.majority-add = false (default)
2024-03-11 08:37:40,364 [1d5332b8-2026-4dcd-8050-ba186ddabe02-groupManagement] INFO  server.RaftServerConfigKeys (ConfUtils.java:logGet(46)) - raft.server.sleep.deviation.threshold = 300ms (default)
2024-03-11 08:37:40,364 [1d5332b8-2026-4dcd-8050-ba186ddabe02-groupManagement] INFO  server.RaftServer$Division (ServerState.java:<init>(113)) - 1d5332b8-2026-4dcd-8050-ba186ddabe02@group-4F9544984461: ConfigurationManager, init=-1: peers:[1d5332b8-2026-4dcd-8050-ba186ddabe02|10.1.0.9:15255]|listeners:[], old=null, confs=<EMPTY_MAP>
2024-03-11 08:37:40,364 [1d5332b8-2026-4dcd-8050-ba186ddabe02-groupManagement] INFO  server.RaftServerConfigKeys (ConfUtils.java:logGet(46)) - raft.server.notification.no-leader.timeout = 300s (custom)
2024-03-11 08:37:40,364 [1d5332b8-2026-4dcd-8050-ba186ddabe02-groupManagement] INFO  server.RaftServerConfigKeys (ConfUtils.java:logGet(46)) - raft.server.read.timeout = 10s (default)
2024-03-11 08:37:40,364 [1d5332b8-2026-4dcd-8050-ba186ddabe02-groupManagement] INFO  server.RaftServerConfigKeys (ConfUtils.java:logGet(46)) - raft.server.retrycache.expirytime = 600000ms (custom)
2024-03-11 08:37:40,364 [1d5332b8-2026-4dcd-8050-ba186ddabe02-groupManagement] INFO  server.RaftServerConfigKeys (ConfUtils.java:logGet(46)) - raft.server.retrycache.statistics.expirytime = 100ms (default)
2024-03-11 08:37:40,364 [1d5332b8-2026-4dcd-8050-ba186ddabe02-groupManagement] INFO  server.RaftServerConfigKeys (ConfUtils.java:logGet(46)) - raft.server.read.option = DEFAULT (default)
2024-03-11 08:37:40,364 [1d5332b8-2026-4dcd-8050-ba186ddabe02-groupManagement] INFO  server.RaftServerConfigKeys (ConfUtils.java:logGet(46)) - raft.server.read.read-after-write-consistent.write-index-cache.expiry-time = 60s (default)
2024-03-11 08:37:40,365 [1d5332b8-2026-4dcd-8050-ba186ddabe02-groupManagement] INFO  server.RaftServerConfigKeys (ConfUtils.java:logGet(46)) - raft.server.rpc.request.timeout = 60s (custom)
2024-03-11 08:37:40,365 [1d5332b8-2026-4dcd-8050-ba186ddabe02-groupManagement] INFO  server.RaftServerConfigKeys (ConfUtils.java:logGet(46)) - raft.server.log.appender.install.snapshot.enabled = false (custom)
2024-03-11 08:37:40,365 [1d5332b8-2026-4dcd-8050-ba186ddabe02-groupManagement] INFO  server.RaftServerConfigKeys (ConfUtils.java:logGet(46)) - raft.server.threadpool.server.cached = true (default)
2024-03-11 08:37:40,365 [1d5332b8-2026-4dcd-8050-ba186ddabe02-groupManagement] INFO  server.RaftServerConfigKeys (ConfUtils.java:logGet(46)) - raft.server.threadpool.server.size = 0 (default)
2024-03-11 08:37:40,365 [1d5332b8-2026-4dcd-8050-ba186ddabe02-groupManagement] INFO  server.RaftServerConfigKeys (ConfUtils.java:logGet(46)) - raft.server.threadpool.client.cached = true (default)
2024-03-11 08:37:40,365 [1d5332b8-2026-4dcd-8050-ba186ddabe02-groupManagement] INFO  server.RaftServerConfigKeys (ConfUtils.java:logGet(46)) - raft.server.threadpool.client.size = 0 (default)
2024-03-11 08:37:40,365 [1d5332b8-2026-4dcd-8050-ba186ddabe02-groupManagement] INFO  server.RaftServerConfigKeys (ConfUtils.java:logGet(46)) - raft.server.storage.free-space.min = 0MB (=0) (default)
2024-03-11 08:37:40,366 [1d5332b8-2026-4dcd-8050-ba186ddabe02-groupManagement] INFO  server.RaftServerConfigKeys (ConfUtils.java:logGet(46)) - raft.server.log.corruption.policy = EXCEPTION (default)
2024-03-11 08:37:40,366 [1d5332b8-2026-4dcd-8050-ba186ddabe02-groupManagement] INFO  server.RaftServerConfigKeys (ConfUtils.java:logGet(46)) - raft.server.storage.dir = [/home/runner/work/ozone/ozone/hadoop-ozone/integration-test/target/test-dir/MiniOzoneClusterImpl-90f76332-72a0-45e1-84c2-b164c055732a/ozone-meta/datanode-3/ratis] (custom)
2024-03-11 08:37:40,366 [1d5332b8-2026-4dcd-8050-ba186ddabe02-groupManagement] INFO  storage.RaftStorageDirectory (RaftStorageDirectoryImpl.java:analyzeStorage(138)) - The storage directory /home/runner/work/ozone/ozone/hadoop-ozone/integration-test/target/test-dir/MiniOzoneClusterImpl-90f76332-72a0-45e1-84c2-b164c055732a/ozone-meta/datanode-3/ratis/88f6382e-9ef4-4791-bb8a-4f9544984461 does not exist. Creating ...
2024-03-11 08:37:40,367 [1d5332b8-2026-4dcd-8050-ba186ddabe02-groupManagement] INFO  storage.RaftStorageDirectory (RaftStorageDirectoryImpl.java:tryLock(228)) - Lock on /home/runner/work/ozone/ozone/hadoop-ozone/integration-test/target/test-dir/MiniOzoneClusterImpl-90f76332-72a0-45e1-84c2-b164c055732a/ozone-meta/datanode-3/ratis/88f6382e-9ef4-4791-bb8a-4f9544984461/in_use.lock acquired by nodename 48108@fv-az1250-130
2024-03-11 08:37:40,368 [1d5332b8-2026-4dcd-8050-ba186ddabe02-groupManagement] INFO  storage.RaftStorage (RaftStorageImpl.java:format(99)) - Storage directory /home/runner/work/ozone/ozone/hadoop-ozone/integration-test/target/test-dir/MiniOzoneClusterImpl-90f76332-72a0-45e1-84c2-b164c055732a/ozone-meta/datanode-3/ratis/88f6382e-9ef4-4791-bb8a-4f9544984461 has been successfully formatted.
2024-03-11 08:37:40,368 [1d5332b8-2026-4dcd-8050-ba186ddabe02-groupManagement] WARN  util.FileUtils (LogUtils.java:supplyAndLog(63)) - Failed to Files.newInputStream /home/runner/work/ozone/ozone/hadoop-ozone/integration-test/target/test-dir/MiniOzoneClusterImpl-90f76332-72a0-45e1-84c2-b164c055732a/ozone-meta/datanode-3/ratis/88f6382e-9ef4-4791-bb8a-4f9544984461/current/raft-meta.conf with options []: java.nio.file.NoSuchFileException: /home/runner/work/ozone/ozone/hadoop-ozone/integration-test/target/test-dir/MiniOzoneClusterImpl-90f76332-72a0-45e1-84c2-b164c055732a/ozone-meta/datanode-3/ratis/88f6382e-9ef4-4791-bb8a-4f9544984461/current/raft-meta.conf
2024-03-11 08:37:40,368 [1d5332b8-2026-4dcd-8050-ba186ddabe02-groupManagement] INFO  ratis.ContainerStateMachine (ContainerStateMachine.java:loadSnapshot(287)) - group-4F9544984461: The snapshot info is null. Setting the last applied index to:(t:0, i:~)
2024-03-11 08:37:40,368 [1d5332b8-2026-4dcd-8050-ba186ddabe02-groupManagement] INFO  server.RaftServerConfigKeys (ConfUtils.java:logGet(46)) - raft.server.log.use.memory = false (default)
2024-03-11 08:37:40,368 [1d5332b8-2026-4dcd-8050-ba186ddabe02-groupManagement] INFO  server.RaftServerConfigKeys (ConfUtils.java:logGet(46)) - raft.server.log.purge.gap = 1000000 (custom)
2024-03-11 08:37:40,368 [1d5332b8-2026-4dcd-8050-ba186ddabe02-groupManagement] INFO  server.RaftServerConfigKeys (ConfUtils.java:logGet(46)) - raft.server.log.appender.buffer.byte-limit = 8388608 (custom)
2024-03-11 08:37:40,369 [1d5332b8-2026-4dcd-8050-ba186ddabe02-groupManagement] INFO  server.RaftServerConfigKeys (ConfUtils.java:logGet(46)) - raft.server.log.statemachine.data.read.timeout = 1000ms (default)
2024-03-11 08:37:40,369 [1d5332b8-2026-4dcd-8050-ba186ddabe02-groupManagement] INFO  server.RaftServerConfigKeys (ConfUtils.java:logGet(46)) - raft.server.log.purge.preservation.log.num = 0 (default)
2024-03-11 08:37:40,369 [EventQueue-PipelineReportForPipelineReportHandler] INFO  pipeline.PipelineReportHandler (PipelineReportHandler.java:processPipelineReport(136)) - Opened pipeline PipelineID=88f6382e-9ef4-4791-bb8a-4f9544984461
2024-03-11 08:37:40,369 [EventQueue-OpenPipelineForHealthyPipelineSafeModeRule] INFO  safemode.SCMSafeModeManager (HealthyPipelineSafeModeRule.java:process(140)) - SCM in safe mode. Healthy pipelines reported count is 0, required healthy pipeline reported count is 1
2024-03-11 08:37:40,369 [main] INFO  ozone.MiniOzoneClusterImpl (MiniOzoneClusterImpl.java:lambda$waitForClusterToBeReady$0(194)) - Nodes are ready. Got 3 of 3 DN Heartbeats.
2024-03-11 08:37:40,369 [1d5332b8-2026-4dcd-8050-ba186ddabe02-groupManagement] INFO  server.RaftServerConfigKeys (ConfUtils.java:logGet(46)) - raft.server.log.segment.size.max = 67108864 (custom)
2024-03-11 08:37:40,369 [main] INFO  ozone.MiniOzoneClusterImpl (MiniOzoneClusterImpl.java:lambda$waitForClusterToBeReady$0(197)) - Waiting for cluster to exit safe mode
2024-03-11 08:37:40,370 [main] INFO  ozone.MiniOzoneClusterImpl (MiniOzoneClusterImpl.java:lambda$waitForClusterToBeReady$0(199)) - SCM became leader
2024-03-11 08:37:40,370 [1d5332b8-2026-4dcd-8050-ba186ddabe02-groupManagement] INFO  server.RaftServerConfigKeys (ConfUtils.java:logGet(46)) - raft.server.log.segment.cache.num.max = 2 (custom)
2024-03-11 08:37:40,370 [1d5332b8-2026-4dcd-8050-ba186ddabe02-groupManagement] INFO  server.RaftServerConfigKeys (ConfUtils.java:logGet(46)) - raft.server.log.segment.cache.size.max = 200MB (=209715200) (default)
2024-03-11 08:37:40,370 [1d5332b8-2026-4dcd-8050-ba186ddabe02-groupManagement] INFO  server.RaftServerConfigKeys (ConfUtils.java:logGet(46)) - raft.server.log.appender.buffer.byte-limit = 8388608 (custom)
2024-03-11 08:37:40,370 [1d5332b8-2026-4dcd-8050-ba186ddabe02-groupManagement] INFO  util.AwaitToRun (AwaitToRun.java:start(81)) - Thread[1d5332b8-2026-4dcd-8050-ba186ddabe02@group-4F9544984461-cacheEviction-AwaitToRun,5,main] started
2024-03-11 08:37:40,370 [1d5332b8-2026-4dcd-8050-ba186ddabe02-groupManagement] INFO  segmented.SegmentedRaftLogWorker (SegmentedRaftLogWorker.java:<init>(182)) - new 1d5332b8-2026-4dcd-8050-ba186ddabe02@group-4F9544984461-SegmentedRaftLogWorker for RaftStorageImpl:Storage Directory /home/runner/work/ozone/ozone/hadoop-ozone/integration-test/target/test-dir/MiniOzoneClusterImpl-90f76332-72a0-45e1-84c2-b164c055732a/ozone-meta/datanode-3/ratis/88f6382e-9ef4-4791-bb8a-4f9544984461
2024-03-11 08:37:40,370 [1d5332b8-2026-4dcd-8050-ba186ddabe02-groupManagement] INFO  server.RaftServerConfigKeys (ConfUtils.java:logGet(46)) - raft.server.log.queue.byte-limit = 4294967296 (custom)
2024-03-11 08:37:40,370 [1d5332b8-2026-4dcd-8050-ba186ddabe02-groupManagement] INFO  server.RaftServerConfigKeys (ConfUtils.java:logGet(46)) - raft.server.log.queue.element-limit = 1024 (custom)
2024-03-11 08:37:40,370 [1d5332b8-2026-4dcd-8050-ba186ddabe02-groupManagement] INFO  server.RaftServerConfigKeys (ConfUtils.java:logGet(46)) - raft.server.log.segment.size.max = 67108864 (custom)
2024-03-11 08:37:40,370 [1d5332b8-2026-4dcd-8050-ba186ddabe02-groupManagement] INFO  server.RaftServerConfigKeys (ConfUtils.java:logGet(46)) - raft.server.log.preallocated.size = 4194304 (custom)
2024-03-11 08:37:40,370 [1d5332b8-2026-4dcd-8050-ba186ddabe02-groupManagement] INFO  server.RaftServerConfigKeys (ConfUtils.java:logGet(46)) - raft.server.log.force.sync.num = 128 (default)
2024-03-11 08:37:40,370 [1d5332b8-2026-4dcd-8050-ba186ddabe02-groupManagement] INFO  server.RaftServerConfigKeys (ConfUtils.java:logGet(46)) - raft.server.log.statemachine.data.sync = true (default)
2024-03-11 08:37:40,370 [1d5332b8-2026-4dcd-8050-ba186ddabe02-groupManagement] INFO  server.RaftServerConfigKeys (ConfUtils.java:logGet(46)) - raft.server.log.statemachine.data.sync.timeout = 10s (default)
2024-03-11 08:37:40,370 [1d5332b8-2026-4dcd-8050-ba186ddabe02-groupManagement] INFO  server.RaftServerConfigKeys (ConfUtils.java:logGet(46)) - raft.server.log.statemachine.data.sync.timeout.retry = 0 (custom)
2024-03-11 08:37:40,371 [1d5332b8-2026-4dcd-8050-ba186ddabe02-groupManagement] INFO  server.RaftServerConfigKeys (ConfUtils.java:logGet(46)) - raft.server.log.write.buffer.size = 8388616 (custom)
2024-03-11 08:37:40,372 [1d5332b8-2026-4dcd-8050-ba186ddabe02-groupManagement] INFO  server.RaftServerConfigKeys (ConfUtils.java:logGet(46)) - raft.server.log.appender.buffer.byte-limit = 8388608 (custom)
2024-03-11 08:37:40,372 [1d5332b8-2026-4dcd-8050-ba186ddabe02-groupManagement] INFO  server.RaftServerConfigKeys (ConfUtils.java:logGet(46)) - raft.server.log.unsafe-flush.enabled = false (default)
2024-03-11 08:37:40,372 [1d5332b8-2026-4dcd-8050-ba186ddabe02-groupManagement] INFO  server.RaftServerConfigKeys (ConfUtils.java:logGet(46)) - raft.server.log.async-flush.enabled = false (default)
2024-03-11 08:37:40,372 [1d5332b8-2026-4dcd-8050-ba186ddabe02-groupManagement] INFO  server.RaftServerConfigKeys (ConfUtils.java:logGet(46)) - raft.server.log.statemachine.data.caching.enabled = true (custom)
2024-03-11 08:37:40,372 [1d5332b8-2026-4dcd-8050-ba186ddabe02-groupManagement] INFO  segmented.SegmentedRaftLogWorker (SegmentedRaftLogWorker.java:lambda$new$0(134)) - 1d5332b8-2026-4dcd-8050-ba186ddabe02@group-4F9544984461-SegmentedRaftLogWorker: flushIndex: setUnconditionally 0 -> -1
2024-03-11 08:37:40,372 [1d5332b8-2026-4dcd-8050-ba186ddabe02-groupManagement] INFO  segmented.SegmentedRaftLogWorker (SegmentedRaftLogWorker.java:lambda$new$0(134)) - 1d5332b8-2026-4dcd-8050-ba186ddabe02@group-4F9544984461-SegmentedRaftLogWorker: safeCacheEvictIndex: setUnconditionally 0 -> -1
2024-03-11 08:37:40,372 [1d5332b8-2026-4dcd-8050-ba186ddabe02-groupManagement] INFO  server.RaftServer$Division (RaftServerImpl.java:start(396)) - 1d5332b8-2026-4dcd-8050-ba186ddabe02@group-4F9544984461: start as a follower, conf=-1: peers:[1d5332b8-2026-4dcd-8050-ba186ddabe02|10.1.0.9:15255]|listeners:[], old=null
2024-03-11 08:37:40,372 [1d5332b8-2026-4dcd-8050-ba186ddabe02-groupManagement] INFO  server.RaftServer$Division (RaftServerImpl.java:setRole(383)) - 1d5332b8-2026-4dcd-8050-ba186ddabe02@group-4F9544984461: changes role from      null to FOLLOWER at term 0 for startAsFollower
2024-03-11 08:37:40,372 [1d5332b8-2026-4dcd-8050-ba186ddabe02-groupManagement] INFO  impl.RoleInfo (RoleInfo.java:updateAndGet(139)) - 1d5332b8-2026-4dcd-8050-ba186ddabe02: start 1d5332b8-2026-4dcd-8050-ba186ddabe02@group-4F9544984461-FollowerState
2024-03-11 08:37:40,372 [1d5332b8-2026-4dcd-8050-ba186ddabe02@group-4F9544984461-FollowerState] INFO  server.RaftServerConfigKeys (ConfUtils.java:logFallback(53)) - raft.server.rpc.first-election.timeout.min = 5s (fallback to raft.server.rpc.timeout.min)
2024-03-11 08:37:40,372 [1d5332b8-2026-4dcd-8050-ba186ddabe02-groupManagement] INFO  util.JmxRegister (JmxRegister.java:tryRegister(44)) - Successfully registered JMX Bean with object name Ratis:service=RaftServer,group=group-4F9544984461,id=1d5332b8-2026-4dcd-8050-ba186ddabe02
2024-03-11 08:37:40,372 [1d5332b8-2026-4dcd-8050-ba186ddabe02@group-4F9544984461-FollowerState] INFO  server.RaftServerConfigKeys (ConfUtils.java:logFallback(53)) - raft.server.rpc.first-election.timeout.max = 5200ms (fallback to raft.server.rpc.timeout.max)
2024-03-11 08:37:40,373 [1d5332b8-2026-4dcd-8050-ba186ddabe02-groupManagement] INFO  server.RaftServerConfigKeys (ConfUtils.java:logGet(46)) - raft.server.snapshot.trigger-when-stop.enabled = true (default)
2024-03-11 08:37:40,373 [1d5332b8-2026-4dcd-8050-ba186ddabe02-groupManagement] INFO  server.RaftServerConfigKeys (ConfUtils.java:logGet(46)) - raft.server.snapshot.auto.trigger.enabled = true (custom)
2024-03-11 08:37:40,373 [1d5332b8-2026-4dcd-8050-ba186ddabe02-groupManagement] INFO  server.RaftServerConfigKeys (ConfUtils.java:logGet(46)) - raft.server.snapshot.auto.trigger.threshold = 10000 (custom)
2024-03-11 08:37:40,373 [1d5332b8-2026-4dcd-8050-ba186ddabe02-groupManagement] INFO  server.RaftServerConfigKeys (ConfUtils.java:logGet(46)) - raft.server.snapshot.retention.file.num = 5 (custom)
2024-03-11 08:37:40,373 [1d5332b8-2026-4dcd-8050-ba186ddabe02-groupManagement] INFO  server.RaftServerConfigKeys (ConfUtils.java:logGet(46)) - raft.server.log.purge.upto.snapshot.index = false (default)
2024-03-11 08:37:40,373 [1d5332b8-2026-4dcd-8050-ba186ddabe02-PipelineCommandHandlerThread-0] INFO  ratis.XceiverServerRatis (XceiverServerRatis.java:addGroup(864)) - Created group PipelineID=88f6382e-9ef4-4791-bb8a-4f9544984461
2024-03-11 08:37:40,373 [1d5332b8-2026-4dcd-8050-ba186ddabe02-PipelineCommandHandlerThread-0] INFO  commandhandler.CreatePipelineCommandHandler (CreatePipelineCommandHandler.java:lambda$handle$2(124)) - Created Pipeline RATIS ONE PipelineID=88f6382e-9ef4-4791-bb8a-4f9544984461.
2024-03-11 08:37:41,370 [main] INFO  ozone.MiniOzoneClusterImpl (MiniOzoneClusterImpl.java:lambda$waitForClusterToBeReady$0(194)) - Nodes are ready. Got 3 of 3 DN Heartbeats.
2024-03-11 08:37:41,370 [main] INFO  ozone.MiniOzoneClusterImpl (MiniOzoneClusterImpl.java:lambda$waitForClusterToBeReady$0(197)) - Waiting for cluster to exit safe mode
2024-03-11 08:37:41,370 [main] INFO  ozone.MiniOzoneClusterImpl (MiniOzoneClusterImpl.java:lambda$waitForClusterToBeReady$0(199)) - SCM became leader
2024-03-11 08:37:42,370 [main] INFO  ozone.MiniOzoneClusterImpl (MiniOzoneClusterImpl.java:lambda$waitForClusterToBeReady$0(194)) - Nodes are ready. Got 3 of 3 DN Heartbeats.
2024-03-11 08:37:42,371 [main] INFO  ozone.MiniOzoneClusterImpl (MiniOzoneClusterImpl.java:lambda$waitForClusterToBeReady$0(197)) - Waiting for cluster to exit safe mode
2024-03-11 08:37:42,371 [main] INFO  ozone.MiniOzoneClusterImpl (MiniOzoneClusterImpl.java:lambda$waitForClusterToBeReady$0(199)) - SCM became leader
2024-03-11 08:37:43,371 [main] INFO  ozone.MiniOzoneClusterImpl (MiniOzoneClusterImpl.java:lambda$waitForClusterToBeReady$0(194)) - Nodes are ready. Got 3 of 3 DN Heartbeats.
2024-03-11 08:37:43,371 [main] INFO  ozone.MiniOzoneClusterImpl (MiniOzoneClusterImpl.java:lambda$waitForClusterToBeReady$0(197)) - Waiting for cluster to exit safe mode
2024-03-11 08:37:43,371 [main] INFO  ozone.MiniOzoneClusterImpl (MiniOzoneClusterImpl.java:lambda$waitForClusterToBeReady$0(199)) - SCM became leader
2024-03-11 08:37:44,371 [main] INFO  ozone.MiniOzoneClusterImpl (MiniOzoneClusterImpl.java:lambda$waitForClusterToBeReady$0(194)) - Nodes are ready. Got 3 of 3 DN Heartbeats.
2024-03-11 08:37:44,372 [main] INFO  ozone.MiniOzoneClusterImpl (MiniOzoneClusterImpl.java:lambda$waitForClusterToBeReady$0(197)) - Waiting for cluster to exit safe mode
2024-03-11 08:37:44,372 [main] INFO  ozone.MiniOzoneClusterImpl (MiniOzoneClusterImpl.java:lambda$waitForClusterToBeReady$0(199)) - SCM became leader
2024-03-11 08:37:45,195 [14692c26-374e-4997-9d8a-ad202747d88d@group-477BC2119754-FollowerState] INFO  impl.FollowerState (FollowerState.java:run(143)) - 14692c26-374e-4997-9d8a-ad202747d88d@group-477BC2119754-FollowerState: change to CANDIDATE, lastRpcElapsedTime:5035479128ns, electionTimeout:5035ms
2024-03-11 08:37:45,195 [14692c26-374e-4997-9d8a-ad202747d88d@group-477BC2119754-FollowerState] INFO  impl.RoleInfo (RoleInfo.java:shutdownFollowerState(110)) - 14692c26-374e-4997-9d8a-ad202747d88d: shutdown 14692c26-374e-4997-9d8a-ad202747d88d@group-477BC2119754-FollowerState
2024-03-11 08:37:45,195 [14692c26-374e-4997-9d8a-ad202747d88d@group-477BC2119754-FollowerState] INFO  server.RaftServer$Division (RaftServerImpl.java:setRole(383)) - 14692c26-374e-4997-9d8a-ad202747d88d@group-477BC2119754: changes role from  FOLLOWER to CANDIDATE at term 0 for changeToCandidate
2024-03-11 08:37:45,195 [14692c26-374e-4997-9d8a-ad202747d88d@group-477BC2119754-FollowerState] INFO  server.RaftServerConfigKeys (ConfUtils.java:logGet(46)) - raft.server.leaderelection.pre-vote = true (default)
2024-03-11 08:37:45,195 [14692c26-374e-4997-9d8a-ad202747d88d@group-477BC2119754-FollowerState] INFO  impl.RoleInfo (RoleInfo.java:updateAndGet(139)) - 14692c26-374e-4997-9d8a-ad202747d88d: start 14692c26-374e-4997-9d8a-ad202747d88d@group-477BC2119754-LeaderElection50
2024-03-11 08:37:45,196 [14692c26-374e-4997-9d8a-ad202747d88d@group-994F13F799F8-FollowerState] INFO  impl.FollowerState (FollowerState.java:run(143)) - 14692c26-374e-4997-9d8a-ad202747d88d@group-994F13F799F8-FollowerState: change to CANDIDATE, lastRpcElapsedTime:5027082729ns, electionTimeout:5026ms
2024-03-11 08:37:45,196 [14692c26-374e-4997-9d8a-ad202747d88d@group-994F13F799F8-FollowerState] INFO  impl.RoleInfo (RoleInfo.java:shutdownFollowerState(110)) - 14692c26-374e-4997-9d8a-ad202747d88d: shutdown 14692c26-374e-4997-9d8a-ad202747d88d@group-994F13F799F8-FollowerState
2024-03-11 08:37:45,197 [14692c26-374e-4997-9d8a-ad202747d88d@group-477BC2119754-LeaderElection50] INFO  impl.LeaderElection (LeaderElection.java:askForVotes(321)) - 14692c26-374e-4997-9d8a-ad202747d88d@group-477BC2119754-LeaderElection50 PRE_VOTE round 0: submit vote requests at term 0 for -1: peers:[14692c26-374e-4997-9d8a-ad202747d88d|10.1.0.9:15237]|listeners:[], old=null
2024-03-11 08:37:45,197 [14692c26-374e-4997-9d8a-ad202747d88d@group-994F13F799F8-FollowerState] INFO  server.RaftServer$Division (RaftServerImpl.java:setRole(383)) - 14692c26-374e-4997-9d8a-ad202747d88d@group-994F13F799F8: changes role from  FOLLOWER to CANDIDATE at term 0 for changeToCandidate
2024-03-11 08:37:45,197 [14692c26-374e-4997-9d8a-ad202747d88d@group-477BC2119754-LeaderElection50] INFO  impl.LeaderElection (LeaderElection.java:askForVotes(323)) - 14692c26-374e-4997-9d8a-ad202747d88d@group-477BC2119754-LeaderElection50 PRE_VOTE round 0: result PASSED (term=0)
2024-03-11 08:37:45,197 [14692c26-374e-4997-9d8a-ad202747d88d@group-994F13F799F8-FollowerState] INFO  server.RaftServerConfigKeys (ConfUtils.java:logGet(46)) - raft.server.leaderelection.pre-vote = true (default)
2024-03-11 08:37:45,197 [14692c26-374e-4997-9d8a-ad202747d88d@group-994F13F799F8-FollowerState] INFO  impl.RoleInfo (RoleInfo.java:updateAndGet(139)) - 14692c26-374e-4997-9d8a-ad202747d88d: start 14692c26-374e-4997-9d8a-ad202747d88d@group-994F13F799F8-LeaderElection51
2024-03-11 08:37:45,199 [14692c26-374e-4997-9d8a-ad202747d88d@group-994F13F799F8-LeaderElection51] INFO  impl.LeaderElection (LeaderElection.java:askForVotes(321)) - 14692c26-374e-4997-9d8a-ad202747d88d@group-994F13F799F8-LeaderElection51 PRE_VOTE round 0: submit vote requests at term 0 for -1: peers:[7431f2c9-6bc6-4872-82e6-1e22af8aa733|10.1.0.9:15246, 1d5332b8-2026-4dcd-8050-ba186ddabe02|10.1.0.9:15255, 14692c26-374e-4997-9d8a-ad202747d88d|10.1.0.9:15237]|listeners:[], old=null
2024-03-11 08:37:45,199 [14692c26-374e-4997-9d8a-ad202747d88d@group-994F13F799F8-LeaderElection51-1] INFO  server.GrpcServerProtocolClient (GrpcServerProtocolClient.java:<init>(65)) - Build channel for 7431f2c9-6bc6-4872-82e6-1e22af8aa733|10.1.0.9:15246
2024-03-11 08:37:45,199 [14692c26-374e-4997-9d8a-ad202747d88d@group-994F13F799F8-LeaderElection51-2] INFO  server.GrpcServerProtocolClient (GrpcServerProtocolClient.java:<init>(65)) - Build channel for 1d5332b8-2026-4dcd-8050-ba186ddabe02|10.1.0.9:15255
2024-03-11 08:37:45,199 [14692c26-374e-4997-9d8a-ad202747d88d@group-994F13F799F8-LeaderElection51] INFO  server.RaftServerConfigKeys (ConfUtils.java:logFallback(53)) - raft.server.rpc.first-election.timeout.min = 5s (fallback to raft.server.rpc.timeout.min)
2024-03-11 08:37:45,199 [14692c26-374e-4997-9d8a-ad202747d88d@group-994F13F799F8-LeaderElection51] INFO  server.RaftServerConfigKeys (ConfUtils.java:logFallback(53)) - raft.server.rpc.first-election.timeout.max = 5200ms (fallback to raft.server.rpc.timeout.max)
2024-03-11 08:37:45,199 [14692c26-374e-4997-9d8a-ad202747d88d@group-477BC2119754-LeaderElection50] INFO  impl.LeaderElection (LeaderElection.java:askForVotes(321)) - 14692c26-374e-4997-9d8a-ad202747d88d@group-477BC2119754-LeaderElection50 ELECTION round 0: submit vote requests at term 1 for -1: peers:[14692c26-374e-4997-9d8a-ad202747d88d|10.1.0.9:15237]|listeners:[], old=null
2024-03-11 08:37:45,200 [14692c26-374e-4997-9d8a-ad202747d88d@group-477BC2119754-LeaderElection50] INFO  impl.LeaderElection (LeaderElection.java:askForVotes(323)) - 14692c26-374e-4997-9d8a-ad202747d88d@group-477BC2119754-LeaderElection50 ELECTION round 0: result PASSED (term=1)
2024-03-11 08:37:45,200 [14692c26-374e-4997-9d8a-ad202747d88d@group-477BC2119754-LeaderElection50] INFO  impl.RoleInfo (RoleInfo.java:shutdownLeaderElection(130)) - 14692c26-374e-4997-9d8a-ad202747d88d: shutdown 14692c26-374e-4997-9d8a-ad202747d88d@group-477BC2119754-LeaderElection50
2024-03-11 08:37:45,200 [14692c26-374e-4997-9d8a-ad202747d88d@group-477BC2119754-LeaderElection50] INFO  server.RaftServer$Division (RaftServerImpl.java:setRole(383)) - 14692c26-374e-4997-9d8a-ad202747d88d@group-477BC2119754: changes role from CANDIDATE to LEADER at term 1 for changeToLeader
2024-03-11 08:37:45,200 [14692c26-374e-4997-9d8a-ad202747d88d@group-477BC2119754-LeaderElection50] INFO  server.RaftServerConfigKeys (ConfUtils.java:logGet(46)) - raft.server.staging.catchup.gap = 1000 (default)
2024-03-11 08:37:45,200 [14692c26-374e-4997-9d8a-ad202747d88d@group-477BC2119754-LeaderElection50] INFO  server.RaftServerConfigKeys (ConfUtils.java:logGet(46)) - raft.server.write.element-limit = 1024 (custom)
2024-03-11 08:37:45,200 [14692c26-374e-4997-9d8a-ad202747d88d@group-477BC2119754-LeaderElection50] INFO  server.RaftServerConfigKeys (ConfUtils.java:logGet(46)) - raft.server.write.byte-limit = 1024 M (=1073741824) (custom)
2024-03-11 08:37:45,200 [14692c26-374e-4997-9d8a-ad202747d88d@group-477BC2119754-LeaderElection50] INFO  server.RaftServerConfigKeys (ConfUtils.java:logGet(46)) - raft.server.watch.timeout = 180s (custom)
2024-03-11 08:37:45,200 [14692c26-374e-4997-9d8a-ad202747d88d@group-477BC2119754-LeaderElection50] INFO  server.RaftServerConfigKeys (ConfUtils.java:logGet(46)) - raft.server.watch.timeout.denomination = 1s (default)
2024-03-11 08:37:45,200 [14692c26-374e-4997-9d8a-ad202747d88d@group-477BC2119754-LeaderElection50] INFO  server.RaftServerConfigKeys (ConfUtils.java:logGet(46)) - raft.server.watch.element-limit = 65536 (default)
2024-03-11 08:37:45,200 [14692c26-374e-4997-9d8a-ad202747d88d@group-477BC2119754-LeaderElection50] INFO  server.RaftServerConfigKeys (ConfUtils.java:logGet(46)) - raft.server.read.leader.lease.enabled = false (default)
2024-03-11 08:37:45,200 [14692c26-374e-4997-9d8a-ad202747d88d@group-477BC2119754-LeaderElection50] INFO  server.RaftServerConfigKeys (ConfUtils.java:logGet(46)) - raft.server.read.leader.lease.timeout.ratio = 0.9 (default)
2024-03-11 08:37:45,200 [14692c26-374e-4997-9d8a-ad202747d88d@group-477BC2119754-LeaderElection50] INFO  server.RaftServerConfigKeys (ConfUtils.java:logGet(46)) - raft.server.rpc.timeout.min = 5s (custom)
2024-03-11 08:37:45,200 [14692c26-374e-4997-9d8a-ad202747d88d@group-477BC2119754-LeaderElection50] INFO  server.RaftServerConfigKeys (ConfUtils.java:logGet(46)) - raft.server.write.element-limit = 1024 (custom)
2024-03-11 08:37:45,200 [14692c26-374e-4997-9d8a-ad202747d88d@group-477BC2119754-LeaderElection50] INFO  server.RaftServerConfigKeys (ConfUtils.java:logGet(46)) - raft.server.write.follower.gap.ratio.max = -1.0 (default)
2024-03-11 08:37:45,201 [14692c26-374e-4997-9d8a-ad202747d88d@group-477BC2119754-LeaderElection50] INFO  impl.RoleInfo (RoleInfo.java:updateAndGet(139)) - 14692c26-374e-4997-9d8a-ad202747d88d: start 14692c26-374e-4997-9d8a-ad202747d88d@group-477BC2119754-LeaderStateImpl
2024-03-11 08:37:45,201 [14692c26-374e-4997-9d8a-ad202747d88d@group-477BC2119754-LeaderElection50] INFO  server.RaftServer$Division (RaftServerImpl.java:setFirstElection(574)) - 14692c26-374e-4997-9d8a-ad202747d88d@group-477BC2119754: set firstElectionSinceStartup to false for becomeLeader
2024-03-11 08:37:45,201 [14692c26-374e-4997-9d8a-ad202747d88d@group-477BC2119754-LeaderElection50] INFO  ratis.XceiverServerRatis (XceiverServerRatis.java:handleLeaderChangedNotification(966)) - Leader change notification received for group: group-477BC2119754 with new leaderId: 14692c26-374e-4997-9d8a-ad202747d88d
2024-03-11 08:37:45,201 [14692c26-374e-4997-9d8a-ad202747d88d@group-477BC2119754-LeaderElection50] INFO  server.RaftServer$Division (ServerState.java:setLeader(269)) - 14692c26-374e-4997-9d8a-ad202747d88d@group-477BC2119754: change Leader from null to 14692c26-374e-4997-9d8a-ad202747d88d at term 1 for becomeLeader, leader elected after 5053ms
2024-03-11 08:37:45,201 [14692c26-374e-4997-9d8a-ad202747d88d@group-477BC2119754-LeaderElection50] INFO  segmented.SegmentedRaftLogWorker (SegmentedRaftLogWorker.java:startLogSegment(430)) - 14692c26-374e-4997-9d8a-ad202747d88d@group-477BC2119754-SegmentedRaftLogWorker: Starting segment from index:0
2024-03-11 08:37:45,203 [14692c26-374e-4997-9d8a-ad202747d88d@group-477BC2119754-LeaderElection50] INFO  server.RaftServer$Division (ServerState.java:setRaftConf(386)) - 14692c26-374e-4997-9d8a-ad202747d88d@group-477BC2119754: set configuration 0: peers:[14692c26-374e-4997-9d8a-ad202747d88d|10.1.0.9:15237]|listeners:[], old=null
2024-03-11 08:37:45,203 [14692c26-374e-4997-9d8a-ad202747d88d@group-477BC2119754-SegmentedRaftLogWorker] INFO  segmented.BufferedWriteChannel (BufferedWriteChannel.java:open(62)) - open log_inprogress_0 at position 0
2024-03-11 08:37:45,206 [grpc-default-executor-3] INFO  server.RaftServer$Division (RaftServerImpl.java:requestVote(1389)) - 7431f2c9-6bc6-4872-82e6-1e22af8aa733@group-994F13F799F8: receive requestVote(PRE_VOTE, 14692c26-374e-4997-9d8a-ad202747d88d, group-994F13F799F8, 0, (t:0, i:0))
2024-03-11 08:37:45,206 [grpc-default-executor-3] INFO  impl.VoteContext (VoteContext.java:log(49)) - 7431f2c9-6bc6-4872-82e6-1e22af8aa733@group-994F13F799F8-FOLLOWER: accept PRE_VOTE from 14692c26-374e-4997-9d8a-ad202747d88d: our priority 0 <= candidate's priority 0
2024-03-11 08:37:45,206 [grpc-default-executor-3] INFO  server.RaftServer$Division (RaftServerImpl.java:requestVote(1422)) - 7431f2c9-6bc6-4872-82e6-1e22af8aa733@group-994F13F799F8 replies to PRE_VOTE vote request: 14692c26-374e-4997-9d8a-ad202747d88d<-7431f2c9-6bc6-4872-82e6-1e22af8aa733#0:OK-t0. Peer's state: 7431f2c9-6bc6-4872-82e6-1e22af8aa733@group-994F13F799F8:t0, leader=null, voted=, raftlog=Memoized:7431f2c9-6bc6-4872-82e6-1e22af8aa733@group-994F13F799F8-SegmentedRaftLog:OPENED:c-1, conf=-1: peers:[7431f2c9-6bc6-4872-82e6-1e22af8aa733|10.1.0.9:15246, 1d5332b8-2026-4dcd-8050-ba186ddabe02|10.1.0.9:15255, 14692c26-374e-4997-9d8a-ad202747d88d|10.1.0.9:15237]|listeners:[], old=null
2024-03-11 08:37:45,208 [EventQueue-OpenPipelineForHealthyPipelineSafeModeRule] INFO  safemode.SCMSafeModeManager (HealthyPipelineSafeModeRule.java:process(140)) - SCM in safe mode. Healthy pipelines reported count is 0, required healthy pipeline reported count is 1
2024-03-11 08:37:45,209 [grpc-default-executor-2] INFO  server.RaftServer$Division (RaftServerImpl.java:requestVote(1389)) - 1d5332b8-2026-4dcd-8050-ba186ddabe02@group-994F13F799F8: receive requestVote(PRE_VOTE, 14692c26-374e-4997-9d8a-ad202747d88d, group-994F13F799F8, 0, (t:0, i:0))
2024-03-11 08:37:45,209 [grpc-default-executor-2] INFO  impl.VoteContext (VoteContext.java:log(49)) - 1d5332b8-2026-4dcd-8050-ba186ddabe02@group-994F13F799F8-FOLLOWER: reject PRE_VOTE from 14692c26-374e-4997-9d8a-ad202747d88d: our priority 1 > candidate's priority 0
2024-03-11 08:37:45,209 [grpc-default-executor-2] INFO  server.RaftServer$Division (RaftServerImpl.java:requestVote(1422)) - 1d5332b8-2026-4dcd-8050-ba186ddabe02@group-994F13F799F8 replies to PRE_VOTE vote request: 14692c26-374e-4997-9d8a-ad202747d88d<-1d5332b8-2026-4dcd-8050-ba186ddabe02#0:FAIL-t0. Peer's state: 1d5332b8-2026-4dcd-8050-ba186ddabe02@group-994F13F799F8:t0, leader=null, voted=, raftlog=Memoized:1d5332b8-2026-4dcd-8050-ba186ddabe02@group-994F13F799F8-SegmentedRaftLog:OPENED:c-1, conf=-1: peers:[7431f2c9-6bc6-4872-82e6-1e22af8aa733|10.1.0.9:15246, 1d5332b8-2026-4dcd-8050-ba186ddabe02|10.1.0.9:15255, 14692c26-374e-4997-9d8a-ad202747d88d|10.1.0.9:15237]|listeners:[], old=null
2024-03-11 08:37:45,210 [14692c26-374e-4997-9d8a-ad202747d88d@group-994F13F799F8-LeaderElection51] INFO  impl.LeaderElection (LeaderElection.java:logAndReturn(89)) - 14692c26-374e-4997-9d8a-ad202747d88d@group-994F13F799F8-LeaderElection51: PRE_VOTE REJECTED received 2 response(s) and 0 exception(s):
2024-03-11 08:37:45,210 [14692c26-374e-4997-9d8a-ad202747d88d@group-994F13F799F8-LeaderElection51] INFO  impl.LeaderElection (LeaderElection.java:logAndReturn(93)) -   Response 0: 14692c26-374e-4997-9d8a-ad202747d88d<-7431f2c9-6bc6-4872-82e6-1e22af8aa733#0:OK-t0
2024-03-11 08:37:45,210 [14692c26-374e-4997-9d8a-ad202747d88d@group-994F13F799F8-LeaderElection51] INFO  impl.LeaderElection (LeaderElection.java:logAndReturn(93)) -   Response 1: 14692c26-374e-4997-9d8a-ad202747d88d<-1d5332b8-2026-4dcd-8050-ba186ddabe02#0:FAIL-t0
2024-03-11 08:37:45,210 [14692c26-374e-4997-9d8a-ad202747d88d@group-994F13F799F8-LeaderElection51] INFO  impl.LeaderElection (LeaderElection.java:askForVotes(323)) - 14692c26-374e-4997-9d8a-ad202747d88d@group-994F13F799F8-LeaderElection51 PRE_VOTE round 0: result REJECTED
2024-03-11 08:37:45,210 [14692c26-374e-4997-9d8a-ad202747d88d@group-994F13F799F8-LeaderElection51] INFO  server.RaftServer$Division (RaftServerImpl.java:setRole(383)) - 14692c26-374e-4997-9d8a-ad202747d88d@group-994F13F799F8: changes role from CANDIDATE to FOLLOWER at term 0 for REJECTED
2024-03-11 08:37:45,210 [14692c26-374e-4997-9d8a-ad202747d88d@group-994F13F799F8-LeaderElection51] INFO  impl.RoleInfo (RoleInfo.java:shutdownLeaderElection(130)) - 14692c26-374e-4997-9d8a-ad202747d88d: shutdown 14692c26-374e-4997-9d8a-ad202747d88d@group-994F13F799F8-LeaderElection51
2024-03-11 08:37:45,210 [14692c26-374e-4997-9d8a-ad202747d88d@group-994F13F799F8-LeaderElection51] INFO  impl.RoleInfo (RoleInfo.java:updateAndGet(139)) - 14692c26-374e-4997-9d8a-ad202747d88d: start 14692c26-374e-4997-9d8a-ad202747d88d@group-994F13F799F8-FollowerState
2024-03-11 08:37:45,210 [14692c26-374e-4997-9d8a-ad202747d88d@group-994F13F799F8-LeaderElection51] INFO  server.RaftServer$Division (RaftServerImpl.java:setFirstElection(574)) - 14692c26-374e-4997-9d8a-ad202747d88d@group-994F13F799F8: set firstElectionSinceStartup to false for REJECTED
2024-03-11 08:37:45,212 [14692c26-374e-4997-9d8a-ad202747d88d@group-477BC2119754-SegmentedRaftLogWorker] INFO  segmented.SegmentedRaftLogWorker (SegmentedRaftLogWorker.java:execute(634)) - 14692c26-374e-4997-9d8a-ad202747d88d@group-477BC2119754-SegmentedRaftLogWorker: created new log segment /home/runner/work/ozone/ozone/hadoop-ozone/integration-test/target/test-dir/MiniOzoneClusterImpl-90f76332-72a0-45e1-84c2-b164c055732a/ozone-meta/datanode-1/ratis/6a658626-d304-4754-bfd4-477bc2119754/current/log_inprogress_0
2024-03-11 08:37:45,214 [14692c26-374e-4997-9d8a-ad202747d88d@group-477BC2119754-StateMachineUpdater] INFO  server.RaftServer$Division (LeaderStateImpl.java:isApplied(320)) - leader is ready since appliedIndex == 0 >= startIndex == 0
2024-03-11 08:37:45,229 [7431f2c9-6bc6-4872-82e6-1e22af8aa733@group-994F13F799F8-FollowerState] INFO  server.RaftServerConfigKeys (ConfUtils.java:logFallback(53)) - raft.server.rpc.first-election.timeout.min = 5s (fallback to raft.server.rpc.timeout.min)
2024-03-11 08:37:45,229 [7431f2c9-6bc6-4872-82e6-1e22af8aa733@group-994F13F799F8-FollowerState] INFO  server.RaftServerConfigKeys (ConfUtils.java:logFallback(53)) - raft.server.rpc.first-election.timeout.max = 5200ms (fallback to raft.server.rpc.timeout.max)
2024-03-11 08:37:45,314 [14692c26-374e-4997-9d8a-ad202747d88d@group-A3EC578C1444-FollowerState] INFO  impl.FollowerState (FollowerState.java:run(143)) - 14692c26-374e-4997-9d8a-ad202747d88d@group-A3EC578C1444-FollowerState: change to CANDIDATE, lastRpcElapsedTime:5085379547ns, electionTimeout:5085ms
2024-03-11 08:37:45,314 [14692c26-374e-4997-9d8a-ad202747d88d@group-A3EC578C1444-FollowerState] INFO  impl.RoleInfo (RoleInfo.java:shutdownFollowerState(110)) - 14692c26-374e-4997-9d8a-ad202747d88d: shutdown 14692c26-374e-4997-9d8a-ad202747d88d@group-A3EC578C1444-FollowerState
2024-03-11 08:37:45,314 [14692c26-374e-4997-9d8a-ad202747d88d@group-A3EC578C1444-FollowerState] INFO  server.RaftServer$Division (RaftServerImpl.java:setRole(383)) - 14692c26-374e-4997-9d8a-ad202747d88d@group-A3EC578C1444: changes role from  FOLLOWER to CANDIDATE at term 0 for changeToCandidate
2024-03-11 08:37:45,314 [14692c26-374e-4997-9d8a-ad202747d88d@group-A3EC578C1444-FollowerState] INFO  server.RaftServerConfigKeys (ConfUtils.java:logGet(46)) - raft.server.leaderelection.pre-vote = true (default)
2024-03-11 08:37:45,314 [14692c26-374e-4997-9d8a-ad202747d88d@group-A3EC578C1444-FollowerState] INFO  impl.RoleInfo (RoleInfo.java:updateAndGet(139)) - 14692c26-374e-4997-9d8a-ad202747d88d: start 14692c26-374e-4997-9d8a-ad202747d88d@group-A3EC578C1444-LeaderElection52
2024-03-11 08:37:45,316 [14692c26-374e-4997-9d8a-ad202747d88d@group-A3EC578C1444-LeaderElection52] INFO  impl.LeaderElection (LeaderElection.java:askForVotes(321)) - 14692c26-374e-4997-9d8a-ad202747d88d@group-A3EC578C1444-LeaderElection52 PRE_VOTE round 0: submit vote requests at term 0 for -1: peers:[7431f2c9-6bc6-4872-82e6-1e22af8aa733|10.1.0.9:15246, 1d5332b8-2026-4dcd-8050-ba186ddabe02|10.1.0.9:15255, 14692c26-374e-4997-9d8a-ad202747d88d|10.1.0.9:15237]|listeners:[], old=null
2024-03-11 08:37:45,316 [1d5332b8-2026-4dcd-8050-ba186ddabe02@group-A3EC578C1444-FollowerState] INFO  impl.FollowerState (FollowerState.java:run(143)) - 1d5332b8-2026-4dcd-8050-ba186ddabe02@group-A3EC578C1444-FollowerState: change to CANDIDATE, lastRpcElapsedTime:5066956334ns, electionTimeout:5066ms
2024-03-11 08:37:45,316 [1d5332b8-2026-4dcd-8050-ba186ddabe02@group-A3EC578C1444-FollowerState] INFO  impl.RoleInfo (RoleInfo.java:shutdownFollowerState(110)) - 1d5332b8-2026-4dcd-8050-ba186ddabe02: shutdown 1d5332b8-2026-4dcd-8050-ba186ddabe02@group-A3EC578C1444-FollowerState
2024-03-11 08:37:45,316 [1d5332b8-2026-4dcd-8050-ba186ddabe02@group-A3EC578C1444-FollowerState] INFO  server.RaftServer$Division (RaftServerImpl.java:setRole(383)) - 1d5332b8-2026-4dcd-8050-ba186ddabe02@group-A3EC578C1444: changes role from  FOLLOWER to CANDIDATE at term 0 for changeToCandidate
2024-03-11 08:37:45,316 [1d5332b8-2026-4dcd-8050-ba186ddabe02@group-A3EC578C1444-FollowerState] INFO  server.RaftServerConfigKeys (ConfUtils.java:logGet(46)) - raft.server.leaderelection.pre-vote = true (default)
2024-03-11 08:37:45,316 [1d5332b8-2026-4dcd-8050-ba186ddabe02@group-A3EC578C1444-FollowerState] INFO  impl.RoleInfo (RoleInfo.java:updateAndGet(139)) - 1d5332b8-2026-4dcd-8050-ba186ddabe02: start 1d5332b8-2026-4dcd-8050-ba186ddabe02@group-A3EC578C1444-LeaderElection53
2024-03-11 08:37:45,316 [14692c26-374e-4997-9d8a-ad202747d88d@group-A3EC578C1444-LeaderElection52] INFO  server.RaftServerConfigKeys (ConfUtils.java:logFallback(53)) - raft.server.rpc.first-election.timeout.min = 5s (fallback to raft.server.rpc.timeout.min)
2024-03-11 08:37:45,316 [14692c26-374e-4997-9d8a-ad202747d88d@group-A3EC578C1444-LeaderElection52] INFO  server.RaftServerConfigKeys (ConfUtils.java:logFallback(53)) - raft.server.rpc.first-election.timeout.max = 5200ms (fallback to raft.server.rpc.timeout.max)
2024-03-11 08:37:45,318 [1d5332b8-2026-4dcd-8050-ba186ddabe02@group-A3EC578C1444-LeaderElection53] INFO  impl.LeaderElection (LeaderElection.java:askForVotes(321)) - 1d5332b8-2026-4dcd-8050-ba186ddabe02@group-A3EC578C1444-LeaderElection53 PRE_VOTE round 0: submit vote requests at term 0 for -1: peers:[7431f2c9-6bc6-4872-82e6-1e22af8aa733|10.1.0.9:15246, 1d5332b8-2026-4dcd-8050-ba186ddabe02|10.1.0.9:15255, 14692c26-374e-4997-9d8a-ad202747d88d|10.1.0.9:15237]|listeners:[], old=null
2024-03-11 08:37:45,318 [grpc-default-executor-3] INFO  server.RaftServer$Division (RaftServerImpl.java:requestVote(1389)) - 1d5332b8-2026-4dcd-8050-ba186ddabe02@group-A3EC578C1444: receive requestVote(PRE_VOTE, 14692c26-374e-4997-9d8a-ad202747d88d, group-A3EC578C1444, 0, (t:0, i:0))
2024-03-11 08:37:45,318 [grpc-default-executor-3] INFO  impl.VoteContext (VoteContext.java:log(49)) - 1d5332b8-2026-4dcd-8050-ba186ddabe02@group-A3EC578C1444-CANDIDATE: accept PRE_VOTE from 14692c26-374e-4997-9d8a-ad202747d88d: our priority 0 <= candidate's priority 0
2024-03-11 08:37:45,319 [grpc-default-executor-3] INFO  server.RaftServer$Division (RaftServerImpl.java:requestVote(1422)) - 1d5332b8-2026-4dcd-8050-ba186ddabe02@group-A3EC578C1444 replies to PRE_VOTE vote request: 14692c26-374e-4997-9d8a-ad202747d88d<-1d5332b8-2026-4dcd-8050-ba186ddabe02#0:OK-t0. Peer's state: 1d5332b8-2026-4dcd-8050-ba186ddabe02@group-A3EC578C1444:t0, leader=null, voted=, raftlog=Memoized:1d5332b8-2026-4dcd-8050-ba186ddabe02@group-A3EC578C1444-SegmentedRaftLog:OPENED:c-1, conf=-1: peers:[7431f2c9-6bc6-4872-82e6-1e22af8aa733|10.1.0.9:15246, 1d5332b8-2026-4dcd-8050-ba186ddabe02|10.1.0.9:15255, 14692c26-374e-4997-9d8a-ad202747d88d|10.1.0.9:15237]|listeners:[], old=null
2024-03-11 08:37:45,319 [1d5332b8-2026-4dcd-8050-ba186ddabe02@group-A3EC578C1444-LeaderElection53] INFO  server.RaftServerConfigKeys (ConfUtils.java:logFallback(53)) - raft.server.rpc.first-election.timeout.min = 5s (fallback to raft.server.rpc.timeout.min)
2024-03-11 08:37:45,319 [1d5332b8-2026-4dcd-8050-ba186ddabe02@group-A3EC578C1444-LeaderElection53] INFO  server.RaftServerConfigKeys (ConfUtils.java:logFallback(53)) - raft.server.rpc.first-election.timeout.max = 5200ms (fallback to raft.server.rpc.timeout.max)
2024-03-11 08:37:45,319 [1d5332b8-2026-4dcd-8050-ba186ddabe02@group-A3EC578C1444-LeaderElection53-2] INFO  server.GrpcServerProtocolClient (GrpcServerProtocolClient.java:<init>(65)) - Build channel for 14692c26-374e-4997-9d8a-ad202747d88d|10.1.0.9:15237
2024-03-11 08:37:45,318 [grpc-default-executor-2] INFO  server.RaftServer$Division (RaftServerImpl.java:requestVote(1389)) - 7431f2c9-6bc6-4872-82e6-1e22af8aa733@group-A3EC578C1444: receive requestVote(PRE_VOTE, 14692c26-374e-4997-9d8a-ad202747d88d, group-A3EC578C1444, 0, (t:0, i:0))
2024-03-11 08:37:45,320 [grpc-default-executor-2] INFO  impl.VoteContext (VoteContext.java:log(49)) - 7431f2c9-6bc6-4872-82e6-1e22af8aa733@group-A3EC578C1444-FOLLOWER: reject PRE_VOTE from 14692c26-374e-4997-9d8a-ad202747d88d: our priority 1 > candidate's priority 0
2024-03-11 08:37:45,320 [grpc-default-executor-2] INFO  server.RaftServer$Division (RaftServerImpl.java:requestVote(1422)) - 7431f2c9-6bc6-4872-82e6-1e22af8aa733@group-A3EC578C1444 replies to PRE_VOTE vote request: 14692c26-374e-4997-9d8a-ad202747d88d<-7431f2c9-6bc6-4872-82e6-1e22af8aa733#0:FAIL-t0. Peer's state: 7431f2c9-6bc6-4872-82e6-1e22af8aa733@group-A3EC578C1444:t0, leader=null, voted=, raftlog=Memoized:7431f2c9-6bc6-4872-82e6-1e22af8aa733@group-A3EC578C1444-SegmentedRaftLog:OPENED:c-1, conf=-1: peers:[7431f2c9-6bc6-4872-82e6-1e22af8aa733|10.1.0.9:15246, 1d5332b8-2026-4dcd-8050-ba186ddabe02|10.1.0.9:15255, 14692c26-374e-4997-9d8a-ad202747d88d|10.1.0.9:15237]|listeners:[], old=null
2024-03-11 08:37:45,319 [1d5332b8-2026-4dcd-8050-ba186ddabe02@group-A3EC578C1444-LeaderElection53-1] INFO  server.GrpcServerProtocolClient (GrpcServerProtocolClient.java:<init>(65)) - Build channel for 7431f2c9-6bc6-4872-82e6-1e22af8aa733|10.1.0.9:15246
2024-03-11 08:37:45,324 [14692c26-374e-4997-9d8a-ad202747d88d@group-A3EC578C1444-LeaderElection52] INFO  impl.LeaderElection (LeaderElection.java:logAndReturn(89)) - 14692c26-374e-4997-9d8a-ad202747d88d@group-A3EC578C1444-LeaderElection52: PRE_VOTE REJECTED received 2 response(s) and 0 exception(s):
2024-03-11 08:37:45,324 [14692c26-374e-4997-9d8a-ad202747d88d@group-A3EC578C1444-LeaderElection52] INFO  impl.LeaderElection (LeaderElection.java:logAndReturn(93)) -   Response 0: 14692c26-374e-4997-9d8a-ad202747d88d<-7431f2c9-6bc6-4872-82e6-1e22af8aa733#0:FAIL-t0
2024-03-11 08:37:45,324 [14692c26-374e-4997-9d8a-ad202747d88d@group-A3EC578C1444-LeaderElection52] INFO  impl.LeaderElection (LeaderElection.java:logAndReturn(93)) -   Response 1: 14692c26-374e-4997-9d8a-ad202747d88d<-1d5332b8-2026-4dcd-8050-ba186ddabe02#0:OK-t0
2024-03-11 08:37:45,324 [14692c26-374e-4997-9d8a-ad202747d88d@group-A3EC578C1444-LeaderElection52] INFO  impl.LeaderElection (LeaderElection.java:askForVotes(323)) - 14692c26-374e-4997-9d8a-ad202747d88d@group-A3EC578C1444-LeaderElection52 PRE_VOTE round 0: result REJECTED
2024-03-11 08:37:45,325 [14692c26-374e-4997-9d8a-ad202747d88d@group-A3EC578C1444-LeaderElection52] INFO  server.RaftServer$Division (RaftServerImpl.java:setRole(383)) - 14692c26-374e-4997-9d8a-ad202747d88d@group-A3EC578C1444: changes role from CANDIDATE to FOLLOWER at term 0 for REJECTED
2024-03-11 08:37:45,325 [14692c26-374e-4997-9d8a-ad202747d88d@group-A3EC578C1444-LeaderElection52] INFO  impl.RoleInfo (RoleInfo.java:shutdownLeaderElection(130)) - 14692c26-374e-4997-9d8a-ad202747d88d: shutdown 14692c26-374e-4997-9d8a-ad202747d88d@group-A3EC578C1444-LeaderElection52
2024-03-11 08:37:45,325 [14692c26-374e-4997-9d8a-ad202747d88d@group-A3EC578C1444-LeaderElection52] INFO  impl.RoleInfo (RoleInfo.java:updateAndGet(139)) - 14692c26-374e-4997-9d8a-ad202747d88d: start 14692c26-374e-4997-9d8a-ad202747d88d@group-A3EC578C1444-FollowerState
2024-03-11 08:37:45,325 [14692c26-374e-4997-9d8a-ad202747d88d@group-A3EC578C1444-LeaderElection52] INFO  server.RaftServer$Division (RaftServerImpl.java:setFirstElection(574)) - 14692c26-374e-4997-9d8a-ad202747d88d@group-A3EC578C1444: set firstElectionSinceStartup to false for REJECTED
2024-03-11 08:37:45,325 [grpc-default-executor-2] INFO  server.RaftServer$Division (RaftServerImpl.java:requestVote(1389)) - 7431f2c9-6bc6-4872-82e6-1e22af8aa733@group-A3EC578C1444: receive requestVote(PRE_VOTE, 1d5332b8-2026-4dcd-8050-ba186ddabe02, group-A3EC578C1444, 0, (t:0, i:0))
2024-03-11 08:37:45,325 [grpc-default-executor-2] INFO  impl.VoteContext (VoteContext.java:log(49)) - 7431f2c9-6bc6-4872-82e6-1e22af8aa733@group-A3EC578C1444-FOLLOWER: reject PRE_VOTE from 1d5332b8-2026-4dcd-8050-ba186ddabe02: our priority 1 > candidate's priority 0
2024-03-11 08:37:45,325 [grpc-default-executor-2] INFO  server.RaftServer$Division (RaftServerImpl.java:requestVote(1422)) - 7431f2c9-6bc6-4872-82e6-1e22af8aa733@group-A3EC578C1444 replies to PRE_VOTE vote request: 1d5332b8-2026-4dcd-8050-ba186ddabe02<-7431f2c9-6bc6-4872-82e6-1e22af8aa733#0:FAIL-t0. Peer's state: 7431f2c9-6bc6-4872-82e6-1e22af8aa733@group-A3EC578C1444:t0, leader=null, voted=, raftlog=Memoized:7431f2c9-6bc6-4872-82e6-1e22af8aa733@group-A3EC578C1444-SegmentedRaftLog:OPENED:c-1, conf=-1: peers:[7431f2c9-6bc6-4872-82e6-1e22af8aa733|10.1.0.9:15246, 1d5332b8-2026-4dcd-8050-ba186ddabe02|10.1.0.9:15255, 14692c26-374e-4997-9d8a-ad202747d88d|10.1.0.9:15237]|listeners:[], old=null
2024-03-11 08:37:45,328 [1d5332b8-2026-4dcd-8050-ba186ddabe02@group-A3EC578C1444-LeaderElection53] INFO  impl.LeaderElection (LeaderElection.java:logAndReturn(89)) - 1d5332b8-2026-4dcd-8050-ba186ddabe02@group-A3EC578C1444-LeaderElection53: PRE_VOTE REJECTED received 1 response(s) and 0 exception(s):
2024-03-11 08:37:45,328 [1d5332b8-2026-4dcd-8050-ba186ddabe02@group-A3EC578C1444-LeaderElection53] INFO  impl.LeaderElection (LeaderElection.java:logAndReturn(93)) -   Response 0: 1d5332b8-2026-4dcd-8050-ba186ddabe02<-7431f2c9-6bc6-4872-82e6-1e22af8aa733#0:FAIL-t0
2024-03-11 08:37:45,328 [1d5332b8-2026-4dcd-8050-ba186ddabe02@group-A3EC578C1444-LeaderElection53] INFO  impl.LeaderElection (LeaderElection.java:askForVotes(323)) - 1d5332b8-2026-4dcd-8050-ba186ddabe02@group-A3EC578C1444-LeaderElection53 PRE_VOTE round 0: result REJECTED
2024-03-11 08:37:45,329 [grpc-default-executor-2] INFO  server.RaftServer$Division (RaftServerImpl.java:requestVote(1389)) - 14692c26-374e-4997-9d8a-ad202747d88d@group-A3EC578C1444: receive requestVote(PRE_VOTE, 1d5332b8-2026-4dcd-8050-ba186ddabe02, group-A3EC578C1444, 0, (t:0, i:0))
2024-03-11 08:37:45,329 [grpc-default-executor-2] INFO  impl.VoteContext (VoteContext.java:log(49)) - 14692c26-374e-4997-9d8a-ad202747d88d@group-A3EC578C1444-FOLLOWER: accept PRE_VOTE from 1d5332b8-2026-4dcd-8050-ba186ddabe02: our priority 0 <= candidate's priority 0
2024-03-11 08:37:45,329 [grpc-default-executor-2] INFO  server.RaftServer$Division (RaftServerImpl.java:requestVote(1422)) - 14692c26-374e-4997-9d8a-ad202747d88d@group-A3EC578C1444 replies to PRE_VOTE vote request: 1d5332b8-2026-4dcd-8050-ba186ddabe02<-14692c26-374e-4997-9d8a-ad202747d88d#0:OK-t0. Peer's state: 14692c26-374e-4997-9d8a-ad202747d88d@group-A3EC578C1444:t0, leader=null, voted=, raftlog=Memoized:14692c26-374e-4997-9d8a-ad202747d88d@group-A3EC578C1444-SegmentedRaftLog:OPENED:c-1, conf=-1: peers:[7431f2c9-6bc6-4872-82e6-1e22af8aa733|10.1.0.9:15246, 1d5332b8-2026-4dcd-8050-ba186ddabe02|10.1.0.9:15255, 14692c26-374e-4997-9d8a-ad202747d88d|10.1.0.9:15237]|listeners:[], old=null
2024-03-11 08:37:45,329 [1d5332b8-2026-4dcd-8050-ba186ddabe02@group-A3EC578C1444-LeaderElection53] INFO  server.RaftServer$Division (RaftServerImpl.java:setRole(383)) - 1d5332b8-2026-4dcd-8050-ba186ddabe02@group-A3EC578C1444: changes role from CANDIDATE to FOLLOWER at term 0 for REJECTED
2024-03-11 08:37:45,329 [1d5332b8-2026-4dcd-8050-ba186ddabe02@group-A3EC578C1444-LeaderElection53] INFO  impl.RoleInfo (RoleInfo.java:shutdownLeaderElection(130)) - 1d5332b8-2026-4dcd-8050-ba186ddabe02: shutdown 1d5332b8-2026-4dcd-8050-ba186ddabe02@group-A3EC578C1444-LeaderElection53
2024-03-11 08:37:45,329 [1d5332b8-2026-4dcd-8050-ba186ddabe02@group-A3EC578C1444-LeaderElection53] INFO  impl.RoleInfo (RoleInfo.java:updateAndGet(139)) - 1d5332b8-2026-4dcd-8050-ba186ddabe02: start 1d5332b8-2026-4dcd-8050-ba186ddabe02@group-A3EC578C1444-FollowerState
2024-03-11 08:37:45,330 [1d5332b8-2026-4dcd-8050-ba186ddabe02@group-A3EC578C1444-LeaderElection53] INFO  server.RaftServer$Division (RaftServerImpl.java:setFirstElection(574)) - 1d5332b8-2026-4dcd-8050-ba186ddabe02@group-A3EC578C1444: set firstElectionSinceStartup to false for REJECTED
2024-03-11 08:37:45,360 [1d5332b8-2026-4dcd-8050-ba186ddabe02@group-994F13F799F8-FollowerState] INFO  impl.FollowerState (FollowerState.java:run(143)) - 1d5332b8-2026-4dcd-8050-ba186ddabe02@group-994F13F799F8-FollowerState: change to CANDIDATE, lastRpcElapsedTime:5173094011ns, electionTimeout:5172ms
2024-03-11 08:37:45,360 [1d5332b8-2026-4dcd-8050-ba186ddabe02@group-994F13F799F8-FollowerState] INFO  impl.RoleInfo (RoleInfo.java:shutdownFollowerState(110)) - 1d5332b8-2026-4dcd-8050-ba186ddabe02: shutdown 1d5332b8-2026-4dcd-8050-ba186ddabe02@group-994F13F799F8-FollowerState
2024-03-11 08:37:45,360 [1d5332b8-2026-4dcd-8050-ba186ddabe02@group-994F13F799F8-FollowerState] INFO  server.RaftServer$Division (RaftServerImpl.java:setRole(383)) - 1d5332b8-2026-4dcd-8050-ba186ddabe02@group-994F13F799F8: changes role from  FOLLOWER to CANDIDATE at term 0 for changeToCandidate
2024-03-11 08:37:45,360 [1d5332b8-2026-4dcd-8050-ba186ddabe02@group-994F13F799F8-FollowerState] INFO  server.RaftServerConfigKeys (ConfUtils.java:logGet(46)) - raft.server.leaderelection.pre-vote = true (default)
2024-03-11 08:37:45,360 [1d5332b8-2026-4dcd-8050-ba186ddabe02@group-994F13F799F8-FollowerState] INFO  impl.RoleInfo (RoleInfo.java:updateAndGet(139)) - 1d5332b8-2026-4dcd-8050-ba186ddabe02: start 1d5332b8-2026-4dcd-8050-ba186ddabe02@group-994F13F799F8-LeaderElection54
2024-03-11 08:37:45,361 [1d5332b8-2026-4dcd-8050-ba186ddabe02@group-994F13F799F8-LeaderElection54] INFO  impl.LeaderElection (LeaderElection.java:askForVotes(321)) - 1d5332b8-2026-4dcd-8050-ba186ddabe02@group-994F13F799F8-LeaderElection54 PRE_VOTE round 0: submit vote requests at term 0 for -1: peers:[7431f2c9-6bc6-4872-82e6-1e22af8aa733|10.1.0.9:15246, 1d5332b8-2026-4dcd-8050-ba186ddabe02|10.1.0.9:15255, 14692c26-374e-4997-9d8a-ad202747d88d|10.1.0.9:15237]|listeners:[], old=null
2024-03-11 08:37:45,361 [1d5332b8-2026-4dcd-8050-ba186ddabe02@group-994F13F799F8-LeaderElection54] INFO  server.RaftServerConfigKeys (ConfUtils.java:logFallback(53)) - raft.server.rpc.first-election.timeout.min = 5s (fallback to raft.server.rpc.timeout.min)
2024-03-11 08:37:45,361 [1d5332b8-2026-4dcd-8050-ba186ddabe02@group-994F13F799F8-LeaderElection54] INFO  server.RaftServerConfigKeys (ConfUtils.java:logFallback(53)) - raft.server.rpc.first-election.timeout.max = 5200ms (fallback to raft.server.rpc.timeout.max)
2024-03-11 08:37:45,362 [grpc-default-executor-3] INFO  server.RaftServer$Division (RaftServerImpl.java:requestVote(1389)) - 7431f2c9-6bc6-4872-82e6-1e22af8aa733@group-994F13F799F8: receive requestVote(PRE_VOTE, 1d5332b8-2026-4dcd-8050-ba186ddabe02, group-994F13F799F8, 0, (t:0, i:0))
2024-03-11 08:37:45,362 [grpc-default-executor-3] INFO  impl.VoteContext (VoteContext.java:log(49)) - 7431f2c9-6bc6-4872-82e6-1e22af8aa733@group-994F13F799F8-FOLLOWER: accept PRE_VOTE from 1d5332b8-2026-4dcd-8050-ba186ddabe02: our priority 0 <= candidate's priority 1
2024-03-11 08:37:45,362 [grpc-default-executor-3] INFO  server.RaftServer$Division (RaftServerImpl.java:requestVote(1422)) - 7431f2c9-6bc6-4872-82e6-1e22af8aa733@group-994F13F799F8 replies to PRE_VOTE vote request: 1d5332b8-2026-4dcd-8050-ba186ddabe02<-7431f2c9-6bc6-4872-82e6-1e22af8aa733#0:OK-t0. Peer's state: 7431f2c9-6bc6-4872-82e6-1e22af8aa733@group-994F13F799F8:t0, leader=null, voted=, raftlog=Memoized:7431f2c9-6bc6-4872-82e6-1e22af8aa733@group-994F13F799F8-SegmentedRaftLog:OPENED:c-1, conf=-1: peers:[7431f2c9-6bc6-4872-82e6-1e22af8aa733|10.1.0.9:15246, 1d5332b8-2026-4dcd-8050-ba186ddabe02|10.1.0.9:15255, 14692c26-374e-4997-9d8a-ad202747d88d|10.1.0.9:15237]|listeners:[], old=null
2024-03-11 08:37:45,362 [grpc-default-executor-2] INFO  server.RaftServer$Division (RaftServerImpl.java:requestVote(1389)) - 14692c26-374e-4997-9d8a-ad202747d88d@group-994F13F799F8: receive requestVote(PRE_VOTE, 1d5332b8-2026-4dcd-8050-ba186ddabe02, group-994F13F799F8, 0, (t:0, i:0))
2024-03-11 08:37:45,362 [grpc-default-executor-2] INFO  impl.VoteContext (VoteContext.java:log(49)) - 14692c26-374e-4997-9d8a-ad202747d88d@group-994F13F799F8-FOLLOWER: accept PRE_VOTE from 1d5332b8-2026-4dcd-8050-ba186ddabe02: our priority 0 <= candidate's priority 1
2024-03-11 08:37:45,362 [grpc-default-executor-2] INFO  server.RaftServer$Division (RaftServerImpl.java:requestVote(1422)) - 14692c26-374e-4997-9d8a-ad202747d88d@group-994F13F799F8 replies to PRE_VOTE vote request: 1d5332b8-2026-4dcd-8050-ba186ddabe02<-14692c26-374e-4997-9d8a-ad202747d88d#0:OK-t0. Peer's state: 14692c26-374e-4997-9d8a-ad202747d88d@group-994F13F799F8:t0, leader=null, voted=, raftlog=Memoized:14692c26-374e-4997-9d8a-ad202747d88d@group-994F13F799F8-SegmentedRaftLog:OPENED:c-1, conf=-1: peers:[7431f2c9-6bc6-4872-82e6-1e22af8aa733|10.1.0.9:15246, 1d5332b8-2026-4dcd-8050-ba186ddabe02|10.1.0.9:15255, 14692c26-374e-4997-9d8a-ad202747d88d|10.1.0.9:15237]|listeners:[], old=null
2024-03-11 08:37:45,363 [1d5332b8-2026-4dcd-8050-ba186ddabe02@group-994F13F799F8-LeaderElection54] INFO  impl.LeaderElection (LeaderElection.java:logAndReturn(89)) - 1d5332b8-2026-4dcd-8050-ba186ddabe02@group-994F13F799F8-LeaderElection54: PRE_VOTE PASSED received 1 response(s) and 0 exception(s):
2024-03-11 08:37:45,363 [1d5332b8-2026-4dcd-8050-ba186ddabe02@group-994F13F799F8-LeaderElection54] INFO  impl.LeaderElection (LeaderElection.java:logAndReturn(93)) -   Response 0: 1d5332b8-2026-4dcd-8050-ba186ddabe02<-7431f2c9-6bc6-4872-82e6-1e22af8aa733#0:OK-t0
2024-03-11 08:37:45,363 [1d5332b8-2026-4dcd-8050-ba186ddabe02@group-994F13F799F8-LeaderElection54] INFO  impl.LeaderElection (LeaderElection.java:askForVotes(323)) - 1d5332b8-2026-4dcd-8050-ba186ddabe02@group-994F13F799F8-LeaderElection54 PRE_VOTE round 0: result PASSED
2024-03-11 08:37:45,364 [1d5332b8-2026-4dcd-8050-ba186ddabe02@group-994F13F799F8-LeaderElection54] INFO  impl.LeaderElection (LeaderElection.java:askForVotes(321)) - 1d5332b8-2026-4dcd-8050-ba186ddabe02@group-994F13F799F8-LeaderElection54 ELECTION round 0: submit vote requests at term 1 for -1: peers:[7431f2c9-6bc6-4872-82e6-1e22af8aa733|10.1.0.9:15246, 1d5332b8-2026-4dcd-8050-ba186ddabe02|10.1.0.9:15255, 14692c26-374e-4997-9d8a-ad202747d88d|10.1.0.9:15237]|listeners:[], old=null
2024-03-11 08:37:45,364 [1d5332b8-2026-4dcd-8050-ba186ddabe02@group-994F13F799F8-LeaderElection54] INFO  server.RaftServerConfigKeys (ConfUtils.java:logFallback(53)) - raft.server.rpc.first-election.timeout.min = 5s (fallback to raft.server.rpc.timeout.min)
2024-03-11 08:37:45,364 [1d5332b8-2026-4dcd-8050-ba186ddabe02@group-994F13F799F8-LeaderElection54] INFO  server.RaftServerConfigKeys (ConfUtils.java:logFallback(53)) - raft.server.rpc.first-election.timeout.max = 5200ms (fallback to raft.server.rpc.timeout.max)
2024-03-11 08:37:45,364 [grpc-default-executor-2] INFO  server.RaftServer$Division (RaftServerImpl.java:requestVote(1389)) - 7431f2c9-6bc6-4872-82e6-1e22af8aa733@group-994F13F799F8: receive requestVote(ELECTION, 1d5332b8-2026-4dcd-8050-ba186ddabe02, group-994F13F799F8, 1, (t:0, i:0))
2024-03-11 08:37:45,365 [grpc-default-executor-2] INFO  impl.VoteContext (VoteContext.java:log(49)) - 7431f2c9-6bc6-4872-82e6-1e22af8aa733@group-994F13F799F8-FOLLOWER: accept ELECTION from 1d5332b8-2026-4dcd-8050-ba186ddabe02: our priority 0 <= candidate's priority 1
2024-03-11 08:37:45,365 [grpc-default-executor-2] INFO  server.RaftServer$Division (RaftServerImpl.java:setRole(383)) - 7431f2c9-6bc6-4872-82e6-1e22af8aa733@group-994F13F799F8: changes role from  FOLLOWER to FOLLOWER at term 1 for candidate:1d5332b8-2026-4dcd-8050-ba186ddabe02
2024-03-11 08:37:45,365 [grpc-default-executor-2] INFO  impl.RoleInfo (RoleInfo.java:shutdownFollowerState(110)) - 7431f2c9-6bc6-4872-82e6-1e22af8aa733: shutdown 7431f2c9-6bc6-4872-82e6-1e22af8aa733@group-994F13F799F8-FollowerState
2024-03-11 08:37:45,365 [grpc-default-executor-2] INFO  impl.RoleInfo (RoleInfo.java:updateAndGet(139)) - 7431f2c9-6bc6-4872-82e6-1e22af8aa733: start 7431f2c9-6bc6-4872-82e6-1e22af8aa733@group-994F13F799F8-FollowerState
2024-03-11 08:37:45,365 [7431f2c9-6bc6-4872-82e6-1e22af8aa733@group-994F13F799F8-FollowerState] INFO  impl.FollowerState (FollowerState.java:run(152)) - 7431f2c9-6bc6-4872-82e6-1e22af8aa733@group-994F13F799F8-FollowerState was interrupted
2024-03-11 08:37:45,365 [grpc-default-executor-2] INFO  server.RaftServer$Division (RaftServerImpl.java:setFirstElection(574)) - 7431f2c9-6bc6-4872-82e6-1e22af8aa733@group-994F13F799F8: set firstElectionSinceStartup to false for candidate:1d5332b8-2026-4dcd-8050-ba186ddabe02
2024-03-11 08:37:45,366 [grpc-default-executor-3] INFO  server.RaftServer$Division (RaftServerImpl.java:requestVote(1389)) - 14692c26-374e-4997-9d8a-ad202747d88d@group-994F13F799F8: receive requestVote(ELECTION, 1d5332b8-2026-4dcd-8050-ba186ddabe02, group-994F13F799F8, 1, (t:0, i:0))
2024-03-11 08:37:45,366 [grpc-default-executor-3] INFO  impl.VoteContext (VoteContext.java:log(49)) - 14692c26-374e-4997-9d8a-ad202747d88d@group-994F13F799F8-FOLLOWER: accept ELECTION from 1d5332b8-2026-4dcd-8050-ba186ddabe02: our priority 0 <= candidate's priority 1
2024-03-11 08:37:45,366 [grpc-default-executor-3] INFO  server.RaftServer$Division (RaftServerImpl.java:setRole(383)) - 14692c26-374e-4997-9d8a-ad202747d88d@group-994F13F799F8: changes role from  FOLLOWER to FOLLOWER at term 1 for candidate:1d5332b8-2026-4dcd-8050-ba186ddabe02
2024-03-11 08:37:45,366 [grpc-default-executor-3] INFO  impl.RoleInfo (RoleInfo.java:shutdownFollowerState(110)) - 14692c26-374e-4997-9d8a-ad202747d88d: shutdown 14692c26-374e-4997-9d8a-ad202747d88d@group-994F13F799F8-FollowerState
2024-03-11 08:37:45,366 [grpc-default-executor-3] INFO  impl.RoleInfo (RoleInfo.java:updateAndGet(139)) - 14692c26-374e-4997-9d8a-ad202747d88d: start 14692c26-374e-4997-9d8a-ad202747d88d@group-994F13F799F8-FollowerState
2024-03-11 08:37:45,366 [14692c26-374e-4997-9d8a-ad202747d88d@group-994F13F799F8-FollowerState] INFO  impl.FollowerState (FollowerState.java:run(152)) - 14692c26-374e-4997-9d8a-ad202747d88d@group-994F13F799F8-FollowerState was interrupted
2024-03-11 08:37:45,367 [grpc-default-executor-2] INFO  server.RaftServer$Division (RaftServerImpl.java:requestVote(1422)) - 7431f2c9-6bc6-4872-82e6-1e22af8aa733@group-994F13F799F8 replies to ELECTION vote request: 1d5332b8-2026-4dcd-8050-ba186ddabe02<-7431f2c9-6bc6-4872-82e6-1e22af8aa733#0:OK-t1. Peer's state: 7431f2c9-6bc6-4872-82e6-1e22af8aa733@group-994F13F799F8:t1, leader=null, voted=1d5332b8-2026-4dcd-8050-ba186ddabe02, raftlog=Memoized:7431f2c9-6bc6-4872-82e6-1e22af8aa733@group-994F13F799F8-SegmentedRaftLog:OPENED:c-1, conf=-1: peers:[7431f2c9-6bc6-4872-82e6-1e22af8aa733|10.1.0.9:15246, 1d5332b8-2026-4dcd-8050-ba186ddabe02|10.1.0.9:15255, 14692c26-374e-4997-9d8a-ad202747d88d|10.1.0.9:15237]|listeners:[], old=null
2024-03-11 08:37:45,367 [1d5332b8-2026-4dcd-8050-ba186ddabe02@group-994F13F799F8-LeaderElection54] INFO  impl.LeaderElection (LeaderElection.java:logAndReturn(89)) - 1d5332b8-2026-4dcd-8050-ba186ddabe02@group-994F13F799F8-LeaderElection54: ELECTION PASSED received 1 response(s) and 0 exception(s):
2024-03-11 08:37:45,367 [1d5332b8-2026-4dcd-8050-ba186ddabe02@group-994F13F799F8-LeaderElection54] INFO  impl.LeaderElection (LeaderElection.java:logAndReturn(93)) -   Response 0: 1d5332b8-2026-4dcd-8050-ba186ddabe02<-7431f2c9-6bc6-4872-82e6-1e22af8aa733#0:OK-t1
2024-03-11 08:37:45,367 [1d5332b8-2026-4dcd-8050-ba186ddabe02@group-994F13F799F8-LeaderElection54] INFO  impl.LeaderElection (LeaderElection.java:askForVotes(323)) - 1d5332b8-2026-4dcd-8050-ba186ddabe02@group-994F13F799F8-LeaderElection54 ELECTION round 0: result PASSED
2024-03-11 08:37:45,368 [1d5332b8-2026-4dcd-8050-ba186ddabe02@group-994F13F799F8-LeaderElection54] INFO  impl.RoleInfo (RoleInfo.java:shutdownLeaderElection(130)) - 1d5332b8-2026-4dcd-8050-ba186ddabe02: shutdown 1d5332b8-2026-4dcd-8050-ba186ddabe02@group-994F13F799F8-LeaderElection54
2024-03-11 08:37:45,368 [1d5332b8-2026-4dcd-8050-ba186ddabe02@group-994F13F799F8-LeaderElection54] INFO  server.RaftServer$Division (RaftServerImpl.java:setRole(383)) - 1d5332b8-2026-4dcd-8050-ba186ddabe02@group-994F13F799F8: changes role from CANDIDATE to LEADER at term 1 for changeToLeader
2024-03-11 08:37:45,368 [1d5332b8-2026-4dcd-8050-ba186ddabe02@group-994F13F799F8-LeaderElection54] INFO  server.RaftServerConfigKeys (ConfUtils.java:logGet(46)) - raft.server.staging.catchup.gap = 1000 (default)
2024-03-11 08:37:45,368 [1d5332b8-2026-4dcd-8050-ba186ddabe02@group-994F13F799F8-LeaderElection54] INFO  server.RaftServerConfigKeys (ConfUtils.java:logGet(46)) - raft.server.write.element-limit = 1024 (custom)
2024-03-11 08:37:45,368 [1d5332b8-2026-4dcd-8050-ba186ddabe02@group-994F13F799F8-LeaderElection54] INFO  server.RaftServerConfigKeys (ConfUtils.java:logGet(46)) - raft.server.write.byte-limit = 1024 M (=1073741824) (custom)
2024-03-11 08:37:45,368 [grpc-default-executor-3] INFO  server.RaftServer$Division (RaftServerImpl.java:requestVote(1422)) - 14692c26-374e-4997-9d8a-ad202747d88d@group-994F13F799F8 replies to ELECTION vote request: 1d5332b8-2026-4dcd-8050-ba186ddabe02<-14692c26-374e-4997-9d8a-ad202747d88d#0:OK-t1. Peer's state: 14692c26-374e-4997-9d8a-ad202747d88d@group-994F13F799F8:t1, leader=null, voted=1d5332b8-2026-4dcd-8050-ba186ddabe02, raftlog=Memoized:14692c26-374e-4997-9d8a-ad202747d88d@group-994F13F799F8-SegmentedRaftLog:OPENED:c-1, conf=-1: peers:[7431f2c9-6bc6-4872-82e6-1e22af8aa733|10.1.0.9:15246, 1d5332b8-2026-4dcd-8050-ba186ddabe02|10.1.0.9:15255, 14692c26-374e-4997-9d8a-ad202747d88d|10.1.0.9:15237]|listeners:[], old=null
2024-03-11 08:37:45,368 [1d5332b8-2026-4dcd-8050-ba186ddabe02@group-994F13F799F8-LeaderElection54] INFO  server.RaftServerConfigKeys (ConfUtils.java:logGet(46)) - raft.server.watch.timeout = 180s (custom)
2024-03-11 08:37:45,368 [1d5332b8-2026-4dcd-8050-ba186ddabe02@group-994F13F799F8-LeaderElection54] INFO  server.RaftServerConfigKeys (ConfUtils.java:logGet(46)) - raft.server.watch.timeout.denomination = 1s (default)
2024-03-11 08:37:45,368 [1d5332b8-2026-4dcd-8050-ba186ddabe02@group-994F13F799F8-LeaderElection54] INFO  server.RaftServerConfigKeys (ConfUtils.java:logGet(46)) - raft.server.watch.element-limit = 65536 (default)
2024-03-11 08:37:45,368 [1d5332b8-2026-4dcd-8050-ba186ddabe02@group-994F13F799F8-LeaderElection54] INFO  server.RaftServerConfigKeys (ConfUtils.java:logGet(46)) - raft.server.read.leader.lease.enabled = false (default)
2024-03-11 08:37:45,368 [1d5332b8-2026-4dcd-8050-ba186ddabe02@group-994F13F799F8-LeaderElection54] INFO  server.RaftServerConfigKeys (ConfUtils.java:logGet(46)) - raft.server.read.leader.lease.timeout.ratio = 0.9 (default)
2024-03-11 08:37:45,368 [1d5332b8-2026-4dcd-8050-ba186ddabe02@group-994F13F799F8-LeaderElection54] INFO  server.RaftServerConfigKeys (ConfUtils.java:logGet(46)) - raft.server.rpc.timeout.min = 5s (custom)
2024-03-11 08:37:45,368 [1d5332b8-2026-4dcd-8050-ba186ddabe02@group-994F13F799F8-LeaderElection54] INFO  server.RaftServerConfigKeys (ConfUtils.java:logGet(46)) - raft.server.write.element-limit = 1024 (custom)
2024-03-11 08:37:45,369 [1d5332b8-2026-4dcd-8050-ba186ddabe02@group-994F13F799F8-LeaderElection54] INFO  server.RaftServerConfigKeys (ConfUtils.java:logGet(46)) - raft.server.write.follower.gap.ratio.max = -1.0 (default)
2024-03-11 08:37:45,369 [1d5332b8-2026-4dcd-8050-ba186ddabe02@group-994F13F799F8-LeaderElection54] INFO  server.RaftServerConfigKeys (ConfUtils.java:logGet(46)) - raft.server.log.appender.snapshot.chunk.size.max = 16MB (=16777216) (default)
2024-03-11 08:37:45,369 [1d5332b8-2026-4dcd-8050-ba186ddabe02@group-994F13F799F8-LeaderElection54] INFO  server.RaftServerConfigKeys (ConfUtils.java:logGet(46)) - raft.server.log.appender.buffer.byte-limit = 8388608 (custom)
2024-03-11 08:37:45,369 [1d5332b8-2026-4dcd-8050-ba186ddabe02@group-994F13F799F8-LeaderElection54] INFO  server.RaftServerConfigKeys (ConfUtils.java:logGet(46)) - raft.server.log.appender.buffer.element-limit = 1 (custom)
2024-03-11 08:37:45,369 [1d5332b8-2026-4dcd-8050-ba186ddabe02@group-994F13F799F8-LeaderElection54] INFO  server.RaftServerConfigKeys (ConfUtils.java:logGet(46)) - raft.server.log.appender.wait-time.min = 0μs (custom)
2024-03-11 08:37:45,369 [1d5332b8-2026-4dcd-8050-ba186ddabe02@group-994F13F799F8-LeaderElection54] INFO  grpc.GrpcConfigKeys (ConfUtils.java:logGet(46)) - raft.grpc.server.leader.outstanding.appends.max = 8 (default)
2024-03-11 08:37:45,369 [1d5332b8-2026-4dcd-8050-ba186ddabe02@group-994F13F799F8-LeaderElection54] INFO  server.RaftServerConfigKeys (ConfUtils.java:logGet(46)) - raft.server.rpc.request.timeout = 60s (custom)
2024-03-11 08:37:45,369 [1d5332b8-2026-4dcd-8050-ba186ddabe02@group-994F13F799F8-LeaderElection54] INFO  grpc.GrpcConfigKeys (ConfUtils.java:logGet(46)) - raft.grpc.server.install_snapshot.request.element-limit = 8 (default)
2024-03-11 08:37:45,369 [1d5332b8-2026-4dcd-8050-ba186ddabe02@group-994F13F799F8-LeaderElection54] INFO  grpc.GrpcConfigKeys (ConfUtils.java:logGet(46)) - raft.grpc.server.install_snapshot.request.timeout = 3000ms (default)
2024-03-11 08:37:45,369 [1d5332b8-2026-4dcd-8050-ba186ddabe02@group-994F13F799F8-LeaderElection54] INFO  grpc.GrpcConfigKeys (ConfUtils.java:logGet(46)) - raft.grpc.server.log-message.batch.duration = 5s (default)
2024-03-11 08:37:45,369 [1d5332b8-2026-4dcd-8050-ba186ddabe02@group-994F13F799F8-LeaderElection54] INFO  server.RaftServerConfigKeys (ConfUtils.java:logGet(46)) - raft.server.log.appender.install.snapshot.enabled = false (custom)
2024-03-11 08:37:45,370 [1d5332b8-2026-4dcd-8050-ba186ddabe02@group-994F13F799F8-LeaderElection54] INFO  grpc.GrpcConfigKeys (ConfUtils.java:logGet(46)) - raft.grpc.server.heartbeat.channel = true (default)
2024-03-11 08:37:45,370 [1d5332b8-2026-4dcd-8050-ba186ddabe02@group-994F13F799F8-LeaderElection54] INFO  server.RaftServerConfigKeys (ConfUtils.java:logGet(46)) - raft.server.log.appender.snapshot.chunk.size.max = 16MB (=16777216) (default)
2024-03-11 08:37:45,370 [1d5332b8-2026-4dcd-8050-ba186ddabe02@group-994F13F799F8-LeaderElection54] INFO  server.RaftServerConfigKeys (ConfUtils.java:logGet(46)) - raft.server.log.appender.buffer.byte-limit = 8388608 (custom)
2024-03-11 08:37:45,370 [1d5332b8-2026-4dcd-8050-ba186ddabe02@group-994F13F799F8-LeaderElection54] INFO  server.RaftServerConfigKeys (ConfUtils.java:logGet(46)) - raft.server.log.appender.buffer.element-limit = 1 (custom)
2024-03-11 08:37:45,370 [1d5332b8-2026-4dcd-8050-ba186ddabe02@group-994F13F799F8-LeaderElection54] INFO  server.RaftServerConfigKeys (ConfUtils.java:logGet(46)) - raft.server.log.appender.wait-time.min = 0μs (custom)
2024-03-11 08:37:45,370 [1d5332b8-2026-4dcd-8050-ba186ddabe02@group-994F13F799F8-LeaderElection54] INFO  grpc.GrpcConfigKeys (ConfUtils.java:logGet(46)) - raft.grpc.server.leader.outstanding.appends.max = 8 (default)
2024-03-11 08:37:45,370 [1d5332b8-2026-4dcd-8050-ba186ddabe02@group-994F13F799F8-LeaderElection54] INFO  server.RaftServerConfigKeys (ConfUtils.java:logGet(46)) - raft.server.rpc.request.timeout = 60s (custom)
2024-03-11 08:37:45,370 [1d5332b8-2026-4dcd-8050-ba186ddabe02@group-994F13F799F8-LeaderElection54] INFO  grpc.GrpcConfigKeys (ConfUtils.java:logGet(46)) - raft.grpc.server.install_snapshot.request.element-limit = 8 (default)
2024-03-11 08:37:45,370 [1d5332b8-2026-4dcd-8050-ba186ddabe02@group-994F13F799F8-LeaderElection54] INFO  grpc.GrpcConfigKeys (ConfUtils.java:logGet(46)) - raft.grpc.server.install_snapshot.request.timeout = 3000ms (default)
2024-03-11 08:37:45,371 [1d5332b8-2026-4dcd-8050-ba186ddabe02@group-994F13F799F8-LeaderElection54] INFO  grpc.GrpcConfigKeys (ConfUtils.java:logGet(46)) - raft.grpc.server.log-message.batch.duration = 5s (default)
2024-03-11 08:37:45,371 [1d5332b8-2026-4dcd-8050-ba186ddabe02@group-994F13F799F8-LeaderElection54] INFO  server.RaftServerConfigKeys (ConfUtils.java:logGet(46)) - raft.server.log.appender.install.snapshot.enabled = false (custom)
2024-03-11 08:37:45,371 [1d5332b8-2026-4dcd-8050-ba186ddabe02@group-994F13F799F8-LeaderElection54] INFO  grpc.GrpcConfigKeys (ConfUtils.java:logGet(46)) - raft.grpc.server.heartbeat.channel = true (default)
2024-03-11 08:37:45,371 [1d5332b8-2026-4dcd-8050-ba186ddabe02@group-994F13F799F8-LeaderElection54] INFO  impl.RoleInfo (RoleInfo.java:updateAndGet(139)) - 1d5332b8-2026-4dcd-8050-ba186ddabe02: start 1d5332b8-2026-4dcd-8050-ba186ddabe02@group-994F13F799F8-LeaderStateImpl
2024-03-11 08:37:45,371 [1d5332b8-2026-4dcd-8050-ba186ddabe02@group-994F13F799F8-LeaderElection54] INFO  server.RaftServer$Division (RaftServerImpl.java:setFirstElection(574)) - 1d5332b8-2026-4dcd-8050-ba186ddabe02@group-994F13F799F8: set firstElectionSinceStartup to false for becomeLeader
2024-03-11 08:37:45,371 [1d5332b8-2026-4dcd-8050-ba186ddabe02@group-994F13F799F8-LeaderElection54] INFO  ratis.XceiverServerRatis (XceiverServerRatis.java:handleLeaderChangedNotification(966)) - Leader change notification received for group: group-994F13F799F8 with new leaderId: 1d5332b8-2026-4dcd-8050-ba186ddabe02
2024-03-11 08:37:45,371 [1d5332b8-2026-4dcd-8050-ba186ddabe02@group-994F13F799F8-LeaderElection54] INFO  server.RaftServer$Division (ServerState.java:setLeader(269)) - 1d5332b8-2026-4dcd-8050-ba186ddabe02@group-994F13F799F8: change Leader from null to 1d5332b8-2026-4dcd-8050-ba186ddabe02 at term 1 for becomeLeader, leader elected after 5193ms
2024-03-11 08:37:45,371 [1d5332b8-2026-4dcd-8050-ba186ddabe02@group-994F13F799F8-LeaderElection54] INFO  segmented.SegmentedRaftLogWorker (SegmentedRaftLogWorker.java:startLogSegment(430)) - 1d5332b8-2026-4dcd-8050-ba186ddabe02@group-994F13F799F8-SegmentedRaftLogWorker: Starting segment from index:0
2024-03-11 08:37:45,371 [1d5332b8-2026-4dcd-8050-ba186ddabe02@group-994F13F799F8-SegmentedRaftLogWorker] INFO  segmented.BufferedWriteChannel (BufferedWriteChannel.java:open(62)) - open log_inprogress_0 at position 0
2024-03-11 08:37:45,372 [main] INFO  ozone.MiniOzoneClusterImpl (MiniOzoneClusterImpl.java:lambda$waitForClusterToBeReady$0(194)) - Nodes are ready. Got 3 of 3 DN Heartbeats.
2024-03-11 08:37:45,372 [main] INFO  ozone.MiniOzoneClusterImpl (MiniOzoneClusterImpl.java:lambda$waitForClusterToBeReady$0(197)) - Waiting for cluster to exit safe mode
2024-03-11 08:37:45,372 [main] INFO  ozone.MiniOzoneClusterImpl (MiniOzoneClusterImpl.java:lambda$waitForClusterToBeReady$0(199)) - SCM became leader
2024-03-11 08:37:45,373 [EventQueue-PipelineReportForPipelineReportHandler] INFO  pipeline.PipelineReportHandler (PipelineReportHandler.java:processPipelineReport(136)) - Opened pipeline PipelineID=cc1e9a4f-f61c-4fbd-a5f0-994f13f799f8
2024-03-11 08:37:45,373 [EventQueue-OpenPipelineForHealthyPipelineSafeModeRule] INFO  safemode.SCMSafeModeManager (HealthyPipelineSafeModeRule.java:process(140)) - SCM in safe mode. Healthy pipelines reported count is 1, required healthy pipeline reported count is 1
2024-03-11 08:37:45,373 [EventQueue-OpenPipelineForHealthyPipelineSafeModeRule] INFO  safemode.SCMSafeModeManager (SCMSafeModeManager.java:validateSafeModeExitRules(200)) - HealthyPipelineSafeModeRule rule is successfully validated
2024-03-11 08:37:45,373 [EventQueue-OpenPipelineForHealthyPipelineSafeModeRule] INFO  safemode.SCMSafeModeManager (SCMSafeModeManager.java:validateSafeModeExitRules(215)) - ScmSafeModeManager, all rules are successfully validated
2024-03-11 08:37:45,373 [EventQueue-OpenPipelineForHealthyPipelineSafeModeRule] INFO  safemode.SCMSafeModeManager (SCMSafeModeManager.java:exitSafeMode(244)) - SCM exiting safe mode.
2024-03-11 08:37:45,374 [EventQueue-OpenPipelineForHealthyPipelineSafeModeRule] INFO  ha.SCMContext (SCMContext.java:updateSafeModeStatus(225)) - Update SafeModeStatus from SafeModeStatus{safeModeStatus=true, preCheckPassed=true} to SafeModeStatus{safeModeStatus=false, preCheckPassed=true}.
2024-03-11 08:37:45,374 [EventQueue-OpenPipelineForHealthyPipelineSafeModeRule] INFO  pipeline.BackgroundPipelineCreator (BackgroundPipelineCreator.java:notifyStatusChanged(258)) - Service BackgroundPipelineCreator transitions to RUNNING.
2024-03-11 08:37:45,374 [EventQueue-OpenPipelineForHealthyPipelineSafeModeRule] INFO  BackgroundPipelineScrubber (BackgroundSCMService.java:notifyStatusChanged(79)) - Service BackgroundPipelineScrubber transitions to RUNNING.
2024-03-11 08:37:45,374 [EventQueue-OpenPipelineForHealthyPipelineSafeModeRule] INFO  ExpiredContainerReplicaOpScrubber (BackgroundSCMService.java:notifyStatusChanged(79)) - Service ExpiredContainerReplicaOpScrubber transitions to RUNNING.
2024-03-11 08:37:45,374 [EventQueue-OpenPipelineForHealthyPipelineSafeModeRule] INFO  block.SCMBlockDeletingService (SCMBlockDeletingService.java:notifyStatusChanged(247)) - notifyStatusChanged:RUNNING
2024-03-11 08:37:45,374 [EventQueue-OpenPipelineForHealthyPipelineSafeModeRule] INFO  replication.ReplicationManager (ReplicationManager.java:notifyStatusChanged(1403)) - Service ReplicationManager transitions to RUNNING.
2024-03-11 08:37:45,374 [1d5332b8-2026-4dcd-8050-ba186ddabe02@group-994F13F799F8-LeaderElection54] INFO  server.RaftServer$Division (ServerState.java:setRaftConf(386)) - 1d5332b8-2026-4dcd-8050-ba186ddabe02@group-994F13F799F8: set configuration 0: peers:[7431f2c9-6bc6-4872-82e6-1e22af8aa733|10.1.0.9:15246, 1d5332b8-2026-4dcd-8050-ba186ddabe02|10.1.0.9:15255, 14692c26-374e-4997-9d8a-ad202747d88d|10.1.0.9:15237]|listeners:[], old=null
2024-03-11 08:37:45,375 [EventQueue-OpenPipelineForHealthyPipelineSafeModeRule] WARN  balancer.ContainerBalancer (ContainerBalancer.java:shouldRun(134)) - Could not find persisted configuration for ContainerBalancer when checking if ContainerBalancer should run. ContainerBalancer should not run now.
2024-03-11 08:37:45,375 [7431f2c9-6bc6-4872-82e6-1e22af8aa733@group-A3EC578C1444-FollowerState] INFO  impl.FollowerState (FollowerState.java:run(143)) - 7431f2c9-6bc6-4872-82e6-1e22af8aa733@group-A3EC578C1444-FollowerState: change to CANDIDATE, lastRpcElapsedTime:5092104769ns, electionTimeout:5091ms
2024-03-11 08:37:45,375 [7431f2c9-6bc6-4872-82e6-1e22af8aa733@group-A3EC578C1444-FollowerState] INFO  impl.RoleInfo (RoleInfo.java:shutdownFollowerState(110)) - 7431f2c9-6bc6-4872-82e6-1e22af8aa733: shutdown 7431f2c9-6bc6-4872-82e6-1e22af8aa733@group-A3EC578C1444-FollowerState
2024-03-11 08:37:45,375 [7431f2c9-6bc6-4872-82e6-1e22af8aa733@group-A3EC578C1444-FollowerState] INFO  server.RaftServer$Division (RaftServerImpl.java:setRole(383)) - 7431f2c9-6bc6-4872-82e6-1e22af8aa733@group-A3EC578C1444: changes role from  FOLLOWER to CANDIDATE at term 0 for changeToCandidate
2024-03-11 08:37:45,376 [7431f2c9-6bc6-4872-82e6-1e22af8aa733@group-A3EC578C1444-FollowerState] INFO  server.RaftServerConfigKeys (ConfUtils.java:logGet(46)) - raft.server.leaderelection.pre-vote = true (default)
2024-03-11 08:37:45,376 [7431f2c9-6bc6-4872-82e6-1e22af8aa733@group-A3EC578C1444-FollowerState] INFO  impl.RoleInfo (RoleInfo.java:updateAndGet(139)) - 7431f2c9-6bc6-4872-82e6-1e22af8aa733: start 7431f2c9-6bc6-4872-82e6-1e22af8aa733@group-A3EC578C1444-LeaderElection55
2024-03-11 08:37:45,383 [1d5332b8-2026-4dcd-8050-ba186ddabe02@group-994F13F799F8-SegmentedRaftLogWorker] INFO  segmented.SegmentedRaftLogWorker (SegmentedRaftLogWorker.java:execute(634)) - 1d5332b8-2026-4dcd-8050-ba186ddabe02@group-994F13F799F8-SegmentedRaftLogWorker: created new log segment /home/runner/work/ozone/ozone/hadoop-ozone/integration-test/target/test-dir/MiniOzoneClusterImpl-90f76332-72a0-45e1-84c2-b164c055732a/ozone-meta/datanode-3/ratis/cc1e9a4f-f61c-4fbd-a5f0-994f13f799f8/current/log_inprogress_0
2024-03-11 08:37:45,387 [7431f2c9-6bc6-4872-82e6-1e22af8aa733@group-A3EC578C1444-LeaderElection55] INFO  impl.LeaderElection (LeaderElection.java:askForVotes(321)) - 7431f2c9-6bc6-4872-82e6-1e22af8aa733@group-A3EC578C1444-LeaderElection55 PRE_VOTE round 0: submit vote requests at term 0 for -1: peers:[7431f2c9-6bc6-4872-82e6-1e22af8aa733|10.1.0.9:15246, 1d5332b8-2026-4dcd-8050-ba186ddabe02|10.1.0.9:15255, 14692c26-374e-4997-9d8a-ad202747d88d|10.1.0.9:15237]|listeners:[], old=null
2024-03-11 08:37:45,387 [7431f2c9-6bc6-4872-82e6-1e22af8aa733-server-thread2] INFO  ratis.XceiverServerRatis (XceiverServerRatis.java:handleLeaderChangedNotification(966)) - Leader change notification received for group: group-994F13F799F8 with new leaderId: 1d5332b8-2026-4dcd-8050-ba186ddabe02
2024-03-11 08:37:45,387 [7431f2c9-6bc6-4872-82e6-1e22af8aa733-server-thread2] INFO  server.RaftServer$Division (ServerState.java:setLeader(269)) - 7431f2c9-6bc6-4872-82e6-1e22af8aa733@group-994F13F799F8: change Leader from null to 1d5332b8-2026-4dcd-8050-ba186ddabe02 at term 1 for appendEntries, leader elected after 5188ms
2024-03-11 08:37:45,393 [7431f2c9-6bc6-4872-82e6-1e22af8aa733@group-A3EC578C1444-LeaderElection55] INFO  server.RaftServerConfigKeys (ConfUtils.java:logFallback(53)) - raft.server.rpc.first-election.timeout.min = 5s (fallback to raft.server.rpc.timeout.min)
2024-03-11 08:37:45,393 [7431f2c9-6bc6-4872-82e6-1e22af8aa733-server-thread2] INFO  server.RaftServer$Division (ServerState.java:setRaftConf(386)) - 7431f2c9-6bc6-4872-82e6-1e22af8aa733@group-994F13F799F8: set configuration 0: peers:[7431f2c9-6bc6-4872-82e6-1e22af8aa733|10.1.0.9:15246, 1d5332b8-2026-4dcd-8050-ba186ddabe02|10.1.0.9:15255, 14692c26-374e-4997-9d8a-ad202747d88d|10.1.0.9:15237]|listeners:[], old=null
2024-03-11 08:37:45,394 [7431f2c9-6bc6-4872-82e6-1e22af8aa733-server-thread2] INFO  segmented.SegmentedRaftLogWorker (SegmentedRaftLogWorker.java:startLogSegment(430)) - 7431f2c9-6bc6-4872-82e6-1e22af8aa733@group-994F13F799F8-SegmentedRaftLogWorker: Starting segment from index:0
2024-03-11 08:37:45,394 [7431f2c9-6bc6-4872-82e6-1e22af8aa733@group-994F13F799F8-SegmentedRaftLogWorker] INFO  segmented.BufferedWriteChannel (BufferedWriteChannel.java:open(62)) - open log_inprogress_0 at position 0
2024-03-11 08:37:45,394 [7431f2c9-6bc6-4872-82e6-1e22af8aa733@group-A3EC578C1444-LeaderElection55] INFO  server.RaftServerConfigKeys (ConfUtils.java:logFallback(53)) - raft.server.rpc.first-election.timeout.max = 5200ms (fallback to raft.server.rpc.timeout.max)
2024-03-11 08:37:45,393 [7431f2c9-6bc6-4872-82e6-1e22af8aa733@group-A3EC578C1444-LeaderElection55-2] INFO  server.GrpcServerProtocolClient (GrpcServerProtocolClient.java:<init>(65)) - Build channel for 14692c26-374e-4997-9d8a-ad202747d88d|10.1.0.9:15237
2024-03-11 08:37:45,397 [grpc-default-executor-0] INFO  server.RaftServer$Division (RaftServerImpl.java:requestVote(1389)) - 14692c26-374e-4997-9d8a-ad202747d88d@group-A3EC578C1444: receive requestVote(PRE_VOTE, 7431f2c9-6bc6-4872-82e6-1e22af8aa733, group-A3EC578C1444, 0, (t:0, i:0))
2024-03-11 08:37:45,398 [grpc-default-executor-0] INFO  impl.VoteContext (VoteContext.java:log(49)) - 14692c26-374e-4997-9d8a-ad202747d88d@group-A3EC578C1444-FOLLOWER: accept PRE_VOTE from 7431f2c9-6bc6-4872-82e6-1e22af8aa733: our priority 0 <= candidate's priority 1
2024-03-11 08:37:45,398 [grpc-default-executor-0] INFO  server.RaftServer$Division (RaftServerImpl.java:requestVote(1422)) - 14692c26-374e-4997-9d8a-ad202747d88d@group-A3EC578C1444 replies to PRE_VOTE vote request: 7431f2c9-6bc6-4872-82e6-1e22af8aa733<-14692c26-374e-4997-9d8a-ad202747d88d#0:OK-t0. Peer's state: 14692c26-374e-4997-9d8a-ad202747d88d@group-A3EC578C1444:t0, leader=null, voted=, raftlog=Memoized:14692c26-374e-4997-9d8a-ad202747d88d@group-A3EC578C1444-SegmentedRaftLog:OPENED:c-1, conf=-1: peers:[7431f2c9-6bc6-4872-82e6-1e22af8aa733|10.1.0.9:15246, 1d5332b8-2026-4dcd-8050-ba186ddabe02|10.1.0.9:15255, 14692c26-374e-4997-9d8a-ad202747d88d|10.1.0.9:15237]|listeners:[], old=null
2024-03-11 08:37:45,398 [14692c26-374e-4997-9d8a-ad202747d88d-server-thread1] INFO  ratis.XceiverServerRatis (XceiverServerRatis.java:handleLeaderChangedNotification(966)) - Leader change notification received for group: group-994F13F799F8 with new leaderId: 1d5332b8-2026-4dcd-8050-ba186ddabe02
2024-03-11 08:37:45,398 [7431f2c9-6bc6-4872-82e6-1e22af8aa733@group-A3EC578C1444-LeaderElection55-1] INFO  server.GrpcServerProtocolClient (GrpcServerProtocolClient.java:<init>(65)) - Build channel for 1d5332b8-2026-4dcd-8050-ba186ddabe02|10.1.0.9:15255
2024-03-11 08:37:45,398 [14692c26-374e-4997-9d8a-ad202747d88d-server-thread1] INFO  server.RaftServer$Division (ServerState.java:setLeader(269)) - 14692c26-374e-4997-9d8a-ad202747d88d@group-994F13F799F8: change Leader from null to 1d5332b8-2026-4dcd-8050-ba186ddabe02 at term 1 for appendEntries, leader elected after 5236ms
2024-03-11 08:37:45,402 [7431f2c9-6bc6-4872-82e6-1e22af8aa733@group-994F13F799F8-SegmentedRaftLogWorker] INFO  segmented.SegmentedRaftLogWorker (SegmentedRaftLogWorker.java:execute(634)) - 7431f2c9-6bc6-4872-82e6-1e22af8aa733@group-994F13F799F8-SegmentedRaftLogWorker: created new log segment /home/runner/work/ozone/ozone/hadoop-ozone/integration-test/target/test-dir/MiniOzoneClusterImpl-90f76332-72a0-45e1-84c2-b164c055732a/ozone-meta/datanode-2/ratis/cc1e9a4f-f61c-4fbd-a5f0-994f13f799f8/current/log_inprogress_0
2024-03-11 08:37:45,402 [14692c26-374e-4997-9d8a-ad202747d88d-server-thread2] INFO  server.RaftServer$Division (ServerState.java:setRaftConf(386)) - 14692c26-374e-4997-9d8a-ad202747d88d@group-994F13F799F8: set configuration 0: peers:[7431f2c9-6bc6-4872-82e6-1e22af8aa733|10.1.0.9:15246, 1d5332b8-2026-4dcd-8050-ba186ddabe02|10.1.0.9:15255, 14692c26-374e-4997-9d8a-ad202747d88d|10.1.0.9:15237]|listeners:[], old=null
2024-03-11 08:37:45,402 [14692c26-374e-4997-9d8a-ad202747d88d-server-thread2] INFO  segmented.SegmentedRaftLogWorker (SegmentedRaftLogWorker.java:startLogSegment(430)) - 14692c26-374e-4997-9d8a-ad202747d88d@group-994F13F799F8-SegmentedRaftLogWorker: Starting segment from index:0
2024-03-11 08:37:45,404 [14692c26-374e-4997-9d8a-ad202747d88d@group-994F13F799F8-SegmentedRaftLogWorker] INFO  segmented.BufferedWriteChannel (BufferedWriteChannel.java:open(62)) - open log_inprogress_0 at position 0
2024-03-11 08:37:45,410 [7431f2c9-6bc6-4872-82e6-1e22af8aa733@group-A3EC578C1444-LeaderElection55] INFO  impl.LeaderElection (LeaderElection.java:logAndReturn(89)) - 7431f2c9-6bc6-4872-82e6-1e22af8aa733@group-A3EC578C1444-LeaderElection55: PRE_VOTE PASSED received 1 response(s) and 0 exception(s):
2024-03-11 08:37:45,411 [7431f2c9-6bc6-4872-82e6-1e22af8aa733@group-A3EC578C1444-LeaderElection55] INFO  impl.LeaderElection (LeaderElection.java:logAndReturn(93)) -   Response 0: 7431f2c9-6bc6-4872-82e6-1e22af8aa733<-14692c26-374e-4997-9d8a-ad202747d88d#0:OK-t0
2024-03-11 08:37:45,411 [7431f2c9-6bc6-4872-82e6-1e22af8aa733@group-A3EC578C1444-LeaderElection55] INFO  impl.LeaderElection (LeaderElection.java:askForVotes(323)) - 7431f2c9-6bc6-4872-82e6-1e22af8aa733@group-A3EC578C1444-LeaderElection55 PRE_VOTE round 0: result PASSED
2024-03-11 08:37:45,414 [grpc-default-executor-3] INFO  server.RaftServer$Division (RaftServerImpl.java:requestVote(1389)) - 1d5332b8-2026-4dcd-8050-ba186ddabe02@group-A3EC578C1444: receive requestVote(PRE_VOTE, 7431f2c9-6bc6-4872-82e6-1e22af8aa733, group-A3EC578C1444, 0, (t:0, i:0))
2024-03-11 08:37:45,414 [grpc-default-executor-3] INFO  impl.VoteContext (VoteContext.java:log(49)) - 1d5332b8-2026-4dcd-8050-ba186ddabe02@group-A3EC578C1444-FOLLOWER: accept PRE_VOTE from 7431f2c9-6bc6-4872-82e6-1e22af8aa733: our priority 0 <= candidate's priority 1
2024-03-11 08:37:45,414 [grpc-default-executor-3] INFO  server.RaftServer$Division (RaftServerImpl.java:requestVote(1422)) - 1d5332b8-2026-4dcd-8050-ba186ddabe02@group-A3EC578C1444 replies to PRE_VOTE vote request: 7431f2c9-6bc6-4872-82e6-1e22af8aa733<-1d5332b8-2026-4dcd-8050-ba186ddabe02#0:OK-t0. Peer's state: 1d5332b8-2026-4dcd-8050-ba186ddabe02@group-A3EC578C1444:t0, leader=null, voted=, raftlog=Memoized:1d5332b8-2026-4dcd-8050-ba186ddabe02@group-A3EC578C1444-SegmentedRaftLog:OPENED:c-1, conf=-1: peers:[7431f2c9-6bc6-4872-82e6-1e22af8aa733|10.1.0.9:15246, 1d5332b8-2026-4dcd-8050-ba186ddabe02|10.1.0.9:15255, 14692c26-374e-4997-9d8a-ad202747d88d|10.1.0.9:15237]|listeners:[], old=null
2024-03-11 08:37:45,415 [1d5332b8-2026-4dcd-8050-ba186ddabe02@group-994F13F799F8-StateMachineUpdater] INFO  server.RaftServer$Division (LeaderStateImpl.java:isApplied(320)) - leader is ready since appliedIndex == 0 >= startIndex == 0
2024-03-11 08:37:45,415 [14692c26-374e-4997-9d8a-ad202747d88d@group-994F13F799F8-SegmentedRaftLogWorker] INFO  segmented.SegmentedRaftLogWorker (SegmentedRaftLogWorker.java:execute(634)) - 14692c26-374e-4997-9d8a-ad202747d88d@group-994F13F799F8-SegmentedRaftLogWorker: created new log segment /home/runner/work/ozone/ozone/hadoop-ozone/integration-test/target/test-dir/MiniOzoneClusterImpl-90f76332-72a0-45e1-84c2-b164c055732a/ozone-meta/datanode-1/ratis/cc1e9a4f-f61c-4fbd-a5f0-994f13f799f8/current/log_inprogress_0
2024-03-11 08:37:45,421 [7431f2c9-6bc6-4872-82e6-1e22af8aa733@group-A3EC578C1444-LeaderElection55] INFO  impl.LeaderElection (LeaderElection.java:askForVotes(321)) - 7431f2c9-6bc6-4872-82e6-1e22af8aa733@group-A3EC578C1444-LeaderElection55 ELECTION round 0: submit vote requests at term 1 for -1: peers:[7431f2c9-6bc6-4872-82e6-1e22af8aa733|10.1.0.9:15246, 1d5332b8-2026-4dcd-8050-ba186ddabe02|10.1.0.9:15255, 14692c26-374e-4997-9d8a-ad202747d88d|10.1.0.9:15237]|listeners:[], old=null
2024-03-11 08:37:45,421 [7431f2c9-6bc6-4872-82e6-1e22af8aa733@group-A3EC578C1444-LeaderElection55] INFO  server.RaftServerConfigKeys (ConfUtils.java:logFallback(53)) - raft.server.rpc.first-election.timeout.min = 5s (fallback to raft.server.rpc.timeout.min)
2024-03-11 08:37:45,421 [7431f2c9-6bc6-4872-82e6-1e22af8aa733@group-A3EC578C1444-LeaderElection55] INFO  server.RaftServerConfigKeys (ConfUtils.java:logFallback(53)) - raft.server.rpc.first-election.timeout.max = 5200ms (fallback to raft.server.rpc.timeout.max)
2024-03-11 08:37:45,422 [grpc-default-executor-2] INFO  server.RaftServer$Division (RaftServerImpl.java:requestVote(1389)) - 1d5332b8-2026-4dcd-8050-ba186ddabe02@group-A3EC578C1444: receive requestVote(ELECTION, 7431f2c9-6bc6-4872-82e6-1e22af8aa733, group-A3EC578C1444, 1, (t:0, i:0))
2024-03-11 08:37:45,422 [grpc-default-executor-3] INFO  server.RaftServer$Division (RaftServerImpl.java:requestVote(1389)) - 14692c26-374e-4997-9d8a-ad202747d88d@group-A3EC578C1444: receive requestVote(ELECTION, 7431f2c9-6bc6-4872-82e6-1e22af8aa733, group-A3EC578C1444, 1, (t:0, i:0))
2024-03-11 08:37:45,422 [grpc-default-executor-2] INFO  impl.VoteContext (VoteContext.java:log(49)) - 1d5332b8-2026-4dcd-8050-ba186ddabe02@group-A3EC578C1444-FOLLOWER: accept ELECTION from 7431f2c9-6bc6-4872-82e6-1e22af8aa733: our priority 0 <= candidate's priority 1
2024-03-11 08:37:45,422 [grpc-default-executor-3] INFO  impl.VoteContext (VoteContext.java:log(49)) - 14692c26-374e-4997-9d8a-ad202747d88d@group-A3EC578C1444-FOLLOWER: accept ELECTION from 7431f2c9-6bc6-4872-82e6-1e22af8aa733: our priority 0 <= candidate's priority 1
2024-03-11 08:37:45,422 [grpc-default-executor-2] INFO  server.RaftServer$Division (RaftServerImpl.java:setRole(383)) - 1d5332b8-2026-4dcd-8050-ba186ddabe02@group-A3EC578C1444: changes role from  FOLLOWER to FOLLOWER at term 1 for candidate:7431f2c9-6bc6-4872-82e6-1e22af8aa733
2024-03-11 08:37:45,422 [grpc-default-executor-2] INFO  impl.RoleInfo (RoleInfo.java:shutdownFollowerState(110)) - 1d5332b8-2026-4dcd-8050-ba186ddabe02: shutdown 1d5332b8-2026-4dcd-8050-ba186ddabe02@group-A3EC578C1444-FollowerState
2024-03-11 08:37:45,422 [grpc-default-executor-3] INFO  server.RaftServer$Division (RaftServerImpl.java:setRole(383)) - 14692c26-374e-4997-9d8a-ad202747d88d@group-A3EC578C1444: changes role from  FOLLOWER to FOLLOWER at term 1 for candidate:7431f2c9-6bc6-4872-82e6-1e22af8aa733
2024-03-11 08:37:45,422 [grpc-default-executor-2] INFO  impl.RoleInfo (RoleInfo.java:updateAndGet(139)) - 1d5332b8-2026-4dcd-8050-ba186ddabe02: start 1d5332b8-2026-4dcd-8050-ba186ddabe02@group-A3EC578C1444-FollowerState
2024-03-11 08:37:45,422 [grpc-default-executor-3] INFO  impl.RoleInfo (RoleInfo.java:shutdownFollowerState(110)) - 14692c26-374e-4997-9d8a-ad202747d88d: shutdown 14692c26-374e-4997-9d8a-ad202747d88d@group-A3EC578C1444-FollowerState
2024-03-11 08:37:45,422 [1d5332b8-2026-4dcd-8050-ba186ddabe02@group-A3EC578C1444-FollowerState] INFO  impl.FollowerState (FollowerState.java:run(152)) - 1d5332b8-2026-4dcd-8050-ba186ddabe02@group-A3EC578C1444-FollowerState was interrupted
2024-03-11 08:37:45,427 [grpc-default-executor-3] INFO  impl.RoleInfo (RoleInfo.java:updateAndGet(139)) - 14692c26-374e-4997-9d8a-ad202747d88d: start 14692c26-374e-4997-9d8a-ad202747d88d@group-A3EC578C1444-FollowerState
2024-03-11 08:37:45,427 [14692c26-374e-4997-9d8a-ad202747d88d@group-A3EC578C1444-FollowerState] INFO  impl.FollowerState (FollowerState.java:run(152)) - 14692c26-374e-4997-9d8a-ad202747d88d@group-A3EC578C1444-FollowerState was interrupted
2024-03-11 08:37:45,428 [grpc-default-executor-3] INFO  server.RaftServer$Division (RaftServerImpl.java:requestVote(1422)) - 14692c26-374e-4997-9d8a-ad202747d88d@group-A3EC578C1444 replies to ELECTION vote request: 7431f2c9-6bc6-4872-82e6-1e22af8aa733<-14692c26-374e-4997-9d8a-ad202747d88d#0:OK-t1. Peer's state: 14692c26-374e-4997-9d8a-ad202747d88d@group-A3EC578C1444:t1, leader=null, voted=7431f2c9-6bc6-4872-82e6-1e22af8aa733, raftlog=Memoized:14692c26-374e-4997-9d8a-ad202747d88d@group-A3EC578C1444-SegmentedRaftLog:OPENED:c-1, conf=-1: peers:[7431f2c9-6bc6-4872-82e6-1e22af8aa733|10.1.0.9:15246, 1d5332b8-2026-4dcd-8050-ba186ddabe02|10.1.0.9:15255, 14692c26-374e-4997-9d8a-ad202747d88d|10.1.0.9:15237]|listeners:[], old=null
2024-03-11 08:37:45,429 [grpc-default-executor-2] INFO  server.RaftServer$Division (RaftServerImpl.java:requestVote(1422)) - 1d5332b8-2026-4dcd-8050-ba186ddabe02@group-A3EC578C1444 replies to ELECTION vote request: 7431f2c9-6bc6-4872-82e6-1e22af8aa733<-1d5332b8-2026-4dcd-8050-ba186ddabe02#0:OK-t1. Peer's state: 1d5332b8-2026-4dcd-8050-ba186ddabe02@group-A3EC578C1444:t1, leader=null, voted=7431f2c9-6bc6-4872-82e6-1e22af8aa733, raftlog=Memoized:1d5332b8-2026-4dcd-8050-ba186ddabe02@group-A3EC578C1444-SegmentedRaftLog:OPENED:c-1, conf=-1: peers:[7431f2c9-6bc6-4872-82e6-1e22af8aa733|10.1.0.9:15246, 1d5332b8-2026-4dcd-8050-ba186ddabe02|10.1.0.9:15255, 14692c26-374e-4997-9d8a-ad202747d88d|10.1.0.9:15237]|listeners:[], old=null
2024-03-11 08:37:45,433 [7431f2c9-6bc6-4872-82e6-1e22af8aa733@group-A3EC578C1444-LeaderElection55] INFO  impl.LeaderElection (LeaderElection.java:logAndReturn(89)) - 7431f2c9-6bc6-4872-82e6-1e22af8aa733@group-A3EC578C1444-LeaderElection55: ELECTION PASSED received 1 response(s) and 0 exception(s):
2024-03-11 08:37:45,433 [7431f2c9-6bc6-4872-82e6-1e22af8aa733@group-A3EC578C1444-LeaderElection55] INFO  impl.LeaderElection (LeaderElection.java:logAndReturn(93)) -   Response 0: 7431f2c9-6bc6-4872-82e6-1e22af8aa733<-14692c26-374e-4997-9d8a-ad202747d88d#0:OK-t1
2024-03-11 08:37:45,433 [7431f2c9-6bc6-4872-82e6-1e22af8aa733@group-A3EC578C1444-LeaderElection55] INFO  impl.LeaderElection (LeaderElection.java:askForVotes(323)) - 7431f2c9-6bc6-4872-82e6-1e22af8aa733@group-A3EC578C1444-LeaderElection55 ELECTION round 0: result PASSED
2024-03-11 08:37:45,433 [7431f2c9-6bc6-4872-82e6-1e22af8aa733@group-A3EC578C1444-LeaderElection55] INFO  impl.RoleInfo (RoleInfo.java:shutdownLeaderElection(130)) - 7431f2c9-6bc6-4872-82e6-1e22af8aa733: shutdown 7431f2c9-6bc6-4872-82e6-1e22af8aa733@group-A3EC578C1444-LeaderElection55
2024-03-11 08:37:45,433 [7431f2c9-6bc6-4872-82e6-1e22af8aa733@group-A3EC578C1444-LeaderElection55] INFO  server.RaftServer$Division (RaftServerImpl.java:setRole(383)) - 7431f2c9-6bc6-4872-82e6-1e22af8aa733@group-A3EC578C1444: changes role from CANDIDATE to LEADER at term 1 for changeToLeader
2024-03-11 08:37:45,433 [7431f2c9-6bc6-4872-82e6-1e22af8aa733@group-A3EC578C1444-LeaderElection55] INFO  server.RaftServerConfigKeys (ConfUtils.java:logGet(46)) - raft.server.staging.catchup.gap = 1000 (default)
2024-03-11 08:37:45,433 [7431f2c9-6bc6-4872-82e6-1e22af8aa733@group-A3EC578C1444-LeaderElection55] INFO  server.RaftServerConfigKeys (ConfUtils.java:logGet(46)) - raft.server.write.element-limit = 1024 (custom)
2024-03-11 08:37:45,433 [7431f2c9-6bc6-4872-82e6-1e22af8aa733@group-A3EC578C1444-LeaderElection55] INFO  server.RaftServerConfigKeys (ConfUtils.java:logGet(46)) - raft.server.write.byte-limit = 1024 M (=1073741824) (custom)
2024-03-11 08:37:45,434 [7431f2c9-6bc6-4872-82e6-1e22af8aa733@group-A3EC578C1444-LeaderElection55] INFO  server.RaftServerConfigKeys (ConfUtils.java:logGet(46)) - raft.server.watch.timeout = 180s (custom)
2024-03-11 08:37:45,434 [7431f2c9-6bc6-4872-82e6-1e22af8aa733@group-A3EC578C1444-LeaderElection55] INFO  server.RaftServerConfigKeys (ConfUtils.java:logGet(46)) - raft.server.watch.timeout.denomination = 1s (default)
2024-03-11 08:37:45,434 [7431f2c9-6bc6-4872-82e6-1e22af8aa733@group-A3EC578C1444-LeaderElection55] INFO  server.RaftServerConfigKeys (ConfUtils.java:logGet(46)) - raft.server.watch.element-limit = 65536 (default)
2024-03-11 08:37:45,434 [7431f2c9-6bc6-4872-82e6-1e22af8aa733@group-A3EC578C1444-LeaderElection55] INFO  server.RaftServerConfigKeys (ConfUtils.java:logGet(46)) - raft.server.read.leader.lease.enabled = false (default)
2024-03-11 08:37:45,434 [7431f2c9-6bc6-4872-82e6-1e22af8aa733@group-A3EC578C1444-LeaderElection55] INFO  server.RaftServerConfigKeys (ConfUtils.java:logGet(46)) - raft.server.read.leader.lease.timeout.ratio = 0.9 (default)
2024-03-11 08:37:45,434 [7431f2c9-6bc6-4872-82e6-1e22af8aa733@group-A3EC578C1444-LeaderElection55] INFO  server.RaftServerConfigKeys (ConfUtils.java:logGet(46)) - raft.server.rpc.timeout.min = 5s (custom)
2024-03-11 08:37:45,434 [7431f2c9-6bc6-4872-82e6-1e22af8aa733@group-A3EC578C1444-LeaderElection55] INFO  server.RaftServerConfigKeys (ConfUtils.java:logGet(46)) - raft.server.write.element-limit = 1024 (custom)
2024-03-11 08:37:45,434 [7431f2c9-6bc6-4872-82e6-1e22af8aa733@group-A3EC578C1444-LeaderElection55] INFO  server.RaftServerConfigKeys (ConfUtils.java:logGet(46)) - raft.server.write.follower.gap.ratio.max = -1.0 (default)
2024-03-11 08:37:45,434 [7431f2c9-6bc6-4872-82e6-1e22af8aa733@group-A3EC578C1444-LeaderElection55] INFO  server.RaftServerConfigKeys (ConfUtils.java:logGet(46)) - raft.server.log.appender.snapshot.chunk.size.max = 16MB (=16777216) (default)
2024-03-11 08:37:45,434 [7431f2c9-6bc6-4872-82e6-1e22af8aa733@group-A3EC578C1444-LeaderElection55] INFO  server.RaftServerConfigKeys (ConfUtils.java:logGet(46)) - raft.server.log.appender.buffer.byte-limit = 8388608 (custom)
2024-03-11 08:37:45,435 [7431f2c9-6bc6-4872-82e6-1e22af8aa733@group-A3EC578C1444-LeaderElection55] INFO  server.RaftServerConfigKeys (ConfUtils.java:logGet(46)) - raft.server.log.appender.buffer.element-limit = 1 (custom)
2024-03-11 08:37:45,435 [7431f2c9-6bc6-4872-82e6-1e22af8aa733@group-A3EC578C1444-LeaderElection55] INFO  server.RaftServerConfigKeys (ConfUtils.java:logGet(46)) - raft.server.log.appender.wait-time.min = 0μs (custom)
2024-03-11 08:37:45,435 [7431f2c9-6bc6-4872-82e6-1e22af8aa733@group-A3EC578C1444-LeaderElection55] INFO  grpc.GrpcConfigKeys (ConfUtils.java:logGet(46)) - raft.grpc.server.leader.outstanding.appends.max = 8 (default)
2024-03-11 08:37:45,435 [7431f2c9-6bc6-4872-82e6-1e22af8aa733@group-A3EC578C1444-LeaderElection55] INFO  server.RaftServerConfigKeys (ConfUtils.java:logGet(46)) - raft.server.rpc.request.timeout = 60s (custom)
2024-03-11 08:37:45,435 [7431f2c9-6bc6-4872-82e6-1e22af8aa733@group-A3EC578C1444-LeaderElection55] INFO  grpc.GrpcConfigKeys (ConfUtils.java:logGet(46)) - raft.grpc.server.install_snapshot.request.element-limit = 8 (default)
2024-03-11 08:37:45,435 [7431f2c9-6bc6-4872-82e6-1e22af8aa733@group-A3EC578C1444-LeaderElection55] INFO  grpc.GrpcConfigKeys (ConfUtils.java:logGet(46)) - raft.grpc.server.install_snapshot.request.timeout = 3000ms (default)
2024-03-11 08:37:45,435 [7431f2c9-6bc6-4872-82e6-1e22af8aa733@group-A3EC578C1444-LeaderElection55] INFO  grpc.GrpcConfigKeys (ConfUtils.java:logGet(46)) - raft.grpc.server.log-message.batch.duration = 5s (default)
2024-03-11 08:37:45,435 [7431f2c9-6bc6-4872-82e6-1e22af8aa733@group-A3EC578C1444-LeaderElection55] INFO  server.RaftServerConfigKeys (ConfUtils.java:logGet(46)) - raft.server.log.appender.install.snapshot.enabled = false (custom)
2024-03-11 08:37:45,435 [7431f2c9-6bc6-4872-82e6-1e22af8aa733@group-A3EC578C1444-LeaderElection55] INFO  grpc.GrpcConfigKeys (ConfUtils.java:logGet(46)) - raft.grpc.server.heartbeat.channel = true (default)
2024-03-11 08:37:45,436 [7431f2c9-6bc6-4872-82e6-1e22af8aa733@group-A3EC578C1444-LeaderElection55] INFO  server.RaftServerConfigKeys (ConfUtils.java:logGet(46)) - raft.server.log.appender.snapshot.chunk.size.max = 16MB (=16777216) (default)
2024-03-11 08:37:45,436 [7431f2c9-6bc6-4872-82e6-1e22af8aa733@group-A3EC578C1444-LeaderElection55] INFO  server.RaftServerConfigKeys (ConfUtils.java:logGet(46)) - raft.server.log.appender.buffer.byte-limit = 8388608 (custom)
2024-03-11 08:37:45,436 [7431f2c9-6bc6-4872-82e6-1e22af8aa733@group-A3EC578C1444-LeaderElection55] INFO  server.RaftServerConfigKeys (ConfUtils.java:logGet(46)) - raft.server.log.appender.buffer.element-limit = 1 (custom)
2024-03-11 08:37:45,436 [7431f2c9-6bc6-4872-82e6-1e22af8aa733@group-A3EC578C1444-LeaderElection55] INFO  server.RaftServerConfigKeys (ConfUtils.java:logGet(46)) - raft.server.log.appender.wait-time.min = 0μs (custom)
2024-03-11 08:37:45,436 [7431f2c9-6bc6-4872-82e6-1e22af8aa733@group-A3EC578C1444-LeaderElection55] INFO  grpc.GrpcConfigKeys (ConfUtils.java:logGet(46)) - raft.grpc.server.leader.outstanding.appends.max = 8 (default)
2024-03-11 08:37:45,436 [7431f2c9-6bc6-4872-82e6-1e22af8aa733@group-A3EC578C1444-LeaderElection55] INFO  server.RaftServerConfigKeys (ConfUtils.java:logGet(46)) - raft.server.rpc.request.timeout = 60s (custom)
2024-03-11 08:37:45,436 [7431f2c9-6bc6-4872-82e6-1e22af8aa733@group-A3EC578C1444-LeaderElection55] INFO  grpc.GrpcConfigKeys (ConfUtils.java:logGet(46)) - raft.grpc.server.install_snapshot.request.element-limit = 8 (default)
2024-03-11 08:37:45,437 [7431f2c9-6bc6-4872-82e6-1e22af8aa733@group-A3EC578C1444-LeaderElection55] INFO  grpc.GrpcConfigKeys (ConfUtils.java:logGet(46)) - raft.grpc.server.install_snapshot.request.timeout = 3000ms (default)
2024-03-11 08:37:45,437 [7431f2c9-6bc6-4872-82e6-1e22af8aa733@group-A3EC578C1444-LeaderElection55] INFO  grpc.GrpcConfigKeys (ConfUtils.java:logGet(46)) - raft.grpc.server.log-message.batch.duration = 5s (default)
2024-03-11 08:37:45,437 [7431f2c9-6bc6-4872-82e6-1e22af8aa733@group-A3EC578C1444-LeaderElection55] INFO  server.RaftServerConfigKeys (ConfUtils.java:logGet(46)) - raft.server.log.appender.install.snapshot.enabled = false (custom)
2024-03-11 08:37:45,437 [7431f2c9-6bc6-4872-82e6-1e22af8aa733@group-A3EC578C1444-LeaderElection55] INFO  grpc.GrpcConfigKeys (ConfUtils.java:logGet(46)) - raft.grpc.server.heartbeat.channel = true (default)
2024-03-11 08:37:45,437 [7431f2c9-6bc6-4872-82e6-1e22af8aa733@group-A3EC578C1444-LeaderElection55] INFO  impl.RoleInfo (RoleInfo.java:updateAndGet(139)) - 7431f2c9-6bc6-4872-82e6-1e22af8aa733: start 7431f2c9-6bc6-4872-82e6-1e22af8aa733@group-A3EC578C1444-LeaderStateImpl
2024-03-11 08:37:45,437 [7431f2c9-6bc6-4872-82e6-1e22af8aa733@group-A3EC578C1444-LeaderElection55] INFO  server.RaftServer$Division (RaftServerImpl.java:setFirstElection(574)) - 7431f2c9-6bc6-4872-82e6-1e22af8aa733@group-A3EC578C1444: set firstElectionSinceStartup to false for becomeLeader
2024-03-11 08:37:45,437 [7431f2c9-6bc6-4872-82e6-1e22af8aa733@group-A3EC578C1444-LeaderElection55] INFO  ratis.XceiverServerRatis (XceiverServerRatis.java:handleLeaderChangedNotification(966)) - Leader change notification received for group: group-A3EC578C1444 with new leaderId: 7431f2c9-6bc6-4872-82e6-1e22af8aa733
2024-03-11 08:37:45,437 [7431f2c9-6bc6-4872-82e6-1e22af8aa733@group-A3EC578C1444-LeaderElection55] INFO  server.RaftServer$Division (ServerState.java:setLeader(269)) - 7431f2c9-6bc6-4872-82e6-1e22af8aa733@group-A3EC578C1444: change Leader from null to 7431f2c9-6bc6-4872-82e6-1e22af8aa733 at term 1 for becomeLeader, leader elected after 5165ms
2024-03-11 08:37:45,437 [7431f2c9-6bc6-4872-82e6-1e22af8aa733@group-A3EC578C1444-LeaderElection55] INFO  segmented.SegmentedRaftLogWorker (SegmentedRaftLogWorker.java:startLogSegment(430)) - 7431f2c9-6bc6-4872-82e6-1e22af8aa733@group-A3EC578C1444-SegmentedRaftLogWorker: Starting segment from index:0
2024-03-11 08:37:45,439 [7431f2c9-6bc6-4872-82e6-1e22af8aa733@group-A3EC578C1444-SegmentedRaftLogWorker] INFO  segmented.BufferedWriteChannel (BufferedWriteChannel.java:open(62)) - open log_inprogress_0 at position 0
2024-03-11 08:37:45,439 [EventQueue-PipelineReportForPipelineReportHandler] INFO  pipeline.PipelineReportHandler (PipelineReportHandler.java:processPipelineReport(136)) - Opened pipeline PipelineID=cb4de3dd-2c03-4c8d-8b9e-a3ec578c1444
2024-03-11 08:37:45,441 [7431f2c9-6bc6-4872-82e6-1e22af8aa733@group-A3EC578C1444-LeaderElection55] INFO  server.RaftServer$Division (ServerState.java:setRaftConf(386)) - 7431f2c9-6bc6-4872-82e6-1e22af8aa733@group-A3EC578C1444: set configuration 0: peers:[7431f2c9-6bc6-4872-82e6-1e22af8aa733|10.1.0.9:15246, 1d5332b8-2026-4dcd-8050-ba186ddabe02|10.1.0.9:15255, 14692c26-374e-4997-9d8a-ad202747d88d|10.1.0.9:15237]|listeners:[], old=null
2024-03-11 08:37:45,443 [1d5332b8-2026-4dcd-8050-ba186ddabe02-server-thread1] INFO  ratis.XceiverServerRatis (XceiverServerRatis.java:handleLeaderChangedNotification(966)) - Leader change notification received for group: group-A3EC578C1444 with new leaderId: 7431f2c9-6bc6-4872-82e6-1e22af8aa733
2024-03-11 08:37:45,444 [1d5332b8-2026-4dcd-8050-ba186ddabe02-server-thread1] INFO  server.RaftServer$Division (ServerState.java:setLeader(269)) - 1d5332b8-2026-4dcd-8050-ba186ddabe02@group-A3EC578C1444: change Leader from null to 7431f2c9-6bc6-4872-82e6-1e22af8aa733 at term 1 for appendEntries, leader elected after 5203ms
2024-03-11 08:37:45,444 [14692c26-374e-4997-9d8a-ad202747d88d-server-thread1] INFO  ratis.XceiverServerRatis (XceiverServerRatis.java:handleLeaderChangedNotification(966)) - Leader change notification received for group: group-A3EC578C1444 with new leaderId: 7431f2c9-6bc6-4872-82e6-1e22af8aa733
2024-03-11 08:37:45,444 [14692c26-374e-4997-9d8a-ad202747d88d-server-thread1] INFO  server.RaftServer$Division (ServerState.java:setLeader(269)) - 14692c26-374e-4997-9d8a-ad202747d88d@group-A3EC578C1444: change Leader from null to 7431f2c9-6bc6-4872-82e6-1e22af8aa733 at term 1 for appendEntries, leader elected after 5226ms
2024-03-11 08:37:45,446 [7431f2c9-6bc6-4872-82e6-1e22af8aa733@group-A3EC578C1444-SegmentedRaftLogWorker] INFO  segmented.SegmentedRaftLogWorker (SegmentedRaftLogWorker.java:execute(634)) - 7431f2c9-6bc6-4872-82e6-1e22af8aa733@group-A3EC578C1444-SegmentedRaftLogWorker: created new log segment /home/runner/work/ozone/ozone/hadoop-ozone/integration-test/target/test-dir/MiniOzoneClusterImpl-90f76332-72a0-45e1-84c2-b164c055732a/ozone-meta/datanode-2/ratis/cb4de3dd-2c03-4c8d-8b9e-a3ec578c1444/current/log_inprogress_0
2024-03-11 08:37:45,447 [14692c26-374e-4997-9d8a-ad202747d88d-server-thread3] INFO  server.RaftServer$Division (ServerState.java:setRaftConf(386)) - 14692c26-374e-4997-9d8a-ad202747d88d@group-A3EC578C1444: set configuration 0: peers:[7431f2c9-6bc6-4872-82e6-1e22af8aa733|10.1.0.9:15246, 1d5332b8-2026-4dcd-8050-ba186ddabe02|10.1.0.9:15255, 14692c26-374e-4997-9d8a-ad202747d88d|10.1.0.9:15237]|listeners:[], old=null
2024-03-11 08:37:45,447 [1d5332b8-2026-4dcd-8050-ba186ddabe02-server-thread2] INFO  server.RaftServer$Division (ServerState.java:setRaftConf(386)) - 1d5332b8-2026-4dcd-8050-ba186ddabe02@group-A3EC578C1444: set configuration 0: peers:[7431f2c9-6bc6-4872-82e6-1e22af8aa733|10.1.0.9:15246, 1d5332b8-2026-4dcd-8050-ba186ddabe02|10.1.0.9:15255, 14692c26-374e-4997-9d8a-ad202747d88d|10.1.0.9:15237]|listeners:[], old=null
2024-03-11 08:37:45,447 [1d5332b8-2026-4dcd-8050-ba186ddabe02-server-thread2] INFO  segmented.SegmentedRaftLogWorker (SegmentedRaftLogWorker.java:startLogSegment(430)) - 1d5332b8-2026-4dcd-8050-ba186ddabe02@group-A3EC578C1444-SegmentedRaftLogWorker: Starting segment from index:0
2024-03-11 08:37:45,447 [14692c26-374e-4997-9d8a-ad202747d88d-server-thread3] INFO  segmented.SegmentedRaftLogWorker (SegmentedRaftLogWorker.java:startLogSegment(430)) - 14692c26-374e-4997-9d8a-ad202747d88d@group-A3EC578C1444-SegmentedRaftLogWorker: Starting segment from index:0
2024-03-11 08:37:45,447 [1d5332b8-2026-4dcd-8050-ba186ddabe02@group-A3EC578C1444-SegmentedRaftLogWorker] INFO  segmented.BufferedWriteChannel (BufferedWriteChannel.java:open(62)) - open log_inprogress_0 at position 0
2024-03-11 08:37:45,447 [14692c26-374e-4997-9d8a-ad202747d88d@group-A3EC578C1444-SegmentedRaftLogWorker] INFO  segmented.BufferedWriteChannel (BufferedWriteChannel.java:open(62)) - open log_inprogress_0 at position 0
2024-03-11 08:37:45,458 [14692c26-374e-4997-9d8a-ad202747d88d@group-A3EC578C1444-SegmentedRaftLogWorker] INFO  segmented.SegmentedRaftLogWorker (SegmentedRaftLogWorker.java:execute(634)) - 14692c26-374e-4997-9d8a-ad202747d88d@group-A3EC578C1444-SegmentedRaftLogWorker: created new log segment /home/runner/work/ozone/ozone/hadoop-ozone/integration-test/target/test-dir/MiniOzoneClusterImpl-90f76332-72a0-45e1-84c2-b164c055732a/ozone-meta/datanode-1/ratis/cb4de3dd-2c03-4c8d-8b9e-a3ec578c1444/current/log_inprogress_0
2024-03-11 08:37:45,459 [1d5332b8-2026-4dcd-8050-ba186ddabe02@group-A3EC578C1444-SegmentedRaftLogWorker] INFO  segmented.SegmentedRaftLogWorker (SegmentedRaftLogWorker.java:execute(634)) - 1d5332b8-2026-4dcd-8050-ba186ddabe02@group-A3EC578C1444-SegmentedRaftLogWorker: created new log segment /home/runner/work/ozone/ozone/hadoop-ozone/integration-test/target/test-dir/MiniOzoneClusterImpl-90f76332-72a0-45e1-84c2-b164c055732a/ozone-meta/datanode-3/ratis/cb4de3dd-2c03-4c8d-8b9e-a3ec578c1444/current/log_inprogress_0
2024-03-11 08:37:45,460 [7431f2c9-6bc6-4872-82e6-1e22af8aa733@group-A3EC578C1444-StateMachineUpdater] INFO  server.RaftServer$Division (LeaderStateImpl.java:isApplied(320)) - leader is ready since appliedIndex == 0 >= startIndex == 0
2024-03-11 08:37:45,470 [7431f2c9-6bc6-4872-82e6-1e22af8aa733@group-BB996A11E6DF-FollowerState] INFO  impl.FollowerState (FollowerState.java:run(143)) - 7431f2c9-6bc6-4872-82e6-1e22af8aa733@group-BB996A11E6DF-FollowerState: change to CANDIDATE, lastRpcElapsedTime:5201394937ns, electionTimeout:5200ms
2024-03-11 08:37:45,470 [7431f2c9-6bc6-4872-82e6-1e22af8aa733@group-BB996A11E6DF-FollowerState] INFO  impl.RoleInfo (RoleInfo.java:shutdownFollowerState(110)) - 7431f2c9-6bc6-4872-82e6-1e22af8aa733: shutdown 7431f2c9-6bc6-4872-82e6-1e22af8aa733@group-BB996A11E6DF-FollowerState
2024-03-11 08:37:45,470 [7431f2c9-6bc6-4872-82e6-1e22af8aa733@group-BB996A11E6DF-FollowerState] INFO  server.RaftServer$Division (RaftServerImpl.java:setRole(383)) - 7431f2c9-6bc6-4872-82e6-1e22af8aa733@group-BB996A11E6DF: changes role from  FOLLOWER to CANDIDATE at term 0 for changeToCandidate
2024-03-11 08:37:45,470 [7431f2c9-6bc6-4872-82e6-1e22af8aa733@group-BB996A11E6DF-FollowerState] INFO  server.RaftServerConfigKeys (ConfUtils.java:logGet(46)) - raft.server.leaderelection.pre-vote = true (default)
2024-03-11 08:37:45,470 [7431f2c9-6bc6-4872-82e6-1e22af8aa733@group-BB996A11E6DF-FollowerState] INFO  impl.RoleInfo (RoleInfo.java:updateAndGet(139)) - 7431f2c9-6bc6-4872-82e6-1e22af8aa733: start 7431f2c9-6bc6-4872-82e6-1e22af8aa733@group-BB996A11E6DF-LeaderElection56
2024-03-11 08:37:45,471 [7431f2c9-6bc6-4872-82e6-1e22af8aa733@group-BB996A11E6DF-LeaderElection56] INFO  impl.LeaderElection (LeaderElection.java:askForVotes(321)) - 7431f2c9-6bc6-4872-82e6-1e22af8aa733@group-BB996A11E6DF-LeaderElection56 PRE_VOTE round 0: submit vote requests at term 0 for -1: peers:[7431f2c9-6bc6-4872-82e6-1e22af8aa733|10.1.0.9:15246]|listeners:[], old=null
2024-03-11 08:37:45,471 [7431f2c9-6bc6-4872-82e6-1e22af8aa733@group-BB996A11E6DF-LeaderElection56] INFO  impl.LeaderElection (LeaderElection.java:askForVotes(323)) - 7431f2c9-6bc6-4872-82e6-1e22af8aa733@group-BB996A11E6DF-LeaderElection56 PRE_VOTE round 0: result PASSED (term=0)
2024-03-11 08:37:45,472 [7431f2c9-6bc6-4872-82e6-1e22af8aa733@group-BB996A11E6DF-LeaderElection56] INFO  impl.LeaderElection (LeaderElection.java:askForVotes(321)) - 7431f2c9-6bc6-4872-82e6-1e22af8aa733@group-BB996A11E6DF-LeaderElection56 ELECTION round 0: submit vote requests at term 1 for -1: peers:[7431f2c9-6bc6-4872-82e6-1e22af8aa733|10.1.0.9:15246]|listeners:[], old=null
2024-03-11 08:37:45,472 [7431f2c9-6bc6-4872-82e6-1e22af8aa733@group-BB996A11E6DF-LeaderElection56] INFO  impl.LeaderElection (LeaderElection.java:askForVotes(323)) - 7431f2c9-6bc6-4872-82e6-1e22af8aa733@group-BB996A11E6DF-LeaderElection56 ELECTION round 0: result PASSED (term=1)
2024-03-11 08:37:45,472 [7431f2c9-6bc6-4872-82e6-1e22af8aa733@group-BB996A11E6DF-LeaderElection56] INFO  impl.RoleInfo (RoleInfo.java:shutdownLeaderElection(130)) - 7431f2c9-6bc6-4872-82e6-1e22af8aa733: shutdown 7431f2c9-6bc6-4872-82e6-1e22af8aa733@group-BB996A11E6DF-LeaderElection56
2024-03-11 08:37:45,472 [7431f2c9-6bc6-4872-82e6-1e22af8aa733@group-BB996A11E6DF-LeaderElection56] INFO  server.RaftServer$Division (RaftServerImpl.java:setRole(383)) - 7431f2c9-6bc6-4872-82e6-1e22af8aa733@group-BB996A11E6DF: changes role from CANDIDATE to LEADER at term 1 for changeToLeader
2024-03-11 08:37:45,472 [7431f2c9-6bc6-4872-82e6-1e22af8aa733@group-BB996A11E6DF-LeaderElection56] INFO  server.RaftServerConfigKeys (ConfUtils.java:logGet(46)) - raft.server.staging.catchup.gap = 1000 (default)
2024-03-11 08:37:45,472 [7431f2c9-6bc6-4872-82e6-1e22af8aa733@group-BB996A11E6DF-LeaderElection56] INFO  server.RaftServerConfigKeys (ConfUtils.java:logGet(46)) - raft.server.write.element-limit = 1024 (custom)
2024-03-11 08:37:45,472 [7431f2c9-6bc6-4872-82e6-1e22af8aa733@group-BB996A11E6DF-LeaderElection56] INFO  server.RaftServerConfigKeys (ConfUtils.java:logGet(46)) - raft.server.write.byte-limit = 1024 M (=1073741824) (custom)
2024-03-11 08:37:45,472 [7431f2c9-6bc6-4872-82e6-1e22af8aa733@group-BB996A11E6DF-LeaderElection56] INFO  server.RaftServerConfigKeys (ConfUtils.java:logGet(46)) - raft.server.watch.timeout = 180s (custom)
2024-03-11 08:37:45,472 [7431f2c9-6bc6-4872-82e6-1e22af8aa733@group-BB996A11E6DF-LeaderElection56] INFO  server.RaftServerConfigKeys (ConfUtils.java:logGet(46)) - raft.server.watch.timeout.denomination = 1s (default)
2024-03-11 08:37:45,472 [7431f2c9-6bc6-4872-82e6-1e22af8aa733@group-BB996A11E6DF-LeaderElection56] INFO  server.RaftServerConfigKeys (ConfUtils.java:logGet(46)) - raft.server.watch.element-limit = 65536 (default)
2024-03-11 08:37:45,472 [7431f2c9-6bc6-4872-82e6-1e22af8aa733@group-BB996A11E6DF-LeaderElection56] INFO  server.RaftServerConfigKeys (ConfUtils.java:logGet(46)) - raft.server.read.leader.lease.enabled = false (default)
2024-03-11 08:37:45,472 [7431f2c9-6bc6-4872-82e6-1e22af8aa733@group-BB996A11E6DF-LeaderElection56] INFO  server.RaftServerConfigKeys (ConfUtils.java:logGet(46)) - raft.server.read.leader.lease.timeout.ratio = 0.9 (default)
2024-03-11 08:37:45,473 [7431f2c9-6bc6-4872-82e6-1e22af8aa733@group-BB996A11E6DF-LeaderElection56] INFO  server.RaftServerConfigKeys (ConfUtils.java:logGet(46)) - raft.server.rpc.timeout.min = 5s (custom)
2024-03-11 08:37:45,473 [7431f2c9-6bc6-4872-82e6-1e22af8aa733@group-BB996A11E6DF-LeaderElection56] INFO  server.RaftServerConfigKeys (ConfUtils.java:logGet(46)) - raft.server.write.element-limit = 1024 (custom)
2024-03-11 08:37:45,473 [7431f2c9-6bc6-4872-82e6-1e22af8aa733@group-BB996A11E6DF-LeaderElection56] INFO  server.RaftServerConfigKeys (ConfUtils.java:logGet(46)) - raft.server.write.follower.gap.ratio.max = -1.0 (default)
2024-03-11 08:37:45,473 [7431f2c9-6bc6-4872-82e6-1e22af8aa733@group-BB996A11E6DF-LeaderElection56] INFO  impl.RoleInfo (RoleInfo.java:updateAndGet(139)) - 7431f2c9-6bc6-4872-82e6-1e22af8aa733: start 7431f2c9-6bc6-4872-82e6-1e22af8aa733@group-BB996A11E6DF-LeaderStateImpl
2024-03-11 08:37:45,473 [7431f2c9-6bc6-4872-82e6-1e22af8aa733@group-BB996A11E6DF-LeaderElection56] INFO  server.RaftServer$Division (RaftServerImpl.java:setFirstElection(574)) - 7431f2c9-6bc6-4872-82e6-1e22af8aa733@group-BB996A11E6DF: set firstElectionSinceStartup to false for becomeLeader
2024-03-11 08:37:45,473 [7431f2c9-6bc6-4872-82e6-1e22af8aa733@group-BB996A11E6DF-LeaderElection56] INFO  ratis.XceiverServerRatis (XceiverServerRatis.java:handleLeaderChangedNotification(966)) - Leader change notification received for group: group-BB996A11E6DF with new leaderId: 7431f2c9-6bc6-4872-82e6-1e22af8aa733
2024-03-11 08:37:45,473 [7431f2c9-6bc6-4872-82e6-1e22af8aa733@group-BB996A11E6DF-LeaderElection56] INFO  server.RaftServer$Division (ServerState.java:setLeader(269)) - 7431f2c9-6bc6-4872-82e6-1e22af8aa733@group-BB996A11E6DF: change Leader from null to 7431f2c9-6bc6-4872-82e6-1e22af8aa733 at term 1 for becomeLeader, leader elected after 5216ms
2024-03-11 08:37:45,473 [7431f2c9-6bc6-4872-82e6-1e22af8aa733@group-BB996A11E6DF-LeaderElection56] INFO  segmented.SegmentedRaftLogWorker (SegmentedRaftLogWorker.java:startLogSegment(430)) - 7431f2c9-6bc6-4872-82e6-1e22af8aa733@group-BB996A11E6DF-SegmentedRaftLogWorker: Starting segment from index:0
2024-03-11 08:37:45,474 [7431f2c9-6bc6-4872-82e6-1e22af8aa733@group-BB996A11E6DF-LeaderElection56] INFO  server.RaftServer$Division (ServerState.java:setRaftConf(386)) - 7431f2c9-6bc6-4872-82e6-1e22af8aa733@group-BB996A11E6DF: set configuration 0: peers:[7431f2c9-6bc6-4872-82e6-1e22af8aa733|10.1.0.9:15246]|listeners:[], old=null
2024-03-11 08:37:45,474 [7431f2c9-6bc6-4872-82e6-1e22af8aa733@group-BB996A11E6DF-SegmentedRaftLogWorker] INFO  segmented.BufferedWriteChannel (BufferedWriteChannel.java:open(62)) - open log_inprogress_0 at position 0
2024-03-11 08:37:45,481 [7431f2c9-6bc6-4872-82e6-1e22af8aa733@group-BB996A11E6DF-SegmentedRaftLogWorker] INFO  segmented.SegmentedRaftLogWorker (SegmentedRaftLogWorker.java:execute(634)) - 7431f2c9-6bc6-4872-82e6-1e22af8aa733@group-BB996A11E6DF-SegmentedRaftLogWorker: created new log segment /home/runner/work/ozone/ozone/hadoop-ozone/integration-test/target/test-dir/MiniOzoneClusterImpl-90f76332-72a0-45e1-84c2-b164c055732a/ozone-meta/datanode-2/ratis/87a6a08f-ecd9-4832-ab5c-bb996a11e6df/current/log_inprogress_0
2024-03-11 08:37:45,482 [7431f2c9-6bc6-4872-82e6-1e22af8aa733@group-BB996A11E6DF-StateMachineUpdater] INFO  server.RaftServer$Division (LeaderStateImpl.java:isApplied(320)) - leader is ready since appliedIndex == 0 >= startIndex == 0
2024-03-11 08:37:45,567 [1d5332b8-2026-4dcd-8050-ba186ddabe02@group-4F9544984461-FollowerState] INFO  impl.FollowerState (FollowerState.java:run(143)) - 1d5332b8-2026-4dcd-8050-ba186ddabe02@group-4F9544984461-FollowerState: change to CANDIDATE, lastRpcElapsedTime:5194372223ns, electionTimeout:5194ms
2024-03-11 08:37:45,567 [1d5332b8-2026-4dcd-8050-ba186ddabe02@group-4F9544984461-FollowerState] INFO  impl.RoleInfo (RoleInfo.java:shutdownFollowerState(110)) - 1d5332b8-2026-4dcd-8050-ba186ddabe02: shutdown 1d5332b8-2026-4dcd-8050-ba186ddabe02@group-4F9544984461-FollowerState
2024-03-11 08:37:45,567 [1d5332b8-2026-4dcd-8050-ba186ddabe02@group-4F9544984461-FollowerState] INFO  server.RaftServer$Division (RaftServerImpl.java:setRole(383)) - 1d5332b8-2026-4dcd-8050-ba186ddabe02@group-4F9544984461: changes role from  FOLLOWER to CANDIDATE at term 0 for changeToCandidate
2024-03-11 08:37:45,567 [1d5332b8-2026-4dcd-8050-ba186ddabe02@group-4F9544984461-FollowerState] INFO  server.RaftServerConfigKeys (ConfUtils.java:logGet(46)) - raft.server.leaderelection.pre-vote = true (default)
2024-03-11 08:37:45,567 [1d5332b8-2026-4dcd-8050-ba186ddabe02@group-4F9544984461-FollowerState] INFO  impl.RoleInfo (RoleInfo.java:updateAndGet(139)) - 1d5332b8-2026-4dcd-8050-ba186ddabe02: start 1d5332b8-2026-4dcd-8050-ba186ddabe02@group-4F9544984461-LeaderElection57
2024-03-11 08:37:45,568 [1d5332b8-2026-4dcd-8050-ba186ddabe02@group-4F9544984461-LeaderElection57] INFO  impl.LeaderElection (LeaderElection.java:askForVotes(321)) - 1d5332b8-2026-4dcd-8050-ba186ddabe02@group-4F9544984461-LeaderElection57 PRE_VOTE round 0: submit vote requests at term 0 for -1: peers:[1d5332b8-2026-4dcd-8050-ba186ddabe02|10.1.0.9:15255]|listeners:[], old=null
2024-03-11 08:37:45,568 [1d5332b8-2026-4dcd-8050-ba186ddabe02@group-4F9544984461-LeaderElection57] INFO  impl.LeaderElection (LeaderElection.java:askForVotes(323)) - 1d5332b8-2026-4dcd-8050-ba186ddabe02@group-4F9544984461-LeaderElection57 PRE_VOTE round 0: result PASSED (term=0)
2024-03-11 08:37:45,569 [1d5332b8-2026-4dcd-8050-ba186ddabe02@group-4F9544984461-LeaderElection57] INFO  impl.LeaderElection (LeaderElection.java:askForVotes(321)) - 1d5332b8-2026-4dcd-8050-ba186ddabe02@group-4F9544984461-LeaderElection57 ELECTION round 0: submit vote requests at term 1 for -1: peers:[1d5332b8-2026-4dcd-8050-ba186ddabe02|10.1.0.9:15255]|listeners:[], old=null
2024-03-11 08:37:45,569 [1d5332b8-2026-4dcd-8050-ba186ddabe02@group-4F9544984461-LeaderElection57] INFO  impl.LeaderElection (LeaderElection.java:askForVotes(323)) - 1d5332b8-2026-4dcd-8050-ba186ddabe02@group-4F9544984461-LeaderElection57 ELECTION round 0: result PASSED (term=1)
2024-03-11 08:37:45,569 [1d5332b8-2026-4dcd-8050-ba186ddabe02@group-4F9544984461-LeaderElection57] INFO  impl.RoleInfo (RoleInfo.java:shutdownLeaderElection(130)) - 1d5332b8-2026-4dcd-8050-ba186ddabe02: shutdown 1d5332b8-2026-4dcd-8050-ba186ddabe02@group-4F9544984461-LeaderElection57
2024-03-11 08:37:45,569 [1d5332b8-2026-4dcd-8050-ba186ddabe02@group-4F9544984461-LeaderElection57] INFO  server.RaftServer$Division (RaftServerImpl.java:setRole(383)) - 1d5332b8-2026-4dcd-8050-ba186ddabe02@group-4F9544984461: changes role from CANDIDATE to LEADER at term 1 for changeToLeader
2024-03-11 08:37:45,569 [1d5332b8-2026-4dcd-8050-ba186ddabe02@group-4F9544984461-LeaderElection57] INFO  server.RaftServerConfigKeys (ConfUtils.java:logGet(46)) - raft.server.staging.catchup.gap = 1000 (default)
2024-03-11 08:37:45,569 [1d5332b8-2026-4dcd-8050-ba186ddabe02@group-4F9544984461-LeaderElection57] INFO  server.RaftServerConfigKeys (ConfUtils.java:logGet(46)) - raft.server.write.element-limit = 1024 (custom)
2024-03-11 08:37:45,569 [1d5332b8-2026-4dcd-8050-ba186ddabe02@group-4F9544984461-LeaderElection57] INFO  server.RaftServerConfigKeys (ConfUtils.java:logGet(46)) - raft.server.write.byte-limit = 1024 M (=1073741824) (custom)
2024-03-11 08:37:45,570 [1d5332b8-2026-4dcd-8050-ba186ddabe02@group-4F9544984461-LeaderElection57] INFO  server.RaftServerConfigKeys (ConfUtils.java:logGet(46)) - raft.server.watch.timeout = 180s (custom)
2024-03-11 08:37:45,570 [1d5332b8-2026-4dcd-8050-ba186ddabe02@group-4F9544984461-LeaderElection57] INFO  server.RaftServerConfigKeys (ConfUtils.java:logGet(46)) - raft.server.watch.timeout.denomination = 1s (default)
2024-03-11 08:37:45,570 [1d5332b8-2026-4dcd-8050-ba186ddabe02@group-4F9544984461-LeaderElection57] INFO  server.RaftServerConfigKeys (ConfUtils.java:logGet(46)) - raft.server.watch.element-limit = 65536 (default)
2024-03-11 08:37:45,570 [1d5332b8-2026-4dcd-8050-ba186ddabe02@group-4F9544984461-LeaderElection57] INFO  server.RaftServerConfigKeys (ConfUtils.java:logGet(46)) - raft.server.read.leader.lease.enabled = false (default)
2024-03-11 08:37:45,570 [1d5332b8-2026-4dcd-8050-ba186ddabe02@group-4F9544984461-LeaderElection57] INFO  server.RaftServerConfigKeys (ConfUtils.java:logGet(46)) - raft.server.read.leader.lease.timeout.ratio = 0.9 (default)
2024-03-11 08:37:45,570 [1d5332b8-2026-4dcd-8050-ba186ddabe02@group-4F9544984461-LeaderElection57] INFO  server.RaftServerConfigKeys (ConfUtils.java:logGet(46)) - raft.server.rpc.timeout.min = 5s (custom)
2024-03-11 08:37:45,570 [1d5332b8-2026-4dcd-8050-ba186ddabe02@group-4F9544984461-LeaderElection57] INFO  server.RaftServerConfigKeys (ConfUtils.java:logGet(46)) - raft.server.write.element-limit = 1024 (custom)
2024-03-11 08:37:45,570 [1d5332b8-2026-4dcd-8050-ba186ddabe02@group-4F9544984461-LeaderElection57] INFO  server.RaftServerConfigKeys (ConfUtils.java:logGet(46)) - raft.server.write.follower.gap.ratio.max = -1.0 (default)
2024-03-11 08:37:45,570 [1d5332b8-2026-4dcd-8050-ba186ddabe02@group-4F9544984461-LeaderElection57] INFO  impl.RoleInfo (RoleInfo.java:updateAndGet(139)) - 1d5332b8-2026-4dcd-8050-ba186ddabe02: start 1d5332b8-2026-4dcd-8050-ba186ddabe02@group-4F9544984461-LeaderStateImpl
2024-03-11 08:37:45,570 [1d5332b8-2026-4dcd-8050-ba186ddabe02@group-4F9544984461-LeaderElection57] INFO  server.RaftServer$Division (RaftServerImpl.java:setFirstElection(574)) - 1d5332b8-2026-4dcd-8050-ba186ddabe02@group-4F9544984461: set firstElectionSinceStartup to false for becomeLeader
2024-03-11 08:37:45,570 [1d5332b8-2026-4dcd-8050-ba186ddabe02@group-4F9544984461-LeaderElection57] INFO  ratis.XceiverServerRatis (XceiverServerRatis.java:handleLeaderChangedNotification(966)) - Leader change notification received for group: group-4F9544984461 with new leaderId: 1d5332b8-2026-4dcd-8050-ba186ddabe02
2024-03-11 08:37:45,570 [1d5332b8-2026-4dcd-8050-ba186ddabe02@group-4F9544984461-LeaderElection57] INFO  server.RaftServer$Division (ServerState.java:setLeader(269)) - 1d5332b8-2026-4dcd-8050-ba186ddabe02@group-4F9544984461: change Leader from null to 1d5332b8-2026-4dcd-8050-ba186ddabe02 at term 1 for becomeLeader, leader elected after 5206ms
2024-03-11 08:37:45,570 [1d5332b8-2026-4dcd-8050-ba186ddabe02@group-4F9544984461-LeaderElection57] INFO  segmented.SegmentedRaftLogWorker (SegmentedRaftLogWorker.java:startLogSegment(430)) - 1d5332b8-2026-4dcd-8050-ba186ddabe02@group-4F9544984461-SegmentedRaftLogWorker: Starting segment from index:0
2024-03-11 08:37:45,571 [1d5332b8-2026-4dcd-8050-ba186ddabe02@group-4F9544984461-LeaderElection57] INFO  server.RaftServer$Division (ServerState.java:setRaftConf(386)) - 1d5332b8-2026-4dcd-8050-ba186ddabe02@group-4F9544984461: set configuration 0: peers:[1d5332b8-2026-4dcd-8050-ba186ddabe02|10.1.0.9:15255]|listeners:[], old=null
2024-03-11 08:37:45,572 [1d5332b8-2026-4dcd-8050-ba186ddabe02@group-4F9544984461-SegmentedRaftLogWorker] INFO  segmented.BufferedWriteChannel (BufferedWriteChannel.java:open(62)) - open log_inprogress_0 at position 0
2024-03-11 08:37:45,579 [1d5332b8-2026-4dcd-8050-ba186ddabe02@group-4F9544984461-SegmentedRaftLogWorker] INFO  segmented.SegmentedRaftLogWorker (SegmentedRaftLogWorker.java:execute(634)) - 1d5332b8-2026-4dcd-8050-ba186ddabe02@group-4F9544984461-SegmentedRaftLogWorker: created new log segment /home/runner/work/ozone/ozone/hadoop-ozone/integration-test/target/test-dir/MiniOzoneClusterImpl-90f76332-72a0-45e1-84c2-b164c055732a/ozone-meta/datanode-3/ratis/88f6382e-9ef4-4791-bb8a-4f9544984461/current/log_inprogress_0
2024-03-11 08:37:45,580 [1d5332b8-2026-4dcd-8050-ba186ddabe02@group-4F9544984461-StateMachineUpdater] INFO  server.RaftServer$Division (LeaderStateImpl.java:isApplied(320)) - leader is ready since appliedIndex == 0 >= startIndex == 0
2024-03-11 08:37:46,373 [main] INFO  ozone.MiniOzoneClusterImpl (MiniOzoneClusterImpl.java:lambda$waitForClusterToBeReady$0(194)) - Nodes are ready. Got 3 of 3 DN Heartbeats.
2024-03-11 08:37:46,373 [main] INFO  ozone.MiniOzoneClusterImpl (MiniOzoneClusterImpl.java:lambda$waitForClusterToBeReady$0(197)) - Cluster exits safe mode
2024-03-11 08:37:46,373 [main] INFO  ozone.MiniOzoneClusterImpl (MiniOzoneClusterImpl.java:lambda$waitForClusterToBeReady$0(199)) - SCM became leader
2024-03-11 08:37:46,374 [main] INFO  protocolPB.OmTransportFactory (OmTransportFactory.java:createFactory(62)) - Loading OM transport implementation org.apache.hadoop.ozone.om.protocolPB.Hadoop3OmTransportFactory as specified by configuration.
2024-03-11 08:37:46,381 [main] INFO  om.TestOzoneManagerPrepare (TestOzoneManagerPrepare.java:setup(101)) - Waiting for OM leader election
2024-03-11 08:37:46,385 [omNode-1-OMStateMachineApplyTransactionThread - 0] INFO  upgrade.OMCancelPrepareRequest (OMCancelPrepareRequest.java:validateAndUpdateCache(54)) - OM omNode-1 Received cancel prepare request with log (t:1, i:1)
2024-03-11 08:37:46,386 [omNode-3-OMStateMachineApplyTransactionThread - 0] INFO  upgrade.OMCancelPrepareRequest (OMCancelPrepareRequest.java:validateAndUpdateCache(54)) - OM omNode-3 Received cancel prepare request with log (t:1, i:1)
2024-03-11 08:37:46,386 [omNode-1-OMStateMachineApplyTransactionThread - 0] INFO  upgrade.OMCancelPrepareRequest (OMCancelPrepareRequest.java:validateAndUpdateCache(82)) - OM omNode-1 prepare state cancelled at log (t:1, i:1). Returning response 
2024-03-11 08:37:46,390 [omNode-3-OMStateMachineApplyTransactionThread - 0] INFO  upgrade.OMCancelPrepareRequest (OMCancelPrepareRequest.java:validateAndUpdateCache(82)) - OM omNode-3 prepare state cancelled at log (t:1, i:1). Returning response 
2024-03-11 08:37:46,390 [omNode-2-OMStateMachineApplyTransactionThread - 0] INFO  upgrade.OMCancelPrepareRequest (OMCancelPrepareRequest.java:validateAndUpdateCache(54)) - OM omNode-2 Received cancel prepare request with log (t:1, i:1)
2024-03-11 08:37:46,393 [omNode-2-OMStateMachineApplyTransactionThread - 0] INFO  upgrade.OMCancelPrepareRequest (OMCancelPrepareRequest.java:validateAndUpdateCache(82)) - OM omNode-2 prepare state cancelled at log (t:1, i:1). Returning response 
2024-03-11 08:37:46,401 [main] INFO  rpc.RpcClient (RpcClient.java:createVolume(465)) - Creating Volume: vol, with runner as owner and space quota set to -1 bytes, counts quota set to -1
2024-03-11 08:37:46,405 [omNode-3-OMStateMachineApplyTransactionThread - 0] INFO  volume.OMVolumeCreateRequest (OMVolumeCreateRequest.java:validateAndUpdateCache(198)) - created volume:vol for user:runner
2024-03-11 08:37:46,405 [omNode-1-OMStateMachineApplyTransactionThread - 0] INFO  volume.OMVolumeCreateRequest (OMVolumeCreateRequest.java:validateAndUpdateCache(198)) - created volume:vol for user:runner
2024-03-11 08:37:46,406 [omNode-2-OMStateMachineApplyTransactionThread - 0] INFO  volume.OMVolumeCreateRequest (OMVolumeCreateRequest.java:validateAndUpdateCache(198)) - created volume:vol for user:runner
2024-03-11 08:37:46,410 [main] INFO  rpc.RpcClient (RpcClient.java:createVolume(465)) - Creating Volume: volumed374e5fe-6626-4734-8917-206c8fe5b82d, with runner as owner and space quota set to -1 bytes, counts quota set to -1
2024-03-11 08:37:46,418 [omNode-1-OMStateMachineApplyTransactionThread - 0] INFO  volume.OMVolumeCreateRequest (OMVolumeCreateRequest.java:validateAndUpdateCache(198)) - created volume:volumed374e5fe-6626-4734-8917-206c8fe5b82d for user:runner
2024-03-11 08:37:46,419 [omNode-3-OMStateMachineApplyTransactionThread - 0] INFO  volume.OMVolumeCreateRequest (OMVolumeCreateRequest.java:validateAndUpdateCache(198)) - created volume:volumed374e5fe-6626-4734-8917-206c8fe5b82d for user:runner
2024-03-11 08:37:46,419 [omNode-2-OMStateMachineApplyTransactionThread - 0] INFO  volume.OMVolumeCreateRequest (OMVolumeCreateRequest.java:validateAndUpdateCache(198)) - created volume:volumed374e5fe-6626-4734-8917-206c8fe5b82d for user:runner
2024-03-11 08:37:46,420 [main] INFO  rpc.RpcClient (RpcClient.java:createBucket(691)) - Creating Bucket: volumed374e5fe-6626-4734-8917-206c8fe5b82d/bucket, with server-side default bucket layout, runner as owner, Versioning false, Storage Type set to DISK and Encryption set to false, Replication Type set to server-side default replication type, Namespace Quota set to -1, Space Quota set to -1 
2024-03-11 08:37:46,422 [omNode-1-OMStateMachineApplyTransactionThread - 0] INFO  bucket.OMBucketCreateRequest (OMBucketCreateRequest.java:validateAndUpdateCache(292)) - created bucket: bucket of layout OBJECT_STORE in volume: volumed374e5fe-6626-4734-8917-206c8fe5b82d
2024-03-11 08:37:46,423 [omNode-2-OMStateMachineApplyTransactionThread - 0] INFO  bucket.OMBucketCreateRequest (OMBucketCreateRequest.java:validateAndUpdateCache(292)) - created bucket: bucket of layout OBJECT_STORE in volume: volumed374e5fe-6626-4734-8917-206c8fe5b82d
2024-03-11 08:37:46,424 [omNode-3-OMStateMachineApplyTransactionThread - 0] INFO  bucket.OMBucketCreateRequest (OMBucketCreateRequest.java:validateAndUpdateCache(292)) - created bucket: bucket of layout OBJECT_STORE in volume: volumed374e5fe-6626-4734-8917-206c8fe5b82d
2024-03-11 08:37:46,432 [IPC Server handler 5 on default port 15216] INFO  ha.SequenceIdGenerator (SequenceIdGenerator.java:getNextId(145)) - Allocate a batch for containerId, change lastId from 0 to 1000.
2024-03-11 08:37:46,433 [IPC Server handler 5 on default port 15216] WARN  ha.SequenceIdGenerator (SequenceIdGenerator.java:allocateBatch(258)) - Failed to allocate a batch for localId, expected lastId is 0, actual lastId is 113750153625600000.
2024-03-11 08:37:46,433 [IPC Server handler 5 on default port 15216] INFO  ha.SequenceIdGenerator (SequenceIdGenerator.java:getNextId(145)) - Allocate a batch for localId, change lastId from 113750153625600000 to 113750153625601000.
2024-03-11 08:37:46,663 [omNode-2@group-523986131536-StateMachineUpdater] INFO  ratis.OzoneManagerStateMachine (OzoneManagerStateMachine.java:takeSnapshotImpl(467)) -  applied = (t:1, i:49)
2024-03-11 08:37:46,663 [omNode-2@group-523986131536-StateMachineUpdater] INFO  ratis.OzoneManagerStateMachine (OzoneManagerStateMachine.java:takeSnapshotImpl(468)) -  skipped = 49
2024-03-11 08:37:46,663 [omNode-2@group-523986131536-StateMachineUpdater] INFO  ratis.OzoneManagerStateMachine (OzoneManagerStateMachine.java:takeSnapshotImpl(469)) - notified = (t:1, i:50)
2024-03-11 08:37:46,663 [omNode-2@group-523986131536-StateMachineUpdater] INFO  ratis.OzoneManagerStateMachine (OzoneManagerStateMachine.java:takeSnapshotImpl(470)) - snapshot = (t:1, i:50)
2024-03-11 08:37:46,664 [omNode-1-OMStateMachineApplyTransactionThread - 0] INFO  upgrade.OMPrepareRequest (OMPrepareRequest.java:validateAndUpdateCache(69)) - OM omNode-1 Received prepare request with log (t:1, i:51)
2024-03-11 08:37:46,664 [omNode-1-OMStateMachineApplyTransactionThread - 0] INFO  upgrade.OMPrepareRequest (OMPrepareRequest.java:waitForLogIndex(184)) - omNode-1 waiting for index 51 to flush to OM DB and index 52 to flush to Ratis state machine.
2024-03-11 08:37:46,664 [omNode-3-OMStateMachineApplyTransactionThread - 0] INFO  upgrade.OMPrepareRequest (OMPrepareRequest.java:validateAndUpdateCache(69)) - OM omNode-3 Received prepare request with log (t:1, i:51)
2024-03-11 08:37:46,665 [omNode-3-OMStateMachineApplyTransactionThread - 0] INFO  upgrade.OMPrepareRequest (OMPrepareRequest.java:waitForLogIndex(184)) - omNode-3 waiting for index 51 to flush to OM DB and index 52 to flush to Ratis state machine.
2024-03-11 08:37:46,677 [omNode-2@group-523986131536-StateMachineUpdater] INFO  impl.StateMachineUpdater (StateMachineUpdater.java:takeSnapshot(295)) - omNode-2@group-523986131536-StateMachineUpdater: Took a snapshot at index 50
2024-03-11 08:37:46,677 [omNode-2@group-523986131536-StateMachineUpdater] INFO  impl.StateMachineUpdater (StateMachineUpdater.java:lambda$new$0(98)) - omNode-2@group-523986131536-StateMachineUpdater: snapshotIndex: updateIncreasingly -1 -> 50
2024-03-11 08:37:46,677 [omNode-2@group-523986131536-StateMachineUpdater] INFO  raftlog.RaftLog (RaftLogBase.java:purge(330)) - omNode-2@group-523986131536-SegmentedRaftLog: purge 50
2024-03-11 08:37:46,677 [omNode-2@group-523986131536-StateMachineUpdater] INFO  raftlog.RaftLog (RaftLogBase.java:lambda$new$0(54)) - omNode-2@group-523986131536-SegmentedRaftLog: snapshotIndex: updateIncreasingly -1 -> 50
2024-03-11 08:37:46,678 [omNode-2@group-523986131536-StateMachineUpdater] INFO  raftlog.RaftLog (RaftLogBase.java:lambda$new$0(54)) - omNode-2@group-523986131536-SegmentedRaftLog: purgeIndex: updateToMax old=-1, new=50, updated? true
2024-03-11 08:37:46,678 [omNode-2-OMStateMachineApplyTransactionThread - 0] INFO  upgrade.OMPrepareRequest (OMPrepareRequest.java:validateAndUpdateCache(69)) - OM omNode-2 Received prepare request with log (t:1, i:51)
2024-03-11 08:37:46,678 [omNode-2-OMStateMachineApplyTransactionThread - 0] INFO  upgrade.OMPrepareRequest (OMPrepareRequest.java:waitForLogIndex(184)) - omNode-2 waiting for index 51 to flush to OM DB and index 52 to flush to Ratis state machine.
2024-03-11 08:37:51,678 [omNode-2-OMStateMachineApplyTransactionThread - 0] INFO  ratis.OzoneManagerStateMachine (OzoneManagerStateMachine.java:takeSnapshotImpl(467)) -  applied = (t:1, i:51)
2024-03-11 08:37:51,678 [omNode-2-OMStateMachineApplyTransactionThread - 0] INFO  ratis.OzoneManagerStateMachine (OzoneManagerStateMachine.java:takeSnapshotImpl(468)) -  skipped = 51
2024-03-11 08:37:51,678 [omNode-2-OMStateMachineApplyTransactionThread - 0] INFO  ratis.OzoneManagerStateMachine (OzoneManagerStateMachine.java:takeSnapshotImpl(469)) - notified = (t:1, i:52)
2024-03-11 08:37:51,678 [omNode-2-OMStateMachineApplyTransactionThread - 0] INFO  ratis.OzoneManagerStateMachine (OzoneManagerStateMachine.java:takeSnapshotImpl(470)) - snapshot = (t:1, i:52)
2024-03-11 08:37:51,683 [omNode-2-OMStateMachineApplyTransactionThread - 0] INFO  upgrade.OMPrepareRequest (OMPrepareRequest.java:takeSnapshotAndPurgeLogs(238)) - takeSnapshot at 52 for prepareIndex 52
2024-03-11 08:37:51,683 [omNode-2-OMStateMachineApplyTransactionThread - 0] INFO  raftlog.RaftLog (RaftLogBase.java:lambda$new$0(54)) - omNode-2@group-523986131536-SegmentedRaftLog: snapshotIndex: updateIncreasingly 50 -> 52
2024-03-11 08:37:51,683 [omNode-2-OMStateMachineApplyTransactionThread - 0] INFO  segmented.SegmentedRaftLogWorker (SegmentedRaftLogWorker.java:lambda$new$0(134)) - omNode-2@group-523986131536-SegmentedRaftLogWorker: safeCacheEvictIndex: setUnconditionally -1 -> 52
2024-03-11 08:37:51,683 [omNode-2-OMStateMachineApplyTransactionThread - 0] INFO  segmented.SegmentedRaftLogWorker (SegmentedRaftLogWorker.java:closeLogSegment(451)) - omNode-2@group-523986131536-SegmentedRaftLogWorker: Closing segment log_inprogress_0 to index: 52
2024-03-11 08:37:51,684 [omNode-2@group-523986131536-SegmentedRaftLogWorker] INFO  segmented.SegmentedRaftLogWorker (SegmentedRaftLogWorker.java:execute(591)) - omNode-2@group-523986131536-SegmentedRaftLogWorker: Rolled log segment from /home/runner/work/ozone/ozone/hadoop-ozone/integration-test/target/test-dir/MiniOzoneClusterImpl-90f76332-72a0-45e1-84c2-b164c055732a/omNode-2/ratis/c9bc4cf4-3bc3-3c60-a66b-523986131536/current/log_inprogress_0 to /home/runner/work/ozone/ozone/hadoop-ozone/integration-test/target/test-dir/MiniOzoneClusterImpl-90f76332-72a0-45e1-84c2-b164c055732a/omNode-2/ratis/c9bc4cf4-3bc3-3c60-a66b-523986131536/current/log_0-52
2024-03-11 08:37:51,685 [omNode-2-OMStateMachineApplyTransactionThread - 0] INFO  om.OzoneManagerPrepareState (OzoneManagerPrepareState.java:writePrepareMarkerFile(262)) - Prepare marker file written with log index 51 to file /home/runner/work/ozone/ozone/hadoop-ozone/integration-test/target/test-dir/MiniOzoneClusterImpl-90f76332-72a0-45e1-84c2-b164c055732a/omNode-2/current/prepareMarker
2024-03-11 08:37:51,685 [omNode-2-OMStateMachineApplyTransactionThread - 0] INFO  upgrade.OMPrepareRequest (OMPrepareRequest.java:validateAndUpdateCache(122)) - OM omNode-2 prepared at log index 51. Returning response txnID: 51
 with log index 51
2024-03-11 08:38:35,182 [14692c26-374e-4997-9d8a-ad202747d88d-BlockDeletingService#0] INFO  interfaces.ContainerDeletionChoosingPolicyTemplate (ContainerDeletionChoosingPolicyTemplate.java:chooseContainerForBlockDeletion(85)) - Chosen 0/5000 blocks from 0 candidate containers.
2024-03-11 08:38:35,287 [7431f2c9-6bc6-4872-82e6-1e22af8aa733-BlockDeletingService#0] INFO  interfaces.ContainerDeletionChoosingPolicyTemplate (ContainerDeletionChoosingPolicyTemplate.java:chooseContainerForBlockDeletion(85)) - Chosen 0/5000 blocks from 0 candidate containers.
2024-03-11 08:38:35,394 [1d5332b8-2026-4dcd-8050-ba186ddabe02-BlockDeletingService#0] INFO  interfaces.ContainerDeletionChoosingPolicyTemplate (ContainerDeletionChoosingPolicyTemplate.java:chooseContainerForBlockDeletion(85)) - Chosen 0/5000 blocks from 0 candidate containers.
2024-03-11 08:39:35,183 [14692c26-374e-4997-9d8a-ad202747d88d-BlockDeletingService#1] INFO  interfaces.ContainerDeletionChoosingPolicyTemplate (ContainerDeletionChoosingPolicyTemplate.java:chooseContainerForBlockDeletion(85)) - Chosen 0/5000 blocks from 0 candidate containers.
2024-03-11 08:39:35,288 [7431f2c9-6bc6-4872-82e6-1e22af8aa733-BlockDeletingService#1] INFO  interfaces.ContainerDeletionChoosingPolicyTemplate (ContainerDeletionChoosingPolicyTemplate.java:chooseContainerForBlockDeletion(85)) - Chosen 0/5000 blocks from 0 candidate containers.
2024-03-11 08:39:35,396 [1d5332b8-2026-4dcd-8050-ba186ddabe02-BlockDeletingService#1] INFO  interfaces.ContainerDeletionChoosingPolicyTemplate (ContainerDeletionChoosingPolicyTemplate.java:chooseContainerForBlockDeletion(85)) - Chosen 0/5000 blocks from 0 candidate containers.
2024-03-11 08:39:46,687 [omNode-3-OMStateMachineApplyTransactionThread - 0] ERROR upgrade.OMPrepareRequest (OMPrepareRequest.java:validateAndUpdateCache(133)) - Prepare Request Apply failed in omNode-3. 
java.io.IOException: After waiting for 120 seconds, Ratis state machine applied index 50 which is less than the minimum required index 52.
	at org.apache.hadoop.ozone.om.request.upgrade.OMPrepareRequest.waitForLogIndex(OMPrepareRequest.java:216)
	at org.apache.hadoop.ozone.om.request.upgrade.OMPrepareRequest.validateAndUpdateCache(OMPrepareRequest.java:112)
	at org.apache.hadoop.ozone.protocolPB.OzoneManagerRequestHandler.lambda$0(OzoneManagerRequestHandler.java:397)
	at org.apache.hadoop.util.MetricUtil.captureLatencyNs(MetricUtil.java:45)
	at org.apache.hadoop.ozone.protocolPB.OzoneManagerRequestHandler.handleWriteRequestImpl(OzoneManagerRequestHandler.java:395)
	at org.apache.hadoop.ozone.protocolPB.RequestHandler.handleWriteRequest(RequestHandler.java:63)
	at org.apache.hadoop.ozone.om.ratis.OzoneManagerStateMachine.runCommand(OzoneManagerStateMachine.java:525)
	at org.apache.hadoop.ozone.om.ratis.OzoneManagerStateMachine.lambda$1(OzoneManagerStateMachine.java:343)
	at java.util.concurrent.CompletableFuture$AsyncSupply.run(CompletableFuture.java:1604)
	at java.util.concurrent.ThreadPoolExecutor.runWorker(ThreadPoolExecutor.java:1149)
	at java.util.concurrent.ThreadPoolExecutor$Worker.run(ThreadPoolExecutor.java:624)
	at java.lang.Thread.run(Thread.java:750)
2024-03-11 08:39:46,687 [omNode-1-OMStateMachineApplyTransactionThread - 0] ERROR upgrade.OMPrepareRequest (OMPrepareRequest.java:validateAndUpdateCache(133)) - Prepare Request Apply failed in omNode-1. 
java.io.IOException: After waiting for 120 seconds, Ratis state machine applied index 50 which is less than the minimum required index 52.
	at org.apache.hadoop.ozone.om.request.upgrade.OMPrepareRequest.waitForLogIndex(OMPrepareRequest.java:216)
	at org.apache.hadoop.ozone.om.request.upgrade.OMPrepareRequest.validateAndUpdateCache(OMPrepareRequest.java:112)
	at org.apache.hadoop.ozone.protocolPB.OzoneManagerRequestHandler.lambda$0(OzoneManagerRequestHandler.java:397)
	at org.apache.hadoop.util.MetricUtil.captureLatencyNs(MetricUtil.java:45)
	at org.apache.hadoop.ozone.protocolPB.OzoneManagerRequestHandler.handleWriteRequestImpl(OzoneManagerRequestHandler.java:395)
	at org.apache.hadoop.ozone.protocolPB.RequestHandler.handleWriteRequest(RequestHandler.java:63)
	at org.apache.hadoop.ozone.om.ratis.OzoneManagerStateMachine.runCommand(OzoneManagerStateMachine.java:525)
	at org.apache.hadoop.ozone.om.ratis.OzoneManagerStateMachine.lambda$1(OzoneManagerStateMachine.java:343)
	at java.util.concurrent.CompletableFuture$AsyncSupply.run(CompletableFuture.java:1604)
	at java.util.concurrent.ThreadPoolExecutor.runWorker(ThreadPoolExecutor.java:1149)
	at java.util.concurrent.ThreadPoolExecutor$Worker.run(ThreadPoolExecutor.java:624)
	at java.lang.Thread.run(Thread.java:750)
2024-03-11 08:39:46,687 [omNode-3@group-523986131536-StateMachineUpdater] INFO  ratis.OzoneManagerStateMachine (OzoneManagerStateMachine.java:takeSnapshotImpl(467)) -  applied = (t:1, i:51)
2024-03-11 08:39:46,687 [omNode-3@group-523986131536-StateMachineUpdater] INFO  ratis.OzoneManagerStateMachine (OzoneManagerStateMachine.java:takeSnapshotImpl(468)) -  skipped = 49
2024-03-11 08:39:46,687 [omNode-1@group-523986131536-StateMachineUpdater] INFO  ratis.OzoneManagerStateMachine (OzoneManagerStateMachine.java:takeSnapshotImpl(467)) -  applied = (t:1, i:51)
2024-03-11 08:39:46,687 [omNode-1@group-523986131536-StateMachineUpdater] INFO  ratis.OzoneManagerStateMachine (OzoneManagerStateMachine.java:takeSnapshotImpl(468)) -  skipped = 49
2024-03-11 08:39:46,687 [omNode-3@group-523986131536-StateMachineUpdater] INFO  ratis.OzoneManagerStateMachine (OzoneManagerStateMachine.java:takeSnapshotImpl(469)) - notified = (t:1, i:50)
2024-03-11 08:39:46,688 [omNode-3@group-523986131536-StateMachineUpdater] INFO  ratis.OzoneManagerStateMachine (OzoneManagerStateMachine.java:takeSnapshotImpl(470)) - snapshot = (t:1, i:51)
2024-03-11 08:39:46,687 [omNode-1@group-523986131536-StateMachineUpdater] INFO  ratis.OzoneManagerStateMachine (OzoneManagerStateMachine.java:takeSnapshotImpl(469)) - notified = (t:1, i:50)
2024-03-11 08:39:46,688 [omNode-1@group-523986131536-StateMachineUpdater] INFO  ratis.OzoneManagerStateMachine (OzoneManagerStateMachine.java:takeSnapshotImpl(470)) - snapshot = (t:1, i:51)
2024-03-11 08:39:46,688 [main] INFO  om.OzoneManager (OzoneManager.java:stop(2241)) - omNode-3[localhost:15227]: Stopping Ozone Manager
2024-03-11 08:39:46,689 [main] INFO  ipc.Server (Server.java:stop(3523)) - Stopping server on 15227
2024-03-11 08:39:46,691 [IPC Server listener on 15227] INFO  ipc.Server (Server.java:run(1434)) - Stopping IPC Server listener on 15227
2024-03-11 08:39:46,691 [IPC Server Responder] INFO  ipc.Server (Server.java:run(1567)) - Stopping IPC Server Responder
2024-03-11 08:39:46,692 [main] INFO  ratis.OzoneManagerRatisServer (OzoneManagerRatisServer.java:stop(594)) - Stopping org.apache.hadoop.ozone.om.ratis.OzoneManagerRatisServer@16ad26df at port 15230
2024-03-11 08:39:46,692 [main] INFO  server.RaftServer (RaftServerProxy.java:lambda$close$9(416)) - omNode-3: close
2024-03-11 08:39:46,692 [main] INFO  server.GrpcService (GrpcService.java:closeImpl(311)) - omNode-3: shutdown server GrpcServerProtocolService now
2024-03-11 08:39:46,694 [grpc-default-executor-2] WARN  server.GrpcServerProtocolService (LogUtils.java:warn(121)) - omNode-3: APPEND_ENTRIES onError, lastRequest: null: org.apache.ratis.thirdparty.io.grpc.StatusRuntimeException: CANCELLED: client cancelled
2024-03-11 08:39:46,694 [main] INFO  server.GrpcService (GrpcService.java:closeImpl(320)) - omNode-3: shutdown server GrpcServerProtocolService successfully
2024-03-11 08:39:46,694 [grpc-default-executor-4] WARN  server.GrpcLogAppender (LogUtils.java:warn(121)) - omNode-1@group-523986131536->omNode-3-AppendLogResponseHandler: Failed appendEntries: org.apache.ratis.thirdparty.io.grpc.StatusRuntimeException: CANCELLED: RST_STREAM closed stream. HTTP/2 error code: CANCEL
2024-03-11 08:39:46,694 [grpc-default-executor-4] WARN  server.GrpcLogAppender (GrpcLogAppender.java:lambda$resetClient$1(217)) - omNode-1@group-523986131536->omNode-3-GrpcLogAppender: Follower failed (request=null, errorCount=1); keep nextIndex (53) unchanged and retry.
2024-03-11 08:39:46,695 [grpc-default-executor-5] WARN  server.GrpcServerProtocolService (LogUtils.java:warn(121)) - omNode-3: APPEND_ENTRIES onError, lastRequest: omNode-1->omNode-3#149-t1,previous=(t:1, i:51),leaderCommit=51,initializing? false,entries: size=1, first=(t:1, i:52), METADATAENTRY(c:51): org.apache.ratis.thirdparty.io.grpc.StatusRuntimeException: CANCELLED: client cancelled
2024-03-11 08:39:46,697 [omNode-3-impl-thread2] INFO  server.RaftServer$Division (RaftServerImpl.java:lambda$close$3(526)) - omNode-3@group-523986131536: shutdown
2024-03-11 08:39:46,697 [omNode-3-impl-thread2] INFO  util.JmxRegister (JmxRegister.java:unregister(73)) - Successfully un-registered JMX Bean with object name Ratis:service=RaftServer,group=group-523986131536,id=omNode-3
2024-03-11 08:39:46,697 [omNode-3-impl-thread2] INFO  impl.RoleInfo (RoleInfo.java:shutdownFollowerState(110)) - omNode-3: shutdown omNode-3@group-523986131536-FollowerState
2024-03-11 08:39:46,697 [omNode-3-impl-thread2] INFO  impl.StateMachineUpdater (StateMachineUpdater.java:stopAndJoin(157)) - omNode-3@group-523986131536-StateMachineUpdater: set stopIndex = 52
2024-03-11 08:39:46,701 [omNode-3@group-523986131536-FollowerState] INFO  impl.FollowerState (FollowerState.java:run(152)) - omNode-3@group-523986131536-FollowerState was interrupted
2024-03-11 08:39:46,716 [omNode-3@group-523986131536-StateMachineUpdater] INFO  impl.StateMachineUpdater (StateMachineUpdater.java:takeSnapshot(295)) - omNode-3@group-523986131536-StateMachineUpdater: Took a snapshot at index 51
2024-03-11 08:39:46,716 [omNode-3@group-523986131536-StateMachineUpdater] INFO  impl.StateMachineUpdater (StateMachineUpdater.java:lambda$new$0(98)) - omNode-3@group-523986131536-StateMachineUpdater: snapshotIndex: updateIncreasingly -1 -> 51
2024-03-11 08:39:46,716 [omNode-3@group-523986131536-StateMachineUpdater] INFO  raftlog.RaftLog (RaftLogBase.java:purge(330)) - omNode-3@group-523986131536-SegmentedRaftLog: purge 51
2024-03-11 08:39:46,716 [omNode-3@group-523986131536-StateMachineUpdater] INFO  raftlog.RaftLog (RaftLogBase.java:lambda$new$0(54)) - omNode-3@group-523986131536-SegmentedRaftLog: snapshotIndex: updateIncreasingly -1 -> 51
2024-03-11 08:39:46,716 [omNode-3@group-523986131536-StateMachineUpdater] INFO  raftlog.RaftLog (RaftLogBase.java:lambda$new$0(54)) - omNode-3@group-523986131536-SegmentedRaftLog: purgeIndex: updateToMax old=-1, new=51, updated? true
2024-03-11 08:39:46,716 [omNode-1@group-523986131536-StateMachineUpdater] INFO  impl.StateMachineUpdater (StateMachineUpdater.java:takeSnapshot(295)) - omNode-1@group-523986131536-StateMachineUpdater: Took a snapshot at index 51
2024-03-11 08:39:46,717 [omNode-3@group-523986131536-StateMachineUpdater] INFO  ratis.OzoneManagerStateMachine (OzoneManagerStateMachine.java:takeSnapshotImpl(467)) -  applied = (t:1, i:51)
2024-03-11 08:39:46,717 [omNode-3@group-523986131536-StateMachineUpdater] INFO  ratis.OzoneManagerStateMachine (OzoneManagerStateMachine.java:takeSnapshotImpl(468)) -  skipped = 51
2024-03-11 08:39:46,717 [omNode-1@group-523986131536-StateMachineUpdater] INFO  impl.StateMachineUpdater (StateMachineUpdater.java:lambda$new$0(98)) - omNode-1@group-523986131536-StateMachineUpdater: snapshotIndex: updateIncreasingly -1 -> 51
2024-03-11 08:39:46,717 [omNode-1@group-523986131536-StateMachineUpdater] INFO  raftlog.RaftLog (RaftLogBase.java:purge(330)) - omNode-1@group-523986131536-SegmentedRaftLog: purge 51
2024-03-11 08:39:46,717 [omNode-3@group-523986131536-StateMachineUpdater] INFO  ratis.OzoneManagerStateMachine (OzoneManagerStateMachine.java:takeSnapshotImpl(469)) - notified = (t:1, i:52)
2024-03-11 08:39:46,717 [omNode-3@group-523986131536-StateMachineUpdater] INFO  ratis.OzoneManagerStateMachine (OzoneManagerStateMachine.java:takeSnapshotImpl(470)) - snapshot = (t:1, i:52)
2024-03-11 08:39:46,717 [omNode-1@group-523986131536-StateMachineUpdater] INFO  raftlog.RaftLog (RaftLogBase.java:lambda$new$0(54)) - omNode-1@group-523986131536-SegmentedRaftLog: snapshotIndex: updateIncreasingly -1 -> 51
2024-03-11 08:39:46,717 [omNode-1@group-523986131536-StateMachineUpdater] INFO  raftlog.RaftLog (RaftLogBase.java:lambda$new$0(54)) - omNode-1@group-523986131536-SegmentedRaftLog: purgeIndex: updateToMax old=-1, new=51, updated? true
2024-03-11 08:39:46,722 [omNode-3@group-523986131536-StateMachineUpdater] INFO  impl.StateMachineUpdater (StateMachineUpdater.java:takeSnapshot(295)) - omNode-3@group-523986131536-StateMachineUpdater: Took a snapshot at index 52
2024-03-11 08:39:46,722 [omNode-3@group-523986131536-StateMachineUpdater] INFO  impl.StateMachineUpdater (StateMachineUpdater.java:lambda$new$0(98)) - omNode-3@group-523986131536-StateMachineUpdater: snapshotIndex: updateIncreasingly 51 -> 52
2024-03-11 08:39:46,722 [omNode-3@group-523986131536-StateMachineUpdater] INFO  ratis.OzoneManagerStateMachine (OzoneManagerStateMachine.java:close(513)) - Stopping OzoneManagerStateMachine:omNode-3:group-523986131536.
2024-03-11 08:39:46,722 [omNode-3@group-523986131536-StateMachineUpdater] INFO  ratis.OzoneManagerDoubleBuffer (OzoneManagerDoubleBuffer.java:stopDaemon(517)) - Stopping OMDoubleBuffer flush thread
2024-03-11 08:39:46,722 [omNode-3-OMDoubleBufferFlushThread] INFO  ratis.OzoneManagerDoubleBuffer (OzoneManagerDoubleBuffer.java:canFlush(581)) - OMDoubleBuffer flush thread omNode-3-OMDoubleBufferFlushThread is interrupted and will exit.
2024-03-11 08:39:46,723 [omNode-3-impl-thread2] INFO  server.RaftServer$Division (ServerState.java:close(427)) - omNode-3@group-523986131536: applyIndex: 51
2024-03-11 08:39:46,723 [omNode-3@group-523986131536-cacheEviction-AwaitToRun] INFO  util.AwaitToRun (AwaitToRun.java:run(49)) - omNode-3@group-523986131536-cacheEviction-AwaitToRun-AwaitForSignal is interrupted
2024-03-11 08:39:47,688 [omNode-3-impl-thread2] INFO  segmented.SegmentedRaftLogWorker (SegmentedRaftLogWorker.java:close(245)) - omNode-3@group-523986131536-SegmentedRaftLogWorker close()
2024-03-11 08:39:47,689 [JvmPauseMonitor62] INFO  util.JvmPauseMonitor (JvmPauseMonitor.java:run(152)) - JvmPauseMonitor-omNode-3: Stopped
2024-03-11 08:39:47,690 [main] INFO  utils.BackgroundService (BackgroundService.java:shutdown(160)) - Shutting down service KeyDeletingService
2024-03-11 08:39:47,690 [main] INFO  utils.BackgroundService (BackgroundService.java:shutdown(160)) - Shutting down service DirectoryDeletingService
2024-03-11 08:39:47,691 [main] INFO  utils.BackgroundService (BackgroundService.java:shutdown(160)) - Shutting down service OpenKeyCleanupService
2024-03-11 08:39:47,691 [main] INFO  utils.BackgroundService (BackgroundService.java:shutdown(160)) - Shutting down service SstFilteringService
2024-03-11 08:39:47,691 [main] INFO  utils.BackgroundService (BackgroundService.java:shutdown(160)) - Shutting down service SnapshotDeletingService
2024-03-11 08:39:47,691 [main] INFO  utils.BackgroundService (BackgroundService.java:shutdown(160)) - Shutting down service MultipartUploadCleanupService
2024-03-11 08:39:47,691 [main] INFO  utils.BackgroundService (BackgroundService.java:shutdown(160)) - Shutting down service SnapshotDirectoryCleaningService
2024-03-11 08:39:47,692 [main] INFO  handler.ContextHandler (ContextHandler.java:doStop(1159)) - Stopped o.e.j.w.WebAppContext@714961c8{ozoneManager,/,null,STOPPED}{file:/home/runner/work/ozone/ozone/hadoop-ozone/integration-test/target/test-classes/webapps/ozoneManager}
2024-03-11 08:39:47,693 [main] INFO  server.AbstractConnector (AbstractConnector.java:doStop(383)) - Stopped ServerConnector@2e53bbd2{HTTP/1.1, (http/1.1)}{0.0.0.0:15228}
2024-03-11 08:39:47,693 [main] INFO  server.session (HouseKeeper.java:stopScavenging(149)) - node0 Stopped scavenging
2024-03-11 08:39:47,693 [main] INFO  handler.ContextHandler (ContextHandler.java:doStop(1159)) - Stopped o.e.j.s.ServletContextHandler@1e26c967{static,/static,file:///home/runner/work/ozone/ozone/hadoop-ozone/integration-test/target/test-classes/webapps/static,STOPPED}
2024-03-11 08:39:47,693 [main] INFO  handler.ContextHandler (ContextHandler.java:doStop(1159)) - Stopped o.e.j.s.ServletContextHandler@76cb0ec3{logs,/logs,file:///home/runner/work/ozone/ozone/hadoop-ozone/integration-test/target/log,STOPPED}
2024-03-11 08:39:47,694 [main] INFO  rocksdiff.RocksDBCheckpointDiffer (RocksDBCheckpointDiffer.java:close(310)) - Shutting down CompactionDagPruningService.
2024-03-11 08:39:47,695 [main] INFO  snapshot.SnapshotDiffManager (SnapshotDiffManager.java:closeExecutorService(1657)) - Shutting down executorService: 'SnapDiffExecutor'
2024-03-11 08:39:47,695 [main] INFO  utils.BackgroundService (BackgroundService.java:shutdown(160)) - Shutting down service SnapshotDiffCleanupService
2024-03-11 08:39:47,696 [main] INFO  om.OzoneManager (OzoneManager.java:stop(2241)) - omNode-1[localhost:15219]: Stopping Ozone Manager
2024-03-11 08:39:47,696 [main] INFO  ipc.Server (Server.java:stop(3523)) - Stopping server on 15219
2024-03-11 08:39:47,698 [IPC Server listener on 15219] INFO  ipc.Server (Server.java:run(1434)) - Stopping IPC Server listener on 15219
2024-03-11 08:39:47,699 [IPC Server Responder] INFO  ipc.Server (Server.java:run(1567)) - Stopping IPC Server Responder
2024-03-11 08:39:47,699 [main] INFO  ratis.OzoneManagerRatisServer (OzoneManagerRatisServer.java:stop(594)) - Stopping org.apache.hadoop.ozone.om.ratis.OzoneManagerRatisServer@4897b245 at port 15222
2024-03-11 08:39:47,699 [main] INFO  server.RaftServer (RaftServerProxy.java:lambda$close$9(416)) - omNode-1: close
2024-03-11 08:39:47,699 [main] INFO  server.GrpcService (GrpcService.java:closeImpl(311)) - omNode-1: shutdown server GrpcServerProtocolService now
2024-03-11 08:39:47,699 [omNode-1-impl-thread2] INFO  server.RaftServer$Division (RaftServerImpl.java:lambda$close$3(526)) - omNode-1@group-523986131536: shutdown
2024-03-11 08:39:47,700 [omNode-1-impl-thread2] INFO  util.JmxRegister (JmxRegister.java:unregister(73)) - Successfully un-registered JMX Bean with object name Ratis:service=RaftServer,group=group-523986131536,id=omNode-1
2024-03-11 08:39:47,701 [omNode-1-impl-thread2] INFO  impl.RoleInfo (RoleInfo.java:shutdownLeaderState(94)) - omNode-1: shutdown omNode-1@group-523986131536-LeaderStateImpl
2024-03-11 08:39:47,700 [Thread-10192] INFO  server.GrpcServerProtocolClient (GrpcServerProtocolClient.java:close(103)) - omNode-2 Close channels
2024-03-11 08:39:47,701 [omNode-1@group-523986131536->omNode-3-GrpcLogAppender-LogAppenderDaemon] WARN  server.GrpcLogAppender (GrpcLogAppender.java:mayWait(289)) - omNode-1@group-523986131536->omNode-3-GrpcLogAppender: Wait interrupted by java.lang.InterruptedException
2024-03-11 08:39:47,700 [Thread-10190] INFO  server.GrpcServerProtocolClient (GrpcServerProtocolClient.java:close(103)) - omNode-3 Close channels
2024-03-11 08:39:47,701 [omNode-1-impl-thread2] INFO  impl.PendingRequests (PendingRequests.java:sendNotLeaderResponses(289)) - omNode-1@group-523986131536-PendingRequests: sendNotLeaderResponses
2024-03-11 08:39:47,702 [omNode-1@group-523986131536->omNode-2-GrpcLogAppender-LogAppenderDaemon] WARN  server.GrpcLogAppender (GrpcLogAppender.java:mayWait(289)) - omNode-1@group-523986131536->omNode-2-GrpcLogAppender: Wait interrupted by java.lang.InterruptedException
2024-03-11 08:39:47,703 [omNode-1@group-523986131536-StateMachineUpdater] INFO  ratis.OzoneManagerStateMachine (OzoneManagerStateMachine.java:takeSnapshotImpl(467)) -  applied = (t:1, i:51)
2024-03-11 08:39:47,703 [omNode-1@group-523986131536-StateMachineUpdater] INFO  ratis.OzoneManagerStateMachine (OzoneManagerStateMachine.java:takeSnapshotImpl(468)) -  skipped = 51
2024-03-11 08:39:47,703 [omNode-1@group-523986131536-StateMachineUpdater] INFO  ratis.OzoneManagerStateMachine (OzoneManagerStateMachine.java:takeSnapshotImpl(469)) - notified = (t:1, i:52)
2024-03-11 08:39:47,704 [omNode-1@group-523986131536-StateMachineUpdater] INFO  ratis.OzoneManagerStateMachine (OzoneManagerStateMachine.java:takeSnapshotImpl(470)) - snapshot = (t:1, i:52)
2024-03-11 08:39:47,704 [omNode-1-impl-thread2] INFO  impl.StateMachineUpdater (StateMachineUpdater.java:stopAndJoin(157)) - omNode-1@group-523986131536-StateMachineUpdater: set stopIndex = 52
2024-03-11 08:39:47,704 [grpc-default-executor-4] INFO  server.GrpcServerProtocolService (GrpcServerProtocolService.java:onCompleted(157)) - omNode-2: Completed APPEND_ENTRIES, lastRequest: omNode-1->omNode-2#144-t1,previous=(t:1, i:51),leaderCommit=51,initializing? false,entries: size=1, first=(t:1, i:52), METADATAENTRY(c:51)
2024-03-11 08:39:47,704 [grpc-default-executor-5] INFO  server.GrpcServerProtocolService (GrpcServerProtocolService.java:onCompleted(157)) - omNode-2: Completed APPEND_ENTRIES, lastRequest: null
2024-03-11 08:39:47,704 [grpc-default-executor-4] INFO  server.GrpcServerProtocolService (GrpcServerProtocolService.java:lambda$onCompleted$5(159)) - omNode-2: Completed APPEND_ENTRIES, lastReply: null
2024-03-11 08:39:47,705 [grpc-default-executor-5] INFO  server.GrpcServerProtocolService (GrpcServerProtocolService.java:lambda$onCompleted$5(159)) - omNode-2: Completed APPEND_ENTRIES, lastReply: serverReply {
  requestorId: "omNode-1"
  replyId: "omNode-2"
  raftGroupId {
    id: "\311\274L\364;\303<`\246kR9\206\023\0256"
  }
  callId: 388
  success: true
}
term: 1
nextIndex: 53
followerCommit: 52
matchIndex: 18446744073709551615
isHearbeat: true

2024-03-11 08:39:47,705 [grpc-default-executor-6] INFO  server.GrpcLogAppender (GrpcLogAppender.java:onCompleted(546)) - omNode-1@group-523986131536->omNode-2-AppendLogResponseHandler: follower responses appendEntries COMPLETED
2024-03-11 08:39:47,705 [grpc-default-executor-0] INFO  server.GrpcLogAppender (GrpcLogAppender.java:onCompleted(546)) - omNode-1@group-523986131536->omNode-2-AppendLogResponseHandler: follower responses appendEntries COMPLETED
2024-03-11 08:39:47,707 [grpc-default-executor-0] WARN  server.GrpcLogAppender (GrpcLogAppender.java:resetClient(226)) - omNode-1@group-523986131536->omNode-2-GrpcLogAppender: Failed to getClient for omNode-2
org.apache.ratis.protocol.exceptions.AlreadyClosedException: omNode-1 is already CLOSED
	at org.apache.ratis.util.PeerProxyMap$PeerAndProxy.getProxy(PeerProxyMap.java:65)
	at org.apache.ratis.util.PeerProxyMap.getProxy(PeerProxyMap.java:114)
	at org.apache.ratis.grpc.server.GrpcLogAppender.getClient(GrpcLogAppender.java:196)
	at org.apache.ratis.grpc.server.GrpcLogAppender.resetClient(GrpcLogAppender.java:201)
	at org.apache.ratis.grpc.server.GrpcLogAppender.access$800(GrpcLogAppender.java:62)
	at org.apache.ratis.grpc.server.GrpcLogAppender$AppendLogResponseHandler.onCompleted(GrpcLogAppender.java:547)
	at org.apache.ratis.thirdparty.io.grpc.stub.ClientCalls$StreamObserverToCallListenerAdapter.onClose(ClientCalls.java:479)
	at org.apache.ratis.thirdparty.io.grpc.internal.ClientCallImpl.closeObserver(ClientCallImpl.java:567)
	at org.apache.ratis.thirdparty.io.grpc.internal.ClientCallImpl.access$300(ClientCallImpl.java:71)
	at org.apache.ratis.thirdparty.io.grpc.internal.ClientCallImpl$ClientStreamListenerImpl$1StreamClosed.runInternal(ClientCallImpl.java:735)
	at org.apache.ratis.thirdparty.io.grpc.internal.ClientCallImpl$ClientStreamListenerImpl$1StreamClosed.runInContext(ClientCallImpl.java:716)
	at org.apache.ratis.thirdparty.io.grpc.internal.ContextRunnable.run(ContextRunnable.java:37)
	at org.apache.ratis.thirdparty.io.grpc.internal.SerializingExecutor.run(SerializingExecutor.java:133)
	at java.util.concurrent.ThreadPoolExecutor.runWorker(ThreadPoolExecutor.java:1149)
	at java.util.concurrent.ThreadPoolExecutor$Worker.run(ThreadPoolExecutor.java:624)
	at java.lang.Thread.run(Thread.java:750)
2024-03-11 08:39:47,706 [grpc-default-executor-6] WARN  server.GrpcLogAppender (GrpcLogAppender.java:resetClient(226)) - omNode-1@group-523986131536->omNode-2-GrpcLogAppender: Failed to getClient for omNode-2
org.apache.ratis.protocol.exceptions.AlreadyClosedException: omNode-1 is already CLOSED
	at org.apache.ratis.util.PeerProxyMap$PeerAndProxy.getProxy(PeerProxyMap.java:65)
	at org.apache.ratis.util.PeerProxyMap.getProxy(PeerProxyMap.java:114)
	at org.apache.ratis.grpc.server.GrpcLogAppender.getClient(GrpcLogAppender.java:196)
	at org.apache.ratis.grpc.server.GrpcLogAppender.resetClient(GrpcLogAppender.java:201)
	at org.apache.ratis.grpc.server.GrpcLogAppender.access$800(GrpcLogAppender.java:62)
	at org.apache.ratis.grpc.server.GrpcLogAppender$AppendLogResponseHandler.onCompleted(GrpcLogAppender.java:547)
	at org.apache.ratis.thirdparty.io.grpc.stub.ClientCalls$StreamObserverToCallListenerAdapter.onClose(ClientCalls.java:479)
	at org.apache.ratis.thirdparty.io.grpc.internal.ClientCallImpl.closeObserver(ClientCallImpl.java:567)
	at org.apache.ratis.thirdparty.io.grpc.internal.ClientCallImpl.access$300(ClientCallImpl.java:71)
	at org.apache.ratis.thirdparty.io.grpc.internal.ClientCallImpl$ClientStreamListenerImpl$1StreamClosed.runInternal(ClientCallImpl.java:735)
	at org.apache.ratis.thirdparty.io.grpc.internal.ClientCallImpl$ClientStreamListenerImpl$1StreamClosed.runInContext(ClientCallImpl.java:716)
	at org.apache.ratis.thirdparty.io.grpc.internal.ContextRunnable.run(ContextRunnable.java:37)
	at org.apache.ratis.thirdparty.io.grpc.internal.SerializingExecutor.run(SerializingExecutor.java:133)
	at java.util.concurrent.ThreadPoolExecutor.runWorker(ThreadPoolExecutor.java:1149)
	at java.util.concurrent.ThreadPoolExecutor$Worker.run(ThreadPoolExecutor.java:624)
	at java.lang.Thread.run(Thread.java:750)
2024-03-11 08:39:47,707 [main] INFO  server.GrpcService (GrpcService.java:closeImpl(320)) - omNode-1: shutdown server GrpcServerProtocolService successfully
2024-03-11 08:39:47,709 [omNode-1@group-523986131536-StateMachineUpdater] INFO  impl.StateMachineUpdater (StateMachineUpdater.java:takeSnapshot(295)) - omNode-1@group-523986131536-StateMachineUpdater: Took a snapshot at index 52
2024-03-11 08:39:47,709 [omNode-1@group-523986131536-StateMachineUpdater] INFO  impl.StateMachineUpdater (StateMachineUpdater.java:lambda$new$0(98)) - omNode-1@group-523986131536-StateMachineUpdater: snapshotIndex: updateIncreasingly 51 -> 52
2024-03-11 08:39:47,709 [omNode-1@group-523986131536-StateMachineUpdater] INFO  ratis.OzoneManagerStateMachine (OzoneManagerStateMachine.java:close(513)) - Stopping OzoneManagerStateMachine:omNode-1:group-523986131536.
2024-03-11 08:39:47,709 [omNode-1@group-523986131536-StateMachineUpdater] INFO  ratis.OzoneManagerDoubleBuffer (OzoneManagerDoubleBuffer.java:stopDaemon(517)) - Stopping OMDoubleBuffer flush thread
2024-03-11 08:39:47,710 [omNode-1-OMDoubleBufferFlushThread] INFO  ratis.OzoneManagerDoubleBuffer (OzoneManagerDoubleBuffer.java:canFlush(581)) - OMDoubleBuffer flush thread omNode-1-OMDoubleBufferFlushThread is interrupted and will exit.
2024-03-11 08:39:47,710 [omNode-1-impl-thread2] INFO  server.RaftServer$Division (ServerState.java:close(427)) - omNode-1@group-523986131536: applyIndex: 51
2024-03-11 08:39:47,710 [omNode-1@group-523986131536-cacheEviction-AwaitToRun] INFO  util.AwaitToRun (AwaitToRun.java:run(49)) - omNode-1@group-523986131536-cacheEviction-AwaitToRun-AwaitForSignal is interrupted
2024-03-11 08:39:48,688 [omNode-1-impl-thread2] INFO  segmented.SegmentedRaftLogWorker (SegmentedRaftLogWorker.java:close(245)) - omNode-1@group-523986131536-SegmentedRaftLogWorker close()
2024-03-11 08:39:48,689 [JvmPauseMonitor60] INFO  util.JvmPauseMonitor (JvmPauseMonitor.java:run(152)) - JvmPauseMonitor-omNode-1: Stopped
2024-03-11 08:39:48,689 [main] INFO  utils.BackgroundService (BackgroundService.java:shutdown(160)) - Shutting down service KeyDeletingService
2024-03-11 08:39:48,690 [main] INFO  utils.BackgroundService (BackgroundService.java:shutdown(160)) - Shutting down service DirectoryDeletingService
2024-03-11 08:39:48,690 [main] INFO  utils.BackgroundService (BackgroundService.java:shutdown(160)) - Shutting down service OpenKeyCleanupService
2024-03-11 08:39:48,690 [main] INFO  utils.BackgroundService (BackgroundService.java:shutdown(160)) - Shutting down service SstFilteringService
2024-03-11 08:39:48,690 [main] INFO  utils.BackgroundService (BackgroundService.java:shutdown(160)) - Shutting down service SnapshotDeletingService
2024-03-11 08:39:48,690 [main] INFO  utils.BackgroundService (BackgroundService.java:shutdown(160)) - Shutting down service MultipartUploadCleanupService
2024-03-11 08:39:48,691 [main] INFO  utils.BackgroundService (BackgroundService.java:shutdown(160)) - Shutting down service SnapshotDirectoryCleaningService
2024-03-11 08:39:48,691 [main] INFO  handler.ContextHandler (ContextHandler.java:doStop(1159)) - Stopped o.e.j.w.WebAppContext@6a410115{ozoneManager,/,null,STOPPED}{file:/home/runner/work/ozone/ozone/hadoop-ozone/integration-test/target/test-classes/webapps/ozoneManager}
2024-03-11 08:39:48,692 [main] INFO  server.AbstractConnector (AbstractConnector.java:doStop(383)) - Stopped ServerConnector@254ac089{HTTP/1.1, (http/1.1)}{0.0.0.0:15220}
2024-03-11 08:39:48,692 [main] INFO  server.session (HouseKeeper.java:stopScavenging(149)) - node0 Stopped scavenging
2024-03-11 08:39:48,692 [main] INFO  handler.ContextHandler (ContextHandler.java:doStop(1159)) - Stopped o.e.j.s.ServletContextHandler@62a244e4{static,/static,file:///home/runner/work/ozone/ozone/hadoop-ozone/integration-test/target/test-classes/webapps/static,STOPPED}
2024-03-11 08:39:48,692 [main] INFO  handler.ContextHandler (ContextHandler.java:doStop(1159)) - Stopped o.e.j.s.ServletContextHandler@308bfe03{logs,/logs,file:///home/runner/work/ozone/ozone/hadoop-ozone/integration-test/target/log,STOPPED}
2024-03-11 08:39:48,693 [main] INFO  rocksdiff.RocksDBCheckpointDiffer (RocksDBCheckpointDiffer.java:close(310)) - Shutting down CompactionDagPruningService.
2024-03-11 08:39:48,694 [main] INFO  snapshot.SnapshotDiffManager (SnapshotDiffManager.java:closeExecutorService(1657)) - Shutting down executorService: 'SnapDiffExecutor'
2024-03-11 08:39:48,694 [main] INFO  utils.BackgroundService (BackgroundService.java:shutdown(160)) - Shutting down service SnapshotDiffCleanupService
2024-03-11 08:39:48,695 [main] INFO  om.OzoneManager (OzoneManager.java:stop(2241)) - omNode-2[localhost:15223]: Stopping Ozone Manager
2024-03-11 08:39:48,695 [main] INFO  ipc.Server (Server.java:stop(3523)) - Stopping server on 15223
2024-03-11 08:39:48,698 [IPC Server listener on 15223] INFO  ipc.Server (Server.java:run(1434)) - Stopping IPC Server listener on 15223
2024-03-11 08:39:48,699 [IPC Server Responder] INFO  ipc.Server (Server.java:run(1567)) - Stopping IPC Server Responder
2024-03-11 08:39:48,699 [main] INFO  ratis.OzoneManagerRatisServer (OzoneManagerRatisServer.java:stop(594)) - Stopping org.apache.hadoop.ozone.om.ratis.OzoneManagerRatisServer@78ac4157 at port 15226
2024-03-11 08:39:48,699 [main] INFO  server.RaftServer (RaftServerProxy.java:lambda$close$9(416)) - omNode-2: close
2024-03-11 08:39:48,699 [main] INFO  server.GrpcService (GrpcService.java:closeImpl(311)) - omNode-2: shutdown server GrpcServerProtocolService now
2024-03-11 08:39:48,699 [omNode-2-impl-thread2] INFO  server.RaftServer$Division (RaftServerImpl.java:lambda$close$3(526)) - omNode-2@group-523986131536: shutdown
2024-03-11 08:39:48,700 [omNode-2-impl-thread2] INFO  util.JmxRegister (JmxRegister.java:unregister(73)) - Successfully un-registered JMX Bean with object name Ratis:service=RaftServer,group=group-523986131536,id=omNode-2
2024-03-11 08:39:48,700 [omNode-2-impl-thread2] INFO  impl.RoleInfo (RoleInfo.java:shutdownFollowerState(110)) - omNode-2: shutdown omNode-2@group-523986131536-FollowerState
2024-03-11 08:39:48,700 [omNode-2-impl-thread2] INFO  impl.StateMachineUpdater (StateMachineUpdater.java:stopAndJoin(157)) - omNode-2@group-523986131536-StateMachineUpdater: set stopIndex = 52
2024-03-11 08:39:48,700 [omNode-2@group-523986131536-StateMachineUpdater] INFO  ratis.OzoneManagerStateMachine (OzoneManagerStateMachine.java:takeSnapshotImpl(467)) -  applied = (t:1, i:51)
2024-03-11 08:39:48,700 [main] INFO  server.GrpcService (GrpcService.java:closeImpl(320)) - omNode-2: shutdown server GrpcServerProtocolService successfully
2024-03-11 08:39:48,700 [omNode-2@group-523986131536-FollowerState] INFO  impl.FollowerState (FollowerState.java:run(152)) - omNode-2@group-523986131536-FollowerState was interrupted
2024-03-11 08:39:48,700 [omNode-2@group-523986131536-StateMachineUpdater] INFO  ratis.OzoneManagerStateMachine (OzoneManagerStateMachine.java:takeSnapshotImpl(468)) -  skipped = 51
2024-03-11 08:39:48,701 [omNode-2@group-523986131536-StateMachineUpdater] INFO  ratis.OzoneManagerStateMachine (OzoneManagerStateMachine.java:takeSnapshotImpl(469)) - notified = (t:1, i:52)
2024-03-11 08:39:48,701 [omNode-2@group-523986131536-StateMachineUpdater] INFO  ratis.OzoneManagerStateMachine (OzoneManagerStateMachine.java:takeSnapshotImpl(470)) - snapshot = (t:1, i:52)
2024-03-11 08:39:48,706 [omNode-2@group-523986131536-StateMachineUpdater] INFO  impl.StateMachineUpdater (StateMachineUpdater.java:takeSnapshot(295)) - omNode-2@group-523986131536-StateMachineUpdater: Took a snapshot at index 52
2024-03-11 08:39:48,706 [omNode-2@group-523986131536-StateMachineUpdater] INFO  impl.StateMachineUpdater (StateMachineUpdater.java:lambda$new$0(98)) - omNode-2@group-523986131536-StateMachineUpdater: snapshotIndex: updateIncreasingly 50 -> 52
2024-03-11 08:39:48,707 [omNode-2@group-523986131536-StateMachineUpdater] INFO  ratis.OzoneManagerStateMachine (OzoneManagerStateMachine.java:close(513)) - Stopping OzoneManagerStateMachine:omNode-2:group-523986131536.
2024-03-11 08:39:48,707 [omNode-2@group-523986131536-StateMachineUpdater] INFO  ratis.OzoneManagerDoubleBuffer (OzoneManagerDoubleBuffer.java:stopDaemon(517)) - Stopping OMDoubleBuffer flush thread
2024-03-11 08:39:48,709 [omNode-2-OMDoubleBufferFlushThread] INFO  ratis.OzoneManagerDoubleBuffer (OzoneManagerDoubleBuffer.java:canFlush(581)) - OMDoubleBuffer flush thread omNode-2-OMDoubleBufferFlushThread is interrupted and will exit.
2024-03-11 08:39:48,709 [omNode-2-impl-thread2] INFO  server.RaftServer$Division (ServerState.java:close(427)) - omNode-2@group-523986131536: applyIndex: 51
2024-03-11 08:39:48,709 [omNode-2@group-523986131536-cacheEviction-AwaitToRun] INFO  util.AwaitToRun (AwaitToRun.java:run(49)) - omNode-2@group-523986131536-cacheEviction-AwaitToRun-AwaitForSignal is interrupted
2024-03-11 08:39:49,705 [omNode-2-impl-thread2] INFO  segmented.SegmentedRaftLogWorker (SegmentedRaftLogWorker.java:close(245)) - omNode-2@group-523986131536-SegmentedRaftLogWorker close()
2024-03-11 08:39:49,706 [JvmPauseMonitor61] INFO  util.JvmPauseMonitor (JvmPauseMonitor.java:run(152)) - JvmPauseMonitor-omNode-2: Stopped
2024-03-11 08:39:49,706 [main] INFO  utils.BackgroundService (BackgroundService.java:shutdown(160)) - Shutting down service KeyDeletingService
2024-03-11 08:39:49,706 [main] INFO  utils.BackgroundService (BackgroundService.java:shutdown(160)) - Shutting down service DirectoryDeletingService
2024-03-11 08:39:49,707 [main] INFO  utils.BackgroundService (BackgroundService.java:shutdown(160)) - Shutting down service OpenKeyCleanupService
2024-03-11 08:39:49,707 [main] INFO  utils.BackgroundService (BackgroundService.java:shutdown(160)) - Shutting down service SstFilteringService
2024-03-11 08:39:49,707 [main] INFO  utils.BackgroundService (BackgroundService.java:shutdown(160)) - Shutting down service SnapshotDeletingService
2024-03-11 08:39:49,707 [main] INFO  utils.BackgroundService (BackgroundService.java:shutdown(160)) - Shutting down service MultipartUploadCleanupService
2024-03-11 08:39:49,707 [main] INFO  utils.BackgroundService (BackgroundService.java:shutdown(160)) - Shutting down service SnapshotDirectoryCleaningService
2024-03-11 08:39:49,708 [main] INFO  handler.ContextHandler (ContextHandler.java:doStop(1159)) - Stopped o.e.j.w.WebAppContext@3ae836d8{ozoneManager,/,null,STOPPED}{file:/home/runner/work/ozone/ozone/hadoop-ozone/integration-test/target/test-classes/webapps/ozoneManager}
2024-03-11 08:39:49,708 [main] INFO  server.AbstractConnector (AbstractConnector.java:doStop(383)) - Stopped ServerConnector@22c1b1d5{HTTP/1.1, (http/1.1)}{0.0.0.0:15224}
2024-03-11 08:39:49,709 [main] INFO  server.session (HouseKeeper.java:stopScavenging(149)) - node0 Stopped scavenging
2024-03-11 08:39:49,709 [main] INFO  handler.ContextHandler (ContextHandler.java:doStop(1159)) - Stopped o.e.j.s.ServletContextHandler@3fe4c5b{static,/static,file:///home/runner/work/ozone/ozone/hadoop-ozone/integration-test/target/test-classes/webapps/static,STOPPED}
2024-03-11 08:39:49,709 [main] INFO  handler.ContextHandler (ContextHandler.java:doStop(1159)) - Stopped o.e.j.s.ServletContextHandler@2032c406{logs,/logs,file:///home/runner/work/ozone/ozone/hadoop-ozone/integration-test/target/log,STOPPED}
2024-03-11 08:39:49,710 [main] INFO  rocksdiff.RocksDBCheckpointDiffer (RocksDBCheckpointDiffer.java:close(310)) - Shutting down CompactionDagPruningService.
2024-03-11 08:39:49,711 [main] INFO  snapshot.SnapshotDiffManager (SnapshotDiffManager.java:closeExecutorService(1657)) - Shutting down executorService: 'SnapDiffExecutor'
2024-03-11 08:39:49,711 [main] INFO  utils.BackgroundService (BackgroundService.java:shutdown(160)) - Shutting down service SnapshotDiffCleanupService
2024-03-11 08:39:49,712 [main] INFO  om.OzoneManager (OzoneManager.java:restart(1747)) - OzoneManager RPC server is listening at localhost/127.0.0.1:15227
2024-03-11 08:39:49,713 [main] INFO  impl.MetricsSystemImpl (MetricsSystemImpl.java:init(158)) - OzoneManager metrics system started (again)
2024-03-11 08:39:49,720 [main] WARN  server.ServerUtils (ServerUtils.java:getDBPath(299)) - ozone.om.db.dirs is not configured. We recommend adding this setting. Falling back to ozone.metadata.dirs instead.
2024-03-11 08:39:49,721 [main] INFO  helpers.OmKeyInfo (OmKeyInfo.java:getCodec(71)) - OmKeyInfo.getCodec ignorePipeline = true
2024-03-11 08:39:49,754 [main] INFO  om.OzoneManager (OzoneManager.java:instantiateServices(811)) - S3 Multi-Tenancy is disabled
2024-03-11 08:39:49,755 [main] INFO  om.OmSnapshotManager (OmSnapshotManager.java:<init>(177)) - Ozone filesystem snapshot feature is enabled.
2024-03-11 08:39:49,755 [main] WARN  server.ServerUtils (ServerUtils.java:getDBPath(299)) - ozone.om.snapshot.diff.db.dir is not configured. We recommend adding this setting. Falling back to ozone.metadata.dirs instead.
2024-03-11 08:39:49,764 [main] INFO  utils.NativeLibraryLoader (NativeLibraryLoader.java:loadLibrary(108)) - Loading Library: ozone_rocksdb_tools
2024-03-11 08:39:49,765 [main] ERROR snapshot.SnapshotDiffManager (SnapshotDiffManager.java:initNativeLibraryForEfficientDiff(287)) - Native Library for raw sst file reading loading failed.
org.apache.hadoop.hdds.utils.NativeLibraryNotLoadedException: Unable to load library ozone_rocksdb_tools from both java.library.path & resource file libozone_rocksdb_tools.so from jar.
	at org.apache.hadoop.hdds.utils.db.managed.ManagedRawSSTFileReader.loadLibrary(ManagedRawSSTFileReader.java:38)
	at org.apache.hadoop.ozone.om.snapshot.SnapshotDiffManager.initNativeLibraryForEfficientDiff(SnapshotDiffManager.java:285)
	at org.apache.hadoop.ozone.om.snapshot.SnapshotDiffManager.<init>(SnapshotDiffManager.java:259)
	at org.apache.hadoop.ozone.om.OmSnapshotManager.<init>(OmSnapshotManager.java:279)
	at org.apache.hadoop.ozone.om.OzoneManager.instantiateServices(OzoneManager.java:863)
	at org.apache.hadoop.ozone.om.OzoneManager.restart(OzoneManager.java:1752)
	at org.apache.hadoop.ozone.MiniOzoneHAClusterImpl.restartOzoneManager(MiniOzoneHAClusterImpl.java:211)
	at org.apache.hadoop.ozone.om.TestOzoneManagerPrepare.resetCluster(TestOzoneManagerPrepare.java:113)
	at sun.reflect.NativeMethodAccessorImpl.invoke0(Native Method)
	at sun.reflect.NativeMethodAccessorImpl.invoke(NativeMethodAccessorImpl.java:62)
	at sun.reflect.DelegatingMethodAccessorImpl.invoke(DelegatingMethodAccessorImpl.java:43)
	at java.lang.reflect.Method.invoke(Method.java:498)
	at org.junit.platform.commons.util.ReflectionUtils.invokeMethod(ReflectionUtils.java:728)
	at org.junit.jupiter.engine.execution.MethodInvocation.proceed(MethodInvocation.java:60)
	at org.junit.jupiter.engine.execution.InvocationInterceptorChain$ValidatingInvocation.proceed(InvocationInterceptorChain.java:131)
	at org.junit.jupiter.engine.extension.TimeoutExtension.intercept(TimeoutExtension.java:156)
	at org.junit.jupiter.engine.extension.TimeoutExtension.interceptLifecycleMethod(TimeoutExtension.java:128)
	at org.junit.jupiter.engine.extension.TimeoutExtension.interceptAfterEachMethod(TimeoutExtension.java:110)
	at org.junit.jupiter.engine.execution.InterceptingExecutableInvoker$ReflectiveInterceptorCall.lambda$ofVoidMethod$0(InterceptingExecutableInvoker.java:103)
	at org.junit.jupiter.engine.execution.InterceptingExecutableInvoker.lambda$invoke$0(InterceptingExecutableInvoker.java:93)
	at org.junit.jupiter.engine.execution.InvocationInterceptorChain$InterceptedInvocation.proceed(InvocationInterceptorChain.java:106)
	at org.junit.jupiter.engine.execution.InvocationInterceptorChain.proceed(InvocationInterceptorChain.java:64)
	at org.junit.jupiter.engine.execution.InvocationInterceptorChain.chainAndInvoke(InvocationInterceptorChain.java:45)
	at org.junit.jupiter.engine.execution.InvocationInterceptorChain.invoke(InvocationInterceptorChain.java:37)
	at org.junit.jupiter.engine.execution.InterceptingExecutableInvoker.invoke(InterceptingExecutableInvoker.java:92)
	at org.junit.jupiter.engine.execution.InterceptingExecutableInvoker.invoke(InterceptingExecutableInvoker.java:86)
	at org.junit.jupiter.engine.descriptor.ClassBasedTestDescriptor.invokeMethodInExtensionContext(ClassBasedTestDescriptor.java:521)
	at org.junit.jupiter.engine.descriptor.ClassBasedTestDescriptor.lambda$synthesizeAfterEachMethodAdapter$24(ClassBasedTestDescriptor.java:511)
	at org.junit.jupiter.engine.descriptor.TestMethodTestDescriptor.lambda$invokeAfterEachMethods$10(TestMethodTestDescriptor.java:244)
	at org.junit.jupiter.engine.descriptor.TestMethodTestDescriptor.lambda$invokeAllAfterMethodsOrCallbacks$13(TestMethodTestDescriptor.java:277)
	at org.junit.platform.engine.support.hierarchical.ThrowableCollector.execute(ThrowableCollector.java:73)
	at org.junit.jupiter.engine.descriptor.TestMethodTestDescriptor.lambda$invokeAllAfterMethodsOrCallbacks$14(TestMethodTestDescriptor.java:277)
	at org.junit.platform.commons.util.CollectionUtils.forEachInReverseOrder(CollectionUtils.java:217)
	at org.junit.jupiter.engine.descriptor.TestMethodTestDescriptor.invokeAllAfterMethodsOrCallbacks(TestMethodTestDescriptor.java:276)
	at org.junit.jupiter.engine.descriptor.TestMethodTestDescriptor.invokeAfterEachMethods(TestMethodTestDescriptor.java:242)
	at org.junit.jupiter.engine.descriptor.TestMethodTestDescriptor.execute(TestMethodTestDescriptor.java:143)
	at org.junit.jupiter.engine.descriptor.TestMethodTestDescriptor.execute(TestMethodTestDescriptor.java:69)
	at org.junit.platform.engine.support.hierarchical.NodeTestTask.lambda$executeRecursively$6(NodeTestTask.java:151)
	at org.junit.platform.engine.support.hierarchical.ThrowableCollector.execute(ThrowableCollector.java:73)
	at org.junit.platform.engine.support.hierarchical.NodeTestTask.lambda$executeRecursively$8(NodeTestTask.java:141)
	at org.junit.platform.engine.support.hierarchical.Node.around(Node.java:137)
	at org.junit.platform.engine.support.hierarchical.NodeTestTask.lambda$executeRecursively$9(NodeTestTask.java:139)
	at org.junit.platform.engine.support.hierarchical.ThrowableCollector.execute(ThrowableCollector.java:73)
	at org.junit.platform.engine.support.hierarchical.NodeTestTask.executeRecursively(NodeTestTask.java:138)
	at org.junit.platform.engine.support.hierarchical.NodeTestTask.execute(NodeTestTask.java:95)
	at java.util.ArrayList.forEach(ArrayList.java:1259)
	at org.junit.platform.engine.support.hierarchical.SameThreadHierarchicalTestExecutorService.invokeAll(SameThreadHierarchicalTestExecutorService.java:41)
	at org.junit.platform.engine.support.hierarchical.NodeTestTask.lambda$executeRecursively$6(NodeTestTask.java:155)
	at org.junit.platform.engine.support.hierarchical.ThrowableCollector.execute(ThrowableCollector.java:73)
	at org.junit.platform.engine.support.hierarchical.NodeTestTask.lambda$executeRecursively$8(NodeTestTask.java:141)
	at org.junit.platform.engine.support.hierarchical.Node.around(Node.java:137)
	at org.junit.platform.engine.support.hierarchical.NodeTestTask.lambda$executeRecursively$9(NodeTestTask.java:139)
	at org.junit.platform.engine.support.hierarchical.ThrowableCollector.execute(ThrowableCollector.java:73)
	at org.junit.platform.engine.support.hierarchical.NodeTestTask.executeRecursively(NodeTestTask.java:138)
	at org.junit.platform.engine.support.hierarchical.NodeTestTask.execute(NodeTestTask.java:95)
	at java.util.ArrayList.forEach(ArrayList.java:1259)
	at org.junit.platform.engine.support.hierarchical.SameThreadHierarchicalTestExecutorService.invokeAll(SameThreadHierarchicalTestExecutorService.java:41)
	at org.junit.platform.engine.support.hierarchical.NodeTestTask.lambda$executeRecursively$6(NodeTestTask.java:155)
	at org.junit.platform.engine.support.hierarchical.ThrowableCollector.execute(ThrowableCollector.java:73)
	at org.junit.platform.engine.support.hierarchical.NodeTestTask.lambda$executeRecursively$8(NodeTestTask.java:141)
	at org.junit.platform.engine.support.hierarchical.Node.around(Node.java:137)
	at org.junit.platform.engine.support.hierarchical.NodeTestTask.lambda$executeRecursively$9(NodeTestTask.java:139)
	at org.junit.platform.engine.support.hierarchical.ThrowableCollector.execute(ThrowableCollector.java:73)
	at org.junit.platform.engine.support.hierarchical.NodeTestTask.executeRecursively(NodeTestTask.java:138)
	at org.junit.platform.engine.support.hierarchical.NodeTestTask.execute(NodeTestTask.java:95)
	at org.junit.platform.engine.support.hierarchical.SameThreadHierarchicalTestExecutorService.submit(SameThreadHierarchicalTestExecutorService.java:35)
	at org.junit.platform.engine.support.hierarchical.HierarchicalTestExecutor.execute(HierarchicalTestExecutor.java:57)
	at org.junit.platform.engine.support.hierarchical.HierarchicalTestEngine.execute(HierarchicalTestEngine.java:54)
	at org.junit.platform.launcher.core.EngineExecutionOrchestrator.execute(EngineExecutionOrchestrator.java:198)
	at org.junit.platform.launcher.core.EngineExecutionOrchestrator.execute(EngineExecutionOrchestrator.java:169)
	at org.junit.platform.launcher.core.EngineExecutionOrchestrator.execute(EngineExecutionOrchestrator.java:93)
	at org.junit.platform.launcher.core.EngineExecutionOrchestrator.lambda$execute$0(EngineExecutionOrchestrator.java:58)
	at org.junit.platform.launcher.core.EngineExecutionOrchestrator.withInterceptedStreams(EngineExecutionOrchestrator.java:141)
	at org.junit.platform.launcher.core.EngineExecutionOrchestrator.execute(EngineExecutionOrchestrator.java:57)
	at org.junit.platform.launcher.core.DefaultLauncher.execute(DefaultLauncher.java:103)
	at org.junit.platform.launcher.core.DefaultLauncher.execute(DefaultLauncher.java:85)
	at org.junit.platform.launcher.core.DelegatingLauncher.execute(DelegatingLauncher.java:47)
	at org.junit.platform.launcher.core.SessionPerRequestLauncher.execute(SessionPerRequestLauncher.java:63)
	at org.apache.maven.surefire.junitplatform.JUnitPlatformProvider.invokeAllTests(JUnitPlatformProvider.java:165)
	at org.apache.maven.surefire.junitplatform.JUnitPlatformProvider.invoke(JUnitPlatformProvider.java:124)
	at org.apache.maven.surefire.booter.ForkedBooter.runSuitesInProcess(ForkedBooter.java:428)
	at org.apache.maven.surefire.booter.ForkedBooter.execute(ForkedBooter.java:162)
	at org.apache.maven.surefire.booter.ForkedBooter.run(ForkedBooter.java:562)
	at org.apache.maven.surefire.booter.ForkedBooter.main(ForkedBooter.java:548)
2024-03-11 08:39:49,769 [main] WARN  server.ServerUtils (ServerUtils.java:getDefaultRatisDirectory(311)) - Storage directory for Ratis is not configured. It is a good idea to map this to an SSD disk. Falling back to ozone.metadata.dirs
2024-03-11 08:39:49,770 [main] INFO  ratis.OzoneManagerRatisServer (OzoneManagerRatisServer.java:<init>(167)) - Instantiating OM Ratis server with groupID: om-service-test1 and peers: localhost:15230, localhost:15222, localhost:15226
2024-03-11 08:39:49,770 [main] INFO  ratis.OzoneManagerStateMachine (OzoneManagerStateMachine.java:loadSnapshotInfoFromDB(573)) - LastAppliedIndex is set from TransactionInfo from OM DB as (t:1, i:52)
2024-03-11 08:39:49,770 [main] INFO  server.RaftServer (ConfUtils.java:logGet(46)) - raft.rpc.type = GRPC (default)
2024-03-11 08:39:49,771 [main] INFO  grpc.GrpcConfigKeys (ConfUtils.java:logFallback(53)) - raft.grpc.admin.host = null (fallback to raft.grpc.server.host)
2024-03-11 08:39:49,771 [main] INFO  grpc.GrpcConfigKeys (ConfUtils.java:logFallback(53)) - raft.grpc.admin.port = 15230 (fallback to raft.grpc.server.port)
2024-03-11 08:39:49,771 [main] INFO  grpc.GrpcConfigKeys (ConfUtils.java:logFallback(53)) - raft.grpc.client.host = null (fallback to raft.grpc.server.host)
2024-03-11 08:39:49,771 [main] INFO  grpc.GrpcConfigKeys (ConfUtils.java:logFallback(53)) - raft.grpc.client.port = 15230 (fallback to raft.grpc.server.port)
2024-03-11 08:39:49,771 [main] INFO  grpc.GrpcConfigKeys (ConfUtils.java:logGet(46)) - raft.grpc.server.host = null (default)
2024-03-11 08:39:49,772 [main] INFO  grpc.GrpcConfigKeys (ConfUtils.java:logGet(46)) - raft.grpc.server.port = 15230 (custom)
2024-03-11 08:39:49,772 [main] INFO  server.GrpcService (ConfUtils.java:logGet(46)) - raft.grpc.message.size.max = 4194304 (custom)
2024-03-11 08:39:49,772 [main] INFO  server.RaftServerConfigKeys (ConfUtils.java:logGet(46)) - raft.server.log.appender.buffer.byte-limit = 4194304 (custom)
2024-03-11 08:39:49,772 [main] INFO  server.GrpcService (ConfUtils.java:logGet(46)) - raft.grpc.flow.control.window = 1MB (=1048576) (default)
2024-03-11 08:39:49,772 [main] INFO  server.RaftServerConfigKeys (ConfUtils.java:logGet(46)) - raft.server.rpc.request.timeout = 3000ms (default)
2024-03-11 08:39:49,772 [main] INFO  grpc.GrpcConfigKeys (ConfUtils.java:logGet(46)) - raft.grpc.server.heartbeat.channel = true (default)
2024-03-11 08:39:49,772 [main] INFO  grpc.GrpcConfigKeys (ConfUtils.java:logGet(46)) - raft.grpc.server.async.request.thread.pool.cached = true (default)
2024-03-11 08:39:49,773 [main] INFO  grpc.GrpcConfigKeys (ConfUtils.java:logGet(46)) - raft.grpc.server.async.request.thread.pool.size = 32 (default)
2024-03-11 08:39:49,774 [main] INFO  impl.DataStreamServerImpl (ConfUtils.java:logGet(46)) - raft.datastream.type = DISABLED (default)
2024-03-11 08:39:49,774 [main] INFO  server.RaftServerConfigKeys (ConfUtils.java:logGet(46)) - raft.server.sleep.deviation.threshold = 300ms (default)
2024-03-11 08:39:49,774 [main] INFO  server.RaftServerConfigKeys (ConfUtils.java:logGet(46)) - raft.server.close.threshold = 60s (default)
2024-03-11 08:39:49,774 [main] INFO  server.RaftServerConfigKeys (ConfUtils.java:logGet(46)) - raft.server.leaderelection.leader.step-down.wait-time = 10s (default)
2024-03-11 08:39:49,774 [main] INFO  server.RaftServerConfigKeys (ConfUtils.java:logGet(46)) - raft.server.storage.dir = [/home/runner/work/ozone/ozone/hadoop-ozone/integration-test/target/test-dir/MiniOzoneClusterImpl-90f76332-72a0-45e1-84c2-b164c055732a/omNode-3/ratis] (custom)
2024-03-11 08:39:49,774 [main] INFO  server.RaftServerConfigKeys (ConfUtils.java:logGet(46)) - raft.server.threadpool.proxy.cached = true (default)
2024-03-11 08:39:49,775 [main] INFO  server.RaftServerConfigKeys (ConfUtils.java:logGet(46)) - raft.server.threadpool.proxy.size = 0 (default)
2024-03-11 08:39:49,775 [omNode-3-impl-thread1] INFO  server.RaftServer (RaftServerProxy.java:initGroupDir(264)) - omNode-3: found a subdirectory /home/runner/work/ozone/ozone/hadoop-ozone/integration-test/target/test-dir/MiniOzoneClusterImpl-90f76332-72a0-45e1-84c2-b164c055732a/omNode-3/ratis/c9bc4cf4-3bc3-3c60-a66b-523986131536
2024-03-11 08:39:49,775 [main] INFO  server.RaftServer (RaftServerProxy.java:addNew(100)) - omNode-3: addNew group-523986131536:[omNode-3|localhost:15230, omNode-1|localhost:15222, omNode-2|localhost:15226] returns group-523986131536:java.util.concurrent.CompletableFuture@4895bcc9[Not completed]
2024-03-11 08:39:49,775 [main] INFO  om.OzoneManager (OzoneManager.java:initializeRatisServer(2177)) - OzoneManager Ratis server initialized at port 15230
2024-03-11 08:39:49,775 [omNode-3-groupManagement] INFO  server.RaftServer$Division (RaftServerImpl.java:<init>(256)) - omNode-3: new RaftServerImpl for group-523986131536:[omNode-3|localhost:15230, omNode-1|localhost:15222, omNode-2|localhost:15226] with OzoneManagerStateMachine:uninitialized
2024-03-11 08:39:49,775 [main] INFO  ratis.OzoneManagerRatisServer (OzoneManagerRatisServer.java:start(588)) - Starting OzoneManagerRatisServer omNode-3 at port 15230
2024-03-11 08:39:49,776 [omNode-3-groupManagement] INFO  server.RaftServerConfigKeys (ConfUtils.java:logGet(46)) - raft.server.rpc.timeout.min = 1s (custom)
2024-03-11 08:39:49,776 [omNode-3-groupManagement] INFO  server.RaftServerConfigKeys (ConfUtils.java:logGet(46)) - raft.server.rpc.timeout.max = 1200ms (custom)
2024-03-11 08:39:49,776 [omNode-3-groupManagement] INFO  server.RaftServerConfigKeys (ConfUtils.java:logGet(46)) - raft.server.rpc.sleep.time = 25ms (default)
2024-03-11 08:39:49,776 [omNode-3-groupManagement] INFO  server.RaftServerConfigKeys (ConfUtils.java:logGet(46)) - raft.server.rpc.slowness.timeout = 2s (custom)
2024-03-11 08:39:49,776 [omNode-3-groupManagement] INFO  server.RaftServerConfigKeys (ConfUtils.java:logGet(46)) - raft.server.leaderelection.leader.step-down.wait-time = 10s (default)
2024-03-11 08:39:49,776 [omNode-3-groupManagement] INFO  server.RaftServerConfigKeys (ConfUtils.java:logGet(46)) - raft.server.leaderelection.member.majority-add = false (default)
2024-03-11 08:39:49,776 [omNode-3-groupManagement] INFO  server.RaftServerConfigKeys (ConfUtils.java:logGet(46)) - raft.server.sleep.deviation.threshold = 300ms (default)
2024-03-11 08:39:49,776 [omNode-3-groupManagement] INFO  server.RaftServer$Division (ServerState.java:<init>(113)) - omNode-3@group-523986131536: ConfigurationManager, init=-1: peers:[omNode-3|localhost:15230, omNode-1|localhost:15222, omNode-2|localhost:15226]|listeners:[], old=null, confs=<EMPTY_MAP>
2024-03-11 08:39:49,776 [omNode-3-groupManagement] INFO  server.RaftServerConfigKeys (ConfUtils.java:logGet(46)) - raft.server.notification.no-leader.timeout = 2s (custom)
2024-03-11 08:39:49,776 [omNode-3-groupManagement] INFO  server.RaftServerConfigKeys (ConfUtils.java:logGet(46)) - raft.server.read.timeout = 10s (default)
2024-03-11 08:39:49,776 [omNode-3-groupManagement] INFO  server.RaftServerConfigKeys (ConfUtils.java:logGet(46)) - raft.server.retrycache.expirytime = 30000ms (custom)
2024-03-11 08:39:49,776 [omNode-3-groupManagement] INFO  server.RaftServerConfigKeys (ConfUtils.java:logGet(46)) - raft.server.retrycache.statistics.expirytime = 100ms (default)
2024-03-11 08:39:49,776 [omNode-3-groupManagement] INFO  server.RaftServerConfigKeys (ConfUtils.java:logGet(46)) - raft.server.read.option = DEFAULT (default)
2024-03-11 08:39:49,776 [omNode-3-groupManagement] INFO  server.RaftServerConfigKeys (ConfUtils.java:logGet(46)) - raft.server.read.read-after-write-consistent.write-index-cache.expiry-time = 60s (default)
2024-03-11 08:39:49,777 [omNode-3-groupManagement] INFO  server.RaftServerConfigKeys (ConfUtils.java:logGet(46)) - raft.server.rpc.request.timeout = 3000ms (default)
2024-03-11 08:39:49,777 [omNode-3-groupManagement] INFO  server.RaftServerConfigKeys (ConfUtils.java:logGet(46)) - raft.server.log.appender.install.snapshot.enabled = false (custom)
2024-03-11 08:39:49,777 [omNode-3-groupManagement] INFO  server.RaftServerConfigKeys (ConfUtils.java:logGet(46)) - raft.server.threadpool.server.cached = true (default)
2024-03-11 08:39:49,777 [omNode-3-groupManagement] INFO  server.RaftServerConfigKeys (ConfUtils.java:logGet(46)) - raft.server.threadpool.server.size = 0 (default)
2024-03-11 08:39:49,777 [omNode-3-groupManagement] INFO  server.RaftServerConfigKeys (ConfUtils.java:logGet(46)) - raft.server.threadpool.client.cached = true (default)
2024-03-11 08:39:49,777 [omNode-3-groupManagement] INFO  server.RaftServerConfigKeys (ConfUtils.java:logGet(46)) - raft.server.threadpool.client.size = 0 (default)
2024-03-11 08:39:49,778 [omNode-3-impl-thread1] INFO  server.RaftServerConfigKeys (ConfUtils.java:logGet(46)) - raft.server.storage.free-space.min = 0MB (=0) (default)
2024-03-11 08:39:49,778 [omNode-3-impl-thread1] INFO  server.RaftServerConfigKeys (ConfUtils.java:logGet(46)) - raft.server.log.corruption.policy = EXCEPTION (default)
2024-03-11 08:39:49,778 [omNode-3-impl-thread1] INFO  server.RaftServerConfigKeys (ConfUtils.java:logGet(46)) - raft.server.storage.dir = [/home/runner/work/ozone/ozone/hadoop-ozone/integration-test/target/test-dir/MiniOzoneClusterImpl-90f76332-72a0-45e1-84c2-b164c055732a/omNode-3/ratis] (custom)
2024-03-11 08:39:49,779 [omNode-3-impl-thread1] INFO  storage.RaftStorageDirectory (RaftStorageDirectoryImpl.java:tryLock(228)) - Lock on /home/runner/work/ozone/ozone/hadoop-ozone/integration-test/target/test-dir/MiniOzoneClusterImpl-90f76332-72a0-45e1-84c2-b164c055732a/omNode-3/ratis/c9bc4cf4-3bc3-3c60-a66b-523986131536/in_use.lock acquired by nodename 48108@fv-az1250-130
2024-03-11 08:39:49,780 [omNode-3-impl-thread1] INFO  storage.RaftStorage (RaftStorageImpl.java:analyzeAndRecoverStorage(119)) - Read RaftStorageMetadata{term=1, votedFor=omNode-1} from /home/runner/work/ozone/ozone/hadoop-ozone/integration-test/target/test-dir/MiniOzoneClusterImpl-90f76332-72a0-45e1-84c2-b164c055732a/omNode-3/ratis/c9bc4cf4-3bc3-3c60-a66b-523986131536/current/raft-meta
2024-03-11 08:39:49,781 [omNode-3-impl-thread1] INFO  server.RaftServer$Division (ServerState.java:setRaftConf(386)) - omNode-3@group-523986131536: set configuration 0: peers:[omNode-3|localhost:15230, omNode-1|localhost:15222, omNode-2|localhost:15226]|listeners:[], old=null
2024-03-11 08:39:49,781 [omNode-3-impl-thread1] INFO  server.RaftServerConfigKeys (ConfUtils.java:logGet(46)) - raft.server.log.use.memory = false (default)
2024-03-11 08:39:49,781 [omNode-3-impl-thread1] INFO  server.RaftServerConfigKeys (ConfUtils.java:logGet(46)) - raft.server.log.purge.gap = 50 (custom)
2024-03-11 08:39:49,781 [omNode-3-impl-thread1] INFO  server.RaftServerConfigKeys (ConfUtils.java:logGet(46)) - raft.server.log.appender.buffer.byte-limit = 4194304 (custom)
2024-03-11 08:39:49,781 [omNode-3-impl-thread1] INFO  server.RaftServerConfigKeys (ConfUtils.java:logGet(46)) - raft.server.log.statemachine.data.read.timeout = 1000ms (default)
2024-03-11 08:39:49,781 [omNode-3-impl-thread1] INFO  server.RaftServerConfigKeys (ConfUtils.java:logGet(46)) - raft.server.log.purge.preservation.log.num = 0 (default)
2024-03-11 08:39:49,782 [omNode-3-impl-thread1] INFO  server.RaftServerConfigKeys (ConfUtils.java:logGet(46)) - raft.server.log.segment.size.max = 4194304 (custom)
2024-03-11 08:39:49,782 [omNode-3-impl-thread1] INFO  server.RaftServerConfigKeys (ConfUtils.java:logGet(46)) - raft.server.log.segment.cache.num.max = 2 (custom)
2024-03-11 08:39:49,782 [omNode-3-impl-thread1] INFO  server.RaftServerConfigKeys (ConfUtils.java:logGet(46)) - raft.server.log.segment.cache.size.max = 200MB (=209715200) (default)
2024-03-11 08:39:49,782 [omNode-3-impl-thread1] INFO  server.RaftServerConfigKeys (ConfUtils.java:logGet(46)) - raft.server.log.appender.buffer.byte-limit = 4194304 (custom)
2024-03-11 08:39:49,782 [omNode-3-impl-thread1] INFO  util.AwaitToRun (AwaitToRun.java:start(81)) - Thread[omNode-3@group-523986131536-cacheEviction-AwaitToRun,5,main] started
2024-03-11 08:39:49,782 [omNode-3-impl-thread1] INFO  segmented.SegmentedRaftLogWorker (SegmentedRaftLogWorker.java:<init>(182)) - new omNode-3@group-523986131536-SegmentedRaftLogWorker for RaftStorageImpl:Storage Directory /home/runner/work/ozone/ozone/hadoop-ozone/integration-test/target/test-dir/MiniOzoneClusterImpl-90f76332-72a0-45e1-84c2-b164c055732a/omNode-3/ratis/c9bc4cf4-3bc3-3c60-a66b-523986131536
2024-03-11 08:39:49,782 [omNode-3-impl-thread1] INFO  server.RaftServerConfigKeys (ConfUtils.java:logGet(46)) - raft.server.log.queue.byte-limit = 64MB (=67108864) (default)
2024-03-11 08:39:49,782 [omNode-3-impl-thread1] INFO  server.RaftServerConfigKeys (ConfUtils.java:logGet(46)) - raft.server.log.queue.element-limit = 4096 (default)
2024-03-11 08:39:49,783 [omNode-3-impl-thread1] INFO  server.RaftServerConfigKeys (ConfUtils.java:logGet(46)) - raft.server.log.segment.size.max = 4194304 (custom)
2024-03-11 08:39:49,783 [omNode-3-impl-thread1] INFO  server.RaftServerConfigKeys (ConfUtils.java:logGet(46)) - raft.server.log.preallocated.size = 4194304 (custom)
2024-03-11 08:39:49,783 [omNode-3-impl-thread1] INFO  server.RaftServerConfigKeys (ConfUtils.java:logGet(46)) - raft.server.log.force.sync.num = 128 (default)
2024-03-11 08:39:49,783 [omNode-3-impl-thread1] INFO  server.RaftServerConfigKeys (ConfUtils.java:logGet(46)) - raft.server.log.statemachine.data.sync = true (default)
2024-03-11 08:39:49,783 [omNode-3-impl-thread1] INFO  server.RaftServerConfigKeys (ConfUtils.java:logGet(46)) - raft.server.log.statemachine.data.sync.timeout = 10s (default)
2024-03-11 08:39:49,783 [omNode-3-impl-thread1] INFO  server.RaftServerConfigKeys (ConfUtils.java:logGet(46)) - raft.server.log.statemachine.data.sync.timeout.retry = -1 (default)
2024-03-11 08:39:49,783 [omNode-3-impl-thread1] INFO  server.RaftServerConfigKeys (ConfUtils.java:logGet(46)) - raft.server.log.write.buffer.size = 4194312 (custom)
2024-03-11 08:39:49,784 [omNode-3-impl-thread1] INFO  server.RaftServerConfigKeys (ConfUtils.java:logGet(46)) - raft.server.log.appender.buffer.byte-limit = 4194304 (custom)
2024-03-11 08:39:49,784 [omNode-3-impl-thread1] INFO  server.RaftServerConfigKeys (ConfUtils.java:logGet(46)) - raft.server.log.unsafe-flush.enabled = false (default)
2024-03-11 08:39:49,784 [omNode-3-impl-thread1] INFO  server.RaftServerConfigKeys (ConfUtils.java:logGet(46)) - raft.server.log.async-flush.enabled = false (default)
2024-03-11 08:39:49,784 [omNode-3-impl-thread1] INFO  server.RaftServerConfigKeys (ConfUtils.java:logGet(46)) - raft.server.log.statemachine.data.caching.enabled = false (default)
2024-03-11 08:39:49,785 [omNode-3-impl-thread1] INFO  server.RaftServer$Division (ServerState.java:setRaftConf(386)) - omNode-3@group-523986131536: set configuration 0: peers:[omNode-3|localhost:15230, omNode-1|localhost:15222, omNode-2|localhost:15226]|listeners:[], old=null
2024-03-11 08:39:49,786 [omNode-3-impl-thread1] INFO  segmented.LogSegment (LogSegment.java:loadSegment(170)) - Successfully read 53 entries from segment file /home/runner/work/ozone/ozone/hadoop-ozone/integration-test/target/test-dir/MiniOzoneClusterImpl-90f76332-72a0-45e1-84c2-b164c055732a/omNode-3/ratis/c9bc4cf4-3bc3-3c60-a66b-523986131536/current/log_inprogress_0
2024-03-11 08:39:49,786 [omNode-3-impl-thread1] INFO  segmented.SegmentedRaftLogWorker (SegmentedRaftLogWorker.java:lambda$new$0(134)) - omNode-3@group-523986131536-SegmentedRaftLogWorker: flushIndex: setUnconditionally 0 -> 52
2024-03-11 08:39:49,786 [omNode-3-impl-thread1] INFO  segmented.SegmentedRaftLogWorker (SegmentedRaftLogWorker.java:lambda$new$0(134)) - omNode-3@group-523986131536-SegmentedRaftLogWorker: safeCacheEvictIndex: setUnconditionally 0 -> -1
2024-03-11 08:39:49,786 [omNode-3-impl-thread1] INFO  segmented.BufferedWriteChannel (BufferedWriteChannel.java:open(62)) - open log_inprogress_0 (append) at position 16833
2024-03-11 08:39:49,787 [omNode-3-impl-thread1] INFO  server.RaftServer$Division (RaftServerImpl.java:start(396)) - omNode-3@group-523986131536: start as a follower, conf=0: peers:[omNode-3|localhost:15230, omNode-1|localhost:15222, omNode-2|localhost:15226]|listeners:[], old=null
2024-03-11 08:39:49,787 [omNode-3-impl-thread1] INFO  server.RaftServer$Division (RaftServerImpl.java:setRole(383)) - omNode-3@group-523986131536: changes role from      null to FOLLOWER at term 1 for startAsFollower
2024-03-11 08:39:49,787 [omNode-3-impl-thread1] INFO  impl.RoleInfo (RoleInfo.java:updateAndGet(139)) - omNode-3: start omNode-3@group-523986131536-FollowerState
2024-03-11 08:39:49,787 [omNode-3-impl-thread1] INFO  util.JmxRegister (JmxRegister.java:tryRegister(44)) - Successfully registered JMX Bean with object name Ratis:service=RaftServer,group=group-523986131536,id=omNode-3
2024-03-11 08:39:49,787 [omNode-3-impl-thread1] INFO  server.RaftServerConfigKeys (ConfUtils.java:logGet(46)) - raft.server.snapshot.trigger-when-stop.enabled = true (default)
2024-03-11 08:39:49,787 [omNode-3-impl-thread1] INFO  server.RaftServerConfigKeys (ConfUtils.java:logGet(46)) - raft.server.snapshot.auto.trigger.enabled = true (custom)
2024-03-11 08:39:49,787 [omNode-3-impl-thread1] INFO  server.RaftServerConfigKeys (ConfUtils.java:logGet(46)) - raft.server.snapshot.auto.trigger.threshold = 50 (custom)
2024-03-11 08:39:49,787 [omNode-3-impl-thread1] INFO  server.RaftServerConfigKeys (ConfUtils.java:logGet(46)) - raft.server.snapshot.retention.file.num = -1 (default)
2024-03-11 08:39:49,787 [omNode-3-impl-thread1] INFO  server.RaftServerConfigKeys (ConfUtils.java:logGet(46)) - raft.server.log.purge.upto.snapshot.index = true (custom)
2024-03-11 08:39:49,788 [omNode-3@group-523986131536-FollowerState] INFO  server.RaftServerConfigKeys (ConfUtils.java:logFallback(53)) - raft.server.rpc.first-election.timeout.min = 1s (fallback to raft.server.rpc.timeout.min)
2024-03-11 08:39:49,788 [omNode-3@group-523986131536-FollowerState] INFO  server.RaftServerConfigKeys (ConfUtils.java:logFallback(53)) - raft.server.rpc.first-election.timeout.max = 1200ms (fallback to raft.server.rpc.timeout.max)
2024-03-11 08:39:49,789 [main] INFO  server.RaftServer (RaftServerProxy.java:startImpl(406)) - omNode-3: start RPC server
2024-03-11 08:39:49,792 [main] INFO  server.GrpcService (GrpcService.java:startImpl(302)) - omNode-3: GrpcService started, listening on 15230
2024-03-11 08:39:49,792 [main] INFO  om.OzoneManager (OzoneManager.java:getRpcServer(1231)) - Creating RPC Server
2024-03-11 08:39:49,792 [JvmPauseMonitor66] INFO  util.JvmPauseMonitor (JvmPauseMonitor.java:run(146)) - JvmPauseMonitor-omNode-3: Started
2024-03-11 08:39:49,988 [main] INFO  ipc.CallQueueManager (CallQueueManager.java:<init>(90)) - Using callQueue: class java.util.concurrent.LinkedBlockingQueue, queueCapacity: 2000, scheduler: class org.apache.hadoop.ipc.DefaultRpcScheduler, ipcBackoff: false.
2024-03-11 08:39:49,989 [main] INFO  ipc.Server (Server.java:<init>(1287)) - Listener at localhost:15227
2024-03-11 08:39:49,989 [Socket Reader #1 for port 15227] INFO  ipc.Server (Server.java:run(1323)) - Starting Socket Reader #1 for port 15227
2024-03-11 08:39:49,991 [main] INFO  http.BaseHttpServer (BaseHttpServer.java:newHttpServer2BuilderForOzone(223)) - Starting Web-server for ozoneManager at: http://0.0.0.0:15228
2024-03-11 08:39:49,992 [main] INFO  http.BaseHttpServer (BaseHttpServer.java:<init>(110)) - Hadoop Security Enabled: false Ozone Security Enabled: false Ozone HTTP Security Enabled: false 
2024-03-11 08:39:49,993 [main] WARN  server.AuthenticationFilter (AuthenticationFilter.java:constructSecretProvider(240)) - Unable to initialize FileSignerSecretProvider, falling back to use random secrets. Reason: Could not read signature secret file: /home/runner/hadoop-http-auth-signature-secret
2024-03-11 08:39:49,993 [main] INFO  http.HttpRequestLog (HttpRequestLog.java:getRequestLog(86)) - Http request log for http.requests.ozoneManager is not defined
2024-03-11 08:39:49,994 [main] INFO  http.HttpServer2 (HttpServer2.java:addGlobalFilter(1036)) - Added global filter 'safety' (class=org.apache.hadoop.hdds.server.http.HttpServer2$QuotingInputFilter)
2024-03-11 08:39:49,994 [main] INFO  http.HttpServer2 (HttpServer2.java:addFilter(1012)) - Added filter static_user_filter (class=org.apache.hadoop.http.lib.StaticUserWebFilter$StaticUserFilter) to context ozoneManager
2024-03-11 08:39:49,994 [main] INFO  http.HttpServer2 (HttpServer2.java:addFilter(1020)) - Added filter static_user_filter (class=org.apache.hadoop.http.lib.StaticUserWebFilter$StaticUserFilter) to context static
2024-03-11 08:39:49,994 [main] INFO  http.HttpServer2 (HttpServer2.java:addFilter(1020)) - Added filter static_user_filter (class=org.apache.hadoop.http.lib.StaticUserWebFilter$StaticUserFilter) to context logs
2024-03-11 08:39:49,994 [main] INFO  http.BaseHttpServer (BaseHttpServer.java:<init>(189)) - HTTP server of ozoneManager uses base directory /home/runner/work/ozone/ozone/hadoop-ozone/integration-test/target/test-dir/MiniOzoneClusterImpl-90f76332-72a0-45e1-84c2-b164c055732a/omNode-3/webserver
2024-03-11 08:39:49,995 [main] INFO  http.HttpServer2 (HttpServer2.java:bindListener(1236)) - Jetty bound to port 15228
2024-03-11 08:39:49,995 [main] INFO  server.Server (Server.java:doStart(375)) - jetty-9.4.53.v20231009; built: 2023-10-09T12:29:09.265Z; git: 27bde00a0b95a1d5bbee0eae7984f891d2d0f8c9; jvm 1.8.0_402-b06
2024-03-11 08:39:49,995 [main] INFO  server.session (DefaultSessionIdManager.java:doStart(334)) - DefaultSessionIdManager workerName=node0
2024-03-11 08:39:49,996 [main] INFO  server.session (DefaultSessionIdManager.java:doStart(339)) - No SessionScavenger set, using defaults
2024-03-11 08:39:49,996 [main] INFO  server.session (HouseKeeper.java:startScavenging(132)) - node0 Scavenging every 660000ms
2024-03-11 08:39:49,996 [main] INFO  handler.ContextHandler (ContextHandler.java:doStart(921)) - Started o.e.j.s.ServletContextHandler@33ea14f7{logs,/logs,file:///home/runner/work/ozone/ozone/hadoop-ozone/integration-test/target/log,AVAILABLE}
2024-03-11 08:39:49,996 [main] INFO  handler.ContextHandler (ContextHandler.java:doStart(921)) - Started o.e.j.s.ServletContextHandler@3940ac7{static,/static,file:///home/runner/work/ozone/ozone/hadoop-ozone/integration-test/target/test-classes/webapps/static,AVAILABLE}
2024-03-11 08:39:49,998 [main] INFO  handler.ContextHandler (ContextHandler.java:doStart(921)) - Started o.e.j.w.WebAppContext@2e1ae7d3{ozoneManager,/,file:///home/runner/work/ozone/ozone/hadoop-ozone/integration-test/target/test-classes/webapps/ozoneManager/,AVAILABLE}{file:/home/runner/work/ozone/ozone/hadoop-ozone/integration-test/target/test-classes/webapps/ozoneManager}
2024-03-11 08:39:49,999 [main] INFO  server.AbstractConnector (AbstractConnector.java:doStart(333)) - Started ServerConnector@46048d72{HTTP/1.1, (http/1.1)}{0.0.0.0:15228}
2024-03-11 08:39:49,999 [main] INFO  server.Server (Server.java:doStart(415)) - Started @804770ms
2024-03-11 08:39:49,999 [main] WARN  impl.MetricsSystemImpl (MetricsSystemImpl.java:register(279)) - Sink prometheus already exists!
2024-03-11 08:39:50,000 [main] INFO  http.BaseHttpServer (BaseHttpServer.java:updateConnectorAddress(354)) - HTTP server of ozoneManager listening at http://0.0.0.0:15228
2024-03-11 08:39:50,000 [IPC Server Responder] INFO  ipc.Server (Server.java:run(1562)) - IPC Server Responder: starting
2024-03-11 08:39:50,000 [IPC Server listener on 15227] INFO  ipc.Server (Server.java:run(1402)) - IPC Server listener on 15227: starting
2024-03-11 08:39:50,003 [main] INFO  om.OzoneManager (OzoneManager.java:startTrashEmptier(2130)) - Trash Interval set to 0. Files deleted won't move to trash
2024-03-11 08:39:50,004 [main] INFO  om.OzoneManager (OzoneManager.java:restart(1747)) - OzoneManager RPC server is listening at localhost/127.0.0.1:15219
2024-03-11 08:39:50,004 [main] INFO  impl.MetricsSystemImpl (MetricsSystemImpl.java:init(158)) - OzoneManager metrics system started (again)
2024-03-11 08:39:50,012 [main] WARN  server.ServerUtils (ServerUtils.java:getDBPath(299)) - ozone.om.db.dirs is not configured. We recommend adding this setting. Falling back to ozone.metadata.dirs instead.
2024-03-11 08:39:50,013 [main] INFO  helpers.OmKeyInfo (OmKeyInfo.java:getCodec(71)) - OmKeyInfo.getCodec ignorePipeline = true
2024-03-11 08:39:50,045 [main] INFO  om.OzoneManager (OzoneManager.java:instantiateServices(811)) - S3 Multi-Tenancy is disabled
2024-03-11 08:39:50,045 [main] INFO  om.OmSnapshotManager (OmSnapshotManager.java:<init>(177)) - Ozone filesystem snapshot feature is enabled.
2024-03-11 08:39:50,046 [main] WARN  server.ServerUtils (ServerUtils.java:getDBPath(299)) - ozone.om.snapshot.diff.db.dir is not configured. We recommend adding this setting. Falling back to ozone.metadata.dirs instead.
2024-03-11 08:39:50,054 [main] INFO  utils.NativeLibraryLoader (NativeLibraryLoader.java:loadLibrary(108)) - Loading Library: ozone_rocksdb_tools
2024-03-11 08:39:50,054 [main] ERROR snapshot.SnapshotDiffManager (SnapshotDiffManager.java:initNativeLibraryForEfficientDiff(287)) - Native Library for raw sst file reading loading failed.
org.apache.hadoop.hdds.utils.NativeLibraryNotLoadedException: Unable to load library ozone_rocksdb_tools from both java.library.path & resource file libozone_rocksdb_tools.so from jar.
	at org.apache.hadoop.hdds.utils.db.managed.ManagedRawSSTFileReader.loadLibrary(ManagedRawSSTFileReader.java:38)
	at org.apache.hadoop.ozone.om.snapshot.SnapshotDiffManager.initNativeLibraryForEfficientDiff(SnapshotDiffManager.java:285)
	at org.apache.hadoop.ozone.om.snapshot.SnapshotDiffManager.<init>(SnapshotDiffManager.java:259)
	at org.apache.hadoop.ozone.om.OmSnapshotManager.<init>(OmSnapshotManager.java:279)
	at org.apache.hadoop.ozone.om.OzoneManager.instantiateServices(OzoneManager.java:863)
	at org.apache.hadoop.ozone.om.OzoneManager.restart(OzoneManager.java:1752)
	at org.apache.hadoop.ozone.MiniOzoneHAClusterImpl.restartOzoneManager(MiniOzoneHAClusterImpl.java:211)
	at org.apache.hadoop.ozone.om.TestOzoneManagerPrepare.resetCluster(TestOzoneManagerPrepare.java:113)
	at sun.reflect.NativeMethodAccessorImpl.invoke0(Native Method)
	at sun.reflect.NativeMethodAccessorImpl.invoke(NativeMethodAccessorImpl.java:62)
	at sun.reflect.DelegatingMethodAccessorImpl.invoke(DelegatingMethodAccessorImpl.java:43)
	at java.lang.reflect.Method.invoke(Method.java:498)
	at org.junit.platform.commons.util.ReflectionUtils.invokeMethod(ReflectionUtils.java:728)
	at org.junit.jupiter.engine.execution.MethodInvocation.proceed(MethodInvocation.java:60)
	at org.junit.jupiter.engine.execution.InvocationInterceptorChain$ValidatingInvocation.proceed(InvocationInterceptorChain.java:131)
	at org.junit.jupiter.engine.extension.TimeoutExtension.intercept(TimeoutExtension.java:156)
	at org.junit.jupiter.engine.extension.TimeoutExtension.interceptLifecycleMethod(TimeoutExtension.java:128)
	at org.junit.jupiter.engine.extension.TimeoutExtension.interceptAfterEachMethod(TimeoutExtension.java:110)
	at org.junit.jupiter.engine.execution.InterceptingExecutableInvoker$ReflectiveInterceptorCall.lambda$ofVoidMethod$0(InterceptingExecutableInvoker.java:103)
	at org.junit.jupiter.engine.execution.InterceptingExecutableInvoker.lambda$invoke$0(InterceptingExecutableInvoker.java:93)
	at org.junit.jupiter.engine.execution.InvocationInterceptorChain$InterceptedInvocation.proceed(InvocationInterceptorChain.java:106)
	at org.junit.jupiter.engine.execution.InvocationInterceptorChain.proceed(InvocationInterceptorChain.java:64)
	at org.junit.jupiter.engine.execution.InvocationInterceptorChain.chainAndInvoke(InvocationInterceptorChain.java:45)
	at org.junit.jupiter.engine.execution.InvocationInterceptorChain.invoke(InvocationInterceptorChain.java:37)
	at org.junit.jupiter.engine.execution.InterceptingExecutableInvoker.invoke(InterceptingExecutableInvoker.java:92)
	at org.junit.jupiter.engine.execution.InterceptingExecutableInvoker.invoke(InterceptingExecutableInvoker.java:86)
	at org.junit.jupiter.engine.descriptor.ClassBasedTestDescriptor.invokeMethodInExtensionContext(ClassBasedTestDescriptor.java:521)
	at org.junit.jupiter.engine.descriptor.ClassBasedTestDescriptor.lambda$synthesizeAfterEachMethodAdapter$24(ClassBasedTestDescriptor.java:511)
	at org.junit.jupiter.engine.descriptor.TestMethodTestDescriptor.lambda$invokeAfterEachMethods$10(TestMethodTestDescriptor.java:244)
	at org.junit.jupiter.engine.descriptor.TestMethodTestDescriptor.lambda$invokeAllAfterMethodsOrCallbacks$13(TestMethodTestDescriptor.java:277)
	at org.junit.platform.engine.support.hierarchical.ThrowableCollector.execute(ThrowableCollector.java:73)
	at org.junit.jupiter.engine.descriptor.TestMethodTestDescriptor.lambda$invokeAllAfterMethodsOrCallbacks$14(TestMethodTestDescriptor.java:277)
	at org.junit.platform.commons.util.CollectionUtils.forEachInReverseOrder(CollectionUtils.java:217)
	at org.junit.jupiter.engine.descriptor.TestMethodTestDescriptor.invokeAllAfterMethodsOrCallbacks(TestMethodTestDescriptor.java:276)
	at org.junit.jupiter.engine.descriptor.TestMethodTestDescriptor.invokeAfterEachMethods(TestMethodTestDescriptor.java:242)
	at org.junit.jupiter.engine.descriptor.TestMethodTestDescriptor.execute(TestMethodTestDescriptor.java:143)
	at org.junit.jupiter.engine.descriptor.TestMethodTestDescriptor.execute(TestMethodTestDescriptor.java:69)
	at org.junit.platform.engine.support.hierarchical.NodeTestTask.lambda$executeRecursively$6(NodeTestTask.java:151)
	at org.junit.platform.engine.support.hierarchical.ThrowableCollector.execute(ThrowableCollector.java:73)
	at org.junit.platform.engine.support.hierarchical.NodeTestTask.lambda$executeRecursively$8(NodeTestTask.java:141)
	at org.junit.platform.engine.support.hierarchical.Node.around(Node.java:137)
	at org.junit.platform.engine.support.hierarchical.NodeTestTask.lambda$executeRecursively$9(NodeTestTask.java:139)
	at org.junit.platform.engine.support.hierarchical.ThrowableCollector.execute(ThrowableCollector.java:73)
	at org.junit.platform.engine.support.hierarchical.NodeTestTask.executeRecursively(NodeTestTask.java:138)
	at org.junit.platform.engine.support.hierarchical.NodeTestTask.execute(NodeTestTask.java:95)
	at java.util.ArrayList.forEach(ArrayList.java:1259)
	at org.junit.platform.engine.support.hierarchical.SameThreadHierarchicalTestExecutorService.invokeAll(SameThreadHierarchicalTestExecutorService.java:41)
	at org.junit.platform.engine.support.hierarchical.NodeTestTask.lambda$executeRecursively$6(NodeTestTask.java:155)
	at org.junit.platform.engine.support.hierarchical.ThrowableCollector.execute(ThrowableCollector.java:73)
	at org.junit.platform.engine.support.hierarchical.NodeTestTask.lambda$executeRecursively$8(NodeTestTask.java:141)
	at org.junit.platform.engine.support.hierarchical.Node.around(Node.java:137)
	at org.junit.platform.engine.support.hierarchical.NodeTestTask.lambda$executeRecursively$9(NodeTestTask.java:139)
	at org.junit.platform.engine.support.hierarchical.ThrowableCollector.execute(ThrowableCollector.java:73)
	at org.junit.platform.engine.support.hierarchical.NodeTestTask.executeRecursively(NodeTestTask.java:138)
	at org.junit.platform.engine.support.hierarchical.NodeTestTask.execute(NodeTestTask.java:95)
	at java.util.ArrayList.forEach(ArrayList.java:1259)
	at org.junit.platform.engine.support.hierarchical.SameThreadHierarchicalTestExecutorService.invokeAll(SameThreadHierarchicalTestExecutorService.java:41)
	at org.junit.platform.engine.support.hierarchical.NodeTestTask.lambda$executeRecursively$6(NodeTestTask.java:155)
	at org.junit.platform.engine.support.hierarchical.ThrowableCollector.execute(ThrowableCollector.java:73)
	at org.junit.platform.engine.support.hierarchical.NodeTestTask.lambda$executeRecursively$8(NodeTestTask.java:141)
	at org.junit.platform.engine.support.hierarchical.Node.around(Node.java:137)
	at org.junit.platform.engine.support.hierarchical.NodeTestTask.lambda$executeRecursively$9(NodeTestTask.java:139)
	at org.junit.platform.engine.support.hierarchical.ThrowableCollector.execute(ThrowableCollector.java:73)
	at org.junit.platform.engine.support.hierarchical.NodeTestTask.executeRecursively(NodeTestTask.java:138)
	at org.junit.platform.engine.support.hierarchical.NodeTestTask.execute(NodeTestTask.java:95)
	at org.junit.platform.engine.support.hierarchical.SameThreadHierarchicalTestExecutorService.submit(SameThreadHierarchicalTestExecutorService.java:35)
	at org.junit.platform.engine.support.hierarchical.HierarchicalTestExecutor.execute(HierarchicalTestExecutor.java:57)
	at org.junit.platform.engine.support.hierarchical.HierarchicalTestEngine.execute(HierarchicalTestEngine.java:54)
	at org.junit.platform.launcher.core.EngineExecutionOrchestrator.execute(EngineExecutionOrchestrator.java:198)
	at org.junit.platform.launcher.core.EngineExecutionOrchestrator.execute(EngineExecutionOrchestrator.java:169)
	at org.junit.platform.launcher.core.EngineExecutionOrchestrator.execute(EngineExecutionOrchestrator.java:93)
	at org.junit.platform.launcher.core.EngineExecutionOrchestrator.lambda$execute$0(EngineExecutionOrchestrator.java:58)
	at org.junit.platform.launcher.core.EngineExecutionOrchestrator.withInterceptedStreams(EngineExecutionOrchestrator.java:141)
	at org.junit.platform.launcher.core.EngineExecutionOrchestrator.execute(EngineExecutionOrchestrator.java:57)
	at org.junit.platform.launcher.core.DefaultLauncher.execute(DefaultLauncher.java:103)
	at org.junit.platform.launcher.core.DefaultLauncher.execute(DefaultLauncher.java:85)
	at org.junit.platform.launcher.core.DelegatingLauncher.execute(DelegatingLauncher.java:47)
	at org.junit.platform.launcher.core.SessionPerRequestLauncher.execute(SessionPerRequestLauncher.java:63)
	at org.apache.maven.surefire.junitplatform.JUnitPlatformProvider.invokeAllTests(JUnitPlatformProvider.java:165)
	at org.apache.maven.surefire.junitplatform.JUnitPlatformProvider.invoke(JUnitPlatformProvider.java:124)
	at org.apache.maven.surefire.booter.ForkedBooter.runSuitesInProcess(ForkedBooter.java:428)
	at org.apache.maven.surefire.booter.ForkedBooter.execute(ForkedBooter.java:162)
	at org.apache.maven.surefire.booter.ForkedBooter.run(ForkedBooter.java:562)
	at org.apache.maven.surefire.booter.ForkedBooter.main(ForkedBooter.java:548)
2024-03-11 08:39:50,061 [main] WARN  dropwizard3.Dm3MetricRegistriesImpl (Dm3MetricRegistriesImpl.java:addReporterRegistration(113)) - New reporters are added after registries were created. Some metrics will be missing from the reporter. Please add reporter before adding any new registry.
2024-03-11 08:39:50,061 [main] WARN  dropwizard3.Dm3MetricRegistriesImpl (Dm3MetricRegistriesImpl.java:addReporterRegistration(113)) - New reporters are added after registries were created. Some metrics will be missing from the reporter. Please add reporter before adding any new registry.
2024-03-11 08:39:50,061 [main] WARN  server.ServerUtils (ServerUtils.java:getDefaultRatisDirectory(311)) - Storage directory for Ratis is not configured. It is a good idea to map this to an SSD disk. Falling back to ozone.metadata.dirs
2024-03-11 08:39:50,062 [main] INFO  ratis.OzoneManagerRatisServer (OzoneManagerRatisServer.java:<init>(167)) - Instantiating OM Ratis server with groupID: om-service-test1 and peers: localhost:15222, localhost:15230, localhost:15226
2024-03-11 08:39:50,062 [main] INFO  ratis.OzoneManagerStateMachine (OzoneManagerStateMachine.java:loadSnapshotInfoFromDB(573)) - LastAppliedIndex is set from TransactionInfo from OM DB as (t:1, i:52)
2024-03-11 08:39:50,062 [main] INFO  server.RaftServer (ConfUtils.java:logGet(46)) - raft.rpc.type = GRPC (default)
2024-03-11 08:39:50,065 [main] INFO  grpc.GrpcConfigKeys (ConfUtils.java:logFallback(53)) - raft.grpc.admin.host = null (fallback to raft.grpc.server.host)
2024-03-11 08:39:50,065 [main] INFO  grpc.GrpcConfigKeys (ConfUtils.java:logFallback(53)) - raft.grpc.admin.port = 15222 (fallback to raft.grpc.server.port)
2024-03-11 08:39:50,065 [main] INFO  grpc.GrpcConfigKeys (ConfUtils.java:logFallback(53)) - raft.grpc.client.host = null (fallback to raft.grpc.server.host)
2024-03-11 08:39:50,065 [main] INFO  grpc.GrpcConfigKeys (ConfUtils.java:logFallback(53)) - raft.grpc.client.port = 15222 (fallback to raft.grpc.server.port)
2024-03-11 08:39:50,065 [main] INFO  grpc.GrpcConfigKeys (ConfUtils.java:logGet(46)) - raft.grpc.server.host = null (default)
2024-03-11 08:39:50,065 [main] INFO  grpc.GrpcConfigKeys (ConfUtils.java:logGet(46)) - raft.grpc.server.port = 15222 (custom)
2024-03-11 08:39:50,065 [main] INFO  server.GrpcService (ConfUtils.java:logGet(46)) - raft.grpc.message.size.max = 4194304 (custom)
2024-03-11 08:39:50,066 [main] INFO  server.RaftServerConfigKeys (ConfUtils.java:logGet(46)) - raft.server.log.appender.buffer.byte-limit = 4194304 (custom)
2024-03-11 08:39:50,066 [main] INFO  server.GrpcService (ConfUtils.java:logGet(46)) - raft.grpc.flow.control.window = 1MB (=1048576) (default)
2024-03-11 08:39:50,066 [main] INFO  server.RaftServerConfigKeys (ConfUtils.java:logGet(46)) - raft.server.rpc.request.timeout = 3000ms (default)
2024-03-11 08:39:50,066 [main] INFO  grpc.GrpcConfigKeys (ConfUtils.java:logGet(46)) - raft.grpc.server.heartbeat.channel = true (default)
2024-03-11 08:39:50,066 [main] INFO  grpc.GrpcConfigKeys (ConfUtils.java:logGet(46)) - raft.grpc.server.async.request.thread.pool.cached = true (default)
2024-03-11 08:39:50,067 [main] INFO  grpc.GrpcConfigKeys (ConfUtils.java:logGet(46)) - raft.grpc.server.async.request.thread.pool.size = 32 (default)
2024-03-11 08:39:50,068 [main] INFO  impl.DataStreamServerImpl (ConfUtils.java:logGet(46)) - raft.datastream.type = DISABLED (default)
2024-03-11 08:39:50,068 [main] INFO  server.RaftServerConfigKeys (ConfUtils.java:logGet(46)) - raft.server.sleep.deviation.threshold = 300ms (default)
2024-03-11 08:39:50,068 [main] INFO  server.RaftServerConfigKeys (ConfUtils.java:logGet(46)) - raft.server.close.threshold = 60s (default)
2024-03-11 08:39:50,068 [main] INFO  server.RaftServerConfigKeys (ConfUtils.java:logGet(46)) - raft.server.leaderelection.leader.step-down.wait-time = 10s (default)
2024-03-11 08:39:50,068 [main] INFO  server.RaftServerConfigKeys (ConfUtils.java:logGet(46)) - raft.server.storage.dir = [/home/runner/work/ozone/ozone/hadoop-ozone/integration-test/target/test-dir/MiniOzoneClusterImpl-90f76332-72a0-45e1-84c2-b164c055732a/omNode-1/ratis] (custom)
2024-03-11 08:39:50,068 [main] INFO  server.RaftServerConfigKeys (ConfUtils.java:logGet(46)) - raft.server.threadpool.proxy.cached = true (default)
2024-03-11 08:39:50,069 [main] INFO  server.RaftServerConfigKeys (ConfUtils.java:logGet(46)) - raft.server.threadpool.proxy.size = 0 (default)
2024-03-11 08:39:50,069 [omNode-1-impl-thread1] INFO  server.RaftServer (RaftServerProxy.java:initGroupDir(264)) - omNode-1: found a subdirectory /home/runner/work/ozone/ozone/hadoop-ozone/integration-test/target/test-dir/MiniOzoneClusterImpl-90f76332-72a0-45e1-84c2-b164c055732a/omNode-1/ratis/c9bc4cf4-3bc3-3c60-a66b-523986131536
2024-03-11 08:39:50,069 [main] INFO  server.RaftServer (RaftServerProxy.java:addNew(100)) - omNode-1: addNew group-523986131536:[omNode-3|localhost:15230, omNode-1|localhost:15222, omNode-2|localhost:15226] returns group-523986131536:java.util.concurrent.CompletableFuture@5b843548[Not completed]
2024-03-11 08:39:50,069 [main] INFO  om.OzoneManager (OzoneManager.java:initializeRatisServer(2177)) - OzoneManager Ratis server initialized at port 15222
2024-03-11 08:39:50,069 [omNode-1-groupManagement] INFO  server.RaftServer$Division (RaftServerImpl.java:<init>(256)) - omNode-1: new RaftServerImpl for group-523986131536:[omNode-3|localhost:15230, omNode-1|localhost:15222, omNode-2|localhost:15226] with OzoneManagerStateMachine:uninitialized
2024-03-11 08:39:50,069 [main] INFO  ratis.OzoneManagerRatisServer (OzoneManagerRatisServer.java:start(588)) - Starting OzoneManagerRatisServer omNode-1 at port 15222
2024-03-11 08:39:50,069 [omNode-1-groupManagement] INFO  server.RaftServerConfigKeys (ConfUtils.java:logGet(46)) - raft.server.rpc.timeout.min = 1s (custom)
2024-03-11 08:39:50,070 [omNode-1-groupManagement] INFO  server.RaftServerConfigKeys (ConfUtils.java:logGet(46)) - raft.server.rpc.timeout.max = 1200ms (custom)
2024-03-11 08:39:50,070 [omNode-1-groupManagement] INFO  server.RaftServerConfigKeys (ConfUtils.java:logGet(46)) - raft.server.rpc.sleep.time = 25ms (default)
2024-03-11 08:39:50,070 [omNode-1-groupManagement] INFO  server.RaftServerConfigKeys (ConfUtils.java:logGet(46)) - raft.server.rpc.slowness.timeout = 2s (custom)
2024-03-11 08:39:50,070 [omNode-1-groupManagement] INFO  server.RaftServerConfigKeys (ConfUtils.java:logGet(46)) - raft.server.leaderelection.leader.step-down.wait-time = 10s (default)
2024-03-11 08:39:50,070 [omNode-1-groupManagement] INFO  server.RaftServerConfigKeys (ConfUtils.java:logGet(46)) - raft.server.leaderelection.member.majority-add = false (default)
2024-03-11 08:39:50,070 [omNode-1-groupManagement] INFO  server.RaftServerConfigKeys (ConfUtils.java:logGet(46)) - raft.server.sleep.deviation.threshold = 300ms (default)
2024-03-11 08:39:50,070 [omNode-1-groupManagement] INFO  server.RaftServer$Division (ServerState.java:<init>(113)) - omNode-1@group-523986131536: ConfigurationManager, init=-1: peers:[omNode-3|localhost:15230, omNode-1|localhost:15222, omNode-2|localhost:15226]|listeners:[], old=null, confs=<EMPTY_MAP>
2024-03-11 08:39:50,070 [omNode-1-groupManagement] INFO  server.RaftServerConfigKeys (ConfUtils.java:logGet(46)) - raft.server.notification.no-leader.timeout = 2s (custom)
2024-03-11 08:39:50,070 [omNode-1-groupManagement] INFO  server.RaftServerConfigKeys (ConfUtils.java:logGet(46)) - raft.server.read.timeout = 10s (default)
2024-03-11 08:39:50,070 [omNode-1-groupManagement] INFO  server.RaftServerConfigKeys (ConfUtils.java:logGet(46)) - raft.server.retrycache.expirytime = 30000ms (custom)
2024-03-11 08:39:50,070 [omNode-1-groupManagement] INFO  server.RaftServerConfigKeys (ConfUtils.java:logGet(46)) - raft.server.retrycache.statistics.expirytime = 100ms (default)
2024-03-11 08:39:50,070 [omNode-1-groupManagement] INFO  server.RaftServerConfigKeys (ConfUtils.java:logGet(46)) - raft.server.read.option = DEFAULT (default)
2024-03-11 08:39:50,070 [omNode-1-groupManagement] INFO  server.RaftServerConfigKeys (ConfUtils.java:logGet(46)) - raft.server.read.read-after-write-consistent.write-index-cache.expiry-time = 60s (default)
2024-03-11 08:39:50,071 [omNode-1-groupManagement] INFO  server.RaftServerConfigKeys (ConfUtils.java:logGet(46)) - raft.server.rpc.request.timeout = 3000ms (default)
2024-03-11 08:39:50,071 [omNode-1-groupManagement] INFO  server.RaftServerConfigKeys (ConfUtils.java:logGet(46)) - raft.server.log.appender.install.snapshot.enabled = false (custom)
2024-03-11 08:39:50,071 [omNode-1-groupManagement] INFO  server.RaftServerConfigKeys (ConfUtils.java:logGet(46)) - raft.server.threadpool.server.cached = true (default)
2024-03-11 08:39:50,071 [omNode-1-groupManagement] INFO  server.RaftServerConfigKeys (ConfUtils.java:logGet(46)) - raft.server.threadpool.server.size = 0 (default)
2024-03-11 08:39:50,071 [omNode-1-groupManagement] INFO  server.RaftServerConfigKeys (ConfUtils.java:logGet(46)) - raft.server.threadpool.client.cached = true (default)
2024-03-11 08:39:50,071 [omNode-1-groupManagement] INFO  server.RaftServerConfigKeys (ConfUtils.java:logGet(46)) - raft.server.threadpool.client.size = 0 (default)
2024-03-11 08:39:50,071 [omNode-1-impl-thread1] INFO  server.RaftServerConfigKeys (ConfUtils.java:logGet(46)) - raft.server.storage.free-space.min = 0MB (=0) (default)
2024-03-11 08:39:50,071 [omNode-1-impl-thread1] INFO  server.RaftServerConfigKeys (ConfUtils.java:logGet(46)) - raft.server.log.corruption.policy = EXCEPTION (default)
2024-03-11 08:39:50,072 [omNode-1-impl-thread1] INFO  server.RaftServerConfigKeys (ConfUtils.java:logGet(46)) - raft.server.storage.dir = [/home/runner/work/ozone/ozone/hadoop-ozone/integration-test/target/test-dir/MiniOzoneClusterImpl-90f76332-72a0-45e1-84c2-b164c055732a/omNode-1/ratis] (custom)
2024-03-11 08:39:50,072 [omNode-1-impl-thread1] INFO  storage.RaftStorageDirectory (RaftStorageDirectoryImpl.java:tryLock(228)) - Lock on /home/runner/work/ozone/ozone/hadoop-ozone/integration-test/target/test-dir/MiniOzoneClusterImpl-90f76332-72a0-45e1-84c2-b164c055732a/omNode-1/ratis/c9bc4cf4-3bc3-3c60-a66b-523986131536/in_use.lock acquired by nodename 48108@fv-az1250-130
2024-03-11 08:39:50,073 [omNode-1-impl-thread1] INFO  storage.RaftStorage (RaftStorageImpl.java:analyzeAndRecoverStorage(119)) - Read RaftStorageMetadata{term=1, votedFor=omNode-1} from /home/runner/work/ozone/ozone/hadoop-ozone/integration-test/target/test-dir/MiniOzoneClusterImpl-90f76332-72a0-45e1-84c2-b164c055732a/omNode-1/ratis/c9bc4cf4-3bc3-3c60-a66b-523986131536/current/raft-meta
2024-03-11 08:39:50,073 [omNode-1-impl-thread1] INFO  server.RaftServer$Division (ServerState.java:setRaftConf(386)) - omNode-1@group-523986131536: set configuration 0: peers:[omNode-3|localhost:15230, omNode-1|localhost:15222, omNode-2|localhost:15226]|listeners:[], old=null
2024-03-11 08:39:50,074 [omNode-1-impl-thread1] INFO  server.RaftServerConfigKeys (ConfUtils.java:logGet(46)) - raft.server.log.use.memory = false (default)
2024-03-11 08:39:50,074 [omNode-1-impl-thread1] INFO  server.RaftServerConfigKeys (ConfUtils.java:logGet(46)) - raft.server.log.purge.gap = 50 (custom)
2024-03-11 08:39:50,074 [omNode-1-impl-thread1] INFO  server.RaftServerConfigKeys (ConfUtils.java:logGet(46)) - raft.server.log.appender.buffer.byte-limit = 4194304 (custom)
2024-03-11 08:39:50,074 [omNode-1-impl-thread1] INFO  server.RaftServerConfigKeys (ConfUtils.java:logGet(46)) - raft.server.log.statemachine.data.read.timeout = 1000ms (default)
2024-03-11 08:39:50,074 [omNode-1-impl-thread1] INFO  server.RaftServerConfigKeys (ConfUtils.java:logGet(46)) - raft.server.log.purge.preservation.log.num = 0 (default)
2024-03-11 08:39:50,074 [omNode-1-impl-thread1] INFO  server.RaftServerConfigKeys (ConfUtils.java:logGet(46)) - raft.server.log.segment.size.max = 4194304 (custom)
2024-03-11 08:39:50,074 [omNode-1-impl-thread1] INFO  server.RaftServerConfigKeys (ConfUtils.java:logGet(46)) - raft.server.log.segment.cache.num.max = 2 (custom)
2024-03-11 08:39:50,074 [omNode-1-impl-thread1] INFO  server.RaftServerConfigKeys (ConfUtils.java:logGet(46)) - raft.server.log.segment.cache.size.max = 200MB (=209715200) (default)
2024-03-11 08:39:50,074 [omNode-1-impl-thread1] INFO  server.RaftServerConfigKeys (ConfUtils.java:logGet(46)) - raft.server.log.appender.buffer.byte-limit = 4194304 (custom)
2024-03-11 08:39:50,075 [omNode-1-impl-thread1] INFO  util.AwaitToRun (AwaitToRun.java:start(81)) - Thread[omNode-1@group-523986131536-cacheEviction-AwaitToRun,5,main] started
2024-03-11 08:39:50,075 [omNode-1-impl-thread1] INFO  segmented.SegmentedRaftLogWorker (SegmentedRaftLogWorker.java:<init>(182)) - new omNode-1@group-523986131536-SegmentedRaftLogWorker for RaftStorageImpl:Storage Directory /home/runner/work/ozone/ozone/hadoop-ozone/integration-test/target/test-dir/MiniOzoneClusterImpl-90f76332-72a0-45e1-84c2-b164c055732a/omNode-1/ratis/c9bc4cf4-3bc3-3c60-a66b-523986131536
2024-03-11 08:39:50,075 [omNode-1-impl-thread1] INFO  server.RaftServerConfigKeys (ConfUtils.java:logGet(46)) - raft.server.log.queue.byte-limit = 64MB (=67108864) (default)
2024-03-11 08:39:50,075 [omNode-1-impl-thread1] INFO  server.RaftServerConfigKeys (ConfUtils.java:logGet(46)) - raft.server.log.queue.element-limit = 4096 (default)
2024-03-11 08:39:50,075 [omNode-1-impl-thread1] INFO  server.RaftServerConfigKeys (ConfUtils.java:logGet(46)) - raft.server.log.segment.size.max = 4194304 (custom)
2024-03-11 08:39:50,075 [omNode-1-impl-thread1] INFO  server.RaftServerConfigKeys (ConfUtils.java:logGet(46)) - raft.server.log.preallocated.size = 4194304 (custom)
2024-03-11 08:39:50,075 [omNode-1-impl-thread1] INFO  server.RaftServerConfigKeys (ConfUtils.java:logGet(46)) - raft.server.log.force.sync.num = 128 (default)
2024-03-11 08:39:50,075 [omNode-1-impl-thread1] INFO  server.RaftServerConfigKeys (ConfUtils.java:logGet(46)) - raft.server.log.statemachine.data.sync = true (default)
2024-03-11 08:39:50,075 [omNode-1-impl-thread1] INFO  server.RaftServerConfigKeys (ConfUtils.java:logGet(46)) - raft.server.log.statemachine.data.sync.timeout = 10s (default)
2024-03-11 08:39:50,075 [omNode-1-impl-thread1] INFO  server.RaftServerConfigKeys (ConfUtils.java:logGet(46)) - raft.server.log.statemachine.data.sync.timeout.retry = -1 (default)
2024-03-11 08:39:50,075 [omNode-1-impl-thread1] INFO  server.RaftServerConfigKeys (ConfUtils.java:logGet(46)) - raft.server.log.write.buffer.size = 4194312 (custom)
2024-03-11 08:39:50,075 [omNode-1-impl-thread1] INFO  server.RaftServerConfigKeys (ConfUtils.java:logGet(46)) - raft.server.log.appender.buffer.byte-limit = 4194304 (custom)
2024-03-11 08:39:50,075 [omNode-1-impl-thread1] INFO  server.RaftServerConfigKeys (ConfUtils.java:logGet(46)) - raft.server.log.unsafe-flush.enabled = false (default)
2024-03-11 08:39:50,076 [omNode-1-impl-thread1] INFO  server.RaftServerConfigKeys (ConfUtils.java:logGet(46)) - raft.server.log.async-flush.enabled = false (default)
2024-03-11 08:39:50,076 [omNode-1-impl-thread1] INFO  server.RaftServerConfigKeys (ConfUtils.java:logGet(46)) - raft.server.log.statemachine.data.caching.enabled = false (default)
2024-03-11 08:39:50,076 [omNode-1-impl-thread1] INFO  server.RaftServer$Division (ServerState.java:setRaftConf(386)) - omNode-1@group-523986131536: set configuration 0: peers:[omNode-3|localhost:15230, omNode-1|localhost:15222, omNode-2|localhost:15226]|listeners:[], old=null
2024-03-11 08:39:50,076 [omNode-1-impl-thread1] INFO  segmented.LogSegment (LogSegment.java:loadSegment(170)) - Successfully read 53 entries from segment file /home/runner/work/ozone/ozone/hadoop-ozone/integration-test/target/test-dir/MiniOzoneClusterImpl-90f76332-72a0-45e1-84c2-b164c055732a/omNode-1/ratis/c9bc4cf4-3bc3-3c60-a66b-523986131536/current/log_inprogress_0
2024-03-11 08:39:50,076 [omNode-1-impl-thread1] INFO  segmented.SegmentedRaftLogWorker (SegmentedRaftLogWorker.java:lambda$new$0(134)) - omNode-1@group-523986131536-SegmentedRaftLogWorker: flushIndex: setUnconditionally 0 -> 52
2024-03-11 08:39:50,076 [omNode-1-impl-thread1] INFO  segmented.SegmentedRaftLogWorker (SegmentedRaftLogWorker.java:lambda$new$0(134)) - omNode-1@group-523986131536-SegmentedRaftLogWorker: safeCacheEvictIndex: setUnconditionally 0 -> -1
2024-03-11 08:39:50,076 [omNode-1-impl-thread1] INFO  segmented.BufferedWriteChannel (BufferedWriteChannel.java:open(62)) - open log_inprogress_0 (append) at position 16833
2024-03-11 08:39:50,079 [omNode-1-impl-thread1] INFO  server.RaftServer$Division (RaftServerImpl.java:start(396)) - omNode-1@group-523986131536: start as a follower, conf=0: peers:[omNode-3|localhost:15230, omNode-1|localhost:15222, omNode-2|localhost:15226]|listeners:[], old=null
2024-03-11 08:39:50,079 [omNode-1-impl-thread1] INFO  server.RaftServer$Division (RaftServerImpl.java:setRole(383)) - omNode-1@group-523986131536: changes role from      null to FOLLOWER at term 1 for startAsFollower
2024-03-11 08:39:50,079 [omNode-1-impl-thread1] INFO  impl.RoleInfo (RoleInfo.java:updateAndGet(139)) - omNode-1: start omNode-1@group-523986131536-FollowerState
2024-03-11 08:39:50,079 [omNode-1@group-523986131536-FollowerState] INFO  server.RaftServerConfigKeys (ConfUtils.java:logFallback(53)) - raft.server.rpc.first-election.timeout.min = 1s (fallback to raft.server.rpc.timeout.min)
2024-03-11 08:39:50,079 [omNode-1-impl-thread1] INFO  util.JmxRegister (JmxRegister.java:tryRegister(44)) - Successfully registered JMX Bean with object name Ratis:service=RaftServer,group=group-523986131536,id=omNode-1
2024-03-11 08:39:50,079 [omNode-1@group-523986131536-FollowerState] INFO  server.RaftServerConfigKeys (ConfUtils.java:logFallback(53)) - raft.server.rpc.first-election.timeout.max = 1200ms (fallback to raft.server.rpc.timeout.max)
2024-03-11 08:39:50,079 [omNode-1-impl-thread1] INFO  server.RaftServerConfigKeys (ConfUtils.java:logGet(46)) - raft.server.snapshot.trigger-when-stop.enabled = true (default)
2024-03-11 08:39:50,079 [omNode-1-impl-thread1] INFO  server.RaftServerConfigKeys (ConfUtils.java:logGet(46)) - raft.server.snapshot.auto.trigger.enabled = true (custom)
2024-03-11 08:39:50,079 [omNode-1-impl-thread1] INFO  server.RaftServerConfigKeys (ConfUtils.java:logGet(46)) - raft.server.snapshot.auto.trigger.threshold = 50 (custom)
2024-03-11 08:39:50,079 [omNode-1-impl-thread1] INFO  server.RaftServerConfigKeys (ConfUtils.java:logGet(46)) - raft.server.snapshot.retention.file.num = -1 (default)
2024-03-11 08:39:50,079 [omNode-1-impl-thread1] INFO  server.RaftServerConfigKeys (ConfUtils.java:logGet(46)) - raft.server.log.purge.upto.snapshot.index = true (custom)
2024-03-11 08:39:50,080 [main] INFO  server.RaftServer (RaftServerProxy.java:startImpl(406)) - omNode-1: start RPC server
2024-03-11 08:39:50,080 [main] INFO  server.GrpcService (GrpcService.java:startImpl(302)) - omNode-1: GrpcService started, listening on 15222
2024-03-11 08:39:50,080 [main] INFO  om.OzoneManager (OzoneManager.java:getRpcServer(1231)) - Creating RPC Server
2024-03-11 08:39:50,080 [JvmPauseMonitor67] INFO  util.JvmPauseMonitor (JvmPauseMonitor.java:run(146)) - JvmPauseMonitor-omNode-1: Started
2024-03-11 08:39:50,249 [main] INFO  ipc.CallQueueManager (CallQueueManager.java:<init>(90)) - Using callQueue: class java.util.concurrent.LinkedBlockingQueue, queueCapacity: 2000, scheduler: class org.apache.hadoop.ipc.DefaultRpcScheduler, ipcBackoff: false.
2024-03-11 08:39:50,249 [main] INFO  ipc.Server (Server.java:<init>(1287)) - Listener at localhost:15219
2024-03-11 08:39:50,250 [Socket Reader #1 for port 15219] INFO  ipc.Server (Server.java:run(1323)) - Starting Socket Reader #1 for port 15219
2024-03-11 08:39:50,252 [main] INFO  http.BaseHttpServer (BaseHttpServer.java:newHttpServer2BuilderForOzone(223)) - Starting Web-server for ozoneManager at: http://0.0.0.0:15220
2024-03-11 08:39:50,252 [main] INFO  http.BaseHttpServer (BaseHttpServer.java:<init>(110)) - Hadoop Security Enabled: false Ozone Security Enabled: false Ozone HTTP Security Enabled: false 
2024-03-11 08:39:50,253 [main] WARN  server.AuthenticationFilter (AuthenticationFilter.java:constructSecretProvider(240)) - Unable to initialize FileSignerSecretProvider, falling back to use random secrets. Reason: Could not read signature secret file: /home/runner/hadoop-http-auth-signature-secret
2024-03-11 08:39:50,253 [main] INFO  http.HttpRequestLog (HttpRequestLog.java:getRequestLog(86)) - Http request log for http.requests.ozoneManager is not defined
2024-03-11 08:39:50,254 [main] INFO  http.HttpServer2 (HttpServer2.java:addGlobalFilter(1036)) - Added global filter 'safety' (class=org.apache.hadoop.hdds.server.http.HttpServer2$QuotingInputFilter)
2024-03-11 08:39:50,254 [main] INFO  http.HttpServer2 (HttpServer2.java:addFilter(1012)) - Added filter static_user_filter (class=org.apache.hadoop.http.lib.StaticUserWebFilter$StaticUserFilter) to context ozoneManager
2024-03-11 08:39:50,254 [main] INFO  http.HttpServer2 (HttpServer2.java:addFilter(1020)) - Added filter static_user_filter (class=org.apache.hadoop.http.lib.StaticUserWebFilter$StaticUserFilter) to context static
2024-03-11 08:39:50,254 [main] INFO  http.HttpServer2 (HttpServer2.java:addFilter(1020)) - Added filter static_user_filter (class=org.apache.hadoop.http.lib.StaticUserWebFilter$StaticUserFilter) to context logs
2024-03-11 08:39:50,255 [main] INFO  http.BaseHttpServer (BaseHttpServer.java:<init>(189)) - HTTP server of ozoneManager uses base directory /home/runner/work/ozone/ozone/hadoop-ozone/integration-test/target/test-dir/MiniOzoneClusterImpl-90f76332-72a0-45e1-84c2-b164c055732a/omNode-1/webserver
2024-03-11 08:39:50,255 [main] INFO  http.HttpServer2 (HttpServer2.java:bindListener(1236)) - Jetty bound to port 15220
2024-03-11 08:39:50,255 [main] INFO  server.Server (Server.java:doStart(375)) - jetty-9.4.53.v20231009; built: 2023-10-09T12:29:09.265Z; git: 27bde00a0b95a1d5bbee0eae7984f891d2d0f8c9; jvm 1.8.0_402-b06
2024-03-11 08:39:50,256 [main] INFO  server.session (DefaultSessionIdManager.java:doStart(334)) - DefaultSessionIdManager workerName=node0
2024-03-11 08:39:50,256 [main] INFO  server.session (DefaultSessionIdManager.java:doStart(339)) - No SessionScavenger set, using defaults
2024-03-11 08:39:50,256 [main] INFO  server.session (HouseKeeper.java:startScavenging(132)) - node0 Scavenging every 660000ms
2024-03-11 08:39:50,257 [main] INFO  handler.ContextHandler (ContextHandler.java:doStart(921)) - Started o.e.j.s.ServletContextHandler@117f0b97{logs,/logs,file:///home/runner/work/ozone/ozone/hadoop-ozone/integration-test/target/log,AVAILABLE}
2024-03-11 08:39:50,257 [main] INFO  handler.ContextHandler (ContextHandler.java:doStart(921)) - Started o.e.j.s.ServletContextHandler@3a48627d{static,/static,file:///home/runner/work/ozone/ozone/hadoop-ozone/integration-test/target/test-classes/webapps/static,AVAILABLE}
2024-03-11 08:39:50,259 [main] INFO  handler.ContextHandler (ContextHandler.java:doStart(921)) - Started o.e.j.w.WebAppContext@7ee8338d{ozoneManager,/,file:///home/runner/work/ozone/ozone/hadoop-ozone/integration-test/target/test-classes/webapps/ozoneManager/,AVAILABLE}{file:/home/runner/work/ozone/ozone/hadoop-ozone/integration-test/target/test-classes/webapps/ozoneManager}
2024-03-11 08:39:50,259 [main] INFO  server.AbstractConnector (AbstractConnector.java:doStart(333)) - Started ServerConnector@252fd163{HTTP/1.1, (http/1.1)}{0.0.0.0:15220}
2024-03-11 08:39:50,260 [main] INFO  server.Server (Server.java:doStart(415)) - Started @805030ms
2024-03-11 08:39:50,260 [main] WARN  impl.MetricsSystemImpl (MetricsSystemImpl.java:register(279)) - Sink prometheus already exists!
2024-03-11 08:39:50,260 [main] INFO  http.BaseHttpServer (BaseHttpServer.java:updateConnectorAddress(354)) - HTTP server of ozoneManager listening at http://0.0.0.0:15220
2024-03-11 08:39:50,260 [IPC Server Responder] INFO  ipc.Server (Server.java:run(1562)) - IPC Server Responder: starting
2024-03-11 08:39:50,261 [IPC Server listener on 15219] INFO  ipc.Server (Server.java:run(1402)) - IPC Server listener on 15219: starting
2024-03-11 08:39:50,262 [main] INFO  om.OzoneManager (OzoneManager.java:startTrashEmptier(2130)) - Trash Interval set to 0. Files deleted won't move to trash
2024-03-11 08:39:50,263 [main] INFO  om.OzoneManager (OzoneManager.java:restart(1747)) - OzoneManager RPC server is listening at localhost/127.0.0.1:15223
2024-03-11 08:39:50,263 [main] INFO  impl.MetricsSystemImpl (MetricsSystemImpl.java:init(158)) - OzoneManager metrics system started (again)
2024-03-11 08:39:50,271 [main] WARN  server.ServerUtils (ServerUtils.java:getDBPath(299)) - ozone.om.db.dirs is not configured. We recommend adding this setting. Falling back to ozone.metadata.dirs instead.
2024-03-11 08:39:50,271 [main] INFO  helpers.OmKeyInfo (OmKeyInfo.java:getCodec(71)) - OmKeyInfo.getCodec ignorePipeline = true
2024-03-11 08:39:50,304 [main] INFO  om.OzoneManager (OzoneManager.java:instantiateServices(811)) - S3 Multi-Tenancy is disabled
2024-03-11 08:39:50,304 [main] INFO  om.OmSnapshotManager (OmSnapshotManager.java:<init>(177)) - Ozone filesystem snapshot feature is enabled.
2024-03-11 08:39:50,304 [main] WARN  server.ServerUtils (ServerUtils.java:getDBPath(299)) - ozone.om.snapshot.diff.db.dir is not configured. We recommend adding this setting. Falling back to ozone.metadata.dirs instead.
2024-03-11 08:39:50,312 [main] INFO  utils.NativeLibraryLoader (NativeLibraryLoader.java:loadLibrary(108)) - Loading Library: ozone_rocksdb_tools
2024-03-11 08:39:50,313 [main] ERROR snapshot.SnapshotDiffManager (SnapshotDiffManager.java:initNativeLibraryForEfficientDiff(287)) - Native Library for raw sst file reading loading failed.
org.apache.hadoop.hdds.utils.NativeLibraryNotLoadedException: Unable to load library ozone_rocksdb_tools from both java.library.path & resource file libozone_rocksdb_tools.so from jar.
	at org.apache.hadoop.hdds.utils.db.managed.ManagedRawSSTFileReader.loadLibrary(ManagedRawSSTFileReader.java:38)
	at org.apache.hadoop.ozone.om.snapshot.SnapshotDiffManager.initNativeLibraryForEfficientDiff(SnapshotDiffManager.java:285)
	at org.apache.hadoop.ozone.om.snapshot.SnapshotDiffManager.<init>(SnapshotDiffManager.java:259)
	at org.apache.hadoop.ozone.om.OmSnapshotManager.<init>(OmSnapshotManager.java:279)
	at org.apache.hadoop.ozone.om.OzoneManager.instantiateServices(OzoneManager.java:863)
	at org.apache.hadoop.ozone.om.OzoneManager.restart(OzoneManager.java:1752)
	at org.apache.hadoop.ozone.MiniOzoneHAClusterImpl.restartOzoneManager(MiniOzoneHAClusterImpl.java:211)
	at org.apache.hadoop.ozone.om.TestOzoneManagerPrepare.resetCluster(TestOzoneManagerPrepare.java:113)
	at sun.reflect.NativeMethodAccessorImpl.invoke0(Native Method)
	at sun.reflect.NativeMethodAccessorImpl.invoke(NativeMethodAccessorImpl.java:62)
	at sun.reflect.DelegatingMethodAccessorImpl.invoke(DelegatingMethodAccessorImpl.java:43)
	at java.lang.reflect.Method.invoke(Method.java:498)
	at org.junit.platform.commons.util.ReflectionUtils.invokeMethod(ReflectionUtils.java:728)
	at org.junit.jupiter.engine.execution.MethodInvocation.proceed(MethodInvocation.java:60)
	at org.junit.jupiter.engine.execution.InvocationInterceptorChain$ValidatingInvocation.proceed(InvocationInterceptorChain.java:131)
	at org.junit.jupiter.engine.extension.TimeoutExtension.intercept(TimeoutExtension.java:156)
	at org.junit.jupiter.engine.extension.TimeoutExtension.interceptLifecycleMethod(TimeoutExtension.java:128)
	at org.junit.jupiter.engine.extension.TimeoutExtension.interceptAfterEachMethod(TimeoutExtension.java:110)
	at org.junit.jupiter.engine.execution.InterceptingExecutableInvoker$ReflectiveInterceptorCall.lambda$ofVoidMethod$0(InterceptingExecutableInvoker.java:103)
	at org.junit.jupiter.engine.execution.InterceptingExecutableInvoker.lambda$invoke$0(InterceptingExecutableInvoker.java:93)
	at org.junit.jupiter.engine.execution.InvocationInterceptorChain$InterceptedInvocation.proceed(InvocationInterceptorChain.java:106)
	at org.junit.jupiter.engine.execution.InvocationInterceptorChain.proceed(InvocationInterceptorChain.java:64)
	at org.junit.jupiter.engine.execution.InvocationInterceptorChain.chainAndInvoke(InvocationInterceptorChain.java:45)
	at org.junit.jupiter.engine.execution.InvocationInterceptorChain.invoke(InvocationInterceptorChain.java:37)
	at org.junit.jupiter.engine.execution.InterceptingExecutableInvoker.invoke(InterceptingExecutableInvoker.java:92)
	at org.junit.jupiter.engine.execution.InterceptingExecutableInvoker.invoke(InterceptingExecutableInvoker.java:86)
	at org.junit.jupiter.engine.descriptor.ClassBasedTestDescriptor.invokeMethodInExtensionContext(ClassBasedTestDescriptor.java:521)
	at org.junit.jupiter.engine.descriptor.ClassBasedTestDescriptor.lambda$synthesizeAfterEachMethodAdapter$24(ClassBasedTestDescriptor.java:511)
	at org.junit.jupiter.engine.descriptor.TestMethodTestDescriptor.lambda$invokeAfterEachMethods$10(TestMethodTestDescriptor.java:244)
	at org.junit.jupiter.engine.descriptor.TestMethodTestDescriptor.lambda$invokeAllAfterMethodsOrCallbacks$13(TestMethodTestDescriptor.java:277)
	at org.junit.platform.engine.support.hierarchical.ThrowableCollector.execute(ThrowableCollector.java:73)
	at org.junit.jupiter.engine.descriptor.TestMethodTestDescriptor.lambda$invokeAllAfterMethodsOrCallbacks$14(TestMethodTestDescriptor.java:277)
	at org.junit.platform.commons.util.CollectionUtils.forEachInReverseOrder(CollectionUtils.java:217)
	at org.junit.jupiter.engine.descriptor.TestMethodTestDescriptor.invokeAllAfterMethodsOrCallbacks(TestMethodTestDescriptor.java:276)
	at org.junit.jupiter.engine.descriptor.TestMethodTestDescriptor.invokeAfterEachMethods(TestMethodTestDescriptor.java:242)
	at org.junit.jupiter.engine.descriptor.TestMethodTestDescriptor.execute(TestMethodTestDescriptor.java:143)
	at org.junit.jupiter.engine.descriptor.TestMethodTestDescriptor.execute(TestMethodTestDescriptor.java:69)
	at org.junit.platform.engine.support.hierarchical.NodeTestTask.lambda$executeRecursively$6(NodeTestTask.java:151)
	at org.junit.platform.engine.support.hierarchical.ThrowableCollector.execute(ThrowableCollector.java:73)
	at org.junit.platform.engine.support.hierarchical.NodeTestTask.lambda$executeRecursively$8(NodeTestTask.java:141)
	at org.junit.platform.engine.support.hierarchical.Node.around(Node.java:137)
	at org.junit.platform.engine.support.hierarchical.NodeTestTask.lambda$executeRecursively$9(NodeTestTask.java:139)
	at org.junit.platform.engine.support.hierarchical.ThrowableCollector.execute(ThrowableCollector.java:73)
	at org.junit.platform.engine.support.hierarchical.NodeTestTask.executeRecursively(NodeTestTask.java:138)
	at org.junit.platform.engine.support.hierarchical.NodeTestTask.execute(NodeTestTask.java:95)
	at java.util.ArrayList.forEach(ArrayList.java:1259)
	at org.junit.platform.engine.support.hierarchical.SameThreadHierarchicalTestExecutorService.invokeAll(SameThreadHierarchicalTestExecutorService.java:41)
	at org.junit.platform.engine.support.hierarchical.NodeTestTask.lambda$executeRecursively$6(NodeTestTask.java:155)
	at org.junit.platform.engine.support.hierarchical.ThrowableCollector.execute(ThrowableCollector.java:73)
	at org.junit.platform.engine.support.hierarchical.NodeTestTask.lambda$executeRecursively$8(NodeTestTask.java:141)
	at org.junit.platform.engine.support.hierarchical.Node.around(Node.java:137)
	at org.junit.platform.engine.support.hierarchical.NodeTestTask.lambda$executeRecursively$9(NodeTestTask.java:139)
	at org.junit.platform.engine.support.hierarchical.ThrowableCollector.execute(ThrowableCollector.java:73)
	at org.junit.platform.engine.support.hierarchical.NodeTestTask.executeRecursively(NodeTestTask.java:138)
	at org.junit.platform.engine.support.hierarchical.NodeTestTask.execute(NodeTestTask.java:95)
	at java.util.ArrayList.forEach(ArrayList.java:1259)
	at org.junit.platform.engine.support.hierarchical.SameThreadHierarchicalTestExecutorService.invokeAll(SameThreadHierarchicalTestExecutorService.java:41)
	at org.junit.platform.engine.support.hierarchical.NodeTestTask.lambda$executeRecursively$6(NodeTestTask.java:155)
	at org.junit.platform.engine.support.hierarchical.ThrowableCollector.execute(ThrowableCollector.java:73)
	at org.junit.platform.engine.support.hierarchical.NodeTestTask.lambda$executeRecursively$8(NodeTestTask.java:141)
	at org.junit.platform.engine.support.hierarchical.Node.around(Node.java:137)
	at org.junit.platform.engine.support.hierarchical.NodeTestTask.lambda$executeRecursively$9(NodeTestTask.java:139)
	at org.junit.platform.engine.support.hierarchical.ThrowableCollector.execute(ThrowableCollector.java:73)
	at org.junit.platform.engine.support.hierarchical.NodeTestTask.executeRecursively(NodeTestTask.java:138)
	at org.junit.platform.engine.support.hierarchical.NodeTestTask.execute(NodeTestTask.java:95)
	at org.junit.platform.engine.support.hierarchical.SameThreadHierarchicalTestExecutorService.submit(SameThreadHierarchicalTestExecutorService.java:35)
	at org.junit.platform.engine.support.hierarchical.HierarchicalTestExecutor.execute(HierarchicalTestExecutor.java:57)
	at org.junit.platform.engine.support.hierarchical.HierarchicalTestEngine.execute(HierarchicalTestEngine.java:54)
	at org.junit.platform.launcher.core.EngineExecutionOrchestrator.execute(EngineExecutionOrchestrator.java:198)
	at org.junit.platform.launcher.core.EngineExecutionOrchestrator.execute(EngineExecutionOrchestrator.java:169)
	at org.junit.platform.launcher.core.EngineExecutionOrchestrator.execute(EngineExecutionOrchestrator.java:93)
	at org.junit.platform.launcher.core.EngineExecutionOrchestrator.lambda$execute$0(EngineExecutionOrchestrator.java:58)
	at org.junit.platform.launcher.core.EngineExecutionOrchestrator.withInterceptedStreams(EngineExecutionOrchestrator.java:141)
	at org.junit.platform.launcher.core.EngineExecutionOrchestrator.execute(EngineExecutionOrchestrator.java:57)
	at org.junit.platform.launcher.core.DefaultLauncher.execute(DefaultLauncher.java:103)
	at org.junit.platform.launcher.core.DefaultLauncher.execute(DefaultLauncher.java:85)
	at org.junit.platform.launcher.core.DelegatingLauncher.execute(DelegatingLauncher.java:47)
	at org.junit.platform.launcher.core.SessionPerRequestLauncher.execute(SessionPerRequestLauncher.java:63)
	at org.apache.maven.surefire.junitplatform.JUnitPlatformProvider.invokeAllTests(JUnitPlatformProvider.java:165)
	at org.apache.maven.surefire.junitplatform.JUnitPlatformProvider.invoke(JUnitPlatformProvider.java:124)
	at org.apache.maven.surefire.booter.ForkedBooter.runSuitesInProcess(ForkedBooter.java:428)
	at org.apache.maven.surefire.booter.ForkedBooter.execute(ForkedBooter.java:162)
	at org.apache.maven.surefire.booter.ForkedBooter.run(ForkedBooter.java:562)
	at org.apache.maven.surefire.booter.ForkedBooter.main(ForkedBooter.java:548)
2024-03-11 08:39:50,315 [main] WARN  om.OzoneManager (OzoneManager.java:instantiatePrepareStateOnStartup(4553)) - Prepare marker file index 52 does not match DB prepare index 51. Writing DB index to prepare file and maintaining prepared state.
2024-03-11 08:39:50,315 [main] INFO  om.OzoneManagerPrepareState (OzoneManagerPrepareState.java:writePrepareMarkerFile(262)) - Prepare marker file written with log index 51 to file /home/runner/work/ozone/ozone/hadoop-ozone/integration-test/target/test-dir/MiniOzoneClusterImpl-90f76332-72a0-45e1-84c2-b164c055732a/omNode-2/current/prepareMarker
2024-03-11 08:39:50,317 [main] WARN  dropwizard3.Dm3MetricRegistriesImpl (Dm3MetricRegistriesImpl.java:addReporterRegistration(113)) - New reporters are added after registries were created. Some metrics will be missing from the reporter. Please add reporter before adding any new registry.
2024-03-11 08:39:50,318 [main] WARN  dropwizard3.Dm3MetricRegistriesImpl (Dm3MetricRegistriesImpl.java:addReporterRegistration(113)) - New reporters are added after registries were created. Some metrics will be missing from the reporter. Please add reporter before adding any new registry.
2024-03-11 08:39:50,318 [main] WARN  server.ServerUtils (ServerUtils.java:getDefaultRatisDirectory(311)) - Storage directory for Ratis is not configured. It is a good idea to map this to an SSD disk. Falling back to ozone.metadata.dirs
2024-03-11 08:39:50,319 [main] INFO  ratis.OzoneManagerRatisServer (OzoneManagerRatisServer.java:<init>(167)) - Instantiating OM Ratis server with groupID: om-service-test1 and peers: localhost:15226, localhost:15230, localhost:15222
2024-03-11 08:39:50,319 [main] INFO  ratis.OzoneManagerStateMachine (OzoneManagerStateMachine.java:loadSnapshotInfoFromDB(573)) - LastAppliedIndex is set from TransactionInfo from OM DB as (t:1, i:52)
2024-03-11 08:39:50,319 [main] INFO  server.RaftServer (ConfUtils.java:logGet(46)) - raft.rpc.type = GRPC (default)
2024-03-11 08:39:50,319 [main] INFO  grpc.GrpcConfigKeys (ConfUtils.java:logFallback(53)) - raft.grpc.admin.host = null (fallback to raft.grpc.server.host)
2024-03-11 08:39:50,320 [main] INFO  grpc.GrpcConfigKeys (ConfUtils.java:logFallback(53)) - raft.grpc.admin.port = 15226 (fallback to raft.grpc.server.port)
2024-03-11 08:39:50,320 [main] INFO  grpc.GrpcConfigKeys (ConfUtils.java:logFallback(53)) - raft.grpc.client.host = null (fallback to raft.grpc.server.host)
2024-03-11 08:39:50,320 [main] INFO  grpc.GrpcConfigKeys (ConfUtils.java:logFallback(53)) - raft.grpc.client.port = 15226 (fallback to raft.grpc.server.port)
2024-03-11 08:39:50,320 [main] INFO  grpc.GrpcConfigKeys (ConfUtils.java:logGet(46)) - raft.grpc.server.host = null (default)
2024-03-11 08:39:50,320 [main] INFO  grpc.GrpcConfigKeys (ConfUtils.java:logGet(46)) - raft.grpc.server.port = 15226 (custom)
2024-03-11 08:39:50,320 [main] INFO  server.GrpcService (ConfUtils.java:logGet(46)) - raft.grpc.message.size.max = 4194304 (custom)
2024-03-11 08:39:50,320 [main] INFO  server.RaftServerConfigKeys (ConfUtils.java:logGet(46)) - raft.server.log.appender.buffer.byte-limit = 4194304 (custom)
2024-03-11 08:39:50,320 [main] INFO  server.GrpcService (ConfUtils.java:logGet(46)) - raft.grpc.flow.control.window = 1MB (=1048576) (default)
2024-03-11 08:39:50,320 [main] INFO  server.RaftServerConfigKeys (ConfUtils.java:logGet(46)) - raft.server.rpc.request.timeout = 3000ms (default)
2024-03-11 08:39:50,321 [main] INFO  grpc.GrpcConfigKeys (ConfUtils.java:logGet(46)) - raft.grpc.server.heartbeat.channel = true (default)
2024-03-11 08:39:50,321 [main] INFO  grpc.GrpcConfigKeys (ConfUtils.java:logGet(46)) - raft.grpc.server.async.request.thread.pool.cached = true (default)
2024-03-11 08:39:50,321 [main] INFO  grpc.GrpcConfigKeys (ConfUtils.java:logGet(46)) - raft.grpc.server.async.request.thread.pool.size = 32 (default)
2024-03-11 08:39:50,322 [main] INFO  impl.DataStreamServerImpl (ConfUtils.java:logGet(46)) - raft.datastream.type = DISABLED (default)
2024-03-11 08:39:50,322 [main] INFO  server.RaftServerConfigKeys (ConfUtils.java:logGet(46)) - raft.server.sleep.deviation.threshold = 300ms (default)
2024-03-11 08:39:50,322 [main] INFO  server.RaftServerConfigKeys (ConfUtils.java:logGet(46)) - raft.server.close.threshold = 60s (default)
2024-03-11 08:39:50,322 [main] INFO  server.RaftServerConfigKeys (ConfUtils.java:logGet(46)) - raft.server.leaderelection.leader.step-down.wait-time = 10s (default)
2024-03-11 08:39:50,322 [main] INFO  server.RaftServerConfigKeys (ConfUtils.java:logGet(46)) - raft.server.storage.dir = [/home/runner/work/ozone/ozone/hadoop-ozone/integration-test/target/test-dir/MiniOzoneClusterImpl-90f76332-72a0-45e1-84c2-b164c055732a/omNode-2/ratis] (custom)
2024-03-11 08:39:50,322 [main] INFO  server.RaftServerConfigKeys (ConfUtils.java:logGet(46)) - raft.server.threadpool.proxy.cached = true (default)
2024-03-11 08:39:50,322 [main] INFO  server.RaftServerConfigKeys (ConfUtils.java:logGet(46)) - raft.server.threadpool.proxy.size = 0 (default)
2024-03-11 08:39:50,323 [omNode-2-impl-thread1] INFO  server.RaftServer (RaftServerProxy.java:initGroupDir(264)) - omNode-2: found a subdirectory /home/runner/work/ozone/ozone/hadoop-ozone/integration-test/target/test-dir/MiniOzoneClusterImpl-90f76332-72a0-45e1-84c2-b164c055732a/omNode-2/ratis/c9bc4cf4-3bc3-3c60-a66b-523986131536
2024-03-11 08:39:50,325 [main] INFO  server.RaftServer (RaftServerProxy.java:addNew(100)) - omNode-2: addNew group-523986131536:[omNode-3|localhost:15230, omNode-1|localhost:15222, omNode-2|localhost:15226] returns group-523986131536:java.util.concurrent.CompletableFuture@3ca85bc2[Not completed]
2024-03-11 08:39:50,325 [main] INFO  om.OzoneManager (OzoneManager.java:initializeRatisServer(2177)) - OzoneManager Ratis server initialized at port 15226
2024-03-11 08:39:50,325 [main] INFO  ratis.OzoneManagerRatisServer (OzoneManagerRatisServer.java:start(588)) - Starting OzoneManagerRatisServer omNode-2 at port 15226
2024-03-11 08:39:50,325 [omNode-2-groupManagement] INFO  server.RaftServer$Division (RaftServerImpl.java:<init>(256)) - omNode-2: new RaftServerImpl for group-523986131536:[omNode-3|localhost:15230, omNode-1|localhost:15222, omNode-2|localhost:15226] with OzoneManagerStateMachine:uninitialized
2024-03-11 08:39:50,325 [omNode-2-groupManagement] INFO  server.RaftServerConfigKeys (ConfUtils.java:logGet(46)) - raft.server.rpc.timeout.min = 1s (custom)
2024-03-11 08:39:50,325 [omNode-2-groupManagement] INFO  server.RaftServerConfigKeys (ConfUtils.java:logGet(46)) - raft.server.rpc.timeout.max = 1200ms (custom)
2024-03-11 08:39:50,325 [omNode-2-groupManagement] INFO  server.RaftServerConfigKeys (ConfUtils.java:logGet(46)) - raft.server.rpc.sleep.time = 25ms (default)
2024-03-11 08:39:50,325 [omNode-2-groupManagement] INFO  server.RaftServerConfigKeys (ConfUtils.java:logGet(46)) - raft.server.rpc.slowness.timeout = 2s (custom)
2024-03-11 08:39:50,325 [omNode-2-groupManagement] INFO  server.RaftServerConfigKeys (ConfUtils.java:logGet(46)) - raft.server.leaderelection.leader.step-down.wait-time = 10s (default)
2024-03-11 08:39:50,326 [omNode-2-groupManagement] INFO  server.RaftServerConfigKeys (ConfUtils.java:logGet(46)) - raft.server.leaderelection.member.majority-add = false (default)
2024-03-11 08:39:50,326 [omNode-2-groupManagement] INFO  server.RaftServerConfigKeys (ConfUtils.java:logGet(46)) - raft.server.sleep.deviation.threshold = 300ms (default)
2024-03-11 08:39:50,326 [omNode-2-groupManagement] INFO  server.RaftServer$Division (ServerState.java:<init>(113)) - omNode-2@group-523986131536: ConfigurationManager, init=-1: peers:[omNode-3|localhost:15230, omNode-1|localhost:15222, omNode-2|localhost:15226]|listeners:[], old=null, confs=<EMPTY_MAP>
2024-03-11 08:39:50,326 [omNode-2-groupManagement] INFO  server.RaftServerConfigKeys (ConfUtils.java:logGet(46)) - raft.server.notification.no-leader.timeout = 2s (custom)
2024-03-11 08:39:50,326 [omNode-2-groupManagement] INFO  server.RaftServerConfigKeys (ConfUtils.java:logGet(46)) - raft.server.read.timeout = 10s (default)
2024-03-11 08:39:50,326 [omNode-2-groupManagement] INFO  server.RaftServerConfigKeys (ConfUtils.java:logGet(46)) - raft.server.retrycache.expirytime = 30000ms (custom)
2024-03-11 08:39:50,326 [omNode-2-groupManagement] INFO  server.RaftServerConfigKeys (ConfUtils.java:logGet(46)) - raft.server.retrycache.statistics.expirytime = 100ms (default)
2024-03-11 08:39:50,326 [omNode-2-groupManagement] INFO  server.RaftServerConfigKeys (ConfUtils.java:logGet(46)) - raft.server.read.option = DEFAULT (default)
2024-03-11 08:39:50,326 [omNode-2-groupManagement] INFO  server.RaftServerConfigKeys (ConfUtils.java:logGet(46)) - raft.server.read.read-after-write-consistent.write-index-cache.expiry-time = 60s (default)
2024-03-11 08:39:50,327 [omNode-2-groupManagement] INFO  server.RaftServerConfigKeys (ConfUtils.java:logGet(46)) - raft.server.rpc.request.timeout = 3000ms (default)
2024-03-11 08:39:50,327 [omNode-2-groupManagement] INFO  server.RaftServerConfigKeys (ConfUtils.java:logGet(46)) - raft.server.log.appender.install.snapshot.enabled = false (custom)
2024-03-11 08:39:50,328 [omNode-2-groupManagement] INFO  server.RaftServerConfigKeys (ConfUtils.java:logGet(46)) - raft.server.threadpool.server.cached = true (default)
2024-03-11 08:39:50,328 [omNode-2-groupManagement] INFO  server.RaftServerConfigKeys (ConfUtils.java:logGet(46)) - raft.server.threadpool.server.size = 0 (default)
2024-03-11 08:39:50,328 [omNode-2-groupManagement] INFO  server.RaftServerConfigKeys (ConfUtils.java:logGet(46)) - raft.server.threadpool.client.cached = true (default)
2024-03-11 08:39:50,328 [omNode-2-groupManagement] INFO  server.RaftServerConfigKeys (ConfUtils.java:logGet(46)) - raft.server.threadpool.client.size = 0 (default)
2024-03-11 08:39:50,328 [omNode-2-impl-thread1] INFO  server.RaftServerConfigKeys (ConfUtils.java:logGet(46)) - raft.server.storage.free-space.min = 0MB (=0) (default)
2024-03-11 08:39:50,328 [omNode-2-impl-thread1] INFO  server.RaftServerConfigKeys (ConfUtils.java:logGet(46)) - raft.server.log.corruption.policy = EXCEPTION (default)
2024-03-11 08:39:50,328 [omNode-2-impl-thread1] INFO  server.RaftServerConfigKeys (ConfUtils.java:logGet(46)) - raft.server.storage.dir = [/home/runner/work/ozone/ozone/hadoop-ozone/integration-test/target/test-dir/MiniOzoneClusterImpl-90f76332-72a0-45e1-84c2-b164c055732a/omNode-2/ratis] (custom)
2024-03-11 08:39:50,329 [omNode-2-impl-thread1] INFO  storage.RaftStorageDirectory (RaftStorageDirectoryImpl.java:tryLock(228)) - Lock on /home/runner/work/ozone/ozone/hadoop-ozone/integration-test/target/test-dir/MiniOzoneClusterImpl-90f76332-72a0-45e1-84c2-b164c055732a/omNode-2/ratis/c9bc4cf4-3bc3-3c60-a66b-523986131536/in_use.lock acquired by nodename 48108@fv-az1250-130
2024-03-11 08:39:50,329 [omNode-2-impl-thread1] INFO  storage.RaftStorage (RaftStorageImpl.java:analyzeAndRecoverStorage(119)) - Read RaftStorageMetadata{term=1, votedFor=omNode-1} from /home/runner/work/ozone/ozone/hadoop-ozone/integration-test/target/test-dir/MiniOzoneClusterImpl-90f76332-72a0-45e1-84c2-b164c055732a/omNode-2/ratis/c9bc4cf4-3bc3-3c60-a66b-523986131536/current/raft-meta
2024-03-11 08:39:50,330 [omNode-2-impl-thread1] INFO  server.RaftServer$Division (ServerState.java:setRaftConf(386)) - omNode-2@group-523986131536: set configuration 0: peers:[omNode-3|localhost:15230, omNode-1|localhost:15222, omNode-2|localhost:15226]|listeners:[], old=null
2024-03-11 08:39:50,331 [omNode-2-impl-thread1] INFO  server.RaftServerConfigKeys (ConfUtils.java:logGet(46)) - raft.server.log.use.memory = false (default)
2024-03-11 08:39:50,331 [omNode-2-impl-thread1] INFO  server.RaftServerConfigKeys (ConfUtils.java:logGet(46)) - raft.server.log.purge.gap = 50 (custom)
2024-03-11 08:39:50,331 [omNode-2-impl-thread1] INFO  server.RaftServerConfigKeys (ConfUtils.java:logGet(46)) - raft.server.log.appender.buffer.byte-limit = 4194304 (custom)
2024-03-11 08:39:50,331 [omNode-2-impl-thread1] INFO  server.RaftServerConfigKeys (ConfUtils.java:logGet(46)) - raft.server.log.statemachine.data.read.timeout = 1000ms (default)
2024-03-11 08:39:50,331 [omNode-2-impl-thread1] INFO  server.RaftServerConfigKeys (ConfUtils.java:logGet(46)) - raft.server.log.purge.preservation.log.num = 0 (default)
2024-03-11 08:39:50,331 [omNode-2-impl-thread1] INFO  server.RaftServerConfigKeys (ConfUtils.java:logGet(46)) - raft.server.log.segment.size.max = 4194304 (custom)
2024-03-11 08:39:50,332 [omNode-2-impl-thread1] INFO  server.RaftServerConfigKeys (ConfUtils.java:logGet(46)) - raft.server.log.segment.cache.num.max = 2 (custom)
2024-03-11 08:39:50,332 [omNode-2-impl-thread1] INFO  server.RaftServerConfigKeys (ConfUtils.java:logGet(46)) - raft.server.log.segment.cache.size.max = 200MB (=209715200) (default)
2024-03-11 08:39:50,332 [omNode-2-impl-thread1] INFO  server.RaftServerConfigKeys (ConfUtils.java:logGet(46)) - raft.server.log.appender.buffer.byte-limit = 4194304 (custom)
2024-03-11 08:39:50,332 [omNode-2-impl-thread1] INFO  util.AwaitToRun (AwaitToRun.java:start(81)) - Thread[omNode-2@group-523986131536-cacheEviction-AwaitToRun,5,main] started
2024-03-11 08:39:50,332 [omNode-2-impl-thread1] INFO  segmented.SegmentedRaftLogWorker (SegmentedRaftLogWorker.java:<init>(182)) - new omNode-2@group-523986131536-SegmentedRaftLogWorker for RaftStorageImpl:Storage Directory /home/runner/work/ozone/ozone/hadoop-ozone/integration-test/target/test-dir/MiniOzoneClusterImpl-90f76332-72a0-45e1-84c2-b164c055732a/omNode-2/ratis/c9bc4cf4-3bc3-3c60-a66b-523986131536
2024-03-11 08:39:50,332 [omNode-2-impl-thread1] INFO  server.RaftServerConfigKeys (ConfUtils.java:logGet(46)) - raft.server.log.queue.byte-limit = 64MB (=67108864) (default)
2024-03-11 08:39:50,332 [omNode-2-impl-thread1] INFO  server.RaftServerConfigKeys (ConfUtils.java:logGet(46)) - raft.server.log.queue.element-limit = 4096 (default)
2024-03-11 08:39:50,332 [omNode-2-impl-thread1] INFO  server.RaftServerConfigKeys (ConfUtils.java:logGet(46)) - raft.server.log.segment.size.max = 4194304 (custom)
2024-03-11 08:39:50,332 [omNode-2-impl-thread1] INFO  server.RaftServerConfigKeys (ConfUtils.java:logGet(46)) - raft.server.log.preallocated.size = 4194304 (custom)
2024-03-11 08:39:50,332 [omNode-2-impl-thread1] INFO  server.RaftServerConfigKeys (ConfUtils.java:logGet(46)) - raft.server.log.force.sync.num = 128 (default)
2024-03-11 08:39:50,332 [omNode-2-impl-thread1] INFO  server.RaftServerConfigKeys (ConfUtils.java:logGet(46)) - raft.server.log.statemachine.data.sync = true (default)
2024-03-11 08:39:50,332 [omNode-2-impl-thread1] INFO  server.RaftServerConfigKeys (ConfUtils.java:logGet(46)) - raft.server.log.statemachine.data.sync.timeout = 10s (default)
2024-03-11 08:39:50,333 [omNode-2-impl-thread1] INFO  server.RaftServerConfigKeys (ConfUtils.java:logGet(46)) - raft.server.log.statemachine.data.sync.timeout.retry = -1 (default)
2024-03-11 08:39:50,333 [omNode-2-impl-thread1] INFO  server.RaftServerConfigKeys (ConfUtils.java:logGet(46)) - raft.server.log.write.buffer.size = 4194312 (custom)
2024-03-11 08:39:50,334 [omNode-2-impl-thread1] INFO  server.RaftServerConfigKeys (ConfUtils.java:logGet(46)) - raft.server.log.appender.buffer.byte-limit = 4194304 (custom)
2024-03-11 08:39:50,334 [omNode-2-impl-thread1] INFO  server.RaftServerConfigKeys (ConfUtils.java:logGet(46)) - raft.server.log.unsafe-flush.enabled = false (default)
2024-03-11 08:39:50,334 [omNode-2-impl-thread1] INFO  server.RaftServerConfigKeys (ConfUtils.java:logGet(46)) - raft.server.log.async-flush.enabled = false (default)
2024-03-11 08:39:50,335 [omNode-2-impl-thread1] INFO  server.RaftServerConfigKeys (ConfUtils.java:logGet(46)) - raft.server.log.statemachine.data.caching.enabled = false (default)
2024-03-11 08:39:50,335 [omNode-2-impl-thread1] INFO  segmented.SegmentedRaftLogWorker (SegmentedRaftLogWorker.java:lambda$new$0(134)) - omNode-2@group-523986131536-SegmentedRaftLogWorker: flushIndex: setUnconditionally 0 -> 52
2024-03-11 08:39:50,335 [omNode-2-impl-thread1] INFO  segmented.SegmentedRaftLogWorker (SegmentedRaftLogWorker.java:lambda$new$0(134)) - omNode-2@group-523986131536-SegmentedRaftLogWorker: safeCacheEvictIndex: setUnconditionally 0 -> -1
2024-03-11 08:39:50,337 [omNode-2-impl-thread1] INFO  server.RaftServer$Division (RaftServerImpl.java:start(396)) - omNode-2@group-523986131536: start as a follower, conf=0: peers:[omNode-3|localhost:15230, omNode-1|localhost:15222, omNode-2|localhost:15226]|listeners:[], old=null
2024-03-11 08:39:50,337 [omNode-2-impl-thread1] INFO  server.RaftServer$Division (RaftServerImpl.java:setRole(383)) - omNode-2@group-523986131536: changes role from      null to FOLLOWER at term 1 for startAsFollower
2024-03-11 08:39:50,337 [omNode-2-impl-thread1] INFO  impl.RoleInfo (RoleInfo.java:updateAndGet(139)) - omNode-2: start omNode-2@group-523986131536-FollowerState
2024-03-11 08:39:50,337 [omNode-2-impl-thread1] INFO  util.JmxRegister (JmxRegister.java:tryRegister(44)) - Successfully registered JMX Bean with object name Ratis:service=RaftServer,group=group-523986131536,id=omNode-2
2024-03-11 08:39:50,337 [omNode-2-impl-thread1] INFO  server.RaftServerConfigKeys (ConfUtils.java:logGet(46)) - raft.server.snapshot.trigger-when-stop.enabled = true (default)
2024-03-11 08:39:50,337 [omNode-2-impl-thread1] INFO  server.RaftServerConfigKeys (ConfUtils.java:logGet(46)) - raft.server.snapshot.auto.trigger.enabled = true (custom)
2024-03-11 08:39:50,337 [omNode-2-impl-thread1] INFO  server.RaftServerConfigKeys (ConfUtils.java:logGet(46)) - raft.server.snapshot.auto.trigger.threshold = 50 (custom)
2024-03-11 08:39:50,337 [omNode-2-impl-thread1] INFO  server.RaftServerConfigKeys (ConfUtils.java:logGet(46)) - raft.server.snapshot.retention.file.num = -1 (default)
2024-03-11 08:39:50,337 [omNode-2-impl-thread1] INFO  server.RaftServerConfigKeys (ConfUtils.java:logGet(46)) - raft.server.log.purge.upto.snapshot.index = true (custom)
2024-03-11 08:39:50,338 [main] INFO  server.RaftServer (RaftServerProxy.java:startImpl(406)) - omNode-2: start RPC server
2024-03-11 08:39:50,338 [omNode-2@group-523986131536-FollowerState] INFO  server.RaftServerConfigKeys (ConfUtils.java:logFallback(53)) - raft.server.rpc.first-election.timeout.min = 1s (fallback to raft.server.rpc.timeout.min)
2024-03-11 08:39:50,338 [omNode-2@group-523986131536-FollowerState] INFO  server.RaftServerConfigKeys (ConfUtils.java:logFallback(53)) - raft.server.rpc.first-election.timeout.max = 1200ms (fallback to raft.server.rpc.timeout.max)
2024-03-11 08:39:50,338 [main] INFO  server.GrpcService (GrpcService.java:startImpl(302)) - omNode-2: GrpcService started, listening on 15226
2024-03-11 08:39:50,338 [main] INFO  om.OzoneManager (OzoneManager.java:getRpcServer(1231)) - Creating RPC Server
2024-03-11 08:39:50,338 [JvmPauseMonitor68] INFO  util.JvmPauseMonitor (JvmPauseMonitor.java:run(146)) - JvmPauseMonitor-omNode-2: Started
2024-03-11 08:39:50,512 [main] INFO  ipc.CallQueueManager (CallQueueManager.java:<init>(90)) - Using callQueue: class java.util.concurrent.LinkedBlockingQueue, queueCapacity: 2000, scheduler: class org.apache.hadoop.ipc.DefaultRpcScheduler, ipcBackoff: false.
2024-03-11 08:39:50,512 [main] INFO  ipc.Server (Server.java:<init>(1287)) - Listener at localhost:15223
2024-03-11 08:39:50,513 [Socket Reader #1 for port 15223] INFO  ipc.Server (Server.java:run(1323)) - Starting Socket Reader #1 for port 15223
2024-03-11 08:39:50,515 [main] INFO  http.BaseHttpServer (BaseHttpServer.java:newHttpServer2BuilderForOzone(223)) - Starting Web-server for ozoneManager at: http://0.0.0.0:15224
2024-03-11 08:39:50,515 [main] INFO  http.BaseHttpServer (BaseHttpServer.java:<init>(110)) - Hadoop Security Enabled: false Ozone Security Enabled: false Ozone HTTP Security Enabled: false 
2024-03-11 08:39:50,516 [main] WARN  server.AuthenticationFilter (AuthenticationFilter.java:constructSecretProvider(240)) - Unable to initialize FileSignerSecretProvider, falling back to use random secrets. Reason: Could not read signature secret file: /home/runner/hadoop-http-auth-signature-secret
2024-03-11 08:39:50,516 [main] INFO  http.HttpRequestLog (HttpRequestLog.java:getRequestLog(86)) - Http request log for http.requests.ozoneManager is not defined
2024-03-11 08:39:50,517 [main] INFO  http.HttpServer2 (HttpServer2.java:addGlobalFilter(1036)) - Added global filter 'safety' (class=org.apache.hadoop.hdds.server.http.HttpServer2$QuotingInputFilter)
2024-03-11 08:39:50,517 [main] INFO  http.HttpServer2 (HttpServer2.java:addFilter(1012)) - Added filter static_user_filter (class=org.apache.hadoop.http.lib.StaticUserWebFilter$StaticUserFilter) to context ozoneManager
2024-03-11 08:39:50,517 [main] INFO  http.HttpServer2 (HttpServer2.java:addFilter(1020)) - Added filter static_user_filter (class=org.apache.hadoop.http.lib.StaticUserWebFilter$StaticUserFilter) to context static
2024-03-11 08:39:50,517 [main] INFO  http.HttpServer2 (HttpServer2.java:addFilter(1020)) - Added filter static_user_filter (class=org.apache.hadoop.http.lib.StaticUserWebFilter$StaticUserFilter) to context logs
2024-03-11 08:39:50,518 [main] INFO  http.BaseHttpServer (BaseHttpServer.java:<init>(189)) - HTTP server of ozoneManager uses base directory /home/runner/work/ozone/ozone/hadoop-ozone/integration-test/target/test-dir/MiniOzoneClusterImpl-90f76332-72a0-45e1-84c2-b164c055732a/omNode-2/webserver
2024-03-11 08:39:50,518 [main] INFO  http.HttpServer2 (HttpServer2.java:bindListener(1236)) - Jetty bound to port 15224
2024-03-11 08:39:50,518 [main] INFO  server.Server (Server.java:doStart(375)) - jetty-9.4.53.v20231009; built: 2023-10-09T12:29:09.265Z; git: 27bde00a0b95a1d5bbee0eae7984f891d2d0f8c9; jvm 1.8.0_402-b06
2024-03-11 08:39:50,519 [main] INFO  server.session (DefaultSessionIdManager.java:doStart(334)) - DefaultSessionIdManager workerName=node0
2024-03-11 08:39:50,519 [main] INFO  server.session (DefaultSessionIdManager.java:doStart(339)) - No SessionScavenger set, using defaults
2024-03-11 08:39:50,519 [main] INFO  server.session (HouseKeeper.java:startScavenging(132)) - node0 Scavenging every 600000ms
2024-03-11 08:39:50,520 [main] INFO  handler.ContextHandler (ContextHandler.java:doStart(921)) - Started o.e.j.s.ServletContextHandler@5cfb3dc2{logs,/logs,file:///home/runner/work/ozone/ozone/hadoop-ozone/integration-test/target/log,AVAILABLE}
2024-03-11 08:39:50,520 [main] INFO  handler.ContextHandler (ContextHandler.java:doStart(921)) - Started o.e.j.s.ServletContextHandler@1f09e50f{static,/static,file:///home/runner/work/ozone/ozone/hadoop-ozone/integration-test/target/test-classes/webapps/static,AVAILABLE}
2024-03-11 08:39:50,522 [main] INFO  handler.ContextHandler (ContextHandler.java:doStart(921)) - Started o.e.j.w.WebAppContext@132f24d1{ozoneManager,/,file:///home/runner/work/ozone/ozone/hadoop-ozone/integration-test/target/test-classes/webapps/ozoneManager/,AVAILABLE}{file:/home/runner/work/ozone/ozone/hadoop-ozone/integration-test/target/test-classes/webapps/ozoneManager}
2024-03-11 08:39:50,522 [main] INFO  server.AbstractConnector (AbstractConnector.java:doStart(333)) - Started ServerConnector@5f432f8b{HTTP/1.1, (http/1.1)}{0.0.0.0:15224}
2024-03-11 08:39:50,522 [main] INFO  server.Server (Server.java:doStart(415)) - Started @805293ms
2024-03-11 08:39:50,523 [main] WARN  impl.MetricsSystemImpl (MetricsSystemImpl.java:register(279)) - Sink prometheus already exists!
2024-03-11 08:39:50,523 [main] INFO  http.BaseHttpServer (BaseHttpServer.java:updateConnectorAddress(354)) - HTTP server of ozoneManager listening at http://0.0.0.0:15224
2024-03-11 08:39:50,523 [IPC Server Responder] INFO  ipc.Server (Server.java:run(1562)) - IPC Server Responder: starting
2024-03-11 08:39:50,523 [IPC Server listener on 15223] INFO  ipc.Server (Server.java:run(1402)) - IPC Server listener on 15223: starting
2024-03-11 08:39:50,528 [main] INFO  om.OzoneManager (OzoneManager.java:startTrashEmptier(2130)) - Trash Interval set to 0. Files deleted won't move to trash
]]></system-out>
    </rerunError>
    <rerunError type="java.util.concurrent.TimeoutException">
      <stackTrace><![CDATA[java.util.concurrent.TimeoutException: timeout: after 120000 millis
	at org.apache.ozone.test.LambdaTestUtils$GenerateTimeout.evaluate(LambdaTestUtils.java:290)
	at org.apache.ozone.test.LambdaTestUtils.await(LambdaTestUtils.java:142)
	at org.apache.ozone.test.LambdaTestUtils.await(LambdaTestUtils.java:180)
	at org.apache.hadoop.ozone.om.TestOzoneManagerPrepare.assertClusterPrepared(TestOzoneManagerPrepare.java:465)
	at org.apache.hadoop.ozone.om.TestOzoneManagerPrepare.assertClusterPrepared(TestOzoneManagerPrepare.java:455)
	at org.apache.hadoop.ozone.om.TestOzoneManagerPrepare.testCancelPrepare(TestOzoneManagerPrepare.java:317)
	at java.lang.reflect.Method.invoke(Method.java:498)
	at java.util.ArrayList.forEach(ArrayList.java:1259)
	at java.util.ArrayList.forEach(ArrayList.java:1259)
]]></stackTrace>
      <system-out><![CDATA[2024-03-11 08:39:55,902 [main] WARN  server.ServerUtils (ServerUtils.java:getScmDbDir(143)) - ozone.scm.db.dirs is not configured. We recommend adding this setting. Falling back to ozone.metadata.dirs instead.
2024-03-11 08:39:55,904 [main] WARN  server.ServerUtils (ServerUtils.java:getScmDbDir(143)) - ozone.scm.db.dirs is not configured. We recommend adding this setting. Falling back to ozone.metadata.dirs instead.
2024-03-11 08:39:55,904 [main] INFO  ha.SCMHANodeDetails (SCMHANodeDetails.java:loadSCMHAConfig(207)) - ServiceID for StorageContainerManager is null
2024-03-11 08:39:55,904 [main] INFO  ha.SCMHANodeDetails (SCMHANodeDetails.java:loadSCMHAConfig(212)) - ozone.scm.default.service.id is not defined, falling back to ozone.scm.service.ids to find serviceID for StorageContainerManager if it is HA enabled cluster
2024-03-11 08:39:55,905 [main] WARN  utils.HAUtils (HAUtils.java:getMetaDir(339)) - ozone.scm.db.dirs is not configured. We recommend adding this setting. Falling back to ozone.metadata.dirs instead.
2024-03-11 08:39:55,905 [main] WARN  db.DBStoreBuilder (DBStoreBuilder.java:applyDBDefinition(171)) - ozone.scm.db.dirs is not configured. We recommend adding this setting. Falling back to ozone.metadata.dirs instead.
2024-03-11 08:39:55,993 [main] INFO  net.NodeSchemaLoader (NodeSchemaLoader.java:loadSchemaFromFile(129)) - Loading schema from [jar:file:/home/runner/.m2/repository/org/apache/ozone/hdds-common/1.5.0-SNAPSHOT/hdds-common-1.5.0-SNAPSHOT.jar!/network-topology-default.xml]
2024-03-11 08:39:55,993 [main] INFO  net.NodeSchemaLoader (NodeSchemaLoader.java:loadSchema(176)) - Loading network topology layer schema file
2024-03-11 08:39:55,994 [main] INFO  upgrade.AbstractLayoutVersionManager (AbstractLayoutVersionManager.java:init(83)) - Initializing Layout version manager with metadata layout = HADOOP_PRC_PORTS_IN_DATANODEDETAILS (version = 7), software layout = HADOOP_PRC_PORTS_IN_DATANODEDETAILS (version = 7)
2024-03-11 08:39:55,996 [main] INFO  ha.SequenceIdGenerator (SequenceIdGenerator.java:upgradeToSequenceId(370)) - upgrade localId to 113750153625600000
2024-03-11 08:39:55,996 [main] INFO  ha.SequenceIdGenerator (SequenceIdGenerator.java:upgradeToSequenceId(380)) - upgrade delTxnId to 0
2024-03-11 08:39:55,997 [main] INFO  ha.SequenceIdGenerator (SequenceIdGenerator.java:upgradeToSequenceId(397)) - upgrade containerId to 0
2024-03-11 08:39:55,999 [main] INFO  ha.SequenceIdGenerator (SequenceIdGenerator.java:upgradeToCertificateSequenceId(444)) - upgrade CertificateId to 2
2024-03-11 08:39:55,999 [main] INFO  ha.SequenceIdGenerator (SequenceIdGenerator.java:<init>(241)) - Init the HA SequenceIdGenerator.
2024-03-11 08:39:56,000 [main] WARN  server.ServerUtils (ServerUtils.java:sanitizeUserArgs(79)) - ozone.scm.stale.node.interval value = 300000 is larger than max = 100000 based on the key value of ozone.scm.heartbeat.thread.interval, reset to the max value 100000.
2024-03-11 08:39:56,000 [main] WARN  server.ServerUtils (ServerUtils.java:sanitizeUserArgs(79)) - ozone.scm.stale.node.interval value = 300000 is larger than max = 100000 based on the key value of ozone.scm.heartbeat.thread.interval, reset to the max value 100000.
2024-03-11 08:39:56,000 [main] INFO  node.SCMNodeManager (SCMNodeManager.java:<init>(177)) - Entering startup safe mode.
2024-03-11 08:39:56,000 [main] INFO  algorithms.ContainerPlacementPolicyFactory (ContainerPlacementPolicyFactory.java:getPolicyInternal(86)) - Create container placement policy of type org.apache.hadoop.hdds.scm.container.placement.algorithms.SCMContainerPlacementRackAware
2024-03-11 08:39:56,001 [main] INFO  algorithms.ContainerPlacementPolicyFactory (ContainerPlacementPolicyFactory.java:getPolicyInternal(86)) - Create container placement policy of type org.apache.hadoop.hdds.scm.container.placement.algorithms.SCMContainerPlacementRackScatter
2024-03-11 08:39:56,001 [main] INFO  pipeline.PipelineStateManagerImpl (PipelineStateManagerImpl.java:initialize(78)) - No pipeline exists in current db
2024-03-11 08:39:56,001 [main] INFO  algorithms.LeaderChoosePolicyFactory (LeaderChoosePolicyFactory.java:getPolicy(57)) - Create leader choose policy of type org.apache.hadoop.hdds.scm.pipeline.leader.choose.algorithms.MinLeaderCountChoosePolicy
2024-03-11 08:39:56,001 [main] INFO  algorithms.ContainerPlacementPolicyFactory (ContainerPlacementPolicyFactory.java:getPolicyInternal(86)) - Create container placement policy of type org.apache.hadoop.hdds.scm.container.placement.algorithms.SCMContainerPlacementRackScatter
2024-03-11 08:39:56,002 [main] INFO  ha.SCMServiceManager (SCMServiceManager.java:register(42)) - Registering service BackgroundPipelineCreator.
2024-03-11 08:39:56,002 [main] INFO  pipeline.BackgroundPipelineCreator (BackgroundPipelineCreator.java:start(127)) - Starting RatisPipelineUtilsThread.
2024-03-11 08:39:56,002 [main] INFO  BackgroundPipelineScrubber (BackgroundSCMService.java:start(65)) - Starting BackgroundPipelineScrubber Service.
2024-03-11 08:39:56,002 [main] INFO  ha.SCMServiceManager (SCMServiceManager.java:register(42)) - Registering service BackgroundPipelineScrubber.
2024-03-11 08:39:56,003 [main] INFO  ExpiredContainerReplicaOpScrubber (BackgroundSCMService.java:start(65)) - Starting ExpiredContainerReplicaOpScrubber Service.
2024-03-11 08:39:56,005 [main] INFO  ha.SCMServiceManager (SCMServiceManager.java:register(42)) - Registering service ExpiredContainerReplicaOpScrubber.
2024-03-11 08:39:56,006 [main] INFO  algorithms.PipelineChoosePolicyFactory (PipelineChoosePolicyFactory.java:createPipelineChoosePolicyFromClass(80)) - Create pipeline choose policy of type org.apache.hadoop.hdds.scm.pipeline.choose.algorithms.RandomPipelineChoosePolicy
2024-03-11 08:39:56,006 [main] INFO  algorithms.PipelineChoosePolicyFactory (PipelineChoosePolicyFactory.java:createPipelineChoosePolicyFromClass(80)) - Create pipeline choose policy of type org.apache.hadoop.hdds.scm.pipeline.choose.algorithms.RandomPipelineChoosePolicy
2024-03-11 08:39:56,006 [main] INFO  ha.SCMServiceManager (SCMServiceManager.java:register(42)) - Registering service SCMBlockDeletingService.
2024-03-11 08:39:56,007 [main] INFO  replication.ReplicationManager (ReplicationManager.java:start(295)) - Starting Replication Monitor Thread.
2024-03-11 08:39:56,008 [main] INFO  ha.SCMServiceManager (SCMServiceManager.java:register(42)) - Registering service ReplicationManager.
2024-03-11 08:39:56,008 [ReplicationMonitor] INFO  replication.ReplicationManager (ReplicationManager.java:processAll(371)) - Replication Manager is not ready to run until 3000ms after safemode exit
2024-03-11 08:39:56,009 [main] INFO  safemode.ContainerSafeModeRule (ContainerSafeModeRule.java:<init>(91)) - containers with one replica threshold count 0
2024-03-11 08:39:56,009 [main] INFO  safemode.HealthyPipelineSafeModeRule (HealthyPipelineSafeModeRule.java:initializeRule(176)) - Total pipeline count is 0, healthy pipeline threshold count is 1
2024-03-11 08:39:56,009 [main] INFO  safemode.OneReplicaPipelineSafeModeRule (OneReplicaPipelineSafeModeRule.java:initializeRule(193)) - Total pipeline count is 0, pipeline's with at least one datanode reported threshold count is 0
2024-03-11 08:39:56,010 [main] INFO  server.StorageContainerManager (StorageContainerManager.java:<init>(440)) - SCM start with adminUsers: [*, runner]
2024-03-11 08:39:56,010 [main] INFO  ipc.CallQueueManager (CallQueueManager.java:<init>(90)) - Using callQueue: class java.util.concurrent.LinkedBlockingQueue, queueCapacity: 10000, scheduler: class org.apache.hadoop.ipc.DefaultRpcScheduler, ipcBackoff: false.
2024-03-11 08:39:56,010 [main] INFO  ipc.Server (Server.java:<init>(1287)) - Listener at 0.0.0.0:15260
2024-03-11 08:39:56,011 [Socket Reader #1 for port 15260] INFO  ipc.Server (Server.java:run(1323)) - Starting Socket Reader #1 for port 15260
2024-03-11 08:39:56,011 [main] INFO  ipc.CallQueueManager (CallQueueManager.java:<init>(90)) - Using callQueue: class java.util.concurrent.LinkedBlockingQueue, queueCapacity: 10000, scheduler: class org.apache.hadoop.ipc.DefaultRpcScheduler, ipcBackoff: false.
2024-03-11 08:39:56,011 [main] INFO  ipc.Server (Server.java:<init>(1287)) - Listener at 0.0.0.0:15259
2024-03-11 08:39:56,012 [Socket Reader #1 for port 15259] INFO  ipc.Server (Server.java:run(1323)) - Starting Socket Reader #1 for port 15259
2024-03-11 08:39:56,012 [main] INFO  ipc.CallQueueManager (CallQueueManager.java:<init>(90)) - Using callQueue: class java.util.concurrent.LinkedBlockingQueue, queueCapacity: 10000, scheduler: class org.apache.hadoop.ipc.DefaultRpcScheduler, ipcBackoff: false.
2024-03-11 08:39:56,012 [main] INFO  ipc.Server (Server.java:<init>(1287)) - Listener at 0.0.0.0:15258
2024-03-11 08:39:56,013 [Socket Reader #1 for port 15258] INFO  ipc.Server (Server.java:run(1323)) - Starting Socket Reader #1 for port 15258
2024-03-11 08:39:56,015 [main] INFO  ha.SCMServiceManager (SCMServiceManager.java:register(42)) - Registering service ContainerBalancer.
2024-03-11 08:39:56,015 [main] INFO  ha.SCMContext (SCMContext.java:updateSafeModeStatus(225)) - Update SafeModeStatus from SafeModeStatus{safeModeStatus=true, preCheckPassed=false} to SafeModeStatus{safeModeStatus=true, preCheckPassed=false}.
2024-03-11 08:39:56,015 [main] INFO  server.StorageContainerManager (StorageContainerManager.java:start(1545)) - StorageContainerLocationProtocol RPC server is listening at /0.0.0.0:15258
2024-03-11 08:39:56,016 [main] WARN  impl.MetricsConfig (MetricsConfig.java:loadFirst(136)) - Cannot locate configuration: tried hadoop-metrics2-storagecontainermanager.properties,hadoop-metrics2.properties
2024-03-11 08:39:56,017 [main] INFO  impl.MetricsSystemImpl (MetricsSystemImpl.java:startTimer(378)) - Scheduled Metric snapshot period at 10 second(s).
2024-03-11 08:39:56,017 [main] INFO  impl.MetricsSystemImpl (MetricsSystemImpl.java:start(191)) - StorageContainerManager metrics system started
2024-03-11 08:39:56,024 [main] INFO  impl.MetricsSinkAdapter (MetricsSinkAdapter.java:start(204)) - Sink prometheus started
2024-03-11 08:39:56,024 [main] INFO  impl.MetricsSystemImpl (MetricsSystemImpl.java:registerSink(305)) - Registered sink prometheus
2024-03-11 08:39:56,054 [main] INFO  server.SCMClientProtocolServer (SCMClientProtocolServer.java:start(204)) - RPC server for Client  is listening at /0.0.0.0:15258
2024-03-11 08:39:56,055 [IPC Server Responder] INFO  ipc.Server (Server.java:run(1562)) - IPC Server Responder: starting
2024-03-11 08:39:56,056 [IPC Server listener on 15258] INFO  ipc.Server (Server.java:run(1402)) - IPC Server listener on 15258: starting
2024-03-11 08:39:56,081 [main] INFO  server.StorageContainerManager (StorageContainerManager.java:start(1558)) - ScmBlockLocationProtocol RPC server is listening at /0.0.0.0:15259
2024-03-11 08:39:56,082 [main] INFO  server.SCMBlockProtocolServer (SCMBlockProtocolServer.java:start(162)) - RPC server for Block Protocol is listening at /0.0.0.0:15259
2024-03-11 08:39:56,082 [IPC Server Responder] INFO  ipc.Server (Server.java:run(1562)) - IPC Server Responder: starting
2024-03-11 08:39:56,083 [IPC Server listener on 15259] INFO  ipc.Server (Server.java:run(1402)) - IPC Server listener on 15259: starting
2024-03-11 08:39:56,105 [main] INFO  server.SCMDatanodeProtocolServer (SCMDatanodeProtocolServer.java:start(194)) - ScmDatanodeProtocol RPC server for DataNodes is listening at /0.0.0.0:15260
2024-03-11 08:39:56,106 [IPC Server Responder] INFO  ipc.Server (Server.java:run(1562)) - IPC Server Responder: starting
2024-03-11 08:39:56,109 [IPC Server listener on 15260] INFO  ipc.Server (Server.java:run(1402)) - IPC Server listener on 15260: starting
2024-03-11 08:39:56,135 [JvmPauseMonitor69] INFO  util.JvmPauseMonitor (JvmPauseMonitor.java:run(146)) - JvmPauseMonitor-10789a84-05e3-45bb-9a29-8a10dfba9df4: Started
2024-03-11 08:39:56,136 [main] INFO  http.BaseHttpServer (BaseHttpServer.java:newHttpServer2BuilderForOzone(223)) - Starting Web-server for scm at: http://0.0.0.0:15261
2024-03-11 08:39:56,136 [main] INFO  http.BaseHttpServer (BaseHttpServer.java:<init>(110)) - Hadoop Security Enabled: false Ozone Security Enabled: false Ozone HTTP Security Enabled: false 
2024-03-11 08:39:56,137 [timer1] WARN  server.GrpcLogAppender (GrpcLogAppender.java:lambda$resetClient$1(217)) - omNode-1@group-523986131536->omNode-3-GrpcLogAppender: Follower failed (request=null, errorCount=4); keep nextIndex (54) unchanged and retry. (Repeated 2 times in the last 5.001s)
2024-03-11 08:39:56,138 [main] WARN  server.AuthenticationFilter (AuthenticationFilter.java:constructSecretProvider(240)) - Unable to initialize FileSignerSecretProvider, falling back to use random secrets. Reason: Could not read signature secret file: /home/runner/hadoop-http-auth-signature-secret
2024-03-11 08:39:56,138 [main] INFO  http.HttpRequestLog (HttpRequestLog.java:getRequestLog(86)) - Http request log for http.requests.scm is not defined
2024-03-11 08:39:56,140 [main] INFO  http.HttpServer2 (HttpServer2.java:addGlobalFilter(1036)) - Added global filter 'safety' (class=org.apache.hadoop.hdds.server.http.HttpServer2$QuotingInputFilter)
2024-03-11 08:39:56,140 [main] INFO  http.HttpServer2 (HttpServer2.java:addFilter(1012)) - Added filter static_user_filter (class=org.apache.hadoop.http.lib.StaticUserWebFilter$StaticUserFilter) to context scm
2024-03-11 08:39:56,141 [main] INFO  http.HttpServer2 (HttpServer2.java:addFilter(1020)) - Added filter static_user_filter (class=org.apache.hadoop.http.lib.StaticUserWebFilter$StaticUserFilter) to context logs
2024-03-11 08:39:56,141 [main] INFO  http.HttpServer2 (HttpServer2.java:addFilter(1020)) - Added filter static_user_filter (class=org.apache.hadoop.http.lib.StaticUserWebFilter$StaticUserFilter) to context static
2024-03-11 08:39:56,142 [main] INFO  http.BaseHttpServer (BaseHttpServer.java:<init>(189)) - HTTP server of scm uses base directory /home/runner/work/ozone/ozone/hadoop-ozone/integration-test/target/test-dir/MiniOzoneClusterImpl-26b6f519-45de-438b-acbb-b19d352d9476/ozone-meta/webserver
2024-03-11 08:39:56,142 [main] INFO  http.HttpServer2 (HttpServer2.java:bindListener(1236)) - Jetty bound to port 15261
2024-03-11 08:39:56,143 [main] INFO  server.Server (Server.java:doStart(375)) - jetty-9.4.53.v20231009; built: 2023-10-09T12:29:09.265Z; git: 27bde00a0b95a1d5bbee0eae7984f891d2d0f8c9; jvm 1.8.0_402-b06
2024-03-11 08:39:56,145 [main] INFO  server.session (DefaultSessionIdManager.java:doStart(334)) - DefaultSessionIdManager workerName=node0
2024-03-11 08:39:56,145 [main] INFO  server.session (DefaultSessionIdManager.java:doStart(339)) - No SessionScavenger set, using defaults
2024-03-11 08:39:56,145 [main] INFO  server.session (HouseKeeper.java:startScavenging(132)) - node0 Scavenging every 600000ms
2024-03-11 08:39:56,146 [main] INFO  handler.ContextHandler (ContextHandler.java:doStart(921)) - Started o.e.j.s.ServletContextHandler@13da0288{logs,/logs,file:///home/runner/work/ozone/ozone/hadoop-ozone/integration-test/target/log,AVAILABLE}
2024-03-11 08:39:56,146 [main] INFO  handler.ContextHandler (ContextHandler.java:doStart(921)) - Started o.e.j.s.ServletContextHandler@38b9e2cd{static,/static,file:///home/runner/work/ozone/ozone/hadoop-ozone/integration-test/target/test-classes/webapps/static,AVAILABLE}
2024-03-11 08:39:56,147 [main] INFO  handler.ContextHandler (ContextHandler.java:doStart(921)) - Started o.e.j.w.WebAppContext@6f8f0cdf{scm,/,file:///home/runner/work/ozone/ozone/hadoop-ozone/integration-test/target/test-classes/webapps/scm/,AVAILABLE}{file:/home/runner/work/ozone/ozone/hadoop-ozone/integration-test/target/test-classes/webapps/scm}
2024-03-11 08:39:56,148 [main] INFO  server.AbstractConnector (AbstractConnector.java:doStart(333)) - Started ServerConnector@3353c3b5{HTTP/1.1, (http/1.1)}{0.0.0.0:15261}
2024-03-11 08:39:56,148 [main] INFO  server.Server (Server.java:doStart(415)) - Started @810919ms
2024-03-11 08:39:56,148 [main] WARN  impl.MetricsSystemImpl (MetricsSystemImpl.java:register(279)) - Sink prometheus already exists!
2024-03-11 08:39:56,148 [main] INFO  http.BaseHttpServer (BaseHttpServer.java:updateConnectorAddress(354)) - HTTP server of scm listening at http://0.0.0.0:15261
2024-03-11 08:39:56,149 [main] INFO  ha.OMHANodeDetails (OMHANodeDetails.java:loadOMHAConfig(121)) - ServiceID for OzoneManager is om-service-test1
2024-03-11 08:39:56,149 [main] INFO  ha.OMHANodeDetails (OMHANodeDetails.java:loadOMHAConfig(201)) - Found matching OM address with OMServiceId: om-service-test1, OMNodeId: omNode-1, RPC Address: localhost:15262 and Ratis port: 15265
2024-03-11 08:39:56,149 [main] INFO  ha.OMHANodeDetails (ConfUtils.java:setNodeSpecificConfigs(97)) - Setting configuration key ozone.om.http-address with value of key ozone.om.http-address.om-service-test1.omNode-1: 127.0.0.1:15263
2024-03-11 08:39:56,149 [main] INFO  ha.OMHANodeDetails (ConfUtils.java:setNodeSpecificConfigs(97)) - Setting configuration key ozone.om.https-address with value of key ozone.om.https-address.om-service-test1.omNode-1: 127.0.0.1:15264
2024-03-11 08:39:56,149 [main] INFO  ha.OMHANodeDetails (ConfUtils.java:setNodeSpecificConfigs(97)) - Setting configuration key ozone.om.address with value of key ozone.om.address.om-service-test1.omNode-1: 127.0.0.1:15262
2024-03-11 08:39:56,149 [main] WARN  server.ServerUtils (ServerUtils.java:getDBPath(299)) - ozone.om.db.dirs is not configured. We recommend adding this setting. Falling back to ozone.metadata.dirs instead.
2024-03-11 08:39:56,150 [main] INFO  proxy.SCMBlockLocationFailoverProxyProvider (SCMBlockLocationFailoverProxyProvider.java:<init>(115)) - Created block location fail-over proxy with 1 nodes: [nodeId=scmNodeId,nodeAddress=/0.0.0.0:15259]
2024-03-11 08:39:56,153 [timer4] WARN  server.GrpcLogAppender (GrpcLogAppender.java:lambda$resetClient$1(217)) - omNode-1@group-523986131536->omNode-3-GrpcLogAppender: Follower failed (request=null, errorCount=10); keep nextIndex (55) unchanged and retry. (Repeated 6 times in the last 5.000s)
OM initialization succeeded.Current cluster id for sd=/home/runner/work/ozone/ozone/hadoop-ozone/integration-test/target/test-dir/MiniOzoneClusterImpl-26b6f519-45de-438b-acbb-b19d352d9476/omNode-1/om;cid=26b6f519-45de-438b-acbb-b19d352d9476;layoutVersion=6
2024-03-11 08:39:56,156 [main] INFO  ha.OMHANodeDetails (OMHANodeDetails.java:loadOMHAConfig(121)) - ServiceID for OzoneManager is om-service-test1
2024-03-11 08:39:56,156 [main] INFO  ha.OMHANodeDetails (OMHANodeDetails.java:loadOMHAConfig(201)) - Found matching OM address with OMServiceId: om-service-test1, OMNodeId: omNode-1, RPC Address: localhost:15262 and Ratis port: 15265
2024-03-11 08:39:56,156 [main] INFO  ha.OMHANodeDetails (ConfUtils.java:setNodeSpecificConfigs(97)) - Setting configuration key ozone.om.http-address with value of key ozone.om.http-address.om-service-test1.omNode-1: 127.0.0.1:15263
2024-03-11 08:39:56,156 [main] INFO  ha.OMHANodeDetails (ConfUtils.java:setNodeSpecificConfigs(97)) - Setting configuration key ozone.om.https-address with value of key ozone.om.https-address.om-service-test1.omNode-1: 127.0.0.1:15264
2024-03-11 08:39:56,156 [main] INFO  ha.OMHANodeDetails (ConfUtils.java:setNodeSpecificConfigs(97)) - Setting configuration key ozone.om.address with value of key ozone.om.address.om-service-test1.omNode-1: 127.0.0.1:15262
2024-03-11 08:39:56,156 [main] WARN  server.ServerUtils (ServerUtils.java:getDBPath(299)) - ozone.om.db.dirs is not configured. We recommend adding this setting. Falling back to ozone.metadata.dirs instead.
2024-03-11 08:39:56,157 [main] INFO  upgrade.AbstractLayoutVersionManager (AbstractLayoutVersionManager.java:init(83)) - Initializing Layout version manager with metadata layout = QUOTA (version = 6), software layout = QUOTA (version = 6)
2024-03-11 08:39:56,210 [main] INFO  upgrade.OMLayoutVersionManager (OMLayoutVersionManager.java:lambda$0(113)) - Skipping Upgrade Action QuotaRepairUpgradeAction since it has been finalized.
2024-03-11 08:39:56,210 [main] INFO  upgrade.OMLayoutVersionManager (OMLayoutVersionManager.java:lambda$0(113)) - Skipping Upgrade Action MockOmUpgradeAction since it has been finalized.
2024-03-11 08:39:56,210 [main] WARN  server.ServerUtils (ServerUtils.java:getDBPath(299)) - ozone.om.db.dirs is not configured. We recommend adding this setting. Falling back to ozone.metadata.dirs instead.
2024-03-11 08:39:56,211 [main] INFO  proxy.SCMBlockLocationFailoverProxyProvider (SCMBlockLocationFailoverProxyProvider.java:<init>(115)) - Created block location fail-over proxy with 1 nodes: [nodeId=scmNodeId,nodeAddress=/0.0.0.0:15259]
2024-03-11 08:39:56,212 [main] INFO  proxy.SCMBlockLocationFailoverProxyProvider (SCMBlockLocationFailoverProxyProvider.java:<init>(115)) - Created block location fail-over proxy with 1 nodes: [nodeId=scmNodeId,nodeAddress=/0.0.0.0:15259]
2024-03-11 08:39:56,218 [main] INFO  om.OzoneManager (OzoneManager.java:<init>(679)) - OM start with adminUsers: [*, runner]
2024-03-11 08:39:56,219 [main] WARN  server.ServerUtils (ServerUtils.java:getDBPath(299)) - ozone.om.db.dirs is not configured. We recommend adding this setting. Falling back to ozone.metadata.dirs instead.
2024-03-11 08:39:56,219 [main] INFO  helpers.OmKeyInfo (OmKeyInfo.java:getCodec(71)) - OmKeyInfo.getCodec ignorePipeline = true
2024-03-11 08:39:56,364 [main] INFO  om.OzoneManager (OzoneManager.java:instantiateServices(811)) - S3 Multi-Tenancy is disabled
2024-03-11 08:39:56,364 [main] INFO  om.OmSnapshotManager (OmSnapshotManager.java:<init>(177)) - Ozone filesystem snapshot feature is enabled.
2024-03-11 08:39:56,365 [main] WARN  server.ServerUtils (ServerUtils.java:getDBPath(299)) - ozone.om.snapshot.diff.db.dir is not configured. We recommend adding this setting. Falling back to ozone.metadata.dirs instead.
2024-03-11 08:39:56,382 [main] INFO  utils.NativeLibraryLoader (NativeLibraryLoader.java:loadLibrary(108)) - Loading Library: ozone_rocksdb_tools
2024-03-11 08:39:56,382 [main] ERROR snapshot.SnapshotDiffManager (SnapshotDiffManager.java:initNativeLibraryForEfficientDiff(287)) - Native Library for raw sst file reading loading failed.
org.apache.hadoop.hdds.utils.NativeLibraryNotLoadedException: Unable to load library ozone_rocksdb_tools from both java.library.path & resource file libozone_rocksdb_tools.so from jar.
	at org.apache.hadoop.hdds.utils.db.managed.ManagedRawSSTFileReader.loadLibrary(ManagedRawSSTFileReader.java:38)
	at org.apache.hadoop.ozone.om.snapshot.SnapshotDiffManager.initNativeLibraryForEfficientDiff(SnapshotDiffManager.java:285)
	at org.apache.hadoop.ozone.om.snapshot.SnapshotDiffManager.<init>(SnapshotDiffManager.java:259)
	at org.apache.hadoop.ozone.om.OmSnapshotManager.<init>(OmSnapshotManager.java:279)
	at org.apache.hadoop.ozone.om.OzoneManager.instantiateServices(OzoneManager.java:863)
	at org.apache.hadoop.ozone.om.OzoneManager.<init>(OzoneManager.java:689)
	at org.apache.hadoop.ozone.om.OzoneManager.createOm(OzoneManager.java:774)
	at org.apache.hadoop.ozone.MiniOzoneHAClusterImpl$Builder.createOMService(MiniOzoneHAClusterImpl.java:509)
	at org.apache.hadoop.ozone.MiniOzoneHAClusterImpl$Builder.build(MiniOzoneHAClusterImpl.java:425)
	at org.apache.hadoop.ozone.om.TestOzoneManagerHA.init(TestOzoneManagerHA.java:182)
	at sun.reflect.NativeMethodAccessorImpl.invoke0(Native Method)
	at sun.reflect.NativeMethodAccessorImpl.invoke(NativeMethodAccessorImpl.java:62)
	at sun.reflect.DelegatingMethodAccessorImpl.invoke(DelegatingMethodAccessorImpl.java:43)
	at java.lang.reflect.Method.invoke(Method.java:498)
	at org.junit.platform.commons.util.ReflectionUtils.invokeMethod(ReflectionUtils.java:728)
	at org.junit.jupiter.engine.execution.MethodInvocation.proceed(MethodInvocation.java:60)
	at org.junit.jupiter.engine.execution.InvocationInterceptorChain$ValidatingInvocation.proceed(InvocationInterceptorChain.java:131)
	at org.junit.jupiter.engine.extension.TimeoutExtension.intercept(TimeoutExtension.java:156)
	at org.junit.jupiter.engine.extension.TimeoutExtension.interceptLifecycleMethod(TimeoutExtension.java:128)
	at org.junit.jupiter.engine.extension.TimeoutExtension.interceptBeforeAllMethod(TimeoutExtension.java:70)
	at org.junit.jupiter.engine.execution.InterceptingExecutableInvoker$ReflectiveInterceptorCall.lambda$ofVoidMethod$0(InterceptingExecutableInvoker.java:103)
	at org.junit.jupiter.engine.execution.InterceptingExecutableInvoker.lambda$invoke$0(InterceptingExecutableInvoker.java:93)
	at org.junit.jupiter.engine.execution.InvocationInterceptorChain$InterceptedInvocation.proceed(InvocationInterceptorChain.java:106)
	at org.junit.jupiter.engine.execution.InvocationInterceptorChain.proceed(InvocationInterceptorChain.java:64)
	at org.junit.jupiter.engine.execution.InvocationInterceptorChain.chainAndInvoke(InvocationInterceptorChain.java:45)
	at org.junit.jupiter.engine.execution.InvocationInterceptorChain.invoke(InvocationInterceptorChain.java:37)
	at org.junit.jupiter.engine.execution.InterceptingExecutableInvoker.invoke(InterceptingExecutableInvoker.java:92)
	at org.junit.jupiter.engine.execution.InterceptingExecutableInvoker.invoke(InterceptingExecutableInvoker.java:86)
	at org.junit.jupiter.engine.descriptor.ClassBasedTestDescriptor.lambda$invokeBeforeAllMethods$13(ClassBasedTestDescriptor.java:412)
	at org.junit.platform.engine.support.hierarchical.ThrowableCollector.execute(ThrowableCollector.java:73)
	at org.junit.jupiter.engine.descriptor.ClassBasedTestDescriptor.invokeBeforeAllMethods(ClassBasedTestDescriptor.java:410)
	at org.junit.jupiter.engine.descriptor.ClassBasedTestDescriptor.before(ClassBasedTestDescriptor.java:216)
	at org.junit.jupiter.engine.descriptor.ClassBasedTestDescriptor.before(ClassBasedTestDescriptor.java:85)
	at org.junit.platform.engine.support.hierarchical.NodeTestTask.lambda$executeRecursively$6(NodeTestTask.java:148)
	at org.junit.platform.engine.support.hierarchical.ThrowableCollector.execute(ThrowableCollector.java:73)
	at org.junit.platform.engine.support.hierarchical.NodeTestTask.lambda$executeRecursively$8(NodeTestTask.java:141)
	at org.junit.platform.engine.support.hierarchical.Node.around(Node.java:137)
	at org.junit.platform.engine.support.hierarchical.NodeTestTask.lambda$executeRecursively$9(NodeTestTask.java:139)
	at org.junit.platform.engine.support.hierarchical.ThrowableCollector.execute(ThrowableCollector.java:73)
	at org.junit.platform.engine.support.hierarchical.NodeTestTask.executeRecursively(NodeTestTask.java:138)
	at org.junit.platform.engine.support.hierarchical.NodeTestTask.execute(NodeTestTask.java:95)
	at java.util.ArrayList.forEach(ArrayList.java:1259)
	at org.junit.platform.engine.support.hierarchical.SameThreadHierarchicalTestExecutorService.invokeAll(SameThreadHierarchicalTestExecutorService.java:41)
	at org.junit.platform.engine.support.hierarchical.NodeTestTask.lambda$executeRecursively$6(NodeTestTask.java:155)
	at org.junit.platform.engine.support.hierarchical.ThrowableCollector.execute(ThrowableCollector.java:73)
	at org.junit.platform.engine.support.hierarchical.NodeTestTask.lambda$executeRecursively$8(NodeTestTask.java:141)
	at org.junit.platform.engine.support.hierarchical.Node.around(Node.java:137)
	at org.junit.platform.engine.support.hierarchical.NodeTestTask.lambda$executeRecursively$9(NodeTestTask.java:139)
	at org.junit.platform.engine.support.hierarchical.ThrowableCollector.execute(ThrowableCollector.java:73)
	at org.junit.platform.engine.support.hierarchical.NodeTestTask.executeRecursively(NodeTestTask.java:138)
	at org.junit.platform.engine.support.hierarchical.NodeTestTask.execute(NodeTestTask.java:95)
	at org.junit.platform.engine.support.hierarchical.SameThreadHierarchicalTestExecutorService.submit(SameThreadHierarchicalTestExecutorService.java:35)
	at org.junit.platform.engine.support.hierarchical.HierarchicalTestExecutor.execute(HierarchicalTestExecutor.java:57)
	at org.junit.platform.engine.support.hierarchical.HierarchicalTestEngine.execute(HierarchicalTestEngine.java:54)
	at org.junit.platform.launcher.core.EngineExecutionOrchestrator.execute(EngineExecutionOrchestrator.java:198)
	at org.junit.platform.launcher.core.EngineExecutionOrchestrator.execute(EngineExecutionOrchestrator.java:169)
	at org.junit.platform.launcher.core.EngineExecutionOrchestrator.execute(EngineExecutionOrchestrator.java:93)
	at org.junit.platform.launcher.core.EngineExecutionOrchestrator.lambda$execute$0(EngineExecutionOrchestrator.java:58)
	at org.junit.platform.launcher.core.EngineExecutionOrchestrator.withInterceptedStreams(EngineExecutionOrchestrator.java:141)
	at org.junit.platform.launcher.core.EngineExecutionOrchestrator.execute(EngineExecutionOrchestrator.java:57)
	at org.junit.platform.launcher.core.DefaultLauncher.execute(DefaultLauncher.java:103)
	at org.junit.platform.launcher.core.DefaultLauncher.execute(DefaultLauncher.java:85)
	at org.junit.platform.launcher.core.DelegatingLauncher.execute(DelegatingLauncher.java:47)
	at org.junit.platform.launcher.core.SessionPerRequestLauncher.execute(SessionPerRequestLauncher.java:63)
	at org.apache.maven.surefire.junitplatform.JUnitPlatformProvider.invokeAllTests(JUnitPlatformProvider.java:165)
	at org.apache.maven.surefire.junitplatform.JUnitPlatformProvider.invoke(JUnitPlatformProvider.java:124)
	at org.apache.maven.surefire.booter.ForkedBooter.runSuitesInProcess(ForkedBooter.java:428)
	at org.apache.maven.surefire.booter.ForkedBooter.execute(ForkedBooter.java:162)
	at org.apache.maven.surefire.booter.ForkedBooter.run(ForkedBooter.java:562)
	at org.apache.maven.surefire.booter.ForkedBooter.main(ForkedBooter.java:548)
2024-03-11 08:39:56,384 [main] INFO  om.OzoneManager (OzoneManager.java:addS3GVolumeToDB(4468)) - Created Volume s3v With Owner runner required for S3Gateway operations.
2024-03-11 08:39:56,384 [main] WARN  server.ServerUtils (ServerUtils.java:getDefaultRatisDirectory(311)) - Storage directory for Ratis is not configured. It is a good idea to map this to an SSD disk. Falling back to ozone.metadata.dirs
2024-03-11 08:39:56,384 [main] WARN  utils.OzoneManagerRatisUtils (OzoneManagerRatisUtils.java:getOMRatisSnapshotDirectory(476)) - ozone.om.ratis.snapshot.dir is not configured. Falling back to ozone.metadata.dirs config
2024-03-11 08:39:56,385 [main] INFO  utils.RDBSnapshotProvider (RDBSnapshotProvider.java:init(87)) - Cleaning up the candidate dir: /home/runner/work/ozone/ozone/hadoop-ozone/integration-test/target/test-dir/MiniOzoneClusterImpl-26b6f519-45de-438b-acbb-b19d352d9476/omNode-1/snapshot/om.db.candidate
2024-03-11 08:39:56,385 [main] INFO  ratis_snapshot.OmRatisSnapshotProvider (OmRatisSnapshotProvider.java:<init>(99)) - Initializing OM Snapshot Provider
2024-03-11 08:39:56,386 [main] WARN  server.ServerUtils (ServerUtils.java:getDefaultRatisDirectory(311)) - Storage directory for Ratis is not configured. It is a good idea to map this to an SSD disk. Falling back to ozone.metadata.dirs
2024-03-11 08:39:56,386 [main] INFO  ratis.OzoneManagerRatisServer (OzoneManagerRatisServer.java:<init>(167)) - Instantiating OM Ratis server with groupID: om-service-test1 and peers: localhost:15265, localhost:15273, localhost:15269
2024-03-11 08:39:56,387 [main] INFO  ratis.OzoneManagerStateMachine (OzoneManagerStateMachine.java:loadSnapshotInfoFromDB(575)) - TransactionInfo not found in OM DB.
2024-03-11 08:39:56,387 [main] INFO  server.RaftServer (ConfUtils.java:logGet(46)) - raft.rpc.type = GRPC (default)
2024-03-11 08:39:56,387 [main] INFO  grpc.GrpcConfigKeys (ConfUtils.java:logFallback(53)) - raft.grpc.admin.host = null (fallback to raft.grpc.server.host)
2024-03-11 08:39:56,387 [main] INFO  grpc.GrpcConfigKeys (ConfUtils.java:logFallback(53)) - raft.grpc.admin.port = 15265 (fallback to raft.grpc.server.port)
2024-03-11 08:39:56,387 [main] INFO  grpc.GrpcConfigKeys (ConfUtils.java:logFallback(53)) - raft.grpc.client.host = null (fallback to raft.grpc.server.host)
2024-03-11 08:39:56,387 [main] INFO  grpc.GrpcConfigKeys (ConfUtils.java:logFallback(53)) - raft.grpc.client.port = 15265 (fallback to raft.grpc.server.port)
2024-03-11 08:39:56,387 [main] INFO  grpc.GrpcConfigKeys (ConfUtils.java:logGet(46)) - raft.grpc.server.host = null (default)
2024-03-11 08:39:56,387 [main] INFO  grpc.GrpcConfigKeys (ConfUtils.java:logGet(46)) - raft.grpc.server.port = 15265 (custom)
2024-03-11 08:39:56,388 [main] INFO  server.GrpcService (ConfUtils.java:logGet(46)) - raft.grpc.message.size.max = 4194304 (custom)
2024-03-11 08:39:56,388 [main] INFO  server.RaftServerConfigKeys (ConfUtils.java:logGet(46)) - raft.server.log.appender.buffer.byte-limit = 4194304 (custom)
2024-03-11 08:39:56,388 [main] INFO  server.GrpcService (ConfUtils.java:logGet(46)) - raft.grpc.flow.control.window = 1MB (=1048576) (default)
2024-03-11 08:39:56,388 [main] INFO  server.RaftServerConfigKeys (ConfUtils.java:logGet(46)) - raft.server.rpc.request.timeout = 3000ms (default)
2024-03-11 08:39:56,388 [main] INFO  grpc.GrpcConfigKeys (ConfUtils.java:logGet(46)) - raft.grpc.server.heartbeat.channel = true (default)
2024-03-11 08:39:56,388 [main] INFO  grpc.GrpcConfigKeys (ConfUtils.java:logGet(46)) - raft.grpc.server.async.request.thread.pool.cached = true (default)
2024-03-11 08:39:56,388 [main] INFO  grpc.GrpcConfigKeys (ConfUtils.java:logGet(46)) - raft.grpc.server.async.request.thread.pool.size = 32 (default)
2024-03-11 08:39:56,389 [main] INFO  impl.DataStreamServerImpl (ConfUtils.java:logGet(46)) - raft.datastream.type = DISABLED (default)
2024-03-11 08:39:56,389 [main] INFO  server.RaftServerConfigKeys (ConfUtils.java:logGet(46)) - raft.server.sleep.deviation.threshold = 300ms (default)
2024-03-11 08:39:56,389 [main] INFO  server.RaftServerConfigKeys (ConfUtils.java:logGet(46)) - raft.server.close.threshold = 60s (default)
2024-03-11 08:39:56,389 [main] INFO  server.RaftServerConfigKeys (ConfUtils.java:logGet(46)) - raft.server.leaderelection.leader.step-down.wait-time = 10s (default)
2024-03-11 08:39:56,389 [main] INFO  server.RaftServerConfigKeys (ConfUtils.java:logGet(46)) - raft.server.storage.dir = [/home/runner/work/ozone/ozone/hadoop-ozone/integration-test/target/test-dir/MiniOzoneClusterImpl-26b6f519-45de-438b-acbb-b19d352d9476/omNode-1/ratis] (custom)
2024-03-11 08:39:56,390 [main] INFO  server.RaftServerConfigKeys (ConfUtils.java:logGet(46)) - raft.server.threadpool.proxy.cached = true (default)
2024-03-11 08:39:56,390 [main] INFO  server.RaftServerConfigKeys (ConfUtils.java:logGet(46)) - raft.server.threadpool.proxy.size = 0 (default)
2024-03-11 08:39:56,390 [main] INFO  server.RaftServer (RaftServerProxy.java:addNew(100)) - omNode-1: addNew group-523986131536:[omNode-3|localhost:15273, omNode-1|localhost:15265, omNode-2|localhost:15269] returns group-523986131536:java.util.concurrent.CompletableFuture@191abf60[Not completed]
2024-03-11 08:39:56,390 [omNode-1-groupManagement] INFO  server.RaftServer$Division (RaftServerImpl.java:<init>(256)) - omNode-1: new RaftServerImpl for group-523986131536:[omNode-3|localhost:15273, omNode-1|localhost:15265, omNode-2|localhost:15269] with OzoneManagerStateMachine:uninitialized
2024-03-11 08:39:56,390 [main] INFO  om.OzoneManager (OzoneManager.java:initializeRatisServer(2177)) - OzoneManager Ratis server initialized at port 15265
2024-03-11 08:39:56,390 [omNode-1-groupManagement] INFO  server.RaftServerConfigKeys (ConfUtils.java:logGet(46)) - raft.server.rpc.timeout.min = 1s (custom)
2024-03-11 08:39:56,390 [main] INFO  om.OzoneManager (OzoneManager.java:getRpcServer(1231)) - Creating RPC Server
2024-03-11 08:39:56,390 [omNode-1-groupManagement] INFO  server.RaftServerConfigKeys (ConfUtils.java:logGet(46)) - raft.server.rpc.timeout.max = 1200ms (custom)
2024-03-11 08:39:56,391 [omNode-1-groupManagement] INFO  server.RaftServerConfigKeys (ConfUtils.java:logGet(46)) - raft.server.rpc.sleep.time = 25ms (default)
2024-03-11 08:39:56,391 [omNode-1-groupManagement] INFO  server.RaftServerConfigKeys (ConfUtils.java:logGet(46)) - raft.server.rpc.slowness.timeout = 2s (custom)
2024-03-11 08:39:56,391 [omNode-1-groupManagement] INFO  server.RaftServerConfigKeys (ConfUtils.java:logGet(46)) - raft.server.leaderelection.leader.step-down.wait-time = 10s (default)
2024-03-11 08:39:56,391 [omNode-1-groupManagement] INFO  server.RaftServerConfigKeys (ConfUtils.java:logGet(46)) - raft.server.leaderelection.member.majority-add = false (default)
2024-03-11 08:39:56,391 [omNode-1-groupManagement] INFO  server.RaftServerConfigKeys (ConfUtils.java:logGet(46)) - raft.server.sleep.deviation.threshold = 300ms (default)
2024-03-11 08:39:56,391 [omNode-1-groupManagement] INFO  server.RaftServer$Division (ServerState.java:<init>(113)) - omNode-1@group-523986131536: ConfigurationManager, init=-1: peers:[omNode-3|localhost:15273, omNode-1|localhost:15265, omNode-2|localhost:15269]|listeners:[], old=null, confs=<EMPTY_MAP>
2024-03-11 08:39:56,391 [omNode-1-groupManagement] INFO  server.RaftServerConfigKeys (ConfUtils.java:logGet(46)) - raft.server.notification.no-leader.timeout = 2s (custom)
2024-03-11 08:39:56,391 [omNode-1-groupManagement] INFO  server.RaftServerConfigKeys (ConfUtils.java:logGet(46)) - raft.server.read.timeout = 10s (default)
2024-03-11 08:39:56,391 [omNode-1-groupManagement] INFO  server.RaftServerConfigKeys (ConfUtils.java:logGet(46)) - raft.server.retrycache.expirytime = 30000ms (custom)
2024-03-11 08:39:56,391 [omNode-1-groupManagement] INFO  server.RaftServerConfigKeys (ConfUtils.java:logGet(46)) - raft.server.retrycache.statistics.expirytime = 100ms (default)
2024-03-11 08:39:56,391 [omNode-1-groupManagement] INFO  server.RaftServerConfigKeys (ConfUtils.java:logGet(46)) - raft.server.read.option = DEFAULT (default)
2024-03-11 08:39:56,391 [omNode-1-groupManagement] INFO  server.RaftServerConfigKeys (ConfUtils.java:logGet(46)) - raft.server.read.read-after-write-consistent.write-index-cache.expiry-time = 60s (default)
2024-03-11 08:39:56,392 [omNode-1-groupManagement] INFO  server.RaftServerConfigKeys (ConfUtils.java:logGet(46)) - raft.server.rpc.request.timeout = 3000ms (default)
2024-03-11 08:39:56,392 [omNode-1-groupManagement] INFO  server.RaftServerConfigKeys (ConfUtils.java:logGet(46)) - raft.server.log.appender.install.snapshot.enabled = false (custom)
2024-03-11 08:39:56,392 [omNode-1-groupManagement] INFO  server.RaftServerConfigKeys (ConfUtils.java:logGet(46)) - raft.server.threadpool.server.cached = true (default)
2024-03-11 08:39:56,392 [omNode-1-groupManagement] INFO  server.RaftServerConfigKeys (ConfUtils.java:logGet(46)) - raft.server.threadpool.server.size = 0 (default)
2024-03-11 08:39:56,392 [omNode-1-groupManagement] INFO  server.RaftServerConfigKeys (ConfUtils.java:logGet(46)) - raft.server.threadpool.client.cached = true (default)
2024-03-11 08:39:56,392 [omNode-1-groupManagement] INFO  server.RaftServerConfigKeys (ConfUtils.java:logGet(46)) - raft.server.threadpool.client.size = 0 (default)
2024-03-11 08:39:56,571 [main] INFO  ipc.CallQueueManager (CallQueueManager.java:<init>(90)) - Using callQueue: class java.util.concurrent.LinkedBlockingQueue, queueCapacity: 2000, scheduler: class org.apache.hadoop.ipc.DefaultRpcScheduler, ipcBackoff: false.
2024-03-11 08:39:56,571 [main] INFO  ipc.Server (Server.java:<init>(1287)) - Listener at 127.0.0.1:15262
2024-03-11 08:39:56,572 [Socket Reader #1 for port 15262] INFO  ipc.Server (Server.java:run(1323)) - Starting Socket Reader #1 for port 15262
2024-03-11 08:39:56,584 [main] INFO  impl.MetricsSystemImpl (MetricsSystemImpl.java:init(158)) - OzoneManager metrics system started (again)
2024-03-11 08:39:56,591 [main] INFO  om.OzoneManager (OzoneManager.java:start(1653)) - OzoneManager RPC server is listening at localhost/127.0.0.1:15262
2024-03-11 08:39:56,591 [main] INFO  ratis.OzoneManagerRatisServer (OzoneManagerRatisServer.java:start(588)) - Starting OzoneManagerRatisServer omNode-1 at port 15265
2024-03-11 08:39:56,591 [omNode-1-impl-thread1] INFO  server.RaftServerConfigKeys (ConfUtils.java:logGet(46)) - raft.server.storage.free-space.min = 0MB (=0) (default)
2024-03-11 08:39:56,591 [omNode-1-impl-thread1] INFO  server.RaftServerConfigKeys (ConfUtils.java:logGet(46)) - raft.server.log.corruption.policy = EXCEPTION (default)
2024-03-11 08:39:56,591 [omNode-1-impl-thread1] INFO  server.RaftServerConfigKeys (ConfUtils.java:logGet(46)) - raft.server.storage.dir = [/home/runner/work/ozone/ozone/hadoop-ozone/integration-test/target/test-dir/MiniOzoneClusterImpl-26b6f519-45de-438b-acbb-b19d352d9476/omNode-1/ratis] (custom)
2024-03-11 08:39:56,591 [omNode-1-impl-thread1] INFO  storage.RaftStorageDirectory (RaftStorageDirectoryImpl.java:analyzeStorage(138)) - The storage directory /home/runner/work/ozone/ozone/hadoop-ozone/integration-test/target/test-dir/MiniOzoneClusterImpl-26b6f519-45de-438b-acbb-b19d352d9476/omNode-1/ratis/c9bc4cf4-3bc3-3c60-a66b-523986131536 does not exist. Creating ...
2024-03-11 08:39:56,593 [omNode-1-impl-thread1] INFO  storage.RaftStorageDirectory (RaftStorageDirectoryImpl.java:tryLock(228)) - Lock on /home/runner/work/ozone/ozone/hadoop-ozone/integration-test/target/test-dir/MiniOzoneClusterImpl-26b6f519-45de-438b-acbb-b19d352d9476/omNode-1/ratis/c9bc4cf4-3bc3-3c60-a66b-523986131536/in_use.lock acquired by nodename 48108@fv-az1250-130
2024-03-11 08:39:56,594 [omNode-1-impl-thread1] INFO  storage.RaftStorage (RaftStorageImpl.java:format(99)) - Storage directory /home/runner/work/ozone/ozone/hadoop-ozone/integration-test/target/test-dir/MiniOzoneClusterImpl-26b6f519-45de-438b-acbb-b19d352d9476/omNode-1/ratis/c9bc4cf4-3bc3-3c60-a66b-523986131536 has been successfully formatted.
2024-03-11 08:39:56,594 [omNode-1-impl-thread1] WARN  util.FileUtils (LogUtils.java:supplyAndLog(63)) - Failed to Files.newInputStream /home/runner/work/ozone/ozone/hadoop-ozone/integration-test/target/test-dir/MiniOzoneClusterImpl-26b6f519-45de-438b-acbb-b19d352d9476/omNode-1/ratis/c9bc4cf4-3bc3-3c60-a66b-523986131536/current/raft-meta.conf with options []: java.nio.file.NoSuchFileException: /home/runner/work/ozone/ozone/hadoop-ozone/integration-test/target/test-dir/MiniOzoneClusterImpl-26b6f519-45de-438b-acbb-b19d352d9476/omNode-1/ratis/c9bc4cf4-3bc3-3c60-a66b-523986131536/current/raft-meta.conf
2024-03-11 08:39:56,594 [omNode-1-impl-thread1] INFO  server.RaftServerConfigKeys (ConfUtils.java:logGet(46)) - raft.server.log.use.memory = false (default)
2024-03-11 08:39:56,594 [omNode-1-impl-thread1] INFO  server.RaftServerConfigKeys (ConfUtils.java:logGet(46)) - raft.server.log.purge.gap = 50 (custom)
2024-03-11 08:39:56,594 [omNode-1-impl-thread1] INFO  server.RaftServerConfigKeys (ConfUtils.java:logGet(46)) - raft.server.log.appender.buffer.byte-limit = 4194304 (custom)
2024-03-11 08:39:56,594 [omNode-1-impl-thread1] INFO  server.RaftServerConfigKeys (ConfUtils.java:logGet(46)) - raft.server.log.statemachine.data.read.timeout = 1000ms (default)
2024-03-11 08:39:56,594 [omNode-1-impl-thread1] INFO  server.RaftServerConfigKeys (ConfUtils.java:logGet(46)) - raft.server.log.purge.preservation.log.num = 0 (default)
2024-03-11 08:39:56,595 [omNode-1-impl-thread1] INFO  server.RaftServerConfigKeys (ConfUtils.java:logGet(46)) - raft.server.log.segment.size.max = 4194304 (custom)
2024-03-11 08:39:56,595 [omNode-1-impl-thread1] INFO  server.RaftServerConfigKeys (ConfUtils.java:logGet(46)) - raft.server.log.segment.cache.num.max = 2 (custom)
2024-03-11 08:39:56,595 [omNode-1-impl-thread1] INFO  server.RaftServerConfigKeys (ConfUtils.java:logGet(46)) - raft.server.log.segment.cache.size.max = 200MB (=209715200) (default)
2024-03-11 08:39:56,595 [omNode-1-impl-thread1] INFO  server.RaftServerConfigKeys (ConfUtils.java:logGet(46)) - raft.server.log.appender.buffer.byte-limit = 4194304 (custom)
2024-03-11 08:39:56,595 [omNode-1-impl-thread1] INFO  util.AwaitToRun (AwaitToRun.java:start(81)) - Thread[omNode-1@group-523986131536-cacheEviction-AwaitToRun,5,main] started
2024-03-11 08:39:56,595 [omNode-1-impl-thread1] INFO  segmented.SegmentedRaftLogWorker (SegmentedRaftLogWorker.java:<init>(182)) - new omNode-1@group-523986131536-SegmentedRaftLogWorker for RaftStorageImpl:Storage Directory /home/runner/work/ozone/ozone/hadoop-ozone/integration-test/target/test-dir/MiniOzoneClusterImpl-26b6f519-45de-438b-acbb-b19d352d9476/omNode-1/ratis/c9bc4cf4-3bc3-3c60-a66b-523986131536
2024-03-11 08:39:56,595 [omNode-1-impl-thread1] INFO  server.RaftServerConfigKeys (ConfUtils.java:logGet(46)) - raft.server.log.queue.byte-limit = 64MB (=67108864) (default)
2024-03-11 08:39:56,595 [omNode-1-impl-thread1] INFO  server.RaftServerConfigKeys (ConfUtils.java:logGet(46)) - raft.server.log.queue.element-limit = 4096 (default)
2024-03-11 08:39:56,595 [omNode-1-impl-thread1] INFO  server.RaftServerConfigKeys (ConfUtils.java:logGet(46)) - raft.server.log.segment.size.max = 4194304 (custom)
2024-03-11 08:39:56,595 [omNode-1-impl-thread1] INFO  server.RaftServerConfigKeys (ConfUtils.java:logGet(46)) - raft.server.log.preallocated.size = 4194304 (custom)
2024-03-11 08:39:56,595 [omNode-1-impl-thread1] INFO  server.RaftServerConfigKeys (ConfUtils.java:logGet(46)) - raft.server.log.force.sync.num = 128 (default)
2024-03-11 08:39:56,595 [omNode-1-impl-thread1] INFO  server.RaftServerConfigKeys (ConfUtils.java:logGet(46)) - raft.server.log.statemachine.data.sync = true (default)
2024-03-11 08:39:56,596 [omNode-1-impl-thread1] INFO  server.RaftServerConfigKeys (ConfUtils.java:logGet(46)) - raft.server.log.statemachine.data.sync.timeout = 10s (default)
2024-03-11 08:39:56,596 [omNode-1-impl-thread1] INFO  server.RaftServerConfigKeys (ConfUtils.java:logGet(46)) - raft.server.log.statemachine.data.sync.timeout.retry = -1 (default)
2024-03-11 08:39:56,596 [omNode-1-impl-thread1] INFO  server.RaftServerConfigKeys (ConfUtils.java:logGet(46)) - raft.server.log.write.buffer.size = 4194312 (custom)
2024-03-11 08:39:56,596 [omNode-1-impl-thread1] INFO  server.RaftServerConfigKeys (ConfUtils.java:logGet(46)) - raft.server.log.appender.buffer.byte-limit = 4194304 (custom)
2024-03-11 08:39:56,596 [omNode-1-impl-thread1] INFO  server.RaftServerConfigKeys (ConfUtils.java:logGet(46)) - raft.server.log.unsafe-flush.enabled = false (default)
2024-03-11 08:39:56,596 [omNode-1-impl-thread1] INFO  server.RaftServerConfigKeys (ConfUtils.java:logGet(46)) - raft.server.log.async-flush.enabled = false (default)
2024-03-11 08:39:56,596 [omNode-1-impl-thread1] INFO  server.RaftServerConfigKeys (ConfUtils.java:logGet(46)) - raft.server.log.statemachine.data.caching.enabled = false (default)
2024-03-11 08:39:56,596 [omNode-1-impl-thread1] INFO  segmented.SegmentedRaftLogWorker (SegmentedRaftLogWorker.java:lambda$new$0(134)) - omNode-1@group-523986131536-SegmentedRaftLogWorker: flushIndex: setUnconditionally 0 -> -1
2024-03-11 08:39:56,596 [omNode-1-impl-thread1] INFO  segmented.SegmentedRaftLogWorker (SegmentedRaftLogWorker.java:lambda$new$0(134)) - omNode-1@group-523986131536-SegmentedRaftLogWorker: safeCacheEvictIndex: setUnconditionally 0 -> -1
2024-03-11 08:39:56,596 [omNode-1-impl-thread1] INFO  server.RaftServer$Division (RaftServerImpl.java:start(396)) - omNode-1@group-523986131536: start as a follower, conf=-1: peers:[omNode-3|localhost:15273, omNode-1|localhost:15265, omNode-2|localhost:15269]|listeners:[], old=null
2024-03-11 08:39:56,597 [omNode-1-impl-thread1] INFO  server.RaftServer$Division (RaftServerImpl.java:setRole(383)) - omNode-1@group-523986131536: changes role from      null to FOLLOWER at term 0 for startAsFollower
2024-03-11 08:39:56,597 [omNode-1-impl-thread1] INFO  impl.RoleInfo (RoleInfo.java:updateAndGet(139)) - omNode-1: start omNode-1@group-523986131536-FollowerState
2024-03-11 08:39:56,597 [omNode-1-impl-thread1] INFO  util.JmxRegister (JmxRegister.java:tryRegister(44)) - Successfully registered JMX Bean with object name Ratis:service=RaftServer,group=group-523986131536,id=omNode-1
2024-03-11 08:39:56,597 [omNode-1@group-523986131536-FollowerState] INFO  server.RaftServerConfigKeys (ConfUtils.java:logFallback(53)) - raft.server.rpc.first-election.timeout.min = 1s (fallback to raft.server.rpc.timeout.min)
2024-03-11 08:39:56,597 [omNode-1-impl-thread1] INFO  server.RaftServerConfigKeys (ConfUtils.java:logGet(46)) - raft.server.snapshot.trigger-when-stop.enabled = true (default)
2024-03-11 08:39:56,598 [omNode-1-impl-thread1] INFO  server.RaftServerConfigKeys (ConfUtils.java:logGet(46)) - raft.server.snapshot.auto.trigger.enabled = true (custom)
2024-03-11 08:39:56,598 [omNode-1-impl-thread1] INFO  server.RaftServerConfigKeys (ConfUtils.java:logGet(46)) - raft.server.snapshot.auto.trigger.threshold = 50 (custom)
2024-03-11 08:39:56,597 [omNode-1@group-523986131536-FollowerState] INFO  server.RaftServerConfigKeys (ConfUtils.java:logFallback(53)) - raft.server.rpc.first-election.timeout.max = 1200ms (fallback to raft.server.rpc.timeout.max)
2024-03-11 08:39:56,598 [omNode-1-impl-thread1] INFO  server.RaftServerConfigKeys (ConfUtils.java:logGet(46)) - raft.server.snapshot.retention.file.num = -1 (default)
2024-03-11 08:39:56,598 [omNode-1-impl-thread1] INFO  server.RaftServerConfigKeys (ConfUtils.java:logGet(46)) - raft.server.log.purge.upto.snapshot.index = true (custom)
2024-03-11 08:39:56,598 [main] INFO  server.RaftServer (RaftServerProxy.java:startImpl(406)) - omNode-1: start RPC server
2024-03-11 08:39:56,599 [main] INFO  server.GrpcService (GrpcService.java:startImpl(302)) - omNode-1: GrpcService started, listening on 15265
2024-03-11 08:39:56,599 [JvmPauseMonitor70] INFO  util.JvmPauseMonitor (JvmPauseMonitor.java:run(146)) - JvmPauseMonitor-omNode-1: Started
2024-03-11 08:39:56,599 [main] INFO  om.OzoneManager (OzoneManager.java:start(1669)) - Version File has different layout version (6) than OM DB (null). That is expected if this OM has never been finalized to a newer layout version.
2024-03-11 08:39:56,606 [main] INFO  client.ScmTopologyClient (ScmTopologyClient.java:start(67)) - Initial network topology fetched from SCM: /.
2024-03-11 08:39:56,607 [main] INFO  net.NodeSchemaLoader (NodeSchemaLoader.java:loadSchemaFromFile(129)) - Loading schema from [jar:file:/home/runner/.m2/repository/org/apache/ozone/hdds-common/1.5.0-SNAPSHOT/hdds-common-1.5.0-SNAPSHOT.jar!/network-topology-default.xml]
2024-03-11 08:39:56,607 [main] INFO  net.NodeSchemaLoader (NodeSchemaLoader.java:loadSchema(176)) - Loading network topology layer schema file
2024-03-11 08:39:56,609 [main] INFO  http.BaseHttpServer (BaseHttpServer.java:newHttpServer2BuilderForOzone(223)) - Starting Web-server for ozoneManager at: http://0.0.0.0:15263
2024-03-11 08:39:56,609 [main] INFO  http.BaseHttpServer (BaseHttpServer.java:<init>(110)) - Hadoop Security Enabled: false Ozone Security Enabled: false Ozone HTTP Security Enabled: false 
2024-03-11 08:39:56,609 [main] WARN  server.AuthenticationFilter (AuthenticationFilter.java:constructSecretProvider(240)) - Unable to initialize FileSignerSecretProvider, falling back to use random secrets. Reason: Could not read signature secret file: /home/runner/hadoop-http-auth-signature-secret
2024-03-11 08:39:56,613 [main] INFO  http.HttpRequestLog (HttpRequestLog.java:getRequestLog(86)) - Http request log for http.requests.ozoneManager is not defined
2024-03-11 08:39:56,614 [main] INFO  http.HttpServer2 (HttpServer2.java:addGlobalFilter(1036)) - Added global filter 'safety' (class=org.apache.hadoop.hdds.server.http.HttpServer2$QuotingInputFilter)
2024-03-11 08:39:56,614 [main] INFO  http.HttpServer2 (HttpServer2.java:addFilter(1012)) - Added filter static_user_filter (class=org.apache.hadoop.http.lib.StaticUserWebFilter$StaticUserFilter) to context ozoneManager
2024-03-11 08:39:56,614 [main] INFO  http.HttpServer2 (HttpServer2.java:addFilter(1020)) - Added filter static_user_filter (class=org.apache.hadoop.http.lib.StaticUserWebFilter$StaticUserFilter) to context logs
2024-03-11 08:39:56,614 [main] INFO  http.HttpServer2 (HttpServer2.java:addFilter(1020)) - Added filter static_user_filter (class=org.apache.hadoop.http.lib.StaticUserWebFilter$StaticUserFilter) to context static
2024-03-11 08:39:56,614 [main] INFO  http.BaseHttpServer (BaseHttpServer.java:<init>(189)) - HTTP server of ozoneManager uses base directory /home/runner/work/ozone/ozone/hadoop-ozone/integration-test/target/test-dir/MiniOzoneClusterImpl-26b6f519-45de-438b-acbb-b19d352d9476/omNode-1/webserver
2024-03-11 08:39:56,615 [main] INFO  http.HttpServer2 (HttpServer2.java:bindListener(1236)) - Jetty bound to port 15263
2024-03-11 08:39:56,615 [main] INFO  server.Server (Server.java:doStart(375)) - jetty-9.4.53.v20231009; built: 2023-10-09T12:29:09.265Z; git: 27bde00a0b95a1d5bbee0eae7984f891d2d0f8c9; jvm 1.8.0_402-b06
2024-03-11 08:39:56,616 [main] INFO  server.session (DefaultSessionIdManager.java:doStart(334)) - DefaultSessionIdManager workerName=node0
2024-03-11 08:39:56,616 [main] INFO  server.session (DefaultSessionIdManager.java:doStart(339)) - No SessionScavenger set, using defaults
2024-03-11 08:39:56,616 [main] INFO  server.session (HouseKeeper.java:startScavenging(132)) - node0 Scavenging every 660000ms
2024-03-11 08:39:56,616 [main] INFO  handler.ContextHandler (ContextHandler.java:doStart(921)) - Started o.e.j.s.ServletContextHandler@2d6c16fc{logs,/logs,file:///home/runner/work/ozone/ozone/hadoop-ozone/integration-test/target/log,AVAILABLE}
2024-03-11 08:39:56,617 [main] INFO  handler.ContextHandler (ContextHandler.java:doStart(921)) - Started o.e.j.s.ServletContextHandler@3904657b{static,/static,file:///home/runner/work/ozone/ozone/hadoop-ozone/integration-test/target/test-classes/webapps/static,AVAILABLE}
2024-03-11 08:39:56,618 [main] INFO  handler.ContextHandler (ContextHandler.java:doStart(921)) - Started o.e.j.w.WebAppContext@b2482f6{ozoneManager,/,file:///home/runner/work/ozone/ozone/hadoop-ozone/integration-test/target/test-classes/webapps/ozoneManager/,AVAILABLE}{file:/home/runner/work/ozone/ozone/hadoop-ozone/integration-test/target/test-classes/webapps/ozoneManager}
2024-03-11 08:39:56,619 [main] INFO  server.AbstractConnector (AbstractConnector.java:doStart(333)) - Started ServerConnector@48195e21{HTTP/1.1, (http/1.1)}{0.0.0.0:15263}
2024-03-11 08:39:56,619 [main] INFO  server.Server (Server.java:doStart(415)) - Started @811390ms
2024-03-11 08:39:56,619 [main] WARN  impl.MetricsSystemImpl (MetricsSystemImpl.java:register(279)) - Sink prometheus already exists!
2024-03-11 08:39:56,619 [main] INFO  http.BaseHttpServer (BaseHttpServer.java:updateConnectorAddress(354)) - HTTP server of ozoneManager listening at http://0.0.0.0:15263
2024-03-11 08:39:56,620 [IPC Server Responder] INFO  ipc.Server (Server.java:run(1562)) - IPC Server Responder: starting
2024-03-11 08:39:56,621 [IPC Server listener on 15262] INFO  ipc.Server (Server.java:run(1402)) - IPC Server listener on 15262: starting
2024-03-11 08:39:56,623 [main] INFO  om.OzoneManager (OzoneManager.java:startTrashEmptier(2130)) - Trash Interval set to 0. Files deleted won't move to trash
2024-03-11 08:39:56,623 [main] INFO  ozone.MiniOzoneHAClusterImpl (MiniOzoneHAClusterImpl.java:createOMService(516)) - Started OzoneManager omNode-1 RPC server at localhost/127.0.0.1:15262
2024-03-11 08:39:56,623 [main] INFO  ha.OMHANodeDetails (OMHANodeDetails.java:loadOMHAConfig(121)) - ServiceID for OzoneManager is om-service-test1
2024-03-11 08:39:56,624 [main] INFO  ha.OMHANodeDetails (OMHANodeDetails.java:loadOMHAConfig(201)) - Found matching OM address with OMServiceId: om-service-test1, OMNodeId: omNode-2, RPC Address: localhost:15266 and Ratis port: 15269
2024-03-11 08:39:56,624 [main] INFO  ha.OMHANodeDetails (ConfUtils.java:setNodeSpecificConfigs(97)) - Setting configuration key ozone.om.http-address with value of key ozone.om.http-address.om-service-test1.omNode-2: 127.0.0.1:15267
2024-03-11 08:39:56,624 [main] INFO  ha.OMHANodeDetails (ConfUtils.java:setNodeSpecificConfigs(97)) - Setting configuration key ozone.om.https-address with value of key ozone.om.https-address.om-service-test1.omNode-2: 127.0.0.1:15268
2024-03-11 08:39:56,624 [main] INFO  ha.OMHANodeDetails (ConfUtils.java:setNodeSpecificConfigs(97)) - Setting configuration key ozone.om.address with value of key ozone.om.address.om-service-test1.omNode-2: 127.0.0.1:15266
2024-03-11 08:39:56,624 [main] WARN  server.ServerUtils (ServerUtils.java:getDBPath(299)) - ozone.om.db.dirs is not configured. We recommend adding this setting. Falling back to ozone.metadata.dirs instead.
2024-03-11 08:39:56,625 [main] INFO  proxy.SCMBlockLocationFailoverProxyProvider (SCMBlockLocationFailoverProxyProvider.java:<init>(115)) - Created block location fail-over proxy with 1 nodes: [nodeId=scmNodeId,nodeAddress=/0.0.0.0:15259]
OM initialization succeeded.Current cluster id for sd=/home/runner/work/ozone/ozone/hadoop-ozone/integration-test/target/test-dir/MiniOzoneClusterImpl-26b6f519-45de-438b-acbb-b19d352d9476/omNode-2/om;cid=26b6f519-45de-438b-acbb-b19d352d9476;layoutVersion=6
2024-03-11 08:39:56,629 [main] INFO  ha.OMHANodeDetails (OMHANodeDetails.java:loadOMHAConfig(121)) - ServiceID for OzoneManager is om-service-test1
2024-03-11 08:39:56,629 [main] INFO  ha.OMHANodeDetails (OMHANodeDetails.java:loadOMHAConfig(201)) - Found matching OM address with OMServiceId: om-service-test1, OMNodeId: omNode-2, RPC Address: localhost:15266 and Ratis port: 15269
2024-03-11 08:39:56,629 [main] INFO  ha.OMHANodeDetails (ConfUtils.java:setNodeSpecificConfigs(97)) - Setting configuration key ozone.om.http-address with value of key ozone.om.http-address.om-service-test1.omNode-2: 127.0.0.1:15267
2024-03-11 08:39:56,629 [main] INFO  ha.OMHANodeDetails (ConfUtils.java:setNodeSpecificConfigs(97)) - Setting configuration key ozone.om.https-address with value of key ozone.om.https-address.om-service-test1.omNode-2: 127.0.0.1:15268
2024-03-11 08:39:56,629 [main] INFO  ha.OMHANodeDetails (ConfUtils.java:setNodeSpecificConfigs(97)) - Setting configuration key ozone.om.address with value of key ozone.om.address.om-service-test1.omNode-2: 127.0.0.1:15266
2024-03-11 08:39:56,629 [main] WARN  server.ServerUtils (ServerUtils.java:getDBPath(299)) - ozone.om.db.dirs is not configured. We recommend adding this setting. Falling back to ozone.metadata.dirs instead.
2024-03-11 08:39:56,630 [main] INFO  upgrade.AbstractLayoutVersionManager (AbstractLayoutVersionManager.java:init(83)) - Initializing Layout version manager with metadata layout = QUOTA (version = 6), software layout = QUOTA (version = 6)
2024-03-11 08:39:56,667 [main] INFO  upgrade.OMLayoutVersionManager (OMLayoutVersionManager.java:lambda$0(113)) - Skipping Upgrade Action QuotaRepairUpgradeAction since it has been finalized.
2024-03-11 08:39:56,667 [main] INFO  upgrade.OMLayoutVersionManager (OMLayoutVersionManager.java:lambda$0(113)) - Skipping Upgrade Action MockOmUpgradeAction since it has been finalized.
2024-03-11 08:39:56,667 [main] WARN  server.ServerUtils (ServerUtils.java:getDBPath(299)) - ozone.om.db.dirs is not configured. We recommend adding this setting. Falling back to ozone.metadata.dirs instead.
2024-03-11 08:39:56,668 [main] INFO  proxy.SCMBlockLocationFailoverProxyProvider (SCMBlockLocationFailoverProxyProvider.java:<init>(115)) - Created block location fail-over proxy with 1 nodes: [nodeId=scmNodeId,nodeAddress=/0.0.0.0:15259]
2024-03-11 08:39:56,669 [main] INFO  proxy.SCMBlockLocationFailoverProxyProvider (SCMBlockLocationFailoverProxyProvider.java:<init>(115)) - Created block location fail-over proxy with 1 nodes: [nodeId=scmNodeId,nodeAddress=/0.0.0.0:15259]
2024-03-11 08:39:56,672 [main] INFO  om.OzoneManager (OzoneManager.java:<init>(679)) - OM start with adminUsers: [*, runner]
2024-03-11 08:39:56,673 [main] WARN  server.ServerUtils (ServerUtils.java:getDBPath(299)) - ozone.om.db.dirs is not configured. We recommend adding this setting. Falling back to ozone.metadata.dirs instead.
2024-03-11 08:39:56,673 [main] INFO  helpers.OmKeyInfo (OmKeyInfo.java:getCodec(71)) - OmKeyInfo.getCodec ignorePipeline = true
2024-03-11 08:39:56,820 [main] INFO  om.OzoneManager (OzoneManager.java:instantiateServices(811)) - S3 Multi-Tenancy is disabled
2024-03-11 08:39:56,821 [main] INFO  om.OmSnapshotManager (OmSnapshotManager.java:<init>(177)) - Ozone filesystem snapshot feature is enabled.
2024-03-11 08:39:56,821 [main] WARN  server.ServerUtils (ServerUtils.java:getDBPath(299)) - ozone.om.snapshot.diff.db.dir is not configured. We recommend adding this setting. Falling back to ozone.metadata.dirs instead.
2024-03-11 08:39:56,838 [main] INFO  utils.NativeLibraryLoader (NativeLibraryLoader.java:loadLibrary(108)) - Loading Library: ozone_rocksdb_tools
2024-03-11 08:39:56,838 [main] ERROR snapshot.SnapshotDiffManager (SnapshotDiffManager.java:initNativeLibraryForEfficientDiff(287)) - Native Library for raw sst file reading loading failed.
org.apache.hadoop.hdds.utils.NativeLibraryNotLoadedException: Unable to load library ozone_rocksdb_tools from both java.library.path & resource file libozone_rocksdb_tools.so from jar.
	at org.apache.hadoop.hdds.utils.db.managed.ManagedRawSSTFileReader.loadLibrary(ManagedRawSSTFileReader.java:38)
	at org.apache.hadoop.ozone.om.snapshot.SnapshotDiffManager.initNativeLibraryForEfficientDiff(SnapshotDiffManager.java:285)
	at org.apache.hadoop.ozone.om.snapshot.SnapshotDiffManager.<init>(SnapshotDiffManager.java:259)
	at org.apache.hadoop.ozone.om.OmSnapshotManager.<init>(OmSnapshotManager.java:279)
	at org.apache.hadoop.ozone.om.OzoneManager.instantiateServices(OzoneManager.java:863)
	at org.apache.hadoop.ozone.om.OzoneManager.<init>(OzoneManager.java:689)
	at org.apache.hadoop.ozone.om.OzoneManager.createOm(OzoneManager.java:774)
	at org.apache.hadoop.ozone.MiniOzoneHAClusterImpl$Builder.createOMService(MiniOzoneHAClusterImpl.java:509)
	at org.apache.hadoop.ozone.MiniOzoneHAClusterImpl$Builder.build(MiniOzoneHAClusterImpl.java:425)
	at org.apache.hadoop.ozone.om.TestOzoneManagerHA.init(TestOzoneManagerHA.java:182)
	at sun.reflect.NativeMethodAccessorImpl.invoke0(Native Method)
	at sun.reflect.NativeMethodAccessorImpl.invoke(NativeMethodAccessorImpl.java:62)
	at sun.reflect.DelegatingMethodAccessorImpl.invoke(DelegatingMethodAccessorImpl.java:43)
	at java.lang.reflect.Method.invoke(Method.java:498)
	at org.junit.platform.commons.util.ReflectionUtils.invokeMethod(ReflectionUtils.java:728)
	at org.junit.jupiter.engine.execution.MethodInvocation.proceed(MethodInvocation.java:60)
	at org.junit.jupiter.engine.execution.InvocationInterceptorChain$ValidatingInvocation.proceed(InvocationInterceptorChain.java:131)
	at org.junit.jupiter.engine.extension.TimeoutExtension.intercept(TimeoutExtension.java:156)
	at org.junit.jupiter.engine.extension.TimeoutExtension.interceptLifecycleMethod(TimeoutExtension.java:128)
	at org.junit.jupiter.engine.extension.TimeoutExtension.interceptBeforeAllMethod(TimeoutExtension.java:70)
	at org.junit.jupiter.engine.execution.InterceptingExecutableInvoker$ReflectiveInterceptorCall.lambda$ofVoidMethod$0(InterceptingExecutableInvoker.java:103)
	at org.junit.jupiter.engine.execution.InterceptingExecutableInvoker.lambda$invoke$0(InterceptingExecutableInvoker.java:93)
	at org.junit.jupiter.engine.execution.InvocationInterceptorChain$InterceptedInvocation.proceed(InvocationInterceptorChain.java:106)
	at org.junit.jupiter.engine.execution.InvocationInterceptorChain.proceed(InvocationInterceptorChain.java:64)
	at org.junit.jupiter.engine.execution.InvocationInterceptorChain.chainAndInvoke(InvocationInterceptorChain.java:45)
	at org.junit.jupiter.engine.execution.InvocationInterceptorChain.invoke(InvocationInterceptorChain.java:37)
	at org.junit.jupiter.engine.execution.InterceptingExecutableInvoker.invoke(InterceptingExecutableInvoker.java:92)
	at org.junit.jupiter.engine.execution.InterceptingExecutableInvoker.invoke(InterceptingExecutableInvoker.java:86)
	at org.junit.jupiter.engine.descriptor.ClassBasedTestDescriptor.lambda$invokeBeforeAllMethods$13(ClassBasedTestDescriptor.java:412)
	at org.junit.platform.engine.support.hierarchical.ThrowableCollector.execute(ThrowableCollector.java:73)
	at org.junit.jupiter.engine.descriptor.ClassBasedTestDescriptor.invokeBeforeAllMethods(ClassBasedTestDescriptor.java:410)
	at org.junit.jupiter.engine.descriptor.ClassBasedTestDescriptor.before(ClassBasedTestDescriptor.java:216)
	at org.junit.jupiter.engine.descriptor.ClassBasedTestDescriptor.before(ClassBasedTestDescriptor.java:85)
	at org.junit.platform.engine.support.hierarchical.NodeTestTask.lambda$executeRecursively$6(NodeTestTask.java:148)
	at org.junit.platform.engine.support.hierarchical.ThrowableCollector.execute(ThrowableCollector.java:73)
	at org.junit.platform.engine.support.hierarchical.NodeTestTask.lambda$executeRecursively$8(NodeTestTask.java:141)
	at org.junit.platform.engine.support.hierarchical.Node.around(Node.java:137)
	at org.junit.platform.engine.support.hierarchical.NodeTestTask.lambda$executeRecursively$9(NodeTestTask.java:139)
	at org.junit.platform.engine.support.hierarchical.ThrowableCollector.execute(ThrowableCollector.java:73)
	at org.junit.platform.engine.support.hierarchical.NodeTestTask.executeRecursively(NodeTestTask.java:138)
	at org.junit.platform.engine.support.hierarchical.NodeTestTask.execute(NodeTestTask.java:95)
	at java.util.ArrayList.forEach(ArrayList.java:1259)
	at org.junit.platform.engine.support.hierarchical.SameThreadHierarchicalTestExecutorService.invokeAll(SameThreadHierarchicalTestExecutorService.java:41)
	at org.junit.platform.engine.support.hierarchical.NodeTestTask.lambda$executeRecursively$6(NodeTestTask.java:155)
	at org.junit.platform.engine.support.hierarchical.ThrowableCollector.execute(ThrowableCollector.java:73)
	at org.junit.platform.engine.support.hierarchical.NodeTestTask.lambda$executeRecursively$8(NodeTestTask.java:141)
	at org.junit.platform.engine.support.hierarchical.Node.around(Node.java:137)
	at org.junit.platform.engine.support.hierarchical.NodeTestTask.lambda$executeRecursively$9(NodeTestTask.java:139)
	at org.junit.platform.engine.support.hierarchical.ThrowableCollector.execute(ThrowableCollector.java:73)
	at org.junit.platform.engine.support.hierarchical.NodeTestTask.executeRecursively(NodeTestTask.java:138)
	at org.junit.platform.engine.support.hierarchical.NodeTestTask.execute(NodeTestTask.java:95)
	at org.junit.platform.engine.support.hierarchical.SameThreadHierarchicalTestExecutorService.submit(SameThreadHierarchicalTestExecutorService.java:35)
	at org.junit.platform.engine.support.hierarchical.HierarchicalTestExecutor.execute(HierarchicalTestExecutor.java:57)
	at org.junit.platform.engine.support.hierarchical.HierarchicalTestEngine.execute(HierarchicalTestEngine.java:54)
	at org.junit.platform.launcher.core.EngineExecutionOrchestrator.execute(EngineExecutionOrchestrator.java:198)
	at org.junit.platform.launcher.core.EngineExecutionOrchestrator.execute(EngineExecutionOrchestrator.java:169)
	at org.junit.platform.launcher.core.EngineExecutionOrchestrator.execute(EngineExecutionOrchestrator.java:93)
	at org.junit.platform.launcher.core.EngineExecutionOrchestrator.lambda$execute$0(EngineExecutionOrchestrator.java:58)
	at org.junit.platform.launcher.core.EngineExecutionOrchestrator.withInterceptedStreams(EngineExecutionOrchestrator.java:141)
	at org.junit.platform.launcher.core.EngineExecutionOrchestrator.execute(EngineExecutionOrchestrator.java:57)
	at org.junit.platform.launcher.core.DefaultLauncher.execute(DefaultLauncher.java:103)
	at org.junit.platform.launcher.core.DefaultLauncher.execute(DefaultLauncher.java:85)
	at org.junit.platform.launcher.core.DelegatingLauncher.execute(DelegatingLauncher.java:47)
	at org.junit.platform.launcher.core.SessionPerRequestLauncher.execute(SessionPerRequestLauncher.java:63)
	at org.apache.maven.surefire.junitplatform.JUnitPlatformProvider.invokeAllTests(JUnitPlatformProvider.java:165)
	at org.apache.maven.surefire.junitplatform.JUnitPlatformProvider.invoke(JUnitPlatformProvider.java:124)
	at org.apache.maven.surefire.booter.ForkedBooter.runSuitesInProcess(ForkedBooter.java:428)
	at org.apache.maven.surefire.booter.ForkedBooter.execute(ForkedBooter.java:162)
	at org.apache.maven.surefire.booter.ForkedBooter.run(ForkedBooter.java:562)
	at org.apache.maven.surefire.booter.ForkedBooter.main(ForkedBooter.java:548)
2024-03-11 08:39:56,840 [main] INFO  om.OzoneManager (OzoneManager.java:addS3GVolumeToDB(4468)) - Created Volume s3v With Owner runner required for S3Gateway operations.
2024-03-11 08:39:56,840 [main] WARN  server.ServerUtils (ServerUtils.java:getDefaultRatisDirectory(311)) - Storage directory for Ratis is not configured. It is a good idea to map this to an SSD disk. Falling back to ozone.metadata.dirs
2024-03-11 08:39:56,840 [main] WARN  utils.OzoneManagerRatisUtils (OzoneManagerRatisUtils.java:getOMRatisSnapshotDirectory(476)) - ozone.om.ratis.snapshot.dir is not configured. Falling back to ozone.metadata.dirs config
2024-03-11 08:39:56,840 [main] INFO  utils.RDBSnapshotProvider (RDBSnapshotProvider.java:init(87)) - Cleaning up the candidate dir: /home/runner/work/ozone/ozone/hadoop-ozone/integration-test/target/test-dir/MiniOzoneClusterImpl-26b6f519-45de-438b-acbb-b19d352d9476/omNode-2/snapshot/om.db.candidate
2024-03-11 08:39:56,840 [main] INFO  ratis_snapshot.OmRatisSnapshotProvider (OmRatisSnapshotProvider.java:<init>(99)) - Initializing OM Snapshot Provider
2024-03-11 08:39:56,841 [main] WARN  dropwizard3.Dm3MetricRegistriesImpl (Dm3MetricRegistriesImpl.java:addReporterRegistration(113)) - New reporters are added after registries were created. Some metrics will be missing from the reporter. Please add reporter before adding any new registry.
2024-03-11 08:39:56,841 [main] WARN  dropwizard3.Dm3MetricRegistriesImpl (Dm3MetricRegistriesImpl.java:addReporterRegistration(113)) - New reporters are added after registries were created. Some metrics will be missing from the reporter. Please add reporter before adding any new registry.
2024-03-11 08:39:56,841 [main] WARN  server.ServerUtils (ServerUtils.java:getDefaultRatisDirectory(311)) - Storage directory for Ratis is not configured. It is a good idea to map this to an SSD disk. Falling back to ozone.metadata.dirs
2024-03-11 08:39:56,842 [main] INFO  ratis.OzoneManagerRatisServer (OzoneManagerRatisServer.java:<init>(167)) - Instantiating OM Ratis server with groupID: om-service-test1 and peers: localhost:15269, localhost:15273, localhost:15265
2024-03-11 08:39:56,842 [main] INFO  ratis.OzoneManagerStateMachine (OzoneManagerStateMachine.java:loadSnapshotInfoFromDB(575)) - TransactionInfo not found in OM DB.
2024-03-11 08:39:56,843 [main] INFO  server.RaftServer (ConfUtils.java:logGet(46)) - raft.rpc.type = GRPC (default)
2024-03-11 08:39:56,843 [main] INFO  grpc.GrpcConfigKeys (ConfUtils.java:logFallback(53)) - raft.grpc.admin.host = null (fallback to raft.grpc.server.host)
2024-03-11 08:39:56,843 [main] INFO  grpc.GrpcConfigKeys (ConfUtils.java:logFallback(53)) - raft.grpc.admin.port = 15269 (fallback to raft.grpc.server.port)
2024-03-11 08:39:56,843 [main] INFO  grpc.GrpcConfigKeys (ConfUtils.java:logFallback(53)) - raft.grpc.client.host = null (fallback to raft.grpc.server.host)
2024-03-11 08:39:56,843 [main] INFO  grpc.GrpcConfigKeys (ConfUtils.java:logFallback(53)) - raft.grpc.client.port = 15269 (fallback to raft.grpc.server.port)
2024-03-11 08:39:56,843 [main] INFO  grpc.GrpcConfigKeys (ConfUtils.java:logGet(46)) - raft.grpc.server.host = null (default)
2024-03-11 08:39:56,843 [main] INFO  grpc.GrpcConfigKeys (ConfUtils.java:logGet(46)) - raft.grpc.server.port = 15269 (custom)
2024-03-11 08:39:56,844 [main] INFO  server.GrpcService (ConfUtils.java:logGet(46)) - raft.grpc.message.size.max = 4194304 (custom)
2024-03-11 08:39:56,844 [main] INFO  server.RaftServerConfigKeys (ConfUtils.java:logGet(46)) - raft.server.log.appender.buffer.byte-limit = 4194304 (custom)
2024-03-11 08:39:56,844 [main] INFO  server.GrpcService (ConfUtils.java:logGet(46)) - raft.grpc.flow.control.window = 1MB (=1048576) (default)
2024-03-11 08:39:56,844 [main] INFO  server.RaftServerConfigKeys (ConfUtils.java:logGet(46)) - raft.server.rpc.request.timeout = 3000ms (default)
2024-03-11 08:39:56,844 [main] INFO  grpc.GrpcConfigKeys (ConfUtils.java:logGet(46)) - raft.grpc.server.heartbeat.channel = true (default)
2024-03-11 08:39:56,845 [main] INFO  grpc.GrpcConfigKeys (ConfUtils.java:logGet(46)) - raft.grpc.server.async.request.thread.pool.cached = true (default)
2024-03-11 08:39:56,845 [main] INFO  grpc.GrpcConfigKeys (ConfUtils.java:logGet(46)) - raft.grpc.server.async.request.thread.pool.size = 32 (default)
2024-03-11 08:39:56,846 [main] INFO  impl.DataStreamServerImpl (ConfUtils.java:logGet(46)) - raft.datastream.type = DISABLED (default)
2024-03-11 08:39:56,846 [main] INFO  server.RaftServerConfigKeys (ConfUtils.java:logGet(46)) - raft.server.sleep.deviation.threshold = 300ms (default)
2024-03-11 08:39:56,846 [main] INFO  server.RaftServerConfigKeys (ConfUtils.java:logGet(46)) - raft.server.close.threshold = 60s (default)
2024-03-11 08:39:56,846 [main] INFO  server.RaftServerConfigKeys (ConfUtils.java:logGet(46)) - raft.server.leaderelection.leader.step-down.wait-time = 10s (default)
2024-03-11 08:39:56,846 [main] INFO  server.RaftServerConfigKeys (ConfUtils.java:logGet(46)) - raft.server.storage.dir = [/home/runner/work/ozone/ozone/hadoop-ozone/integration-test/target/test-dir/MiniOzoneClusterImpl-26b6f519-45de-438b-acbb-b19d352d9476/omNode-2/ratis] (custom)
2024-03-11 08:39:56,846 [main] INFO  server.RaftServerConfigKeys (ConfUtils.java:logGet(46)) - raft.server.threadpool.proxy.cached = true (default)
2024-03-11 08:39:56,847 [main] INFO  server.RaftServerConfigKeys (ConfUtils.java:logGet(46)) - raft.server.threadpool.proxy.size = 0 (default)
2024-03-11 08:39:56,847 [main] INFO  server.RaftServer (RaftServerProxy.java:addNew(100)) - omNode-2: addNew group-523986131536:[omNode-3|localhost:15273, omNode-1|localhost:15265, omNode-2|localhost:15269] returns group-523986131536:java.util.concurrent.CompletableFuture@51dc0bd7[Not completed]
2024-03-11 08:39:56,847 [main] INFO  om.OzoneManager (OzoneManager.java:initializeRatisServer(2177)) - OzoneManager Ratis server initialized at port 15269
2024-03-11 08:39:56,847 [omNode-2-groupManagement] INFO  server.RaftServer$Division (RaftServerImpl.java:<init>(256)) - omNode-2: new RaftServerImpl for group-523986131536:[omNode-3|localhost:15273, omNode-1|localhost:15265, omNode-2|localhost:15269] with OzoneManagerStateMachine:uninitialized
2024-03-11 08:39:56,847 [main] INFO  om.OzoneManager (OzoneManager.java:getRpcServer(1231)) - Creating RPC Server
2024-03-11 08:39:56,847 [omNode-2-groupManagement] INFO  server.RaftServerConfigKeys (ConfUtils.java:logGet(46)) - raft.server.rpc.timeout.min = 1s (custom)
2024-03-11 08:39:56,848 [omNode-2-groupManagement] INFO  server.RaftServerConfigKeys (ConfUtils.java:logGet(46)) - raft.server.rpc.timeout.max = 1200ms (custom)
2024-03-11 08:39:56,848 [omNode-2-groupManagement] INFO  server.RaftServerConfigKeys (ConfUtils.java:logGet(46)) - raft.server.rpc.sleep.time = 25ms (default)
2024-03-11 08:39:56,848 [omNode-2-groupManagement] INFO  server.RaftServerConfigKeys (ConfUtils.java:logGet(46)) - raft.server.rpc.slowness.timeout = 2s (custom)
2024-03-11 08:39:56,848 [omNode-2-groupManagement] INFO  server.RaftServerConfigKeys (ConfUtils.java:logGet(46)) - raft.server.leaderelection.leader.step-down.wait-time = 10s (default)
2024-03-11 08:39:56,848 [omNode-2-groupManagement] INFO  server.RaftServerConfigKeys (ConfUtils.java:logGet(46)) - raft.server.leaderelection.member.majority-add = false (default)
2024-03-11 08:39:56,848 [omNode-2-groupManagement] INFO  server.RaftServerConfigKeys (ConfUtils.java:logGet(46)) - raft.server.sleep.deviation.threshold = 300ms (default)
2024-03-11 08:39:56,848 [omNode-2-groupManagement] INFO  server.RaftServer$Division (ServerState.java:<init>(113)) - omNode-2@group-523986131536: ConfigurationManager, init=-1: peers:[omNode-3|localhost:15273, omNode-1|localhost:15265, omNode-2|localhost:15269]|listeners:[], old=null, confs=<EMPTY_MAP>
2024-03-11 08:39:56,848 [omNode-2-groupManagement] INFO  server.RaftServerConfigKeys (ConfUtils.java:logGet(46)) - raft.server.notification.no-leader.timeout = 2s (custom)
2024-03-11 08:39:56,848 [omNode-2-groupManagement] INFO  server.RaftServerConfigKeys (ConfUtils.java:logGet(46)) - raft.server.read.timeout = 10s (default)
2024-03-11 08:39:56,848 [omNode-2-groupManagement] INFO  server.RaftServerConfigKeys (ConfUtils.java:logGet(46)) - raft.server.retrycache.expirytime = 30000ms (custom)
2024-03-11 08:39:56,848 [omNode-2-groupManagement] INFO  server.RaftServerConfigKeys (ConfUtils.java:logGet(46)) - raft.server.retrycache.statistics.expirytime = 100ms (default)
2024-03-11 08:39:56,848 [omNode-2-groupManagement] INFO  server.RaftServerConfigKeys (ConfUtils.java:logGet(46)) - raft.server.read.option = DEFAULT (default)
2024-03-11 08:39:56,848 [omNode-2-groupManagement] INFO  server.RaftServerConfigKeys (ConfUtils.java:logGet(46)) - raft.server.read.read-after-write-consistent.write-index-cache.expiry-time = 60s (default)
2024-03-11 08:39:56,849 [omNode-2-groupManagement] INFO  server.RaftServerConfigKeys (ConfUtils.java:logGet(46)) - raft.server.rpc.request.timeout = 3000ms (default)
2024-03-11 08:39:56,849 [omNode-2-groupManagement] INFO  server.RaftServerConfigKeys (ConfUtils.java:logGet(46)) - raft.server.log.appender.install.snapshot.enabled = false (custom)
2024-03-11 08:39:56,849 [omNode-2-groupManagement] INFO  server.RaftServerConfigKeys (ConfUtils.java:logGet(46)) - raft.server.threadpool.server.cached = true (default)
2024-03-11 08:39:56,849 [omNode-2-groupManagement] INFO  server.RaftServerConfigKeys (ConfUtils.java:logGet(46)) - raft.server.threadpool.server.size = 0 (default)
2024-03-11 08:39:56,849 [omNode-2-groupManagement] INFO  server.RaftServerConfigKeys (ConfUtils.java:logGet(46)) - raft.server.threadpool.client.cached = true (default)
2024-03-11 08:39:56,849 [omNode-2-groupManagement] INFO  server.RaftServerConfigKeys (ConfUtils.java:logGet(46)) - raft.server.threadpool.client.size = 0 (default)
2024-03-11 08:39:57,054 [main] INFO  ipc.CallQueueManager (CallQueueManager.java:<init>(90)) - Using callQueue: class java.util.concurrent.LinkedBlockingQueue, queueCapacity: 2000, scheduler: class org.apache.hadoop.ipc.DefaultRpcScheduler, ipcBackoff: false.
2024-03-11 08:39:57,055 [main] INFO  ipc.Server (Server.java:<init>(1287)) - Listener at 127.0.0.1:15266
2024-03-11 08:39:57,055 [Socket Reader #1 for port 15266] INFO  ipc.Server (Server.java:run(1323)) - Starting Socket Reader #1 for port 15266
2024-03-11 08:39:57,068 [main] INFO  impl.MetricsSystemImpl (MetricsSystemImpl.java:init(158)) - OzoneManager metrics system started (again)
2024-03-11 08:39:57,075 [main] INFO  om.OzoneManager (OzoneManager.java:start(1653)) - OzoneManager RPC server is listening at localhost/127.0.0.1:15266
2024-03-11 08:39:57,075 [main] INFO  ratis.OzoneManagerRatisServer (OzoneManagerRatisServer.java:start(588)) - Starting OzoneManagerRatisServer omNode-2 at port 15269
2024-03-11 08:39:57,075 [omNode-2-impl-thread1] INFO  server.RaftServerConfigKeys (ConfUtils.java:logGet(46)) - raft.server.storage.free-space.min = 0MB (=0) (default)
2024-03-11 08:39:57,075 [omNode-2-impl-thread1] INFO  server.RaftServerConfigKeys (ConfUtils.java:logGet(46)) - raft.server.log.corruption.policy = EXCEPTION (default)
2024-03-11 08:39:57,075 [omNode-2-impl-thread1] INFO  server.RaftServerConfigKeys (ConfUtils.java:logGet(46)) - raft.server.storage.dir = [/home/runner/work/ozone/ozone/hadoop-ozone/integration-test/target/test-dir/MiniOzoneClusterImpl-26b6f519-45de-438b-acbb-b19d352d9476/omNode-2/ratis] (custom)
2024-03-11 08:39:57,075 [omNode-2-impl-thread1] INFO  storage.RaftStorageDirectory (RaftStorageDirectoryImpl.java:analyzeStorage(138)) - The storage directory /home/runner/work/ozone/ozone/hadoop-ozone/integration-test/target/test-dir/MiniOzoneClusterImpl-26b6f519-45de-438b-acbb-b19d352d9476/omNode-2/ratis/c9bc4cf4-3bc3-3c60-a66b-523986131536 does not exist. Creating ...
2024-03-11 08:39:57,077 [omNode-2-impl-thread1] INFO  storage.RaftStorageDirectory (RaftStorageDirectoryImpl.java:tryLock(228)) - Lock on /home/runner/work/ozone/ozone/hadoop-ozone/integration-test/target/test-dir/MiniOzoneClusterImpl-26b6f519-45de-438b-acbb-b19d352d9476/omNode-2/ratis/c9bc4cf4-3bc3-3c60-a66b-523986131536/in_use.lock acquired by nodename 48108@fv-az1250-130
2024-03-11 08:39:57,078 [omNode-2-impl-thread1] INFO  storage.RaftStorage (RaftStorageImpl.java:format(99)) - Storage directory /home/runner/work/ozone/ozone/hadoop-ozone/integration-test/target/test-dir/MiniOzoneClusterImpl-26b6f519-45de-438b-acbb-b19d352d9476/omNode-2/ratis/c9bc4cf4-3bc3-3c60-a66b-523986131536 has been successfully formatted.
2024-03-11 08:39:57,078 [omNode-2-impl-thread1] WARN  util.FileUtils (LogUtils.java:supplyAndLog(63)) - Failed to Files.newInputStream /home/runner/work/ozone/ozone/hadoop-ozone/integration-test/target/test-dir/MiniOzoneClusterImpl-26b6f519-45de-438b-acbb-b19d352d9476/omNode-2/ratis/c9bc4cf4-3bc3-3c60-a66b-523986131536/current/raft-meta.conf with options []: java.nio.file.NoSuchFileException: /home/runner/work/ozone/ozone/hadoop-ozone/integration-test/target/test-dir/MiniOzoneClusterImpl-26b6f519-45de-438b-acbb-b19d352d9476/omNode-2/ratis/c9bc4cf4-3bc3-3c60-a66b-523986131536/current/raft-meta.conf
2024-03-11 08:39:57,078 [omNode-2-impl-thread1] INFO  server.RaftServerConfigKeys (ConfUtils.java:logGet(46)) - raft.server.log.use.memory = false (default)
2024-03-11 08:39:57,078 [omNode-2-impl-thread1] INFO  server.RaftServerConfigKeys (ConfUtils.java:logGet(46)) - raft.server.log.purge.gap = 50 (custom)
2024-03-11 08:39:57,078 [omNode-2-impl-thread1] INFO  server.RaftServerConfigKeys (ConfUtils.java:logGet(46)) - raft.server.log.appender.buffer.byte-limit = 4194304 (custom)
2024-03-11 08:39:57,078 [omNode-2-impl-thread1] INFO  server.RaftServerConfigKeys (ConfUtils.java:logGet(46)) - raft.server.log.statemachine.data.read.timeout = 1000ms (default)
2024-03-11 08:39:57,079 [omNode-2-impl-thread1] INFO  server.RaftServerConfigKeys (ConfUtils.java:logGet(46)) - raft.server.log.purge.preservation.log.num = 0 (default)
2024-03-11 08:39:57,079 [omNode-2-impl-thread1] INFO  server.RaftServerConfigKeys (ConfUtils.java:logGet(46)) - raft.server.log.segment.size.max = 4194304 (custom)
2024-03-11 08:39:57,079 [omNode-2-impl-thread1] INFO  server.RaftServerConfigKeys (ConfUtils.java:logGet(46)) - raft.server.log.segment.cache.num.max = 2 (custom)
2024-03-11 08:39:57,079 [omNode-2-impl-thread1] INFO  server.RaftServerConfigKeys (ConfUtils.java:logGet(46)) - raft.server.log.segment.cache.size.max = 200MB (=209715200) (default)
2024-03-11 08:39:57,079 [omNode-2-impl-thread1] INFO  server.RaftServerConfigKeys (ConfUtils.java:logGet(46)) - raft.server.log.appender.buffer.byte-limit = 4194304 (custom)
2024-03-11 08:39:57,079 [omNode-2-impl-thread1] INFO  util.AwaitToRun (AwaitToRun.java:start(81)) - Thread[omNode-2@group-523986131536-cacheEviction-AwaitToRun,5,main] started
2024-03-11 08:39:57,080 [omNode-2-impl-thread1] INFO  segmented.SegmentedRaftLogWorker (SegmentedRaftLogWorker.java:<init>(182)) - new omNode-2@group-523986131536-SegmentedRaftLogWorker for RaftStorageImpl:Storage Directory /home/runner/work/ozone/ozone/hadoop-ozone/integration-test/target/test-dir/MiniOzoneClusterImpl-26b6f519-45de-438b-acbb-b19d352d9476/omNode-2/ratis/c9bc4cf4-3bc3-3c60-a66b-523986131536
2024-03-11 08:39:57,080 [omNode-2-impl-thread1] INFO  server.RaftServerConfigKeys (ConfUtils.java:logGet(46)) - raft.server.log.queue.byte-limit = 64MB (=67108864) (default)
2024-03-11 08:39:57,080 [omNode-2-impl-thread1] INFO  server.RaftServerConfigKeys (ConfUtils.java:logGet(46)) - raft.server.log.queue.element-limit = 4096 (default)
2024-03-11 08:39:57,080 [omNode-2-impl-thread1] INFO  server.RaftServerConfigKeys (ConfUtils.java:logGet(46)) - raft.server.log.segment.size.max = 4194304 (custom)
2024-03-11 08:39:57,080 [omNode-2-impl-thread1] INFO  server.RaftServerConfigKeys (ConfUtils.java:logGet(46)) - raft.server.log.preallocated.size = 4194304 (custom)
2024-03-11 08:39:57,080 [omNode-2-impl-thread1] INFO  server.RaftServerConfigKeys (ConfUtils.java:logGet(46)) - raft.server.log.force.sync.num = 128 (default)
2024-03-11 08:39:57,080 [omNode-2-impl-thread1] INFO  server.RaftServerConfigKeys (ConfUtils.java:logGet(46)) - raft.server.log.statemachine.data.sync = true (default)
2024-03-11 08:39:57,080 [omNode-2-impl-thread1] INFO  server.RaftServerConfigKeys (ConfUtils.java:logGet(46)) - raft.server.log.statemachine.data.sync.timeout = 10s (default)
2024-03-11 08:39:57,080 [omNode-2-impl-thread1] INFO  server.RaftServerConfigKeys (ConfUtils.java:logGet(46)) - raft.server.log.statemachine.data.sync.timeout.retry = -1 (default)
2024-03-11 08:39:57,080 [omNode-2-impl-thread1] INFO  server.RaftServerConfigKeys (ConfUtils.java:logGet(46)) - raft.server.log.write.buffer.size = 4194312 (custom)
2024-03-11 08:39:57,081 [omNode-2-impl-thread1] INFO  server.RaftServerConfigKeys (ConfUtils.java:logGet(46)) - raft.server.log.appender.buffer.byte-limit = 4194304 (custom)
2024-03-11 08:39:57,081 [omNode-2-impl-thread1] INFO  server.RaftServerConfigKeys (ConfUtils.java:logGet(46)) - raft.server.log.unsafe-flush.enabled = false (default)
2024-03-11 08:39:57,081 [omNode-2-impl-thread1] INFO  server.RaftServerConfigKeys (ConfUtils.java:logGet(46)) - raft.server.log.async-flush.enabled = false (default)
2024-03-11 08:39:57,081 [omNode-2-impl-thread1] INFO  server.RaftServerConfigKeys (ConfUtils.java:logGet(46)) - raft.server.log.statemachine.data.caching.enabled = false (default)
2024-03-11 08:39:57,081 [omNode-2-impl-thread1] INFO  segmented.SegmentedRaftLogWorker (SegmentedRaftLogWorker.java:lambda$new$0(134)) - omNode-2@group-523986131536-SegmentedRaftLogWorker: flushIndex: setUnconditionally 0 -> -1
2024-03-11 08:39:57,081 [omNode-2-impl-thread1] INFO  segmented.SegmentedRaftLogWorker (SegmentedRaftLogWorker.java:lambda$new$0(134)) - omNode-2@group-523986131536-SegmentedRaftLogWorker: safeCacheEvictIndex: setUnconditionally 0 -> -1
2024-03-11 08:39:57,081 [omNode-2-impl-thread1] INFO  server.RaftServer$Division (RaftServerImpl.java:start(396)) - omNode-2@group-523986131536: start as a follower, conf=-1: peers:[omNode-3|localhost:15273, omNode-1|localhost:15265, omNode-2|localhost:15269]|listeners:[], old=null
2024-03-11 08:39:57,081 [omNode-2-impl-thread1] INFO  server.RaftServer$Division (RaftServerImpl.java:setRole(383)) - omNode-2@group-523986131536: changes role from      null to FOLLOWER at term 0 for startAsFollower
2024-03-11 08:39:57,081 [omNode-2-impl-thread1] INFO  impl.RoleInfo (RoleInfo.java:updateAndGet(139)) - omNode-2: start omNode-2@group-523986131536-FollowerState
2024-03-11 08:39:57,081 [omNode-2@group-523986131536-FollowerState] INFO  server.RaftServerConfigKeys (ConfUtils.java:logFallback(53)) - raft.server.rpc.first-election.timeout.min = 1s (fallback to raft.server.rpc.timeout.min)
2024-03-11 08:39:57,081 [omNode-2@group-523986131536-FollowerState] INFO  server.RaftServerConfigKeys (ConfUtils.java:logFallback(53)) - raft.server.rpc.first-election.timeout.max = 1200ms (fallback to raft.server.rpc.timeout.max)
2024-03-11 08:39:57,081 [omNode-2-impl-thread1] INFO  util.JmxRegister (JmxRegister.java:tryRegister(44)) - Successfully registered JMX Bean with object name Ratis:service=RaftServer,group=group-523986131536,id=omNode-2
2024-03-11 08:39:57,082 [omNode-2-impl-thread1] INFO  server.RaftServerConfigKeys (ConfUtils.java:logGet(46)) - raft.server.snapshot.trigger-when-stop.enabled = true (default)
2024-03-11 08:39:57,082 [omNode-2-impl-thread1] INFO  server.RaftServerConfigKeys (ConfUtils.java:logGet(46)) - raft.server.snapshot.auto.trigger.enabled = true (custom)
2024-03-11 08:39:57,082 [omNode-2-impl-thread1] INFO  server.RaftServerConfigKeys (ConfUtils.java:logGet(46)) - raft.server.snapshot.auto.trigger.threshold = 50 (custom)
2024-03-11 08:39:57,082 [omNode-2-impl-thread1] INFO  server.RaftServerConfigKeys (ConfUtils.java:logGet(46)) - raft.server.snapshot.retention.file.num = -1 (default)
2024-03-11 08:39:57,082 [omNode-2-impl-thread1] INFO  server.RaftServerConfigKeys (ConfUtils.java:logGet(46)) - raft.server.log.purge.upto.snapshot.index = true (custom)
2024-03-11 08:39:57,082 [main] INFO  server.RaftServer (RaftServerProxy.java:startImpl(406)) - omNode-2: start RPC server
2024-03-11 08:39:57,082 [main] INFO  server.GrpcService (GrpcService.java:startImpl(302)) - omNode-2: GrpcService started, listening on 15269
2024-03-11 08:39:57,083 [JvmPauseMonitor71] INFO  util.JvmPauseMonitor (JvmPauseMonitor.java:run(146)) - JvmPauseMonitor-omNode-2: Started
2024-03-11 08:39:57,083 [main] INFO  om.OzoneManager (OzoneManager.java:start(1669)) - Version File has different layout version (6) than OM DB (null). That is expected if this OM has never been finalized to a newer layout version.
2024-03-11 08:39:57,087 [main] INFO  client.ScmTopologyClient (ScmTopologyClient.java:start(67)) - Initial network topology fetched from SCM: /.
2024-03-11 08:39:57,088 [main] INFO  net.NodeSchemaLoader (NodeSchemaLoader.java:loadSchemaFromFile(129)) - Loading schema from [jar:file:/home/runner/.m2/repository/org/apache/ozone/hdds-common/1.5.0-SNAPSHOT/hdds-common-1.5.0-SNAPSHOT.jar!/network-topology-default.xml]
2024-03-11 08:39:57,088 [main] INFO  net.NodeSchemaLoader (NodeSchemaLoader.java:loadSchema(176)) - Loading network topology layer schema file
2024-03-11 08:39:57,090 [main] INFO  http.BaseHttpServer (BaseHttpServer.java:newHttpServer2BuilderForOzone(223)) - Starting Web-server for ozoneManager at: http://0.0.0.0:15267
2024-03-11 08:39:57,090 [main] INFO  http.BaseHttpServer (BaseHttpServer.java:<init>(110)) - Hadoop Security Enabled: false Ozone Security Enabled: false Ozone HTTP Security Enabled: false 
2024-03-11 08:39:57,090 [main] WARN  server.AuthenticationFilter (AuthenticationFilter.java:constructSecretProvider(240)) - Unable to initialize FileSignerSecretProvider, falling back to use random secrets. Reason: Could not read signature secret file: /home/runner/hadoop-http-auth-signature-secret
2024-03-11 08:39:57,091 [main] INFO  http.HttpRequestLog (HttpRequestLog.java:getRequestLog(86)) - Http request log for http.requests.ozoneManager is not defined
2024-03-11 08:39:57,091 [main] INFO  http.HttpServer2 (HttpServer2.java:addGlobalFilter(1036)) - Added global filter 'safety' (class=org.apache.hadoop.hdds.server.http.HttpServer2$QuotingInputFilter)
2024-03-11 08:39:57,092 [main] INFO  http.HttpServer2 (HttpServer2.java:addFilter(1012)) - Added filter static_user_filter (class=org.apache.hadoop.http.lib.StaticUserWebFilter$StaticUserFilter) to context ozoneManager
2024-03-11 08:39:57,092 [main] INFO  http.HttpServer2 (HttpServer2.java:addFilter(1020)) - Added filter static_user_filter (class=org.apache.hadoop.http.lib.StaticUserWebFilter$StaticUserFilter) to context static
2024-03-11 08:39:57,092 [main] INFO  http.HttpServer2 (HttpServer2.java:addFilter(1020)) - Added filter static_user_filter (class=org.apache.hadoop.http.lib.StaticUserWebFilter$StaticUserFilter) to context logs
2024-03-11 08:39:57,092 [main] INFO  http.BaseHttpServer (BaseHttpServer.java:<init>(189)) - HTTP server of ozoneManager uses base directory /home/runner/work/ozone/ozone/hadoop-ozone/integration-test/target/test-dir/MiniOzoneClusterImpl-26b6f519-45de-438b-acbb-b19d352d9476/omNode-2/webserver
2024-03-11 08:39:57,092 [main] INFO  http.HttpServer2 (HttpServer2.java:bindListener(1236)) - Jetty bound to port 15267
2024-03-11 08:39:57,093 [main] INFO  server.Server (Server.java:doStart(375)) - jetty-9.4.53.v20231009; built: 2023-10-09T12:29:09.265Z; git: 27bde00a0b95a1d5bbee0eae7984f891d2d0f8c9; jvm 1.8.0_402-b06
2024-03-11 08:39:57,093 [main] INFO  server.session (DefaultSessionIdManager.java:doStart(334)) - DefaultSessionIdManager workerName=node0
2024-03-11 08:39:57,093 [main] INFO  server.session (DefaultSessionIdManager.java:doStart(339)) - No SessionScavenger set, using defaults
2024-03-11 08:39:57,094 [main] INFO  server.session (HouseKeeper.java:startScavenging(132)) - node0 Scavenging every 660000ms
2024-03-11 08:39:57,094 [main] INFO  handler.ContextHandler (ContextHandler.java:doStart(921)) - Started o.e.j.s.ServletContextHandler@3766b309{logs,/logs,file:///home/runner/work/ozone/ozone/hadoop-ozone/integration-test/target/log,AVAILABLE}
2024-03-11 08:39:57,094 [main] INFO  handler.ContextHandler (ContextHandler.java:doStart(921)) - Started o.e.j.s.ServletContextHandler@4b9cdae{static,/static,file:///home/runner/work/ozone/ozone/hadoop-ozone/integration-test/target/test-classes/webapps/static,AVAILABLE}
2024-03-11 08:39:57,096 [main] INFO  handler.ContextHandler (ContextHandler.java:doStart(921)) - Started o.e.j.w.WebAppContext@54345067{ozoneManager,/,file:///home/runner/work/ozone/ozone/hadoop-ozone/integration-test/target/test-classes/webapps/ozoneManager/,AVAILABLE}{file:/home/runner/work/ozone/ozone/hadoop-ozone/integration-test/target/test-classes/webapps/ozoneManager}
2024-03-11 08:39:57,096 [main] INFO  server.AbstractConnector (AbstractConnector.java:doStart(333)) - Started ServerConnector@51a4d6d1{HTTP/1.1, (http/1.1)}{0.0.0.0:15267}
2024-03-11 08:39:57,097 [main] INFO  server.Server (Server.java:doStart(415)) - Started @811867ms
2024-03-11 08:39:57,097 [main] WARN  impl.MetricsSystemImpl (MetricsSystemImpl.java:register(279)) - Sink prometheus already exists!
2024-03-11 08:39:57,097 [main] INFO  http.BaseHttpServer (BaseHttpServer.java:updateConnectorAddress(354)) - HTTP server of ozoneManager listening at http://0.0.0.0:15267
2024-03-11 08:39:57,098 [IPC Server Responder] INFO  ipc.Server (Server.java:run(1562)) - IPC Server Responder: starting
2024-03-11 08:39:57,102 [IPC Server listener on 15266] INFO  ipc.Server (Server.java:run(1402)) - IPC Server listener on 15266: starting
2024-03-11 08:39:57,106 [main] INFO  om.OzoneManager (OzoneManager.java:startTrashEmptier(2130)) - Trash Interval set to 0. Files deleted won't move to trash
2024-03-11 08:39:57,106 [main] INFO  ozone.MiniOzoneHAClusterImpl (MiniOzoneHAClusterImpl.java:createOMService(516)) - Started OzoneManager omNode-2 RPC server at localhost/127.0.0.1:15266
2024-03-11 08:39:57,106 [main] INFO  ha.OMHANodeDetails (OMHANodeDetails.java:loadOMHAConfig(121)) - ServiceID for OzoneManager is om-service-test1
2024-03-11 08:39:57,106 [main] INFO  ha.OMHANodeDetails (OMHANodeDetails.java:loadOMHAConfig(201)) - Found matching OM address with OMServiceId: om-service-test1, OMNodeId: omNode-3, RPC Address: localhost:15270 and Ratis port: 15273
2024-03-11 08:39:57,107 [main] INFO  ha.OMHANodeDetails (ConfUtils.java:setNodeSpecificConfigs(97)) - Setting configuration key ozone.om.http-address with value of key ozone.om.http-address.om-service-test1.omNode-3: 127.0.0.1:15271
2024-03-11 08:39:57,107 [main] INFO  ha.OMHANodeDetails (ConfUtils.java:setNodeSpecificConfigs(97)) - Setting configuration key ozone.om.https-address with value of key ozone.om.https-address.om-service-test1.omNode-3: 127.0.0.1:15272
2024-03-11 08:39:57,107 [main] INFO  ha.OMHANodeDetails (ConfUtils.java:setNodeSpecificConfigs(97)) - Setting configuration key ozone.om.address with value of key ozone.om.address.om-service-test1.omNode-3: 127.0.0.1:15270
2024-03-11 08:39:57,107 [main] WARN  server.ServerUtils (ServerUtils.java:getDBPath(299)) - ozone.om.db.dirs is not configured. We recommend adding this setting. Falling back to ozone.metadata.dirs instead.
2024-03-11 08:39:57,108 [main] INFO  proxy.SCMBlockLocationFailoverProxyProvider (SCMBlockLocationFailoverProxyProvider.java:<init>(115)) - Created block location fail-over proxy with 1 nodes: [nodeId=scmNodeId,nodeAddress=/0.0.0.0:15259]
OM initialization succeeded.Current cluster id for sd=/home/runner/work/ozone/ozone/hadoop-ozone/integration-test/target/test-dir/MiniOzoneClusterImpl-26b6f519-45de-438b-acbb-b19d352d9476/omNode-3/om;cid=26b6f519-45de-438b-acbb-b19d352d9476;layoutVersion=6
2024-03-11 08:39:57,114 [main] INFO  ha.OMHANodeDetails (OMHANodeDetails.java:loadOMHAConfig(121)) - ServiceID for OzoneManager is om-service-test1
2024-03-11 08:39:57,114 [main] INFO  ha.OMHANodeDetails (OMHANodeDetails.java:loadOMHAConfig(201)) - Found matching OM address with OMServiceId: om-service-test1, OMNodeId: omNode-3, RPC Address: localhost:15270 and Ratis port: 15273
2024-03-11 08:39:57,115 [main] INFO  ha.OMHANodeDetails (ConfUtils.java:setNodeSpecificConfigs(97)) - Setting configuration key ozone.om.http-address with value of key ozone.om.http-address.om-service-test1.omNode-3: 127.0.0.1:15271
2024-03-11 08:39:57,115 [main] INFO  ha.OMHANodeDetails (ConfUtils.java:setNodeSpecificConfigs(97)) - Setting configuration key ozone.om.https-address with value of key ozone.om.https-address.om-service-test1.omNode-3: 127.0.0.1:15272
2024-03-11 08:39:57,115 [main] INFO  ha.OMHANodeDetails (ConfUtils.java:setNodeSpecificConfigs(97)) - Setting configuration key ozone.om.address with value of key ozone.om.address.om-service-test1.omNode-3: 127.0.0.1:15270
2024-03-11 08:39:57,115 [main] WARN  server.ServerUtils (ServerUtils.java:getDBPath(299)) - ozone.om.db.dirs is not configured. We recommend adding this setting. Falling back to ozone.metadata.dirs instead.
2024-03-11 08:39:57,116 [main] INFO  upgrade.AbstractLayoutVersionManager (AbstractLayoutVersionManager.java:init(83)) - Initializing Layout version manager with metadata layout = QUOTA (version = 6), software layout = QUOTA (version = 6)
2024-03-11 08:39:57,147 [main] INFO  upgrade.OMLayoutVersionManager (OMLayoutVersionManager.java:lambda$0(113)) - Skipping Upgrade Action QuotaRepairUpgradeAction since it has been finalized.
2024-03-11 08:39:57,147 [main] INFO  upgrade.OMLayoutVersionManager (OMLayoutVersionManager.java:lambda$0(113)) - Skipping Upgrade Action MockOmUpgradeAction since it has been finalized.
2024-03-11 08:39:57,148 [main] WARN  server.ServerUtils (ServerUtils.java:getDBPath(299)) - ozone.om.db.dirs is not configured. We recommend adding this setting. Falling back to ozone.metadata.dirs instead.
2024-03-11 08:39:57,148 [main] INFO  proxy.SCMBlockLocationFailoverProxyProvider (SCMBlockLocationFailoverProxyProvider.java:<init>(115)) - Created block location fail-over proxy with 1 nodes: [nodeId=scmNodeId,nodeAddress=/0.0.0.0:15259]
2024-03-11 08:39:57,149 [main] INFO  proxy.SCMBlockLocationFailoverProxyProvider (SCMBlockLocationFailoverProxyProvider.java:<init>(115)) - Created block location fail-over proxy with 1 nodes: [nodeId=scmNodeId,nodeAddress=/0.0.0.0:15259]
2024-03-11 08:39:57,152 [main] INFO  om.OzoneManager (OzoneManager.java:<init>(679)) - OM start with adminUsers: [*, runner]
2024-03-11 08:39:57,153 [main] WARN  server.ServerUtils (ServerUtils.java:getDBPath(299)) - ozone.om.db.dirs is not configured. We recommend adding this setting. Falling back to ozone.metadata.dirs instead.
2024-03-11 08:39:57,153 [main] INFO  helpers.OmKeyInfo (OmKeyInfo.java:getCodec(71)) - OmKeyInfo.getCodec ignorePipeline = true
2024-03-11 08:39:57,300 [main] INFO  om.OzoneManager (OzoneManager.java:instantiateServices(811)) - S3 Multi-Tenancy is disabled
2024-03-11 08:39:57,300 [main] INFO  om.OmSnapshotManager (OmSnapshotManager.java:<init>(177)) - Ozone filesystem snapshot feature is enabled.
2024-03-11 08:39:57,300 [main] WARN  server.ServerUtils (ServerUtils.java:getDBPath(299)) - ozone.om.snapshot.diff.db.dir is not configured. We recommend adding this setting. Falling back to ozone.metadata.dirs instead.
2024-03-11 08:39:57,317 [main] INFO  utils.NativeLibraryLoader (NativeLibraryLoader.java:loadLibrary(108)) - Loading Library: ozone_rocksdb_tools
2024-03-11 08:39:57,317 [main] ERROR snapshot.SnapshotDiffManager (SnapshotDiffManager.java:initNativeLibraryForEfficientDiff(287)) - Native Library for raw sst file reading loading failed.
org.apache.hadoop.hdds.utils.NativeLibraryNotLoadedException: Unable to load library ozone_rocksdb_tools from both java.library.path & resource file libozone_rocksdb_tools.so from jar.
	at org.apache.hadoop.hdds.utils.db.managed.ManagedRawSSTFileReader.loadLibrary(ManagedRawSSTFileReader.java:38)
	at org.apache.hadoop.ozone.om.snapshot.SnapshotDiffManager.initNativeLibraryForEfficientDiff(SnapshotDiffManager.java:285)
	at org.apache.hadoop.ozone.om.snapshot.SnapshotDiffManager.<init>(SnapshotDiffManager.java:259)
	at org.apache.hadoop.ozone.om.OmSnapshotManager.<init>(OmSnapshotManager.java:279)
	at org.apache.hadoop.ozone.om.OzoneManager.instantiateServices(OzoneManager.java:863)
	at org.apache.hadoop.ozone.om.OzoneManager.<init>(OzoneManager.java:689)
	at org.apache.hadoop.ozone.om.OzoneManager.createOm(OzoneManager.java:774)
	at org.apache.hadoop.ozone.MiniOzoneHAClusterImpl$Builder.createOMService(MiniOzoneHAClusterImpl.java:509)
	at org.apache.hadoop.ozone.MiniOzoneHAClusterImpl$Builder.build(MiniOzoneHAClusterImpl.java:425)
	at org.apache.hadoop.ozone.om.TestOzoneManagerHA.init(TestOzoneManagerHA.java:182)
	at sun.reflect.NativeMethodAccessorImpl.invoke0(Native Method)
	at sun.reflect.NativeMethodAccessorImpl.invoke(NativeMethodAccessorImpl.java:62)
	at sun.reflect.DelegatingMethodAccessorImpl.invoke(DelegatingMethodAccessorImpl.java:43)
	at java.lang.reflect.Method.invoke(Method.java:498)
	at org.junit.platform.commons.util.ReflectionUtils.invokeMethod(ReflectionUtils.java:728)
	at org.junit.jupiter.engine.execution.MethodInvocation.proceed(MethodInvocation.java:60)
	at org.junit.jupiter.engine.execution.InvocationInterceptorChain$ValidatingInvocation.proceed(InvocationInterceptorChain.java:131)
	at org.junit.jupiter.engine.extension.TimeoutExtension.intercept(TimeoutExtension.java:156)
	at org.junit.jupiter.engine.extension.TimeoutExtension.interceptLifecycleMethod(TimeoutExtension.java:128)
	at org.junit.jupiter.engine.extension.TimeoutExtension.interceptBeforeAllMethod(TimeoutExtension.java:70)
	at org.junit.jupiter.engine.execution.InterceptingExecutableInvoker$ReflectiveInterceptorCall.lambda$ofVoidMethod$0(InterceptingExecutableInvoker.java:103)
	at org.junit.jupiter.engine.execution.InterceptingExecutableInvoker.lambda$invoke$0(InterceptingExecutableInvoker.java:93)
	at org.junit.jupiter.engine.execution.InvocationInterceptorChain$InterceptedInvocation.proceed(InvocationInterceptorChain.java:106)
	at org.junit.jupiter.engine.execution.InvocationInterceptorChain.proceed(InvocationInterceptorChain.java:64)
	at org.junit.jupiter.engine.execution.InvocationInterceptorChain.chainAndInvoke(InvocationInterceptorChain.java:45)
	at org.junit.jupiter.engine.execution.InvocationInterceptorChain.invoke(InvocationInterceptorChain.java:37)
	at org.junit.jupiter.engine.execution.InterceptingExecutableInvoker.invoke(InterceptingExecutableInvoker.java:92)
	at org.junit.jupiter.engine.execution.InterceptingExecutableInvoker.invoke(InterceptingExecutableInvoker.java:86)
	at org.junit.jupiter.engine.descriptor.ClassBasedTestDescriptor.lambda$invokeBeforeAllMethods$13(ClassBasedTestDescriptor.java:412)
	at org.junit.platform.engine.support.hierarchical.ThrowableCollector.execute(ThrowableCollector.java:73)
	at org.junit.jupiter.engine.descriptor.ClassBasedTestDescriptor.invokeBeforeAllMethods(ClassBasedTestDescriptor.java:410)
	at org.junit.jupiter.engine.descriptor.ClassBasedTestDescriptor.before(ClassBasedTestDescriptor.java:216)
	at org.junit.jupiter.engine.descriptor.ClassBasedTestDescriptor.before(ClassBasedTestDescriptor.java:85)
	at org.junit.platform.engine.support.hierarchical.NodeTestTask.lambda$executeRecursively$6(NodeTestTask.java:148)
	at org.junit.platform.engine.support.hierarchical.ThrowableCollector.execute(ThrowableCollector.java:73)
	at org.junit.platform.engine.support.hierarchical.NodeTestTask.lambda$executeRecursively$8(NodeTestTask.java:141)
	at org.junit.platform.engine.support.hierarchical.Node.around(Node.java:137)
	at org.junit.platform.engine.support.hierarchical.NodeTestTask.lambda$executeRecursively$9(NodeTestTask.java:139)
	at org.junit.platform.engine.support.hierarchical.ThrowableCollector.execute(ThrowableCollector.java:73)
	at org.junit.platform.engine.support.hierarchical.NodeTestTask.executeRecursively(NodeTestTask.java:138)
	at org.junit.platform.engine.support.hierarchical.NodeTestTask.execute(NodeTestTask.java:95)
	at java.util.ArrayList.forEach(ArrayList.java:1259)
	at org.junit.platform.engine.support.hierarchical.SameThreadHierarchicalTestExecutorService.invokeAll(SameThreadHierarchicalTestExecutorService.java:41)
	at org.junit.platform.engine.support.hierarchical.NodeTestTask.lambda$executeRecursively$6(NodeTestTask.java:155)
	at org.junit.platform.engine.support.hierarchical.ThrowableCollector.execute(ThrowableCollector.java:73)
	at org.junit.platform.engine.support.hierarchical.NodeTestTask.lambda$executeRecursively$8(NodeTestTask.java:141)
	at org.junit.platform.engine.support.hierarchical.Node.around(Node.java:137)
	at org.junit.platform.engine.support.hierarchical.NodeTestTask.lambda$executeRecursively$9(NodeTestTask.java:139)
	at org.junit.platform.engine.support.hierarchical.ThrowableCollector.execute(ThrowableCollector.java:73)
	at org.junit.platform.engine.support.hierarchical.NodeTestTask.executeRecursively(NodeTestTask.java:138)
	at org.junit.platform.engine.support.hierarchical.NodeTestTask.execute(NodeTestTask.java:95)
	at org.junit.platform.engine.support.hierarchical.SameThreadHierarchicalTestExecutorService.submit(SameThreadHierarchicalTestExecutorService.java:35)
	at org.junit.platform.engine.support.hierarchical.HierarchicalTestExecutor.execute(HierarchicalTestExecutor.java:57)
	at org.junit.platform.engine.support.hierarchical.HierarchicalTestEngine.execute(HierarchicalTestEngine.java:54)
	at org.junit.platform.launcher.core.EngineExecutionOrchestrator.execute(EngineExecutionOrchestrator.java:198)
	at org.junit.platform.launcher.core.EngineExecutionOrchestrator.execute(EngineExecutionOrchestrator.java:169)
	at org.junit.platform.launcher.core.EngineExecutionOrchestrator.execute(EngineExecutionOrchestrator.java:93)
	at org.junit.platform.launcher.core.EngineExecutionOrchestrator.lambda$execute$0(EngineExecutionOrchestrator.java:58)
	at org.junit.platform.launcher.core.EngineExecutionOrchestrator.withInterceptedStreams(EngineExecutionOrchestrator.java:141)
	at org.junit.platform.launcher.core.EngineExecutionOrchestrator.execute(EngineExecutionOrchestrator.java:57)
	at org.junit.platform.launcher.core.DefaultLauncher.execute(DefaultLauncher.java:103)
	at org.junit.platform.launcher.core.DefaultLauncher.execute(DefaultLauncher.java:85)
	at org.junit.platform.launcher.core.DelegatingLauncher.execute(DelegatingLauncher.java:47)
	at org.junit.platform.launcher.core.SessionPerRequestLauncher.execute(SessionPerRequestLauncher.java:63)
	at org.apache.maven.surefire.junitplatform.JUnitPlatformProvider.invokeAllTests(JUnitPlatformProvider.java:165)
	at org.apache.maven.surefire.junitplatform.JUnitPlatformProvider.invoke(JUnitPlatformProvider.java:124)
	at org.apache.maven.surefire.booter.ForkedBooter.runSuitesInProcess(ForkedBooter.java:428)
	at org.apache.maven.surefire.booter.ForkedBooter.execute(ForkedBooter.java:162)
	at org.apache.maven.surefire.booter.ForkedBooter.run(ForkedBooter.java:562)
	at org.apache.maven.surefire.booter.ForkedBooter.main(ForkedBooter.java:548)
2024-03-11 08:39:57,319 [main] INFO  om.OzoneManager (OzoneManager.java:addS3GVolumeToDB(4468)) - Created Volume s3v With Owner runner required for S3Gateway operations.
2024-03-11 08:39:57,319 [main] WARN  server.ServerUtils (ServerUtils.java:getDefaultRatisDirectory(311)) - Storage directory for Ratis is not configured. It is a good idea to map this to an SSD disk. Falling back to ozone.metadata.dirs
2024-03-11 08:39:57,319 [main] WARN  utils.OzoneManagerRatisUtils (OzoneManagerRatisUtils.java:getOMRatisSnapshotDirectory(476)) - ozone.om.ratis.snapshot.dir is not configured. Falling back to ozone.metadata.dirs config
2024-03-11 08:39:57,320 [main] INFO  utils.RDBSnapshotProvider (RDBSnapshotProvider.java:init(87)) - Cleaning up the candidate dir: /home/runner/work/ozone/ozone/hadoop-ozone/integration-test/target/test-dir/MiniOzoneClusterImpl-26b6f519-45de-438b-acbb-b19d352d9476/omNode-3/snapshot/om.db.candidate
2024-03-11 08:39:57,320 [main] INFO  ratis_snapshot.OmRatisSnapshotProvider (OmRatisSnapshotProvider.java:<init>(99)) - Initializing OM Snapshot Provider
2024-03-11 08:39:57,321 [main] WARN  dropwizard3.Dm3MetricRegistriesImpl (Dm3MetricRegistriesImpl.java:addReporterRegistration(113)) - New reporters are added after registries were created. Some metrics will be missing from the reporter. Please add reporter before adding any new registry.
2024-03-11 08:39:57,321 [main] WARN  dropwizard3.Dm3MetricRegistriesImpl (Dm3MetricRegistriesImpl.java:addReporterRegistration(113)) - New reporters are added after registries were created. Some metrics will be missing from the reporter. Please add reporter before adding any new registry.
2024-03-11 08:39:57,321 [main] WARN  server.ServerUtils (ServerUtils.java:getDefaultRatisDirectory(311)) - Storage directory for Ratis is not configured. It is a good idea to map this to an SSD disk. Falling back to ozone.metadata.dirs
2024-03-11 08:39:57,321 [main] INFO  ratis.OzoneManagerRatisServer (OzoneManagerRatisServer.java:<init>(167)) - Instantiating OM Ratis server with groupID: om-service-test1 and peers: localhost:15273, localhost:15265, localhost:15269
2024-03-11 08:39:57,322 [main] INFO  ratis.OzoneManagerStateMachine (OzoneManagerStateMachine.java:loadSnapshotInfoFromDB(575)) - TransactionInfo not found in OM DB.
2024-03-11 08:39:57,322 [main] INFO  server.RaftServer (ConfUtils.java:logGet(46)) - raft.rpc.type = GRPC (default)
2024-03-11 08:39:57,322 [main] INFO  grpc.GrpcConfigKeys (ConfUtils.java:logFallback(53)) - raft.grpc.admin.host = null (fallback to raft.grpc.server.host)
2024-03-11 08:39:57,322 [main] INFO  grpc.GrpcConfigKeys (ConfUtils.java:logFallback(53)) - raft.grpc.admin.port = 15273 (fallback to raft.grpc.server.port)
2024-03-11 08:39:57,322 [main] INFO  grpc.GrpcConfigKeys (ConfUtils.java:logFallback(53)) - raft.grpc.client.host = null (fallback to raft.grpc.server.host)
2024-03-11 08:39:57,322 [main] INFO  grpc.GrpcConfigKeys (ConfUtils.java:logFallback(53)) - raft.grpc.client.port = 15273 (fallback to raft.grpc.server.port)
2024-03-11 08:39:57,323 [main] INFO  grpc.GrpcConfigKeys (ConfUtils.java:logGet(46)) - raft.grpc.server.host = null (default)
2024-03-11 08:39:57,323 [main] INFO  grpc.GrpcConfigKeys (ConfUtils.java:logGet(46)) - raft.grpc.server.port = 15273 (custom)
2024-03-11 08:39:57,323 [main] INFO  server.GrpcService (ConfUtils.java:logGet(46)) - raft.grpc.message.size.max = 4194304 (custom)
2024-03-11 08:39:57,323 [main] INFO  server.RaftServerConfigKeys (ConfUtils.java:logGet(46)) - raft.server.log.appender.buffer.byte-limit = 4194304 (custom)
2024-03-11 08:39:57,323 [main] INFO  server.GrpcService (ConfUtils.java:logGet(46)) - raft.grpc.flow.control.window = 1MB (=1048576) (default)
2024-03-11 08:39:57,323 [main] INFO  server.RaftServerConfigKeys (ConfUtils.java:logGet(46)) - raft.server.rpc.request.timeout = 3000ms (default)
2024-03-11 08:39:57,323 [main] INFO  grpc.GrpcConfigKeys (ConfUtils.java:logGet(46)) - raft.grpc.server.heartbeat.channel = true (default)
2024-03-11 08:39:57,323 [main] INFO  grpc.GrpcConfigKeys (ConfUtils.java:logGet(46)) - raft.grpc.server.async.request.thread.pool.cached = true (default)
2024-03-11 08:39:57,323 [main] INFO  grpc.GrpcConfigKeys (ConfUtils.java:logGet(46)) - raft.grpc.server.async.request.thread.pool.size = 32 (default)
2024-03-11 08:39:57,324 [main] INFO  impl.DataStreamServerImpl (ConfUtils.java:logGet(46)) - raft.datastream.type = DISABLED (default)
2024-03-11 08:39:57,324 [main] INFO  server.RaftServerConfigKeys (ConfUtils.java:logGet(46)) - raft.server.sleep.deviation.threshold = 300ms (default)
2024-03-11 08:39:57,324 [main] INFO  server.RaftServerConfigKeys (ConfUtils.java:logGet(46)) - raft.server.close.threshold = 60s (default)
2024-03-11 08:39:57,324 [main] INFO  server.RaftServerConfigKeys (ConfUtils.java:logGet(46)) - raft.server.leaderelection.leader.step-down.wait-time = 10s (default)
2024-03-11 08:39:57,324 [main] INFO  server.RaftServerConfigKeys (ConfUtils.java:logGet(46)) - raft.server.storage.dir = [/home/runner/work/ozone/ozone/hadoop-ozone/integration-test/target/test-dir/MiniOzoneClusterImpl-26b6f519-45de-438b-acbb-b19d352d9476/omNode-3/ratis] (custom)
2024-03-11 08:39:57,325 [main] INFO  server.RaftServerConfigKeys (ConfUtils.java:logGet(46)) - raft.server.threadpool.proxy.cached = true (default)
2024-03-11 08:39:57,325 [main] INFO  server.RaftServerConfigKeys (ConfUtils.java:logGet(46)) - raft.server.threadpool.proxy.size = 0 (default)
2024-03-11 08:39:57,325 [main] INFO  server.RaftServer (RaftServerProxy.java:addNew(100)) - omNode-3: addNew group-523986131536:[omNode-3|localhost:15273, omNode-1|localhost:15265, omNode-2|localhost:15269] returns group-523986131536:java.util.concurrent.CompletableFuture@f1099cb[Not completed]
2024-03-11 08:39:57,325 [main] INFO  om.OzoneManager (OzoneManager.java:initializeRatisServer(2177)) - OzoneManager Ratis server initialized at port 15273
2024-03-11 08:39:57,325 [omNode-3-groupManagement] INFO  server.RaftServer$Division (RaftServerImpl.java:<init>(256)) - omNode-3: new RaftServerImpl for group-523986131536:[omNode-3|localhost:15273, omNode-1|localhost:15265, omNode-2|localhost:15269] with OzoneManagerStateMachine:uninitialized
2024-03-11 08:39:57,325 [main] INFO  om.OzoneManager (OzoneManager.java:getRpcServer(1231)) - Creating RPC Server
2024-03-11 08:39:57,325 [omNode-3-groupManagement] INFO  server.RaftServerConfigKeys (ConfUtils.java:logGet(46)) - raft.server.rpc.timeout.min = 1s (custom)
2024-03-11 08:39:57,325 [omNode-3-groupManagement] INFO  server.RaftServerConfigKeys (ConfUtils.java:logGet(46)) - raft.server.rpc.timeout.max = 1200ms (custom)
2024-03-11 08:39:57,326 [omNode-3-groupManagement] INFO  server.RaftServerConfigKeys (ConfUtils.java:logGet(46)) - raft.server.rpc.sleep.time = 25ms (default)
2024-03-11 08:39:57,326 [omNode-3-groupManagement] INFO  server.RaftServerConfigKeys (ConfUtils.java:logGet(46)) - raft.server.rpc.slowness.timeout = 2s (custom)
2024-03-11 08:39:57,326 [omNode-3-groupManagement] INFO  server.RaftServerConfigKeys (ConfUtils.java:logGet(46)) - raft.server.leaderelection.leader.step-down.wait-time = 10s (default)
2024-03-11 08:39:57,326 [omNode-3-groupManagement] INFO  server.RaftServerConfigKeys (ConfUtils.java:logGet(46)) - raft.server.leaderelection.member.majority-add = false (default)
2024-03-11 08:39:57,326 [omNode-3-groupManagement] INFO  server.RaftServerConfigKeys (ConfUtils.java:logGet(46)) - raft.server.sleep.deviation.threshold = 300ms (default)
2024-03-11 08:39:57,326 [omNode-3-groupManagement] INFO  server.RaftServer$Division (ServerState.java:<init>(113)) - omNode-3@group-523986131536: ConfigurationManager, init=-1: peers:[omNode-3|localhost:15273, omNode-1|localhost:15265, omNode-2|localhost:15269]|listeners:[], old=null, confs=<EMPTY_MAP>
2024-03-11 08:39:57,326 [omNode-3-groupManagement] INFO  server.RaftServerConfigKeys (ConfUtils.java:logGet(46)) - raft.server.notification.no-leader.timeout = 2s (custom)
2024-03-11 08:39:57,326 [omNode-3-groupManagement] INFO  server.RaftServerConfigKeys (ConfUtils.java:logGet(46)) - raft.server.read.timeout = 10s (default)
2024-03-11 08:39:57,326 [omNode-3-groupManagement] INFO  server.RaftServerConfigKeys (ConfUtils.java:logGet(46)) - raft.server.retrycache.expirytime = 30000ms (custom)
2024-03-11 08:39:57,326 [omNode-3-groupManagement] INFO  server.RaftServerConfigKeys (ConfUtils.java:logGet(46)) - raft.server.retrycache.statistics.expirytime = 100ms (default)
2024-03-11 08:39:57,326 [omNode-3-groupManagement] INFO  server.RaftServerConfigKeys (ConfUtils.java:logGet(46)) - raft.server.read.option = DEFAULT (default)
2024-03-11 08:39:57,326 [omNode-3-groupManagement] INFO  server.RaftServerConfigKeys (ConfUtils.java:logGet(46)) - raft.server.read.read-after-write-consistent.write-index-cache.expiry-time = 60s (default)
2024-03-11 08:39:57,330 [omNode-3-groupManagement] INFO  server.RaftServerConfigKeys (ConfUtils.java:logGet(46)) - raft.server.rpc.request.timeout = 3000ms (default)
2024-03-11 08:39:57,330 [omNode-3-groupManagement] INFO  server.RaftServerConfigKeys (ConfUtils.java:logGet(46)) - raft.server.log.appender.install.snapshot.enabled = false (custom)
2024-03-11 08:39:57,330 [omNode-3-groupManagement] INFO  server.RaftServerConfigKeys (ConfUtils.java:logGet(46)) - raft.server.threadpool.server.cached = true (default)
2024-03-11 08:39:57,330 [omNode-3-groupManagement] INFO  server.RaftServerConfigKeys (ConfUtils.java:logGet(46)) - raft.server.threadpool.server.size = 0 (default)
2024-03-11 08:39:57,330 [omNode-3-groupManagement] INFO  server.RaftServerConfigKeys (ConfUtils.java:logGet(46)) - raft.server.threadpool.client.cached = true (default)
2024-03-11 08:39:57,330 [omNode-3-groupManagement] INFO  server.RaftServerConfigKeys (ConfUtils.java:logGet(46)) - raft.server.threadpool.client.size = 0 (default)
2024-03-11 08:39:57,505 [main] INFO  ipc.CallQueueManager (CallQueueManager.java:<init>(90)) - Using callQueue: class java.util.concurrent.LinkedBlockingQueue, queueCapacity: 2000, scheduler: class org.apache.hadoop.ipc.DefaultRpcScheduler, ipcBackoff: false.
2024-03-11 08:39:57,505 [main] INFO  ipc.Server (Server.java:<init>(1287)) - Listener at 127.0.0.1:15270
2024-03-11 08:39:57,506 [Socket Reader #1 for port 15270] INFO  ipc.Server (Server.java:run(1323)) - Starting Socket Reader #1 for port 15270
2024-03-11 08:39:57,519 [main] INFO  impl.MetricsSystemImpl (MetricsSystemImpl.java:init(158)) - OzoneManager metrics system started (again)
2024-03-11 08:39:57,525 [main] INFO  om.OzoneManager (OzoneManager.java:start(1653)) - OzoneManager RPC server is listening at localhost/127.0.0.1:15270
2024-03-11 08:39:57,526 [main] INFO  ratis.OzoneManagerRatisServer (OzoneManagerRatisServer.java:start(588)) - Starting OzoneManagerRatisServer omNode-3 at port 15273
2024-03-11 08:39:57,526 [omNode-3-impl-thread1] INFO  server.RaftServerConfigKeys (ConfUtils.java:logGet(46)) - raft.server.storage.free-space.min = 0MB (=0) (default)
2024-03-11 08:39:57,526 [omNode-3-impl-thread1] INFO  server.RaftServerConfigKeys (ConfUtils.java:logGet(46)) - raft.server.log.corruption.policy = EXCEPTION (default)
2024-03-11 08:39:57,526 [omNode-3-impl-thread1] INFO  server.RaftServerConfigKeys (ConfUtils.java:logGet(46)) - raft.server.storage.dir = [/home/runner/work/ozone/ozone/hadoop-ozone/integration-test/target/test-dir/MiniOzoneClusterImpl-26b6f519-45de-438b-acbb-b19d352d9476/omNode-3/ratis] (custom)
2024-03-11 08:39:57,526 [omNode-3-impl-thread1] INFO  storage.RaftStorageDirectory (RaftStorageDirectoryImpl.java:analyzeStorage(138)) - The storage directory /home/runner/work/ozone/ozone/hadoop-ozone/integration-test/target/test-dir/MiniOzoneClusterImpl-26b6f519-45de-438b-acbb-b19d352d9476/omNode-3/ratis/c9bc4cf4-3bc3-3c60-a66b-523986131536 does not exist. Creating ...
2024-03-11 08:39:57,528 [omNode-3-impl-thread1] INFO  storage.RaftStorageDirectory (RaftStorageDirectoryImpl.java:tryLock(228)) - Lock on /home/runner/work/ozone/ozone/hadoop-ozone/integration-test/target/test-dir/MiniOzoneClusterImpl-26b6f519-45de-438b-acbb-b19d352d9476/omNode-3/ratis/c9bc4cf4-3bc3-3c60-a66b-523986131536/in_use.lock acquired by nodename 48108@fv-az1250-130
2024-03-11 08:39:57,530 [omNode-3-impl-thread1] INFO  storage.RaftStorage (RaftStorageImpl.java:format(99)) - Storage directory /home/runner/work/ozone/ozone/hadoop-ozone/integration-test/target/test-dir/MiniOzoneClusterImpl-26b6f519-45de-438b-acbb-b19d352d9476/omNode-3/ratis/c9bc4cf4-3bc3-3c60-a66b-523986131536 has been successfully formatted.
2024-03-11 08:39:57,530 [omNode-3-impl-thread1] WARN  util.FileUtils (LogUtils.java:supplyAndLog(63)) - Failed to Files.newInputStream /home/runner/work/ozone/ozone/hadoop-ozone/integration-test/target/test-dir/MiniOzoneClusterImpl-26b6f519-45de-438b-acbb-b19d352d9476/omNode-3/ratis/c9bc4cf4-3bc3-3c60-a66b-523986131536/current/raft-meta.conf with options []: java.nio.file.NoSuchFileException: /home/runner/work/ozone/ozone/hadoop-ozone/integration-test/target/test-dir/MiniOzoneClusterImpl-26b6f519-45de-438b-acbb-b19d352d9476/omNode-3/ratis/c9bc4cf4-3bc3-3c60-a66b-523986131536/current/raft-meta.conf
2024-03-11 08:39:57,530 [omNode-3-impl-thread1] INFO  server.RaftServerConfigKeys (ConfUtils.java:logGet(46)) - raft.server.log.use.memory = false (default)
2024-03-11 08:39:57,530 [omNode-3-impl-thread1] INFO  server.RaftServerConfigKeys (ConfUtils.java:logGet(46)) - raft.server.log.purge.gap = 50 (custom)
2024-03-11 08:39:57,530 [omNode-3-impl-thread1] INFO  server.RaftServerConfigKeys (ConfUtils.java:logGet(46)) - raft.server.log.appender.buffer.byte-limit = 4194304 (custom)
2024-03-11 08:39:57,530 [omNode-3-impl-thread1] INFO  server.RaftServerConfigKeys (ConfUtils.java:logGet(46)) - raft.server.log.statemachine.data.read.timeout = 1000ms (default)
2024-03-11 08:39:57,530 [omNode-3-impl-thread1] INFO  server.RaftServerConfigKeys (ConfUtils.java:logGet(46)) - raft.server.log.purge.preservation.log.num = 0 (default)
2024-03-11 08:39:57,531 [omNode-3-impl-thread1] INFO  server.RaftServerConfigKeys (ConfUtils.java:logGet(46)) - raft.server.log.segment.size.max = 4194304 (custom)
2024-03-11 08:39:57,531 [omNode-3-impl-thread1] INFO  server.RaftServerConfigKeys (ConfUtils.java:logGet(46)) - raft.server.log.segment.cache.num.max = 2 (custom)
2024-03-11 08:39:57,531 [omNode-3-impl-thread1] INFO  server.RaftServerConfigKeys (ConfUtils.java:logGet(46)) - raft.server.log.segment.cache.size.max = 200MB (=209715200) (default)
2024-03-11 08:39:57,531 [omNode-3-impl-thread1] INFO  server.RaftServerConfigKeys (ConfUtils.java:logGet(46)) - raft.server.log.appender.buffer.byte-limit = 4194304 (custom)
2024-03-11 08:39:57,531 [omNode-3-impl-thread1] INFO  util.AwaitToRun (AwaitToRun.java:start(81)) - Thread[omNode-3@group-523986131536-cacheEviction-AwaitToRun,5,main] started
2024-03-11 08:39:57,531 [omNode-3-impl-thread1] INFO  segmented.SegmentedRaftLogWorker (SegmentedRaftLogWorker.java:<init>(182)) - new omNode-3@group-523986131536-SegmentedRaftLogWorker for RaftStorageImpl:Storage Directory /home/runner/work/ozone/ozone/hadoop-ozone/integration-test/target/test-dir/MiniOzoneClusterImpl-26b6f519-45de-438b-acbb-b19d352d9476/omNode-3/ratis/c9bc4cf4-3bc3-3c60-a66b-523986131536
2024-03-11 08:39:57,531 [omNode-3-impl-thread1] INFO  server.RaftServerConfigKeys (ConfUtils.java:logGet(46)) - raft.server.log.queue.byte-limit = 64MB (=67108864) (default)
2024-03-11 08:39:57,531 [omNode-3-impl-thread1] INFO  server.RaftServerConfigKeys (ConfUtils.java:logGet(46)) - raft.server.log.queue.element-limit = 4096 (default)
2024-03-11 08:39:57,531 [omNode-3-impl-thread1] INFO  server.RaftServerConfigKeys (ConfUtils.java:logGet(46)) - raft.server.log.segment.size.max = 4194304 (custom)
2024-03-11 08:39:57,531 [omNode-3-impl-thread1] INFO  server.RaftServerConfigKeys (ConfUtils.java:logGet(46)) - raft.server.log.preallocated.size = 4194304 (custom)
2024-03-11 08:39:57,531 [omNode-3-impl-thread1] INFO  server.RaftServerConfigKeys (ConfUtils.java:logGet(46)) - raft.server.log.force.sync.num = 128 (default)
2024-03-11 08:39:57,531 [omNode-3-impl-thread1] INFO  server.RaftServerConfigKeys (ConfUtils.java:logGet(46)) - raft.server.log.statemachine.data.sync = true (default)
2024-03-11 08:39:57,531 [omNode-3-impl-thread1] INFO  server.RaftServerConfigKeys (ConfUtils.java:logGet(46)) - raft.server.log.statemachine.data.sync.timeout = 10s (default)
2024-03-11 08:39:57,531 [omNode-3-impl-thread1] INFO  server.RaftServerConfigKeys (ConfUtils.java:logGet(46)) - raft.server.log.statemachine.data.sync.timeout.retry = -1 (default)
2024-03-11 08:39:57,532 [omNode-3-impl-thread1] INFO  server.RaftServerConfigKeys (ConfUtils.java:logGet(46)) - raft.server.log.write.buffer.size = 4194312 (custom)
2024-03-11 08:39:57,532 [omNode-3-impl-thread1] INFO  server.RaftServerConfigKeys (ConfUtils.java:logGet(46)) - raft.server.log.appender.buffer.byte-limit = 4194304 (custom)
2024-03-11 08:39:57,532 [omNode-3-impl-thread1] INFO  server.RaftServerConfigKeys (ConfUtils.java:logGet(46)) - raft.server.log.unsafe-flush.enabled = false (default)
2024-03-11 08:39:57,532 [omNode-3-impl-thread1] INFO  server.RaftServerConfigKeys (ConfUtils.java:logGet(46)) - raft.server.log.async-flush.enabled = false (default)
2024-03-11 08:39:57,532 [omNode-3-impl-thread1] INFO  server.RaftServerConfigKeys (ConfUtils.java:logGet(46)) - raft.server.log.statemachine.data.caching.enabled = false (default)
2024-03-11 08:39:57,532 [omNode-3-impl-thread1] INFO  segmented.SegmentedRaftLogWorker (SegmentedRaftLogWorker.java:lambda$new$0(134)) - omNode-3@group-523986131536-SegmentedRaftLogWorker: flushIndex: setUnconditionally 0 -> -1
2024-03-11 08:39:57,532 [omNode-3-impl-thread1] INFO  segmented.SegmentedRaftLogWorker (SegmentedRaftLogWorker.java:lambda$new$0(134)) - omNode-3@group-523986131536-SegmentedRaftLogWorker: safeCacheEvictIndex: setUnconditionally 0 -> -1
2024-03-11 08:39:57,532 [omNode-3-impl-thread1] INFO  server.RaftServer$Division (RaftServerImpl.java:start(396)) - omNode-3@group-523986131536: start as a follower, conf=-1: peers:[omNode-3|localhost:15273, omNode-1|localhost:15265, omNode-2|localhost:15269]|listeners:[], old=null
2024-03-11 08:39:57,532 [omNode-3-impl-thread1] INFO  server.RaftServer$Division (RaftServerImpl.java:setRole(383)) - omNode-3@group-523986131536: changes role from      null to FOLLOWER at term 0 for startAsFollower
2024-03-11 08:39:57,533 [omNode-3-impl-thread1] INFO  impl.RoleInfo (RoleInfo.java:updateAndGet(139)) - omNode-3: start omNode-3@group-523986131536-FollowerState
2024-03-11 08:39:57,533 [omNode-3@group-523986131536-FollowerState] INFO  server.RaftServerConfigKeys (ConfUtils.java:logFallback(53)) - raft.server.rpc.first-election.timeout.min = 1s (fallback to raft.server.rpc.timeout.min)
2024-03-11 08:39:57,533 [omNode-3-impl-thread1] INFO  util.JmxRegister (JmxRegister.java:tryRegister(44)) - Successfully registered JMX Bean with object name Ratis:service=RaftServer,group=group-523986131536,id=omNode-3
2024-03-11 08:39:57,533 [omNode-3@group-523986131536-FollowerState] INFO  server.RaftServerConfigKeys (ConfUtils.java:logFallback(53)) - raft.server.rpc.first-election.timeout.max = 1200ms (fallback to raft.server.rpc.timeout.max)
2024-03-11 08:39:57,533 [omNode-3-impl-thread1] INFO  server.RaftServerConfigKeys (ConfUtils.java:logGet(46)) - raft.server.snapshot.trigger-when-stop.enabled = true (default)
2024-03-11 08:39:57,533 [omNode-3-impl-thread1] INFO  server.RaftServerConfigKeys (ConfUtils.java:logGet(46)) - raft.server.snapshot.auto.trigger.enabled = true (custom)
2024-03-11 08:39:57,533 [omNode-3-impl-thread1] INFO  server.RaftServerConfigKeys (ConfUtils.java:logGet(46)) - raft.server.snapshot.auto.trigger.threshold = 50 (custom)
2024-03-11 08:39:57,533 [omNode-3-impl-thread1] INFO  server.RaftServerConfigKeys (ConfUtils.java:logGet(46)) - raft.server.snapshot.retention.file.num = -1 (default)
2024-03-11 08:39:57,533 [omNode-3-impl-thread1] INFO  server.RaftServerConfigKeys (ConfUtils.java:logGet(46)) - raft.server.log.purge.upto.snapshot.index = true (custom)
2024-03-11 08:39:57,533 [main] INFO  server.RaftServer (RaftServerProxy.java:startImpl(406)) - omNode-3: start RPC server
2024-03-11 08:39:57,534 [main] INFO  server.GrpcService (GrpcService.java:startImpl(302)) - omNode-3: GrpcService started, listening on 15273
2024-03-11 08:39:57,534 [JvmPauseMonitor72] INFO  util.JvmPauseMonitor (JvmPauseMonitor.java:run(146)) - JvmPauseMonitor-omNode-3: Started
2024-03-11 08:39:57,534 [main] INFO  om.OzoneManager (OzoneManager.java:start(1669)) - Version File has different layout version (6) than OM DB (null). That is expected if this OM has never been finalized to a newer layout version.
2024-03-11 08:39:57,539 [main] INFO  client.ScmTopologyClient (ScmTopologyClient.java:start(67)) - Initial network topology fetched from SCM: /.
2024-03-11 08:39:57,540 [main] INFO  net.NodeSchemaLoader (NodeSchemaLoader.java:loadSchemaFromFile(129)) - Loading schema from [jar:file:/home/runner/.m2/repository/org/apache/ozone/hdds-common/1.5.0-SNAPSHOT/hdds-common-1.5.0-SNAPSHOT.jar!/network-topology-default.xml]
2024-03-11 08:39:57,540 [main] INFO  net.NodeSchemaLoader (NodeSchemaLoader.java:loadSchema(176)) - Loading network topology layer schema file
2024-03-11 08:39:57,542 [main] INFO  http.BaseHttpServer (BaseHttpServer.java:newHttpServer2BuilderForOzone(223)) - Starting Web-server for ozoneManager at: http://0.0.0.0:15271
2024-03-11 08:39:57,542 [main] INFO  http.BaseHttpServer (BaseHttpServer.java:<init>(110)) - Hadoop Security Enabled: false Ozone Security Enabled: false Ozone HTTP Security Enabled: false 
2024-03-11 08:39:57,543 [main] WARN  server.AuthenticationFilter (AuthenticationFilter.java:constructSecretProvider(240)) - Unable to initialize FileSignerSecretProvider, falling back to use random secrets. Reason: Could not read signature secret file: /home/runner/hadoop-http-auth-signature-secret
2024-03-11 08:39:57,543 [main] INFO  http.HttpRequestLog (HttpRequestLog.java:getRequestLog(86)) - Http request log for http.requests.ozoneManager is not defined
2024-03-11 08:39:57,544 [main] INFO  http.HttpServer2 (HttpServer2.java:addGlobalFilter(1036)) - Added global filter 'safety' (class=org.apache.hadoop.hdds.server.http.HttpServer2$QuotingInputFilter)
2024-03-11 08:39:57,545 [main] INFO  http.HttpServer2 (HttpServer2.java:addFilter(1012)) - Added filter static_user_filter (class=org.apache.hadoop.http.lib.StaticUserWebFilter$StaticUserFilter) to context ozoneManager
2024-03-11 08:39:57,545 [main] INFO  http.HttpServer2 (HttpServer2.java:addFilter(1020)) - Added filter static_user_filter (class=org.apache.hadoop.http.lib.StaticUserWebFilter$StaticUserFilter) to context logs
2024-03-11 08:39:57,545 [main] INFO  http.HttpServer2 (HttpServer2.java:addFilter(1020)) - Added filter static_user_filter (class=org.apache.hadoop.http.lib.StaticUserWebFilter$StaticUserFilter) to context static
2024-03-11 08:39:57,545 [main] INFO  http.BaseHttpServer (BaseHttpServer.java:<init>(189)) - HTTP server of ozoneManager uses base directory /home/runner/work/ozone/ozone/hadoop-ozone/integration-test/target/test-dir/MiniOzoneClusterImpl-26b6f519-45de-438b-acbb-b19d352d9476/omNode-3/webserver
2024-03-11 08:39:57,545 [main] INFO  http.HttpServer2 (HttpServer2.java:bindListener(1236)) - Jetty bound to port 15271
2024-03-11 08:39:57,546 [main] INFO  server.Server (Server.java:doStart(375)) - jetty-9.4.53.v20231009; built: 2023-10-09T12:29:09.265Z; git: 27bde00a0b95a1d5bbee0eae7984f891d2d0f8c9; jvm 1.8.0_402-b06
2024-03-11 08:39:57,546 [main] INFO  server.session (DefaultSessionIdManager.java:doStart(334)) - DefaultSessionIdManager workerName=node0
2024-03-11 08:39:57,547 [main] INFO  server.session (DefaultSessionIdManager.java:doStart(339)) - No SessionScavenger set, using defaults
2024-03-11 08:39:57,547 [main] INFO  server.session (HouseKeeper.java:startScavenging(132)) - node0 Scavenging every 600000ms
2024-03-11 08:39:57,547 [main] INFO  handler.ContextHandler (ContextHandler.java:doStart(921)) - Started o.e.j.s.ServletContextHandler@4070cc26{logs,/logs,file:///home/runner/work/ozone/ozone/hadoop-ozone/integration-test/target/log,AVAILABLE}
2024-03-11 08:39:57,548 [main] INFO  handler.ContextHandler (ContextHandler.java:doStart(921)) - Started o.e.j.s.ServletContextHandler@de5fe78{static,/static,file:///home/runner/work/ozone/ozone/hadoop-ozone/integration-test/target/test-classes/webapps/static,AVAILABLE}
2024-03-11 08:39:57,549 [main] INFO  handler.ContextHandler (ContextHandler.java:doStart(921)) - Started o.e.j.w.WebAppContext@1ff57127{ozoneManager,/,file:///home/runner/work/ozone/ozone/hadoop-ozone/integration-test/target/test-classes/webapps/ozoneManager/,AVAILABLE}{file:/home/runner/work/ozone/ozone/hadoop-ozone/integration-test/target/test-classes/webapps/ozoneManager}
2024-03-11 08:39:57,549 [main] INFO  server.AbstractConnector (AbstractConnector.java:doStart(333)) - Started ServerConnector@ad47396{HTTP/1.1, (http/1.1)}{0.0.0.0:15271}
2024-03-11 08:39:57,550 [main] INFO  server.Server (Server.java:doStart(415)) - Started @812320ms
2024-03-11 08:39:57,550 [main] WARN  impl.MetricsSystemImpl (MetricsSystemImpl.java:register(279)) - Sink prometheus already exists!
2024-03-11 08:39:57,550 [main] INFO  http.BaseHttpServer (BaseHttpServer.java:updateConnectorAddress(354)) - HTTP server of ozoneManager listening at http://0.0.0.0:15271
2024-03-11 08:39:57,550 [IPC Server Responder] INFO  ipc.Server (Server.java:run(1562)) - IPC Server Responder: starting
2024-03-11 08:39:57,550 [IPC Server listener on 15270] INFO  ipc.Server (Server.java:run(1402)) - IPC Server listener on 15270: starting
2024-03-11 08:39:57,552 [main] INFO  om.OzoneManager (OzoneManager.java:startTrashEmptier(2130)) - Trash Interval set to 0. Files deleted won't move to trash
2024-03-11 08:39:57,552 [main] INFO  ozone.MiniOzoneHAClusterImpl (MiniOzoneHAClusterImpl.java:createOMService(516)) - Started OzoneManager omNode-3 RPC server at localhost/127.0.0.1:15270
2024-03-11 08:39:57,557 [main] WARN  dropwizard3.Dm3MetricRegistriesImpl (Dm3MetricRegistriesImpl.java:addReporterRegistration(113)) - New reporters are added after registries were created. Some metrics will be missing from the reporter. Please add reporter before adding any new registry.
2024-03-11 08:39:57,557 [main] WARN  dropwizard3.Dm3MetricRegistriesImpl (Dm3MetricRegistriesImpl.java:addReporterRegistration(113)) - New reporters are added after registries were created. Some metrics will be missing from the reporter. Please add reporter before adding any new registry.
2024-03-11 08:39:57,557 [main] INFO  impl.MetricsSystemImpl (MetricsSystemImpl.java:init(158)) - HddsDatanode metrics system started (again)
2024-03-11 08:39:57,564 [main] INFO  ozone.HddsDatanodeService (HddsDatanodeService.java:start(240)) - HddsDatanodeService host:fv-az1250-130.ebmzynhy2g4u3nwuixrszff3we.cx.internal.cloudapp.net ip:10.1.0.9
2024-03-11 08:39:57,581 [main] INFO  upgrade.AbstractLayoutVersionManager (AbstractLayoutVersionManager.java:init(83)) - Initializing Layout version manager with metadata layout = HADOOP_PRC_PORTS_IN_DATANODEDETAILS (version = 7), software layout = HADOOP_PRC_PORTS_IN_DATANODEDETAILS (version = 7)
2024-03-11 08:39:57,582 [main] INFO  statemachine.DatanodeStateMachine (DatanodeStateMachine.java:getEndPointTaskThreadPoolSize(299)) - Datanode State Machine Task Thread Pool size 2
2024-03-11 08:39:57,582 [main] INFO  volume.HddsVolume (HddsVolume.java:<init>(125)) - Creating HddsVolume: /home/runner/work/ozone/ozone/hadoop-ozone/integration-test/target/test-dir/MiniOzoneClusterImpl-26b6f519-45de-438b-acbb-b19d352d9476/ozone-meta/datanode-1/data-0/hdds of storage type : DISK capacity : 9223372036854775807
2024-03-11 08:39:57,583 [main] INFO  volume.MutableVolumeSet (MutableVolumeSet.java:initializeVolumeSet(173)) - Added Volume : /home/runner/work/ozone/ozone/hadoop-ozone/integration-test/target/test-dir/MiniOzoneClusterImpl-26b6f519-45de-438b-acbb-b19d352d9476/ozone-meta/datanode-1/data-0/hdds to VolumeSet
2024-03-11 08:39:57,583 [main] INFO  volume.MutableVolumeSet (MutableVolumeSet.java:initializeVolumeSet(173)) - Added Volume : /home/runner/work/ozone/ozone/hadoop-ozone/integration-test/target/test-dir/MiniOzoneClusterImpl-26b6f519-45de-438b-acbb-b19d352d9476/ozone-meta/datanode-1/ratis to VolumeSet
2024-03-11 08:39:57,583 [main] INFO  ozoneimpl.OzoneContainer (HddsVolumeUtil.java:loadAllHddsVolumeDbStore(103)) - Load 1 volumes DbStore cost: 0ms
2024-03-11 08:39:57,584 [main] INFO  server.RaftServer (ConfUtils.java:logGet(46)) - raft.rpc.type = GRPC (default)
2024-03-11 08:39:57,584 [main] INFO  grpc.GrpcConfigKeys (ConfUtils.java:logFallback(53)) - raft.grpc.admin.host = null (fallback to raft.grpc.server.host)
2024-03-11 08:39:57,585 [main] INFO  grpc.GrpcConfigKeys (ConfUtils.java:logGet(46)) - raft.grpc.admin.port = 15279 (custom)
2024-03-11 08:39:57,585 [main] INFO  grpc.GrpcConfigKeys (ConfUtils.java:logFallback(53)) - raft.grpc.client.host = null (fallback to raft.grpc.server.host)
2024-03-11 08:39:57,585 [main] INFO  grpc.GrpcConfigKeys (ConfUtils.java:logGet(46)) - raft.grpc.client.port = 15278 (custom)
2024-03-11 08:39:57,585 [main] INFO  grpc.GrpcConfigKeys (ConfUtils.java:logGet(46)) - raft.grpc.server.host = null (default)
2024-03-11 08:39:57,585 [main] INFO  grpc.GrpcConfigKeys (ConfUtils.java:logGet(46)) - raft.grpc.server.port = 15280 (custom)
2024-03-11 08:39:57,585 [main] INFO  server.GrpcService (ConfUtils.java:logGet(46)) - raft.grpc.message.size.max = 32MB (=33554432) (custom)
2024-03-11 08:39:57,586 [main] INFO  server.RaftServerConfigKeys (ConfUtils.java:logGet(46)) - raft.server.log.appender.buffer.byte-limit = 8388608 (custom)
2024-03-11 08:39:57,586 [main] INFO  server.GrpcService (ConfUtils.java:logGet(46)) - raft.grpc.flow.control.window = 5MB (=5242880) (custom)
2024-03-11 08:39:57,586 [main] INFO  server.RaftServerConfigKeys (ConfUtils.java:logGet(46)) - raft.server.rpc.request.timeout = 60s (custom)
2024-03-11 08:39:57,586 [main] INFO  grpc.GrpcConfigKeys (ConfUtils.java:logGet(46)) - raft.grpc.server.heartbeat.channel = true (default)
2024-03-11 08:39:57,586 [main] INFO  grpc.GrpcConfigKeys (ConfUtils.java:logGet(46)) - raft.grpc.server.async.request.thread.pool.cached = true (default)
2024-03-11 08:39:57,586 [main] INFO  grpc.GrpcConfigKeys (ConfUtils.java:logGet(46)) - raft.grpc.server.async.request.thread.pool.size = 32 (default)
2024-03-11 08:39:57,588 [main] INFO  impl.DataStreamServerImpl (ConfUtils.java:logGet(46)) - raft.datastream.type = NETTY (custom)
2024-03-11 08:39:57,588 [main] INFO  server.RaftServerConfigKeys (ConfUtils.java:logGet(46)) - raft.server.data-stream.async.request.thread.pool.cached = false (default)
2024-03-11 08:39:57,588 [main] INFO  server.RaftServerConfigKeys (ConfUtils.java:logGet(46)) - raft.server.data-stream.async.request.thread.pool.size = 20 (custom)
2024-03-11 08:39:57,588 [main] INFO  server.RaftServerConfigKeys (ConfUtils.java:logGet(46)) - raft.server.data-stream.async.write.thread.pool.size = 16 (default)
2024-03-11 08:39:57,588 [main] INFO  netty.NettyConfigKeys$DataStream (ConfUtils.java:logGet(46)) - raft.netty.dataStream.server.channel.inactive.grace-period = 10min (default)
2024-03-11 08:39:57,588 [main] INFO  server.RaftServerConfigKeys (ConfUtils.java:logGet(46)) - raft.server.data-stream.client.pool.size = 10 (default)
2024-03-11 08:39:57,588 [main] INFO  netty.NettyConfigKeys$DataStream (ConfUtils.java:logGet(46)) - raft.netty.dataStream.server.use-epoll = true (default)
2024-03-11 08:39:57,588 [main] INFO  netty.NettyConfigKeys$DataStream (ConfUtils.java:logGet(46)) - raft.netty.dataStream.server.boss-group.size = 0 (default)
2024-03-11 08:39:57,588 [main] INFO  netty.NettyUtils (NettyUtils.java:newEventLoopGroup(69)) - Create EpollEventLoopGroup for 6d7ddd0a-4974-4c82-8247-9f057ff87999-NettyServerStreamRpc-bossGroup; Thread size is 0.
2024-03-11 08:39:57,589 [main] INFO  netty.NettyConfigKeys$DataStream (ConfUtils.java:logGet(46)) - raft.netty.dataStream.server.worker-group.size = 0 (default)
2024-03-11 08:39:57,589 [main] INFO  netty.NettyUtils (NettyUtils.java:newEventLoopGroup(69)) - Create EpollEventLoopGroup for 6d7ddd0a-4974-4c82-8247-9f057ff87999-NettyServerStreamRpc-workerGroup; Thread size is 0.
2024-03-11 08:39:57,589 [main] INFO  netty.NettyConfigKeys$DataStream (ConfUtils.java:logGet(46)) - raft.netty.dataStream.server.tls.conf = null (default)
2024-03-11 08:39:57,589 [main] INFO  netty.NettyConfigKeys$DataStream (ConfUtils.java:logGet(46)) - raft.netty.dataStream.host = null (default)
2024-03-11 08:39:57,589 [main] INFO  netty.NettyConfigKeys$DataStream (ConfUtils.java:logGet(46)) - raft.netty.dataStream.port = 15281 (custom)
2024-03-11 08:39:57,590 [main] INFO  server.RaftServerConfigKeys (ConfUtils.java:logGet(46)) - raft.server.sleep.deviation.threshold = 300ms (default)
2024-03-11 08:39:57,590 [main] INFO  server.RaftServerConfigKeys (ConfUtils.java:logGet(46)) - raft.server.close.threshold = 60s (default)
2024-03-11 08:39:57,590 [6d7ddd0a-4974-4c82-8247-9f057ff87999-NettyServerStreamRpc-bossGroup--thread1] INFO  logging.LoggingHandler (AbstractInternalLogger.java:log(148)) - [id: 0x251cd45e] REGISTERED
2024-03-11 08:39:57,590 [main] INFO  server.RaftServerConfigKeys (ConfUtils.java:logGet(46)) - raft.server.leaderelection.leader.step-down.wait-time = 10s (default)
2024-03-11 08:39:57,590 [main] INFO  server.RaftServerConfigKeys (ConfUtils.java:logGet(46)) - raft.server.storage.dir = [/home/runner/work/ozone/ozone/hadoop-ozone/integration-test/target/test-dir/MiniOzoneClusterImpl-26b6f519-45de-438b-acbb-b19d352d9476/ozone-meta/datanode-1/ratis] (custom)
2024-03-11 08:39:57,590 [main] INFO  server.RaftServerConfigKeys (ConfUtils.java:logGet(46)) - raft.server.threadpool.proxy.cached = true (default)
2024-03-11 08:39:57,590 [main] INFO  server.RaftServerConfigKeys (ConfUtils.java:logGet(46)) - raft.server.threadpool.proxy.size = 0 (default)
2024-03-11 08:39:57,590 [6d7ddd0a-4974-4c82-8247-9f057ff87999-NettyServerStreamRpc-bossGroup--thread1] INFO  logging.LoggingHandler (AbstractInternalLogger.java:log(148)) - [id: 0x251cd45e] BIND: 0.0.0.0/0.0.0.0:15281
2024-03-11 08:39:57,591 [6d7ddd0a-4974-4c82-8247-9f057ff87999-NettyServerStreamRpc-bossGroup--thread1] INFO  logging.LoggingHandler (AbstractInternalLogger.java:log(148)) - [id: 0x251cd45e, L:/0.0.0.0:15281] ACTIVE
2024-03-11 08:39:57,591 [6d7ddd0a-4974-4c82-8247-9f057ff87999-impl-thread1] INFO  server.RaftServer (RaftServerProxy.java:initGroupDir(264)) - 6d7ddd0a-4974-4c82-8247-9f057ff87999: found a subdirectory /home/runner/work/ozone/ozone/hadoop-ozone/integration-test/target/test-dir/MiniOzoneClusterImpl-26b6f519-45de-438b-acbb-b19d352d9476/ozone-meta/datanode-1/ratis/tmp
2024-03-11 08:39:57,591 [6d7ddd0a-4974-4c82-8247-9f057ff87999-impl-thread1] INFO  server.RaftServer (RaftServerProxy.java:initGroupDir(269)) - 6d7ddd0a-4974-4c82-8247-9f057ff87999: The directory /home/runner/work/ozone/ozone/hadoop-ozone/integration-test/target/test-dir/MiniOzoneClusterImpl-26b6f519-45de-438b-acbb-b19d352d9476/ozone-meta/datanode-1/ratis/tmp is not a group directory; ignoring it. 
2024-03-11 08:39:57,591 [main] INFO  replication.ReplicationServer (ReplicationServer.java:<init>(86)) - Initializing replication server with thread count = 10 queue length = 4096
2024-03-11 08:39:57,592 [main] INFO  server.XceiverServerGrpc (XceiverServerGrpc.java:<init>(141)) - GrpcServer channel type EpollServerSocketChannel
2024-03-11 08:39:57,593 [main] INFO  replication.ReplicationSupervisor (ReplicationSupervisor.java:build(163)) - Initializing replication supervisor with thread count = 10
2024-03-11 08:39:57,593 [main] INFO  replication.ReplicationSupervisor (ReplicationSupervisor.java:nodeStateUpdated(317)) - Node state updated to IN_SERVICE, scaling executor pool size to 10
2024-03-11 08:39:57,594 [main] INFO  http.BaseHttpServer (BaseHttpServer.java:newHttpServer2BuilderForOzone(223)) - Starting Web-server for hddsDatanode at: http://0.0.0.0:15275
2024-03-11 08:39:57,594 [main] INFO  http.BaseHttpServer (BaseHttpServer.java:<init>(110)) - Hadoop Security Enabled: false Ozone Security Enabled: false Ozone HTTP Security Enabled: false 
2024-03-11 08:39:57,595 [main] WARN  server.AuthenticationFilter (AuthenticationFilter.java:constructSecretProvider(240)) - Unable to initialize FileSignerSecretProvider, falling back to use random secrets. Reason: Could not read signature secret file: /home/runner/hadoop-http-auth-signature-secret
2024-03-11 08:39:57,595 [main] INFO  http.HttpRequestLog (HttpRequestLog.java:getRequestLog(86)) - Http request log for http.requests.hddsDatanode is not defined
2024-03-11 08:39:57,595 [main] INFO  http.HttpServer2 (HttpServer2.java:addGlobalFilter(1036)) - Added global filter 'safety' (class=org.apache.hadoop.hdds.server.http.HttpServer2$QuotingInputFilter)
2024-03-11 08:39:57,596 [main] INFO  http.HttpServer2 (HttpServer2.java:addFilter(1012)) - Added filter static_user_filter (class=org.apache.hadoop.http.lib.StaticUserWebFilter$StaticUserFilter) to context hddsDatanode
2024-03-11 08:39:57,596 [main] INFO  http.HttpServer2 (HttpServer2.java:addFilter(1020)) - Added filter static_user_filter (class=org.apache.hadoop.http.lib.StaticUserWebFilter$StaticUserFilter) to context static
2024-03-11 08:39:57,596 [main] INFO  http.HttpServer2 (HttpServer2.java:addFilter(1020)) - Added filter static_user_filter (class=org.apache.hadoop.http.lib.StaticUserWebFilter$StaticUserFilter) to context logs
2024-03-11 08:39:57,596 [main] INFO  http.BaseHttpServer (BaseHttpServer.java:<init>(189)) - HTTP server of hddsDatanode uses base directory /home/runner/work/ozone/ozone/hadoop-ozone/integration-test/target/test-dir/MiniOzoneClusterImpl-26b6f519-45de-438b-acbb-b19d352d9476/ozone-meta/datanode-1/meta/webserver
2024-03-11 08:39:57,596 [main] INFO  http.HttpServer2 (HttpServer2.java:bindListener(1236)) - Jetty bound to port 15275
2024-03-11 08:39:57,596 [main] INFO  server.Server (Server.java:doStart(375)) - jetty-9.4.53.v20231009; built: 2023-10-09T12:29:09.265Z; git: 27bde00a0b95a1d5bbee0eae7984f891d2d0f8c9; jvm 1.8.0_402-b06
2024-03-11 08:39:57,597 [main] INFO  server.session (DefaultSessionIdManager.java:doStart(334)) - DefaultSessionIdManager workerName=node0
2024-03-11 08:39:57,597 [main] INFO  server.session (DefaultSessionIdManager.java:doStart(339)) - No SessionScavenger set, using defaults
2024-03-11 08:39:57,597 [main] INFO  server.session (HouseKeeper.java:startScavenging(132)) - node0 Scavenging every 600000ms
2024-03-11 08:39:57,598 [main] INFO  handler.ContextHandler (ContextHandler.java:doStart(921)) - Started o.e.j.s.ServletContextHandler@66de6e79{logs,/logs,file:///home/runner/work/ozone/ozone/hadoop-ozone/integration-test/target/log,AVAILABLE}
2024-03-11 08:39:57,598 [main] INFO  handler.ContextHandler (ContextHandler.java:doStart(921)) - Started o.e.j.s.ServletContextHandler@4ee77436{static,/static,jar:file:/home/runner/.m2/repository/org/apache/ozone/hdds-container-service/1.5.0-SNAPSHOT/hdds-container-service-1.5.0-SNAPSHOT.jar!/webapps/static,AVAILABLE}
2024-03-11 08:39:57,629 [main] INFO  handler.ContextHandler (ContextHandler.java:doStart(921)) - Started o.e.j.w.WebAppContext@552870a2{hddsDatanode,/,file:///home/runner/work/ozone/ozone/hadoop-ozone/integration-test/target/test-dir/MiniOzoneClusterImpl-26b6f519-45de-438b-acbb-b19d352d9476/ozone-meta/datanode-1/meta/webserver/jetty-0_0_0_0-15275-hdds-container-service-1_5_0-SNAPSHOT_jar-_-any-2912079459931415157/webapp/,AVAILABLE}{jar:file:/home/runner/.m2/repository/org/apache/ozone/hdds-container-service/1.5.0-SNAPSHOT/hdds-container-service-1.5.0-SNAPSHOT.jar!/webapps/hddsDatanode}
2024-03-11 08:39:57,629 [main] INFO  server.AbstractConnector (AbstractConnector.java:doStart(333)) - Started ServerConnector@277ecf91{HTTP/1.1, (http/1.1)}{0.0.0.0:15275}
2024-03-11 08:39:57,629 [main] INFO  server.Server (Server.java:doStart(415)) - Started @812400ms
2024-03-11 08:39:57,629 [main] WARN  impl.MetricsSystemImpl (MetricsSystemImpl.java:register(279)) - Sink prometheus already exists!
2024-03-11 08:39:57,630 [main] INFO  http.BaseHttpServer (BaseHttpServer.java:updateConnectorAddress(354)) - HTTP server of hddsDatanode listening at http://0.0.0.0:15275
2024-03-11 08:39:57,630 [main] INFO  ipc.CallQueueManager (CallQueueManager.java:<init>(90)) - Using callQueue: class java.util.concurrent.LinkedBlockingQueue, queueCapacity: 100, scheduler: class org.apache.hadoop.ipc.DefaultRpcScheduler, ipcBackoff: false.
2024-03-11 08:39:57,630 [main] INFO  ipc.Server (Server.java:<init>(1287)) - Listener at 0.0.0.0:15276
2024-03-11 08:39:57,631 [Socket Reader #1 for port 15276] INFO  ipc.Server (Server.java:run(1323)) - Starting Socket Reader #1 for port 15276
2024-03-11 08:39:57,637 [main] INFO  ozone.HddsDatanodeService (HddsDatanodeService.java:start(327)) - Datanode start with admins: [*, runner]
2024-03-11 08:39:57,637 [main] INFO  ozone.HddsDatanodeClientProtocolServer (HddsDatanodeClientProtocolServer.java:start(77)) - RPC server for Client /0.0.0.0:15276
2024-03-11 08:39:57,638 [IPC Server Responder] INFO  ipc.Server (Server.java:run(1562)) - IPC Server Responder: starting
2024-03-11 08:39:57,638 [IPC Server listener on 15276] INFO  ipc.Server (Server.java:run(1402)) - IPC Server listener on 15276: starting
2024-03-11 08:39:57,639 [6d7ddd0a-4974-4c82-8247-9f057ff87999-DatanodeStateMachineDaemonThread] INFO  statemachine.DatanodeStateMachine (DatanodeStateMachine.java:lambda$startDaemon$1(555)) - Ozone container server started.
2024-03-11 08:39:57,639 [main] WARN  dropwizard3.Dm3MetricRegistriesImpl (Dm3MetricRegistriesImpl.java:addReporterRegistration(113)) - New reporters are added after registries were created. Some metrics will be missing from the reporter. Please add reporter before adding any new registry.
2024-03-11 08:39:57,641 [main] WARN  dropwizard3.Dm3MetricRegistriesImpl (Dm3MetricRegistriesImpl.java:addReporterRegistration(113)) - New reporters are added after registries were created. Some metrics will be missing from the reporter. Please add reporter before adding any new registry.
2024-03-11 08:39:57,641 [main] INFO  impl.MetricsSystemImpl (MetricsSystemImpl.java:init(158)) - HddsDatanode metrics system started (again)
2024-03-11 08:39:57,643 [6d7ddd0a-4974-4c82-8247-9f057ff87999-DatanodeStateMachineTaskThread-0] INFO  datanode.InitDatanodeState (InitDatanodeState.java:persistContainerDatanodeDetails(139)) - DatanodeDetails is persisted to /home/runner/work/ozone/ozone/hadoop-ozone/integration-test/target/test-dir/MiniOzoneClusterImpl-26b6f519-45de-438b-acbb-b19d352d9476/ozone-meta/datanode-1/meta/datanode.id
2024-03-11 08:39:57,649 [main] INFO  ozone.HddsDatanodeService (HddsDatanodeService.java:start(240)) - HddsDatanodeService host:fv-az1250-130.ebmzynhy2g4u3nwuixrszff3we.cx.internal.cloudapp.net ip:10.1.0.9
2024-03-11 08:39:57,654 [omNode-1@group-523986131536-FollowerState] INFO  impl.FollowerState (FollowerState.java:run(143)) - omNode-1@group-523986131536-FollowerState: change to CANDIDATE, lastRpcElapsedTime:1057225870ns, electionTimeout:1056ms
2024-03-11 08:39:57,654 [omNode-1@group-523986131536-FollowerState] INFO  impl.RoleInfo (RoleInfo.java:shutdownFollowerState(110)) - omNode-1: shutdown omNode-1@group-523986131536-FollowerState
2024-03-11 08:39:57,654 [omNode-1@group-523986131536-FollowerState] INFO  server.RaftServer$Division (RaftServerImpl.java:setRole(383)) - omNode-1@group-523986131536: changes role from  FOLLOWER to CANDIDATE at term 0 for changeToCandidate
2024-03-11 08:39:57,654 [omNode-1@group-523986131536-FollowerState] INFO  server.RaftServerConfigKeys (ConfUtils.java:logGet(46)) - raft.server.leaderelection.pre-vote = true (default)
2024-03-11 08:39:57,654 [omNode-1@group-523986131536-FollowerState] INFO  impl.RoleInfo (RoleInfo.java:updateAndGet(139)) - omNode-1: start omNode-1@group-523986131536-LeaderElection59
2024-03-11 08:39:57,655 [omNode-1@group-523986131536-LeaderElection59] INFO  impl.LeaderElection (LeaderElection.java:askForVotes(321)) - omNode-1@group-523986131536-LeaderElection59 PRE_VOTE round 0: submit vote requests at term 0 for -1: peers:[omNode-3|localhost:15273, omNode-1|localhost:15265, omNode-2|localhost:15269]|listeners:[], old=null
2024-03-11 08:39:57,655 [omNode-1@group-523986131536-LeaderElection59-1] INFO  server.GrpcServerProtocolClient (GrpcServerProtocolClient.java:<init>(65)) - Build channel for omNode-3|localhost:15273
2024-03-11 08:39:57,656 [omNode-1@group-523986131536-LeaderElection59] INFO  server.RaftServerConfigKeys (ConfUtils.java:logFallback(53)) - raft.server.rpc.first-election.timeout.min = 1s (fallback to raft.server.rpc.timeout.min)
2024-03-11 08:39:57,656 [omNode-1@group-523986131536-LeaderElection59-2] INFO  server.GrpcServerProtocolClient (GrpcServerProtocolClient.java:<init>(65)) - Build channel for omNode-2|localhost:15269
2024-03-11 08:39:57,656 [omNode-1@group-523986131536-LeaderElection59] INFO  server.RaftServerConfigKeys (ConfUtils.java:logFallback(53)) - raft.server.rpc.first-election.timeout.max = 1200ms (fallback to raft.server.rpc.timeout.max)
2024-03-11 08:39:57,660 [grpc-default-executor-0] INFO  server.RaftServer$Division (RaftServerImpl.java:requestVote(1389)) - omNode-2@group-523986131536: receive requestVote(PRE_VOTE, omNode-1, group-523986131536, 0, (t:0, i:~))
2024-03-11 08:39:57,660 [grpc-default-executor-0] INFO  impl.VoteContext (VoteContext.java:log(49)) - omNode-2@group-523986131536-FOLLOWER: accept PRE_VOTE from omNode-1: our priority 0 <= candidate's priority 0
2024-03-11 08:39:57,660 [grpc-default-executor-0] INFO  server.RaftServer$Division (RaftServerImpl.java:requestVote(1422)) - omNode-2@group-523986131536 replies to PRE_VOTE vote request: omNode-1<-omNode-2#0:OK-t0. Peer's state: omNode-2@group-523986131536:t0, leader=null, voted=, raftlog=Memoized:omNode-2@group-523986131536-SegmentedRaftLog:OPENED:c-1, conf=-1: peers:[omNode-3|localhost:15273, omNode-1|localhost:15265, omNode-2|localhost:15269]|listeners:[], old=null
2024-03-11 08:39:57,662 [omNode-1@group-523986131536-LeaderElection59] INFO  impl.LeaderElection (LeaderElection.java:logAndReturn(89)) - omNode-1@group-523986131536-LeaderElection59: PRE_VOTE PASSED received 1 response(s) and 0 exception(s):
2024-03-11 08:39:57,662 [omNode-1@group-523986131536-LeaderElection59] INFO  impl.LeaderElection (LeaderElection.java:logAndReturn(93)) -   Response 0: omNode-1<-omNode-2#0:OK-t0
2024-03-11 08:39:57,662 [omNode-1@group-523986131536-LeaderElection59] INFO  impl.LeaderElection (LeaderElection.java:askForVotes(323)) - omNode-1@group-523986131536-LeaderElection59 PRE_VOTE round 0: result PASSED
2024-03-11 08:39:57,664 [grpc-default-executor-1] INFO  server.RaftServer$Division (RaftServerImpl.java:requestVote(1389)) - omNode-3@group-523986131536: receive requestVote(PRE_VOTE, omNode-1, group-523986131536, 0, (t:0, i:~))
2024-03-11 08:39:57,664 [grpc-default-executor-1] INFO  impl.VoteContext (VoteContext.java:log(49)) - omNode-3@group-523986131536-FOLLOWER: accept PRE_VOTE from omNode-1: our priority 0 <= candidate's priority 0
2024-03-11 08:39:57,664 [omNode-1@group-523986131536-LeaderElection59] INFO  impl.LeaderElection (LeaderElection.java:askForVotes(321)) - omNode-1@group-523986131536-LeaderElection59 ELECTION round 0: submit vote requests at term 1 for -1: peers:[omNode-3|localhost:15273, omNode-1|localhost:15265, omNode-2|localhost:15269]|listeners:[], old=null
2024-03-11 08:39:57,665 [grpc-default-executor-1] INFO  server.RaftServer$Division (RaftServerImpl.java:requestVote(1422)) - omNode-3@group-523986131536 replies to PRE_VOTE vote request: omNode-1<-omNode-3#0:OK-t0. Peer's state: omNode-3@group-523986131536:t0, leader=null, voted=, raftlog=Memoized:omNode-3@group-523986131536-SegmentedRaftLog:OPENED:c-1, conf=-1: peers:[omNode-3|localhost:15273, omNode-1|localhost:15265, omNode-2|localhost:15269]|listeners:[], old=null
2024-03-11 08:39:57,665 [omNode-1@group-523986131536-LeaderElection59] INFO  server.RaftServerConfigKeys (ConfUtils.java:logFallback(53)) - raft.server.rpc.first-election.timeout.min = 1s (fallback to raft.server.rpc.timeout.min)
2024-03-11 08:39:57,665 [omNode-1@group-523986131536-LeaderElection59] INFO  server.RaftServerConfigKeys (ConfUtils.java:logFallback(53)) - raft.server.rpc.first-election.timeout.max = 1200ms (fallback to raft.server.rpc.timeout.max)
2024-03-11 08:39:57,670 [grpc-default-executor-0] INFO  server.RaftServer$Division (RaftServerImpl.java:requestVote(1389)) - omNode-2@group-523986131536: receive requestVote(ELECTION, omNode-1, group-523986131536, 1, (t:0, i:~))
2024-03-11 08:39:57,670 [grpc-default-executor-0] INFO  impl.VoteContext (VoteContext.java:log(49)) - omNode-2@group-523986131536-FOLLOWER: accept ELECTION from omNode-1: our priority 0 <= candidate's priority 0
2024-03-11 08:39:57,670 [grpc-default-executor-0] INFO  server.RaftServer$Division (RaftServerImpl.java:setRole(383)) - omNode-2@group-523986131536: changes role from  FOLLOWER to FOLLOWER at term 1 for candidate:omNode-1
2024-03-11 08:39:57,670 [grpc-default-executor-0] INFO  impl.RoleInfo (RoleInfo.java:shutdownFollowerState(110)) - omNode-2: shutdown omNode-2@group-523986131536-FollowerState
2024-03-11 08:39:57,670 [grpc-default-executor-0] INFO  impl.RoleInfo (RoleInfo.java:updateAndGet(139)) - omNode-2: start omNode-2@group-523986131536-FollowerState
2024-03-11 08:39:57,670 [grpc-default-executor-1] INFO  server.RaftServer$Division (RaftServerImpl.java:requestVote(1389)) - omNode-3@group-523986131536: receive requestVote(ELECTION, omNode-1, group-523986131536, 1, (t:0, i:~))
2024-03-11 08:39:57,670 [grpc-default-executor-0] INFO  server.RaftServer$Division (RaftServerImpl.java:setFirstElection(574)) - omNode-2@group-523986131536: set firstElectionSinceStartup to false for candidate:omNode-1
2024-03-11 08:39:57,670 [grpc-default-executor-1] INFO  impl.VoteContext (VoteContext.java:log(49)) - omNode-3@group-523986131536-FOLLOWER: accept ELECTION from omNode-1: our priority 0 <= candidate's priority 0
2024-03-11 08:39:57,670 [grpc-default-executor-1] INFO  server.RaftServer$Division (RaftServerImpl.java:setRole(383)) - omNode-3@group-523986131536: changes role from  FOLLOWER to FOLLOWER at term 1 for candidate:omNode-1
2024-03-11 08:39:57,671 [grpc-default-executor-1] INFO  impl.RoleInfo (RoleInfo.java:shutdownFollowerState(110)) - omNode-3: shutdown omNode-3@group-523986131536-FollowerState
2024-03-11 08:39:57,671 [grpc-default-executor-1] INFO  impl.RoleInfo (RoleInfo.java:updateAndGet(139)) - omNode-3: start omNode-3@group-523986131536-FollowerState
2024-03-11 08:39:57,671 [omNode-3@group-523986131536-FollowerState] INFO  impl.FollowerState (FollowerState.java:run(152)) - omNode-3@group-523986131536-FollowerState was interrupted
2024-03-11 08:39:57,671 [grpc-default-executor-0] INFO  server.RaftServer$Division (RaftServerImpl.java:requestVote(1422)) - omNode-2@group-523986131536 replies to ELECTION vote request: omNode-1<-omNode-2#0:OK-t1. Peer's state: omNode-2@group-523986131536:t1, leader=null, voted=omNode-1, raftlog=Memoized:omNode-2@group-523986131536-SegmentedRaftLog:OPENED:c-1, conf=-1: peers:[omNode-3|localhost:15273, omNode-1|localhost:15265, omNode-2|localhost:15269]|listeners:[], old=null
2024-03-11 08:39:57,672 [grpc-default-executor-1] INFO  server.RaftServer$Division (RaftServerImpl.java:setFirstElection(574)) - omNode-3@group-523986131536: set firstElectionSinceStartup to false for candidate:omNode-1
2024-03-11 08:39:57,672 [omNode-2@group-523986131536-FollowerState] INFO  impl.FollowerState (FollowerState.java:run(152)) - omNode-2@group-523986131536-FollowerState was interrupted
2024-03-11 08:39:57,672 [omNode-1@group-523986131536-LeaderElection59] INFO  impl.LeaderElection (LeaderElection.java:logAndReturn(89)) - omNode-1@group-523986131536-LeaderElection59: ELECTION PASSED received 1 response(s) and 0 exception(s):
2024-03-11 08:39:57,672 [omNode-1@group-523986131536-LeaderElection59] INFO  impl.LeaderElection (LeaderElection.java:logAndReturn(93)) -   Response 0: omNode-1<-omNode-2#0:OK-t1
2024-03-11 08:39:57,672 [omNode-1@group-523986131536-LeaderElection59] INFO  impl.LeaderElection (LeaderElection.java:askForVotes(323)) - omNode-1@group-523986131536-LeaderElection59 ELECTION round 0: result PASSED
2024-03-11 08:39:57,672 [omNode-1@group-523986131536-LeaderElection59] INFO  impl.RoleInfo (RoleInfo.java:shutdownLeaderElection(130)) - omNode-1: shutdown omNode-1@group-523986131536-LeaderElection59
2024-03-11 08:39:57,672 [omNode-1@group-523986131536-LeaderElection59] INFO  server.RaftServer$Division (RaftServerImpl.java:setRole(383)) - omNode-1@group-523986131536: changes role from CANDIDATE to LEADER at term 1 for changeToLeader
2024-03-11 08:39:57,672 [omNode-1@group-523986131536-LeaderElection59] INFO  server.RaftServerConfigKeys (ConfUtils.java:logGet(46)) - raft.server.staging.catchup.gap = 1000 (default)
2024-03-11 08:39:57,673 [omNode-1@group-523986131536-LeaderElection59] INFO  server.RaftServerConfigKeys (ConfUtils.java:logGet(46)) - raft.server.write.element-limit = 4096 (default)
2024-03-11 08:39:57,673 [omNode-1@group-523986131536-LeaderElection59] INFO  server.RaftServerConfigKeys (ConfUtils.java:logGet(46)) - raft.server.write.byte-limit = 64MB (=67108864) (default)
2024-03-11 08:39:57,673 [omNode-1@group-523986131536-LeaderElection59] INFO  server.RaftServerConfigKeys (ConfUtils.java:logGet(46)) - raft.server.watch.timeout = 10s (default)
2024-03-11 08:39:57,673 [omNode-1@group-523986131536-LeaderElection59] INFO  server.RaftServerConfigKeys (ConfUtils.java:logGet(46)) - raft.server.watch.timeout.denomination = 1s (default)
2024-03-11 08:39:57,673 [omNode-1@group-523986131536-LeaderElection59] INFO  server.RaftServerConfigKeys (ConfUtils.java:logGet(46)) - raft.server.watch.element-limit = 65536 (default)
2024-03-11 08:39:57,673 [grpc-default-executor-1] INFO  server.RaftServer$Division (RaftServerImpl.java:requestVote(1422)) - omNode-3@group-523986131536 replies to ELECTION vote request: omNode-1<-omNode-3#0:OK-t1. Peer's state: omNode-3@group-523986131536:t1, leader=null, voted=omNode-1, raftlog=Memoized:omNode-3@group-523986131536-SegmentedRaftLog:OPENED:c-1, conf=-1: peers:[omNode-3|localhost:15273, omNode-1|localhost:15265, omNode-2|localhost:15269]|listeners:[], old=null
2024-03-11 08:39:57,673 [omNode-1@group-523986131536-LeaderElection59] INFO  server.RaftServerConfigKeys (ConfUtils.java:logGet(46)) - raft.server.read.leader.lease.enabled = false (default)
2024-03-11 08:39:57,673 [omNode-1@group-523986131536-LeaderElection59] INFO  server.RaftServerConfigKeys (ConfUtils.java:logGet(46)) - raft.server.read.leader.lease.timeout.ratio = 0.9 (default)
2024-03-11 08:39:57,673 [main] INFO  upgrade.AbstractLayoutVersionManager (AbstractLayoutVersionManager.java:init(83)) - Initializing Layout version manager with metadata layout = HADOOP_PRC_PORTS_IN_DATANODEDETAILS (version = 7), software layout = HADOOP_PRC_PORTS_IN_DATANODEDETAILS (version = 7)
2024-03-11 08:39:57,674 [main] INFO  statemachine.DatanodeStateMachine (DatanodeStateMachine.java:getEndPointTaskThreadPoolSize(299)) - Datanode State Machine Task Thread Pool size 2
2024-03-11 08:39:57,673 [omNode-1@group-523986131536-LeaderElection59] INFO  server.RaftServerConfigKeys (ConfUtils.java:logGet(46)) - raft.server.rpc.timeout.min = 1s (custom)
2024-03-11 08:39:57,674 [omNode-1@group-523986131536-LeaderElection59] INFO  server.RaftServerConfigKeys (ConfUtils.java:logGet(46)) - raft.server.write.element-limit = 4096 (default)
2024-03-11 08:39:57,674 [main] INFO  volume.HddsVolume (HddsVolume.java:<init>(125)) - Creating HddsVolume: /home/runner/work/ozone/ozone/hadoop-ozone/integration-test/target/test-dir/MiniOzoneClusterImpl-26b6f519-45de-438b-acbb-b19d352d9476/ozone-meta/datanode-2/data-0/hdds of storage type : DISK capacity : 9223372036854775807
2024-03-11 08:39:57,675 [main] INFO  volume.MutableVolumeSet (MutableVolumeSet.java:initializeVolumeSet(173)) - Added Volume : /home/runner/work/ozone/ozone/hadoop-ozone/integration-test/target/test-dir/MiniOzoneClusterImpl-26b6f519-45de-438b-acbb-b19d352d9476/ozone-meta/datanode-2/data-0/hdds to VolumeSet
2024-03-11 08:39:57,675 [main] INFO  volume.MutableVolumeSet (MutableVolumeSet.java:initializeVolumeSet(173)) - Added Volume : /home/runner/work/ozone/ozone/hadoop-ozone/integration-test/target/test-dir/MiniOzoneClusterImpl-26b6f519-45de-438b-acbb-b19d352d9476/ozone-meta/datanode-2/ratis to VolumeSet
2024-03-11 08:39:57,675 [main] INFO  ozoneimpl.OzoneContainer (HddsVolumeUtil.java:loadAllHddsVolumeDbStore(103)) - Load 1 volumes DbStore cost: 0ms
2024-03-11 08:39:57,674 [omNode-1@group-523986131536-LeaderElection59] INFO  server.RaftServerConfigKeys (ConfUtils.java:logGet(46)) - raft.server.write.follower.gap.ratio.max = -1.0 (default)
2024-03-11 08:39:57,677 [omNode-1@group-523986131536-LeaderElection59] INFO  server.RaftServerConfigKeys (ConfUtils.java:logGet(46)) - raft.server.log.appender.snapshot.chunk.size.max = 16MB (=16777216) (default)
2024-03-11 08:39:57,677 [omNode-1@group-523986131536-LeaderElection59] INFO  server.RaftServerConfigKeys (ConfUtils.java:logGet(46)) - raft.server.log.appender.buffer.byte-limit = 4194304 (custom)
2024-03-11 08:39:57,677 [omNode-1@group-523986131536-LeaderElection59] INFO  server.RaftServerConfigKeys (ConfUtils.java:logGet(46)) - raft.server.log.appender.buffer.element-limit = 1024 (custom)
2024-03-11 08:39:57,677 [omNode-1@group-523986131536-LeaderElection59] INFO  server.RaftServerConfigKeys (ConfUtils.java:logGet(46)) - raft.server.log.appender.wait-time.min = 0ms (custom)
2024-03-11 08:39:57,677 [omNode-1@group-523986131536-LeaderElection59] INFO  grpc.GrpcConfigKeys (ConfUtils.java:logGet(46)) - raft.grpc.server.leader.outstanding.appends.max = 8 (default)
2024-03-11 08:39:57,677 [omNode-1@group-523986131536-LeaderElection59] INFO  server.RaftServerConfigKeys (ConfUtils.java:logGet(46)) - raft.server.rpc.request.timeout = 3000ms (default)
2024-03-11 08:39:57,677 [omNode-1@group-523986131536-LeaderElection59] INFO  grpc.GrpcConfigKeys (ConfUtils.java:logGet(46)) - raft.grpc.server.install_snapshot.request.element-limit = 8 (default)
2024-03-11 08:39:57,677 [omNode-1@group-523986131536-LeaderElection59] INFO  grpc.GrpcConfigKeys (ConfUtils.java:logGet(46)) - raft.grpc.server.install_snapshot.request.timeout = 3000ms (default)
2024-03-11 08:39:57,677 [omNode-1@group-523986131536-LeaderElection59] INFO  grpc.GrpcConfigKeys (ConfUtils.java:logGet(46)) - raft.grpc.server.log-message.batch.duration = 5s (default)
2024-03-11 08:39:57,677 [omNode-1@group-523986131536-LeaderElection59] INFO  server.RaftServerConfigKeys (ConfUtils.java:logGet(46)) - raft.server.log.appender.install.snapshot.enabled = false (custom)
2024-03-11 08:39:57,677 [omNode-1@group-523986131536-LeaderElection59] INFO  grpc.GrpcConfigKeys (ConfUtils.java:logGet(46)) - raft.grpc.server.heartbeat.channel = true (default)
2024-03-11 08:39:57,678 [omNode-1@group-523986131536-LeaderElection59] INFO  server.RaftServerConfigKeys (ConfUtils.java:logGet(46)) - raft.server.log.appender.snapshot.chunk.size.max = 16MB (=16777216) (default)
2024-03-11 08:39:57,678 [main] INFO  server.RaftServer (ConfUtils.java:logGet(46)) - raft.rpc.type = GRPC (default)
2024-03-11 08:39:57,678 [omNode-1@group-523986131536-LeaderElection59] INFO  server.RaftServerConfigKeys (ConfUtils.java:logGet(46)) - raft.server.log.appender.buffer.byte-limit = 4194304 (custom)
2024-03-11 08:39:57,678 [main] INFO  grpc.GrpcConfigKeys (ConfUtils.java:logFallback(53)) - raft.grpc.admin.host = null (fallback to raft.grpc.server.host)
2024-03-11 08:39:57,678 [omNode-1@group-523986131536-LeaderElection59] INFO  server.RaftServerConfigKeys (ConfUtils.java:logGet(46)) - raft.server.log.appender.buffer.element-limit = 1024 (custom)
2024-03-11 08:39:57,679 [main] INFO  grpc.GrpcConfigKeys (ConfUtils.java:logGet(46)) - raft.grpc.admin.port = 15288 (custom)
2024-03-11 08:39:57,679 [omNode-1@group-523986131536-LeaderElection59] INFO  server.RaftServerConfigKeys (ConfUtils.java:logGet(46)) - raft.server.log.appender.wait-time.min = 0ms (custom)
2024-03-11 08:39:57,679 [main] INFO  grpc.GrpcConfigKeys (ConfUtils.java:logFallback(53)) - raft.grpc.client.host = null (fallback to raft.grpc.server.host)
2024-03-11 08:39:57,679 [omNode-1@group-523986131536-LeaderElection59] INFO  grpc.GrpcConfigKeys (ConfUtils.java:logGet(46)) - raft.grpc.server.leader.outstanding.appends.max = 8 (default)
2024-03-11 08:39:57,679 [main] INFO  grpc.GrpcConfigKeys (ConfUtils.java:logGet(46)) - raft.grpc.client.port = 15287 (custom)
2024-03-11 08:39:57,679 [omNode-1@group-523986131536-LeaderElection59] INFO  server.RaftServerConfigKeys (ConfUtils.java:logGet(46)) - raft.server.rpc.request.timeout = 3000ms (default)
2024-03-11 08:39:57,679 [main] INFO  grpc.GrpcConfigKeys (ConfUtils.java:logGet(46)) - raft.grpc.server.host = null (default)
2024-03-11 08:39:57,679 [omNode-1@group-523986131536-LeaderElection59] INFO  grpc.GrpcConfigKeys (ConfUtils.java:logGet(46)) - raft.grpc.server.install_snapshot.request.element-limit = 8 (default)
2024-03-11 08:39:57,680 [main] INFO  grpc.GrpcConfigKeys (ConfUtils.java:logGet(46)) - raft.grpc.server.port = 15289 (custom)
2024-03-11 08:39:57,680 [omNode-1@group-523986131536-LeaderElection59] INFO  grpc.GrpcConfigKeys (ConfUtils.java:logGet(46)) - raft.grpc.server.install_snapshot.request.timeout = 3000ms (default)
2024-03-11 08:39:57,680 [main] INFO  server.GrpcService (ConfUtils.java:logGet(46)) - raft.grpc.message.size.max = 32MB (=33554432) (custom)
2024-03-11 08:39:57,680 [main] INFO  server.RaftServerConfigKeys (ConfUtils.java:logGet(46)) - raft.server.log.appender.buffer.byte-limit = 8388608 (custom)
2024-03-11 08:39:57,680 [omNode-1@group-523986131536-LeaderElection59] INFO  grpc.GrpcConfigKeys (ConfUtils.java:logGet(46)) - raft.grpc.server.log-message.batch.duration = 5s (default)
2024-03-11 08:39:57,680 [main] INFO  server.GrpcService (ConfUtils.java:logGet(46)) - raft.grpc.flow.control.window = 5MB (=5242880) (custom)
2024-03-11 08:39:57,680 [omNode-1@group-523986131536-LeaderElection59] INFO  server.RaftServerConfigKeys (ConfUtils.java:logGet(46)) - raft.server.log.appender.install.snapshot.enabled = false (custom)
2024-03-11 08:39:57,680 [main] INFO  server.RaftServerConfigKeys (ConfUtils.java:logGet(46)) - raft.server.rpc.request.timeout = 60s (custom)
2024-03-11 08:39:57,680 [omNode-1@group-523986131536-LeaderElection59] INFO  grpc.GrpcConfigKeys (ConfUtils.java:logGet(46)) - raft.grpc.server.heartbeat.channel = true (default)
2024-03-11 08:39:57,681 [main] INFO  grpc.GrpcConfigKeys (ConfUtils.java:logGet(46)) - raft.grpc.server.heartbeat.channel = true (default)
2024-03-11 08:39:57,681 [omNode-1@group-523986131536-LeaderElection59] INFO  impl.RoleInfo (RoleInfo.java:updateAndGet(139)) - omNode-1: start omNode-1@group-523986131536-LeaderStateImpl
2024-03-11 08:39:57,681 [omNode-1@group-523986131536-LeaderElection59] INFO  server.RaftServer$Division (RaftServerImpl.java:setFirstElection(574)) - omNode-1@group-523986131536: set firstElectionSinceStartup to false for becomeLeader
2024-03-11 08:39:57,681 [main] INFO  grpc.GrpcConfigKeys (ConfUtils.java:logGet(46)) - raft.grpc.server.async.request.thread.pool.cached = true (default)
2024-03-11 08:39:57,681 [omNode-1@group-523986131536-LeaderElection59] INFO  server.RaftServer$Division (ServerState.java:setLeader(269)) - omNode-1@group-523986131536: change Leader from null to omNode-1 at term 1 for becomeLeader, leader elected after 1290ms
2024-03-11 08:39:57,681 [main] INFO  grpc.GrpcConfigKeys (ConfUtils.java:logGet(46)) - raft.grpc.server.async.request.thread.pool.size = 32 (default)
2024-03-11 08:39:57,681 [omNode-1@group-523986131536-LeaderElection59] INFO  segmented.SegmentedRaftLogWorker (SegmentedRaftLogWorker.java:startLogSegment(430)) - omNode-1@group-523986131536-SegmentedRaftLogWorker: Starting segment from index:0
2024-03-11 08:39:57,682 [omNode-1@group-523986131536-SegmentedRaftLogWorker] INFO  segmented.BufferedWriteChannel (BufferedWriteChannel.java:open(62)) - open log_inprogress_0 at position 0
2024-03-11 08:39:57,683 [main] INFO  impl.DataStreamServerImpl (ConfUtils.java:logGet(46)) - raft.datastream.type = NETTY (custom)
2024-03-11 08:39:57,684 [main] INFO  server.RaftServerConfigKeys (ConfUtils.java:logGet(46)) - raft.server.data-stream.async.request.thread.pool.cached = false (default)
2024-03-11 08:39:57,684 [main] INFO  server.RaftServerConfigKeys (ConfUtils.java:logGet(46)) - raft.server.data-stream.async.request.thread.pool.size = 20 (custom)
2024-03-11 08:39:57,684 [main] INFO  server.RaftServerConfigKeys (ConfUtils.java:logGet(46)) - raft.server.data-stream.async.write.thread.pool.size = 16 (default)
2024-03-11 08:39:57,684 [main] INFO  netty.NettyConfigKeys$DataStream (ConfUtils.java:logGet(46)) - raft.netty.dataStream.server.channel.inactive.grace-period = 10min (default)
2024-03-11 08:39:57,684 [main] INFO  server.RaftServerConfigKeys (ConfUtils.java:logGet(46)) - raft.server.data-stream.client.pool.size = 10 (default)
2024-03-11 08:39:57,684 [main] INFO  netty.NettyConfigKeys$DataStream (ConfUtils.java:logGet(46)) - raft.netty.dataStream.server.use-epoll = true (default)
2024-03-11 08:39:57,685 [main] INFO  netty.NettyConfigKeys$DataStream (ConfUtils.java:logGet(46)) - raft.netty.dataStream.server.boss-group.size = 0 (default)
2024-03-11 08:39:57,685 [main] INFO  netty.NettyUtils (NettyUtils.java:newEventLoopGroup(69)) - Create EpollEventLoopGroup for ef4f6c43-595b-4c7c-bb14-559caeb18433-NettyServerStreamRpc-bossGroup; Thread size is 0.
2024-03-11 08:39:57,685 [main] INFO  netty.NettyConfigKeys$DataStream (ConfUtils.java:logGet(46)) - raft.netty.dataStream.server.worker-group.size = 0 (default)
2024-03-11 08:39:57,685 [main] INFO  netty.NettyUtils (NettyUtils.java:newEventLoopGroup(69)) - Create EpollEventLoopGroup for ef4f6c43-595b-4c7c-bb14-559caeb18433-NettyServerStreamRpc-workerGroup; Thread size is 0.
2024-03-11 08:39:57,686 [main] INFO  netty.NettyConfigKeys$DataStream (ConfUtils.java:logGet(46)) - raft.netty.dataStream.server.tls.conf = null (default)
2024-03-11 08:39:57,686 [main] INFO  netty.NettyConfigKeys$DataStream (ConfUtils.java:logGet(46)) - raft.netty.dataStream.host = null (default)
2024-03-11 08:39:57,686 [main] INFO  netty.NettyConfigKeys$DataStream (ConfUtils.java:logGet(46)) - raft.netty.dataStream.port = 15290 (custom)
2024-03-11 08:39:57,688 [omNode-1@group-523986131536-LeaderElection59] INFO  server.RaftServer$Division (ServerState.java:setRaftConf(386)) - omNode-1@group-523986131536: set configuration 0: peers:[omNode-3|localhost:15273, omNode-1|localhost:15265, omNode-2|localhost:15269]|listeners:[], old=null
2024-03-11 08:39:57,688 [main] INFO  server.RaftServerConfigKeys (ConfUtils.java:logGet(46)) - raft.server.sleep.deviation.threshold = 300ms (default)
2024-03-11 08:39:57,688 [main] INFO  server.RaftServerConfigKeys (ConfUtils.java:logGet(46)) - raft.server.close.threshold = 60s (default)
2024-03-11 08:39:57,688 [main] INFO  server.RaftServerConfigKeys (ConfUtils.java:logGet(46)) - raft.server.leaderelection.leader.step-down.wait-time = 10s (default)
2024-03-11 08:39:57,688 [main] INFO  server.RaftServerConfigKeys (ConfUtils.java:logGet(46)) - raft.server.storage.dir = [/home/runner/work/ozone/ozone/hadoop-ozone/integration-test/target/test-dir/MiniOzoneClusterImpl-26b6f519-45de-438b-acbb-b19d352d9476/ozone-meta/datanode-2/ratis] (custom)
2024-03-11 08:39:57,689 [main] INFO  server.RaftServerConfigKeys (ConfUtils.java:logGet(46)) - raft.server.threadpool.proxy.cached = true (default)
2024-03-11 08:39:57,689 [main] INFO  server.RaftServerConfigKeys (ConfUtils.java:logGet(46)) - raft.server.threadpool.proxy.size = 0 (default)
2024-03-11 08:39:57,689 [ef4f6c43-595b-4c7c-bb14-559caeb18433-NettyServerStreamRpc-bossGroup--thread1] INFO  logging.LoggingHandler (AbstractInternalLogger.java:log(148)) - [id: 0x3781c6d4] REGISTERED
2024-03-11 08:39:57,689 [ef4f6c43-595b-4c7c-bb14-559caeb18433-NettyServerStreamRpc-bossGroup--thread1] INFO  logging.LoggingHandler (AbstractInternalLogger.java:log(148)) - [id: 0x3781c6d4] BIND: 0.0.0.0/0.0.0.0:15290
2024-03-11 08:39:57,690 [ef4f6c43-595b-4c7c-bb14-559caeb18433-NettyServerStreamRpc-bossGroup--thread1] INFO  logging.LoggingHandler (AbstractInternalLogger.java:log(148)) - [id: 0x3781c6d4, L:/0.0.0.0:15290] ACTIVE
2024-03-11 08:39:57,691 [omNode-1@group-523986131536-SegmentedRaftLogWorker] INFO  segmented.SegmentedRaftLogWorker (SegmentedRaftLogWorker.java:execute(634)) - omNode-1@group-523986131536-SegmentedRaftLogWorker: created new log segment /home/runner/work/ozone/ozone/hadoop-ozone/integration-test/target/test-dir/MiniOzoneClusterImpl-26b6f519-45de-438b-acbb-b19d352d9476/omNode-1/ratis/c9bc4cf4-3bc3-3c60-a66b-523986131536/current/log_inprogress_0
2024-03-11 08:39:57,692 [ef4f6c43-595b-4c7c-bb14-559caeb18433-impl-thread1] INFO  server.RaftServer (RaftServerProxy.java:initGroupDir(264)) - ef4f6c43-595b-4c7c-bb14-559caeb18433: found a subdirectory /home/runner/work/ozone/ozone/hadoop-ozone/integration-test/target/test-dir/MiniOzoneClusterImpl-26b6f519-45de-438b-acbb-b19d352d9476/ozone-meta/datanode-2/ratis/tmp
2024-03-11 08:39:57,692 [ef4f6c43-595b-4c7c-bb14-559caeb18433-impl-thread1] INFO  server.RaftServer (RaftServerProxy.java:initGroupDir(269)) - ef4f6c43-595b-4c7c-bb14-559caeb18433: The directory /home/runner/work/ozone/ozone/hadoop-ozone/integration-test/target/test-dir/MiniOzoneClusterImpl-26b6f519-45de-438b-acbb-b19d352d9476/ozone-meta/datanode-2/ratis/tmp is not a group directory; ignoring it. 
2024-03-11 08:39:57,692 [main] INFO  replication.ReplicationServer (ReplicationServer.java:<init>(86)) - Initializing replication server with thread count = 10 queue length = 4096
2024-03-11 08:39:57,695 [omNode-2-server-thread1] INFO  server.RaftServer$Division (ServerState.java:setLeader(269)) - omNode-2@group-523986131536: change Leader from null to omNode-1 at term 1 for appendEntries, leader elected after 846ms
2024-03-11 08:39:57,695 [main] INFO  server.XceiverServerGrpc (XceiverServerGrpc.java:<init>(141)) - GrpcServer channel type EpollServerSocketChannel
2024-03-11 08:39:57,696 [main] INFO  replication.ReplicationSupervisor (ReplicationSupervisor.java:build(163)) - Initializing replication supervisor with thread count = 10
2024-03-11 08:39:57,696 [main] INFO  replication.ReplicationSupervisor (ReplicationSupervisor.java:nodeStateUpdated(317)) - Node state updated to IN_SERVICE, scaling executor pool size to 10
2024-03-11 08:39:57,697 [omNode-2-server-thread2] INFO  server.RaftServer$Division (ServerState.java:setRaftConf(386)) - omNode-2@group-523986131536: set configuration 0: peers:[omNode-3|localhost:15273, omNode-1|localhost:15265, omNode-2|localhost:15269]|listeners:[], old=null
2024-03-11 08:39:57,698 [omNode-2-server-thread2] INFO  segmented.SegmentedRaftLogWorker (SegmentedRaftLogWorker.java:startLogSegment(430)) - omNode-2@group-523986131536-SegmentedRaftLogWorker: Starting segment from index:0
2024-03-11 08:39:57,698 [omNode-2@group-523986131536-SegmentedRaftLogWorker] INFO  segmented.BufferedWriteChannel (BufferedWriteChannel.java:open(62)) - open log_inprogress_0 at position 0
2024-03-11 08:39:57,699 [omNode-3-server-thread1] INFO  server.RaftServer$Division (ServerState.java:setLeader(269)) - omNode-3@group-523986131536: change Leader from null to omNode-1 at term 1 for appendEntries, leader elected after 371ms
2024-03-11 08:39:57,699 [main] INFO  http.BaseHttpServer (BaseHttpServer.java:newHttpServer2BuilderForOzone(223)) - Starting Web-server for hddsDatanode at: http://0.0.0.0:15284
2024-03-11 08:39:57,699 [omNode-3-server-thread2] INFO  server.RaftServer$Division (ServerState.java:setRaftConf(386)) - omNode-3@group-523986131536: set configuration 0: peers:[omNode-3|localhost:15273, omNode-1|localhost:15265, omNode-2|localhost:15269]|listeners:[], old=null
2024-03-11 08:39:57,702 [main] INFO  http.BaseHttpServer (BaseHttpServer.java:<init>(110)) - Hadoop Security Enabled: false Ozone Security Enabled: false Ozone HTTP Security Enabled: false 
2024-03-11 08:39:57,702 [omNode-3-server-thread2] INFO  segmented.SegmentedRaftLogWorker (SegmentedRaftLogWorker.java:startLogSegment(430)) - omNode-3@group-523986131536-SegmentedRaftLogWorker: Starting segment from index:0
2024-03-11 08:39:57,704 [omNode-3@group-523986131536-SegmentedRaftLogWorker] INFO  segmented.BufferedWriteChannel (BufferedWriteChannel.java:open(62)) - open log_inprogress_0 at position 0
2024-03-11 08:39:57,704 [main] WARN  server.AuthenticationFilter (AuthenticationFilter.java:constructSecretProvider(240)) - Unable to initialize FileSignerSecretProvider, falling back to use random secrets. Reason: Could not read signature secret file: /home/runner/hadoop-http-auth-signature-secret
2024-03-11 08:39:57,705 [main] INFO  http.HttpRequestLog (HttpRequestLog.java:getRequestLog(86)) - Http request log for http.requests.hddsDatanode is not defined
2024-03-11 08:39:57,705 [main] INFO  http.HttpServer2 (HttpServer2.java:addGlobalFilter(1036)) - Added global filter 'safety' (class=org.apache.hadoop.hdds.server.http.HttpServer2$QuotingInputFilter)
2024-03-11 08:39:57,706 [main] INFO  http.HttpServer2 (HttpServer2.java:addFilter(1012)) - Added filter static_user_filter (class=org.apache.hadoop.http.lib.StaticUserWebFilter$StaticUserFilter) to context hddsDatanode
2024-03-11 08:39:57,706 [main] INFO  http.HttpServer2 (HttpServer2.java:addFilter(1020)) - Added filter static_user_filter (class=org.apache.hadoop.http.lib.StaticUserWebFilter$StaticUserFilter) to context logs
2024-03-11 08:39:57,706 [main] INFO  http.HttpServer2 (HttpServer2.java:addFilter(1020)) - Added filter static_user_filter (class=org.apache.hadoop.http.lib.StaticUserWebFilter$StaticUserFilter) to context static
2024-03-11 08:39:57,707 [main] INFO  http.BaseHttpServer (BaseHttpServer.java:<init>(189)) - HTTP server of hddsDatanode uses base directory /home/runner/work/ozone/ozone/hadoop-ozone/integration-test/target/test-dir/MiniOzoneClusterImpl-26b6f519-45de-438b-acbb-b19d352d9476/ozone-meta/datanode-2/meta/webserver
2024-03-11 08:39:57,707 [main] INFO  http.HttpServer2 (HttpServer2.java:bindListener(1236)) - Jetty bound to port 15284
2024-03-11 08:39:57,707 [main] INFO  server.Server (Server.java:doStart(375)) - jetty-9.4.53.v20231009; built: 2023-10-09T12:29:09.265Z; git: 27bde00a0b95a1d5bbee0eae7984f891d2d0f8c9; jvm 1.8.0_402-b06
2024-03-11 08:39:57,708 [main] INFO  server.session (DefaultSessionIdManager.java:doStart(334)) - DefaultSessionIdManager workerName=node0
2024-03-11 08:39:57,708 [main] INFO  server.session (DefaultSessionIdManager.java:doStart(339)) - No SessionScavenger set, using defaults
2024-03-11 08:39:57,709 [main] INFO  server.session (HouseKeeper.java:startScavenging(132)) - node0 Scavenging every 660000ms
2024-03-11 08:39:57,709 [main] INFO  handler.ContextHandler (ContextHandler.java:doStart(921)) - Started o.e.j.s.ServletContextHandler@453216c4{logs,/logs,file:///home/runner/work/ozone/ozone/hadoop-ozone/integration-test/target/log,AVAILABLE}
2024-03-11 08:39:57,709 [main] INFO  handler.ContextHandler (ContextHandler.java:doStart(921)) - Started o.e.j.s.ServletContextHandler@6be06c7e{static,/static,jar:file:/home/runner/.m2/repository/org/apache/ozone/hdds-container-service/1.5.0-SNAPSHOT/hdds-container-service-1.5.0-SNAPSHOT.jar!/webapps/static,AVAILABLE}
2024-03-11 08:39:57,712 [omNode-2@group-523986131536-SegmentedRaftLogWorker] INFO  segmented.SegmentedRaftLogWorker (SegmentedRaftLogWorker.java:execute(634)) - omNode-2@group-523986131536-SegmentedRaftLogWorker: created new log segment /home/runner/work/ozone/ozone/hadoop-ozone/integration-test/target/test-dir/MiniOzoneClusterImpl-26b6f519-45de-438b-acbb-b19d352d9476/omNode-2/ratis/c9bc4cf4-3bc3-3c60-a66b-523986131536/current/log_inprogress_0
2024-03-11 08:39:57,712 [omNode-3@group-523986131536-SegmentedRaftLogWorker] INFO  segmented.SegmentedRaftLogWorker (SegmentedRaftLogWorker.java:execute(634)) - omNode-3@group-523986131536-SegmentedRaftLogWorker: created new log segment /home/runner/work/ozone/ozone/hadoop-ozone/integration-test/target/test-dir/MiniOzoneClusterImpl-26b6f519-45de-438b-acbb-b19d352d9476/omNode-3/ratis/c9bc4cf4-3bc3-3c60-a66b-523986131536/current/log_inprogress_0
2024-03-11 08:39:57,713 [omNode-1@group-523986131536-StateMachineUpdater] INFO  ratis.OzoneManagerStateMachine (OzoneManagerStateMachine.java:notifyConfigurationChanged(198)) - Received Configuration change notification from Ratis. New Peer list:
[id: "omNode-3"
address: "localhost:15273"
startupRole: FOLLOWER
, id: "omNode-1"
address: "localhost:15265"
startupRole: FOLLOWER
, id: "omNode-2"
address: "localhost:15269"
startupRole: FOLLOWER
]
2024-03-11 08:39:57,713 [omNode-1@group-523986131536-StateMachineUpdater] INFO  server.RaftServer$Division (LeaderStateImpl.java:isApplied(320)) - leader is ready since appliedIndex == 0 >= startIndex == 0
2024-03-11 08:39:57,745 [main] INFO  handler.ContextHandler (ContextHandler.java:doStart(921)) - Started o.e.j.w.WebAppContext@699de514{hddsDatanode,/,file:///home/runner/work/ozone/ozone/hadoop-ozone/integration-test/target/test-dir/MiniOzoneClusterImpl-26b6f519-45de-438b-acbb-b19d352d9476/ozone-meta/datanode-2/meta/webserver/jetty-0_0_0_0-15284-hdds-container-service-1_5_0-SNAPSHOT_jar-_-any-355189333795228599/webapp/,AVAILABLE}{jar:file:/home/runner/.m2/repository/org/apache/ozone/hdds-container-service/1.5.0-SNAPSHOT/hdds-container-service-1.5.0-SNAPSHOT.jar!/webapps/hddsDatanode}
2024-03-11 08:39:57,745 [main] INFO  server.AbstractConnector (AbstractConnector.java:doStart(333)) - Started ServerConnector@fbd988f{HTTP/1.1, (http/1.1)}{0.0.0.0:15284}
2024-03-11 08:39:57,745 [main] INFO  server.Server (Server.java:doStart(415)) - Started @812516ms
2024-03-11 08:39:57,746 [main] WARN  impl.MetricsSystemImpl (MetricsSystemImpl.java:register(279)) - Sink prometheus already exists!
2024-03-11 08:39:57,746 [main] INFO  http.BaseHttpServer (BaseHttpServer.java:updateConnectorAddress(354)) - HTTP server of hddsDatanode listening at http://0.0.0.0:15284
2024-03-11 08:39:57,746 [main] INFO  ipc.CallQueueManager (CallQueueManager.java:<init>(90)) - Using callQueue: class java.util.concurrent.LinkedBlockingQueue, queueCapacity: 100, scheduler: class org.apache.hadoop.ipc.DefaultRpcScheduler, ipcBackoff: false.
2024-03-11 08:39:57,747 [main] INFO  ipc.Server (Server.java:<init>(1287)) - Listener at 0.0.0.0:15285
2024-03-11 08:39:57,747 [Socket Reader #1 for port 15285] INFO  ipc.Server (Server.java:run(1323)) - Starting Socket Reader #1 for port 15285
2024-03-11 08:39:57,749 [main] INFO  ozone.HddsDatanodeService (HddsDatanodeService.java:start(327)) - Datanode start with admins: [*, runner]
2024-03-11 08:39:57,749 [main] INFO  ozone.HddsDatanodeClientProtocolServer (HddsDatanodeClientProtocolServer.java:start(77)) - RPC server for Client /0.0.0.0:15285
2024-03-11 08:39:57,752 [IPC Server listener on 15285] INFO  ipc.Server (Server.java:run(1402)) - IPC Server listener on 15285: starting
2024-03-11 08:39:57,752 [IPC Server Responder] INFO  ipc.Server (Server.java:run(1562)) - IPC Server Responder: starting
2024-03-11 08:39:57,753 [main] WARN  dropwizard3.Dm3MetricRegistriesImpl (Dm3MetricRegistriesImpl.java:addReporterRegistration(113)) - New reporters are added after registries were created. Some metrics will be missing from the reporter. Please add reporter before adding any new registry.
2024-03-11 08:39:57,753 [main] WARN  dropwizard3.Dm3MetricRegistriesImpl (Dm3MetricRegistriesImpl.java:addReporterRegistration(113)) - New reporters are added after registries were created. Some metrics will be missing from the reporter. Please add reporter before adding any new registry.
2024-03-11 08:39:57,753 [main] INFO  impl.MetricsSystemImpl (MetricsSystemImpl.java:init(158)) - HddsDatanode metrics system started (again)
2024-03-11 08:39:57,757 [ef4f6c43-595b-4c7c-bb14-559caeb18433-DatanodeStateMachineDaemonThread] INFO  statemachine.DatanodeStateMachine (DatanodeStateMachine.java:lambda$startDaemon$1(555)) - Ozone container server started.
2024-03-11 08:39:57,762 [ef4f6c43-595b-4c7c-bb14-559caeb18433-DatanodeStateMachineTaskThread-0] INFO  datanode.InitDatanodeState (InitDatanodeState.java:persistContainerDatanodeDetails(139)) - DatanodeDetails is persisted to /home/runner/work/ozone/ozone/hadoop-ozone/integration-test/target/test-dir/MiniOzoneClusterImpl-26b6f519-45de-438b-acbb-b19d352d9476/ozone-meta/datanode-2/meta/datanode.id
2024-03-11 08:39:57,764 [main] INFO  ozone.HddsDatanodeService (HddsDatanodeService.java:start(240)) - HddsDatanodeService host:fv-az1250-130.ebmzynhy2g4u3nwuixrszff3we.cx.internal.cloudapp.net ip:10.1.0.9
2024-03-11 08:39:57,781 [main] INFO  upgrade.AbstractLayoutVersionManager (AbstractLayoutVersionManager.java:init(83)) - Initializing Layout version manager with metadata layout = HADOOP_PRC_PORTS_IN_DATANODEDETAILS (version = 7), software layout = HADOOP_PRC_PORTS_IN_DATANODEDETAILS (version = 7)
2024-03-11 08:39:57,781 [main] INFO  statemachine.DatanodeStateMachine (DatanodeStateMachine.java:getEndPointTaskThreadPoolSize(299)) - Datanode State Machine Task Thread Pool size 2
2024-03-11 08:39:57,782 [main] INFO  volume.HddsVolume (HddsVolume.java:<init>(125)) - Creating HddsVolume: /home/runner/work/ozone/ozone/hadoop-ozone/integration-test/target/test-dir/MiniOzoneClusterImpl-26b6f519-45de-438b-acbb-b19d352d9476/ozone-meta/datanode-3/data-0/hdds of storage type : DISK capacity : 9223372036854775807
2024-03-11 08:39:57,782 [main] INFO  volume.MutableVolumeSet (MutableVolumeSet.java:initializeVolumeSet(173)) - Added Volume : /home/runner/work/ozone/ozone/hadoop-ozone/integration-test/target/test-dir/MiniOzoneClusterImpl-26b6f519-45de-438b-acbb-b19d352d9476/ozone-meta/datanode-3/data-0/hdds to VolumeSet
2024-03-11 08:39:57,782 [main] INFO  volume.MutableVolumeSet (MutableVolumeSet.java:initializeVolumeSet(173)) - Added Volume : /home/runner/work/ozone/ozone/hadoop-ozone/integration-test/target/test-dir/MiniOzoneClusterImpl-26b6f519-45de-438b-acbb-b19d352d9476/ozone-meta/datanode-3/ratis to VolumeSet
2024-03-11 08:39:57,783 [main] INFO  ozoneimpl.OzoneContainer (HddsVolumeUtil.java:loadAllHddsVolumeDbStore(103)) - Load 1 volumes DbStore cost: 1ms
2024-03-11 08:39:57,784 [main] INFO  server.RaftServer (ConfUtils.java:logGet(46)) - raft.rpc.type = GRPC (default)
2024-03-11 08:39:57,784 [main] INFO  grpc.GrpcConfigKeys (ConfUtils.java:logFallback(53)) - raft.grpc.admin.host = null (fallback to raft.grpc.server.host)
2024-03-11 08:39:57,784 [main] INFO  grpc.GrpcConfigKeys (ConfUtils.java:logGet(46)) - raft.grpc.admin.port = 15297 (custom)
2024-03-11 08:39:57,784 [main] INFO  grpc.GrpcConfigKeys (ConfUtils.java:logFallback(53)) - raft.grpc.client.host = null (fallback to raft.grpc.server.host)
2024-03-11 08:39:57,784 [main] INFO  grpc.GrpcConfigKeys (ConfUtils.java:logGet(46)) - raft.grpc.client.port = 15296 (custom)
2024-03-11 08:39:57,784 [main] INFO  grpc.GrpcConfigKeys (ConfUtils.java:logGet(46)) - raft.grpc.server.host = null (default)
2024-03-11 08:39:57,784 [main] INFO  grpc.GrpcConfigKeys (ConfUtils.java:logGet(46)) - raft.grpc.server.port = 15298 (custom)
2024-03-11 08:39:57,784 [main] INFO  server.GrpcService (ConfUtils.java:logGet(46)) - raft.grpc.message.size.max = 32MB (=33554432) (custom)
2024-03-11 08:39:57,785 [main] INFO  server.RaftServerConfigKeys (ConfUtils.java:logGet(46)) - raft.server.log.appender.buffer.byte-limit = 8388608 (custom)
2024-03-11 08:39:57,785 [main] INFO  server.GrpcService (ConfUtils.java:logGet(46)) - raft.grpc.flow.control.window = 5MB (=5242880) (custom)
2024-03-11 08:39:57,785 [main] INFO  server.RaftServerConfigKeys (ConfUtils.java:logGet(46)) - raft.server.rpc.request.timeout = 60s (custom)
2024-03-11 08:39:57,785 [main] INFO  grpc.GrpcConfigKeys (ConfUtils.java:logGet(46)) - raft.grpc.server.heartbeat.channel = true (default)
2024-03-11 08:39:57,785 [main] INFO  grpc.GrpcConfigKeys (ConfUtils.java:logGet(46)) - raft.grpc.server.async.request.thread.pool.cached = true (default)
2024-03-11 08:39:57,785 [main] INFO  grpc.GrpcConfigKeys (ConfUtils.java:logGet(46)) - raft.grpc.server.async.request.thread.pool.size = 32 (default)
2024-03-11 08:39:57,787 [main] INFO  impl.DataStreamServerImpl (ConfUtils.java:logGet(46)) - raft.datastream.type = NETTY (custom)
2024-03-11 08:39:57,787 [main] INFO  server.RaftServerConfigKeys (ConfUtils.java:logGet(46)) - raft.server.data-stream.async.request.thread.pool.cached = false (default)
2024-03-11 08:39:57,787 [main] INFO  server.RaftServerConfigKeys (ConfUtils.java:logGet(46)) - raft.server.data-stream.async.request.thread.pool.size = 20 (custom)
2024-03-11 08:39:57,787 [main] INFO  server.RaftServerConfigKeys (ConfUtils.java:logGet(46)) - raft.server.data-stream.async.write.thread.pool.size = 16 (default)
2024-03-11 08:39:57,787 [main] INFO  netty.NettyConfigKeys$DataStream (ConfUtils.java:logGet(46)) - raft.netty.dataStream.server.channel.inactive.grace-period = 10min (default)
2024-03-11 08:39:57,787 [main] INFO  server.RaftServerConfigKeys (ConfUtils.java:logGet(46)) - raft.server.data-stream.client.pool.size = 10 (default)
2024-03-11 08:39:57,787 [main] INFO  netty.NettyConfigKeys$DataStream (ConfUtils.java:logGet(46)) - raft.netty.dataStream.server.use-epoll = true (default)
2024-03-11 08:39:57,787 [main] INFO  netty.NettyConfigKeys$DataStream (ConfUtils.java:logGet(46)) - raft.netty.dataStream.server.boss-group.size = 0 (default)
2024-03-11 08:39:57,788 [main] INFO  netty.NettyUtils (NettyUtils.java:newEventLoopGroup(69)) - Create EpollEventLoopGroup for 0d2e6bfc-4b34-47c2-8255-934200cb31cb-NettyServerStreamRpc-bossGroup; Thread size is 0.
2024-03-11 08:39:57,788 [main] INFO  netty.NettyConfigKeys$DataStream (ConfUtils.java:logGet(46)) - raft.netty.dataStream.server.worker-group.size = 0 (default)
2024-03-11 08:39:57,788 [main] INFO  netty.NettyUtils (NettyUtils.java:newEventLoopGroup(69)) - Create EpollEventLoopGroup for 0d2e6bfc-4b34-47c2-8255-934200cb31cb-NettyServerStreamRpc-workerGroup; Thread size is 0.
2024-03-11 08:39:57,788 [main] INFO  netty.NettyConfigKeys$DataStream (ConfUtils.java:logGet(46)) - raft.netty.dataStream.server.tls.conf = null (default)
2024-03-11 08:39:57,788 [main] INFO  netty.NettyConfigKeys$DataStream (ConfUtils.java:logGet(46)) - raft.netty.dataStream.host = null (default)
2024-03-11 08:39:57,788 [main] INFO  netty.NettyConfigKeys$DataStream (ConfUtils.java:logGet(46)) - raft.netty.dataStream.port = 15299 (custom)
2024-03-11 08:39:57,789 [main] INFO  server.RaftServerConfigKeys (ConfUtils.java:logGet(46)) - raft.server.sleep.deviation.threshold = 300ms (default)
2024-03-11 08:39:57,789 [0d2e6bfc-4b34-47c2-8255-934200cb31cb-NettyServerStreamRpc-bossGroup--thread1] INFO  logging.LoggingHandler (AbstractInternalLogger.java:log(148)) - [id: 0xc892a432] REGISTERED
2024-03-11 08:39:57,789 [main] INFO  server.RaftServerConfigKeys (ConfUtils.java:logGet(46)) - raft.server.close.threshold = 60s (default)
2024-03-11 08:39:57,789 [0d2e6bfc-4b34-47c2-8255-934200cb31cb-NettyServerStreamRpc-bossGroup--thread1] INFO  logging.LoggingHandler (AbstractInternalLogger.java:log(148)) - [id: 0xc892a432] BIND: 0.0.0.0/0.0.0.0:15299
2024-03-11 08:39:57,789 [main] INFO  server.RaftServerConfigKeys (ConfUtils.java:logGet(46)) - raft.server.leaderelection.leader.step-down.wait-time = 10s (default)
2024-03-11 08:39:57,789 [0d2e6bfc-4b34-47c2-8255-934200cb31cb-NettyServerStreamRpc-bossGroup--thread1] INFO  logging.LoggingHandler (AbstractInternalLogger.java:log(148)) - [id: 0xc892a432, L:/0.0.0.0:15299] ACTIVE
2024-03-11 08:39:57,789 [main] INFO  server.RaftServerConfigKeys (ConfUtils.java:logGet(46)) - raft.server.storage.dir = [/home/runner/work/ozone/ozone/hadoop-ozone/integration-test/target/test-dir/MiniOzoneClusterImpl-26b6f519-45de-438b-acbb-b19d352d9476/ozone-meta/datanode-3/ratis] (custom)
2024-03-11 08:39:57,789 [main] INFO  server.RaftServerConfigKeys (ConfUtils.java:logGet(46)) - raft.server.threadpool.proxy.cached = true (default)
2024-03-11 08:39:57,790 [main] INFO  server.RaftServerConfigKeys (ConfUtils.java:logGet(46)) - raft.server.threadpool.proxy.size = 0 (default)
2024-03-11 08:39:57,790 [0d2e6bfc-4b34-47c2-8255-934200cb31cb-impl-thread1] INFO  server.RaftServer (RaftServerProxy.java:initGroupDir(264)) - 0d2e6bfc-4b34-47c2-8255-934200cb31cb: found a subdirectory /home/runner/work/ozone/ozone/hadoop-ozone/integration-test/target/test-dir/MiniOzoneClusterImpl-26b6f519-45de-438b-acbb-b19d352d9476/ozone-meta/datanode-3/ratis/tmp
2024-03-11 08:39:57,790 [0d2e6bfc-4b34-47c2-8255-934200cb31cb-impl-thread1] INFO  server.RaftServer (RaftServerProxy.java:initGroupDir(269)) - 0d2e6bfc-4b34-47c2-8255-934200cb31cb: The directory /home/runner/work/ozone/ozone/hadoop-ozone/integration-test/target/test-dir/MiniOzoneClusterImpl-26b6f519-45de-438b-acbb-b19d352d9476/ozone-meta/datanode-3/ratis/tmp is not a group directory; ignoring it. 
2024-03-11 08:39:57,790 [main] INFO  replication.ReplicationServer (ReplicationServer.java:<init>(86)) - Initializing replication server with thread count = 10 queue length = 4096
2024-03-11 08:39:57,791 [main] INFO  server.XceiverServerGrpc (XceiverServerGrpc.java:<init>(141)) - GrpcServer channel type EpollServerSocketChannel
2024-03-11 08:39:57,792 [main] INFO  replication.ReplicationSupervisor (ReplicationSupervisor.java:build(163)) - Initializing replication supervisor with thread count = 10
2024-03-11 08:39:57,792 [main] INFO  replication.ReplicationSupervisor (ReplicationSupervisor.java:nodeStateUpdated(317)) - Node state updated to IN_SERVICE, scaling executor pool size to 10
2024-03-11 08:39:57,793 [main] INFO  http.BaseHttpServer (BaseHttpServer.java:newHttpServer2BuilderForOzone(223)) - Starting Web-server for hddsDatanode at: http://0.0.0.0:15293
2024-03-11 08:39:57,793 [main] INFO  http.BaseHttpServer (BaseHttpServer.java:<init>(110)) - Hadoop Security Enabled: false Ozone Security Enabled: false Ozone HTTP Security Enabled: false 
2024-03-11 08:39:57,794 [main] WARN  server.AuthenticationFilter (AuthenticationFilter.java:constructSecretProvider(240)) - Unable to initialize FileSignerSecretProvider, falling back to use random secrets. Reason: Could not read signature secret file: /home/runner/hadoop-http-auth-signature-secret
2024-03-11 08:39:57,794 [main] INFO  http.HttpRequestLog (HttpRequestLog.java:getRequestLog(86)) - Http request log for http.requests.hddsDatanode is not defined
2024-03-11 08:39:57,795 [main] INFO  http.HttpServer2 (HttpServer2.java:addGlobalFilter(1036)) - Added global filter 'safety' (class=org.apache.hadoop.hdds.server.http.HttpServer2$QuotingInputFilter)
2024-03-11 08:39:57,795 [main] INFO  http.HttpServer2 (HttpServer2.java:addFilter(1012)) - Added filter static_user_filter (class=org.apache.hadoop.http.lib.StaticUserWebFilter$StaticUserFilter) to context hddsDatanode
2024-03-11 08:39:57,795 [main] INFO  http.HttpServer2 (HttpServer2.java:addFilter(1020)) - Added filter static_user_filter (class=org.apache.hadoop.http.lib.StaticUserWebFilter$StaticUserFilter) to context logs
2024-03-11 08:39:57,795 [main] INFO  http.HttpServer2 (HttpServer2.java:addFilter(1020)) - Added filter static_user_filter (class=org.apache.hadoop.http.lib.StaticUserWebFilter$StaticUserFilter) to context static
2024-03-11 08:39:57,795 [main] INFO  http.BaseHttpServer (BaseHttpServer.java:<init>(189)) - HTTP server of hddsDatanode uses base directory /home/runner/work/ozone/ozone/hadoop-ozone/integration-test/target/test-dir/MiniOzoneClusterImpl-26b6f519-45de-438b-acbb-b19d352d9476/ozone-meta/datanode-3/meta/webserver
2024-03-11 08:39:57,796 [main] INFO  http.HttpServer2 (HttpServer2.java:bindListener(1236)) - Jetty bound to port 15293
2024-03-11 08:39:57,796 [main] INFO  server.Server (Server.java:doStart(375)) - jetty-9.4.53.v20231009; built: 2023-10-09T12:29:09.265Z; git: 27bde00a0b95a1d5bbee0eae7984f891d2d0f8c9; jvm 1.8.0_402-b06
2024-03-11 08:39:57,796 [main] INFO  server.session (DefaultSessionIdManager.java:doStart(334)) - DefaultSessionIdManager workerName=node0
2024-03-11 08:39:57,797 [main] INFO  server.session (DefaultSessionIdManager.java:doStart(339)) - No SessionScavenger set, using defaults
2024-03-11 08:39:57,797 [main] INFO  server.session (HouseKeeper.java:startScavenging(132)) - node0 Scavenging every 600000ms
2024-03-11 08:39:57,797 [main] INFO  handler.ContextHandler (ContextHandler.java:doStart(921)) - Started o.e.j.s.ServletContextHandler@51d2a1b7{logs,/logs,file:///home/runner/work/ozone/ozone/hadoop-ozone/integration-test/target/log,AVAILABLE}
2024-03-11 08:39:57,797 [main] INFO  handler.ContextHandler (ContextHandler.java:doStart(921)) - Started o.e.j.s.ServletContextHandler@4a8f5a85{static,/static,jar:file:/home/runner/.m2/repository/org/apache/ozone/hdds-container-service/1.5.0-SNAPSHOT/hdds-container-service-1.5.0-SNAPSHOT.jar!/webapps/static,AVAILABLE}
2024-03-11 08:39:57,828 [main] INFO  handler.ContextHandler (ContextHandler.java:doStart(921)) - Started o.e.j.w.WebAppContext@2106279d{hddsDatanode,/,file:///home/runner/work/ozone/ozone/hadoop-ozone/integration-test/target/test-dir/MiniOzoneClusterImpl-26b6f519-45de-438b-acbb-b19d352d9476/ozone-meta/datanode-3/meta/webserver/jetty-0_0_0_0-15293-hdds-container-service-1_5_0-SNAPSHOT_jar-_-any-2604560898422442189/webapp/,AVAILABLE}{jar:file:/home/runner/.m2/repository/org/apache/ozone/hdds-container-service/1.5.0-SNAPSHOT/hdds-container-service-1.5.0-SNAPSHOT.jar!/webapps/hddsDatanode}
2024-03-11 08:39:57,829 [main] INFO  server.AbstractConnector (AbstractConnector.java:doStart(333)) - Started ServerConnector@77b75b64{HTTP/1.1, (http/1.1)}{0.0.0.0:15293}
2024-03-11 08:39:57,829 [main] INFO  server.Server (Server.java:doStart(415)) - Started @812600ms
2024-03-11 08:39:57,829 [main] WARN  impl.MetricsSystemImpl (MetricsSystemImpl.java:register(279)) - Sink prometheus already exists!
2024-03-11 08:39:57,829 [main] INFO  http.BaseHttpServer (BaseHttpServer.java:updateConnectorAddress(354)) - HTTP server of hddsDatanode listening at http://0.0.0.0:15293
2024-03-11 08:39:57,830 [main] INFO  ipc.CallQueueManager (CallQueueManager.java:<init>(90)) - Using callQueue: class java.util.concurrent.LinkedBlockingQueue, queueCapacity: 100, scheduler: class org.apache.hadoop.ipc.DefaultRpcScheduler, ipcBackoff: false.
2024-03-11 08:39:57,830 [main] INFO  ipc.Server (Server.java:<init>(1287)) - Listener at 0.0.0.0:15294
2024-03-11 08:39:57,830 [Socket Reader #1 for port 15294] INFO  ipc.Server (Server.java:run(1323)) - Starting Socket Reader #1 for port 15294
2024-03-11 08:39:57,832 [main] INFO  ozone.HddsDatanodeService (HddsDatanodeService.java:start(327)) - Datanode start with admins: [*, runner]
2024-03-11 08:39:57,832 [main] INFO  ozone.HddsDatanodeClientProtocolServer (HddsDatanodeClientProtocolServer.java:start(77)) - RPC server for Client /0.0.0.0:15294
2024-03-11 08:39:57,832 [IPC Server Responder] INFO  ipc.Server (Server.java:run(1562)) - IPC Server Responder: starting
2024-03-11 08:39:57,832 [IPC Server listener on 15294] INFO  ipc.Server (Server.java:run(1402)) - IPC Server listener on 15294: starting
2024-03-11 08:39:57,837 [0d2e6bfc-4b34-47c2-8255-934200cb31cb-DatanodeStateMachineDaemonThread] INFO  statemachine.DatanodeStateMachine (DatanodeStateMachine.java:lambda$startDaemon$1(555)) - Ozone container server started.
2024-03-11 08:39:57,837 [main] INFO  ozone.MiniOzoneClusterImpl (MiniOzoneClusterImpl.java:lambda$waitForClusterToBeReady$0(194)) - Waiting for nodes to be ready. Got 0 of 3 DN Heartbeats.
2024-03-11 08:39:57,837 [main] INFO  ozone.MiniOzoneClusterImpl (MiniOzoneClusterImpl.java:lambda$waitForClusterToBeReady$0(197)) - Waiting for cluster to exit safe mode
2024-03-11 08:39:57,837 [main] INFO  ozone.MiniOzoneClusterImpl (MiniOzoneClusterImpl.java:lambda$waitForClusterToBeReady$0(199)) - SCM became leader
2024-03-11 08:39:57,842 [0d2e6bfc-4b34-47c2-8255-934200cb31cb-DatanodeStateMachineTaskThread-0] INFO  datanode.InitDatanodeState (InitDatanodeState.java:persistContainerDatanodeDetails(139)) - DatanodeDetails is persisted to /home/runner/work/ozone/ozone/hadoop-ozone/integration-test/target/test-dir/MiniOzoneClusterImpl-26b6f519-45de-438b-acbb-b19d352d9476/ozone-meta/datanode-3/meta/datanode.id
2024-03-11 08:39:58,216 [omNode-2@group-523986131536-StateMachineUpdater] INFO  ratis.OzoneManagerStateMachine (OzoneManagerStateMachine.java:notifyConfigurationChanged(198)) - Received Configuration change notification from Ratis. New Peer list:
[id: "omNode-3"
address: "localhost:15273"
startupRole: FOLLOWER
, id: "omNode-1"
address: "localhost:15265"
startupRole: FOLLOWER
, id: "omNode-2"
address: "localhost:15269"
startupRole: FOLLOWER
]
2024-03-11 08:39:58,217 [omNode-3@group-523986131536-StateMachineUpdater] INFO  ratis.OzoneManagerStateMachine (OzoneManagerStateMachine.java:notifyConfigurationChanged(198)) - Received Configuration change notification from Ratis. New Peer list:
[id: "omNode-3"
address: "localhost:15273"
startupRole: FOLLOWER
, id: "omNode-1"
address: "localhost:15265"
startupRole: FOLLOWER
, id: "omNode-2"
address: "localhost:15269"
startupRole: FOLLOWER
]
2024-03-11 08:39:58,837 [main] INFO  ozone.MiniOzoneClusterImpl (MiniOzoneClusterImpl.java:lambda$waitForClusterToBeReady$0(194)) - Waiting for nodes to be ready. Got 0 of 3 DN Heartbeats.
2024-03-11 08:39:58,838 [main] INFO  ozone.MiniOzoneClusterImpl (MiniOzoneClusterImpl.java:lambda$waitForClusterToBeReady$0(197)) - Waiting for cluster to exit safe mode
2024-03-11 08:39:58,838 [main] INFO  ozone.MiniOzoneClusterImpl (MiniOzoneClusterImpl.java:lambda$waitForClusterToBeReady$0(199)) - SCM became leader
2024-03-11 08:39:59,665 [6d7ddd0a-4974-4c82-8247-9f057ff87999-EndpointStateMachineTaskThread-/0.0.0.0:15260-0 ] INFO  utils.DatanodeStoreCache (DatanodeStoreCache.java:addDB(72)) - Added db /home/runner/work/ozone/ozone/hadoop-ozone/integration-test/target/test-dir/MiniOzoneClusterImpl-26b6f519-45de-438b-acbb-b19d352d9476/ozone-meta/datanode-1/data-0/hdds/26b6f519-45de-438b-acbb-b19d352d9476/DS-778674cc-da23-4bac-82fd-8f34ec58e21e/container.db to cache
2024-03-11 08:39:59,665 [6d7ddd0a-4974-4c82-8247-9f057ff87999-EndpointStateMachineTaskThread-/0.0.0.0:15260-0 ] INFO  volume.HddsVolume (HddsVolume.java:createDbStore(420)) - SchemaV3 db is created and loaded at /home/runner/work/ozone/ozone/hadoop-ozone/integration-test/target/test-dir/MiniOzoneClusterImpl-26b6f519-45de-438b-acbb-b19d352d9476/ozone-meta/datanode-1/data-0/hdds/26b6f519-45de-438b-acbb-b19d352d9476/DS-778674cc-da23-4bac-82fd-8f34ec58e21e/container.db for volume DS-778674cc-da23-4bac-82fd-8f34ec58e21e
2024-03-11 08:39:59,667 [6d7ddd0a-4974-4c82-8247-9f057ff87999-ContainerReader-0] INFO  ozoneimpl.ContainerReader (ContainerReader.java:readVolume(148)) - Start to verify containers on volume /home/runner/work/ozone/ozone/hadoop-ozone/integration-test/target/test-dir/MiniOzoneClusterImpl-26b6f519-45de-438b-acbb-b19d352d9476/ozone-meta/datanode-1/data-0/hdds
2024-03-11 08:39:59,667 [6d7ddd0a-4974-4c82-8247-9f057ff87999-ContainerReader-0] INFO  ozoneimpl.ContainerReader (ContainerReader.java:readVolume(178)) - Finish verifying containers on volume /home/runner/work/ozone/ozone/hadoop-ozone/integration-test/target/test-dir/MiniOzoneClusterImpl-26b6f519-45de-438b-acbb-b19d352d9476/ozone-meta/datanode-1/data-0/hdds
2024-03-11 08:39:59,667 [6d7ddd0a-4974-4c82-8247-9f057ff87999-EndpointStateMachineTaskThread-/0.0.0.0:15260-0 ] INFO  ozoneimpl.OzoneContainer (OzoneContainer.java:buildContainerSet(328)) - Build ContainerSet costs 0s
2024-03-11 08:39:59,667 [6d7ddd0a-4974-4c82-8247-9f057ff87999-EndpointStateMachineTaskThread-/0.0.0.0:15260-0 ] INFO  volume.ThrottledAsyncChecker (ThrottledAsyncChecker.java:schedule(141)) - Scheduling a check for /home/runner/work/ozone/ozone/hadoop-ozone/integration-test/target/test-dir/MiniOzoneClusterImpl-26b6f519-45de-438b-acbb-b19d352d9476/ozone-meta/datanode-1/data-0/hdds
2024-03-11 08:39:59,667 [6d7ddd0a-4974-4c82-8247-9f057ff87999-EndpointStateMachineTaskThread-/0.0.0.0:15260-0 ] INFO  volume.StorageVolumeChecker (StorageVolumeChecker.java:checkAllVolumes(218)) - Scheduled health check for volume /home/runner/work/ozone/ozone/hadoop-ozone/integration-test/target/test-dir/MiniOzoneClusterImpl-26b6f519-45de-438b-acbb-b19d352d9476/ozone-meta/datanode-1/data-0/hdds
2024-03-11 08:39:59,669 [6d7ddd0a-4974-4c82-8247-9f057ff87999-EndpointStateMachineTaskThread-/0.0.0.0:15260-0 ] INFO  volume.ThrottledAsyncChecker (ThrottledAsyncChecker.java:schedule(141)) - Scheduling a check for /home/runner/work/ozone/ozone/hadoop-ozone/integration-test/target/test-dir/MiniOzoneClusterImpl-26b6f519-45de-438b-acbb-b19d352d9476/ozone-meta/datanode-1/ratis
2024-03-11 08:39:59,669 [6d7ddd0a-4974-4c82-8247-9f057ff87999-EndpointStateMachineTaskThread-/0.0.0.0:15260-0 ] INFO  volume.StorageVolumeChecker (StorageVolumeChecker.java:checkAllVolumes(218)) - Scheduled health check for volume /home/runner/work/ozone/ozone/hadoop-ozone/integration-test/target/test-dir/MiniOzoneClusterImpl-26b6f519-45de-438b-acbb-b19d352d9476/ozone-meta/datanode-1/ratis
2024-03-11 08:39:59,670 [6d7ddd0a-4974-4c82-8247-9f057ff87999-EndpointStateMachineTaskThread-/0.0.0.0:15260-0 ] INFO  ozoneimpl.OzoneContainer (OzoneContainer.java:start(459)) - Attempting to start container services.
2024-03-11 08:39:59,670 [6d7ddd0a-4974-4c82-8247-9f057ff87999-EndpointStateMachineTaskThread-/0.0.0.0:15260-0 ] INFO  ozoneimpl.OzoneContainer (OzoneContainer.java:startContainerScrub(339)) - Scheduled background container scanners and the on-demand container scanner have been disabled.
2024-03-11 08:39:59,670 [6d7ddd0a-4974-4c82-8247-9f057ff87999-EndpointStateMachineTaskThread-/0.0.0.0:15260-0 ] INFO  replication.ReplicationServer (ReplicationServer.java:start(142)) - ReplicationServer is started using port 15282
2024-03-11 08:39:59,670 [6d7ddd0a-4974-4c82-8247-9f057ff87999-EndpointStateMachineTaskThread-/0.0.0.0:15260-0 ] INFO  ratis.XceiverServerRatis (XceiverServerRatis.java:start(566)) - Starting XceiverServerRatis 6d7ddd0a-4974-4c82-8247-9f057ff87999
2024-03-11 08:39:59,671 [6d7ddd0a-4974-4c82-8247-9f057ff87999-EndpointStateMachineTaskThread-/0.0.0.0:15260-0 ] INFO  server.RaftServer (RaftServerProxy.java:startImpl(406)) - 6d7ddd0a-4974-4c82-8247-9f057ff87999: start RPC server
2024-03-11 08:39:59,671 [6d7ddd0a-4974-4c82-8247-9f057ff87999-EndpointStateMachineTaskThread-/0.0.0.0:15260-0 ] INFO  server.GrpcService (GrpcService.java:startImpl(302)) - 6d7ddd0a-4974-4c82-8247-9f057ff87999: GrpcService started, listening on 15278
2024-03-11 08:39:59,671 [6d7ddd0a-4974-4c82-8247-9f057ff87999-EndpointStateMachineTaskThread-/0.0.0.0:15260-0 ] INFO  server.GrpcService (GrpcService.java:startImpl(302)) - 6d7ddd0a-4974-4c82-8247-9f057ff87999: GrpcService started, listening on 15280
2024-03-11 08:39:59,671 [6d7ddd0a-4974-4c82-8247-9f057ff87999-EndpointStateMachineTaskThread-/0.0.0.0:15260-0 ] INFO  server.GrpcService (GrpcService.java:startImpl(302)) - 6d7ddd0a-4974-4c82-8247-9f057ff87999: GrpcService started, listening on 15279
2024-03-11 08:39:59,672 [6d7ddd0a-4974-4c82-8247-9f057ff87999-EndpointStateMachineTaskThread-/0.0.0.0:15260-0 ] INFO  ratis.XceiverServerRatis (XceiverServerRatis.java:getRealPort(592)) - XceiverServerRatis 6d7ddd0a-4974-4c82-8247-9f057ff87999 is started using port 15278 for RATIS
2024-03-11 08:39:59,672 [JvmPauseMonitor73] INFO  util.JvmPauseMonitor (JvmPauseMonitor.java:run(146)) - JvmPauseMonitor-6d7ddd0a-4974-4c82-8247-9f057ff87999: Started
2024-03-11 08:39:59,672 [6d7ddd0a-4974-4c82-8247-9f057ff87999-EndpointStateMachineTaskThread-/0.0.0.0:15260-0 ] INFO  ratis.XceiverServerRatis (XceiverServerRatis.java:getRealPort(592)) - XceiverServerRatis 6d7ddd0a-4974-4c82-8247-9f057ff87999 is started using port 15279 for RATIS_ADMIN
2024-03-11 08:39:59,672 [6d7ddd0a-4974-4c82-8247-9f057ff87999-EndpointStateMachineTaskThread-/0.0.0.0:15260-0 ] INFO  ratis.XceiverServerRatis (XceiverServerRatis.java:getRealPort(592)) - XceiverServerRatis 6d7ddd0a-4974-4c82-8247-9f057ff87999 is started using port 15280 for RATIS_SERVER
2024-03-11 08:39:59,672 [6d7ddd0a-4974-4c82-8247-9f057ff87999-EndpointStateMachineTaskThread-/0.0.0.0:15260-0 ] INFO  ratis.XceiverServerRatis (XceiverServerRatis.java:getRealPort(592)) - XceiverServerRatis 6d7ddd0a-4974-4c82-8247-9f057ff87999 is started using port 15281 for RATIS_DATASTREAM
2024-03-11 08:39:59,672 [6d7ddd0a-4974-4c82-8247-9f057ff87999-BlockDeletingService#0] INFO  interfaces.ContainerDeletionChoosingPolicyTemplate (ContainerDeletionChoosingPolicyTemplate.java:chooseContainerForBlockDeletion(85)) - Chosen 0/5000 blocks from 0 candidate containers.
2024-03-11 08:39:59,784 [ef4f6c43-595b-4c7c-bb14-559caeb18433-EndpointStateMachineTaskThread-/0.0.0.0:15260-0 ] INFO  utils.DatanodeStoreCache (DatanodeStoreCache.java:addDB(72)) - Added db /home/runner/work/ozone/ozone/hadoop-ozone/integration-test/target/test-dir/MiniOzoneClusterImpl-26b6f519-45de-438b-acbb-b19d352d9476/ozone-meta/datanode-2/data-0/hdds/26b6f519-45de-438b-acbb-b19d352d9476/DS-cffac0d3-0f7a-4d64-bed3-8ddf64da98e4/container.db to cache
2024-03-11 08:39:59,784 [ef4f6c43-595b-4c7c-bb14-559caeb18433-EndpointStateMachineTaskThread-/0.0.0.0:15260-0 ] INFO  volume.HddsVolume (HddsVolume.java:createDbStore(420)) - SchemaV3 db is created and loaded at /home/runner/work/ozone/ozone/hadoop-ozone/integration-test/target/test-dir/MiniOzoneClusterImpl-26b6f519-45de-438b-acbb-b19d352d9476/ozone-meta/datanode-2/data-0/hdds/26b6f519-45de-438b-acbb-b19d352d9476/DS-cffac0d3-0f7a-4d64-bed3-8ddf64da98e4/container.db for volume DS-cffac0d3-0f7a-4d64-bed3-8ddf64da98e4
2024-03-11 08:39:59,785 [ef4f6c43-595b-4c7c-bb14-559caeb18433-ContainerReader-0] INFO  ozoneimpl.ContainerReader (ContainerReader.java:readVolume(148)) - Start to verify containers on volume /home/runner/work/ozone/ozone/hadoop-ozone/integration-test/target/test-dir/MiniOzoneClusterImpl-26b6f519-45de-438b-acbb-b19d352d9476/ozone-meta/datanode-2/data-0/hdds
2024-03-11 08:39:59,785 [ef4f6c43-595b-4c7c-bb14-559caeb18433-ContainerReader-0] INFO  ozoneimpl.ContainerReader (ContainerReader.java:readVolume(178)) - Finish verifying containers on volume /home/runner/work/ozone/ozone/hadoop-ozone/integration-test/target/test-dir/MiniOzoneClusterImpl-26b6f519-45de-438b-acbb-b19d352d9476/ozone-meta/datanode-2/data-0/hdds
2024-03-11 08:39:59,785 [ef4f6c43-595b-4c7c-bb14-559caeb18433-EndpointStateMachineTaskThread-/0.0.0.0:15260-0 ] INFO  ozoneimpl.OzoneContainer (OzoneContainer.java:buildContainerSet(328)) - Build ContainerSet costs 0s
2024-03-11 08:39:59,785 [ef4f6c43-595b-4c7c-bb14-559caeb18433-EndpointStateMachineTaskThread-/0.0.0.0:15260-0 ] INFO  volume.ThrottledAsyncChecker (ThrottledAsyncChecker.java:schedule(141)) - Scheduling a check for /home/runner/work/ozone/ozone/hadoop-ozone/integration-test/target/test-dir/MiniOzoneClusterImpl-26b6f519-45de-438b-acbb-b19d352d9476/ozone-meta/datanode-2/data-0/hdds
2024-03-11 08:39:59,786 [ef4f6c43-595b-4c7c-bb14-559caeb18433-EndpointStateMachineTaskThread-/0.0.0.0:15260-0 ] INFO  volume.StorageVolumeChecker (StorageVolumeChecker.java:checkAllVolumes(218)) - Scheduled health check for volume /home/runner/work/ozone/ozone/hadoop-ozone/integration-test/target/test-dir/MiniOzoneClusterImpl-26b6f519-45de-438b-acbb-b19d352d9476/ozone-meta/datanode-2/data-0/hdds
2024-03-11 08:39:59,789 [ef4f6c43-595b-4c7c-bb14-559caeb18433-EndpointStateMachineTaskThread-/0.0.0.0:15260-0 ] INFO  volume.ThrottledAsyncChecker (ThrottledAsyncChecker.java:schedule(141)) - Scheduling a check for /home/runner/work/ozone/ozone/hadoop-ozone/integration-test/target/test-dir/MiniOzoneClusterImpl-26b6f519-45de-438b-acbb-b19d352d9476/ozone-meta/datanode-2/ratis
2024-03-11 08:39:59,789 [ef4f6c43-595b-4c7c-bb14-559caeb18433-EndpointStateMachineTaskThread-/0.0.0.0:15260-0 ] INFO  volume.StorageVolumeChecker (StorageVolumeChecker.java:checkAllVolumes(218)) - Scheduled health check for volume /home/runner/work/ozone/ozone/hadoop-ozone/integration-test/target/test-dir/MiniOzoneClusterImpl-26b6f519-45de-438b-acbb-b19d352d9476/ozone-meta/datanode-2/ratis
2024-03-11 08:39:59,790 [ef4f6c43-595b-4c7c-bb14-559caeb18433-EndpointStateMachineTaskThread-/0.0.0.0:15260-0 ] INFO  ozoneimpl.OzoneContainer (OzoneContainer.java:start(459)) - Attempting to start container services.
2024-03-11 08:39:59,790 [ef4f6c43-595b-4c7c-bb14-559caeb18433-EndpointStateMachineTaskThread-/0.0.0.0:15260-0 ] INFO  ozoneimpl.OzoneContainer (OzoneContainer.java:startContainerScrub(339)) - Scheduled background container scanners and the on-demand container scanner have been disabled.
2024-03-11 08:39:59,790 [ef4f6c43-595b-4c7c-bb14-559caeb18433-EndpointStateMachineTaskThread-/0.0.0.0:15260-0 ] INFO  replication.ReplicationServer (ReplicationServer.java:start(142)) - ReplicationServer is started using port 15291
2024-03-11 08:39:59,791 [ef4f6c43-595b-4c7c-bb14-559caeb18433-EndpointStateMachineTaskThread-/0.0.0.0:15260-0 ] INFO  ratis.XceiverServerRatis (XceiverServerRatis.java:start(566)) - Starting XceiverServerRatis ef4f6c43-595b-4c7c-bb14-559caeb18433
2024-03-11 08:39:59,791 [ef4f6c43-595b-4c7c-bb14-559caeb18433-EndpointStateMachineTaskThread-/0.0.0.0:15260-0 ] INFO  server.RaftServer (RaftServerProxy.java:startImpl(406)) - ef4f6c43-595b-4c7c-bb14-559caeb18433: start RPC server
2024-03-11 08:39:59,791 [ef4f6c43-595b-4c7c-bb14-559caeb18433-EndpointStateMachineTaskThread-/0.0.0.0:15260-0 ] INFO  server.GrpcService (GrpcService.java:startImpl(302)) - ef4f6c43-595b-4c7c-bb14-559caeb18433: GrpcService started, listening on 15287
2024-03-11 08:39:59,792 [ef4f6c43-595b-4c7c-bb14-559caeb18433-EndpointStateMachineTaskThread-/0.0.0.0:15260-0 ] INFO  server.GrpcService (GrpcService.java:startImpl(302)) - ef4f6c43-595b-4c7c-bb14-559caeb18433: GrpcService started, listening on 15289
2024-03-11 08:39:59,792 [ef4f6c43-595b-4c7c-bb14-559caeb18433-EndpointStateMachineTaskThread-/0.0.0.0:15260-0 ] INFO  server.GrpcService (GrpcService.java:startImpl(302)) - ef4f6c43-595b-4c7c-bb14-559caeb18433: GrpcService started, listening on 15288
2024-03-11 08:39:59,792 [ef4f6c43-595b-4c7c-bb14-559caeb18433-EndpointStateMachineTaskThread-/0.0.0.0:15260-0 ] INFO  ratis.XceiverServerRatis (XceiverServerRatis.java:getRealPort(592)) - XceiverServerRatis ef4f6c43-595b-4c7c-bb14-559caeb18433 is started using port 15287 for RATIS
2024-03-11 08:39:59,792 [JvmPauseMonitor74] INFO  util.JvmPauseMonitor (JvmPauseMonitor.java:run(146)) - JvmPauseMonitor-ef4f6c43-595b-4c7c-bb14-559caeb18433: Started
2024-03-11 08:39:59,792 [ef4f6c43-595b-4c7c-bb14-559caeb18433-EndpointStateMachineTaskThread-/0.0.0.0:15260-0 ] INFO  ratis.XceiverServerRatis (XceiverServerRatis.java:getRealPort(592)) - XceiverServerRatis ef4f6c43-595b-4c7c-bb14-559caeb18433 is started using port 15288 for RATIS_ADMIN
2024-03-11 08:39:59,792 [ef4f6c43-595b-4c7c-bb14-559caeb18433-EndpointStateMachineTaskThread-/0.0.0.0:15260-0 ] INFO  ratis.XceiverServerRatis (XceiverServerRatis.java:getRealPort(592)) - XceiverServerRatis ef4f6c43-595b-4c7c-bb14-559caeb18433 is started using port 15289 for RATIS_SERVER
2024-03-11 08:39:59,792 [ef4f6c43-595b-4c7c-bb14-559caeb18433-EndpointStateMachineTaskThread-/0.0.0.0:15260-0 ] INFO  ratis.XceiverServerRatis (XceiverServerRatis.java:getRealPort(592)) - XceiverServerRatis ef4f6c43-595b-4c7c-bb14-559caeb18433 is started using port 15290 for RATIS_DATASTREAM
2024-03-11 08:39:59,793 [ef4f6c43-595b-4c7c-bb14-559caeb18433-BlockDeletingService#0] INFO  interfaces.ContainerDeletionChoosingPolicyTemplate (ContainerDeletionChoosingPolicyTemplate.java:chooseContainerForBlockDeletion(85)) - Chosen 0/5000 blocks from 0 candidate containers.
2024-03-11 08:39:59,838 [main] INFO  ozone.MiniOzoneClusterImpl (MiniOzoneClusterImpl.java:lambda$waitForClusterToBeReady$0(194)) - Waiting for nodes to be ready. Got 0 of 3 DN Heartbeats.
2024-03-11 08:39:59,838 [main] INFO  ozone.MiniOzoneClusterImpl (MiniOzoneClusterImpl.java:lambda$waitForClusterToBeReady$0(197)) - Waiting for cluster to exit safe mode
2024-03-11 08:39:59,838 [main] INFO  ozone.MiniOzoneClusterImpl (MiniOzoneClusterImpl.java:lambda$waitForClusterToBeReady$0(199)) - SCM became leader
2024-03-11 08:39:59,862 [0d2e6bfc-4b34-47c2-8255-934200cb31cb-EndpointStateMachineTaskThread-/0.0.0.0:15260-0 ] INFO  utils.DatanodeStoreCache (DatanodeStoreCache.java:addDB(72)) - Added db /home/runner/work/ozone/ozone/hadoop-ozone/integration-test/target/test-dir/MiniOzoneClusterImpl-26b6f519-45de-438b-acbb-b19d352d9476/ozone-meta/datanode-3/data-0/hdds/26b6f519-45de-438b-acbb-b19d352d9476/DS-bfb505b0-c80c-493b-8a4c-369e531913ea/container.db to cache
2024-03-11 08:39:59,862 [0d2e6bfc-4b34-47c2-8255-934200cb31cb-EndpointStateMachineTaskThread-/0.0.0.0:15260-0 ] INFO  volume.HddsVolume (HddsVolume.java:createDbStore(420)) - SchemaV3 db is created and loaded at /home/runner/work/ozone/ozone/hadoop-ozone/integration-test/target/test-dir/MiniOzoneClusterImpl-26b6f519-45de-438b-acbb-b19d352d9476/ozone-meta/datanode-3/data-0/hdds/26b6f519-45de-438b-acbb-b19d352d9476/DS-bfb505b0-c80c-493b-8a4c-369e531913ea/container.db for volume DS-bfb505b0-c80c-493b-8a4c-369e531913ea
2024-03-11 08:39:59,864 [0d2e6bfc-4b34-47c2-8255-934200cb31cb-ContainerReader-0] INFO  ozoneimpl.ContainerReader (ContainerReader.java:readVolume(148)) - Start to verify containers on volume /home/runner/work/ozone/ozone/hadoop-ozone/integration-test/target/test-dir/MiniOzoneClusterImpl-26b6f519-45de-438b-acbb-b19d352d9476/ozone-meta/datanode-3/data-0/hdds
2024-03-11 08:39:59,864 [0d2e6bfc-4b34-47c2-8255-934200cb31cb-ContainerReader-0] INFO  ozoneimpl.ContainerReader (ContainerReader.java:readVolume(178)) - Finish verifying containers on volume /home/runner/work/ozone/ozone/hadoop-ozone/integration-test/target/test-dir/MiniOzoneClusterImpl-26b6f519-45de-438b-acbb-b19d352d9476/ozone-meta/datanode-3/data-0/hdds
2024-03-11 08:39:59,864 [0d2e6bfc-4b34-47c2-8255-934200cb31cb-EndpointStateMachineTaskThread-/0.0.0.0:15260-0 ] INFO  ozoneimpl.OzoneContainer (OzoneContainer.java:buildContainerSet(328)) - Build ContainerSet costs 0s
2024-03-11 08:39:59,864 [0d2e6bfc-4b34-47c2-8255-934200cb31cb-EndpointStateMachineTaskThread-/0.0.0.0:15260-0 ] INFO  volume.ThrottledAsyncChecker (ThrottledAsyncChecker.java:schedule(141)) - Scheduling a check for /home/runner/work/ozone/ozone/hadoop-ozone/integration-test/target/test-dir/MiniOzoneClusterImpl-26b6f519-45de-438b-acbb-b19d352d9476/ozone-meta/datanode-3/data-0/hdds
2024-03-11 08:39:59,864 [0d2e6bfc-4b34-47c2-8255-934200cb31cb-EndpointStateMachineTaskThread-/0.0.0.0:15260-0 ] INFO  volume.StorageVolumeChecker (StorageVolumeChecker.java:checkAllVolumes(218)) - Scheduled health check for volume /home/runner/work/ozone/ozone/hadoop-ozone/integration-test/target/test-dir/MiniOzoneClusterImpl-26b6f519-45de-438b-acbb-b19d352d9476/ozone-meta/datanode-3/data-0/hdds
2024-03-11 08:39:59,865 [0d2e6bfc-4b34-47c2-8255-934200cb31cb-EndpointStateMachineTaskThread-/0.0.0.0:15260-0 ] INFO  volume.ThrottledAsyncChecker (ThrottledAsyncChecker.java:schedule(141)) - Scheduling a check for /home/runner/work/ozone/ozone/hadoop-ozone/integration-test/target/test-dir/MiniOzoneClusterImpl-26b6f519-45de-438b-acbb-b19d352d9476/ozone-meta/datanode-3/ratis
2024-03-11 08:39:59,866 [0d2e6bfc-4b34-47c2-8255-934200cb31cb-EndpointStateMachineTaskThread-/0.0.0.0:15260-0 ] INFO  volume.StorageVolumeChecker (StorageVolumeChecker.java:checkAllVolumes(218)) - Scheduled health check for volume /home/runner/work/ozone/ozone/hadoop-ozone/integration-test/target/test-dir/MiniOzoneClusterImpl-26b6f519-45de-438b-acbb-b19d352d9476/ozone-meta/datanode-3/ratis
2024-03-11 08:39:59,866 [0d2e6bfc-4b34-47c2-8255-934200cb31cb-EndpointStateMachineTaskThread-/0.0.0.0:15260-0 ] INFO  ozoneimpl.OzoneContainer (OzoneContainer.java:start(459)) - Attempting to start container services.
2024-03-11 08:39:59,866 [0d2e6bfc-4b34-47c2-8255-934200cb31cb-EndpointStateMachineTaskThread-/0.0.0.0:15260-0 ] INFO  ozoneimpl.OzoneContainer (OzoneContainer.java:startContainerScrub(339)) - Scheduled background container scanners and the on-demand container scanner have been disabled.
2024-03-11 08:39:59,867 [0d2e6bfc-4b34-47c2-8255-934200cb31cb-EndpointStateMachineTaskThread-/0.0.0.0:15260-0 ] INFO  replication.ReplicationServer (ReplicationServer.java:start(142)) - ReplicationServer is started using port 15300
2024-03-11 08:39:59,867 [0d2e6bfc-4b34-47c2-8255-934200cb31cb-EndpointStateMachineTaskThread-/0.0.0.0:15260-0 ] INFO  ratis.XceiverServerRatis (XceiverServerRatis.java:start(566)) - Starting XceiverServerRatis 0d2e6bfc-4b34-47c2-8255-934200cb31cb
2024-03-11 08:39:59,867 [0d2e6bfc-4b34-47c2-8255-934200cb31cb-EndpointStateMachineTaskThread-/0.0.0.0:15260-0 ] INFO  server.RaftServer (RaftServerProxy.java:startImpl(406)) - 0d2e6bfc-4b34-47c2-8255-934200cb31cb: start RPC server
2024-03-11 08:39:59,867 [0d2e6bfc-4b34-47c2-8255-934200cb31cb-EndpointStateMachineTaskThread-/0.0.0.0:15260-0 ] INFO  server.GrpcService (GrpcService.java:startImpl(302)) - 0d2e6bfc-4b34-47c2-8255-934200cb31cb: GrpcService started, listening on 15296
2024-03-11 08:39:59,867 [0d2e6bfc-4b34-47c2-8255-934200cb31cb-EndpointStateMachineTaskThread-/0.0.0.0:15260-0 ] INFO  server.GrpcService (GrpcService.java:startImpl(302)) - 0d2e6bfc-4b34-47c2-8255-934200cb31cb: GrpcService started, listening on 15298
2024-03-11 08:39:59,868 [0d2e6bfc-4b34-47c2-8255-934200cb31cb-EndpointStateMachineTaskThread-/0.0.0.0:15260-0 ] INFO  server.GrpcService (GrpcService.java:startImpl(302)) - 0d2e6bfc-4b34-47c2-8255-934200cb31cb: GrpcService started, listening on 15297
2024-03-11 08:39:59,868 [0d2e6bfc-4b34-47c2-8255-934200cb31cb-EndpointStateMachineTaskThread-/0.0.0.0:15260-0 ] INFO  ratis.XceiverServerRatis (XceiverServerRatis.java:getRealPort(592)) - XceiverServerRatis 0d2e6bfc-4b34-47c2-8255-934200cb31cb is started using port 15296 for RATIS
2024-03-11 08:39:59,868 [JvmPauseMonitor75] INFO  util.JvmPauseMonitor (JvmPauseMonitor.java:run(146)) - JvmPauseMonitor-0d2e6bfc-4b34-47c2-8255-934200cb31cb: Started
2024-03-11 08:39:59,868 [0d2e6bfc-4b34-47c2-8255-934200cb31cb-EndpointStateMachineTaskThread-/0.0.0.0:15260-0 ] INFO  ratis.XceiverServerRatis (XceiverServerRatis.java:getRealPort(592)) - XceiverServerRatis 0d2e6bfc-4b34-47c2-8255-934200cb31cb is started using port 15297 for RATIS_ADMIN
2024-03-11 08:39:59,868 [0d2e6bfc-4b34-47c2-8255-934200cb31cb-EndpointStateMachineTaskThread-/0.0.0.0:15260-0 ] INFO  ratis.XceiverServerRatis (XceiverServerRatis.java:getRealPort(592)) - XceiverServerRatis 0d2e6bfc-4b34-47c2-8255-934200cb31cb is started using port 15298 for RATIS_SERVER
2024-03-11 08:39:59,868 [0d2e6bfc-4b34-47c2-8255-934200cb31cb-EndpointStateMachineTaskThread-/0.0.0.0:15260-0 ] INFO  ratis.XceiverServerRatis (XceiverServerRatis.java:getRealPort(592)) - XceiverServerRatis 0d2e6bfc-4b34-47c2-8255-934200cb31cb is started using port 15299 for RATIS_DATASTREAM
2024-03-11 08:39:59,869 [0d2e6bfc-4b34-47c2-8255-934200cb31cb-BlockDeletingService#0] INFO  interfaces.ContainerDeletionChoosingPolicyTemplate (ContainerDeletionChoosingPolicyTemplate.java:chooseContainerForBlockDeletion(85)) - Chosen 0/5000 blocks from 0 candidate containers.
2024-03-11 08:40:00,838 [main] INFO  ozone.MiniOzoneClusterImpl (MiniOzoneClusterImpl.java:lambda$waitForClusterToBeReady$0(194)) - Waiting for nodes to be ready. Got 0 of 3 DN Heartbeats.
2024-03-11 08:40:00,838 [main] INFO  ozone.MiniOzoneClusterImpl (MiniOzoneClusterImpl.java:lambda$waitForClusterToBeReady$0(197)) - Waiting for cluster to exit safe mode
2024-03-11 08:40:00,839 [main] INFO  ozone.MiniOzoneClusterImpl (MiniOzoneClusterImpl.java:lambda$waitForClusterToBeReady$0(199)) - SCM became leader
2024-03-11 08:40:01,642 [IPC Server handler 0 on default port 15260] INFO  net.NetworkTopologyImpl (NetworkTopologyImpl.java:add(133)) - Added a new node: /default-rack/6d7ddd0a-4974-4c82-8247-9f057ff87999
2024-03-11 08:40:01,643 [IPC Server handler 0 on default port 15260] INFO  node.SCMNodeManager (SCMNodeManager.java:register(421)) - Registered datanode: 6d7ddd0a-4974-4c82-8247-9f057ff87999{ip: 10.1.0.9, host: fv-az1250-130.ebmzynhy2g4u3nwuixrszff3we.cx.internal.cloudapp.net, ports: [HTTP=15275, CLIENT_RPC=15276, REPLICATION=15282, RATIS=15278, RATIS_ADMIN=15279, RATIS_SERVER=15280, RATIS_DATASTREAM=15281, STANDALONE=15277], networkLocation: /default-rack, certSerialId: null, persistedOpState: null, persistedOpStateExpiryEpochSec: 0}
2024-03-11 08:40:01,645 [EventQueue-NewNodeForNewNodeHandler] INFO  pipeline.BackgroundPipelineCreator (BackgroundPipelineCreator.java:notifyEventTriggered(280)) - trigger a one-shot run on RatisPipelineUtilsThread.
2024-03-11 08:40:01,646 [RatisPipelineUtilsThread-0] INFO  pipeline.RatisPipelineProvider (RatisPipelineProvider.java:lambda$create$0(205)) - Sending CreatePipelineCommand for pipeline:PipelineID=dea3a003-9430-4ecd-aa40-e70e28bd80be to datanode:6d7ddd0a-4974-4c82-8247-9f057ff87999
2024-03-11 08:40:01,646 [EventQueue-NodeRegistrationContainerReportForContainerSafeModeRule] INFO  safemode.SCMSafeModeManager (SCMSafeModeManager.java:validateSafeModeExitRules(200)) - ContainerSafeModeRule rule is successfully validated
2024-03-11 08:40:01,646 [EventQueue-NodeRegistrationContainerReportForDataNodeSafeModeRule] INFO  safemode.SCMSafeModeManager (DataNodeSafeModeRule.java:process(71)) - SCM in safe mode. 1 DataNodes registered, 3 required.
2024-03-11 08:40:01,647 [RatisPipelineUtilsThread-0] INFO  pipeline.BackgroundPipelineCreator (BackgroundPipelineCreator.java:createPipelines(236)) - Created new pipeline Pipeline[ Id: dea3a003-9430-4ecd-aa40-e70e28bd80be, Nodes: 6d7ddd0a-4974-4c82-8247-9f057ff87999(fv-az1250-130.ebmzynhy2g4u3nwuixrszff3we.cx.internal.cloudapp.net/10.1.0.9), ReplicationConfig: RATIS/ONE, State:ALLOCATED, leaderId:, CreationTimestamp2024-03-11T08:40:01.646Z[Etc/UTC]]
2024-03-11 08:40:01,648 [EventQueue-PipelineReportForOneReplicaPipelineSafeModeRule] INFO  safemode.SCMSafeModeManager (SCMSafeModeManager.java:validateSafeModeExitRules(200)) - AtleastOneDatanodeReportedRule rule is successfully validated
2024-03-11 08:40:01,760 [IPC Server handler 1 on default port 15260] INFO  net.NetworkTopologyImpl (NetworkTopologyImpl.java:add(133)) - Added a new node: /default-rack/ef4f6c43-595b-4c7c-bb14-559caeb18433
2024-03-11 08:40:01,760 [IPC Server handler 1 on default port 15260] INFO  node.SCMNodeManager (SCMNodeManager.java:register(421)) - Registered datanode: ef4f6c43-595b-4c7c-bb14-559caeb18433{ip: 10.1.0.9, host: fv-az1250-130.ebmzynhy2g4u3nwuixrszff3we.cx.internal.cloudapp.net, ports: [HTTP=15284, CLIENT_RPC=15285, REPLICATION=15291, RATIS=15287, RATIS_ADMIN=15288, RATIS_SERVER=15289, RATIS_DATASTREAM=15290, STANDALONE=15286], networkLocation: /default-rack, certSerialId: null, persistedOpState: null, persistedOpStateExpiryEpochSec: 0}
2024-03-11 08:40:01,760 [EventQueue-NewNodeForNewNodeHandler] INFO  pipeline.BackgroundPipelineCreator (BackgroundPipelineCreator.java:notifyEventTriggered(280)) - trigger a one-shot run on RatisPipelineUtilsThread.
2024-03-11 08:40:01,760 [EventQueue-NodeRegistrationContainerReportForDataNodeSafeModeRule] INFO  safemode.SCMSafeModeManager (DataNodeSafeModeRule.java:process(71)) - SCM in safe mode. 2 DataNodes registered, 3 required.
2024-03-11 08:40:01,761 [RatisPipelineUtilsThread-0] INFO  pipeline.RatisPipelineProvider (RatisPipelineProvider.java:lambda$create$0(205)) - Sending CreatePipelineCommand for pipeline:PipelineID=89aa6cdb-e208-4b1a-953b-e93ad798a57a to datanode:ef4f6c43-595b-4c7c-bb14-559caeb18433
2024-03-11 08:40:01,761 [RatisPipelineUtilsThread-0] INFO  pipeline.BackgroundPipelineCreator (BackgroundPipelineCreator.java:createPipelines(236)) - Created new pipeline Pipeline[ Id: 89aa6cdb-e208-4b1a-953b-e93ad798a57a, Nodes: ef4f6c43-595b-4c7c-bb14-559caeb18433(fv-az1250-130.ebmzynhy2g4u3nwuixrszff3we.cx.internal.cloudapp.net/10.1.0.9), ReplicationConfig: RATIS/ONE, State:ALLOCATED, leaderId:, CreationTimestamp2024-03-11T08:40:01.761Z[Etc/UTC]]
2024-03-11 08:40:01,839 [main] INFO  ozone.MiniOzoneClusterImpl (MiniOzoneClusterImpl.java:lambda$waitForClusterToBeReady$0(194)) - Waiting for nodes to be ready. Got 2 of 3 DN Heartbeats.
2024-03-11 08:40:01,839 [main] INFO  ozone.MiniOzoneClusterImpl (MiniOzoneClusterImpl.java:lambda$waitForClusterToBeReady$0(197)) - Waiting for cluster to exit safe mode
2024-03-11 08:40:01,839 [main] INFO  ozone.MiniOzoneClusterImpl (MiniOzoneClusterImpl.java:lambda$waitForClusterToBeReady$0(199)) - SCM became leader
2024-03-11 08:40:01,841 [IPC Server handler 4 on default port 15260] INFO  net.NetworkTopologyImpl (NetworkTopologyImpl.java:add(133)) - Added a new node: /default-rack/0d2e6bfc-4b34-47c2-8255-934200cb31cb
2024-03-11 08:40:01,841 [IPC Server handler 4 on default port 15260] INFO  node.SCMNodeManager (SCMNodeManager.java:register(421)) - Registered datanode: 0d2e6bfc-4b34-47c2-8255-934200cb31cb{ip: 10.1.0.9, host: fv-az1250-130.ebmzynhy2g4u3nwuixrszff3we.cx.internal.cloudapp.net, ports: [HTTP=15293, CLIENT_RPC=15294, REPLICATION=15300, RATIS=15296, RATIS_ADMIN=15297, RATIS_SERVER=15298, RATIS_DATASTREAM=15299, STANDALONE=15295], networkLocation: /default-rack, certSerialId: null, persistedOpState: null, persistedOpStateExpiryEpochSec: 0}
2024-03-11 08:40:01,842 [EventQueue-NodeRegistrationContainerReportForDataNodeSafeModeRule] INFO  safemode.SCMSafeModeManager (DataNodeSafeModeRule.java:process(71)) - SCM in safe mode. 3 DataNodes registered, 3 required.
2024-03-11 08:40:01,842 [EventQueue-NodeRegistrationContainerReportForDataNodeSafeModeRule] INFO  safemode.SCMSafeModeManager (SCMSafeModeManager.java:validateSafeModeExitRules(200)) - DataNodeSafeModeRule rule is successfully validated
2024-03-11 08:40:01,842 [EventQueue-NodeRegistrationContainerReportForDataNodeSafeModeRule] INFO  safemode.SCMSafeModeManager (SCMSafeModeManager.java:completePreCheck(229)) - All SCM safe mode pre check rules have passed
2024-03-11 08:40:01,842 [EventQueue-NewNodeForNewNodeHandler] INFO  pipeline.BackgroundPipelineCreator (BackgroundPipelineCreator.java:notifyEventTriggered(280)) - trigger a one-shot run on RatisPipelineUtilsThread.
2024-03-11 08:40:01,842 [EventQueue-NodeRegistrationContainerReportForDataNodeSafeModeRule] INFO  ha.SCMContext (SCMContext.java:updateSafeModeStatus(225)) - Update SafeModeStatus from SafeModeStatus{safeModeStatus=true, preCheckPassed=false} to SafeModeStatus{safeModeStatus=true, preCheckPassed=true}.
2024-03-11 08:40:01,842 [EventQueue-NodeRegistrationContainerReportForDataNodeSafeModeRule] INFO  pipeline.BackgroundPipelineCreator (BackgroundPipelineCreator.java:notifyEventTriggered(280)) - trigger a one-shot run on RatisPipelineUtilsThread.
2024-03-11 08:40:01,843 [RatisPipelineUtilsThread-0] INFO  pipeline.RatisPipelineProvider (RatisPipelineProvider.java:lambda$create$0(205)) - Sending CreatePipelineCommand for pipeline:PipelineID=740af770-9330-4dae-ac97-1a13e80eabfa to datanode:0d2e6bfc-4b34-47c2-8255-934200cb31cb
2024-03-11 08:40:01,843 [RatisPipelineUtilsThread-0] INFO  pipeline.BackgroundPipelineCreator (BackgroundPipelineCreator.java:createPipelines(236)) - Created new pipeline Pipeline[ Id: 740af770-9330-4dae-ac97-1a13e80eabfa, Nodes: 0d2e6bfc-4b34-47c2-8255-934200cb31cb(fv-az1250-130.ebmzynhy2g4u3nwuixrszff3we.cx.internal.cloudapp.net/10.1.0.9), ReplicationConfig: RATIS/ONE, State:ALLOCATED, leaderId:, CreationTimestamp2024-03-11T08:40:01.843Z[Etc/UTC]]
2024-03-11 08:40:01,843 [RatisPipelineUtilsThread-0] INFO  pipeline.RatisPipelineProvider (RatisPipelineProvider.java:lambda$create$0(205)) - Sending CreatePipelineCommand for pipeline:PipelineID=c5eba13f-bd1a-4230-bb41-f2bb8bafbdb9 to datanode:6d7ddd0a-4974-4c82-8247-9f057ff87999
2024-03-11 08:40:01,843 [RatisPipelineUtilsThread-0] INFO  pipeline.RatisPipelineProvider (RatisPipelineProvider.java:lambda$create$0(205)) - Sending CreatePipelineCommand for pipeline:PipelineID=c5eba13f-bd1a-4230-bb41-f2bb8bafbdb9 to datanode:0d2e6bfc-4b34-47c2-8255-934200cb31cb
2024-03-11 08:40:01,843 [RatisPipelineUtilsThread-0] INFO  pipeline.RatisPipelineProvider (RatisPipelineProvider.java:lambda$create$0(205)) - Sending CreatePipelineCommand for pipeline:PipelineID=c5eba13f-bd1a-4230-bb41-f2bb8bafbdb9 to datanode:ef4f6c43-595b-4c7c-bb14-559caeb18433
2024-03-11 08:40:01,844 [RatisPipelineUtilsThread-0] INFO  pipeline.BackgroundPipelineCreator (BackgroundPipelineCreator.java:createPipelines(236)) - Created new pipeline Pipeline[ Id: c5eba13f-bd1a-4230-bb41-f2bb8bafbdb9, Nodes: 6d7ddd0a-4974-4c82-8247-9f057ff87999(fv-az1250-130.ebmzynhy2g4u3nwuixrszff3we.cx.internal.cloudapp.net/10.1.0.9)0d2e6bfc-4b34-47c2-8255-934200cb31cb(fv-az1250-130.ebmzynhy2g4u3nwuixrszff3we.cx.internal.cloudapp.net/10.1.0.9)ef4f6c43-595b-4c7c-bb14-559caeb18433(fv-az1250-130.ebmzynhy2g4u3nwuixrszff3we.cx.internal.cloudapp.net/10.1.0.9), ReplicationConfig: RATIS/THREE, State:ALLOCATED, leaderId:, CreationTimestamp2024-03-11T08:40:01.843Z[Etc/UTC]]
2024-03-11 08:40:01,844 [RatisPipelineUtilsThread-0] INFO  pipeline.RatisPipelineProvider (RatisPipelineProvider.java:lambda$create$0(205)) - Sending CreatePipelineCommand for pipeline:PipelineID=4ad7f43a-4eea-4b14-ab2d-ef145c36f503 to datanode:ef4f6c43-595b-4c7c-bb14-559caeb18433
2024-03-11 08:40:01,844 [RatisPipelineUtilsThread-0] INFO  pipeline.RatisPipelineProvider (RatisPipelineProvider.java:lambda$create$0(205)) - Sending CreatePipelineCommand for pipeline:PipelineID=4ad7f43a-4eea-4b14-ab2d-ef145c36f503 to datanode:0d2e6bfc-4b34-47c2-8255-934200cb31cb
2024-03-11 08:40:01,844 [RatisPipelineUtilsThread-0] INFO  pipeline.RatisPipelineProvider (RatisPipelineProvider.java:lambda$create$0(205)) - Sending CreatePipelineCommand for pipeline:PipelineID=4ad7f43a-4eea-4b14-ab2d-ef145c36f503 to datanode:6d7ddd0a-4974-4c82-8247-9f057ff87999
2024-03-11 08:40:01,845 [RatisPipelineUtilsThread-0] INFO  pipeline.PipelineManagerImpl (PipelineManagerImpl.java:recordMetricsForPipeline(916)) - Pipeline: PipelineID=4ad7f43a-4eea-4b14-ab2d-ef145c36f503 contains same datanodes as previous pipelines: PipelineID=c5eba13f-bd1a-4230-bb41-f2bb8bafbdb9 nodeIds: ef4f6c43-595b-4c7c-bb14-559caeb18433, 0d2e6bfc-4b34-47c2-8255-934200cb31cb, 6d7ddd0a-4974-4c82-8247-9f057ff87999
2024-03-11 08:40:01,845 [RatisPipelineUtilsThread-0] INFO  pipeline.BackgroundPipelineCreator (BackgroundPipelineCreator.java:createPipelines(236)) - Created new pipeline Pipeline[ Id: 4ad7f43a-4eea-4b14-ab2d-ef145c36f503, Nodes: ef4f6c43-595b-4c7c-bb14-559caeb18433(fv-az1250-130.ebmzynhy2g4u3nwuixrszff3we.cx.internal.cloudapp.net/10.1.0.9)0d2e6bfc-4b34-47c2-8255-934200cb31cb(fv-az1250-130.ebmzynhy2g4u3nwuixrszff3we.cx.internal.cloudapp.net/10.1.0.9)6d7ddd0a-4974-4c82-8247-9f057ff87999(fv-az1250-130.ebmzynhy2g4u3nwuixrszff3we.cx.internal.cloudapp.net/10.1.0.9), ReplicationConfig: RATIS/THREE, State:ALLOCATED, leaderId:, CreationTimestamp2024-03-11T08:40:01.844Z[Etc/UTC]]
2024-03-11 08:40:02,839 [main] INFO  ozone.MiniOzoneClusterImpl (MiniOzoneClusterImpl.java:lambda$waitForClusterToBeReady$0(194)) - Nodes are ready. Got 3 of 3 DN Heartbeats.
2024-03-11 08:40:02,839 [main] INFO  ozone.MiniOzoneClusterImpl (MiniOzoneClusterImpl.java:lambda$waitForClusterToBeReady$0(197)) - Waiting for cluster to exit safe mode
2024-03-11 08:40:02,840 [main] INFO  ozone.MiniOzoneClusterImpl (MiniOzoneClusterImpl.java:lambda$waitForClusterToBeReady$0(199)) - SCM became leader
2024-03-11 08:40:03,840 [main] INFO  ozone.MiniOzoneClusterImpl (MiniOzoneClusterImpl.java:lambda$waitForClusterToBeReady$0(194)) - Nodes are ready. Got 3 of 3 DN Heartbeats.
2024-03-11 08:40:03,840 [main] INFO  ozone.MiniOzoneClusterImpl (MiniOzoneClusterImpl.java:lambda$waitForClusterToBeReady$0(197)) - Waiting for cluster to exit safe mode
2024-03-11 08:40:03,840 [main] INFO  ozone.MiniOzoneClusterImpl (MiniOzoneClusterImpl.java:lambda$waitForClusterToBeReady$0(199)) - SCM became leader
2024-03-11 08:40:04,643 [6d7ddd0a-4974-4c82-8247-9f057ff87999-PipelineCommandHandlerThread-0] INFO  server.RaftServer (RaftServerProxy.java:addNew(100)) - 6d7ddd0a-4974-4c82-8247-9f057ff87999: addNew group-E70E28BD80BE:[6d7ddd0a-4974-4c82-8247-9f057ff87999|10.1.0.9:15280] returns group-E70E28BD80BE:java.util.concurrent.CompletableFuture@34133129[Not completed]
2024-03-11 08:40:04,643 [6d7ddd0a-4974-4c82-8247-9f057ff87999-groupManagement] INFO  server.RaftServer$Division (RaftServerImpl.java:<init>(256)) - 6d7ddd0a-4974-4c82-8247-9f057ff87999: new RaftServerImpl for group-E70E28BD80BE:[6d7ddd0a-4974-4c82-8247-9f057ff87999|10.1.0.9:15280] with ContainerStateMachine:uninitialized
2024-03-11 08:40:04,643 [6d7ddd0a-4974-4c82-8247-9f057ff87999-groupManagement] INFO  server.RaftServerConfigKeys (ConfUtils.java:logGet(46)) - raft.server.rpc.timeout.min = 5s (custom)
2024-03-11 08:40:04,644 [6d7ddd0a-4974-4c82-8247-9f057ff87999-groupManagement] INFO  server.RaftServerConfigKeys (ConfUtils.java:logGet(46)) - raft.server.rpc.timeout.max = 5200ms (custom)
2024-03-11 08:40:04,644 [6d7ddd0a-4974-4c82-8247-9f057ff87999-groupManagement] INFO  server.RaftServerConfigKeys (ConfUtils.java:logGet(46)) - raft.server.rpc.sleep.time = 25ms (default)
2024-03-11 08:40:04,644 [6d7ddd0a-4974-4c82-8247-9f057ff87999-groupManagement] INFO  server.RaftServerConfigKeys (ConfUtils.java:logGet(46)) - raft.server.rpc.slowness.timeout = 300s (custom)
2024-03-11 08:40:04,644 [6d7ddd0a-4974-4c82-8247-9f057ff87999-groupManagement] INFO  server.RaftServerConfigKeys (ConfUtils.java:logGet(46)) - raft.server.leaderelection.leader.step-down.wait-time = 10s (default)
2024-03-11 08:40:04,644 [6d7ddd0a-4974-4c82-8247-9f057ff87999-groupManagement] INFO  server.RaftServerConfigKeys (ConfUtils.java:logGet(46)) - raft.server.leaderelection.member.majority-add = false (default)
2024-03-11 08:40:04,644 [6d7ddd0a-4974-4c82-8247-9f057ff87999-groupManagement] INFO  server.RaftServerConfigKeys (ConfUtils.java:logGet(46)) - raft.server.sleep.deviation.threshold = 300ms (default)
2024-03-11 08:40:04,644 [6d7ddd0a-4974-4c82-8247-9f057ff87999-groupManagement] INFO  server.RaftServer$Division (ServerState.java:<init>(113)) - 6d7ddd0a-4974-4c82-8247-9f057ff87999@group-E70E28BD80BE: ConfigurationManager, init=-1: peers:[6d7ddd0a-4974-4c82-8247-9f057ff87999|10.1.0.9:15280]|listeners:[], old=null, confs=<EMPTY_MAP>
2024-03-11 08:40:04,644 [6d7ddd0a-4974-4c82-8247-9f057ff87999-groupManagement] INFO  server.RaftServerConfigKeys (ConfUtils.java:logGet(46)) - raft.server.notification.no-leader.timeout = 300s (custom)
2024-03-11 08:40:04,644 [6d7ddd0a-4974-4c82-8247-9f057ff87999-groupManagement] INFO  server.RaftServerConfigKeys (ConfUtils.java:logGet(46)) - raft.server.read.timeout = 10s (default)
2024-03-11 08:40:04,644 [6d7ddd0a-4974-4c82-8247-9f057ff87999-groupManagement] INFO  server.RaftServerConfigKeys (ConfUtils.java:logGet(46)) - raft.server.retrycache.expirytime = 600000ms (custom)
2024-03-11 08:40:04,644 [6d7ddd0a-4974-4c82-8247-9f057ff87999-groupManagement] INFO  server.RaftServerConfigKeys (ConfUtils.java:logGet(46)) - raft.server.retrycache.statistics.expirytime = 100ms (default)
2024-03-11 08:40:04,644 [6d7ddd0a-4974-4c82-8247-9f057ff87999-groupManagement] INFO  server.RaftServerConfigKeys (ConfUtils.java:logGet(46)) - raft.server.read.option = DEFAULT (default)
2024-03-11 08:40:04,644 [6d7ddd0a-4974-4c82-8247-9f057ff87999-groupManagement] INFO  server.RaftServerConfigKeys (ConfUtils.java:logGet(46)) - raft.server.read.read-after-write-consistent.write-index-cache.expiry-time = 60s (default)
2024-03-11 08:40:04,645 [6d7ddd0a-4974-4c82-8247-9f057ff87999-groupManagement] INFO  server.RaftServerConfigKeys (ConfUtils.java:logGet(46)) - raft.server.rpc.request.timeout = 60s (custom)
2024-03-11 08:40:04,645 [6d7ddd0a-4974-4c82-8247-9f057ff87999-groupManagement] INFO  server.RaftServerConfigKeys (ConfUtils.java:logGet(46)) - raft.server.log.appender.install.snapshot.enabled = false (custom)
2024-03-11 08:40:04,645 [6d7ddd0a-4974-4c82-8247-9f057ff87999-groupManagement] INFO  server.RaftServerConfigKeys (ConfUtils.java:logGet(46)) - raft.server.threadpool.server.cached = true (default)
2024-03-11 08:40:04,645 [6d7ddd0a-4974-4c82-8247-9f057ff87999-groupManagement] INFO  server.RaftServerConfigKeys (ConfUtils.java:logGet(46)) - raft.server.threadpool.server.size = 0 (default)
2024-03-11 08:40:04,646 [6d7ddd0a-4974-4c82-8247-9f057ff87999-groupManagement] INFO  server.RaftServerConfigKeys (ConfUtils.java:logGet(46)) - raft.server.threadpool.client.cached = true (default)
2024-03-11 08:40:04,646 [6d7ddd0a-4974-4c82-8247-9f057ff87999-groupManagement] INFO  server.RaftServerConfigKeys (ConfUtils.java:logGet(46)) - raft.server.threadpool.client.size = 0 (default)
2024-03-11 08:40:04,646 [6d7ddd0a-4974-4c82-8247-9f057ff87999-groupManagement] INFO  server.RaftServerConfigKeys (ConfUtils.java:logGet(46)) - raft.server.storage.free-space.min = 0MB (=0) (default)
2024-03-11 08:40:04,646 [6d7ddd0a-4974-4c82-8247-9f057ff87999-groupManagement] INFO  server.RaftServerConfigKeys (ConfUtils.java:logGet(46)) - raft.server.log.corruption.policy = EXCEPTION (default)
2024-03-11 08:40:04,646 [6d7ddd0a-4974-4c82-8247-9f057ff87999-groupManagement] INFO  server.RaftServerConfigKeys (ConfUtils.java:logGet(46)) - raft.server.storage.dir = [/home/runner/work/ozone/ozone/hadoop-ozone/integration-test/target/test-dir/MiniOzoneClusterImpl-26b6f519-45de-438b-acbb-b19d352d9476/ozone-meta/datanode-1/ratis] (custom)
2024-03-11 08:40:04,646 [6d7ddd0a-4974-4c82-8247-9f057ff87999-groupManagement] INFO  storage.RaftStorageDirectory (RaftStorageDirectoryImpl.java:analyzeStorage(138)) - The storage directory /home/runner/work/ozone/ozone/hadoop-ozone/integration-test/target/test-dir/MiniOzoneClusterImpl-26b6f519-45de-438b-acbb-b19d352d9476/ozone-meta/datanode-1/ratis/dea3a003-9430-4ecd-aa40-e70e28bd80be does not exist. Creating ...
2024-03-11 08:40:04,647 [6d7ddd0a-4974-4c82-8247-9f057ff87999-groupManagement] INFO  storage.RaftStorageDirectory (RaftStorageDirectoryImpl.java:tryLock(228)) - Lock on /home/runner/work/ozone/ozone/hadoop-ozone/integration-test/target/test-dir/MiniOzoneClusterImpl-26b6f519-45de-438b-acbb-b19d352d9476/ozone-meta/datanode-1/ratis/dea3a003-9430-4ecd-aa40-e70e28bd80be/in_use.lock acquired by nodename 48108@fv-az1250-130
2024-03-11 08:40:04,648 [6d7ddd0a-4974-4c82-8247-9f057ff87999-groupManagement] INFO  storage.RaftStorage (RaftStorageImpl.java:format(99)) - Storage directory /home/runner/work/ozone/ozone/hadoop-ozone/integration-test/target/test-dir/MiniOzoneClusterImpl-26b6f519-45de-438b-acbb-b19d352d9476/ozone-meta/datanode-1/ratis/dea3a003-9430-4ecd-aa40-e70e28bd80be has been successfully formatted.
2024-03-11 08:40:04,648 [6d7ddd0a-4974-4c82-8247-9f057ff87999-groupManagement] WARN  util.FileUtils (LogUtils.java:supplyAndLog(63)) - Failed to Files.newInputStream /home/runner/work/ozone/ozone/hadoop-ozone/integration-test/target/test-dir/MiniOzoneClusterImpl-26b6f519-45de-438b-acbb-b19d352d9476/ozone-meta/datanode-1/ratis/dea3a003-9430-4ecd-aa40-e70e28bd80be/current/raft-meta.conf with options []: java.nio.file.NoSuchFileException: /home/runner/work/ozone/ozone/hadoop-ozone/integration-test/target/test-dir/MiniOzoneClusterImpl-26b6f519-45de-438b-acbb-b19d352d9476/ozone-meta/datanode-1/ratis/dea3a003-9430-4ecd-aa40-e70e28bd80be/current/raft-meta.conf
2024-03-11 08:40:04,649 [6d7ddd0a-4974-4c82-8247-9f057ff87999-groupManagement] INFO  ratis.ContainerStateMachine (ContainerStateMachine.java:loadSnapshot(287)) - group-E70E28BD80BE: The snapshot info is null. Setting the last applied index to:(t:0, i:~)
2024-03-11 08:40:04,649 [6d7ddd0a-4974-4c82-8247-9f057ff87999-groupManagement] INFO  server.RaftServerConfigKeys (ConfUtils.java:logGet(46)) - raft.server.log.use.memory = false (default)
2024-03-11 08:40:04,649 [6d7ddd0a-4974-4c82-8247-9f057ff87999-groupManagement] INFO  server.RaftServerConfigKeys (ConfUtils.java:logGet(46)) - raft.server.log.purge.gap = 1000000 (custom)
2024-03-11 08:40:04,649 [6d7ddd0a-4974-4c82-8247-9f057ff87999-groupManagement] INFO  server.RaftServerConfigKeys (ConfUtils.java:logGet(46)) - raft.server.log.appender.buffer.byte-limit = 8388608 (custom)
2024-03-11 08:40:04,649 [6d7ddd0a-4974-4c82-8247-9f057ff87999-groupManagement] INFO  server.RaftServerConfigKeys (ConfUtils.java:logGet(46)) - raft.server.log.statemachine.data.read.timeout = 1000ms (default)
2024-03-11 08:40:04,649 [6d7ddd0a-4974-4c82-8247-9f057ff87999-groupManagement] INFO  server.RaftServerConfigKeys (ConfUtils.java:logGet(46)) - raft.server.log.purge.preservation.log.num = 0 (default)
2024-03-11 08:40:04,650 [EventQueue-PipelineReportForPipelineReportHandler] INFO  pipeline.PipelineReportHandler (PipelineReportHandler.java:processPipelineReport(136)) - Opened pipeline PipelineID=dea3a003-9430-4ecd-aa40-e70e28bd80be
2024-03-11 08:40:04,650 [6d7ddd0a-4974-4c82-8247-9f057ff87999-groupManagement] INFO  server.RaftServerConfigKeys (ConfUtils.java:logGet(46)) - raft.server.log.segment.size.max = 67108864 (custom)
2024-03-11 08:40:04,651 [EventQueue-OpenPipelineForHealthyPipelineSafeModeRule] INFO  safemode.SCMSafeModeManager (HealthyPipelineSafeModeRule.java:process(140)) - SCM in safe mode. Healthy pipelines reported count is 0, required healthy pipeline reported count is 1
2024-03-11 08:40:04,651 [6d7ddd0a-4974-4c82-8247-9f057ff87999-groupManagement] INFO  server.RaftServerConfigKeys (ConfUtils.java:logGet(46)) - raft.server.log.segment.cache.num.max = 2 (custom)
2024-03-11 08:40:04,651 [6d7ddd0a-4974-4c82-8247-9f057ff87999-groupManagement] INFO  server.RaftServerConfigKeys (ConfUtils.java:logGet(46)) - raft.server.log.segment.cache.size.max = 200MB (=209715200) (default)
2024-03-11 08:40:04,651 [6d7ddd0a-4974-4c82-8247-9f057ff87999-groupManagement] INFO  server.RaftServerConfigKeys (ConfUtils.java:logGet(46)) - raft.server.log.appender.buffer.byte-limit = 8388608 (custom)
2024-03-11 08:40:04,652 [6d7ddd0a-4974-4c82-8247-9f057ff87999-groupManagement] INFO  util.AwaitToRun (AwaitToRun.java:start(81)) - Thread[6d7ddd0a-4974-4c82-8247-9f057ff87999@group-E70E28BD80BE-cacheEviction-AwaitToRun,5,main] started
2024-03-11 08:40:04,652 [6d7ddd0a-4974-4c82-8247-9f057ff87999-groupManagement] INFO  segmented.SegmentedRaftLogWorker (SegmentedRaftLogWorker.java:<init>(182)) - new 6d7ddd0a-4974-4c82-8247-9f057ff87999@group-E70E28BD80BE-SegmentedRaftLogWorker for RaftStorageImpl:Storage Directory /home/runner/work/ozone/ozone/hadoop-ozone/integration-test/target/test-dir/MiniOzoneClusterImpl-26b6f519-45de-438b-acbb-b19d352d9476/ozone-meta/datanode-1/ratis/dea3a003-9430-4ecd-aa40-e70e28bd80be
2024-03-11 08:40:04,652 [6d7ddd0a-4974-4c82-8247-9f057ff87999-groupManagement] INFO  server.RaftServerConfigKeys (ConfUtils.java:logGet(46)) - raft.server.log.queue.byte-limit = 4294967296 (custom)
2024-03-11 08:40:04,652 [6d7ddd0a-4974-4c82-8247-9f057ff87999-groupManagement] INFO  server.RaftServerConfigKeys (ConfUtils.java:logGet(46)) - raft.server.log.queue.element-limit = 1024 (custom)
2024-03-11 08:40:04,652 [6d7ddd0a-4974-4c82-8247-9f057ff87999-groupManagement] INFO  server.RaftServerConfigKeys (ConfUtils.java:logGet(46)) - raft.server.log.segment.size.max = 67108864 (custom)
2024-03-11 08:40:04,652 [6d7ddd0a-4974-4c82-8247-9f057ff87999-groupManagement] INFO  server.RaftServerConfigKeys (ConfUtils.java:logGet(46)) - raft.server.log.preallocated.size = 4194304 (custom)
2024-03-11 08:40:04,652 [6d7ddd0a-4974-4c82-8247-9f057ff87999-groupManagement] INFO  server.RaftServerConfigKeys (ConfUtils.java:logGet(46)) - raft.server.log.force.sync.num = 128 (default)
2024-03-11 08:40:04,652 [6d7ddd0a-4974-4c82-8247-9f057ff87999-groupManagement] INFO  server.RaftServerConfigKeys (ConfUtils.java:logGet(46)) - raft.server.log.statemachine.data.sync = true (default)
2024-03-11 08:40:04,652 [6d7ddd0a-4974-4c82-8247-9f057ff87999-groupManagement] INFO  server.RaftServerConfigKeys (ConfUtils.java:logGet(46)) - raft.server.log.statemachine.data.sync.timeout = 10s (default)
2024-03-11 08:40:04,652 [6d7ddd0a-4974-4c82-8247-9f057ff87999-groupManagement] INFO  server.RaftServerConfigKeys (ConfUtils.java:logGet(46)) - raft.server.log.statemachine.data.sync.timeout.retry = 0 (custom)
2024-03-11 08:40:04,652 [6d7ddd0a-4974-4c82-8247-9f057ff87999-groupManagement] INFO  server.RaftServerConfigKeys (ConfUtils.java:logGet(46)) - raft.server.log.write.buffer.size = 8388616 (custom)
2024-03-11 08:40:04,653 [6d7ddd0a-4974-4c82-8247-9f057ff87999-groupManagement] INFO  server.RaftServerConfigKeys (ConfUtils.java:logGet(46)) - raft.server.log.appender.buffer.byte-limit = 8388608 (custom)
2024-03-11 08:40:04,653 [6d7ddd0a-4974-4c82-8247-9f057ff87999-groupManagement] INFO  server.RaftServerConfigKeys (ConfUtils.java:logGet(46)) - raft.server.log.unsafe-flush.enabled = false (default)
2024-03-11 08:40:04,653 [6d7ddd0a-4974-4c82-8247-9f057ff87999-groupManagement] INFO  server.RaftServerConfigKeys (ConfUtils.java:logGet(46)) - raft.server.log.async-flush.enabled = false (default)
2024-03-11 08:40:04,653 [6d7ddd0a-4974-4c82-8247-9f057ff87999-groupManagement] INFO  server.RaftServerConfigKeys (ConfUtils.java:logGet(46)) - raft.server.log.statemachine.data.caching.enabled = true (custom)
2024-03-11 08:40:04,654 [6d7ddd0a-4974-4c82-8247-9f057ff87999-groupManagement] INFO  segmented.SegmentedRaftLogWorker (SegmentedRaftLogWorker.java:lambda$new$0(134)) - 6d7ddd0a-4974-4c82-8247-9f057ff87999@group-E70E28BD80BE-SegmentedRaftLogWorker: flushIndex: setUnconditionally 0 -> -1
2024-03-11 08:40:04,654 [6d7ddd0a-4974-4c82-8247-9f057ff87999-groupManagement] INFO  segmented.SegmentedRaftLogWorker (SegmentedRaftLogWorker.java:lambda$new$0(134)) - 6d7ddd0a-4974-4c82-8247-9f057ff87999@group-E70E28BD80BE-SegmentedRaftLogWorker: safeCacheEvictIndex: setUnconditionally 0 -> -1
2024-03-11 08:40:04,654 [6d7ddd0a-4974-4c82-8247-9f057ff87999-groupManagement] INFO  server.RaftServer$Division (RaftServerImpl.java:start(396)) - 6d7ddd0a-4974-4c82-8247-9f057ff87999@group-E70E28BD80BE: start as a follower, conf=-1: peers:[6d7ddd0a-4974-4c82-8247-9f057ff87999|10.1.0.9:15280]|listeners:[], old=null
2024-03-11 08:40:04,654 [6d7ddd0a-4974-4c82-8247-9f057ff87999-groupManagement] INFO  server.RaftServer$Division (RaftServerImpl.java:setRole(383)) - 6d7ddd0a-4974-4c82-8247-9f057ff87999@group-E70E28BD80BE: changes role from      null to FOLLOWER at term 0 for startAsFollower
2024-03-11 08:40:04,654 [6d7ddd0a-4974-4c82-8247-9f057ff87999-groupManagement] INFO  impl.RoleInfo (RoleInfo.java:updateAndGet(139)) - 6d7ddd0a-4974-4c82-8247-9f057ff87999: start 6d7ddd0a-4974-4c82-8247-9f057ff87999@group-E70E28BD80BE-FollowerState
2024-03-11 08:40:04,654 [6d7ddd0a-4974-4c82-8247-9f057ff87999-groupManagement] INFO  util.JmxRegister (JmxRegister.java:tryRegister(44)) - Successfully registered JMX Bean with object name Ratis:service=RaftServer,group=group-E70E28BD80BE,id=6d7ddd0a-4974-4c82-8247-9f057ff87999
2024-03-11 08:40:04,654 [6d7ddd0a-4974-4c82-8247-9f057ff87999@group-E70E28BD80BE-FollowerState] INFO  server.RaftServerConfigKeys (ConfUtils.java:logFallback(53)) - raft.server.rpc.first-election.timeout.min = 5s (fallback to raft.server.rpc.timeout.min)
2024-03-11 08:40:04,654 [6d7ddd0a-4974-4c82-8247-9f057ff87999-groupManagement] INFO  server.RaftServerConfigKeys (ConfUtils.java:logGet(46)) - raft.server.snapshot.trigger-when-stop.enabled = true (default)
2024-03-11 08:40:04,654 [6d7ddd0a-4974-4c82-8247-9f057ff87999@group-E70E28BD80BE-FollowerState] INFO  server.RaftServerConfigKeys (ConfUtils.java:logFallback(53)) - raft.server.rpc.first-election.timeout.max = 5200ms (fallback to raft.server.rpc.timeout.max)
2024-03-11 08:40:04,654 [6d7ddd0a-4974-4c82-8247-9f057ff87999-groupManagement] INFO  server.RaftServerConfigKeys (ConfUtils.java:logGet(46)) - raft.server.snapshot.auto.trigger.enabled = true (custom)
2024-03-11 08:40:04,654 [6d7ddd0a-4974-4c82-8247-9f057ff87999-groupManagement] INFO  server.RaftServerConfigKeys (ConfUtils.java:logGet(46)) - raft.server.snapshot.auto.trigger.threshold = 10000 (custom)
2024-03-11 08:40:04,654 [6d7ddd0a-4974-4c82-8247-9f057ff87999-groupManagement] INFO  server.RaftServerConfigKeys (ConfUtils.java:logGet(46)) - raft.server.snapshot.retention.file.num = 5 (custom)
2024-03-11 08:40:04,654 [6d7ddd0a-4974-4c82-8247-9f057ff87999-groupManagement] INFO  server.RaftServerConfigKeys (ConfUtils.java:logGet(46)) - raft.server.log.purge.upto.snapshot.index = false (default)
2024-03-11 08:40:04,655 [6d7ddd0a-4974-4c82-8247-9f057ff87999-PipelineCommandHandlerThread-0] INFO  ratis.XceiverServerRatis (XceiverServerRatis.java:addGroup(864)) - Created group PipelineID=dea3a003-9430-4ecd-aa40-e70e28bd80be
2024-03-11 08:40:04,655 [6d7ddd0a-4974-4c82-8247-9f057ff87999-PipelineCommandHandlerThread-0] INFO  commandhandler.CreatePipelineCommandHandler (CreatePipelineCommandHandler.java:lambda$handle$2(124)) - Created Pipeline RATIS ONE PipelineID=dea3a003-9430-4ecd-aa40-e70e28bd80be.
2024-03-11 08:40:04,655 [6d7ddd0a-4974-4c82-8247-9f057ff87999-PipelineCommandHandlerThread-0] INFO  server.RaftServer (RaftServerProxy.java:addNew(100)) - 6d7ddd0a-4974-4c82-8247-9f057ff87999: addNew group-F2BB8BAFBDB9:[6d7ddd0a-4974-4c82-8247-9f057ff87999|10.1.0.9:15280, 0d2e6bfc-4b34-47c2-8255-934200cb31cb|10.1.0.9:15298, ef4f6c43-595b-4c7c-bb14-559caeb18433|10.1.0.9:15289] returns group-F2BB8BAFBDB9:java.util.concurrent.CompletableFuture@302ca373[Not completed]
2024-03-11 08:40:04,655 [6d7ddd0a-4974-4c82-8247-9f057ff87999-groupManagement] INFO  server.RaftServer$Division (RaftServerImpl.java:<init>(256)) - 6d7ddd0a-4974-4c82-8247-9f057ff87999: new RaftServerImpl for group-F2BB8BAFBDB9:[6d7ddd0a-4974-4c82-8247-9f057ff87999|10.1.0.9:15280, 0d2e6bfc-4b34-47c2-8255-934200cb31cb|10.1.0.9:15298, ef4f6c43-595b-4c7c-bb14-559caeb18433|10.1.0.9:15289] with ContainerStateMachine:uninitialized
2024-03-11 08:40:04,656 [6d7ddd0a-4974-4c82-8247-9f057ff87999-groupManagement] INFO  server.RaftServerConfigKeys (ConfUtils.java:logGet(46)) - raft.server.rpc.timeout.min = 5s (custom)
2024-03-11 08:40:04,656 [6d7ddd0a-4974-4c82-8247-9f057ff87999-groupManagement] INFO  server.RaftServerConfigKeys (ConfUtils.java:logGet(46)) - raft.server.rpc.timeout.max = 5200ms (custom)
2024-03-11 08:40:04,656 [6d7ddd0a-4974-4c82-8247-9f057ff87999-groupManagement] INFO  server.RaftServerConfigKeys (ConfUtils.java:logGet(46)) - raft.server.rpc.sleep.time = 25ms (default)
2024-03-11 08:40:04,656 [6d7ddd0a-4974-4c82-8247-9f057ff87999-groupManagement] INFO  server.RaftServerConfigKeys (ConfUtils.java:logGet(46)) - raft.server.rpc.slowness.timeout = 300s (custom)
2024-03-11 08:40:04,656 [6d7ddd0a-4974-4c82-8247-9f057ff87999-groupManagement] INFO  server.RaftServerConfigKeys (ConfUtils.java:logGet(46)) - raft.server.leaderelection.leader.step-down.wait-time = 10s (default)
2024-03-11 08:40:04,656 [6d7ddd0a-4974-4c82-8247-9f057ff87999-groupManagement] INFO  server.RaftServerConfigKeys (ConfUtils.java:logGet(46)) - raft.server.leaderelection.member.majority-add = false (default)
2024-03-11 08:40:04,656 [6d7ddd0a-4974-4c82-8247-9f057ff87999-groupManagement] INFO  server.RaftServerConfigKeys (ConfUtils.java:logGet(46)) - raft.server.sleep.deviation.threshold = 300ms (default)
2024-03-11 08:40:04,656 [6d7ddd0a-4974-4c82-8247-9f057ff87999-groupManagement] INFO  server.RaftServer$Division (ServerState.java:<init>(113)) - 6d7ddd0a-4974-4c82-8247-9f057ff87999@group-F2BB8BAFBDB9: ConfigurationManager, init=-1: peers:[6d7ddd0a-4974-4c82-8247-9f057ff87999|10.1.0.9:15280, 0d2e6bfc-4b34-47c2-8255-934200cb31cb|10.1.0.9:15298, ef4f6c43-595b-4c7c-bb14-559caeb18433|10.1.0.9:15289]|listeners:[], old=null, confs=<EMPTY_MAP>
2024-03-11 08:40:04,656 [6d7ddd0a-4974-4c82-8247-9f057ff87999-groupManagement] INFO  server.RaftServerConfigKeys (ConfUtils.java:logGet(46)) - raft.server.notification.no-leader.timeout = 300s (custom)
2024-03-11 08:40:04,656 [6d7ddd0a-4974-4c82-8247-9f057ff87999-groupManagement] INFO  server.RaftServerConfigKeys (ConfUtils.java:logGet(46)) - raft.server.read.timeout = 10s (default)
2024-03-11 08:40:04,656 [6d7ddd0a-4974-4c82-8247-9f057ff87999-groupManagement] INFO  server.RaftServerConfigKeys (ConfUtils.java:logGet(46)) - raft.server.retrycache.expirytime = 600000ms (custom)
2024-03-11 08:40:04,656 [6d7ddd0a-4974-4c82-8247-9f057ff87999-groupManagement] INFO  server.RaftServerConfigKeys (ConfUtils.java:logGet(46)) - raft.server.retrycache.statistics.expirytime = 100ms (default)
2024-03-11 08:40:04,656 [6d7ddd0a-4974-4c82-8247-9f057ff87999-groupManagement] INFO  server.RaftServerConfigKeys (ConfUtils.java:logGet(46)) - raft.server.read.option = DEFAULT (default)
2024-03-11 08:40:04,656 [6d7ddd0a-4974-4c82-8247-9f057ff87999-groupManagement] INFO  server.RaftServerConfigKeys (ConfUtils.java:logGet(46)) - raft.server.read.read-after-write-consistent.write-index-cache.expiry-time = 60s (default)
2024-03-11 08:40:04,657 [6d7ddd0a-4974-4c82-8247-9f057ff87999-groupManagement] INFO  server.RaftServerConfigKeys (ConfUtils.java:logGet(46)) - raft.server.rpc.request.timeout = 60s (custom)
2024-03-11 08:40:04,657 [6d7ddd0a-4974-4c82-8247-9f057ff87999-groupManagement] INFO  server.RaftServerConfigKeys (ConfUtils.java:logGet(46)) - raft.server.log.appender.install.snapshot.enabled = false (custom)
2024-03-11 08:40:04,657 [6d7ddd0a-4974-4c82-8247-9f057ff87999-groupManagement] INFO  server.RaftServerConfigKeys (ConfUtils.java:logGet(46)) - raft.server.threadpool.server.cached = true (default)
2024-03-11 08:40:04,657 [6d7ddd0a-4974-4c82-8247-9f057ff87999-groupManagement] INFO  server.RaftServerConfigKeys (ConfUtils.java:logGet(46)) - raft.server.threadpool.server.size = 0 (default)
2024-03-11 08:40:04,657 [6d7ddd0a-4974-4c82-8247-9f057ff87999-groupManagement] INFO  server.RaftServerConfigKeys (ConfUtils.java:logGet(46)) - raft.server.threadpool.client.cached = true (default)
2024-03-11 08:40:04,657 [6d7ddd0a-4974-4c82-8247-9f057ff87999-groupManagement] INFO  server.RaftServerConfigKeys (ConfUtils.java:logGet(46)) - raft.server.threadpool.client.size = 0 (default)
2024-03-11 08:40:04,657 [6d7ddd0a-4974-4c82-8247-9f057ff87999-groupManagement] INFO  server.RaftServerConfigKeys (ConfUtils.java:logGet(46)) - raft.server.storage.free-space.min = 0MB (=0) (default)
2024-03-11 08:40:04,657 [6d7ddd0a-4974-4c82-8247-9f057ff87999-groupManagement] INFO  server.RaftServerConfigKeys (ConfUtils.java:logGet(46)) - raft.server.log.corruption.policy = EXCEPTION (default)
2024-03-11 08:40:04,657 [6d7ddd0a-4974-4c82-8247-9f057ff87999-groupManagement] INFO  server.RaftServerConfigKeys (ConfUtils.java:logGet(46)) - raft.server.storage.dir = [/home/runner/work/ozone/ozone/hadoop-ozone/integration-test/target/test-dir/MiniOzoneClusterImpl-26b6f519-45de-438b-acbb-b19d352d9476/ozone-meta/datanode-1/ratis] (custom)
2024-03-11 08:40:04,657 [6d7ddd0a-4974-4c82-8247-9f057ff87999-groupManagement] INFO  storage.RaftStorageDirectory (RaftStorageDirectoryImpl.java:analyzeStorage(138)) - The storage directory /home/runner/work/ozone/ozone/hadoop-ozone/integration-test/target/test-dir/MiniOzoneClusterImpl-26b6f519-45de-438b-acbb-b19d352d9476/ozone-meta/datanode-1/ratis/c5eba13f-bd1a-4230-bb41-f2bb8bafbdb9 does not exist. Creating ...
2024-03-11 08:40:04,658 [6d7ddd0a-4974-4c82-8247-9f057ff87999-groupManagement] INFO  storage.RaftStorageDirectory (RaftStorageDirectoryImpl.java:tryLock(228)) - Lock on /home/runner/work/ozone/ozone/hadoop-ozone/integration-test/target/test-dir/MiniOzoneClusterImpl-26b6f519-45de-438b-acbb-b19d352d9476/ozone-meta/datanode-1/ratis/c5eba13f-bd1a-4230-bb41-f2bb8bafbdb9/in_use.lock acquired by nodename 48108@fv-az1250-130
2024-03-11 08:40:04,659 [6d7ddd0a-4974-4c82-8247-9f057ff87999-groupManagement] INFO  storage.RaftStorage (RaftStorageImpl.java:format(99)) - Storage directory /home/runner/work/ozone/ozone/hadoop-ozone/integration-test/target/test-dir/MiniOzoneClusterImpl-26b6f519-45de-438b-acbb-b19d352d9476/ozone-meta/datanode-1/ratis/c5eba13f-bd1a-4230-bb41-f2bb8bafbdb9 has been successfully formatted.
2024-03-11 08:40:04,659 [6d7ddd0a-4974-4c82-8247-9f057ff87999-groupManagement] WARN  util.FileUtils (LogUtils.java:supplyAndLog(63)) - Failed to Files.newInputStream /home/runner/work/ozone/ozone/hadoop-ozone/integration-test/target/test-dir/MiniOzoneClusterImpl-26b6f519-45de-438b-acbb-b19d352d9476/ozone-meta/datanode-1/ratis/c5eba13f-bd1a-4230-bb41-f2bb8bafbdb9/current/raft-meta.conf with options []: java.nio.file.NoSuchFileException: /home/runner/work/ozone/ozone/hadoop-ozone/integration-test/target/test-dir/MiniOzoneClusterImpl-26b6f519-45de-438b-acbb-b19d352d9476/ozone-meta/datanode-1/ratis/c5eba13f-bd1a-4230-bb41-f2bb8bafbdb9/current/raft-meta.conf
2024-03-11 08:40:04,660 [6d7ddd0a-4974-4c82-8247-9f057ff87999-groupManagement] INFO  ratis.ContainerStateMachine (ContainerStateMachine.java:loadSnapshot(287)) - group-F2BB8BAFBDB9: The snapshot info is null. Setting the last applied index to:(t:0, i:~)
2024-03-11 08:40:04,660 [6d7ddd0a-4974-4c82-8247-9f057ff87999-groupManagement] INFO  server.RaftServerConfigKeys (ConfUtils.java:logGet(46)) - raft.server.log.use.memory = false (default)
2024-03-11 08:40:04,660 [6d7ddd0a-4974-4c82-8247-9f057ff87999-groupManagement] INFO  server.RaftServerConfigKeys (ConfUtils.java:logGet(46)) - raft.server.log.purge.gap = 1000000 (custom)
2024-03-11 08:40:04,660 [6d7ddd0a-4974-4c82-8247-9f057ff87999-groupManagement] INFO  server.RaftServerConfigKeys (ConfUtils.java:logGet(46)) - raft.server.log.appender.buffer.byte-limit = 8388608 (custom)
2024-03-11 08:40:04,660 [6d7ddd0a-4974-4c82-8247-9f057ff87999-groupManagement] INFO  server.RaftServerConfigKeys (ConfUtils.java:logGet(46)) - raft.server.log.statemachine.data.read.timeout = 1000ms (default)
2024-03-11 08:40:04,660 [6d7ddd0a-4974-4c82-8247-9f057ff87999-groupManagement] INFO  server.RaftServerConfigKeys (ConfUtils.java:logGet(46)) - raft.server.log.purge.preservation.log.num = 0 (default)
2024-03-11 08:40:04,660 [EventQueue-OpenPipelineForHealthyPipelineSafeModeRule] INFO  safemode.SCMSafeModeManager (HealthyPipelineSafeModeRule.java:process(140)) - SCM in safe mode. Healthy pipelines reported count is 0, required healthy pipeline reported count is 1
2024-03-11 08:40:04,661 [6d7ddd0a-4974-4c82-8247-9f057ff87999-groupManagement] INFO  server.RaftServerConfigKeys (ConfUtils.java:logGet(46)) - raft.server.log.segment.size.max = 67108864 (custom)
2024-03-11 08:40:04,661 [6d7ddd0a-4974-4c82-8247-9f057ff87999-groupManagement] INFO  server.RaftServerConfigKeys (ConfUtils.java:logGet(46)) - raft.server.log.segment.cache.num.max = 2 (custom)
2024-03-11 08:40:04,661 [6d7ddd0a-4974-4c82-8247-9f057ff87999-groupManagement] INFO  server.RaftServerConfigKeys (ConfUtils.java:logGet(46)) - raft.server.log.segment.cache.size.max = 200MB (=209715200) (default)
2024-03-11 08:40:04,661 [6d7ddd0a-4974-4c82-8247-9f057ff87999-groupManagement] INFO  server.RaftServerConfigKeys (ConfUtils.java:logGet(46)) - raft.server.log.appender.buffer.byte-limit = 8388608 (custom)
2024-03-11 08:40:04,661 [6d7ddd0a-4974-4c82-8247-9f057ff87999-groupManagement] INFO  util.AwaitToRun (AwaitToRun.java:start(81)) - Thread[6d7ddd0a-4974-4c82-8247-9f057ff87999@group-F2BB8BAFBDB9-cacheEviction-AwaitToRun,5,main] started
2024-03-11 08:40:04,661 [6d7ddd0a-4974-4c82-8247-9f057ff87999-groupManagement] INFO  segmented.SegmentedRaftLogWorker (SegmentedRaftLogWorker.java:<init>(182)) - new 6d7ddd0a-4974-4c82-8247-9f057ff87999@group-F2BB8BAFBDB9-SegmentedRaftLogWorker for RaftStorageImpl:Storage Directory /home/runner/work/ozone/ozone/hadoop-ozone/integration-test/target/test-dir/MiniOzoneClusterImpl-26b6f519-45de-438b-acbb-b19d352d9476/ozone-meta/datanode-1/ratis/c5eba13f-bd1a-4230-bb41-f2bb8bafbdb9
2024-03-11 08:40:04,661 [6d7ddd0a-4974-4c82-8247-9f057ff87999-groupManagement] INFO  server.RaftServerConfigKeys (ConfUtils.java:logGet(46)) - raft.server.log.queue.byte-limit = 4294967296 (custom)
2024-03-11 08:40:04,662 [6d7ddd0a-4974-4c82-8247-9f057ff87999-groupManagement] INFO  server.RaftServerConfigKeys (ConfUtils.java:logGet(46)) - raft.server.log.queue.element-limit = 1024 (custom)
2024-03-11 08:40:04,662 [6d7ddd0a-4974-4c82-8247-9f057ff87999-groupManagement] INFO  server.RaftServerConfigKeys (ConfUtils.java:logGet(46)) - raft.server.log.segment.size.max = 67108864 (custom)
2024-03-11 08:40:04,662 [6d7ddd0a-4974-4c82-8247-9f057ff87999-groupManagement] INFO  server.RaftServerConfigKeys (ConfUtils.java:logGet(46)) - raft.server.log.preallocated.size = 4194304 (custom)
2024-03-11 08:40:04,662 [6d7ddd0a-4974-4c82-8247-9f057ff87999-groupManagement] INFO  server.RaftServerConfigKeys (ConfUtils.java:logGet(46)) - raft.server.log.force.sync.num = 128 (default)
2024-03-11 08:40:04,662 [6d7ddd0a-4974-4c82-8247-9f057ff87999-groupManagement] INFO  server.RaftServerConfigKeys (ConfUtils.java:logGet(46)) - raft.server.log.statemachine.data.sync = true (default)
2024-03-11 08:40:04,662 [6d7ddd0a-4974-4c82-8247-9f057ff87999-groupManagement] INFO  server.RaftServerConfigKeys (ConfUtils.java:logGet(46)) - raft.server.log.statemachine.data.sync.timeout = 10s (default)
2024-03-11 08:40:04,662 [6d7ddd0a-4974-4c82-8247-9f057ff87999-groupManagement] INFO  server.RaftServerConfigKeys (ConfUtils.java:logGet(46)) - raft.server.log.statemachine.data.sync.timeout.retry = 0 (custom)
2024-03-11 08:40:04,662 [6d7ddd0a-4974-4c82-8247-9f057ff87999-groupManagement] INFO  server.RaftServerConfigKeys (ConfUtils.java:logGet(46)) - raft.server.log.write.buffer.size = 8388616 (custom)
2024-03-11 08:40:04,664 [6d7ddd0a-4974-4c82-8247-9f057ff87999-groupManagement] INFO  server.RaftServerConfigKeys (ConfUtils.java:logGet(46)) - raft.server.log.appender.buffer.byte-limit = 8388608 (custom)
2024-03-11 08:40:04,664 [6d7ddd0a-4974-4c82-8247-9f057ff87999-groupManagement] INFO  server.RaftServerConfigKeys (ConfUtils.java:logGet(46)) - raft.server.log.unsafe-flush.enabled = false (default)
2024-03-11 08:40:04,664 [6d7ddd0a-4974-4c82-8247-9f057ff87999-groupManagement] INFO  server.RaftServerConfigKeys (ConfUtils.java:logGet(46)) - raft.server.log.async-flush.enabled = false (default)
2024-03-11 08:40:04,664 [6d7ddd0a-4974-4c82-8247-9f057ff87999-groupManagement] INFO  server.RaftServerConfigKeys (ConfUtils.java:logGet(46)) - raft.server.log.statemachine.data.caching.enabled = true (custom)
2024-03-11 08:40:04,664 [6d7ddd0a-4974-4c82-8247-9f057ff87999-groupManagement] INFO  segmented.SegmentedRaftLogWorker (SegmentedRaftLogWorker.java:lambda$new$0(134)) - 6d7ddd0a-4974-4c82-8247-9f057ff87999@group-F2BB8BAFBDB9-SegmentedRaftLogWorker: flushIndex: setUnconditionally 0 -> -1
2024-03-11 08:40:04,664 [6d7ddd0a-4974-4c82-8247-9f057ff87999-groupManagement] INFO  segmented.SegmentedRaftLogWorker (SegmentedRaftLogWorker.java:lambda$new$0(134)) - 6d7ddd0a-4974-4c82-8247-9f057ff87999@group-F2BB8BAFBDB9-SegmentedRaftLogWorker: safeCacheEvictIndex: setUnconditionally 0 -> -1
2024-03-11 08:40:04,664 [6d7ddd0a-4974-4c82-8247-9f057ff87999-groupManagement] INFO  server.RaftServer$Division (RaftServerImpl.java:start(396)) - 6d7ddd0a-4974-4c82-8247-9f057ff87999@group-F2BB8BAFBDB9: start as a follower, conf=-1: peers:[6d7ddd0a-4974-4c82-8247-9f057ff87999|10.1.0.9:15280, 0d2e6bfc-4b34-47c2-8255-934200cb31cb|10.1.0.9:15298, ef4f6c43-595b-4c7c-bb14-559caeb18433|10.1.0.9:15289]|listeners:[], old=null
2024-03-11 08:40:04,664 [6d7ddd0a-4974-4c82-8247-9f057ff87999-groupManagement] INFO  server.RaftServer$Division (RaftServerImpl.java:setRole(383)) - 6d7ddd0a-4974-4c82-8247-9f057ff87999@group-F2BB8BAFBDB9: changes role from      null to FOLLOWER at term 0 for startAsFollower
2024-03-11 08:40:04,664 [6d7ddd0a-4974-4c82-8247-9f057ff87999-groupManagement] INFO  impl.RoleInfo (RoleInfo.java:updateAndGet(139)) - 6d7ddd0a-4974-4c82-8247-9f057ff87999: start 6d7ddd0a-4974-4c82-8247-9f057ff87999@group-F2BB8BAFBDB9-FollowerState
2024-03-11 08:40:04,664 [6d7ddd0a-4974-4c82-8247-9f057ff87999@group-F2BB8BAFBDB9-FollowerState] INFO  server.RaftServerConfigKeys (ConfUtils.java:logFallback(53)) - raft.server.rpc.first-election.timeout.min = 5s (fallback to raft.server.rpc.timeout.min)
2024-03-11 08:40:04,664 [6d7ddd0a-4974-4c82-8247-9f057ff87999-groupManagement] INFO  util.JmxRegister (JmxRegister.java:tryRegister(44)) - Successfully registered JMX Bean with object name Ratis:service=RaftServer,group=group-F2BB8BAFBDB9,id=6d7ddd0a-4974-4c82-8247-9f057ff87999
2024-03-11 08:40:04,664 [6d7ddd0a-4974-4c82-8247-9f057ff87999@group-F2BB8BAFBDB9-FollowerState] INFO  server.RaftServerConfigKeys (ConfUtils.java:logFallback(53)) - raft.server.rpc.first-election.timeout.max = 5200ms (fallback to raft.server.rpc.timeout.max)
2024-03-11 08:40:04,665 [6d7ddd0a-4974-4c82-8247-9f057ff87999-groupManagement] INFO  server.RaftServerConfigKeys (ConfUtils.java:logGet(46)) - raft.server.snapshot.trigger-when-stop.enabled = true (default)
2024-03-11 08:40:04,665 [6d7ddd0a-4974-4c82-8247-9f057ff87999-groupManagement] INFO  server.RaftServerConfigKeys (ConfUtils.java:logGet(46)) - raft.server.snapshot.auto.trigger.enabled = true (custom)
2024-03-11 08:40:04,665 [6d7ddd0a-4974-4c82-8247-9f057ff87999-groupManagement] INFO  server.RaftServerConfigKeys (ConfUtils.java:logGet(46)) - raft.server.snapshot.auto.trigger.threshold = 10000 (custom)
2024-03-11 08:40:04,665 [6d7ddd0a-4974-4c82-8247-9f057ff87999-groupManagement] INFO  server.RaftServerConfigKeys (ConfUtils.java:logGet(46)) - raft.server.snapshot.retention.file.num = 5 (custom)
2024-03-11 08:40:04,665 [6d7ddd0a-4974-4c82-8247-9f057ff87999-groupManagement] INFO  server.RaftServerConfigKeys (ConfUtils.java:logGet(46)) - raft.server.log.purge.upto.snapshot.index = false (default)
2024-03-11 08:40:04,665 [6d7ddd0a-4974-4c82-8247-9f057ff87999-PipelineCommandHandlerThread-0] INFO  ratis.XceiverServerRatis (XceiverServerRatis.java:addGroup(864)) - Created group PipelineID=c5eba13f-bd1a-4230-bb41-f2bb8bafbdb9
2024-03-11 08:40:04,672 [grpc-default-executor-4] INFO  server.RaftServer (RaftServerProxy.java:addNew(100)) - 0d2e6bfc-4b34-47c2-8255-934200cb31cb: addNew group-F2BB8BAFBDB9:[6d7ddd0a-4974-4c82-8247-9f057ff87999|10.1.0.9:15280, 0d2e6bfc-4b34-47c2-8255-934200cb31cb|10.1.0.9:15298, ef4f6c43-595b-4c7c-bb14-559caeb18433|10.1.0.9:15289] returns group-F2BB8BAFBDB9:java.util.concurrent.CompletableFuture@7ffd8aa7[Not completed]
2024-03-11 08:40:04,673 [0d2e6bfc-4b34-47c2-8255-934200cb31cb-groupManagement] INFO  server.RaftServer$Division (RaftServerImpl.java:<init>(256)) - 0d2e6bfc-4b34-47c2-8255-934200cb31cb: new RaftServerImpl for group-F2BB8BAFBDB9:[6d7ddd0a-4974-4c82-8247-9f057ff87999|10.1.0.9:15280, 0d2e6bfc-4b34-47c2-8255-934200cb31cb|10.1.0.9:15298, ef4f6c43-595b-4c7c-bb14-559caeb18433|10.1.0.9:15289] with ContainerStateMachine:uninitialized
2024-03-11 08:40:04,673 [0d2e6bfc-4b34-47c2-8255-934200cb31cb-groupManagement] INFO  server.RaftServerConfigKeys (ConfUtils.java:logGet(46)) - raft.server.rpc.timeout.min = 5s (custom)
2024-03-11 08:40:04,673 [0d2e6bfc-4b34-47c2-8255-934200cb31cb-groupManagement] INFO  server.RaftServerConfigKeys (ConfUtils.java:logGet(46)) - raft.server.rpc.timeout.max = 5200ms (custom)
2024-03-11 08:40:04,673 [0d2e6bfc-4b34-47c2-8255-934200cb31cb-groupManagement] INFO  server.RaftServerConfigKeys (ConfUtils.java:logGet(46)) - raft.server.rpc.sleep.time = 25ms (default)
2024-03-11 08:40:04,673 [0d2e6bfc-4b34-47c2-8255-934200cb31cb-groupManagement] INFO  server.RaftServerConfigKeys (ConfUtils.java:logGet(46)) - raft.server.rpc.slowness.timeout = 300s (custom)
2024-03-11 08:40:04,673 [0d2e6bfc-4b34-47c2-8255-934200cb31cb-groupManagement] INFO  server.RaftServerConfigKeys (ConfUtils.java:logGet(46)) - raft.server.leaderelection.leader.step-down.wait-time = 10s (default)
2024-03-11 08:40:04,673 [0d2e6bfc-4b34-47c2-8255-934200cb31cb-groupManagement] INFO  server.RaftServerConfigKeys (ConfUtils.java:logGet(46)) - raft.server.leaderelection.member.majority-add = false (default)
2024-03-11 08:40:04,673 [0d2e6bfc-4b34-47c2-8255-934200cb31cb-groupManagement] INFO  server.RaftServerConfigKeys (ConfUtils.java:logGet(46)) - raft.server.sleep.deviation.threshold = 300ms (default)
2024-03-11 08:40:04,673 [0d2e6bfc-4b34-47c2-8255-934200cb31cb-groupManagement] INFO  server.RaftServer$Division (ServerState.java:<init>(113)) - 0d2e6bfc-4b34-47c2-8255-934200cb31cb@group-F2BB8BAFBDB9: ConfigurationManager, init=-1: peers:[6d7ddd0a-4974-4c82-8247-9f057ff87999|10.1.0.9:15280, 0d2e6bfc-4b34-47c2-8255-934200cb31cb|10.1.0.9:15298, ef4f6c43-595b-4c7c-bb14-559caeb18433|10.1.0.9:15289]|listeners:[], old=null, confs=<EMPTY_MAP>
2024-03-11 08:40:04,673 [0d2e6bfc-4b34-47c2-8255-934200cb31cb-groupManagement] INFO  server.RaftServerConfigKeys (ConfUtils.java:logGet(46)) - raft.server.notification.no-leader.timeout = 300s (custom)
2024-03-11 08:40:04,673 [0d2e6bfc-4b34-47c2-8255-934200cb31cb-groupManagement] INFO  server.RaftServerConfigKeys (ConfUtils.java:logGet(46)) - raft.server.read.timeout = 10s (default)
2024-03-11 08:40:04,673 [0d2e6bfc-4b34-47c2-8255-934200cb31cb-groupManagement] INFO  server.RaftServerConfigKeys (ConfUtils.java:logGet(46)) - raft.server.retrycache.expirytime = 600000ms (custom)
2024-03-11 08:40:04,674 [0d2e6bfc-4b34-47c2-8255-934200cb31cb-groupManagement] INFO  server.RaftServerConfigKeys (ConfUtils.java:logGet(46)) - raft.server.retrycache.statistics.expirytime = 100ms (default)
2024-03-11 08:40:04,674 [0d2e6bfc-4b34-47c2-8255-934200cb31cb-groupManagement] INFO  server.RaftServerConfigKeys (ConfUtils.java:logGet(46)) - raft.server.read.option = DEFAULT (default)
2024-03-11 08:40:04,674 [0d2e6bfc-4b34-47c2-8255-934200cb31cb-groupManagement] INFO  server.RaftServerConfigKeys (ConfUtils.java:logGet(46)) - raft.server.read.read-after-write-consistent.write-index-cache.expiry-time = 60s (default)
2024-03-11 08:40:04,675 [0d2e6bfc-4b34-47c2-8255-934200cb31cb-groupManagement] INFO  server.RaftServerConfigKeys (ConfUtils.java:logGet(46)) - raft.server.rpc.request.timeout = 60s (custom)
2024-03-11 08:40:04,675 [0d2e6bfc-4b34-47c2-8255-934200cb31cb-groupManagement] INFO  server.RaftServerConfigKeys (ConfUtils.java:logGet(46)) - raft.server.log.appender.install.snapshot.enabled = false (custom)
2024-03-11 08:40:04,675 [0d2e6bfc-4b34-47c2-8255-934200cb31cb-groupManagement] INFO  server.RaftServerConfigKeys (ConfUtils.java:logGet(46)) - raft.server.threadpool.server.cached = true (default)
2024-03-11 08:40:04,675 [0d2e6bfc-4b34-47c2-8255-934200cb31cb-groupManagement] INFO  server.RaftServerConfigKeys (ConfUtils.java:logGet(46)) - raft.server.threadpool.server.size = 0 (default)
2024-03-11 08:40:04,675 [0d2e6bfc-4b34-47c2-8255-934200cb31cb-groupManagement] INFO  server.RaftServerConfigKeys (ConfUtils.java:logGet(46)) - raft.server.threadpool.client.cached = true (default)
2024-03-11 08:40:04,675 [0d2e6bfc-4b34-47c2-8255-934200cb31cb-groupManagement] INFO  server.RaftServerConfigKeys (ConfUtils.java:logGet(46)) - raft.server.threadpool.client.size = 0 (default)
2024-03-11 08:40:04,675 [0d2e6bfc-4b34-47c2-8255-934200cb31cb-groupManagement] INFO  server.RaftServerConfigKeys (ConfUtils.java:logGet(46)) - raft.server.storage.free-space.min = 0MB (=0) (default)
2024-03-11 08:40:04,676 [0d2e6bfc-4b34-47c2-8255-934200cb31cb-groupManagement] INFO  server.RaftServerConfigKeys (ConfUtils.java:logGet(46)) - raft.server.log.corruption.policy = EXCEPTION (default)
2024-03-11 08:40:04,676 [0d2e6bfc-4b34-47c2-8255-934200cb31cb-groupManagement] INFO  server.RaftServerConfigKeys (ConfUtils.java:logGet(46)) - raft.server.storage.dir = [/home/runner/work/ozone/ozone/hadoop-ozone/integration-test/target/test-dir/MiniOzoneClusterImpl-26b6f519-45de-438b-acbb-b19d352d9476/ozone-meta/datanode-3/ratis] (custom)
2024-03-11 08:40:04,676 [0d2e6bfc-4b34-47c2-8255-934200cb31cb-groupManagement] INFO  storage.RaftStorageDirectory (RaftStorageDirectoryImpl.java:analyzeStorage(138)) - The storage directory /home/runner/work/ozone/ozone/hadoop-ozone/integration-test/target/test-dir/MiniOzoneClusterImpl-26b6f519-45de-438b-acbb-b19d352d9476/ozone-meta/datanode-3/ratis/c5eba13f-bd1a-4230-bb41-f2bb8bafbdb9 does not exist. Creating ...
2024-03-11 08:40:04,677 [0d2e6bfc-4b34-47c2-8255-934200cb31cb-groupManagement] INFO  storage.RaftStorageDirectory (RaftStorageDirectoryImpl.java:tryLock(228)) - Lock on /home/runner/work/ozone/ozone/hadoop-ozone/integration-test/target/test-dir/MiniOzoneClusterImpl-26b6f519-45de-438b-acbb-b19d352d9476/ozone-meta/datanode-3/ratis/c5eba13f-bd1a-4230-bb41-f2bb8bafbdb9/in_use.lock acquired by nodename 48108@fv-az1250-130
2024-03-11 08:40:04,678 [0d2e6bfc-4b34-47c2-8255-934200cb31cb-groupManagement] INFO  storage.RaftStorage (RaftStorageImpl.java:format(99)) - Storage directory /home/runner/work/ozone/ozone/hadoop-ozone/integration-test/target/test-dir/MiniOzoneClusterImpl-26b6f519-45de-438b-acbb-b19d352d9476/ozone-meta/datanode-3/ratis/c5eba13f-bd1a-4230-bb41-f2bb8bafbdb9 has been successfully formatted.
2024-03-11 08:40:04,678 [0d2e6bfc-4b34-47c2-8255-934200cb31cb-groupManagement] WARN  util.FileUtils (LogUtils.java:supplyAndLog(63)) - Failed to Files.newInputStream /home/runner/work/ozone/ozone/hadoop-ozone/integration-test/target/test-dir/MiniOzoneClusterImpl-26b6f519-45de-438b-acbb-b19d352d9476/ozone-meta/datanode-3/ratis/c5eba13f-bd1a-4230-bb41-f2bb8bafbdb9/current/raft-meta.conf with options []: java.nio.file.NoSuchFileException: /home/runner/work/ozone/ozone/hadoop-ozone/integration-test/target/test-dir/MiniOzoneClusterImpl-26b6f519-45de-438b-acbb-b19d352d9476/ozone-meta/datanode-3/ratis/c5eba13f-bd1a-4230-bb41-f2bb8bafbdb9/current/raft-meta.conf
2024-03-11 08:40:04,681 [0d2e6bfc-4b34-47c2-8255-934200cb31cb-groupManagement] INFO  ratis.ContainerStateMachine (ContainerStateMachine.java:loadSnapshot(287)) - group-F2BB8BAFBDB9: The snapshot info is null. Setting the last applied index to:(t:0, i:~)
2024-03-11 08:40:04,682 [0d2e6bfc-4b34-47c2-8255-934200cb31cb-groupManagement] INFO  server.RaftServerConfigKeys (ConfUtils.java:logGet(46)) - raft.server.log.use.memory = false (default)
2024-03-11 08:40:04,682 [0d2e6bfc-4b34-47c2-8255-934200cb31cb-groupManagement] INFO  server.RaftServerConfigKeys (ConfUtils.java:logGet(46)) - raft.server.log.purge.gap = 1000000 (custom)
2024-03-11 08:40:04,683 [0d2e6bfc-4b34-47c2-8255-934200cb31cb-groupManagement] INFO  server.RaftServerConfigKeys (ConfUtils.java:logGet(46)) - raft.server.log.appender.buffer.byte-limit = 8388608 (custom)
2024-03-11 08:40:04,683 [0d2e6bfc-4b34-47c2-8255-934200cb31cb-groupManagement] INFO  server.RaftServerConfigKeys (ConfUtils.java:logGet(46)) - raft.server.log.statemachine.data.read.timeout = 1000ms (default)
2024-03-11 08:40:04,683 [0d2e6bfc-4b34-47c2-8255-934200cb31cb-groupManagement] INFO  server.RaftServerConfigKeys (ConfUtils.java:logGet(46)) - raft.server.log.purge.preservation.log.num = 0 (default)
2024-03-11 08:40:04,683 [0d2e6bfc-4b34-47c2-8255-934200cb31cb-groupManagement] INFO  server.RaftServerConfigKeys (ConfUtils.java:logGet(46)) - raft.server.log.segment.size.max = 67108864 (custom)
2024-03-11 08:40:04,684 [0d2e6bfc-4b34-47c2-8255-934200cb31cb-groupManagement] INFO  server.RaftServerConfigKeys (ConfUtils.java:logGet(46)) - raft.server.log.segment.cache.num.max = 2 (custom)
2024-03-11 08:40:04,684 [0d2e6bfc-4b34-47c2-8255-934200cb31cb-groupManagement] INFO  server.RaftServerConfigKeys (ConfUtils.java:logGet(46)) - raft.server.log.segment.cache.size.max = 200MB (=209715200) (default)
2024-03-11 08:40:04,684 [0d2e6bfc-4b34-47c2-8255-934200cb31cb-groupManagement] INFO  server.RaftServerConfigKeys (ConfUtils.java:logGet(46)) - raft.server.log.appender.buffer.byte-limit = 8388608 (custom)
2024-03-11 08:40:04,684 [0d2e6bfc-4b34-47c2-8255-934200cb31cb-groupManagement] INFO  util.AwaitToRun (AwaitToRun.java:start(81)) - Thread[0d2e6bfc-4b34-47c2-8255-934200cb31cb@group-F2BB8BAFBDB9-cacheEviction-AwaitToRun,5,main] started
2024-03-11 08:40:04,684 [0d2e6bfc-4b34-47c2-8255-934200cb31cb-groupManagement] INFO  segmented.SegmentedRaftLogWorker (SegmentedRaftLogWorker.java:<init>(182)) - new 0d2e6bfc-4b34-47c2-8255-934200cb31cb@group-F2BB8BAFBDB9-SegmentedRaftLogWorker for RaftStorageImpl:Storage Directory /home/runner/work/ozone/ozone/hadoop-ozone/integration-test/target/test-dir/MiniOzoneClusterImpl-26b6f519-45de-438b-acbb-b19d352d9476/ozone-meta/datanode-3/ratis/c5eba13f-bd1a-4230-bb41-f2bb8bafbdb9
2024-03-11 08:40:04,684 [0d2e6bfc-4b34-47c2-8255-934200cb31cb-groupManagement] INFO  server.RaftServerConfigKeys (ConfUtils.java:logGet(46)) - raft.server.log.queue.byte-limit = 4294967296 (custom)
2024-03-11 08:40:04,684 [0d2e6bfc-4b34-47c2-8255-934200cb31cb-groupManagement] INFO  server.RaftServerConfigKeys (ConfUtils.java:logGet(46)) - raft.server.log.queue.element-limit = 1024 (custom)
2024-03-11 08:40:04,684 [0d2e6bfc-4b34-47c2-8255-934200cb31cb-groupManagement] INFO  server.RaftServerConfigKeys (ConfUtils.java:logGet(46)) - raft.server.log.segment.size.max = 67108864 (custom)
2024-03-11 08:40:04,684 [0d2e6bfc-4b34-47c2-8255-934200cb31cb-groupManagement] INFO  server.RaftServerConfigKeys (ConfUtils.java:logGet(46)) - raft.server.log.preallocated.size = 4194304 (custom)
2024-03-11 08:40:04,684 [0d2e6bfc-4b34-47c2-8255-934200cb31cb-groupManagement] INFO  server.RaftServerConfigKeys (ConfUtils.java:logGet(46)) - raft.server.log.force.sync.num = 128 (default)
2024-03-11 08:40:04,684 [0d2e6bfc-4b34-47c2-8255-934200cb31cb-groupManagement] INFO  server.RaftServerConfigKeys (ConfUtils.java:logGet(46)) - raft.server.log.statemachine.data.sync = true (default)
2024-03-11 08:40:04,684 [0d2e6bfc-4b34-47c2-8255-934200cb31cb-groupManagement] INFO  server.RaftServerConfigKeys (ConfUtils.java:logGet(46)) - raft.server.log.statemachine.data.sync.timeout = 10s (default)
2024-03-11 08:40:04,684 [0d2e6bfc-4b34-47c2-8255-934200cb31cb-groupManagement] INFO  server.RaftServerConfigKeys (ConfUtils.java:logGet(46)) - raft.server.log.statemachine.data.sync.timeout.retry = 0 (custom)
2024-03-11 08:40:04,684 [0d2e6bfc-4b34-47c2-8255-934200cb31cb-groupManagement] INFO  server.RaftServerConfigKeys (ConfUtils.java:logGet(46)) - raft.server.log.write.buffer.size = 8388616 (custom)
2024-03-11 08:40:04,685 [0d2e6bfc-4b34-47c2-8255-934200cb31cb-groupManagement] INFO  server.RaftServerConfigKeys (ConfUtils.java:logGet(46)) - raft.server.log.appender.buffer.byte-limit = 8388608 (custom)
2024-03-11 08:40:04,685 [0d2e6bfc-4b34-47c2-8255-934200cb31cb-groupManagement] INFO  server.RaftServerConfigKeys (ConfUtils.java:logGet(46)) - raft.server.log.unsafe-flush.enabled = false (default)
2024-03-11 08:40:04,686 [0d2e6bfc-4b34-47c2-8255-934200cb31cb-groupManagement] INFO  server.RaftServerConfigKeys (ConfUtils.java:logGet(46)) - raft.server.log.async-flush.enabled = false (default)
2024-03-11 08:40:04,686 [0d2e6bfc-4b34-47c2-8255-934200cb31cb-groupManagement] INFO  server.RaftServerConfigKeys (ConfUtils.java:logGet(46)) - raft.server.log.statemachine.data.caching.enabled = true (custom)
2024-03-11 08:40:04,686 [0d2e6bfc-4b34-47c2-8255-934200cb31cb-groupManagement] INFO  segmented.SegmentedRaftLogWorker (SegmentedRaftLogWorker.java:lambda$new$0(134)) - 0d2e6bfc-4b34-47c2-8255-934200cb31cb@group-F2BB8BAFBDB9-SegmentedRaftLogWorker: flushIndex: setUnconditionally 0 -> -1
2024-03-11 08:40:04,686 [0d2e6bfc-4b34-47c2-8255-934200cb31cb-groupManagement] INFO  segmented.SegmentedRaftLogWorker (SegmentedRaftLogWorker.java:lambda$new$0(134)) - 0d2e6bfc-4b34-47c2-8255-934200cb31cb@group-F2BB8BAFBDB9-SegmentedRaftLogWorker: safeCacheEvictIndex: setUnconditionally 0 -> -1
2024-03-11 08:40:04,686 [0d2e6bfc-4b34-47c2-8255-934200cb31cb-groupManagement] INFO  server.RaftServer$Division (RaftServerImpl.java:start(396)) - 0d2e6bfc-4b34-47c2-8255-934200cb31cb@group-F2BB8BAFBDB9: start as a follower, conf=-1: peers:[6d7ddd0a-4974-4c82-8247-9f057ff87999|10.1.0.9:15280, 0d2e6bfc-4b34-47c2-8255-934200cb31cb|10.1.0.9:15298, ef4f6c43-595b-4c7c-bb14-559caeb18433|10.1.0.9:15289]|listeners:[], old=null
2024-03-11 08:40:04,686 [0d2e6bfc-4b34-47c2-8255-934200cb31cb-groupManagement] INFO  server.RaftServer$Division (RaftServerImpl.java:setRole(383)) - 0d2e6bfc-4b34-47c2-8255-934200cb31cb@group-F2BB8BAFBDB9: changes role from      null to FOLLOWER at term 0 for startAsFollower
2024-03-11 08:40:04,686 [0d2e6bfc-4b34-47c2-8255-934200cb31cb-groupManagement] INFO  impl.RoleInfo (RoleInfo.java:updateAndGet(139)) - 0d2e6bfc-4b34-47c2-8255-934200cb31cb: start 0d2e6bfc-4b34-47c2-8255-934200cb31cb@group-F2BB8BAFBDB9-FollowerState
2024-03-11 08:40:04,686 [0d2e6bfc-4b34-47c2-8255-934200cb31cb@group-F2BB8BAFBDB9-FollowerState] INFO  server.RaftServerConfigKeys (ConfUtils.java:logFallback(53)) - raft.server.rpc.first-election.timeout.min = 5s (fallback to raft.server.rpc.timeout.min)
2024-03-11 08:40:04,686 [0d2e6bfc-4b34-47c2-8255-934200cb31cb-groupManagement] INFO  util.JmxRegister (JmxRegister.java:tryRegister(44)) - Successfully registered JMX Bean with object name Ratis:service=RaftServer,group=group-F2BB8BAFBDB9,id=0d2e6bfc-4b34-47c2-8255-934200cb31cb
2024-03-11 08:40:04,686 [0d2e6bfc-4b34-47c2-8255-934200cb31cb@group-F2BB8BAFBDB9-FollowerState] INFO  server.RaftServerConfigKeys (ConfUtils.java:logFallback(53)) - raft.server.rpc.first-election.timeout.max = 5200ms (fallback to raft.server.rpc.timeout.max)
2024-03-11 08:40:04,686 [0d2e6bfc-4b34-47c2-8255-934200cb31cb-groupManagement] INFO  server.RaftServerConfigKeys (ConfUtils.java:logGet(46)) - raft.server.snapshot.trigger-when-stop.enabled = true (default)
2024-03-11 08:40:04,686 [0d2e6bfc-4b34-47c2-8255-934200cb31cb-groupManagement] INFO  server.RaftServerConfigKeys (ConfUtils.java:logGet(46)) - raft.server.snapshot.auto.trigger.enabled = true (custom)
2024-03-11 08:40:04,686 [0d2e6bfc-4b34-47c2-8255-934200cb31cb-groupManagement] INFO  server.RaftServerConfigKeys (ConfUtils.java:logGet(46)) - raft.server.snapshot.auto.trigger.threshold = 10000 (custom)
2024-03-11 08:40:04,687 [0d2e6bfc-4b34-47c2-8255-934200cb31cb-groupManagement] INFO  server.RaftServerConfigKeys (ConfUtils.java:logGet(46)) - raft.server.snapshot.retention.file.num = 5 (custom)
2024-03-11 08:40:04,687 [0d2e6bfc-4b34-47c2-8255-934200cb31cb-groupManagement] INFO  server.RaftServerConfigKeys (ConfUtils.java:logGet(46)) - raft.server.log.purge.upto.snapshot.index = false (default)
2024-03-11 08:40:04,699 [grpc-default-executor-4] INFO  server.RaftServer (RaftServerProxy.java:addNew(100)) - ef4f6c43-595b-4c7c-bb14-559caeb18433: addNew group-F2BB8BAFBDB9:[6d7ddd0a-4974-4c82-8247-9f057ff87999|10.1.0.9:15280, 0d2e6bfc-4b34-47c2-8255-934200cb31cb|10.1.0.9:15298, ef4f6c43-595b-4c7c-bb14-559caeb18433|10.1.0.9:15289] returns group-F2BB8BAFBDB9:java.util.concurrent.CompletableFuture@74d7b8de[Not completed]
2024-03-11 08:40:04,699 [ef4f6c43-595b-4c7c-bb14-559caeb18433-groupManagement] INFO  server.RaftServer$Division (RaftServerImpl.java:<init>(256)) - ef4f6c43-595b-4c7c-bb14-559caeb18433: new RaftServerImpl for group-F2BB8BAFBDB9:[6d7ddd0a-4974-4c82-8247-9f057ff87999|10.1.0.9:15280, 0d2e6bfc-4b34-47c2-8255-934200cb31cb|10.1.0.9:15298, ef4f6c43-595b-4c7c-bb14-559caeb18433|10.1.0.9:15289] with ContainerStateMachine:uninitialized
2024-03-11 08:40:04,699 [ef4f6c43-595b-4c7c-bb14-559caeb18433-groupManagement] INFO  server.RaftServerConfigKeys (ConfUtils.java:logGet(46)) - raft.server.rpc.timeout.min = 5s (custom)
2024-03-11 08:40:04,699 [ef4f6c43-595b-4c7c-bb14-559caeb18433-groupManagement] INFO  server.RaftServerConfigKeys (ConfUtils.java:logGet(46)) - raft.server.rpc.timeout.max = 5200ms (custom)
2024-03-11 08:40:04,699 [ef4f6c43-595b-4c7c-bb14-559caeb18433-groupManagement] INFO  server.RaftServerConfigKeys (ConfUtils.java:logGet(46)) - raft.server.rpc.sleep.time = 25ms (default)
2024-03-11 08:40:04,699 [ef4f6c43-595b-4c7c-bb14-559caeb18433-groupManagement] INFO  server.RaftServerConfigKeys (ConfUtils.java:logGet(46)) - raft.server.rpc.slowness.timeout = 300s (custom)
2024-03-11 08:40:04,699 [ef4f6c43-595b-4c7c-bb14-559caeb18433-groupManagement] INFO  server.RaftServerConfigKeys (ConfUtils.java:logGet(46)) - raft.server.leaderelection.leader.step-down.wait-time = 10s (default)
2024-03-11 08:40:04,700 [ef4f6c43-595b-4c7c-bb14-559caeb18433-groupManagement] INFO  server.RaftServerConfigKeys (ConfUtils.java:logGet(46)) - raft.server.leaderelection.member.majority-add = false (default)
2024-03-11 08:40:04,700 [ef4f6c43-595b-4c7c-bb14-559caeb18433-groupManagement] INFO  server.RaftServerConfigKeys (ConfUtils.java:logGet(46)) - raft.server.sleep.deviation.threshold = 300ms (default)
2024-03-11 08:40:04,700 [ef4f6c43-595b-4c7c-bb14-559caeb18433-groupManagement] INFO  server.RaftServer$Division (ServerState.java:<init>(113)) - ef4f6c43-595b-4c7c-bb14-559caeb18433@group-F2BB8BAFBDB9: ConfigurationManager, init=-1: peers:[6d7ddd0a-4974-4c82-8247-9f057ff87999|10.1.0.9:15280, 0d2e6bfc-4b34-47c2-8255-934200cb31cb|10.1.0.9:15298, ef4f6c43-595b-4c7c-bb14-559caeb18433|10.1.0.9:15289]|listeners:[], old=null, confs=<EMPTY_MAP>
2024-03-11 08:40:04,700 [ef4f6c43-595b-4c7c-bb14-559caeb18433-groupManagement] INFO  server.RaftServerConfigKeys (ConfUtils.java:logGet(46)) - raft.server.notification.no-leader.timeout = 300s (custom)
2024-03-11 08:40:04,700 [ef4f6c43-595b-4c7c-bb14-559caeb18433-groupManagement] INFO  server.RaftServerConfigKeys (ConfUtils.java:logGet(46)) - raft.server.read.timeout = 10s (default)
2024-03-11 08:40:04,700 [ef4f6c43-595b-4c7c-bb14-559caeb18433-groupManagement] INFO  server.RaftServerConfigKeys (ConfUtils.java:logGet(46)) - raft.server.retrycache.expirytime = 600000ms (custom)
2024-03-11 08:40:04,700 [ef4f6c43-595b-4c7c-bb14-559caeb18433-groupManagement] INFO  server.RaftServerConfigKeys (ConfUtils.java:logGet(46)) - raft.server.retrycache.statistics.expirytime = 100ms (default)
2024-03-11 08:40:04,700 [ef4f6c43-595b-4c7c-bb14-559caeb18433-groupManagement] INFO  server.RaftServerConfigKeys (ConfUtils.java:logGet(46)) - raft.server.read.option = DEFAULT (default)
2024-03-11 08:40:04,700 [ef4f6c43-595b-4c7c-bb14-559caeb18433-groupManagement] INFO  server.RaftServerConfigKeys (ConfUtils.java:logGet(46)) - raft.server.read.read-after-write-consistent.write-index-cache.expiry-time = 60s (default)
2024-03-11 08:40:04,701 [ef4f6c43-595b-4c7c-bb14-559caeb18433-groupManagement] INFO  server.RaftServerConfigKeys (ConfUtils.java:logGet(46)) - raft.server.rpc.request.timeout = 60s (custom)
2024-03-11 08:40:04,701 [ef4f6c43-595b-4c7c-bb14-559caeb18433-groupManagement] INFO  server.RaftServerConfigKeys (ConfUtils.java:logGet(46)) - raft.server.log.appender.install.snapshot.enabled = false (custom)
2024-03-11 08:40:04,701 [ef4f6c43-595b-4c7c-bb14-559caeb18433-groupManagement] INFO  server.RaftServerConfigKeys (ConfUtils.java:logGet(46)) - raft.server.threadpool.server.cached = true (default)
2024-03-11 08:40:04,701 [ef4f6c43-595b-4c7c-bb14-559caeb18433-groupManagement] INFO  server.RaftServerConfigKeys (ConfUtils.java:logGet(46)) - raft.server.threadpool.server.size = 0 (default)
2024-03-11 08:40:04,701 [ef4f6c43-595b-4c7c-bb14-559caeb18433-groupManagement] INFO  server.RaftServerConfigKeys (ConfUtils.java:logGet(46)) - raft.server.threadpool.client.cached = true (default)
2024-03-11 08:40:04,701 [ef4f6c43-595b-4c7c-bb14-559caeb18433-groupManagement] INFO  server.RaftServerConfigKeys (ConfUtils.java:logGet(46)) - raft.server.threadpool.client.size = 0 (default)
2024-03-11 08:40:04,701 [ef4f6c43-595b-4c7c-bb14-559caeb18433-groupManagement] INFO  server.RaftServerConfigKeys (ConfUtils.java:logGet(46)) - raft.server.storage.free-space.min = 0MB (=0) (default)
2024-03-11 08:40:04,701 [ef4f6c43-595b-4c7c-bb14-559caeb18433-groupManagement] INFO  server.RaftServerConfigKeys (ConfUtils.java:logGet(46)) - raft.server.log.corruption.policy = EXCEPTION (default)
2024-03-11 08:40:04,702 [ef4f6c43-595b-4c7c-bb14-559caeb18433-groupManagement] INFO  server.RaftServerConfigKeys (ConfUtils.java:logGet(46)) - raft.server.storage.dir = [/home/runner/work/ozone/ozone/hadoop-ozone/integration-test/target/test-dir/MiniOzoneClusterImpl-26b6f519-45de-438b-acbb-b19d352d9476/ozone-meta/datanode-2/ratis] (custom)
2024-03-11 08:40:04,702 [ef4f6c43-595b-4c7c-bb14-559caeb18433-groupManagement] INFO  storage.RaftStorageDirectory (RaftStorageDirectoryImpl.java:analyzeStorage(138)) - The storage directory /home/runner/work/ozone/ozone/hadoop-ozone/integration-test/target/test-dir/MiniOzoneClusterImpl-26b6f519-45de-438b-acbb-b19d352d9476/ozone-meta/datanode-2/ratis/c5eba13f-bd1a-4230-bb41-f2bb8bafbdb9 does not exist. Creating ...
2024-03-11 08:40:04,703 [ef4f6c43-595b-4c7c-bb14-559caeb18433-groupManagement] INFO  storage.RaftStorageDirectory (RaftStorageDirectoryImpl.java:tryLock(228)) - Lock on /home/runner/work/ozone/ozone/hadoop-ozone/integration-test/target/test-dir/MiniOzoneClusterImpl-26b6f519-45de-438b-acbb-b19d352d9476/ozone-meta/datanode-2/ratis/c5eba13f-bd1a-4230-bb41-f2bb8bafbdb9/in_use.lock acquired by nodename 48108@fv-az1250-130
2024-03-11 08:40:04,704 [ef4f6c43-595b-4c7c-bb14-559caeb18433-groupManagement] INFO  storage.RaftStorage (RaftStorageImpl.java:format(99)) - Storage directory /home/runner/work/ozone/ozone/hadoop-ozone/integration-test/target/test-dir/MiniOzoneClusterImpl-26b6f519-45de-438b-acbb-b19d352d9476/ozone-meta/datanode-2/ratis/c5eba13f-bd1a-4230-bb41-f2bb8bafbdb9 has been successfully formatted.
2024-03-11 08:40:04,704 [ef4f6c43-595b-4c7c-bb14-559caeb18433-groupManagement] WARN  util.FileUtils (LogUtils.java:supplyAndLog(63)) - Failed to Files.newInputStream /home/runner/work/ozone/ozone/hadoop-ozone/integration-test/target/test-dir/MiniOzoneClusterImpl-26b6f519-45de-438b-acbb-b19d352d9476/ozone-meta/datanode-2/ratis/c5eba13f-bd1a-4230-bb41-f2bb8bafbdb9/current/raft-meta.conf with options []: java.nio.file.NoSuchFileException: /home/runner/work/ozone/ozone/hadoop-ozone/integration-test/target/test-dir/MiniOzoneClusterImpl-26b6f519-45de-438b-acbb-b19d352d9476/ozone-meta/datanode-2/ratis/c5eba13f-bd1a-4230-bb41-f2bb8bafbdb9/current/raft-meta.conf
2024-03-11 08:40:04,705 [ef4f6c43-595b-4c7c-bb14-559caeb18433-groupManagement] INFO  ratis.ContainerStateMachine (ContainerStateMachine.java:loadSnapshot(287)) - group-F2BB8BAFBDB9: The snapshot info is null. Setting the last applied index to:(t:0, i:~)
2024-03-11 08:40:04,706 [ef4f6c43-595b-4c7c-bb14-559caeb18433-groupManagement] INFO  server.RaftServerConfigKeys (ConfUtils.java:logGet(46)) - raft.server.log.use.memory = false (default)
2024-03-11 08:40:04,706 [ef4f6c43-595b-4c7c-bb14-559caeb18433-groupManagement] INFO  server.RaftServerConfigKeys (ConfUtils.java:logGet(46)) - raft.server.log.purge.gap = 1000000 (custom)
2024-03-11 08:40:04,706 [ef4f6c43-595b-4c7c-bb14-559caeb18433-groupManagement] INFO  server.RaftServerConfigKeys (ConfUtils.java:logGet(46)) - raft.server.log.appender.buffer.byte-limit = 8388608 (custom)
2024-03-11 08:40:04,706 [ef4f6c43-595b-4c7c-bb14-559caeb18433-groupManagement] INFO  server.RaftServerConfigKeys (ConfUtils.java:logGet(46)) - raft.server.log.statemachine.data.read.timeout = 1000ms (default)
2024-03-11 08:40:04,706 [ef4f6c43-595b-4c7c-bb14-559caeb18433-groupManagement] INFO  server.RaftServerConfigKeys (ConfUtils.java:logGet(46)) - raft.server.log.purge.preservation.log.num = 0 (default)
2024-03-11 08:40:04,707 [ef4f6c43-595b-4c7c-bb14-559caeb18433-groupManagement] INFO  server.RaftServerConfigKeys (ConfUtils.java:logGet(46)) - raft.server.log.segment.size.max = 67108864 (custom)
2024-03-11 08:40:04,707 [ef4f6c43-595b-4c7c-bb14-559caeb18433-groupManagement] INFO  server.RaftServerConfigKeys (ConfUtils.java:logGet(46)) - raft.server.log.segment.cache.num.max = 2 (custom)
2024-03-11 08:40:04,707 [ef4f6c43-595b-4c7c-bb14-559caeb18433-groupManagement] INFO  server.RaftServerConfigKeys (ConfUtils.java:logGet(46)) - raft.server.log.segment.cache.size.max = 200MB (=209715200) (default)
2024-03-11 08:40:04,707 [ef4f6c43-595b-4c7c-bb14-559caeb18433-groupManagement] INFO  server.RaftServerConfigKeys (ConfUtils.java:logGet(46)) - raft.server.log.appender.buffer.byte-limit = 8388608 (custom)
2024-03-11 08:40:04,707 [ef4f6c43-595b-4c7c-bb14-559caeb18433-groupManagement] INFO  util.AwaitToRun (AwaitToRun.java:start(81)) - Thread[ef4f6c43-595b-4c7c-bb14-559caeb18433@group-F2BB8BAFBDB9-cacheEviction-AwaitToRun,5,main] started
2024-03-11 08:40:04,708 [ef4f6c43-595b-4c7c-bb14-559caeb18433-groupManagement] INFO  segmented.SegmentedRaftLogWorker (SegmentedRaftLogWorker.java:<init>(182)) - new ef4f6c43-595b-4c7c-bb14-559caeb18433@group-F2BB8BAFBDB9-SegmentedRaftLogWorker for RaftStorageImpl:Storage Directory /home/runner/work/ozone/ozone/hadoop-ozone/integration-test/target/test-dir/MiniOzoneClusterImpl-26b6f519-45de-438b-acbb-b19d352d9476/ozone-meta/datanode-2/ratis/c5eba13f-bd1a-4230-bb41-f2bb8bafbdb9
2024-03-11 08:40:04,708 [ef4f6c43-595b-4c7c-bb14-559caeb18433-groupManagement] INFO  server.RaftServerConfigKeys (ConfUtils.java:logGet(46)) - raft.server.log.queue.byte-limit = 4294967296 (custom)
2024-03-11 08:40:04,708 [ef4f6c43-595b-4c7c-bb14-559caeb18433-groupManagement] INFO  server.RaftServerConfigKeys (ConfUtils.java:logGet(46)) - raft.server.log.queue.element-limit = 1024 (custom)
2024-03-11 08:40:04,708 [ef4f6c43-595b-4c7c-bb14-559caeb18433-groupManagement] INFO  server.RaftServerConfigKeys (ConfUtils.java:logGet(46)) - raft.server.log.segment.size.max = 67108864 (custom)
2024-03-11 08:40:04,708 [ef4f6c43-595b-4c7c-bb14-559caeb18433-groupManagement] INFO  server.RaftServerConfigKeys (ConfUtils.java:logGet(46)) - raft.server.log.preallocated.size = 4194304 (custom)
2024-03-11 08:40:04,708 [ef4f6c43-595b-4c7c-bb14-559caeb18433-groupManagement] INFO  server.RaftServerConfigKeys (ConfUtils.java:logGet(46)) - raft.server.log.force.sync.num = 128 (default)
2024-03-11 08:40:04,708 [ef4f6c43-595b-4c7c-bb14-559caeb18433-groupManagement] INFO  server.RaftServerConfigKeys (ConfUtils.java:logGet(46)) - raft.server.log.statemachine.data.sync = true (default)
2024-03-11 08:40:04,708 [ef4f6c43-595b-4c7c-bb14-559caeb18433-groupManagement] INFO  server.RaftServerConfigKeys (ConfUtils.java:logGet(46)) - raft.server.log.statemachine.data.sync.timeout = 10s (default)
2024-03-11 08:40:04,708 [ef4f6c43-595b-4c7c-bb14-559caeb18433-groupManagement] INFO  server.RaftServerConfigKeys (ConfUtils.java:logGet(46)) - raft.server.log.statemachine.data.sync.timeout.retry = 0 (custom)
2024-03-11 08:40:04,708 [ef4f6c43-595b-4c7c-bb14-559caeb18433-groupManagement] INFO  server.RaftServerConfigKeys (ConfUtils.java:logGet(46)) - raft.server.log.write.buffer.size = 8388616 (custom)
2024-03-11 08:40:04,709 [ef4f6c43-595b-4c7c-bb14-559caeb18433-groupManagement] INFO  server.RaftServerConfigKeys (ConfUtils.java:logGet(46)) - raft.server.log.appender.buffer.byte-limit = 8388608 (custom)
2024-03-11 08:40:04,710 [ef4f6c43-595b-4c7c-bb14-559caeb18433-groupManagement] INFO  server.RaftServerConfigKeys (ConfUtils.java:logGet(46)) - raft.server.log.unsafe-flush.enabled = false (default)
2024-03-11 08:40:04,710 [ef4f6c43-595b-4c7c-bb14-559caeb18433-groupManagement] INFO  server.RaftServerConfigKeys (ConfUtils.java:logGet(46)) - raft.server.log.async-flush.enabled = false (default)
2024-03-11 08:40:04,710 [ef4f6c43-595b-4c7c-bb14-559caeb18433-groupManagement] INFO  server.RaftServerConfigKeys (ConfUtils.java:logGet(46)) - raft.server.log.statemachine.data.caching.enabled = true (custom)
2024-03-11 08:40:04,710 [ef4f6c43-595b-4c7c-bb14-559caeb18433-groupManagement] INFO  segmented.SegmentedRaftLogWorker (SegmentedRaftLogWorker.java:lambda$new$0(134)) - ef4f6c43-595b-4c7c-bb14-559caeb18433@group-F2BB8BAFBDB9-SegmentedRaftLogWorker: flushIndex: setUnconditionally 0 -> -1
2024-03-11 08:40:04,710 [ef4f6c43-595b-4c7c-bb14-559caeb18433-groupManagement] INFO  segmented.SegmentedRaftLogWorker (SegmentedRaftLogWorker.java:lambda$new$0(134)) - ef4f6c43-595b-4c7c-bb14-559caeb18433@group-F2BB8BAFBDB9-SegmentedRaftLogWorker: safeCacheEvictIndex: setUnconditionally 0 -> -1
2024-03-11 08:40:04,710 [ef4f6c43-595b-4c7c-bb14-559caeb18433-groupManagement] INFO  server.RaftServer$Division (RaftServerImpl.java:start(396)) - ef4f6c43-595b-4c7c-bb14-559caeb18433@group-F2BB8BAFBDB9: start as a follower, conf=-1: peers:[6d7ddd0a-4974-4c82-8247-9f057ff87999|10.1.0.9:15280, 0d2e6bfc-4b34-47c2-8255-934200cb31cb|10.1.0.9:15298, ef4f6c43-595b-4c7c-bb14-559caeb18433|10.1.0.9:15289]|listeners:[], old=null
2024-03-11 08:40:04,710 [ef4f6c43-595b-4c7c-bb14-559caeb18433-groupManagement] INFO  server.RaftServer$Division (RaftServerImpl.java:setRole(383)) - ef4f6c43-595b-4c7c-bb14-559caeb18433@group-F2BB8BAFBDB9: changes role from      null to FOLLOWER at term 0 for startAsFollower
2024-03-11 08:40:04,710 [ef4f6c43-595b-4c7c-bb14-559caeb18433-groupManagement] INFO  impl.RoleInfo (RoleInfo.java:updateAndGet(139)) - ef4f6c43-595b-4c7c-bb14-559caeb18433: start ef4f6c43-595b-4c7c-bb14-559caeb18433@group-F2BB8BAFBDB9-FollowerState
2024-03-11 08:40:04,710 [ef4f6c43-595b-4c7c-bb14-559caeb18433@group-F2BB8BAFBDB9-FollowerState] INFO  server.RaftServerConfigKeys (ConfUtils.java:logFallback(53)) - raft.server.rpc.first-election.timeout.min = 5s (fallback to raft.server.rpc.timeout.min)
2024-03-11 08:40:04,710 [ef4f6c43-595b-4c7c-bb14-559caeb18433-groupManagement] INFO  util.JmxRegister (JmxRegister.java:tryRegister(44)) - Successfully registered JMX Bean with object name Ratis:service=RaftServer,group=group-F2BB8BAFBDB9,id=ef4f6c43-595b-4c7c-bb14-559caeb18433
2024-03-11 08:40:04,710 [ef4f6c43-595b-4c7c-bb14-559caeb18433@group-F2BB8BAFBDB9-FollowerState] INFO  server.RaftServerConfigKeys (ConfUtils.java:logFallback(53)) - raft.server.rpc.first-election.timeout.max = 5200ms (fallback to raft.server.rpc.timeout.max)
2024-03-11 08:40:04,710 [ef4f6c43-595b-4c7c-bb14-559caeb18433-groupManagement] INFO  server.RaftServerConfigKeys (ConfUtils.java:logGet(46)) - raft.server.snapshot.trigger-when-stop.enabled = true (default)
2024-03-11 08:40:04,710 [ef4f6c43-595b-4c7c-bb14-559caeb18433-groupManagement] INFO  server.RaftServerConfigKeys (ConfUtils.java:logGet(46)) - raft.server.snapshot.auto.trigger.enabled = true (custom)
2024-03-11 08:40:04,710 [ef4f6c43-595b-4c7c-bb14-559caeb18433-groupManagement] INFO  server.RaftServerConfigKeys (ConfUtils.java:logGet(46)) - raft.server.snapshot.auto.trigger.threshold = 10000 (custom)
2024-03-11 08:40:04,710 [ef4f6c43-595b-4c7c-bb14-559caeb18433-groupManagement] INFO  server.RaftServerConfigKeys (ConfUtils.java:logGet(46)) - raft.server.snapshot.retention.file.num = 5 (custom)
2024-03-11 08:40:04,711 [ef4f6c43-595b-4c7c-bb14-559caeb18433-groupManagement] INFO  server.RaftServerConfigKeys (ConfUtils.java:logGet(46)) - raft.server.log.purge.upto.snapshot.index = false (default)
2024-03-11 08:40:04,714 [6d7ddd0a-4974-4c82-8247-9f057ff87999-PipelineCommandHandlerThread-0] INFO  commandhandler.CreatePipelineCommandHandler (CreatePipelineCommandHandler.java:lambda$handle$2(124)) - Created Pipeline RATIS THREE PipelineID=c5eba13f-bd1a-4230-bb41-f2bb8bafbdb9.
2024-03-11 08:40:04,714 [6d7ddd0a-4974-4c82-8247-9f057ff87999-PipelineCommandHandlerThread-0] INFO  server.RaftServer (RaftServerProxy.java:addNew(100)) - 6d7ddd0a-4974-4c82-8247-9f057ff87999: addNew group-EF145C36F503:[6d7ddd0a-4974-4c82-8247-9f057ff87999|10.1.0.9:15280, 0d2e6bfc-4b34-47c2-8255-934200cb31cb|10.1.0.9:15298, ef4f6c43-595b-4c7c-bb14-559caeb18433|10.1.0.9:15289] returns group-EF145C36F503:java.util.concurrent.CompletableFuture@628baf46[Not completed]
2024-03-11 08:40:04,714 [6d7ddd0a-4974-4c82-8247-9f057ff87999-groupManagement] INFO  server.RaftServer$Division (RaftServerImpl.java:<init>(256)) - 6d7ddd0a-4974-4c82-8247-9f057ff87999: new RaftServerImpl for group-EF145C36F503:[6d7ddd0a-4974-4c82-8247-9f057ff87999|10.1.0.9:15280, 0d2e6bfc-4b34-47c2-8255-934200cb31cb|10.1.0.9:15298, ef4f6c43-595b-4c7c-bb14-559caeb18433|10.1.0.9:15289] with ContainerStateMachine:uninitialized
2024-03-11 08:40:04,714 [6d7ddd0a-4974-4c82-8247-9f057ff87999-groupManagement] INFO  server.RaftServerConfigKeys (ConfUtils.java:logGet(46)) - raft.server.rpc.timeout.min = 5s (custom)
2024-03-11 08:40:04,714 [6d7ddd0a-4974-4c82-8247-9f057ff87999-groupManagement] INFO  server.RaftServerConfigKeys (ConfUtils.java:logGet(46)) - raft.server.rpc.timeout.max = 5200ms (custom)
2024-03-11 08:40:04,714 [6d7ddd0a-4974-4c82-8247-9f057ff87999-groupManagement] INFO  server.RaftServerConfigKeys (ConfUtils.java:logGet(46)) - raft.server.rpc.sleep.time = 25ms (default)
2024-03-11 08:40:04,714 [6d7ddd0a-4974-4c82-8247-9f057ff87999-groupManagement] INFO  server.RaftServerConfigKeys (ConfUtils.java:logGet(46)) - raft.server.rpc.slowness.timeout = 300s (custom)
2024-03-11 08:40:04,714 [6d7ddd0a-4974-4c82-8247-9f057ff87999-groupManagement] INFO  server.RaftServerConfigKeys (ConfUtils.java:logGet(46)) - raft.server.leaderelection.leader.step-down.wait-time = 10s (default)
2024-03-11 08:40:04,714 [6d7ddd0a-4974-4c82-8247-9f057ff87999-groupManagement] INFO  server.RaftServerConfigKeys (ConfUtils.java:logGet(46)) - raft.server.leaderelection.member.majority-add = false (default)
2024-03-11 08:40:04,714 [6d7ddd0a-4974-4c82-8247-9f057ff87999-groupManagement] INFO  server.RaftServerConfigKeys (ConfUtils.java:logGet(46)) - raft.server.sleep.deviation.threshold = 300ms (default)
2024-03-11 08:40:04,714 [6d7ddd0a-4974-4c82-8247-9f057ff87999-groupManagement] INFO  server.RaftServer$Division (ServerState.java:<init>(113)) - 6d7ddd0a-4974-4c82-8247-9f057ff87999@group-EF145C36F503: ConfigurationManager, init=-1: peers:[6d7ddd0a-4974-4c82-8247-9f057ff87999|10.1.0.9:15280, 0d2e6bfc-4b34-47c2-8255-934200cb31cb|10.1.0.9:15298, ef4f6c43-595b-4c7c-bb14-559caeb18433|10.1.0.9:15289]|listeners:[], old=null, confs=<EMPTY_MAP>
2024-03-11 08:40:04,715 [6d7ddd0a-4974-4c82-8247-9f057ff87999-groupManagement] INFO  server.RaftServerConfigKeys (ConfUtils.java:logGet(46)) - raft.server.notification.no-leader.timeout = 300s (custom)
2024-03-11 08:40:04,715 [6d7ddd0a-4974-4c82-8247-9f057ff87999-groupManagement] INFO  server.RaftServerConfigKeys (ConfUtils.java:logGet(46)) - raft.server.read.timeout = 10s (default)
2024-03-11 08:40:04,715 [6d7ddd0a-4974-4c82-8247-9f057ff87999-groupManagement] INFO  server.RaftServerConfigKeys (ConfUtils.java:logGet(46)) - raft.server.retrycache.expirytime = 600000ms (custom)
2024-03-11 08:40:04,715 [6d7ddd0a-4974-4c82-8247-9f057ff87999-groupManagement] INFO  server.RaftServerConfigKeys (ConfUtils.java:logGet(46)) - raft.server.retrycache.statistics.expirytime = 100ms (default)
2024-03-11 08:40:04,715 [6d7ddd0a-4974-4c82-8247-9f057ff87999-groupManagement] INFO  server.RaftServerConfigKeys (ConfUtils.java:logGet(46)) - raft.server.read.option = DEFAULT (default)
2024-03-11 08:40:04,715 [6d7ddd0a-4974-4c82-8247-9f057ff87999-groupManagement] INFO  server.RaftServerConfigKeys (ConfUtils.java:logGet(46)) - raft.server.read.read-after-write-consistent.write-index-cache.expiry-time = 60s (default)
2024-03-11 08:40:04,716 [6d7ddd0a-4974-4c82-8247-9f057ff87999-groupManagement] INFO  server.RaftServerConfigKeys (ConfUtils.java:logGet(46)) - raft.server.rpc.request.timeout = 60s (custom)
2024-03-11 08:40:04,716 [6d7ddd0a-4974-4c82-8247-9f057ff87999-groupManagement] INFO  server.RaftServerConfigKeys (ConfUtils.java:logGet(46)) - raft.server.log.appender.install.snapshot.enabled = false (custom)
2024-03-11 08:40:04,716 [6d7ddd0a-4974-4c82-8247-9f057ff87999-groupManagement] INFO  server.RaftServerConfigKeys (ConfUtils.java:logGet(46)) - raft.server.threadpool.server.cached = true (default)
2024-03-11 08:40:04,716 [6d7ddd0a-4974-4c82-8247-9f057ff87999-groupManagement] INFO  server.RaftServerConfigKeys (ConfUtils.java:logGet(46)) - raft.server.threadpool.server.size = 0 (default)
2024-03-11 08:40:04,716 [6d7ddd0a-4974-4c82-8247-9f057ff87999-groupManagement] INFO  server.RaftServerConfigKeys (ConfUtils.java:logGet(46)) - raft.server.threadpool.client.cached = true (default)
2024-03-11 08:40:04,716 [6d7ddd0a-4974-4c82-8247-9f057ff87999-groupManagement] INFO  server.RaftServerConfigKeys (ConfUtils.java:logGet(46)) - raft.server.threadpool.client.size = 0 (default)
2024-03-11 08:40:04,716 [6d7ddd0a-4974-4c82-8247-9f057ff87999-groupManagement] INFO  server.RaftServerConfigKeys (ConfUtils.java:logGet(46)) - raft.server.storage.free-space.min = 0MB (=0) (default)
2024-03-11 08:40:04,716 [6d7ddd0a-4974-4c82-8247-9f057ff87999-groupManagement] INFO  server.RaftServerConfigKeys (ConfUtils.java:logGet(46)) - raft.server.log.corruption.policy = EXCEPTION (default)
2024-03-11 08:40:04,716 [6d7ddd0a-4974-4c82-8247-9f057ff87999-groupManagement] INFO  server.RaftServerConfigKeys (ConfUtils.java:logGet(46)) - raft.server.storage.dir = [/home/runner/work/ozone/ozone/hadoop-ozone/integration-test/target/test-dir/MiniOzoneClusterImpl-26b6f519-45de-438b-acbb-b19d352d9476/ozone-meta/datanode-1/ratis] (custom)
2024-03-11 08:40:04,716 [6d7ddd0a-4974-4c82-8247-9f057ff87999-groupManagement] INFO  storage.RaftStorageDirectory (RaftStorageDirectoryImpl.java:analyzeStorage(138)) - The storage directory /home/runner/work/ozone/ozone/hadoop-ozone/integration-test/target/test-dir/MiniOzoneClusterImpl-26b6f519-45de-438b-acbb-b19d352d9476/ozone-meta/datanode-1/ratis/4ad7f43a-4eea-4b14-ab2d-ef145c36f503 does not exist. Creating ...
2024-03-11 08:40:04,717 [6d7ddd0a-4974-4c82-8247-9f057ff87999-groupManagement] INFO  storage.RaftStorageDirectory (RaftStorageDirectoryImpl.java:tryLock(228)) - Lock on /home/runner/work/ozone/ozone/hadoop-ozone/integration-test/target/test-dir/MiniOzoneClusterImpl-26b6f519-45de-438b-acbb-b19d352d9476/ozone-meta/datanode-1/ratis/4ad7f43a-4eea-4b14-ab2d-ef145c36f503/in_use.lock acquired by nodename 48108@fv-az1250-130
2024-03-11 08:40:04,718 [6d7ddd0a-4974-4c82-8247-9f057ff87999-groupManagement] INFO  storage.RaftStorage (RaftStorageImpl.java:format(99)) - Storage directory /home/runner/work/ozone/ozone/hadoop-ozone/integration-test/target/test-dir/MiniOzoneClusterImpl-26b6f519-45de-438b-acbb-b19d352d9476/ozone-meta/datanode-1/ratis/4ad7f43a-4eea-4b14-ab2d-ef145c36f503 has been successfully formatted.
2024-03-11 08:40:04,718 [6d7ddd0a-4974-4c82-8247-9f057ff87999-groupManagement] WARN  util.FileUtils (LogUtils.java:supplyAndLog(63)) - Failed to Files.newInputStream /home/runner/work/ozone/ozone/hadoop-ozone/integration-test/target/test-dir/MiniOzoneClusterImpl-26b6f519-45de-438b-acbb-b19d352d9476/ozone-meta/datanode-1/ratis/4ad7f43a-4eea-4b14-ab2d-ef145c36f503/current/raft-meta.conf with options []: java.nio.file.NoSuchFileException: /home/runner/work/ozone/ozone/hadoop-ozone/integration-test/target/test-dir/MiniOzoneClusterImpl-26b6f519-45de-438b-acbb-b19d352d9476/ozone-meta/datanode-1/ratis/4ad7f43a-4eea-4b14-ab2d-ef145c36f503/current/raft-meta.conf
2024-03-11 08:40:04,718 [6d7ddd0a-4974-4c82-8247-9f057ff87999-groupManagement] INFO  ratis.ContainerStateMachine (ContainerStateMachine.java:loadSnapshot(287)) - group-EF145C36F503: The snapshot info is null. Setting the last applied index to:(t:0, i:~)
2024-03-11 08:40:04,718 [6d7ddd0a-4974-4c82-8247-9f057ff87999-groupManagement] INFO  server.RaftServerConfigKeys (ConfUtils.java:logGet(46)) - raft.server.log.use.memory = false (default)
2024-03-11 08:40:04,718 [6d7ddd0a-4974-4c82-8247-9f057ff87999-groupManagement] INFO  server.RaftServerConfigKeys (ConfUtils.java:logGet(46)) - raft.server.log.purge.gap = 1000000 (custom)
2024-03-11 08:40:04,718 [6d7ddd0a-4974-4c82-8247-9f057ff87999-groupManagement] INFO  server.RaftServerConfigKeys (ConfUtils.java:logGet(46)) - raft.server.log.appender.buffer.byte-limit = 8388608 (custom)
2024-03-11 08:40:04,718 [6d7ddd0a-4974-4c82-8247-9f057ff87999-groupManagement] INFO  server.RaftServerConfigKeys (ConfUtils.java:logGet(46)) - raft.server.log.statemachine.data.read.timeout = 1000ms (default)
2024-03-11 08:40:04,718 [6d7ddd0a-4974-4c82-8247-9f057ff87999-groupManagement] INFO  server.RaftServerConfigKeys (ConfUtils.java:logGet(46)) - raft.server.log.purge.preservation.log.num = 0 (default)
2024-03-11 08:40:04,719 [EventQueue-OpenPipelineForHealthyPipelineSafeModeRule] INFO  safemode.SCMSafeModeManager (HealthyPipelineSafeModeRule.java:process(140)) - SCM in safe mode. Healthy pipelines reported count is 0, required healthy pipeline reported count is 1
2024-03-11 08:40:04,719 [6d7ddd0a-4974-4c82-8247-9f057ff87999-groupManagement] INFO  server.RaftServerConfigKeys (ConfUtils.java:logGet(46)) - raft.server.log.segment.size.max = 67108864 (custom)
2024-03-11 08:40:04,719 [6d7ddd0a-4974-4c82-8247-9f057ff87999-groupManagement] INFO  server.RaftServerConfigKeys (ConfUtils.java:logGet(46)) - raft.server.log.segment.cache.num.max = 2 (custom)
2024-03-11 08:40:04,719 [6d7ddd0a-4974-4c82-8247-9f057ff87999-groupManagement] INFO  server.RaftServerConfigKeys (ConfUtils.java:logGet(46)) - raft.server.log.segment.cache.size.max = 200MB (=209715200) (default)
2024-03-11 08:40:04,719 [6d7ddd0a-4974-4c82-8247-9f057ff87999-groupManagement] INFO  server.RaftServerConfigKeys (ConfUtils.java:logGet(46)) - raft.server.log.appender.buffer.byte-limit = 8388608 (custom)
2024-03-11 08:40:04,719 [6d7ddd0a-4974-4c82-8247-9f057ff87999-groupManagement] INFO  util.AwaitToRun (AwaitToRun.java:start(81)) - Thread[6d7ddd0a-4974-4c82-8247-9f057ff87999@group-EF145C36F503-cacheEviction-AwaitToRun,5,main] started
2024-03-11 08:40:04,720 [6d7ddd0a-4974-4c82-8247-9f057ff87999-groupManagement] INFO  segmented.SegmentedRaftLogWorker (SegmentedRaftLogWorker.java:<init>(182)) - new 6d7ddd0a-4974-4c82-8247-9f057ff87999@group-EF145C36F503-SegmentedRaftLogWorker for RaftStorageImpl:Storage Directory /home/runner/work/ozone/ozone/hadoop-ozone/integration-test/target/test-dir/MiniOzoneClusterImpl-26b6f519-45de-438b-acbb-b19d352d9476/ozone-meta/datanode-1/ratis/4ad7f43a-4eea-4b14-ab2d-ef145c36f503
2024-03-11 08:40:04,720 [6d7ddd0a-4974-4c82-8247-9f057ff87999-groupManagement] INFO  server.RaftServerConfigKeys (ConfUtils.java:logGet(46)) - raft.server.log.queue.byte-limit = 4294967296 (custom)
2024-03-11 08:40:04,720 [6d7ddd0a-4974-4c82-8247-9f057ff87999-groupManagement] INFO  server.RaftServerConfigKeys (ConfUtils.java:logGet(46)) - raft.server.log.queue.element-limit = 1024 (custom)
2024-03-11 08:40:04,720 [6d7ddd0a-4974-4c82-8247-9f057ff87999-groupManagement] INFO  server.RaftServerConfigKeys (ConfUtils.java:logGet(46)) - raft.server.log.segment.size.max = 67108864 (custom)
2024-03-11 08:40:04,720 [6d7ddd0a-4974-4c82-8247-9f057ff87999-groupManagement] INFO  server.RaftServerConfigKeys (ConfUtils.java:logGet(46)) - raft.server.log.preallocated.size = 4194304 (custom)
2024-03-11 08:40:04,720 [6d7ddd0a-4974-4c82-8247-9f057ff87999-groupManagement] INFO  server.RaftServerConfigKeys (ConfUtils.java:logGet(46)) - raft.server.log.force.sync.num = 128 (default)
2024-03-11 08:40:04,720 [6d7ddd0a-4974-4c82-8247-9f057ff87999-groupManagement] INFO  server.RaftServerConfigKeys (ConfUtils.java:logGet(46)) - raft.server.log.statemachine.data.sync = true (default)
2024-03-11 08:40:04,720 [6d7ddd0a-4974-4c82-8247-9f057ff87999-groupManagement] INFO  server.RaftServerConfigKeys (ConfUtils.java:logGet(46)) - raft.server.log.statemachine.data.sync.timeout = 10s (default)
2024-03-11 08:40:04,720 [6d7ddd0a-4974-4c82-8247-9f057ff87999-groupManagement] INFO  server.RaftServerConfigKeys (ConfUtils.java:logGet(46)) - raft.server.log.statemachine.data.sync.timeout.retry = 0 (custom)
2024-03-11 08:40:04,720 [6d7ddd0a-4974-4c82-8247-9f057ff87999-groupManagement] INFO  server.RaftServerConfigKeys (ConfUtils.java:logGet(46)) - raft.server.log.write.buffer.size = 8388616 (custom)
2024-03-11 08:40:04,721 [6d7ddd0a-4974-4c82-8247-9f057ff87999-groupManagement] INFO  server.RaftServerConfigKeys (ConfUtils.java:logGet(46)) - raft.server.log.appender.buffer.byte-limit = 8388608 (custom)
2024-03-11 08:40:04,721 [6d7ddd0a-4974-4c82-8247-9f057ff87999-groupManagement] INFO  server.RaftServerConfigKeys (ConfUtils.java:logGet(46)) - raft.server.log.unsafe-flush.enabled = false (default)
2024-03-11 08:40:04,721 [6d7ddd0a-4974-4c82-8247-9f057ff87999-groupManagement] INFO  server.RaftServerConfigKeys (ConfUtils.java:logGet(46)) - raft.server.log.async-flush.enabled = false (default)
2024-03-11 08:40:04,721 [6d7ddd0a-4974-4c82-8247-9f057ff87999-groupManagement] INFO  server.RaftServerConfigKeys (ConfUtils.java:logGet(46)) - raft.server.log.statemachine.data.caching.enabled = true (custom)
2024-03-11 08:40:04,721 [6d7ddd0a-4974-4c82-8247-9f057ff87999-groupManagement] INFO  segmented.SegmentedRaftLogWorker (SegmentedRaftLogWorker.java:lambda$new$0(134)) - 6d7ddd0a-4974-4c82-8247-9f057ff87999@group-EF145C36F503-SegmentedRaftLogWorker: flushIndex: setUnconditionally 0 -> -1
2024-03-11 08:40:04,722 [6d7ddd0a-4974-4c82-8247-9f057ff87999-groupManagement] INFO  segmented.SegmentedRaftLogWorker (SegmentedRaftLogWorker.java:lambda$new$0(134)) - 6d7ddd0a-4974-4c82-8247-9f057ff87999@group-EF145C36F503-SegmentedRaftLogWorker: safeCacheEvictIndex: setUnconditionally 0 -> -1
2024-03-11 08:40:04,722 [6d7ddd0a-4974-4c82-8247-9f057ff87999-groupManagement] INFO  server.RaftServer$Division (RaftServerImpl.java:start(396)) - 6d7ddd0a-4974-4c82-8247-9f057ff87999@group-EF145C36F503: start as a follower, conf=-1: peers:[6d7ddd0a-4974-4c82-8247-9f057ff87999|10.1.0.9:15280, 0d2e6bfc-4b34-47c2-8255-934200cb31cb|10.1.0.9:15298, ef4f6c43-595b-4c7c-bb14-559caeb18433|10.1.0.9:15289]|listeners:[], old=null
2024-03-11 08:40:04,722 [6d7ddd0a-4974-4c82-8247-9f057ff87999-groupManagement] INFO  server.RaftServer$Division (RaftServerImpl.java:setRole(383)) - 6d7ddd0a-4974-4c82-8247-9f057ff87999@group-EF145C36F503: changes role from      null to FOLLOWER at term 0 for startAsFollower
2024-03-11 08:40:04,722 [6d7ddd0a-4974-4c82-8247-9f057ff87999-groupManagement] INFO  impl.RoleInfo (RoleInfo.java:updateAndGet(139)) - 6d7ddd0a-4974-4c82-8247-9f057ff87999: start 6d7ddd0a-4974-4c82-8247-9f057ff87999@group-EF145C36F503-FollowerState
2024-03-11 08:40:04,722 [6d7ddd0a-4974-4c82-8247-9f057ff87999-groupManagement] INFO  util.JmxRegister (JmxRegister.java:tryRegister(44)) - Successfully registered JMX Bean with object name Ratis:service=RaftServer,group=group-EF145C36F503,id=6d7ddd0a-4974-4c82-8247-9f057ff87999
2024-03-11 08:40:04,722 [6d7ddd0a-4974-4c82-8247-9f057ff87999@group-EF145C36F503-FollowerState] INFO  server.RaftServerConfigKeys (ConfUtils.java:logFallback(53)) - raft.server.rpc.first-election.timeout.min = 5s (fallback to raft.server.rpc.timeout.min)
2024-03-11 08:40:04,722 [6d7ddd0a-4974-4c82-8247-9f057ff87999-groupManagement] INFO  server.RaftServerConfigKeys (ConfUtils.java:logGet(46)) - raft.server.snapshot.trigger-when-stop.enabled = true (default)
2024-03-11 08:40:04,722 [6d7ddd0a-4974-4c82-8247-9f057ff87999@group-EF145C36F503-FollowerState] INFO  server.RaftServerConfigKeys (ConfUtils.java:logFallback(53)) - raft.server.rpc.first-election.timeout.max = 5200ms (fallback to raft.server.rpc.timeout.max)
2024-03-11 08:40:04,722 [6d7ddd0a-4974-4c82-8247-9f057ff87999-groupManagement] INFO  server.RaftServerConfigKeys (ConfUtils.java:logGet(46)) - raft.server.snapshot.auto.trigger.enabled = true (custom)
2024-03-11 08:40:04,722 [6d7ddd0a-4974-4c82-8247-9f057ff87999-groupManagement] INFO  server.RaftServerConfigKeys (ConfUtils.java:logGet(46)) - raft.server.snapshot.auto.trigger.threshold = 10000 (custom)
2024-03-11 08:40:04,722 [6d7ddd0a-4974-4c82-8247-9f057ff87999-groupManagement] INFO  server.RaftServerConfigKeys (ConfUtils.java:logGet(46)) - raft.server.snapshot.retention.file.num = 5 (custom)
2024-03-11 08:40:04,722 [6d7ddd0a-4974-4c82-8247-9f057ff87999-groupManagement] INFO  server.RaftServerConfigKeys (ConfUtils.java:logGet(46)) - raft.server.log.purge.upto.snapshot.index = false (default)
2024-03-11 08:40:04,723 [6d7ddd0a-4974-4c82-8247-9f057ff87999-PipelineCommandHandlerThread-0] INFO  ratis.XceiverServerRatis (XceiverServerRatis.java:addGroup(864)) - Created group PipelineID=4ad7f43a-4eea-4b14-ab2d-ef145c36f503
2024-03-11 08:40:04,732 [grpc-default-executor-4] INFO  server.RaftServer (RaftServerProxy.java:addNew(100)) - ef4f6c43-595b-4c7c-bb14-559caeb18433: addNew group-EF145C36F503:[6d7ddd0a-4974-4c82-8247-9f057ff87999|10.1.0.9:15280, 0d2e6bfc-4b34-47c2-8255-934200cb31cb|10.1.0.9:15298, ef4f6c43-595b-4c7c-bb14-559caeb18433|10.1.0.9:15289] returns group-EF145C36F503:java.util.concurrent.CompletableFuture@5586b609[Not completed]
2024-03-11 08:40:04,732 [ef4f6c43-595b-4c7c-bb14-559caeb18433-groupManagement] INFO  server.RaftServer$Division (RaftServerImpl.java:<init>(256)) - ef4f6c43-595b-4c7c-bb14-559caeb18433: new RaftServerImpl for group-EF145C36F503:[6d7ddd0a-4974-4c82-8247-9f057ff87999|10.1.0.9:15280, 0d2e6bfc-4b34-47c2-8255-934200cb31cb|10.1.0.9:15298, ef4f6c43-595b-4c7c-bb14-559caeb18433|10.1.0.9:15289] with ContainerStateMachine:uninitialized
2024-03-11 08:40:04,732 [ef4f6c43-595b-4c7c-bb14-559caeb18433-groupManagement] INFO  server.RaftServerConfigKeys (ConfUtils.java:logGet(46)) - raft.server.rpc.timeout.min = 5s (custom)
2024-03-11 08:40:04,732 [ef4f6c43-595b-4c7c-bb14-559caeb18433-groupManagement] INFO  server.RaftServerConfigKeys (ConfUtils.java:logGet(46)) - raft.server.rpc.timeout.max = 5200ms (custom)
2024-03-11 08:40:04,732 [ef4f6c43-595b-4c7c-bb14-559caeb18433-groupManagement] INFO  server.RaftServerConfigKeys (ConfUtils.java:logGet(46)) - raft.server.rpc.sleep.time = 25ms (default)
2024-03-11 08:40:04,732 [ef4f6c43-595b-4c7c-bb14-559caeb18433-groupManagement] INFO  server.RaftServerConfigKeys (ConfUtils.java:logGet(46)) - raft.server.rpc.slowness.timeout = 300s (custom)
2024-03-11 08:40:04,732 [ef4f6c43-595b-4c7c-bb14-559caeb18433-groupManagement] INFO  server.RaftServerConfigKeys (ConfUtils.java:logGet(46)) - raft.server.leaderelection.leader.step-down.wait-time = 10s (default)
2024-03-11 08:40:04,732 [ef4f6c43-595b-4c7c-bb14-559caeb18433-groupManagement] INFO  server.RaftServerConfigKeys (ConfUtils.java:logGet(46)) - raft.server.leaderelection.member.majority-add = false (default)
2024-03-11 08:40:04,732 [ef4f6c43-595b-4c7c-bb14-559caeb18433-groupManagement] INFO  server.RaftServerConfigKeys (ConfUtils.java:logGet(46)) - raft.server.sleep.deviation.threshold = 300ms (default)
2024-03-11 08:40:04,733 [ef4f6c43-595b-4c7c-bb14-559caeb18433-groupManagement] INFO  server.RaftServer$Division (ServerState.java:<init>(113)) - ef4f6c43-595b-4c7c-bb14-559caeb18433@group-EF145C36F503: ConfigurationManager, init=-1: peers:[6d7ddd0a-4974-4c82-8247-9f057ff87999|10.1.0.9:15280, 0d2e6bfc-4b34-47c2-8255-934200cb31cb|10.1.0.9:15298, ef4f6c43-595b-4c7c-bb14-559caeb18433|10.1.0.9:15289]|listeners:[], old=null, confs=<EMPTY_MAP>
2024-03-11 08:40:04,733 [ef4f6c43-595b-4c7c-bb14-559caeb18433-groupManagement] INFO  server.RaftServerConfigKeys (ConfUtils.java:logGet(46)) - raft.server.notification.no-leader.timeout = 300s (custom)
2024-03-11 08:40:04,733 [ef4f6c43-595b-4c7c-bb14-559caeb18433-groupManagement] INFO  server.RaftServerConfigKeys (ConfUtils.java:logGet(46)) - raft.server.read.timeout = 10s (default)
2024-03-11 08:40:04,733 [ef4f6c43-595b-4c7c-bb14-559caeb18433-groupManagement] INFO  server.RaftServerConfigKeys (ConfUtils.java:logGet(46)) - raft.server.retrycache.expirytime = 600000ms (custom)
2024-03-11 08:40:04,733 [ef4f6c43-595b-4c7c-bb14-559caeb18433-groupManagement] INFO  server.RaftServerConfigKeys (ConfUtils.java:logGet(46)) - raft.server.retrycache.statistics.expirytime = 100ms (default)
2024-03-11 08:40:04,733 [ef4f6c43-595b-4c7c-bb14-559caeb18433-groupManagement] INFO  server.RaftServerConfigKeys (ConfUtils.java:logGet(46)) - raft.server.read.option = DEFAULT (default)
2024-03-11 08:40:04,733 [ef4f6c43-595b-4c7c-bb14-559caeb18433-groupManagement] INFO  server.RaftServerConfigKeys (ConfUtils.java:logGet(46)) - raft.server.read.read-after-write-consistent.write-index-cache.expiry-time = 60s (default)
2024-03-11 08:40:04,734 [ef4f6c43-595b-4c7c-bb14-559caeb18433-groupManagement] INFO  server.RaftServerConfigKeys (ConfUtils.java:logGet(46)) - raft.server.rpc.request.timeout = 60s (custom)
2024-03-11 08:40:04,734 [ef4f6c43-595b-4c7c-bb14-559caeb18433-groupManagement] INFO  server.RaftServerConfigKeys (ConfUtils.java:logGet(46)) - raft.server.log.appender.install.snapshot.enabled = false (custom)
2024-03-11 08:40:04,734 [ef4f6c43-595b-4c7c-bb14-559caeb18433-groupManagement] INFO  server.RaftServerConfigKeys (ConfUtils.java:logGet(46)) - raft.server.threadpool.server.cached = true (default)
2024-03-11 08:40:04,734 [ef4f6c43-595b-4c7c-bb14-559caeb18433-groupManagement] INFO  server.RaftServerConfigKeys (ConfUtils.java:logGet(46)) - raft.server.threadpool.server.size = 0 (default)
2024-03-11 08:40:04,734 [ef4f6c43-595b-4c7c-bb14-559caeb18433-groupManagement] INFO  server.RaftServerConfigKeys (ConfUtils.java:logGet(46)) - raft.server.threadpool.client.cached = true (default)
2024-03-11 08:40:04,734 [ef4f6c43-595b-4c7c-bb14-559caeb18433-groupManagement] INFO  server.RaftServerConfigKeys (ConfUtils.java:logGet(46)) - raft.server.threadpool.client.size = 0 (default)
2024-03-11 08:40:04,734 [ef4f6c43-595b-4c7c-bb14-559caeb18433-groupManagement] INFO  server.RaftServerConfigKeys (ConfUtils.java:logGet(46)) - raft.server.storage.free-space.min = 0MB (=0) (default)
2024-03-11 08:40:04,735 [ef4f6c43-595b-4c7c-bb14-559caeb18433-groupManagement] INFO  server.RaftServerConfigKeys (ConfUtils.java:logGet(46)) - raft.server.log.corruption.policy = EXCEPTION (default)
2024-03-11 08:40:04,735 [ef4f6c43-595b-4c7c-bb14-559caeb18433-groupManagement] INFO  server.RaftServerConfigKeys (ConfUtils.java:logGet(46)) - raft.server.storage.dir = [/home/runner/work/ozone/ozone/hadoop-ozone/integration-test/target/test-dir/MiniOzoneClusterImpl-26b6f519-45de-438b-acbb-b19d352d9476/ozone-meta/datanode-2/ratis] (custom)
2024-03-11 08:40:04,735 [ef4f6c43-595b-4c7c-bb14-559caeb18433-groupManagement] INFO  storage.RaftStorageDirectory (RaftStorageDirectoryImpl.java:analyzeStorage(138)) - The storage directory /home/runner/work/ozone/ozone/hadoop-ozone/integration-test/target/test-dir/MiniOzoneClusterImpl-26b6f519-45de-438b-acbb-b19d352d9476/ozone-meta/datanode-2/ratis/4ad7f43a-4eea-4b14-ab2d-ef145c36f503 does not exist. Creating ...
2024-03-11 08:40:04,736 [ef4f6c43-595b-4c7c-bb14-559caeb18433-groupManagement] INFO  storage.RaftStorageDirectory (RaftStorageDirectoryImpl.java:tryLock(228)) - Lock on /home/runner/work/ozone/ozone/hadoop-ozone/integration-test/target/test-dir/MiniOzoneClusterImpl-26b6f519-45de-438b-acbb-b19d352d9476/ozone-meta/datanode-2/ratis/4ad7f43a-4eea-4b14-ab2d-ef145c36f503/in_use.lock acquired by nodename 48108@fv-az1250-130
2024-03-11 08:40:04,737 [ef4f6c43-595b-4c7c-bb14-559caeb18433-groupManagement] INFO  storage.RaftStorage (RaftStorageImpl.java:format(99)) - Storage directory /home/runner/work/ozone/ozone/hadoop-ozone/integration-test/target/test-dir/MiniOzoneClusterImpl-26b6f519-45de-438b-acbb-b19d352d9476/ozone-meta/datanode-2/ratis/4ad7f43a-4eea-4b14-ab2d-ef145c36f503 has been successfully formatted.
2024-03-11 08:40:04,737 [ef4f6c43-595b-4c7c-bb14-559caeb18433-groupManagement] WARN  util.FileUtils (LogUtils.java:supplyAndLog(63)) - Failed to Files.newInputStream /home/runner/work/ozone/ozone/hadoop-ozone/integration-test/target/test-dir/MiniOzoneClusterImpl-26b6f519-45de-438b-acbb-b19d352d9476/ozone-meta/datanode-2/ratis/4ad7f43a-4eea-4b14-ab2d-ef145c36f503/current/raft-meta.conf with options []: java.nio.file.NoSuchFileException: /home/runner/work/ozone/ozone/hadoop-ozone/integration-test/target/test-dir/MiniOzoneClusterImpl-26b6f519-45de-438b-acbb-b19d352d9476/ozone-meta/datanode-2/ratis/4ad7f43a-4eea-4b14-ab2d-ef145c36f503/current/raft-meta.conf
2024-03-11 08:40:04,737 [ef4f6c43-595b-4c7c-bb14-559caeb18433-groupManagement] INFO  ratis.ContainerStateMachine (ContainerStateMachine.java:loadSnapshot(287)) - group-EF145C36F503: The snapshot info is null. Setting the last applied index to:(t:0, i:~)
2024-03-11 08:40:04,738 [ef4f6c43-595b-4c7c-bb14-559caeb18433-groupManagement] INFO  server.RaftServerConfigKeys (ConfUtils.java:logGet(46)) - raft.server.log.use.memory = false (default)
2024-03-11 08:40:04,738 [ef4f6c43-595b-4c7c-bb14-559caeb18433-groupManagement] INFO  server.RaftServerConfigKeys (ConfUtils.java:logGet(46)) - raft.server.log.purge.gap = 1000000 (custom)
2024-03-11 08:40:04,738 [ef4f6c43-595b-4c7c-bb14-559caeb18433-groupManagement] INFO  server.RaftServerConfigKeys (ConfUtils.java:logGet(46)) - raft.server.log.appender.buffer.byte-limit = 8388608 (custom)
2024-03-11 08:40:04,738 [ef4f6c43-595b-4c7c-bb14-559caeb18433-groupManagement] INFO  server.RaftServerConfigKeys (ConfUtils.java:logGet(46)) - raft.server.log.statemachine.data.read.timeout = 1000ms (default)
2024-03-11 08:40:04,738 [ef4f6c43-595b-4c7c-bb14-559caeb18433-groupManagement] INFO  server.RaftServerConfigKeys (ConfUtils.java:logGet(46)) - raft.server.log.purge.preservation.log.num = 0 (default)
2024-03-11 08:40:04,739 [ef4f6c43-595b-4c7c-bb14-559caeb18433-groupManagement] INFO  server.RaftServerConfigKeys (ConfUtils.java:logGet(46)) - raft.server.log.segment.size.max = 67108864 (custom)
2024-03-11 08:40:04,739 [ef4f6c43-595b-4c7c-bb14-559caeb18433-groupManagement] INFO  server.RaftServerConfigKeys (ConfUtils.java:logGet(46)) - raft.server.log.segment.cache.num.max = 2 (custom)
2024-03-11 08:40:04,739 [ef4f6c43-595b-4c7c-bb14-559caeb18433-groupManagement] INFO  server.RaftServerConfigKeys (ConfUtils.java:logGet(46)) - raft.server.log.segment.cache.size.max = 200MB (=209715200) (default)
2024-03-11 08:40:04,739 [ef4f6c43-595b-4c7c-bb14-559caeb18433-groupManagement] INFO  server.RaftServerConfigKeys (ConfUtils.java:logGet(46)) - raft.server.log.appender.buffer.byte-limit = 8388608 (custom)
2024-03-11 08:40:04,739 [ef4f6c43-595b-4c7c-bb14-559caeb18433-groupManagement] INFO  util.AwaitToRun (AwaitToRun.java:start(81)) - Thread[ef4f6c43-595b-4c7c-bb14-559caeb18433@group-EF145C36F503-cacheEviction-AwaitToRun,5,main] started
2024-03-11 08:40:04,739 [ef4f6c43-595b-4c7c-bb14-559caeb18433-groupManagement] INFO  segmented.SegmentedRaftLogWorker (SegmentedRaftLogWorker.java:<init>(182)) - new ef4f6c43-595b-4c7c-bb14-559caeb18433@group-EF145C36F503-SegmentedRaftLogWorker for RaftStorageImpl:Storage Directory /home/runner/work/ozone/ozone/hadoop-ozone/integration-test/target/test-dir/MiniOzoneClusterImpl-26b6f519-45de-438b-acbb-b19d352d9476/ozone-meta/datanode-2/ratis/4ad7f43a-4eea-4b14-ab2d-ef145c36f503
2024-03-11 08:40:04,739 [ef4f6c43-595b-4c7c-bb14-559caeb18433-groupManagement] INFO  server.RaftServerConfigKeys (ConfUtils.java:logGet(46)) - raft.server.log.queue.byte-limit = 4294967296 (custom)
2024-03-11 08:40:04,739 [ef4f6c43-595b-4c7c-bb14-559caeb18433-groupManagement] INFO  server.RaftServerConfigKeys (ConfUtils.java:logGet(46)) - raft.server.log.queue.element-limit = 1024 (custom)
2024-03-11 08:40:04,740 [ef4f6c43-595b-4c7c-bb14-559caeb18433-groupManagement] INFO  server.RaftServerConfigKeys (ConfUtils.java:logGet(46)) - raft.server.log.segment.size.max = 67108864 (custom)
2024-03-11 08:40:04,740 [ef4f6c43-595b-4c7c-bb14-559caeb18433-groupManagement] INFO  server.RaftServerConfigKeys (ConfUtils.java:logGet(46)) - raft.server.log.preallocated.size = 4194304 (custom)
2024-03-11 08:40:04,740 [ef4f6c43-595b-4c7c-bb14-559caeb18433-groupManagement] INFO  server.RaftServerConfigKeys (ConfUtils.java:logGet(46)) - raft.server.log.force.sync.num = 128 (default)
2024-03-11 08:40:04,740 [ef4f6c43-595b-4c7c-bb14-559caeb18433-groupManagement] INFO  server.RaftServerConfigKeys (ConfUtils.java:logGet(46)) - raft.server.log.statemachine.data.sync = true (default)
2024-03-11 08:40:04,740 [ef4f6c43-595b-4c7c-bb14-559caeb18433-groupManagement] INFO  server.RaftServerConfigKeys (ConfUtils.java:logGet(46)) - raft.server.log.statemachine.data.sync.timeout = 10s (default)
2024-03-11 08:40:04,740 [ef4f6c43-595b-4c7c-bb14-559caeb18433-groupManagement] INFO  server.RaftServerConfigKeys (ConfUtils.java:logGet(46)) - raft.server.log.statemachine.data.sync.timeout.retry = 0 (custom)
2024-03-11 08:40:04,740 [ef4f6c43-595b-4c7c-bb14-559caeb18433-groupManagement] INFO  server.RaftServerConfigKeys (ConfUtils.java:logGet(46)) - raft.server.log.write.buffer.size = 8388616 (custom)
2024-03-11 08:40:04,741 [ef4f6c43-595b-4c7c-bb14-559caeb18433-groupManagement] INFO  server.RaftServerConfigKeys (ConfUtils.java:logGet(46)) - raft.server.log.appender.buffer.byte-limit = 8388608 (custom)
2024-03-11 08:40:04,741 [ef4f6c43-595b-4c7c-bb14-559caeb18433-groupManagement] INFO  server.RaftServerConfigKeys (ConfUtils.java:logGet(46)) - raft.server.log.unsafe-flush.enabled = false (default)
2024-03-11 08:40:04,741 [ef4f6c43-595b-4c7c-bb14-559caeb18433-groupManagement] INFO  server.RaftServerConfigKeys (ConfUtils.java:logGet(46)) - raft.server.log.async-flush.enabled = false (default)
2024-03-11 08:40:04,741 [ef4f6c43-595b-4c7c-bb14-559caeb18433-groupManagement] INFO  server.RaftServerConfigKeys (ConfUtils.java:logGet(46)) - raft.server.log.statemachine.data.caching.enabled = true (custom)
2024-03-11 08:40:04,742 [ef4f6c43-595b-4c7c-bb14-559caeb18433-groupManagement] INFO  segmented.SegmentedRaftLogWorker (SegmentedRaftLogWorker.java:lambda$new$0(134)) - ef4f6c43-595b-4c7c-bb14-559caeb18433@group-EF145C36F503-SegmentedRaftLogWorker: flushIndex: setUnconditionally 0 -> -1
2024-03-11 08:40:04,742 [ef4f6c43-595b-4c7c-bb14-559caeb18433-groupManagement] INFO  segmented.SegmentedRaftLogWorker (SegmentedRaftLogWorker.java:lambda$new$0(134)) - ef4f6c43-595b-4c7c-bb14-559caeb18433@group-EF145C36F503-SegmentedRaftLogWorker: safeCacheEvictIndex: setUnconditionally 0 -> -1
2024-03-11 08:40:04,742 [ef4f6c43-595b-4c7c-bb14-559caeb18433-groupManagement] INFO  server.RaftServer$Division (RaftServerImpl.java:start(396)) - ef4f6c43-595b-4c7c-bb14-559caeb18433@group-EF145C36F503: start as a follower, conf=-1: peers:[6d7ddd0a-4974-4c82-8247-9f057ff87999|10.1.0.9:15280, 0d2e6bfc-4b34-47c2-8255-934200cb31cb|10.1.0.9:15298, ef4f6c43-595b-4c7c-bb14-559caeb18433|10.1.0.9:15289]|listeners:[], old=null
2024-03-11 08:40:04,742 [ef4f6c43-595b-4c7c-bb14-559caeb18433-groupManagement] INFO  server.RaftServer$Division (RaftServerImpl.java:setRole(383)) - ef4f6c43-595b-4c7c-bb14-559caeb18433@group-EF145C36F503: changes role from      null to FOLLOWER at term 0 for startAsFollower
2024-03-11 08:40:04,742 [ef4f6c43-595b-4c7c-bb14-559caeb18433-groupManagement] INFO  impl.RoleInfo (RoleInfo.java:updateAndGet(139)) - ef4f6c43-595b-4c7c-bb14-559caeb18433: start ef4f6c43-595b-4c7c-bb14-559caeb18433@group-EF145C36F503-FollowerState
2024-03-11 08:40:04,742 [ef4f6c43-595b-4c7c-bb14-559caeb18433@group-EF145C36F503-FollowerState] INFO  server.RaftServerConfigKeys (ConfUtils.java:logFallback(53)) - raft.server.rpc.first-election.timeout.min = 5s (fallback to raft.server.rpc.timeout.min)
2024-03-11 08:40:04,742 [ef4f6c43-595b-4c7c-bb14-559caeb18433@group-EF145C36F503-FollowerState] INFO  server.RaftServerConfigKeys (ConfUtils.java:logFallback(53)) - raft.server.rpc.first-election.timeout.max = 5200ms (fallback to raft.server.rpc.timeout.max)
2024-03-11 08:40:04,742 [ef4f6c43-595b-4c7c-bb14-559caeb18433-groupManagement] INFO  util.JmxRegister (JmxRegister.java:tryRegister(44)) - Successfully registered JMX Bean with object name Ratis:service=RaftServer,group=group-EF145C36F503,id=ef4f6c43-595b-4c7c-bb14-559caeb18433
2024-03-11 08:40:04,742 [ef4f6c43-595b-4c7c-bb14-559caeb18433-groupManagement] INFO  server.RaftServerConfigKeys (ConfUtils.java:logGet(46)) - raft.server.snapshot.trigger-when-stop.enabled = true (default)
2024-03-11 08:40:04,742 [ef4f6c43-595b-4c7c-bb14-559caeb18433-groupManagement] INFO  server.RaftServerConfigKeys (ConfUtils.java:logGet(46)) - raft.server.snapshot.auto.trigger.enabled = true (custom)
2024-03-11 08:40:04,743 [ef4f6c43-595b-4c7c-bb14-559caeb18433-groupManagement] INFO  server.RaftServerConfigKeys (ConfUtils.java:logGet(46)) - raft.server.snapshot.auto.trigger.threshold = 10000 (custom)
2024-03-11 08:40:04,743 [ef4f6c43-595b-4c7c-bb14-559caeb18433-groupManagement] INFO  server.RaftServerConfigKeys (ConfUtils.java:logGet(46)) - raft.server.snapshot.retention.file.num = 5 (custom)
2024-03-11 08:40:04,743 [ef4f6c43-595b-4c7c-bb14-559caeb18433-groupManagement] INFO  server.RaftServerConfigKeys (ConfUtils.java:logGet(46)) - raft.server.log.purge.upto.snapshot.index = false (default)
2024-03-11 08:40:04,750 [grpc-default-executor-4] INFO  server.RaftServer (RaftServerProxy.java:addNew(100)) - 0d2e6bfc-4b34-47c2-8255-934200cb31cb: addNew group-EF145C36F503:[6d7ddd0a-4974-4c82-8247-9f057ff87999|10.1.0.9:15280, 0d2e6bfc-4b34-47c2-8255-934200cb31cb|10.1.0.9:15298, ef4f6c43-595b-4c7c-bb14-559caeb18433|10.1.0.9:15289] returns group-EF145C36F503:java.util.concurrent.CompletableFuture@6e70b470[Not completed]
2024-03-11 08:40:04,750 [0d2e6bfc-4b34-47c2-8255-934200cb31cb-groupManagement] INFO  server.RaftServer$Division (RaftServerImpl.java:<init>(256)) - 0d2e6bfc-4b34-47c2-8255-934200cb31cb: new RaftServerImpl for group-EF145C36F503:[6d7ddd0a-4974-4c82-8247-9f057ff87999|10.1.0.9:15280, 0d2e6bfc-4b34-47c2-8255-934200cb31cb|10.1.0.9:15298, ef4f6c43-595b-4c7c-bb14-559caeb18433|10.1.0.9:15289] with ContainerStateMachine:uninitialized
2024-03-11 08:40:04,750 [0d2e6bfc-4b34-47c2-8255-934200cb31cb-groupManagement] INFO  server.RaftServerConfigKeys (ConfUtils.java:logGet(46)) - raft.server.rpc.timeout.min = 5s (custom)
2024-03-11 08:40:04,750 [0d2e6bfc-4b34-47c2-8255-934200cb31cb-groupManagement] INFO  server.RaftServerConfigKeys (ConfUtils.java:logGet(46)) - raft.server.rpc.timeout.max = 5200ms (custom)
2024-03-11 08:40:04,750 [0d2e6bfc-4b34-47c2-8255-934200cb31cb-groupManagement] INFO  server.RaftServerConfigKeys (ConfUtils.java:logGet(46)) - raft.server.rpc.sleep.time = 25ms (default)
2024-03-11 08:40:04,750 [0d2e6bfc-4b34-47c2-8255-934200cb31cb-groupManagement] INFO  server.RaftServerConfigKeys (ConfUtils.java:logGet(46)) - raft.server.rpc.slowness.timeout = 300s (custom)
2024-03-11 08:40:04,750 [0d2e6bfc-4b34-47c2-8255-934200cb31cb-groupManagement] INFO  server.RaftServerConfigKeys (ConfUtils.java:logGet(46)) - raft.server.leaderelection.leader.step-down.wait-time = 10s (default)
2024-03-11 08:40:04,750 [0d2e6bfc-4b34-47c2-8255-934200cb31cb-groupManagement] INFO  server.RaftServerConfigKeys (ConfUtils.java:logGet(46)) - raft.server.leaderelection.member.majority-add = false (default)
2024-03-11 08:40:04,750 [0d2e6bfc-4b34-47c2-8255-934200cb31cb-groupManagement] INFO  server.RaftServerConfigKeys (ConfUtils.java:logGet(46)) - raft.server.sleep.deviation.threshold = 300ms (default)
2024-03-11 08:40:04,751 [0d2e6bfc-4b34-47c2-8255-934200cb31cb-groupManagement] INFO  server.RaftServer$Division (ServerState.java:<init>(113)) - 0d2e6bfc-4b34-47c2-8255-934200cb31cb@group-EF145C36F503: ConfigurationManager, init=-1: peers:[6d7ddd0a-4974-4c82-8247-9f057ff87999|10.1.0.9:15280, 0d2e6bfc-4b34-47c2-8255-934200cb31cb|10.1.0.9:15298, ef4f6c43-595b-4c7c-bb14-559caeb18433|10.1.0.9:15289]|listeners:[], old=null, confs=<EMPTY_MAP>
2024-03-11 08:40:04,751 [0d2e6bfc-4b34-47c2-8255-934200cb31cb-groupManagement] INFO  server.RaftServerConfigKeys (ConfUtils.java:logGet(46)) - raft.server.notification.no-leader.timeout = 300s (custom)
2024-03-11 08:40:04,751 [0d2e6bfc-4b34-47c2-8255-934200cb31cb-groupManagement] INFO  server.RaftServerConfigKeys (ConfUtils.java:logGet(46)) - raft.server.read.timeout = 10s (default)
2024-03-11 08:40:04,751 [0d2e6bfc-4b34-47c2-8255-934200cb31cb-groupManagement] INFO  server.RaftServerConfigKeys (ConfUtils.java:logGet(46)) - raft.server.retrycache.expirytime = 600000ms (custom)
2024-03-11 08:40:04,751 [0d2e6bfc-4b34-47c2-8255-934200cb31cb-groupManagement] INFO  server.RaftServerConfigKeys (ConfUtils.java:logGet(46)) - raft.server.retrycache.statistics.expirytime = 100ms (default)
2024-03-11 08:40:04,751 [0d2e6bfc-4b34-47c2-8255-934200cb31cb-groupManagement] INFO  server.RaftServerConfigKeys (ConfUtils.java:logGet(46)) - raft.server.read.option = DEFAULT (default)
2024-03-11 08:40:04,751 [0d2e6bfc-4b34-47c2-8255-934200cb31cb-groupManagement] INFO  server.RaftServerConfigKeys (ConfUtils.java:logGet(46)) - raft.server.read.read-after-write-consistent.write-index-cache.expiry-time = 60s (default)
2024-03-11 08:40:04,752 [0d2e6bfc-4b34-47c2-8255-934200cb31cb-groupManagement] INFO  server.RaftServerConfigKeys (ConfUtils.java:logGet(46)) - raft.server.rpc.request.timeout = 60s (custom)
2024-03-11 08:40:04,752 [0d2e6bfc-4b34-47c2-8255-934200cb31cb-groupManagement] INFO  server.RaftServerConfigKeys (ConfUtils.java:logGet(46)) - raft.server.log.appender.install.snapshot.enabled = false (custom)
2024-03-11 08:40:04,752 [0d2e6bfc-4b34-47c2-8255-934200cb31cb-groupManagement] INFO  server.RaftServerConfigKeys (ConfUtils.java:logGet(46)) - raft.server.threadpool.server.cached = true (default)
2024-03-11 08:40:04,752 [0d2e6bfc-4b34-47c2-8255-934200cb31cb-groupManagement] INFO  server.RaftServerConfigKeys (ConfUtils.java:logGet(46)) - raft.server.threadpool.server.size = 0 (default)
2024-03-11 08:40:04,752 [0d2e6bfc-4b34-47c2-8255-934200cb31cb-groupManagement] INFO  server.RaftServerConfigKeys (ConfUtils.java:logGet(46)) - raft.server.threadpool.client.cached = true (default)
2024-03-11 08:40:04,752 [0d2e6bfc-4b34-47c2-8255-934200cb31cb-groupManagement] INFO  server.RaftServerConfigKeys (ConfUtils.java:logGet(46)) - raft.server.threadpool.client.size = 0 (default)
2024-03-11 08:40:04,752 [0d2e6bfc-4b34-47c2-8255-934200cb31cb-groupManagement] INFO  server.RaftServerConfigKeys (ConfUtils.java:logGet(46)) - raft.server.storage.free-space.min = 0MB (=0) (default)
2024-03-11 08:40:04,752 [0d2e6bfc-4b34-47c2-8255-934200cb31cb-groupManagement] INFO  server.RaftServerConfigKeys (ConfUtils.java:logGet(46)) - raft.server.log.corruption.policy = EXCEPTION (default)
2024-03-11 08:40:04,752 [0d2e6bfc-4b34-47c2-8255-934200cb31cb-groupManagement] INFO  server.RaftServerConfigKeys (ConfUtils.java:logGet(46)) - raft.server.storage.dir = [/home/runner/work/ozone/ozone/hadoop-ozone/integration-test/target/test-dir/MiniOzoneClusterImpl-26b6f519-45de-438b-acbb-b19d352d9476/ozone-meta/datanode-3/ratis] (custom)
2024-03-11 08:40:04,752 [0d2e6bfc-4b34-47c2-8255-934200cb31cb-groupManagement] INFO  storage.RaftStorageDirectory (RaftStorageDirectoryImpl.java:analyzeStorage(138)) - The storage directory /home/runner/work/ozone/ozone/hadoop-ozone/integration-test/target/test-dir/MiniOzoneClusterImpl-26b6f519-45de-438b-acbb-b19d352d9476/ozone-meta/datanode-3/ratis/4ad7f43a-4eea-4b14-ab2d-ef145c36f503 does not exist. Creating ...
2024-03-11 08:40:04,754 [0d2e6bfc-4b34-47c2-8255-934200cb31cb-groupManagement] INFO  storage.RaftStorageDirectory (RaftStorageDirectoryImpl.java:tryLock(228)) - Lock on /home/runner/work/ozone/ozone/hadoop-ozone/integration-test/target/test-dir/MiniOzoneClusterImpl-26b6f519-45de-438b-acbb-b19d352d9476/ozone-meta/datanode-3/ratis/4ad7f43a-4eea-4b14-ab2d-ef145c36f503/in_use.lock acquired by nodename 48108@fv-az1250-130
2024-03-11 08:40:04,755 [0d2e6bfc-4b34-47c2-8255-934200cb31cb-groupManagement] INFO  storage.RaftStorage (RaftStorageImpl.java:format(99)) - Storage directory /home/runner/work/ozone/ozone/hadoop-ozone/integration-test/target/test-dir/MiniOzoneClusterImpl-26b6f519-45de-438b-acbb-b19d352d9476/ozone-meta/datanode-3/ratis/4ad7f43a-4eea-4b14-ab2d-ef145c36f503 has been successfully formatted.
2024-03-11 08:40:04,755 [0d2e6bfc-4b34-47c2-8255-934200cb31cb-groupManagement] WARN  util.FileUtils (LogUtils.java:supplyAndLog(63)) - Failed to Files.newInputStream /home/runner/work/ozone/ozone/hadoop-ozone/integration-test/target/test-dir/MiniOzoneClusterImpl-26b6f519-45de-438b-acbb-b19d352d9476/ozone-meta/datanode-3/ratis/4ad7f43a-4eea-4b14-ab2d-ef145c36f503/current/raft-meta.conf with options []: java.nio.file.NoSuchFileException: /home/runner/work/ozone/ozone/hadoop-ozone/integration-test/target/test-dir/MiniOzoneClusterImpl-26b6f519-45de-438b-acbb-b19d352d9476/ozone-meta/datanode-3/ratis/4ad7f43a-4eea-4b14-ab2d-ef145c36f503/current/raft-meta.conf
2024-03-11 08:40:04,755 [0d2e6bfc-4b34-47c2-8255-934200cb31cb-groupManagement] INFO  ratis.ContainerStateMachine (ContainerStateMachine.java:loadSnapshot(287)) - group-EF145C36F503: The snapshot info is null. Setting the last applied index to:(t:0, i:~)
2024-03-11 08:40:04,755 [0d2e6bfc-4b34-47c2-8255-934200cb31cb-groupManagement] INFO  server.RaftServerConfigKeys (ConfUtils.java:logGet(46)) - raft.server.log.use.memory = false (default)
2024-03-11 08:40:04,755 [0d2e6bfc-4b34-47c2-8255-934200cb31cb-groupManagement] INFO  server.RaftServerConfigKeys (ConfUtils.java:logGet(46)) - raft.server.log.purge.gap = 1000000 (custom)
2024-03-11 08:40:04,755 [0d2e6bfc-4b34-47c2-8255-934200cb31cb-groupManagement] INFO  server.RaftServerConfigKeys (ConfUtils.java:logGet(46)) - raft.server.log.appender.buffer.byte-limit = 8388608 (custom)
2024-03-11 08:40:04,755 [0d2e6bfc-4b34-47c2-8255-934200cb31cb-groupManagement] INFO  server.RaftServerConfigKeys (ConfUtils.java:logGet(46)) - raft.server.log.statemachine.data.read.timeout = 1000ms (default)
2024-03-11 08:40:04,755 [0d2e6bfc-4b34-47c2-8255-934200cb31cb-groupManagement] INFO  server.RaftServerConfigKeys (ConfUtils.java:logGet(46)) - raft.server.log.purge.preservation.log.num = 0 (default)
2024-03-11 08:40:04,756 [0d2e6bfc-4b34-47c2-8255-934200cb31cb-groupManagement] INFO  server.RaftServerConfigKeys (ConfUtils.java:logGet(46)) - raft.server.log.segment.size.max = 67108864 (custom)
2024-03-11 08:40:04,756 [0d2e6bfc-4b34-47c2-8255-934200cb31cb-groupManagement] INFO  server.RaftServerConfigKeys (ConfUtils.java:logGet(46)) - raft.server.log.segment.cache.num.max = 2 (custom)
2024-03-11 08:40:04,756 [0d2e6bfc-4b34-47c2-8255-934200cb31cb-groupManagement] INFO  server.RaftServerConfigKeys (ConfUtils.java:logGet(46)) - raft.server.log.segment.cache.size.max = 200MB (=209715200) (default)
2024-03-11 08:40:04,756 [0d2e6bfc-4b34-47c2-8255-934200cb31cb-groupManagement] INFO  server.RaftServerConfigKeys (ConfUtils.java:logGet(46)) - raft.server.log.appender.buffer.byte-limit = 8388608 (custom)
2024-03-11 08:40:04,756 [0d2e6bfc-4b34-47c2-8255-934200cb31cb-groupManagement] INFO  util.AwaitToRun (AwaitToRun.java:start(81)) - Thread[0d2e6bfc-4b34-47c2-8255-934200cb31cb@group-EF145C36F503-cacheEviction-AwaitToRun,5,main] started
2024-03-11 08:40:04,756 [0d2e6bfc-4b34-47c2-8255-934200cb31cb-groupManagement] INFO  segmented.SegmentedRaftLogWorker (SegmentedRaftLogWorker.java:<init>(182)) - new 0d2e6bfc-4b34-47c2-8255-934200cb31cb@group-EF145C36F503-SegmentedRaftLogWorker for RaftStorageImpl:Storage Directory /home/runner/work/ozone/ozone/hadoop-ozone/integration-test/target/test-dir/MiniOzoneClusterImpl-26b6f519-45de-438b-acbb-b19d352d9476/ozone-meta/datanode-3/ratis/4ad7f43a-4eea-4b14-ab2d-ef145c36f503
2024-03-11 08:40:04,756 [0d2e6bfc-4b34-47c2-8255-934200cb31cb-groupManagement] INFO  server.RaftServerConfigKeys (ConfUtils.java:logGet(46)) - raft.server.log.queue.byte-limit = 4294967296 (custom)
2024-03-11 08:40:04,757 [0d2e6bfc-4b34-47c2-8255-934200cb31cb-groupManagement] INFO  server.RaftServerConfigKeys (ConfUtils.java:logGet(46)) - raft.server.log.queue.element-limit = 1024 (custom)
2024-03-11 08:40:04,757 [0d2e6bfc-4b34-47c2-8255-934200cb31cb-groupManagement] INFO  server.RaftServerConfigKeys (ConfUtils.java:logGet(46)) - raft.server.log.segment.size.max = 67108864 (custom)
2024-03-11 08:40:04,757 [0d2e6bfc-4b34-47c2-8255-934200cb31cb-groupManagement] INFO  server.RaftServerConfigKeys (ConfUtils.java:logGet(46)) - raft.server.log.preallocated.size = 4194304 (custom)
2024-03-11 08:40:04,757 [0d2e6bfc-4b34-47c2-8255-934200cb31cb-groupManagement] INFO  server.RaftServerConfigKeys (ConfUtils.java:logGet(46)) - raft.server.log.force.sync.num = 128 (default)
2024-03-11 08:40:04,757 [0d2e6bfc-4b34-47c2-8255-934200cb31cb-groupManagement] INFO  server.RaftServerConfigKeys (ConfUtils.java:logGet(46)) - raft.server.log.statemachine.data.sync = true (default)
2024-03-11 08:40:04,757 [0d2e6bfc-4b34-47c2-8255-934200cb31cb-groupManagement] INFO  server.RaftServerConfigKeys (ConfUtils.java:logGet(46)) - raft.server.log.statemachine.data.sync.timeout = 10s (default)
2024-03-11 08:40:04,757 [0d2e6bfc-4b34-47c2-8255-934200cb31cb-groupManagement] INFO  server.RaftServerConfigKeys (ConfUtils.java:logGet(46)) - raft.server.log.statemachine.data.sync.timeout.retry = 0 (custom)
2024-03-11 08:40:04,757 [0d2e6bfc-4b34-47c2-8255-934200cb31cb-groupManagement] INFO  server.RaftServerConfigKeys (ConfUtils.java:logGet(46)) - raft.server.log.write.buffer.size = 8388616 (custom)
2024-03-11 08:40:04,758 [0d2e6bfc-4b34-47c2-8255-934200cb31cb-groupManagement] INFO  server.RaftServerConfigKeys (ConfUtils.java:logGet(46)) - raft.server.log.appender.buffer.byte-limit = 8388608 (custom)
2024-03-11 08:40:04,758 [0d2e6bfc-4b34-47c2-8255-934200cb31cb-groupManagement] INFO  server.RaftServerConfigKeys (ConfUtils.java:logGet(46)) - raft.server.log.unsafe-flush.enabled = false (default)
2024-03-11 08:40:04,758 [0d2e6bfc-4b34-47c2-8255-934200cb31cb-groupManagement] INFO  server.RaftServerConfigKeys (ConfUtils.java:logGet(46)) - raft.server.log.async-flush.enabled = false (default)
2024-03-11 08:40:04,758 [0d2e6bfc-4b34-47c2-8255-934200cb31cb-groupManagement] INFO  server.RaftServerConfigKeys (ConfUtils.java:logGet(46)) - raft.server.log.statemachine.data.caching.enabled = true (custom)
2024-03-11 08:40:04,759 [0d2e6bfc-4b34-47c2-8255-934200cb31cb-groupManagement] INFO  segmented.SegmentedRaftLogWorker (SegmentedRaftLogWorker.java:lambda$new$0(134)) - 0d2e6bfc-4b34-47c2-8255-934200cb31cb@group-EF145C36F503-SegmentedRaftLogWorker: flushIndex: setUnconditionally 0 -> -1
2024-03-11 08:40:04,759 [0d2e6bfc-4b34-47c2-8255-934200cb31cb-groupManagement] INFO  segmented.SegmentedRaftLogWorker (SegmentedRaftLogWorker.java:lambda$new$0(134)) - 0d2e6bfc-4b34-47c2-8255-934200cb31cb@group-EF145C36F503-SegmentedRaftLogWorker: safeCacheEvictIndex: setUnconditionally 0 -> -1
2024-03-11 08:40:04,759 [0d2e6bfc-4b34-47c2-8255-934200cb31cb-groupManagement] INFO  server.RaftServer$Division (RaftServerImpl.java:start(396)) - 0d2e6bfc-4b34-47c2-8255-934200cb31cb@group-EF145C36F503: start as a follower, conf=-1: peers:[6d7ddd0a-4974-4c82-8247-9f057ff87999|10.1.0.9:15280, 0d2e6bfc-4b34-47c2-8255-934200cb31cb|10.1.0.9:15298, ef4f6c43-595b-4c7c-bb14-559caeb18433|10.1.0.9:15289]|listeners:[], old=null
2024-03-11 08:40:04,759 [0d2e6bfc-4b34-47c2-8255-934200cb31cb-groupManagement] INFO  server.RaftServer$Division (RaftServerImpl.java:setRole(383)) - 0d2e6bfc-4b34-47c2-8255-934200cb31cb@group-EF145C36F503: changes role from      null to FOLLOWER at term 0 for startAsFollower
2024-03-11 08:40:04,759 [0d2e6bfc-4b34-47c2-8255-934200cb31cb-groupManagement] INFO  impl.RoleInfo (RoleInfo.java:updateAndGet(139)) - 0d2e6bfc-4b34-47c2-8255-934200cb31cb: start 0d2e6bfc-4b34-47c2-8255-934200cb31cb@group-EF145C36F503-FollowerState
2024-03-11 08:40:04,759 [0d2e6bfc-4b34-47c2-8255-934200cb31cb-groupManagement] INFO  util.JmxRegister (JmxRegister.java:tryRegister(44)) - Successfully registered JMX Bean with object name Ratis:service=RaftServer,group=group-EF145C36F503,id=0d2e6bfc-4b34-47c2-8255-934200cb31cb
2024-03-11 08:40:04,759 [0d2e6bfc-4b34-47c2-8255-934200cb31cb-groupManagement] INFO  server.RaftServerConfigKeys (ConfUtils.java:logGet(46)) - raft.server.snapshot.trigger-when-stop.enabled = true (default)
2024-03-11 08:40:04,759 [0d2e6bfc-4b34-47c2-8255-934200cb31cb-groupManagement] INFO  server.RaftServerConfigKeys (ConfUtils.java:logGet(46)) - raft.server.snapshot.auto.trigger.enabled = true (custom)
2024-03-11 08:40:04,759 [0d2e6bfc-4b34-47c2-8255-934200cb31cb-groupManagement] INFO  server.RaftServerConfigKeys (ConfUtils.java:logGet(46)) - raft.server.snapshot.auto.trigger.threshold = 10000 (custom)
2024-03-11 08:40:04,759 [0d2e6bfc-4b34-47c2-8255-934200cb31cb-groupManagement] INFO  server.RaftServerConfigKeys (ConfUtils.java:logGet(46)) - raft.server.snapshot.retention.file.num = 5 (custom)
2024-03-11 08:40:04,759 [0d2e6bfc-4b34-47c2-8255-934200cb31cb-groupManagement] INFO  server.RaftServerConfigKeys (ConfUtils.java:logGet(46)) - raft.server.log.purge.upto.snapshot.index = false (default)
2024-03-11 08:40:04,759 [0d2e6bfc-4b34-47c2-8255-934200cb31cb@group-EF145C36F503-FollowerState] INFO  server.RaftServerConfigKeys (ConfUtils.java:logFallback(53)) - raft.server.rpc.first-election.timeout.min = 5s (fallback to raft.server.rpc.timeout.min)
2024-03-11 08:40:04,760 [0d2e6bfc-4b34-47c2-8255-934200cb31cb@group-EF145C36F503-FollowerState] INFO  server.RaftServerConfigKeys (ConfUtils.java:logFallback(53)) - raft.server.rpc.first-election.timeout.max = 5200ms (fallback to raft.server.rpc.timeout.max)
2024-03-11 08:40:04,760 [ef4f6c43-595b-4c7c-bb14-559caeb18433-PipelineCommandHandlerThread-0] INFO  server.RaftServer (RaftServerProxy.java:addNew(100)) - ef4f6c43-595b-4c7c-bb14-559caeb18433: addNew group-E93AD798A57A:[ef4f6c43-595b-4c7c-bb14-559caeb18433|10.1.0.9:15289] returns group-E93AD798A57A:java.util.concurrent.CompletableFuture@2236c156[Not completed]
2024-03-11 08:40:04,760 [ef4f6c43-595b-4c7c-bb14-559caeb18433-groupManagement] INFO  server.RaftServer$Division (RaftServerImpl.java:<init>(256)) - ef4f6c43-595b-4c7c-bb14-559caeb18433: new RaftServerImpl for group-E93AD798A57A:[ef4f6c43-595b-4c7c-bb14-559caeb18433|10.1.0.9:15289] with ContainerStateMachine:uninitialized
2024-03-11 08:40:04,760 [ef4f6c43-595b-4c7c-bb14-559caeb18433-groupManagement] INFO  server.RaftServerConfigKeys (ConfUtils.java:logGet(46)) - raft.server.rpc.timeout.min = 5s (custom)
2024-03-11 08:40:04,760 [ef4f6c43-595b-4c7c-bb14-559caeb18433-groupManagement] INFO  server.RaftServerConfigKeys (ConfUtils.java:logGet(46)) - raft.server.rpc.timeout.max = 5200ms (custom)
2024-03-11 08:40:04,760 [ef4f6c43-595b-4c7c-bb14-559caeb18433-groupManagement] INFO  server.RaftServerConfigKeys (ConfUtils.java:logGet(46)) - raft.server.rpc.sleep.time = 25ms (default)
2024-03-11 08:40:04,760 [ef4f6c43-595b-4c7c-bb14-559caeb18433-groupManagement] INFO  server.RaftServerConfigKeys (ConfUtils.java:logGet(46)) - raft.server.rpc.slowness.timeout = 300s (custom)
2024-03-11 08:40:04,761 [ef4f6c43-595b-4c7c-bb14-559caeb18433-groupManagement] INFO  server.RaftServerConfigKeys (ConfUtils.java:logGet(46)) - raft.server.leaderelection.leader.step-down.wait-time = 10s (default)
2024-03-11 08:40:04,761 [ef4f6c43-595b-4c7c-bb14-559caeb18433-groupManagement] INFO  server.RaftServerConfigKeys (ConfUtils.java:logGet(46)) - raft.server.leaderelection.member.majority-add = false (default)
2024-03-11 08:40:04,761 [ef4f6c43-595b-4c7c-bb14-559caeb18433-groupManagement] INFO  server.RaftServerConfigKeys (ConfUtils.java:logGet(46)) - raft.server.sleep.deviation.threshold = 300ms (default)
2024-03-11 08:40:04,761 [ef4f6c43-595b-4c7c-bb14-559caeb18433-groupManagement] INFO  server.RaftServer$Division (ServerState.java:<init>(113)) - ef4f6c43-595b-4c7c-bb14-559caeb18433@group-E93AD798A57A: ConfigurationManager, init=-1: peers:[ef4f6c43-595b-4c7c-bb14-559caeb18433|10.1.0.9:15289]|listeners:[], old=null, confs=<EMPTY_MAP>
2024-03-11 08:40:04,761 [ef4f6c43-595b-4c7c-bb14-559caeb18433-groupManagement] INFO  server.RaftServerConfigKeys (ConfUtils.java:logGet(46)) - raft.server.notification.no-leader.timeout = 300s (custom)
2024-03-11 08:40:04,761 [ef4f6c43-595b-4c7c-bb14-559caeb18433-groupManagement] INFO  server.RaftServerConfigKeys (ConfUtils.java:logGet(46)) - raft.server.read.timeout = 10s (default)
2024-03-11 08:40:04,761 [ef4f6c43-595b-4c7c-bb14-559caeb18433-groupManagement] INFO  server.RaftServerConfigKeys (ConfUtils.java:logGet(46)) - raft.server.retrycache.expirytime = 600000ms (custom)
2024-03-11 08:40:04,761 [ef4f6c43-595b-4c7c-bb14-559caeb18433-groupManagement] INFO  server.RaftServerConfigKeys (ConfUtils.java:logGet(46)) - raft.server.retrycache.statistics.expirytime = 100ms (default)
2024-03-11 08:40:04,761 [ef4f6c43-595b-4c7c-bb14-559caeb18433-groupManagement] INFO  server.RaftServerConfigKeys (ConfUtils.java:logGet(46)) - raft.server.read.option = DEFAULT (default)
2024-03-11 08:40:04,761 [ef4f6c43-595b-4c7c-bb14-559caeb18433-groupManagement] INFO  server.RaftServerConfigKeys (ConfUtils.java:logGet(46)) - raft.server.read.read-after-write-consistent.write-index-cache.expiry-time = 60s (default)
2024-03-11 08:40:04,762 [ef4f6c43-595b-4c7c-bb14-559caeb18433-groupManagement] INFO  server.RaftServerConfigKeys (ConfUtils.java:logGet(46)) - raft.server.rpc.request.timeout = 60s (custom)
2024-03-11 08:40:04,762 [ef4f6c43-595b-4c7c-bb14-559caeb18433-groupManagement] INFO  server.RaftServerConfigKeys (ConfUtils.java:logGet(46)) - raft.server.log.appender.install.snapshot.enabled = false (custom)
2024-03-11 08:40:04,762 [ef4f6c43-595b-4c7c-bb14-559caeb18433-groupManagement] INFO  server.RaftServerConfigKeys (ConfUtils.java:logGet(46)) - raft.server.threadpool.server.cached = true (default)
2024-03-11 08:40:04,762 [ef4f6c43-595b-4c7c-bb14-559caeb18433-groupManagement] INFO  server.RaftServerConfigKeys (ConfUtils.java:logGet(46)) - raft.server.threadpool.server.size = 0 (default)
2024-03-11 08:40:04,762 [ef4f6c43-595b-4c7c-bb14-559caeb18433-groupManagement] INFO  server.RaftServerConfigKeys (ConfUtils.java:logGet(46)) - raft.server.threadpool.client.cached = true (default)
2024-03-11 08:40:04,762 [ef4f6c43-595b-4c7c-bb14-559caeb18433-groupManagement] INFO  server.RaftServerConfigKeys (ConfUtils.java:logGet(46)) - raft.server.threadpool.client.size = 0 (default)
2024-03-11 08:40:04,762 [ef4f6c43-595b-4c7c-bb14-559caeb18433-groupManagement] INFO  server.RaftServerConfigKeys (ConfUtils.java:logGet(46)) - raft.server.storage.free-space.min = 0MB (=0) (default)
2024-03-11 08:40:04,762 [ef4f6c43-595b-4c7c-bb14-559caeb18433-groupManagement] INFO  server.RaftServerConfigKeys (ConfUtils.java:logGet(46)) - raft.server.log.corruption.policy = EXCEPTION (default)
2024-03-11 08:40:04,762 [ef4f6c43-595b-4c7c-bb14-559caeb18433-groupManagement] INFO  server.RaftServerConfigKeys (ConfUtils.java:logGet(46)) - raft.server.storage.dir = [/home/runner/work/ozone/ozone/hadoop-ozone/integration-test/target/test-dir/MiniOzoneClusterImpl-26b6f519-45de-438b-acbb-b19d352d9476/ozone-meta/datanode-2/ratis] (custom)
2024-03-11 08:40:04,762 [ef4f6c43-595b-4c7c-bb14-559caeb18433-groupManagement] INFO  storage.RaftStorageDirectory (RaftStorageDirectoryImpl.java:analyzeStorage(138)) - The storage directory /home/runner/work/ozone/ozone/hadoop-ozone/integration-test/target/test-dir/MiniOzoneClusterImpl-26b6f519-45de-438b-acbb-b19d352d9476/ozone-meta/datanode-2/ratis/89aa6cdb-e208-4b1a-953b-e93ad798a57a does not exist. Creating ...
2024-03-11 08:40:04,764 [ef4f6c43-595b-4c7c-bb14-559caeb18433-groupManagement] INFO  storage.RaftStorageDirectory (RaftStorageDirectoryImpl.java:tryLock(228)) - Lock on /home/runner/work/ozone/ozone/hadoop-ozone/integration-test/target/test-dir/MiniOzoneClusterImpl-26b6f519-45de-438b-acbb-b19d352d9476/ozone-meta/datanode-2/ratis/89aa6cdb-e208-4b1a-953b-e93ad798a57a/in_use.lock acquired by nodename 48108@fv-az1250-130
2024-03-11 08:40:04,766 [6d7ddd0a-4974-4c82-8247-9f057ff87999-PipelineCommandHandlerThread-0] INFO  commandhandler.CreatePipelineCommandHandler (CreatePipelineCommandHandler.java:lambda$handle$2(124)) - Created Pipeline RATIS THREE PipelineID=4ad7f43a-4eea-4b14-ab2d-ef145c36f503.
2024-03-11 08:40:04,766 [ef4f6c43-595b-4c7c-bb14-559caeb18433-groupManagement] INFO  storage.RaftStorage (RaftStorageImpl.java:format(99)) - Storage directory /home/runner/work/ozone/ozone/hadoop-ozone/integration-test/target/test-dir/MiniOzoneClusterImpl-26b6f519-45de-438b-acbb-b19d352d9476/ozone-meta/datanode-2/ratis/89aa6cdb-e208-4b1a-953b-e93ad798a57a has been successfully formatted.
2024-03-11 08:40:04,767 [ef4f6c43-595b-4c7c-bb14-559caeb18433-groupManagement] WARN  util.FileUtils (LogUtils.java:supplyAndLog(63)) - Failed to Files.newInputStream /home/runner/work/ozone/ozone/hadoop-ozone/integration-test/target/test-dir/MiniOzoneClusterImpl-26b6f519-45de-438b-acbb-b19d352d9476/ozone-meta/datanode-2/ratis/89aa6cdb-e208-4b1a-953b-e93ad798a57a/current/raft-meta.conf with options []: java.nio.file.NoSuchFileException: /home/runner/work/ozone/ozone/hadoop-ozone/integration-test/target/test-dir/MiniOzoneClusterImpl-26b6f519-45de-438b-acbb-b19d352d9476/ozone-meta/datanode-2/ratis/89aa6cdb-e208-4b1a-953b-e93ad798a57a/current/raft-meta.conf
2024-03-11 08:40:04,767 [ef4f6c43-595b-4c7c-bb14-559caeb18433-groupManagement] INFO  ratis.ContainerStateMachine (ContainerStateMachine.java:loadSnapshot(287)) - group-E93AD798A57A: The snapshot info is null. Setting the last applied index to:(t:0, i:~)
2024-03-11 08:40:04,767 [ef4f6c43-595b-4c7c-bb14-559caeb18433-groupManagement] INFO  server.RaftServerConfigKeys (ConfUtils.java:logGet(46)) - raft.server.log.use.memory = false (default)
2024-03-11 08:40:04,767 [ef4f6c43-595b-4c7c-bb14-559caeb18433-groupManagement] INFO  server.RaftServerConfigKeys (ConfUtils.java:logGet(46)) - raft.server.log.purge.gap = 1000000 (custom)
2024-03-11 08:40:04,767 [ef4f6c43-595b-4c7c-bb14-559caeb18433-groupManagement] INFO  server.RaftServerConfigKeys (ConfUtils.java:logGet(46)) - raft.server.log.appender.buffer.byte-limit = 8388608 (custom)
2024-03-11 08:40:04,767 [ef4f6c43-595b-4c7c-bb14-559caeb18433-groupManagement] INFO  server.RaftServerConfigKeys (ConfUtils.java:logGet(46)) - raft.server.log.statemachine.data.read.timeout = 1000ms (default)
2024-03-11 08:40:04,767 [ef4f6c43-595b-4c7c-bb14-559caeb18433-groupManagement] INFO  server.RaftServerConfigKeys (ConfUtils.java:logGet(46)) - raft.server.log.purge.preservation.log.num = 0 (default)
2024-03-11 08:40:04,768 [EventQueue-PipelineReportForPipelineReportHandler] INFO  pipeline.PipelineReportHandler (PipelineReportHandler.java:processPipelineReport(136)) - Opened pipeline PipelineID=89aa6cdb-e208-4b1a-953b-e93ad798a57a
2024-03-11 08:40:04,768 [EventQueue-OpenPipelineForHealthyPipelineSafeModeRule] INFO  safemode.SCMSafeModeManager (HealthyPipelineSafeModeRule.java:process(140)) - SCM in safe mode. Healthy pipelines reported count is 0, required healthy pipeline reported count is 1
2024-03-11 08:40:04,768 [ef4f6c43-595b-4c7c-bb14-559caeb18433-groupManagement] INFO  server.RaftServerConfigKeys (ConfUtils.java:logGet(46)) - raft.server.log.segment.size.max = 67108864 (custom)
2024-03-11 08:40:04,769 [ef4f6c43-595b-4c7c-bb14-559caeb18433-groupManagement] INFO  server.RaftServerConfigKeys (ConfUtils.java:logGet(46)) - raft.server.log.segment.cache.num.max = 2 (custom)
2024-03-11 08:40:04,769 [ef4f6c43-595b-4c7c-bb14-559caeb18433-groupManagement] INFO  server.RaftServerConfigKeys (ConfUtils.java:logGet(46)) - raft.server.log.segment.cache.size.max = 200MB (=209715200) (default)
2024-03-11 08:40:04,769 [ef4f6c43-595b-4c7c-bb14-559caeb18433-groupManagement] INFO  server.RaftServerConfigKeys (ConfUtils.java:logGet(46)) - raft.server.log.appender.buffer.byte-limit = 8388608 (custom)
2024-03-11 08:40:04,769 [ef4f6c43-595b-4c7c-bb14-559caeb18433-groupManagement] INFO  util.AwaitToRun (AwaitToRun.java:start(81)) - Thread[ef4f6c43-595b-4c7c-bb14-559caeb18433@group-E93AD798A57A-cacheEviction-AwaitToRun,5,main] started
2024-03-11 08:40:04,769 [ef4f6c43-595b-4c7c-bb14-559caeb18433-groupManagement] INFO  segmented.SegmentedRaftLogWorker (SegmentedRaftLogWorker.java:<init>(182)) - new ef4f6c43-595b-4c7c-bb14-559caeb18433@group-E93AD798A57A-SegmentedRaftLogWorker for RaftStorageImpl:Storage Directory /home/runner/work/ozone/ozone/hadoop-ozone/integration-test/target/test-dir/MiniOzoneClusterImpl-26b6f519-45de-438b-acbb-b19d352d9476/ozone-meta/datanode-2/ratis/89aa6cdb-e208-4b1a-953b-e93ad798a57a
2024-03-11 08:40:04,769 [ef4f6c43-595b-4c7c-bb14-559caeb18433-groupManagement] INFO  server.RaftServerConfigKeys (ConfUtils.java:logGet(46)) - raft.server.log.queue.byte-limit = 4294967296 (custom)
2024-03-11 08:40:04,769 [ef4f6c43-595b-4c7c-bb14-559caeb18433-groupManagement] INFO  server.RaftServerConfigKeys (ConfUtils.java:logGet(46)) - raft.server.log.queue.element-limit = 1024 (custom)
2024-03-11 08:40:04,769 [ef4f6c43-595b-4c7c-bb14-559caeb18433-groupManagement] INFO  server.RaftServerConfigKeys (ConfUtils.java:logGet(46)) - raft.server.log.segment.size.max = 67108864 (custom)
2024-03-11 08:40:04,769 [ef4f6c43-595b-4c7c-bb14-559caeb18433-groupManagement] INFO  server.RaftServerConfigKeys (ConfUtils.java:logGet(46)) - raft.server.log.preallocated.size = 4194304 (custom)
2024-03-11 08:40:04,769 [ef4f6c43-595b-4c7c-bb14-559caeb18433-groupManagement] INFO  server.RaftServerConfigKeys (ConfUtils.java:logGet(46)) - raft.server.log.force.sync.num = 128 (default)
2024-03-11 08:40:04,769 [ef4f6c43-595b-4c7c-bb14-559caeb18433-groupManagement] INFO  server.RaftServerConfigKeys (ConfUtils.java:logGet(46)) - raft.server.log.statemachine.data.sync = true (default)
2024-03-11 08:40:04,769 [ef4f6c43-595b-4c7c-bb14-559caeb18433-groupManagement] INFO  server.RaftServerConfigKeys (ConfUtils.java:logGet(46)) - raft.server.log.statemachine.data.sync.timeout = 10s (default)
2024-03-11 08:40:04,770 [ef4f6c43-595b-4c7c-bb14-559caeb18433-groupManagement] INFO  server.RaftServerConfigKeys (ConfUtils.java:logGet(46)) - raft.server.log.statemachine.data.sync.timeout.retry = 0 (custom)
2024-03-11 08:40:04,770 [ef4f6c43-595b-4c7c-bb14-559caeb18433-groupManagement] INFO  server.RaftServerConfigKeys (ConfUtils.java:logGet(46)) - raft.server.log.write.buffer.size = 8388616 (custom)
2024-03-11 08:40:04,771 [ef4f6c43-595b-4c7c-bb14-559caeb18433-groupManagement] INFO  server.RaftServerConfigKeys (ConfUtils.java:logGet(46)) - raft.server.log.appender.buffer.byte-limit = 8388608 (custom)
2024-03-11 08:40:04,771 [ef4f6c43-595b-4c7c-bb14-559caeb18433-groupManagement] INFO  server.RaftServerConfigKeys (ConfUtils.java:logGet(46)) - raft.server.log.unsafe-flush.enabled = false (default)
2024-03-11 08:40:04,771 [ef4f6c43-595b-4c7c-bb14-559caeb18433-groupManagement] INFO  server.RaftServerConfigKeys (ConfUtils.java:logGet(46)) - raft.server.log.async-flush.enabled = false (default)
2024-03-11 08:40:04,771 [ef4f6c43-595b-4c7c-bb14-559caeb18433-groupManagement] INFO  server.RaftServerConfigKeys (ConfUtils.java:logGet(46)) - raft.server.log.statemachine.data.caching.enabled = true (custom)
2024-03-11 08:40:04,772 [ef4f6c43-595b-4c7c-bb14-559caeb18433-groupManagement] INFO  segmented.SegmentedRaftLogWorker (SegmentedRaftLogWorker.java:lambda$new$0(134)) - ef4f6c43-595b-4c7c-bb14-559caeb18433@group-E93AD798A57A-SegmentedRaftLogWorker: flushIndex: setUnconditionally 0 -> -1
2024-03-11 08:40:04,772 [ef4f6c43-595b-4c7c-bb14-559caeb18433-groupManagement] INFO  segmented.SegmentedRaftLogWorker (SegmentedRaftLogWorker.java:lambda$new$0(134)) - ef4f6c43-595b-4c7c-bb14-559caeb18433@group-E93AD798A57A-SegmentedRaftLogWorker: safeCacheEvictIndex: setUnconditionally 0 -> -1
2024-03-11 08:40:04,772 [ef4f6c43-595b-4c7c-bb14-559caeb18433-groupManagement] INFO  server.RaftServer$Division (RaftServerImpl.java:start(396)) - ef4f6c43-595b-4c7c-bb14-559caeb18433@group-E93AD798A57A: start as a follower, conf=-1: peers:[ef4f6c43-595b-4c7c-bb14-559caeb18433|10.1.0.9:15289]|listeners:[], old=null
2024-03-11 08:40:04,772 [ef4f6c43-595b-4c7c-bb14-559caeb18433-groupManagement] INFO  server.RaftServer$Division (RaftServerImpl.java:setRole(383)) - ef4f6c43-595b-4c7c-bb14-559caeb18433@group-E93AD798A57A: changes role from      null to FOLLOWER at term 0 for startAsFollower
2024-03-11 08:40:04,772 [ef4f6c43-595b-4c7c-bb14-559caeb18433-groupManagement] INFO  impl.RoleInfo (RoleInfo.java:updateAndGet(139)) - ef4f6c43-595b-4c7c-bb14-559caeb18433: start ef4f6c43-595b-4c7c-bb14-559caeb18433@group-E93AD798A57A-FollowerState
2024-03-11 08:40:04,772 [ef4f6c43-595b-4c7c-bb14-559caeb18433@group-E93AD798A57A-FollowerState] INFO  server.RaftServerConfigKeys (ConfUtils.java:logFallback(53)) - raft.server.rpc.first-election.timeout.min = 5s (fallback to raft.server.rpc.timeout.min)
2024-03-11 08:40:04,772 [ef4f6c43-595b-4c7c-bb14-559caeb18433-groupManagement] INFO  util.JmxRegister (JmxRegister.java:tryRegister(44)) - Successfully registered JMX Bean with object name Ratis:service=RaftServer,group=group-E93AD798A57A,id=ef4f6c43-595b-4c7c-bb14-559caeb18433
2024-03-11 08:40:04,772 [ef4f6c43-595b-4c7c-bb14-559caeb18433-groupManagement] INFO  server.RaftServerConfigKeys (ConfUtils.java:logGet(46)) - raft.server.snapshot.trigger-when-stop.enabled = true (default)
2024-03-11 08:40:04,772 [ef4f6c43-595b-4c7c-bb14-559caeb18433-groupManagement] INFO  server.RaftServerConfigKeys (ConfUtils.java:logGet(46)) - raft.server.snapshot.auto.trigger.enabled = true (custom)
2024-03-11 08:40:04,772 [ef4f6c43-595b-4c7c-bb14-559caeb18433-groupManagement] INFO  server.RaftServerConfigKeys (ConfUtils.java:logGet(46)) - raft.server.snapshot.auto.trigger.threshold = 10000 (custom)
2024-03-11 08:40:04,773 [ef4f6c43-595b-4c7c-bb14-559caeb18433-groupManagement] INFO  server.RaftServerConfigKeys (ConfUtils.java:logGet(46)) - raft.server.snapshot.retention.file.num = 5 (custom)
2024-03-11 08:40:04,773 [ef4f6c43-595b-4c7c-bb14-559caeb18433-groupManagement] INFO  server.RaftServerConfigKeys (ConfUtils.java:logGet(46)) - raft.server.log.purge.upto.snapshot.index = false (default)
2024-03-11 08:40:04,772 [ef4f6c43-595b-4c7c-bb14-559caeb18433@group-E93AD798A57A-FollowerState] INFO  server.RaftServerConfigKeys (ConfUtils.java:logFallback(53)) - raft.server.rpc.first-election.timeout.max = 5200ms (fallback to raft.server.rpc.timeout.max)
2024-03-11 08:40:04,774 [ef4f6c43-595b-4c7c-bb14-559caeb18433-PipelineCommandHandlerThread-0] INFO  ratis.XceiverServerRatis (XceiverServerRatis.java:addGroup(864)) - Created group PipelineID=89aa6cdb-e208-4b1a-953b-e93ad798a57a
2024-03-11 08:40:04,774 [ef4f6c43-595b-4c7c-bb14-559caeb18433-PipelineCommandHandlerThread-0] INFO  commandhandler.CreatePipelineCommandHandler (CreatePipelineCommandHandler.java:lambda$handle$2(124)) - Created Pipeline RATIS ONE PipelineID=89aa6cdb-e208-4b1a-953b-e93ad798a57a.
2024-03-11 08:40:04,840 [main] INFO  ozone.MiniOzoneClusterImpl (MiniOzoneClusterImpl.java:lambda$waitForClusterToBeReady$0(194)) - Nodes are ready. Got 3 of 3 DN Heartbeats.
2024-03-11 08:40:04,840 [main] INFO  ozone.MiniOzoneClusterImpl (MiniOzoneClusterImpl.java:lambda$waitForClusterToBeReady$0(197)) - Waiting for cluster to exit safe mode
2024-03-11 08:40:04,841 [main] INFO  ozone.MiniOzoneClusterImpl (MiniOzoneClusterImpl.java:lambda$waitForClusterToBeReady$0(199)) - SCM became leader
2024-03-11 08:40:04,841 [0d2e6bfc-4b34-47c2-8255-934200cb31cb-PipelineCommandHandlerThread-0] INFO  server.RaftServer (RaftServerProxy.java:addNew(100)) - 0d2e6bfc-4b34-47c2-8255-934200cb31cb: addNew group-1A13E80EABFA:[0d2e6bfc-4b34-47c2-8255-934200cb31cb|10.1.0.9:15298] returns group-1A13E80EABFA:java.util.concurrent.CompletableFuture@1dcfe403[Not completed]
2024-03-11 08:40:04,841 [0d2e6bfc-4b34-47c2-8255-934200cb31cb-groupManagement] INFO  server.RaftServer$Division (RaftServerImpl.java:<init>(256)) - 0d2e6bfc-4b34-47c2-8255-934200cb31cb: new RaftServerImpl for group-1A13E80EABFA:[0d2e6bfc-4b34-47c2-8255-934200cb31cb|10.1.0.9:15298] with ContainerStateMachine:uninitialized
2024-03-11 08:40:04,841 [0d2e6bfc-4b34-47c2-8255-934200cb31cb-groupManagement] INFO  server.RaftServerConfigKeys (ConfUtils.java:logGet(46)) - raft.server.rpc.timeout.min = 5s (custom)
2024-03-11 08:40:04,842 [0d2e6bfc-4b34-47c2-8255-934200cb31cb-groupManagement] INFO  server.RaftServerConfigKeys (ConfUtils.java:logGet(46)) - raft.server.rpc.timeout.max = 5200ms (custom)
2024-03-11 08:40:04,842 [0d2e6bfc-4b34-47c2-8255-934200cb31cb-groupManagement] INFO  server.RaftServerConfigKeys (ConfUtils.java:logGet(46)) - raft.server.rpc.sleep.time = 25ms (default)
2024-03-11 08:40:04,842 [0d2e6bfc-4b34-47c2-8255-934200cb31cb-groupManagement] INFO  server.RaftServerConfigKeys (ConfUtils.java:logGet(46)) - raft.server.rpc.slowness.timeout = 300s (custom)
2024-03-11 08:40:04,842 [0d2e6bfc-4b34-47c2-8255-934200cb31cb-groupManagement] INFO  server.RaftServerConfigKeys (ConfUtils.java:logGet(46)) - raft.server.leaderelection.leader.step-down.wait-time = 10s (default)
2024-03-11 08:40:04,842 [0d2e6bfc-4b34-47c2-8255-934200cb31cb-groupManagement] INFO  server.RaftServerConfigKeys (ConfUtils.java:logGet(46)) - raft.server.leaderelection.member.majority-add = false (default)
2024-03-11 08:40:04,842 [0d2e6bfc-4b34-47c2-8255-934200cb31cb-groupManagement] INFO  server.RaftServerConfigKeys (ConfUtils.java:logGet(46)) - raft.server.sleep.deviation.threshold = 300ms (default)
2024-03-11 08:40:04,842 [0d2e6bfc-4b34-47c2-8255-934200cb31cb-groupManagement] INFO  server.RaftServer$Division (ServerState.java:<init>(113)) - 0d2e6bfc-4b34-47c2-8255-934200cb31cb@group-1A13E80EABFA: ConfigurationManager, init=-1: peers:[0d2e6bfc-4b34-47c2-8255-934200cb31cb|10.1.0.9:15298]|listeners:[], old=null, confs=<EMPTY_MAP>
2024-03-11 08:40:04,842 [0d2e6bfc-4b34-47c2-8255-934200cb31cb-groupManagement] INFO  server.RaftServerConfigKeys (ConfUtils.java:logGet(46)) - raft.server.notification.no-leader.timeout = 300s (custom)
2024-03-11 08:40:04,842 [0d2e6bfc-4b34-47c2-8255-934200cb31cb-groupManagement] INFO  server.RaftServerConfigKeys (ConfUtils.java:logGet(46)) - raft.server.read.timeout = 10s (default)
2024-03-11 08:40:04,842 [0d2e6bfc-4b34-47c2-8255-934200cb31cb-groupManagement] INFO  server.RaftServerConfigKeys (ConfUtils.java:logGet(46)) - raft.server.retrycache.expirytime = 600000ms (custom)
2024-03-11 08:40:04,842 [0d2e6bfc-4b34-47c2-8255-934200cb31cb-groupManagement] INFO  server.RaftServerConfigKeys (ConfUtils.java:logGet(46)) - raft.server.retrycache.statistics.expirytime = 100ms (default)
2024-03-11 08:40:04,842 [0d2e6bfc-4b34-47c2-8255-934200cb31cb-groupManagement] INFO  server.RaftServerConfigKeys (ConfUtils.java:logGet(46)) - raft.server.read.option = DEFAULT (default)
2024-03-11 08:40:04,842 [0d2e6bfc-4b34-47c2-8255-934200cb31cb-groupManagement] INFO  server.RaftServerConfigKeys (ConfUtils.java:logGet(46)) - raft.server.read.read-after-write-consistent.write-index-cache.expiry-time = 60s (default)
2024-03-11 08:40:04,843 [0d2e6bfc-4b34-47c2-8255-934200cb31cb-groupManagement] INFO  server.RaftServerConfigKeys (ConfUtils.java:logGet(46)) - raft.server.rpc.request.timeout = 60s (custom)
2024-03-11 08:40:04,843 [0d2e6bfc-4b34-47c2-8255-934200cb31cb-groupManagement] INFO  server.RaftServerConfigKeys (ConfUtils.java:logGet(46)) - raft.server.log.appender.install.snapshot.enabled = false (custom)
2024-03-11 08:40:04,843 [0d2e6bfc-4b34-47c2-8255-934200cb31cb-groupManagement] INFO  server.RaftServerConfigKeys (ConfUtils.java:logGet(46)) - raft.server.threadpool.server.cached = true (default)
2024-03-11 08:40:04,843 [0d2e6bfc-4b34-47c2-8255-934200cb31cb-groupManagement] INFO  server.RaftServerConfigKeys (ConfUtils.java:logGet(46)) - raft.server.threadpool.server.size = 0 (default)
2024-03-11 08:40:04,843 [0d2e6bfc-4b34-47c2-8255-934200cb31cb-groupManagement] INFO  server.RaftServerConfigKeys (ConfUtils.java:logGet(46)) - raft.server.threadpool.client.cached = true (default)
2024-03-11 08:40:04,844 [0d2e6bfc-4b34-47c2-8255-934200cb31cb-groupManagement] INFO  server.RaftServerConfigKeys (ConfUtils.java:logGet(46)) - raft.server.threadpool.client.size = 0 (default)
2024-03-11 08:40:04,844 [0d2e6bfc-4b34-47c2-8255-934200cb31cb-groupManagement] INFO  server.RaftServerConfigKeys (ConfUtils.java:logGet(46)) - raft.server.storage.free-space.min = 0MB (=0) (default)
2024-03-11 08:40:04,844 [0d2e6bfc-4b34-47c2-8255-934200cb31cb-groupManagement] INFO  server.RaftServerConfigKeys (ConfUtils.java:logGet(46)) - raft.server.log.corruption.policy = EXCEPTION (default)
2024-03-11 08:40:04,844 [0d2e6bfc-4b34-47c2-8255-934200cb31cb-groupManagement] INFO  server.RaftServerConfigKeys (ConfUtils.java:logGet(46)) - raft.server.storage.dir = [/home/runner/work/ozone/ozone/hadoop-ozone/integration-test/target/test-dir/MiniOzoneClusterImpl-26b6f519-45de-438b-acbb-b19d352d9476/ozone-meta/datanode-3/ratis] (custom)
2024-03-11 08:40:04,844 [0d2e6bfc-4b34-47c2-8255-934200cb31cb-groupManagement] INFO  storage.RaftStorageDirectory (RaftStorageDirectoryImpl.java:analyzeStorage(138)) - The storage directory /home/runner/work/ozone/ozone/hadoop-ozone/integration-test/target/test-dir/MiniOzoneClusterImpl-26b6f519-45de-438b-acbb-b19d352d9476/ozone-meta/datanode-3/ratis/740af770-9330-4dae-ac97-1a13e80eabfa does not exist. Creating ...
2024-03-11 08:40:04,845 [0d2e6bfc-4b34-47c2-8255-934200cb31cb-groupManagement] INFO  storage.RaftStorageDirectory (RaftStorageDirectoryImpl.java:tryLock(228)) - Lock on /home/runner/work/ozone/ozone/hadoop-ozone/integration-test/target/test-dir/MiniOzoneClusterImpl-26b6f519-45de-438b-acbb-b19d352d9476/ozone-meta/datanode-3/ratis/740af770-9330-4dae-ac97-1a13e80eabfa/in_use.lock acquired by nodename 48108@fv-az1250-130
2024-03-11 08:40:04,846 [0d2e6bfc-4b34-47c2-8255-934200cb31cb-groupManagement] INFO  storage.RaftStorage (RaftStorageImpl.java:format(99)) - Storage directory /home/runner/work/ozone/ozone/hadoop-ozone/integration-test/target/test-dir/MiniOzoneClusterImpl-26b6f519-45de-438b-acbb-b19d352d9476/ozone-meta/datanode-3/ratis/740af770-9330-4dae-ac97-1a13e80eabfa has been successfully formatted.
2024-03-11 08:40:04,846 [0d2e6bfc-4b34-47c2-8255-934200cb31cb-groupManagement] WARN  util.FileUtils (LogUtils.java:supplyAndLog(63)) - Failed to Files.newInputStream /home/runner/work/ozone/ozone/hadoop-ozone/integration-test/target/test-dir/MiniOzoneClusterImpl-26b6f519-45de-438b-acbb-b19d352d9476/ozone-meta/datanode-3/ratis/740af770-9330-4dae-ac97-1a13e80eabfa/current/raft-meta.conf with options []: java.nio.file.NoSuchFileException: /home/runner/work/ozone/ozone/hadoop-ozone/integration-test/target/test-dir/MiniOzoneClusterImpl-26b6f519-45de-438b-acbb-b19d352d9476/ozone-meta/datanode-3/ratis/740af770-9330-4dae-ac97-1a13e80eabfa/current/raft-meta.conf
2024-03-11 08:40:04,846 [0d2e6bfc-4b34-47c2-8255-934200cb31cb-groupManagement] INFO  ratis.ContainerStateMachine (ContainerStateMachine.java:loadSnapshot(287)) - group-1A13E80EABFA: The snapshot info is null. Setting the last applied index to:(t:0, i:~)
2024-03-11 08:40:04,846 [0d2e6bfc-4b34-47c2-8255-934200cb31cb-groupManagement] INFO  server.RaftServerConfigKeys (ConfUtils.java:logGet(46)) - raft.server.log.use.memory = false (default)
2024-03-11 08:40:04,847 [0d2e6bfc-4b34-47c2-8255-934200cb31cb-groupManagement] INFO  server.RaftServerConfigKeys (ConfUtils.java:logGet(46)) - raft.server.log.purge.gap = 1000000 (custom)
2024-03-11 08:40:04,847 [0d2e6bfc-4b34-47c2-8255-934200cb31cb-groupManagement] INFO  server.RaftServerConfigKeys (ConfUtils.java:logGet(46)) - raft.server.log.appender.buffer.byte-limit = 8388608 (custom)
2024-03-11 08:40:04,847 [0d2e6bfc-4b34-47c2-8255-934200cb31cb-groupManagement] INFO  server.RaftServerConfigKeys (ConfUtils.java:logGet(46)) - raft.server.log.statemachine.data.read.timeout = 1000ms (default)
2024-03-11 08:40:04,847 [0d2e6bfc-4b34-47c2-8255-934200cb31cb-groupManagement] INFO  server.RaftServerConfigKeys (ConfUtils.java:logGet(46)) - raft.server.log.purge.preservation.log.num = 0 (default)
2024-03-11 08:40:04,847 [EventQueue-PipelineReportForPipelineReportHandler] INFO  pipeline.PipelineReportHandler (PipelineReportHandler.java:processPipelineReport(136)) - Opened pipeline PipelineID=740af770-9330-4dae-ac97-1a13e80eabfa
2024-03-11 08:40:04,847 [EventQueue-OpenPipelineForHealthyPipelineSafeModeRule] INFO  safemode.SCMSafeModeManager (HealthyPipelineSafeModeRule.java:process(140)) - SCM in safe mode. Healthy pipelines reported count is 0, required healthy pipeline reported count is 1
2024-03-11 08:40:04,847 [0d2e6bfc-4b34-47c2-8255-934200cb31cb-groupManagement] INFO  server.RaftServerConfigKeys (ConfUtils.java:logGet(46)) - raft.server.log.segment.size.max = 67108864 (custom)
2024-03-11 08:40:04,848 [0d2e6bfc-4b34-47c2-8255-934200cb31cb-groupManagement] INFO  server.RaftServerConfigKeys (ConfUtils.java:logGet(46)) - raft.server.log.segment.cache.num.max = 2 (custom)
2024-03-11 08:40:04,848 [0d2e6bfc-4b34-47c2-8255-934200cb31cb-groupManagement] INFO  server.RaftServerConfigKeys (ConfUtils.java:logGet(46)) - raft.server.log.segment.cache.size.max = 200MB (=209715200) (default)
2024-03-11 08:40:04,848 [0d2e6bfc-4b34-47c2-8255-934200cb31cb-groupManagement] INFO  server.RaftServerConfigKeys (ConfUtils.java:logGet(46)) - raft.server.log.appender.buffer.byte-limit = 8388608 (custom)
2024-03-11 08:40:04,848 [0d2e6bfc-4b34-47c2-8255-934200cb31cb-groupManagement] INFO  util.AwaitToRun (AwaitToRun.java:start(81)) - Thread[0d2e6bfc-4b34-47c2-8255-934200cb31cb@group-1A13E80EABFA-cacheEviction-AwaitToRun,5,main] started
2024-03-11 08:40:04,848 [0d2e6bfc-4b34-47c2-8255-934200cb31cb-groupManagement] INFO  segmented.SegmentedRaftLogWorker (SegmentedRaftLogWorker.java:<init>(182)) - new 0d2e6bfc-4b34-47c2-8255-934200cb31cb@group-1A13E80EABFA-SegmentedRaftLogWorker for RaftStorageImpl:Storage Directory /home/runner/work/ozone/ozone/hadoop-ozone/integration-test/target/test-dir/MiniOzoneClusterImpl-26b6f519-45de-438b-acbb-b19d352d9476/ozone-meta/datanode-3/ratis/740af770-9330-4dae-ac97-1a13e80eabfa
2024-03-11 08:40:04,848 [0d2e6bfc-4b34-47c2-8255-934200cb31cb-groupManagement] INFO  server.RaftServerConfigKeys (ConfUtils.java:logGet(46)) - raft.server.log.queue.byte-limit = 4294967296 (custom)
2024-03-11 08:40:04,848 [0d2e6bfc-4b34-47c2-8255-934200cb31cb-groupManagement] INFO  server.RaftServerConfigKeys (ConfUtils.java:logGet(46)) - raft.server.log.queue.element-limit = 1024 (custom)
2024-03-11 08:40:04,848 [0d2e6bfc-4b34-47c2-8255-934200cb31cb-groupManagement] INFO  server.RaftServerConfigKeys (ConfUtils.java:logGet(46)) - raft.server.log.segment.size.max = 67108864 (custom)
2024-03-11 08:40:04,848 [0d2e6bfc-4b34-47c2-8255-934200cb31cb-groupManagement] INFO  server.RaftServerConfigKeys (ConfUtils.java:logGet(46)) - raft.server.log.preallocated.size = 4194304 (custom)
2024-03-11 08:40:04,848 [0d2e6bfc-4b34-47c2-8255-934200cb31cb-groupManagement] INFO  server.RaftServerConfigKeys (ConfUtils.java:logGet(46)) - raft.server.log.force.sync.num = 128 (default)
2024-03-11 08:40:04,848 [0d2e6bfc-4b34-47c2-8255-934200cb31cb-groupManagement] INFO  server.RaftServerConfigKeys (ConfUtils.java:logGet(46)) - raft.server.log.statemachine.data.sync = true (default)
2024-03-11 08:40:04,848 [0d2e6bfc-4b34-47c2-8255-934200cb31cb-groupManagement] INFO  server.RaftServerConfigKeys (ConfUtils.java:logGet(46)) - raft.server.log.statemachine.data.sync.timeout = 10s (default)
2024-03-11 08:40:04,849 [0d2e6bfc-4b34-47c2-8255-934200cb31cb-groupManagement] INFO  server.RaftServerConfigKeys (ConfUtils.java:logGet(46)) - raft.server.log.statemachine.data.sync.timeout.retry = 0 (custom)
2024-03-11 08:40:04,849 [0d2e6bfc-4b34-47c2-8255-934200cb31cb-groupManagement] INFO  server.RaftServerConfigKeys (ConfUtils.java:logGet(46)) - raft.server.log.write.buffer.size = 8388616 (custom)
2024-03-11 08:40:04,850 [0d2e6bfc-4b34-47c2-8255-934200cb31cb-groupManagement] INFO  server.RaftServerConfigKeys (ConfUtils.java:logGet(46)) - raft.server.log.appender.buffer.byte-limit = 8388608 (custom)
2024-03-11 08:40:04,850 [0d2e6bfc-4b34-47c2-8255-934200cb31cb-groupManagement] INFO  server.RaftServerConfigKeys (ConfUtils.java:logGet(46)) - raft.server.log.unsafe-flush.enabled = false (default)
2024-03-11 08:40:04,850 [0d2e6bfc-4b34-47c2-8255-934200cb31cb-groupManagement] INFO  server.RaftServerConfigKeys (ConfUtils.java:logGet(46)) - raft.server.log.async-flush.enabled = false (default)
2024-03-11 08:40:04,850 [0d2e6bfc-4b34-47c2-8255-934200cb31cb-groupManagement] INFO  server.RaftServerConfigKeys (ConfUtils.java:logGet(46)) - raft.server.log.statemachine.data.caching.enabled = true (custom)
2024-03-11 08:40:04,850 [0d2e6bfc-4b34-47c2-8255-934200cb31cb-groupManagement] INFO  segmented.SegmentedRaftLogWorker (SegmentedRaftLogWorker.java:lambda$new$0(134)) - 0d2e6bfc-4b34-47c2-8255-934200cb31cb@group-1A13E80EABFA-SegmentedRaftLogWorker: flushIndex: setUnconditionally 0 -> -1
2024-03-11 08:40:04,850 [0d2e6bfc-4b34-47c2-8255-934200cb31cb-groupManagement] INFO  segmented.SegmentedRaftLogWorker (SegmentedRaftLogWorker.java:lambda$new$0(134)) - 0d2e6bfc-4b34-47c2-8255-934200cb31cb@group-1A13E80EABFA-SegmentedRaftLogWorker: safeCacheEvictIndex: setUnconditionally 0 -> -1
2024-03-11 08:40:04,850 [0d2e6bfc-4b34-47c2-8255-934200cb31cb-groupManagement] INFO  server.RaftServer$Division (RaftServerImpl.java:start(396)) - 0d2e6bfc-4b34-47c2-8255-934200cb31cb@group-1A13E80EABFA: start as a follower, conf=-1: peers:[0d2e6bfc-4b34-47c2-8255-934200cb31cb|10.1.0.9:15298]|listeners:[], old=null
2024-03-11 08:40:04,851 [0d2e6bfc-4b34-47c2-8255-934200cb31cb-groupManagement] INFO  server.RaftServer$Division (RaftServerImpl.java:setRole(383)) - 0d2e6bfc-4b34-47c2-8255-934200cb31cb@group-1A13E80EABFA: changes role from      null to FOLLOWER at term 0 for startAsFollower
2024-03-11 08:40:04,851 [0d2e6bfc-4b34-47c2-8255-934200cb31cb-groupManagement] INFO  impl.RoleInfo (RoleInfo.java:updateAndGet(139)) - 0d2e6bfc-4b34-47c2-8255-934200cb31cb: start 0d2e6bfc-4b34-47c2-8255-934200cb31cb@group-1A13E80EABFA-FollowerState
2024-03-11 08:40:04,851 [0d2e6bfc-4b34-47c2-8255-934200cb31cb-groupManagement] INFO  util.JmxRegister (JmxRegister.java:tryRegister(44)) - Successfully registered JMX Bean with object name Ratis:service=RaftServer,group=group-1A13E80EABFA,id=0d2e6bfc-4b34-47c2-8255-934200cb31cb
2024-03-11 08:40:04,851 [0d2e6bfc-4b34-47c2-8255-934200cb31cb@group-1A13E80EABFA-FollowerState] INFO  server.RaftServerConfigKeys (ConfUtils.java:logFallback(53)) - raft.server.rpc.first-election.timeout.min = 5s (fallback to raft.server.rpc.timeout.min)
2024-03-11 08:40:04,851 [0d2e6bfc-4b34-47c2-8255-934200cb31cb-groupManagement] INFO  server.RaftServerConfigKeys (ConfUtils.java:logGet(46)) - raft.server.snapshot.trigger-when-stop.enabled = true (default)
2024-03-11 08:40:04,851 [0d2e6bfc-4b34-47c2-8255-934200cb31cb@group-1A13E80EABFA-FollowerState] INFO  server.RaftServerConfigKeys (ConfUtils.java:logFallback(53)) - raft.server.rpc.first-election.timeout.max = 5200ms (fallback to raft.server.rpc.timeout.max)
2024-03-11 08:40:04,851 [0d2e6bfc-4b34-47c2-8255-934200cb31cb-groupManagement] INFO  server.RaftServerConfigKeys (ConfUtils.java:logGet(46)) - raft.server.snapshot.auto.trigger.enabled = true (custom)
2024-03-11 08:40:04,851 [0d2e6bfc-4b34-47c2-8255-934200cb31cb-groupManagement] INFO  server.RaftServerConfigKeys (ConfUtils.java:logGet(46)) - raft.server.snapshot.auto.trigger.threshold = 10000 (custom)
2024-03-11 08:40:04,851 [0d2e6bfc-4b34-47c2-8255-934200cb31cb-groupManagement] INFO  server.RaftServerConfigKeys (ConfUtils.java:logGet(46)) - raft.server.snapshot.retention.file.num = 5 (custom)
2024-03-11 08:40:04,851 [0d2e6bfc-4b34-47c2-8255-934200cb31cb-groupManagement] INFO  server.RaftServerConfigKeys (ConfUtils.java:logGet(46)) - raft.server.log.purge.upto.snapshot.index = false (default)
2024-03-11 08:40:04,851 [0d2e6bfc-4b34-47c2-8255-934200cb31cb-PipelineCommandHandlerThread-0] INFO  ratis.XceiverServerRatis (XceiverServerRatis.java:addGroup(864)) - Created group PipelineID=740af770-9330-4dae-ac97-1a13e80eabfa
2024-03-11 08:40:04,852 [0d2e6bfc-4b34-47c2-8255-934200cb31cb-PipelineCommandHandlerThread-0] INFO  commandhandler.CreatePipelineCommandHandler (CreatePipelineCommandHandler.java:lambda$handle$2(124)) - Created Pipeline RATIS ONE PipelineID=740af770-9330-4dae-ac97-1a13e80eabfa.
2024-03-11 08:40:05,841 [main] INFO  ozone.MiniOzoneClusterImpl (MiniOzoneClusterImpl.java:lambda$waitForClusterToBeReady$0(194)) - Nodes are ready. Got 3 of 3 DN Heartbeats.
2024-03-11 08:40:05,841 [main] INFO  ozone.MiniOzoneClusterImpl (MiniOzoneClusterImpl.java:lambda$waitForClusterToBeReady$0(197)) - Waiting for cluster to exit safe mode
2024-03-11 08:40:05,841 [main] INFO  ozone.MiniOzoneClusterImpl (MiniOzoneClusterImpl.java:lambda$waitForClusterToBeReady$0(199)) - SCM became leader
2024-03-11 08:40:06,841 [main] INFO  ozone.MiniOzoneClusterImpl (MiniOzoneClusterImpl.java:lambda$waitForClusterToBeReady$0(194)) - Nodes are ready. Got 3 of 3 DN Heartbeats.
2024-03-11 08:40:06,842 [main] INFO  ozone.MiniOzoneClusterImpl (MiniOzoneClusterImpl.java:lambda$waitForClusterToBeReady$0(197)) - Waiting for cluster to exit safe mode
2024-03-11 08:40:06,842 [main] INFO  ozone.MiniOzoneClusterImpl (MiniOzoneClusterImpl.java:lambda$waitForClusterToBeReady$0(199)) - SCM became leader
2024-03-11 08:40:07,842 [main] INFO  ozone.MiniOzoneClusterImpl (MiniOzoneClusterImpl.java:lambda$waitForClusterToBeReady$0(194)) - Nodes are ready. Got 3 of 3 DN Heartbeats.
2024-03-11 08:40:07,842 [main] INFO  ozone.MiniOzoneClusterImpl (MiniOzoneClusterImpl.java:lambda$waitForClusterToBeReady$0(197)) - Waiting for cluster to exit safe mode
2024-03-11 08:40:07,842 [main] INFO  ozone.MiniOzoneClusterImpl (MiniOzoneClusterImpl.java:lambda$waitForClusterToBeReady$0(199)) - SCM became leader
2024-03-11 08:40:08,842 [main] INFO  ozone.MiniOzoneClusterImpl (MiniOzoneClusterImpl.java:lambda$waitForClusterToBeReady$0(194)) - Nodes are ready. Got 3 of 3 DN Heartbeats.
2024-03-11 08:40:08,843 [main] INFO  ozone.MiniOzoneClusterImpl (MiniOzoneClusterImpl.java:lambda$waitForClusterToBeReady$0(197)) - Waiting for cluster to exit safe mode
2024-03-11 08:40:08,843 [main] INFO  ozone.MiniOzoneClusterImpl (MiniOzoneClusterImpl.java:lambda$waitForClusterToBeReady$0(199)) - SCM became leader
2024-03-11 08:40:09,681 [6d7ddd0a-4974-4c82-8247-9f057ff87999@group-F2BB8BAFBDB9-FollowerState] INFO  impl.FollowerState (FollowerState.java:run(143)) - 6d7ddd0a-4974-4c82-8247-9f057ff87999@group-F2BB8BAFBDB9-FollowerState: change to CANDIDATE, lastRpcElapsedTime:5016452061ns, electionTimeout:5016ms
2024-03-11 08:40:09,681 [6d7ddd0a-4974-4c82-8247-9f057ff87999@group-F2BB8BAFBDB9-FollowerState] INFO  impl.RoleInfo (RoleInfo.java:shutdownFollowerState(110)) - 6d7ddd0a-4974-4c82-8247-9f057ff87999: shutdown 6d7ddd0a-4974-4c82-8247-9f057ff87999@group-F2BB8BAFBDB9-FollowerState
2024-03-11 08:40:09,681 [6d7ddd0a-4974-4c82-8247-9f057ff87999@group-F2BB8BAFBDB9-FollowerState] INFO  server.RaftServer$Division (RaftServerImpl.java:setRole(383)) - 6d7ddd0a-4974-4c82-8247-9f057ff87999@group-F2BB8BAFBDB9: changes role from  FOLLOWER to CANDIDATE at term 0 for changeToCandidate
2024-03-11 08:40:09,681 [6d7ddd0a-4974-4c82-8247-9f057ff87999@group-F2BB8BAFBDB9-FollowerState] INFO  server.RaftServerConfigKeys (ConfUtils.java:logGet(46)) - raft.server.leaderelection.pre-vote = true (default)
2024-03-11 08:40:09,681 [6d7ddd0a-4974-4c82-8247-9f057ff87999@group-F2BB8BAFBDB9-FollowerState] INFO  impl.RoleInfo (RoleInfo.java:updateAndGet(139)) - 6d7ddd0a-4974-4c82-8247-9f057ff87999: start 6d7ddd0a-4974-4c82-8247-9f057ff87999@group-F2BB8BAFBDB9-LeaderElection60
2024-03-11 08:40:09,683 [6d7ddd0a-4974-4c82-8247-9f057ff87999@group-F2BB8BAFBDB9-LeaderElection60] INFO  impl.LeaderElection (LeaderElection.java:askForVotes(321)) - 6d7ddd0a-4974-4c82-8247-9f057ff87999@group-F2BB8BAFBDB9-LeaderElection60 PRE_VOTE round 0: submit vote requests at term 0 for -1: peers:[6d7ddd0a-4974-4c82-8247-9f057ff87999|10.1.0.9:15280, 0d2e6bfc-4b34-47c2-8255-934200cb31cb|10.1.0.9:15298, ef4f6c43-595b-4c7c-bb14-559caeb18433|10.1.0.9:15289]|listeners:[], old=null
2024-03-11 08:40:09,683 [6d7ddd0a-4974-4c82-8247-9f057ff87999@group-F2BB8BAFBDB9-LeaderElection60] INFO  server.RaftServerConfigKeys (ConfUtils.java:logFallback(53)) - raft.server.rpc.first-election.timeout.min = 5s (fallback to raft.server.rpc.timeout.min)
2024-03-11 08:40:09,683 [6d7ddd0a-4974-4c82-8247-9f057ff87999@group-F2BB8BAFBDB9-LeaderElection60-2] INFO  server.GrpcServerProtocolClient (GrpcServerProtocolClient.java:<init>(65)) - Build channel for ef4f6c43-595b-4c7c-bb14-559caeb18433|10.1.0.9:15289
2024-03-11 08:40:09,683 [6d7ddd0a-4974-4c82-8247-9f057ff87999@group-F2BB8BAFBDB9-LeaderElection60] INFO  server.RaftServerConfigKeys (ConfUtils.java:logFallback(53)) - raft.server.rpc.first-election.timeout.max = 5200ms (fallback to raft.server.rpc.timeout.max)
2024-03-11 08:40:09,683 [6d7ddd0a-4974-4c82-8247-9f057ff87999@group-F2BB8BAFBDB9-LeaderElection60-1] INFO  server.GrpcServerProtocolClient (GrpcServerProtocolClient.java:<init>(65)) - Build channel for 0d2e6bfc-4b34-47c2-8255-934200cb31cb|10.1.0.9:15298
2024-03-11 08:40:09,687 [grpc-default-executor-1] INFO  server.RaftServer$Division (RaftServerImpl.java:requestVote(1389)) - ef4f6c43-595b-4c7c-bb14-559caeb18433@group-F2BB8BAFBDB9: receive requestVote(PRE_VOTE, 6d7ddd0a-4974-4c82-8247-9f057ff87999, group-F2BB8BAFBDB9, 0, (t:0, i:0))
2024-03-11 08:40:09,687 [grpc-default-executor-1] INFO  impl.VoteContext (VoteContext.java:log(49)) - ef4f6c43-595b-4c7c-bb14-559caeb18433@group-F2BB8BAFBDB9-FOLLOWER: reject PRE_VOTE from 6d7ddd0a-4974-4c82-8247-9f057ff87999: our priority 1 > candidate's priority 0
2024-03-11 08:40:09,687 [grpc-default-executor-1] INFO  server.RaftServer$Division (RaftServerImpl.java:requestVote(1422)) - ef4f6c43-595b-4c7c-bb14-559caeb18433@group-F2BB8BAFBDB9 replies to PRE_VOTE vote request: 6d7ddd0a-4974-4c82-8247-9f057ff87999<-ef4f6c43-595b-4c7c-bb14-559caeb18433#0:FAIL-t0. Peer's state: ef4f6c43-595b-4c7c-bb14-559caeb18433@group-F2BB8BAFBDB9:t0, leader=null, voted=, raftlog=Memoized:ef4f6c43-595b-4c7c-bb14-559caeb18433@group-F2BB8BAFBDB9-SegmentedRaftLog:OPENED:c-1, conf=-1: peers:[6d7ddd0a-4974-4c82-8247-9f057ff87999|10.1.0.9:15280, 0d2e6bfc-4b34-47c2-8255-934200cb31cb|10.1.0.9:15298, ef4f6c43-595b-4c7c-bb14-559caeb18433|10.1.0.9:15289]|listeners:[], old=null
2024-03-11 08:40:09,687 [grpc-default-executor-4] INFO  server.RaftServer$Division (RaftServerImpl.java:requestVote(1389)) - 0d2e6bfc-4b34-47c2-8255-934200cb31cb@group-F2BB8BAFBDB9: receive requestVote(PRE_VOTE, 6d7ddd0a-4974-4c82-8247-9f057ff87999, group-F2BB8BAFBDB9, 0, (t:0, i:0))
2024-03-11 08:40:09,687 [grpc-default-executor-4] INFO  impl.VoteContext (VoteContext.java:log(49)) - 0d2e6bfc-4b34-47c2-8255-934200cb31cb@group-F2BB8BAFBDB9-FOLLOWER: accept PRE_VOTE from 6d7ddd0a-4974-4c82-8247-9f057ff87999: our priority 0 <= candidate's priority 0
2024-03-11 08:40:09,688 [grpc-default-executor-4] INFO  server.RaftServer$Division (RaftServerImpl.java:requestVote(1422)) - 0d2e6bfc-4b34-47c2-8255-934200cb31cb@group-F2BB8BAFBDB9 replies to PRE_VOTE vote request: 6d7ddd0a-4974-4c82-8247-9f057ff87999<-0d2e6bfc-4b34-47c2-8255-934200cb31cb#0:OK-t0. Peer's state: 0d2e6bfc-4b34-47c2-8255-934200cb31cb@group-F2BB8BAFBDB9:t0, leader=null, voted=, raftlog=Memoized:0d2e6bfc-4b34-47c2-8255-934200cb31cb@group-F2BB8BAFBDB9-SegmentedRaftLog:OPENED:c-1, conf=-1: peers:[6d7ddd0a-4974-4c82-8247-9f057ff87999|10.1.0.9:15280, 0d2e6bfc-4b34-47c2-8255-934200cb31cb|10.1.0.9:15298, ef4f6c43-595b-4c7c-bb14-559caeb18433|10.1.0.9:15289]|listeners:[], old=null
2024-03-11 08:40:09,689 [6d7ddd0a-4974-4c82-8247-9f057ff87999@group-F2BB8BAFBDB9-LeaderElection60] INFO  impl.LeaderElection (LeaderElection.java:logAndReturn(89)) - 6d7ddd0a-4974-4c82-8247-9f057ff87999@group-F2BB8BAFBDB9-LeaderElection60: PRE_VOTE REJECTED received 1 response(s) and 0 exception(s):
2024-03-11 08:40:09,689 [6d7ddd0a-4974-4c82-8247-9f057ff87999@group-F2BB8BAFBDB9-LeaderElection60] INFO  impl.LeaderElection (LeaderElection.java:logAndReturn(93)) -   Response 0: 6d7ddd0a-4974-4c82-8247-9f057ff87999<-ef4f6c43-595b-4c7c-bb14-559caeb18433#0:FAIL-t0
2024-03-11 08:40:09,689 [6d7ddd0a-4974-4c82-8247-9f057ff87999@group-F2BB8BAFBDB9-LeaderElection60] INFO  impl.LeaderElection (LeaderElection.java:askForVotes(323)) - 6d7ddd0a-4974-4c82-8247-9f057ff87999@group-F2BB8BAFBDB9-LeaderElection60 PRE_VOTE round 0: result REJECTED
2024-03-11 08:40:09,690 [6d7ddd0a-4974-4c82-8247-9f057ff87999@group-F2BB8BAFBDB9-LeaderElection60] INFO  server.RaftServer$Division (RaftServerImpl.java:setRole(383)) - 6d7ddd0a-4974-4c82-8247-9f057ff87999@group-F2BB8BAFBDB9: changes role from CANDIDATE to FOLLOWER at term 0 for REJECTED
2024-03-11 08:40:09,690 [6d7ddd0a-4974-4c82-8247-9f057ff87999@group-F2BB8BAFBDB9-LeaderElection60] INFO  impl.RoleInfo (RoleInfo.java:shutdownLeaderElection(130)) - 6d7ddd0a-4974-4c82-8247-9f057ff87999: shutdown 6d7ddd0a-4974-4c82-8247-9f057ff87999@group-F2BB8BAFBDB9-LeaderElection60
2024-03-11 08:40:09,690 [6d7ddd0a-4974-4c82-8247-9f057ff87999@group-F2BB8BAFBDB9-LeaderElection60] INFO  impl.RoleInfo (RoleInfo.java:updateAndGet(139)) - 6d7ddd0a-4974-4c82-8247-9f057ff87999: start 6d7ddd0a-4974-4c82-8247-9f057ff87999@group-F2BB8BAFBDB9-FollowerState
2024-03-11 08:40:09,690 [6d7ddd0a-4974-4c82-8247-9f057ff87999@group-F2BB8BAFBDB9-LeaderElection60] INFO  server.RaftServer$Division (RaftServerImpl.java:setFirstElection(574)) - 6d7ddd0a-4974-4c82-8247-9f057ff87999@group-F2BB8BAFBDB9: set firstElectionSinceStartup to false for REJECTED
2024-03-11 08:40:09,749 [0d2e6bfc-4b34-47c2-8255-934200cb31cb@group-F2BB8BAFBDB9-FollowerState] INFO  server.RaftServerConfigKeys (ConfUtils.java:logFallback(53)) - raft.server.rpc.first-election.timeout.min = 5s (fallback to raft.server.rpc.timeout.min)
2024-03-11 08:40:09,750 [0d2e6bfc-4b34-47c2-8255-934200cb31cb@group-F2BB8BAFBDB9-FollowerState] INFO  server.RaftServerConfigKeys (ConfUtils.java:logFallback(53)) - raft.server.rpc.first-election.timeout.max = 5200ms (fallback to raft.server.rpc.timeout.max)
2024-03-11 08:40:09,758 [6d7ddd0a-4974-4c82-8247-9f057ff87999@group-EF145C36F503-FollowerState] INFO  impl.FollowerState (FollowerState.java:run(143)) - 6d7ddd0a-4974-4c82-8247-9f057ff87999@group-EF145C36F503-FollowerState: change to CANDIDATE, lastRpcElapsedTime:5036441874ns, electionTimeout:5036ms
2024-03-11 08:40:09,758 [6d7ddd0a-4974-4c82-8247-9f057ff87999@group-EF145C36F503-FollowerState] INFO  impl.RoleInfo (RoleInfo.java:shutdownFollowerState(110)) - 6d7ddd0a-4974-4c82-8247-9f057ff87999: shutdown 6d7ddd0a-4974-4c82-8247-9f057ff87999@group-EF145C36F503-FollowerState
2024-03-11 08:40:09,758 [6d7ddd0a-4974-4c82-8247-9f057ff87999@group-EF145C36F503-FollowerState] INFO  server.RaftServer$Division (RaftServerImpl.java:setRole(383)) - 6d7ddd0a-4974-4c82-8247-9f057ff87999@group-EF145C36F503: changes role from  FOLLOWER to CANDIDATE at term 0 for changeToCandidate
2024-03-11 08:40:09,758 [6d7ddd0a-4974-4c82-8247-9f057ff87999@group-EF145C36F503-FollowerState] INFO  server.RaftServerConfigKeys (ConfUtils.java:logGet(46)) - raft.server.leaderelection.pre-vote = true (default)
2024-03-11 08:40:09,758 [6d7ddd0a-4974-4c82-8247-9f057ff87999@group-EF145C36F503-FollowerState] INFO  impl.RoleInfo (RoleInfo.java:updateAndGet(139)) - 6d7ddd0a-4974-4c82-8247-9f057ff87999: start 6d7ddd0a-4974-4c82-8247-9f057ff87999@group-EF145C36F503-LeaderElection61
2024-03-11 08:40:09,760 [6d7ddd0a-4974-4c82-8247-9f057ff87999@group-EF145C36F503-LeaderElection61] INFO  impl.LeaderElection (LeaderElection.java:askForVotes(321)) - 6d7ddd0a-4974-4c82-8247-9f057ff87999@group-EF145C36F503-LeaderElection61 PRE_VOTE round 0: submit vote requests at term 0 for -1: peers:[6d7ddd0a-4974-4c82-8247-9f057ff87999|10.1.0.9:15280, 0d2e6bfc-4b34-47c2-8255-934200cb31cb|10.1.0.9:15298, ef4f6c43-595b-4c7c-bb14-559caeb18433|10.1.0.9:15289]|listeners:[], old=null
2024-03-11 08:40:09,760 [6d7ddd0a-4974-4c82-8247-9f057ff87999@group-EF145C36F503-LeaderElection61] INFO  server.RaftServerConfigKeys (ConfUtils.java:logFallback(53)) - raft.server.rpc.first-election.timeout.min = 5s (fallback to raft.server.rpc.timeout.min)
2024-03-11 08:40:09,760 [6d7ddd0a-4974-4c82-8247-9f057ff87999@group-EF145C36F503-LeaderElection61] INFO  server.RaftServerConfigKeys (ConfUtils.java:logFallback(53)) - raft.server.rpc.first-election.timeout.max = 5200ms (fallback to raft.server.rpc.timeout.max)
2024-03-11 08:40:09,761 [grpc-default-executor-1] INFO  server.RaftServer$Division (RaftServerImpl.java:requestVote(1389)) - 0d2e6bfc-4b34-47c2-8255-934200cb31cb@group-EF145C36F503: receive requestVote(PRE_VOTE, 6d7ddd0a-4974-4c82-8247-9f057ff87999, group-EF145C36F503, 0, (t:0, i:0))
2024-03-11 08:40:09,761 [grpc-default-executor-4] INFO  server.RaftServer$Division (RaftServerImpl.java:requestVote(1389)) - ef4f6c43-595b-4c7c-bb14-559caeb18433@group-EF145C36F503: receive requestVote(PRE_VOTE, 6d7ddd0a-4974-4c82-8247-9f057ff87999, group-EF145C36F503, 0, (t:0, i:0))
2024-03-11 08:40:09,761 [grpc-default-executor-1] INFO  impl.VoteContext (VoteContext.java:log(49)) - 0d2e6bfc-4b34-47c2-8255-934200cb31cb@group-EF145C36F503-FOLLOWER: accept PRE_VOTE from 6d7ddd0a-4974-4c82-8247-9f057ff87999: our priority 0 <= candidate's priority 1
2024-03-11 08:40:09,761 [grpc-default-executor-4] INFO  impl.VoteContext (VoteContext.java:log(49)) - ef4f6c43-595b-4c7c-bb14-559caeb18433@group-EF145C36F503-FOLLOWER: accept PRE_VOTE from 6d7ddd0a-4974-4c82-8247-9f057ff87999: our priority 0 <= candidate's priority 1
2024-03-11 08:40:09,761 [grpc-default-executor-1] INFO  server.RaftServer$Division (RaftServerImpl.java:requestVote(1422)) - 0d2e6bfc-4b34-47c2-8255-934200cb31cb@group-EF145C36F503 replies to PRE_VOTE vote request: 6d7ddd0a-4974-4c82-8247-9f057ff87999<-0d2e6bfc-4b34-47c2-8255-934200cb31cb#0:OK-t0. Peer's state: 0d2e6bfc-4b34-47c2-8255-934200cb31cb@group-EF145C36F503:t0, leader=null, voted=, raftlog=Memoized:0d2e6bfc-4b34-47c2-8255-934200cb31cb@group-EF145C36F503-SegmentedRaftLog:OPENED:c-1, conf=-1: peers:[6d7ddd0a-4974-4c82-8247-9f057ff87999|10.1.0.9:15280, 0d2e6bfc-4b34-47c2-8255-934200cb31cb|10.1.0.9:15298, ef4f6c43-595b-4c7c-bb14-559caeb18433|10.1.0.9:15289]|listeners:[], old=null
2024-03-11 08:40:09,761 [grpc-default-executor-4] INFO  server.RaftServer$Division (RaftServerImpl.java:requestVote(1422)) - ef4f6c43-595b-4c7c-bb14-559caeb18433@group-EF145C36F503 replies to PRE_VOTE vote request: 6d7ddd0a-4974-4c82-8247-9f057ff87999<-ef4f6c43-595b-4c7c-bb14-559caeb18433#0:OK-t0. Peer's state: ef4f6c43-595b-4c7c-bb14-559caeb18433@group-EF145C36F503:t0, leader=null, voted=, raftlog=Memoized:ef4f6c43-595b-4c7c-bb14-559caeb18433@group-EF145C36F503-SegmentedRaftLog:OPENED:c-1, conf=-1: peers:[6d7ddd0a-4974-4c82-8247-9f057ff87999|10.1.0.9:15280, 0d2e6bfc-4b34-47c2-8255-934200cb31cb|10.1.0.9:15298, ef4f6c43-595b-4c7c-bb14-559caeb18433|10.1.0.9:15289]|listeners:[], old=null
2024-03-11 08:40:09,762 [6d7ddd0a-4974-4c82-8247-9f057ff87999@group-EF145C36F503-LeaderElection61] INFO  impl.LeaderElection (LeaderElection.java:logAndReturn(89)) - 6d7ddd0a-4974-4c82-8247-9f057ff87999@group-EF145C36F503-LeaderElection61: PRE_VOTE PASSED received 1 response(s) and 0 exception(s):
2024-03-11 08:40:09,762 [6d7ddd0a-4974-4c82-8247-9f057ff87999@group-EF145C36F503-LeaderElection61] INFO  impl.LeaderElection (LeaderElection.java:logAndReturn(93)) -   Response 0: 6d7ddd0a-4974-4c82-8247-9f057ff87999<-0d2e6bfc-4b34-47c2-8255-934200cb31cb#0:OK-t0
2024-03-11 08:40:09,762 [6d7ddd0a-4974-4c82-8247-9f057ff87999@group-EF145C36F503-LeaderElection61] INFO  impl.LeaderElection (LeaderElection.java:askForVotes(323)) - 6d7ddd0a-4974-4c82-8247-9f057ff87999@group-EF145C36F503-LeaderElection61 PRE_VOTE round 0: result PASSED
2024-03-11 08:40:09,763 [6d7ddd0a-4974-4c82-8247-9f057ff87999@group-EF145C36F503-LeaderElection61] INFO  impl.LeaderElection (LeaderElection.java:askForVotes(321)) - 6d7ddd0a-4974-4c82-8247-9f057ff87999@group-EF145C36F503-LeaderElection61 ELECTION round 0: submit vote requests at term 1 for -1: peers:[6d7ddd0a-4974-4c82-8247-9f057ff87999|10.1.0.9:15280, 0d2e6bfc-4b34-47c2-8255-934200cb31cb|10.1.0.9:15298, ef4f6c43-595b-4c7c-bb14-559caeb18433|10.1.0.9:15289]|listeners:[], old=null
2024-03-11 08:40:09,763 [6d7ddd0a-4974-4c82-8247-9f057ff87999@group-EF145C36F503-LeaderElection61] INFO  server.RaftServerConfigKeys (ConfUtils.java:logFallback(53)) - raft.server.rpc.first-election.timeout.min = 5s (fallback to raft.server.rpc.timeout.min)
2024-03-11 08:40:09,763 [6d7ddd0a-4974-4c82-8247-9f057ff87999@group-EF145C36F503-LeaderElection61] INFO  server.RaftServerConfigKeys (ConfUtils.java:logFallback(53)) - raft.server.rpc.first-election.timeout.max = 5200ms (fallback to raft.server.rpc.timeout.max)
2024-03-11 08:40:09,764 [grpc-default-executor-4] INFO  server.RaftServer$Division (RaftServerImpl.java:requestVote(1389)) - ef4f6c43-595b-4c7c-bb14-559caeb18433@group-EF145C36F503: receive requestVote(ELECTION, 6d7ddd0a-4974-4c82-8247-9f057ff87999, group-EF145C36F503, 1, (t:0, i:0))
2024-03-11 08:40:09,764 [grpc-default-executor-4] INFO  impl.VoteContext (VoteContext.java:log(49)) - ef4f6c43-595b-4c7c-bb14-559caeb18433@group-EF145C36F503-FOLLOWER: accept ELECTION from 6d7ddd0a-4974-4c82-8247-9f057ff87999: our priority 0 <= candidate's priority 1
2024-03-11 08:40:09,764 [grpc-default-executor-4] INFO  server.RaftServer$Division (RaftServerImpl.java:setRole(383)) - ef4f6c43-595b-4c7c-bb14-559caeb18433@group-EF145C36F503: changes role from  FOLLOWER to FOLLOWER at term 1 for candidate:6d7ddd0a-4974-4c82-8247-9f057ff87999
2024-03-11 08:40:09,764 [grpc-default-executor-4] INFO  impl.RoleInfo (RoleInfo.java:shutdownFollowerState(110)) - ef4f6c43-595b-4c7c-bb14-559caeb18433: shutdown ef4f6c43-595b-4c7c-bb14-559caeb18433@group-EF145C36F503-FollowerState
2024-03-11 08:40:09,764 [grpc-default-executor-4] INFO  impl.RoleInfo (RoleInfo.java:updateAndGet(139)) - ef4f6c43-595b-4c7c-bb14-559caeb18433: start ef4f6c43-595b-4c7c-bb14-559caeb18433@group-EF145C36F503-FollowerState
2024-03-11 08:40:09,764 [ef4f6c43-595b-4c7c-bb14-559caeb18433@group-EF145C36F503-FollowerState] INFO  impl.FollowerState (FollowerState.java:run(152)) - ef4f6c43-595b-4c7c-bb14-559caeb18433@group-EF145C36F503-FollowerState was interrupted
2024-03-11 08:40:09,764 [grpc-default-executor-1] INFO  server.RaftServer$Division (RaftServerImpl.java:requestVote(1389)) - 0d2e6bfc-4b34-47c2-8255-934200cb31cb@group-EF145C36F503: receive requestVote(ELECTION, 6d7ddd0a-4974-4c82-8247-9f057ff87999, group-EF145C36F503, 1, (t:0, i:0))
2024-03-11 08:40:09,764 [grpc-default-executor-1] INFO  impl.VoteContext (VoteContext.java:log(49)) - 0d2e6bfc-4b34-47c2-8255-934200cb31cb@group-EF145C36F503-FOLLOWER: accept ELECTION from 6d7ddd0a-4974-4c82-8247-9f057ff87999: our priority 0 <= candidate's priority 1
2024-03-11 08:40:09,764 [grpc-default-executor-1] INFO  server.RaftServer$Division (RaftServerImpl.java:setRole(383)) - 0d2e6bfc-4b34-47c2-8255-934200cb31cb@group-EF145C36F503: changes role from  FOLLOWER to FOLLOWER at term 1 for candidate:6d7ddd0a-4974-4c82-8247-9f057ff87999
2024-03-11 08:40:09,765 [grpc-default-executor-1] INFO  impl.RoleInfo (RoleInfo.java:shutdownFollowerState(110)) - 0d2e6bfc-4b34-47c2-8255-934200cb31cb: shutdown 0d2e6bfc-4b34-47c2-8255-934200cb31cb@group-EF145C36F503-FollowerState
2024-03-11 08:40:09,765 [grpc-default-executor-4] INFO  server.RaftServer$Division (RaftServerImpl.java:setFirstElection(574)) - ef4f6c43-595b-4c7c-bb14-559caeb18433@group-EF145C36F503: set firstElectionSinceStartup to false for candidate:6d7ddd0a-4974-4c82-8247-9f057ff87999
2024-03-11 08:40:09,765 [grpc-default-executor-1] INFO  impl.RoleInfo (RoleInfo.java:updateAndGet(139)) - 0d2e6bfc-4b34-47c2-8255-934200cb31cb: start 0d2e6bfc-4b34-47c2-8255-934200cb31cb@group-EF145C36F503-FollowerState
2024-03-11 08:40:09,765 [0d2e6bfc-4b34-47c2-8255-934200cb31cb@group-EF145C36F503-FollowerState] INFO  impl.FollowerState (FollowerState.java:run(152)) - 0d2e6bfc-4b34-47c2-8255-934200cb31cb@group-EF145C36F503-FollowerState was interrupted
2024-03-11 08:40:09,766 [grpc-default-executor-1] INFO  server.RaftServer$Division (RaftServerImpl.java:setFirstElection(574)) - 0d2e6bfc-4b34-47c2-8255-934200cb31cb@group-EF145C36F503: set firstElectionSinceStartup to false for candidate:6d7ddd0a-4974-4c82-8247-9f057ff87999
2024-03-11 08:40:09,766 [grpc-default-executor-4] INFO  server.RaftServer$Division (RaftServerImpl.java:requestVote(1422)) - ef4f6c43-595b-4c7c-bb14-559caeb18433@group-EF145C36F503 replies to ELECTION vote request: 6d7ddd0a-4974-4c82-8247-9f057ff87999<-ef4f6c43-595b-4c7c-bb14-559caeb18433#0:OK-t1. Peer's state: ef4f6c43-595b-4c7c-bb14-559caeb18433@group-EF145C36F503:t1, leader=null, voted=6d7ddd0a-4974-4c82-8247-9f057ff87999, raftlog=Memoized:ef4f6c43-595b-4c7c-bb14-559caeb18433@group-EF145C36F503-SegmentedRaftLog:OPENED:c-1, conf=-1: peers:[6d7ddd0a-4974-4c82-8247-9f057ff87999|10.1.0.9:15280, 0d2e6bfc-4b34-47c2-8255-934200cb31cb|10.1.0.9:15298, ef4f6c43-595b-4c7c-bb14-559caeb18433|10.1.0.9:15289]|listeners:[], old=null
2024-03-11 08:40:09,766 [6d7ddd0a-4974-4c82-8247-9f057ff87999@group-EF145C36F503-LeaderElection61] INFO  impl.LeaderElection (LeaderElection.java:logAndReturn(89)) - 6d7ddd0a-4974-4c82-8247-9f057ff87999@group-EF145C36F503-LeaderElection61: ELECTION PASSED received 1 response(s) and 0 exception(s):
2024-03-11 08:40:09,766 [6d7ddd0a-4974-4c82-8247-9f057ff87999@group-EF145C36F503-LeaderElection61] INFO  impl.LeaderElection (LeaderElection.java:logAndReturn(93)) -   Response 0: 6d7ddd0a-4974-4c82-8247-9f057ff87999<-ef4f6c43-595b-4c7c-bb14-559caeb18433#0:OK-t1
2024-03-11 08:40:09,766 [6d7ddd0a-4974-4c82-8247-9f057ff87999@group-EF145C36F503-LeaderElection61] INFO  impl.LeaderElection (LeaderElection.java:askForVotes(323)) - 6d7ddd0a-4974-4c82-8247-9f057ff87999@group-EF145C36F503-LeaderElection61 ELECTION round 0: result PASSED
2024-03-11 08:40:09,766 [6d7ddd0a-4974-4c82-8247-9f057ff87999@group-EF145C36F503-LeaderElection61] INFO  impl.RoleInfo (RoleInfo.java:shutdownLeaderElection(130)) - 6d7ddd0a-4974-4c82-8247-9f057ff87999: shutdown 6d7ddd0a-4974-4c82-8247-9f057ff87999@group-EF145C36F503-LeaderElection61
2024-03-11 08:40:09,766 [6d7ddd0a-4974-4c82-8247-9f057ff87999@group-EF145C36F503-LeaderElection61] INFO  server.RaftServer$Division (RaftServerImpl.java:setRole(383)) - 6d7ddd0a-4974-4c82-8247-9f057ff87999@group-EF145C36F503: changes role from CANDIDATE to LEADER at term 1 for changeToLeader
2024-03-11 08:40:09,767 [6d7ddd0a-4974-4c82-8247-9f057ff87999@group-EF145C36F503-LeaderElection61] INFO  server.RaftServerConfigKeys (ConfUtils.java:logGet(46)) - raft.server.staging.catchup.gap = 1000 (default)
2024-03-11 08:40:09,767 [6d7ddd0a-4974-4c82-8247-9f057ff87999@group-EF145C36F503-LeaderElection61] INFO  server.RaftServerConfigKeys (ConfUtils.java:logGet(46)) - raft.server.write.element-limit = 1024 (custom)
2024-03-11 08:40:09,767 [6d7ddd0a-4974-4c82-8247-9f057ff87999@group-EF145C36F503-LeaderElection61] INFO  server.RaftServerConfigKeys (ConfUtils.java:logGet(46)) - raft.server.write.byte-limit = 1024 M (=1073741824) (custom)
2024-03-11 08:40:09,767 [6d7ddd0a-4974-4c82-8247-9f057ff87999@group-EF145C36F503-LeaderElection61] INFO  server.RaftServerConfigKeys (ConfUtils.java:logGet(46)) - raft.server.watch.timeout = 180s (custom)
2024-03-11 08:40:09,767 [6d7ddd0a-4974-4c82-8247-9f057ff87999@group-EF145C36F503-LeaderElection61] INFO  server.RaftServerConfigKeys (ConfUtils.java:logGet(46)) - raft.server.watch.timeout.denomination = 1s (default)
2024-03-11 08:40:09,767 [6d7ddd0a-4974-4c82-8247-9f057ff87999@group-EF145C36F503-LeaderElection61] INFO  server.RaftServerConfigKeys (ConfUtils.java:logGet(46)) - raft.server.watch.element-limit = 65536 (default)
2024-03-11 08:40:09,767 [6d7ddd0a-4974-4c82-8247-9f057ff87999@group-EF145C36F503-LeaderElection61] INFO  server.RaftServerConfigKeys (ConfUtils.java:logGet(46)) - raft.server.read.leader.lease.enabled = false (default)
2024-03-11 08:40:09,767 [6d7ddd0a-4974-4c82-8247-9f057ff87999@group-EF145C36F503-LeaderElection61] INFO  server.RaftServerConfigKeys (ConfUtils.java:logGet(46)) - raft.server.read.leader.lease.timeout.ratio = 0.9 (default)
2024-03-11 08:40:09,767 [grpc-default-executor-1] INFO  server.RaftServer$Division (RaftServerImpl.java:requestVote(1422)) - 0d2e6bfc-4b34-47c2-8255-934200cb31cb@group-EF145C36F503 replies to ELECTION vote request: 6d7ddd0a-4974-4c82-8247-9f057ff87999<-0d2e6bfc-4b34-47c2-8255-934200cb31cb#0:OK-t1. Peer's state: 0d2e6bfc-4b34-47c2-8255-934200cb31cb@group-EF145C36F503:t1, leader=null, voted=6d7ddd0a-4974-4c82-8247-9f057ff87999, raftlog=Memoized:0d2e6bfc-4b34-47c2-8255-934200cb31cb@group-EF145C36F503-SegmentedRaftLog:OPENED:c-1, conf=-1: peers:[6d7ddd0a-4974-4c82-8247-9f057ff87999|10.1.0.9:15280, 0d2e6bfc-4b34-47c2-8255-934200cb31cb|10.1.0.9:15298, ef4f6c43-595b-4c7c-bb14-559caeb18433|10.1.0.9:15289]|listeners:[], old=null
2024-03-11 08:40:09,767 [6d7ddd0a-4974-4c82-8247-9f057ff87999@group-EF145C36F503-LeaderElection61] INFO  server.RaftServerConfigKeys (ConfUtils.java:logGet(46)) - raft.server.rpc.timeout.min = 5s (custom)
2024-03-11 08:40:09,767 [6d7ddd0a-4974-4c82-8247-9f057ff87999@group-EF145C36F503-LeaderElection61] INFO  server.RaftServerConfigKeys (ConfUtils.java:logGet(46)) - raft.server.write.element-limit = 1024 (custom)
2024-03-11 08:40:09,767 [6d7ddd0a-4974-4c82-8247-9f057ff87999@group-EF145C36F503-LeaderElection61] INFO  server.RaftServerConfigKeys (ConfUtils.java:logGet(46)) - raft.server.write.follower.gap.ratio.max = -1.0 (default)
2024-03-11 08:40:09,768 [6d7ddd0a-4974-4c82-8247-9f057ff87999@group-EF145C36F503-LeaderElection61] INFO  server.RaftServerConfigKeys (ConfUtils.java:logGet(46)) - raft.server.log.appender.snapshot.chunk.size.max = 16MB (=16777216) (default)
2024-03-11 08:40:09,768 [6d7ddd0a-4974-4c82-8247-9f057ff87999@group-EF145C36F503-LeaderElection61] INFO  server.RaftServerConfigKeys (ConfUtils.java:logGet(46)) - raft.server.log.appender.buffer.byte-limit = 8388608 (custom)
2024-03-11 08:40:09,768 [6d7ddd0a-4974-4c82-8247-9f057ff87999@group-EF145C36F503-LeaderElection61] INFO  server.RaftServerConfigKeys (ConfUtils.java:logGet(46)) - raft.server.log.appender.buffer.element-limit = 1 (custom)
2024-03-11 08:40:09,768 [6d7ddd0a-4974-4c82-8247-9f057ff87999@group-EF145C36F503-LeaderElection61] INFO  server.RaftServerConfigKeys (ConfUtils.java:logGet(46)) - raft.server.log.appender.wait-time.min = 0μs (custom)
2024-03-11 08:40:09,768 [6d7ddd0a-4974-4c82-8247-9f057ff87999@group-EF145C36F503-LeaderElection61] INFO  grpc.GrpcConfigKeys (ConfUtils.java:logGet(46)) - raft.grpc.server.leader.outstanding.appends.max = 8 (default)
2024-03-11 08:40:09,768 [6d7ddd0a-4974-4c82-8247-9f057ff87999@group-EF145C36F503-LeaderElection61] INFO  server.RaftServerConfigKeys (ConfUtils.java:logGet(46)) - raft.server.rpc.request.timeout = 60s (custom)
2024-03-11 08:40:09,768 [6d7ddd0a-4974-4c82-8247-9f057ff87999@group-EF145C36F503-LeaderElection61] INFO  grpc.GrpcConfigKeys (ConfUtils.java:logGet(46)) - raft.grpc.server.install_snapshot.request.element-limit = 8 (default)
2024-03-11 08:40:09,768 [6d7ddd0a-4974-4c82-8247-9f057ff87999@group-EF145C36F503-LeaderElection61] INFO  grpc.GrpcConfigKeys (ConfUtils.java:logGet(46)) - raft.grpc.server.install_snapshot.request.timeout = 3000ms (default)
2024-03-11 08:40:09,768 [6d7ddd0a-4974-4c82-8247-9f057ff87999@group-EF145C36F503-LeaderElection61] INFO  grpc.GrpcConfigKeys (ConfUtils.java:logGet(46)) - raft.grpc.server.log-message.batch.duration = 5s (default)
2024-03-11 08:40:09,768 [6d7ddd0a-4974-4c82-8247-9f057ff87999@group-EF145C36F503-LeaderElection61] INFO  server.RaftServerConfigKeys (ConfUtils.java:logGet(46)) - raft.server.log.appender.install.snapshot.enabled = false (custom)
2024-03-11 08:40:09,768 [6d7ddd0a-4974-4c82-8247-9f057ff87999@group-EF145C36F503-LeaderElection61] INFO  grpc.GrpcConfigKeys (ConfUtils.java:logGet(46)) - raft.grpc.server.heartbeat.channel = true (default)
2024-03-11 08:40:09,769 [6d7ddd0a-4974-4c82-8247-9f057ff87999@group-EF145C36F503-LeaderElection61] INFO  server.RaftServerConfigKeys (ConfUtils.java:logGet(46)) - raft.server.log.appender.snapshot.chunk.size.max = 16MB (=16777216) (default)
2024-03-11 08:40:09,769 [6d7ddd0a-4974-4c82-8247-9f057ff87999@group-EF145C36F503-LeaderElection61] INFO  server.RaftServerConfigKeys (ConfUtils.java:logGet(46)) - raft.server.log.appender.buffer.byte-limit = 8388608 (custom)
2024-03-11 08:40:09,769 [6d7ddd0a-4974-4c82-8247-9f057ff87999@group-EF145C36F503-LeaderElection61] INFO  server.RaftServerConfigKeys (ConfUtils.java:logGet(46)) - raft.server.log.appender.buffer.element-limit = 1 (custom)
2024-03-11 08:40:09,769 [6d7ddd0a-4974-4c82-8247-9f057ff87999@group-EF145C36F503-LeaderElection61] INFO  server.RaftServerConfigKeys (ConfUtils.java:logGet(46)) - raft.server.log.appender.wait-time.min = 0μs (custom)
2024-03-11 08:40:09,770 [6d7ddd0a-4974-4c82-8247-9f057ff87999@group-EF145C36F503-LeaderElection61] INFO  grpc.GrpcConfigKeys (ConfUtils.java:logGet(46)) - raft.grpc.server.leader.outstanding.appends.max = 8 (default)
2024-03-11 08:40:09,770 [6d7ddd0a-4974-4c82-8247-9f057ff87999@group-EF145C36F503-LeaderElection61] INFO  server.RaftServerConfigKeys (ConfUtils.java:logGet(46)) - raft.server.rpc.request.timeout = 60s (custom)
2024-03-11 08:40:09,770 [6d7ddd0a-4974-4c82-8247-9f057ff87999@group-EF145C36F503-LeaderElection61] INFO  grpc.GrpcConfigKeys (ConfUtils.java:logGet(46)) - raft.grpc.server.install_snapshot.request.element-limit = 8 (default)
2024-03-11 08:40:09,770 [6d7ddd0a-4974-4c82-8247-9f057ff87999@group-EF145C36F503-LeaderElection61] INFO  grpc.GrpcConfigKeys (ConfUtils.java:logGet(46)) - raft.grpc.server.install_snapshot.request.timeout = 3000ms (default)
2024-03-11 08:40:09,770 [6d7ddd0a-4974-4c82-8247-9f057ff87999@group-EF145C36F503-LeaderElection61] INFO  grpc.GrpcConfigKeys (ConfUtils.java:logGet(46)) - raft.grpc.server.log-message.batch.duration = 5s (default)
2024-03-11 08:40:09,770 [6d7ddd0a-4974-4c82-8247-9f057ff87999@group-EF145C36F503-LeaderElection61] INFO  server.RaftServerConfigKeys (ConfUtils.java:logGet(46)) - raft.server.log.appender.install.snapshot.enabled = false (custom)
2024-03-11 08:40:09,770 [6d7ddd0a-4974-4c82-8247-9f057ff87999@group-EF145C36F503-LeaderElection61] INFO  grpc.GrpcConfigKeys (ConfUtils.java:logGet(46)) - raft.grpc.server.heartbeat.channel = true (default)
2024-03-11 08:40:09,770 [6d7ddd0a-4974-4c82-8247-9f057ff87999@group-EF145C36F503-LeaderElection61] INFO  impl.RoleInfo (RoleInfo.java:updateAndGet(139)) - 6d7ddd0a-4974-4c82-8247-9f057ff87999: start 6d7ddd0a-4974-4c82-8247-9f057ff87999@group-EF145C36F503-LeaderStateImpl
2024-03-11 08:40:09,770 [6d7ddd0a-4974-4c82-8247-9f057ff87999@group-EF145C36F503-LeaderElection61] INFO  server.RaftServer$Division (RaftServerImpl.java:setFirstElection(574)) - 6d7ddd0a-4974-4c82-8247-9f057ff87999@group-EF145C36F503: set firstElectionSinceStartup to false for becomeLeader
2024-03-11 08:40:09,770 [6d7ddd0a-4974-4c82-8247-9f057ff87999@group-EF145C36F503-LeaderElection61] INFO  ratis.XceiverServerRatis (XceiverServerRatis.java:handleLeaderChangedNotification(966)) - Leader change notification received for group: group-EF145C36F503 with new leaderId: 6d7ddd0a-4974-4c82-8247-9f057ff87999
2024-03-11 08:40:09,770 [6d7ddd0a-4974-4c82-8247-9f057ff87999@group-EF145C36F503-LeaderElection61] INFO  server.RaftServer$Division (ServerState.java:setLeader(269)) - 6d7ddd0a-4974-4c82-8247-9f057ff87999@group-EF145C36F503: change Leader from null to 6d7ddd0a-4974-4c82-8247-9f057ff87999 at term 1 for becomeLeader, leader elected after 5055ms
2024-03-11 08:40:09,770 [6d7ddd0a-4974-4c82-8247-9f057ff87999@group-EF145C36F503-LeaderElection61] INFO  segmented.SegmentedRaftLogWorker (SegmentedRaftLogWorker.java:startLogSegment(430)) - 6d7ddd0a-4974-4c82-8247-9f057ff87999@group-EF145C36F503-SegmentedRaftLogWorker: Starting segment from index:0
2024-03-11 08:40:09,771 [6d7ddd0a-4974-4c82-8247-9f057ff87999@group-EF145C36F503-SegmentedRaftLogWorker] INFO  segmented.BufferedWriteChannel (BufferedWriteChannel.java:open(62)) - open log_inprogress_0 at position 0
2024-03-11 08:40:09,771 [6d7ddd0a-4974-4c82-8247-9f057ff87999@group-EF145C36F503-LeaderElection61] INFO  server.RaftServer$Division (ServerState.java:setRaftConf(386)) - 6d7ddd0a-4974-4c82-8247-9f057ff87999@group-EF145C36F503: set configuration 0: peers:[6d7ddd0a-4974-4c82-8247-9f057ff87999|10.1.0.9:15280, 0d2e6bfc-4b34-47c2-8255-934200cb31cb|10.1.0.9:15298, ef4f6c43-595b-4c7c-bb14-559caeb18433|10.1.0.9:15289]|listeners:[], old=null
2024-03-11 08:40:09,776 [EventQueue-PipelineReportForPipelineReportHandler] INFO  pipeline.PipelineReportHandler (PipelineReportHandler.java:processPipelineReport(136)) - Opened pipeline PipelineID=4ad7f43a-4eea-4b14-ab2d-ef145c36f503
2024-03-11 08:40:09,776 [EventQueue-OpenPipelineForHealthyPipelineSafeModeRule] INFO  safemode.SCMSafeModeManager (HealthyPipelineSafeModeRule.java:process(140)) - SCM in safe mode. Healthy pipelines reported count is 0, required healthy pipeline reported count is 1
2024-03-11 08:40:09,776 [EventQueue-OpenPipelineForHealthyPipelineSafeModeRule] INFO  safemode.SCMSafeModeManager (HealthyPipelineSafeModeRule.java:process(140)) - SCM in safe mode. Healthy pipelines reported count is 1, required healthy pipeline reported count is 1
2024-03-11 08:40:09,776 [EventQueue-OpenPipelineForHealthyPipelineSafeModeRule] INFO  safemode.SCMSafeModeManager (SCMSafeModeManager.java:validateSafeModeExitRules(200)) - HealthyPipelineSafeModeRule rule is successfully validated
2024-03-11 08:40:09,776 [EventQueue-OpenPipelineForHealthyPipelineSafeModeRule] INFO  safemode.SCMSafeModeManager (SCMSafeModeManager.java:validateSafeModeExitRules(215)) - ScmSafeModeManager, all rules are successfully validated
2024-03-11 08:40:09,776 [EventQueue-OpenPipelineForHealthyPipelineSafeModeRule] INFO  safemode.SCMSafeModeManager (SCMSafeModeManager.java:exitSafeMode(244)) - SCM exiting safe mode.
2024-03-11 08:40:09,776 [EventQueue-OpenPipelineForHealthyPipelineSafeModeRule] INFO  ha.SCMContext (SCMContext.java:updateSafeModeStatus(225)) - Update SafeModeStatus from SafeModeStatus{safeModeStatus=true, preCheckPassed=true} to SafeModeStatus{safeModeStatus=false, preCheckPassed=true}.
2024-03-11 08:40:09,776 [EventQueue-OpenPipelineForHealthyPipelineSafeModeRule] INFO  pipeline.BackgroundPipelineCreator (BackgroundPipelineCreator.java:notifyStatusChanged(258)) - Service BackgroundPipelineCreator transitions to RUNNING.
2024-03-11 08:40:09,776 [EventQueue-OpenPipelineForHealthyPipelineSafeModeRule] INFO  BackgroundPipelineScrubber (BackgroundSCMService.java:notifyStatusChanged(79)) - Service BackgroundPipelineScrubber transitions to RUNNING.
2024-03-11 08:40:09,776 [EventQueue-OpenPipelineForHealthyPipelineSafeModeRule] INFO  ExpiredContainerReplicaOpScrubber (BackgroundSCMService.java:notifyStatusChanged(79)) - Service ExpiredContainerReplicaOpScrubber transitions to RUNNING.
2024-03-11 08:40:09,777 [EventQueue-OpenPipelineForHealthyPipelineSafeModeRule] INFO  block.SCMBlockDeletingService (SCMBlockDeletingService.java:notifyStatusChanged(247)) - notifyStatusChanged:RUNNING
2024-03-11 08:40:09,777 [EventQueue-OpenPipelineForHealthyPipelineSafeModeRule] INFO  replication.ReplicationManager (ReplicationManager.java:notifyStatusChanged(1403)) - Service ReplicationManager transitions to RUNNING.
2024-03-11 08:40:09,777 [EventQueue-OpenPipelineForHealthyPipelineSafeModeRule] WARN  balancer.ContainerBalancer (ContainerBalancer.java:shouldRun(134)) - Could not find persisted configuration for ContainerBalancer when checking if ContainerBalancer should run. ContainerBalancer should not run now.
2024-03-11 08:40:09,779 [ef4f6c43-595b-4c7c-bb14-559caeb18433@group-E93AD798A57A-FollowerState] INFO  impl.FollowerState (FollowerState.java:run(143)) - ef4f6c43-595b-4c7c-bb14-559caeb18433@group-E93AD798A57A-FollowerState: change to CANDIDATE, lastRpcElapsedTime:5007114425ns, electionTimeout:5006ms
2024-03-11 08:40:09,779 [ef4f6c43-595b-4c7c-bb14-559caeb18433@group-E93AD798A57A-FollowerState] INFO  impl.RoleInfo (RoleInfo.java:shutdownFollowerState(110)) - ef4f6c43-595b-4c7c-bb14-559caeb18433: shutdown ef4f6c43-595b-4c7c-bb14-559caeb18433@group-E93AD798A57A-FollowerState
2024-03-11 08:40:09,779 [ef4f6c43-595b-4c7c-bb14-559caeb18433@group-E93AD798A57A-FollowerState] INFO  server.RaftServer$Division (RaftServerImpl.java:setRole(383)) - ef4f6c43-595b-4c7c-bb14-559caeb18433@group-E93AD798A57A: changes role from  FOLLOWER to CANDIDATE at term 0 for changeToCandidate
2024-03-11 08:40:09,779 [ef4f6c43-595b-4c7c-bb14-559caeb18433@group-E93AD798A57A-FollowerState] INFO  server.RaftServerConfigKeys (ConfUtils.java:logGet(46)) - raft.server.leaderelection.pre-vote = true (default)
2024-03-11 08:40:09,779 [ef4f6c43-595b-4c7c-bb14-559caeb18433@group-E93AD798A57A-FollowerState] INFO  impl.RoleInfo (RoleInfo.java:updateAndGet(139)) - ef4f6c43-595b-4c7c-bb14-559caeb18433: start ef4f6c43-595b-4c7c-bb14-559caeb18433@group-E93AD798A57A-LeaderElection62
2024-03-11 08:40:09,780 [6d7ddd0a-4974-4c82-8247-9f057ff87999@group-EF145C36F503-SegmentedRaftLogWorker] INFO  segmented.SegmentedRaftLogWorker (SegmentedRaftLogWorker.java:execute(634)) - 6d7ddd0a-4974-4c82-8247-9f057ff87999@group-EF145C36F503-SegmentedRaftLogWorker: created new log segment /home/runner/work/ozone/ozone/hadoop-ozone/integration-test/target/test-dir/MiniOzoneClusterImpl-26b6f519-45de-438b-acbb-b19d352d9476/ozone-meta/datanode-1/ratis/4ad7f43a-4eea-4b14-ab2d-ef145c36f503/current/log_inprogress_0
2024-03-11 08:40:09,785 [ef4f6c43-595b-4c7c-bb14-559caeb18433@group-E93AD798A57A-LeaderElection62] INFO  impl.LeaderElection (LeaderElection.java:askForVotes(321)) - ef4f6c43-595b-4c7c-bb14-559caeb18433@group-E93AD798A57A-LeaderElection62 PRE_VOTE round 0: submit vote requests at term 0 for -1: peers:[ef4f6c43-595b-4c7c-bb14-559caeb18433|10.1.0.9:15289]|listeners:[], old=null
2024-03-11 08:40:09,785 [0d2e6bfc-4b34-47c2-8255-934200cb31cb-server-thread2] INFO  ratis.XceiverServerRatis (XceiverServerRatis.java:handleLeaderChangedNotification(966)) - Leader change notification received for group: group-EF145C36F503 with new leaderId: 6d7ddd0a-4974-4c82-8247-9f057ff87999
2024-03-11 08:40:09,786 [0d2e6bfc-4b34-47c2-8255-934200cb31cb-server-thread2] INFO  server.RaftServer$Division (ServerState.java:setLeader(269)) - 0d2e6bfc-4b34-47c2-8255-934200cb31cb@group-EF145C36F503: change Leader from null to 6d7ddd0a-4974-4c82-8247-9f057ff87999 at term 1 for appendEntries, leader elected after 5034ms
2024-03-11 08:40:09,786 [ef4f6c43-595b-4c7c-bb14-559caeb18433-server-thread2] INFO  ratis.XceiverServerRatis (XceiverServerRatis.java:handleLeaderChangedNotification(966)) - Leader change notification received for group: group-EF145C36F503 with new leaderId: 6d7ddd0a-4974-4c82-8247-9f057ff87999
2024-03-11 08:40:09,785 [ef4f6c43-595b-4c7c-bb14-559caeb18433@group-E93AD798A57A-LeaderElection62] INFO  impl.LeaderElection (LeaderElection.java:askForVotes(323)) - ef4f6c43-595b-4c7c-bb14-559caeb18433@group-E93AD798A57A-LeaderElection62 PRE_VOTE round 0: result PASSED (term=0)
2024-03-11 08:40:09,786 [ef4f6c43-595b-4c7c-bb14-559caeb18433-server-thread2] INFO  server.RaftServer$Division (ServerState.java:setLeader(269)) - ef4f6c43-595b-4c7c-bb14-559caeb18433@group-EF145C36F503: change Leader from null to 6d7ddd0a-4974-4c82-8247-9f057ff87999 at term 1 for appendEntries, leader elected after 5052ms
2024-03-11 08:40:09,787 [ef4f6c43-595b-4c7c-bb14-559caeb18433-server-thread2] INFO  server.RaftServer$Division (ServerState.java:setRaftConf(386)) - ef4f6c43-595b-4c7c-bb14-559caeb18433@group-EF145C36F503: set configuration 0: peers:[6d7ddd0a-4974-4c82-8247-9f057ff87999|10.1.0.9:15280, 0d2e6bfc-4b34-47c2-8255-934200cb31cb|10.1.0.9:15298, ef4f6c43-595b-4c7c-bb14-559caeb18433|10.1.0.9:15289]|listeners:[], old=null
2024-03-11 08:40:09,790 [ef4f6c43-595b-4c7c-bb14-559caeb18433@group-E93AD798A57A-LeaderElection62] INFO  impl.LeaderElection (LeaderElection.java:askForVotes(321)) - ef4f6c43-595b-4c7c-bb14-559caeb18433@group-E93AD798A57A-LeaderElection62 ELECTION round 0: submit vote requests at term 1 for -1: peers:[ef4f6c43-595b-4c7c-bb14-559caeb18433|10.1.0.9:15289]|listeners:[], old=null
2024-03-11 08:40:09,790 [ef4f6c43-595b-4c7c-bb14-559caeb18433@group-E93AD798A57A-LeaderElection62] INFO  impl.LeaderElection (LeaderElection.java:askForVotes(323)) - ef4f6c43-595b-4c7c-bb14-559caeb18433@group-E93AD798A57A-LeaderElection62 ELECTION round 0: result PASSED (term=1)
2024-03-11 08:40:09,790 [ef4f6c43-595b-4c7c-bb14-559caeb18433@group-E93AD798A57A-LeaderElection62] INFO  impl.RoleInfo (RoleInfo.java:shutdownLeaderElection(130)) - ef4f6c43-595b-4c7c-bb14-559caeb18433: shutdown ef4f6c43-595b-4c7c-bb14-559caeb18433@group-E93AD798A57A-LeaderElection62
2024-03-11 08:40:09,790 [ef4f6c43-595b-4c7c-bb14-559caeb18433@group-E93AD798A57A-LeaderElection62] INFO  server.RaftServer$Division (RaftServerImpl.java:setRole(383)) - ef4f6c43-595b-4c7c-bb14-559caeb18433@group-E93AD798A57A: changes role from CANDIDATE to LEADER at term 1 for changeToLeader
2024-03-11 08:40:09,790 [ef4f6c43-595b-4c7c-bb14-559caeb18433@group-E93AD798A57A-LeaderElection62] INFO  server.RaftServerConfigKeys (ConfUtils.java:logGet(46)) - raft.server.staging.catchup.gap = 1000 (default)
2024-03-11 08:40:09,790 [ef4f6c43-595b-4c7c-bb14-559caeb18433@group-E93AD798A57A-LeaderElection62] INFO  server.RaftServerConfigKeys (ConfUtils.java:logGet(46)) - raft.server.write.element-limit = 1024 (custom)
2024-03-11 08:40:09,790 [ef4f6c43-595b-4c7c-bb14-559caeb18433@group-E93AD798A57A-LeaderElection62] INFO  server.RaftServerConfigKeys (ConfUtils.java:logGet(46)) - raft.server.write.byte-limit = 1024 M (=1073741824) (custom)
2024-03-11 08:40:09,791 [ef4f6c43-595b-4c7c-bb14-559caeb18433@group-E93AD798A57A-LeaderElection62] INFO  server.RaftServerConfigKeys (ConfUtils.java:logGet(46)) - raft.server.watch.timeout = 180s (custom)
2024-03-11 08:40:09,791 [ef4f6c43-595b-4c7c-bb14-559caeb18433@group-E93AD798A57A-LeaderElection62] INFO  server.RaftServerConfigKeys (ConfUtils.java:logGet(46)) - raft.server.watch.timeout.denomination = 1s (default)
2024-03-11 08:40:09,791 [ef4f6c43-595b-4c7c-bb14-559caeb18433@group-E93AD798A57A-LeaderElection62] INFO  server.RaftServerConfigKeys (ConfUtils.java:logGet(46)) - raft.server.watch.element-limit = 65536 (default)
2024-03-11 08:40:09,791 [ef4f6c43-595b-4c7c-bb14-559caeb18433@group-E93AD798A57A-LeaderElection62] INFO  server.RaftServerConfigKeys (ConfUtils.java:logGet(46)) - raft.server.read.leader.lease.enabled = false (default)
2024-03-11 08:40:09,791 [ef4f6c43-595b-4c7c-bb14-559caeb18433@group-E93AD798A57A-LeaderElection62] INFO  server.RaftServerConfigKeys (ConfUtils.java:logGet(46)) - raft.server.read.leader.lease.timeout.ratio = 0.9 (default)
2024-03-11 08:40:09,791 [ef4f6c43-595b-4c7c-bb14-559caeb18433@group-E93AD798A57A-LeaderElection62] INFO  server.RaftServerConfigKeys (ConfUtils.java:logGet(46)) - raft.server.rpc.timeout.min = 5s (custom)
2024-03-11 08:40:09,791 [ef4f6c43-595b-4c7c-bb14-559caeb18433@group-E93AD798A57A-LeaderElection62] INFO  server.RaftServerConfigKeys (ConfUtils.java:logGet(46)) - raft.server.write.element-limit = 1024 (custom)
2024-03-11 08:40:09,791 [ef4f6c43-595b-4c7c-bb14-559caeb18433@group-E93AD798A57A-LeaderElection62] INFO  server.RaftServerConfigKeys (ConfUtils.java:logGet(46)) - raft.server.write.follower.gap.ratio.max = -1.0 (default)
2024-03-11 08:40:09,791 [ef4f6c43-595b-4c7c-bb14-559caeb18433@group-E93AD798A57A-LeaderElection62] INFO  impl.RoleInfo (RoleInfo.java:updateAndGet(139)) - ef4f6c43-595b-4c7c-bb14-559caeb18433: start ef4f6c43-595b-4c7c-bb14-559caeb18433@group-E93AD798A57A-LeaderStateImpl
2024-03-11 08:40:09,791 [ef4f6c43-595b-4c7c-bb14-559caeb18433@group-E93AD798A57A-LeaderElection62] INFO  server.RaftServer$Division (RaftServerImpl.java:setFirstElection(574)) - ef4f6c43-595b-4c7c-bb14-559caeb18433@group-E93AD798A57A: set firstElectionSinceStartup to false for becomeLeader
2024-03-11 08:40:09,791 [ef4f6c43-595b-4c7c-bb14-559caeb18433@group-E93AD798A57A-LeaderElection62] INFO  ratis.XceiverServerRatis (XceiverServerRatis.java:handleLeaderChangedNotification(966)) - Leader change notification received for group: group-E93AD798A57A with new leaderId: ef4f6c43-595b-4c7c-bb14-559caeb18433
2024-03-11 08:40:09,791 [ef4f6c43-595b-4c7c-bb14-559caeb18433@group-E93AD798A57A-LeaderElection62] INFO  server.RaftServer$Division (ServerState.java:setLeader(269)) - ef4f6c43-595b-4c7c-bb14-559caeb18433@group-E93AD798A57A: change Leader from null to ef4f6c43-595b-4c7c-bb14-559caeb18433 at term 1 for becomeLeader, leader elected after 5030ms
2024-03-11 08:40:09,791 [ef4f6c43-595b-4c7c-bb14-559caeb18433@group-E93AD798A57A-LeaderElection62] INFO  segmented.SegmentedRaftLogWorker (SegmentedRaftLogWorker.java:startLogSegment(430)) - ef4f6c43-595b-4c7c-bb14-559caeb18433@group-E93AD798A57A-SegmentedRaftLogWorker: Starting segment from index:0
2024-03-11 08:40:09,790 [ef4f6c43-595b-4c7c-bb14-559caeb18433-server-thread2] INFO  segmented.SegmentedRaftLogWorker (SegmentedRaftLogWorker.java:startLogSegment(430)) - ef4f6c43-595b-4c7c-bb14-559caeb18433@group-EF145C36F503-SegmentedRaftLogWorker: Starting segment from index:0
2024-03-11 08:40:09,793 [ef4f6c43-595b-4c7c-bb14-559caeb18433@group-E93AD798A57A-LeaderElection62] INFO  server.RaftServer$Division (ServerState.java:setRaftConf(386)) - ef4f6c43-595b-4c7c-bb14-559caeb18433@group-E93AD798A57A: set configuration 0: peers:[ef4f6c43-595b-4c7c-bb14-559caeb18433|10.1.0.9:15289]|listeners:[], old=null
2024-03-11 08:40:09,790 [0d2e6bfc-4b34-47c2-8255-934200cb31cb-server-thread1] INFO  server.RaftServer$Division (ServerState.java:setRaftConf(386)) - 0d2e6bfc-4b34-47c2-8255-934200cb31cb@group-EF145C36F503: set configuration 0: peers:[6d7ddd0a-4974-4c82-8247-9f057ff87999|10.1.0.9:15280, 0d2e6bfc-4b34-47c2-8255-934200cb31cb|10.1.0.9:15298, ef4f6c43-595b-4c7c-bb14-559caeb18433|10.1.0.9:15289]|listeners:[], old=null
2024-03-11 08:40:09,794 [0d2e6bfc-4b34-47c2-8255-934200cb31cb-server-thread1] INFO  segmented.SegmentedRaftLogWorker (SegmentedRaftLogWorker.java:startLogSegment(430)) - 0d2e6bfc-4b34-47c2-8255-934200cb31cb@group-EF145C36F503-SegmentedRaftLogWorker: Starting segment from index:0
2024-03-11 08:40:09,794 [ef4f6c43-595b-4c7c-bb14-559caeb18433@group-E93AD798A57A-SegmentedRaftLogWorker] INFO  segmented.BufferedWriteChannel (BufferedWriteChannel.java:open(62)) - open log_inprogress_0 at position 0
2024-03-11 08:40:09,794 [ef4f6c43-595b-4c7c-bb14-559caeb18433@group-EF145C36F503-SegmentedRaftLogWorker] INFO  segmented.BufferedWriteChannel (BufferedWriteChannel.java:open(62)) - open log_inprogress_0 at position 0
2024-03-11 08:40:09,794 [0d2e6bfc-4b34-47c2-8255-934200cb31cb@group-EF145C36F503-SegmentedRaftLogWorker] INFO  segmented.BufferedWriteChannel (BufferedWriteChannel.java:open(62)) - open log_inprogress_0 at position 0
2024-03-11 08:40:09,807 [ef4f6c43-595b-4c7c-bb14-559caeb18433@group-EF145C36F503-SegmentedRaftLogWorker] INFO  segmented.SegmentedRaftLogWorker (SegmentedRaftLogWorker.java:execute(634)) - ef4f6c43-595b-4c7c-bb14-559caeb18433@group-EF145C36F503-SegmentedRaftLogWorker: created new log segment /home/runner/work/ozone/ozone/hadoop-ozone/integration-test/target/test-dir/MiniOzoneClusterImpl-26b6f519-45de-438b-acbb-b19d352d9476/ozone-meta/datanode-2/ratis/4ad7f43a-4eea-4b14-ab2d-ef145c36f503/current/log_inprogress_0
2024-03-11 08:40:09,807 [ef4f6c43-595b-4c7c-bb14-559caeb18433@group-E93AD798A57A-SegmentedRaftLogWorker] INFO  segmented.SegmentedRaftLogWorker (SegmentedRaftLogWorker.java:execute(634)) - ef4f6c43-595b-4c7c-bb14-559caeb18433@group-E93AD798A57A-SegmentedRaftLogWorker: created new log segment /home/runner/work/ozone/ozone/hadoop-ozone/integration-test/target/test-dir/MiniOzoneClusterImpl-26b6f519-45de-438b-acbb-b19d352d9476/ozone-meta/datanode-2/ratis/89aa6cdb-e208-4b1a-953b-e93ad798a57a/current/log_inprogress_0
2024-03-11 08:40:09,808 [0d2e6bfc-4b34-47c2-8255-934200cb31cb@group-EF145C36F503-SegmentedRaftLogWorker] INFO  segmented.SegmentedRaftLogWorker (SegmentedRaftLogWorker.java:execute(634)) - 0d2e6bfc-4b34-47c2-8255-934200cb31cb@group-EF145C36F503-SegmentedRaftLogWorker: created new log segment /home/runner/work/ozone/ozone/hadoop-ozone/integration-test/target/test-dir/MiniOzoneClusterImpl-26b6f519-45de-438b-acbb-b19d352d9476/ozone-meta/datanode-3/ratis/4ad7f43a-4eea-4b14-ab2d-ef145c36f503/current/log_inprogress_0
2024-03-11 08:40:09,809 [6d7ddd0a-4974-4c82-8247-9f057ff87999@group-EF145C36F503-StateMachineUpdater] INFO  server.RaftServer$Division (LeaderStateImpl.java:isApplied(320)) - leader is ready since appliedIndex == 0 >= startIndex == 0
2024-03-11 08:40:09,810 [ef4f6c43-595b-4c7c-bb14-559caeb18433@group-E93AD798A57A-StateMachineUpdater] INFO  server.RaftServer$Division (LeaderStateImpl.java:isApplied(320)) - leader is ready since appliedIndex == 0 >= startIndex == 0
2024-03-11 08:40:09,833 [ef4f6c43-595b-4c7c-bb14-559caeb18433@group-F2BB8BAFBDB9-FollowerState] INFO  impl.FollowerState (FollowerState.java:run(143)) - ef4f6c43-595b-4c7c-bb14-559caeb18433@group-F2BB8BAFBDB9-FollowerState: change to CANDIDATE, lastRpcElapsedTime:5122981803ns, electionTimeout:5122ms
2024-03-11 08:40:09,833 [ef4f6c43-595b-4c7c-bb14-559caeb18433@group-F2BB8BAFBDB9-FollowerState] INFO  impl.RoleInfo (RoleInfo.java:shutdownFollowerState(110)) - ef4f6c43-595b-4c7c-bb14-559caeb18433: shutdown ef4f6c43-595b-4c7c-bb14-559caeb18433@group-F2BB8BAFBDB9-FollowerState
2024-03-11 08:40:09,833 [ef4f6c43-595b-4c7c-bb14-559caeb18433@group-F2BB8BAFBDB9-FollowerState] INFO  server.RaftServer$Division (RaftServerImpl.java:setRole(383)) - ef4f6c43-595b-4c7c-bb14-559caeb18433@group-F2BB8BAFBDB9: changes role from  FOLLOWER to CANDIDATE at term 0 for changeToCandidate
2024-03-11 08:40:09,833 [ef4f6c43-595b-4c7c-bb14-559caeb18433@group-F2BB8BAFBDB9-FollowerState] INFO  server.RaftServerConfigKeys (ConfUtils.java:logGet(46)) - raft.server.leaderelection.pre-vote = true (default)
2024-03-11 08:40:09,833 [ef4f6c43-595b-4c7c-bb14-559caeb18433@group-F2BB8BAFBDB9-FollowerState] INFO  impl.RoleInfo (RoleInfo.java:updateAndGet(139)) - ef4f6c43-595b-4c7c-bb14-559caeb18433: start ef4f6c43-595b-4c7c-bb14-559caeb18433@group-F2BB8BAFBDB9-LeaderElection63
2024-03-11 08:40:09,834 [ef4f6c43-595b-4c7c-bb14-559caeb18433@group-F2BB8BAFBDB9-LeaderElection63] INFO  impl.LeaderElection (LeaderElection.java:askForVotes(321)) - ef4f6c43-595b-4c7c-bb14-559caeb18433@group-F2BB8BAFBDB9-LeaderElection63 PRE_VOTE round 0: submit vote requests at term 0 for -1: peers:[6d7ddd0a-4974-4c82-8247-9f057ff87999|10.1.0.9:15280, 0d2e6bfc-4b34-47c2-8255-934200cb31cb|10.1.0.9:15298, ef4f6c43-595b-4c7c-bb14-559caeb18433|10.1.0.9:15289]|listeners:[], old=null
2024-03-11 08:40:09,834 [ef4f6c43-595b-4c7c-bb14-559caeb18433@group-F2BB8BAFBDB9-LeaderElection63-1] INFO  server.GrpcServerProtocolClient (GrpcServerProtocolClient.java:<init>(65)) - Build channel for 6d7ddd0a-4974-4c82-8247-9f057ff87999|10.1.0.9:15280
2024-03-11 08:40:09,834 [ef4f6c43-595b-4c7c-bb14-559caeb18433@group-F2BB8BAFBDB9-LeaderElection63-2] INFO  server.GrpcServerProtocolClient (GrpcServerProtocolClient.java:<init>(65)) - Build channel for 0d2e6bfc-4b34-47c2-8255-934200cb31cb|10.1.0.9:15298
2024-03-11 08:40:09,835 [6d7ddd0a-4974-4c82-8247-9f057ff87999@group-E70E28BD80BE-FollowerState] INFO  impl.FollowerState (FollowerState.java:run(143)) - 6d7ddd0a-4974-4c82-8247-9f057ff87999@group-E70E28BD80BE-FollowerState: change to CANDIDATE, lastRpcElapsedTime:5181502009ns, electionTimeout:5181ms
2024-03-11 08:40:09,835 [6d7ddd0a-4974-4c82-8247-9f057ff87999@group-E70E28BD80BE-FollowerState] INFO  impl.RoleInfo (RoleInfo.java:shutdownFollowerState(110)) - 6d7ddd0a-4974-4c82-8247-9f057ff87999: shutdown 6d7ddd0a-4974-4c82-8247-9f057ff87999@group-E70E28BD80BE-FollowerState
2024-03-11 08:40:09,835 [6d7ddd0a-4974-4c82-8247-9f057ff87999@group-E70E28BD80BE-FollowerState] INFO  server.RaftServer$Division (RaftServerImpl.java:setRole(383)) - 6d7ddd0a-4974-4c82-8247-9f057ff87999@group-E70E28BD80BE: changes role from  FOLLOWER to CANDIDATE at term 0 for changeToCandidate
2024-03-11 08:40:09,836 [6d7ddd0a-4974-4c82-8247-9f057ff87999@group-E70E28BD80BE-FollowerState] INFO  server.RaftServerConfigKeys (ConfUtils.java:logGet(46)) - raft.server.leaderelection.pre-vote = true (default)
2024-03-11 08:40:09,836 [6d7ddd0a-4974-4c82-8247-9f057ff87999@group-E70E28BD80BE-FollowerState] INFO  impl.RoleInfo (RoleInfo.java:updateAndGet(139)) - 6d7ddd0a-4974-4c82-8247-9f057ff87999: start 6d7ddd0a-4974-4c82-8247-9f057ff87999@group-E70E28BD80BE-LeaderElection64
2024-03-11 08:40:09,834 [ef4f6c43-595b-4c7c-bb14-559caeb18433@group-F2BB8BAFBDB9-LeaderElection63] INFO  server.RaftServerConfigKeys (ConfUtils.java:logFallback(53)) - raft.server.rpc.first-election.timeout.min = 5s (fallback to raft.server.rpc.timeout.min)
2024-03-11 08:40:09,838 [ef4f6c43-595b-4c7c-bb14-559caeb18433@group-F2BB8BAFBDB9-LeaderElection63] INFO  server.RaftServerConfigKeys (ConfUtils.java:logFallback(53)) - raft.server.rpc.first-election.timeout.max = 5200ms (fallback to raft.server.rpc.timeout.max)
2024-03-11 08:40:09,838 [6d7ddd0a-4974-4c82-8247-9f057ff87999@group-E70E28BD80BE-LeaderElection64] INFO  impl.LeaderElection (LeaderElection.java:askForVotes(321)) - 6d7ddd0a-4974-4c82-8247-9f057ff87999@group-E70E28BD80BE-LeaderElection64 PRE_VOTE round 0: submit vote requests at term 0 for -1: peers:[6d7ddd0a-4974-4c82-8247-9f057ff87999|10.1.0.9:15280]|listeners:[], old=null
2024-03-11 08:40:09,840 [6d7ddd0a-4974-4c82-8247-9f057ff87999@group-E70E28BD80BE-LeaderElection64] INFO  impl.LeaderElection (LeaderElection.java:askForVotes(323)) - 6d7ddd0a-4974-4c82-8247-9f057ff87999@group-E70E28BD80BE-LeaderElection64 PRE_VOTE round 0: result PASSED (term=0)
2024-03-11 08:40:09,840 [grpc-default-executor-4] INFO  server.RaftServer$Division (RaftServerImpl.java:requestVote(1389)) - 6d7ddd0a-4974-4c82-8247-9f057ff87999@group-F2BB8BAFBDB9: receive requestVote(PRE_VOTE, ef4f6c43-595b-4c7c-bb14-559caeb18433, group-F2BB8BAFBDB9, 0, (t:0, i:0))
2024-03-11 08:40:09,840 [grpc-default-executor-4] INFO  impl.VoteContext (VoteContext.java:log(49)) - 6d7ddd0a-4974-4c82-8247-9f057ff87999@group-F2BB8BAFBDB9-FOLLOWER: accept PRE_VOTE from ef4f6c43-595b-4c7c-bb14-559caeb18433: our priority 0 <= candidate's priority 1
2024-03-11 08:40:09,840 [grpc-default-executor-4] INFO  server.RaftServer$Division (RaftServerImpl.java:requestVote(1422)) - 6d7ddd0a-4974-4c82-8247-9f057ff87999@group-F2BB8BAFBDB9 replies to PRE_VOTE vote request: ef4f6c43-595b-4c7c-bb14-559caeb18433<-6d7ddd0a-4974-4c82-8247-9f057ff87999#0:OK-t0. Peer's state: 6d7ddd0a-4974-4c82-8247-9f057ff87999@group-F2BB8BAFBDB9:t0, leader=null, voted=, raftlog=Memoized:6d7ddd0a-4974-4c82-8247-9f057ff87999@group-F2BB8BAFBDB9-SegmentedRaftLog:OPENED:c-1, conf=-1: peers:[6d7ddd0a-4974-4c82-8247-9f057ff87999|10.1.0.9:15280, 0d2e6bfc-4b34-47c2-8255-934200cb31cb|10.1.0.9:15298, ef4f6c43-595b-4c7c-bb14-559caeb18433|10.1.0.9:15289]|listeners:[], old=null
2024-03-11 08:40:09,841 [6d7ddd0a-4974-4c82-8247-9f057ff87999@group-E70E28BD80BE-LeaderElection64] INFO  impl.LeaderElection (LeaderElection.java:askForVotes(321)) - 6d7ddd0a-4974-4c82-8247-9f057ff87999@group-E70E28BD80BE-LeaderElection64 ELECTION round 0: submit vote requests at term 1 for -1: peers:[6d7ddd0a-4974-4c82-8247-9f057ff87999|10.1.0.9:15280]|listeners:[], old=null
2024-03-11 08:40:09,841 [grpc-default-executor-4] INFO  server.RaftServer$Division (RaftServerImpl.java:requestVote(1389)) - 0d2e6bfc-4b34-47c2-8255-934200cb31cb@group-F2BB8BAFBDB9: receive requestVote(PRE_VOTE, ef4f6c43-595b-4c7c-bb14-559caeb18433, group-F2BB8BAFBDB9, 0, (t:0, i:0))
2024-03-11 08:40:09,841 [6d7ddd0a-4974-4c82-8247-9f057ff87999@group-E70E28BD80BE-LeaderElection64] INFO  impl.LeaderElection (LeaderElection.java:askForVotes(323)) - 6d7ddd0a-4974-4c82-8247-9f057ff87999@group-E70E28BD80BE-LeaderElection64 ELECTION round 0: result PASSED (term=1)
2024-03-11 08:40:09,842 [grpc-default-executor-4] INFO  impl.VoteContext (VoteContext.java:log(49)) - 0d2e6bfc-4b34-47c2-8255-934200cb31cb@group-F2BB8BAFBDB9-FOLLOWER: accept PRE_VOTE from ef4f6c43-595b-4c7c-bb14-559caeb18433: our priority 0 <= candidate's priority 1
2024-03-11 08:40:09,842 [6d7ddd0a-4974-4c82-8247-9f057ff87999@group-E70E28BD80BE-LeaderElection64] INFO  impl.RoleInfo (RoleInfo.java:shutdownLeaderElection(130)) - 6d7ddd0a-4974-4c82-8247-9f057ff87999: shutdown 6d7ddd0a-4974-4c82-8247-9f057ff87999@group-E70E28BD80BE-LeaderElection64
2024-03-11 08:40:09,842 [grpc-default-executor-4] INFO  server.RaftServer$Division (RaftServerImpl.java:requestVote(1422)) - 0d2e6bfc-4b34-47c2-8255-934200cb31cb@group-F2BB8BAFBDB9 replies to PRE_VOTE vote request: ef4f6c43-595b-4c7c-bb14-559caeb18433<-0d2e6bfc-4b34-47c2-8255-934200cb31cb#0:OK-t0. Peer's state: 0d2e6bfc-4b34-47c2-8255-934200cb31cb@group-F2BB8BAFBDB9:t0, leader=null, voted=, raftlog=Memoized:0d2e6bfc-4b34-47c2-8255-934200cb31cb@group-F2BB8BAFBDB9-SegmentedRaftLog:OPENED:c-1, conf=-1: peers:[6d7ddd0a-4974-4c82-8247-9f057ff87999|10.1.0.9:15280, 0d2e6bfc-4b34-47c2-8255-934200cb31cb|10.1.0.9:15298, ef4f6c43-595b-4c7c-bb14-559caeb18433|10.1.0.9:15289]|listeners:[], old=null
2024-03-11 08:40:09,842 [6d7ddd0a-4974-4c82-8247-9f057ff87999@group-E70E28BD80BE-LeaderElection64] INFO  server.RaftServer$Division (RaftServerImpl.java:setRole(383)) - 6d7ddd0a-4974-4c82-8247-9f057ff87999@group-E70E28BD80BE: changes role from CANDIDATE to LEADER at term 1 for changeToLeader
2024-03-11 08:40:09,842 [6d7ddd0a-4974-4c82-8247-9f057ff87999@group-E70E28BD80BE-LeaderElection64] INFO  server.RaftServerConfigKeys (ConfUtils.java:logGet(46)) - raft.server.staging.catchup.gap = 1000 (default)
2024-03-11 08:40:09,842 [6d7ddd0a-4974-4c82-8247-9f057ff87999@group-E70E28BD80BE-LeaderElection64] INFO  server.RaftServerConfigKeys (ConfUtils.java:logGet(46)) - raft.server.write.element-limit = 1024 (custom)
2024-03-11 08:40:09,842 [6d7ddd0a-4974-4c82-8247-9f057ff87999@group-E70E28BD80BE-LeaderElection64] INFO  server.RaftServerConfigKeys (ConfUtils.java:logGet(46)) - raft.server.write.byte-limit = 1024 M (=1073741824) (custom)
2024-03-11 08:40:09,842 [6d7ddd0a-4974-4c82-8247-9f057ff87999@group-E70E28BD80BE-LeaderElection64] INFO  server.RaftServerConfigKeys (ConfUtils.java:logGet(46)) - raft.server.watch.timeout = 180s (custom)
2024-03-11 08:40:09,842 [6d7ddd0a-4974-4c82-8247-9f057ff87999@group-E70E28BD80BE-LeaderElection64] INFO  server.RaftServerConfigKeys (ConfUtils.java:logGet(46)) - raft.server.watch.timeout.denomination = 1s (default)
2024-03-11 08:40:09,842 [6d7ddd0a-4974-4c82-8247-9f057ff87999@group-E70E28BD80BE-LeaderElection64] INFO  server.RaftServerConfigKeys (ConfUtils.java:logGet(46)) - raft.server.watch.element-limit = 65536 (default)
2024-03-11 08:40:09,842 [6d7ddd0a-4974-4c82-8247-9f057ff87999@group-E70E28BD80BE-LeaderElection64] INFO  server.RaftServerConfigKeys (ConfUtils.java:logGet(46)) - raft.server.read.leader.lease.enabled = false (default)
2024-03-11 08:40:09,843 [6d7ddd0a-4974-4c82-8247-9f057ff87999@group-E70E28BD80BE-LeaderElection64] INFO  server.RaftServerConfigKeys (ConfUtils.java:logGet(46)) - raft.server.read.leader.lease.timeout.ratio = 0.9 (default)
2024-03-11 08:40:09,843 [6d7ddd0a-4974-4c82-8247-9f057ff87999@group-E70E28BD80BE-LeaderElection64] INFO  server.RaftServerConfigKeys (ConfUtils.java:logGet(46)) - raft.server.rpc.timeout.min = 5s (custom)
2024-03-11 08:40:09,843 [6d7ddd0a-4974-4c82-8247-9f057ff87999@group-E70E28BD80BE-LeaderElection64] INFO  server.RaftServerConfigKeys (ConfUtils.java:logGet(46)) - raft.server.write.element-limit = 1024 (custom)
2024-03-11 08:40:09,847 [6d7ddd0a-4974-4c82-8247-9f057ff87999@group-E70E28BD80BE-LeaderElection64] INFO  server.RaftServerConfigKeys (ConfUtils.java:logGet(46)) - raft.server.write.follower.gap.ratio.max = -1.0 (default)
2024-03-11 08:40:09,847 [ef4f6c43-595b-4c7c-bb14-559caeb18433@group-F2BB8BAFBDB9-LeaderElection63] INFO  impl.LeaderElection (LeaderElection.java:logAndReturn(89)) - ef4f6c43-595b-4c7c-bb14-559caeb18433@group-F2BB8BAFBDB9-LeaderElection63: PRE_VOTE PASSED received 1 response(s) and 0 exception(s):
2024-03-11 08:40:09,847 [6d7ddd0a-4974-4c82-8247-9f057ff87999@group-E70E28BD80BE-LeaderElection64] INFO  impl.RoleInfo (RoleInfo.java:updateAndGet(139)) - 6d7ddd0a-4974-4c82-8247-9f057ff87999: start 6d7ddd0a-4974-4c82-8247-9f057ff87999@group-E70E28BD80BE-LeaderStateImpl
2024-03-11 08:40:09,847 [6d7ddd0a-4974-4c82-8247-9f057ff87999@group-E70E28BD80BE-LeaderElection64] INFO  server.RaftServer$Division (RaftServerImpl.java:setFirstElection(574)) - 6d7ddd0a-4974-4c82-8247-9f057ff87999@group-E70E28BD80BE: set firstElectionSinceStartup to false for becomeLeader
2024-03-11 08:40:09,847 [6d7ddd0a-4974-4c82-8247-9f057ff87999@group-E70E28BD80BE-LeaderElection64] INFO  ratis.XceiverServerRatis (XceiverServerRatis.java:handleLeaderChangedNotification(966)) - Leader change notification received for group: group-E70E28BD80BE with new leaderId: 6d7ddd0a-4974-4c82-8247-9f057ff87999
2024-03-11 08:40:09,848 [6d7ddd0a-4974-4c82-8247-9f057ff87999@group-E70E28BD80BE-LeaderElection64] INFO  server.RaftServer$Division (ServerState.java:setLeader(269)) - 6d7ddd0a-4974-4c82-8247-9f057ff87999@group-E70E28BD80BE: change Leader from null to 6d7ddd0a-4974-4c82-8247-9f057ff87999 at term 1 for becomeLeader, leader elected after 5203ms
2024-03-11 08:40:09,848 [6d7ddd0a-4974-4c82-8247-9f057ff87999@group-E70E28BD80BE-LeaderElection64] INFO  segmented.SegmentedRaftLogWorker (SegmentedRaftLogWorker.java:startLogSegment(430)) - 6d7ddd0a-4974-4c82-8247-9f057ff87999@group-E70E28BD80BE-SegmentedRaftLogWorker: Starting segment from index:0
2024-03-11 08:40:09,848 [6d7ddd0a-4974-4c82-8247-9f057ff87999@group-E70E28BD80BE-SegmentedRaftLogWorker] INFO  segmented.BufferedWriteChannel (BufferedWriteChannel.java:open(62)) - open log_inprogress_0 at position 0
2024-03-11 08:40:09,847 [ef4f6c43-595b-4c7c-bb14-559caeb18433@group-F2BB8BAFBDB9-LeaderElection63] INFO  impl.LeaderElection (LeaderElection.java:logAndReturn(93)) -   Response 0: ef4f6c43-595b-4c7c-bb14-559caeb18433<-0d2e6bfc-4b34-47c2-8255-934200cb31cb#0:OK-t0
2024-03-11 08:40:09,848 [ef4f6c43-595b-4c7c-bb14-559caeb18433@group-F2BB8BAFBDB9-LeaderElection63] INFO  impl.LeaderElection (LeaderElection.java:askForVotes(323)) - ef4f6c43-595b-4c7c-bb14-559caeb18433@group-F2BB8BAFBDB9-LeaderElection63 PRE_VOTE round 0: result PASSED
2024-03-11 08:40:09,849 [ef4f6c43-595b-4c7c-bb14-559caeb18433@group-F2BB8BAFBDB9-LeaderElection63] INFO  impl.LeaderElection (LeaderElection.java:askForVotes(321)) - ef4f6c43-595b-4c7c-bb14-559caeb18433@group-F2BB8BAFBDB9-LeaderElection63 ELECTION round 0: submit vote requests at term 1 for -1: peers:[6d7ddd0a-4974-4c82-8247-9f057ff87999|10.1.0.9:15280, 0d2e6bfc-4b34-47c2-8255-934200cb31cb|10.1.0.9:15298, ef4f6c43-595b-4c7c-bb14-559caeb18433|10.1.0.9:15289]|listeners:[], old=null
2024-03-11 08:40:09,850 [grpc-default-executor-4] INFO  server.RaftServer$Division (RaftServerImpl.java:requestVote(1389)) - 6d7ddd0a-4974-4c82-8247-9f057ff87999@group-F2BB8BAFBDB9: receive requestVote(ELECTION, ef4f6c43-595b-4c7c-bb14-559caeb18433, group-F2BB8BAFBDB9, 1, (t:0, i:0))
2024-03-11 08:40:09,851 [grpc-default-executor-4] INFO  impl.VoteContext (VoteContext.java:log(49)) - 6d7ddd0a-4974-4c82-8247-9f057ff87999@group-F2BB8BAFBDB9-FOLLOWER: accept ELECTION from ef4f6c43-595b-4c7c-bb14-559caeb18433: our priority 0 <= candidate's priority 1
2024-03-11 08:40:09,851 [grpc-default-executor-4] INFO  server.RaftServer$Division (RaftServerImpl.java:setRole(383)) - 6d7ddd0a-4974-4c82-8247-9f057ff87999@group-F2BB8BAFBDB9: changes role from  FOLLOWER to FOLLOWER at term 1 for candidate:ef4f6c43-595b-4c7c-bb14-559caeb18433
2024-03-11 08:40:09,851 [grpc-default-executor-4] INFO  impl.RoleInfo (RoleInfo.java:shutdownFollowerState(110)) - 6d7ddd0a-4974-4c82-8247-9f057ff87999: shutdown 6d7ddd0a-4974-4c82-8247-9f057ff87999@group-F2BB8BAFBDB9-FollowerState
2024-03-11 08:40:09,847 [main] INFO  ozone.MiniOzoneClusterImpl (MiniOzoneClusterImpl.java:lambda$waitForClusterToBeReady$0(194)) - Nodes are ready. Got 3 of 3 DN Heartbeats.
2024-03-11 08:40:09,853 [main] INFO  ozone.MiniOzoneClusterImpl (MiniOzoneClusterImpl.java:lambda$waitForClusterToBeReady$0(197)) - Cluster exits safe mode
2024-03-11 08:40:09,853 [main] INFO  ozone.MiniOzoneClusterImpl (MiniOzoneClusterImpl.java:lambda$waitForClusterToBeReady$0(199)) - SCM became leader
2024-03-11 08:40:09,854 [ef4f6c43-595b-4c7c-bb14-559caeb18433@group-F2BB8BAFBDB9-LeaderElection63] INFO  server.RaftServerConfigKeys (ConfUtils.java:logFallback(53)) - raft.server.rpc.first-election.timeout.min = 5s (fallback to raft.server.rpc.timeout.min)
2024-03-11 08:40:09,854 [ef4f6c43-595b-4c7c-bb14-559caeb18433@group-F2BB8BAFBDB9-LeaderElection63] INFO  server.RaftServerConfigKeys (ConfUtils.java:logFallback(53)) - raft.server.rpc.first-election.timeout.max = 5200ms (fallback to raft.server.rpc.timeout.max)
2024-03-11 08:40:09,854 [grpc-default-executor-4] INFO  impl.RoleInfo (RoleInfo.java:updateAndGet(139)) - 6d7ddd0a-4974-4c82-8247-9f057ff87999: start 6d7ddd0a-4974-4c82-8247-9f057ff87999@group-F2BB8BAFBDB9-FollowerState
2024-03-11 08:40:09,854 [main] INFO  protocolPB.OmTransportFactory (OmTransportFactory.java:createFactory(62)) - Loading OM transport implementation org.apache.hadoop.ozone.om.protocolPB.Hadoop3OmTransportFactory as specified by configuration.
2024-03-11 08:40:09,855 [grpc-default-executor-3] INFO  server.RaftServer$Division (RaftServerImpl.java:requestVote(1389)) - 0d2e6bfc-4b34-47c2-8255-934200cb31cb@group-F2BB8BAFBDB9: receive requestVote(ELECTION, ef4f6c43-595b-4c7c-bb14-559caeb18433, group-F2BB8BAFBDB9, 1, (t:0, i:0))
2024-03-11 08:40:09,855 [grpc-default-executor-3] INFO  impl.VoteContext (VoteContext.java:log(49)) - 0d2e6bfc-4b34-47c2-8255-934200cb31cb@group-F2BB8BAFBDB9-FOLLOWER: accept ELECTION from ef4f6c43-595b-4c7c-bb14-559caeb18433: our priority 0 <= candidate's priority 1
2024-03-11 08:40:09,855 [grpc-default-executor-3] INFO  server.RaftServer$Division (RaftServerImpl.java:setRole(383)) - 0d2e6bfc-4b34-47c2-8255-934200cb31cb@group-F2BB8BAFBDB9: changes role from  FOLLOWER to FOLLOWER at term 1 for candidate:ef4f6c43-595b-4c7c-bb14-559caeb18433
2024-03-11 08:40:09,855 [grpc-default-executor-3] INFO  impl.RoleInfo (RoleInfo.java:shutdownFollowerState(110)) - 0d2e6bfc-4b34-47c2-8255-934200cb31cb: shutdown 0d2e6bfc-4b34-47c2-8255-934200cb31cb@group-F2BB8BAFBDB9-FollowerState
2024-03-11 08:40:09,855 [grpc-default-executor-3] INFO  impl.RoleInfo (RoleInfo.java:updateAndGet(139)) - 0d2e6bfc-4b34-47c2-8255-934200cb31cb: start 0d2e6bfc-4b34-47c2-8255-934200cb31cb@group-F2BB8BAFBDB9-FollowerState
2024-03-11 08:40:09,855 [6d7ddd0a-4974-4c82-8247-9f057ff87999@group-F2BB8BAFBDB9-FollowerState] INFO  impl.FollowerState (FollowerState.java:run(152)) - 6d7ddd0a-4974-4c82-8247-9f057ff87999@group-F2BB8BAFBDB9-FollowerState was interrupted
2024-03-11 08:40:09,855 [grpc-default-executor-3] INFO  server.RaftServer$Division (RaftServerImpl.java:setFirstElection(574)) - 0d2e6bfc-4b34-47c2-8255-934200cb31cb@group-F2BB8BAFBDB9: set firstElectionSinceStartup to false for candidate:ef4f6c43-595b-4c7c-bb14-559caeb18433
2024-03-11 08:40:09,855 [0d2e6bfc-4b34-47c2-8255-934200cb31cb@group-F2BB8BAFBDB9-FollowerState] INFO  impl.FollowerState (FollowerState.java:run(152)) - 0d2e6bfc-4b34-47c2-8255-934200cb31cb@group-F2BB8BAFBDB9-FollowerState was interrupted
2024-03-11 08:40:09,856 [grpc-default-executor-4] INFO  server.RaftServer$Division (RaftServerImpl.java:requestVote(1422)) - 6d7ddd0a-4974-4c82-8247-9f057ff87999@group-F2BB8BAFBDB9 replies to ELECTION vote request: ef4f6c43-595b-4c7c-bb14-559caeb18433<-6d7ddd0a-4974-4c82-8247-9f057ff87999#0:OK-t1. Peer's state: 6d7ddd0a-4974-4c82-8247-9f057ff87999@group-F2BB8BAFBDB9:t1, leader=null, voted=ef4f6c43-595b-4c7c-bb14-559caeb18433, raftlog=Memoized:6d7ddd0a-4974-4c82-8247-9f057ff87999@group-F2BB8BAFBDB9-SegmentedRaftLog:OPENED:c-1, conf=-1: peers:[6d7ddd0a-4974-4c82-8247-9f057ff87999|10.1.0.9:15280, 0d2e6bfc-4b34-47c2-8255-934200cb31cb|10.1.0.9:15298, ef4f6c43-595b-4c7c-bb14-559caeb18433|10.1.0.9:15289]|listeners:[], old=null
2024-03-11 08:40:09,857 [6d7ddd0a-4974-4c82-8247-9f057ff87999@group-E70E28BD80BE-LeaderElection64] INFO  server.RaftServer$Division (ServerState.java:setRaftConf(386)) - 6d7ddd0a-4974-4c82-8247-9f057ff87999@group-E70E28BD80BE: set configuration 0: peers:[6d7ddd0a-4974-4c82-8247-9f057ff87999|10.1.0.9:15280]|listeners:[], old=null
2024-03-11 08:40:09,858 [grpc-default-executor-3] INFO  server.RaftServer$Division (RaftServerImpl.java:requestVote(1422)) - 0d2e6bfc-4b34-47c2-8255-934200cb31cb@group-F2BB8BAFBDB9 replies to ELECTION vote request: ef4f6c43-595b-4c7c-bb14-559caeb18433<-0d2e6bfc-4b34-47c2-8255-934200cb31cb#0:OK-t1. Peer's state: 0d2e6bfc-4b34-47c2-8255-934200cb31cb@group-F2BB8BAFBDB9:t1, leader=null, voted=ef4f6c43-595b-4c7c-bb14-559caeb18433, raftlog=Memoized:0d2e6bfc-4b34-47c2-8255-934200cb31cb@group-F2BB8BAFBDB9-SegmentedRaftLog:OPENED:c-1, conf=-1: peers:[6d7ddd0a-4974-4c82-8247-9f057ff87999|10.1.0.9:15280, 0d2e6bfc-4b34-47c2-8255-934200cb31cb|10.1.0.9:15298, ef4f6c43-595b-4c7c-bb14-559caeb18433|10.1.0.9:15289]|listeners:[], old=null
2024-03-11 08:40:09,858 [ef4f6c43-595b-4c7c-bb14-559caeb18433@group-F2BB8BAFBDB9-LeaderElection63] INFO  impl.LeaderElection (LeaderElection.java:logAndReturn(89)) - ef4f6c43-595b-4c7c-bb14-559caeb18433@group-F2BB8BAFBDB9-LeaderElection63: ELECTION PASSED received 1 response(s) and 0 exception(s):
2024-03-11 08:40:09,858 [ef4f6c43-595b-4c7c-bb14-559caeb18433@group-F2BB8BAFBDB9-LeaderElection63] INFO  impl.LeaderElection (LeaderElection.java:logAndReturn(93)) -   Response 0: ef4f6c43-595b-4c7c-bb14-559caeb18433<-0d2e6bfc-4b34-47c2-8255-934200cb31cb#0:OK-t1
2024-03-11 08:40:09,858 [ef4f6c43-595b-4c7c-bb14-559caeb18433@group-F2BB8BAFBDB9-LeaderElection63] INFO  impl.LeaderElection (LeaderElection.java:askForVotes(323)) - ef4f6c43-595b-4c7c-bb14-559caeb18433@group-F2BB8BAFBDB9-LeaderElection63 ELECTION round 0: result PASSED
2024-03-11 08:40:09,858 [ef4f6c43-595b-4c7c-bb14-559caeb18433@group-F2BB8BAFBDB9-LeaderElection63] INFO  impl.RoleInfo (RoleInfo.java:shutdownLeaderElection(130)) - ef4f6c43-595b-4c7c-bb14-559caeb18433: shutdown ef4f6c43-595b-4c7c-bb14-559caeb18433@group-F2BB8BAFBDB9-LeaderElection63
2024-03-11 08:40:09,858 [ef4f6c43-595b-4c7c-bb14-559caeb18433@group-F2BB8BAFBDB9-LeaderElection63] INFO  server.RaftServer$Division (RaftServerImpl.java:setRole(383)) - ef4f6c43-595b-4c7c-bb14-559caeb18433@group-F2BB8BAFBDB9: changes role from CANDIDATE to LEADER at term 1 for changeToLeader
2024-03-11 08:40:09,858 [ef4f6c43-595b-4c7c-bb14-559caeb18433@group-F2BB8BAFBDB9-LeaderElection63] INFO  server.RaftServerConfigKeys (ConfUtils.java:logGet(46)) - raft.server.staging.catchup.gap = 1000 (default)
2024-03-11 08:40:09,858 [ef4f6c43-595b-4c7c-bb14-559caeb18433@group-F2BB8BAFBDB9-LeaderElection63] INFO  server.RaftServerConfigKeys (ConfUtils.java:logGet(46)) - raft.server.write.element-limit = 1024 (custom)
2024-03-11 08:40:09,859 [ef4f6c43-595b-4c7c-bb14-559caeb18433@group-F2BB8BAFBDB9-LeaderElection63] INFO  server.RaftServerConfigKeys (ConfUtils.java:logGet(46)) - raft.server.write.byte-limit = 1024 M (=1073741824) (custom)
2024-03-11 08:40:09,859 [ef4f6c43-595b-4c7c-bb14-559caeb18433@group-F2BB8BAFBDB9-LeaderElection63] INFO  server.RaftServerConfigKeys (ConfUtils.java:logGet(46)) - raft.server.watch.timeout = 180s (custom)
2024-03-11 08:40:09,859 [ef4f6c43-595b-4c7c-bb14-559caeb18433@group-F2BB8BAFBDB9-LeaderElection63] INFO  server.RaftServerConfigKeys (ConfUtils.java:logGet(46)) - raft.server.watch.timeout.denomination = 1s (default)
2024-03-11 08:40:09,859 [ef4f6c43-595b-4c7c-bb14-559caeb18433@group-F2BB8BAFBDB9-LeaderElection63] INFO  server.RaftServerConfigKeys (ConfUtils.java:logGet(46)) - raft.server.watch.element-limit = 65536 (default)
2024-03-11 08:40:09,859 [ef4f6c43-595b-4c7c-bb14-559caeb18433@group-F2BB8BAFBDB9-LeaderElection63] INFO  server.RaftServerConfigKeys (ConfUtils.java:logGet(46)) - raft.server.read.leader.lease.enabled = false (default)
2024-03-11 08:40:09,859 [ef4f6c43-595b-4c7c-bb14-559caeb18433@group-F2BB8BAFBDB9-LeaderElection63] INFO  server.RaftServerConfigKeys (ConfUtils.java:logGet(46)) - raft.server.read.leader.lease.timeout.ratio = 0.9 (default)
2024-03-11 08:40:09,859 [ef4f6c43-595b-4c7c-bb14-559caeb18433@group-F2BB8BAFBDB9-LeaderElection63] INFO  server.RaftServerConfigKeys (ConfUtils.java:logGet(46)) - raft.server.rpc.timeout.min = 5s (custom)
2024-03-11 08:40:09,859 [ef4f6c43-595b-4c7c-bb14-559caeb18433@group-F2BB8BAFBDB9-LeaderElection63] INFO  server.RaftServerConfigKeys (ConfUtils.java:logGet(46)) - raft.server.write.element-limit = 1024 (custom)
2024-03-11 08:40:09,859 [ef4f6c43-595b-4c7c-bb14-559caeb18433@group-F2BB8BAFBDB9-LeaderElection63] INFO  server.RaftServerConfigKeys (ConfUtils.java:logGet(46)) - raft.server.write.follower.gap.ratio.max = -1.0 (default)
2024-03-11 08:40:09,859 [ef4f6c43-595b-4c7c-bb14-559caeb18433@group-F2BB8BAFBDB9-LeaderElection63] INFO  server.RaftServerConfigKeys (ConfUtils.java:logGet(46)) - raft.server.log.appender.snapshot.chunk.size.max = 16MB (=16777216) (default)
2024-03-11 08:40:09,859 [ef4f6c43-595b-4c7c-bb14-559caeb18433@group-F2BB8BAFBDB9-LeaderElection63] INFO  server.RaftServerConfigKeys (ConfUtils.java:logGet(46)) - raft.server.log.appender.buffer.byte-limit = 8388608 (custom)
2024-03-11 08:40:09,860 [ef4f6c43-595b-4c7c-bb14-559caeb18433@group-F2BB8BAFBDB9-LeaderElection63] INFO  server.RaftServerConfigKeys (ConfUtils.java:logGet(46)) - raft.server.log.appender.buffer.element-limit = 1 (custom)
2024-03-11 08:40:09,860 [ef4f6c43-595b-4c7c-bb14-559caeb18433@group-F2BB8BAFBDB9-LeaderElection63] INFO  server.RaftServerConfigKeys (ConfUtils.java:logGet(46)) - raft.server.log.appender.wait-time.min = 0μs (custom)
2024-03-11 08:40:09,860 [ef4f6c43-595b-4c7c-bb14-559caeb18433@group-F2BB8BAFBDB9-LeaderElection63] INFO  grpc.GrpcConfigKeys (ConfUtils.java:logGet(46)) - raft.grpc.server.leader.outstanding.appends.max = 8 (default)
2024-03-11 08:40:09,860 [ef4f6c43-595b-4c7c-bb14-559caeb18433@group-F2BB8BAFBDB9-LeaderElection63] INFO  server.RaftServerConfigKeys (ConfUtils.java:logGet(46)) - raft.server.rpc.request.timeout = 60s (custom)
2024-03-11 08:40:09,860 [ef4f6c43-595b-4c7c-bb14-559caeb18433@group-F2BB8BAFBDB9-LeaderElection63] INFO  grpc.GrpcConfigKeys (ConfUtils.java:logGet(46)) - raft.grpc.server.install_snapshot.request.element-limit = 8 (default)
2024-03-11 08:40:09,860 [ef4f6c43-595b-4c7c-bb14-559caeb18433@group-F2BB8BAFBDB9-LeaderElection63] INFO  grpc.GrpcConfigKeys (ConfUtils.java:logGet(46)) - raft.grpc.server.install_snapshot.request.timeout = 3000ms (default)
2024-03-11 08:40:09,860 [ef4f6c43-595b-4c7c-bb14-559caeb18433@group-F2BB8BAFBDB9-LeaderElection63] INFO  grpc.GrpcConfigKeys (ConfUtils.java:logGet(46)) - raft.grpc.server.log-message.batch.duration = 5s (default)
2024-03-11 08:40:09,860 [ef4f6c43-595b-4c7c-bb14-559caeb18433@group-F2BB8BAFBDB9-LeaderElection63] INFO  server.RaftServerConfigKeys (ConfUtils.java:logGet(46)) - raft.server.log.appender.install.snapshot.enabled = false (custom)
2024-03-11 08:40:09,860 [ef4f6c43-595b-4c7c-bb14-559caeb18433@group-F2BB8BAFBDB9-LeaderElection63] INFO  grpc.GrpcConfigKeys (ConfUtils.java:logGet(46)) - raft.grpc.server.heartbeat.channel = true (default)
2024-03-11 08:40:09,861 [ef4f6c43-595b-4c7c-bb14-559caeb18433@group-F2BB8BAFBDB9-LeaderElection63] INFO  server.RaftServerConfigKeys (ConfUtils.java:logGet(46)) - raft.server.log.appender.snapshot.chunk.size.max = 16MB (=16777216) (default)
2024-03-11 08:40:09,861 [ef4f6c43-595b-4c7c-bb14-559caeb18433@group-F2BB8BAFBDB9-LeaderElection63] INFO  server.RaftServerConfigKeys (ConfUtils.java:logGet(46)) - raft.server.log.appender.buffer.byte-limit = 8388608 (custom)
2024-03-11 08:40:09,861 [ef4f6c43-595b-4c7c-bb14-559caeb18433@group-F2BB8BAFBDB9-LeaderElection63] INFO  server.RaftServerConfigKeys (ConfUtils.java:logGet(46)) - raft.server.log.appender.buffer.element-limit = 1 (custom)
2024-03-11 08:40:09,861 [ef4f6c43-595b-4c7c-bb14-559caeb18433@group-F2BB8BAFBDB9-LeaderElection63] INFO  server.RaftServerConfigKeys (ConfUtils.java:logGet(46)) - raft.server.log.appender.wait-time.min = 0μs (custom)
2024-03-11 08:40:09,861 [ef4f6c43-595b-4c7c-bb14-559caeb18433@group-F2BB8BAFBDB9-LeaderElection63] INFO  grpc.GrpcConfigKeys (ConfUtils.java:logGet(46)) - raft.grpc.server.leader.outstanding.appends.max = 8 (default)
2024-03-11 08:40:09,861 [ef4f6c43-595b-4c7c-bb14-559caeb18433@group-F2BB8BAFBDB9-LeaderElection63] INFO  server.RaftServerConfigKeys (ConfUtils.java:logGet(46)) - raft.server.rpc.request.timeout = 60s (custom)
2024-03-11 08:40:09,861 [ef4f6c43-595b-4c7c-bb14-559caeb18433@group-F2BB8BAFBDB9-LeaderElection63] INFO  grpc.GrpcConfigKeys (ConfUtils.java:logGet(46)) - raft.grpc.server.install_snapshot.request.element-limit = 8 (default)
2024-03-11 08:40:09,861 [ef4f6c43-595b-4c7c-bb14-559caeb18433@group-F2BB8BAFBDB9-LeaderElection63] INFO  grpc.GrpcConfigKeys (ConfUtils.java:logGet(46)) - raft.grpc.server.install_snapshot.request.timeout = 3000ms (default)
2024-03-11 08:40:09,861 [ef4f6c43-595b-4c7c-bb14-559caeb18433@group-F2BB8BAFBDB9-LeaderElection63] INFO  grpc.GrpcConfigKeys (ConfUtils.java:logGet(46)) - raft.grpc.server.log-message.batch.duration = 5s (default)
2024-03-11 08:40:09,861 [ef4f6c43-595b-4c7c-bb14-559caeb18433@group-F2BB8BAFBDB9-LeaderElection63] INFO  server.RaftServerConfigKeys (ConfUtils.java:logGet(46)) - raft.server.log.appender.install.snapshot.enabled = false (custom)
2024-03-11 08:40:09,861 [ef4f6c43-595b-4c7c-bb14-559caeb18433@group-F2BB8BAFBDB9-LeaderElection63] INFO  grpc.GrpcConfigKeys (ConfUtils.java:logGet(46)) - raft.grpc.server.heartbeat.channel = true (default)
2024-03-11 08:40:09,861 [ef4f6c43-595b-4c7c-bb14-559caeb18433@group-F2BB8BAFBDB9-LeaderElection63] INFO  impl.RoleInfo (RoleInfo.java:updateAndGet(139)) - ef4f6c43-595b-4c7c-bb14-559caeb18433: start ef4f6c43-595b-4c7c-bb14-559caeb18433@group-F2BB8BAFBDB9-LeaderStateImpl
2024-03-11 08:40:09,861 [ef4f6c43-595b-4c7c-bb14-559caeb18433@group-F2BB8BAFBDB9-LeaderElection63] INFO  server.RaftServer$Division (RaftServerImpl.java:setFirstElection(574)) - ef4f6c43-595b-4c7c-bb14-559caeb18433@group-F2BB8BAFBDB9: set firstElectionSinceStartup to false for becomeLeader
2024-03-11 08:40:09,861 [ef4f6c43-595b-4c7c-bb14-559caeb18433@group-F2BB8BAFBDB9-LeaderElection63] INFO  ratis.XceiverServerRatis (XceiverServerRatis.java:handleLeaderChangedNotification(966)) - Leader change notification received for group: group-F2BB8BAFBDB9 with new leaderId: ef4f6c43-595b-4c7c-bb14-559caeb18433
2024-03-11 08:40:09,862 [ef4f6c43-595b-4c7c-bb14-559caeb18433@group-F2BB8BAFBDB9-LeaderElection63] INFO  server.RaftServer$Division (ServerState.java:setLeader(269)) - ef4f6c43-595b-4c7c-bb14-559caeb18433@group-F2BB8BAFBDB9: change Leader from null to ef4f6c43-595b-4c7c-bb14-559caeb18433 at term 1 for becomeLeader, leader elected after 5161ms
2024-03-11 08:40:09,862 [ef4f6c43-595b-4c7c-bb14-559caeb18433@group-F2BB8BAFBDB9-LeaderElection63] INFO  segmented.SegmentedRaftLogWorker (SegmentedRaftLogWorker.java:startLogSegment(430)) - ef4f6c43-595b-4c7c-bb14-559caeb18433@group-F2BB8BAFBDB9-SegmentedRaftLogWorker: Starting segment from index:0
2024-03-11 08:40:09,863 [ef4f6c43-595b-4c7c-bb14-559caeb18433@group-F2BB8BAFBDB9-SegmentedRaftLogWorker] INFO  segmented.BufferedWriteChannel (BufferedWriteChannel.java:open(62)) - open log_inprogress_0 at position 0
2024-03-11 08:40:09,863 [6d7ddd0a-4974-4c82-8247-9f057ff87999@group-E70E28BD80BE-SegmentedRaftLogWorker] INFO  segmented.SegmentedRaftLogWorker (SegmentedRaftLogWorker.java:execute(634)) - 6d7ddd0a-4974-4c82-8247-9f057ff87999@group-E70E28BD80BE-SegmentedRaftLogWorker: created new log segment /home/runner/work/ozone/ozone/hadoop-ozone/integration-test/target/test-dir/MiniOzoneClusterImpl-26b6f519-45de-438b-acbb-b19d352d9476/ozone-meta/datanode-1/ratis/dea3a003-9430-4ecd-aa40-e70e28bd80be/current/log_inprogress_0
2024-03-11 08:40:09,865 [EventQueue-PipelineReportForPipelineReportHandler] INFO  pipeline.PipelineReportHandler (PipelineReportHandler.java:processPipelineReport(136)) - Opened pipeline PipelineID=c5eba13f-bd1a-4230-bb41-f2bb8bafbdb9
2024-03-11 08:40:09,870 [ef4f6c43-595b-4c7c-bb14-559caeb18433@group-F2BB8BAFBDB9-LeaderElection63] INFO  server.RaftServer$Division (ServerState.java:setRaftConf(386)) - ef4f6c43-595b-4c7c-bb14-559caeb18433@group-F2BB8BAFBDB9: set configuration 0: peers:[6d7ddd0a-4974-4c82-8247-9f057ff87999|10.1.0.9:15280, 0d2e6bfc-4b34-47c2-8255-934200cb31cb|10.1.0.9:15298, ef4f6c43-595b-4c7c-bb14-559caeb18433|10.1.0.9:15289]|listeners:[], old=null
2024-03-11 08:40:09,873 [main] INFO  om.TestOzoneManagerPrepare (TestOzoneManagerPrepare.java:setup(101)) - Waiting for OM leader election
2024-03-11 08:40:09,874 [6d7ddd0a-4974-4c82-8247-9f057ff87999@group-E70E28BD80BE-StateMachineUpdater] INFO  server.RaftServer$Division (LeaderStateImpl.java:isApplied(320)) - leader is ready since appliedIndex == 0 >= startIndex == 0
2024-03-11 08:40:09,874 [ef4f6c43-595b-4c7c-bb14-559caeb18433@group-F2BB8BAFBDB9-SegmentedRaftLogWorker] INFO  segmented.SegmentedRaftLogWorker (SegmentedRaftLogWorker.java:execute(634)) - ef4f6c43-595b-4c7c-bb14-559caeb18433@group-F2BB8BAFBDB9-SegmentedRaftLogWorker: created new log segment /home/runner/work/ozone/ozone/hadoop-ozone/integration-test/target/test-dir/MiniOzoneClusterImpl-26b6f519-45de-438b-acbb-b19d352d9476/ozone-meta/datanode-2/ratis/c5eba13f-bd1a-4230-bb41-f2bb8bafbdb9/current/log_inprogress_0
2024-03-11 08:40:09,878 [6d7ddd0a-4974-4c82-8247-9f057ff87999-server-thread1] INFO  ratis.XceiverServerRatis (XceiverServerRatis.java:handleLeaderChangedNotification(966)) - Leader change notification received for group: group-F2BB8BAFBDB9 with new leaderId: ef4f6c43-595b-4c7c-bb14-559caeb18433
2024-03-11 08:40:09,878 [6d7ddd0a-4974-4c82-8247-9f057ff87999-server-thread1] INFO  server.RaftServer$Division (ServerState.java:setLeader(269)) - 6d7ddd0a-4974-4c82-8247-9f057ff87999@group-F2BB8BAFBDB9: change Leader from null to ef4f6c43-595b-4c7c-bb14-559caeb18433 at term 1 for appendEntries, leader elected after 5221ms
2024-03-11 08:40:09,878 [0d2e6bfc-4b34-47c2-8255-934200cb31cb-server-thread1] INFO  ratis.XceiverServerRatis (XceiverServerRatis.java:handleLeaderChangedNotification(966)) - Leader change notification received for group: group-F2BB8BAFBDB9 with new leaderId: ef4f6c43-595b-4c7c-bb14-559caeb18433
2024-03-11 08:40:09,878 [0d2e6bfc-4b34-47c2-8255-934200cb31cb-server-thread1] INFO  server.RaftServer$Division (ServerState.java:setLeader(269)) - 0d2e6bfc-4b34-47c2-8255-934200cb31cb@group-F2BB8BAFBDB9: change Leader from null to ef4f6c43-595b-4c7c-bb14-559caeb18433 at term 1 for appendEntries, leader elected after 5204ms
2024-03-11 08:40:09,881 [6d7ddd0a-4974-4c82-8247-9f057ff87999-server-thread2] INFO  server.RaftServer$Division (ServerState.java:setRaftConf(386)) - 6d7ddd0a-4974-4c82-8247-9f057ff87999@group-F2BB8BAFBDB9: set configuration 0: peers:[6d7ddd0a-4974-4c82-8247-9f057ff87999|10.1.0.9:15280, 0d2e6bfc-4b34-47c2-8255-934200cb31cb|10.1.0.9:15298, ef4f6c43-595b-4c7c-bb14-559caeb18433|10.1.0.9:15289]|listeners:[], old=null
2024-03-11 08:40:09,883 [6d7ddd0a-4974-4c82-8247-9f057ff87999-server-thread2] INFO  segmented.SegmentedRaftLogWorker (SegmentedRaftLogWorker.java:startLogSegment(430)) - 6d7ddd0a-4974-4c82-8247-9f057ff87999@group-F2BB8BAFBDB9-SegmentedRaftLogWorker: Starting segment from index:0
2024-03-11 08:40:09,882 [omNode-1-OMStateMachineApplyTransactionThread - 0] INFO  upgrade.OMCancelPrepareRequest (OMCancelPrepareRequest.java:validateAndUpdateCache(54)) - OM omNode-1 Received cancel prepare request with log (t:1, i:1)
2024-03-11 08:40:09,884 [omNode-1-OMStateMachineApplyTransactionThread - 0] INFO  upgrade.OMCancelPrepareRequest (OMCancelPrepareRequest.java:validateAndUpdateCache(82)) - OM omNode-1 prepare state cancelled at log (t:1, i:1). Returning response 
2024-03-11 08:40:09,888 [omNode-3-OMStateMachineApplyTransactionThread - 0] INFO  upgrade.OMCancelPrepareRequest (OMCancelPrepareRequest.java:validateAndUpdateCache(54)) - OM omNode-3 Received cancel prepare request with log (t:1, i:1)
2024-03-11 08:40:09,890 [omNode-3-OMStateMachineApplyTransactionThread - 0] INFO  upgrade.OMCancelPrepareRequest (OMCancelPrepareRequest.java:validateAndUpdateCache(82)) - OM omNode-3 prepare state cancelled at log (t:1, i:1). Returning response 
2024-03-11 08:40:09,892 [omNode-2-OMStateMachineApplyTransactionThread - 0] INFO  upgrade.OMCancelPrepareRequest (OMCancelPrepareRequest.java:validateAndUpdateCache(54)) - OM omNode-2 Received cancel prepare request with log (t:1, i:1)
2024-03-11 08:40:09,893 [0d2e6bfc-4b34-47c2-8255-934200cb31cb-server-thread2] INFO  server.RaftServer$Division (ServerState.java:setRaftConf(386)) - 0d2e6bfc-4b34-47c2-8255-934200cb31cb@group-F2BB8BAFBDB9: set configuration 0: peers:[6d7ddd0a-4974-4c82-8247-9f057ff87999|10.1.0.9:15280, 0d2e6bfc-4b34-47c2-8255-934200cb31cb|10.1.0.9:15298, ef4f6c43-595b-4c7c-bb14-559caeb18433|10.1.0.9:15289]|listeners:[], old=null
2024-03-11 08:40:09,894 [0d2e6bfc-4b34-47c2-8255-934200cb31cb-server-thread2] INFO  segmented.SegmentedRaftLogWorker (SegmentedRaftLogWorker.java:startLogSegment(430)) - 0d2e6bfc-4b34-47c2-8255-934200cb31cb@group-F2BB8BAFBDB9-SegmentedRaftLogWorker: Starting segment from index:0
2024-03-11 08:40:09,895 [omNode-2-OMStateMachineApplyTransactionThread - 0] INFO  upgrade.OMCancelPrepareRequest (OMCancelPrepareRequest.java:validateAndUpdateCache(82)) - OM omNode-2 prepare state cancelled at log (t:1, i:1). Returning response 
2024-03-11 08:40:09,895 [6d7ddd0a-4974-4c82-8247-9f057ff87999@group-F2BB8BAFBDB9-SegmentedRaftLogWorker] INFO  segmented.BufferedWriteChannel (BufferedWriteChannel.java:open(62)) - open log_inprogress_0 at position 0
2024-03-11 08:40:09,899 [main] INFO  rpc.RpcClient (RpcClient.java:createVolume(465)) - Creating Volume: vol, with runner as owner and space quota set to -1 bytes, counts quota set to -1
2024-03-11 08:40:09,903 [0d2e6bfc-4b34-47c2-8255-934200cb31cb@group-F2BB8BAFBDB9-SegmentedRaftLogWorker] INFO  segmented.BufferedWriteChannel (BufferedWriteChannel.java:open(62)) - open log_inprogress_0 at position 0
2024-03-11 08:40:09,903 [omNode-1-OMStateMachineApplyTransactionThread - 0] INFO  volume.OMVolumeCreateRequest (OMVolumeCreateRequest.java:validateAndUpdateCache(198)) - created volume:vol for user:runner
2024-03-11 08:40:09,904 [6d7ddd0a-4974-4c82-8247-9f057ff87999@group-F2BB8BAFBDB9-SegmentedRaftLogWorker] INFO  segmented.SegmentedRaftLogWorker (SegmentedRaftLogWorker.java:execute(634)) - 6d7ddd0a-4974-4c82-8247-9f057ff87999@group-F2BB8BAFBDB9-SegmentedRaftLogWorker: created new log segment /home/runner/work/ozone/ozone/hadoop-ozone/integration-test/target/test-dir/MiniOzoneClusterImpl-26b6f519-45de-438b-acbb-b19d352d9476/ozone-meta/datanode-1/ratis/c5eba13f-bd1a-4230-bb41-f2bb8bafbdb9/current/log_inprogress_0
2024-03-11 08:40:09,908 [omNode-3-OMStateMachineApplyTransactionThread - 0] INFO  volume.OMVolumeCreateRequest (OMVolumeCreateRequest.java:validateAndUpdateCache(198)) - created volume:vol for user:runner
2024-03-11 08:40:09,910 [main] INFO  rpc.RpcClient (RpcClient.java:createVolume(465)) - Creating Volume: volumebf0e1904-5e05-47bf-9479-33a7eccaddf8, with runner as owner and space quota set to -1 bytes, counts quota set to -1
2024-03-11 08:40:09,915 [omNode-1-OMStateMachineApplyTransactionThread - 0] INFO  volume.OMVolumeCreateRequest (OMVolumeCreateRequest.java:validateAndUpdateCache(198)) - created volume:volumebf0e1904-5e05-47bf-9479-33a7eccaddf8 for user:runner
2024-03-11 08:40:09,916 [ef4f6c43-595b-4c7c-bb14-559caeb18433@group-F2BB8BAFBDB9-StateMachineUpdater] INFO  server.RaftServer$Division (LeaderStateImpl.java:isApplied(320)) - leader is ready since appliedIndex == 0 >= startIndex == 0
2024-03-11 08:40:09,916 [omNode-2-OMStateMachineApplyTransactionThread - 0] INFO  volume.OMVolumeCreateRequest (OMVolumeCreateRequest.java:validateAndUpdateCache(198)) - created volume:vol for user:runner
2024-03-11 08:40:09,916 [0d2e6bfc-4b34-47c2-8255-934200cb31cb@group-F2BB8BAFBDB9-SegmentedRaftLogWorker] INFO  segmented.SegmentedRaftLogWorker (SegmentedRaftLogWorker.java:execute(634)) - 0d2e6bfc-4b34-47c2-8255-934200cb31cb@group-F2BB8BAFBDB9-SegmentedRaftLogWorker: created new log segment /home/runner/work/ozone/ozone/hadoop-ozone/integration-test/target/test-dir/MiniOzoneClusterImpl-26b6f519-45de-438b-acbb-b19d352d9476/ozone-meta/datanode-3/ratis/c5eba13f-bd1a-4230-bb41-f2bb8bafbdb9/current/log_inprogress_0
2024-03-11 08:40:09,916 [omNode-2-OMStateMachineApplyTransactionThread - 0] INFO  volume.OMVolumeCreateRequest (OMVolumeCreateRequest.java:validateAndUpdateCache(198)) - created volume:volumebf0e1904-5e05-47bf-9479-33a7eccaddf8 for user:runner
2024-03-11 08:40:09,917 [omNode-3-OMStateMachineApplyTransactionThread - 0] INFO  volume.OMVolumeCreateRequest (OMVolumeCreateRequest.java:validateAndUpdateCache(198)) - created volume:volumebf0e1904-5e05-47bf-9479-33a7eccaddf8 for user:runner
2024-03-11 08:40:09,917 [main] INFO  rpc.RpcClient (RpcClient.java:createBucket(691)) - Creating Bucket: volumebf0e1904-5e05-47bf-9479-33a7eccaddf8/bucket, with server-side default bucket layout, runner as owner, Versioning false, Storage Type set to DISK and Encryption set to false, Replication Type set to server-side default replication type, Namespace Quota set to -1, Space Quota set to -1 
2024-03-11 08:40:09,925 [omNode-1-OMStateMachineApplyTransactionThread - 0] INFO  bucket.OMBucketCreateRequest (OMBucketCreateRequest.java:validateAndUpdateCache(292)) - created bucket: bucket of layout OBJECT_STORE in volume: volumebf0e1904-5e05-47bf-9479-33a7eccaddf8
2024-03-11 08:40:09,926 [omNode-2-OMStateMachineApplyTransactionThread - 0] INFO  bucket.OMBucketCreateRequest (OMBucketCreateRequest.java:validateAndUpdateCache(292)) - created bucket: bucket of layout OBJECT_STORE in volume: volumebf0e1904-5e05-47bf-9479-33a7eccaddf8
2024-03-11 08:40:09,927 [omNode-3-OMStateMachineApplyTransactionThread - 0] INFO  bucket.OMBucketCreateRequest (OMBucketCreateRequest.java:validateAndUpdateCache(292)) - created bucket: bucket of layout OBJECT_STORE in volume: volumebf0e1904-5e05-47bf-9479-33a7eccaddf8
2024-03-11 08:40:09,935 [IPC Server handler 6 on default port 15259] INFO  ha.SequenceIdGenerator (SequenceIdGenerator.java:getNextId(145)) - Allocate a batch for containerId, change lastId from 0 to 1000.
2024-03-11 08:40:09,936 [IPC Server handler 6 on default port 15259] WARN  ha.SequenceIdGenerator (SequenceIdGenerator.java:allocateBatch(258)) - Failed to allocate a batch for localId, expected lastId is 0, actual lastId is 113750153625600000.
2024-03-11 08:40:09,936 [IPC Server handler 6 on default port 15259] INFO  ha.SequenceIdGenerator (SequenceIdGenerator.java:getNextId(145)) - Allocate a batch for localId, change lastId from 113750153625600000 to 113750153625601000.
2024-03-11 08:40:09,951 [grpc-default-executor-3] ERROR impl.OrderedAsync (OrderedAsync.java:lambda$sendRequest$9(247)) - client-1EBAE0D77A44: Failed* RaftClientRequest:client-1EBAE0D77A44->0d2e6bfc-4b34-47c2-8255-934200cb31cb@group-1A13E80EABFA, cid=278, seq=1*, Watch(0), null
java.util.concurrent.CompletionException: org.apache.ratis.protocol.exceptions.NotLeaderException: Server 0d2e6bfc-4b34-47c2-8255-934200cb31cb@group-1A13E80EABFA is not the leader
	at java.util.concurrent.CompletableFuture.encodeThrowable(CompletableFuture.java:292)
	at java.util.concurrent.CompletableFuture.completeThrowable(CompletableFuture.java:308)
	at java.util.concurrent.CompletableFuture.uniApply(CompletableFuture.java:607)
	at java.util.concurrent.CompletableFuture$UniApply.tryFire(CompletableFuture.java:591)
	at java.util.concurrent.CompletableFuture.postComplete(CompletableFuture.java:488)
	at java.util.concurrent.CompletableFuture.completeExceptionally(CompletableFuture.java:1990)
	at org.apache.ratis.grpc.client.GrpcClientProtocolClient$AsyncStreamObservers.completeReplyExceptionally(GrpcClientProtocolClient.java:394)
	at org.apache.ratis.grpc.client.GrpcClientProtocolClient$AsyncStreamObservers.access$000(GrpcClientProtocolClient.java:300)
	at org.apache.ratis.grpc.client.GrpcClientProtocolClient$AsyncStreamObservers$1.onNext(GrpcClientProtocolClient.java:314)
	at org.apache.ratis.grpc.client.GrpcClientProtocolClient$AsyncStreamObservers$1.onNext(GrpcClientProtocolClient.java:305)
	at org.apache.ratis.thirdparty.io.grpc.stub.ClientCalls$StreamObserverToCallListenerAdapter.onMessage(ClientCalls.java:468)
	at org.apache.ratis.thirdparty.io.grpc.ForwardingClientCallListener.onMessage(ForwardingClientCallListener.java:33)
	at org.apache.ratis.thirdparty.io.grpc.internal.ClientCallImpl$ClientStreamListenerImpl$1MessagesAvailable.runInternal(ClientCallImpl.java:660)
	at org.apache.ratis.thirdparty.io.grpc.internal.ClientCallImpl$ClientStreamListenerImpl$1MessagesAvailable.runInContext(ClientCallImpl.java:647)
	at org.apache.ratis.thirdparty.io.grpc.internal.ContextRunnable.run(ContextRunnable.java:37)
	at org.apache.ratis.thirdparty.io.grpc.internal.SerializingExecutor.run(SerializingExecutor.java:133)
	at java.util.concurrent.ThreadPoolExecutor.runWorker(ThreadPoolExecutor.java:1149)
	at java.util.concurrent.ThreadPoolExecutor$Worker.run(ThreadPoolExecutor.java:624)
	at java.lang.Thread.run(Thread.java:750)
Caused by: org.apache.ratis.protocol.exceptions.NotLeaderException: Server 0d2e6bfc-4b34-47c2-8255-934200cb31cb@group-1A13E80EABFA is not the leader
	at org.apache.ratis.client.impl.ClientProtoUtils.toRaftClientReply(ClientProtoUtils.java:397)
	at org.apache.ratis.grpc.client.GrpcClientProtocolClient$AsyncStreamObservers$1.onNext(GrpcClientProtocolClient.java:310)
	... 10 more
2024-03-11 08:40:09,977 [0d2e6bfc-4b34-47c2-8255-934200cb31cb@group-1A13E80EABFA-FollowerState] INFO  impl.FollowerState (FollowerState.java:run(143)) - 0d2e6bfc-4b34-47c2-8255-934200cb31cb@group-1A13E80EABFA-FollowerState: change to CANDIDATE, lastRpcElapsedTime:5126514602ns, electionTimeout:5126ms
2024-03-11 08:40:09,977 [0d2e6bfc-4b34-47c2-8255-934200cb31cb@group-1A13E80EABFA-FollowerState] INFO  impl.RoleInfo (RoleInfo.java:shutdownFollowerState(110)) - 0d2e6bfc-4b34-47c2-8255-934200cb31cb: shutdown 0d2e6bfc-4b34-47c2-8255-934200cb31cb@group-1A13E80EABFA-FollowerState
2024-03-11 08:40:09,977 [0d2e6bfc-4b34-47c2-8255-934200cb31cb@group-1A13E80EABFA-FollowerState] INFO  server.RaftServer$Division (RaftServerImpl.java:setRole(383)) - 0d2e6bfc-4b34-47c2-8255-934200cb31cb@group-1A13E80EABFA: changes role from  FOLLOWER to CANDIDATE at term 0 for changeToCandidate
2024-03-11 08:40:09,977 [0d2e6bfc-4b34-47c2-8255-934200cb31cb@group-1A13E80EABFA-FollowerState] INFO  server.RaftServerConfigKeys (ConfUtils.java:logGet(46)) - raft.server.leaderelection.pre-vote = true (default)
2024-03-11 08:40:09,977 [0d2e6bfc-4b34-47c2-8255-934200cb31cb@group-1A13E80EABFA-FollowerState] INFO  impl.RoleInfo (RoleInfo.java:updateAndGet(139)) - 0d2e6bfc-4b34-47c2-8255-934200cb31cb: start 0d2e6bfc-4b34-47c2-8255-934200cb31cb@group-1A13E80EABFA-LeaderElection65
2024-03-11 08:40:09,979 [0d2e6bfc-4b34-47c2-8255-934200cb31cb@group-1A13E80EABFA-LeaderElection65] INFO  impl.LeaderElection (LeaderElection.java:askForVotes(321)) - 0d2e6bfc-4b34-47c2-8255-934200cb31cb@group-1A13E80EABFA-LeaderElection65 PRE_VOTE round 0: submit vote requests at term 0 for -1: peers:[0d2e6bfc-4b34-47c2-8255-934200cb31cb|10.1.0.9:15298]|listeners:[], old=null
2024-03-11 08:40:09,979 [0d2e6bfc-4b34-47c2-8255-934200cb31cb@group-1A13E80EABFA-LeaderElection65] INFO  impl.LeaderElection (LeaderElection.java:askForVotes(323)) - 0d2e6bfc-4b34-47c2-8255-934200cb31cb@group-1A13E80EABFA-LeaderElection65 PRE_VOTE round 0: result PASSED (term=0)
2024-03-11 08:40:09,980 [0d2e6bfc-4b34-47c2-8255-934200cb31cb@group-1A13E80EABFA-LeaderElection65] INFO  impl.LeaderElection (LeaderElection.java:askForVotes(321)) - 0d2e6bfc-4b34-47c2-8255-934200cb31cb@group-1A13E80EABFA-LeaderElection65 ELECTION round 0: submit vote requests at term 1 for -1: peers:[0d2e6bfc-4b34-47c2-8255-934200cb31cb|10.1.0.9:15298]|listeners:[], old=null
2024-03-11 08:40:09,980 [0d2e6bfc-4b34-47c2-8255-934200cb31cb@group-1A13E80EABFA-LeaderElection65] INFO  impl.LeaderElection (LeaderElection.java:askForVotes(323)) - 0d2e6bfc-4b34-47c2-8255-934200cb31cb@group-1A13E80EABFA-LeaderElection65 ELECTION round 0: result PASSED (term=1)
2024-03-11 08:40:09,980 [0d2e6bfc-4b34-47c2-8255-934200cb31cb@group-1A13E80EABFA-LeaderElection65] INFO  impl.RoleInfo (RoleInfo.java:shutdownLeaderElection(130)) - 0d2e6bfc-4b34-47c2-8255-934200cb31cb: shutdown 0d2e6bfc-4b34-47c2-8255-934200cb31cb@group-1A13E80EABFA-LeaderElection65
2024-03-11 08:40:09,980 [0d2e6bfc-4b34-47c2-8255-934200cb31cb@group-1A13E80EABFA-LeaderElection65] INFO  server.RaftServer$Division (RaftServerImpl.java:setRole(383)) - 0d2e6bfc-4b34-47c2-8255-934200cb31cb@group-1A13E80EABFA: changes role from CANDIDATE to LEADER at term 1 for changeToLeader
2024-03-11 08:40:09,980 [0d2e6bfc-4b34-47c2-8255-934200cb31cb@group-1A13E80EABFA-LeaderElection65] INFO  server.RaftServerConfigKeys (ConfUtils.java:logGet(46)) - raft.server.staging.catchup.gap = 1000 (default)
2024-03-11 08:40:09,980 [0d2e6bfc-4b34-47c2-8255-934200cb31cb@group-1A13E80EABFA-LeaderElection65] INFO  server.RaftServerConfigKeys (ConfUtils.java:logGet(46)) - raft.server.write.element-limit = 1024 (custom)
2024-03-11 08:40:09,981 [0d2e6bfc-4b34-47c2-8255-934200cb31cb@group-1A13E80EABFA-LeaderElection65] INFO  server.RaftServerConfigKeys (ConfUtils.java:logGet(46)) - raft.server.write.byte-limit = 1024 M (=1073741824) (custom)
2024-03-11 08:40:09,981 [0d2e6bfc-4b34-47c2-8255-934200cb31cb@group-1A13E80EABFA-LeaderElection65] INFO  server.RaftServerConfigKeys (ConfUtils.java:logGet(46)) - raft.server.watch.timeout = 180s (custom)
2024-03-11 08:40:09,981 [0d2e6bfc-4b34-47c2-8255-934200cb31cb@group-1A13E80EABFA-LeaderElection65] INFO  server.RaftServerConfigKeys (ConfUtils.java:logGet(46)) - raft.server.watch.timeout.denomination = 1s (default)
2024-03-11 08:40:09,981 [0d2e6bfc-4b34-47c2-8255-934200cb31cb@group-1A13E80EABFA-LeaderElection65] INFO  server.RaftServerConfigKeys (ConfUtils.java:logGet(46)) - raft.server.watch.element-limit = 65536 (default)
2024-03-11 08:40:09,981 [0d2e6bfc-4b34-47c2-8255-934200cb31cb@group-1A13E80EABFA-LeaderElection65] INFO  server.RaftServerConfigKeys (ConfUtils.java:logGet(46)) - raft.server.read.leader.lease.enabled = false (default)
2024-03-11 08:40:09,981 [0d2e6bfc-4b34-47c2-8255-934200cb31cb@group-1A13E80EABFA-LeaderElection65] INFO  server.RaftServerConfigKeys (ConfUtils.java:logGet(46)) - raft.server.read.leader.lease.timeout.ratio = 0.9 (default)
2024-03-11 08:40:09,981 [0d2e6bfc-4b34-47c2-8255-934200cb31cb@group-1A13E80EABFA-LeaderElection65] INFO  server.RaftServerConfigKeys (ConfUtils.java:logGet(46)) - raft.server.rpc.timeout.min = 5s (custom)
2024-03-11 08:40:09,981 [0d2e6bfc-4b34-47c2-8255-934200cb31cb@group-1A13E80EABFA-LeaderElection65] INFO  server.RaftServerConfigKeys (ConfUtils.java:logGet(46)) - raft.server.write.element-limit = 1024 (custom)
2024-03-11 08:40:09,981 [0d2e6bfc-4b34-47c2-8255-934200cb31cb@group-1A13E80EABFA-LeaderElection65] INFO  server.RaftServerConfigKeys (ConfUtils.java:logGet(46)) - raft.server.write.follower.gap.ratio.max = -1.0 (default)
2024-03-11 08:40:09,981 [0d2e6bfc-4b34-47c2-8255-934200cb31cb@group-1A13E80EABFA-LeaderElection65] INFO  impl.RoleInfo (RoleInfo.java:updateAndGet(139)) - 0d2e6bfc-4b34-47c2-8255-934200cb31cb: start 0d2e6bfc-4b34-47c2-8255-934200cb31cb@group-1A13E80EABFA-LeaderStateImpl
2024-03-11 08:40:09,981 [0d2e6bfc-4b34-47c2-8255-934200cb31cb@group-1A13E80EABFA-LeaderElection65] INFO  server.RaftServer$Division (RaftServerImpl.java:setFirstElection(574)) - 0d2e6bfc-4b34-47c2-8255-934200cb31cb@group-1A13E80EABFA: set firstElectionSinceStartup to false for becomeLeader
2024-03-11 08:40:09,981 [0d2e6bfc-4b34-47c2-8255-934200cb31cb@group-1A13E80EABFA-LeaderElection65] INFO  ratis.XceiverServerRatis (XceiverServerRatis.java:handleLeaderChangedNotification(966)) - Leader change notification received for group: group-1A13E80EABFA with new leaderId: 0d2e6bfc-4b34-47c2-8255-934200cb31cb
2024-03-11 08:40:09,981 [0d2e6bfc-4b34-47c2-8255-934200cb31cb@group-1A13E80EABFA-LeaderElection65] INFO  server.RaftServer$Division (ServerState.java:setLeader(269)) - 0d2e6bfc-4b34-47c2-8255-934200cb31cb@group-1A13E80EABFA: change Leader from null to 0d2e6bfc-4b34-47c2-8255-934200cb31cb at term 1 for becomeLeader, leader elected after 5139ms
2024-03-11 08:40:09,982 [0d2e6bfc-4b34-47c2-8255-934200cb31cb@group-1A13E80EABFA-LeaderElection65] INFO  segmented.SegmentedRaftLogWorker (SegmentedRaftLogWorker.java:startLogSegment(430)) - 0d2e6bfc-4b34-47c2-8255-934200cb31cb@group-1A13E80EABFA-SegmentedRaftLogWorker: Starting segment from index:0
2024-03-11 08:40:09,982 [0d2e6bfc-4b34-47c2-8255-934200cb31cb@group-1A13E80EABFA-SegmentedRaftLogWorker] INFO  segmented.BufferedWriteChannel (BufferedWriteChannel.java:open(62)) - open log_inprogress_0 at position 0
2024-03-11 08:40:09,985 [0d2e6bfc-4b34-47c2-8255-934200cb31cb@group-1A13E80EABFA-LeaderElection65] INFO  server.RaftServer$Division (ServerState.java:setRaftConf(386)) - 0d2e6bfc-4b34-47c2-8255-934200cb31cb@group-1A13E80EABFA: set configuration 0: peers:[0d2e6bfc-4b34-47c2-8255-934200cb31cb|10.1.0.9:15298]|listeners:[], old=null
2024-03-11 08:40:09,988 [0d2e6bfc-4b34-47c2-8255-934200cb31cb@group-1A13E80EABFA-SegmentedRaftLogWorker] INFO  segmented.SegmentedRaftLogWorker (SegmentedRaftLogWorker.java:execute(634)) - 0d2e6bfc-4b34-47c2-8255-934200cb31cb@group-1A13E80EABFA-SegmentedRaftLogWorker: created new log segment /home/runner/work/ozone/ozone/hadoop-ozone/integration-test/target/test-dir/MiniOzoneClusterImpl-26b6f519-45de-438b-acbb-b19d352d9476/ozone-meta/datanode-3/ratis/740af770-9330-4dae-ac97-1a13e80eabfa/current/log_inprogress_0
2024-03-11 08:40:09,990 [0d2e6bfc-4b34-47c2-8255-934200cb31cb@group-1A13E80EABFA-StateMachineUpdater] INFO  server.RaftServer$Division (LeaderStateImpl.java:isApplied(320)) - leader is ready since appliedIndex == 0 >= startIndex == 0
2024-03-11 08:40:13,971 [timer1] ERROR impl.OrderedAsync (OrderedAsync.java:lambda$sendRequest$9(247)) - client-1EBAE0D77A44: Failed* RaftClientRequest:client-1EBAE0D77A44->0d2e6bfc-4b34-47c2-8255-934200cb31cb@group-1A13E80EABFA, cid=278, seq=1*, Watch(0), null
java.util.concurrent.CompletionException: org.apache.ratis.protocol.exceptions.AlreadyClosedException: client-1EBAE0D77A44->0d2e6bfc-4b34-47c2-8255-934200cb31cb is closed.
	at java.util.concurrent.CompletableFuture.encodeThrowable(CompletableFuture.java:292)
	at java.util.concurrent.CompletableFuture.completeThrowable(CompletableFuture.java:308)
	at java.util.concurrent.CompletableFuture.uniApply(CompletableFuture.java:607)
	at java.util.concurrent.CompletableFuture.uniApplyStage(CompletableFuture.java:628)
	at java.util.concurrent.CompletableFuture.thenApply(CompletableFuture.java:1996)
	at org.apache.ratis.client.impl.OrderedAsync.sendRequest(OrderedAsync.java:239)
	at org.apache.ratis.client.impl.OrderedAsync.sendRequestWithRetry(OrderedAsync.java:203)
	at org.apache.ratis.util.SlidingWindow$Client.sendOrDelayRequest(SlidingWindow.java:312)
	at org.apache.ratis.util.SlidingWindow$Client.retry(SlidingWindow.java:328)
	at org.apache.ratis.client.impl.OrderedAsync.lambda$scheduleWithTimeout$6(OrderedAsync.java:227)
	at org.apache.ratis.util.TimeoutTimer.lambda$onTimeout$2(TimeoutTimer.java:101)
	at org.apache.ratis.util.LogUtils.runAndLog(LogUtils.java:38)
	at org.apache.ratis.util.LogUtils$1.run(LogUtils.java:78)
	at org.apache.ratis.util.TimeoutTimer$Task.run(TimeoutTimer.java:55)
	at java.util.TimerThread.mainLoop(Timer.java:555)
	at java.util.TimerThread.run(Timer.java:505)
Caused by: org.apache.ratis.protocol.exceptions.AlreadyClosedException: client-1EBAE0D77A44->0d2e6bfc-4b34-47c2-8255-934200cb31cb is closed.
	at org.apache.ratis.grpc.client.GrpcClientProtocolClient$AsyncStreamObservers.onNext(GrpcClientProtocolClient.java:349)
	at org.apache.ratis.grpc.client.GrpcClientRpc.sendRequestAsync(GrpcClientRpc.java:71)
	... 11 more
2024-03-11 08:40:19,321 [omNode-1@group-523986131536-StateMachineUpdater] INFO  ratis.OzoneManagerStateMachine (OzoneManagerStateMachine.java:takeSnapshotImpl(467)) -  applied = (t:1, i:49)
2024-03-11 08:40:19,321 [omNode-1@group-523986131536-StateMachineUpdater] INFO  ratis.OzoneManagerStateMachine (OzoneManagerStateMachine.java:takeSnapshotImpl(468)) -  skipped = 49
2024-03-11 08:40:19,321 [omNode-1@group-523986131536-StateMachineUpdater] INFO  ratis.OzoneManagerStateMachine (OzoneManagerStateMachine.java:takeSnapshotImpl(469)) - notified = (t:1, i:50)
2024-03-11 08:40:19,321 [omNode-1@group-523986131536-StateMachineUpdater] INFO  ratis.OzoneManagerStateMachine (OzoneManagerStateMachine.java:takeSnapshotImpl(470)) - snapshot = (t:1, i:50)
2024-03-11 08:40:19,323 [omNode-3-OMStateMachineApplyTransactionThread - 0] INFO  upgrade.OMPrepareRequest (OMPrepareRequest.java:validateAndUpdateCache(69)) - OM omNode-3 Received prepare request with log (t:1, i:51)
2024-03-11 08:40:19,323 [omNode-3-OMStateMachineApplyTransactionThread - 0] INFO  upgrade.OMPrepareRequest (OMPrepareRequest.java:waitForLogIndex(184)) - omNode-3 waiting for index 51 to flush to OM DB and index 52 to flush to Ratis state machine.
2024-03-11 08:40:19,323 [omNode-2@group-523986131536-StateMachineUpdater] INFO  ratis.OzoneManagerStateMachine (OzoneManagerStateMachine.java:takeSnapshotImpl(467)) -  applied = (t:1, i:49)
2024-03-11 08:40:19,323 [omNode-2@group-523986131536-StateMachineUpdater] INFO  ratis.OzoneManagerStateMachine (OzoneManagerStateMachine.java:takeSnapshotImpl(468)) -  skipped = 49
2024-03-11 08:40:19,323 [omNode-2@group-523986131536-StateMachineUpdater] INFO  ratis.OzoneManagerStateMachine (OzoneManagerStateMachine.java:takeSnapshotImpl(469)) - notified = (t:1, i:50)
2024-03-11 08:40:19,323 [omNode-2@group-523986131536-StateMachineUpdater] INFO  ratis.OzoneManagerStateMachine (OzoneManagerStateMachine.java:takeSnapshotImpl(470)) - snapshot = (t:1, i:50)
2024-03-11 08:40:19,344 [omNode-1@group-523986131536-StateMachineUpdater] INFO  impl.StateMachineUpdater (StateMachineUpdater.java:takeSnapshot(295)) - omNode-1@group-523986131536-StateMachineUpdater: Took a snapshot at index 50
2024-03-11 08:40:19,344 [omNode-1@group-523986131536-StateMachineUpdater] INFO  impl.StateMachineUpdater (StateMachineUpdater.java:lambda$new$0(98)) - omNode-1@group-523986131536-StateMachineUpdater: snapshotIndex: updateIncreasingly -1 -> 50
2024-03-11 08:40:19,344 [omNode-1@group-523986131536-StateMachineUpdater] INFO  raftlog.RaftLog (RaftLogBase.java:purge(330)) - omNode-1@group-523986131536-SegmentedRaftLog: purge 50
2024-03-11 08:40:19,344 [omNode-1@group-523986131536-StateMachineUpdater] INFO  raftlog.RaftLog (RaftLogBase.java:lambda$new$0(54)) - omNode-1@group-523986131536-SegmentedRaftLog: snapshotIndex: updateIncreasingly -1 -> 50
2024-03-11 08:40:19,344 [omNode-1@group-523986131536-StateMachineUpdater] INFO  raftlog.RaftLog (RaftLogBase.java:lambda$new$0(54)) - omNode-1@group-523986131536-SegmentedRaftLog: purgeIndex: updateToMax old=-1, new=50, updated? true
2024-03-11 08:40:19,344 [omNode-1-OMStateMachineApplyTransactionThread - 0] INFO  upgrade.OMPrepareRequest (OMPrepareRequest.java:validateAndUpdateCache(69)) - OM omNode-1 Received prepare request with log (t:1, i:51)
2024-03-11 08:40:19,344 [omNode-1-OMStateMachineApplyTransactionThread - 0] INFO  upgrade.OMPrepareRequest (OMPrepareRequest.java:waitForLogIndex(184)) - omNode-1 waiting for index 51 to flush to OM DB and index 52 to flush to Ratis state machine.
2024-03-11 08:40:19,345 [omNode-1-OMStateMachineApplyTransactionThread - 0] INFO  ratis.OzoneManagerStateMachine (OzoneManagerStateMachine.java:takeSnapshotImpl(467)) -  applied = (t:1, i:51)
2024-03-11 08:40:19,345 [omNode-1-OMStateMachineApplyTransactionThread - 0] INFO  ratis.OzoneManagerStateMachine (OzoneManagerStateMachine.java:takeSnapshotImpl(468)) -  skipped = 51
2024-03-11 08:40:19,345 [omNode-1-OMStateMachineApplyTransactionThread - 0] INFO  ratis.OzoneManagerStateMachine (OzoneManagerStateMachine.java:takeSnapshotImpl(469)) - notified = (t:1, i:52)
2024-03-11 08:40:19,345 [omNode-1-OMStateMachineApplyTransactionThread - 0] INFO  ratis.OzoneManagerStateMachine (OzoneManagerStateMachine.java:takeSnapshotImpl(470)) - snapshot = (t:1, i:52)
2024-03-11 08:40:19,346 [omNode-2@group-523986131536-StateMachineUpdater] INFO  impl.StateMachineUpdater (StateMachineUpdater.java:takeSnapshot(295)) - omNode-2@group-523986131536-StateMachineUpdater: Took a snapshot at index 50
2024-03-11 08:40:19,346 [omNode-2@group-523986131536-StateMachineUpdater] INFO  impl.StateMachineUpdater (StateMachineUpdater.java:lambda$new$0(98)) - omNode-2@group-523986131536-StateMachineUpdater: snapshotIndex: updateIncreasingly -1 -> 50
2024-03-11 08:40:19,346 [omNode-2@group-523986131536-StateMachineUpdater] INFO  raftlog.RaftLog (RaftLogBase.java:purge(330)) - omNode-2@group-523986131536-SegmentedRaftLog: purge 50
2024-03-11 08:40:19,346 [omNode-2@group-523986131536-StateMachineUpdater] INFO  raftlog.RaftLog (RaftLogBase.java:lambda$new$0(54)) - omNode-2@group-523986131536-SegmentedRaftLog: snapshotIndex: updateIncreasingly -1 -> 50
2024-03-11 08:40:19,346 [omNode-2@group-523986131536-StateMachineUpdater] INFO  raftlog.RaftLog (RaftLogBase.java:lambda$new$0(54)) - omNode-2@group-523986131536-SegmentedRaftLog: purgeIndex: updateToMax old=-1, new=50, updated? true
2024-03-11 08:40:19,346 [omNode-2-OMStateMachineApplyTransactionThread - 0] INFO  upgrade.OMPrepareRequest (OMPrepareRequest.java:validateAndUpdateCache(69)) - OM omNode-2 Received prepare request with log (t:1, i:51)
2024-03-11 08:40:19,346 [omNode-2-OMStateMachineApplyTransactionThread - 0] INFO  upgrade.OMPrepareRequest (OMPrepareRequest.java:waitForLogIndex(184)) - omNode-2 waiting for index 51 to flush to OM DB and index 52 to flush to Ratis state machine.
2024-03-11 08:40:19,350 [omNode-1-OMStateMachineApplyTransactionThread - 0] INFO  upgrade.OMPrepareRequest (OMPrepareRequest.java:takeSnapshotAndPurgeLogs(238)) - takeSnapshot at 52 for prepareIndex 52
2024-03-11 08:40:19,350 [omNode-1-OMStateMachineApplyTransactionThread - 0] INFO  raftlog.RaftLog (RaftLogBase.java:lambda$new$0(54)) - omNode-1@group-523986131536-SegmentedRaftLog: snapshotIndex: updateIncreasingly 50 -> 52
2024-03-11 08:40:19,350 [omNode-1-OMStateMachineApplyTransactionThread - 0] INFO  segmented.SegmentedRaftLogWorker (SegmentedRaftLogWorker.java:lambda$new$0(134)) - omNode-1@group-523986131536-SegmentedRaftLogWorker: safeCacheEvictIndex: setUnconditionally -1 -> 52
2024-03-11 08:40:19,350 [omNode-1-OMStateMachineApplyTransactionThread - 0] INFO  segmented.SegmentedRaftLogWorker (SegmentedRaftLogWorker.java:closeLogSegment(451)) - omNode-1@group-523986131536-SegmentedRaftLogWorker: Closing segment log_inprogress_0 to index: 52
2024-03-11 08:40:19,351 [omNode-1@group-523986131536-SegmentedRaftLogWorker] INFO  segmented.SegmentedRaftLogWorker (SegmentedRaftLogWorker.java:execute(591)) - omNode-1@group-523986131536-SegmentedRaftLogWorker: Rolled log segment from /home/runner/work/ozone/ozone/hadoop-ozone/integration-test/target/test-dir/MiniOzoneClusterImpl-26b6f519-45de-438b-acbb-b19d352d9476/omNode-1/ratis/c9bc4cf4-3bc3-3c60-a66b-523986131536/current/log_inprogress_0 to /home/runner/work/ozone/ozone/hadoop-ozone/integration-test/target/test-dir/MiniOzoneClusterImpl-26b6f519-45de-438b-acbb-b19d352d9476/omNode-1/ratis/c9bc4cf4-3bc3-3c60-a66b-523986131536/current/log_0-52
2024-03-11 08:40:19,351 [omNode-1-OMStateMachineApplyTransactionThread - 0] INFO  om.OzoneManagerPrepareState (OzoneManagerPrepareState.java:writePrepareMarkerFile(262)) - Prepare marker file written with log index 51 to file /home/runner/work/ozone/ozone/hadoop-ozone/integration-test/target/test-dir/MiniOzoneClusterImpl-26b6f519-45de-438b-acbb-b19d352d9476/omNode-1/current/prepareMarker
2024-03-11 08:40:19,352 [omNode-1-OMStateMachineApplyTransactionThread - 0] INFO  upgrade.OMPrepareRequest (OMPrepareRequest.java:validateAndUpdateCache(122)) - OM omNode-1 prepared at log index 51. Returning response txnID: 51
 with log index 51
2024-03-11 08:40:19,352 [main] INFO  om.TestOzoneManagerPrepare (TestOzoneManagerPrepare.java:lambda$assertClusterPrepared$6(474)) - omNode-3 has prepare status: NOT_PREPARED prepare index: -1.
2024-03-11 08:40:20,352 [main] INFO  om.TestOzoneManagerPrepare (TestOzoneManagerPrepare.java:lambda$assertClusterPrepared$6(474)) - omNode-3 has prepare status: NOT_PREPARED prepare index: -1.
2024-03-11 08:40:21,352 [main] INFO  om.TestOzoneManagerPrepare (TestOzoneManagerPrepare.java:lambda$assertClusterPrepared$6(474)) - omNode-3 has prepare status: NOT_PREPARED prepare index: -1.
2024-03-11 08:40:22,353 [main] INFO  om.TestOzoneManagerPrepare (TestOzoneManagerPrepare.java:lambda$assertClusterPrepared$6(474)) - omNode-3 has prepare status: NOT_PREPARED prepare index: -1.
2024-03-11 08:40:23,353 [main] INFO  om.TestOzoneManagerPrepare (TestOzoneManagerPrepare.java:lambda$assertClusterPrepared$6(474)) - omNode-3 has prepare status: NOT_PREPARED prepare index: -1.
2024-03-11 08:40:24,347 [omNode-2-OMStateMachineApplyTransactionThread - 0] INFO  ratis.OzoneManagerStateMachine (OzoneManagerStateMachine.java:takeSnapshotImpl(467)) -  applied = (t:1, i:51)
2024-03-11 08:40:24,347 [omNode-2-OMStateMachineApplyTransactionThread - 0] INFO  ratis.OzoneManagerStateMachine (OzoneManagerStateMachine.java:takeSnapshotImpl(468)) -  skipped = 51
2024-03-11 08:40:24,347 [omNode-2-OMStateMachineApplyTransactionThread - 0] INFO  ratis.OzoneManagerStateMachine (OzoneManagerStateMachine.java:takeSnapshotImpl(469)) - notified = (t:1, i:52)
2024-03-11 08:40:24,347 [omNode-2-OMStateMachineApplyTransactionThread - 0] INFO  ratis.OzoneManagerStateMachine (OzoneManagerStateMachine.java:takeSnapshotImpl(470)) - snapshot = (t:1, i:52)
2024-03-11 08:40:24,351 [omNode-2-OMStateMachineApplyTransactionThread - 0] INFO  upgrade.OMPrepareRequest (OMPrepareRequest.java:takeSnapshotAndPurgeLogs(238)) - takeSnapshot at 52 for prepareIndex 52
2024-03-11 08:40:24,351 [omNode-2-OMStateMachineApplyTransactionThread - 0] INFO  raftlog.RaftLog (RaftLogBase.java:lambda$new$0(54)) - omNode-2@group-523986131536-SegmentedRaftLog: snapshotIndex: updateIncreasingly 50 -> 52
2024-03-11 08:40:24,351 [omNode-2-OMStateMachineApplyTransactionThread - 0] INFO  segmented.SegmentedRaftLogWorker (SegmentedRaftLogWorker.java:lambda$new$0(134)) - omNode-2@group-523986131536-SegmentedRaftLogWorker: safeCacheEvictIndex: setUnconditionally -1 -> 52
2024-03-11 08:40:24,351 [omNode-2-OMStateMachineApplyTransactionThread - 0] INFO  segmented.SegmentedRaftLogWorker (SegmentedRaftLogWorker.java:closeLogSegment(451)) - omNode-2@group-523986131536-SegmentedRaftLogWorker: Closing segment log_inprogress_0 to index: 52
2024-03-11 08:40:24,352 [omNode-2@group-523986131536-SegmentedRaftLogWorker] INFO  segmented.SegmentedRaftLogWorker (SegmentedRaftLogWorker.java:execute(591)) - omNode-2@group-523986131536-SegmentedRaftLogWorker: Rolled log segment from /home/runner/work/ozone/ozone/hadoop-ozone/integration-test/target/test-dir/MiniOzoneClusterImpl-26b6f519-45de-438b-acbb-b19d352d9476/omNode-2/ratis/c9bc4cf4-3bc3-3c60-a66b-523986131536/current/log_inprogress_0 to /home/runner/work/ozone/ozone/hadoop-ozone/integration-test/target/test-dir/MiniOzoneClusterImpl-26b6f519-45de-438b-acbb-b19d352d9476/omNode-2/ratis/c9bc4cf4-3bc3-3c60-a66b-523986131536/current/log_0-52
2024-03-11 08:40:24,352 [omNode-2-OMStateMachineApplyTransactionThread - 0] INFO  om.OzoneManagerPrepareState (OzoneManagerPrepareState.java:writePrepareMarkerFile(262)) - Prepare marker file written with log index 51 to file /home/runner/work/ozone/ozone/hadoop-ozone/integration-test/target/test-dir/MiniOzoneClusterImpl-26b6f519-45de-438b-acbb-b19d352d9476/omNode-2/current/prepareMarker
2024-03-11 08:40:24,352 [omNode-2-OMStateMachineApplyTransactionThread - 0] INFO  upgrade.OMPrepareRequest (OMPrepareRequest.java:validateAndUpdateCache(122)) - OM omNode-2 prepared at log index 51. Returning response txnID: 51
 with log index 51
2024-03-11 08:40:24,353 [main] INFO  om.TestOzoneManagerPrepare (TestOzoneManagerPrepare.java:lambda$assertClusterPrepared$6(474)) - omNode-3 has prepare status: NOT_PREPARED prepare index: -1.
2024-03-11 08:40:25,354 [main] INFO  om.TestOzoneManagerPrepare (TestOzoneManagerPrepare.java:lambda$assertClusterPrepared$6(474)) - omNode-3 has prepare status: NOT_PREPARED prepare index: -1.
2024-03-11 08:40:26,354 [main] INFO  om.TestOzoneManagerPrepare (TestOzoneManagerPrepare.java:lambda$assertClusterPrepared$6(474)) - omNode-3 has prepare status: NOT_PREPARED prepare index: -1.
2024-03-11 08:40:27,354 [main] INFO  om.TestOzoneManagerPrepare (TestOzoneManagerPrepare.java:lambda$assertClusterPrepared$6(474)) - omNode-3 has prepare status: NOT_PREPARED prepare index: -1.
2024-03-11 08:40:28,355 [main] INFO  om.TestOzoneManagerPrepare (TestOzoneManagerPrepare.java:lambda$assertClusterPrepared$6(474)) - omNode-3 has prepare status: NOT_PREPARED prepare index: -1.
2024-03-11 08:40:29,355 [main] INFO  om.TestOzoneManagerPrepare (TestOzoneManagerPrepare.java:lambda$assertClusterPrepared$6(474)) - omNode-3 has prepare status: NOT_PREPARED prepare index: -1.
2024-03-11 08:40:30,355 [main] INFO  om.TestOzoneManagerPrepare (TestOzoneManagerPrepare.java:lambda$assertClusterPrepared$6(474)) - omNode-3 has prepare status: NOT_PREPARED prepare index: -1.
2024-03-11 08:40:31,355 [main] INFO  om.TestOzoneManagerPrepare (TestOzoneManagerPrepare.java:lambda$assertClusterPrepared$6(474)) - omNode-3 has prepare status: NOT_PREPARED prepare index: -1.
2024-03-11 08:40:32,356 [main] INFO  om.TestOzoneManagerPrepare (TestOzoneManagerPrepare.java:lambda$assertClusterPrepared$6(474)) - omNode-3 has prepare status: NOT_PREPARED prepare index: -1.
2024-03-11 08:40:33,356 [main] INFO  om.TestOzoneManagerPrepare (TestOzoneManagerPrepare.java:lambda$assertClusterPrepared$6(474)) - omNode-3 has prepare status: NOT_PREPARED prepare index: -1.
2024-03-11 08:40:34,356 [main] INFO  om.TestOzoneManagerPrepare (TestOzoneManagerPrepare.java:lambda$assertClusterPrepared$6(474)) - omNode-3 has prepare status: NOT_PREPARED prepare index: -1.
2024-03-11 08:40:35,357 [main] INFO  om.TestOzoneManagerPrepare (TestOzoneManagerPrepare.java:lambda$assertClusterPrepared$6(474)) - omNode-3 has prepare status: NOT_PREPARED prepare index: -1.
2024-03-11 08:40:36,357 [main] INFO  om.TestOzoneManagerPrepare (TestOzoneManagerPrepare.java:lambda$assertClusterPrepared$6(474)) - omNode-3 has prepare status: NOT_PREPARED prepare index: -1.
2024-03-11 08:40:37,357 [main] INFO  om.TestOzoneManagerPrepare (TestOzoneManagerPrepare.java:lambda$assertClusterPrepared$6(474)) - omNode-3 has prepare status: NOT_PREPARED prepare index: -1.
2024-03-11 08:40:38,358 [main] INFO  om.TestOzoneManagerPrepare (TestOzoneManagerPrepare.java:lambda$assertClusterPrepared$6(474)) - omNode-3 has prepare status: NOT_PREPARED prepare index: -1.
2024-03-11 08:40:39,358 [main] INFO  om.TestOzoneManagerPrepare (TestOzoneManagerPrepare.java:lambda$assertClusterPrepared$6(474)) - omNode-3 has prepare status: NOT_PREPARED prepare index: -1.
2024-03-11 08:40:40,358 [main] INFO  om.TestOzoneManagerPrepare (TestOzoneManagerPrepare.java:lambda$assertClusterPrepared$6(474)) - omNode-3 has prepare status: NOT_PREPARED prepare index: -1.
2024-03-11 08:40:41,359 [main] INFO  om.TestOzoneManagerPrepare (TestOzoneManagerPrepare.java:lambda$assertClusterPrepared$6(474)) - omNode-3 has prepare status: NOT_PREPARED prepare index: -1.
2024-03-11 08:40:42,359 [main] INFO  om.TestOzoneManagerPrepare (TestOzoneManagerPrepare.java:lambda$assertClusterPrepared$6(474)) - omNode-3 has prepare status: NOT_PREPARED prepare index: -1.
2024-03-11 08:40:43,359 [main] INFO  om.TestOzoneManagerPrepare (TestOzoneManagerPrepare.java:lambda$assertClusterPrepared$6(474)) - omNode-3 has prepare status: NOT_PREPARED prepare index: -1.
2024-03-11 08:40:44,360 [main] INFO  om.TestOzoneManagerPrepare (TestOzoneManagerPrepare.java:lambda$assertClusterPrepared$6(474)) - omNode-3 has prepare status: NOT_PREPARED prepare index: -1.
2024-03-11 08:40:45,360 [main] INFO  om.TestOzoneManagerPrepare (TestOzoneManagerPrepare.java:lambda$assertClusterPrepared$6(474)) - omNode-3 has prepare status: NOT_PREPARED prepare index: -1.
2024-03-11 08:40:46,360 [main] INFO  om.TestOzoneManagerPrepare (TestOzoneManagerPrepare.java:lambda$assertClusterPrepared$6(474)) - omNode-3 has prepare status: NOT_PREPARED prepare index: -1.
2024-03-11 08:40:47,360 [main] INFO  om.TestOzoneManagerPrepare (TestOzoneManagerPrepare.java:lambda$assertClusterPrepared$6(474)) - omNode-3 has prepare status: NOT_PREPARED prepare index: -1.
2024-03-11 08:40:48,361 [main] INFO  om.TestOzoneManagerPrepare (TestOzoneManagerPrepare.java:lambda$assertClusterPrepared$6(474)) - omNode-3 has prepare status: NOT_PREPARED prepare index: -1.
2024-03-11 08:40:49,361 [main] INFO  om.TestOzoneManagerPrepare (TestOzoneManagerPrepare.java:lambda$assertClusterPrepared$6(474)) - omNode-3 has prepare status: NOT_PREPARED prepare index: -1.
2024-03-11 08:40:50,361 [main] INFO  om.TestOzoneManagerPrepare (TestOzoneManagerPrepare.java:lambda$assertClusterPrepared$6(474)) - omNode-3 has prepare status: NOT_PREPARED prepare index: -1.
2024-03-11 08:40:51,362 [main] INFO  om.TestOzoneManagerPrepare (TestOzoneManagerPrepare.java:lambda$assertClusterPrepared$6(474)) - omNode-3 has prepare status: NOT_PREPARED prepare index: -1.
2024-03-11 08:40:52,362 [main] INFO  om.TestOzoneManagerPrepare (TestOzoneManagerPrepare.java:lambda$assertClusterPrepared$6(474)) - omNode-3 has prepare status: NOT_PREPARED prepare index: -1.
2024-03-11 08:40:53,362 [main] INFO  om.TestOzoneManagerPrepare (TestOzoneManagerPrepare.java:lambda$assertClusterPrepared$6(474)) - omNode-3 has prepare status: NOT_PREPARED prepare index: -1.
2024-03-11 08:40:54,363 [main] INFO  om.TestOzoneManagerPrepare (TestOzoneManagerPrepare.java:lambda$assertClusterPrepared$6(474)) - omNode-3 has prepare status: NOT_PREPARED prepare index: -1.
2024-03-11 08:40:55,363 [main] INFO  om.TestOzoneManagerPrepare (TestOzoneManagerPrepare.java:lambda$assertClusterPrepared$6(474)) - omNode-3 has prepare status: NOT_PREPARED prepare index: -1.
2024-03-11 08:40:56,363 [main] INFO  om.TestOzoneManagerPrepare (TestOzoneManagerPrepare.java:lambda$assertClusterPrepared$6(474)) - omNode-3 has prepare status: NOT_PREPARED prepare index: -1.
2024-03-11 08:40:57,364 [main] INFO  om.TestOzoneManagerPrepare (TestOzoneManagerPrepare.java:lambda$assertClusterPrepared$6(474)) - omNode-3 has prepare status: NOT_PREPARED prepare index: -1.
2024-03-11 08:40:58,364 [main] INFO  om.TestOzoneManagerPrepare (TestOzoneManagerPrepare.java:lambda$assertClusterPrepared$6(474)) - omNode-3 has prepare status: NOT_PREPARED prepare index: -1.
2024-03-11 08:40:59,364 [main] INFO  om.TestOzoneManagerPrepare (TestOzoneManagerPrepare.java:lambda$assertClusterPrepared$6(474)) - omNode-3 has prepare status: NOT_PREPARED prepare index: -1.
2024-03-11 08:40:59,673 [6d7ddd0a-4974-4c82-8247-9f057ff87999-BlockDeletingService#0] INFO  interfaces.ContainerDeletionChoosingPolicyTemplate (ContainerDeletionChoosingPolicyTemplate.java:chooseContainerForBlockDeletion(85)) - Chosen 0/5000 blocks from 0 candidate containers.
2024-03-11 08:40:59,793 [ef4f6c43-595b-4c7c-bb14-559caeb18433-BlockDeletingService#0] INFO  interfaces.ContainerDeletionChoosingPolicyTemplate (ContainerDeletionChoosingPolicyTemplate.java:chooseContainerForBlockDeletion(85)) - Chosen 0/5000 blocks from 0 candidate containers.
2024-03-11 08:40:59,869 [0d2e6bfc-4b34-47c2-8255-934200cb31cb-BlockDeletingService#0] INFO  interfaces.ContainerDeletionChoosingPolicyTemplate (ContainerDeletionChoosingPolicyTemplate.java:chooseContainerForBlockDeletion(85)) - Chosen 0/5000 blocks from 0 candidate containers.
2024-03-11 08:41:00,365 [main] INFO  om.TestOzoneManagerPrepare (TestOzoneManagerPrepare.java:lambda$assertClusterPrepared$6(474)) - omNode-3 has prepare status: NOT_PREPARED prepare index: -1.
2024-03-11 08:41:01,365 [main] INFO  om.TestOzoneManagerPrepare (TestOzoneManagerPrepare.java:lambda$assertClusterPrepared$6(474)) - omNode-3 has prepare status: NOT_PREPARED prepare index: -1.
2024-03-11 08:41:02,365 [main] INFO  om.TestOzoneManagerPrepare (TestOzoneManagerPrepare.java:lambda$assertClusterPrepared$6(474)) - omNode-3 has prepare status: NOT_PREPARED prepare index: -1.
2024-03-11 08:41:03,366 [main] INFO  om.TestOzoneManagerPrepare (TestOzoneManagerPrepare.java:lambda$assertClusterPrepared$6(474)) - omNode-3 has prepare status: NOT_PREPARED prepare index: -1.
2024-03-11 08:41:04,366 [main] INFO  om.TestOzoneManagerPrepare (TestOzoneManagerPrepare.java:lambda$assertClusterPrepared$6(474)) - omNode-3 has prepare status: NOT_PREPARED prepare index: -1.
2024-03-11 08:41:05,366 [main] INFO  om.TestOzoneManagerPrepare (TestOzoneManagerPrepare.java:lambda$assertClusterPrepared$6(474)) - omNode-3 has prepare status: NOT_PREPARED prepare index: -1.
2024-03-11 08:41:06,367 [main] INFO  om.TestOzoneManagerPrepare (TestOzoneManagerPrepare.java:lambda$assertClusterPrepared$6(474)) - omNode-3 has prepare status: NOT_PREPARED prepare index: -1.
2024-03-11 08:41:07,367 [main] INFO  om.TestOzoneManagerPrepare (TestOzoneManagerPrepare.java:lambda$assertClusterPrepared$6(474)) - omNode-3 has prepare status: NOT_PREPARED prepare index: -1.
2024-03-11 08:41:08,367 [main] INFO  om.TestOzoneManagerPrepare (TestOzoneManagerPrepare.java:lambda$assertClusterPrepared$6(474)) - omNode-3 has prepare status: NOT_PREPARED prepare index: -1.
2024-03-11 08:41:09,367 [main] INFO  om.TestOzoneManagerPrepare (TestOzoneManagerPrepare.java:lambda$assertClusterPrepared$6(474)) - omNode-3 has prepare status: NOT_PREPARED prepare index: -1.
2024-03-11 08:41:10,368 [main] INFO  om.TestOzoneManagerPrepare (TestOzoneManagerPrepare.java:lambda$assertClusterPrepared$6(474)) - omNode-3 has prepare status: NOT_PREPARED prepare index: -1.
2024-03-11 08:41:11,368 [main] INFO  om.TestOzoneManagerPrepare (TestOzoneManagerPrepare.java:lambda$assertClusterPrepared$6(474)) - omNode-3 has prepare status: NOT_PREPARED prepare index: -1.
2024-03-11 08:41:12,368 [main] INFO  om.TestOzoneManagerPrepare (TestOzoneManagerPrepare.java:lambda$assertClusterPrepared$6(474)) - omNode-3 has prepare status: NOT_PREPARED prepare index: -1.
2024-03-11 08:41:13,369 [main] INFO  om.TestOzoneManagerPrepare (TestOzoneManagerPrepare.java:lambda$assertClusterPrepared$6(474)) - omNode-3 has prepare status: NOT_PREPARED prepare index: -1.
2024-03-11 08:41:14,369 [main] INFO  om.TestOzoneManagerPrepare (TestOzoneManagerPrepare.java:lambda$assertClusterPrepared$6(474)) - omNode-3 has prepare status: NOT_PREPARED prepare index: -1.
2024-03-11 08:41:15,369 [main] INFO  om.TestOzoneManagerPrepare (TestOzoneManagerPrepare.java:lambda$assertClusterPrepared$6(474)) - omNode-3 has prepare status: NOT_PREPARED prepare index: -1.
2024-03-11 08:41:16,370 [main] INFO  om.TestOzoneManagerPrepare (TestOzoneManagerPrepare.java:lambda$assertClusterPrepared$6(474)) - omNode-3 has prepare status: NOT_PREPARED prepare index: -1.
2024-03-11 08:41:17,370 [main] INFO  om.TestOzoneManagerPrepare (TestOzoneManagerPrepare.java:lambda$assertClusterPrepared$6(474)) - omNode-3 has prepare status: NOT_PREPARED prepare index: -1.
2024-03-11 08:41:18,370 [main] INFO  om.TestOzoneManagerPrepare (TestOzoneManagerPrepare.java:lambda$assertClusterPrepared$6(474)) - omNode-3 has prepare status: NOT_PREPARED prepare index: -1.
2024-03-11 08:41:19,371 [main] INFO  om.TestOzoneManagerPrepare (TestOzoneManagerPrepare.java:lambda$assertClusterPrepared$6(474)) - omNode-3 has prepare status: NOT_PREPARED prepare index: -1.
2024-03-11 08:41:20,371 [main] INFO  om.TestOzoneManagerPrepare (TestOzoneManagerPrepare.java:lambda$assertClusterPrepared$6(474)) - omNode-3 has prepare status: NOT_PREPARED prepare index: -1.
2024-03-11 08:41:21,371 [main] INFO  om.TestOzoneManagerPrepare (TestOzoneManagerPrepare.java:lambda$assertClusterPrepared$6(474)) - omNode-3 has prepare status: NOT_PREPARED prepare index: -1.
2024-03-11 08:41:22,372 [main] INFO  om.TestOzoneManagerPrepare (TestOzoneManagerPrepare.java:lambda$assertClusterPrepared$6(474)) - omNode-3 has prepare status: NOT_PREPARED prepare index: -1.
2024-03-11 08:41:23,372 [main] INFO  om.TestOzoneManagerPrepare (TestOzoneManagerPrepare.java:lambda$assertClusterPrepared$6(474)) - omNode-3 has prepare status: NOT_PREPARED prepare index: -1.
2024-03-11 08:41:24,372 [main] INFO  om.TestOzoneManagerPrepare (TestOzoneManagerPrepare.java:lambda$assertClusterPrepared$6(474)) - omNode-3 has prepare status: NOT_PREPARED prepare index: -1.
2024-03-11 08:41:25,373 [main] INFO  om.TestOzoneManagerPrepare (TestOzoneManagerPrepare.java:lambda$assertClusterPrepared$6(474)) - omNode-3 has prepare status: NOT_PREPARED prepare index: -1.
2024-03-11 08:41:26,373 [main] INFO  om.TestOzoneManagerPrepare (TestOzoneManagerPrepare.java:lambda$assertClusterPrepared$6(474)) - omNode-3 has prepare status: NOT_PREPARED prepare index: -1.
2024-03-11 08:41:27,373 [main] INFO  om.TestOzoneManagerPrepare (TestOzoneManagerPrepare.java:lambda$assertClusterPrepared$6(474)) - omNode-3 has prepare status: NOT_PREPARED prepare index: -1.
2024-03-11 08:41:28,374 [main] INFO  om.TestOzoneManagerPrepare (TestOzoneManagerPrepare.java:lambda$assertClusterPrepared$6(474)) - omNode-3 has prepare status: NOT_PREPARED prepare index: -1.
2024-03-11 08:41:29,374 [main] INFO  om.TestOzoneManagerPrepare (TestOzoneManagerPrepare.java:lambda$assertClusterPrepared$6(474)) - omNode-3 has prepare status: NOT_PREPARED prepare index: -1.
2024-03-11 08:41:30,374 [main] INFO  om.TestOzoneManagerPrepare (TestOzoneManagerPrepare.java:lambda$assertClusterPrepared$6(474)) - omNode-3 has prepare status: NOT_PREPARED prepare index: -1.
2024-03-11 08:41:31,375 [main] INFO  om.TestOzoneManagerPrepare (TestOzoneManagerPrepare.java:lambda$assertClusterPrepared$6(474)) - omNode-3 has prepare status: NOT_PREPARED prepare index: -1.
2024-03-11 08:41:32,375 [main] INFO  om.TestOzoneManagerPrepare (TestOzoneManagerPrepare.java:lambda$assertClusterPrepared$6(474)) - omNode-3 has prepare status: NOT_PREPARED prepare index: -1.
2024-03-11 08:41:33,375 [main] INFO  om.TestOzoneManagerPrepare (TestOzoneManagerPrepare.java:lambda$assertClusterPrepared$6(474)) - omNode-3 has prepare status: NOT_PREPARED prepare index: -1.
2024-03-11 08:41:34,376 [main] INFO  om.TestOzoneManagerPrepare (TestOzoneManagerPrepare.java:lambda$assertClusterPrepared$6(474)) - omNode-3 has prepare status: NOT_PREPARED prepare index: -1.
2024-03-11 08:41:35,376 [main] INFO  om.TestOzoneManagerPrepare (TestOzoneManagerPrepare.java:lambda$assertClusterPrepared$6(474)) - omNode-3 has prepare status: NOT_PREPARED prepare index: -1.
2024-03-11 08:41:36,376 [main] INFO  om.TestOzoneManagerPrepare (TestOzoneManagerPrepare.java:lambda$assertClusterPrepared$6(474)) - omNode-3 has prepare status: NOT_PREPARED prepare index: -1.
2024-03-11 08:41:37,377 [main] INFO  om.TestOzoneManagerPrepare (TestOzoneManagerPrepare.java:lambda$assertClusterPrepared$6(474)) - omNode-3 has prepare status: NOT_PREPARED prepare index: -1.
2024-03-11 08:41:38,377 [main] INFO  om.TestOzoneManagerPrepare (TestOzoneManagerPrepare.java:lambda$assertClusterPrepared$6(474)) - omNode-3 has prepare status: NOT_PREPARED prepare index: -1.
2024-03-11 08:41:39,377 [main] INFO  om.TestOzoneManagerPrepare (TestOzoneManagerPrepare.java:lambda$assertClusterPrepared$6(474)) - omNode-3 has prepare status: NOT_PREPARED prepare index: -1.
2024-03-11 08:41:40,377 [main] INFO  om.TestOzoneManagerPrepare (TestOzoneManagerPrepare.java:lambda$assertClusterPrepared$6(474)) - omNode-3 has prepare status: NOT_PREPARED prepare index: -1.
2024-03-11 08:41:41,378 [main] INFO  om.TestOzoneManagerPrepare (TestOzoneManagerPrepare.java:lambda$assertClusterPrepared$6(474)) - omNode-3 has prepare status: NOT_PREPARED prepare index: -1.
2024-03-11 08:41:42,378 [main] INFO  om.TestOzoneManagerPrepare (TestOzoneManagerPrepare.java:lambda$assertClusterPrepared$6(474)) - omNode-3 has prepare status: NOT_PREPARED prepare index: -1.
2024-03-11 08:41:43,378 [main] INFO  om.TestOzoneManagerPrepare (TestOzoneManagerPrepare.java:lambda$assertClusterPrepared$6(474)) - omNode-3 has prepare status: NOT_PREPARED prepare index: -1.
2024-03-11 08:41:44,379 [main] INFO  om.TestOzoneManagerPrepare (TestOzoneManagerPrepare.java:lambda$assertClusterPrepared$6(474)) - omNode-3 has prepare status: NOT_PREPARED prepare index: -1.
2024-03-11 08:41:45,379 [main] INFO  om.TestOzoneManagerPrepare (TestOzoneManagerPrepare.java:lambda$assertClusterPrepared$6(474)) - omNode-3 has prepare status: NOT_PREPARED prepare index: -1.
2024-03-11 08:41:46,379 [main] INFO  om.TestOzoneManagerPrepare (TestOzoneManagerPrepare.java:lambda$assertClusterPrepared$6(474)) - omNode-3 has prepare status: NOT_PREPARED prepare index: -1.
2024-03-11 08:41:47,380 [main] INFO  om.TestOzoneManagerPrepare (TestOzoneManagerPrepare.java:lambda$assertClusterPrepared$6(474)) - omNode-3 has prepare status: NOT_PREPARED prepare index: -1.
2024-03-11 08:41:48,380 [main] INFO  om.TestOzoneManagerPrepare (TestOzoneManagerPrepare.java:lambda$assertClusterPrepared$6(474)) - omNode-3 has prepare status: NOT_PREPARED prepare index: -1.
2024-03-11 08:41:49,380 [main] INFO  om.TestOzoneManagerPrepare (TestOzoneManagerPrepare.java:lambda$assertClusterPrepared$6(474)) - omNode-3 has prepare status: NOT_PREPARED prepare index: -1.
2024-03-11 08:41:50,380 [main] INFO  om.TestOzoneManagerPrepare (TestOzoneManagerPrepare.java:lambda$assertClusterPrepared$6(474)) - omNode-3 has prepare status: NOT_PREPARED prepare index: -1.
2024-03-11 08:41:51,381 [main] INFO  om.TestOzoneManagerPrepare (TestOzoneManagerPrepare.java:lambda$assertClusterPrepared$6(474)) - omNode-3 has prepare status: NOT_PREPARED prepare index: -1.
2024-03-11 08:41:52,381 [main] INFO  om.TestOzoneManagerPrepare (TestOzoneManagerPrepare.java:lambda$assertClusterPrepared$6(474)) - omNode-3 has prepare status: NOT_PREPARED prepare index: -1.
2024-03-11 08:41:53,381 [main] INFO  om.TestOzoneManagerPrepare (TestOzoneManagerPrepare.java:lambda$assertClusterPrepared$6(474)) - omNode-3 has prepare status: NOT_PREPARED prepare index: -1.
2024-03-11 08:41:54,382 [main] INFO  om.TestOzoneManagerPrepare (TestOzoneManagerPrepare.java:lambda$assertClusterPrepared$6(474)) - omNode-3 has prepare status: NOT_PREPARED prepare index: -1.
2024-03-11 08:41:55,382 [main] INFO  om.TestOzoneManagerPrepare (TestOzoneManagerPrepare.java:lambda$assertClusterPrepared$6(474)) - omNode-3 has prepare status: NOT_PREPARED prepare index: -1.
2024-03-11 08:41:56,382 [main] INFO  om.TestOzoneManagerPrepare (TestOzoneManagerPrepare.java:lambda$assertClusterPrepared$6(474)) - omNode-3 has prepare status: NOT_PREPARED prepare index: -1.
2024-03-11 08:41:57,383 [main] INFO  om.TestOzoneManagerPrepare (TestOzoneManagerPrepare.java:lambda$assertClusterPrepared$6(474)) - omNode-3 has prepare status: NOT_PREPARED prepare index: -1.
2024-03-11 08:41:58,383 [main] INFO  om.TestOzoneManagerPrepare (TestOzoneManagerPrepare.java:lambda$assertClusterPrepared$6(474)) - omNode-3 has prepare status: NOT_PREPARED prepare index: -1.
2024-03-11 08:41:59,383 [main] INFO  om.TestOzoneManagerPrepare (TestOzoneManagerPrepare.java:lambda$assertClusterPrepared$6(474)) - omNode-3 has prepare status: NOT_PREPARED prepare index: -1.
2024-03-11 08:41:59,675 [6d7ddd0a-4974-4c82-8247-9f057ff87999-BlockDeletingService#1] INFO  interfaces.ContainerDeletionChoosingPolicyTemplate (ContainerDeletionChoosingPolicyTemplate.java:chooseContainerForBlockDeletion(85)) - Chosen 0/5000 blocks from 0 candidate containers.
2024-03-11 08:41:59,795 [ef4f6c43-595b-4c7c-bb14-559caeb18433-BlockDeletingService#1] INFO  interfaces.ContainerDeletionChoosingPolicyTemplate (ContainerDeletionChoosingPolicyTemplate.java:chooseContainerForBlockDeletion(85)) - Chosen 0/5000 blocks from 0 candidate containers.
2024-03-11 08:41:59,871 [0d2e6bfc-4b34-47c2-8255-934200cb31cb-BlockDeletingService#1] INFO  interfaces.ContainerDeletionChoosingPolicyTemplate (ContainerDeletionChoosingPolicyTemplate.java:chooseContainerForBlockDeletion(85)) - Chosen 0/5000 blocks from 0 candidate containers.
2024-03-11 08:42:00,384 [main] INFO  om.TestOzoneManagerPrepare (TestOzoneManagerPrepare.java:lambda$assertClusterPrepared$6(474)) - omNode-3 has prepare status: NOT_PREPARED prepare index: -1.
2024-03-11 08:42:01,384 [main] INFO  om.TestOzoneManagerPrepare (TestOzoneManagerPrepare.java:lambda$assertClusterPrepared$6(474)) - omNode-3 has prepare status: NOT_PREPARED prepare index: -1.
2024-03-11 08:42:02,384 [main] INFO  om.TestOzoneManagerPrepare (TestOzoneManagerPrepare.java:lambda$assertClusterPrepared$6(474)) - omNode-3 has prepare status: NOT_PREPARED prepare index: -1.
2024-03-11 08:42:03,385 [main] INFO  om.TestOzoneManagerPrepare (TestOzoneManagerPrepare.java:lambda$assertClusterPrepared$6(474)) - omNode-3 has prepare status: NOT_PREPARED prepare index: -1.
2024-03-11 08:42:04,385 [main] INFO  om.TestOzoneManagerPrepare (TestOzoneManagerPrepare.java:lambda$assertClusterPrepared$6(474)) - omNode-3 has prepare status: NOT_PREPARED prepare index: -1.
2024-03-11 08:42:05,385 [main] INFO  om.TestOzoneManagerPrepare (TestOzoneManagerPrepare.java:lambda$assertClusterPrepared$6(474)) - omNode-3 has prepare status: NOT_PREPARED prepare index: -1.
2024-03-11 08:42:06,385 [main] INFO  om.TestOzoneManagerPrepare (TestOzoneManagerPrepare.java:lambda$assertClusterPrepared$6(474)) - omNode-3 has prepare status: NOT_PREPARED prepare index: -1.
2024-03-11 08:42:07,386 [main] INFO  om.TestOzoneManagerPrepare (TestOzoneManagerPrepare.java:lambda$assertClusterPrepared$6(474)) - omNode-3 has prepare status: NOT_PREPARED prepare index: -1.
2024-03-11 08:42:08,386 [main] INFO  om.TestOzoneManagerPrepare (TestOzoneManagerPrepare.java:lambda$assertClusterPrepared$6(474)) - omNode-3 has prepare status: NOT_PREPARED prepare index: -1.
2024-03-11 08:42:09,386 [main] INFO  om.TestOzoneManagerPrepare (TestOzoneManagerPrepare.java:lambda$assertClusterPrepared$6(474)) - omNode-3 has prepare status: NOT_PREPARED prepare index: -1.
2024-03-11 08:42:10,387 [main] INFO  om.TestOzoneManagerPrepare (TestOzoneManagerPrepare.java:lambda$assertClusterPrepared$6(474)) - omNode-3 has prepare status: NOT_PREPARED prepare index: -1.
2024-03-11 08:42:11,387 [main] INFO  om.TestOzoneManagerPrepare (TestOzoneManagerPrepare.java:lambda$assertClusterPrepared$6(474)) - omNode-3 has prepare status: NOT_PREPARED prepare index: -1.
2024-03-11 08:42:12,387 [main] INFO  om.TestOzoneManagerPrepare (TestOzoneManagerPrepare.java:lambda$assertClusterPrepared$6(474)) - omNode-3 has prepare status: NOT_PREPARED prepare index: -1.
2024-03-11 08:42:13,388 [main] INFO  om.TestOzoneManagerPrepare (TestOzoneManagerPrepare.java:lambda$assertClusterPrepared$6(474)) - omNode-3 has prepare status: NOT_PREPARED prepare index: -1.
2024-03-11 08:42:14,388 [main] INFO  om.TestOzoneManagerPrepare (TestOzoneManagerPrepare.java:lambda$assertClusterPrepared$6(474)) - omNode-3 has prepare status: NOT_PREPARED prepare index: -1.
2024-03-11 08:42:15,388 [main] INFO  om.TestOzoneManagerPrepare (TestOzoneManagerPrepare.java:lambda$assertClusterPrepared$6(474)) - omNode-3 has prepare status: NOT_PREPARED prepare index: -1.
2024-03-11 08:42:16,388 [main] INFO  om.TestOzoneManagerPrepare (TestOzoneManagerPrepare.java:lambda$assertClusterPrepared$6(474)) - omNode-3 has prepare status: NOT_PREPARED prepare index: -1.
2024-03-11 08:42:17,389 [main] INFO  om.TestOzoneManagerPrepare (TestOzoneManagerPrepare.java:lambda$assertClusterPrepared$6(474)) - omNode-3 has prepare status: NOT_PREPARED prepare index: -1.
2024-03-11 08:42:18,389 [main] INFO  om.TestOzoneManagerPrepare (TestOzoneManagerPrepare.java:lambda$assertClusterPrepared$6(474)) - omNode-3 has prepare status: NOT_PREPARED prepare index: -1.
2024-03-11 08:42:19,329 [omNode-3-OMStateMachineApplyTransactionThread - 0] ERROR upgrade.OMPrepareRequest (OMPrepareRequest.java:validateAndUpdateCache(133)) - Prepare Request Apply failed in omNode-3. 
java.io.IOException: After waiting for 120 seconds, Ratis state machine applied index 50 which is less than the minimum required index 52.
	at org.apache.hadoop.ozone.om.request.upgrade.OMPrepareRequest.waitForLogIndex(OMPrepareRequest.java:216)
	at org.apache.hadoop.ozone.om.request.upgrade.OMPrepareRequest.validateAndUpdateCache(OMPrepareRequest.java:112)
	at org.apache.hadoop.ozone.protocolPB.OzoneManagerRequestHandler.lambda$0(OzoneManagerRequestHandler.java:397)
	at org.apache.hadoop.util.MetricUtil.captureLatencyNs(MetricUtil.java:45)
	at org.apache.hadoop.ozone.protocolPB.OzoneManagerRequestHandler.handleWriteRequestImpl(OzoneManagerRequestHandler.java:395)
	at org.apache.hadoop.ozone.protocolPB.RequestHandler.handleWriteRequest(RequestHandler.java:63)
	at org.apache.hadoop.ozone.om.ratis.OzoneManagerStateMachine.runCommand(OzoneManagerStateMachine.java:525)
	at org.apache.hadoop.ozone.om.ratis.OzoneManagerStateMachine.lambda$1(OzoneManagerStateMachine.java:343)
	at java.util.concurrent.CompletableFuture$AsyncSupply.run(CompletableFuture.java:1604)
	at java.util.concurrent.ThreadPoolExecutor.runWorker(ThreadPoolExecutor.java:1149)
	at java.util.concurrent.ThreadPoolExecutor$Worker.run(ThreadPoolExecutor.java:624)
	at java.lang.Thread.run(Thread.java:750)
2024-03-11 08:42:19,330 [omNode-3@group-523986131536-StateMachineUpdater] INFO  ratis.OzoneManagerStateMachine (OzoneManagerStateMachine.java:takeSnapshotImpl(467)) -  applied = (t:1, i:51)
2024-03-11 08:42:19,330 [omNode-3@group-523986131536-StateMachineUpdater] INFO  ratis.OzoneManagerStateMachine (OzoneManagerStateMachine.java:takeSnapshotImpl(468)) -  skipped = 49
2024-03-11 08:42:19,330 [omNode-3@group-523986131536-StateMachineUpdater] INFO  ratis.OzoneManagerStateMachine (OzoneManagerStateMachine.java:takeSnapshotImpl(469)) - notified = (t:1, i:50)
2024-03-11 08:42:19,330 [omNode-3@group-523986131536-StateMachineUpdater] INFO  ratis.OzoneManagerStateMachine (OzoneManagerStateMachine.java:takeSnapshotImpl(470)) - snapshot = (t:1, i:51)
2024-03-11 08:42:19,345 [omNode-3@group-523986131536-StateMachineUpdater] INFO  impl.StateMachineUpdater (StateMachineUpdater.java:takeSnapshot(295)) - omNode-3@group-523986131536-StateMachineUpdater: Took a snapshot at index 51
2024-03-11 08:42:19,345 [omNode-3@group-523986131536-StateMachineUpdater] INFO  impl.StateMachineUpdater (StateMachineUpdater.java:lambda$new$0(98)) - omNode-3@group-523986131536-StateMachineUpdater: snapshotIndex: updateIncreasingly -1 -> 51
2024-03-11 08:42:19,345 [omNode-3@group-523986131536-StateMachineUpdater] INFO  raftlog.RaftLog (RaftLogBase.java:purge(330)) - omNode-3@group-523986131536-SegmentedRaftLog: purge 51
2024-03-11 08:42:19,345 [omNode-3@group-523986131536-StateMachineUpdater] INFO  raftlog.RaftLog (RaftLogBase.java:lambda$new$0(54)) - omNode-3@group-523986131536-SegmentedRaftLog: snapshotIndex: updateIncreasingly -1 -> 51
2024-03-11 08:42:19,345 [omNode-3@group-523986131536-StateMachineUpdater] INFO  raftlog.RaftLog (RaftLogBase.java:lambda$new$0(54)) - omNode-3@group-523986131536-SegmentedRaftLog: purgeIndex: updateToMax old=-1, new=51, updated? true
2024-03-11 08:42:19,390 [main] INFO  om.TestOzoneManagerPrepare (TestOzoneManagerPrepare.java:lambda$assertClusterPrepared$6(474)) - omNode-3 has prepare status: NOT_PREPARED prepare index: -1.
2024-03-11 08:42:19,390 [main] INFO  om.OzoneManager (OzoneManager.java:stop(2241)) - omNode-3[localhost:15270]: Stopping Ozone Manager
2024-03-11 08:42:19,390 [main] INFO  ipc.Server (Server.java:stop(3523)) - Stopping server on 15270
2024-03-11 08:42:19,392 [IPC Server listener on 15270] INFO  ipc.Server (Server.java:run(1434)) - Stopping IPC Server listener on 15270
2024-03-11 08:42:19,392 [IPC Server Responder] INFO  ipc.Server (Server.java:run(1567)) - Stopping IPC Server Responder
2024-03-11 08:42:19,393 [main] INFO  ratis.OzoneManagerRatisServer (OzoneManagerRatisServer.java:stop(594)) - Stopping org.apache.hadoop.ozone.om.ratis.OzoneManagerRatisServer@10f27452 at port 15273
2024-03-11 08:42:19,394 [main] INFO  server.RaftServer (RaftServerProxy.java:lambda$close$9(416)) - omNode-3: close
2024-03-11 08:42:19,394 [main] INFO  server.GrpcService (GrpcService.java:closeImpl(311)) - omNode-3: shutdown server GrpcServerProtocolService now
2024-03-11 08:42:19,394 [omNode-3-impl-thread2] INFO  server.RaftServer$Division (RaftServerImpl.java:lambda$close$3(526)) - omNode-3@group-523986131536: shutdown
2024-03-11 08:42:19,394 [omNode-3-impl-thread2] INFO  util.JmxRegister (JmxRegister.java:unregister(73)) - Successfully un-registered JMX Bean with object name Ratis:service=RaftServer,group=group-523986131536,id=omNode-3
2024-03-11 08:42:19,394 [omNode-3-impl-thread2] INFO  impl.RoleInfo (RoleInfo.java:shutdownFollowerState(110)) - omNode-3: shutdown omNode-3@group-523986131536-FollowerState
2024-03-11 08:42:19,395 [grpc-default-executor-1] WARN  server.GrpcServerProtocolService (LogUtils.java:warn(121)) - omNode-3: APPEND_ENTRIES onError, lastRequest: omNode-1->omNode-3#170-t1,previous=(t:1, i:51),leaderCommit=51,initializing? false,entries: size=1, first=(t:1, i:52), METADATAENTRY(c:51): org.apache.ratis.thirdparty.io.grpc.StatusRuntimeException: CANCELLED: client cancelled
2024-03-11 08:42:19,395 [omNode-3-impl-thread2] INFO  impl.StateMachineUpdater (StateMachineUpdater.java:stopAndJoin(157)) - omNode-3@group-523986131536-StateMachineUpdater: set stopIndex = 52
2024-03-11 08:42:19,395 [omNode-3@group-523986131536-StateMachineUpdater] INFO  ratis.OzoneManagerStateMachine (OzoneManagerStateMachine.java:takeSnapshotImpl(467)) -  applied = (t:1, i:51)
2024-03-11 08:42:19,395 [omNode-3@group-523986131536-StateMachineUpdater] INFO  ratis.OzoneManagerStateMachine (OzoneManagerStateMachine.java:takeSnapshotImpl(468)) -  skipped = 51
2024-03-11 08:42:19,395 [omNode-3@group-523986131536-StateMachineUpdater] INFO  ratis.OzoneManagerStateMachine (OzoneManagerStateMachine.java:takeSnapshotImpl(469)) - notified = (t:1, i:52)
2024-03-11 08:42:19,395 [omNode-3@group-523986131536-StateMachineUpdater] INFO  ratis.OzoneManagerStateMachine (OzoneManagerStateMachine.java:takeSnapshotImpl(470)) - snapshot = (t:1, i:52)
2024-03-11 08:42:19,395 [omNode-3@group-523986131536-FollowerState] INFO  impl.FollowerState (FollowerState.java:run(152)) - omNode-3@group-523986131536-FollowerState was interrupted
2024-03-11 08:42:19,397 [grpc-default-executor-1] WARN  server.GrpcLogAppender (LogUtils.java:warn(121)) - omNode-1@group-523986131536->omNode-3-AppendLogResponseHandler: Failed appendEntries: org.apache.ratis.thirdparty.io.grpc.StatusRuntimeException: CANCELLED: RST_STREAM closed stream. HTTP/2 error code: CANCEL
2024-03-11 08:42:19,398 [main] INFO  server.GrpcService (GrpcService.java:closeImpl(320)) - omNode-3: shutdown server GrpcServerProtocolService successfully
2024-03-11 08:42:19,398 [grpc-default-executor-6] WARN  server.GrpcServerProtocolService (LogUtils.java:warn(121)) - omNode-3: APPEND_ENTRIES onError, lastRequest: null: org.apache.ratis.thirdparty.io.grpc.StatusRuntimeException: CANCELLED: client cancelled
2024-03-11 08:42:19,398 [grpc-default-executor-5] WARN  server.GrpcLogAppender (GrpcLogAppender.java:lambda$resetClient$1(217)) - omNode-1@group-523986131536->omNode-3-GrpcLogAppender: Follower failed (request=null, errorCount=1); keep nextIndex (53) unchanged and retry.
2024-03-11 08:42:19,402 [omNode-3@group-523986131536-StateMachineUpdater] INFO  impl.StateMachineUpdater (StateMachineUpdater.java:takeSnapshot(295)) - omNode-3@group-523986131536-StateMachineUpdater: Took a snapshot at index 52
2024-03-11 08:42:19,402 [omNode-3@group-523986131536-StateMachineUpdater] INFO  impl.StateMachineUpdater (StateMachineUpdater.java:lambda$new$0(98)) - omNode-3@group-523986131536-StateMachineUpdater: snapshotIndex: updateIncreasingly 51 -> 52
2024-03-11 08:42:19,402 [omNode-3@group-523986131536-StateMachineUpdater] INFO  ratis.OzoneManagerStateMachine (OzoneManagerStateMachine.java:close(513)) - Stopping OzoneManagerStateMachine:omNode-3:group-523986131536.
2024-03-11 08:42:19,402 [omNode-3@group-523986131536-StateMachineUpdater] INFO  ratis.OzoneManagerDoubleBuffer (OzoneManagerDoubleBuffer.java:stopDaemon(517)) - Stopping OMDoubleBuffer flush thread
2024-03-11 08:42:19,403 [omNode-3-OMDoubleBufferFlushThread] INFO  ratis.OzoneManagerDoubleBuffer (OzoneManagerDoubleBuffer.java:canFlush(581)) - OMDoubleBuffer flush thread omNode-3-OMDoubleBufferFlushThread is interrupted and will exit.
2024-03-11 08:42:19,403 [omNode-3-impl-thread2] INFO  server.RaftServer$Division (ServerState.java:close(427)) - omNode-3@group-523986131536: applyIndex: 51
2024-03-11 08:42:19,403 [omNode-3@group-523986131536-cacheEviction-AwaitToRun] INFO  util.AwaitToRun (AwaitToRun.java:run(49)) - omNode-3@group-523986131536-cacheEviction-AwaitToRun-AwaitForSignal is interrupted
2024-03-11 08:42:20,330 [omNode-3-impl-thread2] INFO  segmented.SegmentedRaftLogWorker (SegmentedRaftLogWorker.java:close(245)) - omNode-3@group-523986131536-SegmentedRaftLogWorker close()
2024-03-11 08:42:20,332 [JvmPauseMonitor72] INFO  util.JvmPauseMonitor (JvmPauseMonitor.java:run(152)) - JvmPauseMonitor-omNode-3: Stopped
2024-03-11 08:42:20,335 [main] INFO  utils.BackgroundService (BackgroundService.java:shutdown(160)) - Shutting down service KeyDeletingService
2024-03-11 08:42:20,335 [main] INFO  utils.BackgroundService (BackgroundService.java:shutdown(160)) - Shutting down service DirectoryDeletingService
2024-03-11 08:42:20,335 [main] INFO  utils.BackgroundService (BackgroundService.java:shutdown(160)) - Shutting down service OpenKeyCleanupService
2024-03-11 08:42:20,335 [main] INFO  utils.BackgroundService (BackgroundService.java:shutdown(160)) - Shutting down service SstFilteringService
2024-03-11 08:42:20,335 [main] INFO  utils.BackgroundService (BackgroundService.java:shutdown(160)) - Shutting down service SnapshotDeletingService
2024-03-11 08:42:20,336 [main] INFO  utils.BackgroundService (BackgroundService.java:shutdown(160)) - Shutting down service MultipartUploadCleanupService
2024-03-11 08:42:20,336 [main] INFO  utils.BackgroundService (BackgroundService.java:shutdown(160)) - Shutting down service SnapshotDirectoryCleaningService
2024-03-11 08:42:20,336 [main] INFO  handler.ContextHandler (ContextHandler.java:doStop(1159)) - Stopped o.e.j.w.WebAppContext@1ff57127{ozoneManager,/,null,STOPPED}{file:/home/runner/work/ozone/ozone/hadoop-ozone/integration-test/target/test-classes/webapps/ozoneManager}
2024-03-11 08:42:20,337 [main] INFO  server.AbstractConnector (AbstractConnector.java:doStop(383)) - Stopped ServerConnector@ad47396{HTTP/1.1, (http/1.1)}{0.0.0.0:15271}
2024-03-11 08:42:20,337 [main] INFO  server.session (HouseKeeper.java:stopScavenging(149)) - node0 Stopped scavenging
2024-03-11 08:42:20,337 [main] INFO  handler.ContextHandler (ContextHandler.java:doStop(1159)) - Stopped o.e.j.s.ServletContextHandler@de5fe78{static,/static,file:///home/runner/work/ozone/ozone/hadoop-ozone/integration-test/target/test-classes/webapps/static,STOPPED}
2024-03-11 08:42:20,337 [main] INFO  handler.ContextHandler (ContextHandler.java:doStop(1159)) - Stopped o.e.j.s.ServletContextHandler@4070cc26{logs,/logs,file:///home/runner/work/ozone/ozone/hadoop-ozone/integration-test/target/log,STOPPED}
2024-03-11 08:42:20,338 [main] INFO  rocksdiff.RocksDBCheckpointDiffer (RocksDBCheckpointDiffer.java:close(310)) - Shutting down CompactionDagPruningService.
2024-03-11 08:42:20,339 [main] INFO  snapshot.SnapshotDiffManager (SnapshotDiffManager.java:closeExecutorService(1657)) - Shutting down executorService: 'SnapDiffExecutor'
2024-03-11 08:42:20,340 [main] INFO  utils.BackgroundService (BackgroundService.java:shutdown(160)) - Shutting down service SnapshotDiffCleanupService
2024-03-11 08:42:20,341 [main] INFO  om.OzoneManager (OzoneManager.java:stop(2241)) - omNode-1[localhost:15262]: Stopping Ozone Manager
2024-03-11 08:42:20,341 [main] INFO  ipc.Server (Server.java:stop(3523)) - Stopping server on 15262
2024-03-11 08:42:20,343 [IPC Server listener on 15262] INFO  ipc.Server (Server.java:run(1434)) - Stopping IPC Server listener on 15262
2024-03-11 08:42:20,344 [IPC Server Responder] INFO  ipc.Server (Server.java:run(1567)) - Stopping IPC Server Responder
2024-03-11 08:42:20,344 [main] INFO  ratis.OzoneManagerRatisServer (OzoneManagerRatisServer.java:stop(594)) - Stopping org.apache.hadoop.ozone.om.ratis.OzoneManagerRatisServer@32af0de4 at port 15265
2024-03-11 08:42:20,344 [main] INFO  server.RaftServer (RaftServerProxy.java:lambda$close$9(416)) - omNode-1: close
2024-03-11 08:42:20,344 [main] INFO  server.GrpcService (GrpcService.java:closeImpl(311)) - omNode-1: shutdown server GrpcServerProtocolService now
2024-03-11 08:42:20,344 [omNode-1-impl-thread2] INFO  server.RaftServer$Division (RaftServerImpl.java:lambda$close$3(526)) - omNode-1@group-523986131536: shutdown
2024-03-11 08:42:20,345 [omNode-1-impl-thread2] INFO  util.JmxRegister (JmxRegister.java:unregister(73)) - Successfully un-registered JMX Bean with object name Ratis:service=RaftServer,group=group-523986131536,id=omNode-1
2024-03-11 08:42:20,345 [Thread-11564] INFO  server.GrpcServerProtocolClient (GrpcServerProtocolClient.java:close(103)) - omNode-3 Close channels
2024-03-11 08:42:20,345 [omNode-1-impl-thread2] INFO  impl.RoleInfo (RoleInfo.java:shutdownLeaderState(94)) - omNode-1: shutdown omNode-1@group-523986131536-LeaderStateImpl
2024-03-11 08:42:20,345 [omNode-1@group-523986131536->omNode-2-GrpcLogAppender-LogAppenderDaemon] WARN  server.GrpcLogAppender (GrpcLogAppender.java:mayWait(289)) - omNode-1@group-523986131536->omNode-2-GrpcLogAppender: Wait interrupted by java.lang.InterruptedException
2024-03-11 08:42:20,345 [Thread-11566] INFO  server.GrpcServerProtocolClient (GrpcServerProtocolClient.java:close(103)) - omNode-2 Close channels
2024-03-11 08:42:20,345 [omNode-1@group-523986131536->omNode-3-GrpcLogAppender-LogAppenderDaemon] WARN  server.GrpcLogAppender (GrpcLogAppender.java:mayWait(289)) - omNode-1@group-523986131536->omNode-3-GrpcLogAppender: Wait interrupted by java.lang.InterruptedException
2024-03-11 08:42:20,346 [omNode-1-impl-thread2] INFO  impl.PendingRequests (PendingRequests.java:sendNotLeaderResponses(289)) - omNode-1@group-523986131536-PendingRequests: sendNotLeaderResponses
2024-03-11 08:42:20,346 [grpc-default-executor-7] INFO  server.GrpcServerProtocolService (GrpcServerProtocolService.java:onCompleted(157)) - omNode-2: Completed APPEND_ENTRIES, lastRequest: null
2024-03-11 08:42:20,347 [grpc-default-executor-6] INFO  server.GrpcServerProtocolService (GrpcServerProtocolService.java:onCompleted(157)) - omNode-2: Completed APPEND_ENTRIES, lastRequest: omNode-1->omNode-2#165-t1,previous=(t:1, i:51),leaderCommit=51,initializing? false,entries: size=1, first=(t:1, i:52), METADATAENTRY(c:51)
2024-03-11 08:42:20,348 [omNode-1@group-523986131536-StateMachineUpdater] INFO  ratis.OzoneManagerStateMachine (OzoneManagerStateMachine.java:takeSnapshotImpl(467)) -  applied = (t:1, i:51)
2024-03-11 08:42:20,348 [omNode-1@group-523986131536-StateMachineUpdater] INFO  ratis.OzoneManagerStateMachine (OzoneManagerStateMachine.java:takeSnapshotImpl(468)) -  skipped = 51
2024-03-11 08:42:20,348 [omNode-1@group-523986131536-StateMachineUpdater] INFO  ratis.OzoneManagerStateMachine (OzoneManagerStateMachine.java:takeSnapshotImpl(469)) - notified = (t:1, i:52)
2024-03-11 08:42:20,348 [omNode-1@group-523986131536-StateMachineUpdater] INFO  ratis.OzoneManagerStateMachine (OzoneManagerStateMachine.java:takeSnapshotImpl(470)) - snapshot = (t:1, i:52)
2024-03-11 08:42:20,348 [grpc-default-executor-6] INFO  server.GrpcServerProtocolService (GrpcServerProtocolService.java:lambda$onCompleted$5(159)) - omNode-2: Completed APPEND_ENTRIES, lastReply: null
2024-03-11 08:42:20,348 [grpc-default-executor-3] INFO  server.GrpcLogAppender (GrpcLogAppender.java:onCompleted(546)) - omNode-1@group-523986131536->omNode-2-AppendLogResponseHandler: follower responses appendEntries COMPLETED
2024-03-11 08:42:20,348 [omNode-1-impl-thread2] INFO  impl.StateMachineUpdater (StateMachineUpdater.java:stopAndJoin(157)) - omNode-1@group-523986131536-StateMachineUpdater: set stopIndex = 52
2024-03-11 08:42:20,349 [grpc-default-executor-3] WARN  server.GrpcLogAppender (GrpcLogAppender.java:resetClient(226)) - omNode-1@group-523986131536->omNode-2-GrpcLogAppender: Failed to getClient for omNode-2
org.apache.ratis.protocol.exceptions.AlreadyClosedException: omNode-1 is already CLOSED
	at org.apache.ratis.util.PeerProxyMap$PeerAndProxy.getProxy(PeerProxyMap.java:65)
	at org.apache.ratis.util.PeerProxyMap.getProxy(PeerProxyMap.java:114)
	at org.apache.ratis.grpc.server.GrpcLogAppender.getClient(GrpcLogAppender.java:196)
	at org.apache.ratis.grpc.server.GrpcLogAppender.resetClient(GrpcLogAppender.java:201)
	at org.apache.ratis.grpc.server.GrpcLogAppender.access$800(GrpcLogAppender.java:62)
	at org.apache.ratis.grpc.server.GrpcLogAppender$AppendLogResponseHandler.onCompleted(GrpcLogAppender.java:547)
	at org.apache.ratis.thirdparty.io.grpc.stub.ClientCalls$StreamObserverToCallListenerAdapter.onClose(ClientCalls.java:479)
	at org.apache.ratis.thirdparty.io.grpc.internal.ClientCallImpl.closeObserver(ClientCallImpl.java:567)
	at org.apache.ratis.thirdparty.io.grpc.internal.ClientCallImpl.access$300(ClientCallImpl.java:71)
	at org.apache.ratis.thirdparty.io.grpc.internal.ClientCallImpl$ClientStreamListenerImpl$1StreamClosed.runInternal(ClientCallImpl.java:735)
	at org.apache.ratis.thirdparty.io.grpc.internal.ClientCallImpl$ClientStreamListenerImpl$1StreamClosed.runInContext(ClientCallImpl.java:716)
	at org.apache.ratis.thirdparty.io.grpc.internal.ContextRunnable.run(ContextRunnable.java:37)
	at org.apache.ratis.thirdparty.io.grpc.internal.SerializingExecutor.run(SerializingExecutor.java:133)
	at java.util.concurrent.ThreadPoolExecutor.runWorker(ThreadPoolExecutor.java:1149)
	at java.util.concurrent.ThreadPoolExecutor$Worker.run(ThreadPoolExecutor.java:624)
	at java.lang.Thread.run(Thread.java:750)
2024-03-11 08:42:20,350 [grpc-default-executor-7] INFO  server.GrpcServerProtocolService (GrpcServerProtocolService.java:lambda$onCompleted$5(159)) - omNode-2: Completed APPEND_ENTRIES, lastReply: serverReply {
  requestorId: "omNode-1"
  replyId: "omNode-2"
  raftGroupId {
    id: "\311\274L\364;\303<`\246kR9\206\023\0256"
  }
  callId: 410
  success: true
}
term: 1
nextIndex: 53
followerCommit: 52
matchIndex: 18446744073709551615
isHearbeat: true

2024-03-11 08:42:20,353 [main] INFO  server.GrpcService (GrpcService.java:closeImpl(320)) - omNode-1: shutdown server GrpcServerProtocolService successfully
2024-03-11 08:42:20,357 [grpc-default-executor-7] INFO  server.GrpcLogAppender (GrpcLogAppender.java:onCompleted(546)) - omNode-1@group-523986131536->omNode-2-AppendLogResponseHandler: follower responses appendEntries COMPLETED
2024-03-11 08:42:20,357 [grpc-default-executor-7] WARN  server.GrpcLogAppender (GrpcLogAppender.java:resetClient(226)) - omNode-1@group-523986131536->omNode-2-GrpcLogAppender: Failed to getClient for omNode-2
org.apache.ratis.protocol.exceptions.AlreadyClosedException: omNode-1 is already CLOSED
	at org.apache.ratis.util.PeerProxyMap$PeerAndProxy.getProxy(PeerProxyMap.java:65)
	at org.apache.ratis.util.PeerProxyMap.getProxy(PeerProxyMap.java:114)
	at org.apache.ratis.grpc.server.GrpcLogAppender.getClient(GrpcLogAppender.java:196)
	at org.apache.ratis.grpc.server.GrpcLogAppender.resetClient(GrpcLogAppender.java:201)
	at org.apache.ratis.grpc.server.GrpcLogAppender.access$800(GrpcLogAppender.java:62)
	at org.apache.ratis.grpc.server.GrpcLogAppender$AppendLogResponseHandler.onCompleted(GrpcLogAppender.java:547)
	at org.apache.ratis.thirdparty.io.grpc.stub.ClientCalls$StreamObserverToCallListenerAdapter.onClose(ClientCalls.java:479)
	at org.apache.ratis.thirdparty.io.grpc.internal.DelayedClientCall$DelayedListener$3.run(DelayedClientCall.java:489)
	at org.apache.ratis.thirdparty.io.grpc.internal.DelayedClientCall$DelayedListener.delayOrExecute(DelayedClientCall.java:453)
	at org.apache.ratis.thirdparty.io.grpc.internal.DelayedClientCall$DelayedListener.onClose(DelayedClientCall.java:486)
	at org.apache.ratis.thirdparty.io.grpc.internal.ClientCallImpl.closeObserver(ClientCallImpl.java:567)
	at org.apache.ratis.thirdparty.io.grpc.internal.ClientCallImpl.access$300(ClientCallImpl.java:71)
	at org.apache.ratis.thirdparty.io.grpc.internal.ClientCallImpl$ClientStreamListenerImpl$1StreamClosed.runInternal(ClientCallImpl.java:735)
	at org.apache.ratis.thirdparty.io.grpc.internal.ClientCallImpl$ClientStreamListenerImpl$1StreamClosed.runInContext(ClientCallImpl.java:716)
	at org.apache.ratis.thirdparty.io.grpc.internal.ContextRunnable.run(ContextRunnable.java:37)
	at org.apache.ratis.thirdparty.io.grpc.internal.SerializingExecutor.run(SerializingExecutor.java:133)
	at java.util.concurrent.ThreadPoolExecutor.runWorker(ThreadPoolExecutor.java:1149)
	at java.util.concurrent.ThreadPoolExecutor$Worker.run(ThreadPoolExecutor.java:624)
	at java.lang.Thread.run(Thread.java:750)
2024-03-11 08:42:20,357 [omNode-1@group-523986131536-StateMachineUpdater] INFO  impl.StateMachineUpdater (StateMachineUpdater.java:takeSnapshot(295)) - omNode-1@group-523986131536-StateMachineUpdater: Took a snapshot at index 52
2024-03-11 08:42:20,357 [omNode-1@group-523986131536-StateMachineUpdater] INFO  impl.StateMachineUpdater (StateMachineUpdater.java:lambda$new$0(98)) - omNode-1@group-523986131536-StateMachineUpdater: snapshotIndex: updateIncreasingly 50 -> 52
2024-03-11 08:42:20,357 [omNode-1@group-523986131536-StateMachineUpdater] INFO  ratis.OzoneManagerStateMachine (OzoneManagerStateMachine.java:close(513)) - Stopping OzoneManagerStateMachine:omNode-1:group-523986131536.
2024-03-11 08:42:20,357 [omNode-1@group-523986131536-StateMachineUpdater] INFO  ratis.OzoneManagerDoubleBuffer (OzoneManagerDoubleBuffer.java:stopDaemon(517)) - Stopping OMDoubleBuffer flush thread
2024-03-11 08:42:20,357 [omNode-1-OMDoubleBufferFlushThread] INFO  ratis.OzoneManagerDoubleBuffer (OzoneManagerDoubleBuffer.java:canFlush(581)) - OMDoubleBuffer flush thread omNode-1-OMDoubleBufferFlushThread is interrupted and will exit.
2024-03-11 08:42:20,358 [omNode-1-impl-thread2] INFO  server.RaftServer$Division (ServerState.java:close(427)) - omNode-1@group-523986131536: applyIndex: 51
2024-03-11 08:42:20,359 [omNode-1@group-523986131536-cacheEviction-AwaitToRun] INFO  util.AwaitToRun (AwaitToRun.java:run(49)) - omNode-1@group-523986131536-cacheEviction-AwaitToRun-AwaitForSignal is interrupted
2024-03-11 08:42:20,359 [omNode-1-impl-thread2] INFO  segmented.SegmentedRaftLogWorker (SegmentedRaftLogWorker.java:close(245)) - omNode-1@group-523986131536-SegmentedRaftLogWorker close()
2024-03-11 08:42:20,360 [JvmPauseMonitor70] INFO  util.JvmPauseMonitor (JvmPauseMonitor.java:run(152)) - JvmPauseMonitor-omNode-1: Stopped
2024-03-11 08:42:20,360 [main] INFO  utils.BackgroundService (BackgroundService.java:shutdown(160)) - Shutting down service KeyDeletingService
2024-03-11 08:42:20,360 [main] INFO  utils.BackgroundService (BackgroundService.java:shutdown(160)) - Shutting down service DirectoryDeletingService
2024-03-11 08:42:20,360 [main] INFO  utils.BackgroundService (BackgroundService.java:shutdown(160)) - Shutting down service OpenKeyCleanupService
2024-03-11 08:42:20,360 [main] INFO  utils.BackgroundService (BackgroundService.java:shutdown(160)) - Shutting down service SstFilteringService
2024-03-11 08:42:20,360 [main] INFO  utils.BackgroundService (BackgroundService.java:shutdown(160)) - Shutting down service SnapshotDeletingService
2024-03-11 08:42:20,361 [main] INFO  utils.BackgroundService (BackgroundService.java:shutdown(160)) - Shutting down service MultipartUploadCleanupService
2024-03-11 08:42:20,361 [main] INFO  utils.BackgroundService (BackgroundService.java:shutdown(160)) - Shutting down service SnapshotDirectoryCleaningService
2024-03-11 08:42:20,362 [main] INFO  handler.ContextHandler (ContextHandler.java:doStop(1159)) - Stopped o.e.j.w.WebAppContext@b2482f6{ozoneManager,/,null,STOPPED}{file:/home/runner/work/ozone/ozone/hadoop-ozone/integration-test/target/test-classes/webapps/ozoneManager}
2024-03-11 08:42:20,362 [main] INFO  server.AbstractConnector (AbstractConnector.java:doStop(383)) - Stopped ServerConnector@48195e21{HTTP/1.1, (http/1.1)}{0.0.0.0:15263}
2024-03-11 08:42:20,362 [main] INFO  server.session (HouseKeeper.java:stopScavenging(149)) - node0 Stopped scavenging
2024-03-11 08:42:20,363 [main] INFO  handler.ContextHandler (ContextHandler.java:doStop(1159)) - Stopped o.e.j.s.ServletContextHandler@3904657b{static,/static,file:///home/runner/work/ozone/ozone/hadoop-ozone/integration-test/target/test-classes/webapps/static,STOPPED}
2024-03-11 08:42:20,363 [main] INFO  handler.ContextHandler (ContextHandler.java:doStop(1159)) - Stopped o.e.j.s.ServletContextHandler@2d6c16fc{logs,/logs,file:///home/runner/work/ozone/ozone/hadoop-ozone/integration-test/target/log,STOPPED}
2024-03-11 08:42:20,363 [main] INFO  rocksdiff.RocksDBCheckpointDiffer (RocksDBCheckpointDiffer.java:close(310)) - Shutting down CompactionDagPruningService.
2024-03-11 08:42:20,364 [main] INFO  snapshot.SnapshotDiffManager (SnapshotDiffManager.java:closeExecutorService(1657)) - Shutting down executorService: 'SnapDiffExecutor'
2024-03-11 08:42:20,365 [main] INFO  utils.BackgroundService (BackgroundService.java:shutdown(160)) - Shutting down service SnapshotDiffCleanupService
2024-03-11 08:42:20,366 [main] INFO  om.OzoneManager (OzoneManager.java:stop(2241)) - omNode-2[localhost:15266]: Stopping Ozone Manager
2024-03-11 08:42:20,366 [main] INFO  ipc.Server (Server.java:stop(3523)) - Stopping server on 15266
2024-03-11 08:42:20,368 [IPC Server listener on 15266] INFO  ipc.Server (Server.java:run(1434)) - Stopping IPC Server listener on 15266
2024-03-11 08:42:20,369 [IPC Server Responder] INFO  ipc.Server (Server.java:run(1567)) - Stopping IPC Server Responder
2024-03-11 08:42:20,369 [main] INFO  ratis.OzoneManagerRatisServer (OzoneManagerRatisServer.java:stop(594)) - Stopping org.apache.hadoop.ozone.om.ratis.OzoneManagerRatisServer@e953912 at port 15269
2024-03-11 08:42:20,369 [main] INFO  server.RaftServer (RaftServerProxy.java:lambda$close$9(416)) - omNode-2: close
2024-03-11 08:42:20,370 [main] INFO  server.GrpcService (GrpcService.java:closeImpl(311)) - omNode-2: shutdown server GrpcServerProtocolService now
2024-03-11 08:42:20,370 [omNode-2-impl-thread2] INFO  server.RaftServer$Division (RaftServerImpl.java:lambda$close$3(526)) - omNode-2@group-523986131536: shutdown
2024-03-11 08:42:20,370 [omNode-2-impl-thread2] INFO  util.JmxRegister (JmxRegister.java:unregister(73)) - Successfully un-registered JMX Bean with object name Ratis:service=RaftServer,group=group-523986131536,id=omNode-2
2024-03-11 08:42:20,370 [omNode-2-impl-thread2] INFO  impl.RoleInfo (RoleInfo.java:shutdownFollowerState(110)) - omNode-2: shutdown omNode-2@group-523986131536-FollowerState
2024-03-11 08:42:20,370 [omNode-2@group-523986131536-FollowerState] INFO  impl.FollowerState (FollowerState.java:run(152)) - omNode-2@group-523986131536-FollowerState was interrupted
2024-03-11 08:42:20,370 [omNode-2-impl-thread2] INFO  impl.StateMachineUpdater (StateMachineUpdater.java:stopAndJoin(157)) - omNode-2@group-523986131536-StateMachineUpdater: set stopIndex = 52
2024-03-11 08:42:20,370 [omNode-2@group-523986131536-StateMachineUpdater] INFO  ratis.OzoneManagerStateMachine (OzoneManagerStateMachine.java:takeSnapshotImpl(467)) -  applied = (t:1, i:51)
2024-03-11 08:42:20,373 [main] INFO  server.GrpcService (GrpcService.java:closeImpl(320)) - omNode-2: shutdown server GrpcServerProtocolService successfully
2024-03-11 08:42:20,373 [omNode-2@group-523986131536-StateMachineUpdater] INFO  ratis.OzoneManagerStateMachine (OzoneManagerStateMachine.java:takeSnapshotImpl(468)) -  skipped = 51
2024-03-11 08:42:20,373 [omNode-2@group-523986131536-StateMachineUpdater] INFO  ratis.OzoneManagerStateMachine (OzoneManagerStateMachine.java:takeSnapshotImpl(469)) - notified = (t:1, i:52)
2024-03-11 08:42:20,373 [omNode-2@group-523986131536-StateMachineUpdater] INFO  ratis.OzoneManagerStateMachine (OzoneManagerStateMachine.java:takeSnapshotImpl(470)) - snapshot = (t:1, i:52)
2024-03-11 08:42:20,378 [omNode-2@group-523986131536-StateMachineUpdater] INFO  impl.StateMachineUpdater (StateMachineUpdater.java:takeSnapshot(295)) - omNode-2@group-523986131536-StateMachineUpdater: Took a snapshot at index 52
2024-03-11 08:42:20,378 [omNode-2@group-523986131536-StateMachineUpdater] INFO  impl.StateMachineUpdater (StateMachineUpdater.java:lambda$new$0(98)) - omNode-2@group-523986131536-StateMachineUpdater: snapshotIndex: updateIncreasingly 50 -> 52
2024-03-11 08:42:20,378 [omNode-2@group-523986131536-StateMachineUpdater] INFO  ratis.OzoneManagerStateMachine (OzoneManagerStateMachine.java:close(513)) - Stopping OzoneManagerStateMachine:omNode-2:group-523986131536.
2024-03-11 08:42:20,378 [omNode-2@group-523986131536-StateMachineUpdater] INFO  ratis.OzoneManagerDoubleBuffer (OzoneManagerDoubleBuffer.java:stopDaemon(517)) - Stopping OMDoubleBuffer flush thread
2024-03-11 08:42:20,378 [omNode-2-OMDoubleBufferFlushThread] INFO  ratis.OzoneManagerDoubleBuffer (OzoneManagerDoubleBuffer.java:canFlush(581)) - OMDoubleBuffer flush thread omNode-2-OMDoubleBufferFlushThread is interrupted and will exit.
2024-03-11 08:42:20,379 [omNode-2-impl-thread2] INFO  server.RaftServer$Division (ServerState.java:close(427)) - omNode-2@group-523986131536: applyIndex: 51
2024-03-11 08:42:20,379 [omNode-2@group-523986131536-cacheEviction-AwaitToRun] INFO  util.AwaitToRun (AwaitToRun.java:run(49)) - omNode-2@group-523986131536-cacheEviction-AwaitToRun-AwaitForSignal is interrupted
2024-03-11 08:42:21,359 [omNode-2-impl-thread2] INFO  segmented.SegmentedRaftLogWorker (SegmentedRaftLogWorker.java:close(245)) - omNode-2@group-523986131536-SegmentedRaftLogWorker close()
2024-03-11 08:42:21,360 [JvmPauseMonitor71] INFO  util.JvmPauseMonitor (JvmPauseMonitor.java:run(152)) - JvmPauseMonitor-omNode-2: Stopped
2024-03-11 08:42:21,360 [main] INFO  utils.BackgroundService (BackgroundService.java:shutdown(160)) - Shutting down service KeyDeletingService
2024-03-11 08:42:21,360 [main] INFO  utils.BackgroundService (BackgroundService.java:shutdown(160)) - Shutting down service DirectoryDeletingService
2024-03-11 08:42:21,361 [main] INFO  utils.BackgroundService (BackgroundService.java:shutdown(160)) - Shutting down service OpenKeyCleanupService
2024-03-11 08:42:21,361 [main] INFO  utils.BackgroundService (BackgroundService.java:shutdown(160)) - Shutting down service SstFilteringService
2024-03-11 08:42:21,361 [main] INFO  utils.BackgroundService (BackgroundService.java:shutdown(160)) - Shutting down service SnapshotDeletingService
2024-03-11 08:42:21,361 [main] INFO  utils.BackgroundService (BackgroundService.java:shutdown(160)) - Shutting down service MultipartUploadCleanupService
2024-03-11 08:42:21,361 [main] INFO  utils.BackgroundService (BackgroundService.java:shutdown(160)) - Shutting down service SnapshotDirectoryCleaningService
2024-03-11 08:42:21,362 [main] INFO  handler.ContextHandler (ContextHandler.java:doStop(1159)) - Stopped o.e.j.w.WebAppContext@54345067{ozoneManager,/,null,STOPPED}{file:/home/runner/work/ozone/ozone/hadoop-ozone/integration-test/target/test-classes/webapps/ozoneManager}
2024-03-11 08:42:21,363 [main] INFO  server.AbstractConnector (AbstractConnector.java:doStop(383)) - Stopped ServerConnector@51a4d6d1{HTTP/1.1, (http/1.1)}{0.0.0.0:15267}
2024-03-11 08:42:21,363 [main] INFO  server.session (HouseKeeper.java:stopScavenging(149)) - node0 Stopped scavenging
2024-03-11 08:42:21,363 [main] INFO  handler.ContextHandler (ContextHandler.java:doStop(1159)) - Stopped o.e.j.s.ServletContextHandler@4b9cdae{static,/static,file:///home/runner/work/ozone/ozone/hadoop-ozone/integration-test/target/test-classes/webapps/static,STOPPED}
2024-03-11 08:42:21,363 [main] INFO  handler.ContextHandler (ContextHandler.java:doStop(1159)) - Stopped o.e.j.s.ServletContextHandler@3766b309{logs,/logs,file:///home/runner/work/ozone/ozone/hadoop-ozone/integration-test/target/log,STOPPED}
2024-03-11 08:42:21,365 [main] INFO  rocksdiff.RocksDBCheckpointDiffer (RocksDBCheckpointDiffer.java:close(310)) - Shutting down CompactionDagPruningService.
2024-03-11 08:42:21,367 [main] INFO  snapshot.SnapshotDiffManager (SnapshotDiffManager.java:closeExecutorService(1657)) - Shutting down executorService: 'SnapDiffExecutor'
2024-03-11 08:42:21,367 [main] INFO  utils.BackgroundService (BackgroundService.java:shutdown(160)) - Shutting down service SnapshotDiffCleanupService
2024-03-11 08:42:21,368 [main] INFO  om.OzoneManager (OzoneManager.java:restart(1747)) - OzoneManager RPC server is listening at localhost/127.0.0.1:15270
2024-03-11 08:42:21,368 [main] INFO  impl.MetricsSystemImpl (MetricsSystemImpl.java:init(158)) - OzoneManager metrics system started (again)
2024-03-11 08:42:21,376 [main] WARN  server.ServerUtils (ServerUtils.java:getDBPath(299)) - ozone.om.db.dirs is not configured. We recommend adding this setting. Falling back to ozone.metadata.dirs instead.
2024-03-11 08:42:21,377 [main] INFO  helpers.OmKeyInfo (OmKeyInfo.java:getCodec(71)) - OmKeyInfo.getCodec ignorePipeline = true
2024-03-11 08:42:21,411 [main] INFO  om.OzoneManager (OzoneManager.java:instantiateServices(811)) - S3 Multi-Tenancy is disabled
2024-03-11 08:42:21,412 [main] INFO  om.OmSnapshotManager (OmSnapshotManager.java:<init>(177)) - Ozone filesystem snapshot feature is enabled.
2024-03-11 08:42:21,412 [main] WARN  server.ServerUtils (ServerUtils.java:getDBPath(299)) - ozone.om.snapshot.diff.db.dir is not configured. We recommend adding this setting. Falling back to ozone.metadata.dirs instead.
2024-03-11 08:42:21,419 [main] INFO  utils.NativeLibraryLoader (NativeLibraryLoader.java:loadLibrary(108)) - Loading Library: ozone_rocksdb_tools
2024-03-11 08:42:21,420 [main] ERROR snapshot.SnapshotDiffManager (SnapshotDiffManager.java:initNativeLibraryForEfficientDiff(287)) - Native Library for raw sst file reading loading failed.
org.apache.hadoop.hdds.utils.NativeLibraryNotLoadedException: Unable to load library ozone_rocksdb_tools from both java.library.path & resource file libozone_rocksdb_tools.so from jar.
	at org.apache.hadoop.hdds.utils.db.managed.ManagedRawSSTFileReader.loadLibrary(ManagedRawSSTFileReader.java:38)
	at org.apache.hadoop.ozone.om.snapshot.SnapshotDiffManager.initNativeLibraryForEfficientDiff(SnapshotDiffManager.java:285)
	at org.apache.hadoop.ozone.om.snapshot.SnapshotDiffManager.<init>(SnapshotDiffManager.java:259)
	at org.apache.hadoop.ozone.om.OmSnapshotManager.<init>(OmSnapshotManager.java:279)
	at org.apache.hadoop.ozone.om.OzoneManager.instantiateServices(OzoneManager.java:863)
	at org.apache.hadoop.ozone.om.OzoneManager.restart(OzoneManager.java:1752)
	at org.apache.hadoop.ozone.MiniOzoneHAClusterImpl.restartOzoneManager(MiniOzoneHAClusterImpl.java:211)
	at org.apache.hadoop.ozone.om.TestOzoneManagerPrepare.resetCluster(TestOzoneManagerPrepare.java:113)
	at sun.reflect.NativeMethodAccessorImpl.invoke0(Native Method)
	at sun.reflect.NativeMethodAccessorImpl.invoke(NativeMethodAccessorImpl.java:62)
	at sun.reflect.DelegatingMethodAccessorImpl.invoke(DelegatingMethodAccessorImpl.java:43)
	at java.lang.reflect.Method.invoke(Method.java:498)
	at org.junit.platform.commons.util.ReflectionUtils.invokeMethod(ReflectionUtils.java:728)
	at org.junit.jupiter.engine.execution.MethodInvocation.proceed(MethodInvocation.java:60)
	at org.junit.jupiter.engine.execution.InvocationInterceptorChain$ValidatingInvocation.proceed(InvocationInterceptorChain.java:131)
	at org.junit.jupiter.engine.extension.TimeoutExtension.intercept(TimeoutExtension.java:156)
	at org.junit.jupiter.engine.extension.TimeoutExtension.interceptLifecycleMethod(TimeoutExtension.java:128)
	at org.junit.jupiter.engine.extension.TimeoutExtension.interceptAfterEachMethod(TimeoutExtension.java:110)
	at org.junit.jupiter.engine.execution.InterceptingExecutableInvoker$ReflectiveInterceptorCall.lambda$ofVoidMethod$0(InterceptingExecutableInvoker.java:103)
	at org.junit.jupiter.engine.execution.InterceptingExecutableInvoker.lambda$invoke$0(InterceptingExecutableInvoker.java:93)
	at org.junit.jupiter.engine.execution.InvocationInterceptorChain$InterceptedInvocation.proceed(InvocationInterceptorChain.java:106)
	at org.junit.jupiter.engine.execution.InvocationInterceptorChain.proceed(InvocationInterceptorChain.java:64)
	at org.junit.jupiter.engine.execution.InvocationInterceptorChain.chainAndInvoke(InvocationInterceptorChain.java:45)
	at org.junit.jupiter.engine.execution.InvocationInterceptorChain.invoke(InvocationInterceptorChain.java:37)
	at org.junit.jupiter.engine.execution.InterceptingExecutableInvoker.invoke(InterceptingExecutableInvoker.java:92)
	at org.junit.jupiter.engine.execution.InterceptingExecutableInvoker.invoke(InterceptingExecutableInvoker.java:86)
	at org.junit.jupiter.engine.descriptor.ClassBasedTestDescriptor.invokeMethodInExtensionContext(ClassBasedTestDescriptor.java:521)
	at org.junit.jupiter.engine.descriptor.ClassBasedTestDescriptor.lambda$synthesizeAfterEachMethodAdapter$24(ClassBasedTestDescriptor.java:511)
	at org.junit.jupiter.engine.descriptor.TestMethodTestDescriptor.lambda$invokeAfterEachMethods$10(TestMethodTestDescriptor.java:244)
	at org.junit.jupiter.engine.descriptor.TestMethodTestDescriptor.lambda$invokeAllAfterMethodsOrCallbacks$13(TestMethodTestDescriptor.java:277)
	at org.junit.platform.engine.support.hierarchical.ThrowableCollector.execute(ThrowableCollector.java:73)
	at org.junit.jupiter.engine.descriptor.TestMethodTestDescriptor.lambda$invokeAllAfterMethodsOrCallbacks$14(TestMethodTestDescriptor.java:277)
	at org.junit.platform.commons.util.CollectionUtils.forEachInReverseOrder(CollectionUtils.java:217)
	at org.junit.jupiter.engine.descriptor.TestMethodTestDescriptor.invokeAllAfterMethodsOrCallbacks(TestMethodTestDescriptor.java:276)
	at org.junit.jupiter.engine.descriptor.TestMethodTestDescriptor.invokeAfterEachMethods(TestMethodTestDescriptor.java:242)
	at org.junit.jupiter.engine.descriptor.TestMethodTestDescriptor.execute(TestMethodTestDescriptor.java:143)
	at org.junit.jupiter.engine.descriptor.TestMethodTestDescriptor.execute(TestMethodTestDescriptor.java:69)
	at org.junit.platform.engine.support.hierarchical.NodeTestTask.lambda$executeRecursively$6(NodeTestTask.java:151)
	at org.junit.platform.engine.support.hierarchical.ThrowableCollector.execute(ThrowableCollector.java:73)
	at org.junit.platform.engine.support.hierarchical.NodeTestTask.lambda$executeRecursively$8(NodeTestTask.java:141)
	at org.junit.platform.engine.support.hierarchical.Node.around(Node.java:137)
	at org.junit.platform.engine.support.hierarchical.NodeTestTask.lambda$executeRecursively$9(NodeTestTask.java:139)
	at org.junit.platform.engine.support.hierarchical.ThrowableCollector.execute(ThrowableCollector.java:73)
	at org.junit.platform.engine.support.hierarchical.NodeTestTask.executeRecursively(NodeTestTask.java:138)
	at org.junit.platform.engine.support.hierarchical.NodeTestTask.execute(NodeTestTask.java:95)
	at java.util.ArrayList.forEach(ArrayList.java:1259)
	at org.junit.platform.engine.support.hierarchical.SameThreadHierarchicalTestExecutorService.invokeAll(SameThreadHierarchicalTestExecutorService.java:41)
	at org.junit.platform.engine.support.hierarchical.NodeTestTask.lambda$executeRecursively$6(NodeTestTask.java:155)
	at org.junit.platform.engine.support.hierarchical.ThrowableCollector.execute(ThrowableCollector.java:73)
	at org.junit.platform.engine.support.hierarchical.NodeTestTask.lambda$executeRecursively$8(NodeTestTask.java:141)
	at org.junit.platform.engine.support.hierarchical.Node.around(Node.java:137)
	at org.junit.platform.engine.support.hierarchical.NodeTestTask.lambda$executeRecursively$9(NodeTestTask.java:139)
	at org.junit.platform.engine.support.hierarchical.ThrowableCollector.execute(ThrowableCollector.java:73)
	at org.junit.platform.engine.support.hierarchical.NodeTestTask.executeRecursively(NodeTestTask.java:138)
	at org.junit.platform.engine.support.hierarchical.NodeTestTask.execute(NodeTestTask.java:95)
	at java.util.ArrayList.forEach(ArrayList.java:1259)
	at org.junit.platform.engine.support.hierarchical.SameThreadHierarchicalTestExecutorService.invokeAll(SameThreadHierarchicalTestExecutorService.java:41)
	at org.junit.platform.engine.support.hierarchical.NodeTestTask.lambda$executeRecursively$6(NodeTestTask.java:155)
	at org.junit.platform.engine.support.hierarchical.ThrowableCollector.execute(ThrowableCollector.java:73)
	at org.junit.platform.engine.support.hierarchical.NodeTestTask.lambda$executeRecursively$8(NodeTestTask.java:141)
	at org.junit.platform.engine.support.hierarchical.Node.around(Node.java:137)
	at org.junit.platform.engine.support.hierarchical.NodeTestTask.lambda$executeRecursively$9(NodeTestTask.java:139)
	at org.junit.platform.engine.support.hierarchical.ThrowableCollector.execute(ThrowableCollector.java:73)
	at org.junit.platform.engine.support.hierarchical.NodeTestTask.executeRecursively(NodeTestTask.java:138)
	at org.junit.platform.engine.support.hierarchical.NodeTestTask.execute(NodeTestTask.java:95)
	at org.junit.platform.engine.support.hierarchical.SameThreadHierarchicalTestExecutorService.submit(SameThreadHierarchicalTestExecutorService.java:35)
	at org.junit.platform.engine.support.hierarchical.HierarchicalTestExecutor.execute(HierarchicalTestExecutor.java:57)
	at org.junit.platform.engine.support.hierarchical.HierarchicalTestEngine.execute(HierarchicalTestEngine.java:54)
	at org.junit.platform.launcher.core.EngineExecutionOrchestrator.execute(EngineExecutionOrchestrator.java:198)
	at org.junit.platform.launcher.core.EngineExecutionOrchestrator.execute(EngineExecutionOrchestrator.java:169)
	at org.junit.platform.launcher.core.EngineExecutionOrchestrator.execute(EngineExecutionOrchestrator.java:93)
	at org.junit.platform.launcher.core.EngineExecutionOrchestrator.lambda$execute$0(EngineExecutionOrchestrator.java:58)
	at org.junit.platform.launcher.core.EngineExecutionOrchestrator.withInterceptedStreams(EngineExecutionOrchestrator.java:141)
	at org.junit.platform.launcher.core.EngineExecutionOrchestrator.execute(EngineExecutionOrchestrator.java:57)
	at org.junit.platform.launcher.core.DefaultLauncher.execute(DefaultLauncher.java:103)
	at org.junit.platform.launcher.core.DefaultLauncher.execute(DefaultLauncher.java:85)
	at org.junit.platform.launcher.core.DelegatingLauncher.execute(DelegatingLauncher.java:47)
	at org.junit.platform.launcher.core.SessionPerRequestLauncher.execute(SessionPerRequestLauncher.java:63)
	at org.apache.maven.surefire.junitplatform.JUnitPlatformProvider.invokeAllTests(JUnitPlatformProvider.java:165)
	at org.apache.maven.surefire.junitplatform.JUnitPlatformProvider.invoke(JUnitPlatformProvider.java:124)
	at org.apache.maven.surefire.booter.ForkedBooter.runSuitesInProcess(ForkedBooter.java:428)
	at org.apache.maven.surefire.booter.ForkedBooter.execute(ForkedBooter.java:162)
	at org.apache.maven.surefire.booter.ForkedBooter.run(ForkedBooter.java:562)
	at org.apache.maven.surefire.booter.ForkedBooter.main(ForkedBooter.java:548)
2024-03-11 08:42:21,423 [main] WARN  server.ServerUtils (ServerUtils.java:getDefaultRatisDirectory(311)) - Storage directory for Ratis is not configured. It is a good idea to map this to an SSD disk. Falling back to ozone.metadata.dirs
2024-03-11 08:42:21,424 [main] INFO  ratis.OzoneManagerRatisServer (OzoneManagerRatisServer.java:<init>(167)) - Instantiating OM Ratis server with groupID: om-service-test1 and peers: localhost:15273, localhost:15265, localhost:15269
2024-03-11 08:42:21,424 [main] INFO  ratis.OzoneManagerStateMachine (OzoneManagerStateMachine.java:loadSnapshotInfoFromDB(573)) - LastAppliedIndex is set from TransactionInfo from OM DB as (t:1, i:52)
2024-03-11 08:42:21,425 [main] INFO  server.RaftServer (ConfUtils.java:logGet(46)) - raft.rpc.type = GRPC (default)
2024-03-11 08:42:21,425 [main] INFO  grpc.GrpcConfigKeys (ConfUtils.java:logFallback(53)) - raft.grpc.admin.host = null (fallback to raft.grpc.server.host)
2024-03-11 08:42:21,425 [main] INFO  grpc.GrpcConfigKeys (ConfUtils.java:logFallback(53)) - raft.grpc.admin.port = 15273 (fallback to raft.grpc.server.port)
2024-03-11 08:42:21,425 [main] INFO  grpc.GrpcConfigKeys (ConfUtils.java:logFallback(53)) - raft.grpc.client.host = null (fallback to raft.grpc.server.host)
2024-03-11 08:42:21,425 [main] INFO  grpc.GrpcConfigKeys (ConfUtils.java:logFallback(53)) - raft.grpc.client.port = 15273 (fallback to raft.grpc.server.port)
2024-03-11 08:42:21,425 [main] INFO  grpc.GrpcConfigKeys (ConfUtils.java:logGet(46)) - raft.grpc.server.host = null (default)
2024-03-11 08:42:21,426 [main] INFO  grpc.GrpcConfigKeys (ConfUtils.java:logGet(46)) - raft.grpc.server.port = 15273 (custom)
2024-03-11 08:42:21,426 [main] INFO  server.GrpcService (ConfUtils.java:logGet(46)) - raft.grpc.message.size.max = 4194304 (custom)
2024-03-11 08:42:21,426 [main] INFO  server.RaftServerConfigKeys (ConfUtils.java:logGet(46)) - raft.server.log.appender.buffer.byte-limit = 4194304 (custom)
2024-03-11 08:42:21,426 [main] INFO  server.GrpcService (ConfUtils.java:logGet(46)) - raft.grpc.flow.control.window = 1MB (=1048576) (default)
2024-03-11 08:42:21,426 [main] INFO  server.RaftServerConfigKeys (ConfUtils.java:logGet(46)) - raft.server.rpc.request.timeout = 3000ms (default)
2024-03-11 08:42:21,426 [main] INFO  grpc.GrpcConfigKeys (ConfUtils.java:logGet(46)) - raft.grpc.server.heartbeat.channel = true (default)
2024-03-11 08:42:21,426 [main] INFO  grpc.GrpcConfigKeys (ConfUtils.java:logGet(46)) - raft.grpc.server.async.request.thread.pool.cached = true (default)
2024-03-11 08:42:21,427 [main] INFO  grpc.GrpcConfigKeys (ConfUtils.java:logGet(46)) - raft.grpc.server.async.request.thread.pool.size = 32 (default)
2024-03-11 08:42:21,427 [main] INFO  impl.DataStreamServerImpl (ConfUtils.java:logGet(46)) - raft.datastream.type = DISABLED (default)
2024-03-11 08:42:21,428 [main] INFO  server.RaftServerConfigKeys (ConfUtils.java:logGet(46)) - raft.server.sleep.deviation.threshold = 300ms (default)
2024-03-11 08:42:21,428 [main] INFO  server.RaftServerConfigKeys (ConfUtils.java:logGet(46)) - raft.server.close.threshold = 60s (default)
2024-03-11 08:42:21,428 [main] INFO  server.RaftServerConfigKeys (ConfUtils.java:logGet(46)) - raft.server.leaderelection.leader.step-down.wait-time = 10s (default)
2024-03-11 08:42:21,428 [main] INFO  server.RaftServerConfigKeys (ConfUtils.java:logGet(46)) - raft.server.storage.dir = [/home/runner/work/ozone/ozone/hadoop-ozone/integration-test/target/test-dir/MiniOzoneClusterImpl-26b6f519-45de-438b-acbb-b19d352d9476/omNode-3/ratis] (custom)
2024-03-11 08:42:21,428 [main] INFO  server.RaftServerConfigKeys (ConfUtils.java:logGet(46)) - raft.server.threadpool.proxy.cached = true (default)
2024-03-11 08:42:21,428 [main] INFO  server.RaftServerConfigKeys (ConfUtils.java:logGet(46)) - raft.server.threadpool.proxy.size = 0 (default)
2024-03-11 08:42:21,429 [omNode-3-impl-thread1] INFO  server.RaftServer (RaftServerProxy.java:initGroupDir(264)) - omNode-3: found a subdirectory /home/runner/work/ozone/ozone/hadoop-ozone/integration-test/target/test-dir/MiniOzoneClusterImpl-26b6f519-45de-438b-acbb-b19d352d9476/omNode-3/ratis/c9bc4cf4-3bc3-3c60-a66b-523986131536
2024-03-11 08:42:21,429 [main] INFO  server.RaftServer (RaftServerProxy.java:addNew(100)) - omNode-3: addNew group-523986131536:[omNode-3|localhost:15273, omNode-1|localhost:15265, omNode-2|localhost:15269] returns group-523986131536:java.util.concurrent.CompletableFuture@72b7a91b[Not completed]
2024-03-11 08:42:21,429 [main] INFO  om.OzoneManager (OzoneManager.java:initializeRatisServer(2177)) - OzoneManager Ratis server initialized at port 15273
2024-03-11 08:42:21,429 [omNode-3-groupManagement] INFO  server.RaftServer$Division (RaftServerImpl.java:<init>(256)) - omNode-3: new RaftServerImpl for group-523986131536:[omNode-3|localhost:15273, omNode-1|localhost:15265, omNode-2|localhost:15269] with OzoneManagerStateMachine:uninitialized
2024-03-11 08:42:21,429 [main] INFO  ratis.OzoneManagerRatisServer (OzoneManagerRatisServer.java:start(588)) - Starting OzoneManagerRatisServer omNode-3 at port 15273
2024-03-11 08:42:21,429 [omNode-3-groupManagement] INFO  server.RaftServerConfigKeys (ConfUtils.java:logGet(46)) - raft.server.rpc.timeout.min = 1s (custom)
2024-03-11 08:42:21,429 [omNode-3-groupManagement] INFO  server.RaftServerConfigKeys (ConfUtils.java:logGet(46)) - raft.server.rpc.timeout.max = 1200ms (custom)
2024-03-11 08:42:21,429 [omNode-3-groupManagement] INFO  server.RaftServerConfigKeys (ConfUtils.java:logGet(46)) - raft.server.rpc.sleep.time = 25ms (default)
2024-03-11 08:42:21,429 [omNode-3-groupManagement] INFO  server.RaftServerConfigKeys (ConfUtils.java:logGet(46)) - raft.server.rpc.slowness.timeout = 2s (custom)
2024-03-11 08:42:21,430 [omNode-3-groupManagement] INFO  server.RaftServerConfigKeys (ConfUtils.java:logGet(46)) - raft.server.leaderelection.leader.step-down.wait-time = 10s (default)
2024-03-11 08:42:21,430 [omNode-3-groupManagement] INFO  server.RaftServerConfigKeys (ConfUtils.java:logGet(46)) - raft.server.leaderelection.member.majority-add = false (default)
2024-03-11 08:42:21,430 [omNode-3-groupManagement] INFO  server.RaftServerConfigKeys (ConfUtils.java:logGet(46)) - raft.server.sleep.deviation.threshold = 300ms (default)
2024-03-11 08:42:21,430 [omNode-3-groupManagement] INFO  server.RaftServer$Division (ServerState.java:<init>(113)) - omNode-3@group-523986131536: ConfigurationManager, init=-1: peers:[omNode-3|localhost:15273, omNode-1|localhost:15265, omNode-2|localhost:15269]|listeners:[], old=null, confs=<EMPTY_MAP>
2024-03-11 08:42:21,430 [omNode-3-groupManagement] INFO  server.RaftServerConfigKeys (ConfUtils.java:logGet(46)) - raft.server.notification.no-leader.timeout = 2s (custom)
2024-03-11 08:42:21,430 [omNode-3-groupManagement] INFO  server.RaftServerConfigKeys (ConfUtils.java:logGet(46)) - raft.server.read.timeout = 10s (default)
2024-03-11 08:42:21,430 [omNode-3-groupManagement] INFO  server.RaftServerConfigKeys (ConfUtils.java:logGet(46)) - raft.server.retrycache.expirytime = 30000ms (custom)
2024-03-11 08:42:21,430 [omNode-3-groupManagement] INFO  server.RaftServerConfigKeys (ConfUtils.java:logGet(46)) - raft.server.retrycache.statistics.expirytime = 100ms (default)
2024-03-11 08:42:21,430 [omNode-3-groupManagement] INFO  server.RaftServerConfigKeys (ConfUtils.java:logGet(46)) - raft.server.read.option = DEFAULT (default)
2024-03-11 08:42:21,430 [omNode-3-groupManagement] INFO  server.RaftServerConfigKeys (ConfUtils.java:logGet(46)) - raft.server.read.read-after-write-consistent.write-index-cache.expiry-time = 60s (default)
2024-03-11 08:42:21,431 [omNode-3-groupManagement] INFO  server.RaftServerConfigKeys (ConfUtils.java:logGet(46)) - raft.server.rpc.request.timeout = 3000ms (default)
2024-03-11 08:42:21,431 [omNode-3-groupManagement] INFO  server.RaftServerConfigKeys (ConfUtils.java:logGet(46)) - raft.server.log.appender.install.snapshot.enabled = false (custom)
2024-03-11 08:42:21,431 [omNode-3-groupManagement] INFO  server.RaftServerConfigKeys (ConfUtils.java:logGet(46)) - raft.server.threadpool.server.cached = true (default)
2024-03-11 08:42:21,431 [omNode-3-groupManagement] INFO  server.RaftServerConfigKeys (ConfUtils.java:logGet(46)) - raft.server.threadpool.server.size = 0 (default)
2024-03-11 08:42:21,431 [omNode-3-groupManagement] INFO  server.RaftServerConfigKeys (ConfUtils.java:logGet(46)) - raft.server.threadpool.client.cached = true (default)
2024-03-11 08:42:21,431 [omNode-3-groupManagement] INFO  server.RaftServerConfigKeys (ConfUtils.java:logGet(46)) - raft.server.threadpool.client.size = 0 (default)
2024-03-11 08:42:21,431 [omNode-3-impl-thread1] INFO  server.RaftServerConfigKeys (ConfUtils.java:logGet(46)) - raft.server.storage.free-space.min = 0MB (=0) (default)
2024-03-11 08:42:21,431 [omNode-3-impl-thread1] INFO  server.RaftServerConfigKeys (ConfUtils.java:logGet(46)) - raft.server.log.corruption.policy = EXCEPTION (default)
2024-03-11 08:42:21,431 [omNode-3-impl-thread1] INFO  server.RaftServerConfigKeys (ConfUtils.java:logGet(46)) - raft.server.storage.dir = [/home/runner/work/ozone/ozone/hadoop-ozone/integration-test/target/test-dir/MiniOzoneClusterImpl-26b6f519-45de-438b-acbb-b19d352d9476/omNode-3/ratis] (custom)
2024-03-11 08:42:21,432 [omNode-3-impl-thread1] INFO  storage.RaftStorageDirectory (RaftStorageDirectoryImpl.java:tryLock(228)) - Lock on /home/runner/work/ozone/ozone/hadoop-ozone/integration-test/target/test-dir/MiniOzoneClusterImpl-26b6f519-45de-438b-acbb-b19d352d9476/omNode-3/ratis/c9bc4cf4-3bc3-3c60-a66b-523986131536/in_use.lock acquired by nodename 48108@fv-az1250-130
2024-03-11 08:42:21,432 [omNode-3-impl-thread1] INFO  storage.RaftStorage (RaftStorageImpl.java:analyzeAndRecoverStorage(119)) - Read RaftStorageMetadata{term=1, votedFor=omNode-1} from /home/runner/work/ozone/ozone/hadoop-ozone/integration-test/target/test-dir/MiniOzoneClusterImpl-26b6f519-45de-438b-acbb-b19d352d9476/omNode-3/ratis/c9bc4cf4-3bc3-3c60-a66b-523986131536/current/raft-meta
2024-03-11 08:42:21,433 [omNode-3-impl-thread1] INFO  server.RaftServer$Division (ServerState.java:setRaftConf(386)) - omNode-3@group-523986131536: set configuration 0: peers:[omNode-3|localhost:15273, omNode-1|localhost:15265, omNode-2|localhost:15269]|listeners:[], old=null
2024-03-11 08:42:21,433 [omNode-3-impl-thread1] INFO  server.RaftServerConfigKeys (ConfUtils.java:logGet(46)) - raft.server.log.use.memory = false (default)
2024-03-11 08:42:21,433 [omNode-3-impl-thread1] INFO  server.RaftServerConfigKeys (ConfUtils.java:logGet(46)) - raft.server.log.purge.gap = 50 (custom)
2024-03-11 08:42:21,433 [omNode-3-impl-thread1] INFO  server.RaftServerConfigKeys (ConfUtils.java:logGet(46)) - raft.server.log.appender.buffer.byte-limit = 4194304 (custom)
2024-03-11 08:42:21,433 [omNode-3-impl-thread1] INFO  server.RaftServerConfigKeys (ConfUtils.java:logGet(46)) - raft.server.log.statemachine.data.read.timeout = 1000ms (default)
2024-03-11 08:42:21,433 [omNode-3-impl-thread1] INFO  server.RaftServerConfigKeys (ConfUtils.java:logGet(46)) - raft.server.log.purge.preservation.log.num = 0 (default)
2024-03-11 08:42:21,434 [omNode-3-impl-thread1] INFO  server.RaftServerConfigKeys (ConfUtils.java:logGet(46)) - raft.server.log.segment.size.max = 4194304 (custom)
2024-03-11 08:42:21,434 [omNode-3-impl-thread1] INFO  server.RaftServerConfigKeys (ConfUtils.java:logGet(46)) - raft.server.log.segment.cache.num.max = 2 (custom)
2024-03-11 08:42:21,434 [omNode-3-impl-thread1] INFO  server.RaftServerConfigKeys (ConfUtils.java:logGet(46)) - raft.server.log.segment.cache.size.max = 200MB (=209715200) (default)
2024-03-11 08:42:21,434 [omNode-3-impl-thread1] INFO  server.RaftServerConfigKeys (ConfUtils.java:logGet(46)) - raft.server.log.appender.buffer.byte-limit = 4194304 (custom)
2024-03-11 08:42:21,434 [omNode-3-impl-thread1] INFO  util.AwaitToRun (AwaitToRun.java:start(81)) - Thread[omNode-3@group-523986131536-cacheEviction-AwaitToRun,5,main] started
2024-03-11 08:42:21,434 [omNode-3-impl-thread1] INFO  segmented.SegmentedRaftLogWorker (SegmentedRaftLogWorker.java:<init>(182)) - new omNode-3@group-523986131536-SegmentedRaftLogWorker for RaftStorageImpl:Storage Directory /home/runner/work/ozone/ozone/hadoop-ozone/integration-test/target/test-dir/MiniOzoneClusterImpl-26b6f519-45de-438b-acbb-b19d352d9476/omNode-3/ratis/c9bc4cf4-3bc3-3c60-a66b-523986131536
2024-03-11 08:42:21,434 [omNode-3-impl-thread1] INFO  server.RaftServerConfigKeys (ConfUtils.java:logGet(46)) - raft.server.log.queue.byte-limit = 64MB (=67108864) (default)
2024-03-11 08:42:21,434 [omNode-3-impl-thread1] INFO  server.RaftServerConfigKeys (ConfUtils.java:logGet(46)) - raft.server.log.queue.element-limit = 4096 (default)
2024-03-11 08:42:21,435 [omNode-3-impl-thread1] INFO  server.RaftServerConfigKeys (ConfUtils.java:logGet(46)) - raft.server.log.segment.size.max = 4194304 (custom)
2024-03-11 08:42:21,435 [omNode-3-impl-thread1] INFO  server.RaftServerConfigKeys (ConfUtils.java:logGet(46)) - raft.server.log.preallocated.size = 4194304 (custom)
2024-03-11 08:42:21,435 [omNode-3-impl-thread1] INFO  server.RaftServerConfigKeys (ConfUtils.java:logGet(46)) - raft.server.log.force.sync.num = 128 (default)
2024-03-11 08:42:21,435 [omNode-3-impl-thread1] INFO  server.RaftServerConfigKeys (ConfUtils.java:logGet(46)) - raft.server.log.statemachine.data.sync = true (default)
2024-03-11 08:42:21,435 [omNode-3-impl-thread1] INFO  server.RaftServerConfigKeys (ConfUtils.java:logGet(46)) - raft.server.log.statemachine.data.sync.timeout = 10s (default)
2024-03-11 08:42:21,435 [omNode-3-impl-thread1] INFO  server.RaftServerConfigKeys (ConfUtils.java:logGet(46)) - raft.server.log.statemachine.data.sync.timeout.retry = -1 (default)
2024-03-11 08:42:21,435 [omNode-3-impl-thread1] INFO  server.RaftServerConfigKeys (ConfUtils.java:logGet(46)) - raft.server.log.write.buffer.size = 4194312 (custom)
2024-03-11 08:42:21,436 [omNode-3-impl-thread1] INFO  server.RaftServerConfigKeys (ConfUtils.java:logGet(46)) - raft.server.log.appender.buffer.byte-limit = 4194304 (custom)
2024-03-11 08:42:21,436 [omNode-3-impl-thread1] INFO  server.RaftServerConfigKeys (ConfUtils.java:logGet(46)) - raft.server.log.unsafe-flush.enabled = false (default)
2024-03-11 08:42:21,436 [omNode-3-impl-thread1] INFO  server.RaftServerConfigKeys (ConfUtils.java:logGet(46)) - raft.server.log.async-flush.enabled = false (default)
2024-03-11 08:42:21,436 [omNode-3-impl-thread1] INFO  server.RaftServerConfigKeys (ConfUtils.java:logGet(46)) - raft.server.log.statemachine.data.caching.enabled = false (default)
2024-03-11 08:42:21,436 [omNode-3-impl-thread1] INFO  server.RaftServer$Division (ServerState.java:setRaftConf(386)) - omNode-3@group-523986131536: set configuration 0: peers:[omNode-3|localhost:15273, omNode-1|localhost:15265, omNode-2|localhost:15269]|listeners:[], old=null
2024-03-11 08:42:21,437 [omNode-3-impl-thread1] INFO  segmented.LogSegment (LogSegment.java:loadSegment(170)) - Successfully read 53 entries from segment file /home/runner/work/ozone/ozone/hadoop-ozone/integration-test/target/test-dir/MiniOzoneClusterImpl-26b6f519-45de-438b-acbb-b19d352d9476/omNode-3/ratis/c9bc4cf4-3bc3-3c60-a66b-523986131536/current/log_inprogress_0
2024-03-11 08:42:21,437 [omNode-3-impl-thread1] INFO  segmented.SegmentedRaftLogWorker (SegmentedRaftLogWorker.java:lambda$new$0(134)) - omNode-3@group-523986131536-SegmentedRaftLogWorker: flushIndex: setUnconditionally 0 -> 52
2024-03-11 08:42:21,437 [omNode-3-impl-thread1] INFO  segmented.SegmentedRaftLogWorker (SegmentedRaftLogWorker.java:lambda$new$0(134)) - omNode-3@group-523986131536-SegmentedRaftLogWorker: safeCacheEvictIndex: setUnconditionally 0 -> -1
2024-03-11 08:42:21,437 [omNode-3-impl-thread1] INFO  segmented.BufferedWriteChannel (BufferedWriteChannel.java:open(62)) - open log_inprogress_0 (append) at position 16845
2024-03-11 08:42:21,437 [omNode-3-impl-thread1] INFO  server.RaftServer$Division (RaftServerImpl.java:start(396)) - omNode-3@group-523986131536: start as a follower, conf=0: peers:[omNode-3|localhost:15273, omNode-1|localhost:15265, omNode-2|localhost:15269]|listeners:[], old=null
2024-03-11 08:42:21,438 [omNode-3-impl-thread1] INFO  server.RaftServer$Division (RaftServerImpl.java:setRole(383)) - omNode-3@group-523986131536: changes role from      null to FOLLOWER at term 1 for startAsFollower
2024-03-11 08:42:21,438 [omNode-3-impl-thread1] INFO  impl.RoleInfo (RoleInfo.java:updateAndGet(139)) - omNode-3: start omNode-3@group-523986131536-FollowerState
2024-03-11 08:42:21,441 [omNode-3-impl-thread1] INFO  util.JmxRegister (JmxRegister.java:tryRegister(44)) - Successfully registered JMX Bean with object name Ratis:service=RaftServer,group=group-523986131536,id=omNode-3
2024-03-11 08:42:21,441 [omNode-3-impl-thread1] INFO  server.RaftServerConfigKeys (ConfUtils.java:logGet(46)) - raft.server.snapshot.trigger-when-stop.enabled = true (default)
2024-03-11 08:42:21,441 [omNode-3-impl-thread1] INFO  server.RaftServerConfigKeys (ConfUtils.java:logGet(46)) - raft.server.snapshot.auto.trigger.enabled = true (custom)
2024-03-11 08:42:21,441 [omNode-3-impl-thread1] INFO  server.RaftServerConfigKeys (ConfUtils.java:logGet(46)) - raft.server.snapshot.auto.trigger.threshold = 50 (custom)
2024-03-11 08:42:21,441 [omNode-3-impl-thread1] INFO  server.RaftServerConfigKeys (ConfUtils.java:logGet(46)) - raft.server.snapshot.retention.file.num = -1 (default)
2024-03-11 08:42:21,441 [omNode-3-impl-thread1] INFO  server.RaftServerConfigKeys (ConfUtils.java:logGet(46)) - raft.server.log.purge.upto.snapshot.index = true (custom)
2024-03-11 08:42:21,441 [omNode-3@group-523986131536-FollowerState] INFO  server.RaftServerConfigKeys (ConfUtils.java:logFallback(53)) - raft.server.rpc.first-election.timeout.min = 1s (fallback to raft.server.rpc.timeout.min)
2024-03-11 08:42:21,441 [omNode-3@group-523986131536-FollowerState] INFO  server.RaftServerConfigKeys (ConfUtils.java:logFallback(53)) - raft.server.rpc.first-election.timeout.max = 1200ms (fallback to raft.server.rpc.timeout.max)
2024-03-11 08:42:21,442 [main] INFO  server.RaftServer (RaftServerProxy.java:startImpl(406)) - omNode-3: start RPC server
2024-03-11 08:42:21,445 [main] INFO  server.GrpcService (GrpcService.java:startImpl(302)) - omNode-3: GrpcService started, listening on 15273
2024-03-11 08:42:21,445 [main] INFO  om.OzoneManager (OzoneManager.java:getRpcServer(1231)) - Creating RPC Server
2024-03-11 08:42:21,445 [JvmPauseMonitor76] INFO  util.JvmPauseMonitor (JvmPauseMonitor.java:run(146)) - JvmPauseMonitor-omNode-3: Started
2024-03-11 08:42:21,618 [main] INFO  ipc.CallQueueManager (CallQueueManager.java:<init>(90)) - Using callQueue: class java.util.concurrent.LinkedBlockingQueue, queueCapacity: 2000, scheduler: class org.apache.hadoop.ipc.DefaultRpcScheduler, ipcBackoff: false.
2024-03-11 08:42:21,618 [main] INFO  ipc.Server (Server.java:<init>(1287)) - Listener at localhost:15270
2024-03-11 08:42:21,619 [Socket Reader #1 for port 15270] INFO  ipc.Server (Server.java:run(1323)) - Starting Socket Reader #1 for port 15270
2024-03-11 08:42:21,621 [main] INFO  http.BaseHttpServer (BaseHttpServer.java:newHttpServer2BuilderForOzone(223)) - Starting Web-server for ozoneManager at: http://0.0.0.0:15271
2024-03-11 08:42:21,621 [main] INFO  http.BaseHttpServer (BaseHttpServer.java:<init>(110)) - Hadoop Security Enabled: false Ozone Security Enabled: false Ozone HTTP Security Enabled: false 
2024-03-11 08:42:21,622 [main] WARN  server.AuthenticationFilter (AuthenticationFilter.java:constructSecretProvider(240)) - Unable to initialize FileSignerSecretProvider, falling back to use random secrets. Reason: Could not read signature secret file: /home/runner/hadoop-http-auth-signature-secret
2024-03-11 08:42:21,622 [main] INFO  http.HttpRequestLog (HttpRequestLog.java:getRequestLog(86)) - Http request log for http.requests.ozoneManager is not defined
2024-03-11 08:42:21,623 [main] INFO  http.HttpServer2 (HttpServer2.java:addGlobalFilter(1036)) - Added global filter 'safety' (class=org.apache.hadoop.hdds.server.http.HttpServer2$QuotingInputFilter)
2024-03-11 08:42:21,623 [main] INFO  http.HttpServer2 (HttpServer2.java:addFilter(1012)) - Added filter static_user_filter (class=org.apache.hadoop.http.lib.StaticUserWebFilter$StaticUserFilter) to context ozoneManager
2024-03-11 08:42:21,624 [main] INFO  http.HttpServer2 (HttpServer2.java:addFilter(1020)) - Added filter static_user_filter (class=org.apache.hadoop.http.lib.StaticUserWebFilter$StaticUserFilter) to context logs
2024-03-11 08:42:21,624 [main] INFO  http.HttpServer2 (HttpServer2.java:addFilter(1020)) - Added filter static_user_filter (class=org.apache.hadoop.http.lib.StaticUserWebFilter$StaticUserFilter) to context static
2024-03-11 08:42:21,624 [main] INFO  http.BaseHttpServer (BaseHttpServer.java:<init>(189)) - HTTP server of ozoneManager uses base directory /home/runner/work/ozone/ozone/hadoop-ozone/integration-test/target/test-dir/MiniOzoneClusterImpl-26b6f519-45de-438b-acbb-b19d352d9476/omNode-3/webserver
2024-03-11 08:42:21,624 [main] INFO  http.HttpServer2 (HttpServer2.java:bindListener(1236)) - Jetty bound to port 15271
2024-03-11 08:42:21,624 [main] INFO  server.Server (Server.java:doStart(375)) - jetty-9.4.53.v20231009; built: 2023-10-09T12:29:09.265Z; git: 27bde00a0b95a1d5bbee0eae7984f891d2d0f8c9; jvm 1.8.0_402-b06
2024-03-11 08:42:21,625 [main] INFO  server.session (DefaultSessionIdManager.java:doStart(334)) - DefaultSessionIdManager workerName=node0
2024-03-11 08:42:21,626 [main] INFO  server.session (DefaultSessionIdManager.java:doStart(339)) - No SessionScavenger set, using defaults
2024-03-11 08:42:21,626 [main] INFO  server.session (HouseKeeper.java:startScavenging(132)) - node0 Scavenging every 660000ms
2024-03-11 08:42:21,626 [main] INFO  handler.ContextHandler (ContextHandler.java:doStart(921)) - Started o.e.j.s.ServletContextHandler@2002e1b2{logs,/logs,file:///home/runner/work/ozone/ozone/hadoop-ozone/integration-test/target/log,AVAILABLE}
2024-03-11 08:42:21,627 [main] INFO  handler.ContextHandler (ContextHandler.java:doStart(921)) - Started o.e.j.s.ServletContextHandler@44db6d15{static,/static,file:///home/runner/work/ozone/ozone/hadoop-ozone/integration-test/target/test-classes/webapps/static,AVAILABLE}
2024-03-11 08:42:21,629 [main] INFO  handler.ContextHandler (ContextHandler.java:doStart(921)) - Started o.e.j.w.WebAppContext@792318c8{ozoneManager,/,file:///home/runner/work/ozone/ozone/hadoop-ozone/integration-test/target/test-classes/webapps/ozoneManager/,AVAILABLE}{file:/home/runner/work/ozone/ozone/hadoop-ozone/integration-test/target/test-classes/webapps/ozoneManager}
2024-03-11 08:42:21,630 [main] INFO  server.AbstractConnector (AbstractConnector.java:doStart(333)) - Started ServerConnector@61484cef{HTTP/1.1, (http/1.1)}{0.0.0.0:15271}
2024-03-11 08:42:21,630 [main] INFO  server.Server (Server.java:doStart(415)) - Started @956401ms
2024-03-11 08:42:21,630 [main] WARN  impl.MetricsSystemImpl (MetricsSystemImpl.java:register(279)) - Sink prometheus already exists!
2024-03-11 08:42:21,631 [main] INFO  http.BaseHttpServer (BaseHttpServer.java:updateConnectorAddress(354)) - HTTP server of ozoneManager listening at http://0.0.0.0:15271
2024-03-11 08:42:21,633 [IPC Server Responder] INFO  ipc.Server (Server.java:run(1562)) - IPC Server Responder: starting
2024-03-11 08:42:21,633 [IPC Server listener on 15270] INFO  ipc.Server (Server.java:run(1402)) - IPC Server listener on 15270: starting
2024-03-11 08:42:21,641 [main] INFO  om.OzoneManager (OzoneManager.java:startTrashEmptier(2130)) - Trash Interval set to 0. Files deleted won't move to trash
2024-03-11 08:42:21,641 [main] INFO  om.OzoneManager (OzoneManager.java:restart(1747)) - OzoneManager RPC server is listening at localhost/127.0.0.1:15262
2024-03-11 08:42:21,641 [main] INFO  impl.MetricsSystemImpl (MetricsSystemImpl.java:init(158)) - OzoneManager metrics system started (again)
2024-03-11 08:42:21,652 [main] WARN  server.ServerUtils (ServerUtils.java:getDBPath(299)) - ozone.om.db.dirs is not configured. We recommend adding this setting. Falling back to ozone.metadata.dirs instead.
2024-03-11 08:42:21,652 [main] INFO  helpers.OmKeyInfo (OmKeyInfo.java:getCodec(71)) - OmKeyInfo.getCodec ignorePipeline = true
2024-03-11 08:42:21,684 [main] INFO  om.OzoneManager (OzoneManager.java:instantiateServices(811)) - S3 Multi-Tenancy is disabled
2024-03-11 08:42:21,684 [main] INFO  om.OmSnapshotManager (OmSnapshotManager.java:<init>(177)) - Ozone filesystem snapshot feature is enabled.
2024-03-11 08:42:21,685 [main] WARN  server.ServerUtils (ServerUtils.java:getDBPath(299)) - ozone.om.snapshot.diff.db.dir is not configured. We recommend adding this setting. Falling back to ozone.metadata.dirs instead.
2024-03-11 08:42:21,692 [main] INFO  utils.NativeLibraryLoader (NativeLibraryLoader.java:loadLibrary(108)) - Loading Library: ozone_rocksdb_tools
2024-03-11 08:42:21,693 [main] ERROR snapshot.SnapshotDiffManager (SnapshotDiffManager.java:initNativeLibraryForEfficientDiff(287)) - Native Library for raw sst file reading loading failed.
org.apache.hadoop.hdds.utils.NativeLibraryNotLoadedException: Unable to load library ozone_rocksdb_tools from both java.library.path & resource file libozone_rocksdb_tools.so from jar.
	at org.apache.hadoop.hdds.utils.db.managed.ManagedRawSSTFileReader.loadLibrary(ManagedRawSSTFileReader.java:38)
	at org.apache.hadoop.ozone.om.snapshot.SnapshotDiffManager.initNativeLibraryForEfficientDiff(SnapshotDiffManager.java:285)
	at org.apache.hadoop.ozone.om.snapshot.SnapshotDiffManager.<init>(SnapshotDiffManager.java:259)
	at org.apache.hadoop.ozone.om.OmSnapshotManager.<init>(OmSnapshotManager.java:279)
	at org.apache.hadoop.ozone.om.OzoneManager.instantiateServices(OzoneManager.java:863)
	at org.apache.hadoop.ozone.om.OzoneManager.restart(OzoneManager.java:1752)
	at org.apache.hadoop.ozone.MiniOzoneHAClusterImpl.restartOzoneManager(MiniOzoneHAClusterImpl.java:211)
	at org.apache.hadoop.ozone.om.TestOzoneManagerPrepare.resetCluster(TestOzoneManagerPrepare.java:113)
	at sun.reflect.NativeMethodAccessorImpl.invoke0(Native Method)
	at sun.reflect.NativeMethodAccessorImpl.invoke(NativeMethodAccessorImpl.java:62)
	at sun.reflect.DelegatingMethodAccessorImpl.invoke(DelegatingMethodAccessorImpl.java:43)
	at java.lang.reflect.Method.invoke(Method.java:498)
	at org.junit.platform.commons.util.ReflectionUtils.invokeMethod(ReflectionUtils.java:728)
	at org.junit.jupiter.engine.execution.MethodInvocation.proceed(MethodInvocation.java:60)
	at org.junit.jupiter.engine.execution.InvocationInterceptorChain$ValidatingInvocation.proceed(InvocationInterceptorChain.java:131)
	at org.junit.jupiter.engine.extension.TimeoutExtension.intercept(TimeoutExtension.java:156)
	at org.junit.jupiter.engine.extension.TimeoutExtension.interceptLifecycleMethod(TimeoutExtension.java:128)
	at org.junit.jupiter.engine.extension.TimeoutExtension.interceptAfterEachMethod(TimeoutExtension.java:110)
	at org.junit.jupiter.engine.execution.InterceptingExecutableInvoker$ReflectiveInterceptorCall.lambda$ofVoidMethod$0(InterceptingExecutableInvoker.java:103)
	at org.junit.jupiter.engine.execution.InterceptingExecutableInvoker.lambda$invoke$0(InterceptingExecutableInvoker.java:93)
	at org.junit.jupiter.engine.execution.InvocationInterceptorChain$InterceptedInvocation.proceed(InvocationInterceptorChain.java:106)
	at org.junit.jupiter.engine.execution.InvocationInterceptorChain.proceed(InvocationInterceptorChain.java:64)
	at org.junit.jupiter.engine.execution.InvocationInterceptorChain.chainAndInvoke(InvocationInterceptorChain.java:45)
	at org.junit.jupiter.engine.execution.InvocationInterceptorChain.invoke(InvocationInterceptorChain.java:37)
	at org.junit.jupiter.engine.execution.InterceptingExecutableInvoker.invoke(InterceptingExecutableInvoker.java:92)
	at org.junit.jupiter.engine.execution.InterceptingExecutableInvoker.invoke(InterceptingExecutableInvoker.java:86)
	at org.junit.jupiter.engine.descriptor.ClassBasedTestDescriptor.invokeMethodInExtensionContext(ClassBasedTestDescriptor.java:521)
	at org.junit.jupiter.engine.descriptor.ClassBasedTestDescriptor.lambda$synthesizeAfterEachMethodAdapter$24(ClassBasedTestDescriptor.java:511)
	at org.junit.jupiter.engine.descriptor.TestMethodTestDescriptor.lambda$invokeAfterEachMethods$10(TestMethodTestDescriptor.java:244)
	at org.junit.jupiter.engine.descriptor.TestMethodTestDescriptor.lambda$invokeAllAfterMethodsOrCallbacks$13(TestMethodTestDescriptor.java:277)
	at org.junit.platform.engine.support.hierarchical.ThrowableCollector.execute(ThrowableCollector.java:73)
	at org.junit.jupiter.engine.descriptor.TestMethodTestDescriptor.lambda$invokeAllAfterMethodsOrCallbacks$14(TestMethodTestDescriptor.java:277)
	at org.junit.platform.commons.util.CollectionUtils.forEachInReverseOrder(CollectionUtils.java:217)
	at org.junit.jupiter.engine.descriptor.TestMethodTestDescriptor.invokeAllAfterMethodsOrCallbacks(TestMethodTestDescriptor.java:276)
	at org.junit.jupiter.engine.descriptor.TestMethodTestDescriptor.invokeAfterEachMethods(TestMethodTestDescriptor.java:242)
	at org.junit.jupiter.engine.descriptor.TestMethodTestDescriptor.execute(TestMethodTestDescriptor.java:143)
	at org.junit.jupiter.engine.descriptor.TestMethodTestDescriptor.execute(TestMethodTestDescriptor.java:69)
	at org.junit.platform.engine.support.hierarchical.NodeTestTask.lambda$executeRecursively$6(NodeTestTask.java:151)
	at org.junit.platform.engine.support.hierarchical.ThrowableCollector.execute(ThrowableCollector.java:73)
	at org.junit.platform.engine.support.hierarchical.NodeTestTask.lambda$executeRecursively$8(NodeTestTask.java:141)
	at org.junit.platform.engine.support.hierarchical.Node.around(Node.java:137)
	at org.junit.platform.engine.support.hierarchical.NodeTestTask.lambda$executeRecursively$9(NodeTestTask.java:139)
	at org.junit.platform.engine.support.hierarchical.ThrowableCollector.execute(ThrowableCollector.java:73)
	at org.junit.platform.engine.support.hierarchical.NodeTestTask.executeRecursively(NodeTestTask.java:138)
	at org.junit.platform.engine.support.hierarchical.NodeTestTask.execute(NodeTestTask.java:95)
	at java.util.ArrayList.forEach(ArrayList.java:1259)
	at org.junit.platform.engine.support.hierarchical.SameThreadHierarchicalTestExecutorService.invokeAll(SameThreadHierarchicalTestExecutorService.java:41)
	at org.junit.platform.engine.support.hierarchical.NodeTestTask.lambda$executeRecursively$6(NodeTestTask.java:155)
	at org.junit.platform.engine.support.hierarchical.ThrowableCollector.execute(ThrowableCollector.java:73)
	at org.junit.platform.engine.support.hierarchical.NodeTestTask.lambda$executeRecursively$8(NodeTestTask.java:141)
	at org.junit.platform.engine.support.hierarchical.Node.around(Node.java:137)
	at org.junit.platform.engine.support.hierarchical.NodeTestTask.lambda$executeRecursively$9(NodeTestTask.java:139)
	at org.junit.platform.engine.support.hierarchical.ThrowableCollector.execute(ThrowableCollector.java:73)
	at org.junit.platform.engine.support.hierarchical.NodeTestTask.executeRecursively(NodeTestTask.java:138)
	at org.junit.platform.engine.support.hierarchical.NodeTestTask.execute(NodeTestTask.java:95)
	at java.util.ArrayList.forEach(ArrayList.java:1259)
	at org.junit.platform.engine.support.hierarchical.SameThreadHierarchicalTestExecutorService.invokeAll(SameThreadHierarchicalTestExecutorService.java:41)
	at org.junit.platform.engine.support.hierarchical.NodeTestTask.lambda$executeRecursively$6(NodeTestTask.java:155)
	at org.junit.platform.engine.support.hierarchical.ThrowableCollector.execute(ThrowableCollector.java:73)
	at org.junit.platform.engine.support.hierarchical.NodeTestTask.lambda$executeRecursively$8(NodeTestTask.java:141)
	at org.junit.platform.engine.support.hierarchical.Node.around(Node.java:137)
	at org.junit.platform.engine.support.hierarchical.NodeTestTask.lambda$executeRecursively$9(NodeTestTask.java:139)
	at org.junit.platform.engine.support.hierarchical.ThrowableCollector.execute(ThrowableCollector.java:73)
	at org.junit.platform.engine.support.hierarchical.NodeTestTask.executeRecursively(NodeTestTask.java:138)
	at org.junit.platform.engine.support.hierarchical.NodeTestTask.execute(NodeTestTask.java:95)
	at org.junit.platform.engine.support.hierarchical.SameThreadHierarchicalTestExecutorService.submit(SameThreadHierarchicalTestExecutorService.java:35)
	at org.junit.platform.engine.support.hierarchical.HierarchicalTestExecutor.execute(HierarchicalTestExecutor.java:57)
	at org.junit.platform.engine.support.hierarchical.HierarchicalTestEngine.execute(HierarchicalTestEngine.java:54)
	at org.junit.platform.launcher.core.EngineExecutionOrchestrator.execute(EngineExecutionOrchestrator.java:198)
	at org.junit.platform.launcher.core.EngineExecutionOrchestrator.execute(EngineExecutionOrchestrator.java:169)
	at org.junit.platform.launcher.core.EngineExecutionOrchestrator.execute(EngineExecutionOrchestrator.java:93)
	at org.junit.platform.launcher.core.EngineExecutionOrchestrator.lambda$execute$0(EngineExecutionOrchestrator.java:58)
	at org.junit.platform.launcher.core.EngineExecutionOrchestrator.withInterceptedStreams(EngineExecutionOrchestrator.java:141)
	at org.junit.platform.launcher.core.EngineExecutionOrchestrator.execute(EngineExecutionOrchestrator.java:57)
	at org.junit.platform.launcher.core.DefaultLauncher.execute(DefaultLauncher.java:103)
	at org.junit.platform.launcher.core.DefaultLauncher.execute(DefaultLauncher.java:85)
	at org.junit.platform.launcher.core.DelegatingLauncher.execute(DelegatingLauncher.java:47)
	at org.junit.platform.launcher.core.SessionPerRequestLauncher.execute(SessionPerRequestLauncher.java:63)
	at org.apache.maven.surefire.junitplatform.JUnitPlatformProvider.invokeAllTests(JUnitPlatformProvider.java:165)
	at org.apache.maven.surefire.junitplatform.JUnitPlatformProvider.invoke(JUnitPlatformProvider.java:124)
	at org.apache.maven.surefire.booter.ForkedBooter.runSuitesInProcess(ForkedBooter.java:428)
	at org.apache.maven.surefire.booter.ForkedBooter.execute(ForkedBooter.java:162)
	at org.apache.maven.surefire.booter.ForkedBooter.run(ForkedBooter.java:562)
	at org.apache.maven.surefire.booter.ForkedBooter.main(ForkedBooter.java:548)
2024-03-11 08:42:21,694 [main] WARN  om.OzoneManager (OzoneManager.java:instantiatePrepareStateOnStartup(4553)) - Prepare marker file index 52 does not match DB prepare index 51. Writing DB index to prepare file and maintaining prepared state.
2024-03-11 08:42:21,695 [main] INFO  om.OzoneManagerPrepareState (OzoneManagerPrepareState.java:writePrepareMarkerFile(262)) - Prepare marker file written with log index 51 to file /home/runner/work/ozone/ozone/hadoop-ozone/integration-test/target/test-dir/MiniOzoneClusterImpl-26b6f519-45de-438b-acbb-b19d352d9476/omNode-1/current/prepareMarker
2024-03-11 08:42:21,697 [main] WARN  dropwizard3.Dm3MetricRegistriesImpl (Dm3MetricRegistriesImpl.java:addReporterRegistration(113)) - New reporters are added after registries were created. Some metrics will be missing from the reporter. Please add reporter before adding any new registry.
2024-03-11 08:42:21,697 [main] WARN  dropwizard3.Dm3MetricRegistriesImpl (Dm3MetricRegistriesImpl.java:addReporterRegistration(113)) - New reporters are added after registries were created. Some metrics will be missing from the reporter. Please add reporter before adding any new registry.
2024-03-11 08:42:21,698 [main] WARN  server.ServerUtils (ServerUtils.java:getDefaultRatisDirectory(311)) - Storage directory for Ratis is not configured. It is a good idea to map this to an SSD disk. Falling back to ozone.metadata.dirs
2024-03-11 08:42:21,698 [main] INFO  ratis.OzoneManagerRatisServer (OzoneManagerRatisServer.java:<init>(167)) - Instantiating OM Ratis server with groupID: om-service-test1 and peers: localhost:15265, localhost:15273, localhost:15269
2024-03-11 08:42:21,699 [main] INFO  ratis.OzoneManagerStateMachine (OzoneManagerStateMachine.java:loadSnapshotInfoFromDB(573)) - LastAppliedIndex is set from TransactionInfo from OM DB as (t:1, i:52)
2024-03-11 08:42:21,699 [main] INFO  server.RaftServer (ConfUtils.java:logGet(46)) - raft.rpc.type = GRPC (default)
2024-03-11 08:42:21,699 [main] INFO  grpc.GrpcConfigKeys (ConfUtils.java:logFallback(53)) - raft.grpc.admin.host = null (fallback to raft.grpc.server.host)
2024-03-11 08:42:21,699 [main] INFO  grpc.GrpcConfigKeys (ConfUtils.java:logFallback(53)) - raft.grpc.admin.port = 15265 (fallback to raft.grpc.server.port)
2024-03-11 08:42:21,700 [main] INFO  grpc.GrpcConfigKeys (ConfUtils.java:logFallback(53)) - raft.grpc.client.host = null (fallback to raft.grpc.server.host)
2024-03-11 08:42:21,700 [main] INFO  grpc.GrpcConfigKeys (ConfUtils.java:logFallback(53)) - raft.grpc.client.port = 15265 (fallback to raft.grpc.server.port)
2024-03-11 08:42:21,700 [main] INFO  grpc.GrpcConfigKeys (ConfUtils.java:logGet(46)) - raft.grpc.server.host = null (default)
2024-03-11 08:42:21,700 [main] INFO  grpc.GrpcConfigKeys (ConfUtils.java:logGet(46)) - raft.grpc.server.port = 15265 (custom)
2024-03-11 08:42:21,700 [main] INFO  server.GrpcService (ConfUtils.java:logGet(46)) - raft.grpc.message.size.max = 4194304 (custom)
2024-03-11 08:42:21,700 [main] INFO  server.RaftServerConfigKeys (ConfUtils.java:logGet(46)) - raft.server.log.appender.buffer.byte-limit = 4194304 (custom)
2024-03-11 08:42:21,701 [main] INFO  server.GrpcService (ConfUtils.java:logGet(46)) - raft.grpc.flow.control.window = 1MB (=1048576) (default)
2024-03-11 08:42:21,701 [main] INFO  server.RaftServerConfigKeys (ConfUtils.java:logGet(46)) - raft.server.rpc.request.timeout = 3000ms (default)
2024-03-11 08:42:21,701 [main] INFO  grpc.GrpcConfigKeys (ConfUtils.java:logGet(46)) - raft.grpc.server.heartbeat.channel = true (default)
2024-03-11 08:42:21,701 [main] INFO  grpc.GrpcConfigKeys (ConfUtils.java:logGet(46)) - raft.grpc.server.async.request.thread.pool.cached = true (default)
2024-03-11 08:42:21,701 [main] INFO  grpc.GrpcConfigKeys (ConfUtils.java:logGet(46)) - raft.grpc.server.async.request.thread.pool.size = 32 (default)
2024-03-11 08:42:21,702 [main] INFO  impl.DataStreamServerImpl (ConfUtils.java:logGet(46)) - raft.datastream.type = DISABLED (default)
2024-03-11 08:42:21,702 [main] INFO  server.RaftServerConfigKeys (ConfUtils.java:logGet(46)) - raft.server.sleep.deviation.threshold = 300ms (default)
2024-03-11 08:42:21,703 [main] INFO  server.RaftServerConfigKeys (ConfUtils.java:logGet(46)) - raft.server.close.threshold = 60s (default)
2024-03-11 08:42:21,703 [main] INFO  server.RaftServerConfigKeys (ConfUtils.java:logGet(46)) - raft.server.leaderelection.leader.step-down.wait-time = 10s (default)
2024-03-11 08:42:21,703 [main] INFO  server.RaftServerConfigKeys (ConfUtils.java:logGet(46)) - raft.server.storage.dir = [/home/runner/work/ozone/ozone/hadoop-ozone/integration-test/target/test-dir/MiniOzoneClusterImpl-26b6f519-45de-438b-acbb-b19d352d9476/omNode-1/ratis] (custom)
2024-03-11 08:42:21,703 [main] INFO  server.RaftServerConfigKeys (ConfUtils.java:logGet(46)) - raft.server.threadpool.proxy.cached = true (default)
2024-03-11 08:42:21,703 [main] INFO  server.RaftServerConfigKeys (ConfUtils.java:logGet(46)) - raft.server.threadpool.proxy.size = 0 (default)
2024-03-11 08:42:21,704 [omNode-1-impl-thread1] INFO  server.RaftServer (RaftServerProxy.java:initGroupDir(264)) - omNode-1: found a subdirectory /home/runner/work/ozone/ozone/hadoop-ozone/integration-test/target/test-dir/MiniOzoneClusterImpl-26b6f519-45de-438b-acbb-b19d352d9476/omNode-1/ratis/c9bc4cf4-3bc3-3c60-a66b-523986131536
2024-03-11 08:42:21,704 [main] INFO  server.RaftServer (RaftServerProxy.java:addNew(100)) - omNode-1: addNew group-523986131536:[omNode-3|localhost:15273, omNode-1|localhost:15265, omNode-2|localhost:15269] returns group-523986131536:java.util.concurrent.CompletableFuture@22c30907[Not completed]
2024-03-11 08:42:21,704 [main] INFO  om.OzoneManager (OzoneManager.java:initializeRatisServer(2177)) - OzoneManager Ratis server initialized at port 15265
2024-03-11 08:42:21,704 [main] INFO  ratis.OzoneManagerRatisServer (OzoneManagerRatisServer.java:start(588)) - Starting OzoneManagerRatisServer omNode-1 at port 15265
2024-03-11 08:42:21,704 [omNode-1-groupManagement] INFO  server.RaftServer$Division (RaftServerImpl.java:<init>(256)) - omNode-1: new RaftServerImpl for group-523986131536:[omNode-3|localhost:15273, omNode-1|localhost:15265, omNode-2|localhost:15269] with OzoneManagerStateMachine:uninitialized
2024-03-11 08:42:21,705 [omNode-1-groupManagement] INFO  server.RaftServerConfigKeys (ConfUtils.java:logGet(46)) - raft.server.rpc.timeout.min = 1s (custom)
2024-03-11 08:42:21,705 [omNode-1-groupManagement] INFO  server.RaftServerConfigKeys (ConfUtils.java:logGet(46)) - raft.server.rpc.timeout.max = 1200ms (custom)
2024-03-11 08:42:21,705 [omNode-1-groupManagement] INFO  server.RaftServerConfigKeys (ConfUtils.java:logGet(46)) - raft.server.rpc.sleep.time = 25ms (default)
2024-03-11 08:42:21,705 [omNode-1-groupManagement] INFO  server.RaftServerConfigKeys (ConfUtils.java:logGet(46)) - raft.server.rpc.slowness.timeout = 2s (custom)
2024-03-11 08:42:21,705 [omNode-1-groupManagement] INFO  server.RaftServerConfigKeys (ConfUtils.java:logGet(46)) - raft.server.leaderelection.leader.step-down.wait-time = 10s (default)
2024-03-11 08:42:21,705 [omNode-1-groupManagement] INFO  server.RaftServerConfigKeys (ConfUtils.java:logGet(46)) - raft.server.leaderelection.member.majority-add = false (default)
2024-03-11 08:42:21,705 [omNode-1-groupManagement] INFO  server.RaftServerConfigKeys (ConfUtils.java:logGet(46)) - raft.server.sleep.deviation.threshold = 300ms (default)
2024-03-11 08:42:21,705 [omNode-1-groupManagement] INFO  server.RaftServer$Division (ServerState.java:<init>(113)) - omNode-1@group-523986131536: ConfigurationManager, init=-1: peers:[omNode-3|localhost:15273, omNode-1|localhost:15265, omNode-2|localhost:15269]|listeners:[], old=null, confs=<EMPTY_MAP>
2024-03-11 08:42:21,705 [omNode-1-groupManagement] INFO  server.RaftServerConfigKeys (ConfUtils.java:logGet(46)) - raft.server.notification.no-leader.timeout = 2s (custom)
2024-03-11 08:42:21,705 [omNode-1-groupManagement] INFO  server.RaftServerConfigKeys (ConfUtils.java:logGet(46)) - raft.server.read.timeout = 10s (default)
2024-03-11 08:42:21,705 [omNode-1-groupManagement] INFO  server.RaftServerConfigKeys (ConfUtils.java:logGet(46)) - raft.server.retrycache.expirytime = 30000ms (custom)
2024-03-11 08:42:21,705 [omNode-1-groupManagement] INFO  server.RaftServerConfigKeys (ConfUtils.java:logGet(46)) - raft.server.retrycache.statistics.expirytime = 100ms (default)
2024-03-11 08:42:21,705 [omNode-1-groupManagement] INFO  server.RaftServerConfigKeys (ConfUtils.java:logGet(46)) - raft.server.read.option = DEFAULT (default)
2024-03-11 08:42:21,705 [omNode-1-groupManagement] INFO  server.RaftServerConfigKeys (ConfUtils.java:logGet(46)) - raft.server.read.read-after-write-consistent.write-index-cache.expiry-time = 60s (default)
2024-03-11 08:42:21,707 [omNode-1-groupManagement] INFO  server.RaftServerConfigKeys (ConfUtils.java:logGet(46)) - raft.server.rpc.request.timeout = 3000ms (default)
2024-03-11 08:42:21,707 [omNode-1-groupManagement] INFO  server.RaftServerConfigKeys (ConfUtils.java:logGet(46)) - raft.server.log.appender.install.snapshot.enabled = false (custom)
2024-03-11 08:42:21,707 [omNode-1-groupManagement] INFO  server.RaftServerConfigKeys (ConfUtils.java:logGet(46)) - raft.server.threadpool.server.cached = true (default)
2024-03-11 08:42:21,707 [omNode-1-groupManagement] INFO  server.RaftServerConfigKeys (ConfUtils.java:logGet(46)) - raft.server.threadpool.server.size = 0 (default)
2024-03-11 08:42:21,707 [omNode-1-groupManagement] INFO  server.RaftServerConfigKeys (ConfUtils.java:logGet(46)) - raft.server.threadpool.client.cached = true (default)
2024-03-11 08:42:21,707 [omNode-1-groupManagement] INFO  server.RaftServerConfigKeys (ConfUtils.java:logGet(46)) - raft.server.threadpool.client.size = 0 (default)
2024-03-11 08:42:21,707 [omNode-1-impl-thread1] INFO  server.RaftServerConfigKeys (ConfUtils.java:logGet(46)) - raft.server.storage.free-space.min = 0MB (=0) (default)
2024-03-11 08:42:21,707 [omNode-1-impl-thread1] INFO  server.RaftServerConfigKeys (ConfUtils.java:logGet(46)) - raft.server.log.corruption.policy = EXCEPTION (default)
2024-03-11 08:42:21,707 [omNode-1-impl-thread1] INFO  server.RaftServerConfigKeys (ConfUtils.java:logGet(46)) - raft.server.storage.dir = [/home/runner/work/ozone/ozone/hadoop-ozone/integration-test/target/test-dir/MiniOzoneClusterImpl-26b6f519-45de-438b-acbb-b19d352d9476/omNode-1/ratis] (custom)
2024-03-11 08:42:21,708 [omNode-1-impl-thread1] INFO  storage.RaftStorageDirectory (RaftStorageDirectoryImpl.java:tryLock(228)) - Lock on /home/runner/work/ozone/ozone/hadoop-ozone/integration-test/target/test-dir/MiniOzoneClusterImpl-26b6f519-45de-438b-acbb-b19d352d9476/omNode-1/ratis/c9bc4cf4-3bc3-3c60-a66b-523986131536/in_use.lock acquired by nodename 48108@fv-az1250-130
2024-03-11 08:42:21,708 [omNode-1-impl-thread1] INFO  storage.RaftStorage (RaftStorageImpl.java:analyzeAndRecoverStorage(119)) - Read RaftStorageMetadata{term=1, votedFor=omNode-1} from /home/runner/work/ozone/ozone/hadoop-ozone/integration-test/target/test-dir/MiniOzoneClusterImpl-26b6f519-45de-438b-acbb-b19d352d9476/omNode-1/ratis/c9bc4cf4-3bc3-3c60-a66b-523986131536/current/raft-meta
2024-03-11 08:42:21,710 [omNode-1-impl-thread1] INFO  server.RaftServer$Division (ServerState.java:setRaftConf(386)) - omNode-1@group-523986131536: set configuration 0: peers:[omNode-3|localhost:15273, omNode-1|localhost:15265, omNode-2|localhost:15269]|listeners:[], old=null
2024-03-11 08:42:21,710 [omNode-1-impl-thread1] INFO  server.RaftServerConfigKeys (ConfUtils.java:logGet(46)) - raft.server.log.use.memory = false (default)
2024-03-11 08:42:21,710 [omNode-1-impl-thread1] INFO  server.RaftServerConfigKeys (ConfUtils.java:logGet(46)) - raft.server.log.purge.gap = 50 (custom)
2024-03-11 08:42:21,710 [omNode-1-impl-thread1] INFO  server.RaftServerConfigKeys (ConfUtils.java:logGet(46)) - raft.server.log.appender.buffer.byte-limit = 4194304 (custom)
2024-03-11 08:42:21,710 [omNode-1-impl-thread1] INFO  server.RaftServerConfigKeys (ConfUtils.java:logGet(46)) - raft.server.log.statemachine.data.read.timeout = 1000ms (default)
2024-03-11 08:42:21,710 [omNode-1-impl-thread1] INFO  server.RaftServerConfigKeys (ConfUtils.java:logGet(46)) - raft.server.log.purge.preservation.log.num = 0 (default)
2024-03-11 08:42:21,710 [omNode-1-impl-thread1] INFO  server.RaftServerConfigKeys (ConfUtils.java:logGet(46)) - raft.server.log.segment.size.max = 4194304 (custom)
2024-03-11 08:42:21,710 [omNode-1-impl-thread1] INFO  server.RaftServerConfigKeys (ConfUtils.java:logGet(46)) - raft.server.log.segment.cache.num.max = 2 (custom)
2024-03-11 08:42:21,710 [omNode-1-impl-thread1] INFO  server.RaftServerConfigKeys (ConfUtils.java:logGet(46)) - raft.server.log.segment.cache.size.max = 200MB (=209715200) (default)
2024-03-11 08:42:21,710 [omNode-1-impl-thread1] INFO  server.RaftServerConfigKeys (ConfUtils.java:logGet(46)) - raft.server.log.appender.buffer.byte-limit = 4194304 (custom)
2024-03-11 08:42:21,711 [omNode-1-impl-thread1] INFO  util.AwaitToRun (AwaitToRun.java:start(81)) - Thread[omNode-1@group-523986131536-cacheEviction-AwaitToRun,5,main] started
2024-03-11 08:42:21,711 [omNode-1-impl-thread1] INFO  segmented.SegmentedRaftLogWorker (SegmentedRaftLogWorker.java:<init>(182)) - new omNode-1@group-523986131536-SegmentedRaftLogWorker for RaftStorageImpl:Storage Directory /home/runner/work/ozone/ozone/hadoop-ozone/integration-test/target/test-dir/MiniOzoneClusterImpl-26b6f519-45de-438b-acbb-b19d352d9476/omNode-1/ratis/c9bc4cf4-3bc3-3c60-a66b-523986131536
2024-03-11 08:42:21,711 [omNode-1-impl-thread1] INFO  server.RaftServerConfigKeys (ConfUtils.java:logGet(46)) - raft.server.log.queue.byte-limit = 64MB (=67108864) (default)
2024-03-11 08:42:21,711 [omNode-1-impl-thread1] INFO  server.RaftServerConfigKeys (ConfUtils.java:logGet(46)) - raft.server.log.queue.element-limit = 4096 (default)
2024-03-11 08:42:21,711 [omNode-1-impl-thread1] INFO  server.RaftServerConfigKeys (ConfUtils.java:logGet(46)) - raft.server.log.segment.size.max = 4194304 (custom)
2024-03-11 08:42:21,711 [omNode-1-impl-thread1] INFO  server.RaftServerConfigKeys (ConfUtils.java:logGet(46)) - raft.server.log.preallocated.size = 4194304 (custom)
2024-03-11 08:42:21,711 [omNode-1-impl-thread1] INFO  server.RaftServerConfigKeys (ConfUtils.java:logGet(46)) - raft.server.log.force.sync.num = 128 (default)
2024-03-11 08:42:21,711 [omNode-1-impl-thread1] INFO  server.RaftServerConfigKeys (ConfUtils.java:logGet(46)) - raft.server.log.statemachine.data.sync = true (default)
2024-03-11 08:42:21,711 [omNode-1-impl-thread1] INFO  server.RaftServerConfigKeys (ConfUtils.java:logGet(46)) - raft.server.log.statemachine.data.sync.timeout = 10s (default)
2024-03-11 08:42:21,711 [omNode-1-impl-thread1] INFO  server.RaftServerConfigKeys (ConfUtils.java:logGet(46)) - raft.server.log.statemachine.data.sync.timeout.retry = -1 (default)
2024-03-11 08:42:21,711 [omNode-1-impl-thread1] INFO  server.RaftServerConfigKeys (ConfUtils.java:logGet(46)) - raft.server.log.write.buffer.size = 4194312 (custom)
2024-03-11 08:42:21,712 [omNode-1-impl-thread1] INFO  server.RaftServerConfigKeys (ConfUtils.java:logGet(46)) - raft.server.log.appender.buffer.byte-limit = 4194304 (custom)
2024-03-11 08:42:21,712 [omNode-1-impl-thread1] INFO  server.RaftServerConfigKeys (ConfUtils.java:logGet(46)) - raft.server.log.unsafe-flush.enabled = false (default)
2024-03-11 08:42:21,712 [omNode-1-impl-thread1] INFO  server.RaftServerConfigKeys (ConfUtils.java:logGet(46)) - raft.server.log.async-flush.enabled = false (default)
2024-03-11 08:42:21,712 [omNode-1-impl-thread1] INFO  server.RaftServerConfigKeys (ConfUtils.java:logGet(46)) - raft.server.log.statemachine.data.caching.enabled = false (default)
2024-03-11 08:42:21,712 [omNode-1-impl-thread1] INFO  segmented.SegmentedRaftLogWorker (SegmentedRaftLogWorker.java:lambda$new$0(134)) - omNode-1@group-523986131536-SegmentedRaftLogWorker: flushIndex: setUnconditionally 0 -> 52
2024-03-11 08:42:21,712 [omNode-1-impl-thread1] INFO  segmented.SegmentedRaftLogWorker (SegmentedRaftLogWorker.java:lambda$new$0(134)) - omNode-1@group-523986131536-SegmentedRaftLogWorker: safeCacheEvictIndex: setUnconditionally 0 -> -1
2024-03-11 08:42:21,712 [omNode-1-impl-thread1] INFO  server.RaftServer$Division (RaftServerImpl.java:start(396)) - omNode-1@group-523986131536: start as a follower, conf=0: peers:[omNode-3|localhost:15273, omNode-1|localhost:15265, omNode-2|localhost:15269]|listeners:[], old=null
2024-03-11 08:42:21,713 [omNode-1-impl-thread1] INFO  server.RaftServer$Division (RaftServerImpl.java:setRole(383)) - omNode-1@group-523986131536: changes role from      null to FOLLOWER at term 1 for startAsFollower
2024-03-11 08:42:21,713 [omNode-1-impl-thread1] INFO  impl.RoleInfo (RoleInfo.java:updateAndGet(139)) - omNode-1: start omNode-1@group-523986131536-FollowerState
2024-03-11 08:42:21,713 [omNode-1@group-523986131536-FollowerState] INFO  server.RaftServerConfigKeys (ConfUtils.java:logFallback(53)) - raft.server.rpc.first-election.timeout.min = 1s (fallback to raft.server.rpc.timeout.min)
2024-03-11 08:42:21,713 [omNode-1-impl-thread1] INFO  util.JmxRegister (JmxRegister.java:tryRegister(44)) - Successfully registered JMX Bean with object name Ratis:service=RaftServer,group=group-523986131536,id=omNode-1
2024-03-11 08:42:21,713 [omNode-1@group-523986131536-FollowerState] INFO  server.RaftServerConfigKeys (ConfUtils.java:logFallback(53)) - raft.server.rpc.first-election.timeout.max = 1200ms (fallback to raft.server.rpc.timeout.max)
2024-03-11 08:42:21,713 [omNode-1-impl-thread1] INFO  server.RaftServerConfigKeys (ConfUtils.java:logGet(46)) - raft.server.snapshot.trigger-when-stop.enabled = true (default)
2024-03-11 08:42:21,713 [omNode-1-impl-thread1] INFO  server.RaftServerConfigKeys (ConfUtils.java:logGet(46)) - raft.server.snapshot.auto.trigger.enabled = true (custom)
2024-03-11 08:42:21,713 [omNode-1-impl-thread1] INFO  server.RaftServerConfigKeys (ConfUtils.java:logGet(46)) - raft.server.snapshot.auto.trigger.threshold = 50 (custom)
2024-03-11 08:42:21,713 [omNode-1-impl-thread1] INFO  server.RaftServerConfigKeys (ConfUtils.java:logGet(46)) - raft.server.snapshot.retention.file.num = -1 (default)
2024-03-11 08:42:21,713 [omNode-1-impl-thread1] INFO  server.RaftServerConfigKeys (ConfUtils.java:logGet(46)) - raft.server.log.purge.upto.snapshot.index = true (custom)
2024-03-11 08:42:21,713 [main] INFO  server.RaftServer (RaftServerProxy.java:startImpl(406)) - omNode-1: start RPC server
2024-03-11 08:42:21,714 [main] INFO  server.GrpcService (GrpcService.java:startImpl(302)) - omNode-1: GrpcService started, listening on 15265
2024-03-11 08:42:21,714 [main] INFO  om.OzoneManager (OzoneManager.java:getRpcServer(1231)) - Creating RPC Server
2024-03-11 08:42:21,714 [JvmPauseMonitor77] INFO  util.JvmPauseMonitor (JvmPauseMonitor.java:run(146)) - JvmPauseMonitor-omNode-1: Started
2024-03-11 08:42:21,895 [main] INFO  ipc.CallQueueManager (CallQueueManager.java:<init>(90)) - Using callQueue: class java.util.concurrent.LinkedBlockingQueue, queueCapacity: 2000, scheduler: class org.apache.hadoop.ipc.DefaultRpcScheduler, ipcBackoff: false.
2024-03-11 08:42:21,896 [main] INFO  ipc.Server (Server.java:<init>(1287)) - Listener at localhost:15262
2024-03-11 08:42:21,896 [Socket Reader #1 for port 15262] INFO  ipc.Server (Server.java:run(1323)) - Starting Socket Reader #1 for port 15262
2024-03-11 08:42:21,898 [main] INFO  http.BaseHttpServer (BaseHttpServer.java:newHttpServer2BuilderForOzone(223)) - Starting Web-server for ozoneManager at: http://0.0.0.0:15263
2024-03-11 08:42:21,898 [main] INFO  http.BaseHttpServer (BaseHttpServer.java:<init>(110)) - Hadoop Security Enabled: false Ozone Security Enabled: false Ozone HTTP Security Enabled: false 
2024-03-11 08:42:21,899 [main] WARN  server.AuthenticationFilter (AuthenticationFilter.java:constructSecretProvider(240)) - Unable to initialize FileSignerSecretProvider, falling back to use random secrets. Reason: Could not read signature secret file: /home/runner/hadoop-http-auth-signature-secret
2024-03-11 08:42:21,900 [main] INFO  http.HttpRequestLog (HttpRequestLog.java:getRequestLog(86)) - Http request log for http.requests.ozoneManager is not defined
2024-03-11 08:42:21,900 [main] INFO  http.HttpServer2 (HttpServer2.java:addGlobalFilter(1036)) - Added global filter 'safety' (class=org.apache.hadoop.hdds.server.http.HttpServer2$QuotingInputFilter)
2024-03-11 08:42:21,901 [main] INFO  http.HttpServer2 (HttpServer2.java:addFilter(1012)) - Added filter static_user_filter (class=org.apache.hadoop.http.lib.StaticUserWebFilter$StaticUserFilter) to context ozoneManager
2024-03-11 08:42:21,901 [main] INFO  http.HttpServer2 (HttpServer2.java:addFilter(1020)) - Added filter static_user_filter (class=org.apache.hadoop.http.lib.StaticUserWebFilter$StaticUserFilter) to context logs
2024-03-11 08:42:21,901 [main] INFO  http.HttpServer2 (HttpServer2.java:addFilter(1020)) - Added filter static_user_filter (class=org.apache.hadoop.http.lib.StaticUserWebFilter$StaticUserFilter) to context static
2024-03-11 08:42:21,901 [main] INFO  http.BaseHttpServer (BaseHttpServer.java:<init>(189)) - HTTP server of ozoneManager uses base directory /home/runner/work/ozone/ozone/hadoop-ozone/integration-test/target/test-dir/MiniOzoneClusterImpl-26b6f519-45de-438b-acbb-b19d352d9476/omNode-1/webserver
2024-03-11 08:42:21,902 [main] INFO  http.HttpServer2 (HttpServer2.java:bindListener(1236)) - Jetty bound to port 15263
2024-03-11 08:42:21,902 [main] INFO  server.Server (Server.java:doStart(375)) - jetty-9.4.53.v20231009; built: 2023-10-09T12:29:09.265Z; git: 27bde00a0b95a1d5bbee0eae7984f891d2d0f8c9; jvm 1.8.0_402-b06
2024-03-11 08:42:21,905 [main] INFO  server.session (DefaultSessionIdManager.java:doStart(334)) - DefaultSessionIdManager workerName=node0
2024-03-11 08:42:21,905 [main] INFO  server.session (DefaultSessionIdManager.java:doStart(339)) - No SessionScavenger set, using defaults
2024-03-11 08:42:21,905 [main] INFO  server.session (HouseKeeper.java:startScavenging(132)) - node0 Scavenging every 600000ms
2024-03-11 08:42:21,906 [main] INFO  handler.ContextHandler (ContextHandler.java:doStart(921)) - Started o.e.j.s.ServletContextHandler@20241412{logs,/logs,file:///home/runner/work/ozone/ozone/hadoop-ozone/integration-test/target/log,AVAILABLE}
2024-03-11 08:42:21,906 [main] INFO  handler.ContextHandler (ContextHandler.java:doStart(921)) - Started o.e.j.s.ServletContextHandler@7379cd4e{static,/static,file:///home/runner/work/ozone/ozone/hadoop-ozone/integration-test/target/test-classes/webapps/static,AVAILABLE}
2024-03-11 08:42:21,908 [main] INFO  handler.ContextHandler (ContextHandler.java:doStart(921)) - Started o.e.j.w.WebAppContext@144a33c4{ozoneManager,/,file:///home/runner/work/ozone/ozone/hadoop-ozone/integration-test/target/test-classes/webapps/ozoneManager/,AVAILABLE}{file:/home/runner/work/ozone/ozone/hadoop-ozone/integration-test/target/test-classes/webapps/ozoneManager}
2024-03-11 08:42:21,908 [main] INFO  server.AbstractConnector (AbstractConnector.java:doStart(333)) - Started ServerConnector@13093132{HTTP/1.1, (http/1.1)}{0.0.0.0:15263}
2024-03-11 08:42:21,908 [main] INFO  server.Server (Server.java:doStart(415)) - Started @956679ms
2024-03-11 08:42:21,908 [main] WARN  impl.MetricsSystemImpl (MetricsSystemImpl.java:register(279)) - Sink prometheus already exists!
2024-03-11 08:42:21,909 [main] INFO  http.BaseHttpServer (BaseHttpServer.java:updateConnectorAddress(354)) - HTTP server of ozoneManager listening at http://0.0.0.0:15263
2024-03-11 08:42:21,909 [IPC Server Responder] INFO  ipc.Server (Server.java:run(1562)) - IPC Server Responder: starting
2024-03-11 08:42:21,910 [IPC Server listener on 15262] INFO  ipc.Server (Server.java:run(1402)) - IPC Server listener on 15262: starting
2024-03-11 08:42:21,912 [main] INFO  om.OzoneManager (OzoneManager.java:startTrashEmptier(2130)) - Trash Interval set to 0. Files deleted won't move to trash
2024-03-11 08:42:21,912 [main] INFO  om.OzoneManager (OzoneManager.java:restart(1747)) - OzoneManager RPC server is listening at localhost/127.0.0.1:15266
2024-03-11 08:42:21,912 [main] INFO  impl.MetricsSystemImpl (MetricsSystemImpl.java:init(158)) - OzoneManager metrics system started (again)
2024-03-11 08:42:21,920 [main] WARN  server.ServerUtils (ServerUtils.java:getDBPath(299)) - ozone.om.db.dirs is not configured. We recommend adding this setting. Falling back to ozone.metadata.dirs instead.
2024-03-11 08:42:21,920 [main] INFO  helpers.OmKeyInfo (OmKeyInfo.java:getCodec(71)) - OmKeyInfo.getCodec ignorePipeline = true
2024-03-11 08:42:21,952 [main] INFO  om.OzoneManager (OzoneManager.java:instantiateServices(811)) - S3 Multi-Tenancy is disabled
2024-03-11 08:42:21,953 [main] INFO  om.OmSnapshotManager (OmSnapshotManager.java:<init>(177)) - Ozone filesystem snapshot feature is enabled.
2024-03-11 08:42:21,953 [main] WARN  server.ServerUtils (ServerUtils.java:getDBPath(299)) - ozone.om.snapshot.diff.db.dir is not configured. We recommend adding this setting. Falling back to ozone.metadata.dirs instead.
2024-03-11 08:42:21,961 [main] INFO  utils.NativeLibraryLoader (NativeLibraryLoader.java:loadLibrary(108)) - Loading Library: ozone_rocksdb_tools
2024-03-11 08:42:21,961 [main] ERROR snapshot.SnapshotDiffManager (SnapshotDiffManager.java:initNativeLibraryForEfficientDiff(287)) - Native Library for raw sst file reading loading failed.
org.apache.hadoop.hdds.utils.NativeLibraryNotLoadedException: Unable to load library ozone_rocksdb_tools from both java.library.path & resource file libozone_rocksdb_tools.so from jar.
	at org.apache.hadoop.hdds.utils.db.managed.ManagedRawSSTFileReader.loadLibrary(ManagedRawSSTFileReader.java:38)
	at org.apache.hadoop.ozone.om.snapshot.SnapshotDiffManager.initNativeLibraryForEfficientDiff(SnapshotDiffManager.java:285)
	at org.apache.hadoop.ozone.om.snapshot.SnapshotDiffManager.<init>(SnapshotDiffManager.java:259)
	at org.apache.hadoop.ozone.om.OmSnapshotManager.<init>(OmSnapshotManager.java:279)
	at org.apache.hadoop.ozone.om.OzoneManager.instantiateServices(OzoneManager.java:863)
	at org.apache.hadoop.ozone.om.OzoneManager.restart(OzoneManager.java:1752)
	at org.apache.hadoop.ozone.MiniOzoneHAClusterImpl.restartOzoneManager(MiniOzoneHAClusterImpl.java:211)
	at org.apache.hadoop.ozone.om.TestOzoneManagerPrepare.resetCluster(TestOzoneManagerPrepare.java:113)
	at sun.reflect.NativeMethodAccessorImpl.invoke0(Native Method)
	at sun.reflect.NativeMethodAccessorImpl.invoke(NativeMethodAccessorImpl.java:62)
	at sun.reflect.DelegatingMethodAccessorImpl.invoke(DelegatingMethodAccessorImpl.java:43)
	at java.lang.reflect.Method.invoke(Method.java:498)
	at org.junit.platform.commons.util.ReflectionUtils.invokeMethod(ReflectionUtils.java:728)
	at org.junit.jupiter.engine.execution.MethodInvocation.proceed(MethodInvocation.java:60)
	at org.junit.jupiter.engine.execution.InvocationInterceptorChain$ValidatingInvocation.proceed(InvocationInterceptorChain.java:131)
	at org.junit.jupiter.engine.extension.TimeoutExtension.intercept(TimeoutExtension.java:156)
	at org.junit.jupiter.engine.extension.TimeoutExtension.interceptLifecycleMethod(TimeoutExtension.java:128)
	at org.junit.jupiter.engine.extension.TimeoutExtension.interceptAfterEachMethod(TimeoutExtension.java:110)
	at org.junit.jupiter.engine.execution.InterceptingExecutableInvoker$ReflectiveInterceptorCall.lambda$ofVoidMethod$0(InterceptingExecutableInvoker.java:103)
	at org.junit.jupiter.engine.execution.InterceptingExecutableInvoker.lambda$invoke$0(InterceptingExecutableInvoker.java:93)
	at org.junit.jupiter.engine.execution.InvocationInterceptorChain$InterceptedInvocation.proceed(InvocationInterceptorChain.java:106)
	at org.junit.jupiter.engine.execution.InvocationInterceptorChain.proceed(InvocationInterceptorChain.java:64)
	at org.junit.jupiter.engine.execution.InvocationInterceptorChain.chainAndInvoke(InvocationInterceptorChain.java:45)
	at org.junit.jupiter.engine.execution.InvocationInterceptorChain.invoke(InvocationInterceptorChain.java:37)
	at org.junit.jupiter.engine.execution.InterceptingExecutableInvoker.invoke(InterceptingExecutableInvoker.java:92)
	at org.junit.jupiter.engine.execution.InterceptingExecutableInvoker.invoke(InterceptingExecutableInvoker.java:86)
	at org.junit.jupiter.engine.descriptor.ClassBasedTestDescriptor.invokeMethodInExtensionContext(ClassBasedTestDescriptor.java:521)
	at org.junit.jupiter.engine.descriptor.ClassBasedTestDescriptor.lambda$synthesizeAfterEachMethodAdapter$24(ClassBasedTestDescriptor.java:511)
	at org.junit.jupiter.engine.descriptor.TestMethodTestDescriptor.lambda$invokeAfterEachMethods$10(TestMethodTestDescriptor.java:244)
	at org.junit.jupiter.engine.descriptor.TestMethodTestDescriptor.lambda$invokeAllAfterMethodsOrCallbacks$13(TestMethodTestDescriptor.java:277)
	at org.junit.platform.engine.support.hierarchical.ThrowableCollector.execute(ThrowableCollector.java:73)
	at org.junit.jupiter.engine.descriptor.TestMethodTestDescriptor.lambda$invokeAllAfterMethodsOrCallbacks$14(TestMethodTestDescriptor.java:277)
	at org.junit.platform.commons.util.CollectionUtils.forEachInReverseOrder(CollectionUtils.java:217)
	at org.junit.jupiter.engine.descriptor.TestMethodTestDescriptor.invokeAllAfterMethodsOrCallbacks(TestMethodTestDescriptor.java:276)
	at org.junit.jupiter.engine.descriptor.TestMethodTestDescriptor.invokeAfterEachMethods(TestMethodTestDescriptor.java:242)
	at org.junit.jupiter.engine.descriptor.TestMethodTestDescriptor.execute(TestMethodTestDescriptor.java:143)
	at org.junit.jupiter.engine.descriptor.TestMethodTestDescriptor.execute(TestMethodTestDescriptor.java:69)
	at org.junit.platform.engine.support.hierarchical.NodeTestTask.lambda$executeRecursively$6(NodeTestTask.java:151)
	at org.junit.platform.engine.support.hierarchical.ThrowableCollector.execute(ThrowableCollector.java:73)
	at org.junit.platform.engine.support.hierarchical.NodeTestTask.lambda$executeRecursively$8(NodeTestTask.java:141)
	at org.junit.platform.engine.support.hierarchical.Node.around(Node.java:137)
	at org.junit.platform.engine.support.hierarchical.NodeTestTask.lambda$executeRecursively$9(NodeTestTask.java:139)
	at org.junit.platform.engine.support.hierarchical.ThrowableCollector.execute(ThrowableCollector.java:73)
	at org.junit.platform.engine.support.hierarchical.NodeTestTask.executeRecursively(NodeTestTask.java:138)
	at org.junit.platform.engine.support.hierarchical.NodeTestTask.execute(NodeTestTask.java:95)
	at java.util.ArrayList.forEach(ArrayList.java:1259)
	at org.junit.platform.engine.support.hierarchical.SameThreadHierarchicalTestExecutorService.invokeAll(SameThreadHierarchicalTestExecutorService.java:41)
	at org.junit.platform.engine.support.hierarchical.NodeTestTask.lambda$executeRecursively$6(NodeTestTask.java:155)
	at org.junit.platform.engine.support.hierarchical.ThrowableCollector.execute(ThrowableCollector.java:73)
	at org.junit.platform.engine.support.hierarchical.NodeTestTask.lambda$executeRecursively$8(NodeTestTask.java:141)
	at org.junit.platform.engine.support.hierarchical.Node.around(Node.java:137)
	at org.junit.platform.engine.support.hierarchical.NodeTestTask.lambda$executeRecursively$9(NodeTestTask.java:139)
	at org.junit.platform.engine.support.hierarchical.ThrowableCollector.execute(ThrowableCollector.java:73)
	at org.junit.platform.engine.support.hierarchical.NodeTestTask.executeRecursively(NodeTestTask.java:138)
	at org.junit.platform.engine.support.hierarchical.NodeTestTask.execute(NodeTestTask.java:95)
	at java.util.ArrayList.forEach(ArrayList.java:1259)
	at org.junit.platform.engine.support.hierarchical.SameThreadHierarchicalTestExecutorService.invokeAll(SameThreadHierarchicalTestExecutorService.java:41)
	at org.junit.platform.engine.support.hierarchical.NodeTestTask.lambda$executeRecursively$6(NodeTestTask.java:155)
	at org.junit.platform.engine.support.hierarchical.ThrowableCollector.execute(ThrowableCollector.java:73)
	at org.junit.platform.engine.support.hierarchical.NodeTestTask.lambda$executeRecursively$8(NodeTestTask.java:141)
	at org.junit.platform.engine.support.hierarchical.Node.around(Node.java:137)
	at org.junit.platform.engine.support.hierarchical.NodeTestTask.lambda$executeRecursively$9(NodeTestTask.java:139)
	at org.junit.platform.engine.support.hierarchical.ThrowableCollector.execute(ThrowableCollector.java:73)
	at org.junit.platform.engine.support.hierarchical.NodeTestTask.executeRecursively(NodeTestTask.java:138)
	at org.junit.platform.engine.support.hierarchical.NodeTestTask.execute(NodeTestTask.java:95)
	at org.junit.platform.engine.support.hierarchical.SameThreadHierarchicalTestExecutorService.submit(SameThreadHierarchicalTestExecutorService.java:35)
	at org.junit.platform.engine.support.hierarchical.HierarchicalTestExecutor.execute(HierarchicalTestExecutor.java:57)
	at org.junit.platform.engine.support.hierarchical.HierarchicalTestEngine.execute(HierarchicalTestEngine.java:54)
	at org.junit.platform.launcher.core.EngineExecutionOrchestrator.execute(EngineExecutionOrchestrator.java:198)
	at org.junit.platform.launcher.core.EngineExecutionOrchestrator.execute(EngineExecutionOrchestrator.java:169)
	at org.junit.platform.launcher.core.EngineExecutionOrchestrator.execute(EngineExecutionOrchestrator.java:93)
	at org.junit.platform.launcher.core.EngineExecutionOrchestrator.lambda$execute$0(EngineExecutionOrchestrator.java:58)
	at org.junit.platform.launcher.core.EngineExecutionOrchestrator.withInterceptedStreams(EngineExecutionOrchestrator.java:141)
	at org.junit.platform.launcher.core.EngineExecutionOrchestrator.execute(EngineExecutionOrchestrator.java:57)
	at org.junit.platform.launcher.core.DefaultLauncher.execute(DefaultLauncher.java:103)
	at org.junit.platform.launcher.core.DefaultLauncher.execute(DefaultLauncher.java:85)
	at org.junit.platform.launcher.core.DelegatingLauncher.execute(DelegatingLauncher.java:47)
	at org.junit.platform.launcher.core.SessionPerRequestLauncher.execute(SessionPerRequestLauncher.java:63)
	at org.apache.maven.surefire.junitplatform.JUnitPlatformProvider.invokeAllTests(JUnitPlatformProvider.java:165)
	at org.apache.maven.surefire.junitplatform.JUnitPlatformProvider.invoke(JUnitPlatformProvider.java:124)
	at org.apache.maven.surefire.booter.ForkedBooter.runSuitesInProcess(ForkedBooter.java:428)
	at org.apache.maven.surefire.booter.ForkedBooter.execute(ForkedBooter.java:162)
	at org.apache.maven.surefire.booter.ForkedBooter.run(ForkedBooter.java:562)
	at org.apache.maven.surefire.booter.ForkedBooter.main(ForkedBooter.java:548)
2024-03-11 08:42:21,963 [main] WARN  om.OzoneManager (OzoneManager.java:instantiatePrepareStateOnStartup(4553)) - Prepare marker file index 52 does not match DB prepare index 51. Writing DB index to prepare file and maintaining prepared state.
2024-03-11 08:42:21,963 [main] INFO  om.OzoneManagerPrepareState (OzoneManagerPrepareState.java:writePrepareMarkerFile(262)) - Prepare marker file written with log index 51 to file /home/runner/work/ozone/ozone/hadoop-ozone/integration-test/target/test-dir/MiniOzoneClusterImpl-26b6f519-45de-438b-acbb-b19d352d9476/omNode-2/current/prepareMarker
2024-03-11 08:42:21,966 [main] WARN  dropwizard3.Dm3MetricRegistriesImpl (Dm3MetricRegistriesImpl.java:addReporterRegistration(113)) - New reporters are added after registries were created. Some metrics will be missing from the reporter. Please add reporter before adding any new registry.
2024-03-11 08:42:21,966 [main] WARN  dropwizard3.Dm3MetricRegistriesImpl (Dm3MetricRegistriesImpl.java:addReporterRegistration(113)) - New reporters are added after registries were created. Some metrics will be missing from the reporter. Please add reporter before adding any new registry.
2024-03-11 08:42:21,966 [main] WARN  server.ServerUtils (ServerUtils.java:getDefaultRatisDirectory(311)) - Storage directory for Ratis is not configured. It is a good idea to map this to an SSD disk. Falling back to ozone.metadata.dirs
2024-03-11 08:42:21,967 [main] INFO  ratis.OzoneManagerRatisServer (OzoneManagerRatisServer.java:<init>(167)) - Instantiating OM Ratis server with groupID: om-service-test1 and peers: localhost:15269, localhost:15273, localhost:15265
2024-03-11 08:42:21,967 [main] INFO  ratis.OzoneManagerStateMachine (OzoneManagerStateMachine.java:loadSnapshotInfoFromDB(573)) - LastAppliedIndex is set from TransactionInfo from OM DB as (t:1, i:52)
2024-03-11 08:42:21,967 [main] INFO  server.RaftServer (ConfUtils.java:logGet(46)) - raft.rpc.type = GRPC (default)
2024-03-11 08:42:21,967 [main] INFO  grpc.GrpcConfigKeys (ConfUtils.java:logFallback(53)) - raft.grpc.admin.host = null (fallback to raft.grpc.server.host)
2024-03-11 08:42:21,968 [main] INFO  grpc.GrpcConfigKeys (ConfUtils.java:logFallback(53)) - raft.grpc.admin.port = 15269 (fallback to raft.grpc.server.port)
2024-03-11 08:42:21,968 [main] INFO  grpc.GrpcConfigKeys (ConfUtils.java:logFallback(53)) - raft.grpc.client.host = null (fallback to raft.grpc.server.host)
2024-03-11 08:42:21,968 [main] INFO  grpc.GrpcConfigKeys (ConfUtils.java:logFallback(53)) - raft.grpc.client.port = 15269 (fallback to raft.grpc.server.port)
2024-03-11 08:42:21,968 [main] INFO  grpc.GrpcConfigKeys (ConfUtils.java:logGet(46)) - raft.grpc.server.host = null (default)
2024-03-11 08:42:21,968 [main] INFO  grpc.GrpcConfigKeys (ConfUtils.java:logGet(46)) - raft.grpc.server.port = 15269 (custom)
2024-03-11 08:42:21,968 [main] INFO  server.GrpcService (ConfUtils.java:logGet(46)) - raft.grpc.message.size.max = 4194304 (custom)
2024-03-11 08:42:21,968 [main] INFO  server.RaftServerConfigKeys (ConfUtils.java:logGet(46)) - raft.server.log.appender.buffer.byte-limit = 4194304 (custom)
2024-03-11 08:42:21,968 [main] INFO  server.GrpcService (ConfUtils.java:logGet(46)) - raft.grpc.flow.control.window = 1MB (=1048576) (default)
2024-03-11 08:42:21,968 [main] INFO  server.RaftServerConfigKeys (ConfUtils.java:logGet(46)) - raft.server.rpc.request.timeout = 3000ms (default)
2024-03-11 08:42:21,969 [main] INFO  grpc.GrpcConfigKeys (ConfUtils.java:logGet(46)) - raft.grpc.server.heartbeat.channel = true (default)
2024-03-11 08:42:21,969 [main] INFO  grpc.GrpcConfigKeys (ConfUtils.java:logGet(46)) - raft.grpc.server.async.request.thread.pool.cached = true (default)
2024-03-11 08:42:21,969 [main] INFO  grpc.GrpcConfigKeys (ConfUtils.java:logGet(46)) - raft.grpc.server.async.request.thread.pool.size = 32 (default)
2024-03-11 08:42:21,970 [main] INFO  impl.DataStreamServerImpl (ConfUtils.java:logGet(46)) - raft.datastream.type = DISABLED (default)
2024-03-11 08:42:21,970 [main] INFO  server.RaftServerConfigKeys (ConfUtils.java:logGet(46)) - raft.server.sleep.deviation.threshold = 300ms (default)
2024-03-11 08:42:21,970 [main] INFO  server.RaftServerConfigKeys (ConfUtils.java:logGet(46)) - raft.server.close.threshold = 60s (default)
2024-03-11 08:42:21,970 [main] INFO  server.RaftServerConfigKeys (ConfUtils.java:logGet(46)) - raft.server.leaderelection.leader.step-down.wait-time = 10s (default)
2024-03-11 08:42:21,970 [main] INFO  server.RaftServerConfigKeys (ConfUtils.java:logGet(46)) - raft.server.storage.dir = [/home/runner/work/ozone/ozone/hadoop-ozone/integration-test/target/test-dir/MiniOzoneClusterImpl-26b6f519-45de-438b-acbb-b19d352d9476/omNode-2/ratis] (custom)
2024-03-11 08:42:21,970 [main] INFO  server.RaftServerConfigKeys (ConfUtils.java:logGet(46)) - raft.server.threadpool.proxy.cached = true (default)
2024-03-11 08:42:21,971 [main] INFO  server.RaftServerConfigKeys (ConfUtils.java:logGet(46)) - raft.server.threadpool.proxy.size = 0 (default)
2024-03-11 08:42:21,971 [omNode-2-impl-thread1] INFO  server.RaftServer (RaftServerProxy.java:initGroupDir(264)) - omNode-2: found a subdirectory /home/runner/work/ozone/ozone/hadoop-ozone/integration-test/target/test-dir/MiniOzoneClusterImpl-26b6f519-45de-438b-acbb-b19d352d9476/omNode-2/ratis/c9bc4cf4-3bc3-3c60-a66b-523986131536
2024-03-11 08:42:21,971 [main] INFO  server.RaftServer (RaftServerProxy.java:addNew(100)) - omNode-2: addNew group-523986131536:[omNode-3|localhost:15273, omNode-1|localhost:15265, omNode-2|localhost:15269] returns group-523986131536:java.util.concurrent.CompletableFuture@66e7a5b2[Not completed]
2024-03-11 08:42:21,971 [main] INFO  om.OzoneManager (OzoneManager.java:initializeRatisServer(2177)) - OzoneManager Ratis server initialized at port 15269
2024-03-11 08:42:21,971 [main] INFO  ratis.OzoneManagerRatisServer (OzoneManagerRatisServer.java:start(588)) - Starting OzoneManagerRatisServer omNode-2 at port 15269
2024-03-11 08:42:21,971 [omNode-2-groupManagement] INFO  server.RaftServer$Division (RaftServerImpl.java:<init>(256)) - omNode-2: new RaftServerImpl for group-523986131536:[omNode-3|localhost:15273, omNode-1|localhost:15265, omNode-2|localhost:15269] with OzoneManagerStateMachine:uninitialized
2024-03-11 08:42:21,972 [omNode-2-groupManagement] INFO  server.RaftServerConfigKeys (ConfUtils.java:logGet(46)) - raft.server.rpc.timeout.min = 1s (custom)
2024-03-11 08:42:21,972 [omNode-2-groupManagement] INFO  server.RaftServerConfigKeys (ConfUtils.java:logGet(46)) - raft.server.rpc.timeout.max = 1200ms (custom)
2024-03-11 08:42:21,972 [omNode-2-groupManagement] INFO  server.RaftServerConfigKeys (ConfUtils.java:logGet(46)) - raft.server.rpc.sleep.time = 25ms (default)
2024-03-11 08:42:21,972 [omNode-2-groupManagement] INFO  server.RaftServerConfigKeys (ConfUtils.java:logGet(46)) - raft.server.rpc.slowness.timeout = 2s (custom)
2024-03-11 08:42:21,972 [omNode-2-groupManagement] INFO  server.RaftServerConfigKeys (ConfUtils.java:logGet(46)) - raft.server.leaderelection.leader.step-down.wait-time = 10s (default)
2024-03-11 08:42:21,972 [omNode-2-groupManagement] INFO  server.RaftServerConfigKeys (ConfUtils.java:logGet(46)) - raft.server.leaderelection.member.majority-add = false (default)
2024-03-11 08:42:21,972 [omNode-2-groupManagement] INFO  server.RaftServerConfigKeys (ConfUtils.java:logGet(46)) - raft.server.sleep.deviation.threshold = 300ms (default)
2024-03-11 08:42:21,972 [omNode-2-groupManagement] INFO  server.RaftServer$Division (ServerState.java:<init>(113)) - omNode-2@group-523986131536: ConfigurationManager, init=-1: peers:[omNode-3|localhost:15273, omNode-1|localhost:15265, omNode-2|localhost:15269]|listeners:[], old=null, confs=<EMPTY_MAP>
2024-03-11 08:42:21,972 [omNode-2-groupManagement] INFO  server.RaftServerConfigKeys (ConfUtils.java:logGet(46)) - raft.server.notification.no-leader.timeout = 2s (custom)
2024-03-11 08:42:21,972 [omNode-2-groupManagement] INFO  server.RaftServerConfigKeys (ConfUtils.java:logGet(46)) - raft.server.read.timeout = 10s (default)
2024-03-11 08:42:21,972 [omNode-2-groupManagement] INFO  server.RaftServerConfigKeys (ConfUtils.java:logGet(46)) - raft.server.retrycache.expirytime = 30000ms (custom)
2024-03-11 08:42:21,972 [omNode-2-groupManagement] INFO  server.RaftServerConfigKeys (ConfUtils.java:logGet(46)) - raft.server.retrycache.statistics.expirytime = 100ms (default)
2024-03-11 08:42:21,972 [omNode-2-groupManagement] INFO  server.RaftServerConfigKeys (ConfUtils.java:logGet(46)) - raft.server.read.option = DEFAULT (default)
2024-03-11 08:42:21,972 [omNode-2-groupManagement] INFO  server.RaftServerConfigKeys (ConfUtils.java:logGet(46)) - raft.server.read.read-after-write-consistent.write-index-cache.expiry-time = 60s (default)
2024-03-11 08:42:21,974 [omNode-2-groupManagement] INFO  server.RaftServerConfigKeys (ConfUtils.java:logGet(46)) - raft.server.rpc.request.timeout = 3000ms (default)
2024-03-11 08:42:21,974 [omNode-2-groupManagement] INFO  server.RaftServerConfigKeys (ConfUtils.java:logGet(46)) - raft.server.log.appender.install.snapshot.enabled = false (custom)
2024-03-11 08:42:21,974 [omNode-2-groupManagement] INFO  server.RaftServerConfigKeys (ConfUtils.java:logGet(46)) - raft.server.threadpool.server.cached = true (default)
2024-03-11 08:42:21,974 [omNode-2-groupManagement] INFO  server.RaftServerConfigKeys (ConfUtils.java:logGet(46)) - raft.server.threadpool.server.size = 0 (default)
2024-03-11 08:42:21,974 [omNode-2-groupManagement] INFO  server.RaftServerConfigKeys (ConfUtils.java:logGet(46)) - raft.server.threadpool.client.cached = true (default)
2024-03-11 08:42:21,974 [omNode-2-groupManagement] INFO  server.RaftServerConfigKeys (ConfUtils.java:logGet(46)) - raft.server.threadpool.client.size = 0 (default)
2024-03-11 08:42:21,974 [omNode-2-impl-thread1] INFO  server.RaftServerConfigKeys (ConfUtils.java:logGet(46)) - raft.server.storage.free-space.min = 0MB (=0) (default)
2024-03-11 08:42:21,974 [omNode-2-impl-thread1] INFO  server.RaftServerConfigKeys (ConfUtils.java:logGet(46)) - raft.server.log.corruption.policy = EXCEPTION (default)
2024-03-11 08:42:21,974 [omNode-2-impl-thread1] INFO  server.RaftServerConfigKeys (ConfUtils.java:logGet(46)) - raft.server.storage.dir = [/home/runner/work/ozone/ozone/hadoop-ozone/integration-test/target/test-dir/MiniOzoneClusterImpl-26b6f519-45de-438b-acbb-b19d352d9476/omNode-2/ratis] (custom)
2024-03-11 08:42:21,975 [omNode-2-impl-thread1] INFO  storage.RaftStorageDirectory (RaftStorageDirectoryImpl.java:tryLock(228)) - Lock on /home/runner/work/ozone/ozone/hadoop-ozone/integration-test/target/test-dir/MiniOzoneClusterImpl-26b6f519-45de-438b-acbb-b19d352d9476/omNode-2/ratis/c9bc4cf4-3bc3-3c60-a66b-523986131536/in_use.lock acquired by nodename 48108@fv-az1250-130
2024-03-11 08:42:21,975 [omNode-2-impl-thread1] INFO  storage.RaftStorage (RaftStorageImpl.java:analyzeAndRecoverStorage(119)) - Read RaftStorageMetadata{term=1, votedFor=omNode-1} from /home/runner/work/ozone/ozone/hadoop-ozone/integration-test/target/test-dir/MiniOzoneClusterImpl-26b6f519-45de-438b-acbb-b19d352d9476/omNode-2/ratis/c9bc4cf4-3bc3-3c60-a66b-523986131536/current/raft-meta
2024-03-11 08:42:21,976 [omNode-2-impl-thread1] INFO  server.RaftServer$Division (ServerState.java:setRaftConf(386)) - omNode-2@group-523986131536: set configuration 0: peers:[omNode-3|localhost:15273, omNode-1|localhost:15265, omNode-2|localhost:15269]|listeners:[], old=null
2024-03-11 08:42:21,976 [omNode-2-impl-thread1] INFO  server.RaftServerConfigKeys (ConfUtils.java:logGet(46)) - raft.server.log.use.memory = false (default)
2024-03-11 08:42:21,977 [omNode-2-impl-thread1] INFO  server.RaftServerConfigKeys (ConfUtils.java:logGet(46)) - raft.server.log.purge.gap = 50 (custom)
2024-03-11 08:42:21,977 [omNode-2-impl-thread1] INFO  server.RaftServerConfigKeys (ConfUtils.java:logGet(46)) - raft.server.log.appender.buffer.byte-limit = 4194304 (custom)
2024-03-11 08:42:21,977 [omNode-2-impl-thread1] INFO  server.RaftServerConfigKeys (ConfUtils.java:logGet(46)) - raft.server.log.statemachine.data.read.timeout = 1000ms (default)
2024-03-11 08:42:21,977 [omNode-2-impl-thread1] INFO  server.RaftServerConfigKeys (ConfUtils.java:logGet(46)) - raft.server.log.purge.preservation.log.num = 0 (default)
2024-03-11 08:42:21,977 [omNode-2-impl-thread1] INFO  server.RaftServerConfigKeys (ConfUtils.java:logGet(46)) - raft.server.log.segment.size.max = 4194304 (custom)
2024-03-11 08:42:21,977 [omNode-2-impl-thread1] INFO  server.RaftServerConfigKeys (ConfUtils.java:logGet(46)) - raft.server.log.segment.cache.num.max = 2 (custom)
2024-03-11 08:42:21,978 [omNode-2-impl-thread1] INFO  server.RaftServerConfigKeys (ConfUtils.java:logGet(46)) - raft.server.log.segment.cache.size.max = 200MB (=209715200) (default)
2024-03-11 08:42:21,978 [omNode-2-impl-thread1] INFO  server.RaftServerConfigKeys (ConfUtils.java:logGet(46)) - raft.server.log.appender.buffer.byte-limit = 4194304 (custom)
2024-03-11 08:42:21,978 [omNode-2-impl-thread1] INFO  util.AwaitToRun (AwaitToRun.java:start(81)) - Thread[omNode-2@group-523986131536-cacheEviction-AwaitToRun,5,main] started
2024-03-11 08:42:21,978 [omNode-2-impl-thread1] INFO  segmented.SegmentedRaftLogWorker (SegmentedRaftLogWorker.java:<init>(182)) - new omNode-2@group-523986131536-SegmentedRaftLogWorker for RaftStorageImpl:Storage Directory /home/runner/work/ozone/ozone/hadoop-ozone/integration-test/target/test-dir/MiniOzoneClusterImpl-26b6f519-45de-438b-acbb-b19d352d9476/omNode-2/ratis/c9bc4cf4-3bc3-3c60-a66b-523986131536
2024-03-11 08:42:21,978 [omNode-2-impl-thread1] INFO  server.RaftServerConfigKeys (ConfUtils.java:logGet(46)) - raft.server.log.queue.byte-limit = 64MB (=67108864) (default)
2024-03-11 08:42:21,978 [omNode-2-impl-thread1] INFO  server.RaftServerConfigKeys (ConfUtils.java:logGet(46)) - raft.server.log.queue.element-limit = 4096 (default)
2024-03-11 08:42:21,978 [omNode-2-impl-thread1] INFO  server.RaftServerConfigKeys (ConfUtils.java:logGet(46)) - raft.server.log.segment.size.max = 4194304 (custom)
2024-03-11 08:42:21,978 [omNode-2-impl-thread1] INFO  server.RaftServerConfigKeys (ConfUtils.java:logGet(46)) - raft.server.log.preallocated.size = 4194304 (custom)
2024-03-11 08:42:21,978 [omNode-2-impl-thread1] INFO  server.RaftServerConfigKeys (ConfUtils.java:logGet(46)) - raft.server.log.force.sync.num = 128 (default)
2024-03-11 08:42:21,978 [omNode-2-impl-thread1] INFO  server.RaftServerConfigKeys (ConfUtils.java:logGet(46)) - raft.server.log.statemachine.data.sync = true (default)
2024-03-11 08:42:21,978 [omNode-2-impl-thread1] INFO  server.RaftServerConfigKeys (ConfUtils.java:logGet(46)) - raft.server.log.statemachine.data.sync.timeout = 10s (default)
2024-03-11 08:42:21,978 [omNode-2-impl-thread1] INFO  server.RaftServerConfigKeys (ConfUtils.java:logGet(46)) - raft.server.log.statemachine.data.sync.timeout.retry = -1 (default)
2024-03-11 08:42:21,978 [omNode-2-impl-thread1] INFO  server.RaftServerConfigKeys (ConfUtils.java:logGet(46)) - raft.server.log.write.buffer.size = 4194312 (custom)
2024-03-11 08:42:21,979 [omNode-2-impl-thread1] INFO  server.RaftServerConfigKeys (ConfUtils.java:logGet(46)) - raft.server.log.appender.buffer.byte-limit = 4194304 (custom)
2024-03-11 08:42:21,979 [omNode-2-impl-thread1] INFO  server.RaftServerConfigKeys (ConfUtils.java:logGet(46)) - raft.server.log.unsafe-flush.enabled = false (default)
2024-03-11 08:42:21,979 [omNode-2-impl-thread1] INFO  server.RaftServerConfigKeys (ConfUtils.java:logGet(46)) - raft.server.log.async-flush.enabled = false (default)
2024-03-11 08:42:21,979 [omNode-2-impl-thread1] INFO  server.RaftServerConfigKeys (ConfUtils.java:logGet(46)) - raft.server.log.statemachine.data.caching.enabled = false (default)
2024-03-11 08:42:21,979 [omNode-2-impl-thread1] INFO  segmented.SegmentedRaftLogWorker (SegmentedRaftLogWorker.java:lambda$new$0(134)) - omNode-2@group-523986131536-SegmentedRaftLogWorker: flushIndex: setUnconditionally 0 -> 52
2024-03-11 08:42:21,980 [omNode-2-impl-thread1] INFO  segmented.SegmentedRaftLogWorker (SegmentedRaftLogWorker.java:lambda$new$0(134)) - omNode-2@group-523986131536-SegmentedRaftLogWorker: safeCacheEvictIndex: setUnconditionally 0 -> -1
2024-03-11 08:42:21,980 [omNode-2-impl-thread1] INFO  server.RaftServer$Division (RaftServerImpl.java:start(396)) - omNode-2@group-523986131536: start as a follower, conf=0: peers:[omNode-3|localhost:15273, omNode-1|localhost:15265, omNode-2|localhost:15269]|listeners:[], old=null
2024-03-11 08:42:21,980 [omNode-2-impl-thread1] INFO  server.RaftServer$Division (RaftServerImpl.java:setRole(383)) - omNode-2@group-523986131536: changes role from      null to FOLLOWER at term 1 for startAsFollower
2024-03-11 08:42:21,980 [omNode-2-impl-thread1] INFO  impl.RoleInfo (RoleInfo.java:updateAndGet(139)) - omNode-2: start omNode-2@group-523986131536-FollowerState
2024-03-11 08:42:21,980 [omNode-2@group-523986131536-FollowerState] INFO  server.RaftServerConfigKeys (ConfUtils.java:logFallback(53)) - raft.server.rpc.first-election.timeout.min = 1s (fallback to raft.server.rpc.timeout.min)
2024-03-11 08:42:21,980 [omNode-2-impl-thread1] INFO  util.JmxRegister (JmxRegister.java:tryRegister(44)) - Successfully registered JMX Bean with object name Ratis:service=RaftServer,group=group-523986131536,id=omNode-2
2024-03-11 08:42:21,980 [omNode-2-impl-thread1] INFO  server.RaftServerConfigKeys (ConfUtils.java:logGet(46)) - raft.server.snapshot.trigger-when-stop.enabled = true (default)
2024-03-11 08:42:21,980 [omNode-2-impl-thread1] INFO  server.RaftServerConfigKeys (ConfUtils.java:logGet(46)) - raft.server.snapshot.auto.trigger.enabled = true (custom)
2024-03-11 08:42:21,980 [omNode-2-impl-thread1] INFO  server.RaftServerConfigKeys (ConfUtils.java:logGet(46)) - raft.server.snapshot.auto.trigger.threshold = 50 (custom)
2024-03-11 08:42:21,980 [omNode-2-impl-thread1] INFO  server.RaftServerConfigKeys (ConfUtils.java:logGet(46)) - raft.server.snapshot.retention.file.num = -1 (default)
2024-03-11 08:42:21,980 [omNode-2-impl-thread1] INFO  server.RaftServerConfigKeys (ConfUtils.java:logGet(46)) - raft.server.log.purge.upto.snapshot.index = true (custom)
2024-03-11 08:42:21,980 [omNode-2@group-523986131536-FollowerState] INFO  server.RaftServerConfigKeys (ConfUtils.java:logFallback(53)) - raft.server.rpc.first-election.timeout.max = 1200ms (fallback to raft.server.rpc.timeout.max)
2024-03-11 08:42:21,985 [main] INFO  server.RaftServer (RaftServerProxy.java:startImpl(406)) - omNode-2: start RPC server
2024-03-11 08:42:21,985 [main] INFO  server.GrpcService (GrpcService.java:startImpl(302)) - omNode-2: GrpcService started, listening on 15269
2024-03-11 08:42:21,986 [main] INFO  om.OzoneManager (OzoneManager.java:getRpcServer(1231)) - Creating RPC Server
2024-03-11 08:42:21,986 [JvmPauseMonitor78] INFO  util.JvmPauseMonitor (JvmPauseMonitor.java:run(146)) - JvmPauseMonitor-omNode-2: Started
2024-03-11 08:42:22,207 [main] INFO  ipc.CallQueueManager (CallQueueManager.java:<init>(90)) - Using callQueue: class java.util.concurrent.LinkedBlockingQueue, queueCapacity: 2000, scheduler: class org.apache.hadoop.ipc.DefaultRpcScheduler, ipcBackoff: false.
2024-03-11 08:42:22,207 [main] INFO  ipc.Server (Server.java:<init>(1287)) - Listener at localhost:15266
2024-03-11 08:42:22,208 [Socket Reader #1 for port 15266] INFO  ipc.Server (Server.java:run(1323)) - Starting Socket Reader #1 for port 15266
2024-03-11 08:42:22,210 [main] INFO  http.BaseHttpServer (BaseHttpServer.java:newHttpServer2BuilderForOzone(223)) - Starting Web-server for ozoneManager at: http://0.0.0.0:15267
2024-03-11 08:42:22,210 [main] INFO  http.BaseHttpServer (BaseHttpServer.java:<init>(110)) - Hadoop Security Enabled: false Ozone Security Enabled: false Ozone HTTP Security Enabled: false 
2024-03-11 08:42:22,211 [main] WARN  server.AuthenticationFilter (AuthenticationFilter.java:constructSecretProvider(240)) - Unable to initialize FileSignerSecretProvider, falling back to use random secrets. Reason: Could not read signature secret file: /home/runner/hadoop-http-auth-signature-secret
2024-03-11 08:42:22,211 [main] INFO  http.HttpRequestLog (HttpRequestLog.java:getRequestLog(86)) - Http request log for http.requests.ozoneManager is not defined
2024-03-11 08:42:22,212 [main] INFO  http.HttpServer2 (HttpServer2.java:addGlobalFilter(1036)) - Added global filter 'safety' (class=org.apache.hadoop.hdds.server.http.HttpServer2$QuotingInputFilter)
2024-03-11 08:42:22,212 [main] INFO  http.HttpServer2 (HttpServer2.java:addFilter(1012)) - Added filter static_user_filter (class=org.apache.hadoop.http.lib.StaticUserWebFilter$StaticUserFilter) to context ozoneManager
2024-03-11 08:42:22,212 [main] INFO  http.HttpServer2 (HttpServer2.java:addFilter(1020)) - Added filter static_user_filter (class=org.apache.hadoop.http.lib.StaticUserWebFilter$StaticUserFilter) to context logs
2024-03-11 08:42:22,212 [main] INFO  http.HttpServer2 (HttpServer2.java:addFilter(1020)) - Added filter static_user_filter (class=org.apache.hadoop.http.lib.StaticUserWebFilter$StaticUserFilter) to context static
2024-03-11 08:42:22,212 [main] INFO  http.BaseHttpServer (BaseHttpServer.java:<init>(189)) - HTTP server of ozoneManager uses base directory /home/runner/work/ozone/ozone/hadoop-ozone/integration-test/target/test-dir/MiniOzoneClusterImpl-26b6f519-45de-438b-acbb-b19d352d9476/omNode-2/webserver
2024-03-11 08:42:22,213 [main] INFO  http.HttpServer2 (HttpServer2.java:bindListener(1236)) - Jetty bound to port 15267
2024-03-11 08:42:22,213 [main] INFO  server.Server (Server.java:doStart(375)) - jetty-9.4.53.v20231009; built: 2023-10-09T12:29:09.265Z; git: 27bde00a0b95a1d5bbee0eae7984f891d2d0f8c9; jvm 1.8.0_402-b06
2024-03-11 08:42:22,213 [main] INFO  server.session (DefaultSessionIdManager.java:doStart(334)) - DefaultSessionIdManager workerName=node0
2024-03-11 08:42:22,214 [main] INFO  server.session (DefaultSessionIdManager.java:doStart(339)) - No SessionScavenger set, using defaults
2024-03-11 08:42:22,214 [main] INFO  server.session (HouseKeeper.java:startScavenging(132)) - node0 Scavenging every 660000ms
2024-03-11 08:42:22,214 [main] INFO  handler.ContextHandler (ContextHandler.java:doStart(921)) - Started o.e.j.s.ServletContextHandler@643259f2{logs,/logs,file:///home/runner/work/ozone/ozone/hadoop-ozone/integration-test/target/log,AVAILABLE}
2024-03-11 08:42:22,214 [main] INFO  handler.ContextHandler (ContextHandler.java:doStart(921)) - Started o.e.j.s.ServletContextHandler@7b4c56{static,/static,file:///home/runner/work/ozone/ozone/hadoop-ozone/integration-test/target/test-classes/webapps/static,AVAILABLE}
2024-03-11 08:42:22,216 [main] INFO  handler.ContextHandler (ContextHandler.java:doStart(921)) - Started o.e.j.w.WebAppContext@9381a33{ozoneManager,/,file:///home/runner/work/ozone/ozone/hadoop-ozone/integration-test/target/test-classes/webapps/ozoneManager/,AVAILABLE}{file:/home/runner/work/ozone/ozone/hadoop-ozone/integration-test/target/test-classes/webapps/ozoneManager}
2024-03-11 08:42:22,216 [main] INFO  server.AbstractConnector (AbstractConnector.java:doStart(333)) - Started ServerConnector@39c09338{HTTP/1.1, (http/1.1)}{0.0.0.0:15267}
2024-03-11 08:42:22,216 [main] INFO  server.Server (Server.java:doStart(415)) - Started @956987ms
2024-03-11 08:42:22,216 [main] WARN  impl.MetricsSystemImpl (MetricsSystemImpl.java:register(279)) - Sink prometheus already exists!
2024-03-11 08:42:22,217 [main] INFO  http.BaseHttpServer (BaseHttpServer.java:updateConnectorAddress(354)) - HTTP server of ozoneManager listening at http://0.0.0.0:15267
2024-03-11 08:42:22,217 [IPC Server Responder] INFO  ipc.Server (Server.java:run(1562)) - IPC Server Responder: starting
2024-03-11 08:42:22,218 [IPC Server listener on 15266] INFO  ipc.Server (Server.java:run(1402)) - IPC Server listener on 15266: starting
2024-03-11 08:42:22,220 [main] INFO  om.OzoneManager (OzoneManager.java:startTrashEmptier(2130)) - Trash Interval set to 0. Files deleted won't move to trash
]]></system-out>
    </rerunError>
  </testcase>
  <testcase name="testPrepareWithTransactions" classname="org.apache.hadoop.ozone.om.TestOzoneManagerPrepare" time="24.673"/>
  <testcase name="testPrepareWithRestart" classname="org.apache.hadoop.ozone.om.TestOzoneManagerPrepare" time="37.843"/>
</testsuite>