<?xml version="1.0" encoding="UTF-8"?>
<testsuite xmlns:xsi="http://www.w3.org/2001/XMLSchema-instance" xsi:noNamespaceSchemaLocation="https://maven.apache.org/surefire/maven-surefire-plugin/xsd/surefire-test-report-3.0.xsd" version="3.0" name="org.apache.hadoop.ozone.om.TestOzoneManagerHAWithData" time="168.423" tests="5" errors="2" skipped="0" failures="0">
  <properties>
    <property name="awt.toolkit" value="sun.awt.X11.XToolkit"/>
    <property name="file.encoding.pkg" value="sun.io"/>
    <property name="java.specification.version" value="1.8"/>
    <property name="sun.cpu.isalist" value=""/>
    <property name="sun.jnu.encoding" value="UTF-8"/>
    <property name="java.class.path" value="/home/runner/work/ozone/ozone/hadoop-ozone/integration-test/target/test-classes:/home/runner/work/ozone/ozone/hadoop-ozone/integration-test/target/classes:/home/runner/.m2/repository/org/apache/ozone/ozone-common/1.3.0-SNAPSHOT/ozone-common-1.3.0-SNAPSHOT.jar:/home/runner/.m2/repository/io/grpc/grpc-netty/1.48.1/grpc-netty-1.48.1.jar:/home/runner/.m2/repository/io/grpc/grpc-core/1.48.1/grpc-core-1.48.1.jar:/home/runner/.m2/repository/com/google/android/annotations/4.1.1.4/annotations-4.1.1.4.jar:/home/runner/.m2/repository/org/codehaus/mojo/animal-sniffer-annotations/1.21/animal-sniffer-annotations-1.21.jar:/home/runner/.m2/repository/com/google/errorprone/error_prone_annotations/2.2.0/error_prone_annotations-2.2.0.jar:/home/runner/.m2/repository/io/perfmark/perfmark-api/0.25.0/perfmark-api-0.25.0.jar:/home/runner/.m2/repository/io/netty/netty-codec-http2/4.1.79.Final/netty-codec-http2-4.1.79.Final.jar:/home/runner/.m2/repository/io/netty/netty-common/4.1.79.Final/netty-common-4.1.79.Final.jar:/home/runner/.m2/repository/io/netty/netty-buffer/4.1.79.Final/netty-buffer-4.1.79.Final.jar:/home/runner/.m2/repository/io/netty/netty-codec-http/4.1.79.Final/netty-codec-http-4.1.79.Final.jar:/home/runner/.m2/repository/io/netty/netty-handler-proxy/4.1.79.Final/netty-handler-proxy-4.1.79.Final.jar:/home/runner/.m2/repository/io/netty/netty-codec-socks/4.1.79.Final/netty-codec-socks-4.1.79.Final.jar:/home/runner/.m2/repository/io/netty/netty-tcnative-boringssl-static/2.0.53.Final/netty-tcnative-boringssl-static-2.0.53.Final.jar:/home/runner/.m2/repository/io/netty/netty-tcnative-classes/2.0.53.Final/netty-tcnative-classes-2.0.53.Final.jar:/home/runner/.m2/repository/io/netty/netty-tcnative-boringssl-static/2.0.53.Final/netty-tcnative-boringssl-static-2.0.53.Final-linux-x86_64.jar:/home/runner/.m2/repository/io/netty/netty-tcnative-boringssl-static/2.0.53.Final/netty-tcnative-boringssl-static-2.0.53.Final-linux-aarch_64.jar:/home/runner/.m2/repository/io/netty/netty-tcnative-boringssl-static/2.0.53.Final/netty-tcnative-boringssl-static-2.0.53.Final-osx-x86_64.jar:/home/runner/.m2/repository/io/netty/netty-tcnative-boringssl-static/2.0.53.Final/netty-tcnative-boringssl-static-2.0.53.Final-osx-aarch_64.jar:/home/runner/.m2/repository/io/netty/netty-tcnative-boringssl-static/2.0.53.Final/netty-tcnative-boringssl-static-2.0.53.Final-windows-x86_64.jar:/home/runner/.m2/repository/org/apache/commons/commons-compress/1.21/commons-compress-1.21.jar:/home/runner/.m2/repository/org/apache/ozone/hdds-common/1.3.0-SNAPSHOT/hdds-common-1.3.0-SNAPSHOT.jar:/home/runner/.m2/repository/org/apache/ozone/hdds-client/1.3.0-SNAPSHOT/hdds-client-1.3.0-SNAPSHOT.jar:/home/runner/.m2/repository/org/apache/ozone/ozone-interface-client/1.3.0-SNAPSHOT/ozone-interface-client-1.3.0-SNAPSHOT.jar:/home/runner/.m2/repository/org/apache/ozone/hdds-test-utils/1.3.0-SNAPSHOT/hdds-test-utils-1.3.0-SNAPSHOT.jar:/home/runner/.m2/repository/com/google/guava/guava/31.1-jre/guava-31.1-jre.jar:/home/runner/.m2/repository/com/google/guava/failureaccess/1.0.1/failureaccess-1.0.1.jar:/home/runner/.m2/repository/com/google/guava/listenablefuture/9999.0-empty-to-avoid-conflict-with-guava/listenablefuture-9999.0-empty-to-avoid-conflict-with-guava.jar:/home/runner/.m2/repository/com/google/code/findbugs/jsr305/3.0.0/jsr305-3.0.0.jar:/home/runner/.m2/repository/org/checkerframework/checker-qual/3.12.0/checker-qual-3.12.0.jar:/home/runner/.m2/repository/com/google/j2objc/j2objc-annotations/1.3/j2objc-annotations-1.3.jar:/home/runner/.m2/repository/commons-io/commons-io/2.11.0/commons-io-2.11.0.jar:/home/runner/.m2/repository/commons-logging/commons-logging/1.2/commons-logging-1.2.jar:/home/runner/.m2/repository/ch/qos/reload4j/reload4j/1.2.22/reload4j-1.2.22.jar:/home/runner/.m2/repository/org/slf4j/slf4j-api/1.7.36/slf4j-api-1.7.36.jar:/home/runner/.m2/repository/org/apache/ozone/hdds-server-scm/1.3.0-SNAPSHOT/hdds-server-scm-1.3.0-SNAPSHOT.jar:/home/runner/.m2/repository/org/apache/ozone/hdds-container-service/1.3.0-SNAPSHOT/hdds-container-service-1.3.0-SNAPSHOT.jar:/home/runner/.m2/repository/org/apache/ozone/hdds-hadoop-dependency-server/1.3.0-SNAPSHOT/hdds-hadoop-dependency-server-1.3.0-SNAPSHOT.jar:/home/runner/.m2/repository/org/apache/hadoop/hadoop-hdfs/3.3.1/hadoop-hdfs-3.3.1.jar:/home/runner/.m2/repository/org/eclipse/jetty/jetty-util-ajax/9.4.43.v20210629/jetty-util-ajax-9.4.43.v20210629.jar:/home/runner/.m2/repository/commons-daemon/commons-daemon/1.0.13/commons-daemon-1.0.13.jar:/home/runner/.m2/repository/org/apache/ozone/hdds-server-framework/1.3.0-SNAPSHOT/hdds-server-framework-1.3.0-SNAPSHOT.jar:/home/runner/.m2/repository/org/apache/ozone/hdds-interface-server/1.3.0-SNAPSHOT/hdds-interface-server-1.3.0-SNAPSHOT.jar:/home/runner/.m2/repository/org/apache/logging/log4j/log4j-core/2.17.1/log4j-core-2.17.1.jar:/home/runner/.m2/repository/com/lmax/disruptor/3.4.2/disruptor-3.4.2.jar:/home/runner/.m2/repository/org/eclipse/jetty/jetty-servlet/9.4.43.v20210629/jetty-servlet-9.4.43.v20210629.jar:/home/runner/.m2/repository/org/eclipse/jetty/jetty-security/9.4.43.v20210629/jetty-security-9.4.43.v20210629.jar:/home/runner/.m2/repository/org/rocksdb/rocksdbjni/7.4.5/rocksdbjni-7.4.5.jar:/home/runner/.m2/repository/io/prometheus/simpleclient_dropwizard/0.7.0/simpleclient_dropwizard-0.7.0.jar:/home/runner/.m2/repository/io/prometheus/simpleclient/0.7.0/simpleclient-0.7.0.jar:/home/runner/.m2/repository/io/prometheus/simpleclient_common/0.7.0/simpleclient_common-0.7.0.jar:/home/runner/.m2/repository/io/dropwizard/metrics/metrics-core/3.2.4/metrics-core-3.2.4.jar:/home/runner/.m2/repository/org/apache/hadoop/hadoop-hdfs-client/3.3.1/hadoop-hdfs-client-3.3.1.jar:/home/runner/.m2/repository/org/bouncycastle/bcprov-jdk15on/1.67/bcprov-jdk15on-1.67.jar:/home/runner/.m2/repository/com/google/protobuf/protobuf-java/2.5.0/protobuf-java-2.5.0.jar:/home/runner/.m2/repository/org/apache/ozone/ozone-manager/1.3.0-SNAPSHOT/ozone-manager-1.3.0-SNAPSHOT.jar:/home/runner/.m2/repository/org/aspectj/aspectjrt/1.9.7/aspectjrt-1.9.7.jar:/home/runner/.m2/repository/org/aspectj/aspectjweaver/1.9.7/aspectjweaver-1.9.7.jar:/home/runner/.m2/repository/org/apache/ozone/hdds-interface-client/1.3.0-SNAPSHOT/hdds-interface-client-1.3.0-SNAPSHOT.jar:/home/runner/.m2/repository/org/apache/hadoop/thirdparty/hadoop-shaded-protobuf_3_7/1.1.1/hadoop-shaded-protobuf_3_7-1.1.1.jar:/home/runner/.m2/repository/org/apache/ozone/ozone-interface-storage/1.3.0-SNAPSHOT/ozone-interface-storage-1.3.0-SNAPSHOT.jar:/home/runner/.m2/repository/org/reflections/reflections/0.9.11/reflections-0.9.11.jar:/home/runner/.m2/repository/com/sun/jersey/jersey-client/1.19/jersey-client-1.19.jar:/home/runner/.m2/repository/org/apache/ranger/ranger-intg/2.3.0/ranger-intg-2.3.0.jar:/home/runner/.m2/repository/org/apache/ranger/ranger-plugins-common/2.3.0/ranger-plugins-common-2.3.0.jar:/home/runner/.m2/repository/commons-lang/commons-lang/2.6/commons-lang-2.6.jar:/home/runner/.m2/repository/org/codehaus/jackson/jackson-jaxrs/1.9.13/jackson-jaxrs-1.9.13.jar:/home/runner/.m2/repository/org/apache/ranger/ranger-plugins-cred/2.3.0/ranger-plugins-cred-2.3.0.jar:/home/runner/.m2/repository/org/apache/ranger/ranger-plugins-audit/2.3.0/ranger-plugins-audit-2.3.0.jar:/home/runner/.m2/repository/org/eclipse/jetty/jetty-client/9.4.31.v20200723/jetty-client-9.4.31.v20200723.jar:/home/runner/.m2/repository/org/apache/httpcomponents/httpmime/4.5.6/httpmime-4.5.6.jar:/home/runner/.m2/repository/org/apache/httpcomponents/httpcore-nio/4.4.6/httpcore-nio-4.4.6.jar:/home/runner/.m2/repository/org/apache/httpcomponents/httpasyncclient/4.1.3/httpasyncclient-4.1.3.jar:/home/runner/.m2/repository/com/carrotsearch/hppc/0.8.0/hppc-0.8.0.jar:/home/runner/.m2/repository/org/apache/orc/orc-core/1.5.8/orc-core-1.5.8.jar:/home/runner/.m2/repository/net/java/dev/jna/jna/5.2.0/jna-5.2.0.jar:/home/runner/.m2/repository/net/java/dev/jna/jna-platform/5.2.0/jna-platform-5.2.0.jar:/home/runner/.m2/repository/com/kstruct/gethostname4j/0.0.2/gethostname4j-0.0.2.jar:/home/runner/.m2/repository/org/apache/ranger/ranger-plugin-classloader/2.3.0/ranger-plugin-classloader-2.3.0.jar:/home/runner/.m2/repository/org/apache/hadoop/hadoop-minikdc/3.3.1/hadoop-minikdc-3.3.1.jar:/home/runner/.m2/repository/org/apache/kerby/kerb-simplekdc/1.0.1/kerb-simplekdc-1.0.1.jar:/home/runner/.m2/repository/org/apache/kerby/kerb-client/1.0.1/kerb-client-1.0.1.jar:/home/runner/.m2/repository/org/apache/kerby/kerby-config/1.0.1/kerby-config-1.0.1.jar:/home/runner/.m2/repository/org/apache/kerby/kerb-common/1.0.1/kerb-common-1.0.1.jar:/home/runner/.m2/repository/org/apache/kerby/kerb-crypto/1.0.1/kerb-crypto-1.0.1.jar:/home/runner/.m2/repository/org/apache/kerby/kerb-util/1.0.1/kerb-util-1.0.1.jar:/home/runner/.m2/repository/org/apache/kerby/token-provider/1.0.1/token-provider-1.0.1.jar:/home/runner/.m2/repository/org/apache/kerby/kerb-admin/1.0.1/kerb-admin-1.0.1.jar:/home/runner/.m2/repository/org/apache/kerby/kerb-server/1.0.1/kerb-server-1.0.1.jar:/home/runner/.m2/repository/org/apache/kerby/kerb-identity/1.0.1/kerb-identity-1.0.1.jar:/home/runner/.m2/repository/org/apache/kerby/kerby-xdr/1.0.1/kerby-xdr-1.0.1.jar:/home/runner/.m2/repository/org/apache/ozone/ozone-s3gateway/1.3.0-SNAPSHOT/ozone-s3gateway-1.3.0-SNAPSHOT.jar:/home/runner/.m2/repository/org/javassist/javassist/3.21.0-GA/javassist-3.21.0-GA.jar:/home/runner/.m2/repository/org/jboss/weld/servlet/weld-servlet/2.4.7.Final/weld-servlet-2.4.7.Final.jar:/home/runner/.m2/repository/org/glassfish/jersey/containers/jersey-container-servlet-core/2.34/jersey-container-servlet-core-2.34.jar:/home/runner/.m2/repository/org/glassfish/hk2/external/jakarta.inject/2.6.1/jakarta.inject-2.6.1.jar:/home/runner/.m2/repository/org/glassfish/jersey/core/jersey-common/2.34/jersey-common-2.34.jar:/home/runner/.m2/repository/jakarta/ws/rs/jakarta.ws.rs-api/2.1.6/jakarta.ws.rs-api-2.1.6.jar:/home/runner/.m2/repository/org/glassfish/jersey/ext/cdi/jersey-cdi1x/2.34/jersey-cdi1x-2.34.jar:/home/runner/.m2/repository/org/glassfish/jersey/inject/jersey-hk2/2.34/jersey-hk2-2.34.jar:/home/runner/.m2/repository/org/glassfish/hk2/hk2-locator/2.6.1/hk2-locator-2.6.1.jar:/home/runner/.m2/repository/org/glassfish/jersey/media/jersey-media-jaxb/2.34/jersey-media-jaxb-2.34.jar:/home/runner/.m2/repository/org/glassfish/hk2/osgi-resource-locator/1.0.3/osgi-resource-locator-1.0.3.jar:/home/runner/.m2/repository/org/glassfish/hk2/hk2-api/2.5.0/hk2-api-2.5.0.jar:/home/runner/.m2/repository/org/glassfish/hk2/hk2-utils/2.5.0/hk2-utils-2.5.0.jar:/home/runner/.m2/repository/org/glassfish/hk2/external/aopalliance-repackaged/2.5.0/aopalliance-repackaged-2.5.0.jar:/home/runner/.m2/repository/com/fasterxml/jackson/dataformat/jackson-dataformat-xml/2.13.2/jackson-dataformat-xml-2.13.2.jar:/home/runner/.m2/repository/com/fasterxml/jackson/core/jackson-core/2.13.2/jackson-core-2.13.2.jar:/home/runner/.m2/repository/org/codehaus/woodstox/stax2-api/3.1.4/stax2-api-3.1.4.jar:/home/runner/.m2/repository/com/fasterxml/woodstox/woodstox-core/5.0.3/woodstox-core-5.0.3.jar:/home/runner/.m2/repository/com/fasterxml/jackson/module/jackson-module-jaxb-annotations/2.13.2/jackson-module-jaxb-annotations-2.13.2.jar:/home/runner/.m2/repository/jakarta/xml/bind/jakarta.xml.bind-api/2.3.3/jakarta.xml.bind-api-2.3.3.jar:/home/runner/.m2/repository/jakarta/activation/jakarta.activation-api/1.2.1/jakarta.activation-api-1.2.1.jar:/home/runner/.m2/repository/javax/enterprise/cdi-api/1.2/cdi-api-1.2.jar:/home/runner/.m2/repository/javax/el/javax.el-api/3.0.0/javax.el-api-3.0.0.jar:/home/runner/.m2/repository/javax/interceptor/javax.interceptor-api/1.2/javax.interceptor-api-1.2.jar:/home/runner/.m2/repository/javax/inject/javax.inject/1/javax.inject-1.jar:/home/runner/.m2/repository/javax/xml/bind/jaxb-api/2.3.0/jaxb-api-2.3.0.jar:/home/runner/.m2/repository/org/glassfish/jaxb/jaxb-runtime/2.3.0.1/jaxb-runtime-2.3.0.1.jar:/home/runner/.m2/repository/org/glassfish/jaxb/jaxb-core/2.3.0.1/jaxb-core-2.3.0.1.jar:/home/runner/.m2/repository/org/glassfish/jaxb/txw2/2.3.0.1/txw2-2.3.0.1.jar:/home/runner/.m2/repository/com/sun/istack/istack-commons-runtime/3.0.5/istack-commons-runtime-3.0.5.jar:/home/runner/.m2/repository/org/jvnet/staxex/stax-ex/1.7.8/stax-ex-1.7.8.jar:/home/runner/.m2/repository/com/sun/xml/fastinfoset/FastInfoset/1.2.13/FastInfoset-1.2.13.jar:/home/runner/.m2/repository/javax/activation/activation/1.1.1/activation-1.1.1.jar:/home/runner/.m2/repository/io/grpc/grpc-protobuf/1.48.1/grpc-protobuf-1.48.1.jar:/home/runner/.m2/repository/io/grpc/grpc-api/1.48.1/grpc-api-1.48.1.jar:/home/runner/.m2/repository/io/grpc/grpc-context/1.48.1/grpc-context-1.48.1.jar:/home/runner/.m2/repository/com/google/api/grpc/proto-google-common-protos/2.9.0/proto-google-common-protos-2.9.0.jar:/home/runner/.m2/repository/io/grpc/grpc-protobuf-lite/1.48.1/grpc-protobuf-lite-1.48.1.jar:/home/runner/.m2/repository/io/grpc/grpc-stub/1.48.1/grpc-stub-1.48.1.jar:/home/runner/.m2/repository/io/netty/netty-transport/4.1.79.Final/netty-transport-4.1.79.Final.jar:/home/runner/.m2/repository/io/netty/netty-resolver/4.1.79.Final/netty-resolver-4.1.79.Final.jar:/home/runner/.m2/repository/org/apache/ozone/ozone-csi/1.3.0-SNAPSHOT/ozone-csi-1.3.0-SNAPSHOT.jar:/home/runner/.m2/repository/com/google/protobuf/protobuf-java-util/3.19.2/protobuf-java-util-3.19.2.jar:/home/runner/.m2/repository/com/google/code/gson/gson/2.9.0/gson-2.9.0.jar:/home/runner/.m2/repository/org/apache/ozone/hdds-config/1.3.0-SNAPSHOT/hdds-config-1.3.0-SNAPSHOT.jar:/home/runner/.m2/repository/io/netty/netty-transport-native-epoll/4.1.79.Final/netty-transport-native-epoll-4.1.79.Final-linux-x86_64.jar:/home/runner/.m2/repository/io/netty/netty-transport-classes-epoll/4.1.79.Final/netty-transport-classes-epoll-4.1.79.Final.jar:/home/runner/.m2/repository/io/netty/netty-transport-native-unix-common/4.1.79.Final/netty-transport-native-unix-common-4.1.79.Final.jar:/home/runner/.m2/repository/org/slf4j/slf4j-reload4j/1.7.36/slf4j-reload4j-1.7.36.jar:/home/runner/.m2/repository/org/apache/ozone/ozone-recon/1.3.0-SNAPSHOT/ozone-recon-1.3.0-SNAPSHOT.jar:/home/runner/.m2/repository/org/apache/ozone/ozone-reconcodegen/1.3.0-SNAPSHOT/ozone-reconcodegen-1.3.0-SNAPSHOT.jar:/home/runner/.m2/repository/com/google/inject/extensions/guice-multibindings/4.0/guice-multibindings-4.0.jar:/home/runner/.m2/repository/com/google/inject/guice/4.0/guice-4.0.jar:/home/runner/.m2/repository/aopalliance/aopalliance/1.0/aopalliance-1.0.jar:/home/runner/.m2/repository/com/google/inject/extensions/guice-assistedinject/4.0/guice-assistedinject-4.0.jar:/home/runner/.m2/repository/com/google/inject/extensions/guice-servlet/4.0/guice-servlet-4.0.jar:/home/runner/.m2/repository/org/glassfish/jersey/containers/jersey-container-servlet/2.34/jersey-container-servlet-2.34.jar:/home/runner/.m2/repository/org/glassfish/hk2/guice-bridge/2.5.0/guice-bridge-2.5.0.jar:/home/runner/.m2/repository/org/glassfish/jersey/core/jersey-server/2.34/jersey-server-2.34.jar:/home/runner/.m2/repository/org/glassfish/jersey/core/jersey-client/2.34/jersey-client-2.34.jar:/home/runner/.m2/repository/jakarta/annotation/jakarta.annotation-api/1.3.5/jakarta.annotation-api-1.3.5.jar:/home/runner/.m2/repository/jakarta/validation/jakarta.validation-api/2.0.2/jakarta.validation-api-2.0.2.jar:/home/runner/.m2/repository/org/glassfish/jersey/media/jersey-media-json-jackson/2.34/jersey-media-json-jackson-2.34.jar:/home/runner/.m2/repository/org/glassfish/jersey/ext/jersey-entity-filtering/2.34/jersey-entity-filtering-2.34.jar:/home/runner/.m2/repository/org/jooq/jooq/3.11.10/jooq-3.11.10.jar:/home/runner/.m2/repository/org/jooq/jooq-meta/3.11.10/jooq-meta-3.11.10.jar:/home/runner/.m2/repository/org/jooq/jooq-codegen/3.11.10/jooq-codegen-3.11.10.jar:/home/runner/.m2/repository/com/jolbox/bonecp/0.8.0.RELEASE/bonecp-0.8.0.RELEASE.jar:/home/runner/.m2/repository/org/apache/derby/derby/10.14.2.0/derby-10.14.2.0.jar:/home/runner/.m2/repository/org/xerial/sqlite-jdbc/3.25.2/sqlite-jdbc-3.25.2.jar:/home/runner/.m2/repository/org/springframework/spring-jdbc/5.2.20.RELEASE/spring-jdbc-5.2.20.RELEASE.jar:/home/runner/.m2/repository/org/springframework/spring-beans/5.2.20.RELEASE/spring-beans-5.2.20.RELEASE.jar:/home/runner/.m2/repository/org/springframework/spring-core/5.2.20.RELEASE/spring-core-5.2.20.RELEASE.jar:/home/runner/.m2/repository/org/springframework/spring-jcl/5.2.20.RELEASE/spring-jcl-5.2.20.RELEASE.jar:/home/runner/.m2/repository/org/springframework/spring-tx/5.2.20.RELEASE/spring-tx-5.2.20.RELEASE.jar:/home/runner/.m2/repository/org/apache/ozone/ozone-client/1.3.0-SNAPSHOT/ozone-client-1.3.0-SNAPSHOT.jar:/home/runner/.m2/repository/org/apache/ozone/hdds-erasurecode/1.3.0-SNAPSHOT/hdds-erasurecode-1.3.0-SNAPSHOT.jar:/home/runner/.m2/repository/com/github/spotbugs/spotbugs-annotations/3.1.12/spotbugs-annotations-3.1.12.jar:/home/runner/.m2/repository/org/apache/ozone/ozone-filesystem/1.3.0-SNAPSHOT/ozone-filesystem-1.3.0-SNAPSHOT.jar:/home/runner/.m2/repository/org/apache/ozone/ozone-filesystem-common/1.3.0-SNAPSHOT/ozone-filesystem-common-1.3.0-SNAPSHOT.jar:/home/runner/.m2/repository/org/apache/ozone/ozone-tools/1.3.0-SNAPSHOT/ozone-tools-1.3.0-SNAPSHOT.jar:/home/runner/.m2/repository/org/apache/ratis/ratis-tools/2.3.0/ratis-tools-2.3.0.jar:/home/runner/.m2/repository/com/amazonaws/aws-java-sdk-core/1.12.261/aws-java-sdk-core-1.12.261.jar:/home/runner/.m2/repository/org/apache/httpcomponents/httpclient/4.5.13/httpclient-4.5.13.jar:/home/runner/.m2/repository/org/apache/httpcomponents/httpcore/4.4.13/httpcore-4.4.13.jar:/home/runner/.m2/repository/software/amazon/ion/ion-java/1.0.2/ion-java-1.0.2.jar:/home/runner/.m2/repository/com/fasterxml/jackson/dataformat/jackson-dataformat-cbor/2.13.2/jackson-dataformat-cbor-2.13.2.jar:/home/runner/.m2/repository/joda-time/joda-time/2.8.1/joda-time-2.8.1.jar:/home/runner/.m2/repository/com/amazonaws/aws-java-sdk-s3/1.12.261/aws-java-sdk-s3-1.12.261.jar:/home/runner/.m2/repository/com/amazonaws/aws-java-sdk-kms/1.12.261/aws-java-sdk-kms-1.12.261.jar:/home/runner/.m2/repository/com/amazonaws/jmespath-java/1.12.261/jmespath-java-1.12.261.jar:/home/runner/.m2/repository/org/kohsuke/metainf-services/metainf-services/1.8/metainf-services-1.8.jar:/home/runner/.m2/repository/org/apache/ozone/hdds-tools/1.3.0-SNAPSHOT/hdds-tools-1.3.0-SNAPSHOT.jar:/home/runner/.m2/repository/commons-cli/commons-cli/1.2/commons-cli-1.2.jar:/home/runner/.m2/repository/org/apache/commons/commons-lang3/3.7/commons-lang3-3.7.jar:/home/runner/.m2/repository/org/apache/ozone/ozone-manager/1.3.0-SNAPSHOT/ozone-manager-1.3.0-SNAPSHOT-tests.jar:/home/runner/.m2/repository/org/apache/ozone/hdds-common/1.3.0-SNAPSHOT/hdds-common-1.3.0-SNAPSHOT-tests.jar:/home/runner/.m2/repository/org/apache/ozone/hdds-hadoop-dependency-client/1.3.0-SNAPSHOT/hdds-hadoop-dependency-client-1.3.0-SNAPSHOT.jar:/home/runner/.m2/repository/info/picocli/picocli/4.6.1/picocli-4.6.1.jar:/home/runner/.m2/repository/com/fasterxml/jackson/core/jackson-annotations/2.13.2/jackson-annotations-2.13.2.jar:/home/runner/.m2/repository/com/fasterxml/jackson/datatype/jackson-datatype-jsr310/2.13.2/jackson-datatype-jsr310-2.13.2.jar:/home/runner/.m2/repository/org/apache/ozone/hdds-annotation-processing/1.3.0-SNAPSHOT/hdds-annotation-processing-1.3.0-SNAPSHOT.jar:/home/runner/.m2/repository/javax/annotation/javax.annotation-api/1.2/javax.annotation-api-1.2.jar:/home/runner/.m2/repository/org/apache/ratis/ratis-server/2.3.0/ratis-server-2.3.0.jar:/home/runner/.m2/repository/org/apache/ratis/ratis-client/2.3.0/ratis-client-2.3.0.jar:/home/runner/.m2/repository/org/apache/ratis/ratis-server-api/2.3.0/ratis-server-api-2.3.0.jar:/home/runner/.m2/repository/org/apache/ratis/ratis-metrics/2.3.0/ratis-metrics-2.3.0.jar:/home/runner/.m2/repository/org/apache/ratis/ratis-netty/2.3.0/ratis-netty-2.3.0.jar:/home/runner/.m2/repository/org/apache/ratis/ratis-grpc/2.3.0/ratis-grpc-2.3.0.jar:/home/runner/.m2/repository/org/apache/logging/log4j/log4j-api/2.17.1/log4j-api-2.17.1.jar:/home/runner/.m2/repository/org/apache/commons/commons-pool2/2.6.0/commons-pool2-2.6.0.jar:/home/runner/.m2/repository/org/bouncycastle/bcpkix-jdk15on/1.67/bcpkix-jdk15on-1.67.jar:/home/runner/.m2/repository/commons-validator/commons-validator/1.6/commons-validator-1.6.jar:/home/runner/.m2/repository/commons-beanutils/commons-beanutils/1.9.4/commons-beanutils-1.9.4.jar:/home/runner/.m2/repository/commons-digester/commons-digester/1.8.1/commons-digester-1.8.1.jar:/home/runner/.m2/repository/commons-collections/commons-collections/3.2.2/commons-collections-3.2.2.jar:/home/runner/.m2/repository/io/jaegertracing/jaeger-client/1.6.0/jaeger-client-1.6.0.jar:/home/runner/.m2/repository/io/jaegertracing/jaeger-thrift/1.6.0/jaeger-thrift-1.6.0.jar:/home/runner/.m2/repository/org/apache/thrift/libthrift/0.14.1/libthrift-0.14.1.jar:/home/runner/.m2/repository/com/squareup/okhttp3/okhttp/4.9.0/okhttp-4.9.0.jar:/home/runner/.m2/repository/com/squareup/okio/okio/2.8.0/okio-2.8.0.jar:/home/runner/.m2/repository/io/jaegertracing/jaeger-core/1.6.0/jaeger-core-1.6.0.jar:/home/runner/.m2/repository/io/jaegertracing/jaeger-tracerresolver/1.6.0/jaeger-tracerresolver-1.6.0.jar:/home/runner/.m2/repository/io/opentracing/contrib/opentracing-tracerresolver/0.1.8/opentracing-tracerresolver-0.1.8.jar:/home/runner/.m2/repository/org/jetbrains/kotlin/kotlin-stdlib/1.6.21/kotlin-stdlib-1.6.21.jar:/home/runner/.m2/repository/org/jetbrains/kotlin/kotlin-stdlib-common/1.6.21/kotlin-stdlib-common-1.6.21.jar:/home/runner/.m2/repository/org/jetbrains/annotations/13.0/annotations-13.0.jar:/home/runner/.m2/repository/io/opentracing/opentracing-util/0.33.0/opentracing-util-0.33.0.jar:/home/runner/.m2/repository/io/opentracing/opentracing-api/0.33.0/opentracing-api-0.33.0.jar:/home/runner/.m2/repository/io/opentracing/opentracing-noop/0.33.0/opentracing-noop-0.33.0.jar:/home/runner/.m2/repository/org/yaml/snakeyaml/1.32/snakeyaml-1.32.jar:/home/runner/.m2/repository/org/apache/ozone/hdds-interface-admin/1.3.0-SNAPSHOT/hdds-interface-admin-1.3.0-SNAPSHOT.jar:/home/runner/.m2/repository/junit/junit/4.13.1/junit-4.13.1.jar:/home/runner/.m2/repository/org/hamcrest/hamcrest-core/1.3/hamcrest-core-1.3.jar:/home/runner/.m2/repository/org/junit/jupiter/junit-jupiter-api/5.8.2/junit-jupiter-api-5.8.2.jar:/home/runner/.m2/repository/org/opentest4j/opentest4j/1.2.0/opentest4j-1.2.0.jar:/home/runner/.m2/repository/org/junit/platform/junit-platform-commons/1.8.2/junit-platform-commons-1.8.2.jar:/home/runner/.m2/repository/org/apiguardian/apiguardian-api/1.1.2/apiguardian-api-1.1.2.jar:/home/runner/.m2/repository/org/junit/jupiter/junit-jupiter-params/5.8.2/junit-jupiter-params-5.8.2.jar:/home/runner/.m2/repository/org/junit/jupiter/junit-jupiter-migrationsupport/5.8.2/junit-jupiter-migrationsupport-5.8.2.jar:/home/runner/.m2/repository/org/junit/jupiter/junit-jupiter-engine/5.8.2/junit-jupiter-engine-5.8.2.jar:/home/runner/.m2/repository/org/junit/platform/junit-platform-engine/1.8.2/junit-platform-engine-1.8.2.jar:/home/runner/.m2/repository/org/junit/vintage/junit-vintage-engine/5.8.2/junit-vintage-engine-5.8.2.jar:/home/runner/.m2/repository/org/junit/platform/junit-platform-launcher/1.8.2/junit-platform-launcher-1.8.2.jar:/home/runner/.m2/repository/org/mockito/mockito-core/2.28.2/mockito-core-2.28.2.jar:/home/runner/.m2/repository/net/bytebuddy/byte-buddy/1.9.10/byte-buddy-1.9.10.jar:/home/runner/.m2/repository/net/bytebuddy/byte-buddy-agent/1.9.10/byte-buddy-agent-1.9.10.jar:/home/runner/.m2/repository/org/objenesis/objenesis/1.0/objenesis-1.0.jar:/home/runner/.m2/repository/org/apache/hadoop/hadoop-kms/3.3.1/hadoop-kms-3.3.1.jar:/home/runner/.m2/repository/org/apache/hadoop/hadoop-auth/3.3.1/hadoop-auth-3.3.1.jar:/home/runner/.m2/repository/com/nimbusds/nimbus-jose-jwt/7.9/nimbus-jose-jwt-7.9.jar:/home/runner/.m2/repository/com/github/stephenc/jcip/jcip-annotations/1.0-1/jcip-annotations-1.0-1.jar:/home/runner/.m2/repository/net/minidev/json-smart/2.4.7/json-smart-2.4.7.jar:/home/runner/.m2/repository/net/minidev/accessors-smart/2.4.7/accessors-smart-2.4.7.jar:/home/runner/.m2/repository/org/ow2/asm/asm/5.0.4/asm-5.0.4.jar:/home/runner/.m2/repository/org/apache/zookeeper/zookeeper/3.5.6/zookeeper-3.5.6.jar:/home/runner/.m2/repository/org/apache/zookeeper/zookeeper-jute/3.5.6/zookeeper-jute-3.5.6.jar:/home/runner/.m2/repository/org/apache/yetus/audience-annotations/0.5.0/audience-annotations-0.5.0.jar:/home/runner/.m2/repository/org/apache/curator/curator-framework/4.2.0/curator-framework-4.2.0.jar:/home/runner/.m2/repository/org/apache/hadoop/thirdparty/hadoop-shaded-guava/1.1.1/hadoop-shaded-guava-1.1.1.jar:/home/runner/.m2/repository/com/sun/jersey/jersey-core/1.19/jersey-core-1.19.jar:/home/runner/.m2/repository/javax/ws/rs/jsr311-api/1.1.1/jsr311-api-1.1.1.jar:/home/runner/.m2/repository/com/sun/jersey/jersey-server/1.19/jersey-server-1.19.jar:/home/runner/.m2/repository/javax/servlet/javax.servlet-api/3.1.0/javax.servlet-api-3.1.0.jar:/home/runner/.m2/repository/org/eclipse/jetty/jetty-server/9.4.43.v20210629/jetty-server-9.4.43.v20210629.jar:/home/runner/.m2/repository/org/eclipse/jetty/jetty-http/9.4.43.v20210629/jetty-http-9.4.43.v20210629.jar:/home/runner/.m2/repository/org/eclipse/jetty/jetty-io/9.4.43.v20210629/jetty-io-9.4.43.v20210629.jar:/home/runner/.m2/repository/org/eclipse/jetty/jetty-webapp/9.4.43.v20210629/jetty-webapp-9.4.43.v20210629.jar:/home/runner/.m2/repository/org/eclipse/jetty/jetty-xml/9.4.43.v20210629/jetty-xml-9.4.43.v20210629.jar:/home/runner/.m2/repository/org/apache/hadoop/hadoop-common/3.3.1/hadoop-common-3.3.1.jar:/home/runner/.m2/repository/org/apache/commons/commons-math3/3.1.1/commons-math3-3.1.1.jar:/home/runner/.m2/repository/commons-net/commons-net/3.6/commons-net-3.6.jar:/home/runner/.m2/repository/com/sun/jersey/jersey-servlet/1.19/jersey-servlet-1.19.jar:/home/runner/.m2/repository/com/sun/jersey/jersey-json/1.19/jersey-json-1.19.jar:/home/runner/.m2/repository/org/codehaus/jettison/jettison/1.1/jettison-1.1.jar:/home/runner/.m2/repository/com/sun/xml/bind/jaxb-impl/2.2.3-1/jaxb-impl-2.2.3-1.jar:/home/runner/.m2/repository/org/codehaus/jackson/jackson-xc/1.9.2/jackson-xc-1.9.2.jar:/home/runner/.m2/repository/org/apache/commons/commons-configuration2/2.1.1/commons-configuration2-2.1.1.jar:/home/runner/.m2/repository/org/apache/commons/commons-text/1.4/commons-text-1.4.jar:/home/runner/.m2/repository/com/google/re2j/re2j/1.1/re2j-1.1.jar:/home/runner/.m2/repository/com/jcraft/jsch/0.1.54/jsch-0.1.54.jar:/home/runner/.m2/repository/org/apache/curator/curator-client/4.2.0/curator-client-4.2.0.jar:/home/runner/.m2/repository/org/apache/curator/curator-recipes/4.2.0/curator-recipes-4.2.0.jar:/home/runner/.m2/repository/org/apache/htrace/htrace-core4/4.1.0-incubating/htrace-core4-4.1.0-incubating.jar:/home/runner/.m2/repository/org/apache/kerby/kerb-core/1.0.1/kerb-core-1.0.1.jar:/home/runner/.m2/repository/org/apache/kerby/kerby-pkix/1.0.1/kerby-pkix-1.0.1.jar:/home/runner/.m2/repository/org/apache/kerby/kerby-asn1/1.0.1/kerby-asn1-1.0.1.jar:/home/runner/.m2/repository/org/apache/kerby/kerby-util/1.0.1/kerby-util-1.0.1.jar:/home/runner/.m2/repository/dnsjava/dnsjava/2.1.7/dnsjava-2.1.7.jar:/home/runner/.m2/repository/org/xerial/snappy/snappy-java/1.1.8.2/snappy-java-1.1.8.2.jar:/home/runner/.m2/repository/org/eclipse/jetty/jetty-util/9.4.43.v20210629/jetty-util-9.4.43.v20210629.jar:/home/runner/.m2/repository/com/fasterxml/jackson/core/jackson-databind/2.13.2.2/jackson-databind-2.13.2.2.jar:/home/runner/.m2/repository/org/apache/hadoop/hadoop-kms/3.3.1/hadoop-kms-3.3.1-tests.jar:/home/runner/.m2/repository/org/apache/ozone/hdds-server-scm/1.3.0-SNAPSHOT/hdds-server-scm-1.3.0-SNAPSHOT-tests.jar:/home/runner/.m2/repository/org/apache/ozone/hdds-container-service/1.3.0-SNAPSHOT/hdds-container-service-1.3.0-SNAPSHOT-tests.jar:/home/runner/.m2/repository/commons-codec/commons-codec/1.11/commons-codec-1.11.jar:/home/runner/.m2/repository/io/netty/netty-codec/4.1.79.Final/netty-codec-4.1.79.Final.jar:/home/runner/.m2/repository/io/netty/netty-handler/4.1.79.Final/netty-handler-4.1.79.Final.jar:/home/runner/.m2/repository/org/apache/ozone/hdds-hadoop-dependency-test/1.3.0-SNAPSHOT/hdds-hadoop-dependency-test-1.3.0-SNAPSHOT.jar:/home/runner/.m2/repository/org/apache/hadoop/hadoop-common/3.3.1/hadoop-common-3.3.1-tests.jar:/home/runner/.m2/repository/org/apache/hadoop/hadoop-hdfs/3.3.1/hadoop-hdfs-3.3.1-tests.jar:/home/runner/.m2/repository/org/assertj/assertj-core/3.12.2/assertj-core-3.12.2.jar:/home/runner/.m2/repository/org/apache/hadoop/hadoop-distcp/3.3.1/hadoop-distcp-3.3.1.jar:/home/runner/.m2/repository/org/apache/hadoop/hadoop-mapreduce-client-jobclient/3.3.1/hadoop-mapreduce-client-jobclient-3.3.1.jar:/home/runner/.m2/repository/org/apache/hadoop/hadoop-mapreduce-client-common/3.3.1/hadoop-mapreduce-client-common-3.3.1.jar:/home/runner/.m2/repository/org/apache/hadoop/hadoop-yarn-common/3.3.1/hadoop-yarn-common-3.3.1.jar:/home/runner/.m2/repository/org/apache/hadoop/hadoop-yarn-api/3.3.1/hadoop-yarn-api-3.3.1.jar:/home/runner/.m2/repository/com/sun/jersey/contribs/jersey-guice/1.19/jersey-guice-1.19.jar:/home/runner/.m2/repository/com/fasterxml/jackson/jaxrs/jackson-jaxrs-json-provider/2.13.2/jackson-jaxrs-json-provider-2.13.2.jar:/home/runner/.m2/repository/com/fasterxml/jackson/jaxrs/jackson-jaxrs-base/2.13.2/jackson-jaxrs-base-2.13.2.jar:/home/runner/.m2/repository/org/apache/hadoop/hadoop-yarn-client/3.3.1/hadoop-yarn-client-3.3.1.jar:/home/runner/.m2/repository/org/eclipse/jetty/websocket/websocket-client/9.4.40.v20210413/websocket-client-9.4.40.v20210413.jar:/home/runner/.m2/repository/org/eclipse/jetty/websocket/websocket-common/9.4.40.v20210413/websocket-common-9.4.40.v20210413.jar:/home/runner/.m2/repository/org/eclipse/jetty/websocket/websocket-api/9.4.40.v20210413/websocket-api-9.4.40.v20210413.jar:/home/runner/.m2/repository/org/jline/jline/3.9.0/jline-3.9.0.jar:/home/runner/.m2/repository/org/apache/hadoop/hadoop-mapreduce-client-core/3.3.1/hadoop-mapreduce-client-core-3.3.1.jar:/home/runner/.m2/repository/org/apache/avro/avro/1.7.7/avro-1.7.7.jar:/home/runner/.m2/repository/org/codehaus/jackson/jackson-core-asl/1.9.13/jackson-core-asl-1.9.13.jar:/home/runner/.m2/repository/org/codehaus/jackson/jackson-mapper-asl/1.9.13/jackson-mapper-asl-1.9.13.jar:/home/runner/.m2/repository/com/thoughtworks/paranamer/paranamer/2.3/paranamer-2.3.jar:/home/runner/.m2/repository/org/apache/hadoop/hadoop-annotations/3.3.1/hadoop-annotations-3.3.1.jar:/opt/hostedtoolcache/jdk/8.0.345/x64/jre/../lib/tools.jar:/home/runner/.m2/repository/io/netty/netty/3.10.6.Final/netty-3.10.6.Final.jar:/home/runner/.m2/repository/org/apache/hadoop/hadoop-distcp/3.3.1/hadoop-distcp-3.3.1-tests.jar:/home/runner/.m2/repository/org/slf4j/jul-to-slf4j/1.7.36/jul-to-slf4j-1.7.36.jar:/home/runner/.m2/repository/org/apache/ratis/ratis-common/2.3.0/ratis-common-2.3.0.jar:/home/runner/.m2/repository/org/apache/ratis/ratis-thirdparty-misc/1.0.0/ratis-thirdparty-misc-1.0.0.jar:/home/runner/.m2/repository/org/apache/ratis/ratis-proto/2.3.0/ratis-proto-2.3.0.jar:"/>
    <property name="java.vm.vendor" value="Azul Systems, Inc."/>
    <property name="sun.arch.data.model" value="64"/>
    <property name="test.build.dir" value="/home/runner/work/ozone/ozone/hadoop-ozone/integration-test/target/test-dir"/>
    <property name="test.cache.data" value=""/>
    <property name="java.vendor.url" value="http://www.azul.com/"/>
    <property name="user.timezone" value="Etc/UTC"/>
    <property name="java.vm.specification.version" value="1.8"/>
    <property name="os.name" value="Linux"/>
    <property name="test.build.data" value="/home/runner/work/ozone/ozone/hadoop-ozone/integration-test/target/test-dir"/>
    <property name="sun.java.launcher" value="SUN_STANDARD"/>
    <property name="sun.boot.library.path" value="/opt/hostedtoolcache/jdk/8.0.345/x64/jre/lib/amd64"/>
    <property name="sun.java.command" value="/home/runner/work/ozone/ozone/hadoop-ozone/integration-test/target/surefire/surefirebooter8779906127713179381.jar /home/runner/work/ozone/ozone/hadoop-ozone/integration-test/target/surefire 2022-10-04T12-57-54_280-jvmRun1 surefire7738614886923365242tmp surefire_31295871338975117852tmp"/>
    <property name="surefire.test.class.path" value="/home/runner/work/ozone/ozone/hadoop-ozone/integration-test/target/test-classes:/home/runner/work/ozone/ozone/hadoop-ozone/integration-test/target/classes:/home/runner/.m2/repository/org/apache/ozone/ozone-common/1.3.0-SNAPSHOT/ozone-common-1.3.0-SNAPSHOT.jar:/home/runner/.m2/repository/io/grpc/grpc-netty/1.48.1/grpc-netty-1.48.1.jar:/home/runner/.m2/repository/io/grpc/grpc-core/1.48.1/grpc-core-1.48.1.jar:/home/runner/.m2/repository/com/google/android/annotations/4.1.1.4/annotations-4.1.1.4.jar:/home/runner/.m2/repository/org/codehaus/mojo/animal-sniffer-annotations/1.21/animal-sniffer-annotations-1.21.jar:/home/runner/.m2/repository/com/google/errorprone/error_prone_annotations/2.2.0/error_prone_annotations-2.2.0.jar:/home/runner/.m2/repository/io/perfmark/perfmark-api/0.25.0/perfmark-api-0.25.0.jar:/home/runner/.m2/repository/io/netty/netty-codec-http2/4.1.79.Final/netty-codec-http2-4.1.79.Final.jar:/home/runner/.m2/repository/io/netty/netty-common/4.1.79.Final/netty-common-4.1.79.Final.jar:/home/runner/.m2/repository/io/netty/netty-buffer/4.1.79.Final/netty-buffer-4.1.79.Final.jar:/home/runner/.m2/repository/io/netty/netty-codec-http/4.1.79.Final/netty-codec-http-4.1.79.Final.jar:/home/runner/.m2/repository/io/netty/netty-handler-proxy/4.1.79.Final/netty-handler-proxy-4.1.79.Final.jar:/home/runner/.m2/repository/io/netty/netty-codec-socks/4.1.79.Final/netty-codec-socks-4.1.79.Final.jar:/home/runner/.m2/repository/io/netty/netty-tcnative-boringssl-static/2.0.53.Final/netty-tcnative-boringssl-static-2.0.53.Final.jar:/home/runner/.m2/repository/io/netty/netty-tcnative-classes/2.0.53.Final/netty-tcnative-classes-2.0.53.Final.jar:/home/runner/.m2/repository/io/netty/netty-tcnative-boringssl-static/2.0.53.Final/netty-tcnative-boringssl-static-2.0.53.Final-linux-x86_64.jar:/home/runner/.m2/repository/io/netty/netty-tcnative-boringssl-static/2.0.53.Final/netty-tcnative-boringssl-static-2.0.53.Final-linux-aarch_64.jar:/home/runner/.m2/repository/io/netty/netty-tcnative-boringssl-static/2.0.53.Final/netty-tcnative-boringssl-static-2.0.53.Final-osx-x86_64.jar:/home/runner/.m2/repository/io/netty/netty-tcnative-boringssl-static/2.0.53.Final/netty-tcnative-boringssl-static-2.0.53.Final-osx-aarch_64.jar:/home/runner/.m2/repository/io/netty/netty-tcnative-boringssl-static/2.0.53.Final/netty-tcnative-boringssl-static-2.0.53.Final-windows-x86_64.jar:/home/runner/.m2/repository/org/apache/commons/commons-compress/1.21/commons-compress-1.21.jar:/home/runner/.m2/repository/org/apache/ozone/hdds-common/1.3.0-SNAPSHOT/hdds-common-1.3.0-SNAPSHOT.jar:/home/runner/.m2/repository/org/apache/ozone/hdds-client/1.3.0-SNAPSHOT/hdds-client-1.3.0-SNAPSHOT.jar:/home/runner/.m2/repository/org/apache/ozone/ozone-interface-client/1.3.0-SNAPSHOT/ozone-interface-client-1.3.0-SNAPSHOT.jar:/home/runner/.m2/repository/org/apache/ozone/hdds-test-utils/1.3.0-SNAPSHOT/hdds-test-utils-1.3.0-SNAPSHOT.jar:/home/runner/.m2/repository/com/google/guava/guava/31.1-jre/guava-31.1-jre.jar:/home/runner/.m2/repository/com/google/guava/failureaccess/1.0.1/failureaccess-1.0.1.jar:/home/runner/.m2/repository/com/google/guava/listenablefuture/9999.0-empty-to-avoid-conflict-with-guava/listenablefuture-9999.0-empty-to-avoid-conflict-with-guava.jar:/home/runner/.m2/repository/com/google/code/findbugs/jsr305/3.0.0/jsr305-3.0.0.jar:/home/runner/.m2/repository/org/checkerframework/checker-qual/3.12.0/checker-qual-3.12.0.jar:/home/runner/.m2/repository/com/google/j2objc/j2objc-annotations/1.3/j2objc-annotations-1.3.jar:/home/runner/.m2/repository/commons-io/commons-io/2.11.0/commons-io-2.11.0.jar:/home/runner/.m2/repository/commons-logging/commons-logging/1.2/commons-logging-1.2.jar:/home/runner/.m2/repository/ch/qos/reload4j/reload4j/1.2.22/reload4j-1.2.22.jar:/home/runner/.m2/repository/org/slf4j/slf4j-api/1.7.36/slf4j-api-1.7.36.jar:/home/runner/.m2/repository/org/apache/ozone/hdds-server-scm/1.3.0-SNAPSHOT/hdds-server-scm-1.3.0-SNAPSHOT.jar:/home/runner/.m2/repository/org/apache/ozone/hdds-container-service/1.3.0-SNAPSHOT/hdds-container-service-1.3.0-SNAPSHOT.jar:/home/runner/.m2/repository/org/apache/ozone/hdds-hadoop-dependency-server/1.3.0-SNAPSHOT/hdds-hadoop-dependency-server-1.3.0-SNAPSHOT.jar:/home/runner/.m2/repository/org/apache/hadoop/hadoop-hdfs/3.3.1/hadoop-hdfs-3.3.1.jar:/home/runner/.m2/repository/org/eclipse/jetty/jetty-util-ajax/9.4.43.v20210629/jetty-util-ajax-9.4.43.v20210629.jar:/home/runner/.m2/repository/commons-daemon/commons-daemon/1.0.13/commons-daemon-1.0.13.jar:/home/runner/.m2/repository/org/apache/ozone/hdds-server-framework/1.3.0-SNAPSHOT/hdds-server-framework-1.3.0-SNAPSHOT.jar:/home/runner/.m2/repository/org/apache/ozone/hdds-interface-server/1.3.0-SNAPSHOT/hdds-interface-server-1.3.0-SNAPSHOT.jar:/home/runner/.m2/repository/org/apache/logging/log4j/log4j-core/2.17.1/log4j-core-2.17.1.jar:/home/runner/.m2/repository/com/lmax/disruptor/3.4.2/disruptor-3.4.2.jar:/home/runner/.m2/repository/org/eclipse/jetty/jetty-servlet/9.4.43.v20210629/jetty-servlet-9.4.43.v20210629.jar:/home/runner/.m2/repository/org/eclipse/jetty/jetty-security/9.4.43.v20210629/jetty-security-9.4.43.v20210629.jar:/home/runner/.m2/repository/org/rocksdb/rocksdbjni/7.4.5/rocksdbjni-7.4.5.jar:/home/runner/.m2/repository/io/prometheus/simpleclient_dropwizard/0.7.0/simpleclient_dropwizard-0.7.0.jar:/home/runner/.m2/repository/io/prometheus/simpleclient/0.7.0/simpleclient-0.7.0.jar:/home/runner/.m2/repository/io/prometheus/simpleclient_common/0.7.0/simpleclient_common-0.7.0.jar:/home/runner/.m2/repository/io/dropwizard/metrics/metrics-core/3.2.4/metrics-core-3.2.4.jar:/home/runner/.m2/repository/org/apache/hadoop/hadoop-hdfs-client/3.3.1/hadoop-hdfs-client-3.3.1.jar:/home/runner/.m2/repository/org/bouncycastle/bcprov-jdk15on/1.67/bcprov-jdk15on-1.67.jar:/home/runner/.m2/repository/com/google/protobuf/protobuf-java/2.5.0/protobuf-java-2.5.0.jar:/home/runner/.m2/repository/org/apache/ozone/ozone-manager/1.3.0-SNAPSHOT/ozone-manager-1.3.0-SNAPSHOT.jar:/home/runner/.m2/repository/org/aspectj/aspectjrt/1.9.7/aspectjrt-1.9.7.jar:/home/runner/.m2/repository/org/aspectj/aspectjweaver/1.9.7/aspectjweaver-1.9.7.jar:/home/runner/.m2/repository/org/apache/ozone/hdds-interface-client/1.3.0-SNAPSHOT/hdds-interface-client-1.3.0-SNAPSHOT.jar:/home/runner/.m2/repository/org/apache/hadoop/thirdparty/hadoop-shaded-protobuf_3_7/1.1.1/hadoop-shaded-protobuf_3_7-1.1.1.jar:/home/runner/.m2/repository/org/apache/ozone/ozone-interface-storage/1.3.0-SNAPSHOT/ozone-interface-storage-1.3.0-SNAPSHOT.jar:/home/runner/.m2/repository/org/reflections/reflections/0.9.11/reflections-0.9.11.jar:/home/runner/.m2/repository/com/sun/jersey/jersey-client/1.19/jersey-client-1.19.jar:/home/runner/.m2/repository/org/apache/ranger/ranger-intg/2.3.0/ranger-intg-2.3.0.jar:/home/runner/.m2/repository/org/apache/ranger/ranger-plugins-common/2.3.0/ranger-plugins-common-2.3.0.jar:/home/runner/.m2/repository/commons-lang/commons-lang/2.6/commons-lang-2.6.jar:/home/runner/.m2/repository/org/codehaus/jackson/jackson-jaxrs/1.9.13/jackson-jaxrs-1.9.13.jar:/home/runner/.m2/repository/org/apache/ranger/ranger-plugins-cred/2.3.0/ranger-plugins-cred-2.3.0.jar:/home/runner/.m2/repository/org/apache/ranger/ranger-plugins-audit/2.3.0/ranger-plugins-audit-2.3.0.jar:/home/runner/.m2/repository/org/eclipse/jetty/jetty-client/9.4.31.v20200723/jetty-client-9.4.31.v20200723.jar:/home/runner/.m2/repository/org/apache/httpcomponents/httpmime/4.5.6/httpmime-4.5.6.jar:/home/runner/.m2/repository/org/apache/httpcomponents/httpcore-nio/4.4.6/httpcore-nio-4.4.6.jar:/home/runner/.m2/repository/org/apache/httpcomponents/httpasyncclient/4.1.3/httpasyncclient-4.1.3.jar:/home/runner/.m2/repository/com/carrotsearch/hppc/0.8.0/hppc-0.8.0.jar:/home/runner/.m2/repository/org/apache/orc/orc-core/1.5.8/orc-core-1.5.8.jar:/home/runner/.m2/repository/net/java/dev/jna/jna/5.2.0/jna-5.2.0.jar:/home/runner/.m2/repository/net/java/dev/jna/jna-platform/5.2.0/jna-platform-5.2.0.jar:/home/runner/.m2/repository/com/kstruct/gethostname4j/0.0.2/gethostname4j-0.0.2.jar:/home/runner/.m2/repository/org/apache/ranger/ranger-plugin-classloader/2.3.0/ranger-plugin-classloader-2.3.0.jar:/home/runner/.m2/repository/org/apache/hadoop/hadoop-minikdc/3.3.1/hadoop-minikdc-3.3.1.jar:/home/runner/.m2/repository/org/apache/kerby/kerb-simplekdc/1.0.1/kerb-simplekdc-1.0.1.jar:/home/runner/.m2/repository/org/apache/kerby/kerb-client/1.0.1/kerb-client-1.0.1.jar:/home/runner/.m2/repository/org/apache/kerby/kerby-config/1.0.1/kerby-config-1.0.1.jar:/home/runner/.m2/repository/org/apache/kerby/kerb-common/1.0.1/kerb-common-1.0.1.jar:/home/runner/.m2/repository/org/apache/kerby/kerb-crypto/1.0.1/kerb-crypto-1.0.1.jar:/home/runner/.m2/repository/org/apache/kerby/kerb-util/1.0.1/kerb-util-1.0.1.jar:/home/runner/.m2/repository/org/apache/kerby/token-provider/1.0.1/token-provider-1.0.1.jar:/home/runner/.m2/repository/org/apache/kerby/kerb-admin/1.0.1/kerb-admin-1.0.1.jar:/home/runner/.m2/repository/org/apache/kerby/kerb-server/1.0.1/kerb-server-1.0.1.jar:/home/runner/.m2/repository/org/apache/kerby/kerb-identity/1.0.1/kerb-identity-1.0.1.jar:/home/runner/.m2/repository/org/apache/kerby/kerby-xdr/1.0.1/kerby-xdr-1.0.1.jar:/home/runner/.m2/repository/org/apache/ozone/ozone-s3gateway/1.3.0-SNAPSHOT/ozone-s3gateway-1.3.0-SNAPSHOT.jar:/home/runner/.m2/repository/org/javassist/javassist/3.21.0-GA/javassist-3.21.0-GA.jar:/home/runner/.m2/repository/org/jboss/weld/servlet/weld-servlet/2.4.7.Final/weld-servlet-2.4.7.Final.jar:/home/runner/.m2/repository/org/glassfish/jersey/containers/jersey-container-servlet-core/2.34/jersey-container-servlet-core-2.34.jar:/home/runner/.m2/repository/org/glassfish/hk2/external/jakarta.inject/2.6.1/jakarta.inject-2.6.1.jar:/home/runner/.m2/repository/org/glassfish/jersey/core/jersey-common/2.34/jersey-common-2.34.jar:/home/runner/.m2/repository/jakarta/ws/rs/jakarta.ws.rs-api/2.1.6/jakarta.ws.rs-api-2.1.6.jar:/home/runner/.m2/repository/org/glassfish/jersey/ext/cdi/jersey-cdi1x/2.34/jersey-cdi1x-2.34.jar:/home/runner/.m2/repository/org/glassfish/jersey/inject/jersey-hk2/2.34/jersey-hk2-2.34.jar:/home/runner/.m2/repository/org/glassfish/hk2/hk2-locator/2.6.1/hk2-locator-2.6.1.jar:/home/runner/.m2/repository/org/glassfish/jersey/media/jersey-media-jaxb/2.34/jersey-media-jaxb-2.34.jar:/home/runner/.m2/repository/org/glassfish/hk2/osgi-resource-locator/1.0.3/osgi-resource-locator-1.0.3.jar:/home/runner/.m2/repository/org/glassfish/hk2/hk2-api/2.5.0/hk2-api-2.5.0.jar:/home/runner/.m2/repository/org/glassfish/hk2/hk2-utils/2.5.0/hk2-utils-2.5.0.jar:/home/runner/.m2/repository/org/glassfish/hk2/external/aopalliance-repackaged/2.5.0/aopalliance-repackaged-2.5.0.jar:/home/runner/.m2/repository/com/fasterxml/jackson/dataformat/jackson-dataformat-xml/2.13.2/jackson-dataformat-xml-2.13.2.jar:/home/runner/.m2/repository/com/fasterxml/jackson/core/jackson-core/2.13.2/jackson-core-2.13.2.jar:/home/runner/.m2/repository/org/codehaus/woodstox/stax2-api/3.1.4/stax2-api-3.1.4.jar:/home/runner/.m2/repository/com/fasterxml/woodstox/woodstox-core/5.0.3/woodstox-core-5.0.3.jar:/home/runner/.m2/repository/com/fasterxml/jackson/module/jackson-module-jaxb-annotations/2.13.2/jackson-module-jaxb-annotations-2.13.2.jar:/home/runner/.m2/repository/jakarta/xml/bind/jakarta.xml.bind-api/2.3.3/jakarta.xml.bind-api-2.3.3.jar:/home/runner/.m2/repository/jakarta/activation/jakarta.activation-api/1.2.1/jakarta.activation-api-1.2.1.jar:/home/runner/.m2/repository/javax/enterprise/cdi-api/1.2/cdi-api-1.2.jar:/home/runner/.m2/repository/javax/el/javax.el-api/3.0.0/javax.el-api-3.0.0.jar:/home/runner/.m2/repository/javax/interceptor/javax.interceptor-api/1.2/javax.interceptor-api-1.2.jar:/home/runner/.m2/repository/javax/inject/javax.inject/1/javax.inject-1.jar:/home/runner/.m2/repository/javax/xml/bind/jaxb-api/2.3.0/jaxb-api-2.3.0.jar:/home/runner/.m2/repository/org/glassfish/jaxb/jaxb-runtime/2.3.0.1/jaxb-runtime-2.3.0.1.jar:/home/runner/.m2/repository/org/glassfish/jaxb/jaxb-core/2.3.0.1/jaxb-core-2.3.0.1.jar:/home/runner/.m2/repository/org/glassfish/jaxb/txw2/2.3.0.1/txw2-2.3.0.1.jar:/home/runner/.m2/repository/com/sun/istack/istack-commons-runtime/3.0.5/istack-commons-runtime-3.0.5.jar:/home/runner/.m2/repository/org/jvnet/staxex/stax-ex/1.7.8/stax-ex-1.7.8.jar:/home/runner/.m2/repository/com/sun/xml/fastinfoset/FastInfoset/1.2.13/FastInfoset-1.2.13.jar:/home/runner/.m2/repository/javax/activation/activation/1.1.1/activation-1.1.1.jar:/home/runner/.m2/repository/io/grpc/grpc-protobuf/1.48.1/grpc-protobuf-1.48.1.jar:/home/runner/.m2/repository/io/grpc/grpc-api/1.48.1/grpc-api-1.48.1.jar:/home/runner/.m2/repository/io/grpc/grpc-context/1.48.1/grpc-context-1.48.1.jar:/home/runner/.m2/repository/com/google/api/grpc/proto-google-common-protos/2.9.0/proto-google-common-protos-2.9.0.jar:/home/runner/.m2/repository/io/grpc/grpc-protobuf-lite/1.48.1/grpc-protobuf-lite-1.48.1.jar:/home/runner/.m2/repository/io/grpc/grpc-stub/1.48.1/grpc-stub-1.48.1.jar:/home/runner/.m2/repository/io/netty/netty-transport/4.1.79.Final/netty-transport-4.1.79.Final.jar:/home/runner/.m2/repository/io/netty/netty-resolver/4.1.79.Final/netty-resolver-4.1.79.Final.jar:/home/runner/.m2/repository/org/apache/ozone/ozone-csi/1.3.0-SNAPSHOT/ozone-csi-1.3.0-SNAPSHOT.jar:/home/runner/.m2/repository/com/google/protobuf/protobuf-java-util/3.19.2/protobuf-java-util-3.19.2.jar:/home/runner/.m2/repository/com/google/code/gson/gson/2.9.0/gson-2.9.0.jar:/home/runner/.m2/repository/org/apache/ozone/hdds-config/1.3.0-SNAPSHOT/hdds-config-1.3.0-SNAPSHOT.jar:/home/runner/.m2/repository/io/netty/netty-transport-native-epoll/4.1.79.Final/netty-transport-native-epoll-4.1.79.Final-linux-x86_64.jar:/home/runner/.m2/repository/io/netty/netty-transport-classes-epoll/4.1.79.Final/netty-transport-classes-epoll-4.1.79.Final.jar:/home/runner/.m2/repository/io/netty/netty-transport-native-unix-common/4.1.79.Final/netty-transport-native-unix-common-4.1.79.Final.jar:/home/runner/.m2/repository/org/slf4j/slf4j-reload4j/1.7.36/slf4j-reload4j-1.7.36.jar:/home/runner/.m2/repository/org/apache/ozone/ozone-recon/1.3.0-SNAPSHOT/ozone-recon-1.3.0-SNAPSHOT.jar:/home/runner/.m2/repository/org/apache/ozone/ozone-reconcodegen/1.3.0-SNAPSHOT/ozone-reconcodegen-1.3.0-SNAPSHOT.jar:/home/runner/.m2/repository/com/google/inject/extensions/guice-multibindings/4.0/guice-multibindings-4.0.jar:/home/runner/.m2/repository/com/google/inject/guice/4.0/guice-4.0.jar:/home/runner/.m2/repository/aopalliance/aopalliance/1.0/aopalliance-1.0.jar:/home/runner/.m2/repository/com/google/inject/extensions/guice-assistedinject/4.0/guice-assistedinject-4.0.jar:/home/runner/.m2/repository/com/google/inject/extensions/guice-servlet/4.0/guice-servlet-4.0.jar:/home/runner/.m2/repository/org/glassfish/jersey/containers/jersey-container-servlet/2.34/jersey-container-servlet-2.34.jar:/home/runner/.m2/repository/org/glassfish/hk2/guice-bridge/2.5.0/guice-bridge-2.5.0.jar:/home/runner/.m2/repository/org/glassfish/jersey/core/jersey-server/2.34/jersey-server-2.34.jar:/home/runner/.m2/repository/org/glassfish/jersey/core/jersey-client/2.34/jersey-client-2.34.jar:/home/runner/.m2/repository/jakarta/annotation/jakarta.annotation-api/1.3.5/jakarta.annotation-api-1.3.5.jar:/home/runner/.m2/repository/jakarta/validation/jakarta.validation-api/2.0.2/jakarta.validation-api-2.0.2.jar:/home/runner/.m2/repository/org/glassfish/jersey/media/jersey-media-json-jackson/2.34/jersey-media-json-jackson-2.34.jar:/home/runner/.m2/repository/org/glassfish/jersey/ext/jersey-entity-filtering/2.34/jersey-entity-filtering-2.34.jar:/home/runner/.m2/repository/org/jooq/jooq/3.11.10/jooq-3.11.10.jar:/home/runner/.m2/repository/org/jooq/jooq-meta/3.11.10/jooq-meta-3.11.10.jar:/home/runner/.m2/repository/org/jooq/jooq-codegen/3.11.10/jooq-codegen-3.11.10.jar:/home/runner/.m2/repository/com/jolbox/bonecp/0.8.0.RELEASE/bonecp-0.8.0.RELEASE.jar:/home/runner/.m2/repository/org/apache/derby/derby/10.14.2.0/derby-10.14.2.0.jar:/home/runner/.m2/repository/org/xerial/sqlite-jdbc/3.25.2/sqlite-jdbc-3.25.2.jar:/home/runner/.m2/repository/org/springframework/spring-jdbc/5.2.20.RELEASE/spring-jdbc-5.2.20.RELEASE.jar:/home/runner/.m2/repository/org/springframework/spring-beans/5.2.20.RELEASE/spring-beans-5.2.20.RELEASE.jar:/home/runner/.m2/repository/org/springframework/spring-core/5.2.20.RELEASE/spring-core-5.2.20.RELEASE.jar:/home/runner/.m2/repository/org/springframework/spring-jcl/5.2.20.RELEASE/spring-jcl-5.2.20.RELEASE.jar:/home/runner/.m2/repository/org/springframework/spring-tx/5.2.20.RELEASE/spring-tx-5.2.20.RELEASE.jar:/home/runner/.m2/repository/org/apache/ozone/ozone-client/1.3.0-SNAPSHOT/ozone-client-1.3.0-SNAPSHOT.jar:/home/runner/.m2/repository/org/apache/ozone/hdds-erasurecode/1.3.0-SNAPSHOT/hdds-erasurecode-1.3.0-SNAPSHOT.jar:/home/runner/.m2/repository/com/github/spotbugs/spotbugs-annotations/3.1.12/spotbugs-annotations-3.1.12.jar:/home/runner/.m2/repository/org/apache/ozone/ozone-filesystem/1.3.0-SNAPSHOT/ozone-filesystem-1.3.0-SNAPSHOT.jar:/home/runner/.m2/repository/org/apache/ozone/ozone-filesystem-common/1.3.0-SNAPSHOT/ozone-filesystem-common-1.3.0-SNAPSHOT.jar:/home/runner/.m2/repository/org/apache/ozone/ozone-tools/1.3.0-SNAPSHOT/ozone-tools-1.3.0-SNAPSHOT.jar:/home/runner/.m2/repository/org/apache/ratis/ratis-tools/2.3.0/ratis-tools-2.3.0.jar:/home/runner/.m2/repository/com/amazonaws/aws-java-sdk-core/1.12.261/aws-java-sdk-core-1.12.261.jar:/home/runner/.m2/repository/org/apache/httpcomponents/httpclient/4.5.13/httpclient-4.5.13.jar:/home/runner/.m2/repository/org/apache/httpcomponents/httpcore/4.4.13/httpcore-4.4.13.jar:/home/runner/.m2/repository/software/amazon/ion/ion-java/1.0.2/ion-java-1.0.2.jar:/home/runner/.m2/repository/com/fasterxml/jackson/dataformat/jackson-dataformat-cbor/2.13.2/jackson-dataformat-cbor-2.13.2.jar:/home/runner/.m2/repository/joda-time/joda-time/2.8.1/joda-time-2.8.1.jar:/home/runner/.m2/repository/com/amazonaws/aws-java-sdk-s3/1.12.261/aws-java-sdk-s3-1.12.261.jar:/home/runner/.m2/repository/com/amazonaws/aws-java-sdk-kms/1.12.261/aws-java-sdk-kms-1.12.261.jar:/home/runner/.m2/repository/com/amazonaws/jmespath-java/1.12.261/jmespath-java-1.12.261.jar:/home/runner/.m2/repository/org/kohsuke/metainf-services/metainf-services/1.8/metainf-services-1.8.jar:/home/runner/.m2/repository/org/apache/ozone/hdds-tools/1.3.0-SNAPSHOT/hdds-tools-1.3.0-SNAPSHOT.jar:/home/runner/.m2/repository/commons-cli/commons-cli/1.2/commons-cli-1.2.jar:/home/runner/.m2/repository/org/apache/commons/commons-lang3/3.7/commons-lang3-3.7.jar:/home/runner/.m2/repository/org/apache/ozone/ozone-manager/1.3.0-SNAPSHOT/ozone-manager-1.3.0-SNAPSHOT-tests.jar:/home/runner/.m2/repository/org/apache/ozone/hdds-common/1.3.0-SNAPSHOT/hdds-common-1.3.0-SNAPSHOT-tests.jar:/home/runner/.m2/repository/org/apache/ozone/hdds-hadoop-dependency-client/1.3.0-SNAPSHOT/hdds-hadoop-dependency-client-1.3.0-SNAPSHOT.jar:/home/runner/.m2/repository/info/picocli/picocli/4.6.1/picocli-4.6.1.jar:/home/runner/.m2/repository/com/fasterxml/jackson/core/jackson-annotations/2.13.2/jackson-annotations-2.13.2.jar:/home/runner/.m2/repository/com/fasterxml/jackson/datatype/jackson-datatype-jsr310/2.13.2/jackson-datatype-jsr310-2.13.2.jar:/home/runner/.m2/repository/org/apache/ozone/hdds-annotation-processing/1.3.0-SNAPSHOT/hdds-annotation-processing-1.3.0-SNAPSHOT.jar:/home/runner/.m2/repository/javax/annotation/javax.annotation-api/1.2/javax.annotation-api-1.2.jar:/home/runner/.m2/repository/org/apache/ratis/ratis-server/2.3.0/ratis-server-2.3.0.jar:/home/runner/.m2/repository/org/apache/ratis/ratis-client/2.3.0/ratis-client-2.3.0.jar:/home/runner/.m2/repository/org/apache/ratis/ratis-server-api/2.3.0/ratis-server-api-2.3.0.jar:/home/runner/.m2/repository/org/apache/ratis/ratis-metrics/2.3.0/ratis-metrics-2.3.0.jar:/home/runner/.m2/repository/org/apache/ratis/ratis-netty/2.3.0/ratis-netty-2.3.0.jar:/home/runner/.m2/repository/org/apache/ratis/ratis-grpc/2.3.0/ratis-grpc-2.3.0.jar:/home/runner/.m2/repository/org/apache/logging/log4j/log4j-api/2.17.1/log4j-api-2.17.1.jar:/home/runner/.m2/repository/org/apache/commons/commons-pool2/2.6.0/commons-pool2-2.6.0.jar:/home/runner/.m2/repository/org/bouncycastle/bcpkix-jdk15on/1.67/bcpkix-jdk15on-1.67.jar:/home/runner/.m2/repository/commons-validator/commons-validator/1.6/commons-validator-1.6.jar:/home/runner/.m2/repository/commons-beanutils/commons-beanutils/1.9.4/commons-beanutils-1.9.4.jar:/home/runner/.m2/repository/commons-digester/commons-digester/1.8.1/commons-digester-1.8.1.jar:/home/runner/.m2/repository/commons-collections/commons-collections/3.2.2/commons-collections-3.2.2.jar:/home/runner/.m2/repository/io/jaegertracing/jaeger-client/1.6.0/jaeger-client-1.6.0.jar:/home/runner/.m2/repository/io/jaegertracing/jaeger-thrift/1.6.0/jaeger-thrift-1.6.0.jar:/home/runner/.m2/repository/org/apache/thrift/libthrift/0.14.1/libthrift-0.14.1.jar:/home/runner/.m2/repository/com/squareup/okhttp3/okhttp/4.9.0/okhttp-4.9.0.jar:/home/runner/.m2/repository/com/squareup/okio/okio/2.8.0/okio-2.8.0.jar:/home/runner/.m2/repository/io/jaegertracing/jaeger-core/1.6.0/jaeger-core-1.6.0.jar:/home/runner/.m2/repository/io/jaegertracing/jaeger-tracerresolver/1.6.0/jaeger-tracerresolver-1.6.0.jar:/home/runner/.m2/repository/io/opentracing/contrib/opentracing-tracerresolver/0.1.8/opentracing-tracerresolver-0.1.8.jar:/home/runner/.m2/repository/org/jetbrains/kotlin/kotlin-stdlib/1.6.21/kotlin-stdlib-1.6.21.jar:/home/runner/.m2/repository/org/jetbrains/kotlin/kotlin-stdlib-common/1.6.21/kotlin-stdlib-common-1.6.21.jar:/home/runner/.m2/repository/org/jetbrains/annotations/13.0/annotations-13.0.jar:/home/runner/.m2/repository/io/opentracing/opentracing-util/0.33.0/opentracing-util-0.33.0.jar:/home/runner/.m2/repository/io/opentracing/opentracing-api/0.33.0/opentracing-api-0.33.0.jar:/home/runner/.m2/repository/io/opentracing/opentracing-noop/0.33.0/opentracing-noop-0.33.0.jar:/home/runner/.m2/repository/org/yaml/snakeyaml/1.32/snakeyaml-1.32.jar:/home/runner/.m2/repository/org/apache/ozone/hdds-interface-admin/1.3.0-SNAPSHOT/hdds-interface-admin-1.3.0-SNAPSHOT.jar:/home/runner/.m2/repository/junit/junit/4.13.1/junit-4.13.1.jar:/home/runner/.m2/repository/org/hamcrest/hamcrest-core/1.3/hamcrest-core-1.3.jar:/home/runner/.m2/repository/org/junit/jupiter/junit-jupiter-api/5.8.2/junit-jupiter-api-5.8.2.jar:/home/runner/.m2/repository/org/opentest4j/opentest4j/1.2.0/opentest4j-1.2.0.jar:/home/runner/.m2/repository/org/junit/platform/junit-platform-commons/1.8.2/junit-platform-commons-1.8.2.jar:/home/runner/.m2/repository/org/apiguardian/apiguardian-api/1.1.2/apiguardian-api-1.1.2.jar:/home/runner/.m2/repository/org/junit/jupiter/junit-jupiter-params/5.8.2/junit-jupiter-params-5.8.2.jar:/home/runner/.m2/repository/org/junit/jupiter/junit-jupiter-migrationsupport/5.8.2/junit-jupiter-migrationsupport-5.8.2.jar:/home/runner/.m2/repository/org/junit/jupiter/junit-jupiter-engine/5.8.2/junit-jupiter-engine-5.8.2.jar:/home/runner/.m2/repository/org/junit/platform/junit-platform-engine/1.8.2/junit-platform-engine-1.8.2.jar:/home/runner/.m2/repository/org/junit/vintage/junit-vintage-engine/5.8.2/junit-vintage-engine-5.8.2.jar:/home/runner/.m2/repository/org/junit/platform/junit-platform-launcher/1.8.2/junit-platform-launcher-1.8.2.jar:/home/runner/.m2/repository/org/mockito/mockito-core/2.28.2/mockito-core-2.28.2.jar:/home/runner/.m2/repository/net/bytebuddy/byte-buddy/1.9.10/byte-buddy-1.9.10.jar:/home/runner/.m2/repository/net/bytebuddy/byte-buddy-agent/1.9.10/byte-buddy-agent-1.9.10.jar:/home/runner/.m2/repository/org/objenesis/objenesis/1.0/objenesis-1.0.jar:/home/runner/.m2/repository/org/apache/hadoop/hadoop-kms/3.3.1/hadoop-kms-3.3.1.jar:/home/runner/.m2/repository/org/apache/hadoop/hadoop-auth/3.3.1/hadoop-auth-3.3.1.jar:/home/runner/.m2/repository/com/nimbusds/nimbus-jose-jwt/7.9/nimbus-jose-jwt-7.9.jar:/home/runner/.m2/repository/com/github/stephenc/jcip/jcip-annotations/1.0-1/jcip-annotations-1.0-1.jar:/home/runner/.m2/repository/net/minidev/json-smart/2.4.7/json-smart-2.4.7.jar:/home/runner/.m2/repository/net/minidev/accessors-smart/2.4.7/accessors-smart-2.4.7.jar:/home/runner/.m2/repository/org/ow2/asm/asm/5.0.4/asm-5.0.4.jar:/home/runner/.m2/repository/org/apache/zookeeper/zookeeper/3.5.6/zookeeper-3.5.6.jar:/home/runner/.m2/repository/org/apache/zookeeper/zookeeper-jute/3.5.6/zookeeper-jute-3.5.6.jar:/home/runner/.m2/repository/org/apache/yetus/audience-annotations/0.5.0/audience-annotations-0.5.0.jar:/home/runner/.m2/repository/org/apache/curator/curator-framework/4.2.0/curator-framework-4.2.0.jar:/home/runner/.m2/repository/org/apache/hadoop/thirdparty/hadoop-shaded-guava/1.1.1/hadoop-shaded-guava-1.1.1.jar:/home/runner/.m2/repository/com/sun/jersey/jersey-core/1.19/jersey-core-1.19.jar:/home/runner/.m2/repository/javax/ws/rs/jsr311-api/1.1.1/jsr311-api-1.1.1.jar:/home/runner/.m2/repository/com/sun/jersey/jersey-server/1.19/jersey-server-1.19.jar:/home/runner/.m2/repository/javax/servlet/javax.servlet-api/3.1.0/javax.servlet-api-3.1.0.jar:/home/runner/.m2/repository/org/eclipse/jetty/jetty-server/9.4.43.v20210629/jetty-server-9.4.43.v20210629.jar:/home/runner/.m2/repository/org/eclipse/jetty/jetty-http/9.4.43.v20210629/jetty-http-9.4.43.v20210629.jar:/home/runner/.m2/repository/org/eclipse/jetty/jetty-io/9.4.43.v20210629/jetty-io-9.4.43.v20210629.jar:/home/runner/.m2/repository/org/eclipse/jetty/jetty-webapp/9.4.43.v20210629/jetty-webapp-9.4.43.v20210629.jar:/home/runner/.m2/repository/org/eclipse/jetty/jetty-xml/9.4.43.v20210629/jetty-xml-9.4.43.v20210629.jar:/home/runner/.m2/repository/org/apache/hadoop/hadoop-common/3.3.1/hadoop-common-3.3.1.jar:/home/runner/.m2/repository/org/apache/commons/commons-math3/3.1.1/commons-math3-3.1.1.jar:/home/runner/.m2/repository/commons-net/commons-net/3.6/commons-net-3.6.jar:/home/runner/.m2/repository/com/sun/jersey/jersey-servlet/1.19/jersey-servlet-1.19.jar:/home/runner/.m2/repository/com/sun/jersey/jersey-json/1.19/jersey-json-1.19.jar:/home/runner/.m2/repository/org/codehaus/jettison/jettison/1.1/jettison-1.1.jar:/home/runner/.m2/repository/com/sun/xml/bind/jaxb-impl/2.2.3-1/jaxb-impl-2.2.3-1.jar:/home/runner/.m2/repository/org/codehaus/jackson/jackson-xc/1.9.2/jackson-xc-1.9.2.jar:/home/runner/.m2/repository/org/apache/commons/commons-configuration2/2.1.1/commons-configuration2-2.1.1.jar:/home/runner/.m2/repository/org/apache/commons/commons-text/1.4/commons-text-1.4.jar:/home/runner/.m2/repository/com/google/re2j/re2j/1.1/re2j-1.1.jar:/home/runner/.m2/repository/com/jcraft/jsch/0.1.54/jsch-0.1.54.jar:/home/runner/.m2/repository/org/apache/curator/curator-client/4.2.0/curator-client-4.2.0.jar:/home/runner/.m2/repository/org/apache/curator/curator-recipes/4.2.0/curator-recipes-4.2.0.jar:/home/runner/.m2/repository/org/apache/htrace/htrace-core4/4.1.0-incubating/htrace-core4-4.1.0-incubating.jar:/home/runner/.m2/repository/org/apache/kerby/kerb-core/1.0.1/kerb-core-1.0.1.jar:/home/runner/.m2/repository/org/apache/kerby/kerby-pkix/1.0.1/kerby-pkix-1.0.1.jar:/home/runner/.m2/repository/org/apache/kerby/kerby-asn1/1.0.1/kerby-asn1-1.0.1.jar:/home/runner/.m2/repository/org/apache/kerby/kerby-util/1.0.1/kerby-util-1.0.1.jar:/home/runner/.m2/repository/dnsjava/dnsjava/2.1.7/dnsjava-2.1.7.jar:/home/runner/.m2/repository/org/xerial/snappy/snappy-java/1.1.8.2/snappy-java-1.1.8.2.jar:/home/runner/.m2/repository/org/eclipse/jetty/jetty-util/9.4.43.v20210629/jetty-util-9.4.43.v20210629.jar:/home/runner/.m2/repository/com/fasterxml/jackson/core/jackson-databind/2.13.2.2/jackson-databind-2.13.2.2.jar:/home/runner/.m2/repository/org/apache/hadoop/hadoop-kms/3.3.1/hadoop-kms-3.3.1-tests.jar:/home/runner/.m2/repository/org/apache/ozone/hdds-server-scm/1.3.0-SNAPSHOT/hdds-server-scm-1.3.0-SNAPSHOT-tests.jar:/home/runner/.m2/repository/org/apache/ozone/hdds-container-service/1.3.0-SNAPSHOT/hdds-container-service-1.3.0-SNAPSHOT-tests.jar:/home/runner/.m2/repository/commons-codec/commons-codec/1.11/commons-codec-1.11.jar:/home/runner/.m2/repository/io/netty/netty-codec/4.1.79.Final/netty-codec-4.1.79.Final.jar:/home/runner/.m2/repository/io/netty/netty-handler/4.1.79.Final/netty-handler-4.1.79.Final.jar:/home/runner/.m2/repository/org/apache/ozone/hdds-hadoop-dependency-test/1.3.0-SNAPSHOT/hdds-hadoop-dependency-test-1.3.0-SNAPSHOT.jar:/home/runner/.m2/repository/org/apache/hadoop/hadoop-common/3.3.1/hadoop-common-3.3.1-tests.jar:/home/runner/.m2/repository/org/apache/hadoop/hadoop-hdfs/3.3.1/hadoop-hdfs-3.3.1-tests.jar:/home/runner/.m2/repository/org/assertj/assertj-core/3.12.2/assertj-core-3.12.2.jar:/home/runner/.m2/repository/org/apache/hadoop/hadoop-distcp/3.3.1/hadoop-distcp-3.3.1.jar:/home/runner/.m2/repository/org/apache/hadoop/hadoop-mapreduce-client-jobclient/3.3.1/hadoop-mapreduce-client-jobclient-3.3.1.jar:/home/runner/.m2/repository/org/apache/hadoop/hadoop-mapreduce-client-common/3.3.1/hadoop-mapreduce-client-common-3.3.1.jar:/home/runner/.m2/repository/org/apache/hadoop/hadoop-yarn-common/3.3.1/hadoop-yarn-common-3.3.1.jar:/home/runner/.m2/repository/org/apache/hadoop/hadoop-yarn-api/3.3.1/hadoop-yarn-api-3.3.1.jar:/home/runner/.m2/repository/com/sun/jersey/contribs/jersey-guice/1.19/jersey-guice-1.19.jar:/home/runner/.m2/repository/com/fasterxml/jackson/jaxrs/jackson-jaxrs-json-provider/2.13.2/jackson-jaxrs-json-provider-2.13.2.jar:/home/runner/.m2/repository/com/fasterxml/jackson/jaxrs/jackson-jaxrs-base/2.13.2/jackson-jaxrs-base-2.13.2.jar:/home/runner/.m2/repository/org/apache/hadoop/hadoop-yarn-client/3.3.1/hadoop-yarn-client-3.3.1.jar:/home/runner/.m2/repository/org/eclipse/jetty/websocket/websocket-client/9.4.40.v20210413/websocket-client-9.4.40.v20210413.jar:/home/runner/.m2/repository/org/eclipse/jetty/websocket/websocket-common/9.4.40.v20210413/websocket-common-9.4.40.v20210413.jar:/home/runner/.m2/repository/org/eclipse/jetty/websocket/websocket-api/9.4.40.v20210413/websocket-api-9.4.40.v20210413.jar:/home/runner/.m2/repository/org/jline/jline/3.9.0/jline-3.9.0.jar:/home/runner/.m2/repository/org/apache/hadoop/hadoop-mapreduce-client-core/3.3.1/hadoop-mapreduce-client-core-3.3.1.jar:/home/runner/.m2/repository/org/apache/avro/avro/1.7.7/avro-1.7.7.jar:/home/runner/.m2/repository/org/codehaus/jackson/jackson-core-asl/1.9.13/jackson-core-asl-1.9.13.jar:/home/runner/.m2/repository/org/codehaus/jackson/jackson-mapper-asl/1.9.13/jackson-mapper-asl-1.9.13.jar:/home/runner/.m2/repository/com/thoughtworks/paranamer/paranamer/2.3/paranamer-2.3.jar:/home/runner/.m2/repository/org/apache/hadoop/hadoop-annotations/3.3.1/hadoop-annotations-3.3.1.jar:/opt/hostedtoolcache/jdk/8.0.345/x64/jre/../lib/tools.jar:/home/runner/.m2/repository/io/netty/netty/3.10.6.Final/netty-3.10.6.Final.jar:/home/runner/.m2/repository/org/apache/hadoop/hadoop-distcp/3.3.1/hadoop-distcp-3.3.1-tests.jar:/home/runner/.m2/repository/org/slf4j/jul-to-slf4j/1.7.36/jul-to-slf4j-1.7.36.jar:/home/runner/.m2/repository/org/apache/ratis/ratis-common/2.3.0/ratis-common-2.3.0.jar:/home/runner/.m2/repository/org/apache/ratis/ratis-thirdparty-misc/1.0.0/ratis-thirdparty-misc-1.0.0.jar:/home/runner/.m2/repository/org/apache/ratis/ratis-proto/2.3.0/ratis-proto-2.3.0.jar:"/>
    <property name="sun.cpu.endian" value="little"/>
    <property name="user.home" value="/home/runner"/>
    <property name="user.language" value="en"/>
    <property name="java.specification.vendor" value="Oracle Corporation"/>
    <property name="java.home" value="/opt/hostedtoolcache/jdk/8.0.345/x64/jre"/>
    <property name="java.security.krb5.conf" value="/home/runner/work/ozone/ozone/hadoop-ozone/integration-test/target/test-classes/krb5.conf"/>
    <property name="basedir" value="/home/runner/work/ozone/ozone/hadoop-ozone/integration-test"/>
    <property name="file.separator" value="/"/>
    <property name="line.separator" value="&#10;"/>
    <property name="jdk.vendor.version" value="Zulu 8.64.0.19-CA-linux64"/>
    <property name="java.vm.specification.vendor" value="Oracle Corporation"/>
    <property name="java.specification.name" value="Java Platform API Specification"/>
    <property name="java.awt.graphicsenv" value="sun.awt.X11GraphicsEnvironment"/>
    <property name="skip.installnpx" value="true"/>
    <property name="surefire.real.class.path" value="/home/runner/work/ozone/ozone/hadoop-ozone/integration-test/target/surefire/surefirebooter8779906127713179381.jar:/home/runner/.m2/repository/org/jacoco/org.jacoco.agent/0.8.5/org.jacoco.agent-0.8.5-runtime.jar"/>
    <property name="hadoop.log.dir" value="/home/runner/work/ozone/ozone/hadoop-ozone/integration-test/target/log"/>
    <property name="sun.boot.class.path" value="/opt/hostedtoolcache/jdk/8.0.345/x64/jre/lib/resources.jar:/opt/hostedtoolcache/jdk/8.0.345/x64/jre/lib/rt.jar:/opt/hostedtoolcache/jdk/8.0.345/x64/jre/lib/sunrsasign.jar:/opt/hostedtoolcache/jdk/8.0.345/x64/jre/lib/jsse.jar:/opt/hostedtoolcache/jdk/8.0.345/x64/jre/lib/jce.jar:/opt/hostedtoolcache/jdk/8.0.345/x64/jre/lib/charsets.jar:/opt/hostedtoolcache/jdk/8.0.345/x64/jre/lib/jfr.jar:/opt/hostedtoolcache/jdk/8.0.345/x64/jre/lib/cat.jar:/opt/hostedtoolcache/jdk/8.0.345/x64/jre/classes"/>
    <property name="sun.management.compiler" value="HotSpot 64-Bit Tiered Compilers"/>
    <property name="skip.npx" value="true"/>
    <property name="java.runtime.version" value="1.8.0_345-b01"/>
    <property name="java.net.preferIPv4Stack" value="true"/>
    <property name="user.name" value="runner"/>
    <property name="path.separator" value=":"/>
    <property name="java.security.egd" value="file:///dev/urandom"/>
    <property name="os.version" value="5.15.0-1020-azure"/>
    <property name="java.endorsed.dirs" value="/opt/hostedtoolcache/jdk/8.0.345/x64/jre/lib/endorsed"/>
    <property name="java.runtime.name" value="OpenJDK Runtime Environment"/>
    <property name="file.encoding" value="UTF-8"/>
    <property name="java.vm.name" value="OpenJDK 64-Bit Server VM"/>
    <property name="test.build.webapps" value=""/>
    <property name="localRepository" value="/home/runner/.m2/repository"/>
    <property name="jetty.git.hash" value="526006ecfa3af7f1a27ef3a288e2bef7ea9dd7e8"/>
    <property name="java.vendor.url.bug" value="http://www.azul.com/support/"/>
    <property name="java.io.tmpdir" value="/tmp"/>
    <property name="require.test.libhadoop" value=""/>
    <property name="java.version" value="1.8.0_345"/>
    <property name="user.dir" value="/home/runner/work/ozone/ozone/hadoop-ozone/integration-test"/>
    <property name="os.arch" value="amd64"/>
    <property name="java.vm.specification.name" value="Java Virtual Machine Specification"/>
    <property name="test.build.classes" value="/home/runner/work/ozone/ozone/hadoop-ozone/integration-test/target/test-classes"/>
    <property name="java.awt.printerjob" value="sun.print.PSPrinterJob"/>
    <property name="sun.os.patch.level" value="unknown"/>
    <property name="hadoop.tmp.dir" value="/home/runner/work/ozone/ozone/hadoop-ozone/integration-test/target/tmp"/>
    <property name="java.library.path" value="/usr/java/packages/lib/amd64:/usr/lib64:/lib64:/lib:/usr/lib"/>
    <property name="java.vm.info" value="mixed mode"/>
    <property name="java.vendor" value="Azul Systems, Inc."/>
    <property name="java.vm.version" value="25.345-b01"/>
    <property name="java.ext.dirs" value="/opt/hostedtoolcache/jdk/8.0.345/x64/jre/lib/ext:/usr/java/packages/lib/ext"/>
    <property name="sun.io.unicode.encoding" value="UnicodeLittle"/>
    <property name="java.class.version" value="52.0"/>
  </properties>
  <testcase name="testMultipartUpload" classname="org.apache.hadoop.ozone.om.TestOzoneManagerHAWithData" time="11.927">
    <system-out><![CDATA[2022-10-04 13:25:29,145 [main] WARN  server.ServerUtils (ServerUtils.java:getScmDbDir(148)) - ozone.scm.db.dirs is not configured. We recommend adding this setting. Falling back to ozone.metadata.dirs instead.
2022-10-04 13:25:29,288 [main] WARN  server.ServerUtils (ServerUtils.java:getScmDbDir(148)) - ozone.scm.db.dirs is not configured. We recommend adding this setting. Falling back to ozone.metadata.dirs instead.
2022-10-04 13:25:29,292 [main] INFO  ha.SCMHANodeDetails (SCMHANodeDetails.java:loadSCMHAConfig(209)) - ServiceID for StorageContainerManager is null
2022-10-04 13:25:29,309 [main] WARN  ha.SCMHANodeDetails (SCMHANodeDetails.java:validateSCMHAConfig(182)) - Invalid config ozone.scm.ratis.enable. The config was not specified, but the default value true conflicts with the expected config value false. Falling back to the expected value. Current State of SCM: SCM is running in Non-HA without Ratis Ratis SCM -> Non Ratis SCM or Non HA SCM -> HA SCM is not supported
2022-10-04 13:25:29,309 [main] INFO  ha.SCMHANodeDetails (SCMHANodeDetails.java:loadSCMHAConfig(214)) - ozone.scm.default.service.id is not defined, falling back to ozone.scm.service.ids to find serviceID for StorageContainerManager if it is HA enabled cluster
2022-10-04 13:25:30,021 [main] WARN  utils.HAUtils (HAUtils.java:getMetaDir(342)) - ozone.scm.db.dirs is not configured. We recommend adding this setting. Falling back to ozone.metadata.dirs instead.
2022-10-04 13:25:30,244 [main] WARN  db.DBStoreBuilder (DBStoreBuilder.java:applyDBDefinition(144)) - ozone.scm.db.dirs is not configured. We recommend adding this setting. Falling back to ozone.metadata.dirs instead.
2022-10-04 13:25:30,513 [main] INFO  net.NodeSchemaLoader (NodeSchemaLoader.java:loadSchemaFromFile(129)) - Loading schema from [jar:file:/home/runner/.m2/repository/org/apache/ozone/hdds-common/1.3.0-SNAPSHOT/hdds-common-1.3.0-SNAPSHOT.jar!/network-topology-default.xml]
2022-10-04 13:25:30,515 [main] INFO  net.NodeSchemaLoader (NodeSchemaLoader.java:loadSchema(176)) - Loading network topology layer schema file
2022-10-04 13:25:30,574 [main] INFO  metrics.MetricRegistries (MetricRegistriesLoader.java:load(64)) - Loaded MetricRegistries class org.apache.ratis.metrics.impl.MetricRegistriesImpl
2022-10-04 13:25:30,583 [main] INFO  upgrade.AbstractLayoutVersionManager (AbstractLayoutVersionManager.java:init(83)) - Initializing Layout version manager with metadata layout = DATANODE_SCHEMA_V3 (version = 4), software layout = DATANODE_SCHEMA_V3 (version = 4)
2022-10-04 13:25:30,892 [main] INFO  reflections.Reflections (Reflections.java:scan(232)) - Reflections took 184 ms to scan 7 urls, producing 135 keys and 327 values 
2022-10-04 13:25:31,027 [main] INFO  ha.SequenceIdGenerator (SequenceIdGenerator.java:upgradeToSequenceId(349)) - upgrade localId to 109611004723200000
2022-10-04 13:25:31,027 [main] INFO  ha.SequenceIdGenerator (SequenceIdGenerator.java:upgradeToSequenceId(359)) - upgrade delTxnId to 0
2022-10-04 13:25:31,038 [main] INFO  ha.SequenceIdGenerator (SequenceIdGenerator.java:upgradeToSequenceId(376)) - upgrade containerId to 0
2022-10-04 13:25:31,041 [main] INFO  ha.SequenceIdGenerator (SequenceIdGenerator.java:<init>(220)) - Init the HA SequenceIdGenerator.
2022-10-04 13:25:31,096 [main] WARN  server.ServerUtils (ServerUtils.java:sanitizeUserArgs(73)) - ozone.scm.stale.node.interval value = 300000 is larger than max = 100000 based on the key value of ozone.scm.heartbeat.thread.interval, reset to the max value 100000.
2022-10-04 13:25:31,096 [main] WARN  server.ServerUtils (ServerUtils.java:sanitizeUserArgs(73)) - ozone.scm.stale.node.interval value = 300000 is larger than max = 100000 based on the key value of ozone.scm.heartbeat.thread.interval, reset to the max value 100000.
2022-10-04 13:25:31,103 [main] INFO  node.SCMNodeManager (SCMNodeManager.java:<init>(149)) - Entering startup safe mode.
2022-10-04 13:25:31,193 [main] INFO  algorithms.ContainerPlacementPolicyFactory (ContainerPlacementPolicyFactory.java:getPolicyInternal(86)) - Create container placement policy of type org.apache.hadoop.hdds.scm.container.placement.algorithms.SCMContainerPlacementRandom
2022-10-04 13:25:31,196 [main] INFO  algorithms.ContainerPlacementPolicyFactory (ContainerPlacementPolicyFactory.java:getPolicyInternal(86)) - Create container placement policy of type org.apache.hadoop.hdds.scm.container.placement.algorithms.SCMContainerPlacementRackScatter
2022-10-04 13:25:31,212 [main] INFO  pipeline.PipelineStateManagerImpl (PipelineStateManagerImpl.java:initialize(78)) - No pipeline exists in current db
2022-10-04 13:25:31,256 [main] INFO  algorithms.LeaderChoosePolicyFactory (LeaderChoosePolicyFactory.java:getPolicy(57)) - Create leader choose policy of type org.apache.hadoop.hdds.scm.pipeline.leader.choose.algorithms.MinLeaderCountChoosePolicy
2022-10-04 13:25:31,256 [main] INFO  algorithms.ContainerPlacementPolicyFactory (ContainerPlacementPolicyFactory.java:getPolicyInternal(86)) - Create container placement policy of type org.apache.hadoop.hdds.scm.container.placement.algorithms.SCMContainerPlacementRackScatter
2022-10-04 13:25:31,263 [main] INFO  ha.SCMServiceManager (SCMServiceManager.java:register(42)) - Registering service BackgroundPipelineCreator.
2022-10-04 13:25:31,264 [main] INFO  pipeline.BackgroundPipelineCreator (BackgroundPipelineCreator.java:start(124)) - Starting RatisPipelineUtilsThread.
2022-10-04 13:25:31,269 [main] INFO  BackgroundPipelineScrubber (BackgroundSCMService.java:start(68)) - Starting BackgroundPipelineScrubber Service.
2022-10-04 13:25:31,274 [main] INFO  ha.SCMServiceManager (SCMServiceManager.java:register(42)) - Registering service BackgroundPipelineScrubber.
2022-10-04 13:25:31,287 [main] INFO  ExpiredContainerReplicaOpScrubber (BackgroundSCMService.java:start(68)) - Starting ExpiredContainerReplicaOpScrubber Service.
2022-10-04 13:25:31,287 [main] INFO  ha.SCMServiceManager (SCMServiceManager.java:register(42)) - Registering service ExpiredContainerReplicaOpScrubber.
2022-10-04 13:25:31,348 [main] INFO  algorithms.PipelineChoosePolicyFactory (PipelineChoosePolicyFactory.java:createPipelineChoosePolicyFromClass(73)) - Create pipeline choose policy of type org.apache.hadoop.hdds.scm.pipeline.choose.algorithms.RandomPipelineChoosePolicy
2022-10-04 13:25:31,376 [main] INFO  ha.SCMServiceManager (SCMServiceManager.java:register(42)) - Registering service SCMBlockDeletingService.
2022-10-04 13:25:31,442 [main] INFO  replication.ReplicationManager (ReplicationManager.java:start(223)) - Starting Replication Monitor Thread.
2022-10-04 13:25:31,454 [main] INFO  ha.SCMServiceManager (SCMServiceManager.java:register(42)) - Registering service ReplicationManager.
2022-10-04 13:25:31,457 [ReplicationMonitor] INFO  replication.ReplicationManager (ReplicationManager.java:processAll(291)) - Replication Manager is not ready to run until 3000ms after safemode exit
2022-10-04 13:25:31,468 [main] INFO  safemode.ContainerSafeModeRule (ContainerSafeModeRule.java:<init>(89)) - containers with one replica threshold count 0
2022-10-04 13:25:31,474 [main] INFO  safemode.HealthyPipelineSafeModeRule (HealthyPipelineSafeModeRule.java:initializeRule(169)) - Total pipeline count is 0, healthy pipeline threshold count is 1
2022-10-04 13:25:31,477 [main] INFO  safemode.OneReplicaPipelineSafeModeRule (OneReplicaPipelineSafeModeRule.java:initializeRule(180)) - Total pipeline count is 0, pipeline's with at least one datanode reported threshold count is 0
2022-10-04 13:25:31,909 [main] INFO  audit.AuditLogger (AuditLogger.java:refreshDebugCmdSet(126)) - Refresh DebugCmdSet for SCMAudit to [].
2022-10-04 13:25:31,946 [main] INFO  ipc.CallQueueManager (CallQueueManager.java:<init>(90)) - Using callQueue: class java.util.concurrent.LinkedBlockingQueue, queueCapacity: 2000, scheduler: class org.apache.hadoop.ipc.DefaultRpcScheduler, ipcBackoff: false.
2022-10-04 13:25:31,997 [Socket Reader #1 for port 0] INFO  ipc.Server (Server.java:run(1265)) - Starting Socket Reader #1 for port 0
2022-10-04 13:25:32,068 [Listener at 0.0.0.0/41361] INFO  audit.AuditLogger (AuditLogger.java:refreshDebugCmdSet(126)) - Refresh DebugCmdSet for SCMAudit to [].
2022-10-04 13:25:32,076 [Listener at 0.0.0.0/41361] INFO  ipc.CallQueueManager (CallQueueManager.java:<init>(90)) - Using callQueue: class java.util.concurrent.LinkedBlockingQueue, queueCapacity: 2000, scheduler: class org.apache.hadoop.ipc.DefaultRpcScheduler, ipcBackoff: false.
2022-10-04 13:25:32,078 [Socket Reader #1 for port 0] INFO  ipc.Server (Server.java:run(1265)) - Starting Socket Reader #1 for port 0
2022-10-04 13:25:32,115 [Listener at 0.0.0.0/40317] INFO  audit.AuditLogger (AuditLogger.java:refreshDebugCmdSet(126)) - Refresh DebugCmdSet for SCMAudit to [].
2022-10-04 13:25:32,129 [Listener at 0.0.0.0/40317] INFO  ipc.CallQueueManager (CallQueueManager.java:<init>(90)) - Using callQueue: class java.util.concurrent.LinkedBlockingQueue, queueCapacity: 2000, scheduler: class org.apache.hadoop.ipc.DefaultRpcScheduler, ipcBackoff: false.
2022-10-04 13:25:32,131 [Socket Reader #1 for port 0] INFO  ipc.Server (Server.java:run(1265)) - Starting Socket Reader #1 for port 0
2022-10-04 13:25:32,326 [Listener at 0.0.0.0/37313] INFO  ha.SCMServiceManager (SCMServiceManager.java:register(42)) - Registering service ContainerBalancer.
2022-10-04 13:25:32,329 [Listener at 0.0.0.0/37313] INFO  server.StorageContainerManager (StorageContainerManager.java:<init>(410)) - 
Container Balancer status:
Key                            Value
Running                        false
Container Balancer Configuration values:
Key                                                Value
Threshold                                          10
Max Datanodes to Involve per Iteration(percent)    20
Max Size to Move per Iteration                     500GB
Max Size Entering Target per Iteration             26GB
Max Size Leaving Source per Iteration              26GB

2022-10-04 13:25:32,330 [Listener at 0.0.0.0/37313] WARN  events.EventQueue (EventQueue.java:fireEvent(216)) - No event handler registered for event TypedEvent{payloadType=SafeModeStatus, name='Safe mode status'}
2022-10-04 13:25:32,332 [Listener at 0.0.0.0/37313] INFO  ha.SCMContext (SCMContext.java:updateSafeModeStatus(228)) - Update SafeModeStatus from SafeModeStatus{safeModeStatus=true, preCheckPassed=false} to SafeModeStatus{safeModeStatus=true, preCheckPassed=false}.
2022-10-04 13:25:32,336 [Listener at 0.0.0.0/37313] INFO  server.StorageContainerManager (StorageContainerManager.java:start(1436)) - StorageContainerLocationProtocol RPC server is listening at /0.0.0.0:37313
2022-10-04 13:25:32,424 [Listener at 0.0.0.0/37313] WARN  impl.MetricsConfig (MetricsConfig.java:loadFirst(136)) - Cannot locate configuration: tried hadoop-metrics2-storagecontainermanager.properties,hadoop-metrics2.properties
2022-10-04 13:25:32,440 [Listener at 0.0.0.0/37313] INFO  impl.MetricsSystemImpl (MetricsSystemImpl.java:startTimer(378)) - Scheduled Metric snapshot period at 10 second(s).
2022-10-04 13:25:32,440 [Listener at 0.0.0.0/37313] INFO  impl.MetricsSystemImpl (MetricsSystemImpl.java:start(191)) - StorageContainerManager metrics system started
2022-10-04 13:25:32,743 [Listener at 0.0.0.0/37313] INFO  server.SCMClientProtocolServer (SCMClientProtocolServer.java:start(170)) - RPC server for Client  is listening at /0.0.0.0:37313
2022-10-04 13:25:32,745 [IPC Server Responder] INFO  ipc.Server (Server.java:run(1507)) - IPC Server Responder: starting
2022-10-04 13:25:32,750 [IPC Server listener on 0] INFO  ipc.Server (Server.java:run(1344)) - IPC Server listener on 0: starting
2022-10-04 13:25:32,753 [Listener at 0.0.0.0/37313] INFO  server.StorageContainerManager (StorageContainerManager.java:start(1451)) - ScmBlockLocationProtocol RPC server is listening at /0.0.0.0:40317
2022-10-04 13:25:32,753 [Listener at 0.0.0.0/37313] INFO  server.SCMBlockProtocolServer (SCMBlockProtocolServer.java:start(152)) - RPC server for Block Protocol is listening at /0.0.0.0:40317
2022-10-04 13:25:32,770 [IPC Server listener on 0] INFO  ipc.Server (Server.java:run(1344)) - IPC Server listener on 0: starting
2022-10-04 13:25:32,771 [IPC Server Responder] INFO  ipc.Server (Server.java:run(1507)) - IPC Server Responder: starting
2022-10-04 13:25:32,773 [Listener at 0.0.0.0/37313] INFO  server.SCMDatanodeProtocolServer (SCMDatanodeProtocolServer.java:start(186)) - ScmDatanodeProtocol RPC server for DataNodes is listening at /0.0.0.0:41361
2022-10-04 13:25:32,774 [IPC Server Responder] INFO  ipc.Server (Server.java:run(1507)) - IPC Server Responder: starting
2022-10-04 13:25:32,774 [IPC Server listener on 0] INFO  ipc.Server (Server.java:run(1344)) - IPC Server listener on 0: starting
2022-10-04 13:25:32,802 [org.apache.hadoop.util.JvmPauseMonitor$Monitor@5cd6a827] INFO  util.JvmPauseMonitor (JvmPauseMonitor.java:run(188)) - Starting JVM pause monitor
2022-10-04 13:25:32,810 [Listener at 0.0.0.0/37313] INFO  http.BaseHttpServer (BaseHttpServer.java:newHttpServer2BuilderForOzone(213)) - Starting Web-server for scm at: http://0.0.0.0:0
2022-10-04 13:25:32,810 [Listener at 0.0.0.0/37313] INFO  http.BaseHttpServer (BaseHttpServer.java:<init>(108)) - Hadoop Security Enabled: false Ozone Security Enabled: false Ozone HTTP Security Enabled: false 
2022-10-04 13:25:32,845 [Listener at 0.0.0.0/37313] INFO  util.log (Log.java:initialized(170)) - Logging initialized @5585ms to org.eclipse.jetty.util.log.Slf4jLog
2022-10-04 13:25:32,973 [Listener at 0.0.0.0/37313] INFO  server.AuthenticationFilter (AuthenticationFilter.java:constructSecretProvider(240)) - Unable to initialize FileSignerSecretProvider, falling back to use random secrets.
2022-10-04 13:25:32,980 [Listener at 0.0.0.0/37313] WARN  http.HttpRequestLog (HttpRequestLog.java:getRequestLog(103)) - Jetty request log can only be enabled using Log4j
2022-10-04 13:25:32,987 [Listener at 0.0.0.0/37313] INFO  http.HttpServer2 (HttpServer2.java:addGlobalFilter(1029)) - Added global filter 'safety' (class=org.apache.hadoop.hdds.server.http.HttpServer2$QuotingInputFilter)
2022-10-04 13:25:32,989 [Listener at 0.0.0.0/37313] INFO  http.HttpServer2 (HttpServer2.java:addFilter(1005)) - Added filter static_user_filter (class=org.apache.hadoop.http.lib.StaticUserWebFilter$StaticUserFilter) to context scm
2022-10-04 13:25:32,990 [Listener at 0.0.0.0/37313] INFO  http.HttpServer2 (HttpServer2.java:addFilter(1013)) - Added filter static_user_filter (class=org.apache.hadoop.http.lib.StaticUserWebFilter$StaticUserFilter) to context logs
2022-10-04 13:25:32,990 [Listener at 0.0.0.0/37313] INFO  http.HttpServer2 (HttpServer2.java:addFilter(1013)) - Added filter static_user_filter (class=org.apache.hadoop.http.lib.StaticUserWebFilter$StaticUserFilter) to context static
2022-10-04 13:25:33,037 [Listener at 0.0.0.0/37313] INFO  http.HttpServer2 (HttpServer2.java:bindListener(1248)) - Jetty bound to port 35001
2022-10-04 13:25:33,039 [Listener at 0.0.0.0/37313] INFO  server.Server (Server.java:doStart(375)) - jetty-9.4.43.v20210629; built: 2021-06-30T11:07:22.254Z; git: 526006ecfa3af7f1a27ef3a288e2bef7ea9dd7e8; jvm 1.8.0_345-b01
2022-10-04 13:25:33,094 [Listener at 0.0.0.0/37313] INFO  server.session (DefaultSessionIdManager.java:doStart(334)) - DefaultSessionIdManager workerName=node0
2022-10-04 13:25:33,094 [Listener at 0.0.0.0/37313] INFO  server.session (DefaultSessionIdManager.java:doStart(339)) - No SessionScavenger set, using defaults
2022-10-04 13:25:33,098 [Listener at 0.0.0.0/37313] INFO  server.session (HouseKeeper.java:startScavenging(132)) - node0 Scavenging every 660000ms
2022-10-04 13:25:33,116 [Listener at 0.0.0.0/37313] INFO  handler.ContextHandler (ContextHandler.java:doStart(915)) - Started o.e.j.s.ServletContextHandler@254210b1{logs,/logs,file:///home/runner/work/ozone/ozone/hadoop-ozone/integration-test/target/log,AVAILABLE}
2022-10-04 13:25:33,117 [Listener at 0.0.0.0/37313] INFO  handler.ContextHandler (ContextHandler.java:doStart(915)) - Started o.e.j.s.ServletContextHandler@5cef5fc9{static,/static,file:///home/runner/work/ozone/ozone/hadoop-ozone/integration-test/target/test-classes/webapps/static,AVAILABLE}
2022-10-04 13:25:33,168 [Listener at 0.0.0.0/37313] INFO  handler.ContextHandler (ContextHandler.java:doStart(915)) - Started o.e.j.w.WebAppContext@6b44121e{scm,/,file:///home/runner/work/ozone/ozone/hadoop-ozone/integration-test/target/test-classes/webapps/scm/,AVAILABLE}{file:/home/runner/work/ozone/ozone/hadoop-ozone/integration-test/target/test-classes/webapps/scm}
2022-10-04 13:25:33,179 [Listener at 0.0.0.0/37313] INFO  server.AbstractConnector (AbstractConnector.java:doStart(331)) - Started ServerConnector@5d00e30e{HTTP/1.1, (http/1.1)}{0.0.0.0:35001}
2022-10-04 13:25:33,179 [Listener at 0.0.0.0/37313] INFO  server.Server (Server.java:doStart(415)) - Started @5920ms
2022-10-04 13:25:33,185 [Listener at 0.0.0.0/37313] INFO  impl.MetricsSinkAdapter (MetricsSinkAdapter.java:start(204)) - Sink prometheus started
2022-10-04 13:25:33,185 [Listener at 0.0.0.0/37313] INFO  impl.MetricsSystemImpl (MetricsSystemImpl.java:registerSink(305)) - Registered sink prometheus
2022-10-04 13:25:33,186 [Listener at 0.0.0.0/37313] INFO  http.BaseHttpServer (BaseHttpServer.java:updateConnectorAddress(333)) - HTTP server of scm listening at http://0.0.0.0:35001
2022-10-04 13:25:33,238 [Listener at 0.0.0.0/37313] INFO  audit.AuditLogger (AuditLogger.java:refreshDebugCmdSet(126)) - Refresh DebugCmdSet for OMAudit to [].
2022-10-04 13:25:33,336 [Listener at 0.0.0.0/37313] INFO  ha.OMHANodeDetails (OMHANodeDetails.java:loadOMHAConfig(121)) - ServiceID for OzoneManager is om-service-test1
2022-10-04 13:25:33,344 [Listener at 0.0.0.0/37313] INFO  ha.OMHANodeDetails (OMHANodeDetails.java:loadOMHAConfig(201)) - Found matching OM address with OMServiceId: om-service-test1, OMNodeId: omNode-1, RPC Address: localhost:37083 and Ratis port: 42223
2022-10-04 13:25:33,345 [Listener at 0.0.0.0/37313] INFO  ha.OMHANodeDetails (ConfUtils.java:setNodeSpecificConfigs(97)) - Setting configuration key ozone.om.http-address with value of key ozone.om.http-address.om-service-test1.omNode-1: 127.0.0.1:43603
2022-10-04 13:25:33,345 [Listener at 0.0.0.0/37313] INFO  ha.OMHANodeDetails (ConfUtils.java:setNodeSpecificConfigs(97)) - Setting configuration key ozone.om.https-address with value of key ozone.om.https-address.om-service-test1.omNode-1: 127.0.0.1:35535
2022-10-04 13:25:33,345 [Listener at 0.0.0.0/37313] INFO  ha.OMHANodeDetails (ConfUtils.java:setNodeSpecificConfigs(97)) - Setting configuration key ozone.om.address with value of key ozone.om.address.om-service-test1.omNode-1: 127.0.0.1:37083
2022-10-04 13:25:33,346 [Listener at 0.0.0.0/37313] WARN  server.ServerUtils (ServerUtils.java:getDBPath(225)) - ozone.om.db.dirs is not configured. We recommend adding this setting. Falling back to ozone.metadata.dirs instead.
2022-10-04 13:25:33,359 [Listener at 0.0.0.0/37313] INFO  proxy.SCMBlockLocationFailoverProxyProvider (SCMBlockLocationFailoverProxyProvider.java:<init>(114)) - Created block location fail-over proxy with 1 nodes: [nodeId=scmNodeId,nodeAddress=/0.0.0.0:40317]
OM initialization succeeded.Current cluster id for sd=/home/runner/work/ozone/ozone/hadoop-ozone/integration-test/target/test-dir/MiniOzoneClusterImpl-6e9557d8-a31c-49e5-bba1-8bc95799a8b8/omNode-1/om;cid=6e9557d8-a31c-49e5-bba1-8bc95799a8b8;layoutVersion=3
2022-10-04 13:25:33,681 [Listener at 0.0.0.0/37313] INFO  ha.OMHANodeDetails (OMHANodeDetails.java:loadOMHAConfig(121)) - ServiceID for OzoneManager is om-service-test1
2022-10-04 13:25:33,682 [Listener at 0.0.0.0/37313] INFO  ha.OMHANodeDetails (OMHANodeDetails.java:loadOMHAConfig(201)) - Found matching OM address with OMServiceId: om-service-test1, OMNodeId: omNode-1, RPC Address: localhost:37083 and Ratis port: 42223
2022-10-04 13:25:33,683 [Listener at 0.0.0.0/37313] INFO  ha.OMHANodeDetails (ConfUtils.java:setNodeSpecificConfigs(97)) - Setting configuration key ozone.om.http-address with value of key ozone.om.http-address.om-service-test1.omNode-1: 127.0.0.1:43603
2022-10-04 13:25:33,684 [Listener at 0.0.0.0/37313] INFO  ha.OMHANodeDetails (ConfUtils.java:setNodeSpecificConfigs(97)) - Setting configuration key ozone.om.https-address with value of key ozone.om.https-address.om-service-test1.omNode-1: 127.0.0.1:35535
2022-10-04 13:25:33,684 [Listener at 0.0.0.0/37313] INFO  ha.OMHANodeDetails (ConfUtils.java:setNodeSpecificConfigs(97)) - Setting configuration key ozone.om.address with value of key ozone.om.address.om-service-test1.omNode-1: 127.0.0.1:37083
2022-10-04 13:25:33,685 [Listener at 0.0.0.0/37313] WARN  server.ServerUtils (ServerUtils.java:getDBPath(225)) - ozone.om.db.dirs is not configured. We recommend adding this setting. Falling back to ozone.metadata.dirs instead.
2022-10-04 13:25:33,689 [Listener at 0.0.0.0/37313] INFO  upgrade.AbstractLayoutVersionManager (AbstractLayoutVersionManager.java:init(83)) - Initializing Layout version manager with metadata layout = MULTITENANCY_SCHEMA (version = 3), software layout = MULTITENANCY_SCHEMA (version = 3)
2022-10-04 13:25:33,800 [Listener at 0.0.0.0/37313] INFO  reflections.Reflections (Reflections.java:scan(232)) - Reflections took 104 ms to scan 2 urls, producing 154 keys and 428 values [using 2 cores]
2022-10-04 13:25:33,806 [Listener at 0.0.0.0/37313] INFO  upgrade.OMLayoutVersionManager (OMLayoutVersionManager.java:lambda$0(115)) - Skipping Upgrade Action MockOmUpgradeAction since it has been finalized.
2022-10-04 13:25:33,807 [Listener at 0.0.0.0/37313] WARN  server.ServerUtils (ServerUtils.java:getDBPath(225)) - ozone.om.db.dirs is not configured. We recommend adding this setting. Falling back to ozone.metadata.dirs instead.
2022-10-04 13:25:33,984 [Listener at 0.0.0.0/37313] INFO  proxy.SCMBlockLocationFailoverProxyProvider (SCMBlockLocationFailoverProxyProvider.java:<init>(114)) - Created block location fail-over proxy with 1 nodes: [nodeId=scmNodeId,nodeAddress=/0.0.0.0:40317]
2022-10-04 13:25:33,989 [Listener at 0.0.0.0/37313] INFO  proxy.SCMBlockLocationFailoverProxyProvider (SCMBlockLocationFailoverProxyProvider.java:<init>(114)) - Created block location fail-over proxy with 1 nodes: [nodeId=scmNodeId,nodeAddress=/0.0.0.0:40317]
2022-10-04 13:25:34,009 [Listener at 0.0.0.0/37313] WARN  server.ServerUtils (ServerUtils.java:getDBPath(225)) - ozone.om.db.dirs is not configured. We recommend adding this setting. Falling back to ozone.metadata.dirs instead.
2022-10-04 13:25:34,017 [Listener at 0.0.0.0/37313] INFO  codec.OmKeyInfoCodec (OmKeyInfoCodec.java:<init>(49)) - OmKeyInfoCodec ignorePipeline = true
2022-10-04 13:25:34,019 [Listener at 0.0.0.0/37313] INFO  codec.RepeatedOmKeyInfoCodec (RepeatedOmKeyInfoCodec.java:<init>(41)) - RepeatedOmKeyInfoCodec ignorePipeline = true
2022-10-04 13:25:34,265 [Listener at 0.0.0.0/37313] INFO  om.OzoneManager (OzoneManager.java:instantiateServices(710)) - S3 Multi-Tenancy is disabled
2022-10-04 13:25:34,368 [Listener at 0.0.0.0/37313] INFO  om.OzoneManager (OzoneManager.java:addS3GVolumeToDB(4325)) - Created Volume s3v With Owner runner required for S3Gateway operations.
2022-10-04 13:25:34,443 [Listener at 0.0.0.0/37313] WARN  server.ServerUtils (ServerUtils.java:getDefaultRatisDirectory(237)) - Storage directory for Ratis is not configured. It is a good idea to map this to an SSD disk. Falling back to ozone.metadata.dirs
2022-10-04 13:25:34,443 [Listener at 0.0.0.0/37313] WARN  utils.OzoneManagerRatisUtils (OzoneManagerRatisUtils.java:getOMRatisSnapshotDirectory(434)) - ozone.om.ratis.snapshot.dir is not configured. Falling back to ozone.metadata.dirs config
2022-10-04 13:25:34,459 [Listener at 0.0.0.0/37313] INFO  snapshot.OzoneManagerSnapshotProvider (OzoneManagerSnapshotProvider.java:<init>(76)) - Initializing OM Snapshot Provider
2022-10-04 13:25:34,654 [Listener at 0.0.0.0/37313] WARN  server.ServerUtils (ServerUtils.java:getDefaultRatisDirectory(237)) - Storage directory for Ratis is not configured. It is a good idea to map this to an SSD disk. Falling back to ozone.metadata.dirs
2022-10-04 13:25:34,693 [Listener at 0.0.0.0/37313] INFO  ratis.OzoneManagerRatisServer (OzoneManagerRatisServer.java:<init>(160)) - Instantiating OM Ratis server with groupID: om-service-test1 and peers: localhost:42223, localhost:35537, localhost:33535
2022-10-04 13:25:34,706 [Listener at 0.0.0.0/37313] INFO  ratis.OzoneManagerStateMachine (OzoneManagerStateMachine.java:loadSnapshotInfoFromDB(632)) - LastAppliedIndex is set from TransactionInfo from OM DB as (t:0, i:~)
2022-10-04 13:25:34,796 [Listener at 0.0.0.0/37313] INFO  server.RaftServer (ConfUtils.java:logGet(46)) - raft.rpc.type = GRPC (default)
2022-10-04 13:25:34,920 [Listener at 0.0.0.0/37313] INFO  grpc.GrpcFactory (GrpcFactory.java:checkPooledByteBufAllocatorUseCacheForAllThreads(48)) - PERFORMANCE WARNING: useCacheForAllThreads is true that may cause Netty to create a lot garbage objects and, as a result, trigger GC.
	It is recommended to disable useCacheForAllThreads by setting -Dorg.apache.ratis.thirdparty.io.netty.allocator.useCacheForAllThreads=false in command line.
2022-10-04 13:25:34,928 [Listener at 0.0.0.0/37313] INFO  grpc.GrpcConfigKeys (ConfUtils.java:logGet(46)) - raft.grpc.admin.port = -1 (default)
2022-10-04 13:25:34,929 [Listener at 0.0.0.0/37313] INFO  grpc.GrpcConfigKeys (ConfUtils.java:logGet(46)) - raft.grpc.server.port = 42223 (custom)
2022-10-04 13:25:34,929 [Listener at 0.0.0.0/37313] INFO  grpc.GrpcConfigKeys (ConfUtils.java:logGet(46)) - raft.grpc.client.port = -1 (default)
2022-10-04 13:25:34,930 [Listener at 0.0.0.0/37313] INFO  grpc.GrpcConfigKeys (ConfUtils.java:logGet(46)) - raft.grpc.server.port = 42223 (custom)
2022-10-04 13:25:34,930 [Listener at 0.0.0.0/37313] INFO  grpc.GrpcConfigKeys (ConfUtils.java:logGet(46)) - raft.grpc.server.port = 42223 (custom)
2022-10-04 13:25:34,931 [Listener at 0.0.0.0/37313] INFO  server.GrpcService (ConfUtils.java:logGet(46)) - raft.grpc.message.size.max = 33554432 (custom)
2022-10-04 13:25:34,932 [Listener at 0.0.0.0/37313] INFO  server.RaftServerConfigKeys (ConfUtils.java:logGet(46)) - raft.server.log.appender.buffer.byte-limit = 33554432 (custom)
2022-10-04 13:25:34,933 [Listener at 0.0.0.0/37313] INFO  server.GrpcService (ConfUtils.java:logGet(46)) - raft.grpc.flow.control.window = 1MB (=1048576) (default)
2022-10-04 13:25:34,934 [Listener at 0.0.0.0/37313] INFO  server.RaftServerConfigKeys (ConfUtils.java:logGet(46)) - raft.server.rpc.request.timeout = 3000ms (default)
2022-10-04 13:25:34,961 [Listener at 0.0.0.0/37313] INFO  grpc.GrpcConfigKeys (ConfUtils.java:logGet(46)) - raft.grpc.server.async.request.thread.pool.cached = true (default)
2022-10-04 13:25:34,962 [Listener at 0.0.0.0/37313] INFO  grpc.GrpcConfigKeys (ConfUtils.java:logGet(46)) - raft.grpc.server.async.request.thread.pool.size = 32 (default)
2022-10-04 13:25:35,352 [Listener at 0.0.0.0/37313] INFO  impl.DataStreamServerImpl (ConfUtils.java:logGet(46)) - raft.datastream.type = DISABLED (default)
2022-10-04 13:25:35,356 [Listener at 0.0.0.0/37313] INFO  server.RaftServerConfigKeys (ConfUtils.java:logGet(46)) - raft.server.threadpool.proxy.cached = true (default)
2022-10-04 13:25:35,356 [Listener at 0.0.0.0/37313] INFO  server.RaftServerConfigKeys (ConfUtils.java:logGet(46)) - raft.server.threadpool.proxy.size = 0 (default)
2022-10-04 13:25:35,357 [Listener at 0.0.0.0/37313] INFO  server.RaftServerConfigKeys (ConfUtils.java:logGet(46)) - raft.server.rpc.slowness.timeout = 2s (custom)
2022-10-04 13:25:35,357 [Listener at 0.0.0.0/37313] INFO  server.RaftServerConfigKeys (ConfUtils.java:logGet(46)) - raft.server.leaderelection.leader.step-down.wait-time = 10s (default)
2022-10-04 13:25:35,361 [Listener at 0.0.0.0/37313] INFO  server.RaftServerConfigKeys (ConfUtils.java:logGet(46)) - raft.server.storage.dir = [/home/runner/work/ozone/ozone/hadoop-ozone/integration-test/target/test-dir/MiniOzoneClusterImpl-6e9557d8-a31c-49e5-bba1-8bc95799a8b8/omNode-1/ratis] (custom)
2022-10-04 13:25:35,372 [Listener at 0.0.0.0/37313] INFO  server.RaftServer (RaftServerProxy.java:addNew(96)) - omNode-1: addNew group-523986131536:[omNode-3|rpc:localhost:35537|priority:0, omNode-1|rpc:localhost:42223|priority:0, omNode-2|rpc:localhost:33535|priority:0] returns group-523986131536:java.util.concurrent.CompletableFuture@2b4bcd6e[Not completed]
2022-10-04 13:25:35,373 [Listener at 0.0.0.0/37313] INFO  om.OzoneManager (OzoneManager.java:initializeRatisServer(1977)) - OzoneManager Ratis server initialized at port 42223
2022-10-04 13:25:35,389 [Listener at 0.0.0.0/37313] INFO  om.OzoneManager (OzoneManager.java:getRpcServer(1100)) - Creating RPC Server
2022-10-04 13:25:35,427 [pool-55-thread-1] INFO  server.RaftServer$Division (RaftServerImpl.java:<init>(190)) - omNode-1: new RaftServerImpl for group-523986131536:[omNode-3|rpc:localhost:35537|priority:0, omNode-1|rpc:localhost:42223|priority:0, omNode-2|rpc:localhost:33535|priority:0] with OzoneManagerStateMachine:uninitialized
2022-10-04 13:25:35,431 [pool-55-thread-1] INFO  server.RaftServerConfigKeys (ConfUtils.java:logGet(46)) - raft.server.rpc.timeout.min = 1s (custom)
2022-10-04 13:25:35,431 [pool-55-thread-1] INFO  server.RaftServerConfigKeys (ConfUtils.java:logGet(46)) - raft.server.rpc.timeout.max = 1200ms (custom)
2022-10-04 13:25:35,431 [pool-55-thread-1] INFO  server.RaftServerConfigKeys (ConfUtils.java:logGet(46)) - raft.server.rpc.sleep.time = 25ms (default)
2022-10-04 13:25:35,432 [pool-55-thread-1] INFO  server.RaftServerConfigKeys (ConfUtils.java:logGet(46)) - raft.server.rpc.slowness.timeout = 2s (custom)
2022-10-04 13:25:35,432 [pool-55-thread-1] INFO  server.RaftServerConfigKeys (ConfUtils.java:logGet(46)) - raft.server.leaderelection.leader.step-down.wait-time = 10s (default)
2022-10-04 13:25:35,432 [pool-55-thread-1] INFO  server.RaftServerConfigKeys (ConfUtils.java:logGet(46)) - raft.server.sleep.deviation.threshold = 300ms (default)
2022-10-04 13:25:35,455 [pool-55-thread-1] INFO  server.RaftServer$Division (ServerState.java:<init>(107)) - omNode-1@group-523986131536: ConfigurationManager, init=-1: [omNode-3|rpc:localhost:35537|priority:0, omNode-1|rpc:localhost:42223|priority:0, omNode-2|rpc:localhost:33535|priority:0], old=null, confs=<EMPTY_MAP>
2022-10-04 13:25:35,455 [pool-55-thread-1] INFO  server.RaftServerConfigKeys (ConfUtils.java:logGet(46)) - raft.server.storage.dir = [/home/runner/work/ozone/ozone/hadoop-ozone/integration-test/target/test-dir/MiniOzoneClusterImpl-6e9557d8-a31c-49e5-bba1-8bc95799a8b8/omNode-1/ratis] (custom)
2022-10-04 13:25:35,469 [pool-55-thread-1] INFO  server.RaftServerConfigKeys (ConfUtils.java:logGet(46)) - raft.server.log.corruption.policy = EXCEPTION (default)
2022-10-04 13:25:35,470 [pool-55-thread-1] INFO  server.RaftServerConfigKeys (ConfUtils.java:logGet(46)) - raft.server.storage.free-space.min = 0MB (=0) (default)
2022-10-04 13:25:35,472 [pool-55-thread-1] INFO  storage.RaftStorageDirectory (RaftStorageDirectoryImpl.java:analyzeStorage(135)) - The storage directory /home/runner/work/ozone/ozone/hadoop-ozone/integration-test/target/test-dir/MiniOzoneClusterImpl-6e9557d8-a31c-49e5-bba1-8bc95799a8b8/omNode-1/ratis/c9bc4cf4-3bc3-3c60-a66b-523986131536 does not exist. Creating ...
2022-10-04 13:25:35,479 [pool-55-thread-1] INFO  storage.RaftStorageDirectory (RaftStorageDirectoryImpl.java:tryLock(230)) - Lock on /home/runner/work/ozone/ozone/hadoop-ozone/integration-test/target/test-dir/MiniOzoneClusterImpl-6e9557d8-a31c-49e5-bba1-8bc95799a8b8/omNode-1/ratis/c9bc4cf4-3bc3-3c60-a66b-523986131536/in_use.lock acquired by nodename 42070@fv-az573-645
2022-10-04 13:25:35,487 [pool-55-thread-1] INFO  storage.RaftStorage (RaftStorageImpl.java:format(89)) - Storage directory /home/runner/work/ozone/ozone/hadoop-ozone/integration-test/target/test-dir/MiniOzoneClusterImpl-6e9557d8-a31c-49e5-bba1-8bc95799a8b8/omNode-1/ratis/c9bc4cf4-3bc3-3c60-a66b-523986131536 has been successfully formatted.
2022-10-04 13:25:35,496 [pool-55-thread-1] INFO  server.RaftServerConfigKeys (ConfUtils.java:logGet(46)) - raft.server.notification.no-leader.timeout = 2s (custom)
2022-10-04 13:25:35,505 [pool-55-thread-1] INFO  server.RaftServerConfigKeys (ConfUtils.java:logGet(46)) - raft.server.log.use.memory = false (default)
2022-10-04 13:25:35,546 [pool-55-thread-1] INFO  server.RaftServerConfigKeys (ConfUtils.java:logGet(46)) - raft.server.log.purge.gap = 50 (custom)
2022-10-04 13:25:35,546 [pool-55-thread-1] INFO  server.RaftServerConfigKeys (ConfUtils.java:logGet(46)) - raft.server.log.appender.buffer.byte-limit = 33554432 (custom)
2022-10-04 13:25:35,548 [pool-55-thread-1] INFO  server.RaftServerConfigKeys (ConfUtils.java:logGet(46)) - raft.server.log.statemachine.data.read.timeout = 1000ms (default)
2022-10-04 13:25:35,593 [pool-55-thread-1] INFO  server.RaftServerConfigKeys (ConfUtils.java:logGet(46)) - raft.server.log.segment.size.max = 4194304 (custom)
2022-10-04 13:25:35,620 [pool-55-thread-1] INFO  server.RaftServerConfigKeys (ConfUtils.java:logGet(46)) - raft.server.log.segment.cache.num.max = 2 (custom)
2022-10-04 13:25:35,620 [pool-55-thread-1] INFO  server.RaftServerConfigKeys (ConfUtils.java:logGet(46)) - raft.server.log.segment.cache.size.max = 200MB (=209715200) (default)
2022-10-04 13:25:35,628 [pool-55-thread-1] INFO  segmented.SegmentedRaftLogWorker (SegmentedRaftLogWorker.java:<init>(187)) - new omNode-1@group-523986131536-SegmentedRaftLogWorker for RaftStorageImpl:Storage Directory /home/runner/work/ozone/ozone/hadoop-ozone/integration-test/target/test-dir/MiniOzoneClusterImpl-6e9557d8-a31c-49e5-bba1-8bc95799a8b8/omNode-1/ratis/c9bc4cf4-3bc3-3c60-a66b-523986131536
2022-10-04 13:25:35,629 [pool-55-thread-1] INFO  server.RaftServerConfigKeys (ConfUtils.java:logGet(46)) - raft.server.log.queue.byte-limit = 64MB (=67108864) (default)
2022-10-04 13:25:35,629 [pool-55-thread-1] INFO  server.RaftServerConfigKeys (ConfUtils.java:logGet(46)) - raft.server.log.queue.element-limit = 4096 (default)
2022-10-04 13:25:35,630 [pool-55-thread-1] INFO  server.RaftServerConfigKeys (ConfUtils.java:logGet(46)) - raft.server.log.segment.size.max = 4194304 (custom)
2022-10-04 13:25:35,630 [pool-55-thread-1] INFO  server.RaftServerConfigKeys (ConfUtils.java:logGet(46)) - raft.server.log.preallocated.size = 4194304 (custom)
2022-10-04 13:25:35,632 [pool-55-thread-1] INFO  server.RaftServerConfigKeys (ConfUtils.java:logGet(46)) - raft.server.log.force.sync.num = 128 (default)
2022-10-04 13:25:35,658 [pool-55-thread-1] INFO  server.RaftServerConfigKeys (ConfUtils.java:logGet(46)) - raft.server.log.statemachine.data.sync = true (default)
2022-10-04 13:25:35,658 [pool-55-thread-1] INFO  server.RaftServerConfigKeys (ConfUtils.java:logGet(46)) - raft.server.log.statemachine.data.sync.timeout = 10s (default)
2022-10-04 13:25:35,658 [pool-55-thread-1] INFO  server.RaftServerConfigKeys (ConfUtils.java:logGet(46)) - raft.server.log.statemachine.data.sync.timeout.retry = -1 (default)
2022-10-04 13:25:35,690 [pool-55-thread-1] INFO  server.RaftServerConfigKeys (ConfUtils.java:logGet(46)) - raft.server.log.write.buffer.size = 64KB (=65536) (default)
2022-10-04 13:25:35,693 [pool-55-thread-1] INFO  server.RaftServerConfigKeys (ConfUtils.java:logGet(46)) - raft.server.log.unsafe-flush.enabled = false (default)
2022-10-04 13:25:35,696 [pool-55-thread-1] INFO  server.RaftServerConfigKeys (ConfUtils.java:logGet(46)) - raft.server.log.statemachine.data.caching.enabled = false (default)
2022-10-04 13:25:35,718 [pool-55-thread-1] INFO  segmented.SegmentedRaftLogWorker (SegmentedRaftLogWorker.java:lambda$new$0(135)) - omNode-1@group-523986131536-SegmentedRaftLogWorker: flushIndex: setUnconditionally 0 -> -1
2022-10-04 13:25:35,719 [pool-55-thread-1] INFO  segmented.SegmentedRaftLogWorker (SegmentedRaftLogWorker.java:lambda$new$0(135)) - omNode-1@group-523986131536-SegmentedRaftLogWorker: safeCacheEvictIndex: setUnconditionally 0 -> -1
2022-10-04 13:25:35,737 [pool-55-thread-1] INFO  server.RaftServerConfigKeys (ConfUtils.java:logGet(46)) - raft.server.snapshot.auto.trigger.enabled = true (custom)
2022-10-04 13:25:35,917 [pool-55-thread-1] INFO  server.RaftServerConfigKeys (ConfUtils.java:logGet(46)) - raft.server.snapshot.auto.trigger.threshold = 50 (custom)
2022-10-04 13:25:35,918 [pool-55-thread-1] INFO  server.RaftServerConfigKeys (ConfUtils.java:logGet(46)) - raft.server.snapshot.retention.file.num = -1 (default)
2022-10-04 13:25:35,919 [pool-55-thread-1] INFO  server.RaftServerConfigKeys (ConfUtils.java:logGet(46)) - raft.server.log.purge.upto.snapshot.index = true (custom)
2022-10-04 13:25:35,922 [pool-55-thread-1] INFO  server.RaftServerConfigKeys (ConfUtils.java:logGet(46)) - raft.server.retrycache.expirytime = 30000ms (custom)
2022-10-04 13:25:35,922 [pool-55-thread-1] INFO  server.RaftServerConfigKeys (ConfUtils.java:logGet(46)) - raft.server.retrycache.statistics.expirytime = 100μs (default)
2022-10-04 13:25:36,071 [pool-55-thread-1] INFO  server.RaftServerConfigKeys (ConfUtils.java:logGet(46)) - raft.server.log.appender.install.snapshot.enabled = false (custom)
2022-10-04 13:25:36,072 [pool-55-thread-1] INFO  server.RaftServerConfigKeys (ConfUtils.java:logGet(46)) - raft.server.threadpool.server.cached = true (default)
2022-10-04 13:25:36,072 [pool-55-thread-1] INFO  server.RaftServerConfigKeys (ConfUtils.java:logGet(46)) - raft.server.threadpool.server.size = 0 (default)
2022-10-04 13:25:36,073 [pool-55-thread-1] INFO  server.RaftServerConfigKeys (ConfUtils.java:logGet(46)) - raft.server.threadpool.client.cached = true (default)
2022-10-04 13:25:36,079 [pool-55-thread-1] INFO  server.RaftServerConfigKeys (ConfUtils.java:logGet(46)) - raft.server.threadpool.client.size = 0 (default)
2022-10-04 13:25:36,405 [Listener at 0.0.0.0/37313] INFO  reflections.Reflections (Reflections.java:scan(232)) - Reflections took 926 ms to scan 19 urls, producing 67 keys and 4220 values [using 2 cores]
2022-10-04 13:25:36,613 [Listener at 0.0.0.0/37313] INFO  ipc.CallQueueManager (CallQueueManager.java:<init>(90)) - Using callQueue: class java.util.concurrent.LinkedBlockingQueue, queueCapacity: 2000, scheduler: class org.apache.hadoop.ipc.DefaultRpcScheduler, ipcBackoff: false.
2022-10-04 13:25:36,615 [Socket Reader #1 for port 37083] INFO  ipc.Server (Server.java:run(1265)) - Starting Socket Reader #1 for port 37083
2022-10-04 13:25:36,649 [Listener at 127.0.0.1/37083] INFO  impl.MetricsSystemImpl (MetricsSystemImpl.java:init(158)) - OzoneManager metrics system started (again)
2022-10-04 13:25:36,661 [Listener at 127.0.0.1/37083] INFO  om.OzoneManager (OzoneManager.java:start(1484)) - OzoneManager RPC server is listening at localhost/127.0.0.1:37083
2022-10-04 13:25:36,662 [Listener at 127.0.0.1/37083] INFO  ratis.OzoneManagerRatisServer (OzoneManagerRatisServer.java:start(555)) - Starting OzoneManagerRatisServer omNode-1 at port 42223
2022-10-04 13:25:36,665 [omNode-1-impl-thread1] INFO  server.RaftServer$Division (RaftServerImpl.java:start(310)) - omNode-1@group-523986131536: start as a follower, conf=-1: [omNode-3|rpc:localhost:35537|priority:0, omNode-1|rpc:localhost:42223|priority:0, omNode-2|rpc:localhost:33535|priority:0], old=null
2022-10-04 13:25:36,666 [omNode-1-impl-thread1] INFO  server.RaftServer$Division (RaftServerImpl.java:setRole(299)) - omNode-1@group-523986131536: changes role from      null to FOLLOWER at term 0 for startAsFollower
2022-10-04 13:25:36,667 [omNode-1-impl-thread1] INFO  impl.RoleInfo (RoleInfo.java:updateAndGet(139)) - omNode-1: start omNode-1@group-523986131536-FollowerState
2022-10-04 13:25:36,668 [omNode-1-impl-thread1] INFO  util.JmxRegister (JmxRegister.java:tryRegister(44)) - Successfully registered JMX Bean with object name Ratis:service=RaftServer,group=group-523986131536,id=omNode-1
2022-10-04 13:25:36,671 [Listener at 127.0.0.1/37083] INFO  server.RaftServer (RaftServerProxy.java:lambda$start$6(382)) - omNode-1: start RPC server
2022-10-04 13:25:36,792 [Listener at 127.0.0.1/37083] INFO  server.GrpcService (GrpcService.java:startImpl(260)) - omNode-1: GrpcService started, listening on 42223
2022-10-04 13:25:36,795 [Listener at 127.0.0.1/37083] INFO  om.OzoneManager (OzoneManager.java:start(1500)) - Version File has different layout version (3) than OM DB (null). That is expected if this OM has never been finalized to a newer layout version.
2022-10-04 13:25:36,795 [org.apache.ratis.util.JvmPauseMonitor$$Lambda$699/75026084@5ccb2393] INFO  util.JvmPauseMonitor (JvmPauseMonitor.java:run(103)) - JvmPauseMonitor-omNode-1: Started
2022-10-04 13:25:36,815 [Listener at 127.0.0.1/37083] INFO  http.BaseHttpServer (BaseHttpServer.java:newHttpServer2BuilderForOzone(213)) - Starting Web-server for ozoneManager at: http://0.0.0.0:43603
2022-10-04 13:25:36,815 [Listener at 127.0.0.1/37083] INFO  http.BaseHttpServer (BaseHttpServer.java:<init>(108)) - Hadoop Security Enabled: false Ozone Security Enabled: false Ozone HTTP Security Enabled: false 
2022-10-04 13:25:36,817 [Listener at 127.0.0.1/37083] INFO  server.AuthenticationFilter (AuthenticationFilter.java:constructSecretProvider(240)) - Unable to initialize FileSignerSecretProvider, falling back to use random secrets.
2022-10-04 13:25:36,820 [Listener at 127.0.0.1/37083] WARN  http.HttpRequestLog (HttpRequestLog.java:getRequestLog(103)) - Jetty request log can only be enabled using Log4j
2022-10-04 13:25:36,823 [Listener at 127.0.0.1/37083] INFO  http.HttpServer2 (HttpServer2.java:addGlobalFilter(1029)) - Added global filter 'safety' (class=org.apache.hadoop.hdds.server.http.HttpServer2$QuotingInputFilter)
2022-10-04 13:25:36,824 [Listener at 127.0.0.1/37083] INFO  http.HttpServer2 (HttpServer2.java:addFilter(1005)) - Added filter static_user_filter (class=org.apache.hadoop.http.lib.StaticUserWebFilter$StaticUserFilter) to context ozoneManager
2022-10-04 13:25:36,824 [Listener at 127.0.0.1/37083] INFO  http.HttpServer2 (HttpServer2.java:addFilter(1013)) - Added filter static_user_filter (class=org.apache.hadoop.http.lib.StaticUserWebFilter$StaticUserFilter) to context logs
2022-10-04 13:25:36,824 [Listener at 127.0.0.1/37083] INFO  http.HttpServer2 (HttpServer2.java:addFilter(1013)) - Added filter static_user_filter (class=org.apache.hadoop.http.lib.StaticUserWebFilter$StaticUserFilter) to context static
2022-10-04 13:25:36,828 [Listener at 127.0.0.1/37083] INFO  http.HttpServer2 (HttpServer2.java:bindListener(1248)) - Jetty bound to port 43603
2022-10-04 13:25:36,829 [Listener at 127.0.0.1/37083] INFO  server.Server (Server.java:doStart(375)) - jetty-9.4.43.v20210629; built: 2021-06-30T11:07:22.254Z; git: 526006ecfa3af7f1a27ef3a288e2bef7ea9dd7e8; jvm 1.8.0_345-b01
2022-10-04 13:25:36,832 [Listener at 127.0.0.1/37083] INFO  server.session (DefaultSessionIdManager.java:doStart(334)) - DefaultSessionIdManager workerName=node0
2022-10-04 13:25:36,832 [Listener at 127.0.0.1/37083] INFO  server.session (DefaultSessionIdManager.java:doStart(339)) - No SessionScavenger set, using defaults
2022-10-04 13:25:36,833 [Listener at 127.0.0.1/37083] INFO  server.session (HouseKeeper.java:startScavenging(132)) - node0 Scavenging every 600000ms
2022-10-04 13:25:36,834 [Listener at 127.0.0.1/37083] INFO  handler.ContextHandler (ContextHandler.java:doStart(915)) - Started o.e.j.s.ServletContextHandler@2f63ef53{logs,/logs,file:///home/runner/work/ozone/ozone/hadoop-ozone/integration-test/target/log,AVAILABLE}
2022-10-04 13:25:36,834 [Listener at 127.0.0.1/37083] INFO  handler.ContextHandler (ContextHandler.java:doStart(915)) - Started o.e.j.s.ServletContextHandler@5d2ac39f{static,/static,file:///home/runner/work/ozone/ozone/hadoop-ozone/integration-test/target/test-classes/webapps/static,AVAILABLE}
2022-10-04 13:25:36,838 [Listener at 127.0.0.1/37083] INFO  handler.ContextHandler (ContextHandler.java:doStart(915)) - Started o.e.j.w.WebAppContext@378d9ea0{ozoneManager,/,file:///home/runner/work/ozone/ozone/hadoop-ozone/integration-test/target/test-classes/webapps/ozoneManager/,AVAILABLE}{file:/home/runner/work/ozone/ozone/hadoop-ozone/integration-test/target/test-classes/webapps/ozoneManager}
2022-10-04 13:25:36,840 [Listener at 127.0.0.1/37083] INFO  server.AbstractConnector (AbstractConnector.java:doStart(331)) - Started ServerConnector@3fe4d9d4{HTTP/1.1, (http/1.1)}{0.0.0.0:43603}
2022-10-04 13:25:36,840 [Listener at 127.0.0.1/37083] INFO  server.Server (Server.java:doStart(415)) - Started @9581ms
2022-10-04 13:25:36,840 [Listener at 127.0.0.1/37083] WARN  impl.MetricsSystemImpl (MetricsSystemImpl.java:register(279)) - Sink prometheus already exists!
2022-10-04 13:25:36,841 [Listener at 127.0.0.1/37083] INFO  http.BaseHttpServer (BaseHttpServer.java:updateConnectorAddress(333)) - HTTP server of ozoneManager listening at http://0.0.0.0:43603
2022-10-04 13:25:36,842 [IPC Server Responder] INFO  ipc.Server (Server.java:run(1507)) - IPC Server Responder: starting
2022-10-04 13:25:36,842 [IPC Server listener on 37083] INFO  ipc.Server (Server.java:run(1344)) - IPC Server listener on 37083: starting
2022-10-04 13:25:36,849 [Listener at 127.0.0.1/37083] INFO  om.OzoneManager (OzoneManager.java:startTrashEmptier(1921)) - Trash Interval set to 0. Files deleted won't move to trash
2022-10-04 13:25:36,850 [Listener at 127.0.0.1/37083] INFO  ozone.MiniOzoneHAClusterImpl (MiniOzoneHAClusterImpl.java:createOMService(527)) - Started OzoneManager omNode-1 RPC server at localhost/127.0.0.1:37083
2022-10-04 13:25:36,851 [Listener at 127.0.0.1/37083] INFO  ha.OMHANodeDetails (OMHANodeDetails.java:loadOMHAConfig(121)) - ServiceID for OzoneManager is om-service-test1
2022-10-04 13:25:36,852 [Listener at 127.0.0.1/37083] INFO  ha.OMHANodeDetails (OMHANodeDetails.java:loadOMHAConfig(201)) - Found matching OM address with OMServiceId: om-service-test1, OMNodeId: omNode-2, RPC Address: localhost:45931 and Ratis port: 33535
2022-10-04 13:25:36,852 [Listener at 127.0.0.1/37083] INFO  ha.OMHANodeDetails (ConfUtils.java:setNodeSpecificConfigs(97)) - Setting configuration key ozone.om.http-address with value of key ozone.om.http-address.om-service-test1.omNode-2: 127.0.0.1:44809
2022-10-04 13:25:36,852 [Listener at 127.0.0.1/37083] INFO  ha.OMHANodeDetails (ConfUtils.java:setNodeSpecificConfigs(97)) - Setting configuration key ozone.om.https-address with value of key ozone.om.https-address.om-service-test1.omNode-2: 127.0.0.1:38159
2022-10-04 13:25:36,852 [Listener at 127.0.0.1/37083] INFO  ha.OMHANodeDetails (ConfUtils.java:setNodeSpecificConfigs(97)) - Setting configuration key ozone.om.address with value of key ozone.om.address.om-service-test1.omNode-2: 127.0.0.1:45931
2022-10-04 13:25:36,853 [Listener at 127.0.0.1/37083] WARN  server.ServerUtils (ServerUtils.java:getDBPath(225)) - ozone.om.db.dirs is not configured. We recommend adding this setting. Falling back to ozone.metadata.dirs instead.
2022-10-04 13:25:36,860 [Listener at 127.0.0.1/37083] INFO  proxy.SCMBlockLocationFailoverProxyProvider (SCMBlockLocationFailoverProxyProvider.java:<init>(114)) - Created block location fail-over proxy with 1 nodes: [nodeId=scmNodeId,nodeAddress=/0.0.0.0:40317]
2022-10-04 13:25:36,857 [org.apache.hadoop.util.JvmPauseMonitor$Monitor@6c6664c4] INFO  util.JvmPauseMonitor (JvmPauseMonitor.java:run(188)) - Starting JVM pause monitor
OM initialization succeeded.Current cluster id for sd=/home/runner/work/ozone/ozone/hadoop-ozone/integration-test/target/test-dir/MiniOzoneClusterImpl-6e9557d8-a31c-49e5-bba1-8bc95799a8b8/omNode-2/om;cid=6e9557d8-a31c-49e5-bba1-8bc95799a8b8;layoutVersion=3
2022-10-04 13:25:36,868 [Listener at 127.0.0.1/37083] INFO  ha.OMHANodeDetails (OMHANodeDetails.java:loadOMHAConfig(121)) - ServiceID for OzoneManager is om-service-test1
2022-10-04 13:25:36,869 [Listener at 127.0.0.1/37083] INFO  ha.OMHANodeDetails (OMHANodeDetails.java:loadOMHAConfig(201)) - Found matching OM address with OMServiceId: om-service-test1, OMNodeId: omNode-2, RPC Address: localhost:45931 and Ratis port: 33535
2022-10-04 13:25:36,869 [Listener at 127.0.0.1/37083] INFO  ha.OMHANodeDetails (ConfUtils.java:setNodeSpecificConfigs(97)) - Setting configuration key ozone.om.http-address with value of key ozone.om.http-address.om-service-test1.omNode-2: 127.0.0.1:44809
2022-10-04 13:25:36,869 [Listener at 127.0.0.1/37083] INFO  ha.OMHANodeDetails (ConfUtils.java:setNodeSpecificConfigs(97)) - Setting configuration key ozone.om.https-address with value of key ozone.om.https-address.om-service-test1.omNode-2: 127.0.0.1:38159
2022-10-04 13:25:36,869 [Listener at 127.0.0.1/37083] INFO  ha.OMHANodeDetails (ConfUtils.java:setNodeSpecificConfigs(97)) - Setting configuration key ozone.om.address with value of key ozone.om.address.om-service-test1.omNode-2: 127.0.0.1:45931
2022-10-04 13:25:36,870 [Listener at 127.0.0.1/37083] WARN  server.ServerUtils (ServerUtils.java:getDBPath(225)) - ozone.om.db.dirs is not configured. We recommend adding this setting. Falling back to ozone.metadata.dirs instead.
2022-10-04 13:25:36,870 [Listener at 127.0.0.1/37083] INFO  upgrade.AbstractLayoutVersionManager (AbstractLayoutVersionManager.java:init(83)) - Initializing Layout version manager with metadata layout = MULTITENANCY_SCHEMA (version = 3), software layout = MULTITENANCY_SCHEMA (version = 3)
2022-10-04 13:25:36,968 [Listener at 127.0.0.1/37083] INFO  reflections.Reflections (Reflections.java:scan(232)) - Reflections took 96 ms to scan 2 urls, producing 154 keys and 428 values [using 2 cores]
2022-10-04 13:25:36,969 [Listener at 127.0.0.1/37083] INFO  upgrade.OMLayoutVersionManager (OMLayoutVersionManager.java:lambda$0(115)) - Skipping Upgrade Action MockOmUpgradeAction since it has been finalized.
2022-10-04 13:25:36,969 [Listener at 127.0.0.1/37083] WARN  server.ServerUtils (ServerUtils.java:getDBPath(225)) - ozone.om.db.dirs is not configured. We recommend adding this setting. Falling back to ozone.metadata.dirs instead.
2022-10-04 13:25:36,970 [Listener at 127.0.0.1/37083] INFO  proxy.SCMBlockLocationFailoverProxyProvider (SCMBlockLocationFailoverProxyProvider.java:<init>(114)) - Created block location fail-over proxy with 1 nodes: [nodeId=scmNodeId,nodeAddress=/0.0.0.0:40317]
2022-10-04 13:25:36,972 [Listener at 127.0.0.1/37083] INFO  proxy.SCMBlockLocationFailoverProxyProvider (SCMBlockLocationFailoverProxyProvider.java:<init>(114)) - Created block location fail-over proxy with 1 nodes: [nodeId=scmNodeId,nodeAddress=/0.0.0.0:40317]
2022-10-04 13:25:36,983 [Listener at 127.0.0.1/37083] WARN  server.ServerUtils (ServerUtils.java:getDBPath(225)) - ozone.om.db.dirs is not configured. We recommend adding this setting. Falling back to ozone.metadata.dirs instead.
2022-10-04 13:25:36,984 [Listener at 127.0.0.1/37083] INFO  codec.OmKeyInfoCodec (OmKeyInfoCodec.java:<init>(49)) - OmKeyInfoCodec ignorePipeline = true
2022-10-04 13:25:36,984 [Listener at 127.0.0.1/37083] INFO  codec.RepeatedOmKeyInfoCodec (RepeatedOmKeyInfoCodec.java:<init>(41)) - RepeatedOmKeyInfoCodec ignorePipeline = true
2022-10-04 13:25:37,189 [Listener at 127.0.0.1/37083] INFO  om.OzoneManager (OzoneManager.java:instantiateServices(710)) - S3 Multi-Tenancy is disabled
2022-10-04 13:25:37,191 [Listener at 127.0.0.1/37083] INFO  om.OzoneManager (OzoneManager.java:addS3GVolumeToDB(4325)) - Created Volume s3v With Owner runner required for S3Gateway operations.
2022-10-04 13:25:37,191 [Listener at 127.0.0.1/37083] WARN  server.ServerUtils (ServerUtils.java:getDefaultRatisDirectory(237)) - Storage directory for Ratis is not configured. It is a good idea to map this to an SSD disk. Falling back to ozone.metadata.dirs
2022-10-04 13:25:37,192 [Listener at 127.0.0.1/37083] WARN  utils.OzoneManagerRatisUtils (OzoneManagerRatisUtils.java:getOMRatisSnapshotDirectory(434)) - ozone.om.ratis.snapshot.dir is not configured. Falling back to ozone.metadata.dirs config
2022-10-04 13:25:37,192 [Listener at 127.0.0.1/37083] INFO  snapshot.OzoneManagerSnapshotProvider (OzoneManagerSnapshotProvider.java:<init>(76)) - Initializing OM Snapshot Provider
2022-10-04 13:25:37,194 [Listener at 127.0.0.1/37083] WARN  impl.MetricRegistriesImpl (MetricRegistriesImpl.java:addReporterRegistration(111)) - New reporters are added after registries were created. Some metrics will be missing from the reporter. Please add reporter before adding any new registry.
2022-10-04 13:25:37,194 [Listener at 127.0.0.1/37083] WARN  impl.MetricRegistriesImpl (MetricRegistriesImpl.java:addReporterRegistration(111)) - New reporters are added after registries were created. Some metrics will be missing from the reporter. Please add reporter before adding any new registry.
2022-10-04 13:25:37,194 [Listener at 127.0.0.1/37083] WARN  server.ServerUtils (ServerUtils.java:getDefaultRatisDirectory(237)) - Storage directory for Ratis is not configured. It is a good idea to map this to an SSD disk. Falling back to ozone.metadata.dirs
2022-10-04 13:25:37,196 [Listener at 127.0.0.1/37083] INFO  ratis.OzoneManagerRatisServer (OzoneManagerRatisServer.java:<init>(160)) - Instantiating OM Ratis server with groupID: om-service-test1 and peers: localhost:33535, localhost:35537, localhost:42223
2022-10-04 13:25:37,196 [Listener at 127.0.0.1/37083] INFO  ratis.OzoneManagerStateMachine (OzoneManagerStateMachine.java:loadSnapshotInfoFromDB(632)) - LastAppliedIndex is set from TransactionInfo from OM DB as (t:0, i:~)
2022-10-04 13:25:37,201 [Listener at 127.0.0.1/37083] INFO  server.RaftServer (ConfUtils.java:logGet(46)) - raft.rpc.type = GRPC (default)
2022-10-04 13:25:37,201 [Listener at 127.0.0.1/37083] INFO  grpc.GrpcFactory (GrpcFactory.java:checkPooledByteBufAllocatorUseCacheForAllThreads(48)) - PERFORMANCE WARNING: useCacheForAllThreads is true that may cause Netty to create a lot garbage objects and, as a result, trigger GC.
	It is recommended to disable useCacheForAllThreads by setting -Dorg.apache.ratis.thirdparty.io.netty.allocator.useCacheForAllThreads=false in command line.
2022-10-04 13:25:37,202 [Listener at 127.0.0.1/37083] INFO  grpc.GrpcConfigKeys (ConfUtils.java:logGet(46)) - raft.grpc.admin.port = -1 (default)
2022-10-04 13:25:37,202 [Listener at 127.0.0.1/37083] INFO  grpc.GrpcConfigKeys (ConfUtils.java:logGet(46)) - raft.grpc.server.port = 33535 (custom)
2022-10-04 13:25:37,202 [Listener at 127.0.0.1/37083] INFO  grpc.GrpcConfigKeys (ConfUtils.java:logGet(46)) - raft.grpc.client.port = -1 (default)
2022-10-04 13:25:37,202 [Listener at 127.0.0.1/37083] INFO  grpc.GrpcConfigKeys (ConfUtils.java:logGet(46)) - raft.grpc.server.port = 33535 (custom)
2022-10-04 13:25:37,202 [Listener at 127.0.0.1/37083] INFO  grpc.GrpcConfigKeys (ConfUtils.java:logGet(46)) - raft.grpc.server.port = 33535 (custom)
2022-10-04 13:25:37,203 [Listener at 127.0.0.1/37083] INFO  server.GrpcService (ConfUtils.java:logGet(46)) - raft.grpc.message.size.max = 33554432 (custom)
2022-10-04 13:25:37,203 [Listener at 127.0.0.1/37083] INFO  server.RaftServerConfigKeys (ConfUtils.java:logGet(46)) - raft.server.log.appender.buffer.byte-limit = 33554432 (custom)
2022-10-04 13:25:37,204 [Listener at 127.0.0.1/37083] INFO  server.GrpcService (ConfUtils.java:logGet(46)) - raft.grpc.flow.control.window = 1MB (=1048576) (default)
2022-10-04 13:25:37,204 [Listener at 127.0.0.1/37083] INFO  server.RaftServerConfigKeys (ConfUtils.java:logGet(46)) - raft.server.rpc.request.timeout = 3000ms (default)
2022-10-04 13:25:37,205 [Listener at 127.0.0.1/37083] INFO  grpc.GrpcConfigKeys (ConfUtils.java:logGet(46)) - raft.grpc.server.async.request.thread.pool.cached = true (default)
2022-10-04 13:25:37,205 [Listener at 127.0.0.1/37083] INFO  grpc.GrpcConfigKeys (ConfUtils.java:logGet(46)) - raft.grpc.server.async.request.thread.pool.size = 32 (default)
2022-10-04 13:25:37,207 [Listener at 127.0.0.1/37083] INFO  impl.DataStreamServerImpl (ConfUtils.java:logGet(46)) - raft.datastream.type = DISABLED (default)
2022-10-04 13:25:37,208 [Listener at 127.0.0.1/37083] INFO  server.RaftServerConfigKeys (ConfUtils.java:logGet(46)) - raft.server.threadpool.proxy.cached = true (default)
2022-10-04 13:25:37,208 [Listener at 127.0.0.1/37083] INFO  server.RaftServerConfigKeys (ConfUtils.java:logGet(46)) - raft.server.threadpool.proxy.size = 0 (default)
2022-10-04 13:25:37,208 [Listener at 127.0.0.1/37083] INFO  server.RaftServerConfigKeys (ConfUtils.java:logGet(46)) - raft.server.rpc.slowness.timeout = 2s (custom)
2022-10-04 13:25:37,208 [Listener at 127.0.0.1/37083] INFO  server.RaftServerConfigKeys (ConfUtils.java:logGet(46)) - raft.server.leaderelection.leader.step-down.wait-time = 10s (default)
2022-10-04 13:25:37,209 [Listener at 127.0.0.1/37083] INFO  server.RaftServerConfigKeys (ConfUtils.java:logGet(46)) - raft.server.storage.dir = [/home/runner/work/ozone/ozone/hadoop-ozone/integration-test/target/test-dir/MiniOzoneClusterImpl-6e9557d8-a31c-49e5-bba1-8bc95799a8b8/omNode-2/ratis] (custom)
2022-10-04 13:25:37,209 [Listener at 127.0.0.1/37083] INFO  server.RaftServer (RaftServerProxy.java:addNew(96)) - omNode-2: addNew group-523986131536:[omNode-3|rpc:localhost:35537|priority:0, omNode-1|rpc:localhost:42223|priority:0, omNode-2|rpc:localhost:33535|priority:0] returns group-523986131536:java.util.concurrent.CompletableFuture@1b65076[Not completed]
2022-10-04 13:25:37,210 [Listener at 127.0.0.1/37083] INFO  om.OzoneManager (OzoneManager.java:initializeRatisServer(1977)) - OzoneManager Ratis server initialized at port 33535
2022-10-04 13:25:37,211 [Listener at 127.0.0.1/37083] INFO  om.OzoneManager (OzoneManager.java:getRpcServer(1100)) - Creating RPC Server
2022-10-04 13:25:37,213 [pool-82-thread-1] INFO  server.RaftServer$Division (RaftServerImpl.java:<init>(190)) - omNode-2: new RaftServerImpl for group-523986131536:[omNode-3|rpc:localhost:35537|priority:0, omNode-1|rpc:localhost:42223|priority:0, omNode-2|rpc:localhost:33535|priority:0] with OzoneManagerStateMachine:uninitialized
2022-10-04 13:25:37,213 [pool-82-thread-1] INFO  server.RaftServerConfigKeys (ConfUtils.java:logGet(46)) - raft.server.rpc.timeout.min = 1s (custom)
2022-10-04 13:25:37,213 [pool-82-thread-1] INFO  server.RaftServerConfigKeys (ConfUtils.java:logGet(46)) - raft.server.rpc.timeout.max = 1200ms (custom)
2022-10-04 13:25:37,213 [pool-82-thread-1] INFO  server.RaftServerConfigKeys (ConfUtils.java:logGet(46)) - raft.server.rpc.sleep.time = 25ms (default)
2022-10-04 13:25:37,213 [pool-82-thread-1] INFO  server.RaftServerConfigKeys (ConfUtils.java:logGet(46)) - raft.server.rpc.slowness.timeout = 2s (custom)
2022-10-04 13:25:37,213 [pool-82-thread-1] INFO  server.RaftServerConfigKeys (ConfUtils.java:logGet(46)) - raft.server.leaderelection.leader.step-down.wait-time = 10s (default)
2022-10-04 13:25:37,213 [pool-82-thread-1] INFO  server.RaftServerConfigKeys (ConfUtils.java:logGet(46)) - raft.server.sleep.deviation.threshold = 300ms (default)
2022-10-04 13:25:37,214 [pool-82-thread-1] INFO  server.RaftServer$Division (ServerState.java:<init>(107)) - omNode-2@group-523986131536: ConfigurationManager, init=-1: [omNode-3|rpc:localhost:35537|priority:0, omNode-1|rpc:localhost:42223|priority:0, omNode-2|rpc:localhost:33535|priority:0], old=null, confs=<EMPTY_MAP>
2022-10-04 13:25:37,214 [pool-82-thread-1] INFO  server.RaftServerConfigKeys (ConfUtils.java:logGet(46)) - raft.server.storage.dir = [/home/runner/work/ozone/ozone/hadoop-ozone/integration-test/target/test-dir/MiniOzoneClusterImpl-6e9557d8-a31c-49e5-bba1-8bc95799a8b8/omNode-2/ratis] (custom)
2022-10-04 13:25:37,217 [pool-82-thread-1] INFO  server.RaftServerConfigKeys (ConfUtils.java:logGet(46)) - raft.server.log.corruption.policy = EXCEPTION (default)
2022-10-04 13:25:37,218 [pool-82-thread-1] INFO  server.RaftServerConfigKeys (ConfUtils.java:logGet(46)) - raft.server.storage.free-space.min = 0MB (=0) (default)
2022-10-04 13:25:37,225 [pool-82-thread-1] INFO  storage.RaftStorageDirectory (RaftStorageDirectoryImpl.java:analyzeStorage(135)) - The storage directory /home/runner/work/ozone/ozone/hadoop-ozone/integration-test/target/test-dir/MiniOzoneClusterImpl-6e9557d8-a31c-49e5-bba1-8bc95799a8b8/omNode-2/ratis/c9bc4cf4-3bc3-3c60-a66b-523986131536 does not exist. Creating ...
2022-10-04 13:25:37,238 [pool-82-thread-1] INFO  storage.RaftStorageDirectory (RaftStorageDirectoryImpl.java:tryLock(230)) - Lock on /home/runner/work/ozone/ozone/hadoop-ozone/integration-test/target/test-dir/MiniOzoneClusterImpl-6e9557d8-a31c-49e5-bba1-8bc95799a8b8/omNode-2/ratis/c9bc4cf4-3bc3-3c60-a66b-523986131536/in_use.lock acquired by nodename 42070@fv-az573-645
2022-10-04 13:25:37,240 [pool-82-thread-1] INFO  storage.RaftStorage (RaftStorageImpl.java:format(89)) - Storage directory /home/runner/work/ozone/ozone/hadoop-ozone/integration-test/target/test-dir/MiniOzoneClusterImpl-6e9557d8-a31c-49e5-bba1-8bc95799a8b8/omNode-2/ratis/c9bc4cf4-3bc3-3c60-a66b-523986131536 has been successfully formatted.
2022-10-04 13:25:37,241 [pool-82-thread-1] INFO  server.RaftServerConfigKeys (ConfUtils.java:logGet(46)) - raft.server.notification.no-leader.timeout = 2s (custom)
2022-10-04 13:25:37,241 [pool-82-thread-1] INFO  server.RaftServerConfigKeys (ConfUtils.java:logGet(46)) - raft.server.log.use.memory = false (default)
2022-10-04 13:25:37,241 [pool-82-thread-1] INFO  server.RaftServerConfigKeys (ConfUtils.java:logGet(46)) - raft.server.log.purge.gap = 50 (custom)
2022-10-04 13:25:37,242 [pool-82-thread-1] INFO  server.RaftServerConfigKeys (ConfUtils.java:logGet(46)) - raft.server.log.appender.buffer.byte-limit = 33554432 (custom)
2022-10-04 13:25:37,242 [pool-82-thread-1] INFO  server.RaftServerConfigKeys (ConfUtils.java:logGet(46)) - raft.server.log.statemachine.data.read.timeout = 1000ms (default)
2022-10-04 13:25:37,242 [pool-82-thread-1] INFO  server.RaftServerConfigKeys (ConfUtils.java:logGet(46)) - raft.server.log.segment.size.max = 4194304 (custom)
2022-10-04 13:25:37,242 [pool-82-thread-1] INFO  server.RaftServerConfigKeys (ConfUtils.java:logGet(46)) - raft.server.log.segment.cache.num.max = 2 (custom)
2022-10-04 13:25:37,243 [pool-82-thread-1] INFO  server.RaftServerConfigKeys (ConfUtils.java:logGet(46)) - raft.server.log.segment.cache.size.max = 200MB (=209715200) (default)
2022-10-04 13:25:37,243 [pool-82-thread-1] INFO  segmented.SegmentedRaftLogWorker (SegmentedRaftLogWorker.java:<init>(187)) - new omNode-2@group-523986131536-SegmentedRaftLogWorker for RaftStorageImpl:Storage Directory /home/runner/work/ozone/ozone/hadoop-ozone/integration-test/target/test-dir/MiniOzoneClusterImpl-6e9557d8-a31c-49e5-bba1-8bc95799a8b8/omNode-2/ratis/c9bc4cf4-3bc3-3c60-a66b-523986131536
2022-10-04 13:25:37,243 [pool-82-thread-1] INFO  server.RaftServerConfigKeys (ConfUtils.java:logGet(46)) - raft.server.log.queue.byte-limit = 64MB (=67108864) (default)
2022-10-04 13:25:37,243 [pool-82-thread-1] INFO  server.RaftServerConfigKeys (ConfUtils.java:logGet(46)) - raft.server.log.queue.element-limit = 4096 (default)
2022-10-04 13:25:37,243 [pool-82-thread-1] INFO  server.RaftServerConfigKeys (ConfUtils.java:logGet(46)) - raft.server.log.segment.size.max = 4194304 (custom)
2022-10-04 13:25:37,243 [pool-82-thread-1] INFO  server.RaftServerConfigKeys (ConfUtils.java:logGet(46)) - raft.server.log.preallocated.size = 4194304 (custom)
2022-10-04 13:25:37,243 [pool-82-thread-1] INFO  server.RaftServerConfigKeys (ConfUtils.java:logGet(46)) - raft.server.log.force.sync.num = 128 (default)
2022-10-04 13:25:37,244 [pool-82-thread-1] INFO  server.RaftServerConfigKeys (ConfUtils.java:logGet(46)) - raft.server.log.statemachine.data.sync = true (default)
2022-10-04 13:25:37,244 [pool-82-thread-1] INFO  server.RaftServerConfigKeys (ConfUtils.java:logGet(46)) - raft.server.log.statemachine.data.sync.timeout = 10s (default)
2022-10-04 13:25:37,244 [pool-82-thread-1] INFO  server.RaftServerConfigKeys (ConfUtils.java:logGet(46)) - raft.server.log.statemachine.data.sync.timeout.retry = -1 (default)
2022-10-04 13:25:37,246 [pool-82-thread-1] INFO  server.RaftServerConfigKeys (ConfUtils.java:logGet(46)) - raft.server.log.write.buffer.size = 64KB (=65536) (default)
2022-10-04 13:25:37,246 [pool-82-thread-1] INFO  server.RaftServerConfigKeys (ConfUtils.java:logGet(46)) - raft.server.log.unsafe-flush.enabled = false (default)
2022-10-04 13:25:37,246 [pool-82-thread-1] INFO  server.RaftServerConfigKeys (ConfUtils.java:logGet(46)) - raft.server.log.statemachine.data.caching.enabled = false (default)
2022-10-04 13:25:37,246 [pool-82-thread-1] INFO  segmented.SegmentedRaftLogWorker (SegmentedRaftLogWorker.java:lambda$new$0(135)) - omNode-2@group-523986131536-SegmentedRaftLogWorker: flushIndex: setUnconditionally 0 -> -1
2022-10-04 13:25:37,246 [pool-82-thread-1] INFO  segmented.SegmentedRaftLogWorker (SegmentedRaftLogWorker.java:lambda$new$0(135)) - omNode-2@group-523986131536-SegmentedRaftLogWorker: safeCacheEvictIndex: setUnconditionally 0 -> -1
2022-10-04 13:25:37,247 [pool-82-thread-1] INFO  server.RaftServerConfigKeys (ConfUtils.java:logGet(46)) - raft.server.snapshot.auto.trigger.enabled = true (custom)
2022-10-04 13:25:37,247 [pool-82-thread-1] INFO  server.RaftServerConfigKeys (ConfUtils.java:logGet(46)) - raft.server.snapshot.auto.trigger.threshold = 50 (custom)
2022-10-04 13:25:37,247 [pool-82-thread-1] INFO  server.RaftServerConfigKeys (ConfUtils.java:logGet(46)) - raft.server.snapshot.retention.file.num = -1 (default)
2022-10-04 13:25:37,247 [pool-82-thread-1] INFO  server.RaftServerConfigKeys (ConfUtils.java:logGet(46)) - raft.server.log.purge.upto.snapshot.index = true (custom)
2022-10-04 13:25:37,248 [pool-82-thread-1] INFO  server.RaftServerConfigKeys (ConfUtils.java:logGet(46)) - raft.server.retrycache.expirytime = 30000ms (custom)
2022-10-04 13:25:37,248 [pool-82-thread-1] INFO  server.RaftServerConfigKeys (ConfUtils.java:logGet(46)) - raft.server.retrycache.statistics.expirytime = 100μs (default)
2022-10-04 13:25:37,249 [pool-82-thread-1] INFO  server.RaftServerConfigKeys (ConfUtils.java:logGet(46)) - raft.server.log.appender.install.snapshot.enabled = false (custom)
2022-10-04 13:25:37,250 [pool-82-thread-1] INFO  server.RaftServerConfigKeys (ConfUtils.java:logGet(46)) - raft.server.threadpool.server.cached = true (default)
2022-10-04 13:25:37,250 [pool-82-thread-1] INFO  server.RaftServerConfigKeys (ConfUtils.java:logGet(46)) - raft.server.threadpool.server.size = 0 (default)
2022-10-04 13:25:37,250 [pool-82-thread-1] INFO  server.RaftServerConfigKeys (ConfUtils.java:logGet(46)) - raft.server.threadpool.client.cached = true (default)
2022-10-04 13:25:37,250 [pool-82-thread-1] INFO  server.RaftServerConfigKeys (ConfUtils.java:logGet(46)) - raft.server.threadpool.client.size = 0 (default)
2022-10-04 13:25:37,706 [omNode-1@group-523986131536-FollowerState] INFO  impl.FollowerState (FollowerState.java:run(143)) - omNode-1@group-523986131536-FollowerState: change to CANDIDATE, lastRpcElapsedTime:1039522974ns, electionTimeout:1033ms
2022-10-04 13:25:37,708 [omNode-1@group-523986131536-FollowerState] INFO  impl.RoleInfo (RoleInfo.java:shutdownFollowerState(110)) - omNode-1: shutdown omNode-1@group-523986131536-FollowerState
2022-10-04 13:25:37,710 [omNode-1@group-523986131536-FollowerState] INFO  server.RaftServer$Division (RaftServerImpl.java:setRole(299)) - omNode-1@group-523986131536: changes role from  FOLLOWER to CANDIDATE at term 0 for changeToCandidate
2022-10-04 13:25:37,741 [Listener at 127.0.0.1/37083] INFO  reflections.Reflections (Reflections.java:scan(232)) - Reflections took 528 ms to scan 19 urls, producing 67 keys and 4220 values [using 2 cores]
2022-10-04 13:25:37,747 [omNode-1@group-523986131536-FollowerState] INFO  server.RaftServerConfigKeys (ConfUtils.java:logGet(46)) - raft.server.leaderelection.pre-vote = false (custom)
2022-10-04 13:25:37,748 [omNode-1@group-523986131536-FollowerState] INFO  impl.RoleInfo (RoleInfo.java:updateAndGet(139)) - omNode-1: start omNode-1@group-523986131536-LeaderElection1
2022-10-04 13:25:37,748 [Listener at 127.0.0.1/37083] INFO  ipc.CallQueueManager (CallQueueManager.java:<init>(90)) - Using callQueue: class java.util.concurrent.LinkedBlockingQueue, queueCapacity: 2000, scheduler: class org.apache.hadoop.ipc.DefaultRpcScheduler, ipcBackoff: false.
2022-10-04 13:25:37,753 [Socket Reader #1 for port 45931] INFO  ipc.Server (Server.java:run(1265)) - Starting Socket Reader #1 for port 45931
2022-10-04 13:25:37,758 [omNode-1@group-523986131536-LeaderElection1] INFO  impl.LeaderElection (LeaderElection.java:askForVotes(310)) - omNode-1@group-523986131536-LeaderElection1 ELECTION round 0: submit vote requests at term 1 for -1: [omNode-3|rpc:localhost:35537|priority:0, omNode-1|rpc:localhost:42223|priority:0, omNode-2|rpc:localhost:33535|priority:0], old=null
2022-10-04 13:25:37,797 [Listener at 127.0.0.1/45931] INFO  impl.MetricsSystemImpl (MetricsSystemImpl.java:init(158)) - OzoneManager metrics system started (again)
2022-10-04 13:25:37,821 [Listener at 127.0.0.1/45931] INFO  om.OzoneManager (OzoneManager.java:start(1484)) - OzoneManager RPC server is listening at localhost/127.0.0.1:45931
2022-10-04 13:25:37,821 [Listener at 127.0.0.1/45931] INFO  ratis.OzoneManagerRatisServer (OzoneManagerRatisServer.java:start(555)) - Starting OzoneManagerRatisServer omNode-2 at port 33535
2022-10-04 13:25:37,822 [omNode-2-impl-thread1] INFO  server.RaftServer$Division (RaftServerImpl.java:start(310)) - omNode-2@group-523986131536: start as a follower, conf=-1: [omNode-3|rpc:localhost:35537|priority:0, omNode-1|rpc:localhost:42223|priority:0, omNode-2|rpc:localhost:33535|priority:0], old=null
2022-10-04 13:25:37,822 [omNode-2-impl-thread1] INFO  server.RaftServer$Division (RaftServerImpl.java:setRole(299)) - omNode-2@group-523986131536: changes role from      null to FOLLOWER at term 0 for startAsFollower
2022-10-04 13:25:37,822 [omNode-2-impl-thread1] INFO  impl.RoleInfo (RoleInfo.java:updateAndGet(139)) - omNode-2: start omNode-2@group-523986131536-FollowerState
2022-10-04 13:25:37,823 [omNode-2-impl-thread1] INFO  util.JmxRegister (JmxRegister.java:tryRegister(44)) - Successfully registered JMX Bean with object name Ratis:service=RaftServer,group=group-523986131536,id=omNode-2
2022-10-04 13:25:37,834 [Listener at 127.0.0.1/45931] INFO  server.RaftServer (RaftServerProxy.java:lambda$start$6(382)) - omNode-2: start RPC server
2022-10-04 13:25:37,838 [Listener at 127.0.0.1/45931] INFO  server.GrpcService (GrpcService.java:startImpl(260)) - omNode-2: GrpcService started, listening on 33535
2022-10-04 13:25:37,841 [Listener at 127.0.0.1/45931] INFO  om.OzoneManager (OzoneManager.java:start(1500)) - Version File has different layout version (3) than OM DB (null). That is expected if this OM has never been finalized to a newer layout version.
2022-10-04 13:25:37,842 [org.apache.ratis.util.JvmPauseMonitor$$Lambda$699/75026084@693d61c1] INFO  util.JvmPauseMonitor (JvmPauseMonitor.java:run(103)) - JvmPauseMonitor-omNode-2: Started
2022-10-04 13:25:37,850 [Listener at 127.0.0.1/45931] INFO  http.BaseHttpServer (BaseHttpServer.java:newHttpServer2BuilderForOzone(213)) - Starting Web-server for ozoneManager at: http://0.0.0.0:44809
2022-10-04 13:25:37,850 [Listener at 127.0.0.1/45931] INFO  http.BaseHttpServer (BaseHttpServer.java:<init>(108)) - Hadoop Security Enabled: false Ozone Security Enabled: false Ozone HTTP Security Enabled: false 
2022-10-04 13:25:37,852 [Listener at 127.0.0.1/45931] INFO  server.AuthenticationFilter (AuthenticationFilter.java:constructSecretProvider(240)) - Unable to initialize FileSignerSecretProvider, falling back to use random secrets.
2022-10-04 13:25:37,857 [Listener at 127.0.0.1/45931] WARN  http.HttpRequestLog (HttpRequestLog.java:getRequestLog(103)) - Jetty request log can only be enabled using Log4j
2022-10-04 13:25:37,859 [Listener at 127.0.0.1/45931] INFO  http.HttpServer2 (HttpServer2.java:addGlobalFilter(1029)) - Added global filter 'safety' (class=org.apache.hadoop.hdds.server.http.HttpServer2$QuotingInputFilter)
2022-10-04 13:25:37,860 [Listener at 127.0.0.1/45931] INFO  http.HttpServer2 (HttpServer2.java:addFilter(1005)) - Added filter static_user_filter (class=org.apache.hadoop.http.lib.StaticUserWebFilter$StaticUserFilter) to context ozoneManager
2022-10-04 13:25:37,860 [Listener at 127.0.0.1/45931] INFO  http.HttpServer2 (HttpServer2.java:addFilter(1013)) - Added filter static_user_filter (class=org.apache.hadoop.http.lib.StaticUserWebFilter$StaticUserFilter) to context static
2022-10-04 13:25:37,861 [Listener at 127.0.0.1/45931] INFO  http.HttpServer2 (HttpServer2.java:addFilter(1013)) - Added filter static_user_filter (class=org.apache.hadoop.http.lib.StaticUserWebFilter$StaticUserFilter) to context logs
2022-10-04 13:25:37,862 [Listener at 127.0.0.1/45931] INFO  http.HttpServer2 (HttpServer2.java:bindListener(1248)) - Jetty bound to port 44809
2022-10-04 13:25:37,862 [Listener at 127.0.0.1/45931] INFO  server.Server (Server.java:doStart(375)) - jetty-9.4.43.v20210629; built: 2021-06-30T11:07:22.254Z; git: 526006ecfa3af7f1a27ef3a288e2bef7ea9dd7e8; jvm 1.8.0_345-b01
2022-10-04 13:25:37,901 [Listener at 127.0.0.1/45931] INFO  server.session (DefaultSessionIdManager.java:doStart(334)) - DefaultSessionIdManager workerName=node0
2022-10-04 13:25:37,901 [Listener at 127.0.0.1/45931] INFO  server.session (DefaultSessionIdManager.java:doStart(339)) - No SessionScavenger set, using defaults
2022-10-04 13:25:37,902 [Listener at 127.0.0.1/45931] INFO  server.session (HouseKeeper.java:startScavenging(132)) - node0 Scavenging every 600000ms
2022-10-04 13:25:37,904 [Listener at 127.0.0.1/45931] INFO  handler.ContextHandler (ContextHandler.java:doStart(915)) - Started o.e.j.s.ServletContextHandler@5b9b31e0{logs,/logs,file:///home/runner/work/ozone/ozone/hadoop-ozone/integration-test/target/log,AVAILABLE}
2022-10-04 13:25:37,905 [Listener at 127.0.0.1/45931] INFO  handler.ContextHandler (ContextHandler.java:doStart(915)) - Started o.e.j.s.ServletContextHandler@55aa6fd0{static,/static,file:///home/runner/work/ozone/ozone/hadoop-ozone/integration-test/target/test-classes/webapps/static,AVAILABLE}
2022-10-04 13:25:37,916 [Listener at 127.0.0.1/45931] INFO  handler.ContextHandler (ContextHandler.java:doStart(915)) - Started o.e.j.w.WebAppContext@169ea60a{ozoneManager,/,file:///home/runner/work/ozone/ozone/hadoop-ozone/integration-test/target/test-classes/webapps/ozoneManager/,AVAILABLE}{file:/home/runner/work/ozone/ozone/hadoop-ozone/integration-test/target/test-classes/webapps/ozoneManager}
2022-10-04 13:25:37,917 [Listener at 127.0.0.1/45931] INFO  server.AbstractConnector (AbstractConnector.java:doStart(331)) - Started ServerConnector@78941f94{HTTP/1.1, (http/1.1)}{0.0.0.0:44809}
2022-10-04 13:25:37,917 [Listener at 127.0.0.1/45931] INFO  server.Server (Server.java:doStart(415)) - Started @10658ms
2022-10-04 13:25:37,918 [Listener at 127.0.0.1/45931] WARN  impl.MetricsSystemImpl (MetricsSystemImpl.java:register(279)) - Sink prometheus already exists!
2022-10-04 13:25:37,921 [Listener at 127.0.0.1/45931] INFO  http.BaseHttpServer (BaseHttpServer.java:updateConnectorAddress(333)) - HTTP server of ozoneManager listening at http://0.0.0.0:44809
2022-10-04 13:25:37,922 [IPC Server Responder] INFO  ipc.Server (Server.java:run(1507)) - IPC Server Responder: starting
2022-10-04 13:25:38,095 [IPC Server listener on 45931] INFO  ipc.Server (Server.java:run(1344)) - IPC Server listener on 45931: starting
2022-10-04 13:25:38,108 [Listener at 127.0.0.1/45931] INFO  om.OzoneManager (OzoneManager.java:startTrashEmptier(1921)) - Trash Interval set to 0. Files deleted won't move to trash
2022-10-04 13:25:38,109 [Listener at 127.0.0.1/45931] INFO  ozone.MiniOzoneHAClusterImpl (MiniOzoneHAClusterImpl.java:createOMService(527)) - Started OzoneManager omNode-2 RPC server at localhost/127.0.0.1:45931
2022-10-04 13:25:38,110 [Listener at 127.0.0.1/45931] INFO  ha.OMHANodeDetails (OMHANodeDetails.java:loadOMHAConfig(121)) - ServiceID for OzoneManager is om-service-test1
2022-10-04 13:25:38,111 [Listener at 127.0.0.1/45931] INFO  ha.OMHANodeDetails (OMHANodeDetails.java:loadOMHAConfig(201)) - Found matching OM address with OMServiceId: om-service-test1, OMNodeId: omNode-3, RPC Address: localhost:43101 and Ratis port: 35537
2022-10-04 13:25:38,112 [Listener at 127.0.0.1/45931] INFO  ha.OMHANodeDetails (ConfUtils.java:setNodeSpecificConfigs(97)) - Setting configuration key ozone.om.http-address with value of key ozone.om.http-address.om-service-test1.omNode-3: 127.0.0.1:41475
2022-10-04 13:25:38,112 [Listener at 127.0.0.1/45931] INFO  ha.OMHANodeDetails (ConfUtils.java:setNodeSpecificConfigs(97)) - Setting configuration key ozone.om.https-address with value of key ozone.om.https-address.om-service-test1.omNode-3: 127.0.0.1:33661
2022-10-04 13:25:38,112 [Listener at 127.0.0.1/45931] INFO  ha.OMHANodeDetails (ConfUtils.java:setNodeSpecificConfigs(97)) - Setting configuration key ozone.om.address with value of key ozone.om.address.om-service-test1.omNode-3: 127.0.0.1:43101
2022-10-04 13:25:38,112 [Listener at 127.0.0.1/45931] WARN  server.ServerUtils (ServerUtils.java:getDBPath(225)) - ozone.om.db.dirs is not configured. We recommend adding this setting. Falling back to ozone.metadata.dirs instead.
2022-10-04 13:25:38,118 [org.apache.hadoop.util.JvmPauseMonitor$Monitor@28356892] INFO  util.JvmPauseMonitor (JvmPauseMonitor.java:run(188)) - Starting JVM pause monitor
2022-10-04 13:25:38,125 [Listener at 127.0.0.1/45931] INFO  proxy.SCMBlockLocationFailoverProxyProvider (SCMBlockLocationFailoverProxyProvider.java:<init>(114)) - Created block location fail-over proxy with 1 nodes: [nodeId=scmNodeId,nodeAddress=/0.0.0.0:40317]
OM initialization succeeded.Current cluster id for sd=/home/runner/work/ozone/ozone/hadoop-ozone/integration-test/target/test-dir/MiniOzoneClusterImpl-6e9557d8-a31c-49e5-bba1-8bc95799a8b8/omNode-3/om;cid=6e9557d8-a31c-49e5-bba1-8bc95799a8b8;layoutVersion=3
2022-10-04 13:25:38,160 [Listener at 127.0.0.1/45931] INFO  ha.OMHANodeDetails (OMHANodeDetails.java:loadOMHAConfig(121)) - ServiceID for OzoneManager is om-service-test1
2022-10-04 13:25:38,160 [Listener at 127.0.0.1/45931] INFO  ha.OMHANodeDetails (OMHANodeDetails.java:loadOMHAConfig(201)) - Found matching OM address with OMServiceId: om-service-test1, OMNodeId: omNode-3, RPC Address: localhost:43101 and Ratis port: 35537
2022-10-04 13:25:38,161 [Listener at 127.0.0.1/45931] INFO  ha.OMHANodeDetails (ConfUtils.java:setNodeSpecificConfigs(97)) - Setting configuration key ozone.om.http-address with value of key ozone.om.http-address.om-service-test1.omNode-3: 127.0.0.1:41475
2022-10-04 13:25:38,161 [Listener at 127.0.0.1/45931] INFO  ha.OMHANodeDetails (ConfUtils.java:setNodeSpecificConfigs(97)) - Setting configuration key ozone.om.https-address with value of key ozone.om.https-address.om-service-test1.omNode-3: 127.0.0.1:33661
2022-10-04 13:25:38,161 [Listener at 127.0.0.1/45931] INFO  ha.OMHANodeDetails (ConfUtils.java:setNodeSpecificConfigs(97)) - Setting configuration key ozone.om.address with value of key ozone.om.address.om-service-test1.omNode-3: 127.0.0.1:43101
2022-10-04 13:25:38,161 [Listener at 127.0.0.1/45931] WARN  server.ServerUtils (ServerUtils.java:getDBPath(225)) - ozone.om.db.dirs is not configured. We recommend adding this setting. Falling back to ozone.metadata.dirs instead.
2022-10-04 13:25:38,162 [Listener at 127.0.0.1/45931] INFO  upgrade.AbstractLayoutVersionManager (AbstractLayoutVersionManager.java:init(83)) - Initializing Layout version manager with metadata layout = MULTITENANCY_SCHEMA (version = 3), software layout = MULTITENANCY_SCHEMA (version = 3)
2022-10-04 13:25:38,275 [Listener at 127.0.0.1/45931] INFO  reflections.Reflections (Reflections.java:scan(232)) - Reflections took 112 ms to scan 2 urls, producing 154 keys and 428 values [using 2 cores]
2022-10-04 13:25:38,276 [Listener at 127.0.0.1/45931] INFO  upgrade.OMLayoutVersionManager (OMLayoutVersionManager.java:lambda$0(115)) - Skipping Upgrade Action MockOmUpgradeAction since it has been finalized.
2022-10-04 13:25:38,277 [Listener at 127.0.0.1/45931] WARN  server.ServerUtils (ServerUtils.java:getDBPath(225)) - ozone.om.db.dirs is not configured. We recommend adding this setting. Falling back to ozone.metadata.dirs instead.
2022-10-04 13:25:38,278 [Listener at 127.0.0.1/45931] INFO  proxy.SCMBlockLocationFailoverProxyProvider (SCMBlockLocationFailoverProxyProvider.java:<init>(114)) - Created block location fail-over proxy with 1 nodes: [nodeId=scmNodeId,nodeAddress=/0.0.0.0:40317]
2022-10-04 13:25:38,284 [Listener at 127.0.0.1/45931] INFO  proxy.SCMBlockLocationFailoverProxyProvider (SCMBlockLocationFailoverProxyProvider.java:<init>(114)) - Created block location fail-over proxy with 1 nodes: [nodeId=scmNodeId,nodeAddress=/0.0.0.0:40317]
2022-10-04 13:25:38,314 [Listener at 127.0.0.1/45931] WARN  server.ServerUtils (ServerUtils.java:getDBPath(225)) - ozone.om.db.dirs is not configured. We recommend adding this setting. Falling back to ozone.metadata.dirs instead.
2022-10-04 13:25:38,315 [Listener at 127.0.0.1/45931] INFO  codec.OmKeyInfoCodec (OmKeyInfoCodec.java:<init>(49)) - OmKeyInfoCodec ignorePipeline = true
2022-10-04 13:25:38,316 [Listener at 127.0.0.1/45931] INFO  codec.RepeatedOmKeyInfoCodec (RepeatedOmKeyInfoCodec.java:<init>(41)) - RepeatedOmKeyInfoCodec ignorePipeline = true
2022-10-04 13:25:38,581 [Listener at 127.0.0.1/45931] INFO  om.OzoneManager (OzoneManager.java:instantiateServices(710)) - S3 Multi-Tenancy is disabled
2022-10-04 13:25:38,583 [Listener at 127.0.0.1/45931] INFO  om.OzoneManager (OzoneManager.java:addS3GVolumeToDB(4325)) - Created Volume s3v With Owner runner required for S3Gateway operations.
2022-10-04 13:25:38,583 [Listener at 127.0.0.1/45931] WARN  server.ServerUtils (ServerUtils.java:getDefaultRatisDirectory(237)) - Storage directory for Ratis is not configured. It is a good idea to map this to an SSD disk. Falling back to ozone.metadata.dirs
2022-10-04 13:25:38,584 [Listener at 127.0.0.1/45931] WARN  utils.OzoneManagerRatisUtils (OzoneManagerRatisUtils.java:getOMRatisSnapshotDirectory(434)) - ozone.om.ratis.snapshot.dir is not configured. Falling back to ozone.metadata.dirs config
2022-10-04 13:25:38,584 [Listener at 127.0.0.1/45931] INFO  snapshot.OzoneManagerSnapshotProvider (OzoneManagerSnapshotProvider.java:<init>(76)) - Initializing OM Snapshot Provider
2022-10-04 13:25:38,589 [Listener at 127.0.0.1/45931] WARN  impl.MetricRegistriesImpl (MetricRegistriesImpl.java:addReporterRegistration(111)) - New reporters are added after registries were created. Some metrics will be missing from the reporter. Please add reporter before adding any new registry.
2022-10-04 13:25:38,589 [Listener at 127.0.0.1/45931] WARN  impl.MetricRegistriesImpl (MetricRegistriesImpl.java:addReporterRegistration(111)) - New reporters are added after registries were created. Some metrics will be missing from the reporter. Please add reporter before adding any new registry.
2022-10-04 13:25:38,590 [Listener at 127.0.0.1/45931] WARN  server.ServerUtils (ServerUtils.java:getDefaultRatisDirectory(237)) - Storage directory for Ratis is not configured. It is a good idea to map this to an SSD disk. Falling back to ozone.metadata.dirs
2022-10-04 13:25:38,591 [Listener at 127.0.0.1/45931] INFO  ratis.OzoneManagerRatisServer (OzoneManagerRatisServer.java:<init>(160)) - Instantiating OM Ratis server with groupID: om-service-test1 and peers: localhost:35537, localhost:42223, localhost:33535
2022-10-04 13:25:38,591 [Listener at 127.0.0.1/45931] INFO  ratis.OzoneManagerStateMachine (OzoneManagerStateMachine.java:loadSnapshotInfoFromDB(632)) - LastAppliedIndex is set from TransactionInfo from OM DB as (t:0, i:~)
2022-10-04 13:25:38,592 [Listener at 127.0.0.1/45931] INFO  server.RaftServer (ConfUtils.java:logGet(46)) - raft.rpc.type = GRPC (default)
2022-10-04 13:25:38,592 [Listener at 127.0.0.1/45931] INFO  grpc.GrpcFactory (GrpcFactory.java:checkPooledByteBufAllocatorUseCacheForAllThreads(48)) - PERFORMANCE WARNING: useCacheForAllThreads is true that may cause Netty to create a lot garbage objects and, as a result, trigger GC.
	It is recommended to disable useCacheForAllThreads by setting -Dorg.apache.ratis.thirdparty.io.netty.allocator.useCacheForAllThreads=false in command line.
2022-10-04 13:25:38,593 [Listener at 127.0.0.1/45931] INFO  grpc.GrpcConfigKeys (ConfUtils.java:logGet(46)) - raft.grpc.admin.port = -1 (default)
2022-10-04 13:25:38,593 [Listener at 127.0.0.1/45931] INFO  grpc.GrpcConfigKeys (ConfUtils.java:logGet(46)) - raft.grpc.server.port = 35537 (custom)
2022-10-04 13:25:38,593 [Listener at 127.0.0.1/45931] INFO  grpc.GrpcConfigKeys (ConfUtils.java:logGet(46)) - raft.grpc.client.port = -1 (default)
2022-10-04 13:25:38,593 [Listener at 127.0.0.1/45931] INFO  grpc.GrpcConfigKeys (ConfUtils.java:logGet(46)) - raft.grpc.server.port = 35537 (custom)
2022-10-04 13:25:38,593 [Listener at 127.0.0.1/45931] INFO  grpc.GrpcConfigKeys (ConfUtils.java:logGet(46)) - raft.grpc.server.port = 35537 (custom)
2022-10-04 13:25:38,594 [Listener at 127.0.0.1/45931] INFO  server.GrpcService (ConfUtils.java:logGet(46)) - raft.grpc.message.size.max = 33554432 (custom)
2022-10-04 13:25:38,594 [Listener at 127.0.0.1/45931] INFO  server.RaftServerConfigKeys (ConfUtils.java:logGet(46)) - raft.server.log.appender.buffer.byte-limit = 33554432 (custom)
2022-10-04 13:25:38,594 [Listener at 127.0.0.1/45931] INFO  server.GrpcService (ConfUtils.java:logGet(46)) - raft.grpc.flow.control.window = 1MB (=1048576) (default)
2022-10-04 13:25:38,594 [Listener at 127.0.0.1/45931] INFO  server.RaftServerConfigKeys (ConfUtils.java:logGet(46)) - raft.server.rpc.request.timeout = 3000ms (default)
2022-10-04 13:25:38,595 [Listener at 127.0.0.1/45931] INFO  grpc.GrpcConfigKeys (ConfUtils.java:logGet(46)) - raft.grpc.server.async.request.thread.pool.cached = true (default)
2022-10-04 13:25:38,595 [Listener at 127.0.0.1/45931] INFO  grpc.GrpcConfigKeys (ConfUtils.java:logGet(46)) - raft.grpc.server.async.request.thread.pool.size = 32 (default)
2022-10-04 13:25:38,596 [Listener at 127.0.0.1/45931] INFO  impl.DataStreamServerImpl (ConfUtils.java:logGet(46)) - raft.datastream.type = DISABLED (default)
2022-10-04 13:25:38,596 [Listener at 127.0.0.1/45931] INFO  server.RaftServerConfigKeys (ConfUtils.java:logGet(46)) - raft.server.threadpool.proxy.cached = true (default)
2022-10-04 13:25:38,596 [Listener at 127.0.0.1/45931] INFO  server.RaftServerConfigKeys (ConfUtils.java:logGet(46)) - raft.server.threadpool.proxy.size = 0 (default)
2022-10-04 13:25:38,597 [Listener at 127.0.0.1/45931] INFO  server.RaftServerConfigKeys (ConfUtils.java:logGet(46)) - raft.server.rpc.slowness.timeout = 2s (custom)
2022-10-04 13:25:38,597 [Listener at 127.0.0.1/45931] INFO  server.RaftServerConfigKeys (ConfUtils.java:logGet(46)) - raft.server.leaderelection.leader.step-down.wait-time = 10s (default)
2022-10-04 13:25:38,597 [Listener at 127.0.0.1/45931] INFO  server.RaftServerConfigKeys (ConfUtils.java:logGet(46)) - raft.server.storage.dir = [/home/runner/work/ozone/ozone/hadoop-ozone/integration-test/target/test-dir/MiniOzoneClusterImpl-6e9557d8-a31c-49e5-bba1-8bc95799a8b8/omNode-3/ratis] (custom)
2022-10-04 13:25:38,598 [Listener at 127.0.0.1/45931] INFO  server.RaftServer (RaftServerProxy.java:addNew(96)) - omNode-3: addNew group-523986131536:[omNode-3|rpc:localhost:35537|priority:0, omNode-1|rpc:localhost:42223|priority:0, omNode-2|rpc:localhost:33535|priority:0] returns group-523986131536:java.util.concurrent.CompletableFuture@1e7e67d3[Not completed]
2022-10-04 13:25:38,598 [Listener at 127.0.0.1/45931] INFO  om.OzoneManager (OzoneManager.java:initializeRatisServer(1977)) - OzoneManager Ratis server initialized at port 35537
2022-10-04 13:25:38,600 [Listener at 127.0.0.1/45931] INFO  om.OzoneManager (OzoneManager.java:getRpcServer(1100)) - Creating RPC Server
2022-10-04 13:25:38,602 [pool-107-thread-1] INFO  server.RaftServer$Division (RaftServerImpl.java:<init>(190)) - omNode-3: new RaftServerImpl for group-523986131536:[omNode-3|rpc:localhost:35537|priority:0, omNode-1|rpc:localhost:42223|priority:0, omNode-2|rpc:localhost:33535|priority:0] with OzoneManagerStateMachine:uninitialized
2022-10-04 13:25:38,602 [pool-107-thread-1] INFO  server.RaftServerConfigKeys (ConfUtils.java:logGet(46)) - raft.server.rpc.timeout.min = 1s (custom)
2022-10-04 13:25:38,602 [pool-107-thread-1] INFO  server.RaftServerConfigKeys (ConfUtils.java:logGet(46)) - raft.server.rpc.timeout.max = 1200ms (custom)
2022-10-04 13:25:38,602 [pool-107-thread-1] INFO  server.RaftServerConfigKeys (ConfUtils.java:logGet(46)) - raft.server.rpc.sleep.time = 25ms (default)
2022-10-04 13:25:38,602 [pool-107-thread-1] INFO  server.RaftServerConfigKeys (ConfUtils.java:logGet(46)) - raft.server.rpc.slowness.timeout = 2s (custom)
2022-10-04 13:25:38,602 [pool-107-thread-1] INFO  server.RaftServerConfigKeys (ConfUtils.java:logGet(46)) - raft.server.leaderelection.leader.step-down.wait-time = 10s (default)
2022-10-04 13:25:38,602 [pool-107-thread-1] INFO  server.RaftServerConfigKeys (ConfUtils.java:logGet(46)) - raft.server.sleep.deviation.threshold = 300ms (default)
2022-10-04 13:25:38,603 [pool-107-thread-1] INFO  server.RaftServer$Division (ServerState.java:<init>(107)) - omNode-3@group-523986131536: ConfigurationManager, init=-1: [omNode-3|rpc:localhost:35537|priority:0, omNode-1|rpc:localhost:42223|priority:0, omNode-2|rpc:localhost:33535|priority:0], old=null, confs=<EMPTY_MAP>
2022-10-04 13:25:38,603 [pool-107-thread-1] INFO  server.RaftServerConfigKeys (ConfUtils.java:logGet(46)) - raft.server.storage.dir = [/home/runner/work/ozone/ozone/hadoop-ozone/integration-test/target/test-dir/MiniOzoneClusterImpl-6e9557d8-a31c-49e5-bba1-8bc95799a8b8/omNode-3/ratis] (custom)
2022-10-04 13:25:38,603 [pool-107-thread-1] INFO  server.RaftServerConfigKeys (ConfUtils.java:logGet(46)) - raft.server.log.corruption.policy = EXCEPTION (default)
2022-10-04 13:25:38,603 [pool-107-thread-1] INFO  server.RaftServerConfigKeys (ConfUtils.java:logGet(46)) - raft.server.storage.free-space.min = 0MB (=0) (default)
2022-10-04 13:25:38,603 [pool-107-thread-1] INFO  storage.RaftStorageDirectory (RaftStorageDirectoryImpl.java:analyzeStorage(135)) - The storage directory /home/runner/work/ozone/ozone/hadoop-ozone/integration-test/target/test-dir/MiniOzoneClusterImpl-6e9557d8-a31c-49e5-bba1-8bc95799a8b8/omNode-3/ratis/c9bc4cf4-3bc3-3c60-a66b-523986131536 does not exist. Creating ...
2022-10-04 13:25:38,607 [pool-107-thread-1] INFO  storage.RaftStorageDirectory (RaftStorageDirectoryImpl.java:tryLock(230)) - Lock on /home/runner/work/ozone/ozone/hadoop-ozone/integration-test/target/test-dir/MiniOzoneClusterImpl-6e9557d8-a31c-49e5-bba1-8bc95799a8b8/omNode-3/ratis/c9bc4cf4-3bc3-3c60-a66b-523986131536/in_use.lock acquired by nodename 42070@fv-az573-645
2022-10-04 13:25:38,608 [pool-107-thread-1] INFO  storage.RaftStorage (RaftStorageImpl.java:format(89)) - Storage directory /home/runner/work/ozone/ozone/hadoop-ozone/integration-test/target/test-dir/MiniOzoneClusterImpl-6e9557d8-a31c-49e5-bba1-8bc95799a8b8/omNode-3/ratis/c9bc4cf4-3bc3-3c60-a66b-523986131536 has been successfully formatted.
2022-10-04 13:25:38,609 [pool-107-thread-1] INFO  server.RaftServerConfigKeys (ConfUtils.java:logGet(46)) - raft.server.notification.no-leader.timeout = 2s (custom)
2022-10-04 13:25:38,609 [pool-107-thread-1] INFO  server.RaftServerConfigKeys (ConfUtils.java:logGet(46)) - raft.server.log.use.memory = false (default)
2022-10-04 13:25:38,609 [pool-107-thread-1] INFO  server.RaftServerConfigKeys (ConfUtils.java:logGet(46)) - raft.server.log.purge.gap = 50 (custom)
2022-10-04 13:25:38,609 [pool-107-thread-1] INFO  server.RaftServerConfigKeys (ConfUtils.java:logGet(46)) - raft.server.log.appender.buffer.byte-limit = 33554432 (custom)
2022-10-04 13:25:38,609 [pool-107-thread-1] INFO  server.RaftServerConfigKeys (ConfUtils.java:logGet(46)) - raft.server.log.statemachine.data.read.timeout = 1000ms (default)
2022-10-04 13:25:38,610 [pool-107-thread-1] INFO  server.RaftServerConfigKeys (ConfUtils.java:logGet(46)) - raft.server.log.segment.size.max = 4194304 (custom)
2022-10-04 13:25:38,610 [pool-107-thread-1] INFO  server.RaftServerConfigKeys (ConfUtils.java:logGet(46)) - raft.server.log.segment.cache.num.max = 2 (custom)
2022-10-04 13:25:38,610 [pool-107-thread-1] INFO  server.RaftServerConfigKeys (ConfUtils.java:logGet(46)) - raft.server.log.segment.cache.size.max = 200MB (=209715200) (default)
2022-10-04 13:25:38,611 [pool-107-thread-1] INFO  segmented.SegmentedRaftLogWorker (SegmentedRaftLogWorker.java:<init>(187)) - new omNode-3@group-523986131536-SegmentedRaftLogWorker for RaftStorageImpl:Storage Directory /home/runner/work/ozone/ozone/hadoop-ozone/integration-test/target/test-dir/MiniOzoneClusterImpl-6e9557d8-a31c-49e5-bba1-8bc95799a8b8/omNode-3/ratis/c9bc4cf4-3bc3-3c60-a66b-523986131536
2022-10-04 13:25:38,611 [pool-107-thread-1] INFO  server.RaftServerConfigKeys (ConfUtils.java:logGet(46)) - raft.server.log.queue.byte-limit = 64MB (=67108864) (default)
2022-10-04 13:25:38,611 [pool-107-thread-1] INFO  server.RaftServerConfigKeys (ConfUtils.java:logGet(46)) - raft.server.log.queue.element-limit = 4096 (default)
2022-10-04 13:25:38,611 [pool-107-thread-1] INFO  server.RaftServerConfigKeys (ConfUtils.java:logGet(46)) - raft.server.log.segment.size.max = 4194304 (custom)
2022-10-04 13:25:38,611 [pool-107-thread-1] INFO  server.RaftServerConfigKeys (ConfUtils.java:logGet(46)) - raft.server.log.preallocated.size = 4194304 (custom)
2022-10-04 13:25:38,611 [pool-107-thread-1] INFO  server.RaftServerConfigKeys (ConfUtils.java:logGet(46)) - raft.server.log.force.sync.num = 128 (default)
2022-10-04 13:25:38,611 [pool-107-thread-1] INFO  server.RaftServerConfigKeys (ConfUtils.java:logGet(46)) - raft.server.log.statemachine.data.sync = true (default)
2022-10-04 13:25:38,611 [pool-107-thread-1] INFO  server.RaftServerConfigKeys (ConfUtils.java:logGet(46)) - raft.server.log.statemachine.data.sync.timeout = 10s (default)
2022-10-04 13:25:38,611 [pool-107-thread-1] INFO  server.RaftServerConfigKeys (ConfUtils.java:logGet(46)) - raft.server.log.statemachine.data.sync.timeout.retry = -1 (default)
2022-10-04 13:25:38,615 [pool-107-thread-1] INFO  server.RaftServerConfigKeys (ConfUtils.java:logGet(46)) - raft.server.log.write.buffer.size = 64KB (=65536) (default)
2022-10-04 13:25:38,615 [pool-107-thread-1] INFO  server.RaftServerConfigKeys (ConfUtils.java:logGet(46)) - raft.server.log.unsafe-flush.enabled = false (default)
2022-10-04 13:25:38,615 [pool-107-thread-1] INFO  server.RaftServerConfigKeys (ConfUtils.java:logGet(46)) - raft.server.log.statemachine.data.caching.enabled = false (default)
2022-10-04 13:25:38,615 [pool-107-thread-1] INFO  segmented.SegmentedRaftLogWorker (SegmentedRaftLogWorker.java:lambda$new$0(135)) - omNode-3@group-523986131536-SegmentedRaftLogWorker: flushIndex: setUnconditionally 0 -> -1
2022-10-04 13:25:38,616 [pool-107-thread-1] INFO  segmented.SegmentedRaftLogWorker (SegmentedRaftLogWorker.java:lambda$new$0(135)) - omNode-3@group-523986131536-SegmentedRaftLogWorker: safeCacheEvictIndex: setUnconditionally 0 -> -1
2022-10-04 13:25:38,628 [pool-107-thread-1] INFO  server.RaftServerConfigKeys (ConfUtils.java:logGet(46)) - raft.server.snapshot.auto.trigger.enabled = true (custom)
2022-10-04 13:25:38,628 [pool-107-thread-1] INFO  server.RaftServerConfigKeys (ConfUtils.java:logGet(46)) - raft.server.snapshot.auto.trigger.threshold = 50 (custom)
2022-10-04 13:25:38,628 [pool-107-thread-1] INFO  server.RaftServerConfigKeys (ConfUtils.java:logGet(46)) - raft.server.snapshot.retention.file.num = -1 (default)
2022-10-04 13:25:38,628 [pool-107-thread-1] INFO  server.RaftServerConfigKeys (ConfUtils.java:logGet(46)) - raft.server.log.purge.upto.snapshot.index = true (custom)
2022-10-04 13:25:38,628 [pool-107-thread-1] INFO  server.RaftServerConfigKeys (ConfUtils.java:logGet(46)) - raft.server.retrycache.expirytime = 30000ms (custom)
2022-10-04 13:25:38,629 [pool-107-thread-1] INFO  server.RaftServerConfigKeys (ConfUtils.java:logGet(46)) - raft.server.retrycache.statistics.expirytime = 100μs (default)
2022-10-04 13:25:38,630 [pool-107-thread-1] INFO  server.RaftServerConfigKeys (ConfUtils.java:logGet(46)) - raft.server.log.appender.install.snapshot.enabled = false (custom)
2022-10-04 13:25:38,631 [pool-107-thread-1] INFO  server.RaftServerConfigKeys (ConfUtils.java:logGet(46)) - raft.server.threadpool.server.cached = true (default)
2022-10-04 13:25:38,631 [pool-107-thread-1] INFO  server.RaftServerConfigKeys (ConfUtils.java:logGet(46)) - raft.server.threadpool.server.size = 0 (default)
2022-10-04 13:25:38,631 [pool-107-thread-1] INFO  server.RaftServerConfigKeys (ConfUtils.java:logGet(46)) - raft.server.threadpool.client.cached = true (default)
2022-10-04 13:25:38,631 [pool-107-thread-1] INFO  server.RaftServerConfigKeys (ConfUtils.java:logGet(46)) - raft.server.threadpool.client.size = 0 (default)
2022-10-04 13:25:38,708 [omNode-1@group-523986131536-LeaderElection1] INFO  impl.LeaderElection (LogUtils.java:infoOrTrace(137)) - omNode-1@group-523986131536-LeaderElection1 got exception when requesting votes: java.util.concurrent.ExecutionException: org.apache.ratis.thirdparty.io.grpc.StatusRuntimeException: UNAVAILABLE: io exception
2022-10-04 13:25:38,817 [grpc-default-executor-1] INFO  server.RaftServer$Division (RaftServerImpl.java:requestVote(1152)) - omNode-2@group-523986131536: receive requestVote(ELECTION, omNode-1, group-523986131536, 1, (t:0, i:~))
2022-10-04 13:25:38,820 [grpc-default-executor-1] INFO  impl.VoteContext (VoteContext.java:log(48)) - omNode-2@group-523986131536-FOLLOWER: accept ELECTION from omNode-1: our priority 0 <= candidate's priority 0
2022-10-04 13:25:38,820 [grpc-default-executor-1] INFO  server.RaftServer$Division (RaftServerImpl.java:setRole(299)) - omNode-2@group-523986131536: changes role from  FOLLOWER to FOLLOWER at term 1 for candidate:omNode-1
2022-10-04 13:25:38,820 [grpc-default-executor-1] INFO  impl.RoleInfo (RoleInfo.java:shutdownFollowerState(110)) - omNode-2: shutdown omNode-2@group-523986131536-FollowerState
2022-10-04 13:25:38,821 [omNode-2@group-523986131536-FollowerState] INFO  impl.FollowerState (FollowerState.java:run(152)) - omNode-2@group-523986131536-FollowerState was interrupted
2022-10-04 13:25:38,821 [grpc-default-executor-1] INFO  impl.RoleInfo (RoleInfo.java:updateAndGet(139)) - omNode-2: start omNode-2@group-523986131536-FollowerState
2022-10-04 13:25:38,852 [grpc-default-executor-1] INFO  server.RaftServer$Division (RaftServerImpl.java:requestVote(1184)) - omNode-2@group-523986131536 replies to ELECTION vote request: omNode-1<-omNode-2#0:OK-t1. Peer's state: omNode-2@group-523986131536:t1, leader=null, voted=omNode-1, raftlog=omNode-2@group-523986131536-SegmentedRaftLog:OPENED:c-1, conf=-1: [omNode-3|rpc:localhost:35537|priority:0, omNode-1|rpc:localhost:42223|priority:0, omNode-2|rpc:localhost:33535|priority:0], old=null
2022-10-04 13:25:38,890 [omNode-1@group-523986131536-LeaderElection1] INFO  impl.LeaderElection (LeaderElection.java:logAndReturn(90)) - omNode-1@group-523986131536-LeaderElection1: ELECTION PASSED received 1 response(s) and 1 exception(s):
2022-10-04 13:25:38,890 [omNode-1@group-523986131536-LeaderElection1] INFO  impl.LeaderElection (LeaderElection.java:logAndReturn(94)) -   Response 0: omNode-1<-omNode-2#0:OK-t1
2022-10-04 13:25:38,891 [omNode-1@group-523986131536-LeaderElection1] INFO  impl.LeaderElection (LogUtils.java:infoOrTrace(137)) -   Exception 1: java.util.concurrent.ExecutionException: org.apache.ratis.thirdparty.io.grpc.StatusRuntimeException: UNAVAILABLE: io exception
2022-10-04 13:25:38,891 [omNode-1@group-523986131536-LeaderElection1] INFO  impl.LeaderElection (LeaderElection.java:askForVotes(312)) - omNode-1@group-523986131536-LeaderElection1 ELECTION round 0: result PASSED
2022-10-04 13:25:38,891 [omNode-1@group-523986131536-LeaderElection1] INFO  impl.RoleInfo (RoleInfo.java:shutdownLeaderElection(130)) - omNode-1: shutdown omNode-1@group-523986131536-LeaderElection1
2022-10-04 13:25:38,892 [omNode-1@group-523986131536-LeaderElection1] INFO  server.RaftServer$Division (RaftServerImpl.java:setRole(299)) - omNode-1@group-523986131536: changes role from CANDIDATE to LEADER at term 1 for changeToLeader
2022-10-04 13:25:38,892 [omNode-1@group-523986131536-LeaderElection1] INFO  server.RaftServer$Division (ServerState.java:setLeader(287)) - omNode-1@group-523986131536: change Leader from null to omNode-1 at term 1 for becomeLeader, leader elected after 3396ms
2022-10-04 13:25:38,898 [omNode-1@group-523986131536-LeaderElection1] INFO  server.RaftServerConfigKeys (ConfUtils.java:logGet(46)) - raft.server.staging.catchup.gap = 1000 (default)
2022-10-04 13:25:38,916 [omNode-1@group-523986131536-LeaderElection1] INFO  server.RaftServerConfigKeys (ConfUtils.java:logGet(46)) - raft.server.write.element-limit = 4096 (default)
2022-10-04 13:25:38,916 [omNode-1@group-523986131536-LeaderElection1] INFO  server.RaftServerConfigKeys (ConfUtils.java:logGet(46)) - raft.server.write.byte-limit = 64MB (=67108864) (default)
2022-10-04 13:25:38,933 [omNode-1@group-523986131536-LeaderElection1] INFO  server.RaftServerConfigKeys (ConfUtils.java:logGet(46)) - raft.server.watch.timeout = 10s (default)
2022-10-04 13:25:38,933 [omNode-1@group-523986131536-LeaderElection1] INFO  server.RaftServerConfigKeys (ConfUtils.java:logGet(46)) - raft.server.watch.timeout.denomination = 1s (default)
2022-10-04 13:25:38,942 [omNode-1@group-523986131536-LeaderElection1] INFO  server.RaftServerConfigKeys (ConfUtils.java:logGet(46)) - raft.server.watch.element-limit = 65536 (default)
2022-10-04 13:25:38,977 [omNode-1@group-523986131536-LeaderElection1] INFO  server.RaftServerConfigKeys (ConfUtils.java:logGet(46)) - raft.server.write.element-limit = 4096 (default)
2022-10-04 13:25:38,980 [omNode-1@group-523986131536-LeaderElection1] INFO  server.RaftServerConfigKeys (ConfUtils.java:logGet(46)) - raft.server.write.follower.gap.ratio.max = -1.0 (default)
2022-10-04 13:25:39,012 [omNode-1@group-523986131536-LeaderElection1] INFO  server.RaftServerConfigKeys (ConfUtils.java:logGet(46)) - raft.server.log.appender.snapshot.chunk.size.max = 16MB (=16777216) (default)
2022-10-04 13:25:39,012 [omNode-1@group-523986131536-LeaderElection1] INFO  server.RaftServerConfigKeys (ConfUtils.java:logGet(46)) - raft.server.log.appender.buffer.byte-limit = 33554432 (custom)
2022-10-04 13:25:39,013 [omNode-1@group-523986131536-LeaderElection1] INFO  server.RaftServerConfigKeys (ConfUtils.java:logGet(46)) - raft.server.log.appender.buffer.element-limit = 1024 (custom)
2022-10-04 13:25:39,016 [omNode-1@group-523986131536-LeaderElection1] INFO  grpc.GrpcConfigKeys (ConfUtils.java:logGet(46)) - raft.grpc.server.leader.outstanding.appends.max = 128 (default)
2022-10-04 13:25:39,023 [omNode-1@group-523986131536-LeaderElection1] INFO  server.RaftServerConfigKeys (ConfUtils.java:logGet(46)) - raft.server.rpc.request.timeout = 3000ms (default)
2022-10-04 13:25:39,023 [omNode-1@group-523986131536-LeaderElection1] INFO  server.RaftServerConfigKeys (ConfUtils.java:logGet(46)) - raft.server.log.appender.install.snapshot.enabled = false (custom)
2022-10-04 13:25:39,026 [omNode-1@group-523986131536-LeaderElection1] INFO  server.RaftServerConfigKeys (ConfUtils.java:logGet(46)) - raft.server.log.appender.snapshot.chunk.size.max = 16MB (=16777216) (default)
2022-10-04 13:25:39,026 [omNode-1@group-523986131536-LeaderElection1] INFO  server.RaftServerConfigKeys (ConfUtils.java:logGet(46)) - raft.server.log.appender.buffer.byte-limit = 33554432 (custom)
2022-10-04 13:25:39,026 [omNode-1@group-523986131536-LeaderElection1] INFO  server.RaftServerConfigKeys (ConfUtils.java:logGet(46)) - raft.server.log.appender.buffer.element-limit = 1024 (custom)
2022-10-04 13:25:39,026 [omNode-1@group-523986131536-LeaderElection1] INFO  grpc.GrpcConfigKeys (ConfUtils.java:logGet(46)) - raft.grpc.server.leader.outstanding.appends.max = 128 (default)
2022-10-04 13:25:39,026 [omNode-1@group-523986131536-LeaderElection1] INFO  server.RaftServerConfigKeys (ConfUtils.java:logGet(46)) - raft.server.rpc.request.timeout = 3000ms (default)
2022-10-04 13:25:39,027 [omNode-1@group-523986131536-LeaderElection1] INFO  server.RaftServerConfigKeys (ConfUtils.java:logGet(46)) - raft.server.log.appender.install.snapshot.enabled = false (custom)
2022-10-04 13:25:39,030 [omNode-1@group-523986131536-LeaderElection1] INFO  impl.RoleInfo (RoleInfo.java:updateAndGet(139)) - omNode-1: start omNode-1@group-523986131536-LeaderStateImpl
2022-10-04 13:25:39,084 [omNode-1@group-523986131536-LeaderElection1] INFO  segmented.SegmentedRaftLogWorker (SegmentedRaftLogWorker.java:startLogSegment(425)) - omNode-1@group-523986131536-SegmentedRaftLogWorker: Starting segment from index:0
2022-10-04 13:25:39,155 [omNode-1@group-523986131536-LeaderElection1] INFO  server.RaftServer$Division (ServerState.java:setRaftConf(393)) - omNode-1@group-523986131536: set configuration 0: [omNode-3|rpc:localhost:35537|admin:|client:|dataStream:|priority:0, omNode-1|rpc:localhost:42223|admin:|client:|dataStream:|priority:0, omNode-2|rpc:localhost:33535|admin:|client:|dataStream:|priority:0], old=null
2022-10-04 13:25:39,250 [grpc-default-executor-1] WARN  server.GrpcLogAppender (LogUtils.java:warn(122)) - omNode-1@group-523986131536->omNode-3-AppendLogResponseHandler: Failed appendEntries: org.apache.ratis.thirdparty.io.grpc.StatusRuntimeException: UNAVAILABLE: io exception
2022-10-04 13:25:39,256 [grpc-default-executor-1] WARN  server.GrpcLogAppender (GrpcLogAppender.java:resetClient(111)) - omNode-1@group-523986131536->omNode-3-GrpcLogAppender: Leader has not got in touch with Follower omNode-1@group-523986131536->omNode-3(c-1,m0,n0, attendVote=true, lastRpcSendTime=1475, lastRpcResponseTime=1475) yet, just keep nextIndex unchanged and retry.
2022-10-04 13:25:39,280 [grpc-default-executor-0] WARN  server.GrpcLogAppender (LogUtils.java:warn(122)) - omNode-1@group-523986131536->omNode-3-AppendLogResponseHandler: Failed appendEntries: org.apache.ratis.thirdparty.io.grpc.StatusRuntimeException: UNAVAILABLE: io exception
2022-10-04 13:25:39,281 [grpc-default-executor-0] WARN  server.GrpcLogAppender (GrpcLogAppender.java:resetClient(111)) - omNode-1@group-523986131536->omNode-3-GrpcLogAppender: Leader has not got in touch with Follower omNode-1@group-523986131536->omNode-3(c-1,m0,n1, attendVote=true, lastRpcSendTime=1, lastRpcResponseTime=1500) yet, just keep nextIndex unchanged and retry.
2022-10-04 13:25:39,345 [omNode-2-server-thread1] INFO  server.RaftServer$Division (ServerState.java:setLeader(287)) - omNode-2@group-523986131536: change Leader from null to omNode-1 at term 1 for appendEntries, leader elected after 2104ms
2022-10-04 13:25:39,346 [omNode-1@group-523986131536-SegmentedRaftLogWorker] INFO  segmented.SegmentedRaftLogWorker (SegmentedRaftLogWorker.java:execute(629)) - omNode-1@group-523986131536-SegmentedRaftLogWorker: created new log segment /home/runner/work/ozone/ozone/hadoop-ozone/integration-test/target/test-dir/MiniOzoneClusterImpl-6e9557d8-a31c-49e5-bba1-8bc95799a8b8/omNode-1/ratis/c9bc4cf4-3bc3-3c60-a66b-523986131536/current/log_inprogress_0
2022-10-04 13:25:39,389 [omNode-2-server-thread1] INFO  server.RaftServer$Division (ServerState.java:setRaftConf(393)) - omNode-2@group-523986131536: set configuration 0: [omNode-3|rpc:localhost:35537|admin:|client:|dataStream:|priority:0, omNode-1|rpc:localhost:42223|admin:|client:|dataStream:|priority:0, omNode-2|rpc:localhost:33535|admin:|client:|dataStream:|priority:0], old=null
2022-10-04 13:25:39,390 [omNode-2-server-thread1] INFO  segmented.SegmentedRaftLogWorker (SegmentedRaftLogWorker.java:startLogSegment(425)) - omNode-2@group-523986131536-SegmentedRaftLogWorker: Starting segment from index:0
2022-10-04 13:25:39,404 [omNode-2@group-523986131536-SegmentedRaftLogWorker] INFO  segmented.SegmentedRaftLogWorker (SegmentedRaftLogWorker.java:execute(629)) - omNode-2@group-523986131536-SegmentedRaftLogWorker: created new log segment /home/runner/work/ozone/ozone/hadoop-ozone/integration-test/target/test-dir/MiniOzoneClusterImpl-6e9557d8-a31c-49e5-bba1-8bc95799a8b8/omNode-2/ratis/c9bc4cf4-3bc3-3c60-a66b-523986131536/current/log_inprogress_0
2022-10-04 13:25:39,463 [Listener at 127.0.0.1/45931] INFO  reflections.Reflections (Reflections.java:scan(232)) - Reflections took 862 ms to scan 19 urls, producing 67 keys and 4220 values [using 2 cores]
2022-10-04 13:25:39,465 [Listener at 127.0.0.1/45931] INFO  ipc.CallQueueManager (CallQueueManager.java:<init>(90)) - Using callQueue: class java.util.concurrent.LinkedBlockingQueue, queueCapacity: 2000, scheduler: class org.apache.hadoop.ipc.DefaultRpcScheduler, ipcBackoff: false.
2022-10-04 13:25:39,466 [Socket Reader #1 for port 43101] INFO  ipc.Server (Server.java:run(1265)) - Starting Socket Reader #1 for port 43101
2022-10-04 13:25:39,516 [grpc-default-executor-2] WARN  server.GrpcLogAppender (LogUtils.java:warn(122)) - omNode-1@group-523986131536->omNode-3-AppendLogResponseHandler: Failed appendEntries: org.apache.ratis.thirdparty.io.grpc.StatusRuntimeException: UNAVAILABLE: io exception
2022-10-04 13:25:39,517 [grpc-default-executor-2] WARN  server.GrpcLogAppender (GrpcLogAppender.java:resetClient(111)) - omNode-1@group-523986131536->omNode-3-GrpcLogAppender: Leader has not got in touch with Follower omNode-1@group-523986131536->omNode-3(c-1,m0,n1, attendVote=true, lastRpcSendTime=1, lastRpcResponseTime=1737) yet, just keep nextIndex unchanged and retry.
2022-10-04 13:25:39,538 [Listener at 127.0.0.1/43101] INFO  impl.MetricsSystemImpl (MetricsSystemImpl.java:init(158)) - OzoneManager metrics system started (again)
2022-10-04 13:25:39,570 [Listener at 127.0.0.1/43101] INFO  om.OzoneManager (OzoneManager.java:start(1484)) - OzoneManager RPC server is listening at localhost/127.0.0.1:43101
2022-10-04 13:25:39,570 [Listener at 127.0.0.1/43101] INFO  ratis.OzoneManagerRatisServer (OzoneManagerRatisServer.java:start(555)) - Starting OzoneManagerRatisServer omNode-3 at port 35537
2022-10-04 13:25:39,570 [omNode-3-impl-thread1] INFO  server.RaftServer$Division (RaftServerImpl.java:start(310)) - omNode-3@group-523986131536: start as a follower, conf=-1: [omNode-3|rpc:localhost:35537|priority:0, omNode-1|rpc:localhost:42223|priority:0, omNode-2|rpc:localhost:33535|priority:0], old=null
2022-10-04 13:25:39,570 [omNode-3-impl-thread1] INFO  server.RaftServer$Division (RaftServerImpl.java:setRole(299)) - omNode-3@group-523986131536: changes role from      null to FOLLOWER at term 0 for startAsFollower
2022-10-04 13:25:39,571 [omNode-3-impl-thread1] INFO  impl.RoleInfo (RoleInfo.java:updateAndGet(139)) - omNode-3: start omNode-3@group-523986131536-FollowerState
2022-10-04 13:25:39,574 [omNode-3-impl-thread1] INFO  util.JmxRegister (JmxRegister.java:tryRegister(44)) - Successfully registered JMX Bean with object name Ratis:service=RaftServer,group=group-523986131536,id=omNode-3
2022-10-04 13:25:39,582 [Listener at 127.0.0.1/43101] INFO  server.RaftServer (RaftServerProxy.java:lambda$start$6(382)) - omNode-3: start RPC server
2022-10-04 13:25:39,593 [Listener at 127.0.0.1/43101] INFO  server.GrpcService (GrpcService.java:startImpl(260)) - omNode-3: GrpcService started, listening on 35537
2022-10-04 13:25:39,594 [Listener at 127.0.0.1/43101] INFO  om.OzoneManager (OzoneManager.java:start(1500)) - Version File has different layout version (3) than OM DB (null). That is expected if this OM has never been finalized to a newer layout version.
2022-10-04 13:25:39,595 [org.apache.ratis.util.JvmPauseMonitor$$Lambda$699/75026084@d67e891] INFO  util.JvmPauseMonitor (JvmPauseMonitor.java:run(103)) - JvmPauseMonitor-omNode-3: Started
2022-10-04 13:25:39,616 [Listener at 127.0.0.1/43101] INFO  http.BaseHttpServer (BaseHttpServer.java:newHttpServer2BuilderForOzone(213)) - Starting Web-server for ozoneManager at: http://0.0.0.0:41475
2022-10-04 13:25:39,616 [Listener at 127.0.0.1/43101] INFO  http.BaseHttpServer (BaseHttpServer.java:<init>(108)) - Hadoop Security Enabled: false Ozone Security Enabled: false Ozone HTTP Security Enabled: false 
2022-10-04 13:25:39,617 [Listener at 127.0.0.1/43101] INFO  server.AuthenticationFilter (AuthenticationFilter.java:constructSecretProvider(240)) - Unable to initialize FileSignerSecretProvider, falling back to use random secrets.
2022-10-04 13:25:39,622 [Listener at 127.0.0.1/43101] WARN  http.HttpRequestLog (HttpRequestLog.java:getRequestLog(103)) - Jetty request log can only be enabled using Log4j
2022-10-04 13:25:39,625 [Listener at 127.0.0.1/43101] INFO  http.HttpServer2 (HttpServer2.java:addGlobalFilter(1029)) - Added global filter 'safety' (class=org.apache.hadoop.hdds.server.http.HttpServer2$QuotingInputFilter)
2022-10-04 13:25:39,626 [Listener at 127.0.0.1/43101] INFO  http.HttpServer2 (HttpServer2.java:addFilter(1005)) - Added filter static_user_filter (class=org.apache.hadoop.http.lib.StaticUserWebFilter$StaticUserFilter) to context ozoneManager
2022-10-04 13:25:39,626 [Listener at 127.0.0.1/43101] INFO  http.HttpServer2 (HttpServer2.java:addFilter(1013)) - Added filter static_user_filter (class=org.apache.hadoop.http.lib.StaticUserWebFilter$StaticUserFilter) to context static
2022-10-04 13:25:39,626 [Listener at 127.0.0.1/43101] INFO  http.HttpServer2 (HttpServer2.java:addFilter(1013)) - Added filter static_user_filter (class=org.apache.hadoop.http.lib.StaticUserWebFilter$StaticUserFilter) to context logs
2022-10-04 13:25:39,627 [Listener at 127.0.0.1/43101] INFO  http.HttpServer2 (HttpServer2.java:bindListener(1248)) - Jetty bound to port 41475
2022-10-04 13:25:39,627 [Listener at 127.0.0.1/43101] INFO  server.Server (Server.java:doStart(375)) - jetty-9.4.43.v20210629; built: 2021-06-30T11:07:22.254Z; git: 526006ecfa3af7f1a27ef3a288e2bef7ea9dd7e8; jvm 1.8.0_345-b01
2022-10-04 13:25:39,681 [Listener at 127.0.0.1/43101] INFO  server.session (DefaultSessionIdManager.java:doStart(334)) - DefaultSessionIdManager workerName=node0
2022-10-04 13:25:39,686 [Listener at 127.0.0.1/43101] INFO  server.session (DefaultSessionIdManager.java:doStart(339)) - No SessionScavenger set, using defaults
2022-10-04 13:25:39,686 [Listener at 127.0.0.1/43101] INFO  server.session (HouseKeeper.java:startScavenging(132)) - node0 Scavenging every 660000ms
2022-10-04 13:25:39,687 [Listener at 127.0.0.1/43101] INFO  handler.ContextHandler (ContextHandler.java:doStart(915)) - Started o.e.j.s.ServletContextHandler@33ba63e4{logs,/logs,file:///home/runner/work/ozone/ozone/hadoop-ozone/integration-test/target/log,AVAILABLE}
2022-10-04 13:25:39,688 [Listener at 127.0.0.1/43101] INFO  handler.ContextHandler (ContextHandler.java:doStart(915)) - Started o.e.j.s.ServletContextHandler@13fe4e38{static,/static,file:///home/runner/work/ozone/ozone/hadoop-ozone/integration-test/target/test-classes/webapps/static,AVAILABLE}
2022-10-04 13:25:39,694 [omNode-2@group-523986131536-StateMachineUpdater] INFO  ratis.OzoneManagerStateMachine (OzoneManagerStateMachine.java:notifyConfigurationChanged(192)) - Received Configuration change notification from Ratis. New Peer list:
[id: "omNode-3"
address: "localhost:35537"
, id: "omNode-1"
address: "localhost:42223"
, id: "omNode-2"
address: "localhost:33535"
]
2022-10-04 13:25:39,695 [omNode-1@group-523986131536-StateMachineUpdater] INFO  ratis.OzoneManagerStateMachine (OzoneManagerStateMachine.java:notifyConfigurationChanged(192)) - Received Configuration change notification from Ratis. New Peer list:
[id: "omNode-3"
address: "localhost:35537"
, id: "omNode-1"
address: "localhost:42223"
, id: "omNode-2"
address: "localhost:33535"
]
2022-10-04 13:25:39,701 [Listener at 127.0.0.1/43101] INFO  handler.ContextHandler (ContextHandler.java:doStart(915)) - Started o.e.j.w.WebAppContext@64a0247e{ozoneManager,/,file:///home/runner/work/ozone/ozone/hadoop-ozone/integration-test/target/test-classes/webapps/ozoneManager/,AVAILABLE}{file:/home/runner/work/ozone/ozone/hadoop-ozone/integration-test/target/test-classes/webapps/ozoneManager}
2022-10-04 13:25:39,710 [Listener at 127.0.0.1/43101] INFO  server.AbstractConnector (AbstractConnector.java:doStart(331)) - Started ServerConnector@7a364bfe{HTTP/1.1, (http/1.1)}{0.0.0.0:41475}
2022-10-04 13:25:39,710 [Listener at 127.0.0.1/43101] INFO  server.Server (Server.java:doStart(415)) - Started @12451ms
2022-10-04 13:25:39,710 [Listener at 127.0.0.1/43101] WARN  impl.MetricsSystemImpl (MetricsSystemImpl.java:register(279)) - Sink prometheus already exists!
2022-10-04 13:25:39,711 [Listener at 127.0.0.1/43101] INFO  http.BaseHttpServer (BaseHttpServer.java:updateConnectorAddress(333)) - HTTP server of ozoneManager listening at http://0.0.0.0:41475
2022-10-04 13:25:39,711 [IPC Server Responder] INFO  ipc.Server (Server.java:run(1507)) - IPC Server Responder: starting
2022-10-04 13:25:39,712 [IPC Server listener on 43101] INFO  ipc.Server (Server.java:run(1344)) - IPC Server listener on 43101: starting
2022-10-04 13:25:39,768 [Listener at 127.0.0.1/43101] INFO  om.OzoneManager (OzoneManager.java:startTrashEmptier(1921)) - Trash Interval set to 0. Files deleted won't move to trash
2022-10-04 13:25:39,769 [Listener at 127.0.0.1/43101] INFO  ozone.MiniOzoneHAClusterImpl (MiniOzoneHAClusterImpl.java:createOMService(527)) - Started OzoneManager omNode-3 RPC server at localhost/127.0.0.1:43101
2022-10-04 13:25:39,772 [grpc-default-executor-2] WARN  server.GrpcLogAppender (LogUtils.java:warn(122)) - omNode-1@group-523986131536->omNode-3-AppendLogResponseHandler: Failed appendEntries: org.apache.ratis.thirdparty.io.grpc.StatusRuntimeException: UNAVAILABLE: io exception
2022-10-04 13:25:39,773 [grpc-default-executor-2] WARN  server.GrpcLogAppender (GrpcLogAppender.java:resetClient(111)) - omNode-1@group-523986131536->omNode-3-GrpcLogAppender: Leader has not got in touch with Follower omNode-1@group-523986131536->omNode-3(c-1,m0,n1, attendVote=true, lastRpcSendTime=0, lastRpcResponseTime=1993) yet, just keep nextIndex unchanged and retry.
2022-10-04 13:25:39,775 [org.apache.hadoop.util.JvmPauseMonitor$Monitor@2de8f1dd] INFO  util.JvmPauseMonitor (JvmPauseMonitor.java:run(188)) - Starting JVM pause monitor
2022-10-04 13:25:40,043 [omNode-3-server-thread1] INFO  server.RaftServer$Division (ServerState.java:setLeader(287)) - omNode-3@group-523986131536: change Leader from null to omNode-1 at term 1 for appendEntries, leader elected after 1433ms
2022-10-04 13:25:40,043 [omNode-3-server-thread1] INFO  server.RaftServer$Division (RaftServerImpl.java:checkInconsistentAppendEntries(1424)) - omNode-3@group-523986131536: Failed appendEntries as previous log entry ((t:1, i:0)) is not found
2022-10-04 13:25:40,044 [omNode-3-server-thread1] INFO  server.RaftServer$Division (RaftServerImpl.java:checkInconsistentAppendEntries(1394)) - omNode-3@group-523986131536: inconsistency entries. Reply:omNode-1<-omNode-3#110079:FAIL-t0,INCONSISTENCY,nextIndex=0,followerCommit=-1
2022-10-04 13:25:40,051 [grpc-default-executor-0] INFO  leader.FollowerInfo (FollowerInfoImpl.java:lambda$new$0(48)) - omNode-1@group-523986131536->omNode-3: nextIndex: updateUnconditionally 1 -> 0
2022-10-04 13:25:40,093 [omNode-3-server-thread1] INFO  server.RaftServer$Division (ServerState.java:setRaftConf(393)) - omNode-3@group-523986131536: set configuration 0: [omNode-3|rpc:localhost:35537|admin:|client:|dataStream:|priority:0, omNode-1|rpc:localhost:42223|admin:|client:|dataStream:|priority:0, omNode-2|rpc:localhost:33535|admin:|client:|dataStream:|priority:0], old=null
2022-10-04 13:25:40,094 [omNode-3-server-thread1] INFO  segmented.SegmentedRaftLogWorker (SegmentedRaftLogWorker.java:startLogSegment(425)) - omNode-3@group-523986131536-SegmentedRaftLogWorker: Starting segment from index:0
2022-10-04 13:25:40,107 [omNode-3@group-523986131536-SegmentedRaftLogWorker] INFO  segmented.SegmentedRaftLogWorker (SegmentedRaftLogWorker.java:execute(629)) - omNode-3@group-523986131536-SegmentedRaftLogWorker: created new log segment /home/runner/work/ozone/ozone/hadoop-ozone/integration-test/target/test-dir/MiniOzoneClusterImpl-6e9557d8-a31c-49e5-bba1-8bc95799a8b8/omNode-3/ratis/c9bc4cf4-3bc3-3c60-a66b-523986131536/current/log_inprogress_0
2022-10-04 13:25:40,127 [omNode-3@group-523986131536-StateMachineUpdater] INFO  ratis.OzoneManagerStateMachine (OzoneManagerStateMachine.java:notifyConfigurationChanged(192)) - Received Configuration change notification from Ratis. New Peer list:
[id: "omNode-3"
address: "localhost:35537"
, id: "omNode-1"
address: "localhost:42223"
, id: "omNode-2"
address: "localhost:33535"
]
2022-10-04 13:25:40,134 [Listener at 127.0.0.1/43101] WARN  impl.MetricRegistriesImpl (MetricRegistriesImpl.java:addReporterRegistration(111)) - New reporters are added after registries were created. Some metrics will be missing from the reporter. Please add reporter before adding any new registry.
2022-10-04 13:25:40,134 [Listener at 127.0.0.1/43101] WARN  impl.MetricRegistriesImpl (MetricRegistriesImpl.java:addReporterRegistration(111)) - New reporters are added after registries were created. Some metrics will be missing from the reporter. Please add reporter before adding any new registry.
2022-10-04 13:25:40,135 [Listener at 127.0.0.1/43101] INFO  impl.MetricsSystemImpl (MetricsSystemImpl.java:init(158)) - HddsDatanode metrics system started (again)
2022-10-04 13:25:40,152 [Listener at 127.0.0.1/43101] INFO  ozone.HddsDatanodeService (HddsDatanodeService.java:start(236)) - HddsDatanodeService host:fv-az573-645.uspngagyt4suddso0aj1djjezg.dx.internal.cloudapp.net ip:10.1.1.108
2022-10-04 13:25:40,189 [Listener at 127.0.0.1/43101] INFO  upgrade.AbstractLayoutVersionManager (AbstractLayoutVersionManager.java:init(83)) - Initializing Layout version manager with metadata layout = DATANODE_SCHEMA_V3 (version = 4), software layout = DATANODE_SCHEMA_V3 (version = 4)
2022-10-04 13:25:40,245 [Listener at 127.0.0.1/43101] INFO  reflections.Reflections (Reflections.java:scan(232)) - Reflections took 50 ms to scan 7 urls, producing 135 keys and 327 values 
2022-10-04 13:25:40,252 [Listener at 127.0.0.1/43101] INFO  statemachine.DatanodeStateMachine (DatanodeStateMachine.java:getEndPointTaskThreadPoolSize(237)) - Datanode State Machine Task Thread Pool size 2
2022-10-04 13:25:40,333 [Listener at 127.0.0.1/43101] INFO  volume.HddsVolume (HddsVolume.java:<init>(117)) - Creating HddsVolume: /home/runner/work/ozone/ozone/hadoop-ozone/integration-test/target/test-dir/MiniOzoneClusterImpl-6e9557d8-a31c-49e5-bba1-8bc95799a8b8/datanode-0/data-0/containers/hdds of storage type : DISK capacity : 9223372036854775807
2022-10-04 13:25:40,338 [Listener at 127.0.0.1/43101] INFO  volume.MutableVolumeSet (MutableVolumeSet.java:initializeVolumeSet(174)) - Added Volume : /home/runner/work/ozone/ozone/hadoop-ozone/integration-test/target/test-dir/MiniOzoneClusterImpl-6e9557d8-a31c-49e5-bba1-8bc95799a8b8/datanode-0/data-0/containers/hdds to VolumeSet
2022-10-04 13:25:40,339 [Listener at 127.0.0.1/43101] INFO  volume.ThrottledAsyncChecker (ThrottledAsyncChecker.java:schedule(141)) - Scheduling a check for /home/runner/work/ozone/ozone/hadoop-ozone/integration-test/target/test-dir/MiniOzoneClusterImpl-6e9557d8-a31c-49e5-bba1-8bc95799a8b8/datanode-0/data-0/containers/hdds
2022-10-04 13:25:40,363 [Listener at 127.0.0.1/43101] INFO  volume.StorageVolumeChecker (StorageVolumeChecker.java:checkAllVolumes(202)) - Scheduled health check for volume /home/runner/work/ozone/ozone/hadoop-ozone/integration-test/target/test-dir/MiniOzoneClusterImpl-6e9557d8-a31c-49e5-bba1-8bc95799a8b8/datanode-0/data-0/containers/hdds
2022-10-04 13:25:40,386 [Listener at 127.0.0.1/43101] INFO  volume.MutableVolumeSet (MutableVolumeSet.java:initializeVolumeSet(174)) - Added Volume : /home/runner/work/ozone/ozone/hadoop-ozone/integration-test/target/test-dir/MiniOzoneClusterImpl-6e9557d8-a31c-49e5-bba1-8bc95799a8b8/datanode-0/data/ratis to VolumeSet
2022-10-04 13:25:40,387 [Listener at 127.0.0.1/43101] INFO  volume.ThrottledAsyncChecker (ThrottledAsyncChecker.java:schedule(141)) - Scheduling a check for /home/runner/work/ozone/ozone/hadoop-ozone/integration-test/target/test-dir/MiniOzoneClusterImpl-6e9557d8-a31c-49e5-bba1-8bc95799a8b8/datanode-0/data/ratis
2022-10-04 13:25:40,387 [Listener at 127.0.0.1/43101] INFO  volume.StorageVolumeChecker (StorageVolumeChecker.java:checkAllVolumes(202)) - Scheduled health check for volume /home/runner/work/ozone/ozone/hadoop-ozone/integration-test/target/test-dir/MiniOzoneClusterImpl-6e9557d8-a31c-49e5-bba1-8bc95799a8b8/datanode-0/data/ratis
2022-10-04 13:25:40,412 [Thread-242] INFO  ozoneimpl.ContainerReader (ContainerReader.java:readVolume(175)) - Finish verifying containers on volume /home/runner/work/ozone/ozone/hadoop-ozone/integration-test/target/test-dir/MiniOzoneClusterImpl-6e9557d8-a31c-49e5-bba1-8bc95799a8b8/datanode-0/data-0/containers/hdds
2022-10-04 13:25:40,412 [Listener at 127.0.0.1/43101] INFO  ozoneimpl.OzoneContainer (OzoneContainer.java:buildContainerSet(300)) - Build ContainerSet costs 0s
2022-10-04 13:25:40,473 [Listener at 127.0.0.1/43101] INFO  audit.AuditLogger (AuditLogger.java:refreshDebugCmdSet(126)) - Refresh DebugCmdSet for DNAudit to [].
2022-10-04 13:25:40,513 [Listener at 127.0.0.1/43101] INFO  server.RaftServer (ConfUtils.java:logGet(46)) - raft.rpc.type = GRPC (default)
2022-10-04 13:25:40,513 [Listener at 127.0.0.1/43101] INFO  grpc.GrpcFactory (GrpcFactory.java:checkPooledByteBufAllocatorUseCacheForAllThreads(48)) - PERFORMANCE WARNING: useCacheForAllThreads is true that may cause Netty to create a lot garbage objects and, as a result, trigger GC.
	It is recommended to disable useCacheForAllThreads by setting -Dorg.apache.ratis.thirdparty.io.netty.allocator.useCacheForAllThreads=false in command line.
2022-10-04 13:25:40,513 [Listener at 127.0.0.1/43101] INFO  grpc.GrpcConfigKeys (ConfUtils.java:logGet(46)) - raft.grpc.admin.port = 0 (custom)
2022-10-04 13:25:40,514 [Listener at 127.0.0.1/43101] INFO  grpc.GrpcConfigKeys (ConfUtils.java:logGet(46)) - raft.grpc.client.port = 0 (custom)
2022-10-04 13:25:40,514 [Listener at 127.0.0.1/43101] INFO  grpc.GrpcConfigKeys (ConfUtils.java:logGet(46)) - raft.grpc.server.port = 0 (default)
2022-10-04 13:25:40,514 [Listener at 127.0.0.1/43101] INFO  server.GrpcService (ConfUtils.java:logGet(46)) - raft.grpc.message.size.max = 32MB (=33554432) (custom)
2022-10-04 13:25:40,514 [Listener at 127.0.0.1/43101] INFO  server.RaftServerConfigKeys (ConfUtils.java:logGet(46)) - raft.server.log.appender.buffer.byte-limit = 33554432 (custom)
2022-10-04 13:25:40,514 [Listener at 127.0.0.1/43101] INFO  server.GrpcService (ConfUtils.java:logGet(46)) - raft.grpc.flow.control.window = 5MB (=5242880) (custom)
2022-10-04 13:25:40,515 [Listener at 127.0.0.1/43101] INFO  server.RaftServerConfigKeys (ConfUtils.java:logGet(46)) - raft.server.rpc.request.timeout = 60s (custom)
2022-10-04 13:25:40,515 [Listener at 127.0.0.1/43101] INFO  grpc.GrpcConfigKeys (ConfUtils.java:logGet(46)) - raft.grpc.server.async.request.thread.pool.cached = true (default)
2022-10-04 13:25:40,516 [Listener at 127.0.0.1/43101] INFO  grpc.GrpcConfigKeys (ConfUtils.java:logGet(46)) - raft.grpc.server.async.request.thread.pool.size = 32 (default)
2022-10-04 13:25:40,517 [Listener at 127.0.0.1/43101] INFO  impl.DataStreamServerImpl (ConfUtils.java:logGet(46)) - raft.datastream.type = DISABLED (default)
2022-10-04 13:25:40,517 [Listener at 127.0.0.1/43101] INFO  server.RaftServerConfigKeys (ConfUtils.java:logGet(46)) - raft.server.threadpool.proxy.cached = true (default)
2022-10-04 13:25:40,518 [Listener at 127.0.0.1/43101] INFO  server.RaftServerConfigKeys (ConfUtils.java:logGet(46)) - raft.server.threadpool.proxy.size = 0 (default)
2022-10-04 13:25:40,518 [Listener at 127.0.0.1/43101] INFO  server.RaftServerConfigKeys (ConfUtils.java:logGet(46)) - raft.server.rpc.slowness.timeout = 300s (custom)
2022-10-04 13:25:40,518 [Listener at 127.0.0.1/43101] INFO  server.RaftServerConfigKeys (ConfUtils.java:logGet(46)) - raft.server.leaderelection.leader.step-down.wait-time = 10s (default)
2022-10-04 13:25:40,518 [Listener at 127.0.0.1/43101] INFO  server.RaftServerConfigKeys (ConfUtils.java:logGet(46)) - raft.server.storage.dir = [/home/runner/work/ozone/ozone/hadoop-ozone/integration-test/target/test-dir/MiniOzoneClusterImpl-6e9557d8-a31c-49e5-bba1-8bc95799a8b8/datanode-0/data/ratis] (custom)
2022-10-04 13:25:40,540 [Listener at 127.0.0.1/43101] INFO  server.XceiverServerGrpc (XceiverServerGrpc.java:<init>(132)) - GrpcServer channel type EpollServerSocketChannel
2022-10-04 13:25:40,618 [Listener at 127.0.0.1/43101] INFO  http.BaseHttpServer (BaseHttpServer.java:newHttpServer2BuilderForOzone(213)) - Starting Web-server for hddsDatanode at: http://0.0.0.0:0
2022-10-04 13:25:40,618 [Listener at 127.0.0.1/43101] INFO  http.BaseHttpServer (BaseHttpServer.java:<init>(108)) - Hadoop Security Enabled: false Ozone Security Enabled: false Ozone HTTP Security Enabled: false 
2022-10-04 13:25:40,620 [Listener at 127.0.0.1/43101] INFO  server.AuthenticationFilter (AuthenticationFilter.java:constructSecretProvider(240)) - Unable to initialize FileSignerSecretProvider, falling back to use random secrets.
2022-10-04 13:25:40,621 [Listener at 127.0.0.1/43101] WARN  http.HttpRequestLog (HttpRequestLog.java:getRequestLog(103)) - Jetty request log can only be enabled using Log4j
2022-10-04 13:25:40,623 [Listener at 127.0.0.1/43101] INFO  http.HttpServer2 (HttpServer2.java:addGlobalFilter(1029)) - Added global filter 'safety' (class=org.apache.hadoop.hdds.server.http.HttpServer2$QuotingInputFilter)
2022-10-04 13:25:40,624 [Listener at 127.0.0.1/43101] INFO  http.HttpServer2 (HttpServer2.java:addFilter(1005)) - Added filter static_user_filter (class=org.apache.hadoop.http.lib.StaticUserWebFilter$StaticUserFilter) to context hddsDatanode
2022-10-04 13:25:40,624 [Listener at 127.0.0.1/43101] INFO  http.HttpServer2 (HttpServer2.java:addFilter(1013)) - Added filter static_user_filter (class=org.apache.hadoop.http.lib.StaticUserWebFilter$StaticUserFilter) to context logs
2022-10-04 13:25:40,624 [Listener at 127.0.0.1/43101] INFO  http.HttpServer2 (HttpServer2.java:addFilter(1013)) - Added filter static_user_filter (class=org.apache.hadoop.http.lib.StaticUserWebFilter$StaticUserFilter) to context static
2022-10-04 13:25:40,625 [Listener at 127.0.0.1/43101] INFO  http.HttpServer2 (HttpServer2.java:bindListener(1248)) - Jetty bound to port 35809
2022-10-04 13:25:40,626 [Listener at 127.0.0.1/43101] INFO  server.Server (Server.java:doStart(375)) - jetty-9.4.43.v20210629; built: 2021-06-30T11:07:22.254Z; git: 526006ecfa3af7f1a27ef3a288e2bef7ea9dd7e8; jvm 1.8.0_345-b01
2022-10-04 13:25:40,632 [Listener at 127.0.0.1/43101] INFO  server.session (DefaultSessionIdManager.java:doStart(334)) - DefaultSessionIdManager workerName=node0
2022-10-04 13:25:40,633 [Listener at 127.0.0.1/43101] INFO  server.session (DefaultSessionIdManager.java:doStart(339)) - No SessionScavenger set, using defaults
2022-10-04 13:25:40,633 [Listener at 127.0.0.1/43101] INFO  server.session (HouseKeeper.java:startScavenging(132)) - node0 Scavenging every 600000ms
2022-10-04 13:25:40,634 [Listener at 127.0.0.1/43101] INFO  handler.ContextHandler (ContextHandler.java:doStart(915)) - Started o.e.j.s.ServletContextHandler@7ec19e52{logs,/logs,file:///home/runner/work/ozone/ozone/hadoop-ozone/integration-test/target/log,AVAILABLE}
2022-10-04 13:25:40,635 [Listener at 127.0.0.1/43101] INFO  handler.ContextHandler (ContextHandler.java:doStart(915)) - Started o.e.j.s.ServletContextHandler@6a26271b{static,/static,jar:file:/home/runner/.m2/repository/org/apache/ozone/hdds-container-service/1.3.0-SNAPSHOT/hdds-container-service-1.3.0-SNAPSHOT.jar!/webapps/static,AVAILABLE}
2022-10-04 13:25:40,903 [Listener at 127.0.0.1/43101] INFO  handler.ContextHandler (ContextHandler.java:doStart(915)) - Started o.e.j.w.WebAppContext@384f8455{hddsDatanode,/,file:///tmp/jetty-0_0_0_0-35809-hdds-container-service-1_3_0-SNAPSHOT_jar-_-any-6668442345402588218/webapp/,AVAILABLE}{jar:file:/home/runner/.m2/repository/org/apache/ozone/hdds-container-service/1.3.0-SNAPSHOT/hdds-container-service-1.3.0-SNAPSHOT.jar!/webapps/hddsDatanode}
2022-10-04 13:25:40,905 [Listener at 127.0.0.1/43101] INFO  server.AbstractConnector (AbstractConnector.java:doStart(331)) - Started ServerConnector@f96ee33{HTTP/1.1, (http/1.1)}{0.0.0.0:35809}
2022-10-04 13:25:40,905 [Listener at 127.0.0.1/43101] INFO  server.Server (Server.java:doStart(415)) - Started @13646ms
2022-10-04 13:25:40,905 [Listener at 127.0.0.1/43101] WARN  impl.MetricsSystemImpl (MetricsSystemImpl.java:register(279)) - Sink prometheus already exists!
2022-10-04 13:25:40,906 [Listener at 127.0.0.1/43101] INFO  http.BaseHttpServer (BaseHttpServer.java:updateConnectorAddress(333)) - HTTP server of hddsDatanode listening at http://0.0.0.0:35809
2022-10-04 13:25:40,909 [Listener at 127.0.0.1/43101] WARN  impl.MetricRegistriesImpl (MetricRegistriesImpl.java:addReporterRegistration(111)) - New reporters are added after registries were created. Some metrics will be missing from the reporter. Please add reporter before adding any new registry.
2022-10-04 13:25:40,909 [Listener at 127.0.0.1/43101] WARN  impl.MetricRegistriesImpl (MetricRegistriesImpl.java:addReporterRegistration(111)) - New reporters are added after registries were created. Some metrics will be missing from the reporter. Please add reporter before adding any new registry.
2022-10-04 13:25:40,909 [Listener at 127.0.0.1/43101] INFO  impl.MetricsSystemImpl (MetricsSystemImpl.java:init(158)) - HddsDatanode metrics system started (again)
2022-10-04 13:25:40,910 [Datanode State Machine Daemon Thread] INFO  statemachine.DatanodeStateMachine (DatanodeStateMachine.java:lambda$startDaemon$0(492)) - Ozone container server started.
2022-10-04 13:25:40,934 [org.apache.hadoop.util.JvmPauseMonitor$Monitor@3145e623] INFO  util.JvmPauseMonitor (JvmPauseMonitor.java:run(188)) - Starting JVM pause monitor
2022-10-04 13:25:40,944 [Listener at 127.0.0.1/43101] INFO  ozone.HddsDatanodeService (HddsDatanodeService.java:start(236)) - HddsDatanodeService host:fv-az573-645.uspngagyt4suddso0aj1djjezg.dx.internal.cloudapp.net ip:10.1.1.108
2022-10-04 13:25:40,981 [Listener at 127.0.0.1/43101] INFO  upgrade.AbstractLayoutVersionManager (AbstractLayoutVersionManager.java:init(83)) - Initializing Layout version manager with metadata layout = DATANODE_SCHEMA_V3 (version = 4), software layout = DATANODE_SCHEMA_V3 (version = 4)
2022-10-04 13:25:41,103 [Listener at 127.0.0.1/43101] INFO  reflections.Reflections (Reflections.java:scan(232)) - Reflections took 116 ms to scan 7 urls, producing 135 keys and 327 values 
2022-10-04 13:25:41,106 [Listener at 127.0.0.1/43101] INFO  statemachine.DatanodeStateMachine (DatanodeStateMachine.java:getEndPointTaskThreadPoolSize(237)) - Datanode State Machine Task Thread Pool size 2
2022-10-04 13:25:41,116 [Listener at 127.0.0.1/43101] INFO  volume.HddsVolume (HddsVolume.java:<init>(117)) - Creating HddsVolume: /home/runner/work/ozone/ozone/hadoop-ozone/integration-test/target/test-dir/MiniOzoneClusterImpl-6e9557d8-a31c-49e5-bba1-8bc95799a8b8/datanode-1/data-0/containers/hdds of storage type : DISK capacity : 9223372036854775807
2022-10-04 13:25:41,117 [Listener at 127.0.0.1/43101] INFO  volume.MutableVolumeSet (MutableVolumeSet.java:initializeVolumeSet(174)) - Added Volume : /home/runner/work/ozone/ozone/hadoop-ozone/integration-test/target/test-dir/MiniOzoneClusterImpl-6e9557d8-a31c-49e5-bba1-8bc95799a8b8/datanode-1/data-0/containers/hdds to VolumeSet
2022-10-04 13:25:41,117 [Listener at 127.0.0.1/43101] INFO  volume.ThrottledAsyncChecker (ThrottledAsyncChecker.java:schedule(141)) - Scheduling a check for /home/runner/work/ozone/ozone/hadoop-ozone/integration-test/target/test-dir/MiniOzoneClusterImpl-6e9557d8-a31c-49e5-bba1-8bc95799a8b8/datanode-1/data-0/containers/hdds
2022-10-04 13:25:41,133 [Listener at 127.0.0.1/43101] INFO  volume.StorageVolumeChecker (StorageVolumeChecker.java:checkAllVolumes(202)) - Scheduled health check for volume /home/runner/work/ozone/ozone/hadoop-ozone/integration-test/target/test-dir/MiniOzoneClusterImpl-6e9557d8-a31c-49e5-bba1-8bc95799a8b8/datanode-1/data-0/containers/hdds
2022-10-04 13:25:41,137 [Datanode State Machine Task Thread - 0] INFO  datanode.InitDatanodeState (InitDatanodeState.java:persistContainerDatanodeDetails(138)) - DatanodeDetails is persisted to /home/runner/work/ozone/ozone/hadoop-ozone/integration-test/target/test-dir/MiniOzoneClusterImpl-6e9557d8-a31c-49e5-bba1-8bc95799a8b8/datanode-0/meta/datanode.id
2022-10-04 13:25:41,145 [Listener at 127.0.0.1/43101] INFO  volume.MutableVolumeSet (MutableVolumeSet.java:initializeVolumeSet(174)) - Added Volume : /home/runner/work/ozone/ozone/hadoop-ozone/integration-test/target/test-dir/MiniOzoneClusterImpl-6e9557d8-a31c-49e5-bba1-8bc95799a8b8/datanode-1/data/ratis to VolumeSet
2022-10-04 13:25:41,145 [Listener at 127.0.0.1/43101] INFO  volume.ThrottledAsyncChecker (ThrottledAsyncChecker.java:schedule(141)) - Scheduling a check for /home/runner/work/ozone/ozone/hadoop-ozone/integration-test/target/test-dir/MiniOzoneClusterImpl-6e9557d8-a31c-49e5-bba1-8bc95799a8b8/datanode-1/data/ratis
2022-10-04 13:25:41,145 [Listener at 127.0.0.1/43101] INFO  volume.StorageVolumeChecker (StorageVolumeChecker.java:checkAllVolumes(202)) - Scheduled health check for volume /home/runner/work/ozone/ozone/hadoop-ozone/integration-test/target/test-dir/MiniOzoneClusterImpl-6e9557d8-a31c-49e5-bba1-8bc95799a8b8/datanode-1/data/ratis
2022-10-04 13:25:41,156 [Thread-258] INFO  ozoneimpl.ContainerReader (ContainerReader.java:readVolume(175)) - Finish verifying containers on volume /home/runner/work/ozone/ozone/hadoop-ozone/integration-test/target/test-dir/MiniOzoneClusterImpl-6e9557d8-a31c-49e5-bba1-8bc95799a8b8/datanode-1/data-0/containers/hdds
2022-10-04 13:25:41,157 [Listener at 127.0.0.1/43101] INFO  ozoneimpl.OzoneContainer (OzoneContainer.java:buildContainerSet(300)) - Build ContainerSet costs 0s
2022-10-04 13:25:41,161 [Listener at 127.0.0.1/43101] INFO  server.RaftServer (ConfUtils.java:logGet(46)) - raft.rpc.type = GRPC (default)
2022-10-04 13:25:41,161 [Listener at 127.0.0.1/43101] INFO  grpc.GrpcFactory (GrpcFactory.java:checkPooledByteBufAllocatorUseCacheForAllThreads(48)) - PERFORMANCE WARNING: useCacheForAllThreads is true that may cause Netty to create a lot garbage objects and, as a result, trigger GC.
	It is recommended to disable useCacheForAllThreads by setting -Dorg.apache.ratis.thirdparty.io.netty.allocator.useCacheForAllThreads=false in command line.
2022-10-04 13:25:41,161 [Listener at 127.0.0.1/43101] INFO  grpc.GrpcConfigKeys (ConfUtils.java:logGet(46)) - raft.grpc.admin.port = 0 (custom)
2022-10-04 13:25:41,161 [Listener at 127.0.0.1/43101] INFO  grpc.GrpcConfigKeys (ConfUtils.java:logGet(46)) - raft.grpc.client.port = 0 (custom)
2022-10-04 13:25:41,161 [Listener at 127.0.0.1/43101] INFO  grpc.GrpcConfigKeys (ConfUtils.java:logGet(46)) - raft.grpc.server.port = 0 (default)
2022-10-04 13:25:41,162 [Listener at 127.0.0.1/43101] INFO  server.GrpcService (ConfUtils.java:logGet(46)) - raft.grpc.message.size.max = 32MB (=33554432) (custom)
2022-10-04 13:25:41,162 [Listener at 127.0.0.1/43101] INFO  server.RaftServerConfigKeys (ConfUtils.java:logGet(46)) - raft.server.log.appender.buffer.byte-limit = 33554432 (custom)
2022-10-04 13:25:41,162 [Listener at 127.0.0.1/43101] INFO  server.GrpcService (ConfUtils.java:logGet(46)) - raft.grpc.flow.control.window = 5MB (=5242880) (custom)
2022-10-04 13:25:41,162 [Listener at 127.0.0.1/43101] INFO  server.RaftServerConfigKeys (ConfUtils.java:logGet(46)) - raft.server.rpc.request.timeout = 60s (custom)
2022-10-04 13:25:41,163 [Listener at 127.0.0.1/43101] INFO  grpc.GrpcConfigKeys (ConfUtils.java:logGet(46)) - raft.grpc.server.async.request.thread.pool.cached = true (default)
2022-10-04 13:25:41,163 [Listener at 127.0.0.1/43101] INFO  grpc.GrpcConfigKeys (ConfUtils.java:logGet(46)) - raft.grpc.server.async.request.thread.pool.size = 32 (default)
2022-10-04 13:25:41,166 [Listener at 127.0.0.1/43101] INFO  impl.DataStreamServerImpl (ConfUtils.java:logGet(46)) - raft.datastream.type = DISABLED (default)
2022-10-04 13:25:41,166 [Listener at 127.0.0.1/43101] INFO  server.RaftServerConfigKeys (ConfUtils.java:logGet(46)) - raft.server.threadpool.proxy.cached = true (default)
2022-10-04 13:25:41,166 [Listener at 127.0.0.1/43101] INFO  server.RaftServerConfigKeys (ConfUtils.java:logGet(46)) - raft.server.threadpool.proxy.size = 0 (default)
2022-10-04 13:25:41,166 [Listener at 127.0.0.1/43101] INFO  server.RaftServerConfigKeys (ConfUtils.java:logGet(46)) - raft.server.rpc.slowness.timeout = 300s (custom)
2022-10-04 13:25:41,167 [Listener at 127.0.0.1/43101] INFO  server.RaftServerConfigKeys (ConfUtils.java:logGet(46)) - raft.server.leaderelection.leader.step-down.wait-time = 10s (default)
2022-10-04 13:25:41,167 [Listener at 127.0.0.1/43101] INFO  server.RaftServerConfigKeys (ConfUtils.java:logGet(46)) - raft.server.storage.dir = [/home/runner/work/ozone/ozone/hadoop-ozone/integration-test/target/test-dir/MiniOzoneClusterImpl-6e9557d8-a31c-49e5-bba1-8bc95799a8b8/datanode-1/data/ratis] (custom)
2022-10-04 13:25:41,177 [Listener at 127.0.0.1/43101] INFO  server.XceiverServerGrpc (XceiverServerGrpc.java:<init>(132)) - GrpcServer channel type EpollServerSocketChannel
2022-10-04 13:25:41,182 [Listener at 127.0.0.1/43101] INFO  http.BaseHttpServer (BaseHttpServer.java:newHttpServer2BuilderForOzone(213)) - Starting Web-server for hddsDatanode at: http://0.0.0.0:0
2022-10-04 13:25:41,182 [Listener at 127.0.0.1/43101] INFO  http.BaseHttpServer (BaseHttpServer.java:<init>(108)) - Hadoop Security Enabled: false Ozone Security Enabled: false Ozone HTTP Security Enabled: false 
2022-10-04 13:25:41,184 [Listener at 127.0.0.1/43101] INFO  server.AuthenticationFilter (AuthenticationFilter.java:constructSecretProvider(240)) - Unable to initialize FileSignerSecretProvider, falling back to use random secrets.
2022-10-04 13:25:41,184 [Listener at 127.0.0.1/43101] WARN  http.HttpRequestLog (HttpRequestLog.java:getRequestLog(103)) - Jetty request log can only be enabled using Log4j
2022-10-04 13:25:41,186 [Listener at 127.0.0.1/43101] INFO  http.HttpServer2 (HttpServer2.java:addGlobalFilter(1029)) - Added global filter 'safety' (class=org.apache.hadoop.hdds.server.http.HttpServer2$QuotingInputFilter)
2022-10-04 13:25:41,187 [Listener at 127.0.0.1/43101] INFO  http.HttpServer2 (HttpServer2.java:addFilter(1005)) - Added filter static_user_filter (class=org.apache.hadoop.http.lib.StaticUserWebFilter$StaticUserFilter) to context hddsDatanode
2022-10-04 13:25:41,187 [Listener at 127.0.0.1/43101] INFO  http.HttpServer2 (HttpServer2.java:addFilter(1013)) - Added filter static_user_filter (class=org.apache.hadoop.http.lib.StaticUserWebFilter$StaticUserFilter) to context static
2022-10-04 13:25:41,187 [Listener at 127.0.0.1/43101] INFO  http.HttpServer2 (HttpServer2.java:addFilter(1013)) - Added filter static_user_filter (class=org.apache.hadoop.http.lib.StaticUserWebFilter$StaticUserFilter) to context logs
2022-10-04 13:25:41,188 [Listener at 127.0.0.1/43101] INFO  http.HttpServer2 (HttpServer2.java:bindListener(1248)) - Jetty bound to port 39711
2022-10-04 13:25:41,188 [Listener at 127.0.0.1/43101] INFO  server.Server (Server.java:doStart(375)) - jetty-9.4.43.v20210629; built: 2021-06-30T11:07:22.254Z; git: 526006ecfa3af7f1a27ef3a288e2bef7ea9dd7e8; jvm 1.8.0_345-b01
2022-10-04 13:25:41,197 [Listener at 127.0.0.1/43101] INFO  server.session (DefaultSessionIdManager.java:doStart(334)) - DefaultSessionIdManager workerName=node0
2022-10-04 13:25:41,198 [Listener at 127.0.0.1/43101] INFO  server.session (DefaultSessionIdManager.java:doStart(339)) - No SessionScavenger set, using defaults
2022-10-04 13:25:41,198 [Listener at 127.0.0.1/43101] INFO  server.session (HouseKeeper.java:startScavenging(132)) - node0 Scavenging every 660000ms
2022-10-04 13:25:41,199 [Listener at 127.0.0.1/43101] INFO  handler.ContextHandler (ContextHandler.java:doStart(915)) - Started o.e.j.s.ServletContextHandler@9385016{logs,/logs,file:///home/runner/work/ozone/ozone/hadoop-ozone/integration-test/target/log,AVAILABLE}
2022-10-04 13:25:41,199 [Listener at 127.0.0.1/43101] INFO  handler.ContextHandler (ContextHandler.java:doStart(915)) - Started o.e.j.s.ServletContextHandler@7403cc2a{static,/static,jar:file:/home/runner/.m2/repository/org/apache/ozone/hdds-container-service/1.3.0-SNAPSHOT/hdds-container-service-1.3.0-SNAPSHOT.jar!/webapps/static,AVAILABLE}
2022-10-04 13:25:41,410 [Listener at 127.0.0.1/43101] INFO  handler.ContextHandler (ContextHandler.java:doStart(915)) - Started o.e.j.w.WebAppContext@25fae424{hddsDatanode,/,file:///tmp/jetty-0_0_0_0-39711-hdds-container-service-1_3_0-SNAPSHOT_jar-_-any-6946874611726671289/webapp/,AVAILABLE}{jar:file:/home/runner/.m2/repository/org/apache/ozone/hdds-container-service/1.3.0-SNAPSHOT/hdds-container-service-1.3.0-SNAPSHOT.jar!/webapps/hddsDatanode}
2022-10-04 13:25:41,412 [Listener at 127.0.0.1/43101] INFO  server.AbstractConnector (AbstractConnector.java:doStart(331)) - Started ServerConnector@2b5eeae4{HTTP/1.1, (http/1.1)}{0.0.0.0:39711}
2022-10-04 13:25:41,413 [Listener at 127.0.0.1/43101] INFO  server.Server (Server.java:doStart(415)) - Started @14153ms
2022-10-04 13:25:41,413 [Listener at 127.0.0.1/43101] WARN  impl.MetricsSystemImpl (MetricsSystemImpl.java:register(279)) - Sink prometheus already exists!
2022-10-04 13:25:41,414 [Listener at 127.0.0.1/43101] INFO  http.BaseHttpServer (BaseHttpServer.java:updateConnectorAddress(333)) - HTTP server of hddsDatanode listening at http://0.0.0.0:39711
2022-10-04 13:25:41,416 [Listener at 127.0.0.1/43101] WARN  impl.MetricRegistriesImpl (MetricRegistriesImpl.java:addReporterRegistration(111)) - New reporters are added after registries were created. Some metrics will be missing from the reporter. Please add reporter before adding any new registry.
2022-10-04 13:25:41,416 [Listener at 127.0.0.1/43101] WARN  impl.MetricRegistriesImpl (MetricRegistriesImpl.java:addReporterRegistration(111)) - New reporters are added after registries were created. Some metrics will be missing from the reporter. Please add reporter before adding any new registry.
2022-10-04 13:25:41,417 [Listener at 127.0.0.1/43101] INFO  impl.MetricsSystemImpl (MetricsSystemImpl.java:init(158)) - HddsDatanode metrics system started (again)
2022-10-04 13:25:41,426 [Datanode State Machine Daemon Thread] INFO  statemachine.DatanodeStateMachine (DatanodeStateMachine.java:lambda$startDaemon$0(492)) - Ozone container server started.
2022-10-04 13:25:41,436 [org.apache.hadoop.util.JvmPauseMonitor$Monitor@16e476f4] INFO  util.JvmPauseMonitor (JvmPauseMonitor.java:run(188)) - Starting JVM pause monitor
2022-10-04 13:25:41,446 [Listener at 127.0.0.1/43101] INFO  ozone.HddsDatanodeService (HddsDatanodeService.java:start(236)) - HddsDatanodeService host:fv-az573-645.uspngagyt4suddso0aj1djjezg.dx.internal.cloudapp.net ip:10.1.1.108
2022-10-04 13:25:41,445 [Datanode State Machine Task Thread - 0] INFO  datanode.InitDatanodeState (InitDatanodeState.java:persistContainerDatanodeDetails(138)) - DatanodeDetails is persisted to /home/runner/work/ozone/ozone/hadoop-ozone/integration-test/target/test-dir/MiniOzoneClusterImpl-6e9557d8-a31c-49e5-bba1-8bc95799a8b8/datanode-1/meta/datanode.id
2022-10-04 13:25:41,476 [Listener at 127.0.0.1/43101] INFO  upgrade.AbstractLayoutVersionManager (AbstractLayoutVersionManager.java:init(83)) - Initializing Layout version manager with metadata layout = DATANODE_SCHEMA_V3 (version = 4), software layout = DATANODE_SCHEMA_V3 (version = 4)
2022-10-04 13:25:41,546 [Listener at 127.0.0.1/43101] INFO  reflections.Reflections (Reflections.java:scan(232)) - Reflections took 64 ms to scan 7 urls, producing 135 keys and 327 values 
2022-10-04 13:25:41,549 [Listener at 127.0.0.1/43101] INFO  statemachine.DatanodeStateMachine (DatanodeStateMachine.java:getEndPointTaskThreadPoolSize(237)) - Datanode State Machine Task Thread Pool size 2
2022-10-04 13:25:41,553 [Listener at 127.0.0.1/43101] INFO  volume.HddsVolume (HddsVolume.java:<init>(117)) - Creating HddsVolume: /home/runner/work/ozone/ozone/hadoop-ozone/integration-test/target/test-dir/MiniOzoneClusterImpl-6e9557d8-a31c-49e5-bba1-8bc95799a8b8/datanode-2/data-0/containers/hdds of storage type : DISK capacity : 9223372036854775807
2022-10-04 13:25:41,553 [Listener at 127.0.0.1/43101] INFO  volume.MutableVolumeSet (MutableVolumeSet.java:initializeVolumeSet(174)) - Added Volume : /home/runner/work/ozone/ozone/hadoop-ozone/integration-test/target/test-dir/MiniOzoneClusterImpl-6e9557d8-a31c-49e5-bba1-8bc95799a8b8/datanode-2/data-0/containers/hdds to VolumeSet
2022-10-04 13:25:41,554 [Listener at 127.0.0.1/43101] INFO  volume.ThrottledAsyncChecker (ThrottledAsyncChecker.java:schedule(141)) - Scheduling a check for /home/runner/work/ozone/ozone/hadoop-ozone/integration-test/target/test-dir/MiniOzoneClusterImpl-6e9557d8-a31c-49e5-bba1-8bc95799a8b8/datanode-2/data-0/containers/hdds
2022-10-04 13:25:41,557 [Listener at 127.0.0.1/43101] INFO  volume.StorageVolumeChecker (StorageVolumeChecker.java:checkAllVolumes(202)) - Scheduled health check for volume /home/runner/work/ozone/ozone/hadoop-ozone/integration-test/target/test-dir/MiniOzoneClusterImpl-6e9557d8-a31c-49e5-bba1-8bc95799a8b8/datanode-2/data-0/containers/hdds
2022-10-04 13:25:41,570 [Listener at 127.0.0.1/43101] INFO  volume.MutableVolumeSet (MutableVolumeSet.java:initializeVolumeSet(174)) - Added Volume : /home/runner/work/ozone/ozone/hadoop-ozone/integration-test/target/test-dir/MiniOzoneClusterImpl-6e9557d8-a31c-49e5-bba1-8bc95799a8b8/datanode-2/data/ratis to VolumeSet
2022-10-04 13:25:41,570 [Listener at 127.0.0.1/43101] INFO  volume.ThrottledAsyncChecker (ThrottledAsyncChecker.java:schedule(141)) - Scheduling a check for /home/runner/work/ozone/ozone/hadoop-ozone/integration-test/target/test-dir/MiniOzoneClusterImpl-6e9557d8-a31c-49e5-bba1-8bc95799a8b8/datanode-2/data/ratis
2022-10-04 13:25:41,570 [Listener at 127.0.0.1/43101] INFO  volume.StorageVolumeChecker (StorageVolumeChecker.java:checkAllVolumes(202)) - Scheduled health check for volume /home/runner/work/ozone/ozone/hadoop-ozone/integration-test/target/test-dir/MiniOzoneClusterImpl-6e9557d8-a31c-49e5-bba1-8bc95799a8b8/datanode-2/data/ratis
2022-10-04 13:25:41,583 [Thread-273] INFO  ozoneimpl.ContainerReader (ContainerReader.java:readVolume(175)) - Finish verifying containers on volume /home/runner/work/ozone/ozone/hadoop-ozone/integration-test/target/test-dir/MiniOzoneClusterImpl-6e9557d8-a31c-49e5-bba1-8bc95799a8b8/datanode-2/data-0/containers/hdds
2022-10-04 13:25:41,583 [Listener at 127.0.0.1/43101] INFO  ozoneimpl.OzoneContainer (OzoneContainer.java:buildContainerSet(300)) - Build ContainerSet costs 0s
2022-10-04 13:25:41,586 [Listener at 127.0.0.1/43101] INFO  server.RaftServer (ConfUtils.java:logGet(46)) - raft.rpc.type = GRPC (default)
2022-10-04 13:25:41,587 [Listener at 127.0.0.1/43101] INFO  grpc.GrpcFactory (GrpcFactory.java:checkPooledByteBufAllocatorUseCacheForAllThreads(48)) - PERFORMANCE WARNING: useCacheForAllThreads is true that may cause Netty to create a lot garbage objects and, as a result, trigger GC.
	It is recommended to disable useCacheForAllThreads by setting -Dorg.apache.ratis.thirdparty.io.netty.allocator.useCacheForAllThreads=false in command line.
2022-10-04 13:25:41,587 [Listener at 127.0.0.1/43101] INFO  grpc.GrpcConfigKeys (ConfUtils.java:logGet(46)) - raft.grpc.admin.port = 0 (custom)
2022-10-04 13:25:41,587 [Listener at 127.0.0.1/43101] INFO  grpc.GrpcConfigKeys (ConfUtils.java:logGet(46)) - raft.grpc.client.port = 0 (custom)
2022-10-04 13:25:41,587 [Listener at 127.0.0.1/43101] INFO  grpc.GrpcConfigKeys (ConfUtils.java:logGet(46)) - raft.grpc.server.port = 0 (default)
2022-10-04 13:25:41,588 [Listener at 127.0.0.1/43101] INFO  server.GrpcService (ConfUtils.java:logGet(46)) - raft.grpc.message.size.max = 32MB (=33554432) (custom)
2022-10-04 13:25:41,588 [Listener at 127.0.0.1/43101] INFO  server.RaftServerConfigKeys (ConfUtils.java:logGet(46)) - raft.server.log.appender.buffer.byte-limit = 33554432 (custom)
2022-10-04 13:25:41,588 [Listener at 127.0.0.1/43101] INFO  server.GrpcService (ConfUtils.java:logGet(46)) - raft.grpc.flow.control.window = 5MB (=5242880) (custom)
2022-10-04 13:25:41,588 [Listener at 127.0.0.1/43101] INFO  server.RaftServerConfigKeys (ConfUtils.java:logGet(46)) - raft.server.rpc.request.timeout = 60s (custom)
2022-10-04 13:25:41,588 [Listener at 127.0.0.1/43101] INFO  grpc.GrpcConfigKeys (ConfUtils.java:logGet(46)) - raft.grpc.server.async.request.thread.pool.cached = true (default)
2022-10-04 13:25:41,589 [Listener at 127.0.0.1/43101] INFO  grpc.GrpcConfigKeys (ConfUtils.java:logGet(46)) - raft.grpc.server.async.request.thread.pool.size = 32 (default)
2022-10-04 13:25:41,590 [Listener at 127.0.0.1/43101] INFO  impl.DataStreamServerImpl (ConfUtils.java:logGet(46)) - raft.datastream.type = DISABLED (default)
2022-10-04 13:25:41,590 [Listener at 127.0.0.1/43101] INFO  server.RaftServerConfigKeys (ConfUtils.java:logGet(46)) - raft.server.threadpool.proxy.cached = true (default)
2022-10-04 13:25:41,590 [Listener at 127.0.0.1/43101] INFO  server.RaftServerConfigKeys (ConfUtils.java:logGet(46)) - raft.server.threadpool.proxy.size = 0 (default)
2022-10-04 13:25:41,591 [Listener at 127.0.0.1/43101] INFO  server.RaftServerConfigKeys (ConfUtils.java:logGet(46)) - raft.server.rpc.slowness.timeout = 300s (custom)
2022-10-04 13:25:41,591 [Listener at 127.0.0.1/43101] INFO  server.RaftServerConfigKeys (ConfUtils.java:logGet(46)) - raft.server.leaderelection.leader.step-down.wait-time = 10s (default)
2022-10-04 13:25:41,591 [Listener at 127.0.0.1/43101] INFO  server.RaftServerConfigKeys (ConfUtils.java:logGet(46)) - raft.server.storage.dir = [/home/runner/work/ozone/ozone/hadoop-ozone/integration-test/target/test-dir/MiniOzoneClusterImpl-6e9557d8-a31c-49e5-bba1-8bc95799a8b8/datanode-2/data/ratis] (custom)
2022-10-04 13:25:41,593 [Listener at 127.0.0.1/43101] INFO  server.XceiverServerGrpc (XceiverServerGrpc.java:<init>(132)) - GrpcServer channel type EpollServerSocketChannel
2022-10-04 13:25:41,599 [Listener at 127.0.0.1/43101] INFO  http.BaseHttpServer (BaseHttpServer.java:newHttpServer2BuilderForOzone(213)) - Starting Web-server for hddsDatanode at: http://0.0.0.0:0
2022-10-04 13:25:41,599 [Listener at 127.0.0.1/43101] INFO  http.BaseHttpServer (BaseHttpServer.java:<init>(108)) - Hadoop Security Enabled: false Ozone Security Enabled: false Ozone HTTP Security Enabled: false 
2022-10-04 13:25:41,601 [Listener at 127.0.0.1/43101] INFO  server.AuthenticationFilter (AuthenticationFilter.java:constructSecretProvider(240)) - Unable to initialize FileSignerSecretProvider, falling back to use random secrets.
2022-10-04 13:25:41,602 [Listener at 127.0.0.1/43101] WARN  http.HttpRequestLog (HttpRequestLog.java:getRequestLog(103)) - Jetty request log can only be enabled using Log4j
2022-10-04 13:25:41,603 [Listener at 127.0.0.1/43101] INFO  http.HttpServer2 (HttpServer2.java:addGlobalFilter(1029)) - Added global filter 'safety' (class=org.apache.hadoop.hdds.server.http.HttpServer2$QuotingInputFilter)
2022-10-04 13:25:41,604 [Listener at 127.0.0.1/43101] INFO  http.HttpServer2 (HttpServer2.java:addFilter(1005)) - Added filter static_user_filter (class=org.apache.hadoop.http.lib.StaticUserWebFilter$StaticUserFilter) to context hddsDatanode
2022-10-04 13:25:41,605 [Listener at 127.0.0.1/43101] INFO  http.HttpServer2 (HttpServer2.java:addFilter(1013)) - Added filter static_user_filter (class=org.apache.hadoop.http.lib.StaticUserWebFilter$StaticUserFilter) to context logs
2022-10-04 13:25:41,605 [Listener at 127.0.0.1/43101] INFO  http.HttpServer2 (HttpServer2.java:addFilter(1013)) - Added filter static_user_filter (class=org.apache.hadoop.http.lib.StaticUserWebFilter$StaticUserFilter) to context static
2022-10-04 13:25:41,605 [Listener at 127.0.0.1/43101] INFO  http.HttpServer2 (HttpServer2.java:bindListener(1248)) - Jetty bound to port 38181
2022-10-04 13:25:41,606 [Listener at 127.0.0.1/43101] INFO  server.Server (Server.java:doStart(375)) - jetty-9.4.43.v20210629; built: 2021-06-30T11:07:22.254Z; git: 526006ecfa3af7f1a27ef3a288e2bef7ea9dd7e8; jvm 1.8.0_345-b01
2022-10-04 13:25:41,607 [Listener at 127.0.0.1/43101] INFO  server.session (DefaultSessionIdManager.java:doStart(334)) - DefaultSessionIdManager workerName=node0
2022-10-04 13:25:41,607 [Listener at 127.0.0.1/43101] INFO  server.session (DefaultSessionIdManager.java:doStart(339)) - No SessionScavenger set, using defaults
2022-10-04 13:25:41,608 [Listener at 127.0.0.1/43101] INFO  server.session (HouseKeeper.java:startScavenging(132)) - node0 Scavenging every 660000ms
2022-10-04 13:25:41,609 [Listener at 127.0.0.1/43101] INFO  handler.ContextHandler (ContextHandler.java:doStart(915)) - Started o.e.j.s.ServletContextHandler@22437e69{logs,/logs,file:///home/runner/work/ozone/ozone/hadoop-ozone/integration-test/target/log,AVAILABLE}
2022-10-04 13:25:41,609 [Listener at 127.0.0.1/43101] INFO  handler.ContextHandler (ContextHandler.java:doStart(915)) - Started o.e.j.s.ServletContextHandler@1b69c652{static,/static,jar:file:/home/runner/.m2/repository/org/apache/ozone/hdds-container-service/1.3.0-SNAPSHOT/hdds-container-service-1.3.0-SNAPSHOT.jar!/webapps/static,AVAILABLE}
2022-10-04 13:25:41,806 [Listener at 127.0.0.1/43101] INFO  handler.ContextHandler (ContextHandler.java:doStart(915)) - Started o.e.j.w.WebAppContext@1b826a22{hddsDatanode,/,file:///tmp/jetty-0_0_0_0-38181-hdds-container-service-1_3_0-SNAPSHOT_jar-_-any-3494158169364040880/webapp/,AVAILABLE}{jar:file:/home/runner/.m2/repository/org/apache/ozone/hdds-container-service/1.3.0-SNAPSHOT/hdds-container-service-1.3.0-SNAPSHOT.jar!/webapps/hddsDatanode}
2022-10-04 13:25:41,808 [Listener at 127.0.0.1/43101] INFO  server.AbstractConnector (AbstractConnector.java:doStart(331)) - Started ServerConnector@79bd2d87{HTTP/1.1, (http/1.1)}{0.0.0.0:38181}
2022-10-04 13:25:41,808 [Listener at 127.0.0.1/43101] INFO  server.Server (Server.java:doStart(415)) - Started @14549ms
2022-10-04 13:25:41,809 [Listener at 127.0.0.1/43101] WARN  impl.MetricsSystemImpl (MetricsSystemImpl.java:register(279)) - Sink prometheus already exists!
2022-10-04 13:25:41,809 [Listener at 127.0.0.1/43101] INFO  http.BaseHttpServer (BaseHttpServer.java:updateConnectorAddress(333)) - HTTP server of hddsDatanode listening at http://0.0.0.0:38181
2022-10-04 13:25:41,814 [Listener at 127.0.0.1/43101] INFO  ozone.MiniOzoneClusterImpl (MiniOzoneClusterImpl.java:lambda$waitForClusterToBeReady$0(216)) - Waiting for nodes to be ready. Got 0 of 3 DN Heartbeats.
2022-10-04 13:25:41,814 [Listener at 127.0.0.1/43101] INFO  ozone.MiniOzoneClusterImpl (MiniOzoneClusterImpl.java:lambda$waitForClusterToBeReady$0(219)) - Waiting for cluster to exit safe mode
2022-10-04 13:25:41,815 [Listener at 127.0.0.1/43101] INFO  ozone.MiniOzoneClusterImpl (MiniOzoneClusterImpl.java:lambda$waitForClusterToBeReady$0(221)) - SCM became leader
2022-10-04 13:25:41,815 [Datanode State Machine Daemon Thread] INFO  statemachine.DatanodeStateMachine (DatanodeStateMachine.java:lambda$startDaemon$0(492)) - Ozone container server started.
2022-10-04 13:25:41,825 [Datanode State Machine Task Thread - 0] INFO  datanode.InitDatanodeState (InitDatanodeState.java:persistContainerDatanodeDetails(138)) - DatanodeDetails is persisted to /home/runner/work/ozone/ozone/hadoop-ozone/integration-test/target/test-dir/MiniOzoneClusterImpl-6e9557d8-a31c-49e5-bba1-8bc95799a8b8/datanode-2/meta/datanode.id
2022-10-04 13:25:41,826 [org.apache.hadoop.util.JvmPauseMonitor$Monitor@53d998d1] INFO  util.JvmPauseMonitor (JvmPauseMonitor.java:run(188)) - Starting JVM pause monitor
2022-10-04 13:25:42,815 [Listener at 127.0.0.1/43101] INFO  ozone.MiniOzoneClusterImpl (MiniOzoneClusterImpl.java:lambda$waitForClusterToBeReady$0(216)) - Waiting for nodes to be ready. Got 0 of 3 DN Heartbeats.
2022-10-04 13:25:42,815 [Listener at 127.0.0.1/43101] INFO  ozone.MiniOzoneClusterImpl (MiniOzoneClusterImpl.java:lambda$waitForClusterToBeReady$0(219)) - Waiting for cluster to exit safe mode
2022-10-04 13:25:42,815 [Listener at 127.0.0.1/43101] INFO  ozone.MiniOzoneClusterImpl (MiniOzoneClusterImpl.java:lambda$waitForClusterToBeReady$0(221)) - SCM became leader
2022-10-04 13:25:43,113 [EndpointStateMachine task thread for /0.0.0.0:41361 - 0 ] INFO  volume.HddsVolume (HddsVolume.java:createDbStore(307)) - SchemaV3 db is created and loaded at /home/runner/work/ozone/ozone/hadoop-ozone/integration-test/target/test-dir/MiniOzoneClusterImpl-6e9557d8-a31c-49e5-bba1-8bc95799a8b8/datanode-0/data-0/containers/hdds/6e9557d8-a31c-49e5-bba1-8bc95799a8b8/DS-fa3a2cf6-2a86-41bc-89ea-18587f7fb332/container.db for volume DS-fa3a2cf6-2a86-41bc-89ea-18587f7fb332
2022-10-04 13:25:43,117 [EndpointStateMachine task thread for /0.0.0.0:41361 - 0 ] INFO  volume.HddsVolume (HddsVolume.java:closeDbStore(338)) - SchemaV3 db is stopped at /home/runner/work/ozone/ozone/hadoop-ozone/integration-test/target/test-dir/MiniOzoneClusterImpl-6e9557d8-a31c-49e5-bba1-8bc95799a8b8/datanode-0/data-0/containers/hdds/6e9557d8-a31c-49e5-bba1-8bc95799a8b8/DS-fa3a2cf6-2a86-41bc-89ea-18587f7fb332/container.db for volume DS-fa3a2cf6-2a86-41bc-89ea-18587f7fb332
2022-10-04 13:25:43,118 [EndpointStateMachine task thread for /0.0.0.0:41361 - 0 ] INFO  ozoneimpl.OzoneContainer (OzoneContainer.java:start(378)) - Attempting to start container services.
2022-10-04 13:25:43,121 [EndpointStateMachine task thread for /0.0.0.0:41361 - 0 ] INFO  ozoneimpl.OzoneContainer (OzoneContainer.java:startContainerScrub(313)) - Background container scanner has been disabled.
2022-10-04 13:25:43,126 [EndpointStateMachine task thread for /0.0.0.0:41361 - 0 ] INFO  replication.ReplicationServer (ReplicationServer.java:start(111)) - ReplicationServer is started using port 39287
2022-10-04 13:25:43,129 [EndpointStateMachine task thread for /0.0.0.0:41361 - 0 ] INFO  ratis.XceiverServerRatis (XceiverServerRatis.java:start(481)) - Starting XceiverServerRatis c90336e2-d91d-49cc-aa4b-bbf13dfdddb4
2022-10-04 13:25:43,134 [EndpointStateMachine task thread for /0.0.0.0:41361 - 0 ] INFO  server.RaftServer (RaftServerProxy.java:lambda$start$6(382)) - c90336e2-d91d-49cc-aa4b-bbf13dfdddb4: start RPC server
2022-10-04 13:25:43,140 [EndpointStateMachine task thread for /0.0.0.0:41361 - 0 ] INFO  server.GrpcService (GrpcService.java:startImpl(260)) - c90336e2-d91d-49cc-aa4b-bbf13dfdddb4: GrpcService started, listening on 44899
2022-10-04 13:25:43,141 [EndpointStateMachine task thread for /0.0.0.0:41361 - 0 ] INFO  ratis.XceiverServerRatis (XceiverServerRatis.java:getRealPort(502)) - XceiverServerRatis c90336e2-d91d-49cc-aa4b-bbf13dfdddb4 is started using port 44899 for RATIS
2022-10-04 13:25:43,141 [EndpointStateMachine task thread for /0.0.0.0:41361 - 0 ] INFO  ratis.XceiverServerRatis (XceiverServerRatis.java:getRealPort(502)) - XceiverServerRatis c90336e2-d91d-49cc-aa4b-bbf13dfdddb4 is started using port 44899 for RATIS_ADMIN
2022-10-04 13:25:43,141 [EndpointStateMachine task thread for /0.0.0.0:41361 - 0 ] INFO  ratis.XceiverServerRatis (XceiverServerRatis.java:getRealPort(502)) - XceiverServerRatis c90336e2-d91d-49cc-aa4b-bbf13dfdddb4 is started using port 44899 for RATIS_SERVER
2022-10-04 13:25:43,142 [org.apache.ratis.util.JvmPauseMonitor$$Lambda$699/75026084@4eb6ccd4] INFO  util.JvmPauseMonitor (JvmPauseMonitor.java:run(103)) - JvmPauseMonitor-c90336e2-d91d-49cc-aa4b-bbf13dfdddb4: Started
2022-10-04 13:25:43,147 [EndpointStateMachine task thread for /0.0.0.0:41361 - 0 ] INFO  server.XceiverServerGrpc (XceiverServerGrpc.java:start(180)) - XceiverServerGrpc c90336e2-d91d-49cc-aa4b-bbf13dfdddb4 is started using port 34255
2022-10-04 13:25:43,487 [EndpointStateMachine task thread for /0.0.0.0:41361 - 0 ] INFO  volume.HddsVolume (HddsVolume.java:createDbStore(307)) - SchemaV3 db is created and loaded at /home/runner/work/ozone/ozone/hadoop-ozone/integration-test/target/test-dir/MiniOzoneClusterImpl-6e9557d8-a31c-49e5-bba1-8bc95799a8b8/datanode-1/data-0/containers/hdds/6e9557d8-a31c-49e5-bba1-8bc95799a8b8/DS-db21d584-84cb-4a3e-8781-59a658b24576/container.db for volume DS-db21d584-84cb-4a3e-8781-59a658b24576
2022-10-04 13:25:43,490 [EndpointStateMachine task thread for /0.0.0.0:41361 - 0 ] INFO  volume.HddsVolume (HddsVolume.java:closeDbStore(338)) - SchemaV3 db is stopped at /home/runner/work/ozone/ozone/hadoop-ozone/integration-test/target/test-dir/MiniOzoneClusterImpl-6e9557d8-a31c-49e5-bba1-8bc95799a8b8/datanode-1/data-0/containers/hdds/6e9557d8-a31c-49e5-bba1-8bc95799a8b8/DS-db21d584-84cb-4a3e-8781-59a658b24576/container.db for volume DS-db21d584-84cb-4a3e-8781-59a658b24576
2022-10-04 13:25:43,490 [EndpointStateMachine task thread for /0.0.0.0:41361 - 0 ] INFO  ozoneimpl.OzoneContainer (OzoneContainer.java:start(378)) - Attempting to start container services.
2022-10-04 13:25:43,492 [EndpointStateMachine task thread for /0.0.0.0:41361 - 0 ] INFO  ozoneimpl.OzoneContainer (OzoneContainer.java:startContainerScrub(313)) - Background container scanner has been disabled.
2022-10-04 13:25:43,494 [EndpointStateMachine task thread for /0.0.0.0:41361 - 0 ] INFO  replication.ReplicationServer (ReplicationServer.java:start(111)) - ReplicationServer is started using port 38987
2022-10-04 13:25:43,494 [EndpointStateMachine task thread for /0.0.0.0:41361 - 0 ] INFO  ratis.XceiverServerRatis (XceiverServerRatis.java:start(481)) - Starting XceiverServerRatis 8036fef3-52ee-40d8-bc71-c3943af78d41
2022-10-04 13:25:43,501 [EndpointStateMachine task thread for /0.0.0.0:41361 - 0 ] INFO  server.RaftServer (RaftServerProxy.java:lambda$start$6(382)) - 8036fef3-52ee-40d8-bc71-c3943af78d41: start RPC server
2022-10-04 13:25:43,509 [EndpointStateMachine task thread for /0.0.0.0:41361 - 0 ] INFO  server.GrpcService (GrpcService.java:startImpl(260)) - 8036fef3-52ee-40d8-bc71-c3943af78d41: GrpcService started, listening on 33423
2022-10-04 13:25:43,510 [EndpointStateMachine task thread for /0.0.0.0:41361 - 0 ] INFO  ratis.XceiverServerRatis (XceiverServerRatis.java:getRealPort(502)) - XceiverServerRatis 8036fef3-52ee-40d8-bc71-c3943af78d41 is started using port 33423 for RATIS
2022-10-04 13:25:43,510 [EndpointStateMachine task thread for /0.0.0.0:41361 - 0 ] INFO  ratis.XceiverServerRatis (XceiverServerRatis.java:getRealPort(502)) - XceiverServerRatis 8036fef3-52ee-40d8-bc71-c3943af78d41 is started using port 33423 for RATIS_ADMIN
2022-10-04 13:25:43,510 [EndpointStateMachine task thread for /0.0.0.0:41361 - 0 ] INFO  ratis.XceiverServerRatis (XceiverServerRatis.java:getRealPort(502)) - XceiverServerRatis 8036fef3-52ee-40d8-bc71-c3943af78d41 is started using port 33423 for RATIS_SERVER
2022-10-04 13:25:43,510 [org.apache.ratis.util.JvmPauseMonitor$$Lambda$699/75026084@20d752ed] INFO  util.JvmPauseMonitor (JvmPauseMonitor.java:run(103)) - JvmPauseMonitor-8036fef3-52ee-40d8-bc71-c3943af78d41: Started
2022-10-04 13:25:43,515 [EndpointStateMachine task thread for /0.0.0.0:41361 - 0 ] INFO  server.XceiverServerGrpc (XceiverServerGrpc.java:start(180)) - XceiverServerGrpc 8036fef3-52ee-40d8-bc71-c3943af78d41 is started using port 46101
2022-10-04 13:25:43,816 [Listener at 127.0.0.1/43101] INFO  ozone.MiniOzoneClusterImpl (MiniOzoneClusterImpl.java:lambda$waitForClusterToBeReady$0(216)) - Waiting for nodes to be ready. Got 0 of 3 DN Heartbeats.
2022-10-04 13:25:43,816 [Listener at 127.0.0.1/43101] INFO  ozone.MiniOzoneClusterImpl (MiniOzoneClusterImpl.java:lambda$waitForClusterToBeReady$0(219)) - Waiting for cluster to exit safe mode
2022-10-04 13:25:43,816 [Listener at 127.0.0.1/43101] INFO  ozone.MiniOzoneClusterImpl (MiniOzoneClusterImpl.java:lambda$waitForClusterToBeReady$0(221)) - SCM became leader
2022-10-04 13:25:43,863 [EndpointStateMachine task thread for /0.0.0.0:41361 - 0 ] INFO  volume.HddsVolume (HddsVolume.java:createDbStore(307)) - SchemaV3 db is created and loaded at /home/runner/work/ozone/ozone/hadoop-ozone/integration-test/target/test-dir/MiniOzoneClusterImpl-6e9557d8-a31c-49e5-bba1-8bc95799a8b8/datanode-2/data-0/containers/hdds/6e9557d8-a31c-49e5-bba1-8bc95799a8b8/DS-6ce1743c-e645-4638-a3e8-c1f1b7c52b60/container.db for volume DS-6ce1743c-e645-4638-a3e8-c1f1b7c52b60
2022-10-04 13:25:43,864 [EndpointStateMachine task thread for /0.0.0.0:41361 - 0 ] INFO  volume.HddsVolume (HddsVolume.java:closeDbStore(338)) - SchemaV3 db is stopped at /home/runner/work/ozone/ozone/hadoop-ozone/integration-test/target/test-dir/MiniOzoneClusterImpl-6e9557d8-a31c-49e5-bba1-8bc95799a8b8/datanode-2/data-0/containers/hdds/6e9557d8-a31c-49e5-bba1-8bc95799a8b8/DS-6ce1743c-e645-4638-a3e8-c1f1b7c52b60/container.db for volume DS-6ce1743c-e645-4638-a3e8-c1f1b7c52b60
2022-10-04 13:25:43,864 [EndpointStateMachine task thread for /0.0.0.0:41361 - 0 ] INFO  ozoneimpl.OzoneContainer (OzoneContainer.java:start(378)) - Attempting to start container services.
2022-10-04 13:25:43,864 [EndpointStateMachine task thread for /0.0.0.0:41361 - 0 ] INFO  ozoneimpl.OzoneContainer (OzoneContainer.java:startContainerScrub(313)) - Background container scanner has been disabled.
2022-10-04 13:25:43,867 [EndpointStateMachine task thread for /0.0.0.0:41361 - 0 ] INFO  replication.ReplicationServer (ReplicationServer.java:start(111)) - ReplicationServer is started using port 32769
2022-10-04 13:25:43,869 [EndpointStateMachine task thread for /0.0.0.0:41361 - 0 ] INFO  ratis.XceiverServerRatis (XceiverServerRatis.java:start(481)) - Starting XceiverServerRatis 53175bfc-7fac-47e0-bbdf-d2c660bed80b
2022-10-04 13:25:43,870 [EndpointStateMachine task thread for /0.0.0.0:41361 - 0 ] INFO  server.RaftServer (RaftServerProxy.java:lambda$start$6(382)) - 53175bfc-7fac-47e0-bbdf-d2c660bed80b: start RPC server
2022-10-04 13:25:43,872 [EndpointStateMachine task thread for /0.0.0.0:41361 - 0 ] INFO  server.GrpcService (GrpcService.java:startImpl(260)) - 53175bfc-7fac-47e0-bbdf-d2c660bed80b: GrpcService started, listening on 33245
2022-10-04 13:25:43,873 [EndpointStateMachine task thread for /0.0.0.0:41361 - 0 ] INFO  ratis.XceiverServerRatis (XceiverServerRatis.java:getRealPort(502)) - XceiverServerRatis 53175bfc-7fac-47e0-bbdf-d2c660bed80b is started using port 33245 for RATIS
2022-10-04 13:25:43,873 [org.apache.ratis.util.JvmPauseMonitor$$Lambda$699/75026084@2a5ed31d] INFO  util.JvmPauseMonitor (JvmPauseMonitor.java:run(103)) - JvmPauseMonitor-53175bfc-7fac-47e0-bbdf-d2c660bed80b: Started
2022-10-04 13:25:43,873 [EndpointStateMachine task thread for /0.0.0.0:41361 - 0 ] INFO  ratis.XceiverServerRatis (XceiverServerRatis.java:getRealPort(502)) - XceiverServerRatis 53175bfc-7fac-47e0-bbdf-d2c660bed80b is started using port 33245 for RATIS_ADMIN
2022-10-04 13:25:43,873 [EndpointStateMachine task thread for /0.0.0.0:41361 - 0 ] INFO  ratis.XceiverServerRatis (XceiverServerRatis.java:getRealPort(502)) - XceiverServerRatis 53175bfc-7fac-47e0-bbdf-d2c660bed80b is started using port 33245 for RATIS_SERVER
2022-10-04 13:25:43,876 [EndpointStateMachine task thread for /0.0.0.0:41361 - 0 ] INFO  server.XceiverServerGrpc (XceiverServerGrpc.java:start(180)) - XceiverServerGrpc 53175bfc-7fac-47e0-bbdf-d2c660bed80b is started using port 44415
2022-10-04 13:25:44,817 [Listener at 127.0.0.1/43101] INFO  ozone.MiniOzoneClusterImpl (MiniOzoneClusterImpl.java:lambda$waitForClusterToBeReady$0(216)) - Waiting for nodes to be ready. Got 0 of 3 DN Heartbeats.
2022-10-04 13:25:44,817 [Listener at 127.0.0.1/43101] INFO  ozone.MiniOzoneClusterImpl (MiniOzoneClusterImpl.java:lambda$waitForClusterToBeReady$0(219)) - Waiting for cluster to exit safe mode
2022-10-04 13:25:44,817 [Listener at 127.0.0.1/43101] INFO  ozone.MiniOzoneClusterImpl (MiniOzoneClusterImpl.java:lambda$waitForClusterToBeReady$0(221)) - SCM became leader
2022-10-04 13:25:44,979 [IPC Server handler 11 on default port 41361] INFO  net.NetworkTopologyImpl (NetworkTopologyImpl.java:add(112)) - Added a new node: /default-rack/c90336e2-d91d-49cc-aa4b-bbf13dfdddb4
2022-10-04 13:25:44,981 [IPC Server handler 11 on default port 41361] INFO  node.SCMNodeManager (SCMNodeManager.java:register(397)) - Registered Data node : c90336e2-d91d-49cc-aa4b-bbf13dfdddb4{ip: 10.1.1.108, host: fv-az573-645.uspngagyt4suddso0aj1djjezg.dx.internal.cloudapp.net, ports: [REPLICATION=39287, RATIS=44899, RATIS_ADMIN=44899, RATIS_SERVER=44899, STANDALONE=34255], networkLocation: /default-rack, certSerialId: null, persistedOpState: null, persistedOpStateExpiryEpochSec: 0}
2022-10-04 13:25:44,986 [EventQueue-NewNodeForNewNodeHandler] INFO  pipeline.BackgroundPipelineCreator (BackgroundPipelineCreator.java:notifyEventTriggered(276)) - trigger a one-shot run on RatisPipelineUtilsThread.
2022-10-04 13:25:44,995 [RatisPipelineUtilsThread - 0] INFO  pipeline.RatisPipelineProvider (RatisPipelineProvider.java:lambda$create$0(195)) - Sending CreatePipelineCommand for pipeline:PipelineID=a23da3b9-a56b-4e57-bce6-3d50d9fa4eaf to datanode:c90336e2-d91d-49cc-aa4b-bbf13dfdddb4
2022-10-04 13:25:44,995 [EventQueue-NodeRegistrationContainerReportForContainerSafeModeRule] INFO  safemode.SCMSafeModeManager (SCMSafeModeManager.java:validateSafeModeExitRules(204)) - ContainerSafeModeRule rule is successfully validated
2022-10-04 13:25:44,995 [EventQueue-NodeRegistrationContainerReportForDataNodeSafeModeRule] INFO  safemode.SCMSafeModeManager (DataNodeSafeModeRule.java:process(71)) - SCM in safe mode. 1 DataNodes registered, 3 required.
2022-10-04 13:25:44,996 [EventQueue-PipelineReportForOneReplicaPipelineSafeModeRule] INFO  safemode.SCMSafeModeManager (SCMSafeModeManager.java:validateSafeModeExitRules(204)) - AtleastOneDatanodeReportedRule rule is successfully validated
2022-10-04 13:25:45,009 [RatisPipelineUtilsThread - 0] INFO  pipeline.PipelineStateManagerImpl (PipelineStateManagerImpl.java:addPipeline(103)) - Created pipeline Pipeline[ Id: a23da3b9-a56b-4e57-bce6-3d50d9fa4eaf, Nodes: c90336e2-d91d-49cc-aa4b-bbf13dfdddb4{ip: 10.1.1.108, host: fv-az573-645.uspngagyt4suddso0aj1djjezg.dx.internal.cloudapp.net, ports: [REPLICATION=39287, RATIS=44899, RATIS_ADMIN=44899, RATIS_SERVER=44899, STANDALONE=34255], networkLocation: /default-rack, certSerialId: null, persistedOpState: IN_SERVICE, persistedOpStateExpiryEpochSec: 0}, ReplicationConfig: RATIS/ONE, State:ALLOCATED, leaderId:, CreationTimestamp2022-10-04T13:25:44.993Z[Etc/UTC]].
2022-10-04 13:25:45,438 [IPC Server handler 13 on default port 41361] INFO  net.NetworkTopologyImpl (NetworkTopologyImpl.java:add(112)) - Added a new node: /default-rack/8036fef3-52ee-40d8-bc71-c3943af78d41
2022-10-04 13:25:45,438 [IPC Server handler 13 on default port 41361] INFO  node.SCMNodeManager (SCMNodeManager.java:register(397)) - Registered Data node : 8036fef3-52ee-40d8-bc71-c3943af78d41{ip: 10.1.1.108, host: fv-az573-645.uspngagyt4suddso0aj1djjezg.dx.internal.cloudapp.net, ports: [REPLICATION=38987, RATIS=33423, RATIS_ADMIN=33423, RATIS_SERVER=33423, STANDALONE=46101], networkLocation: /default-rack, certSerialId: null, persistedOpState: null, persistedOpStateExpiryEpochSec: 0}
2022-10-04 13:25:45,439 [EventQueue-NewNodeForNewNodeHandler] INFO  pipeline.BackgroundPipelineCreator (BackgroundPipelineCreator.java:notifyEventTriggered(276)) - trigger a one-shot run on RatisPipelineUtilsThread.
2022-10-04 13:25:45,443 [EventQueue-NodeRegistrationContainerReportForDataNodeSafeModeRule] INFO  safemode.SCMSafeModeManager (DataNodeSafeModeRule.java:process(71)) - SCM in safe mode. 2 DataNodes registered, 3 required.
2022-10-04 13:25:45,445 [RatisPipelineUtilsThread - 0] INFO  pipeline.RatisPipelineProvider (RatisPipelineProvider.java:lambda$create$0(195)) - Sending CreatePipelineCommand for pipeline:PipelineID=38bdfe65-1450-49bd-b493-547e0f5b65a3 to datanode:8036fef3-52ee-40d8-bc71-c3943af78d41
2022-10-04 13:25:45,445 [RatisPipelineUtilsThread - 0] INFO  pipeline.PipelineStateManagerImpl (PipelineStateManagerImpl.java:addPipeline(103)) - Created pipeline Pipeline[ Id: 38bdfe65-1450-49bd-b493-547e0f5b65a3, Nodes: 8036fef3-52ee-40d8-bc71-c3943af78d41{ip: 10.1.1.108, host: fv-az573-645.uspngagyt4suddso0aj1djjezg.dx.internal.cloudapp.net, ports: [REPLICATION=38987, RATIS=33423, RATIS_ADMIN=33423, RATIS_SERVER=33423, STANDALONE=46101], networkLocation: /default-rack, certSerialId: null, persistedOpState: IN_SERVICE, persistedOpStateExpiryEpochSec: 0}, ReplicationConfig: RATIS/ONE, State:ALLOCATED, leaderId:, CreationTimestamp2022-10-04T13:25:45.444Z[Etc/UTC]].
2022-10-04 13:25:45,818 [Listener at 127.0.0.1/43101] INFO  ozone.MiniOzoneClusterImpl (MiniOzoneClusterImpl.java:lambda$waitForClusterToBeReady$0(216)) - Waiting for nodes to be ready. Got 2 of 3 DN Heartbeats.
2022-10-04 13:25:45,818 [Listener at 127.0.0.1/43101] INFO  ozone.MiniOzoneClusterImpl (MiniOzoneClusterImpl.java:lambda$waitForClusterToBeReady$0(219)) - Waiting for cluster to exit safe mode
2022-10-04 13:25:45,818 [Listener at 127.0.0.1/43101] INFO  ozone.MiniOzoneClusterImpl (MiniOzoneClusterImpl.java:lambda$waitForClusterToBeReady$0(221)) - SCM became leader
2022-10-04 13:25:45,825 [IPC Server handler 15 on default port 41361] INFO  net.NetworkTopologyImpl (NetworkTopologyImpl.java:add(112)) - Added a new node: /default-rack/53175bfc-7fac-47e0-bbdf-d2c660bed80b
2022-10-04 13:25:45,826 [IPC Server handler 15 on default port 41361] INFO  node.SCMNodeManager (SCMNodeManager.java:register(397)) - Registered Data node : 53175bfc-7fac-47e0-bbdf-d2c660bed80b{ip: 10.1.1.108, host: fv-az573-645.uspngagyt4suddso0aj1djjezg.dx.internal.cloudapp.net, ports: [REPLICATION=32769, RATIS=33245, RATIS_ADMIN=33245, RATIS_SERVER=33245, STANDALONE=44415], networkLocation: /default-rack, certSerialId: null, persistedOpState: null, persistedOpStateExpiryEpochSec: 0}
2022-10-04 13:25:45,826 [EventQueue-NewNodeForNewNodeHandler] INFO  pipeline.BackgroundPipelineCreator (BackgroundPipelineCreator.java:notifyEventTriggered(276)) - trigger a one-shot run on RatisPipelineUtilsThread.
2022-10-04 13:25:45,827 [EventQueue-NodeRegistrationContainerReportForDataNodeSafeModeRule] INFO  safemode.SCMSafeModeManager (DataNodeSafeModeRule.java:process(71)) - SCM in safe mode. 3 DataNodes registered, 3 required.
2022-10-04 13:25:45,827 [EventQueue-NodeRegistrationContainerReportForDataNodeSafeModeRule] INFO  safemode.SCMSafeModeManager (SCMSafeModeManager.java:validateSafeModeExitRules(204)) - DataNodeSafeModeRule rule is successfully validated
2022-10-04 13:25:45,827 [EventQueue-NodeRegistrationContainerReportForDataNodeSafeModeRule] INFO  safemode.SCMSafeModeManager (SCMSafeModeManager.java:completePreCheck(233)) - All SCM safe mode pre check rules have passed
2022-10-04 13:25:45,827 [EventQueue-NodeRegistrationContainerReportForDataNodeSafeModeRule] WARN  events.EventQueue (EventQueue.java:fireEvent(216)) - No event handler registered for event TypedEvent{payloadType=SafeModeStatus, name='Safe mode status'}
2022-10-04 13:25:45,827 [EventQueue-NodeRegistrationContainerReportForDataNodeSafeModeRule] INFO  ha.SCMContext (SCMContext.java:updateSafeModeStatus(228)) - Update SafeModeStatus from SafeModeStatus{safeModeStatus=true, preCheckPassed=false} to SafeModeStatus{safeModeStatus=true, preCheckPassed=true}.
2022-10-04 13:25:45,827 [EventQueue-NodeRegistrationContainerReportForDataNodeSafeModeRule] INFO  pipeline.BackgroundPipelineCreator (BackgroundPipelineCreator.java:notifyEventTriggered(276)) - trigger a one-shot run on RatisPipelineUtilsThread.
2022-10-04 13:25:45,828 [RatisPipelineUtilsThread - 0] INFO  pipeline.RatisPipelineProvider (RatisPipelineProvider.java:lambda$create$0(195)) - Sending CreatePipelineCommand for pipeline:PipelineID=5461d147-10a3-4c13-a3e1-bab6a7bef8ab to datanode:53175bfc-7fac-47e0-bbdf-d2c660bed80b
2022-10-04 13:25:45,829 [RatisPipelineUtilsThread - 0] INFO  pipeline.PipelineStateManagerImpl (PipelineStateManagerImpl.java:addPipeline(103)) - Created pipeline Pipeline[ Id: 5461d147-10a3-4c13-a3e1-bab6a7bef8ab, Nodes: 53175bfc-7fac-47e0-bbdf-d2c660bed80b{ip: 10.1.1.108, host: fv-az573-645.uspngagyt4suddso0aj1djjezg.dx.internal.cloudapp.net, ports: [REPLICATION=32769, RATIS=33245, RATIS_ADMIN=33245, RATIS_SERVER=33245, STANDALONE=44415], networkLocation: /default-rack, certSerialId: null, persistedOpState: IN_SERVICE, persistedOpStateExpiryEpochSec: 0}, ReplicationConfig: RATIS/ONE, State:ALLOCATED, leaderId:, CreationTimestamp2022-10-04T13:25:45.828Z[Etc/UTC]].
2022-10-04 13:25:45,835 [RatisPipelineUtilsThread - 0] INFO  pipeline.RatisPipelineProvider (RatisPipelineProvider.java:lambda$create$0(195)) - Sending CreatePipelineCommand for pipeline:PipelineID=f11c729a-18a8-4e49-bdc7-dfb956effe94 to datanode:53175bfc-7fac-47e0-bbdf-d2c660bed80b
2022-10-04 13:25:45,835 [RatisPipelineUtilsThread - 0] INFO  pipeline.RatisPipelineProvider (RatisPipelineProvider.java:lambda$create$0(195)) - Sending CreatePipelineCommand for pipeline:PipelineID=f11c729a-18a8-4e49-bdc7-dfb956effe94 to datanode:c90336e2-d91d-49cc-aa4b-bbf13dfdddb4
2022-10-04 13:25:45,835 [RatisPipelineUtilsThread - 0] INFO  pipeline.RatisPipelineProvider (RatisPipelineProvider.java:lambda$create$0(195)) - Sending CreatePipelineCommand for pipeline:PipelineID=f11c729a-18a8-4e49-bdc7-dfb956effe94 to datanode:8036fef3-52ee-40d8-bc71-c3943af78d41
2022-10-04 13:25:45,836 [RatisPipelineUtilsThread - 0] INFO  pipeline.PipelineStateManagerImpl (PipelineStateManagerImpl.java:addPipeline(103)) - Created pipeline Pipeline[ Id: f11c729a-18a8-4e49-bdc7-dfb956effe94, Nodes: 53175bfc-7fac-47e0-bbdf-d2c660bed80b{ip: 10.1.1.108, host: fv-az573-645.uspngagyt4suddso0aj1djjezg.dx.internal.cloudapp.net, ports: [REPLICATION=32769, RATIS=33245, RATIS_ADMIN=33245, RATIS_SERVER=33245, STANDALONE=44415], networkLocation: /default-rack, certSerialId: null, persistedOpState: IN_SERVICE, persistedOpStateExpiryEpochSec: 0}c90336e2-d91d-49cc-aa4b-bbf13dfdddb4{ip: 10.1.1.108, host: fv-az573-645.uspngagyt4suddso0aj1djjezg.dx.internal.cloudapp.net, ports: [REPLICATION=39287, RATIS=44899, RATIS_ADMIN=44899, RATIS_SERVER=44899, STANDALONE=34255], networkLocation: /default-rack, certSerialId: null, persistedOpState: IN_SERVICE, persistedOpStateExpiryEpochSec: 0}8036fef3-52ee-40d8-bc71-c3943af78d41{ip: 10.1.1.108, host: fv-az573-645.uspngagyt4suddso0aj1djjezg.dx.internal.cloudapp.net, ports: [REPLICATION=38987, RATIS=33423, RATIS_ADMIN=33423, RATIS_SERVER=33423, STANDALONE=46101], networkLocation: /default-rack, certSerialId: null, persistedOpState: IN_SERVICE, persistedOpStateExpiryEpochSec: 0}, ReplicationConfig: RATIS/THREE, State:ALLOCATED, leaderId:, CreationTimestamp2022-10-04T13:25:45.834Z[Etc/UTC]].
2022-10-04 13:25:45,837 [RatisPipelineUtilsThread - 0] INFO  pipeline.RatisPipelineProvider (RatisPipelineProvider.java:lambda$create$0(195)) - Sending CreatePipelineCommand for pipeline:PipelineID=3afe47b4-9ff0-4b96-ab86-9184019b8379 to datanode:8036fef3-52ee-40d8-bc71-c3943af78d41
2022-10-04 13:25:45,838 [RatisPipelineUtilsThread - 0] INFO  pipeline.RatisPipelineProvider (RatisPipelineProvider.java:lambda$create$0(195)) - Sending CreatePipelineCommand for pipeline:PipelineID=3afe47b4-9ff0-4b96-ab86-9184019b8379 to datanode:53175bfc-7fac-47e0-bbdf-d2c660bed80b
2022-10-04 13:25:45,838 [RatisPipelineUtilsThread - 0] INFO  pipeline.RatisPipelineProvider (RatisPipelineProvider.java:lambda$create$0(195)) - Sending CreatePipelineCommand for pipeline:PipelineID=3afe47b4-9ff0-4b96-ab86-9184019b8379 to datanode:c90336e2-d91d-49cc-aa4b-bbf13dfdddb4
2022-10-04 13:25:45,839 [RatisPipelineUtilsThread - 0] INFO  pipeline.PipelineStateManagerImpl (PipelineStateManagerImpl.java:addPipeline(103)) - Created pipeline Pipeline[ Id: 3afe47b4-9ff0-4b96-ab86-9184019b8379, Nodes: 8036fef3-52ee-40d8-bc71-c3943af78d41{ip: 10.1.1.108, host: fv-az573-645.uspngagyt4suddso0aj1djjezg.dx.internal.cloudapp.net, ports: [REPLICATION=38987, RATIS=33423, RATIS_ADMIN=33423, RATIS_SERVER=33423, STANDALONE=46101], networkLocation: /default-rack, certSerialId: null, persistedOpState: IN_SERVICE, persistedOpStateExpiryEpochSec: 0}53175bfc-7fac-47e0-bbdf-d2c660bed80b{ip: 10.1.1.108, host: fv-az573-645.uspngagyt4suddso0aj1djjezg.dx.internal.cloudapp.net, ports: [REPLICATION=32769, RATIS=33245, RATIS_ADMIN=33245, RATIS_SERVER=33245, STANDALONE=44415], networkLocation: /default-rack, certSerialId: null, persistedOpState: IN_SERVICE, persistedOpStateExpiryEpochSec: 0}c90336e2-d91d-49cc-aa4b-bbf13dfdddb4{ip: 10.1.1.108, host: fv-az573-645.uspngagyt4suddso0aj1djjezg.dx.internal.cloudapp.net, ports: [REPLICATION=39287, RATIS=44899, RATIS_ADMIN=44899, RATIS_SERVER=44899, STANDALONE=34255], networkLocation: /default-rack, certSerialId: null, persistedOpState: IN_SERVICE, persistedOpStateExpiryEpochSec: 0}, ReplicationConfig: RATIS/THREE, State:ALLOCATED, leaderId:, CreationTimestamp2022-10-04T13:25:45.837Z[Etc/UTC]].
2022-10-04 13:25:45,839 [RatisPipelineUtilsThread - 0] INFO  pipeline.PipelineManagerImpl (PipelineManagerImpl.java:recordMetricsForPipeline(796)) - Pipeline: PipelineID=3afe47b4-9ff0-4b96-ab86-9184019b8379 contains same datanodes as previous pipelines: PipelineID=f11c729a-18a8-4e49-bdc7-dfb956effe94 nodeIds: 8036fef3-52ee-40d8-bc71-c3943af78d41, 53175bfc-7fac-47e0-bbdf-d2c660bed80b, c90336e2-d91d-49cc-aa4b-bbf13dfdddb4
2022-10-04 13:25:46,818 [Listener at 127.0.0.1/43101] INFO  ozone.MiniOzoneClusterImpl (MiniOzoneClusterImpl.java:lambda$waitForClusterToBeReady$0(216)) - Nodes are ready. Got 3 of 3 DN Heartbeats.
2022-10-04 13:25:46,820 [Listener at 127.0.0.1/43101] INFO  ozone.MiniOzoneClusterImpl (MiniOzoneClusterImpl.java:lambda$waitForClusterToBeReady$0(219)) - Waiting for cluster to exit safe mode
2022-10-04 13:25:46,820 [Listener at 127.0.0.1/43101] INFO  ozone.MiniOzoneClusterImpl (MiniOzoneClusterImpl.java:lambda$waitForClusterToBeReady$0(221)) - SCM became leader
2022-10-04 13:25:47,820 [Listener at 127.0.0.1/43101] INFO  ozone.MiniOzoneClusterImpl (MiniOzoneClusterImpl.java:lambda$waitForClusterToBeReady$0(216)) - Nodes are ready. Got 3 of 3 DN Heartbeats.
2022-10-04 13:25:47,821 [Listener at 127.0.0.1/43101] INFO  ozone.MiniOzoneClusterImpl (MiniOzoneClusterImpl.java:lambda$waitForClusterToBeReady$0(219)) - Waiting for cluster to exit safe mode
2022-10-04 13:25:47,821 [Listener at 127.0.0.1/43101] INFO  ozone.MiniOzoneClusterImpl (MiniOzoneClusterImpl.java:lambda$waitForClusterToBeReady$0(221)) - SCM became leader
2022-10-04 13:25:47,976 [Command processor thread] INFO  server.RaftServer (RaftServerProxy.java:addNew(96)) - c90336e2-d91d-49cc-aa4b-bbf13dfdddb4: addNew group-3D50D9FA4EAF:[c90336e2-d91d-49cc-aa4b-bbf13dfdddb4|rpc:10.1.1.108:44899|priority:1] returns group-3D50D9FA4EAF:java.util.concurrent.CompletableFuture@e6c464e[Not completed]
2022-10-04 13:25:47,986 [pool-122-thread-1] INFO  server.RaftServer$Division (RaftServerImpl.java:<init>(190)) - c90336e2-d91d-49cc-aa4b-bbf13dfdddb4: new RaftServerImpl for group-3D50D9FA4EAF:[c90336e2-d91d-49cc-aa4b-bbf13dfdddb4|rpc:10.1.1.108:44899|priority:1] with ContainerStateMachine:uninitialized
2022-10-04 13:25:47,987 [pool-122-thread-1] INFO  server.RaftServerConfigKeys (ConfUtils.java:logGet(46)) - raft.server.rpc.timeout.min = 5s (custom)
2022-10-04 13:25:47,987 [pool-122-thread-1] INFO  server.RaftServerConfigKeys (ConfUtils.java:logGet(46)) - raft.server.rpc.timeout.max = 5200ms (custom)
2022-10-04 13:25:47,987 [pool-122-thread-1] INFO  server.RaftServerConfigKeys (ConfUtils.java:logGet(46)) - raft.server.rpc.sleep.time = 25ms (default)
2022-10-04 13:25:47,987 [pool-122-thread-1] INFO  server.RaftServerConfigKeys (ConfUtils.java:logGet(46)) - raft.server.rpc.slowness.timeout = 300s (custom)
2022-10-04 13:25:47,987 [pool-122-thread-1] INFO  server.RaftServerConfigKeys (ConfUtils.java:logGet(46)) - raft.server.leaderelection.leader.step-down.wait-time = 10s (default)
2022-10-04 13:25:47,987 [pool-122-thread-1] INFO  server.RaftServerConfigKeys (ConfUtils.java:logGet(46)) - raft.server.sleep.deviation.threshold = 300ms (default)
2022-10-04 13:25:47,987 [pool-122-thread-1] INFO  server.RaftServer$Division (ServerState.java:<init>(107)) - c90336e2-d91d-49cc-aa4b-bbf13dfdddb4@group-3D50D9FA4EAF: ConfigurationManager, init=-1: [c90336e2-d91d-49cc-aa4b-bbf13dfdddb4|rpc:10.1.1.108:44899|priority:1], old=null, confs=<EMPTY_MAP>
2022-10-04 13:25:47,987 [pool-122-thread-1] INFO  server.RaftServerConfigKeys (ConfUtils.java:logGet(46)) - raft.server.storage.dir = [/home/runner/work/ozone/ozone/hadoop-ozone/integration-test/target/test-dir/MiniOzoneClusterImpl-6e9557d8-a31c-49e5-bba1-8bc95799a8b8/datanode-0/data/ratis] (custom)
2022-10-04 13:25:47,988 [pool-122-thread-1] INFO  server.RaftServerConfigKeys (ConfUtils.java:logGet(46)) - raft.server.log.corruption.policy = EXCEPTION (default)
2022-10-04 13:25:47,988 [pool-122-thread-1] INFO  server.RaftServerConfigKeys (ConfUtils.java:logGet(46)) - raft.server.storage.free-space.min = 0MB (=0) (default)
2022-10-04 13:25:47,988 [pool-122-thread-1] INFO  storage.RaftStorageDirectory (RaftStorageDirectoryImpl.java:analyzeStorage(135)) - The storage directory /home/runner/work/ozone/ozone/hadoop-ozone/integration-test/target/test-dir/MiniOzoneClusterImpl-6e9557d8-a31c-49e5-bba1-8bc95799a8b8/datanode-0/data/ratis/a23da3b9-a56b-4e57-bce6-3d50d9fa4eaf does not exist. Creating ...
2022-10-04 13:25:47,989 [pool-122-thread-1] INFO  storage.RaftStorageDirectory (RaftStorageDirectoryImpl.java:tryLock(230)) - Lock on /home/runner/work/ozone/ozone/hadoop-ozone/integration-test/target/test-dir/MiniOzoneClusterImpl-6e9557d8-a31c-49e5-bba1-8bc95799a8b8/datanode-0/data/ratis/a23da3b9-a56b-4e57-bce6-3d50d9fa4eaf/in_use.lock acquired by nodename 42070@fv-az573-645
2022-10-04 13:25:47,991 [pool-122-thread-1] INFO  storage.RaftStorage (RaftStorageImpl.java:format(89)) - Storage directory /home/runner/work/ozone/ozone/hadoop-ozone/integration-test/target/test-dir/MiniOzoneClusterImpl-6e9557d8-a31c-49e5-bba1-8bc95799a8b8/datanode-0/data/ratis/a23da3b9-a56b-4e57-bce6-3d50d9fa4eaf has been successfully formatted.
2022-10-04 13:25:47,994 [pool-122-thread-1] INFO  ratis.ContainerStateMachine (ContainerStateMachine.java:loadSnapshot(236)) - group-3D50D9FA4EAF: The snapshot info is null. Setting the last applied indexto:(t:0, i:~)
2022-10-04 13:25:47,995 [pool-122-thread-1] INFO  server.RaftServerConfigKeys (ConfUtils.java:logGet(46)) - raft.server.notification.no-leader.timeout = 300s (custom)
2022-10-04 13:25:47,995 [pool-122-thread-1] INFO  server.RaftServerConfigKeys (ConfUtils.java:logGet(46)) - raft.server.log.use.memory = false (default)
2022-10-04 13:25:47,995 [pool-122-thread-1] INFO  server.RaftServerConfigKeys (ConfUtils.java:logGet(46)) - raft.server.log.purge.gap = 1000000 (custom)
2022-10-04 13:25:47,995 [pool-122-thread-1] INFO  server.RaftServerConfigKeys (ConfUtils.java:logGet(46)) - raft.server.log.appender.buffer.byte-limit = 33554432 (custom)
2022-10-04 13:25:47,995 [pool-122-thread-1] INFO  server.RaftServerConfigKeys (ConfUtils.java:logGet(46)) - raft.server.log.statemachine.data.read.timeout = 1000ms (default)
2022-10-04 13:25:47,996 [pool-122-thread-1] INFO  server.RaftServerConfigKeys (ConfUtils.java:logGet(46)) - raft.server.log.segment.size.max = 1048576 (custom)
2022-10-04 13:25:47,997 [pool-122-thread-1] INFO  server.RaftServerConfigKeys (ConfUtils.java:logGet(46)) - raft.server.log.segment.cache.num.max = 2 (custom)
2022-10-04 13:25:47,997 [pool-122-thread-1] INFO  server.RaftServerConfigKeys (ConfUtils.java:logGet(46)) - raft.server.log.segment.cache.size.max = 200MB (=209715200) (default)
2022-10-04 13:25:47,997 [pool-122-thread-1] INFO  segmented.SegmentedRaftLogWorker (SegmentedRaftLogWorker.java:<init>(187)) - new c90336e2-d91d-49cc-aa4b-bbf13dfdddb4@group-3D50D9FA4EAF-SegmentedRaftLogWorker for RaftStorageImpl:Storage Directory /home/runner/work/ozone/ozone/hadoop-ozone/integration-test/target/test-dir/MiniOzoneClusterImpl-6e9557d8-a31c-49e5-bba1-8bc95799a8b8/datanode-0/data/ratis/a23da3b9-a56b-4e57-bce6-3d50d9fa4eaf
2022-10-04 13:25:47,997 [pool-122-thread-1] INFO  server.RaftServerConfigKeys (ConfUtils.java:logGet(46)) - raft.server.log.queue.byte-limit = 4294967296 (custom)
2022-10-04 13:25:47,997 [pool-122-thread-1] INFO  server.RaftServerConfigKeys (ConfUtils.java:logGet(46)) - raft.server.log.queue.element-limit = 1024 (custom)
2022-10-04 13:25:47,997 [pool-122-thread-1] INFO  server.RaftServerConfigKeys (ConfUtils.java:logGet(46)) - raft.server.log.segment.size.max = 1048576 (custom)
2022-10-04 13:25:47,997 [pool-122-thread-1] INFO  server.RaftServerConfigKeys (ConfUtils.java:logGet(46)) - raft.server.log.preallocated.size = 16384 (custom)
2022-10-04 13:25:47,997 [pool-122-thread-1] INFO  server.RaftServerConfigKeys (ConfUtils.java:logGet(46)) - raft.server.log.force.sync.num = 128 (default)
2022-10-04 13:25:47,997 [pool-122-thread-1] INFO  server.RaftServerConfigKeys (ConfUtils.java:logGet(46)) - raft.server.log.statemachine.data.sync = true (default)
2022-10-04 13:25:47,998 [pool-122-thread-1] INFO  server.RaftServerConfigKeys (ConfUtils.java:logGet(46)) - raft.server.log.statemachine.data.sync.timeout = 10s (default)
2022-10-04 13:25:47,998 [pool-122-thread-1] INFO  server.RaftServerConfigKeys (ConfUtils.java:logGet(46)) - raft.server.log.statemachine.data.sync.timeout.retry = -1 (default)
2022-10-04 13:25:47,999 [pool-122-thread-1] INFO  server.RaftServerConfigKeys (ConfUtils.java:logGet(46)) - raft.server.log.write.buffer.size = 1048576 (custom)
2022-10-04 13:25:48,000 [pool-122-thread-1] INFO  server.RaftServerConfigKeys (ConfUtils.java:logGet(46)) - raft.server.log.unsafe-flush.enabled = false (default)
2022-10-04 13:25:48,000 [pool-122-thread-1] INFO  server.RaftServerConfigKeys (ConfUtils.java:logGet(46)) - raft.server.log.statemachine.data.caching.enabled = true (custom)
2022-10-04 13:25:48,000 [pool-122-thread-1] INFO  segmented.SegmentedRaftLogWorker (SegmentedRaftLogWorker.java:lambda$new$0(135)) - c90336e2-d91d-49cc-aa4b-bbf13dfdddb4@group-3D50D9FA4EAF-SegmentedRaftLogWorker: flushIndex: setUnconditionally 0 -> -1
2022-10-04 13:25:48,000 [pool-122-thread-1] INFO  segmented.SegmentedRaftLogWorker (SegmentedRaftLogWorker.java:lambda$new$0(135)) - c90336e2-d91d-49cc-aa4b-bbf13dfdddb4@group-3D50D9FA4EAF-SegmentedRaftLogWorker: safeCacheEvictIndex: setUnconditionally 0 -> -1
2022-10-04 13:25:48,000 [pool-122-thread-1] INFO  server.RaftServerConfigKeys (ConfUtils.java:logGet(46)) - raft.server.snapshot.auto.trigger.enabled = true (custom)
2022-10-04 13:25:48,001 [pool-122-thread-1] INFO  server.RaftServerConfigKeys (ConfUtils.java:logGet(46)) - raft.server.snapshot.auto.trigger.threshold = 10000 (custom)
2022-10-04 13:25:48,001 [pool-122-thread-1] INFO  server.RaftServerConfigKeys (ConfUtils.java:logGet(46)) - raft.server.snapshot.retention.file.num = 5 (custom)
2022-10-04 13:25:48,001 [pool-122-thread-1] INFO  server.RaftServerConfigKeys (ConfUtils.java:logGet(46)) - raft.server.log.purge.upto.snapshot.index = false (default)
2022-10-04 13:25:48,001 [pool-122-thread-1] INFO  server.RaftServerConfigKeys (ConfUtils.java:logGet(46)) - raft.server.retrycache.expirytime = 600000ms (custom)
2022-10-04 13:25:48,001 [pool-122-thread-1] INFO  server.RaftServerConfigKeys (ConfUtils.java:logGet(46)) - raft.server.retrycache.statistics.expirytime = 100μs (default)
2022-10-04 13:25:48,003 [pool-122-thread-1] INFO  server.RaftServerConfigKeys (ConfUtils.java:logGet(46)) - raft.server.log.appender.install.snapshot.enabled = false (custom)
2022-10-04 13:25:48,003 [pool-122-thread-1] INFO  server.RaftServerConfigKeys (ConfUtils.java:logGet(46)) - raft.server.threadpool.server.cached = true (default)
2022-10-04 13:25:48,003 [pool-122-thread-1] INFO  server.RaftServerConfigKeys (ConfUtils.java:logGet(46)) - raft.server.threadpool.server.size = 0 (default)
2022-10-04 13:25:48,003 [pool-122-thread-1] INFO  server.RaftServerConfigKeys (ConfUtils.java:logGet(46)) - raft.server.threadpool.client.cached = true (default)
2022-10-04 13:25:48,003 [pool-122-thread-1] INFO  server.RaftServerConfigKeys (ConfUtils.java:logGet(46)) - raft.server.threadpool.client.size = 0 (default)
2022-10-04 13:25:48,003 [pool-122-thread-1] INFO  server.RaftServer$Division (RaftServerImpl.java:start(310)) - c90336e2-d91d-49cc-aa4b-bbf13dfdddb4@group-3D50D9FA4EAF: start as a follower, conf=-1: [c90336e2-d91d-49cc-aa4b-bbf13dfdddb4|rpc:10.1.1.108:44899|priority:1], old=null
2022-10-04 13:25:48,003 [pool-122-thread-1] INFO  server.RaftServer$Division (RaftServerImpl.java:setRole(299)) - c90336e2-d91d-49cc-aa4b-bbf13dfdddb4@group-3D50D9FA4EAF: changes role from      null to FOLLOWER at term 0 for startAsFollower
2022-10-04 13:25:48,003 [pool-122-thread-1] INFO  impl.RoleInfo (RoleInfo.java:updateAndGet(139)) - c90336e2-d91d-49cc-aa4b-bbf13dfdddb4: start c90336e2-d91d-49cc-aa4b-bbf13dfdddb4@group-3D50D9FA4EAF-FollowerState
2022-10-04 13:25:48,009 [pool-122-thread-1] INFO  util.JmxRegister (JmxRegister.java:tryRegister(44)) - Successfully registered JMX Bean with object name Ratis:service=RaftServer,group=group-3D50D9FA4EAF,id=c90336e2-d91d-49cc-aa4b-bbf13dfdddb4
2022-10-04 13:25:48,015 [Command processor thread] INFO  ratis.XceiverServerRatis (XceiverServerRatis.java:addGroup(765)) - Created group PipelineID=a23da3b9-a56b-4e57-bce6-3d50d9fa4eaf
2022-10-04 13:25:48,016 [Command processor thread] INFO  commandhandler.CreatePipelineCommandHandler (CreatePipelineCommandHandler.java:handle(113)) - Created Pipeline RATIS ONE PipelineID=a23da3b9-a56b-4e57-bce6-3d50d9fa4eaf.
2022-10-04 13:25:48,016 [Command processor thread] INFO  server.RaftServer (RaftServerProxy.java:addNew(96)) - c90336e2-d91d-49cc-aa4b-bbf13dfdddb4: addNew group-DFB956EFFE94:[8036fef3-52ee-40d8-bc71-c3943af78d41|rpc:10.1.1.108:33423|priority:1, c90336e2-d91d-49cc-aa4b-bbf13dfdddb4|rpc:10.1.1.108:44899|priority:0, 53175bfc-7fac-47e0-bbdf-d2c660bed80b|rpc:10.1.1.108:33245|priority:0] returns group-DFB956EFFE94:java.util.concurrent.CompletableFuture@482a3f08[Not completed]
2022-10-04 13:25:48,018 [pool-122-thread-1] INFO  server.RaftServer$Division (RaftServerImpl.java:<init>(190)) - c90336e2-d91d-49cc-aa4b-bbf13dfdddb4: new RaftServerImpl for group-DFB956EFFE94:[8036fef3-52ee-40d8-bc71-c3943af78d41|rpc:10.1.1.108:33423|priority:1, c90336e2-d91d-49cc-aa4b-bbf13dfdddb4|rpc:10.1.1.108:44899|priority:0, 53175bfc-7fac-47e0-bbdf-d2c660bed80b|rpc:10.1.1.108:33245|priority:0] with ContainerStateMachine:uninitialized
2022-10-04 13:25:48,019 [pool-122-thread-1] INFO  server.RaftServerConfigKeys (ConfUtils.java:logGet(46)) - raft.server.rpc.timeout.min = 5s (custom)
2022-10-04 13:25:48,020 [pool-122-thread-1] INFO  server.RaftServerConfigKeys (ConfUtils.java:logGet(46)) - raft.server.rpc.timeout.max = 5200ms (custom)
2022-10-04 13:25:48,020 [pool-122-thread-1] INFO  server.RaftServerConfigKeys (ConfUtils.java:logGet(46)) - raft.server.rpc.sleep.time = 25ms (default)
2022-10-04 13:25:48,020 [pool-122-thread-1] INFO  server.RaftServerConfigKeys (ConfUtils.java:logGet(46)) - raft.server.rpc.slowness.timeout = 300s (custom)
2022-10-04 13:25:48,020 [pool-122-thread-1] INFO  server.RaftServerConfigKeys (ConfUtils.java:logGet(46)) - raft.server.leaderelection.leader.step-down.wait-time = 10s (default)
2022-10-04 13:25:48,020 [pool-122-thread-1] INFO  server.RaftServerConfigKeys (ConfUtils.java:logGet(46)) - raft.server.sleep.deviation.threshold = 300ms (default)
2022-10-04 13:25:48,020 [pool-122-thread-1] INFO  server.RaftServer$Division (ServerState.java:<init>(107)) - c90336e2-d91d-49cc-aa4b-bbf13dfdddb4@group-DFB956EFFE94: ConfigurationManager, init=-1: [8036fef3-52ee-40d8-bc71-c3943af78d41|rpc:10.1.1.108:33423|priority:1, c90336e2-d91d-49cc-aa4b-bbf13dfdddb4|rpc:10.1.1.108:44899|priority:0, 53175bfc-7fac-47e0-bbdf-d2c660bed80b|rpc:10.1.1.108:33245|priority:0], old=null, confs=<EMPTY_MAP>
2022-10-04 13:25:48,020 [pool-122-thread-1] INFO  server.RaftServerConfigKeys (ConfUtils.java:logGet(46)) - raft.server.storage.dir = [/home/runner/work/ozone/ozone/hadoop-ozone/integration-test/target/test-dir/MiniOzoneClusterImpl-6e9557d8-a31c-49e5-bba1-8bc95799a8b8/datanode-0/data/ratis] (custom)
2022-10-04 13:25:48,021 [pool-122-thread-1] INFO  server.RaftServerConfigKeys (ConfUtils.java:logGet(46)) - raft.server.log.corruption.policy = EXCEPTION (default)
2022-10-04 13:25:48,021 [pool-122-thread-1] INFO  server.RaftServerConfigKeys (ConfUtils.java:logGet(46)) - raft.server.storage.free-space.min = 0MB (=0) (default)
2022-10-04 13:25:48,022 [pool-122-thread-1] INFO  storage.RaftStorageDirectory (RaftStorageDirectoryImpl.java:analyzeStorage(135)) - The storage directory /home/runner/work/ozone/ozone/hadoop-ozone/integration-test/target/test-dir/MiniOzoneClusterImpl-6e9557d8-a31c-49e5-bba1-8bc95799a8b8/datanode-0/data/ratis/f11c729a-18a8-4e49-bdc7-dfb956effe94 does not exist. Creating ...
2022-10-04 13:25:48,023 [EventQueue-PipelineReportForPipelineReportHandler] INFO  pipeline.PipelineManagerImpl (PipelineManagerImpl.java:openPipeline(367)) - Pipeline Pipeline[ Id: a23da3b9-a56b-4e57-bce6-3d50d9fa4eaf, Nodes: c90336e2-d91d-49cc-aa4b-bbf13dfdddb4{ip: 10.1.1.108, host: fv-az573-645.uspngagyt4suddso0aj1djjezg.dx.internal.cloudapp.net, ports: [REPLICATION=39287, RATIS=44899, RATIS_ADMIN=44899, RATIS_SERVER=44899, STANDALONE=34255], networkLocation: /default-rack, certSerialId: null, persistedOpState: IN_SERVICE, persistedOpStateExpiryEpochSec: 0}, ReplicationConfig: RATIS/ONE, State:ALLOCATED, leaderId:c90336e2-d91d-49cc-aa4b-bbf13dfdddb4, CreationTimestamp2022-10-04T13:25:44.993Z[Etc/UTC]] moved to OPEN state
2022-10-04 13:25:48,023 [pool-122-thread-1] INFO  storage.RaftStorageDirectory (RaftStorageDirectoryImpl.java:tryLock(230)) - Lock on /home/runner/work/ozone/ozone/hadoop-ozone/integration-test/target/test-dir/MiniOzoneClusterImpl-6e9557d8-a31c-49e5-bba1-8bc95799a8b8/datanode-0/data/ratis/f11c729a-18a8-4e49-bdc7-dfb956effe94/in_use.lock acquired by nodename 42070@fv-az573-645
2022-10-04 13:25:48,027 [pool-122-thread-1] INFO  storage.RaftStorage (RaftStorageImpl.java:format(89)) - Storage directory /home/runner/work/ozone/ozone/hadoop-ozone/integration-test/target/test-dir/MiniOzoneClusterImpl-6e9557d8-a31c-49e5-bba1-8bc95799a8b8/datanode-0/data/ratis/f11c729a-18a8-4e49-bdc7-dfb956effe94 has been successfully formatted.
2022-10-04 13:25:48,029 [pool-122-thread-1] INFO  ratis.ContainerStateMachine (ContainerStateMachine.java:loadSnapshot(236)) - group-DFB956EFFE94: The snapshot info is null. Setting the last applied indexto:(t:0, i:~)
2022-10-04 13:25:48,037 [pool-122-thread-1] INFO  server.RaftServerConfigKeys (ConfUtils.java:logGet(46)) - raft.server.notification.no-leader.timeout = 300s (custom)
2022-10-04 13:25:48,037 [pool-122-thread-1] INFO  server.RaftServerConfigKeys (ConfUtils.java:logGet(46)) - raft.server.log.use.memory = false (default)
2022-10-04 13:25:48,037 [pool-122-thread-1] INFO  server.RaftServerConfigKeys (ConfUtils.java:logGet(46)) - raft.server.log.purge.gap = 1000000 (custom)
2022-10-04 13:25:48,037 [pool-122-thread-1] INFO  server.RaftServerConfigKeys (ConfUtils.java:logGet(46)) - raft.server.log.appender.buffer.byte-limit = 33554432 (custom)
2022-10-04 13:25:48,037 [pool-122-thread-1] INFO  server.RaftServerConfigKeys (ConfUtils.java:logGet(46)) - raft.server.log.statemachine.data.read.timeout = 1000ms (default)
2022-10-04 13:25:48,038 [pool-122-thread-1] INFO  server.RaftServerConfigKeys (ConfUtils.java:logGet(46)) - raft.server.log.segment.size.max = 1048576 (custom)
2022-10-04 13:25:48,041 [EventQueue-OpenPipelineForHealthyPipelineSafeModeRule] INFO  safemode.SCMSafeModeManager (HealthyPipelineSafeModeRule.java:process(137)) - SCM in safe mode. Healthy pipelines reported count is 0, required healthy pipeline reported count is 1
2022-10-04 13:25:48,043 [EventQueue-OpenPipelineForHealthyPipelineSafeModeRule] INFO  safemode.SCMSafeModeManager (HealthyPipelineSafeModeRule.java:process(137)) - SCM in safe mode. Healthy pipelines reported count is 0, required healthy pipeline reported count is 1
2022-10-04 13:25:48,044 [pool-122-thread-1] INFO  server.RaftServerConfigKeys (ConfUtils.java:logGet(46)) - raft.server.log.segment.cache.num.max = 2 (custom)
2022-10-04 13:25:48,044 [pool-122-thread-1] INFO  server.RaftServerConfigKeys (ConfUtils.java:logGet(46)) - raft.server.log.segment.cache.size.max = 200MB (=209715200) (default)
2022-10-04 13:25:48,044 [pool-122-thread-1] INFO  segmented.SegmentedRaftLogWorker (SegmentedRaftLogWorker.java:<init>(187)) - new c90336e2-d91d-49cc-aa4b-bbf13dfdddb4@group-DFB956EFFE94-SegmentedRaftLogWorker for RaftStorageImpl:Storage Directory /home/runner/work/ozone/ozone/hadoop-ozone/integration-test/target/test-dir/MiniOzoneClusterImpl-6e9557d8-a31c-49e5-bba1-8bc95799a8b8/datanode-0/data/ratis/f11c729a-18a8-4e49-bdc7-dfb956effe94
2022-10-04 13:25:48,045 [pool-122-thread-1] INFO  server.RaftServerConfigKeys (ConfUtils.java:logGet(46)) - raft.server.log.queue.byte-limit = 4294967296 (custom)
2022-10-04 13:25:48,045 [pool-122-thread-1] INFO  server.RaftServerConfigKeys (ConfUtils.java:logGet(46)) - raft.server.log.queue.element-limit = 1024 (custom)
2022-10-04 13:25:48,050 [pool-122-thread-1] INFO  server.RaftServerConfigKeys (ConfUtils.java:logGet(46)) - raft.server.log.segment.size.max = 1048576 (custom)
2022-10-04 13:25:48,052 [pool-122-thread-1] INFO  server.RaftServerConfigKeys (ConfUtils.java:logGet(46)) - raft.server.log.preallocated.size = 16384 (custom)
2022-10-04 13:25:48,052 [pool-122-thread-1] INFO  server.RaftServerConfigKeys (ConfUtils.java:logGet(46)) - raft.server.log.force.sync.num = 128 (default)
2022-10-04 13:25:48,052 [pool-122-thread-1] INFO  server.RaftServerConfigKeys (ConfUtils.java:logGet(46)) - raft.server.log.statemachine.data.sync = true (default)
2022-10-04 13:25:48,052 [pool-122-thread-1] INFO  server.RaftServerConfigKeys (ConfUtils.java:logGet(46)) - raft.server.log.statemachine.data.sync.timeout = 10s (default)
2022-10-04 13:25:48,052 [pool-122-thread-1] INFO  server.RaftServerConfigKeys (ConfUtils.java:logGet(46)) - raft.server.log.statemachine.data.sync.timeout.retry = -1 (default)
2022-10-04 13:25:48,054 [pool-122-thread-1] INFO  server.RaftServerConfigKeys (ConfUtils.java:logGet(46)) - raft.server.log.write.buffer.size = 1048576 (custom)
2022-10-04 13:25:48,054 [pool-122-thread-1] INFO  server.RaftServerConfigKeys (ConfUtils.java:logGet(46)) - raft.server.log.unsafe-flush.enabled = false (default)
2022-10-04 13:25:48,054 [pool-122-thread-1] INFO  server.RaftServerConfigKeys (ConfUtils.java:logGet(46)) - raft.server.log.statemachine.data.caching.enabled = true (custom)
2022-10-04 13:25:48,054 [pool-122-thread-1] INFO  segmented.SegmentedRaftLogWorker (SegmentedRaftLogWorker.java:lambda$new$0(135)) - c90336e2-d91d-49cc-aa4b-bbf13dfdddb4@group-DFB956EFFE94-SegmentedRaftLogWorker: flushIndex: setUnconditionally 0 -> -1
2022-10-04 13:25:48,054 [pool-122-thread-1] INFO  segmented.SegmentedRaftLogWorker (SegmentedRaftLogWorker.java:lambda$new$0(135)) - c90336e2-d91d-49cc-aa4b-bbf13dfdddb4@group-DFB956EFFE94-SegmentedRaftLogWorker: safeCacheEvictIndex: setUnconditionally 0 -> -1
2022-10-04 13:25:48,054 [pool-122-thread-1] INFO  server.RaftServerConfigKeys (ConfUtils.java:logGet(46)) - raft.server.snapshot.auto.trigger.enabled = true (custom)
2022-10-04 13:25:48,055 [pool-122-thread-1] INFO  server.RaftServerConfigKeys (ConfUtils.java:logGet(46)) - raft.server.snapshot.auto.trigger.threshold = 10000 (custom)
2022-10-04 13:25:48,055 [pool-122-thread-1] INFO  server.RaftServerConfigKeys (ConfUtils.java:logGet(46)) - raft.server.snapshot.retention.file.num = 5 (custom)
2022-10-04 13:25:48,055 [pool-122-thread-1] INFO  server.RaftServerConfigKeys (ConfUtils.java:logGet(46)) - raft.server.log.purge.upto.snapshot.index = false (default)
2022-10-04 13:25:48,055 [pool-122-thread-1] INFO  server.RaftServerConfigKeys (ConfUtils.java:logGet(46)) - raft.server.retrycache.expirytime = 600000ms (custom)
2022-10-04 13:25:48,055 [pool-122-thread-1] INFO  server.RaftServerConfigKeys (ConfUtils.java:logGet(46)) - raft.server.retrycache.statistics.expirytime = 100μs (default)
2022-10-04 13:25:48,057 [pool-122-thread-1] INFO  server.RaftServerConfigKeys (ConfUtils.java:logGet(46)) - raft.server.log.appender.install.snapshot.enabled = false (custom)
2022-10-04 13:25:48,058 [pool-122-thread-1] INFO  server.RaftServerConfigKeys (ConfUtils.java:logGet(46)) - raft.server.threadpool.server.cached = true (default)
2022-10-04 13:25:48,058 [pool-122-thread-1] INFO  server.RaftServerConfigKeys (ConfUtils.java:logGet(46)) - raft.server.threadpool.server.size = 0 (default)
2022-10-04 13:25:48,058 [pool-122-thread-1] INFO  server.RaftServerConfigKeys (ConfUtils.java:logGet(46)) - raft.server.threadpool.client.cached = true (default)
2022-10-04 13:25:48,058 [pool-122-thread-1] INFO  server.RaftServerConfigKeys (ConfUtils.java:logGet(46)) - raft.server.threadpool.client.size = 0 (default)
2022-10-04 13:25:48,058 [pool-122-thread-1] INFO  server.RaftServer$Division (RaftServerImpl.java:start(310)) - c90336e2-d91d-49cc-aa4b-bbf13dfdddb4@group-DFB956EFFE94: start as a follower, conf=-1: [8036fef3-52ee-40d8-bc71-c3943af78d41|rpc:10.1.1.108:33423|priority:1, c90336e2-d91d-49cc-aa4b-bbf13dfdddb4|rpc:10.1.1.108:44899|priority:0, 53175bfc-7fac-47e0-bbdf-d2c660bed80b|rpc:10.1.1.108:33245|priority:0], old=null
2022-10-04 13:25:48,058 [pool-122-thread-1] INFO  server.RaftServer$Division (RaftServerImpl.java:setRole(299)) - c90336e2-d91d-49cc-aa4b-bbf13dfdddb4@group-DFB956EFFE94: changes role from      null to FOLLOWER at term 0 for startAsFollower
2022-10-04 13:25:48,058 [pool-122-thread-1] INFO  impl.RoleInfo (RoleInfo.java:updateAndGet(139)) - c90336e2-d91d-49cc-aa4b-bbf13dfdddb4: start c90336e2-d91d-49cc-aa4b-bbf13dfdddb4@group-DFB956EFFE94-FollowerState
2022-10-04 13:25:48,062 [pool-122-thread-1] INFO  util.JmxRegister (JmxRegister.java:tryRegister(44)) - Successfully registered JMX Bean with object name Ratis:service=RaftServer,group=group-DFB956EFFE94,id=c90336e2-d91d-49cc-aa4b-bbf13dfdddb4
2022-10-04 13:25:48,064 [Command processor thread] INFO  ratis.XceiverServerRatis (XceiverServerRatis.java:addGroup(765)) - Created group PipelineID=f11c729a-18a8-4e49-bdc7-dfb956effe94
2022-10-04 13:25:48,142 [grpc-default-executor-0] INFO  server.RaftServer (RaftServerProxy.java:addNew(96)) - 53175bfc-7fac-47e0-bbdf-d2c660bed80b: addNew group-DFB956EFFE94:[8036fef3-52ee-40d8-bc71-c3943af78d41|rpc:10.1.1.108:33423|dataStream:|priority:1, c90336e2-d91d-49cc-aa4b-bbf13dfdddb4|rpc:10.1.1.108:44899|dataStream:|priority:0, 53175bfc-7fac-47e0-bbdf-d2c660bed80b|rpc:10.1.1.108:33245|dataStream:|priority:0] returns group-DFB956EFFE94:java.util.concurrent.CompletableFuture@68429ea0[Not completed]
2022-10-04 13:25:48,144 [pool-168-thread-1] INFO  server.RaftServer$Division (RaftServerImpl.java:<init>(190)) - 53175bfc-7fac-47e0-bbdf-d2c660bed80b: new RaftServerImpl for group-DFB956EFFE94:[8036fef3-52ee-40d8-bc71-c3943af78d41|rpc:10.1.1.108:33423|dataStream:|priority:1, c90336e2-d91d-49cc-aa4b-bbf13dfdddb4|rpc:10.1.1.108:44899|dataStream:|priority:0, 53175bfc-7fac-47e0-bbdf-d2c660bed80b|rpc:10.1.1.108:33245|dataStream:|priority:0] with ContainerStateMachine:uninitialized
2022-10-04 13:25:48,144 [pool-168-thread-1] INFO  server.RaftServerConfigKeys (ConfUtils.java:logGet(46)) - raft.server.rpc.timeout.min = 5s (custom)
2022-10-04 13:25:48,144 [pool-168-thread-1] INFO  server.RaftServerConfigKeys (ConfUtils.java:logGet(46)) - raft.server.rpc.timeout.max = 5200ms (custom)
2022-10-04 13:25:48,144 [pool-168-thread-1] INFO  server.RaftServerConfigKeys (ConfUtils.java:logGet(46)) - raft.server.rpc.sleep.time = 25ms (default)
2022-10-04 13:25:48,145 [pool-168-thread-1] INFO  server.RaftServerConfigKeys (ConfUtils.java:logGet(46)) - raft.server.rpc.slowness.timeout = 300s (custom)
2022-10-04 13:25:48,145 [pool-168-thread-1] INFO  server.RaftServerConfigKeys (ConfUtils.java:logGet(46)) - raft.server.leaderelection.leader.step-down.wait-time = 10s (default)
2022-10-04 13:25:48,145 [pool-168-thread-1] INFO  server.RaftServerConfigKeys (ConfUtils.java:logGet(46)) - raft.server.sleep.deviation.threshold = 300ms (default)
2022-10-04 13:25:48,145 [pool-168-thread-1] INFO  server.RaftServer$Division (ServerState.java:<init>(107)) - 53175bfc-7fac-47e0-bbdf-d2c660bed80b@group-DFB956EFFE94: ConfigurationManager, init=-1: [8036fef3-52ee-40d8-bc71-c3943af78d41|rpc:10.1.1.108:33423|dataStream:|priority:1, c90336e2-d91d-49cc-aa4b-bbf13dfdddb4|rpc:10.1.1.108:44899|dataStream:|priority:0, 53175bfc-7fac-47e0-bbdf-d2c660bed80b|rpc:10.1.1.108:33245|dataStream:|priority:0], old=null, confs=<EMPTY_MAP>
2022-10-04 13:25:48,145 [pool-168-thread-1] INFO  server.RaftServerConfigKeys (ConfUtils.java:logGet(46)) - raft.server.storage.dir = [/home/runner/work/ozone/ozone/hadoop-ozone/integration-test/target/test-dir/MiniOzoneClusterImpl-6e9557d8-a31c-49e5-bba1-8bc95799a8b8/datanode-2/data/ratis] (custom)
2022-10-04 13:25:48,146 [pool-168-thread-1] INFO  server.RaftServerConfigKeys (ConfUtils.java:logGet(46)) - raft.server.log.corruption.policy = EXCEPTION (default)
2022-10-04 13:25:48,146 [pool-168-thread-1] INFO  server.RaftServerConfigKeys (ConfUtils.java:logGet(46)) - raft.server.storage.free-space.min = 0MB (=0) (default)
2022-10-04 13:25:48,148 [pool-168-thread-1] INFO  storage.RaftStorageDirectory (RaftStorageDirectoryImpl.java:analyzeStorage(135)) - The storage directory /home/runner/work/ozone/ozone/hadoop-ozone/integration-test/target/test-dir/MiniOzoneClusterImpl-6e9557d8-a31c-49e5-bba1-8bc95799a8b8/datanode-2/data/ratis/f11c729a-18a8-4e49-bdc7-dfb956effe94 does not exist. Creating ...
2022-10-04 13:25:48,149 [pool-168-thread-1] INFO  storage.RaftStorageDirectory (RaftStorageDirectoryImpl.java:tryLock(230)) - Lock on /home/runner/work/ozone/ozone/hadoop-ozone/integration-test/target/test-dir/MiniOzoneClusterImpl-6e9557d8-a31c-49e5-bba1-8bc95799a8b8/datanode-2/data/ratis/f11c729a-18a8-4e49-bdc7-dfb956effe94/in_use.lock acquired by nodename 42070@fv-az573-645
2022-10-04 13:25:48,150 [pool-168-thread-1] INFO  storage.RaftStorage (RaftStorageImpl.java:format(89)) - Storage directory /home/runner/work/ozone/ozone/hadoop-ozone/integration-test/target/test-dir/MiniOzoneClusterImpl-6e9557d8-a31c-49e5-bba1-8bc95799a8b8/datanode-2/data/ratis/f11c729a-18a8-4e49-bdc7-dfb956effe94 has been successfully formatted.
2022-10-04 13:25:48,151 [pool-168-thread-1] INFO  ratis.ContainerStateMachine (ContainerStateMachine.java:loadSnapshot(236)) - group-DFB956EFFE94: The snapshot info is null. Setting the last applied indexto:(t:0, i:~)
2022-10-04 13:25:48,152 [pool-168-thread-1] INFO  server.RaftServerConfigKeys (ConfUtils.java:logGet(46)) - raft.server.notification.no-leader.timeout = 300s (custom)
2022-10-04 13:25:48,152 [pool-168-thread-1] INFO  server.RaftServerConfigKeys (ConfUtils.java:logGet(46)) - raft.server.log.use.memory = false (default)
2022-10-04 13:25:48,152 [pool-168-thread-1] INFO  server.RaftServerConfigKeys (ConfUtils.java:logGet(46)) - raft.server.log.purge.gap = 1000000 (custom)
2022-10-04 13:25:48,153 [pool-168-thread-1] INFO  server.RaftServerConfigKeys (ConfUtils.java:logGet(46)) - raft.server.log.appender.buffer.byte-limit = 33554432 (custom)
2022-10-04 13:25:48,154 [pool-168-thread-1] INFO  server.RaftServerConfigKeys (ConfUtils.java:logGet(46)) - raft.server.log.statemachine.data.read.timeout = 1000ms (default)
2022-10-04 13:25:48,158 [pool-168-thread-1] INFO  server.RaftServerConfigKeys (ConfUtils.java:logGet(46)) - raft.server.log.segment.size.max = 1048576 (custom)
2022-10-04 13:25:48,160 [pool-168-thread-1] INFO  server.RaftServerConfigKeys (ConfUtils.java:logGet(46)) - raft.server.log.segment.cache.num.max = 2 (custom)
2022-10-04 13:25:48,160 [pool-168-thread-1] INFO  server.RaftServerConfigKeys (ConfUtils.java:logGet(46)) - raft.server.log.segment.cache.size.max = 200MB (=209715200) (default)
2022-10-04 13:25:48,160 [pool-168-thread-1] INFO  segmented.SegmentedRaftLogWorker (SegmentedRaftLogWorker.java:<init>(187)) - new 53175bfc-7fac-47e0-bbdf-d2c660bed80b@group-DFB956EFFE94-SegmentedRaftLogWorker for RaftStorageImpl:Storage Directory /home/runner/work/ozone/ozone/hadoop-ozone/integration-test/target/test-dir/MiniOzoneClusterImpl-6e9557d8-a31c-49e5-bba1-8bc95799a8b8/datanode-2/data/ratis/f11c729a-18a8-4e49-bdc7-dfb956effe94
2022-10-04 13:25:48,161 [pool-168-thread-1] INFO  server.RaftServerConfigKeys (ConfUtils.java:logGet(46)) - raft.server.log.queue.byte-limit = 4294967296 (custom)
2022-10-04 13:25:48,161 [pool-168-thread-1] INFO  server.RaftServerConfigKeys (ConfUtils.java:logGet(46)) - raft.server.log.queue.element-limit = 1024 (custom)
2022-10-04 13:25:48,161 [pool-168-thread-1] INFO  server.RaftServerConfigKeys (ConfUtils.java:logGet(46)) - raft.server.log.segment.size.max = 1048576 (custom)
2022-10-04 13:25:48,161 [pool-168-thread-1] INFO  server.RaftServerConfigKeys (ConfUtils.java:logGet(46)) - raft.server.log.preallocated.size = 16384 (custom)
2022-10-04 13:25:48,161 [pool-168-thread-1] INFO  server.RaftServerConfigKeys (ConfUtils.java:logGet(46)) - raft.server.log.force.sync.num = 128 (default)
2022-10-04 13:25:48,161 [pool-168-thread-1] INFO  server.RaftServerConfigKeys (ConfUtils.java:logGet(46)) - raft.server.log.statemachine.data.sync = true (default)
2022-10-04 13:25:48,161 [pool-168-thread-1] INFO  server.RaftServerConfigKeys (ConfUtils.java:logGet(46)) - raft.server.log.statemachine.data.sync.timeout = 10s (default)
2022-10-04 13:25:48,161 [pool-168-thread-1] INFO  server.RaftServerConfigKeys (ConfUtils.java:logGet(46)) - raft.server.log.statemachine.data.sync.timeout.retry = -1 (default)
2022-10-04 13:25:48,163 [pool-168-thread-1] INFO  server.RaftServerConfigKeys (ConfUtils.java:logGet(46)) - raft.server.log.write.buffer.size = 1048576 (custom)
2022-10-04 13:25:48,163 [pool-168-thread-1] INFO  server.RaftServerConfigKeys (ConfUtils.java:logGet(46)) - raft.server.log.unsafe-flush.enabled = false (default)
2022-10-04 13:25:48,163 [pool-168-thread-1] INFO  server.RaftServerConfigKeys (ConfUtils.java:logGet(46)) - raft.server.log.statemachine.data.caching.enabled = true (custom)
2022-10-04 13:25:48,164 [pool-168-thread-1] INFO  segmented.SegmentedRaftLogWorker (SegmentedRaftLogWorker.java:lambda$new$0(135)) - 53175bfc-7fac-47e0-bbdf-d2c660bed80b@group-DFB956EFFE94-SegmentedRaftLogWorker: flushIndex: setUnconditionally 0 -> -1
2022-10-04 13:25:48,164 [pool-168-thread-1] INFO  segmented.SegmentedRaftLogWorker (SegmentedRaftLogWorker.java:lambda$new$0(135)) - 53175bfc-7fac-47e0-bbdf-d2c660bed80b@group-DFB956EFFE94-SegmentedRaftLogWorker: safeCacheEvictIndex: setUnconditionally 0 -> -1
2022-10-04 13:25:48,168 [pool-168-thread-1] INFO  server.RaftServerConfigKeys (ConfUtils.java:logGet(46)) - raft.server.snapshot.auto.trigger.enabled = true (custom)
2022-10-04 13:25:48,168 [pool-168-thread-1] INFO  server.RaftServerConfigKeys (ConfUtils.java:logGet(46)) - raft.server.snapshot.auto.trigger.threshold = 10000 (custom)
2022-10-04 13:25:48,168 [pool-168-thread-1] INFO  server.RaftServerConfigKeys (ConfUtils.java:logGet(46)) - raft.server.snapshot.retention.file.num = 5 (custom)
2022-10-04 13:25:48,168 [pool-168-thread-1] INFO  server.RaftServerConfigKeys (ConfUtils.java:logGet(46)) - raft.server.log.purge.upto.snapshot.index = false (default)
2022-10-04 13:25:48,168 [pool-168-thread-1] INFO  server.RaftServerConfigKeys (ConfUtils.java:logGet(46)) - raft.server.retrycache.expirytime = 600000ms (custom)
2022-10-04 13:25:48,168 [pool-168-thread-1] INFO  server.RaftServerConfigKeys (ConfUtils.java:logGet(46)) - raft.server.retrycache.statistics.expirytime = 100μs (default)
2022-10-04 13:25:48,171 [pool-168-thread-1] INFO  server.RaftServerConfigKeys (ConfUtils.java:logGet(46)) - raft.server.log.appender.install.snapshot.enabled = false (custom)
2022-10-04 13:25:48,172 [pool-168-thread-1] INFO  server.RaftServerConfigKeys (ConfUtils.java:logGet(46)) - raft.server.threadpool.server.cached = true (default)
2022-10-04 13:25:48,172 [pool-168-thread-1] INFO  server.RaftServerConfigKeys (ConfUtils.java:logGet(46)) - raft.server.threadpool.server.size = 0 (default)
2022-10-04 13:25:48,172 [pool-168-thread-1] INFO  server.RaftServerConfigKeys (ConfUtils.java:logGet(46)) - raft.server.threadpool.client.cached = true (default)
2022-10-04 13:25:48,172 [pool-168-thread-1] INFO  server.RaftServerConfigKeys (ConfUtils.java:logGet(46)) - raft.server.threadpool.client.size = 0 (default)
2022-10-04 13:25:48,172 [pool-168-thread-1] INFO  server.RaftServer$Division (RaftServerImpl.java:start(310)) - 53175bfc-7fac-47e0-bbdf-d2c660bed80b@group-DFB956EFFE94: start as a follower, conf=-1: [8036fef3-52ee-40d8-bc71-c3943af78d41|rpc:10.1.1.108:33423|dataStream:|priority:1, c90336e2-d91d-49cc-aa4b-bbf13dfdddb4|rpc:10.1.1.108:44899|dataStream:|priority:0, 53175bfc-7fac-47e0-bbdf-d2c660bed80b|rpc:10.1.1.108:33245|dataStream:|priority:0], old=null
2022-10-04 13:25:48,172 [pool-168-thread-1] INFO  server.RaftServer$Division (RaftServerImpl.java:setRole(299)) - 53175bfc-7fac-47e0-bbdf-d2c660bed80b@group-DFB956EFFE94: changes role from      null to FOLLOWER at term 0 for startAsFollower
2022-10-04 13:25:48,172 [pool-168-thread-1] INFO  impl.RoleInfo (RoleInfo.java:updateAndGet(139)) - 53175bfc-7fac-47e0-bbdf-d2c660bed80b: start 53175bfc-7fac-47e0-bbdf-d2c660bed80b@group-DFB956EFFE94-FollowerState
2022-10-04 13:25:48,172 [pool-168-thread-1] INFO  util.JmxRegister (JmxRegister.java:tryRegister(44)) - Successfully registered JMX Bean with object name Ratis:service=RaftServer,group=group-DFB956EFFE94,id=53175bfc-7fac-47e0-bbdf-d2c660bed80b
2022-10-04 13:25:48,231 [grpc-default-executor-0] INFO  server.RaftServer (RaftServerProxy.java:addNew(96)) - 8036fef3-52ee-40d8-bc71-c3943af78d41: addNew group-DFB956EFFE94:[8036fef3-52ee-40d8-bc71-c3943af78d41|rpc:10.1.1.108:33423|dataStream:|priority:1, c90336e2-d91d-49cc-aa4b-bbf13dfdddb4|rpc:10.1.1.108:44899|dataStream:|priority:0, 53175bfc-7fac-47e0-bbdf-d2c660bed80b|rpc:10.1.1.108:33245|dataStream:|priority:0] returns group-DFB956EFFE94:java.util.concurrent.CompletableFuture@473064f3[Not completed]
2022-10-04 13:25:48,242 [pool-145-thread-1] INFO  server.RaftServer$Division (RaftServerImpl.java:<init>(190)) - 8036fef3-52ee-40d8-bc71-c3943af78d41: new RaftServerImpl for group-DFB956EFFE94:[8036fef3-52ee-40d8-bc71-c3943af78d41|rpc:10.1.1.108:33423|dataStream:|priority:1, c90336e2-d91d-49cc-aa4b-bbf13dfdddb4|rpc:10.1.1.108:44899|dataStream:|priority:0, 53175bfc-7fac-47e0-bbdf-d2c660bed80b|rpc:10.1.1.108:33245|dataStream:|priority:0] with ContainerStateMachine:uninitialized
2022-10-04 13:25:48,242 [pool-145-thread-1] INFO  server.RaftServerConfigKeys (ConfUtils.java:logGet(46)) - raft.server.rpc.timeout.min = 5s (custom)
2022-10-04 13:25:48,242 [pool-145-thread-1] INFO  server.RaftServerConfigKeys (ConfUtils.java:logGet(46)) - raft.server.rpc.timeout.max = 5200ms (custom)
2022-10-04 13:25:48,242 [pool-145-thread-1] INFO  server.RaftServerConfigKeys (ConfUtils.java:logGet(46)) - raft.server.rpc.sleep.time = 25ms (default)
2022-10-04 13:25:48,242 [pool-145-thread-1] INFO  server.RaftServerConfigKeys (ConfUtils.java:logGet(46)) - raft.server.rpc.slowness.timeout = 300s (custom)
2022-10-04 13:25:48,243 [pool-145-thread-1] INFO  server.RaftServerConfigKeys (ConfUtils.java:logGet(46)) - raft.server.leaderelection.leader.step-down.wait-time = 10s (default)
2022-10-04 13:25:48,243 [pool-145-thread-1] INFO  server.RaftServerConfigKeys (ConfUtils.java:logGet(46)) - raft.server.sleep.deviation.threshold = 300ms (default)
2022-10-04 13:25:48,243 [pool-145-thread-1] INFO  server.RaftServer$Division (ServerState.java:<init>(107)) - 8036fef3-52ee-40d8-bc71-c3943af78d41@group-DFB956EFFE94: ConfigurationManager, init=-1: [8036fef3-52ee-40d8-bc71-c3943af78d41|rpc:10.1.1.108:33423|dataStream:|priority:1, c90336e2-d91d-49cc-aa4b-bbf13dfdddb4|rpc:10.1.1.108:44899|dataStream:|priority:0, 53175bfc-7fac-47e0-bbdf-d2c660bed80b|rpc:10.1.1.108:33245|dataStream:|priority:0], old=null, confs=<EMPTY_MAP>
2022-10-04 13:25:48,243 [pool-145-thread-1] INFO  server.RaftServerConfigKeys (ConfUtils.java:logGet(46)) - raft.server.storage.dir = [/home/runner/work/ozone/ozone/hadoop-ozone/integration-test/target/test-dir/MiniOzoneClusterImpl-6e9557d8-a31c-49e5-bba1-8bc95799a8b8/datanode-1/data/ratis] (custom)
2022-10-04 13:25:48,243 [pool-145-thread-1] INFO  server.RaftServerConfigKeys (ConfUtils.java:logGet(46)) - raft.server.log.corruption.policy = EXCEPTION (default)
2022-10-04 13:25:48,243 [pool-145-thread-1] INFO  server.RaftServerConfigKeys (ConfUtils.java:logGet(46)) - raft.server.storage.free-space.min = 0MB (=0) (default)
2022-10-04 13:25:48,243 [pool-145-thread-1] INFO  storage.RaftStorageDirectory (RaftStorageDirectoryImpl.java:analyzeStorage(135)) - The storage directory /home/runner/work/ozone/ozone/hadoop-ozone/integration-test/target/test-dir/MiniOzoneClusterImpl-6e9557d8-a31c-49e5-bba1-8bc95799a8b8/datanode-1/data/ratis/f11c729a-18a8-4e49-bdc7-dfb956effe94 does not exist. Creating ...
2022-10-04 13:25:48,245 [pool-145-thread-1] INFO  storage.RaftStorageDirectory (RaftStorageDirectoryImpl.java:tryLock(230)) - Lock on /home/runner/work/ozone/ozone/hadoop-ozone/integration-test/target/test-dir/MiniOzoneClusterImpl-6e9557d8-a31c-49e5-bba1-8bc95799a8b8/datanode-1/data/ratis/f11c729a-18a8-4e49-bdc7-dfb956effe94/in_use.lock acquired by nodename 42070@fv-az573-645
2022-10-04 13:25:48,246 [pool-145-thread-1] INFO  storage.RaftStorage (RaftStorageImpl.java:format(89)) - Storage directory /home/runner/work/ozone/ozone/hadoop-ozone/integration-test/target/test-dir/MiniOzoneClusterImpl-6e9557d8-a31c-49e5-bba1-8bc95799a8b8/datanode-1/data/ratis/f11c729a-18a8-4e49-bdc7-dfb956effe94 has been successfully formatted.
2022-10-04 13:25:48,247 [pool-145-thread-1] INFO  ratis.ContainerStateMachine (ContainerStateMachine.java:loadSnapshot(236)) - group-DFB956EFFE94: The snapshot info is null. Setting the last applied indexto:(t:0, i:~)
2022-10-04 13:25:48,249 [pool-145-thread-1] INFO  server.RaftServerConfigKeys (ConfUtils.java:logGet(46)) - raft.server.notification.no-leader.timeout = 300s (custom)
2022-10-04 13:25:48,249 [pool-145-thread-1] INFO  server.RaftServerConfigKeys (ConfUtils.java:logGet(46)) - raft.server.log.use.memory = false (default)
2022-10-04 13:25:48,249 [pool-145-thread-1] INFO  server.RaftServerConfigKeys (ConfUtils.java:logGet(46)) - raft.server.log.purge.gap = 1000000 (custom)
2022-10-04 13:25:48,249 [pool-145-thread-1] INFO  server.RaftServerConfigKeys (ConfUtils.java:logGet(46)) - raft.server.log.appender.buffer.byte-limit = 33554432 (custom)
2022-10-04 13:25:48,252 [pool-145-thread-1] INFO  server.RaftServerConfigKeys (ConfUtils.java:logGet(46)) - raft.server.log.statemachine.data.read.timeout = 1000ms (default)
2022-10-04 13:25:48,253 [pool-145-thread-1] INFO  server.RaftServerConfigKeys (ConfUtils.java:logGet(46)) - raft.server.log.segment.size.max = 1048576 (custom)
2022-10-04 13:25:48,253 [pool-145-thread-1] INFO  server.RaftServerConfigKeys (ConfUtils.java:logGet(46)) - raft.server.log.segment.cache.num.max = 2 (custom)
2022-10-04 13:25:48,255 [pool-145-thread-1] INFO  server.RaftServerConfigKeys (ConfUtils.java:logGet(46)) - raft.server.log.segment.cache.size.max = 200MB (=209715200) (default)
2022-10-04 13:25:48,261 [pool-145-thread-1] INFO  segmented.SegmentedRaftLogWorker (SegmentedRaftLogWorker.java:<init>(187)) - new 8036fef3-52ee-40d8-bc71-c3943af78d41@group-DFB956EFFE94-SegmentedRaftLogWorker for RaftStorageImpl:Storage Directory /home/runner/work/ozone/ozone/hadoop-ozone/integration-test/target/test-dir/MiniOzoneClusterImpl-6e9557d8-a31c-49e5-bba1-8bc95799a8b8/datanode-1/data/ratis/f11c729a-18a8-4e49-bdc7-dfb956effe94
2022-10-04 13:25:48,261 [pool-145-thread-1] INFO  server.RaftServerConfigKeys (ConfUtils.java:logGet(46)) - raft.server.log.queue.byte-limit = 4294967296 (custom)
2022-10-04 13:25:48,261 [pool-145-thread-1] INFO  server.RaftServerConfigKeys (ConfUtils.java:logGet(46)) - raft.server.log.queue.element-limit = 1024 (custom)
2022-10-04 13:25:48,261 [pool-145-thread-1] INFO  server.RaftServerConfigKeys (ConfUtils.java:logGet(46)) - raft.server.log.segment.size.max = 1048576 (custom)
2022-10-04 13:25:48,261 [pool-145-thread-1] INFO  server.RaftServerConfigKeys (ConfUtils.java:logGet(46)) - raft.server.log.preallocated.size = 16384 (custom)
2022-10-04 13:25:48,262 [pool-145-thread-1] INFO  server.RaftServerConfigKeys (ConfUtils.java:logGet(46)) - raft.server.log.force.sync.num = 128 (default)
2022-10-04 13:25:48,262 [pool-145-thread-1] INFO  server.RaftServerConfigKeys (ConfUtils.java:logGet(46)) - raft.server.log.statemachine.data.sync = true (default)
2022-10-04 13:25:48,262 [pool-145-thread-1] INFO  server.RaftServerConfigKeys (ConfUtils.java:logGet(46)) - raft.server.log.statemachine.data.sync.timeout = 10s (default)
2022-10-04 13:25:48,262 [pool-145-thread-1] INFO  server.RaftServerConfigKeys (ConfUtils.java:logGet(46)) - raft.server.log.statemachine.data.sync.timeout.retry = -1 (default)
2022-10-04 13:25:48,263 [pool-145-thread-1] INFO  server.RaftServerConfigKeys (ConfUtils.java:logGet(46)) - raft.server.log.write.buffer.size = 1048576 (custom)
2022-10-04 13:25:48,264 [pool-145-thread-1] INFO  server.RaftServerConfigKeys (ConfUtils.java:logGet(46)) - raft.server.log.unsafe-flush.enabled = false (default)
2022-10-04 13:25:48,264 [pool-145-thread-1] INFO  server.RaftServerConfigKeys (ConfUtils.java:logGet(46)) - raft.server.log.statemachine.data.caching.enabled = true (custom)
2022-10-04 13:25:48,265 [pool-145-thread-1] INFO  segmented.SegmentedRaftLogWorker (SegmentedRaftLogWorker.java:lambda$new$0(135)) - 8036fef3-52ee-40d8-bc71-c3943af78d41@group-DFB956EFFE94-SegmentedRaftLogWorker: flushIndex: setUnconditionally 0 -> -1
2022-10-04 13:25:48,265 [pool-145-thread-1] INFO  segmented.SegmentedRaftLogWorker (SegmentedRaftLogWorker.java:lambda$new$0(135)) - 8036fef3-52ee-40d8-bc71-c3943af78d41@group-DFB956EFFE94-SegmentedRaftLogWorker: safeCacheEvictIndex: setUnconditionally 0 -> -1
2022-10-04 13:25:48,270 [pool-145-thread-1] INFO  server.RaftServerConfigKeys (ConfUtils.java:logGet(46)) - raft.server.snapshot.auto.trigger.enabled = true (custom)
2022-10-04 13:25:48,270 [pool-145-thread-1] INFO  server.RaftServerConfigKeys (ConfUtils.java:logGet(46)) - raft.server.snapshot.auto.trigger.threshold = 10000 (custom)
2022-10-04 13:25:48,270 [pool-145-thread-1] INFO  server.RaftServerConfigKeys (ConfUtils.java:logGet(46)) - raft.server.snapshot.retention.file.num = 5 (custom)
2022-10-04 13:25:48,270 [pool-145-thread-1] INFO  server.RaftServerConfigKeys (ConfUtils.java:logGet(46)) - raft.server.log.purge.upto.snapshot.index = false (default)
2022-10-04 13:25:48,270 [pool-145-thread-1] INFO  server.RaftServerConfigKeys (ConfUtils.java:logGet(46)) - raft.server.retrycache.expirytime = 600000ms (custom)
2022-10-04 13:25:48,271 [pool-145-thread-1] INFO  server.RaftServerConfigKeys (ConfUtils.java:logGet(46)) - raft.server.retrycache.statistics.expirytime = 100μs (default)
2022-10-04 13:25:48,273 [pool-145-thread-1] INFO  server.RaftServerConfigKeys (ConfUtils.java:logGet(46)) - raft.server.log.appender.install.snapshot.enabled = false (custom)
2022-10-04 13:25:48,275 [pool-145-thread-1] INFO  server.RaftServerConfigKeys (ConfUtils.java:logGet(46)) - raft.server.threadpool.server.cached = true (default)
2022-10-04 13:25:48,275 [pool-145-thread-1] INFO  server.RaftServerConfigKeys (ConfUtils.java:logGet(46)) - raft.server.threadpool.server.size = 0 (default)
2022-10-04 13:25:48,275 [pool-145-thread-1] INFO  server.RaftServerConfigKeys (ConfUtils.java:logGet(46)) - raft.server.threadpool.client.cached = true (default)
2022-10-04 13:25:48,275 [pool-145-thread-1] INFO  server.RaftServerConfigKeys (ConfUtils.java:logGet(46)) - raft.server.threadpool.client.size = 0 (default)
2022-10-04 13:25:48,275 [pool-145-thread-1] INFO  server.RaftServer$Division (RaftServerImpl.java:start(310)) - 8036fef3-52ee-40d8-bc71-c3943af78d41@group-DFB956EFFE94: start as a follower, conf=-1: [8036fef3-52ee-40d8-bc71-c3943af78d41|rpc:10.1.1.108:33423|dataStream:|priority:1, c90336e2-d91d-49cc-aa4b-bbf13dfdddb4|rpc:10.1.1.108:44899|dataStream:|priority:0, 53175bfc-7fac-47e0-bbdf-d2c660bed80b|rpc:10.1.1.108:33245|dataStream:|priority:0], old=null
2022-10-04 13:25:48,275 [pool-145-thread-1] INFO  server.RaftServer$Division (RaftServerImpl.java:setRole(299)) - 8036fef3-52ee-40d8-bc71-c3943af78d41@group-DFB956EFFE94: changes role from      null to FOLLOWER at term 0 for startAsFollower
2022-10-04 13:25:48,275 [pool-145-thread-1] INFO  impl.RoleInfo (RoleInfo.java:updateAndGet(139)) - 8036fef3-52ee-40d8-bc71-c3943af78d41: start 8036fef3-52ee-40d8-bc71-c3943af78d41@group-DFB956EFFE94-FollowerState
2022-10-04 13:25:48,275 [pool-145-thread-1] INFO  util.JmxRegister (JmxRegister.java:tryRegister(44)) - Successfully registered JMX Bean with object name Ratis:service=RaftServer,group=group-DFB956EFFE94,id=8036fef3-52ee-40d8-bc71-c3943af78d41
2022-10-04 13:25:48,283 [Command processor thread] INFO  commandhandler.CreatePipelineCommandHandler (CreatePipelineCommandHandler.java:handle(113)) - Created Pipeline RATIS THREE PipelineID=f11c729a-18a8-4e49-bdc7-dfb956effe94.
2022-10-04 13:25:48,284 [Command processor thread] INFO  server.RaftServer (RaftServerProxy.java:addNew(96)) - c90336e2-d91d-49cc-aa4b-bbf13dfdddb4: addNew group-9184019B8379:[8036fef3-52ee-40d8-bc71-c3943af78d41|rpc:10.1.1.108:33423|priority:0, c90336e2-d91d-49cc-aa4b-bbf13dfdddb4|rpc:10.1.1.108:44899|priority:1, 53175bfc-7fac-47e0-bbdf-d2c660bed80b|rpc:10.1.1.108:33245|priority:0] returns group-9184019B8379:java.util.concurrent.CompletableFuture@744ada18[Not completed]
2022-10-04 13:25:48,285 [pool-122-thread-1] INFO  server.RaftServer$Division (RaftServerImpl.java:<init>(190)) - c90336e2-d91d-49cc-aa4b-bbf13dfdddb4: new RaftServerImpl for group-9184019B8379:[8036fef3-52ee-40d8-bc71-c3943af78d41|rpc:10.1.1.108:33423|priority:0, c90336e2-d91d-49cc-aa4b-bbf13dfdddb4|rpc:10.1.1.108:44899|priority:1, 53175bfc-7fac-47e0-bbdf-d2c660bed80b|rpc:10.1.1.108:33245|priority:0] with ContainerStateMachine:uninitialized
2022-10-04 13:25:48,285 [pool-122-thread-1] INFO  server.RaftServerConfigKeys (ConfUtils.java:logGet(46)) - raft.server.rpc.timeout.min = 5s (custom)
2022-10-04 13:25:48,285 [pool-122-thread-1] INFO  server.RaftServerConfigKeys (ConfUtils.java:logGet(46)) - raft.server.rpc.timeout.max = 5200ms (custom)
2022-10-04 13:25:48,285 [pool-122-thread-1] INFO  server.RaftServerConfigKeys (ConfUtils.java:logGet(46)) - raft.server.rpc.sleep.time = 25ms (default)
2022-10-04 13:25:48,285 [pool-122-thread-1] INFO  server.RaftServerConfigKeys (ConfUtils.java:logGet(46)) - raft.server.rpc.slowness.timeout = 300s (custom)
2022-10-04 13:25:48,286 [pool-122-thread-1] INFO  server.RaftServerConfigKeys (ConfUtils.java:logGet(46)) - raft.server.leaderelection.leader.step-down.wait-time = 10s (default)
2022-10-04 13:25:48,286 [pool-122-thread-1] INFO  server.RaftServerConfigKeys (ConfUtils.java:logGet(46)) - raft.server.sleep.deviation.threshold = 300ms (default)
2022-10-04 13:25:48,286 [pool-122-thread-1] INFO  server.RaftServer$Division (ServerState.java:<init>(107)) - c90336e2-d91d-49cc-aa4b-bbf13dfdddb4@group-9184019B8379: ConfigurationManager, init=-1: [8036fef3-52ee-40d8-bc71-c3943af78d41|rpc:10.1.1.108:33423|priority:0, c90336e2-d91d-49cc-aa4b-bbf13dfdddb4|rpc:10.1.1.108:44899|priority:1, 53175bfc-7fac-47e0-bbdf-d2c660bed80b|rpc:10.1.1.108:33245|priority:0], old=null, confs=<EMPTY_MAP>
2022-10-04 13:25:48,286 [pool-122-thread-1] INFO  server.RaftServerConfigKeys (ConfUtils.java:logGet(46)) - raft.server.storage.dir = [/home/runner/work/ozone/ozone/hadoop-ozone/integration-test/target/test-dir/MiniOzoneClusterImpl-6e9557d8-a31c-49e5-bba1-8bc95799a8b8/datanode-0/data/ratis] (custom)
2022-10-04 13:25:48,286 [pool-122-thread-1] INFO  server.RaftServerConfigKeys (ConfUtils.java:logGet(46)) - raft.server.log.corruption.policy = EXCEPTION (default)
2022-10-04 13:25:48,286 [pool-122-thread-1] INFO  server.RaftServerConfigKeys (ConfUtils.java:logGet(46)) - raft.server.storage.free-space.min = 0MB (=0) (default)
2022-10-04 13:25:48,286 [pool-122-thread-1] INFO  storage.RaftStorageDirectory (RaftStorageDirectoryImpl.java:analyzeStorage(135)) - The storage directory /home/runner/work/ozone/ozone/hadoop-ozone/integration-test/target/test-dir/MiniOzoneClusterImpl-6e9557d8-a31c-49e5-bba1-8bc95799a8b8/datanode-0/data/ratis/3afe47b4-9ff0-4b96-ab86-9184019b8379 does not exist. Creating ...
2022-10-04 13:25:48,287 [pool-122-thread-1] INFO  storage.RaftStorageDirectory (RaftStorageDirectoryImpl.java:tryLock(230)) - Lock on /home/runner/work/ozone/ozone/hadoop-ozone/integration-test/target/test-dir/MiniOzoneClusterImpl-6e9557d8-a31c-49e5-bba1-8bc95799a8b8/datanode-0/data/ratis/3afe47b4-9ff0-4b96-ab86-9184019b8379/in_use.lock acquired by nodename 42070@fv-az573-645
2022-10-04 13:25:48,289 [pool-122-thread-1] INFO  storage.RaftStorage (RaftStorageImpl.java:format(89)) - Storage directory /home/runner/work/ozone/ozone/hadoop-ozone/integration-test/target/test-dir/MiniOzoneClusterImpl-6e9557d8-a31c-49e5-bba1-8bc95799a8b8/datanode-0/data/ratis/3afe47b4-9ff0-4b96-ab86-9184019b8379 has been successfully formatted.
2022-10-04 13:25:48,290 [pool-122-thread-1] INFO  ratis.ContainerStateMachine (ContainerStateMachine.java:loadSnapshot(236)) - group-9184019B8379: The snapshot info is null. Setting the last applied indexto:(t:0, i:~)
2022-10-04 13:25:48,290 [pool-122-thread-1] INFO  server.RaftServerConfigKeys (ConfUtils.java:logGet(46)) - raft.server.notification.no-leader.timeout = 300s (custom)
2022-10-04 13:25:48,292 [EventQueue-OpenPipelineForHealthyPipelineSafeModeRule] INFO  safemode.SCMSafeModeManager (HealthyPipelineSafeModeRule.java:process(137)) - SCM in safe mode. Healthy pipelines reported count is 0, required healthy pipeline reported count is 1
2022-10-04 13:25:48,295 [pool-122-thread-1] INFO  server.RaftServerConfigKeys (ConfUtils.java:logGet(46)) - raft.server.log.use.memory = false (default)
2022-10-04 13:25:48,295 [pool-122-thread-1] INFO  server.RaftServerConfigKeys (ConfUtils.java:logGet(46)) - raft.server.log.purge.gap = 1000000 (custom)
2022-10-04 13:25:48,295 [pool-122-thread-1] INFO  server.RaftServerConfigKeys (ConfUtils.java:logGet(46)) - raft.server.log.appender.buffer.byte-limit = 33554432 (custom)
2022-10-04 13:25:48,295 [pool-122-thread-1] INFO  server.RaftServerConfigKeys (ConfUtils.java:logGet(46)) - raft.server.log.statemachine.data.read.timeout = 1000ms (default)
2022-10-04 13:25:48,295 [pool-122-thread-1] INFO  server.RaftServerConfigKeys (ConfUtils.java:logGet(46)) - raft.server.log.segment.size.max = 1048576 (custom)
2022-10-04 13:25:48,296 [pool-122-thread-1] INFO  server.RaftServerConfigKeys (ConfUtils.java:logGet(46)) - raft.server.log.segment.cache.num.max = 2 (custom)
2022-10-04 13:25:48,296 [pool-122-thread-1] INFO  server.RaftServerConfigKeys (ConfUtils.java:logGet(46)) - raft.server.log.segment.cache.size.max = 200MB (=209715200) (default)
2022-10-04 13:25:48,296 [pool-122-thread-1] INFO  segmented.SegmentedRaftLogWorker (SegmentedRaftLogWorker.java:<init>(187)) - new c90336e2-d91d-49cc-aa4b-bbf13dfdddb4@group-9184019B8379-SegmentedRaftLogWorker for RaftStorageImpl:Storage Directory /home/runner/work/ozone/ozone/hadoop-ozone/integration-test/target/test-dir/MiniOzoneClusterImpl-6e9557d8-a31c-49e5-bba1-8bc95799a8b8/datanode-0/data/ratis/3afe47b4-9ff0-4b96-ab86-9184019b8379
2022-10-04 13:25:48,296 [pool-122-thread-1] INFO  server.RaftServerConfigKeys (ConfUtils.java:logGet(46)) - raft.server.log.queue.byte-limit = 4294967296 (custom)
2022-10-04 13:25:48,296 [pool-122-thread-1] INFO  server.RaftServerConfigKeys (ConfUtils.java:logGet(46)) - raft.server.log.queue.element-limit = 1024 (custom)
2022-10-04 13:25:48,296 [pool-122-thread-1] INFO  server.RaftServerConfigKeys (ConfUtils.java:logGet(46)) - raft.server.log.segment.size.max = 1048576 (custom)
2022-10-04 13:25:48,296 [pool-122-thread-1] INFO  server.RaftServerConfigKeys (ConfUtils.java:logGet(46)) - raft.server.log.preallocated.size = 16384 (custom)
2022-10-04 13:25:48,296 [pool-122-thread-1] INFO  server.RaftServerConfigKeys (ConfUtils.java:logGet(46)) - raft.server.log.force.sync.num = 128 (default)
2022-10-04 13:25:48,296 [pool-122-thread-1] INFO  server.RaftServerConfigKeys (ConfUtils.java:logGet(46)) - raft.server.log.statemachine.data.sync = true (default)
2022-10-04 13:25:48,296 [pool-122-thread-1] INFO  server.RaftServerConfigKeys (ConfUtils.java:logGet(46)) - raft.server.log.statemachine.data.sync.timeout = 10s (default)
2022-10-04 13:25:48,296 [pool-122-thread-1] INFO  server.RaftServerConfigKeys (ConfUtils.java:logGet(46)) - raft.server.log.statemachine.data.sync.timeout.retry = -1 (default)
2022-10-04 13:25:48,297 [pool-122-thread-1] INFO  server.RaftServerConfigKeys (ConfUtils.java:logGet(46)) - raft.server.log.write.buffer.size = 1048576 (custom)
2022-10-04 13:25:48,298 [pool-122-thread-1] INFO  server.RaftServerConfigKeys (ConfUtils.java:logGet(46)) - raft.server.log.unsafe-flush.enabled = false (default)
2022-10-04 13:25:48,298 [pool-122-thread-1] INFO  server.RaftServerConfigKeys (ConfUtils.java:logGet(46)) - raft.server.log.statemachine.data.caching.enabled = true (custom)
2022-10-04 13:25:48,298 [pool-122-thread-1] INFO  segmented.SegmentedRaftLogWorker (SegmentedRaftLogWorker.java:lambda$new$0(135)) - c90336e2-d91d-49cc-aa4b-bbf13dfdddb4@group-9184019B8379-SegmentedRaftLogWorker: flushIndex: setUnconditionally 0 -> -1
2022-10-04 13:25:48,298 [pool-122-thread-1] INFO  segmented.SegmentedRaftLogWorker (SegmentedRaftLogWorker.java:lambda$new$0(135)) - c90336e2-d91d-49cc-aa4b-bbf13dfdddb4@group-9184019B8379-SegmentedRaftLogWorker: safeCacheEvictIndex: setUnconditionally 0 -> -1
2022-10-04 13:25:48,298 [pool-122-thread-1] INFO  server.RaftServerConfigKeys (ConfUtils.java:logGet(46)) - raft.server.snapshot.auto.trigger.enabled = true (custom)
2022-10-04 13:25:48,298 [pool-122-thread-1] INFO  server.RaftServerConfigKeys (ConfUtils.java:logGet(46)) - raft.server.snapshot.auto.trigger.threshold = 10000 (custom)
2022-10-04 13:25:48,298 [pool-122-thread-1] INFO  server.RaftServerConfigKeys (ConfUtils.java:logGet(46)) - raft.server.snapshot.retention.file.num = 5 (custom)
2022-10-04 13:25:48,298 [pool-122-thread-1] INFO  server.RaftServerConfigKeys (ConfUtils.java:logGet(46)) - raft.server.log.purge.upto.snapshot.index = false (default)
2022-10-04 13:25:48,299 [pool-122-thread-1] INFO  server.RaftServerConfigKeys (ConfUtils.java:logGet(46)) - raft.server.retrycache.expirytime = 600000ms (custom)
2022-10-04 13:25:48,299 [pool-122-thread-1] INFO  server.RaftServerConfigKeys (ConfUtils.java:logGet(46)) - raft.server.retrycache.statistics.expirytime = 100μs (default)
2022-10-04 13:25:48,301 [pool-122-thread-1] INFO  server.RaftServerConfigKeys (ConfUtils.java:logGet(46)) - raft.server.log.appender.install.snapshot.enabled = false (custom)
2022-10-04 13:25:48,301 [pool-122-thread-1] INFO  server.RaftServerConfigKeys (ConfUtils.java:logGet(46)) - raft.server.threadpool.server.cached = true (default)
2022-10-04 13:25:48,301 [pool-122-thread-1] INFO  server.RaftServerConfigKeys (ConfUtils.java:logGet(46)) - raft.server.threadpool.server.size = 0 (default)
2022-10-04 13:25:48,301 [pool-122-thread-1] INFO  server.RaftServerConfigKeys (ConfUtils.java:logGet(46)) - raft.server.threadpool.client.cached = true (default)
2022-10-04 13:25:48,301 [pool-122-thread-1] INFO  server.RaftServerConfigKeys (ConfUtils.java:logGet(46)) - raft.server.threadpool.client.size = 0 (default)
2022-10-04 13:25:48,301 [pool-122-thread-1] INFO  server.RaftServer$Division (RaftServerImpl.java:start(310)) - c90336e2-d91d-49cc-aa4b-bbf13dfdddb4@group-9184019B8379: start as a follower, conf=-1: [8036fef3-52ee-40d8-bc71-c3943af78d41|rpc:10.1.1.108:33423|priority:0, c90336e2-d91d-49cc-aa4b-bbf13dfdddb4|rpc:10.1.1.108:44899|priority:1, 53175bfc-7fac-47e0-bbdf-d2c660bed80b|rpc:10.1.1.108:33245|priority:0], old=null
2022-10-04 13:25:48,302 [pool-122-thread-1] INFO  server.RaftServer$Division (RaftServerImpl.java:setRole(299)) - c90336e2-d91d-49cc-aa4b-bbf13dfdddb4@group-9184019B8379: changes role from      null to FOLLOWER at term 0 for startAsFollower
2022-10-04 13:25:48,302 [pool-122-thread-1] INFO  impl.RoleInfo (RoleInfo.java:updateAndGet(139)) - c90336e2-d91d-49cc-aa4b-bbf13dfdddb4: start c90336e2-d91d-49cc-aa4b-bbf13dfdddb4@group-9184019B8379-FollowerState
2022-10-04 13:25:48,302 [pool-122-thread-1] INFO  util.JmxRegister (JmxRegister.java:tryRegister(44)) - Successfully registered JMX Bean with object name Ratis:service=RaftServer,group=group-9184019B8379,id=c90336e2-d91d-49cc-aa4b-bbf13dfdddb4
2022-10-04 13:25:48,303 [Command processor thread] INFO  ratis.XceiverServerRatis (XceiverServerRatis.java:addGroup(765)) - Created group PipelineID=3afe47b4-9ff0-4b96-ab86-9184019b8379
2022-10-04 13:25:48,313 [grpc-default-executor-0] INFO  server.RaftServer (RaftServerProxy.java:addNew(96)) - 8036fef3-52ee-40d8-bc71-c3943af78d41: addNew group-9184019B8379:[8036fef3-52ee-40d8-bc71-c3943af78d41|rpc:10.1.1.108:33423|dataStream:|priority:0, c90336e2-d91d-49cc-aa4b-bbf13dfdddb4|rpc:10.1.1.108:44899|dataStream:|priority:1, 53175bfc-7fac-47e0-bbdf-d2c660bed80b|rpc:10.1.1.108:33245|dataStream:|priority:0] returns group-9184019B8379:java.util.concurrent.CompletableFuture@6eff8637[Not completed]
2022-10-04 13:25:48,315 [pool-145-thread-1] INFO  server.RaftServer$Division (RaftServerImpl.java:<init>(190)) - 8036fef3-52ee-40d8-bc71-c3943af78d41: new RaftServerImpl for group-9184019B8379:[8036fef3-52ee-40d8-bc71-c3943af78d41|rpc:10.1.1.108:33423|dataStream:|priority:0, c90336e2-d91d-49cc-aa4b-bbf13dfdddb4|rpc:10.1.1.108:44899|dataStream:|priority:1, 53175bfc-7fac-47e0-bbdf-d2c660bed80b|rpc:10.1.1.108:33245|dataStream:|priority:0] with ContainerStateMachine:uninitialized
2022-10-04 13:25:48,315 [pool-145-thread-1] INFO  server.RaftServerConfigKeys (ConfUtils.java:logGet(46)) - raft.server.rpc.timeout.min = 5s (custom)
2022-10-04 13:25:48,315 [pool-145-thread-1] INFO  server.RaftServerConfigKeys (ConfUtils.java:logGet(46)) - raft.server.rpc.timeout.max = 5200ms (custom)
2022-10-04 13:25:48,315 [pool-145-thread-1] INFO  server.RaftServerConfigKeys (ConfUtils.java:logGet(46)) - raft.server.rpc.sleep.time = 25ms (default)
2022-10-04 13:25:48,315 [pool-145-thread-1] INFO  server.RaftServerConfigKeys (ConfUtils.java:logGet(46)) - raft.server.rpc.slowness.timeout = 300s (custom)
2022-10-04 13:25:48,315 [pool-145-thread-1] INFO  server.RaftServerConfigKeys (ConfUtils.java:logGet(46)) - raft.server.leaderelection.leader.step-down.wait-time = 10s (default)
2022-10-04 13:25:48,315 [pool-145-thread-1] INFO  server.RaftServerConfigKeys (ConfUtils.java:logGet(46)) - raft.server.sleep.deviation.threshold = 300ms (default)
2022-10-04 13:25:48,315 [pool-145-thread-1] INFO  server.RaftServer$Division (ServerState.java:<init>(107)) - 8036fef3-52ee-40d8-bc71-c3943af78d41@group-9184019B8379: ConfigurationManager, init=-1: [8036fef3-52ee-40d8-bc71-c3943af78d41|rpc:10.1.1.108:33423|dataStream:|priority:0, c90336e2-d91d-49cc-aa4b-bbf13dfdddb4|rpc:10.1.1.108:44899|dataStream:|priority:1, 53175bfc-7fac-47e0-bbdf-d2c660bed80b|rpc:10.1.1.108:33245|dataStream:|priority:0], old=null, confs=<EMPTY_MAP>
2022-10-04 13:25:48,315 [pool-145-thread-1] INFO  server.RaftServerConfigKeys (ConfUtils.java:logGet(46)) - raft.server.storage.dir = [/home/runner/work/ozone/ozone/hadoop-ozone/integration-test/target/test-dir/MiniOzoneClusterImpl-6e9557d8-a31c-49e5-bba1-8bc95799a8b8/datanode-1/data/ratis] (custom)
2022-10-04 13:25:48,316 [pool-145-thread-1] INFO  server.RaftServerConfigKeys (ConfUtils.java:logGet(46)) - raft.server.log.corruption.policy = EXCEPTION (default)
2022-10-04 13:25:48,316 [pool-145-thread-1] INFO  server.RaftServerConfigKeys (ConfUtils.java:logGet(46)) - raft.server.storage.free-space.min = 0MB (=0) (default)
2022-10-04 13:25:48,316 [pool-145-thread-1] INFO  storage.RaftStorageDirectory (RaftStorageDirectoryImpl.java:analyzeStorage(135)) - The storage directory /home/runner/work/ozone/ozone/hadoop-ozone/integration-test/target/test-dir/MiniOzoneClusterImpl-6e9557d8-a31c-49e5-bba1-8bc95799a8b8/datanode-1/data/ratis/3afe47b4-9ff0-4b96-ab86-9184019b8379 does not exist. Creating ...
2022-10-04 13:25:48,317 [pool-145-thread-1] INFO  storage.RaftStorageDirectory (RaftStorageDirectoryImpl.java:tryLock(230)) - Lock on /home/runner/work/ozone/ozone/hadoop-ozone/integration-test/target/test-dir/MiniOzoneClusterImpl-6e9557d8-a31c-49e5-bba1-8bc95799a8b8/datanode-1/data/ratis/3afe47b4-9ff0-4b96-ab86-9184019b8379/in_use.lock acquired by nodename 42070@fv-az573-645
2022-10-04 13:25:48,319 [pool-145-thread-1] INFO  storage.RaftStorage (RaftStorageImpl.java:format(89)) - Storage directory /home/runner/work/ozone/ozone/hadoop-ozone/integration-test/target/test-dir/MiniOzoneClusterImpl-6e9557d8-a31c-49e5-bba1-8bc95799a8b8/datanode-1/data/ratis/3afe47b4-9ff0-4b96-ab86-9184019b8379 has been successfully formatted.
2022-10-04 13:25:48,320 [pool-145-thread-1] INFO  ratis.ContainerStateMachine (ContainerStateMachine.java:loadSnapshot(236)) - group-9184019B8379: The snapshot info is null. Setting the last applied indexto:(t:0, i:~)
2022-10-04 13:25:48,322 [pool-145-thread-1] INFO  server.RaftServerConfigKeys (ConfUtils.java:logGet(46)) - raft.server.notification.no-leader.timeout = 300s (custom)
2022-10-04 13:25:48,322 [pool-145-thread-1] INFO  server.RaftServerConfigKeys (ConfUtils.java:logGet(46)) - raft.server.log.use.memory = false (default)
2022-10-04 13:25:48,322 [pool-145-thread-1] INFO  server.RaftServerConfigKeys (ConfUtils.java:logGet(46)) - raft.server.log.purge.gap = 1000000 (custom)
2022-10-04 13:25:48,322 [pool-145-thread-1] INFO  server.RaftServerConfigKeys (ConfUtils.java:logGet(46)) - raft.server.log.appender.buffer.byte-limit = 33554432 (custom)
2022-10-04 13:25:48,322 [pool-145-thread-1] INFO  server.RaftServerConfigKeys (ConfUtils.java:logGet(46)) - raft.server.log.statemachine.data.read.timeout = 1000ms (default)
2022-10-04 13:25:48,322 [pool-145-thread-1] INFO  server.RaftServerConfigKeys (ConfUtils.java:logGet(46)) - raft.server.log.segment.size.max = 1048576 (custom)
2022-10-04 13:25:48,323 [pool-145-thread-1] INFO  server.RaftServerConfigKeys (ConfUtils.java:logGet(46)) - raft.server.log.segment.cache.num.max = 2 (custom)
2022-10-04 13:25:48,323 [pool-145-thread-1] INFO  server.RaftServerConfigKeys (ConfUtils.java:logGet(46)) - raft.server.log.segment.cache.size.max = 200MB (=209715200) (default)
2022-10-04 13:25:48,323 [pool-145-thread-1] INFO  segmented.SegmentedRaftLogWorker (SegmentedRaftLogWorker.java:<init>(187)) - new 8036fef3-52ee-40d8-bc71-c3943af78d41@group-9184019B8379-SegmentedRaftLogWorker for RaftStorageImpl:Storage Directory /home/runner/work/ozone/ozone/hadoop-ozone/integration-test/target/test-dir/MiniOzoneClusterImpl-6e9557d8-a31c-49e5-bba1-8bc95799a8b8/datanode-1/data/ratis/3afe47b4-9ff0-4b96-ab86-9184019b8379
2022-10-04 13:25:48,323 [pool-145-thread-1] INFO  server.RaftServerConfigKeys (ConfUtils.java:logGet(46)) - raft.server.log.queue.byte-limit = 4294967296 (custom)
2022-10-04 13:25:48,323 [pool-145-thread-1] INFO  server.RaftServerConfigKeys (ConfUtils.java:logGet(46)) - raft.server.log.queue.element-limit = 1024 (custom)
2022-10-04 13:25:48,323 [pool-145-thread-1] INFO  server.RaftServerConfigKeys (ConfUtils.java:logGet(46)) - raft.server.log.segment.size.max = 1048576 (custom)
2022-10-04 13:25:48,323 [pool-145-thread-1] INFO  server.RaftServerConfigKeys (ConfUtils.java:logGet(46)) - raft.server.log.preallocated.size = 16384 (custom)
2022-10-04 13:25:48,323 [pool-145-thread-1] INFO  server.RaftServerConfigKeys (ConfUtils.java:logGet(46)) - raft.server.log.force.sync.num = 128 (default)
2022-10-04 13:25:48,323 [pool-145-thread-1] INFO  server.RaftServerConfigKeys (ConfUtils.java:logGet(46)) - raft.server.log.statemachine.data.sync = true (default)
2022-10-04 13:25:48,323 [pool-145-thread-1] INFO  server.RaftServerConfigKeys (ConfUtils.java:logGet(46)) - raft.server.log.statemachine.data.sync.timeout = 10s (default)
2022-10-04 13:25:48,323 [pool-145-thread-1] INFO  server.RaftServerConfigKeys (ConfUtils.java:logGet(46)) - raft.server.log.statemachine.data.sync.timeout.retry = -1 (default)
2022-10-04 13:25:48,324 [pool-145-thread-1] INFO  server.RaftServerConfigKeys (ConfUtils.java:logGet(46)) - raft.server.log.write.buffer.size = 1048576 (custom)
2022-10-04 13:25:48,325 [pool-145-thread-1] INFO  server.RaftServerConfigKeys (ConfUtils.java:logGet(46)) - raft.server.log.unsafe-flush.enabled = false (default)
2022-10-04 13:25:48,325 [pool-145-thread-1] INFO  server.RaftServerConfigKeys (ConfUtils.java:logGet(46)) - raft.server.log.statemachine.data.caching.enabled = true (custom)
2022-10-04 13:25:48,325 [pool-145-thread-1] INFO  segmented.SegmentedRaftLogWorker (SegmentedRaftLogWorker.java:lambda$new$0(135)) - 8036fef3-52ee-40d8-bc71-c3943af78d41@group-9184019B8379-SegmentedRaftLogWorker: flushIndex: setUnconditionally 0 -> -1
2022-10-04 13:25:48,325 [pool-145-thread-1] INFO  segmented.SegmentedRaftLogWorker (SegmentedRaftLogWorker.java:lambda$new$0(135)) - 8036fef3-52ee-40d8-bc71-c3943af78d41@group-9184019B8379-SegmentedRaftLogWorker: safeCacheEvictIndex: setUnconditionally 0 -> -1
2022-10-04 13:25:48,326 [pool-145-thread-1] INFO  server.RaftServerConfigKeys (ConfUtils.java:logGet(46)) - raft.server.snapshot.auto.trigger.enabled = true (custom)
2022-10-04 13:25:48,326 [pool-145-thread-1] INFO  server.RaftServerConfigKeys (ConfUtils.java:logGet(46)) - raft.server.snapshot.auto.trigger.threshold = 10000 (custom)
2022-10-04 13:25:48,326 [pool-145-thread-1] INFO  server.RaftServerConfigKeys (ConfUtils.java:logGet(46)) - raft.server.snapshot.retention.file.num = 5 (custom)
2022-10-04 13:25:48,326 [pool-145-thread-1] INFO  server.RaftServerConfigKeys (ConfUtils.java:logGet(46)) - raft.server.log.purge.upto.snapshot.index = false (default)
2022-10-04 13:25:48,326 [pool-145-thread-1] INFO  server.RaftServerConfigKeys (ConfUtils.java:logGet(46)) - raft.server.retrycache.expirytime = 600000ms (custom)
2022-10-04 13:25:48,326 [pool-145-thread-1] INFO  server.RaftServerConfigKeys (ConfUtils.java:logGet(46)) - raft.server.retrycache.statistics.expirytime = 100μs (default)
2022-10-04 13:25:48,327 [pool-145-thread-1] INFO  server.RaftServerConfigKeys (ConfUtils.java:logGet(46)) - raft.server.log.appender.install.snapshot.enabled = false (custom)
2022-10-04 13:25:48,327 [pool-145-thread-1] INFO  server.RaftServerConfigKeys (ConfUtils.java:logGet(46)) - raft.server.threadpool.server.cached = true (default)
2022-10-04 13:25:48,327 [pool-145-thread-1] INFO  server.RaftServerConfigKeys (ConfUtils.java:logGet(46)) - raft.server.threadpool.server.size = 0 (default)
2022-10-04 13:25:48,327 [pool-145-thread-1] INFO  server.RaftServerConfigKeys (ConfUtils.java:logGet(46)) - raft.server.threadpool.client.cached = true (default)
2022-10-04 13:25:48,327 [pool-145-thread-1] INFO  server.RaftServerConfigKeys (ConfUtils.java:logGet(46)) - raft.server.threadpool.client.size = 0 (default)
2022-10-04 13:25:48,328 [pool-145-thread-1] INFO  server.RaftServer$Division (RaftServerImpl.java:start(310)) - 8036fef3-52ee-40d8-bc71-c3943af78d41@group-9184019B8379: start as a follower, conf=-1: [8036fef3-52ee-40d8-bc71-c3943af78d41|rpc:10.1.1.108:33423|dataStream:|priority:0, c90336e2-d91d-49cc-aa4b-bbf13dfdddb4|rpc:10.1.1.108:44899|dataStream:|priority:1, 53175bfc-7fac-47e0-bbdf-d2c660bed80b|rpc:10.1.1.108:33245|dataStream:|priority:0], old=null
2022-10-04 13:25:48,328 [pool-145-thread-1] INFO  server.RaftServer$Division (RaftServerImpl.java:setRole(299)) - 8036fef3-52ee-40d8-bc71-c3943af78d41@group-9184019B8379: changes role from      null to FOLLOWER at term 0 for startAsFollower
2022-10-04 13:25:48,328 [pool-145-thread-1] INFO  impl.RoleInfo (RoleInfo.java:updateAndGet(139)) - 8036fef3-52ee-40d8-bc71-c3943af78d41: start 8036fef3-52ee-40d8-bc71-c3943af78d41@group-9184019B8379-FollowerState
2022-10-04 13:25:48,328 [pool-145-thread-1] INFO  util.JmxRegister (JmxRegister.java:tryRegister(44)) - Successfully registered JMX Bean with object name Ratis:service=RaftServer,group=group-9184019B8379,id=8036fef3-52ee-40d8-bc71-c3943af78d41
2022-10-04 13:25:48,354 [grpc-default-executor-0] INFO  server.RaftServer (RaftServerProxy.java:addNew(96)) - 53175bfc-7fac-47e0-bbdf-d2c660bed80b: addNew group-9184019B8379:[8036fef3-52ee-40d8-bc71-c3943af78d41|rpc:10.1.1.108:33423|dataStream:|priority:0, c90336e2-d91d-49cc-aa4b-bbf13dfdddb4|rpc:10.1.1.108:44899|dataStream:|priority:1, 53175bfc-7fac-47e0-bbdf-d2c660bed80b|rpc:10.1.1.108:33245|dataStream:|priority:0] returns group-9184019B8379:java.util.concurrent.CompletableFuture@2a2c70e7[Not completed]
2022-10-04 13:25:48,356 [pool-168-thread-1] INFO  server.RaftServer$Division (RaftServerImpl.java:<init>(190)) - 53175bfc-7fac-47e0-bbdf-d2c660bed80b: new RaftServerImpl for group-9184019B8379:[8036fef3-52ee-40d8-bc71-c3943af78d41|rpc:10.1.1.108:33423|dataStream:|priority:0, c90336e2-d91d-49cc-aa4b-bbf13dfdddb4|rpc:10.1.1.108:44899|dataStream:|priority:1, 53175bfc-7fac-47e0-bbdf-d2c660bed80b|rpc:10.1.1.108:33245|dataStream:|priority:0] with ContainerStateMachine:uninitialized
2022-10-04 13:25:48,356 [pool-168-thread-1] INFO  server.RaftServerConfigKeys (ConfUtils.java:logGet(46)) - raft.server.rpc.timeout.min = 5s (custom)
2022-10-04 13:25:48,356 [pool-168-thread-1] INFO  server.RaftServerConfigKeys (ConfUtils.java:logGet(46)) - raft.server.rpc.timeout.max = 5200ms (custom)
2022-10-04 13:25:48,356 [pool-168-thread-1] INFO  server.RaftServerConfigKeys (ConfUtils.java:logGet(46)) - raft.server.rpc.sleep.time = 25ms (default)
2022-10-04 13:25:48,356 [pool-168-thread-1] INFO  server.RaftServerConfigKeys (ConfUtils.java:logGet(46)) - raft.server.rpc.slowness.timeout = 300s (custom)
2022-10-04 13:25:48,356 [pool-168-thread-1] INFO  server.RaftServerConfigKeys (ConfUtils.java:logGet(46)) - raft.server.leaderelection.leader.step-down.wait-time = 10s (default)
2022-10-04 13:25:48,356 [pool-168-thread-1] INFO  server.RaftServerConfigKeys (ConfUtils.java:logGet(46)) - raft.server.sleep.deviation.threshold = 300ms (default)
2022-10-04 13:25:48,357 [pool-168-thread-1] INFO  server.RaftServer$Division (ServerState.java:<init>(107)) - 53175bfc-7fac-47e0-bbdf-d2c660bed80b@group-9184019B8379: ConfigurationManager, init=-1: [8036fef3-52ee-40d8-bc71-c3943af78d41|rpc:10.1.1.108:33423|dataStream:|priority:0, c90336e2-d91d-49cc-aa4b-bbf13dfdddb4|rpc:10.1.1.108:44899|dataStream:|priority:1, 53175bfc-7fac-47e0-bbdf-d2c660bed80b|rpc:10.1.1.108:33245|dataStream:|priority:0], old=null, confs=<EMPTY_MAP>
2022-10-04 13:25:48,357 [pool-168-thread-1] INFO  server.RaftServerConfigKeys (ConfUtils.java:logGet(46)) - raft.server.storage.dir = [/home/runner/work/ozone/ozone/hadoop-ozone/integration-test/target/test-dir/MiniOzoneClusterImpl-6e9557d8-a31c-49e5-bba1-8bc95799a8b8/datanode-2/data/ratis] (custom)
2022-10-04 13:25:48,357 [pool-168-thread-1] INFO  server.RaftServerConfigKeys (ConfUtils.java:logGet(46)) - raft.server.log.corruption.policy = EXCEPTION (default)
2022-10-04 13:25:48,357 [pool-168-thread-1] INFO  server.RaftServerConfigKeys (ConfUtils.java:logGet(46)) - raft.server.storage.free-space.min = 0MB (=0) (default)
2022-10-04 13:25:48,357 [pool-168-thread-1] INFO  storage.RaftStorageDirectory (RaftStorageDirectoryImpl.java:analyzeStorage(135)) - The storage directory /home/runner/work/ozone/ozone/hadoop-ozone/integration-test/target/test-dir/MiniOzoneClusterImpl-6e9557d8-a31c-49e5-bba1-8bc95799a8b8/datanode-2/data/ratis/3afe47b4-9ff0-4b96-ab86-9184019b8379 does not exist. Creating ...
2022-10-04 13:25:48,361 [pool-168-thread-1] INFO  storage.RaftStorageDirectory (RaftStorageDirectoryImpl.java:tryLock(230)) - Lock on /home/runner/work/ozone/ozone/hadoop-ozone/integration-test/target/test-dir/MiniOzoneClusterImpl-6e9557d8-a31c-49e5-bba1-8bc95799a8b8/datanode-2/data/ratis/3afe47b4-9ff0-4b96-ab86-9184019b8379/in_use.lock acquired by nodename 42070@fv-az573-645
2022-10-04 13:25:48,362 [pool-168-thread-1] INFO  storage.RaftStorage (RaftStorageImpl.java:format(89)) - Storage directory /home/runner/work/ozone/ozone/hadoop-ozone/integration-test/target/test-dir/MiniOzoneClusterImpl-6e9557d8-a31c-49e5-bba1-8bc95799a8b8/datanode-2/data/ratis/3afe47b4-9ff0-4b96-ab86-9184019b8379 has been successfully formatted.
2022-10-04 13:25:48,362 [pool-168-thread-1] INFO  ratis.ContainerStateMachine (ContainerStateMachine.java:loadSnapshot(236)) - group-9184019B8379: The snapshot info is null. Setting the last applied indexto:(t:0, i:~)
2022-10-04 13:25:48,363 [pool-168-thread-1] INFO  server.RaftServerConfigKeys (ConfUtils.java:logGet(46)) - raft.server.notification.no-leader.timeout = 300s (custom)
2022-10-04 13:25:48,363 [pool-168-thread-1] INFO  server.RaftServerConfigKeys (ConfUtils.java:logGet(46)) - raft.server.log.use.memory = false (default)
2022-10-04 13:25:48,363 [pool-168-thread-1] INFO  server.RaftServerConfigKeys (ConfUtils.java:logGet(46)) - raft.server.log.purge.gap = 1000000 (custom)
2022-10-04 13:25:48,363 [pool-168-thread-1] INFO  server.RaftServerConfigKeys (ConfUtils.java:logGet(46)) - raft.server.log.appender.buffer.byte-limit = 33554432 (custom)
2022-10-04 13:25:48,363 [pool-168-thread-1] INFO  server.RaftServerConfigKeys (ConfUtils.java:logGet(46)) - raft.server.log.statemachine.data.read.timeout = 1000ms (default)
2022-10-04 13:25:48,364 [pool-168-thread-1] INFO  server.RaftServerConfigKeys (ConfUtils.java:logGet(46)) - raft.server.log.segment.size.max = 1048576 (custom)
2022-10-04 13:25:48,365 [pool-168-thread-1] INFO  server.RaftServerConfigKeys (ConfUtils.java:logGet(46)) - raft.server.log.segment.cache.num.max = 2 (custom)
2022-10-04 13:25:48,365 [pool-168-thread-1] INFO  server.RaftServerConfigKeys (ConfUtils.java:logGet(46)) - raft.server.log.segment.cache.size.max = 200MB (=209715200) (default)
2022-10-04 13:25:48,365 [pool-168-thread-1] INFO  segmented.SegmentedRaftLogWorker (SegmentedRaftLogWorker.java:<init>(187)) - new 53175bfc-7fac-47e0-bbdf-d2c660bed80b@group-9184019B8379-SegmentedRaftLogWorker for RaftStorageImpl:Storage Directory /home/runner/work/ozone/ozone/hadoop-ozone/integration-test/target/test-dir/MiniOzoneClusterImpl-6e9557d8-a31c-49e5-bba1-8bc95799a8b8/datanode-2/data/ratis/3afe47b4-9ff0-4b96-ab86-9184019b8379
2022-10-04 13:25:48,365 [pool-168-thread-1] INFO  server.RaftServerConfigKeys (ConfUtils.java:logGet(46)) - raft.server.log.queue.byte-limit = 4294967296 (custom)
2022-10-04 13:25:48,365 [pool-168-thread-1] INFO  server.RaftServerConfigKeys (ConfUtils.java:logGet(46)) - raft.server.log.queue.element-limit = 1024 (custom)
2022-10-04 13:25:48,366 [pool-168-thread-1] INFO  server.RaftServerConfigKeys (ConfUtils.java:logGet(46)) - raft.server.log.segment.size.max = 1048576 (custom)
2022-10-04 13:25:48,366 [pool-168-thread-1] INFO  server.RaftServerConfigKeys (ConfUtils.java:logGet(46)) - raft.server.log.preallocated.size = 16384 (custom)
2022-10-04 13:25:48,366 [pool-168-thread-1] INFO  server.RaftServerConfigKeys (ConfUtils.java:logGet(46)) - raft.server.log.force.sync.num = 128 (default)
2022-10-04 13:25:48,366 [pool-168-thread-1] INFO  server.RaftServerConfigKeys (ConfUtils.java:logGet(46)) - raft.server.log.statemachine.data.sync = true (default)
2022-10-04 13:25:48,366 [pool-168-thread-1] INFO  server.RaftServerConfigKeys (ConfUtils.java:logGet(46)) - raft.server.log.statemachine.data.sync.timeout = 10s (default)
2022-10-04 13:25:48,366 [pool-168-thread-1] INFO  server.RaftServerConfigKeys (ConfUtils.java:logGet(46)) - raft.server.log.statemachine.data.sync.timeout.retry = -1 (default)
2022-10-04 13:25:48,367 [pool-168-thread-1] INFO  server.RaftServerConfigKeys (ConfUtils.java:logGet(46)) - raft.server.log.write.buffer.size = 1048576 (custom)
2022-10-04 13:25:48,367 [pool-168-thread-1] INFO  server.RaftServerConfigKeys (ConfUtils.java:logGet(46)) - raft.server.log.unsafe-flush.enabled = false (default)
2022-10-04 13:25:48,367 [pool-168-thread-1] INFO  server.RaftServerConfigKeys (ConfUtils.java:logGet(46)) - raft.server.log.statemachine.data.caching.enabled = true (custom)
2022-10-04 13:25:48,367 [pool-168-thread-1] INFO  segmented.SegmentedRaftLogWorker (SegmentedRaftLogWorker.java:lambda$new$0(135)) - 53175bfc-7fac-47e0-bbdf-d2c660bed80b@group-9184019B8379-SegmentedRaftLogWorker: flushIndex: setUnconditionally 0 -> -1
2022-10-04 13:25:48,368 [pool-168-thread-1] INFO  segmented.SegmentedRaftLogWorker (SegmentedRaftLogWorker.java:lambda$new$0(135)) - 53175bfc-7fac-47e0-bbdf-d2c660bed80b@group-9184019B8379-SegmentedRaftLogWorker: safeCacheEvictIndex: setUnconditionally 0 -> -1
2022-10-04 13:25:48,372 [pool-168-thread-1] INFO  server.RaftServerConfigKeys (ConfUtils.java:logGet(46)) - raft.server.snapshot.auto.trigger.enabled = true (custom)
2022-10-04 13:25:48,372 [pool-168-thread-1] INFO  server.RaftServerConfigKeys (ConfUtils.java:logGet(46)) - raft.server.snapshot.auto.trigger.threshold = 10000 (custom)
2022-10-04 13:25:48,372 [pool-168-thread-1] INFO  server.RaftServerConfigKeys (ConfUtils.java:logGet(46)) - raft.server.snapshot.retention.file.num = 5 (custom)
2022-10-04 13:25:48,372 [pool-168-thread-1] INFO  server.RaftServerConfigKeys (ConfUtils.java:logGet(46)) - raft.server.log.purge.upto.snapshot.index = false (default)
2022-10-04 13:25:48,373 [pool-168-thread-1] INFO  server.RaftServerConfigKeys (ConfUtils.java:logGet(46)) - raft.server.retrycache.expirytime = 600000ms (custom)
2022-10-04 13:25:48,373 [pool-168-thread-1] INFO  server.RaftServerConfigKeys (ConfUtils.java:logGet(46)) - raft.server.retrycache.statistics.expirytime = 100μs (default)
2022-10-04 13:25:48,374 [pool-168-thread-1] INFO  server.RaftServerConfigKeys (ConfUtils.java:logGet(46)) - raft.server.log.appender.install.snapshot.enabled = false (custom)
2022-10-04 13:25:48,374 [pool-168-thread-1] INFO  server.RaftServerConfigKeys (ConfUtils.java:logGet(46)) - raft.server.threadpool.server.cached = true (default)
2022-10-04 13:25:48,374 [pool-168-thread-1] INFO  server.RaftServerConfigKeys (ConfUtils.java:logGet(46)) - raft.server.threadpool.server.size = 0 (default)
2022-10-04 13:25:48,374 [pool-168-thread-1] INFO  server.RaftServerConfigKeys (ConfUtils.java:logGet(46)) - raft.server.threadpool.client.cached = true (default)
2022-10-04 13:25:48,374 [pool-168-thread-1] INFO  server.RaftServerConfigKeys (ConfUtils.java:logGet(46)) - raft.server.threadpool.client.size = 0 (default)
2022-10-04 13:25:48,374 [pool-168-thread-1] INFO  server.RaftServer$Division (RaftServerImpl.java:start(310)) - 53175bfc-7fac-47e0-bbdf-d2c660bed80b@group-9184019B8379: start as a follower, conf=-1: [8036fef3-52ee-40d8-bc71-c3943af78d41|rpc:10.1.1.108:33423|dataStream:|priority:0, c90336e2-d91d-49cc-aa4b-bbf13dfdddb4|rpc:10.1.1.108:44899|dataStream:|priority:1, 53175bfc-7fac-47e0-bbdf-d2c660bed80b|rpc:10.1.1.108:33245|dataStream:|priority:0], old=null
2022-10-04 13:25:48,374 [pool-168-thread-1] INFO  server.RaftServer$Division (RaftServerImpl.java:setRole(299)) - 53175bfc-7fac-47e0-bbdf-d2c660bed80b@group-9184019B8379: changes role from      null to FOLLOWER at term 0 for startAsFollower
2022-10-04 13:25:48,375 [pool-168-thread-1] INFO  impl.RoleInfo (RoleInfo.java:updateAndGet(139)) - 53175bfc-7fac-47e0-bbdf-d2c660bed80b: start 53175bfc-7fac-47e0-bbdf-d2c660bed80b@group-9184019B8379-FollowerState
2022-10-04 13:25:48,375 [pool-168-thread-1] INFO  util.JmxRegister (JmxRegister.java:tryRegister(44)) - Successfully registered JMX Bean with object name Ratis:service=RaftServer,group=group-9184019B8379,id=53175bfc-7fac-47e0-bbdf-d2c660bed80b
2022-10-04 13:25:48,384 [Command processor thread] INFO  commandhandler.CreatePipelineCommandHandler (CreatePipelineCommandHandler.java:handle(113)) - Created Pipeline RATIS THREE PipelineID=3afe47b4-9ff0-4b96-ab86-9184019b8379.
2022-10-04 13:25:48,437 [Command processor thread] INFO  server.RaftServer (RaftServerProxy.java:addNew(96)) - 8036fef3-52ee-40d8-bc71-c3943af78d41: addNew group-547E0F5B65A3:[8036fef3-52ee-40d8-bc71-c3943af78d41|rpc:10.1.1.108:33423|priority:1] returns group-547E0F5B65A3:java.util.concurrent.CompletableFuture@6fd29ed9[Not completed]
2022-10-04 13:25:48,439 [pool-145-thread-1] INFO  server.RaftServer$Division (RaftServerImpl.java:<init>(190)) - 8036fef3-52ee-40d8-bc71-c3943af78d41: new RaftServerImpl for group-547E0F5B65A3:[8036fef3-52ee-40d8-bc71-c3943af78d41|rpc:10.1.1.108:33423|priority:1] with ContainerStateMachine:uninitialized
2022-10-04 13:25:48,439 [pool-145-thread-1] INFO  server.RaftServerConfigKeys (ConfUtils.java:logGet(46)) - raft.server.rpc.timeout.min = 5s (custom)
2022-10-04 13:25:48,439 [pool-145-thread-1] INFO  server.RaftServerConfigKeys (ConfUtils.java:logGet(46)) - raft.server.rpc.timeout.max = 5200ms (custom)
2022-10-04 13:25:48,439 [pool-145-thread-1] INFO  server.RaftServerConfigKeys (ConfUtils.java:logGet(46)) - raft.server.rpc.sleep.time = 25ms (default)
2022-10-04 13:25:48,439 [pool-145-thread-1] INFO  server.RaftServerConfigKeys (ConfUtils.java:logGet(46)) - raft.server.rpc.slowness.timeout = 300s (custom)
2022-10-04 13:25:48,439 [pool-145-thread-1] INFO  server.RaftServerConfigKeys (ConfUtils.java:logGet(46)) - raft.server.leaderelection.leader.step-down.wait-time = 10s (default)
2022-10-04 13:25:48,439 [pool-145-thread-1] INFO  server.RaftServerConfigKeys (ConfUtils.java:logGet(46)) - raft.server.sleep.deviation.threshold = 300ms (default)
2022-10-04 13:25:48,439 [pool-145-thread-1] INFO  server.RaftServer$Division (ServerState.java:<init>(107)) - 8036fef3-52ee-40d8-bc71-c3943af78d41@group-547E0F5B65A3: ConfigurationManager, init=-1: [8036fef3-52ee-40d8-bc71-c3943af78d41|rpc:10.1.1.108:33423|priority:1], old=null, confs=<EMPTY_MAP>
2022-10-04 13:25:48,439 [pool-145-thread-1] INFO  server.RaftServerConfigKeys (ConfUtils.java:logGet(46)) - raft.server.storage.dir = [/home/runner/work/ozone/ozone/hadoop-ozone/integration-test/target/test-dir/MiniOzoneClusterImpl-6e9557d8-a31c-49e5-bba1-8bc95799a8b8/datanode-1/data/ratis] (custom)
2022-10-04 13:25:48,440 [pool-145-thread-1] INFO  server.RaftServerConfigKeys (ConfUtils.java:logGet(46)) - raft.server.log.corruption.policy = EXCEPTION (default)
2022-10-04 13:25:48,440 [pool-145-thread-1] INFO  server.RaftServerConfigKeys (ConfUtils.java:logGet(46)) - raft.server.storage.free-space.min = 0MB (=0) (default)
2022-10-04 13:25:48,440 [pool-145-thread-1] INFO  storage.RaftStorageDirectory (RaftStorageDirectoryImpl.java:analyzeStorage(135)) - The storage directory /home/runner/work/ozone/ozone/hadoop-ozone/integration-test/target/test-dir/MiniOzoneClusterImpl-6e9557d8-a31c-49e5-bba1-8bc95799a8b8/datanode-1/data/ratis/38bdfe65-1450-49bd-b493-547e0f5b65a3 does not exist. Creating ...
2022-10-04 13:25:48,441 [pool-145-thread-1] INFO  storage.RaftStorageDirectory (RaftStorageDirectoryImpl.java:tryLock(230)) - Lock on /home/runner/work/ozone/ozone/hadoop-ozone/integration-test/target/test-dir/MiniOzoneClusterImpl-6e9557d8-a31c-49e5-bba1-8bc95799a8b8/datanode-1/data/ratis/38bdfe65-1450-49bd-b493-547e0f5b65a3/in_use.lock acquired by nodename 42070@fv-az573-645
2022-10-04 13:25:48,443 [pool-145-thread-1] INFO  storage.RaftStorage (RaftStorageImpl.java:format(89)) - Storage directory /home/runner/work/ozone/ozone/hadoop-ozone/integration-test/target/test-dir/MiniOzoneClusterImpl-6e9557d8-a31c-49e5-bba1-8bc95799a8b8/datanode-1/data/ratis/38bdfe65-1450-49bd-b493-547e0f5b65a3 has been successfully formatted.
2022-10-04 13:25:48,444 [pool-145-thread-1] INFO  ratis.ContainerStateMachine (ContainerStateMachine.java:loadSnapshot(236)) - group-547E0F5B65A3: The snapshot info is null. Setting the last applied indexto:(t:0, i:~)
2022-10-04 13:25:48,444 [pool-145-thread-1] INFO  server.RaftServerConfigKeys (ConfUtils.java:logGet(46)) - raft.server.notification.no-leader.timeout = 300s (custom)
2022-10-04 13:25:48,444 [pool-145-thread-1] INFO  server.RaftServerConfigKeys (ConfUtils.java:logGet(46)) - raft.server.log.use.memory = false (default)
2022-10-04 13:25:48,444 [pool-145-thread-1] INFO  server.RaftServerConfigKeys (ConfUtils.java:logGet(46)) - raft.server.log.purge.gap = 1000000 (custom)
2022-10-04 13:25:48,444 [pool-145-thread-1] INFO  server.RaftServerConfigKeys (ConfUtils.java:logGet(46)) - raft.server.log.appender.buffer.byte-limit = 33554432 (custom)
2022-10-04 13:25:48,444 [pool-145-thread-1] INFO  server.RaftServerConfigKeys (ConfUtils.java:logGet(46)) - raft.server.log.statemachine.data.read.timeout = 1000ms (default)
2022-10-04 13:25:48,445 [pool-145-thread-1] INFO  server.RaftServerConfigKeys (ConfUtils.java:logGet(46)) - raft.server.log.segment.size.max = 1048576 (custom)
2022-10-04 13:25:48,446 [EventQueue-PipelineReportForPipelineReportHandler] INFO  pipeline.PipelineManagerImpl (PipelineManagerImpl.java:openPipeline(367)) - Pipeline Pipeline[ Id: 38bdfe65-1450-49bd-b493-547e0f5b65a3, Nodes: 8036fef3-52ee-40d8-bc71-c3943af78d41{ip: 10.1.1.108, host: fv-az573-645.uspngagyt4suddso0aj1djjezg.dx.internal.cloudapp.net, ports: [REPLICATION=38987, RATIS=33423, RATIS_ADMIN=33423, RATIS_SERVER=33423, STANDALONE=46101], networkLocation: /default-rack, certSerialId: null, persistedOpState: IN_SERVICE, persistedOpStateExpiryEpochSec: 0}, ReplicationConfig: RATIS/ONE, State:ALLOCATED, leaderId:8036fef3-52ee-40d8-bc71-c3943af78d41, CreationTimestamp2022-10-04T13:25:45.444Z[Etc/UTC]] moved to OPEN state
2022-10-04 13:25:48,447 [EventQueue-OpenPipelineForHealthyPipelineSafeModeRule] INFO  safemode.SCMSafeModeManager (HealthyPipelineSafeModeRule.java:process(137)) - SCM in safe mode. Healthy pipelines reported count is 0, required healthy pipeline reported count is 1
2022-10-04 13:25:48,447 [pool-145-thread-1] INFO  server.RaftServerConfigKeys (ConfUtils.java:logGet(46)) - raft.server.log.segment.cache.num.max = 2 (custom)
2022-10-04 13:25:48,448 [pool-145-thread-1] INFO  server.RaftServerConfigKeys (ConfUtils.java:logGet(46)) - raft.server.log.segment.cache.size.max = 200MB (=209715200) (default)
2022-10-04 13:25:48,448 [pool-145-thread-1] INFO  segmented.SegmentedRaftLogWorker (SegmentedRaftLogWorker.java:<init>(187)) - new 8036fef3-52ee-40d8-bc71-c3943af78d41@group-547E0F5B65A3-SegmentedRaftLogWorker for RaftStorageImpl:Storage Directory /home/runner/work/ozone/ozone/hadoop-ozone/integration-test/target/test-dir/MiniOzoneClusterImpl-6e9557d8-a31c-49e5-bba1-8bc95799a8b8/datanode-1/data/ratis/38bdfe65-1450-49bd-b493-547e0f5b65a3
2022-10-04 13:25:48,448 [pool-145-thread-1] INFO  server.RaftServerConfigKeys (ConfUtils.java:logGet(46)) - raft.server.log.queue.byte-limit = 4294967296 (custom)
2022-10-04 13:25:48,448 [pool-145-thread-1] INFO  server.RaftServerConfigKeys (ConfUtils.java:logGet(46)) - raft.server.log.queue.element-limit = 1024 (custom)
2022-10-04 13:25:48,449 [pool-145-thread-1] INFO  server.RaftServerConfigKeys (ConfUtils.java:logGet(46)) - raft.server.log.segment.size.max = 1048576 (custom)
2022-10-04 13:25:48,449 [pool-145-thread-1] INFO  server.RaftServerConfigKeys (ConfUtils.java:logGet(46)) - raft.server.log.preallocated.size = 16384 (custom)
2022-10-04 13:25:48,449 [pool-145-thread-1] INFO  server.RaftServerConfigKeys (ConfUtils.java:logGet(46)) - raft.server.log.force.sync.num = 128 (default)
2022-10-04 13:25:48,449 [pool-145-thread-1] INFO  server.RaftServerConfigKeys (ConfUtils.java:logGet(46)) - raft.server.log.statemachine.data.sync = true (default)
2022-10-04 13:25:48,449 [pool-145-thread-1] INFO  server.RaftServerConfigKeys (ConfUtils.java:logGet(46)) - raft.server.log.statemachine.data.sync.timeout = 10s (default)
2022-10-04 13:25:48,449 [pool-145-thread-1] INFO  server.RaftServerConfigKeys (ConfUtils.java:logGet(46)) - raft.server.log.statemachine.data.sync.timeout.retry = -1 (default)
2022-10-04 13:25:48,450 [pool-145-thread-1] INFO  server.RaftServerConfigKeys (ConfUtils.java:logGet(46)) - raft.server.log.write.buffer.size = 1048576 (custom)
2022-10-04 13:25:48,451 [pool-145-thread-1] INFO  server.RaftServerConfigKeys (ConfUtils.java:logGet(46)) - raft.server.log.unsafe-flush.enabled = false (default)
2022-10-04 13:25:48,451 [pool-145-thread-1] INFO  server.RaftServerConfigKeys (ConfUtils.java:logGet(46)) - raft.server.log.statemachine.data.caching.enabled = true (custom)
2022-10-04 13:25:48,451 [pool-145-thread-1] INFO  segmented.SegmentedRaftLogWorker (SegmentedRaftLogWorker.java:lambda$new$0(135)) - 8036fef3-52ee-40d8-bc71-c3943af78d41@group-547E0F5B65A3-SegmentedRaftLogWorker: flushIndex: setUnconditionally 0 -> -1
2022-10-04 13:25:48,452 [pool-145-thread-1] INFO  segmented.SegmentedRaftLogWorker (SegmentedRaftLogWorker.java:lambda$new$0(135)) - 8036fef3-52ee-40d8-bc71-c3943af78d41@group-547E0F5B65A3-SegmentedRaftLogWorker: safeCacheEvictIndex: setUnconditionally 0 -> -1
2022-10-04 13:25:48,452 [pool-145-thread-1] INFO  server.RaftServerConfigKeys (ConfUtils.java:logGet(46)) - raft.server.snapshot.auto.trigger.enabled = true (custom)
2022-10-04 13:25:48,452 [pool-145-thread-1] INFO  server.RaftServerConfigKeys (ConfUtils.java:logGet(46)) - raft.server.snapshot.auto.trigger.threshold = 10000 (custom)
2022-10-04 13:25:48,452 [pool-145-thread-1] INFO  server.RaftServerConfigKeys (ConfUtils.java:logGet(46)) - raft.server.snapshot.retention.file.num = 5 (custom)
2022-10-04 13:25:48,452 [pool-145-thread-1] INFO  server.RaftServerConfigKeys (ConfUtils.java:logGet(46)) - raft.server.log.purge.upto.snapshot.index = false (default)
2022-10-04 13:25:48,452 [pool-145-thread-1] INFO  server.RaftServerConfigKeys (ConfUtils.java:logGet(46)) - raft.server.retrycache.expirytime = 600000ms (custom)
2022-10-04 13:25:48,452 [pool-145-thread-1] INFO  server.RaftServerConfigKeys (ConfUtils.java:logGet(46)) - raft.server.retrycache.statistics.expirytime = 100μs (default)
2022-10-04 13:25:48,454 [pool-145-thread-1] INFO  server.RaftServerConfigKeys (ConfUtils.java:logGet(46)) - raft.server.log.appender.install.snapshot.enabled = false (custom)
2022-10-04 13:25:48,454 [pool-145-thread-1] INFO  server.RaftServerConfigKeys (ConfUtils.java:logGet(46)) - raft.server.threadpool.server.cached = true (default)
2022-10-04 13:25:48,454 [pool-145-thread-1] INFO  server.RaftServerConfigKeys (ConfUtils.java:logGet(46)) - raft.server.threadpool.server.size = 0 (default)
2022-10-04 13:25:48,454 [pool-145-thread-1] INFO  server.RaftServerConfigKeys (ConfUtils.java:logGet(46)) - raft.server.threadpool.client.cached = true (default)
2022-10-04 13:25:48,454 [pool-145-thread-1] INFO  server.RaftServerConfigKeys (ConfUtils.java:logGet(46)) - raft.server.threadpool.client.size = 0 (default)
2022-10-04 13:25:48,454 [pool-145-thread-1] INFO  server.RaftServer$Division (RaftServerImpl.java:start(310)) - 8036fef3-52ee-40d8-bc71-c3943af78d41@group-547E0F5B65A3: start as a follower, conf=-1: [8036fef3-52ee-40d8-bc71-c3943af78d41|rpc:10.1.1.108:33423|priority:1], old=null
2022-10-04 13:25:48,454 [pool-145-thread-1] INFO  server.RaftServer$Division (RaftServerImpl.java:setRole(299)) - 8036fef3-52ee-40d8-bc71-c3943af78d41@group-547E0F5B65A3: changes role from      null to FOLLOWER at term 0 for startAsFollower
2022-10-04 13:25:48,454 [pool-145-thread-1] INFO  impl.RoleInfo (RoleInfo.java:updateAndGet(139)) - 8036fef3-52ee-40d8-bc71-c3943af78d41: start 8036fef3-52ee-40d8-bc71-c3943af78d41@group-547E0F5B65A3-FollowerState
2022-10-04 13:25:48,455 [pool-145-thread-1] INFO  util.JmxRegister (JmxRegister.java:tryRegister(44)) - Successfully registered JMX Bean with object name Ratis:service=RaftServer,group=group-547E0F5B65A3,id=8036fef3-52ee-40d8-bc71-c3943af78d41
2022-10-04 13:25:48,456 [Command processor thread] INFO  ratis.XceiverServerRatis (XceiverServerRatis.java:addGroup(765)) - Created group PipelineID=38bdfe65-1450-49bd-b493-547e0f5b65a3
2022-10-04 13:25:48,456 [Command processor thread] INFO  commandhandler.CreatePipelineCommandHandler (CreatePipelineCommandHandler.java:handle(113)) - Created Pipeline RATIS ONE PipelineID=38bdfe65-1450-49bd-b493-547e0f5b65a3.
2022-10-04 13:25:48,821 [Listener at 127.0.0.1/43101] INFO  ozone.MiniOzoneClusterImpl (MiniOzoneClusterImpl.java:lambda$waitForClusterToBeReady$0(216)) - Nodes are ready. Got 3 of 3 DN Heartbeats.
2022-10-04 13:25:48,821 [Listener at 127.0.0.1/43101] INFO  ozone.MiniOzoneClusterImpl (MiniOzoneClusterImpl.java:lambda$waitForClusterToBeReady$0(219)) - Waiting for cluster to exit safe mode
2022-10-04 13:25:48,822 [Listener at 127.0.0.1/43101] INFO  ozone.MiniOzoneClusterImpl (MiniOzoneClusterImpl.java:lambda$waitForClusterToBeReady$0(221)) - SCM became leader
2022-10-04 13:25:48,823 [Command processor thread] INFO  server.RaftServer (RaftServerProxy.java:addNew(96)) - 53175bfc-7fac-47e0-bbdf-d2c660bed80b: addNew group-BAB6A7BEF8AB:[53175bfc-7fac-47e0-bbdf-d2c660bed80b|rpc:10.1.1.108:33245|priority:1] returns group-BAB6A7BEF8AB:java.util.concurrent.CompletableFuture@2750365b[Not completed]
2022-10-04 13:25:48,826 [pool-168-thread-1] INFO  server.RaftServer$Division (RaftServerImpl.java:<init>(190)) - 53175bfc-7fac-47e0-bbdf-d2c660bed80b: new RaftServerImpl for group-BAB6A7BEF8AB:[53175bfc-7fac-47e0-bbdf-d2c660bed80b|rpc:10.1.1.108:33245|priority:1] with ContainerStateMachine:uninitialized
2022-10-04 13:25:48,826 [pool-168-thread-1] INFO  server.RaftServerConfigKeys (ConfUtils.java:logGet(46)) - raft.server.rpc.timeout.min = 5s (custom)
2022-10-04 13:25:48,826 [pool-168-thread-1] INFO  server.RaftServerConfigKeys (ConfUtils.java:logGet(46)) - raft.server.rpc.timeout.max = 5200ms (custom)
2022-10-04 13:25:48,826 [pool-168-thread-1] INFO  server.RaftServerConfigKeys (ConfUtils.java:logGet(46)) - raft.server.rpc.sleep.time = 25ms (default)
2022-10-04 13:25:48,826 [pool-168-thread-1] INFO  server.RaftServerConfigKeys (ConfUtils.java:logGet(46)) - raft.server.rpc.slowness.timeout = 300s (custom)
2022-10-04 13:25:48,826 [pool-168-thread-1] INFO  server.RaftServerConfigKeys (ConfUtils.java:logGet(46)) - raft.server.leaderelection.leader.step-down.wait-time = 10s (default)
2022-10-04 13:25:48,826 [pool-168-thread-1] INFO  server.RaftServerConfigKeys (ConfUtils.java:logGet(46)) - raft.server.sleep.deviation.threshold = 300ms (default)
2022-10-04 13:25:48,826 [pool-168-thread-1] INFO  server.RaftServer$Division (ServerState.java:<init>(107)) - 53175bfc-7fac-47e0-bbdf-d2c660bed80b@group-BAB6A7BEF8AB: ConfigurationManager, init=-1: [53175bfc-7fac-47e0-bbdf-d2c660bed80b|rpc:10.1.1.108:33245|priority:1], old=null, confs=<EMPTY_MAP>
2022-10-04 13:25:48,827 [pool-168-thread-1] INFO  server.RaftServerConfigKeys (ConfUtils.java:logGet(46)) - raft.server.storage.dir = [/home/runner/work/ozone/ozone/hadoop-ozone/integration-test/target/test-dir/MiniOzoneClusterImpl-6e9557d8-a31c-49e5-bba1-8bc95799a8b8/datanode-2/data/ratis] (custom)
2022-10-04 13:25:48,827 [pool-168-thread-1] INFO  server.RaftServerConfigKeys (ConfUtils.java:logGet(46)) - raft.server.log.corruption.policy = EXCEPTION (default)
2022-10-04 13:25:48,827 [pool-168-thread-1] INFO  server.RaftServerConfigKeys (ConfUtils.java:logGet(46)) - raft.server.storage.free-space.min = 0MB (=0) (default)
2022-10-04 13:25:48,827 [pool-168-thread-1] INFO  storage.RaftStorageDirectory (RaftStorageDirectoryImpl.java:analyzeStorage(135)) - The storage directory /home/runner/work/ozone/ozone/hadoop-ozone/integration-test/target/test-dir/MiniOzoneClusterImpl-6e9557d8-a31c-49e5-bba1-8bc95799a8b8/datanode-2/data/ratis/5461d147-10a3-4c13-a3e1-bab6a7bef8ab does not exist. Creating ...
2022-10-04 13:25:48,829 [pool-168-thread-1] INFO  storage.RaftStorageDirectory (RaftStorageDirectoryImpl.java:tryLock(230)) - Lock on /home/runner/work/ozone/ozone/hadoop-ozone/integration-test/target/test-dir/MiniOzoneClusterImpl-6e9557d8-a31c-49e5-bba1-8bc95799a8b8/datanode-2/data/ratis/5461d147-10a3-4c13-a3e1-bab6a7bef8ab/in_use.lock acquired by nodename 42070@fv-az573-645
2022-10-04 13:25:48,831 [pool-168-thread-1] INFO  storage.RaftStorage (RaftStorageImpl.java:format(89)) - Storage directory /home/runner/work/ozone/ozone/hadoop-ozone/integration-test/target/test-dir/MiniOzoneClusterImpl-6e9557d8-a31c-49e5-bba1-8bc95799a8b8/datanode-2/data/ratis/5461d147-10a3-4c13-a3e1-bab6a7bef8ab has been successfully formatted.
2022-10-04 13:25:48,832 [pool-168-thread-1] INFO  ratis.ContainerStateMachine (ContainerStateMachine.java:loadSnapshot(236)) - group-BAB6A7BEF8AB: The snapshot info is null. Setting the last applied indexto:(t:0, i:~)
2022-10-04 13:25:48,834 [pool-168-thread-1] INFO  server.RaftServerConfigKeys (ConfUtils.java:logGet(46)) - raft.server.notification.no-leader.timeout = 300s (custom)
2022-10-04 13:25:48,834 [pool-168-thread-1] INFO  server.RaftServerConfigKeys (ConfUtils.java:logGet(46)) - raft.server.log.use.memory = false (default)
2022-10-04 13:25:48,835 [pool-168-thread-1] INFO  server.RaftServerConfigKeys (ConfUtils.java:logGet(46)) - raft.server.log.purge.gap = 1000000 (custom)
2022-10-04 13:25:48,835 [pool-168-thread-1] INFO  server.RaftServerConfigKeys (ConfUtils.java:logGet(46)) - raft.server.log.appender.buffer.byte-limit = 33554432 (custom)
2022-10-04 13:25:48,835 [pool-168-thread-1] INFO  server.RaftServerConfigKeys (ConfUtils.java:logGet(46)) - raft.server.log.statemachine.data.read.timeout = 1000ms (default)
2022-10-04 13:25:48,835 [pool-168-thread-1] INFO  server.RaftServerConfigKeys (ConfUtils.java:logGet(46)) - raft.server.log.segment.size.max = 1048576 (custom)
2022-10-04 13:25:48,835 [EventQueue-PipelineReportForPipelineReportHandler] INFO  pipeline.PipelineManagerImpl (PipelineManagerImpl.java:openPipeline(367)) - Pipeline Pipeline[ Id: 5461d147-10a3-4c13-a3e1-bab6a7bef8ab, Nodes: 53175bfc-7fac-47e0-bbdf-d2c660bed80b{ip: 10.1.1.108, host: fv-az573-645.uspngagyt4suddso0aj1djjezg.dx.internal.cloudapp.net, ports: [REPLICATION=32769, RATIS=33245, RATIS_ADMIN=33245, RATIS_SERVER=33245, STANDALONE=44415], networkLocation: /default-rack, certSerialId: null, persistedOpState: IN_SERVICE, persistedOpStateExpiryEpochSec: 0}, ReplicationConfig: RATIS/ONE, State:ALLOCATED, leaderId:53175bfc-7fac-47e0-bbdf-d2c660bed80b, CreationTimestamp2022-10-04T13:25:45.828Z[Etc/UTC]] moved to OPEN state
2022-10-04 13:25:48,836 [pool-168-thread-1] INFO  server.RaftServerConfigKeys (ConfUtils.java:logGet(46)) - raft.server.log.segment.cache.num.max = 2 (custom)
2022-10-04 13:25:48,836 [pool-168-thread-1] INFO  server.RaftServerConfigKeys (ConfUtils.java:logGet(46)) - raft.server.log.segment.cache.size.max = 200MB (=209715200) (default)
2022-10-04 13:25:48,836 [pool-168-thread-1] INFO  segmented.SegmentedRaftLogWorker (SegmentedRaftLogWorker.java:<init>(187)) - new 53175bfc-7fac-47e0-bbdf-d2c660bed80b@group-BAB6A7BEF8AB-SegmentedRaftLogWorker for RaftStorageImpl:Storage Directory /home/runner/work/ozone/ozone/hadoop-ozone/integration-test/target/test-dir/MiniOzoneClusterImpl-6e9557d8-a31c-49e5-bba1-8bc95799a8b8/datanode-2/data/ratis/5461d147-10a3-4c13-a3e1-bab6a7bef8ab
2022-10-04 13:25:48,836 [EventQueue-OpenPipelineForHealthyPipelineSafeModeRule] INFO  safemode.SCMSafeModeManager (HealthyPipelineSafeModeRule.java:process(137)) - SCM in safe mode. Healthy pipelines reported count is 0, required healthy pipeline reported count is 1
2022-10-04 13:25:48,839 [pool-168-thread-1] INFO  server.RaftServerConfigKeys (ConfUtils.java:logGet(46)) - raft.server.log.queue.byte-limit = 4294967296 (custom)
2022-10-04 13:25:48,840 [pool-168-thread-1] INFO  server.RaftServerConfigKeys (ConfUtils.java:logGet(46)) - raft.server.log.queue.element-limit = 1024 (custom)
2022-10-04 13:25:48,840 [pool-168-thread-1] INFO  server.RaftServerConfigKeys (ConfUtils.java:logGet(46)) - raft.server.log.segment.size.max = 1048576 (custom)
2022-10-04 13:25:48,840 [pool-168-thread-1] INFO  server.RaftServerConfigKeys (ConfUtils.java:logGet(46)) - raft.server.log.preallocated.size = 16384 (custom)
2022-10-04 13:25:48,840 [pool-168-thread-1] INFO  server.RaftServerConfigKeys (ConfUtils.java:logGet(46)) - raft.server.log.force.sync.num = 128 (default)
2022-10-04 13:25:48,840 [pool-168-thread-1] INFO  server.RaftServerConfigKeys (ConfUtils.java:logGet(46)) - raft.server.log.statemachine.data.sync = true (default)
2022-10-04 13:25:48,840 [pool-168-thread-1] INFO  server.RaftServerConfigKeys (ConfUtils.java:logGet(46)) - raft.server.log.statemachine.data.sync.timeout = 10s (default)
2022-10-04 13:25:48,840 [pool-168-thread-1] INFO  server.RaftServerConfigKeys (ConfUtils.java:logGet(46)) - raft.server.log.statemachine.data.sync.timeout.retry = -1 (default)
2022-10-04 13:25:48,841 [pool-168-thread-1] INFO  server.RaftServerConfigKeys (ConfUtils.java:logGet(46)) - raft.server.log.write.buffer.size = 1048576 (custom)
2022-10-04 13:25:48,842 [pool-168-thread-1] INFO  server.RaftServerConfigKeys (ConfUtils.java:logGet(46)) - raft.server.log.unsafe-flush.enabled = false (default)
2022-10-04 13:25:48,842 [pool-168-thread-1] INFO  server.RaftServerConfigKeys (ConfUtils.java:logGet(46)) - raft.server.log.statemachine.data.caching.enabled = true (custom)
2022-10-04 13:25:48,842 [pool-168-thread-1] INFO  segmented.SegmentedRaftLogWorker (SegmentedRaftLogWorker.java:lambda$new$0(135)) - 53175bfc-7fac-47e0-bbdf-d2c660bed80b@group-BAB6A7BEF8AB-SegmentedRaftLogWorker: flushIndex: setUnconditionally 0 -> -1
2022-10-04 13:25:48,842 [pool-168-thread-1] INFO  segmented.SegmentedRaftLogWorker (SegmentedRaftLogWorker.java:lambda$new$0(135)) - 53175bfc-7fac-47e0-bbdf-d2c660bed80b@group-BAB6A7BEF8AB-SegmentedRaftLogWorker: safeCacheEvictIndex: setUnconditionally 0 -> -1
2022-10-04 13:25:48,842 [pool-168-thread-1] INFO  server.RaftServerConfigKeys (ConfUtils.java:logGet(46)) - raft.server.snapshot.auto.trigger.enabled = true (custom)
2022-10-04 13:25:48,842 [pool-168-thread-1] INFO  server.RaftServerConfigKeys (ConfUtils.java:logGet(46)) - raft.server.snapshot.auto.trigger.threshold = 10000 (custom)
2022-10-04 13:25:48,843 [pool-168-thread-1] INFO  server.RaftServerConfigKeys (ConfUtils.java:logGet(46)) - raft.server.snapshot.retention.file.num = 5 (custom)
2022-10-04 13:25:48,843 [pool-168-thread-1] INFO  server.RaftServerConfigKeys (ConfUtils.java:logGet(46)) - raft.server.log.purge.upto.snapshot.index = false (default)
2022-10-04 13:25:48,843 [pool-168-thread-1] INFO  server.RaftServerConfigKeys (ConfUtils.java:logGet(46)) - raft.server.retrycache.expirytime = 600000ms (custom)
2022-10-04 13:25:48,843 [pool-168-thread-1] INFO  server.RaftServerConfigKeys (ConfUtils.java:logGet(46)) - raft.server.retrycache.statistics.expirytime = 100μs (default)
2022-10-04 13:25:48,844 [pool-168-thread-1] INFO  server.RaftServerConfigKeys (ConfUtils.java:logGet(46)) - raft.server.log.appender.install.snapshot.enabled = false (custom)
2022-10-04 13:25:48,844 [pool-168-thread-1] INFO  server.RaftServerConfigKeys (ConfUtils.java:logGet(46)) - raft.server.threadpool.server.cached = true (default)
2022-10-04 13:25:48,844 [pool-168-thread-1] INFO  server.RaftServerConfigKeys (ConfUtils.java:logGet(46)) - raft.server.threadpool.server.size = 0 (default)
2022-10-04 13:25:48,845 [pool-168-thread-1] INFO  server.RaftServerConfigKeys (ConfUtils.java:logGet(46)) - raft.server.threadpool.client.cached = true (default)
2022-10-04 13:25:48,845 [pool-168-thread-1] INFO  server.RaftServerConfigKeys (ConfUtils.java:logGet(46)) - raft.server.threadpool.client.size = 0 (default)
2022-10-04 13:25:48,845 [pool-168-thread-1] INFO  server.RaftServer$Division (RaftServerImpl.java:start(310)) - 53175bfc-7fac-47e0-bbdf-d2c660bed80b@group-BAB6A7BEF8AB: start as a follower, conf=-1: [53175bfc-7fac-47e0-bbdf-d2c660bed80b|rpc:10.1.1.108:33245|priority:1], old=null
2022-10-04 13:25:48,846 [pool-168-thread-1] INFO  server.RaftServer$Division (RaftServerImpl.java:setRole(299)) - 53175bfc-7fac-47e0-bbdf-d2c660bed80b@group-BAB6A7BEF8AB: changes role from      null to FOLLOWER at term 0 for startAsFollower
2022-10-04 13:25:48,846 [pool-168-thread-1] INFO  impl.RoleInfo (RoleInfo.java:updateAndGet(139)) - 53175bfc-7fac-47e0-bbdf-d2c660bed80b: start 53175bfc-7fac-47e0-bbdf-d2c660bed80b@group-BAB6A7BEF8AB-FollowerState
2022-10-04 13:25:48,853 [pool-168-thread-1] INFO  util.JmxRegister (JmxRegister.java:tryRegister(44)) - Successfully registered JMX Bean with object name Ratis:service=RaftServer,group=group-BAB6A7BEF8AB,id=53175bfc-7fac-47e0-bbdf-d2c660bed80b
2022-10-04 13:25:48,855 [Command processor thread] INFO  ratis.XceiverServerRatis (XceiverServerRatis.java:addGroup(765)) - Created group PipelineID=5461d147-10a3-4c13-a3e1-bab6a7bef8ab
2022-10-04 13:25:48,855 [Command processor thread] INFO  commandhandler.CreatePipelineCommandHandler (CreatePipelineCommandHandler.java:handle(113)) - Created Pipeline RATIS ONE PipelineID=5461d147-10a3-4c13-a3e1-bab6a7bef8ab.
2022-10-04 13:25:49,822 [Listener at 127.0.0.1/43101] INFO  ozone.MiniOzoneClusterImpl (MiniOzoneClusterImpl.java:lambda$waitForClusterToBeReady$0(216)) - Nodes are ready. Got 3 of 3 DN Heartbeats.
2022-10-04 13:25:49,822 [Listener at 127.0.0.1/43101] INFO  ozone.MiniOzoneClusterImpl (MiniOzoneClusterImpl.java:lambda$waitForClusterToBeReady$0(219)) - Waiting for cluster to exit safe mode
2022-10-04 13:25:49,822 [Listener at 127.0.0.1/43101] INFO  ozone.MiniOzoneClusterImpl (MiniOzoneClusterImpl.java:lambda$waitForClusterToBeReady$0(221)) - SCM became leader
2022-10-04 13:25:50,823 [Listener at 127.0.0.1/43101] INFO  ozone.MiniOzoneClusterImpl (MiniOzoneClusterImpl.java:lambda$waitForClusterToBeReady$0(216)) - Nodes are ready. Got 3 of 3 DN Heartbeats.
2022-10-04 13:25:50,823 [Listener at 127.0.0.1/43101] INFO  ozone.MiniOzoneClusterImpl (MiniOzoneClusterImpl.java:lambda$waitForClusterToBeReady$0(219)) - Waiting for cluster to exit safe mode
2022-10-04 13:25:50,823 [Listener at 127.0.0.1/43101] INFO  ozone.MiniOzoneClusterImpl (MiniOzoneClusterImpl.java:lambda$waitForClusterToBeReady$0(221)) - SCM became leader
2022-10-04 13:25:51,823 [Listener at 127.0.0.1/43101] INFO  ozone.MiniOzoneClusterImpl (MiniOzoneClusterImpl.java:lambda$waitForClusterToBeReady$0(216)) - Nodes are ready. Got 3 of 3 DN Heartbeats.
2022-10-04 13:25:51,824 [Listener at 127.0.0.1/43101] INFO  ozone.MiniOzoneClusterImpl (MiniOzoneClusterImpl.java:lambda$waitForClusterToBeReady$0(219)) - Waiting for cluster to exit safe mode
2022-10-04 13:25:51,824 [Listener at 127.0.0.1/43101] INFO  ozone.MiniOzoneClusterImpl (MiniOzoneClusterImpl.java:lambda$waitForClusterToBeReady$0(221)) - SCM became leader
2022-10-04 13:25:52,824 [Listener at 127.0.0.1/43101] INFO  ozone.MiniOzoneClusterImpl (MiniOzoneClusterImpl.java:lambda$waitForClusterToBeReady$0(216)) - Nodes are ready. Got 3 of 3 DN Heartbeats.
2022-10-04 13:25:52,824 [Listener at 127.0.0.1/43101] INFO  ozone.MiniOzoneClusterImpl (MiniOzoneClusterImpl.java:lambda$waitForClusterToBeReady$0(219)) - Waiting for cluster to exit safe mode
2022-10-04 13:25:52,825 [Listener at 127.0.0.1/43101] INFO  ozone.MiniOzoneClusterImpl (MiniOzoneClusterImpl.java:lambda$waitForClusterToBeReady$0(221)) - SCM became leader
2022-10-04 13:25:53,091 [c90336e2-d91d-49cc-aa4b-bbf13dfdddb4@group-3D50D9FA4EAF-FollowerState] INFO  impl.FollowerState (FollowerState.java:run(143)) - c90336e2-d91d-49cc-aa4b-bbf13dfdddb4@group-3D50D9FA4EAF-FollowerState: change to CANDIDATE, lastRpcElapsedTime:5087637681ns, electionTimeout:5081ms
2022-10-04 13:25:53,091 [c90336e2-d91d-49cc-aa4b-bbf13dfdddb4@group-3D50D9FA4EAF-FollowerState] INFO  impl.RoleInfo (RoleInfo.java:shutdownFollowerState(110)) - c90336e2-d91d-49cc-aa4b-bbf13dfdddb4: shutdown c90336e2-d91d-49cc-aa4b-bbf13dfdddb4@group-3D50D9FA4EAF-FollowerState
2022-10-04 13:25:53,092 [c90336e2-d91d-49cc-aa4b-bbf13dfdddb4@group-3D50D9FA4EAF-FollowerState] INFO  server.RaftServer$Division (RaftServerImpl.java:setRole(299)) - c90336e2-d91d-49cc-aa4b-bbf13dfdddb4@group-3D50D9FA4EAF: changes role from  FOLLOWER to CANDIDATE at term 0 for changeToCandidate
2022-10-04 13:25:53,092 [c90336e2-d91d-49cc-aa4b-bbf13dfdddb4@group-3D50D9FA4EAF-FollowerState] INFO  server.RaftServerConfigKeys (ConfUtils.java:logGet(46)) - raft.server.leaderelection.pre-vote = false (custom)
2022-10-04 13:25:53,092 [c90336e2-d91d-49cc-aa4b-bbf13dfdddb4@group-3D50D9FA4EAF-FollowerState] INFO  impl.RoleInfo (RoleInfo.java:updateAndGet(139)) - c90336e2-d91d-49cc-aa4b-bbf13dfdddb4: start c90336e2-d91d-49cc-aa4b-bbf13dfdddb4@group-3D50D9FA4EAF-LeaderElection2
2022-10-04 13:25:53,096 [c90336e2-d91d-49cc-aa4b-bbf13dfdddb4@group-3D50D9FA4EAF-LeaderElection2] INFO  impl.LeaderElection (LeaderElection.java:askForVotes(310)) - c90336e2-d91d-49cc-aa4b-bbf13dfdddb4@group-3D50D9FA4EAF-LeaderElection2 ELECTION round 0: submit vote requests at term 1 for -1: [c90336e2-d91d-49cc-aa4b-bbf13dfdddb4|rpc:10.1.1.108:44899|priority:1], old=null
2022-10-04 13:25:53,096 [c90336e2-d91d-49cc-aa4b-bbf13dfdddb4@group-3D50D9FA4EAF-LeaderElection2] INFO  impl.LeaderElection (LeaderElection.java:askForVotes(312)) - c90336e2-d91d-49cc-aa4b-bbf13dfdddb4@group-3D50D9FA4EAF-LeaderElection2 ELECTION round 0: result PASSED (term=1)
2022-10-04 13:25:53,096 [c90336e2-d91d-49cc-aa4b-bbf13dfdddb4@group-3D50D9FA4EAF-LeaderElection2] INFO  impl.RoleInfo (RoleInfo.java:shutdownLeaderElection(130)) - c90336e2-d91d-49cc-aa4b-bbf13dfdddb4: shutdown c90336e2-d91d-49cc-aa4b-bbf13dfdddb4@group-3D50D9FA4EAF-LeaderElection2
2022-10-04 13:25:53,096 [c90336e2-d91d-49cc-aa4b-bbf13dfdddb4@group-3D50D9FA4EAF-LeaderElection2] INFO  server.RaftServer$Division (RaftServerImpl.java:setRole(299)) - c90336e2-d91d-49cc-aa4b-bbf13dfdddb4@group-3D50D9FA4EAF: changes role from CANDIDATE to LEADER at term 1 for changeToLeader
2022-10-04 13:25:53,097 [c90336e2-d91d-49cc-aa4b-bbf13dfdddb4@group-3D50D9FA4EAF-LeaderElection2] INFO  ratis.XceiverServerRatis (XceiverServerRatis.java:handleLeaderChangedNotification(863)) - Leader change notification received for group: group-3D50D9FA4EAF with new leaderId: c90336e2-d91d-49cc-aa4b-bbf13dfdddb4
2022-10-04 13:25:53,097 [c90336e2-d91d-49cc-aa4b-bbf13dfdddb4@group-3D50D9FA4EAF-LeaderElection2] INFO  server.RaftServer$Division (ServerState.java:setLeader(287)) - c90336e2-d91d-49cc-aa4b-bbf13dfdddb4@group-3D50D9FA4EAF: change Leader from null to c90336e2-d91d-49cc-aa4b-bbf13dfdddb4 at term 1 for becomeLeader, leader elected after 5101ms
2022-10-04 13:25:53,097 [c90336e2-d91d-49cc-aa4b-bbf13dfdddb4@group-3D50D9FA4EAF-LeaderElection2] INFO  server.RaftServerConfigKeys (ConfUtils.java:logGet(46)) - raft.server.staging.catchup.gap = 1000 (default)
2022-10-04 13:25:53,097 [c90336e2-d91d-49cc-aa4b-bbf13dfdddb4@group-3D50D9FA4EAF-LeaderElection2] INFO  server.RaftServerConfigKeys (ConfUtils.java:logGet(46)) - raft.server.write.element-limit = 1024 (custom)
2022-10-04 13:25:53,097 [c90336e2-d91d-49cc-aa4b-bbf13dfdddb4@group-3D50D9FA4EAF-LeaderElection2] INFO  server.RaftServerConfigKeys (ConfUtils.java:logGet(46)) - raft.server.write.byte-limit = 1024 M (=1073741824) (custom)
2022-10-04 13:25:53,098 [c90336e2-d91d-49cc-aa4b-bbf13dfdddb4@group-3D50D9FA4EAF-LeaderElection2] INFO  server.RaftServerConfigKeys (ConfUtils.java:logGet(46)) - raft.server.watch.timeout = 180s (custom)
2022-10-04 13:25:53,098 [c90336e2-d91d-49cc-aa4b-bbf13dfdddb4@group-3D50D9FA4EAF-LeaderElection2] INFO  server.RaftServerConfigKeys (ConfUtils.java:logGet(46)) - raft.server.watch.timeout.denomination = 1s (default)
2022-10-04 13:25:53,100 [EventQueue-OpenPipelineForHealthyPipelineSafeModeRule] INFO  safemode.SCMSafeModeManager (HealthyPipelineSafeModeRule.java:process(137)) - SCM in safe mode. Healthy pipelines reported count is 0, required healthy pipeline reported count is 1
2022-10-04 13:25:53,100 [c90336e2-d91d-49cc-aa4b-bbf13dfdddb4@group-3D50D9FA4EAF-LeaderElection2] INFO  server.RaftServerConfigKeys (ConfUtils.java:logGet(46)) - raft.server.watch.element-limit = 65536 (default)
2022-10-04 13:25:53,101 [c90336e2-d91d-49cc-aa4b-bbf13dfdddb4@group-3D50D9FA4EAF-LeaderElection2] INFO  server.RaftServerConfigKeys (ConfUtils.java:logGet(46)) - raft.server.write.element-limit = 1024 (custom)
2022-10-04 13:25:53,101 [c90336e2-d91d-49cc-aa4b-bbf13dfdddb4@group-3D50D9FA4EAF-LeaderElection2] INFO  server.RaftServerConfigKeys (ConfUtils.java:logGet(46)) - raft.server.write.follower.gap.ratio.max = -1.0 (default)
2022-10-04 13:25:53,102 [c90336e2-d91d-49cc-aa4b-bbf13dfdddb4@group-3D50D9FA4EAF-LeaderElection2] INFO  impl.RoleInfo (RoleInfo.java:updateAndGet(139)) - c90336e2-d91d-49cc-aa4b-bbf13dfdddb4: start c90336e2-d91d-49cc-aa4b-bbf13dfdddb4@group-3D50D9FA4EAF-LeaderStateImpl
2022-10-04 13:25:53,103 [c90336e2-d91d-49cc-aa4b-bbf13dfdddb4@group-3D50D9FA4EAF-LeaderElection2] INFO  segmented.SegmentedRaftLogWorker (SegmentedRaftLogWorker.java:startLogSegment(425)) - c90336e2-d91d-49cc-aa4b-bbf13dfdddb4@group-3D50D9FA4EAF-SegmentedRaftLogWorker: Starting segment from index:0
2022-10-04 13:25:53,105 [c90336e2-d91d-49cc-aa4b-bbf13dfdddb4@group-3D50D9FA4EAF-SegmentedRaftLogWorker] INFO  segmented.SegmentedRaftLogWorker (SegmentedRaftLogWorker.java:execute(629)) - c90336e2-d91d-49cc-aa4b-bbf13dfdddb4@group-3D50D9FA4EAF-SegmentedRaftLogWorker: created new log segment /home/runner/work/ozone/ozone/hadoop-ozone/integration-test/target/test-dir/MiniOzoneClusterImpl-6e9557d8-a31c-49e5-bba1-8bc95799a8b8/datanode-0/data/ratis/a23da3b9-a56b-4e57-bce6-3d50d9fa4eaf/current/log_inprogress_0
2022-10-04 13:25:53,105 [c90336e2-d91d-49cc-aa4b-bbf13dfdddb4@group-3D50D9FA4EAF-LeaderElection2] INFO  server.RaftServer$Division (ServerState.java:setRaftConf(393)) - c90336e2-d91d-49cc-aa4b-bbf13dfdddb4@group-3D50D9FA4EAF: set configuration 0: [c90336e2-d91d-49cc-aa4b-bbf13dfdddb4|rpc:10.1.1.108:44899|dataStream:|priority:1], old=null
2022-10-04 13:25:53,192 [c90336e2-d91d-49cc-aa4b-bbf13dfdddb4@group-DFB956EFFE94-FollowerState] INFO  impl.FollowerState (FollowerState.java:run(143)) - c90336e2-d91d-49cc-aa4b-bbf13dfdddb4@group-DFB956EFFE94-FollowerState: change to CANDIDATE, lastRpcElapsedTime:5133895619ns, electionTimeout:5129ms
2022-10-04 13:25:53,193 [c90336e2-d91d-49cc-aa4b-bbf13dfdddb4@group-DFB956EFFE94-FollowerState] INFO  impl.RoleInfo (RoleInfo.java:shutdownFollowerState(110)) - c90336e2-d91d-49cc-aa4b-bbf13dfdddb4: shutdown c90336e2-d91d-49cc-aa4b-bbf13dfdddb4@group-DFB956EFFE94-FollowerState
2022-10-04 13:25:53,193 [c90336e2-d91d-49cc-aa4b-bbf13dfdddb4@group-DFB956EFFE94-FollowerState] INFO  server.RaftServer$Division (RaftServerImpl.java:setRole(299)) - c90336e2-d91d-49cc-aa4b-bbf13dfdddb4@group-DFB956EFFE94: changes role from  FOLLOWER to CANDIDATE at term 0 for changeToCandidate
2022-10-04 13:25:53,193 [c90336e2-d91d-49cc-aa4b-bbf13dfdddb4@group-DFB956EFFE94-FollowerState] INFO  server.RaftServerConfigKeys (ConfUtils.java:logGet(46)) - raft.server.leaderelection.pre-vote = false (custom)
2022-10-04 13:25:53,193 [c90336e2-d91d-49cc-aa4b-bbf13dfdddb4@group-DFB956EFFE94-FollowerState] INFO  impl.RoleInfo (RoleInfo.java:updateAndGet(139)) - c90336e2-d91d-49cc-aa4b-bbf13dfdddb4: start c90336e2-d91d-49cc-aa4b-bbf13dfdddb4@group-DFB956EFFE94-LeaderElection3
2022-10-04 13:25:53,197 [c90336e2-d91d-49cc-aa4b-bbf13dfdddb4@group-DFB956EFFE94-LeaderElection3] INFO  impl.LeaderElection (LeaderElection.java:askForVotes(310)) - c90336e2-d91d-49cc-aa4b-bbf13dfdddb4@group-DFB956EFFE94-LeaderElection3 ELECTION round 0: submit vote requests at term 1 for -1: [8036fef3-52ee-40d8-bc71-c3943af78d41|rpc:10.1.1.108:33423|priority:1, c90336e2-d91d-49cc-aa4b-bbf13dfdddb4|rpc:10.1.1.108:44899|priority:0, 53175bfc-7fac-47e0-bbdf-d2c660bed80b|rpc:10.1.1.108:33245|priority:0], old=null
2022-10-04 13:25:53,216 [grpc-default-executor-0] INFO  server.RaftServer$Division (RaftServerImpl.java:requestVote(1152)) - 8036fef3-52ee-40d8-bc71-c3943af78d41@group-DFB956EFFE94: receive requestVote(ELECTION, c90336e2-d91d-49cc-aa4b-bbf13dfdddb4, group-DFB956EFFE94, 1, (t:0, i:0))
2022-10-04 13:25:53,217 [grpc-default-executor-0] INFO  impl.VoteContext (VoteContext.java:log(48)) - 8036fef3-52ee-40d8-bc71-c3943af78d41@group-DFB956EFFE94-FOLLOWER: reject ELECTION from c90336e2-d91d-49cc-aa4b-bbf13dfdddb4: our priority 1 > candidate's priority 0
2022-10-04 13:25:53,217 [grpc-default-executor-0] INFO  server.RaftServer$Division (RaftServerImpl.java:setRole(299)) - 8036fef3-52ee-40d8-bc71-c3943af78d41@group-DFB956EFFE94: changes role from  FOLLOWER to FOLLOWER at term 1 for candidate:c90336e2-d91d-49cc-aa4b-bbf13dfdddb4
2022-10-04 13:25:53,217 [grpc-default-executor-0] INFO  impl.RoleInfo (RoleInfo.java:shutdownFollowerState(110)) - 8036fef3-52ee-40d8-bc71-c3943af78d41: shutdown 8036fef3-52ee-40d8-bc71-c3943af78d41@group-DFB956EFFE94-FollowerState
2022-10-04 13:25:53,217 [grpc-default-executor-0] INFO  impl.RoleInfo (RoleInfo.java:updateAndGet(139)) - 8036fef3-52ee-40d8-bc71-c3943af78d41: start 8036fef3-52ee-40d8-bc71-c3943af78d41@group-DFB956EFFE94-FollowerState
2022-10-04 13:25:53,217 [8036fef3-52ee-40d8-bc71-c3943af78d41@group-DFB956EFFE94-FollowerState] INFO  impl.FollowerState (FollowerState.java:run(152)) - 8036fef3-52ee-40d8-bc71-c3943af78d41@group-DFB956EFFE94-FollowerState was interrupted
2022-10-04 13:25:53,219 [grpc-default-executor-0] INFO  server.RaftServer$Division (RaftServerImpl.java:requestVote(1184)) - 8036fef3-52ee-40d8-bc71-c3943af78d41@group-DFB956EFFE94 replies to ELECTION vote request: c90336e2-d91d-49cc-aa4b-bbf13dfdddb4<-8036fef3-52ee-40d8-bc71-c3943af78d41#0:FAIL-t1. Peer's state: 8036fef3-52ee-40d8-bc71-c3943af78d41@group-DFB956EFFE94:t1, leader=null, voted=null, raftlog=8036fef3-52ee-40d8-bc71-c3943af78d41@group-DFB956EFFE94-SegmentedRaftLog:OPENED:c-1, conf=-1: [8036fef3-52ee-40d8-bc71-c3943af78d41|rpc:10.1.1.108:33423|dataStream:|priority:1, c90336e2-d91d-49cc-aa4b-bbf13dfdddb4|rpc:10.1.1.108:44899|dataStream:|priority:0, 53175bfc-7fac-47e0-bbdf-d2c660bed80b|rpc:10.1.1.108:33245|dataStream:|priority:0], old=null
2022-10-04 13:25:53,230 [c90336e2-d91d-49cc-aa4b-bbf13dfdddb4@group-DFB956EFFE94-LeaderElection3] INFO  impl.LeaderElection (LeaderElection.java:logAndReturn(90)) - c90336e2-d91d-49cc-aa4b-bbf13dfdddb4@group-DFB956EFFE94-LeaderElection3: ELECTION REJECTED received 1 response(s) and 0 exception(s):
2022-10-04 13:25:53,230 [c90336e2-d91d-49cc-aa4b-bbf13dfdddb4@group-DFB956EFFE94-LeaderElection3] INFO  impl.LeaderElection (LeaderElection.java:logAndReturn(94)) -   Response 0: c90336e2-d91d-49cc-aa4b-bbf13dfdddb4<-8036fef3-52ee-40d8-bc71-c3943af78d41#0:FAIL-t1
2022-10-04 13:25:53,230 [c90336e2-d91d-49cc-aa4b-bbf13dfdddb4@group-DFB956EFFE94-LeaderElection3] INFO  impl.LeaderElection (LeaderElection.java:askForVotes(312)) - c90336e2-d91d-49cc-aa4b-bbf13dfdddb4@group-DFB956EFFE94-LeaderElection3 ELECTION round 0: result REJECTED
2022-10-04 13:25:53,230 [c90336e2-d91d-49cc-aa4b-bbf13dfdddb4@group-DFB956EFFE94-LeaderElection3] INFO  server.RaftServer$Division (RaftServerImpl.java:setRole(299)) - c90336e2-d91d-49cc-aa4b-bbf13dfdddb4@group-DFB956EFFE94: changes role from CANDIDATE to FOLLOWER at term 1 for REJECTED
2022-10-04 13:25:53,230 [c90336e2-d91d-49cc-aa4b-bbf13dfdddb4@group-DFB956EFFE94-LeaderElection3] INFO  impl.RoleInfo (RoleInfo.java:shutdownLeaderElection(130)) - c90336e2-d91d-49cc-aa4b-bbf13dfdddb4: shutdown c90336e2-d91d-49cc-aa4b-bbf13dfdddb4@group-DFB956EFFE94-LeaderElection3
2022-10-04 13:25:53,230 [c90336e2-d91d-49cc-aa4b-bbf13dfdddb4@group-DFB956EFFE94-LeaderElection3] INFO  impl.RoleInfo (RoleInfo.java:updateAndGet(139)) - c90336e2-d91d-49cc-aa4b-bbf13dfdddb4: start c90336e2-d91d-49cc-aa4b-bbf13dfdddb4@group-DFB956EFFE94-FollowerState
2022-10-04 13:25:53,237 [grpc-default-executor-0] INFO  server.RaftServer$Division (RaftServerImpl.java:requestVote(1152)) - 53175bfc-7fac-47e0-bbdf-d2c660bed80b@group-DFB956EFFE94: receive requestVote(ELECTION, c90336e2-d91d-49cc-aa4b-bbf13dfdddb4, group-DFB956EFFE94, 1, (t:0, i:0))
2022-10-04 13:25:53,238 [grpc-default-executor-0] INFO  impl.VoteContext (VoteContext.java:log(48)) - 53175bfc-7fac-47e0-bbdf-d2c660bed80b@group-DFB956EFFE94-FOLLOWER: accept ELECTION from c90336e2-d91d-49cc-aa4b-bbf13dfdddb4: our priority 0 <= candidate's priority 0
2022-10-04 13:25:53,238 [grpc-default-executor-0] INFO  server.RaftServer$Division (RaftServerImpl.java:setRole(299)) - 53175bfc-7fac-47e0-bbdf-d2c660bed80b@group-DFB956EFFE94: changes role from  FOLLOWER to FOLLOWER at term 1 for candidate:c90336e2-d91d-49cc-aa4b-bbf13dfdddb4
2022-10-04 13:25:53,238 [grpc-default-executor-0] INFO  impl.RoleInfo (RoleInfo.java:shutdownFollowerState(110)) - 53175bfc-7fac-47e0-bbdf-d2c660bed80b: shutdown 53175bfc-7fac-47e0-bbdf-d2c660bed80b@group-DFB956EFFE94-FollowerState
2022-10-04 13:25:53,238 [grpc-default-executor-0] INFO  impl.RoleInfo (RoleInfo.java:updateAndGet(139)) - 53175bfc-7fac-47e0-bbdf-d2c660bed80b: start 53175bfc-7fac-47e0-bbdf-d2c660bed80b@group-DFB956EFFE94-FollowerState
2022-10-04 13:25:53,238 [53175bfc-7fac-47e0-bbdf-d2c660bed80b@group-DFB956EFFE94-FollowerState] INFO  impl.FollowerState (FollowerState.java:run(152)) - 53175bfc-7fac-47e0-bbdf-d2c660bed80b@group-DFB956EFFE94-FollowerState was interrupted
2022-10-04 13:25:53,242 [grpc-default-executor-0] INFO  server.RaftServer$Division (RaftServerImpl.java:requestVote(1184)) - 53175bfc-7fac-47e0-bbdf-d2c660bed80b@group-DFB956EFFE94 replies to ELECTION vote request: c90336e2-d91d-49cc-aa4b-bbf13dfdddb4<-53175bfc-7fac-47e0-bbdf-d2c660bed80b#0:OK-t1. Peer's state: 53175bfc-7fac-47e0-bbdf-d2c660bed80b@group-DFB956EFFE94:t1, leader=null, voted=c90336e2-d91d-49cc-aa4b-bbf13dfdddb4, raftlog=53175bfc-7fac-47e0-bbdf-d2c660bed80b@group-DFB956EFFE94-SegmentedRaftLog:OPENED:c-1, conf=-1: [8036fef3-52ee-40d8-bc71-c3943af78d41|rpc:10.1.1.108:33423|dataStream:|priority:1, c90336e2-d91d-49cc-aa4b-bbf13dfdddb4|rpc:10.1.1.108:44899|dataStream:|priority:0, 53175bfc-7fac-47e0-bbdf-d2c660bed80b|rpc:10.1.1.108:33245|dataStream:|priority:0], old=null
2022-10-04 13:25:53,410 [53175bfc-7fac-47e0-bbdf-d2c660bed80b@group-9184019B8379-FollowerState] INFO  impl.FollowerState (FollowerState.java:run(143)) - 53175bfc-7fac-47e0-bbdf-d2c660bed80b@group-9184019B8379-FollowerState: change to CANDIDATE, lastRpcElapsedTime:5035545936ns, electionTimeout:5035ms
2022-10-04 13:25:53,411 [53175bfc-7fac-47e0-bbdf-d2c660bed80b@group-9184019B8379-FollowerState] INFO  impl.RoleInfo (RoleInfo.java:shutdownFollowerState(110)) - 53175bfc-7fac-47e0-bbdf-d2c660bed80b: shutdown 53175bfc-7fac-47e0-bbdf-d2c660bed80b@group-9184019B8379-FollowerState
2022-10-04 13:25:53,411 [53175bfc-7fac-47e0-bbdf-d2c660bed80b@group-9184019B8379-FollowerState] INFO  server.RaftServer$Division (RaftServerImpl.java:setRole(299)) - 53175bfc-7fac-47e0-bbdf-d2c660bed80b@group-9184019B8379: changes role from  FOLLOWER to CANDIDATE at term 0 for changeToCandidate
2022-10-04 13:25:53,411 [53175bfc-7fac-47e0-bbdf-d2c660bed80b@group-9184019B8379-FollowerState] INFO  server.RaftServerConfigKeys (ConfUtils.java:logGet(46)) - raft.server.leaderelection.pre-vote = false (custom)
2022-10-04 13:25:53,411 [53175bfc-7fac-47e0-bbdf-d2c660bed80b@group-9184019B8379-FollowerState] INFO  impl.RoleInfo (RoleInfo.java:updateAndGet(139)) - 53175bfc-7fac-47e0-bbdf-d2c660bed80b: start 53175bfc-7fac-47e0-bbdf-d2c660bed80b@group-9184019B8379-LeaderElection4
2022-10-04 13:25:53,414 [8036fef3-52ee-40d8-bc71-c3943af78d41@group-9184019B8379-FollowerState] INFO  impl.FollowerState (FollowerState.java:run(143)) - 8036fef3-52ee-40d8-bc71-c3943af78d41@group-9184019B8379-FollowerState: change to CANDIDATE, lastRpcElapsedTime:5086323179ns, electionTimeout:5085ms
2022-10-04 13:25:53,415 [8036fef3-52ee-40d8-bc71-c3943af78d41@group-9184019B8379-FollowerState] INFO  impl.RoleInfo (RoleInfo.java:shutdownFollowerState(110)) - 8036fef3-52ee-40d8-bc71-c3943af78d41: shutdown 8036fef3-52ee-40d8-bc71-c3943af78d41@group-9184019B8379-FollowerState
2022-10-04 13:25:53,415 [8036fef3-52ee-40d8-bc71-c3943af78d41@group-9184019B8379-FollowerState] INFO  server.RaftServer$Division (RaftServerImpl.java:setRole(299)) - 8036fef3-52ee-40d8-bc71-c3943af78d41@group-9184019B8379: changes role from  FOLLOWER to CANDIDATE at term 0 for changeToCandidate
2022-10-04 13:25:53,415 [8036fef3-52ee-40d8-bc71-c3943af78d41@group-9184019B8379-FollowerState] INFO  server.RaftServerConfigKeys (ConfUtils.java:logGet(46)) - raft.server.leaderelection.pre-vote = false (custom)
2022-10-04 13:25:53,415 [8036fef3-52ee-40d8-bc71-c3943af78d41@group-9184019B8379-FollowerState] INFO  impl.RoleInfo (RoleInfo.java:updateAndGet(139)) - 8036fef3-52ee-40d8-bc71-c3943af78d41: start 8036fef3-52ee-40d8-bc71-c3943af78d41@group-9184019B8379-LeaderElection5
2022-10-04 13:25:53,422 [53175bfc-7fac-47e0-bbdf-d2c660bed80b@group-9184019B8379-LeaderElection4] INFO  impl.LeaderElection (LeaderElection.java:askForVotes(310)) - 53175bfc-7fac-47e0-bbdf-d2c660bed80b@group-9184019B8379-LeaderElection4 ELECTION round 0: submit vote requests at term 1 for -1: [8036fef3-52ee-40d8-bc71-c3943af78d41|rpc:10.1.1.108:33423|dataStream:|priority:0, c90336e2-d91d-49cc-aa4b-bbf13dfdddb4|rpc:10.1.1.108:44899|dataStream:|priority:1, 53175bfc-7fac-47e0-bbdf-d2c660bed80b|rpc:10.1.1.108:33245|dataStream:|priority:0], old=null
2022-10-04 13:25:53,424 [8036fef3-52ee-40d8-bc71-c3943af78d41@group-9184019B8379-LeaderElection5] INFO  impl.LeaderElection (LeaderElection.java:askForVotes(310)) - 8036fef3-52ee-40d8-bc71-c3943af78d41@group-9184019B8379-LeaderElection5 ELECTION round 0: submit vote requests at term 1 for -1: [8036fef3-52ee-40d8-bc71-c3943af78d41|rpc:10.1.1.108:33423|dataStream:|priority:0, c90336e2-d91d-49cc-aa4b-bbf13dfdddb4|rpc:10.1.1.108:44899|dataStream:|priority:1, 53175bfc-7fac-47e0-bbdf-d2c660bed80b|rpc:10.1.1.108:33245|dataStream:|priority:0], old=null
2022-10-04 13:25:53,438 [grpc-default-executor-0] INFO  server.RaftServer$Division (RaftServerImpl.java:requestVote(1152)) - 8036fef3-52ee-40d8-bc71-c3943af78d41@group-9184019B8379: receive requestVote(ELECTION, 53175bfc-7fac-47e0-bbdf-d2c660bed80b, group-9184019B8379, 1, (t:0, i:0))
2022-10-04 13:25:53,440 [grpc-default-executor-0] INFO  impl.VoteContext (VoteContext.java:log(48)) - 8036fef3-52ee-40d8-bc71-c3943af78d41@group-9184019B8379-CANDIDATE: reject ELECTION from 53175bfc-7fac-47e0-bbdf-d2c660bed80b: already has voted for 8036fef3-52ee-40d8-bc71-c3943af78d41 at current term 1
2022-10-04 13:25:53,440 [grpc-default-executor-0] INFO  server.RaftServer$Division (RaftServerImpl.java:requestVote(1184)) - 8036fef3-52ee-40d8-bc71-c3943af78d41@group-9184019B8379 replies to ELECTION vote request: 53175bfc-7fac-47e0-bbdf-d2c660bed80b<-8036fef3-52ee-40d8-bc71-c3943af78d41#0:FAIL-t1. Peer's state: 8036fef3-52ee-40d8-bc71-c3943af78d41@group-9184019B8379:t1, leader=null, voted=8036fef3-52ee-40d8-bc71-c3943af78d41, raftlog=8036fef3-52ee-40d8-bc71-c3943af78d41@group-9184019B8379-SegmentedRaftLog:OPENED:c-1, conf=-1: [8036fef3-52ee-40d8-bc71-c3943af78d41|rpc:10.1.1.108:33423|dataStream:|priority:0, c90336e2-d91d-49cc-aa4b-bbf13dfdddb4|rpc:10.1.1.108:44899|dataStream:|priority:1, 53175bfc-7fac-47e0-bbdf-d2c660bed80b|rpc:10.1.1.108:33245|dataStream:|priority:0], old=null
2022-10-04 13:25:53,447 [c90336e2-d91d-49cc-aa4b-bbf13dfdddb4@group-9184019B8379-FollowerState] INFO  impl.FollowerState (FollowerState.java:run(143)) - c90336e2-d91d-49cc-aa4b-bbf13dfdddb4@group-9184019B8379-FollowerState: change to CANDIDATE, lastRpcElapsedTime:5145223629ns, electionTimeout:5140ms
2022-10-04 13:25:53,448 [c90336e2-d91d-49cc-aa4b-bbf13dfdddb4@group-9184019B8379-FollowerState] INFO  impl.RoleInfo (RoleInfo.java:shutdownFollowerState(110)) - c90336e2-d91d-49cc-aa4b-bbf13dfdddb4: shutdown c90336e2-d91d-49cc-aa4b-bbf13dfdddb4@group-9184019B8379-FollowerState
2022-10-04 13:25:53,448 [c90336e2-d91d-49cc-aa4b-bbf13dfdddb4@group-9184019B8379-FollowerState] INFO  server.RaftServer$Division (RaftServerImpl.java:setRole(299)) - c90336e2-d91d-49cc-aa4b-bbf13dfdddb4@group-9184019B8379: changes role from  FOLLOWER to CANDIDATE at term 0 for changeToCandidate
2022-10-04 13:25:53,448 [c90336e2-d91d-49cc-aa4b-bbf13dfdddb4@group-9184019B8379-FollowerState] INFO  server.RaftServerConfigKeys (ConfUtils.java:logGet(46)) - raft.server.leaderelection.pre-vote = false (custom)
2022-10-04 13:25:53,448 [c90336e2-d91d-49cc-aa4b-bbf13dfdddb4@group-9184019B8379-FollowerState] INFO  impl.RoleInfo (RoleInfo.java:updateAndGet(139)) - c90336e2-d91d-49cc-aa4b-bbf13dfdddb4: start c90336e2-d91d-49cc-aa4b-bbf13dfdddb4@group-9184019B8379-LeaderElection6
2022-10-04 13:25:53,463 [grpc-default-executor-0] INFO  server.RaftServer$Division (RaftServerImpl.java:requestVote(1152)) - c90336e2-d91d-49cc-aa4b-bbf13dfdddb4@group-9184019B8379: receive requestVote(ELECTION, 8036fef3-52ee-40d8-bc71-c3943af78d41, group-9184019B8379, 1, (t:0, i:0))
2022-10-04 13:25:53,464 [c90336e2-d91d-49cc-aa4b-bbf13dfdddb4@group-9184019B8379-LeaderElection6] INFO  impl.LeaderElection (LeaderElection.java:askForVotes(310)) - c90336e2-d91d-49cc-aa4b-bbf13dfdddb4@group-9184019B8379-LeaderElection6 ELECTION round 0: submit vote requests at term 1 for -1: [8036fef3-52ee-40d8-bc71-c3943af78d41|rpc:10.1.1.108:33423|priority:0, c90336e2-d91d-49cc-aa4b-bbf13dfdddb4|rpc:10.1.1.108:44899|priority:1, 53175bfc-7fac-47e0-bbdf-d2c660bed80b|rpc:10.1.1.108:33245|priority:0], old=null
2022-10-04 13:25:53,463 [grpc-default-executor-2] INFO  server.RaftServer$Division (RaftServerImpl.java:requestVote(1152)) - c90336e2-d91d-49cc-aa4b-bbf13dfdddb4@group-9184019B8379: receive requestVote(ELECTION, 53175bfc-7fac-47e0-bbdf-d2c660bed80b, group-9184019B8379, 1, (t:0, i:0))
2022-10-04 13:25:53,464 [grpc-default-executor-0] INFO  impl.VoteContext (VoteContext.java:log(48)) - c90336e2-d91d-49cc-aa4b-bbf13dfdddb4@group-9184019B8379-CANDIDATE: reject ELECTION from 8036fef3-52ee-40d8-bc71-c3943af78d41: already has voted for c90336e2-d91d-49cc-aa4b-bbf13dfdddb4 at current term 1
2022-10-04 13:25:53,470 [grpc-default-executor-0] INFO  server.RaftServer$Division (RaftServerImpl.java:requestVote(1184)) - c90336e2-d91d-49cc-aa4b-bbf13dfdddb4@group-9184019B8379 replies to ELECTION vote request: 8036fef3-52ee-40d8-bc71-c3943af78d41<-c90336e2-d91d-49cc-aa4b-bbf13dfdddb4#0:FAIL-t1. Peer's state: c90336e2-d91d-49cc-aa4b-bbf13dfdddb4@group-9184019B8379:t1, leader=null, voted=c90336e2-d91d-49cc-aa4b-bbf13dfdddb4, raftlog=c90336e2-d91d-49cc-aa4b-bbf13dfdddb4@group-9184019B8379-SegmentedRaftLog:OPENED:c-1, conf=-1: [8036fef3-52ee-40d8-bc71-c3943af78d41|rpc:10.1.1.108:33423|priority:0, c90336e2-d91d-49cc-aa4b-bbf13dfdddb4|rpc:10.1.1.108:44899|priority:1, 53175bfc-7fac-47e0-bbdf-d2c660bed80b|rpc:10.1.1.108:33245|priority:0], old=null
2022-10-04 13:25:53,471 [8036fef3-52ee-40d8-bc71-c3943af78d41@group-9184019B8379-LeaderElection5] INFO  impl.LeaderElection (LeaderElection.java:logAndReturn(90)) - 8036fef3-52ee-40d8-bc71-c3943af78d41@group-9184019B8379-LeaderElection5: ELECTION REJECTED received 1 response(s) and 0 exception(s):
2022-10-04 13:25:53,471 [8036fef3-52ee-40d8-bc71-c3943af78d41@group-9184019B8379-LeaderElection5] INFO  impl.LeaderElection (LeaderElection.java:logAndReturn(94)) -   Response 0: 8036fef3-52ee-40d8-bc71-c3943af78d41<-c90336e2-d91d-49cc-aa4b-bbf13dfdddb4#0:FAIL-t1
2022-10-04 13:25:53,471 [8036fef3-52ee-40d8-bc71-c3943af78d41@group-9184019B8379-LeaderElection5] INFO  impl.LeaderElection (LeaderElection.java:askForVotes(312)) - 8036fef3-52ee-40d8-bc71-c3943af78d41@group-9184019B8379-LeaderElection5 ELECTION round 0: result REJECTED
2022-10-04 13:25:53,472 [8036fef3-52ee-40d8-bc71-c3943af78d41@group-9184019B8379-LeaderElection5] INFO  server.RaftServer$Division (RaftServerImpl.java:setRole(299)) - 8036fef3-52ee-40d8-bc71-c3943af78d41@group-9184019B8379: changes role from CANDIDATE to FOLLOWER at term 1 for REJECTED
2022-10-04 13:25:53,472 [8036fef3-52ee-40d8-bc71-c3943af78d41@group-9184019B8379-LeaderElection5] INFO  impl.RoleInfo (RoleInfo.java:shutdownLeaderElection(130)) - 8036fef3-52ee-40d8-bc71-c3943af78d41: shutdown 8036fef3-52ee-40d8-bc71-c3943af78d41@group-9184019B8379-LeaderElection5
2022-10-04 13:25:53,472 [8036fef3-52ee-40d8-bc71-c3943af78d41@group-9184019B8379-LeaderElection5] INFO  impl.RoleInfo (RoleInfo.java:updateAndGet(139)) - 8036fef3-52ee-40d8-bc71-c3943af78d41: start 8036fef3-52ee-40d8-bc71-c3943af78d41@group-9184019B8379-FollowerState
2022-10-04 13:25:53,484 [grpc-default-executor-0] INFO  server.RaftServer$Division (RaftServerImpl.java:requestVote(1152)) - 8036fef3-52ee-40d8-bc71-c3943af78d41@group-9184019B8379: receive requestVote(ELECTION, c90336e2-d91d-49cc-aa4b-bbf13dfdddb4, group-9184019B8379, 1, (t:0, i:0))
2022-10-04 13:25:53,485 [grpc-default-executor-1] INFO  server.RaftServer$Division (RaftServerImpl.java:requestVote(1152)) - 53175bfc-7fac-47e0-bbdf-d2c660bed80b@group-9184019B8379: receive requestVote(ELECTION, 8036fef3-52ee-40d8-bc71-c3943af78d41, group-9184019B8379, 1, (t:0, i:0))
2022-10-04 13:25:53,484 [grpc-default-executor-2] INFO  impl.VoteContext (VoteContext.java:log(48)) - c90336e2-d91d-49cc-aa4b-bbf13dfdddb4@group-9184019B8379-CANDIDATE: reject ELECTION from 53175bfc-7fac-47e0-bbdf-d2c660bed80b: already has voted for c90336e2-d91d-49cc-aa4b-bbf13dfdddb4 at current term 1
2022-10-04 13:25:53,485 [grpc-default-executor-1] INFO  impl.VoteContext (VoteContext.java:log(48)) - 53175bfc-7fac-47e0-bbdf-d2c660bed80b@group-9184019B8379-CANDIDATE: reject ELECTION from 8036fef3-52ee-40d8-bc71-c3943af78d41: already has voted for 53175bfc-7fac-47e0-bbdf-d2c660bed80b at current term 1
2022-10-04 13:25:53,485 [grpc-default-executor-0] INFO  impl.VoteContext (VoteContext.java:log(48)) - 8036fef3-52ee-40d8-bc71-c3943af78d41@group-9184019B8379-FOLLOWER: reject ELECTION from c90336e2-d91d-49cc-aa4b-bbf13dfdddb4: already has voted for 8036fef3-52ee-40d8-bc71-c3943af78d41 at current term 1
2022-10-04 13:25:53,485 [grpc-default-executor-1] INFO  server.RaftServer$Division (RaftServerImpl.java:requestVote(1184)) - 53175bfc-7fac-47e0-bbdf-d2c660bed80b@group-9184019B8379 replies to ELECTION vote request: 8036fef3-52ee-40d8-bc71-c3943af78d41<-53175bfc-7fac-47e0-bbdf-d2c660bed80b#0:FAIL-t1. Peer's state: 53175bfc-7fac-47e0-bbdf-d2c660bed80b@group-9184019B8379:t1, leader=null, voted=53175bfc-7fac-47e0-bbdf-d2c660bed80b, raftlog=53175bfc-7fac-47e0-bbdf-d2c660bed80b@group-9184019B8379-SegmentedRaftLog:OPENED:c-1, conf=-1: [8036fef3-52ee-40d8-bc71-c3943af78d41|rpc:10.1.1.108:33423|dataStream:|priority:0, c90336e2-d91d-49cc-aa4b-bbf13dfdddb4|rpc:10.1.1.108:44899|dataStream:|priority:1, 53175bfc-7fac-47e0-bbdf-d2c660bed80b|rpc:10.1.1.108:33245|dataStream:|priority:0], old=null
2022-10-04 13:25:53,485 [grpc-default-executor-0] INFO  server.RaftServer$Division (RaftServerImpl.java:requestVote(1184)) - 8036fef3-52ee-40d8-bc71-c3943af78d41@group-9184019B8379 replies to ELECTION vote request: c90336e2-d91d-49cc-aa4b-bbf13dfdddb4<-8036fef3-52ee-40d8-bc71-c3943af78d41#0:FAIL-t1. Peer's state: 8036fef3-52ee-40d8-bc71-c3943af78d41@group-9184019B8379:t1, leader=null, voted=8036fef3-52ee-40d8-bc71-c3943af78d41, raftlog=8036fef3-52ee-40d8-bc71-c3943af78d41@group-9184019B8379-SegmentedRaftLog:OPENED:c-1, conf=-1: [8036fef3-52ee-40d8-bc71-c3943af78d41|rpc:10.1.1.108:33423|dataStream:|priority:0, c90336e2-d91d-49cc-aa4b-bbf13dfdddb4|rpc:10.1.1.108:44899|dataStream:|priority:1, 53175bfc-7fac-47e0-bbdf-d2c660bed80b|rpc:10.1.1.108:33245|dataStream:|priority:0], old=null
2022-10-04 13:25:53,485 [grpc-default-executor-2] INFO  server.RaftServer$Division (RaftServerImpl.java:requestVote(1184)) - c90336e2-d91d-49cc-aa4b-bbf13dfdddb4@group-9184019B8379 replies to ELECTION vote request: 53175bfc-7fac-47e0-bbdf-d2c660bed80b<-c90336e2-d91d-49cc-aa4b-bbf13dfdddb4#0:FAIL-t1. Peer's state: c90336e2-d91d-49cc-aa4b-bbf13dfdddb4@group-9184019B8379:t1, leader=null, voted=c90336e2-d91d-49cc-aa4b-bbf13dfdddb4, raftlog=c90336e2-d91d-49cc-aa4b-bbf13dfdddb4@group-9184019B8379-SegmentedRaftLog:OPENED:c-1, conf=-1: [8036fef3-52ee-40d8-bc71-c3943af78d41|rpc:10.1.1.108:33423|priority:0, c90336e2-d91d-49cc-aa4b-bbf13dfdddb4|rpc:10.1.1.108:44899|priority:1, 53175bfc-7fac-47e0-bbdf-d2c660bed80b|rpc:10.1.1.108:33245|priority:0], old=null
2022-10-04 13:25:53,492 [53175bfc-7fac-47e0-bbdf-d2c660bed80b@group-9184019B8379-LeaderElection4] INFO  impl.LeaderElection (LeaderElection.java:logAndReturn(90)) - 53175bfc-7fac-47e0-bbdf-d2c660bed80b@group-9184019B8379-LeaderElection4: ELECTION REJECTED received 2 response(s) and 0 exception(s):
2022-10-04 13:25:53,493 [53175bfc-7fac-47e0-bbdf-d2c660bed80b@group-9184019B8379-LeaderElection4] INFO  impl.LeaderElection (LeaderElection.java:logAndReturn(94)) -   Response 0: 53175bfc-7fac-47e0-bbdf-d2c660bed80b<-8036fef3-52ee-40d8-bc71-c3943af78d41#0:FAIL-t1
2022-10-04 13:25:53,493 [53175bfc-7fac-47e0-bbdf-d2c660bed80b@group-9184019B8379-LeaderElection4] INFO  impl.LeaderElection (LeaderElection.java:logAndReturn(94)) -   Response 1: 53175bfc-7fac-47e0-bbdf-d2c660bed80b<-c90336e2-d91d-49cc-aa4b-bbf13dfdddb4#0:FAIL-t1
2022-10-04 13:25:53,493 [53175bfc-7fac-47e0-bbdf-d2c660bed80b@group-9184019B8379-LeaderElection4] INFO  impl.LeaderElection (LeaderElection.java:askForVotes(312)) - 53175bfc-7fac-47e0-bbdf-d2c660bed80b@group-9184019B8379-LeaderElection4 ELECTION round 0: result REJECTED
2022-10-04 13:25:53,493 [53175bfc-7fac-47e0-bbdf-d2c660bed80b@group-9184019B8379-LeaderElection4] INFO  server.RaftServer$Division (RaftServerImpl.java:setRole(299)) - 53175bfc-7fac-47e0-bbdf-d2c660bed80b@group-9184019B8379: changes role from CANDIDATE to FOLLOWER at term 1 for REJECTED
2022-10-04 13:25:53,493 [53175bfc-7fac-47e0-bbdf-d2c660bed80b@group-9184019B8379-LeaderElection4] INFO  impl.RoleInfo (RoleInfo.java:shutdownLeaderElection(130)) - 53175bfc-7fac-47e0-bbdf-d2c660bed80b: shutdown 53175bfc-7fac-47e0-bbdf-d2c660bed80b@group-9184019B8379-LeaderElection4
2022-10-04 13:25:53,493 [53175bfc-7fac-47e0-bbdf-d2c660bed80b@group-9184019B8379-LeaderElection4] INFO  impl.RoleInfo (RoleInfo.java:updateAndGet(139)) - 53175bfc-7fac-47e0-bbdf-d2c660bed80b: start 53175bfc-7fac-47e0-bbdf-d2c660bed80b@group-9184019B8379-FollowerState
2022-10-04 13:25:53,493 [grpc-default-executor-3] INFO  server.RaftServer$Division (RaftServerImpl.java:requestVote(1152)) - 53175bfc-7fac-47e0-bbdf-d2c660bed80b@group-9184019B8379: receive requestVote(ELECTION, c90336e2-d91d-49cc-aa4b-bbf13dfdddb4, group-9184019B8379, 1, (t:0, i:0))
2022-10-04 13:25:53,497 [grpc-default-executor-3] INFO  impl.VoteContext (VoteContext.java:log(48)) - 53175bfc-7fac-47e0-bbdf-d2c660bed80b@group-9184019B8379-FOLLOWER: reject ELECTION from c90336e2-d91d-49cc-aa4b-bbf13dfdddb4: already has voted for 53175bfc-7fac-47e0-bbdf-d2c660bed80b at current term 1
2022-10-04 13:25:53,497 [grpc-default-executor-3] INFO  server.RaftServer$Division (RaftServerImpl.java:requestVote(1184)) - 53175bfc-7fac-47e0-bbdf-d2c660bed80b@group-9184019B8379 replies to ELECTION vote request: c90336e2-d91d-49cc-aa4b-bbf13dfdddb4<-53175bfc-7fac-47e0-bbdf-d2c660bed80b#0:FAIL-t1. Peer's state: 53175bfc-7fac-47e0-bbdf-d2c660bed80b@group-9184019B8379:t1, leader=null, voted=53175bfc-7fac-47e0-bbdf-d2c660bed80b, raftlog=53175bfc-7fac-47e0-bbdf-d2c660bed80b@group-9184019B8379-SegmentedRaftLog:OPENED:c-1, conf=-1: [8036fef3-52ee-40d8-bc71-c3943af78d41|rpc:10.1.1.108:33423|dataStream:|priority:0, c90336e2-d91d-49cc-aa4b-bbf13dfdddb4|rpc:10.1.1.108:44899|dataStream:|priority:1, 53175bfc-7fac-47e0-bbdf-d2c660bed80b|rpc:10.1.1.108:33245|dataStream:|priority:0], old=null
2022-10-04 13:25:53,498 [c90336e2-d91d-49cc-aa4b-bbf13dfdddb4@group-9184019B8379-LeaderElection6] INFO  impl.LeaderElection (LeaderElection.java:logAndReturn(90)) - c90336e2-d91d-49cc-aa4b-bbf13dfdddb4@group-9184019B8379-LeaderElection6: ELECTION REJECTED received 2 response(s) and 0 exception(s):
2022-10-04 13:25:53,498 [c90336e2-d91d-49cc-aa4b-bbf13dfdddb4@group-9184019B8379-LeaderElection6] INFO  impl.LeaderElection (LeaderElection.java:logAndReturn(94)) -   Response 0: c90336e2-d91d-49cc-aa4b-bbf13dfdddb4<-8036fef3-52ee-40d8-bc71-c3943af78d41#0:FAIL-t1
2022-10-04 13:25:53,498 [c90336e2-d91d-49cc-aa4b-bbf13dfdddb4@group-9184019B8379-LeaderElection6] INFO  impl.LeaderElection (LeaderElection.java:logAndReturn(94)) -   Response 1: c90336e2-d91d-49cc-aa4b-bbf13dfdddb4<-53175bfc-7fac-47e0-bbdf-d2c660bed80b#0:FAIL-t1
2022-10-04 13:25:53,498 [c90336e2-d91d-49cc-aa4b-bbf13dfdddb4@group-9184019B8379-LeaderElection6] INFO  impl.LeaderElection (LeaderElection.java:askForVotes(312)) - c90336e2-d91d-49cc-aa4b-bbf13dfdddb4@group-9184019B8379-LeaderElection6 ELECTION round 0: result REJECTED
2022-10-04 13:25:53,499 [c90336e2-d91d-49cc-aa4b-bbf13dfdddb4@group-9184019B8379-LeaderElection6] INFO  server.RaftServer$Division (RaftServerImpl.java:setRole(299)) - c90336e2-d91d-49cc-aa4b-bbf13dfdddb4@group-9184019B8379: changes role from CANDIDATE to FOLLOWER at term 1 for REJECTED
2022-10-04 13:25:53,499 [c90336e2-d91d-49cc-aa4b-bbf13dfdddb4@group-9184019B8379-LeaderElection6] INFO  impl.RoleInfo (RoleInfo.java:shutdownLeaderElection(130)) - c90336e2-d91d-49cc-aa4b-bbf13dfdddb4: shutdown c90336e2-d91d-49cc-aa4b-bbf13dfdddb4@group-9184019B8379-LeaderElection6
2022-10-04 13:25:53,499 [c90336e2-d91d-49cc-aa4b-bbf13dfdddb4@group-9184019B8379-LeaderElection6] INFO  impl.RoleInfo (RoleInfo.java:updateAndGet(139)) - c90336e2-d91d-49cc-aa4b-bbf13dfdddb4: start c90336e2-d91d-49cc-aa4b-bbf13dfdddb4@group-9184019B8379-FollowerState
2022-10-04 13:25:53,543 [8036fef3-52ee-40d8-bc71-c3943af78d41@group-547E0F5B65A3-FollowerState] INFO  impl.FollowerState (FollowerState.java:run(143)) - 8036fef3-52ee-40d8-bc71-c3943af78d41@group-547E0F5B65A3-FollowerState: change to CANDIDATE, lastRpcElapsedTime:5088444681ns, electionTimeout:5087ms
2022-10-04 13:25:53,544 [8036fef3-52ee-40d8-bc71-c3943af78d41@group-547E0F5B65A3-FollowerState] INFO  impl.RoleInfo (RoleInfo.java:shutdownFollowerState(110)) - 8036fef3-52ee-40d8-bc71-c3943af78d41: shutdown 8036fef3-52ee-40d8-bc71-c3943af78d41@group-547E0F5B65A3-FollowerState
2022-10-04 13:25:53,544 [8036fef3-52ee-40d8-bc71-c3943af78d41@group-547E0F5B65A3-FollowerState] INFO  server.RaftServer$Division (RaftServerImpl.java:setRole(299)) - 8036fef3-52ee-40d8-bc71-c3943af78d41@group-547E0F5B65A3: changes role from  FOLLOWER to CANDIDATE at term 0 for changeToCandidate
2022-10-04 13:25:53,544 [8036fef3-52ee-40d8-bc71-c3943af78d41@group-547E0F5B65A3-FollowerState] INFO  server.RaftServerConfigKeys (ConfUtils.java:logGet(46)) - raft.server.leaderelection.pre-vote = false (custom)
2022-10-04 13:25:53,544 [8036fef3-52ee-40d8-bc71-c3943af78d41@group-547E0F5B65A3-FollowerState] INFO  impl.RoleInfo (RoleInfo.java:updateAndGet(139)) - 8036fef3-52ee-40d8-bc71-c3943af78d41: start 8036fef3-52ee-40d8-bc71-c3943af78d41@group-547E0F5B65A3-LeaderElection7
2022-10-04 13:25:53,548 [8036fef3-52ee-40d8-bc71-c3943af78d41@group-547E0F5B65A3-LeaderElection7] INFO  impl.LeaderElection (LeaderElection.java:askForVotes(310)) - 8036fef3-52ee-40d8-bc71-c3943af78d41@group-547E0F5B65A3-LeaderElection7 ELECTION round 0: submit vote requests at term 1 for -1: [8036fef3-52ee-40d8-bc71-c3943af78d41|rpc:10.1.1.108:33423|priority:1], old=null
2022-10-04 13:25:53,548 [8036fef3-52ee-40d8-bc71-c3943af78d41@group-547E0F5B65A3-LeaderElection7] INFO  impl.LeaderElection (LeaderElection.java:askForVotes(312)) - 8036fef3-52ee-40d8-bc71-c3943af78d41@group-547E0F5B65A3-LeaderElection7 ELECTION round 0: result PASSED (term=1)
2022-10-04 13:25:53,548 [8036fef3-52ee-40d8-bc71-c3943af78d41@group-547E0F5B65A3-LeaderElection7] INFO  impl.RoleInfo (RoleInfo.java:shutdownLeaderElection(130)) - 8036fef3-52ee-40d8-bc71-c3943af78d41: shutdown 8036fef3-52ee-40d8-bc71-c3943af78d41@group-547E0F5B65A3-LeaderElection7
2022-10-04 13:25:53,548 [8036fef3-52ee-40d8-bc71-c3943af78d41@group-547E0F5B65A3-LeaderElection7] INFO  server.RaftServer$Division (RaftServerImpl.java:setRole(299)) - 8036fef3-52ee-40d8-bc71-c3943af78d41@group-547E0F5B65A3: changes role from CANDIDATE to LEADER at term 1 for changeToLeader
2022-10-04 13:25:53,548 [8036fef3-52ee-40d8-bc71-c3943af78d41@group-547E0F5B65A3-LeaderElection7] INFO  ratis.XceiverServerRatis (XceiverServerRatis.java:handleLeaderChangedNotification(863)) - Leader change notification received for group: group-547E0F5B65A3 with new leaderId: 8036fef3-52ee-40d8-bc71-c3943af78d41
2022-10-04 13:25:53,548 [8036fef3-52ee-40d8-bc71-c3943af78d41@group-547E0F5B65A3-LeaderElection7] INFO  server.RaftServer$Division (ServerState.java:setLeader(287)) - 8036fef3-52ee-40d8-bc71-c3943af78d41@group-547E0F5B65A3: change Leader from null to 8036fef3-52ee-40d8-bc71-c3943af78d41 at term 1 for becomeLeader, leader elected after 5104ms
2022-10-04 13:25:53,548 [8036fef3-52ee-40d8-bc71-c3943af78d41@group-547E0F5B65A3-LeaderElection7] INFO  server.RaftServerConfigKeys (ConfUtils.java:logGet(46)) - raft.server.staging.catchup.gap = 1000 (default)
2022-10-04 13:25:53,549 [8036fef3-52ee-40d8-bc71-c3943af78d41@group-547E0F5B65A3-LeaderElection7] INFO  server.RaftServerConfigKeys (ConfUtils.java:logGet(46)) - raft.server.write.element-limit = 1024 (custom)
2022-10-04 13:25:53,549 [8036fef3-52ee-40d8-bc71-c3943af78d41@group-547E0F5B65A3-LeaderElection7] INFO  server.RaftServerConfigKeys (ConfUtils.java:logGet(46)) - raft.server.write.byte-limit = 1024 M (=1073741824) (custom)
2022-10-04 13:25:53,549 [8036fef3-52ee-40d8-bc71-c3943af78d41@group-547E0F5B65A3-LeaderElection7] INFO  server.RaftServerConfigKeys (ConfUtils.java:logGet(46)) - raft.server.watch.timeout = 180s (custom)
2022-10-04 13:25:53,549 [8036fef3-52ee-40d8-bc71-c3943af78d41@group-547E0F5B65A3-LeaderElection7] INFO  server.RaftServerConfigKeys (ConfUtils.java:logGet(46)) - raft.server.watch.timeout.denomination = 1s (default)
2022-10-04 13:25:53,549 [8036fef3-52ee-40d8-bc71-c3943af78d41@group-547E0F5B65A3-LeaderElection7] INFO  server.RaftServerConfigKeys (ConfUtils.java:logGet(46)) - raft.server.watch.element-limit = 65536 (default)
2022-10-04 13:25:53,549 [8036fef3-52ee-40d8-bc71-c3943af78d41@group-547E0F5B65A3-LeaderElection7] INFO  server.RaftServerConfigKeys (ConfUtils.java:logGet(46)) - raft.server.write.element-limit = 1024 (custom)
2022-10-04 13:25:53,550 [8036fef3-52ee-40d8-bc71-c3943af78d41@group-547E0F5B65A3-LeaderElection7] INFO  server.RaftServerConfigKeys (ConfUtils.java:logGet(46)) - raft.server.write.follower.gap.ratio.max = -1.0 (default)
2022-10-04 13:25:53,550 [8036fef3-52ee-40d8-bc71-c3943af78d41@group-547E0F5B65A3-LeaderElection7] INFO  impl.RoleInfo (RoleInfo.java:updateAndGet(139)) - 8036fef3-52ee-40d8-bc71-c3943af78d41: start 8036fef3-52ee-40d8-bc71-c3943af78d41@group-547E0F5B65A3-LeaderStateImpl
2022-10-04 13:25:53,550 [8036fef3-52ee-40d8-bc71-c3943af78d41@group-547E0F5B65A3-LeaderElection7] INFO  segmented.SegmentedRaftLogWorker (SegmentedRaftLogWorker.java:startLogSegment(425)) - 8036fef3-52ee-40d8-bc71-c3943af78d41@group-547E0F5B65A3-SegmentedRaftLogWorker: Starting segment from index:0
2022-10-04 13:25:53,555 [8036fef3-52ee-40d8-bc71-c3943af78d41@group-547E0F5B65A3-LeaderElection7] INFO  server.RaftServer$Division (ServerState.java:setRaftConf(393)) - 8036fef3-52ee-40d8-bc71-c3943af78d41@group-547E0F5B65A3: set configuration 0: [8036fef3-52ee-40d8-bc71-c3943af78d41|rpc:10.1.1.108:33423|dataStream:|priority:1], old=null
2022-10-04 13:25:53,558 [EventQueue-OpenPipelineForHealthyPipelineSafeModeRule] INFO  safemode.SCMSafeModeManager (HealthyPipelineSafeModeRule.java:process(137)) - SCM in safe mode. Healthy pipelines reported count is 0, required healthy pipeline reported count is 1
2022-10-04 13:25:53,558 [8036fef3-52ee-40d8-bc71-c3943af78d41@group-547E0F5B65A3-SegmentedRaftLogWorker] INFO  segmented.SegmentedRaftLogWorker (SegmentedRaftLogWorker.java:execute(629)) - 8036fef3-52ee-40d8-bc71-c3943af78d41@group-547E0F5B65A3-SegmentedRaftLogWorker: created new log segment /home/runner/work/ozone/ozone/hadoop-ozone/integration-test/target/test-dir/MiniOzoneClusterImpl-6e9557d8-a31c-49e5-bba1-8bc95799a8b8/datanode-1/data/ratis/38bdfe65-1450-49bd-b493-547e0f5b65a3/current/log_inprogress_0
2022-10-04 13:25:53,825 [Listener at 127.0.0.1/43101] INFO  ozone.MiniOzoneClusterImpl (MiniOzoneClusterImpl.java:lambda$waitForClusterToBeReady$0(216)) - Nodes are ready. Got 3 of 3 DN Heartbeats.
2022-10-04 13:25:53,825 [Listener at 127.0.0.1/43101] INFO  ozone.MiniOzoneClusterImpl (MiniOzoneClusterImpl.java:lambda$waitForClusterToBeReady$0(219)) - Waiting for cluster to exit safe mode
2022-10-04 13:25:53,825 [Listener at 127.0.0.1/43101] INFO  ozone.MiniOzoneClusterImpl (MiniOzoneClusterImpl.java:lambda$waitForClusterToBeReady$0(221)) - SCM became leader
2022-10-04 13:25:53,991 [53175bfc-7fac-47e0-bbdf-d2c660bed80b@group-BAB6A7BEF8AB-FollowerState] INFO  impl.FollowerState (FollowerState.java:run(143)) - 53175bfc-7fac-47e0-bbdf-d2c660bed80b@group-BAB6A7BEF8AB-FollowerState: change to CANDIDATE, lastRpcElapsedTime:5145312329ns, electionTimeout:5138ms
2022-10-04 13:25:53,992 [53175bfc-7fac-47e0-bbdf-d2c660bed80b@group-BAB6A7BEF8AB-FollowerState] INFO  impl.RoleInfo (RoleInfo.java:shutdownFollowerState(110)) - 53175bfc-7fac-47e0-bbdf-d2c660bed80b: shutdown 53175bfc-7fac-47e0-bbdf-d2c660bed80b@group-BAB6A7BEF8AB-FollowerState
2022-10-04 13:25:53,992 [53175bfc-7fac-47e0-bbdf-d2c660bed80b@group-BAB6A7BEF8AB-FollowerState] INFO  server.RaftServer$Division (RaftServerImpl.java:setRole(299)) - 53175bfc-7fac-47e0-bbdf-d2c660bed80b@group-BAB6A7BEF8AB: changes role from  FOLLOWER to CANDIDATE at term 0 for changeToCandidate
2022-10-04 13:25:53,992 [53175bfc-7fac-47e0-bbdf-d2c660bed80b@group-BAB6A7BEF8AB-FollowerState] INFO  server.RaftServerConfigKeys (ConfUtils.java:logGet(46)) - raft.server.leaderelection.pre-vote = false (custom)
2022-10-04 13:25:53,992 [53175bfc-7fac-47e0-bbdf-d2c660bed80b@group-BAB6A7BEF8AB-FollowerState] INFO  impl.RoleInfo (RoleInfo.java:updateAndGet(139)) - 53175bfc-7fac-47e0-bbdf-d2c660bed80b: start 53175bfc-7fac-47e0-bbdf-d2c660bed80b@group-BAB6A7BEF8AB-LeaderElection8
2022-10-04 13:25:53,998 [53175bfc-7fac-47e0-bbdf-d2c660bed80b@group-BAB6A7BEF8AB-LeaderElection8] INFO  impl.LeaderElection (LeaderElection.java:askForVotes(310)) - 53175bfc-7fac-47e0-bbdf-d2c660bed80b@group-BAB6A7BEF8AB-LeaderElection8 ELECTION round 0: submit vote requests at term 1 for -1: [53175bfc-7fac-47e0-bbdf-d2c660bed80b|rpc:10.1.1.108:33245|priority:1], old=null
2022-10-04 13:25:53,998 [53175bfc-7fac-47e0-bbdf-d2c660bed80b@group-BAB6A7BEF8AB-LeaderElection8] INFO  impl.LeaderElection (LeaderElection.java:askForVotes(312)) - 53175bfc-7fac-47e0-bbdf-d2c660bed80b@group-BAB6A7BEF8AB-LeaderElection8 ELECTION round 0: result PASSED (term=1)
2022-10-04 13:25:53,999 [53175bfc-7fac-47e0-bbdf-d2c660bed80b@group-BAB6A7BEF8AB-LeaderElection8] INFO  impl.RoleInfo (RoleInfo.java:shutdownLeaderElection(130)) - 53175bfc-7fac-47e0-bbdf-d2c660bed80b: shutdown 53175bfc-7fac-47e0-bbdf-d2c660bed80b@group-BAB6A7BEF8AB-LeaderElection8
2022-10-04 13:25:53,999 [53175bfc-7fac-47e0-bbdf-d2c660bed80b@group-BAB6A7BEF8AB-LeaderElection8] INFO  server.RaftServer$Division (RaftServerImpl.java:setRole(299)) - 53175bfc-7fac-47e0-bbdf-d2c660bed80b@group-BAB6A7BEF8AB: changes role from CANDIDATE to LEADER at term 1 for changeToLeader
2022-10-04 13:25:53,999 [53175bfc-7fac-47e0-bbdf-d2c660bed80b@group-BAB6A7BEF8AB-LeaderElection8] INFO  ratis.XceiverServerRatis (XceiverServerRatis.java:handleLeaderChangedNotification(863)) - Leader change notification received for group: group-BAB6A7BEF8AB with new leaderId: 53175bfc-7fac-47e0-bbdf-d2c660bed80b
2022-10-04 13:25:53,999 [53175bfc-7fac-47e0-bbdf-d2c660bed80b@group-BAB6A7BEF8AB-LeaderElection8] INFO  server.RaftServer$Division (ServerState.java:setLeader(287)) - 53175bfc-7fac-47e0-bbdf-d2c660bed80b@group-BAB6A7BEF8AB: change Leader from null to 53175bfc-7fac-47e0-bbdf-d2c660bed80b at term 1 for becomeLeader, leader elected after 5164ms
2022-10-04 13:25:53,999 [53175bfc-7fac-47e0-bbdf-d2c660bed80b@group-BAB6A7BEF8AB-LeaderElection8] INFO  server.RaftServerConfigKeys (ConfUtils.java:logGet(46)) - raft.server.staging.catchup.gap = 1000 (default)
2022-10-04 13:25:54,000 [53175bfc-7fac-47e0-bbdf-d2c660bed80b@group-BAB6A7BEF8AB-LeaderElection8] INFO  server.RaftServerConfigKeys (ConfUtils.java:logGet(46)) - raft.server.write.element-limit = 1024 (custom)
2022-10-04 13:25:54,000 [53175bfc-7fac-47e0-bbdf-d2c660bed80b@group-BAB6A7BEF8AB-LeaderElection8] INFO  server.RaftServerConfigKeys (ConfUtils.java:logGet(46)) - raft.server.write.byte-limit = 1024 M (=1073741824) (custom)
2022-10-04 13:25:54,000 [53175bfc-7fac-47e0-bbdf-d2c660bed80b@group-BAB6A7BEF8AB-LeaderElection8] INFO  server.RaftServerConfigKeys (ConfUtils.java:logGet(46)) - raft.server.watch.timeout = 180s (custom)
2022-10-04 13:25:54,000 [53175bfc-7fac-47e0-bbdf-d2c660bed80b@group-BAB6A7BEF8AB-LeaderElection8] INFO  server.RaftServerConfigKeys (ConfUtils.java:logGet(46)) - raft.server.watch.timeout.denomination = 1s (default)
2022-10-04 13:25:54,000 [53175bfc-7fac-47e0-bbdf-d2c660bed80b@group-BAB6A7BEF8AB-LeaderElection8] INFO  server.RaftServerConfigKeys (ConfUtils.java:logGet(46)) - raft.server.watch.element-limit = 65536 (default)
2022-10-04 13:25:54,000 [53175bfc-7fac-47e0-bbdf-d2c660bed80b@group-BAB6A7BEF8AB-LeaderElection8] INFO  server.RaftServerConfigKeys (ConfUtils.java:logGet(46)) - raft.server.write.element-limit = 1024 (custom)
2022-10-04 13:25:54,000 [53175bfc-7fac-47e0-bbdf-d2c660bed80b@group-BAB6A7BEF8AB-LeaderElection8] INFO  server.RaftServerConfigKeys (ConfUtils.java:logGet(46)) - raft.server.write.follower.gap.ratio.max = -1.0 (default)
2022-10-04 13:25:54,002 [EventQueue-OpenPipelineForHealthyPipelineSafeModeRule] INFO  safemode.SCMSafeModeManager (HealthyPipelineSafeModeRule.java:process(137)) - SCM in safe mode. Healthy pipelines reported count is 0, required healthy pipeline reported count is 1
2022-10-04 13:25:54,002 [53175bfc-7fac-47e0-bbdf-d2c660bed80b@group-BAB6A7BEF8AB-LeaderElection8] INFO  impl.RoleInfo (RoleInfo.java:updateAndGet(139)) - 53175bfc-7fac-47e0-bbdf-d2c660bed80b: start 53175bfc-7fac-47e0-bbdf-d2c660bed80b@group-BAB6A7BEF8AB-LeaderStateImpl
2022-10-04 13:25:54,002 [53175bfc-7fac-47e0-bbdf-d2c660bed80b@group-BAB6A7BEF8AB-LeaderElection8] INFO  segmented.SegmentedRaftLogWorker (SegmentedRaftLogWorker.java:startLogSegment(425)) - 53175bfc-7fac-47e0-bbdf-d2c660bed80b@group-BAB6A7BEF8AB-SegmentedRaftLogWorker: Starting segment from index:0
2022-10-04 13:25:54,004 [53175bfc-7fac-47e0-bbdf-d2c660bed80b@group-BAB6A7BEF8AB-LeaderElection8] INFO  server.RaftServer$Division (ServerState.java:setRaftConf(393)) - 53175bfc-7fac-47e0-bbdf-d2c660bed80b@group-BAB6A7BEF8AB: set configuration 0: [53175bfc-7fac-47e0-bbdf-d2c660bed80b|rpc:10.1.1.108:33245|dataStream:|priority:1], old=null
2022-10-04 13:25:54,005 [53175bfc-7fac-47e0-bbdf-d2c660bed80b@group-BAB6A7BEF8AB-SegmentedRaftLogWorker] INFO  segmented.SegmentedRaftLogWorker (SegmentedRaftLogWorker.java:execute(629)) - 53175bfc-7fac-47e0-bbdf-d2c660bed80b@group-BAB6A7BEF8AB-SegmentedRaftLogWorker: created new log segment /home/runner/work/ozone/ozone/hadoop-ozone/integration-test/target/test-dir/MiniOzoneClusterImpl-6e9557d8-a31c-49e5-bba1-8bc95799a8b8/datanode-2/data/ratis/5461d147-10a3-4c13-a3e1-bab6a7bef8ab/current/log_inprogress_0
2022-10-04 13:25:54,826 [Listener at 127.0.0.1/43101] INFO  ozone.MiniOzoneClusterImpl (MiniOzoneClusterImpl.java:lambda$waitForClusterToBeReady$0(216)) - Nodes are ready. Got 3 of 3 DN Heartbeats.
2022-10-04 13:25:54,826 [Listener at 127.0.0.1/43101] INFO  ozone.MiniOzoneClusterImpl (MiniOzoneClusterImpl.java:lambda$waitForClusterToBeReady$0(219)) - Waiting for cluster to exit safe mode
2022-10-04 13:25:54,826 [Listener at 127.0.0.1/43101] INFO  ozone.MiniOzoneClusterImpl (MiniOzoneClusterImpl.java:lambda$waitForClusterToBeReady$0(221)) - SCM became leader
2022-10-04 13:25:55,827 [Listener at 127.0.0.1/43101] INFO  ozone.MiniOzoneClusterImpl (MiniOzoneClusterImpl.java:lambda$waitForClusterToBeReady$0(216)) - Nodes are ready. Got 3 of 3 DN Heartbeats.
2022-10-04 13:25:55,827 [Listener at 127.0.0.1/43101] INFO  ozone.MiniOzoneClusterImpl (MiniOzoneClusterImpl.java:lambda$waitForClusterToBeReady$0(219)) - Waiting for cluster to exit safe mode
2022-10-04 13:25:55,827 [Listener at 127.0.0.1/43101] INFO  ozone.MiniOzoneClusterImpl (MiniOzoneClusterImpl.java:lambda$waitForClusterToBeReady$0(221)) - SCM became leader
2022-10-04 13:25:56,827 [Listener at 127.0.0.1/43101] INFO  ozone.MiniOzoneClusterImpl (MiniOzoneClusterImpl.java:lambda$waitForClusterToBeReady$0(216)) - Nodes are ready. Got 3 of 3 DN Heartbeats.
2022-10-04 13:25:56,828 [Listener at 127.0.0.1/43101] INFO  ozone.MiniOzoneClusterImpl (MiniOzoneClusterImpl.java:lambda$waitForClusterToBeReady$0(219)) - Waiting for cluster to exit safe mode
2022-10-04 13:25:56,828 [Listener at 127.0.0.1/43101] INFO  ozone.MiniOzoneClusterImpl (MiniOzoneClusterImpl.java:lambda$waitForClusterToBeReady$0(221)) - SCM became leader
2022-10-04 13:25:57,828 [Listener at 127.0.0.1/43101] INFO  ozone.MiniOzoneClusterImpl (MiniOzoneClusterImpl.java:lambda$waitForClusterToBeReady$0(216)) - Nodes are ready. Got 3 of 3 DN Heartbeats.
2022-10-04 13:25:57,828 [Listener at 127.0.0.1/43101] INFO  ozone.MiniOzoneClusterImpl (MiniOzoneClusterImpl.java:lambda$waitForClusterToBeReady$0(219)) - Waiting for cluster to exit safe mode
2022-10-04 13:25:57,828 [Listener at 127.0.0.1/43101] INFO  ozone.MiniOzoneClusterImpl (MiniOzoneClusterImpl.java:lambda$waitForClusterToBeReady$0(221)) - SCM became leader
2022-10-04 13:25:58,226 [8036fef3-52ee-40d8-bc71-c3943af78d41@group-DFB956EFFE94-FollowerState] INFO  impl.FollowerState (FollowerState.java:run(143)) - 8036fef3-52ee-40d8-bc71-c3943af78d41@group-DFB956EFFE94-FollowerState: change to CANDIDATE, lastRpcElapsedTime:5009335463ns, electionTimeout:5007ms
2022-10-04 13:25:58,227 [8036fef3-52ee-40d8-bc71-c3943af78d41@group-DFB956EFFE94-FollowerState] INFO  impl.RoleInfo (RoleInfo.java:shutdownFollowerState(110)) - 8036fef3-52ee-40d8-bc71-c3943af78d41: shutdown 8036fef3-52ee-40d8-bc71-c3943af78d41@group-DFB956EFFE94-FollowerState
2022-10-04 13:25:58,227 [8036fef3-52ee-40d8-bc71-c3943af78d41@group-DFB956EFFE94-FollowerState] INFO  server.RaftServer$Division (RaftServerImpl.java:setRole(299)) - 8036fef3-52ee-40d8-bc71-c3943af78d41@group-DFB956EFFE94: changes role from  FOLLOWER to CANDIDATE at term 1 for changeToCandidate
2022-10-04 13:25:58,227 [8036fef3-52ee-40d8-bc71-c3943af78d41@group-DFB956EFFE94-FollowerState] INFO  server.RaftServerConfigKeys (ConfUtils.java:logGet(46)) - raft.server.leaderelection.pre-vote = false (custom)
2022-10-04 13:25:58,227 [8036fef3-52ee-40d8-bc71-c3943af78d41@group-DFB956EFFE94-FollowerState] INFO  impl.RoleInfo (RoleInfo.java:updateAndGet(139)) - 8036fef3-52ee-40d8-bc71-c3943af78d41: start 8036fef3-52ee-40d8-bc71-c3943af78d41@group-DFB956EFFE94-LeaderElection9
2022-10-04 13:25:58,230 [8036fef3-52ee-40d8-bc71-c3943af78d41@group-DFB956EFFE94-LeaderElection9] INFO  impl.LeaderElection (LeaderElection.java:askForVotes(310)) - 8036fef3-52ee-40d8-bc71-c3943af78d41@group-DFB956EFFE94-LeaderElection9 ELECTION round 0: submit vote requests at term 2 for -1: [8036fef3-52ee-40d8-bc71-c3943af78d41|rpc:10.1.1.108:33423|dataStream:|priority:1, c90336e2-d91d-49cc-aa4b-bbf13dfdddb4|rpc:10.1.1.108:44899|dataStream:|priority:0, 53175bfc-7fac-47e0-bbdf-d2c660bed80b|rpc:10.1.1.108:33245|dataStream:|priority:0], old=null
2022-10-04 13:25:58,234 [grpc-default-executor-3] INFO  server.RaftServer$Division (RaftServerImpl.java:requestVote(1152)) - 53175bfc-7fac-47e0-bbdf-d2c660bed80b@group-DFB956EFFE94: receive requestVote(ELECTION, 8036fef3-52ee-40d8-bc71-c3943af78d41, group-DFB956EFFE94, 2, (t:0, i:0))
2022-10-04 13:25:58,234 [grpc-default-executor-3] INFO  impl.VoteContext (VoteContext.java:log(48)) - 53175bfc-7fac-47e0-bbdf-d2c660bed80b@group-DFB956EFFE94-FOLLOWER: accept ELECTION from 8036fef3-52ee-40d8-bc71-c3943af78d41: our priority 0 <= candidate's priority 1
2022-10-04 13:25:58,234 [grpc-default-executor-3] INFO  server.RaftServer$Division (RaftServerImpl.java:setRole(299)) - 53175bfc-7fac-47e0-bbdf-d2c660bed80b@group-DFB956EFFE94: changes role from  FOLLOWER to FOLLOWER at term 2 for candidate:8036fef3-52ee-40d8-bc71-c3943af78d41
2022-10-04 13:25:58,234 [grpc-default-executor-3] INFO  impl.RoleInfo (RoleInfo.java:shutdownFollowerState(110)) - 53175bfc-7fac-47e0-bbdf-d2c660bed80b: shutdown 53175bfc-7fac-47e0-bbdf-d2c660bed80b@group-DFB956EFFE94-FollowerState
2022-10-04 13:25:58,235 [grpc-default-executor-3] INFO  impl.RoleInfo (RoleInfo.java:updateAndGet(139)) - 53175bfc-7fac-47e0-bbdf-d2c660bed80b: start 53175bfc-7fac-47e0-bbdf-d2c660bed80b@group-DFB956EFFE94-FollowerState
2022-10-04 13:25:58,235 [53175bfc-7fac-47e0-bbdf-d2c660bed80b@group-DFB956EFFE94-FollowerState] INFO  impl.FollowerState (FollowerState.java:run(152)) - 53175bfc-7fac-47e0-bbdf-d2c660bed80b@group-DFB956EFFE94-FollowerState was interrupted
2022-10-04 13:25:58,242 [grpc-default-executor-3] INFO  server.RaftServer$Division (RaftServerImpl.java:requestVote(1184)) - 53175bfc-7fac-47e0-bbdf-d2c660bed80b@group-DFB956EFFE94 replies to ELECTION vote request: 8036fef3-52ee-40d8-bc71-c3943af78d41<-53175bfc-7fac-47e0-bbdf-d2c660bed80b#0:OK-t2. Peer's state: 53175bfc-7fac-47e0-bbdf-d2c660bed80b@group-DFB956EFFE94:t2, leader=null, voted=8036fef3-52ee-40d8-bc71-c3943af78d41, raftlog=53175bfc-7fac-47e0-bbdf-d2c660bed80b@group-DFB956EFFE94-SegmentedRaftLog:OPENED:c-1, conf=-1: [8036fef3-52ee-40d8-bc71-c3943af78d41|rpc:10.1.1.108:33423|dataStream:|priority:1, c90336e2-d91d-49cc-aa4b-bbf13dfdddb4|rpc:10.1.1.108:44899|dataStream:|priority:0, 53175bfc-7fac-47e0-bbdf-d2c660bed80b|rpc:10.1.1.108:33245|dataStream:|priority:0], old=null
2022-10-04 13:25:58,244 [8036fef3-52ee-40d8-bc71-c3943af78d41@group-DFB956EFFE94-LeaderElection9] INFO  impl.LeaderElection (LeaderElection.java:logAndReturn(90)) - 8036fef3-52ee-40d8-bc71-c3943af78d41@group-DFB956EFFE94-LeaderElection9: ELECTION PASSED received 1 response(s) and 0 exception(s):
2022-10-04 13:25:58,244 [8036fef3-52ee-40d8-bc71-c3943af78d41@group-DFB956EFFE94-LeaderElection9] INFO  impl.LeaderElection (LeaderElection.java:logAndReturn(94)) -   Response 0: 8036fef3-52ee-40d8-bc71-c3943af78d41<-53175bfc-7fac-47e0-bbdf-d2c660bed80b#0:OK-t2
2022-10-04 13:25:58,244 [8036fef3-52ee-40d8-bc71-c3943af78d41@group-DFB956EFFE94-LeaderElection9] INFO  impl.LeaderElection (LeaderElection.java:askForVotes(312)) - 8036fef3-52ee-40d8-bc71-c3943af78d41@group-DFB956EFFE94-LeaderElection9 ELECTION round 0: result PASSED
2022-10-04 13:25:58,244 [8036fef3-52ee-40d8-bc71-c3943af78d41@group-DFB956EFFE94-LeaderElection9] INFO  impl.RoleInfo (RoleInfo.java:shutdownLeaderElection(130)) - 8036fef3-52ee-40d8-bc71-c3943af78d41: shutdown 8036fef3-52ee-40d8-bc71-c3943af78d41@group-DFB956EFFE94-LeaderElection9
2022-10-04 13:25:58,244 [8036fef3-52ee-40d8-bc71-c3943af78d41@group-DFB956EFFE94-LeaderElection9] INFO  server.RaftServer$Division (RaftServerImpl.java:setRole(299)) - 8036fef3-52ee-40d8-bc71-c3943af78d41@group-DFB956EFFE94: changes role from CANDIDATE to LEADER at term 2 for changeToLeader
2022-10-04 13:25:58,244 [8036fef3-52ee-40d8-bc71-c3943af78d41@group-DFB956EFFE94-LeaderElection9] INFO  ratis.XceiverServerRatis (XceiverServerRatis.java:handleLeaderChangedNotification(863)) - Leader change notification received for group: group-DFB956EFFE94 with new leaderId: 8036fef3-52ee-40d8-bc71-c3943af78d41
2022-10-04 13:25:58,244 [8036fef3-52ee-40d8-bc71-c3943af78d41@group-DFB956EFFE94-LeaderElection9] INFO  server.RaftServer$Division (ServerState.java:setLeader(287)) - 8036fef3-52ee-40d8-bc71-c3943af78d41@group-DFB956EFFE94: change Leader from null to 8036fef3-52ee-40d8-bc71-c3943af78d41 at term 2 for becomeLeader, leader elected after 9995ms
2022-10-04 13:25:58,245 [8036fef3-52ee-40d8-bc71-c3943af78d41@group-DFB956EFFE94-LeaderElection9] INFO  server.RaftServerConfigKeys (ConfUtils.java:logGet(46)) - raft.server.staging.catchup.gap = 1000 (default)
2022-10-04 13:25:58,245 [8036fef3-52ee-40d8-bc71-c3943af78d41@group-DFB956EFFE94-LeaderElection9] INFO  server.RaftServerConfigKeys (ConfUtils.java:logGet(46)) - raft.server.write.element-limit = 1024 (custom)
2022-10-04 13:25:58,247 [EventQueue-PipelineReportForPipelineReportHandler] INFO  pipeline.PipelineManagerImpl (PipelineManagerImpl.java:openPipeline(367)) - Pipeline Pipeline[ Id: f11c729a-18a8-4e49-bdc7-dfb956effe94, Nodes: 53175bfc-7fac-47e0-bbdf-d2c660bed80b{ip: 10.1.1.108, host: fv-az573-645.uspngagyt4suddso0aj1djjezg.dx.internal.cloudapp.net, ports: [REPLICATION=32769, RATIS=33245, RATIS_ADMIN=33245, RATIS_SERVER=33245, STANDALONE=44415], networkLocation: /default-rack, certSerialId: null, persistedOpState: IN_SERVICE, persistedOpStateExpiryEpochSec: 0}c90336e2-d91d-49cc-aa4b-bbf13dfdddb4{ip: 10.1.1.108, host: fv-az573-645.uspngagyt4suddso0aj1djjezg.dx.internal.cloudapp.net, ports: [REPLICATION=39287, RATIS=44899, RATIS_ADMIN=44899, RATIS_SERVER=44899, STANDALONE=34255], networkLocation: /default-rack, certSerialId: null, persistedOpState: IN_SERVICE, persistedOpStateExpiryEpochSec: 0}8036fef3-52ee-40d8-bc71-c3943af78d41{ip: 10.1.1.108, host: fv-az573-645.uspngagyt4suddso0aj1djjezg.dx.internal.cloudapp.net, ports: [REPLICATION=38987, RATIS=33423, RATIS_ADMIN=33423, RATIS_SERVER=33423, STANDALONE=46101], networkLocation: /default-rack, certSerialId: null, persistedOpState: IN_SERVICE, persistedOpStateExpiryEpochSec: 0}, ReplicationConfig: RATIS/THREE, State:ALLOCATED, leaderId:8036fef3-52ee-40d8-bc71-c3943af78d41, CreationTimestamp2022-10-04T13:25:45.834Z[Etc/UTC]] moved to OPEN state
2022-10-04 13:25:58,248 [EventQueue-OpenPipelineForHealthyPipelineSafeModeRule] INFO  safemode.SCMSafeModeManager (HealthyPipelineSafeModeRule.java:process(137)) - SCM in safe mode. Healthy pipelines reported count is 0, required healthy pipeline reported count is 1
2022-10-04 13:25:58,248 [8036fef3-52ee-40d8-bc71-c3943af78d41@group-DFB956EFFE94-LeaderElection9] INFO  server.RaftServerConfigKeys (ConfUtils.java:logGet(46)) - raft.server.write.byte-limit = 1024 M (=1073741824) (custom)
2022-10-04 13:25:58,250 [EventQueue-OpenPipelineForHealthyPipelineSafeModeRule] INFO  safemode.SCMSafeModeManager (HealthyPipelineSafeModeRule.java:process(137)) - SCM in safe mode. Healthy pipelines reported count is 1, required healthy pipeline reported count is 1
2022-10-04 13:25:58,250 [EventQueue-OpenPipelineForHealthyPipelineSafeModeRule] INFO  safemode.SCMSafeModeManager (SCMSafeModeManager.java:validateSafeModeExitRules(204)) - HealthyPipelineSafeModeRule rule is successfully validated
2022-10-04 13:25:58,251 [EventQueue-OpenPipelineForHealthyPipelineSafeModeRule] INFO  safemode.SCMSafeModeManager (SCMSafeModeManager.java:validateSafeModeExitRules(219)) - ScmSafeModeManager, all rules are successfully validated
2022-10-04 13:25:58,251 [EventQueue-OpenPipelineForHealthyPipelineSafeModeRule] INFO  safemode.SCMSafeModeManager (SCMSafeModeManager.java:exitSafeMode(248)) - SCM exiting safe mode.
2022-10-04 13:25:58,251 [EventQueue-OpenPipelineForHealthyPipelineSafeModeRule] WARN  events.EventQueue (EventQueue.java:fireEvent(216)) - No event handler registered for event TypedEvent{payloadType=SafeModeStatus, name='Safe mode status'}
2022-10-04 13:25:58,251 [EventQueue-OpenPipelineForHealthyPipelineSafeModeRule] INFO  ha.SCMContext (SCMContext.java:updateSafeModeStatus(228)) - Update SafeModeStatus from SafeModeStatus{safeModeStatus=true, preCheckPassed=true} to SafeModeStatus{safeModeStatus=false, preCheckPassed=true}.
2022-10-04 13:25:58,251 [EventQueue-OpenPipelineForHealthyPipelineSafeModeRule] INFO  pipeline.BackgroundPipelineCreator (BackgroundPipelineCreator.java:notifyStatusChanged(254)) - Service BackgroundPipelineCreator transitions to RUNNING.
2022-10-04 13:25:58,251 [EventQueue-OpenPipelineForHealthyPipelineSafeModeRule] INFO  BackgroundPipelineScrubber (BackgroundSCMService.java:notifyStatusChanged(82)) - Service BackgroundPipelineScrubber transitions to RUNNING.
2022-10-04 13:25:58,251 [EventQueue-OpenPipelineForHealthyPipelineSafeModeRule] INFO  ExpiredContainerReplicaOpScrubber (BackgroundSCMService.java:notifyStatusChanged(82)) - Service ExpiredContainerReplicaOpScrubber transitions to RUNNING.
2022-10-04 13:25:58,251 [EventQueue-OpenPipelineForHealthyPipelineSafeModeRule] INFO  replication.ReplicationManager (ReplicationManager.java:notifyStatusChanged(728)) - Service ReplicationManager transitions to RUNNING.
2022-10-04 13:25:58,247 [grpc-default-executor-3] INFO  server.RaftServer$Division (RaftServerImpl.java:requestVote(1152)) - c90336e2-d91d-49cc-aa4b-bbf13dfdddb4@group-DFB956EFFE94: receive requestVote(ELECTION, 8036fef3-52ee-40d8-bc71-c3943af78d41, group-DFB956EFFE94, 2, (t:0, i:0))
2022-10-04 13:25:58,253 [grpc-default-executor-3] INFO  impl.VoteContext (VoteContext.java:log(48)) - c90336e2-d91d-49cc-aa4b-bbf13dfdddb4@group-DFB956EFFE94-FOLLOWER: accept ELECTION from 8036fef3-52ee-40d8-bc71-c3943af78d41: our priority 0 <= candidate's priority 1
2022-10-04 13:25:58,253 [grpc-default-executor-3] INFO  server.RaftServer$Division (RaftServerImpl.java:setRole(299)) - c90336e2-d91d-49cc-aa4b-bbf13dfdddb4@group-DFB956EFFE94: changes role from  FOLLOWER to FOLLOWER at term 2 for candidate:8036fef3-52ee-40d8-bc71-c3943af78d41
2022-10-04 13:25:58,253 [grpc-default-executor-3] INFO  impl.RoleInfo (RoleInfo.java:shutdownFollowerState(110)) - c90336e2-d91d-49cc-aa4b-bbf13dfdddb4: shutdown c90336e2-d91d-49cc-aa4b-bbf13dfdddb4@group-DFB956EFFE94-FollowerState
2022-10-04 13:25:58,253 [grpc-default-executor-3] INFO  impl.RoleInfo (RoleInfo.java:updateAndGet(139)) - c90336e2-d91d-49cc-aa4b-bbf13dfdddb4: start c90336e2-d91d-49cc-aa4b-bbf13dfdddb4@group-DFB956EFFE94-FollowerState
2022-10-04 13:25:58,253 [c90336e2-d91d-49cc-aa4b-bbf13dfdddb4@group-DFB956EFFE94-FollowerState] INFO  impl.FollowerState (FollowerState.java:run(152)) - c90336e2-d91d-49cc-aa4b-bbf13dfdddb4@group-DFB956EFFE94-FollowerState was interrupted
2022-10-04 13:25:58,254 [8036fef3-52ee-40d8-bc71-c3943af78d41@group-DFB956EFFE94-LeaderElection9] INFO  server.RaftServerConfigKeys (ConfUtils.java:logGet(46)) - raft.server.watch.timeout = 180s (custom)
2022-10-04 13:25:58,254 [8036fef3-52ee-40d8-bc71-c3943af78d41@group-DFB956EFFE94-LeaderElection9] INFO  server.RaftServerConfigKeys (ConfUtils.java:logGet(46)) - raft.server.watch.timeout.denomination = 1s (default)
2022-10-04 13:25:58,254 [8036fef3-52ee-40d8-bc71-c3943af78d41@group-DFB956EFFE94-LeaderElection9] INFO  server.RaftServerConfigKeys (ConfUtils.java:logGet(46)) - raft.server.watch.element-limit = 65536 (default)
2022-10-04 13:25:58,254 [8036fef3-52ee-40d8-bc71-c3943af78d41@group-DFB956EFFE94-LeaderElection9] INFO  server.RaftServerConfigKeys (ConfUtils.java:logGet(46)) - raft.server.write.element-limit = 1024 (custom)
2022-10-04 13:25:58,254 [8036fef3-52ee-40d8-bc71-c3943af78d41@group-DFB956EFFE94-LeaderElection9] INFO  server.RaftServerConfigKeys (ConfUtils.java:logGet(46)) - raft.server.write.follower.gap.ratio.max = -1.0 (default)
2022-10-04 13:25:58,257 [8036fef3-52ee-40d8-bc71-c3943af78d41@group-DFB956EFFE94-LeaderElection9] INFO  server.RaftServerConfigKeys (ConfUtils.java:logGet(46)) - raft.server.log.appender.snapshot.chunk.size.max = 16MB (=16777216) (default)
2022-10-04 13:25:58,257 [8036fef3-52ee-40d8-bc71-c3943af78d41@group-DFB956EFFE94-LeaderElection9] INFO  server.RaftServerConfigKeys (ConfUtils.java:logGet(46)) - raft.server.log.appender.buffer.byte-limit = 33554432 (custom)
2022-10-04 13:25:58,257 [8036fef3-52ee-40d8-bc71-c3943af78d41@group-DFB956EFFE94-LeaderElection9] INFO  server.RaftServerConfigKeys (ConfUtils.java:logGet(46)) - raft.server.log.appender.buffer.element-limit = 1 (custom)
2022-10-04 13:25:58,257 [8036fef3-52ee-40d8-bc71-c3943af78d41@group-DFB956EFFE94-LeaderElection9] INFO  grpc.GrpcConfigKeys (ConfUtils.java:logGet(46)) - raft.grpc.server.leader.outstanding.appends.max = 128 (default)
2022-10-04 13:25:58,257 [8036fef3-52ee-40d8-bc71-c3943af78d41@group-DFB956EFFE94-LeaderElection9] INFO  server.RaftServerConfigKeys (ConfUtils.java:logGet(46)) - raft.server.rpc.request.timeout = 60s (custom)
2022-10-04 13:25:58,258 [8036fef3-52ee-40d8-bc71-c3943af78d41@group-DFB956EFFE94-LeaderElection9] INFO  server.RaftServerConfigKeys (ConfUtils.java:logGet(46)) - raft.server.log.appender.install.snapshot.enabled = false (custom)
2022-10-04 13:25:58,262 [grpc-default-executor-3] INFO  server.RaftServer$Division (RaftServerImpl.java:requestVote(1184)) - c90336e2-d91d-49cc-aa4b-bbf13dfdddb4@group-DFB956EFFE94 replies to ELECTION vote request: 8036fef3-52ee-40d8-bc71-c3943af78d41<-c90336e2-d91d-49cc-aa4b-bbf13dfdddb4#0:OK-t2. Peer's state: c90336e2-d91d-49cc-aa4b-bbf13dfdddb4@group-DFB956EFFE94:t2, leader=null, voted=8036fef3-52ee-40d8-bc71-c3943af78d41, raftlog=c90336e2-d91d-49cc-aa4b-bbf13dfdddb4@group-DFB956EFFE94-SegmentedRaftLog:OPENED:c-1, conf=-1: [8036fef3-52ee-40d8-bc71-c3943af78d41|rpc:10.1.1.108:33423|priority:1, c90336e2-d91d-49cc-aa4b-bbf13dfdddb4|rpc:10.1.1.108:44899|priority:0, 53175bfc-7fac-47e0-bbdf-d2c660bed80b|rpc:10.1.1.108:33245|priority:0], old=null
2022-10-04 13:25:58,264 [EventQueue-OpenPipelineForHealthyPipelineSafeModeRule] WARN  balancer.ContainerBalancer (ContainerBalancer.java:shouldRun(936)) - Could not find persisted configuration for ContainerBalancer when checking if ContainerBalancer should run. ContainerBalancer should not run now.
2022-10-04 13:25:58,274 [8036fef3-52ee-40d8-bc71-c3943af78d41@group-DFB956EFFE94-LeaderElection9] INFO  server.RaftServerConfigKeys (ConfUtils.java:logGet(46)) - raft.server.log.appender.snapshot.chunk.size.max = 16MB (=16777216) (default)
2022-10-04 13:25:58,278 [8036fef3-52ee-40d8-bc71-c3943af78d41@group-DFB956EFFE94-LeaderElection9] INFO  server.RaftServerConfigKeys (ConfUtils.java:logGet(46)) - raft.server.log.appender.buffer.byte-limit = 33554432 (custom)
2022-10-04 13:25:58,278 [8036fef3-52ee-40d8-bc71-c3943af78d41@group-DFB956EFFE94-LeaderElection9] INFO  server.RaftServerConfigKeys (ConfUtils.java:logGet(46)) - raft.server.log.appender.buffer.element-limit = 1 (custom)
2022-10-04 13:25:58,278 [8036fef3-52ee-40d8-bc71-c3943af78d41@group-DFB956EFFE94-LeaderElection9] INFO  grpc.GrpcConfigKeys (ConfUtils.java:logGet(46)) - raft.grpc.server.leader.outstanding.appends.max = 128 (default)
2022-10-04 13:25:58,278 [8036fef3-52ee-40d8-bc71-c3943af78d41@group-DFB956EFFE94-LeaderElection9] INFO  server.RaftServerConfigKeys (ConfUtils.java:logGet(46)) - raft.server.rpc.request.timeout = 60s (custom)
2022-10-04 13:25:58,278 [8036fef3-52ee-40d8-bc71-c3943af78d41@group-DFB956EFFE94-LeaderElection9] INFO  server.RaftServerConfigKeys (ConfUtils.java:logGet(46)) - raft.server.log.appender.install.snapshot.enabled = false (custom)
2022-10-04 13:25:58,278 [8036fef3-52ee-40d8-bc71-c3943af78d41@group-DFB956EFFE94-LeaderElection9] INFO  impl.RoleInfo (RoleInfo.java:updateAndGet(139)) - 8036fef3-52ee-40d8-bc71-c3943af78d41: start 8036fef3-52ee-40d8-bc71-c3943af78d41@group-DFB956EFFE94-LeaderStateImpl
2022-10-04 13:25:58,279 [8036fef3-52ee-40d8-bc71-c3943af78d41@group-DFB956EFFE94-LeaderElection9] INFO  segmented.SegmentedRaftLogWorker (SegmentedRaftLogWorker.java:startLogSegment(425)) - 8036fef3-52ee-40d8-bc71-c3943af78d41@group-DFB956EFFE94-SegmentedRaftLogWorker: Starting segment from index:0
2022-10-04 13:25:58,285 [c90336e2-d91d-49cc-aa4b-bbf13dfdddb4-server-thread1] INFO  ratis.XceiverServerRatis (XceiverServerRatis.java:handleLeaderChangedNotification(863)) - Leader change notification received for group: group-DFB956EFFE94 with new leaderId: 8036fef3-52ee-40d8-bc71-c3943af78d41
2022-10-04 13:25:58,285 [c90336e2-d91d-49cc-aa4b-bbf13dfdddb4-server-thread1] INFO  server.RaftServer$Division (ServerState.java:setLeader(287)) - c90336e2-d91d-49cc-aa4b-bbf13dfdddb4@group-DFB956EFFE94: change Leader from null to 8036fef3-52ee-40d8-bc71-c3943af78d41 at term 2 for appendEntries, leader elected after 10255ms
2022-10-04 13:25:58,286 [8036fef3-52ee-40d8-bc71-c3943af78d41@group-DFB956EFFE94-SegmentedRaftLogWorker] INFO  segmented.SegmentedRaftLogWorker (SegmentedRaftLogWorker.java:execute(629)) - 8036fef3-52ee-40d8-bc71-c3943af78d41@group-DFB956EFFE94-SegmentedRaftLogWorker: created new log segment /home/runner/work/ozone/ozone/hadoop-ozone/integration-test/target/test-dir/MiniOzoneClusterImpl-6e9557d8-a31c-49e5-bba1-8bc95799a8b8/datanode-1/data/ratis/f11c729a-18a8-4e49-bdc7-dfb956effe94/current/log_inprogress_0
2022-10-04 13:25:58,286 [8036fef3-52ee-40d8-bc71-c3943af78d41@group-DFB956EFFE94-LeaderElection9] INFO  server.RaftServer$Division (ServerState.java:setRaftConf(393)) - 8036fef3-52ee-40d8-bc71-c3943af78d41@group-DFB956EFFE94: set configuration 0: [8036fef3-52ee-40d8-bc71-c3943af78d41|rpc:10.1.1.108:33423|dataStream:|priority:1, c90336e2-d91d-49cc-aa4b-bbf13dfdddb4|rpc:10.1.1.108:44899|dataStream:|priority:0, 53175bfc-7fac-47e0-bbdf-d2c660bed80b|rpc:10.1.1.108:33245|dataStream:|priority:0], old=null
2022-10-04 13:25:58,290 [c90336e2-d91d-49cc-aa4b-bbf13dfdddb4-server-thread1] INFO  server.RaftServer$Division (ServerState.java:setRaftConf(393)) - c90336e2-d91d-49cc-aa4b-bbf13dfdddb4@group-DFB956EFFE94: set configuration 0: [8036fef3-52ee-40d8-bc71-c3943af78d41|rpc:10.1.1.108:33423|dataStream:|priority:1, c90336e2-d91d-49cc-aa4b-bbf13dfdddb4|rpc:10.1.1.108:44899|dataStream:|priority:0, 53175bfc-7fac-47e0-bbdf-d2c660bed80b|rpc:10.1.1.108:33245|dataStream:|priority:0], old=null
2022-10-04 13:25:58,291 [c90336e2-d91d-49cc-aa4b-bbf13dfdddb4-server-thread1] INFO  segmented.SegmentedRaftLogWorker (SegmentedRaftLogWorker.java:startLogSegment(425)) - c90336e2-d91d-49cc-aa4b-bbf13dfdddb4@group-DFB956EFFE94-SegmentedRaftLogWorker: Starting segment from index:0
2022-10-04 13:25:58,293 [c90336e2-d91d-49cc-aa4b-bbf13dfdddb4@group-DFB956EFFE94-SegmentedRaftLogWorker] INFO  segmented.SegmentedRaftLogWorker (SegmentedRaftLogWorker.java:execute(629)) - c90336e2-d91d-49cc-aa4b-bbf13dfdddb4@group-DFB956EFFE94-SegmentedRaftLogWorker: created new log segment /home/runner/work/ozone/ozone/hadoop-ozone/integration-test/target/test-dir/MiniOzoneClusterImpl-6e9557d8-a31c-49e5-bba1-8bc95799a8b8/datanode-0/data/ratis/f11c729a-18a8-4e49-bdc7-dfb956effe94/current/log_inprogress_0
2022-10-04 13:25:58,297 [53175bfc-7fac-47e0-bbdf-d2c660bed80b-server-thread1] INFO  ratis.XceiverServerRatis (XceiverServerRatis.java:handleLeaderChangedNotification(863)) - Leader change notification received for group: group-DFB956EFFE94 with new leaderId: 8036fef3-52ee-40d8-bc71-c3943af78d41
2022-10-04 13:25:58,297 [53175bfc-7fac-47e0-bbdf-d2c660bed80b-server-thread1] INFO  server.RaftServer$Division (ServerState.java:setLeader(287)) - 53175bfc-7fac-47e0-bbdf-d2c660bed80b@group-DFB956EFFE94: change Leader from null to 8036fef3-52ee-40d8-bc71-c3943af78d41 at term 2 for appendEntries, leader elected after 10145ms
2022-10-04 13:25:58,300 [53175bfc-7fac-47e0-bbdf-d2c660bed80b-server-thread1] INFO  server.RaftServer$Division (ServerState.java:setRaftConf(393)) - 53175bfc-7fac-47e0-bbdf-d2c660bed80b@group-DFB956EFFE94: set configuration 0: [8036fef3-52ee-40d8-bc71-c3943af78d41|rpc:10.1.1.108:33423|dataStream:|priority:1, c90336e2-d91d-49cc-aa4b-bbf13dfdddb4|rpc:10.1.1.108:44899|dataStream:|priority:0, 53175bfc-7fac-47e0-bbdf-d2c660bed80b|rpc:10.1.1.108:33245|dataStream:|priority:0], old=null
2022-10-04 13:25:58,300 [53175bfc-7fac-47e0-bbdf-d2c660bed80b-server-thread1] INFO  segmented.SegmentedRaftLogWorker (SegmentedRaftLogWorker.java:startLogSegment(425)) - 53175bfc-7fac-47e0-bbdf-d2c660bed80b@group-DFB956EFFE94-SegmentedRaftLogWorker: Starting segment from index:0
2022-10-04 13:25:58,303 [53175bfc-7fac-47e0-bbdf-d2c660bed80b@group-DFB956EFFE94-SegmentedRaftLogWorker] INFO  segmented.SegmentedRaftLogWorker (SegmentedRaftLogWorker.java:execute(629)) - 53175bfc-7fac-47e0-bbdf-d2c660bed80b@group-DFB956EFFE94-SegmentedRaftLogWorker: created new log segment /home/runner/work/ozone/ozone/hadoop-ozone/integration-test/target/test-dir/MiniOzoneClusterImpl-6e9557d8-a31c-49e5-bba1-8bc95799a8b8/datanode-2/data/ratis/f11c729a-18a8-4e49-bdc7-dfb956effe94/current/log_inprogress_0
2022-10-04 13:25:58,626 [c90336e2-d91d-49cc-aa4b-bbf13dfdddb4@group-9184019B8379-FollowerState] INFO  impl.FollowerState (FollowerState.java:run(143)) - c90336e2-d91d-49cc-aa4b-bbf13dfdddb4@group-9184019B8379-FollowerState: change to CANDIDATE, lastRpcElapsedTime:5127066717ns, electionTimeout:5126ms
2022-10-04 13:25:58,626 [c90336e2-d91d-49cc-aa4b-bbf13dfdddb4@group-9184019B8379-FollowerState] INFO  impl.RoleInfo (RoleInfo.java:shutdownFollowerState(110)) - c90336e2-d91d-49cc-aa4b-bbf13dfdddb4: shutdown c90336e2-d91d-49cc-aa4b-bbf13dfdddb4@group-9184019B8379-FollowerState
2022-10-04 13:25:58,626 [c90336e2-d91d-49cc-aa4b-bbf13dfdddb4@group-9184019B8379-FollowerState] INFO  server.RaftServer$Division (RaftServerImpl.java:setRole(299)) - c90336e2-d91d-49cc-aa4b-bbf13dfdddb4@group-9184019B8379: changes role from  FOLLOWER to CANDIDATE at term 1 for changeToCandidate
2022-10-04 13:25:58,626 [c90336e2-d91d-49cc-aa4b-bbf13dfdddb4@group-9184019B8379-FollowerState] INFO  server.RaftServerConfigKeys (ConfUtils.java:logGet(46)) - raft.server.leaderelection.pre-vote = false (custom)
2022-10-04 13:25:58,627 [c90336e2-d91d-49cc-aa4b-bbf13dfdddb4@group-9184019B8379-FollowerState] INFO  impl.RoleInfo (RoleInfo.java:updateAndGet(139)) - c90336e2-d91d-49cc-aa4b-bbf13dfdddb4: start c90336e2-d91d-49cc-aa4b-bbf13dfdddb4@group-9184019B8379-LeaderElection10
2022-10-04 13:25:58,630 [c90336e2-d91d-49cc-aa4b-bbf13dfdddb4@group-9184019B8379-LeaderElection10] INFO  impl.LeaderElection (LeaderElection.java:askForVotes(310)) - c90336e2-d91d-49cc-aa4b-bbf13dfdddb4@group-9184019B8379-LeaderElection10 ELECTION round 0: submit vote requests at term 2 for -1: [8036fef3-52ee-40d8-bc71-c3943af78d41|rpc:10.1.1.108:33423|priority:0, c90336e2-d91d-49cc-aa4b-bbf13dfdddb4|rpc:10.1.1.108:44899|priority:1, 53175bfc-7fac-47e0-bbdf-d2c660bed80b|rpc:10.1.1.108:33245|priority:0], old=null
2022-10-04 13:25:58,635 [grpc-default-executor-2] INFO  server.RaftServer$Division (RaftServerImpl.java:requestVote(1152)) - 53175bfc-7fac-47e0-bbdf-d2c660bed80b@group-9184019B8379: receive requestVote(ELECTION, c90336e2-d91d-49cc-aa4b-bbf13dfdddb4, group-9184019B8379, 2, (t:0, i:0))
2022-10-04 13:25:58,636 [grpc-default-executor-2] INFO  impl.VoteContext (VoteContext.java:log(48)) - 53175bfc-7fac-47e0-bbdf-d2c660bed80b@group-9184019B8379-FOLLOWER: accept ELECTION from c90336e2-d91d-49cc-aa4b-bbf13dfdddb4: our priority 0 <= candidate's priority 1
2022-10-04 13:25:58,636 [grpc-default-executor-2] INFO  server.RaftServer$Division (RaftServerImpl.java:setRole(299)) - 53175bfc-7fac-47e0-bbdf-d2c660bed80b@group-9184019B8379: changes role from  FOLLOWER to FOLLOWER at term 2 for candidate:c90336e2-d91d-49cc-aa4b-bbf13dfdddb4
2022-10-04 13:25:58,636 [grpc-default-executor-2] INFO  impl.RoleInfo (RoleInfo.java:shutdownFollowerState(110)) - 53175bfc-7fac-47e0-bbdf-d2c660bed80b: shutdown 53175bfc-7fac-47e0-bbdf-d2c660bed80b@group-9184019B8379-FollowerState
2022-10-04 13:25:58,636 [grpc-default-executor-2] INFO  impl.RoleInfo (RoleInfo.java:updateAndGet(139)) - 53175bfc-7fac-47e0-bbdf-d2c660bed80b: start 53175bfc-7fac-47e0-bbdf-d2c660bed80b@group-9184019B8379-FollowerState
2022-10-04 13:25:58,636 [53175bfc-7fac-47e0-bbdf-d2c660bed80b@group-9184019B8379-FollowerState] INFO  impl.FollowerState (FollowerState.java:run(152)) - 53175bfc-7fac-47e0-bbdf-d2c660bed80b@group-9184019B8379-FollowerState was interrupted
2022-10-04 13:25:58,636 [grpc-default-executor-3] INFO  server.RaftServer$Division (RaftServerImpl.java:requestVote(1152)) - 8036fef3-52ee-40d8-bc71-c3943af78d41@group-9184019B8379: receive requestVote(ELECTION, c90336e2-d91d-49cc-aa4b-bbf13dfdddb4, group-9184019B8379, 2, (t:0, i:0))
2022-10-04 13:25:58,641 [grpc-default-executor-2] INFO  server.RaftServer$Division (RaftServerImpl.java:requestVote(1184)) - 53175bfc-7fac-47e0-bbdf-d2c660bed80b@group-9184019B8379 replies to ELECTION vote request: c90336e2-d91d-49cc-aa4b-bbf13dfdddb4<-53175bfc-7fac-47e0-bbdf-d2c660bed80b#0:OK-t2. Peer's state: 53175bfc-7fac-47e0-bbdf-d2c660bed80b@group-9184019B8379:t2, leader=null, voted=c90336e2-d91d-49cc-aa4b-bbf13dfdddb4, raftlog=53175bfc-7fac-47e0-bbdf-d2c660bed80b@group-9184019B8379-SegmentedRaftLog:OPENED:c-1, conf=-1: [8036fef3-52ee-40d8-bc71-c3943af78d41|rpc:10.1.1.108:33423|dataStream:|priority:0, c90336e2-d91d-49cc-aa4b-bbf13dfdddb4|rpc:10.1.1.108:44899|dataStream:|priority:1, 53175bfc-7fac-47e0-bbdf-d2c660bed80b|rpc:10.1.1.108:33245|dataStream:|priority:0], old=null
2022-10-04 13:25:58,641 [8036fef3-52ee-40d8-bc71-c3943af78d41@group-9184019B8379-FollowerState] INFO  impl.FollowerState (FollowerState.java:run(143)) - 8036fef3-52ee-40d8-bc71-c3943af78d41@group-9184019B8379-FollowerState: change to CANDIDATE, lastRpcElapsedTime:5168880843ns, electionTimeout:5161ms
2022-10-04 13:25:58,642 [8036fef3-52ee-40d8-bc71-c3943af78d41@group-9184019B8379-FollowerState] INFO  impl.RoleInfo (RoleInfo.java:shutdownFollowerState(110)) - 8036fef3-52ee-40d8-bc71-c3943af78d41: shutdown 8036fef3-52ee-40d8-bc71-c3943af78d41@group-9184019B8379-FollowerState
2022-10-04 13:25:58,642 [8036fef3-52ee-40d8-bc71-c3943af78d41@group-9184019B8379-FollowerState] INFO  server.RaftServer$Division (RaftServerImpl.java:setRole(299)) - 8036fef3-52ee-40d8-bc71-c3943af78d41@group-9184019B8379: changes role from  FOLLOWER to CANDIDATE at term 1 for changeToCandidate
2022-10-04 13:25:58,642 [8036fef3-52ee-40d8-bc71-c3943af78d41@group-9184019B8379-FollowerState] INFO  server.RaftServerConfigKeys (ConfUtils.java:logGet(46)) - raft.server.leaderelection.pre-vote = false (custom)
2022-10-04 13:25:58,642 [8036fef3-52ee-40d8-bc71-c3943af78d41@group-9184019B8379-FollowerState] INFO  impl.RoleInfo (RoleInfo.java:updateAndGet(139)) - 8036fef3-52ee-40d8-bc71-c3943af78d41: start 8036fef3-52ee-40d8-bc71-c3943af78d41@group-9184019B8379-LeaderElection11
2022-10-04 13:25:58,643 [grpc-default-executor-3] INFO  impl.VoteContext (VoteContext.java:log(48)) - 8036fef3-52ee-40d8-bc71-c3943af78d41@group-9184019B8379-CANDIDATE: accept ELECTION from c90336e2-d91d-49cc-aa4b-bbf13dfdddb4: our priority 0 <= candidate's priority 1
2022-10-04 13:25:58,649 [grpc-default-executor-3] INFO  server.RaftServer$Division (RaftServerImpl.java:setRole(299)) - 8036fef3-52ee-40d8-bc71-c3943af78d41@group-9184019B8379: changes role from CANDIDATE to FOLLOWER at term 2 for candidate:c90336e2-d91d-49cc-aa4b-bbf13dfdddb4
2022-10-04 13:25:58,649 [grpc-default-executor-3] INFO  impl.RoleInfo (RoleInfo.java:shutdownLeaderElection(130)) - 8036fef3-52ee-40d8-bc71-c3943af78d41: shutdown 8036fef3-52ee-40d8-bc71-c3943af78d41@group-9184019B8379-LeaderElection11
2022-10-04 13:25:58,649 [grpc-default-executor-3] INFO  impl.RoleInfo (RoleInfo.java:updateAndGet(139)) - 8036fef3-52ee-40d8-bc71-c3943af78d41: start 8036fef3-52ee-40d8-bc71-c3943af78d41@group-9184019B8379-FollowerState
2022-10-04 13:25:58,643 [c90336e2-d91d-49cc-aa4b-bbf13dfdddb4@group-9184019B8379-LeaderElection10] INFO  impl.LeaderElection (LeaderElection.java:logAndReturn(90)) - c90336e2-d91d-49cc-aa4b-bbf13dfdddb4@group-9184019B8379-LeaderElection10: ELECTION PASSED received 1 response(s) and 0 exception(s):
2022-10-04 13:25:58,649 [c90336e2-d91d-49cc-aa4b-bbf13dfdddb4@group-9184019B8379-LeaderElection10] INFO  impl.LeaderElection (LeaderElection.java:logAndReturn(94)) -   Response 0: c90336e2-d91d-49cc-aa4b-bbf13dfdddb4<-53175bfc-7fac-47e0-bbdf-d2c660bed80b#0:OK-t2
2022-10-04 13:25:58,650 [c90336e2-d91d-49cc-aa4b-bbf13dfdddb4@group-9184019B8379-LeaderElection10] INFO  impl.LeaderElection (LeaderElection.java:askForVotes(312)) - c90336e2-d91d-49cc-aa4b-bbf13dfdddb4@group-9184019B8379-LeaderElection10 ELECTION round 0: result PASSED
2022-10-04 13:25:58,650 [c90336e2-d91d-49cc-aa4b-bbf13dfdddb4@group-9184019B8379-LeaderElection10] INFO  impl.RoleInfo (RoleInfo.java:shutdownLeaderElection(130)) - c90336e2-d91d-49cc-aa4b-bbf13dfdddb4: shutdown c90336e2-d91d-49cc-aa4b-bbf13dfdddb4@group-9184019B8379-LeaderElection10
2022-10-04 13:25:58,650 [8036fef3-52ee-40d8-bc71-c3943af78d41@group-9184019B8379-LeaderElection11] INFO  impl.LeaderElection (LeaderElection.java:run(231)) - 8036fef3-52ee-40d8-bc71-c3943af78d41@group-9184019B8379-LeaderElection11: skip running since this is already CLOSING
2022-10-04 13:25:58,650 [c90336e2-d91d-49cc-aa4b-bbf13dfdddb4@group-9184019B8379-LeaderElection10] INFO  server.RaftServer$Division (RaftServerImpl.java:setRole(299)) - c90336e2-d91d-49cc-aa4b-bbf13dfdddb4@group-9184019B8379: changes role from CANDIDATE to LEADER at term 2 for changeToLeader
2022-10-04 13:25:58,654 [grpc-default-executor-3] INFO  server.RaftServer$Division (RaftServerImpl.java:requestVote(1184)) - 8036fef3-52ee-40d8-bc71-c3943af78d41@group-9184019B8379 replies to ELECTION vote request: c90336e2-d91d-49cc-aa4b-bbf13dfdddb4<-8036fef3-52ee-40d8-bc71-c3943af78d41#0:OK-t2. Peer's state: 8036fef3-52ee-40d8-bc71-c3943af78d41@group-9184019B8379:t2, leader=null, voted=c90336e2-d91d-49cc-aa4b-bbf13dfdddb4, raftlog=8036fef3-52ee-40d8-bc71-c3943af78d41@group-9184019B8379-SegmentedRaftLog:OPENED:c-1, conf=-1: [8036fef3-52ee-40d8-bc71-c3943af78d41|rpc:10.1.1.108:33423|dataStream:|priority:0, c90336e2-d91d-49cc-aa4b-bbf13dfdddb4|rpc:10.1.1.108:44899|dataStream:|priority:1, 53175bfc-7fac-47e0-bbdf-d2c660bed80b|rpc:10.1.1.108:33245|dataStream:|priority:0], old=null
2022-10-04 13:25:58,655 [c90336e2-d91d-49cc-aa4b-bbf13dfdddb4@group-9184019B8379-LeaderElection10] INFO  ratis.XceiverServerRatis (XceiverServerRatis.java:handleLeaderChangedNotification(863)) - Leader change notification received for group: group-9184019B8379 with new leaderId: c90336e2-d91d-49cc-aa4b-bbf13dfdddb4
2022-10-04 13:25:58,655 [c90336e2-d91d-49cc-aa4b-bbf13dfdddb4@group-9184019B8379-LeaderElection10] INFO  server.RaftServer$Division (ServerState.java:setLeader(287)) - c90336e2-d91d-49cc-aa4b-bbf13dfdddb4@group-9184019B8379: change Leader from null to c90336e2-d91d-49cc-aa4b-bbf13dfdddb4 at term 2 for becomeLeader, leader elected after 10363ms
2022-10-04 13:25:58,655 [c90336e2-d91d-49cc-aa4b-bbf13dfdddb4@group-9184019B8379-LeaderElection10] INFO  server.RaftServerConfigKeys (ConfUtils.java:logGet(46)) - raft.server.staging.catchup.gap = 1000 (default)
2022-10-04 13:25:58,655 [c90336e2-d91d-49cc-aa4b-bbf13dfdddb4@group-9184019B8379-LeaderElection10] INFO  server.RaftServerConfigKeys (ConfUtils.java:logGet(46)) - raft.server.write.element-limit = 1024 (custom)
2022-10-04 13:25:58,656 [c90336e2-d91d-49cc-aa4b-bbf13dfdddb4@group-9184019B8379-LeaderElection10] INFO  server.RaftServerConfigKeys (ConfUtils.java:logGet(46)) - raft.server.write.byte-limit = 1024 M (=1073741824) (custom)
2022-10-04 13:25:58,656 [c90336e2-d91d-49cc-aa4b-bbf13dfdddb4@group-9184019B8379-LeaderElection10] INFO  server.RaftServerConfigKeys (ConfUtils.java:logGet(46)) - raft.server.watch.timeout = 180s (custom)
2022-10-04 13:25:58,656 [c90336e2-d91d-49cc-aa4b-bbf13dfdddb4@group-9184019B8379-LeaderElection10] INFO  server.RaftServerConfigKeys (ConfUtils.java:logGet(46)) - raft.server.watch.timeout.denomination = 1s (default)
2022-10-04 13:25:58,656 [c90336e2-d91d-49cc-aa4b-bbf13dfdddb4@group-9184019B8379-LeaderElection10] INFO  server.RaftServerConfigKeys (ConfUtils.java:logGet(46)) - raft.server.watch.element-limit = 65536 (default)
2022-10-04 13:25:58,656 [c90336e2-d91d-49cc-aa4b-bbf13dfdddb4@group-9184019B8379-LeaderElection10] INFO  server.RaftServerConfigKeys (ConfUtils.java:logGet(46)) - raft.server.write.element-limit = 1024 (custom)
2022-10-04 13:25:58,656 [c90336e2-d91d-49cc-aa4b-bbf13dfdddb4@group-9184019B8379-LeaderElection10] INFO  server.RaftServerConfigKeys (ConfUtils.java:logGet(46)) - raft.server.write.follower.gap.ratio.max = -1.0 (default)
2022-10-04 13:25:58,657 [c90336e2-d91d-49cc-aa4b-bbf13dfdddb4@group-9184019B8379-LeaderElection10] INFO  server.RaftServerConfigKeys (ConfUtils.java:logGet(46)) - raft.server.log.appender.snapshot.chunk.size.max = 16MB (=16777216) (default)
2022-10-04 13:25:58,657 [c90336e2-d91d-49cc-aa4b-bbf13dfdddb4@group-9184019B8379-LeaderElection10] INFO  server.RaftServerConfigKeys (ConfUtils.java:logGet(46)) - raft.server.log.appender.buffer.byte-limit = 33554432 (custom)
2022-10-04 13:25:58,657 [c90336e2-d91d-49cc-aa4b-bbf13dfdddb4@group-9184019B8379-LeaderElection10] INFO  server.RaftServerConfigKeys (ConfUtils.java:logGet(46)) - raft.server.log.appender.buffer.element-limit = 1 (custom)
2022-10-04 13:25:58,658 [c90336e2-d91d-49cc-aa4b-bbf13dfdddb4@group-9184019B8379-LeaderElection10] INFO  grpc.GrpcConfigKeys (ConfUtils.java:logGet(46)) - raft.grpc.server.leader.outstanding.appends.max = 128 (default)
2022-10-04 13:25:58,658 [c90336e2-d91d-49cc-aa4b-bbf13dfdddb4@group-9184019B8379-LeaderElection10] INFO  server.RaftServerConfigKeys (ConfUtils.java:logGet(46)) - raft.server.rpc.request.timeout = 60s (custom)
2022-10-04 13:25:58,658 [c90336e2-d91d-49cc-aa4b-bbf13dfdddb4@group-9184019B8379-LeaderElection10] INFO  server.RaftServerConfigKeys (ConfUtils.java:logGet(46)) - raft.server.log.appender.install.snapshot.enabled = false (custom)
2022-10-04 13:25:58,659 [c90336e2-d91d-49cc-aa4b-bbf13dfdddb4@group-9184019B8379-LeaderElection10] INFO  server.RaftServerConfigKeys (ConfUtils.java:logGet(46)) - raft.server.log.appender.snapshot.chunk.size.max = 16MB (=16777216) (default)
2022-10-04 13:25:58,659 [c90336e2-d91d-49cc-aa4b-bbf13dfdddb4@group-9184019B8379-LeaderElection10] INFO  server.RaftServerConfigKeys (ConfUtils.java:logGet(46)) - raft.server.log.appender.buffer.byte-limit = 33554432 (custom)
2022-10-04 13:25:58,659 [c90336e2-d91d-49cc-aa4b-bbf13dfdddb4@group-9184019B8379-LeaderElection10] INFO  server.RaftServerConfigKeys (ConfUtils.java:logGet(46)) - raft.server.log.appender.buffer.element-limit = 1 (custom)
2022-10-04 13:25:58,659 [c90336e2-d91d-49cc-aa4b-bbf13dfdddb4@group-9184019B8379-LeaderElection10] INFO  grpc.GrpcConfigKeys (ConfUtils.java:logGet(46)) - raft.grpc.server.leader.outstanding.appends.max = 128 (default)
2022-10-04 13:25:58,659 [c90336e2-d91d-49cc-aa4b-bbf13dfdddb4@group-9184019B8379-LeaderElection10] INFO  server.RaftServerConfigKeys (ConfUtils.java:logGet(46)) - raft.server.rpc.request.timeout = 60s (custom)
2022-10-04 13:25:58,659 [c90336e2-d91d-49cc-aa4b-bbf13dfdddb4@group-9184019B8379-LeaderElection10] INFO  server.RaftServerConfigKeys (ConfUtils.java:logGet(46)) - raft.server.log.appender.install.snapshot.enabled = false (custom)
2022-10-04 13:25:58,659 [c90336e2-d91d-49cc-aa4b-bbf13dfdddb4@group-9184019B8379-LeaderElection10] INFO  impl.RoleInfo (RoleInfo.java:updateAndGet(139)) - c90336e2-d91d-49cc-aa4b-bbf13dfdddb4: start c90336e2-d91d-49cc-aa4b-bbf13dfdddb4@group-9184019B8379-LeaderStateImpl
2022-10-04 13:25:58,660 [c90336e2-d91d-49cc-aa4b-bbf13dfdddb4@group-9184019B8379-LeaderElection10] INFO  segmented.SegmentedRaftLogWorker (SegmentedRaftLogWorker.java:startLogSegment(425)) - c90336e2-d91d-49cc-aa4b-bbf13dfdddb4@group-9184019B8379-SegmentedRaftLogWorker: Starting segment from index:0
2022-10-04 13:25:58,662 [EventQueue-PipelineReportForPipelineReportHandler] INFO  pipeline.PipelineManagerImpl (PipelineManagerImpl.java:openPipeline(367)) - Pipeline Pipeline[ Id: 3afe47b4-9ff0-4b96-ab86-9184019b8379, Nodes: 8036fef3-52ee-40d8-bc71-c3943af78d41{ip: 10.1.1.108, host: fv-az573-645.uspngagyt4suddso0aj1djjezg.dx.internal.cloudapp.net, ports: [REPLICATION=38987, RATIS=33423, RATIS_ADMIN=33423, RATIS_SERVER=33423, STANDALONE=46101], networkLocation: /default-rack, certSerialId: null, persistedOpState: IN_SERVICE, persistedOpStateExpiryEpochSec: 0}53175bfc-7fac-47e0-bbdf-d2c660bed80b{ip: 10.1.1.108, host: fv-az573-645.uspngagyt4suddso0aj1djjezg.dx.internal.cloudapp.net, ports: [REPLICATION=32769, RATIS=33245, RATIS_ADMIN=33245, RATIS_SERVER=33245, STANDALONE=44415], networkLocation: /default-rack, certSerialId: null, persistedOpState: IN_SERVICE, persistedOpStateExpiryEpochSec: 0}c90336e2-d91d-49cc-aa4b-bbf13dfdddb4{ip: 10.1.1.108, host: fv-az573-645.uspngagyt4suddso0aj1djjezg.dx.internal.cloudapp.net, ports: [REPLICATION=39287, RATIS=44899, RATIS_ADMIN=44899, RATIS_SERVER=44899, STANDALONE=34255], networkLocation: /default-rack, certSerialId: null, persistedOpState: IN_SERVICE, persistedOpStateExpiryEpochSec: 0}, ReplicationConfig: RATIS/THREE, State:ALLOCATED, leaderId:c90336e2-d91d-49cc-aa4b-bbf13dfdddb4, CreationTimestamp2022-10-04T13:25:45.837Z[Etc/UTC]] moved to OPEN state
2022-10-04 13:25:58,662 [c90336e2-d91d-49cc-aa4b-bbf13dfdddb4@group-9184019B8379-SegmentedRaftLogWorker] INFO  segmented.SegmentedRaftLogWorker (SegmentedRaftLogWorker.java:execute(629)) - c90336e2-d91d-49cc-aa4b-bbf13dfdddb4@group-9184019B8379-SegmentedRaftLogWorker: created new log segment /home/runner/work/ozone/ozone/hadoop-ozone/integration-test/target/test-dir/MiniOzoneClusterImpl-6e9557d8-a31c-49e5-bba1-8bc95799a8b8/datanode-0/data/ratis/3afe47b4-9ff0-4b96-ab86-9184019b8379/current/log_inprogress_0
2022-10-04 13:25:58,694 [c90336e2-d91d-49cc-aa4b-bbf13dfdddb4@group-9184019B8379-LeaderElection10] INFO  server.RaftServer$Division (ServerState.java:setRaftConf(393)) - c90336e2-d91d-49cc-aa4b-bbf13dfdddb4@group-9184019B8379: set configuration 0: [8036fef3-52ee-40d8-bc71-c3943af78d41|rpc:10.1.1.108:33423|dataStream:|priority:0, c90336e2-d91d-49cc-aa4b-bbf13dfdddb4|rpc:10.1.1.108:44899|dataStream:|priority:1, 53175bfc-7fac-47e0-bbdf-d2c660bed80b|rpc:10.1.1.108:33245|dataStream:|priority:0], old=null
2022-10-04 13:25:58,695 [8036fef3-52ee-40d8-bc71-c3943af78d41-server-thread1] INFO  ratis.XceiverServerRatis (XceiverServerRatis.java:handleLeaderChangedNotification(863)) - Leader change notification received for group: group-9184019B8379 with new leaderId: c90336e2-d91d-49cc-aa4b-bbf13dfdddb4
2022-10-04 13:25:58,695 [8036fef3-52ee-40d8-bc71-c3943af78d41-server-thread1] INFO  server.RaftServer$Division (ServerState.java:setLeader(287)) - 8036fef3-52ee-40d8-bc71-c3943af78d41@group-9184019B8379: change Leader from null to c90336e2-d91d-49cc-aa4b-bbf13dfdddb4 at term 2 for appendEntries, leader elected after 10373ms
2022-10-04 13:25:58,707 [8036fef3-52ee-40d8-bc71-c3943af78d41-server-thread1] INFO  server.RaftServer$Division (ServerState.java:setRaftConf(393)) - 8036fef3-52ee-40d8-bc71-c3943af78d41@group-9184019B8379: set configuration 0: [8036fef3-52ee-40d8-bc71-c3943af78d41|rpc:10.1.1.108:33423|dataStream:|priority:0, c90336e2-d91d-49cc-aa4b-bbf13dfdddb4|rpc:10.1.1.108:44899|dataStream:|priority:1, 53175bfc-7fac-47e0-bbdf-d2c660bed80b|rpc:10.1.1.108:33245|dataStream:|priority:0], old=null
2022-10-04 13:25:58,707 [8036fef3-52ee-40d8-bc71-c3943af78d41-server-thread1] INFO  segmented.SegmentedRaftLogWorker (SegmentedRaftLogWorker.java:startLogSegment(425)) - 8036fef3-52ee-40d8-bc71-c3943af78d41@group-9184019B8379-SegmentedRaftLogWorker: Starting segment from index:0
2022-10-04 13:25:58,708 [53175bfc-7fac-47e0-bbdf-d2c660bed80b-server-thread1] INFO  ratis.XceiverServerRatis (XceiverServerRatis.java:handleLeaderChangedNotification(863)) - Leader change notification received for group: group-9184019B8379 with new leaderId: c90336e2-d91d-49cc-aa4b-bbf13dfdddb4
2022-10-04 13:25:58,708 [53175bfc-7fac-47e0-bbdf-d2c660bed80b-server-thread1] INFO  server.RaftServer$Division (ServerState.java:setLeader(287)) - 53175bfc-7fac-47e0-bbdf-d2c660bed80b@group-9184019B8379: change Leader from null to c90336e2-d91d-49cc-aa4b-bbf13dfdddb4 at term 2 for appendEntries, leader elected after 10345ms
2022-10-04 13:25:58,709 [8036fef3-52ee-40d8-bc71-c3943af78d41@group-9184019B8379-SegmentedRaftLogWorker] INFO  segmented.SegmentedRaftLogWorker (SegmentedRaftLogWorker.java:execute(629)) - 8036fef3-52ee-40d8-bc71-c3943af78d41@group-9184019B8379-SegmentedRaftLogWorker: created new log segment /home/runner/work/ozone/ozone/hadoop-ozone/integration-test/target/test-dir/MiniOzoneClusterImpl-6e9557d8-a31c-49e5-bba1-8bc95799a8b8/datanode-1/data/ratis/3afe47b4-9ff0-4b96-ab86-9184019b8379/current/log_inprogress_0
2022-10-04 13:25:58,714 [53175bfc-7fac-47e0-bbdf-d2c660bed80b-server-thread2] INFO  server.RaftServer$Division (ServerState.java:setRaftConf(393)) - 53175bfc-7fac-47e0-bbdf-d2c660bed80b@group-9184019B8379: set configuration 0: [8036fef3-52ee-40d8-bc71-c3943af78d41|rpc:10.1.1.108:33423|dataStream:|priority:0, c90336e2-d91d-49cc-aa4b-bbf13dfdddb4|rpc:10.1.1.108:44899|dataStream:|priority:1, 53175bfc-7fac-47e0-bbdf-d2c660bed80b|rpc:10.1.1.108:33245|dataStream:|priority:0], old=null
2022-10-04 13:25:58,714 [53175bfc-7fac-47e0-bbdf-d2c660bed80b-server-thread2] INFO  segmented.SegmentedRaftLogWorker (SegmentedRaftLogWorker.java:startLogSegment(425)) - 53175bfc-7fac-47e0-bbdf-d2c660bed80b@group-9184019B8379-SegmentedRaftLogWorker: Starting segment from index:0
2022-10-04 13:25:58,716 [53175bfc-7fac-47e0-bbdf-d2c660bed80b@group-9184019B8379-SegmentedRaftLogWorker] INFO  segmented.SegmentedRaftLogWorker (SegmentedRaftLogWorker.java:execute(629)) - 53175bfc-7fac-47e0-bbdf-d2c660bed80b@group-9184019B8379-SegmentedRaftLogWorker: created new log segment /home/runner/work/ozone/ozone/hadoop-ozone/integration-test/target/test-dir/MiniOzoneClusterImpl-6e9557d8-a31c-49e5-bba1-8bc95799a8b8/datanode-2/data/ratis/3afe47b4-9ff0-4b96-ab86-9184019b8379/current/log_inprogress_0
2022-10-04 13:25:58,829 [Listener at 127.0.0.1/43101] INFO  ozone.MiniOzoneClusterImpl (MiniOzoneClusterImpl.java:lambda$waitForClusterToBeReady$0(216)) - Nodes are ready. Got 3 of 3 DN Heartbeats.
2022-10-04 13:25:58,829 [Listener at 127.0.0.1/43101] INFO  ozone.MiniOzoneClusterImpl (MiniOzoneClusterImpl.java:lambda$waitForClusterToBeReady$0(219)) - Cluster exits safe mode
2022-10-04 13:25:58,829 [Listener at 127.0.0.1/43101] INFO  ozone.MiniOzoneClusterImpl (MiniOzoneClusterImpl.java:lambda$waitForClusterToBeReady$0(221)) - SCM became leader
2022-10-04 13:25:59,397 [Listener at 127.0.0.1/43101] INFO  rpc.RpcClient (RpcClient.java:createVolume(471)) - Creating Volume: volume54510, with user70764 as owner and space quota set to -1 bytes, counts quota set to -1
2022-10-04 13:25:59,469 [OM StateMachine ApplyTransaction Thread - 0] INFO  volume.OMVolumeCreateRequest (OMVolumeCreateRequest.java:validateAndUpdateCache(195)) - created volume:volume54510 for user:user70764
2022-10-04 13:25:59,473 [OM StateMachine ApplyTransaction Thread - 0] INFO  volume.OMVolumeCreateRequest (OMVolumeCreateRequest.java:validateAndUpdateCache(195)) - created volume:volume54510 for user:user70764
2022-10-04 13:25:59,473 [OM StateMachine ApplyTransaction Thread - 0] INFO  volume.OMVolumeCreateRequest (OMVolumeCreateRequest.java:validateAndUpdateCache(195)) - created volume:volume54510 for user:user70764
2022-10-04 13:25:59,500 [Listener at 127.0.0.1/43101] INFO  rpc.RpcClient (RpcClient.java:createBucket(674)) - Creating Bucket: volume54510/140d4f90-42af-437e-8872-0c1748b1cafb, with server-side default bucket layout, runner as owner, Versioning false, Storage Type set to DISK and Encryption set to false 
2022-10-04 13:25:59,528 [OM StateMachine ApplyTransaction Thread - 0] INFO  bucket.OMBucketCreateRequest (OMBucketCreateRequest.java:validateAndUpdateCache(260)) - created bucket: 140d4f90-42af-437e-8872-0c1748b1cafb of layout LEGACY in volume: volume54510
2022-10-04 13:25:59,529 [OM StateMachine ApplyTransaction Thread - 0] INFO  bucket.OMBucketCreateRequest (OMBucketCreateRequest.java:validateAndUpdateCache(260)) - created bucket: 140d4f90-42af-437e-8872-0c1748b1cafb of layout LEGACY in volume: volume54510
2022-10-04 13:25:59,530 [OM StateMachine ApplyTransaction Thread - 0] INFO  bucket.OMBucketCreateRequest (OMBucketCreateRequest.java:validateAndUpdateCache(260)) - created bucket: 140d4f90-42af-437e-8872-0c1748b1cafb of layout LEGACY in volume: volume54510
2022-10-04 13:25:59,689 [IPC Server handler 13 on default port 40317] INFO  ha.SequenceIdGenerator (SequenceIdGenerator.java:getNextId(128)) - Allocate a batch for containerId, change lastId from 0 to 1000.
2022-10-04 13:25:59,704 [IPC Server handler 13 on default port 40317] WARN  ha.SequenceIdGenerator (SequenceIdGenerator.java:allocateBatch(237)) - Failed to allocate a batch for localId, expected lastId is 0, actual lastId is 109611004723200000.
2022-10-04 13:25:59,704 [IPC Server handler 13 on default port 40317] INFO  ha.SequenceIdGenerator (SequenceIdGenerator.java:getNextId(128)) - Allocate a batch for localId, change lastId from 109611004723200000 to 109611004723201000.
2022-10-04 13:25:59,774 [Listener at 127.0.0.1/43101] INFO  impl.MetricsSystemImpl (MetricsSystemImpl.java:init(158)) - XceiverClientMetrics metrics system started (again)
2022-10-04 13:26:00,533 [Listener at 127.0.0.1/43101] INFO  rpc.RpcClient (RpcClient.java:createVolume(471)) - Creating Volume: volume30907, with user40596 as owner and space quota set to -1 bytes, counts quota set to -1
2022-10-04 13:26:00,547 [OM StateMachine ApplyTransaction Thread - 0] INFO  volume.OMVolumeCreateRequest (OMVolumeCreateRequest.java:validateAndUpdateCache(195)) - created volume:volume30907 for user:user40596
2022-10-04 13:26:00,552 [Listener at 127.0.0.1/43101] INFO  rpc.RpcClient (RpcClient.java:createBucket(674)) - Creating Bucket: volume30907/2127bacd-44c4-4d29-872e-ff35defbea59, with server-side default bucket layout, runner as owner, Versioning false, Storage Type set to DISK and Encryption set to false 
2022-10-04 13:26:00,555 [OM StateMachine ApplyTransaction Thread - 0] INFO  volume.OMVolumeCreateRequest (OMVolumeCreateRequest.java:validateAndUpdateCache(195)) - created volume:volume30907 for user:user40596
2022-10-04 13:26:00,562 [OM StateMachine ApplyTransaction Thread - 0] INFO  bucket.OMBucketCreateRequest (OMBucketCreateRequest.java:validateAndUpdateCache(260)) - created bucket: 2127bacd-44c4-4d29-872e-ff35defbea59 of layout LEGACY in volume: volume30907
2022-10-04 13:26:00,569 [OM StateMachine ApplyTransaction Thread - 0] INFO  volume.OMVolumeCreateRequest (OMVolumeCreateRequest.java:validateAndUpdateCache(195)) - created volume:volume30907 for user:user40596
2022-10-04 13:26:00,570 [OM StateMachine ApplyTransaction Thread - 0] INFO  bucket.OMBucketCreateRequest (OMBucketCreateRequest.java:validateAndUpdateCache(260)) - created bucket: 2127bacd-44c4-4d29-872e-ff35defbea59 of layout LEGACY in volume: volume30907
2022-10-04 13:26:00,577 [OM StateMachine ApplyTransaction Thread - 0] INFO  bucket.OMBucketCreateRequest (OMBucketCreateRequest.java:validateAndUpdateCache(260)) - created bucket: 2127bacd-44c4-4d29-872e-ff35defbea59 of layout LEGACY in volume: volume30907
2022-10-04 13:26:00,582 [Listener at 127.0.0.1/43101] INFO  om.OzoneManager (OzoneManager.java:stop(2036)) - omNode-1[localhost:37083]: Stopping Ozone Manager
2022-10-04 13:26:00,583 [Listener at 127.0.0.1/43101] INFO  ipc.Server (Server.java:stop(3414)) - Stopping server on 37083
2022-10-04 13:26:00,595 [IPC Server listener on 37083] INFO  ipc.Server (Server.java:run(1376)) - Stopping IPC Server listener on 37083
2022-10-04 13:26:00,595 [IPC Server Responder] INFO  ipc.Server (Server.java:run(1512)) - Stopping IPC Server Responder
2022-10-04 13:26:00,597 [Listener at 127.0.0.1/43101] INFO  server.RaftServer (RaftServerProxy.java:lambda$close$7(398)) - omNode-1: close
2022-10-04 13:26:00,598 [Listener at 127.0.0.1/43101] INFO  server.RaftServer$Division (RaftServerImpl.java:lambda$close$4(434)) - omNode-1@group-523986131536: shutdown
2022-10-04 13:26:00,598 [Listener at 127.0.0.1/43101] INFO  util.JmxRegister (JmxRegister.java:unregister(73)) - Successfully un-registered JMX Bean with object name Ratis:service=RaftServer,group=group-523986131536,id=omNode-1
2022-10-04 13:26:00,598 [Listener at 127.0.0.1/43101] INFO  impl.RoleInfo (RoleInfo.java:shutdownLeaderState(93)) - omNode-1: shutdown omNode-1@group-523986131536-LeaderStateImpl
2022-10-04 13:26:00,599 [omNode-1@group-523986131536->omNode-3-GrpcLogAppender-LogAppenderDaemon] WARN  server.GrpcLogAppender (GrpcLogAppender.java:mayWait(171)) - omNode-1@group-523986131536->omNode-3-GrpcLogAppender: Wait interrupted by java.lang.InterruptedException
2022-10-04 13:26:00,599 [Listener at 127.0.0.1/43101] INFO  impl.PendingRequests (PendingRequests.java:sendNotLeaderResponses(282)) - omNode-1@group-523986131536-PendingRequests: sendNotLeaderResponses
2022-10-04 13:26:00,602 [omNode-1@group-523986131536->omNode-2-GrpcLogAppender-LogAppenderDaemon] WARN  server.GrpcLogAppender (GrpcLogAppender.java:mayWait(171)) - omNode-1@group-523986131536->omNode-2-GrpcLogAppender: Wait interrupted by java.lang.InterruptedException
2022-10-04 13:26:00,606 [grpc-default-executor-3] INFO  server.GrpcServerProtocolService (GrpcServerProtocolService.java:onCompleted(140)) - omNode-3: Completed APPEND_ENTRIES, lastRequest: omNode-1->omNode-3#110264-t1,previous=(t:1, i:19),leaderCommit=19,initializing? true,entries: size=1, first=(t:1, i:20), METADATAENTRY(c:19)
2022-10-04 13:26:00,607 [grpc-default-executor-0] INFO  server.GrpcLogAppender (GrpcLogAppender.java:onCompleted(339)) - omNode-1@group-523986131536->omNode-3-AppendLogResponseHandler: follower responses appendEntries COMPLETED
2022-10-04 13:26:00,608 [grpc-default-executor-0] INFO  leader.FollowerInfo (FollowerInfoImpl.java:lambda$new$0(48)) - omNode-1@group-523986131536->omNode-3: nextIndex: updateUnconditionally 21 -> 20
2022-10-04 13:26:00,608 [omNode-1@group-523986131536-StateMachineUpdater] INFO  ratis.OzoneManagerStateMachine (OzoneManagerStateMachine.java:takeSnapshot(441)) - Current Snapshot Index (t:1, i:20)
2022-10-04 13:26:00,607 [grpc-default-executor-2] INFO  server.GrpcServerProtocolService (GrpcServerProtocolService.java:onCompleted(140)) - omNode-2: Completed APPEND_ENTRIES, lastRequest: omNode-1->omNode-2#181-t1,previous=(t:1, i:19),leaderCommit=19,initializing? true,entries: size=1, first=(t:1, i:20), METADATAENTRY(c:19)
2022-10-04 13:26:00,611 [Listener at 127.0.0.1/43101] INFO  impl.StateMachineUpdater (StateMachineUpdater.java:stopAndJoin(153)) - omNode-1@group-523986131536-StateMachineUpdater: set stopIndex = 20
2022-10-04 13:26:00,612 [grpc-default-executor-2] INFO  server.GrpcLogAppender (GrpcLogAppender.java:onCompleted(339)) - omNode-1@group-523986131536->omNode-2-AppendLogResponseHandler: follower responses appendEntries COMPLETED
2022-10-04 13:26:00,612 [omNode-1@group-523986131536-StateMachineUpdater] INFO  impl.StateMachineUpdater (StateMachineUpdater.java:takeSnapshot(287)) - omNode-1@group-523986131536-StateMachineUpdater: Took a snapshot at index 20
2022-10-04 13:26:00,614 [omNode-1@group-523986131536-StateMachineUpdater] INFO  impl.StateMachineUpdater (StateMachineUpdater.java:lambda$new$0(92)) - omNode-1@group-523986131536-StateMachineUpdater: snapshotIndex: updateIncreasingly -1 -> 20
2022-10-04 13:26:00,614 [omNode-1@group-523986131536-StateMachineUpdater] INFO  ratis.OzoneManagerStateMachine (OzoneManagerStateMachine.java:close(495)) - StateMachine has shutdown. Shutdown OzoneManager if not already shutdown.
2022-10-04 13:26:00,614 [omNode-1@group-523986131536-StateMachineUpdater] INFO  ratis.OzoneManagerDoubleBuffer (OzoneManagerDoubleBuffer.java:stop(466)) - Stopping OMDoubleBuffer flush thread
2022-10-04 13:26:00,612 [grpc-default-executor-2] INFO  leader.FollowerInfo (FollowerInfoImpl.java:lambda$new$0(48)) - omNode-1@group-523986131536->omNode-2: nextIndex: updateUnconditionally 21 -> 20
2022-10-04 13:26:00,614 [OMDoubleBufferFlushThread] INFO  ratis.OzoneManagerDoubleBuffer (OzoneManagerDoubleBuffer.java:flushTransactions(385)) - OMDoubleBuffer flush thread OMDoubleBufferFlushThread is interrupted and will exit.
2022-10-04 13:26:00,616 [Listener at 127.0.0.1/43101] INFO  server.RaftServer$Division (ServerState.java:close(429)) - omNode-1@group-523986131536: closes. applyIndex: 20
2022-10-04 13:26:00,617 [omNode-1@group-523986131536-SegmentedRaftLogWorker] INFO  segmented.SegmentedRaftLogWorker (SegmentedRaftLogWorker.java:run(336)) - omNode-1@group-523986131536-SegmentedRaftLogWorker was interrupted, exiting. There are 0 tasks remaining in the queue.
2022-10-04 13:26:00,619 [Listener at 127.0.0.1/43101] INFO  segmented.SegmentedRaftLogWorker (SegmentedRaftLogWorker.java:close(246)) - omNode-1@group-523986131536-SegmentedRaftLogWorker close()
2022-10-04 13:26:00,620 [Listener at 127.0.0.1/43101] INFO  server.GrpcService (GrpcService.java:closeImpl(269)) - omNode-1: shutdown server with port 42223 now
2022-10-04 13:26:00,633 [Listener at 127.0.0.1/43101] INFO  server.GrpcService (GrpcService.java:closeImpl(278)) - omNode-1: shutdown server with port 42223 successfully
2022-10-04 13:26:00,634 [org.apache.ratis.util.JvmPauseMonitor$$Lambda$699/75026084@5ccb2393] INFO  util.JvmPauseMonitor (JvmPauseMonitor.java:run(109)) - JvmPauseMonitor-omNode-1: Stopped
2022-10-04 13:26:00,634 [Listener at 127.0.0.1/43101] INFO  ratis.OzoneManagerStateMachine (OzoneManagerStateMachine.java:close(495)) - StateMachine has shutdown. Shutdown OzoneManager if not already shutdown.
2022-10-04 13:26:00,634 [Listener at 127.0.0.1/43101] INFO  ratis.OzoneManagerDoubleBuffer (OzoneManagerDoubleBuffer.java:stop(478)) - OMDoubleBuffer flush thread is not running.
2022-10-04 13:26:00,635 [Listener at 127.0.0.1/43101] INFO  utils.BackgroundService (BackgroundService.java:shutdown(141)) - Shutting down service KeyDeletingService
2022-10-04 13:26:00,635 [Listener at 127.0.0.1/43101] INFO  utils.BackgroundService (BackgroundService.java:shutdown(141)) - Shutting down service DirectoryDeletingService
2022-10-04 13:26:00,635 [Listener at 127.0.0.1/43101] INFO  utils.BackgroundService (BackgroundService.java:shutdown(141)) - Shutting down service OpenKeyCleanupService
2022-10-04 13:26:00,638 [Listener at 127.0.0.1/43101] INFO  handler.ContextHandler (ContextHandler.java:doStop(1153)) - Stopped o.e.j.w.WebAppContext@378d9ea0{ozoneManager,/,null,STOPPED}{file:/home/runner/work/ozone/ozone/hadoop-ozone/integration-test/target/test-classes/webapps/ozoneManager}
2022-10-04 13:26:00,642 [Listener at 127.0.0.1/43101] INFO  server.AbstractConnector (AbstractConnector.java:doStop(381)) - Stopped ServerConnector@3fe4d9d4{HTTP/1.1, (http/1.1)}{0.0.0.0:43603}
2022-10-04 13:26:00,642 [Listener at 127.0.0.1/43101] INFO  server.session (HouseKeeper.java:stopScavenging(149)) - node0 Stopped scavenging
2022-10-04 13:26:00,643 [Listener at 127.0.0.1/43101] INFO  handler.ContextHandler (ContextHandler.java:doStop(1153)) - Stopped o.e.j.s.ServletContextHandler@5d2ac39f{static,/static,file:///home/runner/work/ozone/ozone/hadoop-ozone/integration-test/target/test-classes/webapps/static,STOPPED}
2022-10-04 13:26:00,643 [Listener at 127.0.0.1/43101] INFO  handler.ContextHandler (ContextHandler.java:doStop(1153)) - Stopped o.e.j.s.ServletContextHandler@2f63ef53{logs,/logs,file:///home/runner/work/ozone/ozone/hadoop-ozone/integration-test/target/log,STOPPED}
2022-10-04 13:26:01,454 [Under Replicated Processor] INFO  replication.UnderReplicatedProcessor (UnderReplicatedProcessor.java:processAll(92)) - Processed 0 under replicated containers, failed processing 0
2022-10-04 13:26:01,466 [Over Replicated Processor] INFO  replication.OverReplicatedProcessor (OverReplicatedProcessor.java:processAll(90)) - Processed 0 over replicated containers, failed processing 0
2022-10-04 13:26:01,738 [omNode-2@group-523986131536-FollowerState] INFO  impl.FollowerState (FollowerState.java:run(143)) - omNode-2@group-523986131536-FollowerState: change to CANDIDATE, lastRpcElapsedTime:1148051062ns, electionTimeout:1069ms
2022-10-04 13:26:01,739 [omNode-2@group-523986131536-FollowerState] INFO  impl.RoleInfo (RoleInfo.java:shutdownFollowerState(110)) - omNode-2: shutdown omNode-2@group-523986131536-FollowerState
2022-10-04 13:26:01,739 [omNode-2@group-523986131536-FollowerState] INFO  server.RaftServer$Division (RaftServerImpl.java:setRole(299)) - omNode-2@group-523986131536: changes role from  FOLLOWER to CANDIDATE at term 1 for changeToCandidate
2022-10-04 13:26:01,739 [omNode-2@group-523986131536-FollowerState] INFO  server.RaftServerConfigKeys (ConfUtils.java:logGet(46)) - raft.server.leaderelection.pre-vote = false (custom)
2022-10-04 13:26:01,739 [omNode-2@group-523986131536-FollowerState] INFO  impl.RoleInfo (RoleInfo.java:updateAndGet(139)) - omNode-2: start omNode-2@group-523986131536-LeaderElection12
2022-10-04 13:26:01,741 [omNode-2@group-523986131536-LeaderElection12] INFO  server.RaftServer$Division (ServerState.java:setLeader(287)) - omNode-2@group-523986131536: change Leader from omNode-1 to null at term 1 for ELECTION
2022-10-04 13:26:01,743 [omNode-2@group-523986131536-LeaderElection12] INFO  impl.LeaderElection (LeaderElection.java:askForVotes(310)) - omNode-2@group-523986131536-LeaderElection12 ELECTION round 0: submit vote requests at term 2 for 0: [omNode-3|rpc:localhost:35537|admin:|client:|dataStream:|priority:0, omNode-1|rpc:localhost:42223|admin:|client:|dataStream:|priority:0, omNode-2|rpc:localhost:33535|admin:|client:|dataStream:|priority:0], old=null
2022-10-04 13:26:01,754 [omNode-2@group-523986131536-LeaderElection12] INFO  impl.LeaderElection (LogUtils.java:infoOrTrace(137)) - omNode-2@group-523986131536-LeaderElection12 got exception when requesting votes: java.util.concurrent.ExecutionException: org.apache.ratis.thirdparty.io.grpc.StatusRuntimeException: UNAVAILABLE: io exception
2022-10-04 13:26:01,755 [omNode-3@group-523986131536-FollowerState] INFO  impl.FollowerState (FollowerState.java:run(143)) - omNode-3@group-523986131536-FollowerState: change to CANDIDATE, lastRpcElapsedTime:1160998365ns, electionTimeout:1059ms
2022-10-04 13:26:01,755 [omNode-3@group-523986131536-FollowerState] INFO  impl.RoleInfo (RoleInfo.java:shutdownFollowerState(110)) - omNode-3: shutdown omNode-3@group-523986131536-FollowerState
2022-10-04 13:26:01,755 [omNode-3@group-523986131536-FollowerState] INFO  server.RaftServer$Division (RaftServerImpl.java:setRole(299)) - omNode-3@group-523986131536: changes role from  FOLLOWER to CANDIDATE at term 1 for changeToCandidate
2022-10-04 13:26:01,755 [omNode-3@group-523986131536-FollowerState] INFO  server.RaftServerConfigKeys (ConfUtils.java:logGet(46)) - raft.server.leaderelection.pre-vote = false (custom)
2022-10-04 13:26:01,755 [omNode-3@group-523986131536-FollowerState] INFO  impl.RoleInfo (RoleInfo.java:updateAndGet(139)) - omNode-3: start omNode-3@group-523986131536-LeaderElection13
2022-10-04 13:26:01,762 [omNode-3@group-523986131536-LeaderElection13] INFO  server.RaftServer$Division (ServerState.java:setLeader(287)) - omNode-3@group-523986131536: change Leader from omNode-1 to null at term 1 for ELECTION
2022-10-04 13:26:01,764 [grpc-default-executor-3] INFO  server.RaftServer$Division (RaftServerImpl.java:requestVote(1152)) - omNode-3@group-523986131536: receive requestVote(ELECTION, omNode-2, group-523986131536, 2, (t:1, i:20))
2022-10-04 13:26:01,766 [omNode-3@group-523986131536-LeaderElection13] INFO  impl.LeaderElection (LeaderElection.java:askForVotes(310)) - omNode-3@group-523986131536-LeaderElection13 ELECTION round 0: submit vote requests at term 2 for 0: [omNode-3|rpc:localhost:35537|admin:|client:|dataStream:|priority:0, omNode-1|rpc:localhost:42223|admin:|client:|dataStream:|priority:0, omNode-2|rpc:localhost:33535|admin:|client:|dataStream:|priority:0], old=null
2022-10-04 13:26:01,766 [grpc-default-executor-3] INFO  impl.VoteContext (VoteContext.java:log(48)) - omNode-3@group-523986131536-CANDIDATE: reject ELECTION from omNode-2: already has voted for omNode-3 at current term 2
2022-10-04 13:26:01,767 [grpc-default-executor-3] INFO  server.RaftServer$Division (RaftServerImpl.java:requestVote(1184)) - omNode-3@group-523986131536 replies to ELECTION vote request: omNode-2<-omNode-3#0:FAIL-t2. Peer's state: omNode-3@group-523986131536:t2, leader=null, voted=omNode-3, raftlog=omNode-3@group-523986131536-SegmentedRaftLog:OPENED:c19, conf=0: [omNode-3|rpc:localhost:35537|admin:|client:|dataStream:|priority:0, omNode-1|rpc:localhost:42223|admin:|client:|dataStream:|priority:0, omNode-2|rpc:localhost:33535|admin:|client:|dataStream:|priority:0], old=null
2022-10-04 13:26:01,768 [omNode-2@group-523986131536-LeaderElection12] INFO  impl.LeaderElection (LeaderElection.java:logAndReturn(90)) - omNode-2@group-523986131536-LeaderElection12: ELECTION REJECTED received 1 response(s) and 1 exception(s):
2022-10-04 13:26:01,768 [omNode-2@group-523986131536-LeaderElection12] INFO  impl.LeaderElection (LeaderElection.java:logAndReturn(94)) -   Response 0: omNode-2<-omNode-3#0:FAIL-t2
2022-10-04 13:26:01,768 [omNode-2@group-523986131536-LeaderElection12] INFO  impl.LeaderElection (LogUtils.java:infoOrTrace(137)) -   Exception 1: java.util.concurrent.ExecutionException: org.apache.ratis.thirdparty.io.grpc.StatusRuntimeException: UNAVAILABLE: io exception
2022-10-04 13:26:01,769 [omNode-2@group-523986131536-LeaderElection12] INFO  impl.LeaderElection (LeaderElection.java:askForVotes(312)) - omNode-2@group-523986131536-LeaderElection12 ELECTION round 0: result REJECTED
2022-10-04 13:26:01,776 [omNode-2@group-523986131536-LeaderElection12] INFO  server.RaftServer$Division (RaftServerImpl.java:setRole(299)) - omNode-2@group-523986131536: changes role from CANDIDATE to FOLLOWER at term 2 for REJECTED
2022-10-04 13:26:01,776 [omNode-2@group-523986131536-LeaderElection12] INFO  impl.RoleInfo (RoleInfo.java:shutdownLeaderElection(130)) - omNode-2: shutdown omNode-2@group-523986131536-LeaderElection12
2022-10-04 13:26:01,776 [omNode-2@group-523986131536-LeaderElection12] INFO  impl.RoleInfo (RoleInfo.java:updateAndGet(139)) - omNode-2: start omNode-2@group-523986131536-FollowerState
2022-10-04 13:26:01,790 [omNode-3@group-523986131536-LeaderElection13] INFO  impl.LeaderElection (LogUtils.java:infoOrTrace(137)) - omNode-3@group-523986131536-LeaderElection13 got exception when requesting votes: java.util.concurrent.ExecutionException: org.apache.ratis.thirdparty.io.grpc.StatusRuntimeException: UNAVAILABLE: io exception
2022-10-04 13:26:01,793 [grpc-default-executor-3] INFO  server.RaftServer$Division (RaftServerImpl.java:requestVote(1152)) - omNode-2@group-523986131536: receive requestVote(ELECTION, omNode-3, group-523986131536, 2, (t:1, i:20))
2022-10-04 13:26:01,793 [grpc-default-executor-3] INFO  impl.VoteContext (VoteContext.java:log(48)) - omNode-2@group-523986131536-FOLLOWER: reject ELECTION from omNode-3: already has voted for omNode-2 at current term 2
2022-10-04 13:26:01,793 [grpc-default-executor-3] INFO  server.RaftServer$Division (RaftServerImpl.java:requestVote(1184)) - omNode-2@group-523986131536 replies to ELECTION vote request: omNode-3<-omNode-2#0:FAIL-t2. Peer's state: omNode-2@group-523986131536:t2, leader=null, voted=omNode-2, raftlog=omNode-2@group-523986131536-SegmentedRaftLog:OPENED:c19, conf=0: [omNode-3|rpc:localhost:35537|admin:|client:|dataStream:|priority:0, omNode-1|rpc:localhost:42223|admin:|client:|dataStream:|priority:0, omNode-2|rpc:localhost:33535|admin:|client:|dataStream:|priority:0], old=null
2022-10-04 13:26:01,795 [omNode-3@group-523986131536-LeaderElection13] INFO  impl.LeaderElection (LeaderElection.java:logAndReturn(90)) - omNode-3@group-523986131536-LeaderElection13: ELECTION REJECTED received 1 response(s) and 1 exception(s):
2022-10-04 13:26:01,795 [omNode-3@group-523986131536-LeaderElection13] INFO  impl.LeaderElection (LeaderElection.java:logAndReturn(94)) -   Response 0: omNode-3<-omNode-2#0:FAIL-t2
2022-10-04 13:26:01,795 [omNode-3@group-523986131536-LeaderElection13] INFO  impl.LeaderElection (LogUtils.java:infoOrTrace(137)) -   Exception 1: java.util.concurrent.ExecutionException: org.apache.ratis.thirdparty.io.grpc.StatusRuntimeException: UNAVAILABLE: io exception
2022-10-04 13:26:01,796 [omNode-3@group-523986131536-LeaderElection13] INFO  impl.LeaderElection (LeaderElection.java:askForVotes(312)) - omNode-3@group-523986131536-LeaderElection13 ELECTION round 0: result REJECTED
2022-10-04 13:26:01,796 [omNode-3@group-523986131536-LeaderElection13] INFO  server.RaftServer$Division (RaftServerImpl.java:setRole(299)) - omNode-3@group-523986131536: changes role from CANDIDATE to FOLLOWER at term 2 for REJECTED
2022-10-04 13:26:01,796 [omNode-3@group-523986131536-LeaderElection13] INFO  impl.RoleInfo (RoleInfo.java:shutdownLeaderElection(130)) - omNode-3: shutdown omNode-3@group-523986131536-LeaderElection13
2022-10-04 13:26:01,796 [omNode-3@group-523986131536-LeaderElection13] INFO  impl.RoleInfo (RoleInfo.java:updateAndGet(139)) - omNode-3: start omNode-3@group-523986131536-FollowerState
2022-10-04 13:26:02,898 [omNode-2@group-523986131536-FollowerState] INFO  impl.FollowerState (FollowerState.java:run(143)) - omNode-2@group-523986131536-FollowerState: change to CANDIDATE, lastRpcElapsedTime:1122073936ns, electionTimeout:1120ms
2022-10-04 13:26:02,899 [omNode-2@group-523986131536-FollowerState] INFO  impl.RoleInfo (RoleInfo.java:shutdownFollowerState(110)) - omNode-2: shutdown omNode-2@group-523986131536-FollowerState
2022-10-04 13:26:02,899 [omNode-2@group-523986131536-FollowerState] INFO  server.RaftServer$Division (RaftServerImpl.java:setRole(299)) - omNode-2@group-523986131536: changes role from  FOLLOWER to CANDIDATE at term 2 for changeToCandidate
2022-10-04 13:26:02,899 [omNode-2@group-523986131536-FollowerState] INFO  server.RaftServerConfigKeys (ConfUtils.java:logGet(46)) - raft.server.leaderelection.pre-vote = false (custom)
2022-10-04 13:26:02,900 [omNode-2@group-523986131536-FollowerState] INFO  impl.RoleInfo (RoleInfo.java:updateAndGet(139)) - omNode-2: start omNode-2@group-523986131536-LeaderElection14
2022-10-04 13:26:02,904 [omNode-2@group-523986131536-LeaderElection14] INFO  impl.LeaderElection (LeaderElection.java:askForVotes(310)) - omNode-2@group-523986131536-LeaderElection14 ELECTION round 0: submit vote requests at term 3 for 0: [omNode-3|rpc:localhost:35537|admin:|client:|dataStream:|priority:0, omNode-1|rpc:localhost:42223|admin:|client:|dataStream:|priority:0, omNode-2|rpc:localhost:33535|admin:|client:|dataStream:|priority:0], old=null
2022-10-04 13:26:02,908 [grpc-default-executor-3] INFO  server.RaftServer$Division (RaftServerImpl.java:requestVote(1152)) - omNode-3@group-523986131536: receive requestVote(ELECTION, omNode-2, group-523986131536, 3, (t:1, i:20))
2022-10-04 13:26:02,908 [grpc-default-executor-3] INFO  impl.VoteContext (VoteContext.java:log(48)) - omNode-3@group-523986131536-FOLLOWER: accept ELECTION from omNode-2: our priority 0 <= candidate's priority 0
2022-10-04 13:26:02,909 [grpc-default-executor-3] INFO  server.RaftServer$Division (RaftServerImpl.java:setRole(299)) - omNode-3@group-523986131536: changes role from  FOLLOWER to FOLLOWER at term 3 for candidate:omNode-2
2022-10-04 13:26:02,909 [grpc-default-executor-3] INFO  impl.RoleInfo (RoleInfo.java:shutdownFollowerState(110)) - omNode-3: shutdown omNode-3@group-523986131536-FollowerState
2022-10-04 13:26:02,909 [grpc-default-executor-3] INFO  impl.RoleInfo (RoleInfo.java:updateAndGet(139)) - omNode-3: start omNode-3@group-523986131536-FollowerState
2022-10-04 13:26:02,909 [omNode-3@group-523986131536-FollowerState] INFO  impl.FollowerState (FollowerState.java:run(152)) - omNode-3@group-523986131536-FollowerState was interrupted
2022-10-04 13:26:02,910 [omNode-2@group-523986131536-LeaderElection14] INFO  impl.LeaderElection (LogUtils.java:infoOrTrace(137)) - omNode-2@group-523986131536-LeaderElection14 got exception when requesting votes: java.util.concurrent.ExecutionException: org.apache.ratis.thirdparty.io.grpc.StatusRuntimeException: UNAVAILABLE: io exception
2022-10-04 13:26:02,911 [grpc-default-executor-3] INFO  server.RaftServer$Division (RaftServerImpl.java:requestVote(1184)) - omNode-3@group-523986131536 replies to ELECTION vote request: omNode-2<-omNode-3#0:OK-t3. Peer's state: omNode-3@group-523986131536:t3, leader=null, voted=omNode-2, raftlog=omNode-3@group-523986131536-SegmentedRaftLog:OPENED:c19, conf=0: [omNode-3|rpc:localhost:35537|admin:|client:|dataStream:|priority:0, omNode-1|rpc:localhost:42223|admin:|client:|dataStream:|priority:0, omNode-2|rpc:localhost:33535|admin:|client:|dataStream:|priority:0], old=null
2022-10-04 13:26:02,914 [omNode-2@group-523986131536-LeaderElection14] INFO  impl.LeaderElection (LeaderElection.java:logAndReturn(90)) - omNode-2@group-523986131536-LeaderElection14: ELECTION PASSED received 1 response(s) and 1 exception(s):
2022-10-04 13:26:02,914 [omNode-2@group-523986131536-LeaderElection14] INFO  impl.LeaderElection (LeaderElection.java:logAndReturn(94)) -   Response 0: omNode-2<-omNode-3#0:OK-t3
2022-10-04 13:26:02,914 [omNode-2@group-523986131536-LeaderElection14] INFO  impl.LeaderElection (LogUtils.java:infoOrTrace(137)) -   Exception 1: java.util.concurrent.ExecutionException: org.apache.ratis.thirdparty.io.grpc.StatusRuntimeException: UNAVAILABLE: io exception
2022-10-04 13:26:02,914 [omNode-2@group-523986131536-LeaderElection14] INFO  impl.LeaderElection (LeaderElection.java:askForVotes(312)) - omNode-2@group-523986131536-LeaderElection14 ELECTION round 0: result PASSED
2022-10-04 13:26:02,915 [omNode-2@group-523986131536-LeaderElection14] INFO  impl.RoleInfo (RoleInfo.java:shutdownLeaderElection(130)) - omNode-2: shutdown omNode-2@group-523986131536-LeaderElection14
2022-10-04 13:26:02,915 [omNode-2@group-523986131536-LeaderElection14] INFO  server.RaftServer$Division (RaftServerImpl.java:setRole(299)) - omNode-2@group-523986131536: changes role from CANDIDATE to LEADER at term 3 for changeToLeader
2022-10-04 13:26:02,915 [omNode-2@group-523986131536-LeaderElection14] INFO  server.RaftServer$Division (ServerState.java:setLeader(287)) - omNode-2@group-523986131536: change Leader from null to omNode-2 at term 3 for becomeLeader, leader elected after 1174ms
2022-10-04 13:26:02,915 [omNode-2@group-523986131536-LeaderElection14] INFO  server.RaftServerConfigKeys (ConfUtils.java:logGet(46)) - raft.server.staging.catchup.gap = 1000 (default)
2022-10-04 13:26:02,916 [omNode-2@group-523986131536-LeaderElection14] INFO  server.RaftServerConfigKeys (ConfUtils.java:logGet(46)) - raft.server.write.element-limit = 4096 (default)
2022-10-04 13:26:02,916 [omNode-2@group-523986131536-LeaderElection14] INFO  server.RaftServerConfigKeys (ConfUtils.java:logGet(46)) - raft.server.write.byte-limit = 64MB (=67108864) (default)
2022-10-04 13:26:02,916 [omNode-2@group-523986131536-LeaderElection14] INFO  server.RaftServerConfigKeys (ConfUtils.java:logGet(46)) - raft.server.watch.timeout = 10s (default)
2022-10-04 13:26:02,916 [omNode-2@group-523986131536-LeaderElection14] INFO  server.RaftServerConfigKeys (ConfUtils.java:logGet(46)) - raft.server.watch.timeout.denomination = 1s (default)
2022-10-04 13:26:02,916 [omNode-2@group-523986131536-LeaderElection14] INFO  server.RaftServerConfigKeys (ConfUtils.java:logGet(46)) - raft.server.watch.element-limit = 65536 (default)
2022-10-04 13:26:02,916 [omNode-2@group-523986131536-LeaderElection14] INFO  server.RaftServerConfigKeys (ConfUtils.java:logGet(46)) - raft.server.write.element-limit = 4096 (default)
2022-10-04 13:26:02,916 [omNode-2@group-523986131536-LeaderElection14] INFO  server.RaftServerConfigKeys (ConfUtils.java:logGet(46)) - raft.server.write.follower.gap.ratio.max = -1.0 (default)
2022-10-04 13:26:02,917 [omNode-2@group-523986131536-LeaderElection14] INFO  server.RaftServerConfigKeys (ConfUtils.java:logGet(46)) - raft.server.log.appender.snapshot.chunk.size.max = 16MB (=16777216) (default)
2022-10-04 13:26:02,917 [omNode-2@group-523986131536-LeaderElection14] INFO  server.RaftServerConfigKeys (ConfUtils.java:logGet(46)) - raft.server.log.appender.buffer.byte-limit = 33554432 (custom)
2022-10-04 13:26:02,917 [omNode-2@group-523986131536-LeaderElection14] INFO  server.RaftServerConfigKeys (ConfUtils.java:logGet(46)) - raft.server.log.appender.buffer.element-limit = 1024 (custom)
2022-10-04 13:26:02,917 [omNode-2@group-523986131536-LeaderElection14] INFO  grpc.GrpcConfigKeys (ConfUtils.java:logGet(46)) - raft.grpc.server.leader.outstanding.appends.max = 128 (default)
2022-10-04 13:26:02,921 [omNode-2@group-523986131536-LeaderElection14] INFO  server.RaftServerConfigKeys (ConfUtils.java:logGet(46)) - raft.server.rpc.request.timeout = 3000ms (default)
2022-10-04 13:26:02,921 [omNode-2@group-523986131536-LeaderElection14] INFO  server.RaftServerConfigKeys (ConfUtils.java:logGet(46)) - raft.server.log.appender.install.snapshot.enabled = false (custom)
2022-10-04 13:26:02,922 [omNode-2@group-523986131536-LeaderElection14] INFO  server.RaftServerConfigKeys (ConfUtils.java:logGet(46)) - raft.server.log.appender.snapshot.chunk.size.max = 16MB (=16777216) (default)
2022-10-04 13:26:02,922 [omNode-2@group-523986131536-LeaderElection14] INFO  server.RaftServerConfigKeys (ConfUtils.java:logGet(46)) - raft.server.log.appender.buffer.byte-limit = 33554432 (custom)
2022-10-04 13:26:02,922 [omNode-2@group-523986131536-LeaderElection14] INFO  server.RaftServerConfigKeys (ConfUtils.java:logGet(46)) - raft.server.log.appender.buffer.element-limit = 1024 (custom)
2022-10-04 13:26:02,922 [omNode-2@group-523986131536-LeaderElection14] INFO  grpc.GrpcConfigKeys (ConfUtils.java:logGet(46)) - raft.grpc.server.leader.outstanding.appends.max = 128 (default)
2022-10-04 13:26:02,922 [omNode-2@group-523986131536-LeaderElection14] INFO  server.RaftServerConfigKeys (ConfUtils.java:logGet(46)) - raft.server.rpc.request.timeout = 3000ms (default)
2022-10-04 13:26:02,923 [omNode-2@group-523986131536-LeaderElection14] INFO  server.RaftServerConfigKeys (ConfUtils.java:logGet(46)) - raft.server.log.appender.install.snapshot.enabled = false (custom)
2022-10-04 13:26:02,923 [omNode-2@group-523986131536-LeaderElection14] INFO  impl.RoleInfo (RoleInfo.java:updateAndGet(139)) - omNode-2: start omNode-2@group-523986131536-LeaderStateImpl
2022-10-04 13:26:02,923 [omNode-2@group-523986131536-LeaderElection14] INFO  segmented.SegmentedRaftLogWorker (SegmentedRaftLogWorker.java:rollLogSegment(430)) - omNode-2@group-523986131536-SegmentedRaftLogWorker: Rolling segment log-0_20 to index:20
2022-10-04 13:26:02,926 [omNode-2@group-523986131536-SegmentedRaftLogWorker] INFO  segmented.SegmentedRaftLogWorker (SegmentedRaftLogWorker.java:execute(586)) - omNode-2@group-523986131536-SegmentedRaftLogWorker: Rolled log segment from /home/runner/work/ozone/ozone/hadoop-ozone/integration-test/target/test-dir/MiniOzoneClusterImpl-6e9557d8-a31c-49e5-bba1-8bc95799a8b8/omNode-2/ratis/c9bc4cf4-3bc3-3c60-a66b-523986131536/current/log_inprogress_0 to /home/runner/work/ozone/ozone/hadoop-ozone/integration-test/target/test-dir/MiniOzoneClusterImpl-6e9557d8-a31c-49e5-bba1-8bc95799a8b8/omNode-2/ratis/c9bc4cf4-3bc3-3c60-a66b-523986131536/current/log_0-20
2022-10-04 13:26:02,929 [omNode-2@group-523986131536-LeaderElection14] INFO  server.RaftServer$Division (ServerState.java:setRaftConf(393)) - omNode-2@group-523986131536: set configuration 21: [omNode-3|rpc:localhost:35537|admin:|client:|dataStream:|priority:0, omNode-1|rpc:localhost:42223|admin:|client:|dataStream:|priority:0, omNode-2|rpc:localhost:33535|admin:|client:|dataStream:|priority:0], old=null
2022-10-04 13:26:02,935 [grpc-default-executor-3] WARN  server.GrpcLogAppender (LogUtils.java:warn(122)) - omNode-2@group-523986131536->omNode-1-AppendLogResponseHandler: Failed appendEntries: org.apache.ratis.thirdparty.io.grpc.StatusRuntimeException: UNAVAILABLE: io exception
2022-10-04 13:26:02,937 [grpc-default-executor-3] WARN  server.GrpcLogAppender (GrpcLogAppender.java:resetClient(111)) - omNode-2@group-523986131536->omNode-1-GrpcLogAppender: Leader has not got in touch with Follower omNode-2@group-523986131536->omNode-1(c-1,m0,n21, attendVote=true, lastRpcSendTime=1, lastRpcResponseTime=1220) yet, just keep nextIndex unchanged and retry.
2022-10-04 13:26:02,941 [grpc-default-executor-3] WARN  server.GrpcLogAppender (LogUtils.java:warn(122)) - omNode-2@group-523986131536->omNode-1-AppendLogResponseHandler: Failed appendEntries: org.apache.ratis.thirdparty.io.grpc.StatusRuntimeException: UNAVAILABLE: io exception
2022-10-04 13:26:02,943 [grpc-default-executor-3] WARN  server.GrpcLogAppender (GrpcLogAppender.java:resetClient(111)) - omNode-2@group-523986131536->omNode-1-GrpcLogAppender: Leader has not got in touch with Follower omNode-2@group-523986131536->omNode-1(c-1,m0,n22, attendVote=true, lastRpcSendTime=0, lastRpcResponseTime=1226) yet, just keep nextIndex unchanged and retry.
2022-10-04 13:26:02,946 [omNode-3-server-thread1] INFO  server.RaftServer$Division (ServerState.java:setLeader(287)) - omNode-3@group-523986131536: change Leader from null to omNode-2 at term 3 for appendEntries, leader elected after 1184ms
2022-10-04 13:26:02,946 [omNode-2@group-523986131536-SegmentedRaftLogWorker] INFO  segmented.SegmentedRaftLogWorker (SegmentedRaftLogWorker.java:execute(629)) - omNode-2@group-523986131536-SegmentedRaftLogWorker: created new log segment /home/runner/work/ozone/ozone/hadoop-ozone/integration-test/target/test-dir/MiniOzoneClusterImpl-6e9557d8-a31c-49e5-bba1-8bc95799a8b8/omNode-2/ratis/c9bc4cf4-3bc3-3c60-a66b-523986131536/current/log_inprogress_21
2022-10-04 13:26:02,949 [omNode-3-server-thread1] INFO  server.RaftServer$Division (ServerState.java:setRaftConf(393)) - omNode-3@group-523986131536: set configuration 21: [omNode-3|rpc:localhost:35537|admin:|client:|dataStream:|priority:0, omNode-1|rpc:localhost:42223|admin:|client:|dataStream:|priority:0, omNode-2|rpc:localhost:33535|admin:|client:|dataStream:|priority:0], old=null
2022-10-04 13:26:02,949 [omNode-3-server-thread1] INFO  segmented.SegmentedRaftLogWorker (SegmentedRaftLogWorker.java:rollLogSegment(430)) - omNode-3@group-523986131536-SegmentedRaftLogWorker: Rolling segment log-0_20 to index:20
2022-10-04 13:26:02,951 [omNode-3@group-523986131536-SegmentedRaftLogWorker] INFO  segmented.SegmentedRaftLogWorker (SegmentedRaftLogWorker.java:execute(586)) - omNode-3@group-523986131536-SegmentedRaftLogWorker: Rolled log segment from /home/runner/work/ozone/ozone/hadoop-ozone/integration-test/target/test-dir/MiniOzoneClusterImpl-6e9557d8-a31c-49e5-bba1-8bc95799a8b8/omNode-3/ratis/c9bc4cf4-3bc3-3c60-a66b-523986131536/current/log_inprogress_0 to /home/runner/work/ozone/ozone/hadoop-ozone/integration-test/target/test-dir/MiniOzoneClusterImpl-6e9557d8-a31c-49e5-bba1-8bc95799a8b8/omNode-3/ratis/c9bc4cf4-3bc3-3c60-a66b-523986131536/current/log_0-20
2022-10-04 13:26:02,963 [omNode-3@group-523986131536-SegmentedRaftLogWorker] INFO  segmented.SegmentedRaftLogWorker (SegmentedRaftLogWorker.java:execute(629)) - omNode-3@group-523986131536-SegmentedRaftLogWorker: created new log segment /home/runner/work/ozone/ozone/hadoop-ozone/integration-test/target/test-dir/MiniOzoneClusterImpl-6e9557d8-a31c-49e5-bba1-8bc95799a8b8/omNode-3/ratis/c9bc4cf4-3bc3-3c60-a66b-523986131536/current/log_inprogress_21
2022-10-04 13:26:02,972 [omNode-2@group-523986131536-StateMachineUpdater] INFO  ratis.OzoneManagerStateMachine (OzoneManagerStateMachine.java:notifyConfigurationChanged(192)) - Received Configuration change notification from Ratis. New Peer list:
[id: "omNode-3"
address: "localhost:35537"
, id: "omNode-1"
address: "localhost:42223"
, id: "omNode-2"
address: "localhost:33535"
]
2022-10-04 13:26:02,978 [grpc-default-executor-3] WARN  server.GrpcLogAppender (LogUtils.java:warn(122)) - omNode-2@group-523986131536->omNode-1-AppendLogResponseHandler: Failed appendEntries: org.apache.ratis.thirdparty.io.grpc.StatusRuntimeException: UNAVAILABLE: io exception
2022-10-04 13:26:02,979 [grpc-default-executor-3] WARN  server.GrpcLogAppender (GrpcLogAppender.java:resetClient(111)) - omNode-2@group-523986131536->omNode-1-GrpcLogAppender: Leader has not got in touch with Follower omNode-2@group-523986131536->omNode-1(c-1,m0,n23, attendVote=true, lastRpcSendTime=0, lastRpcResponseTime=1262) yet, just keep nextIndex unchanged and retry.
2022-10-04 13:26:02,979 [omNode-3@group-523986131536-StateMachineUpdater] INFO  ratis.OzoneManagerStateMachine (OzoneManagerStateMachine.java:notifyConfigurationChanged(192)) - Received Configuration change notification from Ratis. New Peer list:
[id: "omNode-3"
address: "localhost:35537"
, id: "omNode-1"
address: "localhost:42223"
, id: "omNode-2"
address: "localhost:33535"
]
2022-10-04 13:26:03,186 [grpc-default-executor-3] WARN  server.GrpcLogAppender (LogUtils.java:warn(122)) - omNode-2@group-523986131536->omNode-1-AppendLogResponseHandler: Failed appendEntries: org.apache.ratis.thirdparty.io.grpc.StatusRuntimeException: UNAVAILABLE: io exception
2022-10-04 13:26:03,187 [grpc-default-executor-3] WARN  server.GrpcLogAppender (GrpcLogAppender.java:resetClient(111)) - omNode-2@group-523986131536->omNode-1-GrpcLogAppender: Leader has not got in touch with Follower omNode-2@group-523986131536->omNode-1(c-1,m0,n23, attendVote=true, lastRpcSendTime=0, lastRpcResponseTime=1470) yet, just keep nextIndex unchanged and retry.
2022-10-04 13:26:03,437 [grpc-default-executor-2] WARN  server.GrpcLogAppender (LogUtils.java:warn(122)) - omNode-2@group-523986131536->omNode-1-AppendLogResponseHandler: Failed appendEntries: org.apache.ratis.thirdparty.io.grpc.StatusRuntimeException: UNAVAILABLE: io exception
2022-10-04 13:26:03,437 [grpc-default-executor-2] WARN  server.GrpcLogAppender (GrpcLogAppender.java:resetClient(111)) - omNode-2@group-523986131536->omNode-1-GrpcLogAppender: Leader has not got in touch with Follower omNode-2@group-523986131536->omNode-1(c-1,m0,n23, attendVote=true, lastRpcSendTime=0, lastRpcResponseTime=1720) yet, just keep nextIndex unchanged and retry.
2022-10-04 13:26:03,687 [grpc-default-executor-2] WARN  server.GrpcLogAppender (LogUtils.java:warn(122)) - omNode-2@group-523986131536->omNode-1-AppendLogResponseHandler: Failed appendEntries: org.apache.ratis.thirdparty.io.grpc.StatusRuntimeException: UNAVAILABLE: io exception
2022-10-04 13:26:03,688 [grpc-default-executor-2] WARN  server.GrpcLogAppender (GrpcLogAppender.java:resetClient(111)) - omNode-2@group-523986131536->omNode-1-GrpcLogAppender: Leader has not got in touch with Follower omNode-2@group-523986131536->omNode-1(c-1,m0,n23, attendVote=true, lastRpcSendTime=251, lastRpcResponseTime=1971) yet, just keep nextIndex unchanged and retry.
2022-10-04 13:26:03,939 [grpc-default-executor-3] WARN  server.GrpcLogAppender (LogUtils.java:warn(122)) - omNode-2@group-523986131536->omNode-1-AppendLogResponseHandler: Failed appendEntries: org.apache.ratis.thirdparty.io.grpc.StatusRuntimeException: UNAVAILABLE: io exception
2022-10-04 13:26:03,940 [grpc-default-executor-3] WARN  server.GrpcLogAppender (GrpcLogAppender.java:resetClient(111)) - omNode-2@group-523986131536->omNode-1-GrpcLogAppender: Leader has not got in touch with Follower omNode-2@group-523986131536->omNode-1(c-1,m0,n23, attendVote=true, lastRpcSendTime=0, lastRpcResponseTime=2223) yet, just keep nextIndex unchanged and retry.
2022-10-04 13:26:04,190 [grpc-default-executor-3] WARN  server.GrpcLogAppender (LogUtils.java:warn(122)) - omNode-2@group-523986131536->omNode-1-AppendLogResponseHandler: Failed appendEntries: org.apache.ratis.thirdparty.io.grpc.StatusRuntimeException: UNAVAILABLE: io exception
2022-10-04 13:26:04,191 [grpc-default-executor-3] WARN  server.GrpcLogAppender (GrpcLogAppender.java:resetClient(111)) - omNode-2@group-523986131536->omNode-1-GrpcLogAppender: Leader has not got in touch with Follower omNode-2@group-523986131536->omNode-1(c-1,m0,n23, attendVote=true, lastRpcSendTime=1, lastRpcResponseTime=2474) yet, just keep nextIndex unchanged and retry.
2022-10-04 13:26:04,441 [grpc-default-executor-3] WARN  server.GrpcLogAppender (LogUtils.java:warn(122)) - omNode-2@group-523986131536->omNode-1-AppendLogResponseHandler: Failed appendEntries: org.apache.ratis.thirdparty.io.grpc.StatusRuntimeException: UNAVAILABLE: io exception
2022-10-04 13:26:04,442 [grpc-default-executor-3] WARN  server.GrpcLogAppender (GrpcLogAppender.java:resetClient(111)) - omNode-2@group-523986131536->omNode-1-GrpcLogAppender: Leader has not got in touch with Follower omNode-2@group-523986131536->omNode-1(c-1,m0,n23, attendVote=true, lastRpcSendTime=1, lastRpcResponseTime=2725) yet, just keep nextIndex unchanged and retry.
2022-10-04 13:26:04,692 [grpc-default-executor-3] WARN  server.GrpcLogAppender (LogUtils.java:warn(122)) - omNode-2@group-523986131536->omNode-1-AppendLogResponseHandler: Failed appendEntries: org.apache.ratis.thirdparty.io.grpc.StatusRuntimeException: UNAVAILABLE: io exception
2022-10-04 13:26:04,693 [grpc-default-executor-3] WARN  server.GrpcLogAppender (GrpcLogAppender.java:resetClient(111)) - omNode-2@group-523986131536->omNode-1-GrpcLogAppender: Leader has not got in touch with Follower omNode-2@group-523986131536->omNode-1(c-1,m0,n23, attendVote=true, lastRpcSendTime=1, lastRpcResponseTime=2976) yet, just keep nextIndex unchanged and retry.
2022-10-04 13:26:04,942 [grpc-default-executor-3] WARN  server.GrpcLogAppender (LogUtils.java:warn(122)) - omNode-2@group-523986131536->omNode-1-AppendLogResponseHandler: Failed appendEntries: org.apache.ratis.thirdparty.io.grpc.StatusRuntimeException: UNAVAILABLE: io exception
2022-10-04 13:26:04,942 [grpc-default-executor-3] WARN  server.GrpcLogAppender (GrpcLogAppender.java:resetClient(111)) - omNode-2@group-523986131536->omNode-1-GrpcLogAppender: Leader has not got in touch with Follower omNode-2@group-523986131536->omNode-1(c-1,m0,n23, attendVote=true, lastRpcSendTime=0, lastRpcResponseTime=3225) yet, just keep nextIndex unchanged and retry.
2022-10-04 13:26:05,192 [grpc-default-executor-3] WARN  server.GrpcLogAppender (LogUtils.java:warn(122)) - omNode-2@group-523986131536->omNode-1-AppendLogResponseHandler: Failed appendEntries: org.apache.ratis.thirdparty.io.grpc.StatusRuntimeException: UNAVAILABLE: io exception
2022-10-04 13:26:05,193 [grpc-default-executor-3] WARN  server.GrpcLogAppender (GrpcLogAppender.java:resetClient(111)) - omNode-2@group-523986131536->omNode-1-GrpcLogAppender: Leader has not got in touch with Follower omNode-2@group-523986131536->omNode-1(c-1,m0,n23, attendVote=true, lastRpcSendTime=1, lastRpcResponseTime=3476) yet, just keep nextIndex unchanged and retry.
2022-10-04 13:26:05,443 [grpc-default-executor-3] WARN  server.GrpcLogAppender (LogUtils.java:warn(122)) - omNode-2@group-523986131536->omNode-1-AppendLogResponseHandler: Failed appendEntries: org.apache.ratis.thirdparty.io.grpc.StatusRuntimeException: UNAVAILABLE: io exception
2022-10-04 13:26:05,445 [grpc-default-executor-3] WARN  server.GrpcLogAppender (GrpcLogAppender.java:resetClient(111)) - omNode-2@group-523986131536->omNode-1-GrpcLogAppender: Leader has not got in touch with Follower omNode-2@group-523986131536->omNode-1(c-1,m0,n23, attendVote=true, lastRpcSendTime=2, lastRpcResponseTime=3728) yet, just keep nextIndex unchanged and retry.
2022-10-04 13:26:05,694 [grpc-default-executor-3] WARN  server.GrpcLogAppender (LogUtils.java:warn(122)) - omNode-2@group-523986131536->omNode-1-AppendLogResponseHandler: Failed appendEntries: org.apache.ratis.thirdparty.io.grpc.StatusRuntimeException: UNAVAILABLE: io exception
2022-10-04 13:26:05,695 [grpc-default-executor-3] WARN  server.GrpcLogAppender (GrpcLogAppender.java:resetClient(111)) - omNode-2@group-523986131536->omNode-1-GrpcLogAppender: Leader has not got in touch with Follower omNode-2@group-523986131536->omNode-1(c-1,m0,n23, attendVote=true, lastRpcSendTime=0, lastRpcResponseTime=3978) yet, just keep nextIndex unchanged and retry.
2022-10-04 13:26:05,944 [grpc-default-executor-2] WARN  server.GrpcLogAppender (LogUtils.java:warn(122)) - omNode-2@group-523986131536->omNode-1-AppendLogResponseHandler: Failed appendEntries: org.apache.ratis.thirdparty.io.grpc.StatusRuntimeException: UNAVAILABLE: io exception
2022-10-04 13:26:05,945 [grpc-default-executor-2] WARN  server.GrpcLogAppender (GrpcLogAppender.java:resetClient(111)) - omNode-2@group-523986131536->omNode-1-GrpcLogAppender: Leader has not got in touch with Follower omNode-2@group-523986131536->omNode-1(c-1,m0,n23, attendVote=true, lastRpcSendTime=1, lastRpcResponseTime=4228) yet, just keep nextIndex unchanged and retry.
2022-10-04 13:26:06,195 [grpc-default-executor-2] WARN  server.GrpcLogAppender (LogUtils.java:warn(122)) - omNode-2@group-523986131536->omNode-1-AppendLogResponseHandler: Failed appendEntries: org.apache.ratis.thirdparty.io.grpc.StatusRuntimeException: UNAVAILABLE: io exception
2022-10-04 13:26:06,196 [grpc-default-executor-2] WARN  server.GrpcLogAppender (GrpcLogAppender.java:resetClient(111)) - omNode-2@group-523986131536->omNode-1-GrpcLogAppender: Leader has not got in touch with Follower omNode-2@group-523986131536->omNode-1(c-1,m0,n23, attendVote=true, lastRpcSendTime=1, lastRpcResponseTime=4479) yet, just keep nextIndex unchanged and retry.
2022-10-04 13:26:06,445 [grpc-default-executor-2] WARN  server.GrpcLogAppender (LogUtils.java:warn(122)) - omNode-2@group-523986131536->omNode-1-AppendLogResponseHandler: Failed appendEntries: org.apache.ratis.thirdparty.io.grpc.StatusRuntimeException: UNAVAILABLE: io exception
2022-10-04 13:26:06,446 [grpc-default-executor-2] WARN  server.GrpcLogAppender (GrpcLogAppender.java:resetClient(111)) - omNode-2@group-523986131536->omNode-1-GrpcLogAppender: Leader has not got in touch with Follower omNode-2@group-523986131536->omNode-1(c-1,m0,n23, attendVote=true, lastRpcSendTime=251, lastRpcResponseTime=4729) yet, just keep nextIndex unchanged and retry.
2022-10-04 13:26:06,698 [grpc-default-executor-2] WARN  server.GrpcLogAppender (LogUtils.java:warn(122)) - omNode-2@group-523986131536->omNode-1-AppendLogResponseHandler: Failed appendEntries: org.apache.ratis.thirdparty.io.grpc.StatusRuntimeException: UNAVAILABLE: io exception
2022-10-04 13:26:06,699 [grpc-default-executor-2] WARN  server.GrpcLogAppender (GrpcLogAppender.java:resetClient(111)) - omNode-2@group-523986131536->omNode-1-GrpcLogAppender: Leader has not got in touch with Follower omNode-2@group-523986131536->omNode-1(c-1,m0,n23, attendVote=true, lastRpcSendTime=0, lastRpcResponseTime=4981) yet, just keep nextIndex unchanged and retry.
2022-10-04 13:26:06,948 [grpc-default-executor-2] WARN  server.GrpcLogAppender (LogUtils.java:warn(122)) - omNode-2@group-523986131536->omNode-1-AppendLogResponseHandler: Failed appendEntries: org.apache.ratis.thirdparty.io.grpc.StatusRuntimeException: UNAVAILABLE: io exception
2022-10-04 13:26:06,949 [grpc-default-executor-2] WARN  server.GrpcLogAppender (GrpcLogAppender.java:resetClient(111)) - omNode-2@group-523986131536->omNode-1-GrpcLogAppender: Leader has not got in touch with Follower omNode-2@group-523986131536->omNode-1(c-1,m0,n23, attendVote=true, lastRpcSendTime=0, lastRpcResponseTime=5232) yet, just keep nextIndex unchanged and retry.
2022-10-04 13:26:07,199 [grpc-default-executor-2] WARN  server.GrpcLogAppender (LogUtils.java:warn(122)) - omNode-2@group-523986131536->omNode-1-AppendLogResponseHandler: Failed appendEntries: org.apache.ratis.thirdparty.io.grpc.StatusRuntimeException: UNAVAILABLE: io exception
2022-10-04 13:26:07,200 [grpc-default-executor-2] WARN  server.GrpcLogAppender (GrpcLogAppender.java:resetClient(111)) - omNode-2@group-523986131536->omNode-1-GrpcLogAppender: Leader has not got in touch with Follower omNode-2@group-523986131536->omNode-1(c-1,m0,n23, attendVote=true, lastRpcSendTime=1, lastRpcResponseTime=5482) yet, just keep nextIndex unchanged and retry.
2022-10-04 13:26:07,449 [grpc-default-executor-2] WARN  server.GrpcLogAppender (LogUtils.java:warn(122)) - omNode-2@group-523986131536->omNode-1-AppendLogResponseHandler: Failed appendEntries: org.apache.ratis.thirdparty.io.grpc.StatusRuntimeException: UNAVAILABLE: io exception
2022-10-04 13:26:07,451 [grpc-default-executor-2] WARN  server.GrpcLogAppender (GrpcLogAppender.java:resetClient(111)) - omNode-2@group-523986131536->omNode-1-GrpcLogAppender: Leader has not got in touch with Follower omNode-2@group-523986131536->omNode-1(c-1,m0,n23, attendVote=true, lastRpcSendTime=1, lastRpcResponseTime=5734) yet, just keep nextIndex unchanged and retry.
2022-10-04 13:26:07,700 [grpc-default-executor-2] WARN  server.GrpcLogAppender (LogUtils.java:warn(122)) - omNode-2@group-523986131536->omNode-1-AppendLogResponseHandler: Failed appendEntries: org.apache.ratis.thirdparty.io.grpc.StatusRuntimeException: UNAVAILABLE: io exception
2022-10-04 13:26:07,701 [grpc-default-executor-2] WARN  server.GrpcLogAppender (GrpcLogAppender.java:resetClient(111)) - omNode-2@group-523986131536->omNode-1-GrpcLogAppender: Leader has not got in touch with Follower omNode-2@group-523986131536->omNode-1(c-1,m0,n23, attendVote=true, lastRpcSendTime=0, lastRpcResponseTime=5984) yet, just keep nextIndex unchanged and retry.
2022-10-04 13:26:07,950 [grpc-default-executor-2] WARN  server.GrpcLogAppender (LogUtils.java:warn(122)) - omNode-2@group-523986131536->omNode-1-AppendLogResponseHandler: Failed appendEntries: org.apache.ratis.thirdparty.io.grpc.StatusRuntimeException: UNAVAILABLE: io exception
2022-10-04 13:26:07,951 [grpc-default-executor-2] WARN  server.GrpcLogAppender (GrpcLogAppender.java:resetClient(111)) - omNode-2@group-523986131536->omNode-1-GrpcLogAppender: Leader has not got in touch with Follower omNode-2@group-523986131536->omNode-1(c-1,m0,n23, attendVote=true, lastRpcSendTime=1, lastRpcResponseTime=6234) yet, just keep nextIndex unchanged and retry.
2022-10-04 13:26:08,201 [grpc-default-executor-2] WARN  server.GrpcLogAppender (LogUtils.java:warn(122)) - omNode-2@group-523986131536->omNode-1-AppendLogResponseHandler: Failed appendEntries: org.apache.ratis.thirdparty.io.grpc.StatusRuntimeException: UNAVAILABLE: io exception
2022-10-04 13:26:08,202 [grpc-default-executor-2] WARN  server.GrpcLogAppender (GrpcLogAppender.java:resetClient(111)) - omNode-2@group-523986131536->omNode-1-GrpcLogAppender: Leader has not got in touch with Follower omNode-2@group-523986131536->omNode-1(c-1,m0,n23, attendVote=true, lastRpcSendTime=0, lastRpcResponseTime=6485) yet, just keep nextIndex unchanged and retry.
2022-10-04 13:26:08,451 [grpc-default-executor-3] WARN  server.GrpcLogAppender (LogUtils.java:warn(122)) - omNode-2@group-523986131536->omNode-1-AppendLogResponseHandler: Failed appendEntries: org.apache.ratis.thirdparty.io.grpc.StatusRuntimeException: UNAVAILABLE: io exception
2022-10-04 13:26:08,452 [grpc-default-executor-3] WARN  server.GrpcLogAppender (GrpcLogAppender.java:resetClient(111)) - omNode-2@group-523986131536->omNode-1-GrpcLogAppender: Leader has not got in touch with Follower omNode-2@group-523986131536->omNode-1(c-1,m0,n23, attendVote=true, lastRpcSendTime=0, lastRpcResponseTime=6735) yet, just keep nextIndex unchanged and retry.
2022-10-04 13:26:08,658 [Listener at 127.0.0.1/43101] INFO  retry.RetryInvocationHandler (RetryInvocationHandler.java:log(411)) - com.google.protobuf.ServiceException: java.io.EOFException: End of File Exception between local host is: "fv-az573-645/10.1.1.108"; destination host is: "localhost":37083; : java.io.EOFException; For more details see:  http://wiki.apache.org/hadoop/EOFException, while invoking $Proxy55.submitRequest over nodeId=omNode-1,nodeAddress=127.0.0.1:37083. Trying to failover immediately.
2022-10-04 13:26:08,674 [grpc-default-executor-3] WARN  server.GrpcLogAppender (LogUtils.java:warn(122)) - omNode-2@group-523986131536->omNode-1-AppendLogResponseHandler: Failed appendEntries: org.apache.ratis.thirdparty.io.grpc.StatusRuntimeException: UNAVAILABLE: io exception
2022-10-04 13:26:08,675 [grpc-default-executor-3] WARN  server.GrpcLogAppender (GrpcLogAppender.java:resetClient(111)) - omNode-2@group-523986131536->omNode-1-GrpcLogAppender: Leader has not got in touch with Follower omNode-2@group-523986131536->omNode-1(c-1,m0,n24, attendVote=true, lastRpcSendTime=223, lastRpcResponseTime=6958) yet, just keep nextIndex unchanged and retry.
2022-10-04 13:26:08,697 [grpc-default-executor-2] WARN  server.GrpcLogAppender (LogUtils.java:warn(122)) - omNode-2@group-523986131536->omNode-1-AppendLogResponseHandler: Failed appendEntries: org.apache.ratis.thirdparty.io.grpc.StatusRuntimeException: UNAVAILABLE: io exception
2022-10-04 13:26:08,698 [grpc-default-executor-2] WARN  server.GrpcLogAppender (GrpcLogAppender.java:resetClient(111)) - omNode-2@group-523986131536->omNode-1-GrpcLogAppender: Leader has not got in touch with Follower omNode-2@group-523986131536->omNode-1(c-1,m0,n25, attendVote=true, lastRpcSendTime=0, lastRpcResponseTime=6981) yet, just keep nextIndex unchanged and retry.
2022-10-04 13:26:08,703 [grpc-default-executor-2] WARN  server.GrpcLogAppender (LogUtils.java:warn(122)) - omNode-2@group-523986131536->omNode-1-AppendLogResponseHandler: Failed appendEntries: org.apache.ratis.thirdparty.io.grpc.StatusRuntimeException: UNAVAILABLE: io exception
2022-10-04 13:26:08,704 [grpc-default-executor-2] WARN  server.GrpcLogAppender (GrpcLogAppender.java:resetClient(111)) - omNode-2@group-523986131536->omNode-1-GrpcLogAppender: Leader has not got in touch with Follower omNode-2@group-523986131536->omNode-1(c-1,m0,n26, attendVote=true, lastRpcSendTime=1, lastRpcResponseTime=6987) yet, just keep nextIndex unchanged and retry.
2022-10-04 13:26:08,709 [grpc-default-executor-3] WARN  server.GrpcLogAppender (LogUtils.java:warn(122)) - omNode-2@group-523986131536->omNode-1-AppendLogResponseHandler: Failed appendEntries: org.apache.ratis.thirdparty.io.grpc.StatusRuntimeException: UNAVAILABLE: io exception
2022-10-04 13:26:08,710 [grpc-default-executor-3] WARN  server.GrpcLogAppender (GrpcLogAppender.java:resetClient(111)) - omNode-2@group-523986131536->omNode-1-GrpcLogAppender: Leader has not got in touch with Follower omNode-2@group-523986131536->omNode-1(c-1,m0,n27, attendVote=true, lastRpcSendTime=0, lastRpcResponseTime=6993) yet, just keep nextIndex unchanged and retry.
2022-10-04 13:26:08,815 [grpc-default-executor-2] WARN  server.GrpcLogAppender (LogUtils.java:warn(122)) - omNode-2@group-523986131536->omNode-1-AppendLogResponseHandler: Failed appendEntries: org.apache.ratis.thirdparty.io.grpc.StatusRuntimeException: UNAVAILABLE: io exception
2022-10-04 13:26:08,816 [grpc-default-executor-2] WARN  server.GrpcLogAppender (GrpcLogAppender.java:resetClient(111)) - omNode-2@group-523986131536->omNode-1-GrpcLogAppender: Leader has not got in touch with Follower omNode-2@group-523986131536->omNode-1(c-1,m0,n28, attendVote=true, lastRpcSendTime=1, lastRpcResponseTime=7098) yet, just keep nextIndex unchanged and retry.
2022-10-04 13:26:08,831 [grpc-default-executor-3] WARN  server.GrpcLogAppender (LogUtils.java:warn(122)) - omNode-2@group-523986131536->omNode-1-AppendLogResponseHandler: Failed appendEntries: org.apache.ratis.thirdparty.io.grpc.StatusRuntimeException: UNAVAILABLE: io exception
2022-10-04 13:26:08,831 [grpc-default-executor-3] WARN  server.GrpcLogAppender (GrpcLogAppender.java:resetClient(111)) - omNode-2@group-523986131536->omNode-1-GrpcLogAppender: Leader has not got in touch with Follower omNode-2@group-523986131536->omNode-1(c-1,m0,n29, attendVote=true, lastRpcSendTime=16, lastRpcResponseTime=7114) yet, just keep nextIndex unchanged and retry.
2022-10-04 13:26:08,870 [grpc-default-executor-2] WARN  server.GrpcLogAppender (LogUtils.java:warn(122)) - omNode-2@group-523986131536->omNode-1-AppendLogResponseHandler: Failed appendEntries: org.apache.ratis.thirdparty.io.grpc.StatusRuntimeException: UNAVAILABLE: io exception
2022-10-04 13:26:08,871 [grpc-default-executor-2] WARN  server.GrpcLogAppender (GrpcLogAppender.java:resetClient(111)) - omNode-2@group-523986131536->omNode-1-GrpcLogAppender: Leader has not got in touch with Follower omNode-2@group-523986131536->omNode-1(c-1,m0,n30, attendVote=true, lastRpcSendTime=0, lastRpcResponseTime=7154) yet, just keep nextIndex unchanged and retry.
2022-10-04 13:26:08,878 [grpc-default-executor-3] WARN  server.GrpcLogAppender (LogUtils.java:warn(122)) - omNode-2@group-523986131536->omNode-1-AppendLogResponseHandler: Failed appendEntries: org.apache.ratis.thirdparty.io.grpc.StatusRuntimeException: UNAVAILABLE: io exception
2022-10-04 13:26:08,878 [grpc-default-executor-3] WARN  server.GrpcLogAppender (GrpcLogAppender.java:resetClient(111)) - omNode-2@group-523986131536->omNode-1-GrpcLogAppender: Leader has not got in touch with Follower omNode-2@group-523986131536->omNode-1(c-1,m0,n31, attendVote=true, lastRpcSendTime=2, lastRpcResponseTime=7161) yet, just keep nextIndex unchanged and retry.
2022-10-04 13:26:08,935 [Listener at 127.0.0.1/43101] INFO  om.OzoneManager (OzoneManager.java:stop(2036)) - omNode-3[localhost:43101]: Stopping Ozone Manager
2022-10-04 13:26:08,935 [Listener at 127.0.0.1/43101] INFO  ipc.Server (Server.java:stop(3414)) - Stopping server on 43101
2022-10-04 13:26:08,936 [IPC Server listener on 43101] INFO  ipc.Server (Server.java:run(1376)) - Stopping IPC Server listener on 43101
2022-10-04 13:26:08,936 [IPC Server Responder] INFO  ipc.Server (Server.java:run(1512)) - Stopping IPC Server Responder
2022-10-04 13:26:08,937 [Listener at 127.0.0.1/43101] INFO  server.RaftServer (RaftServerProxy.java:lambda$close$7(398)) - omNode-3: close
2022-10-04 13:26:08,938 [Listener at 127.0.0.1/43101] INFO  server.RaftServer$Division (RaftServerImpl.java:lambda$close$4(434)) - omNode-3@group-523986131536: shutdown
2022-10-04 13:26:08,938 [Listener at 127.0.0.1/43101] INFO  util.JmxRegister (JmxRegister.java:unregister(73)) - Successfully un-registered JMX Bean with object name Ratis:service=RaftServer,group=group-523986131536,id=omNode-3
2022-10-04 13:26:08,938 [Listener at 127.0.0.1/43101] INFO  impl.RoleInfo (RoleInfo.java:shutdownFollowerState(110)) - omNode-3: shutdown omNode-3@group-523986131536-FollowerState
2022-10-04 13:26:08,938 [omNode-3@group-523986131536-FollowerState] INFO  impl.FollowerState (FollowerState.java:run(152)) - omNode-3@group-523986131536-FollowerState was interrupted
2022-10-04 13:26:08,939 [Listener at 127.0.0.1/43101] INFO  impl.StateMachineUpdater (StateMachineUpdater.java:stopAndJoin(153)) - omNode-3@group-523986131536-StateMachineUpdater: set stopIndex = 29
2022-10-04 13:26:08,939 [omNode-3@group-523986131536-StateMachineUpdater] INFO  ratis.OzoneManagerStateMachine (OzoneManagerStateMachine.java:takeSnapshot(441)) - Current Snapshot Index (t:3, i:29)
2022-10-04 13:26:08,939 [omNode-3@group-523986131536-StateMachineUpdater] INFO  impl.StateMachineUpdater (StateMachineUpdater.java:takeSnapshot(287)) - omNode-3@group-523986131536-StateMachineUpdater: Took a snapshot at index 29
2022-10-04 13:26:08,939 [omNode-3@group-523986131536-StateMachineUpdater] INFO  impl.StateMachineUpdater (StateMachineUpdater.java:lambda$new$0(92)) - omNode-3@group-523986131536-StateMachineUpdater: snapshotIndex: updateIncreasingly -1 -> 29
2022-10-04 13:26:08,939 [omNode-3@group-523986131536-StateMachineUpdater] INFO  ratis.OzoneManagerStateMachine (OzoneManagerStateMachine.java:close(495)) - StateMachine has shutdown. Shutdown OzoneManager if not already shutdown.
2022-10-04 13:26:08,940 [omNode-3@group-523986131536-StateMachineUpdater] INFO  ratis.OzoneManagerDoubleBuffer (OzoneManagerDoubleBuffer.java:stop(466)) - Stopping OMDoubleBuffer flush thread
2022-10-04 13:26:08,944 [OMDoubleBufferFlushThread] INFO  ratis.OzoneManagerDoubleBuffer (OzoneManagerDoubleBuffer.java:flushTransactions(385)) - OMDoubleBuffer flush thread OMDoubleBufferFlushThread is interrupted and will exit.
2022-10-04 13:26:08,945 [Listener at 127.0.0.1/43101] INFO  server.RaftServer$Division (ServerState.java:close(429)) - omNode-3@group-523986131536: closes. applyIndex: 29
2022-10-04 13:26:08,945 [omNode-3@group-523986131536-SegmentedRaftLogWorker] INFO  segmented.SegmentedRaftLogWorker (SegmentedRaftLogWorker.java:run(336)) - omNode-3@group-523986131536-SegmentedRaftLogWorker was interrupted, exiting. There are 0 tasks remaining in the queue.
2022-10-04 13:26:08,949 [Listener at 127.0.0.1/43101] INFO  segmented.SegmentedRaftLogWorker (SegmentedRaftLogWorker.java:close(246)) - omNode-3@group-523986131536-SegmentedRaftLogWorker close()
2022-10-04 13:26:08,951 [Listener at 127.0.0.1/43101] INFO  server.GrpcService (GrpcService.java:closeImpl(269)) - omNode-3: shutdown server with port 35537 now
2022-10-04 13:26:08,953 [grpc-default-executor-3] WARN  server.GrpcLogAppender (LogUtils.java:warn(122)) - omNode-2@group-523986131536->omNode-1-AppendLogResponseHandler: Failed appendEntries: org.apache.ratis.thirdparty.io.grpc.StatusRuntimeException: UNAVAILABLE: io exception
2022-10-04 13:26:08,954 [grpc-default-executor-3] WARN  server.GrpcLogAppender (GrpcLogAppender.java:resetClient(111)) - omNode-2@group-523986131536->omNode-1-GrpcLogAppender: Leader has not got in touch with Follower omNode-2@group-523986131536->omNode-1(c-1,m0,n31, attendVote=true, lastRpcSendTime=1, lastRpcResponseTime=7237) yet, just keep nextIndex unchanged and retry.
2022-10-04 13:26:08,961 [grpc-default-executor-2] WARN  server.GrpcServerProtocolService (LogUtils.java:warn(122)) - omNode-3: installSnapshot onError, lastRequest: omNode-2->omNode-3#85-t3,previous=(t:3, i:29),leaderCommit=29,initializing? true,entries: size=1, first=(t:3, i:30), METADATAENTRY(c:29): org.apache.ratis.thirdparty.io.grpc.StatusRuntimeException: CANCELLED: client cancelled
2022-10-04 13:26:08,961 [grpc-default-executor-0] WARN  server.GrpcLogAppender (LogUtils.java:warn(122)) - omNode-2@group-523986131536->omNode-3-AppendLogResponseHandler: Failed appendEntries: org.apache.ratis.thirdparty.io.grpc.StatusRuntimeException: CANCELLED: RST_STREAM closed stream. HTTP/2 error code: CANCEL
2022-10-04 13:26:08,962 [grpc-default-executor-0] INFO  leader.FollowerInfo (FollowerInfoImpl.java:lambda$new$0(48)) - omNode-2@group-523986131536->omNode-3: nextIndex: updateUnconditionally 31 -> 30
2022-10-04 13:26:08,972 [Listener at 127.0.0.1/43101] INFO  server.GrpcService (GrpcService.java:closeImpl(278)) - omNode-3: shutdown server with port 35537 successfully
2022-10-04 13:26:08,972 [org.apache.ratis.util.JvmPauseMonitor$$Lambda$699/75026084@d67e891] INFO  util.JvmPauseMonitor (JvmPauseMonitor.java:run(109)) - JvmPauseMonitor-omNode-3: Stopped
2022-10-04 13:26:08,973 [Listener at 127.0.0.1/43101] INFO  ratis.OzoneManagerStateMachine (OzoneManagerStateMachine.java:close(495)) - StateMachine has shutdown. Shutdown OzoneManager if not already shutdown.
2022-10-04 13:26:08,973 [Listener at 127.0.0.1/43101] INFO  ratis.OzoneManagerDoubleBuffer (OzoneManagerDoubleBuffer.java:stop(478)) - OMDoubleBuffer flush thread is not running.
2022-10-04 13:26:08,973 [Listener at 127.0.0.1/43101] INFO  utils.BackgroundService (BackgroundService.java:shutdown(141)) - Shutting down service KeyDeletingService
2022-10-04 13:26:08,973 [Listener at 127.0.0.1/43101] INFO  utils.BackgroundService (BackgroundService.java:shutdown(141)) - Shutting down service DirectoryDeletingService
2022-10-04 13:26:08,974 [Listener at 127.0.0.1/43101] INFO  utils.BackgroundService (BackgroundService.java:shutdown(141)) - Shutting down service OpenKeyCleanupService
2022-10-04 13:26:08,974 [Listener at 127.0.0.1/43101] INFO  handler.ContextHandler (ContextHandler.java:doStop(1153)) - Stopped o.e.j.w.WebAppContext@64a0247e{ozoneManager,/,null,STOPPED}{file:/home/runner/work/ozone/ozone/hadoop-ozone/integration-test/target/test-classes/webapps/ozoneManager}
2022-10-04 13:26:08,975 [Listener at 127.0.0.1/43101] INFO  server.AbstractConnector (AbstractConnector.java:doStop(381)) - Stopped ServerConnector@7a364bfe{HTTP/1.1, (http/1.1)}{0.0.0.0:41475}
2022-10-04 13:26:08,975 [Listener at 127.0.0.1/43101] INFO  server.session (HouseKeeper.java:stopScavenging(149)) - node0 Stopped scavenging
2022-10-04 13:26:08,975 [Listener at 127.0.0.1/43101] INFO  handler.ContextHandler (ContextHandler.java:doStop(1153)) - Stopped o.e.j.s.ServletContextHandler@13fe4e38{static,/static,file:///home/runner/work/ozone/ozone/hadoop-ozone/integration-test/target/test-classes/webapps/static,STOPPED}
2022-10-04 13:26:08,976 [Listener at 127.0.0.1/43101] INFO  handler.ContextHandler (ContextHandler.java:doStop(1153)) - Stopped o.e.j.s.ServletContextHandler@33ba63e4{logs,/logs,file:///home/runner/work/ozone/ozone/hadoop-ozone/integration-test/target/log,STOPPED}
2022-10-04 13:26:08,980 [grpc-default-executor-0] WARN  server.GrpcLogAppender (LogUtils.java:warn(122)) - omNode-2@group-523986131536->omNode-3-AppendLogResponseHandler: Failed appendEntries: org.apache.ratis.thirdparty.io.grpc.StatusRuntimeException: UNAVAILABLE: io exception
2022-10-04 13:26:08,981 [grpc-default-executor-0] INFO  leader.FollowerInfo (FollowerInfoImpl.java:lambda$new$0(48)) - omNode-2@group-523986131536->omNode-3: nextIndex: updateUnconditionally 31 -> 30
2022-10-04 13:26:08,983 [Listener at 127.0.0.1/43101] INFO  om.OzoneManager (OzoneManager.java:restart(1573)) - OzoneManager RPC server is listening at localhost/127.0.0.1:43101
2022-10-04 13:26:08,983 [Listener at 127.0.0.1/43101] INFO  impl.MetricsSystemImpl (MetricsSystemImpl.java:init(158)) - OzoneManager metrics system started (again)
2022-10-04 13:26:08,994 [Listener at 127.0.0.1/43101] WARN  server.ServerUtils (ServerUtils.java:getDBPath(225)) - ozone.om.db.dirs is not configured. We recommend adding this setting. Falling back to ozone.metadata.dirs instead.
2022-10-04 13:26:08,995 [Listener at 127.0.0.1/43101] INFO  codec.OmKeyInfoCodec (OmKeyInfoCodec.java:<init>(49)) - OmKeyInfoCodec ignorePipeline = true
2022-10-04 13:26:08,995 [Listener at 127.0.0.1/43101] INFO  codec.RepeatedOmKeyInfoCodec (RepeatedOmKeyInfoCodec.java:<init>(41)) - RepeatedOmKeyInfoCodec ignorePipeline = true
2022-10-04 13:26:09,052 [Listener at 127.0.0.1/43101] INFO  om.OzoneManager (OzoneManager.java:instantiateServices(710)) - S3 Multi-Tenancy is disabled
2022-10-04 13:26:09,067 [Listener at 127.0.0.1/43101] WARN  impl.MetricRegistriesImpl (MetricRegistriesImpl.java:addReporterRegistration(111)) - New reporters are added after registries were created. Some metrics will be missing from the reporter. Please add reporter before adding any new registry.
2022-10-04 13:26:09,068 [Listener at 127.0.0.1/43101] WARN  impl.MetricRegistriesImpl (MetricRegistriesImpl.java:addReporterRegistration(111)) - New reporters are added after registries were created. Some metrics will be missing from the reporter. Please add reporter before adding any new registry.
2022-10-04 13:26:09,068 [Listener at 127.0.0.1/43101] WARN  server.ServerUtils (ServerUtils.java:getDefaultRatisDirectory(237)) - Storage directory for Ratis is not configured. It is a good idea to map this to an SSD disk. Falling back to ozone.metadata.dirs
2022-10-04 13:26:09,071 [Listener at 127.0.0.1/43101] INFO  ratis.OzoneManagerRatisServer (OzoneManagerRatisServer.java:<init>(160)) - Instantiating OM Ratis server with groupID: om-service-test1 and peers: localhost:35537, localhost:42223, localhost:33535
2022-10-04 13:26:09,071 [Listener at 127.0.0.1/43101] INFO  ratis.OzoneManagerStateMachine (OzoneManagerStateMachine.java:loadSnapshotInfoFromDB(632)) - LastAppliedIndex is set from TransactionInfo from OM DB as (t:3, i:29)
2022-10-04 13:26:09,073 [Listener at 127.0.0.1/43101] INFO  server.RaftServer (ConfUtils.java:logGet(46)) - raft.rpc.type = GRPC (default)
2022-10-04 13:26:09,084 [Listener at 127.0.0.1/43101] INFO  grpc.GrpcFactory (GrpcFactory.java:checkPooledByteBufAllocatorUseCacheForAllThreads(48)) - PERFORMANCE WARNING: useCacheForAllThreads is true that may cause Netty to create a lot garbage objects and, as a result, trigger GC.
	It is recommended to disable useCacheForAllThreads by setting -Dorg.apache.ratis.thirdparty.io.netty.allocator.useCacheForAllThreads=false in command line.
2022-10-04 13:26:09,084 [Listener at 127.0.0.1/43101] INFO  grpc.GrpcConfigKeys (ConfUtils.java:logGet(46)) - raft.grpc.admin.port = -1 (default)
2022-10-04 13:26:09,084 [Listener at 127.0.0.1/43101] INFO  grpc.GrpcConfigKeys (ConfUtils.java:logGet(46)) - raft.grpc.server.port = 35537 (custom)
2022-10-04 13:26:09,084 [Listener at 127.0.0.1/43101] INFO  grpc.GrpcConfigKeys (ConfUtils.java:logGet(46)) - raft.grpc.client.port = -1 (default)
2022-10-04 13:26:09,084 [Listener at 127.0.0.1/43101] INFO  grpc.GrpcConfigKeys (ConfUtils.java:logGet(46)) - raft.grpc.server.port = 35537 (custom)
2022-10-04 13:26:09,084 [Listener at 127.0.0.1/43101] INFO  grpc.GrpcConfigKeys (ConfUtils.java:logGet(46)) - raft.grpc.server.port = 35537 (custom)
2022-10-04 13:26:09,085 [Listener at 127.0.0.1/43101] INFO  server.GrpcService (ConfUtils.java:logGet(46)) - raft.grpc.message.size.max = 33554432 (custom)
2022-10-04 13:26:09,085 [Listener at 127.0.0.1/43101] INFO  server.RaftServerConfigKeys (ConfUtils.java:logGet(46)) - raft.server.log.appender.buffer.byte-limit = 33554432 (custom)
2022-10-04 13:26:09,085 [Listener at 127.0.0.1/43101] INFO  server.GrpcService (ConfUtils.java:logGet(46)) - raft.grpc.flow.control.window = 1MB (=1048576) (default)
2022-10-04 13:26:09,085 [Listener at 127.0.0.1/43101] INFO  server.RaftServerConfigKeys (ConfUtils.java:logGet(46)) - raft.server.rpc.request.timeout = 3000ms (default)
2022-10-04 13:26:09,085 [Listener at 127.0.0.1/43101] INFO  grpc.GrpcConfigKeys (ConfUtils.java:logGet(46)) - raft.grpc.server.async.request.thread.pool.cached = true (default)
2022-10-04 13:26:09,085 [Listener at 127.0.0.1/43101] INFO  grpc.GrpcConfigKeys (ConfUtils.java:logGet(46)) - raft.grpc.server.async.request.thread.pool.size = 32 (default)
2022-10-04 13:26:09,087 [Listener at 127.0.0.1/43101] INFO  impl.DataStreamServerImpl (ConfUtils.java:logGet(46)) - raft.datastream.type = DISABLED (default)
2022-10-04 13:26:09,092 [Listener at 127.0.0.1/43101] INFO  server.RaftServerConfigKeys (ConfUtils.java:logGet(46)) - raft.server.threadpool.proxy.cached = true (default)
2022-10-04 13:26:09,092 [Listener at 127.0.0.1/43101] INFO  server.RaftServerConfigKeys (ConfUtils.java:logGet(46)) - raft.server.threadpool.proxy.size = 0 (default)
2022-10-04 13:26:09,093 [Listener at 127.0.0.1/43101] INFO  server.RaftServerConfigKeys (ConfUtils.java:logGet(46)) - raft.server.rpc.slowness.timeout = 2s (custom)
2022-10-04 13:26:09,093 [Listener at 127.0.0.1/43101] INFO  server.RaftServerConfigKeys (ConfUtils.java:logGet(46)) - raft.server.leaderelection.leader.step-down.wait-time = 10s (default)
2022-10-04 13:26:09,093 [Listener at 127.0.0.1/43101] INFO  server.RaftServerConfigKeys (ConfUtils.java:logGet(46)) - raft.server.storage.dir = [/home/runner/work/ozone/ozone/hadoop-ozone/integration-test/target/test-dir/MiniOzoneClusterImpl-6e9557d8-a31c-49e5-bba1-8bc95799a8b8/omNode-3/ratis] (custom)
2022-10-04 13:26:09,094 [omNode-3-impl-thread1] INFO  server.RaftServer (RaftServerProxy.java:initGroupDir(247)) - omNode-3: found a subdirectory /home/runner/work/ozone/ozone/hadoop-ozone/integration-test/target/test-dir/MiniOzoneClusterImpl-6e9557d8-a31c-49e5-bba1-8bc95799a8b8/omNode-3/ratis/c9bc4cf4-3bc3-3c60-a66b-523986131536
2022-10-04 13:26:09,096 [Listener at 127.0.0.1/43101] INFO  server.RaftServer (RaftServerProxy.java:addNew(96)) - omNode-3: addNew group-523986131536:[omNode-3|rpc:localhost:35537|priority:0, omNode-1|rpc:localhost:42223|priority:0, omNode-2|rpc:localhost:33535|priority:0] returns group-523986131536:java.util.concurrent.CompletableFuture@3725c8ce[Not completed]
2022-10-04 13:26:09,096 [Listener at 127.0.0.1/43101] INFO  om.OzoneManager (OzoneManager.java:initializeRatisServer(1977)) - OzoneManager Ratis server initialized at port 35537
2022-10-04 13:26:09,096 [Listener at 127.0.0.1/43101] INFO  ratis.OzoneManagerRatisServer (OzoneManagerRatisServer.java:start(555)) - Starting OzoneManagerRatisServer omNode-3 at port 35537
2022-10-04 13:26:09,096 [pool-232-thread-1] INFO  server.RaftServer$Division (RaftServerImpl.java:<init>(190)) - omNode-3: new RaftServerImpl for group-523986131536:[omNode-3|rpc:localhost:35537|priority:0, omNode-1|rpc:localhost:42223|priority:0, omNode-2|rpc:localhost:33535|priority:0] with OzoneManagerStateMachine:uninitialized
2022-10-04 13:26:09,097 [pool-232-thread-1] INFO  server.RaftServerConfigKeys (ConfUtils.java:logGet(46)) - raft.server.rpc.timeout.min = 1s (custom)
2022-10-04 13:26:09,097 [pool-232-thread-1] INFO  server.RaftServerConfigKeys (ConfUtils.java:logGet(46)) - raft.server.rpc.timeout.max = 1200ms (custom)
2022-10-04 13:26:09,097 [pool-232-thread-1] INFO  server.RaftServerConfigKeys (ConfUtils.java:logGet(46)) - raft.server.rpc.sleep.time = 25ms (default)
2022-10-04 13:26:09,097 [pool-232-thread-1] INFO  server.RaftServerConfigKeys (ConfUtils.java:logGet(46)) - raft.server.rpc.slowness.timeout = 2s (custom)
2022-10-04 13:26:09,097 [pool-232-thread-1] INFO  server.RaftServerConfigKeys (ConfUtils.java:logGet(46)) - raft.server.leaderelection.leader.step-down.wait-time = 10s (default)
2022-10-04 13:26:09,097 [pool-232-thread-1] INFO  server.RaftServerConfigKeys (ConfUtils.java:logGet(46)) - raft.server.sleep.deviation.threshold = 300ms (default)
2022-10-04 13:26:09,097 [pool-232-thread-1] INFO  server.RaftServer$Division (ServerState.java:<init>(107)) - omNode-3@group-523986131536: ConfigurationManager, init=-1: [omNode-3|rpc:localhost:35537|priority:0, omNode-1|rpc:localhost:42223|priority:0, omNode-2|rpc:localhost:33535|priority:0], old=null, confs=<EMPTY_MAP>
2022-10-04 13:26:09,097 [pool-232-thread-1] INFO  server.RaftServerConfigKeys (ConfUtils.java:logGet(46)) - raft.server.storage.dir = [/home/runner/work/ozone/ozone/hadoop-ozone/integration-test/target/test-dir/MiniOzoneClusterImpl-6e9557d8-a31c-49e5-bba1-8bc95799a8b8/omNode-3/ratis] (custom)
2022-10-04 13:26:09,097 [pool-232-thread-1] INFO  server.RaftServerConfigKeys (ConfUtils.java:logGet(46)) - raft.server.log.corruption.policy = EXCEPTION (default)
2022-10-04 13:26:09,097 [pool-232-thread-1] INFO  server.RaftServerConfigKeys (ConfUtils.java:logGet(46)) - raft.server.storage.free-space.min = 0MB (=0) (default)
2022-10-04 13:26:09,098 [pool-232-thread-1] INFO  storage.RaftStorageDirectory (RaftStorageDirectoryImpl.java:tryLock(230)) - Lock on /home/runner/work/ozone/ozone/hadoop-ozone/integration-test/target/test-dir/MiniOzoneClusterImpl-6e9557d8-a31c-49e5-bba1-8bc95799a8b8/omNode-3/ratis/c9bc4cf4-3bc3-3c60-a66b-523986131536/in_use.lock acquired by nodename 42070@fv-az573-645
2022-10-04 13:26:09,099 [pool-232-thread-1] INFO  storage.RaftStorage (RaftStorageImpl.java:analyzeAndRecoverStorage(110)) - Read RaftStorageMetadata{term=3, votedFor=omNode-2} from /home/runner/work/ozone/ozone/hadoop-ozone/integration-test/target/test-dir/MiniOzoneClusterImpl-6e9557d8-a31c-49e5-bba1-8bc95799a8b8/omNode-3/ratis/c9bc4cf4-3bc3-3c60-a66b-523986131536/current/raft-meta
2022-10-04 13:26:09,100 [pool-232-thread-1] INFO  server.RaftServer$Division (ServerState.java:setRaftConf(393)) - omNode-3@group-523986131536: set configuration 21: [omNode-3|rpc:localhost:35537|admin:|client:|dataStream:|priority:0, omNode-1|rpc:localhost:42223|admin:|client:|dataStream:|priority:0, omNode-2|rpc:localhost:33535|admin:|client:|dataStream:|priority:0], old=null
2022-10-04 13:26:09,101 [pool-232-thread-1] INFO  server.RaftServerConfigKeys (ConfUtils.java:logGet(46)) - raft.server.notification.no-leader.timeout = 2s (custom)
2022-10-04 13:26:09,101 [pool-232-thread-1] INFO  server.RaftServerConfigKeys (ConfUtils.java:logGet(46)) - raft.server.log.use.memory = false (default)
2022-10-04 13:26:09,101 [pool-232-thread-1] INFO  server.RaftServerConfigKeys (ConfUtils.java:logGet(46)) - raft.server.log.purge.gap = 50 (custom)
2022-10-04 13:26:09,101 [pool-232-thread-1] INFO  server.RaftServerConfigKeys (ConfUtils.java:logGet(46)) - raft.server.log.appender.buffer.byte-limit = 33554432 (custom)
2022-10-04 13:26:09,101 [pool-232-thread-1] INFO  server.RaftServerConfigKeys (ConfUtils.java:logGet(46)) - raft.server.log.statemachine.data.read.timeout = 1000ms (default)
2022-10-04 13:26:09,102 [pool-232-thread-1] INFO  server.RaftServerConfigKeys (ConfUtils.java:logGet(46)) - raft.server.log.segment.size.max = 4194304 (custom)
2022-10-04 13:26:09,103 [pool-232-thread-1] INFO  server.RaftServerConfigKeys (ConfUtils.java:logGet(46)) - raft.server.log.segment.cache.num.max = 2 (custom)
2022-10-04 13:26:09,104 [pool-232-thread-1] INFO  server.RaftServerConfigKeys (ConfUtils.java:logGet(46)) - raft.server.log.segment.cache.size.max = 200MB (=209715200) (default)
2022-10-04 13:26:09,104 [pool-232-thread-1] INFO  segmented.SegmentedRaftLogWorker (SegmentedRaftLogWorker.java:<init>(187)) - new omNode-3@group-523986131536-SegmentedRaftLogWorker for RaftStorageImpl:Storage Directory /home/runner/work/ozone/ozone/hadoop-ozone/integration-test/target/test-dir/MiniOzoneClusterImpl-6e9557d8-a31c-49e5-bba1-8bc95799a8b8/omNode-3/ratis/c9bc4cf4-3bc3-3c60-a66b-523986131536
2022-10-04 13:26:09,104 [pool-232-thread-1] INFO  server.RaftServerConfigKeys (ConfUtils.java:logGet(46)) - raft.server.log.queue.byte-limit = 64MB (=67108864) (default)
2022-10-04 13:26:09,104 [pool-232-thread-1] INFO  server.RaftServerConfigKeys (ConfUtils.java:logGet(46)) - raft.server.log.queue.element-limit = 4096 (default)
2022-10-04 13:26:09,104 [pool-232-thread-1] INFO  server.RaftServerConfigKeys (ConfUtils.java:logGet(46)) - raft.server.log.segment.size.max = 4194304 (custom)
2022-10-04 13:26:09,104 [pool-232-thread-1] INFO  server.RaftServerConfigKeys (ConfUtils.java:logGet(46)) - raft.server.log.preallocated.size = 4194304 (custom)
2022-10-04 13:26:09,104 [pool-232-thread-1] INFO  server.RaftServerConfigKeys (ConfUtils.java:logGet(46)) - raft.server.log.force.sync.num = 128 (default)
2022-10-04 13:26:09,104 [pool-232-thread-1] INFO  server.RaftServerConfigKeys (ConfUtils.java:logGet(46)) - raft.server.log.statemachine.data.sync = true (default)
2022-10-04 13:26:09,104 [pool-232-thread-1] INFO  server.RaftServerConfigKeys (ConfUtils.java:logGet(46)) - raft.server.log.statemachine.data.sync.timeout = 10s (default)
2022-10-04 13:26:09,104 [pool-232-thread-1] INFO  server.RaftServerConfigKeys (ConfUtils.java:logGet(46)) - raft.server.log.statemachine.data.sync.timeout.retry = -1 (default)
2022-10-04 13:26:09,105 [pool-232-thread-1] INFO  server.RaftServerConfigKeys (ConfUtils.java:logGet(46)) - raft.server.log.write.buffer.size = 64KB (=65536) (default)
2022-10-04 13:26:09,105 [pool-232-thread-1] INFO  server.RaftServerConfigKeys (ConfUtils.java:logGet(46)) - raft.server.log.unsafe-flush.enabled = false (default)
2022-10-04 13:26:09,105 [pool-232-thread-1] INFO  server.RaftServerConfigKeys (ConfUtils.java:logGet(46)) - raft.server.log.statemachine.data.caching.enabled = false (default)
2022-10-04 13:26:09,113 [pool-232-thread-1] INFO  server.RaftServer$Division (ServerState.java:setRaftConf(393)) - omNode-3@group-523986131536: set configuration 0: [omNode-3|rpc:localhost:35537|admin:|client:|dataStream:|priority:0, omNode-1|rpc:localhost:42223|admin:|client:|dataStream:|priority:0, omNode-2|rpc:localhost:33535|admin:|client:|dataStream:|priority:0], old=null
2022-10-04 13:26:09,117 [pool-232-thread-1] INFO  segmented.LogSegment (LogSegment.java:loadSegment(173)) - Successfully read 21 entries from segment file /home/runner/work/ozone/ozone/hadoop-ozone/integration-test/target/test-dir/MiniOzoneClusterImpl-6e9557d8-a31c-49e5-bba1-8bc95799a8b8/omNode-3/ratis/c9bc4cf4-3bc3-3c60-a66b-523986131536/current/log_0-20
2022-10-04 13:26:09,119 [pool-232-thread-1] INFO  server.RaftServer$Division (ServerState.java:setRaftConf(393)) - omNode-3@group-523986131536: set configuration 21: [omNode-3|rpc:localhost:35537|admin:|client:|dataStream:|priority:0, omNode-1|rpc:localhost:42223|admin:|client:|dataStream:|priority:0, omNode-2|rpc:localhost:33535|admin:|client:|dataStream:|priority:0], old=null
2022-10-04 13:26:09,120 [pool-232-thread-1] INFO  segmented.LogSegment (LogSegment.java:loadSegment(173)) - Successfully read 10 entries from segment file /home/runner/work/ozone/ozone/hadoop-ozone/integration-test/target/test-dir/MiniOzoneClusterImpl-6e9557d8-a31c-49e5-bba1-8bc95799a8b8/omNode-3/ratis/c9bc4cf4-3bc3-3c60-a66b-523986131536/current/log_inprogress_21
2022-10-04 13:26:09,121 [pool-232-thread-1] INFO  segmented.SegmentedRaftLogWorker (SegmentedRaftLogWorker.java:lambda$new$0(135)) - omNode-3@group-523986131536-SegmentedRaftLogWorker: flushIndex: setUnconditionally 0 -> 30
2022-10-04 13:26:09,121 [pool-232-thread-1] INFO  segmented.SegmentedRaftLogWorker (SegmentedRaftLogWorker.java:lambda$new$0(135)) - omNode-3@group-523986131536-SegmentedRaftLogWorker: safeCacheEvictIndex: setUnconditionally 0 -> 20
2022-10-04 13:26:09,124 [pool-232-thread-1] INFO  raftlog.RaftLog (RaftLogBase.java:lambda$new$0(53)) - omNode-3@group-523986131536-SegmentedRaftLog: commitIndex: updateToMax old=29, new=29, updated? false
2022-10-04 13:26:09,124 [pool-232-thread-1] INFO  server.RaftServerConfigKeys (ConfUtils.java:logGet(46)) - raft.server.snapshot.auto.trigger.enabled = true (custom)
2022-10-04 13:26:09,125 [pool-232-thread-1] INFO  server.RaftServerConfigKeys (ConfUtils.java:logGet(46)) - raft.server.snapshot.auto.trigger.threshold = 50 (custom)
2022-10-04 13:26:09,125 [pool-232-thread-1] INFO  server.RaftServerConfigKeys (ConfUtils.java:logGet(46)) - raft.server.snapshot.retention.file.num = -1 (default)
2022-10-04 13:26:09,125 [pool-232-thread-1] INFO  server.RaftServerConfigKeys (ConfUtils.java:logGet(46)) - raft.server.log.purge.upto.snapshot.index = true (custom)
2022-10-04 13:26:09,125 [pool-232-thread-1] INFO  server.RaftServerConfigKeys (ConfUtils.java:logGet(46)) - raft.server.retrycache.expirytime = 30000ms (custom)
2022-10-04 13:26:09,127 [pool-232-thread-1] INFO  server.RaftServerConfigKeys (ConfUtils.java:logGet(46)) - raft.server.retrycache.statistics.expirytime = 100μs (default)
2022-10-04 13:26:09,131 [pool-232-thread-1] INFO  server.RaftServerConfigKeys (ConfUtils.java:logGet(46)) - raft.server.log.appender.install.snapshot.enabled = false (custom)
2022-10-04 13:26:09,131 [pool-232-thread-1] INFO  server.RaftServerConfigKeys (ConfUtils.java:logGet(46)) - raft.server.threadpool.server.cached = true (default)
2022-10-04 13:26:09,131 [pool-232-thread-1] INFO  server.RaftServerConfigKeys (ConfUtils.java:logGet(46)) - raft.server.threadpool.server.size = 0 (default)
2022-10-04 13:26:09,131 [pool-232-thread-1] INFO  server.RaftServerConfigKeys (ConfUtils.java:logGet(46)) - raft.server.threadpool.client.cached = true (default)
2022-10-04 13:26:09,131 [pool-232-thread-1] INFO  server.RaftServerConfigKeys (ConfUtils.java:logGet(46)) - raft.server.threadpool.client.size = 0 (default)
2022-10-04 13:26:09,131 [omNode-3-impl-thread1] INFO  server.RaftServer$Division (RaftServerImpl.java:start(310)) - omNode-3@group-523986131536: start as a follower, conf=21: [omNode-3|rpc:localhost:35537|admin:|client:|dataStream:|priority:0, omNode-1|rpc:localhost:42223|admin:|client:|dataStream:|priority:0, omNode-2|rpc:localhost:33535|admin:|client:|dataStream:|priority:0], old=null
2022-10-04 13:26:09,131 [omNode-3-impl-thread1] INFO  server.RaftServer$Division (RaftServerImpl.java:setRole(299)) - omNode-3@group-523986131536: changes role from      null to FOLLOWER at term 3 for startAsFollower
2022-10-04 13:26:09,131 [omNode-3-impl-thread1] INFO  impl.RoleInfo (RoleInfo.java:updateAndGet(139)) - omNode-3: start omNode-3@group-523986131536-FollowerState
2022-10-04 13:26:09,132 [omNode-3-impl-thread1] INFO  util.JmxRegister (JmxRegister.java:tryRegister(44)) - Successfully registered JMX Bean with object name Ratis:service=RaftServer,group=group-523986131536,id=omNode-3
2022-10-04 13:26:09,132 [Listener at 127.0.0.1/43101] INFO  server.RaftServer (RaftServerProxy.java:lambda$start$6(382)) - omNode-3: start RPC server
2022-10-04 13:26:09,136 [Listener at 127.0.0.1/43101] INFO  server.GrpcService (GrpcService.java:startImpl(260)) - omNode-3: GrpcService started, listening on 35537
2022-10-04 13:26:09,137 [Listener at 127.0.0.1/43101] INFO  om.OzoneManager (OzoneManager.java:getRpcServer(1100)) - Creating RPC Server
2022-10-04 13:26:09,139 [org.apache.ratis.util.JvmPauseMonitor$$Lambda$699/75026084@2f616e3c] INFO  util.JvmPauseMonitor (JvmPauseMonitor.java:run(103)) - JvmPauseMonitor-omNode-3: Started
2022-10-04 13:26:09,203 [grpc-default-executor-0] WARN  server.GrpcLogAppender (LogUtils.java:warn(122)) - omNode-2@group-523986131536->omNode-1-AppendLogResponseHandler: Failed appendEntries: org.apache.ratis.thirdparty.io.grpc.StatusRuntimeException: UNAVAILABLE: io exception
2022-10-04 13:26:09,204 [grpc-default-executor-0] WARN  server.GrpcLogAppender (GrpcLogAppender.java:resetClient(111)) - omNode-2@group-523986131536->omNode-1-GrpcLogAppender: Leader has not got in touch with Follower omNode-2@group-523986131536->omNode-1(c-1,m0,n31, attendVote=true, lastRpcSendTime=0, lastRpcResponseTime=7487) yet, just keep nextIndex unchanged and retry.
2022-10-04 13:26:09,396 [grpc-default-executor-0] WARN  server.GrpcLogAppender (LogUtils.java:warn(122)) - omNode-2@group-523986131536->omNode-3-AppendLogResponseHandler: Failed appendEntries: org.apache.ratis.thirdparty.io.grpc.StatusRuntimeException: UNAVAILABLE: io exception
2022-10-04 13:26:09,397 [grpc-default-executor-0] INFO  leader.FollowerInfo (FollowerInfoImpl.java:lambda$new$0(48)) - omNode-2@group-523986131536->omNode-3: nextIndex: updateUnconditionally 31 -> 30
2022-10-04 13:26:09,458 [grpc-default-executor-0] WARN  server.GrpcLogAppender (LogUtils.java:warn(122)) - omNode-2@group-523986131536->omNode-1-AppendLogResponseHandler: Failed appendEntries: org.apache.ratis.thirdparty.io.grpc.StatusRuntimeException: UNAVAILABLE: io exception
2022-10-04 13:26:09,459 [grpc-default-executor-0] WARN  server.GrpcLogAppender (GrpcLogAppender.java:resetClient(111)) - omNode-2@group-523986131536->omNode-1-GrpcLogAppender: Leader has not got in touch with Follower omNode-2@group-523986131536->omNode-1(c-1,m0,n31, attendVote=true, lastRpcSendTime=1, lastRpcResponseTime=7742) yet, just keep nextIndex unchanged and retry.
2022-10-04 13:26:09,657 [omNode-3-server-thread1] INFO  server.RaftServer$Division (ServerState.java:setLeader(287)) - omNode-3@group-523986131536: change Leader from null to omNode-2 at term 3 for appendEntries, leader elected after 556ms
2022-10-04 13:26:09,709 [grpc-default-executor-0] WARN  server.GrpcLogAppender (LogUtils.java:warn(122)) - omNode-2@group-523986131536->omNode-1-AppendLogResponseHandler: Failed appendEntries: org.apache.ratis.thirdparty.io.grpc.StatusRuntimeException: UNAVAILABLE: io exception
2022-10-04 13:26:09,710 [grpc-default-executor-0] WARN  server.GrpcLogAppender (GrpcLogAppender.java:resetClient(111)) - omNode-2@group-523986131536->omNode-1-GrpcLogAppender: Leader has not got in touch with Follower omNode-2@group-523986131536->omNode-1(c-1,m0,n31, attendVote=true, lastRpcSendTime=0, lastRpcResponseTime=7993) yet, just keep nextIndex unchanged and retry.
2022-10-04 13:26:09,815 [Listener at 127.0.0.1/43101] INFO  reflections.Reflections (Reflections.java:scan(232)) - Reflections took 677 ms to scan 19 urls, producing 67 keys and 4220 values [using 2 cores]
2022-10-04 13:26:09,817 [Listener at 127.0.0.1/43101] INFO  ipc.CallQueueManager (CallQueueManager.java:<init>(90)) - Using callQueue: class java.util.concurrent.LinkedBlockingQueue, queueCapacity: 2000, scheduler: class org.apache.hadoop.ipc.DefaultRpcScheduler, ipcBackoff: false.
2022-10-04 13:26:09,819 [Socket Reader #1 for port 43101] INFO  ipc.Server (Server.java:run(1265)) - Starting Socket Reader #1 for port 43101
2022-10-04 13:26:09,822 [Listener at localhost/43101] INFO  http.BaseHttpServer (BaseHttpServer.java:newHttpServer2BuilderForOzone(213)) - Starting Web-server for ozoneManager at: http://0.0.0.0:41475
2022-10-04 13:26:09,822 [Listener at localhost/43101] INFO  http.BaseHttpServer (BaseHttpServer.java:<init>(108)) - Hadoop Security Enabled: false Ozone Security Enabled: false Ozone HTTP Security Enabled: false 
2022-10-04 13:26:09,827 [Listener at localhost/43101] INFO  server.AuthenticationFilter (AuthenticationFilter.java:constructSecretProvider(240)) - Unable to initialize FileSignerSecretProvider, falling back to use random secrets.
2022-10-04 13:26:09,827 [Listener at localhost/43101] WARN  http.HttpRequestLog (HttpRequestLog.java:getRequestLog(103)) - Jetty request log can only be enabled using Log4j
2022-10-04 13:26:09,829 [Listener at localhost/43101] INFO  http.HttpServer2 (HttpServer2.java:addGlobalFilter(1029)) - Added global filter 'safety' (class=org.apache.hadoop.hdds.server.http.HttpServer2$QuotingInputFilter)
2022-10-04 13:26:09,830 [Listener at localhost/43101] INFO  http.HttpServer2 (HttpServer2.java:addFilter(1005)) - Added filter static_user_filter (class=org.apache.hadoop.http.lib.StaticUserWebFilter$StaticUserFilter) to context ozoneManager
2022-10-04 13:26:09,830 [Listener at localhost/43101] INFO  http.HttpServer2 (HttpServer2.java:addFilter(1013)) - Added filter static_user_filter (class=org.apache.hadoop.http.lib.StaticUserWebFilter$StaticUserFilter) to context static
2022-10-04 13:26:09,830 [Listener at localhost/43101] INFO  http.HttpServer2 (HttpServer2.java:addFilter(1013)) - Added filter static_user_filter (class=org.apache.hadoop.http.lib.StaticUserWebFilter$StaticUserFilter) to context logs
2022-10-04 13:26:09,833 [Listener at localhost/43101] INFO  http.HttpServer2 (HttpServer2.java:bindListener(1248)) - Jetty bound to port 41475
2022-10-04 13:26:09,833 [Listener at localhost/43101] INFO  server.Server (Server.java:doStart(375)) - jetty-9.4.43.v20210629; built: 2021-06-30T11:07:22.254Z; git: 526006ecfa3af7f1a27ef3a288e2bef7ea9dd7e8; jvm 1.8.0_345-b01
2022-10-04 13:26:09,838 [Listener at localhost/43101] INFO  server.session (DefaultSessionIdManager.java:doStart(334)) - DefaultSessionIdManager workerName=node0
2022-10-04 13:26:09,839 [Listener at localhost/43101] INFO  server.session (DefaultSessionIdManager.java:doStart(339)) - No SessionScavenger set, using defaults
2022-10-04 13:26:09,839 [Listener at localhost/43101] INFO  server.session (HouseKeeper.java:startScavenging(132)) - node0 Scavenging every 600000ms
2022-10-04 13:26:09,840 [Listener at localhost/43101] INFO  handler.ContextHandler (ContextHandler.java:doStart(915)) - Started o.e.j.s.ServletContextHandler@2245103b{logs,/logs,file:///home/runner/work/ozone/ozone/hadoop-ozone/integration-test/target/log,AVAILABLE}
2022-10-04 13:26:09,840 [Listener at localhost/43101] INFO  handler.ContextHandler (ContextHandler.java:doStart(915)) - Started o.e.j.s.ServletContextHandler@2640e49d{static,/static,file:///home/runner/work/ozone/ozone/hadoop-ozone/integration-test/target/test-classes/webapps/static,AVAILABLE}
2022-10-04 13:26:09,851 [Listener at localhost/43101] INFO  handler.ContextHandler (ContextHandler.java:doStart(915)) - Started o.e.j.w.WebAppContext@3172b304{ozoneManager,/,file:///home/runner/work/ozone/ozone/hadoop-ozone/integration-test/target/test-classes/webapps/ozoneManager/,AVAILABLE}{file:/home/runner/work/ozone/ozone/hadoop-ozone/integration-test/target/test-classes/webapps/ozoneManager}
2022-10-04 13:26:09,854 [Listener at localhost/43101] INFO  server.AbstractConnector (AbstractConnector.java:doStart(331)) - Started ServerConnector@68c9e07b{HTTP/1.1, (http/1.1)}{0.0.0.0:41475}
2022-10-04 13:26:09,854 [Listener at localhost/43101] INFO  server.Server (Server.java:doStart(415)) - Started @42595ms
2022-10-04 13:26:09,854 [Listener at localhost/43101] WARN  impl.MetricsSystemImpl (MetricsSystemImpl.java:register(279)) - Sink prometheus already exists!
2022-10-04 13:26:09,855 [Listener at localhost/43101] INFO  http.BaseHttpServer (BaseHttpServer.java:updateConnectorAddress(333)) - HTTP server of ozoneManager listening at http://0.0.0.0:41475
2022-10-04 13:26:09,855 [IPC Server Responder] INFO  ipc.Server (Server.java:run(1507)) - IPC Server Responder: starting
2022-10-04 13:26:09,855 [IPC Server listener on 43101] INFO  ipc.Server (Server.java:run(1344)) - IPC Server listener on 43101: starting
2022-10-04 13:26:09,865 [Listener at localhost/43101] INFO  om.OzoneManager (OzoneManager.java:startTrashEmptier(1921)) - Trash Interval set to 0. Files deleted won't move to trash
2022-10-04 13:26:09,866 [Listener at localhost/43101] INFO  om.OzoneManager (OzoneManager.java:stop(2036)) - omNode-1[localhost:37083]: Stopping Ozone Manager
2022-10-04 13:26:09,866 [Listener at localhost/43101] INFO  om.OzoneManager (OzoneManager.java:restart(1573)) - OzoneManager RPC server is listening at localhost/127.0.0.1:37083
2022-10-04 13:26:09,866 [Listener at localhost/43101] INFO  impl.MetricsSystemImpl (MetricsSystemImpl.java:init(158)) - OzoneManager metrics system started (again)
2022-10-04 13:26:09,880 [org.apache.hadoop.util.JvmPauseMonitor$Monitor@28f36e9d] INFO  util.JvmPauseMonitor (JvmPauseMonitor.java:run(188)) - Starting JVM pause monitor
2022-10-04 13:26:09,898 [Listener at localhost/43101] WARN  server.ServerUtils (ServerUtils.java:getDBPath(225)) - ozone.om.db.dirs is not configured. We recommend adding this setting. Falling back to ozone.metadata.dirs instead.
2022-10-04 13:26:09,899 [Listener at localhost/43101] INFO  codec.OmKeyInfoCodec (OmKeyInfoCodec.java:<init>(49)) - OmKeyInfoCodec ignorePipeline = true
2022-10-04 13:26:09,900 [Listener at localhost/43101] INFO  codec.RepeatedOmKeyInfoCodec (RepeatedOmKeyInfoCodec.java:<init>(41)) - RepeatedOmKeyInfoCodec ignorePipeline = true
2022-10-04 13:26:09,957 [Listener at localhost/43101] INFO  om.OzoneManager (OzoneManager.java:instantiateServices(710)) - S3 Multi-Tenancy is disabled
2022-10-04 13:26:09,958 [Listener at localhost/43101] WARN  impl.MetricRegistriesImpl (MetricRegistriesImpl.java:addReporterRegistration(111)) - New reporters are added after registries were created. Some metrics will be missing from the reporter. Please add reporter before adding any new registry.
2022-10-04 13:26:09,959 [Listener at localhost/43101] WARN  impl.MetricRegistriesImpl (MetricRegistriesImpl.java:addReporterRegistration(111)) - New reporters are added after registries were created. Some metrics will be missing from the reporter. Please add reporter before adding any new registry.
2022-10-04 13:26:09,959 [Listener at localhost/43101] WARN  server.ServerUtils (ServerUtils.java:getDefaultRatisDirectory(237)) - Storage directory for Ratis is not configured. It is a good idea to map this to an SSD disk. Falling back to ozone.metadata.dirs
2022-10-04 13:26:09,959 [grpc-default-executor-0] WARN  server.GrpcLogAppender (LogUtils.java:warn(122)) - omNode-2@group-523986131536->omNode-1-AppendLogResponseHandler: Failed appendEntries: org.apache.ratis.thirdparty.io.grpc.StatusRuntimeException: UNAVAILABLE: io exception
2022-10-04 13:26:09,960 [grpc-default-executor-0] WARN  server.GrpcLogAppender (GrpcLogAppender.java:resetClient(111)) - omNode-2@group-523986131536->omNode-1-GrpcLogAppender: Leader has not got in touch with Follower omNode-2@group-523986131536->omNode-1(c-1,m0,n31, attendVote=true, lastRpcSendTime=251, lastRpcResponseTime=8243) yet, just keep nextIndex unchanged and retry.
2022-10-04 13:26:09,960 [Listener at localhost/43101] INFO  ratis.OzoneManagerRatisServer (OzoneManagerRatisServer.java:<init>(160)) - Instantiating OM Ratis server with groupID: om-service-test1 and peers: localhost:42223, localhost:35537, localhost:33535
2022-10-04 13:26:09,961 [Listener at localhost/43101] INFO  ratis.OzoneManagerStateMachine (OzoneManagerStateMachine.java:loadSnapshotInfoFromDB(632)) - LastAppliedIndex is set from TransactionInfo from OM DB as (t:1, i:20)
2022-10-04 13:26:09,962 [Listener at localhost/43101] INFO  server.RaftServer (ConfUtils.java:logGet(46)) - raft.rpc.type = GRPC (default)
2022-10-04 13:26:09,962 [Listener at localhost/43101] INFO  grpc.GrpcFactory (GrpcFactory.java:checkPooledByteBufAllocatorUseCacheForAllThreads(48)) - PERFORMANCE WARNING: useCacheForAllThreads is true that may cause Netty to create a lot garbage objects and, as a result, trigger GC.
	It is recommended to disable useCacheForAllThreads by setting -Dorg.apache.ratis.thirdparty.io.netty.allocator.useCacheForAllThreads=false in command line.
2022-10-04 13:26:09,963 [Listener at localhost/43101] INFO  grpc.GrpcConfigKeys (ConfUtils.java:logGet(46)) - raft.grpc.admin.port = -1 (default)
2022-10-04 13:26:09,963 [Listener at localhost/43101] INFO  grpc.GrpcConfigKeys (ConfUtils.java:logGet(46)) - raft.grpc.server.port = 42223 (custom)
2022-10-04 13:26:09,963 [Listener at localhost/43101] INFO  grpc.GrpcConfigKeys (ConfUtils.java:logGet(46)) - raft.grpc.client.port = -1 (default)
2022-10-04 13:26:09,963 [Listener at localhost/43101] INFO  grpc.GrpcConfigKeys (ConfUtils.java:logGet(46)) - raft.grpc.server.port = 42223 (custom)
2022-10-04 13:26:09,963 [Listener at localhost/43101] INFO  grpc.GrpcConfigKeys (ConfUtils.java:logGet(46)) - raft.grpc.server.port = 42223 (custom)
2022-10-04 13:26:09,964 [Listener at localhost/43101] INFO  server.GrpcService (ConfUtils.java:logGet(46)) - raft.grpc.message.size.max = 33554432 (custom)
2022-10-04 13:26:09,964 [Listener at localhost/43101] INFO  server.RaftServerConfigKeys (ConfUtils.java:logGet(46)) - raft.server.log.appender.buffer.byte-limit = 33554432 (custom)
2022-10-04 13:26:09,964 [Listener at localhost/43101] INFO  server.GrpcService (ConfUtils.java:logGet(46)) - raft.grpc.flow.control.window = 1MB (=1048576) (default)
2022-10-04 13:26:09,964 [Listener at localhost/43101] INFO  server.RaftServerConfigKeys (ConfUtils.java:logGet(46)) - raft.server.rpc.request.timeout = 3000ms (default)
2022-10-04 13:26:09,964 [Listener at localhost/43101] INFO  grpc.GrpcConfigKeys (ConfUtils.java:logGet(46)) - raft.grpc.server.async.request.thread.pool.cached = true (default)
2022-10-04 13:26:09,964 [Listener at localhost/43101] INFO  grpc.GrpcConfigKeys (ConfUtils.java:logGet(46)) - raft.grpc.server.async.request.thread.pool.size = 32 (default)
2022-10-04 13:26:09,966 [Listener at localhost/43101] INFO  impl.DataStreamServerImpl (ConfUtils.java:logGet(46)) - raft.datastream.type = DISABLED (default)
2022-10-04 13:26:09,966 [Listener at localhost/43101] INFO  server.RaftServerConfigKeys (ConfUtils.java:logGet(46)) - raft.server.threadpool.proxy.cached = true (default)
2022-10-04 13:26:09,966 [Listener at localhost/43101] INFO  server.RaftServerConfigKeys (ConfUtils.java:logGet(46)) - raft.server.threadpool.proxy.size = 0 (default)
2022-10-04 13:26:09,967 [Listener at localhost/43101] INFO  server.RaftServerConfigKeys (ConfUtils.java:logGet(46)) - raft.server.rpc.slowness.timeout = 2s (custom)
2022-10-04 13:26:09,967 [Listener at localhost/43101] INFO  server.RaftServerConfigKeys (ConfUtils.java:logGet(46)) - raft.server.leaderelection.leader.step-down.wait-time = 10s (default)
2022-10-04 13:26:09,967 [Listener at localhost/43101] INFO  server.RaftServerConfigKeys (ConfUtils.java:logGet(46)) - raft.server.storage.dir = [/home/runner/work/ozone/ozone/hadoop-ozone/integration-test/target/test-dir/MiniOzoneClusterImpl-6e9557d8-a31c-49e5-bba1-8bc95799a8b8/omNode-1/ratis] (custom)
2022-10-04 13:26:09,974 [omNode-1-impl-thread1] INFO  server.RaftServer (RaftServerProxy.java:initGroupDir(247)) - omNode-1: found a subdirectory /home/runner/work/ozone/ozone/hadoop-ozone/integration-test/target/test-dir/MiniOzoneClusterImpl-6e9557d8-a31c-49e5-bba1-8bc95799a8b8/omNode-1/ratis/c9bc4cf4-3bc3-3c60-a66b-523986131536
2022-10-04 13:26:09,975 [Listener at localhost/43101] INFO  server.RaftServer (RaftServerProxy.java:addNew(96)) - omNode-1: addNew group-523986131536:[omNode-3|rpc:localhost:35537|priority:0, omNode-1|rpc:localhost:42223|priority:0, omNode-2|rpc:localhost:33535|priority:0] returns group-523986131536:java.util.concurrent.CompletableFuture@3769634b[Not completed]
2022-10-04 13:26:09,975 [Listener at localhost/43101] INFO  om.OzoneManager (OzoneManager.java:initializeRatisServer(1977)) - OzoneManager Ratis server initialized at port 42223
2022-10-04 13:26:09,975 [Listener at localhost/43101] INFO  ratis.OzoneManagerRatisServer (OzoneManagerRatisServer.java:start(555)) - Starting OzoneManagerRatisServer omNode-1 at port 42223
2022-10-04 13:26:09,979 [pool-256-thread-1] INFO  server.RaftServer$Division (RaftServerImpl.java:<init>(190)) - omNode-1: new RaftServerImpl for group-523986131536:[omNode-3|rpc:localhost:35537|priority:0, omNode-1|rpc:localhost:42223|priority:0, omNode-2|rpc:localhost:33535|priority:0] with OzoneManagerStateMachine:uninitialized
2022-10-04 13:26:09,979 [pool-256-thread-1] INFO  server.RaftServerConfigKeys (ConfUtils.java:logGet(46)) - raft.server.rpc.timeout.min = 1s (custom)
2022-10-04 13:26:09,979 [pool-256-thread-1] INFO  server.RaftServerConfigKeys (ConfUtils.java:logGet(46)) - raft.server.rpc.timeout.max = 1200ms (custom)
2022-10-04 13:26:09,979 [pool-256-thread-1] INFO  server.RaftServerConfigKeys (ConfUtils.java:logGet(46)) - raft.server.rpc.sleep.time = 25ms (default)
2022-10-04 13:26:09,979 [pool-256-thread-1] INFO  server.RaftServerConfigKeys (ConfUtils.java:logGet(46)) - raft.server.rpc.slowness.timeout = 2s (custom)
2022-10-04 13:26:09,979 [pool-256-thread-1] INFO  server.RaftServerConfigKeys (ConfUtils.java:logGet(46)) - raft.server.leaderelection.leader.step-down.wait-time = 10s (default)
2022-10-04 13:26:09,979 [pool-256-thread-1] INFO  server.RaftServerConfigKeys (ConfUtils.java:logGet(46)) - raft.server.sleep.deviation.threshold = 300ms (default)
2022-10-04 13:26:09,979 [pool-256-thread-1] INFO  server.RaftServer$Division (ServerState.java:<init>(107)) - omNode-1@group-523986131536: ConfigurationManager, init=-1: [omNode-3|rpc:localhost:35537|priority:0, omNode-1|rpc:localhost:42223|priority:0, omNode-2|rpc:localhost:33535|priority:0], old=null, confs=<EMPTY_MAP>
2022-10-04 13:26:09,979 [pool-256-thread-1] INFO  server.RaftServerConfigKeys (ConfUtils.java:logGet(46)) - raft.server.storage.dir = [/home/runner/work/ozone/ozone/hadoop-ozone/integration-test/target/test-dir/MiniOzoneClusterImpl-6e9557d8-a31c-49e5-bba1-8bc95799a8b8/omNode-1/ratis] (custom)
2022-10-04 13:26:09,980 [pool-256-thread-1] INFO  server.RaftServerConfigKeys (ConfUtils.java:logGet(46)) - raft.server.log.corruption.policy = EXCEPTION (default)
2022-10-04 13:26:09,980 [pool-256-thread-1] INFO  server.RaftServerConfigKeys (ConfUtils.java:logGet(46)) - raft.server.storage.free-space.min = 0MB (=0) (default)
2022-10-04 13:26:09,981 [pool-256-thread-1] INFO  storage.RaftStorageDirectory (RaftStorageDirectoryImpl.java:tryLock(230)) - Lock on /home/runner/work/ozone/ozone/hadoop-ozone/integration-test/target/test-dir/MiniOzoneClusterImpl-6e9557d8-a31c-49e5-bba1-8bc95799a8b8/omNode-1/ratis/c9bc4cf4-3bc3-3c60-a66b-523986131536/in_use.lock acquired by nodename 42070@fv-az573-645
2022-10-04 13:26:09,981 [pool-256-thread-1] INFO  storage.RaftStorage (RaftStorageImpl.java:analyzeAndRecoverStorage(110)) - Read RaftStorageMetadata{term=1, votedFor=omNode-1} from /home/runner/work/ozone/ozone/hadoop-ozone/integration-test/target/test-dir/MiniOzoneClusterImpl-6e9557d8-a31c-49e5-bba1-8bc95799a8b8/omNode-1/ratis/c9bc4cf4-3bc3-3c60-a66b-523986131536/current/raft-meta
2022-10-04 13:26:09,982 [pool-256-thread-1] INFO  server.RaftServer$Division (ServerState.java:setRaftConf(393)) - omNode-1@group-523986131536: set configuration 0: [omNode-3|rpc:localhost:35537|admin:|client:|dataStream:|priority:0, omNode-1|rpc:localhost:42223|admin:|client:|dataStream:|priority:0, omNode-2|rpc:localhost:33535|admin:|client:|dataStream:|priority:0], old=null
2022-10-04 13:26:09,983 [pool-256-thread-1] INFO  server.RaftServerConfigKeys (ConfUtils.java:logGet(46)) - raft.server.notification.no-leader.timeout = 2s (custom)
2022-10-04 13:26:09,983 [pool-256-thread-1] INFO  server.RaftServerConfigKeys (ConfUtils.java:logGet(46)) - raft.server.log.use.memory = false (default)
2022-10-04 13:26:09,983 [pool-256-thread-1] INFO  server.RaftServerConfigKeys (ConfUtils.java:logGet(46)) - raft.server.log.purge.gap = 50 (custom)
2022-10-04 13:26:09,983 [pool-256-thread-1] INFO  server.RaftServerConfigKeys (ConfUtils.java:logGet(46)) - raft.server.log.appender.buffer.byte-limit = 33554432 (custom)
2022-10-04 13:26:09,983 [pool-256-thread-1] INFO  server.RaftServerConfigKeys (ConfUtils.java:logGet(46)) - raft.server.log.statemachine.data.read.timeout = 1000ms (default)
2022-10-04 13:26:09,996 [pool-256-thread-1] INFO  server.RaftServerConfigKeys (ConfUtils.java:logGet(46)) - raft.server.log.segment.size.max = 4194304 (custom)
2022-10-04 13:26:09,997 [pool-256-thread-1] INFO  server.RaftServerConfigKeys (ConfUtils.java:logGet(46)) - raft.server.log.segment.cache.num.max = 2 (custom)
2022-10-04 13:26:09,997 [pool-256-thread-1] INFO  server.RaftServerConfigKeys (ConfUtils.java:logGet(46)) - raft.server.log.segment.cache.size.max = 200MB (=209715200) (default)
2022-10-04 13:26:09,997 [pool-256-thread-1] INFO  segmented.SegmentedRaftLogWorker (SegmentedRaftLogWorker.java:<init>(187)) - new omNode-1@group-523986131536-SegmentedRaftLogWorker for RaftStorageImpl:Storage Directory /home/runner/work/ozone/ozone/hadoop-ozone/integration-test/target/test-dir/MiniOzoneClusterImpl-6e9557d8-a31c-49e5-bba1-8bc95799a8b8/omNode-1/ratis/c9bc4cf4-3bc3-3c60-a66b-523986131536
2022-10-04 13:26:09,997 [pool-256-thread-1] INFO  server.RaftServerConfigKeys (ConfUtils.java:logGet(46)) - raft.server.log.queue.byte-limit = 64MB (=67108864) (default)
2022-10-04 13:26:09,998 [pool-256-thread-1] INFO  server.RaftServerConfigKeys (ConfUtils.java:logGet(46)) - raft.server.log.queue.element-limit = 4096 (default)
2022-10-04 13:26:09,998 [pool-256-thread-1] INFO  server.RaftServerConfigKeys (ConfUtils.java:logGet(46)) - raft.server.log.segment.size.max = 4194304 (custom)
2022-10-04 13:26:09,998 [pool-256-thread-1] INFO  server.RaftServerConfigKeys (ConfUtils.java:logGet(46)) - raft.server.log.preallocated.size = 4194304 (custom)
2022-10-04 13:26:09,998 [pool-256-thread-1] INFO  server.RaftServerConfigKeys (ConfUtils.java:logGet(46)) - raft.server.log.force.sync.num = 128 (default)
2022-10-04 13:26:09,998 [pool-256-thread-1] INFO  server.RaftServerConfigKeys (ConfUtils.java:logGet(46)) - raft.server.log.statemachine.data.sync = true (default)
2022-10-04 13:26:09,998 [pool-256-thread-1] INFO  server.RaftServerConfigKeys (ConfUtils.java:logGet(46)) - raft.server.log.statemachine.data.sync.timeout = 10s (default)
2022-10-04 13:26:09,998 [pool-256-thread-1] INFO  server.RaftServerConfigKeys (ConfUtils.java:logGet(46)) - raft.server.log.statemachine.data.sync.timeout.retry = -1 (default)
2022-10-04 13:26:09,999 [pool-256-thread-1] INFO  server.RaftServerConfigKeys (ConfUtils.java:logGet(46)) - raft.server.log.write.buffer.size = 64KB (=65536) (default)
2022-10-04 13:26:09,999 [pool-256-thread-1] INFO  server.RaftServerConfigKeys (ConfUtils.java:logGet(46)) - raft.server.log.unsafe-flush.enabled = false (default)
2022-10-04 13:26:09,999 [pool-256-thread-1] INFO  server.RaftServerConfigKeys (ConfUtils.java:logGet(46)) - raft.server.log.statemachine.data.caching.enabled = false (default)
2022-10-04 13:26:10,001 [pool-256-thread-1] INFO  server.RaftServer$Division (ServerState.java:setRaftConf(393)) - omNode-1@group-523986131536: set configuration 0: [omNode-3|rpc:localhost:35537|admin:|client:|dataStream:|priority:0, omNode-1|rpc:localhost:42223|admin:|client:|dataStream:|priority:0, omNode-2|rpc:localhost:33535|admin:|client:|dataStream:|priority:0], old=null
2022-10-04 13:26:10,004 [pool-256-thread-1] INFO  segmented.LogSegment (LogSegment.java:loadSegment(173)) - Successfully read 21 entries from segment file /home/runner/work/ozone/ozone/hadoop-ozone/integration-test/target/test-dir/MiniOzoneClusterImpl-6e9557d8-a31c-49e5-bba1-8bc95799a8b8/omNode-1/ratis/c9bc4cf4-3bc3-3c60-a66b-523986131536/current/log_inprogress_0
2022-10-04 13:26:10,006 [pool-256-thread-1] INFO  segmented.SegmentedRaftLogWorker (SegmentedRaftLogWorker.java:lambda$new$0(135)) - omNode-1@group-523986131536-SegmentedRaftLogWorker: flushIndex: setUnconditionally 0 -> 20
2022-10-04 13:26:10,006 [pool-256-thread-1] INFO  segmented.SegmentedRaftLogWorker (SegmentedRaftLogWorker.java:lambda$new$0(135)) - omNode-1@group-523986131536-SegmentedRaftLogWorker: safeCacheEvictIndex: setUnconditionally 0 -> -1
2022-10-04 13:26:10,008 [pool-256-thread-1] INFO  raftlog.RaftLog (RaftLogBase.java:lambda$new$0(53)) - omNode-1@group-523986131536-SegmentedRaftLog: commitIndex: updateToMax old=20, new=19, updated? false
2022-10-04 13:26:10,012 [pool-256-thread-1] INFO  server.RaftServerConfigKeys (ConfUtils.java:logGet(46)) - raft.server.snapshot.auto.trigger.enabled = true (custom)
2022-10-04 13:26:10,012 [pool-256-thread-1] INFO  server.RaftServerConfigKeys (ConfUtils.java:logGet(46)) - raft.server.snapshot.auto.trigger.threshold = 50 (custom)
2022-10-04 13:26:10,012 [pool-256-thread-1] INFO  server.RaftServerConfigKeys (ConfUtils.java:logGet(46)) - raft.server.snapshot.retention.file.num = -1 (default)
2022-10-04 13:26:10,012 [pool-256-thread-1] INFO  server.RaftServerConfigKeys (ConfUtils.java:logGet(46)) - raft.server.log.purge.upto.snapshot.index = true (custom)
2022-10-04 13:26:10,012 [pool-256-thread-1] INFO  server.RaftServerConfigKeys (ConfUtils.java:logGet(46)) - raft.server.retrycache.expirytime = 30000ms (custom)
2022-10-04 13:26:10,012 [pool-256-thread-1] INFO  server.RaftServerConfigKeys (ConfUtils.java:logGet(46)) - raft.server.retrycache.statistics.expirytime = 100μs (default)
2022-10-04 13:26:10,014 [pool-256-thread-1] INFO  server.RaftServerConfigKeys (ConfUtils.java:logGet(46)) - raft.server.log.appender.install.snapshot.enabled = false (custom)
2022-10-04 13:26:10,014 [pool-256-thread-1] INFO  server.RaftServerConfigKeys (ConfUtils.java:logGet(46)) - raft.server.threadpool.server.cached = true (default)
2022-10-04 13:26:10,014 [pool-256-thread-1] INFO  server.RaftServerConfigKeys (ConfUtils.java:logGet(46)) - raft.server.threadpool.server.size = 0 (default)
2022-10-04 13:26:10,014 [pool-256-thread-1] INFO  server.RaftServerConfigKeys (ConfUtils.java:logGet(46)) - raft.server.threadpool.client.cached = true (default)
2022-10-04 13:26:10,014 [pool-256-thread-1] INFO  server.RaftServerConfigKeys (ConfUtils.java:logGet(46)) - raft.server.threadpool.client.size = 0 (default)
2022-10-04 13:26:10,016 [omNode-1-impl-thread1] INFO  server.RaftServer$Division (RaftServerImpl.java:start(310)) - omNode-1@group-523986131536: start as a follower, conf=0: [omNode-3|rpc:localhost:35537|admin:|client:|dataStream:|priority:0, omNode-1|rpc:localhost:42223|admin:|client:|dataStream:|priority:0, omNode-2|rpc:localhost:33535|admin:|client:|dataStream:|priority:0], old=null
2022-10-04 13:26:10,016 [omNode-1-impl-thread1] INFO  server.RaftServer$Division (RaftServerImpl.java:setRole(299)) - omNode-1@group-523986131536: changes role from      null to FOLLOWER at term 1 for startAsFollower
2022-10-04 13:26:10,016 [omNode-1-impl-thread1] INFO  impl.RoleInfo (RoleInfo.java:updateAndGet(139)) - omNode-1: start omNode-1@group-523986131536-FollowerState
2022-10-04 13:26:10,017 [omNode-1-impl-thread1] INFO  util.JmxRegister (JmxRegister.java:tryRegister(44)) - Successfully registered JMX Bean with object name Ratis:service=RaftServer,group=group-523986131536,id=omNode-1
2022-10-04 13:26:10,019 [Listener at localhost/43101] INFO  server.RaftServer (RaftServerProxy.java:lambda$start$6(382)) - omNode-1: start RPC server
2022-10-04 13:26:10,023 [Listener at localhost/43101] INFO  server.GrpcService (GrpcService.java:startImpl(260)) - omNode-1: GrpcService started, listening on 42223
2022-10-04 13:26:10,023 [Listener at localhost/43101] INFO  om.OzoneManager (OzoneManager.java:getRpcServer(1100)) - Creating RPC Server
2022-10-04 13:26:10,025 [org.apache.ratis.util.JvmPauseMonitor$$Lambda$699/75026084@70c305ef] INFO  util.JvmPauseMonitor (JvmPauseMonitor.java:run(103)) - JvmPauseMonitor-omNode-1: Started
2022-10-04 13:26:10,223 [grpc-default-executor-0] WARN  server.GrpcLogAppender (LogUtils.java:warn(122)) - omNode-2@group-523986131536->omNode-1-AppendLogResponseHandler: Failed appendEntries: org.apache.ratis.thirdparty.io.grpc.StatusRuntimeException: UNAVAILABLE: io exception
2022-10-04 13:26:10,224 [grpc-default-executor-0] WARN  server.GrpcLogAppender (GrpcLogAppender.java:resetClient(111)) - omNode-2@group-523986131536->omNode-1-GrpcLogAppender: Leader has not got in touch with Follower omNode-2@group-523986131536->omNode-1(c-1,m0,n31, attendVote=true, lastRpcSendTime=0, lastRpcResponseTime=8507) yet, just keep nextIndex unchanged and retry.
2022-10-04 13:26:10,479 [omNode-1-server-thread1] INFO  server.RaftServer$Division (ServerState.java:setLeader(287)) - omNode-1@group-523986131536: change Leader from null to omNode-2 at term 3 for appendEntries, leader elected after 496ms
2022-10-04 13:26:10,479 [omNode-1-server-thread1] INFO  server.RaftServer$Division (RaftServerImpl.java:checkInconsistentAppendEntries(1424)) - omNode-1@group-523986131536: Failed appendEntries as previous log entry ((t:3, i:30)) is not found
2022-10-04 13:26:10,479 [omNode-1-server-thread1] INFO  server.RaftServer$Division (RaftServerImpl.java:checkInconsistentAppendEntries(1394)) - omNode-1@group-523986131536: inconsistency entries. Reply:omNode-2<-omNode-1#5637986:FAIL-t1,INCONSISTENCY,nextIndex=21,followerCommit=20
2022-10-04 13:26:10,480 [grpc-default-executor-0] INFO  leader.FollowerInfo (FollowerInfoImpl.java:lambda$new$0(48)) - omNode-2@group-523986131536->omNode-1: nextIndex: updateUnconditionally 31 -> 21
2022-10-04 13:26:10,493 [omNode-1-server-thread2] INFO  server.RaftServer$Division (ServerState.java:setRaftConf(393)) - omNode-1@group-523986131536: set configuration 21: [omNode-3|rpc:localhost:35537|admin:|client:|dataStream:|priority:0, omNode-1|rpc:localhost:42223|admin:|client:|dataStream:|priority:0, omNode-2|rpc:localhost:33535|admin:|client:|dataStream:|priority:0], old=null
2022-10-04 13:26:10,494 [omNode-1-server-thread2] INFO  segmented.SegmentedRaftLogWorker (SegmentedRaftLogWorker.java:rollLogSegment(430)) - omNode-1@group-523986131536-SegmentedRaftLogWorker: Rolling segment log-0_20 to index:20
2022-10-04 13:26:10,499 [omNode-1@group-523986131536-SegmentedRaftLogWorker] INFO  segmented.SegmentedRaftLogWorker (SegmentedRaftLogWorker.java:execute(586)) - omNode-1@group-523986131536-SegmentedRaftLogWorker: Rolled log segment from /home/runner/work/ozone/ozone/hadoop-ozone/integration-test/target/test-dir/MiniOzoneClusterImpl-6e9557d8-a31c-49e5-bba1-8bc95799a8b8/omNode-1/ratis/c9bc4cf4-3bc3-3c60-a66b-523986131536/current/log_inprogress_0 to /home/runner/work/ozone/ozone/hadoop-ozone/integration-test/target/test-dir/MiniOzoneClusterImpl-6e9557d8-a31c-49e5-bba1-8bc95799a8b8/omNode-1/ratis/c9bc4cf4-3bc3-3c60-a66b-523986131536/current/log_0-20
2022-10-04 13:26:10,511 [omNode-1@group-523986131536-SegmentedRaftLogWorker] INFO  segmented.SegmentedRaftLogWorker (SegmentedRaftLogWorker.java:execute(629)) - omNode-1@group-523986131536-SegmentedRaftLogWorker: created new log segment /home/runner/work/ozone/ozone/hadoop-ozone/integration-test/target/test-dir/MiniOzoneClusterImpl-6e9557d8-a31c-49e5-bba1-8bc95799a8b8/omNode-1/ratis/c9bc4cf4-3bc3-3c60-a66b-523986131536/current/log_inprogress_21
2022-10-04 13:26:10,514 [omNode-1@group-523986131536-StateMachineUpdater] INFO  ratis.OzoneManagerStateMachine (OzoneManagerStateMachine.java:notifyConfigurationChanged(192)) - Received Configuration change notification from Ratis. New Peer list:
[id: "omNode-3"
address: "localhost:35537"
, id: "omNode-1"
address: "localhost:42223"
, id: "omNode-2"
address: "localhost:33535"
]
2022-10-04 13:26:10,666 [Listener at localhost/43101] INFO  reflections.Reflections (Reflections.java:scan(232)) - Reflections took 641 ms to scan 19 urls, producing 67 keys and 4220 values [using 2 cores]
2022-10-04 13:26:10,667 [Listener at localhost/43101] INFO  ipc.CallQueueManager (CallQueueManager.java:<init>(90)) - Using callQueue: class java.util.concurrent.LinkedBlockingQueue, queueCapacity: 2000, scheduler: class org.apache.hadoop.ipc.DefaultRpcScheduler, ipcBackoff: false.
2022-10-04 13:26:10,668 [Socket Reader #1 for port 37083] INFO  ipc.Server (Server.java:run(1265)) - Starting Socket Reader #1 for port 37083
2022-10-04 13:26:10,673 [Listener at localhost/37083] INFO  http.BaseHttpServer (BaseHttpServer.java:newHttpServer2BuilderForOzone(213)) - Starting Web-server for ozoneManager at: http://0.0.0.0:43603
2022-10-04 13:26:10,673 [Listener at localhost/37083] INFO  http.BaseHttpServer (BaseHttpServer.java:<init>(108)) - Hadoop Security Enabled: false Ozone Security Enabled: false Ozone HTTP Security Enabled: false 
2022-10-04 13:26:10,675 [Listener at localhost/37083] INFO  server.AuthenticationFilter (AuthenticationFilter.java:constructSecretProvider(240)) - Unable to initialize FileSignerSecretProvider, falling back to use random secrets.
2022-10-04 13:26:10,675 [Listener at localhost/37083] WARN  http.HttpRequestLog (HttpRequestLog.java:getRequestLog(103)) - Jetty request log can only be enabled using Log4j
2022-10-04 13:26:10,677 [Listener at localhost/37083] INFO  http.HttpServer2 (HttpServer2.java:addGlobalFilter(1029)) - Added global filter 'safety' (class=org.apache.hadoop.hdds.server.http.HttpServer2$QuotingInputFilter)
2022-10-04 13:26:10,678 [Listener at localhost/37083] INFO  http.HttpServer2 (HttpServer2.java:addFilter(1005)) - Added filter static_user_filter (class=org.apache.hadoop.http.lib.StaticUserWebFilter$StaticUserFilter) to context ozoneManager
2022-10-04 13:26:10,681 [Listener at localhost/37083] INFO  http.HttpServer2 (HttpServer2.java:addFilter(1013)) - Added filter static_user_filter (class=org.apache.hadoop.http.lib.StaticUserWebFilter$StaticUserFilter) to context static
2022-10-04 13:26:10,681 [Listener at localhost/37083] INFO  http.HttpServer2 (HttpServer2.java:addFilter(1013)) - Added filter static_user_filter (class=org.apache.hadoop.http.lib.StaticUserWebFilter$StaticUserFilter) to context logs
2022-10-04 13:26:10,682 [Listener at localhost/37083] INFO  http.HttpServer2 (HttpServer2.java:bindListener(1248)) - Jetty bound to port 43603
2022-10-04 13:26:10,682 [Listener at localhost/37083] INFO  server.Server (Server.java:doStart(375)) - jetty-9.4.43.v20210629; built: 2021-06-30T11:07:22.254Z; git: 526006ecfa3af7f1a27ef3a288e2bef7ea9dd7e8; jvm 1.8.0_345-b01
2022-10-04 13:26:10,685 [Listener at localhost/37083] INFO  server.session (DefaultSessionIdManager.java:doStart(334)) - DefaultSessionIdManager workerName=node0
2022-10-04 13:26:10,685 [Listener at localhost/37083] INFO  server.session (DefaultSessionIdManager.java:doStart(339)) - No SessionScavenger set, using defaults
2022-10-04 13:26:10,686 [Listener at localhost/37083] INFO  server.session (HouseKeeper.java:startScavenging(132)) - node0 Scavenging every 660000ms
2022-10-04 13:26:10,688 [Listener at localhost/37083] INFO  handler.ContextHandler (ContextHandler.java:doStart(915)) - Started o.e.j.s.ServletContextHandler@5c0f4e94{logs,/logs,file:///home/runner/work/ozone/ozone/hadoop-ozone/integration-test/target/log,AVAILABLE}
2022-10-04 13:26:10,688 [Listener at localhost/37083] INFO  handler.ContextHandler (ContextHandler.java:doStart(915)) - Started o.e.j.s.ServletContextHandler@5cd16678{static,/static,file:///home/runner/work/ozone/ozone/hadoop-ozone/integration-test/target/test-classes/webapps/static,AVAILABLE}
2022-10-04 13:26:10,692 [Listener at localhost/37083] INFO  handler.ContextHandler (ContextHandler.java:doStart(915)) - Started o.e.j.w.WebAppContext@7880465a{ozoneManager,/,file:///home/runner/work/ozone/ozone/hadoop-ozone/integration-test/target/test-classes/webapps/ozoneManager/,AVAILABLE}{file:/home/runner/work/ozone/ozone/hadoop-ozone/integration-test/target/test-classes/webapps/ozoneManager}
2022-10-04 13:26:10,694 [Listener at localhost/37083] INFO  server.AbstractConnector (AbstractConnector.java:doStart(331)) - Started ServerConnector@423778db{HTTP/1.1, (http/1.1)}{0.0.0.0:43603}
2022-10-04 13:26:10,694 [Listener at localhost/37083] INFO  server.Server (Server.java:doStart(415)) - Started @43435ms
2022-10-04 13:26:10,694 [Listener at localhost/37083] WARN  impl.MetricsSystemImpl (MetricsSystemImpl.java:register(279)) - Sink prometheus already exists!
2022-10-04 13:26:10,695 [Listener at localhost/37083] INFO  http.BaseHttpServer (BaseHttpServer.java:updateConnectorAddress(333)) - HTTP server of ozoneManager listening at http://0.0.0.0:43603
2022-10-04 13:26:10,695 [IPC Server Responder] INFO  ipc.Server (Server.java:run(1507)) - IPC Server Responder: starting
2022-10-04 13:26:10,696 [IPC Server listener on 37083] INFO  ipc.Server (Server.java:run(1344)) - IPC Server listener on 37083: starting
2022-10-04 13:26:10,703 [Listener at localhost/37083] INFO  om.OzoneManager (OzoneManager.java:startTrashEmptier(1921)) - Trash Interval set to 0. Files deleted won't move to trash
2022-10-04 13:26:10,704 [Listener at localhost/37083] INFO  om.OzoneManager (OzoneManager.java:stop(2036)) - omNode-2[localhost:45931]: Stopping Ozone Manager
2022-10-04 13:26:10,704 [org.apache.hadoop.util.JvmPauseMonitor$Monitor@4568db0e] INFO  util.JvmPauseMonitor (JvmPauseMonitor.java:run(188)) - Starting JVM pause monitor
2022-10-04 13:26:10,704 [Listener at localhost/37083] INFO  ipc.Server (Server.java:stop(3414)) - Stopping server on 45931
2022-10-04 13:26:10,709 [IPC Server listener on 45931] INFO  ipc.Server (Server.java:run(1376)) - Stopping IPC Server listener on 45931
2022-10-04 13:26:10,709 [IPC Server Responder] INFO  ipc.Server (Server.java:run(1512)) - Stopping IPC Server Responder
2022-10-04 13:26:10,710 [Listener at localhost/37083] INFO  server.RaftServer (RaftServerProxy.java:lambda$close$7(398)) - omNode-2: close
2022-10-04 13:26:10,710 [Listener at localhost/37083] INFO  server.RaftServer$Division (RaftServerImpl.java:lambda$close$4(434)) - omNode-2@group-523986131536: shutdown
2022-10-04 13:26:10,710 [Listener at localhost/37083] INFO  util.JmxRegister (JmxRegister.java:unregister(73)) - Successfully un-registered JMX Bean with object name Ratis:service=RaftServer,group=group-523986131536,id=omNode-2
2022-10-04 13:26:10,711 [Listener at localhost/37083] INFO  impl.RoleInfo (RoleInfo.java:shutdownLeaderState(93)) - omNode-2: shutdown omNode-2@group-523986131536-LeaderStateImpl
2022-10-04 13:26:10,712 [omNode-2@group-523986131536->omNode-1-GrpcLogAppender-LogAppenderDaemon] WARN  server.GrpcLogAppender (GrpcLogAppender.java:mayWait(171)) - omNode-2@group-523986131536->omNode-1-GrpcLogAppender: Wait interrupted by java.lang.InterruptedException
2022-10-04 13:26:10,713 [omNode-2@group-523986131536->omNode-3-GrpcLogAppender-LogAppenderDaemon] WARN  server.GrpcLogAppender (GrpcLogAppender.java:mayWait(171)) - omNode-2@group-523986131536->omNode-3-GrpcLogAppender: Wait interrupted by java.lang.InterruptedException
2022-10-04 13:26:10,714 [Listener at localhost/37083] INFO  impl.PendingRequests (PendingRequests.java:sendNotLeaderResponses(282)) - omNode-2@group-523986131536-PendingRequests: sendNotLeaderResponses
2022-10-04 13:26:10,715 [grpc-default-executor-0] INFO  server.GrpcServerProtocolService (GrpcServerProtocolService.java:onCompleted(140)) - omNode-3: Completed APPEND_ENTRIES, lastRequest: omNode-2->omNode-3#99-t3,previous=(t:3, i:29),leaderCommit=30,initializing? true,entries: size=1, first=(t:3, i:30), METADATAENTRY(c:29)
2022-10-04 13:26:10,716 [grpc-default-executor-3] INFO  server.GrpcLogAppender (GrpcLogAppender.java:onCompleted(339)) - omNode-2@group-523986131536->omNode-3-AppendLogResponseHandler: follower responses appendEntries COMPLETED
2022-10-04 13:26:10,716 [grpc-default-executor-3] INFO  leader.FollowerInfo (FollowerInfoImpl.java:lambda$new$0(48)) - omNode-2@group-523986131536->omNode-3: nextIndex: updateUnconditionally 31 -> 30
2022-10-04 13:26:10,716 [grpc-default-executor-0] INFO  server.GrpcServerProtocolService (GrpcServerProtocolService.java:onCompleted(140)) - omNode-1: Completed APPEND_ENTRIES, lastRequest: omNode-2->omNode-1#5637987-t3,previous=(t:1, i:20),leaderCommit=30,initializing? true,entries: size=10, first=(t:3, i:21), CONFIGURATIONENTRY
2022-10-04 13:26:10,719 [grpc-default-executor-3] INFO  server.GrpcLogAppender (GrpcLogAppender.java:onCompleted(339)) - omNode-2@group-523986131536->omNode-1-AppendLogResponseHandler: follower responses appendEntries COMPLETED
2022-10-04 13:26:10,719 [grpc-default-executor-3] INFO  leader.FollowerInfo (FollowerInfoImpl.java:lambda$new$0(48)) - omNode-2@group-523986131536->omNode-1: nextIndex: updateUnconditionally 31 -> 30
2022-10-04 13:26:10,719 [Listener at localhost/37083] INFO  impl.StateMachineUpdater (StateMachineUpdater.java:stopAndJoin(153)) - omNode-2@group-523986131536-StateMachineUpdater: set stopIndex = 30
2022-10-04 13:26:10,719 [omNode-2@group-523986131536-StateMachineUpdater] INFO  ratis.OzoneManagerStateMachine (OzoneManagerStateMachine.java:takeSnapshot(441)) - Current Snapshot Index (t:3, i:30)
2022-10-04 13:26:10,720 [omNode-2@group-523986131536-StateMachineUpdater] INFO  impl.StateMachineUpdater (StateMachineUpdater.java:takeSnapshot(287)) - omNode-2@group-523986131536-StateMachineUpdater: Took a snapshot at index 30
2022-10-04 13:26:10,720 [omNode-2@group-523986131536-StateMachineUpdater] INFO  impl.StateMachineUpdater (StateMachineUpdater.java:lambda$new$0(92)) - omNode-2@group-523986131536-StateMachineUpdater: snapshotIndex: updateIncreasingly -1 -> 30
2022-10-04 13:26:10,720 [omNode-2@group-523986131536-StateMachineUpdater] INFO  ratis.OzoneManagerStateMachine (OzoneManagerStateMachine.java:close(495)) - StateMachine has shutdown. Shutdown OzoneManager if not already shutdown.
2022-10-04 13:26:10,720 [omNode-2@group-523986131536-StateMachineUpdater] INFO  ratis.OzoneManagerDoubleBuffer (OzoneManagerDoubleBuffer.java:stop(466)) - Stopping OMDoubleBuffer flush thread
2022-10-04 13:26:10,720 [OMDoubleBufferFlushThread] INFO  ratis.OzoneManagerDoubleBuffer (OzoneManagerDoubleBuffer.java:flushTransactions(385)) - OMDoubleBuffer flush thread OMDoubleBufferFlushThread is interrupted and will exit.
2022-10-04 13:26:10,723 [Listener at localhost/37083] INFO  server.RaftServer$Division (ServerState.java:close(429)) - omNode-2@group-523986131536: closes. applyIndex: 30
2022-10-04 13:26:10,723 [omNode-2@group-523986131536-SegmentedRaftLogWorker] INFO  segmented.SegmentedRaftLogWorker (SegmentedRaftLogWorker.java:run(336)) - omNode-2@group-523986131536-SegmentedRaftLogWorker was interrupted, exiting. There are 0 tasks remaining in the queue.
2022-10-04 13:26:10,725 [Listener at localhost/37083] INFO  segmented.SegmentedRaftLogWorker (SegmentedRaftLogWorker.java:close(246)) - omNode-2@group-523986131536-SegmentedRaftLogWorker close()
2022-10-04 13:26:10,727 [Listener at localhost/37083] INFO  server.GrpcService (GrpcService.java:closeImpl(269)) - omNode-2: shutdown server with port 33535 now
2022-10-04 13:26:10,735 [Listener at localhost/37083] INFO  server.GrpcService (GrpcService.java:closeImpl(278)) - omNode-2: shutdown server with port 33535 successfully
2022-10-04 13:26:10,735 [org.apache.ratis.util.JvmPauseMonitor$$Lambda$699/75026084@693d61c1] INFO  util.JvmPauseMonitor (JvmPauseMonitor.java:run(109)) - JvmPauseMonitor-omNode-2: Stopped
2022-10-04 13:26:10,736 [Listener at localhost/37083] INFO  ratis.OzoneManagerStateMachine (OzoneManagerStateMachine.java:close(495)) - StateMachine has shutdown. Shutdown OzoneManager if not already shutdown.
2022-10-04 13:26:10,736 [Listener at localhost/37083] INFO  ratis.OzoneManagerDoubleBuffer (OzoneManagerDoubleBuffer.java:stop(478)) - OMDoubleBuffer flush thread is not running.
2022-10-04 13:26:10,736 [Listener at localhost/37083] INFO  utils.BackgroundService (BackgroundService.java:shutdown(141)) - Shutting down service KeyDeletingService
2022-10-04 13:26:10,736 [Listener at localhost/37083] INFO  utils.BackgroundService (BackgroundService.java:shutdown(141)) - Shutting down service DirectoryDeletingService
2022-10-04 13:26:10,737 [Listener at localhost/37083] INFO  utils.BackgroundService (BackgroundService.java:shutdown(141)) - Shutting down service OpenKeyCleanupService
2022-10-04 13:26:10,738 [Listener at localhost/37083] INFO  handler.ContextHandler (ContextHandler.java:doStop(1153)) - Stopped o.e.j.w.WebAppContext@169ea60a{ozoneManager,/,null,STOPPED}{file:/home/runner/work/ozone/ozone/hadoop-ozone/integration-test/target/test-classes/webapps/ozoneManager}
2022-10-04 13:26:10,738 [Listener at localhost/37083] INFO  server.AbstractConnector (AbstractConnector.java:doStop(381)) - Stopped ServerConnector@78941f94{HTTP/1.1, (http/1.1)}{0.0.0.0:44809}
2022-10-04 13:26:10,738 [Listener at localhost/37083] INFO  server.session (HouseKeeper.java:stopScavenging(149)) - node0 Stopped scavenging
2022-10-04 13:26:10,739 [Listener at localhost/37083] INFO  handler.ContextHandler (ContextHandler.java:doStop(1153)) - Stopped o.e.j.s.ServletContextHandler@55aa6fd0{static,/static,file:///home/runner/work/ozone/ozone/hadoop-ozone/integration-test/target/test-classes/webapps/static,STOPPED}
2022-10-04 13:26:10,739 [Listener at localhost/37083] INFO  handler.ContextHandler (ContextHandler.java:doStop(1153)) - Stopped o.e.j.s.ServletContextHandler@5b9b31e0{logs,/logs,file:///home/runner/work/ozone/ozone/hadoop-ozone/integration-test/target/log,STOPPED}
2022-10-04 13:26:10,742 [Listener at localhost/37083] INFO  om.OzoneManager (OzoneManager.java:restart(1573)) - OzoneManager RPC server is listening at localhost/127.0.0.1:45931
2022-10-04 13:26:10,742 [Listener at localhost/37083] INFO  impl.MetricsSystemImpl (MetricsSystemImpl.java:init(158)) - OzoneManager metrics system started (again)
2022-10-04 13:26:10,754 [Listener at localhost/37083] WARN  server.ServerUtils (ServerUtils.java:getDBPath(225)) - ozone.om.db.dirs is not configured. We recommend adding this setting. Falling back to ozone.metadata.dirs instead.
2022-10-04 13:26:10,755 [Listener at localhost/37083] INFO  codec.OmKeyInfoCodec (OmKeyInfoCodec.java:<init>(49)) - OmKeyInfoCodec ignorePipeline = true
2022-10-04 13:26:10,755 [Listener at localhost/37083] INFO  codec.RepeatedOmKeyInfoCodec (RepeatedOmKeyInfoCodec.java:<init>(41)) - RepeatedOmKeyInfoCodec ignorePipeline = true
2022-10-04 13:26:10,803 [Listener at localhost/37083] INFO  om.OzoneManager (OzoneManager.java:instantiateServices(710)) - S3 Multi-Tenancy is disabled
2022-10-04 13:26:10,805 [Listener at localhost/37083] WARN  impl.MetricRegistriesImpl (MetricRegistriesImpl.java:addReporterRegistration(111)) - New reporters are added after registries were created. Some metrics will be missing from the reporter. Please add reporter before adding any new registry.
2022-10-04 13:26:10,805 [Listener at localhost/37083] WARN  impl.MetricRegistriesImpl (MetricRegistriesImpl.java:addReporterRegistration(111)) - New reporters are added after registries were created. Some metrics will be missing from the reporter. Please add reporter before adding any new registry.
2022-10-04 13:26:10,806 [Listener at localhost/37083] WARN  server.ServerUtils (ServerUtils.java:getDefaultRatisDirectory(237)) - Storage directory for Ratis is not configured. It is a good idea to map this to an SSD disk. Falling back to ozone.metadata.dirs
2022-10-04 13:26:10,807 [Listener at localhost/37083] INFO  ratis.OzoneManagerRatisServer (OzoneManagerRatisServer.java:<init>(160)) - Instantiating OM Ratis server with groupID: om-service-test1 and peers: localhost:33535, localhost:35537, localhost:42223
2022-10-04 13:26:10,807 [Listener at localhost/37083] INFO  ratis.OzoneManagerStateMachine (OzoneManagerStateMachine.java:loadSnapshotInfoFromDB(632)) - LastAppliedIndex is set from TransactionInfo from OM DB as (t:3, i:30)
2022-10-04 13:26:10,813 [Listener at localhost/37083] INFO  server.RaftServer (ConfUtils.java:logGet(46)) - raft.rpc.type = GRPC (default)
2022-10-04 13:26:10,813 [Listener at localhost/37083] INFO  grpc.GrpcFactory (GrpcFactory.java:checkPooledByteBufAllocatorUseCacheForAllThreads(48)) - PERFORMANCE WARNING: useCacheForAllThreads is true that may cause Netty to create a lot garbage objects and, as a result, trigger GC.
	It is recommended to disable useCacheForAllThreads by setting -Dorg.apache.ratis.thirdparty.io.netty.allocator.useCacheForAllThreads=false in command line.
2022-10-04 13:26:10,813 [Listener at localhost/37083] INFO  grpc.GrpcConfigKeys (ConfUtils.java:logGet(46)) - raft.grpc.admin.port = -1 (default)
2022-10-04 13:26:10,813 [Listener at localhost/37083] INFO  grpc.GrpcConfigKeys (ConfUtils.java:logGet(46)) - raft.grpc.server.port = 33535 (custom)
2022-10-04 13:26:10,814 [Listener at localhost/37083] INFO  grpc.GrpcConfigKeys (ConfUtils.java:logGet(46)) - raft.grpc.client.port = -1 (default)
2022-10-04 13:26:10,814 [Listener at localhost/37083] INFO  grpc.GrpcConfigKeys (ConfUtils.java:logGet(46)) - raft.grpc.server.port = 33535 (custom)
2022-10-04 13:26:10,814 [Listener at localhost/37083] INFO  grpc.GrpcConfigKeys (ConfUtils.java:logGet(46)) - raft.grpc.server.port = 33535 (custom)
2022-10-04 13:26:10,814 [Listener at localhost/37083] INFO  server.GrpcService (ConfUtils.java:logGet(46)) - raft.grpc.message.size.max = 33554432 (custom)
2022-10-04 13:26:10,814 [Listener at localhost/37083] INFO  server.RaftServerConfigKeys (ConfUtils.java:logGet(46)) - raft.server.log.appender.buffer.byte-limit = 33554432 (custom)
2022-10-04 13:26:10,815 [Listener at localhost/37083] INFO  server.GrpcService (ConfUtils.java:logGet(46)) - raft.grpc.flow.control.window = 1MB (=1048576) (default)
2022-10-04 13:26:10,815 [Listener at localhost/37083] INFO  server.RaftServerConfigKeys (ConfUtils.java:logGet(46)) - raft.server.rpc.request.timeout = 3000ms (default)
2022-10-04 13:26:10,815 [Listener at localhost/37083] INFO  grpc.GrpcConfigKeys (ConfUtils.java:logGet(46)) - raft.grpc.server.async.request.thread.pool.cached = true (default)
2022-10-04 13:26:10,815 [Listener at localhost/37083] INFO  grpc.GrpcConfigKeys (ConfUtils.java:logGet(46)) - raft.grpc.server.async.request.thread.pool.size = 32 (default)
2022-10-04 13:26:10,817 [Listener at localhost/37083] INFO  impl.DataStreamServerImpl (ConfUtils.java:logGet(46)) - raft.datastream.type = DISABLED (default)
2022-10-04 13:26:10,817 [Listener at localhost/37083] INFO  server.RaftServerConfigKeys (ConfUtils.java:logGet(46)) - raft.server.threadpool.proxy.cached = true (default)
2022-10-04 13:26:10,817 [Listener at localhost/37083] INFO  server.RaftServerConfigKeys (ConfUtils.java:logGet(46)) - raft.server.threadpool.proxy.size = 0 (default)
2022-10-04 13:26:10,817 [Listener at localhost/37083] INFO  server.RaftServerConfigKeys (ConfUtils.java:logGet(46)) - raft.server.rpc.slowness.timeout = 2s (custom)
2022-10-04 13:26:10,817 [Listener at localhost/37083] INFO  server.RaftServerConfigKeys (ConfUtils.java:logGet(46)) - raft.server.leaderelection.leader.step-down.wait-time = 10s (default)
2022-10-04 13:26:10,818 [Listener at localhost/37083] INFO  server.RaftServerConfigKeys (ConfUtils.java:logGet(46)) - raft.server.storage.dir = [/home/runner/work/ozone/ozone/hadoop-ozone/integration-test/target/test-dir/MiniOzoneClusterImpl-6e9557d8-a31c-49e5-bba1-8bc95799a8b8/omNode-2/ratis] (custom)
2022-10-04 13:26:10,819 [omNode-2-impl-thread1] INFO  server.RaftServer (RaftServerProxy.java:initGroupDir(247)) - omNode-2: found a subdirectory /home/runner/work/ozone/ozone/hadoop-ozone/integration-test/target/test-dir/MiniOzoneClusterImpl-6e9557d8-a31c-49e5-bba1-8bc95799a8b8/omNode-2/ratis/c9bc4cf4-3bc3-3c60-a66b-523986131536
2022-10-04 13:26:10,819 [Listener at localhost/37083] INFO  server.RaftServer (RaftServerProxy.java:addNew(96)) - omNode-2: addNew group-523986131536:[omNode-3|rpc:localhost:35537|priority:0, omNode-1|rpc:localhost:42223|priority:0, omNode-2|rpc:localhost:33535|priority:0] returns group-523986131536:java.util.concurrent.CompletableFuture@c143ceb[Not completed]
2022-10-04 13:26:10,819 [Listener at localhost/37083] INFO  om.OzoneManager (OzoneManager.java:initializeRatisServer(1977)) - OzoneManager Ratis server initialized at port 33535
2022-10-04 13:26:10,819 [Listener at localhost/37083] INFO  ratis.OzoneManagerRatisServer (OzoneManagerRatisServer.java:start(555)) - Starting OzoneManagerRatisServer omNode-2 at port 33535
2022-10-04 13:26:10,820 [pool-280-thread-1] INFO  server.RaftServer$Division (RaftServerImpl.java:<init>(190)) - omNode-2: new RaftServerImpl for group-523986131536:[omNode-3|rpc:localhost:35537|priority:0, omNode-1|rpc:localhost:42223|priority:0, omNode-2|rpc:localhost:33535|priority:0] with OzoneManagerStateMachine:uninitialized
2022-10-04 13:26:10,820 [pool-280-thread-1] INFO  server.RaftServerConfigKeys (ConfUtils.java:logGet(46)) - raft.server.rpc.timeout.min = 1s (custom)
2022-10-04 13:26:10,820 [pool-280-thread-1] INFO  server.RaftServerConfigKeys (ConfUtils.java:logGet(46)) - raft.server.rpc.timeout.max = 1200ms (custom)
2022-10-04 13:26:10,820 [pool-280-thread-1] INFO  server.RaftServerConfigKeys (ConfUtils.java:logGet(46)) - raft.server.rpc.sleep.time = 25ms (default)
2022-10-04 13:26:10,820 [pool-280-thread-1] INFO  server.RaftServerConfigKeys (ConfUtils.java:logGet(46)) - raft.server.rpc.slowness.timeout = 2s (custom)
2022-10-04 13:26:10,820 [pool-280-thread-1] INFO  server.RaftServerConfigKeys (ConfUtils.java:logGet(46)) - raft.server.leaderelection.leader.step-down.wait-time = 10s (default)
2022-10-04 13:26:10,820 [pool-280-thread-1] INFO  server.RaftServerConfigKeys (ConfUtils.java:logGet(46)) - raft.server.sleep.deviation.threshold = 300ms (default)
2022-10-04 13:26:10,820 [pool-280-thread-1] INFO  server.RaftServer$Division (ServerState.java:<init>(107)) - omNode-2@group-523986131536: ConfigurationManager, init=-1: [omNode-3|rpc:localhost:35537|priority:0, omNode-1|rpc:localhost:42223|priority:0, omNode-2|rpc:localhost:33535|priority:0], old=null, confs=<EMPTY_MAP>
2022-10-04 13:26:10,820 [pool-280-thread-1] INFO  server.RaftServerConfigKeys (ConfUtils.java:logGet(46)) - raft.server.storage.dir = [/home/runner/work/ozone/ozone/hadoop-ozone/integration-test/target/test-dir/MiniOzoneClusterImpl-6e9557d8-a31c-49e5-bba1-8bc95799a8b8/omNode-2/ratis] (custom)
2022-10-04 13:26:10,821 [pool-280-thread-1] INFO  server.RaftServerConfigKeys (ConfUtils.java:logGet(46)) - raft.server.log.corruption.policy = EXCEPTION (default)
2022-10-04 13:26:10,821 [pool-280-thread-1] INFO  server.RaftServerConfigKeys (ConfUtils.java:logGet(46)) - raft.server.storage.free-space.min = 0MB (=0) (default)
2022-10-04 13:26:10,824 [pool-280-thread-1] INFO  storage.RaftStorageDirectory (RaftStorageDirectoryImpl.java:tryLock(230)) - Lock on /home/runner/work/ozone/ozone/hadoop-ozone/integration-test/target/test-dir/MiniOzoneClusterImpl-6e9557d8-a31c-49e5-bba1-8bc95799a8b8/omNode-2/ratis/c9bc4cf4-3bc3-3c60-a66b-523986131536/in_use.lock acquired by nodename 42070@fv-az573-645
2022-10-04 13:26:10,825 [pool-280-thread-1] INFO  storage.RaftStorage (RaftStorageImpl.java:analyzeAndRecoverStorage(110)) - Read RaftStorageMetadata{term=3, votedFor=omNode-2} from /home/runner/work/ozone/ozone/hadoop-ozone/integration-test/target/test-dir/MiniOzoneClusterImpl-6e9557d8-a31c-49e5-bba1-8bc95799a8b8/omNode-2/ratis/c9bc4cf4-3bc3-3c60-a66b-523986131536/current/raft-meta
2022-10-04 13:26:10,826 [pool-280-thread-1] INFO  server.RaftServer$Division (ServerState.java:setRaftConf(393)) - omNode-2@group-523986131536: set configuration 21: [omNode-3|rpc:localhost:35537|admin:|client:|dataStream:|priority:0, omNode-1|rpc:localhost:42223|admin:|client:|dataStream:|priority:0, omNode-2|rpc:localhost:33535|admin:|client:|dataStream:|priority:0], old=null
2022-10-04 13:26:10,826 [pool-280-thread-1] INFO  server.RaftServerConfigKeys (ConfUtils.java:logGet(46)) - raft.server.notification.no-leader.timeout = 2s (custom)
2022-10-04 13:26:10,826 [pool-280-thread-1] INFO  server.RaftServerConfigKeys (ConfUtils.java:logGet(46)) - raft.server.log.use.memory = false (default)
2022-10-04 13:26:10,826 [pool-280-thread-1] INFO  server.RaftServerConfigKeys (ConfUtils.java:logGet(46)) - raft.server.log.purge.gap = 50 (custom)
2022-10-04 13:26:10,826 [pool-280-thread-1] INFO  server.RaftServerConfigKeys (ConfUtils.java:logGet(46)) - raft.server.log.appender.buffer.byte-limit = 33554432 (custom)
2022-10-04 13:26:10,826 [pool-280-thread-1] INFO  server.RaftServerConfigKeys (ConfUtils.java:logGet(46)) - raft.server.log.statemachine.data.read.timeout = 1000ms (default)
2022-10-04 13:26:10,826 [pool-280-thread-1] INFO  server.RaftServerConfigKeys (ConfUtils.java:logGet(46)) - raft.server.log.segment.size.max = 4194304 (custom)
2022-10-04 13:26:10,827 [pool-280-thread-1] INFO  server.RaftServerConfigKeys (ConfUtils.java:logGet(46)) - raft.server.log.segment.cache.num.max = 2 (custom)
2022-10-04 13:26:10,827 [pool-280-thread-1] INFO  server.RaftServerConfigKeys (ConfUtils.java:logGet(46)) - raft.server.log.segment.cache.size.max = 200MB (=209715200) (default)
2022-10-04 13:26:10,827 [pool-280-thread-1] INFO  segmented.SegmentedRaftLogWorker (SegmentedRaftLogWorker.java:<init>(187)) - new omNode-2@group-523986131536-SegmentedRaftLogWorker for RaftStorageImpl:Storage Directory /home/runner/work/ozone/ozone/hadoop-ozone/integration-test/target/test-dir/MiniOzoneClusterImpl-6e9557d8-a31c-49e5-bba1-8bc95799a8b8/omNode-2/ratis/c9bc4cf4-3bc3-3c60-a66b-523986131536
2022-10-04 13:26:10,827 [pool-280-thread-1] INFO  server.RaftServerConfigKeys (ConfUtils.java:logGet(46)) - raft.server.log.queue.byte-limit = 64MB (=67108864) (default)
2022-10-04 13:26:10,827 [pool-280-thread-1] INFO  server.RaftServerConfigKeys (ConfUtils.java:logGet(46)) - raft.server.log.queue.element-limit = 4096 (default)
2022-10-04 13:26:10,828 [pool-280-thread-1] INFO  server.RaftServerConfigKeys (ConfUtils.java:logGet(46)) - raft.server.log.segment.size.max = 4194304 (custom)
2022-10-04 13:26:10,828 [pool-280-thread-1] INFO  server.RaftServerConfigKeys (ConfUtils.java:logGet(46)) - raft.server.log.preallocated.size = 4194304 (custom)
2022-10-04 13:26:10,828 [pool-280-thread-1] INFO  server.RaftServerConfigKeys (ConfUtils.java:logGet(46)) - raft.server.log.force.sync.num = 128 (default)
2022-10-04 13:26:10,828 [pool-280-thread-1] INFO  server.RaftServerConfigKeys (ConfUtils.java:logGet(46)) - raft.server.log.statemachine.data.sync = true (default)
2022-10-04 13:26:10,828 [pool-280-thread-1] INFO  server.RaftServerConfigKeys (ConfUtils.java:logGet(46)) - raft.server.log.statemachine.data.sync.timeout = 10s (default)
2022-10-04 13:26:10,828 [pool-280-thread-1] INFO  server.RaftServerConfigKeys (ConfUtils.java:logGet(46)) - raft.server.log.statemachine.data.sync.timeout.retry = -1 (default)
2022-10-04 13:26:10,829 [pool-280-thread-1] INFO  server.RaftServerConfigKeys (ConfUtils.java:logGet(46)) - raft.server.log.write.buffer.size = 64KB (=65536) (default)
2022-10-04 13:26:10,829 [pool-280-thread-1] INFO  server.RaftServerConfigKeys (ConfUtils.java:logGet(46)) - raft.server.log.unsafe-flush.enabled = false (default)
2022-10-04 13:26:10,829 [pool-280-thread-1] INFO  server.RaftServerConfigKeys (ConfUtils.java:logGet(46)) - raft.server.log.statemachine.data.caching.enabled = false (default)
2022-10-04 13:26:10,831 [pool-280-thread-1] INFO  server.RaftServer$Division (ServerState.java:setRaftConf(393)) - omNode-2@group-523986131536: set configuration 0: [omNode-3|rpc:localhost:35537|admin:|client:|dataStream:|priority:0, omNode-1|rpc:localhost:42223|admin:|client:|dataStream:|priority:0, omNode-2|rpc:localhost:33535|admin:|client:|dataStream:|priority:0], old=null
2022-10-04 13:26:10,831 [pool-280-thread-1] INFO  segmented.LogSegment (LogSegment.java:loadSegment(173)) - Successfully read 21 entries from segment file /home/runner/work/ozone/ozone/hadoop-ozone/integration-test/target/test-dir/MiniOzoneClusterImpl-6e9557d8-a31c-49e5-bba1-8bc95799a8b8/omNode-2/ratis/c9bc4cf4-3bc3-3c60-a66b-523986131536/current/log_0-20
2022-10-04 13:26:10,832 [pool-280-thread-1] INFO  server.RaftServer$Division (ServerState.java:setRaftConf(393)) - omNode-2@group-523986131536: set configuration 21: [omNode-3|rpc:localhost:35537|admin:|client:|dataStream:|priority:0, omNode-1|rpc:localhost:42223|admin:|client:|dataStream:|priority:0, omNode-2|rpc:localhost:33535|admin:|client:|dataStream:|priority:0], old=null
2022-10-04 13:26:10,832 [pool-280-thread-1] INFO  segmented.LogSegment (LogSegment.java:loadSegment(173)) - Successfully read 10 entries from segment file /home/runner/work/ozone/ozone/hadoop-ozone/integration-test/target/test-dir/MiniOzoneClusterImpl-6e9557d8-a31c-49e5-bba1-8bc95799a8b8/omNode-2/ratis/c9bc4cf4-3bc3-3c60-a66b-523986131536/current/log_inprogress_21
2022-10-04 13:26:10,832 [pool-280-thread-1] INFO  segmented.SegmentedRaftLogWorker (SegmentedRaftLogWorker.java:lambda$new$0(135)) - omNode-2@group-523986131536-SegmentedRaftLogWorker: flushIndex: setUnconditionally 0 -> 30
2022-10-04 13:26:10,832 [pool-280-thread-1] INFO  segmented.SegmentedRaftLogWorker (SegmentedRaftLogWorker.java:lambda$new$0(135)) - omNode-2@group-523986131536-SegmentedRaftLogWorker: safeCacheEvictIndex: setUnconditionally 0 -> 20
2022-10-04 13:26:10,834 [pool-280-thread-1] INFO  raftlog.RaftLog (RaftLogBase.java:lambda$new$0(53)) - omNode-2@group-523986131536-SegmentedRaftLog: commitIndex: updateToMax old=30, new=29, updated? false
2022-10-04 13:26:10,834 [pool-280-thread-1] INFO  server.RaftServerConfigKeys (ConfUtils.java:logGet(46)) - raft.server.snapshot.auto.trigger.enabled = true (custom)
2022-10-04 13:26:10,834 [pool-280-thread-1] INFO  server.RaftServerConfigKeys (ConfUtils.java:logGet(46)) - raft.server.snapshot.auto.trigger.threshold = 50 (custom)
2022-10-04 13:26:10,834 [pool-280-thread-1] INFO  server.RaftServerConfigKeys (ConfUtils.java:logGet(46)) - raft.server.snapshot.retention.file.num = -1 (default)
2022-10-04 13:26:10,834 [pool-280-thread-1] INFO  server.RaftServerConfigKeys (ConfUtils.java:logGet(46)) - raft.server.log.purge.upto.snapshot.index = true (custom)
2022-10-04 13:26:10,834 [pool-280-thread-1] INFO  server.RaftServerConfigKeys (ConfUtils.java:logGet(46)) - raft.server.retrycache.expirytime = 30000ms (custom)
2022-10-04 13:26:10,835 [pool-280-thread-1] INFO  server.RaftServerConfigKeys (ConfUtils.java:logGet(46)) - raft.server.retrycache.statistics.expirytime = 100μs (default)
2022-10-04 13:26:10,836 [pool-280-thread-1] INFO  server.RaftServerConfigKeys (ConfUtils.java:logGet(46)) - raft.server.log.appender.install.snapshot.enabled = false (custom)
2022-10-04 13:26:10,836 [pool-280-thread-1] INFO  server.RaftServerConfigKeys (ConfUtils.java:logGet(46)) - raft.server.threadpool.server.cached = true (default)
2022-10-04 13:26:10,836 [pool-280-thread-1] INFO  server.RaftServerConfigKeys (ConfUtils.java:logGet(46)) - raft.server.threadpool.server.size = 0 (default)
2022-10-04 13:26:10,836 [pool-280-thread-1] INFO  server.RaftServerConfigKeys (ConfUtils.java:logGet(46)) - raft.server.threadpool.client.cached = true (default)
2022-10-04 13:26:10,837 [pool-280-thread-1] INFO  server.RaftServerConfigKeys (ConfUtils.java:logGet(46)) - raft.server.threadpool.client.size = 0 (default)
2022-10-04 13:26:10,838 [omNode-2-impl-thread1] INFO  server.RaftServer$Division (RaftServerImpl.java:start(310)) - omNode-2@group-523986131536: start as a follower, conf=21: [omNode-3|rpc:localhost:35537|admin:|client:|dataStream:|priority:0, omNode-1|rpc:localhost:42223|admin:|client:|dataStream:|priority:0, omNode-2|rpc:localhost:33535|admin:|client:|dataStream:|priority:0], old=null
2022-10-04 13:26:10,838 [omNode-2-impl-thread1] INFO  server.RaftServer$Division (RaftServerImpl.java:setRole(299)) - omNode-2@group-523986131536: changes role from      null to FOLLOWER at term 3 for startAsFollower
2022-10-04 13:26:10,838 [omNode-2-impl-thread1] INFO  impl.RoleInfo (RoleInfo.java:updateAndGet(139)) - omNode-2: start omNode-2@group-523986131536-FollowerState
2022-10-04 13:26:10,838 [omNode-2-impl-thread1] INFO  util.JmxRegister (JmxRegister.java:tryRegister(44)) - Successfully registered JMX Bean with object name Ratis:service=RaftServer,group=group-523986131536,id=omNode-2
2022-10-04 13:26:10,840 [Listener at localhost/37083] INFO  server.RaftServer (RaftServerProxy.java:lambda$start$6(382)) - omNode-2: start RPC server
2022-10-04 13:26:10,846 [Listener at localhost/37083] INFO  server.GrpcService (GrpcService.java:startImpl(260)) - omNode-2: GrpcService started, listening on 33535
2022-10-04 13:26:10,846 [Listener at localhost/37083] INFO  om.OzoneManager (OzoneManager.java:getRpcServer(1100)) - Creating RPC Server
2022-10-04 13:26:10,848 [org.apache.ratis.util.JvmPauseMonitor$$Lambda$699/75026084@188e789a] INFO  util.JvmPauseMonitor (JvmPauseMonitor.java:run(103)) - JvmPauseMonitor-omNode-2: Started
2022-10-04 13:26:11,231 [Listener at localhost/37083] INFO  reflections.Reflections (Reflections.java:scan(232)) - Reflections took 383 ms to scan 19 urls, producing 67 keys and 4220 values [using 2 cores]
2022-10-04 13:26:11,233 [Listener at localhost/37083] INFO  ipc.CallQueueManager (CallQueueManager.java:<init>(90)) - Using callQueue: class java.util.concurrent.LinkedBlockingQueue, queueCapacity: 2000, scheduler: class org.apache.hadoop.ipc.DefaultRpcScheduler, ipcBackoff: false.
2022-10-04 13:26:11,234 [Socket Reader #1 for port 45931] INFO  ipc.Server (Server.java:run(1265)) - Starting Socket Reader #1 for port 45931
2022-10-04 13:26:11,238 [Listener at localhost/45931] INFO  http.BaseHttpServer (BaseHttpServer.java:newHttpServer2BuilderForOzone(213)) - Starting Web-server for ozoneManager at: http://0.0.0.0:44809
2022-10-04 13:26:11,239 [Listener at localhost/45931] INFO  http.BaseHttpServer (BaseHttpServer.java:<init>(108)) - Hadoop Security Enabled: false Ozone Security Enabled: false Ozone HTTP Security Enabled: false 
2022-10-04 13:26:11,241 [Listener at localhost/45931] INFO  server.AuthenticationFilter (AuthenticationFilter.java:constructSecretProvider(240)) - Unable to initialize FileSignerSecretProvider, falling back to use random secrets.
2022-10-04 13:26:11,241 [Listener at localhost/45931] WARN  http.HttpRequestLog (HttpRequestLog.java:getRequestLog(103)) - Jetty request log can only be enabled using Log4j
2022-10-04 13:26:11,243 [Listener at localhost/45931] INFO  http.HttpServer2 (HttpServer2.java:addGlobalFilter(1029)) - Added global filter 'safety' (class=org.apache.hadoop.hdds.server.http.HttpServer2$QuotingInputFilter)
2022-10-04 13:26:11,244 [Listener at localhost/45931] INFO  http.HttpServer2 (HttpServer2.java:addFilter(1005)) - Added filter static_user_filter (class=org.apache.hadoop.http.lib.StaticUserWebFilter$StaticUserFilter) to context ozoneManager
2022-10-04 13:26:11,244 [Listener at localhost/45931] INFO  http.HttpServer2 (HttpServer2.java:addFilter(1013)) - Added filter static_user_filter (class=org.apache.hadoop.http.lib.StaticUserWebFilter$StaticUserFilter) to context logs
2022-10-04 13:26:11,245 [Listener at localhost/45931] INFO  http.HttpServer2 (HttpServer2.java:addFilter(1013)) - Added filter static_user_filter (class=org.apache.hadoop.http.lib.StaticUserWebFilter$StaticUserFilter) to context static
2022-10-04 13:26:11,245 [Listener at localhost/45931] INFO  http.HttpServer2 (HttpServer2.java:bindListener(1248)) - Jetty bound to port 44809
2022-10-04 13:26:11,245 [Listener at localhost/45931] INFO  server.Server (Server.java:doStart(375)) - jetty-9.4.43.v20210629; built: 2021-06-30T11:07:22.254Z; git: 526006ecfa3af7f1a27ef3a288e2bef7ea9dd7e8; jvm 1.8.0_345-b01
2022-10-04 13:26:11,247 [Listener at localhost/45931] INFO  server.session (DefaultSessionIdManager.java:doStart(334)) - DefaultSessionIdManager workerName=node0
2022-10-04 13:26:11,248 [Listener at localhost/45931] INFO  server.session (DefaultSessionIdManager.java:doStart(339)) - No SessionScavenger set, using defaults
2022-10-04 13:26:11,248 [Listener at localhost/45931] INFO  server.session (HouseKeeper.java:startScavenging(132)) - node0 Scavenging every 660000ms
2022-10-04 13:26:11,249 [Listener at localhost/45931] INFO  handler.ContextHandler (ContextHandler.java:doStart(915)) - Started o.e.j.s.ServletContextHandler@7d00bc8{logs,/logs,file:///home/runner/work/ozone/ozone/hadoop-ozone/integration-test/target/log,AVAILABLE}
2022-10-04 13:26:11,250 [Listener at localhost/45931] INFO  handler.ContextHandler (ContextHandler.java:doStart(915)) - Started o.e.j.s.ServletContextHandler@23a5078f{static,/static,file:///home/runner/work/ozone/ozone/hadoop-ozone/integration-test/target/test-classes/webapps/static,AVAILABLE}
2022-10-04 13:26:11,255 [Listener at localhost/45931] INFO  handler.ContextHandler (ContextHandler.java:doStart(915)) - Started o.e.j.w.WebAppContext@3bec3feb{ozoneManager,/,file:///home/runner/work/ozone/ozone/hadoop-ozone/integration-test/target/test-classes/webapps/ozoneManager/,AVAILABLE}{file:/home/runner/work/ozone/ozone/hadoop-ozone/integration-test/target/test-classes/webapps/ozoneManager}
2022-10-04 13:26:11,262 [Listener at localhost/45931] INFO  server.AbstractConnector (AbstractConnector.java:doStart(331)) - Started ServerConnector@471ccea6{HTTP/1.1, (http/1.1)}{0.0.0.0:44809}
2022-10-04 13:26:11,262 [Listener at localhost/45931] INFO  server.Server (Server.java:doStart(415)) - Started @44003ms
2022-10-04 13:26:11,262 [Listener at localhost/45931] WARN  impl.MetricsSystemImpl (MetricsSystemImpl.java:register(279)) - Sink prometheus already exists!
2022-10-04 13:26:11,263 [Listener at localhost/45931] INFO  http.BaseHttpServer (BaseHttpServer.java:updateConnectorAddress(333)) - HTTP server of ozoneManager listening at http://0.0.0.0:44809
2022-10-04 13:26:11,263 [IPC Server Responder] INFO  ipc.Server (Server.java:run(1507)) - IPC Server Responder: starting
2022-10-04 13:26:11,264 [IPC Server listener on 45931] INFO  ipc.Server (Server.java:run(1344)) - IPC Server listener on 45931: starting
2022-10-04 13:26:11,280 [Listener at localhost/45931] INFO  om.OzoneManager (OzoneManager.java:startTrashEmptier(1921)) - Trash Interval set to 0. Files deleted won't move to trash
2022-10-04 13:26:11,288 [org.apache.hadoop.util.JvmPauseMonitor$Monitor@1945176d] INFO  util.JvmPauseMonitor (JvmPauseMonitor.java:run(188)) - Starting JVM pause monitor
]]></system-out>
  </testcase>
  <testcase name="testListParts" classname="org.apache.hadoop.ozone.om.TestOzoneManagerHAWithData" time="14.903">
    <system-out><![CDATA[2022-10-04 13:26:11,307 [Listener at localhost/45931] INFO  rpc.RpcClient (RpcClient.java:createVolume(471)) - Creating Volume: volume34789, with user33378 as owner and space quota set to -1 bytes, counts quota set to -1
2022-10-04 13:26:11,309 [Listener at localhost/45931] INFO  retry.RetryInvocationHandler (RetryInvocationHandler.java:log(411)) - com.google.protobuf.ServiceException: java.io.EOFException: End of File Exception between local host is: "fv-az573-645/10.1.1.108"; destination host is: "localhost":45931; : java.io.EOFException; For more details see:  http://wiki.apache.org/hadoop/EOFException, while invoking $Proxy55.submitRequest over nodeId=omNode-2,nodeAddress=127.0.0.1:45931. Trying to failover immediately.
2022-10-04 13:26:11,319 [Listener at localhost/45931] INFO  retry.RetryInvocationHandler (RetryInvocationHandler.java:log(411)) - com.google.protobuf.ServiceException: org.apache.hadoop.ipc.RemoteException(org.apache.hadoop.ozone.om.exceptions.OMNotLeaderException): OM:omNode-3 is not the leader. Could not determine the leader node.
	at org.apache.hadoop.ozone.om.OzoneManager.checkLeaderStatus(OzoneManager.java:4054)
	at org.apache.hadoop.ozone.om.ratis.utils.OzoneManagerRatisUtils.checkLeaderStatus(OzoneManagerRatisUtils.java:446)
	at org.apache.hadoop.ozone.protocolPB.OzoneManagerProtocolServerSideTranslatorPB.processRequest(OzoneManagerProtocolServerSideTranslatorPB.java:181)
	at org.apache.hadoop.hdds.server.OzoneProtocolMessageDispatcher.processRequest(OzoneProtocolMessageDispatcher.java:87)
	at org.apache.hadoop.ozone.protocolPB.OzoneManagerProtocolServerSideTranslatorPB.submitRequest(OzoneManagerProtocolServerSideTranslatorPB.java:147)
	at org.apache.hadoop.ozone.protocol.proto.OzoneManagerProtocolProtos$OzoneManagerService$2.callBlockingMethod(OzoneManagerProtocolProtos.java)
	at org.apache.hadoop.ipc.ProtobufRpcEngine$Server.processCall(ProtobufRpcEngine.java:466)
	at org.apache.hadoop.ipc.ProtobufRpcEngine2$Server$ProtoBufRpcInvoker.call(ProtobufRpcEngine2.java:574)
	at org.apache.hadoop.ipc.ProtobufRpcEngine2$Server$ProtoBufRpcInvoker.call(ProtobufRpcEngine2.java:552)
	at org.apache.hadoop.ipc.RPC$Server.call(RPC.java:1093)
	at org.apache.hadoop.ipc.Server$RpcCall.run(Server.java:1035)
	at org.apache.hadoop.ipc.Server$RpcCall.run(Server.java:963)
	at java.security.AccessController.doPrivileged(Native Method)
	at javax.security.auth.Subject.doAs(Subject.java:422)
	at org.apache.hadoop.security.UserGroupInformation.doAs(UserGroupInformation.java:1878)
	at org.apache.hadoop.ipc.Server$Handler.run(Server.java:2966)
, while invoking $Proxy55.submitRequest over nodeId=omNode-3,nodeAddress=127.0.0.1:43101 after 1 failover attempts. Trying to failover after sleeping for 2000ms.
2022-10-04 13:26:11,996 [omNode-2@group-523986131536-FollowerState] INFO  impl.FollowerState (FollowerState.java:run(143)) - omNode-2@group-523986131536-FollowerState: change to CANDIDATE, lastRpcElapsedTime:1158092939ns, electionTimeout:1157ms
2022-10-04 13:26:11,997 [omNode-2@group-523986131536-FollowerState] INFO  impl.RoleInfo (RoleInfo.java:shutdownFollowerState(110)) - omNode-2: shutdown omNode-2@group-523986131536-FollowerState
2022-10-04 13:26:11,997 [omNode-2@group-523986131536-FollowerState] INFO  server.RaftServer$Division (RaftServerImpl.java:setRole(299)) - omNode-2@group-523986131536: changes role from  FOLLOWER to CANDIDATE at term 3 for changeToCandidate
2022-10-04 13:26:11,997 [omNode-2@group-523986131536-FollowerState] INFO  server.RaftServerConfigKeys (ConfUtils.java:logGet(46)) - raft.server.leaderelection.pre-vote = false (custom)
2022-10-04 13:26:11,997 [omNode-2@group-523986131536-FollowerState] INFO  impl.RoleInfo (RoleInfo.java:updateAndGet(139)) - omNode-2: start omNode-2@group-523986131536-LeaderElection15
2022-10-04 13:26:12,001 [omNode-2@group-523986131536-LeaderElection15] INFO  impl.LeaderElection (LeaderElection.java:askForVotes(310)) - omNode-2@group-523986131536-LeaderElection15 ELECTION round 0: submit vote requests at term 4 for 21: [omNode-3|rpc:localhost:35537|admin:|client:|dataStream:|priority:0, omNode-1|rpc:localhost:42223|admin:|client:|dataStream:|priority:0, omNode-2|rpc:localhost:33535|admin:|client:|dataStream:|priority:0], old=null
2022-10-04 13:26:12,012 [grpc-default-executor-3] INFO  server.RaftServer$Division (RaftServerImpl.java:requestVote(1152)) - omNode-3@group-523986131536: receive requestVote(ELECTION, omNode-2, group-523986131536, 4, (t:3, i:30))
2022-10-04 13:26:12,012 [grpc-default-executor-3] INFO  impl.VoteContext (VoteContext.java:log(48)) - omNode-3@group-523986131536-FOLLOWER: accept ELECTION from omNode-2: our priority 0 <= candidate's priority 0
2022-10-04 13:26:12,012 [grpc-default-executor-3] INFO  server.RaftServer$Division (ServerState.java:setLeader(287)) - omNode-3@group-523986131536: change Leader from omNode-2 to null at term 4 for updateCurrentTerm
2022-10-04 13:26:12,012 [grpc-default-executor-3] INFO  server.RaftServer$Division (RaftServerImpl.java:setRole(299)) - omNode-3@group-523986131536: changes role from  FOLLOWER to FOLLOWER at term 4 for candidate:omNode-2
2022-10-04 13:26:12,012 [grpc-default-executor-3] INFO  impl.RoleInfo (RoleInfo.java:shutdownFollowerState(110)) - omNode-3: shutdown omNode-3@group-523986131536-FollowerState
2022-10-04 13:26:12,013 [grpc-default-executor-3] INFO  impl.RoleInfo (RoleInfo.java:updateAndGet(139)) - omNode-3: start omNode-3@group-523986131536-FollowerState
2022-10-04 13:26:12,013 [omNode-3@group-523986131536-FollowerState] INFO  impl.FollowerState (FollowerState.java:run(152)) - omNode-3@group-523986131536-FollowerState was interrupted
2022-10-04 13:26:12,016 [grpc-default-executor-0] INFO  server.RaftServer$Division (RaftServerImpl.java:requestVote(1152)) - omNode-1@group-523986131536: receive requestVote(ELECTION, omNode-2, group-523986131536, 4, (t:3, i:30))
2022-10-04 13:26:12,016 [grpc-default-executor-0] INFO  impl.VoteContext (VoteContext.java:log(48)) - omNode-1@group-523986131536-FOLLOWER: accept ELECTION from omNode-2: our priority 0 <= candidate's priority 0
2022-10-04 13:26:12,016 [grpc-default-executor-0] INFO  server.RaftServer$Division (ServerState.java:setLeader(287)) - omNode-1@group-523986131536: change Leader from omNode-2 to null at term 4 for updateCurrentTerm
2022-10-04 13:26:12,016 [grpc-default-executor-0] INFO  server.RaftServer$Division (RaftServerImpl.java:setRole(299)) - omNode-1@group-523986131536: changes role from  FOLLOWER to FOLLOWER at term 4 for candidate:omNode-2
2022-10-04 13:26:12,016 [grpc-default-executor-0] INFO  impl.RoleInfo (RoleInfo.java:shutdownFollowerState(110)) - omNode-1: shutdown omNode-1@group-523986131536-FollowerState
2022-10-04 13:26:12,016 [grpc-default-executor-0] INFO  impl.RoleInfo (RoleInfo.java:updateAndGet(139)) - omNode-1: start omNode-1@group-523986131536-FollowerState
2022-10-04 13:26:12,016 [omNode-1@group-523986131536-FollowerState] INFO  impl.FollowerState (FollowerState.java:run(152)) - omNode-1@group-523986131536-FollowerState was interrupted
2022-10-04 13:26:12,022 [grpc-default-executor-3] INFO  server.RaftServer$Division (RaftServerImpl.java:requestVote(1184)) - omNode-3@group-523986131536 replies to ELECTION vote request: omNode-2<-omNode-3#0:OK-t4. Peer's state: omNode-3@group-523986131536:t4, leader=null, voted=omNode-2, raftlog=omNode-3@group-523986131536-SegmentedRaftLog:OPENED:c30, conf=21: [omNode-3|rpc:localhost:35537|admin:|client:|dataStream:|priority:0, omNode-1|rpc:localhost:42223|admin:|client:|dataStream:|priority:0, omNode-2|rpc:localhost:33535|admin:|client:|dataStream:|priority:0], old=null
2022-10-04 13:26:12,023 [omNode-2@group-523986131536-LeaderElection15] INFO  impl.LeaderElection (LeaderElection.java:logAndReturn(90)) - omNode-2@group-523986131536-LeaderElection15: ELECTION PASSED received 1 response(s) and 0 exception(s):
2022-10-04 13:26:12,023 [omNode-2@group-523986131536-LeaderElection15] INFO  impl.LeaderElection (LeaderElection.java:logAndReturn(94)) -   Response 0: omNode-2<-omNode-3#0:OK-t4
2022-10-04 13:26:12,023 [omNode-2@group-523986131536-LeaderElection15] INFO  impl.LeaderElection (LeaderElection.java:askForVotes(312)) - omNode-2@group-523986131536-LeaderElection15 ELECTION round 0: result PASSED
2022-10-04 13:26:12,023 [omNode-2@group-523986131536-LeaderElection15] INFO  impl.RoleInfo (RoleInfo.java:shutdownLeaderElection(130)) - omNode-2: shutdown omNode-2@group-523986131536-LeaderElection15
2022-10-04 13:26:12,023 [omNode-2@group-523986131536-LeaderElection15] INFO  server.RaftServer$Division (RaftServerImpl.java:setRole(299)) - omNode-2@group-523986131536: changes role from CANDIDATE to LEADER at term 4 for changeToLeader
2022-10-04 13:26:12,024 [omNode-2@group-523986131536-LeaderElection15] INFO  server.RaftServer$Division (ServerState.java:setLeader(287)) - omNode-2@group-523986131536: change Leader from null to omNode-2 at term 4 for becomeLeader, leader elected after 1197ms
2022-10-04 13:26:12,024 [omNode-2@group-523986131536-LeaderElection15] INFO  server.RaftServerConfigKeys (ConfUtils.java:logGet(46)) - raft.server.staging.catchup.gap = 1000 (default)
2022-10-04 13:26:12,024 [grpc-default-executor-0] INFO  server.RaftServer$Division (RaftServerImpl.java:requestVote(1184)) - omNode-1@group-523986131536 replies to ELECTION vote request: omNode-2<-omNode-1#0:OK-t4. Peer's state: omNode-1@group-523986131536:t4, leader=null, voted=omNode-2, raftlog=omNode-1@group-523986131536-SegmentedRaftLog:OPENED:c30, conf=21: [omNode-3|rpc:localhost:35537|admin:|client:|dataStream:|priority:0, omNode-1|rpc:localhost:42223|admin:|client:|dataStream:|priority:0, omNode-2|rpc:localhost:33535|admin:|client:|dataStream:|priority:0], old=null
2022-10-04 13:26:12,024 [omNode-2@group-523986131536-LeaderElection15] INFO  server.RaftServerConfigKeys (ConfUtils.java:logGet(46)) - raft.server.write.element-limit = 4096 (default)
2022-10-04 13:26:12,025 [omNode-2@group-523986131536-LeaderElection15] INFO  server.RaftServerConfigKeys (ConfUtils.java:logGet(46)) - raft.server.write.byte-limit = 64MB (=67108864) (default)
2022-10-04 13:26:12,026 [omNode-2@group-523986131536-LeaderElection15] INFO  server.RaftServerConfigKeys (ConfUtils.java:logGet(46)) - raft.server.watch.timeout = 10s (default)
2022-10-04 13:26:12,026 [omNode-2@group-523986131536-LeaderElection15] INFO  server.RaftServerConfigKeys (ConfUtils.java:logGet(46)) - raft.server.watch.timeout.denomination = 1s (default)
2022-10-04 13:26:12,026 [omNode-2@group-523986131536-LeaderElection15] INFO  server.RaftServerConfigKeys (ConfUtils.java:logGet(46)) - raft.server.watch.element-limit = 65536 (default)
2022-10-04 13:26:12,026 [omNode-2@group-523986131536-LeaderElection15] INFO  server.RaftServerConfigKeys (ConfUtils.java:logGet(46)) - raft.server.write.element-limit = 4096 (default)
2022-10-04 13:26:12,027 [omNode-2@group-523986131536-LeaderElection15] INFO  server.RaftServerConfigKeys (ConfUtils.java:logGet(46)) - raft.server.write.follower.gap.ratio.max = -1.0 (default)
2022-10-04 13:26:12,027 [omNode-2@group-523986131536-LeaderElection15] INFO  server.RaftServerConfigKeys (ConfUtils.java:logGet(46)) - raft.server.log.appender.snapshot.chunk.size.max = 16MB (=16777216) (default)
2022-10-04 13:26:12,028 [omNode-2@group-523986131536-LeaderElection15] INFO  server.RaftServerConfigKeys (ConfUtils.java:logGet(46)) - raft.server.log.appender.buffer.byte-limit = 33554432 (custom)
2022-10-04 13:26:12,028 [omNode-2@group-523986131536-LeaderElection15] INFO  server.RaftServerConfigKeys (ConfUtils.java:logGet(46)) - raft.server.log.appender.buffer.element-limit = 1024 (custom)
2022-10-04 13:26:12,028 [omNode-2@group-523986131536-LeaderElection15] INFO  grpc.GrpcConfigKeys (ConfUtils.java:logGet(46)) - raft.grpc.server.leader.outstanding.appends.max = 128 (default)
2022-10-04 13:26:12,028 [omNode-2@group-523986131536-LeaderElection15] INFO  server.RaftServerConfigKeys (ConfUtils.java:logGet(46)) - raft.server.rpc.request.timeout = 3000ms (default)
2022-10-04 13:26:12,028 [omNode-2@group-523986131536-LeaderElection15] INFO  server.RaftServerConfigKeys (ConfUtils.java:logGet(46)) - raft.server.log.appender.install.snapshot.enabled = false (custom)
2022-10-04 13:26:12,029 [omNode-2@group-523986131536-LeaderElection15] INFO  server.RaftServerConfigKeys (ConfUtils.java:logGet(46)) - raft.server.log.appender.snapshot.chunk.size.max = 16MB (=16777216) (default)
2022-10-04 13:26:12,029 [omNode-2@group-523986131536-LeaderElection15] INFO  server.RaftServerConfigKeys (ConfUtils.java:logGet(46)) - raft.server.log.appender.buffer.byte-limit = 33554432 (custom)
2022-10-04 13:26:12,029 [omNode-2@group-523986131536-LeaderElection15] INFO  server.RaftServerConfigKeys (ConfUtils.java:logGet(46)) - raft.server.log.appender.buffer.element-limit = 1024 (custom)
2022-10-04 13:26:12,029 [omNode-2@group-523986131536-LeaderElection15] INFO  grpc.GrpcConfigKeys (ConfUtils.java:logGet(46)) - raft.grpc.server.leader.outstanding.appends.max = 128 (default)
2022-10-04 13:26:12,029 [omNode-2@group-523986131536-LeaderElection15] INFO  server.RaftServerConfigKeys (ConfUtils.java:logGet(46)) - raft.server.rpc.request.timeout = 3000ms (default)
2022-10-04 13:26:12,029 [omNode-2@group-523986131536-LeaderElection15] INFO  server.RaftServerConfigKeys (ConfUtils.java:logGet(46)) - raft.server.log.appender.install.snapshot.enabled = false (custom)
2022-10-04 13:26:12,030 [omNode-2@group-523986131536-LeaderElection15] INFO  impl.RoleInfo (RoleInfo.java:updateAndGet(139)) - omNode-2: start omNode-2@group-523986131536-LeaderStateImpl
2022-10-04 13:26:12,030 [omNode-2@group-523986131536-LeaderElection15] INFO  segmented.SegmentedRaftLogWorker (SegmentedRaftLogWorker.java:rollLogSegment(430)) - omNode-2@group-523986131536-SegmentedRaftLogWorker: Rolling segment log-21_30 to index:30
2022-10-04 13:26:12,039 [omNode-2@group-523986131536-LeaderElection15] INFO  server.RaftServer$Division (ServerState.java:setRaftConf(393)) - omNode-2@group-523986131536: set configuration 31: [omNode-3|rpc:localhost:35537|admin:|client:|dataStream:|priority:0, omNode-1|rpc:localhost:42223|admin:|client:|dataStream:|priority:0, omNode-2|rpc:localhost:33535|admin:|client:|dataStream:|priority:0], old=null
2022-10-04 13:26:12,041 [omNode-1-server-thread2] INFO  server.RaftServer$Division (ServerState.java:setLeader(287)) - omNode-1@group-523986131536: change Leader from null to omNode-2 at term 4 for appendEntries, leader elected after 25ms
2022-10-04 13:26:12,045 [omNode-2@group-523986131536-SegmentedRaftLogWorker] INFO  segmented.SegmentedRaftLogWorker (SegmentedRaftLogWorker.java:execute(586)) - omNode-2@group-523986131536-SegmentedRaftLogWorker: Rolled log segment from /home/runner/work/ozone/ozone/hadoop-ozone/integration-test/target/test-dir/MiniOzoneClusterImpl-6e9557d8-a31c-49e5-bba1-8bc95799a8b8/omNode-2/ratis/c9bc4cf4-3bc3-3c60-a66b-523986131536/current/log_inprogress_21 to /home/runner/work/ozone/ozone/hadoop-ozone/integration-test/target/test-dir/MiniOzoneClusterImpl-6e9557d8-a31c-49e5-bba1-8bc95799a8b8/omNode-2/ratis/c9bc4cf4-3bc3-3c60-a66b-523986131536/current/log_21-30
2022-10-04 13:26:12,045 [omNode-3-server-thread2] INFO  server.RaftServer$Division (ServerState.java:setLeader(287)) - omNode-3@group-523986131536: change Leader from null to omNode-2 at term 4 for appendEntries, leader elected after 32ms
2022-10-04 13:26:12,047 [omNode-1-server-thread2] INFO  server.RaftServer$Division (ServerState.java:setRaftConf(393)) - omNode-1@group-523986131536: set configuration 31: [omNode-3|rpc:localhost:35537|admin:|client:|dataStream:|priority:0, omNode-1|rpc:localhost:42223|admin:|client:|dataStream:|priority:0, omNode-2|rpc:localhost:33535|admin:|client:|dataStream:|priority:0], old=null
2022-10-04 13:26:12,047 [omNode-1-server-thread2] INFO  segmented.SegmentedRaftLogWorker (SegmentedRaftLogWorker.java:rollLogSegment(430)) - omNode-1@group-523986131536-SegmentedRaftLogWorker: Rolling segment log-21_30 to index:30
2022-10-04 13:26:12,048 [omNode-1@group-523986131536-SegmentedRaftLogWorker] INFO  segmented.SegmentedRaftLogWorker (SegmentedRaftLogWorker.java:execute(586)) - omNode-1@group-523986131536-SegmentedRaftLogWorker: Rolled log segment from /home/runner/work/ozone/ozone/hadoop-ozone/integration-test/target/test-dir/MiniOzoneClusterImpl-6e9557d8-a31c-49e5-bba1-8bc95799a8b8/omNode-1/ratis/c9bc4cf4-3bc3-3c60-a66b-523986131536/current/log_inprogress_21 to /home/runner/work/ozone/ozone/hadoop-ozone/integration-test/target/test-dir/MiniOzoneClusterImpl-6e9557d8-a31c-49e5-bba1-8bc95799a8b8/omNode-1/ratis/c9bc4cf4-3bc3-3c60-a66b-523986131536/current/log_21-30
2022-10-04 13:26:12,057 [omNode-3-server-thread2] INFO  server.RaftServer$Division (ServerState.java:setRaftConf(393)) - omNode-3@group-523986131536: set configuration 31: [omNode-3|rpc:localhost:35537|admin:|client:|dataStream:|priority:0, omNode-1|rpc:localhost:42223|admin:|client:|dataStream:|priority:0, omNode-2|rpc:localhost:33535|admin:|client:|dataStream:|priority:0], old=null
2022-10-04 13:26:12,057 [omNode-3-server-thread2] INFO  segmented.SegmentedRaftLogWorker (SegmentedRaftLogWorker.java:rollLogSegment(430)) - omNode-3@group-523986131536-SegmentedRaftLogWorker: Rolling segment log-21_30 to index:30
2022-10-04 13:26:12,060 [omNode-3@group-523986131536-SegmentedRaftLogWorker] INFO  segmented.SegmentedRaftLogWorker (SegmentedRaftLogWorker.java:execute(586)) - omNode-3@group-523986131536-SegmentedRaftLogWorker: Rolled log segment from /home/runner/work/ozone/ozone/hadoop-ozone/integration-test/target/test-dir/MiniOzoneClusterImpl-6e9557d8-a31c-49e5-bba1-8bc95799a8b8/omNode-3/ratis/c9bc4cf4-3bc3-3c60-a66b-523986131536/current/log_inprogress_21 to /home/runner/work/ozone/ozone/hadoop-ozone/integration-test/target/test-dir/MiniOzoneClusterImpl-6e9557d8-a31c-49e5-bba1-8bc95799a8b8/omNode-3/ratis/c9bc4cf4-3bc3-3c60-a66b-523986131536/current/log_21-30
2022-10-04 13:26:12,068 [omNode-1@group-523986131536-SegmentedRaftLogWorker] INFO  segmented.SegmentedRaftLogWorker (SegmentedRaftLogWorker.java:execute(629)) - omNode-1@group-523986131536-SegmentedRaftLogWorker: created new log segment /home/runner/work/ozone/ozone/hadoop-ozone/integration-test/target/test-dir/MiniOzoneClusterImpl-6e9557d8-a31c-49e5-bba1-8bc95799a8b8/omNode-1/ratis/c9bc4cf4-3bc3-3c60-a66b-523986131536/current/log_inprogress_31
2022-10-04 13:26:12,077 [omNode-2@group-523986131536-SegmentedRaftLogWorker] INFO  segmented.SegmentedRaftLogWorker (SegmentedRaftLogWorker.java:execute(629)) - omNode-2@group-523986131536-SegmentedRaftLogWorker: created new log segment /home/runner/work/ozone/ozone/hadoop-ozone/integration-test/target/test-dir/MiniOzoneClusterImpl-6e9557d8-a31c-49e5-bba1-8bc95799a8b8/omNode-2/ratis/c9bc4cf4-3bc3-3c60-a66b-523986131536/current/log_inprogress_31
2022-10-04 13:26:12,078 [omNode-3@group-523986131536-SegmentedRaftLogWorker] INFO  segmented.SegmentedRaftLogWorker (SegmentedRaftLogWorker.java:execute(629)) - omNode-3@group-523986131536-SegmentedRaftLogWorker: created new log segment /home/runner/work/ozone/ozone/hadoop-ozone/integration-test/target/test-dir/MiniOzoneClusterImpl-6e9557d8-a31c-49e5-bba1-8bc95799a8b8/omNode-3/ratis/c9bc4cf4-3bc3-3c60-a66b-523986131536/current/log_inprogress_31
2022-10-04 13:26:12,079 [omNode-2@group-523986131536-StateMachineUpdater] INFO  ratis.OzoneManagerStateMachine (OzoneManagerStateMachine.java:notifyConfigurationChanged(192)) - Received Configuration change notification from Ratis. New Peer list:
[id: "omNode-3"
address: "localhost:35537"
, id: "omNode-1"
address: "localhost:42223"
, id: "omNode-2"
address: "localhost:33535"
]
2022-10-04 13:26:12,086 [omNode-1@group-523986131536-StateMachineUpdater] INFO  ratis.OzoneManagerStateMachine (OzoneManagerStateMachine.java:notifyConfigurationChanged(192)) - Received Configuration change notification from Ratis. New Peer list:
[id: "omNode-3"
address: "localhost:35537"
, id: "omNode-1"
address: "localhost:42223"
, id: "omNode-2"
address: "localhost:33535"
]
2022-10-04 13:26:12,088 [omNode-3@group-523986131536-StateMachineUpdater] INFO  ratis.OzoneManagerStateMachine (OzoneManagerStateMachine.java:notifyConfigurationChanged(192)) - Received Configuration change notification from Ratis. New Peer list:
[id: "omNode-3"
address: "localhost:35537"
, id: "omNode-1"
address: "localhost:42223"
, id: "omNode-2"
address: "localhost:33535"
]
2022-10-04 13:26:13,325 [Listener at localhost/45931] INFO  retry.RetryInvocationHandler (RetryInvocationHandler.java:log(411)) - com.google.protobuf.ServiceException: org.apache.hadoop.ipc.RemoteException(org.apache.hadoop.ozone.om.exceptions.OMNotLeaderException): OM:omNode-1 is not the leader. Could not determine the leader node.
	at org.apache.hadoop.ozone.om.OzoneManager.checkLeaderStatus(OzoneManager.java:4054)
	at org.apache.hadoop.ozone.om.ratis.utils.OzoneManagerRatisUtils.checkLeaderStatus(OzoneManagerRatisUtils.java:446)
	at org.apache.hadoop.ozone.protocolPB.OzoneManagerProtocolServerSideTranslatorPB.processRequest(OzoneManagerProtocolServerSideTranslatorPB.java:181)
	at org.apache.hadoop.hdds.server.OzoneProtocolMessageDispatcher.processRequest(OzoneProtocolMessageDispatcher.java:87)
	at org.apache.hadoop.ozone.protocolPB.OzoneManagerProtocolServerSideTranslatorPB.submitRequest(OzoneManagerProtocolServerSideTranslatorPB.java:147)
	at org.apache.hadoop.ozone.protocol.proto.OzoneManagerProtocolProtos$OzoneManagerService$2.callBlockingMethod(OzoneManagerProtocolProtos.java)
	at org.apache.hadoop.ipc.ProtobufRpcEngine$Server.processCall(ProtobufRpcEngine.java:466)
	at org.apache.hadoop.ipc.ProtobufRpcEngine2$Server$ProtoBufRpcInvoker.call(ProtobufRpcEngine2.java:574)
	at org.apache.hadoop.ipc.ProtobufRpcEngine2$Server$ProtoBufRpcInvoker.call(ProtobufRpcEngine2.java:552)
	at org.apache.hadoop.ipc.RPC$Server.call(RPC.java:1093)
	at org.apache.hadoop.ipc.Server$RpcCall.run(Server.java:1035)
	at org.apache.hadoop.ipc.Server$RpcCall.run(Server.java:963)
	at java.security.AccessController.doPrivileged(Native Method)
	at javax.security.auth.Subject.doAs(Subject.java:422)
	at org.apache.hadoop.security.UserGroupInformation.doAs(UserGroupInformation.java:1878)
	at org.apache.hadoop.ipc.Server$Handler.run(Server.java:2966)
, while invoking $Proxy55.submitRequest over nodeId=omNode-1,nodeAddress=127.0.0.1:37083 after 2 failover attempts. Trying to failover immediately.
2022-10-04 13:26:13,357 [OM StateMachine ApplyTransaction Thread - 0] INFO  volume.OMVolumeCreateRequest (OMVolumeCreateRequest.java:validateAndUpdateCache(195)) - created volume:volume34789 for user:user33378
2022-10-04 13:26:13,363 [OM StateMachine ApplyTransaction Thread - 0] INFO  volume.OMVolumeCreateRequest (OMVolumeCreateRequest.java:validateAndUpdateCache(195)) - created volume:volume34789 for user:user33378
2022-10-04 13:26:13,363 [OM StateMachine ApplyTransaction Thread - 0] INFO  volume.OMVolumeCreateRequest (OMVolumeCreateRequest.java:validateAndUpdateCache(195)) - created volume:volume34789 for user:user33378
2022-10-04 13:26:13,373 [Listener at localhost/45931] INFO  rpc.RpcClient (RpcClient.java:createBucket(674)) - Creating Bucket: volume34789/d0e57540-7b86-4cba-b78d-d4542a68c503, with server-side default bucket layout, runner as owner, Versioning false, Storage Type set to DISK and Encryption set to false 
2022-10-04 13:26:13,383 [OM StateMachine ApplyTransaction Thread - 0] INFO  bucket.OMBucketCreateRequest (OMBucketCreateRequest.java:validateAndUpdateCache(260)) - created bucket: d0e57540-7b86-4cba-b78d-d4542a68c503 of layout LEGACY in volume: volume34789
2022-10-04 13:26:13,384 [OM StateMachine ApplyTransaction Thread - 0] INFO  bucket.OMBucketCreateRequest (OMBucketCreateRequest.java:validateAndUpdateCache(260)) - created bucket: d0e57540-7b86-4cba-b78d-d4542a68c503 of layout LEGACY in volume: volume34789
2022-10-04 13:26:13,386 [OM StateMachine ApplyTransaction Thread - 0] INFO  bucket.OMBucketCreateRequest (OMBucketCreateRequest.java:validateAndUpdateCache(260)) - created bucket: d0e57540-7b86-4cba-b78d-d4542a68c503 of layout LEGACY in volume: volume34789
2022-10-04 13:26:13,806 [Listener at localhost/45931] INFO  om.OzoneManager (OzoneManager.java:stop(2036)) - omNode-2[localhost:45931]: Stopping Ozone Manager
2022-10-04 13:26:13,806 [Listener at localhost/45931] INFO  ipc.Server (Server.java:stop(3414)) - Stopping server on 45931
2022-10-04 13:26:13,807 [IPC Server listener on 45931] INFO  ipc.Server (Server.java:run(1376)) - Stopping IPC Server listener on 45931
2022-10-04 13:26:13,813 [IPC Server Responder] INFO  ipc.Server (Server.java:run(1512)) - Stopping IPC Server Responder
2022-10-04 13:26:13,814 [Listener at localhost/45931] INFO  server.RaftServer (RaftServerProxy.java:lambda$close$7(398)) - omNode-2: close
2022-10-04 13:26:13,814 [Listener at localhost/45931] INFO  server.RaftServer$Division (RaftServerImpl.java:lambda$close$4(434)) - omNode-2@group-523986131536: shutdown
2022-10-04 13:26:13,814 [Listener at localhost/45931] INFO  util.JmxRegister (JmxRegister.java:unregister(73)) - Successfully un-registered JMX Bean with object name Ratis:service=RaftServer,group=group-523986131536,id=omNode-2
2022-10-04 13:26:13,815 [Listener at localhost/45931] INFO  impl.RoleInfo (RoleInfo.java:shutdownLeaderState(93)) - omNode-2: shutdown omNode-2@group-523986131536-LeaderStateImpl
2022-10-04 13:26:13,815 [omNode-2@group-523986131536->omNode-3-GrpcLogAppender-LogAppenderDaemon] WARN  server.GrpcLogAppender (GrpcLogAppender.java:mayWait(171)) - omNode-2@group-523986131536->omNode-3-GrpcLogAppender: Wait interrupted by java.lang.InterruptedException
2022-10-04 13:26:13,815 [grpc-default-executor-3] INFO  server.GrpcServerProtocolService (GrpcServerProtocolService.java:onCompleted(140)) - omNode-3: Completed APPEND_ENTRIES, lastRequest: omNode-2->omNode-3#137-t4,previous=(t:4, i:55),leaderCommit=55,initializing? true,entries: size=1, first=(t:4, i:56), METADATAENTRY(c:55)
2022-10-04 13:26:13,816 [grpc-default-executor-2] INFO  server.GrpcLogAppender (GrpcLogAppender.java:onCompleted(339)) - omNode-2@group-523986131536->omNode-3-AppendLogResponseHandler: follower responses appendEntries COMPLETED
2022-10-04 13:26:13,816 [grpc-default-executor-2] INFO  leader.FollowerInfo (FollowerInfoImpl.java:lambda$new$0(48)) - omNode-2@group-523986131536->omNode-3: nextIndex: updateUnconditionally 57 -> 56
2022-10-04 13:26:13,816 [Listener at localhost/45931] INFO  impl.PendingRequests (PendingRequests.java:sendNotLeaderResponses(282)) - omNode-2@group-523986131536-PendingRequests: sendNotLeaderResponses
2022-10-04 13:26:13,816 [omNode-2@group-523986131536->omNode-1-GrpcLogAppender-LogAppenderDaemon] WARN  server.GrpcLogAppender (GrpcLogAppender.java:mayWait(171)) - omNode-2@group-523986131536->omNode-1-GrpcLogAppender: Wait interrupted by java.lang.InterruptedException
2022-10-04 13:26:13,817 [grpc-default-executor-3] INFO  server.GrpcServerProtocolService (GrpcServerProtocolService.java:onCompleted(140)) - omNode-1: Completed APPEND_ENTRIES, lastRequest: omNode-2->omNode-1#136-t4,previous=(t:4, i:55),leaderCommit=55,initializing? true,entries: size=1, first=(t:4, i:56), METADATAENTRY(c:55)
2022-10-04 13:26:13,818 [grpc-default-executor-3] INFO  server.GrpcLogAppender (GrpcLogAppender.java:onCompleted(339)) - omNode-2@group-523986131536->omNode-1-AppendLogResponseHandler: follower responses appendEntries COMPLETED
2022-10-04 13:26:13,818 [grpc-default-executor-3] INFO  leader.FollowerInfo (FollowerInfoImpl.java:lambda$new$0(48)) - omNode-2@group-523986131536->omNode-1: nextIndex: updateUnconditionally 57 -> 56
2022-10-04 13:26:13,822 [Listener at localhost/45931] INFO  impl.StateMachineUpdater (StateMachineUpdater.java:stopAndJoin(153)) - omNode-2@group-523986131536-StateMachineUpdater: set stopIndex = 56
2022-10-04 13:26:13,823 [omNode-2@group-523986131536-StateMachineUpdater] INFO  ratis.OzoneManagerStateMachine (OzoneManagerStateMachine.java:takeSnapshot(441)) - Current Snapshot Index (t:4, i:56)
2022-10-04 13:26:13,823 [omNode-2@group-523986131536-StateMachineUpdater] INFO  impl.StateMachineUpdater (StateMachineUpdater.java:takeSnapshot(287)) - omNode-2@group-523986131536-StateMachineUpdater: Took a snapshot at index 56
2022-10-04 13:26:13,823 [omNode-2@group-523986131536-StateMachineUpdater] INFO  impl.StateMachineUpdater (StateMachineUpdater.java:lambda$new$0(92)) - omNode-2@group-523986131536-StateMachineUpdater: snapshotIndex: updateIncreasingly 30 -> 56
2022-10-04 13:26:13,823 [omNode-2@group-523986131536-StateMachineUpdater] INFO  raftlog.RaftLog (RaftLogBase.java:purge(308)) - omNode-2@group-523986131536-SegmentedRaftLog: purge 56
2022-10-04 13:26:13,825 [omNode-2@group-523986131536-StateMachineUpdater] INFO  raftlog.RaftLog (RaftLogBase.java:lambda$new$0(53)) - omNode-2@group-523986131536-SegmentedRaftLog: snapshotIndex: updateIncreasingly 30 -> 56
2022-10-04 13:26:13,827 [omNode-2@group-523986131536-StateMachineUpdater] INFO  raftlog.RaftLog (RaftLogBase.java:lambda$new$0(53)) - omNode-2@group-523986131536-SegmentedRaftLog: purgeIndex: updateToMax old=-1, new=30, updated? true
2022-10-04 13:26:13,827 [omNode-2@group-523986131536-StateMachineUpdater] INFO  ratis.OzoneManagerStateMachine (OzoneManagerStateMachine.java:close(495)) - StateMachine has shutdown. Shutdown OzoneManager if not already shutdown.
2022-10-04 13:26:13,827 [omNode-2@group-523986131536-StateMachineUpdater] INFO  ratis.OzoneManagerDoubleBuffer (OzoneManagerDoubleBuffer.java:stop(466)) - Stopping OMDoubleBuffer flush thread
2022-10-04 13:26:13,828 [OMDoubleBufferFlushThread] INFO  ratis.OzoneManagerDoubleBuffer (OzoneManagerDoubleBuffer.java:flushTransactions(385)) - OMDoubleBuffer flush thread OMDoubleBufferFlushThread is interrupted and will exit.
2022-10-04 13:26:13,829 [Listener at localhost/45931] INFO  server.RaftServer$Division (ServerState.java:close(429)) - omNode-2@group-523986131536: closes. applyIndex: 56
2022-10-04 13:26:13,829 [omNode-2@group-523986131536-SegmentedRaftLogWorker] INFO  segmented.SegmentedRaftLogWorker (SegmentedRaftLogWorker.java:run(336)) - omNode-2@group-523986131536-SegmentedRaftLogWorker was interrupted, exiting. There are 0 tasks remaining in the queue.
2022-10-04 13:26:13,832 [Listener at localhost/45931] INFO  segmented.SegmentedRaftLogWorker (SegmentedRaftLogWorker.java:close(246)) - omNode-2@group-523986131536-SegmentedRaftLogWorker close()
2022-10-04 13:26:13,836 [Listener at localhost/45931] INFO  server.GrpcService (GrpcService.java:closeImpl(269)) - omNode-2: shutdown server with port 33535 now
2022-10-04 13:26:13,845 [Listener at localhost/45931] INFO  server.GrpcService (GrpcService.java:closeImpl(278)) - omNode-2: shutdown server with port 33535 successfully
2022-10-04 13:26:13,845 [org.apache.ratis.util.JvmPauseMonitor$$Lambda$699/75026084@188e789a] INFO  util.JvmPauseMonitor (JvmPauseMonitor.java:run(109)) - JvmPauseMonitor-omNode-2: Stopped
2022-10-04 13:26:13,846 [Listener at localhost/45931] INFO  ratis.OzoneManagerStateMachine (OzoneManagerStateMachine.java:close(495)) - StateMachine has shutdown. Shutdown OzoneManager if not already shutdown.
2022-10-04 13:26:13,846 [Listener at localhost/45931] INFO  ratis.OzoneManagerDoubleBuffer (OzoneManagerDoubleBuffer.java:stop(478)) - OMDoubleBuffer flush thread is not running.
2022-10-04 13:26:13,847 [Listener at localhost/45931] INFO  handler.ContextHandler (ContextHandler.java:doStop(1153)) - Stopped o.e.j.w.WebAppContext@3bec3feb{ozoneManager,/,null,STOPPED}{file:/home/runner/work/ozone/ozone/hadoop-ozone/integration-test/target/test-classes/webapps/ozoneManager}
2022-10-04 13:26:13,848 [Listener at localhost/45931] INFO  server.AbstractConnector (AbstractConnector.java:doStop(381)) - Stopped ServerConnector@471ccea6{HTTP/1.1, (http/1.1)}{0.0.0.0:44809}
2022-10-04 13:26:13,848 [Listener at localhost/45931] INFO  server.session (HouseKeeper.java:stopScavenging(149)) - node0 Stopped scavenging
2022-10-04 13:26:13,848 [Listener at localhost/45931] INFO  handler.ContextHandler (ContextHandler.java:doStop(1153)) - Stopped o.e.j.s.ServletContextHandler@23a5078f{static,/static,file:///home/runner/work/ozone/ozone/hadoop-ozone/integration-test/target/test-classes/webapps/static,STOPPED}
2022-10-04 13:26:13,849 [Listener at localhost/45931] INFO  handler.ContextHandler (ContextHandler.java:doStop(1153)) - Stopped o.e.j.s.ServletContextHandler@7d00bc8{logs,/logs,file:///home/runner/work/ozone/ozone/hadoop-ozone/integration-test/target/log,STOPPED}
2022-10-04 13:26:15,457 [omNode-1@group-523986131536-FollowerState] INFO  impl.FollowerState (FollowerState.java:run(143)) - omNode-1@group-523986131536-FollowerState: change to CANDIDATE, lastRpcElapsedTime:1663717508ns, electionTimeout:1164ms
2022-10-04 13:26:15,457 [omNode-1@group-523986131536-FollowerState] INFO  impl.RoleInfo (RoleInfo.java:shutdownFollowerState(110)) - omNode-1: shutdown omNode-1@group-523986131536-FollowerState
2022-10-04 13:26:15,457 [omNode-1@group-523986131536-FollowerState] INFO  server.RaftServer$Division (RaftServerImpl.java:setRole(299)) - omNode-1@group-523986131536: changes role from  FOLLOWER to CANDIDATE at term 4 for changeToCandidate
2022-10-04 13:26:15,457 [omNode-1@group-523986131536-FollowerState] INFO  server.RaftServerConfigKeys (ConfUtils.java:logGet(46)) - raft.server.leaderelection.pre-vote = false (custom)
2022-10-04 13:26:15,457 [omNode-1@group-523986131536-FollowerState] INFO  impl.RoleInfo (RoleInfo.java:updateAndGet(139)) - omNode-1: start omNode-1@group-523986131536-LeaderElection16
2022-10-04 13:26:15,459 [omNode-1@group-523986131536-LeaderElection16] INFO  server.RaftServer$Division (ServerState.java:setLeader(287)) - omNode-1@group-523986131536: change Leader from omNode-2 to null at term 4 for ELECTION
2022-10-04 13:26:15,463 [omNode-1@group-523986131536-LeaderElection16] INFO  impl.LeaderElection (LeaderElection.java:askForVotes(310)) - omNode-1@group-523986131536-LeaderElection16 ELECTION round 0: submit vote requests at term 5 for 31: [omNode-3|rpc:localhost:35537|admin:|client:|dataStream:|priority:0, omNode-1|rpc:localhost:42223|admin:|client:|dataStream:|priority:0, omNode-2|rpc:localhost:33535|admin:|client:|dataStream:|priority:0], old=null
2022-10-04 13:26:15,477 [grpc-default-executor-3] INFO  server.RaftServer$Division (RaftServerImpl.java:requestVote(1152)) - omNode-3@group-523986131536: receive requestVote(ELECTION, omNode-1, group-523986131536, 5, (t:4, i:56))
2022-10-04 13:26:15,477 [grpc-default-executor-3] INFO  impl.VoteContext (VoteContext.java:log(48)) - omNode-3@group-523986131536-FOLLOWER: accept ELECTION from omNode-1: our priority 0 <= candidate's priority 0
2022-10-04 13:26:15,477 [grpc-default-executor-3] INFO  server.RaftServer$Division (ServerState.java:setLeader(287)) - omNode-3@group-523986131536: change Leader from omNode-2 to null at term 5 for updateCurrentTerm
2022-10-04 13:26:15,477 [grpc-default-executor-3] INFO  server.RaftServer$Division (RaftServerImpl.java:setRole(299)) - omNode-3@group-523986131536: changes role from  FOLLOWER to FOLLOWER at term 5 for candidate:omNode-1
2022-10-04 13:26:15,477 [grpc-default-executor-3] INFO  impl.RoleInfo (RoleInfo.java:shutdownFollowerState(110)) - omNode-3: shutdown omNode-3@group-523986131536-FollowerState
2022-10-04 13:26:15,477 [grpc-default-executor-3] INFO  impl.RoleInfo (RoleInfo.java:updateAndGet(139)) - omNode-3: start omNode-3@group-523986131536-FollowerState
2022-10-04 13:26:15,477 [omNode-3@group-523986131536-FollowerState] INFO  impl.FollowerState (FollowerState.java:run(152)) - omNode-3@group-523986131536-FollowerState was interrupted
2022-10-04 13:26:15,482 [omNode-1@group-523986131536-LeaderElection16] INFO  impl.LeaderElection (LogUtils.java:infoOrTrace(137)) - omNode-1@group-523986131536-LeaderElection16 got exception when requesting votes: java.util.concurrent.ExecutionException: org.apache.ratis.thirdparty.io.grpc.StatusRuntimeException: UNAVAILABLE: io exception
2022-10-04 13:26:15,483 [grpc-default-executor-3] INFO  server.RaftServer$Division (RaftServerImpl.java:requestVote(1184)) - omNode-3@group-523986131536 replies to ELECTION vote request: omNode-1<-omNode-3#0:OK-t5. Peer's state: omNode-3@group-523986131536:t5, leader=null, voted=omNode-1, raftlog=omNode-3@group-523986131536-SegmentedRaftLog:OPENED:c55, conf=31: [omNode-3|rpc:localhost:35537|admin:|client:|dataStream:|priority:0, omNode-1|rpc:localhost:42223|admin:|client:|dataStream:|priority:0, omNode-2|rpc:localhost:33535|admin:|client:|dataStream:|priority:0], old=null
2022-10-04 13:26:15,484 [omNode-1@group-523986131536-LeaderElection16] INFO  impl.LeaderElection (LeaderElection.java:logAndReturn(90)) - omNode-1@group-523986131536-LeaderElection16: ELECTION PASSED received 1 response(s) and 1 exception(s):
2022-10-04 13:26:15,484 [omNode-1@group-523986131536-LeaderElection16] INFO  impl.LeaderElection (LeaderElection.java:logAndReturn(94)) -   Response 0: omNode-1<-omNode-3#0:OK-t5
2022-10-04 13:26:15,484 [omNode-1@group-523986131536-LeaderElection16] INFO  impl.LeaderElection (LogUtils.java:infoOrTrace(137)) -   Exception 1: java.util.concurrent.ExecutionException: org.apache.ratis.thirdparty.io.grpc.StatusRuntimeException: UNAVAILABLE: io exception
2022-10-04 13:26:15,484 [omNode-1@group-523986131536-LeaderElection16] INFO  impl.LeaderElection (LeaderElection.java:askForVotes(312)) - omNode-1@group-523986131536-LeaderElection16 ELECTION round 0: result PASSED
2022-10-04 13:26:15,484 [omNode-1@group-523986131536-LeaderElection16] INFO  impl.RoleInfo (RoleInfo.java:shutdownLeaderElection(130)) - omNode-1: shutdown omNode-1@group-523986131536-LeaderElection16
2022-10-04 13:26:15,484 [omNode-1@group-523986131536-LeaderElection16] INFO  server.RaftServer$Division (RaftServerImpl.java:setRole(299)) - omNode-1@group-523986131536: changes role from CANDIDATE to LEADER at term 5 for changeToLeader
2022-10-04 13:26:15,484 [omNode-1@group-523986131536-LeaderElection16] INFO  server.RaftServer$Division (ServerState.java:setLeader(287)) - omNode-1@group-523986131536: change Leader from null to omNode-1 at term 5 for becomeLeader, leader elected after 25ms
2022-10-04 13:26:15,484 [omNode-1@group-523986131536-LeaderElection16] INFO  server.RaftServerConfigKeys (ConfUtils.java:logGet(46)) - raft.server.staging.catchup.gap = 1000 (default)
2022-10-04 13:26:15,485 [omNode-1@group-523986131536-LeaderElection16] INFO  server.RaftServerConfigKeys (ConfUtils.java:logGet(46)) - raft.server.write.element-limit = 4096 (default)
2022-10-04 13:26:15,485 [omNode-1@group-523986131536-LeaderElection16] INFO  server.RaftServerConfigKeys (ConfUtils.java:logGet(46)) - raft.server.write.byte-limit = 64MB (=67108864) (default)
2022-10-04 13:26:15,485 [omNode-1@group-523986131536-LeaderElection16] INFO  server.RaftServerConfigKeys (ConfUtils.java:logGet(46)) - raft.server.watch.timeout = 10s (default)
2022-10-04 13:26:15,485 [omNode-1@group-523986131536-LeaderElection16] INFO  server.RaftServerConfigKeys (ConfUtils.java:logGet(46)) - raft.server.watch.timeout.denomination = 1s (default)
2022-10-04 13:26:15,485 [omNode-1@group-523986131536-LeaderElection16] INFO  server.RaftServerConfigKeys (ConfUtils.java:logGet(46)) - raft.server.watch.element-limit = 65536 (default)
2022-10-04 13:26:15,485 [omNode-1@group-523986131536-LeaderElection16] INFO  server.RaftServerConfigKeys (ConfUtils.java:logGet(46)) - raft.server.write.element-limit = 4096 (default)
2022-10-04 13:26:15,486 [omNode-1@group-523986131536-LeaderElection16] INFO  server.RaftServerConfigKeys (ConfUtils.java:logGet(46)) - raft.server.write.follower.gap.ratio.max = -1.0 (default)
2022-10-04 13:26:15,486 [omNode-1@group-523986131536-LeaderElection16] INFO  server.RaftServerConfigKeys (ConfUtils.java:logGet(46)) - raft.server.log.appender.snapshot.chunk.size.max = 16MB (=16777216) (default)
2022-10-04 13:26:15,486 [omNode-1@group-523986131536-LeaderElection16] INFO  server.RaftServerConfigKeys (ConfUtils.java:logGet(46)) - raft.server.log.appender.buffer.byte-limit = 33554432 (custom)
2022-10-04 13:26:15,486 [omNode-1@group-523986131536-LeaderElection16] INFO  server.RaftServerConfigKeys (ConfUtils.java:logGet(46)) - raft.server.log.appender.buffer.element-limit = 1024 (custom)
2022-10-04 13:26:15,487 [omNode-1@group-523986131536-LeaderElection16] INFO  grpc.GrpcConfigKeys (ConfUtils.java:logGet(46)) - raft.grpc.server.leader.outstanding.appends.max = 128 (default)
2022-10-04 13:26:15,487 [omNode-1@group-523986131536-LeaderElection16] INFO  server.RaftServerConfigKeys (ConfUtils.java:logGet(46)) - raft.server.rpc.request.timeout = 3000ms (default)
2022-10-04 13:26:15,487 [omNode-1@group-523986131536-LeaderElection16] INFO  server.RaftServerConfigKeys (ConfUtils.java:logGet(46)) - raft.server.log.appender.install.snapshot.enabled = false (custom)
2022-10-04 13:26:15,488 [omNode-1@group-523986131536-LeaderElection16] INFO  server.RaftServerConfigKeys (ConfUtils.java:logGet(46)) - raft.server.log.appender.snapshot.chunk.size.max = 16MB (=16777216) (default)
2022-10-04 13:26:15,488 [omNode-1@group-523986131536-LeaderElection16] INFO  server.RaftServerConfigKeys (ConfUtils.java:logGet(46)) - raft.server.log.appender.buffer.byte-limit = 33554432 (custom)
2022-10-04 13:26:15,488 [omNode-1@group-523986131536-LeaderElection16] INFO  server.RaftServerConfigKeys (ConfUtils.java:logGet(46)) - raft.server.log.appender.buffer.element-limit = 1024 (custom)
2022-10-04 13:26:15,488 [omNode-1@group-523986131536-LeaderElection16] INFO  grpc.GrpcConfigKeys (ConfUtils.java:logGet(46)) - raft.grpc.server.leader.outstanding.appends.max = 128 (default)
2022-10-04 13:26:15,488 [omNode-1@group-523986131536-LeaderElection16] INFO  server.RaftServerConfigKeys (ConfUtils.java:logGet(46)) - raft.server.rpc.request.timeout = 3000ms (default)
2022-10-04 13:26:15,488 [omNode-1@group-523986131536-LeaderElection16] INFO  server.RaftServerConfigKeys (ConfUtils.java:logGet(46)) - raft.server.log.appender.install.snapshot.enabled = false (custom)
2022-10-04 13:26:15,488 [omNode-1@group-523986131536-LeaderElection16] INFO  impl.RoleInfo (RoleInfo.java:updateAndGet(139)) - omNode-1: start omNode-1@group-523986131536-LeaderStateImpl
2022-10-04 13:26:15,489 [omNode-1@group-523986131536-LeaderElection16] INFO  segmented.SegmentedRaftLogWorker (SegmentedRaftLogWorker.java:rollLogSegment(430)) - omNode-1@group-523986131536-SegmentedRaftLogWorker: Rolling segment log-31_56 to index:56
2022-10-04 13:26:15,490 [omNode-1@group-523986131536-SegmentedRaftLogWorker] INFO  segmented.SegmentedRaftLogWorker (SegmentedRaftLogWorker.java:execute(586)) - omNode-1@group-523986131536-SegmentedRaftLogWorker: Rolled log segment from /home/runner/work/ozone/ozone/hadoop-ozone/integration-test/target/test-dir/MiniOzoneClusterImpl-6e9557d8-a31c-49e5-bba1-8bc95799a8b8/omNode-1/ratis/c9bc4cf4-3bc3-3c60-a66b-523986131536/current/log_inprogress_31 to /home/runner/work/ozone/ozone/hadoop-ozone/integration-test/target/test-dir/MiniOzoneClusterImpl-6e9557d8-a31c-49e5-bba1-8bc95799a8b8/omNode-1/ratis/c9bc4cf4-3bc3-3c60-a66b-523986131536/current/log_31-56
2022-10-04 13:26:15,499 [omNode-3-server-thread2] INFO  server.RaftServer$Division (ServerState.java:setLeader(287)) - omNode-3@group-523986131536: change Leader from null to omNode-1 at term 5 for appendEntries, leader elected after 21ms
2022-10-04 13:26:15,500 [omNode-3-server-thread2] INFO  server.RaftServer$Division (ServerState.java:setRaftConf(393)) - omNode-3@group-523986131536: set configuration 57: [omNode-3|rpc:localhost:35537|admin:|client:|dataStream:|priority:0, omNode-1|rpc:localhost:42223|admin:|client:|dataStream:|priority:0, omNode-2|rpc:localhost:33535|admin:|client:|dataStream:|priority:0], old=null
2022-10-04 13:26:15,500 [omNode-3-server-thread2] INFO  segmented.SegmentedRaftLogWorker (SegmentedRaftLogWorker.java:rollLogSegment(430)) - omNode-3@group-523986131536-SegmentedRaftLogWorker: Rolling segment log-31_56 to index:56
2022-10-04 13:26:15,501 [omNode-1@group-523986131536-LeaderElection16] INFO  server.RaftServer$Division (ServerState.java:setRaftConf(393)) - omNode-1@group-523986131536: set configuration 57: [omNode-3|rpc:localhost:35537|admin:|client:|dataStream:|priority:0, omNode-1|rpc:localhost:42223|admin:|client:|dataStream:|priority:0, omNode-2|rpc:localhost:33535|admin:|client:|dataStream:|priority:0], old=null
2022-10-04 13:26:15,502 [omNode-3@group-523986131536-SegmentedRaftLogWorker] INFO  segmented.SegmentedRaftLogWorker (SegmentedRaftLogWorker.java:execute(586)) - omNode-3@group-523986131536-SegmentedRaftLogWorker: Rolled log segment from /home/runner/work/ozone/ozone/hadoop-ozone/integration-test/target/test-dir/MiniOzoneClusterImpl-6e9557d8-a31c-49e5-bba1-8bc95799a8b8/omNode-3/ratis/c9bc4cf4-3bc3-3c60-a66b-523986131536/current/log_inprogress_31 to /home/runner/work/ozone/ozone/hadoop-ozone/integration-test/target/test-dir/MiniOzoneClusterImpl-6e9557d8-a31c-49e5-bba1-8bc95799a8b8/omNode-3/ratis/c9bc4cf4-3bc3-3c60-a66b-523986131536/current/log_31-56
2022-10-04 13:26:15,502 [omNode-1@group-523986131536-SegmentedRaftLogWorker] INFO  segmented.SegmentedRaftLogWorker (SegmentedRaftLogWorker.java:execute(629)) - omNode-1@group-523986131536-SegmentedRaftLogWorker: created new log segment /home/runner/work/ozone/ozone/hadoop-ozone/integration-test/target/test-dir/MiniOzoneClusterImpl-6e9557d8-a31c-49e5-bba1-8bc95799a8b8/omNode-1/ratis/c9bc4cf4-3bc3-3c60-a66b-523986131536/current/log_inprogress_57
2022-10-04 13:26:15,502 [grpc-default-executor-3] WARN  server.GrpcLogAppender (LogUtils.java:warn(122)) - omNode-1@group-523986131536->omNode-2-AppendLogResponseHandler: Failed appendEntries: org.apache.ratis.thirdparty.io.grpc.StatusRuntimeException: UNAVAILABLE: io exception
2022-10-04 13:26:15,506 [grpc-default-executor-3] WARN  server.GrpcLogAppender (GrpcLogAppender.java:resetClient(111)) - omNode-1@group-523986131536->omNode-2-GrpcLogAppender: Leader has not got in touch with Follower omNode-1@group-523986131536->omNode-2(c-1,m0,n58, attendVote=true, lastRpcSendTime=3, lastRpcResponseTime=1220) yet, just keep nextIndex unchanged and retry.
2022-10-04 13:26:15,516 [omNode-3@group-523986131536-SegmentedRaftLogWorker] INFO  segmented.SegmentedRaftLogWorker (SegmentedRaftLogWorker.java:execute(629)) - omNode-3@group-523986131536-SegmentedRaftLogWorker: created new log segment /home/runner/work/ozone/ozone/hadoop-ozone/integration-test/target/test-dir/MiniOzoneClusterImpl-6e9557d8-a31c-49e5-bba1-8bc95799a8b8/omNode-3/ratis/c9bc4cf4-3bc3-3c60-a66b-523986131536/current/log_inprogress_57
2022-10-04 13:26:15,519 [omNode-1@group-523986131536-StateMachineUpdater] INFO  ratis.OzoneManagerStateMachine (OzoneManagerStateMachine.java:notifyConfigurationChanged(192)) - Received Configuration change notification from Ratis. New Peer list:
[id: "omNode-3"
address: "localhost:35537"
, id: "omNode-1"
address: "localhost:42223"
, id: "omNode-2"
address: "localhost:33535"
]
2022-10-04 13:26:15,520 [grpc-default-executor-3] WARN  server.GrpcLogAppender (LogUtils.java:warn(122)) - omNode-1@group-523986131536->omNode-2-AppendLogResponseHandler: Failed appendEntries: org.apache.ratis.thirdparty.io.grpc.StatusRuntimeException: UNAVAILABLE: io exception
2022-10-04 13:26:15,520 [grpc-default-executor-3] WARN  server.GrpcLogAppender (GrpcLogAppender.java:resetClient(111)) - omNode-1@group-523986131536->omNode-2-GrpcLogAppender: Leader has not got in touch with Follower omNode-1@group-523986131536->omNode-2(c-1,m0,n59, attendVote=true, lastRpcSendTime=0, lastRpcResponseTime=1234) yet, just keep nextIndex unchanged and retry.
2022-10-04 13:26:15,522 [omNode-3@group-523986131536-StateMachineUpdater] INFO  ratis.OzoneManagerStateMachine (OzoneManagerStateMachine.java:notifyConfigurationChanged(192)) - Received Configuration change notification from Ratis. New Peer list:
[id: "omNode-3"
address: "localhost:35537"
, id: "omNode-1"
address: "localhost:42223"
, id: "omNode-2"
address: "localhost:33535"
]
2022-10-04 13:26:15,753 [grpc-default-executor-2] WARN  server.GrpcLogAppender (LogUtils.java:warn(122)) - omNode-1@group-523986131536->omNode-2-AppendLogResponseHandler: Failed appendEntries: org.apache.ratis.thirdparty.io.grpc.StatusRuntimeException: UNAVAILABLE: io exception
2022-10-04 13:26:15,753 [grpc-default-executor-2] WARN  server.GrpcLogAppender (GrpcLogAppender.java:resetClient(111)) - omNode-1@group-523986131536->omNode-2-GrpcLogAppender: Leader has not got in touch with Follower omNode-1@group-523986131536->omNode-2(c-1,m0,n59, attendVote=true, lastRpcSendTime=0, lastRpcResponseTime=1467) yet, just keep nextIndex unchanged and retry.
2022-10-04 13:26:16,003 [grpc-default-executor-3] WARN  server.GrpcLogAppender (LogUtils.java:warn(122)) - omNode-1@group-523986131536->omNode-2-AppendLogResponseHandler: Failed appendEntries: org.apache.ratis.thirdparty.io.grpc.StatusRuntimeException: UNAVAILABLE: io exception
2022-10-04 13:26:16,004 [grpc-default-executor-3] WARN  server.GrpcLogAppender (GrpcLogAppender.java:resetClient(111)) - omNode-1@group-523986131536->omNode-2-GrpcLogAppender: Leader has not got in touch with Follower omNode-1@group-523986131536->omNode-2(c-1,m0,n59, attendVote=true, lastRpcSendTime=0, lastRpcResponseTime=1718) yet, just keep nextIndex unchanged and retry.
2022-10-04 13:26:16,254 [grpc-default-executor-3] WARN  server.GrpcLogAppender (LogUtils.java:warn(122)) - omNode-1@group-523986131536->omNode-2-AppendLogResponseHandler: Failed appendEntries: org.apache.ratis.thirdparty.io.grpc.StatusRuntimeException: UNAVAILABLE: io exception
2022-10-04 13:26:16,255 [grpc-default-executor-3] WARN  server.GrpcLogAppender (GrpcLogAppender.java:resetClient(111)) - omNode-1@group-523986131536->omNode-2-GrpcLogAppender: Leader has not got in touch with Follower omNode-1@group-523986131536->omNode-2(c-1,m0,n59, attendVote=true, lastRpcSendTime=0, lastRpcResponseTime=1968) yet, just keep nextIndex unchanged and retry.
2022-10-04 13:26:16,504 [grpc-default-executor-3] WARN  server.GrpcLogAppender (LogUtils.java:warn(122)) - omNode-1@group-523986131536->omNode-2-AppendLogResponseHandler: Failed appendEntries: org.apache.ratis.thirdparty.io.grpc.StatusRuntimeException: UNAVAILABLE: io exception
2022-10-04 13:26:16,505 [grpc-default-executor-3] WARN  server.GrpcLogAppender (GrpcLogAppender.java:resetClient(111)) - omNode-1@group-523986131536->omNode-2-GrpcLogAppender: Leader has not got in touch with Follower omNode-1@group-523986131536->omNode-2(c-1,m0,n59, attendVote=true, lastRpcSendTime=1, lastRpcResponseTime=2219) yet, just keep nextIndex unchanged and retry.
2022-10-04 13:26:16,755 [grpc-default-executor-3] WARN  server.GrpcLogAppender (LogUtils.java:warn(122)) - omNode-1@group-523986131536->omNode-2-AppendLogResponseHandler: Failed appendEntries: org.apache.ratis.thirdparty.io.grpc.StatusRuntimeException: UNAVAILABLE: io exception
2022-10-04 13:26:16,756 [grpc-default-executor-3] WARN  server.GrpcLogAppender (GrpcLogAppender.java:resetClient(111)) - omNode-1@group-523986131536->omNode-2-GrpcLogAppender: Leader has not got in touch with Follower omNode-1@group-523986131536->omNode-2(c-1,m0,n59, attendVote=true, lastRpcSendTime=0, lastRpcResponseTime=2469) yet, just keep nextIndex unchanged and retry.
2022-10-04 13:26:17,005 [grpc-default-executor-3] WARN  server.GrpcLogAppender (LogUtils.java:warn(122)) - omNode-1@group-523986131536->omNode-2-AppendLogResponseHandler: Failed appendEntries: org.apache.ratis.thirdparty.io.grpc.StatusRuntimeException: UNAVAILABLE: io exception
2022-10-04 13:26:17,006 [grpc-default-executor-3] WARN  server.GrpcLogAppender (GrpcLogAppender.java:resetClient(111)) - omNode-1@group-523986131536->omNode-2-GrpcLogAppender: Leader has not got in touch with Follower omNode-1@group-523986131536->omNode-2(c-1,m0,n59, attendVote=true, lastRpcSendTime=1, lastRpcResponseTime=2720) yet, just keep nextIndex unchanged and retry.
2022-10-04 13:26:17,256 [grpc-default-executor-3] WARN  server.GrpcLogAppender (LogUtils.java:warn(122)) - omNode-1@group-523986131536->omNode-2-AppendLogResponseHandler: Failed appendEntries: org.apache.ratis.thirdparty.io.grpc.StatusRuntimeException: UNAVAILABLE: io exception
2022-10-04 13:26:17,257 [grpc-default-executor-3] WARN  server.GrpcLogAppender (GrpcLogAppender.java:resetClient(111)) - omNode-1@group-523986131536->omNode-2-GrpcLogAppender: Leader has not got in touch with Follower omNode-1@group-523986131536->omNode-2(c-1,m0,n59, attendVote=true, lastRpcSendTime=0, lastRpcResponseTime=2971) yet, just keep nextIndex unchanged and retry.
2022-10-04 13:26:17,506 [grpc-default-executor-3] WARN  server.GrpcLogAppender (LogUtils.java:warn(122)) - omNode-1@group-523986131536->omNode-2-AppendLogResponseHandler: Failed appendEntries: org.apache.ratis.thirdparty.io.grpc.StatusRuntimeException: UNAVAILABLE: io exception
2022-10-04 13:26:17,507 [grpc-default-executor-3] WARN  server.GrpcLogAppender (GrpcLogAppender.java:resetClient(111)) - omNode-1@group-523986131536->omNode-2-GrpcLogAppender: Leader has not got in touch with Follower omNode-1@group-523986131536->omNode-2(c-1,m0,n59, attendVote=true, lastRpcSendTime=0, lastRpcResponseTime=3221) yet, just keep nextIndex unchanged and retry.
2022-10-04 13:26:17,757 [grpc-default-executor-3] WARN  server.GrpcLogAppender (LogUtils.java:warn(122)) - omNode-1@group-523986131536->omNode-2-AppendLogResponseHandler: Failed appendEntries: org.apache.ratis.thirdparty.io.grpc.StatusRuntimeException: UNAVAILABLE: io exception
2022-10-04 13:26:17,758 [grpc-default-executor-3] WARN  server.GrpcLogAppender (GrpcLogAppender.java:resetClient(111)) - omNode-1@group-523986131536->omNode-2-GrpcLogAppender: Leader has not got in touch with Follower omNode-1@group-523986131536->omNode-2(c-1,m0,n59, attendVote=true, lastRpcSendTime=1, lastRpcResponseTime=3471) yet, just keep nextIndex unchanged and retry.
2022-10-04 13:26:18,007 [grpc-default-executor-3] WARN  server.GrpcLogAppender (LogUtils.java:warn(122)) - omNode-1@group-523986131536->omNode-2-AppendLogResponseHandler: Failed appendEntries: org.apache.ratis.thirdparty.io.grpc.StatusRuntimeException: UNAVAILABLE: io exception
2022-10-04 13:26:18,008 [grpc-default-executor-3] WARN  server.GrpcLogAppender (GrpcLogAppender.java:resetClient(111)) - omNode-1@group-523986131536->omNode-2-GrpcLogAppender: Leader has not got in touch with Follower omNode-1@group-523986131536->omNode-2(c-1,m0,n59, attendVote=true, lastRpcSendTime=0, lastRpcResponseTime=3722) yet, just keep nextIndex unchanged and retry.
2022-10-04 13:26:18,258 [grpc-default-executor-3] WARN  server.GrpcLogAppender (LogUtils.java:warn(122)) - omNode-1@group-523986131536->omNode-2-AppendLogResponseHandler: Failed appendEntries: org.apache.ratis.thirdparty.io.grpc.StatusRuntimeException: UNAVAILABLE: io exception
2022-10-04 13:26:18,259 [grpc-default-executor-3] WARN  server.GrpcLogAppender (GrpcLogAppender.java:resetClient(111)) - omNode-1@group-523986131536->omNode-2-GrpcLogAppender: Leader has not got in touch with Follower omNode-1@group-523986131536->omNode-2(c-1,m0,n59, attendVote=true, lastRpcSendTime=0, lastRpcResponseTime=3973) yet, just keep nextIndex unchanged and retry.
2022-10-04 13:26:18,508 [grpc-default-executor-2] WARN  server.GrpcLogAppender (LogUtils.java:warn(122)) - omNode-1@group-523986131536->omNode-2-AppendLogResponseHandler: Failed appendEntries: org.apache.ratis.thirdparty.io.grpc.StatusRuntimeException: UNAVAILABLE: io exception
2022-10-04 13:26:18,509 [grpc-default-executor-2] WARN  server.GrpcLogAppender (GrpcLogAppender.java:resetClient(111)) - omNode-1@group-523986131536->omNode-2-GrpcLogAppender: Leader has not got in touch with Follower omNode-1@group-523986131536->omNode-2(c-1,m0,n59, attendVote=true, lastRpcSendTime=0, lastRpcResponseTime=4223) yet, just keep nextIndex unchanged and retry.
2022-10-04 13:26:18,759 [grpc-default-executor-2] WARN  server.GrpcLogAppender (LogUtils.java:warn(122)) - omNode-1@group-523986131536->omNode-2-AppendLogResponseHandler: Failed appendEntries: org.apache.ratis.thirdparty.io.grpc.StatusRuntimeException: UNAVAILABLE: io exception
2022-10-04 13:26:18,760 [grpc-default-executor-2] WARN  server.GrpcLogAppender (GrpcLogAppender.java:resetClient(111)) - omNode-1@group-523986131536->omNode-2-GrpcLogAppender: Leader has not got in touch with Follower omNode-1@group-523986131536->omNode-2(c-1,m0,n59, attendVote=true, lastRpcSendTime=1, lastRpcResponseTime=4474) yet, just keep nextIndex unchanged and retry.
2022-10-04 13:26:19,009 [grpc-default-executor-2] WARN  server.GrpcLogAppender (LogUtils.java:warn(122)) - omNode-1@group-523986131536->omNode-2-AppendLogResponseHandler: Failed appendEntries: org.apache.ratis.thirdparty.io.grpc.StatusRuntimeException: UNAVAILABLE: io exception
2022-10-04 13:26:19,010 [grpc-default-executor-2] WARN  server.GrpcLogAppender (GrpcLogAppender.java:resetClient(111)) - omNode-1@group-523986131536->omNode-2-GrpcLogAppender: Leader has not got in touch with Follower omNode-1@group-523986131536->omNode-2(c-1,m0,n59, attendVote=true, lastRpcSendTime=1, lastRpcResponseTime=4724) yet, just keep nextIndex unchanged and retry.
2022-10-04 13:26:19,260 [grpc-default-executor-2] WARN  server.GrpcLogAppender (LogUtils.java:warn(122)) - omNode-1@group-523986131536->omNode-2-AppendLogResponseHandler: Failed appendEntries: org.apache.ratis.thirdparty.io.grpc.StatusRuntimeException: UNAVAILABLE: io exception
2022-10-04 13:26:19,261 [grpc-default-executor-2] WARN  server.GrpcLogAppender (GrpcLogAppender.java:resetClient(111)) - omNode-1@group-523986131536->omNode-2-GrpcLogAppender: Leader has not got in touch with Follower omNode-1@group-523986131536->omNode-2(c-1,m0,n59, attendVote=true, lastRpcSendTime=0, lastRpcResponseTime=4975) yet, just keep nextIndex unchanged and retry.
2022-10-04 13:26:19,511 [grpc-default-executor-2] WARN  server.GrpcLogAppender (LogUtils.java:warn(122)) - omNode-1@group-523986131536->omNode-2-AppendLogResponseHandler: Failed appendEntries: org.apache.ratis.thirdparty.io.grpc.StatusRuntimeException: UNAVAILABLE: io exception
2022-10-04 13:26:19,511 [grpc-default-executor-2] WARN  server.GrpcLogAppender (GrpcLogAppender.java:resetClient(111)) - omNode-1@group-523986131536->omNode-2-GrpcLogAppender: Leader has not got in touch with Follower omNode-1@group-523986131536->omNode-2(c-1,m0,n59, attendVote=true, lastRpcSendTime=0, lastRpcResponseTime=5225) yet, just keep nextIndex unchanged and retry.
2022-10-04 13:26:19,761 [grpc-default-executor-2] WARN  server.GrpcLogAppender (LogUtils.java:warn(122)) - omNode-1@group-523986131536->omNode-2-AppendLogResponseHandler: Failed appendEntries: org.apache.ratis.thirdparty.io.grpc.StatusRuntimeException: UNAVAILABLE: io exception
2022-10-04 13:26:19,762 [grpc-default-executor-2] WARN  server.GrpcLogAppender (GrpcLogAppender.java:resetClient(111)) - omNode-1@group-523986131536->omNode-2-GrpcLogAppender: Leader has not got in touch with Follower omNode-1@group-523986131536->omNode-2(c-1,m0,n59, attendVote=true, lastRpcSendTime=251, lastRpcResponseTime=5476) yet, just keep nextIndex unchanged and retry.
2022-10-04 13:26:20,013 [grpc-default-executor-2] WARN  server.GrpcLogAppender (LogUtils.java:warn(122)) - omNode-1@group-523986131536->omNode-2-AppendLogResponseHandler: Failed appendEntries: org.apache.ratis.thirdparty.io.grpc.StatusRuntimeException: UNAVAILABLE: io exception
2022-10-04 13:26:20,014 [grpc-default-executor-2] WARN  server.GrpcLogAppender (GrpcLogAppender.java:resetClient(111)) - omNode-1@group-523986131536->omNode-2-GrpcLogAppender: Leader has not got in touch with Follower omNode-1@group-523986131536->omNode-2(c-1,m0,n59, attendVote=true, lastRpcSendTime=1, lastRpcResponseTime=5728) yet, just keep nextIndex unchanged and retry.
2022-10-04 13:26:20,272 [grpc-default-executor-2] WARN  server.GrpcLogAppender (LogUtils.java:warn(122)) - omNode-1@group-523986131536->omNode-2-AppendLogResponseHandler: Failed appendEntries: org.apache.ratis.thirdparty.io.grpc.StatusRuntimeException: UNAVAILABLE: io exception
2022-10-04 13:26:20,273 [grpc-default-executor-2] WARN  server.GrpcLogAppender (GrpcLogAppender.java:resetClient(111)) - omNode-1@group-523986131536->omNode-2-GrpcLogAppender: Leader has not got in touch with Follower omNode-1@group-523986131536->omNode-2(c-1,m0,n59, attendVote=true, lastRpcSendTime=9, lastRpcResponseTime=5987) yet, just keep nextIndex unchanged and retry.
2022-10-04 13:26:20,514 [grpc-default-executor-2] WARN  server.GrpcLogAppender (LogUtils.java:warn(122)) - omNode-1@group-523986131536->omNode-2-AppendLogResponseHandler: Failed appendEntries: org.apache.ratis.thirdparty.io.grpc.StatusRuntimeException: UNAVAILABLE: io exception
2022-10-04 13:26:20,515 [grpc-default-executor-2] WARN  server.GrpcLogAppender (GrpcLogAppender.java:resetClient(111)) - omNode-1@group-523986131536->omNode-2-GrpcLogAppender: Leader has not got in touch with Follower omNode-1@group-523986131536->omNode-2(c-1,m0,n59, attendVote=true, lastRpcSendTime=0, lastRpcResponseTime=6229) yet, just keep nextIndex unchanged and retry.
2022-10-04 13:26:20,764 [grpc-default-executor-2] WARN  server.GrpcLogAppender (LogUtils.java:warn(122)) - omNode-1@group-523986131536->omNode-2-AppendLogResponseHandler: Failed appendEntries: org.apache.ratis.thirdparty.io.grpc.StatusRuntimeException: UNAVAILABLE: io exception
2022-10-04 13:26:20,765 [grpc-default-executor-2] WARN  server.GrpcLogAppender (GrpcLogAppender.java:resetClient(111)) - omNode-1@group-523986131536->omNode-2-GrpcLogAppender: Leader has not got in touch with Follower omNode-1@group-523986131536->omNode-2(c-1,m0,n59, attendVote=true, lastRpcSendTime=0, lastRpcResponseTime=6479) yet, just keep nextIndex unchanged and retry.
2022-10-04 13:26:21,017 [grpc-default-executor-2] WARN  server.GrpcLogAppender (LogUtils.java:warn(122)) - omNode-1@group-523986131536->omNode-2-AppendLogResponseHandler: Failed appendEntries: org.apache.ratis.thirdparty.io.grpc.StatusRuntimeException: UNAVAILABLE: io exception
2022-10-04 13:26:21,018 [grpc-default-executor-2] WARN  server.GrpcLogAppender (GrpcLogAppender.java:resetClient(111)) - omNode-1@group-523986131536->omNode-2-GrpcLogAppender: Leader has not got in touch with Follower omNode-1@group-523986131536->omNode-2(c-1,m0,n59, attendVote=true, lastRpcSendTime=1, lastRpcResponseTime=6732) yet, just keep nextIndex unchanged and retry.
2022-10-04 13:26:21,267 [grpc-default-executor-2] WARN  server.GrpcLogAppender (LogUtils.java:warn(122)) - omNode-1@group-523986131536->omNode-2-AppendLogResponseHandler: Failed appendEntries: org.apache.ratis.thirdparty.io.grpc.StatusRuntimeException: UNAVAILABLE: io exception
2022-10-04 13:26:21,268 [grpc-default-executor-2] WARN  server.GrpcLogAppender (GrpcLogAppender.java:resetClient(111)) - omNode-1@group-523986131536->omNode-2-GrpcLogAppender: Leader has not got in touch with Follower omNode-1@group-523986131536->omNode-2(c-1,m0,n59, attendVote=true, lastRpcSendTime=1, lastRpcResponseTime=6982) yet, just keep nextIndex unchanged and retry.
2022-10-04 13:26:21,518 [grpc-default-executor-2] WARN  server.GrpcLogAppender (LogUtils.java:warn(122)) - omNode-1@group-523986131536->omNode-2-AppendLogResponseHandler: Failed appendEntries: org.apache.ratis.thirdparty.io.grpc.StatusRuntimeException: UNAVAILABLE: io exception
2022-10-04 13:26:21,519 [grpc-default-executor-2] WARN  server.GrpcLogAppender (GrpcLogAppender.java:resetClient(111)) - omNode-1@group-523986131536->omNode-2-GrpcLogAppender: Leader has not got in touch with Follower omNode-1@group-523986131536->omNode-2(c-1,m0,n59, attendVote=true, lastRpcSendTime=0, lastRpcResponseTime=7233) yet, just keep nextIndex unchanged and retry.
2022-10-04 13:26:21,768 [grpc-default-executor-2] WARN  server.GrpcLogAppender (LogUtils.java:warn(122)) - omNode-1@group-523986131536->omNode-2-AppendLogResponseHandler: Failed appendEntries: org.apache.ratis.thirdparty.io.grpc.StatusRuntimeException: UNAVAILABLE: io exception
2022-10-04 13:26:21,769 [grpc-default-executor-2] WARN  server.GrpcLogAppender (GrpcLogAppender.java:resetClient(111)) - omNode-1@group-523986131536->omNode-2-GrpcLogAppender: Leader has not got in touch with Follower omNode-1@group-523986131536->omNode-2(c-1,m0,n59, attendVote=true, lastRpcSendTime=0, lastRpcResponseTime=7483) yet, just keep nextIndex unchanged and retry.
2022-10-04 13:26:21,854 [Listener at localhost/45931] INFO  retry.RetryInvocationHandler (RetryInvocationHandler.java:log(411)) - com.google.protobuf.ServiceException: java.io.EOFException: End of File Exception between local host is: "fv-az573-645/10.1.1.108"; destination host is: "localhost":45931; : java.io.EOFException; For more details see:  http://wiki.apache.org/hadoop/EOFException, while invoking $Proxy55.submitRequest over nodeId=omNode-2,nodeAddress=127.0.0.1:45931. Trying to failover immediately.
2022-10-04 13:26:21,861 [Listener at localhost/45931] INFO  retry.RetryInvocationHandler (RetryInvocationHandler.java:log(411)) - com.google.protobuf.ServiceException: org.apache.hadoop.ipc.RemoteException(org.apache.hadoop.ozone.om.exceptions.OMNotLeaderException): OM:omNode-3 is not the leader. Could not determine the leader node.
	at org.apache.hadoop.ozone.protocolPB.OzoneManagerProtocolServerSideTranslatorPB.createNotLeaderException(OzoneManagerProtocolServerSideTranslatorPB.java:248)
	at org.apache.hadoop.ozone.protocolPB.OzoneManagerProtocolServerSideTranslatorPB.createLeaderErrorException(OzoneManagerProtocolServerSideTranslatorPB.java:235)
	at org.apache.hadoop.ozone.protocolPB.OzoneManagerProtocolServerSideTranslatorPB.submitReadRequestToOM(OzoneManagerProtocolServerSideTranslatorPB.java:228)
	at org.apache.hadoop.ozone.protocolPB.OzoneManagerProtocolServerSideTranslatorPB.processRequest(OzoneManagerProtocolServerSideTranslatorPB.java:175)
	at org.apache.hadoop.hdds.server.OzoneProtocolMessageDispatcher.processRequest(OzoneProtocolMessageDispatcher.java:87)
	at org.apache.hadoop.ozone.protocolPB.OzoneManagerProtocolServerSideTranslatorPB.submitRequest(OzoneManagerProtocolServerSideTranslatorPB.java:147)
	at org.apache.hadoop.ozone.protocol.proto.OzoneManagerProtocolProtos$OzoneManagerService$2.callBlockingMethod(OzoneManagerProtocolProtos.java)
	at org.apache.hadoop.ipc.ProtobufRpcEngine$Server.processCall(ProtobufRpcEngine.java:466)
	at org.apache.hadoop.ipc.ProtobufRpcEngine2$Server$ProtoBufRpcInvoker.call(ProtobufRpcEngine2.java:574)
	at org.apache.hadoop.ipc.ProtobufRpcEngine2$Server$ProtoBufRpcInvoker.call(ProtobufRpcEngine2.java:552)
	at org.apache.hadoop.ipc.RPC$Server.call(RPC.java:1093)
	at org.apache.hadoop.ipc.Server$RpcCall.run(Server.java:1035)
	at org.apache.hadoop.ipc.Server$RpcCall.run(Server.java:963)
	at java.security.AccessController.doPrivileged(Native Method)
	at javax.security.auth.Subject.doAs(Subject.java:422)
	at org.apache.hadoop.security.UserGroupInformation.doAs(UserGroupInformation.java:1878)
	at org.apache.hadoop.ipc.Server$Handler.run(Server.java:2966)
, while invoking $Proxy55.submitRequest over nodeId=omNode-3,nodeAddress=127.0.0.1:43101 after 1 failover attempts. Trying to failover after sleeping for 2000ms.
2022-10-04 13:26:22,019 [grpc-default-executor-2] WARN  server.GrpcLogAppender (LogUtils.java:warn(122)) - omNode-1@group-523986131536->omNode-2-AppendLogResponseHandler: Failed appendEntries: org.apache.ratis.thirdparty.io.grpc.StatusRuntimeException: UNAVAILABLE: io exception
2022-10-04 13:26:22,019 [grpc-default-executor-2] WARN  server.GrpcLogAppender (GrpcLogAppender.java:resetClient(111)) - omNode-1@group-523986131536->omNode-2-GrpcLogAppender: Leader has not got in touch with Follower omNode-1@group-523986131536->omNode-2(c-1,m0,n59, attendVote=true, lastRpcSendTime=0, lastRpcResponseTime=7733) yet, just keep nextIndex unchanged and retry.
2022-10-04 13:26:22,269 [grpc-default-executor-2] WARN  server.GrpcLogAppender (LogUtils.java:warn(122)) - omNode-1@group-523986131536->omNode-2-AppendLogResponseHandler: Failed appendEntries: org.apache.ratis.thirdparty.io.grpc.StatusRuntimeException: UNAVAILABLE: io exception
2022-10-04 13:26:22,270 [grpc-default-executor-2] WARN  server.GrpcLogAppender (GrpcLogAppender.java:resetClient(111)) - omNode-1@group-523986131536->omNode-2-GrpcLogAppender: Leader has not got in touch with Follower omNode-1@group-523986131536->omNode-2(c-1,m0,n59, attendVote=true, lastRpcSendTime=251, lastRpcResponseTime=7984) yet, just keep nextIndex unchanged and retry.
2022-10-04 13:26:22,522 [grpc-default-executor-2] WARN  server.GrpcLogAppender (LogUtils.java:warn(122)) - omNode-1@group-523986131536->omNode-2-AppendLogResponseHandler: Failed appendEntries: org.apache.ratis.thirdparty.io.grpc.StatusRuntimeException: UNAVAILABLE: io exception
2022-10-04 13:26:22,523 [grpc-default-executor-2] WARN  server.GrpcLogAppender (GrpcLogAppender.java:resetClient(111)) - omNode-1@group-523986131536->omNode-2-GrpcLogAppender: Leader has not got in touch with Follower omNode-1@group-523986131536->omNode-2(c-1,m0,n59, attendVote=true, lastRpcSendTime=0, lastRpcResponseTime=8237) yet, just keep nextIndex unchanged and retry.
2022-10-04 13:26:22,773 [grpc-default-executor-2] WARN  server.GrpcLogAppender (LogUtils.java:warn(122)) - omNode-1@group-523986131536->omNode-2-AppendLogResponseHandler: Failed appendEntries: org.apache.ratis.thirdparty.io.grpc.StatusRuntimeException: UNAVAILABLE: io exception
2022-10-04 13:26:22,774 [grpc-default-executor-2] WARN  server.GrpcLogAppender (GrpcLogAppender.java:resetClient(111)) - omNode-1@group-523986131536->omNode-2-GrpcLogAppender: Leader has not got in touch with Follower omNode-1@group-523986131536->omNode-2(c-1,m0,n59, attendVote=true, lastRpcSendTime=1, lastRpcResponseTime=8488) yet, just keep nextIndex unchanged and retry.
2022-10-04 13:26:23,023 [grpc-default-executor-2] WARN  server.GrpcLogAppender (LogUtils.java:warn(122)) - omNode-1@group-523986131536->omNode-2-AppendLogResponseHandler: Failed appendEntries: org.apache.ratis.thirdparty.io.grpc.StatusRuntimeException: UNAVAILABLE: io exception
2022-10-04 13:26:23,024 [grpc-default-executor-2] WARN  server.GrpcLogAppender (GrpcLogAppender.java:resetClient(111)) - omNode-1@group-523986131536->omNode-2-GrpcLogAppender: Leader has not got in touch with Follower omNode-1@group-523986131536->omNode-2(c-1,m0,n59, attendVote=true, lastRpcSendTime=0, lastRpcResponseTime=8738) yet, just keep nextIndex unchanged and retry.
2022-10-04 13:26:23,274 [grpc-default-executor-2] WARN  server.GrpcLogAppender (LogUtils.java:warn(122)) - omNode-1@group-523986131536->omNode-2-AppendLogResponseHandler: Failed appendEntries: org.apache.ratis.thirdparty.io.grpc.StatusRuntimeException: UNAVAILABLE: io exception
2022-10-04 13:26:23,274 [grpc-default-executor-2] WARN  server.GrpcLogAppender (GrpcLogAppender.java:resetClient(111)) - omNode-1@group-523986131536->omNode-2-GrpcLogAppender: Leader has not got in touch with Follower omNode-1@group-523986131536->omNode-2(c-1,m0,n59, attendVote=true, lastRpcSendTime=0, lastRpcResponseTime=8988) yet, just keep nextIndex unchanged and retry.
2022-10-04 13:26:23,524 [grpc-default-executor-2] WARN  server.GrpcLogAppender (LogUtils.java:warn(122)) - omNode-1@group-523986131536->omNode-2-AppendLogResponseHandler: Failed appendEntries: org.apache.ratis.thirdparty.io.grpc.StatusRuntimeException: UNAVAILABLE: io exception
2022-10-04 13:26:23,525 [grpc-default-executor-2] WARN  server.GrpcLogAppender (GrpcLogAppender.java:resetClient(111)) - omNode-1@group-523986131536->omNode-2-GrpcLogAppender: Leader has not got in touch with Follower omNode-1@group-523986131536->omNode-2(c-1,m0,n59, attendVote=true, lastRpcSendTime=0, lastRpcResponseTime=9239) yet, just keep nextIndex unchanged and retry.
2022-10-04 13:26:23,774 [grpc-default-executor-2] WARN  server.GrpcLogAppender (LogUtils.java:warn(122)) - omNode-1@group-523986131536->omNode-2-AppendLogResponseHandler: Failed appendEntries: org.apache.ratis.thirdparty.io.grpc.StatusRuntimeException: UNAVAILABLE: io exception
2022-10-04 13:26:23,775 [grpc-default-executor-2] WARN  server.GrpcLogAppender (GrpcLogAppender.java:resetClient(111)) - omNode-1@group-523986131536->omNode-2-GrpcLogAppender: Leader has not got in touch with Follower omNode-1@group-523986131536->omNode-2(c-1,m0,n59, attendVote=true, lastRpcSendTime=0, lastRpcResponseTime=9489) yet, just keep nextIndex unchanged and retry.
2022-10-04 13:26:23,873 [Listener at localhost/45931] INFO  om.OzoneManager (OzoneManager.java:stop(2036)) - omNode-3[localhost:43101]: Stopping Ozone Manager
2022-10-04 13:26:23,874 [Listener at localhost/45931] INFO  ipc.Server (Server.java:stop(3414)) - Stopping server on 43101
2022-10-04 13:26:23,876 [IPC Server listener on 43101] INFO  ipc.Server (Server.java:run(1376)) - Stopping IPC Server listener on 43101
2022-10-04 13:26:23,876 [IPC Server Responder] INFO  ipc.Server (Server.java:run(1512)) - Stopping IPC Server Responder
2022-10-04 13:26:23,879 [Listener at localhost/45931] INFO  server.RaftServer (RaftServerProxy.java:lambda$close$7(398)) - omNode-3: close
2022-10-04 13:26:23,879 [Listener at localhost/45931] INFO  server.RaftServer$Division (RaftServerImpl.java:lambda$close$4(434)) - omNode-3@group-523986131536: shutdown
2022-10-04 13:26:23,879 [Listener at localhost/45931] INFO  util.JmxRegister (JmxRegister.java:unregister(73)) - Successfully un-registered JMX Bean with object name Ratis:service=RaftServer,group=group-523986131536,id=omNode-3
2022-10-04 13:26:23,879 [Listener at localhost/45931] INFO  impl.RoleInfo (RoleInfo.java:shutdownFollowerState(110)) - omNode-3: shutdown omNode-3@group-523986131536-FollowerState
2022-10-04 13:26:23,879 [omNode-3@group-523986131536-FollowerState] INFO  impl.FollowerState (FollowerState.java:run(152)) - omNode-3@group-523986131536-FollowerState was interrupted
2022-10-04 13:26:23,880 [omNode-3@group-523986131536-StateMachineUpdater] INFO  ratis.OzoneManagerStateMachine (OzoneManagerStateMachine.java:takeSnapshot(441)) - Current Snapshot Index (t:5, i:58)
2022-10-04 13:26:23,880 [omNode-3@group-523986131536-StateMachineUpdater] INFO  impl.StateMachineUpdater (StateMachineUpdater.java:takeSnapshot(287)) - omNode-3@group-523986131536-StateMachineUpdater: Took a snapshot at index 58
2022-10-04 13:26:23,880 [omNode-3@group-523986131536-StateMachineUpdater] INFO  impl.StateMachineUpdater (StateMachineUpdater.java:lambda$new$0(92)) - omNode-3@group-523986131536-StateMachineUpdater: snapshotIndex: updateIncreasingly 29 -> 58
2022-10-04 13:26:23,881 [omNode-3@group-523986131536-StateMachineUpdater] INFO  raftlog.RaftLog (RaftLogBase.java:purge(308)) - omNode-3@group-523986131536-SegmentedRaftLog: purge 58
2022-10-04 13:26:23,881 [omNode-3@group-523986131536-StateMachineUpdater] INFO  raftlog.RaftLog (RaftLogBase.java:lambda$new$0(53)) - omNode-3@group-523986131536-SegmentedRaftLog: snapshotIndex: updateIncreasingly 29 -> 58
2022-10-04 13:26:23,881 [omNode-3@group-523986131536-StateMachineUpdater] INFO  ratis.OzoneManagerStateMachine (OzoneManagerStateMachine.java:close(495)) - StateMachine has shutdown. Shutdown OzoneManager if not already shutdown.
2022-10-04 13:26:23,881 [omNode-3@group-523986131536-StateMachineUpdater] INFO  ratis.OzoneManagerDoubleBuffer (OzoneManagerDoubleBuffer.java:stop(466)) - Stopping OMDoubleBuffer flush thread
2022-10-04 13:26:23,881 [OMDoubleBufferFlushThread] INFO  ratis.OzoneManagerDoubleBuffer (OzoneManagerDoubleBuffer.java:flushTransactions(385)) - OMDoubleBuffer flush thread OMDoubleBufferFlushThread is interrupted and will exit.
2022-10-04 13:26:23,881 [omNode-3@group-523986131536-SegmentedRaftLogWorker] INFO  raftlog.RaftLog (RaftLogBase.java:lambda$new$0(53)) - omNode-3@group-523986131536-SegmentedRaftLog: purgeIndex: updateToMax old=-1, new=56, updated? true
2022-10-04 13:26:23,885 [Listener at localhost/45931] INFO  impl.StateMachineUpdater (StateMachineUpdater.java:stopAndJoin(153)) - omNode-3@group-523986131536-StateMachineUpdater: set stopIndex = 58
2022-10-04 13:26:23,893 [Listener at localhost/45931] INFO  server.RaftServer$Division (ServerState.java:close(429)) - omNode-3@group-523986131536: closes. applyIndex: 58
2022-10-04 13:26:23,893 [omNode-3@group-523986131536-SegmentedRaftLogWorker] INFO  segmented.SegmentedRaftLogWorker (SegmentedRaftLogWorker.java:run(336)) - omNode-3@group-523986131536-SegmentedRaftLogWorker was interrupted, exiting. There are 0 tasks remaining in the queue.
2022-10-04 13:26:23,895 [Listener at localhost/45931] INFO  segmented.SegmentedRaftLogWorker (SegmentedRaftLogWorker.java:close(246)) - omNode-3@group-523986131536-SegmentedRaftLogWorker close()
2022-10-04 13:26:23,900 [Listener at localhost/45931] INFO  server.GrpcService (GrpcService.java:closeImpl(269)) - omNode-3: shutdown server with port 35537 now
2022-10-04 13:26:23,904 [grpc-default-executor-3] WARN  server.GrpcServerProtocolService (LogUtils.java:warn(122)) - omNode-3: installSnapshot onError, lastRequest: omNode-1->omNode-3#2-t5,previous=(t:5, i:57),leaderCommit=57,initializing? true,entries: size=1, first=(t:5, i:58), METADATAENTRY(c:57): org.apache.ratis.thirdparty.io.grpc.StatusRuntimeException: CANCELLED: client cancelled
2022-10-04 13:26:23,905 [Listener at localhost/45931] INFO  server.GrpcService (GrpcService.java:closeImpl(278)) - omNode-3: shutdown server with port 35537 successfully
2022-10-04 13:26:23,907 [grpc-default-executor-3] WARN  server.GrpcLogAppender (LogUtils.java:warn(122)) - omNode-1@group-523986131536->omNode-3-AppendLogResponseHandler: Failed appendEntries: org.apache.ratis.thirdparty.io.grpc.StatusRuntimeException: CANCELLED: RST_STREAM closed stream. HTTP/2 error code: CANCEL
2022-10-04 13:26:23,907 [grpc-default-executor-3] INFO  leader.FollowerInfo (FollowerInfoImpl.java:lambda$new$0(48)) - omNode-1@group-523986131536->omNode-3: nextIndex: updateUnconditionally 59 -> 58
2022-10-04 13:26:23,909 [org.apache.ratis.util.JvmPauseMonitor$$Lambda$699/75026084@2f616e3c] INFO  util.JvmPauseMonitor (JvmPauseMonitor.java:run(109)) - JvmPauseMonitor-omNode-3: Stopped
2022-10-04 13:26:23,909 [Listener at localhost/45931] INFO  ratis.OzoneManagerStateMachine (OzoneManagerStateMachine.java:close(495)) - StateMachine has shutdown. Shutdown OzoneManager if not already shutdown.
2022-10-04 13:26:23,909 [Listener at localhost/45931] INFO  ratis.OzoneManagerDoubleBuffer (OzoneManagerDoubleBuffer.java:stop(478)) - OMDoubleBuffer flush thread is not running.
2022-10-04 13:26:23,910 [Listener at localhost/45931] INFO  handler.ContextHandler (ContextHandler.java:doStop(1153)) - Stopped o.e.j.w.WebAppContext@3172b304{ozoneManager,/,null,STOPPED}{file:/home/runner/work/ozone/ozone/hadoop-ozone/integration-test/target/test-classes/webapps/ozoneManager}
2022-10-04 13:26:23,914 [Listener at localhost/45931] INFO  server.AbstractConnector (AbstractConnector.java:doStop(381)) - Stopped ServerConnector@68c9e07b{HTTP/1.1, (http/1.1)}{0.0.0.0:41475}
2022-10-04 13:26:23,914 [Listener at localhost/45931] INFO  server.session (HouseKeeper.java:stopScavenging(149)) - node0 Stopped scavenging
2022-10-04 13:26:23,917 [Listener at localhost/45931] INFO  handler.ContextHandler (ContextHandler.java:doStop(1153)) - Stopped o.e.j.s.ServletContextHandler@2640e49d{static,/static,file:///home/runner/work/ozone/ozone/hadoop-ozone/integration-test/target/test-classes/webapps/static,STOPPED}
2022-10-04 13:26:23,918 [Listener at localhost/45931] INFO  handler.ContextHandler (ContextHandler.java:doStop(1153)) - Stopped o.e.j.s.ServletContextHandler@2245103b{logs,/logs,file:///home/runner/work/ozone/ozone/hadoop-ozone/integration-test/target/log,STOPPED}
2022-10-04 13:26:23,922 [grpc-default-executor-2] WARN  server.GrpcLogAppender (LogUtils.java:warn(122)) - omNode-1@group-523986131536->omNode-3-AppendLogResponseHandler: Failed appendEntries: org.apache.ratis.thirdparty.io.grpc.StatusRuntimeException: UNAVAILABLE: io exception
2022-10-04 13:26:23,922 [grpc-default-executor-2] INFO  leader.FollowerInfo (FollowerInfoImpl.java:lambda$new$0(48)) - omNode-1@group-523986131536->omNode-3: nextIndex: updateUnconditionally 59 -> 58
2022-10-04 13:26:23,930 [Listener at localhost/45931] INFO  om.OzoneManager (OzoneManager.java:restart(1573)) - OzoneManager RPC server is listening at localhost/127.0.0.1:43101
2022-10-04 13:26:23,930 [Listener at localhost/45931] INFO  impl.MetricsSystemImpl (MetricsSystemImpl.java:init(158)) - OzoneManager metrics system started (again)
2022-10-04 13:26:23,944 [Listener at localhost/45931] WARN  server.ServerUtils (ServerUtils.java:getDBPath(225)) - ozone.om.db.dirs is not configured. We recommend adding this setting. Falling back to ozone.metadata.dirs instead.
2022-10-04 13:26:23,945 [Listener at localhost/45931] INFO  codec.OmKeyInfoCodec (OmKeyInfoCodec.java:<init>(49)) - OmKeyInfoCodec ignorePipeline = true
2022-10-04 13:26:23,945 [Listener at localhost/45931] INFO  codec.RepeatedOmKeyInfoCodec (RepeatedOmKeyInfoCodec.java:<init>(41)) - RepeatedOmKeyInfoCodec ignorePipeline = true
2022-10-04 13:26:24,001 [Listener at localhost/45931] INFO  om.OzoneManager (OzoneManager.java:instantiateServices(710)) - S3 Multi-Tenancy is disabled
2022-10-04 13:26:24,007 [Listener at localhost/45931] WARN  impl.MetricRegistriesImpl (MetricRegistriesImpl.java:addReporterRegistration(111)) - New reporters are added after registries were created. Some metrics will be missing from the reporter. Please add reporter before adding any new registry.
2022-10-04 13:26:24,007 [Listener at localhost/45931] WARN  impl.MetricRegistriesImpl (MetricRegistriesImpl.java:addReporterRegistration(111)) - New reporters are added after registries were created. Some metrics will be missing from the reporter. Please add reporter before adding any new registry.
2022-10-04 13:26:24,007 [Listener at localhost/45931] WARN  server.ServerUtils (ServerUtils.java:getDefaultRatisDirectory(237)) - Storage directory for Ratis is not configured. It is a good idea to map this to an SSD disk. Falling back to ozone.metadata.dirs
2022-10-04 13:26:24,008 [Listener at localhost/45931] INFO  ratis.OzoneManagerRatisServer (OzoneManagerRatisServer.java:<init>(160)) - Instantiating OM Ratis server with groupID: om-service-test1 and peers: localhost:35537, localhost:42223, localhost:33535
2022-10-04 13:26:24,009 [Listener at localhost/45931] INFO  ratis.OzoneManagerStateMachine (OzoneManagerStateMachine.java:loadSnapshotInfoFromDB(632)) - LastAppliedIndex is set from TransactionInfo from OM DB as (t:5, i:58)
2022-10-04 13:26:24,013 [Listener at localhost/45931] INFO  server.RaftServer (ConfUtils.java:logGet(46)) - raft.rpc.type = GRPC (default)
2022-10-04 13:26:24,013 [Listener at localhost/45931] INFO  grpc.GrpcFactory (GrpcFactory.java:checkPooledByteBufAllocatorUseCacheForAllThreads(48)) - PERFORMANCE WARNING: useCacheForAllThreads is true that may cause Netty to create a lot garbage objects and, as a result, trigger GC.
	It is recommended to disable useCacheForAllThreads by setting -Dorg.apache.ratis.thirdparty.io.netty.allocator.useCacheForAllThreads=false in command line.
2022-10-04 13:26:24,014 [Listener at localhost/45931] INFO  grpc.GrpcConfigKeys (ConfUtils.java:logGet(46)) - raft.grpc.admin.port = -1 (default)
2022-10-04 13:26:24,014 [Listener at localhost/45931] INFO  grpc.GrpcConfigKeys (ConfUtils.java:logGet(46)) - raft.grpc.server.port = 35537 (custom)
2022-10-04 13:26:24,014 [Listener at localhost/45931] INFO  grpc.GrpcConfigKeys (ConfUtils.java:logGet(46)) - raft.grpc.client.port = -1 (default)
2022-10-04 13:26:24,014 [Listener at localhost/45931] INFO  grpc.GrpcConfigKeys (ConfUtils.java:logGet(46)) - raft.grpc.server.port = 35537 (custom)
2022-10-04 13:26:24,014 [Listener at localhost/45931] INFO  grpc.GrpcConfigKeys (ConfUtils.java:logGet(46)) - raft.grpc.server.port = 35537 (custom)
2022-10-04 13:26:24,015 [Listener at localhost/45931] INFO  server.GrpcService (ConfUtils.java:logGet(46)) - raft.grpc.message.size.max = 33554432 (custom)
2022-10-04 13:26:24,015 [Listener at localhost/45931] INFO  server.RaftServerConfigKeys (ConfUtils.java:logGet(46)) - raft.server.log.appender.buffer.byte-limit = 33554432 (custom)
2022-10-04 13:26:24,015 [Listener at localhost/45931] INFO  server.GrpcService (ConfUtils.java:logGet(46)) - raft.grpc.flow.control.window = 1MB (=1048576) (default)
2022-10-04 13:26:24,015 [Listener at localhost/45931] INFO  server.RaftServerConfigKeys (ConfUtils.java:logGet(46)) - raft.server.rpc.request.timeout = 3000ms (default)
2022-10-04 13:26:24,016 [Listener at localhost/45931] INFO  grpc.GrpcConfigKeys (ConfUtils.java:logGet(46)) - raft.grpc.server.async.request.thread.pool.cached = true (default)
2022-10-04 13:26:24,016 [Listener at localhost/45931] INFO  grpc.GrpcConfigKeys (ConfUtils.java:logGet(46)) - raft.grpc.server.async.request.thread.pool.size = 32 (default)
2022-10-04 13:26:24,018 [Listener at localhost/45931] INFO  impl.DataStreamServerImpl (ConfUtils.java:logGet(46)) - raft.datastream.type = DISABLED (default)
2022-10-04 13:26:24,018 [Listener at localhost/45931] INFO  server.RaftServerConfigKeys (ConfUtils.java:logGet(46)) - raft.server.threadpool.proxy.cached = true (default)
2022-10-04 13:26:24,018 [Listener at localhost/45931] INFO  server.RaftServerConfigKeys (ConfUtils.java:logGet(46)) - raft.server.threadpool.proxy.size = 0 (default)
2022-10-04 13:26:24,019 [Listener at localhost/45931] INFO  server.RaftServerConfigKeys (ConfUtils.java:logGet(46)) - raft.server.rpc.slowness.timeout = 2s (custom)
2022-10-04 13:26:24,019 [Listener at localhost/45931] INFO  server.RaftServerConfigKeys (ConfUtils.java:logGet(46)) - raft.server.leaderelection.leader.step-down.wait-time = 10s (default)
2022-10-04 13:26:24,019 [Listener at localhost/45931] INFO  server.RaftServerConfigKeys (ConfUtils.java:logGet(46)) - raft.server.storage.dir = [/home/runner/work/ozone/ozone/hadoop-ozone/integration-test/target/test-dir/MiniOzoneClusterImpl-6e9557d8-a31c-49e5-bba1-8bc95799a8b8/omNode-3/ratis] (custom)
2022-10-04 13:26:24,020 [omNode-3-impl-thread1] INFO  server.RaftServer (RaftServerProxy.java:initGroupDir(247)) - omNode-3: found a subdirectory /home/runner/work/ozone/ozone/hadoop-ozone/integration-test/target/test-dir/MiniOzoneClusterImpl-6e9557d8-a31c-49e5-bba1-8bc95799a8b8/omNode-3/ratis/c9bc4cf4-3bc3-3c60-a66b-523986131536
2022-10-04 13:26:24,020 [Listener at localhost/45931] INFO  server.RaftServer (RaftServerProxy.java:addNew(96)) - omNode-3: addNew group-523986131536:[omNode-3|rpc:localhost:35537|priority:0, omNode-1|rpc:localhost:42223|priority:0, omNode-2|rpc:localhost:33535|priority:0] returns group-523986131536:java.util.concurrent.CompletableFuture@3c3eef64[Not completed]
2022-10-04 13:26:24,020 [Listener at localhost/45931] INFO  om.OzoneManager (OzoneManager.java:initializeRatisServer(1977)) - OzoneManager Ratis server initialized at port 35537
2022-10-04 13:26:24,020 [Listener at localhost/45931] INFO  ratis.OzoneManagerRatisServer (OzoneManagerRatisServer.java:start(555)) - Starting OzoneManagerRatisServer omNode-3 at port 35537
2022-10-04 13:26:24,020 [pool-319-thread-1] INFO  server.RaftServer$Division (RaftServerImpl.java:<init>(190)) - omNode-3: new RaftServerImpl for group-523986131536:[omNode-3|rpc:localhost:35537|priority:0, omNode-1|rpc:localhost:42223|priority:0, omNode-2|rpc:localhost:33535|priority:0] with OzoneManagerStateMachine:uninitialized
2022-10-04 13:26:24,020 [pool-319-thread-1] INFO  server.RaftServerConfigKeys (ConfUtils.java:logGet(46)) - raft.server.rpc.timeout.min = 1s (custom)
2022-10-04 13:26:24,020 [pool-319-thread-1] INFO  server.RaftServerConfigKeys (ConfUtils.java:logGet(46)) - raft.server.rpc.timeout.max = 1200ms (custom)
2022-10-04 13:26:24,021 [pool-319-thread-1] INFO  server.RaftServerConfigKeys (ConfUtils.java:logGet(46)) - raft.server.rpc.sleep.time = 25ms (default)
2022-10-04 13:26:24,021 [pool-319-thread-1] INFO  server.RaftServerConfigKeys (ConfUtils.java:logGet(46)) - raft.server.rpc.slowness.timeout = 2s (custom)
2022-10-04 13:26:24,021 [pool-319-thread-1] INFO  server.RaftServerConfigKeys (ConfUtils.java:logGet(46)) - raft.server.leaderelection.leader.step-down.wait-time = 10s (default)
2022-10-04 13:26:24,021 [pool-319-thread-1] INFO  server.RaftServerConfigKeys (ConfUtils.java:logGet(46)) - raft.server.sleep.deviation.threshold = 300ms (default)
2022-10-04 13:26:24,021 [pool-319-thread-1] INFO  server.RaftServer$Division (ServerState.java:<init>(107)) - omNode-3@group-523986131536: ConfigurationManager, init=-1: [omNode-3|rpc:localhost:35537|priority:0, omNode-1|rpc:localhost:42223|priority:0, omNode-2|rpc:localhost:33535|priority:0], old=null, confs=<EMPTY_MAP>
2022-10-04 13:26:24,021 [pool-319-thread-1] INFO  server.RaftServerConfigKeys (ConfUtils.java:logGet(46)) - raft.server.storage.dir = [/home/runner/work/ozone/ozone/hadoop-ozone/integration-test/target/test-dir/MiniOzoneClusterImpl-6e9557d8-a31c-49e5-bba1-8bc95799a8b8/omNode-3/ratis] (custom)
2022-10-04 13:26:24,021 [pool-319-thread-1] INFO  server.RaftServerConfigKeys (ConfUtils.java:logGet(46)) - raft.server.log.corruption.policy = EXCEPTION (default)
2022-10-04 13:26:24,021 [pool-319-thread-1] INFO  server.RaftServerConfigKeys (ConfUtils.java:logGet(46)) - raft.server.storage.free-space.min = 0MB (=0) (default)
2022-10-04 13:26:24,022 [pool-319-thread-1] INFO  storage.RaftStorageDirectory (RaftStorageDirectoryImpl.java:tryLock(230)) - Lock on /home/runner/work/ozone/ozone/hadoop-ozone/integration-test/target/test-dir/MiniOzoneClusterImpl-6e9557d8-a31c-49e5-bba1-8bc95799a8b8/omNode-3/ratis/c9bc4cf4-3bc3-3c60-a66b-523986131536/in_use.lock acquired by nodename 42070@fv-az573-645
2022-10-04 13:26:24,023 [pool-319-thread-1] INFO  storage.RaftStorage (RaftStorageImpl.java:analyzeAndRecoverStorage(110)) - Read RaftStorageMetadata{term=5, votedFor=omNode-1} from /home/runner/work/ozone/ozone/hadoop-ozone/integration-test/target/test-dir/MiniOzoneClusterImpl-6e9557d8-a31c-49e5-bba1-8bc95799a8b8/omNode-3/ratis/c9bc4cf4-3bc3-3c60-a66b-523986131536/current/raft-meta
2022-10-04 13:26:24,023 [pool-319-thread-1] INFO  server.RaftServer$Division (ServerState.java:setRaftConf(393)) - omNode-3@group-523986131536: set configuration 57: [omNode-3|rpc:localhost:35537|admin:|client:|dataStream:|priority:0, omNode-1|rpc:localhost:42223|admin:|client:|dataStream:|priority:0, omNode-2|rpc:localhost:33535|admin:|client:|dataStream:|priority:0], old=null
2022-10-04 13:26:24,023 [pool-319-thread-1] INFO  server.RaftServerConfigKeys (ConfUtils.java:logGet(46)) - raft.server.notification.no-leader.timeout = 2s (custom)
2022-10-04 13:26:24,023 [pool-319-thread-1] INFO  server.RaftServerConfigKeys (ConfUtils.java:logGet(46)) - raft.server.log.use.memory = false (default)
2022-10-04 13:26:24,023 [pool-319-thread-1] INFO  server.RaftServerConfigKeys (ConfUtils.java:logGet(46)) - raft.server.log.purge.gap = 50 (custom)
2022-10-04 13:26:24,023 [pool-319-thread-1] INFO  server.RaftServerConfigKeys (ConfUtils.java:logGet(46)) - raft.server.log.appender.buffer.byte-limit = 33554432 (custom)
2022-10-04 13:26:24,024 [pool-319-thread-1] INFO  server.RaftServerConfigKeys (ConfUtils.java:logGet(46)) - raft.server.log.statemachine.data.read.timeout = 1000ms (default)
2022-10-04 13:26:24,024 [pool-319-thread-1] INFO  server.RaftServerConfigKeys (ConfUtils.java:logGet(46)) - raft.server.log.segment.size.max = 4194304 (custom)
2022-10-04 13:26:24,024 [pool-319-thread-1] INFO  server.RaftServerConfigKeys (ConfUtils.java:logGet(46)) - raft.server.log.segment.cache.num.max = 2 (custom)
2022-10-04 13:26:24,024 [pool-319-thread-1] INFO  server.RaftServerConfigKeys (ConfUtils.java:logGet(46)) - raft.server.log.segment.cache.size.max = 200MB (=209715200) (default)
2022-10-04 13:26:24,024 [pool-319-thread-1] INFO  segmented.SegmentedRaftLogWorker (SegmentedRaftLogWorker.java:<init>(187)) - new omNode-3@group-523986131536-SegmentedRaftLogWorker for RaftStorageImpl:Storage Directory /home/runner/work/ozone/ozone/hadoop-ozone/integration-test/target/test-dir/MiniOzoneClusterImpl-6e9557d8-a31c-49e5-bba1-8bc95799a8b8/omNode-3/ratis/c9bc4cf4-3bc3-3c60-a66b-523986131536
2022-10-04 13:26:24,024 [pool-319-thread-1] INFO  server.RaftServerConfigKeys (ConfUtils.java:logGet(46)) - raft.server.log.queue.byte-limit = 64MB (=67108864) (default)
2022-10-04 13:26:24,024 [pool-319-thread-1] INFO  server.RaftServerConfigKeys (ConfUtils.java:logGet(46)) - raft.server.log.queue.element-limit = 4096 (default)
2022-10-04 13:26:24,025 [pool-319-thread-1] INFO  server.RaftServerConfigKeys (ConfUtils.java:logGet(46)) - raft.server.log.segment.size.max = 4194304 (custom)
2022-10-04 13:26:24,025 [pool-319-thread-1] INFO  server.RaftServerConfigKeys (ConfUtils.java:logGet(46)) - raft.server.log.preallocated.size = 4194304 (custom)
2022-10-04 13:26:24,025 [pool-319-thread-1] INFO  server.RaftServerConfigKeys (ConfUtils.java:logGet(46)) - raft.server.log.force.sync.num = 128 (default)
2022-10-04 13:26:24,025 [pool-319-thread-1] INFO  server.RaftServerConfigKeys (ConfUtils.java:logGet(46)) - raft.server.log.statemachine.data.sync = true (default)
2022-10-04 13:26:24,025 [pool-319-thread-1] INFO  server.RaftServerConfigKeys (ConfUtils.java:logGet(46)) - raft.server.log.statemachine.data.sync.timeout = 10s (default)
2022-10-04 13:26:24,025 [grpc-default-executor-2] WARN  server.GrpcLogAppender (LogUtils.java:warn(122)) - omNode-1@group-523986131536->omNode-2-AppendLogResponseHandler: Failed appendEntries: org.apache.ratis.thirdparty.io.grpc.StatusRuntimeException: UNAVAILABLE: io exception
2022-10-04 13:26:24,025 [pool-319-thread-1] INFO  server.RaftServerConfigKeys (ConfUtils.java:logGet(46)) - raft.server.log.statemachine.data.sync.timeout.retry = -1 (default)
2022-10-04 13:26:24,026 [grpc-default-executor-2] WARN  server.GrpcLogAppender (GrpcLogAppender.java:resetClient(111)) - omNode-1@group-523986131536->omNode-2-GrpcLogAppender: Leader has not got in touch with Follower omNode-1@group-523986131536->omNode-2(c-1,m0,n59, attendVote=true, lastRpcSendTime=0, lastRpcResponseTime=9740) yet, just keep nextIndex unchanged and retry.
2022-10-04 13:26:24,026 [pool-319-thread-1] INFO  server.RaftServerConfigKeys (ConfUtils.java:logGet(46)) - raft.server.log.write.buffer.size = 64KB (=65536) (default)
2022-10-04 13:26:24,026 [pool-319-thread-1] INFO  server.RaftServerConfigKeys (ConfUtils.java:logGet(46)) - raft.server.log.unsafe-flush.enabled = false (default)
2022-10-04 13:26:24,027 [pool-319-thread-1] INFO  server.RaftServerConfigKeys (ConfUtils.java:logGet(46)) - raft.server.log.statemachine.data.caching.enabled = false (default)
2022-10-04 13:26:24,027 [pool-319-thread-1] INFO  server.RaftServer$Division (ServerState.java:setRaftConf(393)) - omNode-3@group-523986131536: set configuration 57: [omNode-3|rpc:localhost:35537|admin:|client:|dataStream:|priority:0, omNode-1|rpc:localhost:42223|admin:|client:|dataStream:|priority:0, omNode-2|rpc:localhost:33535|admin:|client:|dataStream:|priority:0], old=null
2022-10-04 13:26:24,028 [pool-319-thread-1] INFO  segmented.LogSegment (LogSegment.java:loadSegment(173)) - Successfully read 2 entries from segment file /home/runner/work/ozone/ozone/hadoop-ozone/integration-test/target/test-dir/MiniOzoneClusterImpl-6e9557d8-a31c-49e5-bba1-8bc95799a8b8/omNode-3/ratis/c9bc4cf4-3bc3-3c60-a66b-523986131536/current/log_inprogress_57
2022-10-04 13:26:24,028 [pool-319-thread-1] INFO  segmented.SegmentedRaftLogWorker (SegmentedRaftLogWorker.java:lambda$new$0(135)) - omNode-3@group-523986131536-SegmentedRaftLogWorker: flushIndex: setUnconditionally 0 -> 58
2022-10-04 13:26:24,028 [pool-319-thread-1] INFO  segmented.SegmentedRaftLogWorker (SegmentedRaftLogWorker.java:lambda$new$0(135)) - omNode-3@group-523986131536-SegmentedRaftLogWorker: safeCacheEvictIndex: setUnconditionally 0 -> -1
2022-10-04 13:26:24,029 [pool-319-thread-1] INFO  raftlog.RaftLog (RaftLogBase.java:lambda$new$0(53)) - omNode-3@group-523986131536-SegmentedRaftLog: commitIndex: updateToMax old=58, new=57, updated? false
2022-10-04 13:26:24,029 [pool-319-thread-1] INFO  raftlog.RaftLog (RaftLogBase.java:lambda$new$0(53)) - omNode-3@group-523986131536-SegmentedRaftLog: purgeIndex: updateIncreasingly -1 -> 56
2022-10-04 13:26:24,029 [pool-319-thread-1] INFO  server.RaftServerConfigKeys (ConfUtils.java:logGet(46)) - raft.server.snapshot.auto.trigger.enabled = true (custom)
2022-10-04 13:26:24,029 [pool-319-thread-1] INFO  server.RaftServerConfigKeys (ConfUtils.java:logGet(46)) - raft.server.snapshot.auto.trigger.threshold = 50 (custom)
2022-10-04 13:26:24,030 [pool-319-thread-1] INFO  server.RaftServerConfigKeys (ConfUtils.java:logGet(46)) - raft.server.snapshot.retention.file.num = -1 (default)
2022-10-04 13:26:24,030 [pool-319-thread-1] INFO  server.RaftServerConfigKeys (ConfUtils.java:logGet(46)) - raft.server.log.purge.upto.snapshot.index = true (custom)
2022-10-04 13:26:24,030 [pool-319-thread-1] INFO  server.RaftServerConfigKeys (ConfUtils.java:logGet(46)) - raft.server.retrycache.expirytime = 30000ms (custom)
2022-10-04 13:26:24,030 [pool-319-thread-1] INFO  server.RaftServerConfigKeys (ConfUtils.java:logGet(46)) - raft.server.retrycache.statistics.expirytime = 100μs (default)
2022-10-04 13:26:24,031 [pool-319-thread-1] INFO  server.RaftServerConfigKeys (ConfUtils.java:logGet(46)) - raft.server.log.appender.install.snapshot.enabled = false (custom)
2022-10-04 13:26:24,032 [pool-319-thread-1] INFO  server.RaftServerConfigKeys (ConfUtils.java:logGet(46)) - raft.server.threadpool.server.cached = true (default)
2022-10-04 13:26:24,032 [pool-319-thread-1] INFO  server.RaftServerConfigKeys (ConfUtils.java:logGet(46)) - raft.server.threadpool.server.size = 0 (default)
2022-10-04 13:26:24,032 [pool-319-thread-1] INFO  server.RaftServerConfigKeys (ConfUtils.java:logGet(46)) - raft.server.threadpool.client.cached = true (default)
2022-10-04 13:26:24,032 [pool-319-thread-1] INFO  server.RaftServerConfigKeys (ConfUtils.java:logGet(46)) - raft.server.threadpool.client.size = 0 (default)
2022-10-04 13:26:24,032 [omNode-3-impl-thread1] INFO  server.RaftServer$Division (RaftServerImpl.java:start(310)) - omNode-3@group-523986131536: start as a follower, conf=57: [omNode-3|rpc:localhost:35537|admin:|client:|dataStream:|priority:0, omNode-1|rpc:localhost:42223|admin:|client:|dataStream:|priority:0, omNode-2|rpc:localhost:33535|admin:|client:|dataStream:|priority:0], old=null
2022-10-04 13:26:24,032 [omNode-3-impl-thread1] INFO  server.RaftServer$Division (RaftServerImpl.java:setRole(299)) - omNode-3@group-523986131536: changes role from      null to FOLLOWER at term 5 for startAsFollower
2022-10-04 13:26:24,032 [omNode-3-impl-thread1] INFO  impl.RoleInfo (RoleInfo.java:updateAndGet(139)) - omNode-3: start omNode-3@group-523986131536-FollowerState
2022-10-04 13:26:24,034 [omNode-3-impl-thread1] INFO  util.JmxRegister (JmxRegister.java:tryRegister(44)) - Successfully registered JMX Bean with object name Ratis:service=RaftServer,group=group-523986131536,id=omNode-3
2022-10-04 13:26:24,035 [Listener at localhost/45931] INFO  server.RaftServer (RaftServerProxy.java:lambda$start$6(382)) - omNode-3: start RPC server
2022-10-04 13:26:24,040 [Listener at localhost/45931] INFO  server.GrpcService (GrpcService.java:startImpl(260)) - omNode-3: GrpcService started, listening on 35537
2022-10-04 13:26:24,045 [Listener at localhost/45931] INFO  om.OzoneManager (OzoneManager.java:getRpcServer(1100)) - Creating RPC Server
2022-10-04 13:26:24,048 [org.apache.ratis.util.JvmPauseMonitor$$Lambda$699/75026084@3418f425] INFO  util.JvmPauseMonitor (JvmPauseMonitor.java:run(103)) - JvmPauseMonitor-omNode-3: Started
2022-10-04 13:26:24,097 [grpc-default-executor-2] WARN  server.GrpcLogAppender (LogUtils.java:warn(122)) - omNode-1@group-523986131536->omNode-3-AppendLogResponseHandler: Failed appendEntries: org.apache.ratis.thirdparty.io.grpc.StatusRuntimeException: UNAVAILABLE: io exception
2022-10-04 13:26:24,097 [grpc-default-executor-2] INFO  leader.FollowerInfo (FollowerInfoImpl.java:lambda$new$0(48)) - omNode-1@group-523986131536->omNode-3: nextIndex: updateUnconditionally 59 -> 58
2022-10-04 13:26:24,281 [grpc-default-executor-2] WARN  server.GrpcLogAppender (LogUtils.java:warn(122)) - omNode-1@group-523986131536->omNode-2-AppendLogResponseHandler: Failed appendEntries: org.apache.ratis.thirdparty.io.grpc.StatusRuntimeException: UNAVAILABLE: io exception
2022-10-04 13:26:24,282 [grpc-default-executor-2] WARN  server.GrpcLogAppender (GrpcLogAppender.java:resetClient(111)) - omNode-1@group-523986131536->omNode-2-GrpcLogAppender: Leader has not got in touch with Follower omNode-1@group-523986131536->omNode-2(c-1,m0,n59, attendVote=true, lastRpcSendTime=257, lastRpcResponseTime=9996) yet, just keep nextIndex unchanged and retry.
2022-10-04 13:26:24,365 [omNode-3-server-thread1] INFO  server.RaftServer$Division (ServerState.java:setLeader(287)) - omNode-3@group-523986131536: change Leader from null to omNode-1 at term 5 for appendEntries, leader elected after 342ms
2022-10-04 13:26:24,374 [omNode-3-server-thread1] INFO  server.RaftServer$Division (RaftServerImpl.java:checkInconsistentAppendEntries(1414)) - omNode-3@group-523986131536: Failed appendEntries as the first entry (index 58) already exists (snapshotIndex: 58, commitIndex: 58)
2022-10-04 13:26:24,374 [omNode-3-server-thread1] INFO  server.RaftServer$Division (RaftServerImpl.java:checkInconsistentAppendEntries(1394)) - omNode-3@group-523986131536: inconsistency entries. Reply:omNode-1<-omNode-3#67:FAIL-t5,INCONSISTENCY,nextIndex=59,followerCommit=58
2022-10-04 13:26:24,381 [grpc-default-executor-3] INFO  leader.FollowerInfo (FollowerInfoImpl.java:lambda$new$0(48)) - omNode-1@group-523986131536->omNode-3: nextIndex: updateUnconditionally 59 -> 59
2022-10-04 13:26:24,535 [grpc-default-executor-3] WARN  server.GrpcLogAppender (LogUtils.java:warn(122)) - omNode-1@group-523986131536->omNode-2-AppendLogResponseHandler: Failed appendEntries: org.apache.ratis.thirdparty.io.grpc.StatusRuntimeException: UNAVAILABLE: io exception
2022-10-04 13:26:24,536 [grpc-default-executor-3] WARN  server.GrpcLogAppender (GrpcLogAppender.java:resetClient(111)) - omNode-1@group-523986131536->omNode-2-GrpcLogAppender: Leader has not got in touch with Follower omNode-1@group-523986131536->omNode-2(c-1,m0,n59, attendVote=true, lastRpcSendTime=0, lastRpcResponseTime=10250) yet, just keep nextIndex unchanged and retry.
2022-10-04 13:26:24,705 [Listener at localhost/45931] INFO  reflections.Reflections (Reflections.java:scan(232)) - Reflections took 658 ms to scan 19 urls, producing 67 keys and 4220 values [using 2 cores]
2022-10-04 13:26:24,707 [Listener at localhost/45931] INFO  ipc.CallQueueManager (CallQueueManager.java:<init>(90)) - Using callQueue: class java.util.concurrent.LinkedBlockingQueue, queueCapacity: 2000, scheduler: class org.apache.hadoop.ipc.DefaultRpcScheduler, ipcBackoff: false.
2022-10-04 13:26:24,708 [Socket Reader #1 for port 43101] INFO  ipc.Server (Server.java:run(1265)) - Starting Socket Reader #1 for port 43101
2022-10-04 13:26:24,712 [Listener at localhost/43101] INFO  http.BaseHttpServer (BaseHttpServer.java:newHttpServer2BuilderForOzone(213)) - Starting Web-server for ozoneManager at: http://0.0.0.0:41475
2022-10-04 13:26:24,713 [Listener at localhost/43101] INFO  http.BaseHttpServer (BaseHttpServer.java:<init>(108)) - Hadoop Security Enabled: false Ozone Security Enabled: false Ozone HTTP Security Enabled: false 
2022-10-04 13:26:24,714 [Listener at localhost/43101] INFO  server.AuthenticationFilter (AuthenticationFilter.java:constructSecretProvider(240)) - Unable to initialize FileSignerSecretProvider, falling back to use random secrets.
2022-10-04 13:26:24,715 [Listener at localhost/43101] WARN  http.HttpRequestLog (HttpRequestLog.java:getRequestLog(103)) - Jetty request log can only be enabled using Log4j
2022-10-04 13:26:24,718 [Listener at localhost/43101] INFO  http.HttpServer2 (HttpServer2.java:addGlobalFilter(1029)) - Added global filter 'safety' (class=org.apache.hadoop.hdds.server.http.HttpServer2$QuotingInputFilter)
2022-10-04 13:26:24,718 [Listener at localhost/43101] INFO  http.HttpServer2 (HttpServer2.java:addFilter(1005)) - Added filter static_user_filter (class=org.apache.hadoop.http.lib.StaticUserWebFilter$StaticUserFilter) to context ozoneManager
2022-10-04 13:26:24,719 [Listener at localhost/43101] INFO  http.HttpServer2 (HttpServer2.java:addFilter(1013)) - Added filter static_user_filter (class=org.apache.hadoop.http.lib.StaticUserWebFilter$StaticUserFilter) to context static
2022-10-04 13:26:24,719 [Listener at localhost/43101] INFO  http.HttpServer2 (HttpServer2.java:addFilter(1013)) - Added filter static_user_filter (class=org.apache.hadoop.http.lib.StaticUserWebFilter$StaticUserFilter) to context logs
2022-10-04 13:26:24,719 [Listener at localhost/43101] INFO  http.HttpServer2 (HttpServer2.java:bindListener(1248)) - Jetty bound to port 41475
2022-10-04 13:26:24,719 [Listener at localhost/43101] INFO  server.Server (Server.java:doStart(375)) - jetty-9.4.43.v20210629; built: 2021-06-30T11:07:22.254Z; git: 526006ecfa3af7f1a27ef3a288e2bef7ea9dd7e8; jvm 1.8.0_345-b01
2022-10-04 13:26:24,722 [Listener at localhost/43101] INFO  server.session (DefaultSessionIdManager.java:doStart(334)) - DefaultSessionIdManager workerName=node0
2022-10-04 13:26:24,722 [Listener at localhost/43101] INFO  server.session (DefaultSessionIdManager.java:doStart(339)) - No SessionScavenger set, using defaults
2022-10-04 13:26:24,722 [Listener at localhost/43101] INFO  server.session (HouseKeeper.java:startScavenging(132)) - node0 Scavenging every 660000ms
2022-10-04 13:26:24,723 [Listener at localhost/43101] INFO  handler.ContextHandler (ContextHandler.java:doStart(915)) - Started o.e.j.s.ServletContextHandler@611e919b{logs,/logs,file:///home/runner/work/ozone/ozone/hadoop-ozone/integration-test/target/log,AVAILABLE}
2022-10-04 13:26:24,724 [Listener at localhost/43101] INFO  handler.ContextHandler (ContextHandler.java:doStart(915)) - Started o.e.j.s.ServletContextHandler@780ef01e{static,/static,file:///home/runner/work/ozone/ozone/hadoop-ozone/integration-test/target/test-classes/webapps/static,AVAILABLE}
2022-10-04 13:26:24,727 [Listener at localhost/43101] INFO  handler.ContextHandler (ContextHandler.java:doStart(915)) - Started o.e.j.w.WebAppContext@612f5bee{ozoneManager,/,file:///home/runner/work/ozone/ozone/hadoop-ozone/integration-test/target/test-classes/webapps/ozoneManager/,AVAILABLE}{file:/home/runner/work/ozone/ozone/hadoop-ozone/integration-test/target/test-classes/webapps/ozoneManager}
2022-10-04 13:26:24,734 [Listener at localhost/43101] INFO  server.AbstractConnector (AbstractConnector.java:doStart(331)) - Started ServerConnector@124227c1{HTTP/1.1, (http/1.1)}{0.0.0.0:41475}
2022-10-04 13:26:24,734 [Listener at localhost/43101] INFO  server.Server (Server.java:doStart(415)) - Started @57475ms
2022-10-04 13:26:24,734 [Listener at localhost/43101] WARN  impl.MetricsSystemImpl (MetricsSystemImpl.java:register(279)) - Sink prometheus already exists!
2022-10-04 13:26:24,735 [Listener at localhost/43101] INFO  http.BaseHttpServer (BaseHttpServer.java:updateConnectorAddress(333)) - HTTP server of ozoneManager listening at http://0.0.0.0:41475
2022-10-04 13:26:24,737 [IPC Server Responder] INFO  ipc.Server (Server.java:run(1507)) - IPC Server Responder: starting
2022-10-04 13:26:24,739 [IPC Server listener on 43101] INFO  ipc.Server (Server.java:run(1344)) - IPC Server listener on 43101: starting
2022-10-04 13:26:24,744 [Listener at localhost/43101] INFO  om.OzoneManager (OzoneManager.java:startTrashEmptier(1921)) - Trash Interval set to 0. Files deleted won't move to trash
2022-10-04 13:26:24,744 [Listener at localhost/43101] INFO  om.OzoneManager (OzoneManager.java:stop(2036)) - omNode-1[localhost:37083]: Stopping Ozone Manager
2022-10-04 13:26:24,744 [Listener at localhost/43101] INFO  ipc.Server (Server.java:stop(3414)) - Stopping server on 37083
2022-10-04 13:26:24,751 [org.apache.hadoop.util.JvmPauseMonitor$Monitor@1b442652] INFO  util.JvmPauseMonitor (JvmPauseMonitor.java:run(188)) - Starting JVM pause monitor
2022-10-04 13:26:24,754 [IPC Server listener on 37083] INFO  ipc.Server (Server.java:run(1376)) - Stopping IPC Server listener on 37083
2022-10-04 13:26:24,754 [IPC Server Responder] INFO  ipc.Server (Server.java:run(1512)) - Stopping IPC Server Responder
2022-10-04 13:26:24,756 [Listener at localhost/43101] INFO  server.RaftServer (RaftServerProxy.java:lambda$close$7(398)) - omNode-1: close
2022-10-04 13:26:24,756 [Listener at localhost/43101] INFO  server.RaftServer$Division (RaftServerImpl.java:lambda$close$4(434)) - omNode-1@group-523986131536: shutdown
2022-10-04 13:26:24,756 [Listener at localhost/43101] INFO  util.JmxRegister (JmxRegister.java:unregister(73)) - Successfully un-registered JMX Bean with object name Ratis:service=RaftServer,group=group-523986131536,id=omNode-1
2022-10-04 13:26:24,756 [Listener at localhost/43101] INFO  impl.RoleInfo (RoleInfo.java:shutdownLeaderState(93)) - omNode-1: shutdown omNode-1@group-523986131536-LeaderStateImpl
2022-10-04 13:26:24,757 [Listener at localhost/43101] INFO  impl.PendingRequests (PendingRequests.java:sendNotLeaderResponses(282)) - omNode-1@group-523986131536-PendingRequests: sendNotLeaderResponses
2022-10-04 13:26:24,757 [omNode-1@group-523986131536->omNode-3-GrpcLogAppender-LogAppenderDaemon] WARN  server.GrpcLogAppender (GrpcLogAppender.java:mayWait(171)) - omNode-1@group-523986131536->omNode-3-GrpcLogAppender: Wait interrupted by java.lang.InterruptedException
2022-10-04 13:26:24,758 [omNode-1@group-523986131536-StateMachineUpdater] INFO  ratis.OzoneManagerStateMachine (OzoneManagerStateMachine.java:takeSnapshot(441)) - Current Snapshot Index (t:5, i:58)
2022-10-04 13:26:24,758 [omNode-1@group-523986131536-StateMachineUpdater] INFO  impl.StateMachineUpdater (StateMachineUpdater.java:takeSnapshot(287)) - omNode-1@group-523986131536-StateMachineUpdater: Took a snapshot at index 58
2022-10-04 13:26:24,758 [omNode-1@group-523986131536-StateMachineUpdater] INFO  impl.StateMachineUpdater (StateMachineUpdater.java:lambda$new$0(92)) - omNode-1@group-523986131536-StateMachineUpdater: snapshotIndex: updateIncreasingly 20 -> 58
2022-10-04 13:26:24,758 [omNode-1@group-523986131536-StateMachineUpdater] INFO  raftlog.RaftLog (RaftLogBase.java:purge(308)) - omNode-1@group-523986131536-SegmentedRaftLog: purge 58
2022-10-04 13:26:24,759 [omNode-1@group-523986131536-StateMachineUpdater] INFO  raftlog.RaftLog (RaftLogBase.java:lambda$new$0(53)) - omNode-1@group-523986131536-SegmentedRaftLog: snapshotIndex: updateIncreasingly 20 -> 58
2022-10-04 13:26:24,759 [omNode-1@group-523986131536-StateMachineUpdater] INFO  ratis.OzoneManagerStateMachine (OzoneManagerStateMachine.java:close(495)) - StateMachine has shutdown. Shutdown OzoneManager if not already shutdown.
2022-10-04 13:26:24,759 [omNode-1@group-523986131536-StateMachineUpdater] INFO  ratis.OzoneManagerDoubleBuffer (OzoneManagerDoubleBuffer.java:stop(466)) - Stopping OMDoubleBuffer flush thread
2022-10-04 13:26:24,759 [OMDoubleBufferFlushThread] INFO  ratis.OzoneManagerDoubleBuffer (OzoneManagerDoubleBuffer.java:flushTransactions(385)) - OMDoubleBuffer flush thread OMDoubleBufferFlushThread is interrupted and will exit.
2022-10-04 13:26:24,759 [grpc-default-executor-3] INFO  server.GrpcServerProtocolService (GrpcServerProtocolService.java:onCompleted(140)) - omNode-3: Completed APPEND_ENTRIES, lastRequest: omNode-1->omNode-3#67-t5,previous=(t:5, i:57),leaderCommit=58,initializing? true,entries: size=1, first=(t:5, i:58), METADATAENTRY(c:57)
2022-10-04 13:26:24,760 [Listener at localhost/43101] INFO  impl.StateMachineUpdater (StateMachineUpdater.java:stopAndJoin(153)) - omNode-1@group-523986131536-StateMachineUpdater: set stopIndex = 58
2022-10-04 13:26:24,760 [Listener at localhost/43101] INFO  server.RaftServer$Division (ServerState.java:close(429)) - omNode-1@group-523986131536: closes. applyIndex: 58
2022-10-04 13:26:24,762 [omNode-1@group-523986131536-SegmentedRaftLogWorker] INFO  raftlog.RaftLog (RaftLogBase.java:lambda$new$0(53)) - omNode-1@group-523986131536-SegmentedRaftLog: purgeIndex: updateToMax old=-1, new=56, updated? true
2022-10-04 13:26:24,762 [grpc-default-executor-2] INFO  server.GrpcLogAppender (GrpcLogAppender.java:onCompleted(339)) - omNode-1@group-523986131536->omNode-3-AppendLogResponseHandler: follower responses appendEntries COMPLETED
2022-10-04 13:26:24,762 [grpc-default-executor-2] INFO  leader.FollowerInfo (FollowerInfoImpl.java:lambda$new$0(48)) - omNode-1@group-523986131536->omNode-3: nextIndex: updateUnconditionally 59 -> 58
2022-10-04 13:26:24,763 [Listener at localhost/43101] INFO  segmented.SegmentedRaftLogWorker (SegmentedRaftLogWorker.java:close(246)) - omNode-1@group-523986131536-SegmentedRaftLogWorker close()
2022-10-04 13:26:24,768 [Listener at localhost/43101] INFO  server.GrpcService (GrpcService.java:closeImpl(269)) - omNode-1: shutdown server with port 42223 now
2022-10-04 13:26:24,775 [Listener at localhost/43101] INFO  server.GrpcService (GrpcService.java:closeImpl(278)) - omNode-1: shutdown server with port 42223 successfully
2022-10-04 13:26:24,775 [org.apache.ratis.util.JvmPauseMonitor$$Lambda$699/75026084@70c305ef] INFO  util.JvmPauseMonitor (JvmPauseMonitor.java:run(109)) - JvmPauseMonitor-omNode-1: Stopped
2022-10-04 13:26:24,775 [Listener at localhost/43101] INFO  ratis.OzoneManagerStateMachine (OzoneManagerStateMachine.java:close(495)) - StateMachine has shutdown. Shutdown OzoneManager if not already shutdown.
2022-10-04 13:26:24,775 [Listener at localhost/43101] INFO  ratis.OzoneManagerDoubleBuffer (OzoneManagerDoubleBuffer.java:stop(478)) - OMDoubleBuffer flush thread is not running.
2022-10-04 13:26:24,776 [Listener at localhost/43101] INFO  handler.ContextHandler (ContextHandler.java:doStop(1153)) - Stopped o.e.j.w.WebAppContext@7880465a{ozoneManager,/,null,STOPPED}{file:/home/runner/work/ozone/ozone/hadoop-ozone/integration-test/target/test-classes/webapps/ozoneManager}
2022-10-04 13:26:24,777 [Listener at localhost/43101] INFO  server.AbstractConnector (AbstractConnector.java:doStop(381)) - Stopped ServerConnector@423778db{HTTP/1.1, (http/1.1)}{0.0.0.0:43603}
2022-10-04 13:26:24,777 [Listener at localhost/43101] INFO  server.session (HouseKeeper.java:stopScavenging(149)) - node0 Stopped scavenging
2022-10-04 13:26:24,778 [Listener at localhost/43101] INFO  handler.ContextHandler (ContextHandler.java:doStop(1153)) - Stopped o.e.j.s.ServletContextHandler@5cd16678{static,/static,file:///home/runner/work/ozone/ozone/hadoop-ozone/integration-test/target/test-classes/webapps/static,STOPPED}
2022-10-04 13:26:24,778 [Listener at localhost/43101] INFO  handler.ContextHandler (ContextHandler.java:doStop(1153)) - Stopped o.e.j.s.ServletContextHandler@5c0f4e94{logs,/logs,file:///home/runner/work/ozone/ozone/hadoop-ozone/integration-test/target/log,STOPPED}
2022-10-04 13:26:24,780 [Listener at localhost/43101] INFO  om.OzoneManager (OzoneManager.java:restart(1573)) - OzoneManager RPC server is listening at localhost/127.0.0.1:37083
2022-10-04 13:26:24,781 [Listener at localhost/43101] INFO  impl.MetricsSystemImpl (MetricsSystemImpl.java:init(158)) - OzoneManager metrics system started (again)
2022-10-04 13:26:24,793 [Listener at localhost/43101] WARN  server.ServerUtils (ServerUtils.java:getDBPath(225)) - ozone.om.db.dirs is not configured. We recommend adding this setting. Falling back to ozone.metadata.dirs instead.
2022-10-04 13:26:24,794 [Listener at localhost/43101] INFO  codec.OmKeyInfoCodec (OmKeyInfoCodec.java:<init>(49)) - OmKeyInfoCodec ignorePipeline = true
2022-10-04 13:26:24,794 [Listener at localhost/43101] INFO  codec.RepeatedOmKeyInfoCodec (RepeatedOmKeyInfoCodec.java:<init>(41)) - RepeatedOmKeyInfoCodec ignorePipeline = true
2022-10-04 13:26:24,856 [Listener at localhost/43101] INFO  om.OzoneManager (OzoneManager.java:instantiateServices(710)) - S3 Multi-Tenancy is disabled
2022-10-04 13:26:24,857 [Listener at localhost/43101] WARN  impl.MetricRegistriesImpl (MetricRegistriesImpl.java:addReporterRegistration(111)) - New reporters are added after registries were created. Some metrics will be missing from the reporter. Please add reporter before adding any new registry.
2022-10-04 13:26:24,857 [Listener at localhost/43101] WARN  impl.MetricRegistriesImpl (MetricRegistriesImpl.java:addReporterRegistration(111)) - New reporters are added after registries were created. Some metrics will be missing from the reporter. Please add reporter before adding any new registry.
2022-10-04 13:26:24,858 [Listener at localhost/43101] WARN  server.ServerUtils (ServerUtils.java:getDefaultRatisDirectory(237)) - Storage directory for Ratis is not configured. It is a good idea to map this to an SSD disk. Falling back to ozone.metadata.dirs
2022-10-04 13:26:24,859 [Listener at localhost/43101] INFO  ratis.OzoneManagerRatisServer (OzoneManagerRatisServer.java:<init>(160)) - Instantiating OM Ratis server with groupID: om-service-test1 and peers: localhost:42223, localhost:35537, localhost:33535
2022-10-04 13:26:24,859 [Listener at localhost/43101] INFO  ratis.OzoneManagerStateMachine (OzoneManagerStateMachine.java:loadSnapshotInfoFromDB(632)) - LastAppliedIndex is set from TransactionInfo from OM DB as (t:5, i:58)
2022-10-04 13:26:24,860 [Listener at localhost/43101] INFO  server.RaftServer (ConfUtils.java:logGet(46)) - raft.rpc.type = GRPC (default)
2022-10-04 13:26:24,860 [Listener at localhost/43101] INFO  grpc.GrpcFactory (GrpcFactory.java:checkPooledByteBufAllocatorUseCacheForAllThreads(48)) - PERFORMANCE WARNING: useCacheForAllThreads is true that may cause Netty to create a lot garbage objects and, as a result, trigger GC.
	It is recommended to disable useCacheForAllThreads by setting -Dorg.apache.ratis.thirdparty.io.netty.allocator.useCacheForAllThreads=false in command line.
2022-10-04 13:26:24,860 [Listener at localhost/43101] INFO  grpc.GrpcConfigKeys (ConfUtils.java:logGet(46)) - raft.grpc.admin.port = -1 (default)
2022-10-04 13:26:24,861 [Listener at localhost/43101] INFO  grpc.GrpcConfigKeys (ConfUtils.java:logGet(46)) - raft.grpc.server.port = 42223 (custom)
2022-10-04 13:26:24,861 [Listener at localhost/43101] INFO  grpc.GrpcConfigKeys (ConfUtils.java:logGet(46)) - raft.grpc.client.port = -1 (default)
2022-10-04 13:26:24,861 [Listener at localhost/43101] INFO  grpc.GrpcConfigKeys (ConfUtils.java:logGet(46)) - raft.grpc.server.port = 42223 (custom)
2022-10-04 13:26:24,861 [Listener at localhost/43101] INFO  grpc.GrpcConfigKeys (ConfUtils.java:logGet(46)) - raft.grpc.server.port = 42223 (custom)
2022-10-04 13:26:24,861 [Listener at localhost/43101] INFO  server.GrpcService (ConfUtils.java:logGet(46)) - raft.grpc.message.size.max = 33554432 (custom)
2022-10-04 13:26:24,862 [Listener at localhost/43101] INFO  server.RaftServerConfigKeys (ConfUtils.java:logGet(46)) - raft.server.log.appender.buffer.byte-limit = 33554432 (custom)
2022-10-04 13:26:24,862 [Listener at localhost/43101] INFO  server.GrpcService (ConfUtils.java:logGet(46)) - raft.grpc.flow.control.window = 1MB (=1048576) (default)
2022-10-04 13:26:24,862 [Listener at localhost/43101] INFO  server.RaftServerConfigKeys (ConfUtils.java:logGet(46)) - raft.server.rpc.request.timeout = 3000ms (default)
2022-10-04 13:26:24,862 [Listener at localhost/43101] INFO  grpc.GrpcConfigKeys (ConfUtils.java:logGet(46)) - raft.grpc.server.async.request.thread.pool.cached = true (default)
2022-10-04 13:26:24,862 [Listener at localhost/43101] INFO  grpc.GrpcConfigKeys (ConfUtils.java:logGet(46)) - raft.grpc.server.async.request.thread.pool.size = 32 (default)
2022-10-04 13:26:24,864 [Listener at localhost/43101] INFO  impl.DataStreamServerImpl (ConfUtils.java:logGet(46)) - raft.datastream.type = DISABLED (default)
2022-10-04 13:26:24,864 [Listener at localhost/43101] INFO  server.RaftServerConfigKeys (ConfUtils.java:logGet(46)) - raft.server.threadpool.proxy.cached = true (default)
2022-10-04 13:26:24,864 [Listener at localhost/43101] INFO  server.RaftServerConfigKeys (ConfUtils.java:logGet(46)) - raft.server.threadpool.proxy.size = 0 (default)
2022-10-04 13:26:24,864 [Listener at localhost/43101] INFO  server.RaftServerConfigKeys (ConfUtils.java:logGet(46)) - raft.server.rpc.slowness.timeout = 2s (custom)
2022-10-04 13:26:24,865 [Listener at localhost/43101] INFO  server.RaftServerConfigKeys (ConfUtils.java:logGet(46)) - raft.server.leaderelection.leader.step-down.wait-time = 10s (default)
2022-10-04 13:26:24,865 [Listener at localhost/43101] INFO  server.RaftServerConfigKeys (ConfUtils.java:logGet(46)) - raft.server.storage.dir = [/home/runner/work/ozone/ozone/hadoop-ozone/integration-test/target/test-dir/MiniOzoneClusterImpl-6e9557d8-a31c-49e5-bba1-8bc95799a8b8/omNode-1/ratis] (custom)
2022-10-04 13:26:24,865 [omNode-1-impl-thread1] INFO  server.RaftServer (RaftServerProxy.java:initGroupDir(247)) - omNode-1: found a subdirectory /home/runner/work/ozone/ozone/hadoop-ozone/integration-test/target/test-dir/MiniOzoneClusterImpl-6e9557d8-a31c-49e5-bba1-8bc95799a8b8/omNode-1/ratis/c9bc4cf4-3bc3-3c60-a66b-523986131536
2022-10-04 13:26:24,866 [Listener at localhost/43101] INFO  server.RaftServer (RaftServerProxy.java:addNew(96)) - omNode-1: addNew group-523986131536:[omNode-3|rpc:localhost:35537|priority:0, omNode-1|rpc:localhost:42223|priority:0, omNode-2|rpc:localhost:33535|priority:0] returns group-523986131536:java.util.concurrent.CompletableFuture@406c0ae9[Not completed]
2022-10-04 13:26:24,866 [Listener at localhost/43101] INFO  om.OzoneManager (OzoneManager.java:initializeRatisServer(1977)) - OzoneManager Ratis server initialized at port 42223
2022-10-04 13:26:24,866 [pool-343-thread-1] INFO  server.RaftServer$Division (RaftServerImpl.java:<init>(190)) - omNode-1: new RaftServerImpl for group-523986131536:[omNode-3|rpc:localhost:35537|priority:0, omNode-1|rpc:localhost:42223|priority:0, omNode-2|rpc:localhost:33535|priority:0] with OzoneManagerStateMachine:uninitialized
2022-10-04 13:26:24,866 [Listener at localhost/43101] INFO  ratis.OzoneManagerRatisServer (OzoneManagerRatisServer.java:start(555)) - Starting OzoneManagerRatisServer omNode-1 at port 42223
2022-10-04 13:26:24,866 [pool-343-thread-1] INFO  server.RaftServerConfigKeys (ConfUtils.java:logGet(46)) - raft.server.rpc.timeout.min = 1s (custom)
2022-10-04 13:26:24,867 [pool-343-thread-1] INFO  server.RaftServerConfigKeys (ConfUtils.java:logGet(46)) - raft.server.rpc.timeout.max = 1200ms (custom)
2022-10-04 13:26:24,867 [pool-343-thread-1] INFO  server.RaftServerConfigKeys (ConfUtils.java:logGet(46)) - raft.server.rpc.sleep.time = 25ms (default)
2022-10-04 13:26:24,867 [pool-343-thread-1] INFO  server.RaftServerConfigKeys (ConfUtils.java:logGet(46)) - raft.server.rpc.slowness.timeout = 2s (custom)
2022-10-04 13:26:24,867 [pool-343-thread-1] INFO  server.RaftServerConfigKeys (ConfUtils.java:logGet(46)) - raft.server.leaderelection.leader.step-down.wait-time = 10s (default)
2022-10-04 13:26:24,867 [pool-343-thread-1] INFO  server.RaftServerConfigKeys (ConfUtils.java:logGet(46)) - raft.server.sleep.deviation.threshold = 300ms (default)
2022-10-04 13:26:24,867 [pool-343-thread-1] INFO  server.RaftServer$Division (ServerState.java:<init>(107)) - omNode-1@group-523986131536: ConfigurationManager, init=-1: [omNode-3|rpc:localhost:35537|priority:0, omNode-1|rpc:localhost:42223|priority:0, omNode-2|rpc:localhost:33535|priority:0], old=null, confs=<EMPTY_MAP>
2022-10-04 13:26:24,867 [pool-343-thread-1] INFO  server.RaftServerConfigKeys (ConfUtils.java:logGet(46)) - raft.server.storage.dir = [/home/runner/work/ozone/ozone/hadoop-ozone/integration-test/target/test-dir/MiniOzoneClusterImpl-6e9557d8-a31c-49e5-bba1-8bc95799a8b8/omNode-1/ratis] (custom)
2022-10-04 13:26:24,867 [pool-343-thread-1] INFO  server.RaftServerConfigKeys (ConfUtils.java:logGet(46)) - raft.server.log.corruption.policy = EXCEPTION (default)
2022-10-04 13:26:24,867 [pool-343-thread-1] INFO  server.RaftServerConfigKeys (ConfUtils.java:logGet(46)) - raft.server.storage.free-space.min = 0MB (=0) (default)
2022-10-04 13:26:24,868 [pool-343-thread-1] INFO  storage.RaftStorageDirectory (RaftStorageDirectoryImpl.java:tryLock(230)) - Lock on /home/runner/work/ozone/ozone/hadoop-ozone/integration-test/target/test-dir/MiniOzoneClusterImpl-6e9557d8-a31c-49e5-bba1-8bc95799a8b8/omNode-1/ratis/c9bc4cf4-3bc3-3c60-a66b-523986131536/in_use.lock acquired by nodename 42070@fv-az573-645
2022-10-04 13:26:24,869 [pool-343-thread-1] INFO  storage.RaftStorage (RaftStorageImpl.java:analyzeAndRecoverStorage(110)) - Read RaftStorageMetadata{term=5, votedFor=omNode-1} from /home/runner/work/ozone/ozone/hadoop-ozone/integration-test/target/test-dir/MiniOzoneClusterImpl-6e9557d8-a31c-49e5-bba1-8bc95799a8b8/omNode-1/ratis/c9bc4cf4-3bc3-3c60-a66b-523986131536/current/raft-meta
2022-10-04 13:26:24,869 [pool-343-thread-1] INFO  server.RaftServer$Division (ServerState.java:setRaftConf(393)) - omNode-1@group-523986131536: set configuration 57: [omNode-3|rpc:localhost:35537|admin:|client:|dataStream:|priority:0, omNode-1|rpc:localhost:42223|admin:|client:|dataStream:|priority:0, omNode-2|rpc:localhost:33535|admin:|client:|dataStream:|priority:0], old=null
2022-10-04 13:26:24,869 [pool-343-thread-1] INFO  server.RaftServerConfigKeys (ConfUtils.java:logGet(46)) - raft.server.notification.no-leader.timeout = 2s (custom)
2022-10-04 13:26:24,869 [pool-343-thread-1] INFO  server.RaftServerConfigKeys (ConfUtils.java:logGet(46)) - raft.server.log.use.memory = false (default)
2022-10-04 13:26:24,869 [pool-343-thread-1] INFO  server.RaftServerConfigKeys (ConfUtils.java:logGet(46)) - raft.server.log.purge.gap = 50 (custom)
2022-10-04 13:26:24,869 [pool-343-thread-1] INFO  server.RaftServerConfigKeys (ConfUtils.java:logGet(46)) - raft.server.log.appender.buffer.byte-limit = 33554432 (custom)
2022-10-04 13:26:24,870 [pool-343-thread-1] INFO  server.RaftServerConfigKeys (ConfUtils.java:logGet(46)) - raft.server.log.statemachine.data.read.timeout = 1000ms (default)
2022-10-04 13:26:24,870 [pool-343-thread-1] INFO  server.RaftServerConfigKeys (ConfUtils.java:logGet(46)) - raft.server.log.segment.size.max = 4194304 (custom)
2022-10-04 13:26:24,870 [pool-343-thread-1] INFO  server.RaftServerConfigKeys (ConfUtils.java:logGet(46)) - raft.server.log.segment.cache.num.max = 2 (custom)
2022-10-04 13:26:24,870 [pool-343-thread-1] INFO  server.RaftServerConfigKeys (ConfUtils.java:logGet(46)) - raft.server.log.segment.cache.size.max = 200MB (=209715200) (default)
2022-10-04 13:26:24,870 [pool-343-thread-1] INFO  segmented.SegmentedRaftLogWorker (SegmentedRaftLogWorker.java:<init>(187)) - new omNode-1@group-523986131536-SegmentedRaftLogWorker for RaftStorageImpl:Storage Directory /home/runner/work/ozone/ozone/hadoop-ozone/integration-test/target/test-dir/MiniOzoneClusterImpl-6e9557d8-a31c-49e5-bba1-8bc95799a8b8/omNode-1/ratis/c9bc4cf4-3bc3-3c60-a66b-523986131536
2022-10-04 13:26:24,871 [pool-343-thread-1] INFO  server.RaftServerConfigKeys (ConfUtils.java:logGet(46)) - raft.server.log.queue.byte-limit = 64MB (=67108864) (default)
2022-10-04 13:26:24,871 [pool-343-thread-1] INFO  server.RaftServerConfigKeys (ConfUtils.java:logGet(46)) - raft.server.log.queue.element-limit = 4096 (default)
2022-10-04 13:26:24,871 [pool-343-thread-1] INFO  server.RaftServerConfigKeys (ConfUtils.java:logGet(46)) - raft.server.log.segment.size.max = 4194304 (custom)
2022-10-04 13:26:24,871 [pool-343-thread-1] INFO  server.RaftServerConfigKeys (ConfUtils.java:logGet(46)) - raft.server.log.preallocated.size = 4194304 (custom)
2022-10-04 13:26:24,871 [pool-343-thread-1] INFO  server.RaftServerConfigKeys (ConfUtils.java:logGet(46)) - raft.server.log.force.sync.num = 128 (default)
2022-10-04 13:26:24,871 [pool-343-thread-1] INFO  server.RaftServerConfigKeys (ConfUtils.java:logGet(46)) - raft.server.log.statemachine.data.sync = true (default)
2022-10-04 13:26:24,871 [pool-343-thread-1] INFO  server.RaftServerConfigKeys (ConfUtils.java:logGet(46)) - raft.server.log.statemachine.data.sync.timeout = 10s (default)
2022-10-04 13:26:24,871 [pool-343-thread-1] INFO  server.RaftServerConfigKeys (ConfUtils.java:logGet(46)) - raft.server.log.statemachine.data.sync.timeout.retry = -1 (default)
2022-10-04 13:26:24,872 [pool-343-thread-1] INFO  server.RaftServerConfigKeys (ConfUtils.java:logGet(46)) - raft.server.log.write.buffer.size = 64KB (=65536) (default)
2022-10-04 13:26:24,872 [pool-343-thread-1] INFO  server.RaftServerConfigKeys (ConfUtils.java:logGet(46)) - raft.server.log.unsafe-flush.enabled = false (default)
2022-10-04 13:26:24,872 [pool-343-thread-1] INFO  server.RaftServerConfigKeys (ConfUtils.java:logGet(46)) - raft.server.log.statemachine.data.caching.enabled = false (default)
2022-10-04 13:26:24,873 [pool-343-thread-1] INFO  server.RaftServer$Division (ServerState.java:setRaftConf(393)) - omNode-1@group-523986131536: set configuration 57: [omNode-3|rpc:localhost:35537|admin:|client:|dataStream:|priority:0, omNode-1|rpc:localhost:42223|admin:|client:|dataStream:|priority:0, omNode-2|rpc:localhost:33535|admin:|client:|dataStream:|priority:0], old=null
2022-10-04 13:26:24,873 [pool-343-thread-1] INFO  segmented.LogSegment (LogSegment.java:loadSegment(173)) - Successfully read 2 entries from segment file /home/runner/work/ozone/ozone/hadoop-ozone/integration-test/target/test-dir/MiniOzoneClusterImpl-6e9557d8-a31c-49e5-bba1-8bc95799a8b8/omNode-1/ratis/c9bc4cf4-3bc3-3c60-a66b-523986131536/current/log_inprogress_57
2022-10-04 13:26:24,873 [pool-343-thread-1] INFO  segmented.SegmentedRaftLogWorker (SegmentedRaftLogWorker.java:lambda$new$0(135)) - omNode-1@group-523986131536-SegmentedRaftLogWorker: flushIndex: setUnconditionally 0 -> 58
2022-10-04 13:26:24,873 [pool-343-thread-1] INFO  segmented.SegmentedRaftLogWorker (SegmentedRaftLogWorker.java:lambda$new$0(135)) - omNode-1@group-523986131536-SegmentedRaftLogWorker: safeCacheEvictIndex: setUnconditionally 0 -> -1
2022-10-04 13:26:24,874 [pool-343-thread-1] INFO  raftlog.RaftLog (RaftLogBase.java:lambda$new$0(53)) - omNode-1@group-523986131536-SegmentedRaftLog: commitIndex: updateToMax old=58, new=57, updated? false
2022-10-04 13:26:24,874 [pool-343-thread-1] INFO  raftlog.RaftLog (RaftLogBase.java:lambda$new$0(53)) - omNode-1@group-523986131536-SegmentedRaftLog: purgeIndex: updateIncreasingly -1 -> 56
2022-10-04 13:26:24,874 [pool-343-thread-1] INFO  server.RaftServerConfigKeys (ConfUtils.java:logGet(46)) - raft.server.snapshot.auto.trigger.enabled = true (custom)
2022-10-04 13:26:24,874 [pool-343-thread-1] INFO  server.RaftServerConfigKeys (ConfUtils.java:logGet(46)) - raft.server.snapshot.auto.trigger.threshold = 50 (custom)
2022-10-04 13:26:24,874 [pool-343-thread-1] INFO  server.RaftServerConfigKeys (ConfUtils.java:logGet(46)) - raft.server.snapshot.retention.file.num = -1 (default)
2022-10-04 13:26:24,874 [pool-343-thread-1] INFO  server.RaftServerConfigKeys (ConfUtils.java:logGet(46)) - raft.server.log.purge.upto.snapshot.index = true (custom)
2022-10-04 13:26:24,874 [pool-343-thread-1] INFO  server.RaftServerConfigKeys (ConfUtils.java:logGet(46)) - raft.server.retrycache.expirytime = 30000ms (custom)
2022-10-04 13:26:24,874 [pool-343-thread-1] INFO  server.RaftServerConfigKeys (ConfUtils.java:logGet(46)) - raft.server.retrycache.statistics.expirytime = 100μs (default)
2022-10-04 13:26:24,876 [pool-343-thread-1] INFO  server.RaftServerConfigKeys (ConfUtils.java:logGet(46)) - raft.server.log.appender.install.snapshot.enabled = false (custom)
2022-10-04 13:26:24,876 [pool-343-thread-1] INFO  server.RaftServerConfigKeys (ConfUtils.java:logGet(46)) - raft.server.threadpool.server.cached = true (default)
2022-10-04 13:26:24,876 [pool-343-thread-1] INFO  server.RaftServerConfigKeys (ConfUtils.java:logGet(46)) - raft.server.threadpool.server.size = 0 (default)
2022-10-04 13:26:24,876 [pool-343-thread-1] INFO  server.RaftServerConfigKeys (ConfUtils.java:logGet(46)) - raft.server.threadpool.client.cached = true (default)
2022-10-04 13:26:24,876 [pool-343-thread-1] INFO  server.RaftServerConfigKeys (ConfUtils.java:logGet(46)) - raft.server.threadpool.client.size = 0 (default)
2022-10-04 13:26:24,877 [omNode-1-impl-thread1] INFO  server.RaftServer$Division (RaftServerImpl.java:start(310)) - omNode-1@group-523986131536: start as a follower, conf=57: [omNode-3|rpc:localhost:35537|admin:|client:|dataStream:|priority:0, omNode-1|rpc:localhost:42223|admin:|client:|dataStream:|priority:0, omNode-2|rpc:localhost:33535|admin:|client:|dataStream:|priority:0], old=null
2022-10-04 13:26:24,877 [omNode-1-impl-thread1] INFO  server.RaftServer$Division (RaftServerImpl.java:setRole(299)) - omNode-1@group-523986131536: changes role from      null to FOLLOWER at term 5 for startAsFollower
2022-10-04 13:26:24,877 [omNode-1-impl-thread1] INFO  impl.RoleInfo (RoleInfo.java:updateAndGet(139)) - omNode-1: start omNode-1@group-523986131536-FollowerState
2022-10-04 13:26:24,881 [omNode-1-impl-thread1] INFO  util.JmxRegister (JmxRegister.java:tryRegister(44)) - Successfully registered JMX Bean with object name Ratis:service=RaftServer,group=group-523986131536,id=omNode-1
2022-10-04 13:26:24,881 [Listener at localhost/43101] INFO  server.RaftServer (RaftServerProxy.java:lambda$start$6(382)) - omNode-1: start RPC server
2022-10-04 13:26:24,884 [Listener at localhost/43101] INFO  server.GrpcService (GrpcService.java:startImpl(260)) - omNode-1: GrpcService started, listening on 42223
2022-10-04 13:26:24,885 [Listener at localhost/43101] INFO  om.OzoneManager (OzoneManager.java:getRpcServer(1100)) - Creating RPC Server
2022-10-04 13:26:24,886 [org.apache.ratis.util.JvmPauseMonitor$$Lambda$699/75026084@41b3df57] INFO  util.JvmPauseMonitor (JvmPauseMonitor.java:run(103)) - JvmPauseMonitor-omNode-1: Started
2022-10-04 13:26:25,280 [Listener at localhost/43101] INFO  reflections.Reflections (Reflections.java:scan(232)) - Reflections took 394 ms to scan 19 urls, producing 67 keys and 4220 values [using 2 cores]
2022-10-04 13:26:25,282 [Listener at localhost/43101] INFO  ipc.CallQueueManager (CallQueueManager.java:<init>(90)) - Using callQueue: class java.util.concurrent.LinkedBlockingQueue, queueCapacity: 2000, scheduler: class org.apache.hadoop.ipc.DefaultRpcScheduler, ipcBackoff: false.
2022-10-04 13:26:25,283 [Socket Reader #1 for port 37083] INFO  ipc.Server (Server.java:run(1265)) - Starting Socket Reader #1 for port 37083
2022-10-04 13:26:25,286 [Listener at localhost/37083] INFO  http.BaseHttpServer (BaseHttpServer.java:newHttpServer2BuilderForOzone(213)) - Starting Web-server for ozoneManager at: http://0.0.0.0:43603
2022-10-04 13:26:25,286 [Listener at localhost/37083] INFO  http.BaseHttpServer (BaseHttpServer.java:<init>(108)) - Hadoop Security Enabled: false Ozone Security Enabled: false Ozone HTTP Security Enabled: false 
2022-10-04 13:26:25,288 [Listener at localhost/37083] INFO  server.AuthenticationFilter (AuthenticationFilter.java:constructSecretProvider(240)) - Unable to initialize FileSignerSecretProvider, falling back to use random secrets.
2022-10-04 13:26:25,288 [Listener at localhost/37083] WARN  http.HttpRequestLog (HttpRequestLog.java:getRequestLog(103)) - Jetty request log can only be enabled using Log4j
2022-10-04 13:26:25,290 [Listener at localhost/37083] INFO  http.HttpServer2 (HttpServer2.java:addGlobalFilter(1029)) - Added global filter 'safety' (class=org.apache.hadoop.hdds.server.http.HttpServer2$QuotingInputFilter)
2022-10-04 13:26:25,290 [Listener at localhost/37083] INFO  http.HttpServer2 (HttpServer2.java:addFilter(1005)) - Added filter static_user_filter (class=org.apache.hadoop.http.lib.StaticUserWebFilter$StaticUserFilter) to context ozoneManager
2022-10-04 13:26:25,290 [Listener at localhost/37083] INFO  http.HttpServer2 (HttpServer2.java:addFilter(1013)) - Added filter static_user_filter (class=org.apache.hadoop.http.lib.StaticUserWebFilter$StaticUserFilter) to context static
2022-10-04 13:26:25,291 [Listener at localhost/37083] INFO  http.HttpServer2 (HttpServer2.java:addFilter(1013)) - Added filter static_user_filter (class=org.apache.hadoop.http.lib.StaticUserWebFilter$StaticUserFilter) to context logs
2022-10-04 13:26:25,291 [Listener at localhost/37083] INFO  http.HttpServer2 (HttpServer2.java:bindListener(1248)) - Jetty bound to port 43603
2022-10-04 13:26:25,291 [Listener at localhost/37083] INFO  server.Server (Server.java:doStart(375)) - jetty-9.4.43.v20210629; built: 2021-06-30T11:07:22.254Z; git: 526006ecfa3af7f1a27ef3a288e2bef7ea9dd7e8; jvm 1.8.0_345-b01
2022-10-04 13:26:25,293 [Listener at localhost/37083] INFO  server.session (DefaultSessionIdManager.java:doStart(334)) - DefaultSessionIdManager workerName=node0
2022-10-04 13:26:25,293 [Listener at localhost/37083] INFO  server.session (DefaultSessionIdManager.java:doStart(339)) - No SessionScavenger set, using defaults
2022-10-04 13:26:25,293 [Listener at localhost/37083] INFO  server.session (HouseKeeper.java:startScavenging(132)) - node0 Scavenging every 600000ms
2022-10-04 13:26:25,294 [Listener at localhost/37083] INFO  handler.ContextHandler (ContextHandler.java:doStart(915)) - Started o.e.j.s.ServletContextHandler@1c93a6b6{logs,/logs,file:///home/runner/work/ozone/ozone/hadoop-ozone/integration-test/target/log,AVAILABLE}
2022-10-04 13:26:25,294 [Listener at localhost/37083] INFO  handler.ContextHandler (ContextHandler.java:doStart(915)) - Started o.e.j.s.ServletContextHandler@5fe49355{static,/static,file:///home/runner/work/ozone/ozone/hadoop-ozone/integration-test/target/test-classes/webapps/static,AVAILABLE}
2022-10-04 13:26:25,299 [Listener at localhost/37083] INFO  handler.ContextHandler (ContextHandler.java:doStart(915)) - Started o.e.j.w.WebAppContext@220fe995{ozoneManager,/,file:///home/runner/work/ozone/ozone/hadoop-ozone/integration-test/target/test-classes/webapps/ozoneManager/,AVAILABLE}{file:/home/runner/work/ozone/ozone/hadoop-ozone/integration-test/target/test-classes/webapps/ozoneManager}
2022-10-04 13:26:25,300 [Listener at localhost/37083] INFO  server.AbstractConnector (AbstractConnector.java:doStart(331)) - Started ServerConnector@3608185d{HTTP/1.1, (http/1.1)}{0.0.0.0:43603}
2022-10-04 13:26:25,300 [Listener at localhost/37083] INFO  server.Server (Server.java:doStart(415)) - Started @58041ms
2022-10-04 13:26:25,300 [Listener at localhost/37083] WARN  impl.MetricsSystemImpl (MetricsSystemImpl.java:register(279)) - Sink prometheus already exists!
2022-10-04 13:26:25,301 [Listener at localhost/37083] INFO  http.BaseHttpServer (BaseHttpServer.java:updateConnectorAddress(333)) - HTTP server of ozoneManager listening at http://0.0.0.0:43603
2022-10-04 13:26:25,301 [IPC Server Responder] INFO  ipc.Server (Server.java:run(1507)) - IPC Server Responder: starting
2022-10-04 13:26:25,302 [IPC Server listener on 37083] INFO  ipc.Server (Server.java:run(1344)) - IPC Server listener on 37083: starting
2022-10-04 13:26:25,308 [Listener at localhost/37083] INFO  om.OzoneManager (OzoneManager.java:startTrashEmptier(1921)) - Trash Interval set to 0. Files deleted won't move to trash
2022-10-04 13:26:25,309 [Listener at localhost/37083] INFO  om.OzoneManager (OzoneManager.java:stop(2036)) - omNode-2[localhost:45931]: Stopping Ozone Manager
2022-10-04 13:26:25,309 [org.apache.hadoop.util.JvmPauseMonitor$Monitor@751bb6ff] INFO  util.JvmPauseMonitor (JvmPauseMonitor.java:run(188)) - Starting JVM pause monitor
2022-10-04 13:26:25,309 [Listener at localhost/37083] INFO  om.OzoneManager (OzoneManager.java:restart(1573)) - OzoneManager RPC server is listening at localhost/127.0.0.1:45931
2022-10-04 13:26:25,309 [Listener at localhost/37083] INFO  impl.MetricsSystemImpl (MetricsSystemImpl.java:init(158)) - OzoneManager metrics system started (again)
2022-10-04 13:26:25,325 [Listener at localhost/37083] WARN  server.ServerUtils (ServerUtils.java:getDBPath(225)) - ozone.om.db.dirs is not configured. We recommend adding this setting. Falling back to ozone.metadata.dirs instead.
2022-10-04 13:26:25,326 [Listener at localhost/37083] INFO  codec.OmKeyInfoCodec (OmKeyInfoCodec.java:<init>(49)) - OmKeyInfoCodec ignorePipeline = true
2022-10-04 13:26:25,326 [Listener at localhost/37083] INFO  codec.RepeatedOmKeyInfoCodec (RepeatedOmKeyInfoCodec.java:<init>(41)) - RepeatedOmKeyInfoCodec ignorePipeline = true
2022-10-04 13:26:25,376 [Listener at localhost/37083] INFO  om.OzoneManager (OzoneManager.java:instantiateServices(710)) - S3 Multi-Tenancy is disabled
2022-10-04 13:26:25,377 [Listener at localhost/37083] WARN  impl.MetricRegistriesImpl (MetricRegistriesImpl.java:addReporterRegistration(111)) - New reporters are added after registries were created. Some metrics will be missing from the reporter. Please add reporter before adding any new registry.
2022-10-04 13:26:25,378 [Listener at localhost/37083] WARN  impl.MetricRegistriesImpl (MetricRegistriesImpl.java:addReporterRegistration(111)) - New reporters are added after registries were created. Some metrics will be missing from the reporter. Please add reporter before adding any new registry.
2022-10-04 13:26:25,378 [Listener at localhost/37083] WARN  server.ServerUtils (ServerUtils.java:getDefaultRatisDirectory(237)) - Storage directory for Ratis is not configured. It is a good idea to map this to an SSD disk. Falling back to ozone.metadata.dirs
2022-10-04 13:26:25,379 [Listener at localhost/37083] INFO  ratis.OzoneManagerRatisServer (OzoneManagerRatisServer.java:<init>(160)) - Instantiating OM Ratis server with groupID: om-service-test1 and peers: localhost:33535, localhost:35537, localhost:42223
2022-10-04 13:26:25,379 [Listener at localhost/37083] INFO  ratis.OzoneManagerStateMachine (OzoneManagerStateMachine.java:loadSnapshotInfoFromDB(632)) - LastAppliedIndex is set from TransactionInfo from OM DB as (t:4, i:56)
2022-10-04 13:26:25,380 [Listener at localhost/37083] INFO  server.RaftServer (ConfUtils.java:logGet(46)) - raft.rpc.type = GRPC (default)
2022-10-04 13:26:25,380 [Listener at localhost/37083] INFO  grpc.GrpcFactory (GrpcFactory.java:checkPooledByteBufAllocatorUseCacheForAllThreads(48)) - PERFORMANCE WARNING: useCacheForAllThreads is true that may cause Netty to create a lot garbage objects and, as a result, trigger GC.
	It is recommended to disable useCacheForAllThreads by setting -Dorg.apache.ratis.thirdparty.io.netty.allocator.useCacheForAllThreads=false in command line.
2022-10-04 13:26:25,380 [Listener at localhost/37083] INFO  grpc.GrpcConfigKeys (ConfUtils.java:logGet(46)) - raft.grpc.admin.port = -1 (default)
2022-10-04 13:26:25,380 [Listener at localhost/37083] INFO  grpc.GrpcConfigKeys (ConfUtils.java:logGet(46)) - raft.grpc.server.port = 33535 (custom)
2022-10-04 13:26:25,381 [Listener at localhost/37083] INFO  grpc.GrpcConfigKeys (ConfUtils.java:logGet(46)) - raft.grpc.client.port = -1 (default)
2022-10-04 13:26:25,381 [Listener at localhost/37083] INFO  grpc.GrpcConfigKeys (ConfUtils.java:logGet(46)) - raft.grpc.server.port = 33535 (custom)
2022-10-04 13:26:25,381 [Listener at localhost/37083] INFO  grpc.GrpcConfigKeys (ConfUtils.java:logGet(46)) - raft.grpc.server.port = 33535 (custom)
2022-10-04 13:26:25,381 [Listener at localhost/37083] INFO  server.GrpcService (ConfUtils.java:logGet(46)) - raft.grpc.message.size.max = 33554432 (custom)
2022-10-04 13:26:25,381 [Listener at localhost/37083] INFO  server.RaftServerConfigKeys (ConfUtils.java:logGet(46)) - raft.server.log.appender.buffer.byte-limit = 33554432 (custom)
2022-10-04 13:26:25,381 [Listener at localhost/37083] INFO  server.GrpcService (ConfUtils.java:logGet(46)) - raft.grpc.flow.control.window = 1MB (=1048576) (default)
2022-10-04 13:26:25,382 [Listener at localhost/37083] INFO  server.RaftServerConfigKeys (ConfUtils.java:logGet(46)) - raft.server.rpc.request.timeout = 3000ms (default)
2022-10-04 13:26:25,382 [Listener at localhost/37083] INFO  grpc.GrpcConfigKeys (ConfUtils.java:logGet(46)) - raft.grpc.server.async.request.thread.pool.cached = true (default)
2022-10-04 13:26:25,382 [Listener at localhost/37083] INFO  grpc.GrpcConfigKeys (ConfUtils.java:logGet(46)) - raft.grpc.server.async.request.thread.pool.size = 32 (default)
2022-10-04 13:26:25,383 [Listener at localhost/37083] INFO  impl.DataStreamServerImpl (ConfUtils.java:logGet(46)) - raft.datastream.type = DISABLED (default)
2022-10-04 13:26:25,383 [Listener at localhost/37083] INFO  server.RaftServerConfigKeys (ConfUtils.java:logGet(46)) - raft.server.threadpool.proxy.cached = true (default)
2022-10-04 13:26:25,383 [Listener at localhost/37083] INFO  server.RaftServerConfigKeys (ConfUtils.java:logGet(46)) - raft.server.threadpool.proxy.size = 0 (default)
2022-10-04 13:26:25,384 [Listener at localhost/37083] INFO  server.RaftServerConfigKeys (ConfUtils.java:logGet(46)) - raft.server.rpc.slowness.timeout = 2s (custom)
2022-10-04 13:26:25,384 [Listener at localhost/37083] INFO  server.RaftServerConfigKeys (ConfUtils.java:logGet(46)) - raft.server.leaderelection.leader.step-down.wait-time = 10s (default)
2022-10-04 13:26:25,384 [Listener at localhost/37083] INFO  server.RaftServerConfigKeys (ConfUtils.java:logGet(46)) - raft.server.storage.dir = [/home/runner/work/ozone/ozone/hadoop-ozone/integration-test/target/test-dir/MiniOzoneClusterImpl-6e9557d8-a31c-49e5-bba1-8bc95799a8b8/omNode-2/ratis] (custom)
2022-10-04 13:26:25,384 [omNode-2-impl-thread1] INFO  server.RaftServer (RaftServerProxy.java:initGroupDir(247)) - omNode-2: found a subdirectory /home/runner/work/ozone/ozone/hadoop-ozone/integration-test/target/test-dir/MiniOzoneClusterImpl-6e9557d8-a31c-49e5-bba1-8bc95799a8b8/omNode-2/ratis/c9bc4cf4-3bc3-3c60-a66b-523986131536
2022-10-04 13:26:25,385 [Listener at localhost/37083] INFO  server.RaftServer (RaftServerProxy.java:addNew(96)) - omNode-2: addNew group-523986131536:[omNode-3|rpc:localhost:35537|priority:0, omNode-1|rpc:localhost:42223|priority:0, omNode-2|rpc:localhost:33535|priority:0] returns group-523986131536:java.util.concurrent.CompletableFuture@31dc6210[Not completed]
2022-10-04 13:26:25,385 [pool-367-thread-1] INFO  server.RaftServer$Division (RaftServerImpl.java:<init>(190)) - omNode-2: new RaftServerImpl for group-523986131536:[omNode-3|rpc:localhost:35537|priority:0, omNode-1|rpc:localhost:42223|priority:0, omNode-2|rpc:localhost:33535|priority:0] with OzoneManagerStateMachine:uninitialized
2022-10-04 13:26:25,385 [Listener at localhost/37083] INFO  om.OzoneManager (OzoneManager.java:initializeRatisServer(1977)) - OzoneManager Ratis server initialized at port 33535
2022-10-04 13:26:25,385 [pool-367-thread-1] INFO  server.RaftServerConfigKeys (ConfUtils.java:logGet(46)) - raft.server.rpc.timeout.min = 1s (custom)
2022-10-04 13:26:25,385 [Listener at localhost/37083] INFO  ratis.OzoneManagerRatisServer (OzoneManagerRatisServer.java:start(555)) - Starting OzoneManagerRatisServer omNode-2 at port 33535
2022-10-04 13:26:25,385 [pool-367-thread-1] INFO  server.RaftServerConfigKeys (ConfUtils.java:logGet(46)) - raft.server.rpc.timeout.max = 1200ms (custom)
2022-10-04 13:26:25,395 [pool-367-thread-1] INFO  server.RaftServerConfigKeys (ConfUtils.java:logGet(46)) - raft.server.rpc.sleep.time = 25ms (default)
2022-10-04 13:26:25,395 [pool-367-thread-1] INFO  server.RaftServerConfigKeys (ConfUtils.java:logGet(46)) - raft.server.rpc.slowness.timeout = 2s (custom)
2022-10-04 13:26:25,395 [pool-367-thread-1] INFO  server.RaftServerConfigKeys (ConfUtils.java:logGet(46)) - raft.server.leaderelection.leader.step-down.wait-time = 10s (default)
2022-10-04 13:26:25,395 [pool-367-thread-1] INFO  server.RaftServerConfigKeys (ConfUtils.java:logGet(46)) - raft.server.sleep.deviation.threshold = 300ms (default)
2022-10-04 13:26:25,395 [pool-367-thread-1] INFO  server.RaftServer$Division (ServerState.java:<init>(107)) - omNode-2@group-523986131536: ConfigurationManager, init=-1: [omNode-3|rpc:localhost:35537|priority:0, omNode-1|rpc:localhost:42223|priority:0, omNode-2|rpc:localhost:33535|priority:0], old=null, confs=<EMPTY_MAP>
2022-10-04 13:26:25,396 [pool-367-thread-1] INFO  server.RaftServerConfigKeys (ConfUtils.java:logGet(46)) - raft.server.storage.dir = [/home/runner/work/ozone/ozone/hadoop-ozone/integration-test/target/test-dir/MiniOzoneClusterImpl-6e9557d8-a31c-49e5-bba1-8bc95799a8b8/omNode-2/ratis] (custom)
2022-10-04 13:26:25,396 [pool-367-thread-1] INFO  server.RaftServerConfigKeys (ConfUtils.java:logGet(46)) - raft.server.log.corruption.policy = EXCEPTION (default)
2022-10-04 13:26:25,396 [pool-367-thread-1] INFO  server.RaftServerConfigKeys (ConfUtils.java:logGet(46)) - raft.server.storage.free-space.min = 0MB (=0) (default)
2022-10-04 13:26:25,397 [pool-367-thread-1] INFO  storage.RaftStorageDirectory (RaftStorageDirectoryImpl.java:tryLock(230)) - Lock on /home/runner/work/ozone/ozone/hadoop-ozone/integration-test/target/test-dir/MiniOzoneClusterImpl-6e9557d8-a31c-49e5-bba1-8bc95799a8b8/omNode-2/ratis/c9bc4cf4-3bc3-3c60-a66b-523986131536/in_use.lock acquired by nodename 42070@fv-az573-645
2022-10-04 13:26:25,398 [pool-367-thread-1] INFO  storage.RaftStorage (RaftStorageImpl.java:analyzeAndRecoverStorage(110)) - Read RaftStorageMetadata{term=4, votedFor=omNode-2} from /home/runner/work/ozone/ozone/hadoop-ozone/integration-test/target/test-dir/MiniOzoneClusterImpl-6e9557d8-a31c-49e5-bba1-8bc95799a8b8/omNode-2/ratis/c9bc4cf4-3bc3-3c60-a66b-523986131536/current/raft-meta
2022-10-04 13:26:25,398 [pool-367-thread-1] INFO  server.RaftServer$Division (ServerState.java:setRaftConf(393)) - omNode-2@group-523986131536: set configuration 31: [omNode-3|rpc:localhost:35537|admin:|client:|dataStream:|priority:0, omNode-1|rpc:localhost:42223|admin:|client:|dataStream:|priority:0, omNode-2|rpc:localhost:33535|admin:|client:|dataStream:|priority:0], old=null
2022-10-04 13:26:25,398 [pool-367-thread-1] INFO  server.RaftServerConfigKeys (ConfUtils.java:logGet(46)) - raft.server.notification.no-leader.timeout = 2s (custom)
2022-10-04 13:26:25,398 [pool-367-thread-1] INFO  server.RaftServerConfigKeys (ConfUtils.java:logGet(46)) - raft.server.log.use.memory = false (default)
2022-10-04 13:26:25,398 [pool-367-thread-1] INFO  server.RaftServerConfigKeys (ConfUtils.java:logGet(46)) - raft.server.log.purge.gap = 50 (custom)
2022-10-04 13:26:25,398 [pool-367-thread-1] INFO  server.RaftServerConfigKeys (ConfUtils.java:logGet(46)) - raft.server.log.appender.buffer.byte-limit = 33554432 (custom)
2022-10-04 13:26:25,398 [pool-367-thread-1] INFO  server.RaftServerConfigKeys (ConfUtils.java:logGet(46)) - raft.server.log.statemachine.data.read.timeout = 1000ms (default)
2022-10-04 13:26:25,399 [pool-367-thread-1] INFO  server.RaftServerConfigKeys (ConfUtils.java:logGet(46)) - raft.server.log.segment.size.max = 4194304 (custom)
2022-10-04 13:26:25,399 [pool-367-thread-1] INFO  server.RaftServerConfigKeys (ConfUtils.java:logGet(46)) - raft.server.log.segment.cache.num.max = 2 (custom)
2022-10-04 13:26:25,399 [pool-367-thread-1] INFO  server.RaftServerConfigKeys (ConfUtils.java:logGet(46)) - raft.server.log.segment.cache.size.max = 200MB (=209715200) (default)
2022-10-04 13:26:25,399 [pool-367-thread-1] INFO  segmented.SegmentedRaftLogWorker (SegmentedRaftLogWorker.java:<init>(187)) - new omNode-2@group-523986131536-SegmentedRaftLogWorker for RaftStorageImpl:Storage Directory /home/runner/work/ozone/ozone/hadoop-ozone/integration-test/target/test-dir/MiniOzoneClusterImpl-6e9557d8-a31c-49e5-bba1-8bc95799a8b8/omNode-2/ratis/c9bc4cf4-3bc3-3c60-a66b-523986131536
2022-10-04 13:26:25,400 [pool-367-thread-1] INFO  server.RaftServerConfigKeys (ConfUtils.java:logGet(46)) - raft.server.log.queue.byte-limit = 64MB (=67108864) (default)
2022-10-04 13:26:25,400 [pool-367-thread-1] INFO  server.RaftServerConfigKeys (ConfUtils.java:logGet(46)) - raft.server.log.queue.element-limit = 4096 (default)
2022-10-04 13:26:25,400 [pool-367-thread-1] INFO  server.RaftServerConfigKeys (ConfUtils.java:logGet(46)) - raft.server.log.segment.size.max = 4194304 (custom)
2022-10-04 13:26:25,400 [pool-367-thread-1] INFO  server.RaftServerConfigKeys (ConfUtils.java:logGet(46)) - raft.server.log.preallocated.size = 4194304 (custom)
2022-10-04 13:26:25,400 [pool-367-thread-1] INFO  server.RaftServerConfigKeys (ConfUtils.java:logGet(46)) - raft.server.log.force.sync.num = 128 (default)
2022-10-04 13:26:25,400 [pool-367-thread-1] INFO  server.RaftServerConfigKeys (ConfUtils.java:logGet(46)) - raft.server.log.statemachine.data.sync = true (default)
2022-10-04 13:26:25,400 [pool-367-thread-1] INFO  server.RaftServerConfigKeys (ConfUtils.java:logGet(46)) - raft.server.log.statemachine.data.sync.timeout = 10s (default)
2022-10-04 13:26:25,400 [pool-367-thread-1] INFO  server.RaftServerConfigKeys (ConfUtils.java:logGet(46)) - raft.server.log.statemachine.data.sync.timeout.retry = -1 (default)
2022-10-04 13:26:25,401 [pool-367-thread-1] INFO  server.RaftServerConfigKeys (ConfUtils.java:logGet(46)) - raft.server.log.write.buffer.size = 64KB (=65536) (default)
2022-10-04 13:26:25,401 [pool-367-thread-1] INFO  server.RaftServerConfigKeys (ConfUtils.java:logGet(46)) - raft.server.log.unsafe-flush.enabled = false (default)
2022-10-04 13:26:25,401 [pool-367-thread-1] INFO  server.RaftServerConfigKeys (ConfUtils.java:logGet(46)) - raft.server.log.statemachine.data.caching.enabled = false (default)
2022-10-04 13:26:25,402 [pool-367-thread-1] INFO  server.RaftServer$Division (ServerState.java:setRaftConf(393)) - omNode-2@group-523986131536: set configuration 31: [omNode-3|rpc:localhost:35537|admin:|client:|dataStream:|priority:0, omNode-1|rpc:localhost:42223|admin:|client:|dataStream:|priority:0, omNode-2|rpc:localhost:33535|admin:|client:|dataStream:|priority:0], old=null
2022-10-04 13:26:25,403 [pool-367-thread-1] INFO  segmented.LogSegment (LogSegment.java:loadSegment(173)) - Successfully read 26 entries from segment file /home/runner/work/ozone/ozone/hadoop-ozone/integration-test/target/test-dir/MiniOzoneClusterImpl-6e9557d8-a31c-49e5-bba1-8bc95799a8b8/omNode-2/ratis/c9bc4cf4-3bc3-3c60-a66b-523986131536/current/log_inprogress_31
2022-10-04 13:26:25,403 [pool-367-thread-1] INFO  segmented.SegmentedRaftLogWorker (SegmentedRaftLogWorker.java:lambda$new$0(135)) - omNode-2@group-523986131536-SegmentedRaftLogWorker: flushIndex: setUnconditionally 0 -> 56
2022-10-04 13:26:25,403 [pool-367-thread-1] INFO  segmented.SegmentedRaftLogWorker (SegmentedRaftLogWorker.java:lambda$new$0(135)) - omNode-2@group-523986131536-SegmentedRaftLogWorker: safeCacheEvictIndex: setUnconditionally 0 -> -1
2022-10-04 13:26:25,403 [pool-367-thread-1] INFO  raftlog.RaftLog (RaftLogBase.java:lambda$new$0(53)) - omNode-2@group-523986131536-SegmentedRaftLog: commitIndex: updateToMax old=56, new=55, updated? false
2022-10-04 13:26:25,403 [pool-367-thread-1] INFO  raftlog.RaftLog (RaftLogBase.java:lambda$new$0(53)) - omNode-2@group-523986131536-SegmentedRaftLog: purgeIndex: updateIncreasingly -1 -> 30
2022-10-04 13:26:25,403 [pool-367-thread-1] INFO  server.RaftServerConfigKeys (ConfUtils.java:logGet(46)) - raft.server.snapshot.auto.trigger.enabled = true (custom)
2022-10-04 13:26:25,403 [pool-367-thread-1] INFO  server.RaftServerConfigKeys (ConfUtils.java:logGet(46)) - raft.server.snapshot.auto.trigger.threshold = 50 (custom)
2022-10-04 13:26:25,403 [pool-367-thread-1] INFO  server.RaftServerConfigKeys (ConfUtils.java:logGet(46)) - raft.server.snapshot.retention.file.num = -1 (default)
2022-10-04 13:26:25,403 [pool-367-thread-1] INFO  server.RaftServerConfigKeys (ConfUtils.java:logGet(46)) - raft.server.log.purge.upto.snapshot.index = true (custom)
2022-10-04 13:26:25,404 [pool-367-thread-1] INFO  server.RaftServerConfigKeys (ConfUtils.java:logGet(46)) - raft.server.retrycache.expirytime = 30000ms (custom)
2022-10-04 13:26:25,404 [pool-367-thread-1] INFO  server.RaftServerConfigKeys (ConfUtils.java:logGet(46)) - raft.server.retrycache.statistics.expirytime = 100μs (default)
2022-10-04 13:26:25,405 [pool-367-thread-1] INFO  server.RaftServerConfigKeys (ConfUtils.java:logGet(46)) - raft.server.log.appender.install.snapshot.enabled = false (custom)
2022-10-04 13:26:25,405 [pool-367-thread-1] INFO  server.RaftServerConfigKeys (ConfUtils.java:logGet(46)) - raft.server.threadpool.server.cached = true (default)
2022-10-04 13:26:25,405 [pool-367-thread-1] INFO  server.RaftServerConfigKeys (ConfUtils.java:logGet(46)) - raft.server.threadpool.server.size = 0 (default)
2022-10-04 13:26:25,405 [pool-367-thread-1] INFO  server.RaftServerConfigKeys (ConfUtils.java:logGet(46)) - raft.server.threadpool.client.cached = true (default)
2022-10-04 13:26:25,405 [pool-367-thread-1] INFO  server.RaftServerConfigKeys (ConfUtils.java:logGet(46)) - raft.server.threadpool.client.size = 0 (default)
2022-10-04 13:26:25,405 [omNode-2-impl-thread1] INFO  server.RaftServer$Division (RaftServerImpl.java:start(310)) - omNode-2@group-523986131536: start as a follower, conf=31: [omNode-3|rpc:localhost:35537|admin:|client:|dataStream:|priority:0, omNode-1|rpc:localhost:42223|admin:|client:|dataStream:|priority:0, omNode-2|rpc:localhost:33535|admin:|client:|dataStream:|priority:0], old=null
2022-10-04 13:26:25,405 [omNode-2-impl-thread1] INFO  server.RaftServer$Division (RaftServerImpl.java:setRole(299)) - omNode-2@group-523986131536: changes role from      null to FOLLOWER at term 4 for startAsFollower
2022-10-04 13:26:25,406 [omNode-2-impl-thread1] INFO  impl.RoleInfo (RoleInfo.java:updateAndGet(139)) - omNode-2: start omNode-2@group-523986131536-FollowerState
2022-10-04 13:26:25,406 [omNode-2-impl-thread1] INFO  util.JmxRegister (JmxRegister.java:tryRegister(44)) - Successfully registered JMX Bean with object name Ratis:service=RaftServer,group=group-523986131536,id=omNode-2
2022-10-04 13:26:25,407 [Listener at localhost/37083] INFO  server.RaftServer (RaftServerProxy.java:lambda$start$6(382)) - omNode-2: start RPC server
2022-10-04 13:26:25,411 [Listener at localhost/37083] INFO  server.GrpcService (GrpcService.java:startImpl(260)) - omNode-2: GrpcService started, listening on 33535
2022-10-04 13:26:25,411 [Listener at localhost/37083] INFO  om.OzoneManager (OzoneManager.java:getRpcServer(1100)) - Creating RPC Server
2022-10-04 13:26:25,411 [org.apache.ratis.util.JvmPauseMonitor$$Lambda$699/75026084@6a4b9305] INFO  util.JvmPauseMonitor (JvmPauseMonitor.java:run(103)) - JvmPauseMonitor-omNode-2: Started
2022-10-04 13:26:25,797 [org.apache.ratis.util.JvmPauseMonitor$$Lambda$699/75026084@4eb6ccd4] WARN  util.JvmPauseMonitor (JvmPauseMonitor.java:detectPause(124)) - JvmPauseMonitor-c90336e2-d91d-49cc-aa4b-bbf13dfdddb4: Detected pause in JVM or host machine (eg GC): pause of approximately 114748149ns.
GC pool 'PS MarkSweep' had collection(s): count=1 time=209ms
GC pool 'PS Scavenge' had collection(s): count=1 time=56ms
2022-10-04 13:26:25,799 [org.apache.ratis.util.JvmPauseMonitor$$Lambda$699/75026084@3418f425] WARN  util.JvmPauseMonitor (JvmPauseMonitor.java:detectPause(124)) - JvmPauseMonitor-omNode-3: Detected pause in JVM or host machine (eg GC): pause of approximately 251162849ns.
GC pool 'PS MarkSweep' had collection(s): count=1 time=209ms
GC pool 'PS Scavenge' had collection(s): count=1 time=56ms
2022-10-04 13:26:25,800 [org.apache.ratis.util.JvmPauseMonitor$$Lambda$699/75026084@20d752ed] WARN  util.JvmPauseMonitor (JvmPauseMonitor.java:detectPause(124)) - JvmPauseMonitor-8036fef3-52ee-40d8-bc71-c3943af78d41: Detected pause in JVM or host machine (eg GC): pause of approximately 272406664ns.
GC pool 'PS MarkSweep' had collection(s): count=1 time=209ms
GC pool 'PS Scavenge' had collection(s): count=1 time=56ms
2022-10-04 13:26:26,008 [omNode-1@group-523986131536-FollowerState] INFO  impl.FollowerState (FollowerState.java:run(143)) - omNode-1@group-523986131536-FollowerState: change to CANDIDATE, lastRpcElapsedTime:1131051726ns, electionTimeout:1127ms
2022-10-04 13:26:26,009 [omNode-1@group-523986131536-FollowerState] INFO  impl.RoleInfo (RoleInfo.java:shutdownFollowerState(110)) - omNode-1: shutdown omNode-1@group-523986131536-FollowerState
2022-10-04 13:26:26,009 [omNode-1@group-523986131536-FollowerState] INFO  server.RaftServer$Division (RaftServerImpl.java:setRole(299)) - omNode-1@group-523986131536: changes role from  FOLLOWER to CANDIDATE at term 5 for changeToCandidate
2022-10-04 13:26:26,009 [omNode-1@group-523986131536-FollowerState] INFO  server.RaftServerConfigKeys (ConfUtils.java:logGet(46)) - raft.server.leaderelection.pre-vote = false (custom)
2022-10-04 13:26:26,009 [omNode-1@group-523986131536-FollowerState] INFO  impl.RoleInfo (RoleInfo.java:updateAndGet(139)) - omNode-1: start omNode-1@group-523986131536-LeaderElection17
2022-10-04 13:26:26,019 [omNode-1@group-523986131536-LeaderElection17] INFO  impl.LeaderElection (LeaderElection.java:askForVotes(310)) - omNode-1@group-523986131536-LeaderElection17 ELECTION round 0: submit vote requests at term 6 for 57: [omNode-3|rpc:localhost:35537|admin:|client:|dataStream:|priority:0, omNode-1|rpc:localhost:42223|admin:|client:|dataStream:|priority:0, omNode-2|rpc:localhost:33535|admin:|client:|dataStream:|priority:0], old=null
2022-10-04 13:26:26,028 [grpc-default-executor-3] INFO  server.RaftServer$Division (RaftServerImpl.java:requestVote(1152)) - omNode-3@group-523986131536: receive requestVote(ELECTION, omNode-1, group-523986131536, 6, (t:5, i:58))
2022-10-04 13:26:26,028 [grpc-default-executor-3] INFO  impl.VoteContext (VoteContext.java:log(48)) - omNode-3@group-523986131536-FOLLOWER: accept ELECTION from omNode-1: our priority 0 <= candidate's priority 0
2022-10-04 13:26:26,028 [grpc-default-executor-3] INFO  server.RaftServer$Division (ServerState.java:setLeader(287)) - omNode-3@group-523986131536: change Leader from omNode-1 to null at term 6 for updateCurrentTerm
2022-10-04 13:26:26,028 [grpc-default-executor-3] INFO  server.RaftServer$Division (RaftServerImpl.java:setRole(299)) - omNode-3@group-523986131536: changes role from  FOLLOWER to FOLLOWER at term 6 for candidate:omNode-1
2022-10-04 13:26:26,028 [grpc-default-executor-3] INFO  impl.RoleInfo (RoleInfo.java:shutdownFollowerState(110)) - omNode-3: shutdown omNode-3@group-523986131536-FollowerState
2022-10-04 13:26:26,028 [grpc-default-executor-3] INFO  impl.RoleInfo (RoleInfo.java:updateAndGet(139)) - omNode-3: start omNode-3@group-523986131536-FollowerState
2022-10-04 13:26:26,028 [omNode-3@group-523986131536-FollowerState] INFO  impl.FollowerState (FollowerState.java:run(152)) - omNode-3@group-523986131536-FollowerState was interrupted
2022-10-04 13:26:26,034 [grpc-default-executor-3] INFO  server.RaftServer$Division (RaftServerImpl.java:requestVote(1184)) - omNode-3@group-523986131536 replies to ELECTION vote request: omNode-1<-omNode-3#0:OK-t6. Peer's state: omNode-3@group-523986131536:t6, leader=null, voted=omNode-1, raftlog=omNode-3@group-523986131536-SegmentedRaftLog:OPENED:c58, conf=57: [omNode-3|rpc:localhost:35537|admin:|client:|dataStream:|priority:0, omNode-1|rpc:localhost:42223|admin:|client:|dataStream:|priority:0, omNode-2|rpc:localhost:33535|admin:|client:|dataStream:|priority:0], old=null
2022-10-04 13:26:26,039 [omNode-1@group-523986131536-LeaderElection17] INFO  impl.LeaderElection (LeaderElection.java:logAndReturn(90)) - omNode-1@group-523986131536-LeaderElection17: ELECTION PASSED received 1 response(s) and 0 exception(s):
2022-10-04 13:26:26,039 [omNode-1@group-523986131536-LeaderElection17] INFO  impl.LeaderElection (LeaderElection.java:logAndReturn(94)) -   Response 0: omNode-1<-omNode-3#0:OK-t6
2022-10-04 13:26:26,039 [omNode-1@group-523986131536-LeaderElection17] INFO  impl.LeaderElection (LeaderElection.java:askForVotes(312)) - omNode-1@group-523986131536-LeaderElection17 ELECTION round 0: result PASSED
2022-10-04 13:26:26,039 [omNode-1@group-523986131536-LeaderElection17] INFO  impl.RoleInfo (RoleInfo.java:shutdownLeaderElection(130)) - omNode-1: shutdown omNode-1@group-523986131536-LeaderElection17
2022-10-04 13:26:26,039 [omNode-1@group-523986131536-LeaderElection17] INFO  server.RaftServer$Division (RaftServerImpl.java:setRole(299)) - omNode-1@group-523986131536: changes role from CANDIDATE to LEADER at term 6 for changeToLeader
2022-10-04 13:26:26,039 [omNode-1@group-523986131536-LeaderElection17] INFO  server.RaftServer$Division (ServerState.java:setLeader(287)) - omNode-1@group-523986131536: change Leader from null to omNode-1 at term 6 for becomeLeader, leader elected after 1170ms
2022-10-04 13:26:26,040 [omNode-1@group-523986131536-LeaderElection17] INFO  server.RaftServerConfigKeys (ConfUtils.java:logGet(46)) - raft.server.staging.catchup.gap = 1000 (default)
2022-10-04 13:26:26,040 [omNode-1@group-523986131536-LeaderElection17] INFO  server.RaftServerConfigKeys (ConfUtils.java:logGet(46)) - raft.server.write.element-limit = 4096 (default)
2022-10-04 13:26:26,040 [omNode-1@group-523986131536-LeaderElection17] INFO  server.RaftServerConfigKeys (ConfUtils.java:logGet(46)) - raft.server.write.byte-limit = 64MB (=67108864) (default)
2022-10-04 13:26:26,040 [omNode-1@group-523986131536-LeaderElection17] INFO  server.RaftServerConfigKeys (ConfUtils.java:logGet(46)) - raft.server.watch.timeout = 10s (default)
2022-10-04 13:26:26,040 [omNode-1@group-523986131536-LeaderElection17] INFO  server.RaftServerConfigKeys (ConfUtils.java:logGet(46)) - raft.server.watch.timeout.denomination = 1s (default)
2022-10-04 13:26:26,040 [omNode-1@group-523986131536-LeaderElection17] INFO  server.RaftServerConfigKeys (ConfUtils.java:logGet(46)) - raft.server.watch.element-limit = 65536 (default)
2022-10-04 13:26:26,041 [omNode-1@group-523986131536-LeaderElection17] INFO  server.RaftServerConfigKeys (ConfUtils.java:logGet(46)) - raft.server.write.element-limit = 4096 (default)
2022-10-04 13:26:26,041 [omNode-1@group-523986131536-LeaderElection17] INFO  server.RaftServerConfigKeys (ConfUtils.java:logGet(46)) - raft.server.write.follower.gap.ratio.max = -1.0 (default)
2022-10-04 13:26:26,046 [grpc-default-executor-3] INFO  server.RaftServer$Division (RaftServerImpl.java:requestVote(1152)) - omNode-2@group-523986131536: receive requestVote(ELECTION, omNode-1, group-523986131536, 6, (t:5, i:58))
2022-10-04 13:26:26,047 [grpc-default-executor-3] INFO  impl.VoteContext (VoteContext.java:log(48)) - omNode-2@group-523986131536-FOLLOWER: accept ELECTION from omNode-1: our last entry (t:4, i:56) < candidate's last entry (t:5, i:58)
2022-10-04 13:26:26,047 [grpc-default-executor-3] INFO  server.RaftServer$Division (RaftServerImpl.java:setRole(299)) - omNode-2@group-523986131536: changes role from  FOLLOWER to FOLLOWER at term 6 for candidate:omNode-1
2022-10-04 13:26:26,048 [grpc-default-executor-3] INFO  impl.RoleInfo (RoleInfo.java:shutdownFollowerState(110)) - omNode-2: shutdown omNode-2@group-523986131536-FollowerState
2022-10-04 13:26:26,049 [grpc-default-executor-3] INFO  impl.RoleInfo (RoleInfo.java:updateAndGet(139)) - omNode-2: start omNode-2@group-523986131536-FollowerState
2022-10-04 13:26:26,049 [omNode-2@group-523986131536-FollowerState] INFO  impl.FollowerState (FollowerState.java:run(152)) - omNode-2@group-523986131536-FollowerState was interrupted
2022-10-04 13:26:26,055 [omNode-1@group-523986131536-LeaderElection17] INFO  server.RaftServerConfigKeys (ConfUtils.java:logGet(46)) - raft.server.log.appender.snapshot.chunk.size.max = 16MB (=16777216) (default)
2022-10-04 13:26:26,055 [omNode-1@group-523986131536-LeaderElection17] INFO  server.RaftServerConfigKeys (ConfUtils.java:logGet(46)) - raft.server.log.appender.buffer.byte-limit = 33554432 (custom)
2022-10-04 13:26:26,055 [omNode-1@group-523986131536-LeaderElection17] INFO  server.RaftServerConfigKeys (ConfUtils.java:logGet(46)) - raft.server.log.appender.buffer.element-limit = 1024 (custom)
2022-10-04 13:26:26,055 [omNode-1@group-523986131536-LeaderElection17] INFO  grpc.GrpcConfigKeys (ConfUtils.java:logGet(46)) - raft.grpc.server.leader.outstanding.appends.max = 128 (default)
2022-10-04 13:26:26,055 [omNode-1@group-523986131536-LeaderElection17] INFO  server.RaftServerConfigKeys (ConfUtils.java:logGet(46)) - raft.server.rpc.request.timeout = 3000ms (default)
2022-10-04 13:26:26,055 [omNode-1@group-523986131536-LeaderElection17] INFO  server.RaftServerConfigKeys (ConfUtils.java:logGet(46)) - raft.server.log.appender.install.snapshot.enabled = false (custom)
2022-10-04 13:26:26,056 [omNode-1@group-523986131536-LeaderElection17] INFO  server.RaftServerConfigKeys (ConfUtils.java:logGet(46)) - raft.server.log.appender.snapshot.chunk.size.max = 16MB (=16777216) (default)
2022-10-04 13:26:26,057 [omNode-1@group-523986131536-LeaderElection17] INFO  server.RaftServerConfigKeys (ConfUtils.java:logGet(46)) - raft.server.log.appender.buffer.byte-limit = 33554432 (custom)
2022-10-04 13:26:26,057 [omNode-1@group-523986131536-LeaderElection17] INFO  server.RaftServerConfigKeys (ConfUtils.java:logGet(46)) - raft.server.log.appender.buffer.element-limit = 1024 (custom)
2022-10-04 13:26:26,057 [omNode-1@group-523986131536-LeaderElection17] INFO  grpc.GrpcConfigKeys (ConfUtils.java:logGet(46)) - raft.grpc.server.leader.outstanding.appends.max = 128 (default)
2022-10-04 13:26:26,057 [omNode-1@group-523986131536-LeaderElection17] INFO  server.RaftServerConfigKeys (ConfUtils.java:logGet(46)) - raft.server.rpc.request.timeout = 3000ms (default)
2022-10-04 13:26:26,057 [omNode-1@group-523986131536-LeaderElection17] INFO  server.RaftServerConfigKeys (ConfUtils.java:logGet(46)) - raft.server.log.appender.install.snapshot.enabled = false (custom)
2022-10-04 13:26:26,057 [omNode-1@group-523986131536-LeaderElection17] INFO  impl.RoleInfo (RoleInfo.java:updateAndGet(139)) - omNode-1: start omNode-1@group-523986131536-LeaderStateImpl
2022-10-04 13:26:26,058 [omNode-1@group-523986131536-LeaderElection17] INFO  segmented.SegmentedRaftLogWorker (SegmentedRaftLogWorker.java:rollLogSegment(430)) - omNode-1@group-523986131536-SegmentedRaftLogWorker: Rolling segment log-57_58 to index:58
2022-10-04 13:26:26,064 [omNode-3-server-thread1] INFO  server.RaftServer$Division (ServerState.java:setLeader(287)) - omNode-3@group-523986131536: change Leader from null to omNode-1 at term 6 for appendEntries, leader elected after 35ms
2022-10-04 13:26:26,075 [omNode-1@group-523986131536-SegmentedRaftLogWorker] INFO  segmented.SegmentedRaftLogWorker (SegmentedRaftLogWorker.java:execute(586)) - omNode-1@group-523986131536-SegmentedRaftLogWorker: Rolled log segment from /home/runner/work/ozone/ozone/hadoop-ozone/integration-test/target/test-dir/MiniOzoneClusterImpl-6e9557d8-a31c-49e5-bba1-8bc95799a8b8/omNode-1/ratis/c9bc4cf4-3bc3-3c60-a66b-523986131536/current/log_inprogress_57 to /home/runner/work/ozone/ozone/hadoop-ozone/integration-test/target/test-dir/MiniOzoneClusterImpl-6e9557d8-a31c-49e5-bba1-8bc95799a8b8/omNode-1/ratis/c9bc4cf4-3bc3-3c60-a66b-523986131536/current/log_57-58
2022-10-04 13:26:26,077 [omNode-1@group-523986131536-LeaderElection17] INFO  server.RaftServer$Division (ServerState.java:setRaftConf(393)) - omNode-1@group-523986131536: set configuration 59: [omNode-3|rpc:localhost:35537|admin:|client:|dataStream:|priority:0, omNode-1|rpc:localhost:42223|admin:|client:|dataStream:|priority:0, omNode-2|rpc:localhost:33535|admin:|client:|dataStream:|priority:0], old=null
2022-10-04 13:26:26,077 [omNode-3-server-thread1] INFO  server.RaftServer$Division (ServerState.java:setRaftConf(393)) - omNode-3@group-523986131536: set configuration 59: [omNode-3|rpc:localhost:35537|admin:|client:|dataStream:|priority:0, omNode-1|rpc:localhost:42223|admin:|client:|dataStream:|priority:0, omNode-2|rpc:localhost:33535|admin:|client:|dataStream:|priority:0], old=null
2022-10-04 13:26:26,078 [omNode-3-server-thread1] INFO  segmented.SegmentedRaftLogWorker (SegmentedRaftLogWorker.java:rollLogSegment(430)) - omNode-3@group-523986131536-SegmentedRaftLogWorker: Rolling segment log-57_58 to index:58
2022-10-04 13:26:26,078 [omNode-3@group-523986131536-SegmentedRaftLogWorker] INFO  segmented.SegmentedRaftLogWorker (SegmentedRaftLogWorker.java:execute(586)) - omNode-3@group-523986131536-SegmentedRaftLogWorker: Rolled log segment from /home/runner/work/ozone/ozone/hadoop-ozone/integration-test/target/test-dir/MiniOzoneClusterImpl-6e9557d8-a31c-49e5-bba1-8bc95799a8b8/omNode-3/ratis/c9bc4cf4-3bc3-3c60-a66b-523986131536/current/log_inprogress_57 to /home/runner/work/ozone/ozone/hadoop-ozone/integration-test/target/test-dir/MiniOzoneClusterImpl-6e9557d8-a31c-49e5-bba1-8bc95799a8b8/omNode-3/ratis/c9bc4cf4-3bc3-3c60-a66b-523986131536/current/log_57-58
2022-10-04 13:26:26,085 [grpc-default-executor-3] INFO  server.RaftServer$Division (RaftServerImpl.java:requestVote(1184)) - omNode-2@group-523986131536 replies to ELECTION vote request: omNode-1<-omNode-2#0:OK-t6. Peer's state: omNode-2@group-523986131536:t6, leader=null, voted=omNode-1, raftlog=omNode-2@group-523986131536-SegmentedRaftLog:OPENED:c56, conf=31: [omNode-3|rpc:localhost:35537|admin:|client:|dataStream:|priority:0, omNode-1|rpc:localhost:42223|admin:|client:|dataStream:|priority:0, omNode-2|rpc:localhost:33535|admin:|client:|dataStream:|priority:0], old=null
2022-10-04 13:26:26,100 [omNode-3@group-523986131536-SegmentedRaftLogWorker] INFO  segmented.SegmentedRaftLogWorker (SegmentedRaftLogWorker.java:execute(629)) - omNode-3@group-523986131536-SegmentedRaftLogWorker: created new log segment /home/runner/work/ozone/ozone/hadoop-ozone/integration-test/target/test-dir/MiniOzoneClusterImpl-6e9557d8-a31c-49e5-bba1-8bc95799a8b8/omNode-3/ratis/c9bc4cf4-3bc3-3c60-a66b-523986131536/current/log_inprogress_59
2022-10-04 13:26:26,100 [omNode-1@group-523986131536-SegmentedRaftLogWorker] INFO  segmented.SegmentedRaftLogWorker (SegmentedRaftLogWorker.java:execute(629)) - omNode-1@group-523986131536-SegmentedRaftLogWorker: created new log segment /home/runner/work/ozone/ozone/hadoop-ozone/integration-test/target/test-dir/MiniOzoneClusterImpl-6e9557d8-a31c-49e5-bba1-8bc95799a8b8/omNode-1/ratis/c9bc4cf4-3bc3-3c60-a66b-523986131536/current/log_inprogress_59
2022-10-04 13:26:26,105 [omNode-2-server-thread1] INFO  server.RaftServer$Division (ServerState.java:setLeader(287)) - omNode-2@group-523986131536: change Leader from null to omNode-1 at term 6 for appendEntries, leader elected after 706ms
2022-10-04 13:26:26,105 [omNode-2-server-thread1] INFO  server.RaftServer$Division (RaftServerImpl.java:checkInconsistentAppendEntries(1424)) - omNode-2@group-523986131536: Failed appendEntries as previous log entry ((t:5, i:58)) is not found
2022-10-04 13:26:26,105 [omNode-2-server-thread1] INFO  server.RaftServer$Division (RaftServerImpl.java:checkInconsistentAppendEntries(1394)) - omNode-2@group-523986131536: inconsistency entries. Reply:omNode-1<-omNode-2#0:FAIL-t6,INCONSISTENCY,nextIndex=57,followerCommit=56
2022-10-04 13:26:26,107 [grpc-default-executor-3] INFO  leader.FollowerInfo (FollowerInfoImpl.java:lambda$new$0(48)) - omNode-1@group-523986131536->omNode-2: nextIndex: updateUnconditionally 60 -> 57
2022-10-04 13:26:26,108 [omNode-1@group-523986131536->omNode-2-GrpcLogAppender-LogAppenderDaemon] ERROR leader.LogAppenderDaemon (LogAppenderDaemon.java:run(86)) - omNode-1@group-523986131536->omNode-2-GrpcLogAppender-LogAppenderDaemon failed
java.lang.NullPointerException: omNode-1@group-523986131536->omNode-2: Previous TermIndex not found for firstIndex = 57
	at java.util.Objects.requireNonNull(Objects.java:290)
	at org.apache.ratis.server.leader.LogAppenderBase.assertProtos(LogAppenderBase.java:176)
	at org.apache.ratis.server.leader.LogAppenderBase.newAppendEntriesRequest(LogAppenderBase.java:161)
	at org.apache.ratis.grpc.server.GrpcLogAppender.appendLog(GrpcLogAppender.java:206)
	at org.apache.ratis.grpc.server.GrpcLogAppender.run(GrpcLogAppender.java:148)
	at org.apache.ratis.server.leader.LogAppenderDaemon.run(LogAppenderDaemon.java:77)
	at java.lang.Thread.run(Thread.java:750)
2022-10-04 13:26:26,109 [omNode-1@group-523986131536-StateMachineUpdater] INFO  ratis.OzoneManagerStateMachine (OzoneManagerStateMachine.java:notifyConfigurationChanged(192)) - Received Configuration change notification from Ratis. New Peer list:
[id: "omNode-3"
address: "localhost:35537"
, id: "omNode-1"
address: "localhost:42223"
, id: "omNode-2"
address: "localhost:33535"
]
2022-10-04 13:26:26,112 [omNode-1@group-523986131536->omNode-2-GrpcLogAppender-LogAppenderDaemon] INFO  server.RaftServer$Division (LeaderStateImpl.java:restart(532)) - omNode-1@group-523986131536-LeaderStateImpl: Restarting GrpcLogAppender for omNode-1@group-523986131536->omNode-2
2022-10-04 13:26:26,113 [omNode-1@group-523986131536->omNode-2-GrpcLogAppender-LogAppenderDaemon] INFO  server.RaftServerConfigKeys (ConfUtils.java:logGet(46)) - raft.server.log.appender.snapshot.chunk.size.max = 16MB (=16777216) (default)
2022-10-04 13:26:26,113 [omNode-1@group-523986131536->omNode-2-GrpcLogAppender-LogAppenderDaemon] INFO  server.RaftServerConfigKeys (ConfUtils.java:logGet(46)) - raft.server.log.appender.buffer.byte-limit = 33554432 (custom)
2022-10-04 13:26:26,113 [omNode-1@group-523986131536->omNode-2-GrpcLogAppender-LogAppenderDaemon] INFO  server.RaftServerConfigKeys (ConfUtils.java:logGet(46)) - raft.server.log.appender.buffer.element-limit = 1024 (custom)
2022-10-04 13:26:26,117 [omNode-1@group-523986131536->omNode-2-GrpcLogAppender-LogAppenderDaemon] INFO  grpc.GrpcConfigKeys (ConfUtils.java:logGet(46)) - raft.grpc.server.leader.outstanding.appends.max = 128 (default)
2022-10-04 13:26:26,117 [omNode-1@group-523986131536->omNode-2-GrpcLogAppender-LogAppenderDaemon] INFO  server.RaftServerConfigKeys (ConfUtils.java:logGet(46)) - raft.server.rpc.request.timeout = 3000ms (default)
2022-10-04 13:26:26,118 [omNode-1@group-523986131536->omNode-2-GrpcLogAppender-LogAppenderDaemon] INFO  server.RaftServerConfigKeys (ConfUtils.java:logGet(46)) - raft.server.log.appender.install.snapshot.enabled = false (custom)
2022-10-04 13:26:26,119 [omNode-2-server-thread1] INFO  server.RaftServer$Division (RaftServerImpl.java:checkInconsistentAppendEntries(1424)) - omNode-2@group-523986131536: Failed appendEntries as previous log entry ((t:5, i:58)) is not found
2022-10-04 13:26:26,119 [omNode-2-server-thread1] INFO  server.RaftServer$Division (RaftServerImpl.java:checkInconsistentAppendEntries(1394)) - omNode-2@group-523986131536: inconsistency entries. Reply:omNode-1<-omNode-2#1:FAIL-t6,INCONSISTENCY,nextIndex=57,followerCommit=56
2022-10-04 13:26:26,121 [grpc-default-executor-0] INFO  leader.FollowerInfo (FollowerInfoImpl.java:lambda$new$0(48)) - omNode-1@group-523986131536->omNode-2: nextIndex: updateUnconditionally 57 -> 57
2022-10-04 13:26:26,126 [omNode-3@group-523986131536-StateMachineUpdater] INFO  ratis.OzoneManagerStateMachine (OzoneManagerStateMachine.java:notifyConfigurationChanged(192)) - Received Configuration change notification from Ratis. New Peer list:
[id: "omNode-3"
address: "localhost:35537"
, id: "omNode-1"
address: "localhost:42223"
, id: "omNode-2"
address: "localhost:33535"
]
2022-10-04 13:26:26,127 [omNode-1@group-523986131536->omNode-2-GrpcLogAppender-LogAppenderDaemon] INFO  server.GrpcLogAppender (GrpcLogAppender.java:installSnapshot(541)) - omNode-1@group-523986131536->omNode-2-GrpcLogAppender: followerNextIndex = 0 but logStartIndex = 57, notify follower to install snapshot-(t:5, i:57)
2022-10-04 13:26:26,140 [Listener at localhost/37083] INFO  reflections.Reflections (Reflections.java:scan(232)) - Reflections took 727 ms to scan 19 urls, producing 67 keys and 4220 values [using 2 cores]
2022-10-04 13:26:26,142 [Listener at localhost/37083] INFO  ipc.CallQueueManager (CallQueueManager.java:<init>(90)) - Using callQueue: class java.util.concurrent.LinkedBlockingQueue, queueCapacity: 2000, scheduler: class org.apache.hadoop.ipc.DefaultRpcScheduler, ipcBackoff: false.
2022-10-04 13:26:26,142 [Socket Reader #1 for port 45931] INFO  ipc.Server (Server.java:run(1265)) - Starting Socket Reader #1 for port 45931
2022-10-04 13:26:26,146 [omNode-1@group-523986131536->omNode-2-GrpcLogAppender-LogAppenderDaemon] INFO  server.GrpcLogAppender (GrpcLogAppender.java:installSnapshot(549)) - omNode-1@group-523986131536->omNode-2-GrpcLogAppender: send omNode-1->omNode-2#0-t6,notify:(t:5, i:57)
2022-10-04 13:26:26,146 [Listener at localhost/45931] INFO  http.BaseHttpServer (BaseHttpServer.java:newHttpServer2BuilderForOzone(213)) - Starting Web-server for ozoneManager at: http://0.0.0.0:44809
2022-10-04 13:26:26,146 [Listener at localhost/45931] INFO  http.BaseHttpServer (BaseHttpServer.java:<init>(108)) - Hadoop Security Enabled: false Ozone Security Enabled: false Ozone HTTP Security Enabled: false 
2022-10-04 13:26:26,150 [grpc-default-executor-0] INFO  impl.SnapshotInstallationHandler (SnapshotInstallationHandler.java:installSnapshot(84)) - omNode-2@group-523986131536: receive installSnapshot: omNode-1->omNode-2#0-t6,notify:(t:5, i:57)
2022-10-04 13:26:26,150 [grpc-default-executor-0] INFO  impl.SnapshotInstallationHandler (SnapshotInstallationHandler.java:notifyStateMachineToInstallSnapshot(215)) - omNode-2@group-523986131536: Received notification to install snapshot at index 57
2022-10-04 13:26:26,150 [grpc-default-executor-0] INFO  impl.SnapshotInstallationHandler (SnapshotInstallationHandler.java:notifyStateMachineToInstallSnapshot(224)) - omNode-2@group-523986131536: InstallSnapshot notification result: ALREADY_INSTALLED, current snapshot index: 56
2022-10-04 13:26:26,153 [Listener at localhost/45931] INFO  server.AuthenticationFilter (AuthenticationFilter.java:constructSecretProvider(240)) - Unable to initialize FileSignerSecretProvider, falling back to use random secrets.
2022-10-04 13:26:26,153 [Listener at localhost/45931] WARN  http.HttpRequestLog (HttpRequestLog.java:getRequestLog(103)) - Jetty request log can only be enabled using Log4j
2022-10-04 13:26:26,155 [Listener at localhost/45931] INFO  http.HttpServer2 (HttpServer2.java:addGlobalFilter(1029)) - Added global filter 'safety' (class=org.apache.hadoop.hdds.server.http.HttpServer2$QuotingInputFilter)
2022-10-04 13:26:26,156 [Listener at localhost/45931] INFO  http.HttpServer2 (HttpServer2.java:addFilter(1005)) - Added filter static_user_filter (class=org.apache.hadoop.http.lib.StaticUserWebFilter$StaticUserFilter) to context ozoneManager
2022-10-04 13:26:26,156 [Listener at localhost/45931] INFO  http.HttpServer2 (HttpServer2.java:addFilter(1013)) - Added filter static_user_filter (class=org.apache.hadoop.http.lib.StaticUserWebFilter$StaticUserFilter) to context logs
2022-10-04 13:26:26,157 [Listener at localhost/45931] INFO  http.HttpServer2 (HttpServer2.java:addFilter(1013)) - Added filter static_user_filter (class=org.apache.hadoop.http.lib.StaticUserWebFilter$StaticUserFilter) to context static
2022-10-04 13:26:26,157 [Listener at localhost/45931] INFO  http.HttpServer2 (HttpServer2.java:bindListener(1248)) - Jetty bound to port 44809
2022-10-04 13:26:26,158 [Listener at localhost/45931] INFO  server.Server (Server.java:doStart(375)) - jetty-9.4.43.v20210629; built: 2021-06-30T11:07:22.254Z; git: 526006ecfa3af7f1a27ef3a288e2bef7ea9dd7e8; jvm 1.8.0_345-b01
2022-10-04 13:26:26,162 [grpc-default-executor-0] INFO  impl.SnapshotInstallationHandler (SnapshotInstallationHandler.java:installSnapshotImpl(129)) - omNode-2@group-523986131536: set new configuration index: 59
configurationEntry {
  peers {
    id: "omNode-3"
    address: "localhost:35537"
  }
  peers {
    id: "omNode-1"
    address: "localhost:42223"
  }
  peers {
    id: "omNode-2"
    address: "localhost:33535"
  }
}
 from snapshot
2022-10-04 13:26:26,163 [grpc-default-executor-0] INFO  server.RaftServer$Division (ServerState.java:setRaftConf(393)) - omNode-2@group-523986131536: set configuration 59: [omNode-3|rpc:localhost:35537|admin:|client:|dataStream:|priority:0, omNode-1|rpc:localhost:42223|admin:|client:|dataStream:|priority:0, omNode-2|rpc:localhost:33535|admin:|client:|dataStream:|priority:0], old=null
2022-10-04 13:26:26,164 [grpc-default-executor-0] INFO  ratis.OzoneManagerStateMachine (OzoneManagerStateMachine.java:notifyConfigurationChanged(192)) - Received Configuration change notification from Ratis. New Peer list:
[id: "omNode-3"
address: "localhost:35537"
, id: "omNode-1"
address: "localhost:42223"
, id: "omNode-2"
address: "localhost:33535"
]
2022-10-04 13:26:26,165 [grpc-default-executor-0] INFO  impl.SnapshotInstallationHandler (SnapshotInstallationHandler.java:installSnapshot(95)) - omNode-2@group-523986131536: reply installSnapshot: omNode-1<-omNode-2#0:FAIL-t6,ALREADY_INSTALLED,snapshotIndex=56
2022-10-04 13:26:26,166 [grpc-default-executor-2] INFO  server.GrpcLogAppender (GrpcLogAppender.java:onNext(403)) - omNode-1@group-523986131536->omNode-2-InstallSnapshotResponseHandler: received the first reply omNode-1<-omNode-2#0:FAIL-t6,ALREADY_INSTALLED,snapshotIndex=56
2022-10-04 13:26:26,166 [grpc-default-executor-2] INFO  server.GrpcLogAppender (GrpcLogAppender.java:onNext(426)) - omNode-1@group-523986131536->omNode-2-InstallSnapshotResponseHandler: Follower snapshot is already at index 56.
2022-10-04 13:26:26,166 [grpc-default-executor-2] INFO  leader.FollowerInfo (FollowerInfoImpl.java:lambda$new$0(48)) - omNode-1@group-523986131536->omNode-2: snapshotIndex: setUnconditionally 0 -> 56
2022-10-04 13:26:26,166 [grpc-default-executor-2] INFO  leader.FollowerInfo (FollowerInfoImpl.java:lambda$new$0(48)) - omNode-1@group-523986131536->omNode-2: matchIndex: setUnconditionally 0 -> 56
2022-10-04 13:26:26,166 [grpc-default-executor-2] INFO  leader.FollowerInfo (FollowerInfoImpl.java:lambda$new$0(48)) - omNode-1@group-523986131536->omNode-2: nextIndex: setUnconditionally 0 -> 57
2022-10-04 13:26:26,166 [grpc-default-executor-2] INFO  leader.FollowerInfo (FollowerInfoImpl.java:setAttemptedToInstallSnapshot(118)) - Follower omNode-1@group-523986131536->omNode-2 acknowledged installing snapshot
2022-10-04 13:26:26,168 [grpc-default-executor-0] INFO  server.GrpcServerProtocolService (GrpcServerProtocolService.java:onCompleted(140)) - omNode-2: Completed INSTALL_SNAPSHOT, lastRequest: omNode-1->omNode-2#0-t6,notify:(t:5, i:57)
2022-10-04 13:26:26,169 [grpc-default-executor-2] INFO  leader.FollowerInfo (FollowerInfoImpl.java:lambda$new$0(48)) - omNode-1@group-523986131536->omNode-2: nextIndex: updateToMax old=57, new=57, updated? false
2022-10-04 13:26:26,169 [Listener at localhost/45931] INFO  server.session (DefaultSessionIdManager.java:doStart(334)) - DefaultSessionIdManager workerName=node0
2022-10-04 13:26:26,170 [Listener at localhost/45931] INFO  server.session (DefaultSessionIdManager.java:doStart(339)) - No SessionScavenger set, using defaults
2022-10-04 13:26:26,170 [Listener at localhost/45931] INFO  server.session (HouseKeeper.java:startScavenging(132)) - node0 Scavenging every 660000ms
2022-10-04 13:26:26,173 [Listener at localhost/45931] INFO  handler.ContextHandler (ContextHandler.java:doStart(915)) - Started o.e.j.s.ServletContextHandler@5e05d0f6{logs,/logs,file:///home/runner/work/ozone/ozone/hadoop-ozone/integration-test/target/log,AVAILABLE}
2022-10-04 13:26:26,174 [Listener at localhost/45931] INFO  handler.ContextHandler (ContextHandler.java:doStart(915)) - Started o.e.j.s.ServletContextHandler@6571c5ed{static,/static,file:///home/runner/work/ozone/ozone/hadoop-ozone/integration-test/target/test-classes/webapps/static,AVAILABLE}
2022-10-04 13:26:26,183 [Listener at localhost/45931] INFO  handler.ContextHandler (ContextHandler.java:doStart(915)) - Started o.e.j.w.WebAppContext@7f182c24{ozoneManager,/,file:///home/runner/work/ozone/ozone/hadoop-ozone/integration-test/target/test-classes/webapps/ozoneManager/,AVAILABLE}{file:/home/runner/work/ozone/ozone/hadoop-ozone/integration-test/target/test-classes/webapps/ozoneManager}
2022-10-04 13:26:26,186 [Listener at localhost/45931] INFO  server.AbstractConnector (AbstractConnector.java:doStart(331)) - Started ServerConnector@97231d1{HTTP/1.1, (http/1.1)}{0.0.0.0:44809}
2022-10-04 13:26:26,186 [Listener at localhost/45931] INFO  server.Server (Server.java:doStart(415)) - Started @58927ms
2022-10-04 13:26:26,186 [Listener at localhost/45931] WARN  impl.MetricsSystemImpl (MetricsSystemImpl.java:register(279)) - Sink prometheus already exists!
2022-10-04 13:26:26,187 [Listener at localhost/45931] INFO  http.BaseHttpServer (BaseHttpServer.java:updateConnectorAddress(333)) - HTTP server of ozoneManager listening at http://0.0.0.0:44809
2022-10-04 13:26:26,187 [IPC Server Responder] INFO  ipc.Server (Server.java:run(1507)) - IPC Server Responder: starting
2022-10-04 13:26:26,188 [IPC Server listener on 45931] INFO  ipc.Server (Server.java:run(1344)) - IPC Server listener on 45931: starting
2022-10-04 13:26:26,196 [Listener at localhost/45931] INFO  om.OzoneManager (OzoneManager.java:startTrashEmptier(1921)) - Trash Interval set to 0. Files deleted won't move to trash
2022-10-04 13:26:26,197 [org.apache.hadoop.util.JvmPauseMonitor$Monitor@44b9f6c9] INFO  util.JvmPauseMonitor (JvmPauseMonitor.java:run(188)) - Starting JVM pause monitor
]]></system-out>
  </testcase>
  <testcase name="testFileOperationsAndDelete" classname="org.apache.hadoop.ozone.om.TestOzoneManagerHAWithData" time="5.576">
    <error type="java.lang.RuntimeException"><![CDATA[java.lang.RuntimeException: java.util.concurrent.ExecutionException: java.lang.IllegalStateException: zip file closed
	at org.reflections.Reflections.scan(Reflections.java:213)
	at org.reflections.Reflections.<init>(Reflections.java:123)
	at org.apache.hadoop.ozone.om.request.validation.ValidatorRegistry.<init>(ValidatorRegistry.java:71)
	at org.apache.hadoop.ozone.om.request.validation.ValidatorRegistry.<init>(ValidatorRegistry.java:59)
	at org.apache.hadoop.ozone.om.request.validation.RequestValidations.load(RequestValidations.java:59)
	at org.apache.hadoop.ozone.protocolPB.OzoneManagerProtocolServerSideTranslatorPB.<init>(OzoneManagerProtocolServerSideTranslatorPB.java:127)
	at org.apache.hadoop.ozone.om.OzoneManager.getRpcServer(OzoneManager.java:1117)
	at org.apache.hadoop.ozone.om.OzoneManager.restart(OzoneManager.java:1611)
	at org.apache.hadoop.ozone.MiniOzoneHAClusterImpl.restartOzoneManager(MiniOzoneHAClusterImpl.java:229)
	at org.apache.hadoop.ozone.om.TestOzoneManagerHA.resetCluster(TestOzoneManagerHA.java:188)
	at sun.reflect.NativeMethodAccessorImpl.invoke0(Native Method)
	at sun.reflect.NativeMethodAccessorImpl.invoke(NativeMethodAccessorImpl.java:62)
	at sun.reflect.DelegatingMethodAccessorImpl.invoke(DelegatingMethodAccessorImpl.java:43)
	at java.lang.reflect.Method.invoke(Method.java:498)
	at org.junit.platform.commons.util.ReflectionUtils.invokeMethod(ReflectionUtils.java:725)
	at org.junit.jupiter.engine.execution.MethodInvocation.proceed(MethodInvocation.java:60)
	at org.junit.jupiter.engine.execution.InvocationInterceptorChain$ValidatingInvocation.proceed(InvocationInterceptorChain.java:131)
	at org.junit.jupiter.engine.extension.TimeoutExtension.intercept(TimeoutExtension.java:149)
	at org.junit.jupiter.engine.extension.TimeoutExtension.interceptLifecycleMethod(TimeoutExtension.java:126)
	at org.junit.jupiter.engine.extension.TimeoutExtension.interceptAfterEachMethod(TimeoutExtension.java:108)
	at org.junit.jupiter.engine.execution.ExecutableInvoker$ReflectiveInterceptorCall.lambda$ofVoidMethod$0(ExecutableInvoker.java:115)
	at org.junit.jupiter.engine.execution.ExecutableInvoker.lambda$invoke$0(ExecutableInvoker.java:105)
	at org.junit.jupiter.engine.execution.InvocationInterceptorChain$InterceptedInvocation.proceed(InvocationInterceptorChain.java:106)
	at org.junit.jupiter.engine.execution.InvocationInterceptorChain.proceed(InvocationInterceptorChain.java:64)
	at org.junit.jupiter.engine.execution.InvocationInterceptorChain.chainAndInvoke(InvocationInterceptorChain.java:45)
	at org.junit.jupiter.engine.execution.InvocationInterceptorChain.invoke(InvocationInterceptorChain.java:37)
	at org.junit.jupiter.engine.execution.ExecutableInvoker.invoke(ExecutableInvoker.java:104)
	at org.junit.jupiter.engine.execution.ExecutableInvoker.invoke(ExecutableInvoker.java:98)
	at org.junit.jupiter.engine.descriptor.ClassBasedTestDescriptor.invokeMethodInExtensionContext(ClassBasedTestDescriptor.java:506)
	at org.junit.jupiter.engine.descriptor.ClassBasedTestDescriptor.lambda$synthesizeAfterEachMethodAdapter$22(ClassBasedTestDescriptor.java:496)
	at org.junit.jupiter.engine.descriptor.TestMethodTestDescriptor.lambda$invokeAfterEachMethods$10(TestMethodTestDescriptor.java:240)
	at org.junit.jupiter.engine.descriptor.TestMethodTestDescriptor.lambda$invokeAllAfterMethodsOrCallbacks$13(TestMethodTestDescriptor.java:273)
	at org.junit.platform.engine.support.hierarchical.ThrowableCollector.execute(ThrowableCollector.java:73)
	at org.junit.jupiter.engine.descriptor.TestMethodTestDescriptor.lambda$invokeAllAfterMethodsOrCallbacks$14(TestMethodTestDescriptor.java:273)
	at java.util.ArrayList.forEach(ArrayList.java:1259)
	at org.junit.jupiter.engine.descriptor.TestMethodTestDescriptor.invokeAllAfterMethodsOrCallbacks(TestMethodTestDescriptor.java:272)
	at org.junit.jupiter.engine.descriptor.TestMethodTestDescriptor.invokeAfterEachMethods(TestMethodTestDescriptor.java:238)
	at org.junit.jupiter.engine.descriptor.TestMethodTestDescriptor.execute(TestMethodTestDescriptor.java:139)
	at org.junit.jupiter.engine.descriptor.TestMethodTestDescriptor.execute(TestMethodTestDescriptor.java:66)
	at org.junit.platform.engine.support.hierarchical.NodeTestTask.lambda$executeRecursively$6(NodeTestTask.java:151)
	at org.junit.platform.engine.support.hierarchical.ThrowableCollector.execute(ThrowableCollector.java:73)
	at org.junit.platform.engine.support.hierarchical.NodeTestTask.lambda$executeRecursively$8(NodeTestTask.java:141)
	at org.junit.platform.engine.support.hierarchical.Node.around(Node.java:137)
	at org.junit.platform.engine.support.hierarchical.NodeTestTask.lambda$executeRecursively$9(NodeTestTask.java:139)
	at org.junit.platform.engine.support.hierarchical.ThrowableCollector.execute(ThrowableCollector.java:73)
	at org.junit.platform.engine.support.hierarchical.NodeTestTask.executeRecursively(NodeTestTask.java:138)
	at org.junit.platform.engine.support.hierarchical.NodeTestTask.execute(NodeTestTask.java:95)
	at java.util.ArrayList.forEach(ArrayList.java:1259)
	at org.junit.platform.engine.support.hierarchical.SameThreadHierarchicalTestExecutorService.invokeAll(SameThreadHierarchicalTestExecutorService.java:41)
	at org.junit.platform.engine.support.hierarchical.NodeTestTask.lambda$executeRecursively$6(NodeTestTask.java:155)
	at org.junit.platform.engine.support.hierarchical.ThrowableCollector.execute(ThrowableCollector.java:73)
	at org.junit.platform.engine.support.hierarchical.NodeTestTask.lambda$executeRecursively$8(NodeTestTask.java:141)
	at org.junit.platform.engine.support.hierarchical.Node.around(Node.java:137)
	at org.junit.platform.engine.support.hierarchical.NodeTestTask.lambda$executeRecursively$9(NodeTestTask.java:139)
	at org.junit.platform.engine.support.hierarchical.ThrowableCollector.execute(ThrowableCollector.java:73)
	at org.junit.platform.engine.support.hierarchical.NodeTestTask.executeRecursively(NodeTestTask.java:138)
	at org.junit.platform.engine.support.hierarchical.NodeTestTask.execute(NodeTestTask.java:95)
	at java.util.ArrayList.forEach(ArrayList.java:1259)
	at org.junit.platform.engine.support.hierarchical.SameThreadHierarchicalTestExecutorService.invokeAll(SameThreadHierarchicalTestExecutorService.java:41)
	at org.junit.platform.engine.support.hierarchical.NodeTestTask.lambda$executeRecursively$6(NodeTestTask.java:155)
	at org.junit.platform.engine.support.hierarchical.ThrowableCollector.execute(ThrowableCollector.java:73)
	at org.junit.platform.engine.support.hierarchical.NodeTestTask.lambda$executeRecursively$8(NodeTestTask.java:141)
	at org.junit.platform.engine.support.hierarchical.Node.around(Node.java:137)
	at org.junit.platform.engine.support.hierarchical.NodeTestTask.lambda$executeRecursively$9(NodeTestTask.java:139)
	at org.junit.platform.engine.support.hierarchical.ThrowableCollector.execute(ThrowableCollector.java:73)
	at org.junit.platform.engine.support.hierarchical.NodeTestTask.executeRecursively(NodeTestTask.java:138)
	at org.junit.platform.engine.support.hierarchical.NodeTestTask.execute(NodeTestTask.java:95)
	at org.junit.platform.engine.support.hierarchical.SameThreadHierarchicalTestExecutorService.submit(SameThreadHierarchicalTestExecutorService.java:35)
	at org.junit.platform.engine.support.hierarchical.HierarchicalTestExecutor.execute(HierarchicalTestExecutor.java:57)
	at org.junit.platform.engine.support.hierarchical.HierarchicalTestEngine.execute(HierarchicalTestEngine.java:54)
	at org.junit.platform.launcher.core.EngineExecutionOrchestrator.execute(EngineExecutionOrchestrator.java:107)
	at org.junit.platform.launcher.core.EngineExecutionOrchestrator.execute(EngineExecutionOrchestrator.java:88)
	at org.junit.platform.launcher.core.EngineExecutionOrchestrator.lambda$execute$0(EngineExecutionOrchestrator.java:54)
	at org.junit.platform.launcher.core.EngineExecutionOrchestrator.withInterceptedStreams(EngineExecutionOrchestrator.java:67)
	at org.junit.platform.launcher.core.EngineExecutionOrchestrator.execute(EngineExecutionOrchestrator.java:52)
	at org.junit.platform.launcher.core.DefaultLauncher.execute(DefaultLauncher.java:114)
	at org.junit.platform.launcher.core.DefaultLauncher.execute(DefaultLauncher.java:86)
	at org.junit.platform.launcher.core.DefaultLauncherSession$DelegatingLauncher.execute(DefaultLauncherSession.java:86)
	at org.junit.platform.launcher.core.SessionPerRequestLauncher.execute(SessionPerRequestLauncher.java:53)
	at org.apache.maven.surefire.junitplatform.JUnitPlatformProvider.execute(JUnitPlatformProvider.java:188)
	at org.apache.maven.surefire.junitplatform.JUnitPlatformProvider.invokeAllTests(JUnitPlatformProvider.java:154)
	at org.apache.maven.surefire.junitplatform.JUnitPlatformProvider.invoke(JUnitPlatformProvider.java:124)
	at org.apache.maven.surefire.booter.ForkedBooter.runSuitesInProcess(ForkedBooter.java:428)
	at org.apache.maven.surefire.booter.ForkedBooter.execute(ForkedBooter.java:162)
	at org.apache.maven.surefire.booter.ForkedBooter.run(ForkedBooter.java:562)
	at org.apache.maven.surefire.booter.ForkedBooter.main(ForkedBooter.java:548)
Caused by: java.util.concurrent.ExecutionException: java.lang.IllegalStateException: zip file closed
	at java.util.concurrent.FutureTask.report(FutureTask.java:122)
	at java.util.concurrent.FutureTask.get(FutureTask.java:192)
	... 86 more
Caused by: java.lang.IllegalStateException: zip file closed
	at java.util.zip.ZipFile.ensureOpen(ZipFile.java:701)
	at java.util.zip.ZipFile.access$200(ZipFile.java:61)
	at java.util.zip.ZipFile$ZipEntryIterator.hasNext(ZipFile.java:523)
	at java.util.zip.ZipFile$ZipEntryIterator.hasMoreElements(ZipFile.java:518)
	at java.util.jar.JarFile$JarEntryIterator.hasNext(JarFile.java:266)
	at java.util.jar.JarFile$JarEntryIterator.hasMoreElements(JarFile.java:275)
	at org.reflections.vfs.ZipDir$1$1.computeNext(ZipDir.java:30)
	at org.reflections.vfs.ZipDir$1$1.computeNext(ZipDir.java:26)
	at com.google.common.collect.AbstractIterator.tryToComputeNext(AbstractIterator.java:146)
	at com.google.common.collect.AbstractIterator.hasNext(AbstractIterator.java:141)
	at org.reflections.Reflections.scan(Reflections.java:243)
	at org.reflections.Reflections$1.run(Reflections.java:198)
	at java.util.concurrent.Executors$RunnableAdapter.call(Executors.java:511)
	at java.util.concurrent.FutureTask.run(FutureTask.java:266)
	at java.util.concurrent.ThreadPoolExecutor.runWorker(ThreadPoolExecutor.java:1149)
	at java.util.concurrent.ThreadPoolExecutor$Worker.run(ThreadPoolExecutor.java:624)
	at java.lang.Thread.run(Thread.java:750)
]]></error>
    <system-out><![CDATA[2022-10-04 13:26:26,210 [Listener at localhost/45931] INFO  rpc.RpcClient (RpcClient.java:createVolume(471)) - Creating Volume: volume63829, with user65010 as owner and space quota set to -1 bytes, counts quota set to -1
2022-10-04 13:26:26,212 [Listener at localhost/45931] INFO  retry.RetryInvocationHandler (RetryInvocationHandler.java:log(411)) - com.google.protobuf.ServiceException: java.io.EOFException: End of File Exception between local host is: "fv-az573-645/10.1.1.108"; destination host is: "localhost":37083; : java.io.EOFException; For more details see:  http://wiki.apache.org/hadoop/EOFException, while invoking $Proxy55.submitRequest over nodeId=omNode-1,nodeAddress=127.0.0.1:37083. Trying to failover immediately.
2022-10-04 13:26:26,218 [Listener at localhost/45931] INFO  retry.RetryInvocationHandler (RetryInvocationHandler.java:log(411)) - com.google.protobuf.ServiceException: org.apache.hadoop.ipc.RemoteException(org.apache.hadoop.ozone.om.exceptions.OMNotLeaderException): OM:omNode-2 is not the leader. Could not determine the leader node.
	at org.apache.hadoop.ozone.om.OzoneManager.checkLeaderStatus(OzoneManager.java:4054)
	at org.apache.hadoop.ozone.om.ratis.utils.OzoneManagerRatisUtils.checkLeaderStatus(OzoneManagerRatisUtils.java:446)
	at org.apache.hadoop.ozone.protocolPB.OzoneManagerProtocolServerSideTranslatorPB.processRequest(OzoneManagerProtocolServerSideTranslatorPB.java:181)
	at org.apache.hadoop.hdds.server.OzoneProtocolMessageDispatcher.processRequest(OzoneProtocolMessageDispatcher.java:87)
	at org.apache.hadoop.ozone.protocolPB.OzoneManagerProtocolServerSideTranslatorPB.submitRequest(OzoneManagerProtocolServerSideTranslatorPB.java:147)
	at org.apache.hadoop.ozone.protocol.proto.OzoneManagerProtocolProtos$OzoneManagerService$2.callBlockingMethod(OzoneManagerProtocolProtos.java)
	at org.apache.hadoop.ipc.ProtobufRpcEngine$Server.processCall(ProtobufRpcEngine.java:466)
	at org.apache.hadoop.ipc.ProtobufRpcEngine2$Server$ProtoBufRpcInvoker.call(ProtobufRpcEngine2.java:574)
	at org.apache.hadoop.ipc.ProtobufRpcEngine2$Server$ProtoBufRpcInvoker.call(ProtobufRpcEngine2.java:552)
	at org.apache.hadoop.ipc.RPC$Server.call(RPC.java:1093)
	at org.apache.hadoop.ipc.Server$RpcCall.run(Server.java:1035)
	at org.apache.hadoop.ipc.Server$RpcCall.run(Server.java:963)
	at java.security.AccessController.doPrivileged(Native Method)
	at javax.security.auth.Subject.doAs(Subject.java:422)
	at org.apache.hadoop.security.UserGroupInformation.doAs(UserGroupInformation.java:1878)
	at org.apache.hadoop.ipc.Server$Handler.run(Server.java:2966)
, while invoking $Proxy55.submitRequest over nodeId=omNode-2,nodeAddress=127.0.0.1:45931 after 1 failover attempts. Trying to failover immediately.
2022-10-04 13:26:26,219 [Listener at localhost/45931] INFO  retry.RetryInvocationHandler (RetryInvocationHandler.java:log(411)) - com.google.protobuf.ServiceException: java.io.EOFException: End of File Exception between local host is: "fv-az573-645/10.1.1.108"; destination host is: "localhost":43101; : java.io.EOFException; For more details see:  http://wiki.apache.org/hadoop/EOFException, while invoking $Proxy55.submitRequest over nodeId=omNode-3,nodeAddress=127.0.0.1:43101 after 2 failover attempts. Trying to failover after sleeping for 2000ms.
2022-10-04 13:26:26,676 [omNode-2-server-thread1] INFO  server.RaftServer$Division (RaftServerImpl.java:checkInconsistentAppendEntries(1424)) - omNode-2@group-523986131536: Failed appendEntries as previous log entry ((t:6, i:60)) is not found
2022-10-04 13:26:26,677 [omNode-2-server-thread1] INFO  server.RaftServer$Division (RaftServerImpl.java:checkInconsistentAppendEntries(1394)) - omNode-2@group-523986131536: inconsistency entries. Reply:omNode-1<-omNode-2#51:FAIL-t6,INCONSISTENCY,nextIndex=57,followerCommit=56
2022-10-04 13:26:26,678 [grpc-default-executor-2] INFO  leader.FollowerInfo (FollowerInfoImpl.java:lambda$new$0(48)) - omNode-1@group-523986131536->omNode-2: nextIndex: updateUnconditionally 61 -> 57
2022-10-04 13:26:27,179 [omNode-2-server-thread1] INFO  server.RaftServer$Division (RaftServerImpl.java:checkInconsistentAppendEntries(1424)) - omNode-2@group-523986131536: Failed appendEntries as previous log entry ((t:6, i:60)) is not found
2022-10-04 13:26:27,179 [omNode-2-server-thread1] INFO  server.RaftServer$Division (RaftServerImpl.java:checkInconsistentAppendEntries(1394)) - omNode-2@group-523986131536: inconsistency entries. Reply:omNode-1<-omNode-2#102:FAIL-t6,INCONSISTENCY,nextIndex=57,followerCommit=56
2022-10-04 13:26:27,180 [grpc-default-executor-2] INFO  leader.FollowerInfo (FollowerInfoImpl.java:lambda$new$0(48)) - omNode-1@group-523986131536->omNode-2: nextIndex: updateUnconditionally 61 -> 57
2022-10-04 13:26:27,681 [omNode-2-server-thread1] INFO  server.RaftServer$Division (RaftServerImpl.java:checkInconsistentAppendEntries(1424)) - omNode-2@group-523986131536: Failed appendEntries as previous log entry ((t:6, i:60)) is not found
2022-10-04 13:26:27,682 [omNode-2-server-thread1] INFO  server.RaftServer$Division (RaftServerImpl.java:checkInconsistentAppendEntries(1394)) - omNode-2@group-523986131536: inconsistency entries. Reply:omNode-1<-omNode-2#153:FAIL-t6,INCONSISTENCY,nextIndex=57,followerCommit=56
2022-10-04 13:26:27,682 [grpc-default-executor-2] INFO  leader.FollowerInfo (FollowerInfoImpl.java:lambda$new$0(48)) - omNode-1@group-523986131536->omNode-2: nextIndex: updateUnconditionally 61 -> 57
2022-10-04 13:26:28,183 [omNode-2-server-thread1] INFO  server.RaftServer$Division (RaftServerImpl.java:checkInconsistentAppendEntries(1424)) - omNode-2@group-523986131536: Failed appendEntries as previous log entry ((t:6, i:60)) is not found
2022-10-04 13:26:28,183 [omNode-2-server-thread1] INFO  server.RaftServer$Division (RaftServerImpl.java:checkInconsistentAppendEntries(1394)) - omNode-2@group-523986131536: inconsistency entries. Reply:omNode-1<-omNode-2#204:FAIL-t6,INCONSISTENCY,nextIndex=57,followerCommit=56
2022-10-04 13:26:28,184 [grpc-default-executor-2] INFO  leader.FollowerInfo (FollowerInfoImpl.java:lambda$new$0(48)) - omNode-1@group-523986131536->omNode-2: nextIndex: updateUnconditionally 61 -> 57
2022-10-04 13:26:28,235 [omNode-2-server-thread1] INFO  server.RaftServer$Division (RaftServerImpl.java:checkInconsistentAppendEntries(1424)) - omNode-2@group-523986131536: Failed appendEntries as previous log entry ((t:6, i:60)) is not found
2022-10-04 13:26:28,235 [omNode-2-server-thread1] INFO  server.RaftServer$Division (RaftServerImpl.java:checkInconsistentAppendEntries(1394)) - omNode-2@group-523986131536: inconsistency entries. Reply:omNode-1<-omNode-2#210:FAIL-t6,INCONSISTENCY,nextIndex=57,followerCommit=56
2022-10-04 13:26:28,238 [omNode-2-server-thread1] INFO  server.RaftServer$Division (RaftServerImpl.java:checkInconsistentAppendEntries(1424)) - omNode-2@group-523986131536: Failed appendEntries as previous log entry ((t:6, i:61)) is not found
2022-10-04 13:26:28,238 [omNode-2-server-thread1] INFO  server.RaftServer$Division (RaftServerImpl.java:checkInconsistentAppendEntries(1394)) - omNode-2@group-523986131536: inconsistency entries. Reply:omNode-1<-omNode-2#211:FAIL-t6,INCONSISTENCY,nextIndex=57,followerCommit=56
2022-10-04 13:26:28,247 [OM StateMachine ApplyTransaction Thread - 0] INFO  volume.OMVolumeCreateRequest (OMVolumeCreateRequest.java:validateAndUpdateCache(195)) - created volume:volume63829 for user:user65010
2022-10-04 13:26:28,261 [OM StateMachine ApplyTransaction Thread - 0] INFO  volume.OMVolumeCreateRequest (OMVolumeCreateRequest.java:validateAndUpdateCache(195)) - created volume:volume63829 for user:user65010
2022-10-04 13:26:28,262 [Listener at localhost/45931] INFO  rpc.RpcClient (RpcClient.java:createBucket(674)) - Creating Bucket: volume63829/210f4488-87fb-4364-b908-9fd3093371c3, with server-side default bucket layout, runner as owner, Versioning false, Storage Type set to DISK and Encryption set to false 
2022-10-04 13:26:28,272 [omNode-2-server-thread1] INFO  server.RaftServer$Division (RaftServerImpl.java:checkInconsistentAppendEntries(1424)) - omNode-2@group-523986131536: Failed appendEntries as previous log entry ((t:6, i:62)) is not found
2022-10-04 13:26:28,272 [omNode-2-server-thread1] INFO  server.RaftServer$Division (RaftServerImpl.java:checkInconsistentAppendEntries(1394)) - omNode-2@group-523986131536: inconsistency entries. Reply:omNode-1<-omNode-2#216:FAIL-t6,INCONSISTENCY,nextIndex=57,followerCommit=56
2022-10-04 13:26:28,277 [OM StateMachine ApplyTransaction Thread - 0] INFO  bucket.OMBucketCreateRequest (OMBucketCreateRequest.java:validateAndUpdateCache(260)) - created bucket: 210f4488-87fb-4364-b908-9fd3093371c3 of layout LEGACY in volume: volume63829
2022-10-04 13:26:28,279 [omNode-2-server-thread1] INFO  server.RaftServer$Division (RaftServerImpl.java:checkInconsistentAppendEntries(1424)) - omNode-2@group-523986131536: Failed appendEntries as previous log entry ((t:6, i:63)) is not found
2022-10-04 13:26:28,279 [omNode-2-server-thread1] INFO  server.RaftServer$Division (RaftServerImpl.java:checkInconsistentAppendEntries(1394)) - omNode-2@group-523986131536: inconsistency entries. Reply:omNode-1<-omNode-2#218:FAIL-t6,INCONSISTENCY,nextIndex=57,followerCommit=56
2022-10-04 13:26:28,288 [OM StateMachine ApplyTransaction Thread - 0] INFO  bucket.OMBucketCreateRequest (OMBucketCreateRequest.java:validateAndUpdateCache(260)) - created bucket: 210f4488-87fb-4364-b908-9fd3093371c3 of layout LEGACY in volume: volume63829
2022-10-04 13:26:28,304 [omNode-2-server-thread1] INFO  server.RaftServer$Division (RaftServerImpl.java:checkInconsistentAppendEntries(1424)) - omNode-2@group-523986131536: Failed appendEntries as previous log entry ((t:6, i:64)) is not found
2022-10-04 13:26:28,304 [omNode-2-server-thread1] INFO  server.RaftServer$Division (RaftServerImpl.java:checkInconsistentAppendEntries(1394)) - omNode-2@group-523986131536: inconsistency entries. Reply:omNode-1<-omNode-2#222:FAIL-t6,INCONSISTENCY,nextIndex=57,followerCommit=56
2022-10-04 13:26:28,314 [omNode-2-server-thread1] INFO  server.RaftServer$Division (RaftServerImpl.java:checkInconsistentAppendEntries(1424)) - omNode-2@group-523986131536: Failed appendEntries as previous log entry ((t:6, i:65)) is not found
2022-10-04 13:26:28,314 [omNode-2-server-thread1] INFO  server.RaftServer$Division (RaftServerImpl.java:checkInconsistentAppendEntries(1394)) - omNode-2@group-523986131536: inconsistency entries. Reply:omNode-1<-omNode-2#224:FAIL-t6,INCONSISTENCY,nextIndex=57,followerCommit=56
2022-10-04 13:26:28,408 [omNode-2-server-thread1] INFO  server.RaftServer$Division (RaftServerImpl.java:checkInconsistentAppendEntries(1424)) - omNode-2@group-523986131536: Failed appendEntries as previous log entry ((t:6, i:66)) is not found
2022-10-04 13:26:28,409 [omNode-2-server-thread1] INFO  server.RaftServer$Division (RaftServerImpl.java:checkInconsistentAppendEntries(1394)) - omNode-2@group-523986131536: inconsistency entries. Reply:omNode-1<-omNode-2#234:FAIL-t6,INCONSISTENCY,nextIndex=57,followerCommit=56
2022-10-04 13:26:28,413 [omNode-2-server-thread1] INFO  server.RaftServer$Division (RaftServerImpl.java:checkInconsistentAppendEntries(1424)) - omNode-2@group-523986131536: Failed appendEntries as previous log entry ((t:6, i:67)) is not found
2022-10-04 13:26:28,413 [omNode-2-server-thread1] INFO  server.RaftServer$Division (RaftServerImpl.java:checkInconsistentAppendEntries(1394)) - omNode-2@group-523986131536: inconsistency entries. Reply:omNode-1<-omNode-2#236:FAIL-t6,INCONSISTENCY,nextIndex=57,followerCommit=56
2022-10-04 13:26:28,474 [omNode-2-server-thread1] INFO  server.RaftServer$Division (RaftServerImpl.java:checkInconsistentAppendEntries(1424)) - omNode-2@group-523986131536: Failed appendEntries as previous log entry ((t:6, i:68)) is not found
2022-10-04 13:26:28,474 [omNode-2-server-thread1] INFO  server.RaftServer$Division (RaftServerImpl.java:checkInconsistentAppendEntries(1394)) - omNode-2@group-523986131536: inconsistency entries. Reply:omNode-1<-omNode-2#244:FAIL-t6,INCONSISTENCY,nextIndex=57,followerCommit=56
2022-10-04 13:26:28,480 [omNode-2-server-thread1] INFO  server.RaftServer$Division (RaftServerImpl.java:checkInconsistentAppendEntries(1424)) - omNode-2@group-523986131536: Failed appendEntries as previous log entry ((t:6, i:69)) is not found
2022-10-04 13:26:28,480 [omNode-2-server-thread1] INFO  server.RaftServer$Division (RaftServerImpl.java:checkInconsistentAppendEntries(1394)) - omNode-2@group-523986131536: inconsistency entries. Reply:omNode-1<-omNode-2#246:FAIL-t6,INCONSISTENCY,nextIndex=57,followerCommit=56
2022-10-04 13:26:28,555 [omNode-2-server-thread1] INFO  server.RaftServer$Division (RaftServerImpl.java:checkInconsistentAppendEntries(1424)) - omNode-2@group-523986131536: Failed appendEntries as previous log entry ((t:6, i:70)) is not found
2022-10-04 13:26:28,555 [omNode-2-server-thread1] INFO  server.RaftServer$Division (RaftServerImpl.java:checkInconsistentAppendEntries(1394)) - omNode-2@group-523986131536: inconsistency entries. Reply:omNode-1<-omNode-2#255:FAIL-t6,INCONSISTENCY,nextIndex=57,followerCommit=56
2022-10-04 13:26:28,560 [omNode-2-server-thread1] INFO  server.RaftServer$Division (RaftServerImpl.java:checkInconsistentAppendEntries(1424)) - omNode-2@group-523986131536: Failed appendEntries as previous log entry ((t:6, i:71)) is not found
2022-10-04 13:26:28,560 [omNode-2-server-thread1] INFO  server.RaftServer$Division (RaftServerImpl.java:checkInconsistentAppendEntries(1394)) - omNode-2@group-523986131536: inconsistency entries. Reply:omNode-1<-omNode-2#257:FAIL-t6,INCONSISTENCY,nextIndex=57,followerCommit=56
2022-10-04 13:26:28,604 [omNode-2-server-thread1] INFO  server.RaftServer$Division (RaftServerImpl.java:checkInconsistentAppendEntries(1424)) - omNode-2@group-523986131536: Failed appendEntries as previous log entry ((t:6, i:72)) is not found
2022-10-04 13:26:28,605 [omNode-2-server-thread1] INFO  server.RaftServer$Division (RaftServerImpl.java:checkInconsistentAppendEntries(1394)) - omNode-2@group-523986131536: inconsistency entries. Reply:omNode-1<-omNode-2#262:FAIL-t6,INCONSISTENCY,nextIndex=57,followerCommit=56
2022-10-04 13:26:28,609 [omNode-2-server-thread1] INFO  server.RaftServer$Division (RaftServerImpl.java:checkInconsistentAppendEntries(1424)) - omNode-2@group-523986131536: Failed appendEntries as previous log entry ((t:6, i:73)) is not found
2022-10-04 13:26:28,609 [omNode-2-server-thread1] INFO  server.RaftServer$Division (RaftServerImpl.java:checkInconsistentAppendEntries(1394)) - omNode-2@group-523986131536: inconsistency entries. Reply:omNode-1<-omNode-2#264:FAIL-t6,INCONSISTENCY,nextIndex=57,followerCommit=56
2022-10-04 13:26:28,682 [omNode-2-server-thread1] INFO  server.RaftServer$Division (RaftServerImpl.java:checkInconsistentAppendEntries(1424)) - omNode-2@group-523986131536: Failed appendEntries as previous log entry ((t:6, i:74)) is not found
2022-10-04 13:26:28,682 [omNode-2-server-thread1] INFO  server.RaftServer$Division (RaftServerImpl.java:checkInconsistentAppendEntries(1394)) - omNode-2@group-523986131536: inconsistency entries. Reply:omNode-1<-omNode-2#272:FAIL-t6,INCONSISTENCY,nextIndex=57,followerCommit=56
2022-10-04 13:26:28,689 [omNode-2-server-thread1] INFO  server.RaftServer$Division (RaftServerImpl.java:checkInconsistentAppendEntries(1424)) - omNode-2@group-523986131536: Failed appendEntries as previous log entry ((t:6, i:75)) is not found
2022-10-04 13:26:28,689 [omNode-2-server-thread1] INFO  server.RaftServer$Division (RaftServerImpl.java:checkInconsistentAppendEntries(1394)) - omNode-2@group-523986131536: inconsistency entries. Reply:omNode-1<-omNode-2#274:FAIL-t6,INCONSISTENCY,nextIndex=57,followerCommit=56
2022-10-04 13:26:28,692 [omNode-2-server-thread1] INFO  server.RaftServer$Division (RaftServerImpl.java:checkInconsistentAppendEntries(1424)) - omNode-2@group-523986131536: Failed appendEntries as previous log entry ((t:6, i:75)) is not found
2022-10-04 13:26:28,692 [grpc-default-executor-3] INFO  leader.FollowerInfo (FollowerInfoImpl.java:lambda$new$0(48)) - omNode-1@group-523986131536->omNode-2: nextIndex: updateUnconditionally 77 -> 57
2022-10-04 13:26:28,692 [omNode-2-server-thread1] INFO  server.RaftServer$Division (RaftServerImpl.java:checkInconsistentAppendEntries(1394)) - omNode-2@group-523986131536: inconsistency entries. Reply:omNode-1<-omNode-2#275:FAIL-t6,INCONSISTENCY,nextIndex=57,followerCommit=56
2022-10-04 13:26:28,741 [omNode-2-server-thread1] INFO  server.RaftServer$Division (RaftServerImpl.java:checkInconsistentAppendEntries(1424)) - omNode-2@group-523986131536: Failed appendEntries as previous log entry ((t:6, i:76)) is not found
2022-10-04 13:26:28,742 [omNode-2-server-thread1] INFO  server.RaftServer$Division (RaftServerImpl.java:checkInconsistentAppendEntries(1394)) - omNode-2@group-523986131536: inconsistency entries. Reply:omNode-1<-omNode-2#282:FAIL-t6,INCONSISTENCY,nextIndex=57,followerCommit=56
2022-10-04 13:26:28,745 [omNode-2-server-thread1] INFO  server.RaftServer$Division (RaftServerImpl.java:checkInconsistentAppendEntries(1424)) - omNode-2@group-523986131536: Failed appendEntries as previous log entry ((t:6, i:77)) is not found
2022-10-04 13:26:28,746 [omNode-2-server-thread1] INFO  server.RaftServer$Division (RaftServerImpl.java:checkInconsistentAppendEntries(1394)) - omNode-2@group-523986131536: inconsistency entries. Reply:omNode-1<-omNode-2#284:FAIL-t6,INCONSISTENCY,nextIndex=57,followerCommit=56
13:26:28.755 [OM StateMachine ApplyTransaction Thread - 0] ERROR OMAudit - user=runner | ip=127.0.0.1 | op=CREATE_FILE {volume=volume63829, bucket=210f4488-87fb-4364-b908-9fd3093371c3, key=dir1/dir2/dir3/file1, dataSize=23, replicationType=RATIS, replicationFactor=ONE} | ret=FAILURE
org.apache.hadoop.ozone.om.exceptions.OMException: File dir1/dir2/dir3/file1 already exists
	at org.apache.hadoop.ozone.om.request.file.OMFileCreateRequest.checkDirectoryResult(OMFileCreateRequest.java:360) ~[ozone-manager-1.3.0-SNAPSHOT.jar:?]
	at org.apache.hadoop.ozone.om.request.file.OMFileCreateRequest.validateAndUpdateCache(OMFileCreateRequest.java:240) ~[ozone-manager-1.3.0-SNAPSHOT.jar:?]
	at org.apache.hadoop.ozone.protocolPB.OzoneManagerRequestHandler.handleWriteRequest(OzoneManagerRequestHandler.java:304) ~[ozone-manager-1.3.0-SNAPSHOT.jar:?]
	at org.apache.hadoop.ozone.om.ratis.OzoneManagerStateMachine.runCommand(OzoneManagerStateMachine.java:529) ~[ozone-manager-1.3.0-SNAPSHOT.jar:?]
	at org.apache.hadoop.ozone.om.ratis.OzoneManagerStateMachine.lambda$1(OzoneManagerStateMachine.java:324) ~[ozone-manager-1.3.0-SNAPSHOT.jar:?]
	at java.util.concurrent.CompletableFuture$AsyncSupply.run(CompletableFuture.java:1604) [?:1.8.0_345]
	at java.util.concurrent.ThreadPoolExecutor.runWorker(ThreadPoolExecutor.java:1149) [?:1.8.0_345]
	at java.util.concurrent.ThreadPoolExecutor$Worker.run(ThreadPoolExecutor.java:624) [?:1.8.0_345]
	at java.lang.Thread.run(Thread.java:750) [?:1.8.0_345]
13:26:28.750 [OM StateMachine ApplyTransaction Thread - 0] ERROR OMAudit - user=runner | ip=127.0.0.1 | op=CREATE_FILE {volume=volume63829, bucket=210f4488-87fb-4364-b908-9fd3093371c3, key=dir1/dir2/dir3/file1, dataSize=23, replicationType=RATIS, replicationFactor=ONE} | ret=FAILURE
org.apache.hadoop.ozone.om.exceptions.OMException: File dir1/dir2/dir3/file1 already exists
	at org.apache.hadoop.ozone.om.request.file.OMFileCreateRequest.checkDirectoryResult(OMFileCreateRequest.java:360) ~[ozone-manager-1.3.0-SNAPSHOT.jar:?]
	at org.apache.hadoop.ozone.om.request.file.OMFileCreateRequest.validateAndUpdateCache(OMFileCreateRequest.java:240) ~[ozone-manager-1.3.0-SNAPSHOT.jar:?]
	at org.apache.hadoop.ozone.protocolPB.OzoneManagerRequestHandler.handleWriteRequest(OzoneManagerRequestHandler.java:304) ~[ozone-manager-1.3.0-SNAPSHOT.jar:?]
	at org.apache.hadoop.ozone.om.ratis.OzoneManagerStateMachine.runCommand(OzoneManagerStateMachine.java:529) ~[ozone-manager-1.3.0-SNAPSHOT.jar:?]
	at org.apache.hadoop.ozone.om.ratis.OzoneManagerStateMachine.lambda$1(OzoneManagerStateMachine.java:324) ~[ozone-manager-1.3.0-SNAPSHOT.jar:?]
	at java.util.concurrent.CompletableFuture$AsyncSupply.run(CompletableFuture.java:1604) [?:1.8.0_345]
	at java.util.concurrent.ThreadPoolExecutor.runWorker(ThreadPoolExecutor.java:1149) [?:1.8.0_345]
	at java.util.concurrent.ThreadPoolExecutor$Worker.run(ThreadPoolExecutor.java:624) [?:1.8.0_345]
	at java.lang.Thread.run(Thread.java:750) [?:1.8.0_345]
2022-10-04 13:26:28,769 [OM StateMachine ApplyTransaction Thread - 0] ERROR file.OMFileCreateRequest (OMFileCreateRequest.java:validateAndUpdateCache(337)) - File create failed. Volume:volume63829, Bucket:210f4488-87fb-4364-b908-9fd3093371c3, Keydir1/dir2/dir3/file1.
FILE_ALREADY_EXISTS org.apache.hadoop.ozone.om.exceptions.OMException: File dir1/dir2/dir3/file1 already exists
	at org.apache.hadoop.ozone.om.request.file.OMFileCreateRequest.checkDirectoryResult(OMFileCreateRequest.java:360)
	at org.apache.hadoop.ozone.om.request.file.OMFileCreateRequest.validateAndUpdateCache(OMFileCreateRequest.java:240)
	at org.apache.hadoop.ozone.protocolPB.OzoneManagerRequestHandler.handleWriteRequest(OzoneManagerRequestHandler.java:304)
	at org.apache.hadoop.ozone.om.ratis.OzoneManagerStateMachine.runCommand(OzoneManagerStateMachine.java:529)
	at org.apache.hadoop.ozone.om.ratis.OzoneManagerStateMachine.lambda$1(OzoneManagerStateMachine.java:324)
	at java.util.concurrent.CompletableFuture$AsyncSupply.run(CompletableFuture.java:1604)
	at java.util.concurrent.ThreadPoolExecutor.runWorker(ThreadPoolExecutor.java:1149)
	at java.util.concurrent.ThreadPoolExecutor$Worker.run(ThreadPoolExecutor.java:624)
	at java.lang.Thread.run(Thread.java:750)
2022-10-04 13:26:28,769 [OM StateMachine ApplyTransaction Thread - 0] ERROR file.OMFileCreateRequest (OMFileCreateRequest.java:validateAndUpdateCache(337)) - File create failed. Volume:volume63829, Bucket:210f4488-87fb-4364-b908-9fd3093371c3, Keydir1/dir2/dir3/file1.
FILE_ALREADY_EXISTS org.apache.hadoop.ozone.om.exceptions.OMException: File dir1/dir2/dir3/file1 already exists
	at org.apache.hadoop.ozone.om.request.file.OMFileCreateRequest.checkDirectoryResult(OMFileCreateRequest.java:360)
	at org.apache.hadoop.ozone.om.request.file.OMFileCreateRequest.validateAndUpdateCache(OMFileCreateRequest.java:240)
	at org.apache.hadoop.ozone.protocolPB.OzoneManagerRequestHandler.handleWriteRequest(OzoneManagerRequestHandler.java:304)
	at org.apache.hadoop.ozone.om.ratis.OzoneManagerStateMachine.runCommand(OzoneManagerStateMachine.java:529)
	at org.apache.hadoop.ozone.om.ratis.OzoneManagerStateMachine.lambda$1(OzoneManagerStateMachine.java:324)
	at java.util.concurrent.CompletableFuture$AsyncSupply.run(CompletableFuture.java:1604)
	at java.util.concurrent.ThreadPoolExecutor.runWorker(ThreadPoolExecutor.java:1149)
	at java.util.concurrent.ThreadPoolExecutor$Worker.run(ThreadPoolExecutor.java:624)
	at java.lang.Thread.run(Thread.java:750)
2022-10-04 13:26:28,781 [omNode-2-server-thread1] INFO  server.RaftServer$Division (RaftServerImpl.java:checkInconsistentAppendEntries(1424)) - omNode-2@group-523986131536: Failed appendEntries as previous log entry ((t:6, i:78)) is not found
2022-10-04 13:26:28,781 [omNode-2-server-thread1] INFO  server.RaftServer$Division (RaftServerImpl.java:checkInconsistentAppendEntries(1394)) - omNode-2@group-523986131536: inconsistency entries. Reply:omNode-1<-omNode-2#290:FAIL-t6,INCONSISTENCY,nextIndex=57,followerCommit=56
2022-10-04 13:26:28,784 [omNode-2-server-thread1] INFO  server.RaftServer$Division (RaftServerImpl.java:checkInconsistentAppendEntries(1424)) - omNode-2@group-523986131536: Failed appendEntries as previous log entry ((t:6, i:79)) is not found
2022-10-04 13:26:28,784 [omNode-2-server-thread1] INFO  server.RaftServer$Division (RaftServerImpl.java:checkInconsistentAppendEntries(1394)) - omNode-2@group-523986131536: inconsistency entries. Reply:omNode-1<-omNode-2#292:FAIL-t6,INCONSISTENCY,nextIndex=57,followerCommit=56
2022-10-04 13:26:28,799 [omNode-2-server-thread1] INFO  server.RaftServer$Division (RaftServerImpl.java:checkInconsistentAppendEntries(1424)) - omNode-2@group-523986131536: Failed appendEntries as previous log entry ((t:6, i:80)) is not found
2022-10-04 13:26:28,799 [omNode-2-server-thread1] INFO  server.RaftServer$Division (RaftServerImpl.java:checkInconsistentAppendEntries(1394)) - omNode-2@group-523986131536: inconsistency entries. Reply:omNode-1<-omNode-2#296:FAIL-t6,INCONSISTENCY,nextIndex=57,followerCommit=56
2022-10-04 13:26:28,802 [omNode-2-server-thread1] INFO  server.RaftServer$Division (RaftServerImpl.java:checkInconsistentAppendEntries(1424)) - omNode-2@group-523986131536: Failed appendEntries as previous log entry ((t:6, i:81)) is not found
2022-10-04 13:26:28,802 [omNode-2-server-thread1] INFO  server.RaftServer$Division (RaftServerImpl.java:checkInconsistentAppendEntries(1394)) - omNode-2@group-523986131536: inconsistency entries. Reply:omNode-1<-omNode-2#298:FAIL-t6,INCONSISTENCY,nextIndex=57,followerCommit=56
13:26:28.805 [OM StateMachine ApplyTransaction Thread - 0] ERROR OMAudit - user=runner | ip=127.0.0.1 | op=CREATE_FILE {volume=volume63829, bucket=210f4488-87fb-4364-b908-9fd3093371c3, key=folder/folder2, dataSize=23, replicationType=RATIS, replicationFactor=ONE} | ret=FAILURE
org.apache.hadoop.ozone.om.exceptions.OMException: Can not write to directory: folder/folder2
	at org.apache.hadoop.ozone.om.request.file.OMFileCreateRequest.checkDirectoryResult(OMFileCreateRequest.java:364) ~[ozone-manager-1.3.0-SNAPSHOT.jar:?]
	at org.apache.hadoop.ozone.om.request.file.OMFileCreateRequest.validateAndUpdateCache(OMFileCreateRequest.java:240) ~[ozone-manager-1.3.0-SNAPSHOT.jar:?]
	at org.apache.hadoop.ozone.protocolPB.OzoneManagerRequestHandler.handleWriteRequest(OzoneManagerRequestHandler.java:304) ~[ozone-manager-1.3.0-SNAPSHOT.jar:?]
	at org.apache.hadoop.ozone.om.ratis.OzoneManagerStateMachine.runCommand(OzoneManagerStateMachine.java:529) ~[ozone-manager-1.3.0-SNAPSHOT.jar:?]
	at org.apache.hadoop.ozone.om.ratis.OzoneManagerStateMachine.lambda$1(OzoneManagerStateMachine.java:324) ~[ozone-manager-1.3.0-SNAPSHOT.jar:?]
	at java.util.concurrent.CompletableFuture$AsyncSupply.run(CompletableFuture.java:1604) [?:1.8.0_345]
	at java.util.concurrent.ThreadPoolExecutor.runWorker(ThreadPoolExecutor.java:1149) [?:1.8.0_345]
	at java.util.concurrent.ThreadPoolExecutor$Worker.run(ThreadPoolExecutor.java:624) [?:1.8.0_345]
	at java.lang.Thread.run(Thread.java:750) [?:1.8.0_345]
13:26:28.808 [OM StateMachine ApplyTransaction Thread - 0] ERROR OMAudit - user=runner | ip=127.0.0.1 | op=CREATE_FILE {volume=volume63829, bucket=210f4488-87fb-4364-b908-9fd3093371c3, key=folder/folder2, dataSize=23, replicationType=RATIS, replicationFactor=ONE} | ret=FAILURE
org.apache.hadoop.ozone.om.exceptions.OMException: Can not write to directory: folder/folder2
	at org.apache.hadoop.ozone.om.request.file.OMFileCreateRequest.checkDirectoryResult(OMFileCreateRequest.java:364) ~[ozone-manager-1.3.0-SNAPSHOT.jar:?]
	at org.apache.hadoop.ozone.om.request.file.OMFileCreateRequest.validateAndUpdateCache(OMFileCreateRequest.java:240) ~[ozone-manager-1.3.0-SNAPSHOT.jar:?]
	at org.apache.hadoop.ozone.protocolPB.OzoneManagerRequestHandler.handleWriteRequest(OzoneManagerRequestHandler.java:304) ~[ozone-manager-1.3.0-SNAPSHOT.jar:?]
	at org.apache.hadoop.ozone.om.ratis.OzoneManagerStateMachine.runCommand(OzoneManagerStateMachine.java:529) ~[ozone-manager-1.3.0-SNAPSHOT.jar:?]
	at org.apache.hadoop.ozone.om.ratis.OzoneManagerStateMachine.lambda$1(OzoneManagerStateMachine.java:324) ~[ozone-manager-1.3.0-SNAPSHOT.jar:?]
	at java.util.concurrent.CompletableFuture$AsyncSupply.run(CompletableFuture.java:1604) [?:1.8.0_345]
	at java.util.concurrent.ThreadPoolExecutor.runWorker(ThreadPoolExecutor.java:1149) [?:1.8.0_345]
	at java.util.concurrent.ThreadPoolExecutor$Worker.run(ThreadPoolExecutor.java:624) [?:1.8.0_345]
	at java.lang.Thread.run(Thread.java:750) [?:1.8.0_345]
2022-10-04 13:26:28,807 [OM StateMachine ApplyTransaction Thread - 0] ERROR file.OMFileCreateRequest (OMFileCreateRequest.java:validateAndUpdateCache(337)) - File create failed. Volume:volume63829, Bucket:210f4488-87fb-4364-b908-9fd3093371c3, Keyfolder/folder2.
NOT_A_FILE org.apache.hadoop.ozone.om.exceptions.OMException: Can not write to directory: folder/folder2
	at org.apache.hadoop.ozone.om.request.file.OMFileCreateRequest.checkDirectoryResult(OMFileCreateRequest.java:364)
	at org.apache.hadoop.ozone.om.request.file.OMFileCreateRequest.validateAndUpdateCache(OMFileCreateRequest.java:240)
	at org.apache.hadoop.ozone.protocolPB.OzoneManagerRequestHandler.handleWriteRequest(OzoneManagerRequestHandler.java:304)
	at org.apache.hadoop.ozone.om.ratis.OzoneManagerStateMachine.runCommand(OzoneManagerStateMachine.java:529)
	at org.apache.hadoop.ozone.om.ratis.OzoneManagerStateMachine.lambda$1(OzoneManagerStateMachine.java:324)
	at java.util.concurrent.CompletableFuture$AsyncSupply.run(CompletableFuture.java:1604)
	at java.util.concurrent.ThreadPoolExecutor.runWorker(ThreadPoolExecutor.java:1149)
	at java.util.concurrent.ThreadPoolExecutor$Worker.run(ThreadPoolExecutor.java:624)
	at java.lang.Thread.run(Thread.java:750)
2022-10-04 13:26:28,808 [OM StateMachine ApplyTransaction Thread - 0] ERROR file.OMFileCreateRequest (OMFileCreateRequest.java:validateAndUpdateCache(337)) - File create failed. Volume:volume63829, Bucket:210f4488-87fb-4364-b908-9fd3093371c3, Keyfolder/folder2.
NOT_A_FILE org.apache.hadoop.ozone.om.exceptions.OMException: Can not write to directory: folder/folder2
	at org.apache.hadoop.ozone.om.request.file.OMFileCreateRequest.checkDirectoryResult(OMFileCreateRequest.java:364)
	at org.apache.hadoop.ozone.om.request.file.OMFileCreateRequest.validateAndUpdateCache(OMFileCreateRequest.java:240)
	at org.apache.hadoop.ozone.protocolPB.OzoneManagerRequestHandler.handleWriteRequest(OzoneManagerRequestHandler.java:304)
	at org.apache.hadoop.ozone.om.ratis.OzoneManagerStateMachine.runCommand(OzoneManagerStateMachine.java:529)
	at org.apache.hadoop.ozone.om.ratis.OzoneManagerStateMachine.lambda$1(OzoneManagerStateMachine.java:324)
	at java.util.concurrent.CompletableFuture$AsyncSupply.run(CompletableFuture.java:1604)
	at java.util.concurrent.ThreadPoolExecutor.runWorker(ThreadPoolExecutor.java:1149)
	at java.util.concurrent.ThreadPoolExecutor$Worker.run(ThreadPoolExecutor.java:624)
	at java.lang.Thread.run(Thread.java:750)
2022-10-04 13:26:28,824 [Listener at localhost/45931] INFO  rpc.RpcClient (RpcClient.java:createVolume(471)) - Creating Volume: volume96497, with user85876 as owner and space quota set to -1 bytes, counts quota set to -1
2022-10-04 13:26:28,830 [omNode-2-server-thread1] INFO  server.RaftServer$Division (RaftServerImpl.java:checkInconsistentAppendEntries(1424)) - omNode-2@group-523986131536: Failed appendEntries as previous log entry ((t:6, i:82)) is not found
2022-10-04 13:26:28,830 [omNode-2-server-thread1] INFO  server.RaftServer$Division (RaftServerImpl.java:checkInconsistentAppendEntries(1394)) - omNode-2@group-523986131536: inconsistency entries. Reply:omNode-1<-omNode-2#302:FAIL-t6,INCONSISTENCY,nextIndex=57,followerCommit=56
2022-10-04 13:26:28,836 [OM StateMachine ApplyTransaction Thread - 0] INFO  volume.OMVolumeCreateRequest (OMVolumeCreateRequest.java:validateAndUpdateCache(195)) - created volume:volume96497 for user:user85876
2022-10-04 13:26:28,836 [omNode-2-server-thread1] INFO  server.RaftServer$Division (RaftServerImpl.java:checkInconsistentAppendEntries(1424)) - omNode-2@group-523986131536: Failed appendEntries as previous log entry ((t:6, i:83)) is not found
2022-10-04 13:26:28,836 [omNode-2-server-thread1] INFO  server.RaftServer$Division (RaftServerImpl.java:checkInconsistentAppendEntries(1394)) - omNode-2@group-523986131536: inconsistency entries. Reply:omNode-1<-omNode-2#304:FAIL-t6,INCONSISTENCY,nextIndex=57,followerCommit=56
2022-10-04 13:26:28,840 [OM StateMachine ApplyTransaction Thread - 0] INFO  volume.OMVolumeCreateRequest (OMVolumeCreateRequest.java:validateAndUpdateCache(195)) - created volume:volume96497 for user:user85876
2022-10-04 13:26:28,841 [Listener at localhost/45931] INFO  rpc.RpcClient (RpcClient.java:createBucket(674)) - Creating Bucket: volume96497/d7ec6173-00f8-4848-8af0-62a10ea78f4b, with server-side default bucket layout, runner as owner, Versioning false, Storage Type set to DISK and Encryption set to false 
2022-10-04 13:26:28,844 [omNode-2-server-thread1] INFO  server.RaftServer$Division (RaftServerImpl.java:checkInconsistentAppendEntries(1424)) - omNode-2@group-523986131536: Failed appendEntries as previous log entry ((t:6, i:84)) is not found
2022-10-04 13:26:28,844 [omNode-2-server-thread1] INFO  server.RaftServer$Division (RaftServerImpl.java:checkInconsistentAppendEntries(1394)) - omNode-2@group-523986131536: inconsistency entries. Reply:omNode-1<-omNode-2#307:FAIL-t6,INCONSISTENCY,nextIndex=57,followerCommit=56
2022-10-04 13:26:28,847 [OM StateMachine ApplyTransaction Thread - 0] INFO  bucket.OMBucketCreateRequest (OMBucketCreateRequest.java:validateAndUpdateCache(260)) - created bucket: d7ec6173-00f8-4848-8af0-62a10ea78f4b of layout LEGACY in volume: volume96497
2022-10-04 13:26:28,849 [omNode-2-server-thread1] INFO  server.RaftServer$Division (RaftServerImpl.java:checkInconsistentAppendEntries(1424)) - omNode-2@group-523986131536: Failed appendEntries as previous log entry ((t:6, i:85)) is not found
2022-10-04 13:26:28,849 [omNode-2-server-thread1] INFO  server.RaftServer$Division (RaftServerImpl.java:checkInconsistentAppendEntries(1394)) - omNode-2@group-523986131536: inconsistency entries. Reply:omNode-1<-omNode-2#309:FAIL-t6,INCONSISTENCY,nextIndex=57,followerCommit=56
2022-10-04 13:26:28,852 [OM StateMachine ApplyTransaction Thread - 0] INFO  bucket.OMBucketCreateRequest (OMBucketCreateRequest.java:validateAndUpdateCache(260)) - created bucket: d7ec6173-00f8-4848-8af0-62a10ea78f4b of layout LEGACY in volume: volume96497
2022-10-04 13:26:28,859 [omNode-2-server-thread1] INFO  server.RaftServer$Division (RaftServerImpl.java:checkInconsistentAppendEntries(1424)) - omNode-2@group-523986131536: Failed appendEntries as previous log entry ((t:6, i:86)) is not found
2022-10-04 13:26:28,859 [omNode-2-server-thread1] INFO  server.RaftServer$Division (RaftServerImpl.java:checkInconsistentAppendEntries(1394)) - omNode-2@group-523986131536: inconsistency entries. Reply:omNode-1<-omNode-2#311:FAIL-t6,INCONSISTENCY,nextIndex=57,followerCommit=56
2022-10-04 13:26:28,862 [omNode-2-server-thread1] INFO  server.RaftServer$Division (RaftServerImpl.java:checkInconsistentAppendEntries(1424)) - omNode-2@group-523986131536: Failed appendEntries as previous log entry ((t:6, i:87)) is not found
2022-10-04 13:26:28,862 [omNode-2-server-thread1] INFO  server.RaftServer$Division (RaftServerImpl.java:checkInconsistentAppendEntries(1394)) - omNode-2@group-523986131536: inconsistency entries. Reply:omNode-1<-omNode-2#313:FAIL-t6,INCONSISTENCY,nextIndex=57,followerCommit=56
2022-10-04 13:26:28,890 [omNode-2-server-thread1] INFO  server.RaftServer$Division (RaftServerImpl.java:checkInconsistentAppendEntries(1424)) - omNode-2@group-523986131536: Failed appendEntries as previous log entry ((t:6, i:88)) is not found
2022-10-04 13:26:28,890 [omNode-2-server-thread1] INFO  server.RaftServer$Division (RaftServerImpl.java:checkInconsistentAppendEntries(1394)) - omNode-2@group-523986131536: inconsistency entries. Reply:omNode-1<-omNode-2#318:FAIL-t6,INCONSISTENCY,nextIndex=57,followerCommit=56
2022-10-04 13:26:28,899 [omNode-2-server-thread1] INFO  server.RaftServer$Division (RaftServerImpl.java:checkInconsistentAppendEntries(1424)) - omNode-2@group-523986131536: Failed appendEntries as previous log entry ((t:6, i:89)) is not found
2022-10-04 13:26:28,899 [omNode-2-server-thread1] INFO  server.RaftServer$Division (RaftServerImpl.java:checkInconsistentAppendEntries(1394)) - omNode-2@group-523986131536: inconsistency entries. Reply:omNode-1<-omNode-2#320:FAIL-t6,INCONSISTENCY,nextIndex=57,followerCommit=56
2022-10-04 13:26:28,925 [omNode-2-server-thread1] INFO  server.RaftServer$Division (RaftServerImpl.java:checkInconsistentAppendEntries(1424)) - omNode-2@group-523986131536: Failed appendEntries as previous log entry ((t:6, i:90)) is not found
2022-10-04 13:26:28,926 [omNode-2-server-thread1] INFO  server.RaftServer$Division (RaftServerImpl.java:checkInconsistentAppendEntries(1394)) - omNode-2@group-523986131536: inconsistency entries. Reply:omNode-1<-omNode-2#324:FAIL-t6,INCONSISTENCY,nextIndex=57,followerCommit=56
13:26:28.929 [OM StateMachine ApplyTransaction Thread - 0] ERROR OMAudit - user=runner | ip=127.0.0.1 | op=CREATE_FILE {volume=volume96497, bucket=d7ec6173-00f8-4848-8af0-62a10ea78f4b, key=dir1/dir2/dir3/file1, dataSize=11, replicationType=RATIS, replicationFactor=ONE} | ret=FAILURE
org.apache.hadoop.ozone.om.exceptions.OMException: Cannot create file : dir1/dir2/dir3/file1 as one of parent directory is not created
	at org.apache.hadoop.ozone.om.request.file.OMFileCreateRequest.checkAllParentsExist(OMFileCreateRequest.java:387) ~[ozone-manager-1.3.0-SNAPSHOT.jar:?]
	at org.apache.hadoop.ozone.om.request.file.OMFileCreateRequest.validateAndUpdateCache(OMFileCreateRequest.java:243) ~[ozone-manager-1.3.0-SNAPSHOT.jar:?]
	at org.apache.hadoop.ozone.protocolPB.OzoneManagerRequestHandler.handleWriteRequest(OzoneManagerRequestHandler.java:304) ~[ozone-manager-1.3.0-SNAPSHOT.jar:?]
	at org.apache.hadoop.ozone.om.ratis.OzoneManagerStateMachine.runCommand(OzoneManagerStateMachine.java:529) ~[ozone-manager-1.3.0-SNAPSHOT.jar:?]
	at org.apache.hadoop.ozone.om.ratis.OzoneManagerStateMachine.lambda$1(OzoneManagerStateMachine.java:324) ~[ozone-manager-1.3.0-SNAPSHOT.jar:?]
	at java.util.concurrent.CompletableFuture$AsyncSupply.run(CompletableFuture.java:1604) [?:1.8.0_345]
	at java.util.concurrent.ThreadPoolExecutor.runWorker(ThreadPoolExecutor.java:1149) [?:1.8.0_345]
	at java.util.concurrent.ThreadPoolExecutor$Worker.run(ThreadPoolExecutor.java:624) [?:1.8.0_345]
	at java.lang.Thread.run(Thread.java:750) [?:1.8.0_345]
2022-10-04 13:26:28,930 [OM StateMachine ApplyTransaction Thread - 0] ERROR file.OMFileCreateRequest (OMFileCreateRequest.java:validateAndUpdateCache(337)) - File create failed. Volume:volume96497, Bucket:d7ec6173-00f8-4848-8af0-62a10ea78f4b, Keydir1/dir2/dir3/file1.
DIRECTORY_NOT_FOUND org.apache.hadoop.ozone.om.exceptions.OMException: Cannot create file : dir1/dir2/dir3/file1 as one of parent directory is not created
	at org.apache.hadoop.ozone.om.request.file.OMFileCreateRequest.checkAllParentsExist(OMFileCreateRequest.java:387)
	at org.apache.hadoop.ozone.om.request.file.OMFileCreateRequest.validateAndUpdateCache(OMFileCreateRequest.java:243)
	at org.apache.hadoop.ozone.protocolPB.OzoneManagerRequestHandler.handleWriteRequest(OzoneManagerRequestHandler.java:304)
	at org.apache.hadoop.ozone.om.ratis.OzoneManagerStateMachine.runCommand(OzoneManagerStateMachine.java:529)
	at org.apache.hadoop.ozone.om.ratis.OzoneManagerStateMachine.lambda$1(OzoneManagerStateMachine.java:324)
	at java.util.concurrent.CompletableFuture$AsyncSupply.run(CompletableFuture.java:1604)
	at java.util.concurrent.ThreadPoolExecutor.runWorker(ThreadPoolExecutor.java:1149)
	at java.util.concurrent.ThreadPoolExecutor$Worker.run(ThreadPoolExecutor.java:624)
	at java.lang.Thread.run(Thread.java:750)
2022-10-04 13:26:28,933 [omNode-2-server-thread1] INFO  server.RaftServer$Division (RaftServerImpl.java:checkInconsistentAppendEntries(1424)) - omNode-2@group-523986131536: Failed appendEntries as previous log entry ((t:6, i:91)) is not found
2022-10-04 13:26:28,933 [omNode-2-server-thread1] INFO  server.RaftServer$Division (RaftServerImpl.java:checkInconsistentAppendEntries(1394)) - omNode-2@group-523986131536: inconsistency entries. Reply:omNode-1<-omNode-2#326:FAIL-t6,INCONSISTENCY,nextIndex=57,followerCommit=56
2022-10-04 13:26:28,935 [omNode-2-server-thread1] INFO  server.RaftServer$Division (RaftServerImpl.java:checkInconsistentAppendEntries(1424)) - omNode-2@group-523986131536: Failed appendEntries as previous log entry ((t:6, i:92)) is not found
2022-10-04 13:26:28,935 [omNode-2-server-thread1] INFO  server.RaftServer$Division (RaftServerImpl.java:checkInconsistentAppendEntries(1394)) - omNode-2@group-523986131536: inconsistency entries. Reply:omNode-1<-omNode-2#328:FAIL-t6,INCONSISTENCY,nextIndex=57,followerCommit=56
13:26:28.942 [OM StateMachine ApplyTransaction Thread - 0] ERROR OMAudit - user=runner | ip=127.0.0.1 | op=CREATE_FILE {volume=volume96497, bucket=d7ec6173-00f8-4848-8af0-62a10ea78f4b, key=dir1/dir2/dir3/file1, dataSize=11, replicationType=RATIS, replicationFactor=ONE} | ret=FAILURE
org.apache.hadoop.ozone.om.exceptions.OMException: Cannot create file : dir1/dir2/dir3/file1 as one of parent directory is not created
	at org.apache.hadoop.ozone.om.request.file.OMFileCreateRequest.checkAllParentsExist(OMFileCreateRequest.java:387) ~[ozone-manager-1.3.0-SNAPSHOT.jar:?]
	at org.apache.hadoop.ozone.om.request.file.OMFileCreateRequest.validateAndUpdateCache(OMFileCreateRequest.java:243) ~[ozone-manager-1.3.0-SNAPSHOT.jar:?]
	at org.apache.hadoop.ozone.protocolPB.OzoneManagerRequestHandler.handleWriteRequest(OzoneManagerRequestHandler.java:304) ~[ozone-manager-1.3.0-SNAPSHOT.jar:?]
	at org.apache.hadoop.ozone.om.ratis.OzoneManagerStateMachine.runCommand(OzoneManagerStateMachine.java:529) ~[ozone-manager-1.3.0-SNAPSHOT.jar:?]
	at org.apache.hadoop.ozone.om.ratis.OzoneManagerStateMachine.lambda$1(OzoneManagerStateMachine.java:324) ~[ozone-manager-1.3.0-SNAPSHOT.jar:?]
	at java.util.concurrent.CompletableFuture$AsyncSupply.run(CompletableFuture.java:1604) [?:1.8.0_345]
	at java.util.concurrent.ThreadPoolExecutor.runWorker(ThreadPoolExecutor.java:1149) [?:1.8.0_345]
	at java.util.concurrent.ThreadPoolExecutor$Worker.run(ThreadPoolExecutor.java:624) [?:1.8.0_345]
	at java.lang.Thread.run(Thread.java:750) [?:1.8.0_345]
2022-10-04 13:26:28,942 [OM StateMachine ApplyTransaction Thread - 0] ERROR file.OMFileCreateRequest (OMFileCreateRequest.java:validateAndUpdateCache(337)) - File create failed. Volume:volume96497, Bucket:d7ec6173-00f8-4848-8af0-62a10ea78f4b, Keydir1/dir2/dir3/file1.
DIRECTORY_NOT_FOUND org.apache.hadoop.ozone.om.exceptions.OMException: Cannot create file : dir1/dir2/dir3/file1 as one of parent directory is not created
	at org.apache.hadoop.ozone.om.request.file.OMFileCreateRequest.checkAllParentsExist(OMFileCreateRequest.java:387)
	at org.apache.hadoop.ozone.om.request.file.OMFileCreateRequest.validateAndUpdateCache(OMFileCreateRequest.java:243)
	at org.apache.hadoop.ozone.protocolPB.OzoneManagerRequestHandler.handleWriteRequest(OzoneManagerRequestHandler.java:304)
	at org.apache.hadoop.ozone.om.ratis.OzoneManagerStateMachine.runCommand(OzoneManagerStateMachine.java:529)
	at org.apache.hadoop.ozone.om.ratis.OzoneManagerStateMachine.lambda$1(OzoneManagerStateMachine.java:324)
	at java.util.concurrent.CompletableFuture$AsyncSupply.run(CompletableFuture.java:1604)
	at java.util.concurrent.ThreadPoolExecutor.runWorker(ThreadPoolExecutor.java:1149)
	at java.util.concurrent.ThreadPoolExecutor$Worker.run(ThreadPoolExecutor.java:624)
	at java.lang.Thread.run(Thread.java:750)
2022-10-04 13:26:28,946 [omNode-2-server-thread1] INFO  server.RaftServer$Division (RaftServerImpl.java:checkInconsistentAppendEntries(1424)) - omNode-2@group-523986131536: Failed appendEntries as previous log entry ((t:6, i:93)) is not found
2022-10-04 13:26:28,946 [omNode-2-server-thread1] INFO  server.RaftServer$Division (RaftServerImpl.java:checkInconsistentAppendEntries(1394)) - omNode-2@group-523986131536: inconsistency entries. Reply:omNode-1<-omNode-2#331:FAIL-t6,INCONSISTENCY,nextIndex=57,followerCommit=56
2022-10-04 13:26:28,955 [omNode-2-server-thread1] INFO  server.RaftServer$Division (RaftServerImpl.java:checkInconsistentAppendEntries(1424)) - omNode-2@group-523986131536: Failed appendEntries as previous log entry ((t:6, i:94)) is not found
2022-10-04 13:26:28,955 [omNode-2-server-thread1] INFO  server.RaftServer$Division (RaftServerImpl.java:checkInconsistentAppendEntries(1394)) - omNode-2@group-523986131536: inconsistency entries. Reply:omNode-1<-omNode-2#334:FAIL-t6,INCONSISTENCY,nextIndex=57,followerCommit=56
2022-10-04 13:26:28,961 [omNode-2-server-thread1] INFO  server.RaftServer$Division (RaftServerImpl.java:checkInconsistentAppendEntries(1424)) - omNode-2@group-523986131536: Failed appendEntries as previous log entry ((t:6, i:95)) is not found
2022-10-04 13:26:28,961 [omNode-2-server-thread1] INFO  server.RaftServer$Division (RaftServerImpl.java:checkInconsistentAppendEntries(1394)) - omNode-2@group-523986131536: inconsistency entries. Reply:omNode-1<-omNode-2#336:FAIL-t6,INCONSISTENCY,nextIndex=57,followerCommit=56
2022-10-04 13:26:28,988 [omNode-2-server-thread1] INFO  server.RaftServer$Division (RaftServerImpl.java:checkInconsistentAppendEntries(1424)) - omNode-2@group-523986131536: Failed appendEntries as previous log entry ((t:6, i:96)) is not found
2022-10-04 13:26:28,988 [omNode-2-server-thread1] INFO  server.RaftServer$Division (RaftServerImpl.java:checkInconsistentAppendEntries(1394)) - omNode-2@group-523986131536: inconsistency entries. Reply:omNode-1<-omNode-2#340:FAIL-t6,INCONSISTENCY,nextIndex=57,followerCommit=56
2022-10-04 13:26:28,993 [omNode-2-server-thread1] INFO  server.RaftServer$Division (RaftServerImpl.java:checkInconsistentAppendEntries(1424)) - omNode-2@group-523986131536: Failed appendEntries as previous log entry ((t:6, i:97)) is not found
2022-10-04 13:26:28,993 [omNode-2-server-thread1] INFO  server.RaftServer$Division (RaftServerImpl.java:checkInconsistentAppendEntries(1394)) - omNode-2@group-523986131536: inconsistency entries. Reply:omNode-1<-omNode-2#342:FAIL-t6,INCONSISTENCY,nextIndex=57,followerCommit=56
2022-10-04 13:26:29,020 [omNode-2-server-thread1] INFO  server.RaftServer$Division (RaftServerImpl.java:checkInconsistentAppendEntries(1424)) - omNode-2@group-523986131536: Failed appendEntries as previous log entry ((t:6, i:98)) is not found
2022-10-04 13:26:29,021 [omNode-2-server-thread1] INFO  server.RaftServer$Division (RaftServerImpl.java:checkInconsistentAppendEntries(1394)) - omNode-2@group-523986131536: inconsistency entries. Reply:omNode-1<-omNode-2#345:FAIL-t6,INCONSISTENCY,nextIndex=57,followerCommit=56
2022-10-04 13:26:29,029 [omNode-2-server-thread1] INFO  server.RaftServer$Division (RaftServerImpl.java:checkInconsistentAppendEntries(1424)) - omNode-2@group-523986131536: Failed appendEntries as previous log entry ((t:6, i:99)) is not found
2022-10-04 13:26:29,029 [omNode-2-server-thread1] INFO  server.RaftServer$Division (RaftServerImpl.java:checkInconsistentAppendEntries(1394)) - omNode-2@group-523986131536: inconsistency entries. Reply:omNode-1<-omNode-2#347:FAIL-t6,INCONSISTENCY,nextIndex=57,followerCommit=56
2022-10-04 13:26:29,051 [omNode-2-server-thread1] INFO  server.RaftServer$Division (RaftServerImpl.java:checkInconsistentAppendEntries(1424)) - omNode-2@group-523986131536: Failed appendEntries as previous log entry ((t:6, i:100)) is not found
2022-10-04 13:26:29,051 [omNode-2-server-thread1] INFO  server.RaftServer$Division (RaftServerImpl.java:checkInconsistentAppendEntries(1394)) - omNode-2@group-523986131536: inconsistency entries. Reply:omNode-1<-omNode-2#351:FAIL-t6,INCONSISTENCY,nextIndex=57,followerCommit=56
2022-10-04 13:26:29,060 [omNode-2-server-thread1] INFO  server.RaftServer$Division (RaftServerImpl.java:checkInconsistentAppendEntries(1424)) - omNode-2@group-523986131536: Failed appendEntries as previous log entry ((t:6, i:101)) is not found
2022-10-04 13:26:29,060 [omNode-2-server-thread1] INFO  server.RaftServer$Division (RaftServerImpl.java:checkInconsistentAppendEntries(1394)) - omNode-2@group-523986131536: inconsistency entries. Reply:omNode-1<-omNode-2#353:FAIL-t6,INCONSISTENCY,nextIndex=57,followerCommit=56
2022-10-04 13:26:29,087 [omNode-2-server-thread1] INFO  server.RaftServer$Division (RaftServerImpl.java:checkInconsistentAppendEntries(1424)) - omNode-2@group-523986131536: Failed appendEntries as previous log entry ((t:6, i:102)) is not found
2022-10-04 13:26:29,087 [omNode-2-server-thread1] INFO  server.RaftServer$Division (RaftServerImpl.java:checkInconsistentAppendEntries(1394)) - omNode-2@group-523986131536: inconsistency entries. Reply:omNode-1<-omNode-2#357:FAIL-t6,INCONSISTENCY,nextIndex=57,followerCommit=56
13:26:29.094 [OM StateMachine ApplyTransaction Thread - 0] ERROR OMAudit - user=runner | ip=127.0.0.1 | op=CREATE_FILE {volume=volume96497, bucket=d7ec6173-00f8-4848-8af0-62a10ea78f4b, key=dir1/dir2/dir3/file1, dataSize=23, replicationType=RATIS, replicationFactor=ONE} | ret=FAILURE
org.apache.hadoop.ozone.om.exceptions.OMException: File dir1/dir2/dir3/file1 already exists
	at org.apache.hadoop.ozone.om.request.file.OMFileCreateRequest.checkDirectoryResult(OMFileCreateRequest.java:360) ~[ozone-manager-1.3.0-SNAPSHOT.jar:?]
	at org.apache.hadoop.ozone.om.request.file.OMFileCreateRequest.validateAndUpdateCache(OMFileCreateRequest.java:240) ~[ozone-manager-1.3.0-SNAPSHOT.jar:?]
	at org.apache.hadoop.ozone.protocolPB.OzoneManagerRequestHandler.handleWriteRequest(OzoneManagerRequestHandler.java:304) ~[ozone-manager-1.3.0-SNAPSHOT.jar:?]
	at org.apache.hadoop.ozone.om.ratis.OzoneManagerStateMachine.runCommand(OzoneManagerStateMachine.java:529) ~[ozone-manager-1.3.0-SNAPSHOT.jar:?]
	at org.apache.hadoop.ozone.om.ratis.OzoneManagerStateMachine.lambda$1(OzoneManagerStateMachine.java:324) ~[ozone-manager-1.3.0-SNAPSHOT.jar:?]
	at java.util.concurrent.CompletableFuture$AsyncSupply.run(CompletableFuture.java:1604) [?:1.8.0_345]
	at java.util.concurrent.ThreadPoolExecutor.runWorker(ThreadPoolExecutor.java:1149) [?:1.8.0_345]
	at java.util.concurrent.ThreadPoolExecutor$Worker.run(ThreadPoolExecutor.java:624) [?:1.8.0_345]
	at java.lang.Thread.run(Thread.java:750) [?:1.8.0_345]
2022-10-04 13:26:29,094 [OM StateMachine ApplyTransaction Thread - 0] ERROR file.OMFileCreateRequest (OMFileCreateRequest.java:validateAndUpdateCache(337)) - File create failed. Volume:volume96497, Bucket:d7ec6173-00f8-4848-8af0-62a10ea78f4b, Keydir1/dir2/dir3/file1.
FILE_ALREADY_EXISTS org.apache.hadoop.ozone.om.exceptions.OMException: File dir1/dir2/dir3/file1 already exists
	at org.apache.hadoop.ozone.om.request.file.OMFileCreateRequest.checkDirectoryResult(OMFileCreateRequest.java:360)
	at org.apache.hadoop.ozone.om.request.file.OMFileCreateRequest.validateAndUpdateCache(OMFileCreateRequest.java:240)
	at org.apache.hadoop.ozone.protocolPB.OzoneManagerRequestHandler.handleWriteRequest(OzoneManagerRequestHandler.java:304)
	at org.apache.hadoop.ozone.om.ratis.OzoneManagerStateMachine.runCommand(OzoneManagerStateMachine.java:529)
	at org.apache.hadoop.ozone.om.ratis.OzoneManagerStateMachine.lambda$1(OzoneManagerStateMachine.java:324)
	at java.util.concurrent.CompletableFuture$AsyncSupply.run(CompletableFuture.java:1604)
	at java.util.concurrent.ThreadPoolExecutor.runWorker(ThreadPoolExecutor.java:1149)
	at java.util.concurrent.ThreadPoolExecutor$Worker.run(ThreadPoolExecutor.java:624)
	at java.lang.Thread.run(Thread.java:750)
2022-10-04 13:26:29,095 [omNode-2-server-thread1] INFO  server.RaftServer$Division (RaftServerImpl.java:checkInconsistentAppendEntries(1424)) - omNode-2@group-523986131536: Failed appendEntries as previous log entry ((t:6, i:103)) is not found
2022-10-04 13:26:29,095 [omNode-2-server-thread1] INFO  server.RaftServer$Division (RaftServerImpl.java:checkInconsistentAppendEntries(1394)) - omNode-2@group-523986131536: inconsistency entries. Reply:omNode-1<-omNode-2#359:FAIL-t6,INCONSISTENCY,nextIndex=57,followerCommit=56
2022-10-04 13:26:29,098 [omNode-2-server-thread1] INFO  server.RaftServer$Division (RaftServerImpl.java:checkInconsistentAppendEntries(1424)) - omNode-2@group-523986131536: Failed appendEntries as previous log entry ((t:6, i:104)) is not found
2022-10-04 13:26:29,098 [omNode-2-server-thread1] INFO  server.RaftServer$Division (RaftServerImpl.java:checkInconsistentAppendEntries(1394)) - omNode-2@group-523986131536: inconsistency entries. Reply:omNode-1<-omNode-2#360:FAIL-t6,INCONSISTENCY,nextIndex=57,followerCommit=56
13:26:29.101 [OM StateMachine ApplyTransaction Thread - 0] ERROR OMAudit - user=runner | ip=127.0.0.1 | op=CREATE_FILE {volume=volume96497, bucket=d7ec6173-00f8-4848-8af0-62a10ea78f4b, key=dir1/dir2/dir3/file1, dataSize=23, replicationType=RATIS, replicationFactor=ONE} | ret=FAILURE
org.apache.hadoop.ozone.om.exceptions.OMException: File dir1/dir2/dir3/file1 already exists
	at org.apache.hadoop.ozone.om.request.file.OMFileCreateRequest.checkDirectoryResult(OMFileCreateRequest.java:360) ~[ozone-manager-1.3.0-SNAPSHOT.jar:?]
	at org.apache.hadoop.ozone.om.request.file.OMFileCreateRequest.validateAndUpdateCache(OMFileCreateRequest.java:240) ~[ozone-manager-1.3.0-SNAPSHOT.jar:?]
	at org.apache.hadoop.ozone.protocolPB.OzoneManagerRequestHandler.handleWriteRequest(OzoneManagerRequestHandler.java:304) ~[ozone-manager-1.3.0-SNAPSHOT.jar:?]
	at org.apache.hadoop.ozone.om.ratis.OzoneManagerStateMachine.runCommand(OzoneManagerStateMachine.java:529) ~[ozone-manager-1.3.0-SNAPSHOT.jar:?]
	at org.apache.hadoop.ozone.om.ratis.OzoneManagerStateMachine.lambda$1(OzoneManagerStateMachine.java:324) ~[ozone-manager-1.3.0-SNAPSHOT.jar:?]
	at java.util.concurrent.CompletableFuture$AsyncSupply.run(CompletableFuture.java:1604) [?:1.8.0_345]
	at java.util.concurrent.ThreadPoolExecutor.runWorker(ThreadPoolExecutor.java:1149) [?:1.8.0_345]
	at java.util.concurrent.ThreadPoolExecutor$Worker.run(ThreadPoolExecutor.java:624) [?:1.8.0_345]
	at java.lang.Thread.run(Thread.java:750) [?:1.8.0_345]
2022-10-04 13:26:29,101 [OM StateMachine ApplyTransaction Thread - 0] ERROR file.OMFileCreateRequest (OMFileCreateRequest.java:validateAndUpdateCache(337)) - File create failed. Volume:volume96497, Bucket:d7ec6173-00f8-4848-8af0-62a10ea78f4b, Keydir1/dir2/dir3/file1.
FILE_ALREADY_EXISTS org.apache.hadoop.ozone.om.exceptions.OMException: File dir1/dir2/dir3/file1 already exists
	at org.apache.hadoop.ozone.om.request.file.OMFileCreateRequest.checkDirectoryResult(OMFileCreateRequest.java:360)
	at org.apache.hadoop.ozone.om.request.file.OMFileCreateRequest.validateAndUpdateCache(OMFileCreateRequest.java:240)
	at org.apache.hadoop.ozone.protocolPB.OzoneManagerRequestHandler.handleWriteRequest(OzoneManagerRequestHandler.java:304)
	at org.apache.hadoop.ozone.om.ratis.OzoneManagerStateMachine.runCommand(OzoneManagerStateMachine.java:529)
	at org.apache.hadoop.ozone.om.ratis.OzoneManagerStateMachine.lambda$1(OzoneManagerStateMachine.java:324)
	at java.util.concurrent.CompletableFuture$AsyncSupply.run(CompletableFuture.java:1604)
	at java.util.concurrent.ThreadPoolExecutor.runWorker(ThreadPoolExecutor.java:1149)
	at java.util.concurrent.ThreadPoolExecutor$Worker.run(ThreadPoolExecutor.java:624)
	at java.lang.Thread.run(Thread.java:750)
2022-10-04 13:26:29,106 [omNode-2-server-thread1] INFO  server.RaftServer$Division (RaftServerImpl.java:checkInconsistentAppendEntries(1424)) - omNode-2@group-523986131536: Failed appendEntries as previous log entry ((t:6, i:105)) is not found
2022-10-04 13:26:29,106 [omNode-2-server-thread1] INFO  server.RaftServer$Division (RaftServerImpl.java:checkInconsistentAppendEntries(1394)) - omNode-2@group-523986131536: inconsistency entries. Reply:omNode-1<-omNode-2#363:FAIL-t6,INCONSISTENCY,nextIndex=57,followerCommit=56
2022-10-04 13:26:29,113 [omNode-2-server-thread1] INFO  server.RaftServer$Division (RaftServerImpl.java:checkInconsistentAppendEntries(1424)) - omNode-2@group-523986131536: Failed appendEntries as previous log entry ((t:6, i:106)) is not found
2022-10-04 13:26:29,113 [omNode-2-server-thread1] INFO  server.RaftServer$Division (RaftServerImpl.java:checkInconsistentAppendEntries(1394)) - omNode-2@group-523986131536: inconsistency entries. Reply:omNode-1<-omNode-2#364:FAIL-t6,INCONSISTENCY,nextIndex=57,followerCommit=56
2022-10-04 13:26:29,121 [omNode-2-server-thread1] INFO  server.RaftServer$Division (RaftServerImpl.java:checkInconsistentAppendEntries(1424)) - omNode-2@group-523986131536: Failed appendEntries as previous log entry ((t:6, i:107)) is not found
2022-10-04 13:26:29,121 [omNode-2-server-thread1] INFO  server.RaftServer$Division (RaftServerImpl.java:checkInconsistentAppendEntries(1394)) - omNode-2@group-523986131536: inconsistency entries. Reply:omNode-1<-omNode-2#367:FAIL-t6,INCONSISTENCY,nextIndex=57,followerCommit=56
2022-10-04 13:26:29,136 [omNode-1@group-523986131536-StateMachineUpdater] INFO  ratis.OzoneManagerStateMachine (OzoneManagerStateMachine.java:takeSnapshot(441)) - Current Snapshot Index (t:6, i:108)
2022-10-04 13:26:29,136 [omNode-1@group-523986131536-StateMachineUpdater] INFO  impl.StateMachineUpdater (StateMachineUpdater.java:takeSnapshot(287)) - omNode-1@group-523986131536-StateMachineUpdater: Took a snapshot at index 108
2022-10-04 13:26:29,136 [omNode-1@group-523986131536-StateMachineUpdater] INFO  impl.StateMachineUpdater (StateMachineUpdater.java:lambda$new$0(92)) - omNode-1@group-523986131536-StateMachineUpdater: snapshotIndex: updateIncreasingly 58 -> 108
2022-10-04 13:26:29,137 [omNode-1@group-523986131536-StateMachineUpdater] INFO  raftlog.RaftLog (RaftLogBase.java:purge(308)) - omNode-1@group-523986131536-SegmentedRaftLog: purge 108
2022-10-04 13:26:29,137 [omNode-1@group-523986131536-StateMachineUpdater] INFO  raftlog.RaftLog (RaftLogBase.java:lambda$new$0(53)) - omNode-1@group-523986131536-SegmentedRaftLog: snapshotIndex: updateIncreasingly 58 -> 108
2022-10-04 13:26:29,139 [omNode-1@group-523986131536-SegmentedRaftLogWorker] INFO  raftlog.RaftLog (RaftLogBase.java:lambda$new$0(53)) - omNode-1@group-523986131536-SegmentedRaftLog: purgeIndex: updateToMax old=56, new=58, updated? true
2022-10-04 13:26:29,146 [omNode-2-server-thread1] INFO  server.RaftServer$Division (RaftServerImpl.java:checkInconsistentAppendEntries(1424)) - omNode-2@group-523986131536: Failed appendEntries as previous log entry ((t:6, i:108)) is not found
2022-10-04 13:26:29,146 [omNode-2-server-thread1] INFO  server.RaftServer$Division (RaftServerImpl.java:checkInconsistentAppendEntries(1394)) - omNode-2@group-523986131536: inconsistency entries. Reply:omNode-1<-omNode-2#371:FAIL-t6,INCONSISTENCY,nextIndex=57,followerCommit=56
2022-10-04 13:26:29,149 [omNode-3@group-523986131536-StateMachineUpdater] INFO  ratis.OzoneManagerStateMachine (OzoneManagerStateMachine.java:takeSnapshot(441)) - Current Snapshot Index (t:6, i:108)
2022-10-04 13:26:29,150 [omNode-3@group-523986131536-StateMachineUpdater] INFO  impl.StateMachineUpdater (StateMachineUpdater.java:takeSnapshot(287)) - omNode-3@group-523986131536-StateMachineUpdater: Took a snapshot at index 108
2022-10-04 13:26:29,150 [omNode-3@group-523986131536-StateMachineUpdater] INFO  impl.StateMachineUpdater (StateMachineUpdater.java:lambda$new$0(92)) - omNode-3@group-523986131536-StateMachineUpdater: snapshotIndex: updateIncreasingly 58 -> 108
2022-10-04 13:26:29,150 [omNode-3@group-523986131536-StateMachineUpdater] INFO  raftlog.RaftLog (RaftLogBase.java:purge(308)) - omNode-3@group-523986131536-SegmentedRaftLog: purge 108
2022-10-04 13:26:29,150 [omNode-3@group-523986131536-StateMachineUpdater] INFO  raftlog.RaftLog (RaftLogBase.java:lambda$new$0(53)) - omNode-3@group-523986131536-SegmentedRaftLog: snapshotIndex: updateIncreasingly 58 -> 108
2022-10-04 13:26:29,151 [omNode-3@group-523986131536-SegmentedRaftLogWorker] INFO  raftlog.RaftLog (RaftLogBase.java:lambda$new$0(53)) - omNode-3@group-523986131536-SegmentedRaftLog: purgeIndex: updateToMax old=56, new=58, updated? true
2022-10-04 13:26:29,152 [omNode-2-server-thread1] INFO  server.RaftServer$Division (RaftServerImpl.java:checkInconsistentAppendEntries(1424)) - omNode-2@group-523986131536: Failed appendEntries as previous log entry ((t:6, i:109)) is not found
2022-10-04 13:26:29,152 [omNode-2-server-thread1] INFO  server.RaftServer$Division (RaftServerImpl.java:checkInconsistentAppendEntries(1394)) - omNode-2@group-523986131536: inconsistency entries. Reply:omNode-1<-omNode-2#373:FAIL-t6,INCONSISTENCY,nextIndex=57,followerCommit=56
2022-10-04 13:26:29,178 [omNode-2-server-thread1] INFO  server.RaftServer$Division (RaftServerImpl.java:checkInconsistentAppendEntries(1424)) - omNode-2@group-523986131536: Failed appendEntries as previous log entry ((t:6, i:110)) is not found
2022-10-04 13:26:29,178 [omNode-2-server-thread1] INFO  server.RaftServer$Division (RaftServerImpl.java:checkInconsistentAppendEntries(1394)) - omNode-2@group-523986131536: inconsistency entries. Reply:omNode-1<-omNode-2#377:FAIL-t6,INCONSISTENCY,nextIndex=57,followerCommit=56
2022-10-04 13:26:29,184 [omNode-2-server-thread1] INFO  server.RaftServer$Division (RaftServerImpl.java:checkInconsistentAppendEntries(1424)) - omNode-2@group-523986131536: Failed appendEntries as previous log entry ((t:6, i:111)) is not found
2022-10-04 13:26:29,185 [omNode-2-server-thread1] INFO  server.RaftServer$Division (RaftServerImpl.java:checkInconsistentAppendEntries(1394)) - omNode-2@group-523986131536: inconsistency entries. Reply:omNode-1<-omNode-2#378:FAIL-t6,INCONSISTENCY,nextIndex=57,followerCommit=56
2022-10-04 13:26:29,193 [omNode-2-server-thread1] INFO  server.RaftServer$Division (RaftServerImpl.java:checkInconsistentAppendEntries(1424)) - omNode-2@group-523986131536: Failed appendEntries as previous log entry ((t:6, i:112)) is not found
2022-10-04 13:26:29,193 [omNode-2-server-thread1] INFO  server.RaftServer$Division (RaftServerImpl.java:checkInconsistentAppendEntries(1394)) - omNode-2@group-523986131536: inconsistency entries. Reply:omNode-1<-omNode-2#379:FAIL-t6,INCONSISTENCY,nextIndex=57,followerCommit=56
2022-10-04 13:26:29,194 [grpc-default-executor-0] INFO  leader.FollowerInfo (FollowerInfoImpl.java:lambda$new$0(48)) - omNode-1@group-523986131536->omNode-2: nextIndex: updateUnconditionally 113 -> 57
2022-10-04 13:26:29,194 [omNode-1@group-523986131536->omNode-2-GrpcLogAppender-LogAppenderDaemon] INFO  server.GrpcLogAppender (GrpcLogAppender.java:installSnapshot(541)) - omNode-1@group-523986131536->omNode-2-GrpcLogAppender: followerNextIndex = 57 but logStartIndex = 59, notify follower to install snapshot-(t:6, i:59)
2022-10-04 13:26:29,194 [omNode-1@group-523986131536->omNode-2-GrpcLogAppender-LogAppenderDaemon] INFO  server.GrpcLogAppender (GrpcLogAppender.java:installSnapshot(549)) - omNode-1@group-523986131536->omNode-2-GrpcLogAppender: send omNode-1->omNode-2#0-t6,notify:(t:6, i:59)
2022-10-04 13:26:29,214 [grpc-default-executor-2] INFO  impl.SnapshotInstallationHandler (SnapshotInstallationHandler.java:installSnapshot(84)) - omNode-2@group-523986131536: receive installSnapshot: omNode-1->omNode-2#0-t6,notify:(t:6, i:59)
2022-10-04 13:26:29,215 [grpc-default-executor-2] INFO  impl.SnapshotInstallationHandler (SnapshotInstallationHandler.java:notifyStateMachineToInstallSnapshot(215)) - omNode-2@group-523986131536: Received notification to install snapshot at index 59
2022-10-04 13:26:29,221 [grpc-default-executor-2] INFO  impl.SnapshotInstallationHandler (SnapshotInstallationHandler.java:notifyStateMachineToInstallSnapshot(248)) - omNode-2@group-523986131536: notifyInstallSnapshot: nextIndex is 57 but the leader's first available index is 59.
2022-10-04 13:26:29,221 [grpc-default-executor-2] INFO  ratis.OzoneManagerStateMachine (OzoneManagerStateMachine.java:notifyInstallSnapshotFromLeader(470)) - Received install snapshot notification from OM leader: omNode-1 with term index: (t:6, i:59)
2022-10-04 13:26:29,224 [grpc-default-executor-2] INFO  impl.SnapshotInstallationHandler (SnapshotInstallationHandler.java:installSnapshot(95)) - omNode-2@group-523986131536: reply installSnapshot: omNode-1<-omNode-2#0:FAIL-t6,IN_PROGRESS
2022-10-04 13:26:29,224 [grpc-default-executor-2] INFO  server.GrpcServerProtocolService (GrpcServerProtocolService.java:onCompleted(140)) - omNode-2: Completed INSTALL_SNAPSHOT, lastRequest: omNode-1->omNode-2#0-t6,notify:(t:6, i:59)
2022-10-04 13:26:29,225 [grpc-default-executor-3] INFO  server.GrpcLogAppender (GrpcLogAppender.java:onNext(403)) - omNode-1@group-523986131536->omNode-2-InstallSnapshotResponseHandler: received a reply omNode-1<-omNode-2#0:FAIL-t6,IN_PROGRESS
2022-10-04 13:26:29,225 [grpc-default-executor-3] INFO  server.GrpcLogAppender (GrpcLogAppender.java:onNext(421)) - omNode-1@group-523986131536->omNode-2-InstallSnapshotResponseHandler: InstallSnapshot in progress.
2022-10-04 13:26:29,226 [omNode-1@group-523986131536->omNode-2-GrpcLogAppender-LogAppenderDaemon] INFO  server.GrpcLogAppender (GrpcLogAppender.java:installSnapshot(541)) - omNode-1@group-523986131536->omNode-2-GrpcLogAppender: followerNextIndex = 57 but logStartIndex = 59, notify follower to install snapshot-(t:6, i:59)
2022-10-04 13:26:29,226 [omNode-1@group-523986131536->omNode-2-GrpcLogAppender-LogAppenderDaemon] INFO  server.GrpcLogAppender (GrpcLogAppender.java:installSnapshot(549)) - omNode-1@group-523986131536->omNode-2-GrpcLogAppender: send omNode-1->omNode-2#0-t6,notify:(t:6, i:59)
2022-10-04 13:26:29,227 [omNode-2-server-thread1] INFO  server.RaftServer$Division (RaftServerImpl.java:checkInconsistentAppendEntries(1402)) - omNode-2@group-523986131536: Failed appendEntries as snapshot (59) installation is in progress
2022-10-04 13:26:29,227 [omNode-2-server-thread1] INFO  server.RaftServer$Division (RaftServerImpl.java:checkInconsistentAppendEntries(1394)) - omNode-2@group-523986131536: inconsistency entries. Reply:omNode-1<-omNode-2#380:FAIL-t6,INCONSISTENCY,nextIndex=57,followerCommit=56
2022-10-04 13:26:29,232 [grpc-default-executor-3] INFO  impl.SnapshotInstallationHandler (SnapshotInstallationHandler.java:installSnapshot(84)) - omNode-2@group-523986131536: receive installSnapshot: omNode-1->omNode-2#0-t6,notify:(t:6, i:59)
2022-10-04 13:26:29,233 [grpc-default-executor-3] INFO  impl.SnapshotInstallationHandler (SnapshotInstallationHandler.java:installSnapshot(95)) - omNode-2@group-523986131536: reply installSnapshot: omNode-1<-omNode-2#0:FAIL-t6,IN_PROGRESS
2022-10-04 13:26:29,233 [grpc-default-executor-3] INFO  server.GrpcServerProtocolService (GrpcServerProtocolService.java:onCompleted(140)) - omNode-2: Completed INSTALL_SNAPSHOT, lastRequest: omNode-1->omNode-2#0-t6,notify:(t:6, i:59)
2022-10-04 13:26:29,233 [grpc-default-executor-1] INFO  server.GrpcLogAppender (GrpcLogAppender.java:onNext(403)) - omNode-1@group-523986131536->omNode-2-InstallSnapshotResponseHandler: received a reply omNode-1<-omNode-2#0:FAIL-t6,IN_PROGRESS
2022-10-04 13:26:29,233 [grpc-default-executor-1] INFO  server.GrpcLogAppender (GrpcLogAppender.java:onNext(421)) - omNode-1@group-523986131536->omNode-2-InstallSnapshotResponseHandler: InstallSnapshot in progress.
2022-10-04 13:26:29,234 [omNode-1@group-523986131536->omNode-2-GrpcLogAppender-LogAppenderDaemon] INFO  server.GrpcLogAppender (GrpcLogAppender.java:installSnapshot(541)) - omNode-1@group-523986131536->omNode-2-GrpcLogAppender: followerNextIndex = 57 but logStartIndex = 59, notify follower to install snapshot-(t:6, i:59)
2022-10-04 13:26:29,234 [omNode-1@group-523986131536->omNode-2-GrpcLogAppender-LogAppenderDaemon] INFO  server.GrpcLogAppender (GrpcLogAppender.java:installSnapshot(549)) - omNode-1@group-523986131536->omNode-2-GrpcLogAppender: send omNode-1->omNode-2#0-t6,notify:(t:6, i:59)
2022-10-04 13:26:29,235 [grpc-default-executor-1] INFO  leader.FollowerInfo (FollowerInfoImpl.java:lambda$new$0(48)) - omNode-1@group-523986131536->omNode-2: nextIndex: updateUnconditionally 57 -> 57
2022-10-04 13:26:29,236 [omNode-2-server-thread1] INFO  server.RaftServer$Division (RaftServerImpl.java:checkInconsistentAppendEntries(1402)) - omNode-2@group-523986131536: Failed appendEntries as snapshot (59) installation is in progress
2022-10-04 13:26:29,236 [omNode-2-server-thread1] INFO  server.RaftServer$Division (RaftServerImpl.java:checkInconsistentAppendEntries(1394)) - omNode-2@group-523986131536: inconsistency entries. Reply:omNode-1<-omNode-2#381:FAIL-t6,INCONSISTENCY,nextIndex=57,followerCommit=56
2022-10-04 13:26:29,240 [grpc-default-executor-1] INFO  leader.FollowerInfo (FollowerInfoImpl.java:lambda$new$0(48)) - omNode-1@group-523986131536->omNode-2: nextIndex: updateUnconditionally 57 -> 57
2022-10-04 13:26:29,234 [pool-366-thread-1] INFO  om.OzoneManager (OzoneManager.java:getDBCheckpointFromLeader(3842)) - Downloading checkpoint from leader OM omNode-1 and reloading state from the checkpoint.
2022-10-04 13:26:29,242 [grpc-default-executor-0] INFO  impl.SnapshotInstallationHandler (SnapshotInstallationHandler.java:installSnapshot(84)) - omNode-2@group-523986131536: receive installSnapshot: omNode-1->omNode-2#0-t6,notify:(t:6, i:59)
2022-10-04 13:26:29,242 [pool-366-thread-1] INFO  snapshot.OzoneManagerSnapshotProvider (OzoneManagerSnapshotProvider.java:getOzoneManagerDBSnapshot(122)) - Downloading latest checkpoint from Leader OM omNode-1. Checkpoint URL: http://127.0.0.1:43603/dbCheckpoint?flushBeforeCheckpoint=true
2022-10-04 13:26:29,242 [grpc-default-executor-0] INFO  impl.SnapshotInstallationHandler (SnapshotInstallationHandler.java:installSnapshot(95)) - omNode-2@group-523986131536: reply installSnapshot: omNode-1<-omNode-2#0:FAIL-t6,IN_PROGRESS
2022-10-04 13:26:29,242 [grpc-default-executor-0] INFO  server.GrpcServerProtocolService (GrpcServerProtocolService.java:onCompleted(140)) - omNode-2: Completed INSTALL_SNAPSHOT, lastRequest: omNode-1->omNode-2#0-t6,notify:(t:6, i:59)
2022-10-04 13:26:29,243 [grpc-default-executor-0] INFO  server.GrpcLogAppender (GrpcLogAppender.java:onNext(403)) - omNode-1@group-523986131536->omNode-2-InstallSnapshotResponseHandler: received a reply omNode-1<-omNode-2#0:FAIL-t6,IN_PROGRESS
2022-10-04 13:26:29,243 [grpc-default-executor-0] INFO  server.GrpcLogAppender (GrpcLogAppender.java:onNext(421)) - omNode-1@group-523986131536->omNode-2-InstallSnapshotResponseHandler: InstallSnapshot in progress.
2022-10-04 13:26:29,244 [omNode-1@group-523986131536->omNode-2-GrpcLogAppender-LogAppenderDaemon] INFO  server.GrpcLogAppender (GrpcLogAppender.java:installSnapshot(541)) - omNode-1@group-523986131536->omNode-2-GrpcLogAppender: followerNextIndex = 57 but logStartIndex = 59, notify follower to install snapshot-(t:6, i:59)
2022-10-04 13:26:29,244 [omNode-1@group-523986131536->omNode-2-GrpcLogAppender-LogAppenderDaemon] INFO  server.GrpcLogAppender (GrpcLogAppender.java:installSnapshot(549)) - omNode-1@group-523986131536->omNode-2-GrpcLogAppender: send omNode-1->omNode-2#0-t6,notify:(t:6, i:59)
2022-10-04 13:26:29,244 [omNode-2-server-thread1] INFO  server.RaftServer$Division (RaftServerImpl.java:checkInconsistentAppendEntries(1402)) - omNode-2@group-523986131536: Failed appendEntries as snapshot (59) installation is in progress
2022-10-04 13:26:29,244 [omNode-2-server-thread1] INFO  server.RaftServer$Division (RaftServerImpl.java:checkInconsistentAppendEntries(1394)) - omNode-2@group-523986131536: inconsistency entries. Reply:omNode-1<-omNode-2#382:FAIL-t6,INCONSISTENCY,nextIndex=57,followerCommit=56
2022-10-04 13:26:29,245 [grpc-default-executor-0] INFO  leader.FollowerInfo (FollowerInfoImpl.java:lambda$new$0(48)) - omNode-1@group-523986131536->omNode-2: nextIndex: updateUnconditionally 57 -> 57
2022-10-04 13:26:29,253 [grpc-default-executor-0] INFO  impl.SnapshotInstallationHandler (SnapshotInstallationHandler.java:installSnapshot(84)) - omNode-2@group-523986131536: receive installSnapshot: omNode-1->omNode-2#0-t6,notify:(t:6, i:59)
2022-10-04 13:26:29,253 [grpc-default-executor-0] INFO  impl.SnapshotInstallationHandler (SnapshotInstallationHandler.java:installSnapshot(95)) - omNode-2@group-523986131536: reply installSnapshot: omNode-1<-omNode-2#0:FAIL-t6,IN_PROGRESS
2022-10-04 13:26:29,253 [grpc-default-executor-0] INFO  server.GrpcServerProtocolService (GrpcServerProtocolService.java:onCompleted(140)) - omNode-2: Completed INSTALL_SNAPSHOT, lastRequest: omNode-1->omNode-2#0-t6,notify:(t:6, i:59)
2022-10-04 13:26:29,255 [grpc-default-executor-1] INFO  server.GrpcLogAppender (GrpcLogAppender.java:onNext(403)) - omNode-1@group-523986131536->omNode-2-InstallSnapshotResponseHandler: received a reply omNode-1<-omNode-2#0:FAIL-t6,IN_PROGRESS
2022-10-04 13:26:29,255 [grpc-default-executor-1] INFO  server.GrpcLogAppender (GrpcLogAppender.java:onNext(421)) - omNode-1@group-523986131536->omNode-2-InstallSnapshotResponseHandler: InstallSnapshot in progress.
2022-10-04 13:26:29,260 [omNode-1@group-523986131536->omNode-2-GrpcLogAppender-LogAppenderDaemon] INFO  server.GrpcLogAppender (GrpcLogAppender.java:installSnapshot(541)) - omNode-1@group-523986131536->omNode-2-GrpcLogAppender: followerNextIndex = 57 but logStartIndex = 59, notify follower to install snapshot-(t:6, i:59)
2022-10-04 13:26:29,260 [omNode-1@group-523986131536->omNode-2-GrpcLogAppender-LogAppenderDaemon] INFO  server.GrpcLogAppender (GrpcLogAppender.java:installSnapshot(549)) - omNode-1@group-523986131536->omNode-2-GrpcLogAppender: send omNode-1->omNode-2#0-t6,notify:(t:6, i:59)
2022-10-04 13:26:29,261 [omNode-2-server-thread1] INFO  server.RaftServer$Division (RaftServerImpl.java:checkInconsistentAppendEntries(1402)) - omNode-2@group-523986131536: Failed appendEntries as snapshot (59) installation is in progress
2022-10-04 13:26:29,261 [omNode-2-server-thread1] INFO  server.RaftServer$Division (RaftServerImpl.java:checkInconsistentAppendEntries(1394)) - omNode-2@group-523986131536: inconsistency entries. Reply:omNode-1<-omNode-2#383:FAIL-t6,INCONSISTENCY,nextIndex=57,followerCommit=56
2022-10-04 13:26:29,261 [grpc-default-executor-0] INFO  leader.FollowerInfo (FollowerInfoImpl.java:lambda$new$0(48)) - omNode-1@group-523986131536->omNode-2: nextIndex: updateUnconditionally 57 -> 57
2022-10-04 13:26:29,264 [grpc-default-executor-3] INFO  impl.SnapshotInstallationHandler (SnapshotInstallationHandler.java:installSnapshot(84)) - omNode-2@group-523986131536: receive installSnapshot: omNode-1->omNode-2#0-t6,notify:(t:6, i:59)
2022-10-04 13:26:29,264 [grpc-default-executor-3] INFO  impl.SnapshotInstallationHandler (SnapshotInstallationHandler.java:installSnapshot(95)) - omNode-2@group-523986131536: reply installSnapshot: omNode-1<-omNode-2#0:FAIL-t6,IN_PROGRESS
2022-10-04 13:26:29,264 [grpc-default-executor-3] INFO  server.GrpcServerProtocolService (GrpcServerProtocolService.java:onCompleted(140)) - omNode-2: Completed INSTALL_SNAPSHOT, lastRequest: omNode-1->omNode-2#0-t6,notify:(t:6, i:59)
2022-10-04 13:26:29,265 [grpc-default-executor-3] INFO  server.GrpcLogAppender (GrpcLogAppender.java:onNext(403)) - omNode-1@group-523986131536->omNode-2-InstallSnapshotResponseHandler: received a reply omNode-1<-omNode-2#0:FAIL-t6,IN_PROGRESS
2022-10-04 13:26:29,266 [grpc-default-executor-3] INFO  server.GrpcLogAppender (GrpcLogAppender.java:onNext(421)) - omNode-1@group-523986131536->omNode-2-InstallSnapshotResponseHandler: InstallSnapshot in progress.
2022-10-04 13:26:29,266 [omNode-1@group-523986131536->omNode-2-GrpcLogAppender-LogAppenderDaemon] INFO  server.GrpcLogAppender (GrpcLogAppender.java:installSnapshot(541)) - omNode-1@group-523986131536->omNode-2-GrpcLogAppender: followerNextIndex = 57 but logStartIndex = 59, notify follower to install snapshot-(t:6, i:59)
2022-10-04 13:26:29,266 [omNode-1@group-523986131536->omNode-2-GrpcLogAppender-LogAppenderDaemon] INFO  server.GrpcLogAppender (GrpcLogAppender.java:installSnapshot(549)) - omNode-1@group-523986131536->omNode-2-GrpcLogAppender: send omNode-1->omNode-2#0-t6,notify:(t:6, i:59)
2022-10-04 13:26:29,267 [omNode-2-server-thread1] INFO  server.RaftServer$Division (RaftServerImpl.java:checkInconsistentAppendEntries(1402)) - omNode-2@group-523986131536: Failed appendEntries as snapshot (59) installation is in progress
2022-10-04 13:26:29,267 [omNode-2-server-thread1] INFO  server.RaftServer$Division (RaftServerImpl.java:checkInconsistentAppendEntries(1394)) - omNode-2@group-523986131536: inconsistency entries. Reply:omNode-1<-omNode-2#384:FAIL-t6,INCONSISTENCY,nextIndex=57,followerCommit=56
2022-10-04 13:26:29,268 [grpc-default-executor-0] INFO  leader.FollowerInfo (FollowerInfoImpl.java:lambda$new$0(48)) - omNode-1@group-523986131536->omNode-2: nextIndex: updateUnconditionally 57 -> 57
2022-10-04 13:26:29,273 [grpc-default-executor-1] INFO  impl.SnapshotInstallationHandler (SnapshotInstallationHandler.java:installSnapshot(84)) - omNode-2@group-523986131536: receive installSnapshot: omNode-1->omNode-2#0-t6,notify:(t:6, i:59)
2022-10-04 13:26:29,273 [grpc-default-executor-1] INFO  impl.SnapshotInstallationHandler (SnapshotInstallationHandler.java:installSnapshot(95)) - omNode-2@group-523986131536: reply installSnapshot: omNode-1<-omNode-2#0:FAIL-t6,IN_PROGRESS
2022-10-04 13:26:29,273 [grpc-default-executor-1] INFO  server.GrpcServerProtocolService (GrpcServerProtocolService.java:onCompleted(140)) - omNode-2: Completed INSTALL_SNAPSHOT, lastRequest: omNode-1->omNode-2#0-t6,notify:(t:6, i:59)
2022-10-04 13:26:29,274 [grpc-default-executor-1] INFO  server.GrpcLogAppender (GrpcLogAppender.java:onNext(403)) - omNode-1@group-523986131536->omNode-2-InstallSnapshotResponseHandler: received a reply omNode-1<-omNode-2#0:FAIL-t6,IN_PROGRESS
2022-10-04 13:26:29,274 [grpc-default-executor-1] INFO  server.GrpcLogAppender (GrpcLogAppender.java:onNext(421)) - omNode-1@group-523986131536->omNode-2-InstallSnapshotResponseHandler: InstallSnapshot in progress.
2022-10-04 13:26:29,274 [omNode-1@group-523986131536->omNode-2-GrpcLogAppender-LogAppenderDaemon] INFO  server.GrpcLogAppender (GrpcLogAppender.java:installSnapshot(541)) - omNode-1@group-523986131536->omNode-2-GrpcLogAppender: followerNextIndex = 57 but logStartIndex = 59, notify follower to install snapshot-(t:6, i:59)
2022-10-04 13:26:29,277 [omNode-2-server-thread1] INFO  server.RaftServer$Division (RaftServerImpl.java:checkInconsistentAppendEntries(1402)) - omNode-2@group-523986131536: Failed appendEntries as snapshot (59) installation is in progress
2022-10-04 13:26:29,277 [omNode-2-server-thread1] INFO  server.RaftServer$Division (RaftServerImpl.java:checkInconsistentAppendEntries(1394)) - omNode-2@group-523986131536: inconsistency entries. Reply:omNode-1<-omNode-2#385:FAIL-t6,INCONSISTENCY,nextIndex=57,followerCommit=56
2022-10-04 13:26:29,278 [grpc-default-executor-0] INFO  leader.FollowerInfo (FollowerInfoImpl.java:lambda$new$0(48)) - omNode-1@group-523986131536->omNode-2: nextIndex: updateUnconditionally 57 -> 57
2022-10-04 13:26:29,283 [omNode-1@group-523986131536->omNode-2-GrpcLogAppender-LogAppenderDaemon] INFO  server.GrpcLogAppender (GrpcLogAppender.java:installSnapshot(549)) - omNode-1@group-523986131536->omNode-2-GrpcLogAppender: send omNode-1->omNode-2#0-t6,notify:(t:6, i:59)
2022-10-04 13:26:29,296 [grpc-default-executor-0] INFO  impl.SnapshotInstallationHandler (SnapshotInstallationHandler.java:installSnapshot(84)) - omNode-2@group-523986131536: receive installSnapshot: omNode-1->omNode-2#0-t6,notify:(t:6, i:59)
2022-10-04 13:26:29,296 [grpc-default-executor-0] INFO  impl.SnapshotInstallationHandler (SnapshotInstallationHandler.java:installSnapshot(95)) - omNode-2@group-523986131536: reply installSnapshot: omNode-1<-omNode-2#0:FAIL-t6,IN_PROGRESS
2022-10-04 13:26:29,296 [grpc-default-executor-0] INFO  server.GrpcServerProtocolService (GrpcServerProtocolService.java:onCompleted(140)) - omNode-2: Completed INSTALL_SNAPSHOT, lastRequest: omNode-1->omNode-2#0-t6,notify:(t:6, i:59)
2022-10-04 13:26:29,299 [grpc-default-executor-1] INFO  server.GrpcLogAppender (GrpcLogAppender.java:onNext(403)) - omNode-1@group-523986131536->omNode-2-InstallSnapshotResponseHandler: received a reply omNode-1<-omNode-2#0:FAIL-t6,IN_PROGRESS
2022-10-04 13:26:29,299 [grpc-default-executor-1] INFO  server.GrpcLogAppender (GrpcLogAppender.java:onNext(421)) - omNode-1@group-523986131536->omNode-2-InstallSnapshotResponseHandler: InstallSnapshot in progress.
2022-10-04 13:26:29,300 [omNode-1@group-523986131536->omNode-2-GrpcLogAppender-LogAppenderDaemon] INFO  server.GrpcLogAppender (GrpcLogAppender.java:installSnapshot(541)) - omNode-1@group-523986131536->omNode-2-GrpcLogAppender: followerNextIndex = 57 but logStartIndex = 59, notify follower to install snapshot-(t:6, i:59)
2022-10-04 13:26:29,300 [omNode-1@group-523986131536->omNode-2-GrpcLogAppender-LogAppenderDaemon] INFO  server.GrpcLogAppender (GrpcLogAppender.java:installSnapshot(549)) - omNode-1@group-523986131536->omNode-2-GrpcLogAppender: send omNode-1->omNode-2#0-t6,notify:(t:6, i:59)
2022-10-04 13:26:29,302 [omNode-2-server-thread1] INFO  server.RaftServer$Division (RaftServerImpl.java:checkInconsistentAppendEntries(1402)) - omNode-2@group-523986131536: Failed appendEntries as snapshot (59) installation is in progress
2022-10-04 13:26:29,303 [omNode-2-server-thread1] INFO  server.RaftServer$Division (RaftServerImpl.java:checkInconsistentAppendEntries(1394)) - omNode-2@group-523986131536: inconsistency entries. Reply:omNode-1<-omNode-2#386:FAIL-t6,INCONSISTENCY,nextIndex=57,followerCommit=56
2022-10-04 13:26:29,303 [grpc-default-executor-0] INFO  leader.FollowerInfo (FollowerInfoImpl.java:lambda$new$0(48)) - omNode-1@group-523986131536->omNode-2: nextIndex: updateUnconditionally 57 -> 57
2022-10-04 13:26:29,306 [grpc-default-executor-1] INFO  impl.SnapshotInstallationHandler (SnapshotInstallationHandler.java:installSnapshot(84)) - omNode-2@group-523986131536: receive installSnapshot: omNode-1->omNode-2#0-t6,notify:(t:6, i:59)
2022-10-04 13:26:29,307 [grpc-default-executor-1] INFO  impl.SnapshotInstallationHandler (SnapshotInstallationHandler.java:installSnapshot(95)) - omNode-2@group-523986131536: reply installSnapshot: omNode-1<-omNode-2#0:FAIL-t6,IN_PROGRESS
2022-10-04 13:26:29,307 [grpc-default-executor-1] INFO  server.GrpcServerProtocolService (GrpcServerProtocolService.java:onCompleted(140)) - omNode-2: Completed INSTALL_SNAPSHOT, lastRequest: omNode-1->omNode-2#0-t6,notify:(t:6, i:59)
2022-10-04 13:26:29,308 [grpc-default-executor-1] INFO  server.GrpcLogAppender (GrpcLogAppender.java:onNext(403)) - omNode-1@group-523986131536->omNode-2-InstallSnapshotResponseHandler: received a reply omNode-1<-omNode-2#0:FAIL-t6,IN_PROGRESS
2022-10-04 13:26:29,308 [grpc-default-executor-1] INFO  server.GrpcLogAppender (GrpcLogAppender.java:onNext(421)) - omNode-1@group-523986131536->omNode-2-InstallSnapshotResponseHandler: InstallSnapshot in progress.
2022-10-04 13:26:29,308 [omNode-1@group-523986131536->omNode-2-GrpcLogAppender-LogAppenderDaemon] INFO  server.GrpcLogAppender (GrpcLogAppender.java:installSnapshot(541)) - omNode-1@group-523986131536->omNode-2-GrpcLogAppender: followerNextIndex = 57 but logStartIndex = 59, notify follower to install snapshot-(t:6, i:59)
2022-10-04 13:26:29,309 [omNode-1@group-523986131536->omNode-2-GrpcLogAppender-LogAppenderDaemon] INFO  server.GrpcLogAppender (GrpcLogAppender.java:installSnapshot(549)) - omNode-1@group-523986131536->omNode-2-GrpcLogAppender: send omNode-1->omNode-2#0-t6,notify:(t:6, i:59)
2022-10-04 13:26:29,309 [omNode-2-server-thread1] INFO  server.RaftServer$Division (RaftServerImpl.java:checkInconsistentAppendEntries(1402)) - omNode-2@group-523986131536: Failed appendEntries as snapshot (59) installation is in progress
2022-10-04 13:26:29,309 [omNode-2-server-thread1] INFO  server.RaftServer$Division (RaftServerImpl.java:checkInconsistentAppendEntries(1394)) - omNode-2@group-523986131536: inconsistency entries. Reply:omNode-1<-omNode-2#387:FAIL-t6,INCONSISTENCY,nextIndex=57,followerCommit=56
2022-10-04 13:26:29,311 [grpc-default-executor-1] INFO  impl.SnapshotInstallationHandler (SnapshotInstallationHandler.java:installSnapshot(84)) - omNode-2@group-523986131536: receive installSnapshot: omNode-1->omNode-2#0-t6,notify:(t:6, i:59)
2022-10-04 13:26:29,311 [grpc-default-executor-1] INFO  impl.SnapshotInstallationHandler (SnapshotInstallationHandler.java:installSnapshot(95)) - omNode-2@group-523986131536: reply installSnapshot: omNode-1<-omNode-2#0:FAIL-t6,IN_PROGRESS
13:26:29.313 [OM StateMachine ApplyTransaction Thread - 0] ERROR OMAudit - user=runner | ip=127.0.0.1 | op=CREATE_FILE {volume=volume96497, bucket=d7ec6173-00f8-4848-8af0-62a10ea78f4b, key=folder/folder2, dataSize=23, replicationType=RATIS, replicationFactor=ONE} | ret=FAILURE
org.apache.hadoop.ozone.om.exceptions.OMException: Can not write to directory: folder/folder2
	at org.apache.hadoop.ozone.om.request.file.OMFileCreateRequest.checkDirectoryResult(OMFileCreateRequest.java:364) ~[ozone-manager-1.3.0-SNAPSHOT.jar:?]
	at org.apache.hadoop.ozone.om.request.file.OMFileCreateRequest.validateAndUpdateCache(OMFileCreateRequest.java:240) ~[ozone-manager-1.3.0-SNAPSHOT.jar:?]
	at org.apache.hadoop.ozone.protocolPB.OzoneManagerRequestHandler.handleWriteRequest(OzoneManagerRequestHandler.java:304) ~[ozone-manager-1.3.0-SNAPSHOT.jar:?]
	at org.apache.hadoop.ozone.om.ratis.OzoneManagerStateMachine.runCommand(OzoneManagerStateMachine.java:529) ~[ozone-manager-1.3.0-SNAPSHOT.jar:?]
	at org.apache.hadoop.ozone.om.ratis.OzoneManagerStateMachine.lambda$1(OzoneManagerStateMachine.java:324) ~[ozone-manager-1.3.0-SNAPSHOT.jar:?]
	at java.util.concurrent.CompletableFuture$AsyncSupply.run(CompletableFuture.java:1604) [?:1.8.0_345]
	at java.util.concurrent.ThreadPoolExecutor.runWorker(ThreadPoolExecutor.java:1149) [?:1.8.0_345]
	at java.util.concurrent.ThreadPoolExecutor$Worker.run(ThreadPoolExecutor.java:624) [?:1.8.0_345]
	at java.lang.Thread.run(Thread.java:750) [?:1.8.0_345]
2022-10-04 13:26:29,313 [OM StateMachine ApplyTransaction Thread - 0] ERROR file.OMFileCreateRequest (OMFileCreateRequest.java:validateAndUpdateCache(337)) - File create failed. Volume:volume96497, Bucket:d7ec6173-00f8-4848-8af0-62a10ea78f4b, Keyfolder/folder2.
NOT_A_FILE org.apache.hadoop.ozone.om.exceptions.OMException: Can not write to directory: folder/folder2
	at org.apache.hadoop.ozone.om.request.file.OMFileCreateRequest.checkDirectoryResult(OMFileCreateRequest.java:364)
	at org.apache.hadoop.ozone.om.request.file.OMFileCreateRequest.validateAndUpdateCache(OMFileCreateRequest.java:240)
	at org.apache.hadoop.ozone.protocolPB.OzoneManagerRequestHandler.handleWriteRequest(OzoneManagerRequestHandler.java:304)
	at org.apache.hadoop.ozone.om.ratis.OzoneManagerStateMachine.runCommand(OzoneManagerStateMachine.java:529)
	at org.apache.hadoop.ozone.om.ratis.OzoneManagerStateMachine.lambda$1(OzoneManagerStateMachine.java:324)
	at java.util.concurrent.CompletableFuture$AsyncSupply.run(CompletableFuture.java:1604)
	at java.util.concurrent.ThreadPoolExecutor.runWorker(ThreadPoolExecutor.java:1149)
	at java.util.concurrent.ThreadPoolExecutor$Worker.run(ThreadPoolExecutor.java:624)
	at java.lang.Thread.run(Thread.java:750)
2022-10-04 13:26:29,315 [grpc-default-executor-0] INFO  server.GrpcServerProtocolService (GrpcServerProtocolService.java:onCompleted(140)) - omNode-2: Completed INSTALL_SNAPSHOT, lastRequest: omNode-1->omNode-2#0-t6,notify:(t:6, i:59)
2022-10-04 13:26:29,315 [grpc-default-executor-1] INFO  leader.FollowerInfo (FollowerInfoImpl.java:lambda$new$0(48)) - omNode-1@group-523986131536->omNode-2: nextIndex: updateUnconditionally 57 -> 57
2022-10-04 13:26:29,316 [grpc-default-executor-0] INFO  server.GrpcLogAppender (GrpcLogAppender.java:onNext(403)) - omNode-1@group-523986131536->omNode-2-InstallSnapshotResponseHandler: received a reply omNode-1<-omNode-2#0:FAIL-t6,IN_PROGRESS
2022-10-04 13:26:29,316 [grpc-default-executor-0] INFO  server.GrpcLogAppender (GrpcLogAppender.java:onNext(421)) - omNode-1@group-523986131536->omNode-2-InstallSnapshotResponseHandler: InstallSnapshot in progress.
2022-10-04 13:26:29,317 [omNode-1@group-523986131536->omNode-2-GrpcLogAppender-LogAppenderDaemon] INFO  server.GrpcLogAppender (GrpcLogAppender.java:installSnapshot(541)) - omNode-1@group-523986131536->omNode-2-GrpcLogAppender: followerNextIndex = 57 but logStartIndex = 59, notify follower to install snapshot-(t:6, i:59)
2022-10-04 13:26:29,317 [omNode-1@group-523986131536->omNode-2-GrpcLogAppender-LogAppenderDaemon] INFO  server.GrpcLogAppender (GrpcLogAppender.java:installSnapshot(549)) - omNode-1@group-523986131536->omNode-2-GrpcLogAppender: send omNode-1->omNode-2#0-t6,notify:(t:6, i:59)
2022-10-04 13:26:29,318 [omNode-2-server-thread1] INFO  server.RaftServer$Division (RaftServerImpl.java:checkInconsistentAppendEntries(1402)) - omNode-2@group-523986131536: Failed appendEntries as snapshot (59) installation is in progress
2022-10-04 13:26:29,318 [omNode-2-server-thread1] INFO  server.RaftServer$Division (RaftServerImpl.java:checkInconsistentAppendEntries(1394)) - omNode-2@group-523986131536: inconsistency entries. Reply:omNode-1<-omNode-2#388:FAIL-t6,INCONSISTENCY,nextIndex=57,followerCommit=56
2022-10-04 13:26:29,319 [grpc-default-executor-1] INFO  leader.FollowerInfo (FollowerInfoImpl.java:lambda$new$0(48)) - omNode-1@group-523986131536->omNode-2: nextIndex: updateUnconditionally 57 -> 57
2022-10-04 13:26:29,334 [grpc-default-executor-0] INFO  impl.SnapshotInstallationHandler (SnapshotInstallationHandler.java:installSnapshot(84)) - omNode-2@group-523986131536: receive installSnapshot: omNode-1->omNode-2#0-t6,notify:(t:6, i:59)
2022-10-04 13:26:29,334 [grpc-default-executor-0] INFO  impl.SnapshotInstallationHandler (SnapshotInstallationHandler.java:installSnapshot(95)) - omNode-2@group-523986131536: reply installSnapshot: omNode-1<-omNode-2#0:FAIL-t6,IN_PROGRESS
2022-10-04 13:26:29,334 [grpc-default-executor-0] INFO  server.GrpcServerProtocolService (GrpcServerProtocolService.java:onCompleted(140)) - omNode-2: Completed INSTALL_SNAPSHOT, lastRequest: omNode-1->omNode-2#0-t6,notify:(t:6, i:59)
2022-10-04 13:26:29,335 [grpc-default-executor-1] INFO  server.GrpcLogAppender (GrpcLogAppender.java:onNext(403)) - omNode-1@group-523986131536->omNode-2-InstallSnapshotResponseHandler: received a reply omNode-1<-omNode-2#0:FAIL-t6,IN_PROGRESS
2022-10-04 13:26:29,335 [grpc-default-executor-1] INFO  server.GrpcLogAppender (GrpcLogAppender.java:onNext(421)) - omNode-1@group-523986131536->omNode-2-InstallSnapshotResponseHandler: InstallSnapshot in progress.
2022-10-04 13:26:29,336 [omNode-1@group-523986131536->omNode-2-GrpcLogAppender-LogAppenderDaemon] INFO  server.GrpcLogAppender (GrpcLogAppender.java:installSnapshot(541)) - omNode-1@group-523986131536->omNode-2-GrpcLogAppender: followerNextIndex = 57 but logStartIndex = 59, notify follower to install snapshot-(t:6, i:59)
2022-10-04 13:26:29,336 [omNode-1@group-523986131536->omNode-2-GrpcLogAppender-LogAppenderDaemon] INFO  server.GrpcLogAppender (GrpcLogAppender.java:installSnapshot(549)) - omNode-1@group-523986131536->omNode-2-GrpcLogAppender: send omNode-1->omNode-2#0-t6,notify:(t:6, i:59)
13:26:29.337 [OM StateMachine ApplyTransaction Thread - 0] ERROR OMAudit - user=runner | ip=127.0.0.1 | op=CREATE_FILE {volume=volume96497, bucket=d7ec6173-00f8-4848-8af0-62a10ea78f4b, key=folder/folder2, dataSize=23, replicationType=RATIS, replicationFactor=ONE} | ret=FAILURE
org.apache.hadoop.ozone.om.exceptions.OMException: Can not write to directory: folder/folder2
	at org.apache.hadoop.ozone.om.request.file.OMFileCreateRequest.checkDirectoryResult(OMFileCreateRequest.java:364) ~[ozone-manager-1.3.0-SNAPSHOT.jar:?]
	at org.apache.hadoop.ozone.om.request.file.OMFileCreateRequest.validateAndUpdateCache(OMFileCreateRequest.java:240) ~[ozone-manager-1.3.0-SNAPSHOT.jar:?]
	at org.apache.hadoop.ozone.protocolPB.OzoneManagerRequestHandler.handleWriteRequest(OzoneManagerRequestHandler.java:304) ~[ozone-manager-1.3.0-SNAPSHOT.jar:?]
	at org.apache.hadoop.ozone.om.ratis.OzoneManagerStateMachine.runCommand(OzoneManagerStateMachine.java:529) ~[ozone-manager-1.3.0-SNAPSHOT.jar:?]
	at org.apache.hadoop.ozone.om.ratis.OzoneManagerStateMachine.lambda$1(OzoneManagerStateMachine.java:324) ~[ozone-manager-1.3.0-SNAPSHOT.jar:?]
	at java.util.concurrent.CompletableFuture$AsyncSupply.run(CompletableFuture.java:1604) [?:1.8.0_345]
	at java.util.concurrent.ThreadPoolExecutor.runWorker(ThreadPoolExecutor.java:1149) [?:1.8.0_345]
	at java.util.concurrent.ThreadPoolExecutor$Worker.run(ThreadPoolExecutor.java:624) [?:1.8.0_345]
	at java.lang.Thread.run(Thread.java:750) [?:1.8.0_345]
2022-10-04 13:26:29,337 [OM StateMachine ApplyTransaction Thread - 0] ERROR file.OMFileCreateRequest (OMFileCreateRequest.java:validateAndUpdateCache(337)) - File create failed. Volume:volume96497, Bucket:d7ec6173-00f8-4848-8af0-62a10ea78f4b, Keyfolder/folder2.
NOT_A_FILE org.apache.hadoop.ozone.om.exceptions.OMException: Can not write to directory: folder/folder2
	at org.apache.hadoop.ozone.om.request.file.OMFileCreateRequest.checkDirectoryResult(OMFileCreateRequest.java:364)
	at org.apache.hadoop.ozone.om.request.file.OMFileCreateRequest.validateAndUpdateCache(OMFileCreateRequest.java:240)
	at org.apache.hadoop.ozone.protocolPB.OzoneManagerRequestHandler.handleWriteRequest(OzoneManagerRequestHandler.java:304)
	at org.apache.hadoop.ozone.om.ratis.OzoneManagerStateMachine.runCommand(OzoneManagerStateMachine.java:529)
	at org.apache.hadoop.ozone.om.ratis.OzoneManagerStateMachine.lambda$1(OzoneManagerStateMachine.java:324)
	at java.util.concurrent.CompletableFuture$AsyncSupply.run(CompletableFuture.java:1604)
	at java.util.concurrent.ThreadPoolExecutor.runWorker(ThreadPoolExecutor.java:1149)
	at java.util.concurrent.ThreadPoolExecutor$Worker.run(ThreadPoolExecutor.java:624)
	at java.lang.Thread.run(Thread.java:750)
2022-10-04 13:26:29,339 [omNode-2-server-thread1] INFO  server.RaftServer$Division (RaftServerImpl.java:checkInconsistentAppendEntries(1402)) - omNode-2@group-523986131536: Failed appendEntries as snapshot (59) installation is in progress
2022-10-04 13:26:29,339 [omNode-2-server-thread1] INFO  server.RaftServer$Division (RaftServerImpl.java:checkInconsistentAppendEntries(1394)) - omNode-2@group-523986131536: inconsistency entries. Reply:omNode-1<-omNode-2#389:FAIL-t6,INCONSISTENCY,nextIndex=57,followerCommit=56
2022-10-04 13:26:29,340 [grpc-default-executor-0] INFO  leader.FollowerInfo (FollowerInfoImpl.java:lambda$new$0(48)) - omNode-1@group-523986131536->omNode-2: nextIndex: updateUnconditionally 57 -> 57
2022-10-04 13:26:29,347 [grpc-default-executor-1] INFO  impl.SnapshotInstallationHandler (SnapshotInstallationHandler.java:installSnapshot(84)) - omNode-2@group-523986131536: receive installSnapshot: omNode-1->omNode-2#0-t6,notify:(t:6, i:59)
2022-10-04 13:26:29,347 [grpc-default-executor-1] INFO  impl.SnapshotInstallationHandler (SnapshotInstallationHandler.java:installSnapshot(95)) - omNode-2@group-523986131536: reply installSnapshot: omNode-1<-omNode-2#0:FAIL-t6,IN_PROGRESS
2022-10-04 13:26:29,347 [grpc-default-executor-1] INFO  server.GrpcServerProtocolService (GrpcServerProtocolService.java:onCompleted(140)) - omNode-2: Completed INSTALL_SNAPSHOT, lastRequest: omNode-1->omNode-2#0-t6,notify:(t:6, i:59)
2022-10-04 13:26:29,348 [grpc-default-executor-0] INFO  server.GrpcLogAppender (GrpcLogAppender.java:onNext(403)) - omNode-1@group-523986131536->omNode-2-InstallSnapshotResponseHandler: received a reply omNode-1<-omNode-2#0:FAIL-t6,IN_PROGRESS
2022-10-04 13:26:29,348 [grpc-default-executor-0] INFO  server.GrpcLogAppender (GrpcLogAppender.java:onNext(421)) - omNode-1@group-523986131536->omNode-2-InstallSnapshotResponseHandler: InstallSnapshot in progress.
2022-10-04 13:26:29,348 [omNode-1@group-523986131536->omNode-2-GrpcLogAppender-LogAppenderDaemon] INFO  server.GrpcLogAppender (GrpcLogAppender.java:installSnapshot(541)) - omNode-1@group-523986131536->omNode-2-GrpcLogAppender: followerNextIndex = 57 but logStartIndex = 59, notify follower to install snapshot-(t:6, i:59)
2022-10-04 13:26:29,349 [omNode-1@group-523986131536->omNode-2-GrpcLogAppender-LogAppenderDaemon] INFO  server.GrpcLogAppender (GrpcLogAppender.java:installSnapshot(549)) - omNode-1@group-523986131536->omNode-2-GrpcLogAppender: send omNode-1->omNode-2#0-t6,notify:(t:6, i:59)
2022-10-04 13:26:29,350 [omNode-2-server-thread1] INFO  server.RaftServer$Division (RaftServerImpl.java:checkInconsistentAppendEntries(1402)) - omNode-2@group-523986131536: Failed appendEntries as snapshot (59) installation is in progress
2022-10-04 13:26:29,350 [omNode-2-server-thread1] INFO  server.RaftServer$Division (RaftServerImpl.java:checkInconsistentAppendEntries(1394)) - omNode-2@group-523986131536: inconsistency entries. Reply:omNode-1<-omNode-2#390:FAIL-t6,INCONSISTENCY,nextIndex=57,followerCommit=56
2022-10-04 13:26:29,351 [grpc-default-executor-1] INFO  leader.FollowerInfo (FollowerInfoImpl.java:lambda$new$0(48)) - omNode-1@group-523986131536->omNode-2: nextIndex: updateUnconditionally 57 -> 57
2022-10-04 13:26:29,356 [grpc-default-executor-0] INFO  impl.SnapshotInstallationHandler (SnapshotInstallationHandler.java:installSnapshot(84)) - omNode-2@group-523986131536: receive installSnapshot: omNode-1->omNode-2#0-t6,notify:(t:6, i:59)
2022-10-04 13:26:29,356 [grpc-default-executor-0] INFO  impl.SnapshotInstallationHandler (SnapshotInstallationHandler.java:installSnapshot(95)) - omNode-2@group-523986131536: reply installSnapshot: omNode-1<-omNode-2#0:FAIL-t6,IN_PROGRESS
2022-10-04 13:26:29,356 [grpc-default-executor-0] INFO  server.GrpcServerProtocolService (GrpcServerProtocolService.java:onCompleted(140)) - omNode-2: Completed INSTALL_SNAPSHOT, lastRequest: omNode-1->omNode-2#0-t6,notify:(t:6, i:59)
2022-10-04 13:26:29,364 [Listener at localhost/45931] INFO  rpc.RpcClient (RpcClient.java:createVolume(471)) - Creating Volume: volume89536, with user71727 as owner and space quota set to -1 bytes, counts quota set to -1
2022-10-04 13:26:29,364 [grpc-default-executor-1] INFO  server.GrpcLogAppender (GrpcLogAppender.java:onNext(403)) - omNode-1@group-523986131536->omNode-2-InstallSnapshotResponseHandler: received a reply omNode-1<-omNode-2#0:FAIL-t6,IN_PROGRESS
2022-10-04 13:26:29,364 [grpc-default-executor-1] INFO  server.GrpcLogAppender (GrpcLogAppender.java:onNext(421)) - omNode-1@group-523986131536->omNode-2-InstallSnapshotResponseHandler: InstallSnapshot in progress.
2022-10-04 13:26:29,365 [omNode-1@group-523986131536->omNode-2-GrpcLogAppender-LogAppenderDaemon] INFO  server.GrpcLogAppender (GrpcLogAppender.java:installSnapshot(541)) - omNode-1@group-523986131536->omNode-2-GrpcLogAppender: followerNextIndex = 57 but logStartIndex = 59, notify follower to install snapshot-(t:6, i:59)
2022-10-04 13:26:29,365 [omNode-1@group-523986131536->omNode-2-GrpcLogAppender-LogAppenderDaemon] INFO  server.GrpcLogAppender (GrpcLogAppender.java:installSnapshot(549)) - omNode-1@group-523986131536->omNode-2-GrpcLogAppender: send omNode-1->omNode-2#0-t6,notify:(t:6, i:59)
2022-10-04 13:26:29,365 [omNode-2-server-thread1] INFO  server.RaftServer$Division (RaftServerImpl.java:checkInconsistentAppendEntries(1402)) - omNode-2@group-523986131536: Failed appendEntries as snapshot (59) installation is in progress
2022-10-04 13:26:29,365 [omNode-2-server-thread1] INFO  server.RaftServer$Division (RaftServerImpl.java:checkInconsistentAppendEntries(1394)) - omNode-2@group-523986131536: inconsistency entries. Reply:omNode-1<-omNode-2#391:FAIL-t6,INCONSISTENCY,nextIndex=57,followerCommit=56
2022-10-04 13:26:29,368 [grpc-default-executor-1] INFO  leader.FollowerInfo (FollowerInfoImpl.java:lambda$new$0(48)) - omNode-1@group-523986131536->omNode-2: nextIndex: updateUnconditionally 57 -> 57
2022-10-04 13:26:29,374 [grpc-default-executor-0] INFO  impl.SnapshotInstallationHandler (SnapshotInstallationHandler.java:installSnapshot(84)) - omNode-2@group-523986131536: receive installSnapshot: omNode-1->omNode-2#0-t6,notify:(t:6, i:59)
2022-10-04 13:26:29,374 [grpc-default-executor-0] INFO  impl.SnapshotInstallationHandler (SnapshotInstallationHandler.java:installSnapshot(95)) - omNode-2@group-523986131536: reply installSnapshot: omNode-1<-omNode-2#0:FAIL-t6,IN_PROGRESS
2022-10-04 13:26:29,374 [grpc-default-executor-0] INFO  server.GrpcServerProtocolService (GrpcServerProtocolService.java:onCompleted(140)) - omNode-2: Completed INSTALL_SNAPSHOT, lastRequest: omNode-1->omNode-2#0-t6,notify:(t:6, i:59)
2022-10-04 13:26:29,375 [grpc-default-executor-1] INFO  server.GrpcLogAppender (GrpcLogAppender.java:onNext(403)) - omNode-1@group-523986131536->omNode-2-InstallSnapshotResponseHandler: received a reply omNode-1<-omNode-2#0:FAIL-t6,IN_PROGRESS
2022-10-04 13:26:29,375 [grpc-default-executor-1] INFO  server.GrpcLogAppender (GrpcLogAppender.java:onNext(421)) - omNode-1@group-523986131536->omNode-2-InstallSnapshotResponseHandler: InstallSnapshot in progress.
2022-10-04 13:26:29,375 [omNode-1@group-523986131536->omNode-2-GrpcLogAppender-LogAppenderDaemon] INFO  server.GrpcLogAppender (GrpcLogAppender.java:installSnapshot(541)) - omNode-1@group-523986131536->omNode-2-GrpcLogAppender: followerNextIndex = 57 but logStartIndex = 59, notify follower to install snapshot-(t:6, i:59)
2022-10-04 13:26:29,375 [omNode-1@group-523986131536->omNode-2-GrpcLogAppender-LogAppenderDaemon] INFO  server.GrpcLogAppender (GrpcLogAppender.java:installSnapshot(549)) - omNode-1@group-523986131536->omNode-2-GrpcLogAppender: send omNode-1->omNode-2#0-t6,notify:(t:6, i:59)
2022-10-04 13:26:29,376 [omNode-2-server-thread1] INFO  server.RaftServer$Division (RaftServerImpl.java:checkInconsistentAppendEntries(1402)) - omNode-2@group-523986131536: Failed appendEntries as snapshot (59) installation is in progress
2022-10-04 13:26:29,376 [omNode-2-server-thread1] INFO  server.RaftServer$Division (RaftServerImpl.java:checkInconsistentAppendEntries(1394)) - omNode-2@group-523986131536: inconsistency entries. Reply:omNode-1<-omNode-2#392:FAIL-t6,INCONSISTENCY,nextIndex=57,followerCommit=56
2022-10-04 13:26:29,377 [grpc-default-executor-0] INFO  leader.FollowerInfo (FollowerInfoImpl.java:lambda$new$0(48)) - omNode-1@group-523986131536->omNode-2: nextIndex: updateUnconditionally 57 -> 57
2022-10-04 13:26:29,381 [grpc-default-executor-1] INFO  impl.SnapshotInstallationHandler (SnapshotInstallationHandler.java:installSnapshot(84)) - omNode-2@group-523986131536: receive installSnapshot: omNode-1->omNode-2#0-t6,notify:(t:6, i:59)
2022-10-04 13:26:29,382 [grpc-default-executor-1] INFO  impl.SnapshotInstallationHandler (SnapshotInstallationHandler.java:installSnapshot(95)) - omNode-2@group-523986131536: reply installSnapshot: omNode-1<-omNode-2#0:FAIL-t6,IN_PROGRESS
2022-10-04 13:26:29,382 [grpc-default-executor-1] INFO  server.GrpcServerProtocolService (GrpcServerProtocolService.java:onCompleted(140)) - omNode-2: Completed INSTALL_SNAPSHOT, lastRequest: omNode-1->omNode-2#0-t6,notify:(t:6, i:59)
2022-10-04 13:26:29,383 [grpc-default-executor-1] INFO  server.GrpcLogAppender (GrpcLogAppender.java:onNext(403)) - omNode-1@group-523986131536->omNode-2-InstallSnapshotResponseHandler: received a reply omNode-1<-omNode-2#0:FAIL-t6,IN_PROGRESS
2022-10-04 13:26:29,383 [grpc-default-executor-1] INFO  server.GrpcLogAppender (GrpcLogAppender.java:onNext(421)) - omNode-1@group-523986131536->omNode-2-InstallSnapshotResponseHandler: InstallSnapshot in progress.
2022-10-04 13:26:29,383 [omNode-1@group-523986131536->omNode-2-GrpcLogAppender-LogAppenderDaemon] INFO  server.GrpcLogAppender (GrpcLogAppender.java:installSnapshot(541)) - omNode-1@group-523986131536->omNode-2-GrpcLogAppender: followerNextIndex = 57 but logStartIndex = 59, notify follower to install snapshot-(t:6, i:59)
2022-10-04 13:26:29,383 [omNode-1@group-523986131536->omNode-2-GrpcLogAppender-LogAppenderDaemon] INFO  server.GrpcLogAppender (GrpcLogAppender.java:installSnapshot(549)) - omNode-1@group-523986131536->omNode-2-GrpcLogAppender: send omNode-1->omNode-2#0-t6,notify:(t:6, i:59)
2022-10-04 13:26:29,384 [omNode-2-server-thread1] INFO  server.RaftServer$Division (RaftServerImpl.java:checkInconsistentAppendEntries(1402)) - omNode-2@group-523986131536: Failed appendEntries as snapshot (59) installation is in progress
2022-10-04 13:26:29,384 [omNode-2-server-thread1] INFO  server.RaftServer$Division (RaftServerImpl.java:checkInconsistentAppendEntries(1394)) - omNode-2@group-523986131536: inconsistency entries. Reply:omNode-1<-omNode-2#393:FAIL-t6,INCONSISTENCY,nextIndex=57,followerCommit=56
2022-10-04 13:26:29,386 [grpc-default-executor-0] INFO  impl.SnapshotInstallationHandler (SnapshotInstallationHandler.java:installSnapshot(84)) - omNode-2@group-523986131536: receive installSnapshot: omNode-1->omNode-2#0-t6,notify:(t:6, i:59)
2022-10-04 13:26:29,386 [grpc-default-executor-0] INFO  impl.SnapshotInstallationHandler (SnapshotInstallationHandler.java:installSnapshot(95)) - omNode-2@group-523986131536: reply installSnapshot: omNode-1<-omNode-2#0:FAIL-t6,IN_PROGRESS
2022-10-04 13:26:29,386 [grpc-default-executor-0] INFO  server.GrpcServerProtocolService (GrpcServerProtocolService.java:onCompleted(140)) - omNode-2: Completed INSTALL_SNAPSHOT, lastRequest: omNode-1->omNode-2#0-t6,notify:(t:6, i:59)
2022-10-04 13:26:29,387 [grpc-default-executor-1] INFO  leader.FollowerInfo (FollowerInfoImpl.java:lambda$new$0(48)) - omNode-1@group-523986131536->omNode-2: nextIndex: updateUnconditionally 57 -> 57
2022-10-04 13:26:29,387 [grpc-default-executor-1] INFO  server.GrpcLogAppender (GrpcLogAppender.java:onNext(403)) - omNode-1@group-523986131536->omNode-2-InstallSnapshotResponseHandler: received a reply omNode-1<-omNode-2#0:FAIL-t6,IN_PROGRESS
2022-10-04 13:26:29,388 [grpc-default-executor-1] INFO  server.GrpcLogAppender (GrpcLogAppender.java:onNext(421)) - omNode-1@group-523986131536->omNode-2-InstallSnapshotResponseHandler: InstallSnapshot in progress.
2022-10-04 13:26:29,388 [omNode-1@group-523986131536->omNode-2-GrpcLogAppender-LogAppenderDaemon] INFO  server.GrpcLogAppender (GrpcLogAppender.java:installSnapshot(541)) - omNode-1@group-523986131536->omNode-2-GrpcLogAppender: followerNextIndex = 57 but logStartIndex = 59, notify follower to install snapshot-(t:6, i:59)
2022-10-04 13:26:29,388 [omNode-1@group-523986131536->omNode-2-GrpcLogAppender-LogAppenderDaemon] INFO  server.GrpcLogAppender (GrpcLogAppender.java:installSnapshot(549)) - omNode-1@group-523986131536->omNode-2-GrpcLogAppender: send omNode-1->omNode-2#0-t6,notify:(t:6, i:59)
2022-10-04 13:26:29,389 [omNode-2-server-thread1] INFO  server.RaftServer$Division (RaftServerImpl.java:checkInconsistentAppendEntries(1402)) - omNode-2@group-523986131536: Failed appendEntries as snapshot (59) installation is in progress
2022-10-04 13:26:29,389 [omNode-2-server-thread1] INFO  server.RaftServer$Division (RaftServerImpl.java:checkInconsistentAppendEntries(1394)) - omNode-2@group-523986131536: inconsistency entries. Reply:omNode-1<-omNode-2#394:FAIL-t6,INCONSISTENCY,nextIndex=57,followerCommit=56
2022-10-04 13:26:29,395 [grpc-default-executor-1] INFO  impl.SnapshotInstallationHandler (SnapshotInstallationHandler.java:installSnapshot(84)) - omNode-2@group-523986131536: receive installSnapshot: omNode-1->omNode-2#0-t6,notify:(t:6, i:59)
2022-10-04 13:26:29,395 [grpc-default-executor-1] INFO  impl.SnapshotInstallationHandler (SnapshotInstallationHandler.java:installSnapshot(95)) - omNode-2@group-523986131536: reply installSnapshot: omNode-1<-omNode-2#0:FAIL-t6,IN_PROGRESS
2022-10-04 13:26:29,395 [grpc-default-executor-1] INFO  server.GrpcServerProtocolService (GrpcServerProtocolService.java:onCompleted(140)) - omNode-2: Completed INSTALL_SNAPSHOT, lastRequest: omNode-1->omNode-2#0-t6,notify:(t:6, i:59)
2022-10-04 13:26:29,397 [grpc-default-executor-0] INFO  server.GrpcLogAppender (GrpcLogAppender.java:onNext(403)) - omNode-1@group-523986131536->omNode-2-InstallSnapshotResponseHandler: received a reply omNode-1<-omNode-2#0:FAIL-t6,IN_PROGRESS
2022-10-04 13:26:29,397 [grpc-default-executor-0] INFO  server.GrpcLogAppender (GrpcLogAppender.java:onNext(421)) - omNode-1@group-523986131536->omNode-2-InstallSnapshotResponseHandler: InstallSnapshot in progress.
2022-10-04 13:26:29,397 [omNode-1@group-523986131536->omNode-2-GrpcLogAppender-LogAppenderDaemon] INFO  server.GrpcLogAppender (GrpcLogAppender.java:installSnapshot(541)) - omNode-1@group-523986131536->omNode-2-GrpcLogAppender: followerNextIndex = 57 but logStartIndex = 59, notify follower to install snapshot-(t:6, i:59)
2022-10-04 13:26:29,397 [omNode-1@group-523986131536->omNode-2-GrpcLogAppender-LogAppenderDaemon] INFO  server.GrpcLogAppender (GrpcLogAppender.java:installSnapshot(549)) - omNode-1@group-523986131536->omNode-2-GrpcLogAppender: send omNode-1->omNode-2#0-t6,notify:(t:6, i:59)
2022-10-04 13:26:29,398 [grpc-default-executor-1] INFO  leader.FollowerInfo (FollowerInfoImpl.java:lambda$new$0(48)) - omNode-1@group-523986131536->omNode-2: nextIndex: updateUnconditionally 57 -> 57
2022-10-04 13:26:29,399 [omNode-2-server-thread1] INFO  server.RaftServer$Division (RaftServerImpl.java:checkInconsistentAppendEntries(1402)) - omNode-2@group-523986131536: Failed appendEntries as snapshot (59) installation is in progress
2022-10-04 13:26:29,399 [omNode-2-server-thread1] INFO  server.RaftServer$Division (RaftServerImpl.java:checkInconsistentAppendEntries(1394)) - omNode-2@group-523986131536: inconsistency entries. Reply:omNode-1<-omNode-2#395:FAIL-t6,INCONSISTENCY,nextIndex=57,followerCommit=56
2022-10-04 13:26:29,401 [grpc-default-executor-0] INFO  leader.FollowerInfo (FollowerInfoImpl.java:lambda$new$0(48)) - omNode-1@group-523986131536->omNode-2: nextIndex: updateUnconditionally 57 -> 57
2022-10-04 13:26:29,401 [grpc-default-executor-1] INFO  impl.SnapshotInstallationHandler (SnapshotInstallationHandler.java:installSnapshot(84)) - omNode-2@group-523986131536: receive installSnapshot: omNode-1->omNode-2#0-t6,notify:(t:6, i:59)
2022-10-04 13:26:29,402 [OM StateMachine ApplyTransaction Thread - 0] INFO  volume.OMVolumeCreateRequest (OMVolumeCreateRequest.java:validateAndUpdateCache(195)) - created volume:volume89536 for user:user71727
2022-10-04 13:26:29,403 [grpc-default-executor-1] INFO  impl.SnapshotInstallationHandler (SnapshotInstallationHandler.java:installSnapshot(95)) - omNode-2@group-523986131536: reply installSnapshot: omNode-1<-omNode-2#0:FAIL-t6,IN_PROGRESS
2022-10-04 13:26:29,403 [grpc-default-executor-1] INFO  server.GrpcServerProtocolService (GrpcServerProtocolService.java:onCompleted(140)) - omNode-2: Completed INSTALL_SNAPSHOT, lastRequest: omNode-1->omNode-2#0-t6,notify:(t:6, i:59)
2022-10-04 13:26:29,405 [Listener at localhost/45931] INFO  rpc.RpcClient (RpcClient.java:createBucket(674)) - Creating Bucket: volume89536/a4fbc2d6-b132-417d-8ff6-e3b1a8a21867, with server-side default bucket layout, runner as owner, Versioning false, Storage Type set to DISK and Encryption set to false 
2022-10-04 13:26:29,408 [grpc-default-executor-1] INFO  server.GrpcLogAppender (GrpcLogAppender.java:onNext(403)) - omNode-1@group-523986131536->omNode-2-InstallSnapshotResponseHandler: received a reply omNode-1<-omNode-2#0:FAIL-t6,IN_PROGRESS
2022-10-04 13:26:29,408 [grpc-default-executor-1] INFO  server.GrpcLogAppender (GrpcLogAppender.java:onNext(421)) - omNode-1@group-523986131536->omNode-2-InstallSnapshotResponseHandler: InstallSnapshot in progress.
2022-10-04 13:26:29,409 [omNode-1@group-523986131536->omNode-2-GrpcLogAppender-LogAppenderDaemon] INFO  server.GrpcLogAppender (GrpcLogAppender.java:installSnapshot(541)) - omNode-1@group-523986131536->omNode-2-GrpcLogAppender: followerNextIndex = 57 but logStartIndex = 59, notify follower to install snapshot-(t:6, i:59)
2022-10-04 13:26:29,409 [omNode-1@group-523986131536->omNode-2-GrpcLogAppender-LogAppenderDaemon] INFO  server.GrpcLogAppender (GrpcLogAppender.java:installSnapshot(549)) - omNode-1@group-523986131536->omNode-2-GrpcLogAppender: send omNode-1->omNode-2#0-t6,notify:(t:6, i:59)
2022-10-04 13:26:29,410 [omNode-2-server-thread1] INFO  server.RaftServer$Division (RaftServerImpl.java:checkInconsistentAppendEntries(1402)) - omNode-2@group-523986131536: Failed appendEntries as snapshot (59) installation is in progress
2022-10-04 13:26:29,410 [omNode-2-server-thread1] INFO  server.RaftServer$Division (RaftServerImpl.java:checkInconsistentAppendEntries(1394)) - omNode-2@group-523986131536: inconsistency entries. Reply:omNode-1<-omNode-2#396:FAIL-t6,INCONSISTENCY,nextIndex=57,followerCommit=56
2022-10-04 13:26:29,413 [grpc-default-executor-3] INFO  leader.FollowerInfo (FollowerInfoImpl.java:lambda$new$0(48)) - omNode-1@group-523986131536->omNode-2: nextIndex: updateUnconditionally 57 -> 57
2022-10-04 13:26:29,414 [grpc-default-executor-0] INFO  impl.SnapshotInstallationHandler (SnapshotInstallationHandler.java:installSnapshot(84)) - omNode-2@group-523986131536: receive installSnapshot: omNode-1->omNode-2#0-t6,notify:(t:6, i:59)
2022-10-04 13:26:29,415 [grpc-default-executor-0] INFO  impl.SnapshotInstallationHandler (SnapshotInstallationHandler.java:installSnapshot(95)) - omNode-2@group-523986131536: reply installSnapshot: omNode-1<-omNode-2#0:FAIL-t6,IN_PROGRESS
2022-10-04 13:26:29,415 [grpc-default-executor-0] INFO  server.GrpcServerProtocolService (GrpcServerProtocolService.java:onCompleted(140)) - omNode-2: Completed INSTALL_SNAPSHOT, lastRequest: omNode-1->omNode-2#0-t6,notify:(t:6, i:59)
2022-10-04 13:26:29,415 [grpc-default-executor-3] INFO  server.GrpcLogAppender (GrpcLogAppender.java:onNext(403)) - omNode-1@group-523986131536->omNode-2-InstallSnapshotResponseHandler: received a reply omNode-1<-omNode-2#0:FAIL-t6,IN_PROGRESS
2022-10-04 13:26:29,415 [grpc-default-executor-3] INFO  server.GrpcLogAppender (GrpcLogAppender.java:onNext(421)) - omNode-1@group-523986131536->omNode-2-InstallSnapshotResponseHandler: InstallSnapshot in progress.
2022-10-04 13:26:29,415 [omNode-1@group-523986131536->omNode-2-GrpcLogAppender-LogAppenderDaemon] INFO  server.GrpcLogAppender (GrpcLogAppender.java:installSnapshot(541)) - omNode-1@group-523986131536->omNode-2-GrpcLogAppender: followerNextIndex = 57 but logStartIndex = 59, notify follower to install snapshot-(t:6, i:59)
2022-10-04 13:26:29,416 [omNode-1@group-523986131536->omNode-2-GrpcLogAppender-LogAppenderDaemon] INFO  server.GrpcLogAppender (GrpcLogAppender.java:installSnapshot(549)) - omNode-1@group-523986131536->omNode-2-GrpcLogAppender: send omNode-1->omNode-2#0-t6,notify:(t:6, i:59)
2022-10-04 13:26:29,416 [omNode-2-server-thread1] INFO  server.RaftServer$Division (RaftServerImpl.java:checkInconsistentAppendEntries(1402)) - omNode-2@group-523986131536: Failed appendEntries as snapshot (59) installation is in progress
2022-10-04 13:26:29,416 [omNode-2-server-thread1] INFO  server.RaftServer$Division (RaftServerImpl.java:checkInconsistentAppendEntries(1394)) - omNode-2@group-523986131536: inconsistency entries. Reply:omNode-1<-omNode-2#397:FAIL-t6,INCONSISTENCY,nextIndex=57,followerCommit=56
2022-10-04 13:26:29,416 [grpc-default-executor-0] INFO  leader.FollowerInfo (FollowerInfoImpl.java:lambda$new$0(48)) - omNode-1@group-523986131536->omNode-2: nextIndex: updateUnconditionally 57 -> 57
2022-10-04 13:26:29,423 [OM StateMachine ApplyTransaction Thread - 0] INFO  volume.OMVolumeCreateRequest (OMVolumeCreateRequest.java:validateAndUpdateCache(195)) - created volume:volume89536 for user:user71727
2022-10-04 13:26:29,426 [grpc-default-executor-1] INFO  impl.SnapshotInstallationHandler (SnapshotInstallationHandler.java:installSnapshot(84)) - omNode-2@group-523986131536: receive installSnapshot: omNode-1->omNode-2#0-t6,notify:(t:6, i:59)
2022-10-04 13:26:29,426 [grpc-default-executor-1] INFO  impl.SnapshotInstallationHandler (SnapshotInstallationHandler.java:installSnapshot(95)) - omNode-2@group-523986131536: reply installSnapshot: omNode-1<-omNode-2#0:FAIL-t6,IN_PROGRESS
2022-10-04 13:26:29,426 [grpc-default-executor-1] INFO  server.GrpcServerProtocolService (GrpcServerProtocolService.java:onCompleted(140)) - omNode-2: Completed INSTALL_SNAPSHOT, lastRequest: omNode-1->omNode-2#0-t6,notify:(t:6, i:59)
2022-10-04 13:26:29,427 [grpc-default-executor-0] INFO  server.GrpcLogAppender (GrpcLogAppender.java:onNext(403)) - omNode-1@group-523986131536->omNode-2-InstallSnapshotResponseHandler: received a reply omNode-1<-omNode-2#0:FAIL-t6,IN_PROGRESS
2022-10-04 13:26:29,427 [grpc-default-executor-0] INFO  server.GrpcLogAppender (GrpcLogAppender.java:onNext(421)) - omNode-1@group-523986131536->omNode-2-InstallSnapshotResponseHandler: InstallSnapshot in progress.
2022-10-04 13:26:29,428 [omNode-1@group-523986131536->omNode-2-GrpcLogAppender-LogAppenderDaemon] INFO  server.GrpcLogAppender (GrpcLogAppender.java:installSnapshot(541)) - omNode-1@group-523986131536->omNode-2-GrpcLogAppender: followerNextIndex = 57 but logStartIndex = 59, notify follower to install snapshot-(t:6, i:59)
2022-10-04 13:26:29,428 [omNode-1@group-523986131536->omNode-2-GrpcLogAppender-LogAppenderDaemon] INFO  server.GrpcLogAppender (GrpcLogAppender.java:installSnapshot(549)) - omNode-1@group-523986131536->omNode-2-GrpcLogAppender: send omNode-1->omNode-2#0-t6,notify:(t:6, i:59)
2022-10-04 13:26:29,429 [OM StateMachine ApplyTransaction Thread - 0] INFO  bucket.OMBucketCreateRequest (OMBucketCreateRequest.java:validateAndUpdateCache(260)) - created bucket: a4fbc2d6-b132-417d-8ff6-e3b1a8a21867 of layout LEGACY in volume: volume89536
2022-10-04 13:26:29,430 [omNode-2-server-thread1] INFO  server.RaftServer$Division (RaftServerImpl.java:checkInconsistentAppendEntries(1402)) - omNode-2@group-523986131536: Failed appendEntries as snapshot (59) installation is in progress
2022-10-04 13:26:29,430 [omNode-2-server-thread1] INFO  server.RaftServer$Division (RaftServerImpl.java:checkInconsistentAppendEntries(1394)) - omNode-2@group-523986131536: inconsistency entries. Reply:omNode-1<-omNode-2#398:FAIL-t6,INCONSISTENCY,nextIndex=57,followerCommit=56
2022-10-04 13:26:29,435 [grpc-default-executor-1] INFO  leader.FollowerInfo (FollowerInfoImpl.java:lambda$new$0(48)) - omNode-1@group-523986131536->omNode-2: nextIndex: updateUnconditionally 57 -> 57
2022-10-04 13:26:29,446 [grpc-default-executor-3] INFO  impl.SnapshotInstallationHandler (SnapshotInstallationHandler.java:installSnapshot(84)) - omNode-2@group-523986131536: receive installSnapshot: omNode-1->omNode-2#0-t6,notify:(t:6, i:59)
2022-10-04 13:26:29,446 [grpc-default-executor-3] INFO  impl.SnapshotInstallationHandler (SnapshotInstallationHandler.java:installSnapshot(95)) - omNode-2@group-523986131536: reply installSnapshot: omNode-1<-omNode-2#0:FAIL-t6,IN_PROGRESS
2022-10-04 13:26:29,446 [grpc-default-executor-3] INFO  server.GrpcServerProtocolService (GrpcServerProtocolService.java:onCompleted(140)) - omNode-2: Completed INSTALL_SNAPSHOT, lastRequest: omNode-1->omNode-2#0-t6,notify:(t:6, i:59)
2022-10-04 13:26:29,447 [OM StateMachine ApplyTransaction Thread - 0] INFO  bucket.OMBucketCreateRequest (OMBucketCreateRequest.java:validateAndUpdateCache(260)) - created bucket: a4fbc2d6-b132-417d-8ff6-e3b1a8a21867 of layout LEGACY in volume: volume89536
2022-10-04 13:26:29,448 [grpc-default-executor-3] INFO  server.GrpcLogAppender (GrpcLogAppender.java:onNext(403)) - omNode-1@group-523986131536->omNode-2-InstallSnapshotResponseHandler: received a reply omNode-1<-omNode-2#0:FAIL-t6,IN_PROGRESS
2022-10-04 13:26:29,448 [grpc-default-executor-3] INFO  server.GrpcLogAppender (GrpcLogAppender.java:onNext(421)) - omNode-1@group-523986131536->omNode-2-InstallSnapshotResponseHandler: InstallSnapshot in progress.
2022-10-04 13:26:29,448 [omNode-1@group-523986131536->omNode-2-GrpcLogAppender-LogAppenderDaemon] INFO  server.GrpcLogAppender (GrpcLogAppender.java:installSnapshot(541)) - omNode-1@group-523986131536->omNode-2-GrpcLogAppender: followerNextIndex = 57 but logStartIndex = 59, notify follower to install snapshot-(t:6, i:59)
2022-10-04 13:26:29,448 [omNode-1@group-523986131536->omNode-2-GrpcLogAppender-LogAppenderDaemon] INFO  server.GrpcLogAppender (GrpcLogAppender.java:installSnapshot(549)) - omNode-1@group-523986131536->omNode-2-GrpcLogAppender: send omNode-1->omNode-2#0-t6,notify:(t:6, i:59)
2022-10-04 13:26:29,449 [omNode-2-server-thread1] INFO  server.RaftServer$Division (RaftServerImpl.java:checkInconsistentAppendEntries(1402)) - omNode-2@group-523986131536: Failed appendEntries as snapshot (59) installation is in progress
2022-10-04 13:26:29,449 [omNode-2-server-thread1] INFO  server.RaftServer$Division (RaftServerImpl.java:checkInconsistentAppendEntries(1394)) - omNode-2@group-523986131536: inconsistency entries. Reply:omNode-1<-omNode-2#399:FAIL-t6,INCONSISTENCY,nextIndex=57,followerCommit=56
2022-10-04 13:26:29,450 [grpc-default-executor-1] INFO  impl.SnapshotInstallationHandler (SnapshotInstallationHandler.java:installSnapshot(84)) - omNode-2@group-523986131536: receive installSnapshot: omNode-1->omNode-2#0-t6,notify:(t:6, i:59)
2022-10-04 13:26:29,450 [grpc-default-executor-1] INFO  impl.SnapshotInstallationHandler (SnapshotInstallationHandler.java:installSnapshot(95)) - omNode-2@group-523986131536: reply installSnapshot: omNode-1<-omNode-2#0:FAIL-t6,IN_PROGRESS
2022-10-04 13:26:29,451 [grpc-default-executor-1] INFO  server.GrpcServerProtocolService (GrpcServerProtocolService.java:onCompleted(140)) - omNode-2: Completed INSTALL_SNAPSHOT, lastRequest: omNode-1->omNode-2#0-t6,notify:(t:6, i:59)
2022-10-04 13:26:29,452 [grpc-default-executor-0] INFO  leader.FollowerInfo (FollowerInfoImpl.java:lambda$new$0(48)) - omNode-1@group-523986131536->omNode-2: nextIndex: updateUnconditionally 57 -> 57
2022-10-04 13:26:29,452 [grpc-default-executor-3] INFO  server.GrpcLogAppender (GrpcLogAppender.java:onNext(403)) - omNode-1@group-523986131536->omNode-2-InstallSnapshotResponseHandler: received a reply omNode-1<-omNode-2#0:FAIL-t6,IN_PROGRESS
2022-10-04 13:26:29,452 [grpc-default-executor-3] INFO  server.GrpcLogAppender (GrpcLogAppender.java:onNext(421)) - omNode-1@group-523986131536->omNode-2-InstallSnapshotResponseHandler: InstallSnapshot in progress.
2022-10-04 13:26:29,452 [omNode-1@group-523986131536->omNode-2-GrpcLogAppender-LogAppenderDaemon] INFO  server.GrpcLogAppender (GrpcLogAppender.java:installSnapshot(541)) - omNode-1@group-523986131536->omNode-2-GrpcLogAppender: followerNextIndex = 57 but logStartIndex = 59, notify follower to install snapshot-(t:6, i:59)
2022-10-04 13:26:29,452 [omNode-1@group-523986131536->omNode-2-GrpcLogAppender-LogAppenderDaemon] INFO  server.GrpcLogAppender (GrpcLogAppender.java:installSnapshot(549)) - omNode-1@group-523986131536->omNode-2-GrpcLogAppender: send omNode-1->omNode-2#0-t6,notify:(t:6, i:59)
2022-10-04 13:26:29,453 [omNode-2-server-thread1] INFO  server.RaftServer$Division (RaftServerImpl.java:checkInconsistentAppendEntries(1402)) - omNode-2@group-523986131536: Failed appendEntries as snapshot (59) installation is in progress
2022-10-04 13:26:29,453 [omNode-2-server-thread1] INFO  server.RaftServer$Division (RaftServerImpl.java:checkInconsistentAppendEntries(1394)) - omNode-2@group-523986131536: inconsistency entries. Reply:omNode-1<-omNode-2#400:FAIL-t6,INCONSISTENCY,nextIndex=57,followerCommit=56
2022-10-04 13:26:29,454 [grpc-default-executor-3] INFO  impl.SnapshotInstallationHandler (SnapshotInstallationHandler.java:installSnapshot(84)) - omNode-2@group-523986131536: receive installSnapshot: omNode-1->omNode-2#0-t6,notify:(t:6, i:59)
2022-10-04 13:26:29,454 [grpc-default-executor-1] INFO  leader.FollowerInfo (FollowerInfoImpl.java:lambda$new$0(48)) - omNode-1@group-523986131536->omNode-2: nextIndex: updateUnconditionally 57 -> 57
2022-10-04 13:26:29,454 [grpc-default-executor-3] INFO  impl.SnapshotInstallationHandler (SnapshotInstallationHandler.java:installSnapshot(95)) - omNode-2@group-523986131536: reply installSnapshot: omNode-1<-omNode-2#0:FAIL-t6,IN_PROGRESS
2022-10-04 13:26:29,454 [grpc-default-executor-3] INFO  server.GrpcServerProtocolService (GrpcServerProtocolService.java:onCompleted(140)) - omNode-2: Completed INSTALL_SNAPSHOT, lastRequest: omNode-1->omNode-2#0-t6,notify:(t:6, i:59)
2022-10-04 13:26:29,455 [grpc-default-executor-3] INFO  server.GrpcLogAppender (GrpcLogAppender.java:onNext(403)) - omNode-1@group-523986131536->omNode-2-InstallSnapshotResponseHandler: received a reply omNode-1<-omNode-2#0:FAIL-t6,IN_PROGRESS
2022-10-04 13:26:29,455 [grpc-default-executor-3] INFO  server.GrpcLogAppender (GrpcLogAppender.java:onNext(421)) - omNode-1@group-523986131536->omNode-2-InstallSnapshotResponseHandler: InstallSnapshot in progress.
2022-10-04 13:26:29,455 [omNode-1@group-523986131536->omNode-2-GrpcLogAppender-LogAppenderDaemon] INFO  server.GrpcLogAppender (GrpcLogAppender.java:installSnapshot(541)) - omNode-1@group-523986131536->omNode-2-GrpcLogAppender: followerNextIndex = 57 but logStartIndex = 59, notify follower to install snapshot-(t:6, i:59)
2022-10-04 13:26:29,455 [omNode-1@group-523986131536->omNode-2-GrpcLogAppender-LogAppenderDaemon] INFO  server.GrpcLogAppender (GrpcLogAppender.java:installSnapshot(549)) - omNode-1@group-523986131536->omNode-2-GrpcLogAppender: send omNode-1->omNode-2#0-t6,notify:(t:6, i:59)
2022-10-04 13:26:29,456 [omNode-2-server-thread1] INFO  server.RaftServer$Division (RaftServerImpl.java:checkInconsistentAppendEntries(1402)) - omNode-2@group-523986131536: Failed appendEntries as snapshot (59) installation is in progress
2022-10-04 13:26:29,456 [omNode-2-server-thread1] INFO  server.RaftServer$Division (RaftServerImpl.java:checkInconsistentAppendEntries(1394)) - omNode-2@group-523986131536: inconsistency entries. Reply:omNode-1<-omNode-2#401:FAIL-t6,INCONSISTENCY,nextIndex=57,followerCommit=56
2022-10-04 13:26:29,456 [grpc-default-executor-3] INFO  impl.SnapshotInstallationHandler (SnapshotInstallationHandler.java:installSnapshot(84)) - omNode-2@group-523986131536: receive installSnapshot: omNode-1->omNode-2#0-t6,notify:(t:6, i:59)
2022-10-04 13:26:29,457 [grpc-default-executor-3] INFO  impl.SnapshotInstallationHandler (SnapshotInstallationHandler.java:installSnapshot(95)) - omNode-2@group-523986131536: reply installSnapshot: omNode-1<-omNode-2#0:FAIL-t6,IN_PROGRESS
2022-10-04 13:26:29,457 [grpc-default-executor-1] INFO  leader.FollowerInfo (FollowerInfoImpl.java:lambda$new$0(48)) - omNode-1@group-523986131536->omNode-2: nextIndex: updateUnconditionally 57 -> 57
2022-10-04 13:26:29,457 [grpc-default-executor-3] INFO  server.GrpcServerProtocolService (GrpcServerProtocolService.java:onCompleted(140)) - omNode-2: Completed INSTALL_SNAPSHOT, lastRequest: omNode-1->omNode-2#0-t6,notify:(t:6, i:59)
2022-10-04 13:26:29,457 [grpc-default-executor-1] INFO  server.GrpcLogAppender (GrpcLogAppender.java:onNext(403)) - omNode-1@group-523986131536->omNode-2-InstallSnapshotResponseHandler: received a reply omNode-1<-omNode-2#0:FAIL-t6,IN_PROGRESS
2022-10-04 13:26:29,458 [grpc-default-executor-1] INFO  server.GrpcLogAppender (GrpcLogAppender.java:onNext(421)) - omNode-1@group-523986131536->omNode-2-InstallSnapshotResponseHandler: InstallSnapshot in progress.
2022-10-04 13:26:29,459 [omNode-1@group-523986131536->omNode-2-GrpcLogAppender-LogAppenderDaemon] INFO  server.GrpcLogAppender (GrpcLogAppender.java:installSnapshot(541)) - omNode-1@group-523986131536->omNode-2-GrpcLogAppender: followerNextIndex = 57 but logStartIndex = 59, notify follower to install snapshot-(t:6, i:59)
2022-10-04 13:26:29,460 [omNode-1@group-523986131536->omNode-2-GrpcLogAppender-LogAppenderDaemon] INFO  server.GrpcLogAppender (GrpcLogAppender.java:installSnapshot(549)) - omNode-1@group-523986131536->omNode-2-GrpcLogAppender: send omNode-1->omNode-2#0-t6,notify:(t:6, i:59)
2022-10-04 13:26:29,460 [omNode-2-server-thread1] INFO  server.RaftServer$Division (RaftServerImpl.java:checkInconsistentAppendEntries(1402)) - omNode-2@group-523986131536: Failed appendEntries as snapshot (59) installation is in progress
2022-10-04 13:26:29,460 [omNode-2-server-thread1] INFO  server.RaftServer$Division (RaftServerImpl.java:checkInconsistentAppendEntries(1394)) - omNode-2@group-523986131536: inconsistency entries. Reply:omNode-1<-omNode-2#402:FAIL-t6,INCONSISTENCY,nextIndex=57,followerCommit=56
2022-10-04 13:26:29,464 [grpc-default-executor-2] INFO  impl.SnapshotInstallationHandler (SnapshotInstallationHandler.java:installSnapshot(84)) - omNode-2@group-523986131536: receive installSnapshot: omNode-1->omNode-2#0-t6,notify:(t:6, i:59)
2022-10-04 13:26:29,464 [grpc-default-executor-2] INFO  impl.SnapshotInstallationHandler (SnapshotInstallationHandler.java:installSnapshot(95)) - omNode-2@group-523986131536: reply installSnapshot: omNode-1<-omNode-2#0:FAIL-t6,IN_PROGRESS
2022-10-04 13:26:29,464 [grpc-default-executor-2] INFO  server.GrpcServerProtocolService (GrpcServerProtocolService.java:onCompleted(140)) - omNode-2: Completed INSTALL_SNAPSHOT, lastRequest: omNode-1->omNode-2#0-t6,notify:(t:6, i:59)
2022-10-04 13:26:29,465 [grpc-default-executor-3] INFO  leader.FollowerInfo (FollowerInfoImpl.java:lambda$new$0(48)) - omNode-1@group-523986131536->omNode-2: nextIndex: updateUnconditionally 57 -> 57
2022-10-04 13:26:29,465 [grpc-default-executor-2] INFO  server.GrpcLogAppender (GrpcLogAppender.java:onNext(403)) - omNode-1@group-523986131536->omNode-2-InstallSnapshotResponseHandler: received a reply omNode-1<-omNode-2#0:FAIL-t6,IN_PROGRESS
2022-10-04 13:26:29,465 [grpc-default-executor-2] INFO  server.GrpcLogAppender (GrpcLogAppender.java:onNext(421)) - omNode-1@group-523986131536->omNode-2-InstallSnapshotResponseHandler: InstallSnapshot in progress.
2022-10-04 13:26:29,469 [omNode-1@group-523986131536->omNode-2-GrpcLogAppender-LogAppenderDaemon] INFO  server.GrpcLogAppender (GrpcLogAppender.java:installSnapshot(541)) - omNode-1@group-523986131536->omNode-2-GrpcLogAppender: followerNextIndex = 57 but logStartIndex = 59, notify follower to install snapshot-(t:6, i:59)
2022-10-04 13:26:29,469 [omNode-1@group-523986131536->omNode-2-GrpcLogAppender-LogAppenderDaemon] INFO  server.GrpcLogAppender (GrpcLogAppender.java:installSnapshot(549)) - omNode-1@group-523986131536->omNode-2-GrpcLogAppender: send omNode-1->omNode-2#0-t6,notify:(t:6, i:59)
2022-10-04 13:26:29,471 [grpc-default-executor-0] INFO  impl.SnapshotInstallationHandler (SnapshotInstallationHandler.java:installSnapshot(84)) - omNode-2@group-523986131536: receive installSnapshot: omNode-1->omNode-2#0-t6,notify:(t:6, i:59)
2022-10-04 13:26:29,471 [grpc-default-executor-0] INFO  impl.SnapshotInstallationHandler (SnapshotInstallationHandler.java:installSnapshot(95)) - omNode-2@group-523986131536: reply installSnapshot: omNode-1<-omNode-2#0:FAIL-t6,IN_PROGRESS
2022-10-04 13:26:29,471 [grpc-default-executor-0] INFO  server.GrpcServerProtocolService (GrpcServerProtocolService.java:onCompleted(140)) - omNode-2: Completed INSTALL_SNAPSHOT, lastRequest: omNode-1->omNode-2#0-t6,notify:(t:6, i:59)
2022-10-04 13:26:29,472 [omNode-2-server-thread1] INFO  server.RaftServer$Division (RaftServerImpl.java:checkInconsistentAppendEntries(1402)) - omNode-2@group-523986131536: Failed appendEntries as snapshot (59) installation is in progress
2022-10-04 13:26:29,472 [omNode-2-server-thread1] INFO  server.RaftServer$Division (RaftServerImpl.java:checkInconsistentAppendEntries(1394)) - omNode-2@group-523986131536: inconsistency entries. Reply:omNode-1<-omNode-2#403:FAIL-t6,INCONSISTENCY,nextIndex=57,followerCommit=56
2022-10-04 13:26:29,472 [grpc-default-executor-2] INFO  server.GrpcLogAppender (GrpcLogAppender.java:onNext(403)) - omNode-1@group-523986131536->omNode-2-InstallSnapshotResponseHandler: received a reply omNode-1<-omNode-2#0:FAIL-t6,IN_PROGRESS
2022-10-04 13:26:29,472 [grpc-default-executor-2] INFO  server.GrpcLogAppender (GrpcLogAppender.java:onNext(421)) - omNode-1@group-523986131536->omNode-2-InstallSnapshotResponseHandler: InstallSnapshot in progress.
2022-10-04 13:26:29,473 [grpc-default-executor-2] INFO  leader.FollowerInfo (FollowerInfoImpl.java:lambda$new$0(48)) - omNode-1@group-523986131536->omNode-2: nextIndex: updateUnconditionally 57 -> 57
2022-10-04 13:26:29,473 [omNode-1@group-523986131536->omNode-2-GrpcLogAppender-LogAppenderDaemon] INFO  server.GrpcLogAppender (GrpcLogAppender.java:installSnapshot(541)) - omNode-1@group-523986131536->omNode-2-GrpcLogAppender: followerNextIndex = 57 but logStartIndex = 59, notify follower to install snapshot-(t:6, i:59)
2022-10-04 13:26:29,474 [omNode-1@group-523986131536->omNode-2-GrpcLogAppender-LogAppenderDaemon] INFO  server.GrpcLogAppender (GrpcLogAppender.java:installSnapshot(549)) - omNode-1@group-523986131536->omNode-2-GrpcLogAppender: send omNode-1->omNode-2#0-t6,notify:(t:6, i:59)
2022-10-04 13:26:29,475 [omNode-2-server-thread1] INFO  server.RaftServer$Division (RaftServerImpl.java:checkInconsistentAppendEntries(1402)) - omNode-2@group-523986131536: Failed appendEntries as snapshot (59) installation is in progress
2022-10-04 13:26:29,475 [grpc-default-executor-2] INFO  impl.SnapshotInstallationHandler (SnapshotInstallationHandler.java:installSnapshot(84)) - omNode-2@group-523986131536: receive installSnapshot: omNode-1->omNode-2#0-t6,notify:(t:6, i:59)
2022-10-04 13:26:29,475 [omNode-2-server-thread1] INFO  server.RaftServer$Division (RaftServerImpl.java:checkInconsistentAppendEntries(1394)) - omNode-2@group-523986131536: inconsistency entries. Reply:omNode-1<-omNode-2#404:FAIL-t6,INCONSISTENCY,nextIndex=57,followerCommit=56
2022-10-04 13:26:29,475 [grpc-default-executor-2] INFO  impl.SnapshotInstallationHandler (SnapshotInstallationHandler.java:installSnapshot(95)) - omNode-2@group-523986131536: reply installSnapshot: omNode-1<-omNode-2#0:FAIL-t6,IN_PROGRESS
2022-10-04 13:26:29,475 [grpc-default-executor-2] INFO  server.GrpcServerProtocolService (GrpcServerProtocolService.java:onCompleted(140)) - omNode-2: Completed INSTALL_SNAPSHOT, lastRequest: omNode-1->omNode-2#0-t6,notify:(t:6, i:59)
2022-10-04 13:26:29,476 [grpc-default-executor-0] INFO  server.GrpcLogAppender (GrpcLogAppender.java:onNext(403)) - omNode-1@group-523986131536->omNode-2-InstallSnapshotResponseHandler: received a reply omNode-1<-omNode-2#0:FAIL-t6,IN_PROGRESS
2022-10-04 13:26:29,477 [grpc-default-executor-0] INFO  server.GrpcLogAppender (GrpcLogAppender.java:onNext(421)) - omNode-1@group-523986131536->omNode-2-InstallSnapshotResponseHandler: InstallSnapshot in progress.
2022-10-04 13:26:29,485 [grpc-default-executor-0] INFO  leader.FollowerInfo (FollowerInfoImpl.java:lambda$new$0(48)) - omNode-1@group-523986131536->omNode-2: nextIndex: updateUnconditionally 57 -> 57
2022-10-04 13:26:29,486 [omNode-1@group-523986131536->omNode-2-GrpcLogAppender-LogAppenderDaemon] INFO  server.GrpcLogAppender (GrpcLogAppender.java:installSnapshot(541)) - omNode-1@group-523986131536->omNode-2-GrpcLogAppender: followerNextIndex = 57 but logStartIndex = 59, notify follower to install snapshot-(t:6, i:59)
2022-10-04 13:26:29,486 [omNode-1@group-523986131536->omNode-2-GrpcLogAppender-LogAppenderDaemon] INFO  server.GrpcLogAppender (GrpcLogAppender.java:installSnapshot(549)) - omNode-1@group-523986131536->omNode-2-GrpcLogAppender: send omNode-1->omNode-2#0-t6,notify:(t:6, i:59)
2022-10-04 13:26:29,487 [omNode-2-server-thread1] INFO  server.RaftServer$Division (RaftServerImpl.java:checkInconsistentAppendEntries(1402)) - omNode-2@group-523986131536: Failed appendEntries as snapshot (59) installation is in progress
2022-10-04 13:26:29,487 [omNode-2-server-thread1] INFO  server.RaftServer$Division (RaftServerImpl.java:checkInconsistentAppendEntries(1394)) - omNode-2@group-523986131536: inconsistency entries. Reply:omNode-1<-omNode-2#405:FAIL-t6,INCONSISTENCY,nextIndex=57,followerCommit=56
2022-10-04 13:26:29,487 [grpc-default-executor-2] INFO  leader.FollowerInfo (FollowerInfoImpl.java:lambda$new$0(48)) - omNode-1@group-523986131536->omNode-2: nextIndex: updateUnconditionally 57 -> 57
2022-10-04 13:26:29,487 [grpc-default-executor-3] INFO  impl.SnapshotInstallationHandler (SnapshotInstallationHandler.java:installSnapshot(84)) - omNode-2@group-523986131536: receive installSnapshot: omNode-1->omNode-2#0-t6,notify:(t:6, i:59)
2022-10-04 13:26:29,488 [grpc-default-executor-3] INFO  impl.SnapshotInstallationHandler (SnapshotInstallationHandler.java:installSnapshot(95)) - omNode-2@group-523986131536: reply installSnapshot: omNode-1<-omNode-2#0:FAIL-t6,IN_PROGRESS
2022-10-04 13:26:29,488 [grpc-default-executor-3] INFO  server.GrpcServerProtocolService (GrpcServerProtocolService.java:onCompleted(140)) - omNode-2: Completed INSTALL_SNAPSHOT, lastRequest: omNode-1->omNode-2#0-t6,notify:(t:6, i:59)
2022-10-04 13:26:29,489 [grpc-default-executor-3] INFO  server.GrpcLogAppender (GrpcLogAppender.java:onNext(403)) - omNode-1@group-523986131536->omNode-2-InstallSnapshotResponseHandler: received a reply omNode-1<-omNode-2#0:FAIL-t6,IN_PROGRESS
2022-10-04 13:26:29,489 [grpc-default-executor-3] INFO  server.GrpcLogAppender (GrpcLogAppender.java:onNext(421)) - omNode-1@group-523986131536->omNode-2-InstallSnapshotResponseHandler: InstallSnapshot in progress.
2022-10-04 13:26:29,490 [omNode-1@group-523986131536->omNode-2-GrpcLogAppender-LogAppenderDaemon] INFO  server.GrpcLogAppender (GrpcLogAppender.java:installSnapshot(541)) - omNode-1@group-523986131536->omNode-2-GrpcLogAppender: followerNextIndex = 57 but logStartIndex = 59, notify follower to install snapshot-(t:6, i:59)
2022-10-04 13:26:29,490 [omNode-1@group-523986131536->omNode-2-GrpcLogAppender-LogAppenderDaemon] INFO  server.GrpcLogAppender (GrpcLogAppender.java:installSnapshot(549)) - omNode-1@group-523986131536->omNode-2-GrpcLogAppender: send omNode-1->omNode-2#0-t6,notify:(t:6, i:59)
2022-10-04 13:26:29,491 [omNode-2-server-thread1] INFO  server.RaftServer$Division (RaftServerImpl.java:checkInconsistentAppendEntries(1402)) - omNode-2@group-523986131536: Failed appendEntries as snapshot (59) installation is in progress
2022-10-04 13:26:29,491 [omNode-2-server-thread1] INFO  server.RaftServer$Division (RaftServerImpl.java:checkInconsistentAppendEntries(1394)) - omNode-2@group-523986131536: inconsistency entries. Reply:omNode-1<-omNode-2#406:FAIL-t6,INCONSISTENCY,nextIndex=57,followerCommit=56
2022-10-04 13:26:29,491 [grpc-default-executor-3] INFO  impl.SnapshotInstallationHandler (SnapshotInstallationHandler.java:installSnapshot(84)) - omNode-2@group-523986131536: receive installSnapshot: omNode-1->omNode-2#0-t6,notify:(t:6, i:59)
2022-10-04 13:26:29,491 [grpc-default-executor-3] INFO  impl.SnapshotInstallationHandler (SnapshotInstallationHandler.java:installSnapshot(95)) - omNode-2@group-523986131536: reply installSnapshot: omNode-1<-omNode-2#0:FAIL-t6,IN_PROGRESS
2022-10-04 13:26:29,491 [grpc-default-executor-3] INFO  server.GrpcServerProtocolService (GrpcServerProtocolService.java:onCompleted(140)) - omNode-2: Completed INSTALL_SNAPSHOT, lastRequest: omNode-1->omNode-2#0-t6,notify:(t:6, i:59)
2022-10-04 13:26:29,492 [grpc-default-executor-2] INFO  leader.FollowerInfo (FollowerInfoImpl.java:lambda$new$0(48)) - omNode-1@group-523986131536->omNode-2: nextIndex: updateUnconditionally 57 -> 57
2022-10-04 13:26:29,492 [grpc-default-executor-3] INFO  server.GrpcLogAppender (GrpcLogAppender.java:onNext(403)) - omNode-1@group-523986131536->omNode-2-InstallSnapshotResponseHandler: received a reply omNode-1<-omNode-2#0:FAIL-t6,IN_PROGRESS
2022-10-04 13:26:29,492 [grpc-default-executor-3] INFO  server.GrpcLogAppender (GrpcLogAppender.java:onNext(421)) - omNode-1@group-523986131536->omNode-2-InstallSnapshotResponseHandler: InstallSnapshot in progress.
2022-10-04 13:26:29,492 [omNode-1@group-523986131536->omNode-2-GrpcLogAppender-LogAppenderDaemon] INFO  server.GrpcLogAppender (GrpcLogAppender.java:installSnapshot(541)) - omNode-1@group-523986131536->omNode-2-GrpcLogAppender: followerNextIndex = 57 but logStartIndex = 59, notify follower to install snapshot-(t:6, i:59)
2022-10-04 13:26:29,492 [omNode-1@group-523986131536->omNode-2-GrpcLogAppender-LogAppenderDaemon] INFO  server.GrpcLogAppender (GrpcLogAppender.java:installSnapshot(549)) - omNode-1@group-523986131536->omNode-2-GrpcLogAppender: send omNode-1->omNode-2#0-t6,notify:(t:6, i:59)
2022-10-04 13:26:29,493 [omNode-2-server-thread1] INFO  server.RaftServer$Division (RaftServerImpl.java:checkInconsistentAppendEntries(1402)) - omNode-2@group-523986131536: Failed appendEntries as snapshot (59) installation is in progress
2022-10-04 13:26:29,493 [omNode-2-server-thread1] INFO  server.RaftServer$Division (RaftServerImpl.java:checkInconsistentAppendEntries(1394)) - omNode-2@group-523986131536: inconsistency entries. Reply:omNode-1<-omNode-2#407:FAIL-t6,INCONSISTENCY,nextIndex=57,followerCommit=56
2022-10-04 13:26:29,493 [grpc-default-executor-3] INFO  impl.SnapshotInstallationHandler (SnapshotInstallationHandler.java:installSnapshot(84)) - omNode-2@group-523986131536: receive installSnapshot: omNode-1->omNode-2#0-t6,notify:(t:6, i:59)
2022-10-04 13:26:29,493 [grpc-default-executor-2] INFO  leader.FollowerInfo (FollowerInfoImpl.java:lambda$new$0(48)) - omNode-1@group-523986131536->omNode-2: nextIndex: updateUnconditionally 57 -> 57
2022-10-04 13:26:29,493 [grpc-default-executor-3] INFO  impl.SnapshotInstallationHandler (SnapshotInstallationHandler.java:installSnapshot(95)) - omNode-2@group-523986131536: reply installSnapshot: omNode-1<-omNode-2#0:FAIL-t6,IN_PROGRESS
2022-10-04 13:26:29,494 [grpc-default-executor-3] INFO  server.GrpcServerProtocolService (GrpcServerProtocolService.java:onCompleted(140)) - omNode-2: Completed INSTALL_SNAPSHOT, lastRequest: omNode-1->omNode-2#0-t6,notify:(t:6, i:59)
2022-10-04 13:26:29,494 [grpc-default-executor-3] INFO  server.GrpcLogAppender (GrpcLogAppender.java:onNext(403)) - omNode-1@group-523986131536->omNode-2-InstallSnapshotResponseHandler: received a reply omNode-1<-omNode-2#0:FAIL-t6,IN_PROGRESS
2022-10-04 13:26:29,494 [grpc-default-executor-3] INFO  server.GrpcLogAppender (GrpcLogAppender.java:onNext(421)) - omNode-1@group-523986131536->omNode-2-InstallSnapshotResponseHandler: InstallSnapshot in progress.
2022-10-04 13:26:29,494 [omNode-1@group-523986131536->omNode-2-GrpcLogAppender-LogAppenderDaemon] INFO  server.GrpcLogAppender (GrpcLogAppender.java:installSnapshot(541)) - omNode-1@group-523986131536->omNode-2-GrpcLogAppender: followerNextIndex = 57 but logStartIndex = 59, notify follower to install snapshot-(t:6, i:59)
2022-10-04 13:26:29,494 [omNode-1@group-523986131536->omNode-2-GrpcLogAppender-LogAppenderDaemon] INFO  server.GrpcLogAppender (GrpcLogAppender.java:installSnapshot(549)) - omNode-1@group-523986131536->omNode-2-GrpcLogAppender: send omNode-1->omNode-2#0-t6,notify:(t:6, i:59)
2022-10-04 13:26:29,495 [omNode-2-server-thread1] INFO  server.RaftServer$Division (RaftServerImpl.java:checkInconsistentAppendEntries(1402)) - omNode-2@group-523986131536: Failed appendEntries as snapshot (59) installation is in progress
2022-10-04 13:26:29,495 [omNode-2-server-thread1] INFO  server.RaftServer$Division (RaftServerImpl.java:checkInconsistentAppendEntries(1394)) - omNode-2@group-523986131536: inconsistency entries. Reply:omNode-1<-omNode-2#408:FAIL-t6,INCONSISTENCY,nextIndex=57,followerCommit=56
2022-10-04 13:26:29,495 [grpc-default-executor-2] INFO  impl.SnapshotInstallationHandler (SnapshotInstallationHandler.java:installSnapshot(84)) - omNode-2@group-523986131536: receive installSnapshot: omNode-1->omNode-2#0-t6,notify:(t:6, i:59)
2022-10-04 13:26:29,496 [grpc-default-executor-2] INFO  impl.SnapshotInstallationHandler (SnapshotInstallationHandler.java:installSnapshot(95)) - omNode-2@group-523986131536: reply installSnapshot: omNode-1<-omNode-2#0:FAIL-t6,IN_PROGRESS
2022-10-04 13:26:29,496 [grpc-default-executor-1] INFO  leader.FollowerInfo (FollowerInfoImpl.java:lambda$new$0(48)) - omNode-1@group-523986131536->omNode-2: nextIndex: updateUnconditionally 57 -> 57
2022-10-04 13:26:29,496 [grpc-default-executor-2] INFO  server.GrpcServerProtocolService (GrpcServerProtocolService.java:onCompleted(140)) - omNode-2: Completed INSTALL_SNAPSHOT, lastRequest: omNode-1->omNode-2#0-t6,notify:(t:6, i:59)
2022-10-04 13:26:29,496 [grpc-default-executor-3] INFO  server.GrpcLogAppender (GrpcLogAppender.java:onNext(403)) - omNode-1@group-523986131536->omNode-2-InstallSnapshotResponseHandler: received a reply omNode-1<-omNode-2#0:FAIL-t6,IN_PROGRESS
2022-10-04 13:26:29,496 [grpc-default-executor-3] INFO  server.GrpcLogAppender (GrpcLogAppender.java:onNext(421)) - omNode-1@group-523986131536->omNode-2-InstallSnapshotResponseHandler: InstallSnapshot in progress.
2022-10-04 13:26:29,496 [omNode-1@group-523986131536->omNode-2-GrpcLogAppender-LogAppenderDaemon] INFO  server.GrpcLogAppender (GrpcLogAppender.java:installSnapshot(541)) - omNode-1@group-523986131536->omNode-2-GrpcLogAppender: followerNextIndex = 57 but logStartIndex = 59, notify follower to install snapshot-(t:6, i:59)
2022-10-04 13:26:29,497 [omNode-1@group-523986131536->omNode-2-GrpcLogAppender-LogAppenderDaemon] INFO  server.GrpcLogAppender (GrpcLogAppender.java:installSnapshot(549)) - omNode-1@group-523986131536->omNode-2-GrpcLogAppender: send omNode-1->omNode-2#0-t6,notify:(t:6, i:59)
2022-10-04 13:26:29,507 [omNode-2-server-thread1] INFO  server.RaftServer$Division (RaftServerImpl.java:checkInconsistentAppendEntries(1402)) - omNode-2@group-523986131536: Failed appendEntries as snapshot (59) installation is in progress
2022-10-04 13:26:29,508 [omNode-2-server-thread1] INFO  server.RaftServer$Division (RaftServerImpl.java:checkInconsistentAppendEntries(1394)) - omNode-2@group-523986131536: inconsistency entries. Reply:omNode-1<-omNode-2#409:FAIL-t6,INCONSISTENCY,nextIndex=57,followerCommit=56
2022-10-04 13:26:29,511 [grpc-default-executor-3] INFO  leader.FollowerInfo (FollowerInfoImpl.java:lambda$new$0(48)) - omNode-1@group-523986131536->omNode-2: nextIndex: updateUnconditionally 57 -> 57
2022-10-04 13:26:29,514 [grpc-default-executor-0] INFO  impl.SnapshotInstallationHandler (SnapshotInstallationHandler.java:installSnapshot(84)) - omNode-2@group-523986131536: receive installSnapshot: omNode-1->omNode-2#0-t6,notify:(t:6, i:59)
2022-10-04 13:26:29,514 [grpc-default-executor-0] INFO  impl.SnapshotInstallationHandler (SnapshotInstallationHandler.java:installSnapshot(95)) - omNode-2@group-523986131536: reply installSnapshot: omNode-1<-omNode-2#0:FAIL-t6,IN_PROGRESS
2022-10-04 13:26:29,514 [grpc-default-executor-0] INFO  server.GrpcServerProtocolService (GrpcServerProtocolService.java:onCompleted(140)) - omNode-2: Completed INSTALL_SNAPSHOT, lastRequest: omNode-1->omNode-2#0-t6,notify:(t:6, i:59)
2022-10-04 13:26:29,515 [grpc-default-executor-3] INFO  server.GrpcLogAppender (GrpcLogAppender.java:onNext(403)) - omNode-1@group-523986131536->omNode-2-InstallSnapshotResponseHandler: received a reply omNode-1<-omNode-2#0:FAIL-t6,IN_PROGRESS
2022-10-04 13:26:29,515 [grpc-default-executor-3] INFO  server.GrpcLogAppender (GrpcLogAppender.java:onNext(421)) - omNode-1@group-523986131536->omNode-2-InstallSnapshotResponseHandler: InstallSnapshot in progress.
2022-10-04 13:26:29,515 [omNode-1@group-523986131536->omNode-2-GrpcLogAppender-LogAppenderDaemon] INFO  server.GrpcLogAppender (GrpcLogAppender.java:installSnapshot(541)) - omNode-1@group-523986131536->omNode-2-GrpcLogAppender: followerNextIndex = 57 but logStartIndex = 59, notify follower to install snapshot-(t:6, i:59)
2022-10-04 13:26:29,515 [omNode-1@group-523986131536->omNode-2-GrpcLogAppender-LogAppenderDaemon] INFO  server.GrpcLogAppender (GrpcLogAppender.java:installSnapshot(549)) - omNode-1@group-523986131536->omNode-2-GrpcLogAppender: send omNode-1->omNode-2#0-t6,notify:(t:6, i:59)
2022-10-04 13:26:29,516 [omNode-2-server-thread1] INFO  server.RaftServer$Division (RaftServerImpl.java:checkInconsistentAppendEntries(1402)) - omNode-2@group-523986131536: Failed appendEntries as snapshot (59) installation is in progress
2022-10-04 13:26:29,516 [omNode-2-server-thread1] INFO  server.RaftServer$Division (RaftServerImpl.java:checkInconsistentAppendEntries(1394)) - omNode-2@group-523986131536: inconsistency entries. Reply:omNode-1<-omNode-2#410:FAIL-t6,INCONSISTENCY,nextIndex=57,followerCommit=56
2022-10-04 13:26:29,516 [grpc-default-executor-0] INFO  impl.SnapshotInstallationHandler (SnapshotInstallationHandler.java:installSnapshot(84)) - omNode-2@group-523986131536: receive installSnapshot: omNode-1->omNode-2#0-t6,notify:(t:6, i:59)
2022-10-04 13:26:29,517 [grpc-default-executor-0] INFO  impl.SnapshotInstallationHandler (SnapshotInstallationHandler.java:installSnapshot(95)) - omNode-2@group-523986131536: reply installSnapshot: omNode-1<-omNode-2#0:FAIL-t6,IN_PROGRESS
2022-10-04 13:26:29,517 [grpc-default-executor-0] INFO  server.GrpcServerProtocolService (GrpcServerProtocolService.java:onCompleted(140)) - omNode-2: Completed INSTALL_SNAPSHOT, lastRequest: omNode-1->omNode-2#0-t6,notify:(t:6, i:59)
2022-10-04 13:26:29,518 [grpc-default-executor-2] INFO  server.GrpcLogAppender (GrpcLogAppender.java:onNext(403)) - omNode-1@group-523986131536->omNode-2-InstallSnapshotResponseHandler: received a reply omNode-1<-omNode-2#0:FAIL-t6,IN_PROGRESS
2022-10-04 13:26:29,518 [grpc-default-executor-2] INFO  server.GrpcLogAppender (GrpcLogAppender.java:onNext(421)) - omNode-1@group-523986131536->omNode-2-InstallSnapshotResponseHandler: InstallSnapshot in progress.
2022-10-04 13:26:29,518 [omNode-1@group-523986131536->omNode-2-GrpcLogAppender-LogAppenderDaemon] INFO  server.GrpcLogAppender (GrpcLogAppender.java:installSnapshot(541)) - omNode-1@group-523986131536->omNode-2-GrpcLogAppender: followerNextIndex = 57 but logStartIndex = 59, notify follower to install snapshot-(t:6, i:59)
2022-10-04 13:26:29,518 [omNode-1@group-523986131536->omNode-2-GrpcLogAppender-LogAppenderDaemon] INFO  server.GrpcLogAppender (GrpcLogAppender.java:installSnapshot(549)) - omNode-1@group-523986131536->omNode-2-GrpcLogAppender: send omNode-1->omNode-2#0-t6,notify:(t:6, i:59)
2022-10-04 13:26:29,519 [omNode-2-server-thread1] INFO  server.RaftServer$Division (RaftServerImpl.java:checkInconsistentAppendEntries(1402)) - omNode-2@group-523986131536: Failed appendEntries as snapshot (59) installation is in progress
2022-10-04 13:26:29,519 [omNode-2-server-thread1] INFO  server.RaftServer$Division (RaftServerImpl.java:checkInconsistentAppendEntries(1394)) - omNode-2@group-523986131536: inconsistency entries. Reply:omNode-1<-omNode-2#411:FAIL-t6,INCONSISTENCY,nextIndex=57,followerCommit=56
2022-10-04 13:26:29,519 [grpc-default-executor-2] INFO  impl.SnapshotInstallationHandler (SnapshotInstallationHandler.java:installSnapshot(84)) - omNode-2@group-523986131536: receive installSnapshot: omNode-1->omNode-2#0-t6,notify:(t:6, i:59)
2022-10-04 13:26:29,519 [grpc-default-executor-2] INFO  impl.SnapshotInstallationHandler (SnapshotInstallationHandler.java:installSnapshot(95)) - omNode-2@group-523986131536: reply installSnapshot: omNode-1<-omNode-2#0:FAIL-t6,IN_PROGRESS
2022-10-04 13:26:29,520 [grpc-default-executor-2] INFO  server.GrpcServerProtocolService (GrpcServerProtocolService.java:onCompleted(140)) - omNode-2: Completed INSTALL_SNAPSHOT, lastRequest: omNode-1->omNode-2#0-t6,notify:(t:6, i:59)
2022-10-04 13:26:29,519 [grpc-default-executor-0] INFO  leader.FollowerInfo (FollowerInfoImpl.java:lambda$new$0(48)) - omNode-1@group-523986131536->omNode-2: nextIndex: updateUnconditionally 57 -> 57
2022-10-04 13:26:29,520 [grpc-default-executor-2] INFO  server.GrpcLogAppender (GrpcLogAppender.java:onNext(403)) - omNode-1@group-523986131536->omNode-2-InstallSnapshotResponseHandler: received a reply omNode-1<-omNode-2#0:FAIL-t6,IN_PROGRESS
2022-10-04 13:26:29,520 [grpc-default-executor-2] INFO  server.GrpcLogAppender (GrpcLogAppender.java:onNext(421)) - omNode-1@group-523986131536->omNode-2-InstallSnapshotResponseHandler: InstallSnapshot in progress.
2022-10-04 13:26:29,520 [omNode-1@group-523986131536->omNode-2-GrpcLogAppender-LogAppenderDaemon] INFO  server.GrpcLogAppender (GrpcLogAppender.java:installSnapshot(541)) - omNode-1@group-523986131536->omNode-2-GrpcLogAppender: followerNextIndex = 57 but logStartIndex = 59, notify follower to install snapshot-(t:6, i:59)
2022-10-04 13:26:29,520 [omNode-1@group-523986131536->omNode-2-GrpcLogAppender-LogAppenderDaemon] INFO  server.GrpcLogAppender (GrpcLogAppender.java:installSnapshot(549)) - omNode-1@group-523986131536->omNode-2-GrpcLogAppender: send omNode-1->omNode-2#0-t6,notify:(t:6, i:59)
2022-10-04 13:26:29,521 [grpc-default-executor-0] INFO  leader.FollowerInfo (FollowerInfoImpl.java:lambda$new$0(48)) - omNode-1@group-523986131536->omNode-2: nextIndex: updateUnconditionally 57 -> 57
2022-10-04 13:26:29,521 [omNode-2-server-thread1] INFO  server.RaftServer$Division (RaftServerImpl.java:checkInconsistentAppendEntries(1402)) - omNode-2@group-523986131536: Failed appendEntries as snapshot (59) installation is in progress
2022-10-04 13:26:29,521 [omNode-2-server-thread1] INFO  server.RaftServer$Division (RaftServerImpl.java:checkInconsistentAppendEntries(1394)) - omNode-2@group-523986131536: inconsistency entries. Reply:omNode-1<-omNode-2#412:FAIL-t6,INCONSISTENCY,nextIndex=57,followerCommit=56
2022-10-04 13:26:29,522 [grpc-default-executor-0] INFO  impl.SnapshotInstallationHandler (SnapshotInstallationHandler.java:installSnapshot(84)) - omNode-2@group-523986131536: receive installSnapshot: omNode-1->omNode-2#0-t6,notify:(t:6, i:59)
2022-10-04 13:26:29,522 [grpc-default-executor-0] INFO  impl.SnapshotInstallationHandler (SnapshotInstallationHandler.java:installSnapshot(95)) - omNode-2@group-523986131536: reply installSnapshot: omNode-1<-omNode-2#0:FAIL-t6,IN_PROGRESS
2022-10-04 13:26:29,522 [grpc-default-executor-0] INFO  server.GrpcServerProtocolService (GrpcServerProtocolService.java:onCompleted(140)) - omNode-2: Completed INSTALL_SNAPSHOT, lastRequest: omNode-1->omNode-2#0-t6,notify:(t:6, i:59)
2022-10-04 13:26:29,523 [grpc-default-executor-0] INFO  leader.FollowerInfo (FollowerInfoImpl.java:lambda$new$0(48)) - omNode-1@group-523986131536->omNode-2: nextIndex: updateUnconditionally 57 -> 57
2022-10-04 13:26:29,523 [grpc-default-executor-2] INFO  server.GrpcLogAppender (GrpcLogAppender.java:onNext(403)) - omNode-1@group-523986131536->omNode-2-InstallSnapshotResponseHandler: received a reply omNode-1<-omNode-2#0:FAIL-t6,IN_PROGRESS
2022-10-04 13:26:29,523 [grpc-default-executor-2] INFO  server.GrpcLogAppender (GrpcLogAppender.java:onNext(421)) - omNode-1@group-523986131536->omNode-2-InstallSnapshotResponseHandler: InstallSnapshot in progress.
2022-10-04 13:26:29,523 [omNode-1@group-523986131536->omNode-2-GrpcLogAppender-LogAppenderDaemon] INFO  server.GrpcLogAppender (GrpcLogAppender.java:installSnapshot(541)) - omNode-1@group-523986131536->omNode-2-GrpcLogAppender: followerNextIndex = 57 but logStartIndex = 59, notify follower to install snapshot-(t:6, i:59)
2022-10-04 13:26:29,524 [omNode-1@group-523986131536->omNode-2-GrpcLogAppender-LogAppenderDaemon] INFO  server.GrpcLogAppender (GrpcLogAppender.java:installSnapshot(549)) - omNode-1@group-523986131536->omNode-2-GrpcLogAppender: send omNode-1->omNode-2#0-t6,notify:(t:6, i:59)
2022-10-04 13:26:29,524 [omNode-2-server-thread1] INFO  server.RaftServer$Division (RaftServerImpl.java:checkInconsistentAppendEntries(1402)) - omNode-2@group-523986131536: Failed appendEntries as snapshot (59) installation is in progress
2022-10-04 13:26:29,524 [omNode-2-server-thread1] INFO  server.RaftServer$Division (RaftServerImpl.java:checkInconsistentAppendEntries(1394)) - omNode-2@group-523986131536: inconsistency entries. Reply:omNode-1<-omNode-2#413:FAIL-t6,INCONSISTENCY,nextIndex=57,followerCommit=56
2022-10-04 13:26:29,525 [grpc-default-executor-3] INFO  leader.FollowerInfo (FollowerInfoImpl.java:lambda$new$0(48)) - omNode-1@group-523986131536->omNode-2: nextIndex: updateUnconditionally 57 -> 57
2022-10-04 13:26:29,525 [grpc-default-executor-0] INFO  impl.SnapshotInstallationHandler (SnapshotInstallationHandler.java:installSnapshot(84)) - omNode-2@group-523986131536: receive installSnapshot: omNode-1->omNode-2#0-t6,notify:(t:6, i:59)
2022-10-04 13:26:29,525 [grpc-default-executor-0] INFO  impl.SnapshotInstallationHandler (SnapshotInstallationHandler.java:installSnapshot(95)) - omNode-2@group-523986131536: reply installSnapshot: omNode-1<-omNode-2#0:FAIL-t6,IN_PROGRESS
2022-10-04 13:26:29,526 [grpc-default-executor-0] INFO  server.GrpcServerProtocolService (GrpcServerProtocolService.java:onCompleted(140)) - omNode-2: Completed INSTALL_SNAPSHOT, lastRequest: omNode-1->omNode-2#0-t6,notify:(t:6, i:59)
2022-10-04 13:26:29,526 [grpc-default-executor-0] INFO  server.GrpcLogAppender (GrpcLogAppender.java:onNext(403)) - omNode-1@group-523986131536->omNode-2-InstallSnapshotResponseHandler: received a reply omNode-1<-omNode-2#0:FAIL-t6,IN_PROGRESS
2022-10-04 13:26:29,527 [grpc-default-executor-0] INFO  server.GrpcLogAppender (GrpcLogAppender.java:onNext(421)) - omNode-1@group-523986131536->omNode-2-InstallSnapshotResponseHandler: InstallSnapshot in progress.
2022-10-04 13:26:29,527 [omNode-1@group-523986131536->omNode-2-GrpcLogAppender-LogAppenderDaemon] INFO  server.GrpcLogAppender (GrpcLogAppender.java:installSnapshot(541)) - omNode-1@group-523986131536->omNode-2-GrpcLogAppender: followerNextIndex = 57 but logStartIndex = 59, notify follower to install snapshot-(t:6, i:59)
2022-10-04 13:26:29,527 [omNode-1@group-523986131536->omNode-2-GrpcLogAppender-LogAppenderDaemon] INFO  server.GrpcLogAppender (GrpcLogAppender.java:installSnapshot(549)) - omNode-1@group-523986131536->omNode-2-GrpcLogAppender: send omNode-1->omNode-2#0-t6,notify:(t:6, i:59)
2022-10-04 13:26:29,528 [omNode-2-server-thread1] INFO  server.RaftServer$Division (RaftServerImpl.java:checkInconsistentAppendEntries(1402)) - omNode-2@group-523986131536: Failed appendEntries as snapshot (59) installation is in progress
2022-10-04 13:26:29,528 [omNode-2-server-thread1] INFO  server.RaftServer$Division (RaftServerImpl.java:checkInconsistentAppendEntries(1394)) - omNode-2@group-523986131536: inconsistency entries. Reply:omNode-1<-omNode-2#414:FAIL-t6,INCONSISTENCY,nextIndex=57,followerCommit=56
2022-10-04 13:26:29,528 [grpc-default-executor-2] INFO  impl.SnapshotInstallationHandler (SnapshotInstallationHandler.java:installSnapshot(84)) - omNode-2@group-523986131536: receive installSnapshot: omNode-1->omNode-2#0-t6,notify:(t:6, i:59)
2022-10-04 13:26:29,528 [grpc-default-executor-2] INFO  impl.SnapshotInstallationHandler (SnapshotInstallationHandler.java:installSnapshot(95)) - omNode-2@group-523986131536: reply installSnapshot: omNode-1<-omNode-2#0:FAIL-t6,IN_PROGRESS
2022-10-04 13:26:29,529 [grpc-default-executor-2] INFO  server.GrpcServerProtocolService (GrpcServerProtocolService.java:onCompleted(140)) - omNode-2: Completed INSTALL_SNAPSHOT, lastRequest: omNode-1->omNode-2#0-t6,notify:(t:6, i:59)
2022-10-04 13:26:29,529 [grpc-default-executor-0] INFO  server.GrpcLogAppender (GrpcLogAppender.java:onNext(403)) - omNode-1@group-523986131536->omNode-2-InstallSnapshotResponseHandler: received a reply omNode-1<-omNode-2#0:FAIL-t6,IN_PROGRESS
2022-10-04 13:26:29,529 [grpc-default-executor-0] INFO  server.GrpcLogAppender (GrpcLogAppender.java:onNext(421)) - omNode-1@group-523986131536->omNode-2-InstallSnapshotResponseHandler: InstallSnapshot in progress.
2022-10-04 13:26:29,530 [grpc-default-executor-2] INFO  leader.FollowerInfo (FollowerInfoImpl.java:lambda$new$0(48)) - omNode-1@group-523986131536->omNode-2: nextIndex: updateUnconditionally 57 -> 57
2022-10-04 13:26:29,530 [omNode-1@group-523986131536->omNode-2-GrpcLogAppender-LogAppenderDaemon] INFO  server.GrpcLogAppender (GrpcLogAppender.java:installSnapshot(541)) - omNode-1@group-523986131536->omNode-2-GrpcLogAppender: followerNextIndex = 57 but logStartIndex = 59, notify follower to install snapshot-(t:6, i:59)
2022-10-04 13:26:29,530 [omNode-1@group-523986131536->omNode-2-GrpcLogAppender-LogAppenderDaemon] INFO  server.GrpcLogAppender (GrpcLogAppender.java:installSnapshot(549)) - omNode-1@group-523986131536->omNode-2-GrpcLogAppender: send omNode-1->omNode-2#0-t6,notify:(t:6, i:59)
2022-10-04 13:26:29,530 [omNode-2-server-thread1] INFO  server.RaftServer$Division (RaftServerImpl.java:checkInconsistentAppendEntries(1402)) - omNode-2@group-523986131536: Failed appendEntries as snapshot (59) installation is in progress
2022-10-04 13:26:29,530 [omNode-2-server-thread1] INFO  server.RaftServer$Division (RaftServerImpl.java:checkInconsistentAppendEntries(1394)) - omNode-2@group-523986131536: inconsistency entries. Reply:omNode-1<-omNode-2#415:FAIL-t6,INCONSISTENCY,nextIndex=57,followerCommit=56
2022-10-04 13:26:29,531 [grpc-default-executor-0] INFO  impl.SnapshotInstallationHandler (SnapshotInstallationHandler.java:installSnapshot(84)) - omNode-2@group-523986131536: receive installSnapshot: omNode-1->omNode-2#0-t6,notify:(t:6, i:59)
2022-10-04 13:26:29,532 [grpc-default-executor-0] INFO  impl.SnapshotInstallationHandler (SnapshotInstallationHandler.java:installSnapshot(95)) - omNode-2@group-523986131536: reply installSnapshot: omNode-1<-omNode-2#0:FAIL-t6,IN_PROGRESS
2022-10-04 13:26:29,532 [grpc-default-executor-0] INFO  server.GrpcServerProtocolService (GrpcServerProtocolService.java:onCompleted(140)) - omNode-2: Completed INSTALL_SNAPSHOT, lastRequest: omNode-1->omNode-2#0-t6,notify:(t:6, i:59)
2022-10-04 13:26:29,531 [grpc-default-executor-2] INFO  leader.FollowerInfo (FollowerInfoImpl.java:lambda$new$0(48)) - omNode-1@group-523986131536->omNode-2: nextIndex: updateUnconditionally 57 -> 57
2022-10-04 13:26:29,533 [grpc-default-executor-2] INFO  server.GrpcLogAppender (GrpcLogAppender.java:onNext(403)) - omNode-1@group-523986131536->omNode-2-InstallSnapshotResponseHandler: received a reply omNode-1<-omNode-2#0:FAIL-t6,IN_PROGRESS
2022-10-04 13:26:29,533 [grpc-default-executor-2] INFO  server.GrpcLogAppender (GrpcLogAppender.java:onNext(421)) - omNode-1@group-523986131536->omNode-2-InstallSnapshotResponseHandler: InstallSnapshot in progress.
2022-10-04 13:26:29,536 [omNode-1@group-523986131536->omNode-2-GrpcLogAppender-LogAppenderDaemon] INFO  server.GrpcLogAppender (GrpcLogAppender.java:installSnapshot(541)) - omNode-1@group-523986131536->omNode-2-GrpcLogAppender: followerNextIndex = 57 but logStartIndex = 59, notify follower to install snapshot-(t:6, i:59)
2022-10-04 13:26:29,536 [omNode-1@group-523986131536->omNode-2-GrpcLogAppender-LogAppenderDaemon] INFO  server.GrpcLogAppender (GrpcLogAppender.java:installSnapshot(549)) - omNode-1@group-523986131536->omNode-2-GrpcLogAppender: send omNode-1->omNode-2#0-t6,notify:(t:6, i:59)
2022-10-04 13:26:29,540 [omNode-2-server-thread1] INFO  server.RaftServer$Division (RaftServerImpl.java:checkInconsistentAppendEntries(1402)) - omNode-2@group-523986131536: Failed appendEntries as snapshot (59) installation is in progress
2022-10-04 13:26:29,540 [omNode-2-server-thread1] INFO  server.RaftServer$Division (RaftServerImpl.java:checkInconsistentAppendEntries(1394)) - omNode-2@group-523986131536: inconsistency entries. Reply:omNode-1<-omNode-2#416:FAIL-t6,INCONSISTENCY,nextIndex=57,followerCommit=56
2022-10-04 13:26:29,543 [grpc-default-executor-3] INFO  impl.SnapshotInstallationHandler (SnapshotInstallationHandler.java:installSnapshot(84)) - omNode-2@group-523986131536: receive installSnapshot: omNode-1->omNode-2#0-t6,notify:(t:6, i:59)
2022-10-04 13:26:29,543 [grpc-default-executor-3] INFO  impl.SnapshotInstallationHandler (SnapshotInstallationHandler.java:installSnapshot(95)) - omNode-2@group-523986131536: reply installSnapshot: omNode-1<-omNode-2#0:FAIL-t6,IN_PROGRESS
2022-10-04 13:26:29,543 [grpc-default-executor-3] INFO  server.GrpcServerProtocolService (GrpcServerProtocolService.java:onCompleted(140)) - omNode-2: Completed INSTALL_SNAPSHOT, lastRequest: omNode-1->omNode-2#0-t6,notify:(t:6, i:59)
2022-10-04 13:26:29,544 [grpc-default-executor-3] INFO  leader.FollowerInfo (FollowerInfoImpl.java:lambda$new$0(48)) - omNode-1@group-523986131536->omNode-2: nextIndex: updateUnconditionally 57 -> 57
2022-10-04 13:26:29,544 [grpc-default-executor-3] INFO  server.GrpcLogAppender (GrpcLogAppender.java:onNext(403)) - omNode-1@group-523986131536->omNode-2-InstallSnapshotResponseHandler: received a reply omNode-1<-omNode-2#0:FAIL-t6,IN_PROGRESS
2022-10-04 13:26:29,544 [grpc-default-executor-3] INFO  server.GrpcLogAppender (GrpcLogAppender.java:onNext(421)) - omNode-1@group-523986131536->omNode-2-InstallSnapshotResponseHandler: InstallSnapshot in progress.
2022-10-04 13:26:29,545 [omNode-1@group-523986131536->omNode-2-GrpcLogAppender-LogAppenderDaemon] INFO  server.GrpcLogAppender (GrpcLogAppender.java:installSnapshot(541)) - omNode-1@group-523986131536->omNode-2-GrpcLogAppender: followerNextIndex = 57 but logStartIndex = 59, notify follower to install snapshot-(t:6, i:59)
2022-10-04 13:26:29,545 [omNode-1@group-523986131536->omNode-2-GrpcLogAppender-LogAppenderDaemon] INFO  server.GrpcLogAppender (GrpcLogAppender.java:installSnapshot(549)) - omNode-1@group-523986131536->omNode-2-GrpcLogAppender: send omNode-1->omNode-2#0-t6,notify:(t:6, i:59)
2022-10-04 13:26:29,546 [omNode-2-server-thread1] INFO  server.RaftServer$Division (RaftServerImpl.java:checkInconsistentAppendEntries(1402)) - omNode-2@group-523986131536: Failed appendEntries as snapshot (59) installation is in progress
2022-10-04 13:26:29,546 [omNode-2-server-thread1] INFO  server.RaftServer$Division (RaftServerImpl.java:checkInconsistentAppendEntries(1394)) - omNode-2@group-523986131536: inconsistency entries. Reply:omNode-1<-omNode-2#417:FAIL-t6,INCONSISTENCY,nextIndex=57,followerCommit=56
2022-10-04 13:26:29,547 [grpc-default-executor-0] INFO  impl.SnapshotInstallationHandler (SnapshotInstallationHandler.java:installSnapshot(84)) - omNode-2@group-523986131536: receive installSnapshot: omNode-1->omNode-2#0-t6,notify:(t:6, i:59)
2022-10-04 13:26:29,547 [grpc-default-executor-0] INFO  impl.SnapshotInstallationHandler (SnapshotInstallationHandler.java:installSnapshot(95)) - omNode-2@group-523986131536: reply installSnapshot: omNode-1<-omNode-2#0:FAIL-t6,IN_PROGRESS
2022-10-04 13:26:29,547 [grpc-default-executor-0] INFO  server.GrpcServerProtocolService (GrpcServerProtocolService.java:onCompleted(140)) - omNode-2: Completed INSTALL_SNAPSHOT, lastRequest: omNode-1->omNode-2#0-t6,notify:(t:6, i:59)
2022-10-04 13:26:29,548 [grpc-default-executor-0] INFO  leader.FollowerInfo (FollowerInfoImpl.java:lambda$new$0(48)) - omNode-1@group-523986131536->omNode-2: nextIndex: updateUnconditionally 57 -> 57
2022-10-04 13:26:29,549 [grpc-default-executor-0] INFO  server.GrpcLogAppender (GrpcLogAppender.java:onNext(403)) - omNode-1@group-523986131536->omNode-2-InstallSnapshotResponseHandler: received a reply omNode-1<-omNode-2#0:FAIL-t6,IN_PROGRESS
2022-10-04 13:26:29,549 [grpc-default-executor-0] INFO  server.GrpcLogAppender (GrpcLogAppender.java:onNext(421)) - omNode-1@group-523986131536->omNode-2-InstallSnapshotResponseHandler: InstallSnapshot in progress.
2022-10-04 13:26:29,549 [omNode-1@group-523986131536->omNode-2-GrpcLogAppender-LogAppenderDaemon] INFO  server.GrpcLogAppender (GrpcLogAppender.java:installSnapshot(541)) - omNode-1@group-523986131536->omNode-2-GrpcLogAppender: followerNextIndex = 57 but logStartIndex = 59, notify follower to install snapshot-(t:6, i:59)
2022-10-04 13:26:29,549 [omNode-1@group-523986131536->omNode-2-GrpcLogAppender-LogAppenderDaemon] INFO  server.GrpcLogAppender (GrpcLogAppender.java:installSnapshot(549)) - omNode-1@group-523986131536->omNode-2-GrpcLogAppender: send omNode-1->omNode-2#0-t6,notify:(t:6, i:59)
2022-10-04 13:26:29,561 [omNode-2-server-thread1] INFO  server.RaftServer$Division (RaftServerImpl.java:checkInconsistentAppendEntries(1402)) - omNode-2@group-523986131536: Failed appendEntries as snapshot (59) installation is in progress
2022-10-04 13:26:29,561 [omNode-2-server-thread1] INFO  server.RaftServer$Division (RaftServerImpl.java:checkInconsistentAppendEntries(1394)) - omNode-2@group-523986131536: inconsistency entries. Reply:omNode-1<-omNode-2#418:FAIL-t6,INCONSISTENCY,nextIndex=57,followerCommit=56
2022-10-04 13:26:29,562 [grpc-default-executor-0] INFO  impl.SnapshotInstallationHandler (SnapshotInstallationHandler.java:installSnapshot(84)) - omNode-2@group-523986131536: receive installSnapshot: omNode-1->omNode-2#0-t6,notify:(t:6, i:59)
2022-10-04 13:26:29,562 [grpc-default-executor-0] INFO  impl.SnapshotInstallationHandler (SnapshotInstallationHandler.java:installSnapshot(95)) - omNode-2@group-523986131536: reply installSnapshot: omNode-1<-omNode-2#0:FAIL-t6,IN_PROGRESS
2022-10-04 13:26:29,562 [grpc-default-executor-0] INFO  server.GrpcServerProtocolService (GrpcServerProtocolService.java:onCompleted(140)) - omNode-2: Completed INSTALL_SNAPSHOT, lastRequest: omNode-1->omNode-2#0-t6,notify:(t:6, i:59)
2022-10-04 13:26:29,564 [grpc-default-executor-3] INFO  server.GrpcLogAppender (GrpcLogAppender.java:onNext(403)) - omNode-1@group-523986131536->omNode-2-InstallSnapshotResponseHandler: received a reply omNode-1<-omNode-2#0:FAIL-t6,IN_PROGRESS
2022-10-04 13:26:29,564 [grpc-default-executor-3] INFO  server.GrpcLogAppender (GrpcLogAppender.java:onNext(421)) - omNode-1@group-523986131536->omNode-2-InstallSnapshotResponseHandler: InstallSnapshot in progress.
2022-10-04 13:26:29,564 [grpc-default-executor-0] INFO  leader.FollowerInfo (FollowerInfoImpl.java:lambda$new$0(48)) - omNode-1@group-523986131536->omNode-2: nextIndex: updateUnconditionally 57 -> 57
2022-10-04 13:26:29,565 [omNode-1@group-523986131536->omNode-2-GrpcLogAppender-LogAppenderDaemon] INFO  server.GrpcLogAppender (GrpcLogAppender.java:installSnapshot(541)) - omNode-1@group-523986131536->omNode-2-GrpcLogAppender: followerNextIndex = 57 but logStartIndex = 59, notify follower to install snapshot-(t:6, i:59)
2022-10-04 13:26:29,565 [omNode-1@group-523986131536->omNode-2-GrpcLogAppender-LogAppenderDaemon] INFO  server.GrpcLogAppender (GrpcLogAppender.java:installSnapshot(549)) - omNode-1@group-523986131536->omNode-2-GrpcLogAppender: send omNode-1->omNode-2#0-t6,notify:(t:6, i:59)
2022-10-04 13:26:29,566 [omNode-2-server-thread1] INFO  server.RaftServer$Division (RaftServerImpl.java:checkInconsistentAppendEntries(1402)) - omNode-2@group-523986131536: Failed appendEntries as snapshot (59) installation is in progress
2022-10-04 13:26:29,566 [omNode-2-server-thread1] INFO  server.RaftServer$Division (RaftServerImpl.java:checkInconsistentAppendEntries(1394)) - omNode-2@group-523986131536: inconsistency entries. Reply:omNode-1<-omNode-2#419:FAIL-t6,INCONSISTENCY,nextIndex=57,followerCommit=56
2022-10-04 13:26:29,566 [grpc-default-executor-1] INFO  impl.SnapshotInstallationHandler (SnapshotInstallationHandler.java:installSnapshot(84)) - omNode-2@group-523986131536: receive installSnapshot: omNode-1->omNode-2#0-t6,notify:(t:6, i:59)
2022-10-04 13:26:29,566 [grpc-default-executor-1] INFO  impl.SnapshotInstallationHandler (SnapshotInstallationHandler.java:installSnapshot(95)) - omNode-2@group-523986131536: reply installSnapshot: omNode-1<-omNode-2#0:FAIL-t6,IN_PROGRESS
2022-10-04 13:26:29,567 [grpc-default-executor-1] INFO  server.GrpcServerProtocolService (GrpcServerProtocolService.java:onCompleted(140)) - omNode-2: Completed INSTALL_SNAPSHOT, lastRequest: omNode-1->omNode-2#0-t6,notify:(t:6, i:59)
2022-10-04 13:26:29,567 [grpc-default-executor-2] INFO  leader.FollowerInfo (FollowerInfoImpl.java:lambda$new$0(48)) - omNode-1@group-523986131536->omNode-2: nextIndex: updateUnconditionally 57 -> 57
2022-10-04 13:26:29,567 [grpc-default-executor-1] INFO  server.GrpcLogAppender (GrpcLogAppender.java:onNext(403)) - omNode-1@group-523986131536->omNode-2-InstallSnapshotResponseHandler: received a reply omNode-1<-omNode-2#0:FAIL-t6,IN_PROGRESS
2022-10-04 13:26:29,567 [grpc-default-executor-1] INFO  server.GrpcLogAppender (GrpcLogAppender.java:onNext(421)) - omNode-1@group-523986131536->omNode-2-InstallSnapshotResponseHandler: InstallSnapshot in progress.
2022-10-04 13:26:29,568 [omNode-1@group-523986131536->omNode-2-GrpcLogAppender-LogAppenderDaemon] INFO  server.GrpcLogAppender (GrpcLogAppender.java:installSnapshot(541)) - omNode-1@group-523986131536->omNode-2-GrpcLogAppender: followerNextIndex = 57 but logStartIndex = 59, notify follower to install snapshot-(t:6, i:59)
2022-10-04 13:26:29,568 [omNode-1@group-523986131536->omNode-2-GrpcLogAppender-LogAppenderDaemon] INFO  server.GrpcLogAppender (GrpcLogAppender.java:installSnapshot(549)) - omNode-1@group-523986131536->omNode-2-GrpcLogAppender: send omNode-1->omNode-2#0-t6,notify:(t:6, i:59)
2022-10-04 13:26:29,570 [omNode-2-server-thread1] INFO  server.RaftServer$Division (RaftServerImpl.java:checkInconsistentAppendEntries(1402)) - omNode-2@group-523986131536: Failed appendEntries as snapshot (59) installation is in progress
2022-10-04 13:26:29,570 [omNode-2-server-thread1] INFO  server.RaftServer$Division (RaftServerImpl.java:checkInconsistentAppendEntries(1394)) - omNode-2@group-523986131536: inconsistency entries. Reply:omNode-1<-omNode-2#420:FAIL-t6,INCONSISTENCY,nextIndex=57,followerCommit=56
2022-10-04 13:26:29,570 [grpc-default-executor-1] INFO  impl.SnapshotInstallationHandler (SnapshotInstallationHandler.java:installSnapshot(84)) - omNode-2@group-523986131536: receive installSnapshot: omNode-1->omNode-2#0-t6,notify:(t:6, i:59)
2022-10-04 13:26:29,570 [grpc-default-executor-1] INFO  impl.SnapshotInstallationHandler (SnapshotInstallationHandler.java:installSnapshot(95)) - omNode-2@group-523986131536: reply installSnapshot: omNode-1<-omNode-2#0:FAIL-t6,IN_PROGRESS
2022-10-04 13:26:29,571 [grpc-default-executor-1] INFO  server.GrpcServerProtocolService (GrpcServerProtocolService.java:onCompleted(140)) - omNode-2: Completed INSTALL_SNAPSHOT, lastRequest: omNode-1->omNode-2#0-t6,notify:(t:6, i:59)
2022-10-04 13:26:29,571 [grpc-default-executor-3] INFO  leader.FollowerInfo (FollowerInfoImpl.java:lambda$new$0(48)) - omNode-1@group-523986131536->omNode-2: nextIndex: updateUnconditionally 57 -> 57
2022-10-04 13:26:29,571 [grpc-default-executor-1] INFO  server.GrpcLogAppender (GrpcLogAppender.java:onNext(403)) - omNode-1@group-523986131536->omNode-2-InstallSnapshotResponseHandler: received a reply omNode-1<-omNode-2#0:FAIL-t6,IN_PROGRESS
2022-10-04 13:26:29,571 [grpc-default-executor-1] INFO  server.GrpcLogAppender (GrpcLogAppender.java:onNext(421)) - omNode-1@group-523986131536->omNode-2-InstallSnapshotResponseHandler: InstallSnapshot in progress.
2022-10-04 13:26:29,571 [omNode-1@group-523986131536->omNode-2-GrpcLogAppender-LogAppenderDaemon] INFO  server.GrpcLogAppender (GrpcLogAppender.java:installSnapshot(541)) - omNode-1@group-523986131536->omNode-2-GrpcLogAppender: followerNextIndex = 57 but logStartIndex = 59, notify follower to install snapshot-(t:6, i:59)
2022-10-04 13:26:29,571 [omNode-1@group-523986131536->omNode-2-GrpcLogAppender-LogAppenderDaemon] INFO  server.GrpcLogAppender (GrpcLogAppender.java:installSnapshot(549)) - omNode-1@group-523986131536->omNode-2-GrpcLogAppender: send omNode-1->omNode-2#0-t6,notify:(t:6, i:59)
2022-10-04 13:26:29,572 [omNode-2-server-thread1] INFO  server.RaftServer$Division (RaftServerImpl.java:checkInconsistentAppendEntries(1402)) - omNode-2@group-523986131536: Failed appendEntries as snapshot (59) installation is in progress
2022-10-04 13:26:29,572 [omNode-2-server-thread1] INFO  server.RaftServer$Division (RaftServerImpl.java:checkInconsistentAppendEntries(1394)) - omNode-2@group-523986131536: inconsistency entries. Reply:omNode-1<-omNode-2#421:FAIL-t6,INCONSISTENCY,nextIndex=57,followerCommit=56
2022-10-04 13:26:29,572 [grpc-default-executor-1] INFO  impl.SnapshotInstallationHandler (SnapshotInstallationHandler.java:installSnapshot(84)) - omNode-2@group-523986131536: receive installSnapshot: omNode-1->omNode-2#0-t6,notify:(t:6, i:59)
2022-10-04 13:26:29,572 [grpc-default-executor-1] INFO  impl.SnapshotInstallationHandler (SnapshotInstallationHandler.java:installSnapshot(95)) - omNode-2@group-523986131536: reply installSnapshot: omNode-1<-omNode-2#0:FAIL-t6,IN_PROGRESS
2022-10-04 13:26:29,572 [grpc-default-executor-1] INFO  server.GrpcServerProtocolService (GrpcServerProtocolService.java:onCompleted(140)) - omNode-2: Completed INSTALL_SNAPSHOT, lastRequest: omNode-1->omNode-2#0-t6,notify:(t:6, i:59)
2022-10-04 13:26:29,573 [grpc-default-executor-3] INFO  leader.FollowerInfo (FollowerInfoImpl.java:lambda$new$0(48)) - omNode-1@group-523986131536->omNode-2: nextIndex: updateUnconditionally 57 -> 57
2022-10-04 13:26:29,573 [grpc-default-executor-1] INFO  server.GrpcLogAppender (GrpcLogAppender.java:onNext(403)) - omNode-1@group-523986131536->omNode-2-InstallSnapshotResponseHandler: received a reply omNode-1<-omNode-2#0:FAIL-t6,IN_PROGRESS
2022-10-04 13:26:29,573 [grpc-default-executor-1] INFO  server.GrpcLogAppender (GrpcLogAppender.java:onNext(421)) - omNode-1@group-523986131536->omNode-2-InstallSnapshotResponseHandler: InstallSnapshot in progress.
2022-10-04 13:26:29,573 [omNode-1@group-523986131536->omNode-2-GrpcLogAppender-LogAppenderDaemon] INFO  server.GrpcLogAppender (GrpcLogAppender.java:installSnapshot(541)) - omNode-1@group-523986131536->omNode-2-GrpcLogAppender: followerNextIndex = 57 but logStartIndex = 59, notify follower to install snapshot-(t:6, i:59)
2022-10-04 13:26:29,573 [omNode-1@group-523986131536->omNode-2-GrpcLogAppender-LogAppenderDaemon] INFO  server.GrpcLogAppender (GrpcLogAppender.java:installSnapshot(549)) - omNode-1@group-523986131536->omNode-2-GrpcLogAppender: send omNode-1->omNode-2#0-t6,notify:(t:6, i:59)
2022-10-04 13:26:29,574 [omNode-2-server-thread1] INFO  server.RaftServer$Division (RaftServerImpl.java:checkInconsistentAppendEntries(1402)) - omNode-2@group-523986131536: Failed appendEntries as snapshot (59) installation is in progress
2022-10-04 13:26:29,574 [omNode-2-server-thread1] INFO  server.RaftServer$Division (RaftServerImpl.java:checkInconsistentAppendEntries(1394)) - omNode-2@group-523986131536: inconsistency entries. Reply:omNode-1<-omNode-2#422:FAIL-t6,INCONSISTENCY,nextIndex=57,followerCommit=56
2022-10-04 13:26:29,574 [grpc-default-executor-1] INFO  impl.SnapshotInstallationHandler (SnapshotInstallationHandler.java:installSnapshot(84)) - omNode-2@group-523986131536: receive installSnapshot: omNode-1->omNode-2#0-t6,notify:(t:6, i:59)
2022-10-04 13:26:29,574 [grpc-default-executor-1] INFO  impl.SnapshotInstallationHandler (SnapshotInstallationHandler.java:installSnapshot(95)) - omNode-2@group-523986131536: reply installSnapshot: omNode-1<-omNode-2#0:FAIL-t6,IN_PROGRESS
2022-10-04 13:26:29,574 [grpc-default-executor-1] INFO  server.GrpcServerProtocolService (GrpcServerProtocolService.java:onCompleted(140)) - omNode-2: Completed INSTALL_SNAPSHOT, lastRequest: omNode-1->omNode-2#0-t6,notify:(t:6, i:59)
2022-10-04 13:26:29,575 [grpc-default-executor-3] INFO  leader.FollowerInfo (FollowerInfoImpl.java:lambda$new$0(48)) - omNode-1@group-523986131536->omNode-2: nextIndex: updateUnconditionally 57 -> 57
2022-10-04 13:26:29,575 [grpc-default-executor-1] INFO  server.GrpcLogAppender (GrpcLogAppender.java:onNext(403)) - omNode-1@group-523986131536->omNode-2-InstallSnapshotResponseHandler: received a reply omNode-1<-omNode-2#0:FAIL-t6,IN_PROGRESS
2022-10-04 13:26:29,575 [grpc-default-executor-1] INFO  server.GrpcLogAppender (GrpcLogAppender.java:onNext(421)) - omNode-1@group-523986131536->omNode-2-InstallSnapshotResponseHandler: InstallSnapshot in progress.
2022-10-04 13:26:29,575 [omNode-1@group-523986131536->omNode-2-GrpcLogAppender-LogAppenderDaemon] INFO  server.GrpcLogAppender (GrpcLogAppender.java:installSnapshot(541)) - omNode-1@group-523986131536->omNode-2-GrpcLogAppender: followerNextIndex = 57 but logStartIndex = 59, notify follower to install snapshot-(t:6, i:59)
2022-10-04 13:26:29,575 [omNode-1@group-523986131536->omNode-2-GrpcLogAppender-LogAppenderDaemon] INFO  server.GrpcLogAppender (GrpcLogAppender.java:installSnapshot(549)) - omNode-1@group-523986131536->omNode-2-GrpcLogAppender: send omNode-1->omNode-2#0-t6,notify:(t:6, i:59)
2022-10-04 13:26:29,576 [omNode-2-server-thread1] INFO  server.RaftServer$Division (RaftServerImpl.java:checkInconsistentAppendEntries(1402)) - omNode-2@group-523986131536: Failed appendEntries as snapshot (59) installation is in progress
2022-10-04 13:26:29,576 [omNode-2-server-thread1] INFO  server.RaftServer$Division (RaftServerImpl.java:checkInconsistentAppendEntries(1394)) - omNode-2@group-523986131536: inconsistency entries. Reply:omNode-1<-omNode-2#423:FAIL-t6,INCONSISTENCY,nextIndex=57,followerCommit=56
2022-10-04 13:26:29,580 [grpc-default-executor-1] INFO  leader.FollowerInfo (FollowerInfoImpl.java:lambda$new$0(48)) - omNode-1@group-523986131536->omNode-2: nextIndex: updateUnconditionally 57 -> 57
2022-10-04 13:26:29,585 [grpc-default-executor-1] INFO  impl.SnapshotInstallationHandler (SnapshotInstallationHandler.java:installSnapshot(84)) - omNode-2@group-523986131536: receive installSnapshot: omNode-1->omNode-2#0-t6,notify:(t:6, i:59)
2022-10-04 13:26:29,586 [grpc-default-executor-1] INFO  impl.SnapshotInstallationHandler (SnapshotInstallationHandler.java:installSnapshot(95)) - omNode-2@group-523986131536: reply installSnapshot: omNode-1<-omNode-2#0:FAIL-t6,IN_PROGRESS
2022-10-04 13:26:29,586 [grpc-default-executor-1] INFO  server.GrpcServerProtocolService (GrpcServerProtocolService.java:onCompleted(140)) - omNode-2: Completed INSTALL_SNAPSHOT, lastRequest: omNode-1->omNode-2#0-t6,notify:(t:6, i:59)
2022-10-04 13:26:29,592 [grpc-default-executor-3] INFO  server.GrpcLogAppender (GrpcLogAppender.java:onNext(403)) - omNode-1@group-523986131536->omNode-2-InstallSnapshotResponseHandler: received a reply omNode-1<-omNode-2#0:FAIL-t6,IN_PROGRESS
2022-10-04 13:26:29,592 [grpc-default-executor-3] INFO  server.GrpcLogAppender (GrpcLogAppender.java:onNext(421)) - omNode-1@group-523986131536->omNode-2-InstallSnapshotResponseHandler: InstallSnapshot in progress.
2022-10-04 13:26:29,592 [omNode-1@group-523986131536->omNode-2-GrpcLogAppender-LogAppenderDaemon] INFO  server.GrpcLogAppender (GrpcLogAppender.java:installSnapshot(541)) - omNode-1@group-523986131536->omNode-2-GrpcLogAppender: followerNextIndex = 57 but logStartIndex = 59, notify follower to install snapshot-(t:6, i:59)
2022-10-04 13:26:29,592 [omNode-1@group-523986131536->omNode-2-GrpcLogAppender-LogAppenderDaemon] INFO  server.GrpcLogAppender (GrpcLogAppender.java:installSnapshot(549)) - omNode-1@group-523986131536->omNode-2-GrpcLogAppender: send omNode-1->omNode-2#0-t6,notify:(t:6, i:59)
2022-10-04 13:26:29,592 [omNode-2-server-thread1] INFO  server.RaftServer$Division (RaftServerImpl.java:checkInconsistentAppendEntries(1402)) - omNode-2@group-523986131536: Failed appendEntries as snapshot (59) installation is in progress
2022-10-04 13:26:29,592 [omNode-2-server-thread1] INFO  server.RaftServer$Division (RaftServerImpl.java:checkInconsistentAppendEntries(1394)) - omNode-2@group-523986131536: inconsistency entries. Reply:omNode-1<-omNode-2#424:FAIL-t6,INCONSISTENCY,nextIndex=57,followerCommit=56
2022-10-04 13:26:29,593 [grpc-default-executor-1] INFO  leader.FollowerInfo (FollowerInfoImpl.java:lambda$new$0(48)) - omNode-1@group-523986131536->omNode-2: nextIndex: updateUnconditionally 57 -> 57
2022-10-04 13:26:29,594 [grpc-default-executor-3] INFO  impl.SnapshotInstallationHandler (SnapshotInstallationHandler.java:installSnapshot(84)) - omNode-2@group-523986131536: receive installSnapshot: omNode-1->omNode-2#0-t6,notify:(t:6, i:59)
2022-10-04 13:26:29,594 [grpc-default-executor-3] INFO  impl.SnapshotInstallationHandler (SnapshotInstallationHandler.java:installSnapshot(95)) - omNode-2@group-523986131536: reply installSnapshot: omNode-1<-omNode-2#0:FAIL-t6,IN_PROGRESS
2022-10-04 13:26:29,594 [grpc-default-executor-3] INFO  server.GrpcServerProtocolService (GrpcServerProtocolService.java:onCompleted(140)) - omNode-2: Completed INSTALL_SNAPSHOT, lastRequest: omNode-1->omNode-2#0-t6,notify:(t:6, i:59)
2022-10-04 13:26:29,596 [grpc-default-executor-3] INFO  server.GrpcLogAppender (GrpcLogAppender.java:onNext(403)) - omNode-1@group-523986131536->omNode-2-InstallSnapshotResponseHandler: received a reply omNode-1<-omNode-2#0:FAIL-t6,IN_PROGRESS
2022-10-04 13:26:29,596 [grpc-default-executor-3] INFO  server.GrpcLogAppender (GrpcLogAppender.java:onNext(421)) - omNode-1@group-523986131536->omNode-2-InstallSnapshotResponseHandler: InstallSnapshot in progress.
2022-10-04 13:26:29,596 [omNode-1@group-523986131536->omNode-2-GrpcLogAppender-LogAppenderDaemon] INFO  server.GrpcLogAppender (GrpcLogAppender.java:installSnapshot(541)) - omNode-1@group-523986131536->omNode-2-GrpcLogAppender: followerNextIndex = 57 but logStartIndex = 59, notify follower to install snapshot-(t:6, i:59)
2022-10-04 13:26:29,597 [omNode-1@group-523986131536->omNode-2-GrpcLogAppender-LogAppenderDaemon] INFO  server.GrpcLogAppender (GrpcLogAppender.java:installSnapshot(549)) - omNode-1@group-523986131536->omNode-2-GrpcLogAppender: send omNode-1->omNode-2#0-t6,notify:(t:6, i:59)
2022-10-04 13:26:29,597 [omNode-2-server-thread1] INFO  server.RaftServer$Division (RaftServerImpl.java:checkInconsistentAppendEntries(1402)) - omNode-2@group-523986131536: Failed appendEntries as snapshot (59) installation is in progress
2022-10-04 13:26:29,597 [omNode-2-server-thread1] INFO  server.RaftServer$Division (RaftServerImpl.java:checkInconsistentAppendEntries(1394)) - omNode-2@group-523986131536: inconsistency entries. Reply:omNode-1<-omNode-2#425:FAIL-t6,INCONSISTENCY,nextIndex=57,followerCommit=56
2022-10-04 13:26:29,598 [grpc-default-executor-3] INFO  impl.SnapshotInstallationHandler (SnapshotInstallationHandler.java:installSnapshot(84)) - omNode-2@group-523986131536: receive installSnapshot: omNode-1->omNode-2#0-t6,notify:(t:6, i:59)
2022-10-04 13:26:29,598 [grpc-default-executor-3] INFO  impl.SnapshotInstallationHandler (SnapshotInstallationHandler.java:installSnapshot(95)) - omNode-2@group-523986131536: reply installSnapshot: omNode-1<-omNode-2#0:FAIL-t6,IN_PROGRESS
2022-10-04 13:26:29,598 [grpc-default-executor-3] INFO  server.GrpcServerProtocolService (GrpcServerProtocolService.java:onCompleted(140)) - omNode-2: Completed INSTALL_SNAPSHOT, lastRequest: omNode-1->omNode-2#0-t6,notify:(t:6, i:59)
2022-10-04 13:26:29,599 [grpc-default-executor-3] INFO  leader.FollowerInfo (FollowerInfoImpl.java:lambda$new$0(48)) - omNode-1@group-523986131536->omNode-2: nextIndex: updateUnconditionally 57 -> 57
2022-10-04 13:26:29,599 [grpc-default-executor-3] INFO  server.GrpcLogAppender (GrpcLogAppender.java:onNext(403)) - omNode-1@group-523986131536->omNode-2-InstallSnapshotResponseHandler: received a reply omNode-1<-omNode-2#0:FAIL-t6,IN_PROGRESS
2022-10-04 13:26:29,599 [grpc-default-executor-3] INFO  server.GrpcLogAppender (GrpcLogAppender.java:onNext(421)) - omNode-1@group-523986131536->omNode-2-InstallSnapshotResponseHandler: InstallSnapshot in progress.
2022-10-04 13:26:29,600 [omNode-1@group-523986131536->omNode-2-GrpcLogAppender-LogAppenderDaemon] INFO  server.GrpcLogAppender (GrpcLogAppender.java:installSnapshot(541)) - omNode-1@group-523986131536->omNode-2-GrpcLogAppender: followerNextIndex = 57 but logStartIndex = 59, notify follower to install snapshot-(t:6, i:59)
2022-10-04 13:26:29,600 [omNode-1@group-523986131536->omNode-2-GrpcLogAppender-LogAppenderDaemon] INFO  server.GrpcLogAppender (GrpcLogAppender.java:installSnapshot(549)) - omNode-1@group-523986131536->omNode-2-GrpcLogAppender: send omNode-1->omNode-2#0-t6,notify:(t:6, i:59)
2022-10-04 13:26:29,601 [omNode-2-server-thread1] INFO  server.RaftServer$Division (RaftServerImpl.java:checkInconsistentAppendEntries(1402)) - omNode-2@group-523986131536: Failed appendEntries as snapshot (59) installation is in progress
2022-10-04 13:26:29,601 [omNode-2-server-thread1] INFO  server.RaftServer$Division (RaftServerImpl.java:checkInconsistentAppendEntries(1394)) - omNode-2@group-523986131536: inconsistency entries. Reply:omNode-1<-omNode-2#426:FAIL-t6,INCONSISTENCY,nextIndex=57,followerCommit=56
2022-10-04 13:26:29,601 [grpc-default-executor-3] INFO  impl.SnapshotInstallationHandler (SnapshotInstallationHandler.java:installSnapshot(84)) - omNode-2@group-523986131536: receive installSnapshot: omNode-1->omNode-2#0-t6,notify:(t:6, i:59)
2022-10-04 13:26:29,602 [grpc-default-executor-3] INFO  impl.SnapshotInstallationHandler (SnapshotInstallationHandler.java:installSnapshot(95)) - omNode-2@group-523986131536: reply installSnapshot: omNode-1<-omNode-2#0:FAIL-t6,IN_PROGRESS
2022-10-04 13:26:29,602 [grpc-default-executor-3] INFO  server.GrpcServerProtocolService (GrpcServerProtocolService.java:onCompleted(140)) - omNode-2: Completed INSTALL_SNAPSHOT, lastRequest: omNode-1->omNode-2#0-t6,notify:(t:6, i:59)
2022-10-04 13:26:29,604 [grpc-default-executor-1] INFO  leader.FollowerInfo (FollowerInfoImpl.java:lambda$new$0(48)) - omNode-1@group-523986131536->omNode-2: nextIndex: updateUnconditionally 57 -> 57
2022-10-04 13:26:29,604 [grpc-default-executor-3] INFO  server.GrpcLogAppender (GrpcLogAppender.java:onNext(403)) - omNode-1@group-523986131536->omNode-2-InstallSnapshotResponseHandler: received a reply omNode-1<-omNode-2#0:FAIL-t6,IN_PROGRESS
2022-10-04 13:26:29,604 [grpc-default-executor-3] INFO  server.GrpcLogAppender (GrpcLogAppender.java:onNext(421)) - omNode-1@group-523986131536->omNode-2-InstallSnapshotResponseHandler: InstallSnapshot in progress.
2022-10-04 13:26:29,604 [omNode-1@group-523986131536->omNode-2-GrpcLogAppender-LogAppenderDaemon] INFO  server.GrpcLogAppender (GrpcLogAppender.java:installSnapshot(541)) - omNode-1@group-523986131536->omNode-2-GrpcLogAppender: followerNextIndex = 57 but logStartIndex = 59, notify follower to install snapshot-(t:6, i:59)
2022-10-04 13:26:29,604 [omNode-1@group-523986131536->omNode-2-GrpcLogAppender-LogAppenderDaemon] INFO  server.GrpcLogAppender (GrpcLogAppender.java:installSnapshot(549)) - omNode-1@group-523986131536->omNode-2-GrpcLogAppender: send omNode-1->omNode-2#0-t6,notify:(t:6, i:59)
2022-10-04 13:26:29,604 [omNode-2-server-thread1] INFO  server.RaftServer$Division (RaftServerImpl.java:checkInconsistentAppendEntries(1402)) - omNode-2@group-523986131536: Failed appendEntries as snapshot (59) installation is in progress
2022-10-04 13:26:29,605 [omNode-2-server-thread1] INFO  server.RaftServer$Division (RaftServerImpl.java:checkInconsistentAppendEntries(1394)) - omNode-2@group-523986131536: inconsistency entries. Reply:omNode-1<-omNode-2#427:FAIL-t6,INCONSISTENCY,nextIndex=57,followerCommit=56
2022-10-04 13:26:29,605 [grpc-default-executor-3] INFO  impl.SnapshotInstallationHandler (SnapshotInstallationHandler.java:installSnapshot(84)) - omNode-2@group-523986131536: receive installSnapshot: omNode-1->omNode-2#0-t6,notify:(t:6, i:59)
2022-10-04 13:26:29,605 [grpc-default-executor-3] INFO  impl.SnapshotInstallationHandler (SnapshotInstallationHandler.java:installSnapshot(95)) - omNode-2@group-523986131536: reply installSnapshot: omNode-1<-omNode-2#0:FAIL-t6,IN_PROGRESS
2022-10-04 13:26:29,606 [grpc-default-executor-3] INFO  server.GrpcServerProtocolService (GrpcServerProtocolService.java:onCompleted(140)) - omNode-2: Completed INSTALL_SNAPSHOT, lastRequest: omNode-1->omNode-2#0-t6,notify:(t:6, i:59)
2022-10-04 13:26:29,606 [grpc-default-executor-2] INFO  leader.FollowerInfo (FollowerInfoImpl.java:lambda$new$0(48)) - omNode-1@group-523986131536->omNode-2: nextIndex: updateUnconditionally 57 -> 57
2022-10-04 13:26:29,606 [grpc-default-executor-1] INFO  server.GrpcLogAppender (GrpcLogAppender.java:onNext(403)) - omNode-1@group-523986131536->omNode-2-InstallSnapshotResponseHandler: received a reply omNode-1<-omNode-2#0:FAIL-t6,IN_PROGRESS
2022-10-04 13:26:29,606 [grpc-default-executor-1] INFO  server.GrpcLogAppender (GrpcLogAppender.java:onNext(421)) - omNode-1@group-523986131536->omNode-2-InstallSnapshotResponseHandler: InstallSnapshot in progress.
2022-10-04 13:26:29,607 [omNode-1@group-523986131536->omNode-2-GrpcLogAppender-LogAppenderDaemon] INFO  server.GrpcLogAppender (GrpcLogAppender.java:installSnapshot(541)) - omNode-1@group-523986131536->omNode-2-GrpcLogAppender: followerNextIndex = 57 but logStartIndex = 59, notify follower to install snapshot-(t:6, i:59)
2022-10-04 13:26:29,607 [omNode-1@group-523986131536->omNode-2-GrpcLogAppender-LogAppenderDaemon] INFO  server.GrpcLogAppender (GrpcLogAppender.java:installSnapshot(549)) - omNode-1@group-523986131536->omNode-2-GrpcLogAppender: send omNode-1->omNode-2#0-t6,notify:(t:6, i:59)
2022-10-04 13:26:29,608 [grpc-default-executor-1] INFO  impl.SnapshotInstallationHandler (SnapshotInstallationHandler.java:installSnapshot(84)) - omNode-2@group-523986131536: receive installSnapshot: omNode-1->omNode-2#0-t6,notify:(t:6, i:59)
2022-10-04 13:26:29,608 [grpc-default-executor-1] INFO  impl.SnapshotInstallationHandler (SnapshotInstallationHandler.java:installSnapshot(95)) - omNode-2@group-523986131536: reply installSnapshot: omNode-1<-omNode-2#0:FAIL-t6,IN_PROGRESS
2022-10-04 13:26:29,608 [grpc-default-executor-1] INFO  server.GrpcServerProtocolService (GrpcServerProtocolService.java:onCompleted(140)) - omNode-2: Completed INSTALL_SNAPSHOT, lastRequest: omNode-1->omNode-2#0-t6,notify:(t:6, i:59)
2022-10-04 13:26:29,608 [omNode-2-server-thread1] INFO  server.RaftServer$Division (RaftServerImpl.java:checkInconsistentAppendEntries(1402)) - omNode-2@group-523986131536: Failed appendEntries as snapshot (59) installation is in progress
2022-10-04 13:26:29,608 [omNode-2-server-thread1] INFO  server.RaftServer$Division (RaftServerImpl.java:checkInconsistentAppendEntries(1394)) - omNode-2@group-523986131536: inconsistency entries. Reply:omNode-1<-omNode-2#428:FAIL-t6,INCONSISTENCY,nextIndex=57,followerCommit=56
2022-10-04 13:26:29,609 [grpc-default-executor-1] INFO  leader.FollowerInfo (FollowerInfoImpl.java:lambda$new$0(48)) - omNode-1@group-523986131536->omNode-2: nextIndex: updateUnconditionally 57 -> 57
2022-10-04 13:26:29,609 [grpc-default-executor-2] INFO  server.GrpcLogAppender (GrpcLogAppender.java:onNext(403)) - omNode-1@group-523986131536->omNode-2-InstallSnapshotResponseHandler: received a reply omNode-1<-omNode-2#0:FAIL-t6,IN_PROGRESS
2022-10-04 13:26:29,610 [grpc-default-executor-2] INFO  server.GrpcLogAppender (GrpcLogAppender.java:onNext(421)) - omNode-1@group-523986131536->omNode-2-InstallSnapshotResponseHandler: InstallSnapshot in progress.
2022-10-04 13:26:29,610 [omNode-1@group-523986131536->omNode-2-GrpcLogAppender-LogAppenderDaemon] INFO  server.GrpcLogAppender (GrpcLogAppender.java:installSnapshot(541)) - omNode-1@group-523986131536->omNode-2-GrpcLogAppender: followerNextIndex = 57 but logStartIndex = 59, notify follower to install snapshot-(t:6, i:59)
2022-10-04 13:26:29,610 [omNode-1@group-523986131536->omNode-2-GrpcLogAppender-LogAppenderDaemon] INFO  server.GrpcLogAppender (GrpcLogAppender.java:installSnapshot(549)) - omNode-1@group-523986131536->omNode-2-GrpcLogAppender: send omNode-1->omNode-2#0-t6,notify:(t:6, i:59)
2022-10-04 13:26:29,612 [omNode-2-server-thread1] INFO  server.RaftServer$Division (RaftServerImpl.java:checkInconsistentAppendEntries(1402)) - omNode-2@group-523986131536: Failed appendEntries as snapshot (59) installation is in progress
2022-10-04 13:26:29,612 [omNode-2-server-thread1] INFO  server.RaftServer$Division (RaftServerImpl.java:checkInconsistentAppendEntries(1394)) - omNode-2@group-523986131536: inconsistency entries. Reply:omNode-1<-omNode-2#429:FAIL-t6,INCONSISTENCY,nextIndex=57,followerCommit=56
2022-10-04 13:26:29,612 [grpc-default-executor-2] INFO  impl.SnapshotInstallationHandler (SnapshotInstallationHandler.java:installSnapshot(84)) - omNode-2@group-523986131536: receive installSnapshot: omNode-1->omNode-2#0-t6,notify:(t:6, i:59)
2022-10-04 13:26:29,612 [grpc-default-executor-2] INFO  impl.SnapshotInstallationHandler (SnapshotInstallationHandler.java:installSnapshot(95)) - omNode-2@group-523986131536: reply installSnapshot: omNode-1<-omNode-2#0:FAIL-t6,IN_PROGRESS
2022-10-04 13:26:29,612 [grpc-default-executor-2] INFO  server.GrpcServerProtocolService (GrpcServerProtocolService.java:onCompleted(140)) - omNode-2: Completed INSTALL_SNAPSHOT, lastRequest: omNode-1->omNode-2#0-t6,notify:(t:6, i:59)
2022-10-04 13:26:29,613 [grpc-default-executor-1] INFO  leader.FollowerInfo (FollowerInfoImpl.java:lambda$new$0(48)) - omNode-1@group-523986131536->omNode-2: nextIndex: updateUnconditionally 57 -> 57
2022-10-04 13:26:29,613 [grpc-default-executor-2] INFO  server.GrpcLogAppender (GrpcLogAppender.java:onNext(403)) - omNode-1@group-523986131536->omNode-2-InstallSnapshotResponseHandler: received a reply omNode-1<-omNode-2#0:FAIL-t6,IN_PROGRESS
2022-10-04 13:26:29,613 [grpc-default-executor-2] INFO  server.GrpcLogAppender (GrpcLogAppender.java:onNext(421)) - omNode-1@group-523986131536->omNode-2-InstallSnapshotResponseHandler: InstallSnapshot in progress.
2022-10-04 13:26:29,614 [omNode-1@group-523986131536->omNode-2-GrpcLogAppender-LogAppenderDaemon] INFO  server.GrpcLogAppender (GrpcLogAppender.java:installSnapshot(541)) - omNode-1@group-523986131536->omNode-2-GrpcLogAppender: followerNextIndex = 57 but logStartIndex = 59, notify follower to install snapshot-(t:6, i:59)
2022-10-04 13:26:29,614 [omNode-1@group-523986131536->omNode-2-GrpcLogAppender-LogAppenderDaemon] INFO  server.GrpcLogAppender (GrpcLogAppender.java:installSnapshot(549)) - omNode-1@group-523986131536->omNode-2-GrpcLogAppender: send omNode-1->omNode-2#0-t6,notify:(t:6, i:59)
2022-10-04 13:26:29,617 [omNode-2-server-thread1] INFO  server.RaftServer$Division (RaftServerImpl.java:checkInconsistentAppendEntries(1402)) - omNode-2@group-523986131536: Failed appendEntries as snapshot (59) installation is in progress
2022-10-04 13:26:29,617 [omNode-2-server-thread1] INFO  server.RaftServer$Division (RaftServerImpl.java:checkInconsistentAppendEntries(1394)) - omNode-2@group-523986131536: inconsistency entries. Reply:omNode-1<-omNode-2#430:FAIL-t6,INCONSISTENCY,nextIndex=57,followerCommit=56
2022-10-04 13:26:29,617 [grpc-default-executor-2] INFO  impl.SnapshotInstallationHandler (SnapshotInstallationHandler.java:installSnapshot(84)) - omNode-2@group-523986131536: receive installSnapshot: omNode-1->omNode-2#0-t6,notify:(t:6, i:59)
2022-10-04 13:26:29,617 [grpc-default-executor-2] INFO  impl.SnapshotInstallationHandler (SnapshotInstallationHandler.java:installSnapshot(95)) - omNode-2@group-523986131536: reply installSnapshot: omNode-1<-omNode-2#0:FAIL-t6,IN_PROGRESS
2022-10-04 13:26:29,618 [grpc-default-executor-2] INFO  server.GrpcServerProtocolService (GrpcServerProtocolService.java:onCompleted(140)) - omNode-2: Completed INSTALL_SNAPSHOT, lastRequest: omNode-1->omNode-2#0-t6,notify:(t:6, i:59)
2022-10-04 13:26:29,618 [grpc-default-executor-1] INFO  leader.FollowerInfo (FollowerInfoImpl.java:lambda$new$0(48)) - omNode-1@group-523986131536->omNode-2: nextIndex: updateUnconditionally 57 -> 57
2022-10-04 13:26:29,619 [grpc-default-executor-2] INFO  server.GrpcLogAppender (GrpcLogAppender.java:onNext(403)) - omNode-1@group-523986131536->omNode-2-InstallSnapshotResponseHandler: received a reply omNode-1<-omNode-2#0:FAIL-t6,IN_PROGRESS
2022-10-04 13:26:29,619 [grpc-default-executor-2] INFO  server.GrpcLogAppender (GrpcLogAppender.java:onNext(421)) - omNode-1@group-523986131536->omNode-2-InstallSnapshotResponseHandler: InstallSnapshot in progress.
2022-10-04 13:26:29,619 [omNode-1@group-523986131536->omNode-2-GrpcLogAppender-LogAppenderDaemon] INFO  server.GrpcLogAppender (GrpcLogAppender.java:installSnapshot(541)) - omNode-1@group-523986131536->omNode-2-GrpcLogAppender: followerNextIndex = 57 but logStartIndex = 59, notify follower to install snapshot-(t:6, i:59)
2022-10-04 13:26:29,619 [omNode-1@group-523986131536->omNode-2-GrpcLogAppender-LogAppenderDaemon] INFO  server.GrpcLogAppender (GrpcLogAppender.java:installSnapshot(549)) - omNode-1@group-523986131536->omNode-2-GrpcLogAppender: send omNode-1->omNode-2#0-t6,notify:(t:6, i:59)
2022-10-04 13:26:29,621 [omNode-2-server-thread1] INFO  server.RaftServer$Division (RaftServerImpl.java:checkInconsistentAppendEntries(1402)) - omNode-2@group-523986131536: Failed appendEntries as snapshot (59) installation is in progress
2022-10-04 13:26:29,621 [omNode-2-server-thread1] INFO  server.RaftServer$Division (RaftServerImpl.java:checkInconsistentAppendEntries(1394)) - omNode-2@group-523986131536: inconsistency entries. Reply:omNode-1<-omNode-2#431:FAIL-t6,INCONSISTENCY,nextIndex=57,followerCommit=56
2022-10-04 13:26:29,621 [grpc-default-executor-1] INFO  impl.SnapshotInstallationHandler (SnapshotInstallationHandler.java:installSnapshot(84)) - omNode-2@group-523986131536: receive installSnapshot: omNode-1->omNode-2#0-t6,notify:(t:6, i:59)
2022-10-04 13:26:29,621 [grpc-default-executor-1] INFO  impl.SnapshotInstallationHandler (SnapshotInstallationHandler.java:installSnapshot(95)) - omNode-2@group-523986131536: reply installSnapshot: omNode-1<-omNode-2#0:FAIL-t6,IN_PROGRESS
2022-10-04 13:26:29,621 [grpc-default-executor-1] INFO  server.GrpcServerProtocolService (GrpcServerProtocolService.java:onCompleted(140)) - omNode-2: Completed INSTALL_SNAPSHOT, lastRequest: omNode-1->omNode-2#0-t6,notify:(t:6, i:59)
2022-10-04 13:26:29,622 [grpc-default-executor-3] INFO  server.GrpcLogAppender (GrpcLogAppender.java:onNext(403)) - omNode-1@group-523986131536->omNode-2-InstallSnapshotResponseHandler: received a reply omNode-1<-omNode-2#0:FAIL-t6,IN_PROGRESS
2022-10-04 13:26:29,622 [grpc-default-executor-3] INFO  server.GrpcLogAppender (GrpcLogAppender.java:onNext(421)) - omNode-1@group-523986131536->omNode-2-InstallSnapshotResponseHandler: InstallSnapshot in progress.
2022-10-04 13:26:29,622 [grpc-default-executor-1] INFO  leader.FollowerInfo (FollowerInfoImpl.java:lambda$new$0(48)) - omNode-1@group-523986131536->omNode-2: nextIndex: updateUnconditionally 57 -> 57
2022-10-04 13:26:29,622 [omNode-1@group-523986131536->omNode-2-GrpcLogAppender-LogAppenderDaemon] INFO  server.GrpcLogAppender (GrpcLogAppender.java:installSnapshot(541)) - omNode-1@group-523986131536->omNode-2-GrpcLogAppender: followerNextIndex = 57 but logStartIndex = 59, notify follower to install snapshot-(t:6, i:59)
2022-10-04 13:26:29,622 [omNode-1@group-523986131536->omNode-2-GrpcLogAppender-LogAppenderDaemon] INFO  server.GrpcLogAppender (GrpcLogAppender.java:installSnapshot(549)) - omNode-1@group-523986131536->omNode-2-GrpcLogAppender: send omNode-1->omNode-2#0-t6,notify:(t:6, i:59)
2022-10-04 13:26:29,623 [grpc-default-executor-3] INFO  impl.SnapshotInstallationHandler (SnapshotInstallationHandler.java:installSnapshot(84)) - omNode-2@group-523986131536: receive installSnapshot: omNode-1->omNode-2#0-t6,notify:(t:6, i:59)
2022-10-04 13:26:29,624 [grpc-default-executor-3] INFO  impl.SnapshotInstallationHandler (SnapshotInstallationHandler.java:installSnapshot(95)) - omNode-2@group-523986131536: reply installSnapshot: omNode-1<-omNode-2#0:FAIL-t6,IN_PROGRESS
2022-10-04 13:26:29,624 [grpc-default-executor-3] INFO  server.GrpcServerProtocolService (GrpcServerProtocolService.java:onCompleted(140)) - omNode-2: Completed INSTALL_SNAPSHOT, lastRequest: omNode-1->omNode-2#0-t6,notify:(t:6, i:59)
2022-10-04 13:26:29,624 [omNode-2-server-thread1] INFO  server.RaftServer$Division (RaftServerImpl.java:checkInconsistentAppendEntries(1402)) - omNode-2@group-523986131536: Failed appendEntries as snapshot (59) installation is in progress
2022-10-04 13:26:29,624 [omNode-2-server-thread1] INFO  server.RaftServer$Division (RaftServerImpl.java:checkInconsistentAppendEntries(1394)) - omNode-2@group-523986131536: inconsistency entries. Reply:omNode-1<-omNode-2#432:FAIL-t6,INCONSISTENCY,nextIndex=57,followerCommit=56
2022-10-04 13:26:29,624 [grpc-default-executor-3] INFO  server.GrpcLogAppender (GrpcLogAppender.java:onNext(403)) - omNode-1@group-523986131536->omNode-2-InstallSnapshotResponseHandler: received a reply omNode-1<-omNode-2#0:FAIL-t6,IN_PROGRESS
2022-10-04 13:26:29,624 [grpc-default-executor-3] INFO  server.GrpcLogAppender (GrpcLogAppender.java:onNext(421)) - omNode-1@group-523986131536->omNode-2-InstallSnapshotResponseHandler: InstallSnapshot in progress.
2022-10-04 13:26:29,624 [omNode-1@group-523986131536->omNode-2-GrpcLogAppender-LogAppenderDaemon] INFO  server.GrpcLogAppender (GrpcLogAppender.java:installSnapshot(541)) - omNode-1@group-523986131536->omNode-2-GrpcLogAppender: followerNextIndex = 57 but logStartIndex = 59, notify follower to install snapshot-(t:6, i:59)
2022-10-04 13:26:29,626 [omNode-1@group-523986131536->omNode-2-GrpcLogAppender-LogAppenderDaemon] INFO  server.GrpcLogAppender (GrpcLogAppender.java:installSnapshot(549)) - omNode-1@group-523986131536->omNode-2-GrpcLogAppender: send omNode-1->omNode-2#0-t6,notify:(t:6, i:59)
2022-10-04 13:26:29,627 [grpc-default-executor-3] INFO  leader.FollowerInfo (FollowerInfoImpl.java:lambda$new$0(48)) - omNode-1@group-523986131536->omNode-2: nextIndex: updateUnconditionally 57 -> 57
2022-10-04 13:26:29,627 [grpc-default-executor-3] INFO  impl.SnapshotInstallationHandler (SnapshotInstallationHandler.java:installSnapshot(84)) - omNode-2@group-523986131536: receive installSnapshot: omNode-1->omNode-2#0-t6,notify:(t:6, i:59)
2022-10-04 13:26:29,627 [grpc-default-executor-3] INFO  impl.SnapshotInstallationHandler (SnapshotInstallationHandler.java:installSnapshot(95)) - omNode-2@group-523986131536: reply installSnapshot: omNode-1<-omNode-2#0:FAIL-t6,IN_PROGRESS
2022-10-04 13:26:29,628 [grpc-default-executor-3] INFO  server.GrpcServerProtocolService (GrpcServerProtocolService.java:onCompleted(140)) - omNode-2: Completed INSTALL_SNAPSHOT, lastRequest: omNode-1->omNode-2#0-t6,notify:(t:6, i:59)
2022-10-04 13:26:29,628 [omNode-2-server-thread1] INFO  server.RaftServer$Division (RaftServerImpl.java:checkInconsistentAppendEntries(1402)) - omNode-2@group-523986131536: Failed appendEntries as snapshot (59) installation is in progress
2022-10-04 13:26:29,628 [omNode-2-server-thread1] INFO  server.RaftServer$Division (RaftServerImpl.java:checkInconsistentAppendEntries(1394)) - omNode-2@group-523986131536: inconsistency entries. Reply:omNode-1<-omNode-2#433:FAIL-t6,INCONSISTENCY,nextIndex=57,followerCommit=56
2022-10-04 13:26:29,628 [grpc-default-executor-2] INFO  server.GrpcLogAppender (GrpcLogAppender.java:onNext(403)) - omNode-1@group-523986131536->omNode-2-InstallSnapshotResponseHandler: received a reply omNode-1<-omNode-2#0:FAIL-t6,IN_PROGRESS
2022-10-04 13:26:29,628 [grpc-default-executor-2] INFO  server.GrpcLogAppender (GrpcLogAppender.java:onNext(421)) - omNode-1@group-523986131536->omNode-2-InstallSnapshotResponseHandler: InstallSnapshot in progress.
2022-10-04 13:26:29,629 [omNode-1@group-523986131536->omNode-2-GrpcLogAppender-LogAppenderDaemon] INFO  server.GrpcLogAppender (GrpcLogAppender.java:installSnapshot(541)) - omNode-1@group-523986131536->omNode-2-GrpcLogAppender: followerNextIndex = 57 but logStartIndex = 59, notify follower to install snapshot-(t:6, i:59)
2022-10-04 13:26:29,629 [omNode-1@group-523986131536->omNode-2-GrpcLogAppender-LogAppenderDaemon] INFO  server.GrpcLogAppender (GrpcLogAppender.java:installSnapshot(549)) - omNode-1@group-523986131536->omNode-2-GrpcLogAppender: send omNode-1->omNode-2#0-t6,notify:(t:6, i:59)
2022-10-04 13:26:29,629 [grpc-default-executor-2] INFO  leader.FollowerInfo (FollowerInfoImpl.java:lambda$new$0(48)) - omNode-1@group-523986131536->omNode-2: nextIndex: updateUnconditionally 57 -> 57
2022-10-04 13:26:29,630 [omNode-2-server-thread1] INFO  server.RaftServer$Division (RaftServerImpl.java:checkInconsistentAppendEntries(1402)) - omNode-2@group-523986131536: Failed appendEntries as snapshot (59) installation is in progress
2022-10-04 13:26:29,630 [omNode-2-server-thread1] INFO  server.RaftServer$Division (RaftServerImpl.java:checkInconsistentAppendEntries(1394)) - omNode-2@group-523986131536: inconsistency entries. Reply:omNode-1<-omNode-2#434:FAIL-t6,INCONSISTENCY,nextIndex=57,followerCommit=56
2022-10-04 13:26:29,632 [grpc-default-executor-3] INFO  impl.SnapshotInstallationHandler (SnapshotInstallationHandler.java:installSnapshot(84)) - omNode-2@group-523986131536: receive installSnapshot: omNode-1->omNode-2#0-t6,notify:(t:6, i:59)
2022-10-04 13:26:29,632 [grpc-default-executor-3] INFO  impl.SnapshotInstallationHandler (SnapshotInstallationHandler.java:installSnapshot(95)) - omNode-2@group-523986131536: reply installSnapshot: omNode-1<-omNode-2#0:FAIL-t6,IN_PROGRESS
2022-10-04 13:26:29,632 [grpc-default-executor-2] INFO  leader.FollowerInfo (FollowerInfoImpl.java:lambda$new$0(48)) - omNode-1@group-523986131536->omNode-2: nextIndex: updateUnconditionally 57 -> 57
2022-10-04 13:26:29,632 [grpc-default-executor-3] INFO  server.GrpcServerProtocolService (GrpcServerProtocolService.java:onCompleted(140)) - omNode-2: Completed INSTALL_SNAPSHOT, lastRequest: omNode-1->omNode-2#0-t6,notify:(t:6, i:59)
2022-10-04 13:26:29,634 [grpc-default-executor-3] INFO  server.GrpcLogAppender (GrpcLogAppender.java:onNext(403)) - omNode-1@group-523986131536->omNode-2-InstallSnapshotResponseHandler: received a reply omNode-1<-omNode-2#0:FAIL-t6,IN_PROGRESS
2022-10-04 13:26:29,634 [grpc-default-executor-3] INFO  server.GrpcLogAppender (GrpcLogAppender.java:onNext(421)) - omNode-1@group-523986131536->omNode-2-InstallSnapshotResponseHandler: InstallSnapshot in progress.
2022-10-04 13:26:29,636 [omNode-1@group-523986131536->omNode-2-GrpcLogAppender-LogAppenderDaemon] INFO  server.GrpcLogAppender (GrpcLogAppender.java:installSnapshot(541)) - omNode-1@group-523986131536->omNode-2-GrpcLogAppender: followerNextIndex = 57 but logStartIndex = 59, notify follower to install snapshot-(t:6, i:59)
2022-10-04 13:26:29,636 [omNode-1@group-523986131536->omNode-2-GrpcLogAppender-LogAppenderDaemon] INFO  server.GrpcLogAppender (GrpcLogAppender.java:installSnapshot(549)) - omNode-1@group-523986131536->omNode-2-GrpcLogAppender: send omNode-1->omNode-2#0-t6,notify:(t:6, i:59)
2022-10-04 13:26:29,637 [omNode-2-server-thread1] INFO  server.RaftServer$Division (RaftServerImpl.java:checkInconsistentAppendEntries(1402)) - omNode-2@group-523986131536: Failed appendEntries as snapshot (59) installation is in progress
2022-10-04 13:26:29,638 [omNode-2-server-thread1] INFO  server.RaftServer$Division (RaftServerImpl.java:checkInconsistentAppendEntries(1394)) - omNode-2@group-523986131536: inconsistency entries. Reply:omNode-1<-omNode-2#435:FAIL-t6,INCONSISTENCY,nextIndex=57,followerCommit=56
2022-10-04 13:26:29,638 [grpc-default-executor-3] INFO  impl.SnapshotInstallationHandler (SnapshotInstallationHandler.java:installSnapshot(84)) - omNode-2@group-523986131536: receive installSnapshot: omNode-1->omNode-2#0-t6,notify:(t:6, i:59)
2022-10-04 13:26:29,638 [grpc-default-executor-3] INFO  impl.SnapshotInstallationHandler (SnapshotInstallationHandler.java:installSnapshot(95)) - omNode-2@group-523986131536: reply installSnapshot: omNode-1<-omNode-2#0:FAIL-t6,IN_PROGRESS
2022-10-04 13:26:29,638 [grpc-default-executor-3] INFO  server.GrpcServerProtocolService (GrpcServerProtocolService.java:onCompleted(140)) - omNode-2: Completed INSTALL_SNAPSHOT, lastRequest: omNode-1->omNode-2#0-t6,notify:(t:6, i:59)
2022-10-04 13:26:29,639 [grpc-default-executor-2] INFO  leader.FollowerInfo (FollowerInfoImpl.java:lambda$new$0(48)) - omNode-1@group-523986131536->omNode-2: nextIndex: updateUnconditionally 57 -> 57
2022-10-04 13:26:29,640 [grpc-default-executor-2] INFO  server.GrpcLogAppender (GrpcLogAppender.java:onNext(403)) - omNode-1@group-523986131536->omNode-2-InstallSnapshotResponseHandler: received a reply omNode-1<-omNode-2#0:FAIL-t6,IN_PROGRESS
2022-10-04 13:26:29,640 [grpc-default-executor-2] INFO  server.GrpcLogAppender (GrpcLogAppender.java:onNext(421)) - omNode-1@group-523986131536->omNode-2-InstallSnapshotResponseHandler: InstallSnapshot in progress.
2022-10-04 13:26:29,641 [omNode-1@group-523986131536->omNode-2-GrpcLogAppender-LogAppenderDaemon] INFO  server.GrpcLogAppender (GrpcLogAppender.java:installSnapshot(541)) - omNode-1@group-523986131536->omNode-2-GrpcLogAppender: followerNextIndex = 57 but logStartIndex = 59, notify follower to install snapshot-(t:6, i:59)
2022-10-04 13:26:29,641 [omNode-1@group-523986131536->omNode-2-GrpcLogAppender-LogAppenderDaemon] INFO  server.GrpcLogAppender (GrpcLogAppender.java:installSnapshot(549)) - omNode-1@group-523986131536->omNode-2-GrpcLogAppender: send omNode-1->omNode-2#0-t6,notify:(t:6, i:59)
2022-10-04 13:26:29,643 [omNode-2-server-thread1] INFO  server.RaftServer$Division (RaftServerImpl.java:checkInconsistentAppendEntries(1402)) - omNode-2@group-523986131536: Failed appendEntries as snapshot (59) installation is in progress
2022-10-04 13:26:29,644 [omNode-2-server-thread1] INFO  server.RaftServer$Division (RaftServerImpl.java:checkInconsistentAppendEntries(1394)) - omNode-2@group-523986131536: inconsistency entries. Reply:omNode-1<-omNode-2#436:FAIL-t6,INCONSISTENCY,nextIndex=57,followerCommit=56
2022-10-04 13:26:29,644 [grpc-default-executor-1] INFO  impl.SnapshotInstallationHandler (SnapshotInstallationHandler.java:installSnapshot(84)) - omNode-2@group-523986131536: receive installSnapshot: omNode-1->omNode-2#0-t6,notify:(t:6, i:59)
2022-10-04 13:26:29,645 [grpc-default-executor-1] INFO  impl.SnapshotInstallationHandler (SnapshotInstallationHandler.java:installSnapshot(95)) - omNode-2@group-523986131536: reply installSnapshot: omNode-1<-omNode-2#0:FAIL-t6,IN_PROGRESS
2022-10-04 13:26:29,645 [grpc-default-executor-1] INFO  server.GrpcServerProtocolService (GrpcServerProtocolService.java:onCompleted(140)) - omNode-2: Completed INSTALL_SNAPSHOT, lastRequest: omNode-1->omNode-2#0-t6,notify:(t:6, i:59)
2022-10-04 13:26:29,647 [grpc-default-executor-1] INFO  leader.FollowerInfo (FollowerInfoImpl.java:lambda$new$0(48)) - omNode-1@group-523986131536->omNode-2: nextIndex: updateUnconditionally 57 -> 57
2022-10-04 13:26:29,647 [grpc-default-executor-2] INFO  server.GrpcLogAppender (GrpcLogAppender.java:onNext(403)) - omNode-1@group-523986131536->omNode-2-InstallSnapshotResponseHandler: received a reply omNode-1<-omNode-2#0:FAIL-t6,IN_PROGRESS
2022-10-04 13:26:29,647 [grpc-default-executor-2] INFO  server.GrpcLogAppender (GrpcLogAppender.java:onNext(421)) - omNode-1@group-523986131536->omNode-2-InstallSnapshotResponseHandler: InstallSnapshot in progress.
2022-10-04 13:26:29,648 [omNode-1@group-523986131536->omNode-2-GrpcLogAppender-LogAppenderDaemon] INFO  server.GrpcLogAppender (GrpcLogAppender.java:installSnapshot(541)) - omNode-1@group-523986131536->omNode-2-GrpcLogAppender: followerNextIndex = 57 but logStartIndex = 59, notify follower to install snapshot-(t:6, i:59)
2022-10-04 13:26:29,648 [omNode-1@group-523986131536->omNode-2-GrpcLogAppender-LogAppenderDaemon] INFO  server.GrpcLogAppender (GrpcLogAppender.java:installSnapshot(549)) - omNode-1@group-523986131536->omNode-2-GrpcLogAppender: send omNode-1->omNode-2#0-t6,notify:(t:6, i:59)
2022-10-04 13:26:29,649 [omNode-2-server-thread1] INFO  server.RaftServer$Division (RaftServerImpl.java:checkInconsistentAppendEntries(1402)) - omNode-2@group-523986131536: Failed appendEntries as snapshot (59) installation is in progress
2022-10-04 13:26:29,649 [omNode-2-server-thread1] INFO  server.RaftServer$Division (RaftServerImpl.java:checkInconsistentAppendEntries(1394)) - omNode-2@group-523986131536: inconsistency entries. Reply:omNode-1<-omNode-2#437:FAIL-t6,INCONSISTENCY,nextIndex=57,followerCommit=56
2022-10-04 13:26:29,649 [grpc-default-executor-1] INFO  impl.SnapshotInstallationHandler (SnapshotInstallationHandler.java:installSnapshot(84)) - omNode-2@group-523986131536: receive installSnapshot: omNode-1->omNode-2#0-t6,notify:(t:6, i:59)
2022-10-04 13:26:29,649 [grpc-default-executor-1] INFO  impl.SnapshotInstallationHandler (SnapshotInstallationHandler.java:installSnapshot(95)) - omNode-2@group-523986131536: reply installSnapshot: omNode-1<-omNode-2#0:FAIL-t6,IN_PROGRESS
2022-10-04 13:26:29,650 [grpc-default-executor-1] INFO  server.GrpcServerProtocolService (GrpcServerProtocolService.java:onCompleted(140)) - omNode-2: Completed INSTALL_SNAPSHOT, lastRequest: omNode-1->omNode-2#0-t6,notify:(t:6, i:59)
2022-10-04 13:26:29,651 [grpc-default-executor-1] INFO  leader.FollowerInfo (FollowerInfoImpl.java:lambda$new$0(48)) - omNode-1@group-523986131536->omNode-2: nextIndex: updateUnconditionally 57 -> 57
2022-10-04 13:26:29,653 [grpc-default-executor-2] INFO  server.GrpcLogAppender (GrpcLogAppender.java:onNext(403)) - omNode-1@group-523986131536->omNode-2-InstallSnapshotResponseHandler: received a reply omNode-1<-omNode-2#0:FAIL-t6,IN_PROGRESS
2022-10-04 13:26:29,653 [grpc-default-executor-2] INFO  server.GrpcLogAppender (GrpcLogAppender.java:onNext(421)) - omNode-1@group-523986131536->omNode-2-InstallSnapshotResponseHandler: InstallSnapshot in progress.
2022-10-04 13:26:29,655 [omNode-1@group-523986131536->omNode-2-GrpcLogAppender-LogAppenderDaemon] INFO  server.GrpcLogAppender (GrpcLogAppender.java:installSnapshot(541)) - omNode-1@group-523986131536->omNode-2-GrpcLogAppender: followerNextIndex = 57 but logStartIndex = 59, notify follower to install snapshot-(t:6, i:59)
2022-10-04 13:26:29,656 [omNode-1@group-523986131536->omNode-2-GrpcLogAppender-LogAppenderDaemon] INFO  server.GrpcLogAppender (GrpcLogAppender.java:installSnapshot(549)) - omNode-1@group-523986131536->omNode-2-GrpcLogAppender: send omNode-1->omNode-2#0-t6,notify:(t:6, i:59)
2022-10-04 13:26:29,657 [omNode-2-server-thread1] INFO  server.RaftServer$Division (RaftServerImpl.java:checkInconsistentAppendEntries(1402)) - omNode-2@group-523986131536: Failed appendEntries as snapshot (59) installation is in progress
2022-10-04 13:26:29,657 [omNode-2-server-thread1] INFO  server.RaftServer$Division (RaftServerImpl.java:checkInconsistentAppendEntries(1394)) - omNode-2@group-523986131536: inconsistency entries. Reply:omNode-1<-omNode-2#438:FAIL-t6,INCONSISTENCY,nextIndex=57,followerCommit=56
2022-10-04 13:26:29,657 [grpc-default-executor-1] INFO  impl.SnapshotInstallationHandler (SnapshotInstallationHandler.java:installSnapshot(84)) - omNode-2@group-523986131536: receive installSnapshot: omNode-1->omNode-2#0-t6,notify:(t:6, i:59)
2022-10-04 13:26:29,657 [grpc-default-executor-1] INFO  impl.SnapshotInstallationHandler (SnapshotInstallationHandler.java:installSnapshot(95)) - omNode-2@group-523986131536: reply installSnapshot: omNode-1<-omNode-2#0:FAIL-t6,IN_PROGRESS
2022-10-04 13:26:29,657 [grpc-default-executor-1] INFO  server.GrpcServerProtocolService (GrpcServerProtocolService.java:onCompleted(140)) - omNode-2: Completed INSTALL_SNAPSHOT, lastRequest: omNode-1->omNode-2#0-t6,notify:(t:6, i:59)
2022-10-04 13:26:29,658 [grpc-default-executor-3] INFO  leader.FollowerInfo (FollowerInfoImpl.java:lambda$new$0(48)) - omNode-1@group-523986131536->omNode-2: nextIndex: updateUnconditionally 57 -> 57
2022-10-04 13:26:29,658 [grpc-default-executor-1] INFO  server.GrpcLogAppender (GrpcLogAppender.java:onNext(403)) - omNode-1@group-523986131536->omNode-2-InstallSnapshotResponseHandler: received a reply omNode-1<-omNode-2#0:FAIL-t6,IN_PROGRESS
2022-10-04 13:26:29,658 [grpc-default-executor-1] INFO  server.GrpcLogAppender (GrpcLogAppender.java:onNext(421)) - omNode-1@group-523986131536->omNode-2-InstallSnapshotResponseHandler: InstallSnapshot in progress.
2022-10-04 13:26:29,658 [omNode-1@group-523986131536->omNode-2-GrpcLogAppender-LogAppenderDaemon] INFO  server.GrpcLogAppender (GrpcLogAppender.java:installSnapshot(541)) - omNode-1@group-523986131536->omNode-2-GrpcLogAppender: followerNextIndex = 57 but logStartIndex = 59, notify follower to install snapshot-(t:6, i:59)
2022-10-04 13:26:29,658 [omNode-1@group-523986131536->omNode-2-GrpcLogAppender-LogAppenderDaemon] INFO  server.GrpcLogAppender (GrpcLogAppender.java:installSnapshot(549)) - omNode-1@group-523986131536->omNode-2-GrpcLogAppender: send omNode-1->omNode-2#0-t6,notify:(t:6, i:59)
2022-10-04 13:26:29,659 [omNode-2-server-thread1] INFO  server.RaftServer$Division (RaftServerImpl.java:checkInconsistentAppendEntries(1402)) - omNode-2@group-523986131536: Failed appendEntries as snapshot (59) installation is in progress
2022-10-04 13:26:29,659 [omNode-2-server-thread1] INFO  server.RaftServer$Division (RaftServerImpl.java:checkInconsistentAppendEntries(1394)) - omNode-2@group-523986131536: inconsistency entries. Reply:omNode-1<-omNode-2#439:FAIL-t6,INCONSISTENCY,nextIndex=57,followerCommit=56
2022-10-04 13:26:29,660 [grpc-default-executor-1] INFO  impl.SnapshotInstallationHandler (SnapshotInstallationHandler.java:installSnapshot(84)) - omNode-2@group-523986131536: receive installSnapshot: omNode-1->omNode-2#0-t6,notify:(t:6, i:59)
2022-10-04 13:26:29,660 [grpc-default-executor-1] INFO  impl.SnapshotInstallationHandler (SnapshotInstallationHandler.java:installSnapshot(95)) - omNode-2@group-523986131536: reply installSnapshot: omNode-1<-omNode-2#0:FAIL-t6,IN_PROGRESS
2022-10-04 13:26:29,660 [grpc-default-executor-1] INFO  server.GrpcServerProtocolService (GrpcServerProtocolService.java:onCompleted(140)) - omNode-2: Completed INSTALL_SNAPSHOT, lastRequest: omNode-1->omNode-2#0-t6,notify:(t:6, i:59)
2022-10-04 13:26:29,661 [grpc-default-executor-1] INFO  leader.FollowerInfo (FollowerInfoImpl.java:lambda$new$0(48)) - omNode-1@group-523986131536->omNode-2: nextIndex: updateUnconditionally 57 -> 57
2022-10-04 13:26:29,661 [grpc-default-executor-3] INFO  server.GrpcLogAppender (GrpcLogAppender.java:onNext(403)) - omNode-1@group-523986131536->omNode-2-InstallSnapshotResponseHandler: received a reply omNode-1<-omNode-2#0:FAIL-t6,IN_PROGRESS
2022-10-04 13:26:29,661 [grpc-default-executor-3] INFO  server.GrpcLogAppender (GrpcLogAppender.java:onNext(421)) - omNode-1@group-523986131536->omNode-2-InstallSnapshotResponseHandler: InstallSnapshot in progress.
2022-10-04 13:26:29,661 [omNode-1@group-523986131536->omNode-2-GrpcLogAppender-LogAppenderDaemon] INFO  server.GrpcLogAppender (GrpcLogAppender.java:installSnapshot(541)) - omNode-1@group-523986131536->omNode-2-GrpcLogAppender: followerNextIndex = 57 but logStartIndex = 59, notify follower to install snapshot-(t:6, i:59)
2022-10-04 13:26:29,662 [omNode-1@group-523986131536->omNode-2-GrpcLogAppender-LogAppenderDaemon] INFO  server.GrpcLogAppender (GrpcLogAppender.java:installSnapshot(549)) - omNode-1@group-523986131536->omNode-2-GrpcLogAppender: send omNode-1->omNode-2#0-t6,notify:(t:6, i:59)
2022-10-04 13:26:29,662 [omNode-2-server-thread1] INFO  server.RaftServer$Division (RaftServerImpl.java:checkInconsistentAppendEntries(1402)) - omNode-2@group-523986131536: Failed appendEntries as snapshot (59) installation is in progress
2022-10-04 13:26:29,663 [omNode-2-server-thread1] INFO  server.RaftServer$Division (RaftServerImpl.java:checkInconsistentAppendEntries(1394)) - omNode-2@group-523986131536: inconsistency entries. Reply:omNode-1<-omNode-2#440:FAIL-t6,INCONSISTENCY,nextIndex=57,followerCommit=56
2022-10-04 13:26:29,663 [grpc-default-executor-3] INFO  impl.SnapshotInstallationHandler (SnapshotInstallationHandler.java:installSnapshot(84)) - omNode-2@group-523986131536: receive installSnapshot: omNode-1->omNode-2#0-t6,notify:(t:6, i:59)
2022-10-04 13:26:29,663 [grpc-default-executor-3] INFO  impl.SnapshotInstallationHandler (SnapshotInstallationHandler.java:installSnapshot(95)) - omNode-2@group-523986131536: reply installSnapshot: omNode-1<-omNode-2#0:FAIL-t6,IN_PROGRESS
2022-10-04 13:26:29,663 [grpc-default-executor-3] INFO  server.GrpcServerProtocolService (GrpcServerProtocolService.java:onCompleted(140)) - omNode-2: Completed INSTALL_SNAPSHOT, lastRequest: omNode-1->omNode-2#0-t6,notify:(t:6, i:59)
2022-10-04 13:26:29,663 [grpc-default-executor-1] INFO  leader.FollowerInfo (FollowerInfoImpl.java:lambda$new$0(48)) - omNode-1@group-523986131536->omNode-2: nextIndex: updateUnconditionally 57 -> 57
2022-10-04 13:26:29,664 [grpc-default-executor-1] INFO  server.GrpcLogAppender (GrpcLogAppender.java:onNext(403)) - omNode-1@group-523986131536->omNode-2-InstallSnapshotResponseHandler: received a reply omNode-1<-omNode-2#0:FAIL-t6,IN_PROGRESS
2022-10-04 13:26:29,664 [grpc-default-executor-1] INFO  server.GrpcLogAppender (GrpcLogAppender.java:onNext(421)) - omNode-1@group-523986131536->omNode-2-InstallSnapshotResponseHandler: InstallSnapshot in progress.
2022-10-04 13:26:29,664 [omNode-1@group-523986131536->omNode-2-GrpcLogAppender-LogAppenderDaemon] INFO  server.GrpcLogAppender (GrpcLogAppender.java:installSnapshot(541)) - omNode-1@group-523986131536->omNode-2-GrpcLogAppender: followerNextIndex = 57 but logStartIndex = 59, notify follower to install snapshot-(t:6, i:59)
2022-10-04 13:26:29,664 [omNode-1@group-523986131536->omNode-2-GrpcLogAppender-LogAppenderDaemon] INFO  server.GrpcLogAppender (GrpcLogAppender.java:installSnapshot(549)) - omNode-1@group-523986131536->omNode-2-GrpcLogAppender: send omNode-1->omNode-2#0-t6,notify:(t:6, i:59)
2022-10-04 13:26:29,666 [omNode-2-server-thread1] INFO  server.RaftServer$Division (RaftServerImpl.java:checkInconsistentAppendEntries(1402)) - omNode-2@group-523986131536: Failed appendEntries as snapshot (59) installation is in progress
2022-10-04 13:26:29,666 [omNode-2-server-thread1] INFO  server.RaftServer$Division (RaftServerImpl.java:checkInconsistentAppendEntries(1394)) - omNode-2@group-523986131536: inconsistency entries. Reply:omNode-1<-omNode-2#441:FAIL-t6,INCONSISTENCY,nextIndex=57,followerCommit=56
2022-10-04 13:26:29,666 [grpc-default-executor-1] INFO  impl.SnapshotInstallationHandler (SnapshotInstallationHandler.java:installSnapshot(84)) - omNode-2@group-523986131536: receive installSnapshot: omNode-1->omNode-2#0-t6,notify:(t:6, i:59)
2022-10-04 13:26:29,666 [grpc-default-executor-1] INFO  impl.SnapshotInstallationHandler (SnapshotInstallationHandler.java:installSnapshot(95)) - omNode-2@group-523986131536: reply installSnapshot: omNode-1<-omNode-2#0:FAIL-t6,IN_PROGRESS
2022-10-04 13:26:29,667 [grpc-default-executor-1] INFO  server.GrpcServerProtocolService (GrpcServerProtocolService.java:onCompleted(140)) - omNode-2: Completed INSTALL_SNAPSHOT, lastRequest: omNode-1->omNode-2#0-t6,notify:(t:6, i:59)
2022-10-04 13:26:29,674 [grpc-default-executor-2] INFO  leader.FollowerInfo (FollowerInfoImpl.java:lambda$new$0(48)) - omNode-1@group-523986131536->omNode-2: nextIndex: updateUnconditionally 57 -> 57
2022-10-04 13:26:29,675 [grpc-default-executor-3] INFO  server.GrpcLogAppender (GrpcLogAppender.java:onNext(403)) - omNode-1@group-523986131536->omNode-2-InstallSnapshotResponseHandler: received a reply omNode-1<-omNode-2#0:FAIL-t6,IN_PROGRESS
2022-10-04 13:26:29,675 [grpc-default-executor-3] INFO  server.GrpcLogAppender (GrpcLogAppender.java:onNext(421)) - omNode-1@group-523986131536->omNode-2-InstallSnapshotResponseHandler: InstallSnapshot in progress.
2022-10-04 13:26:29,675 [omNode-1@group-523986131536->omNode-2-GrpcLogAppender-LogAppenderDaemon] INFO  server.GrpcLogAppender (GrpcLogAppender.java:installSnapshot(541)) - omNode-1@group-523986131536->omNode-2-GrpcLogAppender: followerNextIndex = 57 but logStartIndex = 59, notify follower to install snapshot-(t:6, i:59)
2022-10-04 13:26:29,675 [omNode-1@group-523986131536->omNode-2-GrpcLogAppender-LogAppenderDaemon] INFO  server.GrpcLogAppender (GrpcLogAppender.java:installSnapshot(549)) - omNode-1@group-523986131536->omNode-2-GrpcLogAppender: send omNode-1->omNode-2#0-t6,notify:(t:6, i:59)
2022-10-04 13:26:29,680 [omNode-2-server-thread1] INFO  server.RaftServer$Division (RaftServerImpl.java:checkInconsistentAppendEntries(1402)) - omNode-2@group-523986131536: Failed appendEntries as snapshot (59) installation is in progress
2022-10-04 13:26:29,680 [omNode-2-server-thread1] INFO  server.RaftServer$Division (RaftServerImpl.java:checkInconsistentAppendEntries(1394)) - omNode-2@group-523986131536: inconsistency entries. Reply:omNode-1<-omNode-2#442:FAIL-t6,INCONSISTENCY,nextIndex=57,followerCommit=56
2022-10-04 13:26:29,680 [grpc-default-executor-3] INFO  impl.SnapshotInstallationHandler (SnapshotInstallationHandler.java:installSnapshot(84)) - omNode-2@group-523986131536: receive installSnapshot: omNode-1->omNode-2#0-t6,notify:(t:6, i:59)
2022-10-04 13:26:29,680 [grpc-default-executor-3] INFO  impl.SnapshotInstallationHandler (SnapshotInstallationHandler.java:installSnapshot(95)) - omNode-2@group-523986131536: reply installSnapshot: omNode-1<-omNode-2#0:FAIL-t6,IN_PROGRESS
2022-10-04 13:26:29,680 [grpc-default-executor-3] INFO  server.GrpcServerProtocolService (GrpcServerProtocolService.java:onCompleted(140)) - omNode-2: Completed INSTALL_SNAPSHOT, lastRequest: omNode-1->omNode-2#0-t6,notify:(t:6, i:59)
2022-10-04 13:26:29,681 [grpc-default-executor-1] INFO  leader.FollowerInfo (FollowerInfoImpl.java:lambda$new$0(48)) - omNode-1@group-523986131536->omNode-2: nextIndex: updateUnconditionally 57 -> 57
2022-10-04 13:26:29,681 [grpc-default-executor-3] INFO  server.GrpcLogAppender (GrpcLogAppender.java:onNext(403)) - omNode-1@group-523986131536->omNode-2-InstallSnapshotResponseHandler: received a reply omNode-1<-omNode-2#0:FAIL-t6,IN_PROGRESS
2022-10-04 13:26:29,681 [grpc-default-executor-3] INFO  server.GrpcLogAppender (GrpcLogAppender.java:onNext(421)) - omNode-1@group-523986131536->omNode-2-InstallSnapshotResponseHandler: InstallSnapshot in progress.
2022-10-04 13:26:29,681 [omNode-1@group-523986131536->omNode-2-GrpcLogAppender-LogAppenderDaemon] INFO  server.GrpcLogAppender (GrpcLogAppender.java:installSnapshot(541)) - omNode-1@group-523986131536->omNode-2-GrpcLogAppender: followerNextIndex = 57 but logStartIndex = 59, notify follower to install snapshot-(t:6, i:59)
2022-10-04 13:26:29,682 [omNode-1@group-523986131536->omNode-2-GrpcLogAppender-LogAppenderDaemon] INFO  server.GrpcLogAppender (GrpcLogAppender.java:installSnapshot(549)) - omNode-1@group-523986131536->omNode-2-GrpcLogAppender: send omNode-1->omNode-2#0-t6,notify:(t:6, i:59)
2022-10-04 13:26:29,684 [omNode-2-server-thread1] INFO  server.RaftServer$Division (RaftServerImpl.java:checkInconsistentAppendEntries(1402)) - omNode-2@group-523986131536: Failed appendEntries as snapshot (59) installation is in progress
2022-10-04 13:26:29,684 [omNode-2-server-thread1] INFO  server.RaftServer$Division (RaftServerImpl.java:checkInconsistentAppendEntries(1394)) - omNode-2@group-523986131536: inconsistency entries. Reply:omNode-1<-omNode-2#443:FAIL-t6,INCONSISTENCY,nextIndex=57,followerCommit=56
2022-10-04 13:26:29,684 [grpc-default-executor-1] INFO  impl.SnapshotInstallationHandler (SnapshotInstallationHandler.java:installSnapshot(84)) - omNode-2@group-523986131536: receive installSnapshot: omNode-1->omNode-2#0-t6,notify:(t:6, i:59)
2022-10-04 13:26:29,684 [grpc-default-executor-1] INFO  impl.SnapshotInstallationHandler (SnapshotInstallationHandler.java:installSnapshot(95)) - omNode-2@group-523986131536: reply installSnapshot: omNode-1<-omNode-2#0:FAIL-t6,IN_PROGRESS
2022-10-04 13:26:29,684 [grpc-default-executor-1] INFO  server.GrpcServerProtocolService (GrpcServerProtocolService.java:onCompleted(140)) - omNode-2: Completed INSTALL_SNAPSHOT, lastRequest: omNode-1->omNode-2#0-t6,notify:(t:6, i:59)
2022-10-04 13:26:29,685 [grpc-default-executor-3] INFO  server.GrpcLogAppender (GrpcLogAppender.java:onNext(403)) - omNode-1@group-523986131536->omNode-2-InstallSnapshotResponseHandler: received a reply omNode-1<-omNode-2#0:FAIL-t6,IN_PROGRESS
2022-10-04 13:26:29,685 [grpc-default-executor-3] INFO  server.GrpcLogAppender (GrpcLogAppender.java:onNext(421)) - omNode-1@group-523986131536->omNode-2-InstallSnapshotResponseHandler: InstallSnapshot in progress.
2022-10-04 13:26:29,685 [omNode-1@group-523986131536->omNode-2-GrpcLogAppender-LogAppenderDaemon] INFO  server.GrpcLogAppender (GrpcLogAppender.java:installSnapshot(541)) - omNode-1@group-523986131536->omNode-2-GrpcLogAppender: followerNextIndex = 57 but logStartIndex = 59, notify follower to install snapshot-(t:6, i:59)
2022-10-04 13:26:29,685 [omNode-1@group-523986131536->omNode-2-GrpcLogAppender-LogAppenderDaemon] INFO  server.GrpcLogAppender (GrpcLogAppender.java:installSnapshot(549)) - omNode-1@group-523986131536->omNode-2-GrpcLogAppender: send omNode-1->omNode-2#0-t6,notify:(t:6, i:59)
2022-10-04 13:26:29,686 [grpc-default-executor-1] INFO  leader.FollowerInfo (FollowerInfoImpl.java:lambda$new$0(48)) - omNode-1@group-523986131536->omNode-2: nextIndex: updateUnconditionally 57 -> 57
2022-10-04 13:26:29,686 [omNode-2-server-thread1] INFO  server.RaftServer$Division (RaftServerImpl.java:checkInconsistentAppendEntries(1402)) - omNode-2@group-523986131536: Failed appendEntries as snapshot (59) installation is in progress
2022-10-04 13:26:29,686 [omNode-2-server-thread1] INFO  server.RaftServer$Division (RaftServerImpl.java:checkInconsistentAppendEntries(1394)) - omNode-2@group-523986131536: inconsistency entries. Reply:omNode-1<-omNode-2#444:FAIL-t6,INCONSISTENCY,nextIndex=57,followerCommit=56
2022-10-04 13:26:29,687 [grpc-default-executor-3] INFO  leader.FollowerInfo (FollowerInfoImpl.java:lambda$new$0(48)) - omNode-1@group-523986131536->omNode-2: nextIndex: updateUnconditionally 57 -> 57
2022-10-04 13:26:29,687 [grpc-default-executor-1] INFO  impl.SnapshotInstallationHandler (SnapshotInstallationHandler.java:installSnapshot(84)) - omNode-2@group-523986131536: receive installSnapshot: omNode-1->omNode-2#0-t6,notify:(t:6, i:59)
2022-10-04 13:26:29,687 [grpc-default-executor-1] INFO  impl.SnapshotInstallationHandler (SnapshotInstallationHandler.java:installSnapshot(95)) - omNode-2@group-523986131536: reply installSnapshot: omNode-1<-omNode-2#0:FAIL-t6,IN_PROGRESS
2022-10-04 13:26:29,687 [grpc-default-executor-1] INFO  server.GrpcServerProtocolService (GrpcServerProtocolService.java:onCompleted(140)) - omNode-2: Completed INSTALL_SNAPSHOT, lastRequest: omNode-1->omNode-2#0-t6,notify:(t:6, i:59)
2022-10-04 13:26:29,688 [grpc-default-executor-1] INFO  server.GrpcLogAppender (GrpcLogAppender.java:onNext(403)) - omNode-1@group-523986131536->omNode-2-InstallSnapshotResponseHandler: received a reply omNode-1<-omNode-2#0:FAIL-t6,IN_PROGRESS
2022-10-04 13:26:29,688 [grpc-default-executor-1] INFO  server.GrpcLogAppender (GrpcLogAppender.java:onNext(421)) - omNode-1@group-523986131536->omNode-2-InstallSnapshotResponseHandler: InstallSnapshot in progress.
2022-10-04 13:26:29,688 [omNode-1@group-523986131536->omNode-2-GrpcLogAppender-LogAppenderDaemon] INFO  server.GrpcLogAppender (GrpcLogAppender.java:installSnapshot(541)) - omNode-1@group-523986131536->omNode-2-GrpcLogAppender: followerNextIndex = 57 but logStartIndex = 59, notify follower to install snapshot-(t:6, i:59)
2022-10-04 13:26:29,688 [omNode-1@group-523986131536->omNode-2-GrpcLogAppender-LogAppenderDaemon] INFO  server.GrpcLogAppender (GrpcLogAppender.java:installSnapshot(549)) - omNode-1@group-523986131536->omNode-2-GrpcLogAppender: send omNode-1->omNode-2#0-t6,notify:(t:6, i:59)
2022-10-04 13:26:29,691 [omNode-2-server-thread1] INFO  server.RaftServer$Division (RaftServerImpl.java:checkInconsistentAppendEntries(1402)) - omNode-2@group-523986131536: Failed appendEntries as snapshot (59) installation is in progress
2022-10-04 13:26:29,691 [omNode-2-server-thread1] INFO  server.RaftServer$Division (RaftServerImpl.java:checkInconsistentAppendEntries(1394)) - omNode-2@group-523986131536: inconsistency entries. Reply:omNode-1<-omNode-2#445:FAIL-t6,INCONSISTENCY,nextIndex=57,followerCommit=56
2022-10-04 13:26:29,691 [grpc-default-executor-3] INFO  impl.SnapshotInstallationHandler (SnapshotInstallationHandler.java:installSnapshot(84)) - omNode-2@group-523986131536: receive installSnapshot: omNode-1->omNode-2#0-t6,notify:(t:6, i:59)
2022-10-04 13:26:29,692 [grpc-default-executor-3] INFO  impl.SnapshotInstallationHandler (SnapshotInstallationHandler.java:installSnapshot(95)) - omNode-2@group-523986131536: reply installSnapshot: omNode-1<-omNode-2#0:FAIL-t6,IN_PROGRESS
2022-10-04 13:26:29,692 [grpc-default-executor-3] INFO  server.GrpcServerProtocolService (GrpcServerProtocolService.java:onCompleted(140)) - omNode-2: Completed INSTALL_SNAPSHOT, lastRequest: omNode-1->omNode-2#0-t6,notify:(t:6, i:59)
2022-10-04 13:26:29,693 [grpc-default-executor-1] INFO  server.GrpcLogAppender (GrpcLogAppender.java:onNext(403)) - omNode-1@group-523986131536->omNode-2-InstallSnapshotResponseHandler: received a reply omNode-1<-omNode-2#0:FAIL-t6,IN_PROGRESS
2022-10-04 13:26:29,693 [grpc-default-executor-1] INFO  server.GrpcLogAppender (GrpcLogAppender.java:onNext(421)) - omNode-1@group-523986131536->omNode-2-InstallSnapshotResponseHandler: InstallSnapshot in progress.
2022-10-04 13:26:29,693 [grpc-default-executor-1] INFO  leader.FollowerInfo (FollowerInfoImpl.java:lambda$new$0(48)) - omNode-1@group-523986131536->omNode-2: nextIndex: updateUnconditionally 57 -> 57
2022-10-04 13:26:29,693 [omNode-1@group-523986131536->omNode-2-GrpcLogAppender-LogAppenderDaemon] INFO  server.GrpcLogAppender (GrpcLogAppender.java:installSnapshot(541)) - omNode-1@group-523986131536->omNode-2-GrpcLogAppender: followerNextIndex = 57 but logStartIndex = 59, notify follower to install snapshot-(t:6, i:59)
2022-10-04 13:26:29,693 [omNode-1@group-523986131536->omNode-2-GrpcLogAppender-LogAppenderDaemon] INFO  server.GrpcLogAppender (GrpcLogAppender.java:installSnapshot(549)) - omNode-1@group-523986131536->omNode-2-GrpcLogAppender: send omNode-1->omNode-2#0-t6,notify:(t:6, i:59)
2022-10-04 13:26:29,694 [omNode-2-server-thread1] INFO  server.RaftServer$Division (RaftServerImpl.java:checkInconsistentAppendEntries(1402)) - omNode-2@group-523986131536: Failed appendEntries as snapshot (59) installation is in progress
2022-10-04 13:26:29,694 [omNode-2-server-thread1] INFO  server.RaftServer$Division (RaftServerImpl.java:checkInconsistentAppendEntries(1394)) - omNode-2@group-523986131536: inconsistency entries. Reply:omNode-1<-omNode-2#446:FAIL-t6,INCONSISTENCY,nextIndex=57,followerCommit=56
2022-10-04 13:26:29,694 [grpc-default-executor-1] INFO  impl.SnapshotInstallationHandler (SnapshotInstallationHandler.java:installSnapshot(84)) - omNode-2@group-523986131536: receive installSnapshot: omNode-1->omNode-2#0-t6,notify:(t:6, i:59)
2022-10-04 13:26:29,694 [grpc-default-executor-2] INFO  leader.FollowerInfo (FollowerInfoImpl.java:lambda$new$0(48)) - omNode-1@group-523986131536->omNode-2: nextIndex: updateUnconditionally 57 -> 57
2022-10-04 13:26:29,694 [grpc-default-executor-1] INFO  impl.SnapshotInstallationHandler (SnapshotInstallationHandler.java:installSnapshot(95)) - omNode-2@group-523986131536: reply installSnapshot: omNode-1<-omNode-2#0:FAIL-t6,IN_PROGRESS
2022-10-04 13:26:29,695 [grpc-default-executor-1] INFO  server.GrpcServerProtocolService (GrpcServerProtocolService.java:onCompleted(140)) - omNode-2: Completed INSTALL_SNAPSHOT, lastRequest: omNode-1->omNode-2#0-t6,notify:(t:6, i:59)
2022-10-04 13:26:29,695 [grpc-default-executor-1] INFO  server.GrpcLogAppender (GrpcLogAppender.java:onNext(403)) - omNode-1@group-523986131536->omNode-2-InstallSnapshotResponseHandler: received a reply omNode-1<-omNode-2#0:FAIL-t6,IN_PROGRESS
2022-10-04 13:26:29,695 [grpc-default-executor-1] INFO  server.GrpcLogAppender (GrpcLogAppender.java:onNext(421)) - omNode-1@group-523986131536->omNode-2-InstallSnapshotResponseHandler: InstallSnapshot in progress.
2022-10-04 13:26:29,696 [omNode-1@group-523986131536->omNode-2-GrpcLogAppender-LogAppenderDaemon] INFO  server.GrpcLogAppender (GrpcLogAppender.java:installSnapshot(541)) - omNode-1@group-523986131536->omNode-2-GrpcLogAppender: followerNextIndex = 57 but logStartIndex = 59, notify follower to install snapshot-(t:6, i:59)
2022-10-04 13:26:29,696 [omNode-1@group-523986131536->omNode-2-GrpcLogAppender-LogAppenderDaemon] INFO  server.GrpcLogAppender (GrpcLogAppender.java:installSnapshot(549)) - omNode-1@group-523986131536->omNode-2-GrpcLogAppender: send omNode-1->omNode-2#0-t6,notify:(t:6, i:59)
2022-10-04 13:26:29,698 [omNode-2-server-thread1] INFO  server.RaftServer$Division (RaftServerImpl.java:checkInconsistentAppendEntries(1402)) - omNode-2@group-523986131536: Failed appendEntries as snapshot (59) installation is in progress
2022-10-04 13:26:29,698 [omNode-2-server-thread1] INFO  server.RaftServer$Division (RaftServerImpl.java:checkInconsistentAppendEntries(1394)) - omNode-2@group-523986131536: inconsistency entries. Reply:omNode-1<-omNode-2#447:FAIL-t6,INCONSISTENCY,nextIndex=57,followerCommit=56
2022-10-04 13:26:29,698 [grpc-default-executor-1] INFO  impl.SnapshotInstallationHandler (SnapshotInstallationHandler.java:installSnapshot(84)) - omNode-2@group-523986131536: receive installSnapshot: omNode-1->omNode-2#0-t6,notify:(t:6, i:59)
2022-10-04 13:26:29,698 [grpc-default-executor-1] INFO  impl.SnapshotInstallationHandler (SnapshotInstallationHandler.java:installSnapshot(95)) - omNode-2@group-523986131536: reply installSnapshot: omNode-1<-omNode-2#0:FAIL-t6,IN_PROGRESS
2022-10-04 13:26:29,698 [grpc-default-executor-1] INFO  server.GrpcServerProtocolService (GrpcServerProtocolService.java:onCompleted(140)) - omNode-2: Completed INSTALL_SNAPSHOT, lastRequest: omNode-1->omNode-2#0-t6,notify:(t:6, i:59)
2022-10-04 13:26:29,698 [grpc-default-executor-2] INFO  leader.FollowerInfo (FollowerInfoImpl.java:lambda$new$0(48)) - omNode-1@group-523986131536->omNode-2: nextIndex: updateUnconditionally 57 -> 57
2022-10-04 13:26:29,699 [grpc-default-executor-1] INFO  server.GrpcLogAppender (GrpcLogAppender.java:onNext(403)) - omNode-1@group-523986131536->omNode-2-InstallSnapshotResponseHandler: received a reply omNode-1<-omNode-2#0:FAIL-t6,IN_PROGRESS
2022-10-04 13:26:29,699 [grpc-default-executor-1] INFO  server.GrpcLogAppender (GrpcLogAppender.java:onNext(421)) - omNode-1@group-523986131536->omNode-2-InstallSnapshotResponseHandler: InstallSnapshot in progress.
2022-10-04 13:26:29,699 [omNode-1@group-523986131536->omNode-2-GrpcLogAppender-LogAppenderDaemon] INFO  server.GrpcLogAppender (GrpcLogAppender.java:installSnapshot(541)) - omNode-1@group-523986131536->omNode-2-GrpcLogAppender: followerNextIndex = 57 but logStartIndex = 59, notify follower to install snapshot-(t:6, i:59)
2022-10-04 13:26:29,699 [omNode-1@group-523986131536->omNode-2-GrpcLogAppender-LogAppenderDaemon] INFO  server.GrpcLogAppender (GrpcLogAppender.java:installSnapshot(549)) - omNode-1@group-523986131536->omNode-2-GrpcLogAppender: send omNode-1->omNode-2#0-t6,notify:(t:6, i:59)
2022-10-04 13:26:29,701 [omNode-2-server-thread1] INFO  server.RaftServer$Division (RaftServerImpl.java:checkInconsistentAppendEntries(1402)) - omNode-2@group-523986131536: Failed appendEntries as snapshot (59) installation is in progress
2022-10-04 13:26:29,702 [omNode-2-server-thread1] INFO  server.RaftServer$Division (RaftServerImpl.java:checkInconsistentAppendEntries(1394)) - omNode-2@group-523986131536: inconsistency entries. Reply:omNode-1<-omNode-2#448:FAIL-t6,INCONSISTENCY,nextIndex=57,followerCommit=56
2022-10-04 13:26:29,702 [grpc-default-executor-2] INFO  impl.SnapshotInstallationHandler (SnapshotInstallationHandler.java:installSnapshot(84)) - omNode-2@group-523986131536: receive installSnapshot: omNode-1->omNode-2#0-t6,notify:(t:6, i:59)
2022-10-04 13:26:29,703 [grpc-default-executor-2] INFO  impl.SnapshotInstallationHandler (SnapshotInstallationHandler.java:installSnapshot(95)) - omNode-2@group-523986131536: reply installSnapshot: omNode-1<-omNode-2#0:FAIL-t6,IN_PROGRESS
2022-10-04 13:26:29,703 [grpc-default-executor-2] INFO  server.GrpcServerProtocolService (GrpcServerProtocolService.java:onCompleted(140)) - omNode-2: Completed INSTALL_SNAPSHOT, lastRequest: omNode-1->omNode-2#0-t6,notify:(t:6, i:59)
2022-10-04 13:26:29,704 [grpc-default-executor-2] INFO  leader.FollowerInfo (FollowerInfoImpl.java:lambda$new$0(48)) - omNode-1@group-523986131536->omNode-2: nextIndex: updateUnconditionally 57 -> 57
2022-10-04 13:26:29,705 [grpc-default-executor-2] INFO  server.GrpcLogAppender (GrpcLogAppender.java:onNext(403)) - omNode-1@group-523986131536->omNode-2-InstallSnapshotResponseHandler: received a reply omNode-1<-omNode-2#0:FAIL-t6,IN_PROGRESS
2022-10-04 13:26:29,705 [grpc-default-executor-2] INFO  server.GrpcLogAppender (GrpcLogAppender.java:onNext(421)) - omNode-1@group-523986131536->omNode-2-InstallSnapshotResponseHandler: InstallSnapshot in progress.
2022-10-04 13:26:29,705 [omNode-1@group-523986131536->omNode-2-GrpcLogAppender-LogAppenderDaemon] INFO  server.GrpcLogAppender (GrpcLogAppender.java:installSnapshot(541)) - omNode-1@group-523986131536->omNode-2-GrpcLogAppender: followerNextIndex = 57 but logStartIndex = 59, notify follower to install snapshot-(t:6, i:59)
2022-10-04 13:26:29,705 [omNode-1@group-523986131536->omNode-2-GrpcLogAppender-LogAppenderDaemon] INFO  server.GrpcLogAppender (GrpcLogAppender.java:installSnapshot(549)) - omNode-1@group-523986131536->omNode-2-GrpcLogAppender: send omNode-1->omNode-2#0-t6,notify:(t:6, i:59)
2022-10-04 13:26:29,707 [omNode-2-server-thread1] INFO  server.RaftServer$Division (RaftServerImpl.java:checkInconsistentAppendEntries(1402)) - omNode-2@group-523986131536: Failed appendEntries as snapshot (59) installation is in progress
2022-10-04 13:26:29,707 [omNode-2-server-thread1] INFO  server.RaftServer$Division (RaftServerImpl.java:checkInconsistentAppendEntries(1394)) - omNode-2@group-523986131536: inconsistency entries. Reply:omNode-1<-omNode-2#449:FAIL-t6,INCONSISTENCY,nextIndex=57,followerCommit=56
2022-10-04 13:26:29,707 [grpc-default-executor-2] INFO  impl.SnapshotInstallationHandler (SnapshotInstallationHandler.java:installSnapshot(84)) - omNode-2@group-523986131536: receive installSnapshot: omNode-1->omNode-2#0-t6,notify:(t:6, i:59)
2022-10-04 13:26:29,707 [grpc-default-executor-2] INFO  impl.SnapshotInstallationHandler (SnapshotInstallationHandler.java:installSnapshot(95)) - omNode-2@group-523986131536: reply installSnapshot: omNode-1<-omNode-2#0:FAIL-t6,IN_PROGRESS
2022-10-04 13:26:29,707 [grpc-default-executor-2] INFO  server.GrpcServerProtocolService (GrpcServerProtocolService.java:onCompleted(140)) - omNode-2: Completed INSTALL_SNAPSHOT, lastRequest: omNode-1->omNode-2#0-t6,notify:(t:6, i:59)
2022-10-04 13:26:29,709 [grpc-default-executor-2] INFO  leader.FollowerInfo (FollowerInfoImpl.java:lambda$new$0(48)) - omNode-1@group-523986131536->omNode-2: nextIndex: updateUnconditionally 57 -> 57
2022-10-04 13:26:29,709 [grpc-default-executor-2] INFO  server.GrpcLogAppender (GrpcLogAppender.java:onNext(403)) - omNode-1@group-523986131536->omNode-2-InstallSnapshotResponseHandler: received a reply omNode-1<-omNode-2#0:FAIL-t6,IN_PROGRESS
2022-10-04 13:26:29,709 [grpc-default-executor-2] INFO  server.GrpcLogAppender (GrpcLogAppender.java:onNext(421)) - omNode-1@group-523986131536->omNode-2-InstallSnapshotResponseHandler: InstallSnapshot in progress.
2022-10-04 13:26:29,710 [omNode-1@group-523986131536->omNode-2-GrpcLogAppender-LogAppenderDaemon] INFO  server.GrpcLogAppender (GrpcLogAppender.java:installSnapshot(541)) - omNode-1@group-523986131536->omNode-2-GrpcLogAppender: followerNextIndex = 57 but logStartIndex = 59, notify follower to install snapshot-(t:6, i:59)
2022-10-04 13:26:29,710 [omNode-1@group-523986131536->omNode-2-GrpcLogAppender-LogAppenderDaemon] INFO  server.GrpcLogAppender (GrpcLogAppender.java:installSnapshot(549)) - omNode-1@group-523986131536->omNode-2-GrpcLogAppender: send omNode-1->omNode-2#0-t6,notify:(t:6, i:59)
2022-10-04 13:26:29,718 [qtp515508946-1102] INFO  utils.DBCheckpointServlet (DBCheckpointServlet.java:doGet(109)) - Received request to obtain DB checkpoint snapshot
2022-10-04 13:26:29,719 [omNode-2-server-thread1] INFO  server.RaftServer$Division (RaftServerImpl.java:checkInconsistentAppendEntries(1402)) - omNode-2@group-523986131536: Failed appendEntries as snapshot (59) installation is in progress
2022-10-04 13:26:29,719 [omNode-2-server-thread1] INFO  server.RaftServer$Division (RaftServerImpl.java:checkInconsistentAppendEntries(1394)) - omNode-2@group-523986131536: inconsistency entries. Reply:omNode-1<-omNode-2#450:FAIL-t6,INCONSISTENCY,nextIndex=57,followerCommit=56
2022-10-04 13:26:29,721 [grpc-default-executor-1] INFO  impl.SnapshotInstallationHandler (SnapshotInstallationHandler.java:installSnapshot(84)) - omNode-2@group-523986131536: receive installSnapshot: omNode-1->omNode-2#0-t6,notify:(t:6, i:59)
2022-10-04 13:26:29,721 [grpc-default-executor-1] INFO  impl.SnapshotInstallationHandler (SnapshotInstallationHandler.java:installSnapshot(95)) - omNode-2@group-523986131536: reply installSnapshot: omNode-1<-omNode-2#0:FAIL-t6,IN_PROGRESS
2022-10-04 13:26:29,721 [grpc-default-executor-1] INFO  server.GrpcServerProtocolService (GrpcServerProtocolService.java:onCompleted(140)) - omNode-2: Completed INSTALL_SNAPSHOT, lastRequest: omNode-1->omNode-2#0-t6,notify:(t:6, i:59)
2022-10-04 13:26:29,725 [grpc-default-executor-3] INFO  server.GrpcLogAppender (GrpcLogAppender.java:onNext(403)) - omNode-1@group-523986131536->omNode-2-InstallSnapshotResponseHandler: received a reply omNode-1<-omNode-2#0:FAIL-t6,IN_PROGRESS
2022-10-04 13:26:29,725 [grpc-default-executor-3] INFO  server.GrpcLogAppender (GrpcLogAppender.java:onNext(421)) - omNode-1@group-523986131536->omNode-2-InstallSnapshotResponseHandler: InstallSnapshot in progress.
2022-10-04 13:26:29,726 [omNode-1@group-523986131536->omNode-2-GrpcLogAppender-LogAppenderDaemon] INFO  server.GrpcLogAppender (GrpcLogAppender.java:installSnapshot(541)) - omNode-1@group-523986131536->omNode-2-GrpcLogAppender: followerNextIndex = 57 but logStartIndex = 59, notify follower to install snapshot-(t:6, i:59)
2022-10-04 13:26:29,726 [omNode-1@group-523986131536->omNode-2-GrpcLogAppender-LogAppenderDaemon] INFO  server.GrpcLogAppender (GrpcLogAppender.java:installSnapshot(549)) - omNode-1@group-523986131536->omNode-2-GrpcLogAppender: send omNode-1->omNode-2#0-t6,notify:(t:6, i:59)
2022-10-04 13:26:29,727 [omNode-2-server-thread1] INFO  server.RaftServer$Division (RaftServerImpl.java:checkInconsistentAppendEntries(1402)) - omNode-2@group-523986131536: Failed appendEntries as snapshot (59) installation is in progress
2022-10-04 13:26:29,727 [omNode-2-server-thread1] INFO  server.RaftServer$Division (RaftServerImpl.java:checkInconsistentAppendEntries(1394)) - omNode-2@group-523986131536: inconsistency entries. Reply:omNode-1<-omNode-2#451:FAIL-t6,INCONSISTENCY,nextIndex=57,followerCommit=56
2022-10-04 13:26:29,727 [grpc-default-executor-3] INFO  leader.FollowerInfo (FollowerInfoImpl.java:lambda$new$0(48)) - omNode-1@group-523986131536->omNode-2: nextIndex: updateUnconditionally 57 -> 57
2022-10-04 13:26:29,728 [grpc-default-executor-3] INFO  leader.FollowerInfo (FollowerInfoImpl.java:lambda$new$0(48)) - omNode-1@group-523986131536->omNode-2: nextIndex: updateUnconditionally 57 -> 57
2022-10-04 13:26:29,728 [grpc-default-executor-1] INFO  impl.SnapshotInstallationHandler (SnapshotInstallationHandler.java:installSnapshot(84)) - omNode-2@group-523986131536: receive installSnapshot: omNode-1->omNode-2#0-t6,notify:(t:6, i:59)
2022-10-04 13:26:29,728 [grpc-default-executor-1] INFO  impl.SnapshotInstallationHandler (SnapshotInstallationHandler.java:installSnapshot(95)) - omNode-2@group-523986131536: reply installSnapshot: omNode-1<-omNode-2#0:FAIL-t6,IN_PROGRESS
2022-10-04 13:26:29,728 [grpc-default-executor-1] INFO  server.GrpcServerProtocolService (GrpcServerProtocolService.java:onCompleted(140)) - omNode-2: Completed INSTALL_SNAPSHOT, lastRequest: omNode-1->omNode-2#0-t6,notify:(t:6, i:59)
2022-10-04 13:26:29,729 [grpc-default-executor-1] INFO  server.GrpcLogAppender (GrpcLogAppender.java:onNext(403)) - omNode-1@group-523986131536->omNode-2-InstallSnapshotResponseHandler: received a reply omNode-1<-omNode-2#0:FAIL-t6,IN_PROGRESS
2022-10-04 13:26:29,729 [grpc-default-executor-1] INFO  server.GrpcLogAppender (GrpcLogAppender.java:onNext(421)) - omNode-1@group-523986131536->omNode-2-InstallSnapshotResponseHandler: InstallSnapshot in progress.
2022-10-04 13:26:29,729 [omNode-1@group-523986131536->omNode-2-GrpcLogAppender-LogAppenderDaemon] INFO  server.GrpcLogAppender (GrpcLogAppender.java:installSnapshot(541)) - omNode-1@group-523986131536->omNode-2-GrpcLogAppender: followerNextIndex = 57 but logStartIndex = 59, notify follower to install snapshot-(t:6, i:59)
2022-10-04 13:26:29,729 [omNode-1@group-523986131536->omNode-2-GrpcLogAppender-LogAppenderDaemon] INFO  server.GrpcLogAppender (GrpcLogAppender.java:installSnapshot(549)) - omNode-1@group-523986131536->omNode-2-GrpcLogAppender: send omNode-1->omNode-2#0-t6,notify:(t:6, i:59)
2022-10-04 13:26:29,730 [omNode-2-server-thread1] INFO  server.RaftServer$Division (RaftServerImpl.java:checkInconsistentAppendEntries(1402)) - omNode-2@group-523986131536: Failed appendEntries as snapshot (59) installation is in progress
2022-10-04 13:26:29,730 [omNode-2-server-thread1] INFO  server.RaftServer$Division (RaftServerImpl.java:checkInconsistentAppendEntries(1394)) - omNode-2@group-523986131536: inconsistency entries. Reply:omNode-1<-omNode-2#452:FAIL-t6,INCONSISTENCY,nextIndex=57,followerCommit=56
2022-10-04 13:26:29,730 [grpc-default-executor-1] INFO  impl.SnapshotInstallationHandler (SnapshotInstallationHandler.java:installSnapshot(84)) - omNode-2@group-523986131536: receive installSnapshot: omNode-1->omNode-2#0-t6,notify:(t:6, i:59)
2022-10-04 13:26:29,730 [grpc-default-executor-1] INFO  impl.SnapshotInstallationHandler (SnapshotInstallationHandler.java:installSnapshot(95)) - omNode-2@group-523986131536: reply installSnapshot: omNode-1<-omNode-2#0:FAIL-t6,IN_PROGRESS
2022-10-04 13:26:29,731 [grpc-default-executor-1] INFO  server.GrpcServerProtocolService (GrpcServerProtocolService.java:onCompleted(140)) - omNode-2: Completed INSTALL_SNAPSHOT, lastRequest: omNode-1->omNode-2#0-t6,notify:(t:6, i:59)
2022-10-04 13:26:29,731 [grpc-default-executor-3] INFO  leader.FollowerInfo (FollowerInfoImpl.java:lambda$new$0(48)) - omNode-1@group-523986131536->omNode-2: nextIndex: updateUnconditionally 57 -> 57
2022-10-04 13:26:29,731 [grpc-default-executor-1] INFO  server.GrpcLogAppender (GrpcLogAppender.java:onNext(403)) - omNode-1@group-523986131536->omNode-2-InstallSnapshotResponseHandler: received a reply omNode-1<-omNode-2#0:FAIL-t6,IN_PROGRESS
2022-10-04 13:26:29,731 [grpc-default-executor-1] INFO  server.GrpcLogAppender (GrpcLogAppender.java:onNext(421)) - omNode-1@group-523986131536->omNode-2-InstallSnapshotResponseHandler: InstallSnapshot in progress.
2022-10-04 13:26:29,731 [omNode-1@group-523986131536->omNode-2-GrpcLogAppender-LogAppenderDaemon] INFO  server.GrpcLogAppender (GrpcLogAppender.java:installSnapshot(541)) - omNode-1@group-523986131536->omNode-2-GrpcLogAppender: followerNextIndex = 57 but logStartIndex = 59, notify follower to install snapshot-(t:6, i:59)
2022-10-04 13:26:29,731 [omNode-1@group-523986131536->omNode-2-GrpcLogAppender-LogAppenderDaemon] INFO  server.GrpcLogAppender (GrpcLogAppender.java:installSnapshot(549)) - omNode-1@group-523986131536->omNode-2-GrpcLogAppender: send omNode-1->omNode-2#0-t6,notify:(t:6, i:59)
2022-10-04 13:26:29,734 [omNode-2-server-thread1] INFO  server.RaftServer$Division (RaftServerImpl.java:checkInconsistentAppendEntries(1402)) - omNode-2@group-523986131536: Failed appendEntries as snapshot (59) installation is in progress
2022-10-04 13:26:29,734 [omNode-2-server-thread1] INFO  server.RaftServer$Division (RaftServerImpl.java:checkInconsistentAppendEntries(1394)) - omNode-2@group-523986131536: inconsistency entries. Reply:omNode-1<-omNode-2#453:FAIL-t6,INCONSISTENCY,nextIndex=57,followerCommit=56
2022-10-04 13:26:29,734 [grpc-default-executor-1] INFO  impl.SnapshotInstallationHandler (SnapshotInstallationHandler.java:installSnapshot(84)) - omNode-2@group-523986131536: receive installSnapshot: omNode-1->omNode-2#0-t6,notify:(t:6, i:59)
2022-10-04 13:26:29,734 [grpc-default-executor-1] INFO  impl.SnapshotInstallationHandler (SnapshotInstallationHandler.java:installSnapshot(95)) - omNode-2@group-523986131536: reply installSnapshot: omNode-1<-omNode-2#0:FAIL-t6,IN_PROGRESS
2022-10-04 13:26:29,734 [grpc-default-executor-1] INFO  server.GrpcServerProtocolService (GrpcServerProtocolService.java:onCompleted(140)) - omNode-2: Completed INSTALL_SNAPSHOT, lastRequest: omNode-1->omNode-2#0-t6,notify:(t:6, i:59)
2022-10-04 13:26:29,736 [grpc-default-executor-1] INFO  leader.FollowerInfo (FollowerInfoImpl.java:lambda$new$0(48)) - omNode-1@group-523986131536->omNode-2: nextIndex: updateUnconditionally 57 -> 57
2022-10-04 13:26:29,736 [grpc-default-executor-3] INFO  server.GrpcLogAppender (GrpcLogAppender.java:onNext(403)) - omNode-1@group-523986131536->omNode-2-InstallSnapshotResponseHandler: received a reply omNode-1<-omNode-2#0:FAIL-t6,IN_PROGRESS
2022-10-04 13:26:29,736 [grpc-default-executor-3] INFO  server.GrpcLogAppender (GrpcLogAppender.java:onNext(421)) - omNode-1@group-523986131536->omNode-2-InstallSnapshotResponseHandler: InstallSnapshot in progress.
2022-10-04 13:26:29,737 [omNode-1@group-523986131536->omNode-2-GrpcLogAppender-LogAppenderDaemon] INFO  server.GrpcLogAppender (GrpcLogAppender.java:installSnapshot(541)) - omNode-1@group-523986131536->omNode-2-GrpcLogAppender: followerNextIndex = 57 but logStartIndex = 59, notify follower to install snapshot-(t:6, i:59)
2022-10-04 13:26:29,737 [omNode-1@group-523986131536->omNode-2-GrpcLogAppender-LogAppenderDaemon] INFO  server.GrpcLogAppender (GrpcLogAppender.java:installSnapshot(549)) - omNode-1@group-523986131536->omNode-2-GrpcLogAppender: send omNode-1->omNode-2#0-t6,notify:(t:6, i:59)
2022-10-04 13:26:29,740 [omNode-2-server-thread1] INFO  server.RaftServer$Division (RaftServerImpl.java:checkInconsistentAppendEntries(1402)) - omNode-2@group-523986131536: Failed appendEntries as snapshot (59) installation is in progress
2022-10-04 13:26:29,740 [omNode-2-server-thread1] INFO  server.RaftServer$Division (RaftServerImpl.java:checkInconsistentAppendEntries(1394)) - omNode-2@group-523986131536: inconsistency entries. Reply:omNode-1<-omNode-2#454:FAIL-t6,INCONSISTENCY,nextIndex=57,followerCommit=56
2022-10-04 13:26:29,740 [grpc-default-executor-3] INFO  impl.SnapshotInstallationHandler (SnapshotInstallationHandler.java:installSnapshot(84)) - omNode-2@group-523986131536: receive installSnapshot: omNode-1->omNode-2#0-t6,notify:(t:6, i:59)
2022-10-04 13:26:29,740 [grpc-default-executor-3] INFO  impl.SnapshotInstallationHandler (SnapshotInstallationHandler.java:installSnapshot(95)) - omNode-2@group-523986131536: reply installSnapshot: omNode-1<-omNode-2#0:FAIL-t6,IN_PROGRESS
2022-10-04 13:26:29,740 [grpc-default-executor-3] INFO  server.GrpcServerProtocolService (GrpcServerProtocolService.java:onCompleted(140)) - omNode-2: Completed INSTALL_SNAPSHOT, lastRequest: omNode-1->omNode-2#0-t6,notify:(t:6, i:59)
2022-10-04 13:26:29,741 [grpc-default-executor-1] INFO  leader.FollowerInfo (FollowerInfoImpl.java:lambda$new$0(48)) - omNode-1@group-523986131536->omNode-2: nextIndex: updateUnconditionally 57 -> 57
2022-10-04 13:26:29,741 [grpc-default-executor-3] INFO  server.GrpcLogAppender (GrpcLogAppender.java:onNext(403)) - omNode-1@group-523986131536->omNode-2-InstallSnapshotResponseHandler: received a reply omNode-1<-omNode-2#0:FAIL-t6,IN_PROGRESS
2022-10-04 13:26:29,741 [grpc-default-executor-3] INFO  server.GrpcLogAppender (GrpcLogAppender.java:onNext(421)) - omNode-1@group-523986131536->omNode-2-InstallSnapshotResponseHandler: InstallSnapshot in progress.
2022-10-04 13:26:29,741 [omNode-1@group-523986131536->omNode-2-GrpcLogAppender-LogAppenderDaemon] INFO  server.GrpcLogAppender (GrpcLogAppender.java:installSnapshot(541)) - omNode-1@group-523986131536->omNode-2-GrpcLogAppender: followerNextIndex = 57 but logStartIndex = 59, notify follower to install snapshot-(t:6, i:59)
2022-10-04 13:26:29,741 [omNode-1@group-523986131536->omNode-2-GrpcLogAppender-LogAppenderDaemon] INFO  server.GrpcLogAppender (GrpcLogAppender.java:installSnapshot(549)) - omNode-1@group-523986131536->omNode-2-GrpcLogAppender: send omNode-1->omNode-2#0-t6,notify:(t:6, i:59)
2022-10-04 13:26:29,742 [omNode-2-server-thread1] INFO  server.RaftServer$Division (RaftServerImpl.java:checkInconsistentAppendEntries(1402)) - omNode-2@group-523986131536: Failed appendEntries as snapshot (59) installation is in progress
2022-10-04 13:26:29,742 [omNode-2-server-thread1] INFO  server.RaftServer$Division (RaftServerImpl.java:checkInconsistentAppendEntries(1394)) - omNode-2@group-523986131536: inconsistency entries. Reply:omNode-1<-omNode-2#455:FAIL-t6,INCONSISTENCY,nextIndex=57,followerCommit=56
2022-10-04 13:26:29,743 [grpc-default-executor-3] INFO  impl.SnapshotInstallationHandler (SnapshotInstallationHandler.java:installSnapshot(84)) - omNode-2@group-523986131536: receive installSnapshot: omNode-1->omNode-2#0-t6,notify:(t:6, i:59)
2022-10-04 13:26:29,743 [grpc-default-executor-3] INFO  impl.SnapshotInstallationHandler (SnapshotInstallationHandler.java:installSnapshot(95)) - omNode-2@group-523986131536: reply installSnapshot: omNode-1<-omNode-2#0:FAIL-t6,IN_PROGRESS
2022-10-04 13:26:29,743 [grpc-default-executor-3] INFO  server.GrpcServerProtocolService (GrpcServerProtocolService.java:onCompleted(140)) - omNode-2: Completed INSTALL_SNAPSHOT, lastRequest: omNode-1->omNode-2#0-t6,notify:(t:6, i:59)
2022-10-04 13:26:29,743 [grpc-default-executor-1] INFO  leader.FollowerInfo (FollowerInfoImpl.java:lambda$new$0(48)) - omNode-1@group-523986131536->omNode-2: nextIndex: updateUnconditionally 57 -> 57
2022-10-04 13:26:29,744 [grpc-default-executor-3] INFO  server.GrpcLogAppender (GrpcLogAppender.java:onNext(403)) - omNode-1@group-523986131536->omNode-2-InstallSnapshotResponseHandler: received a reply omNode-1<-omNode-2#0:FAIL-t6,IN_PROGRESS
2022-10-04 13:26:29,744 [grpc-default-executor-3] INFO  server.GrpcLogAppender (GrpcLogAppender.java:onNext(421)) - omNode-1@group-523986131536->omNode-2-InstallSnapshotResponseHandler: InstallSnapshot in progress.
2022-10-04 13:26:29,744 [omNode-1@group-523986131536->omNode-2-GrpcLogAppender-LogAppenderDaemon] INFO  server.GrpcLogAppender (GrpcLogAppender.java:installSnapshot(541)) - omNode-1@group-523986131536->omNode-2-GrpcLogAppender: followerNextIndex = 57 but logStartIndex = 59, notify follower to install snapshot-(t:6, i:59)
2022-10-04 13:26:29,744 [omNode-1@group-523986131536->omNode-2-GrpcLogAppender-LogAppenderDaemon] INFO  server.GrpcLogAppender (GrpcLogAppender.java:installSnapshot(549)) - omNode-1@group-523986131536->omNode-2-GrpcLogAppender: send omNode-1->omNode-2#0-t6,notify:(t:6, i:59)
2022-10-04 13:26:29,745 [omNode-2-server-thread1] INFO  server.RaftServer$Division (RaftServerImpl.java:checkInconsistentAppendEntries(1402)) - omNode-2@group-523986131536: Failed appendEntries as snapshot (59) installation is in progress
2022-10-04 13:26:29,745 [omNode-2-server-thread1] INFO  server.RaftServer$Division (RaftServerImpl.java:checkInconsistentAppendEntries(1394)) - omNode-2@group-523986131536: inconsistency entries. Reply:omNode-1<-omNode-2#456:FAIL-t6,INCONSISTENCY,nextIndex=57,followerCommit=56
2022-10-04 13:26:29,747 [grpc-default-executor-1] INFO  impl.SnapshotInstallationHandler (SnapshotInstallationHandler.java:installSnapshot(84)) - omNode-2@group-523986131536: receive installSnapshot: omNode-1->omNode-2#0-t6,notify:(t:6, i:59)
2022-10-04 13:26:29,748 [grpc-default-executor-1] INFO  impl.SnapshotInstallationHandler (SnapshotInstallationHandler.java:installSnapshot(95)) - omNode-2@group-523986131536: reply installSnapshot: omNode-1<-omNode-2#0:FAIL-t6,IN_PROGRESS
2022-10-04 13:26:29,748 [grpc-default-executor-1] INFO  server.GrpcServerProtocolService (GrpcServerProtocolService.java:onCompleted(140)) - omNode-2: Completed INSTALL_SNAPSHOT, lastRequest: omNode-1->omNode-2#0-t6,notify:(t:6, i:59)
2022-10-04 13:26:29,748 [grpc-default-executor-3] INFO  leader.FollowerInfo (FollowerInfoImpl.java:lambda$new$0(48)) - omNode-1@group-523986131536->omNode-2: nextIndex: updateUnconditionally 57 -> 57
2022-10-04 13:26:29,748 [grpc-default-executor-2] INFO  server.GrpcLogAppender (GrpcLogAppender.java:onNext(403)) - omNode-1@group-523986131536->omNode-2-InstallSnapshotResponseHandler: received a reply omNode-1<-omNode-2#0:FAIL-t6,IN_PROGRESS
2022-10-04 13:26:29,748 [grpc-default-executor-2] INFO  server.GrpcLogAppender (GrpcLogAppender.java:onNext(421)) - omNode-1@group-523986131536->omNode-2-InstallSnapshotResponseHandler: InstallSnapshot in progress.
2022-10-04 13:26:29,749 [omNode-1@group-523986131536->omNode-2-GrpcLogAppender-LogAppenderDaemon] INFO  server.GrpcLogAppender (GrpcLogAppender.java:installSnapshot(541)) - omNode-1@group-523986131536->omNode-2-GrpcLogAppender: followerNextIndex = 57 but logStartIndex = 59, notify follower to install snapshot-(t:6, i:59)
2022-10-04 13:26:29,749 [omNode-1@group-523986131536->omNode-2-GrpcLogAppender-LogAppenderDaemon] INFO  server.GrpcLogAppender (GrpcLogAppender.java:installSnapshot(549)) - omNode-1@group-523986131536->omNode-2-GrpcLogAppender: send omNode-1->omNode-2#0-t6,notify:(t:6, i:59)
2022-10-04 13:26:29,751 [omNode-2-server-thread1] INFO  server.RaftServer$Division (RaftServerImpl.java:checkInconsistentAppendEntries(1402)) - omNode-2@group-523986131536: Failed appendEntries as snapshot (59) installation is in progress
2022-10-04 13:26:29,751 [omNode-2-server-thread1] INFO  server.RaftServer$Division (RaftServerImpl.java:checkInconsistentAppendEntries(1394)) - omNode-2@group-523986131536: inconsistency entries. Reply:omNode-1<-omNode-2#457:FAIL-t6,INCONSISTENCY,nextIndex=57,followerCommit=56
2022-10-04 13:26:29,752 [grpc-default-executor-3] INFO  impl.SnapshotInstallationHandler (SnapshotInstallationHandler.java:installSnapshot(84)) - omNode-2@group-523986131536: receive installSnapshot: omNode-1->omNode-2#0-t6,notify:(t:6, i:59)
2022-10-04 13:26:29,752 [grpc-default-executor-2] INFO  leader.FollowerInfo (FollowerInfoImpl.java:lambda$new$0(48)) - omNode-1@group-523986131536->omNode-2: nextIndex: updateUnconditionally 57 -> 57
2022-10-04 13:26:29,752 [grpc-default-executor-3] INFO  impl.SnapshotInstallationHandler (SnapshotInstallationHandler.java:installSnapshot(95)) - omNode-2@group-523986131536: reply installSnapshot: omNode-1<-omNode-2#0:FAIL-t6,IN_PROGRESS
2022-10-04 13:26:29,752 [grpc-default-executor-3] INFO  server.GrpcServerProtocolService (GrpcServerProtocolService.java:onCompleted(140)) - omNode-2: Completed INSTALL_SNAPSHOT, lastRequest: omNode-1->omNode-2#0-t6,notify:(t:6, i:59)
2022-10-04 13:26:29,753 [grpc-default-executor-3] INFO  server.GrpcLogAppender (GrpcLogAppender.java:onNext(403)) - omNode-1@group-523986131536->omNode-2-InstallSnapshotResponseHandler: received a reply omNode-1<-omNode-2#0:FAIL-t6,IN_PROGRESS
2022-10-04 13:26:29,753 [grpc-default-executor-3] INFO  server.GrpcLogAppender (GrpcLogAppender.java:onNext(421)) - omNode-1@group-523986131536->omNode-2-InstallSnapshotResponseHandler: InstallSnapshot in progress.
2022-10-04 13:26:29,754 [omNode-1@group-523986131536->omNode-2-GrpcLogAppender-LogAppenderDaemon] INFO  server.GrpcLogAppender (GrpcLogAppender.java:installSnapshot(541)) - omNode-1@group-523986131536->omNode-2-GrpcLogAppender: followerNextIndex = 57 but logStartIndex = 59, notify follower to install snapshot-(t:6, i:59)
2022-10-04 13:26:29,754 [omNode-1@group-523986131536->omNode-2-GrpcLogAppender-LogAppenderDaemon] INFO  server.GrpcLogAppender (GrpcLogAppender.java:installSnapshot(549)) - omNode-1@group-523986131536->omNode-2-GrpcLogAppender: send omNode-1->omNode-2#0-t6,notify:(t:6, i:59)
2022-10-04 13:26:29,754 [omNode-2-server-thread1] INFO  server.RaftServer$Division (RaftServerImpl.java:checkInconsistentAppendEntries(1402)) - omNode-2@group-523986131536: Failed appendEntries as snapshot (59) installation is in progress
2022-10-04 13:26:29,754 [omNode-2-server-thread1] INFO  server.RaftServer$Division (RaftServerImpl.java:checkInconsistentAppendEntries(1394)) - omNode-2@group-523986131536: inconsistency entries. Reply:omNode-1<-omNode-2#458:FAIL-t6,INCONSISTENCY,nextIndex=57,followerCommit=56
2022-10-04 13:26:29,755 [grpc-default-executor-1] INFO  impl.SnapshotInstallationHandler (SnapshotInstallationHandler.java:installSnapshot(84)) - omNode-2@group-523986131536: receive installSnapshot: omNode-1->omNode-2#0-t6,notify:(t:6, i:59)
2022-10-04 13:26:29,755 [grpc-default-executor-1] INFO  impl.SnapshotInstallationHandler (SnapshotInstallationHandler.java:installSnapshot(95)) - omNode-2@group-523986131536: reply installSnapshot: omNode-1<-omNode-2#0:FAIL-t6,IN_PROGRESS
2022-10-04 13:26:29,755 [grpc-default-executor-2] INFO  leader.FollowerInfo (FollowerInfoImpl.java:lambda$new$0(48)) - omNode-1@group-523986131536->omNode-2: nextIndex: updateUnconditionally 57 -> 57
2022-10-04 13:26:29,755 [grpc-default-executor-1] INFO  server.GrpcServerProtocolService (GrpcServerProtocolService.java:onCompleted(140)) - omNode-2: Completed INSTALL_SNAPSHOT, lastRequest: omNode-1->omNode-2#0-t6,notify:(t:6, i:59)
2022-10-04 13:26:29,756 [grpc-default-executor-1] INFO  server.GrpcLogAppender (GrpcLogAppender.java:onNext(403)) - omNode-1@group-523986131536->omNode-2-InstallSnapshotResponseHandler: received a reply omNode-1<-omNode-2#0:FAIL-t6,IN_PROGRESS
2022-10-04 13:26:29,756 [grpc-default-executor-1] INFO  server.GrpcLogAppender (GrpcLogAppender.java:onNext(421)) - omNode-1@group-523986131536->omNode-2-InstallSnapshotResponseHandler: InstallSnapshot in progress.
2022-10-04 13:26:29,756 [omNode-1@group-523986131536->omNode-2-GrpcLogAppender-LogAppenderDaemon] INFO  server.GrpcLogAppender (GrpcLogAppender.java:installSnapshot(541)) - omNode-1@group-523986131536->omNode-2-GrpcLogAppender: followerNextIndex = 57 but logStartIndex = 59, notify follower to install snapshot-(t:6, i:59)
2022-10-04 13:26:29,756 [omNode-1@group-523986131536->omNode-2-GrpcLogAppender-LogAppenderDaemon] INFO  server.GrpcLogAppender (GrpcLogAppender.java:installSnapshot(549)) - omNode-1@group-523986131536->omNode-2-GrpcLogAppender: send omNode-1->omNode-2#0-t6,notify:(t:6, i:59)
2022-10-04 13:26:29,757 [omNode-2-server-thread1] INFO  server.RaftServer$Division (RaftServerImpl.java:checkInconsistentAppendEntries(1402)) - omNode-2@group-523986131536: Failed appendEntries as snapshot (59) installation is in progress
2022-10-04 13:26:29,757 [omNode-2-server-thread1] INFO  server.RaftServer$Division (RaftServerImpl.java:checkInconsistentAppendEntries(1394)) - omNode-2@group-523986131536: inconsistency entries. Reply:omNode-1<-omNode-2#459:FAIL-t6,INCONSISTENCY,nextIndex=57,followerCommit=56
2022-10-04 13:26:29,757 [grpc-default-executor-1] INFO  impl.SnapshotInstallationHandler (SnapshotInstallationHandler.java:installSnapshot(84)) - omNode-2@group-523986131536: receive installSnapshot: omNode-1->omNode-2#0-t6,notify:(t:6, i:59)
2022-10-04 13:26:29,758 [grpc-default-executor-2] INFO  leader.FollowerInfo (FollowerInfoImpl.java:lambda$new$0(48)) - omNode-1@group-523986131536->omNode-2: nextIndex: updateUnconditionally 57 -> 57
2022-10-04 13:26:29,758 [grpc-default-executor-1] INFO  impl.SnapshotInstallationHandler (SnapshotInstallationHandler.java:installSnapshot(95)) - omNode-2@group-523986131536: reply installSnapshot: omNode-1<-omNode-2#0:FAIL-t6,IN_PROGRESS
2022-10-04 13:26:29,758 [grpc-default-executor-1] INFO  server.GrpcServerProtocolService (GrpcServerProtocolService.java:onCompleted(140)) - omNode-2: Completed INSTALL_SNAPSHOT, lastRequest: omNode-1->omNode-2#0-t6,notify:(t:6, i:59)
2022-10-04 13:26:29,759 [grpc-default-executor-1] INFO  server.GrpcLogAppender (GrpcLogAppender.java:onNext(403)) - omNode-1@group-523986131536->omNode-2-InstallSnapshotResponseHandler: received a reply omNode-1<-omNode-2#0:FAIL-t6,IN_PROGRESS
2022-10-04 13:26:29,759 [grpc-default-executor-1] INFO  server.GrpcLogAppender (GrpcLogAppender.java:onNext(421)) - omNode-1@group-523986131536->omNode-2-InstallSnapshotResponseHandler: InstallSnapshot in progress.
2022-10-04 13:26:29,759 [omNode-1@group-523986131536->omNode-2-GrpcLogAppender-LogAppenderDaemon] INFO  server.GrpcLogAppender (GrpcLogAppender.java:installSnapshot(541)) - omNode-1@group-523986131536->omNode-2-GrpcLogAppender: followerNextIndex = 57 but logStartIndex = 59, notify follower to install snapshot-(t:6, i:59)
2022-10-04 13:26:29,759 [omNode-1@group-523986131536->omNode-2-GrpcLogAppender-LogAppenderDaemon] INFO  server.GrpcLogAppender (GrpcLogAppender.java:installSnapshot(549)) - omNode-1@group-523986131536->omNode-2-GrpcLogAppender: send omNode-1->omNode-2#0-t6,notify:(t:6, i:59)
2022-10-04 13:26:29,761 [grpc-default-executor-2] INFO  impl.SnapshotInstallationHandler (SnapshotInstallationHandler.java:installSnapshot(84)) - omNode-2@group-523986131536: receive installSnapshot: omNode-1->omNode-2#0-t6,notify:(t:6, i:59)
2022-10-04 13:26:29,761 [grpc-default-executor-2] INFO  impl.SnapshotInstallationHandler (SnapshotInstallationHandler.java:installSnapshot(95)) - omNode-2@group-523986131536: reply installSnapshot: omNode-1<-omNode-2#0:FAIL-t6,IN_PROGRESS
2022-10-04 13:26:29,761 [grpc-default-executor-2] INFO  server.GrpcServerProtocolService (GrpcServerProtocolService.java:onCompleted(140)) - omNode-2: Completed INSTALL_SNAPSHOT, lastRequest: omNode-1->omNode-2#0-t6,notify:(t:6, i:59)
2022-10-04 13:26:29,762 [grpc-default-executor-2] INFO  server.GrpcLogAppender (GrpcLogAppender.java:onNext(403)) - omNode-1@group-523986131536->omNode-2-InstallSnapshotResponseHandler: received a reply omNode-1<-omNode-2#0:FAIL-t6,IN_PROGRESS
2022-10-04 13:26:29,762 [grpc-default-executor-2] INFO  server.GrpcLogAppender (GrpcLogAppender.java:onNext(421)) - omNode-1@group-523986131536->omNode-2-InstallSnapshotResponseHandler: InstallSnapshot in progress.
2022-10-04 13:26:29,763 [omNode-1@group-523986131536->omNode-2-GrpcLogAppender-LogAppenderDaemon] INFO  server.GrpcLogAppender (GrpcLogAppender.java:installSnapshot(541)) - omNode-1@group-523986131536->omNode-2-GrpcLogAppender: followerNextIndex = 57 but logStartIndex = 59, notify follower to install snapshot-(t:6, i:59)
2022-10-04 13:26:29,763 [omNode-1@group-523986131536->omNode-2-GrpcLogAppender-LogAppenderDaemon] INFO  server.GrpcLogAppender (GrpcLogAppender.java:installSnapshot(549)) - omNode-1@group-523986131536->omNode-2-GrpcLogAppender: send omNode-1->omNode-2#0-t6,notify:(t:6, i:59)
2022-10-04 13:26:29,763 [omNode-2-server-thread1] INFO  server.RaftServer$Division (RaftServerImpl.java:checkInconsistentAppendEntries(1402)) - omNode-2@group-523986131536: Failed appendEntries as snapshot (59) installation is in progress
2022-10-04 13:26:29,764 [omNode-2-server-thread1] INFO  server.RaftServer$Division (RaftServerImpl.java:checkInconsistentAppendEntries(1394)) - omNode-2@group-523986131536: inconsistency entries. Reply:omNode-1<-omNode-2#460:FAIL-t6,INCONSISTENCY,nextIndex=57,followerCommit=56
2022-10-04 13:26:29,764 [grpc-default-executor-3] INFO  impl.SnapshotInstallationHandler (SnapshotInstallationHandler.java:installSnapshot(84)) - omNode-2@group-523986131536: receive installSnapshot: omNode-1->omNode-2#0-t6,notify:(t:6, i:59)
2022-10-04 13:26:29,764 [grpc-default-executor-2] INFO  leader.FollowerInfo (FollowerInfoImpl.java:lambda$new$0(48)) - omNode-1@group-523986131536->omNode-2: nextIndex: updateUnconditionally 57 -> 57
2022-10-04 13:26:29,765 [omNode-2-server-thread1] INFO  server.RaftServer$Division (RaftServerImpl.java:checkInconsistentAppendEntries(1402)) - omNode-2@group-523986131536: Failed appendEntries as snapshot (59) installation is in progress
2022-10-04 13:26:29,765 [omNode-2-server-thread1] INFO  server.RaftServer$Division (RaftServerImpl.java:checkInconsistentAppendEntries(1394)) - omNode-2@group-523986131536: inconsistency entries. Reply:omNode-1<-omNode-2#461:FAIL-t6,INCONSISTENCY,nextIndex=57,followerCommit=56
2022-10-04 13:26:29,764 [grpc-default-executor-3] INFO  impl.SnapshotInstallationHandler (SnapshotInstallationHandler.java:installSnapshot(95)) - omNode-2@group-523986131536: reply installSnapshot: omNode-1<-omNode-2#0:FAIL-t6,IN_PROGRESS
2022-10-04 13:26:29,765 [grpc-default-executor-3] INFO  server.GrpcServerProtocolService (GrpcServerProtocolService.java:onCompleted(140)) - omNode-2: Completed INSTALL_SNAPSHOT, lastRequest: omNode-1->omNode-2#0-t6,notify:(t:6, i:59)
2022-10-04 13:26:29,766 [grpc-default-executor-1] INFO  leader.FollowerInfo (FollowerInfoImpl.java:lambda$new$0(48)) - omNode-1@group-523986131536->omNode-2: nextIndex: updateUnconditionally 57 -> 57
2022-10-04 13:26:29,766 [grpc-default-executor-3] INFO  server.GrpcLogAppender (GrpcLogAppender.java:onNext(403)) - omNode-1@group-523986131536->omNode-2-InstallSnapshotResponseHandler: received a reply omNode-1<-omNode-2#0:FAIL-t6,IN_PROGRESS
2022-10-04 13:26:29,766 [grpc-default-executor-3] INFO  server.GrpcLogAppender (GrpcLogAppender.java:onNext(421)) - omNode-1@group-523986131536->omNode-2-InstallSnapshotResponseHandler: InstallSnapshot in progress.
2022-10-04 13:26:29,767 [omNode-1@group-523986131536->omNode-2-GrpcLogAppender-LogAppenderDaemon] INFO  server.GrpcLogAppender (GrpcLogAppender.java:installSnapshot(541)) - omNode-1@group-523986131536->omNode-2-GrpcLogAppender: followerNextIndex = 57 but logStartIndex = 59, notify follower to install snapshot-(t:6, i:59)
2022-10-04 13:26:29,767 [omNode-1@group-523986131536->omNode-2-GrpcLogAppender-LogAppenderDaemon] INFO  server.GrpcLogAppender (GrpcLogAppender.java:installSnapshot(549)) - omNode-1@group-523986131536->omNode-2-GrpcLogAppender: send omNode-1->omNode-2#0-t6,notify:(t:6, i:59)
2022-10-04 13:26:29,768 [omNode-2-server-thread1] INFO  server.RaftServer$Division (RaftServerImpl.java:checkInconsistentAppendEntries(1402)) - omNode-2@group-523986131536: Failed appendEntries as snapshot (59) installation is in progress
2022-10-04 13:26:29,768 [omNode-2-server-thread1] INFO  server.RaftServer$Division (RaftServerImpl.java:checkInconsistentAppendEntries(1394)) - omNode-2@group-523986131536: inconsistency entries. Reply:omNode-1<-omNode-2#462:FAIL-t6,INCONSISTENCY,nextIndex=57,followerCommit=56
2022-10-04 13:26:29,769 [grpc-default-executor-3] INFO  impl.SnapshotInstallationHandler (SnapshotInstallationHandler.java:installSnapshot(84)) - omNode-2@group-523986131536: receive installSnapshot: omNode-1->omNode-2#0-t6,notify:(t:6, i:59)
2022-10-04 13:26:29,769 [grpc-default-executor-3] INFO  impl.SnapshotInstallationHandler (SnapshotInstallationHandler.java:installSnapshot(95)) - omNode-2@group-523986131536: reply installSnapshot: omNode-1<-omNode-2#0:FAIL-t6,IN_PROGRESS
2022-10-04 13:26:29,769 [grpc-default-executor-3] INFO  server.GrpcServerProtocolService (GrpcServerProtocolService.java:onCompleted(140)) - omNode-2: Completed INSTALL_SNAPSHOT, lastRequest: omNode-1->omNode-2#0-t6,notify:(t:6, i:59)
2022-10-04 13:26:29,770 [grpc-default-executor-2] INFO  leader.FollowerInfo (FollowerInfoImpl.java:lambda$new$0(48)) - omNode-1@group-523986131536->omNode-2: nextIndex: updateUnconditionally 57 -> 57
2022-10-04 13:26:29,771 [grpc-default-executor-2] INFO  server.GrpcLogAppender (GrpcLogAppender.java:onNext(403)) - omNode-1@group-523986131536->omNode-2-InstallSnapshotResponseHandler: received a reply omNode-1<-omNode-2#0:FAIL-t6,IN_PROGRESS
2022-10-04 13:26:29,772 [grpc-default-executor-2] INFO  server.GrpcLogAppender (GrpcLogAppender.java:onNext(421)) - omNode-1@group-523986131536->omNode-2-InstallSnapshotResponseHandler: InstallSnapshot in progress.
2022-10-04 13:26:29,773 [omNode-1@group-523986131536->omNode-2-GrpcLogAppender-LogAppenderDaemon] INFO  server.GrpcLogAppender (GrpcLogAppender.java:installSnapshot(541)) - omNode-1@group-523986131536->omNode-2-GrpcLogAppender: followerNextIndex = 57 but logStartIndex = 59, notify follower to install snapshot-(t:6, i:59)
2022-10-04 13:26:29,773 [omNode-1@group-523986131536->omNode-2-GrpcLogAppender-LogAppenderDaemon] INFO  server.GrpcLogAppender (GrpcLogAppender.java:installSnapshot(549)) - omNode-1@group-523986131536->omNode-2-GrpcLogAppender: send omNode-1->omNode-2#0-t6,notify:(t:6, i:59)
2022-10-04 13:26:29,776 [omNode-2-server-thread1] INFO  server.RaftServer$Division (RaftServerImpl.java:checkInconsistentAppendEntries(1402)) - omNode-2@group-523986131536: Failed appendEntries as snapshot (59) installation is in progress
2022-10-04 13:26:29,776 [omNode-2-server-thread1] INFO  server.RaftServer$Division (RaftServerImpl.java:checkInconsistentAppendEntries(1394)) - omNode-2@group-523986131536: inconsistency entries. Reply:omNode-1<-omNode-2#463:FAIL-t6,INCONSISTENCY,nextIndex=57,followerCommit=56
2022-10-04 13:26:29,777 [grpc-default-executor-1] INFO  impl.SnapshotInstallationHandler (SnapshotInstallationHandler.java:installSnapshot(84)) - omNode-2@group-523986131536: receive installSnapshot: omNode-1->omNode-2#0-t6,notify:(t:6, i:59)
2022-10-04 13:26:29,777 [grpc-default-executor-2] INFO  leader.FollowerInfo (FollowerInfoImpl.java:lambda$new$0(48)) - omNode-1@group-523986131536->omNode-2: nextIndex: updateUnconditionally 57 -> 57
2022-10-04 13:26:29,777 [grpc-default-executor-1] INFO  impl.SnapshotInstallationHandler (SnapshotInstallationHandler.java:installSnapshot(95)) - omNode-2@group-523986131536: reply installSnapshot: omNode-1<-omNode-2#0:FAIL-t6,IN_PROGRESS
2022-10-04 13:26:29,778 [grpc-default-executor-1] INFO  server.GrpcServerProtocolService (GrpcServerProtocolService.java:onCompleted(140)) - omNode-2: Completed INSTALL_SNAPSHOT, lastRequest: omNode-1->omNode-2#0-t6,notify:(t:6, i:59)
2022-10-04 13:26:29,780 [grpc-default-executor-1] INFO  server.GrpcLogAppender (GrpcLogAppender.java:onNext(403)) - omNode-1@group-523986131536->omNode-2-InstallSnapshotResponseHandler: received a reply omNode-1<-omNode-2#0:FAIL-t6,IN_PROGRESS
2022-10-04 13:26:29,780 [grpc-default-executor-1] INFO  server.GrpcLogAppender (GrpcLogAppender.java:onNext(421)) - omNode-1@group-523986131536->omNode-2-InstallSnapshotResponseHandler: InstallSnapshot in progress.
2022-10-04 13:26:29,781 [omNode-1@group-523986131536->omNode-2-GrpcLogAppender-LogAppenderDaemon] INFO  server.GrpcLogAppender (GrpcLogAppender.java:installSnapshot(541)) - omNode-1@group-523986131536->omNode-2-GrpcLogAppender: followerNextIndex = 57 but logStartIndex = 59, notify follower to install snapshot-(t:6, i:59)
2022-10-04 13:26:29,781 [omNode-1@group-523986131536->omNode-2-GrpcLogAppender-LogAppenderDaemon] INFO  server.GrpcLogAppender (GrpcLogAppender.java:installSnapshot(549)) - omNode-1@group-523986131536->omNode-2-GrpcLogAppender: send omNode-1->omNode-2#0-t6,notify:(t:6, i:59)
2022-10-04 13:26:29,782 [omNode-2-server-thread1] INFO  server.RaftServer$Division (RaftServerImpl.java:checkInconsistentAppendEntries(1402)) - omNode-2@group-523986131536: Failed appendEntries as snapshot (59) installation is in progress
2022-10-04 13:26:29,782 [omNode-2-server-thread1] INFO  server.RaftServer$Division (RaftServerImpl.java:checkInconsistentAppendEntries(1394)) - omNode-2@group-523986131536: inconsistency entries. Reply:omNode-1<-omNode-2#464:FAIL-t6,INCONSISTENCY,nextIndex=57,followerCommit=56
2022-10-04 13:26:29,783 [grpc-default-executor-1] INFO  impl.SnapshotInstallationHandler (SnapshotInstallationHandler.java:installSnapshot(84)) - omNode-2@group-523986131536: receive installSnapshot: omNode-1->omNode-2#0-t6,notify:(t:6, i:59)
2022-10-04 13:26:29,783 [grpc-default-executor-1] INFO  impl.SnapshotInstallationHandler (SnapshotInstallationHandler.java:installSnapshot(95)) - omNode-2@group-523986131536: reply installSnapshot: omNode-1<-omNode-2#0:FAIL-t6,IN_PROGRESS
2022-10-04 13:26:29,783 [grpc-default-executor-1] INFO  server.GrpcServerProtocolService (GrpcServerProtocolService.java:onCompleted(140)) - omNode-2: Completed INSTALL_SNAPSHOT, lastRequest: omNode-1->omNode-2#0-t6,notify:(t:6, i:59)
2022-10-04 13:26:29,787 [qtp515508946-1102] INFO  db.RDBCheckpointManager (RDBCheckpointManager.java:createCheckpoint(81)) - Created checkpoint at /home/runner/work/ozone/ozone/hadoop-ozone/integration-test/target/test-dir/MiniOzoneClusterImpl-6e9557d8-a31c-49e5-bba1-8bc95799a8b8/omNode-1/db.checkpoints/om.db_checkpoint_1664889989739 in 48 milliseconds
2022-10-04 13:26:29,794 [grpc-default-executor-1] INFO  leader.FollowerInfo (FollowerInfoImpl.java:lambda$new$0(48)) - omNode-1@group-523986131536->omNode-2: nextIndex: updateUnconditionally 57 -> 57
2022-10-04 13:26:29,800 [grpc-default-executor-1] INFO  server.GrpcLogAppender (GrpcLogAppender.java:onNext(403)) - omNode-1@group-523986131536->omNode-2-InstallSnapshotResponseHandler: received a reply omNode-1<-omNode-2#0:FAIL-t6,IN_PROGRESS
2022-10-04 13:26:29,800 [grpc-default-executor-1] INFO  server.GrpcLogAppender (GrpcLogAppender.java:onNext(421)) - omNode-1@group-523986131536->omNode-2-InstallSnapshotResponseHandler: InstallSnapshot in progress.
2022-10-04 13:26:29,800 [omNode-1@group-523986131536->omNode-2-GrpcLogAppender-LogAppenderDaemon] INFO  server.GrpcLogAppender (GrpcLogAppender.java:installSnapshot(541)) - omNode-1@group-523986131536->omNode-2-GrpcLogAppender: followerNextIndex = 57 but logStartIndex = 59, notify follower to install snapshot-(t:6, i:59)
2022-10-04 13:26:29,800 [omNode-1@group-523986131536->omNode-2-GrpcLogAppender-LogAppenderDaemon] INFO  server.GrpcLogAppender (GrpcLogAppender.java:installSnapshot(549)) - omNode-1@group-523986131536->omNode-2-GrpcLogAppender: send omNode-1->omNode-2#0-t6,notify:(t:6, i:59)
2022-10-04 13:26:29,802 [omNode-2-server-thread1] INFO  server.RaftServer$Division (RaftServerImpl.java:checkInconsistentAppendEntries(1402)) - omNode-2@group-523986131536: Failed appendEntries as snapshot (59) installation is in progress
2022-10-04 13:26:29,802 [grpc-default-executor-0] INFO  impl.SnapshotInstallationHandler (SnapshotInstallationHandler.java:installSnapshot(84)) - omNode-2@group-523986131536: receive installSnapshot: omNode-1->omNode-2#0-t6,notify:(t:6, i:59)
2022-10-04 13:26:29,802 [omNode-2-server-thread1] INFO  server.RaftServer$Division (RaftServerImpl.java:checkInconsistentAppendEntries(1394)) - omNode-2@group-523986131536: inconsistency entries. Reply:omNode-1<-omNode-2#465:FAIL-t6,INCONSISTENCY,nextIndex=57,followerCommit=56
2022-10-04 13:26:29,803 [grpc-default-executor-0] INFO  impl.SnapshotInstallationHandler (SnapshotInstallationHandler.java:installSnapshot(95)) - omNode-2@group-523986131536: reply installSnapshot: omNode-1<-omNode-2#0:FAIL-t6,IN_PROGRESS
2022-10-04 13:26:29,803 [grpc-default-executor-0] INFO  server.GrpcServerProtocolService (GrpcServerProtocolService.java:onCompleted(140)) - omNode-2: Completed INSTALL_SNAPSHOT, lastRequest: omNode-1->omNode-2#0-t6,notify:(t:6, i:59)
2022-10-04 13:26:29,804 [grpc-default-executor-1] INFO  server.GrpcLogAppender (GrpcLogAppender.java:onNext(403)) - omNode-1@group-523986131536->omNode-2-InstallSnapshotResponseHandler: received a reply omNode-1<-omNode-2#0:FAIL-t6,IN_PROGRESS
2022-10-04 13:26:29,804 [grpc-default-executor-1] INFO  server.GrpcLogAppender (GrpcLogAppender.java:onNext(421)) - omNode-1@group-523986131536->omNode-2-InstallSnapshotResponseHandler: InstallSnapshot in progress.
2022-10-04 13:26:29,804 [omNode-1@group-523986131536->omNode-2-GrpcLogAppender-LogAppenderDaemon] INFO  server.GrpcLogAppender (GrpcLogAppender.java:installSnapshot(541)) - omNode-1@group-523986131536->omNode-2-GrpcLogAppender: followerNextIndex = 57 but logStartIndex = 59, notify follower to install snapshot-(t:6, i:59)
2022-10-04 13:26:29,804 [omNode-1@group-523986131536->omNode-2-GrpcLogAppender-LogAppenderDaemon] INFO  server.GrpcLogAppender (GrpcLogAppender.java:installSnapshot(549)) - omNode-1@group-523986131536->omNode-2-GrpcLogAppender: send omNode-1->omNode-2#0-t6,notify:(t:6, i:59)
2022-10-04 13:26:29,805 [grpc-default-executor-1] INFO  leader.FollowerInfo (FollowerInfoImpl.java:lambda$new$0(48)) - omNode-1@group-523986131536->omNode-2: nextIndex: updateUnconditionally 57 -> 57
2022-10-04 13:26:29,806 [omNode-2-server-thread1] INFO  server.RaftServer$Division (RaftServerImpl.java:checkInconsistentAppendEntries(1402)) - omNode-2@group-523986131536: Failed appendEntries as snapshot (59) installation is in progress
2022-10-04 13:26:29,806 [omNode-2-server-thread1] INFO  server.RaftServer$Division (RaftServerImpl.java:checkInconsistentAppendEntries(1394)) - omNode-2@group-523986131536: inconsistency entries. Reply:omNode-1<-omNode-2#466:FAIL-t6,INCONSISTENCY,nextIndex=57,followerCommit=56
2022-10-04 13:26:29,806 [grpc-default-executor-0] INFO  impl.SnapshotInstallationHandler (SnapshotInstallationHandler.java:installSnapshot(84)) - omNode-2@group-523986131536: receive installSnapshot: omNode-1->omNode-2#0-t6,notify:(t:6, i:59)
2022-10-04 13:26:29,806 [grpc-default-executor-0] INFO  impl.SnapshotInstallationHandler (SnapshotInstallationHandler.java:installSnapshot(95)) - omNode-2@group-523986131536: reply installSnapshot: omNode-1<-omNode-2#0:FAIL-t6,IN_PROGRESS
2022-10-04 13:26:29,806 [grpc-default-executor-0] INFO  server.GrpcServerProtocolService (GrpcServerProtocolService.java:onCompleted(140)) - omNode-2: Completed INSTALL_SNAPSHOT, lastRequest: omNode-1->omNode-2#0-t6,notify:(t:6, i:59)
2022-10-04 13:26:29,807 [grpc-default-executor-0] INFO  leader.FollowerInfo (FollowerInfoImpl.java:lambda$new$0(48)) - omNode-1@group-523986131536->omNode-2: nextIndex: updateUnconditionally 57 -> 57
2022-10-04 13:26:29,807 [grpc-default-executor-0] INFO  server.GrpcLogAppender (GrpcLogAppender.java:onNext(403)) - omNode-1@group-523986131536->omNode-2-InstallSnapshotResponseHandler: received a reply omNode-1<-omNode-2#0:FAIL-t6,IN_PROGRESS
2022-10-04 13:26:29,807 [grpc-default-executor-0] INFO  server.GrpcLogAppender (GrpcLogAppender.java:onNext(421)) - omNode-1@group-523986131536->omNode-2-InstallSnapshotResponseHandler: InstallSnapshot in progress.
2022-10-04 13:26:29,808 [omNode-1@group-523986131536->omNode-2-GrpcLogAppender-LogAppenderDaemon] INFO  server.GrpcLogAppender (GrpcLogAppender.java:installSnapshot(541)) - omNode-1@group-523986131536->omNode-2-GrpcLogAppender: followerNextIndex = 57 but logStartIndex = 59, notify follower to install snapshot-(t:6, i:59)
2022-10-04 13:26:29,808 [omNode-1@group-523986131536->omNode-2-GrpcLogAppender-LogAppenderDaemon] INFO  server.GrpcLogAppender (GrpcLogAppender.java:installSnapshot(549)) - omNode-1@group-523986131536->omNode-2-GrpcLogAppender: send omNode-1->omNode-2#0-t6,notify:(t:6, i:59)
2022-10-04 13:26:29,809 [omNode-2-server-thread1] INFO  server.RaftServer$Division (RaftServerImpl.java:checkInconsistentAppendEntries(1402)) - omNode-2@group-523986131536: Failed appendEntries as snapshot (59) installation is in progress
2022-10-04 13:26:29,809 [omNode-2-server-thread1] INFO  server.RaftServer$Division (RaftServerImpl.java:checkInconsistentAppendEntries(1394)) - omNode-2@group-523986131536: inconsistency entries. Reply:omNode-1<-omNode-2#467:FAIL-t6,INCONSISTENCY,nextIndex=57,followerCommit=56
2022-10-04 13:26:29,809 [grpc-default-executor-1] INFO  impl.SnapshotInstallationHandler (SnapshotInstallationHandler.java:installSnapshot(84)) - omNode-2@group-523986131536: receive installSnapshot: omNode-1->omNode-2#0-t6,notify:(t:6, i:59)
2022-10-04 13:26:29,809 [grpc-default-executor-1] INFO  impl.SnapshotInstallationHandler (SnapshotInstallationHandler.java:installSnapshot(95)) - omNode-2@group-523986131536: reply installSnapshot: omNode-1<-omNode-2#0:FAIL-t6,IN_PROGRESS
2022-10-04 13:26:29,810 [grpc-default-executor-1] INFO  server.GrpcServerProtocolService (GrpcServerProtocolService.java:onCompleted(140)) - omNode-2: Completed INSTALL_SNAPSHOT, lastRequest: omNode-1->omNode-2#0-t6,notify:(t:6, i:59)
2022-10-04 13:26:29,815 [grpc-default-executor-2] INFO  server.GrpcLogAppender (GrpcLogAppender.java:onNext(403)) - omNode-1@group-523986131536->omNode-2-InstallSnapshotResponseHandler: received a reply omNode-1<-omNode-2#0:FAIL-t6,IN_PROGRESS
2022-10-04 13:26:29,815 [grpc-default-executor-2] INFO  server.GrpcLogAppender (GrpcLogAppender.java:onNext(421)) - omNode-1@group-523986131536->omNode-2-InstallSnapshotResponseHandler: InstallSnapshot in progress.
2022-10-04 13:26:29,815 [omNode-1@group-523986131536->omNode-2-GrpcLogAppender-LogAppenderDaemon] INFO  server.GrpcLogAppender (GrpcLogAppender.java:installSnapshot(541)) - omNode-1@group-523986131536->omNode-2-GrpcLogAppender: followerNextIndex = 57 but logStartIndex = 59, notify follower to install snapshot-(t:6, i:59)
2022-10-04 13:26:29,815 [omNode-1@group-523986131536->omNode-2-GrpcLogAppender-LogAppenderDaemon] INFO  server.GrpcLogAppender (GrpcLogAppender.java:installSnapshot(549)) - omNode-1@group-523986131536->omNode-2-GrpcLogAppender: send omNode-1->omNode-2#0-t6,notify:(t:6, i:59)
2022-10-04 13:26:29,816 [grpc-default-executor-2] INFO  leader.FollowerInfo (FollowerInfoImpl.java:lambda$new$0(48)) - omNode-1@group-523986131536->omNode-2: nextIndex: updateUnconditionally 57 -> 57
2022-10-04 13:26:29,818 [omNode-2-server-thread1] INFO  server.RaftServer$Division (RaftServerImpl.java:checkInconsistentAppendEntries(1402)) - omNode-2@group-523986131536: Failed appendEntries as snapshot (59) installation is in progress
2022-10-04 13:26:29,818 [grpc-default-executor-0] INFO  impl.SnapshotInstallationHandler (SnapshotInstallationHandler.java:installSnapshot(84)) - omNode-2@group-523986131536: receive installSnapshot: omNode-1->omNode-2#0-t6,notify:(t:6, i:59)
2022-10-04 13:26:29,818 [omNode-2-server-thread1] INFO  server.RaftServer$Division (RaftServerImpl.java:checkInconsistentAppendEntries(1394)) - omNode-2@group-523986131536: inconsistency entries. Reply:omNode-1<-omNode-2#468:FAIL-t6,INCONSISTENCY,nextIndex=57,followerCommit=56
2022-10-04 13:26:29,818 [grpc-default-executor-0] INFO  impl.SnapshotInstallationHandler (SnapshotInstallationHandler.java:installSnapshot(95)) - omNode-2@group-523986131536: reply installSnapshot: omNode-1<-omNode-2#0:FAIL-t6,IN_PROGRESS
2022-10-04 13:26:29,819 [grpc-default-executor-0] INFO  server.GrpcServerProtocolService (GrpcServerProtocolService.java:onCompleted(140)) - omNode-2: Completed INSTALL_SNAPSHOT, lastRequest: omNode-1->omNode-2#0-t6,notify:(t:6, i:59)
2022-10-04 13:26:29,820 [grpc-default-executor-0] INFO  leader.FollowerInfo (FollowerInfoImpl.java:lambda$new$0(48)) - omNode-1@group-523986131536->omNode-2: nextIndex: updateUnconditionally 57 -> 57
2022-10-04 13:26:29,820 [grpc-default-executor-0] INFO  server.GrpcLogAppender (GrpcLogAppender.java:onNext(403)) - omNode-1@group-523986131536->omNode-2-InstallSnapshotResponseHandler: received a reply omNode-1<-omNode-2#0:FAIL-t6,IN_PROGRESS
2022-10-04 13:26:29,820 [grpc-default-executor-0] INFO  server.GrpcLogAppender (GrpcLogAppender.java:onNext(421)) - omNode-1@group-523986131536->omNode-2-InstallSnapshotResponseHandler: InstallSnapshot in progress.
2022-10-04 13:26:29,820 [omNode-1@group-523986131536->omNode-2-GrpcLogAppender-LogAppenderDaemon] INFO  server.GrpcLogAppender (GrpcLogAppender.java:installSnapshot(541)) - omNode-1@group-523986131536->omNode-2-GrpcLogAppender: followerNextIndex = 57 but logStartIndex = 59, notify follower to install snapshot-(t:6, i:59)
2022-10-04 13:26:29,820 [omNode-1@group-523986131536->omNode-2-GrpcLogAppender-LogAppenderDaemon] INFO  server.GrpcLogAppender (GrpcLogAppender.java:installSnapshot(549)) - omNode-1@group-523986131536->omNode-2-GrpcLogAppender: send omNode-1->omNode-2#0-t6,notify:(t:6, i:59)
2022-10-04 13:26:29,822 [omNode-2-server-thread1] INFO  server.RaftServer$Division (RaftServerImpl.java:checkInconsistentAppendEntries(1402)) - omNode-2@group-523986131536: Failed appendEntries as snapshot (59) installation is in progress
2022-10-04 13:26:29,822 [grpc-default-executor-2] INFO  impl.SnapshotInstallationHandler (SnapshotInstallationHandler.java:installSnapshot(84)) - omNode-2@group-523986131536: receive installSnapshot: omNode-1->omNode-2#0-t6,notify:(t:6, i:59)
2022-10-04 13:26:29,822 [omNode-2-server-thread1] INFO  server.RaftServer$Division (RaftServerImpl.java:checkInconsistentAppendEntries(1394)) - omNode-2@group-523986131536: inconsistency entries. Reply:omNode-1<-omNode-2#469:FAIL-t6,INCONSISTENCY,nextIndex=57,followerCommit=56
2022-10-04 13:26:29,822 [grpc-default-executor-2] INFO  impl.SnapshotInstallationHandler (SnapshotInstallationHandler.java:installSnapshot(95)) - omNode-2@group-523986131536: reply installSnapshot: omNode-1<-omNode-2#0:FAIL-t6,IN_PROGRESS
2022-10-04 13:26:29,822 [grpc-default-executor-2] INFO  server.GrpcServerProtocolService (GrpcServerProtocolService.java:onCompleted(140)) - omNode-2: Completed INSTALL_SNAPSHOT, lastRequest: omNode-1->omNode-2#0-t6,notify:(t:6, i:59)
2022-10-04 13:26:29,828 [grpc-default-executor-0] INFO  leader.FollowerInfo (FollowerInfoImpl.java:lambda$new$0(48)) - omNode-1@group-523986131536->omNode-2: nextIndex: updateUnconditionally 57 -> 57
2022-10-04 13:26:29,828 [grpc-default-executor-0] INFO  server.GrpcLogAppender (GrpcLogAppender.java:onNext(403)) - omNode-1@group-523986131536->omNode-2-InstallSnapshotResponseHandler: received a reply omNode-1<-omNode-2#0:FAIL-t6,IN_PROGRESS
2022-10-04 13:26:29,828 [grpc-default-executor-0] INFO  server.GrpcLogAppender (GrpcLogAppender.java:onNext(421)) - omNode-1@group-523986131536->omNode-2-InstallSnapshotResponseHandler: InstallSnapshot in progress.
2022-10-04 13:26:29,828 [omNode-1@group-523986131536->omNode-2-GrpcLogAppender-LogAppenderDaemon] INFO  server.GrpcLogAppender (GrpcLogAppender.java:installSnapshot(541)) - omNode-1@group-523986131536->omNode-2-GrpcLogAppender: followerNextIndex = 57 but logStartIndex = 59, notify follower to install snapshot-(t:6, i:59)
2022-10-04 13:26:29,829 [omNode-1@group-523986131536->omNode-2-GrpcLogAppender-LogAppenderDaemon] INFO  server.GrpcLogAppender (GrpcLogAppender.java:installSnapshot(549)) - omNode-1@group-523986131536->omNode-2-GrpcLogAppender: send omNode-1->omNode-2#0-t6,notify:(t:6, i:59)
2022-10-04 13:26:29,831 [omNode-2-server-thread1] INFO  server.RaftServer$Division (RaftServerImpl.java:checkInconsistentAppendEntries(1402)) - omNode-2@group-523986131536: Failed appendEntries as snapshot (59) installation is in progress
2022-10-04 13:26:29,831 [omNode-2-server-thread1] INFO  server.RaftServer$Division (RaftServerImpl.java:checkInconsistentAppendEntries(1394)) - omNode-2@group-523986131536: inconsistency entries. Reply:omNode-1<-omNode-2#470:FAIL-t6,INCONSISTENCY,nextIndex=57,followerCommit=56
2022-10-04 13:26:29,831 [grpc-default-executor-1] INFO  impl.SnapshotInstallationHandler (SnapshotInstallationHandler.java:installSnapshot(84)) - omNode-2@group-523986131536: receive installSnapshot: omNode-1->omNode-2#0-t6,notify:(t:6, i:59)
2022-10-04 13:26:29,832 [grpc-default-executor-1] INFO  impl.SnapshotInstallationHandler (SnapshotInstallationHandler.java:installSnapshot(95)) - omNode-2@group-523986131536: reply installSnapshot: omNode-1<-omNode-2#0:FAIL-t6,IN_PROGRESS
2022-10-04 13:26:29,832 [grpc-default-executor-1] INFO  server.GrpcServerProtocolService (GrpcServerProtocolService.java:onCompleted(140)) - omNode-2: Completed INSTALL_SNAPSHOT, lastRequest: omNode-1->omNode-2#0-t6,notify:(t:6, i:59)
2022-10-04 13:26:29,832 [grpc-default-executor-2] INFO  leader.FollowerInfo (FollowerInfoImpl.java:lambda$new$0(48)) - omNode-1@group-523986131536->omNode-2: nextIndex: updateUnconditionally 57 -> 57
2022-10-04 13:26:29,832 [grpc-default-executor-2] INFO  server.GrpcLogAppender (GrpcLogAppender.java:onNext(403)) - omNode-1@group-523986131536->omNode-2-InstallSnapshotResponseHandler: received a reply omNode-1<-omNode-2#0:FAIL-t6,IN_PROGRESS
2022-10-04 13:26:29,833 [grpc-default-executor-2] INFO  server.GrpcLogAppender (GrpcLogAppender.java:onNext(421)) - omNode-1@group-523986131536->omNode-2-InstallSnapshotResponseHandler: InstallSnapshot in progress.
2022-10-04 13:26:29,833 [omNode-1@group-523986131536->omNode-2-GrpcLogAppender-LogAppenderDaemon] INFO  server.GrpcLogAppender (GrpcLogAppender.java:installSnapshot(541)) - omNode-1@group-523986131536->omNode-2-GrpcLogAppender: followerNextIndex = 57 but logStartIndex = 59, notify follower to install snapshot-(t:6, i:59)
2022-10-04 13:26:29,833 [omNode-1@group-523986131536->omNode-2-GrpcLogAppender-LogAppenderDaemon] INFO  server.GrpcLogAppender (GrpcLogAppender.java:installSnapshot(549)) - omNode-1@group-523986131536->omNode-2-GrpcLogAppender: send omNode-1->omNode-2#0-t6,notify:(t:6, i:59)
2022-10-04 13:26:29,835 [omNode-2-server-thread1] INFO  server.RaftServer$Division (RaftServerImpl.java:checkInconsistentAppendEntries(1402)) - omNode-2@group-523986131536: Failed appendEntries as snapshot (59) installation is in progress
2022-10-04 13:26:29,835 [omNode-2-server-thread1] INFO  server.RaftServer$Division (RaftServerImpl.java:checkInconsistentAppendEntries(1394)) - omNode-2@group-523986131536: inconsistency entries. Reply:omNode-1<-omNode-2#471:FAIL-t6,INCONSISTENCY,nextIndex=57,followerCommit=56
2022-10-04 13:26:29,835 [grpc-default-executor-1] INFO  impl.SnapshotInstallationHandler (SnapshotInstallationHandler.java:installSnapshot(84)) - omNode-2@group-523986131536: receive installSnapshot: omNode-1->omNode-2#0-t6,notify:(t:6, i:59)
2022-10-04 13:26:29,835 [grpc-default-executor-1] INFO  impl.SnapshotInstallationHandler (SnapshotInstallationHandler.java:installSnapshot(95)) - omNode-2@group-523986131536: reply installSnapshot: omNode-1<-omNode-2#0:FAIL-t6,IN_PROGRESS
2022-10-04 13:26:29,836 [grpc-default-executor-1] INFO  server.GrpcServerProtocolService (GrpcServerProtocolService.java:onCompleted(140)) - omNode-2: Completed INSTALL_SNAPSHOT, lastRequest: omNode-1->omNode-2#0-t6,notify:(t:6, i:59)
2022-10-04 13:26:29,837 [grpc-default-executor-1] INFO  leader.FollowerInfo (FollowerInfoImpl.java:lambda$new$0(48)) - omNode-1@group-523986131536->omNode-2: nextIndex: updateUnconditionally 57 -> 57
2022-10-04 13:26:29,842 [grpc-default-executor-2] INFO  server.GrpcLogAppender (GrpcLogAppender.java:onNext(403)) - omNode-1@group-523986131536->omNode-2-InstallSnapshotResponseHandler: received a reply omNode-1<-omNode-2#0:FAIL-t6,IN_PROGRESS
2022-10-04 13:26:29,842 [grpc-default-executor-2] INFO  server.GrpcLogAppender (GrpcLogAppender.java:onNext(421)) - omNode-1@group-523986131536->omNode-2-InstallSnapshotResponseHandler: InstallSnapshot in progress.
2022-10-04 13:26:29,843 [omNode-1@group-523986131536->omNode-2-GrpcLogAppender-LogAppenderDaemon] INFO  server.GrpcLogAppender (GrpcLogAppender.java:installSnapshot(541)) - omNode-1@group-523986131536->omNode-2-GrpcLogAppender: followerNextIndex = 57 but logStartIndex = 59, notify follower to install snapshot-(t:6, i:59)
2022-10-04 13:26:29,843 [omNode-1@group-523986131536->omNode-2-GrpcLogAppender-LogAppenderDaemon] INFO  server.GrpcLogAppender (GrpcLogAppender.java:installSnapshot(549)) - omNode-1@group-523986131536->omNode-2-GrpcLogAppender: send omNode-1->omNode-2#0-t6,notify:(t:6, i:59)
2022-10-04 13:26:29,846 [omNode-2-server-thread1] INFO  server.RaftServer$Division (RaftServerImpl.java:checkInconsistentAppendEntries(1402)) - omNode-2@group-523986131536: Failed appendEntries as snapshot (59) installation is in progress
2022-10-04 13:26:29,846 [omNode-2-server-thread1] INFO  server.RaftServer$Division (RaftServerImpl.java:checkInconsistentAppendEntries(1394)) - omNode-2@group-523986131536: inconsistency entries. Reply:omNode-1<-omNode-2#472:FAIL-t6,INCONSISTENCY,nextIndex=57,followerCommit=56
2022-10-04 13:26:29,846 [grpc-default-executor-0] INFO  impl.SnapshotInstallationHandler (SnapshotInstallationHandler.java:installSnapshot(84)) - omNode-2@group-523986131536: receive installSnapshot: omNode-1->omNode-2#0-t6,notify:(t:6, i:59)
2022-10-04 13:26:29,846 [grpc-default-executor-0] INFO  impl.SnapshotInstallationHandler (SnapshotInstallationHandler.java:installSnapshot(95)) - omNode-2@group-523986131536: reply installSnapshot: omNode-1<-omNode-2#0:FAIL-t6,IN_PROGRESS
2022-10-04 13:26:29,847 [grpc-default-executor-0] INFO  server.GrpcServerProtocolService (GrpcServerProtocolService.java:onCompleted(140)) - omNode-2: Completed INSTALL_SNAPSHOT, lastRequest: omNode-1->omNode-2#0-t6,notify:(t:6, i:59)
2022-10-04 13:26:29,850 [grpc-default-executor-0] INFO  leader.FollowerInfo (FollowerInfoImpl.java:lambda$new$0(48)) - omNode-1@group-523986131536->omNode-2: nextIndex: updateUnconditionally 57 -> 57
2022-10-04 13:26:29,850 [grpc-default-executor-2] INFO  server.GrpcLogAppender (GrpcLogAppender.java:onNext(403)) - omNode-1@group-523986131536->omNode-2-InstallSnapshotResponseHandler: received a reply omNode-1<-omNode-2#0:FAIL-t6,IN_PROGRESS
2022-10-04 13:26:29,850 [grpc-default-executor-2] INFO  server.GrpcLogAppender (GrpcLogAppender.java:onNext(421)) - omNode-1@group-523986131536->omNode-2-InstallSnapshotResponseHandler: InstallSnapshot in progress.
2022-10-04 13:26:29,850 [omNode-1@group-523986131536->omNode-2-GrpcLogAppender-LogAppenderDaemon] INFO  server.GrpcLogAppender (GrpcLogAppender.java:installSnapshot(541)) - omNode-1@group-523986131536->omNode-2-GrpcLogAppender: followerNextIndex = 57 but logStartIndex = 59, notify follower to install snapshot-(t:6, i:59)
2022-10-04 13:26:29,850 [omNode-1@group-523986131536->omNode-2-GrpcLogAppender-LogAppenderDaemon] INFO  server.GrpcLogAppender (GrpcLogAppender.java:installSnapshot(549)) - omNode-1@group-523986131536->omNode-2-GrpcLogAppender: send omNode-1->omNode-2#0-t6,notify:(t:6, i:59)
2022-10-04 13:26:29,851 [omNode-2-server-thread1] INFO  server.RaftServer$Division (RaftServerImpl.java:checkInconsistentAppendEntries(1402)) - omNode-2@group-523986131536: Failed appendEntries as snapshot (59) installation is in progress
2022-10-04 13:26:29,851 [grpc-default-executor-0] INFO  impl.SnapshotInstallationHandler (SnapshotInstallationHandler.java:installSnapshot(84)) - omNode-2@group-523986131536: receive installSnapshot: omNode-1->omNode-2#0-t6,notify:(t:6, i:59)
2022-10-04 13:26:29,851 [omNode-2-server-thread1] INFO  server.RaftServer$Division (RaftServerImpl.java:checkInconsistentAppendEntries(1394)) - omNode-2@group-523986131536: inconsistency entries. Reply:omNode-1<-omNode-2#473:FAIL-t6,INCONSISTENCY,nextIndex=57,followerCommit=56
2022-10-04 13:26:29,852 [grpc-default-executor-0] INFO  impl.SnapshotInstallationHandler (SnapshotInstallationHandler.java:installSnapshot(95)) - omNode-2@group-523986131536: reply installSnapshot: omNode-1<-omNode-2#0:FAIL-t6,IN_PROGRESS
2022-10-04 13:26:29,852 [grpc-default-executor-0] INFO  server.GrpcServerProtocolService (GrpcServerProtocolService.java:onCompleted(140)) - omNode-2: Completed INSTALL_SNAPSHOT, lastRequest: omNode-1->omNode-2#0-t6,notify:(t:6, i:59)
2022-10-04 13:26:29,853 [grpc-default-executor-2] INFO  server.GrpcLogAppender (GrpcLogAppender.java:onNext(403)) - omNode-1@group-523986131536->omNode-2-InstallSnapshotResponseHandler: received a reply omNode-1<-omNode-2#0:FAIL-t6,IN_PROGRESS
2022-10-04 13:26:29,853 [grpc-default-executor-2] INFO  server.GrpcLogAppender (GrpcLogAppender.java:onNext(421)) - omNode-1@group-523986131536->omNode-2-InstallSnapshotResponseHandler: InstallSnapshot in progress.
2022-10-04 13:26:29,853 [omNode-1@group-523986131536->omNode-2-GrpcLogAppender-LogAppenderDaemon] INFO  server.GrpcLogAppender (GrpcLogAppender.java:installSnapshot(541)) - omNode-1@group-523986131536->omNode-2-GrpcLogAppender: followerNextIndex = 57 but logStartIndex = 59, notify follower to install snapshot-(t:6, i:59)
2022-10-04 13:26:29,853 [grpc-default-executor-2] INFO  leader.FollowerInfo (FollowerInfoImpl.java:lambda$new$0(48)) - omNode-1@group-523986131536->omNode-2: nextIndex: updateUnconditionally 57 -> 57
2022-10-04 13:26:29,853 [omNode-1@group-523986131536->omNode-2-GrpcLogAppender-LogAppenderDaemon] INFO  server.GrpcLogAppender (GrpcLogAppender.java:installSnapshot(549)) - omNode-1@group-523986131536->omNode-2-GrpcLogAppender: send omNode-1->omNode-2#0-t6,notify:(t:6, i:59)
2022-10-04 13:26:29,854 [omNode-2-server-thread1] INFO  server.RaftServer$Division (RaftServerImpl.java:checkInconsistentAppendEntries(1402)) - omNode-2@group-523986131536: Failed appendEntries as snapshot (59) installation is in progress
2022-10-04 13:26:29,854 [omNode-2-server-thread1] INFO  server.RaftServer$Division (RaftServerImpl.java:checkInconsistentAppendEntries(1394)) - omNode-2@group-523986131536: inconsistency entries. Reply:omNode-1<-omNode-2#474:FAIL-t6,INCONSISTENCY,nextIndex=57,followerCommit=56
2022-10-04 13:26:29,854 [grpc-default-executor-2] INFO  impl.SnapshotInstallationHandler (SnapshotInstallationHandler.java:installSnapshot(84)) - omNode-2@group-523986131536: receive installSnapshot: omNode-1->omNode-2#0-t6,notify:(t:6, i:59)
2022-10-04 13:26:29,855 [grpc-default-executor-2] INFO  impl.SnapshotInstallationHandler (SnapshotInstallationHandler.java:installSnapshot(95)) - omNode-2@group-523986131536: reply installSnapshot: omNode-1<-omNode-2#0:FAIL-t6,IN_PROGRESS
2022-10-04 13:26:29,855 [grpc-default-executor-2] INFO  server.GrpcServerProtocolService (GrpcServerProtocolService.java:onCompleted(140)) - omNode-2: Completed INSTALL_SNAPSHOT, lastRequest: omNode-1->omNode-2#0-t6,notify:(t:6, i:59)
2022-10-04 13:26:29,861 [grpc-default-executor-2] INFO  leader.FollowerInfo (FollowerInfoImpl.java:lambda$new$0(48)) - omNode-1@group-523986131536->omNode-2: nextIndex: updateUnconditionally 57 -> 57
2022-10-04 13:26:29,862 [grpc-default-executor-2] INFO  server.GrpcLogAppender (GrpcLogAppender.java:onNext(403)) - omNode-1@group-523986131536->omNode-2-InstallSnapshotResponseHandler: received a reply omNode-1<-omNode-2#0:FAIL-t6,IN_PROGRESS
2022-10-04 13:26:29,862 [grpc-default-executor-2] INFO  server.GrpcLogAppender (GrpcLogAppender.java:onNext(421)) - omNode-1@group-523986131536->omNode-2-InstallSnapshotResponseHandler: InstallSnapshot in progress.
2022-10-04 13:26:29,862 [omNode-1@group-523986131536->omNode-2-GrpcLogAppender-LogAppenderDaemon] INFO  server.GrpcLogAppender (GrpcLogAppender.java:installSnapshot(541)) - omNode-1@group-523986131536->omNode-2-GrpcLogAppender: followerNextIndex = 57 but logStartIndex = 59, notify follower to install snapshot-(t:6, i:59)
2022-10-04 13:26:29,862 [omNode-1@group-523986131536->omNode-2-GrpcLogAppender-LogAppenderDaemon] INFO  server.GrpcLogAppender (GrpcLogAppender.java:installSnapshot(549)) - omNode-1@group-523986131536->omNode-2-GrpcLogAppender: send omNode-1->omNode-2#0-t6,notify:(t:6, i:59)
2022-10-04 13:26:29,863 [grpc-default-executor-0] INFO  impl.SnapshotInstallationHandler (SnapshotInstallationHandler.java:installSnapshot(84)) - omNode-2@group-523986131536: receive installSnapshot: omNode-1->omNode-2#0-t6,notify:(t:6, i:59)
2022-10-04 13:26:29,864 [grpc-default-executor-0] INFO  impl.SnapshotInstallationHandler (SnapshotInstallationHandler.java:installSnapshot(95)) - omNode-2@group-523986131536: reply installSnapshot: omNode-1<-omNode-2#0:FAIL-t6,IN_PROGRESS
2022-10-04 13:26:29,864 [grpc-default-executor-0] INFO  server.GrpcServerProtocolService (GrpcServerProtocolService.java:onCompleted(140)) - omNode-2: Completed INSTALL_SNAPSHOT, lastRequest: omNode-1->omNode-2#0-t6,notify:(t:6, i:59)
2022-10-04 13:26:29,865 [omNode-2-server-thread1] INFO  server.RaftServer$Division (RaftServerImpl.java:checkInconsistentAppendEntries(1402)) - omNode-2@group-523986131536: Failed appendEntries as snapshot (59) installation is in progress
2022-10-04 13:26:29,865 [grpc-default-executor-0] INFO  server.GrpcLogAppender (GrpcLogAppender.java:onNext(403)) - omNode-1@group-523986131536->omNode-2-InstallSnapshotResponseHandler: received a reply omNode-1<-omNode-2#0:FAIL-t6,IN_PROGRESS
2022-10-04 13:26:29,865 [omNode-2-server-thread1] INFO  server.RaftServer$Division (RaftServerImpl.java:checkInconsistentAppendEntries(1394)) - omNode-2@group-523986131536: inconsistency entries. Reply:omNode-1<-omNode-2#475:FAIL-t6,INCONSISTENCY,nextIndex=57,followerCommit=56
2022-10-04 13:26:29,865 [grpc-default-executor-0] INFO  server.GrpcLogAppender (GrpcLogAppender.java:onNext(421)) - omNode-1@group-523986131536->omNode-2-InstallSnapshotResponseHandler: InstallSnapshot in progress.
2022-10-04 13:26:29,865 [grpc-default-executor-0] INFO  leader.FollowerInfo (FollowerInfoImpl.java:lambda$new$0(48)) - omNode-1@group-523986131536->omNode-2: nextIndex: updateUnconditionally 57 -> 57
2022-10-04 13:26:29,866 [omNode-1@group-523986131536->omNode-2-GrpcLogAppender-LogAppenderDaemon] INFO  server.GrpcLogAppender (GrpcLogAppender.java:installSnapshot(541)) - omNode-1@group-523986131536->omNode-2-GrpcLogAppender: followerNextIndex = 57 but logStartIndex = 59, notify follower to install snapshot-(t:6, i:59)
2022-10-04 13:26:29,866 [omNode-1@group-523986131536->omNode-2-GrpcLogAppender-LogAppenderDaemon] INFO  server.GrpcLogAppender (GrpcLogAppender.java:installSnapshot(549)) - omNode-1@group-523986131536->omNode-2-GrpcLogAppender: send omNode-1->omNode-2#0-t6,notify:(t:6, i:59)
2022-10-04 13:26:29,869 [omNode-2-server-thread1] INFO  server.RaftServer$Division (RaftServerImpl.java:checkInconsistentAppendEntries(1402)) - omNode-2@group-523986131536: Failed appendEntries as snapshot (59) installation is in progress
2022-10-04 13:26:29,869 [grpc-default-executor-2] INFO  impl.SnapshotInstallationHandler (SnapshotInstallationHandler.java:installSnapshot(84)) - omNode-2@group-523986131536: receive installSnapshot: omNode-1->omNode-2#0-t6,notify:(t:6, i:59)
2022-10-04 13:26:29,869 [omNode-2-server-thread1] INFO  server.RaftServer$Division (RaftServerImpl.java:checkInconsistentAppendEntries(1394)) - omNode-2@group-523986131536: inconsistency entries. Reply:omNode-1<-omNode-2#476:FAIL-t6,INCONSISTENCY,nextIndex=57,followerCommit=56
2022-10-04 13:26:29,869 [grpc-default-executor-2] INFO  impl.SnapshotInstallationHandler (SnapshotInstallationHandler.java:installSnapshot(95)) - omNode-2@group-523986131536: reply installSnapshot: omNode-1<-omNode-2#0:FAIL-t6,IN_PROGRESS
2022-10-04 13:26:29,869 [grpc-default-executor-2] INFO  server.GrpcServerProtocolService (GrpcServerProtocolService.java:onCompleted(140)) - omNode-2: Completed INSTALL_SNAPSHOT, lastRequest: omNode-1->omNode-2#0-t6,notify:(t:6, i:59)
2022-10-04 13:26:29,880 [grpc-default-executor-2] INFO  leader.FollowerInfo (FollowerInfoImpl.java:lambda$new$0(48)) - omNode-1@group-523986131536->omNode-2: nextIndex: updateUnconditionally 57 -> 57
2022-10-04 13:26:29,881 [grpc-default-executor-0] INFO  server.GrpcLogAppender (GrpcLogAppender.java:onNext(403)) - omNode-1@group-523986131536->omNode-2-InstallSnapshotResponseHandler: received a reply omNode-1<-omNode-2#0:FAIL-t6,IN_PROGRESS
2022-10-04 13:26:29,881 [grpc-default-executor-0] INFO  server.GrpcLogAppender (GrpcLogAppender.java:onNext(421)) - omNode-1@group-523986131536->omNode-2-InstallSnapshotResponseHandler: InstallSnapshot in progress.
2022-10-04 13:26:29,881 [omNode-1@group-523986131536->omNode-2-GrpcLogAppender-LogAppenderDaemon] INFO  server.GrpcLogAppender (GrpcLogAppender.java:installSnapshot(541)) - omNode-1@group-523986131536->omNode-2-GrpcLogAppender: followerNextIndex = 57 but logStartIndex = 59, notify follower to install snapshot-(t:6, i:59)
2022-10-04 13:26:29,881 [omNode-1@group-523986131536->omNode-2-GrpcLogAppender-LogAppenderDaemon] INFO  server.GrpcLogAppender (GrpcLogAppender.java:installSnapshot(549)) - omNode-1@group-523986131536->omNode-2-GrpcLogAppender: send omNode-1->omNode-2#0-t6,notify:(t:6, i:59)
2022-10-04 13:26:29,883 [omNode-2-server-thread1] INFO  server.RaftServer$Division (RaftServerImpl.java:checkInconsistentAppendEntries(1402)) - omNode-2@group-523986131536: Failed appendEntries as snapshot (59) installation is in progress
2022-10-04 13:26:29,883 [omNode-2-server-thread1] INFO  server.RaftServer$Division (RaftServerImpl.java:checkInconsistentAppendEntries(1394)) - omNode-2@group-523986131536: inconsistency entries. Reply:omNode-1<-omNode-2#477:FAIL-t6,INCONSISTENCY,nextIndex=57,followerCommit=56
2022-10-04 13:26:29,883 [grpc-default-executor-0] INFO  impl.SnapshotInstallationHandler (SnapshotInstallationHandler.java:installSnapshot(84)) - omNode-2@group-523986131536: receive installSnapshot: omNode-1->omNode-2#0-t6,notify:(t:6, i:59)
2022-10-04 13:26:29,884 [grpc-default-executor-0] INFO  impl.SnapshotInstallationHandler (SnapshotInstallationHandler.java:installSnapshot(95)) - omNode-2@group-523986131536: reply installSnapshot: omNode-1<-omNode-2#0:FAIL-t6,IN_PROGRESS
2022-10-04 13:26:29,884 [grpc-default-executor-0] INFO  server.GrpcServerProtocolService (GrpcServerProtocolService.java:onCompleted(140)) - omNode-2: Completed INSTALL_SNAPSHOT, lastRequest: omNode-1->omNode-2#0-t6,notify:(t:6, i:59)
2022-10-04 13:26:29,884 [grpc-default-executor-0] INFO  leader.FollowerInfo (FollowerInfoImpl.java:lambda$new$0(48)) - omNode-1@group-523986131536->omNode-2: nextIndex: updateUnconditionally 57 -> 57
2022-10-04 13:26:29,885 [grpc-default-executor-0] INFO  server.GrpcLogAppender (GrpcLogAppender.java:onNext(403)) - omNode-1@group-523986131536->omNode-2-InstallSnapshotResponseHandler: received a reply omNode-1<-omNode-2#0:FAIL-t6,IN_PROGRESS
2022-10-04 13:26:29,885 [grpc-default-executor-0] INFO  server.GrpcLogAppender (GrpcLogAppender.java:onNext(421)) - omNode-1@group-523986131536->omNode-2-InstallSnapshotResponseHandler: InstallSnapshot in progress.
2022-10-04 13:26:29,885 [omNode-1@group-523986131536->omNode-2-GrpcLogAppender-LogAppenderDaemon] INFO  server.GrpcLogAppender (GrpcLogAppender.java:installSnapshot(541)) - omNode-1@group-523986131536->omNode-2-GrpcLogAppender: followerNextIndex = 57 but logStartIndex = 59, notify follower to install snapshot-(t:6, i:59)
2022-10-04 13:26:29,885 [omNode-1@group-523986131536->omNode-2-GrpcLogAppender-LogAppenderDaemon] INFO  server.GrpcLogAppender (GrpcLogAppender.java:installSnapshot(549)) - omNode-1@group-523986131536->omNode-2-GrpcLogAppender: send omNode-1->omNode-2#0-t6,notify:(t:6, i:59)
2022-10-04 13:26:29,887 [omNode-2-server-thread1] INFO  server.RaftServer$Division (RaftServerImpl.java:checkInconsistentAppendEntries(1402)) - omNode-2@group-523986131536: Failed appendEntries as snapshot (59) installation is in progress
2022-10-04 13:26:29,887 [omNode-2-server-thread1] INFO  server.RaftServer$Division (RaftServerImpl.java:checkInconsistentAppendEntries(1394)) - omNode-2@group-523986131536: inconsistency entries. Reply:omNode-1<-omNode-2#478:FAIL-t6,INCONSISTENCY,nextIndex=57,followerCommit=56
2022-10-04 13:26:29,887 [grpc-default-executor-0] INFO  impl.SnapshotInstallationHandler (SnapshotInstallationHandler.java:installSnapshot(84)) - omNode-2@group-523986131536: receive installSnapshot: omNode-1->omNode-2#0-t6,notify:(t:6, i:59)
2022-10-04 13:26:29,888 [grpc-default-executor-0] INFO  impl.SnapshotInstallationHandler (SnapshotInstallationHandler.java:installSnapshot(95)) - omNode-2@group-523986131536: reply installSnapshot: omNode-1<-omNode-2#0:FAIL-t6,IN_PROGRESS
2022-10-04 13:26:29,888 [grpc-default-executor-0] INFO  server.GrpcServerProtocolService (GrpcServerProtocolService.java:onCompleted(140)) - omNode-2: Completed INSTALL_SNAPSHOT, lastRequest: omNode-1->omNode-2#0-t6,notify:(t:6, i:59)
2022-10-04 13:26:29,888 [grpc-default-executor-0] INFO  leader.FollowerInfo (FollowerInfoImpl.java:lambda$new$0(48)) - omNode-1@group-523986131536->omNode-2: nextIndex: updateUnconditionally 57 -> 57
2022-10-04 13:26:29,889 [grpc-default-executor-0] INFO  server.GrpcLogAppender (GrpcLogAppender.java:onNext(403)) - omNode-1@group-523986131536->omNode-2-InstallSnapshotResponseHandler: received a reply omNode-1<-omNode-2#0:FAIL-t6,IN_PROGRESS
2022-10-04 13:26:29,889 [grpc-default-executor-0] INFO  server.GrpcLogAppender (GrpcLogAppender.java:onNext(421)) - omNode-1@group-523986131536->omNode-2-InstallSnapshotResponseHandler: InstallSnapshot in progress.
2022-10-04 13:26:29,889 [omNode-1@group-523986131536->omNode-2-GrpcLogAppender-LogAppenderDaemon] INFO  server.GrpcLogAppender (GrpcLogAppender.java:installSnapshot(541)) - omNode-1@group-523986131536->omNode-2-GrpcLogAppender: followerNextIndex = 57 but logStartIndex = 59, notify follower to install snapshot-(t:6, i:59)
2022-10-04 13:26:29,889 [omNode-1@group-523986131536->omNode-2-GrpcLogAppender-LogAppenderDaemon] INFO  server.GrpcLogAppender (GrpcLogAppender.java:installSnapshot(549)) - omNode-1@group-523986131536->omNode-2-GrpcLogAppender: send omNode-1->omNode-2#0-t6,notify:(t:6, i:59)
2022-10-04 13:26:29,890 [omNode-2-server-thread1] INFO  server.RaftServer$Division (RaftServerImpl.java:checkInconsistentAppendEntries(1402)) - omNode-2@group-523986131536: Failed appendEntries as snapshot (59) installation is in progress
2022-10-04 13:26:29,890 [omNode-2-server-thread1] INFO  server.RaftServer$Division (RaftServerImpl.java:checkInconsistentAppendEntries(1394)) - omNode-2@group-523986131536: inconsistency entries. Reply:omNode-1<-omNode-2#479:FAIL-t6,INCONSISTENCY,nextIndex=57,followerCommit=56
2022-10-04 13:26:29,891 [grpc-default-executor-0] INFO  impl.SnapshotInstallationHandler (SnapshotInstallationHandler.java:installSnapshot(84)) - omNode-2@group-523986131536: receive installSnapshot: omNode-1->omNode-2#0-t6,notify:(t:6, i:59)
2022-10-04 13:26:29,891 [grpc-default-executor-0] INFO  impl.SnapshotInstallationHandler (SnapshotInstallationHandler.java:installSnapshot(95)) - omNode-2@group-523986131536: reply installSnapshot: omNode-1<-omNode-2#0:FAIL-t6,IN_PROGRESS
2022-10-04 13:26:29,891 [grpc-default-executor-0] INFO  server.GrpcServerProtocolService (GrpcServerProtocolService.java:onCompleted(140)) - omNode-2: Completed INSTALL_SNAPSHOT, lastRequest: omNode-1->omNode-2#0-t6,notify:(t:6, i:59)
2022-10-04 13:26:29,892 [grpc-default-executor-0] INFO  leader.FollowerInfo (FollowerInfoImpl.java:lambda$new$0(48)) - omNode-1@group-523986131536->omNode-2: nextIndex: updateUnconditionally 57 -> 57
2022-10-04 13:26:29,892 [grpc-default-executor-0] INFO  server.GrpcLogAppender (GrpcLogAppender.java:onNext(403)) - omNode-1@group-523986131536->omNode-2-InstallSnapshotResponseHandler: received a reply omNode-1<-omNode-2#0:FAIL-t6,IN_PROGRESS
2022-10-04 13:26:29,892 [grpc-default-executor-0] INFO  server.GrpcLogAppender (GrpcLogAppender.java:onNext(421)) - omNode-1@group-523986131536->omNode-2-InstallSnapshotResponseHandler: InstallSnapshot in progress.
2022-10-04 13:26:29,893 [omNode-1@group-523986131536->omNode-2-GrpcLogAppender-LogAppenderDaemon] INFO  server.GrpcLogAppender (GrpcLogAppender.java:installSnapshot(541)) - omNode-1@group-523986131536->omNode-2-GrpcLogAppender: followerNextIndex = 57 but logStartIndex = 59, notify follower to install snapshot-(t:6, i:59)
2022-10-04 13:26:29,893 [omNode-1@group-523986131536->omNode-2-GrpcLogAppender-LogAppenderDaemon] INFO  server.GrpcLogAppender (GrpcLogAppender.java:installSnapshot(549)) - omNode-1@group-523986131536->omNode-2-GrpcLogAppender: send omNode-1->omNode-2#0-t6,notify:(t:6, i:59)
2022-10-04 13:26:29,894 [omNode-2-server-thread1] INFO  server.RaftServer$Division (RaftServerImpl.java:checkInconsistentAppendEntries(1402)) - omNode-2@group-523986131536: Failed appendEntries as snapshot (59) installation is in progress
2022-10-04 13:26:29,894 [omNode-2-server-thread1] INFO  server.RaftServer$Division (RaftServerImpl.java:checkInconsistentAppendEntries(1394)) - omNode-2@group-523986131536: inconsistency entries. Reply:omNode-1<-omNode-2#480:FAIL-t6,INCONSISTENCY,nextIndex=57,followerCommit=56
2022-10-04 13:26:29,894 [grpc-default-executor-0] INFO  impl.SnapshotInstallationHandler (SnapshotInstallationHandler.java:installSnapshot(84)) - omNode-2@group-523986131536: receive installSnapshot: omNode-1->omNode-2#0-t6,notify:(t:6, i:59)
2022-10-04 13:26:29,895 [grpc-default-executor-0] INFO  impl.SnapshotInstallationHandler (SnapshotInstallationHandler.java:installSnapshot(95)) - omNode-2@group-523986131536: reply installSnapshot: omNode-1<-omNode-2#0:FAIL-t6,IN_PROGRESS
2022-10-04 13:26:29,895 [grpc-default-executor-0] INFO  server.GrpcServerProtocolService (GrpcServerProtocolService.java:onCompleted(140)) - omNode-2: Completed INSTALL_SNAPSHOT, lastRequest: omNode-1->omNode-2#0-t6,notify:(t:6, i:59)
2022-10-04 13:26:29,896 [grpc-default-executor-1] INFO  leader.FollowerInfo (FollowerInfoImpl.java:lambda$new$0(48)) - omNode-1@group-523986131536->omNode-2: nextIndex: updateUnconditionally 57 -> 57
2022-10-04 13:26:29,896 [grpc-default-executor-1] INFO  server.GrpcLogAppender (GrpcLogAppender.java:onNext(403)) - omNode-1@group-523986131536->omNode-2-InstallSnapshotResponseHandler: received a reply omNode-1<-omNode-2#0:FAIL-t6,IN_PROGRESS
2022-10-04 13:26:29,896 [grpc-default-executor-1] INFO  server.GrpcLogAppender (GrpcLogAppender.java:onNext(421)) - omNode-1@group-523986131536->omNode-2-InstallSnapshotResponseHandler: InstallSnapshot in progress.
2022-10-04 13:26:29,896 [omNode-1@group-523986131536->omNode-2-GrpcLogAppender-LogAppenderDaemon] INFO  server.GrpcLogAppender (GrpcLogAppender.java:installSnapshot(541)) - omNode-1@group-523986131536->omNode-2-GrpcLogAppender: followerNextIndex = 57 but logStartIndex = 59, notify follower to install snapshot-(t:6, i:59)
2022-10-04 13:26:29,897 [omNode-1@group-523986131536->omNode-2-GrpcLogAppender-LogAppenderDaemon] INFO  server.GrpcLogAppender (GrpcLogAppender.java:installSnapshot(549)) - omNode-1@group-523986131536->omNode-2-GrpcLogAppender: send omNode-1->omNode-2#0-t6,notify:(t:6, i:59)
2022-10-04 13:26:29,898 [omNode-2-server-thread1] INFO  server.RaftServer$Division (RaftServerImpl.java:checkInconsistentAppendEntries(1402)) - omNode-2@group-523986131536: Failed appendEntries as snapshot (59) installation is in progress
2022-10-04 13:26:29,898 [omNode-2-server-thread1] INFO  server.RaftServer$Division (RaftServerImpl.java:checkInconsistentAppendEntries(1394)) - omNode-2@group-523986131536: inconsistency entries. Reply:omNode-1<-omNode-2#481:FAIL-t6,INCONSISTENCY,nextIndex=57,followerCommit=56
2022-10-04 13:26:29,898 [grpc-default-executor-1] INFO  impl.SnapshotInstallationHandler (SnapshotInstallationHandler.java:installSnapshot(84)) - omNode-2@group-523986131536: receive installSnapshot: omNode-1->omNode-2#0-t6,notify:(t:6, i:59)
2022-10-04 13:26:29,898 [grpc-default-executor-1] INFO  impl.SnapshotInstallationHandler (SnapshotInstallationHandler.java:installSnapshot(95)) - omNode-2@group-523986131536: reply installSnapshot: omNode-1<-omNode-2#0:FAIL-t6,IN_PROGRESS
2022-10-04 13:26:29,898 [grpc-default-executor-1] INFO  server.GrpcServerProtocolService (GrpcServerProtocolService.java:onCompleted(140)) - omNode-2: Completed INSTALL_SNAPSHOT, lastRequest: omNode-1->omNode-2#0-t6,notify:(t:6, i:59)
2022-10-04 13:26:29,899 [grpc-default-executor-1] INFO  leader.FollowerInfo (FollowerInfoImpl.java:lambda$new$0(48)) - omNode-1@group-523986131536->omNode-2: nextIndex: updateUnconditionally 57 -> 57
2022-10-04 13:26:29,899 [grpc-default-executor-1] INFO  server.GrpcLogAppender (GrpcLogAppender.java:onNext(403)) - omNode-1@group-523986131536->omNode-2-InstallSnapshotResponseHandler: received a reply omNode-1<-omNode-2#0:FAIL-t6,IN_PROGRESS
2022-10-04 13:26:29,899 [grpc-default-executor-1] INFO  server.GrpcLogAppender (GrpcLogAppender.java:onNext(421)) - omNode-1@group-523986131536->omNode-2-InstallSnapshotResponseHandler: InstallSnapshot in progress.
2022-10-04 13:26:29,900 [omNode-1@group-523986131536->omNode-2-GrpcLogAppender-LogAppenderDaemon] INFO  server.GrpcLogAppender (GrpcLogAppender.java:installSnapshot(541)) - omNode-1@group-523986131536->omNode-2-GrpcLogAppender: followerNextIndex = 57 but logStartIndex = 59, notify follower to install snapshot-(t:6, i:59)
2022-10-04 13:26:29,900 [omNode-1@group-523986131536->omNode-2-GrpcLogAppender-LogAppenderDaemon] INFO  server.GrpcLogAppender (GrpcLogAppender.java:installSnapshot(549)) - omNode-1@group-523986131536->omNode-2-GrpcLogAppender: send omNode-1->omNode-2#0-t6,notify:(t:6, i:59)
2022-10-04 13:26:29,901 [omNode-2-server-thread1] INFO  server.RaftServer$Division (RaftServerImpl.java:checkInconsistentAppendEntries(1402)) - omNode-2@group-523986131536: Failed appendEntries as snapshot (59) installation is in progress
2022-10-04 13:26:29,901 [omNode-2-server-thread1] INFO  server.RaftServer$Division (RaftServerImpl.java:checkInconsistentAppendEntries(1394)) - omNode-2@group-523986131536: inconsistency entries. Reply:omNode-1<-omNode-2#482:FAIL-t6,INCONSISTENCY,nextIndex=57,followerCommit=56
2022-10-04 13:26:29,901 [grpc-default-executor-1] INFO  impl.SnapshotInstallationHandler (SnapshotInstallationHandler.java:installSnapshot(84)) - omNode-2@group-523986131536: receive installSnapshot: omNode-1->omNode-2#0-t6,notify:(t:6, i:59)
2022-10-04 13:26:29,901 [grpc-default-executor-1] INFO  impl.SnapshotInstallationHandler (SnapshotInstallationHandler.java:installSnapshot(95)) - omNode-2@group-523986131536: reply installSnapshot: omNode-1<-omNode-2#0:FAIL-t6,IN_PROGRESS
2022-10-04 13:26:29,902 [grpc-default-executor-1] INFO  server.GrpcServerProtocolService (GrpcServerProtocolService.java:onCompleted(140)) - omNode-2: Completed INSTALL_SNAPSHOT, lastRequest: omNode-1->omNode-2#0-t6,notify:(t:6, i:59)
2022-10-04 13:26:29,904 [grpc-default-executor-0] INFO  server.GrpcLogAppender (GrpcLogAppender.java:onNext(403)) - omNode-1@group-523986131536->omNode-2-InstallSnapshotResponseHandler: received a reply omNode-1<-omNode-2#0:FAIL-t6,IN_PROGRESS
2022-10-04 13:26:29,904 [grpc-default-executor-0] INFO  server.GrpcLogAppender (GrpcLogAppender.java:onNext(421)) - omNode-1@group-523986131536->omNode-2-InstallSnapshotResponseHandler: InstallSnapshot in progress.
2022-10-04 13:26:29,909 [grpc-default-executor-1] INFO  leader.FollowerInfo (FollowerInfoImpl.java:lambda$new$0(48)) - omNode-1@group-523986131536->omNode-2: nextIndex: updateUnconditionally 57 -> 57
2022-10-04 13:26:29,910 [omNode-1@group-523986131536->omNode-2-GrpcLogAppender-LogAppenderDaemon] INFO  server.GrpcLogAppender (GrpcLogAppender.java:installSnapshot(541)) - omNode-1@group-523986131536->omNode-2-GrpcLogAppender: followerNextIndex = 57 but logStartIndex = 59, notify follower to install snapshot-(t:6, i:59)
2022-10-04 13:26:29,910 [omNode-1@group-523986131536->omNode-2-GrpcLogAppender-LogAppenderDaemon] INFO  server.GrpcLogAppender (GrpcLogAppender.java:installSnapshot(549)) - omNode-1@group-523986131536->omNode-2-GrpcLogAppender: send omNode-1->omNode-2#0-t6,notify:(t:6, i:59)
2022-10-04 13:26:29,926 [omNode-2-server-thread1] INFO  server.RaftServer$Division (RaftServerImpl.java:checkInconsistentAppendEntries(1402)) - omNode-2@group-523986131536: Failed appendEntries as snapshot (59) installation is in progress
2022-10-04 13:26:29,926 [omNode-2-server-thread1] INFO  server.RaftServer$Division (RaftServerImpl.java:checkInconsistentAppendEntries(1394)) - omNode-2@group-523986131536: inconsistency entries. Reply:omNode-1<-omNode-2#483:FAIL-t6,INCONSISTENCY,nextIndex=57,followerCommit=56
2022-10-04 13:26:29,926 [grpc-default-executor-1] INFO  impl.SnapshotInstallationHandler (SnapshotInstallationHandler.java:installSnapshot(84)) - omNode-2@group-523986131536: receive installSnapshot: omNode-1->omNode-2#0-t6,notify:(t:6, i:59)
2022-10-04 13:26:29,926 [grpc-default-executor-1] INFO  impl.SnapshotInstallationHandler (SnapshotInstallationHandler.java:installSnapshot(95)) - omNode-2@group-523986131536: reply installSnapshot: omNode-1<-omNode-2#0:FAIL-t6,IN_PROGRESS
2022-10-04 13:26:29,927 [grpc-default-executor-1] INFO  server.GrpcServerProtocolService (GrpcServerProtocolService.java:onCompleted(140)) - omNode-2: Completed INSTALL_SNAPSHOT, lastRequest: omNode-1->omNode-2#0-t6,notify:(t:6, i:59)
2022-10-04 13:26:29,932 [grpc-default-executor-0] INFO  leader.FollowerInfo (FollowerInfoImpl.java:lambda$new$0(48)) - omNode-1@group-523986131536->omNode-2: nextIndex: updateUnconditionally 57 -> 57
2022-10-04 13:26:29,932 [grpc-default-executor-0] INFO  server.GrpcLogAppender (GrpcLogAppender.java:onNext(403)) - omNode-1@group-523986131536->omNode-2-InstallSnapshotResponseHandler: received a reply omNode-1<-omNode-2#0:FAIL-t6,IN_PROGRESS
2022-10-04 13:26:29,932 [grpc-default-executor-0] INFO  server.GrpcLogAppender (GrpcLogAppender.java:onNext(421)) - omNode-1@group-523986131536->omNode-2-InstallSnapshotResponseHandler: InstallSnapshot in progress.
2022-10-04 13:26:29,932 [omNode-1@group-523986131536->omNode-2-GrpcLogAppender-LogAppenderDaemon] INFO  server.GrpcLogAppender (GrpcLogAppender.java:installSnapshot(541)) - omNode-1@group-523986131536->omNode-2-GrpcLogAppender: followerNextIndex = 57 but logStartIndex = 59, notify follower to install snapshot-(t:6, i:59)
2022-10-04 13:26:29,933 [omNode-1@group-523986131536->omNode-2-GrpcLogAppender-LogAppenderDaemon] INFO  server.GrpcLogAppender (GrpcLogAppender.java:installSnapshot(549)) - omNode-1@group-523986131536->omNode-2-GrpcLogAppender: send omNode-1->omNode-2#0-t6,notify:(t:6, i:59)
2022-10-04 13:26:29,934 [omNode-2-server-thread1] INFO  server.RaftServer$Division (RaftServerImpl.java:checkInconsistentAppendEntries(1402)) - omNode-2@group-523986131536: Failed appendEntries as snapshot (59) installation is in progress
2022-10-04 13:26:29,934 [omNode-2-server-thread1] INFO  server.RaftServer$Division (RaftServerImpl.java:checkInconsistentAppendEntries(1394)) - omNode-2@group-523986131536: inconsistency entries. Reply:omNode-1<-omNode-2#484:FAIL-t6,INCONSISTENCY,nextIndex=57,followerCommit=56
2022-10-04 13:26:29,934 [grpc-default-executor-0] INFO  impl.SnapshotInstallationHandler (SnapshotInstallationHandler.java:installSnapshot(84)) - omNode-2@group-523986131536: receive installSnapshot: omNode-1->omNode-2#0-t6,notify:(t:6, i:59)
2022-10-04 13:26:29,934 [grpc-default-executor-0] INFO  impl.SnapshotInstallationHandler (SnapshotInstallationHandler.java:installSnapshot(95)) - omNode-2@group-523986131536: reply installSnapshot: omNode-1<-omNode-2#0:FAIL-t6,IN_PROGRESS
2022-10-04 13:26:29,935 [grpc-default-executor-0] INFO  server.GrpcServerProtocolService (GrpcServerProtocolService.java:onCompleted(140)) - omNode-2: Completed INSTALL_SNAPSHOT, lastRequest: omNode-1->omNode-2#0-t6,notify:(t:6, i:59)
2022-10-04 13:26:29,935 [grpc-default-executor-0] INFO  leader.FollowerInfo (FollowerInfoImpl.java:lambda$new$0(48)) - omNode-1@group-523986131536->omNode-2: nextIndex: updateUnconditionally 57 -> 57
2022-10-04 13:26:29,936 [grpc-default-executor-0] INFO  server.GrpcLogAppender (GrpcLogAppender.java:onNext(403)) - omNode-1@group-523986131536->omNode-2-InstallSnapshotResponseHandler: received a reply omNode-1<-omNode-2#0:FAIL-t6,IN_PROGRESS
2022-10-04 13:26:29,936 [grpc-default-executor-0] INFO  server.GrpcLogAppender (GrpcLogAppender.java:onNext(421)) - omNode-1@group-523986131536->omNode-2-InstallSnapshotResponseHandler: InstallSnapshot in progress.
2022-10-04 13:26:29,936 [omNode-1@group-523986131536->omNode-2-GrpcLogAppender-LogAppenderDaemon] INFO  server.GrpcLogAppender (GrpcLogAppender.java:installSnapshot(541)) - omNode-1@group-523986131536->omNode-2-GrpcLogAppender: followerNextIndex = 57 but logStartIndex = 59, notify follower to install snapshot-(t:6, i:59)
2022-10-04 13:26:29,936 [omNode-1@group-523986131536->omNode-2-GrpcLogAppender-LogAppenderDaemon] INFO  server.GrpcLogAppender (GrpcLogAppender.java:installSnapshot(549)) - omNode-1@group-523986131536->omNode-2-GrpcLogAppender: send omNode-1->omNode-2#0-t6,notify:(t:6, i:59)
2022-10-04 13:26:29,937 [omNode-2-server-thread1] INFO  server.RaftServer$Division (RaftServerImpl.java:checkInconsistentAppendEntries(1402)) - omNode-2@group-523986131536: Failed appendEntries as snapshot (59) installation is in progress
2022-10-04 13:26:29,937 [omNode-2-server-thread1] INFO  server.RaftServer$Division (RaftServerImpl.java:checkInconsistentAppendEntries(1394)) - omNode-2@group-523986131536: inconsistency entries. Reply:omNode-1<-omNode-2#485:FAIL-t6,INCONSISTENCY,nextIndex=57,followerCommit=56
2022-10-04 13:26:29,938 [grpc-default-executor-0] INFO  impl.SnapshotInstallationHandler (SnapshotInstallationHandler.java:installSnapshot(84)) - omNode-2@group-523986131536: receive installSnapshot: omNode-1->omNode-2#0-t6,notify:(t:6, i:59)
2022-10-04 13:26:29,938 [grpc-default-executor-0] INFO  impl.SnapshotInstallationHandler (SnapshotInstallationHandler.java:installSnapshot(95)) - omNode-2@group-523986131536: reply installSnapshot: omNode-1<-omNode-2#0:FAIL-t6,IN_PROGRESS
2022-10-04 13:26:29,938 [grpc-default-executor-0] INFO  server.GrpcServerProtocolService (GrpcServerProtocolService.java:onCompleted(140)) - omNode-2: Completed INSTALL_SNAPSHOT, lastRequest: omNode-1->omNode-2#0-t6,notify:(t:6, i:59)
2022-10-04 13:26:29,939 [grpc-default-executor-0] INFO  leader.FollowerInfo (FollowerInfoImpl.java:lambda$new$0(48)) - omNode-1@group-523986131536->omNode-2: nextIndex: updateUnconditionally 57 -> 57
2022-10-04 13:26:29,939 [grpc-default-executor-0] INFO  server.GrpcLogAppender (GrpcLogAppender.java:onNext(403)) - omNode-1@group-523986131536->omNode-2-InstallSnapshotResponseHandler: received a reply omNode-1<-omNode-2#0:FAIL-t6,IN_PROGRESS
2022-10-04 13:26:29,939 [grpc-default-executor-0] INFO  server.GrpcLogAppender (GrpcLogAppender.java:onNext(421)) - omNode-1@group-523986131536->omNode-2-InstallSnapshotResponseHandler: InstallSnapshot in progress.
2022-10-04 13:26:29,939 [omNode-1@group-523986131536->omNode-2-GrpcLogAppender-LogAppenderDaemon] INFO  server.GrpcLogAppender (GrpcLogAppender.java:installSnapshot(541)) - omNode-1@group-523986131536->omNode-2-GrpcLogAppender: followerNextIndex = 57 but logStartIndex = 59, notify follower to install snapshot-(t:6, i:59)
2022-10-04 13:26:29,939 [omNode-1@group-523986131536->omNode-2-GrpcLogAppender-LogAppenderDaemon] INFO  server.GrpcLogAppender (GrpcLogAppender.java:installSnapshot(549)) - omNode-1@group-523986131536->omNode-2-GrpcLogAppender: send omNode-1->omNode-2#0-t6,notify:(t:6, i:59)
2022-10-04 13:26:29,940 [omNode-2-server-thread1] INFO  server.RaftServer$Division (RaftServerImpl.java:checkInconsistentAppendEntries(1402)) - omNode-2@group-523986131536: Failed appendEntries as snapshot (59) installation is in progress
2022-10-04 13:26:29,940 [omNode-2-server-thread1] INFO  server.RaftServer$Division (RaftServerImpl.java:checkInconsistentAppendEntries(1394)) - omNode-2@group-523986131536: inconsistency entries. Reply:omNode-1<-omNode-2#486:FAIL-t6,INCONSISTENCY,nextIndex=57,followerCommit=56
2022-10-04 13:26:29,941 [grpc-default-executor-2] INFO  impl.SnapshotInstallationHandler (SnapshotInstallationHandler.java:installSnapshot(84)) - omNode-2@group-523986131536: receive installSnapshot: omNode-1->omNode-2#0-t6,notify:(t:6, i:59)
2022-10-04 13:26:29,941 [grpc-default-executor-2] INFO  impl.SnapshotInstallationHandler (SnapshotInstallationHandler.java:installSnapshot(95)) - omNode-2@group-523986131536: reply installSnapshot: omNode-1<-omNode-2#0:FAIL-t6,IN_PROGRESS
2022-10-04 13:26:29,941 [grpc-default-executor-2] INFO  server.GrpcServerProtocolService (GrpcServerProtocolService.java:onCompleted(140)) - omNode-2: Completed INSTALL_SNAPSHOT, lastRequest: omNode-1->omNode-2#0-t6,notify:(t:6, i:59)
2022-10-04 13:26:29,943 [grpc-default-executor-2] INFO  leader.FollowerInfo (FollowerInfoImpl.java:lambda$new$0(48)) - omNode-1@group-523986131536->omNode-2: nextIndex: updateUnconditionally 57 -> 57
2022-10-04 13:26:29,943 [grpc-default-executor-2] INFO  server.GrpcLogAppender (GrpcLogAppender.java:onNext(403)) - omNode-1@group-523986131536->omNode-2-InstallSnapshotResponseHandler: received a reply omNode-1<-omNode-2#0:FAIL-t6,IN_PROGRESS
2022-10-04 13:26:29,943 [grpc-default-executor-2] INFO  server.GrpcLogAppender (GrpcLogAppender.java:onNext(421)) - omNode-1@group-523986131536->omNode-2-InstallSnapshotResponseHandler: InstallSnapshot in progress.
2022-10-04 13:26:29,944 [omNode-1@group-523986131536->omNode-2-GrpcLogAppender-LogAppenderDaemon] INFO  server.GrpcLogAppender (GrpcLogAppender.java:installSnapshot(541)) - omNode-1@group-523986131536->omNode-2-GrpcLogAppender: followerNextIndex = 57 but logStartIndex = 59, notify follower to install snapshot-(t:6, i:59)
2022-10-04 13:26:29,944 [omNode-1@group-523986131536->omNode-2-GrpcLogAppender-LogAppenderDaemon] INFO  server.GrpcLogAppender (GrpcLogAppender.java:installSnapshot(549)) - omNode-1@group-523986131536->omNode-2-GrpcLogAppender: send omNode-1->omNode-2#0-t6,notify:(t:6, i:59)
2022-10-04 13:26:29,945 [omNode-2-server-thread1] INFO  server.RaftServer$Division (RaftServerImpl.java:checkInconsistentAppendEntries(1402)) - omNode-2@group-523986131536: Failed appendEntries as snapshot (59) installation is in progress
2022-10-04 13:26:29,945 [omNode-2-server-thread1] INFO  server.RaftServer$Division (RaftServerImpl.java:checkInconsistentAppendEntries(1394)) - omNode-2@group-523986131536: inconsistency entries. Reply:omNode-1<-omNode-2#487:FAIL-t6,INCONSISTENCY,nextIndex=57,followerCommit=56
2022-10-04 13:26:29,945 [grpc-default-executor-0] INFO  impl.SnapshotInstallationHandler (SnapshotInstallationHandler.java:installSnapshot(84)) - omNode-2@group-523986131536: receive installSnapshot: omNode-1->omNode-2#0-t6,notify:(t:6, i:59)
2022-10-04 13:26:29,946 [grpc-default-executor-0] INFO  impl.SnapshotInstallationHandler (SnapshotInstallationHandler.java:installSnapshot(95)) - omNode-2@group-523986131536: reply installSnapshot: omNode-1<-omNode-2#0:FAIL-t6,IN_PROGRESS
2022-10-04 13:26:29,946 [grpc-default-executor-0] INFO  server.GrpcServerProtocolService (GrpcServerProtocolService.java:onCompleted(140)) - omNode-2: Completed INSTALL_SNAPSHOT, lastRequest: omNode-1->omNode-2#0-t6,notify:(t:6, i:59)
2022-10-04 13:26:29,948 [grpc-default-executor-0] INFO  leader.FollowerInfo (FollowerInfoImpl.java:lambda$new$0(48)) - omNode-1@group-523986131536->omNode-2: nextIndex: updateUnconditionally 57 -> 57
2022-10-04 13:26:29,948 [grpc-default-executor-0] INFO  server.GrpcLogAppender (GrpcLogAppender.java:onNext(403)) - omNode-1@group-523986131536->omNode-2-InstallSnapshotResponseHandler: received a reply omNode-1<-omNode-2#0:FAIL-t6,IN_PROGRESS
2022-10-04 13:26:29,948 [grpc-default-executor-0] INFO  server.GrpcLogAppender (GrpcLogAppender.java:onNext(421)) - omNode-1@group-523986131536->omNode-2-InstallSnapshotResponseHandler: InstallSnapshot in progress.
2022-10-04 13:26:29,950 [omNode-1@group-523986131536->omNode-2-GrpcLogAppender-LogAppenderDaemon] INFO  server.GrpcLogAppender (GrpcLogAppender.java:installSnapshot(541)) - omNode-1@group-523986131536->omNode-2-GrpcLogAppender: followerNextIndex = 57 but logStartIndex = 59, notify follower to install snapshot-(t:6, i:59)
2022-10-04 13:26:29,951 [omNode-1@group-523986131536->omNode-2-GrpcLogAppender-LogAppenderDaemon] INFO  server.GrpcLogAppender (GrpcLogAppender.java:installSnapshot(549)) - omNode-1@group-523986131536->omNode-2-GrpcLogAppender: send omNode-1->omNode-2#0-t6,notify:(t:6, i:59)
2022-10-04 13:26:29,952 [omNode-2-server-thread1] INFO  server.RaftServer$Division (RaftServerImpl.java:checkInconsistentAppendEntries(1402)) - omNode-2@group-523986131536: Failed appendEntries as snapshot (59) installation is in progress
2022-10-04 13:26:29,952 [omNode-2-server-thread1] INFO  server.RaftServer$Division (RaftServerImpl.java:checkInconsistentAppendEntries(1394)) - omNode-2@group-523986131536: inconsistency entries. Reply:omNode-1<-omNode-2#488:FAIL-t6,INCONSISTENCY,nextIndex=57,followerCommit=56
2022-10-04 13:26:29,952 [grpc-default-executor-2] INFO  impl.SnapshotInstallationHandler (SnapshotInstallationHandler.java:installSnapshot(84)) - omNode-2@group-523986131536: receive installSnapshot: omNode-1->omNode-2#0-t6,notify:(t:6, i:59)
2022-10-04 13:26:29,952 [grpc-default-executor-2] INFO  impl.SnapshotInstallationHandler (SnapshotInstallationHandler.java:installSnapshot(95)) - omNode-2@group-523986131536: reply installSnapshot: omNode-1<-omNode-2#0:FAIL-t6,IN_PROGRESS
2022-10-04 13:26:29,952 [grpc-default-executor-2] INFO  server.GrpcServerProtocolService (GrpcServerProtocolService.java:onCompleted(140)) - omNode-2: Completed INSTALL_SNAPSHOT, lastRequest: omNode-1->omNode-2#0-t6,notify:(t:6, i:59)
2022-10-04 13:26:29,953 [grpc-default-executor-2] INFO  leader.FollowerInfo (FollowerInfoImpl.java:lambda$new$0(48)) - omNode-1@group-523986131536->omNode-2: nextIndex: updateUnconditionally 57 -> 57
2022-10-04 13:26:29,953 [grpc-default-executor-2] INFO  server.GrpcLogAppender (GrpcLogAppender.java:onNext(403)) - omNode-1@group-523986131536->omNode-2-InstallSnapshotResponseHandler: received a reply omNode-1<-omNode-2#0:FAIL-t6,IN_PROGRESS
2022-10-04 13:26:29,954 [grpc-default-executor-2] INFO  server.GrpcLogAppender (GrpcLogAppender.java:onNext(421)) - omNode-1@group-523986131536->omNode-2-InstallSnapshotResponseHandler: InstallSnapshot in progress.
2022-10-04 13:26:29,954 [omNode-1@group-523986131536->omNode-2-GrpcLogAppender-LogAppenderDaemon] INFO  server.GrpcLogAppender (GrpcLogAppender.java:installSnapshot(541)) - omNode-1@group-523986131536->omNode-2-GrpcLogAppender: followerNextIndex = 57 but logStartIndex = 59, notify follower to install snapshot-(t:6, i:59)
2022-10-04 13:26:29,954 [omNode-1@group-523986131536->omNode-2-GrpcLogAppender-LogAppenderDaemon] INFO  server.GrpcLogAppender (GrpcLogAppender.java:installSnapshot(549)) - omNode-1@group-523986131536->omNode-2-GrpcLogAppender: send omNode-1->omNode-2#0-t6,notify:(t:6, i:59)
2022-10-04 13:26:29,955 [omNode-2-server-thread1] INFO  server.RaftServer$Division (RaftServerImpl.java:checkInconsistentAppendEntries(1402)) - omNode-2@group-523986131536: Failed appendEntries as snapshot (59) installation is in progress
2022-10-04 13:26:29,955 [omNode-2-server-thread1] INFO  server.RaftServer$Division (RaftServerImpl.java:checkInconsistentAppendEntries(1394)) - omNode-2@group-523986131536: inconsistency entries. Reply:omNode-1<-omNode-2#489:FAIL-t6,INCONSISTENCY,nextIndex=57,followerCommit=56
2022-10-04 13:26:29,956 [grpc-default-executor-0] INFO  impl.SnapshotInstallationHandler (SnapshotInstallationHandler.java:installSnapshot(84)) - omNode-2@group-523986131536: receive installSnapshot: omNode-1->omNode-2#0-t6,notify:(t:6, i:59)
2022-10-04 13:26:29,956 [grpc-default-executor-0] INFO  impl.SnapshotInstallationHandler (SnapshotInstallationHandler.java:installSnapshot(95)) - omNode-2@group-523986131536: reply installSnapshot: omNode-1<-omNode-2#0:FAIL-t6,IN_PROGRESS
2022-10-04 13:26:29,956 [grpc-default-executor-0] INFO  server.GrpcServerProtocolService (GrpcServerProtocolService.java:onCompleted(140)) - omNode-2: Completed INSTALL_SNAPSHOT, lastRequest: omNode-1->omNode-2#0-t6,notify:(t:6, i:59)
2022-10-04 13:26:29,959 [grpc-default-executor-0] INFO  leader.FollowerInfo (FollowerInfoImpl.java:lambda$new$0(48)) - omNode-1@group-523986131536->omNode-2: nextIndex: updateUnconditionally 57 -> 57
2022-10-04 13:26:29,954 [qtp515508946-1102] INFO  utils.DBCheckpointServlet (DBCheckpointServlet.java:doGet(182)) - Time taken to write the checkpoint to response output stream: 164 milliseconds
2022-10-04 13:26:29,959 [qtp515508946-1102] INFO  db.RocksDBCheckpoint (RocksDBCheckpoint.java:cleanupCheckpoint(78)) - Cleaning up RocksDB checkpoint at /home/runner/work/ozone/ozone/hadoop-ozone/integration-test/target/test-dir/MiniOzoneClusterImpl-6e9557d8-a31c-49e5-bba1-8bc95799a8b8/omNode-1/db.checkpoints/om.db_checkpoint_1664889989739
2022-10-04 13:26:29,960 [grpc-default-executor-0] INFO  server.GrpcLogAppender (GrpcLogAppender.java:onNext(403)) - omNode-1@group-523986131536->omNode-2-InstallSnapshotResponseHandler: received a reply omNode-1<-omNode-2#0:FAIL-t6,IN_PROGRESS
2022-10-04 13:26:29,960 [grpc-default-executor-0] INFO  server.GrpcLogAppender (GrpcLogAppender.java:onNext(421)) - omNode-1@group-523986131536->omNode-2-InstallSnapshotResponseHandler: InstallSnapshot in progress.
2022-10-04 13:26:29,960 [omNode-1@group-523986131536->omNode-2-GrpcLogAppender-LogAppenderDaemon] INFO  server.GrpcLogAppender (GrpcLogAppender.java:installSnapshot(541)) - omNode-1@group-523986131536->omNode-2-GrpcLogAppender: followerNextIndex = 57 but logStartIndex = 59, notify follower to install snapshot-(t:6, i:59)
2022-10-04 13:26:29,960 [omNode-1@group-523986131536->omNode-2-GrpcLogAppender-LogAppenderDaemon] INFO  server.GrpcLogAppender (GrpcLogAppender.java:installSnapshot(549)) - omNode-1@group-523986131536->omNode-2-GrpcLogAppender: send omNode-1->omNode-2#0-t6,notify:(t:6, i:59)
2022-10-04 13:26:29,961 [omNode-2-server-thread1] INFO  server.RaftServer$Division (RaftServerImpl.java:checkInconsistentAppendEntries(1402)) - omNode-2@group-523986131536: Failed appendEntries as snapshot (59) installation is in progress
2022-10-04 13:26:29,961 [omNode-2-server-thread1] INFO  server.RaftServer$Division (RaftServerImpl.java:checkInconsistentAppendEntries(1394)) - omNode-2@group-523986131536: inconsistency entries. Reply:omNode-1<-omNode-2#490:FAIL-t6,INCONSISTENCY,nextIndex=57,followerCommit=56
2022-10-04 13:26:29,962 [grpc-default-executor-0] INFO  impl.SnapshotInstallationHandler (SnapshotInstallationHandler.java:installSnapshot(84)) - omNode-2@group-523986131536: receive installSnapshot: omNode-1->omNode-2#0-t6,notify:(t:6, i:59)
2022-10-04 13:26:29,962 [grpc-default-executor-0] INFO  impl.SnapshotInstallationHandler (SnapshotInstallationHandler.java:installSnapshot(95)) - omNode-2@group-523986131536: reply installSnapshot: omNode-1<-omNode-2#0:FAIL-t6,IN_PROGRESS
2022-10-04 13:26:29,962 [grpc-default-executor-0] INFO  server.GrpcServerProtocolService (GrpcServerProtocolService.java:onCompleted(140)) - omNode-2: Completed INSTALL_SNAPSHOT, lastRequest: omNode-1->omNode-2#0-t6,notify:(t:6, i:59)
2022-10-04 13:26:29,963 [grpc-default-executor-1] INFO  leader.FollowerInfo (FollowerInfoImpl.java:lambda$new$0(48)) - omNode-1@group-523986131536->omNode-2: nextIndex: updateUnconditionally 57 -> 57
2022-10-04 13:26:29,963 [grpc-default-executor-1] INFO  server.GrpcLogAppender (GrpcLogAppender.java:onNext(403)) - omNode-1@group-523986131536->omNode-2-InstallSnapshotResponseHandler: received a reply omNode-1<-omNode-2#0:FAIL-t6,IN_PROGRESS
2022-10-04 13:26:29,963 [grpc-default-executor-1] INFO  server.GrpcLogAppender (GrpcLogAppender.java:onNext(421)) - omNode-1@group-523986131536->omNode-2-InstallSnapshotResponseHandler: InstallSnapshot in progress.
2022-10-04 13:26:29,964 [omNode-1@group-523986131536->omNode-2-GrpcLogAppender-LogAppenderDaemon] INFO  server.GrpcLogAppender (GrpcLogAppender.java:installSnapshot(541)) - omNode-1@group-523986131536->omNode-2-GrpcLogAppender: followerNextIndex = 57 but logStartIndex = 59, notify follower to install snapshot-(t:6, i:59)
2022-10-04 13:26:29,964 [omNode-1@group-523986131536->omNode-2-GrpcLogAppender-LogAppenderDaemon] INFO  server.GrpcLogAppender (GrpcLogAppender.java:installSnapshot(549)) - omNode-1@group-523986131536->omNode-2-GrpcLogAppender: send omNode-1->omNode-2#0-t6,notify:(t:6, i:59)
2022-10-04 13:26:29,965 [omNode-2-server-thread1] INFO  server.RaftServer$Division (RaftServerImpl.java:checkInconsistentAppendEntries(1402)) - omNode-2@group-523986131536: Failed appendEntries as snapshot (59) installation is in progress
2022-10-04 13:26:29,965 [omNode-2-server-thread1] INFO  server.RaftServer$Division (RaftServerImpl.java:checkInconsistentAppendEntries(1394)) - omNode-2@group-523986131536: inconsistency entries. Reply:omNode-1<-omNode-2#491:FAIL-t6,INCONSISTENCY,nextIndex=57,followerCommit=56
2022-10-04 13:26:29,965 [grpc-default-executor-2] INFO  impl.SnapshotInstallationHandler (SnapshotInstallationHandler.java:installSnapshot(84)) - omNode-2@group-523986131536: receive installSnapshot: omNode-1->omNode-2#0-t6,notify:(t:6, i:59)
2022-10-04 13:26:29,966 [grpc-default-executor-2] INFO  impl.SnapshotInstallationHandler (SnapshotInstallationHandler.java:installSnapshot(95)) - omNode-2@group-523986131536: reply installSnapshot: omNode-1<-omNode-2#0:FAIL-t6,IN_PROGRESS
2022-10-04 13:26:29,966 [grpc-default-executor-2] INFO  server.GrpcServerProtocolService (GrpcServerProtocolService.java:onCompleted(140)) - omNode-2: Completed INSTALL_SNAPSHOT, lastRequest: omNode-1->omNode-2#0-t6,notify:(t:6, i:59)
2022-10-04 13:26:29,966 [grpc-default-executor-2] INFO  leader.FollowerInfo (FollowerInfoImpl.java:lambda$new$0(48)) - omNode-1@group-523986131536->omNode-2: nextIndex: updateUnconditionally 57 -> 57
2022-10-04 13:26:29,967 [grpc-default-executor-2] INFO  server.GrpcLogAppender (GrpcLogAppender.java:onNext(403)) - omNode-1@group-523986131536->omNode-2-InstallSnapshotResponseHandler: received a reply omNode-1<-omNode-2#0:FAIL-t6,IN_PROGRESS
2022-10-04 13:26:29,967 [grpc-default-executor-2] INFO  server.GrpcLogAppender (GrpcLogAppender.java:onNext(421)) - omNode-1@group-523986131536->omNode-2-InstallSnapshotResponseHandler: InstallSnapshot in progress.
2022-10-04 13:26:29,967 [omNode-1@group-523986131536->omNode-2-GrpcLogAppender-LogAppenderDaemon] INFO  server.GrpcLogAppender (GrpcLogAppender.java:installSnapshot(541)) - omNode-1@group-523986131536->omNode-2-GrpcLogAppender: followerNextIndex = 57 but logStartIndex = 59, notify follower to install snapshot-(t:6, i:59)
2022-10-04 13:26:29,967 [omNode-1@group-523986131536->omNode-2-GrpcLogAppender-LogAppenderDaemon] INFO  server.GrpcLogAppender (GrpcLogAppender.java:installSnapshot(549)) - omNode-1@group-523986131536->omNode-2-GrpcLogAppender: send omNode-1->omNode-2#0-t6,notify:(t:6, i:59)
2022-10-04 13:26:29,968 [omNode-2-server-thread1] INFO  server.RaftServer$Division (RaftServerImpl.java:checkInconsistentAppendEntries(1402)) - omNode-2@group-523986131536: Failed appendEntries as snapshot (59) installation is in progress
2022-10-04 13:26:29,968 [omNode-2-server-thread1] INFO  server.RaftServer$Division (RaftServerImpl.java:checkInconsistentAppendEntries(1394)) - omNode-2@group-523986131536: inconsistency entries. Reply:omNode-1<-omNode-2#492:FAIL-t6,INCONSISTENCY,nextIndex=57,followerCommit=56
2022-10-04 13:26:29,968 [grpc-default-executor-2] INFO  impl.SnapshotInstallationHandler (SnapshotInstallationHandler.java:installSnapshot(84)) - omNode-2@group-523986131536: receive installSnapshot: omNode-1->omNode-2#0-t6,notify:(t:6, i:59)
2022-10-04 13:26:29,969 [grpc-default-executor-2] INFO  impl.SnapshotInstallationHandler (SnapshotInstallationHandler.java:installSnapshot(95)) - omNode-2@group-523986131536: reply installSnapshot: omNode-1<-omNode-2#0:FAIL-t6,IN_PROGRESS
2022-10-04 13:26:29,969 [grpc-default-executor-2] INFO  server.GrpcServerProtocolService (GrpcServerProtocolService.java:onCompleted(140)) - omNode-2: Completed INSTALL_SNAPSHOT, lastRequest: omNode-1->omNode-2#0-t6,notify:(t:6, i:59)
2022-10-04 13:26:29,975 [grpc-default-executor-0] INFO  leader.FollowerInfo (FollowerInfoImpl.java:lambda$new$0(48)) - omNode-1@group-523986131536->omNode-2: nextIndex: updateUnconditionally 57 -> 57
2022-10-04 13:26:29,976 [grpc-default-executor-0] INFO  server.GrpcLogAppender (GrpcLogAppender.java:onNext(403)) - omNode-1@group-523986131536->omNode-2-InstallSnapshotResponseHandler: received a reply omNode-1<-omNode-2#0:FAIL-t6,IN_PROGRESS
2022-10-04 13:26:29,976 [grpc-default-executor-0] INFO  server.GrpcLogAppender (GrpcLogAppender.java:onNext(421)) - omNode-1@group-523986131536->omNode-2-InstallSnapshotResponseHandler: InstallSnapshot in progress.
2022-10-04 13:26:29,976 [omNode-1@group-523986131536->omNode-2-GrpcLogAppender-LogAppenderDaemon] INFO  server.GrpcLogAppender (GrpcLogAppender.java:installSnapshot(541)) - omNode-1@group-523986131536->omNode-2-GrpcLogAppender: followerNextIndex = 57 but logStartIndex = 59, notify follower to install snapshot-(t:6, i:59)
2022-10-04 13:26:29,976 [omNode-1@group-523986131536->omNode-2-GrpcLogAppender-LogAppenderDaemon] INFO  server.GrpcLogAppender (GrpcLogAppender.java:installSnapshot(549)) - omNode-1@group-523986131536->omNode-2-GrpcLogAppender: send omNode-1->omNode-2#0-t6,notify:(t:6, i:59)
2022-10-04 13:26:29,977 [omNode-2-server-thread1] INFO  server.RaftServer$Division (RaftServerImpl.java:checkInconsistentAppendEntries(1402)) - omNode-2@group-523986131536: Failed appendEntries as snapshot (59) installation is in progress
2022-10-04 13:26:29,977 [omNode-2-server-thread1] INFO  server.RaftServer$Division (RaftServerImpl.java:checkInconsistentAppendEntries(1394)) - omNode-2@group-523986131536: inconsistency entries. Reply:omNode-1<-omNode-2#493:FAIL-t6,INCONSISTENCY,nextIndex=57,followerCommit=56
2022-10-04 13:26:29,978 [grpc-default-executor-0] INFO  impl.SnapshotInstallationHandler (SnapshotInstallationHandler.java:installSnapshot(84)) - omNode-2@group-523986131536: receive installSnapshot: omNode-1->omNode-2#0-t6,notify:(t:6, i:59)
2022-10-04 13:26:29,978 [grpc-default-executor-0] INFO  impl.SnapshotInstallationHandler (SnapshotInstallationHandler.java:installSnapshot(95)) - omNode-2@group-523986131536: reply installSnapshot: omNode-1<-omNode-2#0:FAIL-t6,IN_PROGRESS
2022-10-04 13:26:29,978 [grpc-default-executor-0] INFO  server.GrpcServerProtocolService (GrpcServerProtocolService.java:onCompleted(140)) - omNode-2: Completed INSTALL_SNAPSHOT, lastRequest: omNode-1->omNode-2#0-t6,notify:(t:6, i:59)
2022-10-04 13:26:29,980 [grpc-default-executor-0] INFO  leader.FollowerInfo (FollowerInfoImpl.java:lambda$new$0(48)) - omNode-1@group-523986131536->omNode-2: nextIndex: updateUnconditionally 57 -> 57
2022-10-04 13:26:29,980 [grpc-default-executor-0] INFO  server.GrpcLogAppender (GrpcLogAppender.java:onNext(403)) - omNode-1@group-523986131536->omNode-2-InstallSnapshotResponseHandler: received a reply omNode-1<-omNode-2#0:FAIL-t6,IN_PROGRESS
2022-10-04 13:26:29,980 [grpc-default-executor-0] INFO  server.GrpcLogAppender (GrpcLogAppender.java:onNext(421)) - omNode-1@group-523986131536->omNode-2-InstallSnapshotResponseHandler: InstallSnapshot in progress.
2022-10-04 13:26:29,980 [omNode-1@group-523986131536->omNode-2-GrpcLogAppender-LogAppenderDaemon] INFO  server.GrpcLogAppender (GrpcLogAppender.java:installSnapshot(541)) - omNode-1@group-523986131536->omNode-2-GrpcLogAppender: followerNextIndex = 57 but logStartIndex = 59, notify follower to install snapshot-(t:6, i:59)
2022-10-04 13:26:29,981 [omNode-1@group-523986131536->omNode-2-GrpcLogAppender-LogAppenderDaemon] INFO  server.GrpcLogAppender (GrpcLogAppender.java:installSnapshot(549)) - omNode-1@group-523986131536->omNode-2-GrpcLogAppender: send omNode-1->omNode-2#0-t6,notify:(t:6, i:59)
2022-10-04 13:26:29,986 [omNode-2-server-thread1] INFO  server.RaftServer$Division (RaftServerImpl.java:checkInconsistentAppendEntries(1402)) - omNode-2@group-523986131536: Failed appendEntries as snapshot (59) installation is in progress
2022-10-04 13:26:29,986 [omNode-2-server-thread1] INFO  server.RaftServer$Division (RaftServerImpl.java:checkInconsistentAppendEntries(1394)) - omNode-2@group-523986131536: inconsistency entries. Reply:omNode-1<-omNode-2#494:FAIL-t6,INCONSISTENCY,nextIndex=57,followerCommit=56
2022-10-04 13:26:29,986 [grpc-default-executor-0] INFO  impl.SnapshotInstallationHandler (SnapshotInstallationHandler.java:installSnapshot(84)) - omNode-2@group-523986131536: receive installSnapshot: omNode-1->omNode-2#0-t6,notify:(t:6, i:59)
2022-10-04 13:26:29,986 [grpc-default-executor-0] INFO  impl.SnapshotInstallationHandler (SnapshotInstallationHandler.java:installSnapshot(95)) - omNode-2@group-523986131536: reply installSnapshot: omNode-1<-omNode-2#0:FAIL-t6,IN_PROGRESS
2022-10-04 13:26:29,987 [grpc-default-executor-0] INFO  server.GrpcServerProtocolService (GrpcServerProtocolService.java:onCompleted(140)) - omNode-2: Completed INSTALL_SNAPSHOT, lastRequest: omNode-1->omNode-2#0-t6,notify:(t:6, i:59)
2022-10-04 13:26:29,987 [grpc-default-executor-0] INFO  leader.FollowerInfo (FollowerInfoImpl.java:lambda$new$0(48)) - omNode-1@group-523986131536->omNode-2: nextIndex: updateUnconditionally 57 -> 57
2022-10-04 13:26:29,987 [grpc-default-executor-0] INFO  server.GrpcLogAppender (GrpcLogAppender.java:onNext(403)) - omNode-1@group-523986131536->omNode-2-InstallSnapshotResponseHandler: received a reply omNode-1<-omNode-2#0:FAIL-t6,IN_PROGRESS
2022-10-04 13:26:29,987 [grpc-default-executor-0] INFO  server.GrpcLogAppender (GrpcLogAppender.java:onNext(421)) - omNode-1@group-523986131536->omNode-2-InstallSnapshotResponseHandler: InstallSnapshot in progress.
2022-10-04 13:26:29,988 [omNode-1@group-523986131536->omNode-2-GrpcLogAppender-LogAppenderDaemon] INFO  server.GrpcLogAppender (GrpcLogAppender.java:installSnapshot(541)) - omNode-1@group-523986131536->omNode-2-GrpcLogAppender: followerNextIndex = 57 but logStartIndex = 59, notify follower to install snapshot-(t:6, i:59)
2022-10-04 13:26:29,988 [omNode-1@group-523986131536->omNode-2-GrpcLogAppender-LogAppenderDaemon] INFO  server.GrpcLogAppender (GrpcLogAppender.java:installSnapshot(549)) - omNode-1@group-523986131536->omNode-2-GrpcLogAppender: send omNode-1->omNode-2#0-t6,notify:(t:6, i:59)
2022-10-04 13:26:29,989 [omNode-2-server-thread1] INFO  server.RaftServer$Division (RaftServerImpl.java:checkInconsistentAppendEntries(1402)) - omNode-2@group-523986131536: Failed appendEntries as snapshot (59) installation is in progress
2022-10-04 13:26:29,989 [omNode-2-server-thread1] INFO  server.RaftServer$Division (RaftServerImpl.java:checkInconsistentAppendEntries(1394)) - omNode-2@group-523986131536: inconsistency entries. Reply:omNode-1<-omNode-2#495:FAIL-t6,INCONSISTENCY,nextIndex=57,followerCommit=56
2022-10-04 13:26:29,989 [grpc-default-executor-0] INFO  impl.SnapshotInstallationHandler (SnapshotInstallationHandler.java:installSnapshot(84)) - omNode-2@group-523986131536: receive installSnapshot: omNode-1->omNode-2#0-t6,notify:(t:6, i:59)
2022-10-04 13:26:29,990 [grpc-default-executor-0] INFO  impl.SnapshotInstallationHandler (SnapshotInstallationHandler.java:installSnapshot(95)) - omNode-2@group-523986131536: reply installSnapshot: omNode-1<-omNode-2#0:FAIL-t6,IN_PROGRESS
2022-10-04 13:26:29,990 [grpc-default-executor-0] INFO  server.GrpcServerProtocolService (GrpcServerProtocolService.java:onCompleted(140)) - omNode-2: Completed INSTALL_SNAPSHOT, lastRequest: omNode-1->omNode-2#0-t6,notify:(t:6, i:59)
2022-10-04 13:26:29,991 [grpc-default-executor-0] INFO  leader.FollowerInfo (FollowerInfoImpl.java:lambda$new$0(48)) - omNode-1@group-523986131536->omNode-2: nextIndex: updateUnconditionally 57 -> 57
2022-10-04 13:26:29,991 [grpc-default-executor-0] INFO  server.GrpcLogAppender (GrpcLogAppender.java:onNext(403)) - omNode-1@group-523986131536->omNode-2-InstallSnapshotResponseHandler: received a reply omNode-1<-omNode-2#0:FAIL-t6,IN_PROGRESS
2022-10-04 13:26:29,991 [grpc-default-executor-0] INFO  server.GrpcLogAppender (GrpcLogAppender.java:onNext(421)) - omNode-1@group-523986131536->omNode-2-InstallSnapshotResponseHandler: InstallSnapshot in progress.
2022-10-04 13:26:29,991 [omNode-1@group-523986131536->omNode-2-GrpcLogAppender-LogAppenderDaemon] INFO  server.GrpcLogAppender (GrpcLogAppender.java:installSnapshot(541)) - omNode-1@group-523986131536->omNode-2-GrpcLogAppender: followerNextIndex = 57 but logStartIndex = 59, notify follower to install snapshot-(t:6, i:59)
2022-10-04 13:26:29,991 [omNode-1@group-523986131536->omNode-2-GrpcLogAppender-LogAppenderDaemon] INFO  server.GrpcLogAppender (GrpcLogAppender.java:installSnapshot(549)) - omNode-1@group-523986131536->omNode-2-GrpcLogAppender: send omNode-1->omNode-2#0-t6,notify:(t:6, i:59)
2022-10-04 13:26:29,992 [omNode-2-server-thread1] INFO  server.RaftServer$Division (RaftServerImpl.java:checkInconsistentAppendEntries(1402)) - omNode-2@group-523986131536: Failed appendEntries as snapshot (59) installation is in progress
2022-10-04 13:26:29,992 [omNode-2-server-thread1] INFO  server.RaftServer$Division (RaftServerImpl.java:checkInconsistentAppendEntries(1394)) - omNode-2@group-523986131536: inconsistency entries. Reply:omNode-1<-omNode-2#496:FAIL-t6,INCONSISTENCY,nextIndex=57,followerCommit=56
2022-10-04 13:26:29,993 [grpc-default-executor-0] INFO  impl.SnapshotInstallationHandler (SnapshotInstallationHandler.java:installSnapshot(84)) - omNode-2@group-523986131536: receive installSnapshot: omNode-1->omNode-2#0-t6,notify:(t:6, i:59)
2022-10-04 13:26:29,993 [grpc-default-executor-0] INFO  impl.SnapshotInstallationHandler (SnapshotInstallationHandler.java:installSnapshot(95)) - omNode-2@group-523986131536: reply installSnapshot: omNode-1<-omNode-2#0:FAIL-t6,IN_PROGRESS
2022-10-04 13:26:29,993 [grpc-default-executor-0] INFO  server.GrpcServerProtocolService (GrpcServerProtocolService.java:onCompleted(140)) - omNode-2: Completed INSTALL_SNAPSHOT, lastRequest: omNode-1->omNode-2#0-t6,notify:(t:6, i:59)
2022-10-04 13:26:29,994 [grpc-default-executor-0] INFO  leader.FollowerInfo (FollowerInfoImpl.java:lambda$new$0(48)) - omNode-1@group-523986131536->omNode-2: nextIndex: updateUnconditionally 57 -> 57
2022-10-04 13:26:29,994 [grpc-default-executor-0] INFO  server.GrpcLogAppender (GrpcLogAppender.java:onNext(403)) - omNode-1@group-523986131536->omNode-2-InstallSnapshotResponseHandler: received a reply omNode-1<-omNode-2#0:FAIL-t6,IN_PROGRESS
2022-10-04 13:26:29,994 [grpc-default-executor-0] INFO  server.GrpcLogAppender (GrpcLogAppender.java:onNext(421)) - omNode-1@group-523986131536->omNode-2-InstallSnapshotResponseHandler: InstallSnapshot in progress.
2022-10-04 13:26:29,995 [omNode-1@group-523986131536->omNode-2-GrpcLogAppender-LogAppenderDaemon] INFO  server.GrpcLogAppender (GrpcLogAppender.java:installSnapshot(541)) - omNode-1@group-523986131536->omNode-2-GrpcLogAppender: followerNextIndex = 57 but logStartIndex = 59, notify follower to install snapshot-(t:6, i:59)
2022-10-04 13:26:29,995 [omNode-1@group-523986131536->omNode-2-GrpcLogAppender-LogAppenderDaemon] INFO  server.GrpcLogAppender (GrpcLogAppender.java:installSnapshot(549)) - omNode-1@group-523986131536->omNode-2-GrpcLogAppender: send omNode-1->omNode-2#0-t6,notify:(t:6, i:59)
2022-10-04 13:26:29,996 [omNode-2-server-thread1] INFO  server.RaftServer$Division (RaftServerImpl.java:checkInconsistentAppendEntries(1402)) - omNode-2@group-523986131536: Failed appendEntries as snapshot (59) installation is in progress
2022-10-04 13:26:29,996 [omNode-2-server-thread1] INFO  server.RaftServer$Division (RaftServerImpl.java:checkInconsistentAppendEntries(1394)) - omNode-2@group-523986131536: inconsistency entries. Reply:omNode-1<-omNode-2#497:FAIL-t6,INCONSISTENCY,nextIndex=57,followerCommit=56
2022-10-04 13:26:29,997 [grpc-default-executor-0] INFO  impl.SnapshotInstallationHandler (SnapshotInstallationHandler.java:installSnapshot(84)) - omNode-2@group-523986131536: receive installSnapshot: omNode-1->omNode-2#0-t6,notify:(t:6, i:59)
2022-10-04 13:26:29,997 [grpc-default-executor-0] INFO  impl.SnapshotInstallationHandler (SnapshotInstallationHandler.java:installSnapshot(95)) - omNode-2@group-523986131536: reply installSnapshot: omNode-1<-omNode-2#0:FAIL-t6,IN_PROGRESS
2022-10-04 13:26:29,997 [grpc-default-executor-0] INFO  server.GrpcServerProtocolService (GrpcServerProtocolService.java:onCompleted(140)) - omNode-2: Completed INSTALL_SNAPSHOT, lastRequest: omNode-1->omNode-2#0-t6,notify:(t:6, i:59)
2022-10-04 13:26:29,998 [grpc-default-executor-0] INFO  leader.FollowerInfo (FollowerInfoImpl.java:lambda$new$0(48)) - omNode-1@group-523986131536->omNode-2: nextIndex: updateUnconditionally 57 -> 57
2022-10-04 13:26:29,998 [grpc-default-executor-0] INFO  server.GrpcLogAppender (GrpcLogAppender.java:onNext(403)) - omNode-1@group-523986131536->omNode-2-InstallSnapshotResponseHandler: received a reply omNode-1<-omNode-2#0:FAIL-t6,IN_PROGRESS
2022-10-04 13:26:29,998 [grpc-default-executor-0] INFO  server.GrpcLogAppender (GrpcLogAppender.java:onNext(421)) - omNode-1@group-523986131536->omNode-2-InstallSnapshotResponseHandler: InstallSnapshot in progress.
2022-10-04 13:26:29,999 [omNode-1@group-523986131536->omNode-2-GrpcLogAppender-LogAppenderDaemon] INFO  server.GrpcLogAppender (GrpcLogAppender.java:installSnapshot(541)) - omNode-1@group-523986131536->omNode-2-GrpcLogAppender: followerNextIndex = 57 but logStartIndex = 59, notify follower to install snapshot-(t:6, i:59)
2022-10-04 13:26:29,999 [omNode-1@group-523986131536->omNode-2-GrpcLogAppender-LogAppenderDaemon] INFO  server.GrpcLogAppender (GrpcLogAppender.java:installSnapshot(549)) - omNode-1@group-523986131536->omNode-2-GrpcLogAppender: send omNode-1->omNode-2#0-t6,notify:(t:6, i:59)
2022-10-04 13:26:30,000 [omNode-2-server-thread1] INFO  server.RaftServer$Division (RaftServerImpl.java:checkInconsistentAppendEntries(1402)) - omNode-2@group-523986131536: Failed appendEntries as snapshot (59) installation is in progress
2022-10-04 13:26:30,000 [omNode-2-server-thread1] INFO  server.RaftServer$Division (RaftServerImpl.java:checkInconsistentAppendEntries(1394)) - omNode-2@group-523986131536: inconsistency entries. Reply:omNode-1<-omNode-2#498:FAIL-t6,INCONSISTENCY,nextIndex=57,followerCommit=56
2022-10-04 13:26:30,000 [grpc-default-executor-0] INFO  impl.SnapshotInstallationHandler (SnapshotInstallationHandler.java:installSnapshot(84)) - omNode-2@group-523986131536: receive installSnapshot: omNode-1->omNode-2#0-t6,notify:(t:6, i:59)
2022-10-04 13:26:30,001 [grpc-default-executor-0] INFO  impl.SnapshotInstallationHandler (SnapshotInstallationHandler.java:installSnapshot(95)) - omNode-2@group-523986131536: reply installSnapshot: omNode-1<-omNode-2#0:FAIL-t6,IN_PROGRESS
2022-10-04 13:26:30,001 [grpc-default-executor-0] INFO  server.GrpcServerProtocolService (GrpcServerProtocolService.java:onCompleted(140)) - omNode-2: Completed INSTALL_SNAPSHOT, lastRequest: omNode-1->omNode-2#0-t6,notify:(t:6, i:59)
2022-10-04 13:26:30,003 [grpc-default-executor-0] INFO  leader.FollowerInfo (FollowerInfoImpl.java:lambda$new$0(48)) - omNode-1@group-523986131536->omNode-2: nextIndex: updateUnconditionally 57 -> 57
2022-10-04 13:26:30,003 [grpc-default-executor-2] INFO  server.GrpcLogAppender (GrpcLogAppender.java:onNext(403)) - omNode-1@group-523986131536->omNode-2-InstallSnapshotResponseHandler: received a reply omNode-1<-omNode-2#0:FAIL-t6,IN_PROGRESS
2022-10-04 13:26:30,003 [grpc-default-executor-2] INFO  server.GrpcLogAppender (GrpcLogAppender.java:onNext(421)) - omNode-1@group-523986131536->omNode-2-InstallSnapshotResponseHandler: InstallSnapshot in progress.
2022-10-04 13:26:30,004 [omNode-1@group-523986131536->omNode-2-GrpcLogAppender-LogAppenderDaemon] INFO  server.GrpcLogAppender (GrpcLogAppender.java:installSnapshot(541)) - omNode-1@group-523986131536->omNode-2-GrpcLogAppender: followerNextIndex = 57 but logStartIndex = 59, notify follower to install snapshot-(t:6, i:59)
2022-10-04 13:26:30,004 [omNode-2-server-thread1] INFO  server.RaftServer$Division (RaftServerImpl.java:checkInconsistentAppendEntries(1402)) - omNode-2@group-523986131536: Failed appendEntries as snapshot (59) installation is in progress
2022-10-04 13:26:30,004 [omNode-2-server-thread1] INFO  server.RaftServer$Division (RaftServerImpl.java:checkInconsistentAppendEntries(1394)) - omNode-2@group-523986131536: inconsistency entries. Reply:omNode-1<-omNode-2#499:FAIL-t6,INCONSISTENCY,nextIndex=57,followerCommit=56
2022-10-04 13:26:30,005 [grpc-default-executor-2] INFO  leader.FollowerInfo (FollowerInfoImpl.java:lambda$new$0(48)) - omNode-1@group-523986131536->omNode-2: nextIndex: updateUnconditionally 57 -> 57
2022-10-04 13:26:30,006 [omNode-1@group-523986131536->omNode-2-GrpcLogAppender-LogAppenderDaemon] INFO  server.GrpcLogAppender (GrpcLogAppender.java:installSnapshot(549)) - omNode-1@group-523986131536->omNode-2-GrpcLogAppender: send omNode-1->omNode-2#0-t6,notify:(t:6, i:59)
2022-10-04 13:26:30,014 [grpc-default-executor-2] INFO  impl.SnapshotInstallationHandler (SnapshotInstallationHandler.java:installSnapshot(84)) - omNode-2@group-523986131536: receive installSnapshot: omNode-1->omNode-2#0-t6,notify:(t:6, i:59)
2022-10-04 13:26:30,014 [grpc-default-executor-2] INFO  impl.SnapshotInstallationHandler (SnapshotInstallationHandler.java:installSnapshot(95)) - omNode-2@group-523986131536: reply installSnapshot: omNode-1<-omNode-2#0:FAIL-t6,IN_PROGRESS
2022-10-04 13:26:30,014 [grpc-default-executor-2] INFO  server.GrpcServerProtocolService (GrpcServerProtocolService.java:onCompleted(140)) - omNode-2: Completed INSTALL_SNAPSHOT, lastRequest: omNode-1->omNode-2#0-t6,notify:(t:6, i:59)
2022-10-04 13:26:30,019 [grpc-default-executor-2] INFO  server.GrpcLogAppender (GrpcLogAppender.java:onNext(403)) - omNode-1@group-523986131536->omNode-2-InstallSnapshotResponseHandler: received a reply omNode-1<-omNode-2#0:FAIL-t6,IN_PROGRESS
2022-10-04 13:26:30,020 [grpc-default-executor-2] INFO  server.GrpcLogAppender (GrpcLogAppender.java:onNext(421)) - omNode-1@group-523986131536->omNode-2-InstallSnapshotResponseHandler: InstallSnapshot in progress.
2022-10-04 13:26:30,020 [omNode-1@group-523986131536->omNode-2-GrpcLogAppender-LogAppenderDaemon] INFO  server.GrpcLogAppender (GrpcLogAppender.java:installSnapshot(541)) - omNode-1@group-523986131536->omNode-2-GrpcLogAppender: followerNextIndex = 57 but logStartIndex = 59, notify follower to install snapshot-(t:6, i:59)
2022-10-04 13:26:30,020 [omNode-1@group-523986131536->omNode-2-GrpcLogAppender-LogAppenderDaemon] INFO  server.GrpcLogAppender (GrpcLogAppender.java:installSnapshot(549)) - omNode-1@group-523986131536->omNode-2-GrpcLogAppender: send omNode-1->omNode-2#0-t6,notify:(t:6, i:59)
2022-10-04 13:26:30,026 [grpc-default-executor-2] INFO  impl.SnapshotInstallationHandler (SnapshotInstallationHandler.java:installSnapshot(84)) - omNode-2@group-523986131536: receive installSnapshot: omNode-1->omNode-2#0-t6,notify:(t:6, i:59)
2022-10-04 13:26:30,026 [grpc-default-executor-2] INFO  impl.SnapshotInstallationHandler (SnapshotInstallationHandler.java:installSnapshot(95)) - omNode-2@group-523986131536: reply installSnapshot: omNode-1<-omNode-2#0:FAIL-t6,IN_PROGRESS
2022-10-04 13:26:30,026 [grpc-default-executor-2] INFO  server.GrpcServerProtocolService (GrpcServerProtocolService.java:onCompleted(140)) - omNode-2: Completed INSTALL_SNAPSHOT, lastRequest: omNode-1->omNode-2#0-t6,notify:(t:6, i:59)
2022-10-04 13:26:30,026 [omNode-2-server-thread1] INFO  server.RaftServer$Division (RaftServerImpl.java:checkInconsistentAppendEntries(1402)) - omNode-2@group-523986131536: Failed appendEntries as snapshot (59) installation is in progress
2022-10-04 13:26:30,026 [omNode-2-server-thread1] INFO  server.RaftServer$Division (RaftServerImpl.java:checkInconsistentAppendEntries(1394)) - omNode-2@group-523986131536: inconsistency entries. Reply:omNode-1<-omNode-2#500:FAIL-t6,INCONSISTENCY,nextIndex=57,followerCommit=56
2022-10-04 13:26:30,027 [grpc-default-executor-0] INFO  server.GrpcLogAppender (GrpcLogAppender.java:onNext(403)) - omNode-1@group-523986131536->omNode-2-InstallSnapshotResponseHandler: received a reply omNode-1<-omNode-2#0:FAIL-t6,IN_PROGRESS
2022-10-04 13:26:30,027 [grpc-default-executor-0] INFO  server.GrpcLogAppender (GrpcLogAppender.java:onNext(421)) - omNode-1@group-523986131536->omNode-2-InstallSnapshotResponseHandler: InstallSnapshot in progress.
2022-10-04 13:26:30,027 [omNode-1@group-523986131536->omNode-2-GrpcLogAppender-LogAppenderDaemon] INFO  server.GrpcLogAppender (GrpcLogAppender.java:installSnapshot(541)) - omNode-1@group-523986131536->omNode-2-GrpcLogAppender: followerNextIndex = 57 but logStartIndex = 59, notify follower to install snapshot-(t:6, i:59)
2022-10-04 13:26:30,027 [omNode-1@group-523986131536->omNode-2-GrpcLogAppender-LogAppenderDaemon] INFO  server.GrpcLogAppender (GrpcLogAppender.java:installSnapshot(549)) - omNode-1@group-523986131536->omNode-2-GrpcLogAppender: send omNode-1->omNode-2#0-t6,notify:(t:6, i:59)
2022-10-04 13:26:30,028 [grpc-default-executor-0] INFO  leader.FollowerInfo (FollowerInfoImpl.java:lambda$new$0(48)) - omNode-1@group-523986131536->omNode-2: nextIndex: updateUnconditionally 57 -> 57
2022-10-04 13:26:30,028 [omNode-2-server-thread1] INFO  server.RaftServer$Division (RaftServerImpl.java:checkInconsistentAppendEntries(1402)) - omNode-2@group-523986131536: Failed appendEntries as snapshot (59) installation is in progress
2022-10-04 13:26:30,029 [omNode-2-server-thread1] INFO  server.RaftServer$Division (RaftServerImpl.java:checkInconsistentAppendEntries(1394)) - omNode-2@group-523986131536: inconsistency entries. Reply:omNode-1<-omNode-2#501:FAIL-t6,INCONSISTENCY,nextIndex=57,followerCommit=56
2022-10-04 13:26:30,029 [grpc-default-executor-0] INFO  impl.SnapshotInstallationHandler (SnapshotInstallationHandler.java:installSnapshot(84)) - omNode-2@group-523986131536: receive installSnapshot: omNode-1->omNode-2#0-t6,notify:(t:6, i:59)
2022-10-04 13:26:30,029 [grpc-default-executor-0] INFO  impl.SnapshotInstallationHandler (SnapshotInstallationHandler.java:installSnapshot(95)) - omNode-2@group-523986131536: reply installSnapshot: omNode-1<-omNode-2#0:FAIL-t6,IN_PROGRESS
2022-10-04 13:26:30,029 [grpc-default-executor-0] INFO  server.GrpcServerProtocolService (GrpcServerProtocolService.java:onCompleted(140)) - omNode-2: Completed INSTALL_SNAPSHOT, lastRequest: omNode-1->omNode-2#0-t6,notify:(t:6, i:59)
2022-10-04 13:26:30,030 [grpc-default-executor-0] INFO  leader.FollowerInfo (FollowerInfoImpl.java:lambda$new$0(48)) - omNode-1@group-523986131536->omNode-2: nextIndex: updateUnconditionally 57 -> 57
2022-10-04 13:26:30,030 [grpc-default-executor-0] INFO  server.GrpcLogAppender (GrpcLogAppender.java:onNext(403)) - omNode-1@group-523986131536->omNode-2-InstallSnapshotResponseHandler: received a reply omNode-1<-omNode-2#0:FAIL-t6,IN_PROGRESS
2022-10-04 13:26:30,030 [grpc-default-executor-0] INFO  server.GrpcLogAppender (GrpcLogAppender.java:onNext(421)) - omNode-1@group-523986131536->omNode-2-InstallSnapshotResponseHandler: InstallSnapshot in progress.
2022-10-04 13:26:30,031 [omNode-1@group-523986131536->omNode-2-GrpcLogAppender-LogAppenderDaemon] INFO  server.GrpcLogAppender (GrpcLogAppender.java:installSnapshot(541)) - omNode-1@group-523986131536->omNode-2-GrpcLogAppender: followerNextIndex = 57 but logStartIndex = 59, notify follower to install snapshot-(t:6, i:59)
2022-10-04 13:26:30,031 [omNode-1@group-523986131536->omNode-2-GrpcLogAppender-LogAppenderDaemon] INFO  server.GrpcLogAppender (GrpcLogAppender.java:installSnapshot(549)) - omNode-1@group-523986131536->omNode-2-GrpcLogAppender: send omNode-1->omNode-2#0-t6,notify:(t:6, i:59)
2022-10-04 13:26:30,031 [omNode-2-server-thread1] INFO  server.RaftServer$Division (RaftServerImpl.java:checkInconsistentAppendEntries(1402)) - omNode-2@group-523986131536: Failed appendEntries as snapshot (59) installation is in progress
2022-10-04 13:26:30,032 [omNode-2-server-thread1] INFO  server.RaftServer$Division (RaftServerImpl.java:checkInconsistentAppendEntries(1394)) - omNode-2@group-523986131536: inconsistency entries. Reply:omNode-1<-omNode-2#502:FAIL-t6,INCONSISTENCY,nextIndex=57,followerCommit=56
2022-10-04 13:26:30,032 [grpc-default-executor-0] INFO  impl.SnapshotInstallationHandler (SnapshotInstallationHandler.java:installSnapshot(84)) - omNode-2@group-523986131536: receive installSnapshot: omNode-1->omNode-2#0-t6,notify:(t:6, i:59)
2022-10-04 13:26:30,032 [grpc-default-executor-0] INFO  impl.SnapshotInstallationHandler (SnapshotInstallationHandler.java:installSnapshot(95)) - omNode-2@group-523986131536: reply installSnapshot: omNode-1<-omNode-2#0:FAIL-t6,IN_PROGRESS
2022-10-04 13:26:30,032 [grpc-default-executor-0] INFO  server.GrpcServerProtocolService (GrpcServerProtocolService.java:onCompleted(140)) - omNode-2: Completed INSTALL_SNAPSHOT, lastRequest: omNode-1->omNode-2#0-t6,notify:(t:6, i:59)
2022-10-04 13:26:30,033 [grpc-default-executor-0] INFO  leader.FollowerInfo (FollowerInfoImpl.java:lambda$new$0(48)) - omNode-1@group-523986131536->omNode-2: nextIndex: updateUnconditionally 57 -> 57
2022-10-04 13:26:30,033 [grpc-default-executor-0] INFO  server.GrpcLogAppender (GrpcLogAppender.java:onNext(403)) - omNode-1@group-523986131536->omNode-2-InstallSnapshotResponseHandler: received a reply omNode-1<-omNode-2#0:FAIL-t6,IN_PROGRESS
2022-10-04 13:26:30,033 [grpc-default-executor-0] INFO  server.GrpcLogAppender (GrpcLogAppender.java:onNext(421)) - omNode-1@group-523986131536->omNode-2-InstallSnapshotResponseHandler: InstallSnapshot in progress.
2022-10-04 13:26:30,033 [omNode-1@group-523986131536->omNode-2-GrpcLogAppender-LogAppenderDaemon] INFO  server.GrpcLogAppender (GrpcLogAppender.java:installSnapshot(541)) - omNode-1@group-523986131536->omNode-2-GrpcLogAppender: followerNextIndex = 57 but logStartIndex = 59, notify follower to install snapshot-(t:6, i:59)
2022-10-04 13:26:30,033 [omNode-1@group-523986131536->omNode-2-GrpcLogAppender-LogAppenderDaemon] INFO  server.GrpcLogAppender (GrpcLogAppender.java:installSnapshot(549)) - omNode-1@group-523986131536->omNode-2-GrpcLogAppender: send omNode-1->omNode-2#0-t6,notify:(t:6, i:59)
2022-10-04 13:26:30,034 [omNode-2-server-thread1] INFO  server.RaftServer$Division (RaftServerImpl.java:checkInconsistentAppendEntries(1402)) - omNode-2@group-523986131536: Failed appendEntries as snapshot (59) installation is in progress
2022-10-04 13:26:30,034 [omNode-2-server-thread1] INFO  server.RaftServer$Division (RaftServerImpl.java:checkInconsistentAppendEntries(1394)) - omNode-2@group-523986131536: inconsistency entries. Reply:omNode-1<-omNode-2#503:FAIL-t6,INCONSISTENCY,nextIndex=57,followerCommit=56
2022-10-04 13:26:30,035 [grpc-default-executor-0] INFO  impl.SnapshotInstallationHandler (SnapshotInstallationHandler.java:installSnapshot(84)) - omNode-2@group-523986131536: receive installSnapshot: omNode-1->omNode-2#0-t6,notify:(t:6, i:59)
2022-10-04 13:26:30,036 [grpc-default-executor-0] INFO  impl.SnapshotInstallationHandler (SnapshotInstallationHandler.java:installSnapshot(95)) - omNode-2@group-523986131536: reply installSnapshot: omNode-1<-omNode-2#0:FAIL-t6,IN_PROGRESS
2022-10-04 13:26:30,036 [grpc-default-executor-0] INFO  server.GrpcServerProtocolService (GrpcServerProtocolService.java:onCompleted(140)) - omNode-2: Completed INSTALL_SNAPSHOT, lastRequest: omNode-1->omNode-2#0-t6,notify:(t:6, i:59)
2022-10-04 13:26:30,049 [grpc-default-executor-2] INFO  leader.FollowerInfo (FollowerInfoImpl.java:lambda$new$0(48)) - omNode-1@group-523986131536->omNode-2: nextIndex: updateUnconditionally 57 -> 57
2022-10-04 13:26:30,062 [grpc-default-executor-2] INFO  server.GrpcLogAppender (GrpcLogAppender.java:onNext(403)) - omNode-1@group-523986131536->omNode-2-InstallSnapshotResponseHandler: received a reply omNode-1<-omNode-2#0:FAIL-t6,IN_PROGRESS
2022-10-04 13:26:30,062 [grpc-default-executor-2] INFO  server.GrpcLogAppender (GrpcLogAppender.java:onNext(421)) - omNode-1@group-523986131536->omNode-2-InstallSnapshotResponseHandler: InstallSnapshot in progress.
2022-10-04 13:26:30,062 [omNode-1@group-523986131536->omNode-2-GrpcLogAppender-LogAppenderDaemon] INFO  server.GrpcLogAppender (GrpcLogAppender.java:installSnapshot(541)) - omNode-1@group-523986131536->omNode-2-GrpcLogAppender: followerNextIndex = 57 but logStartIndex = 59, notify follower to install snapshot-(t:6, i:59)
2022-10-04 13:26:30,062 [omNode-1@group-523986131536->omNode-2-GrpcLogAppender-LogAppenderDaemon] INFO  server.GrpcLogAppender (GrpcLogAppender.java:installSnapshot(549)) - omNode-1@group-523986131536->omNode-2-GrpcLogAppender: send omNode-1->omNode-2#0-t6,notify:(t:6, i:59)
2022-10-04 13:26:30,064 [pool-366-thread-1] INFO  snapshot.OzoneManagerSnapshotProvider (OzoneManagerSnapshotProvider.java:getOzoneManagerDBSnapshot(154)) - Successfully downloaded latest checkpoint from leader OM: omNode-1
2022-10-04 13:26:30,064 [pool-366-thread-1] INFO  om.OzoneManager (OzoneManager.java:installSnapshotFromLeader(3659)) - Downloaded checkpoint from Leader omNode-1 to the location /home/runner/work/ozone/ozone/hadoop-ozone/integration-test/target/test-dir/MiniOzoneClusterImpl-6e9557d8-a31c-49e5-bba1-8bc95799a8b8/omNode-2/snapshot/om.db-omNode-1-1664889989242
2022-10-04 13:26:30,065 [pool-366-thread-1] INFO  codec.RepeatedOmKeyInfoCodec (RepeatedOmKeyInfoCodec.java:<init>(41)) - RepeatedOmKeyInfoCodec ignorePipeline = true
2022-10-04 13:26:30,067 [omNode-2-server-thread1] INFO  server.RaftServer$Division (RaftServerImpl.java:checkInconsistentAppendEntries(1402)) - omNode-2@group-523986131536: Failed appendEntries as snapshot (59) installation is in progress
2022-10-04 13:26:30,067 [pool-366-thread-1] INFO  codec.OmKeyInfoCodec (OmKeyInfoCodec.java:<init>(49)) - OmKeyInfoCodec ignorePipeline = true
2022-10-04 13:26:30,069 [pool-366-thread-1] INFO  codec.OmKeyInfoCodec (OmKeyInfoCodec.java:<init>(49)) - OmKeyInfoCodec ignorePipeline = true
2022-10-04 13:26:30,069 [pool-366-thread-1] INFO  codec.OmKeyInfoCodec (OmKeyInfoCodec.java:<init>(49)) - OmKeyInfoCodec ignorePipeline = true
2022-10-04 13:26:30,069 [pool-366-thread-1] INFO  codec.OmKeyInfoCodec (OmKeyInfoCodec.java:<init>(49)) - OmKeyInfoCodec ignorePipeline = true
2022-10-04 13:26:30,069 [pool-366-thread-1] INFO  codec.OmKeyInfoCodec (OmKeyInfoCodec.java:<init>(49)) - OmKeyInfoCodec ignorePipeline = true
2022-10-04 13:26:30,069 [omNode-2-server-thread1] INFO  server.RaftServer$Division (RaftServerImpl.java:checkInconsistentAppendEntries(1394)) - omNode-2@group-523986131536: inconsistency entries. Reply:omNode-1<-omNode-2#504:FAIL-t6,INCONSISTENCY,nextIndex=57,followerCommit=56
2022-10-04 13:26:30,072 [grpc-default-executor-2] INFO  impl.SnapshotInstallationHandler (SnapshotInstallationHandler.java:installSnapshot(84)) - omNode-2@group-523986131536: receive installSnapshot: omNode-1->omNode-2#0-t6,notify:(t:6, i:59)
2022-10-04 13:26:30,072 [grpc-default-executor-2] INFO  impl.SnapshotInstallationHandler (SnapshotInstallationHandler.java:installSnapshot(95)) - omNode-2@group-523986131536: reply installSnapshot: omNode-1<-omNode-2#0:FAIL-t6,IN_PROGRESS
2022-10-04 13:26:30,072 [grpc-default-executor-2] INFO  server.GrpcServerProtocolService (GrpcServerProtocolService.java:onCompleted(140)) - omNode-2: Completed INSTALL_SNAPSHOT, lastRequest: omNode-1->omNode-2#0-t6,notify:(t:6, i:59)
2022-10-04 13:26:30,076 [grpc-default-executor-2] INFO  leader.FollowerInfo (FollowerInfoImpl.java:lambda$new$0(48)) - omNode-1@group-523986131536->omNode-2: nextIndex: updateUnconditionally 57 -> 57
2022-10-04 13:26:30,076 [grpc-default-executor-2] INFO  server.GrpcLogAppender (GrpcLogAppender.java:onNext(403)) - omNode-1@group-523986131536->omNode-2-InstallSnapshotResponseHandler: received a reply omNode-1<-omNode-2#0:FAIL-t6,IN_PROGRESS
2022-10-04 13:26:30,076 [grpc-default-executor-2] INFO  server.GrpcLogAppender (GrpcLogAppender.java:onNext(421)) - omNode-1@group-523986131536->omNode-2-InstallSnapshotResponseHandler: InstallSnapshot in progress.
2022-10-04 13:26:30,077 [omNode-1@group-523986131536->omNode-2-GrpcLogAppender-LogAppenderDaemon] INFO  server.GrpcLogAppender (GrpcLogAppender.java:installSnapshot(541)) - omNode-1@group-523986131536->omNode-2-GrpcLogAppender: followerNextIndex = 57 but logStartIndex = 59, notify follower to install snapshot-(t:6, i:59)
2022-10-04 13:26:30,078 [omNode-1@group-523986131536->omNode-2-GrpcLogAppender-LogAppenderDaemon] INFO  server.GrpcLogAppender (GrpcLogAppender.java:installSnapshot(549)) - omNode-1@group-523986131536->omNode-2-GrpcLogAppender: send omNode-1->omNode-2#0-t6,notify:(t:6, i:59)
2022-10-04 13:26:30,080 [omNode-2-server-thread1] INFO  server.RaftServer$Division (RaftServerImpl.java:checkInconsistentAppendEntries(1402)) - omNode-2@group-523986131536: Failed appendEntries as snapshot (59) installation is in progress
2022-10-04 13:26:30,080 [omNode-2-server-thread1] INFO  server.RaftServer$Division (RaftServerImpl.java:checkInconsistentAppendEntries(1394)) - omNode-2@group-523986131536: inconsistency entries. Reply:omNode-1<-omNode-2#505:FAIL-t6,INCONSISTENCY,nextIndex=57,followerCommit=56
2022-10-04 13:26:30,080 [grpc-default-executor-2] INFO  impl.SnapshotInstallationHandler (SnapshotInstallationHandler.java:installSnapshot(84)) - omNode-2@group-523986131536: receive installSnapshot: omNode-1->omNode-2#0-t6,notify:(t:6, i:59)
2022-10-04 13:26:30,081 [grpc-default-executor-2] INFO  impl.SnapshotInstallationHandler (SnapshotInstallationHandler.java:installSnapshot(95)) - omNode-2@group-523986131536: reply installSnapshot: omNode-1<-omNode-2#0:FAIL-t6,IN_PROGRESS
2022-10-04 13:26:30,081 [grpc-default-executor-2] INFO  server.GrpcServerProtocolService (GrpcServerProtocolService.java:onCompleted(140)) - omNode-2: Completed INSTALL_SNAPSHOT, lastRequest: omNode-1->omNode-2#0-t6,notify:(t:6, i:59)
2022-10-04 13:26:30,081 [grpc-default-executor-1] INFO  server.GrpcLogAppender (GrpcLogAppender.java:onNext(403)) - omNode-1@group-523986131536->omNode-2-InstallSnapshotResponseHandler: received a reply omNode-1<-omNode-2#0:FAIL-t6,IN_PROGRESS
2022-10-04 13:26:30,081 [grpc-default-executor-1] INFO  server.GrpcLogAppender (GrpcLogAppender.java:onNext(421)) - omNode-1@group-523986131536->omNode-2-InstallSnapshotResponseHandler: InstallSnapshot in progress.
2022-10-04 13:26:30,082 [grpc-default-executor-1] INFO  leader.FollowerInfo (FollowerInfoImpl.java:lambda$new$0(48)) - omNode-1@group-523986131536->omNode-2: nextIndex: updateUnconditionally 57 -> 57
2022-10-04 13:26:30,082 [omNode-1@group-523986131536->omNode-2-GrpcLogAppender-LogAppenderDaemon] INFO  server.GrpcLogAppender (GrpcLogAppender.java:installSnapshot(541)) - omNode-1@group-523986131536->omNode-2-GrpcLogAppender: followerNextIndex = 57 but logStartIndex = 59, notify follower to install snapshot-(t:6, i:59)
2022-10-04 13:26:30,082 [omNode-1@group-523986131536->omNode-2-GrpcLogAppender-LogAppenderDaemon] INFO  server.GrpcLogAppender (GrpcLogAppender.java:installSnapshot(549)) - omNode-1@group-523986131536->omNode-2-GrpcLogAppender: send omNode-1->omNode-2#0-t6,notify:(t:6, i:59)
2022-10-04 13:26:30,083 [omNode-2-server-thread1] INFO  server.RaftServer$Division (RaftServerImpl.java:checkInconsistentAppendEntries(1402)) - omNode-2@group-523986131536: Failed appendEntries as snapshot (59) installation is in progress
2022-10-04 13:26:30,083 [omNode-2-server-thread1] INFO  server.RaftServer$Division (RaftServerImpl.java:checkInconsistentAppendEntries(1394)) - omNode-2@group-523986131536: inconsistency entries. Reply:omNode-1<-omNode-2#506:FAIL-t6,INCONSISTENCY,nextIndex=57,followerCommit=56
2022-10-04 13:26:30,084 [grpc-default-executor-1] INFO  leader.FollowerInfo (FollowerInfoImpl.java:lambda$new$0(48)) - omNode-1@group-523986131536->omNode-2: nextIndex: updateUnconditionally 57 -> 57
2022-10-04 13:26:30,084 [grpc-default-executor-1] INFO  impl.SnapshotInstallationHandler (SnapshotInstallationHandler.java:installSnapshot(84)) - omNode-2@group-523986131536: receive installSnapshot: omNode-1->omNode-2#0-t6,notify:(t:6, i:59)
2022-10-04 13:26:30,084 [grpc-default-executor-1] INFO  impl.SnapshotInstallationHandler (SnapshotInstallationHandler.java:installSnapshot(95)) - omNode-2@group-523986131536: reply installSnapshot: omNode-1<-omNode-2#0:FAIL-t6,IN_PROGRESS
2022-10-04 13:26:30,084 [grpc-default-executor-1] INFO  server.GrpcServerProtocolService (GrpcServerProtocolService.java:onCompleted(140)) - omNode-2: Completed INSTALL_SNAPSHOT, lastRequest: omNode-1->omNode-2#0-t6,notify:(t:6, i:59)
2022-10-04 13:26:30,085 [grpc-default-executor-1] INFO  server.GrpcLogAppender (GrpcLogAppender.java:onNext(403)) - omNode-1@group-523986131536->omNode-2-InstallSnapshotResponseHandler: received a reply omNode-1<-omNode-2#0:FAIL-t6,IN_PROGRESS
2022-10-04 13:26:30,085 [grpc-default-executor-1] INFO  server.GrpcLogAppender (GrpcLogAppender.java:onNext(421)) - omNode-1@group-523986131536->omNode-2-InstallSnapshotResponseHandler: InstallSnapshot in progress.
2022-10-04 13:26:30,086 [omNode-1@group-523986131536->omNode-2-GrpcLogAppender-LogAppenderDaemon] INFO  server.GrpcLogAppender (GrpcLogAppender.java:installSnapshot(541)) - omNode-1@group-523986131536->omNode-2-GrpcLogAppender: followerNextIndex = 57 but logStartIndex = 59, notify follower to install snapshot-(t:6, i:59)
2022-10-04 13:26:30,086 [omNode-1@group-523986131536->omNode-2-GrpcLogAppender-LogAppenderDaemon] INFO  server.GrpcLogAppender (GrpcLogAppender.java:installSnapshot(549)) - omNode-1@group-523986131536->omNode-2-GrpcLogAppender: send omNode-1->omNode-2#0-t6,notify:(t:6, i:59)
2022-10-04 13:26:30,087 [omNode-2-server-thread1] INFO  server.RaftServer$Division (RaftServerImpl.java:checkInconsistentAppendEntries(1402)) - omNode-2@group-523986131536: Failed appendEntries as snapshot (59) installation is in progress
2022-10-04 13:26:30,087 [omNode-2-server-thread1] INFO  server.RaftServer$Division (RaftServerImpl.java:checkInconsistentAppendEntries(1394)) - omNode-2@group-523986131536: inconsistency entries. Reply:omNode-1<-omNode-2#507:FAIL-t6,INCONSISTENCY,nextIndex=57,followerCommit=56
2022-10-04 13:26:30,088 [grpc-default-executor-0] INFO  impl.SnapshotInstallationHandler (SnapshotInstallationHandler.java:installSnapshot(84)) - omNode-2@group-523986131536: receive installSnapshot: omNode-1->omNode-2#0-t6,notify:(t:6, i:59)
2022-10-04 13:26:30,088 [grpc-default-executor-0] INFO  impl.SnapshotInstallationHandler (SnapshotInstallationHandler.java:installSnapshot(95)) - omNode-2@group-523986131536: reply installSnapshot: omNode-1<-omNode-2#0:FAIL-t6,IN_PROGRESS
2022-10-04 13:26:30,090 [grpc-default-executor-0] INFO  server.GrpcServerProtocolService (GrpcServerProtocolService.java:onCompleted(140)) - omNode-2: Completed INSTALL_SNAPSHOT, lastRequest: omNode-1->omNode-2#0-t6,notify:(t:6, i:59)
2022-10-04 13:26:30,091 [grpc-default-executor-0] INFO  leader.FollowerInfo (FollowerInfoImpl.java:lambda$new$0(48)) - omNode-1@group-523986131536->omNode-2: nextIndex: updateUnconditionally 57 -> 57
2022-10-04 13:26:30,091 [grpc-default-executor-1] INFO  server.GrpcLogAppender (GrpcLogAppender.java:onNext(403)) - omNode-1@group-523986131536->omNode-2-InstallSnapshotResponseHandler: received a reply omNode-1<-omNode-2#0:FAIL-t6,IN_PROGRESS
2022-10-04 13:26:30,091 [grpc-default-executor-1] INFO  server.GrpcLogAppender (GrpcLogAppender.java:onNext(421)) - omNode-1@group-523986131536->omNode-2-InstallSnapshotResponseHandler: InstallSnapshot in progress.
2022-10-04 13:26:30,091 [omNode-1@group-523986131536->omNode-2-GrpcLogAppender-LogAppenderDaemon] INFO  server.GrpcLogAppender (GrpcLogAppender.java:installSnapshot(541)) - omNode-1@group-523986131536->omNode-2-GrpcLogAppender: followerNextIndex = 57 but logStartIndex = 59, notify follower to install snapshot-(t:6, i:59)
2022-10-04 13:26:30,091 [omNode-1@group-523986131536->omNode-2-GrpcLogAppender-LogAppenderDaemon] INFO  server.GrpcLogAppender (GrpcLogAppender.java:installSnapshot(549)) - omNode-1@group-523986131536->omNode-2-GrpcLogAppender: send omNode-1->omNode-2#0-t6,notify:(t:6, i:59)
2022-10-04 13:26:30,092 [omNode-2-server-thread1] INFO  server.RaftServer$Division (RaftServerImpl.java:checkInconsistentAppendEntries(1402)) - omNode-2@group-523986131536: Failed appendEntries as snapshot (59) installation is in progress
2022-10-04 13:26:30,092 [omNode-2-server-thread1] INFO  server.RaftServer$Division (RaftServerImpl.java:checkInconsistentAppendEntries(1394)) - omNode-2@group-523986131536: inconsistency entries. Reply:omNode-1<-omNode-2#508:FAIL-t6,INCONSISTENCY,nextIndex=57,followerCommit=56
2022-10-04 13:26:30,093 [grpc-default-executor-0] INFO  impl.SnapshotInstallationHandler (SnapshotInstallationHandler.java:installSnapshot(84)) - omNode-2@group-523986131536: receive installSnapshot: omNode-1->omNode-2#0-t6,notify:(t:6, i:59)
2022-10-04 13:26:30,093 [grpc-default-executor-0] INFO  impl.SnapshotInstallationHandler (SnapshotInstallationHandler.java:installSnapshot(95)) - omNode-2@group-523986131536: reply installSnapshot: omNode-1<-omNode-2#0:FAIL-t6,IN_PROGRESS
2022-10-04 13:26:30,093 [grpc-default-executor-0] INFO  server.GrpcServerProtocolService (GrpcServerProtocolService.java:onCompleted(140)) - omNode-2: Completed INSTALL_SNAPSHOT, lastRequest: omNode-1->omNode-2#0-t6,notify:(t:6, i:59)
2022-10-04 13:26:30,094 [grpc-default-executor-1] INFO  server.GrpcLogAppender (GrpcLogAppender.java:onNext(403)) - omNode-1@group-523986131536->omNode-2-InstallSnapshotResponseHandler: received a reply omNode-1<-omNode-2#0:FAIL-t6,IN_PROGRESS
2022-10-04 13:26:30,094 [grpc-default-executor-1] INFO  server.GrpcLogAppender (GrpcLogAppender.java:onNext(421)) - omNode-1@group-523986131536->omNode-2-InstallSnapshotResponseHandler: InstallSnapshot in progress.
2022-10-04 13:26:30,094 [grpc-default-executor-0] INFO  leader.FollowerInfo (FollowerInfoImpl.java:lambda$new$0(48)) - omNode-1@group-523986131536->omNode-2: nextIndex: updateUnconditionally 57 -> 57
2022-10-04 13:26:30,094 [omNode-1@group-523986131536->omNode-2-GrpcLogAppender-LogAppenderDaemon] INFO  server.GrpcLogAppender (GrpcLogAppender.java:installSnapshot(541)) - omNode-1@group-523986131536->omNode-2-GrpcLogAppender: followerNextIndex = 57 but logStartIndex = 59, notify follower to install snapshot-(t:6, i:59)
2022-10-04 13:26:30,094 [omNode-1@group-523986131536->omNode-2-GrpcLogAppender-LogAppenderDaemon] INFO  server.GrpcLogAppender (GrpcLogAppender.java:installSnapshot(549)) - omNode-1@group-523986131536->omNode-2-GrpcLogAppender: send omNode-1->omNode-2#0-t6,notify:(t:6, i:59)
2022-10-04 13:26:30,095 [omNode-2-server-thread1] INFO  server.RaftServer$Division (RaftServerImpl.java:checkInconsistentAppendEntries(1402)) - omNode-2@group-523986131536: Failed appendEntries as snapshot (59) installation is in progress
2022-10-04 13:26:30,095 [omNode-2-server-thread1] INFO  server.RaftServer$Division (RaftServerImpl.java:checkInconsistentAppendEntries(1394)) - omNode-2@group-523986131536: inconsistency entries. Reply:omNode-1<-omNode-2#509:FAIL-t6,INCONSISTENCY,nextIndex=57,followerCommit=56
2022-10-04 13:26:30,095 [grpc-default-executor-0] INFO  leader.FollowerInfo (FollowerInfoImpl.java:lambda$new$0(48)) - omNode-1@group-523986131536->omNode-2: nextIndex: updateUnconditionally 57 -> 57
2022-10-04 13:26:30,096 [grpc-default-executor-0] INFO  impl.SnapshotInstallationHandler (SnapshotInstallationHandler.java:installSnapshot(84)) - omNode-2@group-523986131536: receive installSnapshot: omNode-1->omNode-2#0-t6,notify:(t:6, i:59)
2022-10-04 13:26:30,096 [grpc-default-executor-0] INFO  impl.SnapshotInstallationHandler (SnapshotInstallationHandler.java:installSnapshot(95)) - omNode-2@group-523986131536: reply installSnapshot: omNode-1<-omNode-2#0:FAIL-t6,IN_PROGRESS
2022-10-04 13:26:30,097 [grpc-default-executor-0] INFO  server.GrpcServerProtocolService (GrpcServerProtocolService.java:onCompleted(140)) - omNode-2: Completed INSTALL_SNAPSHOT, lastRequest: omNode-1->omNode-2#0-t6,notify:(t:6, i:59)
2022-10-04 13:26:30,097 [grpc-default-executor-0] INFO  server.GrpcLogAppender (GrpcLogAppender.java:onNext(403)) - omNode-1@group-523986131536->omNode-2-InstallSnapshotResponseHandler: received a reply omNode-1<-omNode-2#0:FAIL-t6,IN_PROGRESS
2022-10-04 13:26:30,097 [grpc-default-executor-0] INFO  server.GrpcLogAppender (GrpcLogAppender.java:onNext(421)) - omNode-1@group-523986131536->omNode-2-InstallSnapshotResponseHandler: InstallSnapshot in progress.
2022-10-04 13:26:30,098 [omNode-1@group-523986131536->omNode-2-GrpcLogAppender-LogAppenderDaemon] INFO  server.GrpcLogAppender (GrpcLogAppender.java:installSnapshot(541)) - omNode-1@group-523986131536->omNode-2-GrpcLogAppender: followerNextIndex = 57 but logStartIndex = 59, notify follower to install snapshot-(t:6, i:59)
2022-10-04 13:26:30,098 [omNode-1@group-523986131536->omNode-2-GrpcLogAppender-LogAppenderDaemon] INFO  server.GrpcLogAppender (GrpcLogAppender.java:installSnapshot(549)) - omNode-1@group-523986131536->omNode-2-GrpcLogAppender: send omNode-1->omNode-2#0-t6,notify:(t:6, i:59)
2022-10-04 13:26:30,098 [omNode-2-server-thread1] INFO  server.RaftServer$Division (RaftServerImpl.java:checkInconsistentAppendEntries(1402)) - omNode-2@group-523986131536: Failed appendEntries as snapshot (59) installation is in progress
2022-10-04 13:26:30,099 [omNode-2-server-thread1] INFO  server.RaftServer$Division (RaftServerImpl.java:checkInconsistentAppendEntries(1394)) - omNode-2@group-523986131536: inconsistency entries. Reply:omNode-1<-omNode-2#510:FAIL-t6,INCONSISTENCY,nextIndex=57,followerCommit=56
2022-10-04 13:26:30,100 [grpc-default-executor-0] INFO  leader.FollowerInfo (FollowerInfoImpl.java:lambda$new$0(48)) - omNode-1@group-523986131536->omNode-2: nextIndex: updateUnconditionally 57 -> 57
2022-10-04 13:26:30,100 [grpc-default-executor-0] INFO  impl.SnapshotInstallationHandler (SnapshotInstallationHandler.java:installSnapshot(84)) - omNode-2@group-523986131536: receive installSnapshot: omNode-1->omNode-2#0-t6,notify:(t:6, i:59)
2022-10-04 13:26:30,100 [grpc-default-executor-0] INFO  impl.SnapshotInstallationHandler (SnapshotInstallationHandler.java:installSnapshot(95)) - omNode-2@group-523986131536: reply installSnapshot: omNode-1<-omNode-2#0:FAIL-t6,IN_PROGRESS
2022-10-04 13:26:30,100 [grpc-default-executor-0] INFO  server.GrpcServerProtocolService (GrpcServerProtocolService.java:onCompleted(140)) - omNode-2: Completed INSTALL_SNAPSHOT, lastRequest: omNode-1->omNode-2#0-t6,notify:(t:6, i:59)
2022-10-04 13:26:30,101 [grpc-default-executor-0] INFO  server.GrpcLogAppender (GrpcLogAppender.java:onNext(403)) - omNode-1@group-523986131536->omNode-2-InstallSnapshotResponseHandler: received a reply omNode-1<-omNode-2#0:FAIL-t6,IN_PROGRESS
2022-10-04 13:26:30,101 [grpc-default-executor-0] INFO  server.GrpcLogAppender (GrpcLogAppender.java:onNext(421)) - omNode-1@group-523986131536->omNode-2-InstallSnapshotResponseHandler: InstallSnapshot in progress.
2022-10-04 13:26:30,102 [omNode-2-server-thread1] INFO  server.RaftServer$Division (RaftServerImpl.java:checkInconsistentAppendEntries(1402)) - omNode-2@group-523986131536: Failed appendEntries as snapshot (59) installation is in progress
2022-10-04 13:26:30,102 [omNode-2-server-thread1] INFO  server.RaftServer$Division (RaftServerImpl.java:checkInconsistentAppendEntries(1394)) - omNode-2@group-523986131536: inconsistency entries. Reply:omNode-1<-omNode-2#511:FAIL-t6,INCONSISTENCY,nextIndex=57,followerCommit=56
2022-10-04 13:26:30,102 [grpc-default-executor-0] INFO  leader.FollowerInfo (FollowerInfoImpl.java:lambda$new$0(48)) - omNode-1@group-523986131536->omNode-2: nextIndex: updateUnconditionally 57 -> 57
2022-10-04 13:26:30,103 [omNode-1@group-523986131536->omNode-2-GrpcLogAppender-LogAppenderDaemon] INFO  server.GrpcLogAppender (GrpcLogAppender.java:installSnapshot(541)) - omNode-1@group-523986131536->omNode-2-GrpcLogAppender: followerNextIndex = 57 but logStartIndex = 59, notify follower to install snapshot-(t:6, i:59)
2022-10-04 13:26:30,103 [omNode-1@group-523986131536->omNode-2-GrpcLogAppender-LogAppenderDaemon] INFO  server.GrpcLogAppender (GrpcLogAppender.java:installSnapshot(549)) - omNode-1@group-523986131536->omNode-2-GrpcLogAppender: send omNode-1->omNode-2#0-t6,notify:(t:6, i:59)
2022-10-04 13:26:30,105 [grpc-default-executor-0] INFO  impl.SnapshotInstallationHandler (SnapshotInstallationHandler.java:installSnapshot(84)) - omNode-2@group-523986131536: receive installSnapshot: omNode-1->omNode-2#0-t6,notify:(t:6, i:59)
2022-10-04 13:26:30,106 [grpc-default-executor-0] INFO  impl.SnapshotInstallationHandler (SnapshotInstallationHandler.java:installSnapshot(95)) - omNode-2@group-523986131536: reply installSnapshot: omNode-1<-omNode-2#0:FAIL-t6,IN_PROGRESS
2022-10-04 13:26:30,107 [grpc-default-executor-0] INFO  server.GrpcServerProtocolService (GrpcServerProtocolService.java:onCompleted(140)) - omNode-2: Completed INSTALL_SNAPSHOT, lastRequest: omNode-1->omNode-2#0-t6,notify:(t:6, i:59)
2022-10-04 13:26:30,107 [grpc-default-executor-0] INFO  server.GrpcLogAppender (GrpcLogAppender.java:onNext(403)) - omNode-1@group-523986131536->omNode-2-InstallSnapshotResponseHandler: received a reply omNode-1<-omNode-2#0:FAIL-t6,IN_PROGRESS
2022-10-04 13:26:30,107 [grpc-default-executor-0] INFO  server.GrpcLogAppender (GrpcLogAppender.java:onNext(421)) - omNode-1@group-523986131536->omNode-2-InstallSnapshotResponseHandler: InstallSnapshot in progress.
2022-10-04 13:26:30,108 [omNode-1@group-523986131536->omNode-2-GrpcLogAppender-LogAppenderDaemon] INFO  server.GrpcLogAppender (GrpcLogAppender.java:installSnapshot(541)) - omNode-1@group-523986131536->omNode-2-GrpcLogAppender: followerNextIndex = 57 but logStartIndex = 59, notify follower to install snapshot-(t:6, i:59)
2022-10-04 13:26:30,108 [omNode-1@group-523986131536->omNode-2-GrpcLogAppender-LogAppenderDaemon] INFO  server.GrpcLogAppender (GrpcLogAppender.java:installSnapshot(549)) - omNode-1@group-523986131536->omNode-2-GrpcLogAppender: send omNode-1->omNode-2#0-t6,notify:(t:6, i:59)
2022-10-04 13:26:30,111 [omNode-2-server-thread1] INFO  server.RaftServer$Division (RaftServerImpl.java:checkInconsistentAppendEntries(1402)) - omNode-2@group-523986131536: Failed appendEntries as snapshot (59) installation is in progress
2022-10-04 13:26:30,111 [omNode-2-server-thread1] INFO  server.RaftServer$Division (RaftServerImpl.java:checkInconsistentAppendEntries(1394)) - omNode-2@group-523986131536: inconsistency entries. Reply:omNode-1<-omNode-2#512:FAIL-t6,INCONSISTENCY,nextIndex=57,followerCommit=56
2022-10-04 13:26:30,112 [grpc-default-executor-0] INFO  impl.SnapshotInstallationHandler (SnapshotInstallationHandler.java:installSnapshot(84)) - omNode-2@group-523986131536: receive installSnapshot: omNode-1->omNode-2#0-t6,notify:(t:6, i:59)
2022-10-04 13:26:30,112 [grpc-default-executor-0] INFO  impl.SnapshotInstallationHandler (SnapshotInstallationHandler.java:installSnapshot(95)) - omNode-2@group-523986131536: reply installSnapshot: omNode-1<-omNode-2#0:FAIL-t6,IN_PROGRESS
2022-10-04 13:26:30,112 [grpc-default-executor-0] INFO  server.GrpcServerProtocolService (GrpcServerProtocolService.java:onCompleted(140)) - omNode-2: Completed INSTALL_SNAPSHOT, lastRequest: omNode-1->omNode-2#0-t6,notify:(t:6, i:59)
2022-10-04 13:26:30,113 [grpc-default-executor-0] INFO  leader.FollowerInfo (FollowerInfoImpl.java:lambda$new$0(48)) - omNode-1@group-523986131536->omNode-2: nextIndex: updateUnconditionally 57 -> 57
2022-10-04 13:26:30,113 [grpc-default-executor-1] INFO  server.GrpcLogAppender (GrpcLogAppender.java:onNext(403)) - omNode-1@group-523986131536->omNode-2-InstallSnapshotResponseHandler: received a reply omNode-1<-omNode-2#0:FAIL-t6,IN_PROGRESS
2022-10-04 13:26:30,113 [grpc-default-executor-1] INFO  server.GrpcLogAppender (GrpcLogAppender.java:onNext(421)) - omNode-1@group-523986131536->omNode-2-InstallSnapshotResponseHandler: InstallSnapshot in progress.
2022-10-04 13:26:30,114 [omNode-1@group-523986131536->omNode-2-GrpcLogAppender-LogAppenderDaemon] INFO  server.GrpcLogAppender (GrpcLogAppender.java:installSnapshot(541)) - omNode-1@group-523986131536->omNode-2-GrpcLogAppender: followerNextIndex = 57 but logStartIndex = 59, notify follower to install snapshot-(t:6, i:59)
2022-10-04 13:26:30,114 [omNode-1@group-523986131536->omNode-2-GrpcLogAppender-LogAppenderDaemon] INFO  server.GrpcLogAppender (GrpcLogAppender.java:installSnapshot(549)) - omNode-1@group-523986131536->omNode-2-GrpcLogAppender: send omNode-1->omNode-2#0-t6,notify:(t:6, i:59)
2022-10-04 13:26:30,114 [omNode-2-server-thread1] INFO  server.RaftServer$Division (RaftServerImpl.java:checkInconsistentAppendEntries(1402)) - omNode-2@group-523986131536: Failed appendEntries as snapshot (59) installation is in progress
2022-10-04 13:26:30,114 [omNode-2-server-thread1] INFO  server.RaftServer$Division (RaftServerImpl.java:checkInconsistentAppendEntries(1394)) - omNode-2@group-523986131536: inconsistency entries. Reply:omNode-1<-omNode-2#513:FAIL-t6,INCONSISTENCY,nextIndex=57,followerCommit=56
2022-10-04 13:26:30,115 [grpc-default-executor-1] INFO  leader.FollowerInfo (FollowerInfoImpl.java:lambda$new$0(48)) - omNode-1@group-523986131536->omNode-2: nextIndex: updateUnconditionally 57 -> 57
2022-10-04 13:26:30,118 [grpc-default-executor-2] INFO  impl.SnapshotInstallationHandler (SnapshotInstallationHandler.java:installSnapshot(84)) - omNode-2@group-523986131536: receive installSnapshot: omNode-1->omNode-2#0-t6,notify:(t:6, i:59)
2022-10-04 13:26:30,118 [grpc-default-executor-2] INFO  impl.SnapshotInstallationHandler (SnapshotInstallationHandler.java:installSnapshot(95)) - omNode-2@group-523986131536: reply installSnapshot: omNode-1<-omNode-2#0:FAIL-t6,IN_PROGRESS
2022-10-04 13:26:30,118 [grpc-default-executor-2] INFO  server.GrpcServerProtocolService (GrpcServerProtocolService.java:onCompleted(140)) - omNode-2: Completed INSTALL_SNAPSHOT, lastRequest: omNode-1->omNode-2#0-t6,notify:(t:6, i:59)
2022-10-04 13:26:30,119 [grpc-default-executor-2] INFO  server.GrpcLogAppender (GrpcLogAppender.java:onNext(403)) - omNode-1@group-523986131536->omNode-2-InstallSnapshotResponseHandler: received a reply omNode-1<-omNode-2#0:FAIL-t6,IN_PROGRESS
2022-10-04 13:26:30,119 [grpc-default-executor-2] INFO  server.GrpcLogAppender (GrpcLogAppender.java:onNext(421)) - omNode-1@group-523986131536->omNode-2-InstallSnapshotResponseHandler: InstallSnapshot in progress.
2022-10-04 13:26:30,120 [omNode-1@group-523986131536->omNode-2-GrpcLogAppender-LogAppenderDaemon] INFO  server.GrpcLogAppender (GrpcLogAppender.java:installSnapshot(541)) - omNode-1@group-523986131536->omNode-2-GrpcLogAppender: followerNextIndex = 57 but logStartIndex = 59, notify follower to install snapshot-(t:6, i:59)
2022-10-04 13:26:30,120 [omNode-1@group-523986131536->omNode-2-GrpcLogAppender-LogAppenderDaemon] INFO  server.GrpcLogAppender (GrpcLogAppender.java:installSnapshot(549)) - omNode-1@group-523986131536->omNode-2-GrpcLogAppender: send omNode-1->omNode-2#0-t6,notify:(t:6, i:59)
2022-10-04 13:26:30,121 [omNode-2-server-thread1] INFO  server.RaftServer$Division (RaftServerImpl.java:checkInconsistentAppendEntries(1402)) - omNode-2@group-523986131536: Failed appendEntries as snapshot (59) installation is in progress
2022-10-04 13:26:30,122 [omNode-2-server-thread1] INFO  server.RaftServer$Division (RaftServerImpl.java:checkInconsistentAppendEntries(1394)) - omNode-2@group-523986131536: inconsistency entries. Reply:omNode-1<-omNode-2#514:FAIL-t6,INCONSISTENCY,nextIndex=57,followerCommit=56
2022-10-04 13:26:30,122 [grpc-default-executor-2] INFO  impl.SnapshotInstallationHandler (SnapshotInstallationHandler.java:installSnapshot(84)) - omNode-2@group-523986131536: receive installSnapshot: omNode-1->omNode-2#0-t6,notify:(t:6, i:59)
2022-10-04 13:26:30,122 [grpc-default-executor-2] INFO  impl.SnapshotInstallationHandler (SnapshotInstallationHandler.java:installSnapshot(95)) - omNode-2@group-523986131536: reply installSnapshot: omNode-1<-omNode-2#0:FAIL-t6,IN_PROGRESS
2022-10-04 13:26:30,122 [grpc-default-executor-2] INFO  server.GrpcServerProtocolService (GrpcServerProtocolService.java:onCompleted(140)) - omNode-2: Completed INSTALL_SNAPSHOT, lastRequest: omNode-1->omNode-2#0-t6,notify:(t:6, i:59)
2022-10-04 13:26:30,123 [grpc-default-executor-1] INFO  leader.FollowerInfo (FollowerInfoImpl.java:lambda$new$0(48)) - omNode-1@group-523986131536->omNode-2: nextIndex: updateUnconditionally 57 -> 57
2022-10-04 13:26:30,123 [grpc-default-executor-2] INFO  server.GrpcLogAppender (GrpcLogAppender.java:onNext(403)) - omNode-1@group-523986131536->omNode-2-InstallSnapshotResponseHandler: received a reply omNode-1<-omNode-2#0:FAIL-t6,IN_PROGRESS
2022-10-04 13:26:30,123 [grpc-default-executor-2] INFO  server.GrpcLogAppender (GrpcLogAppender.java:onNext(421)) - omNode-1@group-523986131536->omNode-2-InstallSnapshotResponseHandler: InstallSnapshot in progress.
2022-10-04 13:26:30,124 [omNode-1@group-523986131536->omNode-2-GrpcLogAppender-LogAppenderDaemon] INFO  server.GrpcLogAppender (GrpcLogAppender.java:installSnapshot(541)) - omNode-1@group-523986131536->omNode-2-GrpcLogAppender: followerNextIndex = 57 but logStartIndex = 59, notify follower to install snapshot-(t:6, i:59)
2022-10-04 13:26:30,124 [omNode-1@group-523986131536->omNode-2-GrpcLogAppender-LogAppenderDaemon] INFO  server.GrpcLogAppender (GrpcLogAppender.java:installSnapshot(549)) - omNode-1@group-523986131536->omNode-2-GrpcLogAppender: send omNode-1->omNode-2#0-t6,notify:(t:6, i:59)
2022-10-04 13:26:30,138 [omNode-2-server-thread1] INFO  server.RaftServer$Division (RaftServerImpl.java:checkInconsistentAppendEntries(1402)) - omNode-2@group-523986131536: Failed appendEntries as snapshot (59) installation is in progress
2022-10-04 13:26:30,138 [omNode-2-server-thread1] INFO  server.RaftServer$Division (RaftServerImpl.java:checkInconsistentAppendEntries(1394)) - omNode-2@group-523986131536: inconsistency entries. Reply:omNode-1<-omNode-2#515:FAIL-t6,INCONSISTENCY,nextIndex=57,followerCommit=56
2022-10-04 13:26:30,141 [grpc-default-executor-1] INFO  impl.SnapshotInstallationHandler (SnapshotInstallationHandler.java:installSnapshot(84)) - omNode-2@group-523986131536: receive installSnapshot: omNode-1->omNode-2#0-t6,notify:(t:6, i:59)
2022-10-04 13:26:30,142 [grpc-default-executor-1] INFO  impl.SnapshotInstallationHandler (SnapshotInstallationHandler.java:installSnapshot(95)) - omNode-2@group-523986131536: reply installSnapshot: omNode-1<-omNode-2#0:FAIL-t6,IN_PROGRESS
2022-10-04 13:26:30,142 [grpc-default-executor-1] INFO  server.GrpcServerProtocolService (GrpcServerProtocolService.java:onCompleted(140)) - omNode-2: Completed INSTALL_SNAPSHOT, lastRequest: omNode-1->omNode-2#0-t6,notify:(t:6, i:59)
2022-10-04 13:26:30,143 [grpc-default-executor-0] INFO  leader.FollowerInfo (FollowerInfoImpl.java:lambda$new$0(48)) - omNode-1@group-523986131536->omNode-2: nextIndex: updateUnconditionally 57 -> 57
2022-10-04 13:26:30,146 [grpc-default-executor-0] INFO  server.GrpcLogAppender (GrpcLogAppender.java:onNext(403)) - omNode-1@group-523986131536->omNode-2-InstallSnapshotResponseHandler: received a reply omNode-1<-omNode-2#0:FAIL-t6,IN_PROGRESS
2022-10-04 13:26:30,146 [grpc-default-executor-0] INFO  server.GrpcLogAppender (GrpcLogAppender.java:onNext(421)) - omNode-1@group-523986131536->omNode-2-InstallSnapshotResponseHandler: InstallSnapshot in progress.
2022-10-04 13:26:30,146 [omNode-1@group-523986131536->omNode-2-GrpcLogAppender-LogAppenderDaemon] INFO  server.GrpcLogAppender (GrpcLogAppender.java:installSnapshot(541)) - omNode-1@group-523986131536->omNode-2-GrpcLogAppender: followerNextIndex = 57 but logStartIndex = 59, notify follower to install snapshot-(t:6, i:59)
2022-10-04 13:26:30,146 [omNode-1@group-523986131536->omNode-2-GrpcLogAppender-LogAppenderDaemon] INFO  server.GrpcLogAppender (GrpcLogAppender.java:installSnapshot(549)) - omNode-1@group-523986131536->omNode-2-GrpcLogAppender: send omNode-1->omNode-2#0-t6,notify:(t:6, i:59)
2022-10-04 13:26:30,146 [omNode-2-server-thread1] INFO  server.RaftServer$Division (RaftServerImpl.java:checkInconsistentAppendEntries(1402)) - omNode-2@group-523986131536: Failed appendEntries as snapshot (59) installation is in progress
2022-10-04 13:26:30,147 [omNode-2-server-thread1] INFO  server.RaftServer$Division (RaftServerImpl.java:checkInconsistentAppendEntries(1394)) - omNode-2@group-523986131536: inconsistency entries. Reply:omNode-1<-omNode-2#516:FAIL-t6,INCONSISTENCY,nextIndex=57,followerCommit=56
2022-10-04 13:26:30,148 [grpc-default-executor-0] INFO  leader.FollowerInfo (FollowerInfoImpl.java:lambda$new$0(48)) - omNode-1@group-523986131536->omNode-2: nextIndex: updateUnconditionally 57 -> 57
2022-10-04 13:26:30,148 [grpc-default-executor-0] INFO  impl.SnapshotInstallationHandler (SnapshotInstallationHandler.java:installSnapshot(84)) - omNode-2@group-523986131536: receive installSnapshot: omNode-1->omNode-2#0-t6,notify:(t:6, i:59)
2022-10-04 13:26:30,148 [grpc-default-executor-0] INFO  impl.SnapshotInstallationHandler (SnapshotInstallationHandler.java:installSnapshot(95)) - omNode-2@group-523986131536: reply installSnapshot: omNode-1<-omNode-2#0:FAIL-t6,IN_PROGRESS
2022-10-04 13:26:30,148 [grpc-default-executor-0] INFO  server.GrpcServerProtocolService (GrpcServerProtocolService.java:onCompleted(140)) - omNode-2: Completed INSTALL_SNAPSHOT, lastRequest: omNode-1->omNode-2#0-t6,notify:(t:6, i:59)
2022-10-04 13:26:30,151 [grpc-default-executor-0] INFO  server.GrpcLogAppender (GrpcLogAppender.java:onNext(403)) - omNode-1@group-523986131536->omNode-2-InstallSnapshotResponseHandler: received a reply omNode-1<-omNode-2#0:FAIL-t6,IN_PROGRESS
2022-10-04 13:26:30,151 [grpc-default-executor-0] INFO  server.GrpcLogAppender (GrpcLogAppender.java:onNext(421)) - omNode-1@group-523986131536->omNode-2-InstallSnapshotResponseHandler: InstallSnapshot in progress.
2022-10-04 13:26:30,151 [omNode-1@group-523986131536->omNode-2-GrpcLogAppender-LogAppenderDaemon] INFO  server.GrpcLogAppender (GrpcLogAppender.java:installSnapshot(541)) - omNode-1@group-523986131536->omNode-2-GrpcLogAppender: followerNextIndex = 57 but logStartIndex = 59, notify follower to install snapshot-(t:6, i:59)
2022-10-04 13:26:30,152 [omNode-1@group-523986131536->omNode-2-GrpcLogAppender-LogAppenderDaemon] INFO  server.GrpcLogAppender (GrpcLogAppender.java:installSnapshot(549)) - omNode-1@group-523986131536->omNode-2-GrpcLogAppender: send omNode-1->omNode-2#0-t6,notify:(t:6, i:59)
2022-10-04 13:26:30,155 [omNode-2-server-thread1] INFO  server.RaftServer$Division (RaftServerImpl.java:checkInconsistentAppendEntries(1402)) - omNode-2@group-523986131536: Failed appendEntries as snapshot (59) installation is in progress
2022-10-04 13:26:30,155 [omNode-2-server-thread1] INFO  server.RaftServer$Division (RaftServerImpl.java:checkInconsistentAppendEntries(1394)) - omNode-2@group-523986131536: inconsistency entries. Reply:omNode-1<-omNode-2#517:FAIL-t6,INCONSISTENCY,nextIndex=57,followerCommit=56
2022-10-04 13:26:30,155 [grpc-default-executor-0] INFO  leader.FollowerInfo (FollowerInfoImpl.java:lambda$new$0(48)) - omNode-1@group-523986131536->omNode-2: nextIndex: updateUnconditionally 57 -> 57
2022-10-04 13:26:30,156 [grpc-default-executor-2] INFO  impl.SnapshotInstallationHandler (SnapshotInstallationHandler.java:installSnapshot(84)) - omNode-2@group-523986131536: receive installSnapshot: omNode-1->omNode-2#0-t6,notify:(t:6, i:59)
2022-10-04 13:26:30,156 [grpc-default-executor-2] INFO  impl.SnapshotInstallationHandler (SnapshotInstallationHandler.java:installSnapshot(95)) - omNode-2@group-523986131536: reply installSnapshot: omNode-1<-omNode-2#0:FAIL-t6,IN_PROGRESS
2022-10-04 13:26:30,156 [grpc-default-executor-2] INFO  server.GrpcServerProtocolService (GrpcServerProtocolService.java:onCompleted(140)) - omNode-2: Completed INSTALL_SNAPSHOT, lastRequest: omNode-1->omNode-2#0-t6,notify:(t:6, i:59)
2022-10-04 13:26:30,157 [grpc-default-executor-0] INFO  server.GrpcLogAppender (GrpcLogAppender.java:onNext(403)) - omNode-1@group-523986131536->omNode-2-InstallSnapshotResponseHandler: received a reply omNode-1<-omNode-2#0:FAIL-t6,IN_PROGRESS
2022-10-04 13:26:30,157 [grpc-default-executor-0] INFO  server.GrpcLogAppender (GrpcLogAppender.java:onNext(421)) - omNode-1@group-523986131536->omNode-2-InstallSnapshotResponseHandler: InstallSnapshot in progress.
2022-10-04 13:26:30,157 [omNode-1@group-523986131536->omNode-2-GrpcLogAppender-LogAppenderDaemon] INFO  server.GrpcLogAppender (GrpcLogAppender.java:installSnapshot(541)) - omNode-1@group-523986131536->omNode-2-GrpcLogAppender: followerNextIndex = 57 but logStartIndex = 59, notify follower to install snapshot-(t:6, i:59)
2022-10-04 13:26:30,158 [omNode-1@group-523986131536->omNode-2-GrpcLogAppender-LogAppenderDaemon] INFO  server.GrpcLogAppender (GrpcLogAppender.java:installSnapshot(549)) - omNode-1@group-523986131536->omNode-2-GrpcLogAppender: send omNode-1->omNode-2#0-t6,notify:(t:6, i:59)
2022-10-04 13:26:30,159 [grpc-default-executor-1] INFO  impl.SnapshotInstallationHandler (SnapshotInstallationHandler.java:installSnapshot(84)) - omNode-2@group-523986131536: receive installSnapshot: omNode-1->omNode-2#0-t6,notify:(t:6, i:59)
2022-10-04 13:26:30,159 [grpc-default-executor-1] INFO  impl.SnapshotInstallationHandler (SnapshotInstallationHandler.java:installSnapshot(95)) - omNode-2@group-523986131536: reply installSnapshot: omNode-1<-omNode-2#0:FAIL-t6,IN_PROGRESS
2022-10-04 13:26:30,159 [grpc-default-executor-1] INFO  server.GrpcServerProtocolService (GrpcServerProtocolService.java:onCompleted(140)) - omNode-2: Completed INSTALL_SNAPSHOT, lastRequest: omNode-1->omNode-2#0-t6,notify:(t:6, i:59)
2022-10-04 13:26:30,159 [omNode-2-server-thread1] INFO  server.RaftServer$Division (RaftServerImpl.java:checkInconsistentAppendEntries(1402)) - omNode-2@group-523986131536: Failed appendEntries as snapshot (59) installation is in progress
2022-10-04 13:26:30,160 [omNode-2-server-thread1] INFO  server.RaftServer$Division (RaftServerImpl.java:checkInconsistentAppendEntries(1394)) - omNode-2@group-523986131536: inconsistency entries. Reply:omNode-1<-omNode-2#518:FAIL-t6,INCONSISTENCY,nextIndex=57,followerCommit=56
2022-10-04 13:26:30,160 [grpc-default-executor-2] INFO  server.GrpcLogAppender (GrpcLogAppender.java:onNext(403)) - omNode-1@group-523986131536->omNode-2-InstallSnapshotResponseHandler: received a reply omNode-1<-omNode-2#0:FAIL-t6,IN_PROGRESS
2022-10-04 13:26:30,160 [grpc-default-executor-2] INFO  server.GrpcLogAppender (GrpcLogAppender.java:onNext(421)) - omNode-1@group-523986131536->omNode-2-InstallSnapshotResponseHandler: InstallSnapshot in progress.
2022-10-04 13:26:30,160 [omNode-1@group-523986131536->omNode-2-GrpcLogAppender-LogAppenderDaemon] INFO  server.GrpcLogAppender (GrpcLogAppender.java:installSnapshot(541)) - omNode-1@group-523986131536->omNode-2-GrpcLogAppender: followerNextIndex = 57 but logStartIndex = 59, notify follower to install snapshot-(t:6, i:59)
2022-10-04 13:26:30,160 [omNode-1@group-523986131536->omNode-2-GrpcLogAppender-LogAppenderDaemon] INFO  server.GrpcLogAppender (GrpcLogAppender.java:installSnapshot(549)) - omNode-1@group-523986131536->omNode-2-GrpcLogAppender: send omNode-1->omNode-2#0-t6,notify:(t:6, i:59)
2022-10-04 13:26:30,160 [grpc-default-executor-2] INFO  leader.FollowerInfo (FollowerInfoImpl.java:lambda$new$0(48)) - omNode-1@group-523986131536->omNode-2: nextIndex: updateUnconditionally 57 -> 57
2022-10-04 13:26:30,160 [omNode-2-server-thread1] INFO  server.RaftServer$Division (RaftServerImpl.java:checkInconsistentAppendEntries(1402)) - omNode-2@group-523986131536: Failed appendEntries as snapshot (59) installation is in progress
2022-10-04 13:26:30,161 [omNode-2-server-thread1] INFO  server.RaftServer$Division (RaftServerImpl.java:checkInconsistentAppendEntries(1394)) - omNode-2@group-523986131536: inconsistency entries. Reply:omNode-1<-omNode-2#519:FAIL-t6,INCONSISTENCY,nextIndex=57,followerCommit=56
2022-10-04 13:26:30,161 [grpc-default-executor-1] INFO  impl.SnapshotInstallationHandler (SnapshotInstallationHandler.java:installSnapshot(84)) - omNode-2@group-523986131536: receive installSnapshot: omNode-1->omNode-2#0-t6,notify:(t:6, i:59)
2022-10-04 13:26:30,162 [grpc-default-executor-1] INFO  impl.SnapshotInstallationHandler (SnapshotInstallationHandler.java:installSnapshot(95)) - omNode-2@group-523986131536: reply installSnapshot: omNode-1<-omNode-2#0:FAIL-t6,IN_PROGRESS
2022-10-04 13:26:30,162 [grpc-default-executor-1] INFO  server.GrpcServerProtocolService (GrpcServerProtocolService.java:onCompleted(140)) - omNode-2: Completed INSTALL_SNAPSHOT, lastRequest: omNode-1->omNode-2#0-t6,notify:(t:6, i:59)
2022-10-04 13:26:30,162 [grpc-default-executor-2] INFO  leader.FollowerInfo (FollowerInfoImpl.java:lambda$new$0(48)) - omNode-1@group-523986131536->omNode-2: nextIndex: updateUnconditionally 57 -> 57
2022-10-04 13:26:30,164 [grpc-default-executor-2] INFO  server.GrpcLogAppender (GrpcLogAppender.java:onNext(403)) - omNode-1@group-523986131536->omNode-2-InstallSnapshotResponseHandler: received a reply omNode-1<-omNode-2#0:FAIL-t6,IN_PROGRESS
2022-10-04 13:26:30,164 [grpc-default-executor-2] INFO  server.GrpcLogAppender (GrpcLogAppender.java:onNext(421)) - omNode-1@group-523986131536->omNode-2-InstallSnapshotResponseHandler: InstallSnapshot in progress.
2022-10-04 13:26:30,164 [omNode-1@group-523986131536->omNode-2-GrpcLogAppender-LogAppenderDaemon] INFO  server.GrpcLogAppender (GrpcLogAppender.java:installSnapshot(541)) - omNode-1@group-523986131536->omNode-2-GrpcLogAppender: followerNextIndex = 57 but logStartIndex = 59, notify follower to install snapshot-(t:6, i:59)
2022-10-04 13:26:30,164 [omNode-1@group-523986131536->omNode-2-GrpcLogAppender-LogAppenderDaemon] INFO  server.GrpcLogAppender (GrpcLogAppender.java:installSnapshot(549)) - omNode-1@group-523986131536->omNode-2-GrpcLogAppender: send omNode-1->omNode-2#0-t6,notify:(t:6, i:59)
2022-10-04 13:26:30,165 [omNode-2-server-thread1] INFO  server.RaftServer$Division (RaftServerImpl.java:checkInconsistentAppendEntries(1402)) - omNode-2@group-523986131536: Failed appendEntries as snapshot (59) installation is in progress
2022-10-04 13:26:30,165 [omNode-2-server-thread1] INFO  server.RaftServer$Division (RaftServerImpl.java:checkInconsistentAppendEntries(1394)) - omNode-2@group-523986131536: inconsistency entries. Reply:omNode-1<-omNode-2#520:FAIL-t6,INCONSISTENCY,nextIndex=57,followerCommit=56
2022-10-04 13:26:30,165 [grpc-default-executor-2] INFO  impl.SnapshotInstallationHandler (SnapshotInstallationHandler.java:installSnapshot(84)) - omNode-2@group-523986131536: receive installSnapshot: omNode-1->omNode-2#0-t6,notify:(t:6, i:59)
2022-10-04 13:26:30,166 [grpc-default-executor-2] INFO  impl.SnapshotInstallationHandler (SnapshotInstallationHandler.java:installSnapshot(95)) - omNode-2@group-523986131536: reply installSnapshot: omNode-1<-omNode-2#0:FAIL-t6,IN_PROGRESS
2022-10-04 13:26:30,166 [grpc-default-executor-2] INFO  server.GrpcServerProtocolService (GrpcServerProtocolService.java:onCompleted(140)) - omNode-2: Completed INSTALL_SNAPSHOT, lastRequest: omNode-1->omNode-2#0-t6,notify:(t:6, i:59)
2022-10-04 13:26:30,167 [grpc-default-executor-1] INFO  leader.FollowerInfo (FollowerInfoImpl.java:lambda$new$0(48)) - omNode-1@group-523986131536->omNode-2: nextIndex: updateUnconditionally 57 -> 57
2022-10-04 13:26:30,167 [grpc-default-executor-2] INFO  server.GrpcLogAppender (GrpcLogAppender.java:onNext(403)) - omNode-1@group-523986131536->omNode-2-InstallSnapshotResponseHandler: received a reply omNode-1<-omNode-2#0:FAIL-t6,IN_PROGRESS
2022-10-04 13:26:30,167 [grpc-default-executor-2] INFO  server.GrpcLogAppender (GrpcLogAppender.java:onNext(421)) - omNode-1@group-523986131536->omNode-2-InstallSnapshotResponseHandler: InstallSnapshot in progress.
2022-10-04 13:26:30,167 [omNode-1@group-523986131536->omNode-2-GrpcLogAppender-LogAppenderDaemon] INFO  server.GrpcLogAppender (GrpcLogAppender.java:installSnapshot(541)) - omNode-1@group-523986131536->omNode-2-GrpcLogAppender: followerNextIndex = 57 but logStartIndex = 59, notify follower to install snapshot-(t:6, i:59)
2022-10-04 13:26:30,167 [omNode-1@group-523986131536->omNode-2-GrpcLogAppender-LogAppenderDaemon] INFO  server.GrpcLogAppender (GrpcLogAppender.java:installSnapshot(549)) - omNode-1@group-523986131536->omNode-2-GrpcLogAppender: send omNode-1->omNode-2#0-t6,notify:(t:6, i:59)
2022-10-04 13:26:30,168 [omNode-2-server-thread1] INFO  server.RaftServer$Division (RaftServerImpl.java:checkInconsistentAppendEntries(1402)) - omNode-2@group-523986131536: Failed appendEntries as snapshot (59) installation is in progress
2022-10-04 13:26:30,168 [omNode-2-server-thread1] INFO  server.RaftServer$Division (RaftServerImpl.java:checkInconsistentAppendEntries(1394)) - omNode-2@group-523986131536: inconsistency entries. Reply:omNode-1<-omNode-2#521:FAIL-t6,INCONSISTENCY,nextIndex=57,followerCommit=56
2022-10-04 13:26:30,169 [grpc-default-executor-1] INFO  impl.SnapshotInstallationHandler (SnapshotInstallationHandler.java:installSnapshot(84)) - omNode-2@group-523986131536: receive installSnapshot: omNode-1->omNode-2#0-t6,notify:(t:6, i:59)
2022-10-04 13:26:30,169 [grpc-default-executor-1] INFO  impl.SnapshotInstallationHandler (SnapshotInstallationHandler.java:installSnapshot(95)) - omNode-2@group-523986131536: reply installSnapshot: omNode-1<-omNode-2#0:FAIL-t6,IN_PROGRESS
2022-10-04 13:26:30,169 [grpc-default-executor-1] INFO  server.GrpcServerProtocolService (GrpcServerProtocolService.java:onCompleted(140)) - omNode-2: Completed INSTALL_SNAPSHOT, lastRequest: omNode-1->omNode-2#0-t6,notify:(t:6, i:59)
2022-10-04 13:26:30,172 [grpc-default-executor-3] INFO  leader.FollowerInfo (FollowerInfoImpl.java:lambda$new$0(48)) - omNode-1@group-523986131536->omNode-2: nextIndex: updateUnconditionally 57 -> 57
2022-10-04 13:26:30,172 [grpc-default-executor-3] INFO  server.GrpcLogAppender (GrpcLogAppender.java:onNext(403)) - omNode-1@group-523986131536->omNode-2-InstallSnapshotResponseHandler: received a reply omNode-1<-omNode-2#0:FAIL-t6,IN_PROGRESS
2022-10-04 13:26:30,172 [grpc-default-executor-3] INFO  server.GrpcLogAppender (GrpcLogAppender.java:onNext(421)) - omNode-1@group-523986131536->omNode-2-InstallSnapshotResponseHandler: InstallSnapshot in progress.
2022-10-04 13:26:30,173 [omNode-1@group-523986131536->omNode-2-GrpcLogAppender-LogAppenderDaemon] INFO  server.GrpcLogAppender (GrpcLogAppender.java:installSnapshot(541)) - omNode-1@group-523986131536->omNode-2-GrpcLogAppender: followerNextIndex = 57 but logStartIndex = 59, notify follower to install snapshot-(t:6, i:59)
2022-10-04 13:26:30,173 [omNode-1@group-523986131536->omNode-2-GrpcLogAppender-LogAppenderDaemon] INFO  server.GrpcLogAppender (GrpcLogAppender.java:installSnapshot(549)) - omNode-1@group-523986131536->omNode-2-GrpcLogAppender: send omNode-1->omNode-2#0-t6,notify:(t:6, i:59)
2022-10-04 13:26:30,178 [omNode-2-server-thread1] INFO  server.RaftServer$Division (RaftServerImpl.java:checkInconsistentAppendEntries(1402)) - omNode-2@group-523986131536: Failed appendEntries as snapshot (59) installation is in progress
2022-10-04 13:26:30,178 [omNode-2-server-thread1] INFO  server.RaftServer$Division (RaftServerImpl.java:checkInconsistentAppendEntries(1394)) - omNode-2@group-523986131536: inconsistency entries. Reply:omNode-1<-omNode-2#522:FAIL-t6,INCONSISTENCY,nextIndex=57,followerCommit=56
2022-10-04 13:26:30,180 [grpc-default-executor-1] INFO  impl.SnapshotInstallationHandler (SnapshotInstallationHandler.java:installSnapshot(84)) - omNode-2@group-523986131536: receive installSnapshot: omNode-1->omNode-2#0-t6,notify:(t:6, i:59)
2022-10-04 13:26:30,180 [grpc-default-executor-1] INFO  impl.SnapshotInstallationHandler (SnapshotInstallationHandler.java:installSnapshot(95)) - omNode-2@group-523986131536: reply installSnapshot: omNode-1<-omNode-2#0:FAIL-t6,IN_PROGRESS
2022-10-04 13:26:30,180 [grpc-default-executor-1] INFO  server.GrpcServerProtocolService (GrpcServerProtocolService.java:onCompleted(140)) - omNode-2: Completed INSTALL_SNAPSHOT, lastRequest: omNode-1->omNode-2#0-t6,notify:(t:6, i:59)
2022-10-04 13:26:30,180 [grpc-default-executor-3] INFO  leader.FollowerInfo (FollowerInfoImpl.java:lambda$new$0(48)) - omNode-1@group-523986131536->omNode-2: nextIndex: updateUnconditionally 57 -> 57
2022-10-04 13:26:30,181 [grpc-default-executor-3] INFO  server.GrpcLogAppender (GrpcLogAppender.java:onNext(403)) - omNode-1@group-523986131536->omNode-2-InstallSnapshotResponseHandler: received a reply omNode-1<-omNode-2#0:FAIL-t6,IN_PROGRESS
2022-10-04 13:26:30,181 [grpc-default-executor-3] INFO  server.GrpcLogAppender (GrpcLogAppender.java:onNext(421)) - omNode-1@group-523986131536->omNode-2-InstallSnapshotResponseHandler: InstallSnapshot in progress.
2022-10-04 13:26:30,181 [omNode-1@group-523986131536->omNode-2-GrpcLogAppender-LogAppenderDaemon] INFO  server.GrpcLogAppender (GrpcLogAppender.java:installSnapshot(541)) - omNode-1@group-523986131536->omNode-2-GrpcLogAppender: followerNextIndex = 57 but logStartIndex = 59, notify follower to install snapshot-(t:6, i:59)
2022-10-04 13:26:30,181 [omNode-1@group-523986131536->omNode-2-GrpcLogAppender-LogAppenderDaemon] INFO  server.GrpcLogAppender (GrpcLogAppender.java:installSnapshot(549)) - omNode-1@group-523986131536->omNode-2-GrpcLogAppender: send omNode-1->omNode-2#0-t6,notify:(t:6, i:59)
2022-10-04 13:26:30,181 [omNode-2-server-thread1] INFO  server.RaftServer$Division (RaftServerImpl.java:checkInconsistentAppendEntries(1402)) - omNode-2@group-523986131536: Failed appendEntries as snapshot (59) installation is in progress
2022-10-04 13:26:30,181 [omNode-2-server-thread1] INFO  server.RaftServer$Division (RaftServerImpl.java:checkInconsistentAppendEntries(1394)) - omNode-2@group-523986131536: inconsistency entries. Reply:omNode-1<-omNode-2#523:FAIL-t6,INCONSISTENCY,nextIndex=57,followerCommit=56
2022-10-04 13:26:30,182 [grpc-default-executor-1] INFO  leader.FollowerInfo (FollowerInfoImpl.java:lambda$new$0(48)) - omNode-1@group-523986131536->omNode-2: nextIndex: updateUnconditionally 57 -> 57
2022-10-04 13:26:30,182 [grpc-default-executor-3] INFO  impl.SnapshotInstallationHandler (SnapshotInstallationHandler.java:installSnapshot(84)) - omNode-2@group-523986131536: receive installSnapshot: omNode-1->omNode-2#0-t6,notify:(t:6, i:59)
2022-10-04 13:26:30,182 [grpc-default-executor-3] INFO  impl.SnapshotInstallationHandler (SnapshotInstallationHandler.java:installSnapshot(95)) - omNode-2@group-523986131536: reply installSnapshot: omNode-1<-omNode-2#0:FAIL-t6,IN_PROGRESS
2022-10-04 13:26:30,182 [grpc-default-executor-3] INFO  server.GrpcServerProtocolService (GrpcServerProtocolService.java:onCompleted(140)) - omNode-2: Completed INSTALL_SNAPSHOT, lastRequest: omNode-1->omNode-2#0-t6,notify:(t:6, i:59)
2022-10-04 13:26:30,183 [grpc-default-executor-1] INFO  server.GrpcLogAppender (GrpcLogAppender.java:onNext(403)) - omNode-1@group-523986131536->omNode-2-InstallSnapshotResponseHandler: received a reply omNode-1<-omNode-2#0:FAIL-t6,IN_PROGRESS
2022-10-04 13:26:30,183 [grpc-default-executor-1] INFO  server.GrpcLogAppender (GrpcLogAppender.java:onNext(421)) - omNode-1@group-523986131536->omNode-2-InstallSnapshotResponseHandler: InstallSnapshot in progress.
2022-10-04 13:26:30,183 [omNode-1@group-523986131536->omNode-2-GrpcLogAppender-LogAppenderDaemon] INFO  server.GrpcLogAppender (GrpcLogAppender.java:installSnapshot(541)) - omNode-1@group-523986131536->omNode-2-GrpcLogAppender: followerNextIndex = 57 but logStartIndex = 59, notify follower to install snapshot-(t:6, i:59)
2022-10-04 13:26:30,183 [omNode-1@group-523986131536->omNode-2-GrpcLogAppender-LogAppenderDaemon] INFO  server.GrpcLogAppender (GrpcLogAppender.java:installSnapshot(549)) - omNode-1@group-523986131536->omNode-2-GrpcLogAppender: send omNode-1->omNode-2#0-t6,notify:(t:6, i:59)
2022-10-04 13:26:30,184 [omNode-2-server-thread1] INFO  server.RaftServer$Division (RaftServerImpl.java:checkInconsistentAppendEntries(1402)) - omNode-2@group-523986131536: Failed appendEntries as snapshot (59) installation is in progress
2022-10-04 13:26:30,184 [omNode-2-server-thread1] INFO  server.RaftServer$Division (RaftServerImpl.java:checkInconsistentAppendEntries(1394)) - omNode-2@group-523986131536: inconsistency entries. Reply:omNode-1<-omNode-2#524:FAIL-t6,INCONSISTENCY,nextIndex=57,followerCommit=56
2022-10-04 13:26:30,184 [grpc-default-executor-3] INFO  impl.SnapshotInstallationHandler (SnapshotInstallationHandler.java:installSnapshot(84)) - omNode-2@group-523986131536: receive installSnapshot: omNode-1->omNode-2#0-t6,notify:(t:6, i:59)
2022-10-04 13:26:30,185 [grpc-default-executor-3] INFO  impl.SnapshotInstallationHandler (SnapshotInstallationHandler.java:installSnapshot(95)) - omNode-2@group-523986131536: reply installSnapshot: omNode-1<-omNode-2#0:FAIL-t6,IN_PROGRESS
2022-10-04 13:26:30,185 [grpc-default-executor-3] INFO  server.GrpcServerProtocolService (GrpcServerProtocolService.java:onCompleted(140)) - omNode-2: Completed INSTALL_SNAPSHOT, lastRequest: omNode-1->omNode-2#0-t6,notify:(t:6, i:59)
2022-10-04 13:26:30,185 [grpc-default-executor-1] INFO  leader.FollowerInfo (FollowerInfoImpl.java:lambda$new$0(48)) - omNode-1@group-523986131536->omNode-2: nextIndex: updateUnconditionally 57 -> 57
2022-10-04 13:26:30,185 [grpc-default-executor-3] INFO  server.GrpcLogAppender (GrpcLogAppender.java:onNext(403)) - omNode-1@group-523986131536->omNode-2-InstallSnapshotResponseHandler: received a reply omNode-1<-omNode-2#0:FAIL-t6,IN_PROGRESS
2022-10-04 13:26:30,185 [grpc-default-executor-3] INFO  server.GrpcLogAppender (GrpcLogAppender.java:onNext(421)) - omNode-1@group-523986131536->omNode-2-InstallSnapshotResponseHandler: InstallSnapshot in progress.
2022-10-04 13:26:30,186 [omNode-1@group-523986131536->omNode-2-GrpcLogAppender-LogAppenderDaemon] INFO  server.GrpcLogAppender (GrpcLogAppender.java:installSnapshot(541)) - omNode-1@group-523986131536->omNode-2-GrpcLogAppender: followerNextIndex = 57 but logStartIndex = 59, notify follower to install snapshot-(t:6, i:59)
2022-10-04 13:26:30,186 [omNode-1@group-523986131536->omNode-2-GrpcLogAppender-LogAppenderDaemon] INFO  server.GrpcLogAppender (GrpcLogAppender.java:installSnapshot(549)) - omNode-1@group-523986131536->omNode-2-GrpcLogAppender: send omNode-1->omNode-2#0-t6,notify:(t:6, i:59)
2022-10-04 13:26:30,188 [omNode-2-server-thread1] INFO  server.RaftServer$Division (RaftServerImpl.java:checkInconsistentAppendEntries(1402)) - omNode-2@group-523986131536: Failed appendEntries as snapshot (59) installation is in progress
2022-10-04 13:26:30,188 [omNode-2-server-thread1] INFO  server.RaftServer$Division (RaftServerImpl.java:checkInconsistentAppendEntries(1394)) - omNode-2@group-523986131536: inconsistency entries. Reply:omNode-1<-omNode-2#525:FAIL-t6,INCONSISTENCY,nextIndex=57,followerCommit=56
2022-10-04 13:26:30,189 [grpc-default-executor-1] INFO  impl.SnapshotInstallationHandler (SnapshotInstallationHandler.java:installSnapshot(84)) - omNode-2@group-523986131536: receive installSnapshot: omNode-1->omNode-2#0-t6,notify:(t:6, i:59)
2022-10-04 13:26:30,189 [grpc-default-executor-1] INFO  impl.SnapshotInstallationHandler (SnapshotInstallationHandler.java:installSnapshot(95)) - omNode-2@group-523986131536: reply installSnapshot: omNode-1<-omNode-2#0:FAIL-t6,IN_PROGRESS
2022-10-04 13:26:30,189 [grpc-default-executor-1] INFO  server.GrpcServerProtocolService (GrpcServerProtocolService.java:onCompleted(140)) - omNode-2: Completed INSTALL_SNAPSHOT, lastRequest: omNode-1->omNode-2#0-t6,notify:(t:6, i:59)
2022-10-04 13:26:30,190 [grpc-default-executor-3] INFO  leader.FollowerInfo (FollowerInfoImpl.java:lambda$new$0(48)) - omNode-1@group-523986131536->omNode-2: nextIndex: updateUnconditionally 57 -> 57
2022-10-04 13:26:30,190 [grpc-default-executor-1] INFO  server.GrpcLogAppender (GrpcLogAppender.java:onNext(403)) - omNode-1@group-523986131536->omNode-2-InstallSnapshotResponseHandler: received a reply omNode-1<-omNode-2#0:FAIL-t6,IN_PROGRESS
2022-10-04 13:26:30,190 [grpc-default-executor-1] INFO  server.GrpcLogAppender (GrpcLogAppender.java:onNext(421)) - omNode-1@group-523986131536->omNode-2-InstallSnapshotResponseHandler: InstallSnapshot in progress.
2022-10-04 13:26:30,191 [omNode-1@group-523986131536->omNode-2-GrpcLogAppender-LogAppenderDaemon] INFO  server.GrpcLogAppender (GrpcLogAppender.java:installSnapshot(541)) - omNode-1@group-523986131536->omNode-2-GrpcLogAppender: followerNextIndex = 57 but logStartIndex = 59, notify follower to install snapshot-(t:6, i:59)
2022-10-04 13:26:30,191 [omNode-1@group-523986131536->omNode-2-GrpcLogAppender-LogAppenderDaemon] INFO  server.GrpcLogAppender (GrpcLogAppender.java:installSnapshot(549)) - omNode-1@group-523986131536->omNode-2-GrpcLogAppender: send omNode-1->omNode-2#0-t6,notify:(t:6, i:59)
2022-10-04 13:26:30,193 [omNode-2-server-thread1] INFO  server.RaftServer$Division (RaftServerImpl.java:checkInconsistentAppendEntries(1402)) - omNode-2@group-523986131536: Failed appendEntries as snapshot (59) installation is in progress
2022-10-04 13:26:30,193 [omNode-2-server-thread1] INFO  server.RaftServer$Division (RaftServerImpl.java:checkInconsistentAppendEntries(1394)) - omNode-2@group-523986131536: inconsistency entries. Reply:omNode-1<-omNode-2#526:FAIL-t6,INCONSISTENCY,nextIndex=57,followerCommit=56
2022-10-04 13:26:30,195 [grpc-default-executor-1] INFO  impl.SnapshotInstallationHandler (SnapshotInstallationHandler.java:installSnapshot(84)) - omNode-2@group-523986131536: receive installSnapshot: omNode-1->omNode-2#0-t6,notify:(t:6, i:59)
2022-10-04 13:26:30,195 [grpc-default-executor-1] INFO  impl.SnapshotInstallationHandler (SnapshotInstallationHandler.java:installSnapshot(95)) - omNode-2@group-523986131536: reply installSnapshot: omNode-1<-omNode-2#0:FAIL-t6,IN_PROGRESS
2022-10-04 13:26:30,195 [grpc-default-executor-1] INFO  server.GrpcServerProtocolService (GrpcServerProtocolService.java:onCompleted(140)) - omNode-2: Completed INSTALL_SNAPSHOT, lastRequest: omNode-1->omNode-2#0-t6,notify:(t:6, i:59)
2022-10-04 13:26:30,196 [grpc-default-executor-3] INFO  leader.FollowerInfo (FollowerInfoImpl.java:lambda$new$0(48)) - omNode-1@group-523986131536->omNode-2: nextIndex: updateUnconditionally 57 -> 57
2022-10-04 13:26:30,196 [grpc-default-executor-1] INFO  server.GrpcLogAppender (GrpcLogAppender.java:onNext(403)) - omNode-1@group-523986131536->omNode-2-InstallSnapshotResponseHandler: received a reply omNode-1<-omNode-2#0:FAIL-t6,IN_PROGRESS
2022-10-04 13:26:30,196 [grpc-default-executor-1] INFO  server.GrpcLogAppender (GrpcLogAppender.java:onNext(421)) - omNode-1@group-523986131536->omNode-2-InstallSnapshotResponseHandler: InstallSnapshot in progress.
2022-10-04 13:26:30,196 [omNode-1@group-523986131536->omNode-2-GrpcLogAppender-LogAppenderDaemon] INFO  server.GrpcLogAppender (GrpcLogAppender.java:installSnapshot(541)) - omNode-1@group-523986131536->omNode-2-GrpcLogAppender: followerNextIndex = 57 but logStartIndex = 59, notify follower to install snapshot-(t:6, i:59)
2022-10-04 13:26:30,196 [omNode-1@group-523986131536->omNode-2-GrpcLogAppender-LogAppenderDaemon] INFO  server.GrpcLogAppender (GrpcLogAppender.java:installSnapshot(549)) - omNode-1@group-523986131536->omNode-2-GrpcLogAppender: send omNode-1->omNode-2#0-t6,notify:(t:6, i:59)
2022-10-04 13:26:30,199 [omNode-2-server-thread1] INFO  server.RaftServer$Division (RaftServerImpl.java:checkInconsistentAppendEntries(1402)) - omNode-2@group-523986131536: Failed appendEntries as snapshot (59) installation is in progress
2022-10-04 13:26:30,199 [omNode-2-server-thread1] INFO  server.RaftServer$Division (RaftServerImpl.java:checkInconsistentAppendEntries(1394)) - omNode-2@group-523986131536: inconsistency entries. Reply:omNode-1<-omNode-2#527:FAIL-t6,INCONSISTENCY,nextIndex=57,followerCommit=56
2022-10-04 13:26:30,199 [grpc-default-executor-1] INFO  impl.SnapshotInstallationHandler (SnapshotInstallationHandler.java:installSnapshot(84)) - omNode-2@group-523986131536: receive installSnapshot: omNode-1->omNode-2#0-t6,notify:(t:6, i:59)
2022-10-04 13:26:30,200 [grpc-default-executor-1] INFO  impl.SnapshotInstallationHandler (SnapshotInstallationHandler.java:installSnapshot(95)) - omNode-2@group-523986131536: reply installSnapshot: omNode-1<-omNode-2#0:FAIL-t6,IN_PROGRESS
2022-10-04 13:26:30,200 [grpc-default-executor-1] INFO  server.GrpcServerProtocolService (GrpcServerProtocolService.java:onCompleted(140)) - omNode-2: Completed INSTALL_SNAPSHOT, lastRequest: omNode-1->omNode-2#0-t6,notify:(t:6, i:59)
2022-10-04 13:26:30,200 [grpc-default-executor-3] INFO  leader.FollowerInfo (FollowerInfoImpl.java:lambda$new$0(48)) - omNode-1@group-523986131536->omNode-2: nextIndex: updateUnconditionally 57 -> 57
2022-10-04 13:26:30,201 [grpc-default-executor-1] INFO  server.GrpcLogAppender (GrpcLogAppender.java:onNext(403)) - omNode-1@group-523986131536->omNode-2-InstallSnapshotResponseHandler: received a reply omNode-1<-omNode-2#0:FAIL-t6,IN_PROGRESS
2022-10-04 13:26:30,201 [grpc-default-executor-1] INFO  server.GrpcLogAppender (GrpcLogAppender.java:onNext(421)) - omNode-1@group-523986131536->omNode-2-InstallSnapshotResponseHandler: InstallSnapshot in progress.
2022-10-04 13:26:30,201 [omNode-1@group-523986131536->omNode-2-GrpcLogAppender-LogAppenderDaemon] INFO  server.GrpcLogAppender (GrpcLogAppender.java:installSnapshot(541)) - omNode-1@group-523986131536->omNode-2-GrpcLogAppender: followerNextIndex = 57 but logStartIndex = 59, notify follower to install snapshot-(t:6, i:59)
2022-10-04 13:26:30,201 [omNode-1@group-523986131536->omNode-2-GrpcLogAppender-LogAppenderDaemon] INFO  server.GrpcLogAppender (GrpcLogAppender.java:installSnapshot(549)) - omNode-1@group-523986131536->omNode-2-GrpcLogAppender: send omNode-1->omNode-2#0-t6,notify:(t:6, i:59)
2022-10-04 13:26:30,202 [omNode-2-server-thread1] INFO  server.RaftServer$Division (RaftServerImpl.java:checkInconsistentAppendEntries(1402)) - omNode-2@group-523986131536: Failed appendEntries as snapshot (59) installation is in progress
2022-10-04 13:26:30,202 [omNode-2-server-thread1] INFO  server.RaftServer$Division (RaftServerImpl.java:checkInconsistentAppendEntries(1394)) - omNode-2@group-523986131536: inconsistency entries. Reply:omNode-1<-omNode-2#528:FAIL-t6,INCONSISTENCY,nextIndex=57,followerCommit=56
2022-10-04 13:26:30,202 [grpc-default-executor-1] INFO  impl.SnapshotInstallationHandler (SnapshotInstallationHandler.java:installSnapshot(84)) - omNode-2@group-523986131536: receive installSnapshot: omNode-1->omNode-2#0-t6,notify:(t:6, i:59)
2022-10-04 13:26:30,202 [grpc-default-executor-1] INFO  impl.SnapshotInstallationHandler (SnapshotInstallationHandler.java:installSnapshot(95)) - omNode-2@group-523986131536: reply installSnapshot: omNode-1<-omNode-2#0:FAIL-t6,IN_PROGRESS
2022-10-04 13:26:30,203 [grpc-default-executor-1] INFO  server.GrpcServerProtocolService (GrpcServerProtocolService.java:onCompleted(140)) - omNode-2: Completed INSTALL_SNAPSHOT, lastRequest: omNode-1->omNode-2#0-t6,notify:(t:6, i:59)
2022-10-04 13:26:30,203 [grpc-default-executor-3] INFO  leader.FollowerInfo (FollowerInfoImpl.java:lambda$new$0(48)) - omNode-1@group-523986131536->omNode-2: nextIndex: updateUnconditionally 57 -> 57
2022-10-04 13:26:30,204 [grpc-default-executor-1] INFO  server.GrpcLogAppender (GrpcLogAppender.java:onNext(403)) - omNode-1@group-523986131536->omNode-2-InstallSnapshotResponseHandler: received a reply omNode-1<-omNode-2#0:FAIL-t6,IN_PROGRESS
2022-10-04 13:26:30,204 [grpc-default-executor-1] INFO  server.GrpcLogAppender (GrpcLogAppender.java:onNext(421)) - omNode-1@group-523986131536->omNode-2-InstallSnapshotResponseHandler: InstallSnapshot in progress.
2022-10-04 13:26:30,204 [omNode-1@group-523986131536->omNode-2-GrpcLogAppender-LogAppenderDaemon] INFO  server.GrpcLogAppender (GrpcLogAppender.java:installSnapshot(541)) - omNode-1@group-523986131536->omNode-2-GrpcLogAppender: followerNextIndex = 57 but logStartIndex = 59, notify follower to install snapshot-(t:6, i:59)
2022-10-04 13:26:30,204 [omNode-1@group-523986131536->omNode-2-GrpcLogAppender-LogAppenderDaemon] INFO  server.GrpcLogAppender (GrpcLogAppender.java:installSnapshot(549)) - omNode-1@group-523986131536->omNode-2-GrpcLogAppender: send omNode-1->omNode-2#0-t6,notify:(t:6, i:59)
2022-10-04 13:26:30,211 [omNode-2-server-thread1] INFO  server.RaftServer$Division (RaftServerImpl.java:checkInconsistentAppendEntries(1402)) - omNode-2@group-523986131536: Failed appendEntries as snapshot (59) installation is in progress
2022-10-04 13:26:30,211 [omNode-2-server-thread1] INFO  server.RaftServer$Division (RaftServerImpl.java:checkInconsistentAppendEntries(1394)) - omNode-2@group-523986131536: inconsistency entries. Reply:omNode-1<-omNode-2#529:FAIL-t6,INCONSISTENCY,nextIndex=57,followerCommit=56
2022-10-04 13:26:30,212 [grpc-default-executor-1] INFO  impl.SnapshotInstallationHandler (SnapshotInstallationHandler.java:installSnapshot(84)) - omNode-2@group-523986131536: receive installSnapshot: omNode-1->omNode-2#0-t6,notify:(t:6, i:59)
2022-10-04 13:26:30,212 [grpc-default-executor-1] INFO  impl.SnapshotInstallationHandler (SnapshotInstallationHandler.java:installSnapshot(95)) - omNode-2@group-523986131536: reply installSnapshot: omNode-1<-omNode-2#0:FAIL-t6,IN_PROGRESS
2022-10-04 13:26:30,212 [grpc-default-executor-1] INFO  server.GrpcServerProtocolService (GrpcServerProtocolService.java:onCompleted(140)) - omNode-2: Completed INSTALL_SNAPSHOT, lastRequest: omNode-1->omNode-2#0-t6,notify:(t:6, i:59)
2022-10-04 13:26:30,213 [grpc-default-executor-3] INFO  leader.FollowerInfo (FollowerInfoImpl.java:lambda$new$0(48)) - omNode-1@group-523986131536->omNode-2: nextIndex: updateUnconditionally 57 -> 57
2022-10-04 13:26:30,213 [grpc-default-executor-1] INFO  server.GrpcLogAppender (GrpcLogAppender.java:onNext(403)) - omNode-1@group-523986131536->omNode-2-InstallSnapshotResponseHandler: received a reply omNode-1<-omNode-2#0:FAIL-t6,IN_PROGRESS
2022-10-04 13:26:30,213 [grpc-default-executor-1] INFO  server.GrpcLogAppender (GrpcLogAppender.java:onNext(421)) - omNode-1@group-523986131536->omNode-2-InstallSnapshotResponseHandler: InstallSnapshot in progress.
2022-10-04 13:26:30,213 [omNode-1@group-523986131536->omNode-2-GrpcLogAppender-LogAppenderDaemon] INFO  server.GrpcLogAppender (GrpcLogAppender.java:installSnapshot(541)) - omNode-1@group-523986131536->omNode-2-GrpcLogAppender: followerNextIndex = 57 but logStartIndex = 59, notify follower to install snapshot-(t:6, i:59)
2022-10-04 13:26:30,213 [omNode-1@group-523986131536->omNode-2-GrpcLogAppender-LogAppenderDaemon] INFO  server.GrpcLogAppender (GrpcLogAppender.java:installSnapshot(549)) - omNode-1@group-523986131536->omNode-2-GrpcLogAppender: send omNode-1->omNode-2#0-t6,notify:(t:6, i:59)
2022-10-04 13:26:30,214 [omNode-2-server-thread1] INFO  server.RaftServer$Division (RaftServerImpl.java:checkInconsistentAppendEntries(1402)) - omNode-2@group-523986131536: Failed appendEntries as snapshot (59) installation is in progress
2022-10-04 13:26:30,214 [omNode-2-server-thread1] INFO  server.RaftServer$Division (RaftServerImpl.java:checkInconsistentAppendEntries(1394)) - omNode-2@group-523986131536: inconsistency entries. Reply:omNode-1<-omNode-2#530:FAIL-t6,INCONSISTENCY,nextIndex=57,followerCommit=56
2022-10-04 13:26:30,215 [grpc-default-executor-1] INFO  impl.SnapshotInstallationHandler (SnapshotInstallationHandler.java:installSnapshot(84)) - omNode-2@group-523986131536: receive installSnapshot: omNode-1->omNode-2#0-t6,notify:(t:6, i:59)
2022-10-04 13:26:30,215 [grpc-default-executor-1] INFO  impl.SnapshotInstallationHandler (SnapshotInstallationHandler.java:installSnapshot(95)) - omNode-2@group-523986131536: reply installSnapshot: omNode-1<-omNode-2#0:FAIL-t6,IN_PROGRESS
2022-10-04 13:26:30,215 [grpc-default-executor-1] INFO  server.GrpcServerProtocolService (GrpcServerProtocolService.java:onCompleted(140)) - omNode-2: Completed INSTALL_SNAPSHOT, lastRequest: omNode-1->omNode-2#0-t6,notify:(t:6, i:59)
2022-10-04 13:26:30,216 [grpc-default-executor-3] INFO  leader.FollowerInfo (FollowerInfoImpl.java:lambda$new$0(48)) - omNode-1@group-523986131536->omNode-2: nextIndex: updateUnconditionally 57 -> 57
2022-10-04 13:26:30,216 [grpc-default-executor-1] INFO  server.GrpcLogAppender (GrpcLogAppender.java:onNext(403)) - omNode-1@group-523986131536->omNode-2-InstallSnapshotResponseHandler: received a reply omNode-1<-omNode-2#0:FAIL-t6,IN_PROGRESS
2022-10-04 13:26:30,216 [grpc-default-executor-1] INFO  server.GrpcLogAppender (GrpcLogAppender.java:onNext(421)) - omNode-1@group-523986131536->omNode-2-InstallSnapshotResponseHandler: InstallSnapshot in progress.
2022-10-04 13:26:30,216 [omNode-1@group-523986131536->omNode-2-GrpcLogAppender-LogAppenderDaemon] INFO  server.GrpcLogAppender (GrpcLogAppender.java:installSnapshot(541)) - omNode-1@group-523986131536->omNode-2-GrpcLogAppender: followerNextIndex = 57 but logStartIndex = 59, notify follower to install snapshot-(t:6, i:59)
2022-10-04 13:26:30,216 [omNode-1@group-523986131536->omNode-2-GrpcLogAppender-LogAppenderDaemon] INFO  server.GrpcLogAppender (GrpcLogAppender.java:installSnapshot(549)) - omNode-1@group-523986131536->omNode-2-GrpcLogAppender: send omNode-1->omNode-2#0-t6,notify:(t:6, i:59)
2022-10-04 13:26:30,218 [omNode-2-server-thread1] INFO  server.RaftServer$Division (RaftServerImpl.java:checkInconsistentAppendEntries(1402)) - omNode-2@group-523986131536: Failed appendEntries as snapshot (59) installation is in progress
2022-10-04 13:26:30,219 [omNode-2-server-thread1] INFO  server.RaftServer$Division (RaftServerImpl.java:checkInconsistentAppendEntries(1394)) - omNode-2@group-523986131536: inconsistency entries. Reply:omNode-1<-omNode-2#531:FAIL-t6,INCONSISTENCY,nextIndex=57,followerCommit=56
2022-10-04 13:26:30,219 [grpc-default-executor-3] INFO  impl.SnapshotInstallationHandler (SnapshotInstallationHandler.java:installSnapshot(84)) - omNode-2@group-523986131536: receive installSnapshot: omNode-1->omNode-2#0-t6,notify:(t:6, i:59)
2022-10-04 13:26:30,219 [grpc-default-executor-3] INFO  impl.SnapshotInstallationHandler (SnapshotInstallationHandler.java:installSnapshot(95)) - omNode-2@group-523986131536: reply installSnapshot: omNode-1<-omNode-2#0:FAIL-t6,IN_PROGRESS
2022-10-04 13:26:30,219 [grpc-default-executor-3] INFO  server.GrpcServerProtocolService (GrpcServerProtocolService.java:onCompleted(140)) - omNode-2: Completed INSTALL_SNAPSHOT, lastRequest: omNode-1->omNode-2#0-t6,notify:(t:6, i:59)
2022-10-04 13:26:30,220 [grpc-default-executor-3] INFO  leader.FollowerInfo (FollowerInfoImpl.java:lambda$new$0(48)) - omNode-1@group-523986131536->omNode-2: nextIndex: updateUnconditionally 57 -> 57
2022-10-04 13:26:30,220 [grpc-default-executor-3] INFO  server.GrpcLogAppender (GrpcLogAppender.java:onNext(403)) - omNode-1@group-523986131536->omNode-2-InstallSnapshotResponseHandler: received a reply omNode-1<-omNode-2#0:FAIL-t6,IN_PROGRESS
2022-10-04 13:26:30,220 [grpc-default-executor-3] INFO  server.GrpcLogAppender (GrpcLogAppender.java:onNext(421)) - omNode-1@group-523986131536->omNode-2-InstallSnapshotResponseHandler: InstallSnapshot in progress.
2022-10-04 13:26:30,221 [omNode-1@group-523986131536->omNode-2-GrpcLogAppender-LogAppenderDaemon] INFO  server.GrpcLogAppender (GrpcLogAppender.java:installSnapshot(541)) - omNode-1@group-523986131536->omNode-2-GrpcLogAppender: followerNextIndex = 57 but logStartIndex = 59, notify follower to install snapshot-(t:6, i:59)
2022-10-04 13:26:30,221 [omNode-1@group-523986131536->omNode-2-GrpcLogAppender-LogAppenderDaemon] INFO  server.GrpcLogAppender (GrpcLogAppender.java:installSnapshot(549)) - omNode-1@group-523986131536->omNode-2-GrpcLogAppender: send omNode-1->omNode-2#0-t6,notify:(t:6, i:59)
2022-10-04 13:26:30,222 [omNode-2-server-thread1] INFO  server.RaftServer$Division (RaftServerImpl.java:checkInconsistentAppendEntries(1402)) - omNode-2@group-523986131536: Failed appendEntries as snapshot (59) installation is in progress
2022-10-04 13:26:30,222 [omNode-2-server-thread1] INFO  server.RaftServer$Division (RaftServerImpl.java:checkInconsistentAppendEntries(1394)) - omNode-2@group-523986131536: inconsistency entries. Reply:omNode-1<-omNode-2#532:FAIL-t6,INCONSISTENCY,nextIndex=57,followerCommit=56
2022-10-04 13:26:30,223 [grpc-default-executor-3] INFO  impl.SnapshotInstallationHandler (SnapshotInstallationHandler.java:installSnapshot(84)) - omNode-2@group-523986131536: receive installSnapshot: omNode-1->omNode-2#0-t6,notify:(t:6, i:59)
2022-10-04 13:26:30,223 [grpc-default-executor-3] INFO  impl.SnapshotInstallationHandler (SnapshotInstallationHandler.java:installSnapshot(95)) - omNode-2@group-523986131536: reply installSnapshot: omNode-1<-omNode-2#0:FAIL-t6,IN_PROGRESS
2022-10-04 13:26:30,223 [grpc-default-executor-3] INFO  server.GrpcServerProtocolService (GrpcServerProtocolService.java:onCompleted(140)) - omNode-2: Completed INSTALL_SNAPSHOT, lastRequest: omNode-1->omNode-2#0-t6,notify:(t:6, i:59)
2022-10-04 13:26:30,223 [grpc-default-executor-2] INFO  leader.FollowerInfo (FollowerInfoImpl.java:lambda$new$0(48)) - omNode-1@group-523986131536->omNode-2: nextIndex: updateUnconditionally 57 -> 57
2022-10-04 13:26:30,223 [grpc-default-executor-1] INFO  server.GrpcLogAppender (GrpcLogAppender.java:onNext(403)) - omNode-1@group-523986131536->omNode-2-InstallSnapshotResponseHandler: received a reply omNode-1<-omNode-2#0:FAIL-t6,IN_PROGRESS
2022-10-04 13:26:30,224 [grpc-default-executor-1] INFO  server.GrpcLogAppender (GrpcLogAppender.java:onNext(421)) - omNode-1@group-523986131536->omNode-2-InstallSnapshotResponseHandler: InstallSnapshot in progress.
2022-10-04 13:26:30,224 [omNode-1@group-523986131536->omNode-2-GrpcLogAppender-LogAppenderDaemon] INFO  server.GrpcLogAppender (GrpcLogAppender.java:installSnapshot(541)) - omNode-1@group-523986131536->omNode-2-GrpcLogAppender: followerNextIndex = 57 but logStartIndex = 59, notify follower to install snapshot-(t:6, i:59)
2022-10-04 13:26:30,224 [omNode-1@group-523986131536->omNode-2-GrpcLogAppender-LogAppenderDaemon] INFO  server.GrpcLogAppender (GrpcLogAppender.java:installSnapshot(549)) - omNode-1@group-523986131536->omNode-2-GrpcLogAppender: send omNode-1->omNode-2#0-t6,notify:(t:6, i:59)
2022-10-04 13:26:30,226 [omNode-2-server-thread1] INFO  server.RaftServer$Division (RaftServerImpl.java:checkInconsistentAppendEntries(1402)) - omNode-2@group-523986131536: Failed appendEntries as snapshot (59) installation is in progress
2022-10-04 13:26:30,226 [omNode-2-server-thread1] INFO  server.RaftServer$Division (RaftServerImpl.java:checkInconsistentAppendEntries(1394)) - omNode-2@group-523986131536: inconsistency entries. Reply:omNode-1<-omNode-2#533:FAIL-t6,INCONSISTENCY,nextIndex=57,followerCommit=56
2022-10-04 13:26:30,226 [grpc-default-executor-3] INFO  impl.SnapshotInstallationHandler (SnapshotInstallationHandler.java:installSnapshot(84)) - omNode-2@group-523986131536: receive installSnapshot: omNode-1->omNode-2#0-t6,notify:(t:6, i:59)
2022-10-04 13:26:30,226 [grpc-default-executor-3] INFO  impl.SnapshotInstallationHandler (SnapshotInstallationHandler.java:installSnapshot(95)) - omNode-2@group-523986131536: reply installSnapshot: omNode-1<-omNode-2#0:FAIL-t6,IN_PROGRESS
2022-10-04 13:26:30,227 [grpc-default-executor-3] INFO  server.GrpcServerProtocolService (GrpcServerProtocolService.java:onCompleted(140)) - omNode-2: Completed INSTALL_SNAPSHOT, lastRequest: omNode-1->omNode-2#0-t6,notify:(t:6, i:59)
2022-10-04 13:26:30,228 [grpc-default-executor-3] INFO  server.GrpcLogAppender (GrpcLogAppender.java:onNext(403)) - omNode-1@group-523986131536->omNode-2-InstallSnapshotResponseHandler: received a reply omNode-1<-omNode-2#0:FAIL-t6,IN_PROGRESS
2022-10-04 13:26:30,228 [grpc-default-executor-3] INFO  server.GrpcLogAppender (GrpcLogAppender.java:onNext(421)) - omNode-1@group-523986131536->omNode-2-InstallSnapshotResponseHandler: InstallSnapshot in progress.
2022-10-04 13:26:30,228 [omNode-1@group-523986131536->omNode-2-GrpcLogAppender-LogAppenderDaemon] INFO  server.GrpcLogAppender (GrpcLogAppender.java:installSnapshot(541)) - omNode-1@group-523986131536->omNode-2-GrpcLogAppender: followerNextIndex = 57 but logStartIndex = 59, notify follower to install snapshot-(t:6, i:59)
2022-10-04 13:26:30,228 [omNode-1@group-523986131536->omNode-2-GrpcLogAppender-LogAppenderDaemon] INFO  server.GrpcLogAppender (GrpcLogAppender.java:installSnapshot(549)) - omNode-1@group-523986131536->omNode-2-GrpcLogAppender: send omNode-1->omNode-2#0-t6,notify:(t:6, i:59)
2022-10-04 13:26:30,228 [grpc-default-executor-1] INFO  leader.FollowerInfo (FollowerInfoImpl.java:lambda$new$0(48)) - omNode-1@group-523986131536->omNode-2: nextIndex: updateUnconditionally 57 -> 57
2022-10-04 13:26:30,229 [omNode-2-server-thread1] INFO  server.RaftServer$Division (RaftServerImpl.java:checkInconsistentAppendEntries(1402)) - omNode-2@group-523986131536: Failed appendEntries as snapshot (59) installation is in progress
2022-10-04 13:26:30,229 [omNode-2-server-thread1] INFO  server.RaftServer$Division (RaftServerImpl.java:checkInconsistentAppendEntries(1394)) - omNode-2@group-523986131536: inconsistency entries. Reply:omNode-1<-omNode-2#534:FAIL-t6,INCONSISTENCY,nextIndex=57,followerCommit=56
2022-10-04 13:26:30,230 [grpc-default-executor-1] INFO  impl.SnapshotInstallationHandler (SnapshotInstallationHandler.java:installSnapshot(84)) - omNode-2@group-523986131536: receive installSnapshot: omNode-1->omNode-2#0-t6,notify:(t:6, i:59)
2022-10-04 13:26:30,230 [grpc-default-executor-1] INFO  impl.SnapshotInstallationHandler (SnapshotInstallationHandler.java:installSnapshot(95)) - omNode-2@group-523986131536: reply installSnapshot: omNode-1<-omNode-2#0:FAIL-t6,IN_PROGRESS
2022-10-04 13:26:30,230 [grpc-default-executor-1] INFO  server.GrpcServerProtocolService (GrpcServerProtocolService.java:onCompleted(140)) - omNode-2: Completed INSTALL_SNAPSHOT, lastRequest: omNode-1->omNode-2#0-t6,notify:(t:6, i:59)
2022-10-04 13:26:30,231 [grpc-default-executor-3] INFO  leader.FollowerInfo (FollowerInfoImpl.java:lambda$new$0(48)) - omNode-1@group-523986131536->omNode-2: nextIndex: updateUnconditionally 57 -> 57
2022-10-04 13:26:30,231 [grpc-default-executor-1] INFO  server.GrpcLogAppender (GrpcLogAppender.java:onNext(403)) - omNode-1@group-523986131536->omNode-2-InstallSnapshotResponseHandler: received a reply omNode-1<-omNode-2#0:FAIL-t6,IN_PROGRESS
2022-10-04 13:26:30,231 [grpc-default-executor-1] INFO  server.GrpcLogAppender (GrpcLogAppender.java:onNext(421)) - omNode-1@group-523986131536->omNode-2-InstallSnapshotResponseHandler: InstallSnapshot in progress.
2022-10-04 13:26:30,231 [omNode-1@group-523986131536->omNode-2-GrpcLogAppender-LogAppenderDaemon] INFO  server.GrpcLogAppender (GrpcLogAppender.java:installSnapshot(541)) - omNode-1@group-523986131536->omNode-2-GrpcLogAppender: followerNextIndex = 57 but logStartIndex = 59, notify follower to install snapshot-(t:6, i:59)
2022-10-04 13:26:30,232 [omNode-1@group-523986131536->omNode-2-GrpcLogAppender-LogAppenderDaemon] INFO  server.GrpcLogAppender (GrpcLogAppender.java:installSnapshot(549)) - omNode-1@group-523986131536->omNode-2-GrpcLogAppender: send omNode-1->omNode-2#0-t6,notify:(t:6, i:59)
2022-10-04 13:26:30,232 [omNode-2-server-thread1] INFO  server.RaftServer$Division (RaftServerImpl.java:checkInconsistentAppendEntries(1402)) - omNode-2@group-523986131536: Failed appendEntries as snapshot (59) installation is in progress
2022-10-04 13:26:30,233 [omNode-2-server-thread1] INFO  server.RaftServer$Division (RaftServerImpl.java:checkInconsistentAppendEntries(1394)) - omNode-2@group-523986131536: inconsistency entries. Reply:omNode-1<-omNode-2#535:FAIL-t6,INCONSISTENCY,nextIndex=57,followerCommit=56
2022-10-04 13:26:30,233 [grpc-default-executor-1] INFO  impl.SnapshotInstallationHandler (SnapshotInstallationHandler.java:installSnapshot(84)) - omNode-2@group-523986131536: receive installSnapshot: omNode-1->omNode-2#0-t6,notify:(t:6, i:59)
2022-10-04 13:26:30,233 [grpc-default-executor-1] INFO  impl.SnapshotInstallationHandler (SnapshotInstallationHandler.java:installSnapshot(95)) - omNode-2@group-523986131536: reply installSnapshot: omNode-1<-omNode-2#0:FAIL-t6,IN_PROGRESS
2022-10-04 13:26:30,233 [grpc-default-executor-1] INFO  server.GrpcServerProtocolService (GrpcServerProtocolService.java:onCompleted(140)) - omNode-2: Completed INSTALL_SNAPSHOT, lastRequest: omNode-1->omNode-2#0-t6,notify:(t:6, i:59)
2022-10-04 13:26:30,234 [grpc-default-executor-3] INFO  leader.FollowerInfo (FollowerInfoImpl.java:lambda$new$0(48)) - omNode-1@group-523986131536->omNode-2: nextIndex: updateUnconditionally 57 -> 57
2022-10-04 13:26:30,234 [grpc-default-executor-1] INFO  server.GrpcLogAppender (GrpcLogAppender.java:onNext(403)) - omNode-1@group-523986131536->omNode-2-InstallSnapshotResponseHandler: received a reply omNode-1<-omNode-2#0:FAIL-t6,IN_PROGRESS
2022-10-04 13:26:30,234 [grpc-default-executor-1] INFO  server.GrpcLogAppender (GrpcLogAppender.java:onNext(421)) - omNode-1@group-523986131536->omNode-2-InstallSnapshotResponseHandler: InstallSnapshot in progress.
2022-10-04 13:26:30,234 [omNode-1@group-523986131536->omNode-2-GrpcLogAppender-LogAppenderDaemon] INFO  server.GrpcLogAppender (GrpcLogAppender.java:installSnapshot(541)) - omNode-1@group-523986131536->omNode-2-GrpcLogAppender: followerNextIndex = 57 but logStartIndex = 59, notify follower to install snapshot-(t:6, i:59)
2022-10-04 13:26:30,235 [omNode-1@group-523986131536->omNode-2-GrpcLogAppender-LogAppenderDaemon] INFO  server.GrpcLogAppender (GrpcLogAppender.java:installSnapshot(549)) - omNode-1@group-523986131536->omNode-2-GrpcLogAppender: send omNode-1->omNode-2#0-t6,notify:(t:6, i:59)
2022-10-04 13:26:30,236 [omNode-2-server-thread1] INFO  server.RaftServer$Division (RaftServerImpl.java:checkInconsistentAppendEntries(1402)) - omNode-2@group-523986131536: Failed appendEntries as snapshot (59) installation is in progress
2022-10-04 13:26:30,236 [omNode-2-server-thread1] INFO  server.RaftServer$Division (RaftServerImpl.java:checkInconsistentAppendEntries(1394)) - omNode-2@group-523986131536: inconsistency entries. Reply:omNode-1<-omNode-2#536:FAIL-t6,INCONSISTENCY,nextIndex=57,followerCommit=56
2022-10-04 13:26:30,237 [grpc-default-executor-1] INFO  impl.SnapshotInstallationHandler (SnapshotInstallationHandler.java:installSnapshot(84)) - omNode-2@group-523986131536: receive installSnapshot: omNode-1->omNode-2#0-t6,notify:(t:6, i:59)
2022-10-04 13:26:30,237 [grpc-default-executor-1] INFO  impl.SnapshotInstallationHandler (SnapshotInstallationHandler.java:installSnapshot(95)) - omNode-2@group-523986131536: reply installSnapshot: omNode-1<-omNode-2#0:FAIL-t6,IN_PROGRESS
2022-10-04 13:26:30,237 [grpc-default-executor-1] INFO  server.GrpcServerProtocolService (GrpcServerProtocolService.java:onCompleted(140)) - omNode-2: Completed INSTALL_SNAPSHOT, lastRequest: omNode-1->omNode-2#0-t6,notify:(t:6, i:59)
2022-10-04 13:26:30,238 [grpc-default-executor-3] INFO  leader.FollowerInfo (FollowerInfoImpl.java:lambda$new$0(48)) - omNode-1@group-523986131536->omNode-2: nextIndex: updateUnconditionally 57 -> 57
2022-10-04 13:26:30,238 [grpc-default-executor-3] INFO  server.GrpcLogAppender (GrpcLogAppender.java:onNext(403)) - omNode-1@group-523986131536->omNode-2-InstallSnapshotResponseHandler: received a reply omNode-1<-omNode-2#0:FAIL-t6,IN_PROGRESS
2022-10-04 13:26:30,238 [grpc-default-executor-3] INFO  server.GrpcLogAppender (GrpcLogAppender.java:onNext(421)) - omNode-1@group-523986131536->omNode-2-InstallSnapshotResponseHandler: InstallSnapshot in progress.
2022-10-04 13:26:30,239 [omNode-1@group-523986131536->omNode-2-GrpcLogAppender-LogAppenderDaemon] INFO  server.GrpcLogAppender (GrpcLogAppender.java:installSnapshot(541)) - omNode-1@group-523986131536->omNode-2-GrpcLogAppender: followerNextIndex = 57 but logStartIndex = 59, notify follower to install snapshot-(t:6, i:59)
2022-10-04 13:26:30,239 [omNode-1@group-523986131536->omNode-2-GrpcLogAppender-LogAppenderDaemon] INFO  server.GrpcLogAppender (GrpcLogAppender.java:installSnapshot(549)) - omNode-1@group-523986131536->omNode-2-GrpcLogAppender: send omNode-1->omNode-2#0-t6,notify:(t:6, i:59)
2022-10-04 13:26:30,246 [omNode-2-server-thread1] INFO  server.RaftServer$Division (RaftServerImpl.java:checkInconsistentAppendEntries(1402)) - omNode-2@group-523986131536: Failed appendEntries as snapshot (59) installation is in progress
2022-10-04 13:26:30,246 [omNode-2-server-thread1] INFO  server.RaftServer$Division (RaftServerImpl.java:checkInconsistentAppendEntries(1394)) - omNode-2@group-523986131536: inconsistency entries. Reply:omNode-1<-omNode-2#537:FAIL-t6,INCONSISTENCY,nextIndex=57,followerCommit=56
2022-10-04 13:26:30,247 [grpc-default-executor-3] INFO  impl.SnapshotInstallationHandler (SnapshotInstallationHandler.java:installSnapshot(84)) - omNode-2@group-523986131536: receive installSnapshot: omNode-1->omNode-2#0-t6,notify:(t:6, i:59)
2022-10-04 13:26:30,247 [grpc-default-executor-3] INFO  impl.SnapshotInstallationHandler (SnapshotInstallationHandler.java:installSnapshot(95)) - omNode-2@group-523986131536: reply installSnapshot: omNode-1<-omNode-2#0:FAIL-t6,IN_PROGRESS
2022-10-04 13:26:30,249 [grpc-default-executor-2] INFO  server.GrpcServerProtocolService (GrpcServerProtocolService.java:onCompleted(140)) - omNode-2: Completed INSTALL_SNAPSHOT, lastRequest: omNode-1->omNode-2#0-t6,notify:(t:6, i:59)
2022-10-04 13:26:30,249 [grpc-default-executor-3] INFO  leader.FollowerInfo (FollowerInfoImpl.java:lambda$new$0(48)) - omNode-1@group-523986131536->omNode-2: nextIndex: updateUnconditionally 57 -> 57
2022-10-04 13:26:30,249 [grpc-default-executor-3] INFO  server.GrpcLogAppender (GrpcLogAppender.java:onNext(403)) - omNode-1@group-523986131536->omNode-2-InstallSnapshotResponseHandler: received a reply omNode-1<-omNode-2#0:FAIL-t6,IN_PROGRESS
2022-10-04 13:26:30,249 [grpc-default-executor-3] INFO  server.GrpcLogAppender (GrpcLogAppender.java:onNext(421)) - omNode-1@group-523986131536->omNode-2-InstallSnapshotResponseHandler: InstallSnapshot in progress.
2022-10-04 13:26:30,250 [omNode-1@group-523986131536->omNode-2-GrpcLogAppender-LogAppenderDaemon] INFO  server.GrpcLogAppender (GrpcLogAppender.java:installSnapshot(541)) - omNode-1@group-523986131536->omNode-2-GrpcLogAppender: followerNextIndex = 57 but logStartIndex = 59, notify follower to install snapshot-(t:6, i:59)
2022-10-04 13:26:30,250 [omNode-1@group-523986131536->omNode-2-GrpcLogAppender-LogAppenderDaemon] INFO  server.GrpcLogAppender (GrpcLogAppender.java:installSnapshot(549)) - omNode-1@group-523986131536->omNode-2-GrpcLogAppender: send omNode-1->omNode-2#0-t6,notify:(t:6, i:59)
2022-10-04 13:26:30,251 [omNode-2-server-thread1] INFO  server.RaftServer$Division (RaftServerImpl.java:checkInconsistentAppendEntries(1402)) - omNode-2@group-523986131536: Failed appendEntries as snapshot (59) installation is in progress
2022-10-04 13:26:30,251 [omNode-2-server-thread1] INFO  server.RaftServer$Division (RaftServerImpl.java:checkInconsistentAppendEntries(1394)) - omNode-2@group-523986131536: inconsistency entries. Reply:omNode-1<-omNode-2#538:FAIL-t6,INCONSISTENCY,nextIndex=57,followerCommit=56
2022-10-04 13:26:30,251 [grpc-default-executor-2] INFO  impl.SnapshotInstallationHandler (SnapshotInstallationHandler.java:installSnapshot(84)) - omNode-2@group-523986131536: receive installSnapshot: omNode-1->omNode-2#0-t6,notify:(t:6, i:59)
2022-10-04 13:26:30,252 [grpc-default-executor-2] INFO  impl.SnapshotInstallationHandler (SnapshotInstallationHandler.java:installSnapshot(95)) - omNode-2@group-523986131536: reply installSnapshot: omNode-1<-omNode-2#0:FAIL-t6,IN_PROGRESS
2022-10-04 13:26:30,252 [grpc-default-executor-2] INFO  server.GrpcServerProtocolService (GrpcServerProtocolService.java:onCompleted(140)) - omNode-2: Completed INSTALL_SNAPSHOT, lastRequest: omNode-1->omNode-2#0-t6,notify:(t:6, i:59)
2022-10-04 13:26:30,253 [grpc-default-executor-2] INFO  leader.FollowerInfo (FollowerInfoImpl.java:lambda$new$0(48)) - omNode-1@group-523986131536->omNode-2: nextIndex: updateUnconditionally 57 -> 57
2022-10-04 13:26:30,253 [grpc-default-executor-2] INFO  server.GrpcLogAppender (GrpcLogAppender.java:onNext(403)) - omNode-1@group-523986131536->omNode-2-InstallSnapshotResponseHandler: received a reply omNode-1<-omNode-2#0:FAIL-t6,IN_PROGRESS
2022-10-04 13:26:30,253 [grpc-default-executor-2] INFO  server.GrpcLogAppender (GrpcLogAppender.java:onNext(421)) - omNode-1@group-523986131536->omNode-2-InstallSnapshotResponseHandler: InstallSnapshot in progress.
2022-10-04 13:26:30,254 [omNode-1@group-523986131536->omNode-2-GrpcLogAppender-LogAppenderDaemon] INFO  server.GrpcLogAppender (GrpcLogAppender.java:installSnapshot(541)) - omNode-1@group-523986131536->omNode-2-GrpcLogAppender: followerNextIndex = 57 but logStartIndex = 59, notify follower to install snapshot-(t:6, i:59)
2022-10-04 13:26:30,254 [omNode-1@group-523986131536->omNode-2-GrpcLogAppender-LogAppenderDaemon] INFO  server.GrpcLogAppender (GrpcLogAppender.java:installSnapshot(549)) - omNode-1@group-523986131536->omNode-2-GrpcLogAppender: send omNode-1->omNode-2#0-t6,notify:(t:6, i:59)
2022-10-04 13:26:30,255 [omNode-2-server-thread1] INFO  server.RaftServer$Division (RaftServerImpl.java:checkInconsistentAppendEntries(1402)) - omNode-2@group-523986131536: Failed appendEntries as snapshot (59) installation is in progress
2022-10-04 13:26:30,255 [omNode-2-server-thread1] INFO  server.RaftServer$Division (RaftServerImpl.java:checkInconsistentAppendEntries(1394)) - omNode-2@group-523986131536: inconsistency entries. Reply:omNode-1<-omNode-2#539:FAIL-t6,INCONSISTENCY,nextIndex=57,followerCommit=56
2022-10-04 13:26:30,255 [grpc-default-executor-2] INFO  impl.SnapshotInstallationHandler (SnapshotInstallationHandler.java:installSnapshot(84)) - omNode-2@group-523986131536: receive installSnapshot: omNode-1->omNode-2#0-t6,notify:(t:6, i:59)
2022-10-04 13:26:30,255 [grpc-default-executor-2] INFO  impl.SnapshotInstallationHandler (SnapshotInstallationHandler.java:installSnapshot(95)) - omNode-2@group-523986131536: reply installSnapshot: omNode-1<-omNode-2#0:FAIL-t6,IN_PROGRESS
2022-10-04 13:26:30,256 [grpc-default-executor-2] INFO  server.GrpcServerProtocolService (GrpcServerProtocolService.java:onCompleted(140)) - omNode-2: Completed INSTALL_SNAPSHOT, lastRequest: omNode-1->omNode-2#0-t6,notify:(t:6, i:59)
2022-10-04 13:26:30,256 [grpc-default-executor-2] INFO  leader.FollowerInfo (FollowerInfoImpl.java:lambda$new$0(48)) - omNode-1@group-523986131536->omNode-2: nextIndex: updateUnconditionally 57 -> 57
2022-10-04 13:26:30,257 [grpc-default-executor-2] INFO  server.GrpcLogAppender (GrpcLogAppender.java:onNext(403)) - omNode-1@group-523986131536->omNode-2-InstallSnapshotResponseHandler: received a reply omNode-1<-omNode-2#0:FAIL-t6,IN_PROGRESS
2022-10-04 13:26:30,257 [grpc-default-executor-2] INFO  server.GrpcLogAppender (GrpcLogAppender.java:onNext(421)) - omNode-1@group-523986131536->omNode-2-InstallSnapshotResponseHandler: InstallSnapshot in progress.
2022-10-04 13:26:30,257 [omNode-1@group-523986131536->omNode-2-GrpcLogAppender-LogAppenderDaemon] INFO  server.GrpcLogAppender (GrpcLogAppender.java:installSnapshot(541)) - omNode-1@group-523986131536->omNode-2-GrpcLogAppender: followerNextIndex = 57 but logStartIndex = 59, notify follower to install snapshot-(t:6, i:59)
2022-10-04 13:26:30,257 [omNode-1@group-523986131536->omNode-2-GrpcLogAppender-LogAppenderDaemon] INFO  server.GrpcLogAppender (GrpcLogAppender.java:installSnapshot(549)) - omNode-1@group-523986131536->omNode-2-GrpcLogAppender: send omNode-1->omNode-2#0-t6,notify:(t:6, i:59)
2022-10-04 13:26:30,258 [omNode-2-server-thread1] INFO  server.RaftServer$Division (RaftServerImpl.java:checkInconsistentAppendEntries(1402)) - omNode-2@group-523986131536: Failed appendEntries as snapshot (59) installation is in progress
2022-10-04 13:26:30,258 [omNode-2-server-thread1] INFO  server.RaftServer$Division (RaftServerImpl.java:checkInconsistentAppendEntries(1394)) - omNode-2@group-523986131536: inconsistency entries. Reply:omNode-1<-omNode-2#540:FAIL-t6,INCONSISTENCY,nextIndex=57,followerCommit=56
2022-10-04 13:26:30,259 [grpc-default-executor-2] INFO  impl.SnapshotInstallationHandler (SnapshotInstallationHandler.java:installSnapshot(84)) - omNode-2@group-523986131536: receive installSnapshot: omNode-1->omNode-2#0-t6,notify:(t:6, i:59)
2022-10-04 13:26:30,259 [grpc-default-executor-2] INFO  impl.SnapshotInstallationHandler (SnapshotInstallationHandler.java:installSnapshot(95)) - omNode-2@group-523986131536: reply installSnapshot: omNode-1<-omNode-2#0:FAIL-t6,IN_PROGRESS
2022-10-04 13:26:30,259 [grpc-default-executor-2] INFO  server.GrpcServerProtocolService (GrpcServerProtocolService.java:onCompleted(140)) - omNode-2: Completed INSTALL_SNAPSHOT, lastRequest: omNode-1->omNode-2#0-t6,notify:(t:6, i:59)
2022-10-04 13:26:30,260 [grpc-default-executor-2] INFO  leader.FollowerInfo (FollowerInfoImpl.java:lambda$new$0(48)) - omNode-1@group-523986131536->omNode-2: nextIndex: updateUnconditionally 57 -> 57
2022-10-04 13:26:30,260 [grpc-default-executor-2] INFO  server.GrpcLogAppender (GrpcLogAppender.java:onNext(403)) - omNode-1@group-523986131536->omNode-2-InstallSnapshotResponseHandler: received a reply omNode-1<-omNode-2#0:FAIL-t6,IN_PROGRESS
2022-10-04 13:26:30,260 [grpc-default-executor-2] INFO  server.GrpcLogAppender (GrpcLogAppender.java:onNext(421)) - omNode-1@group-523986131536->omNode-2-InstallSnapshotResponseHandler: InstallSnapshot in progress.
2022-10-04 13:26:30,260 [omNode-1@group-523986131536->omNode-2-GrpcLogAppender-LogAppenderDaemon] INFO  server.GrpcLogAppender (GrpcLogAppender.java:installSnapshot(541)) - omNode-1@group-523986131536->omNode-2-GrpcLogAppender: followerNextIndex = 57 but logStartIndex = 59, notify follower to install snapshot-(t:6, i:59)
2022-10-04 13:26:30,260 [omNode-1@group-523986131536->omNode-2-GrpcLogAppender-LogAppenderDaemon] INFO  server.GrpcLogAppender (GrpcLogAppender.java:installSnapshot(549)) - omNode-1@group-523986131536->omNode-2-GrpcLogAppender: send omNode-1->omNode-2#0-t6,notify:(t:6, i:59)
2022-10-04 13:26:30,261 [omNode-2-server-thread1] INFO  server.RaftServer$Division (RaftServerImpl.java:checkInconsistentAppendEntries(1402)) - omNode-2@group-523986131536: Failed appendEntries as snapshot (59) installation is in progress
2022-10-04 13:26:30,261 [omNode-2-server-thread1] INFO  server.RaftServer$Division (RaftServerImpl.java:checkInconsistentAppendEntries(1394)) - omNode-2@group-523986131536: inconsistency entries. Reply:omNode-1<-omNode-2#541:FAIL-t6,INCONSISTENCY,nextIndex=57,followerCommit=56
2022-10-04 13:26:30,262 [grpc-default-executor-2] INFO  impl.SnapshotInstallationHandler (SnapshotInstallationHandler.java:installSnapshot(84)) - omNode-2@group-523986131536: receive installSnapshot: omNode-1->omNode-2#0-t6,notify:(t:6, i:59)
2022-10-04 13:26:30,262 [grpc-default-executor-2] INFO  impl.SnapshotInstallationHandler (SnapshotInstallationHandler.java:installSnapshot(95)) - omNode-2@group-523986131536: reply installSnapshot: omNode-1<-omNode-2#0:FAIL-t6,IN_PROGRESS
2022-10-04 13:26:30,262 [grpc-default-executor-2] INFO  server.GrpcServerProtocolService (GrpcServerProtocolService.java:onCompleted(140)) - omNode-2: Completed INSTALL_SNAPSHOT, lastRequest: omNode-1->omNode-2#0-t6,notify:(t:6, i:59)
2022-10-04 13:26:30,263 [grpc-default-executor-2] INFO  leader.FollowerInfo (FollowerInfoImpl.java:lambda$new$0(48)) - omNode-1@group-523986131536->omNode-2: nextIndex: updateUnconditionally 57 -> 57
2022-10-04 13:26:30,263 [grpc-default-executor-2] INFO  server.GrpcLogAppender (GrpcLogAppender.java:onNext(403)) - omNode-1@group-523986131536->omNode-2-InstallSnapshotResponseHandler: received a reply omNode-1<-omNode-2#0:FAIL-t6,IN_PROGRESS
2022-10-04 13:26:30,263 [grpc-default-executor-2] INFO  server.GrpcLogAppender (GrpcLogAppender.java:onNext(421)) - omNode-1@group-523986131536->omNode-2-InstallSnapshotResponseHandler: InstallSnapshot in progress.
2022-10-04 13:26:30,263 [omNode-1@group-523986131536->omNode-2-GrpcLogAppender-LogAppenderDaemon] INFO  server.GrpcLogAppender (GrpcLogAppender.java:installSnapshot(541)) - omNode-1@group-523986131536->omNode-2-GrpcLogAppender: followerNextIndex = 57 but logStartIndex = 59, notify follower to install snapshot-(t:6, i:59)
2022-10-04 13:26:30,263 [omNode-1@group-523986131536->omNode-2-GrpcLogAppender-LogAppenderDaemon] INFO  server.GrpcLogAppender (GrpcLogAppender.java:installSnapshot(549)) - omNode-1@group-523986131536->omNode-2-GrpcLogAppender: send omNode-1->omNode-2#0-t6,notify:(t:6, i:59)
2022-10-04 13:26:30,264 [omNode-2-server-thread1] INFO  server.RaftServer$Division (RaftServerImpl.java:checkInconsistentAppendEntries(1402)) - omNode-2@group-523986131536: Failed appendEntries as snapshot (59) installation is in progress
2022-10-04 13:26:30,264 [omNode-2-server-thread1] INFO  server.RaftServer$Division (RaftServerImpl.java:checkInconsistentAppendEntries(1394)) - omNode-2@group-523986131536: inconsistency entries. Reply:omNode-1<-omNode-2#542:FAIL-t6,INCONSISTENCY,nextIndex=57,followerCommit=56
2022-10-04 13:26:30,265 [grpc-default-executor-3] INFO  impl.SnapshotInstallationHandler (SnapshotInstallationHandler.java:installSnapshot(84)) - omNode-2@group-523986131536: receive installSnapshot: omNode-1->omNode-2#0-t6,notify:(t:6, i:59)
2022-10-04 13:26:30,265 [grpc-default-executor-3] INFO  impl.SnapshotInstallationHandler (SnapshotInstallationHandler.java:installSnapshot(95)) - omNode-2@group-523986131536: reply installSnapshot: omNode-1<-omNode-2#0:FAIL-t6,IN_PROGRESS
2022-10-04 13:26:30,265 [grpc-default-executor-3] INFO  server.GrpcServerProtocolService (GrpcServerProtocolService.java:onCompleted(140)) - omNode-2: Completed INSTALL_SNAPSHOT, lastRequest: omNode-1->omNode-2#0-t6,notify:(t:6, i:59)
2022-10-04 13:26:30,267 [grpc-default-executor-2] INFO  leader.FollowerInfo (FollowerInfoImpl.java:lambda$new$0(48)) - omNode-1@group-523986131536->omNode-2: nextIndex: updateUnconditionally 57 -> 57
2022-10-04 13:26:30,267 [grpc-default-executor-2] INFO  server.GrpcLogAppender (GrpcLogAppender.java:onNext(403)) - omNode-1@group-523986131536->omNode-2-InstallSnapshotResponseHandler: received a reply omNode-1<-omNode-2#0:FAIL-t6,IN_PROGRESS
2022-10-04 13:26:30,267 [grpc-default-executor-2] INFO  server.GrpcLogAppender (GrpcLogAppender.java:onNext(421)) - omNode-1@group-523986131536->omNode-2-InstallSnapshotResponseHandler: InstallSnapshot in progress.
2022-10-04 13:26:30,268 [omNode-1@group-523986131536->omNode-2-GrpcLogAppender-LogAppenderDaemon] INFO  server.GrpcLogAppender (GrpcLogAppender.java:installSnapshot(541)) - omNode-1@group-523986131536->omNode-2-GrpcLogAppender: followerNextIndex = 57 but logStartIndex = 59, notify follower to install snapshot-(t:6, i:59)
2022-10-04 13:26:30,268 [omNode-1@group-523986131536->omNode-2-GrpcLogAppender-LogAppenderDaemon] INFO  server.GrpcLogAppender (GrpcLogAppender.java:installSnapshot(549)) - omNode-1@group-523986131536->omNode-2-GrpcLogAppender: send omNode-1->omNode-2#0-t6,notify:(t:6, i:59)
2022-10-04 13:26:30,272 [OM StateMachine ApplyTransaction Thread - 0] ERROR key.OMKeysDeleteRequest (OMKeysDeleteRequest.java:validateAndUpdateCache(146)) - Received a request to delete a Key does not exist /volume89536/a4fbc2d6-b132-417d-8ff6-e3b1a8a21867/dir/file3
2022-10-04 13:26:30,274 [Listener at localhost/45931] INFO  om.OzoneManager (OzoneManager.java:stop(2036)) - omNode-3[localhost:43101]: Stopping Ozone Manager
2022-10-04 13:26:30,275 [grpc-default-executor-3] INFO  impl.SnapshotInstallationHandler (SnapshotInstallationHandler.java:installSnapshot(84)) - omNode-2@group-523986131536: receive installSnapshot: omNode-1->omNode-2#0-t6,notify:(t:6, i:59)
2022-10-04 13:26:30,274 [omNode-2-server-thread1] INFO  server.RaftServer$Division (RaftServerImpl.java:checkInconsistentAppendEntries(1402)) - omNode-2@group-523986131536: Failed appendEntries as snapshot (59) installation is in progress
2022-10-04 13:26:30,277 [omNode-2-server-thread1] INFO  server.RaftServer$Division (RaftServerImpl.java:checkInconsistentAppendEntries(1394)) - omNode-2@group-523986131536: inconsistency entries. Reply:omNode-1<-omNode-2#543:FAIL-t6,INCONSISTENCY,nextIndex=57,followerCommit=56
2022-10-04 13:26:30,275 [Listener at localhost/45931] INFO  ipc.Server (Server.java:stop(3414)) - Stopping server on 43101
2022-10-04 13:26:30,280 [IPC Server Responder] INFO  ipc.Server (Server.java:run(1512)) - Stopping IPC Server Responder
2022-10-04 13:26:30,281 [Listener at localhost/45931] INFO  server.RaftServer (RaftServerProxy.java:lambda$close$7(398)) - omNode-3: close
2022-10-04 13:26:30,281 [Listener at localhost/45931] INFO  server.RaftServer$Division (RaftServerImpl.java:lambda$close$4(434)) - omNode-3@group-523986131536: shutdown
2022-10-04 13:26:30,281 [Listener at localhost/45931] INFO  util.JmxRegister (JmxRegister.java:unregister(73)) - Successfully un-registered JMX Bean with object name Ratis:service=RaftServer,group=group-523986131536,id=omNode-3
2022-10-04 13:26:30,281 [Listener at localhost/45931] INFO  impl.RoleInfo (RoleInfo.java:shutdownFollowerState(110)) - omNode-3: shutdown omNode-3@group-523986131536-FollowerState
2022-10-04 13:26:30,282 [omNode-3@group-523986131536-FollowerState] INFO  impl.FollowerState (FollowerState.java:run(152)) - omNode-3@group-523986131536-FollowerState was interrupted
2022-10-04 13:26:30,283 [grpc-default-executor-3] INFO  impl.SnapshotInstallationHandler (SnapshotInstallationHandler.java:installSnapshot(95)) - omNode-2@group-523986131536: reply installSnapshot: omNode-1<-omNode-2#0:FAIL-t6,IN_PROGRESS
2022-10-04 13:26:30,283 [grpc-default-executor-3] INFO  server.GrpcServerProtocolService (GrpcServerProtocolService.java:onCompleted(140)) - omNode-2: Completed INSTALL_SNAPSHOT, lastRequest: omNode-1->omNode-2#0-t6,notify:(t:6, i:59)
2022-10-04 13:26:30,284 [IPC Server listener on 43101] INFO  ipc.Server (Server.java:run(1376)) - Stopping IPC Server listener on 43101
2022-10-04 13:26:30,286 [grpc-default-executor-1] INFO  server.GrpcLogAppender (GrpcLogAppender.java:onNext(403)) - omNode-1@group-523986131536->omNode-2-InstallSnapshotResponseHandler: received a reply omNode-1<-omNode-2#0:FAIL-t6,IN_PROGRESS
2022-10-04 13:26:30,287 [grpc-default-executor-1] INFO  server.GrpcLogAppender (GrpcLogAppender.java:onNext(421)) - omNode-1@group-523986131536->omNode-2-InstallSnapshotResponseHandler: InstallSnapshot in progress.
2022-10-04 13:26:30,287 [omNode-1@group-523986131536->omNode-2-GrpcLogAppender-LogAppenderDaemon] INFO  server.GrpcLogAppender (GrpcLogAppender.java:installSnapshot(541)) - omNode-1@group-523986131536->omNode-2-GrpcLogAppender: followerNextIndex = 57 but logStartIndex = 59, notify follower to install snapshot-(t:6, i:59)
2022-10-04 13:26:30,287 [omNode-1@group-523986131536->omNode-2-GrpcLogAppender-LogAppenderDaemon] INFO  server.GrpcLogAppender (GrpcLogAppender.java:installSnapshot(549)) - omNode-1@group-523986131536->omNode-2-GrpcLogAppender: send omNode-1->omNode-2#0-t6,notify:(t:6, i:59)
2022-10-04 13:26:30,287 [grpc-default-executor-3] INFO  leader.FollowerInfo (FollowerInfoImpl.java:lambda$new$0(48)) - omNode-1@group-523986131536->omNode-2: nextIndex: updateUnconditionally 57 -> 57
2022-10-04 13:26:30,288 [omNode-2-server-thread1] INFO  server.RaftServer$Division (RaftServerImpl.java:checkInconsistentAppendEntries(1402)) - omNode-2@group-523986131536: Failed appendEntries as snapshot (59) installation is in progress
2022-10-04 13:26:30,289 [omNode-2-server-thread1] INFO  server.RaftServer$Division (RaftServerImpl.java:checkInconsistentAppendEntries(1394)) - omNode-2@group-523986131536: inconsistency entries. Reply:omNode-1<-omNode-2#544:FAIL-t6,INCONSISTENCY,nextIndex=57,followerCommit=56
2022-10-04 13:26:30,289 [grpc-default-executor-3] INFO  impl.SnapshotInstallationHandler (SnapshotInstallationHandler.java:installSnapshot(84)) - omNode-2@group-523986131536: receive installSnapshot: omNode-1->omNode-2#0-t6,notify:(t:6, i:59)
2022-10-04 13:26:30,289 [grpc-default-executor-3] INFO  impl.SnapshotInstallationHandler (SnapshotInstallationHandler.java:installSnapshot(95)) - omNode-2@group-523986131536: reply installSnapshot: omNode-1<-omNode-2#0:FAIL-t6,IN_PROGRESS
2022-10-04 13:26:30,289 [grpc-default-executor-3] INFO  server.GrpcServerProtocolService (GrpcServerProtocolService.java:onCompleted(140)) - omNode-2: Completed INSTALL_SNAPSHOT, lastRequest: omNode-1->omNode-2#0-t6,notify:(t:6, i:59)
2022-10-04 13:26:30,290 [grpc-default-executor-2] INFO  server.GrpcLogAppender (GrpcLogAppender.java:onNext(403)) - omNode-1@group-523986131536->omNode-2-InstallSnapshotResponseHandler: received a reply omNode-1<-omNode-2#0:FAIL-t6,IN_PROGRESS
2022-10-04 13:26:30,290 [grpc-default-executor-2] INFO  server.GrpcLogAppender (GrpcLogAppender.java:onNext(421)) - omNode-1@group-523986131536->omNode-2-InstallSnapshotResponseHandler: InstallSnapshot in progress.
2022-10-04 13:26:30,290 [omNode-1@group-523986131536->omNode-2-GrpcLogAppender-LogAppenderDaemon] INFO  server.GrpcLogAppender (GrpcLogAppender.java:installSnapshot(541)) - omNode-1@group-523986131536->omNode-2-GrpcLogAppender: followerNextIndex = 57 but logStartIndex = 59, notify follower to install snapshot-(t:6, i:59)
2022-10-04 13:26:30,290 [omNode-1@group-523986131536->omNode-2-GrpcLogAppender-LogAppenderDaemon] INFO  server.GrpcLogAppender (GrpcLogAppender.java:installSnapshot(549)) - omNode-1@group-523986131536->omNode-2-GrpcLogAppender: send omNode-1->omNode-2#0-t6,notify:(t:6, i:59)
2022-10-04 13:26:30,291 [grpc-default-executor-3] INFO  leader.FollowerInfo (FollowerInfoImpl.java:lambda$new$0(48)) - omNode-1@group-523986131536->omNode-2: nextIndex: updateUnconditionally 57 -> 57
2022-10-04 13:26:30,291 [omNode-2-server-thread1] INFO  server.RaftServer$Division (RaftServerImpl.java:checkInconsistentAppendEntries(1402)) - omNode-2@group-523986131536: Failed appendEntries as snapshot (59) installation is in progress
2022-10-04 13:26:30,292 [omNode-2-server-thread1] INFO  server.RaftServer$Division (RaftServerImpl.java:checkInconsistentAppendEntries(1394)) - omNode-2@group-523986131536: inconsistency entries. Reply:omNode-1<-omNode-2#545:FAIL-t6,INCONSISTENCY,nextIndex=57,followerCommit=56
2022-10-04 13:26:30,292 [Listener at localhost/45931] INFO  impl.StateMachineUpdater (StateMachineUpdater.java:stopAndJoin(153)) - omNode-3@group-523986131536-StateMachineUpdater: set stopIndex = 141
2022-10-04 13:26:30,292 [omNode-3@group-523986131536-StateMachineUpdater] INFO  ratis.OzoneManagerStateMachine (OzoneManagerStateMachine.java:takeSnapshot(441)) - Current Snapshot Index (t:6, i:141)
2022-10-04 13:26:30,292 [omNode-3@group-523986131536-StateMachineUpdater] INFO  impl.StateMachineUpdater (StateMachineUpdater.java:takeSnapshot(287)) - omNode-3@group-523986131536-StateMachineUpdater: Took a snapshot at index 141
2022-10-04 13:26:30,292 [omNode-3@group-523986131536-StateMachineUpdater] INFO  impl.StateMachineUpdater (StateMachineUpdater.java:lambda$new$0(92)) - omNode-3@group-523986131536-StateMachineUpdater: snapshotIndex: updateIncreasingly 108 -> 141
2022-10-04 13:26:30,292 [omNode-3@group-523986131536-StateMachineUpdater] INFO  raftlog.RaftLog (RaftLogBase.java:purge(308)) - omNode-3@group-523986131536-SegmentedRaftLog: purge 141
2022-10-04 13:26:30,292 [omNode-3@group-523986131536-StateMachineUpdater] INFO  raftlog.RaftLog (RaftLogBase.java:lambda$new$0(53)) - omNode-3@group-523986131536-SegmentedRaftLog: snapshotIndex: updateIncreasingly 108 -> 141
2022-10-04 13:26:30,292 [omNode-3@group-523986131536-StateMachineUpdater] INFO  raftlog.RaftLog (RaftLogBase.java:lambda$new$0(53)) - omNode-3@group-523986131536-SegmentedRaftLog: purgeIndex: updateToMax old=58, new=141, updated? true
2022-10-04 13:26:30,292 [omNode-3@group-523986131536-StateMachineUpdater] INFO  ratis.OzoneManagerStateMachine (OzoneManagerStateMachine.java:close(495)) - StateMachine has shutdown. Shutdown OzoneManager if not already shutdown.
2022-10-04 13:26:30,292 [omNode-3@group-523986131536-StateMachineUpdater] INFO  ratis.OzoneManagerDoubleBuffer (OzoneManagerDoubleBuffer.java:stop(466)) - Stopping OMDoubleBuffer flush thread
2022-10-04 13:26:30,292 [grpc-default-executor-2] INFO  impl.SnapshotInstallationHandler (SnapshotInstallationHandler.java:installSnapshot(84)) - omNode-2@group-523986131536: receive installSnapshot: omNode-1->omNode-2#0-t6,notify:(t:6, i:59)
2022-10-04 13:26:30,292 [OMDoubleBufferFlushThread] INFO  ratis.OzoneManagerDoubleBuffer (OzoneManagerDoubleBuffer.java:flushTransactions(385)) - OMDoubleBuffer flush thread OMDoubleBufferFlushThread is interrupted and will exit.
2022-10-04 13:26:30,293 [grpc-default-executor-1] INFO  leader.FollowerInfo (FollowerInfoImpl.java:lambda$new$0(48)) - omNode-1@group-523986131536->omNode-2: nextIndex: updateUnconditionally 57 -> 57
2022-10-04 13:26:30,295 [grpc-default-executor-2] INFO  impl.SnapshotInstallationHandler (SnapshotInstallationHandler.java:installSnapshot(95)) - omNode-2@group-523986131536: reply installSnapshot: omNode-1<-omNode-2#0:FAIL-t6,IN_PROGRESS
2022-10-04 13:26:30,295 [grpc-default-executor-2] INFO  server.GrpcServerProtocolService (GrpcServerProtocolService.java:onCompleted(140)) - omNode-2: Completed INSTALL_SNAPSHOT, lastRequest: omNode-1->omNode-2#0-t6,notify:(t:6, i:59)
2022-10-04 13:26:30,295 [Listener at localhost/45931] INFO  server.RaftServer$Division (ServerState.java:close(429)) - omNode-3@group-523986131536: closes. applyIndex: 141
2022-10-04 13:26:30,295 [omNode-3@group-523986131536-SegmentedRaftLogWorker] INFO  segmented.SegmentedRaftLogWorker (SegmentedRaftLogWorker.java:run(336)) - omNode-3@group-523986131536-SegmentedRaftLogWorker was interrupted, exiting. There are 0 tasks remaining in the queue.
2022-10-04 13:26:30,297 [grpc-default-executor-1] INFO  server.GrpcLogAppender (GrpcLogAppender.java:onNext(403)) - omNode-1@group-523986131536->omNode-2-InstallSnapshotResponseHandler: received a reply omNode-1<-omNode-2#0:FAIL-t6,IN_PROGRESS
2022-10-04 13:26:30,297 [grpc-default-executor-1] INFO  server.GrpcLogAppender (GrpcLogAppender.java:onNext(421)) - omNode-1@group-523986131536->omNode-2-InstallSnapshotResponseHandler: InstallSnapshot in progress.
2022-10-04 13:26:30,297 [omNode-1@group-523986131536->omNode-2-GrpcLogAppender-LogAppenderDaemon] INFO  server.GrpcLogAppender (GrpcLogAppender.java:installSnapshot(541)) - omNode-1@group-523986131536->omNode-2-GrpcLogAppender: followerNextIndex = 57 but logStartIndex = 59, notify follower to install snapshot-(t:6, i:59)
2022-10-04 13:26:30,297 [omNode-1@group-523986131536->omNode-2-GrpcLogAppender-LogAppenderDaemon] INFO  server.GrpcLogAppender (GrpcLogAppender.java:installSnapshot(549)) - omNode-1@group-523986131536->omNode-2-GrpcLogAppender: send omNode-1->omNode-2#0-t6,notify:(t:6, i:59)
2022-10-04 13:26:30,298 [omNode-2-server-thread1] INFO  server.RaftServer$Division (RaftServerImpl.java:checkInconsistentAppendEntries(1402)) - omNode-2@group-523986131536: Failed appendEntries as snapshot (59) installation is in progress
2022-10-04 13:26:30,299 [omNode-2-server-thread1] INFO  server.RaftServer$Division (RaftServerImpl.java:checkInconsistentAppendEntries(1394)) - omNode-2@group-523986131536: inconsistency entries. Reply:omNode-1<-omNode-2#546:FAIL-t6,INCONSISTENCY,nextIndex=57,followerCommit=56
2022-10-04 13:26:30,300 [Listener at localhost/45931] INFO  segmented.SegmentedRaftLogWorker (SegmentedRaftLogWorker.java:close(246)) - omNode-3@group-523986131536-SegmentedRaftLogWorker close()
2022-10-04 13:26:30,300 [grpc-default-executor-2] INFO  impl.SnapshotInstallationHandler (SnapshotInstallationHandler.java:installSnapshot(84)) - omNode-2@group-523986131536: receive installSnapshot: omNode-1->omNode-2#0-t6,notify:(t:6, i:59)
2022-10-04 13:26:30,301 [grpc-default-executor-2] INFO  impl.SnapshotInstallationHandler (SnapshotInstallationHandler.java:installSnapshot(95)) - omNode-2@group-523986131536: reply installSnapshot: omNode-1<-omNode-2#0:FAIL-t6,IN_PROGRESS
2022-10-04 13:26:30,301 [grpc-default-executor-2] INFO  server.GrpcServerProtocolService (GrpcServerProtocolService.java:onCompleted(140)) - omNode-2: Completed INSTALL_SNAPSHOT, lastRequest: omNode-1->omNode-2#0-t6,notify:(t:6, i:59)
2022-10-04 13:26:30,302 [grpc-default-executor-1] INFO  server.GrpcLogAppender (GrpcLogAppender.java:onNext(403)) - omNode-1@group-523986131536->omNode-2-InstallSnapshotResponseHandler: received a reply omNode-1<-omNode-2#0:FAIL-t6,IN_PROGRESS
2022-10-04 13:26:30,302 [grpc-default-executor-1] INFO  server.GrpcLogAppender (GrpcLogAppender.java:onNext(421)) - omNode-1@group-523986131536->omNode-2-InstallSnapshotResponseHandler: InstallSnapshot in progress.
2022-10-04 13:26:30,303 [omNode-1@group-523986131536->omNode-2-GrpcLogAppender-LogAppenderDaemon] INFO  server.GrpcLogAppender (GrpcLogAppender.java:installSnapshot(541)) - omNode-1@group-523986131536->omNode-2-GrpcLogAppender: followerNextIndex = 57 but logStartIndex = 59, notify follower to install snapshot-(t:6, i:59)
2022-10-04 13:26:30,303 [omNode-1@group-523986131536->omNode-2-GrpcLogAppender-LogAppenderDaemon] INFO  server.GrpcLogAppender (GrpcLogAppender.java:installSnapshot(549)) - omNode-1@group-523986131536->omNode-2-GrpcLogAppender: send omNode-1->omNode-2#0-t6,notify:(t:6, i:59)
2022-10-04 13:26:30,304 [omNode-2-server-thread1] INFO  server.RaftServer$Division (RaftServerImpl.java:checkInconsistentAppendEntries(1402)) - omNode-2@group-523986131536: Failed appendEntries as snapshot (59) installation is in progress
2022-10-04 13:26:30,304 [omNode-2-server-thread1] INFO  server.RaftServer$Division (RaftServerImpl.java:checkInconsistentAppendEntries(1394)) - omNode-2@group-523986131536: inconsistency entries. Reply:omNode-1<-omNode-2#547:FAIL-t6,INCONSISTENCY,nextIndex=57,followerCommit=56
2022-10-04 13:26:30,305 [grpc-default-executor-1] INFO  impl.SnapshotInstallationHandler (SnapshotInstallationHandler.java:installSnapshot(84)) - omNode-2@group-523986131536: receive installSnapshot: omNode-1->omNode-2#0-t6,notify:(t:6, i:59)
2022-10-04 13:26:30,305 [grpc-default-executor-1] INFO  impl.SnapshotInstallationHandler (SnapshotInstallationHandler.java:installSnapshot(95)) - omNode-2@group-523986131536: reply installSnapshot: omNode-1<-omNode-2#0:FAIL-t6,IN_PROGRESS
2022-10-04 13:26:30,305 [grpc-default-executor-1] INFO  server.GrpcServerProtocolService (GrpcServerProtocolService.java:onCompleted(140)) - omNode-2: Completed INSTALL_SNAPSHOT, lastRequest: omNode-1->omNode-2#0-t6,notify:(t:6, i:59)
2022-10-04 13:26:30,307 [grpc-default-executor-2] INFO  leader.FollowerInfo (FollowerInfoImpl.java:lambda$new$0(48)) - omNode-1@group-523986131536->omNode-2: nextIndex: updateUnconditionally 57 -> 57
2022-10-04 13:26:30,308 [grpc-default-executor-0] INFO  leader.FollowerInfo (FollowerInfoImpl.java:lambda$new$0(48)) - omNode-1@group-523986131536->omNode-2: nextIndex: updateUnconditionally 57 -> 57
2022-10-04 13:26:30,308 [Listener at localhost/45931] INFO  server.GrpcService (GrpcService.java:closeImpl(269)) - omNode-3: shutdown server with port 35537 now
2022-10-04 13:26:30,309 [grpc-default-executor-1] INFO  server.GrpcLogAppender (GrpcLogAppender.java:onNext(403)) - omNode-1@group-523986131536->omNode-2-InstallSnapshotResponseHandler: received a reply omNode-1<-omNode-2#0:FAIL-t6,IN_PROGRESS
2022-10-04 13:26:30,310 [grpc-default-executor-1] INFO  server.GrpcLogAppender (GrpcLogAppender.java:onNext(421)) - omNode-1@group-523986131536->omNode-2-InstallSnapshotResponseHandler: InstallSnapshot in progress.
2022-10-04 13:26:30,310 [omNode-1@group-523986131536->omNode-2-GrpcLogAppender-LogAppenderDaemon] INFO  server.GrpcLogAppender (GrpcLogAppender.java:installSnapshot(541)) - omNode-1@group-523986131536->omNode-2-GrpcLogAppender: followerNextIndex = 57 but logStartIndex = 59, notify follower to install snapshot-(t:6, i:59)
2022-10-04 13:26:30,310 [omNode-1@group-523986131536->omNode-2-GrpcLogAppender-LogAppenderDaemon] INFO  server.GrpcLogAppender (GrpcLogAppender.java:installSnapshot(549)) - omNode-1@group-523986131536->omNode-2-GrpcLogAppender: send omNode-1->omNode-2#0-t6,notify:(t:6, i:59)
2022-10-04 13:26:30,312 [omNode-2-server-thread1] INFO  server.RaftServer$Division (RaftServerImpl.java:checkInconsistentAppendEntries(1402)) - omNode-2@group-523986131536: Failed appendEntries as snapshot (59) installation is in progress
2022-10-04 13:26:30,312 [omNode-2-server-thread1] INFO  server.RaftServer$Division (RaftServerImpl.java:checkInconsistentAppendEntries(1394)) - omNode-2@group-523986131536: inconsistency entries. Reply:omNode-1<-omNode-2#548:FAIL-t6,INCONSISTENCY,nextIndex=57,followerCommit=56
2022-10-04 13:26:30,312 [grpc-default-executor-2] INFO  impl.SnapshotInstallationHandler (SnapshotInstallationHandler.java:installSnapshot(84)) - omNode-2@group-523986131536: receive installSnapshot: omNode-1->omNode-2#0-t6,notify:(t:6, i:59)
2022-10-04 13:26:30,312 [grpc-default-executor-2] INFO  impl.SnapshotInstallationHandler (SnapshotInstallationHandler.java:installSnapshot(95)) - omNode-2@group-523986131536: reply installSnapshot: omNode-1<-omNode-2#0:FAIL-t6,IN_PROGRESS
2022-10-04 13:26:30,313 [grpc-default-executor-2] INFO  server.GrpcServerProtocolService (GrpcServerProtocolService.java:onCompleted(140)) - omNode-2: Completed INSTALL_SNAPSHOT, lastRequest: omNode-1->omNode-2#0-t6,notify:(t:6, i:59)
2022-10-04 13:26:30,314 [grpc-default-executor-1] INFO  leader.FollowerInfo (FollowerInfoImpl.java:lambda$new$0(48)) - omNode-1@group-523986131536->omNode-2: nextIndex: updateUnconditionally 57 -> 57
2022-10-04 13:26:30,314 [grpc-default-executor-2] INFO  server.GrpcLogAppender (GrpcLogAppender.java:onNext(403)) - omNode-1@group-523986131536->omNode-2-InstallSnapshotResponseHandler: received a reply omNode-1<-omNode-2#0:FAIL-t6,IN_PROGRESS
2022-10-04 13:26:30,314 [grpc-default-executor-2] INFO  server.GrpcLogAppender (GrpcLogAppender.java:onNext(421)) - omNode-1@group-523986131536->omNode-2-InstallSnapshotResponseHandler: InstallSnapshot in progress.
2022-10-04 13:26:30,314 [omNode-1@group-523986131536->omNode-2-GrpcLogAppender-LogAppenderDaemon] INFO  server.GrpcLogAppender (GrpcLogAppender.java:installSnapshot(541)) - omNode-1@group-523986131536->omNode-2-GrpcLogAppender: followerNextIndex = 57 but logStartIndex = 59, notify follower to install snapshot-(t:6, i:59)
2022-10-04 13:26:30,314 [omNode-1@group-523986131536->omNode-2-GrpcLogAppender-LogAppenderDaemon] INFO  server.GrpcLogAppender (GrpcLogAppender.java:installSnapshot(549)) - omNode-1@group-523986131536->omNode-2-GrpcLogAppender: send omNode-1->omNode-2#0-t6,notify:(t:6, i:59)
2022-10-04 13:26:30,316 [Listener at localhost/45931] INFO  server.GrpcService (GrpcService.java:closeImpl(278)) - omNode-3: shutdown server with port 35537 successfully
2022-10-04 13:26:30,316 [org.apache.ratis.util.JvmPauseMonitor$$Lambda$699/75026084@3418f425] INFO  util.JvmPauseMonitor (JvmPauseMonitor.java:run(109)) - JvmPauseMonitor-omNode-3: Stopped
2022-10-04 13:26:30,317 [Listener at localhost/45931] INFO  ratis.OzoneManagerStateMachine (OzoneManagerStateMachine.java:close(495)) - StateMachine has shutdown. Shutdown OzoneManager if not already shutdown.
2022-10-04 13:26:30,317 [Listener at localhost/45931] INFO  ratis.OzoneManagerDoubleBuffer (OzoneManagerDoubleBuffer.java:stop(478)) - OMDoubleBuffer flush thread is not running.
2022-10-04 13:26:30,317 [grpc-default-executor-2] INFO  impl.SnapshotInstallationHandler (SnapshotInstallationHandler.java:installSnapshot(84)) - omNode-2@group-523986131536: receive installSnapshot: omNode-1->omNode-2#0-t6,notify:(t:6, i:59)
2022-10-04 13:26:30,317 [omNode-2-server-thread1] INFO  server.RaftServer$Division (RaftServerImpl.java:checkInconsistentAppendEntries(1402)) - omNode-2@group-523986131536: Failed appendEntries as snapshot (59) installation is in progress
2022-10-04 13:26:30,317 [omNode-2-server-thread1] INFO  server.RaftServer$Division (RaftServerImpl.java:checkInconsistentAppendEntries(1394)) - omNode-2@group-523986131536: inconsistency entries. Reply:omNode-1<-omNode-2#549:FAIL-t6,INCONSISTENCY,nextIndex=57,followerCommit=56
2022-10-04 13:26:30,317 [grpc-default-executor-1] WARN  server.GrpcServerProtocolService (LogUtils.java:warn(122)) - omNode-3: installSnapshot onError, lastRequest: omNode-1->omNode-3#316-t6,previous=(t:6, i:143),leaderCommit=143,initializing? true,entries: size=1, first=(t:6, i:144), METADATAENTRY(c:143): org.apache.ratis.thirdparty.io.grpc.StatusRuntimeException: CANCELLED: client cancelled
2022-10-04 13:26:30,318 [grpc-default-executor-2] INFO  impl.SnapshotInstallationHandler (SnapshotInstallationHandler.java:installSnapshot(95)) - omNode-2@group-523986131536: reply installSnapshot: omNode-1<-omNode-2#0:FAIL-t6,IN_PROGRESS
2022-10-04 13:26:30,318 [grpc-default-executor-2] INFO  server.GrpcServerProtocolService (GrpcServerProtocolService.java:onCompleted(140)) - omNode-2: Completed INSTALL_SNAPSHOT, lastRequest: omNode-1->omNode-2#0-t6,notify:(t:6, i:59)
2022-10-04 13:26:30,318 [Listener at localhost/45931] INFO  handler.ContextHandler (ContextHandler.java:doStop(1153)) - Stopped o.e.j.w.WebAppContext@612f5bee{ozoneManager,/,null,STOPPED}{file:/home/runner/work/ozone/ozone/hadoop-ozone/integration-test/target/test-classes/webapps/ozoneManager}
2022-10-04 13:26:30,319 [grpc-default-executor-1] WARN  server.GrpcLogAppender (LogUtils.java:warn(122)) - omNode-1@group-523986131536->omNode-3-AppendLogResponseHandler: Failed appendEntries: org.apache.ratis.thirdparty.io.grpc.StatusRuntimeException: CANCELLED: RST_STREAM closed stream. HTTP/2 error code: CANCEL
2022-10-04 13:26:30,319 [grpc-default-executor-0] INFO  server.GrpcLogAppender (GrpcLogAppender.java:onNext(403)) - omNode-1@group-523986131536->omNode-2-InstallSnapshotResponseHandler: received a reply omNode-1<-omNode-2#0:FAIL-t6,IN_PROGRESS
2022-10-04 13:26:30,319 [grpc-default-executor-0] INFO  server.GrpcLogAppender (GrpcLogAppender.java:onNext(421)) - omNode-1@group-523986131536->omNode-2-InstallSnapshotResponseHandler: InstallSnapshot in progress.
2022-10-04 13:26:30,319 [grpc-default-executor-3] INFO  leader.FollowerInfo (FollowerInfoImpl.java:lambda$new$0(48)) - omNode-1@group-523986131536->omNode-2: nextIndex: updateUnconditionally 57 -> 57
2022-10-04 13:26:30,320 [omNode-1@group-523986131536->omNode-2-GrpcLogAppender-LogAppenderDaemon] INFO  server.GrpcLogAppender (GrpcLogAppender.java:installSnapshot(541)) - omNode-1@group-523986131536->omNode-2-GrpcLogAppender: followerNextIndex = 57 but logStartIndex = 59, notify follower to install snapshot-(t:6, i:59)
2022-10-04 13:26:30,320 [omNode-1@group-523986131536->omNode-2-GrpcLogAppender-LogAppenderDaemon] INFO  server.GrpcLogAppender (GrpcLogAppender.java:installSnapshot(549)) - omNode-1@group-523986131536->omNode-2-GrpcLogAppender: send omNode-1->omNode-2#0-t6,notify:(t:6, i:59)
2022-10-04 13:26:30,320 [omNode-2-server-thread1] INFO  server.RaftServer$Division (RaftServerImpl.java:checkInconsistentAppendEntries(1402)) - omNode-2@group-523986131536: Failed appendEntries as snapshot (59) installation is in progress
2022-10-04 13:26:30,320 [omNode-2-server-thread1] INFO  server.RaftServer$Division (RaftServerImpl.java:checkInconsistentAppendEntries(1394)) - omNode-2@group-523986131536: inconsistency entries. Reply:omNode-1<-omNode-2#550:FAIL-t6,INCONSISTENCY,nextIndex=57,followerCommit=56
2022-10-04 13:26:30,323 [grpc-default-executor-3] INFO  impl.SnapshotInstallationHandler (SnapshotInstallationHandler.java:installSnapshot(84)) - omNode-2@group-523986131536: receive installSnapshot: omNode-1->omNode-2#0-t6,notify:(t:6, i:59)
2022-10-04 13:26:30,323 [grpc-default-executor-3] INFO  impl.SnapshotInstallationHandler (SnapshotInstallationHandler.java:installSnapshot(95)) - omNode-2@group-523986131536: reply installSnapshot: omNode-1<-omNode-2#0:FAIL-t6,IN_PROGRESS
2022-10-04 13:26:30,323 [grpc-default-executor-3] INFO  server.GrpcServerProtocolService (GrpcServerProtocolService.java:onCompleted(140)) - omNode-2: Completed INSTALL_SNAPSHOT, lastRequest: omNode-1->omNode-2#0-t6,notify:(t:6, i:59)
2022-10-04 13:26:30,323 [grpc-default-executor-0] INFO  leader.FollowerInfo (FollowerInfoImpl.java:lambda$new$0(48)) - omNode-1@group-523986131536->omNode-2: nextIndex: updateUnconditionally 57 -> 57
2022-10-04 13:26:30,324 [grpc-default-executor-3] INFO  server.GrpcLogAppender (GrpcLogAppender.java:onNext(403)) - omNode-1@group-523986131536->omNode-2-InstallSnapshotResponseHandler: received a reply omNode-1<-omNode-2#0:FAIL-t6,IN_PROGRESS
2022-10-04 13:26:30,324 [grpc-default-executor-3] INFO  server.GrpcLogAppender (GrpcLogAppender.java:onNext(421)) - omNode-1@group-523986131536->omNode-2-InstallSnapshotResponseHandler: InstallSnapshot in progress.
2022-10-04 13:26:30,324 [grpc-default-executor-1] INFO  leader.FollowerInfo (FollowerInfoImpl.java:lambda$new$0(48)) - omNode-1@group-523986131536->omNode-3: nextIndex: updateUnconditionally 145 -> 144
2022-10-04 13:26:30,324 [omNode-1@group-523986131536->omNode-2-GrpcLogAppender-LogAppenderDaemon] INFO  server.GrpcLogAppender (GrpcLogAppender.java:installSnapshot(541)) - omNode-1@group-523986131536->omNode-2-GrpcLogAppender: followerNextIndex = 57 but logStartIndex = 59, notify follower to install snapshot-(t:6, i:59)
2022-10-04 13:26:30,324 [omNode-1@group-523986131536->omNode-2-GrpcLogAppender-LogAppenderDaemon] INFO  server.GrpcLogAppender (GrpcLogAppender.java:installSnapshot(549)) - omNode-1@group-523986131536->omNode-2-GrpcLogAppender: send omNode-1->omNode-2#0-t6,notify:(t:6, i:59)
2022-10-04 13:26:30,325 [omNode-2-server-thread1] INFO  server.RaftServer$Division (RaftServerImpl.java:checkInconsistentAppendEntries(1402)) - omNode-2@group-523986131536: Failed appendEntries as snapshot (59) installation is in progress
2022-10-04 13:26:30,325 [omNode-2-server-thread1] INFO  server.RaftServer$Division (RaftServerImpl.java:checkInconsistentAppendEntries(1394)) - omNode-2@group-523986131536: inconsistency entries. Reply:omNode-1<-omNode-2#551:FAIL-t6,INCONSISTENCY,nextIndex=57,followerCommit=56
2022-10-04 13:26:30,325 [grpc-default-executor-1] INFO  impl.SnapshotInstallationHandler (SnapshotInstallationHandler.java:installSnapshot(84)) - omNode-2@group-523986131536: receive installSnapshot: omNode-1->omNode-2#0-t6,notify:(t:6, i:59)
2022-10-04 13:26:30,325 [grpc-default-executor-1] INFO  impl.SnapshotInstallationHandler (SnapshotInstallationHandler.java:installSnapshot(95)) - omNode-2@group-523986131536: reply installSnapshot: omNode-1<-omNode-2#0:FAIL-t6,IN_PROGRESS
2022-10-04 13:26:30,326 [grpc-default-executor-1] INFO  server.GrpcServerProtocolService (GrpcServerProtocolService.java:onCompleted(140)) - omNode-2: Completed INSTALL_SNAPSHOT, lastRequest: omNode-1->omNode-2#0-t6,notify:(t:6, i:59)
2022-10-04 13:26:30,326 [grpc-default-executor-3] INFO  leader.FollowerInfo (FollowerInfoImpl.java:lambda$new$0(48)) - omNode-1@group-523986131536->omNode-2: nextIndex: updateUnconditionally 57 -> 57
2022-10-04 13:26:30,326 [Listener at localhost/45931] INFO  server.AbstractConnector (AbstractConnector.java:doStop(381)) - Stopped ServerConnector@124227c1{HTTP/1.1, (http/1.1)}{0.0.0.0:41475}
2022-10-04 13:26:30,326 [Listener at localhost/45931] INFO  server.session (HouseKeeper.java:stopScavenging(149)) - node0 Stopped scavenging
2022-10-04 13:26:30,326 [Listener at localhost/45931] INFO  handler.ContextHandler (ContextHandler.java:doStop(1153)) - Stopped o.e.j.s.ServletContextHandler@780ef01e{static,/static,file:///home/runner/work/ozone/ozone/hadoop-ozone/integration-test/target/test-classes/webapps/static,STOPPED}
2022-10-04 13:26:30,327 [Listener at localhost/45931] INFO  handler.ContextHandler (ContextHandler.java:doStop(1153)) - Stopped o.e.j.s.ServletContextHandler@611e919b{logs,/logs,file:///home/runner/work/ozone/ozone/hadoop-ozone/integration-test/target/log,STOPPED}
2022-10-04 13:26:30,327 [grpc-default-executor-1] INFO  server.GrpcLogAppender (GrpcLogAppender.java:onNext(403)) - omNode-1@group-523986131536->omNode-2-InstallSnapshotResponseHandler: received a reply omNode-1<-omNode-2#0:FAIL-t6,IN_PROGRESS
2022-10-04 13:26:30,327 [grpc-default-executor-1] INFO  server.GrpcLogAppender (GrpcLogAppender.java:onNext(421)) - omNode-1@group-523986131536->omNode-2-InstallSnapshotResponseHandler: InstallSnapshot in progress.
2022-10-04 13:26:30,328 [omNode-1@group-523986131536->omNode-2-GrpcLogAppender-LogAppenderDaemon] INFO  server.GrpcLogAppender (GrpcLogAppender.java:installSnapshot(541)) - omNode-1@group-523986131536->omNode-2-GrpcLogAppender: followerNextIndex = 57 but logStartIndex = 59, notify follower to install snapshot-(t:6, i:59)
2022-10-04 13:26:30,328 [omNode-1@group-523986131536->omNode-2-GrpcLogAppender-LogAppenderDaemon] INFO  server.GrpcLogAppender (GrpcLogAppender.java:installSnapshot(549)) - omNode-1@group-523986131536->omNode-2-GrpcLogAppender: send omNode-1->omNode-2#0-t6,notify:(t:6, i:59)
2022-10-04 13:26:30,329 [omNode-2-server-thread1] INFO  server.RaftServer$Division (RaftServerImpl.java:checkInconsistentAppendEntries(1402)) - omNode-2@group-523986131536: Failed appendEntries as snapshot (59) installation is in progress
2022-10-04 13:26:30,329 [omNode-2-server-thread1] INFO  server.RaftServer$Division (RaftServerImpl.java:checkInconsistentAppendEntries(1394)) - omNode-2@group-523986131536: inconsistency entries. Reply:omNode-1<-omNode-2#552:FAIL-t6,INCONSISTENCY,nextIndex=57,followerCommit=56
2022-10-04 13:26:30,332 [grpc-default-executor-0] WARN  server.GrpcLogAppender (LogUtils.java:warn(122)) - omNode-1@group-523986131536->omNode-3-AppendLogResponseHandler: Failed appendEntries: org.apache.ratis.thirdparty.io.grpc.StatusRuntimeException: UNAVAILABLE: io exception
2022-10-04 13:26:30,332 [grpc-default-executor-0] INFO  leader.FollowerInfo (FollowerInfoImpl.java:lambda$new$0(48)) - omNode-1@group-523986131536->omNode-3: nextIndex: updateUnconditionally 145 -> 144
2022-10-04 13:26:30,333 [grpc-default-executor-1] INFO  impl.SnapshotInstallationHandler (SnapshotInstallationHandler.java:installSnapshot(84)) - omNode-2@group-523986131536: receive installSnapshot: omNode-1->omNode-2#0-t6,notify:(t:6, i:59)
2022-10-04 13:26:30,333 [grpc-default-executor-1] INFO  impl.SnapshotInstallationHandler (SnapshotInstallationHandler.java:installSnapshot(95)) - omNode-2@group-523986131536: reply installSnapshot: omNode-1<-omNode-2#0:FAIL-t6,IN_PROGRESS
2022-10-04 13:26:30,334 [grpc-default-executor-1] INFO  server.GrpcServerProtocolService (GrpcServerProtocolService.java:onCompleted(140)) - omNode-2: Completed INSTALL_SNAPSHOT, lastRequest: omNode-1->omNode-2#0-t6,notify:(t:6, i:59)
2022-10-04 13:26:30,335 [grpc-default-executor-2] INFO  server.GrpcLogAppender (GrpcLogAppender.java:onNext(403)) - omNode-1@group-523986131536->omNode-2-InstallSnapshotResponseHandler: received a reply omNode-1<-omNode-2#0:FAIL-t6,IN_PROGRESS
2022-10-04 13:26:30,335 [grpc-default-executor-2] INFO  server.GrpcLogAppender (GrpcLogAppender.java:onNext(421)) - omNode-1@group-523986131536->omNode-2-InstallSnapshotResponseHandler: InstallSnapshot in progress.
2022-10-04 13:26:30,335 [omNode-1@group-523986131536->omNode-2-GrpcLogAppender-LogAppenderDaemon] INFO  server.GrpcLogAppender (GrpcLogAppender.java:installSnapshot(541)) - omNode-1@group-523986131536->omNode-2-GrpcLogAppender: followerNextIndex = 57 but logStartIndex = 59, notify follower to install snapshot-(t:6, i:59)
2022-10-04 13:26:30,335 [omNode-1@group-523986131536->omNode-2-GrpcLogAppender-LogAppenderDaemon] INFO  server.GrpcLogAppender (GrpcLogAppender.java:installSnapshot(549)) - omNode-1@group-523986131536->omNode-2-GrpcLogAppender: send omNode-1->omNode-2#0-t6,notify:(t:6, i:59)
2022-10-04 13:26:30,336 [grpc-default-executor-0] INFO  leader.FollowerInfo (FollowerInfoImpl.java:lambda$new$0(48)) - omNode-1@group-523986131536->omNode-2: nextIndex: updateUnconditionally 57 -> 57
2022-10-04 13:26:30,342 [Listener at localhost/45931] INFO  om.OzoneManager (OzoneManager.java:restart(1573)) - OzoneManager RPC server is listening at localhost/127.0.0.1:43101
2022-10-04 13:26:30,342 [Listener at localhost/45931] INFO  impl.MetricsSystemImpl (MetricsSystemImpl.java:init(158)) - OzoneManager metrics system started (again)
2022-10-04 13:26:30,344 [omNode-2-server-thread1] INFO  server.RaftServer$Division (RaftServerImpl.java:checkInconsistentAppendEntries(1402)) - omNode-2@group-523986131536: Failed appendEntries as snapshot (59) installation is in progress
2022-10-04 13:26:30,344 [omNode-2-server-thread1] INFO  server.RaftServer$Division (RaftServerImpl.java:checkInconsistentAppendEntries(1394)) - omNode-2@group-523986131536: inconsistency entries. Reply:omNode-1<-omNode-2#553:FAIL-t6,INCONSISTENCY,nextIndex=57,followerCommit=56
2022-10-04 13:26:30,348 [grpc-default-executor-1] INFO  impl.SnapshotInstallationHandler (SnapshotInstallationHandler.java:installSnapshot(84)) - omNode-2@group-523986131536: receive installSnapshot: omNode-1->omNode-2#0-t6,notify:(t:6, i:59)
2022-10-04 13:26:30,349 [grpc-default-executor-1] INFO  impl.SnapshotInstallationHandler (SnapshotInstallationHandler.java:installSnapshot(95)) - omNode-2@group-523986131536: reply installSnapshot: omNode-1<-omNode-2#0:FAIL-t6,IN_PROGRESS
2022-10-04 13:26:30,349 [grpc-default-executor-1] INFO  server.GrpcServerProtocolService (GrpcServerProtocolService.java:onCompleted(140)) - omNode-2: Completed INSTALL_SNAPSHOT, lastRequest: omNode-1->omNode-2#0-t6,notify:(t:6, i:59)
2022-10-04 13:26:30,349 [grpc-default-executor-1] INFO  leader.FollowerInfo (FollowerInfoImpl.java:lambda$new$0(48)) - omNode-1@group-523986131536->omNode-2: nextIndex: updateUnconditionally 57 -> 57
2022-10-04 13:26:30,350 [grpc-default-executor-0] INFO  server.GrpcLogAppender (GrpcLogAppender.java:onNext(403)) - omNode-1@group-523986131536->omNode-2-InstallSnapshotResponseHandler: received a reply omNode-1<-omNode-2#0:FAIL-t6,IN_PROGRESS
2022-10-04 13:26:30,350 [grpc-default-executor-0] INFO  server.GrpcLogAppender (GrpcLogAppender.java:onNext(421)) - omNode-1@group-523986131536->omNode-2-InstallSnapshotResponseHandler: InstallSnapshot in progress.
2022-10-04 13:26:30,350 [omNode-1@group-523986131536->omNode-2-GrpcLogAppender-LogAppenderDaemon] INFO  server.GrpcLogAppender (GrpcLogAppender.java:installSnapshot(541)) - omNode-1@group-523986131536->omNode-2-GrpcLogAppender: followerNextIndex = 57 but logStartIndex = 59, notify follower to install snapshot-(t:6, i:59)
2022-10-04 13:26:30,350 [omNode-1@group-523986131536->omNode-2-GrpcLogAppender-LogAppenderDaemon] INFO  server.GrpcLogAppender (GrpcLogAppender.java:installSnapshot(549)) - omNode-1@group-523986131536->omNode-2-GrpcLogAppender: send omNode-1->omNode-2#0-t6,notify:(t:6, i:59)
2022-10-04 13:26:30,351 [grpc-default-executor-0] INFO  impl.SnapshotInstallationHandler (SnapshotInstallationHandler.java:installSnapshot(84)) - omNode-2@group-523986131536: receive installSnapshot: omNode-1->omNode-2#0-t6,notify:(t:6, i:59)
2022-10-04 13:26:30,351 [omNode-2-server-thread1] INFO  server.RaftServer$Division (RaftServerImpl.java:checkInconsistentAppendEntries(1402)) - omNode-2@group-523986131536: Failed appendEntries as snapshot (59) installation is in progress
2022-10-04 13:26:30,351 [omNode-2-server-thread1] INFO  server.RaftServer$Division (RaftServerImpl.java:checkInconsistentAppendEntries(1394)) - omNode-2@group-523986131536: inconsistency entries. Reply:omNode-1<-omNode-2#554:FAIL-t6,INCONSISTENCY,nextIndex=57,followerCommit=56
2022-10-04 13:26:30,352 [grpc-default-executor-0] INFO  impl.SnapshotInstallationHandler (SnapshotInstallationHandler.java:installSnapshot(95)) - omNode-2@group-523986131536: reply installSnapshot: omNode-1<-omNode-2#0:FAIL-t6,IN_PROGRESS
2022-10-04 13:26:30,352 [grpc-default-executor-1] INFO  leader.FollowerInfo (FollowerInfoImpl.java:lambda$new$0(48)) - omNode-1@group-523986131536->omNode-2: nextIndex: updateUnconditionally 57 -> 57
2022-10-04 13:26:30,352 [grpc-default-executor-0] INFO  server.GrpcServerProtocolService (GrpcServerProtocolService.java:onCompleted(140)) - omNode-2: Completed INSTALL_SNAPSHOT, lastRequest: omNode-1->omNode-2#0-t6,notify:(t:6, i:59)
2022-10-04 13:26:30,353 [grpc-default-executor-0] INFO  server.GrpcLogAppender (GrpcLogAppender.java:onNext(403)) - omNode-1@group-523986131536->omNode-2-InstallSnapshotResponseHandler: received a reply omNode-1<-omNode-2#0:FAIL-t6,IN_PROGRESS
2022-10-04 13:26:30,353 [grpc-default-executor-0] INFO  server.GrpcLogAppender (GrpcLogAppender.java:onNext(421)) - omNode-1@group-523986131536->omNode-2-InstallSnapshotResponseHandler: InstallSnapshot in progress.
2022-10-04 13:26:30,353 [omNode-1@group-523986131536->omNode-2-GrpcLogAppender-LogAppenderDaemon] INFO  server.GrpcLogAppender (GrpcLogAppender.java:installSnapshot(541)) - omNode-1@group-523986131536->omNode-2-GrpcLogAppender: followerNextIndex = 57 but logStartIndex = 59, notify follower to install snapshot-(t:6, i:59)
2022-10-04 13:26:30,353 [omNode-1@group-523986131536->omNode-2-GrpcLogAppender-LogAppenderDaemon] INFO  server.GrpcLogAppender (GrpcLogAppender.java:installSnapshot(549)) - omNode-1@group-523986131536->omNode-2-GrpcLogAppender: send omNode-1->omNode-2#0-t6,notify:(t:6, i:59)
2022-10-04 13:26:30,354 [omNode-2-server-thread1] INFO  server.RaftServer$Division (RaftServerImpl.java:checkInconsistentAppendEntries(1402)) - omNode-2@group-523986131536: Failed appendEntries as snapshot (59) installation is in progress
2022-10-04 13:26:30,354 [omNode-2-server-thread1] INFO  server.RaftServer$Division (RaftServerImpl.java:checkInconsistentAppendEntries(1394)) - omNode-2@group-523986131536: inconsistency entries. Reply:omNode-1<-omNode-2#555:FAIL-t6,INCONSISTENCY,nextIndex=57,followerCommit=56
2022-10-04 13:26:30,355 [grpc-default-executor-1] INFO  impl.SnapshotInstallationHandler (SnapshotInstallationHandler.java:installSnapshot(84)) - omNode-2@group-523986131536: receive installSnapshot: omNode-1->omNode-2#0-t6,notify:(t:6, i:59)
2022-10-04 13:26:30,355 [grpc-default-executor-1] INFO  impl.SnapshotInstallationHandler (SnapshotInstallationHandler.java:installSnapshot(95)) - omNode-2@group-523986131536: reply installSnapshot: omNode-1<-omNode-2#0:FAIL-t6,IN_PROGRESS
2022-10-04 13:26:30,355 [grpc-default-executor-1] INFO  server.GrpcServerProtocolService (GrpcServerProtocolService.java:onCompleted(140)) - omNode-2: Completed INSTALL_SNAPSHOT, lastRequest: omNode-1->omNode-2#0-t6,notify:(t:6, i:59)
2022-10-04 13:26:30,355 [grpc-default-executor-1] INFO  leader.FollowerInfo (FollowerInfoImpl.java:lambda$new$0(48)) - omNode-1@group-523986131536->omNode-2: nextIndex: updateUnconditionally 57 -> 57
2022-10-04 13:26:30,356 [grpc-default-executor-0] INFO  server.GrpcLogAppender (GrpcLogAppender.java:onNext(403)) - omNode-1@group-523986131536->omNode-2-InstallSnapshotResponseHandler: received a reply omNode-1<-omNode-2#0:FAIL-t6,IN_PROGRESS
2022-10-04 13:26:30,356 [grpc-default-executor-0] INFO  server.GrpcLogAppender (GrpcLogAppender.java:onNext(421)) - omNode-1@group-523986131536->omNode-2-InstallSnapshotResponseHandler: InstallSnapshot in progress.
2022-10-04 13:26:30,356 [omNode-1@group-523986131536->omNode-2-GrpcLogAppender-LogAppenderDaemon] INFO  server.GrpcLogAppender (GrpcLogAppender.java:installSnapshot(541)) - omNode-1@group-523986131536->omNode-2-GrpcLogAppender: followerNextIndex = 57 but logStartIndex = 59, notify follower to install snapshot-(t:6, i:59)
2022-10-04 13:26:30,357 [omNode-1@group-523986131536->omNode-2-GrpcLogAppender-LogAppenderDaemon] INFO  server.GrpcLogAppender (GrpcLogAppender.java:installSnapshot(549)) - omNode-1@group-523986131536->omNode-2-GrpcLogAppender: send omNode-1->omNode-2#0-t6,notify:(t:6, i:59)
2022-10-04 13:26:30,357 [omNode-2-server-thread1] INFO  server.RaftServer$Division (RaftServerImpl.java:checkInconsistentAppendEntries(1402)) - omNode-2@group-523986131536: Failed appendEntries as snapshot (59) installation is in progress
2022-10-04 13:26:30,358 [omNode-2-server-thread1] INFO  server.RaftServer$Division (RaftServerImpl.java:checkInconsistentAppendEntries(1394)) - omNode-2@group-523986131536: inconsistency entries. Reply:omNode-1<-omNode-2#556:FAIL-t6,INCONSISTENCY,nextIndex=57,followerCommit=56
2022-10-04 13:26:30,358 [grpc-default-executor-1] INFO  impl.SnapshotInstallationHandler (SnapshotInstallationHandler.java:installSnapshot(84)) - omNode-2@group-523986131536: receive installSnapshot: omNode-1->omNode-2#0-t6,notify:(t:6, i:59)
2022-10-04 13:26:30,358 [grpc-default-executor-1] INFO  impl.SnapshotInstallationHandler (SnapshotInstallationHandler.java:installSnapshot(95)) - omNode-2@group-523986131536: reply installSnapshot: omNode-1<-omNode-2#0:FAIL-t6,IN_PROGRESS
2022-10-04 13:26:30,358 [grpc-default-executor-1] INFO  server.GrpcServerProtocolService (GrpcServerProtocolService.java:onCompleted(140)) - omNode-2: Completed INSTALL_SNAPSHOT, lastRequest: omNode-1->omNode-2#0-t6,notify:(t:6, i:59)
2022-10-04 13:26:30,359 [grpc-default-executor-0] INFO  server.GrpcLogAppender (GrpcLogAppender.java:onNext(403)) - omNode-1@group-523986131536->omNode-2-InstallSnapshotResponseHandler: received a reply omNode-1<-omNode-2#0:FAIL-t6,IN_PROGRESS
2022-10-04 13:26:30,359 [grpc-default-executor-0] INFO  server.GrpcLogAppender (GrpcLogAppender.java:onNext(421)) - omNode-1@group-523986131536->omNode-2-InstallSnapshotResponseHandler: InstallSnapshot in progress.
2022-10-04 13:26:30,360 [omNode-1@group-523986131536->omNode-2-GrpcLogAppender-LogAppenderDaemon] INFO  server.GrpcLogAppender (GrpcLogAppender.java:installSnapshot(541)) - omNode-1@group-523986131536->omNode-2-GrpcLogAppender: followerNextIndex = 57 but logStartIndex = 59, notify follower to install snapshot-(t:6, i:59)
2022-10-04 13:26:30,360 [omNode-1@group-523986131536->omNode-2-GrpcLogAppender-LogAppenderDaemon] INFO  server.GrpcLogAppender (GrpcLogAppender.java:installSnapshot(549)) - omNode-1@group-523986131536->omNode-2-GrpcLogAppender: send omNode-1->omNode-2#0-t6,notify:(t:6, i:59)
2022-10-04 13:26:30,360 [grpc-default-executor-1] INFO  leader.FollowerInfo (FollowerInfoImpl.java:lambda$new$0(48)) - omNode-1@group-523986131536->omNode-2: nextIndex: updateUnconditionally 57 -> 57
2022-10-04 13:26:30,361 [omNode-2-server-thread1] INFO  server.RaftServer$Division (RaftServerImpl.java:checkInconsistentAppendEntries(1402)) - omNode-2@group-523986131536: Failed appendEntries as snapshot (59) installation is in progress
2022-10-04 13:26:30,361 [omNode-2-server-thread1] INFO  server.RaftServer$Division (RaftServerImpl.java:checkInconsistentAppendEntries(1394)) - omNode-2@group-523986131536: inconsistency entries. Reply:omNode-1<-omNode-2#557:FAIL-t6,INCONSISTENCY,nextIndex=57,followerCommit=56
2022-10-04 13:26:30,361 [grpc-default-executor-1] INFO  leader.FollowerInfo (FollowerInfoImpl.java:lambda$new$0(48)) - omNode-1@group-523986131536->omNode-2: nextIndex: updateUnconditionally 57 -> 57
2022-10-04 13:26:30,362 [grpc-default-executor-2] INFO  impl.SnapshotInstallationHandler (SnapshotInstallationHandler.java:installSnapshot(84)) - omNode-2@group-523986131536: receive installSnapshot: omNode-1->omNode-2#0-t6,notify:(t:6, i:59)
2022-10-04 13:26:30,362 [grpc-default-executor-2] INFO  impl.SnapshotInstallationHandler (SnapshotInstallationHandler.java:installSnapshot(95)) - omNode-2@group-523986131536: reply installSnapshot: omNode-1<-omNode-2#0:FAIL-t6,IN_PROGRESS
2022-10-04 13:26:30,362 [grpc-default-executor-2] INFO  server.GrpcServerProtocolService (GrpcServerProtocolService.java:onCompleted(140)) - omNode-2: Completed INSTALL_SNAPSHOT, lastRequest: omNode-1->omNode-2#0-t6,notify:(t:6, i:59)
2022-10-04 13:26:30,362 [grpc-default-executor-1] INFO  server.GrpcLogAppender (GrpcLogAppender.java:onNext(403)) - omNode-1@group-523986131536->omNode-2-InstallSnapshotResponseHandler: received a reply omNode-1<-omNode-2#0:FAIL-t6,IN_PROGRESS
2022-10-04 13:26:30,363 [grpc-default-executor-1] INFO  server.GrpcLogAppender (GrpcLogAppender.java:onNext(421)) - omNode-1@group-523986131536->omNode-2-InstallSnapshotResponseHandler: InstallSnapshot in progress.
2022-10-04 13:26:30,363 [omNode-1@group-523986131536->omNode-2-GrpcLogAppender-LogAppenderDaemon] INFO  server.GrpcLogAppender (GrpcLogAppender.java:installSnapshot(541)) - omNode-1@group-523986131536->omNode-2-GrpcLogAppender: followerNextIndex = 57 but logStartIndex = 59, notify follower to install snapshot-(t:6, i:59)
2022-10-04 13:26:30,363 [omNode-1@group-523986131536->omNode-2-GrpcLogAppender-LogAppenderDaemon] INFO  server.GrpcLogAppender (GrpcLogAppender.java:installSnapshot(549)) - omNode-1@group-523986131536->omNode-2-GrpcLogAppender: send omNode-1->omNode-2#0-t6,notify:(t:6, i:59)
2022-10-04 13:26:30,364 [omNode-2-server-thread1] INFO  server.RaftServer$Division (RaftServerImpl.java:checkInconsistentAppendEntries(1402)) - omNode-2@group-523986131536: Failed appendEntries as snapshot (59) installation is in progress
2022-10-04 13:26:30,364 [omNode-2-server-thread1] INFO  server.RaftServer$Division (RaftServerImpl.java:checkInconsistentAppendEntries(1394)) - omNode-2@group-523986131536: inconsistency entries. Reply:omNode-1<-omNode-2#558:FAIL-t6,INCONSISTENCY,nextIndex=57,followerCommit=56
2022-10-04 13:26:30,364 [grpc-default-executor-2] INFO  impl.SnapshotInstallationHandler (SnapshotInstallationHandler.java:installSnapshot(84)) - omNode-2@group-523986131536: receive installSnapshot: omNode-1->omNode-2#0-t6,notify:(t:6, i:59)
2022-10-04 13:26:30,365 [grpc-default-executor-2] INFO  impl.SnapshotInstallationHandler (SnapshotInstallationHandler.java:installSnapshot(95)) - omNode-2@group-523986131536: reply installSnapshot: omNode-1<-omNode-2#0:FAIL-t6,IN_PROGRESS
2022-10-04 13:26:30,365 [grpc-default-executor-2] INFO  server.GrpcServerProtocolService (GrpcServerProtocolService.java:onCompleted(140)) - omNode-2: Completed INSTALL_SNAPSHOT, lastRequest: omNode-1->omNode-2#0-t6,notify:(t:6, i:59)
2022-10-04 13:26:30,365 [grpc-default-executor-0] INFO  leader.FollowerInfo (FollowerInfoImpl.java:lambda$new$0(48)) - omNode-1@group-523986131536->omNode-2: nextIndex: updateUnconditionally 57 -> 57
2022-10-04 13:26:30,366 [grpc-default-executor-0] INFO  server.GrpcLogAppender (GrpcLogAppender.java:onNext(403)) - omNode-1@group-523986131536->omNode-2-InstallSnapshotResponseHandler: received a reply omNode-1<-omNode-2#0:FAIL-t6,IN_PROGRESS
2022-10-04 13:26:30,366 [grpc-default-executor-0] INFO  server.GrpcLogAppender (GrpcLogAppender.java:onNext(421)) - omNode-1@group-523986131536->omNode-2-InstallSnapshotResponseHandler: InstallSnapshot in progress.
2022-10-04 13:26:30,366 [omNode-1@group-523986131536->omNode-2-GrpcLogAppender-LogAppenderDaemon] INFO  server.GrpcLogAppender (GrpcLogAppender.java:installSnapshot(541)) - omNode-1@group-523986131536->omNode-2-GrpcLogAppender: followerNextIndex = 57 but logStartIndex = 59, notify follower to install snapshot-(t:6, i:59)
2022-10-04 13:26:30,366 [omNode-1@group-523986131536->omNode-2-GrpcLogAppender-LogAppenderDaemon] INFO  server.GrpcLogAppender (GrpcLogAppender.java:installSnapshot(549)) - omNode-1@group-523986131536->omNode-2-GrpcLogAppender: send omNode-1->omNode-2#0-t6,notify:(t:6, i:59)
2022-10-04 13:26:30,367 [omNode-2-server-thread1] INFO  server.RaftServer$Division (RaftServerImpl.java:checkInconsistentAppendEntries(1402)) - omNode-2@group-523986131536: Failed appendEntries as snapshot (59) installation is in progress
2022-10-04 13:26:30,367 [omNode-2-server-thread1] INFO  server.RaftServer$Division (RaftServerImpl.java:checkInconsistentAppendEntries(1394)) - omNode-2@group-523986131536: inconsistency entries. Reply:omNode-1<-omNode-2#559:FAIL-t6,INCONSISTENCY,nextIndex=57,followerCommit=56
2022-10-04 13:26:30,368 [grpc-default-executor-2] INFO  impl.SnapshotInstallationHandler (SnapshotInstallationHandler.java:installSnapshot(84)) - omNode-2@group-523986131536: receive installSnapshot: omNode-1->omNode-2#0-t6,notify:(t:6, i:59)
2022-10-04 13:26:30,368 [grpc-default-executor-2] INFO  impl.SnapshotInstallationHandler (SnapshotInstallationHandler.java:installSnapshot(95)) - omNode-2@group-523986131536: reply installSnapshot: omNode-1<-omNode-2#0:FAIL-t6,IN_PROGRESS
2022-10-04 13:26:30,368 [grpc-default-executor-2] INFO  server.GrpcServerProtocolService (GrpcServerProtocolService.java:onCompleted(140)) - omNode-2: Completed INSTALL_SNAPSHOT, lastRequest: omNode-1->omNode-2#0-t6,notify:(t:6, i:59)
2022-10-04 13:26:30,369 [grpc-default-executor-0] INFO  leader.FollowerInfo (FollowerInfoImpl.java:lambda$new$0(48)) - omNode-1@group-523986131536->omNode-2: nextIndex: updateUnconditionally 57 -> 57
2022-10-04 13:26:30,369 [grpc-default-executor-0] INFO  server.GrpcLogAppender (GrpcLogAppender.java:onNext(403)) - omNode-1@group-523986131536->omNode-2-InstallSnapshotResponseHandler: received a reply omNode-1<-omNode-2#0:FAIL-t6,IN_PROGRESS
2022-10-04 13:26:30,369 [grpc-default-executor-0] INFO  server.GrpcLogAppender (GrpcLogAppender.java:onNext(421)) - omNode-1@group-523986131536->omNode-2-InstallSnapshotResponseHandler: InstallSnapshot in progress.
2022-10-04 13:26:30,370 [omNode-1@group-523986131536->omNode-2-GrpcLogAppender-LogAppenderDaemon] INFO  server.GrpcLogAppender (GrpcLogAppender.java:installSnapshot(541)) - omNode-1@group-523986131536->omNode-2-GrpcLogAppender: followerNextIndex = 57 but logStartIndex = 59, notify follower to install snapshot-(t:6, i:59)
2022-10-04 13:26:30,370 [omNode-1@group-523986131536->omNode-2-GrpcLogAppender-LogAppenderDaemon] INFO  server.GrpcLogAppender (GrpcLogAppender.java:installSnapshot(549)) - omNode-1@group-523986131536->omNode-2-GrpcLogAppender: send omNode-1->omNode-2#0-t6,notify:(t:6, i:59)
2022-10-04 13:26:30,372 [omNode-2-server-thread1] INFO  server.RaftServer$Division (RaftServerImpl.java:checkInconsistentAppendEntries(1402)) - omNode-2@group-523986131536: Failed appendEntries as snapshot (59) installation is in progress
2022-10-04 13:26:30,372 [omNode-2-server-thread1] INFO  server.RaftServer$Division (RaftServerImpl.java:checkInconsistentAppendEntries(1394)) - omNode-2@group-523986131536: inconsistency entries. Reply:omNode-1<-omNode-2#560:FAIL-t6,INCONSISTENCY,nextIndex=57,followerCommit=56
2022-10-04 13:26:30,373 [grpc-default-executor-2] INFO  impl.SnapshotInstallationHandler (SnapshotInstallationHandler.java:installSnapshot(84)) - omNode-2@group-523986131536: receive installSnapshot: omNode-1->omNode-2#0-t6,notify:(t:6, i:59)
2022-10-04 13:26:30,373 [grpc-default-executor-2] INFO  impl.SnapshotInstallationHandler (SnapshotInstallationHandler.java:installSnapshot(95)) - omNode-2@group-523986131536: reply installSnapshot: omNode-1<-omNode-2#0:FAIL-t6,IN_PROGRESS
2022-10-04 13:26:30,373 [grpc-default-executor-2] INFO  server.GrpcServerProtocolService (GrpcServerProtocolService.java:onCompleted(140)) - omNode-2: Completed INSTALL_SNAPSHOT, lastRequest: omNode-1->omNode-2#0-t6,notify:(t:6, i:59)
2022-10-04 13:26:30,374 [grpc-default-executor-0] INFO  leader.FollowerInfo (FollowerInfoImpl.java:lambda$new$0(48)) - omNode-1@group-523986131536->omNode-2: nextIndex: updateUnconditionally 57 -> 57
2022-10-04 13:26:30,374 [grpc-default-executor-0] INFO  server.GrpcLogAppender (GrpcLogAppender.java:onNext(403)) - omNode-1@group-523986131536->omNode-2-InstallSnapshotResponseHandler: received a reply omNode-1<-omNode-2#0:FAIL-t6,IN_PROGRESS
2022-10-04 13:26:30,374 [grpc-default-executor-0] INFO  server.GrpcLogAppender (GrpcLogAppender.java:onNext(421)) - omNode-1@group-523986131536->omNode-2-InstallSnapshotResponseHandler: InstallSnapshot in progress.
2022-10-04 13:26:30,374 [omNode-1@group-523986131536->omNode-2-GrpcLogAppender-LogAppenderDaemon] INFO  server.GrpcLogAppender (GrpcLogAppender.java:installSnapshot(541)) - omNode-1@group-523986131536->omNode-2-GrpcLogAppender: followerNextIndex = 57 but logStartIndex = 59, notify follower to install snapshot-(t:6, i:59)
2022-10-04 13:26:30,375 [omNode-1@group-523986131536->omNode-2-GrpcLogAppender-LogAppenderDaemon] INFO  server.GrpcLogAppender (GrpcLogAppender.java:installSnapshot(549)) - omNode-1@group-523986131536->omNode-2-GrpcLogAppender: send omNode-1->omNode-2#0-t6,notify:(t:6, i:59)
2022-10-04 13:26:30,376 [omNode-2-server-thread1] INFO  server.RaftServer$Division (RaftServerImpl.java:checkInconsistentAppendEntries(1402)) - omNode-2@group-523986131536: Failed appendEntries as snapshot (59) installation is in progress
2022-10-04 13:26:30,376 [omNode-2-server-thread1] INFO  server.RaftServer$Division (RaftServerImpl.java:checkInconsistentAppendEntries(1394)) - omNode-2@group-523986131536: inconsistency entries. Reply:omNode-1<-omNode-2#561:FAIL-t6,INCONSISTENCY,nextIndex=57,followerCommit=56
2022-10-04 13:26:30,376 [grpc-default-executor-2] INFO  impl.SnapshotInstallationHandler (SnapshotInstallationHandler.java:installSnapshot(84)) - omNode-2@group-523986131536: receive installSnapshot: omNode-1->omNode-2#0-t6,notify:(t:6, i:59)
2022-10-04 13:26:30,376 [grpc-default-executor-2] INFO  impl.SnapshotInstallationHandler (SnapshotInstallationHandler.java:installSnapshot(95)) - omNode-2@group-523986131536: reply installSnapshot: omNode-1<-omNode-2#0:FAIL-t6,IN_PROGRESS
2022-10-04 13:26:30,376 [grpc-default-executor-2] INFO  server.GrpcServerProtocolService (GrpcServerProtocolService.java:onCompleted(140)) - omNode-2: Completed INSTALL_SNAPSHOT, lastRequest: omNode-1->omNode-2#0-t6,notify:(t:6, i:59)
2022-10-04 13:26:30,377 [grpc-default-executor-0] INFO  leader.FollowerInfo (FollowerInfoImpl.java:lambda$new$0(48)) - omNode-1@group-523986131536->omNode-2: nextIndex: updateUnconditionally 57 -> 57
2022-10-04 13:26:30,377 [grpc-default-executor-0] INFO  server.GrpcLogAppender (GrpcLogAppender.java:onNext(403)) - omNode-1@group-523986131536->omNode-2-InstallSnapshotResponseHandler: received a reply omNode-1<-omNode-2#0:FAIL-t6,IN_PROGRESS
2022-10-04 13:26:30,377 [grpc-default-executor-0] INFO  server.GrpcLogAppender (GrpcLogAppender.java:onNext(421)) - omNode-1@group-523986131536->omNode-2-InstallSnapshotResponseHandler: InstallSnapshot in progress.
2022-10-04 13:26:30,377 [omNode-1@group-523986131536->omNode-2-GrpcLogAppender-LogAppenderDaemon] INFO  server.GrpcLogAppender (GrpcLogAppender.java:installSnapshot(541)) - omNode-1@group-523986131536->omNode-2-GrpcLogAppender: followerNextIndex = 57 but logStartIndex = 59, notify follower to install snapshot-(t:6, i:59)
2022-10-04 13:26:30,378 [omNode-1@group-523986131536->omNode-2-GrpcLogAppender-LogAppenderDaemon] INFO  server.GrpcLogAppender (GrpcLogAppender.java:installSnapshot(549)) - omNode-1@group-523986131536->omNode-2-GrpcLogAppender: send omNode-1->omNode-2#0-t6,notify:(t:6, i:59)
2022-10-04 13:26:30,379 [omNode-2-server-thread1] INFO  server.RaftServer$Division (RaftServerImpl.java:checkInconsistentAppendEntries(1402)) - omNode-2@group-523986131536: Failed appendEntries as snapshot (59) installation is in progress
2022-10-04 13:26:30,379 [omNode-2-server-thread1] INFO  server.RaftServer$Division (RaftServerImpl.java:checkInconsistentAppendEntries(1394)) - omNode-2@group-523986131536: inconsistency entries. Reply:omNode-1<-omNode-2#562:FAIL-t6,INCONSISTENCY,nextIndex=57,followerCommit=56
2022-10-04 13:26:30,379 [grpc-default-executor-2] INFO  impl.SnapshotInstallationHandler (SnapshotInstallationHandler.java:installSnapshot(84)) - omNode-2@group-523986131536: receive installSnapshot: omNode-1->omNode-2#0-t6,notify:(t:6, i:59)
2022-10-04 13:26:30,379 [grpc-default-executor-2] INFO  impl.SnapshotInstallationHandler (SnapshotInstallationHandler.java:installSnapshot(95)) - omNode-2@group-523986131536: reply installSnapshot: omNode-1<-omNode-2#0:FAIL-t6,IN_PROGRESS
2022-10-04 13:26:30,380 [grpc-default-executor-2] INFO  server.GrpcServerProtocolService (GrpcServerProtocolService.java:onCompleted(140)) - omNode-2: Completed INSTALL_SNAPSHOT, lastRequest: omNode-1->omNode-2#0-t6,notify:(t:6, i:59)
2022-10-04 13:26:30,384 [grpc-default-executor-0] INFO  leader.FollowerInfo (FollowerInfoImpl.java:lambda$new$0(48)) - omNode-1@group-523986131536->omNode-2: nextIndex: updateUnconditionally 57 -> 57
2022-10-04 13:26:30,385 [grpc-default-executor-2] INFO  server.GrpcLogAppender (GrpcLogAppender.java:onNext(403)) - omNode-1@group-523986131536->omNode-2-InstallSnapshotResponseHandler: received a reply omNode-1<-omNode-2#0:FAIL-t6,IN_PROGRESS
2022-10-04 13:26:30,386 [grpc-default-executor-2] INFO  server.GrpcLogAppender (GrpcLogAppender.java:onNext(421)) - omNode-1@group-523986131536->omNode-2-InstallSnapshotResponseHandler: InstallSnapshot in progress.
2022-10-04 13:26:30,386 [omNode-1@group-523986131536->omNode-2-GrpcLogAppender-LogAppenderDaemon] INFO  server.GrpcLogAppender (GrpcLogAppender.java:installSnapshot(541)) - omNode-1@group-523986131536->omNode-2-GrpcLogAppender: followerNextIndex = 57 but logStartIndex = 59, notify follower to install snapshot-(t:6, i:59)
2022-10-04 13:26:30,386 [omNode-1@group-523986131536->omNode-2-GrpcLogAppender-LogAppenderDaemon] INFO  server.GrpcLogAppender (GrpcLogAppender.java:installSnapshot(549)) - omNode-1@group-523986131536->omNode-2-GrpcLogAppender: send omNode-1->omNode-2#0-t6,notify:(t:6, i:59)
2022-10-04 13:26:30,387 [omNode-2-server-thread1] INFO  server.RaftServer$Division (RaftServerImpl.java:checkInconsistentAppendEntries(1402)) - omNode-2@group-523986131536: Failed appendEntries as snapshot (59) installation is in progress
2022-10-04 13:26:30,387 [omNode-2-server-thread1] INFO  server.RaftServer$Division (RaftServerImpl.java:checkInconsistentAppendEntries(1394)) - omNode-2@group-523986131536: inconsistency entries. Reply:omNode-1<-omNode-2#563:FAIL-t6,INCONSISTENCY,nextIndex=57,followerCommit=56
2022-10-04 13:26:30,388 [grpc-default-executor-1] INFO  impl.SnapshotInstallationHandler (SnapshotInstallationHandler.java:installSnapshot(84)) - omNode-2@group-523986131536: receive installSnapshot: omNode-1->omNode-2#0-t6,notify:(t:6, i:59)
2022-10-04 13:26:30,388 [grpc-default-executor-1] INFO  impl.SnapshotInstallationHandler (SnapshotInstallationHandler.java:installSnapshot(95)) - omNode-2@group-523986131536: reply installSnapshot: omNode-1<-omNode-2#0:FAIL-t6,IN_PROGRESS
2022-10-04 13:26:30,388 [grpc-default-executor-1] INFO  server.GrpcServerProtocolService (GrpcServerProtocolService.java:onCompleted(140)) - omNode-2: Completed INSTALL_SNAPSHOT, lastRequest: omNode-1->omNode-2#0-t6,notify:(t:6, i:59)
2022-10-04 13:26:30,389 [grpc-default-executor-0] INFO  leader.FollowerInfo (FollowerInfoImpl.java:lambda$new$0(48)) - omNode-1@group-523986131536->omNode-2: nextIndex: updateUnconditionally 57 -> 57
2022-10-04 13:26:30,389 [grpc-default-executor-0] INFO  server.GrpcLogAppender (GrpcLogAppender.java:onNext(403)) - omNode-1@group-523986131536->omNode-2-InstallSnapshotResponseHandler: received a reply omNode-1<-omNode-2#0:FAIL-t6,IN_PROGRESS
2022-10-04 13:26:30,389 [grpc-default-executor-0] INFO  server.GrpcLogAppender (GrpcLogAppender.java:onNext(421)) - omNode-1@group-523986131536->omNode-2-InstallSnapshotResponseHandler: InstallSnapshot in progress.
2022-10-04 13:26:30,390 [omNode-1@group-523986131536->omNode-2-GrpcLogAppender-LogAppenderDaemon] INFO  server.GrpcLogAppender (GrpcLogAppender.java:installSnapshot(541)) - omNode-1@group-523986131536->omNode-2-GrpcLogAppender: followerNextIndex = 57 but logStartIndex = 59, notify follower to install snapshot-(t:6, i:59)
2022-10-04 13:26:30,390 [omNode-1@group-523986131536->omNode-2-GrpcLogAppender-LogAppenderDaemon] INFO  server.GrpcLogAppender (GrpcLogAppender.java:installSnapshot(549)) - omNode-1@group-523986131536->omNode-2-GrpcLogAppender: send omNode-1->omNode-2#0-t6,notify:(t:6, i:59)
2022-10-04 13:26:30,391 [omNode-2-server-thread1] INFO  server.RaftServer$Division (RaftServerImpl.java:checkInconsistentAppendEntries(1402)) - omNode-2@group-523986131536: Failed appendEntries as snapshot (59) installation is in progress
2022-10-04 13:26:30,391 [omNode-2-server-thread1] INFO  server.RaftServer$Division (RaftServerImpl.java:checkInconsistentAppendEntries(1394)) - omNode-2@group-523986131536: inconsistency entries. Reply:omNode-1<-omNode-2#564:FAIL-t6,INCONSISTENCY,nextIndex=57,followerCommit=56
2022-10-04 13:26:30,391 [grpc-default-executor-1] INFO  impl.SnapshotInstallationHandler (SnapshotInstallationHandler.java:installSnapshot(84)) - omNode-2@group-523986131536: receive installSnapshot: omNode-1->omNode-2#0-t6,notify:(t:6, i:59)
2022-10-04 13:26:30,391 [grpc-default-executor-1] INFO  impl.SnapshotInstallationHandler (SnapshotInstallationHandler.java:installSnapshot(95)) - omNode-2@group-523986131536: reply installSnapshot: omNode-1<-omNode-2#0:FAIL-t6,IN_PROGRESS
2022-10-04 13:26:30,392 [grpc-default-executor-1] INFO  server.GrpcServerProtocolService (GrpcServerProtocolService.java:onCompleted(140)) - omNode-2: Completed INSTALL_SNAPSHOT, lastRequest: omNode-1->omNode-2#0-t6,notify:(t:6, i:59)
2022-10-04 13:26:30,392 [grpc-default-executor-0] INFO  leader.FollowerInfo (FollowerInfoImpl.java:lambda$new$0(48)) - omNode-1@group-523986131536->omNode-2: nextIndex: updateUnconditionally 57 -> 57
2022-10-04 13:26:30,393 [grpc-default-executor-0] INFO  server.GrpcLogAppender (GrpcLogAppender.java:onNext(403)) - omNode-1@group-523986131536->omNode-2-InstallSnapshotResponseHandler: received a reply omNode-1<-omNode-2#0:FAIL-t6,IN_PROGRESS
2022-10-04 13:26:30,393 [grpc-default-executor-0] INFO  server.GrpcLogAppender (GrpcLogAppender.java:onNext(421)) - omNode-1@group-523986131536->omNode-2-InstallSnapshotResponseHandler: InstallSnapshot in progress.
2022-10-04 13:26:30,393 [pool-366-thread-1] INFO  om.OzoneManager (OzoneManager.java:installCheckpoint(3684)) - Installing checkpoint with OMTransactionInfo 6#129
2022-10-04 13:26:30,393 [omNode-1@group-523986131536->omNode-2-GrpcLogAppender-LogAppenderDaemon] INFO  server.GrpcLogAppender (GrpcLogAppender.java:installSnapshot(541)) - omNode-1@group-523986131536->omNode-2-GrpcLogAppender: followerNextIndex = 57 but logStartIndex = 59, notify follower to install snapshot-(t:6, i:59)
2022-10-04 13:26:30,393 [pool-366-thread-1] INFO  ratis.OzoneManagerStateMachine (OzoneManagerStateMachine.java:pause(389)) - OzoneManagerStateMachine is pausing
2022-10-04 13:26:30,393 [omNode-1@group-523986131536->omNode-2-GrpcLogAppender-LogAppenderDaemon] INFO  server.GrpcLogAppender (GrpcLogAppender.java:installSnapshot(549)) - omNode-1@group-523986131536->omNode-2-GrpcLogAppender: send omNode-1->omNode-2#0-t6,notify:(t:6, i:59)
2022-10-04 13:26:30,393 [pool-366-thread-1] INFO  ratis.OzoneManagerDoubleBuffer (OzoneManagerDoubleBuffer.java:stop(466)) - Stopping OMDoubleBuffer flush thread
2022-10-04 13:26:30,394 [omNode-2-server-thread1] INFO  server.RaftServer$Division (RaftServerImpl.java:checkInconsistentAppendEntries(1402)) - omNode-2@group-523986131536: Failed appendEntries as snapshot (59) installation is in progress
2022-10-04 13:26:30,394 [omNode-2-server-thread1] INFO  server.RaftServer$Division (RaftServerImpl.java:checkInconsistentAppendEntries(1394)) - omNode-2@group-523986131536: inconsistency entries. Reply:omNode-1<-omNode-2#565:FAIL-t6,INCONSISTENCY,nextIndex=57,followerCommit=56
2022-10-04 13:26:30,395 [grpc-default-executor-1] INFO  impl.SnapshotInstallationHandler (SnapshotInstallationHandler.java:installSnapshot(84)) - omNode-2@group-523986131536: receive installSnapshot: omNode-1->omNode-2#0-t6,notify:(t:6, i:59)
2022-10-04 13:26:30,395 [grpc-default-executor-1] INFO  impl.SnapshotInstallationHandler (SnapshotInstallationHandler.java:installSnapshot(95)) - omNode-2@group-523986131536: reply installSnapshot: omNode-1<-omNode-2#0:FAIL-t6,IN_PROGRESS
2022-10-04 13:26:30,395 [grpc-default-executor-1] INFO  server.GrpcServerProtocolService (GrpcServerProtocolService.java:onCompleted(140)) - omNode-2: Completed INSTALL_SNAPSHOT, lastRequest: omNode-1->omNode-2#0-t6,notify:(t:6, i:59)
2022-10-04 13:26:30,396 [grpc-default-executor-0] INFO  leader.FollowerInfo (FollowerInfoImpl.java:lambda$new$0(48)) - omNode-1@group-523986131536->omNode-2: nextIndex: updateUnconditionally 57 -> 57
2022-10-04 13:26:30,396 [grpc-default-executor-0] INFO  server.GrpcLogAppender (GrpcLogAppender.java:onNext(403)) - omNode-1@group-523986131536->omNode-2-InstallSnapshotResponseHandler: received a reply omNode-1<-omNode-2#0:FAIL-t6,IN_PROGRESS
2022-10-04 13:26:30,396 [OMDoubleBufferFlushThread] INFO  ratis.OzoneManagerDoubleBuffer (OzoneManagerDoubleBuffer.java:flushTransactions(385)) - OMDoubleBuffer flush thread OMDoubleBufferFlushThread is interrupted and will exit.
2022-10-04 13:26:30,396 [grpc-default-executor-0] INFO  server.GrpcLogAppender (GrpcLogAppender.java:onNext(421)) - omNode-1@group-523986131536->omNode-2-InstallSnapshotResponseHandler: InstallSnapshot in progress.
2022-10-04 13:26:30,396 [omNode-1@group-523986131536->omNode-2-GrpcLogAppender-LogAppenderDaemon] INFO  server.GrpcLogAppender (GrpcLogAppender.java:installSnapshot(541)) - omNode-1@group-523986131536->omNode-2-GrpcLogAppender: followerNextIndex = 57 but logStartIndex = 59, notify follower to install snapshot-(t:6, i:59)
2022-10-04 13:26:30,404 [omNode-1@group-523986131536->omNode-2-GrpcLogAppender-LogAppenderDaemon] INFO  server.GrpcLogAppender (GrpcLogAppender.java:installSnapshot(549)) - omNode-1@group-523986131536->omNode-2-GrpcLogAppender: send omNode-1->omNode-2#0-t6,notify:(t:6, i:59)
2022-10-04 13:26:30,404 [pool-366-thread-1] INFO  ipc.Server (Server.java:stop(3414)) - Stopping server on 45931
2022-10-04 13:26:30,409 [Listener at localhost/45931] WARN  server.ServerUtils (ServerUtils.java:getDBPath(225)) - ozone.om.db.dirs is not configured. We recommend adding this setting. Falling back to ozone.metadata.dirs instead.
2022-10-04 13:26:30,409 [Listener at localhost/45931] INFO  codec.OmKeyInfoCodec (OmKeyInfoCodec.java:<init>(49)) - OmKeyInfoCodec ignorePipeline = true
2022-10-04 13:26:30,410 [Listener at localhost/45931] INFO  codec.RepeatedOmKeyInfoCodec (RepeatedOmKeyInfoCodec.java:<init>(41)) - RepeatedOmKeyInfoCodec ignorePipeline = true
2022-10-04 13:26:30,414 [grpc-default-executor-0] INFO  impl.SnapshotInstallationHandler (SnapshotInstallationHandler.java:installSnapshot(84)) - omNode-2@group-523986131536: receive installSnapshot: omNode-1->omNode-2#0-t6,notify:(t:6, i:59)
2022-10-04 13:26:30,414 [omNode-2-server-thread1] INFO  server.RaftServer$Division (RaftServerImpl.java:checkInconsistentAppendEntries(1402)) - omNode-2@group-523986131536: Failed appendEntries as snapshot (59) installation is in progress
2022-10-04 13:26:30,416 [IPC Server Responder] INFO  ipc.Server (Server.java:run(1512)) - Stopping IPC Server Responder
2022-10-04 13:26:30,416 [IPC Server listener on 45931] INFO  ipc.Server (Server.java:run(1376)) - Stopping IPC Server listener on 45931
2022-10-04 13:26:30,416 [omNode-2-server-thread1] INFO  server.RaftServer$Division (RaftServerImpl.java:checkInconsistentAppendEntries(1394)) - omNode-2@group-523986131536: inconsistency entries. Reply:omNode-1<-omNode-2#566:FAIL-t6,INCONSISTENCY,nextIndex=57,followerCommit=56
2022-10-04 13:26:30,416 [grpc-default-executor-0] INFO  impl.SnapshotInstallationHandler (SnapshotInstallationHandler.java:installSnapshot(95)) - omNode-2@group-523986131536: reply installSnapshot: omNode-1<-omNode-2#0:FAIL-t6,IN_PROGRESS
2022-10-04 13:26:30,417 [grpc-default-executor-0] INFO  server.GrpcServerProtocolService (GrpcServerProtocolService.java:onCompleted(140)) - omNode-2: Completed INSTALL_SNAPSHOT, lastRequest: omNode-1->omNode-2#0-t6,notify:(t:6, i:59)
2022-10-04 13:26:30,417 [grpc-default-executor-0] INFO  leader.FollowerInfo (FollowerInfoImpl.java:lambda$new$0(48)) - omNode-1@group-523986131536->omNode-2: nextIndex: updateUnconditionally 57 -> 57
2022-10-04 13:26:30,417 [grpc-default-executor-0] INFO  server.GrpcLogAppender (GrpcLogAppender.java:onNext(403)) - omNode-1@group-523986131536->omNode-2-InstallSnapshotResponseHandler: received a reply omNode-1<-omNode-2#0:FAIL-t6,IN_PROGRESS
2022-10-04 13:26:30,418 [grpc-default-executor-0] INFO  server.GrpcLogAppender (GrpcLogAppender.java:onNext(421)) - omNode-1@group-523986131536->omNode-2-InstallSnapshotResponseHandler: InstallSnapshot in progress.
2022-10-04 13:26:30,422 [pool-366-thread-1] INFO  om.OzoneManager (OzoneManager.java:installCheckpoint(3735)) - RPC server is stopped. Spend 26 ms.
2022-10-04 13:26:30,423 [omNode-1@group-523986131536->omNode-2-GrpcLogAppender-LogAppenderDaemon] INFO  server.GrpcLogAppender (GrpcLogAppender.java:installSnapshot(541)) - omNode-1@group-523986131536->omNode-2-GrpcLogAppender: followerNextIndex = 57 but logStartIndex = 59, notify follower to install snapshot-(t:6, i:59)
2022-10-04 13:26:30,423 [omNode-1@group-523986131536->omNode-2-GrpcLogAppender-LogAppenderDaemon] INFO  server.GrpcLogAppender (GrpcLogAppender.java:installSnapshot(549)) - omNode-1@group-523986131536->omNode-2-GrpcLogAppender: send omNode-1->omNode-2#0-t6,notify:(t:6, i:59)
2022-10-04 13:26:30,425 [omNode-2-server-thread1] INFO  server.RaftServer$Division (RaftServerImpl.java:checkInconsistentAppendEntries(1402)) - omNode-2@group-523986131536: Failed appendEntries as snapshot (59) installation is in progress
2022-10-04 13:26:30,425 [omNode-2-server-thread1] INFO  server.RaftServer$Division (RaftServerImpl.java:checkInconsistentAppendEntries(1394)) - omNode-2@group-523986131536: inconsistency entries. Reply:omNode-1<-omNode-2#567:FAIL-t6,INCONSISTENCY,nextIndex=57,followerCommit=56
2022-10-04 13:26:30,425 [grpc-default-executor-2] INFO  impl.SnapshotInstallationHandler (SnapshotInstallationHandler.java:installSnapshot(84)) - omNode-2@group-523986131536: receive installSnapshot: omNode-1->omNode-2#0-t6,notify:(t:6, i:59)
2022-10-04 13:26:30,426 [grpc-default-executor-2] INFO  impl.SnapshotInstallationHandler (SnapshotInstallationHandler.java:installSnapshot(95)) - omNode-2@group-523986131536: reply installSnapshot: omNode-1<-omNode-2#0:FAIL-t6,IN_PROGRESS
2022-10-04 13:26:30,426 [grpc-default-executor-2] INFO  server.GrpcServerProtocolService (GrpcServerProtocolService.java:onCompleted(140)) - omNode-2: Completed INSTALL_SNAPSHOT, lastRequest: omNode-1->omNode-2#0-t6,notify:(t:6, i:59)
2022-10-04 13:26:30,427 [grpc-default-executor-1] INFO  server.GrpcLogAppender (GrpcLogAppender.java:onNext(403)) - omNode-1@group-523986131536->omNode-2-InstallSnapshotResponseHandler: received a reply omNode-1<-omNode-2#0:FAIL-t6,IN_PROGRESS
2022-10-04 13:26:30,427 [grpc-default-executor-1] INFO  server.GrpcLogAppender (GrpcLogAppender.java:onNext(421)) - omNode-1@group-523986131536->omNode-2-InstallSnapshotResponseHandler: InstallSnapshot in progress.
2022-10-04 13:26:30,427 [omNode-1@group-523986131536->omNode-2-GrpcLogAppender-LogAppenderDaemon] INFO  server.GrpcLogAppender (GrpcLogAppender.java:installSnapshot(541)) - omNode-1@group-523986131536->omNode-2-GrpcLogAppender: followerNextIndex = 57 but logStartIndex = 59, notify follower to install snapshot-(t:6, i:59)
2022-10-04 13:26:30,427 [omNode-1@group-523986131536->omNode-2-GrpcLogAppender-LogAppenderDaemon] INFO  server.GrpcLogAppender (GrpcLogAppender.java:installSnapshot(549)) - omNode-1@group-523986131536->omNode-2-GrpcLogAppender: send omNode-1->omNode-2#0-t6,notify:(t:6, i:59)
2022-10-04 13:26:30,427 [grpc-default-executor-2] INFO  leader.FollowerInfo (FollowerInfoImpl.java:lambda$new$0(48)) - omNode-1@group-523986131536->omNode-2: nextIndex: updateUnconditionally 57 -> 57
2022-10-04 13:26:30,428 [omNode-2-server-thread1] INFO  server.RaftServer$Division (RaftServerImpl.java:checkInconsistentAppendEntries(1402)) - omNode-2@group-523986131536: Failed appendEntries as snapshot (59) installation is in progress
2022-10-04 13:26:30,428 [omNode-2-server-thread1] INFO  server.RaftServer$Division (RaftServerImpl.java:checkInconsistentAppendEntries(1394)) - omNode-2@group-523986131536: inconsistency entries. Reply:omNode-1<-omNode-2#568:FAIL-t6,INCONSISTENCY,nextIndex=57,followerCommit=56
2022-10-04 13:26:30,429 [grpc-default-executor-2] INFO  impl.SnapshotInstallationHandler (SnapshotInstallationHandler.java:installSnapshot(84)) - omNode-2@group-523986131536: receive installSnapshot: omNode-1->omNode-2#0-t6,notify:(t:6, i:59)
2022-10-04 13:26:30,429 [grpc-default-executor-2] INFO  impl.SnapshotInstallationHandler (SnapshotInstallationHandler.java:installSnapshot(95)) - omNode-2@group-523986131536: reply installSnapshot: omNode-1<-omNode-2#0:FAIL-t6,IN_PROGRESS
2022-10-04 13:26:30,429 [grpc-default-executor-2] INFO  server.GrpcServerProtocolService (GrpcServerProtocolService.java:onCompleted(140)) - omNode-2: Completed INSTALL_SNAPSHOT, lastRequest: omNode-1->omNode-2#0-t6,notify:(t:6, i:59)
2022-10-04 13:26:30,430 [grpc-default-executor-2] INFO  leader.FollowerInfo (FollowerInfoImpl.java:lambda$new$0(48)) - omNode-1@group-523986131536->omNode-2: nextIndex: updateUnconditionally 57 -> 57
2022-10-04 13:26:30,430 [grpc-default-executor-1] INFO  server.GrpcLogAppender (GrpcLogAppender.java:onNext(403)) - omNode-1@group-523986131536->omNode-2-InstallSnapshotResponseHandler: received a reply omNode-1<-omNode-2#0:FAIL-t6,IN_PROGRESS
2022-10-04 13:26:30,430 [grpc-default-executor-1] INFO  server.GrpcLogAppender (GrpcLogAppender.java:onNext(421)) - omNode-1@group-523986131536->omNode-2-InstallSnapshotResponseHandler: InstallSnapshot in progress.
2022-10-04 13:26:30,431 [omNode-1@group-523986131536->omNode-2-GrpcLogAppender-LogAppenderDaemon] INFO  server.GrpcLogAppender (GrpcLogAppender.java:installSnapshot(541)) - omNode-1@group-523986131536->omNode-2-GrpcLogAppender: followerNextIndex = 57 but logStartIndex = 59, notify follower to install snapshot-(t:6, i:59)
2022-10-04 13:26:30,431 [omNode-1@group-523986131536->omNode-2-GrpcLogAppender-LogAppenderDaemon] INFO  server.GrpcLogAppender (GrpcLogAppender.java:installSnapshot(549)) - omNode-1@group-523986131536->omNode-2-GrpcLogAppender: send omNode-1->omNode-2#0-t6,notify:(t:6, i:59)
2022-10-04 13:26:30,432 [omNode-2-server-thread1] INFO  server.RaftServer$Division (RaftServerImpl.java:checkInconsistentAppendEntries(1402)) - omNode-2@group-523986131536: Failed appendEntries as snapshot (59) installation is in progress
2022-10-04 13:26:30,432 [omNode-2-server-thread1] INFO  server.RaftServer$Division (RaftServerImpl.java:checkInconsistentAppendEntries(1394)) - omNode-2@group-523986131536: inconsistency entries. Reply:omNode-1<-omNode-2#569:FAIL-t6,INCONSISTENCY,nextIndex=57,followerCommit=56
2022-10-04 13:26:30,432 [grpc-default-executor-2] INFO  impl.SnapshotInstallationHandler (SnapshotInstallationHandler.java:installSnapshot(84)) - omNode-2@group-523986131536: receive installSnapshot: omNode-1->omNode-2#0-t6,notify:(t:6, i:59)
2022-10-04 13:26:30,433 [grpc-default-executor-2] INFO  impl.SnapshotInstallationHandler (SnapshotInstallationHandler.java:installSnapshot(95)) - omNode-2@group-523986131536: reply installSnapshot: omNode-1<-omNode-2#0:FAIL-t6,IN_PROGRESS
2022-10-04 13:26:30,433 [grpc-default-executor-2] INFO  server.GrpcServerProtocolService (GrpcServerProtocolService.java:onCompleted(140)) - omNode-2: Completed INSTALL_SNAPSHOT, lastRequest: omNode-1->omNode-2#0-t6,notify:(t:6, i:59)
2022-10-04 13:26:30,433 [grpc-default-executor-1] INFO  leader.FollowerInfo (FollowerInfoImpl.java:lambda$new$0(48)) - omNode-1@group-523986131536->omNode-2: nextIndex: updateUnconditionally 57 -> 57
2022-10-04 13:26:30,434 [grpc-default-executor-1] INFO  server.GrpcLogAppender (GrpcLogAppender.java:onNext(403)) - omNode-1@group-523986131536->omNode-2-InstallSnapshotResponseHandler: received a reply omNode-1<-omNode-2#0:FAIL-t6,IN_PROGRESS
2022-10-04 13:26:30,434 [grpc-default-executor-1] INFO  server.GrpcLogAppender (GrpcLogAppender.java:onNext(421)) - omNode-1@group-523986131536->omNode-2-InstallSnapshotResponseHandler: InstallSnapshot in progress.
2022-10-04 13:26:30,434 [omNode-1@group-523986131536->omNode-2-GrpcLogAppender-LogAppenderDaemon] INFO  server.GrpcLogAppender (GrpcLogAppender.java:installSnapshot(541)) - omNode-1@group-523986131536->omNode-2-GrpcLogAppender: followerNextIndex = 57 but logStartIndex = 59, notify follower to install snapshot-(t:6, i:59)
2022-10-04 13:26:30,434 [omNode-1@group-523986131536->omNode-2-GrpcLogAppender-LogAppenderDaemon] INFO  server.GrpcLogAppender (GrpcLogAppender.java:installSnapshot(549)) - omNode-1@group-523986131536->omNode-2-GrpcLogAppender: send omNode-1->omNode-2#0-t6,notify:(t:6, i:59)
2022-10-04 13:26:30,435 [omNode-2-server-thread1] INFO  server.RaftServer$Division (RaftServerImpl.java:checkInconsistentAppendEntries(1402)) - omNode-2@group-523986131536: Failed appendEntries as snapshot (59) installation is in progress
2022-10-04 13:26:30,435 [omNode-2-server-thread1] INFO  server.RaftServer$Division (RaftServerImpl.java:checkInconsistentAppendEntries(1394)) - omNode-2@group-523986131536: inconsistency entries. Reply:omNode-1<-omNode-2#570:FAIL-t6,INCONSISTENCY,nextIndex=57,followerCommit=56
2022-10-04 13:26:30,436 [grpc-default-executor-2] INFO  impl.SnapshotInstallationHandler (SnapshotInstallationHandler.java:installSnapshot(84)) - omNode-2@group-523986131536: receive installSnapshot: omNode-1->omNode-2#0-t6,notify:(t:6, i:59)
2022-10-04 13:26:30,436 [grpc-default-executor-2] INFO  impl.SnapshotInstallationHandler (SnapshotInstallationHandler.java:installSnapshot(95)) - omNode-2@group-523986131536: reply installSnapshot: omNode-1<-omNode-2#0:FAIL-t6,IN_PROGRESS
2022-10-04 13:26:30,436 [grpc-default-executor-2] INFO  server.GrpcServerProtocolService (GrpcServerProtocolService.java:onCompleted(140)) - omNode-2: Completed INSTALL_SNAPSHOT, lastRequest: omNode-1->omNode-2#0-t6,notify:(t:6, i:59)
2022-10-04 13:26:30,437 [grpc-default-executor-1] INFO  leader.FollowerInfo (FollowerInfoImpl.java:lambda$new$0(48)) - omNode-1@group-523986131536->omNode-2: nextIndex: updateUnconditionally 57 -> 57
2022-10-04 13:26:30,437 [grpc-default-executor-1] INFO  server.GrpcLogAppender (GrpcLogAppender.java:onNext(403)) - omNode-1@group-523986131536->omNode-2-InstallSnapshotResponseHandler: received a reply omNode-1<-omNode-2#0:FAIL-t6,IN_PROGRESS
2022-10-04 13:26:30,437 [grpc-default-executor-1] INFO  server.GrpcLogAppender (GrpcLogAppender.java:onNext(421)) - omNode-1@group-523986131536->omNode-2-InstallSnapshotResponseHandler: InstallSnapshot in progress.
2022-10-04 13:26:30,437 [omNode-1@group-523986131536->omNode-2-GrpcLogAppender-LogAppenderDaemon] INFO  server.GrpcLogAppender (GrpcLogAppender.java:installSnapshot(541)) - omNode-1@group-523986131536->omNode-2-GrpcLogAppender: followerNextIndex = 57 but logStartIndex = 59, notify follower to install snapshot-(t:6, i:59)
2022-10-04 13:26:30,437 [omNode-1@group-523986131536->omNode-2-GrpcLogAppender-LogAppenderDaemon] INFO  server.GrpcLogAppender (GrpcLogAppender.java:installSnapshot(549)) - omNode-1@group-523986131536->omNode-2-GrpcLogAppender: send omNode-1->omNode-2#0-t6,notify:(t:6, i:59)
2022-10-04 13:26:30,438 [omNode-2-server-thread1] INFO  server.RaftServer$Division (RaftServerImpl.java:checkInconsistentAppendEntries(1402)) - omNode-2@group-523986131536: Failed appendEntries as snapshot (59) installation is in progress
2022-10-04 13:26:30,438 [omNode-2-server-thread1] INFO  server.RaftServer$Division (RaftServerImpl.java:checkInconsistentAppendEntries(1394)) - omNode-2@group-523986131536: inconsistency entries. Reply:omNode-1<-omNode-2#571:FAIL-t6,INCONSISTENCY,nextIndex=57,followerCommit=56
2022-10-04 13:26:30,439 [grpc-default-executor-2] INFO  impl.SnapshotInstallationHandler (SnapshotInstallationHandler.java:installSnapshot(84)) - omNode-2@group-523986131536: receive installSnapshot: omNode-1->omNode-2#0-t6,notify:(t:6, i:59)
2022-10-04 13:26:30,439 [grpc-default-executor-2] INFO  impl.SnapshotInstallationHandler (SnapshotInstallationHandler.java:installSnapshot(95)) - omNode-2@group-523986131536: reply installSnapshot: omNode-1<-omNode-2#0:FAIL-t6,IN_PROGRESS
2022-10-04 13:26:30,439 [grpc-default-executor-2] INFO  server.GrpcServerProtocolService (GrpcServerProtocolService.java:onCompleted(140)) - omNode-2: Completed INSTALL_SNAPSHOT, lastRequest: omNode-1->omNode-2#0-t6,notify:(t:6, i:59)
2022-10-04 13:26:30,440 [grpc-default-executor-1] INFO  leader.FollowerInfo (FollowerInfoImpl.java:lambda$new$0(48)) - omNode-1@group-523986131536->omNode-2: nextIndex: updateUnconditionally 57 -> 57
2022-10-04 13:26:30,440 [grpc-default-executor-1] INFO  server.GrpcLogAppender (GrpcLogAppender.java:onNext(403)) - omNode-1@group-523986131536->omNode-2-InstallSnapshotResponseHandler: received a reply omNode-1<-omNode-2#0:FAIL-t6,IN_PROGRESS
2022-10-04 13:26:30,440 [grpc-default-executor-1] INFO  server.GrpcLogAppender (GrpcLogAppender.java:onNext(421)) - omNode-1@group-523986131536->omNode-2-InstallSnapshotResponseHandler: InstallSnapshot in progress.
2022-10-04 13:26:30,440 [omNode-1@group-523986131536->omNode-2-GrpcLogAppender-LogAppenderDaemon] INFO  server.GrpcLogAppender (GrpcLogAppender.java:installSnapshot(541)) - omNode-1@group-523986131536->omNode-2-GrpcLogAppender: followerNextIndex = 57 but logStartIndex = 59, notify follower to install snapshot-(t:6, i:59)
2022-10-04 13:26:30,440 [omNode-1@group-523986131536->omNode-2-GrpcLogAppender-LogAppenderDaemon] INFO  server.GrpcLogAppender (GrpcLogAppender.java:installSnapshot(549)) - omNode-1@group-523986131536->omNode-2-GrpcLogAppender: send omNode-1->omNode-2#0-t6,notify:(t:6, i:59)
2022-10-04 13:26:30,441 [grpc-default-executor-1] INFO  impl.SnapshotInstallationHandler (SnapshotInstallationHandler.java:installSnapshot(84)) - omNode-2@group-523986131536: receive installSnapshot: omNode-1->omNode-2#0-t6,notify:(t:6, i:59)
2022-10-04 13:26:30,441 [grpc-default-executor-1] INFO  impl.SnapshotInstallationHandler (SnapshotInstallationHandler.java:installSnapshot(95)) - omNode-2@group-523986131536: reply installSnapshot: omNode-1<-omNode-2#0:FAIL-t6,IN_PROGRESS
2022-10-04 13:26:30,442 [grpc-default-executor-1] INFO  server.GrpcServerProtocolService (GrpcServerProtocolService.java:onCompleted(140)) - omNode-2: Completed INSTALL_SNAPSHOT, lastRequest: omNode-1->omNode-2#0-t6,notify:(t:6, i:59)
2022-10-04 13:26:30,442 [omNode-2-server-thread1] INFO  server.RaftServer$Division (RaftServerImpl.java:checkInconsistentAppendEntries(1402)) - omNode-2@group-523986131536: Failed appendEntries as snapshot (59) installation is in progress
2022-10-04 13:26:30,442 [omNode-2-server-thread1] INFO  server.RaftServer$Division (RaftServerImpl.java:checkInconsistentAppendEntries(1394)) - omNode-2@group-523986131536: inconsistency entries. Reply:omNode-1<-omNode-2#572:FAIL-t6,INCONSISTENCY,nextIndex=57,followerCommit=56
2022-10-04 13:26:30,443 [grpc-default-executor-2] INFO  server.GrpcLogAppender (GrpcLogAppender.java:onNext(403)) - omNode-1@group-523986131536->omNode-2-InstallSnapshotResponseHandler: received a reply omNode-1<-omNode-2#0:FAIL-t6,IN_PROGRESS
2022-10-04 13:26:30,443 [grpc-default-executor-2] INFO  server.GrpcLogAppender (GrpcLogAppender.java:onNext(421)) - omNode-1@group-523986131536->omNode-2-InstallSnapshotResponseHandler: InstallSnapshot in progress.
2022-10-04 13:26:30,443 [omNode-1@group-523986131536->omNode-2-GrpcLogAppender-LogAppenderDaemon] INFO  server.GrpcLogAppender (GrpcLogAppender.java:installSnapshot(541)) - omNode-1@group-523986131536->omNode-2-GrpcLogAppender: followerNextIndex = 57 but logStartIndex = 59, notify follower to install snapshot-(t:6, i:59)
2022-10-04 13:26:30,444 [omNode-1@group-523986131536->omNode-2-GrpcLogAppender-LogAppenderDaemon] INFO  server.GrpcLogAppender (GrpcLogAppender.java:installSnapshot(549)) - omNode-1@group-523986131536->omNode-2-GrpcLogAppender: send omNode-1->omNode-2#0-t6,notify:(t:6, i:59)
2022-10-04 13:26:30,444 [grpc-default-executor-1] INFO  leader.FollowerInfo (FollowerInfoImpl.java:lambda$new$0(48)) - omNode-1@group-523986131536->omNode-2: nextIndex: updateUnconditionally 57 -> 57
2022-10-04 13:26:30,445 [omNode-2-server-thread1] INFO  server.RaftServer$Division (RaftServerImpl.java:checkInconsistentAppendEntries(1402)) - omNode-2@group-523986131536: Failed appendEntries as snapshot (59) installation is in progress
2022-10-04 13:26:30,445 [omNode-2-server-thread1] INFO  server.RaftServer$Division (RaftServerImpl.java:checkInconsistentAppendEntries(1394)) - omNode-2@group-523986131536: inconsistency entries. Reply:omNode-1<-omNode-2#573:FAIL-t6,INCONSISTENCY,nextIndex=57,followerCommit=56
2022-10-04 13:26:30,445 [grpc-default-executor-2] INFO  impl.SnapshotInstallationHandler (SnapshotInstallationHandler.java:installSnapshot(84)) - omNode-2@group-523986131536: receive installSnapshot: omNode-1->omNode-2#0-t6,notify:(t:6, i:59)
2022-10-04 13:26:30,445 [grpc-default-executor-2] INFO  impl.SnapshotInstallationHandler (SnapshotInstallationHandler.java:installSnapshot(95)) - omNode-2@group-523986131536: reply installSnapshot: omNode-1<-omNode-2#0:FAIL-t6,IN_PROGRESS
2022-10-04 13:26:30,446 [grpc-default-executor-2] INFO  server.GrpcServerProtocolService (GrpcServerProtocolService.java:onCompleted(140)) - omNode-2: Completed INSTALL_SNAPSHOT, lastRequest: omNode-1->omNode-2#0-t6,notify:(t:6, i:59)
2022-10-04 13:26:30,446 [grpc-default-executor-1] INFO  leader.FollowerInfo (FollowerInfoImpl.java:lambda$new$0(48)) - omNode-1@group-523986131536->omNode-2: nextIndex: updateUnconditionally 57 -> 57
2022-10-04 13:26:30,446 [grpc-default-executor-1] INFO  server.GrpcLogAppender (GrpcLogAppender.java:onNext(403)) - omNode-1@group-523986131536->omNode-2-InstallSnapshotResponseHandler: received a reply omNode-1<-omNode-2#0:FAIL-t6,IN_PROGRESS
2022-10-04 13:26:30,446 [grpc-default-executor-1] INFO  server.GrpcLogAppender (GrpcLogAppender.java:onNext(421)) - omNode-1@group-523986131536->omNode-2-InstallSnapshotResponseHandler: InstallSnapshot in progress.
2022-10-04 13:26:30,447 [omNode-1@group-523986131536->omNode-2-GrpcLogAppender-LogAppenderDaemon] INFO  server.GrpcLogAppender (GrpcLogAppender.java:installSnapshot(541)) - omNode-1@group-523986131536->omNode-2-GrpcLogAppender: followerNextIndex = 57 but logStartIndex = 59, notify follower to install snapshot-(t:6, i:59)
2022-10-04 13:26:30,447 [omNode-1@group-523986131536->omNode-2-GrpcLogAppender-LogAppenderDaemon] INFO  server.GrpcLogAppender (GrpcLogAppender.java:installSnapshot(549)) - omNode-1@group-523986131536->omNode-2-GrpcLogAppender: send omNode-1->omNode-2#0-t6,notify:(t:6, i:59)
2022-10-04 13:26:30,447 [omNode-2-server-thread1] INFO  server.RaftServer$Division (RaftServerImpl.java:checkInconsistentAppendEntries(1402)) - omNode-2@group-523986131536: Failed appendEntries as snapshot (59) installation is in progress
2022-10-04 13:26:30,448 [omNode-2-server-thread1] INFO  server.RaftServer$Division (RaftServerImpl.java:checkInconsistentAppendEntries(1394)) - omNode-2@group-523986131536: inconsistency entries. Reply:omNode-1<-omNode-2#574:FAIL-t6,INCONSISTENCY,nextIndex=57,followerCommit=56
2022-10-04 13:26:30,448 [grpc-default-executor-2] INFO  impl.SnapshotInstallationHandler (SnapshotInstallationHandler.java:installSnapshot(84)) - omNode-2@group-523986131536: receive installSnapshot: omNode-1->omNode-2#0-t6,notify:(t:6, i:59)
2022-10-04 13:26:30,448 [grpc-default-executor-2] INFO  impl.SnapshotInstallationHandler (SnapshotInstallationHandler.java:installSnapshot(95)) - omNode-2@group-523986131536: reply installSnapshot: omNode-1<-omNode-2#0:FAIL-t6,IN_PROGRESS
2022-10-04 13:26:30,448 [grpc-default-executor-2] INFO  server.GrpcServerProtocolService (GrpcServerProtocolService.java:onCompleted(140)) - omNode-2: Completed INSTALL_SNAPSHOT, lastRequest: omNode-1->omNode-2#0-t6,notify:(t:6, i:59)
2022-10-04 13:26:30,449 [grpc-default-executor-1] INFO  leader.FollowerInfo (FollowerInfoImpl.java:lambda$new$0(48)) - omNode-1@group-523986131536->omNode-2: nextIndex: updateUnconditionally 57 -> 57
2022-10-04 13:26:30,452 [pool-366-thread-1] INFO  om.OzoneManager (OzoneManager.java:installCheckpoint(3742)) - metadataManager is stopped. Spend 30 ms.
2022-10-04 13:26:30,453 [grpc-default-executor-1] INFO  server.GrpcLogAppender (GrpcLogAppender.java:onNext(403)) - omNode-1@group-523986131536->omNode-2-InstallSnapshotResponseHandler: received a reply omNode-1<-omNode-2#0:FAIL-t6,IN_PROGRESS
2022-10-04 13:26:30,453 [grpc-default-executor-1] INFO  server.GrpcLogAppender (GrpcLogAppender.java:onNext(421)) - omNode-1@group-523986131536->omNode-2-InstallSnapshotResponseHandler: InstallSnapshot in progress.
2022-10-04 13:26:30,453 [omNode-1@group-523986131536->omNode-2-GrpcLogAppender-LogAppenderDaemon] INFO  server.GrpcLogAppender (GrpcLogAppender.java:installSnapshot(541)) - omNode-1@group-523986131536->omNode-2-GrpcLogAppender: followerNextIndex = 57 but logStartIndex = 59, notify follower to install snapshot-(t:6, i:59)
2022-10-04 13:26:30,453 [omNode-1@group-523986131536->omNode-2-GrpcLogAppender-LogAppenderDaemon] INFO  server.GrpcLogAppender (GrpcLogAppender.java:installSnapshot(549)) - omNode-1@group-523986131536->omNode-2-GrpcLogAppender: send omNode-1->omNode-2#0-t6,notify:(t:6, i:59)
2022-10-04 13:26:30,458 [omNode-2-server-thread1] INFO  server.RaftServer$Division (RaftServerImpl.java:checkInconsistentAppendEntries(1402)) - omNode-2@group-523986131536: Failed appendEntries as snapshot (59) installation is in progress
2022-10-04 13:26:30,458 [omNode-2-server-thread1] INFO  server.RaftServer$Division (RaftServerImpl.java:checkInconsistentAppendEntries(1394)) - omNode-2@group-523986131536: inconsistency entries. Reply:omNode-1<-omNode-2#575:FAIL-t6,INCONSISTENCY,nextIndex=57,followerCommit=56
2022-10-04 13:26:30,459 [grpc-default-executor-2] INFO  impl.SnapshotInstallationHandler (SnapshotInstallationHandler.java:installSnapshot(84)) - omNode-2@group-523986131536: receive installSnapshot: omNode-1->omNode-2#0-t6,notify:(t:6, i:59)
2022-10-04 13:26:30,459 [grpc-default-executor-2] INFO  impl.SnapshotInstallationHandler (SnapshotInstallationHandler.java:installSnapshot(95)) - omNode-2@group-523986131536: reply installSnapshot: omNode-1<-omNode-2#0:FAIL-t6,IN_PROGRESS
2022-10-04 13:26:30,459 [grpc-default-executor-2] INFO  server.GrpcServerProtocolService (GrpcServerProtocolService.java:onCompleted(140)) - omNode-2: Completed INSTALL_SNAPSHOT, lastRequest: omNode-1->omNode-2#0-t6,notify:(t:6, i:59)
2022-10-04 13:26:30,461 [grpc-default-executor-1] INFO  server.GrpcLogAppender (GrpcLogAppender.java:onNext(403)) - omNode-1@group-523986131536->omNode-2-InstallSnapshotResponseHandler: received a reply omNode-1<-omNode-2#0:FAIL-t6,IN_PROGRESS
2022-10-04 13:26:30,461 [grpc-default-executor-1] INFO  server.GrpcLogAppender (GrpcLogAppender.java:onNext(421)) - omNode-1@group-523986131536->omNode-2-InstallSnapshotResponseHandler: InstallSnapshot in progress.
2022-10-04 13:26:30,461 [grpc-default-executor-2] INFO  leader.FollowerInfo (FollowerInfoImpl.java:lambda$new$0(48)) - omNode-1@group-523986131536->omNode-2: nextIndex: updateUnconditionally 57 -> 57
2022-10-04 13:26:30,461 [omNode-1@group-523986131536->omNode-2-GrpcLogAppender-LogAppenderDaemon] INFO  server.GrpcLogAppender (GrpcLogAppender.java:installSnapshot(541)) - omNode-1@group-523986131536->omNode-2-GrpcLogAppender: followerNextIndex = 57 but logStartIndex = 59, notify follower to install snapshot-(t:6, i:59)
2022-10-04 13:26:30,462 [omNode-1@group-523986131536->omNode-2-GrpcLogAppender-LogAppenderDaemon] INFO  server.GrpcLogAppender (GrpcLogAppender.java:installSnapshot(549)) - omNode-1@group-523986131536->omNode-2-GrpcLogAppender: send omNode-1->omNode-2#0-t6,notify:(t:6, i:59)
2022-10-04 13:26:30,463 [pool-366-thread-1] INFO  om.OzoneManager (OzoneManager.java:installCheckpoint(3756)) - Replaced DB with checkpoint from OM: omNode-1, term: 6, index: 129, time: 10 ms
2022-10-04 13:26:30,464 [pool-366-thread-1] WARN  server.ServerUtils (ServerUtils.java:getDBPath(225)) - ozone.om.db.dirs is not configured. We recommend adding this setting. Falling back to ozone.metadata.dirs instead.
2022-10-04 13:26:30,464 [pool-366-thread-1] INFO  codec.OmKeyInfoCodec (OmKeyInfoCodec.java:<init>(49)) - OmKeyInfoCodec ignorePipeline = true
2022-10-04 13:26:30,464 [pool-366-thread-1] INFO  codec.RepeatedOmKeyInfoCodec (RepeatedOmKeyInfoCodec.java:<init>(41)) - RepeatedOmKeyInfoCodec ignorePipeline = true
2022-10-04 13:26:30,466 [omNode-2-server-thread1] INFO  server.RaftServer$Division (RaftServerImpl.java:checkInconsistentAppendEntries(1402)) - omNode-2@group-523986131536: Failed appendEntries as snapshot (59) installation is in progress
2022-10-04 13:26:30,466 [omNode-2-server-thread1] INFO  server.RaftServer$Division (RaftServerImpl.java:checkInconsistentAppendEntries(1394)) - omNode-2@group-523986131536: inconsistency entries. Reply:omNode-1<-omNode-2#576:FAIL-t6,INCONSISTENCY,nextIndex=57,followerCommit=56
2022-10-04 13:26:30,466 [grpc-default-executor-2] INFO  impl.SnapshotInstallationHandler (SnapshotInstallationHandler.java:installSnapshot(84)) - omNode-2@group-523986131536: receive installSnapshot: omNode-1->omNode-2#0-t6,notify:(t:6, i:59)
2022-10-04 13:26:30,466 [grpc-default-executor-2] INFO  impl.SnapshotInstallationHandler (SnapshotInstallationHandler.java:installSnapshot(95)) - omNode-2@group-523986131536: reply installSnapshot: omNode-1<-omNode-2#0:FAIL-t6,IN_PROGRESS
2022-10-04 13:26:30,467 [grpc-default-executor-2] INFO  server.GrpcServerProtocolService (GrpcServerProtocolService.java:onCompleted(140)) - omNode-2: Completed INSTALL_SNAPSHOT, lastRequest: omNode-1->omNode-2#0-t6,notify:(t:6, i:59)
2022-10-04 13:26:30,468 [grpc-default-executor-2] INFO  leader.FollowerInfo (FollowerInfoImpl.java:lambda$new$0(48)) - omNode-1@group-523986131536->omNode-2: nextIndex: updateUnconditionally 57 -> 57
2022-10-04 13:26:30,468 [grpc-default-executor-0] INFO  server.GrpcLogAppender (GrpcLogAppender.java:onNext(403)) - omNode-1@group-523986131536->omNode-2-InstallSnapshotResponseHandler: received a reply omNode-1<-omNode-2#0:FAIL-t6,IN_PROGRESS
2022-10-04 13:26:30,468 [grpc-default-executor-0] INFO  server.GrpcLogAppender (GrpcLogAppender.java:onNext(421)) - omNode-1@group-523986131536->omNode-2-InstallSnapshotResponseHandler: InstallSnapshot in progress.
2022-10-04 13:26:30,468 [omNode-1@group-523986131536->omNode-2-GrpcLogAppender-LogAppenderDaemon] INFO  server.GrpcLogAppender (GrpcLogAppender.java:installSnapshot(541)) - omNode-1@group-523986131536->omNode-2-GrpcLogAppender: followerNextIndex = 57 but logStartIndex = 59, notify follower to install snapshot-(t:6, i:59)
2022-10-04 13:26:30,468 [omNode-1@group-523986131536->omNode-2-GrpcLogAppender-LogAppenderDaemon] INFO  server.GrpcLogAppender (GrpcLogAppender.java:installSnapshot(549)) - omNode-1@group-523986131536->omNode-2-GrpcLogAppender: send omNode-1->omNode-2#0-t6,notify:(t:6, i:59)
2022-10-04 13:26:30,468 [omNode-2-server-thread1] INFO  server.RaftServer$Division (RaftServerImpl.java:checkInconsistentAppendEntries(1402)) - omNode-2@group-523986131536: Failed appendEntries as snapshot (59) installation is in progress
2022-10-04 13:26:30,468 [omNode-2-server-thread1] INFO  server.RaftServer$Division (RaftServerImpl.java:checkInconsistentAppendEntries(1394)) - omNode-2@group-523986131536: inconsistency entries. Reply:omNode-1<-omNode-2#577:FAIL-t6,INCONSISTENCY,nextIndex=57,followerCommit=56
2022-10-04 13:26:30,469 [grpc-default-executor-2] INFO  impl.SnapshotInstallationHandler (SnapshotInstallationHandler.java:installSnapshot(84)) - omNode-2@group-523986131536: receive installSnapshot: omNode-1->omNode-2#0-t6,notify:(t:6, i:59)
2022-10-04 13:26:30,469 [grpc-default-executor-2] INFO  impl.SnapshotInstallationHandler (SnapshotInstallationHandler.java:installSnapshot(95)) - omNode-2@group-523986131536: reply installSnapshot: omNode-1<-omNode-2#0:FAIL-t6,IN_PROGRESS
2022-10-04 13:26:30,469 [grpc-default-executor-2] INFO  server.GrpcServerProtocolService (GrpcServerProtocolService.java:onCompleted(140)) - omNode-2: Completed INSTALL_SNAPSHOT, lastRequest: omNode-1->omNode-2#0-t6,notify:(t:6, i:59)
2022-10-04 13:26:30,470 [grpc-default-executor-2] INFO  leader.FollowerInfo (FollowerInfoImpl.java:lambda$new$0(48)) - omNode-1@group-523986131536->omNode-2: nextIndex: updateUnconditionally 57 -> 57
2022-10-04 13:26:30,470 [grpc-default-executor-2] INFO  server.GrpcLogAppender (GrpcLogAppender.java:onNext(403)) - omNode-1@group-523986131536->omNode-2-InstallSnapshotResponseHandler: received a reply omNode-1<-omNode-2#0:FAIL-t6,IN_PROGRESS
2022-10-04 13:26:30,470 [grpc-default-executor-2] INFO  server.GrpcLogAppender (GrpcLogAppender.java:onNext(421)) - omNode-1@group-523986131536->omNode-2-InstallSnapshotResponseHandler: InstallSnapshot in progress.
2022-10-04 13:26:30,471 [omNode-1@group-523986131536->omNode-2-GrpcLogAppender-LogAppenderDaemon] INFO  server.GrpcLogAppender (GrpcLogAppender.java:installSnapshot(541)) - omNode-1@group-523986131536->omNode-2-GrpcLogAppender: followerNextIndex = 57 but logStartIndex = 59, notify follower to install snapshot-(t:6, i:59)
2022-10-04 13:26:30,471 [omNode-1@group-523986131536->omNode-2-GrpcLogAppender-LogAppenderDaemon] INFO  server.GrpcLogAppender (GrpcLogAppender.java:installSnapshot(549)) - omNode-1@group-523986131536->omNode-2-GrpcLogAppender: send omNode-1->omNode-2#0-t6,notify:(t:6, i:59)
2022-10-04 13:26:30,471 [omNode-2-server-thread1] INFO  server.RaftServer$Division (RaftServerImpl.java:checkInconsistentAppendEntries(1402)) - omNode-2@group-523986131536: Failed appendEntries as snapshot (59) installation is in progress
2022-10-04 13:26:30,471 [omNode-2-server-thread1] INFO  server.RaftServer$Division (RaftServerImpl.java:checkInconsistentAppendEntries(1394)) - omNode-2@group-523986131536: inconsistency entries. Reply:omNode-1<-omNode-2#578:FAIL-t6,INCONSISTENCY,nextIndex=57,followerCommit=56
2022-10-04 13:26:30,472 [grpc-default-executor-2] INFO  impl.SnapshotInstallationHandler (SnapshotInstallationHandler.java:installSnapshot(84)) - omNode-2@group-523986131536: receive installSnapshot: omNode-1->omNode-2#0-t6,notify:(t:6, i:59)
2022-10-04 13:26:30,472 [grpc-default-executor-2] INFO  impl.SnapshotInstallationHandler (SnapshotInstallationHandler.java:installSnapshot(95)) - omNode-2@group-523986131536: reply installSnapshot: omNode-1<-omNode-2#0:FAIL-t6,IN_PROGRESS
2022-10-04 13:26:30,472 [grpc-default-executor-2] INFO  server.GrpcServerProtocolService (GrpcServerProtocolService.java:onCompleted(140)) - omNode-2: Completed INSTALL_SNAPSHOT, lastRequest: omNode-1->omNode-2#0-t6,notify:(t:6, i:59)
2022-10-04 13:26:30,472 [grpc-default-executor-0] INFO  leader.FollowerInfo (FollowerInfoImpl.java:lambda$new$0(48)) - omNode-1@group-523986131536->omNode-2: nextIndex: updateUnconditionally 57 -> 57
2022-10-04 13:26:30,472 [grpc-default-executor-2] INFO  server.GrpcLogAppender (GrpcLogAppender.java:onNext(403)) - omNode-1@group-523986131536->omNode-2-InstallSnapshotResponseHandler: received a reply omNode-1<-omNode-2#0:FAIL-t6,IN_PROGRESS
2022-10-04 13:26:30,473 [grpc-default-executor-2] INFO  server.GrpcLogAppender (GrpcLogAppender.java:onNext(421)) - omNode-1@group-523986131536->omNode-2-InstallSnapshotResponseHandler: InstallSnapshot in progress.
2022-10-04 13:26:30,473 [omNode-1@group-523986131536->omNode-2-GrpcLogAppender-LogAppenderDaemon] INFO  server.GrpcLogAppender (GrpcLogAppender.java:installSnapshot(541)) - omNode-1@group-523986131536->omNode-2-GrpcLogAppender: followerNextIndex = 57 but logStartIndex = 59, notify follower to install snapshot-(t:6, i:59)
2022-10-04 13:26:30,473 [omNode-1@group-523986131536->omNode-2-GrpcLogAppender-LogAppenderDaemon] INFO  server.GrpcLogAppender (GrpcLogAppender.java:installSnapshot(549)) - omNode-1@group-523986131536->omNode-2-GrpcLogAppender: send omNode-1->omNode-2#0-t6,notify:(t:6, i:59)
2022-10-04 13:26:30,473 [omNode-2-server-thread1] INFO  server.RaftServer$Division (RaftServerImpl.java:checkInconsistentAppendEntries(1402)) - omNode-2@group-523986131536: Failed appendEntries as snapshot (59) installation is in progress
2022-10-04 13:26:30,473 [omNode-2-server-thread1] INFO  server.RaftServer$Division (RaftServerImpl.java:checkInconsistentAppendEntries(1394)) - omNode-2@group-523986131536: inconsistency entries. Reply:omNode-1<-omNode-2#579:FAIL-t6,INCONSISTENCY,nextIndex=57,followerCommit=56
2022-10-04 13:26:30,474 [grpc-default-executor-2] INFO  impl.SnapshotInstallationHandler (SnapshotInstallationHandler.java:installSnapshot(84)) - omNode-2@group-523986131536: receive installSnapshot: omNode-1->omNode-2#0-t6,notify:(t:6, i:59)
2022-10-04 13:26:30,475 [grpc-default-executor-2] INFO  impl.SnapshotInstallationHandler (SnapshotInstallationHandler.java:installSnapshot(95)) - omNode-2@group-523986131536: reply installSnapshot: omNode-1<-omNode-2#0:FAIL-t6,IN_PROGRESS
2022-10-04 13:26:30,475 [grpc-default-executor-2] INFO  server.GrpcServerProtocolService (GrpcServerProtocolService.java:onCompleted(140)) - omNode-2: Completed INSTALL_SNAPSHOT, lastRequest: omNode-1->omNode-2#0-t6,notify:(t:6, i:59)
2022-10-04 13:26:30,476 [grpc-default-executor-0] INFO  leader.FollowerInfo (FollowerInfoImpl.java:lambda$new$0(48)) - omNode-1@group-523986131536->omNode-2: nextIndex: updateUnconditionally 57 -> 57
2022-10-04 13:26:30,476 [grpc-default-executor-2] INFO  server.GrpcLogAppender (GrpcLogAppender.java:onNext(403)) - omNode-1@group-523986131536->omNode-2-InstallSnapshotResponseHandler: received a reply omNode-1<-omNode-2#0:FAIL-t6,IN_PROGRESS
2022-10-04 13:26:30,476 [grpc-default-executor-2] INFO  server.GrpcLogAppender (GrpcLogAppender.java:onNext(421)) - omNode-1@group-523986131536->omNode-2-InstallSnapshotResponseHandler: InstallSnapshot in progress.
2022-10-04 13:26:30,476 [omNode-1@group-523986131536->omNode-2-GrpcLogAppender-LogAppenderDaemon] INFO  server.GrpcLogAppender (GrpcLogAppender.java:installSnapshot(541)) - omNode-1@group-523986131536->omNode-2-GrpcLogAppender: followerNextIndex = 57 but logStartIndex = 59, notify follower to install snapshot-(t:6, i:59)
2022-10-04 13:26:30,476 [omNode-1@group-523986131536->omNode-2-GrpcLogAppender-LogAppenderDaemon] INFO  server.GrpcLogAppender (GrpcLogAppender.java:installSnapshot(549)) - omNode-1@group-523986131536->omNode-2-GrpcLogAppender: send omNode-1->omNode-2#0-t6,notify:(t:6, i:59)
2022-10-04 13:26:30,482 [omNode-2-server-thread1] INFO  server.RaftServer$Division (RaftServerImpl.java:checkInconsistentAppendEntries(1402)) - omNode-2@group-523986131536: Failed appendEntries as snapshot (59) installation is in progress
2022-10-04 13:26:30,482 [omNode-2-server-thread1] INFO  server.RaftServer$Division (RaftServerImpl.java:checkInconsistentAppendEntries(1394)) - omNode-2@group-523986131536: inconsistency entries. Reply:omNode-1<-omNode-2#580:FAIL-t6,INCONSISTENCY,nextIndex=57,followerCommit=56
2022-10-04 13:26:30,482 [grpc-default-executor-1] INFO  impl.SnapshotInstallationHandler (SnapshotInstallationHandler.java:installSnapshot(84)) - omNode-2@group-523986131536: receive installSnapshot: omNode-1->omNode-2#0-t6,notify:(t:6, i:59)
2022-10-04 13:26:30,482 [grpc-default-executor-1] INFO  impl.SnapshotInstallationHandler (SnapshotInstallationHandler.java:installSnapshot(95)) - omNode-2@group-523986131536: reply installSnapshot: omNode-1<-omNode-2#0:FAIL-t6,IN_PROGRESS
2022-10-04 13:26:30,482 [grpc-default-executor-1] INFO  server.GrpcServerProtocolService (GrpcServerProtocolService.java:onCompleted(140)) - omNode-2: Completed INSTALL_SNAPSHOT, lastRequest: omNode-1->omNode-2#0-t6,notify:(t:6, i:59)
2022-10-04 13:26:30,483 [grpc-default-executor-0] INFO  leader.FollowerInfo (FollowerInfoImpl.java:lambda$new$0(48)) - omNode-1@group-523986131536->omNode-2: nextIndex: updateUnconditionally 57 -> 57
2022-10-04 13:26:30,483 [grpc-default-executor-1] INFO  server.GrpcLogAppender (GrpcLogAppender.java:onNext(403)) - omNode-1@group-523986131536->omNode-2-InstallSnapshotResponseHandler: received a reply omNode-1<-omNode-2#0:FAIL-t6,IN_PROGRESS
2022-10-04 13:26:30,483 [grpc-default-executor-1] INFO  server.GrpcLogAppender (GrpcLogAppender.java:onNext(421)) - omNode-1@group-523986131536->omNode-2-InstallSnapshotResponseHandler: InstallSnapshot in progress.
2022-10-04 13:26:30,483 [omNode-1@group-523986131536->omNode-2-GrpcLogAppender-LogAppenderDaemon] INFO  server.GrpcLogAppender (GrpcLogAppender.java:installSnapshot(541)) - omNode-1@group-523986131536->omNode-2-GrpcLogAppender: followerNextIndex = 57 but logStartIndex = 59, notify follower to install snapshot-(t:6, i:59)
2022-10-04 13:26:30,483 [omNode-1@group-523986131536->omNode-2-GrpcLogAppender-LogAppenderDaemon] INFO  server.GrpcLogAppender (GrpcLogAppender.java:installSnapshot(549)) - omNode-1@group-523986131536->omNode-2-GrpcLogAppender: send omNode-1->omNode-2#0-t6,notify:(t:6, i:59)
2022-10-04 13:26:30,484 [omNode-2-server-thread1] INFO  server.RaftServer$Division (RaftServerImpl.java:checkInconsistentAppendEntries(1402)) - omNode-2@group-523986131536: Failed appendEntries as snapshot (59) installation is in progress
2022-10-04 13:26:30,484 [omNode-2-server-thread1] INFO  server.RaftServer$Division (RaftServerImpl.java:checkInconsistentAppendEntries(1394)) - omNode-2@group-523986131536: inconsistency entries. Reply:omNode-1<-omNode-2#581:FAIL-t6,INCONSISTENCY,nextIndex=57,followerCommit=56
2022-10-04 13:26:30,484 [grpc-default-executor-0] INFO  leader.FollowerInfo (FollowerInfoImpl.java:lambda$new$0(48)) - omNode-1@group-523986131536->omNode-2: nextIndex: updateUnconditionally 57 -> 57
2022-10-04 13:26:30,485 [grpc-default-executor-1] INFO  impl.SnapshotInstallationHandler (SnapshotInstallationHandler.java:installSnapshot(84)) - omNode-2@group-523986131536: receive installSnapshot: omNode-1->omNode-2#0-t6,notify:(t:6, i:59)
2022-10-04 13:26:30,485 [grpc-default-executor-1] INFO  impl.SnapshotInstallationHandler (SnapshotInstallationHandler.java:installSnapshot(95)) - omNode-2@group-523986131536: reply installSnapshot: omNode-1<-omNode-2#0:FAIL-t6,IN_PROGRESS
2022-10-04 13:26:30,485 [grpc-default-executor-1] INFO  server.GrpcServerProtocolService (GrpcServerProtocolService.java:onCompleted(140)) - omNode-2: Completed INSTALL_SNAPSHOT, lastRequest: omNode-1->omNode-2#0-t6,notify:(t:6, i:59)
2022-10-04 13:26:30,486 [grpc-default-executor-1] INFO  server.GrpcLogAppender (GrpcLogAppender.java:onNext(403)) - omNode-1@group-523986131536->omNode-2-InstallSnapshotResponseHandler: received a reply omNode-1<-omNode-2#0:FAIL-t6,IN_PROGRESS
2022-10-04 13:26:30,486 [grpc-default-executor-1] INFO  server.GrpcLogAppender (GrpcLogAppender.java:onNext(421)) - omNode-1@group-523986131536->omNode-2-InstallSnapshotResponseHandler: InstallSnapshot in progress.
2022-10-04 13:26:30,486 [omNode-1@group-523986131536->omNode-2-GrpcLogAppender-LogAppenderDaemon] INFO  server.GrpcLogAppender (GrpcLogAppender.java:installSnapshot(541)) - omNode-1@group-523986131536->omNode-2-GrpcLogAppender: followerNextIndex = 57 but logStartIndex = 59, notify follower to install snapshot-(t:6, i:59)
2022-10-04 13:26:30,486 [omNode-1@group-523986131536->omNode-2-GrpcLogAppender-LogAppenderDaemon] INFO  server.GrpcLogAppender (GrpcLogAppender.java:installSnapshot(549)) - omNode-1@group-523986131536->omNode-2-GrpcLogAppender: send omNode-1->omNode-2#0-t6,notify:(t:6, i:59)
2022-10-04 13:26:30,488 [omNode-2-server-thread1] INFO  server.RaftServer$Division (RaftServerImpl.java:checkInconsistentAppendEntries(1402)) - omNode-2@group-523986131536: Failed appendEntries as snapshot (59) installation is in progress
2022-10-04 13:26:30,488 [omNode-2-server-thread1] INFO  server.RaftServer$Division (RaftServerImpl.java:checkInconsistentAppendEntries(1394)) - omNode-2@group-523986131536: inconsistency entries. Reply:omNode-1<-omNode-2#582:FAIL-t6,INCONSISTENCY,nextIndex=57,followerCommit=56
2022-10-04 13:26:30,488 [grpc-default-executor-1] INFO  impl.SnapshotInstallationHandler (SnapshotInstallationHandler.java:installSnapshot(84)) - omNode-2@group-523986131536: receive installSnapshot: omNode-1->omNode-2#0-t6,notify:(t:6, i:59)
2022-10-04 13:26:30,489 [grpc-default-executor-1] INFO  impl.SnapshotInstallationHandler (SnapshotInstallationHandler.java:installSnapshot(95)) - omNode-2@group-523986131536: reply installSnapshot: omNode-1<-omNode-2#0:FAIL-t6,IN_PROGRESS
2022-10-04 13:26:30,489 [grpc-default-executor-1] INFO  server.GrpcServerProtocolService (GrpcServerProtocolService.java:onCompleted(140)) - omNode-2: Completed INSTALL_SNAPSHOT, lastRequest: omNode-1->omNode-2#0-t6,notify:(t:6, i:59)
2022-10-04 13:26:30,489 [grpc-default-executor-0] INFO  leader.FollowerInfo (FollowerInfoImpl.java:lambda$new$0(48)) - omNode-1@group-523986131536->omNode-2: nextIndex: updateUnconditionally 57 -> 57
2022-10-04 13:26:30,489 [grpc-default-executor-1] INFO  server.GrpcLogAppender (GrpcLogAppender.java:onNext(403)) - omNode-1@group-523986131536->omNode-2-InstallSnapshotResponseHandler: received a reply omNode-1<-omNode-2#0:FAIL-t6,IN_PROGRESS
2022-10-04 13:26:30,489 [grpc-default-executor-1] INFO  server.GrpcLogAppender (GrpcLogAppender.java:onNext(421)) - omNode-1@group-523986131536->omNode-2-InstallSnapshotResponseHandler: InstallSnapshot in progress.
2022-10-04 13:26:30,489 [omNode-1@group-523986131536->omNode-2-GrpcLogAppender-LogAppenderDaemon] INFO  server.GrpcLogAppender (GrpcLogAppender.java:installSnapshot(541)) - omNode-1@group-523986131536->omNode-2-GrpcLogAppender: followerNextIndex = 57 but logStartIndex = 59, notify follower to install snapshot-(t:6, i:59)
2022-10-04 13:26:30,490 [omNode-1@group-523986131536->omNode-2-GrpcLogAppender-LogAppenderDaemon] INFO  server.GrpcLogAppender (GrpcLogAppender.java:installSnapshot(549)) - omNode-1@group-523986131536->omNode-2-GrpcLogAppender: send omNode-1->omNode-2#0-t6,notify:(t:6, i:59)
2022-10-04 13:26:30,490 [omNode-2-server-thread1] INFO  server.RaftServer$Division (RaftServerImpl.java:checkInconsistentAppendEntries(1402)) - omNode-2@group-523986131536: Failed appendEntries as snapshot (59) installation is in progress
2022-10-04 13:26:30,490 [omNode-2-server-thread1] INFO  server.RaftServer$Division (RaftServerImpl.java:checkInconsistentAppendEntries(1394)) - omNode-2@group-523986131536: inconsistency entries. Reply:omNode-1<-omNode-2#583:FAIL-t6,INCONSISTENCY,nextIndex=57,followerCommit=56
2022-10-04 13:26:30,491 [grpc-default-executor-1] INFO  impl.SnapshotInstallationHandler (SnapshotInstallationHandler.java:installSnapshot(84)) - omNode-2@group-523986131536: receive installSnapshot: omNode-1->omNode-2#0-t6,notify:(t:6, i:59)
2022-10-04 13:26:30,491 [grpc-default-executor-1] INFO  impl.SnapshotInstallationHandler (SnapshotInstallationHandler.java:installSnapshot(95)) - omNode-2@group-523986131536: reply installSnapshot: omNode-1<-omNode-2#0:FAIL-t6,IN_PROGRESS
2022-10-04 13:26:30,491 [grpc-default-executor-1] INFO  server.GrpcServerProtocolService (GrpcServerProtocolService.java:onCompleted(140)) - omNode-2: Completed INSTALL_SNAPSHOT, lastRequest: omNode-1->omNode-2#0-t6,notify:(t:6, i:59)
2022-10-04 13:26:30,492 [grpc-default-executor-0] INFO  leader.FollowerInfo (FollowerInfoImpl.java:lambda$new$0(48)) - omNode-1@group-523986131536->omNode-2: nextIndex: updateUnconditionally 57 -> 57
2022-10-04 13:26:30,492 [grpc-default-executor-0] INFO  server.GrpcLogAppender (GrpcLogAppender.java:onNext(403)) - omNode-1@group-523986131536->omNode-2-InstallSnapshotResponseHandler: received a reply omNode-1<-omNode-2#0:FAIL-t6,IN_PROGRESS
2022-10-04 13:26:30,492 [grpc-default-executor-0] INFO  server.GrpcLogAppender (GrpcLogAppender.java:onNext(421)) - omNode-1@group-523986131536->omNode-2-InstallSnapshotResponseHandler: InstallSnapshot in progress.
2022-10-04 13:26:30,492 [omNode-1@group-523986131536->omNode-2-GrpcLogAppender-LogAppenderDaemon] INFO  server.GrpcLogAppender (GrpcLogAppender.java:installSnapshot(541)) - omNode-1@group-523986131536->omNode-2-GrpcLogAppender: followerNextIndex = 57 but logStartIndex = 59, notify follower to install snapshot-(t:6, i:59)
2022-10-04 13:26:30,492 [omNode-1@group-523986131536->omNode-2-GrpcLogAppender-LogAppenderDaemon] INFO  server.GrpcLogAppender (GrpcLogAppender.java:installSnapshot(549)) - omNode-1@group-523986131536->omNode-2-GrpcLogAppender: send omNode-1->omNode-2#0-t6,notify:(t:6, i:59)
2022-10-04 13:26:30,493 [omNode-2-server-thread1] INFO  server.RaftServer$Division (RaftServerImpl.java:checkInconsistentAppendEntries(1402)) - omNode-2@group-523986131536: Failed appendEntries as snapshot (59) installation is in progress
2022-10-04 13:26:30,493 [omNode-2-server-thread1] INFO  server.RaftServer$Division (RaftServerImpl.java:checkInconsistentAppendEntries(1394)) - omNode-2@group-523986131536: inconsistency entries. Reply:omNode-1<-omNode-2#584:FAIL-t6,INCONSISTENCY,nextIndex=57,followerCommit=56
2022-10-04 13:26:30,493 [grpc-default-executor-1] INFO  impl.SnapshotInstallationHandler (SnapshotInstallationHandler.java:installSnapshot(84)) - omNode-2@group-523986131536: receive installSnapshot: omNode-1->omNode-2#0-t6,notify:(t:6, i:59)
2022-10-04 13:26:30,493 [grpc-default-executor-1] INFO  impl.SnapshotInstallationHandler (SnapshotInstallationHandler.java:installSnapshot(95)) - omNode-2@group-523986131536: reply installSnapshot: omNode-1<-omNode-2#0:FAIL-t6,IN_PROGRESS
2022-10-04 13:26:30,494 [grpc-default-executor-1] INFO  server.GrpcServerProtocolService (GrpcServerProtocolService.java:onCompleted(140)) - omNode-2: Completed INSTALL_SNAPSHOT, lastRequest: omNode-1->omNode-2#0-t6,notify:(t:6, i:59)
2022-10-04 13:26:30,494 [grpc-default-executor-0] INFO  leader.FollowerInfo (FollowerInfoImpl.java:lambda$new$0(48)) - omNode-1@group-523986131536->omNode-2: nextIndex: updateUnconditionally 57 -> 57
2022-10-04 13:26:30,494 [grpc-default-executor-1] INFO  server.GrpcLogAppender (GrpcLogAppender.java:onNext(403)) - omNode-1@group-523986131536->omNode-2-InstallSnapshotResponseHandler: received a reply omNode-1<-omNode-2#0:FAIL-t6,IN_PROGRESS
2022-10-04 13:26:30,494 [grpc-default-executor-1] INFO  server.GrpcLogAppender (GrpcLogAppender.java:onNext(421)) - omNode-1@group-523986131536->omNode-2-InstallSnapshotResponseHandler: InstallSnapshot in progress.
2022-10-04 13:26:30,494 [omNode-1@group-523986131536->omNode-2-GrpcLogAppender-LogAppenderDaemon] INFO  server.GrpcLogAppender (GrpcLogAppender.java:installSnapshot(541)) - omNode-1@group-523986131536->omNode-2-GrpcLogAppender: followerNextIndex = 57 but logStartIndex = 59, notify follower to install snapshot-(t:6, i:59)
2022-10-04 13:26:30,494 [omNode-1@group-523986131536->omNode-2-GrpcLogAppender-LogAppenderDaemon] INFO  server.GrpcLogAppender (GrpcLogAppender.java:installSnapshot(549)) - omNode-1@group-523986131536->omNode-2-GrpcLogAppender: send omNode-1->omNode-2#0-t6,notify:(t:6, i:59)
2022-10-04 13:26:30,495 [omNode-2-server-thread1] INFO  server.RaftServer$Division (RaftServerImpl.java:checkInconsistentAppendEntries(1402)) - omNode-2@group-523986131536: Failed appendEntries as snapshot (59) installation is in progress
2022-10-04 13:26:30,495 [omNode-2-server-thread1] INFO  server.RaftServer$Division (RaftServerImpl.java:checkInconsistentAppendEntries(1394)) - omNode-2@group-523986131536: inconsistency entries. Reply:omNode-1<-omNode-2#585:FAIL-t6,INCONSISTENCY,nextIndex=57,followerCommit=56
2022-10-04 13:26:30,495 [grpc-default-executor-1] INFO  impl.SnapshotInstallationHandler (SnapshotInstallationHandler.java:installSnapshot(84)) - omNode-2@group-523986131536: receive installSnapshot: omNode-1->omNode-2#0-t6,notify:(t:6, i:59)
2022-10-04 13:26:30,495 [grpc-default-executor-0] INFO  leader.FollowerInfo (FollowerInfoImpl.java:lambda$new$0(48)) - omNode-1@group-523986131536->omNode-2: nextIndex: updateUnconditionally 57 -> 57
2022-10-04 13:26:30,496 [grpc-default-executor-1] INFO  impl.SnapshotInstallationHandler (SnapshotInstallationHandler.java:installSnapshot(95)) - omNode-2@group-523986131536: reply installSnapshot: omNode-1<-omNode-2#0:FAIL-t6,IN_PROGRESS
2022-10-04 13:26:30,496 [grpc-default-executor-1] INFO  server.GrpcServerProtocolService (GrpcServerProtocolService.java:onCompleted(140)) - omNode-2: Completed INSTALL_SNAPSHOT, lastRequest: omNode-1->omNode-2#0-t6,notify:(t:6, i:59)
2022-10-04 13:26:30,496 [grpc-default-executor-1] INFO  server.GrpcLogAppender (GrpcLogAppender.java:onNext(403)) - omNode-1@group-523986131536->omNode-2-InstallSnapshotResponseHandler: received a reply omNode-1<-omNode-2#0:FAIL-t6,IN_PROGRESS
2022-10-04 13:26:30,496 [grpc-default-executor-1] INFO  server.GrpcLogAppender (GrpcLogAppender.java:onNext(421)) - omNode-1@group-523986131536->omNode-2-InstallSnapshotResponseHandler: InstallSnapshot in progress.
2022-10-04 13:26:30,497 [omNode-1@group-523986131536->omNode-2-GrpcLogAppender-LogAppenderDaemon] INFO  server.GrpcLogAppender (GrpcLogAppender.java:installSnapshot(541)) - omNode-1@group-523986131536->omNode-2-GrpcLogAppender: followerNextIndex = 57 but logStartIndex = 59, notify follower to install snapshot-(t:6, i:59)
2022-10-04 13:26:30,497 [omNode-1@group-523986131536->omNode-2-GrpcLogAppender-LogAppenderDaemon] INFO  server.GrpcLogAppender (GrpcLogAppender.java:installSnapshot(549)) - omNode-1@group-523986131536->omNode-2-GrpcLogAppender: send omNode-1->omNode-2#0-t6,notify:(t:6, i:59)
2022-10-04 13:26:30,498 [omNode-2-server-thread1] INFO  server.RaftServer$Division (RaftServerImpl.java:checkInconsistentAppendEntries(1402)) - omNode-2@group-523986131536: Failed appendEntries as snapshot (59) installation is in progress
2022-10-04 13:26:30,498 [omNode-2-server-thread1] INFO  server.RaftServer$Division (RaftServerImpl.java:checkInconsistentAppendEntries(1394)) - omNode-2@group-523986131536: inconsistency entries. Reply:omNode-1<-omNode-2#586:FAIL-t6,INCONSISTENCY,nextIndex=57,followerCommit=56
2022-10-04 13:26:30,499 [grpc-default-executor-2] INFO  impl.SnapshotInstallationHandler (SnapshotInstallationHandler.java:installSnapshot(84)) - omNode-2@group-523986131536: receive installSnapshot: omNode-1->omNode-2#0-t6,notify:(t:6, i:59)
2022-10-04 13:26:30,499 [grpc-default-executor-2] INFO  impl.SnapshotInstallationHandler (SnapshotInstallationHandler.java:installSnapshot(95)) - omNode-2@group-523986131536: reply installSnapshot: omNode-1<-omNode-2#0:FAIL-t6,IN_PROGRESS
2022-10-04 13:26:30,499 [grpc-default-executor-2] INFO  server.GrpcServerProtocolService (GrpcServerProtocolService.java:onCompleted(140)) - omNode-2: Completed INSTALL_SNAPSHOT, lastRequest: omNode-1->omNode-2#0-t6,notify:(t:6, i:59)
2022-10-04 13:26:30,500 [grpc-default-executor-1] INFO  server.GrpcLogAppender (GrpcLogAppender.java:onNext(403)) - omNode-1@group-523986131536->omNode-2-InstallSnapshotResponseHandler: received a reply omNode-1<-omNode-2#0:FAIL-t6,IN_PROGRESS
2022-10-04 13:26:30,500 [grpc-default-executor-1] INFO  server.GrpcLogAppender (GrpcLogAppender.java:onNext(421)) - omNode-1@group-523986131536->omNode-2-InstallSnapshotResponseHandler: InstallSnapshot in progress.
2022-10-04 13:26:30,500 [grpc-default-executor-2] INFO  leader.FollowerInfo (FollowerInfoImpl.java:lambda$new$0(48)) - omNode-1@group-523986131536->omNode-2: nextIndex: updateUnconditionally 57 -> 57
2022-10-04 13:26:30,500 [omNode-1@group-523986131536->omNode-2-GrpcLogAppender-LogAppenderDaemon] INFO  server.GrpcLogAppender (GrpcLogAppender.java:installSnapshot(541)) - omNode-1@group-523986131536->omNode-2-GrpcLogAppender: followerNextIndex = 57 but logStartIndex = 59, notify follower to install snapshot-(t:6, i:59)
2022-10-04 13:26:30,500 [omNode-1@group-523986131536->omNode-2-GrpcLogAppender-LogAppenderDaemon] INFO  server.GrpcLogAppender (GrpcLogAppender.java:installSnapshot(549)) - omNode-1@group-523986131536->omNode-2-GrpcLogAppender: send omNode-1->omNode-2#0-t6,notify:(t:6, i:59)
2022-10-04 13:26:30,501 [omNode-2-server-thread1] INFO  server.RaftServer$Division (RaftServerImpl.java:checkInconsistentAppendEntries(1402)) - omNode-2@group-523986131536: Failed appendEntries as snapshot (59) installation is in progress
2022-10-04 13:26:30,501 [omNode-2-server-thread1] INFO  server.RaftServer$Division (RaftServerImpl.java:checkInconsistentAppendEntries(1394)) - omNode-2@group-523986131536: inconsistency entries. Reply:omNode-1<-omNode-2#587:FAIL-t6,INCONSISTENCY,nextIndex=57,followerCommit=56
2022-10-04 13:26:30,501 [grpc-default-executor-2] INFO  impl.SnapshotInstallationHandler (SnapshotInstallationHandler.java:installSnapshot(84)) - omNode-2@group-523986131536: receive installSnapshot: omNode-1->omNode-2#0-t6,notify:(t:6, i:59)
2022-10-04 13:26:30,502 [grpc-default-executor-2] INFO  impl.SnapshotInstallationHandler (SnapshotInstallationHandler.java:installSnapshot(95)) - omNode-2@group-523986131536: reply installSnapshot: omNode-1<-omNode-2#0:FAIL-t6,IN_PROGRESS
2022-10-04 13:26:30,502 [grpc-default-executor-2] INFO  server.GrpcServerProtocolService (GrpcServerProtocolService.java:onCompleted(140)) - omNode-2: Completed INSTALL_SNAPSHOT, lastRequest: omNode-1->omNode-2#0-t6,notify:(t:6, i:59)
2022-10-04 13:26:30,502 [grpc-default-executor-1] INFO  server.GrpcLogAppender (GrpcLogAppender.java:onNext(403)) - omNode-1@group-523986131536->omNode-2-InstallSnapshotResponseHandler: received a reply omNode-1<-omNode-2#0:FAIL-t6,IN_PROGRESS
2022-10-04 13:26:30,502 [grpc-default-executor-1] INFO  server.GrpcLogAppender (GrpcLogAppender.java:onNext(421)) - omNode-1@group-523986131536->omNode-2-InstallSnapshotResponseHandler: InstallSnapshot in progress.
2022-10-04 13:26:30,502 [grpc-default-executor-2] INFO  leader.FollowerInfo (FollowerInfoImpl.java:lambda$new$0(48)) - omNode-1@group-523986131536->omNode-2: nextIndex: updateUnconditionally 57 -> 57
2022-10-04 13:26:30,503 [omNode-1@group-523986131536->omNode-2-GrpcLogAppender-LogAppenderDaemon] INFO  server.GrpcLogAppender (GrpcLogAppender.java:installSnapshot(541)) - omNode-1@group-523986131536->omNode-2-GrpcLogAppender: followerNextIndex = 57 but logStartIndex = 59, notify follower to install snapshot-(t:6, i:59)
2022-10-04 13:26:30,503 [omNode-1@group-523986131536->omNode-2-GrpcLogAppender-LogAppenderDaemon] INFO  server.GrpcLogAppender (GrpcLogAppender.java:installSnapshot(549)) - omNode-1@group-523986131536->omNode-2-GrpcLogAppender: send omNode-1->omNode-2#0-t6,notify:(t:6, i:59)
2022-10-04 13:26:30,504 [omNode-2-server-thread1] INFO  server.RaftServer$Division (RaftServerImpl.java:checkInconsistentAppendEntries(1402)) - omNode-2@group-523986131536: Failed appendEntries as snapshot (59) installation is in progress
2022-10-04 13:26:30,504 [omNode-2-server-thread1] INFO  server.RaftServer$Division (RaftServerImpl.java:checkInconsistentAppendEntries(1394)) - omNode-2@group-523986131536: inconsistency entries. Reply:omNode-1<-omNode-2#588:FAIL-t6,INCONSISTENCY,nextIndex=57,followerCommit=56
2022-10-04 13:26:30,504 [grpc-default-executor-2] INFO  impl.SnapshotInstallationHandler (SnapshotInstallationHandler.java:installSnapshot(84)) - omNode-2@group-523986131536: receive installSnapshot: omNode-1->omNode-2#0-t6,notify:(t:6, i:59)
2022-10-04 13:26:30,504 [grpc-default-executor-2] INFO  impl.SnapshotInstallationHandler (SnapshotInstallationHandler.java:installSnapshot(95)) - omNode-2@group-523986131536: reply installSnapshot: omNode-1<-omNode-2#0:FAIL-t6,IN_PROGRESS
2022-10-04 13:26:30,504 [grpc-default-executor-2] INFO  server.GrpcServerProtocolService (GrpcServerProtocolService.java:onCompleted(140)) - omNode-2: Completed INSTALL_SNAPSHOT, lastRequest: omNode-1->omNode-2#0-t6,notify:(t:6, i:59)
2022-10-04 13:26:30,505 [grpc-default-executor-0] INFO  leader.FollowerInfo (FollowerInfoImpl.java:lambda$new$0(48)) - omNode-1@group-523986131536->omNode-2: nextIndex: updateUnconditionally 57 -> 57
2022-10-04 13:26:30,505 [grpc-default-executor-1] INFO  server.GrpcLogAppender (GrpcLogAppender.java:onNext(403)) - omNode-1@group-523986131536->omNode-2-InstallSnapshotResponseHandler: received a reply omNode-1<-omNode-2#0:FAIL-t6,IN_PROGRESS
2022-10-04 13:26:30,505 [grpc-default-executor-1] INFO  server.GrpcLogAppender (GrpcLogAppender.java:onNext(421)) - omNode-1@group-523986131536->omNode-2-InstallSnapshotResponseHandler: InstallSnapshot in progress.
2022-10-04 13:26:30,506 [omNode-1@group-523986131536->omNode-2-GrpcLogAppender-LogAppenderDaemon] INFO  server.GrpcLogAppender (GrpcLogAppender.java:installSnapshot(541)) - omNode-1@group-523986131536->omNode-2-GrpcLogAppender: followerNextIndex = 57 but logStartIndex = 59, notify follower to install snapshot-(t:6, i:59)
2022-10-04 13:26:30,506 [omNode-1@group-523986131536->omNode-2-GrpcLogAppender-LogAppenderDaemon] INFO  server.GrpcLogAppender (GrpcLogAppender.java:installSnapshot(549)) - omNode-1@group-523986131536->omNode-2-GrpcLogAppender: send omNode-1->omNode-2#0-t6,notify:(t:6, i:59)
2022-10-04 13:26:30,507 [omNode-2-server-thread1] INFO  server.RaftServer$Division (RaftServerImpl.java:checkInconsistentAppendEntries(1402)) - omNode-2@group-523986131536: Failed appendEntries as snapshot (59) installation is in progress
2022-10-04 13:26:30,507 [omNode-2-server-thread1] INFO  server.RaftServer$Division (RaftServerImpl.java:checkInconsistentAppendEntries(1394)) - omNode-2@group-523986131536: inconsistency entries. Reply:omNode-1<-omNode-2#589:FAIL-t6,INCONSISTENCY,nextIndex=57,followerCommit=56
2022-10-04 13:26:30,507 [grpc-default-executor-1] INFO  impl.SnapshotInstallationHandler (SnapshotInstallationHandler.java:installSnapshot(84)) - omNode-2@group-523986131536: receive installSnapshot: omNode-1->omNode-2#0-t6,notify:(t:6, i:59)
2022-10-04 13:26:30,507 [grpc-default-executor-1] INFO  impl.SnapshotInstallationHandler (SnapshotInstallationHandler.java:installSnapshot(95)) - omNode-2@group-523986131536: reply installSnapshot: omNode-1<-omNode-2#0:FAIL-t6,IN_PROGRESS
2022-10-04 13:26:30,507 [grpc-default-executor-1] INFO  server.GrpcServerProtocolService (GrpcServerProtocolService.java:onCompleted(140)) - omNode-2: Completed INSTALL_SNAPSHOT, lastRequest: omNode-1->omNode-2#0-t6,notify:(t:6, i:59)
2022-10-04 13:26:30,508 [grpc-default-executor-2] INFO  leader.FollowerInfo (FollowerInfoImpl.java:lambda$new$0(48)) - omNode-1@group-523986131536->omNode-2: nextIndex: updateUnconditionally 57 -> 57
2022-10-04 13:26:30,508 [grpc-default-executor-1] INFO  server.GrpcLogAppender (GrpcLogAppender.java:onNext(403)) - omNode-1@group-523986131536->omNode-2-InstallSnapshotResponseHandler: received a reply omNode-1<-omNode-2#0:FAIL-t6,IN_PROGRESS
2022-10-04 13:26:30,508 [grpc-default-executor-1] INFO  server.GrpcLogAppender (GrpcLogAppender.java:onNext(421)) - omNode-1@group-523986131536->omNode-2-InstallSnapshotResponseHandler: InstallSnapshot in progress.
2022-10-04 13:26:30,508 [omNode-1@group-523986131536->omNode-2-GrpcLogAppender-LogAppenderDaemon] INFO  server.GrpcLogAppender (GrpcLogAppender.java:installSnapshot(541)) - omNode-1@group-523986131536->omNode-2-GrpcLogAppender: followerNextIndex = 57 but logStartIndex = 59, notify follower to install snapshot-(t:6, i:59)
2022-10-04 13:26:30,508 [omNode-1@group-523986131536->omNode-2-GrpcLogAppender-LogAppenderDaemon] INFO  server.GrpcLogAppender (GrpcLogAppender.java:installSnapshot(549)) - omNode-1@group-523986131536->omNode-2-GrpcLogAppender: send omNode-1->omNode-2#0-t6,notify:(t:6, i:59)
2022-10-04 13:26:30,509 [omNode-2-server-thread1] INFO  server.RaftServer$Division (RaftServerImpl.java:checkInconsistentAppendEntries(1402)) - omNode-2@group-523986131536: Failed appendEntries as snapshot (59) installation is in progress
2022-10-04 13:26:30,509 [omNode-2-server-thread1] INFO  server.RaftServer$Division (RaftServerImpl.java:checkInconsistentAppendEntries(1394)) - omNode-2@group-523986131536: inconsistency entries. Reply:omNode-1<-omNode-2#590:FAIL-t6,INCONSISTENCY,nextIndex=57,followerCommit=56
2022-10-04 13:26:30,510 [grpc-default-executor-2] INFO  impl.SnapshotInstallationHandler (SnapshotInstallationHandler.java:installSnapshot(84)) - omNode-2@group-523986131536: receive installSnapshot: omNode-1->omNode-2#0-t6,notify:(t:6, i:59)
2022-10-04 13:26:30,510 [grpc-default-executor-2] INFO  impl.SnapshotInstallationHandler (SnapshotInstallationHandler.java:installSnapshot(95)) - omNode-2@group-523986131536: reply installSnapshot: omNode-1<-omNode-2#0:FAIL-t6,IN_PROGRESS
2022-10-04 13:26:30,510 [grpc-default-executor-2] INFO  server.GrpcServerProtocolService (GrpcServerProtocolService.java:onCompleted(140)) - omNode-2: Completed INSTALL_SNAPSHOT, lastRequest: omNode-1->omNode-2#0-t6,notify:(t:6, i:59)
2022-10-04 13:26:30,511 [grpc-default-executor-1] INFO  leader.FollowerInfo (FollowerInfoImpl.java:lambda$new$0(48)) - omNode-1@group-523986131536->omNode-2: nextIndex: updateUnconditionally 57 -> 57
2022-10-04 13:26:30,511 [grpc-default-executor-2] INFO  server.GrpcLogAppender (GrpcLogAppender.java:onNext(403)) - omNode-1@group-523986131536->omNode-2-InstallSnapshotResponseHandler: received a reply omNode-1<-omNode-2#0:FAIL-t6,IN_PROGRESS
2022-10-04 13:26:30,511 [grpc-default-executor-2] INFO  server.GrpcLogAppender (GrpcLogAppender.java:onNext(421)) - omNode-1@group-523986131536->omNode-2-InstallSnapshotResponseHandler: InstallSnapshot in progress.
2022-10-04 13:26:30,511 [omNode-1@group-523986131536->omNode-2-GrpcLogAppender-LogAppenderDaemon] INFO  server.GrpcLogAppender (GrpcLogAppender.java:installSnapshot(541)) - omNode-1@group-523986131536->omNode-2-GrpcLogAppender: followerNextIndex = 57 but logStartIndex = 59, notify follower to install snapshot-(t:6, i:59)
2022-10-04 13:26:30,511 [omNode-1@group-523986131536->omNode-2-GrpcLogAppender-LogAppenderDaemon] INFO  server.GrpcLogAppender (GrpcLogAppender.java:installSnapshot(549)) - omNode-1@group-523986131536->omNode-2-GrpcLogAppender: send omNode-1->omNode-2#0-t6,notify:(t:6, i:59)
2022-10-04 13:26:30,512 [omNode-2-server-thread1] INFO  server.RaftServer$Division (RaftServerImpl.java:checkInconsistentAppendEntries(1402)) - omNode-2@group-523986131536: Failed appendEntries as snapshot (59) installation is in progress
2022-10-04 13:26:30,512 [omNode-2-server-thread1] INFO  server.RaftServer$Division (RaftServerImpl.java:checkInconsistentAppendEntries(1394)) - omNode-2@group-523986131536: inconsistency entries. Reply:omNode-1<-omNode-2#591:FAIL-t6,INCONSISTENCY,nextIndex=57,followerCommit=56
2022-10-04 13:26:30,512 [grpc-default-executor-1] INFO  impl.SnapshotInstallationHandler (SnapshotInstallationHandler.java:installSnapshot(84)) - omNode-2@group-523986131536: receive installSnapshot: omNode-1->omNode-2#0-t6,notify:(t:6, i:59)
2022-10-04 13:26:30,513 [grpc-default-executor-1] INFO  impl.SnapshotInstallationHandler (SnapshotInstallationHandler.java:installSnapshot(95)) - omNode-2@group-523986131536: reply installSnapshot: omNode-1<-omNode-2#0:FAIL-t6,IN_PROGRESS
2022-10-04 13:26:30,513 [grpc-default-executor-1] INFO  server.GrpcServerProtocolService (GrpcServerProtocolService.java:onCompleted(140)) - omNode-2: Completed INSTALL_SNAPSHOT, lastRequest: omNode-1->omNode-2#0-t6,notify:(t:6, i:59)
2022-10-04 13:26:30,514 [grpc-default-executor-2] INFO  leader.FollowerInfo (FollowerInfoImpl.java:lambda$new$0(48)) - omNode-1@group-523986131536->omNode-2: nextIndex: updateUnconditionally 57 -> 57
2022-10-04 13:26:30,514 [grpc-default-executor-1] INFO  server.GrpcLogAppender (GrpcLogAppender.java:onNext(403)) - omNode-1@group-523986131536->omNode-2-InstallSnapshotResponseHandler: received a reply omNode-1<-omNode-2#0:FAIL-t6,IN_PROGRESS
2022-10-04 13:26:30,514 [grpc-default-executor-1] INFO  server.GrpcLogAppender (GrpcLogAppender.java:onNext(421)) - omNode-1@group-523986131536->omNode-2-InstallSnapshotResponseHandler: InstallSnapshot in progress.
2022-10-04 13:26:30,514 [omNode-1@group-523986131536->omNode-2-GrpcLogAppender-LogAppenderDaemon] INFO  server.GrpcLogAppender (GrpcLogAppender.java:installSnapshot(541)) - omNode-1@group-523986131536->omNode-2-GrpcLogAppender: followerNextIndex = 57 but logStartIndex = 59, notify follower to install snapshot-(t:6, i:59)
2022-10-04 13:26:30,514 [omNode-1@group-523986131536->omNode-2-GrpcLogAppender-LogAppenderDaemon] INFO  server.GrpcLogAppender (GrpcLogAppender.java:installSnapshot(549)) - omNode-1@group-523986131536->omNode-2-GrpcLogAppender: send omNode-1->omNode-2#0-t6,notify:(t:6, i:59)
2022-10-04 13:26:30,515 [omNode-2-server-thread1] INFO  server.RaftServer$Division (RaftServerImpl.java:checkInconsistentAppendEntries(1402)) - omNode-2@group-523986131536: Failed appendEntries as snapshot (59) installation is in progress
2022-10-04 13:26:30,515 [omNode-2-server-thread1] INFO  server.RaftServer$Division (RaftServerImpl.java:checkInconsistentAppendEntries(1394)) - omNode-2@group-523986131536: inconsistency entries. Reply:omNode-1<-omNode-2#592:FAIL-t6,INCONSISTENCY,nextIndex=57,followerCommit=56
2022-10-04 13:26:30,515 [grpc-default-executor-2] INFO  impl.SnapshotInstallationHandler (SnapshotInstallationHandler.java:installSnapshot(84)) - omNode-2@group-523986131536: receive installSnapshot: omNode-1->omNode-2#0-t6,notify:(t:6, i:59)
2022-10-04 13:26:30,515 [grpc-default-executor-2] INFO  impl.SnapshotInstallationHandler (SnapshotInstallationHandler.java:installSnapshot(95)) - omNode-2@group-523986131536: reply installSnapshot: omNode-1<-omNode-2#0:FAIL-t6,IN_PROGRESS
2022-10-04 13:26:30,515 [grpc-default-executor-2] INFO  server.GrpcServerProtocolService (GrpcServerProtocolService.java:onCompleted(140)) - omNode-2: Completed INSTALL_SNAPSHOT, lastRequest: omNode-1->omNode-2#0-t6,notify:(t:6, i:59)
2022-10-04 13:26:30,516 [grpc-default-executor-1] INFO  leader.FollowerInfo (FollowerInfoImpl.java:lambda$new$0(48)) - omNode-1@group-523986131536->omNode-2: nextIndex: updateUnconditionally 57 -> 57
2022-10-04 13:26:30,517 [grpc-default-executor-2] INFO  server.GrpcLogAppender (GrpcLogAppender.java:onNext(403)) - omNode-1@group-523986131536->omNode-2-InstallSnapshotResponseHandler: received a reply omNode-1<-omNode-2#0:FAIL-t6,IN_PROGRESS
2022-10-04 13:26:30,517 [grpc-default-executor-2] INFO  server.GrpcLogAppender (GrpcLogAppender.java:onNext(421)) - omNode-1@group-523986131536->omNode-2-InstallSnapshotResponseHandler: InstallSnapshot in progress.
2022-10-04 13:26:30,517 [omNode-1@group-523986131536->omNode-2-GrpcLogAppender-LogAppenderDaemon] INFO  server.GrpcLogAppender (GrpcLogAppender.java:installSnapshot(541)) - omNode-1@group-523986131536->omNode-2-GrpcLogAppender: followerNextIndex = 57 but logStartIndex = 59, notify follower to install snapshot-(t:6, i:59)
2022-10-04 13:26:30,517 [omNode-1@group-523986131536->omNode-2-GrpcLogAppender-LogAppenderDaemon] INFO  server.GrpcLogAppender (GrpcLogAppender.java:installSnapshot(549)) - omNode-1@group-523986131536->omNode-2-GrpcLogAppender: send omNode-1->omNode-2#0-t6,notify:(t:6, i:59)
2022-10-04 13:26:30,518 [omNode-2-server-thread1] INFO  server.RaftServer$Division (RaftServerImpl.java:checkInconsistentAppendEntries(1402)) - omNode-2@group-523986131536: Failed appendEntries as snapshot (59) installation is in progress
2022-10-04 13:26:30,518 [omNode-2-server-thread1] INFO  server.RaftServer$Division (RaftServerImpl.java:checkInconsistentAppendEntries(1394)) - omNode-2@group-523986131536: inconsistency entries. Reply:omNode-1<-omNode-2#593:FAIL-t6,INCONSISTENCY,nextIndex=57,followerCommit=56
2022-10-04 13:26:30,518 [grpc-default-executor-1] INFO  impl.SnapshotInstallationHandler (SnapshotInstallationHandler.java:installSnapshot(84)) - omNode-2@group-523986131536: receive installSnapshot: omNode-1->omNode-2#0-t6,notify:(t:6, i:59)
2022-10-04 13:26:30,518 [grpc-default-executor-1] INFO  impl.SnapshotInstallationHandler (SnapshotInstallationHandler.java:installSnapshot(95)) - omNode-2@group-523986131536: reply installSnapshot: omNode-1<-omNode-2#0:FAIL-t6,IN_PROGRESS
2022-10-04 13:26:30,518 [grpc-default-executor-1] INFO  server.GrpcServerProtocolService (GrpcServerProtocolService.java:onCompleted(140)) - omNode-2: Completed INSTALL_SNAPSHOT, lastRequest: omNode-1->omNode-2#0-t6,notify:(t:6, i:59)
2022-10-04 13:26:30,519 [grpc-default-executor-2] INFO  leader.FollowerInfo (FollowerInfoImpl.java:lambda$new$0(48)) - omNode-1@group-523986131536->omNode-2: nextIndex: updateUnconditionally 57 -> 57
2022-10-04 13:26:30,519 [grpc-default-executor-1] INFO  server.GrpcLogAppender (GrpcLogAppender.java:onNext(403)) - omNode-1@group-523986131536->omNode-2-InstallSnapshotResponseHandler: received a reply omNode-1<-omNode-2#0:FAIL-t6,IN_PROGRESS
2022-10-04 13:26:30,519 [grpc-default-executor-1] INFO  server.GrpcLogAppender (GrpcLogAppender.java:onNext(421)) - omNode-1@group-523986131536->omNode-2-InstallSnapshotResponseHandler: InstallSnapshot in progress.
2022-10-04 13:26:30,519 [omNode-1@group-523986131536->omNode-2-GrpcLogAppender-LogAppenderDaemon] INFO  server.GrpcLogAppender (GrpcLogAppender.java:installSnapshot(541)) - omNode-1@group-523986131536->omNode-2-GrpcLogAppender: followerNextIndex = 57 but logStartIndex = 59, notify follower to install snapshot-(t:6, i:59)
2022-10-04 13:26:30,520 [omNode-1@group-523986131536->omNode-2-GrpcLogAppender-LogAppenderDaemon] INFO  server.GrpcLogAppender (GrpcLogAppender.java:installSnapshot(549)) - omNode-1@group-523986131536->omNode-2-GrpcLogAppender: send omNode-1->omNode-2#0-t6,notify:(t:6, i:59)
2022-10-04 13:26:30,520 [omNode-2-server-thread1] INFO  server.RaftServer$Division (RaftServerImpl.java:checkInconsistentAppendEntries(1402)) - omNode-2@group-523986131536: Failed appendEntries as snapshot (59) installation is in progress
2022-10-04 13:26:30,521 [omNode-2-server-thread1] INFO  server.RaftServer$Division (RaftServerImpl.java:checkInconsistentAppendEntries(1394)) - omNode-2@group-523986131536: inconsistency entries. Reply:omNode-1<-omNode-2#594:FAIL-t6,INCONSISTENCY,nextIndex=57,followerCommit=56
2022-10-04 13:26:30,521 [grpc-default-executor-2] INFO  impl.SnapshotInstallationHandler (SnapshotInstallationHandler.java:installSnapshot(84)) - omNode-2@group-523986131536: receive installSnapshot: omNode-1->omNode-2#0-t6,notify:(t:6, i:59)
2022-10-04 13:26:30,521 [grpc-default-executor-2] INFO  impl.SnapshotInstallationHandler (SnapshotInstallationHandler.java:installSnapshot(95)) - omNode-2@group-523986131536: reply installSnapshot: omNode-1<-omNode-2#0:FAIL-t6,IN_PROGRESS
2022-10-04 13:26:30,521 [grpc-default-executor-2] INFO  server.GrpcServerProtocolService (GrpcServerProtocolService.java:onCompleted(140)) - omNode-2: Completed INSTALL_SNAPSHOT, lastRequest: omNode-1->omNode-2#0-t6,notify:(t:6, i:59)
2022-10-04 13:26:30,522 [grpc-default-executor-1] INFO  leader.FollowerInfo (FollowerInfoImpl.java:lambda$new$0(48)) - omNode-1@group-523986131536->omNode-2: nextIndex: updateUnconditionally 57 -> 57
2022-10-04 13:26:30,522 [grpc-default-executor-2] INFO  server.GrpcLogAppender (GrpcLogAppender.java:onNext(403)) - omNode-1@group-523986131536->omNode-2-InstallSnapshotResponseHandler: received a reply omNode-1<-omNode-2#0:FAIL-t6,IN_PROGRESS
2022-10-04 13:26:30,522 [grpc-default-executor-2] INFO  server.GrpcLogAppender (GrpcLogAppender.java:onNext(421)) - omNode-1@group-523986131536->omNode-2-InstallSnapshotResponseHandler: InstallSnapshot in progress.
2022-10-04 13:26:30,522 [omNode-1@group-523986131536->omNode-2-GrpcLogAppender-LogAppenderDaemon] INFO  server.GrpcLogAppender (GrpcLogAppender.java:installSnapshot(541)) - omNode-1@group-523986131536->omNode-2-GrpcLogAppender: followerNextIndex = 57 but logStartIndex = 59, notify follower to install snapshot-(t:6, i:59)
2022-10-04 13:26:30,523 [omNode-1@group-523986131536->omNode-2-GrpcLogAppender-LogAppenderDaemon] INFO  server.GrpcLogAppender (GrpcLogAppender.java:installSnapshot(549)) - omNode-1@group-523986131536->omNode-2-GrpcLogAppender: send omNode-1->omNode-2#0-t6,notify:(t:6, i:59)
2022-10-04 13:26:30,527 [omNode-2-server-thread1] INFO  server.RaftServer$Division (RaftServerImpl.java:checkInconsistentAppendEntries(1402)) - omNode-2@group-523986131536: Failed appendEntries as snapshot (59) installation is in progress
2022-10-04 13:26:30,527 [omNode-2-server-thread1] INFO  server.RaftServer$Division (RaftServerImpl.java:checkInconsistentAppendEntries(1394)) - omNode-2@group-523986131536: inconsistency entries. Reply:omNode-1<-omNode-2#595:FAIL-t6,INCONSISTENCY,nextIndex=57,followerCommit=56
2022-10-04 13:26:30,527 [grpc-default-executor-1] INFO  impl.SnapshotInstallationHandler (SnapshotInstallationHandler.java:installSnapshot(84)) - omNode-2@group-523986131536: receive installSnapshot: omNode-1->omNode-2#0-t6,notify:(t:6, i:59)
2022-10-04 13:26:30,527 [grpc-default-executor-1] INFO  impl.SnapshotInstallationHandler (SnapshotInstallationHandler.java:installSnapshot(95)) - omNode-2@group-523986131536: reply installSnapshot: omNode-1<-omNode-2#0:FAIL-t6,IN_PROGRESS
2022-10-04 13:26:30,527 [grpc-default-executor-1] INFO  server.GrpcServerProtocolService (GrpcServerProtocolService.java:onCompleted(140)) - omNode-2: Completed INSTALL_SNAPSHOT, lastRequest: omNode-1->omNode-2#0-t6,notify:(t:6, i:59)
2022-10-04 13:26:30,528 [grpc-default-executor-2] INFO  leader.FollowerInfo (FollowerInfoImpl.java:lambda$new$0(48)) - omNode-1@group-523986131536->omNode-2: nextIndex: updateUnconditionally 57 -> 57
2022-10-04 13:26:30,528 [grpc-default-executor-1] INFO  server.GrpcLogAppender (GrpcLogAppender.java:onNext(403)) - omNode-1@group-523986131536->omNode-2-InstallSnapshotResponseHandler: received a reply omNode-1<-omNode-2#0:FAIL-t6,IN_PROGRESS
2022-10-04 13:26:30,528 [grpc-default-executor-1] INFO  server.GrpcLogAppender (GrpcLogAppender.java:onNext(421)) - omNode-1@group-523986131536->omNode-2-InstallSnapshotResponseHandler: InstallSnapshot in progress.
2022-10-04 13:26:30,529 [omNode-1@group-523986131536->omNode-2-GrpcLogAppender-LogAppenderDaemon] INFO  server.GrpcLogAppender (GrpcLogAppender.java:installSnapshot(541)) - omNode-1@group-523986131536->omNode-2-GrpcLogAppender: followerNextIndex = 57 but logStartIndex = 59, notify follower to install snapshot-(t:6, i:59)
2022-10-04 13:26:30,529 [omNode-1@group-523986131536->omNode-2-GrpcLogAppender-LogAppenderDaemon] INFO  server.GrpcLogAppender (GrpcLogAppender.java:installSnapshot(549)) - omNode-1@group-523986131536->omNode-2-GrpcLogAppender: send omNode-1->omNode-2#0-t6,notify:(t:6, i:59)
2022-10-04 13:26:30,530 [omNode-2-server-thread1] INFO  server.RaftServer$Division (RaftServerImpl.java:checkInconsistentAppendEntries(1402)) - omNode-2@group-523986131536: Failed appendEntries as snapshot (59) installation is in progress
2022-10-04 13:26:30,530 [omNode-2-server-thread1] INFO  server.RaftServer$Division (RaftServerImpl.java:checkInconsistentAppendEntries(1394)) - omNode-2@group-523986131536: inconsistency entries. Reply:omNode-1<-omNode-2#596:FAIL-t6,INCONSISTENCY,nextIndex=57,followerCommit=56
2022-10-04 13:26:30,530 [grpc-default-executor-2] INFO  impl.SnapshotInstallationHandler (SnapshotInstallationHandler.java:installSnapshot(84)) - omNode-2@group-523986131536: receive installSnapshot: omNode-1->omNode-2#0-t6,notify:(t:6, i:59)
2022-10-04 13:26:30,530 [grpc-default-executor-2] INFO  impl.SnapshotInstallationHandler (SnapshotInstallationHandler.java:installSnapshot(95)) - omNode-2@group-523986131536: reply installSnapshot: omNode-1<-omNode-2#0:FAIL-t6,IN_PROGRESS
2022-10-04 13:26:30,531 [grpc-default-executor-2] INFO  server.GrpcServerProtocolService (GrpcServerProtocolService.java:onCompleted(140)) - omNode-2: Completed INSTALL_SNAPSHOT, lastRequest: omNode-1->omNode-2#0-t6,notify:(t:6, i:59)
2022-10-04 13:26:30,532 [grpc-default-executor-1] INFO  leader.FollowerInfo (FollowerInfoImpl.java:lambda$new$0(48)) - omNode-1@group-523986131536->omNode-2: nextIndex: updateUnconditionally 57 -> 57
2022-10-04 13:26:30,532 [grpc-default-executor-2] INFO  server.GrpcLogAppender (GrpcLogAppender.java:onNext(403)) - omNode-1@group-523986131536->omNode-2-InstallSnapshotResponseHandler: received a reply omNode-1<-omNode-2#0:FAIL-t6,IN_PROGRESS
2022-10-04 13:26:30,532 [grpc-default-executor-2] INFO  server.GrpcLogAppender (GrpcLogAppender.java:onNext(421)) - omNode-1@group-523986131536->omNode-2-InstallSnapshotResponseHandler: InstallSnapshot in progress.
2022-10-04 13:26:30,532 [omNode-1@group-523986131536->omNode-2-GrpcLogAppender-LogAppenderDaemon] INFO  server.GrpcLogAppender (GrpcLogAppender.java:installSnapshot(541)) - omNode-1@group-523986131536->omNode-2-GrpcLogAppender: followerNextIndex = 57 but logStartIndex = 59, notify follower to install snapshot-(t:6, i:59)
2022-10-04 13:26:30,532 [omNode-1@group-523986131536->omNode-2-GrpcLogAppender-LogAppenderDaemon] INFO  server.GrpcLogAppender (GrpcLogAppender.java:installSnapshot(549)) - omNode-1@group-523986131536->omNode-2-GrpcLogAppender: send omNode-1->omNode-2#0-t6,notify:(t:6, i:59)
2022-10-04 13:26:30,533 [omNode-2-server-thread1] INFO  server.RaftServer$Division (RaftServerImpl.java:checkInconsistentAppendEntries(1402)) - omNode-2@group-523986131536: Failed appendEntries as snapshot (59) installation is in progress
2022-10-04 13:26:30,533 [omNode-2-server-thread1] INFO  server.RaftServer$Division (RaftServerImpl.java:checkInconsistentAppendEntries(1394)) - omNode-2@group-523986131536: inconsistency entries. Reply:omNode-1<-omNode-2#597:FAIL-t6,INCONSISTENCY,nextIndex=57,followerCommit=56
2022-10-04 13:26:30,533 [grpc-default-executor-1] INFO  impl.SnapshotInstallationHandler (SnapshotInstallationHandler.java:installSnapshot(84)) - omNode-2@group-523986131536: receive installSnapshot: omNode-1->omNode-2#0-t6,notify:(t:6, i:59)
2022-10-04 13:26:30,533 [grpc-default-executor-1] INFO  impl.SnapshotInstallationHandler (SnapshotInstallationHandler.java:installSnapshot(95)) - omNode-2@group-523986131536: reply installSnapshot: omNode-1<-omNode-2#0:FAIL-t6,IN_PROGRESS
2022-10-04 13:26:30,533 [grpc-default-executor-1] INFO  server.GrpcServerProtocolService (GrpcServerProtocolService.java:onCompleted(140)) - omNode-2: Completed INSTALL_SNAPSHOT, lastRequest: omNode-1->omNode-2#0-t6,notify:(t:6, i:59)
2022-10-04 13:26:30,534 [grpc-default-executor-2] INFO  leader.FollowerInfo (FollowerInfoImpl.java:lambda$new$0(48)) - omNode-1@group-523986131536->omNode-2: nextIndex: updateUnconditionally 57 -> 57
2022-10-04 13:26:30,534 [grpc-default-executor-1] INFO  server.GrpcLogAppender (GrpcLogAppender.java:onNext(403)) - omNode-1@group-523986131536->omNode-2-InstallSnapshotResponseHandler: received a reply omNode-1<-omNode-2#0:FAIL-t6,IN_PROGRESS
2022-10-04 13:26:30,534 [grpc-default-executor-1] INFO  server.GrpcLogAppender (GrpcLogAppender.java:onNext(421)) - omNode-1@group-523986131536->omNode-2-InstallSnapshotResponseHandler: InstallSnapshot in progress.
2022-10-04 13:26:30,534 [omNode-1@group-523986131536->omNode-2-GrpcLogAppender-LogAppenderDaemon] INFO  server.GrpcLogAppender (GrpcLogAppender.java:installSnapshot(541)) - omNode-1@group-523986131536->omNode-2-GrpcLogAppender: followerNextIndex = 57 but logStartIndex = 59, notify follower to install snapshot-(t:6, i:59)
2022-10-04 13:26:30,535 [omNode-1@group-523986131536->omNode-2-GrpcLogAppender-LogAppenderDaemon] INFO  server.GrpcLogAppender (GrpcLogAppender.java:installSnapshot(549)) - omNode-1@group-523986131536->omNode-2-GrpcLogAppender: send omNode-1->omNode-2#0-t6,notify:(t:6, i:59)
2022-10-04 13:26:30,536 [omNode-2-server-thread1] INFO  server.RaftServer$Division (RaftServerImpl.java:checkInconsistentAppendEntries(1402)) - omNode-2@group-523986131536: Failed appendEntries as snapshot (59) installation is in progress
2022-10-04 13:26:30,536 [grpc-default-executor-2] INFO  impl.SnapshotInstallationHandler (SnapshotInstallationHandler.java:installSnapshot(84)) - omNode-2@group-523986131536: receive installSnapshot: omNode-1->omNode-2#0-t6,notify:(t:6, i:59)
2022-10-04 13:26:30,536 [omNode-2-server-thread1] INFO  server.RaftServer$Division (RaftServerImpl.java:checkInconsistentAppendEntries(1394)) - omNode-2@group-523986131536: inconsistency entries. Reply:omNode-1<-omNode-2#598:FAIL-t6,INCONSISTENCY,nextIndex=57,followerCommit=56
2022-10-04 13:26:30,536 [grpc-default-executor-2] INFO  impl.SnapshotInstallationHandler (SnapshotInstallationHandler.java:installSnapshot(95)) - omNode-2@group-523986131536: reply installSnapshot: omNode-1<-omNode-2#0:FAIL-t6,IN_PROGRESS
2022-10-04 13:26:30,537 [grpc-default-executor-2] INFO  server.GrpcServerProtocolService (GrpcServerProtocolService.java:onCompleted(140)) - omNode-2: Completed INSTALL_SNAPSHOT, lastRequest: omNode-1->omNode-2#0-t6,notify:(t:6, i:59)
2022-10-04 13:26:30,537 [grpc-default-executor-0] INFO  leader.FollowerInfo (FollowerInfoImpl.java:lambda$new$0(48)) - omNode-1@group-523986131536->omNode-2: nextIndex: updateUnconditionally 57 -> 57
2022-10-04 13:26:30,537 [grpc-default-executor-1] INFO  server.GrpcLogAppender (GrpcLogAppender.java:onNext(403)) - omNode-1@group-523986131536->omNode-2-InstallSnapshotResponseHandler: received a reply omNode-1<-omNode-2#0:FAIL-t6,IN_PROGRESS
2022-10-04 13:26:30,538 [grpc-default-executor-1] INFO  server.GrpcLogAppender (GrpcLogAppender.java:onNext(421)) - omNode-1@group-523986131536->omNode-2-InstallSnapshotResponseHandler: InstallSnapshot in progress.
2022-10-04 13:26:30,540 [omNode-1@group-523986131536->omNode-2-GrpcLogAppender-LogAppenderDaemon] INFO  server.GrpcLogAppender (GrpcLogAppender.java:installSnapshot(541)) - omNode-1@group-523986131536->omNode-2-GrpcLogAppender: followerNextIndex = 57 but logStartIndex = 59, notify follower to install snapshot-(t:6, i:59)
2022-10-04 13:26:30,540 [omNode-1@group-523986131536->omNode-2-GrpcLogAppender-LogAppenderDaemon] INFO  server.GrpcLogAppender (GrpcLogAppender.java:installSnapshot(549)) - omNode-1@group-523986131536->omNode-2-GrpcLogAppender: send omNode-1->omNode-2#0-t6,notify:(t:6, i:59)
2022-10-04 13:26:30,541 [omNode-2-server-thread1] INFO  server.RaftServer$Division (RaftServerImpl.java:checkInconsistentAppendEntries(1402)) - omNode-2@group-523986131536: Failed appendEntries as snapshot (59) installation is in progress
2022-10-04 13:26:30,541 [omNode-2-server-thread1] INFO  server.RaftServer$Division (RaftServerImpl.java:checkInconsistentAppendEntries(1394)) - omNode-2@group-523986131536: inconsistency entries. Reply:omNode-1<-omNode-2#599:FAIL-t6,INCONSISTENCY,nextIndex=57,followerCommit=56
2022-10-04 13:26:30,545 [grpc-default-executor-1] INFO  impl.SnapshotInstallationHandler (SnapshotInstallationHandler.java:installSnapshot(84)) - omNode-2@group-523986131536: receive installSnapshot: omNode-1->omNode-2#0-t6,notify:(t:6, i:59)
2022-10-04 13:26:30,545 [grpc-default-executor-1] INFO  impl.SnapshotInstallationHandler (SnapshotInstallationHandler.java:installSnapshot(95)) - omNode-2@group-523986131536: reply installSnapshot: omNode-1<-omNode-2#0:FAIL-t6,IN_PROGRESS
2022-10-04 13:26:30,545 [grpc-default-executor-1] INFO  server.GrpcServerProtocolService (GrpcServerProtocolService.java:onCompleted(140)) - omNode-2: Completed INSTALL_SNAPSHOT, lastRequest: omNode-1->omNode-2#0-t6,notify:(t:6, i:59)
2022-10-04 13:26:30,546 [grpc-default-executor-0] INFO  leader.FollowerInfo (FollowerInfoImpl.java:lambda$new$0(48)) - omNode-1@group-523986131536->omNode-2: nextIndex: updateUnconditionally 57 -> 57
2022-10-04 13:26:30,546 [grpc-default-executor-1] INFO  server.GrpcLogAppender (GrpcLogAppender.java:onNext(403)) - omNode-1@group-523986131536->omNode-2-InstallSnapshotResponseHandler: received a reply omNode-1<-omNode-2#0:FAIL-t6,IN_PROGRESS
2022-10-04 13:26:30,546 [grpc-default-executor-1] INFO  server.GrpcLogAppender (GrpcLogAppender.java:onNext(421)) - omNode-1@group-523986131536->omNode-2-InstallSnapshotResponseHandler: InstallSnapshot in progress.
2022-10-04 13:26:30,547 [omNode-1@group-523986131536->omNode-2-GrpcLogAppender-LogAppenderDaemon] INFO  server.GrpcLogAppender (GrpcLogAppender.java:installSnapshot(541)) - omNode-1@group-523986131536->omNode-2-GrpcLogAppender: followerNextIndex = 57 but logStartIndex = 59, notify follower to install snapshot-(t:6, i:59)
2022-10-04 13:26:30,547 [omNode-1@group-523986131536->omNode-2-GrpcLogAppender-LogAppenderDaemon] INFO  server.GrpcLogAppender (GrpcLogAppender.java:installSnapshot(549)) - omNode-1@group-523986131536->omNode-2-GrpcLogAppender: send omNode-1->omNode-2#0-t6,notify:(t:6, i:59)
2022-10-04 13:26:30,547 [omNode-2-server-thread1] INFO  server.RaftServer$Division (RaftServerImpl.java:checkInconsistentAppendEntries(1402)) - omNode-2@group-523986131536: Failed appendEntries as snapshot (59) installation is in progress
2022-10-04 13:26:30,547 [omNode-2-server-thread1] INFO  server.RaftServer$Division (RaftServerImpl.java:checkInconsistentAppendEntries(1394)) - omNode-2@group-523986131536: inconsistency entries. Reply:omNode-1<-omNode-2#600:FAIL-t6,INCONSISTENCY,nextIndex=57,followerCommit=56
2022-10-04 13:26:30,548 [grpc-default-executor-0] INFO  leader.FollowerInfo (FollowerInfoImpl.java:lambda$new$0(48)) - omNode-1@group-523986131536->omNode-2: nextIndex: updateUnconditionally 57 -> 57
2022-10-04 13:26:30,548 [grpc-default-executor-1] INFO  impl.SnapshotInstallationHandler (SnapshotInstallationHandler.java:installSnapshot(84)) - omNode-2@group-523986131536: receive installSnapshot: omNode-1->omNode-2#0-t6,notify:(t:6, i:59)
2022-10-04 13:26:30,549 [grpc-default-executor-1] INFO  impl.SnapshotInstallationHandler (SnapshotInstallationHandler.java:installSnapshot(95)) - omNode-2@group-523986131536: reply installSnapshot: omNode-1<-omNode-2#0:FAIL-t6,IN_PROGRESS
2022-10-04 13:26:30,549 [grpc-default-executor-1] INFO  server.GrpcServerProtocolService (GrpcServerProtocolService.java:onCompleted(140)) - omNode-2: Completed INSTALL_SNAPSHOT, lastRequest: omNode-1->omNode-2#0-t6,notify:(t:6, i:59)
2022-10-04 13:26:30,549 [grpc-default-executor-1] INFO  server.GrpcLogAppender (GrpcLogAppender.java:onNext(403)) - omNode-1@group-523986131536->omNode-2-InstallSnapshotResponseHandler: received a reply omNode-1<-omNode-2#0:FAIL-t6,IN_PROGRESS
2022-10-04 13:26:30,549 [grpc-default-executor-1] INFO  server.GrpcLogAppender (GrpcLogAppender.java:onNext(421)) - omNode-1@group-523986131536->omNode-2-InstallSnapshotResponseHandler: InstallSnapshot in progress.
2022-10-04 13:26:30,549 [omNode-1@group-523986131536->omNode-2-GrpcLogAppender-LogAppenderDaemon] INFO  server.GrpcLogAppender (GrpcLogAppender.java:installSnapshot(541)) - omNode-1@group-523986131536->omNode-2-GrpcLogAppender: followerNextIndex = 57 but logStartIndex = 59, notify follower to install snapshot-(t:6, i:59)
2022-10-04 13:26:30,550 [omNode-1@group-523986131536->omNode-2-GrpcLogAppender-LogAppenderDaemon] INFO  server.GrpcLogAppender (GrpcLogAppender.java:installSnapshot(549)) - omNode-1@group-523986131536->omNode-2-GrpcLogAppender: send omNode-1->omNode-2#0-t6,notify:(t:6, i:59)
2022-10-04 13:26:30,550 [omNode-2-server-thread1] INFO  server.RaftServer$Division (RaftServerImpl.java:checkInconsistentAppendEntries(1402)) - omNode-2@group-523986131536: Failed appendEntries as snapshot (59) installation is in progress
2022-10-04 13:26:30,550 [omNode-2-server-thread1] INFO  server.RaftServer$Division (RaftServerImpl.java:checkInconsistentAppendEntries(1394)) - omNode-2@group-523986131536: inconsistency entries. Reply:omNode-1<-omNode-2#601:FAIL-t6,INCONSISTENCY,nextIndex=57,followerCommit=56
2022-10-04 13:26:30,550 [grpc-default-executor-1] INFO  impl.SnapshotInstallationHandler (SnapshotInstallationHandler.java:installSnapshot(84)) - omNode-2@group-523986131536: receive installSnapshot: omNode-1->omNode-2#0-t6,notify:(t:6, i:59)
2022-10-04 13:26:30,550 [grpc-default-executor-1] INFO  impl.SnapshotInstallationHandler (SnapshotInstallationHandler.java:installSnapshot(95)) - omNode-2@group-523986131536: reply installSnapshot: omNode-1<-omNode-2#0:FAIL-t6,IN_PROGRESS
2022-10-04 13:26:30,551 [grpc-default-executor-1] INFO  server.GrpcServerProtocolService (GrpcServerProtocolService.java:onCompleted(140)) - omNode-2: Completed INSTALL_SNAPSHOT, lastRequest: omNode-1->omNode-2#0-t6,notify:(t:6, i:59)
2022-10-04 13:26:30,551 [grpc-default-executor-0] INFO  leader.FollowerInfo (FollowerInfoImpl.java:lambda$new$0(48)) - omNode-1@group-523986131536->omNode-2: nextIndex: updateUnconditionally 57 -> 57
2022-10-04 13:26:30,551 [grpc-default-executor-1] INFO  server.GrpcLogAppender (GrpcLogAppender.java:onNext(403)) - omNode-1@group-523986131536->omNode-2-InstallSnapshotResponseHandler: received a reply omNode-1<-omNode-2#0:FAIL-t6,IN_PROGRESS
2022-10-04 13:26:30,551 [grpc-default-executor-1] INFO  server.GrpcLogAppender (GrpcLogAppender.java:onNext(421)) - omNode-1@group-523986131536->omNode-2-InstallSnapshotResponseHandler: InstallSnapshot in progress.
2022-10-04 13:26:30,551 [omNode-1@group-523986131536->omNode-2-GrpcLogAppender-LogAppenderDaemon] INFO  server.GrpcLogAppender (GrpcLogAppender.java:installSnapshot(541)) - omNode-1@group-523986131536->omNode-2-GrpcLogAppender: followerNextIndex = 57 but logStartIndex = 59, notify follower to install snapshot-(t:6, i:59)
2022-10-04 13:26:30,551 [omNode-1@group-523986131536->omNode-2-GrpcLogAppender-LogAppenderDaemon] INFO  server.GrpcLogAppender (GrpcLogAppender.java:installSnapshot(549)) - omNode-1@group-523986131536->omNode-2-GrpcLogAppender: send omNode-1->omNode-2#0-t6,notify:(t:6, i:59)
2022-10-04 13:26:30,552 [omNode-2-server-thread1] INFO  server.RaftServer$Division (RaftServerImpl.java:checkInconsistentAppendEntries(1402)) - omNode-2@group-523986131536: Failed appendEntries as snapshot (59) installation is in progress
2022-10-04 13:26:30,552 [omNode-2-server-thread1] INFO  server.RaftServer$Division (RaftServerImpl.java:checkInconsistentAppendEntries(1394)) - omNode-2@group-523986131536: inconsistency entries. Reply:omNode-1<-omNode-2#602:FAIL-t6,INCONSISTENCY,nextIndex=57,followerCommit=56
2022-10-04 13:26:30,552 [grpc-default-executor-1] INFO  impl.SnapshotInstallationHandler (SnapshotInstallationHandler.java:installSnapshot(84)) - omNode-2@group-523986131536: receive installSnapshot: omNode-1->omNode-2#0-t6,notify:(t:6, i:59)
2022-10-04 13:26:30,552 [grpc-default-executor-1] INFO  impl.SnapshotInstallationHandler (SnapshotInstallationHandler.java:installSnapshot(95)) - omNode-2@group-523986131536: reply installSnapshot: omNode-1<-omNode-2#0:FAIL-t6,IN_PROGRESS
2022-10-04 13:26:30,552 [grpc-default-executor-1] INFO  server.GrpcServerProtocolService (GrpcServerProtocolService.java:onCompleted(140)) - omNode-2: Completed INSTALL_SNAPSHOT, lastRequest: omNode-1->omNode-2#0-t6,notify:(t:6, i:59)
2022-10-04 13:26:30,553 [grpc-default-executor-0] INFO  leader.FollowerInfo (FollowerInfoImpl.java:lambda$new$0(48)) - omNode-1@group-523986131536->omNode-2: nextIndex: updateUnconditionally 57 -> 57
2022-10-04 13:26:30,553 [grpc-default-executor-1] INFO  server.GrpcLogAppender (GrpcLogAppender.java:onNext(403)) - omNode-1@group-523986131536->omNode-2-InstallSnapshotResponseHandler: received a reply omNode-1<-omNode-2#0:FAIL-t6,IN_PROGRESS
2022-10-04 13:26:30,553 [grpc-default-executor-1] INFO  server.GrpcLogAppender (GrpcLogAppender.java:onNext(421)) - omNode-1@group-523986131536->omNode-2-InstallSnapshotResponseHandler: InstallSnapshot in progress.
2022-10-04 13:26:30,553 [omNode-1@group-523986131536->omNode-2-GrpcLogAppender-LogAppenderDaemon] INFO  server.GrpcLogAppender (GrpcLogAppender.java:installSnapshot(541)) - omNode-1@group-523986131536->omNode-2-GrpcLogAppender: followerNextIndex = 57 but logStartIndex = 59, notify follower to install snapshot-(t:6, i:59)
2022-10-04 13:26:30,554 [omNode-1@group-523986131536->omNode-2-GrpcLogAppender-LogAppenderDaemon] INFO  server.GrpcLogAppender (GrpcLogAppender.java:installSnapshot(549)) - omNode-1@group-523986131536->omNode-2-GrpcLogAppender: send omNode-1->omNode-2#0-t6,notify:(t:6, i:59)
2022-10-04 13:26:30,554 [omNode-2-server-thread1] INFO  server.RaftServer$Division (RaftServerImpl.java:checkInconsistentAppendEntries(1402)) - omNode-2@group-523986131536: Failed appendEntries as snapshot (59) installation is in progress
2022-10-04 13:26:30,554 [omNode-2-server-thread1] INFO  server.RaftServer$Division (RaftServerImpl.java:checkInconsistentAppendEntries(1394)) - omNode-2@group-523986131536: inconsistency entries. Reply:omNode-1<-omNode-2#603:FAIL-t6,INCONSISTENCY,nextIndex=57,followerCommit=56
2022-10-04 13:26:30,555 [grpc-default-executor-1] INFO  impl.SnapshotInstallationHandler (SnapshotInstallationHandler.java:installSnapshot(84)) - omNode-2@group-523986131536: receive installSnapshot: omNode-1->omNode-2#0-t6,notify:(t:6, i:59)
2022-10-04 13:26:30,555 [grpc-default-executor-0] INFO  leader.FollowerInfo (FollowerInfoImpl.java:lambda$new$0(48)) - omNode-1@group-523986131536->omNode-2: nextIndex: updateUnconditionally 57 -> 57
2022-10-04 13:26:30,555 [grpc-default-executor-1] INFO  impl.SnapshotInstallationHandler (SnapshotInstallationHandler.java:installSnapshot(95)) - omNode-2@group-523986131536: reply installSnapshot: omNode-1<-omNode-2#0:FAIL-t6,IN_PROGRESS
2022-10-04 13:26:30,555 [grpc-default-executor-1] INFO  server.GrpcServerProtocolService (GrpcServerProtocolService.java:onCompleted(140)) - omNode-2: Completed INSTALL_SNAPSHOT, lastRequest: omNode-1->omNode-2#0-t6,notify:(t:6, i:59)
2022-10-04 13:26:30,555 [grpc-default-executor-1] INFO  server.GrpcLogAppender (GrpcLogAppender.java:onNext(403)) - omNode-1@group-523986131536->omNode-2-InstallSnapshotResponseHandler: received a reply omNode-1<-omNode-2#0:FAIL-t6,IN_PROGRESS
2022-10-04 13:26:30,556 [grpc-default-executor-1] INFO  server.GrpcLogAppender (GrpcLogAppender.java:onNext(421)) - omNode-1@group-523986131536->omNode-2-InstallSnapshotResponseHandler: InstallSnapshot in progress.
2022-10-04 13:26:30,556 [omNode-1@group-523986131536->omNode-2-GrpcLogAppender-LogAppenderDaemon] INFO  server.GrpcLogAppender (GrpcLogAppender.java:installSnapshot(541)) - omNode-1@group-523986131536->omNode-2-GrpcLogAppender: followerNextIndex = 57 but logStartIndex = 59, notify follower to install snapshot-(t:6, i:59)
2022-10-04 13:26:30,556 [omNode-1@group-523986131536->omNode-2-GrpcLogAppender-LogAppenderDaemon] INFO  server.GrpcLogAppender (GrpcLogAppender.java:installSnapshot(549)) - omNode-1@group-523986131536->omNode-2-GrpcLogAppender: send omNode-1->omNode-2#0-t6,notify:(t:6, i:59)
2022-10-04 13:26:30,556 [omNode-2-server-thread1] INFO  server.RaftServer$Division (RaftServerImpl.java:checkInconsistentAppendEntries(1402)) - omNode-2@group-523986131536: Failed appendEntries as snapshot (59) installation is in progress
2022-10-04 13:26:30,556 [omNode-2-server-thread1] INFO  server.RaftServer$Division (RaftServerImpl.java:checkInconsistentAppendEntries(1394)) - omNode-2@group-523986131536: inconsistency entries. Reply:omNode-1<-omNode-2#604:FAIL-t6,INCONSISTENCY,nextIndex=57,followerCommit=56
2022-10-04 13:26:30,557 [grpc-default-executor-1] INFO  impl.SnapshotInstallationHandler (SnapshotInstallationHandler.java:installSnapshot(84)) - omNode-2@group-523986131536: receive installSnapshot: omNode-1->omNode-2#0-t6,notify:(t:6, i:59)
2022-10-04 13:26:30,557 [grpc-default-executor-0] INFO  leader.FollowerInfo (FollowerInfoImpl.java:lambda$new$0(48)) - omNode-1@group-523986131536->omNode-2: nextIndex: updateUnconditionally 57 -> 57
2022-10-04 13:26:30,557 [grpc-default-executor-1] INFO  impl.SnapshotInstallationHandler (SnapshotInstallationHandler.java:installSnapshot(95)) - omNode-2@group-523986131536: reply installSnapshot: omNode-1<-omNode-2#0:FAIL-t6,IN_PROGRESS
2022-10-04 13:26:30,558 [grpc-default-executor-1] INFO  server.GrpcServerProtocolService (GrpcServerProtocolService.java:onCompleted(140)) - omNode-2: Completed INSTALL_SNAPSHOT, lastRequest: omNode-1->omNode-2#0-t6,notify:(t:6, i:59)
2022-10-04 13:26:30,558 [grpc-default-executor-1] INFO  server.GrpcLogAppender (GrpcLogAppender.java:onNext(403)) - omNode-1@group-523986131536->omNode-2-InstallSnapshotResponseHandler: received a reply omNode-1<-omNode-2#0:FAIL-t6,IN_PROGRESS
2022-10-04 13:26:30,558 [grpc-default-executor-1] INFO  server.GrpcLogAppender (GrpcLogAppender.java:onNext(421)) - omNode-1@group-523986131536->omNode-2-InstallSnapshotResponseHandler: InstallSnapshot in progress.
2022-10-04 13:26:30,558 [omNode-1@group-523986131536->omNode-2-GrpcLogAppender-LogAppenderDaemon] INFO  server.GrpcLogAppender (GrpcLogAppender.java:installSnapshot(541)) - omNode-1@group-523986131536->omNode-2-GrpcLogAppender: followerNextIndex = 57 but logStartIndex = 59, notify follower to install snapshot-(t:6, i:59)
2022-10-04 13:26:30,558 [omNode-1@group-523986131536->omNode-2-GrpcLogAppender-LogAppenderDaemon] INFO  server.GrpcLogAppender (GrpcLogAppender.java:installSnapshot(549)) - omNode-1@group-523986131536->omNode-2-GrpcLogAppender: send omNode-1->omNode-2#0-t6,notify:(t:6, i:59)
2022-10-04 13:26:30,558 [omNode-2-server-thread1] INFO  server.RaftServer$Division (RaftServerImpl.java:checkInconsistentAppendEntries(1402)) - omNode-2@group-523986131536: Failed appendEntries as snapshot (59) installation is in progress
2022-10-04 13:26:30,559 [omNode-2-server-thread1] INFO  server.RaftServer$Division (RaftServerImpl.java:checkInconsistentAppendEntries(1394)) - omNode-2@group-523986131536: inconsistency entries. Reply:omNode-1<-omNode-2#605:FAIL-t6,INCONSISTENCY,nextIndex=57,followerCommit=56
2022-10-04 13:26:30,559 [grpc-default-executor-1] INFO  impl.SnapshotInstallationHandler (SnapshotInstallationHandler.java:installSnapshot(84)) - omNode-2@group-523986131536: receive installSnapshot: omNode-1->omNode-2#0-t6,notify:(t:6, i:59)
2022-10-04 13:26:30,559 [grpc-default-executor-2] INFO  leader.FollowerInfo (FollowerInfoImpl.java:lambda$new$0(48)) - omNode-1@group-523986131536->omNode-2: nextIndex: updateUnconditionally 57 -> 57
2022-10-04 13:26:30,559 [grpc-default-executor-1] INFO  impl.SnapshotInstallationHandler (SnapshotInstallationHandler.java:installSnapshot(95)) - omNode-2@group-523986131536: reply installSnapshot: omNode-1<-omNode-2#0:FAIL-t6,IN_PROGRESS
2022-10-04 13:26:30,559 [grpc-default-executor-1] INFO  server.GrpcServerProtocolService (GrpcServerProtocolService.java:onCompleted(140)) - omNode-2: Completed INSTALL_SNAPSHOT, lastRequest: omNode-1->omNode-2#0-t6,notify:(t:6, i:59)
2022-10-04 13:26:30,563 [grpc-default-executor-1] INFO  server.GrpcLogAppender (GrpcLogAppender.java:onNext(403)) - omNode-1@group-523986131536->omNode-2-InstallSnapshotResponseHandler: received a reply omNode-1<-omNode-2#0:FAIL-t6,IN_PROGRESS
2022-10-04 13:26:30,563 [grpc-default-executor-1] INFO  server.GrpcLogAppender (GrpcLogAppender.java:onNext(421)) - omNode-1@group-523986131536->omNode-2-InstallSnapshotResponseHandler: InstallSnapshot in progress.
2022-10-04 13:26:30,564 [omNode-1@group-523986131536->omNode-2-GrpcLogAppender-LogAppenderDaemon] INFO  server.GrpcLogAppender (GrpcLogAppender.java:installSnapshot(541)) - omNode-1@group-523986131536->omNode-2-GrpcLogAppender: followerNextIndex = 57 but logStartIndex = 59, notify follower to install snapshot-(t:6, i:59)
2022-10-04 13:26:30,564 [omNode-1@group-523986131536->omNode-2-GrpcLogAppender-LogAppenderDaemon] INFO  server.GrpcLogAppender (GrpcLogAppender.java:installSnapshot(549)) - omNode-1@group-523986131536->omNode-2-GrpcLogAppender: send omNode-1->omNode-2#0-t6,notify:(t:6, i:59)
2022-10-04 13:26:30,564 [omNode-2-server-thread1] INFO  server.RaftServer$Division (RaftServerImpl.java:checkInconsistentAppendEntries(1402)) - omNode-2@group-523986131536: Failed appendEntries as snapshot (59) installation is in progress
2022-10-04 13:26:30,564 [omNode-2-server-thread1] INFO  server.RaftServer$Division (RaftServerImpl.java:checkInconsistentAppendEntries(1394)) - omNode-2@group-523986131536: inconsistency entries. Reply:omNode-1<-omNode-2#606:FAIL-t6,INCONSISTENCY,nextIndex=57,followerCommit=56
2022-10-04 13:26:30,565 [grpc-default-executor-2] INFO  leader.FollowerInfo (FollowerInfoImpl.java:lambda$new$0(48)) - omNode-1@group-523986131536->omNode-2: nextIndex: updateUnconditionally 57 -> 57
2022-10-04 13:26:30,565 [grpc-default-executor-2] INFO  impl.SnapshotInstallationHandler (SnapshotInstallationHandler.java:installSnapshot(84)) - omNode-2@group-523986131536: receive installSnapshot: omNode-1->omNode-2#0-t6,notify:(t:6, i:59)
2022-10-04 13:26:30,565 [grpc-default-executor-2] INFO  impl.SnapshotInstallationHandler (SnapshotInstallationHandler.java:installSnapshot(95)) - omNode-2@group-523986131536: reply installSnapshot: omNode-1<-omNode-2#0:FAIL-t6,IN_PROGRESS
2022-10-04 13:26:30,566 [grpc-default-executor-2] INFO  server.GrpcServerProtocolService (GrpcServerProtocolService.java:onCompleted(140)) - omNode-2: Completed INSTALL_SNAPSHOT, lastRequest: omNode-1->omNode-2#0-t6,notify:(t:6, i:59)
2022-10-04 13:26:30,566 [grpc-default-executor-1] INFO  server.GrpcLogAppender (GrpcLogAppender.java:onNext(403)) - omNode-1@group-523986131536->omNode-2-InstallSnapshotResponseHandler: received a reply omNode-1<-omNode-2#0:FAIL-t6,IN_PROGRESS
2022-10-04 13:26:30,566 [grpc-default-executor-1] INFO  server.GrpcLogAppender (GrpcLogAppender.java:onNext(421)) - omNode-1@group-523986131536->omNode-2-InstallSnapshotResponseHandler: InstallSnapshot in progress.
2022-10-04 13:26:30,567 [omNode-1@group-523986131536->omNode-2-GrpcLogAppender-LogAppenderDaemon] INFO  server.GrpcLogAppender (GrpcLogAppender.java:installSnapshot(541)) - omNode-1@group-523986131536->omNode-2-GrpcLogAppender: followerNextIndex = 57 but logStartIndex = 59, notify follower to install snapshot-(t:6, i:59)
2022-10-04 13:26:30,567 [omNode-1@group-523986131536->omNode-2-GrpcLogAppender-LogAppenderDaemon] INFO  server.GrpcLogAppender (GrpcLogAppender.java:installSnapshot(549)) - omNode-1@group-523986131536->omNode-2-GrpcLogAppender: send omNode-1->omNode-2#0-t6,notify:(t:6, i:59)
2022-10-04 13:26:30,568 [omNode-2-server-thread1] INFO  server.RaftServer$Division (RaftServerImpl.java:checkInconsistentAppendEntries(1402)) - omNode-2@group-523986131536: Failed appendEntries as snapshot (59) installation is in progress
2022-10-04 13:26:30,568 [omNode-2-server-thread1] INFO  server.RaftServer$Division (RaftServerImpl.java:checkInconsistentAppendEntries(1394)) - omNode-2@group-523986131536: inconsistency entries. Reply:omNode-1<-omNode-2#607:FAIL-t6,INCONSISTENCY,nextIndex=57,followerCommit=56
2022-10-04 13:26:30,569 [grpc-default-executor-1] INFO  impl.SnapshotInstallationHandler (SnapshotInstallationHandler.java:installSnapshot(84)) - omNode-2@group-523986131536: receive installSnapshot: omNode-1->omNode-2#0-t6,notify:(t:6, i:59)
2022-10-04 13:26:30,569 [grpc-default-executor-1] INFO  impl.SnapshotInstallationHandler (SnapshotInstallationHandler.java:installSnapshot(95)) - omNode-2@group-523986131536: reply installSnapshot: omNode-1<-omNode-2#0:FAIL-t6,IN_PROGRESS
2022-10-04 13:26:30,569 [grpc-default-executor-2] INFO  leader.FollowerInfo (FollowerInfoImpl.java:lambda$new$0(48)) - omNode-1@group-523986131536->omNode-2: nextIndex: updateUnconditionally 57 -> 57
2022-10-04 13:26:30,569 [grpc-default-executor-1] INFO  server.GrpcServerProtocolService (GrpcServerProtocolService.java:onCompleted(140)) - omNode-2: Completed INSTALL_SNAPSHOT, lastRequest: omNode-1->omNode-2#0-t6,notify:(t:6, i:59)
2022-10-04 13:26:30,570 [grpc-default-executor-1] INFO  server.GrpcLogAppender (GrpcLogAppender.java:onNext(403)) - omNode-1@group-523986131536->omNode-2-InstallSnapshotResponseHandler: received a reply omNode-1<-omNode-2#0:FAIL-t6,IN_PROGRESS
2022-10-04 13:26:30,570 [grpc-default-executor-1] INFO  server.GrpcLogAppender (GrpcLogAppender.java:onNext(421)) - omNode-1@group-523986131536->omNode-2-InstallSnapshotResponseHandler: InstallSnapshot in progress.
2022-10-04 13:26:30,570 [omNode-1@group-523986131536->omNode-2-GrpcLogAppender-LogAppenderDaemon] INFO  server.GrpcLogAppender (GrpcLogAppender.java:installSnapshot(541)) - omNode-1@group-523986131536->omNode-2-GrpcLogAppender: followerNextIndex = 57 but logStartIndex = 59, notify follower to install snapshot-(t:6, i:59)
2022-10-04 13:26:30,570 [omNode-1@group-523986131536->omNode-2-GrpcLogAppender-LogAppenderDaemon] INFO  server.GrpcLogAppender (GrpcLogAppender.java:installSnapshot(549)) - omNode-1@group-523986131536->omNode-2-GrpcLogAppender: send omNode-1->omNode-2#0-t6,notify:(t:6, i:59)
2022-10-04 13:26:30,572 [omNode-2-server-thread1] INFO  server.RaftServer$Division (RaftServerImpl.java:checkInconsistentAppendEntries(1402)) - omNode-2@group-523986131536: Failed appendEntries as snapshot (59) installation is in progress
2022-10-04 13:26:30,572 [omNode-2-server-thread1] INFO  server.RaftServer$Division (RaftServerImpl.java:checkInconsistentAppendEntries(1394)) - omNode-2@group-523986131536: inconsistency entries. Reply:omNode-1<-omNode-2#608:FAIL-t6,INCONSISTENCY,nextIndex=57,followerCommit=56
2022-10-04 13:26:30,572 [grpc-default-executor-1] INFO  impl.SnapshotInstallationHandler (SnapshotInstallationHandler.java:installSnapshot(84)) - omNode-2@group-523986131536: receive installSnapshot: omNode-1->omNode-2#0-t6,notify:(t:6, i:59)
2022-10-04 13:26:30,572 [grpc-default-executor-1] INFO  impl.SnapshotInstallationHandler (SnapshotInstallationHandler.java:installSnapshot(95)) - omNode-2@group-523986131536: reply installSnapshot: omNode-1<-omNode-2#0:FAIL-t6,IN_PROGRESS
2022-10-04 13:26:30,572 [grpc-default-executor-2] INFO  leader.FollowerInfo (FollowerInfoImpl.java:lambda$new$0(48)) - omNode-1@group-523986131536->omNode-2: nextIndex: updateUnconditionally 57 -> 57
2022-10-04 13:26:30,572 [grpc-default-executor-1] INFO  server.GrpcServerProtocolService (GrpcServerProtocolService.java:onCompleted(140)) - omNode-2: Completed INSTALL_SNAPSHOT, lastRequest: omNode-1->omNode-2#0-t6,notify:(t:6, i:59)
2022-10-04 13:26:30,573 [grpc-default-executor-1] INFO  server.GrpcLogAppender (GrpcLogAppender.java:onNext(403)) - omNode-1@group-523986131536->omNode-2-InstallSnapshotResponseHandler: received a reply omNode-1<-omNode-2#0:FAIL-t6,IN_PROGRESS
2022-10-04 13:26:30,573 [grpc-default-executor-1] INFO  server.GrpcLogAppender (GrpcLogAppender.java:onNext(421)) - omNode-1@group-523986131536->omNode-2-InstallSnapshotResponseHandler: InstallSnapshot in progress.
2022-10-04 13:26:30,573 [omNode-1@group-523986131536->omNode-2-GrpcLogAppender-LogAppenderDaemon] INFO  server.GrpcLogAppender (GrpcLogAppender.java:installSnapshot(541)) - omNode-1@group-523986131536->omNode-2-GrpcLogAppender: followerNextIndex = 57 but logStartIndex = 59, notify follower to install snapshot-(t:6, i:59)
2022-10-04 13:26:30,573 [omNode-1@group-523986131536->omNode-2-GrpcLogAppender-LogAppenderDaemon] INFO  server.GrpcLogAppender (GrpcLogAppender.java:installSnapshot(549)) - omNode-1@group-523986131536->omNode-2-GrpcLogAppender: send omNode-1->omNode-2#0-t6,notify:(t:6, i:59)
2022-10-04 13:26:30,574 [omNode-2-server-thread1] INFO  server.RaftServer$Division (RaftServerImpl.java:checkInconsistentAppendEntries(1402)) - omNode-2@group-523986131536: Failed appendEntries as snapshot (59) installation is in progress
2022-10-04 13:26:30,574 [omNode-2-server-thread1] INFO  server.RaftServer$Division (RaftServerImpl.java:checkInconsistentAppendEntries(1394)) - omNode-2@group-523986131536: inconsistency entries. Reply:omNode-1<-omNode-2#609:FAIL-t6,INCONSISTENCY,nextIndex=57,followerCommit=56
2022-10-04 13:26:30,574 [grpc-default-executor-2] INFO  leader.FollowerInfo (FollowerInfoImpl.java:lambda$new$0(48)) - omNode-1@group-523986131536->omNode-2: nextIndex: updateUnconditionally 57 -> 57
2022-10-04 13:26:30,575 [grpc-default-executor-1] INFO  impl.SnapshotInstallationHandler (SnapshotInstallationHandler.java:installSnapshot(84)) - omNode-2@group-523986131536: receive installSnapshot: omNode-1->omNode-2#0-t6,notify:(t:6, i:59)
2022-10-04 13:26:30,575 [grpc-default-executor-1] INFO  impl.SnapshotInstallationHandler (SnapshotInstallationHandler.java:installSnapshot(95)) - omNode-2@group-523986131536: reply installSnapshot: omNode-1<-omNode-2#0:FAIL-t6,IN_PROGRESS
2022-10-04 13:26:30,575 [grpc-default-executor-1] INFO  server.GrpcServerProtocolService (GrpcServerProtocolService.java:onCompleted(140)) - omNode-2: Completed INSTALL_SNAPSHOT, lastRequest: omNode-1->omNode-2#0-t6,notify:(t:6, i:59)
2022-10-04 13:26:30,575 [grpc-default-executor-1] INFO  server.GrpcLogAppender (GrpcLogAppender.java:onNext(403)) - omNode-1@group-523986131536->omNode-2-InstallSnapshotResponseHandler: received a reply omNode-1<-omNode-2#0:FAIL-t6,IN_PROGRESS
2022-10-04 13:26:30,575 [grpc-default-executor-1] INFO  server.GrpcLogAppender (GrpcLogAppender.java:onNext(421)) - omNode-1@group-523986131536->omNode-2-InstallSnapshotResponseHandler: InstallSnapshot in progress.
2022-10-04 13:26:30,576 [omNode-1@group-523986131536->omNode-2-GrpcLogAppender-LogAppenderDaemon] INFO  server.GrpcLogAppender (GrpcLogAppender.java:installSnapshot(541)) - omNode-1@group-523986131536->omNode-2-GrpcLogAppender: followerNextIndex = 57 but logStartIndex = 59, notify follower to install snapshot-(t:6, i:59)
2022-10-04 13:26:30,576 [omNode-1@group-523986131536->omNode-2-GrpcLogAppender-LogAppenderDaemon] INFO  server.GrpcLogAppender (GrpcLogAppender.java:installSnapshot(549)) - omNode-1@group-523986131536->omNode-2-GrpcLogAppender: send omNode-1->omNode-2#0-t6,notify:(t:6, i:59)
2022-10-04 13:26:30,576 [omNode-2-server-thread1] INFO  server.RaftServer$Division (RaftServerImpl.java:checkInconsistentAppendEntries(1402)) - omNode-2@group-523986131536: Failed appendEntries as snapshot (59) installation is in progress
2022-10-04 13:26:30,576 [omNode-2-server-thread1] INFO  server.RaftServer$Division (RaftServerImpl.java:checkInconsistentAppendEntries(1394)) - omNode-2@group-523986131536: inconsistency entries. Reply:omNode-1<-omNode-2#610:FAIL-t6,INCONSISTENCY,nextIndex=57,followerCommit=56
2022-10-04 13:26:30,577 [grpc-default-executor-2] INFO  leader.FollowerInfo (FollowerInfoImpl.java:lambda$new$0(48)) - omNode-1@group-523986131536->omNode-2: nextIndex: updateUnconditionally 57 -> 57
2022-10-04 13:26:30,581 [grpc-default-executor-1] INFO  impl.SnapshotInstallationHandler (SnapshotInstallationHandler.java:installSnapshot(84)) - omNode-2@group-523986131536: receive installSnapshot: omNode-1->omNode-2#0-t6,notify:(t:6, i:59)
2022-10-04 13:26:30,582 [grpc-default-executor-1] INFO  impl.SnapshotInstallationHandler (SnapshotInstallationHandler.java:installSnapshot(95)) - omNode-2@group-523986131536: reply installSnapshot: omNode-1<-omNode-2#0:FAIL-t6,IN_PROGRESS
2022-10-04 13:26:30,582 [grpc-default-executor-1] INFO  server.GrpcServerProtocolService (GrpcServerProtocolService.java:onCompleted(140)) - omNode-2: Completed INSTALL_SNAPSHOT, lastRequest: omNode-1->omNode-2#0-t6,notify:(t:6, i:59)
2022-10-04 13:26:30,582 [grpc-default-executor-1] INFO  server.GrpcLogAppender (GrpcLogAppender.java:onNext(403)) - omNode-1@group-523986131536->omNode-2-InstallSnapshotResponseHandler: received a reply omNode-1<-omNode-2#0:FAIL-t6,IN_PROGRESS
2022-10-04 13:26:30,583 [grpc-default-executor-1] INFO  server.GrpcLogAppender (GrpcLogAppender.java:onNext(421)) - omNode-1@group-523986131536->omNode-2-InstallSnapshotResponseHandler: InstallSnapshot in progress.
2022-10-04 13:26:30,583 [omNode-1@group-523986131536->omNode-2-GrpcLogAppender-LogAppenderDaemon] INFO  server.GrpcLogAppender (GrpcLogAppender.java:installSnapshot(541)) - omNode-1@group-523986131536->omNode-2-GrpcLogAppender: followerNextIndex = 57 but logStartIndex = 59, notify follower to install snapshot-(t:6, i:59)
2022-10-04 13:26:30,583 [omNode-1@group-523986131536->omNode-2-GrpcLogAppender-LogAppenderDaemon] INFO  server.GrpcLogAppender (GrpcLogAppender.java:installSnapshot(549)) - omNode-1@group-523986131536->omNode-2-GrpcLogAppender: send omNode-1->omNode-2#0-t6,notify:(t:6, i:59)
2022-10-04 13:26:30,586 [grpc-default-executor-2] INFO  impl.SnapshotInstallationHandler (SnapshotInstallationHandler.java:installSnapshot(84)) - omNode-2@group-523986131536: receive installSnapshot: omNode-1->omNode-2#0-t6,notify:(t:6, i:59)
2022-10-04 13:26:30,586 [omNode-2-server-thread1] INFO  server.RaftServer$Division (RaftServerImpl.java:checkInconsistentAppendEntries(1402)) - omNode-2@group-523986131536: Failed appendEntries as snapshot (59) installation is in progress
2022-10-04 13:26:30,586 [omNode-2-server-thread1] INFO  server.RaftServer$Division (RaftServerImpl.java:checkInconsistentAppendEntries(1394)) - omNode-2@group-523986131536: inconsistency entries. Reply:omNode-1<-omNode-2#611:FAIL-t6,INCONSISTENCY,nextIndex=57,followerCommit=56
2022-10-04 13:26:30,586 [grpc-default-executor-2] INFO  impl.SnapshotInstallationHandler (SnapshotInstallationHandler.java:installSnapshot(95)) - omNode-2@group-523986131536: reply installSnapshot: omNode-1<-omNode-2#0:FAIL-t6,IN_PROGRESS
2022-10-04 13:26:30,586 [grpc-default-executor-2] INFO  server.GrpcServerProtocolService (GrpcServerProtocolService.java:onCompleted(140)) - omNode-2: Completed INSTALL_SNAPSHOT, lastRequest: omNode-1->omNode-2#0-t6,notify:(t:6, i:59)
2022-10-04 13:26:30,587 [grpc-default-executor-0] INFO  leader.FollowerInfo (FollowerInfoImpl.java:lambda$new$0(48)) - omNode-1@group-523986131536->omNode-2: nextIndex: updateUnconditionally 57 -> 57
2022-10-04 13:26:30,587 [grpc-default-executor-1] INFO  server.GrpcLogAppender (GrpcLogAppender.java:onNext(403)) - omNode-1@group-523986131536->omNode-2-InstallSnapshotResponseHandler: received a reply omNode-1<-omNode-2#0:FAIL-t6,IN_PROGRESS
2022-10-04 13:26:30,587 [grpc-default-executor-1] INFO  server.GrpcLogAppender (GrpcLogAppender.java:onNext(421)) - omNode-1@group-523986131536->omNode-2-InstallSnapshotResponseHandler: InstallSnapshot in progress.
2022-10-04 13:26:30,587 [omNode-1@group-523986131536->omNode-2-GrpcLogAppender-LogAppenderDaemon] INFO  server.GrpcLogAppender (GrpcLogAppender.java:installSnapshot(541)) - omNode-1@group-523986131536->omNode-2-GrpcLogAppender: followerNextIndex = 57 but logStartIndex = 59, notify follower to install snapshot-(t:6, i:59)
2022-10-04 13:26:30,588 [omNode-1@group-523986131536->omNode-2-GrpcLogAppender-LogAppenderDaemon] INFO  server.GrpcLogAppender (GrpcLogAppender.java:installSnapshot(549)) - omNode-1@group-523986131536->omNode-2-GrpcLogAppender: send omNode-1->omNode-2#0-t6,notify:(t:6, i:59)
2022-10-04 13:26:30,588 [omNode-2-server-thread1] INFO  server.RaftServer$Division (RaftServerImpl.java:checkInconsistentAppendEntries(1402)) - omNode-2@group-523986131536: Failed appendEntries as snapshot (59) installation is in progress
2022-10-04 13:26:30,588 [omNode-2-server-thread1] INFO  server.RaftServer$Division (RaftServerImpl.java:checkInconsistentAppendEntries(1394)) - omNode-2@group-523986131536: inconsistency entries. Reply:omNode-1<-omNode-2#612:FAIL-t6,INCONSISTENCY,nextIndex=57,followerCommit=56
2022-10-04 13:26:30,588 [grpc-default-executor-1] INFO  impl.SnapshotInstallationHandler (SnapshotInstallationHandler.java:installSnapshot(84)) - omNode-2@group-523986131536: receive installSnapshot: omNode-1->omNode-2#0-t6,notify:(t:6, i:59)
2022-10-04 13:26:30,588 [grpc-default-executor-2] INFO  leader.FollowerInfo (FollowerInfoImpl.java:lambda$new$0(48)) - omNode-1@group-523986131536->omNode-2: nextIndex: updateUnconditionally 57 -> 57
2022-10-04 13:26:30,588 [grpc-default-executor-1] INFO  impl.SnapshotInstallationHandler (SnapshotInstallationHandler.java:installSnapshot(95)) - omNode-2@group-523986131536: reply installSnapshot: omNode-1<-omNode-2#0:FAIL-t6,IN_PROGRESS
2022-10-04 13:26:30,589 [grpc-default-executor-1] INFO  server.GrpcServerProtocolService (GrpcServerProtocolService.java:onCompleted(140)) - omNode-2: Completed INSTALL_SNAPSHOT, lastRequest: omNode-1->omNode-2#0-t6,notify:(t:6, i:59)
2022-10-04 13:26:30,589 [grpc-default-executor-2] INFO  server.GrpcLogAppender (GrpcLogAppender.java:onNext(403)) - omNode-1@group-523986131536->omNode-2-InstallSnapshotResponseHandler: received a reply omNode-1<-omNode-2#0:FAIL-t6,IN_PROGRESS
2022-10-04 13:26:30,589 [grpc-default-executor-2] INFO  server.GrpcLogAppender (GrpcLogAppender.java:onNext(421)) - omNode-1@group-523986131536->omNode-2-InstallSnapshotResponseHandler: InstallSnapshot in progress.
2022-10-04 13:26:30,590 [omNode-1@group-523986131536->omNode-2-GrpcLogAppender-LogAppenderDaemon] INFO  server.GrpcLogAppender (GrpcLogAppender.java:installSnapshot(541)) - omNode-1@group-523986131536->omNode-2-GrpcLogAppender: followerNextIndex = 57 but logStartIndex = 59, notify follower to install snapshot-(t:6, i:59)
2022-10-04 13:26:30,590 [omNode-1@group-523986131536->omNode-2-GrpcLogAppender-LogAppenderDaemon] INFO  server.GrpcLogAppender (GrpcLogAppender.java:installSnapshot(549)) - omNode-1@group-523986131536->omNode-2-GrpcLogAppender: send omNode-1->omNode-2#0-t6,notify:(t:6, i:59)
2022-10-04 13:26:30,591 [omNode-2-server-thread1] INFO  server.RaftServer$Division (RaftServerImpl.java:checkInconsistentAppendEntries(1402)) - omNode-2@group-523986131536: Failed appendEntries as snapshot (59) installation is in progress
2022-10-04 13:26:30,591 [omNode-2-server-thread1] INFO  server.RaftServer$Division (RaftServerImpl.java:checkInconsistentAppendEntries(1394)) - omNode-2@group-523986131536: inconsistency entries. Reply:omNode-1<-omNode-2#613:FAIL-t6,INCONSISTENCY,nextIndex=57,followerCommit=56
2022-10-04 13:26:30,591 [grpc-default-executor-2] INFO  impl.SnapshotInstallationHandler (SnapshotInstallationHandler.java:installSnapshot(84)) - omNode-2@group-523986131536: receive installSnapshot: omNode-1->omNode-2#0-t6,notify:(t:6, i:59)
2022-10-04 13:26:30,591 [grpc-default-executor-2] INFO  impl.SnapshotInstallationHandler (SnapshotInstallationHandler.java:installSnapshot(95)) - omNode-2@group-523986131536: reply installSnapshot: omNode-1<-omNode-2#0:FAIL-t6,IN_PROGRESS
2022-10-04 13:26:30,592 [grpc-default-executor-2] INFO  server.GrpcServerProtocolService (GrpcServerProtocolService.java:onCompleted(140)) - omNode-2: Completed INSTALL_SNAPSHOT, lastRequest: omNode-1->omNode-2#0-t6,notify:(t:6, i:59)
2022-10-04 13:26:30,592 [grpc-default-executor-0] INFO  leader.FollowerInfo (FollowerInfoImpl.java:lambda$new$0(48)) - omNode-1@group-523986131536->omNode-2: nextIndex: updateUnconditionally 57 -> 57
2022-10-04 13:26:30,592 [grpc-default-executor-1] INFO  server.GrpcLogAppender (GrpcLogAppender.java:onNext(403)) - omNode-1@group-523986131536->omNode-2-InstallSnapshotResponseHandler: received a reply omNode-1<-omNode-2#0:FAIL-t6,IN_PROGRESS
2022-10-04 13:26:30,592 [grpc-default-executor-1] INFO  server.GrpcLogAppender (GrpcLogAppender.java:onNext(421)) - omNode-1@group-523986131536->omNode-2-InstallSnapshotResponseHandler: InstallSnapshot in progress.
2022-10-04 13:26:30,592 [omNode-1@group-523986131536->omNode-2-GrpcLogAppender-LogAppenderDaemon] INFO  server.GrpcLogAppender (GrpcLogAppender.java:installSnapshot(541)) - omNode-1@group-523986131536->omNode-2-GrpcLogAppender: followerNextIndex = 57 but logStartIndex = 59, notify follower to install snapshot-(t:6, i:59)
2022-10-04 13:26:30,593 [omNode-1@group-523986131536->omNode-2-GrpcLogAppender-LogAppenderDaemon] INFO  server.GrpcLogAppender (GrpcLogAppender.java:installSnapshot(549)) - omNode-1@group-523986131536->omNode-2-GrpcLogAppender: send omNode-1->omNode-2#0-t6,notify:(t:6, i:59)
2022-10-04 13:26:30,593 [omNode-2-server-thread1] INFO  server.RaftServer$Division (RaftServerImpl.java:checkInconsistentAppendEntries(1402)) - omNode-2@group-523986131536: Failed appendEntries as snapshot (59) installation is in progress
2022-10-04 13:26:30,594 [omNode-2-server-thread1] INFO  server.RaftServer$Division (RaftServerImpl.java:checkInconsistentAppendEntries(1394)) - omNode-2@group-523986131536: inconsistency entries. Reply:omNode-1<-omNode-2#614:FAIL-t6,INCONSISTENCY,nextIndex=57,followerCommit=56
2022-10-04 13:26:30,594 [grpc-default-executor-2] INFO  impl.SnapshotInstallationHandler (SnapshotInstallationHandler.java:installSnapshot(84)) - omNode-2@group-523986131536: receive installSnapshot: omNode-1->omNode-2#0-t6,notify:(t:6, i:59)
2022-10-04 13:26:30,594 [grpc-default-executor-2] INFO  impl.SnapshotInstallationHandler (SnapshotInstallationHandler.java:installSnapshot(95)) - omNode-2@group-523986131536: reply installSnapshot: omNode-1<-omNode-2#0:FAIL-t6,IN_PROGRESS
2022-10-04 13:26:30,594 [grpc-default-executor-2] INFO  server.GrpcServerProtocolService (GrpcServerProtocolService.java:onCompleted(140)) - omNode-2: Completed INSTALL_SNAPSHOT, lastRequest: omNode-1->omNode-2#0-t6,notify:(t:6, i:59)
2022-10-04 13:26:30,594 [grpc-default-executor-0] INFO  leader.FollowerInfo (FollowerInfoImpl.java:lambda$new$0(48)) - omNode-1@group-523986131536->omNode-2: nextIndex: updateUnconditionally 57 -> 57
2022-10-04 13:26:30,595 [grpc-default-executor-1] INFO  server.GrpcLogAppender (GrpcLogAppender.java:onNext(403)) - omNode-1@group-523986131536->omNode-2-InstallSnapshotResponseHandler: received a reply omNode-1<-omNode-2#0:FAIL-t6,IN_PROGRESS
2022-10-04 13:26:30,595 [grpc-default-executor-1] INFO  server.GrpcLogAppender (GrpcLogAppender.java:onNext(421)) - omNode-1@group-523986131536->omNode-2-InstallSnapshotResponseHandler: InstallSnapshot in progress.
2022-10-04 13:26:30,595 [omNode-1@group-523986131536->omNode-2-GrpcLogAppender-LogAppenderDaemon] INFO  server.GrpcLogAppender (GrpcLogAppender.java:installSnapshot(541)) - omNode-1@group-523986131536->omNode-2-GrpcLogAppender: followerNextIndex = 57 but logStartIndex = 59, notify follower to install snapshot-(t:6, i:59)
2022-10-04 13:26:30,595 [omNode-1@group-523986131536->omNode-2-GrpcLogAppender-LogAppenderDaemon] INFO  server.GrpcLogAppender (GrpcLogAppender.java:installSnapshot(549)) - omNode-1@group-523986131536->omNode-2-GrpcLogAppender: send omNode-1->omNode-2#0-t6,notify:(t:6, i:59)
2022-10-04 13:26:30,596 [omNode-2-server-thread1] INFO  server.RaftServer$Division (RaftServerImpl.java:checkInconsistentAppendEntries(1402)) - omNode-2@group-523986131536: Failed appendEntries as snapshot (59) installation is in progress
2022-10-04 13:26:30,596 [omNode-2-server-thread1] INFO  server.RaftServer$Division (RaftServerImpl.java:checkInconsistentAppendEntries(1394)) - omNode-2@group-523986131536: inconsistency entries. Reply:omNode-1<-omNode-2#615:FAIL-t6,INCONSISTENCY,nextIndex=57,followerCommit=56
2022-10-04 13:26:30,596 [grpc-default-executor-1] INFO  impl.SnapshotInstallationHandler (SnapshotInstallationHandler.java:installSnapshot(84)) - omNode-2@group-523986131536: receive installSnapshot: omNode-1->omNode-2#0-t6,notify:(t:6, i:59)
2022-10-04 13:26:30,596 [grpc-default-executor-1] INFO  impl.SnapshotInstallationHandler (SnapshotInstallationHandler.java:installSnapshot(95)) - omNode-2@group-523986131536: reply installSnapshot: omNode-1<-omNode-2#0:FAIL-t6,IN_PROGRESS
2022-10-04 13:26:30,596 [grpc-default-executor-1] INFO  server.GrpcServerProtocolService (GrpcServerProtocolService.java:onCompleted(140)) - omNode-2: Completed INSTALL_SNAPSHOT, lastRequest: omNode-1->omNode-2#0-t6,notify:(t:6, i:59)
2022-10-04 13:26:30,599 [grpc-default-executor-1] INFO  leader.FollowerInfo (FollowerInfoImpl.java:lambda$new$0(48)) - omNode-1@group-523986131536->omNode-2: nextIndex: updateUnconditionally 57 -> 57
2022-10-04 13:26:30,600 [grpc-default-executor-2] INFO  server.GrpcLogAppender (GrpcLogAppender.java:onNext(403)) - omNode-1@group-523986131536->omNode-2-InstallSnapshotResponseHandler: received a reply omNode-1<-omNode-2#0:FAIL-t6,IN_PROGRESS
2022-10-04 13:26:30,600 [grpc-default-executor-2] INFO  server.GrpcLogAppender (GrpcLogAppender.java:onNext(421)) - omNode-1@group-523986131536->omNode-2-InstallSnapshotResponseHandler: InstallSnapshot in progress.
2022-10-04 13:26:30,600 [omNode-1@group-523986131536->omNode-2-GrpcLogAppender-LogAppenderDaemon] INFO  server.GrpcLogAppender (GrpcLogAppender.java:installSnapshot(541)) - omNode-1@group-523986131536->omNode-2-GrpcLogAppender: followerNextIndex = 57 but logStartIndex = 59, notify follower to install snapshot-(t:6, i:59)
2022-10-04 13:26:30,600 [omNode-1@group-523986131536->omNode-2-GrpcLogAppender-LogAppenderDaemon] INFO  server.GrpcLogAppender (GrpcLogAppender.java:installSnapshot(549)) - omNode-1@group-523986131536->omNode-2-GrpcLogAppender: send omNode-1->omNode-2#0-t6,notify:(t:6, i:59)
2022-10-04 13:26:30,601 [omNode-2-server-thread1] INFO  server.RaftServer$Division (RaftServerImpl.java:checkInconsistentAppendEntries(1402)) - omNode-2@group-523986131536: Failed appendEntries as snapshot (59) installation is in progress
2022-10-04 13:26:30,601 [omNode-2-server-thread1] INFO  server.RaftServer$Division (RaftServerImpl.java:checkInconsistentAppendEntries(1394)) - omNode-2@group-523986131536: inconsistency entries. Reply:omNode-1<-omNode-2#616:FAIL-t6,INCONSISTENCY,nextIndex=57,followerCommit=56
2022-10-04 13:26:30,601 [grpc-default-executor-2] INFO  impl.SnapshotInstallationHandler (SnapshotInstallationHandler.java:installSnapshot(84)) - omNode-2@group-523986131536: receive installSnapshot: omNode-1->omNode-2#0-t6,notify:(t:6, i:59)
2022-10-04 13:26:30,601 [grpc-default-executor-2] INFO  impl.SnapshotInstallationHandler (SnapshotInstallationHandler.java:installSnapshot(95)) - omNode-2@group-523986131536: reply installSnapshot: omNode-1<-omNode-2#0:FAIL-t6,IN_PROGRESS
2022-10-04 13:26:30,602 [grpc-default-executor-2] INFO  server.GrpcServerProtocolService (GrpcServerProtocolService.java:onCompleted(140)) - omNode-2: Completed INSTALL_SNAPSHOT, lastRequest: omNode-1->omNode-2#0-t6,notify:(t:6, i:59)
2022-10-04 13:26:30,602 [grpc-default-executor-0] INFO  leader.FollowerInfo (FollowerInfoImpl.java:lambda$new$0(48)) - omNode-1@group-523986131536->omNode-2: nextIndex: updateUnconditionally 57 -> 57
2022-10-04 13:26:30,602 [grpc-default-executor-1] INFO  server.GrpcLogAppender (GrpcLogAppender.java:onNext(403)) - omNode-1@group-523986131536->omNode-2-InstallSnapshotResponseHandler: received a reply omNode-1<-omNode-2#0:FAIL-t6,IN_PROGRESS
2022-10-04 13:26:30,602 [grpc-default-executor-1] INFO  server.GrpcLogAppender (GrpcLogAppender.java:onNext(421)) - omNode-1@group-523986131536->omNode-2-InstallSnapshotResponseHandler: InstallSnapshot in progress.
2022-10-04 13:26:30,603 [omNode-1@group-523986131536->omNode-2-GrpcLogAppender-LogAppenderDaemon] INFO  server.GrpcLogAppender (GrpcLogAppender.java:installSnapshot(541)) - omNode-1@group-523986131536->omNode-2-GrpcLogAppender: followerNextIndex = 57 but logStartIndex = 59, notify follower to install snapshot-(t:6, i:59)
2022-10-04 13:26:30,603 [omNode-1@group-523986131536->omNode-2-GrpcLogAppender-LogAppenderDaemon] INFO  server.GrpcLogAppender (GrpcLogAppender.java:installSnapshot(549)) - omNode-1@group-523986131536->omNode-2-GrpcLogAppender: send omNode-1->omNode-2#0-t6,notify:(t:6, i:59)
2022-10-04 13:26:30,604 [omNode-2-server-thread1] INFO  server.RaftServer$Division (RaftServerImpl.java:checkInconsistentAppendEntries(1402)) - omNode-2@group-523986131536: Failed appendEntries as snapshot (59) installation is in progress
2022-10-04 13:26:30,604 [omNode-2-server-thread1] INFO  server.RaftServer$Division (RaftServerImpl.java:checkInconsistentAppendEntries(1394)) - omNode-2@group-523986131536: inconsistency entries. Reply:omNode-1<-omNode-2#617:FAIL-t6,INCONSISTENCY,nextIndex=57,followerCommit=56
2022-10-04 13:26:30,604 [grpc-default-executor-1] INFO  impl.SnapshotInstallationHandler (SnapshotInstallationHandler.java:installSnapshot(84)) - omNode-2@group-523986131536: receive installSnapshot: omNode-1->omNode-2#0-t6,notify:(t:6, i:59)
2022-10-04 13:26:30,604 [grpc-default-executor-1] INFO  impl.SnapshotInstallationHandler (SnapshotInstallationHandler.java:installSnapshot(95)) - omNode-2@group-523986131536: reply installSnapshot: omNode-1<-omNode-2#0:FAIL-t6,IN_PROGRESS
2022-10-04 13:26:30,604 [grpc-default-executor-1] INFO  server.GrpcServerProtocolService (GrpcServerProtocolService.java:onCompleted(140)) - omNode-2: Completed INSTALL_SNAPSHOT, lastRequest: omNode-1->omNode-2#0-t6,notify:(t:6, i:59)
2022-10-04 13:26:30,605 [grpc-default-executor-1] INFO  leader.FollowerInfo (FollowerInfoImpl.java:lambda$new$0(48)) - omNode-1@group-523986131536->omNode-2: nextIndex: updateUnconditionally 57 -> 57
2022-10-04 13:26:30,605 [grpc-default-executor-2] INFO  server.GrpcLogAppender (GrpcLogAppender.java:onNext(403)) - omNode-1@group-523986131536->omNode-2-InstallSnapshotResponseHandler: received a reply omNode-1<-omNode-2#0:FAIL-t6,IN_PROGRESS
2022-10-04 13:26:30,605 [grpc-default-executor-2] INFO  server.GrpcLogAppender (GrpcLogAppender.java:onNext(421)) - omNode-1@group-523986131536->omNode-2-InstallSnapshotResponseHandler: InstallSnapshot in progress.
2022-10-04 13:26:30,605 [omNode-1@group-523986131536->omNode-2-GrpcLogAppender-LogAppenderDaemon] INFO  server.GrpcLogAppender (GrpcLogAppender.java:installSnapshot(541)) - omNode-1@group-523986131536->omNode-2-GrpcLogAppender: followerNextIndex = 57 but logStartIndex = 59, notify follower to install snapshot-(t:6, i:59)
2022-10-04 13:26:30,606 [omNode-1@group-523986131536->omNode-2-GrpcLogAppender-LogAppenderDaemon] INFO  server.GrpcLogAppender (GrpcLogAppender.java:installSnapshot(549)) - omNode-1@group-523986131536->omNode-2-GrpcLogAppender: send omNode-1->omNode-2#0-t6,notify:(t:6, i:59)
2022-10-04 13:26:30,606 [omNode-2-server-thread1] INFO  server.RaftServer$Division (RaftServerImpl.java:checkInconsistentAppendEntries(1402)) - omNode-2@group-523986131536: Failed appendEntries as snapshot (59) installation is in progress
2022-10-04 13:26:30,606 [omNode-2-server-thread1] INFO  server.RaftServer$Division (RaftServerImpl.java:checkInconsistentAppendEntries(1394)) - omNode-2@group-523986131536: inconsistency entries. Reply:omNode-1<-omNode-2#618:FAIL-t6,INCONSISTENCY,nextIndex=57,followerCommit=56
2022-10-04 13:26:30,606 [grpc-default-executor-2] INFO  impl.SnapshotInstallationHandler (SnapshotInstallationHandler.java:installSnapshot(84)) - omNode-2@group-523986131536: receive installSnapshot: omNode-1->omNode-2#0-t6,notify:(t:6, i:59)
2022-10-04 13:26:30,607 [grpc-default-executor-2] INFO  impl.SnapshotInstallationHandler (SnapshotInstallationHandler.java:installSnapshot(95)) - omNode-2@group-523986131536: reply installSnapshot: omNode-1<-omNode-2#0:FAIL-t6,IN_PROGRESS
2022-10-04 13:26:30,607 [grpc-default-executor-2] INFO  server.GrpcServerProtocolService (GrpcServerProtocolService.java:onCompleted(140)) - omNode-2: Completed INSTALL_SNAPSHOT, lastRequest: omNode-1->omNode-2#0-t6,notify:(t:6, i:59)
2022-10-04 13:26:30,607 [grpc-default-executor-0] INFO  leader.FollowerInfo (FollowerInfoImpl.java:lambda$new$0(48)) - omNode-1@group-523986131536->omNode-2: nextIndex: updateUnconditionally 57 -> 57
2022-10-04 13:26:30,607 [grpc-default-executor-1] INFO  server.GrpcLogAppender (GrpcLogAppender.java:onNext(403)) - omNode-1@group-523986131536->omNode-2-InstallSnapshotResponseHandler: received a reply omNode-1<-omNode-2#0:FAIL-t6,IN_PROGRESS
2022-10-04 13:26:30,608 [grpc-default-executor-1] INFO  server.GrpcLogAppender (GrpcLogAppender.java:onNext(421)) - omNode-1@group-523986131536->omNode-2-InstallSnapshotResponseHandler: InstallSnapshot in progress.
2022-10-04 13:26:30,608 [omNode-1@group-523986131536->omNode-2-GrpcLogAppender-LogAppenderDaemon] INFO  server.GrpcLogAppender (GrpcLogAppender.java:installSnapshot(541)) - omNode-1@group-523986131536->omNode-2-GrpcLogAppender: followerNextIndex = 57 but logStartIndex = 59, notify follower to install snapshot-(t:6, i:59)
2022-10-04 13:26:30,608 [omNode-1@group-523986131536->omNode-2-GrpcLogAppender-LogAppenderDaemon] INFO  server.GrpcLogAppender (GrpcLogAppender.java:installSnapshot(549)) - omNode-1@group-523986131536->omNode-2-GrpcLogAppender: send omNode-1->omNode-2#0-t6,notify:(t:6, i:59)
2022-10-04 13:26:30,609 [omNode-2-server-thread1] INFO  server.RaftServer$Division (RaftServerImpl.java:checkInconsistentAppendEntries(1402)) - omNode-2@group-523986131536: Failed appendEntries as snapshot (59) installation is in progress
2022-10-04 13:26:30,609 [omNode-2-server-thread1] INFO  server.RaftServer$Division (RaftServerImpl.java:checkInconsistentAppendEntries(1394)) - omNode-2@group-523986131536: inconsistency entries. Reply:omNode-1<-omNode-2#619:FAIL-t6,INCONSISTENCY,nextIndex=57,followerCommit=56
2022-10-04 13:26:30,609 [grpc-default-executor-1] INFO  impl.SnapshotInstallationHandler (SnapshotInstallationHandler.java:installSnapshot(84)) - omNode-2@group-523986131536: receive installSnapshot: omNode-1->omNode-2#0-t6,notify:(t:6, i:59)
2022-10-04 13:26:30,609 [grpc-default-executor-1] INFO  impl.SnapshotInstallationHandler (SnapshotInstallationHandler.java:installSnapshot(95)) - omNode-2@group-523986131536: reply installSnapshot: omNode-1<-omNode-2#0:FAIL-t6,IN_PROGRESS
2022-10-04 13:26:30,609 [grpc-default-executor-1] INFO  server.GrpcServerProtocolService (GrpcServerProtocolService.java:onCompleted(140)) - omNode-2: Completed INSTALL_SNAPSHOT, lastRequest: omNode-1->omNode-2#0-t6,notify:(t:6, i:59)
2022-10-04 13:26:30,610 [grpc-default-executor-2] INFO  server.GrpcLogAppender (GrpcLogAppender.java:onNext(403)) - omNode-1@group-523986131536->omNode-2-InstallSnapshotResponseHandler: received a reply omNode-1<-omNode-2#0:FAIL-t6,IN_PROGRESS
2022-10-04 13:26:30,610 [grpc-default-executor-2] INFO  server.GrpcLogAppender (GrpcLogAppender.java:onNext(421)) - omNode-1@group-523986131536->omNode-2-InstallSnapshotResponseHandler: InstallSnapshot in progress.
2022-10-04 13:26:30,610 [grpc-default-executor-1] INFO  leader.FollowerInfo (FollowerInfoImpl.java:lambda$new$0(48)) - omNode-1@group-523986131536->omNode-2: nextIndex: updateUnconditionally 57 -> 57
2022-10-04 13:26:30,610 [omNode-1@group-523986131536->omNode-2-GrpcLogAppender-LogAppenderDaemon] INFO  server.GrpcLogAppender (GrpcLogAppender.java:installSnapshot(541)) - omNode-1@group-523986131536->omNode-2-GrpcLogAppender: followerNextIndex = 57 but logStartIndex = 59, notify follower to install snapshot-(t:6, i:59)
2022-10-04 13:26:30,610 [omNode-1@group-523986131536->omNode-2-GrpcLogAppender-LogAppenderDaemon] INFO  server.GrpcLogAppender (GrpcLogAppender.java:installSnapshot(549)) - omNode-1@group-523986131536->omNode-2-GrpcLogAppender: send omNode-1->omNode-2#0-t6,notify:(t:6, i:59)
2022-10-04 13:26:30,611 [omNode-2-server-thread1] INFO  server.RaftServer$Division (RaftServerImpl.java:checkInconsistentAppendEntries(1402)) - omNode-2@group-523986131536: Failed appendEntries as snapshot (59) installation is in progress
2022-10-04 13:26:30,611 [omNode-2-server-thread1] INFO  server.RaftServer$Division (RaftServerImpl.java:checkInconsistentAppendEntries(1394)) - omNode-2@group-523986131536: inconsistency entries. Reply:omNode-1<-omNode-2#620:FAIL-t6,INCONSISTENCY,nextIndex=57,followerCommit=56
2022-10-04 13:26:30,611 [grpc-default-executor-1] INFO  impl.SnapshotInstallationHandler (SnapshotInstallationHandler.java:installSnapshot(84)) - omNode-2@group-523986131536: receive installSnapshot: omNode-1->omNode-2#0-t6,notify:(t:6, i:59)
2022-10-04 13:26:30,612 [grpc-default-executor-1] INFO  impl.SnapshotInstallationHandler (SnapshotInstallationHandler.java:installSnapshot(95)) - omNode-2@group-523986131536: reply installSnapshot: omNode-1<-omNode-2#0:FAIL-t6,IN_PROGRESS
2022-10-04 13:26:30,612 [grpc-default-executor-1] INFO  server.GrpcServerProtocolService (GrpcServerProtocolService.java:onCompleted(140)) - omNode-2: Completed INSTALL_SNAPSHOT, lastRequest: omNode-1->omNode-2#0-t6,notify:(t:6, i:59)
2022-10-04 13:26:30,613 [grpc-default-executor-0] INFO  leader.FollowerInfo (FollowerInfoImpl.java:lambda$new$0(48)) - omNode-1@group-523986131536->omNode-2: nextIndex: updateUnconditionally 57 -> 57
2022-10-04 13:26:30,613 [grpc-default-executor-2] INFO  server.GrpcLogAppender (GrpcLogAppender.java:onNext(403)) - omNode-1@group-523986131536->omNode-2-InstallSnapshotResponseHandler: received a reply omNode-1<-omNode-2#0:FAIL-t6,IN_PROGRESS
2022-10-04 13:26:30,613 [grpc-default-executor-2] INFO  server.GrpcLogAppender (GrpcLogAppender.java:onNext(421)) - omNode-1@group-523986131536->omNode-2-InstallSnapshotResponseHandler: InstallSnapshot in progress.
2022-10-04 13:26:30,613 [omNode-1@group-523986131536->omNode-2-GrpcLogAppender-LogAppenderDaemon] INFO  server.GrpcLogAppender (GrpcLogAppender.java:installSnapshot(541)) - omNode-1@group-523986131536->omNode-2-GrpcLogAppender: followerNextIndex = 57 but logStartIndex = 59, notify follower to install snapshot-(t:6, i:59)
2022-10-04 13:26:30,613 [omNode-1@group-523986131536->omNode-2-GrpcLogAppender-LogAppenderDaemon] INFO  server.GrpcLogAppender (GrpcLogAppender.java:installSnapshot(549)) - omNode-1@group-523986131536->omNode-2-GrpcLogAppender: send omNode-1->omNode-2#0-t6,notify:(t:6, i:59)
2022-10-04 13:26:30,614 [omNode-2-server-thread1] INFO  server.RaftServer$Division (RaftServerImpl.java:checkInconsistentAppendEntries(1402)) - omNode-2@group-523986131536: Failed appendEntries as snapshot (59) installation is in progress
2022-10-04 13:26:30,614 [omNode-2-server-thread1] INFO  server.RaftServer$Division (RaftServerImpl.java:checkInconsistentAppendEntries(1394)) - omNode-2@group-523986131536: inconsistency entries. Reply:omNode-1<-omNode-2#621:FAIL-t6,INCONSISTENCY,nextIndex=57,followerCommit=56
2022-10-04 13:26:30,614 [grpc-default-executor-2] INFO  impl.SnapshotInstallationHandler (SnapshotInstallationHandler.java:installSnapshot(84)) - omNode-2@group-523986131536: receive installSnapshot: omNode-1->omNode-2#0-t6,notify:(t:6, i:59)
2022-10-04 13:26:30,614 [grpc-default-executor-2] INFO  impl.SnapshotInstallationHandler (SnapshotInstallationHandler.java:installSnapshot(95)) - omNode-2@group-523986131536: reply installSnapshot: omNode-1<-omNode-2#0:FAIL-t6,IN_PROGRESS
2022-10-04 13:26:30,615 [grpc-default-executor-2] INFO  server.GrpcServerProtocolService (GrpcServerProtocolService.java:onCompleted(140)) - omNode-2: Completed INSTALL_SNAPSHOT, lastRequest: omNode-1->omNode-2#0-t6,notify:(t:6, i:59)
2022-10-04 13:26:30,615 [grpc-default-executor-1] INFO  leader.FollowerInfo (FollowerInfoImpl.java:lambda$new$0(48)) - omNode-1@group-523986131536->omNode-2: nextIndex: updateUnconditionally 57 -> 57
2022-10-04 13:26:30,615 [grpc-default-executor-2] INFO  server.GrpcLogAppender (GrpcLogAppender.java:onNext(403)) - omNode-1@group-523986131536->omNode-2-InstallSnapshotResponseHandler: received a reply omNode-1<-omNode-2#0:FAIL-t6,IN_PROGRESS
2022-10-04 13:26:30,615 [grpc-default-executor-2] INFO  server.GrpcLogAppender (GrpcLogAppender.java:onNext(421)) - omNode-1@group-523986131536->omNode-2-InstallSnapshotResponseHandler: InstallSnapshot in progress.
2022-10-04 13:26:30,616 [omNode-1@group-523986131536->omNode-2-GrpcLogAppender-LogAppenderDaemon] INFO  server.GrpcLogAppender (GrpcLogAppender.java:installSnapshot(541)) - omNode-1@group-523986131536->omNode-2-GrpcLogAppender: followerNextIndex = 57 but logStartIndex = 59, notify follower to install snapshot-(t:6, i:59)
2022-10-04 13:26:30,616 [omNode-1@group-523986131536->omNode-2-GrpcLogAppender-LogAppenderDaemon] INFO  server.GrpcLogAppender (GrpcLogAppender.java:installSnapshot(549)) - omNode-1@group-523986131536->omNode-2-GrpcLogAppender: send omNode-1->omNode-2#0-t6,notify:(t:6, i:59)
2022-10-04 13:26:30,617 [omNode-2-server-thread1] INFO  server.RaftServer$Division (RaftServerImpl.java:checkInconsistentAppendEntries(1402)) - omNode-2@group-523986131536: Failed appendEntries as snapshot (59) installation is in progress
2022-10-04 13:26:30,618 [omNode-2-server-thread1] INFO  server.RaftServer$Division (RaftServerImpl.java:checkInconsistentAppendEntries(1394)) - omNode-2@group-523986131536: inconsistency entries. Reply:omNode-1<-omNode-2#622:FAIL-t6,INCONSISTENCY,nextIndex=57,followerCommit=56
2022-10-04 13:26:30,618 [grpc-default-executor-2] INFO  impl.SnapshotInstallationHandler (SnapshotInstallationHandler.java:installSnapshot(84)) - omNode-2@group-523986131536: receive installSnapshot: omNode-1->omNode-2#0-t6,notify:(t:6, i:59)
2022-10-04 13:26:30,618 [grpc-default-executor-2] INFO  impl.SnapshotInstallationHandler (SnapshotInstallationHandler.java:installSnapshot(95)) - omNode-2@group-523986131536: reply installSnapshot: omNode-1<-omNode-2#0:FAIL-t6,IN_PROGRESS
2022-10-04 13:26:30,618 [grpc-default-executor-2] INFO  server.GrpcServerProtocolService (GrpcServerProtocolService.java:onCompleted(140)) - omNode-2: Completed INSTALL_SNAPSHOT, lastRequest: omNode-1->omNode-2#0-t6,notify:(t:6, i:59)
2022-10-04 13:26:30,618 [grpc-default-executor-0] INFO  server.GrpcLogAppender (GrpcLogAppender.java:onNext(403)) - omNode-1@group-523986131536->omNode-2-InstallSnapshotResponseHandler: received a reply omNode-1<-omNode-2#0:FAIL-t6,IN_PROGRESS
2022-10-04 13:26:30,619 [grpc-default-executor-0] INFO  server.GrpcLogAppender (GrpcLogAppender.java:onNext(421)) - omNode-1@group-523986131536->omNode-2-InstallSnapshotResponseHandler: InstallSnapshot in progress.
2022-10-04 13:26:30,619 [grpc-default-executor-1] INFO  leader.FollowerInfo (FollowerInfoImpl.java:lambda$new$0(48)) - omNode-1@group-523986131536->omNode-2: nextIndex: updateUnconditionally 57 -> 57
2022-10-04 13:26:30,619 [omNode-1@group-523986131536->omNode-2-GrpcLogAppender-LogAppenderDaemon] INFO  server.GrpcLogAppender (GrpcLogAppender.java:installSnapshot(541)) - omNode-1@group-523986131536->omNode-2-GrpcLogAppender: followerNextIndex = 57 but logStartIndex = 59, notify follower to install snapshot-(t:6, i:59)
2022-10-04 13:26:30,619 [omNode-1@group-523986131536->omNode-2-GrpcLogAppender-LogAppenderDaemon] INFO  server.GrpcLogAppender (GrpcLogAppender.java:installSnapshot(549)) - omNode-1@group-523986131536->omNode-2-GrpcLogAppender: send omNode-1->omNode-2#0-t6,notify:(t:6, i:59)
2022-10-04 13:26:30,619 [omNode-2-server-thread1] INFO  server.RaftServer$Division (RaftServerImpl.java:checkInconsistentAppendEntries(1402)) - omNode-2@group-523986131536: Failed appendEntries as snapshot (59) installation is in progress
2022-10-04 13:26:30,619 [omNode-2-server-thread1] INFO  server.RaftServer$Division (RaftServerImpl.java:checkInconsistentAppendEntries(1394)) - omNode-2@group-523986131536: inconsistency entries. Reply:omNode-1<-omNode-2#623:FAIL-t6,INCONSISTENCY,nextIndex=57,followerCommit=56
2022-10-04 13:26:30,620 [grpc-default-executor-0] INFO  leader.FollowerInfo (FollowerInfoImpl.java:lambda$new$0(48)) - omNode-1@group-523986131536->omNode-2: nextIndex: updateUnconditionally 57 -> 57
2022-10-04 13:26:30,620 [grpc-default-executor-1] INFO  impl.SnapshotInstallationHandler (SnapshotInstallationHandler.java:installSnapshot(84)) - omNode-2@group-523986131536: receive installSnapshot: omNode-1->omNode-2#0-t6,notify:(t:6, i:59)
2022-10-04 13:26:30,620 [grpc-default-executor-1] INFO  impl.SnapshotInstallationHandler (SnapshotInstallationHandler.java:installSnapshot(95)) - omNode-2@group-523986131536: reply installSnapshot: omNode-1<-omNode-2#0:FAIL-t6,IN_PROGRESS
2022-10-04 13:26:30,620 [grpc-default-executor-1] INFO  server.GrpcServerProtocolService (GrpcServerProtocolService.java:onCompleted(140)) - omNode-2: Completed INSTALL_SNAPSHOT, lastRequest: omNode-1->omNode-2#0-t6,notify:(t:6, i:59)
2022-10-04 13:26:30,621 [grpc-default-executor-1] INFO  server.GrpcLogAppender (GrpcLogAppender.java:onNext(403)) - omNode-1@group-523986131536->omNode-2-InstallSnapshotResponseHandler: received a reply omNode-1<-omNode-2#0:FAIL-t6,IN_PROGRESS
2022-10-04 13:26:30,621 [grpc-default-executor-1] INFO  server.GrpcLogAppender (GrpcLogAppender.java:onNext(421)) - omNode-1@group-523986131536->omNode-2-InstallSnapshotResponseHandler: InstallSnapshot in progress.
2022-10-04 13:26:30,624 [omNode-1@group-523986131536->omNode-2-GrpcLogAppender-LogAppenderDaemon] INFO  server.GrpcLogAppender (GrpcLogAppender.java:installSnapshot(541)) - omNode-1@group-523986131536->omNode-2-GrpcLogAppender: followerNextIndex = 57 but logStartIndex = 59, notify follower to install snapshot-(t:6, i:59)
2022-10-04 13:26:30,624 [omNode-1@group-523986131536->omNode-2-GrpcLogAppender-LogAppenderDaemon] INFO  server.GrpcLogAppender (GrpcLogAppender.java:installSnapshot(549)) - omNode-1@group-523986131536->omNode-2-GrpcLogAppender: send omNode-1->omNode-2#0-t6,notify:(t:6, i:59)
2022-10-04 13:26:30,624 [omNode-2-server-thread1] INFO  server.RaftServer$Division (RaftServerImpl.java:checkInconsistentAppendEntries(1402)) - omNode-2@group-523986131536: Failed appendEntries as snapshot (59) installation is in progress
2022-10-04 13:26:30,624 [omNode-2-server-thread1] INFO  server.RaftServer$Division (RaftServerImpl.java:checkInconsistentAppendEntries(1394)) - omNode-2@group-523986131536: inconsistency entries. Reply:omNode-1<-omNode-2#624:FAIL-t6,INCONSISTENCY,nextIndex=57,followerCommit=56
2022-10-04 13:26:30,625 [grpc-default-executor-0] INFO  leader.FollowerInfo (FollowerInfoImpl.java:lambda$new$0(48)) - omNode-1@group-523986131536->omNode-2: nextIndex: updateUnconditionally 57 -> 57
2022-10-04 13:26:30,625 [grpc-default-executor-1] INFO  impl.SnapshotInstallationHandler (SnapshotInstallationHandler.java:installSnapshot(84)) - omNode-2@group-523986131536: receive installSnapshot: omNode-1->omNode-2#0-t6,notify:(t:6, i:59)
2022-10-04 13:26:30,625 [grpc-default-executor-1] INFO  impl.SnapshotInstallationHandler (SnapshotInstallationHandler.java:installSnapshot(95)) - omNode-2@group-523986131536: reply installSnapshot: omNode-1<-omNode-2#0:FAIL-t6,IN_PROGRESS
2022-10-04 13:26:30,625 [grpc-default-executor-1] INFO  server.GrpcServerProtocolService (GrpcServerProtocolService.java:onCompleted(140)) - omNode-2: Completed INSTALL_SNAPSHOT, lastRequest: omNode-1->omNode-2#0-t6,notify:(t:6, i:59)
2022-10-04 13:26:30,626 [grpc-default-executor-1] INFO  server.GrpcLogAppender (GrpcLogAppender.java:onNext(403)) - omNode-1@group-523986131536->omNode-2-InstallSnapshotResponseHandler: received a reply omNode-1<-omNode-2#0:FAIL-t6,IN_PROGRESS
2022-10-04 13:26:30,626 [grpc-default-executor-1] INFO  server.GrpcLogAppender (GrpcLogAppender.java:onNext(421)) - omNode-1@group-523986131536->omNode-2-InstallSnapshotResponseHandler: InstallSnapshot in progress.
2022-10-04 13:26:30,626 [omNode-1@group-523986131536->omNode-2-GrpcLogAppender-LogAppenderDaemon] INFO  server.GrpcLogAppender (GrpcLogAppender.java:installSnapshot(541)) - omNode-1@group-523986131536->omNode-2-GrpcLogAppender: followerNextIndex = 57 but logStartIndex = 59, notify follower to install snapshot-(t:6, i:59)
2022-10-04 13:26:30,626 [omNode-1@group-523986131536->omNode-2-GrpcLogAppender-LogAppenderDaemon] INFO  server.GrpcLogAppender (GrpcLogAppender.java:installSnapshot(549)) - omNode-1@group-523986131536->omNode-2-GrpcLogAppender: send omNode-1->omNode-2#0-t6,notify:(t:6, i:59)
2022-10-04 13:26:30,627 [omNode-2-server-thread1] INFO  server.RaftServer$Division (RaftServerImpl.java:checkInconsistentAppendEntries(1402)) - omNode-2@group-523986131536: Failed appendEntries as snapshot (59) installation is in progress
2022-10-04 13:26:30,627 [omNode-2-server-thread1] INFO  server.RaftServer$Division (RaftServerImpl.java:checkInconsistentAppendEntries(1394)) - omNode-2@group-523986131536: inconsistency entries. Reply:omNode-1<-omNode-2#625:FAIL-t6,INCONSISTENCY,nextIndex=57,followerCommit=56
2022-10-04 13:26:30,627 [grpc-default-executor-1] INFO  impl.SnapshotInstallationHandler (SnapshotInstallationHandler.java:installSnapshot(84)) - omNode-2@group-523986131536: receive installSnapshot: omNode-1->omNode-2#0-t6,notify:(t:6, i:59)
2022-10-04 13:26:30,627 [grpc-default-executor-1] INFO  impl.SnapshotInstallationHandler (SnapshotInstallationHandler.java:installSnapshot(95)) - omNode-2@group-523986131536: reply installSnapshot: omNode-1<-omNode-2#0:FAIL-t6,IN_PROGRESS
2022-10-04 13:26:30,627 [grpc-default-executor-1] INFO  server.GrpcServerProtocolService (GrpcServerProtocolService.java:onCompleted(140)) - omNode-2: Completed INSTALL_SNAPSHOT, lastRequest: omNode-1->omNode-2#0-t6,notify:(t:6, i:59)
2022-10-04 13:26:30,627 [grpc-default-executor-0] INFO  leader.FollowerInfo (FollowerInfoImpl.java:lambda$new$0(48)) - omNode-1@group-523986131536->omNode-2: nextIndex: updateUnconditionally 57 -> 57
2022-10-04 13:26:30,628 [grpc-default-executor-1] INFO  server.GrpcLogAppender (GrpcLogAppender.java:onNext(403)) - omNode-1@group-523986131536->omNode-2-InstallSnapshotResponseHandler: received a reply omNode-1<-omNode-2#0:FAIL-t6,IN_PROGRESS
2022-10-04 13:26:30,628 [grpc-default-executor-1] INFO  server.GrpcLogAppender (GrpcLogAppender.java:onNext(421)) - omNode-1@group-523986131536->omNode-2-InstallSnapshotResponseHandler: InstallSnapshot in progress.
2022-10-04 13:26:30,628 [omNode-1@group-523986131536->omNode-2-GrpcLogAppender-LogAppenderDaemon] INFO  server.GrpcLogAppender (GrpcLogAppender.java:installSnapshot(541)) - omNode-1@group-523986131536->omNode-2-GrpcLogAppender: followerNextIndex = 57 but logStartIndex = 59, notify follower to install snapshot-(t:6, i:59)
2022-10-04 13:26:30,628 [omNode-2-server-thread1] INFO  server.RaftServer$Division (RaftServerImpl.java:checkInconsistentAppendEntries(1402)) - omNode-2@group-523986131536: Failed appendEntries as snapshot (59) installation is in progress
2022-10-04 13:26:30,628 [omNode-2-server-thread1] INFO  server.RaftServer$Division (RaftServerImpl.java:checkInconsistentAppendEntries(1394)) - omNode-2@group-523986131536: inconsistency entries. Reply:omNode-1<-omNode-2#626:FAIL-t6,INCONSISTENCY,nextIndex=57,followerCommit=56
2022-10-04 13:26:30,628 [grpc-default-executor-0] INFO  leader.FollowerInfo (FollowerInfoImpl.java:lambda$new$0(48)) - omNode-1@group-523986131536->omNode-2: nextIndex: updateUnconditionally 57 -> 57
2022-10-04 13:26:30,632 [omNode-1@group-523986131536->omNode-2-GrpcLogAppender-LogAppenderDaemon] INFO  server.GrpcLogAppender (GrpcLogAppender.java:installSnapshot(549)) - omNode-1@group-523986131536->omNode-2-GrpcLogAppender: send omNode-1->omNode-2#0-t6,notify:(t:6, i:59)
2022-10-04 13:26:30,635 [grpc-default-executor-0] INFO  impl.SnapshotInstallationHandler (SnapshotInstallationHandler.java:installSnapshot(84)) - omNode-2@group-523986131536: receive installSnapshot: omNode-1->omNode-2#0-t6,notify:(t:6, i:59)
2022-10-04 13:26:30,635 [grpc-default-executor-0] INFO  impl.SnapshotInstallationHandler (SnapshotInstallationHandler.java:installSnapshot(95)) - omNode-2@group-523986131536: reply installSnapshot: omNode-1<-omNode-2#0:FAIL-t6,IN_PROGRESS
2022-10-04 13:26:30,635 [grpc-default-executor-0] INFO  server.GrpcServerProtocolService (GrpcServerProtocolService.java:onCompleted(140)) - omNode-2: Completed INSTALL_SNAPSHOT, lastRequest: omNode-1->omNode-2#0-t6,notify:(t:6, i:59)
2022-10-04 13:26:30,636 [grpc-default-executor-0] INFO  server.GrpcLogAppender (GrpcLogAppender.java:onNext(403)) - omNode-1@group-523986131536->omNode-2-InstallSnapshotResponseHandler: received a reply omNode-1<-omNode-2#0:FAIL-t6,IN_PROGRESS
2022-10-04 13:26:30,636 [grpc-default-executor-0] INFO  server.GrpcLogAppender (GrpcLogAppender.java:onNext(421)) - omNode-1@group-523986131536->omNode-2-InstallSnapshotResponseHandler: InstallSnapshot in progress.
2022-10-04 13:26:30,636 [omNode-1@group-523986131536->omNode-2-GrpcLogAppender-LogAppenderDaemon] INFO  server.GrpcLogAppender (GrpcLogAppender.java:installSnapshot(541)) - omNode-1@group-523986131536->omNode-2-GrpcLogAppender: followerNextIndex = 57 but logStartIndex = 59, notify follower to install snapshot-(t:6, i:59)
2022-10-04 13:26:30,636 [omNode-1@group-523986131536->omNode-2-GrpcLogAppender-LogAppenderDaemon] INFO  server.GrpcLogAppender (GrpcLogAppender.java:installSnapshot(549)) - omNode-1@group-523986131536->omNode-2-GrpcLogAppender: send omNode-1->omNode-2#0-t6,notify:(t:6, i:59)
2022-10-04 13:26:30,636 [omNode-2-server-thread1] INFO  server.RaftServer$Division (RaftServerImpl.java:checkInconsistentAppendEntries(1402)) - omNode-2@group-523986131536: Failed appendEntries as snapshot (59) installation is in progress
2022-10-04 13:26:30,636 [omNode-2-server-thread1] INFO  server.RaftServer$Division (RaftServerImpl.java:checkInconsistentAppendEntries(1394)) - omNode-2@group-523986131536: inconsistency entries. Reply:omNode-1<-omNode-2#627:FAIL-t6,INCONSISTENCY,nextIndex=57,followerCommit=56
2022-10-04 13:26:30,637 [grpc-default-executor-0] INFO  impl.SnapshotInstallationHandler (SnapshotInstallationHandler.java:installSnapshot(84)) - omNode-2@group-523986131536: receive installSnapshot: omNode-1->omNode-2#0-t6,notify:(t:6, i:59)
2022-10-04 13:26:30,637 [grpc-default-executor-1] INFO  leader.FollowerInfo (FollowerInfoImpl.java:lambda$new$0(48)) - omNode-1@group-523986131536->omNode-2: nextIndex: updateUnconditionally 57 -> 57
2022-10-04 13:26:30,637 [grpc-default-executor-0] INFO  impl.SnapshotInstallationHandler (SnapshotInstallationHandler.java:installSnapshot(95)) - omNode-2@group-523986131536: reply installSnapshot: omNode-1<-omNode-2#0:FAIL-t6,IN_PROGRESS
2022-10-04 13:26:30,637 [grpc-default-executor-0] INFO  server.GrpcServerProtocolService (GrpcServerProtocolService.java:onCompleted(140)) - omNode-2: Completed INSTALL_SNAPSHOT, lastRequest: omNode-1->omNode-2#0-t6,notify:(t:6, i:59)
2022-10-04 13:26:30,639 [grpc-default-executor-0] INFO  server.GrpcLogAppender (GrpcLogAppender.java:onNext(403)) - omNode-1@group-523986131536->omNode-2-InstallSnapshotResponseHandler: received a reply omNode-1<-omNode-2#0:FAIL-t6,IN_PROGRESS
2022-10-04 13:26:30,639 [grpc-default-executor-0] INFO  server.GrpcLogAppender (GrpcLogAppender.java:onNext(421)) - omNode-1@group-523986131536->omNode-2-InstallSnapshotResponseHandler: InstallSnapshot in progress.
2022-10-04 13:26:30,639 [omNode-1@group-523986131536->omNode-2-GrpcLogAppender-LogAppenderDaemon] INFO  server.GrpcLogAppender (GrpcLogAppender.java:installSnapshot(541)) - omNode-1@group-523986131536->omNode-2-GrpcLogAppender: followerNextIndex = 57 but logStartIndex = 59, notify follower to install snapshot-(t:6, i:59)
2022-10-04 13:26:30,639 [omNode-1@group-523986131536->omNode-2-GrpcLogAppender-LogAppenderDaemon] INFO  server.GrpcLogAppender (GrpcLogAppender.java:installSnapshot(549)) - omNode-1@group-523986131536->omNode-2-GrpcLogAppender: send omNode-1->omNode-2#0-t6,notify:(t:6, i:59)
2022-10-04 13:26:30,640 [omNode-2-server-thread1] INFO  server.RaftServer$Division (RaftServerImpl.java:checkInconsistentAppendEntries(1402)) - omNode-2@group-523986131536: Failed appendEntries as snapshot (59) installation is in progress
2022-10-04 13:26:30,640 [omNode-2-server-thread1] INFO  server.RaftServer$Division (RaftServerImpl.java:checkInconsistentAppendEntries(1394)) - omNode-2@group-523986131536: inconsistency entries. Reply:omNode-1<-omNode-2#628:FAIL-t6,INCONSISTENCY,nextIndex=57,followerCommit=56
2022-10-04 13:26:30,640 [grpc-default-executor-1] INFO  impl.SnapshotInstallationHandler (SnapshotInstallationHandler.java:installSnapshot(84)) - omNode-2@group-523986131536: receive installSnapshot: omNode-1->omNode-2#0-t6,notify:(t:6, i:59)
2022-10-04 13:26:30,641 [grpc-default-executor-1] INFO  impl.SnapshotInstallationHandler (SnapshotInstallationHandler.java:installSnapshot(95)) - omNode-2@group-523986131536: reply installSnapshot: omNode-1<-omNode-2#0:FAIL-t6,IN_PROGRESS
2022-10-04 13:26:30,641 [grpc-default-executor-2] INFO  leader.FollowerInfo (FollowerInfoImpl.java:lambda$new$0(48)) - omNode-1@group-523986131536->omNode-2: nextIndex: updateUnconditionally 57 -> 57
2022-10-04 13:26:30,641 [grpc-default-executor-1] INFO  server.GrpcServerProtocolService (GrpcServerProtocolService.java:onCompleted(140)) - omNode-2: Completed INSTALL_SNAPSHOT, lastRequest: omNode-1->omNode-2#0-t6,notify:(t:6, i:59)
2022-10-04 13:26:30,642 [grpc-default-executor-1] INFO  server.GrpcLogAppender (GrpcLogAppender.java:onNext(403)) - omNode-1@group-523986131536->omNode-2-InstallSnapshotResponseHandler: received a reply omNode-1<-omNode-2#0:FAIL-t6,IN_PROGRESS
2022-10-04 13:26:30,642 [grpc-default-executor-1] INFO  server.GrpcLogAppender (GrpcLogAppender.java:onNext(421)) - omNode-1@group-523986131536->omNode-2-InstallSnapshotResponseHandler: InstallSnapshot in progress.
2022-10-04 13:26:30,646 [omNode-1@group-523986131536->omNode-2-GrpcLogAppender-LogAppenderDaemon] INFO  server.GrpcLogAppender (GrpcLogAppender.java:installSnapshot(541)) - omNode-1@group-523986131536->omNode-2-GrpcLogAppender: followerNextIndex = 57 but logStartIndex = 59, notify follower to install snapshot-(t:6, i:59)
2022-10-04 13:26:30,646 [omNode-1@group-523986131536->omNode-2-GrpcLogAppender-LogAppenderDaemon] INFO  server.GrpcLogAppender (GrpcLogAppender.java:installSnapshot(549)) - omNode-1@group-523986131536->omNode-2-GrpcLogAppender: send omNode-1->omNode-2#0-t6,notify:(t:6, i:59)
2022-10-04 13:26:30,646 [omNode-2-server-thread1] INFO  server.RaftServer$Division (RaftServerImpl.java:checkInconsistentAppendEntries(1402)) - omNode-2@group-523986131536: Failed appendEntries as snapshot (59) installation is in progress
2022-10-04 13:26:30,646 [omNode-2-server-thread1] INFO  server.RaftServer$Division (RaftServerImpl.java:checkInconsistentAppendEntries(1394)) - omNode-2@group-523986131536: inconsistency entries. Reply:omNode-1<-omNode-2#629:FAIL-t6,INCONSISTENCY,nextIndex=57,followerCommit=56
2022-10-04 13:26:30,647 [grpc-default-executor-2] INFO  impl.SnapshotInstallationHandler (SnapshotInstallationHandler.java:installSnapshot(84)) - omNode-2@group-523986131536: receive installSnapshot: omNode-1->omNode-2#0-t6,notify:(t:6, i:59)
2022-10-04 13:26:30,647 [grpc-default-executor-2] INFO  impl.SnapshotInstallationHandler (SnapshotInstallationHandler.java:installSnapshot(95)) - omNode-2@group-523986131536: reply installSnapshot: omNode-1<-omNode-2#0:FAIL-t6,IN_PROGRESS
2022-10-04 13:26:30,647 [grpc-default-executor-2] INFO  server.GrpcServerProtocolService (GrpcServerProtocolService.java:onCompleted(140)) - omNode-2: Completed INSTALL_SNAPSHOT, lastRequest: omNode-1->omNode-2#0-t6,notify:(t:6, i:59)
2022-10-04 13:26:30,648 [grpc-default-executor-1] INFO  leader.FollowerInfo (FollowerInfoImpl.java:lambda$new$0(48)) - omNode-1@group-523986131536->omNode-2: nextIndex: updateUnconditionally 57 -> 57
2022-10-04 13:26:30,648 [grpc-default-executor-2] INFO  server.GrpcLogAppender (GrpcLogAppender.java:onNext(403)) - omNode-1@group-523986131536->omNode-2-InstallSnapshotResponseHandler: received a reply omNode-1<-omNode-2#0:FAIL-t6,IN_PROGRESS
2022-10-04 13:26:30,648 [grpc-default-executor-2] INFO  server.GrpcLogAppender (GrpcLogAppender.java:onNext(421)) - omNode-1@group-523986131536->omNode-2-InstallSnapshotResponseHandler: InstallSnapshot in progress.
2022-10-04 13:26:30,648 [omNode-1@group-523986131536->omNode-2-GrpcLogAppender-LogAppenderDaemon] INFO  server.GrpcLogAppender (GrpcLogAppender.java:installSnapshot(541)) - omNode-1@group-523986131536->omNode-2-GrpcLogAppender: followerNextIndex = 57 but logStartIndex = 59, notify follower to install snapshot-(t:6, i:59)
2022-10-04 13:26:30,648 [omNode-1@group-523986131536->omNode-2-GrpcLogAppender-LogAppenderDaemon] INFO  server.GrpcLogAppender (GrpcLogAppender.java:installSnapshot(549)) - omNode-1@group-523986131536->omNode-2-GrpcLogAppender: send omNode-1->omNode-2#0-t6,notify:(t:6, i:59)
2022-10-04 13:26:30,649 [omNode-2-server-thread1] INFO  server.RaftServer$Division (RaftServerImpl.java:checkInconsistentAppendEntries(1402)) - omNode-2@group-523986131536: Failed appendEntries as snapshot (59) installation is in progress
2022-10-04 13:26:30,649 [omNode-2-server-thread1] INFO  server.RaftServer$Division (RaftServerImpl.java:checkInconsistentAppendEntries(1394)) - omNode-2@group-523986131536: inconsistency entries. Reply:omNode-1<-omNode-2#630:FAIL-t6,INCONSISTENCY,nextIndex=57,followerCommit=56
2022-10-04 13:26:30,649 [grpc-default-executor-3] INFO  leader.FollowerInfo (FollowerInfoImpl.java:lambda$new$0(48)) - omNode-1@group-523986131536->omNode-2: nextIndex: updateUnconditionally 57 -> 57
2022-10-04 13:26:30,650 [grpc-default-executor-0] INFO  impl.SnapshotInstallationHandler (SnapshotInstallationHandler.java:installSnapshot(84)) - omNode-2@group-523986131536: receive installSnapshot: omNode-1->omNode-2#0-t6,notify:(t:6, i:59)
2022-10-04 13:26:30,651 [grpc-default-executor-0] INFO  impl.SnapshotInstallationHandler (SnapshotInstallationHandler.java:installSnapshot(95)) - omNode-2@group-523986131536: reply installSnapshot: omNode-1<-omNode-2#0:FAIL-t6,IN_PROGRESS
2022-10-04 13:26:30,651 [grpc-default-executor-0] INFO  server.GrpcServerProtocolService (GrpcServerProtocolService.java:onCompleted(140)) - omNode-2: Completed INSTALL_SNAPSHOT, lastRequest: omNode-1->omNode-2#0-t6,notify:(t:6, i:59)
2022-10-04 13:26:30,657 [grpc-default-executor-0] INFO  server.GrpcLogAppender (GrpcLogAppender.java:onNext(403)) - omNode-1@group-523986131536->omNode-2-InstallSnapshotResponseHandler: received a reply omNode-1<-omNode-2#0:FAIL-t6,IN_PROGRESS
2022-10-04 13:26:30,657 [grpc-default-executor-0] INFO  server.GrpcLogAppender (GrpcLogAppender.java:onNext(421)) - omNode-1@group-523986131536->omNode-2-InstallSnapshotResponseHandler: InstallSnapshot in progress.
2022-10-04 13:26:30,657 [omNode-1@group-523986131536->omNode-2-GrpcLogAppender-LogAppenderDaemon] INFO  server.GrpcLogAppender (GrpcLogAppender.java:installSnapshot(541)) - omNode-1@group-523986131536->omNode-2-GrpcLogAppender: followerNextIndex = 57 but logStartIndex = 59, notify follower to install snapshot-(t:6, i:59)
2022-10-04 13:26:30,657 [omNode-1@group-523986131536->omNode-2-GrpcLogAppender-LogAppenderDaemon] INFO  server.GrpcLogAppender (GrpcLogAppender.java:installSnapshot(549)) - omNode-1@group-523986131536->omNode-2-GrpcLogAppender: send omNode-1->omNode-2#0-t6,notify:(t:6, i:59)
2022-10-04 13:26:30,658 [omNode-2-server-thread1] INFO  server.RaftServer$Division (RaftServerImpl.java:checkInconsistentAppendEntries(1402)) - omNode-2@group-523986131536: Failed appendEntries as snapshot (59) installation is in progress
2022-10-04 13:26:30,658 [omNode-2-server-thread1] INFO  server.RaftServer$Division (RaftServerImpl.java:checkInconsistentAppendEntries(1394)) - omNode-2@group-523986131536: inconsistency entries. Reply:omNode-1<-omNode-2#631:FAIL-t6,INCONSISTENCY,nextIndex=57,followerCommit=56
2022-10-04 13:26:30,658 [grpc-default-executor-0] INFO  impl.SnapshotInstallationHandler (SnapshotInstallationHandler.java:installSnapshot(84)) - omNode-2@group-523986131536: receive installSnapshot: omNode-1->omNode-2#0-t6,notify:(t:6, i:59)
2022-10-04 13:26:30,659 [grpc-default-executor-0] INFO  impl.SnapshotInstallationHandler (SnapshotInstallationHandler.java:installSnapshot(95)) - omNode-2@group-523986131536: reply installSnapshot: omNode-1<-omNode-2#0:FAIL-t6,IN_PROGRESS
2022-10-04 13:26:30,659 [grpc-default-executor-0] INFO  server.GrpcServerProtocolService (GrpcServerProtocolService.java:onCompleted(140)) - omNode-2: Completed INSTALL_SNAPSHOT, lastRequest: omNode-1->omNode-2#0-t6,notify:(t:6, i:59)
2022-10-04 13:26:30,659 [grpc-default-executor-2] INFO  leader.FollowerInfo (FollowerInfoImpl.java:lambda$new$0(48)) - omNode-1@group-523986131536->omNode-2: nextIndex: updateUnconditionally 57 -> 57
2022-10-04 13:26:30,659 [grpc-default-executor-0] INFO  server.GrpcLogAppender (GrpcLogAppender.java:onNext(403)) - omNode-1@group-523986131536->omNode-2-InstallSnapshotResponseHandler: received a reply omNode-1<-omNode-2#0:FAIL-t6,IN_PROGRESS
2022-10-04 13:26:30,659 [grpc-default-executor-0] INFO  server.GrpcLogAppender (GrpcLogAppender.java:onNext(421)) - omNode-1@group-523986131536->omNode-2-InstallSnapshotResponseHandler: InstallSnapshot in progress.
2022-10-04 13:26:30,659 [omNode-1@group-523986131536->omNode-2-GrpcLogAppender-LogAppenderDaemon] INFO  server.GrpcLogAppender (GrpcLogAppender.java:installSnapshot(541)) - omNode-1@group-523986131536->omNode-2-GrpcLogAppender: followerNextIndex = 57 but logStartIndex = 59, notify follower to install snapshot-(t:6, i:59)
2022-10-04 13:26:30,660 [omNode-1@group-523986131536->omNode-2-GrpcLogAppender-LogAppenderDaemon] INFO  server.GrpcLogAppender (GrpcLogAppender.java:installSnapshot(549)) - omNode-1@group-523986131536->omNode-2-GrpcLogAppender: send omNode-1->omNode-2#0-t6,notify:(t:6, i:59)
2022-10-04 13:26:30,660 [omNode-2-server-thread1] INFO  server.RaftServer$Division (RaftServerImpl.java:checkInconsistentAppendEntries(1402)) - omNode-2@group-523986131536: Failed appendEntries as snapshot (59) installation is in progress
2022-10-04 13:26:30,660 [omNode-2-server-thread1] INFO  server.RaftServer$Division (RaftServerImpl.java:checkInconsistentAppendEntries(1394)) - omNode-2@group-523986131536: inconsistency entries. Reply:omNode-1<-omNode-2#632:FAIL-t6,INCONSISTENCY,nextIndex=57,followerCommit=56
2022-10-04 13:26:30,661 [grpc-default-executor-2] INFO  impl.SnapshotInstallationHandler (SnapshotInstallationHandler.java:installSnapshot(84)) - omNode-2@group-523986131536: receive installSnapshot: omNode-1->omNode-2#0-t6,notify:(t:6, i:59)
2022-10-04 13:26:30,661 [grpc-default-executor-2] INFO  impl.SnapshotInstallationHandler (SnapshotInstallationHandler.java:installSnapshot(95)) - omNode-2@group-523986131536: reply installSnapshot: omNode-1<-omNode-2#0:FAIL-t6,IN_PROGRESS
2022-10-04 13:26:30,661 [grpc-default-executor-2] INFO  server.GrpcServerProtocolService (GrpcServerProtocolService.java:onCompleted(140)) - omNode-2: Completed INSTALL_SNAPSHOT, lastRequest: omNode-1->omNode-2#0-t6,notify:(t:6, i:59)
2022-10-04 13:26:30,663 [grpc-default-executor-2] INFO  leader.FollowerInfo (FollowerInfoImpl.java:lambda$new$0(48)) - omNode-1@group-523986131536->omNode-2: nextIndex: updateUnconditionally 57 -> 57
2022-10-04 13:26:30,663 [grpc-default-executor-0] INFO  server.GrpcLogAppender (GrpcLogAppender.java:onNext(403)) - omNode-1@group-523986131536->omNode-2-InstallSnapshotResponseHandler: received a reply omNode-1<-omNode-2#0:FAIL-t6,IN_PROGRESS
2022-10-04 13:26:30,663 [grpc-default-executor-0] INFO  server.GrpcLogAppender (GrpcLogAppender.java:onNext(421)) - omNode-1@group-523986131536->omNode-2-InstallSnapshotResponseHandler: InstallSnapshot in progress.
2022-10-04 13:26:30,663 [omNode-1@group-523986131536->omNode-2-GrpcLogAppender-LogAppenderDaemon] INFO  server.GrpcLogAppender (GrpcLogAppender.java:installSnapshot(541)) - omNode-1@group-523986131536->omNode-2-GrpcLogAppender: followerNextIndex = 57 but logStartIndex = 59, notify follower to install snapshot-(t:6, i:59)
2022-10-04 13:26:30,663 [omNode-1@group-523986131536->omNode-2-GrpcLogAppender-LogAppenderDaemon] INFO  server.GrpcLogAppender (GrpcLogAppender.java:installSnapshot(549)) - omNode-1@group-523986131536->omNode-2-GrpcLogAppender: send omNode-1->omNode-2#0-t6,notify:(t:6, i:59)
2022-10-04 13:26:30,665 [omNode-2-server-thread1] INFO  server.RaftServer$Division (RaftServerImpl.java:checkInconsistentAppendEntries(1402)) - omNode-2@group-523986131536: Failed appendEntries as snapshot (59) installation is in progress
2022-10-04 13:26:30,665 [omNode-2-server-thread1] INFO  server.RaftServer$Division (RaftServerImpl.java:checkInconsistentAppendEntries(1394)) - omNode-2@group-523986131536: inconsistency entries. Reply:omNode-1<-omNode-2#633:FAIL-t6,INCONSISTENCY,nextIndex=57,followerCommit=56
2022-10-04 13:26:30,665 [grpc-default-executor-0] INFO  impl.SnapshotInstallationHandler (SnapshotInstallationHandler.java:installSnapshot(84)) - omNode-2@group-523986131536: receive installSnapshot: omNode-1->omNode-2#0-t6,notify:(t:6, i:59)
2022-10-04 13:26:30,665 [grpc-default-executor-0] INFO  impl.SnapshotInstallationHandler (SnapshotInstallationHandler.java:installSnapshot(95)) - omNode-2@group-523986131536: reply installSnapshot: omNode-1<-omNode-2#0:FAIL-t6,IN_PROGRESS
2022-10-04 13:26:30,665 [grpc-default-executor-0] INFO  server.GrpcServerProtocolService (GrpcServerProtocolService.java:onCompleted(140)) - omNode-2: Completed INSTALL_SNAPSHOT, lastRequest: omNode-1->omNode-2#0-t6,notify:(t:6, i:59)
2022-10-04 13:26:30,666 [grpc-default-executor-2] INFO  leader.FollowerInfo (FollowerInfoImpl.java:lambda$new$0(48)) - omNode-1@group-523986131536->omNode-2: nextIndex: updateUnconditionally 57 -> 57
2022-10-04 13:26:30,666 [grpc-default-executor-0] INFO  server.GrpcLogAppender (GrpcLogAppender.java:onNext(403)) - omNode-1@group-523986131536->omNode-2-InstallSnapshotResponseHandler: received a reply omNode-1<-omNode-2#0:FAIL-t6,IN_PROGRESS
2022-10-04 13:26:30,666 [grpc-default-executor-0] INFO  server.GrpcLogAppender (GrpcLogAppender.java:onNext(421)) - omNode-1@group-523986131536->omNode-2-InstallSnapshotResponseHandler: InstallSnapshot in progress.
2022-10-04 13:26:30,666 [omNode-1@group-523986131536->omNode-2-GrpcLogAppender-LogAppenderDaemon] INFO  server.GrpcLogAppender (GrpcLogAppender.java:installSnapshot(541)) - omNode-1@group-523986131536->omNode-2-GrpcLogAppender: followerNextIndex = 57 but logStartIndex = 59, notify follower to install snapshot-(t:6, i:59)
2022-10-04 13:26:30,666 [omNode-1@group-523986131536->omNode-2-GrpcLogAppender-LogAppenderDaemon] INFO  server.GrpcLogAppender (GrpcLogAppender.java:installSnapshot(549)) - omNode-1@group-523986131536->omNode-2-GrpcLogAppender: send omNode-1->omNode-2#0-t6,notify:(t:6, i:59)
2022-10-04 13:26:30,668 [omNode-2-server-thread1] INFO  server.RaftServer$Division (RaftServerImpl.java:checkInconsistentAppendEntries(1402)) - omNode-2@group-523986131536: Failed appendEntries as snapshot (59) installation is in progress
2022-10-04 13:26:30,668 [omNode-2-server-thread1] INFO  server.RaftServer$Division (RaftServerImpl.java:checkInconsistentAppendEntries(1394)) - omNode-2@group-523986131536: inconsistency entries. Reply:omNode-1<-omNode-2#634:FAIL-t6,INCONSISTENCY,nextIndex=57,followerCommit=56
2022-10-04 13:26:30,668 [grpc-default-executor-2] INFO  impl.SnapshotInstallationHandler (SnapshotInstallationHandler.java:installSnapshot(84)) - omNode-2@group-523986131536: receive installSnapshot: omNode-1->omNode-2#0-t6,notify:(t:6, i:59)
2022-10-04 13:26:30,669 [grpc-default-executor-2] INFO  impl.SnapshotInstallationHandler (SnapshotInstallationHandler.java:installSnapshot(95)) - omNode-2@group-523986131536: reply installSnapshot: omNode-1<-omNode-2#0:FAIL-t6,IN_PROGRESS
2022-10-04 13:26:30,669 [grpc-default-executor-2] INFO  server.GrpcServerProtocolService (GrpcServerProtocolService.java:onCompleted(140)) - omNode-2: Completed INSTALL_SNAPSHOT, lastRequest: omNode-1->omNode-2#0-t6,notify:(t:6, i:59)
2022-10-04 13:26:30,670 [grpc-default-executor-2] INFO  leader.FollowerInfo (FollowerInfoImpl.java:lambda$new$0(48)) - omNode-1@group-523986131536->omNode-2: nextIndex: updateUnconditionally 57 -> 57
2022-10-04 13:26:30,670 [grpc-default-executor-0] INFO  server.GrpcLogAppender (GrpcLogAppender.java:onNext(403)) - omNode-1@group-523986131536->omNode-2-InstallSnapshotResponseHandler: received a reply omNode-1<-omNode-2#0:FAIL-t6,IN_PROGRESS
2022-10-04 13:26:30,670 [grpc-default-executor-0] INFO  server.GrpcLogAppender (GrpcLogAppender.java:onNext(421)) - omNode-1@group-523986131536->omNode-2-InstallSnapshotResponseHandler: InstallSnapshot in progress.
2022-10-04 13:26:30,670 [omNode-1@group-523986131536->omNode-2-GrpcLogAppender-LogAppenderDaemon] INFO  server.GrpcLogAppender (GrpcLogAppender.java:installSnapshot(541)) - omNode-1@group-523986131536->omNode-2-GrpcLogAppender: followerNextIndex = 57 but logStartIndex = 59, notify follower to install snapshot-(t:6, i:59)
2022-10-04 13:26:30,670 [omNode-1@group-523986131536->omNode-2-GrpcLogAppender-LogAppenderDaemon] INFO  server.GrpcLogAppender (GrpcLogAppender.java:installSnapshot(549)) - omNode-1@group-523986131536->omNode-2-GrpcLogAppender: send omNode-1->omNode-2#0-t6,notify:(t:6, i:59)
2022-10-04 13:26:30,671 [pool-366-thread-1] INFO  om.OzoneManager (OzoneManager.java:instantiateServices(710)) - S3 Multi-Tenancy is disabled
2022-10-04 13:26:30,671 [omNode-2-server-thread1] INFO  server.RaftServer$Division (RaftServerImpl.java:checkInconsistentAppendEntries(1402)) - omNode-2@group-523986131536: Failed appendEntries as snapshot (59) installation is in progress
2022-10-04 13:26:30,671 [omNode-2-server-thread1] INFO  server.RaftServer$Division (RaftServerImpl.java:checkInconsistentAppendEntries(1394)) - omNode-2@group-523986131536: inconsistency entries. Reply:omNode-1<-omNode-2#635:FAIL-t6,INCONSISTENCY,nextIndex=57,followerCommit=56
2022-10-04 13:26:30,671 [grpc-default-executor-0] INFO  impl.SnapshotInstallationHandler (SnapshotInstallationHandler.java:installSnapshot(84)) - omNode-2@group-523986131536: receive installSnapshot: omNode-1->omNode-2#0-t6,notify:(t:6, i:59)
2022-10-04 13:26:30,672 [grpc-default-executor-0] INFO  impl.SnapshotInstallationHandler (SnapshotInstallationHandler.java:installSnapshot(95)) - omNode-2@group-523986131536: reply installSnapshot: omNode-1<-omNode-2#0:FAIL-t6,IN_PROGRESS
2022-10-04 13:26:30,672 [grpc-default-executor-0] INFO  server.GrpcServerProtocolService (GrpcServerProtocolService.java:onCompleted(140)) - omNode-2: Completed INSTALL_SNAPSHOT, lastRequest: omNode-1->omNode-2#0-t6,notify:(t:6, i:59)
2022-10-04 13:26:30,672 [grpc-default-executor-2] INFO  server.GrpcLogAppender (GrpcLogAppender.java:onNext(403)) - omNode-1@group-523986131536->omNode-2-InstallSnapshotResponseHandler: received a reply omNode-1<-omNode-2#0:FAIL-t6,IN_PROGRESS
2022-10-04 13:26:30,672 [grpc-default-executor-2] INFO  server.GrpcLogAppender (GrpcLogAppender.java:onNext(421)) - omNode-1@group-523986131536->omNode-2-InstallSnapshotResponseHandler: InstallSnapshot in progress.
2022-10-04 13:26:30,675 [omNode-1@group-523986131536->omNode-2-GrpcLogAppender-LogAppenderDaemon] INFO  server.GrpcLogAppender (GrpcLogAppender.java:installSnapshot(541)) - omNode-1@group-523986131536->omNode-2-GrpcLogAppender: followerNextIndex = 57 but logStartIndex = 59, notify follower to install snapshot-(t:6, i:59)
2022-10-04 13:26:30,675 [omNode-1@group-523986131536->omNode-2-GrpcLogAppender-LogAppenderDaemon] INFO  server.GrpcLogAppender (GrpcLogAppender.java:installSnapshot(549)) - omNode-1@group-523986131536->omNode-2-GrpcLogAppender: send omNode-1->omNode-2#0-t6,notify:(t:6, i:59)
2022-10-04 13:26:30,675 [grpc-default-executor-0] INFO  leader.FollowerInfo (FollowerInfoImpl.java:lambda$new$0(48)) - omNode-1@group-523986131536->omNode-2: nextIndex: updateUnconditionally 57 -> 57
2022-10-04 13:26:30,676 [pool-366-thread-1] INFO  om.OzoneManager (OzoneManager.java:startTrashEmptier(1921)) - Trash Interval set to 0. Files deleted won't move to trash
2022-10-04 13:26:30,676 [pool-366-thread-1] INFO  ratis.OzoneManagerStateMachine (OzoneManagerStateMachine.java:unpause(406)) - OzoneManagerStateMachine is un-pausing
2022-10-04 13:26:30,677 [omNode-2-server-thread1] INFO  server.RaftServer$Division (RaftServerImpl.java:checkInconsistentAppendEntries(1402)) - omNode-2@group-523986131536: Failed appendEntries as snapshot (59) installation is in progress
2022-10-04 13:26:30,678 [omNode-2-server-thread1] INFO  server.RaftServer$Division (RaftServerImpl.java:checkInconsistentAppendEntries(1394)) - omNode-2@group-523986131536: inconsistency entries. Reply:omNode-1<-omNode-2#636:FAIL-t6,INCONSISTENCY,nextIndex=57,followerCommit=56
2022-10-04 13:26:30,678 [grpc-default-executor-2] INFO  impl.SnapshotInstallationHandler (SnapshotInstallationHandler.java:installSnapshot(84)) - omNode-2@group-523986131536: receive installSnapshot: omNode-1->omNode-2#0-t6,notify:(t:6, i:59)
2022-10-04 13:26:30,678 [grpc-default-executor-2] INFO  impl.SnapshotInstallationHandler (SnapshotInstallationHandler.java:installSnapshot(95)) - omNode-2@group-523986131536: reply installSnapshot: omNode-1<-omNode-2#0:FAIL-t6,IN_PROGRESS
2022-10-04 13:26:30,678 [grpc-default-executor-2] INFO  server.GrpcServerProtocolService (GrpcServerProtocolService.java:onCompleted(140)) - omNode-2: Completed INSTALL_SNAPSHOT, lastRequest: omNode-1->omNode-2#0-t6,notify:(t:6, i:59)
2022-10-04 13:26:30,678 [grpc-default-executor-0] INFO  leader.FollowerInfo (FollowerInfoImpl.java:lambda$new$0(48)) - omNode-1@group-523986131536->omNode-2: nextIndex: updateUnconditionally 57 -> 57
2022-10-04 13:26:30,678 [grpc-default-executor-2] INFO  server.GrpcLogAppender (GrpcLogAppender.java:onNext(403)) - omNode-1@group-523986131536->omNode-2-InstallSnapshotResponseHandler: received a reply omNode-1<-omNode-2#0:FAIL-t6,IN_PROGRESS
2022-10-04 13:26:30,678 [grpc-default-executor-2] INFO  server.GrpcLogAppender (GrpcLogAppender.java:onNext(421)) - omNode-1@group-523986131536->omNode-2-InstallSnapshotResponseHandler: InstallSnapshot in progress.
2022-10-04 13:26:30,679 [omNode-1@group-523986131536->omNode-2-GrpcLogAppender-LogAppenderDaemon] INFO  server.GrpcLogAppender (GrpcLogAppender.java:installSnapshot(541)) - omNode-1@group-523986131536->omNode-2-GrpcLogAppender: followerNextIndex = 57 but logStartIndex = 59, notify follower to install snapshot-(t:6, i:59)
2022-10-04 13:26:30,679 [omNode-1@group-523986131536->omNode-2-GrpcLogAppender-LogAppenderDaemon] INFO  server.GrpcLogAppender (GrpcLogAppender.java:installSnapshot(549)) - omNode-1@group-523986131536->omNode-2-GrpcLogAppender: send omNode-1->omNode-2#0-t6,notify:(t:6, i:59)
2022-10-04 13:26:30,679 [pool-366-thread-1] INFO  om.OzoneManager (OzoneManager.java:installCheckpoint(3778)) - Reloaded OM state with Term: 6 and Index: 129. Spend 217 ms
2022-10-04 13:26:30,679 [pool-366-thread-1] INFO  om.OzoneManager (OzoneManager.java:getRpcServer(1100)) - Creating RPC Server
2022-10-04 13:26:30,681 [omNode-2-server-thread1] INFO  server.RaftServer$Division (RaftServerImpl.java:checkInconsistentAppendEntries(1402)) - omNode-2@group-523986131536: Failed appendEntries as snapshot (59) installation is in progress
2022-10-04 13:26:30,681 [omNode-2-server-thread1] INFO  server.RaftServer$Division (RaftServerImpl.java:checkInconsistentAppendEntries(1394)) - omNode-2@group-523986131536: inconsistency entries. Reply:omNode-1<-omNode-2#637:FAIL-t6,INCONSISTENCY,nextIndex=57,followerCommit=56
2022-10-04 13:26:30,681 [grpc-default-executor-2] INFO  impl.SnapshotInstallationHandler (SnapshotInstallationHandler.java:installSnapshot(84)) - omNode-2@group-523986131536: receive installSnapshot: omNode-1->omNode-2#0-t6,notify:(t:6, i:59)
2022-10-04 13:26:30,681 [grpc-default-executor-2] INFO  impl.SnapshotInstallationHandler (SnapshotInstallationHandler.java:installSnapshot(95)) - omNode-2@group-523986131536: reply installSnapshot: omNode-1<-omNode-2#0:FAIL-t6,IN_PROGRESS
2022-10-04 13:26:30,682 [grpc-default-executor-2] INFO  server.GrpcServerProtocolService (GrpcServerProtocolService.java:onCompleted(140)) - omNode-2: Completed INSTALL_SNAPSHOT, lastRequest: omNode-1->omNode-2#0-t6,notify:(t:6, i:59)
2022-10-04 13:26:30,682 [grpc-default-executor-3] INFO  leader.FollowerInfo (FollowerInfoImpl.java:lambda$new$0(48)) - omNode-1@group-523986131536->omNode-2: nextIndex: updateUnconditionally 57 -> 57
2022-10-04 13:26:30,682 [grpc-default-executor-2] INFO  server.GrpcLogAppender (GrpcLogAppender.java:onNext(403)) - omNode-1@group-523986131536->omNode-2-InstallSnapshotResponseHandler: received a reply omNode-1<-omNode-2#0:FAIL-t6,IN_PROGRESS
2022-10-04 13:26:30,682 [grpc-default-executor-2] INFO  server.GrpcLogAppender (GrpcLogAppender.java:onNext(421)) - omNode-1@group-523986131536->omNode-2-InstallSnapshotResponseHandler: InstallSnapshot in progress.
2022-10-04 13:26:30,683 [omNode-1@group-523986131536->omNode-2-GrpcLogAppender-LogAppenderDaemon] INFO  server.GrpcLogAppender (GrpcLogAppender.java:installSnapshot(541)) - omNode-1@group-523986131536->omNode-2-GrpcLogAppender: followerNextIndex = 57 but logStartIndex = 59, notify follower to install snapshot-(t:6, i:59)
2022-10-04 13:26:30,683 [omNode-1@group-523986131536->omNode-2-GrpcLogAppender-LogAppenderDaemon] INFO  server.GrpcLogAppender (GrpcLogAppender.java:installSnapshot(549)) - omNode-1@group-523986131536->omNode-2-GrpcLogAppender: send omNode-1->omNode-2#0-t6,notify:(t:6, i:59)
2022-10-04 13:26:30,683 [omNode-2-server-thread1] INFO  server.RaftServer$Division (RaftServerImpl.java:checkInconsistentAppendEntries(1402)) - omNode-2@group-523986131536: Failed appendEntries as snapshot (59) installation is in progress
2022-10-04 13:26:30,683 [omNode-2-server-thread1] INFO  server.RaftServer$Division (RaftServerImpl.java:checkInconsistentAppendEntries(1394)) - omNode-2@group-523986131536: inconsistency entries. Reply:omNode-1<-omNode-2#638:FAIL-t6,INCONSISTENCY,nextIndex=57,followerCommit=56
2022-10-04 13:26:30,684 [grpc-default-executor-2] INFO  impl.SnapshotInstallationHandler (SnapshotInstallationHandler.java:installSnapshot(84)) - omNode-2@group-523986131536: receive installSnapshot: omNode-1->omNode-2#0-t6,notify:(t:6, i:59)
2022-10-04 13:26:30,684 [grpc-default-executor-2] INFO  impl.SnapshotInstallationHandler (SnapshotInstallationHandler.java:installSnapshot(95)) - omNode-2@group-523986131536: reply installSnapshot: omNode-1<-omNode-2#0:FAIL-t6,IN_PROGRESS
2022-10-04 13:26:30,684 [grpc-default-executor-2] INFO  server.GrpcServerProtocolService (GrpcServerProtocolService.java:onCompleted(140)) - omNode-2: Completed INSTALL_SNAPSHOT, lastRequest: omNode-1->omNode-2#0-t6,notify:(t:6, i:59)
2022-10-04 13:26:30,684 [grpc-default-executor-3] INFO  leader.FollowerInfo (FollowerInfoImpl.java:lambda$new$0(48)) - omNode-1@group-523986131536->omNode-2: nextIndex: updateUnconditionally 57 -> 57
2022-10-04 13:26:30,685 [grpc-default-executor-3] INFO  server.GrpcLogAppender (GrpcLogAppender.java:onNext(403)) - omNode-1@group-523986131536->omNode-2-InstallSnapshotResponseHandler: received a reply omNode-1<-omNode-2#0:FAIL-t6,IN_PROGRESS
2022-10-04 13:26:30,685 [grpc-default-executor-3] INFO  server.GrpcLogAppender (GrpcLogAppender.java:onNext(421)) - omNode-1@group-523986131536->omNode-2-InstallSnapshotResponseHandler: InstallSnapshot in progress.
2022-10-04 13:26:30,685 [omNode-1@group-523986131536->omNode-2-GrpcLogAppender-LogAppenderDaemon] INFO  server.GrpcLogAppender (GrpcLogAppender.java:installSnapshot(541)) - omNode-1@group-523986131536->omNode-2-GrpcLogAppender: followerNextIndex = 57 but logStartIndex = 59, notify follower to install snapshot-(t:6, i:59)
2022-10-04 13:26:30,685 [omNode-1@group-523986131536->omNode-2-GrpcLogAppender-LogAppenderDaemon] INFO  server.GrpcLogAppender (GrpcLogAppender.java:installSnapshot(549)) - omNode-1@group-523986131536->omNode-2-GrpcLogAppender: send omNode-1->omNode-2#0-t6,notify:(t:6, i:59)
2022-10-04 13:26:30,689 [omNode-2-server-thread1] INFO  server.RaftServer$Division (RaftServerImpl.java:checkInconsistentAppendEntries(1402)) - omNode-2@group-523986131536: Failed appendEntries as snapshot (59) installation is in progress
2022-10-04 13:26:30,690 [omNode-2-server-thread1] INFO  server.RaftServer$Division (RaftServerImpl.java:checkInconsistentAppendEntries(1394)) - omNode-2@group-523986131536: inconsistency entries. Reply:omNode-1<-omNode-2#639:FAIL-t6,INCONSISTENCY,nextIndex=57,followerCommit=56
2022-10-04 13:26:30,690 [grpc-default-executor-3] INFO  impl.SnapshotInstallationHandler (SnapshotInstallationHandler.java:installSnapshot(84)) - omNode-2@group-523986131536: receive installSnapshot: omNode-1->omNode-2#0-t6,notify:(t:6, i:59)
2022-10-04 13:26:30,690 [grpc-default-executor-3] INFO  impl.SnapshotInstallationHandler (SnapshotInstallationHandler.java:installSnapshot(95)) - omNode-2@group-523986131536: reply installSnapshot: omNode-1<-omNode-2#0:FAIL-t6,IN_PROGRESS
2022-10-04 13:26:30,690 [grpc-default-executor-3] INFO  server.GrpcServerProtocolService (GrpcServerProtocolService.java:onCompleted(140)) - omNode-2: Completed INSTALL_SNAPSHOT, lastRequest: omNode-1->omNode-2#0-t6,notify:(t:6, i:59)
2022-10-04 13:26:30,690 [grpc-default-executor-2] INFO  leader.FollowerInfo (FollowerInfoImpl.java:lambda$new$0(48)) - omNode-1@group-523986131536->omNode-2: nextIndex: updateUnconditionally 57 -> 57
2022-10-04 13:26:30,690 [grpc-default-executor-3] INFO  server.GrpcLogAppender (GrpcLogAppender.java:onNext(403)) - omNode-1@group-523986131536->omNode-2-InstallSnapshotResponseHandler: received a reply omNode-1<-omNode-2#0:FAIL-t6,IN_PROGRESS
2022-10-04 13:26:30,690 [grpc-default-executor-3] INFO  server.GrpcLogAppender (GrpcLogAppender.java:onNext(421)) - omNode-1@group-523986131536->omNode-2-InstallSnapshotResponseHandler: InstallSnapshot in progress.
2022-10-04 13:26:30,690 [omNode-1@group-523986131536->omNode-2-GrpcLogAppender-LogAppenderDaemon] INFO  server.GrpcLogAppender (GrpcLogAppender.java:installSnapshot(541)) - omNode-1@group-523986131536->omNode-2-GrpcLogAppender: followerNextIndex = 57 but logStartIndex = 59, notify follower to install snapshot-(t:6, i:59)
2022-10-04 13:26:30,691 [omNode-1@group-523986131536->omNode-2-GrpcLogAppender-LogAppenderDaemon] INFO  server.GrpcLogAppender (GrpcLogAppender.java:installSnapshot(549)) - omNode-1@group-523986131536->omNode-2-GrpcLogAppender: send omNode-1->omNode-2#0-t6,notify:(t:6, i:59)
2022-10-04 13:26:30,696 [omNode-2-server-thread1] INFO  server.RaftServer$Division (RaftServerImpl.java:checkInconsistentAppendEntries(1402)) - omNode-2@group-523986131536: Failed appendEntries as snapshot (59) installation is in progress
2022-10-04 13:26:30,696 [omNode-2-server-thread1] INFO  server.RaftServer$Division (RaftServerImpl.java:checkInconsistentAppendEntries(1394)) - omNode-2@group-523986131536: inconsistency entries. Reply:omNode-1<-omNode-2#640:FAIL-t6,INCONSISTENCY,nextIndex=57,followerCommit=56
2022-10-04 13:26:30,697 [grpc-default-executor-3] INFO  impl.SnapshotInstallationHandler (SnapshotInstallationHandler.java:installSnapshot(84)) - omNode-2@group-523986131536: receive installSnapshot: omNode-1->omNode-2#0-t6,notify:(t:6, i:59)
2022-10-04 13:26:30,697 [grpc-default-executor-0] INFO  leader.FollowerInfo (FollowerInfoImpl.java:lambda$new$0(48)) - omNode-1@group-523986131536->omNode-2: nextIndex: updateUnconditionally 57 -> 57
2022-10-04 13:26:30,697 [grpc-default-executor-3] INFO  impl.SnapshotInstallationHandler (SnapshotInstallationHandler.java:installSnapshot(95)) - omNode-2@group-523986131536: reply installSnapshot: omNode-1<-omNode-2#0:FAIL-t6,IN_PROGRESS
2022-10-04 13:26:30,698 [grpc-default-executor-3] INFO  server.GrpcServerProtocolService (GrpcServerProtocolService.java:onCompleted(140)) - omNode-2: Completed INSTALL_SNAPSHOT, lastRequest: omNode-1->omNode-2#0-t6,notify:(t:6, i:59)
2022-10-04 13:26:30,698 [grpc-default-executor-3] INFO  server.GrpcLogAppender (GrpcLogAppender.java:onNext(403)) - omNode-1@group-523986131536->omNode-2-InstallSnapshotResponseHandler: received a reply omNode-1<-omNode-2#0:FAIL-t6,IN_PROGRESS
2022-10-04 13:26:30,698 [grpc-default-executor-3] INFO  server.GrpcLogAppender (GrpcLogAppender.java:onNext(421)) - omNode-1@group-523986131536->omNode-2-InstallSnapshotResponseHandler: InstallSnapshot in progress.
2022-10-04 13:26:30,698 [omNode-1@group-523986131536->omNode-2-GrpcLogAppender-LogAppenderDaemon] INFO  server.GrpcLogAppender (GrpcLogAppender.java:installSnapshot(541)) - omNode-1@group-523986131536->omNode-2-GrpcLogAppender: followerNextIndex = 57 but logStartIndex = 59, notify follower to install snapshot-(t:6, i:59)
2022-10-04 13:26:30,698 [omNode-1@group-523986131536->omNode-2-GrpcLogAppender-LogAppenderDaemon] INFO  server.GrpcLogAppender (GrpcLogAppender.java:installSnapshot(549)) - omNode-1@group-523986131536->omNode-2-GrpcLogAppender: send omNode-1->omNode-2#0-t6,notify:(t:6, i:59)
2022-10-04 13:26:30,699 [omNode-2-server-thread1] INFO  server.RaftServer$Division (RaftServerImpl.java:checkInconsistentAppendEntries(1402)) - omNode-2@group-523986131536: Failed appendEntries as snapshot (59) installation is in progress
2022-10-04 13:26:30,699 [omNode-2-server-thread1] INFO  server.RaftServer$Division (RaftServerImpl.java:checkInconsistentAppendEntries(1394)) - omNode-2@group-523986131536: inconsistency entries. Reply:omNode-1<-omNode-2#641:FAIL-t6,INCONSISTENCY,nextIndex=57,followerCommit=56
2022-10-04 13:26:30,699 [grpc-default-executor-3] INFO  impl.SnapshotInstallationHandler (SnapshotInstallationHandler.java:installSnapshot(84)) - omNode-2@group-523986131536: receive installSnapshot: omNode-1->omNode-2#0-t6,notify:(t:6, i:59)
2022-10-04 13:26:30,699 [grpc-default-executor-3] INFO  impl.SnapshotInstallationHandler (SnapshotInstallationHandler.java:installSnapshot(95)) - omNode-2@group-523986131536: reply installSnapshot: omNode-1<-omNode-2#0:FAIL-t6,IN_PROGRESS
2022-10-04 13:26:30,699 [grpc-default-executor-3] INFO  server.GrpcServerProtocolService (GrpcServerProtocolService.java:onCompleted(140)) - omNode-2: Completed INSTALL_SNAPSHOT, lastRequest: omNode-1->omNode-2#0-t6,notify:(t:6, i:59)
2022-10-04 13:26:30,700 [grpc-default-executor-0] INFO  leader.FollowerInfo (FollowerInfoImpl.java:lambda$new$0(48)) - omNode-1@group-523986131536->omNode-2: nextIndex: updateUnconditionally 57 -> 57
2022-10-04 13:26:30,701 [grpc-default-executor-3] INFO  server.GrpcLogAppender (GrpcLogAppender.java:onNext(403)) - omNode-1@group-523986131536->omNode-2-InstallSnapshotResponseHandler: received a reply omNode-1<-omNode-2#0:FAIL-t6,IN_PROGRESS
2022-10-04 13:26:30,701 [grpc-default-executor-3] INFO  server.GrpcLogAppender (GrpcLogAppender.java:onNext(421)) - omNode-1@group-523986131536->omNode-2-InstallSnapshotResponseHandler: InstallSnapshot in progress.
2022-10-04 13:26:30,702 [omNode-1@group-523986131536->omNode-2-GrpcLogAppender-LogAppenderDaemon] INFO  server.GrpcLogAppender (GrpcLogAppender.java:installSnapshot(541)) - omNode-1@group-523986131536->omNode-2-GrpcLogAppender: followerNextIndex = 57 but logStartIndex = 59, notify follower to install snapshot-(t:6, i:59)
2022-10-04 13:26:30,702 [omNode-1@group-523986131536->omNode-2-GrpcLogAppender-LogAppenderDaemon] INFO  server.GrpcLogAppender (GrpcLogAppender.java:installSnapshot(549)) - omNode-1@group-523986131536->omNode-2-GrpcLogAppender: send omNode-1->omNode-2#0-t6,notify:(t:6, i:59)
2022-10-04 13:26:30,702 [omNode-2-server-thread1] INFO  server.RaftServer$Division (RaftServerImpl.java:checkInconsistentAppendEntries(1402)) - omNode-2@group-523986131536: Failed appendEntries as snapshot (59) installation is in progress
2022-10-04 13:26:30,702 [omNode-2-server-thread1] INFO  server.RaftServer$Division (RaftServerImpl.java:checkInconsistentAppendEntries(1394)) - omNode-2@group-523986131536: inconsistency entries. Reply:omNode-1<-omNode-2#642:FAIL-t6,INCONSISTENCY,nextIndex=57,followerCommit=56
2022-10-04 13:26:30,702 [grpc-default-executor-3] INFO  impl.SnapshotInstallationHandler (SnapshotInstallationHandler.java:installSnapshot(84)) - omNode-2@group-523986131536: receive installSnapshot: omNode-1->omNode-2#0-t6,notify:(t:6, i:59)
2022-10-04 13:26:30,703 [grpc-default-executor-3] INFO  impl.SnapshotInstallationHandler (SnapshotInstallationHandler.java:installSnapshot(95)) - omNode-2@group-523986131536: reply installSnapshot: omNode-1<-omNode-2#0:FAIL-t6,IN_PROGRESS
2022-10-04 13:26:30,703 [grpc-default-executor-3] INFO  server.GrpcServerProtocolService (GrpcServerProtocolService.java:onCompleted(140)) - omNode-2: Completed INSTALL_SNAPSHOT, lastRequest: omNode-1->omNode-2#0-t6,notify:(t:6, i:59)
2022-10-04 13:26:30,703 [grpc-default-executor-0] INFO  leader.FollowerInfo (FollowerInfoImpl.java:lambda$new$0(48)) - omNode-1@group-523986131536->omNode-2: nextIndex: updateUnconditionally 57 -> 57
2022-10-04 13:26:30,704 [grpc-default-executor-0] INFO  server.GrpcLogAppender (GrpcLogAppender.java:onNext(403)) - omNode-1@group-523986131536->omNode-2-InstallSnapshotResponseHandler: received a reply omNode-1<-omNode-2#0:FAIL-t6,IN_PROGRESS
2022-10-04 13:26:30,704 [grpc-default-executor-0] INFO  server.GrpcLogAppender (GrpcLogAppender.java:onNext(421)) - omNode-1@group-523986131536->omNode-2-InstallSnapshotResponseHandler: InstallSnapshot in progress.
2022-10-04 13:26:30,704 [omNode-1@group-523986131536->omNode-2-GrpcLogAppender-LogAppenderDaemon] INFO  server.GrpcLogAppender (GrpcLogAppender.java:installSnapshot(541)) - omNode-1@group-523986131536->omNode-2-GrpcLogAppender: followerNextIndex = 57 but logStartIndex = 59, notify follower to install snapshot-(t:6, i:59)
2022-10-04 13:26:30,704 [omNode-1@group-523986131536->omNode-2-GrpcLogAppender-LogAppenderDaemon] INFO  server.GrpcLogAppender (GrpcLogAppender.java:installSnapshot(549)) - omNode-1@group-523986131536->omNode-2-GrpcLogAppender: send omNode-1->omNode-2#0-t6,notify:(t:6, i:59)
2022-10-04 13:26:30,705 [omNode-2-server-thread1] INFO  server.RaftServer$Division (RaftServerImpl.java:checkInconsistentAppendEntries(1402)) - omNode-2@group-523986131536: Failed appendEntries as snapshot (59) installation is in progress
2022-10-04 13:26:30,705 [omNode-2-server-thread1] INFO  server.RaftServer$Division (RaftServerImpl.java:checkInconsistentAppendEntries(1394)) - omNode-2@group-523986131536: inconsistency entries. Reply:omNode-1<-omNode-2#643:FAIL-t6,INCONSISTENCY,nextIndex=57,followerCommit=56
2022-10-04 13:26:30,705 [grpc-default-executor-3] INFO  impl.SnapshotInstallationHandler (SnapshotInstallationHandler.java:installSnapshot(84)) - omNode-2@group-523986131536: receive installSnapshot: omNode-1->omNode-2#0-t6,notify:(t:6, i:59)
2022-10-04 13:26:30,705 [grpc-default-executor-3] INFO  impl.SnapshotInstallationHandler (SnapshotInstallationHandler.java:installSnapshot(95)) - omNode-2@group-523986131536: reply installSnapshot: omNode-1<-omNode-2#0:FAIL-t6,IN_PROGRESS
2022-10-04 13:26:30,705 [grpc-default-executor-3] INFO  server.GrpcServerProtocolService (GrpcServerProtocolService.java:onCompleted(140)) - omNode-2: Completed INSTALL_SNAPSHOT, lastRequest: omNode-1->omNode-2#0-t6,notify:(t:6, i:59)
2022-10-04 13:26:30,705 [grpc-default-executor-0] INFO  leader.FollowerInfo (FollowerInfoImpl.java:lambda$new$0(48)) - omNode-1@group-523986131536->omNode-2: nextIndex: updateUnconditionally 57 -> 57
2022-10-04 13:26:30,706 [grpc-default-executor-3] INFO  server.GrpcLogAppender (GrpcLogAppender.java:onNext(403)) - omNode-1@group-523986131536->omNode-2-InstallSnapshotResponseHandler: received a reply omNode-1<-omNode-2#0:FAIL-t6,IN_PROGRESS
2022-10-04 13:26:30,706 [grpc-default-executor-3] INFO  server.GrpcLogAppender (GrpcLogAppender.java:onNext(421)) - omNode-1@group-523986131536->omNode-2-InstallSnapshotResponseHandler: InstallSnapshot in progress.
2022-10-04 13:26:30,706 [omNode-1@group-523986131536->omNode-2-GrpcLogAppender-LogAppenderDaemon] INFO  server.GrpcLogAppender (GrpcLogAppender.java:installSnapshot(541)) - omNode-1@group-523986131536->omNode-2-GrpcLogAppender: followerNextIndex = 57 but logStartIndex = 59, notify follower to install snapshot-(t:6, i:59)
2022-10-04 13:26:30,706 [omNode-1@group-523986131536->omNode-2-GrpcLogAppender-LogAppenderDaemon] INFO  server.GrpcLogAppender (GrpcLogAppender.java:installSnapshot(549)) - omNode-1@group-523986131536->omNode-2-GrpcLogAppender: send omNode-1->omNode-2#0-t6,notify:(t:6, i:59)
2022-10-04 13:26:30,707 [omNode-2-server-thread1] INFO  server.RaftServer$Division (RaftServerImpl.java:checkInconsistentAppendEntries(1402)) - omNode-2@group-523986131536: Failed appendEntries as snapshot (59) installation is in progress
2022-10-04 13:26:30,707 [omNode-2-server-thread1] INFO  server.RaftServer$Division (RaftServerImpl.java:checkInconsistentAppendEntries(1394)) - omNode-2@group-523986131536: inconsistency entries. Reply:omNode-1<-omNode-2#644:FAIL-t6,INCONSISTENCY,nextIndex=57,followerCommit=56
2022-10-04 13:26:30,707 [grpc-default-executor-3] INFO  impl.SnapshotInstallationHandler (SnapshotInstallationHandler.java:installSnapshot(84)) - omNode-2@group-523986131536: receive installSnapshot: omNode-1->omNode-2#0-t6,notify:(t:6, i:59)
2022-10-04 13:26:30,707 [grpc-default-executor-3] INFO  impl.SnapshotInstallationHandler (SnapshotInstallationHandler.java:installSnapshot(95)) - omNode-2@group-523986131536: reply installSnapshot: omNode-1<-omNode-2#0:FAIL-t6,IN_PROGRESS
2022-10-04 13:26:30,707 [grpc-default-executor-0] INFO  leader.FollowerInfo (FollowerInfoImpl.java:lambda$new$0(48)) - omNode-1@group-523986131536->omNode-2: nextIndex: updateUnconditionally 57 -> 57
2022-10-04 13:26:30,708 [grpc-default-executor-3] INFO  server.GrpcServerProtocolService (GrpcServerProtocolService.java:onCompleted(140)) - omNode-2: Completed INSTALL_SNAPSHOT, lastRequest: omNode-1->omNode-2#0-t6,notify:(t:6, i:59)
2022-10-04 13:26:30,709 [grpc-default-executor-3] INFO  server.GrpcLogAppender (GrpcLogAppender.java:onNext(403)) - omNode-1@group-523986131536->omNode-2-InstallSnapshotResponseHandler: received a reply omNode-1<-omNode-2#0:FAIL-t6,IN_PROGRESS
2022-10-04 13:26:30,709 [grpc-default-executor-3] INFO  server.GrpcLogAppender (GrpcLogAppender.java:onNext(421)) - omNode-1@group-523986131536->omNode-2-InstallSnapshotResponseHandler: InstallSnapshot in progress.
2022-10-04 13:26:30,709 [omNode-1@group-523986131536->omNode-2-GrpcLogAppender-LogAppenderDaemon] INFO  server.GrpcLogAppender (GrpcLogAppender.java:installSnapshot(541)) - omNode-1@group-523986131536->omNode-2-GrpcLogAppender: followerNextIndex = 57 but logStartIndex = 59, notify follower to install snapshot-(t:6, i:59)
2022-10-04 13:26:30,710 [omNode-1@group-523986131536->omNode-2-GrpcLogAppender-LogAppenderDaemon] INFO  server.GrpcLogAppender (GrpcLogAppender.java:installSnapshot(549)) - omNode-1@group-523986131536->omNode-2-GrpcLogAppender: send omNode-1->omNode-2#0-t6,notify:(t:6, i:59)
2022-10-04 13:26:30,712 [omNode-2-server-thread1] INFO  server.RaftServer$Division (RaftServerImpl.java:checkInconsistentAppendEntries(1402)) - omNode-2@group-523986131536: Failed appendEntries as snapshot (59) installation is in progress
2022-10-04 13:26:30,712 [omNode-2-server-thread1] INFO  server.RaftServer$Division (RaftServerImpl.java:checkInconsistentAppendEntries(1394)) - omNode-2@group-523986131536: inconsistency entries. Reply:omNode-1<-omNode-2#645:FAIL-t6,INCONSISTENCY,nextIndex=57,followerCommit=56
2022-10-04 13:26:30,712 [grpc-default-executor-0] INFO  impl.SnapshotInstallationHandler (SnapshotInstallationHandler.java:installSnapshot(84)) - omNode-2@group-523986131536: receive installSnapshot: omNode-1->omNode-2#0-t6,notify:(t:6, i:59)
2022-10-04 13:26:30,712 [grpc-default-executor-0] INFO  impl.SnapshotInstallationHandler (SnapshotInstallationHandler.java:installSnapshot(95)) - omNode-2@group-523986131536: reply installSnapshot: omNode-1<-omNode-2#0:FAIL-t6,IN_PROGRESS
2022-10-04 13:26:30,712 [grpc-default-executor-0] INFO  server.GrpcServerProtocolService (GrpcServerProtocolService.java:onCompleted(140)) - omNode-2: Completed INSTALL_SNAPSHOT, lastRequest: omNode-1->omNode-2#0-t6,notify:(t:6, i:59)
2022-10-04 13:26:30,715 [grpc-default-executor-3] INFO  server.GrpcLogAppender (GrpcLogAppender.java:onNext(403)) - omNode-1@group-523986131536->omNode-2-InstallSnapshotResponseHandler: received a reply omNode-1<-omNode-2#0:FAIL-t6,IN_PROGRESS
2022-10-04 13:26:30,715 [grpc-default-executor-3] INFO  server.GrpcLogAppender (GrpcLogAppender.java:onNext(421)) - omNode-1@group-523986131536->omNode-2-InstallSnapshotResponseHandler: InstallSnapshot in progress.
2022-10-04 13:26:30,716 [omNode-1@group-523986131536->omNode-2-GrpcLogAppender-LogAppenderDaemon] INFO  server.GrpcLogAppender (GrpcLogAppender.java:installSnapshot(541)) - omNode-1@group-523986131536->omNode-2-GrpcLogAppender: followerNextIndex = 57 but logStartIndex = 59, notify follower to install snapshot-(t:6, i:59)
2022-10-04 13:26:30,716 [omNode-1@group-523986131536->omNode-2-GrpcLogAppender-LogAppenderDaemon] INFO  server.GrpcLogAppender (GrpcLogAppender.java:installSnapshot(549)) - omNode-1@group-523986131536->omNode-2-GrpcLogAppender: send omNode-1->omNode-2#0-t6,notify:(t:6, i:59)
2022-10-04 13:26:30,716 [grpc-default-executor-0] INFO  leader.FollowerInfo (FollowerInfoImpl.java:lambda$new$0(48)) - omNode-1@group-523986131536->omNode-2: nextIndex: updateUnconditionally 57 -> 57
2022-10-04 13:26:30,716 [omNode-2-server-thread1] INFO  server.RaftServer$Division (RaftServerImpl.java:checkInconsistentAppendEntries(1402)) - omNode-2@group-523986131536: Failed appendEntries as snapshot (59) installation is in progress
2022-10-04 13:26:30,716 [omNode-2-server-thread1] INFO  server.RaftServer$Division (RaftServerImpl.java:checkInconsistentAppendEntries(1394)) - omNode-2@group-523986131536: inconsistency entries. Reply:omNode-1<-omNode-2#646:FAIL-t6,INCONSISTENCY,nextIndex=57,followerCommit=56
2022-10-04 13:26:30,717 [grpc-default-executor-3] INFO  leader.FollowerInfo (FollowerInfoImpl.java:lambda$new$0(48)) - omNode-1@group-523986131536->omNode-2: nextIndex: updateUnconditionally 57 -> 57
2022-10-04 13:26:30,718 [grpc-default-executor-3] INFO  impl.SnapshotInstallationHandler (SnapshotInstallationHandler.java:installSnapshot(84)) - omNode-2@group-523986131536: receive installSnapshot: omNode-1->omNode-2#0-t6,notify:(t:6, i:59)
2022-10-04 13:26:30,719 [grpc-default-executor-3] INFO  impl.SnapshotInstallationHandler (SnapshotInstallationHandler.java:installSnapshot(95)) - omNode-2@group-523986131536: reply installSnapshot: omNode-1<-omNode-2#0:FAIL-t6,IN_PROGRESS
2022-10-04 13:26:30,719 [grpc-default-executor-3] INFO  server.GrpcServerProtocolService (GrpcServerProtocolService.java:onCompleted(140)) - omNode-2: Completed INSTALL_SNAPSHOT, lastRequest: omNode-1->omNode-2#0-t6,notify:(t:6, i:59)
2022-10-04 13:26:30,721 [grpc-default-executor-3] INFO  server.GrpcLogAppender (GrpcLogAppender.java:onNext(403)) - omNode-1@group-523986131536->omNode-2-InstallSnapshotResponseHandler: received a reply omNode-1<-omNode-2#0:FAIL-t6,IN_PROGRESS
2022-10-04 13:26:30,721 [grpc-default-executor-3] INFO  server.GrpcLogAppender (GrpcLogAppender.java:onNext(421)) - omNode-1@group-523986131536->omNode-2-InstallSnapshotResponseHandler: InstallSnapshot in progress.
2022-10-04 13:26:30,721 [omNode-1@group-523986131536->omNode-2-GrpcLogAppender-LogAppenderDaemon] INFO  server.GrpcLogAppender (GrpcLogAppender.java:installSnapshot(541)) - omNode-1@group-523986131536->omNode-2-GrpcLogAppender: followerNextIndex = 57 but logStartIndex = 59, notify follower to install snapshot-(t:6, i:59)
2022-10-04 13:26:30,722 [omNode-1@group-523986131536->omNode-2-GrpcLogAppender-LogAppenderDaemon] INFO  server.GrpcLogAppender (GrpcLogAppender.java:installSnapshot(549)) - omNode-1@group-523986131536->omNode-2-GrpcLogAppender: send omNode-1->omNode-2#0-t6,notify:(t:6, i:59)
2022-10-04 13:26:30,722 [omNode-2-server-thread1] INFO  server.RaftServer$Division (RaftServerImpl.java:checkInconsistentAppendEntries(1402)) - omNode-2@group-523986131536: Failed appendEntries as snapshot (59) installation is in progress
2022-10-04 13:26:30,722 [omNode-2-server-thread1] INFO  server.RaftServer$Division (RaftServerImpl.java:checkInconsistentAppendEntries(1394)) - omNode-2@group-523986131536: inconsistency entries. Reply:omNode-1<-omNode-2#647:FAIL-t6,INCONSISTENCY,nextIndex=57,followerCommit=56
2022-10-04 13:26:30,723 [grpc-default-executor-3] INFO  impl.SnapshotInstallationHandler (SnapshotInstallationHandler.java:installSnapshot(84)) - omNode-2@group-523986131536: receive installSnapshot: omNode-1->omNode-2#0-t6,notify:(t:6, i:59)
2022-10-04 13:26:30,723 [grpc-default-executor-3] INFO  impl.SnapshotInstallationHandler (SnapshotInstallationHandler.java:installSnapshot(95)) - omNode-2@group-523986131536: reply installSnapshot: omNode-1<-omNode-2#0:FAIL-t6,IN_PROGRESS
2022-10-04 13:26:30,724 [grpc-default-executor-3] INFO  server.GrpcServerProtocolService (GrpcServerProtocolService.java:onCompleted(140)) - omNode-2: Completed INSTALL_SNAPSHOT, lastRequest: omNode-1->omNode-2#0-t6,notify:(t:6, i:59)
2022-10-04 13:26:30,724 [grpc-default-executor-0] INFO  leader.FollowerInfo (FollowerInfoImpl.java:lambda$new$0(48)) - omNode-1@group-523986131536->omNode-2: nextIndex: updateUnconditionally 57 -> 57
2022-10-04 13:26:30,724 [grpc-default-executor-3] INFO  server.GrpcLogAppender (GrpcLogAppender.java:onNext(403)) - omNode-1@group-523986131536->omNode-2-InstallSnapshotResponseHandler: received a reply omNode-1<-omNode-2#0:FAIL-t6,IN_PROGRESS
2022-10-04 13:26:30,724 [grpc-default-executor-3] INFO  server.GrpcLogAppender (GrpcLogAppender.java:onNext(421)) - omNode-1@group-523986131536->omNode-2-InstallSnapshotResponseHandler: InstallSnapshot in progress.
2022-10-04 13:26:30,724 [omNode-1@group-523986131536->omNode-2-GrpcLogAppender-LogAppenderDaemon] INFO  server.GrpcLogAppender (GrpcLogAppender.java:installSnapshot(541)) - omNode-1@group-523986131536->omNode-2-GrpcLogAppender: followerNextIndex = 57 but logStartIndex = 59, notify follower to install snapshot-(t:6, i:59)
2022-10-04 13:26:30,724 [omNode-1@group-523986131536->omNode-2-GrpcLogAppender-LogAppenderDaemon] INFO  server.GrpcLogAppender (GrpcLogAppender.java:installSnapshot(549)) - omNode-1@group-523986131536->omNode-2-GrpcLogAppender: send omNode-1->omNode-2#0-t6,notify:(t:6, i:59)
2022-10-04 13:26:30,726 [omNode-2-server-thread1] INFO  server.RaftServer$Division (RaftServerImpl.java:checkInconsistentAppendEntries(1402)) - omNode-2@group-523986131536: Failed appendEntries as snapshot (59) installation is in progress
2022-10-04 13:26:30,726 [omNode-2-server-thread1] INFO  server.RaftServer$Division (RaftServerImpl.java:checkInconsistentAppendEntries(1394)) - omNode-2@group-523986131536: inconsistency entries. Reply:omNode-1<-omNode-2#648:FAIL-t6,INCONSISTENCY,nextIndex=57,followerCommit=56
2022-10-04 13:26:30,729 [grpc-default-executor-3] INFO  impl.SnapshotInstallationHandler (SnapshotInstallationHandler.java:installSnapshot(84)) - omNode-2@group-523986131536: receive installSnapshot: omNode-1->omNode-2#0-t6,notify:(t:6, i:59)
2022-10-04 13:26:30,729 [grpc-default-executor-3] INFO  impl.SnapshotInstallationHandler (SnapshotInstallationHandler.java:installSnapshot(95)) - omNode-2@group-523986131536: reply installSnapshot: omNode-1<-omNode-2#0:FAIL-t6,IN_PROGRESS
2022-10-04 13:26:30,730 [grpc-default-executor-3] INFO  server.GrpcServerProtocolService (GrpcServerProtocolService.java:onCompleted(140)) - omNode-2: Completed INSTALL_SNAPSHOT, lastRequest: omNode-1->omNode-2#0-t6,notify:(t:6, i:59)
2022-10-04 13:26:30,730 [grpc-default-executor-0] INFO  leader.FollowerInfo (FollowerInfoImpl.java:lambda$new$0(48)) - omNode-1@group-523986131536->omNode-2: nextIndex: updateUnconditionally 57 -> 57
2022-10-04 13:26:30,732 [grpc-default-executor-0] INFO  server.GrpcLogAppender (GrpcLogAppender.java:onNext(403)) - omNode-1@group-523986131536->omNode-2-InstallSnapshotResponseHandler: received a reply omNode-1<-omNode-2#0:FAIL-t6,IN_PROGRESS
2022-10-04 13:26:30,732 [grpc-default-executor-0] INFO  server.GrpcLogAppender (GrpcLogAppender.java:onNext(421)) - omNode-1@group-523986131536->omNode-2-InstallSnapshotResponseHandler: InstallSnapshot in progress.
2022-10-04 13:26:30,732 [omNode-1@group-523986131536->omNode-2-GrpcLogAppender-LogAppenderDaemon] INFO  server.GrpcLogAppender (GrpcLogAppender.java:installSnapshot(541)) - omNode-1@group-523986131536->omNode-2-GrpcLogAppender: followerNextIndex = 57 but logStartIndex = 59, notify follower to install snapshot-(t:6, i:59)
2022-10-04 13:26:30,732 [omNode-1@group-523986131536->omNode-2-GrpcLogAppender-LogAppenderDaemon] INFO  server.GrpcLogAppender (GrpcLogAppender.java:installSnapshot(549)) - omNode-1@group-523986131536->omNode-2-GrpcLogAppender: send omNode-1->omNode-2#0-t6,notify:(t:6, i:59)
2022-10-04 13:26:30,733 [omNode-2-server-thread1] INFO  server.RaftServer$Division (RaftServerImpl.java:checkInconsistentAppendEntries(1402)) - omNode-2@group-523986131536: Failed appendEntries as snapshot (59) installation is in progress
2022-10-04 13:26:30,733 [omNode-2-server-thread1] INFO  server.RaftServer$Division (RaftServerImpl.java:checkInconsistentAppendEntries(1394)) - omNode-2@group-523986131536: inconsistency entries. Reply:omNode-1<-omNode-2#649:FAIL-t6,INCONSISTENCY,nextIndex=57,followerCommit=56
2022-10-04 13:26:30,733 [grpc-default-executor-0] INFO  impl.SnapshotInstallationHandler (SnapshotInstallationHandler.java:installSnapshot(84)) - omNode-2@group-523986131536: receive installSnapshot: omNode-1->omNode-2#0-t6,notify:(t:6, i:59)
2022-10-04 13:26:30,734 [grpc-default-executor-0] INFO  impl.SnapshotInstallationHandler (SnapshotInstallationHandler.java:installSnapshot(95)) - omNode-2@group-523986131536: reply installSnapshot: omNode-1<-omNode-2#0:FAIL-t6,IN_PROGRESS
2022-10-04 13:26:30,734 [grpc-default-executor-0] INFO  server.GrpcServerProtocolService (GrpcServerProtocolService.java:onCompleted(140)) - omNode-2: Completed INSTALL_SNAPSHOT, lastRequest: omNode-1->omNode-2#0-t6,notify:(t:6, i:59)
2022-10-04 13:26:30,737 [grpc-default-executor-0] INFO  leader.FollowerInfo (FollowerInfoImpl.java:lambda$new$0(48)) - omNode-1@group-523986131536->omNode-2: nextIndex: updateUnconditionally 57 -> 57
2022-10-04 13:26:30,737 [grpc-default-executor-3] INFO  server.GrpcLogAppender (GrpcLogAppender.java:onNext(403)) - omNode-1@group-523986131536->omNode-2-InstallSnapshotResponseHandler: received a reply omNode-1<-omNode-2#0:FAIL-t6,IN_PROGRESS
2022-10-04 13:26:30,738 [grpc-default-executor-3] INFO  server.GrpcLogAppender (GrpcLogAppender.java:onNext(421)) - omNode-1@group-523986131536->omNode-2-InstallSnapshotResponseHandler: InstallSnapshot in progress.
2022-10-04 13:26:30,738 [omNode-1@group-523986131536->omNode-2-GrpcLogAppender-LogAppenderDaemon] INFO  server.GrpcLogAppender (GrpcLogAppender.java:installSnapshot(541)) - omNode-1@group-523986131536->omNode-2-GrpcLogAppender: followerNextIndex = 57 but logStartIndex = 59, notify follower to install snapshot-(t:6, i:59)
2022-10-04 13:26:30,738 [omNode-1@group-523986131536->omNode-2-GrpcLogAppender-LogAppenderDaemon] INFO  server.GrpcLogAppender (GrpcLogAppender.java:installSnapshot(549)) - omNode-1@group-523986131536->omNode-2-GrpcLogAppender: send omNode-1->omNode-2#0-t6,notify:(t:6, i:59)
2022-10-04 13:26:30,739 [omNode-2-server-thread1] INFO  server.RaftServer$Division (RaftServerImpl.java:checkInconsistentAppendEntries(1402)) - omNode-2@group-523986131536: Failed appendEntries as snapshot (59) installation is in progress
2022-10-04 13:26:30,739 [omNode-2-server-thread1] INFO  server.RaftServer$Division (RaftServerImpl.java:checkInconsistentAppendEntries(1394)) - omNode-2@group-523986131536: inconsistency entries. Reply:omNode-1<-omNode-2#650:FAIL-t6,INCONSISTENCY,nextIndex=57,followerCommit=56
2022-10-04 13:26:30,739 [grpc-default-executor-3] INFO  impl.SnapshotInstallationHandler (SnapshotInstallationHandler.java:installSnapshot(84)) - omNode-2@group-523986131536: receive installSnapshot: omNode-1->omNode-2#0-t6,notify:(t:6, i:59)
2022-10-04 13:26:30,739 [grpc-default-executor-3] INFO  impl.SnapshotInstallationHandler (SnapshotInstallationHandler.java:installSnapshot(95)) - omNode-2@group-523986131536: reply installSnapshot: omNode-1<-omNode-2#0:FAIL-t6,IN_PROGRESS
2022-10-04 13:26:30,739 [grpc-default-executor-3] INFO  server.GrpcServerProtocolService (GrpcServerProtocolService.java:onCompleted(140)) - omNode-2: Completed INSTALL_SNAPSHOT, lastRequest: omNode-1->omNode-2#0-t6,notify:(t:6, i:59)
2022-10-04 13:26:30,741 [grpc-default-executor-3] INFO  leader.FollowerInfo (FollowerInfoImpl.java:lambda$new$0(48)) - omNode-1@group-523986131536->omNode-2: nextIndex: updateUnconditionally 57 -> 57
2022-10-04 13:26:30,742 [grpc-default-executor-0] INFO  server.GrpcLogAppender (GrpcLogAppender.java:onNext(403)) - omNode-1@group-523986131536->omNode-2-InstallSnapshotResponseHandler: received a reply omNode-1<-omNode-2#0:FAIL-t6,IN_PROGRESS
2022-10-04 13:26:30,742 [grpc-default-executor-0] INFO  server.GrpcLogAppender (GrpcLogAppender.java:onNext(421)) - omNode-1@group-523986131536->omNode-2-InstallSnapshotResponseHandler: InstallSnapshot in progress.
2022-10-04 13:26:30,742 [omNode-1@group-523986131536->omNode-2-GrpcLogAppender-LogAppenderDaemon] INFO  server.GrpcLogAppender (GrpcLogAppender.java:installSnapshot(541)) - omNode-1@group-523986131536->omNode-2-GrpcLogAppender: followerNextIndex = 57 but logStartIndex = 59, notify follower to install snapshot-(t:6, i:59)
2022-10-04 13:26:30,742 [omNode-1@group-523986131536->omNode-2-GrpcLogAppender-LogAppenderDaemon] INFO  server.GrpcLogAppender (GrpcLogAppender.java:installSnapshot(549)) - omNode-1@group-523986131536->omNode-2-GrpcLogAppender: send omNode-1->omNode-2#0-t6,notify:(t:6, i:59)
2022-10-04 13:26:30,742 [omNode-2-server-thread1] INFO  server.RaftServer$Division (RaftServerImpl.java:checkInconsistentAppendEntries(1402)) - omNode-2@group-523986131536: Failed appendEntries as snapshot (59) installation is in progress
2022-10-04 13:26:30,743 [omNode-2-server-thread1] INFO  server.RaftServer$Division (RaftServerImpl.java:checkInconsistentAppendEntries(1394)) - omNode-2@group-523986131536: inconsistency entries. Reply:omNode-1<-omNode-2#651:FAIL-t6,INCONSISTENCY,nextIndex=57,followerCommit=56
2022-10-04 13:26:30,743 [grpc-default-executor-0] INFO  impl.SnapshotInstallationHandler (SnapshotInstallationHandler.java:installSnapshot(84)) - omNode-2@group-523986131536: receive installSnapshot: omNode-1->omNode-2#0-t6,notify:(t:6, i:59)
2022-10-04 13:26:30,743 [grpc-default-executor-0] INFO  impl.SnapshotInstallationHandler (SnapshotInstallationHandler.java:installSnapshot(95)) - omNode-2@group-523986131536: reply installSnapshot: omNode-1<-omNode-2#0:FAIL-t6,IN_PROGRESS
2022-10-04 13:26:30,743 [grpc-default-executor-0] INFO  server.GrpcServerProtocolService (GrpcServerProtocolService.java:onCompleted(140)) - omNode-2: Completed INSTALL_SNAPSHOT, lastRequest: omNode-1->omNode-2#0-t6,notify:(t:6, i:59)
2022-10-04 13:26:30,744 [grpc-default-executor-3] INFO  leader.FollowerInfo (FollowerInfoImpl.java:lambda$new$0(48)) - omNode-1@group-523986131536->omNode-2: nextIndex: updateUnconditionally 57 -> 57
2022-10-04 13:26:30,744 [grpc-default-executor-0] INFO  server.GrpcLogAppender (GrpcLogAppender.java:onNext(403)) - omNode-1@group-523986131536->omNode-2-InstallSnapshotResponseHandler: received a reply omNode-1<-omNode-2#0:FAIL-t6,IN_PROGRESS
2022-10-04 13:26:30,744 [grpc-default-executor-0] INFO  server.GrpcLogAppender (GrpcLogAppender.java:onNext(421)) - omNode-1@group-523986131536->omNode-2-InstallSnapshotResponseHandler: InstallSnapshot in progress.
2022-10-04 13:26:30,744 [omNode-1@group-523986131536->omNode-2-GrpcLogAppender-LogAppenderDaemon] INFO  server.GrpcLogAppender (GrpcLogAppender.java:installSnapshot(541)) - omNode-1@group-523986131536->omNode-2-GrpcLogAppender: followerNextIndex = 57 but logStartIndex = 59, notify follower to install snapshot-(t:6, i:59)
2022-10-04 13:26:30,744 [omNode-1@group-523986131536->omNode-2-GrpcLogAppender-LogAppenderDaemon] INFO  server.GrpcLogAppender (GrpcLogAppender.java:installSnapshot(549)) - omNode-1@group-523986131536->omNode-2-GrpcLogAppender: send omNode-1->omNode-2#0-t6,notify:(t:6, i:59)
2022-10-04 13:26:30,744 [omNode-2-server-thread1] INFO  server.RaftServer$Division (RaftServerImpl.java:checkInconsistentAppendEntries(1402)) - omNode-2@group-523986131536: Failed appendEntries as snapshot (59) installation is in progress
2022-10-04 13:26:30,744 [omNode-2-server-thread1] INFO  server.RaftServer$Division (RaftServerImpl.java:checkInconsistentAppendEntries(1394)) - omNode-2@group-523986131536: inconsistency entries. Reply:omNode-1<-omNode-2#652:FAIL-t6,INCONSISTENCY,nextIndex=57,followerCommit=56
2022-10-04 13:26:30,745 [grpc-default-executor-3] INFO  leader.FollowerInfo (FollowerInfoImpl.java:lambda$new$0(48)) - omNode-1@group-523986131536->omNode-2: nextIndex: updateUnconditionally 57 -> 57
2022-10-04 13:26:30,747 [grpc-default-executor-3] INFO  impl.SnapshotInstallationHandler (SnapshotInstallationHandler.java:installSnapshot(84)) - omNode-2@group-523986131536: receive installSnapshot: omNode-1->omNode-2#0-t6,notify:(t:6, i:59)
2022-10-04 13:26:30,747 [grpc-default-executor-3] INFO  impl.SnapshotInstallationHandler (SnapshotInstallationHandler.java:installSnapshot(95)) - omNode-2@group-523986131536: reply installSnapshot: omNode-1<-omNode-2#0:FAIL-t6,IN_PROGRESS
2022-10-04 13:26:30,747 [grpc-default-executor-3] INFO  server.GrpcServerProtocolService (GrpcServerProtocolService.java:onCompleted(140)) - omNode-2: Completed INSTALL_SNAPSHOT, lastRequest: omNode-1->omNode-2#0-t6,notify:(t:6, i:59)
2022-10-04 13:26:30,747 [grpc-default-executor-3] INFO  server.GrpcLogAppender (GrpcLogAppender.java:onNext(403)) - omNode-1@group-523986131536->omNode-2-InstallSnapshotResponseHandler: received a reply omNode-1<-omNode-2#0:FAIL-t6,IN_PROGRESS
2022-10-04 13:26:30,747 [grpc-default-executor-3] INFO  server.GrpcLogAppender (GrpcLogAppender.java:onNext(421)) - omNode-1@group-523986131536->omNode-2-InstallSnapshotResponseHandler: InstallSnapshot in progress.
2022-10-04 13:26:30,748 [omNode-1@group-523986131536->omNode-2-GrpcLogAppender-LogAppenderDaemon] INFO  server.GrpcLogAppender (GrpcLogAppender.java:installSnapshot(541)) - omNode-1@group-523986131536->omNode-2-GrpcLogAppender: followerNextIndex = 57 but logStartIndex = 59, notify follower to install snapshot-(t:6, i:59)
2022-10-04 13:26:30,748 [omNode-1@group-523986131536->omNode-2-GrpcLogAppender-LogAppenderDaemon] INFO  server.GrpcLogAppender (GrpcLogAppender.java:installSnapshot(549)) - omNode-1@group-523986131536->omNode-2-GrpcLogAppender: send omNode-1->omNode-2#0-t6,notify:(t:6, i:59)
2022-10-04 13:26:30,749 [omNode-2-server-thread1] INFO  server.RaftServer$Division (RaftServerImpl.java:checkInconsistentAppendEntries(1402)) - omNode-2@group-523986131536: Failed appendEntries as snapshot (59) installation is in progress
2022-10-04 13:26:30,749 [omNode-2-server-thread1] INFO  server.RaftServer$Division (RaftServerImpl.java:checkInconsistentAppendEntries(1394)) - omNode-2@group-523986131536: inconsistency entries. Reply:omNode-1<-omNode-2#653:FAIL-t6,INCONSISTENCY,nextIndex=57,followerCommit=56
2022-10-04 13:26:30,749 [grpc-default-executor-0] INFO  impl.SnapshotInstallationHandler (SnapshotInstallationHandler.java:installSnapshot(84)) - omNode-2@group-523986131536: receive installSnapshot: omNode-1->omNode-2#0-t6,notify:(t:6, i:59)
2022-10-04 13:26:30,749 [grpc-default-executor-0] INFO  impl.SnapshotInstallationHandler (SnapshotInstallationHandler.java:installSnapshot(95)) - omNode-2@group-523986131536: reply installSnapshot: omNode-1<-omNode-2#0:FAIL-t6,IN_PROGRESS
2022-10-04 13:26:30,749 [grpc-default-executor-0] INFO  server.GrpcServerProtocolService (GrpcServerProtocolService.java:onCompleted(140)) - omNode-2: Completed INSTALL_SNAPSHOT, lastRequest: omNode-1->omNode-2#0-t6,notify:(t:6, i:59)
2022-10-04 13:26:30,750 [grpc-default-executor-3] INFO  server.GrpcLogAppender (GrpcLogAppender.java:onNext(403)) - omNode-1@group-523986131536->omNode-2-InstallSnapshotResponseHandler: received a reply omNode-1<-omNode-2#0:FAIL-t6,IN_PROGRESS
2022-10-04 13:26:30,750 [grpc-default-executor-3] INFO  server.GrpcLogAppender (GrpcLogAppender.java:onNext(421)) - omNode-1@group-523986131536->omNode-2-InstallSnapshotResponseHandler: InstallSnapshot in progress.
2022-10-04 13:26:30,750 [omNode-1@group-523986131536->omNode-2-GrpcLogAppender-LogAppenderDaemon] INFO  server.GrpcLogAppender (GrpcLogAppender.java:installSnapshot(541)) - omNode-1@group-523986131536->omNode-2-GrpcLogAppender: followerNextIndex = 57 but logStartIndex = 59, notify follower to install snapshot-(t:6, i:59)
2022-10-04 13:26:30,750 [omNode-1@group-523986131536->omNode-2-GrpcLogAppender-LogAppenderDaemon] INFO  server.GrpcLogAppender (GrpcLogAppender.java:installSnapshot(549)) - omNode-1@group-523986131536->omNode-2-GrpcLogAppender: send omNode-1->omNode-2#0-t6,notify:(t:6, i:59)
2022-10-04 13:26:30,750 [grpc-default-executor-0] INFO  leader.FollowerInfo (FollowerInfoImpl.java:lambda$new$0(48)) - omNode-1@group-523986131536->omNode-2: nextIndex: updateUnconditionally 57 -> 57
2022-10-04 13:26:30,751 [omNode-2-server-thread1] INFO  server.RaftServer$Division (RaftServerImpl.java:checkInconsistentAppendEntries(1402)) - omNode-2@group-523986131536: Failed appendEntries as snapshot (59) installation is in progress
2022-10-04 13:26:30,751 [omNode-2-server-thread1] INFO  server.RaftServer$Division (RaftServerImpl.java:checkInconsistentAppendEntries(1394)) - omNode-2@group-523986131536: inconsistency entries. Reply:omNode-1<-omNode-2#654:FAIL-t6,INCONSISTENCY,nextIndex=57,followerCommit=56
2022-10-04 13:26:30,751 [grpc-default-executor-0] INFO  impl.SnapshotInstallationHandler (SnapshotInstallationHandler.java:installSnapshot(84)) - omNode-2@group-523986131536: receive installSnapshot: omNode-1->omNode-2#0-t6,notify:(t:6, i:59)
2022-10-04 13:26:30,751 [grpc-default-executor-0] INFO  impl.SnapshotInstallationHandler (SnapshotInstallationHandler.java:installSnapshot(95)) - omNode-2@group-523986131536: reply installSnapshot: omNode-1<-omNode-2#0:FAIL-t6,IN_PROGRESS
2022-10-04 13:26:30,752 [grpc-default-executor-0] INFO  server.GrpcServerProtocolService (GrpcServerProtocolService.java:onCompleted(140)) - omNode-2: Completed INSTALL_SNAPSHOT, lastRequest: omNode-1->omNode-2#0-t6,notify:(t:6, i:59)
2022-10-04 13:26:30,752 [grpc-default-executor-0] INFO  leader.FollowerInfo (FollowerInfoImpl.java:lambda$new$0(48)) - omNode-1@group-523986131536->omNode-2: nextIndex: updateUnconditionally 57 -> 57
2022-10-04 13:26:30,752 [grpc-default-executor-3] INFO  server.GrpcLogAppender (GrpcLogAppender.java:onNext(403)) - omNode-1@group-523986131536->omNode-2-InstallSnapshotResponseHandler: received a reply omNode-1<-omNode-2#0:FAIL-t6,IN_PROGRESS
2022-10-04 13:26:30,752 [grpc-default-executor-3] INFO  server.GrpcLogAppender (GrpcLogAppender.java:onNext(421)) - omNode-1@group-523986131536->omNode-2-InstallSnapshotResponseHandler: InstallSnapshot in progress.
2022-10-04 13:26:30,752 [omNode-1@group-523986131536->omNode-2-GrpcLogAppender-LogAppenderDaemon] INFO  server.GrpcLogAppender (GrpcLogAppender.java:installSnapshot(541)) - omNode-1@group-523986131536->omNode-2-GrpcLogAppender: followerNextIndex = 57 but logStartIndex = 59, notify follower to install snapshot-(t:6, i:59)
2022-10-04 13:26:30,753 [omNode-1@group-523986131536->omNode-2-GrpcLogAppender-LogAppenderDaemon] INFO  server.GrpcLogAppender (GrpcLogAppender.java:installSnapshot(549)) - omNode-1@group-523986131536->omNode-2-GrpcLogAppender: send omNode-1->omNode-2#0-t6,notify:(t:6, i:59)
2022-10-04 13:26:30,754 [omNode-2-server-thread1] INFO  server.RaftServer$Division (RaftServerImpl.java:checkInconsistentAppendEntries(1402)) - omNode-2@group-523986131536: Failed appendEntries as snapshot (59) installation is in progress
2022-10-04 13:26:30,755 [omNode-2-server-thread1] INFO  server.RaftServer$Division (RaftServerImpl.java:checkInconsistentAppendEntries(1394)) - omNode-2@group-523986131536: inconsistency entries. Reply:omNode-1<-omNode-2#655:FAIL-t6,INCONSISTENCY,nextIndex=57,followerCommit=56
2022-10-04 13:26:30,755 [grpc-default-executor-3] INFO  impl.SnapshotInstallationHandler (SnapshotInstallationHandler.java:installSnapshot(84)) - omNode-2@group-523986131536: receive installSnapshot: omNode-1->omNode-2#0-t6,notify:(t:6, i:59)
2022-10-04 13:26:30,755 [grpc-default-executor-3] INFO  impl.SnapshotInstallationHandler (SnapshotInstallationHandler.java:installSnapshot(95)) - omNode-2@group-523986131536: reply installSnapshot: omNode-1<-omNode-2#0:FAIL-t6,IN_PROGRESS
2022-10-04 13:26:30,755 [grpc-default-executor-3] INFO  server.GrpcServerProtocolService (GrpcServerProtocolService.java:onCompleted(140)) - omNode-2: Completed INSTALL_SNAPSHOT, lastRequest: omNode-1->omNode-2#0-t6,notify:(t:6, i:59)
2022-10-04 13:26:30,757 [grpc-default-executor-0] INFO  server.GrpcLogAppender (GrpcLogAppender.java:onNext(403)) - omNode-1@group-523986131536->omNode-2-InstallSnapshotResponseHandler: received a reply omNode-1<-omNode-2#0:FAIL-t6,IN_PROGRESS
2022-10-04 13:26:30,757 [grpc-default-executor-0] INFO  server.GrpcLogAppender (GrpcLogAppender.java:onNext(421)) - omNode-1@group-523986131536->omNode-2-InstallSnapshotResponseHandler: InstallSnapshot in progress.
2022-10-04 13:26:30,758 [grpc-default-executor-3] INFO  leader.FollowerInfo (FollowerInfoImpl.java:lambda$new$0(48)) - omNode-1@group-523986131536->omNode-2: nextIndex: updateUnconditionally 57 -> 57
2022-10-04 13:26:30,758 [omNode-1@group-523986131536->omNode-2-GrpcLogAppender-LogAppenderDaemon] INFO  server.GrpcLogAppender (GrpcLogAppender.java:installSnapshot(541)) - omNode-1@group-523986131536->omNode-2-GrpcLogAppender: followerNextIndex = 57 but logStartIndex = 59, notify follower to install snapshot-(t:6, i:59)
2022-10-04 13:26:30,758 [omNode-1@group-523986131536->omNode-2-GrpcLogAppender-LogAppenderDaemon] INFO  server.GrpcLogAppender (GrpcLogAppender.java:installSnapshot(549)) - omNode-1@group-523986131536->omNode-2-GrpcLogAppender: send omNode-1->omNode-2#0-t6,notify:(t:6, i:59)
2022-10-04 13:26:30,762 [omNode-2-server-thread1] INFO  server.RaftServer$Division (RaftServerImpl.java:checkInconsistentAppendEntries(1402)) - omNode-2@group-523986131536: Failed appendEntries as snapshot (59) installation is in progress
2022-10-04 13:26:30,762 [omNode-2-server-thread1] INFO  server.RaftServer$Division (RaftServerImpl.java:checkInconsistentAppendEntries(1394)) - omNode-2@group-523986131536: inconsistency entries. Reply:omNode-1<-omNode-2#656:FAIL-t6,INCONSISTENCY,nextIndex=57,followerCommit=56
2022-10-04 13:26:30,762 [grpc-default-executor-3] INFO  impl.SnapshotInstallationHandler (SnapshotInstallationHandler.java:installSnapshot(84)) - omNode-2@group-523986131536: receive installSnapshot: omNode-1->omNode-2#0-t6,notify:(t:6, i:59)
2022-10-04 13:26:30,762 [grpc-default-executor-3] INFO  impl.SnapshotInstallationHandler (SnapshotInstallationHandler.java:installSnapshot(95)) - omNode-2@group-523986131536: reply installSnapshot: omNode-1<-omNode-2#0:FAIL-t6,IN_PROGRESS
2022-10-04 13:26:30,762 [grpc-default-executor-3] INFO  server.GrpcServerProtocolService (GrpcServerProtocolService.java:onCompleted(140)) - omNode-2: Completed INSTALL_SNAPSHOT, lastRequest: omNode-1->omNode-2#0-t6,notify:(t:6, i:59)
2022-10-04 13:26:30,763 [grpc-default-executor-0] INFO  leader.FollowerInfo (FollowerInfoImpl.java:lambda$new$0(48)) - omNode-1@group-523986131536->omNode-2: nextIndex: updateUnconditionally 57 -> 57
2022-10-04 13:26:30,763 [grpc-default-executor-3] INFO  server.GrpcLogAppender (GrpcLogAppender.java:onNext(403)) - omNode-1@group-523986131536->omNode-2-InstallSnapshotResponseHandler: received a reply omNode-1<-omNode-2#0:FAIL-t6,IN_PROGRESS
2022-10-04 13:26:30,763 [grpc-default-executor-3] INFO  server.GrpcLogAppender (GrpcLogAppender.java:onNext(421)) - omNode-1@group-523986131536->omNode-2-InstallSnapshotResponseHandler: InstallSnapshot in progress.
2022-10-04 13:26:30,763 [omNode-1@group-523986131536->omNode-2-GrpcLogAppender-LogAppenderDaemon] INFO  server.GrpcLogAppender (GrpcLogAppender.java:installSnapshot(541)) - omNode-1@group-523986131536->omNode-2-GrpcLogAppender: followerNextIndex = 57 but logStartIndex = 59, notify follower to install snapshot-(t:6, i:59)
2022-10-04 13:26:30,763 [omNode-1@group-523986131536->omNode-2-GrpcLogAppender-LogAppenderDaemon] INFO  server.GrpcLogAppender (GrpcLogAppender.java:installSnapshot(549)) - omNode-1@group-523986131536->omNode-2-GrpcLogAppender: send omNode-1->omNode-2#0-t6,notify:(t:6, i:59)
2022-10-04 13:26:30,764 [omNode-2-server-thread1] INFO  server.RaftServer$Division (RaftServerImpl.java:checkInconsistentAppendEntries(1402)) - omNode-2@group-523986131536: Failed appendEntries as snapshot (59) installation is in progress
2022-10-04 13:26:30,764 [omNode-2-server-thread1] INFO  server.RaftServer$Division (RaftServerImpl.java:checkInconsistentAppendEntries(1394)) - omNode-2@group-523986131536: inconsistency entries. Reply:omNode-1<-omNode-2#657:FAIL-t6,INCONSISTENCY,nextIndex=57,followerCommit=56
2022-10-04 13:26:30,764 [grpc-default-executor-3] INFO  impl.SnapshotInstallationHandler (SnapshotInstallationHandler.java:installSnapshot(84)) - omNode-2@group-523986131536: receive installSnapshot: omNode-1->omNode-2#0-t6,notify:(t:6, i:59)
2022-10-04 13:26:30,765 [grpc-default-executor-3] INFO  impl.SnapshotInstallationHandler (SnapshotInstallationHandler.java:installSnapshot(95)) - omNode-2@group-523986131536: reply installSnapshot: omNode-1<-omNode-2#0:FAIL-t6,IN_PROGRESS
2022-10-04 13:26:30,765 [grpc-default-executor-0] INFO  leader.FollowerInfo (FollowerInfoImpl.java:lambda$new$0(48)) - omNode-1@group-523986131536->omNode-2: nextIndex: updateUnconditionally 57 -> 57
2022-10-04 13:26:30,765 [grpc-default-executor-0] INFO  server.GrpcLogAppender (GrpcLogAppender.java:onNext(403)) - omNode-1@group-523986131536->omNode-2-InstallSnapshotResponseHandler: received a reply omNode-1<-omNode-2#0:FAIL-t6,IN_PROGRESS
2022-10-04 13:26:30,765 [grpc-default-executor-0] INFO  server.GrpcLogAppender (GrpcLogAppender.java:onNext(421)) - omNode-1@group-523986131536->omNode-2-InstallSnapshotResponseHandler: InstallSnapshot in progress.
2022-10-04 13:26:30,772 [grpc-default-executor-3] INFO  server.GrpcServerProtocolService (GrpcServerProtocolService.java:onCompleted(140)) - omNode-2: Completed INSTALL_SNAPSHOT, lastRequest: omNode-1->omNode-2#0-t6,notify:(t:6, i:59)
2022-10-04 13:26:30,772 [omNode-1@group-523986131536->omNode-2-GrpcLogAppender-LogAppenderDaemon] INFO  server.GrpcLogAppender (GrpcLogAppender.java:installSnapshot(541)) - omNode-1@group-523986131536->omNode-2-GrpcLogAppender: followerNextIndex = 57 but logStartIndex = 59, notify follower to install snapshot-(t:6, i:59)
2022-10-04 13:26:30,772 [omNode-1@group-523986131536->omNode-2-GrpcLogAppender-LogAppenderDaemon] INFO  server.GrpcLogAppender (GrpcLogAppender.java:installSnapshot(549)) - omNode-1@group-523986131536->omNode-2-GrpcLogAppender: send omNode-1->omNode-2#0-t6,notify:(t:6, i:59)
2022-10-04 13:26:30,773 [grpc-default-executor-3] WARN  server.GrpcLogAppender (LogUtils.java:warn(122)) - omNode-1@group-523986131536->omNode-3-AppendLogResponseHandler: Failed appendEntries: org.apache.ratis.thirdparty.io.grpc.StatusRuntimeException: UNAVAILABLE: io exception
2022-10-04 13:26:30,774 [grpc-default-executor-3] INFO  leader.FollowerInfo (FollowerInfoImpl.java:lambda$new$0(48)) - omNode-1@group-523986131536->omNode-3: nextIndex: updateUnconditionally 145 -> 144
2022-10-04 13:26:30,775 [omNode-2-server-thread1] INFO  server.RaftServer$Division (RaftServerImpl.java:checkInconsistentAppendEntries(1402)) - omNode-2@group-523986131536: Failed appendEntries as snapshot (59) installation is in progress
2022-10-04 13:26:30,775 [omNode-2-server-thread1] INFO  server.RaftServer$Division (RaftServerImpl.java:checkInconsistentAppendEntries(1394)) - omNode-2@group-523986131536: inconsistency entries. Reply:omNode-1<-omNode-2#658:FAIL-t6,INCONSISTENCY,nextIndex=57,followerCommit=56
2022-10-04 13:26:30,775 [grpc-default-executor-0] INFO  impl.SnapshotInstallationHandler (SnapshotInstallationHandler.java:installSnapshot(84)) - omNode-2@group-523986131536: receive installSnapshot: omNode-1->omNode-2#0-t6,notify:(t:6, i:59)
2022-10-04 13:26:30,775 [grpc-default-executor-0] INFO  impl.SnapshotInstallationHandler (SnapshotInstallationHandler.java:installSnapshot(95)) - omNode-2@group-523986131536: reply installSnapshot: omNode-1<-omNode-2#0:FAIL-t6,IN_PROGRESS
2022-10-04 13:26:30,776 [grpc-default-executor-0] INFO  server.GrpcServerProtocolService (GrpcServerProtocolService.java:onCompleted(140)) - omNode-2: Completed INSTALL_SNAPSHOT, lastRequest: omNode-1->omNode-2#0-t6,notify:(t:6, i:59)
2022-10-04 13:26:30,776 [grpc-default-executor-0] INFO  leader.FollowerInfo (FollowerInfoImpl.java:lambda$new$0(48)) - omNode-1@group-523986131536->omNode-2: nextIndex: updateUnconditionally 57 -> 57
2022-10-04 13:26:30,776 [grpc-default-executor-2] INFO  server.GrpcLogAppender (GrpcLogAppender.java:onNext(403)) - omNode-1@group-523986131536->omNode-2-InstallSnapshotResponseHandler: received a reply omNode-1<-omNode-2#0:FAIL-t6,IN_PROGRESS
2022-10-04 13:26:30,776 [grpc-default-executor-2] INFO  server.GrpcLogAppender (GrpcLogAppender.java:onNext(421)) - omNode-1@group-523986131536->omNode-2-InstallSnapshotResponseHandler: InstallSnapshot in progress.
2022-10-04 13:26:30,776 [omNode-1@group-523986131536->omNode-2-GrpcLogAppender-LogAppenderDaemon] INFO  server.GrpcLogAppender (GrpcLogAppender.java:installSnapshot(541)) - omNode-1@group-523986131536->omNode-2-GrpcLogAppender: followerNextIndex = 57 but logStartIndex = 59, notify follower to install snapshot-(t:6, i:59)
2022-10-04 13:26:30,776 [omNode-1@group-523986131536->omNode-2-GrpcLogAppender-LogAppenderDaemon] INFO  server.GrpcLogAppender (GrpcLogAppender.java:installSnapshot(549)) - omNode-1@group-523986131536->omNode-2-GrpcLogAppender: send omNode-1->omNode-2#0-t6,notify:(t:6, i:59)
2022-10-04 13:26:30,777 [omNode-2-server-thread1] INFO  server.RaftServer$Division (RaftServerImpl.java:checkInconsistentAppendEntries(1402)) - omNode-2@group-523986131536: Failed appendEntries as snapshot (59) installation is in progress
2022-10-04 13:26:30,777 [omNode-2-server-thread1] INFO  server.RaftServer$Division (RaftServerImpl.java:checkInconsistentAppendEntries(1394)) - omNode-2@group-523986131536: inconsistency entries. Reply:omNode-1<-omNode-2#659:FAIL-t6,INCONSISTENCY,nextIndex=57,followerCommit=56
2022-10-04 13:26:30,777 [grpc-default-executor-0] INFO  impl.SnapshotInstallationHandler (SnapshotInstallationHandler.java:installSnapshot(84)) - omNode-2@group-523986131536: receive installSnapshot: omNode-1->omNode-2#0-t6,notify:(t:6, i:59)
2022-10-04 13:26:30,777 [grpc-default-executor-0] INFO  impl.SnapshotInstallationHandler (SnapshotInstallationHandler.java:installSnapshot(95)) - omNode-2@group-523986131536: reply installSnapshot: omNode-1<-omNode-2#0:FAIL-t6,IN_PROGRESS
2022-10-04 13:26:30,777 [grpc-default-executor-0] INFO  server.GrpcServerProtocolService (GrpcServerProtocolService.java:onCompleted(140)) - omNode-2: Completed INSTALL_SNAPSHOT, lastRequest: omNode-1->omNode-2#0-t6,notify:(t:6, i:59)
2022-10-04 13:26:30,777 [grpc-default-executor-2] INFO  leader.FollowerInfo (FollowerInfoImpl.java:lambda$new$0(48)) - omNode-1@group-523986131536->omNode-2: nextIndex: updateUnconditionally 57 -> 57
2022-10-04 13:26:30,778 [grpc-default-executor-0] INFO  server.GrpcLogAppender (GrpcLogAppender.java:onNext(403)) - omNode-1@group-523986131536->omNode-2-InstallSnapshotResponseHandler: received a reply omNode-1<-omNode-2#0:FAIL-t6,IN_PROGRESS
2022-10-04 13:26:30,778 [grpc-default-executor-0] INFO  server.GrpcLogAppender (GrpcLogAppender.java:onNext(421)) - omNode-1@group-523986131536->omNode-2-InstallSnapshotResponseHandler: InstallSnapshot in progress.
2022-10-04 13:26:30,778 [omNode-1@group-523986131536->omNode-2-GrpcLogAppender-LogAppenderDaemon] INFO  server.GrpcLogAppender (GrpcLogAppender.java:installSnapshot(541)) - omNode-1@group-523986131536->omNode-2-GrpcLogAppender: followerNextIndex = 57 but logStartIndex = 59, notify follower to install snapshot-(t:6, i:59)
2022-10-04 13:26:30,778 [omNode-1@group-523986131536->omNode-2-GrpcLogAppender-LogAppenderDaemon] INFO  server.GrpcLogAppender (GrpcLogAppender.java:installSnapshot(549)) - omNode-1@group-523986131536->omNode-2-GrpcLogAppender: send omNode-1->omNode-2#0-t6,notify:(t:6, i:59)
2022-10-04 13:26:30,779 [omNode-2-server-thread1] INFO  server.RaftServer$Division (RaftServerImpl.java:checkInconsistentAppendEntries(1402)) - omNode-2@group-523986131536: Failed appendEntries as snapshot (59) installation is in progress
2022-10-04 13:26:30,779 [omNode-2-server-thread1] INFO  server.RaftServer$Division (RaftServerImpl.java:checkInconsistentAppendEntries(1394)) - omNode-2@group-523986131536: inconsistency entries. Reply:omNode-1<-omNode-2#660:FAIL-t6,INCONSISTENCY,nextIndex=57,followerCommit=56
2022-10-04 13:26:30,779 [grpc-default-executor-2] INFO  impl.SnapshotInstallationHandler (SnapshotInstallationHandler.java:installSnapshot(84)) - omNode-2@group-523986131536: receive installSnapshot: omNode-1->omNode-2#0-t6,notify:(t:6, i:59)
2022-10-04 13:26:30,779 [grpc-default-executor-2] INFO  impl.SnapshotInstallationHandler (SnapshotInstallationHandler.java:installSnapshot(95)) - omNode-2@group-523986131536: reply installSnapshot: omNode-1<-omNode-2#0:FAIL-t6,IN_PROGRESS
2022-10-04 13:26:30,779 [grpc-default-executor-2] INFO  server.GrpcServerProtocolService (GrpcServerProtocolService.java:onCompleted(140)) - omNode-2: Completed INSTALL_SNAPSHOT, lastRequest: omNode-1->omNode-2#0-t6,notify:(t:6, i:59)
2022-10-04 13:26:30,782 [grpc-default-executor-0] INFO  server.GrpcLogAppender (GrpcLogAppender.java:onNext(403)) - omNode-1@group-523986131536->omNode-2-InstallSnapshotResponseHandler: received a reply omNode-1<-omNode-2#0:FAIL-t6,IN_PROGRESS
2022-10-04 13:26:30,782 [grpc-default-executor-0] INFO  server.GrpcLogAppender (GrpcLogAppender.java:onNext(421)) - omNode-1@group-523986131536->omNode-2-InstallSnapshotResponseHandler: InstallSnapshot in progress.
2022-10-04 13:26:30,782 [grpc-default-executor-2] INFO  leader.FollowerInfo (FollowerInfoImpl.java:lambda$new$0(48)) - omNode-1@group-523986131536->omNode-2: nextIndex: updateUnconditionally 57 -> 57
2022-10-04 13:26:30,782 [omNode-1@group-523986131536->omNode-2-GrpcLogAppender-LogAppenderDaemon] INFO  server.GrpcLogAppender (GrpcLogAppender.java:installSnapshot(541)) - omNode-1@group-523986131536->omNode-2-GrpcLogAppender: followerNextIndex = 57 but logStartIndex = 59, notify follower to install snapshot-(t:6, i:59)
2022-10-04 13:26:30,782 [omNode-1@group-523986131536->omNode-2-GrpcLogAppender-LogAppenderDaemon] INFO  server.GrpcLogAppender (GrpcLogAppender.java:installSnapshot(549)) - omNode-1@group-523986131536->omNode-2-GrpcLogAppender: send omNode-1->omNode-2#0-t6,notify:(t:6, i:59)
2022-10-04 13:26:30,784 [Listener at localhost/45931] INFO  om.OzoneManager (OzoneManager.java:instantiateServices(710)) - S3 Multi-Tenancy is disabled
2022-10-04 13:26:30,785 [omNode-2-server-thread1] INFO  server.RaftServer$Division (RaftServerImpl.java:checkInconsistentAppendEntries(1402)) - omNode-2@group-523986131536: Failed appendEntries as snapshot (59) installation is in progress
2022-10-04 13:26:30,786 [omNode-2-server-thread1] INFO  server.RaftServer$Division (RaftServerImpl.java:checkInconsistentAppendEntries(1394)) - omNode-2@group-523986131536: inconsistency entries. Reply:omNode-1<-omNode-2#661:FAIL-t6,INCONSISTENCY,nextIndex=57,followerCommit=56
2022-10-04 13:26:30,786 [grpc-default-executor-2] INFO  impl.SnapshotInstallationHandler (SnapshotInstallationHandler.java:installSnapshot(84)) - omNode-2@group-523986131536: receive installSnapshot: omNode-1->omNode-2#0-t6,notify:(t:6, i:59)
2022-10-04 13:26:30,786 [grpc-default-executor-2] INFO  impl.SnapshotInstallationHandler (SnapshotInstallationHandler.java:installSnapshot(95)) - omNode-2@group-523986131536: reply installSnapshot: omNode-1<-omNode-2#0:FAIL-t6,IN_PROGRESS
2022-10-04 13:26:30,786 [grpc-default-executor-2] INFO  server.GrpcServerProtocolService (GrpcServerProtocolService.java:onCompleted(140)) - omNode-2: Completed INSTALL_SNAPSHOT, lastRequest: omNode-1->omNode-2#0-t6,notify:(t:6, i:59)
2022-10-04 13:26:30,786 [grpc-default-executor-0] INFO  leader.FollowerInfo (FollowerInfoImpl.java:lambda$new$0(48)) - omNode-1@group-523986131536->omNode-2: nextIndex: updateUnconditionally 57 -> 57
2022-10-04 13:26:30,786 [grpc-default-executor-2] INFO  server.GrpcLogAppender (GrpcLogAppender.java:onNext(403)) - omNode-1@group-523986131536->omNode-2-InstallSnapshotResponseHandler: received a reply omNode-1<-omNode-2#0:FAIL-t6,IN_PROGRESS
2022-10-04 13:26:30,786 [grpc-default-executor-2] INFO  server.GrpcLogAppender (GrpcLogAppender.java:onNext(421)) - omNode-1@group-523986131536->omNode-2-InstallSnapshotResponseHandler: InstallSnapshot in progress.
2022-10-04 13:26:30,787 [omNode-1@group-523986131536->omNode-2-GrpcLogAppender-LogAppenderDaemon] INFO  server.GrpcLogAppender (GrpcLogAppender.java:installSnapshot(541)) - omNode-1@group-523986131536->omNode-2-GrpcLogAppender: followerNextIndex = 57 but logStartIndex = 59, notify follower to install snapshot-(t:6, i:59)
2022-10-04 13:26:30,787 [omNode-1@group-523986131536->omNode-2-GrpcLogAppender-LogAppenderDaemon] INFO  server.GrpcLogAppender (GrpcLogAppender.java:installSnapshot(549)) - omNode-1@group-523986131536->omNode-2-GrpcLogAppender: send omNode-1->omNode-2#0-t6,notify:(t:6, i:59)
2022-10-04 13:26:30,787 [omNode-2-server-thread1] INFO  server.RaftServer$Division (RaftServerImpl.java:checkInconsistentAppendEntries(1402)) - omNode-2@group-523986131536: Failed appendEntries as snapshot (59) installation is in progress
2022-10-04 13:26:30,787 [omNode-2-server-thread1] INFO  server.RaftServer$Division (RaftServerImpl.java:checkInconsistentAppendEntries(1394)) - omNode-2@group-523986131536: inconsistency entries. Reply:omNode-1<-omNode-2#662:FAIL-t6,INCONSISTENCY,nextIndex=57,followerCommit=56
2022-10-04 13:26:30,787 [grpc-default-executor-2] INFO  impl.SnapshotInstallationHandler (SnapshotInstallationHandler.java:installSnapshot(84)) - omNode-2@group-523986131536: receive installSnapshot: omNode-1->omNode-2#0-t6,notify:(t:6, i:59)
2022-10-04 13:26:30,788 [grpc-default-executor-2] INFO  impl.SnapshotInstallationHandler (SnapshotInstallationHandler.java:installSnapshot(95)) - omNode-2@group-523986131536: reply installSnapshot: omNode-1<-omNode-2#0:FAIL-t6,IN_PROGRESS
2022-10-04 13:26:30,788 [grpc-default-executor-2] INFO  server.GrpcServerProtocolService (GrpcServerProtocolService.java:onCompleted(140)) - omNode-2: Completed INSTALL_SNAPSHOT, lastRequest: omNode-1->omNode-2#0-t6,notify:(t:6, i:59)
2022-10-04 13:26:30,788 [grpc-default-executor-0] INFO  leader.FollowerInfo (FollowerInfoImpl.java:lambda$new$0(48)) - omNode-1@group-523986131536->omNode-2: nextIndex: updateUnconditionally 57 -> 57
2022-10-04 13:26:30,788 [grpc-default-executor-2] INFO  server.GrpcLogAppender (GrpcLogAppender.java:onNext(403)) - omNode-1@group-523986131536->omNode-2-InstallSnapshotResponseHandler: received a reply omNode-1<-omNode-2#0:FAIL-t6,IN_PROGRESS
2022-10-04 13:26:30,788 [grpc-default-executor-2] INFO  server.GrpcLogAppender (GrpcLogAppender.java:onNext(421)) - omNode-1@group-523986131536->omNode-2-InstallSnapshotResponseHandler: InstallSnapshot in progress.
2022-10-04 13:26:30,788 [omNode-1@group-523986131536->omNode-2-GrpcLogAppender-LogAppenderDaemon] INFO  server.GrpcLogAppender (GrpcLogAppender.java:installSnapshot(541)) - omNode-1@group-523986131536->omNode-2-GrpcLogAppender: followerNextIndex = 57 but logStartIndex = 59, notify follower to install snapshot-(t:6, i:59)
2022-10-04 13:26:30,788 [omNode-1@group-523986131536->omNode-2-GrpcLogAppender-LogAppenderDaemon] INFO  server.GrpcLogAppender (GrpcLogAppender.java:installSnapshot(549)) - omNode-1@group-523986131536->omNode-2-GrpcLogAppender: send omNode-1->omNode-2#0-t6,notify:(t:6, i:59)
2022-10-04 13:26:30,790 [omNode-2-server-thread1] INFO  server.RaftServer$Division (RaftServerImpl.java:checkInconsistentAppendEntries(1402)) - omNode-2@group-523986131536: Failed appendEntries as snapshot (59) installation is in progress
2022-10-04 13:26:30,790 [omNode-2-server-thread1] INFO  server.RaftServer$Division (RaftServerImpl.java:checkInconsistentAppendEntries(1394)) - omNode-2@group-523986131536: inconsistency entries. Reply:omNode-1<-omNode-2#663:FAIL-t6,INCONSISTENCY,nextIndex=57,followerCommit=56
2022-10-04 13:26:30,790 [grpc-default-executor-0] INFO  impl.SnapshotInstallationHandler (SnapshotInstallationHandler.java:installSnapshot(84)) - omNode-2@group-523986131536: receive installSnapshot: omNode-1->omNode-2#0-t6,notify:(t:6, i:59)
2022-10-04 13:26:30,790 [grpc-default-executor-0] INFO  impl.SnapshotInstallationHandler (SnapshotInstallationHandler.java:installSnapshot(95)) - omNode-2@group-523986131536: reply installSnapshot: omNode-1<-omNode-2#0:FAIL-t6,IN_PROGRESS
2022-10-04 13:26:30,791 [grpc-default-executor-0] INFO  server.GrpcServerProtocolService (GrpcServerProtocolService.java:onCompleted(140)) - omNode-2: Completed INSTALL_SNAPSHOT, lastRequest: omNode-1->omNode-2#0-t6,notify:(t:6, i:59)
2022-10-04 13:26:30,791 [grpc-default-executor-2] INFO  server.GrpcLogAppender (GrpcLogAppender.java:onNext(403)) - omNode-1@group-523986131536->omNode-2-InstallSnapshotResponseHandler: received a reply omNode-1<-omNode-2#0:FAIL-t6,IN_PROGRESS
2022-10-04 13:26:30,791 [grpc-default-executor-2] INFO  server.GrpcLogAppender (GrpcLogAppender.java:onNext(421)) - omNode-1@group-523986131536->omNode-2-InstallSnapshotResponseHandler: InstallSnapshot in progress.
2022-10-04 13:26:30,791 [omNode-1@group-523986131536->omNode-2-GrpcLogAppender-LogAppenderDaemon] INFO  server.GrpcLogAppender (GrpcLogAppender.java:installSnapshot(541)) - omNode-1@group-523986131536->omNode-2-GrpcLogAppender: followerNextIndex = 57 but logStartIndex = 59, notify follower to install snapshot-(t:6, i:59)
2022-10-04 13:26:30,791 [omNode-1@group-523986131536->omNode-2-GrpcLogAppender-LogAppenderDaemon] INFO  server.GrpcLogAppender (GrpcLogAppender.java:installSnapshot(549)) - omNode-1@group-523986131536->omNode-2-GrpcLogAppender: send omNode-1->omNode-2#0-t6,notify:(t:6, i:59)
2022-10-04 13:26:30,792 [grpc-default-executor-0] INFO  leader.FollowerInfo (FollowerInfoImpl.java:lambda$new$0(48)) - omNode-1@group-523986131536->omNode-2: nextIndex: updateUnconditionally 57 -> 57
2022-10-04 13:26:30,792 [omNode-2-server-thread1] INFO  server.RaftServer$Division (RaftServerImpl.java:checkInconsistentAppendEntries(1402)) - omNode-2@group-523986131536: Failed appendEntries as snapshot (59) installation is in progress
2022-10-04 13:26:30,792 [omNode-2-server-thread1] INFO  server.RaftServer$Division (RaftServerImpl.java:checkInconsistentAppendEntries(1394)) - omNode-2@group-523986131536: inconsistency entries. Reply:omNode-1<-omNode-2#664:FAIL-t6,INCONSISTENCY,nextIndex=57,followerCommit=56
2022-10-04 13:26:30,792 [grpc-default-executor-0] INFO  impl.SnapshotInstallationHandler (SnapshotInstallationHandler.java:installSnapshot(84)) - omNode-2@group-523986131536: receive installSnapshot: omNode-1->omNode-2#0-t6,notify:(t:6, i:59)
2022-10-04 13:26:30,792 [grpc-default-executor-0] INFO  impl.SnapshotInstallationHandler (SnapshotInstallationHandler.java:installSnapshot(95)) - omNode-2@group-523986131536: reply installSnapshot: omNode-1<-omNode-2#0:FAIL-t6,IN_PROGRESS
2022-10-04 13:26:30,792 [grpc-default-executor-0] INFO  server.GrpcServerProtocolService (GrpcServerProtocolService.java:onCompleted(140)) - omNode-2: Completed INSTALL_SNAPSHOT, lastRequest: omNode-1->omNode-2#0-t6,notify:(t:6, i:59)
2022-10-04 13:26:30,792 [grpc-default-executor-2] INFO  leader.FollowerInfo (FollowerInfoImpl.java:lambda$new$0(48)) - omNode-1@group-523986131536->omNode-2: nextIndex: updateUnconditionally 57 -> 57
2022-10-04 13:26:30,792 [grpc-default-executor-0] INFO  server.GrpcLogAppender (GrpcLogAppender.java:onNext(403)) - omNode-1@group-523986131536->omNode-2-InstallSnapshotResponseHandler: received a reply omNode-1<-omNode-2#0:FAIL-t6,IN_PROGRESS
2022-10-04 13:26:30,793 [grpc-default-executor-0] INFO  server.GrpcLogAppender (GrpcLogAppender.java:onNext(421)) - omNode-1@group-523986131536->omNode-2-InstallSnapshotResponseHandler: InstallSnapshot in progress.
2022-10-04 13:26:30,793 [omNode-1@group-523986131536->omNode-2-GrpcLogAppender-LogAppenderDaemon] INFO  server.GrpcLogAppender (GrpcLogAppender.java:installSnapshot(541)) - omNode-1@group-523986131536->omNode-2-GrpcLogAppender: followerNextIndex = 57 but logStartIndex = 59, notify follower to install snapshot-(t:6, i:59)
2022-10-04 13:26:30,793 [omNode-1@group-523986131536->omNode-2-GrpcLogAppender-LogAppenderDaemon] INFO  server.GrpcLogAppender (GrpcLogAppender.java:installSnapshot(549)) - omNode-1@group-523986131536->omNode-2-GrpcLogAppender: send omNode-1->omNode-2#0-t6,notify:(t:6, i:59)
2022-10-04 13:26:30,793 [omNode-2-server-thread1] INFO  server.RaftServer$Division (RaftServerImpl.java:checkInconsistentAppendEntries(1402)) - omNode-2@group-523986131536: Failed appendEntries as snapshot (59) installation is in progress
2022-10-04 13:26:30,793 [omNode-2-server-thread1] INFO  server.RaftServer$Division (RaftServerImpl.java:checkInconsistentAppendEntries(1394)) - omNode-2@group-523986131536: inconsistency entries. Reply:omNode-1<-omNode-2#665:FAIL-t6,INCONSISTENCY,nextIndex=57,followerCommit=56
2022-10-04 13:26:30,795 [grpc-default-executor-0] INFO  impl.SnapshotInstallationHandler (SnapshotInstallationHandler.java:installSnapshot(84)) - omNode-2@group-523986131536: receive installSnapshot: omNode-1->omNode-2#0-t6,notify:(t:6, i:59)
2022-10-04 13:26:30,795 [grpc-default-executor-0] INFO  impl.SnapshotInstallationHandler (SnapshotInstallationHandler.java:installSnapshot(95)) - omNode-2@group-523986131536: reply installSnapshot: omNode-1<-omNode-2#0:FAIL-t6,IN_PROGRESS
2022-10-04 13:26:30,795 [grpc-default-executor-0] INFO  server.GrpcServerProtocolService (GrpcServerProtocolService.java:onCompleted(140)) - omNode-2: Completed INSTALL_SNAPSHOT, lastRequest: omNode-1->omNode-2#0-t6,notify:(t:6, i:59)
2022-10-04 13:26:30,796 [grpc-default-executor-2] INFO  leader.FollowerInfo (FollowerInfoImpl.java:lambda$new$0(48)) - omNode-1@group-523986131536->omNode-2: nextIndex: updateUnconditionally 57 -> 57
2022-10-04 13:26:30,796 [grpc-default-executor-0] INFO  server.GrpcLogAppender (GrpcLogAppender.java:onNext(403)) - omNode-1@group-523986131536->omNode-2-InstallSnapshotResponseHandler: received a reply omNode-1<-omNode-2#0:FAIL-t6,IN_PROGRESS
2022-10-04 13:26:30,796 [grpc-default-executor-0] INFO  server.GrpcLogAppender (GrpcLogAppender.java:onNext(421)) - omNode-1@group-523986131536->omNode-2-InstallSnapshotResponseHandler: InstallSnapshot in progress.
2022-10-04 13:26:30,796 [omNode-1@group-523986131536->omNode-2-GrpcLogAppender-LogAppenderDaemon] INFO  server.GrpcLogAppender (GrpcLogAppender.java:installSnapshot(541)) - omNode-1@group-523986131536->omNode-2-GrpcLogAppender: followerNextIndex = 57 but logStartIndex = 59, notify follower to install snapshot-(t:6, i:59)
2022-10-04 13:26:30,796 [omNode-1@group-523986131536->omNode-2-GrpcLogAppender-LogAppenderDaemon] INFO  server.GrpcLogAppender (GrpcLogAppender.java:installSnapshot(549)) - omNode-1@group-523986131536->omNode-2-GrpcLogAppender: send omNode-1->omNode-2#0-t6,notify:(t:6, i:59)
2022-10-04 13:26:30,796 [omNode-2-server-thread1] INFO  server.RaftServer$Division (RaftServerImpl.java:checkInconsistentAppendEntries(1402)) - omNode-2@group-523986131536: Failed appendEntries as snapshot (59) installation is in progress
2022-10-04 13:26:30,796 [omNode-2-server-thread1] INFO  server.RaftServer$Division (RaftServerImpl.java:checkInconsistentAppendEntries(1394)) - omNode-2@group-523986131536: inconsistency entries. Reply:omNode-1<-omNode-2#666:FAIL-t6,INCONSISTENCY,nextIndex=57,followerCommit=56
2022-10-04 13:26:30,797 [grpc-default-executor-0] INFO  impl.SnapshotInstallationHandler (SnapshotInstallationHandler.java:installSnapshot(84)) - omNode-2@group-523986131536: receive installSnapshot: omNode-1->omNode-2#0-t6,notify:(t:6, i:59)
2022-10-04 13:26:30,797 [grpc-default-executor-0] INFO  impl.SnapshotInstallationHandler (SnapshotInstallationHandler.java:installSnapshot(95)) - omNode-2@group-523986131536: reply installSnapshot: omNode-1<-omNode-2#0:FAIL-t6,IN_PROGRESS
2022-10-04 13:26:30,797 [grpc-default-executor-0] INFO  server.GrpcServerProtocolService (GrpcServerProtocolService.java:onCompleted(140)) - omNode-2: Completed INSTALL_SNAPSHOT, lastRequest: omNode-1->omNode-2#0-t6,notify:(t:6, i:59)
2022-10-04 13:26:30,797 [grpc-default-executor-2] INFO  leader.FollowerInfo (FollowerInfoImpl.java:lambda$new$0(48)) - omNode-1@group-523986131536->omNode-2: nextIndex: updateUnconditionally 57 -> 57
2022-10-04 13:26:30,797 [grpc-default-executor-0] INFO  server.GrpcLogAppender (GrpcLogAppender.java:onNext(403)) - omNode-1@group-523986131536->omNode-2-InstallSnapshotResponseHandler: received a reply omNode-1<-omNode-2#0:FAIL-t6,IN_PROGRESS
2022-10-04 13:26:30,798 [grpc-default-executor-0] INFO  server.GrpcLogAppender (GrpcLogAppender.java:onNext(421)) - omNode-1@group-523986131536->omNode-2-InstallSnapshotResponseHandler: InstallSnapshot in progress.
2022-10-04 13:26:30,798 [omNode-1@group-523986131536->omNode-2-GrpcLogAppender-LogAppenderDaemon] INFO  server.GrpcLogAppender (GrpcLogAppender.java:installSnapshot(541)) - omNode-1@group-523986131536->omNode-2-GrpcLogAppender: followerNextIndex = 57 but logStartIndex = 59, notify follower to install snapshot-(t:6, i:59)
2022-10-04 13:26:30,798 [omNode-1@group-523986131536->omNode-2-GrpcLogAppender-LogAppenderDaemon] INFO  server.GrpcLogAppender (GrpcLogAppender.java:installSnapshot(549)) - omNode-1@group-523986131536->omNode-2-GrpcLogAppender: send omNode-1->omNode-2#0-t6,notify:(t:6, i:59)
2022-10-04 13:26:30,798 [omNode-2-server-thread1] INFO  server.RaftServer$Division (RaftServerImpl.java:checkInconsistentAppendEntries(1402)) - omNode-2@group-523986131536: Failed appendEntries as snapshot (59) installation is in progress
2022-10-04 13:26:30,798 [omNode-2-server-thread1] INFO  server.RaftServer$Division (RaftServerImpl.java:checkInconsistentAppendEntries(1394)) - omNode-2@group-523986131536: inconsistency entries. Reply:omNode-1<-omNode-2#667:FAIL-t6,INCONSISTENCY,nextIndex=57,followerCommit=56
2022-10-04 13:26:30,799 [grpc-default-executor-0] INFO  impl.SnapshotInstallationHandler (SnapshotInstallationHandler.java:installSnapshot(84)) - omNode-2@group-523986131536: receive installSnapshot: omNode-1->omNode-2#0-t6,notify:(t:6, i:59)
2022-10-04 13:26:30,799 [grpc-default-executor-0] INFO  impl.SnapshotInstallationHandler (SnapshotInstallationHandler.java:installSnapshot(95)) - omNode-2@group-523986131536: reply installSnapshot: omNode-1<-omNode-2#0:FAIL-t6,IN_PROGRESS
2022-10-04 13:26:30,799 [grpc-default-executor-0] INFO  server.GrpcServerProtocolService (GrpcServerProtocolService.java:onCompleted(140)) - omNode-2: Completed INSTALL_SNAPSHOT, lastRequest: omNode-1->omNode-2#0-t6,notify:(t:6, i:59)
2022-10-04 13:26:30,799 [grpc-default-executor-2] INFO  leader.FollowerInfo (FollowerInfoImpl.java:lambda$new$0(48)) - omNode-1@group-523986131536->omNode-2: nextIndex: updateUnconditionally 57 -> 57
2022-10-04 13:26:30,799 [grpc-default-executor-0] INFO  server.GrpcLogAppender (GrpcLogAppender.java:onNext(403)) - omNode-1@group-523986131536->omNode-2-InstallSnapshotResponseHandler: received a reply omNode-1<-omNode-2#0:FAIL-t6,IN_PROGRESS
2022-10-04 13:26:30,799 [grpc-default-executor-0] INFO  server.GrpcLogAppender (GrpcLogAppender.java:onNext(421)) - omNode-1@group-523986131536->omNode-2-InstallSnapshotResponseHandler: InstallSnapshot in progress.
2022-10-04 13:26:30,799 [omNode-1@group-523986131536->omNode-2-GrpcLogAppender-LogAppenderDaemon] INFO  server.GrpcLogAppender (GrpcLogAppender.java:installSnapshot(541)) - omNode-1@group-523986131536->omNode-2-GrpcLogAppender: followerNextIndex = 57 but logStartIndex = 59, notify follower to install snapshot-(t:6, i:59)
2022-10-04 13:26:30,800 [omNode-1@group-523986131536->omNode-2-GrpcLogAppender-LogAppenderDaemon] INFO  server.GrpcLogAppender (GrpcLogAppender.java:installSnapshot(549)) - omNode-1@group-523986131536->omNode-2-GrpcLogAppender: send omNode-1->omNode-2#0-t6,notify:(t:6, i:59)
2022-10-04 13:26:30,800 [omNode-2-server-thread1] INFO  server.RaftServer$Division (RaftServerImpl.java:checkInconsistentAppendEntries(1402)) - omNode-2@group-523986131536: Failed appendEntries as snapshot (59) installation is in progress
2022-10-04 13:26:30,800 [omNode-2-server-thread1] INFO  server.RaftServer$Division (RaftServerImpl.java:checkInconsistentAppendEntries(1394)) - omNode-2@group-523986131536: inconsistency entries. Reply:omNode-1<-omNode-2#668:FAIL-t6,INCONSISTENCY,nextIndex=57,followerCommit=56
2022-10-04 13:26:30,801 [grpc-default-executor-0] INFO  impl.SnapshotInstallationHandler (SnapshotInstallationHandler.java:installSnapshot(84)) - omNode-2@group-523986131536: receive installSnapshot: omNode-1->omNode-2#0-t6,notify:(t:6, i:59)
2022-10-04 13:26:30,801 [grpc-default-executor-0] INFO  impl.SnapshotInstallationHandler (SnapshotInstallationHandler.java:installSnapshot(95)) - omNode-2@group-523986131536: reply installSnapshot: omNode-1<-omNode-2#0:FAIL-t6,IN_PROGRESS
2022-10-04 13:26:30,802 [grpc-default-executor-0] INFO  server.GrpcServerProtocolService (GrpcServerProtocolService.java:onCompleted(140)) - omNode-2: Completed INSTALL_SNAPSHOT, lastRequest: omNode-1->omNode-2#0-t6,notify:(t:6, i:59)
2022-10-04 13:26:30,802 [grpc-default-executor-2] INFO  leader.FollowerInfo (FollowerInfoImpl.java:lambda$new$0(48)) - omNode-1@group-523986131536->omNode-2: nextIndex: updateUnconditionally 57 -> 57
2022-10-04 13:26:30,803 [grpc-default-executor-2] INFO  server.GrpcLogAppender (GrpcLogAppender.java:onNext(403)) - omNode-1@group-523986131536->omNode-2-InstallSnapshotResponseHandler: received a reply omNode-1<-omNode-2#0:FAIL-t6,IN_PROGRESS
2022-10-04 13:26:30,803 [grpc-default-executor-2] INFO  server.GrpcLogAppender (GrpcLogAppender.java:onNext(421)) - omNode-1@group-523986131536->omNode-2-InstallSnapshotResponseHandler: InstallSnapshot in progress.
2022-10-04 13:26:30,803 [omNode-1@group-523986131536->omNode-2-GrpcLogAppender-LogAppenderDaemon] INFO  server.GrpcLogAppender (GrpcLogAppender.java:installSnapshot(541)) - omNode-1@group-523986131536->omNode-2-GrpcLogAppender: followerNextIndex = 57 but logStartIndex = 59, notify follower to install snapshot-(t:6, i:59)
2022-10-04 13:26:30,803 [omNode-1@group-523986131536->omNode-2-GrpcLogAppender-LogAppenderDaemon] INFO  server.GrpcLogAppender (GrpcLogAppender.java:installSnapshot(549)) - omNode-1@group-523986131536->omNode-2-GrpcLogAppender: send omNode-1->omNode-2#0-t6,notify:(t:6, i:59)
2022-10-04 13:26:30,804 [omNode-2-server-thread1] INFO  server.RaftServer$Division (RaftServerImpl.java:checkInconsistentAppendEntries(1402)) - omNode-2@group-523986131536: Failed appendEntries as snapshot (59) installation is in progress
2022-10-04 13:26:30,804 [omNode-2-server-thread1] INFO  server.RaftServer$Division (RaftServerImpl.java:checkInconsistentAppendEntries(1394)) - omNode-2@group-523986131536: inconsistency entries. Reply:omNode-1<-omNode-2#669:FAIL-t6,INCONSISTENCY,nextIndex=57,followerCommit=56
2022-10-04 13:26:30,804 [grpc-default-executor-0] INFO  impl.SnapshotInstallationHandler (SnapshotInstallationHandler.java:installSnapshot(84)) - omNode-2@group-523986131536: receive installSnapshot: omNode-1->omNode-2#0-t6,notify:(t:6, i:59)
2022-10-04 13:26:30,805 [grpc-default-executor-0] INFO  impl.SnapshotInstallationHandler (SnapshotInstallationHandler.java:installSnapshot(95)) - omNode-2@group-523986131536: reply installSnapshot: omNode-1<-omNode-2#0:FAIL-t6,IN_PROGRESS
2022-10-04 13:26:30,805 [grpc-default-executor-0] INFO  server.GrpcServerProtocolService (GrpcServerProtocolService.java:onCompleted(140)) - omNode-2: Completed INSTALL_SNAPSHOT, lastRequest: omNode-1->omNode-2#0-t6,notify:(t:6, i:59)
2022-10-04 13:26:30,805 [grpc-default-executor-2] INFO  leader.FollowerInfo (FollowerInfoImpl.java:lambda$new$0(48)) - omNode-1@group-523986131536->omNode-2: nextIndex: updateUnconditionally 57 -> 57
2022-10-04 13:26:30,805 [grpc-default-executor-0] INFO  server.GrpcLogAppender (GrpcLogAppender.java:onNext(403)) - omNode-1@group-523986131536->omNode-2-InstallSnapshotResponseHandler: received a reply omNode-1<-omNode-2#0:FAIL-t6,IN_PROGRESS
2022-10-04 13:26:30,805 [grpc-default-executor-0] INFO  server.GrpcLogAppender (GrpcLogAppender.java:onNext(421)) - omNode-1@group-523986131536->omNode-2-InstallSnapshotResponseHandler: InstallSnapshot in progress.
2022-10-04 13:26:30,806 [omNode-1@group-523986131536->omNode-2-GrpcLogAppender-LogAppenderDaemon] INFO  server.GrpcLogAppender (GrpcLogAppender.java:installSnapshot(541)) - omNode-1@group-523986131536->omNode-2-GrpcLogAppender: followerNextIndex = 57 but logStartIndex = 59, notify follower to install snapshot-(t:6, i:59)
2022-10-04 13:26:30,806 [omNode-1@group-523986131536->omNode-2-GrpcLogAppender-LogAppenderDaemon] INFO  server.GrpcLogAppender (GrpcLogAppender.java:installSnapshot(549)) - omNode-1@group-523986131536->omNode-2-GrpcLogAppender: send omNode-1->omNode-2#0-t6,notify:(t:6, i:59)
2022-10-04 13:26:30,809 [omNode-2-server-thread1] INFO  server.RaftServer$Division (RaftServerImpl.java:checkInconsistentAppendEntries(1402)) - omNode-2@group-523986131536: Failed appendEntries as snapshot (59) installation is in progress
2022-10-04 13:26:30,809 [omNode-2-server-thread1] INFO  server.RaftServer$Division (RaftServerImpl.java:checkInconsistentAppendEntries(1394)) - omNode-2@group-523986131536: inconsistency entries. Reply:omNode-1<-omNode-2#670:FAIL-t6,INCONSISTENCY,nextIndex=57,followerCommit=56
2022-10-04 13:26:30,810 [Listener at localhost/45931] WARN  impl.MetricRegistriesImpl (MetricRegistriesImpl.java:addReporterRegistration(111)) - New reporters are added after registries were created. Some metrics will be missing from the reporter. Please add reporter before adding any new registry.
2022-10-04 13:26:30,810 [Listener at localhost/45931] WARN  impl.MetricRegistriesImpl (MetricRegistriesImpl.java:addReporterRegistration(111)) - New reporters are added after registries were created. Some metrics will be missing from the reporter. Please add reporter before adding any new registry.
2022-10-04 13:26:30,810 [Listener at localhost/45931] WARN  server.ServerUtils (ServerUtils.java:getDefaultRatisDirectory(237)) - Storage directory for Ratis is not configured. It is a good idea to map this to an SSD disk. Falling back to ozone.metadata.dirs
2022-10-04 13:26:30,810 [grpc-default-executor-0] INFO  impl.SnapshotInstallationHandler (SnapshotInstallationHandler.java:installSnapshot(84)) - omNode-2@group-523986131536: receive installSnapshot: omNode-1->omNode-2#0-t6,notify:(t:6, i:59)
2022-10-04 13:26:30,811 [grpc-default-executor-0] INFO  impl.SnapshotInstallationHandler (SnapshotInstallationHandler.java:installSnapshot(95)) - omNode-2@group-523986131536: reply installSnapshot: omNode-1<-omNode-2#0:FAIL-t6,IN_PROGRESS
2022-10-04 13:26:30,811 [grpc-default-executor-0] INFO  server.GrpcServerProtocolService (GrpcServerProtocolService.java:onCompleted(140)) - omNode-2: Completed INSTALL_SNAPSHOT, lastRequest: omNode-1->omNode-2#0-t6,notify:(t:6, i:59)
2022-10-04 13:26:30,811 [Listener at localhost/45931] INFO  ratis.OzoneManagerRatisServer (OzoneManagerRatisServer.java:<init>(160)) - Instantiating OM Ratis server with groupID: om-service-test1 and peers: localhost:35537, localhost:42223, localhost:33535
2022-10-04 13:26:30,812 [grpc-default-executor-0] INFO  leader.FollowerInfo (FollowerInfoImpl.java:lambda$new$0(48)) - omNode-1@group-523986131536->omNode-2: nextIndex: updateUnconditionally 57 -> 57
2022-10-04 13:26:30,812 [grpc-default-executor-2] INFO  server.GrpcLogAppender (GrpcLogAppender.java:onNext(403)) - omNode-1@group-523986131536->omNode-2-InstallSnapshotResponseHandler: received a reply omNode-1<-omNode-2#0:FAIL-t6,IN_PROGRESS
2022-10-04 13:26:30,812 [grpc-default-executor-2] INFO  server.GrpcLogAppender (GrpcLogAppender.java:onNext(421)) - omNode-1@group-523986131536->omNode-2-InstallSnapshotResponseHandler: InstallSnapshot in progress.
2022-10-04 13:26:30,812 [Listener at localhost/45931] INFO  ratis.OzoneManagerStateMachine (OzoneManagerStateMachine.java:loadSnapshotInfoFromDB(632)) - LastAppliedIndex is set from TransactionInfo from OM DB as (t:6, i:141)
2022-10-04 13:26:30,812 [omNode-1@group-523986131536->omNode-2-GrpcLogAppender-LogAppenderDaemon] INFO  server.GrpcLogAppender (GrpcLogAppender.java:installSnapshot(541)) - omNode-1@group-523986131536->omNode-2-GrpcLogAppender: followerNextIndex = 57 but logStartIndex = 59, notify follower to install snapshot-(t:6, i:59)
2022-10-04 13:26:30,812 [omNode-1@group-523986131536->omNode-2-GrpcLogAppender-LogAppenderDaemon] INFO  server.GrpcLogAppender (GrpcLogAppender.java:installSnapshot(549)) - omNode-1@group-523986131536->omNode-2-GrpcLogAppender: send omNode-1->omNode-2#0-t6,notify:(t:6, i:59)
2022-10-04 13:26:30,813 [omNode-2-server-thread1] INFO  server.RaftServer$Division (RaftServerImpl.java:checkInconsistentAppendEntries(1402)) - omNode-2@group-523986131536: Failed appendEntries as snapshot (59) installation is in progress
2022-10-04 13:26:30,813 [omNode-2-server-thread1] INFO  server.RaftServer$Division (RaftServerImpl.java:checkInconsistentAppendEntries(1394)) - omNode-2@group-523986131536: inconsistency entries. Reply:omNode-1<-omNode-2#671:FAIL-t6,INCONSISTENCY,nextIndex=57,followerCommit=56
2022-10-04 13:26:30,813 [grpc-default-executor-0] INFO  impl.SnapshotInstallationHandler (SnapshotInstallationHandler.java:installSnapshot(84)) - omNode-2@group-523986131536: receive installSnapshot: omNode-1->omNode-2#0-t6,notify:(t:6, i:59)
2022-10-04 13:26:30,814 [grpc-default-executor-0] INFO  impl.SnapshotInstallationHandler (SnapshotInstallationHandler.java:installSnapshot(95)) - omNode-2@group-523986131536: reply installSnapshot: omNode-1<-omNode-2#0:FAIL-t6,IN_PROGRESS
2022-10-04 13:26:30,814 [grpc-default-executor-0] INFO  server.GrpcServerProtocolService (GrpcServerProtocolService.java:onCompleted(140)) - omNode-2: Completed INSTALL_SNAPSHOT, lastRequest: omNode-1->omNode-2#0-t6,notify:(t:6, i:59)
2022-10-04 13:26:30,814 [grpc-default-executor-2] INFO  leader.FollowerInfo (FollowerInfoImpl.java:lambda$new$0(48)) - omNode-1@group-523986131536->omNode-2: nextIndex: updateUnconditionally 57 -> 57
2022-10-04 13:26:30,817 [grpc-default-executor-2] INFO  server.GrpcLogAppender (GrpcLogAppender.java:onNext(403)) - omNode-1@group-523986131536->omNode-2-InstallSnapshotResponseHandler: received a reply omNode-1<-omNode-2#0:FAIL-t6,IN_PROGRESS
2022-10-04 13:26:30,817 [grpc-default-executor-2] INFO  server.GrpcLogAppender (GrpcLogAppender.java:onNext(421)) - omNode-1@group-523986131536->omNode-2-InstallSnapshotResponseHandler: InstallSnapshot in progress.
2022-10-04 13:26:30,817 [omNode-1@group-523986131536->omNode-2-GrpcLogAppender-LogAppenderDaemon] INFO  server.GrpcLogAppender (GrpcLogAppender.java:installSnapshot(541)) - omNode-1@group-523986131536->omNode-2-GrpcLogAppender: followerNextIndex = 57 but logStartIndex = 59, notify follower to install snapshot-(t:6, i:59)
2022-10-04 13:26:30,817 [omNode-1@group-523986131536->omNode-2-GrpcLogAppender-LogAppenderDaemon] INFO  server.GrpcLogAppender (GrpcLogAppender.java:installSnapshot(549)) - omNode-1@group-523986131536->omNode-2-GrpcLogAppender: send omNode-1->omNode-2#0-t6,notify:(t:6, i:59)
2022-10-04 13:26:30,818 [omNode-2-server-thread1] INFO  server.RaftServer$Division (RaftServerImpl.java:checkInconsistentAppendEntries(1402)) - omNode-2@group-523986131536: Failed appendEntries as snapshot (59) installation is in progress
2022-10-04 13:26:30,819 [omNode-2-server-thread1] INFO  server.RaftServer$Division (RaftServerImpl.java:checkInconsistentAppendEntries(1394)) - omNode-2@group-523986131536: inconsistency entries. Reply:omNode-1<-omNode-2#672:FAIL-t6,INCONSISTENCY,nextIndex=57,followerCommit=56
2022-10-04 13:26:30,819 [grpc-default-executor-2] INFO  impl.SnapshotInstallationHandler (SnapshotInstallationHandler.java:installSnapshot(84)) - omNode-2@group-523986131536: receive installSnapshot: omNode-1->omNode-2#0-t6,notify:(t:6, i:59)
2022-10-04 13:26:30,819 [grpc-default-executor-2] INFO  impl.SnapshotInstallationHandler (SnapshotInstallationHandler.java:installSnapshot(95)) - omNode-2@group-523986131536: reply installSnapshot: omNode-1<-omNode-2#0:FAIL-t6,IN_PROGRESS
2022-10-04 13:26:30,819 [grpc-default-executor-2] INFO  server.GrpcServerProtocolService (GrpcServerProtocolService.java:onCompleted(140)) - omNode-2: Completed INSTALL_SNAPSHOT, lastRequest: omNode-1->omNode-2#0-t6,notify:(t:6, i:59)
2022-10-04 13:26:30,819 [grpc-default-executor-0] INFO  server.GrpcLogAppender (GrpcLogAppender.java:onNext(403)) - omNode-1@group-523986131536->omNode-2-InstallSnapshotResponseHandler: received a reply omNode-1<-omNode-2#0:FAIL-t6,IN_PROGRESS
2022-10-04 13:26:30,820 [grpc-default-executor-0] INFO  server.GrpcLogAppender (GrpcLogAppender.java:onNext(421)) - omNode-1@group-523986131536->omNode-2-InstallSnapshotResponseHandler: InstallSnapshot in progress.
2022-10-04 13:26:30,820 [omNode-1@group-523986131536->omNode-2-GrpcLogAppender-LogAppenderDaemon] INFO  server.GrpcLogAppender (GrpcLogAppender.java:installSnapshot(541)) - omNode-1@group-523986131536->omNode-2-GrpcLogAppender: followerNextIndex = 57 but logStartIndex = 59, notify follower to install snapshot-(t:6, i:59)
2022-10-04 13:26:30,820 [omNode-1@group-523986131536->omNode-2-GrpcLogAppender-LogAppenderDaemon] INFO  server.GrpcLogAppender (GrpcLogAppender.java:installSnapshot(549)) - omNode-1@group-523986131536->omNode-2-GrpcLogAppender: send omNode-1->omNode-2#0-t6,notify:(t:6, i:59)
2022-10-04 13:26:30,820 [omNode-2-server-thread1] INFO  server.RaftServer$Division (RaftServerImpl.java:checkInconsistentAppendEntries(1402)) - omNode-2@group-523986131536: Failed appendEntries as snapshot (59) installation is in progress
2022-10-04 13:26:30,820 [omNode-2-server-thread1] INFO  server.RaftServer$Division (RaftServerImpl.java:checkInconsistentAppendEntries(1394)) - omNode-2@group-523986131536: inconsistency entries. Reply:omNode-1<-omNode-2#673:FAIL-t6,INCONSISTENCY,nextIndex=57,followerCommit=56
2022-10-04 13:26:30,821 [grpc-default-executor-0] INFO  leader.FollowerInfo (FollowerInfoImpl.java:lambda$new$0(48)) - omNode-1@group-523986131536->omNode-2: nextIndex: updateUnconditionally 57 -> 57
2022-10-04 13:26:30,821 [grpc-default-executor-2] INFO  impl.SnapshotInstallationHandler (SnapshotInstallationHandler.java:installSnapshot(84)) - omNode-2@group-523986131536: receive installSnapshot: omNode-1->omNode-2#0-t6,notify:(t:6, i:59)
2022-10-04 13:26:30,821 [grpc-default-executor-2] INFO  impl.SnapshotInstallationHandler (SnapshotInstallationHandler.java:installSnapshot(95)) - omNode-2@group-523986131536: reply installSnapshot: omNode-1<-omNode-2#0:FAIL-t6,IN_PROGRESS
2022-10-04 13:26:30,822 [grpc-default-executor-2] INFO  server.GrpcServerProtocolService (GrpcServerProtocolService.java:onCompleted(140)) - omNode-2: Completed INSTALL_SNAPSHOT, lastRequest: omNode-1->omNode-2#0-t6,notify:(t:6, i:59)
2022-10-04 13:26:30,822 [grpc-default-executor-3] INFO  leader.FollowerInfo (FollowerInfoImpl.java:lambda$new$0(48)) - omNode-1@group-523986131536->omNode-2: nextIndex: updateUnconditionally 57 -> 57
2022-10-04 13:26:30,822 [grpc-default-executor-3] INFO  server.GrpcLogAppender (GrpcLogAppender.java:onNext(403)) - omNode-1@group-523986131536->omNode-2-InstallSnapshotResponseHandler: received a reply omNode-1<-omNode-2#0:FAIL-t6,IN_PROGRESS
2022-10-04 13:26:30,822 [grpc-default-executor-3] INFO  server.GrpcLogAppender (GrpcLogAppender.java:onNext(421)) - omNode-1@group-523986131536->omNode-2-InstallSnapshotResponseHandler: InstallSnapshot in progress.
2022-10-04 13:26:30,823 [omNode-1@group-523986131536->omNode-2-GrpcLogAppender-LogAppenderDaemon] INFO  server.GrpcLogAppender (GrpcLogAppender.java:installSnapshot(541)) - omNode-1@group-523986131536->omNode-2-GrpcLogAppender: followerNextIndex = 57 but logStartIndex = 59, notify follower to install snapshot-(t:6, i:59)
2022-10-04 13:26:30,823 [omNode-1@group-523986131536->omNode-2-GrpcLogAppender-LogAppenderDaemon] INFO  server.GrpcLogAppender (GrpcLogAppender.java:installSnapshot(549)) - omNode-1@group-523986131536->omNode-2-GrpcLogAppender: send omNode-1->omNode-2#0-t6,notify:(t:6, i:59)
2022-10-04 13:26:30,823 [omNode-2-server-thread1] INFO  server.RaftServer$Division (RaftServerImpl.java:checkInconsistentAppendEntries(1402)) - omNode-2@group-523986131536: Failed appendEntries as snapshot (59) installation is in progress
2022-10-04 13:26:30,823 [omNode-2-server-thread1] INFO  server.RaftServer$Division (RaftServerImpl.java:checkInconsistentAppendEntries(1394)) - omNode-2@group-523986131536: inconsistency entries. Reply:omNode-1<-omNode-2#674:FAIL-t6,INCONSISTENCY,nextIndex=57,followerCommit=56
2022-10-04 13:26:30,823 [Listener at localhost/45931] INFO  server.RaftServer (ConfUtils.java:logGet(46)) - raft.rpc.type = GRPC (default)
2022-10-04 13:26:30,824 [Listener at localhost/45931] INFO  grpc.GrpcFactory (GrpcFactory.java:checkPooledByteBufAllocatorUseCacheForAllThreads(48)) - PERFORMANCE WARNING: useCacheForAllThreads is true that may cause Netty to create a lot garbage objects and, as a result, trigger GC.
	It is recommended to disable useCacheForAllThreads by setting -Dorg.apache.ratis.thirdparty.io.netty.allocator.useCacheForAllThreads=false in command line.
2022-10-04 13:26:30,824 [Listener at localhost/45931] INFO  grpc.GrpcConfigKeys (ConfUtils.java:logGet(46)) - raft.grpc.admin.port = -1 (default)
2022-10-04 13:26:30,825 [Listener at localhost/45931] INFO  grpc.GrpcConfigKeys (ConfUtils.java:logGet(46)) - raft.grpc.server.port = 35537 (custom)
2022-10-04 13:26:30,825 [Listener at localhost/45931] INFO  grpc.GrpcConfigKeys (ConfUtils.java:logGet(46)) - raft.grpc.client.port = -1 (default)
2022-10-04 13:26:30,826 [Listener at localhost/45931] INFO  grpc.GrpcConfigKeys (ConfUtils.java:logGet(46)) - raft.grpc.server.port = 35537 (custom)
2022-10-04 13:26:30,826 [Listener at localhost/45931] INFO  grpc.GrpcConfigKeys (ConfUtils.java:logGet(46)) - raft.grpc.server.port = 35537 (custom)
2022-10-04 13:26:30,826 [Listener at localhost/45931] INFO  server.GrpcService (ConfUtils.java:logGet(46)) - raft.grpc.message.size.max = 33554432 (custom)
2022-10-04 13:26:30,826 [Listener at localhost/45931] INFO  server.RaftServerConfigKeys (ConfUtils.java:logGet(46)) - raft.server.log.appender.buffer.byte-limit = 33554432 (custom)
2022-10-04 13:26:30,827 [Listener at localhost/45931] INFO  server.GrpcService (ConfUtils.java:logGet(46)) - raft.grpc.flow.control.window = 1MB (=1048576) (default)
2022-10-04 13:26:30,827 [Listener at localhost/45931] INFO  server.RaftServerConfigKeys (ConfUtils.java:logGet(46)) - raft.server.rpc.request.timeout = 3000ms (default)
2022-10-04 13:26:30,827 [Listener at localhost/45931] INFO  grpc.GrpcConfigKeys (ConfUtils.java:logGet(46)) - raft.grpc.server.async.request.thread.pool.cached = true (default)
2022-10-04 13:26:30,827 [Listener at localhost/45931] INFO  grpc.GrpcConfigKeys (ConfUtils.java:logGet(46)) - raft.grpc.server.async.request.thread.pool.size = 32 (default)
2022-10-04 13:26:30,828 [grpc-default-executor-2] INFO  impl.SnapshotInstallationHandler (SnapshotInstallationHandler.java:installSnapshot(84)) - omNode-2@group-523986131536: receive installSnapshot: omNode-1->omNode-2#0-t6,notify:(t:6, i:59)
2022-10-04 13:26:30,828 [grpc-default-executor-2] INFO  impl.SnapshotInstallationHandler (SnapshotInstallationHandler.java:installSnapshot(95)) - omNode-2@group-523986131536: reply installSnapshot: omNode-1<-omNode-2#0:FAIL-t6,IN_PROGRESS
2022-10-04 13:26:30,828 [grpc-default-executor-2] INFO  server.GrpcServerProtocolService (GrpcServerProtocolService.java:onCompleted(140)) - omNode-2: Completed INSTALL_SNAPSHOT, lastRequest: omNode-1->omNode-2#0-t6,notify:(t:6, i:59)
2022-10-04 13:26:30,828 [grpc-default-executor-3] INFO  leader.FollowerInfo (FollowerInfoImpl.java:lambda$new$0(48)) - omNode-1@group-523986131536->omNode-2: nextIndex: updateUnconditionally 57 -> 57
2022-10-04 13:26:30,829 [Listener at localhost/45931] INFO  impl.DataStreamServerImpl (ConfUtils.java:logGet(46)) - raft.datastream.type = DISABLED (default)
2022-10-04 13:26:30,829 [Listener at localhost/45931] INFO  server.RaftServerConfigKeys (ConfUtils.java:logGet(46)) - raft.server.threadpool.proxy.cached = true (default)
2022-10-04 13:26:30,830 [Listener at localhost/45931] INFO  server.RaftServerConfigKeys (ConfUtils.java:logGet(46)) - raft.server.threadpool.proxy.size = 0 (default)
2022-10-04 13:26:30,830 [Listener at localhost/45931] INFO  server.RaftServerConfigKeys (ConfUtils.java:logGet(46)) - raft.server.rpc.slowness.timeout = 2s (custom)
2022-10-04 13:26:30,830 [Listener at localhost/45931] INFO  server.RaftServerConfigKeys (ConfUtils.java:logGet(46)) - raft.server.leaderelection.leader.step-down.wait-time = 10s (default)
2022-10-04 13:26:30,830 [Listener at localhost/45931] INFO  server.RaftServerConfigKeys (ConfUtils.java:logGet(46)) - raft.server.storage.dir = [/home/runner/work/ozone/ozone/hadoop-ozone/integration-test/target/test-dir/MiniOzoneClusterImpl-6e9557d8-a31c-49e5-bba1-8bc95799a8b8/omNode-3/ratis] (custom)
2022-10-04 13:26:30,831 [grpc-default-executor-3] INFO  server.GrpcLogAppender (GrpcLogAppender.java:onNext(403)) - omNode-1@group-523986131536->omNode-2-InstallSnapshotResponseHandler: received a reply omNode-1<-omNode-2#0:FAIL-t6,IN_PROGRESS
2022-10-04 13:26:30,831 [grpc-default-executor-3] INFO  server.GrpcLogAppender (GrpcLogAppender.java:onNext(421)) - omNode-1@group-523986131536->omNode-2-InstallSnapshotResponseHandler: InstallSnapshot in progress.
2022-10-04 13:26:30,831 [omNode-1@group-523986131536->omNode-2-GrpcLogAppender-LogAppenderDaemon] INFO  server.GrpcLogAppender (GrpcLogAppender.java:installSnapshot(541)) - omNode-1@group-523986131536->omNode-2-GrpcLogAppender: followerNextIndex = 57 but logStartIndex = 59, notify follower to install snapshot-(t:6, i:59)
2022-10-04 13:26:30,831 [omNode-1@group-523986131536->omNode-2-GrpcLogAppender-LogAppenderDaemon] INFO  server.GrpcLogAppender (GrpcLogAppender.java:installSnapshot(549)) - omNode-1@group-523986131536->omNode-2-GrpcLogAppender: send omNode-1->omNode-2#0-t6,notify:(t:6, i:59)
2022-10-04 13:26:30,831 [omNode-2-server-thread1] INFO  server.RaftServer$Division (RaftServerImpl.java:checkInconsistentAppendEntries(1402)) - omNode-2@group-523986131536: Failed appendEntries as snapshot (59) installation is in progress
2022-10-04 13:26:30,831 [omNode-2-server-thread1] INFO  server.RaftServer$Division (RaftServerImpl.java:checkInconsistentAppendEntries(1394)) - omNode-2@group-523986131536: inconsistency entries. Reply:omNode-1<-omNode-2#675:FAIL-t6,INCONSISTENCY,nextIndex=57,followerCommit=56
2022-10-04 13:26:30,832 [grpc-default-executor-3] INFO  impl.SnapshotInstallationHandler (SnapshotInstallationHandler.java:installSnapshot(84)) - omNode-2@group-523986131536: receive installSnapshot: omNode-1->omNode-2#0-t6,notify:(t:6, i:59)
2022-10-04 13:26:30,832 [grpc-default-executor-3] INFO  impl.SnapshotInstallationHandler (SnapshotInstallationHandler.java:installSnapshot(95)) - omNode-2@group-523986131536: reply installSnapshot: omNode-1<-omNode-2#0:FAIL-t6,IN_PROGRESS
2022-10-04 13:26:30,832 [grpc-default-executor-3] INFO  server.GrpcServerProtocolService (GrpcServerProtocolService.java:onCompleted(140)) - omNode-2: Completed INSTALL_SNAPSHOT, lastRequest: omNode-1->omNode-2#0-t6,notify:(t:6, i:59)
2022-10-04 13:26:30,832 [grpc-default-executor-2] INFO  leader.FollowerInfo (FollowerInfoImpl.java:lambda$new$0(48)) - omNode-1@group-523986131536->omNode-2: nextIndex: updateUnconditionally 57 -> 57
2022-10-04 13:26:30,833 [grpc-default-executor-2] INFO  server.GrpcLogAppender (GrpcLogAppender.java:onNext(403)) - omNode-1@group-523986131536->omNode-2-InstallSnapshotResponseHandler: received a reply omNode-1<-omNode-2#0:FAIL-t6,IN_PROGRESS
2022-10-04 13:26:30,833 [grpc-default-executor-2] INFO  server.GrpcLogAppender (GrpcLogAppender.java:onNext(421)) - omNode-1@group-523986131536->omNode-2-InstallSnapshotResponseHandler: InstallSnapshot in progress.
2022-10-04 13:26:30,833 [omNode-1@group-523986131536->omNode-2-GrpcLogAppender-LogAppenderDaemon] INFO  server.GrpcLogAppender (GrpcLogAppender.java:installSnapshot(541)) - omNode-1@group-523986131536->omNode-2-GrpcLogAppender: followerNextIndex = 57 but logStartIndex = 59, notify follower to install snapshot-(t:6, i:59)
2022-10-04 13:26:30,833 [omNode-1@group-523986131536->omNode-2-GrpcLogAppender-LogAppenderDaemon] INFO  server.GrpcLogAppender (GrpcLogAppender.java:installSnapshot(549)) - omNode-1@group-523986131536->omNode-2-GrpcLogAppender: send omNode-1->omNode-2#0-t6,notify:(t:6, i:59)
2022-10-04 13:26:30,833 [omNode-2-server-thread1] INFO  server.RaftServer$Division (RaftServerImpl.java:checkInconsistentAppendEntries(1402)) - omNode-2@group-523986131536: Failed appendEntries as snapshot (59) installation is in progress
2022-10-04 13:26:30,834 [omNode-2-server-thread1] INFO  server.RaftServer$Division (RaftServerImpl.java:checkInconsistentAppendEntries(1394)) - omNode-2@group-523986131536: inconsistency entries. Reply:omNode-1<-omNode-2#676:FAIL-t6,INCONSISTENCY,nextIndex=57,followerCommit=56
2022-10-04 13:26:30,834 [grpc-default-executor-3] INFO  impl.SnapshotInstallationHandler (SnapshotInstallationHandler.java:installSnapshot(84)) - omNode-2@group-523986131536: receive installSnapshot: omNode-1->omNode-2#0-t6,notify:(t:6, i:59)
2022-10-04 13:26:30,834 [grpc-default-executor-3] INFO  impl.SnapshotInstallationHandler (SnapshotInstallationHandler.java:installSnapshot(95)) - omNode-2@group-523986131536: reply installSnapshot: omNode-1<-omNode-2#0:FAIL-t6,IN_PROGRESS
2022-10-04 13:26:30,835 [grpc-default-executor-3] INFO  server.GrpcServerProtocolService (GrpcServerProtocolService.java:onCompleted(140)) - omNode-2: Completed INSTALL_SNAPSHOT, lastRequest: omNode-1->omNode-2#0-t6,notify:(t:6, i:59)
2022-10-04 13:26:30,835 [grpc-default-executor-2] INFO  leader.FollowerInfo (FollowerInfoImpl.java:lambda$new$0(48)) - omNode-1@group-523986131536->omNode-2: nextIndex: updateUnconditionally 57 -> 57
2022-10-04 13:26:30,835 [grpc-default-executor-3] INFO  server.GrpcLogAppender (GrpcLogAppender.java:onNext(403)) - omNode-1@group-523986131536->omNode-2-InstallSnapshotResponseHandler: received a reply omNode-1<-omNode-2#0:FAIL-t6,IN_PROGRESS
2022-10-04 13:26:30,835 [grpc-default-executor-3] INFO  server.GrpcLogAppender (GrpcLogAppender.java:onNext(421)) - omNode-1@group-523986131536->omNode-2-InstallSnapshotResponseHandler: InstallSnapshot in progress.
2022-10-04 13:26:30,835 [omNode-1@group-523986131536->omNode-2-GrpcLogAppender-LogAppenderDaemon] INFO  server.GrpcLogAppender (GrpcLogAppender.java:installSnapshot(541)) - omNode-1@group-523986131536->omNode-2-GrpcLogAppender: followerNextIndex = 57 but logStartIndex = 59, notify follower to install snapshot-(t:6, i:59)
2022-10-04 13:26:30,835 [omNode-1@group-523986131536->omNode-2-GrpcLogAppender-LogAppenderDaemon] INFO  server.GrpcLogAppender (GrpcLogAppender.java:installSnapshot(549)) - omNode-1@group-523986131536->omNode-2-GrpcLogAppender: send omNode-1->omNode-2#0-t6,notify:(t:6, i:59)
2022-10-04 13:26:30,837 [omNode-2-server-thread1] INFO  server.RaftServer$Division (RaftServerImpl.java:checkInconsistentAppendEntries(1402)) - omNode-2@group-523986131536: Failed appendEntries as snapshot (59) installation is in progress
2022-10-04 13:26:30,837 [omNode-2-server-thread1] INFO  server.RaftServer$Division (RaftServerImpl.java:checkInconsistentAppendEntries(1394)) - omNode-2@group-523986131536: inconsistency entries. Reply:omNode-1<-omNode-2#677:FAIL-t6,INCONSISTENCY,nextIndex=57,followerCommit=56
2022-10-04 13:26:30,841 [grpc-default-executor-3] INFO  impl.SnapshotInstallationHandler (SnapshotInstallationHandler.java:installSnapshot(84)) - omNode-2@group-523986131536: receive installSnapshot: omNode-1->omNode-2#0-t6,notify:(t:6, i:59)
2022-10-04 13:26:30,841 [grpc-default-executor-3] INFO  impl.SnapshotInstallationHandler (SnapshotInstallationHandler.java:installSnapshot(95)) - omNode-2@group-523986131536: reply installSnapshot: omNode-1<-omNode-2#0:FAIL-t6,IN_PROGRESS
2022-10-04 13:26:30,841 [grpc-default-executor-3] INFO  server.GrpcServerProtocolService (GrpcServerProtocolService.java:onCompleted(140)) - omNode-2: Completed INSTALL_SNAPSHOT, lastRequest: omNode-1->omNode-2#0-t6,notify:(t:6, i:59)
2022-10-04 13:26:30,842 [grpc-default-executor-2] INFO  leader.FollowerInfo (FollowerInfoImpl.java:lambda$new$0(48)) - omNode-1@group-523986131536->omNode-2: nextIndex: updateUnconditionally 57 -> 57
2022-10-04 13:26:30,842 [grpc-default-executor-3] INFO  server.GrpcLogAppender (GrpcLogAppender.java:onNext(403)) - omNode-1@group-523986131536->omNode-2-InstallSnapshotResponseHandler: received a reply omNode-1<-omNode-2#0:FAIL-t6,IN_PROGRESS
2022-10-04 13:26:30,842 [grpc-default-executor-3] INFO  server.GrpcLogAppender (GrpcLogAppender.java:onNext(421)) - omNode-1@group-523986131536->omNode-2-InstallSnapshotResponseHandler: InstallSnapshot in progress.
2022-10-04 13:26:30,842 [omNode-3-impl-thread1] INFO  server.RaftServer (RaftServerProxy.java:initGroupDir(247)) - omNode-3: found a subdirectory /home/runner/work/ozone/ozone/hadoop-ozone/integration-test/target/test-dir/MiniOzoneClusterImpl-6e9557d8-a31c-49e5-bba1-8bc95799a8b8/omNode-3/ratis/c9bc4cf4-3bc3-3c60-a66b-523986131536
2022-10-04 13:26:30,842 [omNode-2-server-thread1] INFO  server.RaftServer$Division (RaftServerImpl.java:checkInconsistentAppendEntries(1402)) - omNode-2@group-523986131536: Failed appendEntries as snapshot (59) installation is in progress
2022-10-04 13:26:30,842 [omNode-1@group-523986131536->omNode-2-GrpcLogAppender-LogAppenderDaemon] INFO  server.GrpcLogAppender (GrpcLogAppender.java:installSnapshot(541)) - omNode-1@group-523986131536->omNode-2-GrpcLogAppender: followerNextIndex = 57 but logStartIndex = 59, notify follower to install snapshot-(t:6, i:59)
2022-10-04 13:26:30,843 [omNode-1@group-523986131536->omNode-2-GrpcLogAppender-LogAppenderDaemon] INFO  server.GrpcLogAppender (GrpcLogAppender.java:installSnapshot(549)) - omNode-1@group-523986131536->omNode-2-GrpcLogAppender: send omNode-1->omNode-2#0-t6,notify:(t:6, i:59)
2022-10-04 13:26:30,842 [omNode-2-server-thread1] INFO  server.RaftServer$Division (RaftServerImpl.java:checkInconsistentAppendEntries(1394)) - omNode-2@group-523986131536: inconsistency entries. Reply:omNode-1<-omNode-2#678:FAIL-t6,INCONSISTENCY,nextIndex=57,followerCommit=56
2022-10-04 13:26:30,844 [grpc-default-executor-2] INFO  impl.SnapshotInstallationHandler (SnapshotInstallationHandler.java:installSnapshot(84)) - omNode-2@group-523986131536: receive installSnapshot: omNode-1->omNode-2#0-t6,notify:(t:6, i:59)
2022-10-04 13:26:30,844 [grpc-default-executor-2] INFO  impl.SnapshotInstallationHandler (SnapshotInstallationHandler.java:installSnapshot(95)) - omNode-2@group-523986131536: reply installSnapshot: omNode-1<-omNode-2#0:FAIL-t6,IN_PROGRESS
2022-10-04 13:26:30,844 [grpc-default-executor-2] INFO  server.GrpcServerProtocolService (GrpcServerProtocolService.java:onCompleted(140)) - omNode-2: Completed INSTALL_SNAPSHOT, lastRequest: omNode-1->omNode-2#0-t6,notify:(t:6, i:59)
2022-10-04 13:26:30,844 [grpc-default-executor-3] INFO  leader.FollowerInfo (FollowerInfoImpl.java:lambda$new$0(48)) - omNode-1@group-523986131536->omNode-2: nextIndex: updateUnconditionally 57 -> 57
2022-10-04 13:26:30,844 [grpc-default-executor-2] INFO  server.GrpcLogAppender (GrpcLogAppender.java:onNext(403)) - omNode-1@group-523986131536->omNode-2-InstallSnapshotResponseHandler: received a reply omNode-1<-omNode-2#0:FAIL-t6,IN_PROGRESS
2022-10-04 13:26:30,845 [grpc-default-executor-2] INFO  server.GrpcLogAppender (GrpcLogAppender.java:onNext(421)) - omNode-1@group-523986131536->omNode-2-InstallSnapshotResponseHandler: InstallSnapshot in progress.
2022-10-04 13:26:30,846 [omNode-1@group-523986131536->omNode-2-GrpcLogAppender-LogAppenderDaemon] INFO  server.GrpcLogAppender (GrpcLogAppender.java:installSnapshot(541)) - omNode-1@group-523986131536->omNode-2-GrpcLogAppender: followerNextIndex = 57 but logStartIndex = 59, notify follower to install snapshot-(t:6, i:59)
2022-10-04 13:26:30,846 [omNode-1@group-523986131536->omNode-2-GrpcLogAppender-LogAppenderDaemon] INFO  server.GrpcLogAppender (GrpcLogAppender.java:installSnapshot(549)) - omNode-1@group-523986131536->omNode-2-GrpcLogAppender: send omNode-1->omNode-2#0-t6,notify:(t:6, i:59)
2022-10-04 13:26:30,847 [omNode-2-server-thread1] INFO  server.RaftServer$Division (RaftServerImpl.java:checkInconsistentAppendEntries(1402)) - omNode-2@group-523986131536: Failed appendEntries as snapshot (59) installation is in progress
2022-10-04 13:26:30,847 [grpc-default-executor-1] INFO  impl.SnapshotInstallationHandler (SnapshotInstallationHandler.java:installSnapshot(84)) - omNode-2@group-523986131536: receive installSnapshot: omNode-1->omNode-2#0-t6,notify:(t:6, i:59)
2022-10-04 13:26:30,848 [Listener at localhost/45931] INFO  server.RaftServer (RaftServerProxy.java:addNew(96)) - omNode-3: addNew group-523986131536:[omNode-3|rpc:localhost:35537|priority:0, omNode-1|rpc:localhost:42223|priority:0, omNode-2|rpc:localhost:33535|priority:0] returns group-523986131536:java.util.concurrent.CompletableFuture@47c07998[Not completed]
2022-10-04 13:26:30,848 [Listener at localhost/45931] INFO  om.OzoneManager (OzoneManager.java:initializeRatisServer(1977)) - OzoneManager Ratis server initialized at port 35537
2022-10-04 13:26:30,848 [Listener at localhost/45931] INFO  ratis.OzoneManagerRatisServer (OzoneManagerRatisServer.java:start(555)) - Starting OzoneManagerRatisServer omNode-3 at port 35537
2022-10-04 13:26:30,847 [omNode-2-server-thread1] INFO  server.RaftServer$Division (RaftServerImpl.java:checkInconsistentAppendEntries(1394)) - omNode-2@group-523986131536: inconsistency entries. Reply:omNode-1<-omNode-2#679:FAIL-t6,INCONSISTENCY,nextIndex=57,followerCommit=56
2022-10-04 13:26:30,848 [grpc-default-executor-1] INFO  impl.SnapshotInstallationHandler (SnapshotInstallationHandler.java:installSnapshot(95)) - omNode-2@group-523986131536: reply installSnapshot: omNode-1<-omNode-2#0:FAIL-t6,IN_PROGRESS
2022-10-04 13:26:30,849 [grpc-default-executor-1] INFO  server.GrpcServerProtocolService (GrpcServerProtocolService.java:onCompleted(140)) - omNode-2: Completed INSTALL_SNAPSHOT, lastRequest: omNode-1->omNode-2#0-t6,notify:(t:6, i:59)
2022-10-04 13:26:30,848 [pool-440-thread-1] INFO  server.RaftServer$Division (RaftServerImpl.java:<init>(190)) - omNode-3: new RaftServerImpl for group-523986131536:[omNode-3|rpc:localhost:35537|priority:0, omNode-1|rpc:localhost:42223|priority:0, omNode-2|rpc:localhost:33535|priority:0] with OzoneManagerStateMachine:uninitialized
2022-10-04 13:26:30,851 [grpc-default-executor-2] INFO  server.GrpcLogAppender (GrpcLogAppender.java:onNext(403)) - omNode-1@group-523986131536->omNode-2-InstallSnapshotResponseHandler: received a reply omNode-1<-omNode-2#0:FAIL-t6,IN_PROGRESS
2022-10-04 13:26:30,851 [pool-440-thread-1] INFO  server.RaftServerConfigKeys (ConfUtils.java:logGet(46)) - raft.server.rpc.timeout.min = 1s (custom)
2022-10-04 13:26:30,851 [pool-440-thread-1] INFO  server.RaftServerConfigKeys (ConfUtils.java:logGet(46)) - raft.server.rpc.timeout.max = 1200ms (custom)
2022-10-04 13:26:30,851 [grpc-default-executor-2] INFO  server.GrpcLogAppender (GrpcLogAppender.java:onNext(421)) - omNode-1@group-523986131536->omNode-2-InstallSnapshotResponseHandler: InstallSnapshot in progress.
2022-10-04 13:26:30,851 [pool-440-thread-1] INFO  server.RaftServerConfigKeys (ConfUtils.java:logGet(46)) - raft.server.rpc.sleep.time = 25ms (default)
2022-10-04 13:26:30,851 [grpc-default-executor-1] INFO  leader.FollowerInfo (FollowerInfoImpl.java:lambda$new$0(48)) - omNode-1@group-523986131536->omNode-2: nextIndex: updateUnconditionally 57 -> 57
2022-10-04 13:26:30,853 [pool-440-thread-1] INFO  server.RaftServerConfigKeys (ConfUtils.java:logGet(46)) - raft.server.rpc.slowness.timeout = 2s (custom)
2022-10-04 13:26:30,853 [pool-440-thread-1] INFO  server.RaftServerConfigKeys (ConfUtils.java:logGet(46)) - raft.server.leaderelection.leader.step-down.wait-time = 10s (default)
2022-10-04 13:26:30,853 [omNode-2-server-thread1] INFO  server.RaftServer$Division (RaftServerImpl.java:checkInconsistentAppendEntries(1402)) - omNode-2@group-523986131536: Failed appendEntries as snapshot (59) installation is in progress
2022-10-04 13:26:30,853 [omNode-1@group-523986131536->omNode-2-GrpcLogAppender-LogAppenderDaemon] INFO  server.GrpcLogAppender (GrpcLogAppender.java:installSnapshot(541)) - omNode-1@group-523986131536->omNode-2-GrpcLogAppender: followerNextIndex = 57 but logStartIndex = 59, notify follower to install snapshot-(t:6, i:59)
2022-10-04 13:26:30,853 [omNode-1@group-523986131536->omNode-2-GrpcLogAppender-LogAppenderDaemon] INFO  server.GrpcLogAppender (GrpcLogAppender.java:installSnapshot(549)) - omNode-1@group-523986131536->omNode-2-GrpcLogAppender: send omNode-1->omNode-2#0-t6,notify:(t:6, i:59)
2022-10-04 13:26:30,853 [pool-440-thread-1] INFO  server.RaftServerConfigKeys (ConfUtils.java:logGet(46)) - raft.server.sleep.deviation.threshold = 300ms (default)
2022-10-04 13:26:30,853 [omNode-2-server-thread1] INFO  server.RaftServer$Division (RaftServerImpl.java:checkInconsistentAppendEntries(1394)) - omNode-2@group-523986131536: inconsistency entries. Reply:omNode-1<-omNode-2#680:FAIL-t6,INCONSISTENCY,nextIndex=57,followerCommit=56
2022-10-04 13:26:30,855 [grpc-default-executor-3] INFO  impl.SnapshotInstallationHandler (SnapshotInstallationHandler.java:installSnapshot(84)) - omNode-2@group-523986131536: receive installSnapshot: omNode-1->omNode-2#0-t6,notify:(t:6, i:59)
2022-10-04 13:26:30,855 [pool-440-thread-1] INFO  server.RaftServer$Division (ServerState.java:<init>(107)) - omNode-3@group-523986131536: ConfigurationManager, init=-1: [omNode-3|rpc:localhost:35537|priority:0, omNode-1|rpc:localhost:42223|priority:0, omNode-2|rpc:localhost:33535|priority:0], old=null, confs=<EMPTY_MAP>
2022-10-04 13:26:30,855 [grpc-default-executor-3] INFO  impl.SnapshotInstallationHandler (SnapshotInstallationHandler.java:installSnapshot(95)) - omNode-2@group-523986131536: reply installSnapshot: omNode-1<-omNode-2#0:FAIL-t6,IN_PROGRESS
2022-10-04 13:26:30,855 [grpc-default-executor-3] INFO  server.GrpcServerProtocolService (GrpcServerProtocolService.java:onCompleted(140)) - omNode-2: Completed INSTALL_SNAPSHOT, lastRequest: omNode-1->omNode-2#0-t6,notify:(t:6, i:59)
2022-10-04 13:26:30,855 [grpc-default-executor-2] INFO  server.GrpcLogAppender (GrpcLogAppender.java:onNext(403)) - omNode-1@group-523986131536->omNode-2-InstallSnapshotResponseHandler: received a reply omNode-1<-omNode-2#0:FAIL-t6,IN_PROGRESS
2022-10-04 13:26:30,855 [grpc-default-executor-2] INFO  server.GrpcLogAppender (GrpcLogAppender.java:onNext(421)) - omNode-1@group-523986131536->omNode-2-InstallSnapshotResponseHandler: InstallSnapshot in progress.
2022-10-04 13:26:30,855 [pool-440-thread-1] INFO  server.RaftServerConfigKeys (ConfUtils.java:logGet(46)) - raft.server.storage.dir = [/home/runner/work/ozone/ozone/hadoop-ozone/integration-test/target/test-dir/MiniOzoneClusterImpl-6e9557d8-a31c-49e5-bba1-8bc95799a8b8/omNode-3/ratis] (custom)
2022-10-04 13:26:30,856 [omNode-2-server-thread1] INFO  server.RaftServer$Division (RaftServerImpl.java:checkInconsistentAppendEntries(1402)) - omNode-2@group-523986131536: Failed appendEntries as snapshot (59) installation is in progress
2022-10-04 13:26:30,856 [grpc-default-executor-3] INFO  leader.FollowerInfo (FollowerInfoImpl.java:lambda$new$0(48)) - omNode-1@group-523986131536->omNode-2: nextIndex: updateUnconditionally 57 -> 57
2022-10-04 13:26:30,856 [omNode-1@group-523986131536->omNode-2-GrpcLogAppender-LogAppenderDaemon] INFO  server.GrpcLogAppender (GrpcLogAppender.java:installSnapshot(541)) - omNode-1@group-523986131536->omNode-2-GrpcLogAppender: followerNextIndex = 57 but logStartIndex = 59, notify follower to install snapshot-(t:6, i:59)
2022-10-04 13:26:30,856 [pool-440-thread-1] INFO  server.RaftServerConfigKeys (ConfUtils.java:logGet(46)) - raft.server.log.corruption.policy = EXCEPTION (default)
2022-10-04 13:26:30,856 [omNode-2-server-thread1] INFO  server.RaftServer$Division (RaftServerImpl.java:checkInconsistentAppendEntries(1394)) - omNode-2@group-523986131536: inconsistency entries. Reply:omNode-1<-omNode-2#681:FAIL-t6,INCONSISTENCY,nextIndex=57,followerCommit=56
2022-10-04 13:26:30,856 [pool-440-thread-1] INFO  server.RaftServerConfigKeys (ConfUtils.java:logGet(46)) - raft.server.storage.free-space.min = 0MB (=0) (default)
2022-10-04 13:26:30,856 [omNode-1@group-523986131536->omNode-2-GrpcLogAppender-LogAppenderDaemon] INFO  server.GrpcLogAppender (GrpcLogAppender.java:installSnapshot(549)) - omNode-1@group-523986131536->omNode-2-GrpcLogAppender: send omNode-1->omNode-2#0-t6,notify:(t:6, i:59)
2022-10-04 13:26:30,857 [grpc-default-executor-2] INFO  leader.FollowerInfo (FollowerInfoImpl.java:lambda$new$0(48)) - omNode-1@group-523986131536->omNode-2: nextIndex: updateUnconditionally 57 -> 57
2022-10-04 13:26:30,858 [grpc-default-executor-2] INFO  impl.SnapshotInstallationHandler (SnapshotInstallationHandler.java:installSnapshot(84)) - omNode-2@group-523986131536: receive installSnapshot: omNode-1->omNode-2#0-t6,notify:(t:6, i:59)
2022-10-04 13:26:30,858 [grpc-default-executor-2] INFO  impl.SnapshotInstallationHandler (SnapshotInstallationHandler.java:installSnapshot(95)) - omNode-2@group-523986131536: reply installSnapshot: omNode-1<-omNode-2#0:FAIL-t6,IN_PROGRESS
2022-10-04 13:26:30,858 [grpc-default-executor-2] INFO  server.GrpcServerProtocolService (GrpcServerProtocolService.java:onCompleted(140)) - omNode-2: Completed INSTALL_SNAPSHOT, lastRequest: omNode-1->omNode-2#0-t6,notify:(t:6, i:59)
2022-10-04 13:26:30,858 [grpc-default-executor-2] INFO  server.GrpcLogAppender (GrpcLogAppender.java:onNext(403)) - omNode-1@group-523986131536->omNode-2-InstallSnapshotResponseHandler: received a reply omNode-1<-omNode-2#0:FAIL-t6,IN_PROGRESS
2022-10-04 13:26:30,858 [grpc-default-executor-2] INFO  server.GrpcLogAppender (GrpcLogAppender.java:onNext(421)) - omNode-1@group-523986131536->omNode-2-InstallSnapshotResponseHandler: InstallSnapshot in progress.
2022-10-04 13:26:30,859 [omNode-1@group-523986131536->omNode-2-GrpcLogAppender-LogAppenderDaemon] INFO  server.GrpcLogAppender (GrpcLogAppender.java:installSnapshot(541)) - omNode-1@group-523986131536->omNode-2-GrpcLogAppender: followerNextIndex = 57 but logStartIndex = 59, notify follower to install snapshot-(t:6, i:59)
2022-10-04 13:26:30,859 [omNode-1@group-523986131536->omNode-2-GrpcLogAppender-LogAppenderDaemon] INFO  server.GrpcLogAppender (GrpcLogAppender.java:installSnapshot(549)) - omNode-1@group-523986131536->omNode-2-GrpcLogAppender: send omNode-1->omNode-2#0-t6,notify:(t:6, i:59)
2022-10-04 13:26:30,859 [omNode-2-server-thread1] INFO  server.RaftServer$Division (RaftServerImpl.java:checkInconsistentAppendEntries(1402)) - omNode-2@group-523986131536: Failed appendEntries as snapshot (59) installation is in progress
2022-10-04 13:26:30,859 [omNode-2-server-thread1] INFO  server.RaftServer$Division (RaftServerImpl.java:checkInconsistentAppendEntries(1394)) - omNode-2@group-523986131536: inconsistency entries. Reply:omNode-1<-omNode-2#682:FAIL-t6,INCONSISTENCY,nextIndex=57,followerCommit=56
2022-10-04 13:26:30,860 [grpc-default-executor-3] INFO  impl.SnapshotInstallationHandler (SnapshotInstallationHandler.java:installSnapshot(84)) - omNode-2@group-523986131536: receive installSnapshot: omNode-1->omNode-2#0-t6,notify:(t:6, i:59)
2022-10-04 13:26:30,860 [grpc-default-executor-3] INFO  impl.SnapshotInstallationHandler (SnapshotInstallationHandler.java:installSnapshot(95)) - omNode-2@group-523986131536: reply installSnapshot: omNode-1<-omNode-2#0:FAIL-t6,IN_PROGRESS
2022-10-04 13:26:30,860 [grpc-default-executor-3] INFO  server.GrpcServerProtocolService (GrpcServerProtocolService.java:onCompleted(140)) - omNode-2: Completed INSTALL_SNAPSHOT, lastRequest: omNode-1->omNode-2#0-t6,notify:(t:6, i:59)
2022-10-04 13:26:30,861 [grpc-default-executor-2] INFO  leader.FollowerInfo (FollowerInfoImpl.java:lambda$new$0(48)) - omNode-1@group-523986131536->omNode-2: nextIndex: updateUnconditionally 57 -> 57
2022-10-04 13:26:30,861 [grpc-default-executor-3] INFO  server.GrpcLogAppender (GrpcLogAppender.java:onNext(403)) - omNode-1@group-523986131536->omNode-2-InstallSnapshotResponseHandler: received a reply omNode-1<-omNode-2#0:FAIL-t6,IN_PROGRESS
2022-10-04 13:26:30,861 [grpc-default-executor-3] INFO  server.GrpcLogAppender (GrpcLogAppender.java:onNext(421)) - omNode-1@group-523986131536->omNode-2-InstallSnapshotResponseHandler: InstallSnapshot in progress.
2022-10-04 13:26:30,860 [pool-440-thread-1] INFO  storage.RaftStorageDirectory (RaftStorageDirectoryImpl.java:tryLock(230)) - Lock on /home/runner/work/ozone/ozone/hadoop-ozone/integration-test/target/test-dir/MiniOzoneClusterImpl-6e9557d8-a31c-49e5-bba1-8bc95799a8b8/omNode-3/ratis/c9bc4cf4-3bc3-3c60-a66b-523986131536/in_use.lock acquired by nodename 42070@fv-az573-645
2022-10-04 13:26:30,861 [omNode-1@group-523986131536->omNode-2-GrpcLogAppender-LogAppenderDaemon] INFO  server.GrpcLogAppender (GrpcLogAppender.java:installSnapshot(541)) - omNode-1@group-523986131536->omNode-2-GrpcLogAppender: followerNextIndex = 57 but logStartIndex = 59, notify follower to install snapshot-(t:6, i:59)
2022-10-04 13:26:30,861 [omNode-1@group-523986131536->omNode-2-GrpcLogAppender-LogAppenderDaemon] INFO  server.GrpcLogAppender (GrpcLogAppender.java:installSnapshot(549)) - omNode-1@group-523986131536->omNode-2-GrpcLogAppender: send omNode-1->omNode-2#0-t6,notify:(t:6, i:59)
2022-10-04 13:26:30,861 [omNode-2-server-thread1] INFO  server.RaftServer$Division (RaftServerImpl.java:checkInconsistentAppendEntries(1402)) - omNode-2@group-523986131536: Failed appendEntries as snapshot (59) installation is in progress
2022-10-04 13:26:30,861 [omNode-2-server-thread1] INFO  server.RaftServer$Division (RaftServerImpl.java:checkInconsistentAppendEntries(1394)) - omNode-2@group-523986131536: inconsistency entries. Reply:omNode-1<-omNode-2#683:FAIL-t6,INCONSISTENCY,nextIndex=57,followerCommit=56
2022-10-04 13:26:30,862 [grpc-default-executor-3] INFO  impl.SnapshotInstallationHandler (SnapshotInstallationHandler.java:installSnapshot(84)) - omNode-2@group-523986131536: receive installSnapshot: omNode-1->omNode-2#0-t6,notify:(t:6, i:59)
2022-10-04 13:26:30,862 [grpc-default-executor-3] INFO  impl.SnapshotInstallationHandler (SnapshotInstallationHandler.java:installSnapshot(95)) - omNode-2@group-523986131536: reply installSnapshot: omNode-1<-omNode-2#0:FAIL-t6,IN_PROGRESS
2022-10-04 13:26:30,862 [grpc-default-executor-3] INFO  server.GrpcServerProtocolService (GrpcServerProtocolService.java:onCompleted(140)) - omNode-2: Completed INSTALL_SNAPSHOT, lastRequest: omNode-1->omNode-2#0-t6,notify:(t:6, i:59)
2022-10-04 13:26:30,862 [pool-440-thread-1] INFO  storage.RaftStorage (RaftStorageImpl.java:analyzeAndRecoverStorage(110)) - Read RaftStorageMetadata{term=6, votedFor=omNode-1} from /home/runner/work/ozone/ozone/hadoop-ozone/integration-test/target/test-dir/MiniOzoneClusterImpl-6e9557d8-a31c-49e5-bba1-8bc95799a8b8/omNode-3/ratis/c9bc4cf4-3bc3-3c60-a66b-523986131536/current/raft-meta
2022-10-04 13:26:30,863 [grpc-default-executor-2] INFO  leader.FollowerInfo (FollowerInfoImpl.java:lambda$new$0(48)) - omNode-1@group-523986131536->omNode-2: nextIndex: updateUnconditionally 57 -> 57
2022-10-04 13:26:30,863 [grpc-default-executor-3] INFO  server.GrpcLogAppender (GrpcLogAppender.java:onNext(403)) - omNode-1@group-523986131536->omNode-2-InstallSnapshotResponseHandler: received a reply omNode-1<-omNode-2#0:FAIL-t6,IN_PROGRESS
2022-10-04 13:26:30,863 [grpc-default-executor-3] INFO  server.GrpcLogAppender (GrpcLogAppender.java:onNext(421)) - omNode-1@group-523986131536->omNode-2-InstallSnapshotResponseHandler: InstallSnapshot in progress.
2022-10-04 13:26:30,863 [omNode-1@group-523986131536->omNode-2-GrpcLogAppender-LogAppenderDaemon] INFO  server.GrpcLogAppender (GrpcLogAppender.java:installSnapshot(541)) - omNode-1@group-523986131536->omNode-2-GrpcLogAppender: followerNextIndex = 57 but logStartIndex = 59, notify follower to install snapshot-(t:6, i:59)
2022-10-04 13:26:30,863 [omNode-1@group-523986131536->omNode-2-GrpcLogAppender-LogAppenderDaemon] INFO  server.GrpcLogAppender (GrpcLogAppender.java:installSnapshot(549)) - omNode-1@group-523986131536->omNode-2-GrpcLogAppender: send omNode-1->omNode-2#0-t6,notify:(t:6, i:59)
2022-10-04 13:26:30,864 [omNode-2-server-thread1] INFO  server.RaftServer$Division (RaftServerImpl.java:checkInconsistentAppendEntries(1402)) - omNode-2@group-523986131536: Failed appendEntries as snapshot (59) installation is in progress
2022-10-04 13:26:30,864 [omNode-2-server-thread1] INFO  server.RaftServer$Division (RaftServerImpl.java:checkInconsistentAppendEntries(1394)) - omNode-2@group-523986131536: inconsistency entries. Reply:omNode-1<-omNode-2#684:FAIL-t6,INCONSISTENCY,nextIndex=57,followerCommit=56
2022-10-04 13:26:30,864 [pool-440-thread-1] INFO  server.RaftServer$Division (ServerState.java:setRaftConf(393)) - omNode-3@group-523986131536: set configuration 59: [omNode-3|rpc:localhost:35537|admin:|client:|dataStream:|priority:0, omNode-1|rpc:localhost:42223|admin:|client:|dataStream:|priority:0, omNode-2|rpc:localhost:33535|admin:|client:|dataStream:|priority:0], old=null
2022-10-04 13:26:30,864 [pool-440-thread-1] INFO  server.RaftServerConfigKeys (ConfUtils.java:logGet(46)) - raft.server.notification.no-leader.timeout = 2s (custom)
2022-10-04 13:26:30,865 [grpc-default-executor-2] INFO  impl.SnapshotInstallationHandler (SnapshotInstallationHandler.java:installSnapshot(84)) - omNode-2@group-523986131536: receive installSnapshot: omNode-1->omNode-2#0-t6,notify:(t:6, i:59)
2022-10-04 13:26:30,865 [grpc-default-executor-2] INFO  impl.SnapshotInstallationHandler (SnapshotInstallationHandler.java:installSnapshot(95)) - omNode-2@group-523986131536: reply installSnapshot: omNode-1<-omNode-2#0:FAIL-t6,IN_PROGRESS
2022-10-04 13:26:30,865 [pool-440-thread-1] INFO  server.RaftServerConfigKeys (ConfUtils.java:logGet(46)) - raft.server.log.use.memory = false (default)
2022-10-04 13:26:30,865 [grpc-default-executor-2] INFO  server.GrpcServerProtocolService (GrpcServerProtocolService.java:onCompleted(140)) - omNode-2: Completed INSTALL_SNAPSHOT, lastRequest: omNode-1->omNode-2#0-t6,notify:(t:6, i:59)
2022-10-04 13:26:30,865 [grpc-default-executor-1] INFO  server.GrpcLogAppender (GrpcLogAppender.java:onNext(403)) - omNode-1@group-523986131536->omNode-2-InstallSnapshotResponseHandler: received a reply omNode-1<-omNode-2#0:FAIL-t6,IN_PROGRESS
2022-10-04 13:26:30,865 [grpc-default-executor-3] INFO  leader.FollowerInfo (FollowerInfoImpl.java:lambda$new$0(48)) - omNode-1@group-523986131536->omNode-2: nextIndex: updateUnconditionally 57 -> 57
2022-10-04 13:26:30,867 [pool-440-thread-1] INFO  server.RaftServerConfigKeys (ConfUtils.java:logGet(46)) - raft.server.log.purge.gap = 50 (custom)
2022-10-04 13:26:30,867 [grpc-default-executor-1] INFO  server.GrpcLogAppender (GrpcLogAppender.java:onNext(421)) - omNode-1@group-523986131536->omNode-2-InstallSnapshotResponseHandler: InstallSnapshot in progress.
2022-10-04 13:26:30,867 [pool-440-thread-1] INFO  server.RaftServerConfigKeys (ConfUtils.java:logGet(46)) - raft.server.log.appender.buffer.byte-limit = 33554432 (custom)
2022-10-04 13:26:30,867 [omNode-2-server-thread1] INFO  server.RaftServer$Division (RaftServerImpl.java:checkInconsistentAppendEntries(1402)) - omNode-2@group-523986131536: Failed appendEntries as snapshot (59) installation is in progress
2022-10-04 13:26:30,867 [omNode-1@group-523986131536->omNode-2-GrpcLogAppender-LogAppenderDaemon] INFO  server.GrpcLogAppender (GrpcLogAppender.java:installSnapshot(541)) - omNode-1@group-523986131536->omNode-2-GrpcLogAppender: followerNextIndex = 57 but logStartIndex = 59, notify follower to install snapshot-(t:6, i:59)
2022-10-04 13:26:30,868 [omNode-1@group-523986131536->omNode-2-GrpcLogAppender-LogAppenderDaemon] INFO  server.GrpcLogAppender (GrpcLogAppender.java:installSnapshot(549)) - omNode-1@group-523986131536->omNode-2-GrpcLogAppender: send omNode-1->omNode-2#0-t6,notify:(t:6, i:59)
2022-10-04 13:26:30,867 [omNode-2-server-thread1] INFO  server.RaftServer$Division (RaftServerImpl.java:checkInconsistentAppendEntries(1394)) - omNode-2@group-523986131536: inconsistency entries. Reply:omNode-1<-omNode-2#685:FAIL-t6,INCONSISTENCY,nextIndex=57,followerCommit=56
2022-10-04 13:26:30,869 [grpc-default-executor-1] INFO  leader.FollowerInfo (FollowerInfoImpl.java:lambda$new$0(48)) - omNode-1@group-523986131536->omNode-2: nextIndex: updateUnconditionally 57 -> 57
2022-10-04 13:26:30,867 [pool-440-thread-1] INFO  server.RaftServerConfigKeys (ConfUtils.java:logGet(46)) - raft.server.log.statemachine.data.read.timeout = 1000ms (default)
2022-10-04 13:26:30,869 [grpc-default-executor-3] INFO  impl.SnapshotInstallationHandler (SnapshotInstallationHandler.java:installSnapshot(84)) - omNode-2@group-523986131536: receive installSnapshot: omNode-1->omNode-2#0-t6,notify:(t:6, i:59)
2022-10-04 13:26:30,869 [grpc-default-executor-3] INFO  impl.SnapshotInstallationHandler (SnapshotInstallationHandler.java:installSnapshot(95)) - omNode-2@group-523986131536: reply installSnapshot: omNode-1<-omNode-2#0:FAIL-t6,IN_PROGRESS
2022-10-04 13:26:30,870 [grpc-default-executor-3] INFO  server.GrpcServerProtocolService (GrpcServerProtocolService.java:onCompleted(140)) - omNode-2: Completed INSTALL_SNAPSHOT, lastRequest: omNode-1->omNode-2#0-t6,notify:(t:6, i:59)
2022-10-04 13:26:30,869 [pool-440-thread-1] INFO  server.RaftServerConfigKeys (ConfUtils.java:logGet(46)) - raft.server.log.segment.size.max = 4194304 (custom)
2022-10-04 13:26:30,871 [pool-440-thread-1] INFO  server.RaftServerConfigKeys (ConfUtils.java:logGet(46)) - raft.server.log.segment.cache.num.max = 2 (custom)
2022-10-04 13:26:30,871 [pool-440-thread-1] INFO  server.RaftServerConfigKeys (ConfUtils.java:logGet(46)) - raft.server.log.segment.cache.size.max = 200MB (=209715200) (default)
2022-10-04 13:26:30,871 [pool-440-thread-1] INFO  segmented.SegmentedRaftLogWorker (SegmentedRaftLogWorker.java:<init>(187)) - new omNode-3@group-523986131536-SegmentedRaftLogWorker for RaftStorageImpl:Storage Directory /home/runner/work/ozone/ozone/hadoop-ozone/integration-test/target/test-dir/MiniOzoneClusterImpl-6e9557d8-a31c-49e5-bba1-8bc95799a8b8/omNode-3/ratis/c9bc4cf4-3bc3-3c60-a66b-523986131536
2022-10-04 13:26:30,871 [pool-440-thread-1] INFO  server.RaftServerConfigKeys (ConfUtils.java:logGet(46)) - raft.server.log.queue.byte-limit = 64MB (=67108864) (default)
2022-10-04 13:26:30,871 [pool-440-thread-1] INFO  server.RaftServerConfigKeys (ConfUtils.java:logGet(46)) - raft.server.log.queue.element-limit = 4096 (default)
2022-10-04 13:26:30,871 [pool-440-thread-1] INFO  server.RaftServerConfigKeys (ConfUtils.java:logGet(46)) - raft.server.log.segment.size.max = 4194304 (custom)
2022-10-04 13:26:30,871 [grpc-default-executor-3] INFO  server.GrpcLogAppender (GrpcLogAppender.java:onNext(403)) - omNode-1@group-523986131536->omNode-2-InstallSnapshotResponseHandler: received a reply omNode-1<-omNode-2#0:FAIL-t6,IN_PROGRESS
2022-10-04 13:26:30,871 [grpc-default-executor-3] INFO  server.GrpcLogAppender (GrpcLogAppender.java:onNext(421)) - omNode-1@group-523986131536->omNode-2-InstallSnapshotResponseHandler: InstallSnapshot in progress.
2022-10-04 13:26:30,872 [omNode-1@group-523986131536->omNode-2-GrpcLogAppender-LogAppenderDaemon] INFO  server.GrpcLogAppender (GrpcLogAppender.java:installSnapshot(541)) - omNode-1@group-523986131536->omNode-2-GrpcLogAppender: followerNextIndex = 57 but logStartIndex = 59, notify follower to install snapshot-(t:6, i:59)
2022-10-04 13:26:30,872 [omNode-1@group-523986131536->omNode-2-GrpcLogAppender-LogAppenderDaemon] INFO  server.GrpcLogAppender (GrpcLogAppender.java:installSnapshot(549)) - omNode-1@group-523986131536->omNode-2-GrpcLogAppender: send omNode-1->omNode-2#0-t6,notify:(t:6, i:59)
2022-10-04 13:26:30,873 [grpc-default-executor-1] INFO  impl.SnapshotInstallationHandler (SnapshotInstallationHandler.java:installSnapshot(84)) - omNode-2@group-523986131536: receive installSnapshot: omNode-1->omNode-2#0-t6,notify:(t:6, i:59)
2022-10-04 13:26:30,873 [omNode-2-server-thread1] INFO  server.RaftServer$Division (RaftServerImpl.java:checkInconsistentAppendEntries(1402)) - omNode-2@group-523986131536: Failed appendEntries as snapshot (59) installation is in progress
2022-10-04 13:26:30,873 [omNode-2-server-thread1] INFO  server.RaftServer$Division (RaftServerImpl.java:checkInconsistentAppendEntries(1394)) - omNode-2@group-523986131536: inconsistency entries. Reply:omNode-1<-omNode-2#686:FAIL-t6,INCONSISTENCY,nextIndex=57,followerCommit=56
2022-10-04 13:26:30,874 [grpc-default-executor-3] INFO  leader.FollowerInfo (FollowerInfoImpl.java:lambda$new$0(48)) - omNode-1@group-523986131536->omNode-2: nextIndex: updateUnconditionally 57 -> 57
2022-10-04 13:26:30,871 [pool-440-thread-1] INFO  server.RaftServerConfigKeys (ConfUtils.java:logGet(46)) - raft.server.log.preallocated.size = 4194304 (custom)
2022-10-04 13:26:30,873 [grpc-default-executor-1] INFO  impl.SnapshotInstallationHandler (SnapshotInstallationHandler.java:installSnapshot(95)) - omNode-2@group-523986131536: reply installSnapshot: omNode-1<-omNode-2#0:FAIL-t6,IN_PROGRESS
2022-10-04 13:26:30,877 [grpc-default-executor-1] INFO  server.GrpcServerProtocolService (GrpcServerProtocolService.java:onCompleted(140)) - omNode-2: Completed INSTALL_SNAPSHOT, lastRequest: omNode-1->omNode-2#0-t6,notify:(t:6, i:59)
2022-10-04 13:26:30,877 [grpc-default-executor-1] INFO  server.GrpcLogAppender (GrpcLogAppender.java:onNext(403)) - omNode-1@group-523986131536->omNode-2-InstallSnapshotResponseHandler: received a reply omNode-1<-omNode-2#0:FAIL-t6,IN_PROGRESS
2022-10-04 13:26:30,877 [grpc-default-executor-1] INFO  server.GrpcLogAppender (GrpcLogAppender.java:onNext(421)) - omNode-1@group-523986131536->omNode-2-InstallSnapshotResponseHandler: InstallSnapshot in progress.
2022-10-04 13:26:30,878 [pool-440-thread-1] INFO  server.RaftServerConfigKeys (ConfUtils.java:logGet(46)) - raft.server.log.force.sync.num = 128 (default)
2022-10-04 13:26:30,878 [omNode-2-server-thread1] INFO  server.RaftServer$Division (RaftServerImpl.java:checkInconsistentAppendEntries(1402)) - omNode-2@group-523986131536: Failed appendEntries as snapshot (59) installation is in progress
2022-10-04 13:26:30,878 [omNode-2-server-thread1] INFO  server.RaftServer$Division (RaftServerImpl.java:checkInconsistentAppendEntries(1394)) - omNode-2@group-523986131536: inconsistency entries. Reply:omNode-1<-omNode-2#687:FAIL-t6,INCONSISTENCY,nextIndex=57,followerCommit=56
2022-10-04 13:26:30,878 [omNode-1@group-523986131536->omNode-2-GrpcLogAppender-LogAppenderDaemon] INFO  server.GrpcLogAppender (GrpcLogAppender.java:installSnapshot(541)) - omNode-1@group-523986131536->omNode-2-GrpcLogAppender: followerNextIndex = 57 but logStartIndex = 59, notify follower to install snapshot-(t:6, i:59)
2022-10-04 13:26:30,878 [omNode-1@group-523986131536->omNode-2-GrpcLogAppender-LogAppenderDaemon] INFO  server.GrpcLogAppender (GrpcLogAppender.java:installSnapshot(549)) - omNode-1@group-523986131536->omNode-2-GrpcLogAppender: send omNode-1->omNode-2#0-t6,notify:(t:6, i:59)
2022-10-04 13:26:30,878 [pool-440-thread-1] INFO  server.RaftServerConfigKeys (ConfUtils.java:logGet(46)) - raft.server.log.statemachine.data.sync = true (default)
2022-10-04 13:26:30,879 [grpc-default-executor-2] INFO  impl.SnapshotInstallationHandler (SnapshotInstallationHandler.java:installSnapshot(84)) - omNode-2@group-523986131536: receive installSnapshot: omNode-1->omNode-2#0-t6,notify:(t:6, i:59)
2022-10-04 13:26:30,879 [grpc-default-executor-2] INFO  impl.SnapshotInstallationHandler (SnapshotInstallationHandler.java:installSnapshot(95)) - omNode-2@group-523986131536: reply installSnapshot: omNode-1<-omNode-2#0:FAIL-t6,IN_PROGRESS
2022-10-04 13:26:30,879 [grpc-default-executor-2] INFO  server.GrpcServerProtocolService (GrpcServerProtocolService.java:onCompleted(140)) - omNode-2: Completed INSTALL_SNAPSHOT, lastRequest: omNode-1->omNode-2#0-t6,notify:(t:6, i:59)
2022-10-04 13:26:30,879 [grpc-default-executor-1] INFO  leader.FollowerInfo (FollowerInfoImpl.java:lambda$new$0(48)) - omNode-1@group-523986131536->omNode-2: nextIndex: updateUnconditionally 57 -> 57
2022-10-04 13:26:30,880 [grpc-default-executor-2] INFO  server.GrpcLogAppender (GrpcLogAppender.java:onNext(403)) - omNode-1@group-523986131536->omNode-2-InstallSnapshotResponseHandler: received a reply omNode-1<-omNode-2#0:FAIL-t6,IN_PROGRESS
2022-10-04 13:26:30,880 [grpc-default-executor-2] INFO  server.GrpcLogAppender (GrpcLogAppender.java:onNext(421)) - omNode-1@group-523986131536->omNode-2-InstallSnapshotResponseHandler: InstallSnapshot in progress.
2022-10-04 13:26:30,879 [pool-440-thread-1] INFO  server.RaftServerConfigKeys (ConfUtils.java:logGet(46)) - raft.server.log.statemachine.data.sync.timeout = 10s (default)
2022-10-04 13:26:30,880 [omNode-2-server-thread1] INFO  server.RaftServer$Division (RaftServerImpl.java:checkInconsistentAppendEntries(1402)) - omNode-2@group-523986131536: Failed appendEntries as snapshot (59) installation is in progress
2022-10-04 13:26:30,880 [omNode-2-server-thread1] INFO  server.RaftServer$Division (RaftServerImpl.java:checkInconsistentAppendEntries(1394)) - omNode-2@group-523986131536: inconsistency entries. Reply:omNode-1<-omNode-2#688:FAIL-t6,INCONSISTENCY,nextIndex=57,followerCommit=56
2022-10-04 13:26:30,880 [omNode-1@group-523986131536->omNode-2-GrpcLogAppender-LogAppenderDaemon] INFO  server.GrpcLogAppender (GrpcLogAppender.java:installSnapshot(541)) - omNode-1@group-523986131536->omNode-2-GrpcLogAppender: followerNextIndex = 57 but logStartIndex = 59, notify follower to install snapshot-(t:6, i:59)
2022-10-04 13:26:30,880 [omNode-1@group-523986131536->omNode-2-GrpcLogAppender-LogAppenderDaemon] INFO  server.GrpcLogAppender (GrpcLogAppender.java:installSnapshot(549)) - omNode-1@group-523986131536->omNode-2-GrpcLogAppender: send omNode-1->omNode-2#0-t6,notify:(t:6, i:59)
2022-10-04 13:26:30,880 [pool-440-thread-1] INFO  server.RaftServerConfigKeys (ConfUtils.java:logGet(46)) - raft.server.log.statemachine.data.sync.timeout.retry = -1 (default)
2022-10-04 13:26:30,881 [grpc-default-executor-1] INFO  leader.FollowerInfo (FollowerInfoImpl.java:lambda$new$0(48)) - omNode-1@group-523986131536->omNode-2: nextIndex: updateUnconditionally 57 -> 57
2022-10-04 13:26:30,881 [grpc-default-executor-2] INFO  impl.SnapshotInstallationHandler (SnapshotInstallationHandler.java:installSnapshot(84)) - omNode-2@group-523986131536: receive installSnapshot: omNode-1->omNode-2#0-t6,notify:(t:6, i:59)
2022-10-04 13:26:30,881 [grpc-default-executor-2] INFO  impl.SnapshotInstallationHandler (SnapshotInstallationHandler.java:installSnapshot(95)) - omNode-2@group-523986131536: reply installSnapshot: omNode-1<-omNode-2#0:FAIL-t6,IN_PROGRESS
2022-10-04 13:26:30,882 [grpc-default-executor-2] INFO  server.GrpcServerProtocolService (GrpcServerProtocolService.java:onCompleted(140)) - omNode-2: Completed INSTALL_SNAPSHOT, lastRequest: omNode-1->omNode-2#0-t6,notify:(t:6, i:59)
2022-10-04 13:26:30,882 [grpc-default-executor-2] INFO  server.GrpcLogAppender (GrpcLogAppender.java:onNext(403)) - omNode-1@group-523986131536->omNode-2-InstallSnapshotResponseHandler: received a reply omNode-1<-omNode-2#0:FAIL-t6,IN_PROGRESS
2022-10-04 13:26:30,882 [grpc-default-executor-2] INFO  server.GrpcLogAppender (GrpcLogAppender.java:onNext(421)) - omNode-1@group-523986131536->omNode-2-InstallSnapshotResponseHandler: InstallSnapshot in progress.
2022-10-04 13:26:30,882 [omNode-1@group-523986131536->omNode-2-GrpcLogAppender-LogAppenderDaemon] INFO  server.GrpcLogAppender (GrpcLogAppender.java:installSnapshot(541)) - omNode-1@group-523986131536->omNode-2-GrpcLogAppender: followerNextIndex = 57 but logStartIndex = 59, notify follower to install snapshot-(t:6, i:59)
2022-10-04 13:26:30,882 [omNode-1@group-523986131536->omNode-2-GrpcLogAppender-LogAppenderDaemon] INFO  server.GrpcLogAppender (GrpcLogAppender.java:installSnapshot(549)) - omNode-1@group-523986131536->omNode-2-GrpcLogAppender: send omNode-1->omNode-2#0-t6,notify:(t:6, i:59)
2022-10-04 13:26:30,882 [omNode-2-server-thread1] INFO  server.RaftServer$Division (RaftServerImpl.java:checkInconsistentAppendEntries(1402)) - omNode-2@group-523986131536: Failed appendEntries as snapshot (59) installation is in progress
2022-10-04 13:26:30,883 [omNode-2-server-thread1] INFO  server.RaftServer$Division (RaftServerImpl.java:checkInconsistentAppendEntries(1394)) - omNode-2@group-523986131536: inconsistency entries. Reply:omNode-1<-omNode-2#689:FAIL-t6,INCONSISTENCY,nextIndex=57,followerCommit=56
2022-10-04 13:26:30,886 [grpc-default-executor-1] INFO  leader.FollowerInfo (FollowerInfoImpl.java:lambda$new$0(48)) - omNode-1@group-523986131536->omNode-2: nextIndex: updateUnconditionally 57 -> 57
2022-10-04 13:26:30,887 [grpc-default-executor-1] INFO  impl.SnapshotInstallationHandler (SnapshotInstallationHandler.java:installSnapshot(84)) - omNode-2@group-523986131536: receive installSnapshot: omNode-1->omNode-2#0-t6,notify:(t:6, i:59)
2022-10-04 13:26:30,887 [grpc-default-executor-1] INFO  impl.SnapshotInstallationHandler (SnapshotInstallationHandler.java:installSnapshot(95)) - omNode-2@group-523986131536: reply installSnapshot: omNode-1<-omNode-2#0:FAIL-t6,IN_PROGRESS
2022-10-04 13:26:30,887 [grpc-default-executor-1] INFO  server.GrpcServerProtocolService (GrpcServerProtocolService.java:onCompleted(140)) - omNode-2: Completed INSTALL_SNAPSHOT, lastRequest: omNode-1->omNode-2#0-t6,notify:(t:6, i:59)
2022-10-04 13:26:30,888 [grpc-default-executor-1] INFO  server.GrpcLogAppender (GrpcLogAppender.java:onNext(403)) - omNode-1@group-523986131536->omNode-2-InstallSnapshotResponseHandler: received a reply omNode-1<-omNode-2#0:FAIL-t6,IN_PROGRESS
2022-10-04 13:26:30,888 [grpc-default-executor-1] INFO  server.GrpcLogAppender (GrpcLogAppender.java:onNext(421)) - omNode-1@group-523986131536->omNode-2-InstallSnapshotResponseHandler: InstallSnapshot in progress.
2022-10-04 13:26:30,888 [omNode-1@group-523986131536->omNode-2-GrpcLogAppender-LogAppenderDaemon] INFO  server.GrpcLogAppender (GrpcLogAppender.java:installSnapshot(541)) - omNode-1@group-523986131536->omNode-2-GrpcLogAppender: followerNextIndex = 57 but logStartIndex = 59, notify follower to install snapshot-(t:6, i:59)
2022-10-04 13:26:30,888 [omNode-1@group-523986131536->omNode-2-GrpcLogAppender-LogAppenderDaemon] INFO  server.GrpcLogAppender (GrpcLogAppender.java:installSnapshot(549)) - omNode-1@group-523986131536->omNode-2-GrpcLogAppender: send omNode-1->omNode-2#0-t6,notify:(t:6, i:59)
2022-10-04 13:26:30,888 [omNode-2-server-thread1] INFO  server.RaftServer$Division (RaftServerImpl.java:checkInconsistentAppendEntries(1402)) - omNode-2@group-523986131536: Failed appendEntries as snapshot (59) installation is in progress
2022-10-04 13:26:30,889 [omNode-2-server-thread1] INFO  server.RaftServer$Division (RaftServerImpl.java:checkInconsistentAppendEntries(1394)) - omNode-2@group-523986131536: inconsistency entries. Reply:omNode-1<-omNode-2#690:FAIL-t6,INCONSISTENCY,nextIndex=57,followerCommit=56
2022-10-04 13:26:30,889 [grpc-default-executor-1] INFO  leader.FollowerInfo (FollowerInfoImpl.java:lambda$new$0(48)) - omNode-1@group-523986131536->omNode-2: nextIndex: updateUnconditionally 57 -> 57
2022-10-04 13:26:30,890 [grpc-default-executor-1] INFO  impl.SnapshotInstallationHandler (SnapshotInstallationHandler.java:installSnapshot(84)) - omNode-2@group-523986131536: receive installSnapshot: omNode-1->omNode-2#0-t6,notify:(t:6, i:59)
2022-10-04 13:26:30,890 [grpc-default-executor-1] INFO  impl.SnapshotInstallationHandler (SnapshotInstallationHandler.java:installSnapshot(95)) - omNode-2@group-523986131536: reply installSnapshot: omNode-1<-omNode-2#0:FAIL-t6,IN_PROGRESS
2022-10-04 13:26:30,890 [grpc-default-executor-1] INFO  server.GrpcServerProtocolService (GrpcServerProtocolService.java:onCompleted(140)) - omNode-2: Completed INSTALL_SNAPSHOT, lastRequest: omNode-1->omNode-2#0-t6,notify:(t:6, i:59)
2022-10-04 13:26:30,890 [grpc-default-executor-1] INFO  server.GrpcLogAppender (GrpcLogAppender.java:onNext(403)) - omNode-1@group-523986131536->omNode-2-InstallSnapshotResponseHandler: received a reply omNode-1<-omNode-2#0:FAIL-t6,IN_PROGRESS
2022-10-04 13:26:30,890 [grpc-default-executor-1] INFO  server.GrpcLogAppender (GrpcLogAppender.java:onNext(421)) - omNode-1@group-523986131536->omNode-2-InstallSnapshotResponseHandler: InstallSnapshot in progress.
2022-10-04 13:26:30,891 [omNode-1@group-523986131536->omNode-2-GrpcLogAppender-LogAppenderDaemon] INFO  server.GrpcLogAppender (GrpcLogAppender.java:installSnapshot(541)) - omNode-1@group-523986131536->omNode-2-GrpcLogAppender: followerNextIndex = 57 but logStartIndex = 59, notify follower to install snapshot-(t:6, i:59)
2022-10-04 13:26:30,891 [omNode-1@group-523986131536->omNode-2-GrpcLogAppender-LogAppenderDaemon] INFO  server.GrpcLogAppender (GrpcLogAppender.java:installSnapshot(549)) - omNode-1@group-523986131536->omNode-2-GrpcLogAppender: send omNode-1->omNode-2#0-t6,notify:(t:6, i:59)
2022-10-04 13:26:30,891 [omNode-2-server-thread1] INFO  server.RaftServer$Division (RaftServerImpl.java:checkInconsistentAppendEntries(1402)) - omNode-2@group-523986131536: Failed appendEntries as snapshot (59) installation is in progress
2022-10-04 13:26:30,891 [omNode-2-server-thread1] INFO  server.RaftServer$Division (RaftServerImpl.java:checkInconsistentAppendEntries(1394)) - omNode-2@group-523986131536: inconsistency entries. Reply:omNode-1<-omNode-2#691:FAIL-t6,INCONSISTENCY,nextIndex=57,followerCommit=56
2022-10-04 13:26:30,891 [grpc-default-executor-1] INFO  impl.SnapshotInstallationHandler (SnapshotInstallationHandler.java:installSnapshot(84)) - omNode-2@group-523986131536: receive installSnapshot: omNode-1->omNode-2#0-t6,notify:(t:6, i:59)
2022-10-04 13:26:30,892 [grpc-default-executor-1] INFO  impl.SnapshotInstallationHandler (SnapshotInstallationHandler.java:installSnapshot(95)) - omNode-2@group-523986131536: reply installSnapshot: omNode-1<-omNode-2#0:FAIL-t6,IN_PROGRESS
2022-10-04 13:26:30,892 [grpc-default-executor-1] INFO  server.GrpcServerProtocolService (GrpcServerProtocolService.java:onCompleted(140)) - omNode-2: Completed INSTALL_SNAPSHOT, lastRequest: omNode-1->omNode-2#0-t6,notify:(t:6, i:59)
2022-10-04 13:26:30,892 [grpc-default-executor-3] INFO  leader.FollowerInfo (FollowerInfoImpl.java:lambda$new$0(48)) - omNode-1@group-523986131536->omNode-2: nextIndex: updateUnconditionally 57 -> 57
2022-10-04 13:26:30,892 [grpc-default-executor-1] INFO  server.GrpcLogAppender (GrpcLogAppender.java:onNext(403)) - omNode-1@group-523986131536->omNode-2-InstallSnapshotResponseHandler: received a reply omNode-1<-omNode-2#0:FAIL-t6,IN_PROGRESS
2022-10-04 13:26:30,892 [grpc-default-executor-1] INFO  server.GrpcLogAppender (GrpcLogAppender.java:onNext(421)) - omNode-1@group-523986131536->omNode-2-InstallSnapshotResponseHandler: InstallSnapshot in progress.
2022-10-04 13:26:30,892 [omNode-1@group-523986131536->omNode-2-GrpcLogAppender-LogAppenderDaemon] INFO  server.GrpcLogAppender (GrpcLogAppender.java:installSnapshot(541)) - omNode-1@group-523986131536->omNode-2-GrpcLogAppender: followerNextIndex = 57 but logStartIndex = 59, notify follower to install snapshot-(t:6, i:59)
2022-10-04 13:26:30,892 [omNode-1@group-523986131536->omNode-2-GrpcLogAppender-LogAppenderDaemon] INFO  server.GrpcLogAppender (GrpcLogAppender.java:installSnapshot(549)) - omNode-1@group-523986131536->omNode-2-GrpcLogAppender: send omNode-1->omNode-2#0-t6,notify:(t:6, i:59)
2022-10-04 13:26:30,892 [omNode-2-server-thread1] INFO  server.RaftServer$Division (RaftServerImpl.java:checkInconsistentAppendEntries(1402)) - omNode-2@group-523986131536: Failed appendEntries as snapshot (59) installation is in progress
2022-10-04 13:26:30,893 [omNode-2-server-thread1] INFO  server.RaftServer$Division (RaftServerImpl.java:checkInconsistentAppendEntries(1394)) - omNode-2@group-523986131536: inconsistency entries. Reply:omNode-1<-omNode-2#692:FAIL-t6,INCONSISTENCY,nextIndex=57,followerCommit=56
2022-10-04 13:26:30,893 [grpc-default-executor-3] INFO  leader.FollowerInfo (FollowerInfoImpl.java:lambda$new$0(48)) - omNode-1@group-523986131536->omNode-2: nextIndex: updateUnconditionally 57 -> 57
2022-10-04 13:26:30,893 [grpc-default-executor-1] INFO  impl.SnapshotInstallationHandler (SnapshotInstallationHandler.java:installSnapshot(84)) - omNode-2@group-523986131536: receive installSnapshot: omNode-1->omNode-2#0-t6,notify:(t:6, i:59)
2022-10-04 13:26:30,894 [grpc-default-executor-1] INFO  impl.SnapshotInstallationHandler (SnapshotInstallationHandler.java:installSnapshot(95)) - omNode-2@group-523986131536: reply installSnapshot: omNode-1<-omNode-2#0:FAIL-t6,IN_PROGRESS
2022-10-04 13:26:30,894 [grpc-default-executor-1] INFO  server.GrpcServerProtocolService (GrpcServerProtocolService.java:onCompleted(140)) - omNode-2: Completed INSTALL_SNAPSHOT, lastRequest: omNode-1->omNode-2#0-t6,notify:(t:6, i:59)
2022-10-04 13:26:30,894 [grpc-default-executor-1] INFO  server.GrpcLogAppender (GrpcLogAppender.java:onNext(403)) - omNode-1@group-523986131536->omNode-2-InstallSnapshotResponseHandler: received a reply omNode-1<-omNode-2#0:FAIL-t6,IN_PROGRESS
2022-10-04 13:26:30,894 [grpc-default-executor-1] INFO  server.GrpcLogAppender (GrpcLogAppender.java:onNext(421)) - omNode-1@group-523986131536->omNode-2-InstallSnapshotResponseHandler: InstallSnapshot in progress.
2022-10-04 13:26:30,894 [omNode-1@group-523986131536->omNode-2-GrpcLogAppender-LogAppenderDaemon] INFO  server.GrpcLogAppender (GrpcLogAppender.java:installSnapshot(541)) - omNode-1@group-523986131536->omNode-2-GrpcLogAppender: followerNextIndex = 57 but logStartIndex = 59, notify follower to install snapshot-(t:6, i:59)
2022-10-04 13:26:30,895 [omNode-1@group-523986131536->omNode-2-GrpcLogAppender-LogAppenderDaemon] INFO  server.GrpcLogAppender (GrpcLogAppender.java:installSnapshot(549)) - omNode-1@group-523986131536->omNode-2-GrpcLogAppender: send omNode-1->omNode-2#0-t6,notify:(t:6, i:59)
2022-10-04 13:26:30,895 [omNode-2-server-thread1] INFO  server.RaftServer$Division (RaftServerImpl.java:checkInconsistentAppendEntries(1402)) - omNode-2@group-523986131536: Failed appendEntries as snapshot (59) installation is in progress
2022-10-04 13:26:30,895 [omNode-2-server-thread1] INFO  server.RaftServer$Division (RaftServerImpl.java:checkInconsistentAppendEntries(1394)) - omNode-2@group-523986131536: inconsistency entries. Reply:omNode-1<-omNode-2#693:FAIL-t6,INCONSISTENCY,nextIndex=57,followerCommit=56
2022-10-04 13:26:30,895 [grpc-default-executor-3] INFO  leader.FollowerInfo (FollowerInfoImpl.java:lambda$new$0(48)) - omNode-1@group-523986131536->omNode-2: nextIndex: updateUnconditionally 57 -> 57
2022-10-04 13:26:30,896 [grpc-default-executor-1] INFO  impl.SnapshotInstallationHandler (SnapshotInstallationHandler.java:installSnapshot(84)) - omNode-2@group-523986131536: receive installSnapshot: omNode-1->omNode-2#0-t6,notify:(t:6, i:59)
2022-10-04 13:26:30,896 [grpc-default-executor-1] INFO  impl.SnapshotInstallationHandler (SnapshotInstallationHandler.java:installSnapshot(95)) - omNode-2@group-523986131536: reply installSnapshot: omNode-1<-omNode-2#0:FAIL-t6,IN_PROGRESS
2022-10-04 13:26:30,896 [grpc-default-executor-1] INFO  server.GrpcServerProtocolService (GrpcServerProtocolService.java:onCompleted(140)) - omNode-2: Completed INSTALL_SNAPSHOT, lastRequest: omNode-1->omNode-2#0-t6,notify:(t:6, i:59)
2022-10-04 13:26:30,898 [grpc-default-executor-1] INFO  server.GrpcLogAppender (GrpcLogAppender.java:onNext(403)) - omNode-1@group-523986131536->omNode-2-InstallSnapshotResponseHandler: received a reply omNode-1<-omNode-2#0:FAIL-t6,IN_PROGRESS
2022-10-04 13:26:30,898 [grpc-default-executor-1] INFO  server.GrpcLogAppender (GrpcLogAppender.java:onNext(421)) - omNode-1@group-523986131536->omNode-2-InstallSnapshotResponseHandler: InstallSnapshot in progress.
2022-10-04 13:26:30,899 [omNode-1@group-523986131536->omNode-2-GrpcLogAppender-LogAppenderDaemon] INFO  server.GrpcLogAppender (GrpcLogAppender.java:installSnapshot(541)) - omNode-1@group-523986131536->omNode-2-GrpcLogAppender: followerNextIndex = 57 but logStartIndex = 59, notify follower to install snapshot-(t:6, i:59)
2022-10-04 13:26:30,899 [omNode-1@group-523986131536->omNode-2-GrpcLogAppender-LogAppenderDaemon] INFO  server.GrpcLogAppender (GrpcLogAppender.java:installSnapshot(549)) - omNode-1@group-523986131536->omNode-2-GrpcLogAppender: send omNode-1->omNode-2#0-t6,notify:(t:6, i:59)
2022-10-04 13:26:30,899 [omNode-2-server-thread1] INFO  server.RaftServer$Division (RaftServerImpl.java:checkInconsistentAppendEntries(1402)) - omNode-2@group-523986131536: Failed appendEntries as snapshot (59) installation is in progress
2022-10-04 13:26:30,899 [omNode-2-server-thread1] INFO  server.RaftServer$Division (RaftServerImpl.java:checkInconsistentAppendEntries(1394)) - omNode-2@group-523986131536: inconsistency entries. Reply:omNode-1<-omNode-2#694:FAIL-t6,INCONSISTENCY,nextIndex=57,followerCommit=56
2022-10-04 13:26:30,898 [pool-440-thread-1] INFO  server.RaftServerConfigKeys (ConfUtils.java:logGet(46)) - raft.server.log.write.buffer.size = 64KB (=65536) (default)
2022-10-04 13:26:30,900 [grpc-default-executor-1] INFO  impl.SnapshotInstallationHandler (SnapshotInstallationHandler.java:installSnapshot(84)) - omNode-2@group-523986131536: receive installSnapshot: omNode-1->omNode-2#0-t6,notify:(t:6, i:59)
2022-10-04 13:26:30,900 [grpc-default-executor-3] INFO  leader.FollowerInfo (FollowerInfoImpl.java:lambda$new$0(48)) - omNode-1@group-523986131536->omNode-2: nextIndex: updateUnconditionally 57 -> 57
2022-10-04 13:26:30,900 [pool-440-thread-1] INFO  server.RaftServerConfigKeys (ConfUtils.java:logGet(46)) - raft.server.log.unsafe-flush.enabled = false (default)
2022-10-04 13:26:30,900 [grpc-default-executor-1] INFO  impl.SnapshotInstallationHandler (SnapshotInstallationHandler.java:installSnapshot(95)) - omNode-2@group-523986131536: reply installSnapshot: omNode-1<-omNode-2#0:FAIL-t6,IN_PROGRESS
2022-10-04 13:26:30,900 [grpc-default-executor-1] INFO  server.GrpcServerProtocolService (GrpcServerProtocolService.java:onCompleted(140)) - omNode-2: Completed INSTALL_SNAPSHOT, lastRequest: omNode-1->omNode-2#0-t6,notify:(t:6, i:59)
2022-10-04 13:26:30,901 [grpc-default-executor-1] INFO  server.GrpcLogAppender (GrpcLogAppender.java:onNext(403)) - omNode-1@group-523986131536->omNode-2-InstallSnapshotResponseHandler: received a reply omNode-1<-omNode-2#0:FAIL-t6,IN_PROGRESS
2022-10-04 13:26:30,901 [grpc-default-executor-1] INFO  server.GrpcLogAppender (GrpcLogAppender.java:onNext(421)) - omNode-1@group-523986131536->omNode-2-InstallSnapshotResponseHandler: InstallSnapshot in progress.
2022-10-04 13:26:30,900 [pool-440-thread-1] INFO  server.RaftServerConfigKeys (ConfUtils.java:logGet(46)) - raft.server.log.statemachine.data.caching.enabled = false (default)
2022-10-04 13:26:30,901 [omNode-2-server-thread1] INFO  server.RaftServer$Division (RaftServerImpl.java:checkInconsistentAppendEntries(1402)) - omNode-2@group-523986131536: Failed appendEntries as snapshot (59) installation is in progress
2022-10-04 13:26:30,901 [omNode-2-server-thread1] INFO  server.RaftServer$Division (RaftServerImpl.java:checkInconsistentAppendEntries(1394)) - omNode-2@group-523986131536: inconsistency entries. Reply:omNode-1<-omNode-2#695:FAIL-t6,INCONSISTENCY,nextIndex=57,followerCommit=56
2022-10-04 13:26:30,901 [omNode-1@group-523986131536->omNode-2-GrpcLogAppender-LogAppenderDaemon] INFO  server.GrpcLogAppender (GrpcLogAppender.java:installSnapshot(541)) - omNode-1@group-523986131536->omNode-2-GrpcLogAppender: followerNextIndex = 57 but logStartIndex = 59, notify follower to install snapshot-(t:6, i:59)
2022-10-04 13:26:30,901 [omNode-1@group-523986131536->omNode-2-GrpcLogAppender-LogAppenderDaemon] INFO  server.GrpcLogAppender (GrpcLogAppender.java:installSnapshot(549)) - omNode-1@group-523986131536->omNode-2-GrpcLogAppender: send omNode-1->omNode-2#0-t6,notify:(t:6, i:59)
2022-10-04 13:26:30,902 [grpc-default-executor-3] INFO  leader.FollowerInfo (FollowerInfoImpl.java:lambda$new$0(48)) - omNode-1@group-523986131536->omNode-2: nextIndex: updateUnconditionally 57 -> 57
2022-10-04 13:26:30,903 [grpc-default-executor-1] INFO  impl.SnapshotInstallationHandler (SnapshotInstallationHandler.java:installSnapshot(84)) - omNode-2@group-523986131536: receive installSnapshot: omNode-1->omNode-2#0-t6,notify:(t:6, i:59)
2022-10-04 13:26:30,903 [grpc-default-executor-1] INFO  impl.SnapshotInstallationHandler (SnapshotInstallationHandler.java:installSnapshot(95)) - omNode-2@group-523986131536: reply installSnapshot: omNode-1<-omNode-2#0:FAIL-t6,IN_PROGRESS
2022-10-04 13:26:30,903 [grpc-default-executor-1] INFO  server.GrpcServerProtocolService (GrpcServerProtocolService.java:onCompleted(140)) - omNode-2: Completed INSTALL_SNAPSHOT, lastRequest: omNode-1->omNode-2#0-t6,notify:(t:6, i:59)
2022-10-04 13:26:30,903 [grpc-default-executor-1] INFO  server.GrpcLogAppender (GrpcLogAppender.java:onNext(403)) - omNode-1@group-523986131536->omNode-2-InstallSnapshotResponseHandler: received a reply omNode-1<-omNode-2#0:FAIL-t6,IN_PROGRESS
2022-10-04 13:26:30,903 [grpc-default-executor-1] INFO  server.GrpcLogAppender (GrpcLogAppender.java:onNext(421)) - omNode-1@group-523986131536->omNode-2-InstallSnapshotResponseHandler: InstallSnapshot in progress.
2022-10-04 13:26:30,904 [omNode-1@group-523986131536->omNode-2-GrpcLogAppender-LogAppenderDaemon] INFO  server.GrpcLogAppender (GrpcLogAppender.java:installSnapshot(541)) - omNode-1@group-523986131536->omNode-2-GrpcLogAppender: followerNextIndex = 57 but logStartIndex = 59, notify follower to install snapshot-(t:6, i:59)
2022-10-04 13:26:30,904 [omNode-1@group-523986131536->omNode-2-GrpcLogAppender-LogAppenderDaemon] INFO  server.GrpcLogAppender (GrpcLogAppender.java:installSnapshot(549)) - omNode-1@group-523986131536->omNode-2-GrpcLogAppender: send omNode-1->omNode-2#0-t6,notify:(t:6, i:59)
2022-10-04 13:26:30,904 [omNode-2-server-thread1] INFO  server.RaftServer$Division (RaftServerImpl.java:checkInconsistentAppendEntries(1402)) - omNode-2@group-523986131536: Failed appendEntries as snapshot (59) installation is in progress
2022-10-04 13:26:30,904 [omNode-2-server-thread1] INFO  server.RaftServer$Division (RaftServerImpl.java:checkInconsistentAppendEntries(1394)) - omNode-2@group-523986131536: inconsistency entries. Reply:omNode-1<-omNode-2#696:FAIL-t6,INCONSISTENCY,nextIndex=57,followerCommit=56
2022-10-04 13:26:30,904 [grpc-default-executor-2] INFO  leader.FollowerInfo (FollowerInfoImpl.java:lambda$new$0(48)) - omNode-1@group-523986131536->omNode-2: nextIndex: updateUnconditionally 57 -> 57
2022-10-04 13:26:30,908 [pool-440-thread-1] INFO  server.RaftServer$Division (ServerState.java:setRaftConf(393)) - omNode-3@group-523986131536: set configuration 59: [omNode-3|rpc:localhost:35537|admin:|client:|dataStream:|priority:0, omNode-1|rpc:localhost:42223|admin:|client:|dataStream:|priority:0, omNode-2|rpc:localhost:33535|admin:|client:|dataStream:|priority:0], old=null
2022-10-04 13:26:30,909 [grpc-default-executor-1] INFO  impl.SnapshotInstallationHandler (SnapshotInstallationHandler.java:installSnapshot(84)) - omNode-2@group-523986131536: receive installSnapshot: omNode-1->omNode-2#0-t6,notify:(t:6, i:59)
2022-10-04 13:26:30,909 [grpc-default-executor-1] INFO  impl.SnapshotInstallationHandler (SnapshotInstallationHandler.java:installSnapshot(95)) - omNode-2@group-523986131536: reply installSnapshot: omNode-1<-omNode-2#0:FAIL-t6,IN_PROGRESS
2022-10-04 13:26:30,909 [grpc-default-executor-1] INFO  server.GrpcServerProtocolService (GrpcServerProtocolService.java:onCompleted(140)) - omNode-2: Completed INSTALL_SNAPSHOT, lastRequest: omNode-1->omNode-2#0-t6,notify:(t:6, i:59)
2022-10-04 13:26:30,910 [grpc-default-executor-2] INFO  server.GrpcLogAppender (GrpcLogAppender.java:onNext(403)) - omNode-1@group-523986131536->omNode-2-InstallSnapshotResponseHandler: received a reply omNode-1<-omNode-2#0:FAIL-t6,IN_PROGRESS
2022-10-04 13:26:30,910 [grpc-default-executor-2] INFO  server.GrpcLogAppender (GrpcLogAppender.java:onNext(421)) - omNode-1@group-523986131536->omNode-2-InstallSnapshotResponseHandler: InstallSnapshot in progress.
2022-10-04 13:26:30,910 [omNode-1@group-523986131536->omNode-2-GrpcLogAppender-LogAppenderDaemon] INFO  server.GrpcLogAppender (GrpcLogAppender.java:installSnapshot(541)) - omNode-1@group-523986131536->omNode-2-GrpcLogAppender: followerNextIndex = 57 but logStartIndex = 59, notify follower to install snapshot-(t:6, i:59)
2022-10-04 13:26:30,910 [omNode-1@group-523986131536->omNode-2-GrpcLogAppender-LogAppenderDaemon] INFO  server.GrpcLogAppender (GrpcLogAppender.java:installSnapshot(549)) - omNode-1@group-523986131536->omNode-2-GrpcLogAppender: send omNode-1->omNode-2#0-t6,notify:(t:6, i:59)
2022-10-04 13:26:30,910 [omNode-2-server-thread1] INFO  server.RaftServer$Division (RaftServerImpl.java:checkInconsistentAppendEntries(1402)) - omNode-2@group-523986131536: Failed appendEntries as snapshot (59) installation is in progress
2022-10-04 13:26:30,911 [omNode-2-server-thread1] INFO  server.RaftServer$Division (RaftServerImpl.java:checkInconsistentAppendEntries(1394)) - omNode-2@group-523986131536: inconsistency entries. Reply:omNode-1<-omNode-2#697:FAIL-t6,INCONSISTENCY,nextIndex=57,followerCommit=56
2022-10-04 13:26:30,911 [grpc-default-executor-2] INFO  leader.FollowerInfo (FollowerInfoImpl.java:lambda$new$0(48)) - omNode-1@group-523986131536->omNode-2: nextIndex: updateUnconditionally 57 -> 57
2022-10-04 13:26:30,912 [pool-440-thread-1] INFO  segmented.LogSegment (LogSegment.java:loadSegment(173)) - Successfully read 85 entries from segment file /home/runner/work/ozone/ozone/hadoop-ozone/integration-test/target/test-dir/MiniOzoneClusterImpl-6e9557d8-a31c-49e5-bba1-8bc95799a8b8/omNode-3/ratis/c9bc4cf4-3bc3-3c60-a66b-523986131536/current/log_inprogress_59
2022-10-04 13:26:30,912 [pool-440-thread-1] INFO  segmented.SegmentedRaftLogWorker (SegmentedRaftLogWorker.java:lambda$new$0(135)) - omNode-3@group-523986131536-SegmentedRaftLogWorker: flushIndex: setUnconditionally 0 -> 143
2022-10-04 13:26:30,912 [pool-440-thread-1] INFO  segmented.SegmentedRaftLogWorker (SegmentedRaftLogWorker.java:lambda$new$0(135)) - omNode-3@group-523986131536-SegmentedRaftLogWorker: safeCacheEvictIndex: setUnconditionally 0 -> -1
2022-10-04 13:26:30,913 [grpc-default-executor-1] INFO  impl.SnapshotInstallationHandler (SnapshotInstallationHandler.java:installSnapshot(84)) - omNode-2@group-523986131536: receive installSnapshot: omNode-1->omNode-2#0-t6,notify:(t:6, i:59)
2022-10-04 13:26:30,914 [grpc-default-executor-1] INFO  impl.SnapshotInstallationHandler (SnapshotInstallationHandler.java:installSnapshot(95)) - omNode-2@group-523986131536: reply installSnapshot: omNode-1<-omNode-2#0:FAIL-t6,IN_PROGRESS
2022-10-04 13:26:30,914 [grpc-default-executor-1] INFO  server.GrpcServerProtocolService (GrpcServerProtocolService.java:onCompleted(140)) - omNode-2: Completed INSTALL_SNAPSHOT, lastRequest: omNode-1->omNode-2#0-t6,notify:(t:6, i:59)
2022-10-04 13:26:30,914 [grpc-default-executor-2] INFO  server.GrpcLogAppender (GrpcLogAppender.java:onNext(403)) - omNode-1@group-523986131536->omNode-2-InstallSnapshotResponseHandler: received a reply omNode-1<-omNode-2#0:FAIL-t6,IN_PROGRESS
2022-10-04 13:26:30,914 [grpc-default-executor-2] INFO  server.GrpcLogAppender (GrpcLogAppender.java:onNext(421)) - omNode-1@group-523986131536->omNode-2-InstallSnapshotResponseHandler: InstallSnapshot in progress.
2022-10-04 13:26:30,915 [omNode-1@group-523986131536->omNode-2-GrpcLogAppender-LogAppenderDaemon] INFO  server.GrpcLogAppender (GrpcLogAppender.java:installSnapshot(541)) - omNode-1@group-523986131536->omNode-2-GrpcLogAppender: followerNextIndex = 57 but logStartIndex = 59, notify follower to install snapshot-(t:6, i:59)
2022-10-04 13:26:30,915 [omNode-1@group-523986131536->omNode-2-GrpcLogAppender-LogAppenderDaemon] INFO  server.GrpcLogAppender (GrpcLogAppender.java:installSnapshot(549)) - omNode-1@group-523986131536->omNode-2-GrpcLogAppender: send omNode-1->omNode-2#0-t6,notify:(t:6, i:59)
2022-10-04 13:26:30,916 [omNode-2-server-thread1] INFO  server.RaftServer$Division (RaftServerImpl.java:checkInconsistentAppendEntries(1402)) - omNode-2@group-523986131536: Failed appendEntries as snapshot (59) installation is in progress
2022-10-04 13:26:30,916 [omNode-2-server-thread1] INFO  server.RaftServer$Division (RaftServerImpl.java:checkInconsistentAppendEntries(1394)) - omNode-2@group-523986131536: inconsistency entries. Reply:omNode-1<-omNode-2#698:FAIL-t6,INCONSISTENCY,nextIndex=57,followerCommit=56
2022-10-04 13:26:30,916 [grpc-default-executor-2] INFO  leader.FollowerInfo (FollowerInfoImpl.java:lambda$new$0(48)) - omNode-1@group-523986131536->omNode-2: nextIndex: updateUnconditionally 57 -> 57
2022-10-04 13:26:30,919 [pool-440-thread-1] INFO  raftlog.RaftLog (RaftLogBase.java:lambda$new$0(53)) - omNode-3@group-523986131536-SegmentedRaftLog: commitIndex: updateToMax old=141, new=141, updated? false
2022-10-04 13:26:30,919 [pool-440-thread-1] INFO  raftlog.RaftLog (RaftLogBase.java:lambda$new$0(53)) - omNode-3@group-523986131536-SegmentedRaftLog: purgeIndex: updateIncreasingly -1 -> 58
2022-10-04 13:26:30,919 [pool-440-thread-1] INFO  server.RaftServerConfigKeys (ConfUtils.java:logGet(46)) - raft.server.snapshot.auto.trigger.enabled = true (custom)
2022-10-04 13:26:30,920 [pool-440-thread-1] INFO  server.RaftServerConfigKeys (ConfUtils.java:logGet(46)) - raft.server.snapshot.auto.trigger.threshold = 50 (custom)
2022-10-04 13:26:30,920 [pool-440-thread-1] INFO  server.RaftServerConfigKeys (ConfUtils.java:logGet(46)) - raft.server.snapshot.retention.file.num = -1 (default)
2022-10-04 13:26:30,920 [grpc-default-executor-1] INFO  impl.SnapshotInstallationHandler (SnapshotInstallationHandler.java:installSnapshot(84)) - omNode-2@group-523986131536: receive installSnapshot: omNode-1->omNode-2#0-t6,notify:(t:6, i:59)
2022-10-04 13:26:30,920 [pool-440-thread-1] INFO  server.RaftServerConfigKeys (ConfUtils.java:logGet(46)) - raft.server.log.purge.upto.snapshot.index = true (custom)
2022-10-04 13:26:30,920 [grpc-default-executor-1] INFO  impl.SnapshotInstallationHandler (SnapshotInstallationHandler.java:installSnapshot(95)) - omNode-2@group-523986131536: reply installSnapshot: omNode-1<-omNode-2#0:FAIL-t6,IN_PROGRESS
2022-10-04 13:26:30,920 [pool-440-thread-1] INFO  server.RaftServerConfigKeys (ConfUtils.java:logGet(46)) - raft.server.retrycache.expirytime = 30000ms (custom)
2022-10-04 13:26:30,920 [grpc-default-executor-2] INFO  server.GrpcLogAppender (GrpcLogAppender.java:onNext(403)) - omNode-1@group-523986131536->omNode-2-InstallSnapshotResponseHandler: received a reply omNode-1<-omNode-2#0:FAIL-t6,IN_PROGRESS
2022-10-04 13:26:30,921 [grpc-default-executor-2] INFO  server.GrpcLogAppender (GrpcLogAppender.java:onNext(421)) - omNode-1@group-523986131536->omNode-2-InstallSnapshotResponseHandler: InstallSnapshot in progress.
2022-10-04 13:26:30,920 [grpc-default-executor-1] INFO  server.GrpcServerProtocolService (GrpcServerProtocolService.java:onCompleted(140)) - omNode-2: Completed INSTALL_SNAPSHOT, lastRequest: omNode-1->omNode-2#0-t6,notify:(t:6, i:59)
2022-10-04 13:26:30,921 [pool-440-thread-1] INFO  server.RaftServerConfigKeys (ConfUtils.java:logGet(46)) - raft.server.retrycache.statistics.expirytime = 100μs (default)
2022-10-04 13:26:30,921 [omNode-2-server-thread1] INFO  server.RaftServer$Division (RaftServerImpl.java:checkInconsistentAppendEntries(1402)) - omNode-2@group-523986131536: Failed appendEntries as snapshot (59) installation is in progress
2022-10-04 13:26:30,921 [omNode-1@group-523986131536->omNode-2-GrpcLogAppender-LogAppenderDaemon] INFO  server.GrpcLogAppender (GrpcLogAppender.java:installSnapshot(541)) - omNode-1@group-523986131536->omNode-2-GrpcLogAppender: followerNextIndex = 57 but logStartIndex = 59, notify follower to install snapshot-(t:6, i:59)
2022-10-04 13:26:30,922 [omNode-2-server-thread1] INFO  server.RaftServer$Division (RaftServerImpl.java:checkInconsistentAppendEntries(1394)) - omNode-2@group-523986131536: inconsistency entries. Reply:omNode-1<-omNode-2#699:FAIL-t6,INCONSISTENCY,nextIndex=57,followerCommit=56
2022-10-04 13:26:30,922 [omNode-1@group-523986131536->omNode-2-GrpcLogAppender-LogAppenderDaemon] INFO  server.GrpcLogAppender (GrpcLogAppender.java:installSnapshot(549)) - omNode-1@group-523986131536->omNode-2-GrpcLogAppender: send omNode-1->omNode-2#0-t6,notify:(t:6, i:59)
2022-10-04 13:26:30,923 [grpc-default-executor-1] INFO  impl.SnapshotInstallationHandler (SnapshotInstallationHandler.java:installSnapshot(84)) - omNode-2@group-523986131536: receive installSnapshot: omNode-1->omNode-2#0-t6,notify:(t:6, i:59)
2022-10-04 13:26:30,923 [grpc-default-executor-2] INFO  leader.FollowerInfo (FollowerInfoImpl.java:lambda$new$0(48)) - omNode-1@group-523986131536->omNode-2: nextIndex: updateUnconditionally 57 -> 57
2022-10-04 13:26:30,923 [grpc-default-executor-1] INFO  impl.SnapshotInstallationHandler (SnapshotInstallationHandler.java:installSnapshot(95)) - omNode-2@group-523986131536: reply installSnapshot: omNode-1<-omNode-2#0:FAIL-t6,IN_PROGRESS
2022-10-04 13:26:30,923 [grpc-default-executor-1] INFO  server.GrpcServerProtocolService (GrpcServerProtocolService.java:onCompleted(140)) - omNode-2: Completed INSTALL_SNAPSHOT, lastRequest: omNode-1->omNode-2#0-t6,notify:(t:6, i:59)
2022-10-04 13:26:30,923 [grpc-default-executor-1] INFO  server.GrpcLogAppender (GrpcLogAppender.java:onNext(403)) - omNode-1@group-523986131536->omNode-2-InstallSnapshotResponseHandler: received a reply omNode-1<-omNode-2#0:FAIL-t6,IN_PROGRESS
2022-10-04 13:26:30,923 [grpc-default-executor-1] INFO  server.GrpcLogAppender (GrpcLogAppender.java:onNext(421)) - omNode-1@group-523986131536->omNode-2-InstallSnapshotResponseHandler: InstallSnapshot in progress.
2022-10-04 13:26:30,924 [omNode-1@group-523986131536->omNode-2-GrpcLogAppender-LogAppenderDaemon] INFO  server.GrpcLogAppender (GrpcLogAppender.java:installSnapshot(541)) - omNode-1@group-523986131536->omNode-2-GrpcLogAppender: followerNextIndex = 57 but logStartIndex = 59, notify follower to install snapshot-(t:6, i:59)
2022-10-04 13:26:30,924 [omNode-1@group-523986131536->omNode-2-GrpcLogAppender-LogAppenderDaemon] INFO  server.GrpcLogAppender (GrpcLogAppender.java:installSnapshot(549)) - omNode-1@group-523986131536->omNode-2-GrpcLogAppender: send omNode-1->omNode-2#0-t6,notify:(t:6, i:59)
2022-10-04 13:26:30,924 [omNode-2-server-thread1] INFO  server.RaftServer$Division (RaftServerImpl.java:checkInconsistentAppendEntries(1402)) - omNode-2@group-523986131536: Failed appendEntries as snapshot (59) installation is in progress
2022-10-04 13:26:30,924 [omNode-2-server-thread1] INFO  server.RaftServer$Division (RaftServerImpl.java:checkInconsistentAppendEntries(1394)) - omNode-2@group-523986131536: inconsistency entries. Reply:omNode-1<-omNode-2#700:FAIL-t6,INCONSISTENCY,nextIndex=57,followerCommit=56
2022-10-04 13:26:30,924 [grpc-default-executor-2] INFO  leader.FollowerInfo (FollowerInfoImpl.java:lambda$new$0(48)) - omNode-1@group-523986131536->omNode-2: nextIndex: updateUnconditionally 57 -> 57
2022-10-04 13:26:30,925 [pool-440-thread-1] INFO  server.RaftServerConfigKeys (ConfUtils.java:logGet(46)) - raft.server.log.appender.install.snapshot.enabled = false (custom)
2022-10-04 13:26:30,925 [pool-440-thread-1] INFO  server.RaftServerConfigKeys (ConfUtils.java:logGet(46)) - raft.server.threadpool.server.cached = true (default)
2022-10-04 13:26:30,925 [pool-440-thread-1] INFO  server.RaftServerConfigKeys (ConfUtils.java:logGet(46)) - raft.server.threadpool.server.size = 0 (default)
2022-10-04 13:26:30,925 [pool-440-thread-1] INFO  server.RaftServerConfigKeys (ConfUtils.java:logGet(46)) - raft.server.threadpool.client.cached = true (default)
2022-10-04 13:26:30,925 [pool-440-thread-1] INFO  server.RaftServerConfigKeys (ConfUtils.java:logGet(46)) - raft.server.threadpool.client.size = 0 (default)
2022-10-04 13:26:30,926 [omNode-3-impl-thread1] INFO  server.RaftServer$Division (RaftServerImpl.java:start(310)) - omNode-3@group-523986131536: start as a follower, conf=59: [omNode-3|rpc:localhost:35537|admin:|client:|dataStream:|priority:0, omNode-1|rpc:localhost:42223|admin:|client:|dataStream:|priority:0, omNode-2|rpc:localhost:33535|admin:|client:|dataStream:|priority:0], old=null
2022-10-04 13:26:30,926 [omNode-3-impl-thread1] INFO  server.RaftServer$Division (RaftServerImpl.java:setRole(299)) - omNode-3@group-523986131536: changes role from      null to FOLLOWER at term 6 for startAsFollower
2022-10-04 13:26:30,926 [omNode-3-impl-thread1] INFO  impl.RoleInfo (RoleInfo.java:updateAndGet(139)) - omNode-3: start omNode-3@group-523986131536-FollowerState
2022-10-04 13:26:30,927 [grpc-default-executor-1] INFO  impl.SnapshotInstallationHandler (SnapshotInstallationHandler.java:installSnapshot(84)) - omNode-2@group-523986131536: receive installSnapshot: omNode-1->omNode-2#0-t6,notify:(t:6, i:59)
2022-10-04 13:26:30,927 [grpc-default-executor-1] INFO  impl.SnapshotInstallationHandler (SnapshotInstallationHandler.java:installSnapshot(95)) - omNode-2@group-523986131536: reply installSnapshot: omNode-1<-omNode-2#0:FAIL-t6,IN_PROGRESS
2022-10-04 13:26:30,927 [grpc-default-executor-1] INFO  server.GrpcServerProtocolService (GrpcServerProtocolService.java:onCompleted(140)) - omNode-2: Completed INSTALL_SNAPSHOT, lastRequest: omNode-1->omNode-2#0-t6,notify:(t:6, i:59)
2022-10-04 13:26:30,927 [grpc-default-executor-1] INFO  server.GrpcLogAppender (GrpcLogAppender.java:onNext(403)) - omNode-1@group-523986131536->omNode-2-InstallSnapshotResponseHandler: received a reply omNode-1<-omNode-2#0:FAIL-t6,IN_PROGRESS
2022-10-04 13:26:30,927 [grpc-default-executor-1] INFO  server.GrpcLogAppender (GrpcLogAppender.java:onNext(421)) - omNode-1@group-523986131536->omNode-2-InstallSnapshotResponseHandler: InstallSnapshot in progress.
2022-10-04 13:26:30,929 [omNode-3-impl-thread1] INFO  util.JmxRegister (JmxRegister.java:tryRegister(44)) - Successfully registered JMX Bean with object name Ratis:service=RaftServer,group=group-523986131536,id=omNode-3
2022-10-04 13:26:30,933 [omNode-1@group-523986131536->omNode-2-GrpcLogAppender-LogAppenderDaemon] INFO  server.GrpcLogAppender (GrpcLogAppender.java:installSnapshot(541)) - omNode-1@group-523986131536->omNode-2-GrpcLogAppender: followerNextIndex = 57 but logStartIndex = 59, notify follower to install snapshot-(t:6, i:59)
2022-10-04 13:26:30,933 [omNode-1@group-523986131536->omNode-2-GrpcLogAppender-LogAppenderDaemon] INFO  server.GrpcLogAppender (GrpcLogAppender.java:installSnapshot(549)) - omNode-1@group-523986131536->omNode-2-GrpcLogAppender: send omNode-1->omNode-2#0-t6,notify:(t:6, i:59)
2022-10-04 13:26:30,933 [omNode-2-server-thread1] INFO  server.RaftServer$Division (RaftServerImpl.java:checkInconsistentAppendEntries(1402)) - omNode-2@group-523986131536: Failed appendEntries as snapshot (59) installation is in progress
2022-10-04 13:26:30,933 [omNode-2-server-thread1] INFO  server.RaftServer$Division (RaftServerImpl.java:checkInconsistentAppendEntries(1394)) - omNode-2@group-523986131536: inconsistency entries. Reply:omNode-1<-omNode-2#701:FAIL-t6,INCONSISTENCY,nextIndex=57,followerCommit=56
2022-10-04 13:26:30,934 [grpc-default-executor-2] INFO  impl.SnapshotInstallationHandler (SnapshotInstallationHandler.java:installSnapshot(84)) - omNode-2@group-523986131536: receive installSnapshot: omNode-1->omNode-2#0-t6,notify:(t:6, i:59)
2022-10-04 13:26:30,934 [grpc-default-executor-2] INFO  impl.SnapshotInstallationHandler (SnapshotInstallationHandler.java:installSnapshot(95)) - omNode-2@group-523986131536: reply installSnapshot: omNode-1<-omNode-2#0:FAIL-t6,IN_PROGRESS
2022-10-04 13:26:30,934 [grpc-default-executor-2] INFO  server.GrpcServerProtocolService (GrpcServerProtocolService.java:onCompleted(140)) - omNode-2: Completed INSTALL_SNAPSHOT, lastRequest: omNode-1->omNode-2#0-t6,notify:(t:6, i:59)
2022-10-04 13:26:30,934 [grpc-default-executor-2] INFO  server.GrpcLogAppender (GrpcLogAppender.java:onNext(403)) - omNode-1@group-523986131536->omNode-2-InstallSnapshotResponseHandler: received a reply omNode-1<-omNode-2#0:FAIL-t6,IN_PROGRESS
2022-10-04 13:26:30,934 [grpc-default-executor-2] INFO  server.GrpcLogAppender (GrpcLogAppender.java:onNext(421)) - omNode-1@group-523986131536->omNode-2-InstallSnapshotResponseHandler: InstallSnapshot in progress.
2022-10-04 13:26:30,934 [grpc-default-executor-1] INFO  leader.FollowerInfo (FollowerInfoImpl.java:lambda$new$0(48)) - omNode-1@group-523986131536->omNode-2: nextIndex: updateUnconditionally 57 -> 57
2022-10-04 13:26:30,935 [omNode-1@group-523986131536->omNode-2-GrpcLogAppender-LogAppenderDaemon] INFO  server.GrpcLogAppender (GrpcLogAppender.java:installSnapshot(541)) - omNode-1@group-523986131536->omNode-2-GrpcLogAppender: followerNextIndex = 57 but logStartIndex = 59, notify follower to install snapshot-(t:6, i:59)
2022-10-04 13:26:30,935 [omNode-1@group-523986131536->omNode-2-GrpcLogAppender-LogAppenderDaemon] INFO  server.GrpcLogAppender (GrpcLogAppender.java:installSnapshot(549)) - omNode-1@group-523986131536->omNode-2-GrpcLogAppender: send omNode-1->omNode-2#0-t6,notify:(t:6, i:59)
2022-10-04 13:26:30,935 [omNode-2-server-thread1] INFO  server.RaftServer$Division (RaftServerImpl.java:checkInconsistentAppendEntries(1402)) - omNode-2@group-523986131536: Failed appendEntries as snapshot (59) installation is in progress
2022-10-04 13:26:30,935 [omNode-2-server-thread1] INFO  server.RaftServer$Division (RaftServerImpl.java:checkInconsistentAppendEntries(1394)) - omNode-2@group-523986131536: inconsistency entries. Reply:omNode-1<-omNode-2#702:FAIL-t6,INCONSISTENCY,nextIndex=57,followerCommit=56
2022-10-04 13:26:30,936 [grpc-default-executor-2] INFO  impl.SnapshotInstallationHandler (SnapshotInstallationHandler.java:installSnapshot(84)) - omNode-2@group-523986131536: receive installSnapshot: omNode-1->omNode-2#0-t6,notify:(t:6, i:59)
2022-10-04 13:26:30,936 [grpc-default-executor-2] INFO  impl.SnapshotInstallationHandler (SnapshotInstallationHandler.java:installSnapshot(95)) - omNode-2@group-523986131536: reply installSnapshot: omNode-1<-omNode-2#0:FAIL-t6,IN_PROGRESS
2022-10-04 13:26:30,936 [grpc-default-executor-2] INFO  server.GrpcServerProtocolService (GrpcServerProtocolService.java:onCompleted(140)) - omNode-2: Completed INSTALL_SNAPSHOT, lastRequest: omNode-1->omNode-2#0-t6,notify:(t:6, i:59)
2022-10-04 13:26:30,937 [grpc-default-executor-1] INFO  leader.FollowerInfo (FollowerInfoImpl.java:lambda$new$0(48)) - omNode-1@group-523986131536->omNode-2: nextIndex: updateUnconditionally 57 -> 57
2022-10-04 13:26:30,937 [grpc-default-executor-2] INFO  server.GrpcLogAppender (GrpcLogAppender.java:onNext(403)) - omNode-1@group-523986131536->omNode-2-InstallSnapshotResponseHandler: received a reply omNode-1<-omNode-2#0:FAIL-t6,IN_PROGRESS
2022-10-04 13:26:30,937 [grpc-default-executor-2] INFO  server.GrpcLogAppender (GrpcLogAppender.java:onNext(421)) - omNode-1@group-523986131536->omNode-2-InstallSnapshotResponseHandler: InstallSnapshot in progress.
2022-10-04 13:26:30,937 [omNode-1@group-523986131536->omNode-2-GrpcLogAppender-LogAppenderDaemon] INFO  server.GrpcLogAppender (GrpcLogAppender.java:installSnapshot(541)) - omNode-1@group-523986131536->omNode-2-GrpcLogAppender: followerNextIndex = 57 but logStartIndex = 59, notify follower to install snapshot-(t:6, i:59)
2022-10-04 13:26:30,938 [omNode-1@group-523986131536->omNode-2-GrpcLogAppender-LogAppenderDaemon] INFO  server.GrpcLogAppender (GrpcLogAppender.java:installSnapshot(549)) - omNode-1@group-523986131536->omNode-2-GrpcLogAppender: send omNode-1->omNode-2#0-t6,notify:(t:6, i:59)
2022-10-04 13:26:30,938 [omNode-2-server-thread1] INFO  server.RaftServer$Division (RaftServerImpl.java:checkInconsistentAppendEntries(1402)) - omNode-2@group-523986131536: Failed appendEntries as snapshot (59) installation is in progress
2022-10-04 13:26:30,938 [omNode-2-server-thread1] INFO  server.RaftServer$Division (RaftServerImpl.java:checkInconsistentAppendEntries(1394)) - omNode-2@group-523986131536: inconsistency entries. Reply:omNode-1<-omNode-2#703:FAIL-t6,INCONSISTENCY,nextIndex=57,followerCommit=56
2022-10-04 13:26:30,938 [grpc-default-executor-2] INFO  leader.FollowerInfo (FollowerInfoImpl.java:lambda$new$0(48)) - omNode-1@group-523986131536->omNode-2: nextIndex: updateUnconditionally 57 -> 57
2022-10-04 13:26:30,939 [grpc-default-executor-1] INFO  impl.SnapshotInstallationHandler (SnapshotInstallationHandler.java:installSnapshot(84)) - omNode-2@group-523986131536: receive installSnapshot: omNode-1->omNode-2#0-t6,notify:(t:6, i:59)
2022-10-04 13:26:30,939 [grpc-default-executor-1] INFO  impl.SnapshotInstallationHandler (SnapshotInstallationHandler.java:installSnapshot(95)) - omNode-2@group-523986131536: reply installSnapshot: omNode-1<-omNode-2#0:FAIL-t6,IN_PROGRESS
2022-10-04 13:26:30,939 [grpc-default-executor-1] INFO  server.GrpcServerProtocolService (GrpcServerProtocolService.java:onCompleted(140)) - omNode-2: Completed INSTALL_SNAPSHOT, lastRequest: omNode-1->omNode-2#0-t6,notify:(t:6, i:59)
2022-10-04 13:26:30,940 [grpc-default-executor-1] INFO  server.GrpcLogAppender (GrpcLogAppender.java:onNext(403)) - omNode-1@group-523986131536->omNode-2-InstallSnapshotResponseHandler: received a reply omNode-1<-omNode-2#0:FAIL-t6,IN_PROGRESS
2022-10-04 13:26:30,940 [grpc-default-executor-1] INFO  server.GrpcLogAppender (GrpcLogAppender.java:onNext(421)) - omNode-1@group-523986131536->omNode-2-InstallSnapshotResponseHandler: InstallSnapshot in progress.
2022-10-04 13:26:30,940 [omNode-1@group-523986131536->omNode-2-GrpcLogAppender-LogAppenderDaemon] INFO  server.GrpcLogAppender (GrpcLogAppender.java:installSnapshot(541)) - omNode-1@group-523986131536->omNode-2-GrpcLogAppender: followerNextIndex = 57 but logStartIndex = 59, notify follower to install snapshot-(t:6, i:59)
2022-10-04 13:26:30,940 [omNode-1@group-523986131536->omNode-2-GrpcLogAppender-LogAppenderDaemon] INFO  server.GrpcLogAppender (GrpcLogAppender.java:installSnapshot(549)) - omNode-1@group-523986131536->omNode-2-GrpcLogAppender: send omNode-1->omNode-2#0-t6,notify:(t:6, i:59)
2022-10-04 13:26:30,940 [omNode-2-server-thread1] INFO  server.RaftServer$Division (RaftServerImpl.java:checkInconsistentAppendEntries(1402)) - omNode-2@group-523986131536: Failed appendEntries as snapshot (59) installation is in progress
2022-10-04 13:26:30,940 [omNode-2-server-thread1] INFO  server.RaftServer$Division (RaftServerImpl.java:checkInconsistentAppendEntries(1394)) - omNode-2@group-523986131536: inconsistency entries. Reply:omNode-1<-omNode-2#704:FAIL-t6,INCONSISTENCY,nextIndex=57,followerCommit=56
2022-10-04 13:26:30,941 [grpc-default-executor-2] INFO  leader.FollowerInfo (FollowerInfoImpl.java:lambda$new$0(48)) - omNode-1@group-523986131536->omNode-2: nextIndex: updateUnconditionally 57 -> 57
2022-10-04 13:26:30,943 [grpc-default-executor-1] INFO  impl.SnapshotInstallationHandler (SnapshotInstallationHandler.java:installSnapshot(84)) - omNode-2@group-523986131536: receive installSnapshot: omNode-1->omNode-2#0-t6,notify:(t:6, i:59)
2022-10-04 13:26:30,943 [grpc-default-executor-1] INFO  impl.SnapshotInstallationHandler (SnapshotInstallationHandler.java:installSnapshot(95)) - omNode-2@group-523986131536: reply installSnapshot: omNode-1<-omNode-2#0:FAIL-t6,IN_PROGRESS
2022-10-04 13:26:30,943 [grpc-default-executor-1] INFO  server.GrpcServerProtocolService (GrpcServerProtocolService.java:onCompleted(140)) - omNode-2: Completed INSTALL_SNAPSHOT, lastRequest: omNode-1->omNode-2#0-t6,notify:(t:6, i:59)
2022-10-04 13:26:30,943 [grpc-default-executor-1] INFO  server.GrpcLogAppender (GrpcLogAppender.java:onNext(403)) - omNode-1@group-523986131536->omNode-2-InstallSnapshotResponseHandler: received a reply omNode-1<-omNode-2#0:FAIL-t6,IN_PROGRESS
2022-10-04 13:26:30,943 [grpc-default-executor-1] INFO  server.GrpcLogAppender (GrpcLogAppender.java:onNext(421)) - omNode-1@group-523986131536->omNode-2-InstallSnapshotResponseHandler: InstallSnapshot in progress.
2022-10-04 13:26:30,944 [omNode-1@group-523986131536->omNode-2-GrpcLogAppender-LogAppenderDaemon] INFO  server.GrpcLogAppender (GrpcLogAppender.java:installSnapshot(541)) - omNode-1@group-523986131536->omNode-2-GrpcLogAppender: followerNextIndex = 57 but logStartIndex = 59, notify follower to install snapshot-(t:6, i:59)
2022-10-04 13:26:30,944 [omNode-1@group-523986131536->omNode-2-GrpcLogAppender-LogAppenderDaemon] INFO  server.GrpcLogAppender (GrpcLogAppender.java:installSnapshot(549)) - omNode-1@group-523986131536->omNode-2-GrpcLogAppender: send omNode-1->omNode-2#0-t6,notify:(t:6, i:59)
2022-10-04 13:26:30,944 [omNode-2-server-thread1] INFO  server.RaftServer$Division (RaftServerImpl.java:checkInconsistentAppendEntries(1402)) - omNode-2@group-523986131536: Failed appendEntries as snapshot (59) installation is in progress
2022-10-04 13:26:30,944 [omNode-2-server-thread1] INFO  server.RaftServer$Division (RaftServerImpl.java:checkInconsistentAppendEntries(1394)) - omNode-2@group-523986131536: inconsistency entries. Reply:omNode-1<-omNode-2#705:FAIL-t6,INCONSISTENCY,nextIndex=57,followerCommit=56
2022-10-04 13:26:30,945 [grpc-default-executor-2] INFO  impl.SnapshotInstallationHandler (SnapshotInstallationHandler.java:installSnapshot(84)) - omNode-2@group-523986131536: receive installSnapshot: omNode-1->omNode-2#0-t6,notify:(t:6, i:59)
2022-10-04 13:26:30,945 [grpc-default-executor-2] INFO  impl.SnapshotInstallationHandler (SnapshotInstallationHandler.java:installSnapshot(95)) - omNode-2@group-523986131536: reply installSnapshot: omNode-1<-omNode-2#0:FAIL-t6,IN_PROGRESS
2022-10-04 13:26:30,945 [grpc-default-executor-2] INFO  server.GrpcServerProtocolService (GrpcServerProtocolService.java:onCompleted(140)) - omNode-2: Completed INSTALL_SNAPSHOT, lastRequest: omNode-1->omNode-2#0-t6,notify:(t:6, i:59)
2022-10-04 13:26:30,945 [grpc-default-executor-1] INFO  leader.FollowerInfo (FollowerInfoImpl.java:lambda$new$0(48)) - omNode-1@group-523986131536->omNode-2: nextIndex: updateUnconditionally 57 -> 57
2022-10-04 13:26:30,947 [grpc-default-executor-1] INFO  server.GrpcLogAppender (GrpcLogAppender.java:onNext(403)) - omNode-1@group-523986131536->omNode-2-InstallSnapshotResponseHandler: received a reply omNode-1<-omNode-2#0:FAIL-t6,IN_PROGRESS
2022-10-04 13:26:30,947 [grpc-default-executor-1] INFO  server.GrpcLogAppender (GrpcLogAppender.java:onNext(421)) - omNode-1@group-523986131536->omNode-2-InstallSnapshotResponseHandler: InstallSnapshot in progress.
2022-10-04 13:26:30,947 [Listener at localhost/45931] INFO  server.RaftServer (RaftServerProxy.java:lambda$start$6(382)) - omNode-3: start RPC server
2022-10-04 13:26:30,951 [Listener at localhost/45931] INFO  server.GrpcService (GrpcService.java:startImpl(260)) - omNode-3: GrpcService started, listening on 35537
2022-10-04 13:26:30,951 [omNode-1@group-523986131536->omNode-2-GrpcLogAppender-LogAppenderDaemon] INFO  server.GrpcLogAppender (GrpcLogAppender.java:installSnapshot(541)) - omNode-1@group-523986131536->omNode-2-GrpcLogAppender: followerNextIndex = 57 but logStartIndex = 59, notify follower to install snapshot-(t:6, i:59)
2022-10-04 13:26:30,951 [omNode-1@group-523986131536->omNode-2-GrpcLogAppender-LogAppenderDaemon] INFO  server.GrpcLogAppender (GrpcLogAppender.java:installSnapshot(549)) - omNode-1@group-523986131536->omNode-2-GrpcLogAppender: send omNode-1->omNode-2#0-t6,notify:(t:6, i:59)
2022-10-04 13:26:30,952 [omNode-2-server-thread1] INFO  server.RaftServer$Division (RaftServerImpl.java:checkInconsistentAppendEntries(1402)) - omNode-2@group-523986131536: Failed appendEntries as snapshot (59) installation is in progress
2022-10-04 13:26:30,952 [omNode-2-server-thread1] INFO  server.RaftServer$Division (RaftServerImpl.java:checkInconsistentAppendEntries(1394)) - omNode-2@group-523986131536: inconsistency entries. Reply:omNode-1<-omNode-2#706:FAIL-t6,INCONSISTENCY,nextIndex=57,followerCommit=56
2022-10-04 13:26:30,952 [Listener at localhost/45931] INFO  om.OzoneManager (OzoneManager.java:getRpcServer(1100)) - Creating RPC Server
2022-10-04 13:26:30,953 [grpc-default-executor-2] INFO  leader.FollowerInfo (FollowerInfoImpl.java:lambda$new$0(48)) - omNode-1@group-523986131536->omNode-2: nextIndex: updateUnconditionally 57 -> 57
2022-10-04 13:26:30,953 [grpc-default-executor-1] INFO  impl.SnapshotInstallationHandler (SnapshotInstallationHandler.java:installSnapshot(84)) - omNode-2@group-523986131536: receive installSnapshot: omNode-1->omNode-2#0-t6,notify:(t:6, i:59)
2022-10-04 13:26:30,954 [grpc-default-executor-1] INFO  impl.SnapshotInstallationHandler (SnapshotInstallationHandler.java:installSnapshot(95)) - omNode-2@group-523986131536: reply installSnapshot: omNode-1<-omNode-2#0:FAIL-t6,IN_PROGRESS
2022-10-04 13:26:30,954 [grpc-default-executor-1] INFO  server.GrpcServerProtocolService (GrpcServerProtocolService.java:onCompleted(140)) - omNode-2: Completed INSTALL_SNAPSHOT, lastRequest: omNode-1->omNode-2#0-t6,notify:(t:6, i:59)
2022-10-04 13:26:30,954 [grpc-default-executor-1] INFO  server.GrpcLogAppender (GrpcLogAppender.java:onNext(403)) - omNode-1@group-523986131536->omNode-2-InstallSnapshotResponseHandler: received a reply omNode-1<-omNode-2#0:FAIL-t6,IN_PROGRESS
2022-10-04 13:26:30,954 [grpc-default-executor-1] INFO  server.GrpcLogAppender (GrpcLogAppender.java:onNext(421)) - omNode-1@group-523986131536->omNode-2-InstallSnapshotResponseHandler: InstallSnapshot in progress.
2022-10-04 13:26:30,954 [org.apache.ratis.util.JvmPauseMonitor$$Lambda$699/75026084@150a7e0] INFO  util.JvmPauseMonitor (JvmPauseMonitor.java:run(103)) - JvmPauseMonitor-omNode-3: Started
2022-10-04 13:26:30,955 [omNode-2-server-thread1] INFO  server.RaftServer$Division (RaftServerImpl.java:checkInconsistentAppendEntries(1402)) - omNode-2@group-523986131536: Failed appendEntries as snapshot (59) installation is in progress
2022-10-04 13:26:30,955 [omNode-2-server-thread1] INFO  server.RaftServer$Division (RaftServerImpl.java:checkInconsistentAppendEntries(1394)) - omNode-2@group-523986131536: inconsistency entries. Reply:omNode-1<-omNode-2#707:FAIL-t6,INCONSISTENCY,nextIndex=57,followerCommit=56
2022-10-04 13:26:30,954 [omNode-1@group-523986131536->omNode-2-GrpcLogAppender-LogAppenderDaemon] INFO  server.GrpcLogAppender (GrpcLogAppender.java:installSnapshot(541)) - omNode-1@group-523986131536->omNode-2-GrpcLogAppender: followerNextIndex = 57 but logStartIndex = 59, notify follower to install snapshot-(t:6, i:59)
2022-10-04 13:26:30,955 [omNode-1@group-523986131536->omNode-2-GrpcLogAppender-LogAppenderDaemon] INFO  server.GrpcLogAppender (GrpcLogAppender.java:installSnapshot(549)) - omNode-1@group-523986131536->omNode-2-GrpcLogAppender: send omNode-1->omNode-2#0-t6,notify:(t:6, i:59)
2022-10-04 13:26:30,956 [grpc-default-executor-2] INFO  impl.SnapshotInstallationHandler (SnapshotInstallationHandler.java:installSnapshot(84)) - omNode-2@group-523986131536: receive installSnapshot: omNode-1->omNode-2#0-t6,notify:(t:6, i:59)
2022-10-04 13:26:30,956 [grpc-default-executor-2] INFO  impl.SnapshotInstallationHandler (SnapshotInstallationHandler.java:installSnapshot(95)) - omNode-2@group-523986131536: reply installSnapshot: omNode-1<-omNode-2#0:FAIL-t6,IN_PROGRESS
2022-10-04 13:26:30,956 [grpc-default-executor-2] INFO  server.GrpcServerProtocolService (GrpcServerProtocolService.java:onCompleted(140)) - omNode-2: Completed INSTALL_SNAPSHOT, lastRequest: omNode-1->omNode-2#0-t6,notify:(t:6, i:59)
2022-10-04 13:26:30,956 [grpc-default-executor-1] INFO  leader.FollowerInfo (FollowerInfoImpl.java:lambda$new$0(48)) - omNode-1@group-523986131536->omNode-2: nextIndex: updateUnconditionally 57 -> 57
2022-10-04 13:26:30,957 [grpc-default-executor-2] INFO  server.GrpcLogAppender (GrpcLogAppender.java:onNext(403)) - omNode-1@group-523986131536->omNode-2-InstallSnapshotResponseHandler: received a reply omNode-1<-omNode-2#0:FAIL-t6,IN_PROGRESS
2022-10-04 13:26:30,957 [grpc-default-executor-2] INFO  server.GrpcLogAppender (GrpcLogAppender.java:onNext(421)) - omNode-1@group-523986131536->omNode-2-InstallSnapshotResponseHandler: InstallSnapshot in progress.
2022-10-04 13:26:30,957 [omNode-1@group-523986131536->omNode-2-GrpcLogAppender-LogAppenderDaemon] INFO  server.GrpcLogAppender (GrpcLogAppender.java:installSnapshot(541)) - omNode-1@group-523986131536->omNode-2-GrpcLogAppender: followerNextIndex = 57 but logStartIndex = 59, notify follower to install snapshot-(t:6, i:59)
2022-10-04 13:26:30,957 [omNode-1@group-523986131536->omNode-2-GrpcLogAppender-LogAppenderDaemon] INFO  server.GrpcLogAppender (GrpcLogAppender.java:installSnapshot(549)) - omNode-1@group-523986131536->omNode-2-GrpcLogAppender: send omNode-1->omNode-2#0-t6,notify:(t:6, i:59)
2022-10-04 13:26:30,958 [omNode-2-server-thread1] INFO  server.RaftServer$Division (RaftServerImpl.java:checkInconsistentAppendEntries(1402)) - omNode-2@group-523986131536: Failed appendEntries as snapshot (59) installation is in progress
2022-10-04 13:26:30,958 [omNode-2-server-thread1] INFO  server.RaftServer$Division (RaftServerImpl.java:checkInconsistentAppendEntries(1394)) - omNode-2@group-523986131536: inconsistency entries. Reply:omNode-1<-omNode-2#708:FAIL-t6,INCONSISTENCY,nextIndex=57,followerCommit=56
2022-10-04 13:26:30,959 [grpc-default-executor-2] INFO  leader.FollowerInfo (FollowerInfoImpl.java:lambda$new$0(48)) - omNode-1@group-523986131536->omNode-2: nextIndex: updateUnconditionally 57 -> 57
2022-10-04 13:26:30,960 [grpc-default-executor-2] INFO  impl.SnapshotInstallationHandler (SnapshotInstallationHandler.java:installSnapshot(84)) - omNode-2@group-523986131536: receive installSnapshot: omNode-1->omNode-2#0-t6,notify:(t:6, i:59)
2022-10-04 13:26:30,960 [grpc-default-executor-2] INFO  impl.SnapshotInstallationHandler (SnapshotInstallationHandler.java:installSnapshot(95)) - omNode-2@group-523986131536: reply installSnapshot: omNode-1<-omNode-2#0:FAIL-t6,IN_PROGRESS
2022-10-04 13:26:30,960 [grpc-default-executor-2] INFO  server.GrpcServerProtocolService (GrpcServerProtocolService.java:onCompleted(140)) - omNode-2: Completed INSTALL_SNAPSHOT, lastRequest: omNode-1->omNode-2#0-t6,notify:(t:6, i:59)
2022-10-04 13:26:30,961 [grpc-default-executor-2] INFO  server.GrpcLogAppender (GrpcLogAppender.java:onNext(403)) - omNode-1@group-523986131536->omNode-2-InstallSnapshotResponseHandler: received a reply omNode-1<-omNode-2#0:FAIL-t6,IN_PROGRESS
2022-10-04 13:26:30,961 [grpc-default-executor-2] INFO  server.GrpcLogAppender (GrpcLogAppender.java:onNext(421)) - omNode-1@group-523986131536->omNode-2-InstallSnapshotResponseHandler: InstallSnapshot in progress.
2022-10-04 13:26:30,961 [omNode-1@group-523986131536->omNode-2-GrpcLogAppender-LogAppenderDaemon] INFO  server.GrpcLogAppender (GrpcLogAppender.java:installSnapshot(541)) - omNode-1@group-523986131536->omNode-2-GrpcLogAppender: followerNextIndex = 57 but logStartIndex = 59, notify follower to install snapshot-(t:6, i:59)
2022-10-04 13:26:30,961 [omNode-1@group-523986131536->omNode-2-GrpcLogAppender-LogAppenderDaemon] INFO  server.GrpcLogAppender (GrpcLogAppender.java:installSnapshot(549)) - omNode-1@group-523986131536->omNode-2-GrpcLogAppender: send omNode-1->omNode-2#0-t6,notify:(t:6, i:59)
2022-10-04 13:26:30,961 [omNode-2-server-thread1] INFO  server.RaftServer$Division (RaftServerImpl.java:checkInconsistentAppendEntries(1402)) - omNode-2@group-523986131536: Failed appendEntries as snapshot (59) installation is in progress
2022-10-04 13:26:30,962 [omNode-2-server-thread1] INFO  server.RaftServer$Division (RaftServerImpl.java:checkInconsistentAppendEntries(1394)) - omNode-2@group-523986131536: inconsistency entries. Reply:omNode-1<-omNode-2#709:FAIL-t6,INCONSISTENCY,nextIndex=57,followerCommit=56
2022-10-04 13:26:30,962 [grpc-default-executor-2] INFO  impl.SnapshotInstallationHandler (SnapshotInstallationHandler.java:installSnapshot(84)) - omNode-2@group-523986131536: receive installSnapshot: omNode-1->omNode-2#0-t6,notify:(t:6, i:59)
2022-10-04 13:26:30,962 [grpc-default-executor-2] INFO  impl.SnapshotInstallationHandler (SnapshotInstallationHandler.java:installSnapshot(95)) - omNode-2@group-523986131536: reply installSnapshot: omNode-1<-omNode-2#0:FAIL-t6,IN_PROGRESS
2022-10-04 13:26:30,962 [grpc-default-executor-2] INFO  server.GrpcServerProtocolService (GrpcServerProtocolService.java:onCompleted(140)) - omNode-2: Completed INSTALL_SNAPSHOT, lastRequest: omNode-1->omNode-2#0-t6,notify:(t:6, i:59)
2022-10-04 13:26:30,963 [grpc-default-executor-1] INFO  leader.FollowerInfo (FollowerInfoImpl.java:lambda$new$0(48)) - omNode-1@group-523986131536->omNode-2: nextIndex: updateUnconditionally 57 -> 57
2022-10-04 13:26:30,963 [grpc-default-executor-2] INFO  server.GrpcLogAppender (GrpcLogAppender.java:onNext(403)) - omNode-1@group-523986131536->omNode-2-InstallSnapshotResponseHandler: received a reply omNode-1<-omNode-2#0:FAIL-t6,IN_PROGRESS
2022-10-04 13:26:30,963 [grpc-default-executor-2] INFO  server.GrpcLogAppender (GrpcLogAppender.java:onNext(421)) - omNode-1@group-523986131536->omNode-2-InstallSnapshotResponseHandler: InstallSnapshot in progress.
2022-10-04 13:26:30,963 [omNode-1@group-523986131536->omNode-2-GrpcLogAppender-LogAppenderDaemon] INFO  server.GrpcLogAppender (GrpcLogAppender.java:installSnapshot(541)) - omNode-1@group-523986131536->omNode-2-GrpcLogAppender: followerNextIndex = 57 but logStartIndex = 59, notify follower to install snapshot-(t:6, i:59)
2022-10-04 13:26:30,963 [omNode-1@group-523986131536->omNode-2-GrpcLogAppender-LogAppenderDaemon] INFO  server.GrpcLogAppender (GrpcLogAppender.java:installSnapshot(549)) - omNode-1@group-523986131536->omNode-2-GrpcLogAppender: send omNode-1->omNode-2#0-t6,notify:(t:6, i:59)
2022-10-04 13:26:30,963 [omNode-2-server-thread1] INFO  server.RaftServer$Division (RaftServerImpl.java:checkInconsistentAppendEntries(1402)) - omNode-2@group-523986131536: Failed appendEntries as snapshot (59) installation is in progress
2022-10-04 13:26:30,963 [omNode-2-server-thread1] INFO  server.RaftServer$Division (RaftServerImpl.java:checkInconsistentAppendEntries(1394)) - omNode-2@group-523986131536: inconsistency entries. Reply:omNode-1<-omNode-2#710:FAIL-t6,INCONSISTENCY,nextIndex=57,followerCommit=56
2022-10-04 13:26:30,964 [grpc-default-executor-2] INFO  impl.SnapshotInstallationHandler (SnapshotInstallationHandler.java:installSnapshot(84)) - omNode-2@group-523986131536: receive installSnapshot: omNode-1->omNode-2#0-t6,notify:(t:6, i:59)
2022-10-04 13:26:30,964 [grpc-default-executor-2] INFO  impl.SnapshotInstallationHandler (SnapshotInstallationHandler.java:installSnapshot(95)) - omNode-2@group-523986131536: reply installSnapshot: omNode-1<-omNode-2#0:FAIL-t6,IN_PROGRESS
2022-10-04 13:26:30,964 [grpc-default-executor-2] INFO  server.GrpcServerProtocolService (GrpcServerProtocolService.java:onCompleted(140)) - omNode-2: Completed INSTALL_SNAPSHOT, lastRequest: omNode-1->omNode-2#0-t6,notify:(t:6, i:59)
2022-10-04 13:26:30,964 [grpc-default-executor-1] INFO  leader.FollowerInfo (FollowerInfoImpl.java:lambda$new$0(48)) - omNode-1@group-523986131536->omNode-2: nextIndex: updateUnconditionally 57 -> 57
2022-10-04 13:26:30,965 [grpc-default-executor-2] INFO  server.GrpcLogAppender (GrpcLogAppender.java:onNext(403)) - omNode-1@group-523986131536->omNode-2-InstallSnapshotResponseHandler: received a reply omNode-1<-omNode-2#0:FAIL-t6,IN_PROGRESS
2022-10-04 13:26:30,965 [grpc-default-executor-2] INFO  server.GrpcLogAppender (GrpcLogAppender.java:onNext(421)) - omNode-1@group-523986131536->omNode-2-InstallSnapshotResponseHandler: InstallSnapshot in progress.
2022-10-04 13:26:30,965 [omNode-1@group-523986131536->omNode-2-GrpcLogAppender-LogAppenderDaemon] INFO  server.GrpcLogAppender (GrpcLogAppender.java:installSnapshot(541)) - omNode-1@group-523986131536->omNode-2-GrpcLogAppender: followerNextIndex = 57 but logStartIndex = 59, notify follower to install snapshot-(t:6, i:59)
2022-10-04 13:26:30,965 [omNode-1@group-523986131536->omNode-2-GrpcLogAppender-LogAppenderDaemon] INFO  server.GrpcLogAppender (GrpcLogAppender.java:installSnapshot(549)) - omNode-1@group-523986131536->omNode-2-GrpcLogAppender: send omNode-1->omNode-2#0-t6,notify:(t:6, i:59)
2022-10-04 13:26:30,965 [omNode-2-server-thread1] INFO  server.RaftServer$Division (RaftServerImpl.java:checkInconsistentAppendEntries(1402)) - omNode-2@group-523986131536: Failed appendEntries as snapshot (59) installation is in progress
2022-10-04 13:26:30,966 [omNode-2-server-thread1] INFO  server.RaftServer$Division (RaftServerImpl.java:checkInconsistentAppendEntries(1394)) - omNode-2@group-523986131536: inconsistency entries. Reply:omNode-1<-omNode-2#711:FAIL-t6,INCONSISTENCY,nextIndex=57,followerCommit=56
2022-10-04 13:26:30,966 [grpc-default-executor-3] INFO  impl.SnapshotInstallationHandler (SnapshotInstallationHandler.java:installSnapshot(84)) - omNode-2@group-523986131536: receive installSnapshot: omNode-1->omNode-2#0-t6,notify:(t:6, i:59)
2022-10-04 13:26:30,966 [grpc-default-executor-3] INFO  impl.SnapshotInstallationHandler (SnapshotInstallationHandler.java:installSnapshot(95)) - omNode-2@group-523986131536: reply installSnapshot: omNode-1<-omNode-2#0:FAIL-t6,IN_PROGRESS
2022-10-04 13:26:30,966 [grpc-default-executor-3] INFO  server.GrpcServerProtocolService (GrpcServerProtocolService.java:onCompleted(140)) - omNode-2: Completed INSTALL_SNAPSHOT, lastRequest: omNode-1->omNode-2#0-t6,notify:(t:6, i:59)
2022-10-04 13:26:30,967 [grpc-default-executor-2] INFO  server.GrpcLogAppender (GrpcLogAppender.java:onNext(403)) - omNode-1@group-523986131536->omNode-2-InstallSnapshotResponseHandler: received a reply omNode-1<-omNode-2#0:FAIL-t6,IN_PROGRESS
2022-10-04 13:26:30,967 [grpc-default-executor-2] INFO  server.GrpcLogAppender (GrpcLogAppender.java:onNext(421)) - omNode-1@group-523986131536->omNode-2-InstallSnapshotResponseHandler: InstallSnapshot in progress.
2022-10-04 13:26:30,967 [grpc-default-executor-1] INFO  leader.FollowerInfo (FollowerInfoImpl.java:lambda$new$0(48)) - omNode-1@group-523986131536->omNode-2: nextIndex: updateUnconditionally 57 -> 57
2022-10-04 13:26:30,967 [omNode-1@group-523986131536->omNode-2-GrpcLogAppender-LogAppenderDaemon] INFO  server.GrpcLogAppender (GrpcLogAppender.java:installSnapshot(541)) - omNode-1@group-523986131536->omNode-2-GrpcLogAppender: followerNextIndex = 57 but logStartIndex = 59, notify follower to install snapshot-(t:6, i:59)
2022-10-04 13:26:30,967 [omNode-1@group-523986131536->omNode-2-GrpcLogAppender-LogAppenderDaemon] INFO  server.GrpcLogAppender (GrpcLogAppender.java:installSnapshot(549)) - omNode-1@group-523986131536->omNode-2-GrpcLogAppender: send omNode-1->omNode-2#0-t6,notify:(t:6, i:59)
2022-10-04 13:26:30,968 [omNode-2-server-thread1] INFO  server.RaftServer$Division (RaftServerImpl.java:checkInconsistentAppendEntries(1402)) - omNode-2@group-523986131536: Failed appendEntries as snapshot (59) installation is in progress
2022-10-04 13:26:30,968 [omNode-2-server-thread1] INFO  server.RaftServer$Division (RaftServerImpl.java:checkInconsistentAppendEntries(1394)) - omNode-2@group-523986131536: inconsistency entries. Reply:omNode-1<-omNode-2#712:FAIL-t6,INCONSISTENCY,nextIndex=57,followerCommit=56
2022-10-04 13:26:30,968 [grpc-default-executor-3] INFO  leader.FollowerInfo (FollowerInfoImpl.java:lambda$new$0(48)) - omNode-1@group-523986131536->omNode-2: nextIndex: updateUnconditionally 57 -> 57
2022-10-04 13:26:30,968 [grpc-default-executor-2] INFO  impl.SnapshotInstallationHandler (SnapshotInstallationHandler.java:installSnapshot(84)) - omNode-2@group-523986131536: receive installSnapshot: omNode-1->omNode-2#0-t6,notify:(t:6, i:59)
2022-10-04 13:26:30,968 [grpc-default-executor-2] INFO  impl.SnapshotInstallationHandler (SnapshotInstallationHandler.java:installSnapshot(95)) - omNode-2@group-523986131536: reply installSnapshot: omNode-1<-omNode-2#0:FAIL-t6,IN_PROGRESS
2022-10-04 13:26:30,969 [grpc-default-executor-2] INFO  server.GrpcServerProtocolService (GrpcServerProtocolService.java:onCompleted(140)) - omNode-2: Completed INSTALL_SNAPSHOT, lastRequest: omNode-1->omNode-2#0-t6,notify:(t:6, i:59)
2022-10-04 13:26:30,969 [grpc-default-executor-2] INFO  server.GrpcLogAppender (GrpcLogAppender.java:onNext(403)) - omNode-1@group-523986131536->omNode-2-InstallSnapshotResponseHandler: received a reply omNode-1<-omNode-2#0:FAIL-t6,IN_PROGRESS
2022-10-04 13:26:30,969 [grpc-default-executor-2] INFO  server.GrpcLogAppender (GrpcLogAppender.java:onNext(421)) - omNode-1@group-523986131536->omNode-2-InstallSnapshotResponseHandler: InstallSnapshot in progress.
2022-10-04 13:26:30,969 [omNode-1@group-523986131536->omNode-2-GrpcLogAppender-LogAppenderDaemon] INFO  server.GrpcLogAppender (GrpcLogAppender.java:installSnapshot(541)) - omNode-1@group-523986131536->omNode-2-GrpcLogAppender: followerNextIndex = 57 but logStartIndex = 59, notify follower to install snapshot-(t:6, i:59)
2022-10-04 13:26:30,969 [omNode-1@group-523986131536->omNode-2-GrpcLogAppender-LogAppenderDaemon] INFO  server.GrpcLogAppender (GrpcLogAppender.java:installSnapshot(549)) - omNode-1@group-523986131536->omNode-2-GrpcLogAppender: send omNode-1->omNode-2#0-t6,notify:(t:6, i:59)
2022-10-04 13:26:30,970 [omNode-2-server-thread1] INFO  server.RaftServer$Division (RaftServerImpl.java:checkInconsistentAppendEntries(1402)) - omNode-2@group-523986131536: Failed appendEntries as snapshot (59) installation is in progress
2022-10-04 13:26:30,970 [omNode-2-server-thread1] INFO  server.RaftServer$Division (RaftServerImpl.java:checkInconsistentAppendEntries(1394)) - omNode-2@group-523986131536: inconsistency entries. Reply:omNode-1<-omNode-2#713:FAIL-t6,INCONSISTENCY,nextIndex=57,followerCommit=56
2022-10-04 13:26:30,973 [grpc-default-executor-3] INFO  leader.FollowerInfo (FollowerInfoImpl.java:lambda$new$0(48)) - omNode-1@group-523986131536->omNode-2: nextIndex: updateUnconditionally 57 -> 57
2022-10-04 13:26:30,975 [grpc-default-executor-2] INFO  impl.SnapshotInstallationHandler (SnapshotInstallationHandler.java:installSnapshot(84)) - omNode-2@group-523986131536: receive installSnapshot: omNode-1->omNode-2#0-t6,notify:(t:6, i:59)
2022-10-04 13:26:30,975 [grpc-default-executor-2] INFO  impl.SnapshotInstallationHandler (SnapshotInstallationHandler.java:installSnapshot(95)) - omNode-2@group-523986131536: reply installSnapshot: omNode-1<-omNode-2#0:FAIL-t6,IN_PROGRESS
2022-10-04 13:26:30,975 [grpc-default-executor-2] INFO  server.GrpcServerProtocolService (GrpcServerProtocolService.java:onCompleted(140)) - omNode-2: Completed INSTALL_SNAPSHOT, lastRequest: omNode-1->omNode-2#0-t6,notify:(t:6, i:59)
2022-10-04 13:26:30,976 [grpc-default-executor-2] INFO  server.GrpcLogAppender (GrpcLogAppender.java:onNext(403)) - omNode-1@group-523986131536->omNode-2-InstallSnapshotResponseHandler: received a reply omNode-1<-omNode-2#0:FAIL-t6,IN_PROGRESS
2022-10-04 13:26:30,976 [grpc-default-executor-2] INFO  server.GrpcLogAppender (GrpcLogAppender.java:onNext(421)) - omNode-1@group-523986131536->omNode-2-InstallSnapshotResponseHandler: InstallSnapshot in progress.
2022-10-04 13:26:30,976 [omNode-1@group-523986131536->omNode-2-GrpcLogAppender-LogAppenderDaemon] INFO  server.GrpcLogAppender (GrpcLogAppender.java:installSnapshot(541)) - omNode-1@group-523986131536->omNode-2-GrpcLogAppender: followerNextIndex = 57 but logStartIndex = 59, notify follower to install snapshot-(t:6, i:59)
2022-10-04 13:26:30,976 [omNode-1@group-523986131536->omNode-2-GrpcLogAppender-LogAppenderDaemon] INFO  server.GrpcLogAppender (GrpcLogAppender.java:installSnapshot(549)) - omNode-1@group-523986131536->omNode-2-GrpcLogAppender: send omNode-1->omNode-2#0-t6,notify:(t:6, i:59)
2022-10-04 13:26:30,979 [omNode-2-server-thread1] INFO  server.RaftServer$Division (RaftServerImpl.java:checkInconsistentAppendEntries(1402)) - omNode-2@group-523986131536: Failed appendEntries as snapshot (59) installation is in progress
2022-10-04 13:26:30,979 [omNode-2-server-thread1] INFO  server.RaftServer$Division (RaftServerImpl.java:checkInconsistentAppendEntries(1394)) - omNode-2@group-523986131536: inconsistency entries. Reply:omNode-1<-omNode-2#714:FAIL-t6,INCONSISTENCY,nextIndex=57,followerCommit=56
2022-10-04 13:26:30,980 [grpc-default-executor-3] INFO  leader.FollowerInfo (FollowerInfoImpl.java:lambda$new$0(48)) - omNode-1@group-523986131536->omNode-2: nextIndex: updateUnconditionally 57 -> 57
2022-10-04 13:26:30,980 [grpc-default-executor-2] INFO  impl.SnapshotInstallationHandler (SnapshotInstallationHandler.java:installSnapshot(84)) - omNode-2@group-523986131536: receive installSnapshot: omNode-1->omNode-2#0-t6,notify:(t:6, i:59)
2022-10-04 13:26:30,980 [grpc-default-executor-2] INFO  impl.SnapshotInstallationHandler (SnapshotInstallationHandler.java:installSnapshot(95)) - omNode-2@group-523986131536: reply installSnapshot: omNode-1<-omNode-2#0:FAIL-t6,IN_PROGRESS
2022-10-04 13:26:30,980 [grpc-default-executor-2] INFO  server.GrpcServerProtocolService (GrpcServerProtocolService.java:onCompleted(140)) - omNode-2: Completed INSTALL_SNAPSHOT, lastRequest: omNode-1->omNode-2#0-t6,notify:(t:6, i:59)
2022-10-04 13:26:30,981 [grpc-default-executor-3] INFO  server.GrpcLogAppender (GrpcLogAppender.java:onNext(403)) - omNode-1@group-523986131536->omNode-2-InstallSnapshotResponseHandler: received a reply omNode-1<-omNode-2#0:FAIL-t6,IN_PROGRESS
2022-10-04 13:26:30,981 [grpc-default-executor-3] INFO  server.GrpcLogAppender (GrpcLogAppender.java:onNext(421)) - omNode-1@group-523986131536->omNode-2-InstallSnapshotResponseHandler: InstallSnapshot in progress.
2022-10-04 13:26:30,981 [omNode-1@group-523986131536->omNode-2-GrpcLogAppender-LogAppenderDaemon] INFO  server.GrpcLogAppender (GrpcLogAppender.java:installSnapshot(541)) - omNode-1@group-523986131536->omNode-2-GrpcLogAppender: followerNextIndex = 57 but logStartIndex = 59, notify follower to install snapshot-(t:6, i:59)
2022-10-04 13:26:30,981 [omNode-1@group-523986131536->omNode-2-GrpcLogAppender-LogAppenderDaemon] INFO  server.GrpcLogAppender (GrpcLogAppender.java:installSnapshot(549)) - omNode-1@group-523986131536->omNode-2-GrpcLogAppender: send omNode-1->omNode-2#0-t6,notify:(t:6, i:59)
2022-10-04 13:26:30,982 [omNode-2-server-thread1] INFO  server.RaftServer$Division (RaftServerImpl.java:checkInconsistentAppendEntries(1402)) - omNode-2@group-523986131536: Failed appendEntries as snapshot (59) installation is in progress
2022-10-04 13:26:30,982 [omNode-2-server-thread1] INFO  server.RaftServer$Division (RaftServerImpl.java:checkInconsistentAppendEntries(1394)) - omNode-2@group-523986131536: inconsistency entries. Reply:omNode-1<-omNode-2#715:FAIL-t6,INCONSISTENCY,nextIndex=57,followerCommit=56
2022-10-04 13:26:30,982 [grpc-default-executor-3] INFO  leader.FollowerInfo (FollowerInfoImpl.java:lambda$new$0(48)) - omNode-1@group-523986131536->omNode-2: nextIndex: updateUnconditionally 57 -> 57
2022-10-04 13:26:30,982 [grpc-default-executor-2] INFO  impl.SnapshotInstallationHandler (SnapshotInstallationHandler.java:installSnapshot(84)) - omNode-2@group-523986131536: receive installSnapshot: omNode-1->omNode-2#0-t6,notify:(t:6, i:59)
2022-10-04 13:26:30,983 [grpc-default-executor-2] INFO  impl.SnapshotInstallationHandler (SnapshotInstallationHandler.java:installSnapshot(95)) - omNode-2@group-523986131536: reply installSnapshot: omNode-1<-omNode-2#0:FAIL-t6,IN_PROGRESS
2022-10-04 13:26:30,983 [grpc-default-executor-2] INFO  server.GrpcServerProtocolService (GrpcServerProtocolService.java:onCompleted(140)) - omNode-2: Completed INSTALL_SNAPSHOT, lastRequest: omNode-1->omNode-2#0-t6,notify:(t:6, i:59)
2022-10-04 13:26:30,983 [grpc-default-executor-2] INFO  server.GrpcLogAppender (GrpcLogAppender.java:onNext(403)) - omNode-1@group-523986131536->omNode-2-InstallSnapshotResponseHandler: received a reply omNode-1<-omNode-2#0:FAIL-t6,IN_PROGRESS
2022-10-04 13:26:30,983 [grpc-default-executor-2] INFO  server.GrpcLogAppender (GrpcLogAppender.java:onNext(421)) - omNode-1@group-523986131536->omNode-2-InstallSnapshotResponseHandler: InstallSnapshot in progress.
2022-10-04 13:26:30,983 [omNode-1@group-523986131536->omNode-2-GrpcLogAppender-LogAppenderDaemon] INFO  server.GrpcLogAppender (GrpcLogAppender.java:installSnapshot(541)) - omNode-1@group-523986131536->omNode-2-GrpcLogAppender: followerNextIndex = 57 but logStartIndex = 59, notify follower to install snapshot-(t:6, i:59)
2022-10-04 13:26:30,983 [omNode-1@group-523986131536->omNode-2-GrpcLogAppender-LogAppenderDaemon] INFO  server.GrpcLogAppender (GrpcLogAppender.java:installSnapshot(549)) - omNode-1@group-523986131536->omNode-2-GrpcLogAppender: send omNode-1->omNode-2#0-t6,notify:(t:6, i:59)
2022-10-04 13:26:30,984 [omNode-2-server-thread1] INFO  server.RaftServer$Division (RaftServerImpl.java:checkInconsistentAppendEntries(1402)) - omNode-2@group-523986131536: Failed appendEntries as snapshot (59) installation is in progress
2022-10-04 13:26:30,984 [omNode-2-server-thread1] INFO  server.RaftServer$Division (RaftServerImpl.java:checkInconsistentAppendEntries(1394)) - omNode-2@group-523986131536: inconsistency entries. Reply:omNode-1<-omNode-2#716:FAIL-t6,INCONSISTENCY,nextIndex=57,followerCommit=56
2022-10-04 13:26:30,984 [grpc-default-executor-3] INFO  leader.FollowerInfo (FollowerInfoImpl.java:lambda$new$0(48)) - omNode-1@group-523986131536->omNode-2: nextIndex: updateUnconditionally 57 -> 57
2022-10-04 13:26:30,984 [grpc-default-executor-2] INFO  impl.SnapshotInstallationHandler (SnapshotInstallationHandler.java:installSnapshot(84)) - omNode-2@group-523986131536: receive installSnapshot: omNode-1->omNode-2#0-t6,notify:(t:6, i:59)
2022-10-04 13:26:30,985 [grpc-default-executor-2] INFO  impl.SnapshotInstallationHandler (SnapshotInstallationHandler.java:installSnapshot(95)) - omNode-2@group-523986131536: reply installSnapshot: omNode-1<-omNode-2#0:FAIL-t6,IN_PROGRESS
2022-10-04 13:26:30,985 [grpc-default-executor-2] INFO  server.GrpcServerProtocolService (GrpcServerProtocolService.java:onCompleted(140)) - omNode-2: Completed INSTALL_SNAPSHOT, lastRequest: omNode-1->omNode-2#0-t6,notify:(t:6, i:59)
2022-10-04 13:26:30,985 [grpc-default-executor-3] INFO  server.GrpcLogAppender (GrpcLogAppender.java:onNext(403)) - omNode-1@group-523986131536->omNode-2-InstallSnapshotResponseHandler: received a reply omNode-1<-omNode-2#0:FAIL-t6,IN_PROGRESS
2022-10-04 13:26:30,985 [grpc-default-executor-3] INFO  server.GrpcLogAppender (GrpcLogAppender.java:onNext(421)) - omNode-1@group-523986131536->omNode-2-InstallSnapshotResponseHandler: InstallSnapshot in progress.
2022-10-04 13:26:30,991 [omNode-1@group-523986131536->omNode-2-GrpcLogAppender-LogAppenderDaemon] INFO  server.GrpcLogAppender (GrpcLogAppender.java:installSnapshot(541)) - omNode-1@group-523986131536->omNode-2-GrpcLogAppender: followerNextIndex = 57 but logStartIndex = 59, notify follower to install snapshot-(t:6, i:59)
2022-10-04 13:26:30,991 [omNode-1@group-523986131536->omNode-2-GrpcLogAppender-LogAppenderDaemon] INFO  server.GrpcLogAppender (GrpcLogAppender.java:installSnapshot(549)) - omNode-1@group-523986131536->omNode-2-GrpcLogAppender: send omNode-1->omNode-2#0-t6,notify:(t:6, i:59)
2022-10-04 13:26:30,991 [omNode-2-server-thread1] INFO  server.RaftServer$Division (RaftServerImpl.java:checkInconsistentAppendEntries(1402)) - omNode-2@group-523986131536: Failed appendEntries as snapshot (59) installation is in progress
2022-10-04 13:26:30,992 [omNode-2-server-thread1] INFO  server.RaftServer$Division (RaftServerImpl.java:checkInconsistentAppendEntries(1394)) - omNode-2@group-523986131536: inconsistency entries. Reply:omNode-1<-omNode-2#717:FAIL-t6,INCONSISTENCY,nextIndex=57,followerCommit=56
2022-10-04 13:26:30,992 [grpc-default-executor-3] INFO  leader.FollowerInfo (FollowerInfoImpl.java:lambda$new$0(48)) - omNode-1@group-523986131536->omNode-2: nextIndex: updateUnconditionally 57 -> 57
2022-10-04 13:26:30,993 [grpc-default-executor-2] INFO  impl.SnapshotInstallationHandler (SnapshotInstallationHandler.java:installSnapshot(84)) - omNode-2@group-523986131536: receive installSnapshot: omNode-1->omNode-2#0-t6,notify:(t:6, i:59)
2022-10-04 13:26:30,993 [grpc-default-executor-2] INFO  impl.SnapshotInstallationHandler (SnapshotInstallationHandler.java:installSnapshot(95)) - omNode-2@group-523986131536: reply installSnapshot: omNode-1<-omNode-2#0:FAIL-t6,IN_PROGRESS
2022-10-04 13:26:30,993 [grpc-default-executor-2] INFO  server.GrpcServerProtocolService (GrpcServerProtocolService.java:onCompleted(140)) - omNode-2: Completed INSTALL_SNAPSHOT, lastRequest: omNode-1->omNode-2#0-t6,notify:(t:6, i:59)
2022-10-04 13:26:30,994 [grpc-default-executor-2] INFO  server.GrpcLogAppender (GrpcLogAppender.java:onNext(403)) - omNode-1@group-523986131536->omNode-2-InstallSnapshotResponseHandler: received a reply omNode-1<-omNode-2#0:FAIL-t6,IN_PROGRESS
2022-10-04 13:26:30,994 [grpc-default-executor-2] INFO  server.GrpcLogAppender (GrpcLogAppender.java:onNext(421)) - omNode-1@group-523986131536->omNode-2-InstallSnapshotResponseHandler: InstallSnapshot in progress.
2022-10-04 13:26:30,994 [omNode-1@group-523986131536->omNode-2-GrpcLogAppender-LogAppenderDaemon] INFO  server.GrpcLogAppender (GrpcLogAppender.java:installSnapshot(541)) - omNode-1@group-523986131536->omNode-2-GrpcLogAppender: followerNextIndex = 57 but logStartIndex = 59, notify follower to install snapshot-(t:6, i:59)
2022-10-04 13:26:30,994 [omNode-1@group-523986131536->omNode-2-GrpcLogAppender-LogAppenderDaemon] INFO  server.GrpcLogAppender (GrpcLogAppender.java:installSnapshot(549)) - omNode-1@group-523986131536->omNode-2-GrpcLogAppender: send omNode-1->omNode-2#0-t6,notify:(t:6, i:59)
2022-10-04 13:26:30,994 [omNode-2-server-thread1] INFO  server.RaftServer$Division (RaftServerImpl.java:checkInconsistentAppendEntries(1402)) - omNode-2@group-523986131536: Failed appendEntries as snapshot (59) installation is in progress
2022-10-04 13:26:30,995 [omNode-2-server-thread1] INFO  server.RaftServer$Division (RaftServerImpl.java:checkInconsistentAppendEntries(1394)) - omNode-2@group-523986131536: inconsistency entries. Reply:omNode-1<-omNode-2#718:FAIL-t6,INCONSISTENCY,nextIndex=57,followerCommit=56
2022-10-04 13:26:31,001 [grpc-default-executor-3] INFO  leader.FollowerInfo (FollowerInfoImpl.java:lambda$new$0(48)) - omNode-1@group-523986131536->omNode-2: nextIndex: updateUnconditionally 57 -> 57
2022-10-04 13:26:31,001 [grpc-default-executor-2] INFO  impl.SnapshotInstallationHandler (SnapshotInstallationHandler.java:installSnapshot(84)) - omNode-2@group-523986131536: receive installSnapshot: omNode-1->omNode-2#0-t6,notify:(t:6, i:59)
2022-10-04 13:26:31,001 [grpc-default-executor-2] INFO  impl.SnapshotInstallationHandler (SnapshotInstallationHandler.java:installSnapshot(95)) - omNode-2@group-523986131536: reply installSnapshot: omNode-1<-omNode-2#0:FAIL-t6,IN_PROGRESS
2022-10-04 13:26:31,001 [grpc-default-executor-2] INFO  server.GrpcServerProtocolService (GrpcServerProtocolService.java:onCompleted(140)) - omNode-2: Completed INSTALL_SNAPSHOT, lastRequest: omNode-1->omNode-2#0-t6,notify:(t:6, i:59)
2022-10-04 13:26:31,001 [grpc-default-executor-2] INFO  server.GrpcLogAppender (GrpcLogAppender.java:onNext(403)) - omNode-1@group-523986131536->omNode-2-InstallSnapshotResponseHandler: received a reply omNode-1<-omNode-2#0:FAIL-t6,IN_PROGRESS
2022-10-04 13:26:31,002 [grpc-default-executor-2] INFO  server.GrpcLogAppender (GrpcLogAppender.java:onNext(421)) - omNode-1@group-523986131536->omNode-2-InstallSnapshotResponseHandler: InstallSnapshot in progress.
2022-10-04 13:26:31,002 [omNode-1@group-523986131536->omNode-2-GrpcLogAppender-LogAppenderDaemon] INFO  server.GrpcLogAppender (GrpcLogAppender.java:installSnapshot(541)) - omNode-1@group-523986131536->omNode-2-GrpcLogAppender: followerNextIndex = 57 but logStartIndex = 59, notify follower to install snapshot-(t:6, i:59)
2022-10-04 13:26:31,002 [omNode-1@group-523986131536->omNode-2-GrpcLogAppender-LogAppenderDaemon] INFO  server.GrpcLogAppender (GrpcLogAppender.java:installSnapshot(549)) - omNode-1@group-523986131536->omNode-2-GrpcLogAppender: send omNode-1->omNode-2#0-t6,notify:(t:6, i:59)
2022-10-04 13:26:31,002 [omNode-2-server-thread1] INFO  server.RaftServer$Division (RaftServerImpl.java:checkInconsistentAppendEntries(1402)) - omNode-2@group-523986131536: Failed appendEntries as snapshot (59) installation is in progress
2022-10-04 13:26:31,002 [omNode-2-server-thread1] INFO  server.RaftServer$Division (RaftServerImpl.java:checkInconsistentAppendEntries(1394)) - omNode-2@group-523986131536: inconsistency entries. Reply:omNode-1<-omNode-2#719:FAIL-t6,INCONSISTENCY,nextIndex=57,followerCommit=56
2022-10-04 13:26:31,003 [grpc-default-executor-3] INFO  leader.FollowerInfo (FollowerInfoImpl.java:lambda$new$0(48)) - omNode-1@group-523986131536->omNode-2: nextIndex: updateUnconditionally 57 -> 57
2022-10-04 13:26:31,003 [grpc-default-executor-2] INFO  impl.SnapshotInstallationHandler (SnapshotInstallationHandler.java:installSnapshot(84)) - omNode-2@group-523986131536: receive installSnapshot: omNode-1->omNode-2#0-t6,notify:(t:6, i:59)
2022-10-04 13:26:31,003 [grpc-default-executor-2] INFO  impl.SnapshotInstallationHandler (SnapshotInstallationHandler.java:installSnapshot(95)) - omNode-2@group-523986131536: reply installSnapshot: omNode-1<-omNode-2#0:FAIL-t6,IN_PROGRESS
2022-10-04 13:26:31,003 [grpc-default-executor-2] INFO  server.GrpcServerProtocolService (GrpcServerProtocolService.java:onCompleted(140)) - omNode-2: Completed INSTALL_SNAPSHOT, lastRequest: omNode-1->omNode-2#0-t6,notify:(t:6, i:59)
2022-10-04 13:26:31,004 [grpc-default-executor-2] INFO  server.GrpcLogAppender (GrpcLogAppender.java:onNext(403)) - omNode-1@group-523986131536->omNode-2-InstallSnapshotResponseHandler: received a reply omNode-1<-omNode-2#0:FAIL-t6,IN_PROGRESS
2022-10-04 13:26:31,004 [grpc-default-executor-2] INFO  server.GrpcLogAppender (GrpcLogAppender.java:onNext(421)) - omNode-1@group-523986131536->omNode-2-InstallSnapshotResponseHandler: InstallSnapshot in progress.
2022-10-04 13:26:31,004 [omNode-1@group-523986131536->omNode-2-GrpcLogAppender-LogAppenderDaemon] INFO  server.GrpcLogAppender (GrpcLogAppender.java:installSnapshot(541)) - omNode-1@group-523986131536->omNode-2-GrpcLogAppender: followerNextIndex = 57 but logStartIndex = 59, notify follower to install snapshot-(t:6, i:59)
2022-10-04 13:26:31,004 [omNode-1@group-523986131536->omNode-2-GrpcLogAppender-LogAppenderDaemon] INFO  server.GrpcLogAppender (GrpcLogAppender.java:installSnapshot(549)) - omNode-1@group-523986131536->omNode-2-GrpcLogAppender: send omNode-1->omNode-2#0-t6,notify:(t:6, i:59)
2022-10-04 13:26:31,004 [omNode-2-server-thread1] INFO  server.RaftServer$Division (RaftServerImpl.java:checkInconsistentAppendEntries(1402)) - omNode-2@group-523986131536: Failed appendEntries as snapshot (59) installation is in progress
2022-10-04 13:26:31,004 [omNode-2-server-thread1] INFO  server.RaftServer$Division (RaftServerImpl.java:checkInconsistentAppendEntries(1394)) - omNode-2@group-523986131536: inconsistency entries. Reply:omNode-1<-omNode-2#720:FAIL-t6,INCONSISTENCY,nextIndex=57,followerCommit=56
2022-10-04 13:26:31,005 [grpc-default-executor-3] INFO  leader.FollowerInfo (FollowerInfoImpl.java:lambda$new$0(48)) - omNode-1@group-523986131536->omNode-2: nextIndex: updateUnconditionally 57 -> 57
2022-10-04 13:26:31,005 [grpc-default-executor-2] INFO  impl.SnapshotInstallationHandler (SnapshotInstallationHandler.java:installSnapshot(84)) - omNode-2@group-523986131536: receive installSnapshot: omNode-1->omNode-2#0-t6,notify:(t:6, i:59)
2022-10-04 13:26:31,005 [grpc-default-executor-2] INFO  impl.SnapshotInstallationHandler (SnapshotInstallationHandler.java:installSnapshot(95)) - omNode-2@group-523986131536: reply installSnapshot: omNode-1<-omNode-2#0:FAIL-t6,IN_PROGRESS
2022-10-04 13:26:31,005 [grpc-default-executor-2] INFO  server.GrpcServerProtocolService (GrpcServerProtocolService.java:onCompleted(140)) - omNode-2: Completed INSTALL_SNAPSHOT, lastRequest: omNode-1->omNode-2#0-t6,notify:(t:6, i:59)
2022-10-04 13:26:31,006 [grpc-default-executor-2] INFO  server.GrpcLogAppender (GrpcLogAppender.java:onNext(403)) - omNode-1@group-523986131536->omNode-2-InstallSnapshotResponseHandler: received a reply omNode-1<-omNode-2#0:FAIL-t6,IN_PROGRESS
2022-10-04 13:26:31,006 [grpc-default-executor-2] INFO  server.GrpcLogAppender (GrpcLogAppender.java:onNext(421)) - omNode-1@group-523986131536->omNode-2-InstallSnapshotResponseHandler: InstallSnapshot in progress.
2022-10-04 13:26:31,009 [omNode-1@group-523986131536->omNode-2-GrpcLogAppender-LogAppenderDaemon] INFO  server.GrpcLogAppender (GrpcLogAppender.java:installSnapshot(541)) - omNode-1@group-523986131536->omNode-2-GrpcLogAppender: followerNextIndex = 57 but logStartIndex = 59, notify follower to install snapshot-(t:6, i:59)
2022-10-04 13:26:31,009 [omNode-1@group-523986131536->omNode-2-GrpcLogAppender-LogAppenderDaemon] INFO  server.GrpcLogAppender (GrpcLogAppender.java:installSnapshot(549)) - omNode-1@group-523986131536->omNode-2-GrpcLogAppender: send omNode-1->omNode-2#0-t6,notify:(t:6, i:59)
2022-10-04 13:26:31,009 [omNode-2-server-thread1] INFO  server.RaftServer$Division (RaftServerImpl.java:checkInconsistentAppendEntries(1402)) - omNode-2@group-523986131536: Failed appendEntries as snapshot (59) installation is in progress
2022-10-04 13:26:31,010 [omNode-2-server-thread1] INFO  server.RaftServer$Division (RaftServerImpl.java:checkInconsistentAppendEntries(1394)) - omNode-2@group-523986131536: inconsistency entries. Reply:omNode-1<-omNode-2#721:FAIL-t6,INCONSISTENCY,nextIndex=57,followerCommit=56
2022-10-04 13:26:31,012 [grpc-default-executor-2] INFO  leader.FollowerInfo (FollowerInfoImpl.java:lambda$new$0(48)) - omNode-1@group-523986131536->omNode-2: nextIndex: updateUnconditionally 57 -> 57
2022-10-04 13:26:31,018 [grpc-default-executor-2] INFO  impl.SnapshotInstallationHandler (SnapshotInstallationHandler.java:installSnapshot(84)) - omNode-2@group-523986131536: receive installSnapshot: omNode-1->omNode-2#0-t6,notify:(t:6, i:59)
2022-10-04 13:26:31,018 [grpc-default-executor-2] INFO  impl.SnapshotInstallationHandler (SnapshotInstallationHandler.java:installSnapshot(95)) - omNode-2@group-523986131536: reply installSnapshot: omNode-1<-omNode-2#0:FAIL-t6,IN_PROGRESS
2022-10-04 13:26:31,018 [grpc-default-executor-2] INFO  server.GrpcServerProtocolService (GrpcServerProtocolService.java:onCompleted(140)) - omNode-2: Completed INSTALL_SNAPSHOT, lastRequest: omNode-1->omNode-2#0-t6,notify:(t:6, i:59)
2022-10-04 13:26:31,018 [grpc-default-executor-2] INFO  server.GrpcLogAppender (GrpcLogAppender.java:onNext(403)) - omNode-1@group-523986131536->omNode-2-InstallSnapshotResponseHandler: received a reply omNode-1<-omNode-2#0:FAIL-t6,IN_PROGRESS
2022-10-04 13:26:31,018 [grpc-default-executor-2] INFO  server.GrpcLogAppender (GrpcLogAppender.java:onNext(421)) - omNode-1@group-523986131536->omNode-2-InstallSnapshotResponseHandler: InstallSnapshot in progress.
2022-10-04 13:26:31,019 [omNode-1@group-523986131536->omNode-2-GrpcLogAppender-LogAppenderDaemon] INFO  server.GrpcLogAppender (GrpcLogAppender.java:installSnapshot(541)) - omNode-1@group-523986131536->omNode-2-GrpcLogAppender: followerNextIndex = 57 but logStartIndex = 59, notify follower to install snapshot-(t:6, i:59)
2022-10-04 13:26:31,019 [omNode-1@group-523986131536->omNode-2-GrpcLogAppender-LogAppenderDaemon] INFO  server.GrpcLogAppender (GrpcLogAppender.java:installSnapshot(549)) - omNode-1@group-523986131536->omNode-2-GrpcLogAppender: send omNode-1->omNode-2#0-t6,notify:(t:6, i:59)
2022-10-04 13:26:31,020 [omNode-2-server-thread1] INFO  server.RaftServer$Division (RaftServerImpl.java:checkInconsistentAppendEntries(1402)) - omNode-2@group-523986131536: Failed appendEntries as snapshot (59) installation is in progress
2022-10-04 13:26:31,020 [omNode-2-server-thread1] INFO  server.RaftServer$Division (RaftServerImpl.java:checkInconsistentAppendEntries(1394)) - omNode-2@group-523986131536: inconsistency entries. Reply:omNode-1<-omNode-2#722:FAIL-t6,INCONSISTENCY,nextIndex=57,followerCommit=56
2022-10-04 13:26:31,021 [grpc-default-executor-2] INFO  impl.SnapshotInstallationHandler (SnapshotInstallationHandler.java:installSnapshot(84)) - omNode-2@group-523986131536: receive installSnapshot: omNode-1->omNode-2#0-t6,notify:(t:6, i:59)
2022-10-04 13:26:31,021 [grpc-default-executor-3] INFO  leader.FollowerInfo (FollowerInfoImpl.java:lambda$new$0(48)) - omNode-1@group-523986131536->omNode-2: nextIndex: updateUnconditionally 57 -> 57
2022-10-04 13:26:31,021 [grpc-default-executor-2] INFO  impl.SnapshotInstallationHandler (SnapshotInstallationHandler.java:installSnapshot(95)) - omNode-2@group-523986131536: reply installSnapshot: omNode-1<-omNode-2#0:FAIL-t6,IN_PROGRESS
2022-10-04 13:26:31,021 [grpc-default-executor-2] INFO  server.GrpcServerProtocolService (GrpcServerProtocolService.java:onCompleted(140)) - omNode-2: Completed INSTALL_SNAPSHOT, lastRequest: omNode-1->omNode-2#0-t6,notify:(t:6, i:59)
2022-10-04 13:26:31,022 [grpc-default-executor-2] INFO  server.GrpcLogAppender (GrpcLogAppender.java:onNext(403)) - omNode-1@group-523986131536->omNode-2-InstallSnapshotResponseHandler: received a reply omNode-1<-omNode-2#0:FAIL-t6,IN_PROGRESS
2022-10-04 13:26:31,022 [grpc-default-executor-2] INFO  server.GrpcLogAppender (GrpcLogAppender.java:onNext(421)) - omNode-1@group-523986131536->omNode-2-InstallSnapshotResponseHandler: InstallSnapshot in progress.
2022-10-04 13:26:31,022 [omNode-1@group-523986131536->omNode-2-GrpcLogAppender-LogAppenderDaemon] INFO  server.GrpcLogAppender (GrpcLogAppender.java:installSnapshot(541)) - omNode-1@group-523986131536->omNode-2-GrpcLogAppender: followerNextIndex = 57 but logStartIndex = 59, notify follower to install snapshot-(t:6, i:59)
2022-10-04 13:26:31,022 [omNode-1@group-523986131536->omNode-2-GrpcLogAppender-LogAppenderDaemon] INFO  server.GrpcLogAppender (GrpcLogAppender.java:installSnapshot(549)) - omNode-1@group-523986131536->omNode-2-GrpcLogAppender: send omNode-1->omNode-2#0-t6,notify:(t:6, i:59)
2022-10-04 13:26:31,022 [omNode-2-server-thread1] INFO  server.RaftServer$Division (RaftServerImpl.java:checkInconsistentAppendEntries(1402)) - omNode-2@group-523986131536: Failed appendEntries as snapshot (59) installation is in progress
2022-10-04 13:26:31,023 [omNode-2-server-thread1] INFO  server.RaftServer$Division (RaftServerImpl.java:checkInconsistentAppendEntries(1394)) - omNode-2@group-523986131536: inconsistency entries. Reply:omNode-1<-omNode-2#723:FAIL-t6,INCONSISTENCY,nextIndex=57,followerCommit=56
2022-10-04 13:26:31,023 [grpc-default-executor-3] INFO  leader.FollowerInfo (FollowerInfoImpl.java:lambda$new$0(48)) - omNode-1@group-523986131536->omNode-2: nextIndex: updateUnconditionally 57 -> 57
2022-10-04 13:26:31,023 [grpc-default-executor-3] WARN  server.GrpcLogAppender (LogUtils.java:warn(122)) - omNode-1@group-523986131536->omNode-3-AppendLogResponseHandler: Failed appendEntries: org.apache.ratis.thirdparty.io.grpc.StatusRuntimeException: UNAVAILABLE: io exception
2022-10-04 13:26:31,024 [grpc-default-executor-3] INFO  leader.FollowerInfo (FollowerInfoImpl.java:lambda$new$0(48)) - omNode-1@group-523986131536->omNode-3: nextIndex: updateUnconditionally 145 -> 144
2022-10-04 13:26:31,024 [grpc-default-executor-2] INFO  impl.SnapshotInstallationHandler (SnapshotInstallationHandler.java:installSnapshot(84)) - omNode-2@group-523986131536: receive installSnapshot: omNode-1->omNode-2#0-t6,notify:(t:6, i:59)
2022-10-04 13:26:31,025 [grpc-default-executor-2] INFO  impl.SnapshotInstallationHandler (SnapshotInstallationHandler.java:installSnapshot(95)) - omNode-2@group-523986131536: reply installSnapshot: omNode-1<-omNode-2#0:FAIL-t6,IN_PROGRESS
2022-10-04 13:26:31,025 [grpc-default-executor-2] INFO  server.GrpcServerProtocolService (GrpcServerProtocolService.java:onCompleted(140)) - omNode-2: Completed INSTALL_SNAPSHOT, lastRequest: omNode-1->omNode-2#0-t6,notify:(t:6, i:59)
2022-10-04 13:26:31,027 [grpc-default-executor-2] INFO  server.GrpcLogAppender (GrpcLogAppender.java:onNext(403)) - omNode-1@group-523986131536->omNode-2-InstallSnapshotResponseHandler: received a reply omNode-1<-omNode-2#0:FAIL-t6,IN_PROGRESS
2022-10-04 13:26:31,027 [grpc-default-executor-2] INFO  server.GrpcLogAppender (GrpcLogAppender.java:onNext(421)) - omNode-1@group-523986131536->omNode-2-InstallSnapshotResponseHandler: InstallSnapshot in progress.
2022-10-04 13:26:31,027 [omNode-1@group-523986131536->omNode-2-GrpcLogAppender-LogAppenderDaemon] INFO  server.GrpcLogAppender (GrpcLogAppender.java:installSnapshot(541)) - omNode-1@group-523986131536->omNode-2-GrpcLogAppender: followerNextIndex = 57 but logStartIndex = 59, notify follower to install snapshot-(t:6, i:59)
2022-10-04 13:26:31,027 [omNode-1@group-523986131536->omNode-2-GrpcLogAppender-LogAppenderDaemon] INFO  server.GrpcLogAppender (GrpcLogAppender.java:installSnapshot(549)) - omNode-1@group-523986131536->omNode-2-GrpcLogAppender: send omNode-1->omNode-2#0-t6,notify:(t:6, i:59)
2022-10-04 13:26:31,028 [omNode-2-server-thread1] INFO  server.RaftServer$Division (RaftServerImpl.java:checkInconsistentAppendEntries(1402)) - omNode-2@group-523986131536: Failed appendEntries as snapshot (59) installation is in progress
2022-10-04 13:26:31,028 [omNode-2-server-thread1] INFO  server.RaftServer$Division (RaftServerImpl.java:checkInconsistentAppendEntries(1394)) - omNode-2@group-523986131536: inconsistency entries. Reply:omNode-1<-omNode-2#724:FAIL-t6,INCONSISTENCY,nextIndex=57,followerCommit=56
2022-10-04 13:26:31,028 [grpc-default-executor-3] INFO  impl.SnapshotInstallationHandler (SnapshotInstallationHandler.java:installSnapshot(84)) - omNode-2@group-523986131536: receive installSnapshot: omNode-1->omNode-2#0-t6,notify:(t:6, i:59)
2022-10-04 13:26:31,028 [grpc-default-executor-3] INFO  impl.SnapshotInstallationHandler (SnapshotInstallationHandler.java:installSnapshot(95)) - omNode-2@group-523986131536: reply installSnapshot: omNode-1<-omNode-2#0:FAIL-t6,IN_PROGRESS
2022-10-04 13:26:31,028 [grpc-default-executor-3] INFO  server.GrpcServerProtocolService (GrpcServerProtocolService.java:onCompleted(140)) - omNode-2: Completed INSTALL_SNAPSHOT, lastRequest: omNode-1->omNode-2#0-t6,notify:(t:6, i:59)
2022-10-04 13:26:31,029 [grpc-default-executor-2] INFO  server.GrpcLogAppender (GrpcLogAppender.java:onNext(403)) - omNode-1@group-523986131536->omNode-2-InstallSnapshotResponseHandler: received a reply omNode-1<-omNode-2#0:FAIL-t6,IN_PROGRESS
2022-10-04 13:26:31,029 [grpc-default-executor-3] INFO  leader.FollowerInfo (FollowerInfoImpl.java:lambda$new$0(48)) - omNode-1@group-523986131536->omNode-2: nextIndex: updateUnconditionally 57 -> 57
2022-10-04 13:26:31,029 [grpc-default-executor-2] INFO  server.GrpcLogAppender (GrpcLogAppender.java:onNext(421)) - omNode-1@group-523986131536->omNode-2-InstallSnapshotResponseHandler: InstallSnapshot in progress.
2022-10-04 13:26:31,030 [omNode-1@group-523986131536->omNode-2-GrpcLogAppender-LogAppenderDaemon] INFO  server.GrpcLogAppender (GrpcLogAppender.java:installSnapshot(541)) - omNode-1@group-523986131536->omNode-2-GrpcLogAppender: followerNextIndex = 57 but logStartIndex = 59, notify follower to install snapshot-(t:6, i:59)
2022-10-04 13:26:31,030 [omNode-1@group-523986131536->omNode-2-GrpcLogAppender-LogAppenderDaemon] INFO  server.GrpcLogAppender (GrpcLogAppender.java:installSnapshot(549)) - omNode-1@group-523986131536->omNode-2-GrpcLogAppender: send omNode-1->omNode-2#0-t6,notify:(t:6, i:59)
2022-10-04 13:26:31,032 [omNode-2-server-thread1] INFO  server.RaftServer$Division (RaftServerImpl.java:checkInconsistentAppendEntries(1402)) - omNode-2@group-523986131536: Failed appendEntries as snapshot (59) installation is in progress
2022-10-04 13:26:31,032 [omNode-2-server-thread1] INFO  server.RaftServer$Division (RaftServerImpl.java:checkInconsistentAppendEntries(1394)) - omNode-2@group-523986131536: inconsistency entries. Reply:omNode-1<-omNode-2#725:FAIL-t6,INCONSISTENCY,nextIndex=57,followerCommit=56
2022-10-04 13:26:31,032 [grpc-default-executor-3] INFO  leader.FollowerInfo (FollowerInfoImpl.java:lambda$new$0(48)) - omNode-1@group-523986131536->omNode-2: nextIndex: updateUnconditionally 57 -> 57
2022-10-04 13:26:31,033 [grpc-default-executor-2] INFO  impl.SnapshotInstallationHandler (SnapshotInstallationHandler.java:installSnapshot(84)) - omNode-2@group-523986131536: receive installSnapshot: omNode-1->omNode-2#0-t6,notify:(t:6, i:59)
2022-10-04 13:26:31,033 [grpc-default-executor-2] INFO  impl.SnapshotInstallationHandler (SnapshotInstallationHandler.java:installSnapshot(95)) - omNode-2@group-523986131536: reply installSnapshot: omNode-1<-omNode-2#0:FAIL-t6,IN_PROGRESS
2022-10-04 13:26:31,033 [grpc-default-executor-2] INFO  server.GrpcServerProtocolService (GrpcServerProtocolService.java:onCompleted(140)) - omNode-2: Completed INSTALL_SNAPSHOT, lastRequest: omNode-1->omNode-2#0-t6,notify:(t:6, i:59)
2022-10-04 13:26:31,033 [grpc-default-executor-3] INFO  server.GrpcLogAppender (GrpcLogAppender.java:onNext(403)) - omNode-1@group-523986131536->omNode-2-InstallSnapshotResponseHandler: received a reply omNode-1<-omNode-2#0:FAIL-t6,IN_PROGRESS
2022-10-04 13:26:31,033 [grpc-default-executor-3] INFO  server.GrpcLogAppender (GrpcLogAppender.java:onNext(421)) - omNode-1@group-523986131536->omNode-2-InstallSnapshotResponseHandler: InstallSnapshot in progress.
2022-10-04 13:26:31,034 [omNode-1@group-523986131536->omNode-2-GrpcLogAppender-LogAppenderDaemon] INFO  server.GrpcLogAppender (GrpcLogAppender.java:installSnapshot(541)) - omNode-1@group-523986131536->omNode-2-GrpcLogAppender: followerNextIndex = 57 but logStartIndex = 59, notify follower to install snapshot-(t:6, i:59)
2022-10-04 13:26:31,034 [omNode-1@group-523986131536->omNode-2-GrpcLogAppender-LogAppenderDaemon] INFO  server.GrpcLogAppender (GrpcLogAppender.java:installSnapshot(549)) - omNode-1@group-523986131536->omNode-2-GrpcLogAppender: send omNode-1->omNode-2#0-t6,notify:(t:6, i:59)
2022-10-04 13:26:31,034 [omNode-2-server-thread1] INFO  server.RaftServer$Division (RaftServerImpl.java:checkInconsistentAppendEntries(1402)) - omNode-2@group-523986131536: Failed appendEntries as snapshot (59) installation is in progress
2022-10-04 13:26:31,034 [omNode-2-server-thread1] INFO  server.RaftServer$Division (RaftServerImpl.java:checkInconsistentAppendEntries(1394)) - omNode-2@group-523986131536: inconsistency entries. Reply:omNode-1<-omNode-2#726:FAIL-t6,INCONSISTENCY,nextIndex=57,followerCommit=56
2022-10-04 13:26:31,034 [grpc-default-executor-3] INFO  impl.SnapshotInstallationHandler (SnapshotInstallationHandler.java:installSnapshot(84)) - omNode-2@group-523986131536: receive installSnapshot: omNode-1->omNode-2#0-t6,notify:(t:6, i:59)
2022-10-04 13:26:31,035 [grpc-default-executor-3] INFO  impl.SnapshotInstallationHandler (SnapshotInstallationHandler.java:installSnapshot(95)) - omNode-2@group-523986131536: reply installSnapshot: omNode-1<-omNode-2#0:FAIL-t6,IN_PROGRESS
2022-10-04 13:26:31,035 [grpc-default-executor-3] INFO  server.GrpcServerProtocolService (GrpcServerProtocolService.java:onCompleted(140)) - omNode-2: Completed INSTALL_SNAPSHOT, lastRequest: omNode-1->omNode-2#0-t6,notify:(t:6, i:59)
2022-10-04 13:26:31,035 [grpc-default-executor-3] INFO  server.GrpcLogAppender (GrpcLogAppender.java:onNext(403)) - omNode-1@group-523986131536->omNode-2-InstallSnapshotResponseHandler: received a reply omNode-1<-omNode-2#0:FAIL-t6,IN_PROGRESS
2022-10-04 13:26:31,035 [grpc-default-executor-3] INFO  server.GrpcLogAppender (GrpcLogAppender.java:onNext(421)) - omNode-1@group-523986131536->omNode-2-InstallSnapshotResponseHandler: InstallSnapshot in progress.
2022-10-04 13:26:31,035 [grpc-default-executor-2] INFO  leader.FollowerInfo (FollowerInfoImpl.java:lambda$new$0(48)) - omNode-1@group-523986131536->omNode-2: nextIndex: updateUnconditionally 57 -> 57
2022-10-04 13:26:31,035 [omNode-1@group-523986131536->omNode-2-GrpcLogAppender-LogAppenderDaemon] INFO  server.GrpcLogAppender (GrpcLogAppender.java:installSnapshot(541)) - omNode-1@group-523986131536->omNode-2-GrpcLogAppender: followerNextIndex = 57 but logStartIndex = 59, notify follower to install snapshot-(t:6, i:59)
2022-10-04 13:26:31,036 [omNode-1@group-523986131536->omNode-2-GrpcLogAppender-LogAppenderDaemon] INFO  server.GrpcLogAppender (GrpcLogAppender.java:installSnapshot(549)) - omNode-1@group-523986131536->omNode-2-GrpcLogAppender: send omNode-1->omNode-2#0-t6,notify:(t:6, i:59)
2022-10-04 13:26:31,036 [omNode-2-server-thread1] INFO  server.RaftServer$Division (RaftServerImpl.java:checkInconsistentAppendEntries(1402)) - omNode-2@group-523986131536: Failed appendEntries as snapshot (59) installation is in progress
2022-10-04 13:26:31,036 [omNode-2-server-thread1] INFO  server.RaftServer$Division (RaftServerImpl.java:checkInconsistentAppendEntries(1394)) - omNode-2@group-523986131536: inconsistency entries. Reply:omNode-1<-omNode-2#727:FAIL-t6,INCONSISTENCY,nextIndex=57,followerCommit=56
2022-10-04 13:26:31,036 [grpc-default-executor-3] INFO  impl.SnapshotInstallationHandler (SnapshotInstallationHandler.java:installSnapshot(84)) - omNode-2@group-523986131536: receive installSnapshot: omNode-1->omNode-2#0-t6,notify:(t:6, i:59)
2022-10-04 13:26:31,037 [grpc-default-executor-3] INFO  impl.SnapshotInstallationHandler (SnapshotInstallationHandler.java:installSnapshot(95)) - omNode-2@group-523986131536: reply installSnapshot: omNode-1<-omNode-2#0:FAIL-t6,IN_PROGRESS
2022-10-04 13:26:31,037 [grpc-default-executor-3] INFO  server.GrpcServerProtocolService (GrpcServerProtocolService.java:onCompleted(140)) - omNode-2: Completed INSTALL_SNAPSHOT, lastRequest: omNode-1->omNode-2#0-t6,notify:(t:6, i:59)
2022-10-04 13:26:31,037 [grpc-default-executor-2] INFO  leader.FollowerInfo (FollowerInfoImpl.java:lambda$new$0(48)) - omNode-1@group-523986131536->omNode-2: nextIndex: updateUnconditionally 57 -> 57
2022-10-04 13:26:31,037 [grpc-default-executor-3] INFO  server.GrpcLogAppender (GrpcLogAppender.java:onNext(403)) - omNode-1@group-523986131536->omNode-2-InstallSnapshotResponseHandler: received a reply omNode-1<-omNode-2#0:FAIL-t6,IN_PROGRESS
2022-10-04 13:26:31,037 [grpc-default-executor-3] INFO  server.GrpcLogAppender (GrpcLogAppender.java:onNext(421)) - omNode-1@group-523986131536->omNode-2-InstallSnapshotResponseHandler: InstallSnapshot in progress.
2022-10-04 13:26:31,037 [omNode-1@group-523986131536->omNode-2-GrpcLogAppender-LogAppenderDaemon] INFO  server.GrpcLogAppender (GrpcLogAppender.java:installSnapshot(541)) - omNode-1@group-523986131536->omNode-2-GrpcLogAppender: followerNextIndex = 57 but logStartIndex = 59, notify follower to install snapshot-(t:6, i:59)
2022-10-04 13:26:31,038 [omNode-1@group-523986131536->omNode-2-GrpcLogAppender-LogAppenderDaemon] INFO  server.GrpcLogAppender (GrpcLogAppender.java:installSnapshot(549)) - omNode-1@group-523986131536->omNode-2-GrpcLogAppender: send omNode-1->omNode-2#0-t6,notify:(t:6, i:59)
2022-10-04 13:26:31,038 [omNode-2-server-thread1] INFO  server.RaftServer$Division (RaftServerImpl.java:checkInconsistentAppendEntries(1402)) - omNode-2@group-523986131536: Failed appendEntries as snapshot (59) installation is in progress
2022-10-04 13:26:31,038 [omNode-2-server-thread1] INFO  server.RaftServer$Division (RaftServerImpl.java:checkInconsistentAppendEntries(1394)) - omNode-2@group-523986131536: inconsistency entries. Reply:omNode-1<-omNode-2#728:FAIL-t6,INCONSISTENCY,nextIndex=57,followerCommit=56
2022-10-04 13:26:31,038 [grpc-default-executor-3] INFO  leader.FollowerInfo (FollowerInfoImpl.java:lambda$new$0(48)) - omNode-1@group-523986131536->omNode-2: nextIndex: updateUnconditionally 57 -> 57
2022-10-04 13:26:31,039 [grpc-default-executor-1] INFO  impl.SnapshotInstallationHandler (SnapshotInstallationHandler.java:installSnapshot(84)) - omNode-2@group-523986131536: receive installSnapshot: omNode-1->omNode-2#0-t6,notify:(t:6, i:59)
2022-10-04 13:26:31,039 [grpc-default-executor-1] INFO  impl.SnapshotInstallationHandler (SnapshotInstallationHandler.java:installSnapshot(95)) - omNode-2@group-523986131536: reply installSnapshot: omNode-1<-omNode-2#0:FAIL-t6,IN_PROGRESS
2022-10-04 13:26:31,039 [grpc-default-executor-1] INFO  server.GrpcServerProtocolService (GrpcServerProtocolService.java:onCompleted(140)) - omNode-2: Completed INSTALL_SNAPSHOT, lastRequest: omNode-1->omNode-2#0-t6,notify:(t:6, i:59)
2022-10-04 13:26:31,041 [grpc-default-executor-2] INFO  server.GrpcLogAppender (GrpcLogAppender.java:onNext(403)) - omNode-1@group-523986131536->omNode-2-InstallSnapshotResponseHandler: received a reply omNode-1<-omNode-2#0:FAIL-t6,IN_PROGRESS
2022-10-04 13:26:31,041 [grpc-default-executor-2] INFO  server.GrpcLogAppender (GrpcLogAppender.java:onNext(421)) - omNode-1@group-523986131536->omNode-2-InstallSnapshotResponseHandler: InstallSnapshot in progress.
2022-10-04 13:26:31,041 [omNode-1@group-523986131536->omNode-2-GrpcLogAppender-LogAppenderDaemon] INFO  server.GrpcLogAppender (GrpcLogAppender.java:installSnapshot(541)) - omNode-1@group-523986131536->omNode-2-GrpcLogAppender: followerNextIndex = 57 but logStartIndex = 59, notify follower to install snapshot-(t:6, i:59)
2022-10-04 13:26:31,041 [omNode-1@group-523986131536->omNode-2-GrpcLogAppender-LogAppenderDaemon] INFO  server.GrpcLogAppender (GrpcLogAppender.java:installSnapshot(549)) - omNode-1@group-523986131536->omNode-2-GrpcLogAppender: send omNode-1->omNode-2#0-t6,notify:(t:6, i:59)
2022-10-04 13:26:31,042 [omNode-2-server-thread1] INFO  server.RaftServer$Division (RaftServerImpl.java:checkInconsistentAppendEntries(1402)) - omNode-2@group-523986131536: Failed appendEntries as snapshot (59) installation is in progress
2022-10-04 13:26:31,042 [omNode-2-server-thread1] INFO  server.RaftServer$Division (RaftServerImpl.java:checkInconsistentAppendEntries(1394)) - omNode-2@group-523986131536: inconsistency entries. Reply:omNode-1<-omNode-2#729:FAIL-t6,INCONSISTENCY,nextIndex=57,followerCommit=56
2022-10-04 13:26:31,042 [grpc-default-executor-2] INFO  leader.FollowerInfo (FollowerInfoImpl.java:lambda$new$0(48)) - omNode-1@group-523986131536->omNode-2: nextIndex: updateUnconditionally 57 -> 57
2022-10-04 13:26:31,043 [grpc-default-executor-3] INFO  impl.SnapshotInstallationHandler (SnapshotInstallationHandler.java:installSnapshot(84)) - omNode-2@group-523986131536: receive installSnapshot: omNode-1->omNode-2#0-t6,notify:(t:6, i:59)
2022-10-04 13:26:31,043 [grpc-default-executor-3] INFO  impl.SnapshotInstallationHandler (SnapshotInstallationHandler.java:installSnapshot(95)) - omNode-2@group-523986131536: reply installSnapshot: omNode-1<-omNode-2#0:FAIL-t6,IN_PROGRESS
2022-10-04 13:26:31,043 [grpc-default-executor-3] INFO  server.GrpcServerProtocolService (GrpcServerProtocolService.java:onCompleted(140)) - omNode-2: Completed INSTALL_SNAPSHOT, lastRequest: omNode-1->omNode-2#0-t6,notify:(t:6, i:59)
2022-10-04 13:26:31,046 [grpc-default-executor-2] INFO  server.GrpcLogAppender (GrpcLogAppender.java:onNext(403)) - omNode-1@group-523986131536->omNode-2-InstallSnapshotResponseHandler: received a reply omNode-1<-omNode-2#0:FAIL-t6,IN_PROGRESS
2022-10-04 13:26:31,046 [grpc-default-executor-2] INFO  server.GrpcLogAppender (GrpcLogAppender.java:onNext(421)) - omNode-1@group-523986131536->omNode-2-InstallSnapshotResponseHandler: InstallSnapshot in progress.
2022-10-04 13:26:31,046 [omNode-1@group-523986131536->omNode-2-GrpcLogAppender-LogAppenderDaemon] INFO  server.GrpcLogAppender (GrpcLogAppender.java:installSnapshot(541)) - omNode-1@group-523986131536->omNode-2-GrpcLogAppender: followerNextIndex = 57 but logStartIndex = 59, notify follower to install snapshot-(t:6, i:59)
2022-10-04 13:26:31,046 [omNode-1@group-523986131536->omNode-2-GrpcLogAppender-LogAppenderDaemon] INFO  server.GrpcLogAppender (GrpcLogAppender.java:installSnapshot(549)) - omNode-1@group-523986131536->omNode-2-GrpcLogAppender: send omNode-1->omNode-2#0-t6,notify:(t:6, i:59)
2022-10-04 13:26:31,046 [omNode-2-server-thread1] INFO  server.RaftServer$Division (RaftServerImpl.java:checkInconsistentAppendEntries(1402)) - omNode-2@group-523986131536: Failed appendEntries as snapshot (59) installation is in progress
2022-10-04 13:26:31,050 [grpc-default-executor-1] INFO  impl.SnapshotInstallationHandler (SnapshotInstallationHandler.java:installSnapshot(84)) - omNode-2@group-523986131536: receive installSnapshot: omNode-1->omNode-2#0-t6,notify:(t:6, i:59)
2022-10-04 13:26:31,050 [omNode-2-server-thread1] INFO  server.RaftServer$Division (RaftServerImpl.java:checkInconsistentAppendEntries(1394)) - omNode-2@group-523986131536: inconsistency entries. Reply:omNode-1<-omNode-2#730:FAIL-t6,INCONSISTENCY,nextIndex=57,followerCommit=56
2022-10-04 13:26:31,050 [grpc-default-executor-1] INFO  impl.SnapshotInstallationHandler (SnapshotInstallationHandler.java:installSnapshot(95)) - omNode-2@group-523986131536: reply installSnapshot: omNode-1<-omNode-2#0:FAIL-t6,IN_PROGRESS
2022-10-04 13:26:31,050 [grpc-default-executor-1] INFO  server.GrpcServerProtocolService (GrpcServerProtocolService.java:onCompleted(140)) - omNode-2: Completed INSTALL_SNAPSHOT, lastRequest: omNode-1->omNode-2#0-t6,notify:(t:6, i:59)
2022-10-04 13:26:31,050 [grpc-default-executor-1] INFO  server.GrpcLogAppender (GrpcLogAppender.java:onNext(403)) - omNode-1@group-523986131536->omNode-2-InstallSnapshotResponseHandler: received a reply omNode-1<-omNode-2#0:FAIL-t6,IN_PROGRESS
2022-10-04 13:26:31,050 [grpc-default-executor-1] INFO  server.GrpcLogAppender (GrpcLogAppender.java:onNext(421)) - omNode-1@group-523986131536->omNode-2-InstallSnapshotResponseHandler: InstallSnapshot in progress.
2022-10-04 13:26:31,051 [grpc-default-executor-1] INFO  leader.FollowerInfo (FollowerInfoImpl.java:lambda$new$0(48)) - omNode-1@group-523986131536->omNode-2: nextIndex: updateUnconditionally 57 -> 57
2022-10-04 13:26:31,051 [omNode-1@group-523986131536->omNode-2-GrpcLogAppender-LogAppenderDaemon] INFO  server.GrpcLogAppender (GrpcLogAppender.java:installSnapshot(541)) - omNode-1@group-523986131536->omNode-2-GrpcLogAppender: followerNextIndex = 57 but logStartIndex = 59, notify follower to install snapshot-(t:6, i:59)
2022-10-04 13:26:31,051 [omNode-1@group-523986131536->omNode-2-GrpcLogAppender-LogAppenderDaemon] INFO  server.GrpcLogAppender (GrpcLogAppender.java:installSnapshot(549)) - omNode-1@group-523986131536->omNode-2-GrpcLogAppender: send omNode-1->omNode-2#0-t6,notify:(t:6, i:59)
2022-10-04 13:26:31,052 [omNode-2-server-thread1] INFO  server.RaftServer$Division (RaftServerImpl.java:checkInconsistentAppendEntries(1402)) - omNode-2@group-523986131536: Failed appendEntries as snapshot (59) installation is in progress
2022-10-04 13:26:31,052 [omNode-2-server-thread1] INFO  server.RaftServer$Division (RaftServerImpl.java:checkInconsistentAppendEntries(1394)) - omNode-2@group-523986131536: inconsistency entries. Reply:omNode-1<-omNode-2#731:FAIL-t6,INCONSISTENCY,nextIndex=57,followerCommit=56
2022-10-04 13:26:31,052 [grpc-default-executor-1] INFO  leader.FollowerInfo (FollowerInfoImpl.java:lambda$new$0(48)) - omNode-1@group-523986131536->omNode-2: nextIndex: updateUnconditionally 57 -> 57
2022-10-04 13:26:31,053 [grpc-default-executor-2] INFO  impl.SnapshotInstallationHandler (SnapshotInstallationHandler.java:installSnapshot(84)) - omNode-2@group-523986131536: receive installSnapshot: omNode-1->omNode-2#0-t6,notify:(t:6, i:59)
2022-10-04 13:26:31,053 [grpc-default-executor-2] INFO  impl.SnapshotInstallationHandler (SnapshotInstallationHandler.java:installSnapshot(95)) - omNode-2@group-523986131536: reply installSnapshot: omNode-1<-omNode-2#0:FAIL-t6,IN_PROGRESS
2022-10-04 13:26:31,054 [grpc-default-executor-2] INFO  server.GrpcServerProtocolService (GrpcServerProtocolService.java:onCompleted(140)) - omNode-2: Completed INSTALL_SNAPSHOT, lastRequest: omNode-1->omNode-2#0-t6,notify:(t:6, i:59)
2022-10-04 13:26:31,054 [grpc-default-executor-2] INFO  server.GrpcLogAppender (GrpcLogAppender.java:onNext(403)) - omNode-1@group-523986131536->omNode-2-InstallSnapshotResponseHandler: received a reply omNode-1<-omNode-2#0:FAIL-t6,IN_PROGRESS
2022-10-04 13:26:31,054 [grpc-default-executor-2] INFO  server.GrpcLogAppender (GrpcLogAppender.java:onNext(421)) - omNode-1@group-523986131536->omNode-2-InstallSnapshotResponseHandler: InstallSnapshot in progress.
2022-10-04 13:26:31,054 [omNode-1@group-523986131536->omNode-2-GrpcLogAppender-LogAppenderDaemon] INFO  server.GrpcLogAppender (GrpcLogAppender.java:installSnapshot(541)) - omNode-1@group-523986131536->omNode-2-GrpcLogAppender: followerNextIndex = 57 but logStartIndex = 59, notify follower to install snapshot-(t:6, i:59)
2022-10-04 13:26:31,054 [omNode-1@group-523986131536->omNode-2-GrpcLogAppender-LogAppenderDaemon] INFO  server.GrpcLogAppender (GrpcLogAppender.java:installSnapshot(549)) - omNode-1@group-523986131536->omNode-2-GrpcLogAppender: send omNode-1->omNode-2#0-t6,notify:(t:6, i:59)
2022-10-04 13:26:31,055 [omNode-2-server-thread1] INFO  server.RaftServer$Division (RaftServerImpl.java:checkInconsistentAppendEntries(1402)) - omNode-2@group-523986131536: Failed appendEntries as snapshot (59) installation is in progress
2022-10-04 13:26:31,055 [omNode-2-server-thread1] INFO  server.RaftServer$Division (RaftServerImpl.java:checkInconsistentAppendEntries(1394)) - omNode-2@group-523986131536: inconsistency entries. Reply:omNode-1<-omNode-2#732:FAIL-t6,INCONSISTENCY,nextIndex=57,followerCommit=56
2022-10-04 13:26:31,055 [grpc-default-executor-3] INFO  leader.FollowerInfo (FollowerInfoImpl.java:lambda$new$0(48)) - omNode-1@group-523986131536->omNode-2: nextIndex: updateUnconditionally 57 -> 57
2022-10-04 13:26:31,058 [grpc-default-executor-2] INFO  impl.SnapshotInstallationHandler (SnapshotInstallationHandler.java:installSnapshot(84)) - omNode-2@group-523986131536: receive installSnapshot: omNode-1->omNode-2#0-t6,notify:(t:6, i:59)
2022-10-04 13:26:31,058 [grpc-default-executor-2] INFO  impl.SnapshotInstallationHandler (SnapshotInstallationHandler.java:installSnapshot(95)) - omNode-2@group-523986131536: reply installSnapshot: omNode-1<-omNode-2#0:FAIL-t6,IN_PROGRESS
2022-10-04 13:26:31,059 [grpc-default-executor-2] INFO  server.GrpcServerProtocolService (GrpcServerProtocolService.java:onCompleted(140)) - omNode-2: Completed INSTALL_SNAPSHOT, lastRequest: omNode-1->omNode-2#0-t6,notify:(t:6, i:59)
2022-10-04 13:26:31,059 [grpc-default-executor-2] INFO  server.GrpcLogAppender (GrpcLogAppender.java:onNext(403)) - omNode-1@group-523986131536->omNode-2-InstallSnapshotResponseHandler: received a reply omNode-1<-omNode-2#0:FAIL-t6,IN_PROGRESS
2022-10-04 13:26:31,059 [grpc-default-executor-2] INFO  server.GrpcLogAppender (GrpcLogAppender.java:onNext(421)) - omNode-1@group-523986131536->omNode-2-InstallSnapshotResponseHandler: InstallSnapshot in progress.
2022-10-04 13:26:31,059 [omNode-1@group-523986131536->omNode-2-GrpcLogAppender-LogAppenderDaemon] INFO  server.GrpcLogAppender (GrpcLogAppender.java:installSnapshot(541)) - omNode-1@group-523986131536->omNode-2-GrpcLogAppender: followerNextIndex = 57 but logStartIndex = 59, notify follower to install snapshot-(t:6, i:59)
2022-10-04 13:26:31,059 [omNode-1@group-523986131536->omNode-2-GrpcLogAppender-LogAppenderDaemon] INFO  server.GrpcLogAppender (GrpcLogAppender.java:installSnapshot(549)) - omNode-1@group-523986131536->omNode-2-GrpcLogAppender: send omNode-1->omNode-2#0-t6,notify:(t:6, i:59)
2022-10-04 13:26:31,060 [omNode-2-server-thread1] INFO  server.RaftServer$Division (RaftServerImpl.java:checkInconsistentAppendEntries(1402)) - omNode-2@group-523986131536: Failed appendEntries as snapshot (59) installation is in progress
2022-10-04 13:26:31,060 [omNode-2-server-thread1] INFO  server.RaftServer$Division (RaftServerImpl.java:checkInconsistentAppendEntries(1394)) - omNode-2@group-523986131536: inconsistency entries. Reply:omNode-1<-omNode-2#733:FAIL-t6,INCONSISTENCY,nextIndex=57,followerCommit=56
2022-10-04 13:26:31,060 [grpc-default-executor-3] INFO  impl.SnapshotInstallationHandler (SnapshotInstallationHandler.java:installSnapshot(84)) - omNode-2@group-523986131536: receive installSnapshot: omNode-1->omNode-2#0-t6,notify:(t:6, i:59)
2022-10-04 13:26:31,060 [grpc-default-executor-3] INFO  impl.SnapshotInstallationHandler (SnapshotInstallationHandler.java:installSnapshot(95)) - omNode-2@group-523986131536: reply installSnapshot: omNode-1<-omNode-2#0:FAIL-t6,IN_PROGRESS
2022-10-04 13:26:31,061 [grpc-default-executor-3] INFO  server.GrpcServerProtocolService (GrpcServerProtocolService.java:onCompleted(140)) - omNode-2: Completed INSTALL_SNAPSHOT, lastRequest: omNode-1->omNode-2#0-t6,notify:(t:6, i:59)
2022-10-04 13:26:31,061 [grpc-default-executor-2] INFO  leader.FollowerInfo (FollowerInfoImpl.java:lambda$new$0(48)) - omNode-1@group-523986131536->omNode-2: nextIndex: updateUnconditionally 57 -> 57
2022-10-04 13:26:31,061 [grpc-default-executor-3] INFO  server.GrpcLogAppender (GrpcLogAppender.java:onNext(403)) - omNode-1@group-523986131536->omNode-2-InstallSnapshotResponseHandler: received a reply omNode-1<-omNode-2#0:FAIL-t6,IN_PROGRESS
2022-10-04 13:26:31,061 [grpc-default-executor-3] INFO  server.GrpcLogAppender (GrpcLogAppender.java:onNext(421)) - omNode-1@group-523986131536->omNode-2-InstallSnapshotResponseHandler: InstallSnapshot in progress.
2022-10-04 13:26:31,061 [omNode-1@group-523986131536->omNode-2-GrpcLogAppender-LogAppenderDaemon] INFO  server.GrpcLogAppender (GrpcLogAppender.java:installSnapshot(541)) - omNode-1@group-523986131536->omNode-2-GrpcLogAppender: followerNextIndex = 57 but logStartIndex = 59, notify follower to install snapshot-(t:6, i:59)
2022-10-04 13:26:31,062 [omNode-1@group-523986131536->omNode-2-GrpcLogAppender-LogAppenderDaemon] INFO  server.GrpcLogAppender (GrpcLogAppender.java:installSnapshot(549)) - omNode-1@group-523986131536->omNode-2-GrpcLogAppender: send omNode-1->omNode-2#0-t6,notify:(t:6, i:59)
2022-10-04 13:26:31,062 [omNode-2-server-thread1] INFO  server.RaftServer$Division (RaftServerImpl.java:checkInconsistentAppendEntries(1402)) - omNode-2@group-523986131536: Failed appendEntries as snapshot (59) installation is in progress
2022-10-04 13:26:31,062 [omNode-2-server-thread1] INFO  server.RaftServer$Division (RaftServerImpl.java:checkInconsistentAppendEntries(1394)) - omNode-2@group-523986131536: inconsistency entries. Reply:omNode-1<-omNode-2#734:FAIL-t6,INCONSISTENCY,nextIndex=57,followerCommit=56
2022-10-04 13:26:31,065 [grpc-default-executor-3] INFO  impl.SnapshotInstallationHandler (SnapshotInstallationHandler.java:installSnapshot(84)) - omNode-2@group-523986131536: receive installSnapshot: omNode-1->omNode-2#0-t6,notify:(t:6, i:59)
2022-10-04 13:26:31,065 [grpc-default-executor-3] INFO  impl.SnapshotInstallationHandler (SnapshotInstallationHandler.java:installSnapshot(95)) - omNode-2@group-523986131536: reply installSnapshot: omNode-1<-omNode-2#0:FAIL-t6,IN_PROGRESS
2022-10-04 13:26:31,065 [grpc-default-executor-3] INFO  server.GrpcServerProtocolService (GrpcServerProtocolService.java:onCompleted(140)) - omNode-2: Completed INSTALL_SNAPSHOT, lastRequest: omNode-1->omNode-2#0-t6,notify:(t:6, i:59)
2022-10-04 13:26:31,065 [grpc-default-executor-2] INFO  leader.FollowerInfo (FollowerInfoImpl.java:lambda$new$0(48)) - omNode-1@group-523986131536->omNode-2: nextIndex: updateUnconditionally 57 -> 57
2022-10-04 13:26:31,066 [grpc-default-executor-3] INFO  server.GrpcLogAppender (GrpcLogAppender.java:onNext(403)) - omNode-1@group-523986131536->omNode-2-InstallSnapshotResponseHandler: received a reply omNode-1<-omNode-2#0:FAIL-t6,IN_PROGRESS
2022-10-04 13:26:31,066 [grpc-default-executor-3] INFO  server.GrpcLogAppender (GrpcLogAppender.java:onNext(421)) - omNode-1@group-523986131536->omNode-2-InstallSnapshotResponseHandler: InstallSnapshot in progress.
2022-10-04 13:26:31,067 [omNode-1@group-523986131536->omNode-2-GrpcLogAppender-LogAppenderDaemon] INFO  server.GrpcLogAppender (GrpcLogAppender.java:installSnapshot(541)) - omNode-1@group-523986131536->omNode-2-GrpcLogAppender: followerNextIndex = 57 but logStartIndex = 59, notify follower to install snapshot-(t:6, i:59)
2022-10-04 13:26:31,067 [omNode-1@group-523986131536->omNode-2-GrpcLogAppender-LogAppenderDaemon] INFO  server.GrpcLogAppender (GrpcLogAppender.java:installSnapshot(549)) - omNode-1@group-523986131536->omNode-2-GrpcLogAppender: send omNode-1->omNode-2#0-t6,notify:(t:6, i:59)
2022-10-04 13:26:31,067 [omNode-2-server-thread1] INFO  server.RaftServer$Division (RaftServerImpl.java:checkInconsistentAppendEntries(1402)) - omNode-2@group-523986131536: Failed appendEntries as snapshot (59) installation is in progress
2022-10-04 13:26:31,067 [omNode-2-server-thread1] INFO  server.RaftServer$Division (RaftServerImpl.java:checkInconsistentAppendEntries(1394)) - omNode-2@group-523986131536: inconsistency entries. Reply:omNode-1<-omNode-2#735:FAIL-t6,INCONSISTENCY,nextIndex=57,followerCommit=56
2022-10-04 13:26:31,068 [grpc-default-executor-3] INFO  leader.FollowerInfo (FollowerInfoImpl.java:lambda$new$0(48)) - omNode-1@group-523986131536->omNode-2: nextIndex: updateUnconditionally 57 -> 57
2022-10-04 13:26:31,069 [grpc-default-executor-2] INFO  impl.SnapshotInstallationHandler (SnapshotInstallationHandler.java:installSnapshot(84)) - omNode-2@group-523986131536: receive installSnapshot: omNode-1->omNode-2#0-t6,notify:(t:6, i:59)
2022-10-04 13:26:31,069 [grpc-default-executor-2] INFO  impl.SnapshotInstallationHandler (SnapshotInstallationHandler.java:installSnapshot(95)) - omNode-2@group-523986131536: reply installSnapshot: omNode-1<-omNode-2#0:FAIL-t6,IN_PROGRESS
2022-10-04 13:26:31,069 [grpc-default-executor-2] INFO  server.GrpcServerProtocolService (GrpcServerProtocolService.java:onCompleted(140)) - omNode-2: Completed INSTALL_SNAPSHOT, lastRequest: omNode-1->omNode-2#0-t6,notify:(t:6, i:59)
2022-10-04 13:26:31,070 [grpc-default-executor-2] INFO  server.GrpcLogAppender (GrpcLogAppender.java:onNext(403)) - omNode-1@group-523986131536->omNode-2-InstallSnapshotResponseHandler: received a reply omNode-1<-omNode-2#0:FAIL-t6,IN_PROGRESS
2022-10-04 13:26:31,070 [grpc-default-executor-2] INFO  server.GrpcLogAppender (GrpcLogAppender.java:onNext(421)) - omNode-1@group-523986131536->omNode-2-InstallSnapshotResponseHandler: InstallSnapshot in progress.
2022-10-04 13:26:31,070 [omNode-1@group-523986131536->omNode-2-GrpcLogAppender-LogAppenderDaemon] INFO  server.GrpcLogAppender (GrpcLogAppender.java:installSnapshot(541)) - omNode-1@group-523986131536->omNode-2-GrpcLogAppender: followerNextIndex = 57 but logStartIndex = 59, notify follower to install snapshot-(t:6, i:59)
2022-10-04 13:26:31,070 [omNode-1@group-523986131536->omNode-2-GrpcLogAppender-LogAppenderDaemon] INFO  server.GrpcLogAppender (GrpcLogAppender.java:installSnapshot(549)) - omNode-1@group-523986131536->omNode-2-GrpcLogAppender: send omNode-1->omNode-2#0-t6,notify:(t:6, i:59)
2022-10-04 13:26:31,070 [omNode-2-server-thread1] INFO  server.RaftServer$Division (RaftServerImpl.java:checkInconsistentAppendEntries(1402)) - omNode-2@group-523986131536: Failed appendEntries as snapshot (59) installation is in progress
2022-10-04 13:26:31,071 [omNode-2-server-thread1] INFO  server.RaftServer$Division (RaftServerImpl.java:checkInconsistentAppendEntries(1394)) - omNode-2@group-523986131536: inconsistency entries. Reply:omNode-1<-omNode-2#736:FAIL-t6,INCONSISTENCY,nextIndex=57,followerCommit=56
2022-10-04 13:26:31,071 [grpc-default-executor-3] INFO  leader.FollowerInfo (FollowerInfoImpl.java:lambda$new$0(48)) - omNode-1@group-523986131536->omNode-2: nextIndex: updateUnconditionally 57 -> 57
2022-10-04 13:26:31,073 [grpc-default-executor-2] INFO  impl.SnapshotInstallationHandler (SnapshotInstallationHandler.java:installSnapshot(84)) - omNode-2@group-523986131536: receive installSnapshot: omNode-1->omNode-2#0-t6,notify:(t:6, i:59)
2022-10-04 13:26:31,073 [grpc-default-executor-2] INFO  impl.SnapshotInstallationHandler (SnapshotInstallationHandler.java:installSnapshot(95)) - omNode-2@group-523986131536: reply installSnapshot: omNode-1<-omNode-2#0:FAIL-t6,IN_PROGRESS
2022-10-04 13:26:31,073 [grpc-default-executor-2] INFO  server.GrpcServerProtocolService (GrpcServerProtocolService.java:onCompleted(140)) - omNode-2: Completed INSTALL_SNAPSHOT, lastRequest: omNode-1->omNode-2#0-t6,notify:(t:6, i:59)
2022-10-04 13:26:31,074 [grpc-default-executor-2] INFO  server.GrpcLogAppender (GrpcLogAppender.java:onNext(403)) - omNode-1@group-523986131536->omNode-2-InstallSnapshotResponseHandler: received a reply omNode-1<-omNode-2#0:FAIL-t6,IN_PROGRESS
2022-10-04 13:26:31,074 [grpc-default-executor-2] INFO  server.GrpcLogAppender (GrpcLogAppender.java:onNext(421)) - omNode-1@group-523986131536->omNode-2-InstallSnapshotResponseHandler: InstallSnapshot in progress.
2022-10-04 13:26:31,074 [omNode-1@group-523986131536->omNode-2-GrpcLogAppender-LogAppenderDaemon] INFO  server.GrpcLogAppender (GrpcLogAppender.java:installSnapshot(541)) - omNode-1@group-523986131536->omNode-2-GrpcLogAppender: followerNextIndex = 57 but logStartIndex = 59, notify follower to install snapshot-(t:6, i:59)
2022-10-04 13:26:31,074 [omNode-1@group-523986131536->omNode-2-GrpcLogAppender-LogAppenderDaemon] INFO  server.GrpcLogAppender (GrpcLogAppender.java:installSnapshot(549)) - omNode-1@group-523986131536->omNode-2-GrpcLogAppender: send omNode-1->omNode-2#0-t6,notify:(t:6, i:59)
2022-10-04 13:26:31,075 [omNode-2-server-thread1] INFO  server.RaftServer$Division (RaftServerImpl.java:checkInconsistentAppendEntries(1402)) - omNode-2@group-523986131536: Failed appendEntries as snapshot (59) installation is in progress
2022-10-04 13:26:31,075 [omNode-2-server-thread1] INFO  server.RaftServer$Division (RaftServerImpl.java:checkInconsistentAppendEntries(1394)) - omNode-2@group-523986131536: inconsistency entries. Reply:omNode-1<-omNode-2#737:FAIL-t6,INCONSISTENCY,nextIndex=57,followerCommit=56
2022-10-04 13:26:31,075 [grpc-default-executor-3] INFO  leader.FollowerInfo (FollowerInfoImpl.java:lambda$new$0(48)) - omNode-1@group-523986131536->omNode-2: nextIndex: updateUnconditionally 57 -> 57
2022-10-04 13:26:31,076 [grpc-default-executor-2] INFO  impl.SnapshotInstallationHandler (SnapshotInstallationHandler.java:installSnapshot(84)) - omNode-2@group-523986131536: receive installSnapshot: omNode-1->omNode-2#0-t6,notify:(t:6, i:59)
2022-10-04 13:26:31,076 [grpc-default-executor-2] INFO  impl.SnapshotInstallationHandler (SnapshotInstallationHandler.java:installSnapshot(95)) - omNode-2@group-523986131536: reply installSnapshot: omNode-1<-omNode-2#0:FAIL-t6,IN_PROGRESS
2022-10-04 13:26:31,076 [grpc-default-executor-2] INFO  server.GrpcServerProtocolService (GrpcServerProtocolService.java:onCompleted(140)) - omNode-2: Completed INSTALL_SNAPSHOT, lastRequest: omNode-1->omNode-2#0-t6,notify:(t:6, i:59)
2022-10-04 13:26:31,077 [grpc-default-executor-2] INFO  server.GrpcLogAppender (GrpcLogAppender.java:onNext(403)) - omNode-1@group-523986131536->omNode-2-InstallSnapshotResponseHandler: received a reply omNode-1<-omNode-2#0:FAIL-t6,IN_PROGRESS
2022-10-04 13:26:31,077 [grpc-default-executor-2] INFO  server.GrpcLogAppender (GrpcLogAppender.java:onNext(421)) - omNode-1@group-523986131536->omNode-2-InstallSnapshotResponseHandler: InstallSnapshot in progress.
2022-10-04 13:26:31,077 [omNode-1@group-523986131536->omNode-2-GrpcLogAppender-LogAppenderDaemon] INFO  server.GrpcLogAppender (GrpcLogAppender.java:installSnapshot(541)) - omNode-1@group-523986131536->omNode-2-GrpcLogAppender: followerNextIndex = 57 but logStartIndex = 59, notify follower to install snapshot-(t:6, i:59)
2022-10-04 13:26:31,077 [omNode-1@group-523986131536->omNode-2-GrpcLogAppender-LogAppenderDaemon] INFO  server.GrpcLogAppender (GrpcLogAppender.java:installSnapshot(549)) - omNode-1@group-523986131536->omNode-2-GrpcLogAppender: send omNode-1->omNode-2#0-t6,notify:(t:6, i:59)
2022-10-04 13:26:31,078 [omNode-2-server-thread1] INFO  server.RaftServer$Division (RaftServerImpl.java:checkInconsistentAppendEntries(1402)) - omNode-2@group-523986131536: Failed appendEntries as snapshot (59) installation is in progress
2022-10-04 13:26:31,078 [omNode-2-server-thread1] INFO  server.RaftServer$Division (RaftServerImpl.java:checkInconsistentAppendEntries(1394)) - omNode-2@group-523986131536: inconsistency entries. Reply:omNode-1<-omNode-2#738:FAIL-t6,INCONSISTENCY,nextIndex=57,followerCommit=56
2022-10-04 13:26:31,078 [grpc-default-executor-3] INFO  leader.FollowerInfo (FollowerInfoImpl.java:lambda$new$0(48)) - omNode-1@group-523986131536->omNode-2: nextIndex: updateUnconditionally 57 -> 57
2022-10-04 13:26:31,078 [grpc-default-executor-2] INFO  impl.SnapshotInstallationHandler (SnapshotInstallationHandler.java:installSnapshot(84)) - omNode-2@group-523986131536: receive installSnapshot: omNode-1->omNode-2#0-t6,notify:(t:6, i:59)
2022-10-04 13:26:31,079 [grpc-default-executor-2] INFO  impl.SnapshotInstallationHandler (SnapshotInstallationHandler.java:installSnapshot(95)) - omNode-2@group-523986131536: reply installSnapshot: omNode-1<-omNode-2#0:FAIL-t6,IN_PROGRESS
2022-10-04 13:26:31,079 [grpc-default-executor-2] INFO  server.GrpcServerProtocolService (GrpcServerProtocolService.java:onCompleted(140)) - omNode-2: Completed INSTALL_SNAPSHOT, lastRequest: omNode-1->omNode-2#0-t6,notify:(t:6, i:59)
2022-10-04 13:26:31,079 [grpc-default-executor-2] INFO  server.GrpcLogAppender (GrpcLogAppender.java:onNext(403)) - omNode-1@group-523986131536->omNode-2-InstallSnapshotResponseHandler: received a reply omNode-1<-omNode-2#0:FAIL-t6,IN_PROGRESS
2022-10-04 13:26:31,079 [grpc-default-executor-2] INFO  server.GrpcLogAppender (GrpcLogAppender.java:onNext(421)) - omNode-1@group-523986131536->omNode-2-InstallSnapshotResponseHandler: InstallSnapshot in progress.
2022-10-04 13:26:31,079 [omNode-1@group-523986131536->omNode-2-GrpcLogAppender-LogAppenderDaemon] INFO  server.GrpcLogAppender (GrpcLogAppender.java:installSnapshot(541)) - omNode-1@group-523986131536->omNode-2-GrpcLogAppender: followerNextIndex = 57 but logStartIndex = 59, notify follower to install snapshot-(t:6, i:59)
2022-10-04 13:26:31,079 [omNode-1@group-523986131536->omNode-2-GrpcLogAppender-LogAppenderDaemon] INFO  server.GrpcLogAppender (GrpcLogAppender.java:installSnapshot(549)) - omNode-1@group-523986131536->omNode-2-GrpcLogAppender: send omNode-1->omNode-2#0-t6,notify:(t:6, i:59)
2022-10-04 13:26:31,080 [omNode-2-server-thread1] INFO  server.RaftServer$Division (RaftServerImpl.java:checkInconsistentAppendEntries(1402)) - omNode-2@group-523986131536: Failed appendEntries as snapshot (59) installation is in progress
2022-10-04 13:26:31,080 [omNode-2-server-thread1] INFO  server.RaftServer$Division (RaftServerImpl.java:checkInconsistentAppendEntries(1394)) - omNode-2@group-523986131536: inconsistency entries. Reply:omNode-1<-omNode-2#739:FAIL-t6,INCONSISTENCY,nextIndex=57,followerCommit=56
2022-10-04 13:26:31,080 [grpc-default-executor-3] INFO  leader.FollowerInfo (FollowerInfoImpl.java:lambda$new$0(48)) - omNode-1@group-523986131536->omNode-2: nextIndex: updateUnconditionally 57 -> 57
2022-10-04 13:26:31,080 [grpc-default-executor-2] INFO  impl.SnapshotInstallationHandler (SnapshotInstallationHandler.java:installSnapshot(84)) - omNode-2@group-523986131536: receive installSnapshot: omNode-1->omNode-2#0-t6,notify:(t:6, i:59)
2022-10-04 13:26:31,081 [grpc-default-executor-2] INFO  impl.SnapshotInstallationHandler (SnapshotInstallationHandler.java:installSnapshot(95)) - omNode-2@group-523986131536: reply installSnapshot: omNode-1<-omNode-2#0:FAIL-t6,IN_PROGRESS
2022-10-04 13:26:31,081 [grpc-default-executor-2] INFO  server.GrpcServerProtocolService (GrpcServerProtocolService.java:onCompleted(140)) - omNode-2: Completed INSTALL_SNAPSHOT, lastRequest: omNode-1->omNode-2#0-t6,notify:(t:6, i:59)
2022-10-04 13:26:31,084 [grpc-default-executor-2] INFO  server.GrpcLogAppender (GrpcLogAppender.java:onNext(403)) - omNode-1@group-523986131536->omNode-2-InstallSnapshotResponseHandler: received a reply omNode-1<-omNode-2#0:FAIL-t6,IN_PROGRESS
2022-10-04 13:26:31,084 [grpc-default-executor-2] INFO  server.GrpcLogAppender (GrpcLogAppender.java:onNext(421)) - omNode-1@group-523986131536->omNode-2-InstallSnapshotResponseHandler: InstallSnapshot in progress.
2022-10-04 13:26:31,086 [omNode-1@group-523986131536->omNode-2-GrpcLogAppender-LogAppenderDaemon] INFO  server.GrpcLogAppender (GrpcLogAppender.java:installSnapshot(541)) - omNode-1@group-523986131536->omNode-2-GrpcLogAppender: followerNextIndex = 57 but logStartIndex = 59, notify follower to install snapshot-(t:6, i:59)
2022-10-04 13:26:31,086 [omNode-1@group-523986131536->omNode-2-GrpcLogAppender-LogAppenderDaemon] INFO  server.GrpcLogAppender (GrpcLogAppender.java:installSnapshot(549)) - omNode-1@group-523986131536->omNode-2-GrpcLogAppender: send omNode-1->omNode-2#0-t6,notify:(t:6, i:59)
2022-10-04 13:26:31,087 [omNode-2-server-thread1] INFO  server.RaftServer$Division (RaftServerImpl.java:checkInconsistentAppendEntries(1402)) - omNode-2@group-523986131536: Failed appendEntries as snapshot (59) installation is in progress
2022-10-04 13:26:31,087 [omNode-2-server-thread1] INFO  server.RaftServer$Division (RaftServerImpl.java:checkInconsistentAppendEntries(1394)) - omNode-2@group-523986131536: inconsistency entries. Reply:omNode-1<-omNode-2#740:FAIL-t6,INCONSISTENCY,nextIndex=57,followerCommit=56
2022-10-04 13:26:31,087 [grpc-default-executor-3] INFO  impl.SnapshotInstallationHandler (SnapshotInstallationHandler.java:installSnapshot(84)) - omNode-2@group-523986131536: receive installSnapshot: omNode-1->omNode-2#0-t6,notify:(t:6, i:59)
2022-10-04 13:26:31,087 [grpc-default-executor-3] INFO  impl.SnapshotInstallationHandler (SnapshotInstallationHandler.java:installSnapshot(95)) - omNode-2@group-523986131536: reply installSnapshot: omNode-1<-omNode-2#0:FAIL-t6,IN_PROGRESS
2022-10-04 13:26:31,087 [grpc-default-executor-3] INFO  server.GrpcServerProtocolService (GrpcServerProtocolService.java:onCompleted(140)) - omNode-2: Completed INSTALL_SNAPSHOT, lastRequest: omNode-1->omNode-2#0-t6,notify:(t:6, i:59)
2022-10-04 13:26:31,088 [grpc-default-executor-3] INFO  server.GrpcLogAppender (GrpcLogAppender.java:onNext(403)) - omNode-1@group-523986131536->omNode-2-InstallSnapshotResponseHandler: received a reply omNode-1<-omNode-2#0:FAIL-t6,IN_PROGRESS
2022-10-04 13:26:31,088 [grpc-default-executor-3] INFO  server.GrpcLogAppender (GrpcLogAppender.java:onNext(421)) - omNode-1@group-523986131536->omNode-2-InstallSnapshotResponseHandler: InstallSnapshot in progress.
2022-10-04 13:26:31,088 [grpc-default-executor-2] INFO  leader.FollowerInfo (FollowerInfoImpl.java:lambda$new$0(48)) - omNode-1@group-523986131536->omNode-2: nextIndex: updateUnconditionally 57 -> 57
2022-10-04 13:26:31,088 [omNode-1@group-523986131536->omNode-2-GrpcLogAppender-LogAppenderDaemon] INFO  server.GrpcLogAppender (GrpcLogAppender.java:installSnapshot(541)) - omNode-1@group-523986131536->omNode-2-GrpcLogAppender: followerNextIndex = 57 but logStartIndex = 59, notify follower to install snapshot-(t:6, i:59)
2022-10-04 13:26:31,088 [omNode-1@group-523986131536->omNode-2-GrpcLogAppender-LogAppenderDaemon] INFO  server.GrpcLogAppender (GrpcLogAppender.java:installSnapshot(549)) - omNode-1@group-523986131536->omNode-2-GrpcLogAppender: send omNode-1->omNode-2#0-t6,notify:(t:6, i:59)
2022-10-04 13:26:31,088 [omNode-2-server-thread1] INFO  server.RaftServer$Division (RaftServerImpl.java:checkInconsistentAppendEntries(1402)) - omNode-2@group-523986131536: Failed appendEntries as snapshot (59) installation is in progress
2022-10-04 13:26:31,089 [omNode-2-server-thread1] INFO  server.RaftServer$Division (RaftServerImpl.java:checkInconsistentAppendEntries(1394)) - omNode-2@group-523986131536: inconsistency entries. Reply:omNode-1<-omNode-2#741:FAIL-t6,INCONSISTENCY,nextIndex=57,followerCommit=56
2022-10-04 13:26:31,089 [grpc-default-executor-3] INFO  leader.FollowerInfo (FollowerInfoImpl.java:lambda$new$0(48)) - omNode-1@group-523986131536->omNode-2: nextIndex: updateUnconditionally 57 -> 57
2022-10-04 13:26:31,093 [grpc-default-executor-2] INFO  impl.SnapshotInstallationHandler (SnapshotInstallationHandler.java:installSnapshot(84)) - omNode-2@group-523986131536: receive installSnapshot: omNode-1->omNode-2#0-t6,notify:(t:6, i:59)
2022-10-04 13:26:31,093 [grpc-default-executor-2] INFO  impl.SnapshotInstallationHandler (SnapshotInstallationHandler.java:installSnapshot(95)) - omNode-2@group-523986131536: reply installSnapshot: omNode-1<-omNode-2#0:FAIL-t6,IN_PROGRESS
2022-10-04 13:26:31,093 [grpc-default-executor-2] INFO  server.GrpcServerProtocolService (GrpcServerProtocolService.java:onCompleted(140)) - omNode-2: Completed INSTALL_SNAPSHOT, lastRequest: omNode-1->omNode-2#0-t6,notify:(t:6, i:59)
2022-10-04 13:26:31,101 [grpc-default-executor-2] INFO  server.GrpcLogAppender (GrpcLogAppender.java:onNext(403)) - omNode-1@group-523986131536->omNode-2-InstallSnapshotResponseHandler: received a reply omNode-1<-omNode-2#0:FAIL-t6,IN_PROGRESS
2022-10-04 13:26:31,101 [grpc-default-executor-2] INFO  server.GrpcLogAppender (GrpcLogAppender.java:onNext(421)) - omNode-1@group-523986131536->omNode-2-InstallSnapshotResponseHandler: InstallSnapshot in progress.
2022-10-04 13:26:31,101 [omNode-1@group-523986131536->omNode-2-GrpcLogAppender-LogAppenderDaemon] INFO  server.GrpcLogAppender (GrpcLogAppender.java:installSnapshot(541)) - omNode-1@group-523986131536->omNode-2-GrpcLogAppender: followerNextIndex = 57 but logStartIndex = 59, notify follower to install snapshot-(t:6, i:59)
2022-10-04 13:26:31,101 [omNode-1@group-523986131536->omNode-2-GrpcLogAppender-LogAppenderDaemon] INFO  server.GrpcLogAppender (GrpcLogAppender.java:installSnapshot(549)) - omNode-1@group-523986131536->omNode-2-GrpcLogAppender: send omNode-1->omNode-2#0-t6,notify:(t:6, i:59)
2022-10-04 13:26:31,102 [omNode-2-server-thread1] INFO  server.RaftServer$Division (RaftServerImpl.java:checkInconsistentAppendEntries(1402)) - omNode-2@group-523986131536: Failed appendEntries as snapshot (59) installation is in progress
2022-10-04 13:26:31,102 [omNode-2-server-thread1] INFO  server.RaftServer$Division (RaftServerImpl.java:checkInconsistentAppendEntries(1394)) - omNode-2@group-523986131536: inconsistency entries. Reply:omNode-1<-omNode-2#742:FAIL-t6,INCONSISTENCY,nextIndex=57,followerCommit=56
2022-10-04 13:26:31,102 [grpc-default-executor-1] INFO  impl.SnapshotInstallationHandler (SnapshotInstallationHandler.java:installSnapshot(84)) - omNode-2@group-523986131536: receive installSnapshot: omNode-1->omNode-2#0-t6,notify:(t:6, i:59)
2022-10-04 13:26:31,103 [grpc-default-executor-1] INFO  impl.SnapshotInstallationHandler (SnapshotInstallationHandler.java:installSnapshot(95)) - omNode-2@group-523986131536: reply installSnapshot: omNode-1<-omNode-2#0:FAIL-t6,IN_PROGRESS
2022-10-04 13:26:31,103 [grpc-default-executor-1] INFO  server.GrpcServerProtocolService (GrpcServerProtocolService.java:onCompleted(140)) - omNode-2: Completed INSTALL_SNAPSHOT, lastRequest: omNode-1->omNode-2#0-t6,notify:(t:6, i:59)
2022-10-04 13:26:31,103 [grpc-default-executor-3] INFO  leader.FollowerInfo (FollowerInfoImpl.java:lambda$new$0(48)) - omNode-1@group-523986131536->omNode-2: nextIndex: updateUnconditionally 57 -> 57
2022-10-04 13:26:31,103 [grpc-default-executor-2] INFO  server.GrpcLogAppender (GrpcLogAppender.java:onNext(403)) - omNode-1@group-523986131536->omNode-2-InstallSnapshotResponseHandler: received a reply omNode-1<-omNode-2#0:FAIL-t6,IN_PROGRESS
2022-10-04 13:26:31,103 [grpc-default-executor-2] INFO  server.GrpcLogAppender (GrpcLogAppender.java:onNext(421)) - omNode-1@group-523986131536->omNode-2-InstallSnapshotResponseHandler: InstallSnapshot in progress.
2022-10-04 13:26:31,103 [omNode-1@group-523986131536->omNode-2-GrpcLogAppender-LogAppenderDaemon] INFO  server.GrpcLogAppender (GrpcLogAppender.java:installSnapshot(541)) - omNode-1@group-523986131536->omNode-2-GrpcLogAppender: followerNextIndex = 57 but logStartIndex = 59, notify follower to install snapshot-(t:6, i:59)
2022-10-04 13:26:31,104 [omNode-1@group-523986131536->omNode-2-GrpcLogAppender-LogAppenderDaemon] INFO  server.GrpcLogAppender (GrpcLogAppender.java:installSnapshot(549)) - omNode-1@group-523986131536->omNode-2-GrpcLogAppender: send omNode-1->omNode-2#0-t6,notify:(t:6, i:59)
2022-10-04 13:26:31,104 [omNode-2-server-thread1] INFO  server.RaftServer$Division (RaftServerImpl.java:checkInconsistentAppendEntries(1402)) - omNode-2@group-523986131536: Failed appendEntries as snapshot (59) installation is in progress
2022-10-04 13:26:31,104 [omNode-2-server-thread1] INFO  server.RaftServer$Division (RaftServerImpl.java:checkInconsistentAppendEntries(1394)) - omNode-2@group-523986131536: inconsistency entries. Reply:omNode-1<-omNode-2#743:FAIL-t6,INCONSISTENCY,nextIndex=57,followerCommit=56
2022-10-04 13:26:31,105 [grpc-default-executor-1] INFO  leader.FollowerInfo (FollowerInfoImpl.java:lambda$new$0(48)) - omNode-1@group-523986131536->omNode-2: nextIndex: updateUnconditionally 57 -> 57
2022-10-04 13:26:31,105 [grpc-default-executor-2] INFO  impl.SnapshotInstallationHandler (SnapshotInstallationHandler.java:installSnapshot(84)) - omNode-2@group-523986131536: receive installSnapshot: omNode-1->omNode-2#0-t6,notify:(t:6, i:59)
2022-10-04 13:26:31,105 [grpc-default-executor-2] INFO  impl.SnapshotInstallationHandler (SnapshotInstallationHandler.java:installSnapshot(95)) - omNode-2@group-523986131536: reply installSnapshot: omNode-1<-omNode-2#0:FAIL-t6,IN_PROGRESS
2022-10-04 13:26:31,105 [grpc-default-executor-2] INFO  server.GrpcServerProtocolService (GrpcServerProtocolService.java:onCompleted(140)) - omNode-2: Completed INSTALL_SNAPSHOT, lastRequest: omNode-1->omNode-2#0-t6,notify:(t:6, i:59)
2022-10-04 13:26:31,105 [grpc-default-executor-2] INFO  server.GrpcLogAppender (GrpcLogAppender.java:onNext(403)) - omNode-1@group-523986131536->omNode-2-InstallSnapshotResponseHandler: received a reply omNode-1<-omNode-2#0:FAIL-t6,IN_PROGRESS
2022-10-04 13:26:31,105 [grpc-default-executor-2] INFO  server.GrpcLogAppender (GrpcLogAppender.java:onNext(421)) - omNode-1@group-523986131536->omNode-2-InstallSnapshotResponseHandler: InstallSnapshot in progress.
2022-10-04 13:26:31,106 [omNode-1@group-523986131536->omNode-2-GrpcLogAppender-LogAppenderDaemon] INFO  server.GrpcLogAppender (GrpcLogAppender.java:installSnapshot(541)) - omNode-1@group-523986131536->omNode-2-GrpcLogAppender: followerNextIndex = 57 but logStartIndex = 59, notify follower to install snapshot-(t:6, i:59)
2022-10-04 13:26:31,106 [omNode-1@group-523986131536->omNode-2-GrpcLogAppender-LogAppenderDaemon] INFO  server.GrpcLogAppender (GrpcLogAppender.java:installSnapshot(549)) - omNode-1@group-523986131536->omNode-2-GrpcLogAppender: send omNode-1->omNode-2#0-t6,notify:(t:6, i:59)
2022-10-04 13:26:31,106 [omNode-2-server-thread1] INFO  server.RaftServer$Division (RaftServerImpl.java:checkInconsistentAppendEntries(1402)) - omNode-2@group-523986131536: Failed appendEntries as snapshot (59) installation is in progress
2022-10-04 13:26:31,106 [omNode-2-server-thread1] INFO  server.RaftServer$Division (RaftServerImpl.java:checkInconsistentAppendEntries(1394)) - omNode-2@group-523986131536: inconsistency entries. Reply:omNode-1<-omNode-2#744:FAIL-t6,INCONSISTENCY,nextIndex=57,followerCommit=56
2022-10-04 13:26:31,107 [grpc-default-executor-1] INFO  leader.FollowerInfo (FollowerInfoImpl.java:lambda$new$0(48)) - omNode-1@group-523986131536->omNode-2: nextIndex: updateUnconditionally 57 -> 57
2022-10-04 13:26:31,107 [grpc-default-executor-2] INFO  impl.SnapshotInstallationHandler (SnapshotInstallationHandler.java:installSnapshot(84)) - omNode-2@group-523986131536: receive installSnapshot: omNode-1->omNode-2#0-t6,notify:(t:6, i:59)
2022-10-04 13:26:31,107 [grpc-default-executor-2] INFO  impl.SnapshotInstallationHandler (SnapshotInstallationHandler.java:installSnapshot(95)) - omNode-2@group-523986131536: reply installSnapshot: omNode-1<-omNode-2#0:FAIL-t6,IN_PROGRESS
2022-10-04 13:26:31,107 [grpc-default-executor-2] INFO  server.GrpcServerProtocolService (GrpcServerProtocolService.java:onCompleted(140)) - omNode-2: Completed INSTALL_SNAPSHOT, lastRequest: omNode-1->omNode-2#0-t6,notify:(t:6, i:59)
2022-10-04 13:26:31,108 [grpc-default-executor-1] INFO  server.GrpcLogAppender (GrpcLogAppender.java:onNext(403)) - omNode-1@group-523986131536->omNode-2-InstallSnapshotResponseHandler: received a reply omNode-1<-omNode-2#0:FAIL-t6,IN_PROGRESS
2022-10-04 13:26:31,108 [grpc-default-executor-1] INFO  server.GrpcLogAppender (GrpcLogAppender.java:onNext(421)) - omNode-1@group-523986131536->omNode-2-InstallSnapshotResponseHandler: InstallSnapshot in progress.
2022-10-04 13:26:31,113 [omNode-1@group-523986131536->omNode-2-GrpcLogAppender-LogAppenderDaemon] INFO  server.GrpcLogAppender (GrpcLogAppender.java:installSnapshot(541)) - omNode-1@group-523986131536->omNode-2-GrpcLogAppender: followerNextIndex = 57 but logStartIndex = 59, notify follower to install snapshot-(t:6, i:59)
2022-10-04 13:26:31,113 [omNode-1@group-523986131536->omNode-2-GrpcLogAppender-LogAppenderDaemon] INFO  server.GrpcLogAppender (GrpcLogAppender.java:installSnapshot(549)) - omNode-1@group-523986131536->omNode-2-GrpcLogAppender: send omNode-1->omNode-2#0-t6,notify:(t:6, i:59)
2022-10-04 13:26:31,114 [omNode-2-server-thread1] INFO  server.RaftServer$Division (RaftServerImpl.java:checkInconsistentAppendEntries(1402)) - omNode-2@group-523986131536: Failed appendEntries as snapshot (59) installation is in progress
2022-10-04 13:26:31,114 [omNode-2-server-thread1] INFO  server.RaftServer$Division (RaftServerImpl.java:checkInconsistentAppendEntries(1394)) - omNode-2@group-523986131536: inconsistency entries. Reply:omNode-1<-omNode-2#745:FAIL-t6,INCONSISTENCY,nextIndex=57,followerCommit=56
2022-10-04 13:26:31,115 [grpc-default-executor-2] INFO  leader.FollowerInfo (FollowerInfoImpl.java:lambda$new$0(48)) - omNode-1@group-523986131536->omNode-2: nextIndex: updateUnconditionally 57 -> 57
2022-10-04 13:26:31,116 [grpc-default-executor-2] INFO  impl.SnapshotInstallationHandler (SnapshotInstallationHandler.java:installSnapshot(84)) - omNode-2@group-523986131536: receive installSnapshot: omNode-1->omNode-2#0-t6,notify:(t:6, i:59)
2022-10-04 13:26:31,116 [grpc-default-executor-2] INFO  impl.SnapshotInstallationHandler (SnapshotInstallationHandler.java:installSnapshot(95)) - omNode-2@group-523986131536: reply installSnapshot: omNode-1<-omNode-2#0:FAIL-t6,IN_PROGRESS
2022-10-04 13:26:31,116 [grpc-default-executor-2] INFO  server.GrpcServerProtocolService (GrpcServerProtocolService.java:onCompleted(140)) - omNode-2: Completed INSTALL_SNAPSHOT, lastRequest: omNode-1->omNode-2#0-t6,notify:(t:6, i:59)
2022-10-04 13:26:31,116 [grpc-default-executor-1] INFO  server.GrpcLogAppender (GrpcLogAppender.java:onNext(403)) - omNode-1@group-523986131536->omNode-2-InstallSnapshotResponseHandler: received a reply omNode-1<-omNode-2#0:FAIL-t6,IN_PROGRESS
2022-10-04 13:26:31,116 [grpc-default-executor-1] INFO  server.GrpcLogAppender (GrpcLogAppender.java:onNext(421)) - omNode-1@group-523986131536->omNode-2-InstallSnapshotResponseHandler: InstallSnapshot in progress.
2022-10-04 13:26:31,117 [omNode-1@group-523986131536->omNode-2-GrpcLogAppender-LogAppenderDaemon] INFO  server.GrpcLogAppender (GrpcLogAppender.java:installSnapshot(541)) - omNode-1@group-523986131536->omNode-2-GrpcLogAppender: followerNextIndex = 57 but logStartIndex = 59, notify follower to install snapshot-(t:6, i:59)
2022-10-04 13:26:31,117 [omNode-1@group-523986131536->omNode-2-GrpcLogAppender-LogAppenderDaemon] INFO  server.GrpcLogAppender (GrpcLogAppender.java:installSnapshot(549)) - omNode-1@group-523986131536->omNode-2-GrpcLogAppender: send omNode-1->omNode-2#0-t6,notify:(t:6, i:59)
2022-10-04 13:26:31,117 [omNode-2-server-thread1] INFO  server.RaftServer$Division (RaftServerImpl.java:checkInconsistentAppendEntries(1402)) - omNode-2@group-523986131536: Failed appendEntries as snapshot (59) installation is in progress
2022-10-04 13:26:31,117 [omNode-2-server-thread1] INFO  server.RaftServer$Division (RaftServerImpl.java:checkInconsistentAppendEntries(1394)) - omNode-2@group-523986131536: inconsistency entries. Reply:omNode-1<-omNode-2#746:FAIL-t6,INCONSISTENCY,nextIndex=57,followerCommit=56
2022-10-04 13:26:31,118 [grpc-default-executor-3] INFO  leader.FollowerInfo (FollowerInfoImpl.java:lambda$new$0(48)) - omNode-1@group-523986131536->omNode-2: nextIndex: updateUnconditionally 57 -> 57
2022-10-04 13:26:31,118 [grpc-default-executor-2] INFO  impl.SnapshotInstallationHandler (SnapshotInstallationHandler.java:installSnapshot(84)) - omNode-2@group-523986131536: receive installSnapshot: omNode-1->omNode-2#0-t6,notify:(t:6, i:59)
2022-10-04 13:26:31,118 [grpc-default-executor-2] INFO  impl.SnapshotInstallationHandler (SnapshotInstallationHandler.java:installSnapshot(95)) - omNode-2@group-523986131536: reply installSnapshot: omNode-1<-omNode-2#0:FAIL-t6,IN_PROGRESS
2022-10-04 13:26:31,118 [grpc-default-executor-2] INFO  server.GrpcServerProtocolService (GrpcServerProtocolService.java:onCompleted(140)) - omNode-2: Completed INSTALL_SNAPSHOT, lastRequest: omNode-1->omNode-2#0-t6,notify:(t:6, i:59)
2022-10-04 13:26:31,119 [grpc-default-executor-2] INFO  server.GrpcLogAppender (GrpcLogAppender.java:onNext(403)) - omNode-1@group-523986131536->omNode-2-InstallSnapshotResponseHandler: received a reply omNode-1<-omNode-2#0:FAIL-t6,IN_PROGRESS
2022-10-04 13:26:31,119 [grpc-default-executor-2] INFO  server.GrpcLogAppender (GrpcLogAppender.java:onNext(421)) - omNode-1@group-523986131536->omNode-2-InstallSnapshotResponseHandler: InstallSnapshot in progress.
2022-10-04 13:26:31,119 [omNode-1@group-523986131536->omNode-2-GrpcLogAppender-LogAppenderDaemon] INFO  server.GrpcLogAppender (GrpcLogAppender.java:installSnapshot(541)) - omNode-1@group-523986131536->omNode-2-GrpcLogAppender: followerNextIndex = 57 but logStartIndex = 59, notify follower to install snapshot-(t:6, i:59)
2022-10-04 13:26:31,119 [omNode-1@group-523986131536->omNode-2-GrpcLogAppender-LogAppenderDaemon] INFO  server.GrpcLogAppender (GrpcLogAppender.java:installSnapshot(549)) - omNode-1@group-523986131536->omNode-2-GrpcLogAppender: send omNode-1->omNode-2#0-t6,notify:(t:6, i:59)
2022-10-04 13:26:31,120 [omNode-2-server-thread1] INFO  server.RaftServer$Division (RaftServerImpl.java:checkInconsistentAppendEntries(1402)) - omNode-2@group-523986131536: Failed appendEntries as snapshot (59) installation is in progress
2022-10-04 13:26:31,120 [omNode-2-server-thread1] INFO  server.RaftServer$Division (RaftServerImpl.java:checkInconsistentAppendEntries(1394)) - omNode-2@group-523986131536: inconsistency entries. Reply:omNode-1<-omNode-2#747:FAIL-t6,INCONSISTENCY,nextIndex=57,followerCommit=56
2022-10-04 13:26:31,121 [grpc-default-executor-2] INFO  leader.FollowerInfo (FollowerInfoImpl.java:lambda$new$0(48)) - omNode-1@group-523986131536->omNode-2: nextIndex: updateUnconditionally 57 -> 57
2022-10-04 13:26:31,122 [grpc-default-executor-2] INFO  impl.SnapshotInstallationHandler (SnapshotInstallationHandler.java:installSnapshot(84)) - omNode-2@group-523986131536: receive installSnapshot: omNode-1->omNode-2#0-t6,notify:(t:6, i:59)
2022-10-04 13:26:31,122 [grpc-default-executor-2] INFO  impl.SnapshotInstallationHandler (SnapshotInstallationHandler.java:installSnapshot(95)) - omNode-2@group-523986131536: reply installSnapshot: omNode-1<-omNode-2#0:FAIL-t6,IN_PROGRESS
2022-10-04 13:26:31,122 [grpc-default-executor-2] INFO  server.GrpcServerProtocolService (GrpcServerProtocolService.java:onCompleted(140)) - omNode-2: Completed INSTALL_SNAPSHOT, lastRequest: omNode-1->omNode-2#0-t6,notify:(t:6, i:59)
2022-10-04 13:26:31,122 [grpc-default-executor-2] INFO  server.GrpcLogAppender (GrpcLogAppender.java:onNext(403)) - omNode-1@group-523986131536->omNode-2-InstallSnapshotResponseHandler: received a reply omNode-1<-omNode-2#0:FAIL-t6,IN_PROGRESS
2022-10-04 13:26:31,122 [grpc-default-executor-2] INFO  server.GrpcLogAppender (GrpcLogAppender.java:onNext(421)) - omNode-1@group-523986131536->omNode-2-InstallSnapshotResponseHandler: InstallSnapshot in progress.
2022-10-04 13:26:31,123 [omNode-1@group-523986131536->omNode-2-GrpcLogAppender-LogAppenderDaemon] INFO  server.GrpcLogAppender (GrpcLogAppender.java:installSnapshot(541)) - omNode-1@group-523986131536->omNode-2-GrpcLogAppender: followerNextIndex = 57 but logStartIndex = 59, notify follower to install snapshot-(t:6, i:59)
2022-10-04 13:26:31,123 [omNode-1@group-523986131536->omNode-2-GrpcLogAppender-LogAppenderDaemon] INFO  server.GrpcLogAppender (GrpcLogAppender.java:installSnapshot(549)) - omNode-1@group-523986131536->omNode-2-GrpcLogAppender: send omNode-1->omNode-2#0-t6,notify:(t:6, i:59)
2022-10-04 13:26:31,123 [omNode-2-server-thread1] INFO  server.RaftServer$Division (RaftServerImpl.java:checkInconsistentAppendEntries(1402)) - omNode-2@group-523986131536: Failed appendEntries as snapshot (59) installation is in progress
2022-10-04 13:26:31,123 [omNode-2-server-thread1] INFO  server.RaftServer$Division (RaftServerImpl.java:checkInconsistentAppendEntries(1394)) - omNode-2@group-523986131536: inconsistency entries. Reply:omNode-1<-omNode-2#748:FAIL-t6,INCONSISTENCY,nextIndex=57,followerCommit=56
2022-10-04 13:26:31,126 [grpc-default-executor-2] INFO  impl.SnapshotInstallationHandler (SnapshotInstallationHandler.java:installSnapshot(84)) - omNode-2@group-523986131536: receive installSnapshot: omNode-1->omNode-2#0-t6,notify:(t:6, i:59)
2022-10-04 13:26:31,127 [grpc-default-executor-2] INFO  impl.SnapshotInstallationHandler (SnapshotInstallationHandler.java:installSnapshot(95)) - omNode-2@group-523986131536: reply installSnapshot: omNode-1<-omNode-2#0:FAIL-t6,IN_PROGRESS
2022-10-04 13:26:31,127 [grpc-default-executor-2] INFO  server.GrpcServerProtocolService (GrpcServerProtocolService.java:onCompleted(140)) - omNode-2: Completed INSTALL_SNAPSHOT, lastRequest: omNode-1->omNode-2#0-t6,notify:(t:6, i:59)
2022-10-04 13:26:31,127 [grpc-default-executor-1] INFO  leader.FollowerInfo (FollowerInfoImpl.java:lambda$new$0(48)) - omNode-1@group-523986131536->omNode-2: nextIndex: updateUnconditionally 57 -> 57
2022-10-04 13:26:31,128 [grpc-default-executor-3] INFO  server.GrpcLogAppender (GrpcLogAppender.java:onNext(403)) - omNode-1@group-523986131536->omNode-2-InstallSnapshotResponseHandler: received a reply omNode-1<-omNode-2#0:FAIL-t6,IN_PROGRESS
2022-10-04 13:26:31,128 [grpc-default-executor-3] INFO  server.GrpcLogAppender (GrpcLogAppender.java:onNext(421)) - omNode-1@group-523986131536->omNode-2-InstallSnapshotResponseHandler: InstallSnapshot in progress.
2022-10-04 13:26:31,128 [omNode-1@group-523986131536->omNode-2-GrpcLogAppender-LogAppenderDaemon] INFO  server.GrpcLogAppender (GrpcLogAppender.java:installSnapshot(541)) - omNode-1@group-523986131536->omNode-2-GrpcLogAppender: followerNextIndex = 57 but logStartIndex = 59, notify follower to install snapshot-(t:6, i:59)
2022-10-04 13:26:31,128 [omNode-1@group-523986131536->omNode-2-GrpcLogAppender-LogAppenderDaemon] INFO  server.GrpcLogAppender (GrpcLogAppender.java:installSnapshot(549)) - omNode-1@group-523986131536->omNode-2-GrpcLogAppender: send omNode-1->omNode-2#0-t6,notify:(t:6, i:59)
2022-10-04 13:26:31,128 [omNode-2-server-thread1] INFO  server.RaftServer$Division (RaftServerImpl.java:checkInconsistentAppendEntries(1402)) - omNode-2@group-523986131536: Failed appendEntries as snapshot (59) installation is in progress
2022-10-04 13:26:31,128 [omNode-2-server-thread1] INFO  server.RaftServer$Division (RaftServerImpl.java:checkInconsistentAppendEntries(1394)) - omNode-2@group-523986131536: inconsistency entries. Reply:omNode-1<-omNode-2#749:FAIL-t6,INCONSISTENCY,nextIndex=57,followerCommit=56
2022-10-04 13:26:31,129 [grpc-default-executor-1] INFO  leader.FollowerInfo (FollowerInfoImpl.java:lambda$new$0(48)) - omNode-1@group-523986131536->omNode-2: nextIndex: updateUnconditionally 57 -> 57
2022-10-04 13:26:31,133 [grpc-default-executor-2] INFO  impl.SnapshotInstallationHandler (SnapshotInstallationHandler.java:installSnapshot(84)) - omNode-2@group-523986131536: receive installSnapshot: omNode-1->omNode-2#0-t6,notify:(t:6, i:59)
2022-10-04 13:26:31,133 [grpc-default-executor-2] INFO  impl.SnapshotInstallationHandler (SnapshotInstallationHandler.java:installSnapshot(95)) - omNode-2@group-523986131536: reply installSnapshot: omNode-1<-omNode-2#0:FAIL-t6,IN_PROGRESS
2022-10-04 13:26:31,133 [grpc-default-executor-2] INFO  server.GrpcServerProtocolService (GrpcServerProtocolService.java:onCompleted(140)) - omNode-2: Completed INSTALL_SNAPSHOT, lastRequest: omNode-1->omNode-2#0-t6,notify:(t:6, i:59)
2022-10-04 13:26:31,134 [grpc-default-executor-2] INFO  server.GrpcLogAppender (GrpcLogAppender.java:onNext(403)) - omNode-1@group-523986131536->omNode-2-InstallSnapshotResponseHandler: received a reply omNode-1<-omNode-2#0:FAIL-t6,IN_PROGRESS
2022-10-04 13:26:31,134 [grpc-default-executor-2] INFO  server.GrpcLogAppender (GrpcLogAppender.java:onNext(421)) - omNode-1@group-523986131536->omNode-2-InstallSnapshotResponseHandler: InstallSnapshot in progress.
2022-10-04 13:26:31,134 [omNode-1@group-523986131536->omNode-2-GrpcLogAppender-LogAppenderDaemon] INFO  server.GrpcLogAppender (GrpcLogAppender.java:installSnapshot(541)) - omNode-1@group-523986131536->omNode-2-GrpcLogAppender: followerNextIndex = 57 but logStartIndex = 59, notify follower to install snapshot-(t:6, i:59)
2022-10-04 13:26:31,134 [omNode-1@group-523986131536->omNode-2-GrpcLogAppender-LogAppenderDaemon] INFO  server.GrpcLogAppender (GrpcLogAppender.java:installSnapshot(549)) - omNode-1@group-523986131536->omNode-2-GrpcLogAppender: send omNode-1->omNode-2#0-t6,notify:(t:6, i:59)
2022-10-04 13:26:31,134 [omNode-2-server-thread1] INFO  server.RaftServer$Division (RaftServerImpl.java:checkInconsistentAppendEntries(1402)) - omNode-2@group-523986131536: Failed appendEntries as snapshot (59) installation is in progress
2022-10-04 13:26:31,134 [omNode-2-server-thread1] INFO  server.RaftServer$Division (RaftServerImpl.java:checkInconsistentAppendEntries(1394)) - omNode-2@group-523986131536: inconsistency entries. Reply:omNode-1<-omNode-2#750:FAIL-t6,INCONSISTENCY,nextIndex=57,followerCommit=56
2022-10-04 13:26:31,137 [grpc-default-executor-2] INFO  impl.SnapshotInstallationHandler (SnapshotInstallationHandler.java:installSnapshot(84)) - omNode-2@group-523986131536: receive installSnapshot: omNode-1->omNode-2#0-t6,notify:(t:6, i:59)
2022-10-04 13:26:31,137 [grpc-default-executor-1] INFO  leader.FollowerInfo (FollowerInfoImpl.java:lambda$new$0(48)) - omNode-1@group-523986131536->omNode-2: nextIndex: updateUnconditionally 57 -> 57
2022-10-04 13:26:31,138 [grpc-default-executor-2] INFO  impl.SnapshotInstallationHandler (SnapshotInstallationHandler.java:installSnapshot(95)) - omNode-2@group-523986131536: reply installSnapshot: omNode-1<-omNode-2#0:FAIL-t6,IN_PROGRESS
2022-10-04 13:26:31,138 [grpc-default-executor-2] INFO  server.GrpcServerProtocolService (GrpcServerProtocolService.java:onCompleted(140)) - omNode-2: Completed INSTALL_SNAPSHOT, lastRequest: omNode-1->omNode-2#0-t6,notify:(t:6, i:59)
2022-10-04 13:26:31,138 [grpc-default-executor-2] INFO  server.GrpcLogAppender (GrpcLogAppender.java:onNext(403)) - omNode-1@group-523986131536->omNode-2-InstallSnapshotResponseHandler: received a reply omNode-1<-omNode-2#0:FAIL-t6,IN_PROGRESS
2022-10-04 13:26:31,138 [grpc-default-executor-2] INFO  server.GrpcLogAppender (GrpcLogAppender.java:onNext(421)) - omNode-1@group-523986131536->omNode-2-InstallSnapshotResponseHandler: InstallSnapshot in progress.
2022-10-04 13:26:31,139 [omNode-1@group-523986131536->omNode-2-GrpcLogAppender-LogAppenderDaemon] INFO  server.GrpcLogAppender (GrpcLogAppender.java:installSnapshot(541)) - omNode-1@group-523986131536->omNode-2-GrpcLogAppender: followerNextIndex = 57 but logStartIndex = 59, notify follower to install snapshot-(t:6, i:59)
2022-10-04 13:26:31,139 [omNode-1@group-523986131536->omNode-2-GrpcLogAppender-LogAppenderDaemon] INFO  server.GrpcLogAppender (GrpcLogAppender.java:installSnapshot(549)) - omNode-1@group-523986131536->omNode-2-GrpcLogAppender: send omNode-1->omNode-2#0-t6,notify:(t:6, i:59)
2022-10-04 13:26:31,142 [grpc-default-executor-1] INFO  impl.SnapshotInstallationHandler (SnapshotInstallationHandler.java:installSnapshot(84)) - omNode-2@group-523986131536: receive installSnapshot: omNode-1->omNode-2#0-t6,notify:(t:6, i:59)
2022-10-04 13:26:31,142 [grpc-default-executor-1] INFO  impl.SnapshotInstallationHandler (SnapshotInstallationHandler.java:installSnapshot(95)) - omNode-2@group-523986131536: reply installSnapshot: omNode-1<-omNode-2#0:FAIL-t6,IN_PROGRESS
2022-10-04 13:26:31,142 [omNode-2-server-thread1] INFO  server.RaftServer$Division (RaftServerImpl.java:checkInconsistentAppendEntries(1402)) - omNode-2@group-523986131536: Failed appendEntries as snapshot (59) installation is in progress
2022-10-04 13:26:31,147 [omNode-2-server-thread1] INFO  server.RaftServer$Division (RaftServerImpl.java:checkInconsistentAppendEntries(1394)) - omNode-2@group-523986131536: inconsistency entries. Reply:omNode-1<-omNode-2#751:FAIL-t6,INCONSISTENCY,nextIndex=57,followerCommit=56
2022-10-04 13:26:31,151 [grpc-default-executor-3] INFO  server.GrpcLogAppender (GrpcLogAppender.java:onNext(403)) - omNode-1@group-523986131536->omNode-2-InstallSnapshotResponseHandler: received a reply omNode-1<-omNode-2#0:FAIL-t6,IN_PROGRESS
2022-10-04 13:26:31,151 [grpc-default-executor-3] INFO  server.GrpcLogAppender (GrpcLogAppender.java:onNext(421)) - omNode-1@group-523986131536->omNode-2-InstallSnapshotResponseHandler: InstallSnapshot in progress.
2022-10-04 13:26:31,151 [grpc-default-executor-1] INFO  server.GrpcServerProtocolService (GrpcServerProtocolService.java:onCompleted(140)) - omNode-2: Completed INSTALL_SNAPSHOT, lastRequest: omNode-1->omNode-2#0-t6,notify:(t:6, i:59)
2022-10-04 13:26:31,152 [omNode-1@group-523986131536->omNode-2-GrpcLogAppender-LogAppenderDaemon] INFO  server.GrpcLogAppender (GrpcLogAppender.java:installSnapshot(541)) - omNode-1@group-523986131536->omNode-2-GrpcLogAppender: followerNextIndex = 57 but logStartIndex = 59, notify follower to install snapshot-(t:6, i:59)
2022-10-04 13:26:31,152 [omNode-1@group-523986131536->omNode-2-GrpcLogAppender-LogAppenderDaemon] INFO  server.GrpcLogAppender (GrpcLogAppender.java:installSnapshot(549)) - omNode-1@group-523986131536->omNode-2-GrpcLogAppender: send omNode-1->omNode-2#0-t6,notify:(t:6, i:59)
2022-10-04 13:26:31,152 [grpc-default-executor-2] INFO  leader.FollowerInfo (FollowerInfoImpl.java:lambda$new$0(48)) - omNode-1@group-523986131536->omNode-2: nextIndex: updateUnconditionally 57 -> 57
2022-10-04 13:26:31,153 [omNode-2-server-thread1] INFO  server.RaftServer$Division (RaftServerImpl.java:checkInconsistentAppendEntries(1402)) - omNode-2@group-523986131536: Failed appendEntries as snapshot (59) installation is in progress
2022-10-04 13:26:31,153 [omNode-2-server-thread1] INFO  server.RaftServer$Division (RaftServerImpl.java:checkInconsistentAppendEntries(1394)) - omNode-2@group-523986131536: inconsistency entries. Reply:omNode-1<-omNode-2#752:FAIL-t6,INCONSISTENCY,nextIndex=57,followerCommit=56
2022-10-04 13:26:31,153 [grpc-default-executor-2] INFO  impl.SnapshotInstallationHandler (SnapshotInstallationHandler.java:installSnapshot(84)) - omNode-2@group-523986131536: receive installSnapshot: omNode-1->omNode-2#0-t6,notify:(t:6, i:59)
2022-10-04 13:26:31,153 [grpc-default-executor-2] INFO  impl.SnapshotInstallationHandler (SnapshotInstallationHandler.java:installSnapshot(95)) - omNode-2@group-523986131536: reply installSnapshot: omNode-1<-omNode-2#0:FAIL-t6,IN_PROGRESS
2022-10-04 13:26:31,153 [grpc-default-executor-2] INFO  server.GrpcServerProtocolService (GrpcServerProtocolService.java:onCompleted(140)) - omNode-2: Completed INSTALL_SNAPSHOT, lastRequest: omNode-1->omNode-2#0-t6,notify:(t:6, i:59)
2022-10-04 13:26:31,153 [grpc-default-executor-2] INFO  server.GrpcLogAppender (GrpcLogAppender.java:onNext(403)) - omNode-1@group-523986131536->omNode-2-InstallSnapshotResponseHandler: received a reply omNode-1<-omNode-2#0:FAIL-t6,IN_PROGRESS
2022-10-04 13:26:31,154 [grpc-default-executor-2] INFO  server.GrpcLogAppender (GrpcLogAppender.java:onNext(421)) - omNode-1@group-523986131536->omNode-2-InstallSnapshotResponseHandler: InstallSnapshot in progress.
2022-10-04 13:26:31,154 [grpc-default-executor-1] INFO  leader.FollowerInfo (FollowerInfoImpl.java:lambda$new$0(48)) - omNode-1@group-523986131536->omNode-2: nextIndex: updateUnconditionally 57 -> 57
2022-10-04 13:26:31,154 [omNode-1@group-523986131536->omNode-2-GrpcLogAppender-LogAppenderDaemon] INFO  server.GrpcLogAppender (GrpcLogAppender.java:installSnapshot(541)) - omNode-1@group-523986131536->omNode-2-GrpcLogAppender: followerNextIndex = 57 but logStartIndex = 59, notify follower to install snapshot-(t:6, i:59)
2022-10-04 13:26:31,154 [omNode-1@group-523986131536->omNode-2-GrpcLogAppender-LogAppenderDaemon] INFO  server.GrpcLogAppender (GrpcLogAppender.java:installSnapshot(549)) - omNode-1@group-523986131536->omNode-2-GrpcLogAppender: send omNode-1->omNode-2#0-t6,notify:(t:6, i:59)
2022-10-04 13:26:31,155 [omNode-2-server-thread1] INFO  server.RaftServer$Division (RaftServerImpl.java:checkInconsistentAppendEntries(1402)) - omNode-2@group-523986131536: Failed appendEntries as snapshot (59) installation is in progress
2022-10-04 13:26:31,155 [omNode-2-server-thread1] INFO  server.RaftServer$Division (RaftServerImpl.java:checkInconsistentAppendEntries(1394)) - omNode-2@group-523986131536: inconsistency entries. Reply:omNode-1<-omNode-2#753:FAIL-t6,INCONSISTENCY,nextIndex=57,followerCommit=56
2022-10-04 13:26:31,155 [grpc-default-executor-2] INFO  impl.SnapshotInstallationHandler (SnapshotInstallationHandler.java:installSnapshot(84)) - omNode-2@group-523986131536: receive installSnapshot: omNode-1->omNode-2#0-t6,notify:(t:6, i:59)
2022-10-04 13:26:31,155 [grpc-default-executor-2] INFO  impl.SnapshotInstallationHandler (SnapshotInstallationHandler.java:installSnapshot(95)) - omNode-2@group-523986131536: reply installSnapshot: omNode-1<-omNode-2#0:FAIL-t6,IN_PROGRESS
2022-10-04 13:26:31,155 [grpc-default-executor-2] INFO  server.GrpcServerProtocolService (GrpcServerProtocolService.java:onCompleted(140)) - omNode-2: Completed INSTALL_SNAPSHOT, lastRequest: omNode-1->omNode-2#0-t6,notify:(t:6, i:59)
2022-10-04 13:26:31,156 [grpc-default-executor-3] INFO  server.GrpcLogAppender (GrpcLogAppender.java:onNext(403)) - omNode-1@group-523986131536->omNode-2-InstallSnapshotResponseHandler: received a reply omNode-1<-omNode-2#0:FAIL-t6,IN_PROGRESS
2022-10-04 13:26:31,156 [grpc-default-executor-3] INFO  server.GrpcLogAppender (GrpcLogAppender.java:onNext(421)) - omNode-1@group-523986131536->omNode-2-InstallSnapshotResponseHandler: InstallSnapshot in progress.
2022-10-04 13:26:31,156 [omNode-1@group-523986131536->omNode-2-GrpcLogAppender-LogAppenderDaemon] INFO  server.GrpcLogAppender (GrpcLogAppender.java:installSnapshot(541)) - omNode-1@group-523986131536->omNode-2-GrpcLogAppender: followerNextIndex = 57 but logStartIndex = 59, notify follower to install snapshot-(t:6, i:59)
2022-10-04 13:26:31,156 [omNode-1@group-523986131536->omNode-2-GrpcLogAppender-LogAppenderDaemon] INFO  server.GrpcLogAppender (GrpcLogAppender.java:installSnapshot(549)) - omNode-1@group-523986131536->omNode-2-GrpcLogAppender: send omNode-1->omNode-2#0-t6,notify:(t:6, i:59)
2022-10-04 13:26:31,156 [grpc-default-executor-3] INFO  leader.FollowerInfo (FollowerInfoImpl.java:lambda$new$0(48)) - omNode-1@group-523986131536->omNode-2: nextIndex: updateUnconditionally 57 -> 57
2022-10-04 13:26:31,157 [omNode-2-server-thread1] INFO  server.RaftServer$Division (RaftServerImpl.java:checkInconsistentAppendEntries(1402)) - omNode-2@group-523986131536: Failed appendEntries as snapshot (59) installation is in progress
2022-10-04 13:26:31,157 [grpc-default-executor-3] INFO  impl.SnapshotInstallationHandler (SnapshotInstallationHandler.java:installSnapshot(84)) - omNode-2@group-523986131536: receive installSnapshot: omNode-1->omNode-2#0-t6,notify:(t:6, i:59)
2022-10-04 13:26:31,157 [omNode-2-server-thread1] INFO  server.RaftServer$Division (RaftServerImpl.java:checkInconsistentAppendEntries(1394)) - omNode-2@group-523986131536: inconsistency entries. Reply:omNode-1<-omNode-2#754:FAIL-t6,INCONSISTENCY,nextIndex=57,followerCommit=56
2022-10-04 13:26:31,157 [grpc-default-executor-3] INFO  impl.SnapshotInstallationHandler (SnapshotInstallationHandler.java:installSnapshot(95)) - omNode-2@group-523986131536: reply installSnapshot: omNode-1<-omNode-2#0:FAIL-t6,IN_PROGRESS
2022-10-04 13:26:31,157 [grpc-default-executor-3] INFO  server.GrpcServerProtocolService (GrpcServerProtocolService.java:onCompleted(140)) - omNode-2: Completed INSTALL_SNAPSHOT, lastRequest: omNode-1->omNode-2#0-t6,notify:(t:6, i:59)
2022-10-04 13:26:31,158 [grpc-default-executor-2] INFO  server.GrpcLogAppender (GrpcLogAppender.java:onNext(403)) - omNode-1@group-523986131536->omNode-2-InstallSnapshotResponseHandler: received a reply omNode-1<-omNode-2#0:FAIL-t6,IN_PROGRESS
2022-10-04 13:26:31,158 [grpc-default-executor-2] INFO  server.GrpcLogAppender (GrpcLogAppender.java:onNext(421)) - omNode-1@group-523986131536->omNode-2-InstallSnapshotResponseHandler: InstallSnapshot in progress.
2022-10-04 13:26:31,158 [omNode-1@group-523986131536->omNode-2-GrpcLogAppender-LogAppenderDaemon] INFO  server.GrpcLogAppender (GrpcLogAppender.java:installSnapshot(541)) - omNode-1@group-523986131536->omNode-2-GrpcLogAppender: followerNextIndex = 57 but logStartIndex = 59, notify follower to install snapshot-(t:6, i:59)
2022-10-04 13:26:31,158 [omNode-1@group-523986131536->omNode-2-GrpcLogAppender-LogAppenderDaemon] INFO  server.GrpcLogAppender (GrpcLogAppender.java:installSnapshot(549)) - omNode-1@group-523986131536->omNode-2-GrpcLogAppender: send omNode-1->omNode-2#0-t6,notify:(t:6, i:59)
2022-10-04 13:26:31,159 [grpc-default-executor-3] INFO  leader.FollowerInfo (FollowerInfoImpl.java:lambda$new$0(48)) - omNode-1@group-523986131536->omNode-2: nextIndex: updateUnconditionally 57 -> 57
2022-10-04 13:26:31,159 [omNode-2-server-thread1] INFO  server.RaftServer$Division (RaftServerImpl.java:checkInconsistentAppendEntries(1402)) - omNode-2@group-523986131536: Failed appendEntries as snapshot (59) installation is in progress
2022-10-04 13:26:31,159 [omNode-2-server-thread1] INFO  server.RaftServer$Division (RaftServerImpl.java:checkInconsistentAppendEntries(1394)) - omNode-2@group-523986131536: inconsistency entries. Reply:omNode-1<-omNode-2#755:FAIL-t6,INCONSISTENCY,nextIndex=57,followerCommit=56
2022-10-04 13:26:31,159 [grpc-default-executor-3] INFO  impl.SnapshotInstallationHandler (SnapshotInstallationHandler.java:installSnapshot(84)) - omNode-2@group-523986131536: receive installSnapshot: omNode-1->omNode-2#0-t6,notify:(t:6, i:59)
2022-10-04 13:26:31,159 [grpc-default-executor-3] INFO  impl.SnapshotInstallationHandler (SnapshotInstallationHandler.java:installSnapshot(95)) - omNode-2@group-523986131536: reply installSnapshot: omNode-1<-omNode-2#0:FAIL-t6,IN_PROGRESS
2022-10-04 13:26:31,159 [grpc-default-executor-3] INFO  server.GrpcServerProtocolService (GrpcServerProtocolService.java:onCompleted(140)) - omNode-2: Completed INSTALL_SNAPSHOT, lastRequest: omNode-1->omNode-2#0-t6,notify:(t:6, i:59)
2022-10-04 13:26:31,160 [grpc-default-executor-2] INFO  leader.FollowerInfo (FollowerInfoImpl.java:lambda$new$0(48)) - omNode-1@group-523986131536->omNode-2: nextIndex: updateUnconditionally 57 -> 57
2022-10-04 13:26:31,160 [grpc-default-executor-3] INFO  server.GrpcLogAppender (GrpcLogAppender.java:onNext(403)) - omNode-1@group-523986131536->omNode-2-InstallSnapshotResponseHandler: received a reply omNode-1<-omNode-2#0:FAIL-t6,IN_PROGRESS
2022-10-04 13:26:31,160 [grpc-default-executor-3] INFO  server.GrpcLogAppender (GrpcLogAppender.java:onNext(421)) - omNode-1@group-523986131536->omNode-2-InstallSnapshotResponseHandler: InstallSnapshot in progress.
2022-10-04 13:26:31,160 [omNode-1@group-523986131536->omNode-2-GrpcLogAppender-LogAppenderDaemon] INFO  server.GrpcLogAppender (GrpcLogAppender.java:installSnapshot(541)) - omNode-1@group-523986131536->omNode-2-GrpcLogAppender: followerNextIndex = 57 but logStartIndex = 59, notify follower to install snapshot-(t:6, i:59)
2022-10-04 13:26:31,160 [omNode-1@group-523986131536->omNode-2-GrpcLogAppender-LogAppenderDaemon] INFO  server.GrpcLogAppender (GrpcLogAppender.java:installSnapshot(549)) - omNode-1@group-523986131536->omNode-2-GrpcLogAppender: send omNode-1->omNode-2#0-t6,notify:(t:6, i:59)
2022-10-04 13:26:31,161 [omNode-2-server-thread1] INFO  server.RaftServer$Division (RaftServerImpl.java:checkInconsistentAppendEntries(1402)) - omNode-2@group-523986131536: Failed appendEntries as snapshot (59) installation is in progress
2022-10-04 13:26:31,161 [omNode-2-server-thread1] INFO  server.RaftServer$Division (RaftServerImpl.java:checkInconsistentAppendEntries(1394)) - omNode-2@group-523986131536: inconsistency entries. Reply:omNode-1<-omNode-2#756:FAIL-t6,INCONSISTENCY,nextIndex=57,followerCommit=56
2022-10-04 13:26:31,161 [grpc-default-executor-2] INFO  impl.SnapshotInstallationHandler (SnapshotInstallationHandler.java:installSnapshot(84)) - omNode-2@group-523986131536: receive installSnapshot: omNode-1->omNode-2#0-t6,notify:(t:6, i:59)
2022-10-04 13:26:31,161 [grpc-default-executor-1] INFO  leader.FollowerInfo (FollowerInfoImpl.java:lambda$new$0(48)) - omNode-1@group-523986131536->omNode-2: nextIndex: updateUnconditionally 57 -> 57
2022-10-04 13:26:31,161 [grpc-default-executor-2] INFO  impl.SnapshotInstallationHandler (SnapshotInstallationHandler.java:installSnapshot(95)) - omNode-2@group-523986131536: reply installSnapshot: omNode-1<-omNode-2#0:FAIL-t6,IN_PROGRESS
2022-10-04 13:26:31,162 [grpc-default-executor-2] INFO  server.GrpcServerProtocolService (GrpcServerProtocolService.java:onCompleted(140)) - omNode-2: Completed INSTALL_SNAPSHOT, lastRequest: omNode-1->omNode-2#0-t6,notify:(t:6, i:59)
2022-10-04 13:26:31,165 [grpc-default-executor-2] INFO  server.GrpcLogAppender (GrpcLogAppender.java:onNext(403)) - omNode-1@group-523986131536->omNode-2-InstallSnapshotResponseHandler: received a reply omNode-1<-omNode-2#0:FAIL-t6,IN_PROGRESS
2022-10-04 13:26:31,165 [grpc-default-executor-2] INFO  server.GrpcLogAppender (GrpcLogAppender.java:onNext(421)) - omNode-1@group-523986131536->omNode-2-InstallSnapshotResponseHandler: InstallSnapshot in progress.
2022-10-04 13:26:31,165 [omNode-1@group-523986131536->omNode-2-GrpcLogAppender-LogAppenderDaemon] INFO  server.GrpcLogAppender (GrpcLogAppender.java:installSnapshot(541)) - omNode-1@group-523986131536->omNode-2-GrpcLogAppender: followerNextIndex = 57 but logStartIndex = 59, notify follower to install snapshot-(t:6, i:59)
2022-10-04 13:26:31,165 [omNode-1@group-523986131536->omNode-2-GrpcLogAppender-LogAppenderDaemon] INFO  server.GrpcLogAppender (GrpcLogAppender.java:installSnapshot(549)) - omNode-1@group-523986131536->omNode-2-GrpcLogAppender: send omNode-1->omNode-2#0-t6,notify:(t:6, i:59)
2022-10-04 13:26:31,166 [omNode-2-server-thread1] INFO  server.RaftServer$Division (RaftServerImpl.java:checkInconsistentAppendEntries(1402)) - omNode-2@group-523986131536: Failed appendEntries as snapshot (59) installation is in progress
2022-10-04 13:26:31,166 [omNode-2-server-thread1] INFO  server.RaftServer$Division (RaftServerImpl.java:checkInconsistentAppendEntries(1394)) - omNode-2@group-523986131536: inconsistency entries. Reply:omNode-1<-omNode-2#757:FAIL-t6,INCONSISTENCY,nextIndex=57,followerCommit=56
2022-10-04 13:26:31,166 [grpc-default-executor-1] INFO  leader.FollowerInfo (FollowerInfoImpl.java:lambda$new$0(48)) - omNode-1@group-523986131536->omNode-2: nextIndex: updateUnconditionally 57 -> 57
2022-10-04 13:26:31,167 [grpc-default-executor-2] INFO  impl.SnapshotInstallationHandler (SnapshotInstallationHandler.java:installSnapshot(84)) - omNode-2@group-523986131536: receive installSnapshot: omNode-1->omNode-2#0-t6,notify:(t:6, i:59)
2022-10-04 13:26:31,167 [grpc-default-executor-2] INFO  impl.SnapshotInstallationHandler (SnapshotInstallationHandler.java:installSnapshot(95)) - omNode-2@group-523986131536: reply installSnapshot: omNode-1<-omNode-2#0:FAIL-t6,IN_PROGRESS
2022-10-04 13:26:31,167 [grpc-default-executor-2] INFO  server.GrpcServerProtocolService (GrpcServerProtocolService.java:onCompleted(140)) - omNode-2: Completed INSTALL_SNAPSHOT, lastRequest: omNode-1->omNode-2#0-t6,notify:(t:6, i:59)
2022-10-04 13:26:31,169 [grpc-default-executor-2] INFO  server.GrpcLogAppender (GrpcLogAppender.java:onNext(403)) - omNode-1@group-523986131536->omNode-2-InstallSnapshotResponseHandler: received a reply omNode-1<-omNode-2#0:FAIL-t6,IN_PROGRESS
2022-10-04 13:26:31,169 [grpc-default-executor-2] INFO  server.GrpcLogAppender (GrpcLogAppender.java:onNext(421)) - omNode-1@group-523986131536->omNode-2-InstallSnapshotResponseHandler: InstallSnapshot in progress.
2022-10-04 13:26:31,169 [omNode-1@group-523986131536->omNode-2-GrpcLogAppender-LogAppenderDaemon] INFO  server.GrpcLogAppender (GrpcLogAppender.java:installSnapshot(541)) - omNode-1@group-523986131536->omNode-2-GrpcLogAppender: followerNextIndex = 57 but logStartIndex = 59, notify follower to install snapshot-(t:6, i:59)
2022-10-04 13:26:31,169 [omNode-1@group-523986131536->omNode-2-GrpcLogAppender-LogAppenderDaemon] INFO  server.GrpcLogAppender (GrpcLogAppender.java:installSnapshot(549)) - omNode-1@group-523986131536->omNode-2-GrpcLogAppender: send omNode-1->omNode-2#0-t6,notify:(t:6, i:59)
2022-10-04 13:26:31,170 [omNode-2-server-thread1] INFO  server.RaftServer$Division (RaftServerImpl.java:checkInconsistentAppendEntries(1402)) - omNode-2@group-523986131536: Failed appendEntries as snapshot (59) installation is in progress
2022-10-04 13:26:31,170 [omNode-2-server-thread1] INFO  server.RaftServer$Division (RaftServerImpl.java:checkInconsistentAppendEntries(1394)) - omNode-2@group-523986131536: inconsistency entries. Reply:omNode-1<-omNode-2#758:FAIL-t6,INCONSISTENCY,nextIndex=57,followerCommit=56
2022-10-04 13:26:31,172 [grpc-default-executor-1] INFO  impl.SnapshotInstallationHandler (SnapshotInstallationHandler.java:installSnapshot(84)) - omNode-2@group-523986131536: receive installSnapshot: omNode-1->omNode-2#0-t6,notify:(t:6, i:59)
2022-10-04 13:26:31,172 [grpc-default-executor-1] INFO  impl.SnapshotInstallationHandler (SnapshotInstallationHandler.java:installSnapshot(95)) - omNode-2@group-523986131536: reply installSnapshot: omNode-1<-omNode-2#0:FAIL-t6,IN_PROGRESS
2022-10-04 13:26:31,172 [grpc-default-executor-1] INFO  server.GrpcServerProtocolService (GrpcServerProtocolService.java:onCompleted(140)) - omNode-2: Completed INSTALL_SNAPSHOT, lastRequest: omNode-1->omNode-2#0-t6,notify:(t:6, i:59)
2022-10-04 13:26:31,173 [grpc-default-executor-1] INFO  leader.FollowerInfo (FollowerInfoImpl.java:lambda$new$0(48)) - omNode-1@group-523986131536->omNode-2: nextIndex: updateUnconditionally 57 -> 57
2022-10-04 13:26:31,173 [grpc-default-executor-1] INFO  server.GrpcLogAppender (GrpcLogAppender.java:onNext(403)) - omNode-1@group-523986131536->omNode-2-InstallSnapshotResponseHandler: received a reply omNode-1<-omNode-2#0:FAIL-t6,IN_PROGRESS
2022-10-04 13:26:31,173 [grpc-default-executor-1] INFO  server.GrpcLogAppender (GrpcLogAppender.java:onNext(421)) - omNode-1@group-523986131536->omNode-2-InstallSnapshotResponseHandler: InstallSnapshot in progress.
2022-10-04 13:26:31,174 [omNode-1@group-523986131536->omNode-2-GrpcLogAppender-LogAppenderDaemon] INFO  server.GrpcLogAppender (GrpcLogAppender.java:installSnapshot(541)) - omNode-1@group-523986131536->omNode-2-GrpcLogAppender: followerNextIndex = 57 but logStartIndex = 59, notify follower to install snapshot-(t:6, i:59)
2022-10-04 13:26:31,174 [omNode-1@group-523986131536->omNode-2-GrpcLogAppender-LogAppenderDaemon] INFO  server.GrpcLogAppender (GrpcLogAppender.java:installSnapshot(549)) - omNode-1@group-523986131536->omNode-2-GrpcLogAppender: send omNode-1->omNode-2#0-t6,notify:(t:6, i:59)
2022-10-04 13:26:31,174 [omNode-2-server-thread1] INFO  server.RaftServer$Division (RaftServerImpl.java:checkInconsistentAppendEntries(1402)) - omNode-2@group-523986131536: Failed appendEntries as snapshot (59) installation is in progress
2022-10-04 13:26:31,174 [omNode-2-server-thread1] INFO  server.RaftServer$Division (RaftServerImpl.java:checkInconsistentAppendEntries(1394)) - omNode-2@group-523986131536: inconsistency entries. Reply:omNode-1<-omNode-2#759:FAIL-t6,INCONSISTENCY,nextIndex=57,followerCommit=56
2022-10-04 13:26:31,175 [grpc-default-executor-1] INFO  impl.SnapshotInstallationHandler (SnapshotInstallationHandler.java:installSnapshot(84)) - omNode-2@group-523986131536: receive installSnapshot: omNode-1->omNode-2#0-t6,notify:(t:6, i:59)
2022-10-04 13:26:31,175 [grpc-default-executor-1] INFO  impl.SnapshotInstallationHandler (SnapshotInstallationHandler.java:installSnapshot(95)) - omNode-2@group-523986131536: reply installSnapshot: omNode-1<-omNode-2#0:FAIL-t6,IN_PROGRESS
2022-10-04 13:26:31,175 [grpc-default-executor-1] INFO  server.GrpcServerProtocolService (GrpcServerProtocolService.java:onCompleted(140)) - omNode-2: Completed INSTALL_SNAPSHOT, lastRequest: omNode-1->omNode-2#0-t6,notify:(t:6, i:59)
2022-10-04 13:26:31,175 [grpc-default-executor-2] INFO  server.GrpcLogAppender (GrpcLogAppender.java:onNext(403)) - omNode-1@group-523986131536->omNode-2-InstallSnapshotResponseHandler: received a reply omNode-1<-omNode-2#0:FAIL-t6,IN_PROGRESS
2022-10-04 13:26:31,176 [grpc-default-executor-2] INFO  server.GrpcLogAppender (GrpcLogAppender.java:onNext(421)) - omNode-1@group-523986131536->omNode-2-InstallSnapshotResponseHandler: InstallSnapshot in progress.
2022-10-04 13:26:31,176 [grpc-default-executor-1] INFO  leader.FollowerInfo (FollowerInfoImpl.java:lambda$new$0(48)) - omNode-1@group-523986131536->omNode-2: nextIndex: updateUnconditionally 57 -> 57
2022-10-04 13:26:31,176 [omNode-1@group-523986131536->omNode-2-GrpcLogAppender-LogAppenderDaemon] INFO  server.GrpcLogAppender (GrpcLogAppender.java:installSnapshot(541)) - omNode-1@group-523986131536->omNode-2-GrpcLogAppender: followerNextIndex = 57 but logStartIndex = 59, notify follower to install snapshot-(t:6, i:59)
2022-10-04 13:26:31,176 [omNode-1@group-523986131536->omNode-2-GrpcLogAppender-LogAppenderDaemon] INFO  server.GrpcLogAppender (GrpcLogAppender.java:installSnapshot(549)) - omNode-1@group-523986131536->omNode-2-GrpcLogAppender: send omNode-1->omNode-2#0-t6,notify:(t:6, i:59)
2022-10-04 13:26:31,176 [omNode-2-server-thread1] INFO  server.RaftServer$Division (RaftServerImpl.java:checkInconsistentAppendEntries(1402)) - omNode-2@group-523986131536: Failed appendEntries as snapshot (59) installation is in progress
2022-10-04 13:26:31,176 [omNode-2-server-thread1] INFO  server.RaftServer$Division (RaftServerImpl.java:checkInconsistentAppendEntries(1394)) - omNode-2@group-523986131536: inconsistency entries. Reply:omNode-1<-omNode-2#760:FAIL-t6,INCONSISTENCY,nextIndex=57,followerCommit=56
2022-10-04 13:26:31,177 [grpc-default-executor-2] INFO  impl.SnapshotInstallationHandler (SnapshotInstallationHandler.java:installSnapshot(84)) - omNode-2@group-523986131536: receive installSnapshot: omNode-1->omNode-2#0-t6,notify:(t:6, i:59)
2022-10-04 13:26:31,177 [grpc-default-executor-1] INFO  leader.FollowerInfo (FollowerInfoImpl.java:lambda$new$0(48)) - omNode-1@group-523986131536->omNode-2: nextIndex: updateUnconditionally 57 -> 57
2022-10-04 13:26:31,177 [grpc-default-executor-2] INFO  impl.SnapshotInstallationHandler (SnapshotInstallationHandler.java:installSnapshot(95)) - omNode-2@group-523986131536: reply installSnapshot: omNode-1<-omNode-2#0:FAIL-t6,IN_PROGRESS
2022-10-04 13:26:31,177 [grpc-default-executor-2] INFO  server.GrpcServerProtocolService (GrpcServerProtocolService.java:onCompleted(140)) - omNode-2: Completed INSTALL_SNAPSHOT, lastRequest: omNode-1->omNode-2#0-t6,notify:(t:6, i:59)
2022-10-04 13:26:31,178 [grpc-default-executor-2] INFO  server.GrpcLogAppender (GrpcLogAppender.java:onNext(403)) - omNode-1@group-523986131536->omNode-2-InstallSnapshotResponseHandler: received a reply omNode-1<-omNode-2#0:FAIL-t6,IN_PROGRESS
2022-10-04 13:26:31,178 [grpc-default-executor-2] INFO  server.GrpcLogAppender (GrpcLogAppender.java:onNext(421)) - omNode-1@group-523986131536->omNode-2-InstallSnapshotResponseHandler: InstallSnapshot in progress.
2022-10-04 13:26:31,178 [omNode-1@group-523986131536->omNode-2-GrpcLogAppender-LogAppenderDaemon] INFO  server.GrpcLogAppender (GrpcLogAppender.java:installSnapshot(541)) - omNode-1@group-523986131536->omNode-2-GrpcLogAppender: followerNextIndex = 57 but logStartIndex = 59, notify follower to install snapshot-(t:6, i:59)
2022-10-04 13:26:31,178 [omNode-1@group-523986131536->omNode-2-GrpcLogAppender-LogAppenderDaemon] INFO  server.GrpcLogAppender (GrpcLogAppender.java:installSnapshot(549)) - omNode-1@group-523986131536->omNode-2-GrpcLogAppender: send omNode-1->omNode-2#0-t6,notify:(t:6, i:59)
2022-10-04 13:26:31,178 [omNode-2-server-thread1] INFO  server.RaftServer$Division (RaftServerImpl.java:checkInconsistentAppendEntries(1402)) - omNode-2@group-523986131536: Failed appendEntries as snapshot (59) installation is in progress
2022-10-04 13:26:31,179 [omNode-2-server-thread1] INFO  server.RaftServer$Division (RaftServerImpl.java:checkInconsistentAppendEntries(1394)) - omNode-2@group-523986131536: inconsistency entries. Reply:omNode-1<-omNode-2#761:FAIL-t6,INCONSISTENCY,nextIndex=57,followerCommit=56
2022-10-04 13:26:31,179 [grpc-default-executor-1] INFO  impl.SnapshotInstallationHandler (SnapshotInstallationHandler.java:installSnapshot(84)) - omNode-2@group-523986131536: receive installSnapshot: omNode-1->omNode-2#0-t6,notify:(t:6, i:59)
2022-10-04 13:26:31,179 [grpc-default-executor-1] INFO  impl.SnapshotInstallationHandler (SnapshotInstallationHandler.java:installSnapshot(95)) - omNode-2@group-523986131536: reply installSnapshot: omNode-1<-omNode-2#0:FAIL-t6,IN_PROGRESS
2022-10-04 13:26:31,179 [grpc-default-executor-1] INFO  server.GrpcServerProtocolService (GrpcServerProtocolService.java:onCompleted(140)) - omNode-2: Completed INSTALL_SNAPSHOT, lastRequest: omNode-1->omNode-2#0-t6,notify:(t:6, i:59)
2022-10-04 13:26:31,180 [grpc-default-executor-2] INFO  server.GrpcLogAppender (GrpcLogAppender.java:onNext(403)) - omNode-1@group-523986131536->omNode-2-InstallSnapshotResponseHandler: received a reply omNode-1<-omNode-2#0:FAIL-t6,IN_PROGRESS
2022-10-04 13:26:31,180 [grpc-default-executor-2] INFO  server.GrpcLogAppender (GrpcLogAppender.java:onNext(421)) - omNode-1@group-523986131536->omNode-2-InstallSnapshotResponseHandler: InstallSnapshot in progress.
2022-10-04 13:26:31,180 [grpc-default-executor-1] INFO  leader.FollowerInfo (FollowerInfoImpl.java:lambda$new$0(48)) - omNode-1@group-523986131536->omNode-2: nextIndex: updateUnconditionally 57 -> 57
2022-10-04 13:26:31,180 [omNode-1@group-523986131536->omNode-2-GrpcLogAppender-LogAppenderDaemon] INFO  server.GrpcLogAppender (GrpcLogAppender.java:installSnapshot(541)) - omNode-1@group-523986131536->omNode-2-GrpcLogAppender: followerNextIndex = 57 but logStartIndex = 59, notify follower to install snapshot-(t:6, i:59)
2022-10-04 13:26:31,180 [omNode-1@group-523986131536->omNode-2-GrpcLogAppender-LogAppenderDaemon] INFO  server.GrpcLogAppender (GrpcLogAppender.java:installSnapshot(549)) - omNode-1@group-523986131536->omNode-2-GrpcLogAppender: send omNode-1->omNode-2#0-t6,notify:(t:6, i:59)
2022-10-04 13:26:31,181 [omNode-2-server-thread1] INFO  server.RaftServer$Division (RaftServerImpl.java:checkInconsistentAppendEntries(1402)) - omNode-2@group-523986131536: Failed appendEntries as snapshot (59) installation is in progress
2022-10-04 13:26:31,181 [omNode-2-server-thread1] INFO  server.RaftServer$Division (RaftServerImpl.java:checkInconsistentAppendEntries(1394)) - omNode-2@group-523986131536: inconsistency entries. Reply:omNode-1<-omNode-2#762:FAIL-t6,INCONSISTENCY,nextIndex=57,followerCommit=56
2022-10-04 13:26:31,181 [grpc-default-executor-2] INFO  impl.SnapshotInstallationHandler (SnapshotInstallationHandler.java:installSnapshot(84)) - omNode-2@group-523986131536: receive installSnapshot: omNode-1->omNode-2#0-t6,notify:(t:6, i:59)
2022-10-04 13:26:31,181 [grpc-default-executor-2] INFO  impl.SnapshotInstallationHandler (SnapshotInstallationHandler.java:installSnapshot(95)) - omNode-2@group-523986131536: reply installSnapshot: omNode-1<-omNode-2#0:FAIL-t6,IN_PROGRESS
2022-10-04 13:26:31,181 [grpc-default-executor-1] INFO  leader.FollowerInfo (FollowerInfoImpl.java:lambda$new$0(48)) - omNode-1@group-523986131536->omNode-2: nextIndex: updateUnconditionally 57 -> 57
2022-10-04 13:26:31,181 [grpc-default-executor-2] INFO  server.GrpcServerProtocolService (GrpcServerProtocolService.java:onCompleted(140)) - omNode-2: Completed INSTALL_SNAPSHOT, lastRequest: omNode-1->omNode-2#0-t6,notify:(t:6, i:59)
2022-10-04 13:26:31,182 [grpc-default-executor-2] INFO  server.GrpcLogAppender (GrpcLogAppender.java:onNext(403)) - omNode-1@group-523986131536->omNode-2-InstallSnapshotResponseHandler: received a reply omNode-1<-omNode-2#0:FAIL-t6,IN_PROGRESS
2022-10-04 13:26:31,182 [grpc-default-executor-2] INFO  server.GrpcLogAppender (GrpcLogAppender.java:onNext(421)) - omNode-1@group-523986131536->omNode-2-InstallSnapshotResponseHandler: InstallSnapshot in progress.
2022-10-04 13:26:31,182 [omNode-1@group-523986131536->omNode-2-GrpcLogAppender-LogAppenderDaemon] INFO  server.GrpcLogAppender (GrpcLogAppender.java:installSnapshot(541)) - omNode-1@group-523986131536->omNode-2-GrpcLogAppender: followerNextIndex = 57 but logStartIndex = 59, notify follower to install snapshot-(t:6, i:59)
2022-10-04 13:26:31,182 [omNode-1@group-523986131536->omNode-2-GrpcLogAppender-LogAppenderDaemon] INFO  server.GrpcLogAppender (GrpcLogAppender.java:installSnapshot(549)) - omNode-1@group-523986131536->omNode-2-GrpcLogAppender: send omNode-1->omNode-2#0-t6,notify:(t:6, i:59)
2022-10-04 13:26:31,183 [omNode-2-server-thread1] INFO  server.RaftServer$Division (RaftServerImpl.java:checkInconsistentAppendEntries(1402)) - omNode-2@group-523986131536: Failed appendEntries as snapshot (59) installation is in progress
2022-10-04 13:26:31,183 [omNode-2-server-thread1] INFO  server.RaftServer$Division (RaftServerImpl.java:checkInconsistentAppendEntries(1394)) - omNode-2@group-523986131536: inconsistency entries. Reply:omNode-1<-omNode-2#763:FAIL-t6,INCONSISTENCY,nextIndex=57,followerCommit=56
2022-10-04 13:26:31,183 [grpc-default-executor-2] INFO  impl.SnapshotInstallationHandler (SnapshotInstallationHandler.java:installSnapshot(84)) - omNode-2@group-523986131536: receive installSnapshot: omNode-1->omNode-2#0-t6,notify:(t:6, i:59)
2022-10-04 13:26:31,183 [grpc-default-executor-2] INFO  impl.SnapshotInstallationHandler (SnapshotInstallationHandler.java:installSnapshot(95)) - omNode-2@group-523986131536: reply installSnapshot: omNode-1<-omNode-2#0:FAIL-t6,IN_PROGRESS
2022-10-04 13:26:31,184 [grpc-default-executor-1] INFO  leader.FollowerInfo (FollowerInfoImpl.java:lambda$new$0(48)) - omNode-1@group-523986131536->omNode-2: nextIndex: updateUnconditionally 57 -> 57
2022-10-04 13:26:31,184 [grpc-default-executor-2] INFO  server.GrpcServerProtocolService (GrpcServerProtocolService.java:onCompleted(140)) - omNode-2: Completed INSTALL_SNAPSHOT, lastRequest: omNode-1->omNode-2#0-t6,notify:(t:6, i:59)
2022-10-04 13:26:31,184 [grpc-default-executor-2] INFO  server.GrpcLogAppender (GrpcLogAppender.java:onNext(403)) - omNode-1@group-523986131536->omNode-2-InstallSnapshotResponseHandler: received a reply omNode-1<-omNode-2#0:FAIL-t6,IN_PROGRESS
2022-10-04 13:26:31,184 [grpc-default-executor-2] INFO  server.GrpcLogAppender (GrpcLogAppender.java:onNext(421)) - omNode-1@group-523986131536->omNode-2-InstallSnapshotResponseHandler: InstallSnapshot in progress.
2022-10-04 13:26:31,184 [omNode-1@group-523986131536->omNode-2-GrpcLogAppender-LogAppenderDaemon] INFO  server.GrpcLogAppender (GrpcLogAppender.java:installSnapshot(541)) - omNode-1@group-523986131536->omNode-2-GrpcLogAppender: followerNextIndex = 57 but logStartIndex = 59, notify follower to install snapshot-(t:6, i:59)
2022-10-04 13:26:31,184 [omNode-1@group-523986131536->omNode-2-GrpcLogAppender-LogAppenderDaemon] INFO  server.GrpcLogAppender (GrpcLogAppender.java:installSnapshot(549)) - omNode-1@group-523986131536->omNode-2-GrpcLogAppender: send omNode-1->omNode-2#0-t6,notify:(t:6, i:59)
2022-10-04 13:26:31,185 [omNode-2-server-thread1] INFO  server.RaftServer$Division (RaftServerImpl.java:checkInconsistentAppendEntries(1402)) - omNode-2@group-523986131536: Failed appendEntries as snapshot (59) installation is in progress
2022-10-04 13:26:31,185 [omNode-2-server-thread1] INFO  server.RaftServer$Division (RaftServerImpl.java:checkInconsistentAppendEntries(1394)) - omNode-2@group-523986131536: inconsistency entries. Reply:omNode-1<-omNode-2#764:FAIL-t6,INCONSISTENCY,nextIndex=57,followerCommit=56
2022-10-04 13:26:31,185 [grpc-default-executor-1] INFO  impl.SnapshotInstallationHandler (SnapshotInstallationHandler.java:installSnapshot(84)) - omNode-2@group-523986131536: receive installSnapshot: omNode-1->omNode-2#0-t6,notify:(t:6, i:59)
2022-10-04 13:26:31,186 [grpc-default-executor-1] INFO  impl.SnapshotInstallationHandler (SnapshotInstallationHandler.java:installSnapshot(95)) - omNode-2@group-523986131536: reply installSnapshot: omNode-1<-omNode-2#0:FAIL-t6,IN_PROGRESS
2022-10-04 13:26:31,186 [grpc-default-executor-1] INFO  server.GrpcServerProtocolService (GrpcServerProtocolService.java:onCompleted(140)) - omNode-2: Completed INSTALL_SNAPSHOT, lastRequest: omNode-1->omNode-2#0-t6,notify:(t:6, i:59)
2022-10-04 13:26:31,186 [grpc-default-executor-3] INFO  server.GrpcLogAppender (GrpcLogAppender.java:onNext(403)) - omNode-1@group-523986131536->omNode-2-InstallSnapshotResponseHandler: received a reply omNode-1<-omNode-2#0:FAIL-t6,IN_PROGRESS
2022-10-04 13:26:31,186 [grpc-default-executor-3] INFO  server.GrpcLogAppender (GrpcLogAppender.java:onNext(421)) - omNode-1@group-523986131536->omNode-2-InstallSnapshotResponseHandler: InstallSnapshot in progress.
2022-10-04 13:26:31,186 [grpc-default-executor-1] INFO  leader.FollowerInfo (FollowerInfoImpl.java:lambda$new$0(48)) - omNode-1@group-523986131536->omNode-2: nextIndex: updateUnconditionally 57 -> 57
2022-10-04 13:26:31,187 [omNode-1@group-523986131536->omNode-2-GrpcLogAppender-LogAppenderDaemon] INFO  server.GrpcLogAppender (GrpcLogAppender.java:installSnapshot(541)) - omNode-1@group-523986131536->omNode-2-GrpcLogAppender: followerNextIndex = 57 but logStartIndex = 59, notify follower to install snapshot-(t:6, i:59)
2022-10-04 13:26:31,187 [omNode-1@group-523986131536->omNode-2-GrpcLogAppender-LogAppenderDaemon] INFO  server.GrpcLogAppender (GrpcLogAppender.java:installSnapshot(549)) - omNode-1@group-523986131536->omNode-2-GrpcLogAppender: send omNode-1->omNode-2#0-t6,notify:(t:6, i:59)
2022-10-04 13:26:31,196 [omNode-2-server-thread1] INFO  server.RaftServer$Division (RaftServerImpl.java:checkInconsistentAppendEntries(1402)) - omNode-2@group-523986131536: Failed appendEntries as snapshot (59) installation is in progress
2022-10-04 13:26:31,196 [omNode-2-server-thread1] INFO  server.RaftServer$Division (RaftServerImpl.java:checkInconsistentAppendEntries(1394)) - omNode-2@group-523986131536: inconsistency entries. Reply:omNode-1<-omNode-2#765:FAIL-t6,INCONSISTENCY,nextIndex=57,followerCommit=56
2022-10-04 13:26:31,196 [grpc-default-executor-2] INFO  impl.SnapshotInstallationHandler (SnapshotInstallationHandler.java:installSnapshot(84)) - omNode-2@group-523986131536: receive installSnapshot: omNode-1->omNode-2#0-t6,notify:(t:6, i:59)
2022-10-04 13:26:31,196 [grpc-default-executor-2] INFO  impl.SnapshotInstallationHandler (SnapshotInstallationHandler.java:installSnapshot(95)) - omNode-2@group-523986131536: reply installSnapshot: omNode-1<-omNode-2#0:FAIL-t6,IN_PROGRESS
2022-10-04 13:26:31,196 [grpc-default-executor-2] INFO  server.GrpcServerProtocolService (GrpcServerProtocolService.java:onCompleted(140)) - omNode-2: Completed INSTALL_SNAPSHOT, lastRequest: omNode-1->omNode-2#0-t6,notify:(t:6, i:59)
2022-10-04 13:26:31,196 [grpc-default-executor-1] INFO  leader.FollowerInfo (FollowerInfoImpl.java:lambda$new$0(48)) - omNode-1@group-523986131536->omNode-2: nextIndex: updateUnconditionally 57 -> 57
2022-10-04 13:26:31,197 [grpc-default-executor-1] INFO  server.GrpcLogAppender (GrpcLogAppender.java:onNext(403)) - omNode-1@group-523986131536->omNode-2-InstallSnapshotResponseHandler: received a reply omNode-1<-omNode-2#0:FAIL-t6,IN_PROGRESS
2022-10-04 13:26:31,197 [grpc-default-executor-1] INFO  server.GrpcLogAppender (GrpcLogAppender.java:onNext(421)) - omNode-1@group-523986131536->omNode-2-InstallSnapshotResponseHandler: InstallSnapshot in progress.
2022-10-04 13:26:31,197 [omNode-1@group-523986131536->omNode-2-GrpcLogAppender-LogAppenderDaemon] INFO  server.GrpcLogAppender (GrpcLogAppender.java:installSnapshot(541)) - omNode-1@group-523986131536->omNode-2-GrpcLogAppender: followerNextIndex = 57 but logStartIndex = 59, notify follower to install snapshot-(t:6, i:59)
2022-10-04 13:26:31,197 [omNode-1@group-523986131536->omNode-2-GrpcLogAppender-LogAppenderDaemon] INFO  server.GrpcLogAppender (GrpcLogAppender.java:installSnapshot(549)) - omNode-1@group-523986131536->omNode-2-GrpcLogAppender: send omNode-1->omNode-2#0-t6,notify:(t:6, i:59)
2022-10-04 13:26:31,198 [omNode-2-server-thread1] INFO  server.RaftServer$Division (RaftServerImpl.java:checkInconsistentAppendEntries(1402)) - omNode-2@group-523986131536: Failed appendEntries as snapshot (59) installation is in progress
2022-10-04 13:26:31,198 [omNode-2-server-thread1] INFO  server.RaftServer$Division (RaftServerImpl.java:checkInconsistentAppendEntries(1394)) - omNode-2@group-523986131536: inconsistency entries. Reply:omNode-1<-omNode-2#766:FAIL-t6,INCONSISTENCY,nextIndex=57,followerCommit=56
2022-10-04 13:26:31,199 [grpc-default-executor-2] INFO  impl.SnapshotInstallationHandler (SnapshotInstallationHandler.java:installSnapshot(84)) - omNode-2@group-523986131536: receive installSnapshot: omNode-1->omNode-2#0-t6,notify:(t:6, i:59)
2022-10-04 13:26:31,199 [grpc-default-executor-3] INFO  leader.FollowerInfo (FollowerInfoImpl.java:lambda$new$0(48)) - omNode-1@group-523986131536->omNode-2: nextIndex: updateUnconditionally 57 -> 57
2022-10-04 13:26:31,199 [grpc-default-executor-2] INFO  impl.SnapshotInstallationHandler (SnapshotInstallationHandler.java:installSnapshot(95)) - omNode-2@group-523986131536: reply installSnapshot: omNode-1<-omNode-2#0:FAIL-t6,IN_PROGRESS
2022-10-04 13:26:31,199 [grpc-default-executor-2] INFO  server.GrpcServerProtocolService (GrpcServerProtocolService.java:onCompleted(140)) - omNode-2: Completed INSTALL_SNAPSHOT, lastRequest: omNode-1->omNode-2#0-t6,notify:(t:6, i:59)
2022-10-04 13:26:31,200 [grpc-default-executor-2] INFO  server.GrpcLogAppender (GrpcLogAppender.java:onNext(403)) - omNode-1@group-523986131536->omNode-2-InstallSnapshotResponseHandler: received a reply omNode-1<-omNode-2#0:FAIL-t6,IN_PROGRESS
2022-10-04 13:26:31,200 [grpc-default-executor-2] INFO  server.GrpcLogAppender (GrpcLogAppender.java:onNext(421)) - omNode-1@group-523986131536->omNode-2-InstallSnapshotResponseHandler: InstallSnapshot in progress.
2022-10-04 13:26:31,200 [omNode-1@group-523986131536->omNode-2-GrpcLogAppender-LogAppenderDaemon] INFO  server.GrpcLogAppender (GrpcLogAppender.java:installSnapshot(541)) - omNode-1@group-523986131536->omNode-2-GrpcLogAppender: followerNextIndex = 57 but logStartIndex = 59, notify follower to install snapshot-(t:6, i:59)
2022-10-04 13:26:31,200 [omNode-1@group-523986131536->omNode-2-GrpcLogAppender-LogAppenderDaemon] INFO  server.GrpcLogAppender (GrpcLogAppender.java:installSnapshot(549)) - omNode-1@group-523986131536->omNode-2-GrpcLogAppender: send omNode-1->omNode-2#0-t6,notify:(t:6, i:59)
2022-10-04 13:26:31,200 [omNode-2-server-thread1] INFO  server.RaftServer$Division (RaftServerImpl.java:checkInconsistentAppendEntries(1402)) - omNode-2@group-523986131536: Failed appendEntries as snapshot (59) installation is in progress
2022-10-04 13:26:31,200 [omNode-2-server-thread1] INFO  server.RaftServer$Division (RaftServerImpl.java:checkInconsistentAppendEntries(1394)) - omNode-2@group-523986131536: inconsistency entries. Reply:omNode-1<-omNode-2#767:FAIL-t6,INCONSISTENCY,nextIndex=57,followerCommit=56
2022-10-04 13:26:31,201 [grpc-default-executor-3] INFO  leader.FollowerInfo (FollowerInfoImpl.java:lambda$new$0(48)) - omNode-1@group-523986131536->omNode-2: nextIndex: updateUnconditionally 57 -> 57
2022-10-04 13:26:31,201 [grpc-default-executor-2] INFO  impl.SnapshotInstallationHandler (SnapshotInstallationHandler.java:installSnapshot(84)) - omNode-2@group-523986131536: receive installSnapshot: omNode-1->omNode-2#0-t6,notify:(t:6, i:59)
2022-10-04 13:26:31,201 [grpc-default-executor-2] INFO  impl.SnapshotInstallationHandler (SnapshotInstallationHandler.java:installSnapshot(95)) - omNode-2@group-523986131536: reply installSnapshot: omNode-1<-omNode-2#0:FAIL-t6,IN_PROGRESS
2022-10-04 13:26:31,201 [grpc-default-executor-2] INFO  server.GrpcServerProtocolService (GrpcServerProtocolService.java:onCompleted(140)) - omNode-2: Completed INSTALL_SNAPSHOT, lastRequest: omNode-1->omNode-2#0-t6,notify:(t:6, i:59)
2022-10-04 13:26:31,202 [grpc-default-executor-2] INFO  server.GrpcLogAppender (GrpcLogAppender.java:onNext(403)) - omNode-1@group-523986131536->omNode-2-InstallSnapshotResponseHandler: received a reply omNode-1<-omNode-2#0:FAIL-t6,IN_PROGRESS
2022-10-04 13:26:31,202 [grpc-default-executor-2] INFO  server.GrpcLogAppender (GrpcLogAppender.java:onNext(421)) - omNode-1@group-523986131536->omNode-2-InstallSnapshotResponseHandler: InstallSnapshot in progress.
2022-10-04 13:26:31,202 [omNode-1@group-523986131536->omNode-2-GrpcLogAppender-LogAppenderDaemon] INFO  server.GrpcLogAppender (GrpcLogAppender.java:installSnapshot(541)) - omNode-1@group-523986131536->omNode-2-GrpcLogAppender: followerNextIndex = 57 but logStartIndex = 59, notify follower to install snapshot-(t:6, i:59)
2022-10-04 13:26:31,202 [omNode-1@group-523986131536->omNode-2-GrpcLogAppender-LogAppenderDaemon] INFO  server.GrpcLogAppender (GrpcLogAppender.java:installSnapshot(549)) - omNode-1@group-523986131536->omNode-2-GrpcLogAppender: send omNode-1->omNode-2#0-t6,notify:(t:6, i:59)
2022-10-04 13:26:31,204 [omNode-2-server-thread1] INFO  server.RaftServer$Division (RaftServerImpl.java:checkInconsistentAppendEntries(1402)) - omNode-2@group-523986131536: Failed appendEntries as snapshot (59) installation is in progress
2022-10-04 13:26:31,204 [omNode-2-server-thread1] INFO  server.RaftServer$Division (RaftServerImpl.java:checkInconsistentAppendEntries(1394)) - omNode-2@group-523986131536: inconsistency entries. Reply:omNode-1<-omNode-2#768:FAIL-t6,INCONSISTENCY,nextIndex=57,followerCommit=56
2022-10-04 13:26:31,204 [grpc-default-executor-3] INFO  leader.FollowerInfo (FollowerInfoImpl.java:lambda$new$0(48)) - omNode-1@group-523986131536->omNode-2: nextIndex: updateUnconditionally 57 -> 57
2022-10-04 13:26:31,204 [grpc-default-executor-2] INFO  impl.SnapshotInstallationHandler (SnapshotInstallationHandler.java:installSnapshot(84)) - omNode-2@group-523986131536: receive installSnapshot: omNode-1->omNode-2#0-t6,notify:(t:6, i:59)
2022-10-04 13:26:31,204 [grpc-default-executor-2] INFO  impl.SnapshotInstallationHandler (SnapshotInstallationHandler.java:installSnapshot(95)) - omNode-2@group-523986131536: reply installSnapshot: omNode-1<-omNode-2#0:FAIL-t6,IN_PROGRESS
2022-10-04 13:26:31,205 [grpc-default-executor-2] INFO  server.GrpcServerProtocolService (GrpcServerProtocolService.java:onCompleted(140)) - omNode-2: Completed INSTALL_SNAPSHOT, lastRequest: omNode-1->omNode-2#0-t6,notify:(t:6, i:59)
2022-10-04 13:26:31,205 [grpc-default-executor-2] INFO  server.GrpcLogAppender (GrpcLogAppender.java:onNext(403)) - omNode-1@group-523986131536->omNode-2-InstallSnapshotResponseHandler: received a reply omNode-1<-omNode-2#0:FAIL-t6,IN_PROGRESS
2022-10-04 13:26:31,205 [grpc-default-executor-2] INFO  server.GrpcLogAppender (GrpcLogAppender.java:onNext(421)) - omNode-1@group-523986131536->omNode-2-InstallSnapshotResponseHandler: InstallSnapshot in progress.
2022-10-04 13:26:31,205 [omNode-1@group-523986131536->omNode-2-GrpcLogAppender-LogAppenderDaemon] INFO  server.GrpcLogAppender (GrpcLogAppender.java:installSnapshot(541)) - omNode-1@group-523986131536->omNode-2-GrpcLogAppender: followerNextIndex = 57 but logStartIndex = 59, notify follower to install snapshot-(t:6, i:59)
2022-10-04 13:26:31,205 [omNode-1@group-523986131536->omNode-2-GrpcLogAppender-LogAppenderDaemon] INFO  server.GrpcLogAppender (GrpcLogAppender.java:installSnapshot(549)) - omNode-1@group-523986131536->omNode-2-GrpcLogAppender: send omNode-1->omNode-2#0-t6,notify:(t:6, i:59)
2022-10-04 13:26:31,209 [omNode-2-server-thread1] INFO  server.RaftServer$Division (RaftServerImpl.java:checkInconsistentAppendEntries(1402)) - omNode-2@group-523986131536: Failed appendEntries as snapshot (59) installation is in progress
2022-10-04 13:26:31,210 [omNode-2-server-thread1] INFO  server.RaftServer$Division (RaftServerImpl.java:checkInconsistentAppendEntries(1394)) - omNode-2@group-523986131536: inconsistency entries. Reply:omNode-1<-omNode-2#769:FAIL-t6,INCONSISTENCY,nextIndex=57,followerCommit=56
2022-10-04 13:26:31,210 [grpc-default-executor-3] INFO  leader.FollowerInfo (FollowerInfoImpl.java:lambda$new$0(48)) - omNode-1@group-523986131536->omNode-2: nextIndex: updateUnconditionally 57 -> 57
2022-10-04 13:26:31,210 [grpc-default-executor-2] INFO  impl.SnapshotInstallationHandler (SnapshotInstallationHandler.java:installSnapshot(84)) - omNode-2@group-523986131536: receive installSnapshot: omNode-1->omNode-2#0-t6,notify:(t:6, i:59)
2022-10-04 13:26:31,210 [grpc-default-executor-2] INFO  impl.SnapshotInstallationHandler (SnapshotInstallationHandler.java:installSnapshot(95)) - omNode-2@group-523986131536: reply installSnapshot: omNode-1<-omNode-2#0:FAIL-t6,IN_PROGRESS
2022-10-04 13:26:31,210 [grpc-default-executor-2] INFO  server.GrpcServerProtocolService (GrpcServerProtocolService.java:onCompleted(140)) - omNode-2: Completed INSTALL_SNAPSHOT, lastRequest: omNode-1->omNode-2#0-t6,notify:(t:6, i:59)
2022-10-04 13:26:31,211 [grpc-default-executor-2] INFO  server.GrpcLogAppender (GrpcLogAppender.java:onNext(403)) - omNode-1@group-523986131536->omNode-2-InstallSnapshotResponseHandler: received a reply omNode-1<-omNode-2#0:FAIL-t6,IN_PROGRESS
2022-10-04 13:26:31,211 [grpc-default-executor-2] INFO  server.GrpcLogAppender (GrpcLogAppender.java:onNext(421)) - omNode-1@group-523986131536->omNode-2-InstallSnapshotResponseHandler: InstallSnapshot in progress.
2022-10-04 13:26:31,211 [omNode-1@group-523986131536->omNode-2-GrpcLogAppender-LogAppenderDaemon] INFO  server.GrpcLogAppender (GrpcLogAppender.java:installSnapshot(541)) - omNode-1@group-523986131536->omNode-2-GrpcLogAppender: followerNextIndex = 57 but logStartIndex = 59, notify follower to install snapshot-(t:6, i:59)
2022-10-04 13:26:31,211 [omNode-1@group-523986131536->omNode-2-GrpcLogAppender-LogAppenderDaemon] INFO  server.GrpcLogAppender (GrpcLogAppender.java:installSnapshot(549)) - omNode-1@group-523986131536->omNode-2-GrpcLogAppender: send omNode-1->omNode-2#0-t6,notify:(t:6, i:59)
2022-10-04 13:26:31,224 [omNode-2-server-thread1] INFO  server.RaftServer$Division (RaftServerImpl.java:checkInconsistentAppendEntries(1402)) - omNode-2@group-523986131536: Failed appendEntries as snapshot (59) installation is in progress
2022-10-04 13:26:31,224 [omNode-2-server-thread1] INFO  server.RaftServer$Division (RaftServerImpl.java:checkInconsistentAppendEntries(1394)) - omNode-2@group-523986131536: inconsistency entries. Reply:omNode-1<-omNode-2#770:FAIL-t6,INCONSISTENCY,nextIndex=57,followerCommit=56
2022-10-04 13:26:31,224 [grpc-default-executor-3] INFO  leader.FollowerInfo (FollowerInfoImpl.java:lambda$new$0(48)) - omNode-1@group-523986131536->omNode-2: nextIndex: updateUnconditionally 57 -> 57
2022-10-04 13:26:31,224 [grpc-default-executor-2] INFO  impl.SnapshotInstallationHandler (SnapshotInstallationHandler.java:installSnapshot(84)) - omNode-2@group-523986131536: receive installSnapshot: omNode-1->omNode-2#0-t6,notify:(t:6, i:59)
2022-10-04 13:26:31,225 [grpc-default-executor-2] INFO  impl.SnapshotInstallationHandler (SnapshotInstallationHandler.java:installSnapshot(95)) - omNode-2@group-523986131536: reply installSnapshot: omNode-1<-omNode-2#0:FAIL-t6,IN_PROGRESS
2022-10-04 13:26:31,225 [grpc-default-executor-2] INFO  server.GrpcServerProtocolService (GrpcServerProtocolService.java:onCompleted(140)) - omNode-2: Completed INSTALL_SNAPSHOT, lastRequest: omNode-1->omNode-2#0-t6,notify:(t:6, i:59)
2022-10-04 13:26:31,225 [grpc-default-executor-2] INFO  server.GrpcLogAppender (GrpcLogAppender.java:onNext(403)) - omNode-1@group-523986131536->omNode-2-InstallSnapshotResponseHandler: received a reply omNode-1<-omNode-2#0:FAIL-t6,IN_PROGRESS
2022-10-04 13:26:31,225 [grpc-default-executor-2] INFO  server.GrpcLogAppender (GrpcLogAppender.java:onNext(421)) - omNode-1@group-523986131536->omNode-2-InstallSnapshotResponseHandler: InstallSnapshot in progress.
2022-10-04 13:26:31,225 [omNode-1@group-523986131536->omNode-2-GrpcLogAppender-LogAppenderDaemon] INFO  server.GrpcLogAppender (GrpcLogAppender.java:installSnapshot(541)) - omNode-1@group-523986131536->omNode-2-GrpcLogAppender: followerNextIndex = 57 but logStartIndex = 59, notify follower to install snapshot-(t:6, i:59)
2022-10-04 13:26:31,226 [omNode-1@group-523986131536->omNode-2-GrpcLogAppender-LogAppenderDaemon] INFO  server.GrpcLogAppender (GrpcLogAppender.java:installSnapshot(549)) - omNode-1@group-523986131536->omNode-2-GrpcLogAppender: send omNode-1->omNode-2#0-t6,notify:(t:6, i:59)
2022-10-04 13:26:31,226 [omNode-2-server-thread1] INFO  server.RaftServer$Division (RaftServerImpl.java:checkInconsistentAppendEntries(1402)) - omNode-2@group-523986131536: Failed appendEntries as snapshot (59) installation is in progress
2022-10-04 13:26:31,226 [omNode-2-server-thread1] INFO  server.RaftServer$Division (RaftServerImpl.java:checkInconsistentAppendEntries(1394)) - omNode-2@group-523986131536: inconsistency entries. Reply:omNode-1<-omNode-2#771:FAIL-t6,INCONSISTENCY,nextIndex=57,followerCommit=56
2022-10-04 13:26:31,227 [grpc-default-executor-1] INFO  impl.SnapshotInstallationHandler (SnapshotInstallationHandler.java:installSnapshot(84)) - omNode-2@group-523986131536: receive installSnapshot: omNode-1->omNode-2#0-t6,notify:(t:6, i:59)
2022-10-04 13:26:31,227 [grpc-default-executor-1] INFO  impl.SnapshotInstallationHandler (SnapshotInstallationHandler.java:installSnapshot(95)) - omNode-2@group-523986131536: reply installSnapshot: omNode-1<-omNode-2#0:FAIL-t6,IN_PROGRESS
2022-10-04 13:26:31,227 [grpc-default-executor-1] INFO  server.GrpcServerProtocolService (GrpcServerProtocolService.java:onCompleted(140)) - omNode-2: Completed INSTALL_SNAPSHOT, lastRequest: omNode-1->omNode-2#0-t6,notify:(t:6, i:59)
2022-10-04 13:26:31,228 [grpc-default-executor-2] INFO  server.GrpcLogAppender (GrpcLogAppender.java:onNext(403)) - omNode-1@group-523986131536->omNode-2-InstallSnapshotResponseHandler: received a reply omNode-1<-omNode-2#0:FAIL-t6,IN_PROGRESS
2022-10-04 13:26:31,228 [grpc-default-executor-2] INFO  server.GrpcLogAppender (GrpcLogAppender.java:onNext(421)) - omNode-1@group-523986131536->omNode-2-InstallSnapshotResponseHandler: InstallSnapshot in progress.
2022-10-04 13:26:31,228 [grpc-default-executor-1] INFO  leader.FollowerInfo (FollowerInfoImpl.java:lambda$new$0(48)) - omNode-1@group-523986131536->omNode-2: nextIndex: updateUnconditionally 57 -> 57
2022-10-04 13:26:31,228 [omNode-1@group-523986131536->omNode-2-GrpcLogAppender-LogAppenderDaemon] INFO  server.GrpcLogAppender (GrpcLogAppender.java:installSnapshot(541)) - omNode-1@group-523986131536->omNode-2-GrpcLogAppender: followerNextIndex = 57 but logStartIndex = 59, notify follower to install snapshot-(t:6, i:59)
2022-10-04 13:26:31,228 [omNode-1@group-523986131536->omNode-2-GrpcLogAppender-LogAppenderDaemon] INFO  server.GrpcLogAppender (GrpcLogAppender.java:installSnapshot(549)) - omNode-1@group-523986131536->omNode-2-GrpcLogAppender: send omNode-1->omNode-2#0-t6,notify:(t:6, i:59)
2022-10-04 13:26:31,228 [omNode-2-server-thread1] INFO  server.RaftServer$Division (RaftServerImpl.java:checkInconsistentAppendEntries(1402)) - omNode-2@group-523986131536: Failed appendEntries as snapshot (59) installation is in progress
2022-10-04 13:26:31,228 [omNode-2-server-thread1] INFO  server.RaftServer$Division (RaftServerImpl.java:checkInconsistentAppendEntries(1394)) - omNode-2@group-523986131536: inconsistency entries. Reply:omNode-1<-omNode-2#772:FAIL-t6,INCONSISTENCY,nextIndex=57,followerCommit=56
2022-10-04 13:26:31,229 [grpc-default-executor-2] INFO  impl.SnapshotInstallationHandler (SnapshotInstallationHandler.java:installSnapshot(84)) - omNode-2@group-523986131536: receive installSnapshot: omNode-1->omNode-2#0-t6,notify:(t:6, i:59)
2022-10-04 13:26:31,229 [grpc-default-executor-2] INFO  impl.SnapshotInstallationHandler (SnapshotInstallationHandler.java:installSnapshot(95)) - omNode-2@group-523986131536: reply installSnapshot: omNode-1<-omNode-2#0:FAIL-t6,IN_PROGRESS
2022-10-04 13:26:31,229 [grpc-default-executor-1] INFO  leader.FollowerInfo (FollowerInfoImpl.java:lambda$new$0(48)) - omNode-1@group-523986131536->omNode-2: nextIndex: updateUnconditionally 57 -> 57
2022-10-04 13:26:31,229 [grpc-default-executor-2] INFO  server.GrpcServerProtocolService (GrpcServerProtocolService.java:onCompleted(140)) - omNode-2: Completed INSTALL_SNAPSHOT, lastRequest: omNode-1->omNode-2#0-t6,notify:(t:6, i:59)
2022-10-04 13:26:31,230 [grpc-default-executor-2] INFO  server.GrpcLogAppender (GrpcLogAppender.java:onNext(403)) - omNode-1@group-523986131536->omNode-2-InstallSnapshotResponseHandler: received a reply omNode-1<-omNode-2#0:FAIL-t6,IN_PROGRESS
2022-10-04 13:26:31,230 [grpc-default-executor-2] INFO  server.GrpcLogAppender (GrpcLogAppender.java:onNext(421)) - omNode-1@group-523986131536->omNode-2-InstallSnapshotResponseHandler: InstallSnapshot in progress.
2022-10-04 13:26:31,230 [omNode-1@group-523986131536->omNode-2-GrpcLogAppender-LogAppenderDaemon] INFO  server.GrpcLogAppender (GrpcLogAppender.java:installSnapshot(541)) - omNode-1@group-523986131536->omNode-2-GrpcLogAppender: followerNextIndex = 57 but logStartIndex = 59, notify follower to install snapshot-(t:6, i:59)
2022-10-04 13:26:31,230 [omNode-1@group-523986131536->omNode-2-GrpcLogAppender-LogAppenderDaemon] INFO  server.GrpcLogAppender (GrpcLogAppender.java:installSnapshot(549)) - omNode-1@group-523986131536->omNode-2-GrpcLogAppender: send omNode-1->omNode-2#0-t6,notify:(t:6, i:59)
2022-10-04 13:26:31,230 [omNode-2-server-thread1] INFO  server.RaftServer$Division (RaftServerImpl.java:checkInconsistentAppendEntries(1402)) - omNode-2@group-523986131536: Failed appendEntries as snapshot (59) installation is in progress
2022-10-04 13:26:31,230 [omNode-2-server-thread1] INFO  server.RaftServer$Division (RaftServerImpl.java:checkInconsistentAppendEntries(1394)) - omNode-2@group-523986131536: inconsistency entries. Reply:omNode-1<-omNode-2#773:FAIL-t6,INCONSISTENCY,nextIndex=57,followerCommit=56
2022-10-04 13:26:31,231 [grpc-default-executor-1] INFO  impl.SnapshotInstallationHandler (SnapshotInstallationHandler.java:installSnapshot(84)) - omNode-2@group-523986131536: receive installSnapshot: omNode-1->omNode-2#0-t6,notify:(t:6, i:59)
2022-10-04 13:26:31,231 [grpc-default-executor-1] INFO  impl.SnapshotInstallationHandler (SnapshotInstallationHandler.java:installSnapshot(95)) - omNode-2@group-523986131536: reply installSnapshot: omNode-1<-omNode-2#0:FAIL-t6,IN_PROGRESS
2022-10-04 13:26:31,231 [grpc-default-executor-1] INFO  server.GrpcServerProtocolService (GrpcServerProtocolService.java:onCompleted(140)) - omNode-2: Completed INSTALL_SNAPSHOT, lastRequest: omNode-1->omNode-2#0-t6,notify:(t:6, i:59)
2022-10-04 13:26:31,232 [grpc-default-executor-2] INFO  leader.FollowerInfo (FollowerInfoImpl.java:lambda$new$0(48)) - omNode-1@group-523986131536->omNode-2: nextIndex: updateUnconditionally 57 -> 57
2022-10-04 13:26:31,232 [grpc-default-executor-3] INFO  server.GrpcLogAppender (GrpcLogAppender.java:onNext(403)) - omNode-1@group-523986131536->omNode-2-InstallSnapshotResponseHandler: received a reply omNode-1<-omNode-2#0:FAIL-t6,IN_PROGRESS
2022-10-04 13:26:31,232 [grpc-default-executor-3] INFO  server.GrpcLogAppender (GrpcLogAppender.java:onNext(421)) - omNode-1@group-523986131536->omNode-2-InstallSnapshotResponseHandler: InstallSnapshot in progress.
2022-10-04 13:26:31,232 [omNode-1@group-523986131536->omNode-2-GrpcLogAppender-LogAppenderDaemon] INFO  server.GrpcLogAppender (GrpcLogAppender.java:installSnapshot(541)) - omNode-1@group-523986131536->omNode-2-GrpcLogAppender: followerNextIndex = 57 but logStartIndex = 59, notify follower to install snapshot-(t:6, i:59)
2022-10-04 13:26:31,232 [omNode-1@group-523986131536->omNode-2-GrpcLogAppender-LogAppenderDaemon] INFO  server.GrpcLogAppender (GrpcLogAppender.java:installSnapshot(549)) - omNode-1@group-523986131536->omNode-2-GrpcLogAppender: send omNode-1->omNode-2#0-t6,notify:(t:6, i:59)
2022-10-04 13:26:31,233 [omNode-2-server-thread1] INFO  server.RaftServer$Division (RaftServerImpl.java:checkInconsistentAppendEntries(1402)) - omNode-2@group-523986131536: Failed appendEntries as snapshot (59) installation is in progress
2022-10-04 13:26:31,233 [omNode-2-server-thread1] INFO  server.RaftServer$Division (RaftServerImpl.java:checkInconsistentAppendEntries(1394)) - omNode-2@group-523986131536: inconsistency entries. Reply:omNode-1<-omNode-2#774:FAIL-t6,INCONSISTENCY,nextIndex=57,followerCommit=56
2022-10-04 13:26:31,233 [grpc-default-executor-3] INFO  leader.FollowerInfo (FollowerInfoImpl.java:lambda$new$0(48)) - omNode-1@group-523986131536->omNode-2: nextIndex: updateUnconditionally 57 -> 57
2022-10-04 13:26:31,233 [grpc-default-executor-2] INFO  impl.SnapshotInstallationHandler (SnapshotInstallationHandler.java:installSnapshot(84)) - omNode-2@group-523986131536: receive installSnapshot: omNode-1->omNode-2#0-t6,notify:(t:6, i:59)
2022-10-04 13:26:31,233 [grpc-default-executor-2] INFO  impl.SnapshotInstallationHandler (SnapshotInstallationHandler.java:installSnapshot(95)) - omNode-2@group-523986131536: reply installSnapshot: omNode-1<-omNode-2#0:FAIL-t6,IN_PROGRESS
2022-10-04 13:26:31,234 [grpc-default-executor-2] INFO  server.GrpcServerProtocolService (GrpcServerProtocolService.java:onCompleted(140)) - omNode-2: Completed INSTALL_SNAPSHOT, lastRequest: omNode-1->omNode-2#0-t6,notify:(t:6, i:59)
2022-10-04 13:26:31,234 [grpc-default-executor-2] INFO  server.GrpcLogAppender (GrpcLogAppender.java:onNext(403)) - omNode-1@group-523986131536->omNode-2-InstallSnapshotResponseHandler: received a reply omNode-1<-omNode-2#0:FAIL-t6,IN_PROGRESS
2022-10-04 13:26:31,234 [grpc-default-executor-2] INFO  server.GrpcLogAppender (GrpcLogAppender.java:onNext(421)) - omNode-1@group-523986131536->omNode-2-InstallSnapshotResponseHandler: InstallSnapshot in progress.
2022-10-04 13:26:31,234 [omNode-1@group-523986131536->omNode-2-GrpcLogAppender-LogAppenderDaemon] INFO  server.GrpcLogAppender (GrpcLogAppender.java:installSnapshot(541)) - omNode-1@group-523986131536->omNode-2-GrpcLogAppender: followerNextIndex = 57 but logStartIndex = 59, notify follower to install snapshot-(t:6, i:59)
2022-10-04 13:26:31,234 [omNode-1@group-523986131536->omNode-2-GrpcLogAppender-LogAppenderDaemon] INFO  server.GrpcLogAppender (GrpcLogAppender.java:installSnapshot(549)) - omNode-1@group-523986131536->omNode-2-GrpcLogAppender: send omNode-1->omNode-2#0-t6,notify:(t:6, i:59)
2022-10-04 13:26:31,235 [omNode-2-server-thread1] INFO  server.RaftServer$Division (RaftServerImpl.java:checkInconsistentAppendEntries(1402)) - omNode-2@group-523986131536: Failed appendEntries as snapshot (59) installation is in progress
2022-10-04 13:26:31,235 [omNode-2-server-thread1] INFO  server.RaftServer$Division (RaftServerImpl.java:checkInconsistentAppendEntries(1394)) - omNode-2@group-523986131536: inconsistency entries. Reply:omNode-1<-omNode-2#775:FAIL-t6,INCONSISTENCY,nextIndex=57,followerCommit=56
2022-10-04 13:26:31,236 [grpc-default-executor-2] INFO  leader.FollowerInfo (FollowerInfoImpl.java:lambda$new$0(48)) - omNode-1@group-523986131536->omNode-2: nextIndex: updateUnconditionally 57 -> 57
2022-10-04 13:26:31,237 [grpc-default-executor-2] INFO  impl.SnapshotInstallationHandler (SnapshotInstallationHandler.java:installSnapshot(84)) - omNode-2@group-523986131536: receive installSnapshot: omNode-1->omNode-2#0-t6,notify:(t:6, i:59)
2022-10-04 13:26:31,237 [grpc-default-executor-2] INFO  impl.SnapshotInstallationHandler (SnapshotInstallationHandler.java:installSnapshot(95)) - omNode-2@group-523986131536: reply installSnapshot: omNode-1<-omNode-2#0:FAIL-t6,IN_PROGRESS
2022-10-04 13:26:31,237 [grpc-default-executor-2] INFO  server.GrpcServerProtocolService (GrpcServerProtocolService.java:onCompleted(140)) - omNode-2: Completed INSTALL_SNAPSHOT, lastRequest: omNode-1->omNode-2#0-t6,notify:(t:6, i:59)
2022-10-04 13:26:31,238 [grpc-default-executor-2] INFO  server.GrpcLogAppender (GrpcLogAppender.java:onNext(403)) - omNode-1@group-523986131536->omNode-2-InstallSnapshotResponseHandler: received a reply omNode-1<-omNode-2#0:FAIL-t6,IN_PROGRESS
2022-10-04 13:26:31,238 [grpc-default-executor-2] INFO  server.GrpcLogAppender (GrpcLogAppender.java:onNext(421)) - omNode-1@group-523986131536->omNode-2-InstallSnapshotResponseHandler: InstallSnapshot in progress.
2022-10-04 13:26:31,238 [omNode-1@group-523986131536->omNode-2-GrpcLogAppender-LogAppenderDaemon] INFO  server.GrpcLogAppender (GrpcLogAppender.java:installSnapshot(541)) - omNode-1@group-523986131536->omNode-2-GrpcLogAppender: followerNextIndex = 57 but logStartIndex = 59, notify follower to install snapshot-(t:6, i:59)
2022-10-04 13:26:31,238 [omNode-1@group-523986131536->omNode-2-GrpcLogAppender-LogAppenderDaemon] INFO  server.GrpcLogAppender (GrpcLogAppender.java:installSnapshot(549)) - omNode-1@group-523986131536->omNode-2-GrpcLogAppender: send omNode-1->omNode-2#0-t6,notify:(t:6, i:59)
2022-10-04 13:26:31,238 [omNode-2-server-thread1] INFO  server.RaftServer$Division (RaftServerImpl.java:checkInconsistentAppendEntries(1402)) - omNode-2@group-523986131536: Failed appendEntries as snapshot (59) installation is in progress
2022-10-04 13:26:31,238 [omNode-2-server-thread1] INFO  server.RaftServer$Division (RaftServerImpl.java:checkInconsistentAppendEntries(1394)) - omNode-2@group-523986131536: inconsistency entries. Reply:omNode-1<-omNode-2#776:FAIL-t6,INCONSISTENCY,nextIndex=57,followerCommit=56
2022-10-04 13:26:31,238 [grpc-default-executor-2] INFO  impl.SnapshotInstallationHandler (SnapshotInstallationHandler.java:installSnapshot(84)) - omNode-2@group-523986131536: receive installSnapshot: omNode-1->omNode-2#0-t6,notify:(t:6, i:59)
2022-10-04 13:26:31,239 [grpc-default-executor-2] INFO  impl.SnapshotInstallationHandler (SnapshotInstallationHandler.java:installSnapshot(95)) - omNode-2@group-523986131536: reply installSnapshot: omNode-1<-omNode-2#0:FAIL-t6,IN_PROGRESS
2022-10-04 13:26:31,239 [grpc-default-executor-2] INFO  server.GrpcServerProtocolService (GrpcServerProtocolService.java:onCompleted(140)) - omNode-2: Completed INSTALL_SNAPSHOT, lastRequest: omNode-1->omNode-2#0-t6,notify:(t:6, i:59)
2022-10-04 13:26:31,239 [grpc-default-executor-3] INFO  leader.FollowerInfo (FollowerInfoImpl.java:lambda$new$0(48)) - omNode-1@group-523986131536->omNode-2: nextIndex: updateUnconditionally 57 -> 57
2022-10-04 13:26:31,240 [grpc-default-executor-3] INFO  server.GrpcLogAppender (GrpcLogAppender.java:onNext(403)) - omNode-1@group-523986131536->omNode-2-InstallSnapshotResponseHandler: received a reply omNode-1<-omNode-2#0:FAIL-t6,IN_PROGRESS
2022-10-04 13:26:31,240 [grpc-default-executor-3] INFO  server.GrpcLogAppender (GrpcLogAppender.java:onNext(421)) - omNode-1@group-523986131536->omNode-2-InstallSnapshotResponseHandler: InstallSnapshot in progress.
2022-10-04 13:26:31,240 [omNode-1@group-523986131536->omNode-2-GrpcLogAppender-LogAppenderDaemon] INFO  server.GrpcLogAppender (GrpcLogAppender.java:installSnapshot(541)) - omNode-1@group-523986131536->omNode-2-GrpcLogAppender: followerNextIndex = 57 but logStartIndex = 59, notify follower to install snapshot-(t:6, i:59)
2022-10-04 13:26:31,240 [omNode-1@group-523986131536->omNode-2-GrpcLogAppender-LogAppenderDaemon] INFO  server.GrpcLogAppender (GrpcLogAppender.java:installSnapshot(549)) - omNode-1@group-523986131536->omNode-2-GrpcLogAppender: send omNode-1->omNode-2#0-t6,notify:(t:6, i:59)
2022-10-04 13:26:31,240 [omNode-2-server-thread1] INFO  server.RaftServer$Division (RaftServerImpl.java:checkInconsistentAppendEntries(1402)) - omNode-2@group-523986131536: Failed appendEntries as snapshot (59) installation is in progress
2022-10-04 13:26:31,240 [omNode-2-server-thread1] INFO  server.RaftServer$Division (RaftServerImpl.java:checkInconsistentAppendEntries(1394)) - omNode-2@group-523986131536: inconsistency entries. Reply:omNode-1<-omNode-2#777:FAIL-t6,INCONSISTENCY,nextIndex=57,followerCommit=56
2022-10-04 13:26:31,241 [grpc-default-executor-3] INFO  leader.FollowerInfo (FollowerInfoImpl.java:lambda$new$0(48)) - omNode-1@group-523986131536->omNode-2: nextIndex: updateUnconditionally 57 -> 57
2022-10-04 13:26:31,241 [grpc-default-executor-2] INFO  impl.SnapshotInstallationHandler (SnapshotInstallationHandler.java:installSnapshot(84)) - omNode-2@group-523986131536: receive installSnapshot: omNode-1->omNode-2#0-t6,notify:(t:6, i:59)
2022-10-04 13:26:31,241 [grpc-default-executor-2] INFO  impl.SnapshotInstallationHandler (SnapshotInstallationHandler.java:installSnapshot(95)) - omNode-2@group-523986131536: reply installSnapshot: omNode-1<-omNode-2#0:FAIL-t6,IN_PROGRESS
2022-10-04 13:26:31,242 [grpc-default-executor-2] INFO  server.GrpcServerProtocolService (GrpcServerProtocolService.java:onCompleted(140)) - omNode-2: Completed INSTALL_SNAPSHOT, lastRequest: omNode-1->omNode-2#0-t6,notify:(t:6, i:59)
2022-10-04 13:26:31,242 [grpc-default-executor-2] INFO  server.GrpcLogAppender (GrpcLogAppender.java:onNext(403)) - omNode-1@group-523986131536->omNode-2-InstallSnapshotResponseHandler: received a reply omNode-1<-omNode-2#0:FAIL-t6,IN_PROGRESS
2022-10-04 13:26:31,242 [grpc-default-executor-2] INFO  server.GrpcLogAppender (GrpcLogAppender.java:onNext(421)) - omNode-1@group-523986131536->omNode-2-InstallSnapshotResponseHandler: InstallSnapshot in progress.
2022-10-04 13:26:31,242 [omNode-1@group-523986131536->omNode-2-GrpcLogAppender-LogAppenderDaemon] INFO  server.GrpcLogAppender (GrpcLogAppender.java:installSnapshot(541)) - omNode-1@group-523986131536->omNode-2-GrpcLogAppender: followerNextIndex = 57 but logStartIndex = 59, notify follower to install snapshot-(t:6, i:59)
2022-10-04 13:26:31,242 [omNode-1@group-523986131536->omNode-2-GrpcLogAppender-LogAppenderDaemon] INFO  server.GrpcLogAppender (GrpcLogAppender.java:installSnapshot(549)) - omNode-1@group-523986131536->omNode-2-GrpcLogAppender: send omNode-1->omNode-2#0-t6,notify:(t:6, i:59)
2022-10-04 13:26:31,243 [omNode-2-server-thread1] INFO  server.RaftServer$Division (RaftServerImpl.java:checkInconsistentAppendEntries(1402)) - omNode-2@group-523986131536: Failed appendEntries as snapshot (59) installation is in progress
2022-10-04 13:26:31,243 [omNode-2-server-thread1] INFO  server.RaftServer$Division (RaftServerImpl.java:checkInconsistentAppendEntries(1394)) - omNode-2@group-523986131536: inconsistency entries. Reply:omNode-1<-omNode-2#778:FAIL-t6,INCONSISTENCY,nextIndex=57,followerCommit=56
2022-10-04 13:26:31,243 [grpc-default-executor-2] INFO  impl.SnapshotInstallationHandler (SnapshotInstallationHandler.java:installSnapshot(84)) - omNode-2@group-523986131536: receive installSnapshot: omNode-1->omNode-2#0-t6,notify:(t:6, i:59)
2022-10-04 13:26:31,243 [grpc-default-executor-1] INFO  leader.FollowerInfo (FollowerInfoImpl.java:lambda$new$0(48)) - omNode-1@group-523986131536->omNode-2: nextIndex: updateUnconditionally 57 -> 57
2022-10-04 13:26:31,244 [grpc-default-executor-2] INFO  impl.SnapshotInstallationHandler (SnapshotInstallationHandler.java:installSnapshot(95)) - omNode-2@group-523986131536: reply installSnapshot: omNode-1<-omNode-2#0:FAIL-t6,IN_PROGRESS
2022-10-04 13:26:31,244 [grpc-default-executor-2] INFO  server.GrpcServerProtocolService (GrpcServerProtocolService.java:onCompleted(140)) - omNode-2: Completed INSTALL_SNAPSHOT, lastRequest: omNode-1->omNode-2#0-t6,notify:(t:6, i:59)
2022-10-04 13:26:31,311 [grpc-default-executor-2] INFO  server.GrpcLogAppender (GrpcLogAppender.java:onNext(403)) - omNode-1@group-523986131536->omNode-2-InstallSnapshotResponseHandler: received a reply omNode-1<-omNode-2#0:FAIL-t6,IN_PROGRESS
2022-10-04 13:26:31,311 [grpc-default-executor-2] INFO  server.GrpcLogAppender (GrpcLogAppender.java:onNext(421)) - omNode-1@group-523986131536->omNode-2-InstallSnapshotResponseHandler: InstallSnapshot in progress.
2022-10-04 13:26:31,312 [omNode-1@group-523986131536->omNode-2-GrpcLogAppender-LogAppenderDaemon] INFO  server.GrpcLogAppender (GrpcLogAppender.java:installSnapshot(541)) - omNode-1@group-523986131536->omNode-2-GrpcLogAppender: followerNextIndex = 57 but logStartIndex = 59, notify follower to install snapshot-(t:6, i:59)
2022-10-04 13:26:31,312 [omNode-1@group-523986131536->omNode-2-GrpcLogAppender-LogAppenderDaemon] INFO  server.GrpcLogAppender (GrpcLogAppender.java:installSnapshot(549)) - omNode-1@group-523986131536->omNode-2-GrpcLogAppender: send omNode-1->omNode-2#0-t6,notify:(t:6, i:59)
2022-10-04 13:26:31,314 [omNode-2-server-thread1] INFO  server.RaftServer$Division (RaftServerImpl.java:checkInconsistentAppendEntries(1402)) - omNode-2@group-523986131536: Failed appendEntries as snapshot (59) installation is in progress
2022-10-04 13:26:31,314 [omNode-2-server-thread1] INFO  server.RaftServer$Division (RaftServerImpl.java:checkInconsistentAppendEntries(1394)) - omNode-2@group-523986131536: inconsistency entries. Reply:omNode-1<-omNode-2#779:FAIL-t6,INCONSISTENCY,nextIndex=57,followerCommit=56
2022-10-04 13:26:31,314 [grpc-default-executor-2] INFO  impl.SnapshotInstallationHandler (SnapshotInstallationHandler.java:installSnapshot(84)) - omNode-2@group-523986131536: receive installSnapshot: omNode-1->omNode-2#0-t6,notify:(t:6, i:59)
2022-10-04 13:26:31,314 [grpc-default-executor-2] INFO  impl.SnapshotInstallationHandler (SnapshotInstallationHandler.java:installSnapshot(95)) - omNode-2@group-523986131536: reply installSnapshot: omNode-1<-omNode-2#0:FAIL-t6,IN_PROGRESS
2022-10-04 13:26:31,315 [grpc-default-executor-3] INFO  leader.FollowerInfo (FollowerInfoImpl.java:lambda$new$0(48)) - omNode-1@group-523986131536->omNode-2: nextIndex: updateUnconditionally 57 -> 57
2022-10-04 13:26:31,315 [grpc-default-executor-2] INFO  server.GrpcServerProtocolService (GrpcServerProtocolService.java:onCompleted(140)) - omNode-2: Completed INSTALL_SNAPSHOT, lastRequest: omNode-1->omNode-2#0-t6,notify:(t:6, i:59)
2022-10-04 13:26:31,315 [grpc-default-executor-3] INFO  server.GrpcLogAppender (GrpcLogAppender.java:onNext(403)) - omNode-1@group-523986131536->omNode-2-InstallSnapshotResponseHandler: received a reply omNode-1<-omNode-2#0:FAIL-t6,IN_PROGRESS
2022-10-04 13:26:31,315 [grpc-default-executor-3] INFO  server.GrpcLogAppender (GrpcLogAppender.java:onNext(421)) - omNode-1@group-523986131536->omNode-2-InstallSnapshotResponseHandler: InstallSnapshot in progress.
2022-10-04 13:26:31,315 [omNode-1@group-523986131536->omNode-2-GrpcLogAppender-LogAppenderDaemon] INFO  server.GrpcLogAppender (GrpcLogAppender.java:installSnapshot(541)) - omNode-1@group-523986131536->omNode-2-GrpcLogAppender: followerNextIndex = 57 but logStartIndex = 59, notify follower to install snapshot-(t:6, i:59)
2022-10-04 13:26:31,315 [omNode-1@group-523986131536->omNode-2-GrpcLogAppender-LogAppenderDaemon] INFO  server.GrpcLogAppender (GrpcLogAppender.java:installSnapshot(549)) - omNode-1@group-523986131536->omNode-2-GrpcLogAppender: send omNode-1->omNode-2#0-t6,notify:(t:6, i:59)
2022-10-04 13:26:31,316 [omNode-2-server-thread1] INFO  server.RaftServer$Division (RaftServerImpl.java:checkInconsistentAppendEntries(1402)) - omNode-2@group-523986131536: Failed appendEntries as snapshot (59) installation is in progress
2022-10-04 13:26:31,316 [omNode-2-server-thread1] INFO  server.RaftServer$Division (RaftServerImpl.java:checkInconsistentAppendEntries(1394)) - omNode-2@group-523986131536: inconsistency entries. Reply:omNode-1<-omNode-2#780:FAIL-t6,INCONSISTENCY,nextIndex=57,followerCommit=56
2022-10-04 13:26:31,317 [grpc-default-executor-3] INFO  impl.SnapshotInstallationHandler (SnapshotInstallationHandler.java:installSnapshot(84)) - omNode-2@group-523986131536: receive installSnapshot: omNode-1->omNode-2#0-t6,notify:(t:6, i:59)
2022-10-04 13:26:31,317 [grpc-default-executor-3] INFO  impl.SnapshotInstallationHandler (SnapshotInstallationHandler.java:installSnapshot(95)) - omNode-2@group-523986131536: reply installSnapshot: omNode-1<-omNode-2#0:FAIL-t6,IN_PROGRESS
2022-10-04 13:26:31,317 [grpc-default-executor-3] INFO  server.GrpcServerProtocolService (GrpcServerProtocolService.java:onCompleted(140)) - omNode-2: Completed INSTALL_SNAPSHOT, lastRequest: omNode-1->omNode-2#0-t6,notify:(t:6, i:59)
2022-10-04 13:26:31,318 [grpc-default-executor-2] INFO  leader.FollowerInfo (FollowerInfoImpl.java:lambda$new$0(48)) - omNode-1@group-523986131536->omNode-2: nextIndex: updateUnconditionally 57 -> 57
2022-10-04 13:26:31,318 [grpc-default-executor-3] INFO  server.GrpcLogAppender (GrpcLogAppender.java:onNext(403)) - omNode-1@group-523986131536->omNode-2-InstallSnapshotResponseHandler: received a reply omNode-1<-omNode-2#0:FAIL-t6,IN_PROGRESS
2022-10-04 13:26:31,318 [grpc-default-executor-3] INFO  server.GrpcLogAppender (GrpcLogAppender.java:onNext(421)) - omNode-1@group-523986131536->omNode-2-InstallSnapshotResponseHandler: InstallSnapshot in progress.
2022-10-04 13:26:31,318 [omNode-1@group-523986131536->omNode-2-GrpcLogAppender-LogAppenderDaemon] INFO  server.GrpcLogAppender (GrpcLogAppender.java:installSnapshot(541)) - omNode-1@group-523986131536->omNode-2-GrpcLogAppender: followerNextIndex = 57 but logStartIndex = 59, notify follower to install snapshot-(t:6, i:59)
2022-10-04 13:26:31,318 [omNode-1@group-523986131536->omNode-2-GrpcLogAppender-LogAppenderDaemon] INFO  server.GrpcLogAppender (GrpcLogAppender.java:installSnapshot(549)) - omNode-1@group-523986131536->omNode-2-GrpcLogAppender: send omNode-1->omNode-2#0-t6,notify:(t:6, i:59)
2022-10-04 13:26:31,319 [omNode-2-server-thread1] INFO  server.RaftServer$Division (RaftServerImpl.java:checkInconsistentAppendEntries(1402)) - omNode-2@group-523986131536: Failed appendEntries as snapshot (59) installation is in progress
2022-10-04 13:26:31,319 [omNode-2-server-thread1] INFO  server.RaftServer$Division (RaftServerImpl.java:checkInconsistentAppendEntries(1394)) - omNode-2@group-523986131536: inconsistency entries. Reply:omNode-1<-omNode-2#781:FAIL-t6,INCONSISTENCY,nextIndex=57,followerCommit=56
2022-10-04 13:26:31,321 [grpc-default-executor-2] INFO  impl.SnapshotInstallationHandler (SnapshotInstallationHandler.java:installSnapshot(84)) - omNode-2@group-523986131536: receive installSnapshot: omNode-1->omNode-2#0-t6,notify:(t:6, i:59)
2022-10-04 13:26:31,321 [grpc-default-executor-2] INFO  impl.SnapshotInstallationHandler (SnapshotInstallationHandler.java:installSnapshot(95)) - omNode-2@group-523986131536: reply installSnapshot: omNode-1<-omNode-2#0:FAIL-t6,IN_PROGRESS
2022-10-04 13:26:31,321 [grpc-default-executor-2] INFO  server.GrpcServerProtocolService (GrpcServerProtocolService.java:onCompleted(140)) - omNode-2: Completed INSTALL_SNAPSHOT, lastRequest: omNode-1->omNode-2#0-t6,notify:(t:6, i:59)
2022-10-04 13:26:31,348 [omNode-3-server-thread1] INFO  server.RaftServer$Division (ServerState.java:setLeader(287)) - omNode-3@group-523986131536: change Leader from null to omNode-1 at term 6 for appendEntries, leader elected after 483ms
2022-10-04 13:26:31,358 [grpc-default-executor-2] INFO  server.GrpcLogAppender (GrpcLogAppender.java:onNext(403)) - omNode-1@group-523986131536->omNode-2-InstallSnapshotResponseHandler: received a reply omNode-1<-omNode-2#0:FAIL-t6,IN_PROGRESS
2022-10-04 13:26:31,358 [grpc-default-executor-2] INFO  server.GrpcLogAppender (GrpcLogAppender.java:onNext(421)) - omNode-1@group-523986131536->omNode-2-InstallSnapshotResponseHandler: InstallSnapshot in progress.
2022-10-04 13:26:31,358 [omNode-1@group-523986131536->omNode-2-GrpcLogAppender-LogAppenderDaemon] INFO  server.GrpcLogAppender (GrpcLogAppender.java:installSnapshot(541)) - omNode-1@group-523986131536->omNode-2-GrpcLogAppender: followerNextIndex = 57 but logStartIndex = 59, notify follower to install snapshot-(t:6, i:59)
2022-10-04 13:26:31,358 [omNode-1@group-523986131536->omNode-2-GrpcLogAppender-LogAppenderDaemon] INFO  server.GrpcLogAppender (GrpcLogAppender.java:installSnapshot(549)) - omNode-1@group-523986131536->omNode-2-GrpcLogAppender: send omNode-1->omNode-2#0-t6,notify:(t:6, i:59)
2022-10-04 13:26:31,359 [grpc-default-executor-4] INFO  leader.FollowerInfo (FollowerInfoImpl.java:lambda$new$0(48)) - omNode-1@group-523986131536->omNode-2: nextIndex: updateUnconditionally 57 -> 57
2022-10-04 13:26:31,378 [grpc-default-executor-0] INFO  impl.SnapshotInstallationHandler (SnapshotInstallationHandler.java:installSnapshot(84)) - omNode-2@group-523986131536: receive installSnapshot: omNode-1->omNode-2#0-t6,notify:(t:6, i:59)
2022-10-04 13:26:31,378 [grpc-default-executor-0] INFO  impl.SnapshotInstallationHandler (SnapshotInstallationHandler.java:installSnapshot(95)) - omNode-2@group-523986131536: reply installSnapshot: omNode-1<-omNode-2#0:FAIL-t6,IN_PROGRESS
2022-10-04 13:26:31,378 [grpc-default-executor-0] INFO  server.GrpcServerProtocolService (GrpcServerProtocolService.java:onCompleted(140)) - omNode-2: Completed INSTALL_SNAPSHOT, lastRequest: omNode-1->omNode-2#0-t6,notify:(t:6, i:59)
2022-10-04 13:26:31,378 [grpc-default-executor-4] INFO  server.GrpcLogAppender (GrpcLogAppender.java:onNext(403)) - omNode-1@group-523986131536->omNode-2-InstallSnapshotResponseHandler: received a reply omNode-1<-omNode-2#0:FAIL-t6,IN_PROGRESS
2022-10-04 13:26:31,379 [grpc-default-executor-4] INFO  server.GrpcLogAppender (GrpcLogAppender.java:onNext(421)) - omNode-1@group-523986131536->omNode-2-InstallSnapshotResponseHandler: InstallSnapshot in progress.
2022-10-04 13:26:31,379 [omNode-2-server-thread1] INFO  server.RaftServer$Division (RaftServerImpl.java:checkInconsistentAppendEntries(1402)) - omNode-2@group-523986131536: Failed appendEntries as snapshot (59) installation is in progress
2022-10-04 13:26:31,379 [omNode-2-server-thread1] INFO  server.RaftServer$Division (RaftServerImpl.java:checkInconsistentAppendEntries(1394)) - omNode-2@group-523986131536: inconsistency entries. Reply:omNode-1<-omNode-2#782:FAIL-t6,INCONSISTENCY,nextIndex=57,followerCommit=56
2022-10-04 13:26:31,379 [omNode-1@group-523986131536->omNode-2-GrpcLogAppender-LogAppenderDaemon] INFO  server.GrpcLogAppender (GrpcLogAppender.java:installSnapshot(541)) - omNode-1@group-523986131536->omNode-2-GrpcLogAppender: followerNextIndex = 57 but logStartIndex = 59, notify follower to install snapshot-(t:6, i:59)
2022-10-04 13:26:31,379 [omNode-1@group-523986131536->omNode-2-GrpcLogAppender-LogAppenderDaemon] INFO  server.GrpcLogAppender (GrpcLogAppender.java:installSnapshot(549)) - omNode-1@group-523986131536->omNode-2-GrpcLogAppender: send omNode-1->omNode-2#0-t6,notify:(t:6, i:59)
2022-10-04 13:26:31,381 [grpc-default-executor-4] INFO  impl.SnapshotInstallationHandler (SnapshotInstallationHandler.java:installSnapshot(84)) - omNode-2@group-523986131536: receive installSnapshot: omNode-1->omNode-2#0-t6,notify:(t:6, i:59)
2022-10-04 13:26:31,381 [grpc-default-executor-4] INFO  impl.SnapshotInstallationHandler (SnapshotInstallationHandler.java:installSnapshot(95)) - omNode-2@group-523986131536: reply installSnapshot: omNode-1<-omNode-2#0:FAIL-t6,IN_PROGRESS
2022-10-04 13:26:31,381 [grpc-default-executor-4] INFO  server.GrpcServerProtocolService (GrpcServerProtocolService.java:onCompleted(140)) - omNode-2: Completed INSTALL_SNAPSHOT, lastRequest: omNode-1->omNode-2#0-t6,notify:(t:6, i:59)
2022-10-04 13:26:31,382 [grpc-default-executor-3] INFO  server.GrpcLogAppender (GrpcLogAppender.java:onNext(403)) - omNode-1@group-523986131536->omNode-2-InstallSnapshotResponseHandler: received a reply omNode-1<-omNode-2#0:FAIL-t6,IN_PROGRESS
2022-10-04 13:26:31,382 [grpc-default-executor-3] INFO  server.GrpcLogAppender (GrpcLogAppender.java:onNext(421)) - omNode-1@group-523986131536->omNode-2-InstallSnapshotResponseHandler: InstallSnapshot in progress.
2022-10-04 13:26:31,382 [omNode-1@group-523986131536->omNode-2-GrpcLogAppender-LogAppenderDaemon] INFO  server.GrpcLogAppender (GrpcLogAppender.java:installSnapshot(541)) - omNode-1@group-523986131536->omNode-2-GrpcLogAppender: followerNextIndex = 57 but logStartIndex = 59, notify follower to install snapshot-(t:6, i:59)
2022-10-04 13:26:31,382 [omNode-1@group-523986131536->omNode-2-GrpcLogAppender-LogAppenderDaemon] INFO  server.GrpcLogAppender (GrpcLogAppender.java:installSnapshot(549)) - omNode-1@group-523986131536->omNode-2-GrpcLogAppender: send omNode-1->omNode-2#0-t6,notify:(t:6, i:59)
2022-10-04 13:26:31,383 [grpc-default-executor-3] INFO  impl.SnapshotInstallationHandler (SnapshotInstallationHandler.java:installSnapshot(84)) - omNode-2@group-523986131536: receive installSnapshot: omNode-1->omNode-2#0-t6,notify:(t:6, i:59)
2022-10-04 13:26:31,383 [grpc-default-executor-3] INFO  impl.SnapshotInstallationHandler (SnapshotInstallationHandler.java:installSnapshot(95)) - omNode-2@group-523986131536: reply installSnapshot: omNode-1<-omNode-2#0:FAIL-t6,IN_PROGRESS
2022-10-04 13:26:31,384 [grpc-default-executor-3] INFO  server.GrpcServerProtocolService (GrpcServerProtocolService.java:onCompleted(140)) - omNode-2: Completed INSTALL_SNAPSHOT, lastRequest: omNode-1->omNode-2#0-t6,notify:(t:6, i:59)
2022-10-04 13:26:31,384 [grpc-default-executor-3] INFO  server.GrpcLogAppender (GrpcLogAppender.java:onNext(403)) - omNode-1@group-523986131536->omNode-2-InstallSnapshotResponseHandler: received a reply omNode-1<-omNode-2#0:FAIL-t6,IN_PROGRESS
2022-10-04 13:26:31,384 [grpc-default-executor-3] INFO  server.GrpcLogAppender (GrpcLogAppender.java:onNext(421)) - omNode-1@group-523986131536->omNode-2-InstallSnapshotResponseHandler: InstallSnapshot in progress.
2022-10-04 13:26:31,384 [omNode-1@group-523986131536->omNode-2-GrpcLogAppender-LogAppenderDaemon] INFO  server.GrpcLogAppender (GrpcLogAppender.java:installSnapshot(541)) - omNode-1@group-523986131536->omNode-2-GrpcLogAppender: followerNextIndex = 57 but logStartIndex = 59, notify follower to install snapshot-(t:6, i:59)
2022-10-04 13:26:31,384 [omNode-1@group-523986131536->omNode-2-GrpcLogAppender-LogAppenderDaemon] INFO  server.GrpcLogAppender (GrpcLogAppender.java:installSnapshot(549)) - omNode-1@group-523986131536->omNode-2-GrpcLogAppender: send omNode-1->omNode-2#0-t6,notify:(t:6, i:59)
2022-10-04 13:26:31,386 [grpc-default-executor-4] INFO  impl.SnapshotInstallationHandler (SnapshotInstallationHandler.java:installSnapshot(84)) - omNode-2@group-523986131536: receive installSnapshot: omNode-1->omNode-2#0-t6,notify:(t:6, i:59)
2022-10-04 13:26:31,386 [grpc-default-executor-4] INFO  impl.SnapshotInstallationHandler (SnapshotInstallationHandler.java:installSnapshot(95)) - omNode-2@group-523986131536: reply installSnapshot: omNode-1<-omNode-2#0:FAIL-t6,IN_PROGRESS
2022-10-04 13:26:31,386 [grpc-default-executor-4] INFO  server.GrpcServerProtocolService (GrpcServerProtocolService.java:onCompleted(140)) - omNode-2: Completed INSTALL_SNAPSHOT, lastRequest: omNode-1->omNode-2#0-t6,notify:(t:6, i:59)
2022-10-04 13:26:31,389 [grpc-default-executor-3] INFO  server.GrpcLogAppender (GrpcLogAppender.java:onNext(403)) - omNode-1@group-523986131536->omNode-2-InstallSnapshotResponseHandler: received a reply omNode-1<-omNode-2#0:FAIL-t6,IN_PROGRESS
2022-10-04 13:26:31,389 [grpc-default-executor-3] INFO  server.GrpcLogAppender (GrpcLogAppender.java:onNext(421)) - omNode-1@group-523986131536->omNode-2-InstallSnapshotResponseHandler: InstallSnapshot in progress.
2022-10-04 13:26:31,389 [omNode-1@group-523986131536->omNode-2-GrpcLogAppender-LogAppenderDaemon] INFO  server.GrpcLogAppender (GrpcLogAppender.java:installSnapshot(541)) - omNode-1@group-523986131536->omNode-2-GrpcLogAppender: followerNextIndex = 57 but logStartIndex = 59, notify follower to install snapshot-(t:6, i:59)
2022-10-04 13:26:31,389 [omNode-1@group-523986131536->omNode-2-GrpcLogAppender-LogAppenderDaemon] INFO  server.GrpcLogAppender (GrpcLogAppender.java:installSnapshot(549)) - omNode-1@group-523986131536->omNode-2-GrpcLogAppender: send omNode-1->omNode-2#0-t6,notify:(t:6, i:59)
2022-10-04 13:26:31,390 [grpc-default-executor-4] INFO  impl.SnapshotInstallationHandler (SnapshotInstallationHandler.java:installSnapshot(84)) - omNode-2@group-523986131536: receive installSnapshot: omNode-1->omNode-2#0-t6,notify:(t:6, i:59)
2022-10-04 13:26:31,390 [grpc-default-executor-4] INFO  impl.SnapshotInstallationHandler (SnapshotInstallationHandler.java:installSnapshot(95)) - omNode-2@group-523986131536: reply installSnapshot: omNode-1<-omNode-2#0:FAIL-t6,IN_PROGRESS
2022-10-04 13:26:31,391 [grpc-default-executor-4] INFO  server.GrpcServerProtocolService (GrpcServerProtocolService.java:onCompleted(140)) - omNode-2: Completed INSTALL_SNAPSHOT, lastRequest: omNode-1->omNode-2#0-t6,notify:(t:6, i:59)
2022-10-04 13:26:31,391 [grpc-default-executor-3] INFO  server.GrpcLogAppender (GrpcLogAppender.java:onNext(403)) - omNode-1@group-523986131536->omNode-2-InstallSnapshotResponseHandler: received a reply omNode-1<-omNode-2#0:FAIL-t6,IN_PROGRESS
2022-10-04 13:26:31,391 [grpc-default-executor-3] INFO  server.GrpcLogAppender (GrpcLogAppender.java:onNext(421)) - omNode-1@group-523986131536->omNode-2-InstallSnapshotResponseHandler: InstallSnapshot in progress.
2022-10-04 13:26:31,392 [omNode-1@group-523986131536->omNode-2-GrpcLogAppender-LogAppenderDaemon] INFO  server.GrpcLogAppender (GrpcLogAppender.java:installSnapshot(541)) - omNode-1@group-523986131536->omNode-2-GrpcLogAppender: followerNextIndex = 57 but logStartIndex = 59, notify follower to install snapshot-(t:6, i:59)
2022-10-04 13:26:31,392 [omNode-1@group-523986131536->omNode-2-GrpcLogAppender-LogAppenderDaemon] INFO  server.GrpcLogAppender (GrpcLogAppender.java:installSnapshot(549)) - omNode-1@group-523986131536->omNode-2-GrpcLogAppender: send omNode-1->omNode-2#0-t6,notify:(t:6, i:59)
2022-10-04 13:26:31,400 [omNode-2-server-thread1] INFO  server.RaftServer$Division (RaftServerImpl.java:checkInconsistentAppendEntries(1402)) - omNode-2@group-523986131536: Failed appendEntries as snapshot (59) installation is in progress
2022-10-04 13:26:31,400 [omNode-2-server-thread1] INFO  server.RaftServer$Division (RaftServerImpl.java:checkInconsistentAppendEntries(1394)) - omNode-2@group-523986131536: inconsistency entries. Reply:omNode-1<-omNode-2#783:FAIL-t6,INCONSISTENCY,nextIndex=57,followerCommit=56
2022-10-04 13:26:31,400 [grpc-default-executor-5] INFO  leader.FollowerInfo (FollowerInfoImpl.java:lambda$new$0(48)) - omNode-1@group-523986131536->omNode-2: nextIndex: updateUnconditionally 57 -> 57
2022-10-04 13:26:31,401 [omNode-2-server-thread1] INFO  server.RaftServer$Division (RaftServerImpl.java:checkInconsistentAppendEntries(1402)) - omNode-2@group-523986131536: Failed appendEntries as snapshot (59) installation is in progress
2022-10-04 13:26:31,401 [omNode-2-server-thread1] INFO  server.RaftServer$Division (RaftServerImpl.java:checkInconsistentAppendEntries(1394)) - omNode-2@group-523986131536: inconsistency entries. Reply:omNode-1<-omNode-2#784:FAIL-t6,INCONSISTENCY,nextIndex=57,followerCommit=56
2022-10-04 13:26:31,401 [grpc-default-executor-1] INFO  impl.SnapshotInstallationHandler (SnapshotInstallationHandler.java:installSnapshot(84)) - omNode-2@group-523986131536: receive installSnapshot: omNode-1->omNode-2#0-t6,notify:(t:6, i:59)
2022-10-04 13:26:31,401 [grpc-default-executor-1] INFO  impl.SnapshotInstallationHandler (SnapshotInstallationHandler.java:installSnapshot(95)) - omNode-2@group-523986131536: reply installSnapshot: omNode-1<-omNode-2#0:FAIL-t6,IN_PROGRESS
2022-10-04 13:26:31,401 [grpc-default-executor-1] INFO  server.GrpcServerProtocolService (GrpcServerProtocolService.java:onCompleted(140)) - omNode-2: Completed INSTALL_SNAPSHOT, lastRequest: omNode-1->omNode-2#0-t6,notify:(t:6, i:59)
2022-10-04 13:26:31,402 [grpc-default-executor-5] INFO  leader.FollowerInfo (FollowerInfoImpl.java:lambda$new$0(48)) - omNode-1@group-523986131536->omNode-2: nextIndex: updateUnconditionally 57 -> 57
2022-10-04 13:26:31,402 [omNode-2-server-thread1] INFO  server.RaftServer$Division (RaftServerImpl.java:checkInconsistentAppendEntries(1402)) - omNode-2@group-523986131536: Failed appendEntries as snapshot (59) installation is in progress
2022-10-04 13:26:31,402 [omNode-2-server-thread1] INFO  server.RaftServer$Division (RaftServerImpl.java:checkInconsistentAppendEntries(1394)) - omNode-2@group-523986131536: inconsistency entries. Reply:omNode-1<-omNode-2#785:FAIL-t6,INCONSISTENCY,nextIndex=57,followerCommit=56
2022-10-04 13:26:31,403 [grpc-default-executor-5] INFO  leader.FollowerInfo (FollowerInfoImpl.java:lambda$new$0(48)) - omNode-1@group-523986131536->omNode-2: nextIndex: updateUnconditionally 57 -> 57
2022-10-04 13:26:31,403 [grpc-default-executor-1] INFO  server.GrpcLogAppender (GrpcLogAppender.java:onNext(403)) - omNode-1@group-523986131536->omNode-2-InstallSnapshotResponseHandler: received a reply omNode-1<-omNode-2#0:FAIL-t6,IN_PROGRESS
2022-10-04 13:26:31,403 [grpc-default-executor-1] INFO  server.GrpcLogAppender (GrpcLogAppender.java:onNext(421)) - omNode-1@group-523986131536->omNode-2-InstallSnapshotResponseHandler: InstallSnapshot in progress.
2022-10-04 13:26:31,403 [omNode-1@group-523986131536->omNode-2-GrpcLogAppender-LogAppenderDaemon] INFO  server.GrpcLogAppender (GrpcLogAppender.java:installSnapshot(541)) - omNode-1@group-523986131536->omNode-2-GrpcLogAppender: followerNextIndex = 57 but logStartIndex = 59, notify follower to install snapshot-(t:6, i:59)
2022-10-04 13:26:31,403 [omNode-1@group-523986131536->omNode-2-GrpcLogAppender-LogAppenderDaemon] INFO  server.GrpcLogAppender (GrpcLogAppender.java:installSnapshot(549)) - omNode-1@group-523986131536->omNode-2-GrpcLogAppender: send omNode-1->omNode-2#0-t6,notify:(t:6, i:59)
2022-10-04 13:26:31,404 [omNode-2-server-thread1] INFO  server.RaftServer$Division (RaftServerImpl.java:checkInconsistentAppendEntries(1402)) - omNode-2@group-523986131536: Failed appendEntries as snapshot (59) installation is in progress
2022-10-04 13:26:31,404 [omNode-2-server-thread1] INFO  server.RaftServer$Division (RaftServerImpl.java:checkInconsistentAppendEntries(1394)) - omNode-2@group-523986131536: inconsistency entries. Reply:omNode-1<-omNode-2#786:FAIL-t6,INCONSISTENCY,nextIndex=57,followerCommit=56
2022-10-04 13:26:31,404 [grpc-default-executor-1] INFO  leader.FollowerInfo (FollowerInfoImpl.java:lambda$new$0(48)) - omNode-1@group-523986131536->omNode-2: nextIndex: updateUnconditionally 57 -> 57
2022-10-04 13:26:31,404 [grpc-default-executor-5] INFO  impl.SnapshotInstallationHandler (SnapshotInstallationHandler.java:installSnapshot(84)) - omNode-2@group-523986131536: receive installSnapshot: omNode-1->omNode-2#0-t6,notify:(t:6, i:59)
2022-10-04 13:26:31,404 [grpc-default-executor-5] INFO  impl.SnapshotInstallationHandler (SnapshotInstallationHandler.java:installSnapshot(95)) - omNode-2@group-523986131536: reply installSnapshot: omNode-1<-omNode-2#0:FAIL-t6,IN_PROGRESS
2022-10-04 13:26:31,405 [grpc-default-executor-5] INFO  server.GrpcServerProtocolService (GrpcServerProtocolService.java:onCompleted(140)) - omNode-2: Completed INSTALL_SNAPSHOT, lastRequest: omNode-1->omNode-2#0-t6,notify:(t:6, i:59)
2022-10-04 13:26:31,405 [omNode-2-server-thread1] INFO  server.RaftServer$Division (RaftServerImpl.java:checkInconsistentAppendEntries(1402)) - omNode-2@group-523986131536: Failed appendEntries as snapshot (59) installation is in progress
2022-10-04 13:26:31,405 [omNode-2-server-thread1] INFO  server.RaftServer$Division (RaftServerImpl.java:checkInconsistentAppendEntries(1394)) - omNode-2@group-523986131536: inconsistency entries. Reply:omNode-1<-omNode-2#787:FAIL-t6,INCONSISTENCY,nextIndex=57,followerCommit=56
2022-10-04 13:26:31,405 [grpc-default-executor-1] INFO  leader.FollowerInfo (FollowerInfoImpl.java:lambda$new$0(48)) - omNode-1@group-523986131536->omNode-2: nextIndex: updateUnconditionally 57 -> 57
2022-10-04 13:26:31,405 [omNode-2-server-thread1] INFO  server.RaftServer$Division (RaftServerImpl.java:checkInconsistentAppendEntries(1402)) - omNode-2@group-523986131536: Failed appendEntries as snapshot (59) installation is in progress
2022-10-04 13:26:31,406 [omNode-2-server-thread1] INFO  server.RaftServer$Division (RaftServerImpl.java:checkInconsistentAppendEntries(1394)) - omNode-2@group-523986131536: inconsistency entries. Reply:omNode-1<-omNode-2#788:FAIL-t6,INCONSISTENCY,nextIndex=57,followerCommit=56
2022-10-04 13:26:31,406 [grpc-default-executor-1] INFO  leader.FollowerInfo (FollowerInfoImpl.java:lambda$new$0(48)) - omNode-1@group-523986131536->omNode-2: nextIndex: updateUnconditionally 57 -> 57
2022-10-04 13:26:31,406 [grpc-default-executor-5] INFO  server.GrpcLogAppender (GrpcLogAppender.java:onNext(403)) - omNode-1@group-523986131536->omNode-2-InstallSnapshotResponseHandler: received a reply omNode-1<-omNode-2#0:FAIL-t6,IN_PROGRESS
2022-10-04 13:26:31,406 [grpc-default-executor-5] INFO  server.GrpcLogAppender (GrpcLogAppender.java:onNext(421)) - omNode-1@group-523986131536->omNode-2-InstallSnapshotResponseHandler: InstallSnapshot in progress.
2022-10-04 13:26:31,406 [omNode-1@group-523986131536->omNode-2-GrpcLogAppender-LogAppenderDaemon] INFO  server.GrpcLogAppender (GrpcLogAppender.java:installSnapshot(541)) - omNode-1@group-523986131536->omNode-2-GrpcLogAppender: followerNextIndex = 57 but logStartIndex = 59, notify follower to install snapshot-(t:6, i:59)
2022-10-04 13:26:31,407 [omNode-1@group-523986131536->omNode-2-GrpcLogAppender-LogAppenderDaemon] INFO  server.GrpcLogAppender (GrpcLogAppender.java:installSnapshot(549)) - omNode-1@group-523986131536->omNode-2-GrpcLogAppender: send omNode-1->omNode-2#0-t6,notify:(t:6, i:59)
2022-10-04 13:26:31,407 [grpc-default-executor-5] INFO  leader.FollowerInfo (FollowerInfoImpl.java:lambda$new$0(48)) - omNode-1@group-523986131536->omNode-2: nextIndex: updateUnconditionally 57 -> 57
2022-10-04 13:26:31,408 [omNode-2-server-thread1] INFO  server.RaftServer$Division (RaftServerImpl.java:checkInconsistentAppendEntries(1402)) - omNode-2@group-523986131536: Failed appendEntries as snapshot (59) installation is in progress
2022-10-04 13:26:31,408 [omNode-2-server-thread1] INFO  server.RaftServer$Division (RaftServerImpl.java:checkInconsistentAppendEntries(1394)) - omNode-2@group-523986131536: inconsistency entries. Reply:omNode-1<-omNode-2#789:FAIL-t6,INCONSISTENCY,nextIndex=57,followerCommit=56
2022-10-04 13:26:31,408 [grpc-default-executor-5] INFO  impl.SnapshotInstallationHandler (SnapshotInstallationHandler.java:installSnapshot(84)) - omNode-2@group-523986131536: receive installSnapshot: omNode-1->omNode-2#0-t6,notify:(t:6, i:59)
2022-10-04 13:26:31,408 [grpc-default-executor-5] INFO  impl.SnapshotInstallationHandler (SnapshotInstallationHandler.java:installSnapshot(95)) - omNode-2@group-523986131536: reply installSnapshot: omNode-1<-omNode-2#0:FAIL-t6,IN_PROGRESS
2022-10-04 13:26:31,408 [grpc-default-executor-5] INFO  server.GrpcServerProtocolService (GrpcServerProtocolService.java:onCompleted(140)) - omNode-2: Completed INSTALL_SNAPSHOT, lastRequest: omNode-1->omNode-2#0-t6,notify:(t:6, i:59)
2022-10-04 13:26:31,409 [grpc-default-executor-1] INFO  server.GrpcLogAppender (GrpcLogAppender.java:onNext(403)) - omNode-1@group-523986131536->omNode-2-InstallSnapshotResponseHandler: received a reply omNode-1<-omNode-2#0:FAIL-t6,IN_PROGRESS
2022-10-04 13:26:31,409 [grpc-default-executor-1] INFO  server.GrpcLogAppender (GrpcLogAppender.java:onNext(421)) - omNode-1@group-523986131536->omNode-2-InstallSnapshotResponseHandler: InstallSnapshot in progress.
2022-10-04 13:26:31,410 [omNode-1@group-523986131536->omNode-2-GrpcLogAppender-LogAppenderDaemon] INFO  server.GrpcLogAppender (GrpcLogAppender.java:installSnapshot(541)) - omNode-1@group-523986131536->omNode-2-GrpcLogAppender: followerNextIndex = 57 but logStartIndex = 59, notify follower to install snapshot-(t:6, i:59)
2022-10-04 13:26:31,410 [omNode-1@group-523986131536->omNode-2-GrpcLogAppender-LogAppenderDaemon] INFO  server.GrpcLogAppender (GrpcLogAppender.java:installSnapshot(549)) - omNode-1@group-523986131536->omNode-2-GrpcLogAppender: send omNode-1->omNode-2#0-t6,notify:(t:6, i:59)
2022-10-04 13:26:31,410 [grpc-default-executor-5] INFO  leader.FollowerInfo (FollowerInfoImpl.java:lambda$new$0(48)) - omNode-1@group-523986131536->omNode-2: nextIndex: updateUnconditionally 57 -> 57
2022-10-04 13:26:31,411 [omNode-2-server-thread1] INFO  server.RaftServer$Division (RaftServerImpl.java:checkInconsistentAppendEntries(1402)) - omNode-2@group-523986131536: Failed appendEntries as snapshot (59) installation is in progress
2022-10-04 13:26:31,411 [omNode-2-server-thread1] INFO  server.RaftServer$Division (RaftServerImpl.java:checkInconsistentAppendEntries(1394)) - omNode-2@group-523986131536: inconsistency entries. Reply:omNode-1<-omNode-2#790:FAIL-t6,INCONSISTENCY,nextIndex=57,followerCommit=56
2022-10-04 13:26:31,411 [grpc-default-executor-4] INFO  impl.SnapshotInstallationHandler (SnapshotInstallationHandler.java:installSnapshot(84)) - omNode-2@group-523986131536: receive installSnapshot: omNode-1->omNode-2#0-t6,notify:(t:6, i:59)
2022-10-04 13:26:31,412 [grpc-default-executor-4] INFO  impl.SnapshotInstallationHandler (SnapshotInstallationHandler.java:installSnapshot(95)) - omNode-2@group-523986131536: reply installSnapshot: omNode-1<-omNode-2#0:FAIL-t6,IN_PROGRESS
2022-10-04 13:26:31,412 [grpc-default-executor-4] INFO  server.GrpcServerProtocolService (GrpcServerProtocolService.java:onCompleted(140)) - omNode-2: Completed INSTALL_SNAPSHOT, lastRequest: omNode-1->omNode-2#0-t6,notify:(t:6, i:59)
2022-10-04 13:26:31,412 [grpc-default-executor-4] INFO  leader.FollowerInfo (FollowerInfoImpl.java:lambda$new$0(48)) - omNode-1@group-523986131536->omNode-2: nextIndex: updateUnconditionally 57 -> 57
2022-10-04 13:26:31,413 [grpc-default-executor-5] INFO  server.GrpcLogAppender (GrpcLogAppender.java:onNext(403)) - omNode-1@group-523986131536->omNode-2-InstallSnapshotResponseHandler: received a reply omNode-1<-omNode-2#0:FAIL-t6,IN_PROGRESS
2022-10-04 13:26:31,413 [grpc-default-executor-5] INFO  server.GrpcLogAppender (GrpcLogAppender.java:onNext(421)) - omNode-1@group-523986131536->omNode-2-InstallSnapshotResponseHandler: InstallSnapshot in progress.
2022-10-04 13:26:31,413 [omNode-1@group-523986131536->omNode-2-GrpcLogAppender-LogAppenderDaemon] INFO  server.GrpcLogAppender (GrpcLogAppender.java:installSnapshot(541)) - omNode-1@group-523986131536->omNode-2-GrpcLogAppender: followerNextIndex = 57 but logStartIndex = 59, notify follower to install snapshot-(t:6, i:59)
2022-10-04 13:26:31,413 [omNode-1@group-523986131536->omNode-2-GrpcLogAppender-LogAppenderDaemon] INFO  server.GrpcLogAppender (GrpcLogAppender.java:installSnapshot(549)) - omNode-1@group-523986131536->omNode-2-GrpcLogAppender: send omNode-1->omNode-2#0-t6,notify:(t:6, i:59)
2022-10-04 13:26:31,414 [omNode-2-server-thread1] INFO  server.RaftServer$Division (RaftServerImpl.java:checkInconsistentAppendEntries(1402)) - omNode-2@group-523986131536: Failed appendEntries as snapshot (59) installation is in progress
2022-10-04 13:26:31,414 [omNode-2-server-thread1] INFO  server.RaftServer$Division (RaftServerImpl.java:checkInconsistentAppendEntries(1394)) - omNode-2@group-523986131536: inconsistency entries. Reply:omNode-1<-omNode-2#791:FAIL-t6,INCONSISTENCY,nextIndex=57,followerCommit=56
2022-10-04 13:26:31,414 [grpc-default-executor-5] INFO  impl.SnapshotInstallationHandler (SnapshotInstallationHandler.java:installSnapshot(84)) - omNode-2@group-523986131536: receive installSnapshot: omNode-1->omNode-2#0-t6,notify:(t:6, i:59)
2022-10-04 13:26:31,414 [grpc-default-executor-5] INFO  impl.SnapshotInstallationHandler (SnapshotInstallationHandler.java:installSnapshot(95)) - omNode-2@group-523986131536: reply installSnapshot: omNode-1<-omNode-2#0:FAIL-t6,IN_PROGRESS
2022-10-04 13:26:31,414 [grpc-default-executor-5] INFO  server.GrpcServerProtocolService (GrpcServerProtocolService.java:onCompleted(140)) - omNode-2: Completed INSTALL_SNAPSHOT, lastRequest: omNode-1->omNode-2#0-t6,notify:(t:6, i:59)
2022-10-04 13:26:31,415 [grpc-default-executor-5] INFO  leader.FollowerInfo (FollowerInfoImpl.java:lambda$new$0(48)) - omNode-1@group-523986131536->omNode-2: nextIndex: updateUnconditionally 57 -> 57
2022-10-04 13:26:31,415 [grpc-default-executor-4] INFO  server.GrpcLogAppender (GrpcLogAppender.java:onNext(403)) - omNode-1@group-523986131536->omNode-2-InstallSnapshotResponseHandler: received a reply omNode-1<-omNode-2#0:FAIL-t6,IN_PROGRESS
2022-10-04 13:26:31,415 [grpc-default-executor-4] INFO  server.GrpcLogAppender (GrpcLogAppender.java:onNext(421)) - omNode-1@group-523986131536->omNode-2-InstallSnapshotResponseHandler: InstallSnapshot in progress.
2022-10-04 13:26:31,416 [omNode-1@group-523986131536->omNode-2-GrpcLogAppender-LogAppenderDaemon] INFO  server.GrpcLogAppender (GrpcLogAppender.java:installSnapshot(541)) - omNode-1@group-523986131536->omNode-2-GrpcLogAppender: followerNextIndex = 57 but logStartIndex = 59, notify follower to install snapshot-(t:6, i:59)
2022-10-04 13:26:31,416 [omNode-1@group-523986131536->omNode-2-GrpcLogAppender-LogAppenderDaemon] INFO  server.GrpcLogAppender (GrpcLogAppender.java:installSnapshot(549)) - omNode-1@group-523986131536->omNode-2-GrpcLogAppender: send omNode-1->omNode-2#0-t6,notify:(t:6, i:59)
2022-10-04 13:26:31,416 [omNode-2-server-thread1] INFO  server.RaftServer$Division (RaftServerImpl.java:checkInconsistentAppendEntries(1402)) - omNode-2@group-523986131536: Failed appendEntries as snapshot (59) installation is in progress
2022-10-04 13:26:31,416 [omNode-2-server-thread1] INFO  server.RaftServer$Division (RaftServerImpl.java:checkInconsistentAppendEntries(1394)) - omNode-2@group-523986131536: inconsistency entries. Reply:omNode-1<-omNode-2#792:FAIL-t6,INCONSISTENCY,nextIndex=57,followerCommit=56
2022-10-04 13:26:31,417 [grpc-default-executor-4] INFO  leader.FollowerInfo (FollowerInfoImpl.java:lambda$new$0(48)) - omNode-1@group-523986131536->omNode-2: nextIndex: updateUnconditionally 57 -> 57
2022-10-04 13:26:31,427 [grpc-default-executor-4] INFO  impl.SnapshotInstallationHandler (SnapshotInstallationHandler.java:installSnapshot(84)) - omNode-2@group-523986131536: receive installSnapshot: omNode-1->omNode-2#0-t6,notify:(t:6, i:59)
2022-10-04 13:26:31,427 [grpc-default-executor-4] INFO  impl.SnapshotInstallationHandler (SnapshotInstallationHandler.java:installSnapshot(95)) - omNode-2@group-523986131536: reply installSnapshot: omNode-1<-omNode-2#0:FAIL-t6,IN_PROGRESS
2022-10-04 13:26:31,427 [grpc-default-executor-4] INFO  server.GrpcServerProtocolService (GrpcServerProtocolService.java:onCompleted(140)) - omNode-2: Completed INSTALL_SNAPSHOT, lastRequest: omNode-1->omNode-2#0-t6,notify:(t:6, i:59)
2022-10-04 13:26:31,428 [grpc-default-executor-5] INFO  server.GrpcLogAppender (GrpcLogAppender.java:onNext(403)) - omNode-1@group-523986131536->omNode-2-InstallSnapshotResponseHandler: received a reply omNode-1<-omNode-2#0:FAIL-t6,IN_PROGRESS
2022-10-04 13:26:31,428 [grpc-default-executor-5] INFO  server.GrpcLogAppender (GrpcLogAppender.java:onNext(421)) - omNode-1@group-523986131536->omNode-2-InstallSnapshotResponseHandler: InstallSnapshot in progress.
2022-10-04 13:26:31,428 [omNode-1@group-523986131536->omNode-2-GrpcLogAppender-LogAppenderDaemon] INFO  server.GrpcLogAppender (GrpcLogAppender.java:installSnapshot(541)) - omNode-1@group-523986131536->omNode-2-GrpcLogAppender: followerNextIndex = 57 but logStartIndex = 59, notify follower to install snapshot-(t:6, i:59)
2022-10-04 13:26:31,428 [omNode-1@group-523986131536->omNode-2-GrpcLogAppender-LogAppenderDaemon] INFO  server.GrpcLogAppender (GrpcLogAppender.java:installSnapshot(549)) - omNode-1@group-523986131536->omNode-2-GrpcLogAppender: send omNode-1->omNode-2#0-t6,notify:(t:6, i:59)
2022-10-04 13:26:31,429 [omNode-2-server-thread1] INFO  server.RaftServer$Division (RaftServerImpl.java:checkInconsistentAppendEntries(1402)) - omNode-2@group-523986131536: Failed appendEntries as snapshot (59) installation is in progress
2022-10-04 13:26:31,429 [omNode-2-server-thread1] INFO  server.RaftServer$Division (RaftServerImpl.java:checkInconsistentAppendEntries(1394)) - omNode-2@group-523986131536: inconsistency entries. Reply:omNode-1<-omNode-2#793:FAIL-t6,INCONSISTENCY,nextIndex=57,followerCommit=56
2022-10-04 13:26:31,430 [grpc-default-executor-4] INFO  impl.SnapshotInstallationHandler (SnapshotInstallationHandler.java:installSnapshot(84)) - omNode-2@group-523986131536: receive installSnapshot: omNode-1->omNode-2#0-t6,notify:(t:6, i:59)
2022-10-04 13:26:31,430 [grpc-default-executor-4] INFO  impl.SnapshotInstallationHandler (SnapshotInstallationHandler.java:installSnapshot(95)) - omNode-2@group-523986131536: reply installSnapshot: omNode-1<-omNode-2#0:FAIL-t6,IN_PROGRESS
2022-10-04 13:26:31,430 [grpc-default-executor-4] INFO  server.GrpcServerProtocolService (GrpcServerProtocolService.java:onCompleted(140)) - omNode-2: Completed INSTALL_SNAPSHOT, lastRequest: omNode-1->omNode-2#0-t6,notify:(t:6, i:59)
2022-10-04 13:26:31,430 [grpc-default-executor-5] INFO  leader.FollowerInfo (FollowerInfoImpl.java:lambda$new$0(48)) - omNode-1@group-523986131536->omNode-2: nextIndex: updateUnconditionally 57 -> 57
2022-10-04 13:26:31,430 [grpc-default-executor-1] INFO  server.GrpcLogAppender (GrpcLogAppender.java:onNext(403)) - omNode-1@group-523986131536->omNode-2-InstallSnapshotResponseHandler: received a reply omNode-1<-omNode-2#0:FAIL-t6,IN_PROGRESS
2022-10-04 13:26:31,431 [grpc-default-executor-1] INFO  server.GrpcLogAppender (GrpcLogAppender.java:onNext(421)) - omNode-1@group-523986131536->omNode-2-InstallSnapshotResponseHandler: InstallSnapshot in progress.
2022-10-04 13:26:31,431 [omNode-1@group-523986131536->omNode-2-GrpcLogAppender-LogAppenderDaemon] INFO  server.GrpcLogAppender (GrpcLogAppender.java:installSnapshot(541)) - omNode-1@group-523986131536->omNode-2-GrpcLogAppender: followerNextIndex = 57 but logStartIndex = 59, notify follower to install snapshot-(t:6, i:59)
2022-10-04 13:26:31,432 [omNode-1@group-523986131536->omNode-2-GrpcLogAppender-LogAppenderDaemon] INFO  server.GrpcLogAppender (GrpcLogAppender.java:installSnapshot(549)) - omNode-1@group-523986131536->omNode-2-GrpcLogAppender: send omNode-1->omNode-2#0-t6,notify:(t:6, i:59)
2022-10-04 13:26:31,432 [omNode-2-server-thread1] INFO  server.RaftServer$Division (RaftServerImpl.java:checkInconsistentAppendEntries(1402)) - omNode-2@group-523986131536: Failed appendEntries as snapshot (59) installation is in progress
2022-10-04 13:26:31,433 [omNode-2-server-thread1] INFO  server.RaftServer$Division (RaftServerImpl.java:checkInconsistentAppendEntries(1394)) - omNode-2@group-523986131536: inconsistency entries. Reply:omNode-1<-omNode-2#794:FAIL-t6,INCONSISTENCY,nextIndex=57,followerCommit=56
2022-10-04 13:26:31,433 [grpc-default-executor-5] INFO  impl.SnapshotInstallationHandler (SnapshotInstallationHandler.java:installSnapshot(84)) - omNode-2@group-523986131536: receive installSnapshot: omNode-1->omNode-2#0-t6,notify:(t:6, i:59)
2022-10-04 13:26:31,433 [grpc-default-executor-5] INFO  impl.SnapshotInstallationHandler (SnapshotInstallationHandler.java:installSnapshot(95)) - omNode-2@group-523986131536: reply installSnapshot: omNode-1<-omNode-2#0:FAIL-t6,IN_PROGRESS
2022-10-04 13:26:31,433 [grpc-default-executor-5] INFO  server.GrpcServerProtocolService (GrpcServerProtocolService.java:onCompleted(140)) - omNode-2: Completed INSTALL_SNAPSHOT, lastRequest: omNode-1->omNode-2#0-t6,notify:(t:6, i:59)
2022-10-04 13:26:31,434 [grpc-default-executor-1] INFO  server.GrpcLogAppender (GrpcLogAppender.java:onNext(403)) - omNode-1@group-523986131536->omNode-2-InstallSnapshotResponseHandler: received a reply omNode-1<-omNode-2#0:FAIL-t6,IN_PROGRESS
2022-10-04 13:26:31,434 [grpc-default-executor-1] INFO  server.GrpcLogAppender (GrpcLogAppender.java:onNext(421)) - omNode-1@group-523986131536->omNode-2-InstallSnapshotResponseHandler: InstallSnapshot in progress.
2022-10-04 13:26:31,434 [grpc-default-executor-5] INFO  leader.FollowerInfo (FollowerInfoImpl.java:lambda$new$0(48)) - omNode-1@group-523986131536->omNode-2: nextIndex: updateUnconditionally 57 -> 57
2022-10-04 13:26:31,434 [omNode-1@group-523986131536->omNode-2-GrpcLogAppender-LogAppenderDaemon] INFO  server.GrpcLogAppender (GrpcLogAppender.java:installSnapshot(541)) - omNode-1@group-523986131536->omNode-2-GrpcLogAppender: followerNextIndex = 57 but logStartIndex = 59, notify follower to install snapshot-(t:6, i:59)
2022-10-04 13:26:31,434 [omNode-1@group-523986131536->omNode-2-GrpcLogAppender-LogAppenderDaemon] INFO  server.GrpcLogAppender (GrpcLogAppender.java:installSnapshot(549)) - omNode-1@group-523986131536->omNode-2-GrpcLogAppender: send omNode-1->omNode-2#0-t6,notify:(t:6, i:59)
2022-10-04 13:26:31,435 [omNode-2-server-thread1] INFO  server.RaftServer$Division (RaftServerImpl.java:checkInconsistentAppendEntries(1402)) - omNode-2@group-523986131536: Failed appendEntries as snapshot (59) installation is in progress
2022-10-04 13:26:31,435 [omNode-2-server-thread1] INFO  server.RaftServer$Division (RaftServerImpl.java:checkInconsistentAppendEntries(1394)) - omNode-2@group-523986131536: inconsistency entries. Reply:omNode-1<-omNode-2#795:FAIL-t6,INCONSISTENCY,nextIndex=57,followerCommit=56
2022-10-04 13:26:31,435 [grpc-default-executor-5] INFO  impl.SnapshotInstallationHandler (SnapshotInstallationHandler.java:installSnapshot(84)) - omNode-2@group-523986131536: receive installSnapshot: omNode-1->omNode-2#0-t6,notify:(t:6, i:59)
2022-10-04 13:26:31,435 [grpc-default-executor-5] INFO  impl.SnapshotInstallationHandler (SnapshotInstallationHandler.java:installSnapshot(95)) - omNode-2@group-523986131536: reply installSnapshot: omNode-1<-omNode-2#0:FAIL-t6,IN_PROGRESS
2022-10-04 13:26:31,436 [grpc-default-executor-5] INFO  server.GrpcServerProtocolService (GrpcServerProtocolService.java:onCompleted(140)) - omNode-2: Completed INSTALL_SNAPSHOT, lastRequest: omNode-1->omNode-2#0-t6,notify:(t:6, i:59)
2022-10-04 13:26:31,436 [grpc-default-executor-1] INFO  server.GrpcLogAppender (GrpcLogAppender.java:onNext(403)) - omNode-1@group-523986131536->omNode-2-InstallSnapshotResponseHandler: received a reply omNode-1<-omNode-2#0:FAIL-t6,IN_PROGRESS
2022-10-04 13:26:31,436 [grpc-default-executor-1] INFO  server.GrpcLogAppender (GrpcLogAppender.java:onNext(421)) - omNode-1@group-523986131536->omNode-2-InstallSnapshotResponseHandler: InstallSnapshot in progress.
2022-10-04 13:26:31,436 [omNode-1@group-523986131536->omNode-2-GrpcLogAppender-LogAppenderDaemon] INFO  server.GrpcLogAppender (GrpcLogAppender.java:installSnapshot(541)) - omNode-1@group-523986131536->omNode-2-GrpcLogAppender: followerNextIndex = 57 but logStartIndex = 59, notify follower to install snapshot-(t:6, i:59)
2022-10-04 13:26:31,436 [omNode-1@group-523986131536->omNode-2-GrpcLogAppender-LogAppenderDaemon] INFO  server.GrpcLogAppender (GrpcLogAppender.java:installSnapshot(549)) - omNode-1@group-523986131536->omNode-2-GrpcLogAppender: send omNode-1->omNode-2#0-t6,notify:(t:6, i:59)
2022-10-04 13:26:31,437 [grpc-default-executor-5] INFO  leader.FollowerInfo (FollowerInfoImpl.java:lambda$new$0(48)) - omNode-1@group-523986131536->omNode-2: nextIndex: updateUnconditionally 57 -> 57
2022-10-04 13:26:31,452 [omNode-2-server-thread1] INFO  server.RaftServer$Division (RaftServerImpl.java:checkInconsistentAppendEntries(1402)) - omNode-2@group-523986131536: Failed appendEntries as snapshot (59) installation is in progress
2022-10-04 13:26:31,452 [omNode-2-server-thread1] INFO  server.RaftServer$Division (RaftServerImpl.java:checkInconsistentAppendEntries(1394)) - omNode-2@group-523986131536: inconsistency entries. Reply:omNode-1<-omNode-2#796:FAIL-t6,INCONSISTENCY,nextIndex=57,followerCommit=56
2022-10-04 13:26:31,453 [grpc-default-executor-1] INFO  leader.FollowerInfo (FollowerInfoImpl.java:lambda$new$0(48)) - omNode-1@group-523986131536->omNode-2: nextIndex: updateUnconditionally 57 -> 57
2022-10-04 13:26:31,453 [grpc-default-executor-4] INFO  impl.SnapshotInstallationHandler (SnapshotInstallationHandler.java:installSnapshot(84)) - omNode-2@group-523986131536: receive installSnapshot: omNode-1->omNode-2#0-t6,notify:(t:6, i:59)
2022-10-04 13:26:31,453 [grpc-default-executor-4] INFO  impl.SnapshotInstallationHandler (SnapshotInstallationHandler.java:installSnapshot(95)) - omNode-2@group-523986131536: reply installSnapshot: omNode-1<-omNode-2#0:FAIL-t6,IN_PROGRESS
2022-10-04 13:26:31,453 [grpc-default-executor-4] INFO  server.GrpcServerProtocolService (GrpcServerProtocolService.java:onCompleted(140)) - omNode-2: Completed INSTALL_SNAPSHOT, lastRequest: omNode-1->omNode-2#0-t6,notify:(t:6, i:59)
2022-10-04 13:26:31,454 [grpc-default-executor-1] INFO  server.GrpcLogAppender (GrpcLogAppender.java:onNext(403)) - omNode-1@group-523986131536->omNode-2-InstallSnapshotResponseHandler: received a reply omNode-1<-omNode-2#0:FAIL-t6,IN_PROGRESS
2022-10-04 13:26:31,454 [grpc-default-executor-1] INFO  server.GrpcLogAppender (GrpcLogAppender.java:onNext(421)) - omNode-1@group-523986131536->omNode-2-InstallSnapshotResponseHandler: InstallSnapshot in progress.
2022-10-04 13:26:31,454 [Under Replicated Processor] INFO  replication.UnderReplicatedProcessor (UnderReplicatedProcessor.java:processAll(92)) - Processed 0 under replicated containers, failed processing 0
2022-10-04 13:26:31,467 [Over Replicated Processor] INFO  replication.OverReplicatedProcessor (OverReplicatedProcessor.java:processAll(90)) - Processed 0 over replicated containers, failed processing 0
2022-10-04 13:26:31,469 [OM StateMachine ApplyTransaction Thread - 0] ERROR key.OMKeysDeleteRequest (OMKeysDeleteRequest.java:validateAndUpdateCache(146)) - Received a request to delete a Key does not exist /volume89536/a4fbc2d6-b132-417d-8ff6-e3b1a8a21867/dir/file3
2022-10-04 13:26:31,484 [omNode-1@group-523986131536->omNode-2-GrpcLogAppender-LogAppenderDaemon] INFO  server.GrpcLogAppender (GrpcLogAppender.java:installSnapshot(541)) - omNode-1@group-523986131536->omNode-2-GrpcLogAppender: followerNextIndex = 57 but logStartIndex = 59, notify follower to install snapshot-(t:6, i:59)
2022-10-04 13:26:31,484 [omNode-1@group-523986131536->omNode-2-GrpcLogAppender-LogAppenderDaemon] INFO  server.GrpcLogAppender (GrpcLogAppender.java:installSnapshot(549)) - omNode-1@group-523986131536->omNode-2-GrpcLogAppender: send omNode-1->omNode-2#0-t6,notify:(t:6, i:59)
2022-10-04 13:26:31,484 [omNode-2-server-thread1] INFO  server.RaftServer$Division (RaftServerImpl.java:checkInconsistentAppendEntries(1402)) - omNode-2@group-523986131536: Failed appendEntries as snapshot (59) installation is in progress
2022-10-04 13:26:31,484 [omNode-2-server-thread1] INFO  server.RaftServer$Division (RaftServerImpl.java:checkInconsistentAppendEntries(1394)) - omNode-2@group-523986131536: inconsistency entries. Reply:omNode-1<-omNode-2#797:FAIL-t6,INCONSISTENCY,nextIndex=57,followerCommit=56
2022-10-04 13:26:31,485 [grpc-default-executor-4] INFO  leader.FollowerInfo (FollowerInfoImpl.java:lambda$new$0(48)) - omNode-1@group-523986131536->omNode-2: nextIndex: updateUnconditionally 57 -> 57
2022-10-04 13:26:31,521 [grpc-default-executor-3] INFO  impl.SnapshotInstallationHandler (SnapshotInstallationHandler.java:installSnapshot(84)) - omNode-2@group-523986131536: receive installSnapshot: omNode-1->omNode-2#0-t6,notify:(t:6, i:59)
2022-10-04 13:26:31,521 [grpc-default-executor-3] INFO  impl.SnapshotInstallationHandler (SnapshotInstallationHandler.java:installSnapshot(95)) - omNode-2@group-523986131536: reply installSnapshot: omNode-1<-omNode-2#0:FAIL-t6,IN_PROGRESS
2022-10-04 13:26:31,522 [grpc-default-executor-3] INFO  server.GrpcServerProtocolService (GrpcServerProtocolService.java:onCompleted(140)) - omNode-2: Completed INSTALL_SNAPSHOT, lastRequest: omNode-1->omNode-2#0-t6,notify:(t:6, i:59)
2022-10-04 13:26:31,527 [grpc-default-executor-3] INFO  server.GrpcLogAppender (GrpcLogAppender.java:onNext(403)) - omNode-1@group-523986131536->omNode-2-InstallSnapshotResponseHandler: received a reply omNode-1<-omNode-2#0:FAIL-t6,IN_PROGRESS
2022-10-04 13:26:31,527 [grpc-default-executor-3] INFO  server.GrpcLogAppender (GrpcLogAppender.java:onNext(421)) - omNode-1@group-523986131536->omNode-2-InstallSnapshotResponseHandler: InstallSnapshot in progress.
2022-10-04 13:26:31,527 [omNode-1@group-523986131536->omNode-2-GrpcLogAppender-LogAppenderDaemon] INFO  server.GrpcLogAppender (GrpcLogAppender.java:installSnapshot(541)) - omNode-1@group-523986131536->omNode-2-GrpcLogAppender: followerNextIndex = 57 but logStartIndex = 59, notify follower to install snapshot-(t:6, i:59)
2022-10-04 13:26:31,528 [omNode-1@group-523986131536->omNode-2-GrpcLogAppender-LogAppenderDaemon] INFO  server.GrpcLogAppender (GrpcLogAppender.java:installSnapshot(549)) - omNode-1@group-523986131536->omNode-2-GrpcLogAppender: send omNode-1->omNode-2#0-t6,notify:(t:6, i:59)
2022-10-04 13:26:31,529 [grpc-default-executor-3] INFO  impl.SnapshotInstallationHandler (SnapshotInstallationHandler.java:installSnapshot(84)) - omNode-2@group-523986131536: receive installSnapshot: omNode-1->omNode-2#0-t6,notify:(t:6, i:59)
2022-10-04 13:26:31,529 [grpc-default-executor-3] INFO  impl.SnapshotInstallationHandler (SnapshotInstallationHandler.java:installSnapshot(95)) - omNode-2@group-523986131536: reply installSnapshot: omNode-1<-omNode-2#0:FAIL-t6,IN_PROGRESS
2022-10-04 13:26:31,529 [omNode-2-server-thread1] INFO  server.RaftServer$Division (RaftServerImpl.java:checkInconsistentAppendEntries(1402)) - omNode-2@group-523986131536: Failed appendEntries as snapshot (59) installation is in progress
2022-10-04 13:26:31,529 [grpc-default-executor-3] INFO  server.GrpcServerProtocolService (GrpcServerProtocolService.java:onCompleted(140)) - omNode-2: Completed INSTALL_SNAPSHOT, lastRequest: omNode-1->omNode-2#0-t6,notify:(t:6, i:59)
2022-10-04 13:26:31,529 [omNode-2-server-thread1] INFO  server.RaftServer$Division (RaftServerImpl.java:checkInconsistentAppendEntries(1394)) - omNode-2@group-523986131536: inconsistency entries. Reply:omNode-1<-omNode-2#798:FAIL-t6,INCONSISTENCY,nextIndex=57,followerCommit=56
2022-10-04 13:26:31,530 [grpc-default-executor-4] INFO  server.GrpcLogAppender (GrpcLogAppender.java:onNext(403)) - omNode-1@group-523986131536->omNode-2-InstallSnapshotResponseHandler: received a reply omNode-1<-omNode-2#0:FAIL-t6,IN_PROGRESS
2022-10-04 13:26:31,530 [grpc-default-executor-4] INFO  server.GrpcLogAppender (GrpcLogAppender.java:onNext(421)) - omNode-1@group-523986131536->omNode-2-InstallSnapshotResponseHandler: InstallSnapshot in progress.
2022-10-04 13:26:31,530 [grpc-default-executor-3] INFO  leader.FollowerInfo (FollowerInfoImpl.java:lambda$new$0(48)) - omNode-1@group-523986131536->omNode-2: nextIndex: updateUnconditionally 57 -> 57
2022-10-04 13:26:31,530 [omNode-1@group-523986131536->omNode-2-GrpcLogAppender-LogAppenderDaemon] INFO  server.GrpcLogAppender (GrpcLogAppender.java:installSnapshot(541)) - omNode-1@group-523986131536->omNode-2-GrpcLogAppender: followerNextIndex = 57 but logStartIndex = 59, notify follower to install snapshot-(t:6, i:59)
2022-10-04 13:26:31,530 [omNode-1@group-523986131536->omNode-2-GrpcLogAppender-LogAppenderDaemon] INFO  server.GrpcLogAppender (GrpcLogAppender.java:installSnapshot(549)) - omNode-1@group-523986131536->omNode-2-GrpcLogAppender: send omNode-1->omNode-2#0-t6,notify:(t:6, i:59)
2022-10-04 13:26:31,531 [grpc-default-executor-3] INFO  impl.SnapshotInstallationHandler (SnapshotInstallationHandler.java:installSnapshot(84)) - omNode-2@group-523986131536: receive installSnapshot: omNode-1->omNode-2#0-t6,notify:(t:6, i:59)
2022-10-04 13:26:31,531 [omNode-2-server-thread1] INFO  server.RaftServer$Division (RaftServerImpl.java:checkInconsistentAppendEntries(1402)) - omNode-2@group-523986131536: Failed appendEntries as snapshot (59) installation is in progress
2022-10-04 13:26:31,531 [omNode-2-server-thread1] INFO  server.RaftServer$Division (RaftServerImpl.java:checkInconsistentAppendEntries(1394)) - omNode-2@group-523986131536: inconsistency entries. Reply:omNode-1<-omNode-2#799:FAIL-t6,INCONSISTENCY,nextIndex=57,followerCommit=56
2022-10-04 13:26:31,531 [grpc-default-executor-3] INFO  impl.SnapshotInstallationHandler (SnapshotInstallationHandler.java:installSnapshot(95)) - omNode-2@group-523986131536: reply installSnapshot: omNode-1<-omNode-2#0:FAIL-t6,IN_PROGRESS
2022-10-04 13:26:31,532 [grpc-default-executor-3] INFO  server.GrpcServerProtocolService (GrpcServerProtocolService.java:onCompleted(140)) - omNode-2: Completed INSTALL_SNAPSHOT, lastRequest: omNode-1->omNode-2#0-t6,notify:(t:6, i:59)
2022-10-04 13:26:31,532 [grpc-default-executor-4] INFO  leader.FollowerInfo (FollowerInfoImpl.java:lambda$new$0(48)) - omNode-1@group-523986131536->omNode-2: nextIndex: updateUnconditionally 57 -> 57
2022-10-04 13:26:31,532 [grpc-default-executor-4] INFO  server.GrpcLogAppender (GrpcLogAppender.java:onNext(403)) - omNode-1@group-523986131536->omNode-2-InstallSnapshotResponseHandler: received a reply omNode-1<-omNode-2#0:FAIL-t6,IN_PROGRESS
2022-10-04 13:26:31,532 [grpc-default-executor-4] INFO  server.GrpcLogAppender (GrpcLogAppender.java:onNext(421)) - omNode-1@group-523986131536->omNode-2-InstallSnapshotResponseHandler: InstallSnapshot in progress.
2022-10-04 13:26:31,533 [omNode-1@group-523986131536->omNode-2-GrpcLogAppender-LogAppenderDaemon] INFO  server.GrpcLogAppender (GrpcLogAppender.java:installSnapshot(541)) - omNode-1@group-523986131536->omNode-2-GrpcLogAppender: followerNextIndex = 57 but logStartIndex = 59, notify follower to install snapshot-(t:6, i:59)
2022-10-04 13:26:31,533 [omNode-1@group-523986131536->omNode-2-GrpcLogAppender-LogAppenderDaemon] INFO  server.GrpcLogAppender (GrpcLogAppender.java:installSnapshot(549)) - omNode-1@group-523986131536->omNode-2-GrpcLogAppender: send omNode-1->omNode-2#0-t6,notify:(t:6, i:59)
2022-10-04 13:26:31,534 [omNode-2-server-thread1] INFO  server.RaftServer$Division (RaftServerImpl.java:checkInconsistentAppendEntries(1402)) - omNode-2@group-523986131536: Failed appendEntries as snapshot (59) installation is in progress
2022-10-04 13:26:31,534 [omNode-2-server-thread1] INFO  server.RaftServer$Division (RaftServerImpl.java:checkInconsistentAppendEntries(1394)) - omNode-2@group-523986131536: inconsistency entries. Reply:omNode-1<-omNode-2#800:FAIL-t6,INCONSISTENCY,nextIndex=57,followerCommit=56
2022-10-04 13:26:31,534 [grpc-default-executor-4] INFO  impl.SnapshotInstallationHandler (SnapshotInstallationHandler.java:installSnapshot(84)) - omNode-2@group-523986131536: receive installSnapshot: omNode-1->omNode-2#0-t6,notify:(t:6, i:59)
2022-10-04 13:26:31,534 [grpc-default-executor-4] INFO  impl.SnapshotInstallationHandler (SnapshotInstallationHandler.java:installSnapshot(95)) - omNode-2@group-523986131536: reply installSnapshot: omNode-1<-omNode-2#0:FAIL-t6,IN_PROGRESS
2022-10-04 13:26:31,534 [grpc-default-executor-4] INFO  server.GrpcServerProtocolService (GrpcServerProtocolService.java:onCompleted(140)) - omNode-2: Completed INSTALL_SNAPSHOT, lastRequest: omNode-1->omNode-2#0-t6,notify:(t:6, i:59)
2022-10-04 13:26:31,535 [grpc-default-executor-4] INFO  leader.FollowerInfo (FollowerInfoImpl.java:lambda$new$0(48)) - omNode-1@group-523986131536->omNode-2: nextIndex: updateUnconditionally 57 -> 57
2022-10-04 13:26:31,535 [grpc-default-executor-3] INFO  server.GrpcLogAppender (GrpcLogAppender.java:onNext(403)) - omNode-1@group-523986131536->omNode-2-InstallSnapshotResponseHandler: received a reply omNode-1<-omNode-2#0:FAIL-t6,IN_PROGRESS
2022-10-04 13:26:31,535 [grpc-default-executor-3] INFO  server.GrpcLogAppender (GrpcLogAppender.java:onNext(421)) - omNode-1@group-523986131536->omNode-2-InstallSnapshotResponseHandler: InstallSnapshot in progress.
2022-10-04 13:26:31,536 [omNode-1@group-523986131536->omNode-2-GrpcLogAppender-LogAppenderDaemon] INFO  server.GrpcLogAppender (GrpcLogAppender.java:installSnapshot(541)) - omNode-1@group-523986131536->omNode-2-GrpcLogAppender: followerNextIndex = 57 but logStartIndex = 59, notify follower to install snapshot-(t:6, i:59)
2022-10-04 13:26:31,536 [omNode-1@group-523986131536->omNode-2-GrpcLogAppender-LogAppenderDaemon] INFO  server.GrpcLogAppender (GrpcLogAppender.java:installSnapshot(549)) - omNode-1@group-523986131536->omNode-2-GrpcLogAppender: send omNode-1->omNode-2#0-t6,notify:(t:6, i:59)
2022-10-04 13:26:31,537 [grpc-default-executor-3] INFO  impl.SnapshotInstallationHandler (SnapshotInstallationHandler.java:installSnapshot(84)) - omNode-2@group-523986131536: receive installSnapshot: omNode-1->omNode-2#0-t6,notify:(t:6, i:59)
2022-10-04 13:26:31,537 [omNode-2-server-thread1] INFO  server.RaftServer$Division (RaftServerImpl.java:checkInconsistentAppendEntries(1402)) - omNode-2@group-523986131536: Failed appendEntries as snapshot (59) installation is in progress
2022-10-04 13:26:31,537 [omNode-2-server-thread1] INFO  server.RaftServer$Division (RaftServerImpl.java:checkInconsistentAppendEntries(1394)) - omNode-2@group-523986131536: inconsistency entries. Reply:omNode-1<-omNode-2#801:FAIL-t6,INCONSISTENCY,nextIndex=57,followerCommit=56
2022-10-04 13:26:31,537 [grpc-default-executor-3] INFO  impl.SnapshotInstallationHandler (SnapshotInstallationHandler.java:installSnapshot(95)) - omNode-2@group-523986131536: reply installSnapshot: omNode-1<-omNode-2#0:FAIL-t6,IN_PROGRESS
2022-10-04 13:26:31,537 [grpc-default-executor-4] INFO  leader.FollowerInfo (FollowerInfoImpl.java:lambda$new$0(48)) - omNode-1@group-523986131536->omNode-2: nextIndex: updateUnconditionally 57 -> 57
2022-10-04 13:26:31,537 [grpc-default-executor-3] INFO  server.GrpcServerProtocolService (GrpcServerProtocolService.java:onCompleted(140)) - omNode-2: Completed INSTALL_SNAPSHOT, lastRequest: omNode-1->omNode-2#0-t6,notify:(t:6, i:59)
2022-10-04 13:26:31,538 [grpc-default-executor-3] INFO  server.GrpcLogAppender (GrpcLogAppender.java:onNext(403)) - omNode-1@group-523986131536->omNode-2-InstallSnapshotResponseHandler: received a reply omNode-1<-omNode-2#0:FAIL-t6,IN_PROGRESS
2022-10-04 13:26:31,538 [grpc-default-executor-3] INFO  server.GrpcLogAppender (GrpcLogAppender.java:onNext(421)) - omNode-1@group-523986131536->omNode-2-InstallSnapshotResponseHandler: InstallSnapshot in progress.
2022-10-04 13:26:31,539 [omNode-1@group-523986131536->omNode-2-GrpcLogAppender-LogAppenderDaemon] INFO  server.GrpcLogAppender (GrpcLogAppender.java:installSnapshot(541)) - omNode-1@group-523986131536->omNode-2-GrpcLogAppender: followerNextIndex = 57 but logStartIndex = 59, notify follower to install snapshot-(t:6, i:59)
2022-10-04 13:26:31,539 [omNode-1@group-523986131536->omNode-2-GrpcLogAppender-LogAppenderDaemon] INFO  server.GrpcLogAppender (GrpcLogAppender.java:installSnapshot(549)) - omNode-1@group-523986131536->omNode-2-GrpcLogAppender: send omNode-1->omNode-2#0-t6,notify:(t:6, i:59)
2022-10-04 13:26:31,540 [grpc-default-executor-3] INFO  impl.SnapshotInstallationHandler (SnapshotInstallationHandler.java:installSnapshot(84)) - omNode-2@group-523986131536: receive installSnapshot: omNode-1->omNode-2#0-t6,notify:(t:6, i:59)
2022-10-04 13:26:31,540 [omNode-2-server-thread1] INFO  server.RaftServer$Division (RaftServerImpl.java:checkInconsistentAppendEntries(1402)) - omNode-2@group-523986131536: Failed appendEntries as snapshot (59) installation is in progress
2022-10-04 13:26:31,541 [omNode-2-server-thread1] INFO  server.RaftServer$Division (RaftServerImpl.java:checkInconsistentAppendEntries(1394)) - omNode-2@group-523986131536: inconsistency entries. Reply:omNode-1<-omNode-2#802:FAIL-t6,INCONSISTENCY,nextIndex=57,followerCommit=56
2022-10-04 13:26:31,541 [grpc-default-executor-3] INFO  impl.SnapshotInstallationHandler (SnapshotInstallationHandler.java:installSnapshot(95)) - omNode-2@group-523986131536: reply installSnapshot: omNode-1<-omNode-2#0:FAIL-t6,IN_PROGRESS
2022-10-04 13:26:31,541 [grpc-default-executor-3] INFO  leader.FollowerInfo (FollowerInfoImpl.java:lambda$new$0(48)) - omNode-1@group-523986131536->omNode-2: nextIndex: updateUnconditionally 57 -> 57
2022-10-04 13:26:31,541 [grpc-default-executor-4] INFO  server.GrpcServerProtocolService (GrpcServerProtocolService.java:onCompleted(140)) - omNode-2: Completed INSTALL_SNAPSHOT, lastRequest: omNode-1->omNode-2#0-t6,notify:(t:6, i:59)
2022-10-04 13:26:31,542 [grpc-default-executor-4] INFO  server.GrpcLogAppender (GrpcLogAppender.java:onNext(403)) - omNode-1@group-523986131536->omNode-2-InstallSnapshotResponseHandler: received a reply omNode-1<-omNode-2#0:FAIL-t6,IN_PROGRESS
2022-10-04 13:26:31,542 [grpc-default-executor-4] INFO  server.GrpcLogAppender (GrpcLogAppender.java:onNext(421)) - omNode-1@group-523986131536->omNode-2-InstallSnapshotResponseHandler: InstallSnapshot in progress.
2022-10-04 13:26:31,542 [omNode-1@group-523986131536->omNode-2-GrpcLogAppender-LogAppenderDaemon] INFO  server.GrpcLogAppender (GrpcLogAppender.java:installSnapshot(541)) - omNode-1@group-523986131536->omNode-2-GrpcLogAppender: followerNextIndex = 57 but logStartIndex = 59, notify follower to install snapshot-(t:6, i:59)
2022-10-04 13:26:31,542 [omNode-1@group-523986131536->omNode-2-GrpcLogAppender-LogAppenderDaemon] INFO  server.GrpcLogAppender (GrpcLogAppender.java:installSnapshot(549)) - omNode-1@group-523986131536->omNode-2-GrpcLogAppender: send omNode-1->omNode-2#0-t6,notify:(t:6, i:59)
2022-10-04 13:26:31,543 [omNode-2-server-thread1] INFO  server.RaftServer$Division (RaftServerImpl.java:checkInconsistentAppendEntries(1402)) - omNode-2@group-523986131536: Failed appendEntries as snapshot (59) installation is in progress
2022-10-04 13:26:31,543 [omNode-2-server-thread1] INFO  server.RaftServer$Division (RaftServerImpl.java:checkInconsistentAppendEntries(1394)) - omNode-2@group-523986131536: inconsistency entries. Reply:omNode-1<-omNode-2#803:FAIL-t6,INCONSISTENCY,nextIndex=57,followerCommit=56
2022-10-04 13:26:31,544 [grpc-default-executor-4] INFO  impl.SnapshotInstallationHandler (SnapshotInstallationHandler.java:installSnapshot(84)) - omNode-2@group-523986131536: receive installSnapshot: omNode-1->omNode-2#0-t6,notify:(t:6, i:59)
2022-10-04 13:26:31,544 [grpc-default-executor-4] INFO  impl.SnapshotInstallationHandler (SnapshotInstallationHandler.java:installSnapshot(95)) - omNode-2@group-523986131536: reply installSnapshot: omNode-1<-omNode-2#0:FAIL-t6,IN_PROGRESS
2022-10-04 13:26:31,544 [grpc-default-executor-4] INFO  server.GrpcServerProtocolService (GrpcServerProtocolService.java:onCompleted(140)) - omNode-2: Completed INSTALL_SNAPSHOT, lastRequest: omNode-1->omNode-2#0-t6,notify:(t:6, i:59)
2022-10-04 13:26:31,545 [grpc-default-executor-3] INFO  server.GrpcLogAppender (GrpcLogAppender.java:onNext(403)) - omNode-1@group-523986131536->omNode-2-InstallSnapshotResponseHandler: received a reply omNode-1<-omNode-2#0:FAIL-t6,IN_PROGRESS
2022-10-04 13:26:31,545 [grpc-default-executor-3] INFO  server.GrpcLogAppender (GrpcLogAppender.java:onNext(421)) - omNode-1@group-523986131536->omNode-2-InstallSnapshotResponseHandler: InstallSnapshot in progress.
2022-10-04 13:26:31,545 [grpc-default-executor-4] INFO  leader.FollowerInfo (FollowerInfoImpl.java:lambda$new$0(48)) - omNode-1@group-523986131536->omNode-2: nextIndex: updateUnconditionally 57 -> 57
2022-10-04 13:26:31,545 [omNode-1@group-523986131536->omNode-2-GrpcLogAppender-LogAppenderDaemon] INFO  server.GrpcLogAppender (GrpcLogAppender.java:installSnapshot(541)) - omNode-1@group-523986131536->omNode-2-GrpcLogAppender: followerNextIndex = 57 but logStartIndex = 59, notify follower to install snapshot-(t:6, i:59)
2022-10-04 13:26:31,545 [omNode-1@group-523986131536->omNode-2-GrpcLogAppender-LogAppenderDaemon] INFO  server.GrpcLogAppender (GrpcLogAppender.java:installSnapshot(549)) - omNode-1@group-523986131536->omNode-2-GrpcLogAppender: send omNode-1->omNode-2#0-t6,notify:(t:6, i:59)
2022-10-04 13:26:31,551 [grpc-default-executor-3] INFO  impl.SnapshotInstallationHandler (SnapshotInstallationHandler.java:installSnapshot(84)) - omNode-2@group-523986131536: receive installSnapshot: omNode-1->omNode-2#0-t6,notify:(t:6, i:59)
2022-10-04 13:26:31,551 [omNode-2-server-thread1] INFO  server.RaftServer$Division (RaftServerImpl.java:checkInconsistentAppendEntries(1402)) - omNode-2@group-523986131536: Failed appendEntries as snapshot (59) installation is in progress
2022-10-04 13:26:31,551 [omNode-2-server-thread1] INFO  server.RaftServer$Division (RaftServerImpl.java:checkInconsistentAppendEntries(1394)) - omNode-2@group-523986131536: inconsistency entries. Reply:omNode-1<-omNode-2#804:FAIL-t6,INCONSISTENCY,nextIndex=57,followerCommit=56
2022-10-04 13:26:31,552 [grpc-default-executor-3] INFO  impl.SnapshotInstallationHandler (SnapshotInstallationHandler.java:installSnapshot(95)) - omNode-2@group-523986131536: reply installSnapshot: omNode-1<-omNode-2#0:FAIL-t6,IN_PROGRESS
2022-10-04 13:26:31,552 [grpc-default-executor-3] INFO  server.GrpcServerProtocolService (GrpcServerProtocolService.java:onCompleted(140)) - omNode-2: Completed INSTALL_SNAPSHOT, lastRequest: omNode-1->omNode-2#0-t6,notify:(t:6, i:59)
2022-10-04 13:26:31,552 [grpc-default-executor-1] INFO  server.GrpcLogAppender (GrpcLogAppender.java:onNext(403)) - omNode-1@group-523986131536->omNode-2-InstallSnapshotResponseHandler: received a reply omNode-1<-omNode-2#0:FAIL-t6,IN_PROGRESS
2022-10-04 13:26:31,552 [grpc-default-executor-4] INFO  leader.FollowerInfo (FollowerInfoImpl.java:lambda$new$0(48)) - omNode-1@group-523986131536->omNode-2: nextIndex: updateUnconditionally 57 -> 57
2022-10-04 13:26:31,552 [grpc-default-executor-1] INFO  server.GrpcLogAppender (GrpcLogAppender.java:onNext(421)) - omNode-1@group-523986131536->omNode-2-InstallSnapshotResponseHandler: InstallSnapshot in progress.
2022-10-04 13:26:31,559 [omNode-2-server-thread1] INFO  server.RaftServer$Division (RaftServerImpl.java:checkInconsistentAppendEntries(1402)) - omNode-2@group-523986131536: Failed appendEntries as snapshot (59) installation is in progress
2022-10-04 13:26:31,559 [omNode-2-server-thread1] INFO  server.RaftServer$Division (RaftServerImpl.java:checkInconsistentAppendEntries(1394)) - omNode-2@group-523986131536: inconsistency entries. Reply:omNode-1<-omNode-2#805:FAIL-t6,INCONSISTENCY,nextIndex=57,followerCommit=56
2022-10-04 13:26:31,560 [omNode-1@group-523986131536->omNode-2-GrpcLogAppender-LogAppenderDaemon] INFO  server.GrpcLogAppender (GrpcLogAppender.java:installSnapshot(541)) - omNode-1@group-523986131536->omNode-2-GrpcLogAppender: followerNextIndex = 57 but logStartIndex = 59, notify follower to install snapshot-(t:6, i:59)
2022-10-04 13:26:31,560 [omNode-1@group-523986131536->omNode-2-GrpcLogAppender-LogAppenderDaemon] INFO  server.GrpcLogAppender (GrpcLogAppender.java:installSnapshot(549)) - omNode-1@group-523986131536->omNode-2-GrpcLogAppender: send omNode-1->omNode-2#0-t6,notify:(t:6, i:59)
2022-10-04 13:26:31,561 [grpc-default-executor-4] INFO  impl.SnapshotInstallationHandler (SnapshotInstallationHandler.java:installSnapshot(84)) - omNode-2@group-523986131536: receive installSnapshot: omNode-1->omNode-2#0-t6,notify:(t:6, i:59)
2022-10-04 13:26:31,561 [grpc-default-executor-4] INFO  impl.SnapshotInstallationHandler (SnapshotInstallationHandler.java:installSnapshot(95)) - omNode-2@group-523986131536: reply installSnapshot: omNode-1<-omNode-2#0:FAIL-t6,IN_PROGRESS
2022-10-04 13:26:31,562 [grpc-default-executor-1] INFO  leader.FollowerInfo (FollowerInfoImpl.java:lambda$new$0(48)) - omNode-1@group-523986131536->omNode-2: nextIndex: updateUnconditionally 57 -> 57
2022-10-04 13:26:31,562 [grpc-default-executor-4] INFO  server.GrpcLogAppender (GrpcLogAppender.java:onNext(403)) - omNode-1@group-523986131536->omNode-2-InstallSnapshotResponseHandler: received a reply omNode-1<-omNode-2#0:FAIL-t6,IN_PROGRESS
2022-10-04 13:26:31,562 [grpc-default-executor-4] INFO  server.GrpcLogAppender (GrpcLogAppender.java:onNext(421)) - omNode-1@group-523986131536->omNode-2-InstallSnapshotResponseHandler: InstallSnapshot in progress.
2022-10-04 13:26:31,571 [grpc-default-executor-4] INFO  server.GrpcServerProtocolService (GrpcServerProtocolService.java:onCompleted(140)) - omNode-2: Completed INSTALL_SNAPSHOT, lastRequest: omNode-1->omNode-2#0-t6,notify:(t:6, i:59)
2022-10-04 13:26:31,573 [omNode-1@group-523986131536->omNode-2-GrpcLogAppender-LogAppenderDaemon] INFO  server.GrpcLogAppender (GrpcLogAppender.java:installSnapshot(541)) - omNode-1@group-523986131536->omNode-2-GrpcLogAppender: followerNextIndex = 57 but logStartIndex = 59, notify follower to install snapshot-(t:6, i:59)
2022-10-04 13:26:31,573 [omNode-1@group-523986131536->omNode-2-GrpcLogAppender-LogAppenderDaemon] INFO  server.GrpcLogAppender (GrpcLogAppender.java:installSnapshot(549)) - omNode-1@group-523986131536->omNode-2-GrpcLogAppender: send omNode-1->omNode-2#0-t6,notify:(t:6, i:59)
2022-10-04 13:26:31,573 [omNode-2-server-thread1] INFO  server.RaftServer$Division (RaftServerImpl.java:checkInconsistentAppendEntries(1402)) - omNode-2@group-523986131536: Failed appendEntries as snapshot (59) installation is in progress
2022-10-04 13:26:31,573 [omNode-2-server-thread1] INFO  server.RaftServer$Division (RaftServerImpl.java:checkInconsistentAppendEntries(1394)) - omNode-2@group-523986131536: inconsistency entries. Reply:omNode-1<-omNode-2#806:FAIL-t6,INCONSISTENCY,nextIndex=57,followerCommit=56
2022-10-04 13:26:31,574 [grpc-default-executor-4] INFO  leader.FollowerInfo (FollowerInfoImpl.java:lambda$new$0(48)) - omNode-1@group-523986131536->omNode-2: nextIndex: updateUnconditionally 57 -> 57
2022-10-04 13:26:31,574 [grpc-default-executor-4] INFO  impl.SnapshotInstallationHandler (SnapshotInstallationHandler.java:installSnapshot(84)) - omNode-2@group-523986131536: receive installSnapshot: omNode-1->omNode-2#0-t6,notify:(t:6, i:59)
2022-10-04 13:26:31,574 [grpc-default-executor-4] INFO  impl.SnapshotInstallationHandler (SnapshotInstallationHandler.java:installSnapshot(95)) - omNode-2@group-523986131536: reply installSnapshot: omNode-1<-omNode-2#0:FAIL-t6,IN_PROGRESS
2022-10-04 13:26:31,574 [grpc-default-executor-4] INFO  server.GrpcServerProtocolService (GrpcServerProtocolService.java:onCompleted(140)) - omNode-2: Completed INSTALL_SNAPSHOT, lastRequest: omNode-1->omNode-2#0-t6,notify:(t:6, i:59)
2022-10-04 13:26:31,575 [grpc-default-executor-1] INFO  server.GrpcLogAppender (GrpcLogAppender.java:onNext(403)) - omNode-1@group-523986131536->omNode-2-InstallSnapshotResponseHandler: received a reply omNode-1<-omNode-2#0:FAIL-t6,IN_PROGRESS
2022-10-04 13:26:31,575 [grpc-default-executor-1] INFO  server.GrpcLogAppender (GrpcLogAppender.java:onNext(421)) - omNode-1@group-523986131536->omNode-2-InstallSnapshotResponseHandler: InstallSnapshot in progress.
2022-10-04 13:26:31,575 [omNode-1@group-523986131536->omNode-2-GrpcLogAppender-LogAppenderDaemon] INFO  server.GrpcLogAppender (GrpcLogAppender.java:installSnapshot(541)) - omNode-1@group-523986131536->omNode-2-GrpcLogAppender: followerNextIndex = 57 but logStartIndex = 59, notify follower to install snapshot-(t:6, i:59)
2022-10-04 13:26:31,575 [omNode-1@group-523986131536->omNode-2-GrpcLogAppender-LogAppenderDaemon] INFO  server.GrpcLogAppender (GrpcLogAppender.java:installSnapshot(549)) - omNode-1@group-523986131536->omNode-2-GrpcLogAppender: send omNode-1->omNode-2#0-t6,notify:(t:6, i:59)
2022-10-04 13:26:31,575 [omNode-2-server-thread1] INFO  server.RaftServer$Division (RaftServerImpl.java:checkInconsistentAppendEntries(1402)) - omNode-2@group-523986131536: Failed appendEntries as snapshot (59) installation is in progress
2022-10-04 13:26:31,575 [omNode-2-server-thread1] INFO  server.RaftServer$Division (RaftServerImpl.java:checkInconsistentAppendEntries(1394)) - omNode-2@group-523986131536: inconsistency entries. Reply:omNode-1<-omNode-2#807:FAIL-t6,INCONSISTENCY,nextIndex=57,followerCommit=56
2022-10-04 13:26:31,576 [grpc-default-executor-1] INFO  impl.SnapshotInstallationHandler (SnapshotInstallationHandler.java:installSnapshot(84)) - omNode-2@group-523986131536: receive installSnapshot: omNode-1->omNode-2#0-t6,notify:(t:6, i:59)
2022-10-04 13:26:31,576 [grpc-default-executor-4] INFO  leader.FollowerInfo (FollowerInfoImpl.java:lambda$new$0(48)) - omNode-1@group-523986131536->omNode-2: nextIndex: updateUnconditionally 57 -> 57
2022-10-04 13:26:31,576 [grpc-default-executor-1] INFO  impl.SnapshotInstallationHandler (SnapshotInstallationHandler.java:installSnapshot(95)) - omNode-2@group-523986131536: reply installSnapshot: omNode-1<-omNode-2#0:FAIL-t6,IN_PROGRESS
2022-10-04 13:26:31,576 [grpc-default-executor-1] INFO  server.GrpcServerProtocolService (GrpcServerProtocolService.java:onCompleted(140)) - omNode-2: Completed INSTALL_SNAPSHOT, lastRequest: omNode-1->omNode-2#0-t6,notify:(t:6, i:59)
2022-10-04 13:26:31,577 [grpc-default-executor-1] INFO  server.GrpcLogAppender (GrpcLogAppender.java:onNext(403)) - omNode-1@group-523986131536->omNode-2-InstallSnapshotResponseHandler: received a reply omNode-1<-omNode-2#0:FAIL-t6,IN_PROGRESS
2022-10-04 13:26:31,577 [grpc-default-executor-1] INFO  server.GrpcLogAppender (GrpcLogAppender.java:onNext(421)) - omNode-1@group-523986131536->omNode-2-InstallSnapshotResponseHandler: InstallSnapshot in progress.
2022-10-04 13:26:31,577 [omNode-1@group-523986131536->omNode-2-GrpcLogAppender-LogAppenderDaemon] INFO  server.GrpcLogAppender (GrpcLogAppender.java:installSnapshot(541)) - omNode-1@group-523986131536->omNode-2-GrpcLogAppender: followerNextIndex = 57 but logStartIndex = 59, notify follower to install snapshot-(t:6, i:59)
2022-10-04 13:26:31,577 [omNode-2-server-thread1] INFO  server.RaftServer$Division (RaftServerImpl.java:checkInconsistentAppendEntries(1402)) - omNode-2@group-523986131536: Failed appendEntries as snapshot (59) installation is in progress
2022-10-04 13:26:31,577 [omNode-1@group-523986131536->omNode-2-GrpcLogAppender-LogAppenderDaemon] INFO  server.GrpcLogAppender (GrpcLogAppender.java:installSnapshot(549)) - omNode-1@group-523986131536->omNode-2-GrpcLogAppender: send omNode-1->omNode-2#0-t6,notify:(t:6, i:59)
2022-10-04 13:26:31,577 [omNode-2-server-thread1] INFO  server.RaftServer$Division (RaftServerImpl.java:checkInconsistentAppendEntries(1394)) - omNode-2@group-523986131536: inconsistency entries. Reply:omNode-1<-omNode-2#808:FAIL-t6,INCONSISTENCY,nextIndex=57,followerCommit=56
2022-10-04 13:26:31,580 [grpc-default-executor-1] INFO  leader.FollowerInfo (FollowerInfoImpl.java:lambda$new$0(48)) - omNode-1@group-523986131536->omNode-2: nextIndex: updateUnconditionally 57 -> 57
2022-10-04 13:26:31,580 [grpc-default-executor-1] INFO  impl.SnapshotInstallationHandler (SnapshotInstallationHandler.java:installSnapshot(84)) - omNode-2@group-523986131536: receive installSnapshot: omNode-1->omNode-2#0-t6,notify:(t:6, i:59)
2022-10-04 13:26:31,581 [grpc-default-executor-1] INFO  impl.SnapshotInstallationHandler (SnapshotInstallationHandler.java:installSnapshot(95)) - omNode-2@group-523986131536: reply installSnapshot: omNode-1<-omNode-2#0:FAIL-t6,IN_PROGRESS
2022-10-04 13:26:31,581 [grpc-default-executor-1] INFO  server.GrpcServerProtocolService (GrpcServerProtocolService.java:onCompleted(140)) - omNode-2: Completed INSTALL_SNAPSHOT, lastRequest: omNode-1->omNode-2#0-t6,notify:(t:6, i:59)
2022-10-04 13:26:31,581 [grpc-default-executor-1] INFO  server.GrpcLogAppender (GrpcLogAppender.java:onNext(403)) - omNode-1@group-523986131536->omNode-2-InstallSnapshotResponseHandler: received a reply omNode-1<-omNode-2#0:FAIL-t6,IN_PROGRESS
2022-10-04 13:26:31,581 [grpc-default-executor-1] INFO  server.GrpcLogAppender (GrpcLogAppender.java:onNext(421)) - omNode-1@group-523986131536->omNode-2-InstallSnapshotResponseHandler: InstallSnapshot in progress.
2022-10-04 13:26:31,581 [omNode-1@group-523986131536->omNode-2-GrpcLogAppender-LogAppenderDaemon] INFO  server.GrpcLogAppender (GrpcLogAppender.java:installSnapshot(541)) - omNode-1@group-523986131536->omNode-2-GrpcLogAppender: followerNextIndex = 57 but logStartIndex = 59, notify follower to install snapshot-(t:6, i:59)
2022-10-04 13:26:31,582 [omNode-2-server-thread1] INFO  server.RaftServer$Division (RaftServerImpl.java:checkInconsistentAppendEntries(1402)) - omNode-2@group-523986131536: Failed appendEntries as snapshot (59) installation is in progress
2022-10-04 13:26:31,582 [omNode-2-server-thread1] INFO  server.RaftServer$Division (RaftServerImpl.java:checkInconsistentAppendEntries(1394)) - omNode-2@group-523986131536: inconsistency entries. Reply:omNode-1<-omNode-2#809:FAIL-t6,INCONSISTENCY,nextIndex=57,followerCommit=56
2022-10-04 13:26:31,582 [omNode-1@group-523986131536->omNode-2-GrpcLogAppender-LogAppenderDaemon] INFO  server.GrpcLogAppender (GrpcLogAppender.java:installSnapshot(549)) - omNode-1@group-523986131536->omNode-2-GrpcLogAppender: send omNode-1->omNode-2#0-t6,notify:(t:6, i:59)
2022-10-04 13:26:31,582 [grpc-default-executor-1] INFO  leader.FollowerInfo (FollowerInfoImpl.java:lambda$new$0(48)) - omNode-1@group-523986131536->omNode-2: nextIndex: updateUnconditionally 57 -> 57
2022-10-04 13:26:31,583 [grpc-default-executor-1] INFO  impl.SnapshotInstallationHandler (SnapshotInstallationHandler.java:installSnapshot(84)) - omNode-2@group-523986131536: receive installSnapshot: omNode-1->omNode-2#0-t6,notify:(t:6, i:59)
2022-10-04 13:26:31,583 [grpc-default-executor-1] INFO  impl.SnapshotInstallationHandler (SnapshotInstallationHandler.java:installSnapshot(95)) - omNode-2@group-523986131536: reply installSnapshot: omNode-1<-omNode-2#0:FAIL-t6,IN_PROGRESS
2022-10-04 13:26:31,583 [grpc-default-executor-1] INFO  server.GrpcServerProtocolService (GrpcServerProtocolService.java:onCompleted(140)) - omNode-2: Completed INSTALL_SNAPSHOT, lastRequest: omNode-1->omNode-2#0-t6,notify:(t:6, i:59)
2022-10-04 13:26:31,584 [grpc-default-executor-1] INFO  server.GrpcLogAppender (GrpcLogAppender.java:onNext(403)) - omNode-1@group-523986131536->omNode-2-InstallSnapshotResponseHandler: received a reply omNode-1<-omNode-2#0:FAIL-t6,IN_PROGRESS
2022-10-04 13:26:31,584 [grpc-default-executor-1] INFO  server.GrpcLogAppender (GrpcLogAppender.java:onNext(421)) - omNode-1@group-523986131536->omNode-2-InstallSnapshotResponseHandler: InstallSnapshot in progress.
2022-10-04 13:26:31,589 [omNode-2-server-thread1] INFO  server.RaftServer$Division (RaftServerImpl.java:checkInconsistentAppendEntries(1402)) - omNode-2@group-523986131536: Failed appendEntries as snapshot (59) installation is in progress
2022-10-04 13:26:31,589 [omNode-2-server-thread1] INFO  server.RaftServer$Division (RaftServerImpl.java:checkInconsistentAppendEntries(1394)) - omNode-2@group-523986131536: inconsistency entries. Reply:omNode-1<-omNode-2#810:FAIL-t6,INCONSISTENCY,nextIndex=57,followerCommit=56
2022-10-04 13:26:31,590 [omNode-1@group-523986131536->omNode-2-GrpcLogAppender-LogAppenderDaemon] INFO  server.GrpcLogAppender (GrpcLogAppender.java:installSnapshot(541)) - omNode-1@group-523986131536->omNode-2-GrpcLogAppender: followerNextIndex = 57 but logStartIndex = 59, notify follower to install snapshot-(t:6, i:59)
2022-10-04 13:26:31,590 [grpc-default-executor-1] INFO  leader.FollowerInfo (FollowerInfoImpl.java:lambda$new$0(48)) - omNode-1@group-523986131536->omNode-2: nextIndex: updateUnconditionally 57 -> 57
2022-10-04 13:26:31,590 [omNode-1@group-523986131536->omNode-2-GrpcLogAppender-LogAppenderDaemon] INFO  server.GrpcLogAppender (GrpcLogAppender.java:installSnapshot(549)) - omNode-1@group-523986131536->omNode-2-GrpcLogAppender: send omNode-1->omNode-2#0-t6,notify:(t:6, i:59)
2022-10-04 13:26:31,591 [grpc-default-executor-1] INFO  impl.SnapshotInstallationHandler (SnapshotInstallationHandler.java:installSnapshot(84)) - omNode-2@group-523986131536: receive installSnapshot: omNode-1->omNode-2#0-t6,notify:(t:6, i:59)
2022-10-04 13:26:31,591 [grpc-default-executor-1] INFO  impl.SnapshotInstallationHandler (SnapshotInstallationHandler.java:installSnapshot(95)) - omNode-2@group-523986131536: reply installSnapshot: omNode-1<-omNode-2#0:FAIL-t6,IN_PROGRESS
2022-10-04 13:26:31,591 [grpc-default-executor-1] INFO  server.GrpcServerProtocolService (GrpcServerProtocolService.java:onCompleted(140)) - omNode-2: Completed INSTALL_SNAPSHOT, lastRequest: omNode-1->omNode-2#0-t6,notify:(t:6, i:59)
2022-10-04 13:26:31,591 [grpc-default-executor-1] INFO  server.GrpcLogAppender (GrpcLogAppender.java:onNext(403)) - omNode-1@group-523986131536->omNode-2-InstallSnapshotResponseHandler: received a reply omNode-1<-omNode-2#0:FAIL-t6,IN_PROGRESS
2022-10-04 13:26:31,591 [grpc-default-executor-1] INFO  server.GrpcLogAppender (GrpcLogAppender.java:onNext(421)) - omNode-1@group-523986131536->omNode-2-InstallSnapshotResponseHandler: InstallSnapshot in progress.
2022-10-04 13:26:31,591 [omNode-1@group-523986131536->omNode-2-GrpcLogAppender-LogAppenderDaemon] INFO  server.GrpcLogAppender (GrpcLogAppender.java:installSnapshot(541)) - omNode-1@group-523986131536->omNode-2-GrpcLogAppender: followerNextIndex = 57 but logStartIndex = 59, notify follower to install snapshot-(t:6, i:59)
2022-10-04 13:26:31,592 [omNode-1@group-523986131536->omNode-2-GrpcLogAppender-LogAppenderDaemon] INFO  server.GrpcLogAppender (GrpcLogAppender.java:installSnapshot(549)) - omNode-1@group-523986131536->omNode-2-GrpcLogAppender: send omNode-1->omNode-2#0-t6,notify:(t:6, i:59)
2022-10-04 13:26:31,592 [grpc-default-executor-1] INFO  impl.SnapshotInstallationHandler (SnapshotInstallationHandler.java:installSnapshot(84)) - omNode-2@group-523986131536: receive installSnapshot: omNode-1->omNode-2#0-t6,notify:(t:6, i:59)
2022-10-04 13:26:31,592 [omNode-2-server-thread1] INFO  server.RaftServer$Division (RaftServerImpl.java:checkInconsistentAppendEntries(1402)) - omNode-2@group-523986131536: Failed appendEntries as snapshot (59) installation is in progress
2022-10-04 13:26:31,596 [omNode-2-server-thread1] INFO  server.RaftServer$Division (RaftServerImpl.java:checkInconsistentAppendEntries(1394)) - omNode-2@group-523986131536: inconsistency entries. Reply:omNode-1<-omNode-2#811:FAIL-t6,INCONSISTENCY,nextIndex=57,followerCommit=56
2022-10-04 13:26:31,596 [grpc-default-executor-1] INFO  impl.SnapshotInstallationHandler (SnapshotInstallationHandler.java:installSnapshot(95)) - omNode-2@group-523986131536: reply installSnapshot: omNode-1<-omNode-2#0:FAIL-t6,IN_PROGRESS
2022-10-04 13:26:31,597 [grpc-default-executor-4] INFO  leader.FollowerInfo (FollowerInfoImpl.java:lambda$new$0(48)) - omNode-1@group-523986131536->omNode-2: nextIndex: updateUnconditionally 57 -> 57
2022-10-04 13:26:31,597 [grpc-default-executor-1] INFO  server.GrpcServerProtocolService (GrpcServerProtocolService.java:onCompleted(140)) - omNode-2: Completed INSTALL_SNAPSHOT, lastRequest: omNode-1->omNode-2#0-t6,notify:(t:6, i:59)
2022-10-04 13:26:31,597 [grpc-default-executor-1] INFO  server.GrpcLogAppender (GrpcLogAppender.java:onNext(403)) - omNode-1@group-523986131536->omNode-2-InstallSnapshotResponseHandler: received a reply omNode-1<-omNode-2#0:FAIL-t6,IN_PROGRESS
2022-10-04 13:26:31,597 [grpc-default-executor-1] INFO  server.GrpcLogAppender (GrpcLogAppender.java:onNext(421)) - omNode-1@group-523986131536->omNode-2-InstallSnapshotResponseHandler: InstallSnapshot in progress.
2022-10-04 13:26:31,598 [omNode-1@group-523986131536->omNode-2-GrpcLogAppender-LogAppenderDaemon] INFO  server.GrpcLogAppender (GrpcLogAppender.java:installSnapshot(541)) - omNode-1@group-523986131536->omNode-2-GrpcLogAppender: followerNextIndex = 57 but logStartIndex = 59, notify follower to install snapshot-(t:6, i:59)
2022-10-04 13:26:31,598 [omNode-1@group-523986131536->omNode-2-GrpcLogAppender-LogAppenderDaemon] INFO  server.GrpcLogAppender (GrpcLogAppender.java:installSnapshot(549)) - omNode-1@group-523986131536->omNode-2-GrpcLogAppender: send omNode-1->omNode-2#0-t6,notify:(t:6, i:59)
2022-10-04 13:26:31,598 [omNode-2-server-thread1] INFO  server.RaftServer$Division (RaftServerImpl.java:checkInconsistentAppendEntries(1402)) - omNode-2@group-523986131536: Failed appendEntries as snapshot (59) installation is in progress
2022-10-04 13:26:31,598 [omNode-2-server-thread1] INFO  server.RaftServer$Division (RaftServerImpl.java:checkInconsistentAppendEntries(1394)) - omNode-2@group-523986131536: inconsistency entries. Reply:omNode-1<-omNode-2#812:FAIL-t6,INCONSISTENCY,nextIndex=57,followerCommit=56
2022-10-04 13:26:31,600 [grpc-default-executor-4] INFO  leader.FollowerInfo (FollowerInfoImpl.java:lambda$new$0(48)) - omNode-1@group-523986131536->omNode-2: nextIndex: updateUnconditionally 57 -> 57
2022-10-04 13:26:31,600 [grpc-default-executor-4] INFO  impl.SnapshotInstallationHandler (SnapshotInstallationHandler.java:installSnapshot(84)) - omNode-2@group-523986131536: receive installSnapshot: omNode-1->omNode-2#0-t6,notify:(t:6, i:59)
2022-10-04 13:26:31,600 [grpc-default-executor-4] INFO  impl.SnapshotInstallationHandler (SnapshotInstallationHandler.java:installSnapshot(95)) - omNode-2@group-523986131536: reply installSnapshot: omNode-1<-omNode-2#0:FAIL-t6,IN_PROGRESS
2022-10-04 13:26:31,600 [grpc-default-executor-4] INFO  server.GrpcServerProtocolService (GrpcServerProtocolService.java:onCompleted(140)) - omNode-2: Completed INSTALL_SNAPSHOT, lastRequest: omNode-1->omNode-2#0-t6,notify:(t:6, i:59)
2022-10-04 13:26:31,601 [grpc-default-executor-4] INFO  server.GrpcLogAppender (GrpcLogAppender.java:onNext(403)) - omNode-1@group-523986131536->omNode-2-InstallSnapshotResponseHandler: received a reply omNode-1<-omNode-2#0:FAIL-t6,IN_PROGRESS
2022-10-04 13:26:31,601 [grpc-default-executor-4] INFO  server.GrpcLogAppender (GrpcLogAppender.java:onNext(421)) - omNode-1@group-523986131536->omNode-2-InstallSnapshotResponseHandler: InstallSnapshot in progress.
2022-10-04 13:26:31,601 [omNode-1@group-523986131536->omNode-2-GrpcLogAppender-LogAppenderDaemon] INFO  server.GrpcLogAppender (GrpcLogAppender.java:installSnapshot(541)) - omNode-1@group-523986131536->omNode-2-GrpcLogAppender: followerNextIndex = 57 but logStartIndex = 59, notify follower to install snapshot-(t:6, i:59)
2022-10-04 13:26:31,602 [omNode-1@group-523986131536->omNode-2-GrpcLogAppender-LogAppenderDaemon] INFO  server.GrpcLogAppender (GrpcLogAppender.java:installSnapshot(549)) - omNode-1@group-523986131536->omNode-2-GrpcLogAppender: send omNode-1->omNode-2#0-t6,notify:(t:6, i:59)
2022-10-04 13:26:31,602 [omNode-2-server-thread1] INFO  server.RaftServer$Division (RaftServerImpl.java:checkInconsistentAppendEntries(1402)) - omNode-2@group-523986131536: Failed appendEntries as snapshot (59) installation is in progress
2022-10-04 13:26:31,602 [omNode-2-server-thread1] INFO  server.RaftServer$Division (RaftServerImpl.java:checkInconsistentAppendEntries(1394)) - omNode-2@group-523986131536: inconsistency entries. Reply:omNode-1<-omNode-2#813:FAIL-t6,INCONSISTENCY,nextIndex=57,followerCommit=56
2022-10-04 13:26:31,602 [grpc-default-executor-4] INFO  leader.FollowerInfo (FollowerInfoImpl.java:lambda$new$0(48)) - omNode-1@group-523986131536->omNode-2: nextIndex: updateUnconditionally 57 -> 57
2022-10-04 13:26:31,603 [grpc-default-executor-4] INFO  impl.SnapshotInstallationHandler (SnapshotInstallationHandler.java:installSnapshot(84)) - omNode-2@group-523986131536: receive installSnapshot: omNode-1->omNode-2#0-t6,notify:(t:6, i:59)
2022-10-04 13:26:31,604 [grpc-default-executor-4] INFO  impl.SnapshotInstallationHandler (SnapshotInstallationHandler.java:installSnapshot(95)) - omNode-2@group-523986131536: reply installSnapshot: omNode-1<-omNode-2#0:FAIL-t6,IN_PROGRESS
2022-10-04 13:26:31,604 [grpc-default-executor-4] INFO  server.GrpcServerProtocolService (GrpcServerProtocolService.java:onCompleted(140)) - omNode-2: Completed INSTALL_SNAPSHOT, lastRequest: omNode-1->omNode-2#0-t6,notify:(t:6, i:59)
2022-10-04 13:26:31,604 [grpc-default-executor-1] INFO  server.GrpcLogAppender (GrpcLogAppender.java:onNext(403)) - omNode-1@group-523986131536->omNode-2-InstallSnapshotResponseHandler: received a reply omNode-1<-omNode-2#0:FAIL-t6,IN_PROGRESS
2022-10-04 13:26:31,605 [grpc-default-executor-1] INFO  server.GrpcLogAppender (GrpcLogAppender.java:onNext(421)) - omNode-1@group-523986131536->omNode-2-InstallSnapshotResponseHandler: InstallSnapshot in progress.
2022-10-04 13:26:31,605 [omNode-1@group-523986131536->omNode-2-GrpcLogAppender-LogAppenderDaemon] INFO  server.GrpcLogAppender (GrpcLogAppender.java:installSnapshot(541)) - omNode-1@group-523986131536->omNode-2-GrpcLogAppender: followerNextIndex = 57 but logStartIndex = 59, notify follower to install snapshot-(t:6, i:59)
2022-10-04 13:26:31,605 [omNode-1@group-523986131536->omNode-2-GrpcLogAppender-LogAppenderDaemon] INFO  server.GrpcLogAppender (GrpcLogAppender.java:installSnapshot(549)) - omNode-1@group-523986131536->omNode-2-GrpcLogAppender: send omNode-1->omNode-2#0-t6,notify:(t:6, i:59)
2022-10-04 13:26:31,608 [omNode-2-server-thread1] INFO  server.RaftServer$Division (RaftServerImpl.java:checkInconsistentAppendEntries(1402)) - omNode-2@group-523986131536: Failed appendEntries as snapshot (59) installation is in progress
2022-10-04 13:26:31,608 [grpc-default-executor-1] INFO  impl.SnapshotInstallationHandler (SnapshotInstallationHandler.java:installSnapshot(84)) - omNode-2@group-523986131536: receive installSnapshot: omNode-1->omNode-2#0-t6,notify:(t:6, i:59)
2022-10-04 13:26:31,608 [omNode-2-server-thread1] INFO  server.RaftServer$Division (RaftServerImpl.java:checkInconsistentAppendEntries(1394)) - omNode-2@group-523986131536: inconsistency entries. Reply:omNode-1<-omNode-2#814:FAIL-t6,INCONSISTENCY,nextIndex=57,followerCommit=56
2022-10-04 13:26:31,609 [grpc-default-executor-1] INFO  impl.SnapshotInstallationHandler (SnapshotInstallationHandler.java:installSnapshot(95)) - omNode-2@group-523986131536: reply installSnapshot: omNode-1<-omNode-2#0:FAIL-t6,IN_PROGRESS
2022-10-04 13:26:31,609 [grpc-default-executor-1] INFO  server.GrpcServerProtocolService (GrpcServerProtocolService.java:onCompleted(140)) - omNode-2: Completed INSTALL_SNAPSHOT, lastRequest: omNode-1->omNode-2#0-t6,notify:(t:6, i:59)
2022-10-04 13:26:31,609 [grpc-default-executor-1] INFO  server.GrpcLogAppender (GrpcLogAppender.java:onNext(403)) - omNode-1@group-523986131536->omNode-2-InstallSnapshotResponseHandler: received a reply omNode-1<-omNode-2#0:FAIL-t6,IN_PROGRESS
2022-10-04 13:26:31,609 [grpc-default-executor-1] INFO  server.GrpcLogAppender (GrpcLogAppender.java:onNext(421)) - omNode-1@group-523986131536->omNode-2-InstallSnapshotResponseHandler: InstallSnapshot in progress.
2022-10-04 13:26:31,609 [grpc-default-executor-3] INFO  leader.FollowerInfo (FollowerInfoImpl.java:lambda$new$0(48)) - omNode-1@group-523986131536->omNode-2: nextIndex: updateUnconditionally 57 -> 57
2022-10-04 13:26:31,610 [omNode-1@group-523986131536->omNode-2-GrpcLogAppender-LogAppenderDaemon] INFO  server.GrpcLogAppender (GrpcLogAppender.java:installSnapshot(541)) - omNode-1@group-523986131536->omNode-2-GrpcLogAppender: followerNextIndex = 57 but logStartIndex = 59, notify follower to install snapshot-(t:6, i:59)
2022-10-04 13:26:31,610 [omNode-2-server-thread1] INFO  server.RaftServer$Division (RaftServerImpl.java:checkInconsistentAppendEntries(1402)) - omNode-2@group-523986131536: Failed appendEntries as snapshot (59) installation is in progress
2022-10-04 13:26:31,610 [omNode-1@group-523986131536->omNode-2-GrpcLogAppender-LogAppenderDaemon] INFO  server.GrpcLogAppender (GrpcLogAppender.java:installSnapshot(549)) - omNode-1@group-523986131536->omNode-2-GrpcLogAppender: send omNode-1->omNode-2#0-t6,notify:(t:6, i:59)
2022-10-04 13:26:31,610 [omNode-2-server-thread1] INFO  server.RaftServer$Division (RaftServerImpl.java:checkInconsistentAppendEntries(1394)) - omNode-2@group-523986131536: inconsistency entries. Reply:omNode-1<-omNode-2#815:FAIL-t6,INCONSISTENCY,nextIndex=57,followerCommit=56
2022-10-04 13:26:31,610 [grpc-default-executor-1] INFO  leader.FollowerInfo (FollowerInfoImpl.java:lambda$new$0(48)) - omNode-1@group-523986131536->omNode-2: nextIndex: updateUnconditionally 57 -> 57
2022-10-04 13:26:31,611 [grpc-default-executor-1] INFO  impl.SnapshotInstallationHandler (SnapshotInstallationHandler.java:installSnapshot(84)) - omNode-2@group-523986131536: receive installSnapshot: omNode-1->omNode-2#0-t6,notify:(t:6, i:59)
2022-10-04 13:26:31,611 [grpc-default-executor-1] INFO  impl.SnapshotInstallationHandler (SnapshotInstallationHandler.java:installSnapshot(95)) - omNode-2@group-523986131536: reply installSnapshot: omNode-1<-omNode-2#0:FAIL-t6,IN_PROGRESS
2022-10-04 13:26:31,611 [grpc-default-executor-1] INFO  server.GrpcServerProtocolService (GrpcServerProtocolService.java:onCompleted(140)) - omNode-2: Completed INSTALL_SNAPSHOT, lastRequest: omNode-1->omNode-2#0-t6,notify:(t:6, i:59)
2022-10-04 13:26:31,611 [grpc-default-executor-1] INFO  server.GrpcLogAppender (GrpcLogAppender.java:onNext(403)) - omNode-1@group-523986131536->omNode-2-InstallSnapshotResponseHandler: received a reply omNode-1<-omNode-2#0:FAIL-t6,IN_PROGRESS
2022-10-04 13:26:31,611 [grpc-default-executor-1] INFO  server.GrpcLogAppender (GrpcLogAppender.java:onNext(421)) - omNode-1@group-523986131536->omNode-2-InstallSnapshotResponseHandler: InstallSnapshot in progress.
2022-10-04 13:26:31,611 [omNode-1@group-523986131536->omNode-2-GrpcLogAppender-LogAppenderDaemon] INFO  server.GrpcLogAppender (GrpcLogAppender.java:installSnapshot(541)) - omNode-1@group-523986131536->omNode-2-GrpcLogAppender: followerNextIndex = 57 but logStartIndex = 59, notify follower to install snapshot-(t:6, i:59)
2022-10-04 13:26:31,612 [omNode-2-server-thread1] INFO  server.RaftServer$Division (RaftServerImpl.java:checkInconsistentAppendEntries(1402)) - omNode-2@group-523986131536: Failed appendEntries as snapshot (59) installation is in progress
2022-10-04 13:26:31,612 [omNode-1@group-523986131536->omNode-2-GrpcLogAppender-LogAppenderDaemon] INFO  server.GrpcLogAppender (GrpcLogAppender.java:installSnapshot(549)) - omNode-1@group-523986131536->omNode-2-GrpcLogAppender: send omNode-1->omNode-2#0-t6,notify:(t:6, i:59)
2022-10-04 13:26:31,612 [omNode-2-server-thread1] INFO  server.RaftServer$Division (RaftServerImpl.java:checkInconsistentAppendEntries(1394)) - omNode-2@group-523986131536: inconsistency entries. Reply:omNode-1<-omNode-2#816:FAIL-t6,INCONSISTENCY,nextIndex=57,followerCommit=56
2022-10-04 13:26:31,612 [grpc-default-executor-3] INFO  leader.FollowerInfo (FollowerInfoImpl.java:lambda$new$0(48)) - omNode-1@group-523986131536->omNode-2: nextIndex: updateUnconditionally 57 -> 57
2022-10-04 13:26:31,613 [grpc-default-executor-3] INFO  impl.SnapshotInstallationHandler (SnapshotInstallationHandler.java:installSnapshot(84)) - omNode-2@group-523986131536: receive installSnapshot: omNode-1->omNode-2#0-t6,notify:(t:6, i:59)
2022-10-04 13:26:31,613 [grpc-default-executor-3] INFO  impl.SnapshotInstallationHandler (SnapshotInstallationHandler.java:installSnapshot(95)) - omNode-2@group-523986131536: reply installSnapshot: omNode-1<-omNode-2#0:FAIL-t6,IN_PROGRESS
2022-10-04 13:26:31,613 [grpc-default-executor-3] INFO  server.GrpcServerProtocolService (GrpcServerProtocolService.java:onCompleted(140)) - omNode-2: Completed INSTALL_SNAPSHOT, lastRequest: omNode-1->omNode-2#0-t6,notify:(t:6, i:59)
2022-10-04 13:26:31,614 [grpc-default-executor-3] INFO  server.GrpcLogAppender (GrpcLogAppender.java:onNext(403)) - omNode-1@group-523986131536->omNode-2-InstallSnapshotResponseHandler: received a reply omNode-1<-omNode-2#0:FAIL-t6,IN_PROGRESS
2022-10-04 13:26:31,614 [grpc-default-executor-3] INFO  server.GrpcLogAppender (GrpcLogAppender.java:onNext(421)) - omNode-1@group-523986131536->omNode-2-InstallSnapshotResponseHandler: InstallSnapshot in progress.
2022-10-04 13:26:31,614 [omNode-1@group-523986131536->omNode-2-GrpcLogAppender-LogAppenderDaemon] INFO  server.GrpcLogAppender (GrpcLogAppender.java:installSnapshot(541)) - omNode-1@group-523986131536->omNode-2-GrpcLogAppender: followerNextIndex = 57 but logStartIndex = 59, notify follower to install snapshot-(t:6, i:59)
2022-10-04 13:26:31,614 [omNode-1@group-523986131536->omNode-2-GrpcLogAppender-LogAppenderDaemon] INFO  server.GrpcLogAppender (GrpcLogAppender.java:installSnapshot(549)) - omNode-1@group-523986131536->omNode-2-GrpcLogAppender: send omNode-1->omNode-2#0-t6,notify:(t:6, i:59)
2022-10-04 13:26:31,614 [omNode-2-server-thread1] INFO  server.RaftServer$Division (RaftServerImpl.java:checkInconsistentAppendEntries(1402)) - omNode-2@group-523986131536: Failed appendEntries as snapshot (59) installation is in progress
2022-10-04 13:26:31,614 [omNode-2-server-thread1] INFO  server.RaftServer$Division (RaftServerImpl.java:checkInconsistentAppendEntries(1394)) - omNode-2@group-523986131536: inconsistency entries. Reply:omNode-1<-omNode-2#817:FAIL-t6,INCONSISTENCY,nextIndex=57,followerCommit=56
2022-10-04 13:26:31,615 [grpc-default-executor-1] INFO  impl.SnapshotInstallationHandler (SnapshotInstallationHandler.java:installSnapshot(84)) - omNode-2@group-523986131536: receive installSnapshot: omNode-1->omNode-2#0-t6,notify:(t:6, i:59)
2022-10-04 13:26:31,615 [grpc-default-executor-1] INFO  impl.SnapshotInstallationHandler (SnapshotInstallationHandler.java:installSnapshot(95)) - omNode-2@group-523986131536: reply installSnapshot: omNode-1<-omNode-2#0:FAIL-t6,IN_PROGRESS
2022-10-04 13:26:31,616 [grpc-default-executor-1] INFO  server.GrpcServerProtocolService (GrpcServerProtocolService.java:onCompleted(140)) - omNode-2: Completed INSTALL_SNAPSHOT, lastRequest: omNode-1->omNode-2#0-t6,notify:(t:6, i:59)
2022-10-04 13:26:31,616 [grpc-default-executor-3] INFO  leader.FollowerInfo (FollowerInfoImpl.java:lambda$new$0(48)) - omNode-1@group-523986131536->omNode-2: nextIndex: updateUnconditionally 57 -> 57
2022-10-04 13:26:31,616 [grpc-default-executor-1] INFO  server.GrpcLogAppender (GrpcLogAppender.java:onNext(403)) - omNode-1@group-523986131536->omNode-2-InstallSnapshotResponseHandler: received a reply omNode-1<-omNode-2#0:FAIL-t6,IN_PROGRESS
2022-10-04 13:26:31,616 [grpc-default-executor-1] INFO  server.GrpcLogAppender (GrpcLogAppender.java:onNext(421)) - omNode-1@group-523986131536->omNode-2-InstallSnapshotResponseHandler: InstallSnapshot in progress.
2022-10-04 13:26:31,616 [omNode-1@group-523986131536->omNode-2-GrpcLogAppender-LogAppenderDaemon] INFO  server.GrpcLogAppender (GrpcLogAppender.java:installSnapshot(541)) - omNode-1@group-523986131536->omNode-2-GrpcLogAppender: followerNextIndex = 57 but logStartIndex = 59, notify follower to install snapshot-(t:6, i:59)
2022-10-04 13:26:31,616 [omNode-1@group-523986131536->omNode-2-GrpcLogAppender-LogAppenderDaemon] INFO  server.GrpcLogAppender (GrpcLogAppender.java:installSnapshot(549)) - omNode-1@group-523986131536->omNode-2-GrpcLogAppender: send omNode-1->omNode-2#0-t6,notify:(t:6, i:59)
2022-10-04 13:26:31,616 [omNode-2-server-thread1] INFO  server.RaftServer$Division (RaftServerImpl.java:checkInconsistentAppendEntries(1402)) - omNode-2@group-523986131536: Failed appendEntries as snapshot (59) installation is in progress
2022-10-04 13:26:31,616 [omNode-2-server-thread1] INFO  server.RaftServer$Division (RaftServerImpl.java:checkInconsistentAppendEntries(1394)) - omNode-2@group-523986131536: inconsistency entries. Reply:omNode-1<-omNode-2#818:FAIL-t6,INCONSISTENCY,nextIndex=57,followerCommit=56
2022-10-04 13:26:31,617 [grpc-default-executor-3] INFO  impl.SnapshotInstallationHandler (SnapshotInstallationHandler.java:installSnapshot(84)) - omNode-2@group-523986131536: receive installSnapshot: omNode-1->omNode-2#0-t6,notify:(t:6, i:59)
2022-10-04 13:26:31,617 [grpc-default-executor-3] INFO  impl.SnapshotInstallationHandler (SnapshotInstallationHandler.java:installSnapshot(95)) - omNode-2@group-523986131536: reply installSnapshot: omNode-1<-omNode-2#0:FAIL-t6,IN_PROGRESS
2022-10-04 13:26:31,617 [grpc-default-executor-3] INFO  server.GrpcServerProtocolService (GrpcServerProtocolService.java:onCompleted(140)) - omNode-2: Completed INSTALL_SNAPSHOT, lastRequest: omNode-1->omNode-2#0-t6,notify:(t:6, i:59)
2022-10-04 13:26:31,618 [grpc-default-executor-1] INFO  leader.FollowerInfo (FollowerInfoImpl.java:lambda$new$0(48)) - omNode-1@group-523986131536->omNode-2: nextIndex: updateUnconditionally 57 -> 57
2022-10-04 13:26:31,618 [grpc-default-executor-3] INFO  server.GrpcLogAppender (GrpcLogAppender.java:onNext(403)) - omNode-1@group-523986131536->omNode-2-InstallSnapshotResponseHandler: received a reply omNode-1<-omNode-2#0:FAIL-t6,IN_PROGRESS
2022-10-04 13:26:31,618 [grpc-default-executor-3] INFO  server.GrpcLogAppender (GrpcLogAppender.java:onNext(421)) - omNode-1@group-523986131536->omNode-2-InstallSnapshotResponseHandler: InstallSnapshot in progress.
2022-10-04 13:26:31,618 [omNode-1@group-523986131536->omNode-2-GrpcLogAppender-LogAppenderDaemon] INFO  server.GrpcLogAppender (GrpcLogAppender.java:installSnapshot(541)) - omNode-1@group-523986131536->omNode-2-GrpcLogAppender: followerNextIndex = 57 but logStartIndex = 59, notify follower to install snapshot-(t:6, i:59)
2022-10-04 13:26:31,618 [omNode-1@group-523986131536->omNode-2-GrpcLogAppender-LogAppenderDaemon] INFO  server.GrpcLogAppender (GrpcLogAppender.java:installSnapshot(549)) - omNode-1@group-523986131536->omNode-2-GrpcLogAppender: send omNode-1->omNode-2#0-t6,notify:(t:6, i:59)
2022-10-04 13:26:31,618 [omNode-2-server-thread1] INFO  server.RaftServer$Division (RaftServerImpl.java:checkInconsistentAppendEntries(1402)) - omNode-2@group-523986131536: Failed appendEntries as snapshot (59) installation is in progress
2022-10-04 13:26:31,618 [omNode-2-server-thread1] INFO  server.RaftServer$Division (RaftServerImpl.java:checkInconsistentAppendEntries(1394)) - omNode-2@group-523986131536: inconsistency entries. Reply:omNode-1<-omNode-2#819:FAIL-t6,INCONSISTENCY,nextIndex=57,followerCommit=56
2022-10-04 13:26:31,619 [grpc-default-executor-3] INFO  impl.SnapshotInstallationHandler (SnapshotInstallationHandler.java:installSnapshot(84)) - omNode-2@group-523986131536: receive installSnapshot: omNode-1->omNode-2#0-t6,notify:(t:6, i:59)
2022-10-04 13:26:31,619 [grpc-default-executor-4] INFO  leader.FollowerInfo (FollowerInfoImpl.java:lambda$new$0(48)) - omNode-1@group-523986131536->omNode-2: nextIndex: updateUnconditionally 57 -> 57
2022-10-04 13:26:31,619 [grpc-default-executor-3] INFO  impl.SnapshotInstallationHandler (SnapshotInstallationHandler.java:installSnapshot(95)) - omNode-2@group-523986131536: reply installSnapshot: omNode-1<-omNode-2#0:FAIL-t6,IN_PROGRESS
2022-10-04 13:26:31,619 [grpc-default-executor-3] INFO  server.GrpcServerProtocolService (GrpcServerProtocolService.java:onCompleted(140)) - omNode-2: Completed INSTALL_SNAPSHOT, lastRequest: omNode-1->omNode-2#0-t6,notify:(t:6, i:59)
2022-10-04 13:26:31,621 [grpc-default-executor-3] INFO  server.GrpcLogAppender (GrpcLogAppender.java:onNext(403)) - omNode-1@group-523986131536->omNode-2-InstallSnapshotResponseHandler: received a reply omNode-1<-omNode-2#0:FAIL-t6,IN_PROGRESS
2022-10-04 13:26:31,621 [grpc-default-executor-3] INFO  server.GrpcLogAppender (GrpcLogAppender.java:onNext(421)) - omNode-1@group-523986131536->omNode-2-InstallSnapshotResponseHandler: InstallSnapshot in progress.
2022-10-04 13:26:31,621 [omNode-1@group-523986131536->omNode-2-GrpcLogAppender-LogAppenderDaemon] INFO  server.GrpcLogAppender (GrpcLogAppender.java:installSnapshot(541)) - omNode-1@group-523986131536->omNode-2-GrpcLogAppender: followerNextIndex = 57 but logStartIndex = 59, notify follower to install snapshot-(t:6, i:59)
2022-10-04 13:26:31,622 [omNode-1@group-523986131536->omNode-2-GrpcLogAppender-LogAppenderDaemon] INFO  server.GrpcLogAppender (GrpcLogAppender.java:installSnapshot(549)) - omNode-1@group-523986131536->omNode-2-GrpcLogAppender: send omNode-1->omNode-2#0-t6,notify:(t:6, i:59)
2022-10-04 13:26:31,625 [omNode-2-server-thread1] INFO  server.RaftServer$Division (RaftServerImpl.java:checkInconsistentAppendEntries(1402)) - omNode-2@group-523986131536: Failed appendEntries as snapshot (59) installation is in progress
2022-10-04 13:26:31,625 [omNode-2-server-thread1] INFO  server.RaftServer$Division (RaftServerImpl.java:checkInconsistentAppendEntries(1394)) - omNode-2@group-523986131536: inconsistency entries. Reply:omNode-1<-omNode-2#820:FAIL-t6,INCONSISTENCY,nextIndex=57,followerCommit=56
2022-10-04 13:26:31,626 [grpc-default-executor-3] INFO  leader.FollowerInfo (FollowerInfoImpl.java:lambda$new$0(48)) - omNode-1@group-523986131536->omNode-2: nextIndex: updateUnconditionally 57 -> 57
2022-10-04 13:26:31,626 [grpc-default-executor-4] INFO  impl.SnapshotInstallationHandler (SnapshotInstallationHandler.java:installSnapshot(84)) - omNode-2@group-523986131536: receive installSnapshot: omNode-1->omNode-2#0-t6,notify:(t:6, i:59)
2022-10-04 13:26:31,626 [grpc-default-executor-4] INFO  impl.SnapshotInstallationHandler (SnapshotInstallationHandler.java:installSnapshot(95)) - omNode-2@group-523986131536: reply installSnapshot: omNode-1<-omNode-2#0:FAIL-t6,IN_PROGRESS
2022-10-04 13:26:31,626 [grpc-default-executor-4] INFO  server.GrpcServerProtocolService (GrpcServerProtocolService.java:onCompleted(140)) - omNode-2: Completed INSTALL_SNAPSHOT, lastRequest: omNode-1->omNode-2#0-t6,notify:(t:6, i:59)
2022-10-04 13:26:31,627 [grpc-default-executor-3] INFO  server.GrpcLogAppender (GrpcLogAppender.java:onNext(403)) - omNode-1@group-523986131536->omNode-2-InstallSnapshotResponseHandler: received a reply omNode-1<-omNode-2#0:FAIL-t6,IN_PROGRESS
2022-10-04 13:26:31,627 [grpc-default-executor-3] INFO  server.GrpcLogAppender (GrpcLogAppender.java:onNext(421)) - omNode-1@group-523986131536->omNode-2-InstallSnapshotResponseHandler: InstallSnapshot in progress.
2022-10-04 13:26:31,627 [omNode-1@group-523986131536->omNode-2-GrpcLogAppender-LogAppenderDaemon] INFO  server.GrpcLogAppender (GrpcLogAppender.java:installSnapshot(541)) - omNode-1@group-523986131536->omNode-2-GrpcLogAppender: followerNextIndex = 57 but logStartIndex = 59, notify follower to install snapshot-(t:6, i:59)
2022-10-04 13:26:31,627 [omNode-1@group-523986131536->omNode-2-GrpcLogAppender-LogAppenderDaemon] INFO  server.GrpcLogAppender (GrpcLogAppender.java:installSnapshot(549)) - omNode-1@group-523986131536->omNode-2-GrpcLogAppender: send omNode-1->omNode-2#0-t6,notify:(t:6, i:59)
2022-10-04 13:26:31,629 [omNode-2-server-thread1] INFO  server.RaftServer$Division (RaftServerImpl.java:checkInconsistentAppendEntries(1402)) - omNode-2@group-523986131536: Failed appendEntries as snapshot (59) installation is in progress
2022-10-04 13:26:31,629 [omNode-2-server-thread1] INFO  server.RaftServer$Division (RaftServerImpl.java:checkInconsistentAppendEntries(1394)) - omNode-2@group-523986131536: inconsistency entries. Reply:omNode-1<-omNode-2#821:FAIL-t6,INCONSISTENCY,nextIndex=57,followerCommit=56
2022-10-04 13:26:31,630 [grpc-default-executor-3] INFO  leader.FollowerInfo (FollowerInfoImpl.java:lambda$new$0(48)) - omNode-1@group-523986131536->omNode-2: nextIndex: updateUnconditionally 57 -> 57
2022-10-04 13:26:31,630 [grpc-default-executor-4] INFO  impl.SnapshotInstallationHandler (SnapshotInstallationHandler.java:installSnapshot(84)) - omNode-2@group-523986131536: receive installSnapshot: omNode-1->omNode-2#0-t6,notify:(t:6, i:59)
2022-10-04 13:26:31,630 [grpc-default-executor-4] INFO  impl.SnapshotInstallationHandler (SnapshotInstallationHandler.java:installSnapshot(95)) - omNode-2@group-523986131536: reply installSnapshot: omNode-1<-omNode-2#0:FAIL-t6,IN_PROGRESS
2022-10-04 13:26:31,630 [grpc-default-executor-4] INFO  server.GrpcServerProtocolService (GrpcServerProtocolService.java:onCompleted(140)) - omNode-2: Completed INSTALL_SNAPSHOT, lastRequest: omNode-1->omNode-2#0-t6,notify:(t:6, i:59)
2022-10-04 13:26:31,631 [grpc-default-executor-3] INFO  server.GrpcLogAppender (GrpcLogAppender.java:onNext(403)) - omNode-1@group-523986131536->omNode-2-InstallSnapshotResponseHandler: received a reply omNode-1<-omNode-2#0:FAIL-t6,IN_PROGRESS
2022-10-04 13:26:31,631 [grpc-default-executor-3] INFO  server.GrpcLogAppender (GrpcLogAppender.java:onNext(421)) - omNode-1@group-523986131536->omNode-2-InstallSnapshotResponseHandler: InstallSnapshot in progress.
2022-10-04 13:26:31,631 [omNode-1@group-523986131536->omNode-2-GrpcLogAppender-LogAppenderDaemon] INFO  server.GrpcLogAppender (GrpcLogAppender.java:installSnapshot(541)) - omNode-1@group-523986131536->omNode-2-GrpcLogAppender: followerNextIndex = 57 but logStartIndex = 59, notify follower to install snapshot-(t:6, i:59)
2022-10-04 13:26:31,631 [omNode-1@group-523986131536->omNode-2-GrpcLogAppender-LogAppenderDaemon] INFO  server.GrpcLogAppender (GrpcLogAppender.java:installSnapshot(549)) - omNode-1@group-523986131536->omNode-2-GrpcLogAppender: send omNode-1->omNode-2#0-t6,notify:(t:6, i:59)
2022-10-04 13:26:31,632 [omNode-2-server-thread1] INFO  server.RaftServer$Division (RaftServerImpl.java:checkInconsistentAppendEntries(1402)) - omNode-2@group-523986131536: Failed appendEntries as snapshot (59) installation is in progress
2022-10-04 13:26:31,632 [omNode-2-server-thread1] INFO  server.RaftServer$Division (RaftServerImpl.java:checkInconsistentAppendEntries(1394)) - omNode-2@group-523986131536: inconsistency entries. Reply:omNode-1<-omNode-2#822:FAIL-t6,INCONSISTENCY,nextIndex=57,followerCommit=56
2022-10-04 13:26:31,632 [grpc-default-executor-3] INFO  impl.SnapshotInstallationHandler (SnapshotInstallationHandler.java:installSnapshot(84)) - omNode-2@group-523986131536: receive installSnapshot: omNode-1->omNode-2#0-t6,notify:(t:6, i:59)
2022-10-04 13:26:31,633 [grpc-default-executor-4] INFO  leader.FollowerInfo (FollowerInfoImpl.java:lambda$new$0(48)) - omNode-1@group-523986131536->omNode-2: nextIndex: updateUnconditionally 57 -> 57
2022-10-04 13:26:31,633 [grpc-default-executor-3] INFO  impl.SnapshotInstallationHandler (SnapshotInstallationHandler.java:installSnapshot(95)) - omNode-2@group-523986131536: reply installSnapshot: omNode-1<-omNode-2#0:FAIL-t6,IN_PROGRESS
2022-10-04 13:26:31,633 [grpc-default-executor-3] INFO  server.GrpcServerProtocolService (GrpcServerProtocolService.java:onCompleted(140)) - omNode-2: Completed INSTALL_SNAPSHOT, lastRequest: omNode-1->omNode-2#0-t6,notify:(t:6, i:59)
2022-10-04 13:26:31,637 [grpc-default-executor-3] INFO  server.GrpcLogAppender (GrpcLogAppender.java:onNext(403)) - omNode-1@group-523986131536->omNode-2-InstallSnapshotResponseHandler: received a reply omNode-1<-omNode-2#0:FAIL-t6,IN_PROGRESS
2022-10-04 13:26:31,637 [grpc-default-executor-3] INFO  server.GrpcLogAppender (GrpcLogAppender.java:onNext(421)) - omNode-1@group-523986131536->omNode-2-InstallSnapshotResponseHandler: InstallSnapshot in progress.
2022-10-04 13:26:31,637 [omNode-1@group-523986131536->omNode-2-GrpcLogAppender-LogAppenderDaemon] INFO  server.GrpcLogAppender (GrpcLogAppender.java:installSnapshot(541)) - omNode-1@group-523986131536->omNode-2-GrpcLogAppender: followerNextIndex = 57 but logStartIndex = 59, notify follower to install snapshot-(t:6, i:59)
2022-10-04 13:26:31,638 [omNode-1@group-523986131536->omNode-2-GrpcLogAppender-LogAppenderDaemon] INFO  server.GrpcLogAppender (GrpcLogAppender.java:installSnapshot(549)) - omNode-1@group-523986131536->omNode-2-GrpcLogAppender: send omNode-1->omNode-2#0-t6,notify:(t:6, i:59)
2022-10-04 13:26:31,638 [omNode-2-server-thread1] INFO  server.RaftServer$Division (RaftServerImpl.java:checkInconsistentAppendEntries(1402)) - omNode-2@group-523986131536: Failed appendEntries as snapshot (59) installation is in progress
2022-10-04 13:26:31,638 [omNode-2-server-thread1] INFO  server.RaftServer$Division (RaftServerImpl.java:checkInconsistentAppendEntries(1394)) - omNode-2@group-523986131536: inconsistency entries. Reply:omNode-1<-omNode-2#823:FAIL-t6,INCONSISTENCY,nextIndex=57,followerCommit=56
2022-10-04 13:26:31,638 [grpc-default-executor-3] INFO  leader.FollowerInfo (FollowerInfoImpl.java:lambda$new$0(48)) - omNode-1@group-523986131536->omNode-2: nextIndex: updateUnconditionally 57 -> 57
2022-10-04 13:26:31,638 [grpc-default-executor-4] INFO  impl.SnapshotInstallationHandler (SnapshotInstallationHandler.java:installSnapshot(84)) - omNode-2@group-523986131536: receive installSnapshot: omNode-1->omNode-2#0-t6,notify:(t:6, i:59)
2022-10-04 13:26:31,639 [grpc-default-executor-4] INFO  impl.SnapshotInstallationHandler (SnapshotInstallationHandler.java:installSnapshot(95)) - omNode-2@group-523986131536: reply installSnapshot: omNode-1<-omNode-2#0:FAIL-t6,IN_PROGRESS
2022-10-04 13:26:31,639 [grpc-default-executor-4] INFO  server.GrpcServerProtocolService (GrpcServerProtocolService.java:onCompleted(140)) - omNode-2: Completed INSTALL_SNAPSHOT, lastRequest: omNode-1->omNode-2#0-t6,notify:(t:6, i:59)
2022-10-04 13:26:31,639 [grpc-default-executor-3] INFO  server.GrpcLogAppender (GrpcLogAppender.java:onNext(403)) - omNode-1@group-523986131536->omNode-2-InstallSnapshotResponseHandler: received a reply omNode-1<-omNode-2#0:FAIL-t6,IN_PROGRESS
2022-10-04 13:26:31,639 [grpc-default-executor-3] INFO  server.GrpcLogAppender (GrpcLogAppender.java:onNext(421)) - omNode-1@group-523986131536->omNode-2-InstallSnapshotResponseHandler: InstallSnapshot in progress.
2022-10-04 13:26:31,640 [omNode-1@group-523986131536->omNode-2-GrpcLogAppender-LogAppenderDaemon] INFO  server.GrpcLogAppender (GrpcLogAppender.java:installSnapshot(541)) - omNode-1@group-523986131536->omNode-2-GrpcLogAppender: followerNextIndex = 57 but logStartIndex = 59, notify follower to install snapshot-(t:6, i:59)
2022-10-04 13:26:31,640 [omNode-1@group-523986131536->omNode-2-GrpcLogAppender-LogAppenderDaemon] INFO  server.GrpcLogAppender (GrpcLogAppender.java:installSnapshot(549)) - omNode-1@group-523986131536->omNode-2-GrpcLogAppender: send omNode-1->omNode-2#0-t6,notify:(t:6, i:59)
2022-10-04 13:26:31,640 [omNode-2-server-thread1] INFO  server.RaftServer$Division (RaftServerImpl.java:checkInconsistentAppendEntries(1402)) - omNode-2@group-523986131536: Failed appendEntries as snapshot (59) installation is in progress
2022-10-04 13:26:31,640 [omNode-2-server-thread1] INFO  server.RaftServer$Division (RaftServerImpl.java:checkInconsistentAppendEntries(1394)) - omNode-2@group-523986131536: inconsistency entries. Reply:omNode-1<-omNode-2#824:FAIL-t6,INCONSISTENCY,nextIndex=57,followerCommit=56
2022-10-04 13:26:31,641 [grpc-default-executor-1] INFO  impl.SnapshotInstallationHandler (SnapshotInstallationHandler.java:installSnapshot(84)) - omNode-2@group-523986131536: receive installSnapshot: omNode-1->omNode-2#0-t6,notify:(t:6, i:59)
2022-10-04 13:26:31,641 [grpc-default-executor-4] INFO  leader.FollowerInfo (FollowerInfoImpl.java:lambda$new$0(48)) - omNode-1@group-523986131536->omNode-2: nextIndex: updateUnconditionally 57 -> 57
2022-10-04 13:26:31,641 [grpc-default-executor-1] INFO  impl.SnapshotInstallationHandler (SnapshotInstallationHandler.java:installSnapshot(95)) - omNode-2@group-523986131536: reply installSnapshot: omNode-1<-omNode-2#0:FAIL-t6,IN_PROGRESS
2022-10-04 13:26:31,641 [grpc-default-executor-1] INFO  server.GrpcServerProtocolService (GrpcServerProtocolService.java:onCompleted(140)) - omNode-2: Completed INSTALL_SNAPSHOT, lastRequest: omNode-1->omNode-2#0-t6,notify:(t:6, i:59)
2022-10-04 13:26:31,641 [grpc-default-executor-1] INFO  server.GrpcLogAppender (GrpcLogAppender.java:onNext(403)) - omNode-1@group-523986131536->omNode-2-InstallSnapshotResponseHandler: received a reply omNode-1<-omNode-2#0:FAIL-t6,IN_PROGRESS
2022-10-04 13:26:31,642 [grpc-default-executor-1] INFO  server.GrpcLogAppender (GrpcLogAppender.java:onNext(421)) - omNode-1@group-523986131536->omNode-2-InstallSnapshotResponseHandler: InstallSnapshot in progress.
2022-10-04 13:26:31,642 [omNode-1@group-523986131536->omNode-2-GrpcLogAppender-LogAppenderDaemon] INFO  server.GrpcLogAppender (GrpcLogAppender.java:installSnapshot(541)) - omNode-1@group-523986131536->omNode-2-GrpcLogAppender: followerNextIndex = 57 but logStartIndex = 59, notify follower to install snapshot-(t:6, i:59)
2022-10-04 13:26:31,642 [omNode-1@group-523986131536->omNode-2-GrpcLogAppender-LogAppenderDaemon] INFO  server.GrpcLogAppender (GrpcLogAppender.java:installSnapshot(549)) - omNode-1@group-523986131536->omNode-2-GrpcLogAppender: send omNode-1->omNode-2#0-t6,notify:(t:6, i:59)
2022-10-04 13:26:31,645 [omNode-2-server-thread1] INFO  server.RaftServer$Division (RaftServerImpl.java:checkInconsistentAppendEntries(1402)) - omNode-2@group-523986131536: Failed appendEntries as snapshot (59) installation is in progress
2022-10-04 13:26:31,645 [omNode-2-server-thread1] INFO  server.RaftServer$Division (RaftServerImpl.java:checkInconsistentAppendEntries(1394)) - omNode-2@group-523986131536: inconsistency entries. Reply:omNode-1<-omNode-2#825:FAIL-t6,INCONSISTENCY,nextIndex=57,followerCommit=56
2022-10-04 13:26:31,646 [grpc-default-executor-1] INFO  leader.FollowerInfo (FollowerInfoImpl.java:lambda$new$0(48)) - omNode-1@group-523986131536->omNode-2: nextIndex: updateUnconditionally 57 -> 57
2022-10-04 13:26:31,646 [grpc-default-executor-4] INFO  impl.SnapshotInstallationHandler (SnapshotInstallationHandler.java:installSnapshot(84)) - omNode-2@group-523986131536: receive installSnapshot: omNode-1->omNode-2#0-t6,notify:(t:6, i:59)
2022-10-04 13:26:31,646 [grpc-default-executor-4] INFO  impl.SnapshotInstallationHandler (SnapshotInstallationHandler.java:installSnapshot(95)) - omNode-2@group-523986131536: reply installSnapshot: omNode-1<-omNode-2#0:FAIL-t6,IN_PROGRESS
2022-10-04 13:26:31,646 [grpc-default-executor-4] INFO  server.GrpcServerProtocolService (GrpcServerProtocolService.java:onCompleted(140)) - omNode-2: Completed INSTALL_SNAPSHOT, lastRequest: omNode-1->omNode-2#0-t6,notify:(t:6, i:59)
2022-10-04 13:26:31,647 [grpc-default-executor-1] INFO  server.GrpcLogAppender (GrpcLogAppender.java:onNext(403)) - omNode-1@group-523986131536->omNode-2-InstallSnapshotResponseHandler: received a reply omNode-1<-omNode-2#0:FAIL-t6,IN_PROGRESS
2022-10-04 13:26:31,647 [grpc-default-executor-1] INFO  server.GrpcLogAppender (GrpcLogAppender.java:onNext(421)) - omNode-1@group-523986131536->omNode-2-InstallSnapshotResponseHandler: InstallSnapshot in progress.
2022-10-04 13:26:31,648 [omNode-1@group-523986131536->omNode-2-GrpcLogAppender-LogAppenderDaemon] INFO  server.GrpcLogAppender (GrpcLogAppender.java:installSnapshot(541)) - omNode-1@group-523986131536->omNode-2-GrpcLogAppender: followerNextIndex = 57 but logStartIndex = 59, notify follower to install snapshot-(t:6, i:59)
2022-10-04 13:26:31,648 [omNode-1@group-523986131536->omNode-2-GrpcLogAppender-LogAppenderDaemon] INFO  server.GrpcLogAppender (GrpcLogAppender.java:installSnapshot(549)) - omNode-1@group-523986131536->omNode-2-GrpcLogAppender: send omNode-1->omNode-2#0-t6,notify:(t:6, i:59)
2022-10-04 13:26:31,649 [omNode-2-server-thread1] INFO  server.RaftServer$Division (RaftServerImpl.java:checkInconsistentAppendEntries(1402)) - omNode-2@group-523986131536: Failed appendEntries as snapshot (59) installation is in progress
2022-10-04 13:26:31,649 [omNode-2-server-thread1] INFO  server.RaftServer$Division (RaftServerImpl.java:checkInconsistentAppendEntries(1394)) - omNode-2@group-523986131536: inconsistency entries. Reply:omNode-1<-omNode-2#826:FAIL-t6,INCONSISTENCY,nextIndex=57,followerCommit=56
2022-10-04 13:26:31,652 [grpc-default-executor-1] INFO  leader.FollowerInfo (FollowerInfoImpl.java:lambda$new$0(48)) - omNode-1@group-523986131536->omNode-2: nextIndex: updateUnconditionally 57 -> 57
2022-10-04 13:26:31,652 [grpc-default-executor-4] INFO  impl.SnapshotInstallationHandler (SnapshotInstallationHandler.java:installSnapshot(84)) - omNode-2@group-523986131536: receive installSnapshot: omNode-1->omNode-2#0-t6,notify:(t:6, i:59)
2022-10-04 13:26:31,652 [grpc-default-executor-4] INFO  impl.SnapshotInstallationHandler (SnapshotInstallationHandler.java:installSnapshot(95)) - omNode-2@group-523986131536: reply installSnapshot: omNode-1<-omNode-2#0:FAIL-t6,IN_PROGRESS
2022-10-04 13:26:31,652 [grpc-default-executor-4] INFO  server.GrpcServerProtocolService (GrpcServerProtocolService.java:onCompleted(140)) - omNode-2: Completed INSTALL_SNAPSHOT, lastRequest: omNode-1->omNode-2#0-t6,notify:(t:6, i:59)
2022-10-04 13:26:31,653 [grpc-default-executor-1] INFO  server.GrpcLogAppender (GrpcLogAppender.java:onNext(403)) - omNode-1@group-523986131536->omNode-2-InstallSnapshotResponseHandler: received a reply omNode-1<-omNode-2#0:FAIL-t6,IN_PROGRESS
2022-10-04 13:26:31,653 [grpc-default-executor-1] INFO  server.GrpcLogAppender (GrpcLogAppender.java:onNext(421)) - omNode-1@group-523986131536->omNode-2-InstallSnapshotResponseHandler: InstallSnapshot in progress.
2022-10-04 13:26:31,653 [omNode-1@group-523986131536->omNode-2-GrpcLogAppender-LogAppenderDaemon] INFO  server.GrpcLogAppender (GrpcLogAppender.java:installSnapshot(541)) - omNode-1@group-523986131536->omNode-2-GrpcLogAppender: followerNextIndex = 57 but logStartIndex = 59, notify follower to install snapshot-(t:6, i:59)
2022-10-04 13:26:31,653 [omNode-1@group-523986131536->omNode-2-GrpcLogAppender-LogAppenderDaemon] INFO  server.GrpcLogAppender (GrpcLogAppender.java:installSnapshot(549)) - omNode-1@group-523986131536->omNode-2-GrpcLogAppender: send omNode-1->omNode-2#0-t6,notify:(t:6, i:59)
2022-10-04 13:26:31,655 [omNode-2-server-thread1] INFO  server.RaftServer$Division (RaftServerImpl.java:checkInconsistentAppendEntries(1402)) - omNode-2@group-523986131536: Failed appendEntries as snapshot (59) installation is in progress
2022-10-04 13:26:31,655 [omNode-2-server-thread1] INFO  server.RaftServer$Division (RaftServerImpl.java:checkInconsistentAppendEntries(1394)) - omNode-2@group-523986131536: inconsistency entries. Reply:omNode-1<-omNode-2#827:FAIL-t6,INCONSISTENCY,nextIndex=57,followerCommit=56
2022-10-04 13:26:31,656 [grpc-default-executor-4] INFO  impl.SnapshotInstallationHandler (SnapshotInstallationHandler.java:installSnapshot(84)) - omNode-2@group-523986131536: receive installSnapshot: omNode-1->omNode-2#0-t6,notify:(t:6, i:59)
2022-10-04 13:26:31,656 [grpc-default-executor-4] INFO  impl.SnapshotInstallationHandler (SnapshotInstallationHandler.java:installSnapshot(95)) - omNode-2@group-523986131536: reply installSnapshot: omNode-1<-omNode-2#0:FAIL-t6,IN_PROGRESS
2022-10-04 13:26:31,656 [grpc-default-executor-4] INFO  server.GrpcServerProtocolService (GrpcServerProtocolService.java:onCompleted(140)) - omNode-2: Completed INSTALL_SNAPSHOT, lastRequest: omNode-1->omNode-2#0-t6,notify:(t:6, i:59)
2022-10-04 13:26:31,656 [grpc-default-executor-3] INFO  leader.FollowerInfo (FollowerInfoImpl.java:lambda$new$0(48)) - omNode-1@group-523986131536->omNode-2: nextIndex: updateUnconditionally 57 -> 57
2022-10-04 13:26:31,657 [grpc-default-executor-1] INFO  server.GrpcLogAppender (GrpcLogAppender.java:onNext(403)) - omNode-1@group-523986131536->omNode-2-InstallSnapshotResponseHandler: received a reply omNode-1<-omNode-2#0:FAIL-t6,IN_PROGRESS
2022-10-04 13:26:31,657 [grpc-default-executor-1] INFO  server.GrpcLogAppender (GrpcLogAppender.java:onNext(421)) - omNode-1@group-523986131536->omNode-2-InstallSnapshotResponseHandler: InstallSnapshot in progress.
2022-10-04 13:26:31,657 [omNode-1@group-523986131536->omNode-2-GrpcLogAppender-LogAppenderDaemon] INFO  server.GrpcLogAppender (GrpcLogAppender.java:installSnapshot(541)) - omNode-1@group-523986131536->omNode-2-GrpcLogAppender: followerNextIndex = 57 but logStartIndex = 59, notify follower to install snapshot-(t:6, i:59)
2022-10-04 13:26:31,657 [omNode-1@group-523986131536->omNode-2-GrpcLogAppender-LogAppenderDaemon] INFO  server.GrpcLogAppender (GrpcLogAppender.java:installSnapshot(549)) - omNode-1@group-523986131536->omNode-2-GrpcLogAppender: send omNode-1->omNode-2#0-t6,notify:(t:6, i:59)
2022-10-04 13:26:31,657 [omNode-2-server-thread1] INFO  server.RaftServer$Division (RaftServerImpl.java:checkInconsistentAppendEntries(1402)) - omNode-2@group-523986131536: Failed appendEntries as snapshot (59) installation is in progress
2022-10-04 13:26:31,657 [omNode-2-server-thread1] INFO  server.RaftServer$Division (RaftServerImpl.java:checkInconsistentAppendEntries(1394)) - omNode-2@group-523986131536: inconsistency entries. Reply:omNode-1<-omNode-2#828:FAIL-t6,INCONSISTENCY,nextIndex=57,followerCommit=56
2022-10-04 13:26:31,658 [grpc-default-executor-1] INFO  impl.SnapshotInstallationHandler (SnapshotInstallationHandler.java:installSnapshot(84)) - omNode-2@group-523986131536: receive installSnapshot: omNode-1->omNode-2#0-t6,notify:(t:6, i:59)
2022-10-04 13:26:31,658 [grpc-default-executor-1] INFO  impl.SnapshotInstallationHandler (SnapshotInstallationHandler.java:installSnapshot(95)) - omNode-2@group-523986131536: reply installSnapshot: omNode-1<-omNode-2#0:FAIL-t6,IN_PROGRESS
2022-10-04 13:26:31,659 [grpc-default-executor-1] INFO  server.GrpcServerProtocolService (GrpcServerProtocolService.java:onCompleted(140)) - omNode-2: Completed INSTALL_SNAPSHOT, lastRequest: omNode-1->omNode-2#0-t6,notify:(t:6, i:59)
2022-10-04 13:26:31,659 [grpc-default-executor-3] INFO  leader.FollowerInfo (FollowerInfoImpl.java:lambda$new$0(48)) - omNode-1@group-523986131536->omNode-2: nextIndex: updateUnconditionally 57 -> 57
2022-10-04 13:26:31,659 [grpc-default-executor-3] INFO  server.GrpcLogAppender (GrpcLogAppender.java:onNext(403)) - omNode-1@group-523986131536->omNode-2-InstallSnapshotResponseHandler: received a reply omNode-1<-omNode-2#0:FAIL-t6,IN_PROGRESS
2022-10-04 13:26:31,659 [grpc-default-executor-3] INFO  server.GrpcLogAppender (GrpcLogAppender.java:onNext(421)) - omNode-1@group-523986131536->omNode-2-InstallSnapshotResponseHandler: InstallSnapshot in progress.
2022-10-04 13:26:31,660 [omNode-1@group-523986131536->omNode-2-GrpcLogAppender-LogAppenderDaemon] INFO  server.GrpcLogAppender (GrpcLogAppender.java:installSnapshot(541)) - omNode-1@group-523986131536->omNode-2-GrpcLogAppender: followerNextIndex = 57 but logStartIndex = 59, notify follower to install snapshot-(t:6, i:59)
2022-10-04 13:26:31,660 [omNode-1@group-523986131536->omNode-2-GrpcLogAppender-LogAppenderDaemon] INFO  server.GrpcLogAppender (GrpcLogAppender.java:installSnapshot(549)) - omNode-1@group-523986131536->omNode-2-GrpcLogAppender: send omNode-1->omNode-2#0-t6,notify:(t:6, i:59)
2022-10-04 13:26:31,661 [omNode-2-server-thread1] INFO  server.RaftServer$Division (RaftServerImpl.java:checkInconsistentAppendEntries(1402)) - omNode-2@group-523986131536: Failed appendEntries as snapshot (59) installation is in progress
2022-10-04 13:26:31,662 [omNode-2-server-thread1] INFO  server.RaftServer$Division (RaftServerImpl.java:checkInconsistentAppendEntries(1394)) - omNode-2@group-523986131536: inconsistency entries. Reply:omNode-1<-omNode-2#829:FAIL-t6,INCONSISTENCY,nextIndex=57,followerCommit=56
2022-10-04 13:26:31,662 [grpc-default-executor-3] INFO  impl.SnapshotInstallationHandler (SnapshotInstallationHandler.java:installSnapshot(84)) - omNode-2@group-523986131536: receive installSnapshot: omNode-1->omNode-2#0-t6,notify:(t:6, i:59)
2022-10-04 13:26:31,662 [grpc-default-executor-3] INFO  impl.SnapshotInstallationHandler (SnapshotInstallationHandler.java:installSnapshot(95)) - omNode-2@group-523986131536: reply installSnapshot: omNode-1<-omNode-2#0:FAIL-t6,IN_PROGRESS
2022-10-04 13:26:31,662 [grpc-default-executor-3] INFO  server.GrpcServerProtocolService (GrpcServerProtocolService.java:onCompleted(140)) - omNode-2: Completed INSTALL_SNAPSHOT, lastRequest: omNode-1->omNode-2#0-t6,notify:(t:6, i:59)
2022-10-04 13:26:31,665 [grpc-default-executor-3] INFO  leader.FollowerInfo (FollowerInfoImpl.java:lambda$new$0(48)) - omNode-1@group-523986131536->omNode-2: nextIndex: updateUnconditionally 57 -> 57
2022-10-04 13:26:31,666 [grpc-default-executor-1] INFO  server.GrpcLogAppender (GrpcLogAppender.java:onNext(403)) - omNode-1@group-523986131536->omNode-2-InstallSnapshotResponseHandler: received a reply omNode-1<-omNode-2#0:FAIL-t6,IN_PROGRESS
2022-10-04 13:26:31,666 [grpc-default-executor-1] INFO  server.GrpcLogAppender (GrpcLogAppender.java:onNext(421)) - omNode-1@group-523986131536->omNode-2-InstallSnapshotResponseHandler: InstallSnapshot in progress.
2022-10-04 13:26:31,666 [omNode-1@group-523986131536->omNode-2-GrpcLogAppender-LogAppenderDaemon] INFO  server.GrpcLogAppender (GrpcLogAppender.java:installSnapshot(541)) - omNode-1@group-523986131536->omNode-2-GrpcLogAppender: followerNextIndex = 57 but logStartIndex = 59, notify follower to install snapshot-(t:6, i:59)
2022-10-04 13:26:31,666 [omNode-1@group-523986131536->omNode-2-GrpcLogAppender-LogAppenderDaemon] INFO  server.GrpcLogAppender (GrpcLogAppender.java:installSnapshot(549)) - omNode-1@group-523986131536->omNode-2-GrpcLogAppender: send omNode-1->omNode-2#0-t6,notify:(t:6, i:59)
2022-10-04 13:26:31,669 [omNode-2-server-thread1] INFO  server.RaftServer$Division (RaftServerImpl.java:checkInconsistentAppendEntries(1402)) - omNode-2@group-523986131536: Failed appendEntries as snapshot (59) installation is in progress
2022-10-04 13:26:31,669 [omNode-2-server-thread1] INFO  server.RaftServer$Division (RaftServerImpl.java:checkInconsistentAppendEntries(1394)) - omNode-2@group-523986131536: inconsistency entries. Reply:omNode-1<-omNode-2#830:FAIL-t6,INCONSISTENCY,nextIndex=57,followerCommit=56
2022-10-04 13:26:31,670 [grpc-default-executor-1] INFO  impl.SnapshotInstallationHandler (SnapshotInstallationHandler.java:installSnapshot(84)) - omNode-2@group-523986131536: receive installSnapshot: omNode-1->omNode-2#0-t6,notify:(t:6, i:59)
2022-10-04 13:26:31,670 [grpc-default-executor-1] INFO  impl.SnapshotInstallationHandler (SnapshotInstallationHandler.java:installSnapshot(95)) - omNode-2@group-523986131536: reply installSnapshot: omNode-1<-omNode-2#0:FAIL-t6,IN_PROGRESS
2022-10-04 13:26:31,670 [grpc-default-executor-1] INFO  server.GrpcServerProtocolService (GrpcServerProtocolService.java:onCompleted(140)) - omNode-2: Completed INSTALL_SNAPSHOT, lastRequest: omNode-1->omNode-2#0-t6,notify:(t:6, i:59)
2022-10-04 13:26:31,670 [grpc-default-executor-3] INFO  leader.FollowerInfo (FollowerInfoImpl.java:lambda$new$0(48)) - omNode-1@group-523986131536->omNode-2: nextIndex: updateUnconditionally 57 -> 57
2022-10-04 13:26:31,670 [grpc-default-executor-1] INFO  server.GrpcLogAppender (GrpcLogAppender.java:onNext(403)) - omNode-1@group-523986131536->omNode-2-InstallSnapshotResponseHandler: received a reply omNode-1<-omNode-2#0:FAIL-t6,IN_PROGRESS
2022-10-04 13:26:31,670 [grpc-default-executor-1] INFO  server.GrpcLogAppender (GrpcLogAppender.java:onNext(421)) - omNode-1@group-523986131536->omNode-2-InstallSnapshotResponseHandler: InstallSnapshot in progress.
2022-10-04 13:26:31,670 [omNode-1@group-523986131536->omNode-2-GrpcLogAppender-LogAppenderDaemon] INFO  server.GrpcLogAppender (GrpcLogAppender.java:installSnapshot(541)) - omNode-1@group-523986131536->omNode-2-GrpcLogAppender: followerNextIndex = 57 but logStartIndex = 59, notify follower to install snapshot-(t:6, i:59)
2022-10-04 13:26:31,670 [omNode-1@group-523986131536->omNode-2-GrpcLogAppender-LogAppenderDaemon] INFO  server.GrpcLogAppender (GrpcLogAppender.java:installSnapshot(549)) - omNode-1@group-523986131536->omNode-2-GrpcLogAppender: send omNode-1->omNode-2#0-t6,notify:(t:6, i:59)
2022-10-04 13:26:31,671 [omNode-2-server-thread1] INFO  server.RaftServer$Division (RaftServerImpl.java:checkInconsistentAppendEntries(1402)) - omNode-2@group-523986131536: Failed appendEntries as snapshot (59) installation is in progress
2022-10-04 13:26:31,671 [omNode-2-server-thread1] INFO  server.RaftServer$Division (RaftServerImpl.java:checkInconsistentAppendEntries(1394)) - omNode-2@group-523986131536: inconsistency entries. Reply:omNode-1<-omNode-2#831:FAIL-t6,INCONSISTENCY,nextIndex=57,followerCommit=56
2022-10-04 13:26:31,671 [grpc-default-executor-3] INFO  leader.FollowerInfo (FollowerInfoImpl.java:lambda$new$0(48)) - omNode-1@group-523986131536->omNode-2: nextIndex: updateUnconditionally 57 -> 57
2022-10-04 13:26:31,672 [grpc-default-executor-1] INFO  impl.SnapshotInstallationHandler (SnapshotInstallationHandler.java:installSnapshot(84)) - omNode-2@group-523986131536: receive installSnapshot: omNode-1->omNode-2#0-t6,notify:(t:6, i:59)
2022-10-04 13:26:31,672 [grpc-default-executor-1] INFO  impl.SnapshotInstallationHandler (SnapshotInstallationHandler.java:installSnapshot(95)) - omNode-2@group-523986131536: reply installSnapshot: omNode-1<-omNode-2#0:FAIL-t6,IN_PROGRESS
2022-10-04 13:26:31,672 [grpc-default-executor-1] INFO  server.GrpcServerProtocolService (GrpcServerProtocolService.java:onCompleted(140)) - omNode-2: Completed INSTALL_SNAPSHOT, lastRequest: omNode-1->omNode-2#0-t6,notify:(t:6, i:59)
2022-10-04 13:26:31,672 [grpc-default-executor-1] INFO  server.GrpcLogAppender (GrpcLogAppender.java:onNext(403)) - omNode-1@group-523986131536->omNode-2-InstallSnapshotResponseHandler: received a reply omNode-1<-omNode-2#0:FAIL-t6,IN_PROGRESS
2022-10-04 13:26:31,672 [grpc-default-executor-1] INFO  server.GrpcLogAppender (GrpcLogAppender.java:onNext(421)) - omNode-1@group-523986131536->omNode-2-InstallSnapshotResponseHandler: InstallSnapshot in progress.
2022-10-04 13:26:31,672 [omNode-1@group-523986131536->omNode-2-GrpcLogAppender-LogAppenderDaemon] INFO  server.GrpcLogAppender (GrpcLogAppender.java:installSnapshot(541)) - omNode-1@group-523986131536->omNode-2-GrpcLogAppender: followerNextIndex = 57 but logStartIndex = 59, notify follower to install snapshot-(t:6, i:59)
2022-10-04 13:26:31,672 [omNode-1@group-523986131536->omNode-2-GrpcLogAppender-LogAppenderDaemon] INFO  server.GrpcLogAppender (GrpcLogAppender.java:installSnapshot(549)) - omNode-1@group-523986131536->omNode-2-GrpcLogAppender: send omNode-1->omNode-2#0-t6,notify:(t:6, i:59)
2022-10-04 13:26:31,673 [omNode-2-server-thread1] INFO  server.RaftServer$Division (RaftServerImpl.java:checkInconsistentAppendEntries(1402)) - omNode-2@group-523986131536: Failed appendEntries as snapshot (59) installation is in progress
2022-10-04 13:26:31,673 [omNode-2-server-thread1] INFO  server.RaftServer$Division (RaftServerImpl.java:checkInconsistentAppendEntries(1394)) - omNode-2@group-523986131536: inconsistency entries. Reply:omNode-1<-omNode-2#832:FAIL-t6,INCONSISTENCY,nextIndex=57,followerCommit=56
2022-10-04 13:26:31,673 [grpc-default-executor-3] INFO  leader.FollowerInfo (FollowerInfoImpl.java:lambda$new$0(48)) - omNode-1@group-523986131536->omNode-2: nextIndex: updateUnconditionally 57 -> 57
2022-10-04 13:26:31,674 [grpc-default-executor-1] INFO  impl.SnapshotInstallationHandler (SnapshotInstallationHandler.java:installSnapshot(84)) - omNode-2@group-523986131536: receive installSnapshot: omNode-1->omNode-2#0-t6,notify:(t:6, i:59)
2022-10-04 13:26:31,674 [grpc-default-executor-1] INFO  impl.SnapshotInstallationHandler (SnapshotInstallationHandler.java:installSnapshot(95)) - omNode-2@group-523986131536: reply installSnapshot: omNode-1<-omNode-2#0:FAIL-t6,IN_PROGRESS
2022-10-04 13:26:31,674 [grpc-default-executor-1] INFO  server.GrpcServerProtocolService (GrpcServerProtocolService.java:onCompleted(140)) - omNode-2: Completed INSTALL_SNAPSHOT, lastRequest: omNode-1->omNode-2#0-t6,notify:(t:6, i:59)
2022-10-04 13:26:31,674 [grpc-default-executor-1] INFO  server.GrpcLogAppender (GrpcLogAppender.java:onNext(403)) - omNode-1@group-523986131536->omNode-2-InstallSnapshotResponseHandler: received a reply omNode-1<-omNode-2#0:FAIL-t6,IN_PROGRESS
2022-10-04 13:26:31,675 [grpc-default-executor-1] INFO  server.GrpcLogAppender (GrpcLogAppender.java:onNext(421)) - omNode-1@group-523986131536->omNode-2-InstallSnapshotResponseHandler: InstallSnapshot in progress.
2022-10-04 13:26:31,675 [omNode-1@group-523986131536->omNode-2-GrpcLogAppender-LogAppenderDaemon] INFO  server.GrpcLogAppender (GrpcLogAppender.java:installSnapshot(541)) - omNode-1@group-523986131536->omNode-2-GrpcLogAppender: followerNextIndex = 57 but logStartIndex = 59, notify follower to install snapshot-(t:6, i:59)
2022-10-04 13:26:31,675 [omNode-1@group-523986131536->omNode-2-GrpcLogAppender-LogAppenderDaemon] INFO  server.GrpcLogAppender (GrpcLogAppender.java:installSnapshot(549)) - omNode-1@group-523986131536->omNode-2-GrpcLogAppender: send omNode-1->omNode-2#0-t6,notify:(t:6, i:59)
2022-10-04 13:26:31,675 [omNode-2-server-thread1] INFO  server.RaftServer$Division (RaftServerImpl.java:checkInconsistentAppendEntries(1402)) - omNode-2@group-523986131536: Failed appendEntries as snapshot (59) installation is in progress
2022-10-04 13:26:31,675 [omNode-2-server-thread1] INFO  server.RaftServer$Division (RaftServerImpl.java:checkInconsistentAppendEntries(1394)) - omNode-2@group-523986131536: inconsistency entries. Reply:omNode-1<-omNode-2#833:FAIL-t6,INCONSISTENCY,nextIndex=57,followerCommit=56
2022-10-04 13:26:31,676 [grpc-default-executor-1] INFO  leader.FollowerInfo (FollowerInfoImpl.java:lambda$new$0(48)) - omNode-1@group-523986131536->omNode-2: nextIndex: updateUnconditionally 57 -> 57
2022-10-04 13:26:31,676 [grpc-default-executor-1] INFO  impl.SnapshotInstallationHandler (SnapshotInstallationHandler.java:installSnapshot(84)) - omNode-2@group-523986131536: receive installSnapshot: omNode-1->omNode-2#0-t6,notify:(t:6, i:59)
2022-10-04 13:26:31,676 [grpc-default-executor-1] INFO  impl.SnapshotInstallationHandler (SnapshotInstallationHandler.java:installSnapshot(95)) - omNode-2@group-523986131536: reply installSnapshot: omNode-1<-omNode-2#0:FAIL-t6,IN_PROGRESS
2022-10-04 13:26:31,676 [grpc-default-executor-1] INFO  server.GrpcServerProtocolService (GrpcServerProtocolService.java:onCompleted(140)) - omNode-2: Completed INSTALL_SNAPSHOT, lastRequest: omNode-1->omNode-2#0-t6,notify:(t:6, i:59)
2022-10-04 13:26:31,676 [grpc-default-executor-1] INFO  server.GrpcLogAppender (GrpcLogAppender.java:onNext(403)) - omNode-1@group-523986131536->omNode-2-InstallSnapshotResponseHandler: received a reply omNode-1<-omNode-2#0:FAIL-t6,IN_PROGRESS
2022-10-04 13:26:31,677 [grpc-default-executor-1] INFO  server.GrpcLogAppender (GrpcLogAppender.java:onNext(421)) - omNode-1@group-523986131536->omNode-2-InstallSnapshotResponseHandler: InstallSnapshot in progress.
2022-10-04 13:26:31,677 [omNode-1@group-523986131536->omNode-2-GrpcLogAppender-LogAppenderDaemon] INFO  server.GrpcLogAppender (GrpcLogAppender.java:installSnapshot(541)) - omNode-1@group-523986131536->omNode-2-GrpcLogAppender: followerNextIndex = 57 but logStartIndex = 59, notify follower to install snapshot-(t:6, i:59)
2022-10-04 13:26:31,677 [omNode-1@group-523986131536->omNode-2-GrpcLogAppender-LogAppenderDaemon] INFO  server.GrpcLogAppender (GrpcLogAppender.java:installSnapshot(549)) - omNode-1@group-523986131536->omNode-2-GrpcLogAppender: send omNode-1->omNode-2#0-t6,notify:(t:6, i:59)
2022-10-04 13:26:31,677 [omNode-2-server-thread1] INFO  server.RaftServer$Division (RaftServerImpl.java:checkInconsistentAppendEntries(1402)) - omNode-2@group-523986131536: Failed appendEntries as snapshot (59) installation is in progress
2022-10-04 13:26:31,677 [omNode-2-server-thread1] INFO  server.RaftServer$Division (RaftServerImpl.java:checkInconsistentAppendEntries(1394)) - omNode-2@group-523986131536: inconsistency entries. Reply:omNode-1<-omNode-2#834:FAIL-t6,INCONSISTENCY,nextIndex=57,followerCommit=56
2022-10-04 13:26:31,678 [grpc-default-executor-3] INFO  leader.FollowerInfo (FollowerInfoImpl.java:lambda$new$0(48)) - omNode-1@group-523986131536->omNode-2: nextIndex: updateUnconditionally 57 -> 57
2022-10-04 13:26:31,678 [grpc-default-executor-1] INFO  impl.SnapshotInstallationHandler (SnapshotInstallationHandler.java:installSnapshot(84)) - omNode-2@group-523986131536: receive installSnapshot: omNode-1->omNode-2#0-t6,notify:(t:6, i:59)
2022-10-04 13:26:31,678 [grpc-default-executor-1] INFO  impl.SnapshotInstallationHandler (SnapshotInstallationHandler.java:installSnapshot(95)) - omNode-2@group-523986131536: reply installSnapshot: omNode-1<-omNode-2#0:FAIL-t6,IN_PROGRESS
2022-10-04 13:26:31,678 [grpc-default-executor-1] INFO  server.GrpcServerProtocolService (GrpcServerProtocolService.java:onCompleted(140)) - omNode-2: Completed INSTALL_SNAPSHOT, lastRequest: omNode-1->omNode-2#0-t6,notify:(t:6, i:59)
2022-10-04 13:26:31,678 [grpc-default-executor-1] INFO  server.GrpcLogAppender (GrpcLogAppender.java:onNext(403)) - omNode-1@group-523986131536->omNode-2-InstallSnapshotResponseHandler: received a reply omNode-1<-omNode-2#0:FAIL-t6,IN_PROGRESS
2022-10-04 13:26:31,679 [grpc-default-executor-1] INFO  server.GrpcLogAppender (GrpcLogAppender.java:onNext(421)) - omNode-1@group-523986131536->omNode-2-InstallSnapshotResponseHandler: InstallSnapshot in progress.
2022-10-04 13:26:31,679 [omNode-1@group-523986131536->omNode-2-GrpcLogAppender-LogAppenderDaemon] INFO  server.GrpcLogAppender (GrpcLogAppender.java:installSnapshot(541)) - omNode-1@group-523986131536->omNode-2-GrpcLogAppender: followerNextIndex = 57 but logStartIndex = 59, notify follower to install snapshot-(t:6, i:59)
2022-10-04 13:26:31,679 [omNode-1@group-523986131536->omNode-2-GrpcLogAppender-LogAppenderDaemon] INFO  server.GrpcLogAppender (GrpcLogAppender.java:installSnapshot(549)) - omNode-1@group-523986131536->omNode-2-GrpcLogAppender: send omNode-1->omNode-2#0-t6,notify:(t:6, i:59)
2022-10-04 13:26:31,679 [omNode-2-server-thread1] INFO  server.RaftServer$Division (RaftServerImpl.java:checkInconsistentAppendEntries(1402)) - omNode-2@group-523986131536: Failed appendEntries as snapshot (59) installation is in progress
2022-10-04 13:26:31,679 [omNode-2-server-thread1] INFO  server.RaftServer$Division (RaftServerImpl.java:checkInconsistentAppendEntries(1394)) - omNode-2@group-523986131536: inconsistency entries. Reply:omNode-1<-omNode-2#835:FAIL-t6,INCONSISTENCY,nextIndex=57,followerCommit=56
2022-10-04 13:26:31,680 [grpc-default-executor-3] INFO  leader.FollowerInfo (FollowerInfoImpl.java:lambda$new$0(48)) - omNode-1@group-523986131536->omNode-2: nextIndex: updateUnconditionally 57 -> 57
2022-10-04 13:26:31,680 [grpc-default-executor-1] INFO  impl.SnapshotInstallationHandler (SnapshotInstallationHandler.java:installSnapshot(84)) - omNode-2@group-523986131536: receive installSnapshot: omNode-1->omNode-2#0-t6,notify:(t:6, i:59)
2022-10-04 13:26:31,680 [grpc-default-executor-1] INFO  impl.SnapshotInstallationHandler (SnapshotInstallationHandler.java:installSnapshot(95)) - omNode-2@group-523986131536: reply installSnapshot: omNode-1<-omNode-2#0:FAIL-t6,IN_PROGRESS
2022-10-04 13:26:31,680 [grpc-default-executor-1] INFO  server.GrpcServerProtocolService (GrpcServerProtocolService.java:onCompleted(140)) - omNode-2: Completed INSTALL_SNAPSHOT, lastRequest: omNode-1->omNode-2#0-t6,notify:(t:6, i:59)
2022-10-04 13:26:31,682 [grpc-default-executor-1] INFO  server.GrpcLogAppender (GrpcLogAppender.java:onNext(403)) - omNode-1@group-523986131536->omNode-2-InstallSnapshotResponseHandler: received a reply omNode-1<-omNode-2#0:FAIL-t6,IN_PROGRESS
2022-10-04 13:26:31,682 [grpc-default-executor-1] INFO  server.GrpcLogAppender (GrpcLogAppender.java:onNext(421)) - omNode-1@group-523986131536->omNode-2-InstallSnapshotResponseHandler: InstallSnapshot in progress.
2022-10-04 13:26:31,682 [omNode-1@group-523986131536->omNode-2-GrpcLogAppender-LogAppenderDaemon] INFO  server.GrpcLogAppender (GrpcLogAppender.java:installSnapshot(541)) - omNode-1@group-523986131536->omNode-2-GrpcLogAppender: followerNextIndex = 57 but logStartIndex = 59, notify follower to install snapshot-(t:6, i:59)
2022-10-04 13:26:31,682 [omNode-1@group-523986131536->omNode-2-GrpcLogAppender-LogAppenderDaemon] INFO  server.GrpcLogAppender (GrpcLogAppender.java:installSnapshot(549)) - omNode-1@group-523986131536->omNode-2-GrpcLogAppender: send omNode-1->omNode-2#0-t6,notify:(t:6, i:59)
2022-10-04 13:26:31,682 [omNode-2-server-thread1] INFO  server.RaftServer$Division (RaftServerImpl.java:checkInconsistentAppendEntries(1402)) - omNode-2@group-523986131536: Failed appendEntries as snapshot (59) installation is in progress
2022-10-04 13:26:31,683 [omNode-2-server-thread1] INFO  server.RaftServer$Division (RaftServerImpl.java:checkInconsistentAppendEntries(1394)) - omNode-2@group-523986131536: inconsistency entries. Reply:omNode-1<-omNode-2#836:FAIL-t6,INCONSISTENCY,nextIndex=57,followerCommit=56
2022-10-04 13:26:31,683 [grpc-default-executor-3] INFO  leader.FollowerInfo (FollowerInfoImpl.java:lambda$new$0(48)) - omNode-1@group-523986131536->omNode-2: nextIndex: updateUnconditionally 57 -> 57
2022-10-04 13:26:31,683 [grpc-default-executor-1] INFO  impl.SnapshotInstallationHandler (SnapshotInstallationHandler.java:installSnapshot(84)) - omNode-2@group-523986131536: receive installSnapshot: omNode-1->omNode-2#0-t6,notify:(t:6, i:59)
2022-10-04 13:26:31,683 [grpc-default-executor-1] INFO  impl.SnapshotInstallationHandler (SnapshotInstallationHandler.java:installSnapshot(95)) - omNode-2@group-523986131536: reply installSnapshot: omNode-1<-omNode-2#0:FAIL-t6,IN_PROGRESS
2022-10-04 13:26:31,683 [grpc-default-executor-1] INFO  server.GrpcServerProtocolService (GrpcServerProtocolService.java:onCompleted(140)) - omNode-2: Completed INSTALL_SNAPSHOT, lastRequest: omNode-1->omNode-2#0-t6,notify:(t:6, i:59)
2022-10-04 13:26:31,684 [grpc-default-executor-4] INFO  server.GrpcLogAppender (GrpcLogAppender.java:onNext(403)) - omNode-1@group-523986131536->omNode-2-InstallSnapshotResponseHandler: received a reply omNode-1<-omNode-2#0:FAIL-t6,IN_PROGRESS
2022-10-04 13:26:31,684 [grpc-default-executor-4] INFO  server.GrpcLogAppender (GrpcLogAppender.java:onNext(421)) - omNode-1@group-523986131536->omNode-2-InstallSnapshotResponseHandler: InstallSnapshot in progress.
2022-10-04 13:26:31,685 [omNode-1@group-523986131536->omNode-2-GrpcLogAppender-LogAppenderDaemon] INFO  server.GrpcLogAppender (GrpcLogAppender.java:installSnapshot(541)) - omNode-1@group-523986131536->omNode-2-GrpcLogAppender: followerNextIndex = 57 but logStartIndex = 59, notify follower to install snapshot-(t:6, i:59)
2022-10-04 13:26:31,685 [omNode-1@group-523986131536->omNode-2-GrpcLogAppender-LogAppenderDaemon] INFO  server.GrpcLogAppender (GrpcLogAppender.java:installSnapshot(549)) - omNode-1@group-523986131536->omNode-2-GrpcLogAppender: send omNode-1->omNode-2#0-t6,notify:(t:6, i:59)
2022-10-04 13:26:31,687 [omNode-2-server-thread1] INFO  server.RaftServer$Division (RaftServerImpl.java:checkInconsistentAppendEntries(1402)) - omNode-2@group-523986131536: Failed appendEntries as snapshot (59) installation is in progress
2022-10-04 13:26:31,687 [omNode-2-server-thread1] INFO  server.RaftServer$Division (RaftServerImpl.java:checkInconsistentAppendEntries(1394)) - omNode-2@group-523986131536: inconsistency entries. Reply:omNode-1<-omNode-2#837:FAIL-t6,INCONSISTENCY,nextIndex=57,followerCommit=56
2022-10-04 13:26:31,693 [grpc-default-executor-1] INFO  impl.SnapshotInstallationHandler (SnapshotInstallationHandler.java:installSnapshot(84)) - omNode-2@group-523986131536: receive installSnapshot: omNode-1->omNode-2#0-t6,notify:(t:6, i:59)
2022-10-04 13:26:31,693 [grpc-default-executor-3] INFO  leader.FollowerInfo (FollowerInfoImpl.java:lambda$new$0(48)) - omNode-1@group-523986131536->omNode-2: nextIndex: updateUnconditionally 57 -> 57
2022-10-04 13:26:31,693 [grpc-default-executor-1] INFO  impl.SnapshotInstallationHandler (SnapshotInstallationHandler.java:installSnapshot(95)) - omNode-2@group-523986131536: reply installSnapshot: omNode-1<-omNode-2#0:FAIL-t6,IN_PROGRESS
2022-10-04 13:26:31,694 [grpc-default-executor-1] INFO  server.GrpcServerProtocolService (GrpcServerProtocolService.java:onCompleted(140)) - omNode-2: Completed INSTALL_SNAPSHOT, lastRequest: omNode-1->omNode-2#0-t6,notify:(t:6, i:59)
2022-10-04 13:26:31,694 [grpc-default-executor-3] INFO  server.GrpcLogAppender (GrpcLogAppender.java:onNext(403)) - omNode-1@group-523986131536->omNode-2-InstallSnapshotResponseHandler: received a reply omNode-1<-omNode-2#0:FAIL-t6,IN_PROGRESS
2022-10-04 13:26:31,694 [grpc-default-executor-3] INFO  server.GrpcLogAppender (GrpcLogAppender.java:onNext(421)) - omNode-1@group-523986131536->omNode-2-InstallSnapshotResponseHandler: InstallSnapshot in progress.
2022-10-04 13:26:31,694 [omNode-1@group-523986131536->omNode-2-GrpcLogAppender-LogAppenderDaemon] INFO  server.GrpcLogAppender (GrpcLogAppender.java:installSnapshot(541)) - omNode-1@group-523986131536->omNode-2-GrpcLogAppender: followerNextIndex = 57 but logStartIndex = 59, notify follower to install snapshot-(t:6, i:59)
2022-10-04 13:26:31,694 [omNode-1@group-523986131536->omNode-2-GrpcLogAppender-LogAppenderDaemon] INFO  server.GrpcLogAppender (GrpcLogAppender.java:installSnapshot(549)) - omNode-1@group-523986131536->omNode-2-GrpcLogAppender: send omNode-1->omNode-2#0-t6,notify:(t:6, i:59)
2022-10-04 13:26:31,694 [omNode-2-server-thread1] INFO  server.RaftServer$Division (RaftServerImpl.java:checkInconsistentAppendEntries(1402)) - omNode-2@group-523986131536: Failed appendEntries as snapshot (59) installation is in progress
2022-10-04 13:26:31,695 [omNode-2-server-thread1] INFO  server.RaftServer$Division (RaftServerImpl.java:checkInconsistentAppendEntries(1394)) - omNode-2@group-523986131536: inconsistency entries. Reply:omNode-1<-omNode-2#838:FAIL-t6,INCONSISTENCY,nextIndex=57,followerCommit=56
2022-10-04 13:26:31,695 [grpc-default-executor-3] INFO  leader.FollowerInfo (FollowerInfoImpl.java:lambda$new$0(48)) - omNode-1@group-523986131536->omNode-2: nextIndex: updateUnconditionally 57 -> 57
2022-10-04 13:26:31,697 [grpc-default-executor-1] INFO  impl.SnapshotInstallationHandler (SnapshotInstallationHandler.java:installSnapshot(84)) - omNode-2@group-523986131536: receive installSnapshot: omNode-1->omNode-2#0-t6,notify:(t:6, i:59)
2022-10-04 13:26:31,697 [grpc-default-executor-1] INFO  impl.SnapshotInstallationHandler (SnapshotInstallationHandler.java:installSnapshot(95)) - omNode-2@group-523986131536: reply installSnapshot: omNode-1<-omNode-2#0:FAIL-t6,IN_PROGRESS
2022-10-04 13:26:31,697 [grpc-default-executor-1] INFO  server.GrpcServerProtocolService (GrpcServerProtocolService.java:onCompleted(140)) - omNode-2: Completed INSTALL_SNAPSHOT, lastRequest: omNode-1->omNode-2#0-t6,notify:(t:6, i:59)
2022-10-04 13:26:31,698 [grpc-default-executor-1] INFO  server.GrpcLogAppender (GrpcLogAppender.java:onNext(403)) - omNode-1@group-523986131536->omNode-2-InstallSnapshotResponseHandler: received a reply omNode-1<-omNode-2#0:FAIL-t6,IN_PROGRESS
2022-10-04 13:26:31,698 [grpc-default-executor-1] INFO  server.GrpcLogAppender (GrpcLogAppender.java:onNext(421)) - omNode-1@group-523986131536->omNode-2-InstallSnapshotResponseHandler: InstallSnapshot in progress.
2022-10-04 13:26:31,698 [omNode-1@group-523986131536->omNode-2-GrpcLogAppender-LogAppenderDaemon] INFO  server.GrpcLogAppender (GrpcLogAppender.java:installSnapshot(541)) - omNode-1@group-523986131536->omNode-2-GrpcLogAppender: followerNextIndex = 57 but logStartIndex = 59, notify follower to install snapshot-(t:6, i:59)
2022-10-04 13:26:31,698 [omNode-1@group-523986131536->omNode-2-GrpcLogAppender-LogAppenderDaemon] INFO  server.GrpcLogAppender (GrpcLogAppender.java:installSnapshot(549)) - omNode-1@group-523986131536->omNode-2-GrpcLogAppender: send omNode-1->omNode-2#0-t6,notify:(t:6, i:59)
2022-10-04 13:26:31,698 [omNode-2-server-thread1] INFO  server.RaftServer$Division (RaftServerImpl.java:checkInconsistentAppendEntries(1402)) - omNode-2@group-523986131536: Failed appendEntries as snapshot (59) installation is in progress
2022-10-04 13:26:31,698 [omNode-2-server-thread1] INFO  server.RaftServer$Division (RaftServerImpl.java:checkInconsistentAppendEntries(1394)) - omNode-2@group-523986131536: inconsistency entries. Reply:omNode-1<-omNode-2#839:FAIL-t6,INCONSISTENCY,nextIndex=57,followerCommit=56
2022-10-04 13:26:31,699 [grpc-default-executor-3] INFO  leader.FollowerInfo (FollowerInfoImpl.java:lambda$new$0(48)) - omNode-1@group-523986131536->omNode-2: nextIndex: updateUnconditionally 57 -> 57
2022-10-04 13:26:31,699 [grpc-default-executor-1] INFO  impl.SnapshotInstallationHandler (SnapshotInstallationHandler.java:installSnapshot(84)) - omNode-2@group-523986131536: receive installSnapshot: omNode-1->omNode-2#0-t6,notify:(t:6, i:59)
2022-10-04 13:26:31,702 [grpc-default-executor-1] INFO  impl.SnapshotInstallationHandler (SnapshotInstallationHandler.java:installSnapshot(95)) - omNode-2@group-523986131536: reply installSnapshot: omNode-1<-omNode-2#0:FAIL-t6,IN_PROGRESS
2022-10-04 13:26:31,702 [grpc-default-executor-1] INFO  server.GrpcServerProtocolService (GrpcServerProtocolService.java:onCompleted(140)) - omNode-2: Completed INSTALL_SNAPSHOT, lastRequest: omNode-1->omNode-2#0-t6,notify:(t:6, i:59)
2022-10-04 13:26:31,703 [grpc-default-executor-3] INFO  server.GrpcLogAppender (GrpcLogAppender.java:onNext(403)) - omNode-1@group-523986131536->omNode-2-InstallSnapshotResponseHandler: received a reply omNode-1<-omNode-2#0:FAIL-t6,IN_PROGRESS
2022-10-04 13:26:31,703 [grpc-default-executor-3] INFO  server.GrpcLogAppender (GrpcLogAppender.java:onNext(421)) - omNode-1@group-523986131536->omNode-2-InstallSnapshotResponseHandler: InstallSnapshot in progress.
2022-10-04 13:26:31,703 [omNode-1@group-523986131536->omNode-2-GrpcLogAppender-LogAppenderDaemon] INFO  server.GrpcLogAppender (GrpcLogAppender.java:installSnapshot(541)) - omNode-1@group-523986131536->omNode-2-GrpcLogAppender: followerNextIndex = 57 but logStartIndex = 59, notify follower to install snapshot-(t:6, i:59)
2022-10-04 13:26:31,703 [omNode-1@group-523986131536->omNode-2-GrpcLogAppender-LogAppenderDaemon] INFO  server.GrpcLogAppender (GrpcLogAppender.java:installSnapshot(549)) - omNode-1@group-523986131536->omNode-2-GrpcLogAppender: send omNode-1->omNode-2#0-t6,notify:(t:6, i:59)
2022-10-04 13:26:31,704 [omNode-2-server-thread1] INFO  server.RaftServer$Division (RaftServerImpl.java:checkInconsistentAppendEntries(1402)) - omNode-2@group-523986131536: Failed appendEntries as snapshot (59) installation is in progress
2022-10-04 13:26:31,704 [omNode-2-server-thread1] INFO  server.RaftServer$Division (RaftServerImpl.java:checkInconsistentAppendEntries(1394)) - omNode-2@group-523986131536: inconsistency entries. Reply:omNode-1<-omNode-2#840:FAIL-t6,INCONSISTENCY,nextIndex=57,followerCommit=56
2022-10-04 13:26:31,704 [grpc-default-executor-3] INFO  leader.FollowerInfo (FollowerInfoImpl.java:lambda$new$0(48)) - omNode-1@group-523986131536->omNode-2: nextIndex: updateUnconditionally 57 -> 57
2022-10-04 13:26:31,705 [grpc-default-executor-3] INFO  impl.SnapshotInstallationHandler (SnapshotInstallationHandler.java:installSnapshot(84)) - omNode-2@group-523986131536: receive installSnapshot: omNode-1->omNode-2#0-t6,notify:(t:6, i:59)
2022-10-04 13:26:31,705 [grpc-default-executor-3] INFO  impl.SnapshotInstallationHandler (SnapshotInstallationHandler.java:installSnapshot(95)) - omNode-2@group-523986131536: reply installSnapshot: omNode-1<-omNode-2#0:FAIL-t6,IN_PROGRESS
2022-10-04 13:26:31,705 [grpc-default-executor-3] INFO  server.GrpcServerProtocolService (GrpcServerProtocolService.java:onCompleted(140)) - omNode-2: Completed INSTALL_SNAPSHOT, lastRequest: omNode-1->omNode-2#0-t6,notify:(t:6, i:59)
2022-10-04 13:26:31,705 [grpc-default-executor-3] INFO  server.GrpcLogAppender (GrpcLogAppender.java:onNext(403)) - omNode-1@group-523986131536->omNode-2-InstallSnapshotResponseHandler: received a reply omNode-1<-omNode-2#0:FAIL-t6,IN_PROGRESS
2022-10-04 13:26:31,705 [grpc-default-executor-3] INFO  server.GrpcLogAppender (GrpcLogAppender.java:onNext(421)) - omNode-1@group-523986131536->omNode-2-InstallSnapshotResponseHandler: InstallSnapshot in progress.
2022-10-04 13:26:31,706 [omNode-1@group-523986131536->omNode-2-GrpcLogAppender-LogAppenderDaemon] INFO  server.GrpcLogAppender (GrpcLogAppender.java:installSnapshot(541)) - omNode-1@group-523986131536->omNode-2-GrpcLogAppender: followerNextIndex = 57 but logStartIndex = 59, notify follower to install snapshot-(t:6, i:59)
2022-10-04 13:26:31,706 [omNode-1@group-523986131536->omNode-2-GrpcLogAppender-LogAppenderDaemon] INFO  server.GrpcLogAppender (GrpcLogAppender.java:installSnapshot(549)) - omNode-1@group-523986131536->omNode-2-GrpcLogAppender: send omNode-1->omNode-2#0-t6,notify:(t:6, i:59)
2022-10-04 13:26:31,706 [omNode-2-server-thread1] INFO  server.RaftServer$Division (RaftServerImpl.java:checkInconsistentAppendEntries(1402)) - omNode-2@group-523986131536: Failed appendEntries as snapshot (59) installation is in progress
2022-10-04 13:26:31,707 [omNode-2-server-thread1] INFO  server.RaftServer$Division (RaftServerImpl.java:checkInconsistentAppendEntries(1394)) - omNode-2@group-523986131536: inconsistency entries. Reply:omNode-1<-omNode-2#841:FAIL-t6,INCONSISTENCY,nextIndex=57,followerCommit=56
2022-10-04 13:26:31,707 [grpc-default-executor-3] INFO  leader.FollowerInfo (FollowerInfoImpl.java:lambda$new$0(48)) - omNode-1@group-523986131536->omNode-2: nextIndex: updateUnconditionally 57 -> 57
2022-10-04 13:26:31,707 [grpc-default-executor-1] INFO  impl.SnapshotInstallationHandler (SnapshotInstallationHandler.java:installSnapshot(84)) - omNode-2@group-523986131536: receive installSnapshot: omNode-1->omNode-2#0-t6,notify:(t:6, i:59)
2022-10-04 13:26:31,707 [grpc-default-executor-1] INFO  impl.SnapshotInstallationHandler (SnapshotInstallationHandler.java:installSnapshot(95)) - omNode-2@group-523986131536: reply installSnapshot: omNode-1<-omNode-2#0:FAIL-t6,IN_PROGRESS
2022-10-04 13:26:31,707 [grpc-default-executor-1] INFO  server.GrpcServerProtocolService (GrpcServerProtocolService.java:onCompleted(140)) - omNode-2: Completed INSTALL_SNAPSHOT, lastRequest: omNode-1->omNode-2#0-t6,notify:(t:6, i:59)
2022-10-04 13:26:31,708 [grpc-default-executor-1] INFO  server.GrpcLogAppender (GrpcLogAppender.java:onNext(403)) - omNode-1@group-523986131536->omNode-2-InstallSnapshotResponseHandler: received a reply omNode-1<-omNode-2#0:FAIL-t6,IN_PROGRESS
2022-10-04 13:26:31,708 [grpc-default-executor-1] INFO  server.GrpcLogAppender (GrpcLogAppender.java:onNext(421)) - omNode-1@group-523986131536->omNode-2-InstallSnapshotResponseHandler: InstallSnapshot in progress.
2022-10-04 13:26:31,708 [omNode-1@group-523986131536->omNode-2-GrpcLogAppender-LogAppenderDaemon] INFO  server.GrpcLogAppender (GrpcLogAppender.java:installSnapshot(541)) - omNode-1@group-523986131536->omNode-2-GrpcLogAppender: followerNextIndex = 57 but logStartIndex = 59, notify follower to install snapshot-(t:6, i:59)
2022-10-04 13:26:31,708 [omNode-1@group-523986131536->omNode-2-GrpcLogAppender-LogAppenderDaemon] INFO  server.GrpcLogAppender (GrpcLogAppender.java:installSnapshot(549)) - omNode-1@group-523986131536->omNode-2-GrpcLogAppender: send omNode-1->omNode-2#0-t6,notify:(t:6, i:59)
2022-10-04 13:26:31,711 [omNode-2-server-thread1] INFO  server.RaftServer$Division (RaftServerImpl.java:checkInconsistentAppendEntries(1402)) - omNode-2@group-523986131536: Failed appendEntries as snapshot (59) installation is in progress
2022-10-04 13:26:31,711 [omNode-2-server-thread1] INFO  server.RaftServer$Division (RaftServerImpl.java:checkInconsistentAppendEntries(1394)) - omNode-2@group-523986131536: inconsistency entries. Reply:omNode-1<-omNode-2#842:FAIL-t6,INCONSISTENCY,nextIndex=57,followerCommit=56
2022-10-04 13:26:31,711 [grpc-default-executor-3] INFO  leader.FollowerInfo (FollowerInfoImpl.java:lambda$new$0(48)) - omNode-1@group-523986131536->omNode-2: nextIndex: updateUnconditionally 57 -> 57
2022-10-04 13:26:31,711 [grpc-default-executor-1] INFO  impl.SnapshotInstallationHandler (SnapshotInstallationHandler.java:installSnapshot(84)) - omNode-2@group-523986131536: receive installSnapshot: omNode-1->omNode-2#0-t6,notify:(t:6, i:59)
2022-10-04 13:26:31,712 [grpc-default-executor-1] INFO  impl.SnapshotInstallationHandler (SnapshotInstallationHandler.java:installSnapshot(95)) - omNode-2@group-523986131536: reply installSnapshot: omNode-1<-omNode-2#0:FAIL-t6,IN_PROGRESS
2022-10-04 13:26:31,712 [grpc-default-executor-1] INFO  server.GrpcServerProtocolService (GrpcServerProtocolService.java:onCompleted(140)) - omNode-2: Completed INSTALL_SNAPSHOT, lastRequest: omNode-1->omNode-2#0-t6,notify:(t:6, i:59)
2022-10-04 13:26:31,712 [grpc-default-executor-1] INFO  server.GrpcLogAppender (GrpcLogAppender.java:onNext(403)) - omNode-1@group-523986131536->omNode-2-InstallSnapshotResponseHandler: received a reply omNode-1<-omNode-2#0:FAIL-t6,IN_PROGRESS
2022-10-04 13:26:31,712 [grpc-default-executor-1] INFO  server.GrpcLogAppender (GrpcLogAppender.java:onNext(421)) - omNode-1@group-523986131536->omNode-2-InstallSnapshotResponseHandler: InstallSnapshot in progress.
2022-10-04 13:26:31,712 [omNode-1@group-523986131536->omNode-2-GrpcLogAppender-LogAppenderDaemon] INFO  server.GrpcLogAppender (GrpcLogAppender.java:installSnapshot(541)) - omNode-1@group-523986131536->omNode-2-GrpcLogAppender: followerNextIndex = 57 but logStartIndex = 59, notify follower to install snapshot-(t:6, i:59)
2022-10-04 13:26:31,713 [omNode-1@group-523986131536->omNode-2-GrpcLogAppender-LogAppenderDaemon] INFO  server.GrpcLogAppender (GrpcLogAppender.java:installSnapshot(549)) - omNode-1@group-523986131536->omNode-2-GrpcLogAppender: send omNode-1->omNode-2#0-t6,notify:(t:6, i:59)
2022-10-04 13:26:31,713 [omNode-2-server-thread1] INFO  server.RaftServer$Division (RaftServerImpl.java:checkInconsistentAppendEntries(1402)) - omNode-2@group-523986131536: Failed appendEntries as snapshot (59) installation is in progress
2022-10-04 13:26:31,713 [omNode-2-server-thread1] INFO  server.RaftServer$Division (RaftServerImpl.java:checkInconsistentAppendEntries(1394)) - omNode-2@group-523986131536: inconsistency entries. Reply:omNode-1<-omNode-2#843:FAIL-t6,INCONSISTENCY,nextIndex=57,followerCommit=56
2022-10-04 13:26:31,713 [grpc-default-executor-3] INFO  impl.SnapshotInstallationHandler (SnapshotInstallationHandler.java:installSnapshot(84)) - omNode-2@group-523986131536: receive installSnapshot: omNode-1->omNode-2#0-t6,notify:(t:6, i:59)
2022-10-04 13:26:31,713 [grpc-default-executor-3] INFO  impl.SnapshotInstallationHandler (SnapshotInstallationHandler.java:installSnapshot(95)) - omNode-2@group-523986131536: reply installSnapshot: omNode-1<-omNode-2#0:FAIL-t6,IN_PROGRESS
2022-10-04 13:26:31,714 [grpc-default-executor-3] INFO  server.GrpcServerProtocolService (GrpcServerProtocolService.java:onCompleted(140)) - omNode-2: Completed INSTALL_SNAPSHOT, lastRequest: omNode-1->omNode-2#0-t6,notify:(t:6, i:59)
2022-10-04 13:26:31,714 [grpc-default-executor-4] INFO  leader.FollowerInfo (FollowerInfoImpl.java:lambda$new$0(48)) - omNode-1@group-523986131536->omNode-2: nextIndex: updateUnconditionally 57 -> 57
2022-10-04 13:26:31,714 [grpc-default-executor-1] INFO  server.GrpcLogAppender (GrpcLogAppender.java:onNext(403)) - omNode-1@group-523986131536->omNode-2-InstallSnapshotResponseHandler: received a reply omNode-1<-omNode-2#0:FAIL-t6,IN_PROGRESS
2022-10-04 13:26:31,717 [grpc-default-executor-1] INFO  server.GrpcLogAppender (GrpcLogAppender.java:onNext(421)) - omNode-1@group-523986131536->omNode-2-InstallSnapshotResponseHandler: InstallSnapshot in progress.
2022-10-04 13:26:31,717 [omNode-1@group-523986131536->omNode-2-GrpcLogAppender-LogAppenderDaemon] INFO  server.GrpcLogAppender (GrpcLogAppender.java:installSnapshot(541)) - omNode-1@group-523986131536->omNode-2-GrpcLogAppender: followerNextIndex = 57 but logStartIndex = 59, notify follower to install snapshot-(t:6, i:59)
2022-10-04 13:26:31,717 [omNode-1@group-523986131536->omNode-2-GrpcLogAppender-LogAppenderDaemon] INFO  server.GrpcLogAppender (GrpcLogAppender.java:installSnapshot(549)) - omNode-1@group-523986131536->omNode-2-GrpcLogAppender: send omNode-1->omNode-2#0-t6,notify:(t:6, i:59)
2022-10-04 13:26:31,718 [omNode-2-server-thread1] INFO  server.RaftServer$Division (RaftServerImpl.java:checkInconsistentAppendEntries(1402)) - omNode-2@group-523986131536: Failed appendEntries as snapshot (59) installation is in progress
2022-10-04 13:26:31,718 [omNode-2-server-thread1] INFO  server.RaftServer$Division (RaftServerImpl.java:checkInconsistentAppendEntries(1394)) - omNode-2@group-523986131536: inconsistency entries. Reply:omNode-1<-omNode-2#844:FAIL-t6,INCONSISTENCY,nextIndex=57,followerCommit=56
2022-10-04 13:26:31,718 [grpc-default-executor-4] INFO  leader.FollowerInfo (FollowerInfoImpl.java:lambda$new$0(48)) - omNode-1@group-523986131536->omNode-2: nextIndex: updateUnconditionally 57 -> 57
2022-10-04 13:26:31,721 [grpc-default-executor-1] INFO  impl.SnapshotInstallationHandler (SnapshotInstallationHandler.java:installSnapshot(84)) - omNode-2@group-523986131536: receive installSnapshot: omNode-1->omNode-2#0-t6,notify:(t:6, i:59)
2022-10-04 13:26:31,721 [grpc-default-executor-1] INFO  impl.SnapshotInstallationHandler (SnapshotInstallationHandler.java:installSnapshot(95)) - omNode-2@group-523986131536: reply installSnapshot: omNode-1<-omNode-2#0:FAIL-t6,IN_PROGRESS
2022-10-04 13:26:31,721 [grpc-default-executor-1] INFO  server.GrpcServerProtocolService (GrpcServerProtocolService.java:onCompleted(140)) - omNode-2: Completed INSTALL_SNAPSHOT, lastRequest: omNode-1->omNode-2#0-t6,notify:(t:6, i:59)
2022-10-04 13:26:31,721 [grpc-default-executor-1] INFO  server.GrpcLogAppender (GrpcLogAppender.java:onNext(403)) - omNode-1@group-523986131536->omNode-2-InstallSnapshotResponseHandler: received a reply omNode-1<-omNode-2#0:FAIL-t6,IN_PROGRESS
2022-10-04 13:26:31,722 [grpc-default-executor-1] INFO  server.GrpcLogAppender (GrpcLogAppender.java:onNext(421)) - omNode-1@group-523986131536->omNode-2-InstallSnapshotResponseHandler: InstallSnapshot in progress.
2022-10-04 13:26:31,722 [omNode-1@group-523986131536->omNode-2-GrpcLogAppender-LogAppenderDaemon] INFO  server.GrpcLogAppender (GrpcLogAppender.java:installSnapshot(541)) - omNode-1@group-523986131536->omNode-2-GrpcLogAppender: followerNextIndex = 57 but logStartIndex = 59, notify follower to install snapshot-(t:6, i:59)
2022-10-04 13:26:31,722 [omNode-1@group-523986131536->omNode-2-GrpcLogAppender-LogAppenderDaemon] INFO  server.GrpcLogAppender (GrpcLogAppender.java:installSnapshot(549)) - omNode-1@group-523986131536->omNode-2-GrpcLogAppender: send omNode-1->omNode-2#0-t6,notify:(t:6, i:59)
2022-10-04 13:26:31,726 [omNode-2-server-thread1] INFO  server.RaftServer$Division (RaftServerImpl.java:checkInconsistentAppendEntries(1402)) - omNode-2@group-523986131536: Failed appendEntries as snapshot (59) installation is in progress
2022-10-04 13:26:31,726 [omNode-2-server-thread1] INFO  server.RaftServer$Division (RaftServerImpl.java:checkInconsistentAppendEntries(1394)) - omNode-2@group-523986131536: inconsistency entries. Reply:omNode-1<-omNode-2#845:FAIL-t6,INCONSISTENCY,nextIndex=57,followerCommit=56
2022-10-04 13:26:31,726 [grpc-default-executor-1] INFO  impl.SnapshotInstallationHandler (SnapshotInstallationHandler.java:installSnapshot(84)) - omNode-2@group-523986131536: receive installSnapshot: omNode-1->omNode-2#0-t6,notify:(t:6, i:59)
2022-10-04 13:26:31,726 [grpc-default-executor-1] INFO  impl.SnapshotInstallationHandler (SnapshotInstallationHandler.java:installSnapshot(95)) - omNode-2@group-523986131536: reply installSnapshot: omNode-1<-omNode-2#0:FAIL-t6,IN_PROGRESS
2022-10-04 13:26:31,726 [grpc-default-executor-4] INFO  leader.FollowerInfo (FollowerInfoImpl.java:lambda$new$0(48)) - omNode-1@group-523986131536->omNode-2: nextIndex: updateUnconditionally 57 -> 57
2022-10-04 13:26:31,726 [grpc-default-executor-1] INFO  server.GrpcServerProtocolService (GrpcServerProtocolService.java:onCompleted(140)) - omNode-2: Completed INSTALL_SNAPSHOT, lastRequest: omNode-1->omNode-2#0-t6,notify:(t:6, i:59)
2022-10-04 13:26:31,727 [grpc-default-executor-1] INFO  server.GrpcLogAppender (GrpcLogAppender.java:onNext(403)) - omNode-1@group-523986131536->omNode-2-InstallSnapshotResponseHandler: received a reply omNode-1<-omNode-2#0:FAIL-t6,IN_PROGRESS
2022-10-04 13:26:31,727 [grpc-default-executor-1] INFO  server.GrpcLogAppender (GrpcLogAppender.java:onNext(421)) - omNode-1@group-523986131536->omNode-2-InstallSnapshotResponseHandler: InstallSnapshot in progress.
2022-10-04 13:26:31,727 [omNode-1@group-523986131536->omNode-2-GrpcLogAppender-LogAppenderDaemon] INFO  server.GrpcLogAppender (GrpcLogAppender.java:installSnapshot(541)) - omNode-1@group-523986131536->omNode-2-GrpcLogAppender: followerNextIndex = 57 but logStartIndex = 59, notify follower to install snapshot-(t:6, i:59)
2022-10-04 13:26:31,727 [omNode-1@group-523986131536->omNode-2-GrpcLogAppender-LogAppenderDaemon] INFO  server.GrpcLogAppender (GrpcLogAppender.java:installSnapshot(549)) - omNode-1@group-523986131536->omNode-2-GrpcLogAppender: send omNode-1->omNode-2#0-t6,notify:(t:6, i:59)
2022-10-04 13:26:31,727 [omNode-2-server-thread1] INFO  server.RaftServer$Division (RaftServerImpl.java:checkInconsistentAppendEntries(1402)) - omNode-2@group-523986131536: Failed appendEntries as snapshot (59) installation is in progress
2022-10-04 13:26:31,727 [omNode-2-server-thread1] INFO  server.RaftServer$Division (RaftServerImpl.java:checkInconsistentAppendEntries(1394)) - omNode-2@group-523986131536: inconsistency entries. Reply:omNode-1<-omNode-2#846:FAIL-t6,INCONSISTENCY,nextIndex=57,followerCommit=56
2022-10-04 13:26:31,728 [grpc-default-executor-4] INFO  leader.FollowerInfo (FollowerInfoImpl.java:lambda$new$0(48)) - omNode-1@group-523986131536->omNode-2: nextIndex: updateUnconditionally 57 -> 57
2022-10-04 13:26:31,728 [grpc-default-executor-4] INFO  impl.SnapshotInstallationHandler (SnapshotInstallationHandler.java:installSnapshot(84)) - omNode-2@group-523986131536: receive installSnapshot: omNode-1->omNode-2#0-t6,notify:(t:6, i:59)
2022-10-04 13:26:31,728 [grpc-default-executor-4] INFO  impl.SnapshotInstallationHandler (SnapshotInstallationHandler.java:installSnapshot(95)) - omNode-2@group-523986131536: reply installSnapshot: omNode-1<-omNode-2#0:FAIL-t6,IN_PROGRESS
2022-10-04 13:26:31,728 [grpc-default-executor-4] INFO  server.GrpcServerProtocolService (GrpcServerProtocolService.java:onCompleted(140)) - omNode-2: Completed INSTALL_SNAPSHOT, lastRequest: omNode-1->omNode-2#0-t6,notify:(t:6, i:59)
2022-10-04 13:26:31,729 [grpc-default-executor-4] INFO  server.GrpcLogAppender (GrpcLogAppender.java:onNext(403)) - omNode-1@group-523986131536->omNode-2-InstallSnapshotResponseHandler: received a reply omNode-1<-omNode-2#0:FAIL-t6,IN_PROGRESS
2022-10-04 13:26:31,729 [grpc-default-executor-4] INFO  server.GrpcLogAppender (GrpcLogAppender.java:onNext(421)) - omNode-1@group-523986131536->omNode-2-InstallSnapshotResponseHandler: InstallSnapshot in progress.
2022-10-04 13:26:31,729 [omNode-1@group-523986131536->omNode-2-GrpcLogAppender-LogAppenderDaemon] INFO  server.GrpcLogAppender (GrpcLogAppender.java:installSnapshot(541)) - omNode-1@group-523986131536->omNode-2-GrpcLogAppender: followerNextIndex = 57 but logStartIndex = 59, notify follower to install snapshot-(t:6, i:59)
2022-10-04 13:26:31,729 [omNode-1@group-523986131536->omNode-2-GrpcLogAppender-LogAppenderDaemon] INFO  server.GrpcLogAppender (GrpcLogAppender.java:installSnapshot(549)) - omNode-1@group-523986131536->omNode-2-GrpcLogAppender: send omNode-1->omNode-2#0-t6,notify:(t:6, i:59)
2022-10-04 13:26:31,729 [omNode-2-server-thread1] INFO  server.RaftServer$Division (RaftServerImpl.java:checkInconsistentAppendEntries(1402)) - omNode-2@group-523986131536: Failed appendEntries as snapshot (59) installation is in progress
2022-10-04 13:26:31,730 [omNode-2-server-thread1] INFO  server.RaftServer$Division (RaftServerImpl.java:checkInconsistentAppendEntries(1394)) - omNode-2@group-523986131536: inconsistency entries. Reply:omNode-1<-omNode-2#847:FAIL-t6,INCONSISTENCY,nextIndex=57,followerCommit=56
2022-10-04 13:26:31,730 [grpc-default-executor-4] INFO  impl.SnapshotInstallationHandler (SnapshotInstallationHandler.java:installSnapshot(84)) - omNode-2@group-523986131536: receive installSnapshot: omNode-1->omNode-2#0-t6,notify:(t:6, i:59)
2022-10-04 13:26:31,730 [grpc-default-executor-4] INFO  impl.SnapshotInstallationHandler (SnapshotInstallationHandler.java:installSnapshot(95)) - omNode-2@group-523986131536: reply installSnapshot: omNode-1<-omNode-2#0:FAIL-t6,IN_PROGRESS
2022-10-04 13:26:31,730 [grpc-default-executor-4] INFO  server.GrpcServerProtocolService (GrpcServerProtocolService.java:onCompleted(140)) - omNode-2: Completed INSTALL_SNAPSHOT, lastRequest: omNode-1->omNode-2#0-t6,notify:(t:6, i:59)
2022-10-04 13:26:31,731 [grpc-default-executor-4] INFO  leader.FollowerInfo (FollowerInfoImpl.java:lambda$new$0(48)) - omNode-1@group-523986131536->omNode-2: nextIndex: updateUnconditionally 57 -> 57
2022-10-04 13:26:31,731 [grpc-default-executor-4] INFO  server.GrpcLogAppender (GrpcLogAppender.java:onNext(403)) - omNode-1@group-523986131536->omNode-2-InstallSnapshotResponseHandler: received a reply omNode-1<-omNode-2#0:FAIL-t6,IN_PROGRESS
2022-10-04 13:26:31,731 [grpc-default-executor-4] INFO  server.GrpcLogAppender (GrpcLogAppender.java:onNext(421)) - omNode-1@group-523986131536->omNode-2-InstallSnapshotResponseHandler: InstallSnapshot in progress.
2022-10-04 13:26:31,731 [omNode-1@group-523986131536->omNode-2-GrpcLogAppender-LogAppenderDaemon] INFO  server.GrpcLogAppender (GrpcLogAppender.java:installSnapshot(541)) - omNode-1@group-523986131536->omNode-2-GrpcLogAppender: followerNextIndex = 57 but logStartIndex = 59, notify follower to install snapshot-(t:6, i:59)
2022-10-04 13:26:31,732 [omNode-1@group-523986131536->omNode-2-GrpcLogAppender-LogAppenderDaemon] INFO  server.GrpcLogAppender (GrpcLogAppender.java:installSnapshot(549)) - omNode-1@group-523986131536->omNode-2-GrpcLogAppender: send omNode-1->omNode-2#0-t6,notify:(t:6, i:59)
2022-10-04 13:26:31,732 [omNode-2-server-thread1] INFO  server.RaftServer$Division (RaftServerImpl.java:checkInconsistentAppendEntries(1402)) - omNode-2@group-523986131536: Failed appendEntries as snapshot (59) installation is in progress
2022-10-04 13:26:31,732 [omNode-2-server-thread1] INFO  server.RaftServer$Division (RaftServerImpl.java:checkInconsistentAppendEntries(1394)) - omNode-2@group-523986131536: inconsistency entries. Reply:omNode-1<-omNode-2#848:FAIL-t6,INCONSISTENCY,nextIndex=57,followerCommit=56
2022-10-04 13:26:31,732 [grpc-default-executor-1] INFO  impl.SnapshotInstallationHandler (SnapshotInstallationHandler.java:installSnapshot(84)) - omNode-2@group-523986131536: receive installSnapshot: omNode-1->omNode-2#0-t6,notify:(t:6, i:59)
2022-10-04 13:26:31,732 [grpc-default-executor-1] INFO  impl.SnapshotInstallationHandler (SnapshotInstallationHandler.java:installSnapshot(95)) - omNode-2@group-523986131536: reply installSnapshot: omNode-1<-omNode-2#0:FAIL-t6,IN_PROGRESS
2022-10-04 13:26:31,732 [grpc-default-executor-4] INFO  leader.FollowerInfo (FollowerInfoImpl.java:lambda$new$0(48)) - omNode-1@group-523986131536->omNode-2: nextIndex: updateUnconditionally 57 -> 57
2022-10-04 13:26:31,733 [grpc-default-executor-1] INFO  server.GrpcServerProtocolService (GrpcServerProtocolService.java:onCompleted(140)) - omNode-2: Completed INSTALL_SNAPSHOT, lastRequest: omNode-1->omNode-2#0-t6,notify:(t:6, i:59)
2022-10-04 13:26:31,733 [grpc-default-executor-1] INFO  server.GrpcLogAppender (GrpcLogAppender.java:onNext(403)) - omNode-1@group-523986131536->omNode-2-InstallSnapshotResponseHandler: received a reply omNode-1<-omNode-2#0:FAIL-t6,IN_PROGRESS
2022-10-04 13:26:31,733 [grpc-default-executor-1] INFO  server.GrpcLogAppender (GrpcLogAppender.java:onNext(421)) - omNode-1@group-523986131536->omNode-2-InstallSnapshotResponseHandler: InstallSnapshot in progress.
2022-10-04 13:26:31,733 [omNode-1@group-523986131536->omNode-2-GrpcLogAppender-LogAppenderDaemon] INFO  server.GrpcLogAppender (GrpcLogAppender.java:installSnapshot(541)) - omNode-1@group-523986131536->omNode-2-GrpcLogAppender: followerNextIndex = 57 but logStartIndex = 59, notify follower to install snapshot-(t:6, i:59)
2022-10-04 13:26:31,733 [omNode-1@group-523986131536->omNode-2-GrpcLogAppender-LogAppenderDaemon] INFO  server.GrpcLogAppender (GrpcLogAppender.java:installSnapshot(549)) - omNode-1@group-523986131536->omNode-2-GrpcLogAppender: send omNode-1->omNode-2#0-t6,notify:(t:6, i:59)
2022-10-04 13:26:31,734 [omNode-2-server-thread1] INFO  server.RaftServer$Division (RaftServerImpl.java:checkInconsistentAppendEntries(1402)) - omNode-2@group-523986131536: Failed appendEntries as snapshot (59) installation is in progress
2022-10-04 13:26:31,734 [omNode-2-server-thread1] INFO  server.RaftServer$Division (RaftServerImpl.java:checkInconsistentAppendEntries(1394)) - omNode-2@group-523986131536: inconsistency entries. Reply:omNode-1<-omNode-2#849:FAIL-t6,INCONSISTENCY,nextIndex=57,followerCommit=56
2022-10-04 13:26:31,734 [grpc-default-executor-1] INFO  impl.SnapshotInstallationHandler (SnapshotInstallationHandler.java:installSnapshot(84)) - omNode-2@group-523986131536: receive installSnapshot: omNode-1->omNode-2#0-t6,notify:(t:6, i:59)
2022-10-04 13:26:31,734 [grpc-default-executor-4] INFO  leader.FollowerInfo (FollowerInfoImpl.java:lambda$new$0(48)) - omNode-1@group-523986131536->omNode-2: nextIndex: updateUnconditionally 57 -> 57
2022-10-04 13:26:31,734 [grpc-default-executor-1] INFO  impl.SnapshotInstallationHandler (SnapshotInstallationHandler.java:installSnapshot(95)) - omNode-2@group-523986131536: reply installSnapshot: omNode-1<-omNode-2#0:FAIL-t6,IN_PROGRESS
2022-10-04 13:26:31,734 [grpc-default-executor-1] INFO  server.GrpcServerProtocolService (GrpcServerProtocolService.java:onCompleted(140)) - omNode-2: Completed INSTALL_SNAPSHOT, lastRequest: omNode-1->omNode-2#0-t6,notify:(t:6, i:59)
2022-10-04 13:26:31,735 [grpc-default-executor-1] INFO  server.GrpcLogAppender (GrpcLogAppender.java:onNext(403)) - omNode-1@group-523986131536->omNode-2-InstallSnapshotResponseHandler: received a reply omNode-1<-omNode-2#0:FAIL-t6,IN_PROGRESS
2022-10-04 13:26:31,735 [grpc-default-executor-1] INFO  server.GrpcLogAppender (GrpcLogAppender.java:onNext(421)) - omNode-1@group-523986131536->omNode-2-InstallSnapshotResponseHandler: InstallSnapshot in progress.
2022-10-04 13:26:31,735 [omNode-1@group-523986131536->omNode-2-GrpcLogAppender-LogAppenderDaemon] INFO  server.GrpcLogAppender (GrpcLogAppender.java:installSnapshot(541)) - omNode-1@group-523986131536->omNode-2-GrpcLogAppender: followerNextIndex = 57 but logStartIndex = 59, notify follower to install snapshot-(t:6, i:59)
2022-10-04 13:26:31,735 [omNode-1@group-523986131536->omNode-2-GrpcLogAppender-LogAppenderDaemon] INFO  server.GrpcLogAppender (GrpcLogAppender.java:installSnapshot(549)) - omNode-1@group-523986131536->omNode-2-GrpcLogAppender: send omNode-1->omNode-2#0-t6,notify:(t:6, i:59)
2022-10-04 13:26:31,735 [omNode-2-server-thread1] INFO  server.RaftServer$Division (RaftServerImpl.java:checkInconsistentAppendEntries(1402)) - omNode-2@group-523986131536: Failed appendEntries as snapshot (59) installation is in progress
2022-10-04 13:26:31,736 [omNode-2-server-thread1] INFO  server.RaftServer$Division (RaftServerImpl.java:checkInconsistentAppendEntries(1394)) - omNode-2@group-523986131536: inconsistency entries. Reply:omNode-1<-omNode-2#850:FAIL-t6,INCONSISTENCY,nextIndex=57,followerCommit=56
2022-10-04 13:26:31,736 [grpc-default-executor-1] INFO  impl.SnapshotInstallationHandler (SnapshotInstallationHandler.java:installSnapshot(84)) - omNode-2@group-523986131536: receive installSnapshot: omNode-1->omNode-2#0-t6,notify:(t:6, i:59)
2022-10-04 13:26:31,736 [grpc-default-executor-4] INFO  leader.FollowerInfo (FollowerInfoImpl.java:lambda$new$0(48)) - omNode-1@group-523986131536->omNode-2: nextIndex: updateUnconditionally 57 -> 57
2022-10-04 13:26:31,736 [grpc-default-executor-1] INFO  impl.SnapshotInstallationHandler (SnapshotInstallationHandler.java:installSnapshot(95)) - omNode-2@group-523986131536: reply installSnapshot: omNode-1<-omNode-2#0:FAIL-t6,IN_PROGRESS
2022-10-04 13:26:31,736 [grpc-default-executor-1] INFO  server.GrpcServerProtocolService (GrpcServerProtocolService.java:onCompleted(140)) - omNode-2: Completed INSTALL_SNAPSHOT, lastRequest: omNode-1->omNode-2#0-t6,notify:(t:6, i:59)
2022-10-04 13:26:31,737 [grpc-default-executor-1] INFO  server.GrpcLogAppender (GrpcLogAppender.java:onNext(403)) - omNode-1@group-523986131536->omNode-2-InstallSnapshotResponseHandler: received a reply omNode-1<-omNode-2#0:FAIL-t6,IN_PROGRESS
2022-10-04 13:26:31,738 [grpc-default-executor-1] INFO  server.GrpcLogAppender (GrpcLogAppender.java:onNext(421)) - omNode-1@group-523986131536->omNode-2-InstallSnapshotResponseHandler: InstallSnapshot in progress.
2022-10-04 13:26:31,738 [omNode-1@group-523986131536->omNode-2-GrpcLogAppender-LogAppenderDaemon] INFO  server.GrpcLogAppender (GrpcLogAppender.java:installSnapshot(541)) - omNode-1@group-523986131536->omNode-2-GrpcLogAppender: followerNextIndex = 57 but logStartIndex = 59, notify follower to install snapshot-(t:6, i:59)
2022-10-04 13:26:31,738 [omNode-1@group-523986131536->omNode-2-GrpcLogAppender-LogAppenderDaemon] INFO  server.GrpcLogAppender (GrpcLogAppender.java:installSnapshot(549)) - omNode-1@group-523986131536->omNode-2-GrpcLogAppender: send omNode-1->omNode-2#0-t6,notify:(t:6, i:59)
2022-10-04 13:26:31,738 [omNode-2-server-thread1] INFO  server.RaftServer$Division (RaftServerImpl.java:checkInconsistentAppendEntries(1402)) - omNode-2@group-523986131536: Failed appendEntries as snapshot (59) installation is in progress
2022-10-04 13:26:31,738 [omNode-2-server-thread1] INFO  server.RaftServer$Division (RaftServerImpl.java:checkInconsistentAppendEntries(1394)) - omNode-2@group-523986131536: inconsistency entries. Reply:omNode-1<-omNode-2#851:FAIL-t6,INCONSISTENCY,nextIndex=57,followerCommit=56
2022-10-04 13:26:31,739 [grpc-default-executor-4] INFO  leader.FollowerInfo (FollowerInfoImpl.java:lambda$new$0(48)) - omNode-1@group-523986131536->omNode-2: nextIndex: updateUnconditionally 57 -> 57
2022-10-04 13:26:31,753 [grpc-default-executor-1] INFO  impl.SnapshotInstallationHandler (SnapshotInstallationHandler.java:installSnapshot(84)) - omNode-2@group-523986131536: receive installSnapshot: omNode-1->omNode-2#0-t6,notify:(t:6, i:59)
2022-10-04 13:26:31,754 [grpc-default-executor-1] INFO  impl.SnapshotInstallationHandler (SnapshotInstallationHandler.java:installSnapshot(95)) - omNode-2@group-523986131536: reply installSnapshot: omNode-1<-omNode-2#0:FAIL-t6,IN_PROGRESS
2022-10-04 13:26:31,754 [grpc-default-executor-1] INFO  server.GrpcServerProtocolService (GrpcServerProtocolService.java:onCompleted(140)) - omNode-2: Completed INSTALL_SNAPSHOT, lastRequest: omNode-1->omNode-2#0-t6,notify:(t:6, i:59)
2022-10-04 13:26:31,754 [grpc-default-executor-1] INFO  server.GrpcLogAppender (GrpcLogAppender.java:onNext(403)) - omNode-1@group-523986131536->omNode-2-InstallSnapshotResponseHandler: received a reply omNode-1<-omNode-2#0:FAIL-t6,IN_PROGRESS
2022-10-04 13:26:31,754 [grpc-default-executor-1] INFO  server.GrpcLogAppender (GrpcLogAppender.java:onNext(421)) - omNode-1@group-523986131536->omNode-2-InstallSnapshotResponseHandler: InstallSnapshot in progress.
2022-10-04 13:26:31,755 [omNode-1@group-523986131536->omNode-2-GrpcLogAppender-LogAppenderDaemon] INFO  server.GrpcLogAppender (GrpcLogAppender.java:installSnapshot(541)) - omNode-1@group-523986131536->omNode-2-GrpcLogAppender: followerNextIndex = 57 but logStartIndex = 59, notify follower to install snapshot-(t:6, i:59)
2022-10-04 13:26:31,758 [omNode-2-server-thread1] INFO  server.RaftServer$Division (RaftServerImpl.java:checkInconsistentAppendEntries(1402)) - omNode-2@group-523986131536: Failed appendEntries as snapshot (59) installation is in progress
2022-10-04 13:26:31,758 [omNode-2-server-thread1] INFO  server.RaftServer$Division (RaftServerImpl.java:checkInconsistentAppendEntries(1394)) - omNode-2@group-523986131536: inconsistency entries. Reply:omNode-1<-omNode-2#852:FAIL-t6,INCONSISTENCY,nextIndex=57,followerCommit=56
2022-10-04 13:26:31,758 [omNode-1@group-523986131536->omNode-2-GrpcLogAppender-LogAppenderDaemon] INFO  server.GrpcLogAppender (GrpcLogAppender.java:installSnapshot(549)) - omNode-1@group-523986131536->omNode-2-GrpcLogAppender: send omNode-1->omNode-2#0-t6,notify:(t:6, i:59)
2022-10-04 13:26:31,758 [grpc-default-executor-4] INFO  leader.FollowerInfo (FollowerInfoImpl.java:lambda$new$0(48)) - omNode-1@group-523986131536->omNode-2: nextIndex: updateUnconditionally 57 -> 57
2022-10-04 13:26:31,759 [grpc-default-executor-4] INFO  impl.SnapshotInstallationHandler (SnapshotInstallationHandler.java:installSnapshot(84)) - omNode-2@group-523986131536: receive installSnapshot: omNode-1->omNode-2#0-t6,notify:(t:6, i:59)
2022-10-04 13:26:31,759 [grpc-default-executor-4] INFO  impl.SnapshotInstallationHandler (SnapshotInstallationHandler.java:installSnapshot(95)) - omNode-2@group-523986131536: reply installSnapshot: omNode-1<-omNode-2#0:FAIL-t6,IN_PROGRESS
2022-10-04 13:26:31,760 [grpc-default-executor-4] INFO  server.GrpcLogAppender (GrpcLogAppender.java:onNext(403)) - omNode-1@group-523986131536->omNode-2-InstallSnapshotResponseHandler: received a reply omNode-1<-omNode-2#0:FAIL-t6,IN_PROGRESS
2022-10-04 13:26:31,760 [grpc-default-executor-4] INFO  server.GrpcLogAppender (GrpcLogAppender.java:onNext(421)) - omNode-1@group-523986131536->omNode-2-InstallSnapshotResponseHandler: InstallSnapshot in progress.
2022-10-04 13:26:31,763 [grpc-default-executor-4] INFO  server.GrpcServerProtocolService (GrpcServerProtocolService.java:onCompleted(140)) - omNode-2: Completed INSTALL_SNAPSHOT, lastRequest: omNode-1->omNode-2#0-t6,notify:(t:6, i:59)
2022-10-04 13:26:31,765 [omNode-1@group-523986131536->omNode-2-GrpcLogAppender-LogAppenderDaemon] INFO  server.GrpcLogAppender (GrpcLogAppender.java:installSnapshot(541)) - omNode-1@group-523986131536->omNode-2-GrpcLogAppender: followerNextIndex = 57 but logStartIndex = 59, notify follower to install snapshot-(t:6, i:59)
2022-10-04 13:26:31,765 [omNode-1@group-523986131536->omNode-2-GrpcLogAppender-LogAppenderDaemon] INFO  server.GrpcLogAppender (GrpcLogAppender.java:installSnapshot(549)) - omNode-1@group-523986131536->omNode-2-GrpcLogAppender: send omNode-1->omNode-2#0-t6,notify:(t:6, i:59)
2022-10-04 13:26:31,770 [omNode-2-server-thread1] INFO  server.RaftServer$Division (RaftServerImpl.java:checkInconsistentAppendEntries(1402)) - omNode-2@group-523986131536: Failed appendEntries as snapshot (59) installation is in progress
2022-10-04 13:26:31,770 [omNode-2-server-thread1] INFO  server.RaftServer$Division (RaftServerImpl.java:checkInconsistentAppendEntries(1394)) - omNode-2@group-523986131536: inconsistency entries. Reply:omNode-1<-omNode-2#853:FAIL-t6,INCONSISTENCY,nextIndex=57,followerCommit=56
2022-10-04 13:26:31,770 [grpc-default-executor-4] INFO  impl.SnapshotInstallationHandler (SnapshotInstallationHandler.java:installSnapshot(84)) - omNode-2@group-523986131536: receive installSnapshot: omNode-1->omNode-2#0-t6,notify:(t:6, i:59)
2022-10-04 13:26:31,770 [grpc-default-executor-4] INFO  impl.SnapshotInstallationHandler (SnapshotInstallationHandler.java:installSnapshot(95)) - omNode-2@group-523986131536: reply installSnapshot: omNode-1<-omNode-2#0:FAIL-t6,IN_PROGRESS
2022-10-04 13:26:31,770 [grpc-default-executor-4] INFO  server.GrpcServerProtocolService (GrpcServerProtocolService.java:onCompleted(140)) - omNode-2: Completed INSTALL_SNAPSHOT, lastRequest: omNode-1->omNode-2#0-t6,notify:(t:6, i:59)
2022-10-04 13:26:31,771 [grpc-default-executor-1] INFO  leader.FollowerInfo (FollowerInfoImpl.java:lambda$new$0(48)) - omNode-1@group-523986131536->omNode-2: nextIndex: updateUnconditionally 57 -> 57
2022-10-04 13:26:31,771 [grpc-default-executor-3] INFO  server.GrpcLogAppender (GrpcLogAppender.java:onNext(403)) - omNode-1@group-523986131536->omNode-2-InstallSnapshotResponseHandler: received a reply omNode-1<-omNode-2#0:FAIL-t6,IN_PROGRESS
2022-10-04 13:26:31,771 [grpc-default-executor-3] INFO  server.GrpcLogAppender (GrpcLogAppender.java:onNext(421)) - omNode-1@group-523986131536->omNode-2-InstallSnapshotResponseHandler: InstallSnapshot in progress.
2022-10-04 13:26:31,771 [omNode-1@group-523986131536->omNode-2-GrpcLogAppender-LogAppenderDaemon] INFO  server.GrpcLogAppender (GrpcLogAppender.java:installSnapshot(541)) - omNode-1@group-523986131536->omNode-2-GrpcLogAppender: followerNextIndex = 57 but logStartIndex = 59, notify follower to install snapshot-(t:6, i:59)
2022-10-04 13:26:31,771 [omNode-1@group-523986131536->omNode-2-GrpcLogAppender-LogAppenderDaemon] INFO  server.GrpcLogAppender (GrpcLogAppender.java:installSnapshot(549)) - omNode-1@group-523986131536->omNode-2-GrpcLogAppender: send omNode-1->omNode-2#0-t6,notify:(t:6, i:59)
2022-10-04 13:26:31,771 [omNode-2-server-thread1] INFO  server.RaftServer$Division (RaftServerImpl.java:checkInconsistentAppendEntries(1402)) - omNode-2@group-523986131536: Failed appendEntries as snapshot (59) installation is in progress
2022-10-04 13:26:31,771 [omNode-2-server-thread1] INFO  server.RaftServer$Division (RaftServerImpl.java:checkInconsistentAppendEntries(1394)) - omNode-2@group-523986131536: inconsistency entries. Reply:omNode-1<-omNode-2#854:FAIL-t6,INCONSISTENCY,nextIndex=57,followerCommit=56
2022-10-04 13:26:31,775 [grpc-default-executor-3] INFO  impl.SnapshotInstallationHandler (SnapshotInstallationHandler.java:installSnapshot(84)) - omNode-2@group-523986131536: receive installSnapshot: omNode-1->omNode-2#0-t6,notify:(t:6, i:59)
2022-10-04 13:26:31,776 [grpc-default-executor-3] INFO  impl.SnapshotInstallationHandler (SnapshotInstallationHandler.java:installSnapshot(95)) - omNode-2@group-523986131536: reply installSnapshot: omNode-1<-omNode-2#0:FAIL-t6,IN_PROGRESS
2022-10-04 13:26:31,776 [grpc-default-executor-3] INFO  server.GrpcServerProtocolService (GrpcServerProtocolService.java:onCompleted(140)) - omNode-2: Completed INSTALL_SNAPSHOT, lastRequest: omNode-1->omNode-2#0-t6,notify:(t:6, i:59)
2022-10-04 13:26:31,776 [grpc-default-executor-1] INFO  leader.FollowerInfo (FollowerInfoImpl.java:lambda$new$0(48)) - omNode-1@group-523986131536->omNode-2: nextIndex: updateUnconditionally 57 -> 57
2022-10-04 13:26:31,776 [grpc-default-executor-1] INFO  server.GrpcLogAppender (GrpcLogAppender.java:onNext(403)) - omNode-1@group-523986131536->omNode-2-InstallSnapshotResponseHandler: received a reply omNode-1<-omNode-2#0:FAIL-t6,IN_PROGRESS
2022-10-04 13:26:31,777 [grpc-default-executor-1] INFO  server.GrpcLogAppender (GrpcLogAppender.java:onNext(421)) - omNode-1@group-523986131536->omNode-2-InstallSnapshotResponseHandler: InstallSnapshot in progress.
2022-10-04 13:26:31,777 [omNode-1@group-523986131536->omNode-2-GrpcLogAppender-LogAppenderDaemon] INFO  server.GrpcLogAppender (GrpcLogAppender.java:installSnapshot(541)) - omNode-1@group-523986131536->omNode-2-GrpcLogAppender: followerNextIndex = 57 but logStartIndex = 59, notify follower to install snapshot-(t:6, i:59)
2022-10-04 13:26:31,777 [omNode-1@group-523986131536->omNode-2-GrpcLogAppender-LogAppenderDaemon] INFO  server.GrpcLogAppender (GrpcLogAppender.java:installSnapshot(549)) - omNode-1@group-523986131536->omNode-2-GrpcLogAppender: send omNode-1->omNode-2#0-t6,notify:(t:6, i:59)
2022-10-04 13:26:31,777 [omNode-2-server-thread1] INFO  server.RaftServer$Division (RaftServerImpl.java:checkInconsistentAppendEntries(1402)) - omNode-2@group-523986131536: Failed appendEntries as snapshot (59) installation is in progress
2022-10-04 13:26:31,777 [omNode-2-server-thread1] INFO  server.RaftServer$Division (RaftServerImpl.java:checkInconsistentAppendEntries(1394)) - omNode-2@group-523986131536: inconsistency entries. Reply:omNode-1<-omNode-2#855:FAIL-t6,INCONSISTENCY,nextIndex=57,followerCommit=56
2022-10-04 13:26:31,778 [grpc-default-executor-3] INFO  impl.SnapshotInstallationHandler (SnapshotInstallationHandler.java:installSnapshot(84)) - omNode-2@group-523986131536: receive installSnapshot: omNode-1->omNode-2#0-t6,notify:(t:6, i:59)
2022-10-04 13:26:31,778 [grpc-default-executor-3] INFO  impl.SnapshotInstallationHandler (SnapshotInstallationHandler.java:installSnapshot(95)) - omNode-2@group-523986131536: reply installSnapshot: omNode-1<-omNode-2#0:FAIL-t6,IN_PROGRESS
2022-10-04 13:26:31,778 [grpc-default-executor-3] INFO  server.GrpcServerProtocolService (GrpcServerProtocolService.java:onCompleted(140)) - omNode-2: Completed INSTALL_SNAPSHOT, lastRequest: omNode-1->omNode-2#0-t6,notify:(t:6, i:59)
2022-10-04 13:26:31,778 [grpc-default-executor-1] INFO  leader.FollowerInfo (FollowerInfoImpl.java:lambda$new$0(48)) - omNode-1@group-523986131536->omNode-2: nextIndex: updateUnconditionally 57 -> 57
2022-10-04 13:26:31,779 [grpc-default-executor-1] INFO  server.GrpcLogAppender (GrpcLogAppender.java:onNext(403)) - omNode-1@group-523986131536->omNode-2-InstallSnapshotResponseHandler: received a reply omNode-1<-omNode-2#0:FAIL-t6,IN_PROGRESS
2022-10-04 13:26:31,779 [grpc-default-executor-1] INFO  server.GrpcLogAppender (GrpcLogAppender.java:onNext(421)) - omNode-1@group-523986131536->omNode-2-InstallSnapshotResponseHandler: InstallSnapshot in progress.
2022-10-04 13:26:31,779 [omNode-1@group-523986131536->omNode-2-GrpcLogAppender-LogAppenderDaemon] INFO  server.GrpcLogAppender (GrpcLogAppender.java:installSnapshot(541)) - omNode-1@group-523986131536->omNode-2-GrpcLogAppender: followerNextIndex = 57 but logStartIndex = 59, notify follower to install snapshot-(t:6, i:59)
2022-10-04 13:26:31,779 [omNode-1@group-523986131536->omNode-2-GrpcLogAppender-LogAppenderDaemon] INFO  server.GrpcLogAppender (GrpcLogAppender.java:installSnapshot(549)) - omNode-1@group-523986131536->omNode-2-GrpcLogAppender: send omNode-1->omNode-2#0-t6,notify:(t:6, i:59)
2022-10-04 13:26:31,779 [omNode-2-server-thread1] INFO  server.RaftServer$Division (RaftServerImpl.java:checkInconsistentAppendEntries(1402)) - omNode-2@group-523986131536: Failed appendEntries as snapshot (59) installation is in progress
2022-10-04 13:26:31,779 [omNode-2-server-thread1] INFO  server.RaftServer$Division (RaftServerImpl.java:checkInconsistentAppendEntries(1394)) - omNode-2@group-523986131536: inconsistency entries. Reply:omNode-1<-omNode-2#856:FAIL-t6,INCONSISTENCY,nextIndex=57,followerCommit=56
2022-10-04 13:26:31,780 [grpc-default-executor-3] INFO  impl.SnapshotInstallationHandler (SnapshotInstallationHandler.java:installSnapshot(84)) - omNode-2@group-523986131536: receive installSnapshot: omNode-1->omNode-2#0-t6,notify:(t:6, i:59)
2022-10-04 13:26:31,780 [grpc-default-executor-4] INFO  leader.FollowerInfo (FollowerInfoImpl.java:lambda$new$0(48)) - omNode-1@group-523986131536->omNode-2: nextIndex: updateUnconditionally 57 -> 57
2022-10-04 13:26:31,780 [grpc-default-executor-3] INFO  impl.SnapshotInstallationHandler (SnapshotInstallationHandler.java:installSnapshot(95)) - omNode-2@group-523986131536: reply installSnapshot: omNode-1<-omNode-2#0:FAIL-t6,IN_PROGRESS
2022-10-04 13:26:31,780 [grpc-default-executor-3] INFO  server.GrpcServerProtocolService (GrpcServerProtocolService.java:onCompleted(140)) - omNode-2: Completed INSTALL_SNAPSHOT, lastRequest: omNode-1->omNode-2#0-t6,notify:(t:6, i:59)
2022-10-04 13:26:31,781 [grpc-default-executor-3] INFO  server.GrpcLogAppender (GrpcLogAppender.java:onNext(403)) - omNode-1@group-523986131536->omNode-2-InstallSnapshotResponseHandler: received a reply omNode-1<-omNode-2#0:FAIL-t6,IN_PROGRESS
2022-10-04 13:26:31,781 [grpc-default-executor-3] INFO  server.GrpcLogAppender (GrpcLogAppender.java:onNext(421)) - omNode-1@group-523986131536->omNode-2-InstallSnapshotResponseHandler: InstallSnapshot in progress.
2022-10-04 13:26:31,781 [omNode-1@group-523986131536->omNode-2-GrpcLogAppender-LogAppenderDaemon] INFO  server.GrpcLogAppender (GrpcLogAppender.java:installSnapshot(541)) - omNode-1@group-523986131536->omNode-2-GrpcLogAppender: followerNextIndex = 57 but logStartIndex = 59, notify follower to install snapshot-(t:6, i:59)
2022-10-04 13:26:31,781 [omNode-1@group-523986131536->omNode-2-GrpcLogAppender-LogAppenderDaemon] INFO  server.GrpcLogAppender (GrpcLogAppender.java:installSnapshot(549)) - omNode-1@group-523986131536->omNode-2-GrpcLogAppender: send omNode-1->omNode-2#0-t6,notify:(t:6, i:59)
2022-10-04 13:26:31,781 [omNode-2-server-thread1] INFO  server.RaftServer$Division (RaftServerImpl.java:checkInconsistentAppendEntries(1402)) - omNode-2@group-523986131536: Failed appendEntries as snapshot (59) installation is in progress
2022-10-04 13:26:31,781 [omNode-2-server-thread1] INFO  server.RaftServer$Division (RaftServerImpl.java:checkInconsistentAppendEntries(1394)) - omNode-2@group-523986131536: inconsistency entries. Reply:omNode-1<-omNode-2#857:FAIL-t6,INCONSISTENCY,nextIndex=57,followerCommit=56
2022-10-04 13:26:31,784 [grpc-default-executor-3] INFO  impl.SnapshotInstallationHandler (SnapshotInstallationHandler.java:installSnapshot(84)) - omNode-2@group-523986131536: receive installSnapshot: omNode-1->omNode-2#0-t6,notify:(t:6, i:59)
2022-10-04 13:26:31,784 [grpc-default-executor-4] INFO  leader.FollowerInfo (FollowerInfoImpl.java:lambda$new$0(48)) - omNode-1@group-523986131536->omNode-2: nextIndex: updateUnconditionally 57 -> 57
2022-10-04 13:26:31,784 [grpc-default-executor-3] INFO  impl.SnapshotInstallationHandler (SnapshotInstallationHandler.java:installSnapshot(95)) - omNode-2@group-523986131536: reply installSnapshot: omNode-1<-omNode-2#0:FAIL-t6,IN_PROGRESS
2022-10-04 13:26:31,786 [grpc-default-executor-3] INFO  server.GrpcServerProtocolService (GrpcServerProtocolService.java:onCompleted(140)) - omNode-2: Completed INSTALL_SNAPSHOT, lastRequest: omNode-1->omNode-2#0-t6,notify:(t:6, i:59)
2022-10-04 13:26:31,786 [grpc-default-executor-3] INFO  server.GrpcLogAppender (GrpcLogAppender.java:onNext(403)) - omNode-1@group-523986131536->omNode-2-InstallSnapshotResponseHandler: received a reply omNode-1<-omNode-2#0:FAIL-t6,IN_PROGRESS
2022-10-04 13:26:31,786 [grpc-default-executor-3] INFO  server.GrpcLogAppender (GrpcLogAppender.java:onNext(421)) - omNode-1@group-523986131536->omNode-2-InstallSnapshotResponseHandler: InstallSnapshot in progress.
2022-10-04 13:26:31,790 [omNode-1@group-523986131536->omNode-2-GrpcLogAppender-LogAppenderDaemon] INFO  server.GrpcLogAppender (GrpcLogAppender.java:installSnapshot(541)) - omNode-1@group-523986131536->omNode-2-GrpcLogAppender: followerNextIndex = 57 but logStartIndex = 59, notify follower to install snapshot-(t:6, i:59)
2022-10-04 13:26:31,790 [omNode-1@group-523986131536->omNode-2-GrpcLogAppender-LogAppenderDaemon] INFO  server.GrpcLogAppender (GrpcLogAppender.java:installSnapshot(549)) - omNode-1@group-523986131536->omNode-2-GrpcLogAppender: send omNode-1->omNode-2#0-t6,notify:(t:6, i:59)
2022-10-04 13:26:31,791 [omNode-2-server-thread1] INFO  server.RaftServer$Division (RaftServerImpl.java:checkInconsistentAppendEntries(1402)) - omNode-2@group-523986131536: Failed appendEntries as snapshot (59) installation is in progress
2022-10-04 13:26:31,791 [omNode-2-server-thread1] INFO  server.RaftServer$Division (RaftServerImpl.java:checkInconsistentAppendEntries(1394)) - omNode-2@group-523986131536: inconsistency entries. Reply:omNode-1<-omNode-2#858:FAIL-t6,INCONSISTENCY,nextIndex=57,followerCommit=56
2022-10-04 13:26:31,798 [grpc-default-executor-4] INFO  leader.FollowerInfo (FollowerInfoImpl.java:lambda$new$0(48)) - omNode-1@group-523986131536->omNode-2: nextIndex: updateUnconditionally 57 -> 57
2022-10-04 13:26:31,799 [grpc-default-executor-4] INFO  impl.SnapshotInstallationHandler (SnapshotInstallationHandler.java:installSnapshot(84)) - omNode-2@group-523986131536: receive installSnapshot: omNode-1->omNode-2#0-t6,notify:(t:6, i:59)
2022-10-04 13:26:31,799 [grpc-default-executor-4] INFO  impl.SnapshotInstallationHandler (SnapshotInstallationHandler.java:installSnapshot(95)) - omNode-2@group-523986131536: reply installSnapshot: omNode-1<-omNode-2#0:FAIL-t6,IN_PROGRESS
2022-10-04 13:26:31,799 [grpc-default-executor-4] INFO  server.GrpcServerProtocolService (GrpcServerProtocolService.java:onCompleted(140)) - omNode-2: Completed INSTALL_SNAPSHOT, lastRequest: omNode-1->omNode-2#0-t6,notify:(t:6, i:59)
2022-10-04 13:26:31,803 [grpc-default-executor-3] INFO  server.GrpcLogAppender (GrpcLogAppender.java:onNext(403)) - omNode-1@group-523986131536->omNode-2-InstallSnapshotResponseHandler: received a reply omNode-1<-omNode-2#0:FAIL-t6,IN_PROGRESS
2022-10-04 13:26:31,803 [grpc-default-executor-3] INFO  server.GrpcLogAppender (GrpcLogAppender.java:onNext(421)) - omNode-1@group-523986131536->omNode-2-InstallSnapshotResponseHandler: InstallSnapshot in progress.
2022-10-04 13:26:31,803 [omNode-1@group-523986131536->omNode-2-GrpcLogAppender-LogAppenderDaemon] INFO  server.GrpcLogAppender (GrpcLogAppender.java:installSnapshot(541)) - omNode-1@group-523986131536->omNode-2-GrpcLogAppender: followerNextIndex = 57 but logStartIndex = 59, notify follower to install snapshot-(t:6, i:59)
2022-10-04 13:26:31,803 [omNode-1@group-523986131536->omNode-2-GrpcLogAppender-LogAppenderDaemon] INFO  server.GrpcLogAppender (GrpcLogAppender.java:installSnapshot(549)) - omNode-1@group-523986131536->omNode-2-GrpcLogAppender: send omNode-1->omNode-2#0-t6,notify:(t:6, i:59)
2022-10-04 13:26:31,803 [omNode-2-server-thread1] INFO  server.RaftServer$Division (RaftServerImpl.java:checkInconsistentAppendEntries(1402)) - omNode-2@group-523986131536: Failed appendEntries as snapshot (59) installation is in progress
2022-10-04 13:26:31,803 [omNode-2-server-thread1] INFO  server.RaftServer$Division (RaftServerImpl.java:checkInconsistentAppendEntries(1394)) - omNode-2@group-523986131536: inconsistency entries. Reply:omNode-1<-omNode-2#859:FAIL-t6,INCONSISTENCY,nextIndex=57,followerCommit=56
2022-10-04 13:26:31,804 [grpc-default-executor-3] INFO  impl.SnapshotInstallationHandler (SnapshotInstallationHandler.java:installSnapshot(84)) - omNode-2@group-523986131536: receive installSnapshot: omNode-1->omNode-2#0-t6,notify:(t:6, i:59)
2022-10-04 13:26:31,804 [grpc-default-executor-3] INFO  impl.SnapshotInstallationHandler (SnapshotInstallationHandler.java:installSnapshot(95)) - omNode-2@group-523986131536: reply installSnapshot: omNode-1<-omNode-2#0:FAIL-t6,IN_PROGRESS
2022-10-04 13:26:31,804 [grpc-default-executor-3] INFO  server.GrpcServerProtocolService (GrpcServerProtocolService.java:onCompleted(140)) - omNode-2: Completed INSTALL_SNAPSHOT, lastRequest: omNode-1->omNode-2#0-t6,notify:(t:6, i:59)
2022-10-04 13:26:31,804 [grpc-default-executor-1] INFO  leader.FollowerInfo (FollowerInfoImpl.java:lambda$new$0(48)) - omNode-1@group-523986131536->omNode-2: nextIndex: updateUnconditionally 57 -> 57
2022-10-04 13:26:31,804 [grpc-default-executor-3] INFO  server.GrpcLogAppender (GrpcLogAppender.java:onNext(403)) - omNode-1@group-523986131536->omNode-2-InstallSnapshotResponseHandler: received a reply omNode-1<-omNode-2#0:FAIL-t6,IN_PROGRESS
2022-10-04 13:26:31,804 [grpc-default-executor-3] INFO  server.GrpcLogAppender (GrpcLogAppender.java:onNext(421)) - omNode-1@group-523986131536->omNode-2-InstallSnapshotResponseHandler: InstallSnapshot in progress.
2022-10-04 13:26:31,804 [omNode-1@group-523986131536->omNode-2-GrpcLogAppender-LogAppenderDaemon] INFO  server.GrpcLogAppender (GrpcLogAppender.java:installSnapshot(541)) - omNode-1@group-523986131536->omNode-2-GrpcLogAppender: followerNextIndex = 57 but logStartIndex = 59, notify follower to install snapshot-(t:6, i:59)
2022-10-04 13:26:31,805 [omNode-1@group-523986131536->omNode-2-GrpcLogAppender-LogAppenderDaemon] INFO  server.GrpcLogAppender (GrpcLogAppender.java:installSnapshot(549)) - omNode-1@group-523986131536->omNode-2-GrpcLogAppender: send omNode-1->omNode-2#0-t6,notify:(t:6, i:59)
2022-10-04 13:26:31,805 [omNode-2-server-thread1] INFO  server.RaftServer$Division (RaftServerImpl.java:checkInconsistentAppendEntries(1402)) - omNode-2@group-523986131536: Failed appendEntries as snapshot (59) installation is in progress
2022-10-04 13:26:31,805 [omNode-2-server-thread1] INFO  server.RaftServer$Division (RaftServerImpl.java:checkInconsistentAppendEntries(1394)) - omNode-2@group-523986131536: inconsistency entries. Reply:omNode-1<-omNode-2#860:FAIL-t6,INCONSISTENCY,nextIndex=57,followerCommit=56
2022-10-04 13:26:31,805 [grpc-default-executor-3] INFO  impl.SnapshotInstallationHandler (SnapshotInstallationHandler.java:installSnapshot(84)) - omNode-2@group-523986131536: receive installSnapshot: omNode-1->omNode-2#0-t6,notify:(t:6, i:59)
2022-10-04 13:26:31,805 [grpc-default-executor-3] INFO  impl.SnapshotInstallationHandler (SnapshotInstallationHandler.java:installSnapshot(95)) - omNode-2@group-523986131536: reply installSnapshot: omNode-1<-omNode-2#0:FAIL-t6,IN_PROGRESS
2022-10-04 13:26:31,805 [grpc-default-executor-3] INFO  server.GrpcServerProtocolService (GrpcServerProtocolService.java:onCompleted(140)) - omNode-2: Completed INSTALL_SNAPSHOT, lastRequest: omNode-1->omNode-2#0-t6,notify:(t:6, i:59)
2022-10-04 13:26:31,806 [grpc-default-executor-1] INFO  leader.FollowerInfo (FollowerInfoImpl.java:lambda$new$0(48)) - omNode-1@group-523986131536->omNode-2: nextIndex: updateUnconditionally 57 -> 57
2022-10-04 13:26:31,806 [grpc-default-executor-1] INFO  server.GrpcLogAppender (GrpcLogAppender.java:onNext(403)) - omNode-1@group-523986131536->omNode-2-InstallSnapshotResponseHandler: received a reply omNode-1<-omNode-2#0:FAIL-t6,IN_PROGRESS
2022-10-04 13:26:31,806 [grpc-default-executor-1] INFO  server.GrpcLogAppender (GrpcLogAppender.java:onNext(421)) - omNode-1@group-523986131536->omNode-2-InstallSnapshotResponseHandler: InstallSnapshot in progress.
2022-10-04 13:26:31,806 [omNode-1@group-523986131536->omNode-2-GrpcLogAppender-LogAppenderDaemon] INFO  server.GrpcLogAppender (GrpcLogAppender.java:installSnapshot(541)) - omNode-1@group-523986131536->omNode-2-GrpcLogAppender: followerNextIndex = 57 but logStartIndex = 59, notify follower to install snapshot-(t:6, i:59)
2022-10-04 13:26:31,806 [omNode-1@group-523986131536->omNode-2-GrpcLogAppender-LogAppenderDaemon] INFO  server.GrpcLogAppender (GrpcLogAppender.java:installSnapshot(549)) - omNode-1@group-523986131536->omNode-2-GrpcLogAppender: send omNode-1->omNode-2#0-t6,notify:(t:6, i:59)
2022-10-04 13:26:31,806 [omNode-2-server-thread1] INFO  server.RaftServer$Division (RaftServerImpl.java:checkInconsistentAppendEntries(1402)) - omNode-2@group-523986131536: Failed appendEntries as snapshot (59) installation is in progress
2022-10-04 13:26:31,806 [omNode-2-server-thread1] INFO  server.RaftServer$Division (RaftServerImpl.java:checkInconsistentAppendEntries(1394)) - omNode-2@group-523986131536: inconsistency entries. Reply:omNode-1<-omNode-2#861:FAIL-t6,INCONSISTENCY,nextIndex=57,followerCommit=56
2022-10-04 13:26:31,807 [grpc-default-executor-1] INFO  impl.SnapshotInstallationHandler (SnapshotInstallationHandler.java:installSnapshot(84)) - omNode-2@group-523986131536: receive installSnapshot: omNode-1->omNode-2#0-t6,notify:(t:6, i:59)
2022-10-04 13:26:31,807 [grpc-default-executor-1] INFO  impl.SnapshotInstallationHandler (SnapshotInstallationHandler.java:installSnapshot(95)) - omNode-2@group-523986131536: reply installSnapshot: omNode-1<-omNode-2#0:FAIL-t6,IN_PROGRESS
2022-10-04 13:26:31,807 [grpc-default-executor-1] INFO  server.GrpcServerProtocolService (GrpcServerProtocolService.java:onCompleted(140)) - omNode-2: Completed INSTALL_SNAPSHOT, lastRequest: omNode-1->omNode-2#0-t6,notify:(t:6, i:59)
2022-10-04 13:26:31,807 [grpc-default-executor-3] INFO  leader.FollowerInfo (FollowerInfoImpl.java:lambda$new$0(48)) - omNode-1@group-523986131536->omNode-2: nextIndex: updateUnconditionally 57 -> 57
2022-10-04 13:26:31,808 [grpc-default-executor-3] INFO  server.GrpcLogAppender (GrpcLogAppender.java:onNext(403)) - omNode-1@group-523986131536->omNode-2-InstallSnapshotResponseHandler: received a reply omNode-1<-omNode-2#0:FAIL-t6,IN_PROGRESS
2022-10-04 13:26:31,808 [grpc-default-executor-3] INFO  server.GrpcLogAppender (GrpcLogAppender.java:onNext(421)) - omNode-1@group-523986131536->omNode-2-InstallSnapshotResponseHandler: InstallSnapshot in progress.
2022-10-04 13:26:31,808 [omNode-1@group-523986131536->omNode-2-GrpcLogAppender-LogAppenderDaemon] INFO  server.GrpcLogAppender (GrpcLogAppender.java:installSnapshot(541)) - omNode-1@group-523986131536->omNode-2-GrpcLogAppender: followerNextIndex = 57 but logStartIndex = 59, notify follower to install snapshot-(t:6, i:59)
]]></system-out>
  </testcase>
  <testcase name="testTwoOMNodesDown" classname="org.apache.hadoop.ozone.om.TestOzoneManagerHAWithData" time="17.202">
    <error type="java.io.IOException"><![CDATA[java.io.IOException: Failed init RocksDB, db path : /home/runner/work/ozone/ozone/hadoop-ozone/integration-test/target/test-dir/MiniOzoneClusterImpl-6e9557d8-a31c-49e5-bba1-8bc95799a8b8/omNode-3/om.db, exception :org.rocksdb.RocksDBException lock hold by current process, acquire time 1664889990 acquiring thread 140213625755392: /home/runner/work/ozone/ozone/hadoop-ozone/integration-test/target/test-dir/MiniOzoneClusterImpl-6e9557d8-a31c-49e5-bba1-8bc95799a8b8/omNode-3/om.db/LOCK: No locks available
	at org.apache.hadoop.hdds.utils.db.RDBStore.<init>(RDBStore.java:123)
	at org.apache.hadoop.hdds.utils.db.DBStoreBuilder.build(DBStoreBuilder.java:191)
	at org.apache.hadoop.ozone.om.OmMetadataManagerImpl.loadDB(OmMetadataManagerImpl.java:421)
	at org.apache.hadoop.ozone.om.OmMetadataManagerImpl.loadDB(OmMetadataManagerImpl.java:411)
	at org.apache.hadoop.ozone.om.OmMetadataManagerImpl.start(OmMetadataManagerImpl.java:403)
	at org.apache.hadoop.ozone.om.OmMetadataManagerImpl.<init>(OmMetadataManagerImpl.java:272)
	at org.apache.hadoop.ozone.om.OzoneManager.instantiateServices(OzoneManager.java:709)
	at org.apache.hadoop.ozone.om.OzoneManager.restart(OzoneManager.java:1578)
	at org.apache.hadoop.ozone.MiniOzoneHAClusterImpl.restartOzoneManager(MiniOzoneHAClusterImpl.java:229)
	at org.apache.hadoop.ozone.om.TestOzoneManagerHA.resetCluster(TestOzoneManagerHA.java:188)
	at sun.reflect.NativeMethodAccessorImpl.invoke0(Native Method)
	at sun.reflect.NativeMethodAccessorImpl.invoke(NativeMethodAccessorImpl.java:62)
	at sun.reflect.DelegatingMethodAccessorImpl.invoke(DelegatingMethodAccessorImpl.java:43)
	at java.lang.reflect.Method.invoke(Method.java:498)
	at org.junit.platform.commons.util.ReflectionUtils.invokeMethod(ReflectionUtils.java:725)
	at org.junit.jupiter.engine.execution.MethodInvocation.proceed(MethodInvocation.java:60)
	at org.junit.jupiter.engine.execution.InvocationInterceptorChain$ValidatingInvocation.proceed(InvocationInterceptorChain.java:131)
	at org.junit.jupiter.engine.extension.TimeoutExtension.intercept(TimeoutExtension.java:149)
	at org.junit.jupiter.engine.extension.TimeoutExtension.interceptLifecycleMethod(TimeoutExtension.java:126)
	at org.junit.jupiter.engine.extension.TimeoutExtension.interceptAfterEachMethod(TimeoutExtension.java:108)
	at org.junit.jupiter.engine.execution.ExecutableInvoker$ReflectiveInterceptorCall.lambda$ofVoidMethod$0(ExecutableInvoker.java:115)
	at org.junit.jupiter.engine.execution.ExecutableInvoker.lambda$invoke$0(ExecutableInvoker.java:105)
	at org.junit.jupiter.engine.execution.InvocationInterceptorChain$InterceptedInvocation.proceed(InvocationInterceptorChain.java:106)
	at org.junit.jupiter.engine.execution.InvocationInterceptorChain.proceed(InvocationInterceptorChain.java:64)
	at org.junit.jupiter.engine.execution.InvocationInterceptorChain.chainAndInvoke(InvocationInterceptorChain.java:45)
	at org.junit.jupiter.engine.execution.InvocationInterceptorChain.invoke(InvocationInterceptorChain.java:37)
	at org.junit.jupiter.engine.execution.ExecutableInvoker.invoke(ExecutableInvoker.java:104)
	at org.junit.jupiter.engine.execution.ExecutableInvoker.invoke(ExecutableInvoker.java:98)
	at org.junit.jupiter.engine.descriptor.ClassBasedTestDescriptor.invokeMethodInExtensionContext(ClassBasedTestDescriptor.java:506)
	at org.junit.jupiter.engine.descriptor.ClassBasedTestDescriptor.lambda$synthesizeAfterEachMethodAdapter$22(ClassBasedTestDescriptor.java:496)
	at org.junit.jupiter.engine.descriptor.TestMethodTestDescriptor.lambda$invokeAfterEachMethods$10(TestMethodTestDescriptor.java:240)
	at org.junit.jupiter.engine.descriptor.TestMethodTestDescriptor.lambda$invokeAllAfterMethodsOrCallbacks$13(TestMethodTestDescriptor.java:273)
	at org.junit.platform.engine.support.hierarchical.ThrowableCollector.execute(ThrowableCollector.java:73)
	at org.junit.jupiter.engine.descriptor.TestMethodTestDescriptor.lambda$invokeAllAfterMethodsOrCallbacks$14(TestMethodTestDescriptor.java:273)
	at java.util.ArrayList.forEach(ArrayList.java:1259)
	at org.junit.jupiter.engine.descriptor.TestMethodTestDescriptor.invokeAllAfterMethodsOrCallbacks(TestMethodTestDescriptor.java:272)
	at org.junit.jupiter.engine.descriptor.TestMethodTestDescriptor.invokeAfterEachMethods(TestMethodTestDescriptor.java:238)
	at org.junit.jupiter.engine.descriptor.TestMethodTestDescriptor.execute(TestMethodTestDescriptor.java:139)
	at org.junit.jupiter.engine.descriptor.TestMethodTestDescriptor.execute(TestMethodTestDescriptor.java:66)
	at org.junit.platform.engine.support.hierarchical.NodeTestTask.lambda$executeRecursively$6(NodeTestTask.java:151)
	at org.junit.platform.engine.support.hierarchical.ThrowableCollector.execute(ThrowableCollector.java:73)
	at org.junit.platform.engine.support.hierarchical.NodeTestTask.lambda$executeRecursively$8(NodeTestTask.java:141)
	at org.junit.platform.engine.support.hierarchical.Node.around(Node.java:137)
	at org.junit.platform.engine.support.hierarchical.NodeTestTask.lambda$executeRecursively$9(NodeTestTask.java:139)
	at org.junit.platform.engine.support.hierarchical.ThrowableCollector.execute(ThrowableCollector.java:73)
	at org.junit.platform.engine.support.hierarchical.NodeTestTask.executeRecursively(NodeTestTask.java:138)
	at org.junit.platform.engine.support.hierarchical.NodeTestTask.execute(NodeTestTask.java:95)
	at java.util.ArrayList.forEach(ArrayList.java:1259)
	at org.junit.platform.engine.support.hierarchical.SameThreadHierarchicalTestExecutorService.invokeAll(SameThreadHierarchicalTestExecutorService.java:41)
	at org.junit.platform.engine.support.hierarchical.NodeTestTask.lambda$executeRecursively$6(NodeTestTask.java:155)
	at org.junit.platform.engine.support.hierarchical.ThrowableCollector.execute(ThrowableCollector.java:73)
	at org.junit.platform.engine.support.hierarchical.NodeTestTask.lambda$executeRecursively$8(NodeTestTask.java:141)
	at org.junit.platform.engine.support.hierarchical.Node.around(Node.java:137)
	at org.junit.platform.engine.support.hierarchical.NodeTestTask.lambda$executeRecursively$9(NodeTestTask.java:139)
	at org.junit.platform.engine.support.hierarchical.ThrowableCollector.execute(ThrowableCollector.java:73)
	at org.junit.platform.engine.support.hierarchical.NodeTestTask.executeRecursively(NodeTestTask.java:138)
	at org.junit.platform.engine.support.hierarchical.NodeTestTask.execute(NodeTestTask.java:95)
	at java.util.ArrayList.forEach(ArrayList.java:1259)
	at org.junit.platform.engine.support.hierarchical.SameThreadHierarchicalTestExecutorService.invokeAll(SameThreadHierarchicalTestExecutorService.java:41)
	at org.junit.platform.engine.support.hierarchical.NodeTestTask.lambda$executeRecursively$6(NodeTestTask.java:155)
	at org.junit.platform.engine.support.hierarchical.ThrowableCollector.execute(ThrowableCollector.java:73)
	at org.junit.platform.engine.support.hierarchical.NodeTestTask.lambda$executeRecursively$8(NodeTestTask.java:141)
	at org.junit.platform.engine.support.hierarchical.Node.around(Node.java:137)
	at org.junit.platform.engine.support.hierarchical.NodeTestTask.lambda$executeRecursively$9(NodeTestTask.java:139)
	at org.junit.platform.engine.support.hierarchical.ThrowableCollector.execute(ThrowableCollector.java:73)
	at org.junit.platform.engine.support.hierarchical.NodeTestTask.executeRecursively(NodeTestTask.java:138)
	at org.junit.platform.engine.support.hierarchical.NodeTestTask.execute(NodeTestTask.java:95)
	at org.junit.platform.engine.support.hierarchical.SameThreadHierarchicalTestExecutorService.submit(SameThreadHierarchicalTestExecutorService.java:35)
	at org.junit.platform.engine.support.hierarchical.HierarchicalTestExecutor.execute(HierarchicalTestExecutor.java:57)
	at org.junit.platform.engine.support.hierarchical.HierarchicalTestEngine.execute(HierarchicalTestEngine.java:54)
	at org.junit.platform.launcher.core.EngineExecutionOrchestrator.execute(EngineExecutionOrchestrator.java:107)
	at org.junit.platform.launcher.core.EngineExecutionOrchestrator.execute(EngineExecutionOrchestrator.java:88)
	at org.junit.platform.launcher.core.EngineExecutionOrchestrator.lambda$execute$0(EngineExecutionOrchestrator.java:54)
	at org.junit.platform.launcher.core.EngineExecutionOrchestrator.withInterceptedStreams(EngineExecutionOrchestrator.java:67)
	at org.junit.platform.launcher.core.EngineExecutionOrchestrator.execute(EngineExecutionOrchestrator.java:52)
	at org.junit.platform.launcher.core.DefaultLauncher.execute(DefaultLauncher.java:114)
	at org.junit.platform.launcher.core.DefaultLauncher.execute(DefaultLauncher.java:86)
	at org.junit.platform.launcher.core.DefaultLauncherSession$DelegatingLauncher.execute(DefaultLauncherSession.java:86)
	at org.junit.platform.launcher.core.SessionPerRequestLauncher.execute(SessionPerRequestLauncher.java:53)
	at org.apache.maven.surefire.junitplatform.JUnitPlatformProvider.execute(JUnitPlatformProvider.java:188)
	at org.apache.maven.surefire.junitplatform.JUnitPlatformProvider.invokeAllTests(JUnitPlatformProvider.java:154)
	at org.apache.maven.surefire.junitplatform.JUnitPlatformProvider.invoke(JUnitPlatformProvider.java:124)
	at org.apache.maven.surefire.booter.ForkedBooter.runSuitesInProcess(ForkedBooter.java:428)
	at org.apache.maven.surefire.booter.ForkedBooter.execute(ForkedBooter.java:162)
	at org.apache.maven.surefire.booter.ForkedBooter.run(ForkedBooter.java:562)
	at org.apache.maven.surefire.booter.ForkedBooter.main(ForkedBooter.java:548)
Caused by: java.io.IOException: class org.apache.hadoop.hdds.utils.db.RocksDatabase: Failed to open /home/runner/work/ozone/ozone/hadoop-ozone/integration-test/target/test-dir/MiniOzoneClusterImpl-6e9557d8-a31c-49e5-bba1-8bc95799a8b8/omNode-3/om.db; status : IOError; message : lock hold by current process, acquire time 1664889990 acquiring thread 140213625755392: /home/runner/work/ozone/ozone/hadoop-ozone/integration-test/target/test-dir/MiniOzoneClusterImpl-6e9557d8-a31c-49e5-bba1-8bc95799a8b8/omNode-3/om.db/LOCK: No locks available
	at org.apache.hadoop.hdds.utils.HddsServerUtil.toIOException(HddsServerUtil.java:586)
	at org.apache.hadoop.hdds.utils.db.RocksDatabase.toIOException(RocksDatabase.java:73)
	at org.apache.hadoop.hdds.utils.db.RocksDatabase.open(RocksDatabase.java:148)
	at org.apache.hadoop.hdds.utils.db.RDBStore.<init>(RDBStore.java:83)
	... 85 more
Caused by: org.rocksdb.RocksDBException: lock hold by current process, acquire time 1664889990 acquiring thread 140213625755392: /home/runner/work/ozone/ozone/hadoop-ozone/integration-test/target/test-dir/MiniOzoneClusterImpl-6e9557d8-a31c-49e5-bba1-8bc95799a8b8/omNode-3/om.db/LOCK: No locks available
	at org.rocksdb.RocksDB.open(Native Method)
	at org.rocksdb.RocksDB.open(RocksDB.java:307)
	at org.apache.hadoop.hdds.utils.db.managed.ManagedRocksDB.open(ManagedRocksDB.java:66)
	at org.apache.hadoop.hdds.utils.db.RocksDatabase.open(RocksDatabase.java:136)
	... 86 more
]]></error>
    <system-out><![CDATA[2022-10-04 13:26:31,808 [omNode-1@group-523986131536->omNode-2-GrpcLogAppender-LogAppenderDaemon] INFO  server.GrpcLogAppender (GrpcLogAppender.java:installSnapshot(549)) - omNode-1@group-523986131536->omNode-2-GrpcLogAppender: send omNode-1->omNode-2#0-t6,notify:(t:6, i:59)
2022-10-04 13:26:31,815 [Listener at localhost/45931] INFO  om.OzoneManager (OzoneManager.java:stop(2036)) - omNode-1[localhost:37083]: Stopping Ozone Manager
2022-10-04 13:26:31,815 [Listener at localhost/45931] INFO  ipc.Server (Server.java:stop(3414)) - Stopping server on 37083
2022-10-04 13:26:31,817 [IPC Server listener on 37083] INFO  ipc.Server (Server.java:run(1376)) - Stopping IPC Server listener on 37083
2022-10-04 13:26:31,815 [grpc-default-executor-1] INFO  impl.SnapshotInstallationHandler (SnapshotInstallationHandler.java:installSnapshot(84)) - omNode-2@group-523986131536: receive installSnapshot: omNode-1->omNode-2#0-t6,notify:(t:6, i:59)
2022-10-04 13:26:31,818 [grpc-default-executor-1] INFO  impl.SnapshotInstallationHandler (SnapshotInstallationHandler.java:installSnapshot(95)) - omNode-2@group-523986131536: reply installSnapshot: omNode-1<-omNode-2#0:FAIL-t6,IN_PROGRESS
2022-10-04 13:26:31,818 [grpc-default-executor-1] INFO  server.GrpcServerProtocolService (GrpcServerProtocolService.java:onCompleted(140)) - omNode-2: Completed INSTALL_SNAPSHOT, lastRequest: omNode-1->omNode-2#0-t6,notify:(t:6, i:59)
2022-10-04 13:26:31,819 [omNode-2-server-thread1] INFO  server.RaftServer$Division (RaftServerImpl.java:checkInconsistentAppendEntries(1402)) - omNode-2@group-523986131536: Failed appendEntries as snapshot (59) installation is in progress
2022-10-04 13:26:31,819 [omNode-2-server-thread1] INFO  server.RaftServer$Division (RaftServerImpl.java:checkInconsistentAppendEntries(1394)) - omNode-2@group-523986131536: inconsistency entries. Reply:omNode-1<-omNode-2#862:FAIL-t6,INCONSISTENCY,nextIndex=57,followerCommit=56
2022-10-04 13:26:31,821 [IPC Server Responder] INFO  ipc.Server (Server.java:run(1512)) - Stopping IPC Server Responder
2022-10-04 13:26:31,821 [Listener at localhost/45931] INFO  server.RaftServer (RaftServerProxy.java:lambda$close$7(398)) - omNode-1: close
2022-10-04 13:26:31,822 [Listener at localhost/45931] INFO  server.RaftServer$Division (RaftServerImpl.java:lambda$close$4(434)) - omNode-1@group-523986131536: shutdown
2022-10-04 13:26:31,822 [Listener at localhost/45931] INFO  util.JmxRegister (JmxRegister.java:unregister(73)) - Successfully un-registered JMX Bean with object name Ratis:service=RaftServer,group=group-523986131536,id=omNode-1
2022-10-04 13:26:31,822 [Listener at localhost/45931] INFO  impl.RoleInfo (RoleInfo.java:shutdownLeaderState(93)) - omNode-1: shutdown omNode-1@group-523986131536-LeaderStateImpl
2022-10-04 13:26:31,823 [grpc-default-executor-1] INFO  leader.FollowerInfo (FollowerInfoImpl.java:lambda$new$0(48)) - omNode-1@group-523986131536->omNode-2: nextIndex: updateUnconditionally 57 -> 57
2022-10-04 13:26:31,824 [omNode-1@group-523986131536->omNode-3-GrpcLogAppender-LogAppenderDaemon] WARN  server.GrpcLogAppender (GrpcLogAppender.java:mayWait(171)) - omNode-1@group-523986131536->omNode-3-GrpcLogAppender: Wait interrupted by java.lang.InterruptedException
2022-10-04 13:26:31,823 [grpc-default-executor-4] INFO  server.GrpcLogAppender (GrpcLogAppender.java:onNext(403)) - omNode-1@group-523986131536->omNode-2-InstallSnapshotResponseHandler: received a reply omNode-1<-omNode-2#0:FAIL-t6,IN_PROGRESS
2022-10-04 13:26:31,824 [grpc-default-executor-4] INFO  server.GrpcLogAppender (GrpcLogAppender.java:onNext(421)) - omNode-1@group-523986131536->omNode-2-InstallSnapshotResponseHandler: InstallSnapshot in progress.
2022-10-04 13:26:31,825 [grpc-default-executor-4] INFO  server.GrpcServerProtocolService (GrpcServerProtocolService.java:onCompleted(140)) - omNode-2: Completed APPEND_ENTRIES, lastRequest: omNode-1->omNode-2#378-t6,previous=(t:6, i:111),leaderCommit=111,initializing? false,entries: size=1, first=(t:6, i:112), METADATAENTRY(c:111)
2022-10-04 13:26:31,825 [grpc-default-executor-1] INFO  server.GrpcServerProtocolService (GrpcServerProtocolService.java:onCompleted(140)) - omNode-3: Completed APPEND_ENTRIES, lastRequest: omNode-1->omNode-3#327-t6,previous=(t:6, i:143),leaderCommit=143,initializing? true,entries: size=1, first=(t:6, i:144), METADATAENTRY(c:143)
2022-10-04 13:26:31,825 [Listener at localhost/45931] INFO  impl.PendingRequests (PendingRequests.java:sendNotLeaderResponses(282)) - omNode-1@group-523986131536-PendingRequests: sendNotLeaderResponses
2022-10-04 13:26:31,825 [grpc-default-executor-1] INFO  server.GrpcLogAppender (GrpcLogAppender.java:onCompleted(339)) - omNode-1@group-523986131536->omNode-3-AppendLogResponseHandler: follower responses appendEntries COMPLETED
2022-10-04 13:26:31,826 [grpc-default-executor-1] INFO  leader.FollowerInfo (FollowerInfoImpl.java:lambda$new$0(48)) - omNode-1@group-523986131536->omNode-3: nextIndex: updateUnconditionally 145 -> 144
2022-10-04 13:26:31,835 [grpc-default-executor-4] INFO  server.GrpcLogAppender (GrpcLogAppender.java:onCompleted(339)) - omNode-1@group-523986131536->omNode-2-AppendLogResponseHandler: follower responses appendEntries COMPLETED
2022-10-04 13:26:31,835 [grpc-default-executor-4] INFO  leader.FollowerInfo (FollowerInfoImpl.java:lambda$new$0(48)) - omNode-1@group-523986131536->omNode-2: nextIndex: updateUnconditionally 57 -> 56
2022-10-04 13:26:31,834 [Listener at localhost/45931] INFO  impl.StateMachineUpdater (StateMachineUpdater.java:stopAndJoin(153)) - omNode-1@group-523986131536-StateMachineUpdater: set stopIndex = 144
2022-10-04 13:26:31,834 [omNode-1@group-523986131536-StateMachineUpdater] INFO  ratis.OzoneManagerStateMachine (OzoneManagerStateMachine.java:takeSnapshot(441)) - Current Snapshot Index (t:6, i:144)
2022-10-04 13:26:31,836 [omNode-1@group-523986131536-StateMachineUpdater] INFO  impl.StateMachineUpdater (StateMachineUpdater.java:takeSnapshot(287)) - omNode-1@group-523986131536-StateMachineUpdater: Took a snapshot at index 144
2022-10-04 13:26:31,836 [omNode-1@group-523986131536-StateMachineUpdater] INFO  impl.StateMachineUpdater (StateMachineUpdater.java:lambda$new$0(92)) - omNode-1@group-523986131536-StateMachineUpdater: snapshotIndex: updateIncreasingly 108 -> 144
2022-10-04 13:26:31,836 [omNode-1@group-523986131536-StateMachineUpdater] INFO  raftlog.RaftLog (RaftLogBase.java:purge(308)) - omNode-1@group-523986131536-SegmentedRaftLog: purge 144
2022-10-04 13:26:31,836 [omNode-1@group-523986131536-StateMachineUpdater] INFO  raftlog.RaftLog (RaftLogBase.java:lambda$new$0(53)) - omNode-1@group-523986131536-SegmentedRaftLog: snapshotIndex: updateIncreasingly 108 -> 144
2022-10-04 13:26:31,836 [omNode-1@group-523986131536-StateMachineUpdater] INFO  raftlog.RaftLog (RaftLogBase.java:lambda$new$0(53)) - omNode-1@group-523986131536-SegmentedRaftLog: purgeIndex: updateToMax old=58, new=144, updated? true
2022-10-04 13:26:31,836 [omNode-1@group-523986131536-StateMachineUpdater] INFO  ratis.OzoneManagerStateMachine (OzoneManagerStateMachine.java:close(495)) - StateMachine has shutdown. Shutdown OzoneManager if not already shutdown.
2022-10-04 13:26:31,836 [omNode-1@group-523986131536-StateMachineUpdater] INFO  ratis.OzoneManagerDoubleBuffer (OzoneManagerDoubleBuffer.java:stop(466)) - Stopping OMDoubleBuffer flush thread
2022-10-04 13:26:31,836 [OMDoubleBufferFlushThread] INFO  ratis.OzoneManagerDoubleBuffer (OzoneManagerDoubleBuffer.java:flushTransactions(385)) - OMDoubleBuffer flush thread OMDoubleBufferFlushThread is interrupted and will exit.
2022-10-04 13:26:31,837 [Listener at localhost/45931] INFO  server.RaftServer$Division (ServerState.java:close(429)) - omNode-1@group-523986131536: closes. applyIndex: 144
2022-10-04 13:26:31,838 [omNode-1@group-523986131536-SegmentedRaftLogWorker] INFO  segmented.SegmentedRaftLogWorker (SegmentedRaftLogWorker.java:run(336)) - omNode-1@group-523986131536-SegmentedRaftLogWorker was interrupted, exiting. There are 0 tasks remaining in the queue.
2022-10-04 13:26:31,839 [Listener at localhost/45931] INFO  segmented.SegmentedRaftLogWorker (SegmentedRaftLogWorker.java:close(246)) - omNode-1@group-523986131536-SegmentedRaftLogWorker close()
2022-10-04 13:26:31,841 [Listener at localhost/45931] INFO  server.GrpcService (GrpcService.java:closeImpl(269)) - omNode-1: shutdown server with port 42223 now
2022-10-04 13:26:32,013 [pool-366-thread-1] INFO  reflections.Reflections (Reflections.java:scan(232)) - Reflections took 1332 ms to scan 19 urls, producing 67 keys and 4220 values [using 2 cores]
2022-10-04 13:26:32,015 [pool-366-thread-1] INFO  ipc.CallQueueManager (CallQueueManager.java:<init>(90)) - Using callQueue: class java.util.concurrent.LinkedBlockingQueue, queueCapacity: 2000, scheduler: class org.apache.hadoop.ipc.DefaultRpcScheduler, ipcBackoff: false.
2022-10-04 13:26:32,018 [Socket Reader #1 for port 45931] INFO  ipc.Server (Server.java:run(1265)) - Starting Socket Reader #1 for port 45931
2022-10-04 13:26:32,020 [IPC Server Responder] INFO  ipc.Server (Server.java:run(1507)) - IPC Server Responder: starting
2022-10-04 13:26:32,020 [IPC Server listener on 45931] INFO  ipc.Server (Server.java:run(1344)) - IPC Server listener on 45931: starting
2022-10-04 13:26:32,045 [Listener at localhost/45931] INFO  om.OzoneManager (OzoneManager.java:installCheckpoint(3802)) - RPC server is re-started. Spend 1365 ms.
2022-10-04 13:26:32,046 [Listener at localhost/45931] INFO  om.OzoneManager (OzoneManager.java:installCheckpoint(3828)) - Install Checkpoint is finished with Term: 6 and Index: 129. Spend 1653 ms.
2022-10-04 13:26:32,046 [Listener at localhost/45931] INFO  impl.SnapshotInstallationHandler (SnapshotInstallationHandler.java:lambda$notifyStateMachineToInstallSnapshot$2(271)) - omNode-2@group-523986131536: StateMachine successfully installed snapshot index 129. Reloading the StateMachine.
2022-10-04 13:26:33,166 [omNode-3@group-523986131536-FollowerState] INFO  impl.FollowerState (FollowerState.java:run(143)) - omNode-3@group-523986131536-FollowerState: change to CANDIDATE, lastRpcElapsedTime:1725375703ns, electionTimeout:1090ms
2022-10-04 13:26:33,167 [omNode-3@group-523986131536-FollowerState] INFO  impl.RoleInfo (RoleInfo.java:shutdownFollowerState(110)) - omNode-3: shutdown omNode-3@group-523986131536-FollowerState
2022-10-04 13:26:33,167 [omNode-3@group-523986131536-FollowerState] INFO  server.RaftServer$Division (RaftServerImpl.java:setRole(299)) - omNode-3@group-523986131536: changes role from  FOLLOWER to CANDIDATE at term 6 for changeToCandidate
2022-10-04 13:26:33,167 [omNode-3@group-523986131536-FollowerState] INFO  server.RaftServerConfigKeys (ConfUtils.java:logGet(46)) - raft.server.leaderelection.pre-vote = false (custom)
2022-10-04 13:26:33,167 [omNode-3@group-523986131536-FollowerState] INFO  impl.RoleInfo (RoleInfo.java:updateAndGet(139)) - omNode-3: start omNode-3@group-523986131536-LeaderElection18
2022-10-04 13:26:33,170 [omNode-3@group-523986131536-LeaderElection18] INFO  server.RaftServer$Division (ServerState.java:setLeader(287)) - omNode-3@group-523986131536: change Leader from omNode-1 to null at term 6 for ELECTION
2022-10-04 13:26:33,173 [omNode-3@group-523986131536-LeaderElection18] INFO  impl.LeaderElection (LeaderElection.java:askForVotes(310)) - omNode-3@group-523986131536-LeaderElection18 ELECTION round 0: submit vote requests at term 7 for 59: [omNode-3|rpc:localhost:35537|admin:|client:|dataStream:|priority:0, omNode-1|rpc:localhost:42223|admin:|client:|dataStream:|priority:0, omNode-2|rpc:localhost:33535|admin:|client:|dataStream:|priority:0], old=null
2022-10-04 13:26:33,186 [omNode-3@group-523986131536-LeaderElection18] INFO  impl.LeaderElection (LogUtils.java:infoOrTrace(137)) - omNode-3@group-523986131536-LeaderElection18 got exception when requesting votes: java.util.concurrent.ExecutionException: org.apache.ratis.thirdparty.io.grpc.StatusRuntimeException: UNAVAILABLE: io exception
2022-10-04 13:26:33,188 [grpc-default-executor-4] INFO  server.RaftServer$Division (RaftServerImpl.java:requestVote(1152)) - omNode-2@group-523986131536: receive requestVote(ELECTION, omNode-3, group-523986131536, 7, (t:6, i:144))
2022-10-04 13:26:33,188 [grpc-default-executor-4] INFO  impl.VoteContext (VoteContext.java:log(48)) - omNode-2@group-523986131536-FOLLOWER: accept ELECTION from omNode-3: our last entry (t:4, i:56) < candidate's last entry (t:6, i:144)
2022-10-04 13:26:33,188 [grpc-default-executor-4] INFO  server.RaftServer$Division (ServerState.java:setLeader(287)) - omNode-2@group-523986131536: change Leader from omNode-1 to null at term 7 for updateCurrentTerm
2022-10-04 13:26:33,188 [grpc-default-executor-4] INFO  server.RaftServer$Division (RaftServerImpl.java:setRole(299)) - omNode-2@group-523986131536: changes role from  FOLLOWER to FOLLOWER at term 7 for candidate:omNode-3
2022-10-04 13:26:33,188 [grpc-default-executor-4] INFO  impl.RoleInfo (RoleInfo.java:shutdownFollowerState(110)) - omNode-2: shutdown omNode-2@group-523986131536-FollowerState
2022-10-04 13:26:33,189 [grpc-default-executor-4] INFO  impl.RoleInfo (RoleInfo.java:updateAndGet(139)) - omNode-2: start omNode-2@group-523986131536-FollowerState
2022-10-04 13:26:33,189 [omNode-2@group-523986131536-FollowerState] INFO  impl.FollowerState (FollowerState.java:run(152)) - omNode-2@group-523986131536-FollowerState was interrupted
2022-10-04 13:26:33,199 [grpc-default-executor-4] INFO  server.RaftServer$Division (RaftServerImpl.java:requestVote(1184)) - omNode-2@group-523986131536 replies to ELECTION vote request: omNode-3<-omNode-2#0:OK-t7. Peer's state: omNode-2@group-523986131536:t7, leader=null, voted=omNode-3, raftlog=omNode-2@group-523986131536-SegmentedRaftLog:OPENED:c56, conf=59: [omNode-3|rpc:localhost:35537|admin:|client:|dataStream:|priority:0, omNode-1|rpc:localhost:42223|admin:|client:|dataStream:|priority:0, omNode-2|rpc:localhost:33535|admin:|client:|dataStream:|priority:0], old=null
2022-10-04 13:26:33,201 [omNode-3@group-523986131536-LeaderElection18] INFO  impl.LeaderElection (LeaderElection.java:logAndReturn(90)) - omNode-3@group-523986131536-LeaderElection18: ELECTION PASSED received 1 response(s) and 1 exception(s):
2022-10-04 13:26:33,201 [omNode-3@group-523986131536-LeaderElection18] INFO  impl.LeaderElection (LeaderElection.java:logAndReturn(94)) -   Response 0: omNode-3<-omNode-2#0:OK-t7
2022-10-04 13:26:33,201 [omNode-3@group-523986131536-LeaderElection18] INFO  impl.LeaderElection (LogUtils.java:infoOrTrace(137)) -   Exception 1: java.util.concurrent.ExecutionException: org.apache.ratis.thirdparty.io.grpc.StatusRuntimeException: UNAVAILABLE: io exception
2022-10-04 13:26:33,201 [omNode-3@group-523986131536-LeaderElection18] INFO  impl.LeaderElection (LeaderElection.java:askForVotes(312)) - omNode-3@group-523986131536-LeaderElection18 ELECTION round 0: result PASSED
2022-10-04 13:26:33,201 [omNode-3@group-523986131536-LeaderElection18] INFO  impl.RoleInfo (RoleInfo.java:shutdownLeaderElection(130)) - omNode-3: shutdown omNode-3@group-523986131536-LeaderElection18
2022-10-04 13:26:33,201 [omNode-3@group-523986131536-LeaderElection18] INFO  server.RaftServer$Division (RaftServerImpl.java:setRole(299)) - omNode-3@group-523986131536: changes role from CANDIDATE to LEADER at term 7 for changeToLeader
2022-10-04 13:26:33,202 [omNode-3@group-523986131536-LeaderElection18] INFO  server.RaftServer$Division (ServerState.java:setLeader(287)) - omNode-3@group-523986131536: change Leader from null to omNode-3 at term 7 for becomeLeader, leader elected after 31ms
2022-10-04 13:26:33,202 [omNode-3@group-523986131536-LeaderElection18] INFO  server.RaftServerConfigKeys (ConfUtils.java:logGet(46)) - raft.server.staging.catchup.gap = 1000 (default)
2022-10-04 13:26:33,202 [omNode-3@group-523986131536-LeaderElection18] INFO  server.RaftServerConfigKeys (ConfUtils.java:logGet(46)) - raft.server.write.element-limit = 4096 (default)
2022-10-04 13:26:33,202 [omNode-3@group-523986131536-LeaderElection18] INFO  server.RaftServerConfigKeys (ConfUtils.java:logGet(46)) - raft.server.write.byte-limit = 64MB (=67108864) (default)
2022-10-04 13:26:33,203 [omNode-3@group-523986131536-LeaderElection18] INFO  server.RaftServerConfigKeys (ConfUtils.java:logGet(46)) - raft.server.watch.timeout = 10s (default)
2022-10-04 13:26:33,203 [omNode-3@group-523986131536-LeaderElection18] INFO  server.RaftServerConfigKeys (ConfUtils.java:logGet(46)) - raft.server.watch.timeout.denomination = 1s (default)
2022-10-04 13:26:33,203 [omNode-3@group-523986131536-LeaderElection18] INFO  server.RaftServerConfigKeys (ConfUtils.java:logGet(46)) - raft.server.watch.element-limit = 65536 (default)
2022-10-04 13:26:33,203 [omNode-3@group-523986131536-LeaderElection18] INFO  server.RaftServerConfigKeys (ConfUtils.java:logGet(46)) - raft.server.write.element-limit = 4096 (default)
2022-10-04 13:26:33,203 [omNode-3@group-523986131536-LeaderElection18] INFO  server.RaftServerConfigKeys (ConfUtils.java:logGet(46)) - raft.server.write.follower.gap.ratio.max = -1.0 (default)
2022-10-04 13:26:33,204 [omNode-3@group-523986131536-LeaderElection18] INFO  server.RaftServerConfigKeys (ConfUtils.java:logGet(46)) - raft.server.log.appender.snapshot.chunk.size.max = 16MB (=16777216) (default)
2022-10-04 13:26:33,204 [omNode-3@group-523986131536-LeaderElection18] INFO  server.RaftServerConfigKeys (ConfUtils.java:logGet(46)) - raft.server.log.appender.buffer.byte-limit = 33554432 (custom)
2022-10-04 13:26:33,204 [omNode-3@group-523986131536-LeaderElection18] INFO  server.RaftServerConfigKeys (ConfUtils.java:logGet(46)) - raft.server.log.appender.buffer.element-limit = 1024 (custom)
2022-10-04 13:26:33,204 [omNode-3@group-523986131536-LeaderElection18] INFO  grpc.GrpcConfigKeys (ConfUtils.java:logGet(46)) - raft.grpc.server.leader.outstanding.appends.max = 128 (default)
2022-10-04 13:26:33,204 [omNode-3@group-523986131536-LeaderElection18] INFO  server.RaftServerConfigKeys (ConfUtils.java:logGet(46)) - raft.server.rpc.request.timeout = 3000ms (default)
2022-10-04 13:26:33,204 [omNode-3@group-523986131536-LeaderElection18] INFO  server.RaftServerConfigKeys (ConfUtils.java:logGet(46)) - raft.server.log.appender.install.snapshot.enabled = false (custom)
2022-10-04 13:26:33,205 [omNode-3@group-523986131536-LeaderElection18] INFO  server.RaftServerConfigKeys (ConfUtils.java:logGet(46)) - raft.server.log.appender.snapshot.chunk.size.max = 16MB (=16777216) (default)
2022-10-04 13:26:33,205 [omNode-3@group-523986131536-LeaderElection18] INFO  server.RaftServerConfigKeys (ConfUtils.java:logGet(46)) - raft.server.log.appender.buffer.byte-limit = 33554432 (custom)
2022-10-04 13:26:33,205 [omNode-3@group-523986131536-LeaderElection18] INFO  server.RaftServerConfigKeys (ConfUtils.java:logGet(46)) - raft.server.log.appender.buffer.element-limit = 1024 (custom)
2022-10-04 13:26:33,205 [omNode-3@group-523986131536-LeaderElection18] INFO  grpc.GrpcConfigKeys (ConfUtils.java:logGet(46)) - raft.grpc.server.leader.outstanding.appends.max = 128 (default)
2022-10-04 13:26:33,206 [omNode-3@group-523986131536-LeaderElection18] INFO  server.RaftServerConfigKeys (ConfUtils.java:logGet(46)) - raft.server.rpc.request.timeout = 3000ms (default)
2022-10-04 13:26:33,206 [omNode-3@group-523986131536-LeaderElection18] INFO  server.RaftServerConfigKeys (ConfUtils.java:logGet(46)) - raft.server.log.appender.install.snapshot.enabled = false (custom)
2022-10-04 13:26:33,206 [omNode-3@group-523986131536-LeaderElection18] INFO  impl.RoleInfo (RoleInfo.java:updateAndGet(139)) - omNode-3: start omNode-3@group-523986131536-LeaderStateImpl
2022-10-04 13:26:33,206 [omNode-3@group-523986131536-LeaderElection18] INFO  segmented.SegmentedRaftLogWorker (SegmentedRaftLogWorker.java:rollLogSegment(430)) - omNode-3@group-523986131536-SegmentedRaftLogWorker: Rolling segment log-59_144 to index:144
2022-10-04 13:26:33,208 [omNode-3@group-523986131536-SegmentedRaftLogWorker] INFO  segmented.SegmentedRaftLogWorker (SegmentedRaftLogWorker.java:execute(586)) - omNode-3@group-523986131536-SegmentedRaftLogWorker: Rolled log segment from /home/runner/work/ozone/ozone/hadoop-ozone/integration-test/target/test-dir/MiniOzoneClusterImpl-6e9557d8-a31c-49e5-bba1-8bc95799a8b8/omNode-3/ratis/c9bc4cf4-3bc3-3c60-a66b-523986131536/current/log_inprogress_59 to /home/runner/work/ozone/ozone/hadoop-ozone/integration-test/target/test-dir/MiniOzoneClusterImpl-6e9557d8-a31c-49e5-bba1-8bc95799a8b8/omNode-3/ratis/c9bc4cf4-3bc3-3c60-a66b-523986131536/current/log_59-144
2022-10-04 13:26:33,215 [grpc-default-executor-4] WARN  server.GrpcLogAppender (LogUtils.java:warn(122)) - omNode-3@group-523986131536->omNode-1-AppendLogResponseHandler: Failed appendEntries: org.apache.ratis.thirdparty.io.grpc.StatusRuntimeException: UNAVAILABLE: io exception
2022-10-04 13:26:33,216 [grpc-default-executor-4] WARN  server.GrpcLogAppender (GrpcLogAppender.java:resetClient(111)) - omNode-3@group-523986131536->omNode-1-GrpcLogAppender: Leader has not got in touch with Follower omNode-3@group-523986131536->omNode-1(c-1,m0,n145, attendVote=true, lastRpcSendTime=1212, lastRpcResponseTime=1212) yet, just keep nextIndex unchanged and retry.
2022-10-04 13:26:33,219 [grpc-default-executor-4] WARN  server.GrpcLogAppender (LogUtils.java:warn(122)) - omNode-3@group-523986131536->omNode-1-AppendLogResponseHandler: Failed appendEntries: org.apache.ratis.thirdparty.io.grpc.StatusRuntimeException: UNAVAILABLE: io exception
2022-10-04 13:26:33,219 [grpc-default-executor-4] WARN  server.GrpcLogAppender (GrpcLogAppender.java:resetClient(111)) - omNode-3@group-523986131536->omNode-1-GrpcLogAppender: Leader has not got in touch with Follower omNode-3@group-523986131536->omNode-1(c-1,m0,n146, attendVote=true, lastRpcSendTime=1, lastRpcResponseTime=1216) yet, just keep nextIndex unchanged and retry.
2022-10-04 13:26:33,220 [omNode-3@group-523986131536-SegmentedRaftLogWorker] INFO  segmented.SegmentedRaftLogWorker (SegmentedRaftLogWorker.java:execute(629)) - omNode-3@group-523986131536-SegmentedRaftLogWorker: created new log segment /home/runner/work/ozone/ozone/hadoop-ozone/integration-test/target/test-dir/MiniOzoneClusterImpl-6e9557d8-a31c-49e5-bba1-8bc95799a8b8/omNode-3/ratis/c9bc4cf4-3bc3-3c60-a66b-523986131536/current/log_inprogress_145
2022-10-04 13:26:33,221 [omNode-3@group-523986131536-LeaderElection18] INFO  server.RaftServer$Division (ServerState.java:setRaftConf(393)) - omNode-3@group-523986131536: set configuration 145: [omNode-3|rpc:localhost:35537|admin:|client:|dataStream:|priority:0, omNode-1|rpc:localhost:42223|admin:|client:|dataStream:|priority:0, omNode-2|rpc:localhost:33535|admin:|client:|dataStream:|priority:0], old=null
2022-10-04 13:26:33,225 [omNode-2-server-thread1] INFO  server.RaftServer$Division (ServerState.java:setLeader(287)) - omNode-2@group-523986131536: change Leader from null to omNode-3 at term 7 for appendEntries, leader elected after 36ms
2022-10-04 13:26:33,225 [omNode-2-server-thread1] INFO  server.RaftServer$Division (RaftServerImpl.java:checkInconsistentAppendEntries(1402)) - omNode-2@group-523986131536: Failed appendEntries as snapshot (59) installation is in progress
2022-10-04 13:26:33,225 [omNode-2-server-thread1] INFO  server.RaftServer$Division (RaftServerImpl.java:checkInconsistentAppendEntries(1394)) - omNode-2@group-523986131536: inconsistency entries. Reply:omNode-3<-omNode-2#0:FAIL-t7,INCONSISTENCY,nextIndex=57,followerCommit=56
2022-10-04 13:26:33,226 [grpc-default-executor-1] INFO  leader.FollowerInfo (FollowerInfoImpl.java:lambda$new$0(48)) - omNode-3@group-523986131536->omNode-2: nextIndex: updateUnconditionally 146 -> 57
2022-10-04 13:26:33,226 [omNode-2-server-thread1] INFO  server.RaftServer$Division (RaftServerImpl.java:checkInconsistentAppendEntries(1402)) - omNode-2@group-523986131536: Failed appendEntries as snapshot (59) installation is in progress
2022-10-04 13:26:33,226 [omNode-2-server-thread1] INFO  server.RaftServer$Division (RaftServerImpl.java:checkInconsistentAppendEntries(1394)) - omNode-2@group-523986131536: inconsistency entries. Reply:omNode-3<-omNode-2#1:FAIL-t7,INCONSISTENCY,nextIndex=57,followerCommit=56
2022-10-04 13:26:33,227 [grpc-default-executor-4] INFO  leader.FollowerInfo (FollowerInfoImpl.java:lambda$new$0(48)) - omNode-3@group-523986131536->omNode-2: nextIndex: updateUnconditionally 57 -> 57
2022-10-04 13:26:33,228 [omNode-3@group-523986131536->omNode-2-GrpcLogAppender-LogAppenderDaemon] INFO  server.GrpcLogAppender (GrpcLogAppender.java:installSnapshot(541)) - omNode-3@group-523986131536->omNode-2-GrpcLogAppender: followerNextIndex = 57 but logStartIndex = 59, notify follower to install snapshot-(t:6, i:59)
2022-10-04 13:26:33,228 [omNode-3@group-523986131536->omNode-2-GrpcLogAppender-LogAppenderDaemon] INFO  server.GrpcLogAppender (GrpcLogAppender.java:installSnapshot(549)) - omNode-3@group-523986131536->omNode-2-GrpcLogAppender: send omNode-3->omNode-2#0-t7,notify:(t:6, i:59)
2022-10-04 13:26:33,230 [grpc-default-executor-4] INFO  impl.SnapshotInstallationHandler (SnapshotInstallationHandler.java:installSnapshot(84)) - omNode-2@group-523986131536: receive installSnapshot: omNode-3->omNode-2#0-t7,notify:(t:6, i:59)
2022-10-04 13:26:33,232 [grpc-default-executor-4] INFO  ratis.OzoneManagerStateMachine (OzoneManagerStateMachine.java:pause(389)) - OzoneManagerStateMachine is pausing
2022-10-04 13:26:33,232 [grpc-default-executor-4] INFO  ratis.OzoneManagerDoubleBuffer (OzoneManagerDoubleBuffer.java:stop(466)) - Stopping OMDoubleBuffer flush thread
2022-10-04 13:26:33,232 [OMDoubleBufferFlushThread] INFO  ratis.OzoneManagerDoubleBuffer (OzoneManagerDoubleBuffer.java:flushTransactions(385)) - OMDoubleBuffer flush thread OMDoubleBufferFlushThread is interrupted and will exit.
2022-10-04 13:26:33,232 [grpc-default-executor-4] INFO  segmented.SegmentedRaftLogWorker (SegmentedRaftLogWorker.java:lambda$new$0(135)) - omNode-2@group-523986131536-SegmentedRaftLogWorker: flushIndex: setUnconditionally 56 -> 129
2022-10-04 13:26:33,233 [grpc-default-executor-4] INFO  segmented.SegmentedRaftLogWorker (SegmentedRaftLogWorker.java:lambda$new$0(135)) - omNode-2@group-523986131536-SegmentedRaftLogWorker: safeCacheEvictIndex: setUnconditionally -1 -> 129
2022-10-04 13:26:33,233 [grpc-default-executor-4] INFO  segmented.SegmentedRaftLogWorker (SegmentedRaftLogWorker.java:closeLogSegment(446)) - omNode-2@group-523986131536-SegmentedRaftLogWorker: Closing segment log_inprogress_31 to index: 56
2022-10-04 13:26:33,234 [omNode-2@group-523986131536-SegmentedRaftLogWorker] INFO  segmented.SegmentedRaftLogWorker (SegmentedRaftLogWorker.java:execute(586)) - omNode-2@group-523986131536-SegmentedRaftLogWorker: Rolled log segment from /home/runner/work/ozone/ozone/hadoop-ozone/integration-test/target/test-dir/MiniOzoneClusterImpl-6e9557d8-a31c-49e5-bba1-8bc95799a8b8/omNode-2/ratis/c9bc4cf4-3bc3-3c60-a66b-523986131536/current/log_inprogress_31 to /home/runner/work/ozone/ozone/hadoop-ozone/integration-test/target/test-dir/MiniOzoneClusterImpl-6e9557d8-a31c-49e5-bba1-8bc95799a8b8/omNode-2/ratis/c9bc4cf4-3bc3-3c60-a66b-523986131536/current/log_31-56
2022-10-04 13:26:33,234 [grpc-default-executor-4] INFO  raftlog.RaftLog (RaftLogBase.java:lambda$new$0(53)) - omNode-2@group-523986131536-SegmentedRaftLog: snapshotIndex: updateIncreasingly 56 -> 129
2022-10-04 13:26:33,234 [grpc-default-executor-4] INFO  impl.SnapshotInstallationHandler (SnapshotInstallationHandler.java:notifyStateMachineToInstallSnapshot(314)) - omNode-2@group-523986131536: InstallSnapshot notification result: SNAPSHOT_INSTALLED, at index: (t:6, i:129)
2022-10-04 13:26:33,234 [grpc-default-executor-4] INFO  impl.SnapshotInstallationHandler (SnapshotInstallationHandler.java:installSnapshotImpl(129)) - omNode-2@group-523986131536: set new configuration index: 145
configurationEntry {
  peers {
    id: "omNode-3"
    address: "localhost:35537"
  }
  peers {
    id: "omNode-1"
    address: "localhost:42223"
  }
  peers {
    id: "omNode-2"
    address: "localhost:33535"
  }
}
 from snapshot
2022-10-04 13:26:33,235 [grpc-default-executor-4] INFO  server.RaftServer$Division (ServerState.java:setRaftConf(393)) - omNode-2@group-523986131536: set configuration 145: [omNode-3|rpc:localhost:35537|admin:|client:|dataStream:|priority:0, omNode-1|rpc:localhost:42223|admin:|client:|dataStream:|priority:0, omNode-2|rpc:localhost:33535|admin:|client:|dataStream:|priority:0], old=null
2022-10-04 13:26:33,235 [grpc-default-executor-4] INFO  ratis.OzoneManagerStateMachine (OzoneManagerStateMachine.java:notifyConfigurationChanged(192)) - Received Configuration change notification from Ratis. New Peer list:
[id: "omNode-3"
address: "localhost:35537"
, id: "omNode-1"
address: "localhost:42223"
, id: "omNode-2"
address: "localhost:33535"
]
2022-10-04 13:26:33,235 [grpc-default-executor-4] INFO  impl.SnapshotInstallationHandler (SnapshotInstallationHandler.java:installSnapshot(95)) - omNode-2@group-523986131536: reply installSnapshot: omNode-3<-omNode-2#0:FAIL-t7,SNAPSHOT_INSTALLED,snapshotIndex=129
2022-10-04 13:26:33,235 [grpc-default-executor-4] INFO  server.GrpcLogAppender (GrpcLogAppender.java:onNext(403)) - omNode-3@group-523986131536->omNode-2-InstallSnapshotResponseHandler: received a reply omNode-3<-omNode-2#0:FAIL-t7,SNAPSHOT_INSTALLED,snapshotIndex=129
2022-10-04 13:26:33,235 [grpc-default-executor-4] INFO  server.GrpcLogAppender (GrpcLogAppender.java:onNext(443)) - omNode-3@group-523986131536->omNode-2-InstallSnapshotResponseHandler: Follower installed snapshot at index 129
2022-10-04 13:26:33,235 [grpc-default-executor-4] INFO  leader.FollowerInfo (FollowerInfoImpl.java:lambda$new$0(48)) - omNode-3@group-523986131536->omNode-2: snapshotIndex: setUnconditionally 0 -> 129
2022-10-04 13:26:33,236 [grpc-default-executor-4] INFO  leader.FollowerInfo (FollowerInfoImpl.java:lambda$new$0(48)) - omNode-3@group-523986131536->omNode-2: matchIndex: setUnconditionally 0 -> 129
2022-10-04 13:26:33,236 [grpc-default-executor-4] INFO  leader.FollowerInfo (FollowerInfoImpl.java:lambda$new$0(48)) - omNode-3@group-523986131536->omNode-2: nextIndex: setUnconditionally 57 -> 130
2022-10-04 13:26:33,236 [grpc-default-executor-4] INFO  leader.FollowerInfo (FollowerInfoImpl.java:setAttemptedToInstallSnapshot(118)) - Follower omNode-3@group-523986131536->omNode-2 acknowledged installing snapshot
2022-10-04 13:26:33,236 [grpc-default-executor-4] INFO  leader.FollowerInfo (FollowerInfoImpl.java:lambda$new$0(48)) - omNode-3@group-523986131536->omNode-2: nextIndex: updateToMax old=130, new=130, updated? false
2022-10-04 13:26:33,236 [omNode-2@group-523986131536-StateMachineUpdater] INFO  ratis.OzoneManagerStateMachine (OzoneManagerStateMachine.java:loadSnapshotInfoFromDB(632)) - LastAppliedIndex is set from TransactionInfo from OM DB as (t:6, i:129)
2022-10-04 13:26:33,237 [omNode-2@group-523986131536-StateMachineUpdater] INFO  ratis.OzoneManagerStateMachine (OzoneManagerStateMachine.java:unpause(406)) - OzoneManagerStateMachine is un-pausing
2022-10-04 13:26:33,236 [grpc-default-executor-1] WARN  server.GrpcServerProtocolService (LogUtils.java:warn(122)) - omNode-2: installSnapshot onError, lastRequest: omNode-3->omNode-2#0-t7,notify:(t:6, i:59): org.apache.ratis.thirdparty.io.grpc.StatusRuntimeException: CANCELLED: client cancelled
2022-10-04 13:26:33,237 [grpc-default-executor-4] WARN  server.GrpcLogAppender (LogUtils.java:warn(122)) - omNode-3@group-523986131536->omNode-2-InstallSnapshotResponseHandler: Failed InstallSnapshot: org.apache.ratis.thirdparty.io.grpc.StatusRuntimeException: CANCELLED: Failed to read message.
2022-10-04 13:26:33,237 [grpc-default-executor-4] INFO  leader.FollowerInfo (FollowerInfoImpl.java:lambda$new$0(48)) - omNode-3@group-523986131536->omNode-2: nextIndex: updateUnconditionally 130 -> 129
2022-10-04 13:26:33,238 [omNode-2-server-thread1] INFO  server.RaftServer$Division (RaftServerImpl.java:checkInconsistentAppendEntries(1424)) - omNode-2@group-523986131536: Failed appendEntries as previous log entry ((t:6, i:128)) is not found
2022-10-04 13:26:33,238 [omNode-2-server-thread1] INFO  server.RaftServer$Division (RaftServerImpl.java:checkInconsistentAppendEntries(1394)) - omNode-2@group-523986131536: inconsistency entries. Reply:omNode-3<-omNode-2#2:FAIL-t7,INCONSISTENCY,nextIndex=128,followerCommit=129
2022-10-04 13:26:33,239 [grpc-default-executor-4] INFO  leader.FollowerInfo (FollowerInfoImpl.java:lambda$new$0(48)) - omNode-3@group-523986131536->omNode-2: nextIndex: updateUnconditionally 129 -> 128
2022-10-04 13:26:33,240 [omNode-2-server-thread1] INFO  server.RaftServer$Division (RaftServerImpl.java:checkInconsistentAppendEntries(1414)) - omNode-2@group-523986131536: Failed appendEntries as the first entry (index 128) already exists (snapshotIndex: 129, commitIndex: 129)
2022-10-04 13:26:33,240 [omNode-2-server-thread1] INFO  server.RaftServer$Division (RaftServerImpl.java:checkInconsistentAppendEntries(1394)) - omNode-2@group-523986131536: inconsistency entries. Reply:omNode-3<-omNode-2#3:FAIL-t7,INCONSISTENCY,nextIndex=130,followerCommit=129
2022-10-04 13:26:33,240 [grpc-default-executor-4] INFO  leader.FollowerInfo (FollowerInfoImpl.java:lambda$new$0(48)) - omNode-3@group-523986131536->omNode-2: nextIndex: updateUnconditionally 146 -> 130
2022-10-04 13:26:33,241 [omNode-2-server-thread1] INFO  server.RaftServer$Division (ServerState.java:setRaftConf(393)) - omNode-2@group-523986131536: set configuration 145: [omNode-3|rpc:localhost:35537|admin:|client:|dataStream:|priority:0, omNode-1|rpc:localhost:42223|admin:|client:|dataStream:|priority:0, omNode-2|rpc:localhost:33535|admin:|client:|dataStream:|priority:0], old=null
2022-10-04 13:26:33,241 [omNode-2-server-thread1] INFO  segmented.SegmentedRaftLogWorker (SegmentedRaftLogWorker.java:startLogSegment(425)) - omNode-2@group-523986131536-SegmentedRaftLogWorker: Starting segment from index:130
2022-10-04 13:26:33,242 [omNode-2@group-523986131536-StateMachineUpdater] INFO  impl.StateMachineUpdater (StateMachineUpdater.java:lambda$new$0(92)) - omNode-2@group-523986131536-StateMachineUpdater: snapshotIndex: setUnconditionally 56 -> 129
2022-10-04 13:26:33,242 [omNode-2@group-523986131536-StateMachineUpdater] INFO  impl.StateMachineUpdater (StateMachineUpdater.java:lambda$new$0(92)) - omNode-2@group-523986131536-StateMachineUpdater: appliedIndex: setUnconditionally 56 -> 129
2022-10-04 13:26:33,242 [omNode-2-server-thread1] INFO  segmented.SegmentedRaftLogWorker (SegmentedRaftLogWorker.java:rollLogSegment(430)) - omNode-2@group-523986131536-SegmentedRaftLogWorker: Rolling segment log-130_144 to index:144
2022-10-04 13:26:33,259 [omNode-2@group-523986131536-SegmentedRaftLogWorker] INFO  segmented.SegmentedRaftLogWorker (SegmentedRaftLogWorker.java:execute(629)) - omNode-2@group-523986131536-SegmentedRaftLogWorker: created new log segment /home/runner/work/ozone/ozone/hadoop-ozone/integration-test/target/test-dir/MiniOzoneClusterImpl-6e9557d8-a31c-49e5-bba1-8bc95799a8b8/omNode-2/ratis/c9bc4cf4-3bc3-3c60-a66b-523986131536/current/log_inprogress_130
2022-10-04 13:26:33,262 [omNode-2@group-523986131536-SegmentedRaftLogWorker] INFO  segmented.SegmentedRaftLogWorker (SegmentedRaftLogWorker.java:execute(586)) - omNode-2@group-523986131536-SegmentedRaftLogWorker: Rolled log segment from /home/runner/work/ozone/ozone/hadoop-ozone/integration-test/target/test-dir/MiniOzoneClusterImpl-6e9557d8-a31c-49e5-bba1-8bc95799a8b8/omNode-2/ratis/c9bc4cf4-3bc3-3c60-a66b-523986131536/current/log_inprogress_130 to /home/runner/work/ozone/ozone/hadoop-ozone/integration-test/target/test-dir/MiniOzoneClusterImpl-6e9557d8-a31c-49e5-bba1-8bc95799a8b8/omNode-2/ratis/c9bc4cf4-3bc3-3c60-a66b-523986131536/current/log_130-144
2022-10-04 13:26:33,274 [omNode-2@group-523986131536-SegmentedRaftLogWorker] INFO  segmented.SegmentedRaftLogWorker (SegmentedRaftLogWorker.java:execute(629)) - omNode-2@group-523986131536-SegmentedRaftLogWorker: created new log segment /home/runner/work/ozone/ozone/hadoop-ozone/integration-test/target/test-dir/MiniOzoneClusterImpl-6e9557d8-a31c-49e5-bba1-8bc95799a8b8/omNode-2/ratis/c9bc4cf4-3bc3-3c60-a66b-523986131536/current/log_inprogress_145
2022-10-04 13:26:33,298 [omNode-3@group-523986131536-StateMachineUpdater] INFO  ratis.OzoneManagerStateMachine (OzoneManagerStateMachine.java:notifyConfigurationChanged(192)) - Received Configuration change notification from Ratis. New Peer list:
[id: "omNode-3"
address: "localhost:35537"
, id: "omNode-1"
address: "localhost:42223"
, id: "omNode-2"
address: "localhost:33535"
]
2022-10-04 13:26:33,310 [grpc-default-executor-4] WARN  server.GrpcLogAppender (LogUtils.java:warn(122)) - omNode-3@group-523986131536->omNode-1-AppendLogResponseHandler: Failed appendEntries: org.apache.ratis.thirdparty.io.grpc.StatusRuntimeException: UNAVAILABLE: io exception
2022-10-04 13:26:33,311 [grpc-default-executor-4] WARN  server.GrpcLogAppender (GrpcLogAppender.java:resetClient(111)) - omNode-3@group-523986131536->omNode-1-GrpcLogAppender: Leader has not got in touch with Follower omNode-3@group-523986131536->omNode-1(c-1,m0,n147, attendVote=true, lastRpcSendTime=90, lastRpcResponseTime=1307) yet, just keep nextIndex unchanged and retry.
2022-10-04 13:26:33,316 [OM StateMachine ApplyTransaction Thread - 0] ERROR key.OMKeysDeleteRequest (OMKeysDeleteRequest.java:validateAndUpdateCache(146)) - Received a request to delete a Key does not exist /volume89536/a4fbc2d6-b132-417d-8ff6-e3b1a8a21867/dir/file3
2022-10-04 13:26:33,346 [omNode-2@group-523986131536-StateMachineUpdater] INFO  ratis.OzoneManagerStateMachine (OzoneManagerStateMachine.java:notifyConfigurationChanged(192)) - Received Configuration change notification from Ratis. New Peer list:
[id: "omNode-3"
address: "localhost:35537"
, id: "omNode-1"
address: "localhost:42223"
, id: "omNode-2"
address: "localhost:33535"
]
2022-10-04 13:26:33,469 [grpc-default-executor-4] WARN  server.GrpcLogAppender (LogUtils.java:warn(122)) - omNode-3@group-523986131536->omNode-1-AppendLogResponseHandler: Failed appendEntries: org.apache.ratis.thirdparty.io.grpc.StatusRuntimeException: UNAVAILABLE: io exception
2022-10-04 13:26:33,469 [grpc-default-executor-4] WARN  server.GrpcLogAppender (GrpcLogAppender.java:resetClient(111)) - omNode-3@group-523986131536->omNode-1-GrpcLogAppender: Leader has not got in touch with Follower omNode-3@group-523986131536->omNode-1(c-1,m0,n147, attendVote=true, lastRpcSendTime=153, lastRpcResponseTime=1466) yet, just keep nextIndex unchanged and retry.
2022-10-04 13:26:33,721 [grpc-default-executor-4] WARN  server.GrpcLogAppender (LogUtils.java:warn(122)) - omNode-3@group-523986131536->omNode-1-AppendLogResponseHandler: Failed appendEntries: org.apache.ratis.thirdparty.io.grpc.StatusRuntimeException: UNAVAILABLE: io exception
2022-10-04 13:26:33,722 [grpc-default-executor-4] WARN  server.GrpcLogAppender (GrpcLogAppender.java:resetClient(111)) - omNode-3@group-523986131536->omNode-1-GrpcLogAppender: Leader has not got in touch with Follower omNode-3@group-523986131536->omNode-1(c-1,m0,n147, attendVote=true, lastRpcSendTime=251, lastRpcResponseTime=1719) yet, just keep nextIndex unchanged and retry.
2022-10-04 13:26:33,974 [grpc-default-executor-1] WARN  server.GrpcLogAppender (LogUtils.java:warn(122)) - omNode-3@group-523986131536->omNode-1-AppendLogResponseHandler: Failed appendEntries: org.apache.ratis.thirdparty.io.grpc.StatusRuntimeException: UNAVAILABLE: io exception
2022-10-04 13:26:33,975 [grpc-default-executor-1] WARN  server.GrpcLogAppender (GrpcLogAppender.java:resetClient(111)) - omNode-3@group-523986131536->omNode-1-GrpcLogAppender: Leader has not got in touch with Follower omNode-3@group-523986131536->omNode-1(c-1,m0,n147, attendVote=true, lastRpcSendTime=251, lastRpcResponseTime=1972) yet, just keep nextIndex unchanged and retry.
2022-10-04 13:26:34,243 [grpc-default-executor-1] WARN  server.GrpcLogAppender (LogUtils.java:warn(122)) - omNode-3@group-523986131536->omNode-1-AppendLogResponseHandler: Failed appendEntries: org.apache.ratis.thirdparty.io.grpc.StatusRuntimeException: UNAVAILABLE: io exception
2022-10-04 13:26:34,244 [grpc-default-executor-1] WARN  server.GrpcLogAppender (GrpcLogAppender.java:resetClient(111)) - omNode-3@group-523986131536->omNode-1-GrpcLogAppender: Leader has not got in touch with Follower omNode-3@group-523986131536->omNode-1(c-1,m0,n147, attendVote=true, lastRpcSendTime=2, lastRpcResponseTime=2240) yet, just keep nextIndex unchanged and retry.
2022-10-04 13:26:34,492 [grpc-default-executor-1] WARN  server.GrpcLogAppender (LogUtils.java:warn(122)) - omNode-3@group-523986131536->omNode-1-AppendLogResponseHandler: Failed appendEntries: org.apache.ratis.thirdparty.io.grpc.StatusRuntimeException: UNAVAILABLE: io exception
2022-10-04 13:26:34,493 [grpc-default-executor-1] WARN  server.GrpcLogAppender (GrpcLogAppender.java:resetClient(111)) - omNode-3@group-523986131536->omNode-1-GrpcLogAppender: Leader has not got in touch with Follower omNode-3@group-523986131536->omNode-1(c-1,m0,n147, attendVote=true, lastRpcSendTime=0, lastRpcResponseTime=2489) yet, just keep nextIndex unchanged and retry.
2022-10-04 13:26:34,743 [grpc-default-executor-1] WARN  server.GrpcLogAppender (LogUtils.java:warn(122)) - omNode-3@group-523986131536->omNode-1-AppendLogResponseHandler: Failed appendEntries: org.apache.ratis.thirdparty.io.grpc.StatusRuntimeException: UNAVAILABLE: io exception
2022-10-04 13:26:34,743 [grpc-default-executor-1] WARN  server.GrpcLogAppender (GrpcLogAppender.java:resetClient(111)) - omNode-3@group-523986131536->omNode-1-GrpcLogAppender: Leader has not got in touch with Follower omNode-3@group-523986131536->omNode-1(c-1,m0,n147, attendVote=true, lastRpcSendTime=0, lastRpcResponseTime=2740) yet, just keep nextIndex unchanged and retry.
2022-10-04 13:26:34,860 [ForkJoinPool.commonPool-worker-1] WARN  grpc.GrpcUtil (GrpcUtil.java:shutdownManagedChannel(216)) - Timed out gracefully shutting down connection: ManagedChannelOrphanWrapper{delegate=ManagedChannelImpl{logId=362, target=localhost:33535}}. 
2022-10-04 13:26:34,865 [grpc-default-executor-1] INFO  server.GrpcLogAppender (GrpcLogAppender.java:onError(328)) - omNode-1@group-523986131536->omNode-2-GrpcLogAppender is stopped
2022-10-04 13:26:34,866 [grpc-default-executor-4] WARN  server.GrpcServerProtocolService (LogUtils.java:warn(122)) - omNode-2: installSnapshot onError, lastRequest: omNode-1->omNode-2#1-t6,previous=(t:5, i:58),leaderCommit=58,initializing? true,entries: size=1, first=(t:6, i:59), CONFIGURATIONENTRY: org.apache.ratis.thirdparty.io.grpc.StatusRuntimeException: CANCELLED: client cancelled
2022-10-04 13:26:34,876 [Listener at localhost/45931] INFO  server.GrpcService (GrpcService.java:closeImpl(278)) - omNode-1: shutdown server with port 42223 successfully
2022-10-04 13:26:34,876 [org.apache.ratis.util.JvmPauseMonitor$$Lambda$699/75026084@41b3df57] INFO  util.JvmPauseMonitor (JvmPauseMonitor.java:run(109)) - JvmPauseMonitor-omNode-1: Stopped
2022-10-04 13:26:34,876 [Listener at localhost/45931] INFO  ratis.OzoneManagerStateMachine (OzoneManagerStateMachine.java:close(495)) - StateMachine has shutdown. Shutdown OzoneManager if not already shutdown.
2022-10-04 13:26:34,877 [Listener at localhost/45931] INFO  ratis.OzoneManagerDoubleBuffer (OzoneManagerDoubleBuffer.java:stop(478)) - OMDoubleBuffer flush thread is not running.
2022-10-04 13:26:34,877 [Listener at localhost/45931] INFO  handler.ContextHandler (ContextHandler.java:doStop(1153)) - Stopped o.e.j.w.WebAppContext@220fe995{ozoneManager,/,null,STOPPED}{file:/home/runner/work/ozone/ozone/hadoop-ozone/integration-test/target/test-classes/webapps/ozoneManager}
2022-10-04 13:26:34,880 [Listener at localhost/45931] INFO  server.AbstractConnector (AbstractConnector.java:doStop(381)) - Stopped ServerConnector@3608185d{HTTP/1.1, (http/1.1)}{0.0.0.0:43603}
2022-10-04 13:26:34,881 [Listener at localhost/45931] INFO  server.session (HouseKeeper.java:stopScavenging(149)) - node0 Stopped scavenging
2022-10-04 13:26:34,882 [Listener at localhost/45931] INFO  handler.ContextHandler (ContextHandler.java:doStop(1153)) - Stopped o.e.j.s.ServletContextHandler@5fe49355{static,/static,file:///home/runner/work/ozone/ozone/hadoop-ozone/integration-test/target/test-classes/webapps/static,STOPPED}
2022-10-04 13:26:34,882 [Listener at localhost/45931] INFO  handler.ContextHandler (ContextHandler.java:doStop(1153)) - Stopped o.e.j.s.ServletContextHandler@1c93a6b6{logs,/logs,file:///home/runner/work/ozone/ozone/hadoop-ozone/integration-test/target/log,STOPPED}
2022-10-04 13:26:34,898 [Listener at localhost/45931] INFO  om.OzoneManager (OzoneManager.java:stop(2036)) - omNode-2[localhost:45931]: Stopping Ozone Manager
2022-10-04 13:26:34,905 [Listener at localhost/45931] INFO  ipc.Server (Server.java:stop(3414)) - Stopping server on 45931
2022-10-04 13:26:34,908 [IPC Server listener on 45931] INFO  ipc.Server (Server.java:run(1376)) - Stopping IPC Server listener on 45931
2022-10-04 13:26:34,909 [IPC Server Responder] INFO  ipc.Server (Server.java:run(1512)) - Stopping IPC Server Responder
2022-10-04 13:26:34,911 [Listener at localhost/45931] INFO  server.RaftServer (RaftServerProxy.java:lambda$close$7(398)) - omNode-2: close
2022-10-04 13:26:34,911 [Listener at localhost/45931] INFO  server.RaftServer$Division (RaftServerImpl.java:lambda$close$4(434)) - omNode-2@group-523986131536: shutdown
2022-10-04 13:26:34,911 [Listener at localhost/45931] INFO  util.JmxRegister (JmxRegister.java:unregister(73)) - Successfully un-registered JMX Bean with object name Ratis:service=RaftServer,group=group-523986131536,id=omNode-2
2022-10-04 13:26:34,911 [Listener at localhost/45931] INFO  impl.RoleInfo (RoleInfo.java:shutdownFollowerState(110)) - omNode-2: shutdown omNode-2@group-523986131536-FollowerState
2022-10-04 13:26:34,912 [omNode-2@group-523986131536-FollowerState] INFO  impl.FollowerState (FollowerState.java:run(152)) - omNode-2@group-523986131536-FollowerState was interrupted
2022-10-04 13:26:34,912 [omNode-2@group-523986131536-StateMachineUpdater] INFO  ratis.OzoneManagerStateMachine (OzoneManagerStateMachine.java:takeSnapshot(441)) - Current Snapshot Index (t:7, i:146)
2022-10-04 13:26:34,912 [omNode-2@group-523986131536-StateMachineUpdater] INFO  impl.StateMachineUpdater (StateMachineUpdater.java:takeSnapshot(287)) - omNode-2@group-523986131536-StateMachineUpdater: Took a snapshot at index 146
2022-10-04 13:26:34,912 [omNode-2@group-523986131536-StateMachineUpdater] INFO  impl.StateMachineUpdater (StateMachineUpdater.java:lambda$new$0(92)) - omNode-2@group-523986131536-StateMachineUpdater: snapshotIndex: updateIncreasingly 129 -> 146
2022-10-04 13:26:34,912 [omNode-2@group-523986131536-StateMachineUpdater] INFO  raftlog.RaftLog (RaftLogBase.java:purge(308)) - omNode-2@group-523986131536-SegmentedRaftLog: purge 146
2022-10-04 13:26:34,912 [omNode-2@group-523986131536-StateMachineUpdater] INFO  raftlog.RaftLog (RaftLogBase.java:lambda$new$0(53)) - omNode-2@group-523986131536-SegmentedRaftLog: snapshotIndex: updateIncreasingly 129 -> 146
2022-10-04 13:26:34,913 [omNode-2@group-523986131536-StateMachineUpdater] INFO  ratis.OzoneManagerStateMachine (OzoneManagerStateMachine.java:close(495)) - StateMachine has shutdown. Shutdown OzoneManager if not already shutdown.
2022-10-04 13:26:34,913 [omNode-2@group-523986131536-StateMachineUpdater] INFO  ratis.OzoneManagerDoubleBuffer (OzoneManagerDoubleBuffer.java:stop(466)) - Stopping OMDoubleBuffer flush thread
2022-10-04 13:26:34,913 [omNode-2@group-523986131536-SegmentedRaftLogWorker] INFO  raftlog.RaftLog (RaftLogBase.java:lambda$new$0(53)) - omNode-2@group-523986131536-SegmentedRaftLog: purgeIndex: updateToMax old=30, new=144, updated? true
2022-10-04 13:26:34,913 [OMDoubleBufferFlushThread] INFO  ratis.OzoneManagerDoubleBuffer (OzoneManagerDoubleBuffer.java:flushTransactions(385)) - OMDoubleBuffer flush thread OMDoubleBufferFlushThread is interrupted and will exit.
2022-10-04 13:26:34,913 [Listener at localhost/45931] INFO  impl.StateMachineUpdater (StateMachineUpdater.java:stopAndJoin(153)) - omNode-2@group-523986131536-StateMachineUpdater: set stopIndex = 146
2022-10-04 13:26:34,914 [Listener at localhost/45931] INFO  server.RaftServer$Division (ServerState.java:close(429)) - omNode-2@group-523986131536: closes. applyIndex: 146
2022-10-04 13:26:34,914 [omNode-2@group-523986131536-SegmentedRaftLogWorker] INFO  segmented.SegmentedRaftLogWorker (SegmentedRaftLogWorker.java:run(336)) - omNode-2@group-523986131536-SegmentedRaftLogWorker was interrupted, exiting. There are 0 tasks remaining in the queue.
2022-10-04 13:26:34,916 [Listener at localhost/45931] INFO  segmented.SegmentedRaftLogWorker (SegmentedRaftLogWorker.java:close(246)) - omNode-2@group-523986131536-SegmentedRaftLogWorker close()
2022-10-04 13:26:34,920 [Listener at localhost/45931] INFO  server.GrpcService (GrpcService.java:closeImpl(269)) - omNode-2: shutdown server with port 33535 now
2022-10-04 13:26:34,923 [grpc-default-executor-1] WARN  server.GrpcLogAppender (LogUtils.java:warn(122)) - omNode-3@group-523986131536->omNode-2-AppendLogResponseHandler: Failed appendEntries: org.apache.ratis.thirdparty.io.grpc.StatusRuntimeException: CANCELLED: RST_STREAM closed stream. HTTP/2 error code: CANCEL
2022-10-04 13:26:34,923 [grpc-default-executor-1] INFO  leader.FollowerInfo (FollowerInfoImpl.java:lambda$new$0(48)) - omNode-3@group-523986131536->omNode-2: nextIndex: updateUnconditionally 147 -> 146
2022-10-04 13:26:34,923 [grpc-default-executor-5] WARN  server.GrpcLogAppender (LogUtils.java:warn(122)) - omNode-3@group-523986131536->omNode-2-AppendLogResponseHandler: Failed appendEntries: org.apache.ratis.thirdparty.io.grpc.StatusRuntimeException: CANCELLED: RST_STREAM closed stream. HTTP/2 error code: CANCEL
2022-10-04 13:26:34,923 [grpc-default-executor-5] INFO  leader.FollowerInfo (FollowerInfoImpl.java:lambda$new$0(48)) - omNode-3@group-523986131536->omNode-2: nextIndex: updateUnconditionally 146 -> 145
2022-10-04 13:26:34,923 [grpc-default-executor-3] WARN  server.GrpcServerProtocolService (LogUtils.java:warn(122)) - omNode-2: installSnapshot onError, lastRequest: omNode-3->omNode-2#9-t7,previous=(t:7, i:145),leaderCommit=145,initializing? true,entries: size=1, first=(t:7, i:146), METADATAENTRY(c:145): org.apache.ratis.thirdparty.io.grpc.StatusRuntimeException: CANCELLED: client cancelled
2022-10-04 13:26:34,923 [grpc-default-executor-4] WARN  server.GrpcServerProtocolService (LogUtils.java:warn(122)) - omNode-2: installSnapshot onError, lastRequest: omNode-3->omNode-2#1-t7,previous=(t:6, i:144),leaderCommit=143,initializing? true,entries: size=1, first=(t:7, i:145), CONFIGURATIONENTRY: org.apache.ratis.thirdparty.io.grpc.StatusRuntimeException: CANCELLED: client cancelled
2022-10-04 13:26:34,926 [Listener at localhost/45931] INFO  server.GrpcService (GrpcService.java:closeImpl(278)) - omNode-2: shutdown server with port 33535 successfully
2022-10-04 13:26:34,927 [org.apache.ratis.util.JvmPauseMonitor$$Lambda$699/75026084@6a4b9305] INFO  util.JvmPauseMonitor (JvmPauseMonitor.java:run(109)) - JvmPauseMonitor-omNode-2: Stopped
2022-10-04 13:26:34,927 [Listener at localhost/45931] INFO  ratis.OzoneManagerStateMachine (OzoneManagerStateMachine.java:close(495)) - StateMachine has shutdown. Shutdown OzoneManager if not already shutdown.
2022-10-04 13:26:34,927 [Listener at localhost/45931] INFO  ratis.OzoneManagerDoubleBuffer (OzoneManagerDoubleBuffer.java:stop(478)) - OMDoubleBuffer flush thread is not running.
2022-10-04 13:26:34,927 [Listener at localhost/45931] INFO  utils.BackgroundService (BackgroundService.java:shutdown(141)) - Shutting down service KeyDeletingService
2022-10-04 13:26:34,928 [Listener at localhost/45931] INFO  utils.BackgroundService (BackgroundService.java:shutdown(141)) - Shutting down service DirectoryDeletingService
2022-10-04 13:26:34,929 [Listener at localhost/45931] INFO  utils.BackgroundService (BackgroundService.java:shutdown(141)) - Shutting down service OpenKeyCleanupService
2022-10-04 13:26:34,930 [Listener at localhost/45931] INFO  handler.ContextHandler (ContextHandler.java:doStop(1153)) - Stopped o.e.j.w.WebAppContext@7f182c24{ozoneManager,/,null,STOPPED}{file:/home/runner/work/ozone/ozone/hadoop-ozone/integration-test/target/test-classes/webapps/ozoneManager}
2022-10-04 13:26:34,933 [Listener at localhost/45931] INFO  server.AbstractConnector (AbstractConnector.java:doStop(381)) - Stopped ServerConnector@97231d1{HTTP/1.1, (http/1.1)}{0.0.0.0:44809}
2022-10-04 13:26:34,933 [Listener at localhost/45931] INFO  server.session (HouseKeeper.java:stopScavenging(149)) - node0 Stopped scavenging
2022-10-04 13:26:34,933 [Listener at localhost/45931] INFO  handler.ContextHandler (ContextHandler.java:doStop(1153)) - Stopped o.e.j.s.ServletContextHandler@6571c5ed{static,/static,file:///home/runner/work/ozone/ozone/hadoop-ozone/integration-test/target/test-classes/webapps/static,STOPPED}
2022-10-04 13:26:34,934 [Listener at localhost/45931] INFO  handler.ContextHandler (ContextHandler.java:doStop(1153)) - Stopped o.e.j.s.ServletContextHandler@5e05d0f6{logs,/logs,file:///home/runner/work/ozone/ozone/hadoop-ozone/integration-test/target/log,STOPPED}
2022-10-04 13:26:34,939 [grpc-default-executor-3] WARN  server.GrpcLogAppender (LogUtils.java:warn(122)) - omNode-3@group-523986131536->omNode-2-AppendLogResponseHandler: Failed appendEntries: org.apache.ratis.thirdparty.io.grpc.StatusRuntimeException: UNAVAILABLE: io exception
2022-10-04 13:26:34,939 [grpc-default-executor-3] INFO  leader.FollowerInfo (FollowerInfoImpl.java:lambda$new$0(48)) - omNode-3@group-523986131536->omNode-2: nextIndex: updateUnconditionally 147 -> 146
2022-10-04 13:26:34,993 [grpc-default-executor-3] WARN  server.GrpcLogAppender (LogUtils.java:warn(122)) - omNode-3@group-523986131536->omNode-1-AppendLogResponseHandler: Failed appendEntries: org.apache.ratis.thirdparty.io.grpc.StatusRuntimeException: UNAVAILABLE: io exception
2022-10-04 13:26:34,994 [grpc-default-executor-3] WARN  server.GrpcLogAppender (GrpcLogAppender.java:resetClient(111)) - omNode-3@group-523986131536->omNode-1-GrpcLogAppender: Leader has not got in touch with Follower omNode-3@group-523986131536->omNode-1(c-1,m0,n147, attendVote=true, lastRpcSendTime=0, lastRpcResponseTime=2990) yet, just keep nextIndex unchanged and retry.
2022-10-04 13:26:35,243 [grpc-default-executor-3] WARN  server.GrpcLogAppender (LogUtils.java:warn(122)) - omNode-3@group-523986131536->omNode-1-AppendLogResponseHandler: Failed appendEntries: org.apache.ratis.thirdparty.io.grpc.StatusRuntimeException: UNAVAILABLE: io exception
2022-10-04 13:26:35,245 [grpc-default-executor-3] WARN  server.GrpcLogAppender (GrpcLogAppender.java:resetClient(111)) - omNode-3@group-523986131536->omNode-1-GrpcLogAppender: Leader has not got in touch with Follower omNode-3@group-523986131536->omNode-1(c-1,m0,n147, attendVote=true, lastRpcSendTime=1, lastRpcResponseTime=3241) yet, just keep nextIndex unchanged and retry.
2022-10-04 13:26:35,389 [grpc-default-executor-3] WARN  server.GrpcLogAppender (LogUtils.java:warn(122)) - omNode-3@group-523986131536->omNode-2-AppendLogResponseHandler: Failed appendEntries: org.apache.ratis.thirdparty.io.grpc.StatusRuntimeException: UNAVAILABLE: io exception
2022-10-04 13:26:35,390 [grpc-default-executor-3] INFO  leader.FollowerInfo (FollowerInfoImpl.java:lambda$new$0(48)) - omNode-3@group-523986131536->omNode-2: nextIndex: updateUnconditionally 147 -> 146
2022-10-04 13:26:35,494 [grpc-default-executor-3] WARN  server.GrpcLogAppender (LogUtils.java:warn(122)) - omNode-3@group-523986131536->omNode-1-AppendLogResponseHandler: Failed appendEntries: org.apache.ratis.thirdparty.io.grpc.StatusRuntimeException: UNAVAILABLE: io exception
2022-10-04 13:26:35,494 [grpc-default-executor-3] WARN  server.GrpcLogAppender (GrpcLogAppender.java:resetClient(111)) - omNode-3@group-523986131536->omNode-1-GrpcLogAppender: Leader has not got in touch with Follower omNode-3@group-523986131536->omNode-1(c-1,m0,n147, attendVote=true, lastRpcSendTime=0, lastRpcResponseTime=3491) yet, just keep nextIndex unchanged and retry.
2022-10-04 13:26:35,637 [grpc-default-executor-3] WARN  server.GrpcLogAppender (LogUtils.java:warn(122)) - omNode-3@group-523986131536->omNode-2-AppendLogResponseHandler: Failed appendEntries: org.apache.ratis.thirdparty.io.grpc.StatusRuntimeException: UNAVAILABLE: io exception
2022-10-04 13:26:35,638 [grpc-default-executor-3] INFO  leader.FollowerInfo (FollowerInfoImpl.java:lambda$new$0(48)) - omNode-3@group-523986131536->omNode-2: nextIndex: updateUnconditionally 147 -> 146
2022-10-04 13:26:35,744 [grpc-default-executor-3] WARN  server.GrpcLogAppender (LogUtils.java:warn(122)) - omNode-3@group-523986131536->omNode-1-AppendLogResponseHandler: Failed appendEntries: org.apache.ratis.thirdparty.io.grpc.StatusRuntimeException: UNAVAILABLE: io exception
2022-10-04 13:26:35,745 [grpc-default-executor-3] WARN  server.GrpcLogAppender (GrpcLogAppender.java:resetClient(111)) - omNode-3@group-523986131536->omNode-1-GrpcLogAppender: Leader has not got in touch with Follower omNode-3@group-523986131536->omNode-1(c-1,m0,n147, attendVote=true, lastRpcSendTime=1, lastRpcResponseTime=3742) yet, just keep nextIndex unchanged and retry.
2022-10-04 13:26:35,888 [grpc-default-executor-3] WARN  server.GrpcLogAppender (LogUtils.java:warn(122)) - omNode-3@group-523986131536->omNode-2-AppendLogResponseHandler: Failed appendEntries: org.apache.ratis.thirdparty.io.grpc.StatusRuntimeException: UNAVAILABLE: io exception
2022-10-04 13:26:35,888 [grpc-default-executor-3] INFO  leader.FollowerInfo (FollowerInfoImpl.java:lambda$new$0(48)) - omNode-3@group-523986131536->omNode-2: nextIndex: updateUnconditionally 147 -> 146
2022-10-04 13:26:35,995 [grpc-default-executor-3] WARN  server.GrpcLogAppender (LogUtils.java:warn(122)) - omNode-3@group-523986131536->omNode-1-AppendLogResponseHandler: Failed appendEntries: org.apache.ratis.thirdparty.io.grpc.StatusRuntimeException: UNAVAILABLE: io exception
2022-10-04 13:26:35,996 [grpc-default-executor-3] WARN  server.GrpcLogAppender (GrpcLogAppender.java:resetClient(111)) - omNode-3@group-523986131536->omNode-1-GrpcLogAppender: Leader has not got in touch with Follower omNode-3@group-523986131536->omNode-1(c-1,m0,n147, attendVote=true, lastRpcSendTime=0, lastRpcResponseTime=3992) yet, just keep nextIndex unchanged and retry.
2022-10-04 13:26:36,138 [grpc-default-executor-3] WARN  server.GrpcLogAppender (LogUtils.java:warn(122)) - omNode-3@group-523986131536->omNode-2-AppendLogResponseHandler: Failed appendEntries: org.apache.ratis.thirdparty.io.grpc.StatusRuntimeException: UNAVAILABLE: io exception
2022-10-04 13:26:36,139 [grpc-default-executor-3] INFO  leader.FollowerInfo (FollowerInfoImpl.java:lambda$new$0(48)) - omNode-3@group-523986131536->omNode-2: nextIndex: updateUnconditionally 147 -> 146
2022-10-04 13:26:36,245 [grpc-default-executor-3] WARN  server.GrpcLogAppender (LogUtils.java:warn(122)) - omNode-3@group-523986131536->omNode-1-AppendLogResponseHandler: Failed appendEntries: org.apache.ratis.thirdparty.io.grpc.StatusRuntimeException: UNAVAILABLE: io exception
2022-10-04 13:26:36,246 [grpc-default-executor-3] WARN  server.GrpcLogAppender (GrpcLogAppender.java:resetClient(111)) - omNode-3@group-523986131536->omNode-1-GrpcLogAppender: Leader has not got in touch with Follower omNode-3@group-523986131536->omNode-1(c-1,m0,n147, attendVote=true, lastRpcSendTime=0, lastRpcResponseTime=4242) yet, just keep nextIndex unchanged and retry.
2022-10-04 13:26:36,389 [grpc-default-executor-4] WARN  server.GrpcLogAppender (LogUtils.java:warn(122)) - omNode-3@group-523986131536->omNode-2-AppendLogResponseHandler: Failed appendEntries: org.apache.ratis.thirdparty.io.grpc.StatusRuntimeException: UNAVAILABLE: io exception
2022-10-04 13:26:36,390 [grpc-default-executor-4] INFO  leader.FollowerInfo (FollowerInfoImpl.java:lambda$new$0(48)) - omNode-3@group-523986131536->omNode-2: nextIndex: updateUnconditionally 147 -> 146
2022-10-04 13:26:36,495 [grpc-default-executor-4] WARN  server.GrpcLogAppender (LogUtils.java:warn(122)) - omNode-3@group-523986131536->omNode-1-AppendLogResponseHandler: Failed appendEntries: org.apache.ratis.thirdparty.io.grpc.StatusRuntimeException: UNAVAILABLE: io exception
2022-10-04 13:26:36,496 [grpc-default-executor-4] WARN  server.GrpcLogAppender (GrpcLogAppender.java:resetClient(111)) - omNode-3@group-523986131536->omNode-1-GrpcLogAppender: Leader has not got in touch with Follower omNode-3@group-523986131536->omNode-1(c-1,m0,n147, attendVote=true, lastRpcSendTime=0, lastRpcResponseTime=4493) yet, just keep nextIndex unchanged and retry.
2022-10-04 13:26:36,658 [grpc-default-executor-4] WARN  server.GrpcLogAppender (LogUtils.java:warn(122)) - omNode-3@group-523986131536->omNode-2-AppendLogResponseHandler: Failed appendEntries: org.apache.ratis.thirdparty.io.grpc.StatusRuntimeException: UNAVAILABLE: io exception
2022-10-04 13:26:36,659 [grpc-default-executor-4] INFO  leader.FollowerInfo (FollowerInfoImpl.java:lambda$new$0(48)) - omNode-3@group-523986131536->omNode-2: nextIndex: updateUnconditionally 147 -> 146
2022-10-04 13:26:36,746 [grpc-default-executor-4] WARN  server.GrpcLogAppender (LogUtils.java:warn(122)) - omNode-3@group-523986131536->omNode-1-AppendLogResponseHandler: Failed appendEntries: org.apache.ratis.thirdparty.io.grpc.StatusRuntimeException: UNAVAILABLE: io exception
2022-10-04 13:26:36,747 [grpc-default-executor-4] WARN  server.GrpcLogAppender (GrpcLogAppender.java:resetClient(111)) - omNode-3@group-523986131536->omNode-1-GrpcLogAppender: Leader has not got in touch with Follower omNode-3@group-523986131536->omNode-1(c-1,m0,n147, attendVote=true, lastRpcSendTime=0, lastRpcResponseTime=4743) yet, just keep nextIndex unchanged and retry.
2022-10-04 13:26:36,909 [grpc-default-executor-4] WARN  server.GrpcLogAppender (LogUtils.java:warn(122)) - omNode-3@group-523986131536->omNode-2-AppendLogResponseHandler: Failed appendEntries: org.apache.ratis.thirdparty.io.grpc.StatusRuntimeException: UNAVAILABLE: io exception
2022-10-04 13:26:36,910 [grpc-default-executor-4] INFO  leader.FollowerInfo (FollowerInfoImpl.java:lambda$new$0(48)) - omNode-3@group-523986131536->omNode-2: nextIndex: updateUnconditionally 147 -> 146
2022-10-04 13:26:36,950 [omNode-3@group-523986131536-LeaderStateImpl] WARN  server.RaftServer$Division (LeaderStateImpl.java:checkLeadership(1018)) - omNode-3@group-523986131536-LeaderStateImpl: Lost leadership on term: 7. Election timeout: 1200ms. In charge for: 3748ms. Conf: 145: [omNode-3|rpc:localhost:35537|admin:|client:|dataStream:|priority:0, omNode-1|rpc:localhost:42223|admin:|client:|dataStream:|priority:0, omNode-2|rpc:localhost:33535|admin:|client:|dataStream:|priority:0], old=null
2022-10-04 13:26:36,951 [omNode-3@group-523986131536-LeaderStateImpl] WARN  server.RaftServer$Division (LeaderStateImpl.java:lambda$checkLeadership$17(1022)) - Follower omNode-3@group-523986131536->omNode-1(c-1,m0,n147, attendVote=true, lastRpcSendTime=205, lastRpcResponseTime=4948)
2022-10-04 13:26:36,951 [omNode-3@group-523986131536-LeaderStateImpl] WARN  server.RaftServer$Division (LeaderStateImpl.java:lambda$checkLeadership$17(1022)) - Follower omNode-3@group-523986131536->omNode-2(c146,m146,n146, attendVote=true, lastRpcSendTime=42, lastRpcResponseTime=2065)
2022-10-04 13:26:36,951 [omNode-3@group-523986131536-LeaderStateImpl] INFO  server.RaftServer$Division (RaftServerImpl.java:setRole(299)) - omNode-3@group-523986131536: changes role from    LEADER to FOLLOWER at term 7 for StepDownReason:LOST_MAJORITY_HEARTBEATS
2022-10-04 13:26:36,951 [omNode-3@group-523986131536-LeaderStateImpl] INFO  impl.RoleInfo (RoleInfo.java:shutdownLeaderState(93)) - omNode-3: shutdown omNode-3@group-523986131536-LeaderStateImpl
2022-10-04 13:26:36,952 [omNode-3@group-523986131536->omNode-2-GrpcLogAppender-LogAppenderDaemon] WARN  server.GrpcLogAppender (GrpcLogAppender.java:mayWait(171)) - omNode-3@group-523986131536->omNode-2-GrpcLogAppender: Wait interrupted by java.lang.InterruptedException
2022-10-04 13:26:36,952 [omNode-3@group-523986131536-LeaderStateImpl] INFO  impl.PendingRequests (PendingRequests.java:sendNotLeaderResponses(282)) - omNode-3@group-523986131536-PendingRequests: sendNotLeaderResponses
2022-10-04 13:26:36,956 [omNode-3@group-523986131536-LeaderStateImpl] INFO  impl.RoleInfo (RoleInfo.java:updateAndGet(139)) - omNode-3: start omNode-3@group-523986131536-FollowerState
2022-10-04 13:26:38,049 [omNode-3@group-523986131536-FollowerState] INFO  impl.FollowerState (FollowerState.java:lostMajorityHeartbeatsRecently(108)) - omNode-3@group-523986131536-FollowerState: Skipping leader election since it stepped down recently (elapsed = 1093ms < waitTime = 10s)
2022-10-04 13:26:39,085 [omNode-3@group-523986131536-FollowerState] INFO  impl.FollowerState (FollowerState.java:lostMajorityHeartbeatsRecently(108)) - omNode-3@group-523986131536-FollowerState: Skipping leader election since it stepped down recently (elapsed = 2128ms < waitTime = 10s)
2022-10-04 13:26:40,138 [omNode-3@group-523986131536-FollowerState] INFO  impl.FollowerState (FollowerState.java:lostMajorityHeartbeatsRecently(108)) - omNode-3@group-523986131536-FollowerState: Skipping leader election since it stepped down recently (elapsed = 3181ms < waitTime = 10s)
2022-10-04 13:26:41,296 [omNode-3@group-523986131536-FollowerState] INFO  impl.FollowerState (FollowerState.java:lostMajorityHeartbeatsRecently(108)) - omNode-3@group-523986131536-FollowerState: Skipping leader election since it stepped down recently (elapsed = 4340ms < waitTime = 10s)
2022-10-04 13:26:42,385 [omNode-3@group-523986131536-FollowerState] INFO  impl.FollowerState (FollowerState.java:lostMajorityHeartbeatsRecently(108)) - omNode-3@group-523986131536-FollowerState: Skipping leader election since it stepped down recently (elapsed = 5428ms < waitTime = 10s)
2022-10-04 13:26:42,951 [Listener at localhost/45931] INFO  rpc.RpcClient (RpcClient.java:createVolume(471)) - Creating Volume: volume87890, with user56748 as owner and space quota set to -1 bytes, counts quota set to -1
2022-10-04 13:26:42,953 [Listener at localhost/45931] INFO  retry.RetryInvocationHandler (RetryInvocationHandler.java:log(411)) - com.google.protobuf.ServiceException: java.net.ConnectException: Call From fv-az573-645/10.1.1.108 to localhost:37083 failed on connection exception: java.net.ConnectException: Connection refused; For more details see:  http://wiki.apache.org/hadoop/ConnectionRefused, while invoking $Proxy55.submitRequest over nodeId=omNode-1,nodeAddress=127.0.0.1:37083. Trying to failover immediately.
2022-10-04 13:26:42,954 [Listener at localhost/45931] INFO  retry.RetryInvocationHandler (RetryInvocationHandler.java:log(411)) - com.google.protobuf.ServiceException: java.net.ConnectException: Call From fv-az573-645/10.1.1.108 to localhost:45931 failed on connection exception: java.net.ConnectException: Connection refused; For more details see:  http://wiki.apache.org/hadoop/ConnectionRefused, while invoking $Proxy55.submitRequest over nodeId=omNode-2,nodeAddress=127.0.0.1:45931 after 1 failover attempts. Trying to failover immediately.
2022-10-04 13:26:42,955 [Listener at localhost/45931] INFO  retry.RetryInvocationHandler (RetryInvocationHandler.java:log(411)) - com.google.protobuf.ServiceException: java.net.ConnectException: Call From fv-az573-645/10.1.1.108 to localhost:43101 failed on connection exception: java.net.ConnectException: Connection refused; For more details see:  http://wiki.apache.org/hadoop/ConnectionRefused, while invoking $Proxy55.submitRequest over nodeId=omNode-3,nodeAddress=127.0.0.1:43101 after 2 failover attempts. Trying to failover after sleeping for 2000ms.
2022-10-04 13:26:43,493 [omNode-3@group-523986131536-FollowerState] INFO  impl.FollowerState (FollowerState.java:lostMajorityHeartbeatsRecently(108)) - omNode-3@group-523986131536-FollowerState: Skipping leader election since it stepped down recently (elapsed = 6536ms < waitTime = 10s)
2022-10-04 13:26:44,661 [omNode-3@group-523986131536-FollowerState] INFO  impl.FollowerState (FollowerState.java:lostMajorityHeartbeatsRecently(108)) - omNode-3@group-523986131536-FollowerState: Skipping leader election since it stepped down recently (elapsed = 7705ms < waitTime = 10s)
2022-10-04 13:26:44,956 [Listener at localhost/45931] INFO  retry.RetryInvocationHandler (RetryInvocationHandler.java:log(411)) - com.google.protobuf.ServiceException: java.net.ConnectException: Call From fv-az573-645/10.1.1.108 to localhost:37083 failed on connection exception: java.net.ConnectException: Connection refused; For more details see:  http://wiki.apache.org/hadoop/ConnectionRefused, while invoking $Proxy55.submitRequest over nodeId=omNode-1,nodeAddress=127.0.0.1:37083 after 3 failover attempts. Trying to failover immediately.
2022-10-04 13:26:44,957 [Listener at localhost/45931] INFO  retry.RetryInvocationHandler (RetryInvocationHandler.java:log(411)) - com.google.protobuf.ServiceException: java.net.ConnectException: Call From fv-az573-645/10.1.1.108 to localhost:45931 failed on connection exception: java.net.ConnectException: Connection refused; For more details see:  http://wiki.apache.org/hadoop/ConnectionRefused, while invoking $Proxy55.submitRequest over nodeId=omNode-2,nodeAddress=127.0.0.1:45931 after 4 failover attempts. Trying to failover immediately.
2022-10-04 13:26:44,957 [Listener at localhost/45931] ERROR ha.OMFailoverProxyProviderBase (OMFailoverProxyProviderBase.java:getRetryAction(211)) - Failed to connect to OMs: [omNode-1, omNode-2, omNode-3]. Attempted 5 failovers.
2022-10-04 13:26:44,988 [Listener at localhost/45931] INFO  rpc.RpcClient (RpcClient.java:createVolume(471)) - Creating Volume: volume89471, with user51150 as owner and space quota set to -1 bytes, counts quota set to -1
2022-10-04 13:26:44,989 [Listener at localhost/45931] INFO  retry.RetryInvocationHandler (RetryInvocationHandler.java:log(411)) - com.google.protobuf.ServiceException: java.net.ConnectException: Call From fv-az573-645/10.1.1.108 to localhost:43101 failed on connection exception: java.net.ConnectException: Connection refused; For more details see:  http://wiki.apache.org/hadoop/ConnectionRefused, while invoking $Proxy55.submitRequest over nodeId=omNode-3,nodeAddress=127.0.0.1:43101. Trying to failover after sleeping for 2000ms.
2022-10-04 13:26:45,727 [omNode-3@group-523986131536-FollowerState] INFO  impl.FollowerState (FollowerState.java:lostMajorityHeartbeatsRecently(108)) - omNode-3@group-523986131536-FollowerState: Skipping leader election since it stepped down recently (elapsed = 8770ms < waitTime = 10s)
2022-10-04 13:26:46,909 [omNode-3@group-523986131536-FollowerState] INFO  impl.FollowerState (FollowerState.java:lostMajorityHeartbeatsRecently(108)) - omNode-3@group-523986131536-FollowerState: Skipping leader election since it stepped down recently (elapsed = 9953ms < waitTime = 10s)
2022-10-04 13:26:46,990 [Listener at localhost/45931] INFO  retry.RetryInvocationHandler (RetryInvocationHandler.java:log(411)) - com.google.protobuf.ServiceException: java.net.ConnectException: Call From fv-az573-645/10.1.1.108 to localhost:37083 failed on connection exception: java.net.ConnectException: Connection refused; For more details see:  http://wiki.apache.org/hadoop/ConnectionRefused, while invoking $Proxy55.submitRequest over nodeId=omNode-1,nodeAddress=127.0.0.1:37083 after 1 failover attempts. Trying to failover immediately.
2022-10-04 13:26:46,991 [Listener at localhost/45931] INFO  retry.RetryInvocationHandler (RetryInvocationHandler.java:log(411)) - com.google.protobuf.ServiceException: java.net.ConnectException: Call From fv-az573-645/10.1.1.108 to localhost:45931 failed on connection exception: java.net.ConnectException: Connection refused; For more details see:  http://wiki.apache.org/hadoop/ConnectionRefused, while invoking $Proxy55.submitRequest over nodeId=omNode-2,nodeAddress=127.0.0.1:45931 after 2 failover attempts. Trying to failover immediately.
2022-10-04 13:26:46,992 [Listener at localhost/45931] INFO  retry.RetryInvocationHandler (RetryInvocationHandler.java:log(411)) - com.google.protobuf.ServiceException: java.net.ConnectException: Call From fv-az573-645/10.1.1.108 to localhost:43101 failed on connection exception: java.net.ConnectException: Connection refused; For more details see:  http://wiki.apache.org/hadoop/ConnectionRefused, while invoking $Proxy55.submitRequest over nodeId=omNode-3,nodeAddress=127.0.0.1:43101 after 3 failover attempts. Trying to failover after sleeping for 2000ms.
2022-10-04 13:26:48,051 [omNode-3@group-523986131536-FollowerState] INFO  impl.FollowerState (FollowerState.java:run(143)) - omNode-3@group-523986131536-FollowerState: change to CANDIDATE, lastRpcElapsedTime:11095370772ns, electionTimeout:1142ms
2022-10-04 13:26:48,052 [omNode-3@group-523986131536-FollowerState] INFO  impl.RoleInfo (RoleInfo.java:shutdownFollowerState(110)) - omNode-3: shutdown omNode-3@group-523986131536-FollowerState
2022-10-04 13:26:48,052 [omNode-3@group-523986131536-FollowerState] INFO  server.RaftServer$Division (RaftServerImpl.java:setRole(299)) - omNode-3@group-523986131536: changes role from  FOLLOWER to CANDIDATE at term 7 for changeToCandidate
2022-10-04 13:26:48,052 [omNode-3@group-523986131536-FollowerState] INFO  server.RaftServerConfigKeys (ConfUtils.java:logGet(46)) - raft.server.leaderelection.pre-vote = false (custom)
2022-10-04 13:26:48,052 [omNode-3@group-523986131536-FollowerState] INFO  impl.RoleInfo (RoleInfo.java:updateAndGet(139)) - omNode-3: start omNode-3@group-523986131536-LeaderElection19
2022-10-04 13:26:48,053 [omNode-3@group-523986131536-LeaderElection19] INFO  server.RaftServer$Division (ServerState.java:setLeader(287)) - omNode-3@group-523986131536: change Leader from omNode-3 to null at term 7 for ELECTION
2022-10-04 13:26:48,055 [omNode-3@group-523986131536-LeaderElection19] INFO  impl.LeaderElection (LeaderElection.java:askForVotes(310)) - omNode-3@group-523986131536-LeaderElection19 ELECTION round 0: submit vote requests at term 8 for 145: [omNode-3|rpc:localhost:35537|admin:|client:|dataStream:|priority:0, omNode-1|rpc:localhost:42223|admin:|client:|dataStream:|priority:0, omNode-2|rpc:localhost:33535|admin:|client:|dataStream:|priority:0], old=null
2022-10-04 13:26:48,056 [omNode-3@group-523986131536-LeaderElection19] INFO  impl.LeaderElection (LogUtils.java:infoOrTrace(137)) - omNode-3@group-523986131536-LeaderElection19 got exception when requesting votes: java.util.concurrent.ExecutionException: org.apache.ratis.thirdparty.io.grpc.StatusRuntimeException: UNAVAILABLE: io exception
2022-10-04 13:26:48,056 [omNode-3@group-523986131536-LeaderElection19] INFO  impl.LeaderElection (LogUtils.java:infoOrTrace(137)) - omNode-3@group-523986131536-LeaderElection19 got exception when requesting votes: java.util.concurrent.ExecutionException: org.apache.ratis.thirdparty.io.grpc.StatusRuntimeException: UNAVAILABLE: io exception
2022-10-04 13:26:48,056 [omNode-3@group-523986131536-LeaderElection19] INFO  impl.LeaderElection (LeaderElection.java:logAndReturn(90)) - omNode-3@group-523986131536-LeaderElection19: ELECTION REJECTED received 0 response(s) and 2 exception(s):
2022-10-04 13:26:48,056 [omNode-3@group-523986131536-LeaderElection19] INFO  impl.LeaderElection (LogUtils.java:infoOrTrace(137)) -   Exception 0: java.util.concurrent.ExecutionException: org.apache.ratis.thirdparty.io.grpc.StatusRuntimeException: UNAVAILABLE: io exception
2022-10-04 13:26:48,056 [omNode-3@group-523986131536-LeaderElection19] INFO  impl.LeaderElection (LogUtils.java:infoOrTrace(137)) -   Exception 1: java.util.concurrent.ExecutionException: org.apache.ratis.thirdparty.io.grpc.StatusRuntimeException: UNAVAILABLE: io exception
2022-10-04 13:26:48,056 [omNode-3@group-523986131536-LeaderElection19] INFO  impl.LeaderElection (LeaderElection.java:askForVotes(312)) - omNode-3@group-523986131536-LeaderElection19 ELECTION round 0: result REJECTED
2022-10-04 13:26:48,056 [omNode-3@group-523986131536-LeaderElection19] INFO  server.RaftServer$Division (RaftServerImpl.java:setRole(299)) - omNode-3@group-523986131536: changes role from CANDIDATE to FOLLOWER at term 8 for REJECTED
2022-10-04 13:26:48,056 [omNode-3@group-523986131536-LeaderElection19] INFO  impl.RoleInfo (RoleInfo.java:shutdownLeaderElection(130)) - omNode-3: shutdown omNode-3@group-523986131536-LeaderElection19
2022-10-04 13:26:48,058 [omNode-3@group-523986131536-LeaderElection19] INFO  impl.RoleInfo (RoleInfo.java:updateAndGet(139)) - omNode-3: start omNode-3@group-523986131536-FollowerState
2022-10-04 13:26:48,993 [Listener at localhost/45931] INFO  retry.RetryInvocationHandler (RetryInvocationHandler.java:log(411)) - com.google.protobuf.ServiceException: java.net.ConnectException: Call From fv-az573-645/10.1.1.108 to localhost:37083 failed on connection exception: java.net.ConnectException: Connection refused; For more details see:  http://wiki.apache.org/hadoop/ConnectionRefused, while invoking $Proxy55.submitRequest over nodeId=omNode-1,nodeAddress=127.0.0.1:37083 after 4 failover attempts. Trying to failover immediately.
2022-10-04 13:26:48,994 [Listener at localhost/45931] ERROR ha.OMFailoverProxyProviderBase (OMFailoverProxyProviderBase.java:getRetryAction(211)) - Failed to connect to OMs: [omNode-1, omNode-2, omNode-3]. Attempted 5 failovers.
2022-10-04 13:26:48,995 [Listener at localhost/45931] INFO  om.OzoneManager (OzoneManager.java:stop(2036)) - omNode-3[localhost:43101]: Stopping Ozone Manager
2022-10-04 13:26:48,995 [Listener at localhost/45931] INFO  om.OzoneManager (OzoneManager.java:restart(1573)) - OzoneManager RPC server is listening at localhost/127.0.0.1:43101
2022-10-04 13:26:48,995 [Listener at localhost/45931] INFO  impl.MetricsSystemImpl (MetricsSystemImpl.java:init(158)) - OzoneManager metrics system started (again)
2022-10-04 13:26:49,009 [Listener at localhost/45931] WARN  server.ServerUtils (ServerUtils.java:getDBPath(225)) - ozone.om.db.dirs is not configured. We recommend adding this setting. Falling back to ozone.metadata.dirs instead.
2022-10-04 13:26:49,009 [Listener at localhost/45931] INFO  codec.OmKeyInfoCodec (OmKeyInfoCodec.java:<init>(49)) - OmKeyInfoCodec ignorePipeline = true
2022-10-04 13:26:49,009 [Listener at localhost/45931] INFO  codec.RepeatedOmKeyInfoCodec (RepeatedOmKeyInfoCodec.java:<init>(41)) - RepeatedOmKeyInfoCodec ignorePipeline = true
]]></system-out>
  </testcase>
  <testcase name="testOMRestart" classname="org.apache.hadoop.ozone.om.TestOzoneManagerHAWithData" time="67.266">
    <system-out><![CDATA[2022-10-04 13:26:49,026 [Listener at localhost/45931] INFO  ozone.MiniOzoneClusterImpl (MiniOzoneClusterImpl.java:shutdown(448)) - Shutting down the Mini Ozone Cluster
2022-10-04 13:26:49,026 [Listener at localhost/45931] INFO  ozone.MiniOzoneHAClusterImpl (MiniOzoneHAClusterImpl.java:stop(312)) - Stopping the OzoneManager omNode-3
2022-10-04 13:26:49,027 [Listener at localhost/45931] INFO  om.OzoneManager (OzoneManager.java:stop(2036)) - omNode-3[localhost:43101]: Stopping Ozone Manager
2022-10-04 13:26:49,027 [Listener at localhost/45931] INFO  ozone.MiniOzoneHAClusterImpl (MiniOzoneHAClusterImpl.java:stop(312)) - Stopping the OzoneManager omNode-1
2022-10-04 13:26:49,028 [Listener at localhost/45931] INFO  om.OzoneManager (OzoneManager.java:stop(2036)) - omNode-1[localhost:37083]: Stopping Ozone Manager
2022-10-04 13:26:49,028 [Listener at localhost/45931] INFO  ozone.MiniOzoneHAClusterImpl (MiniOzoneHAClusterImpl.java:stop(312)) - Stopping the OzoneManager omNode-2
2022-10-04 13:26:49,028 [Listener at localhost/45931] INFO  om.OzoneManager (OzoneManager.java:stop(2036)) - omNode-2[localhost:45931]: Stopping Ozone Manager
2022-10-04 13:26:49,028 [Listener at localhost/45931] INFO  ozone.MiniOzoneHAClusterImpl (MiniOzoneHAClusterImpl.java:stop(320)) - Stopping the StorageContainerManager 4039f7f0-3baf-4070-8848-4b602404b170
2022-10-04 13:26:49,028 [Listener at localhost/45931] INFO  server.StorageContainerManager (StorageContainerManager.java:stop(1528)) - Container Balancer is not running.
2022-10-04 13:26:49,028 [Listener at localhost/45931] INFO  server.StorageContainerManager (StorageContainerManager.java:stop(1535)) - Stopping Replication Manager Service.
2022-10-04 13:26:49,028 [Listener at localhost/45931] INFO  replication.ReplicationManager (ReplicationManager.java:stop(257)) - Stopping Replication Monitor Thread.
2022-10-04 13:26:49,029 [Over Replicated Processor] WARN  replication.OverReplicatedProcessor (OverReplicatedProcessor.java:run(137)) - Over Replicated Processor interrupted. Exiting...
2022-10-04 13:26:49,029 [Under Replicated Processor] WARN  replication.UnderReplicatedProcessor (UnderReplicatedProcessor.java:run(148)) - Under Replicated Processor interrupted. Exiting...
2022-10-04 13:26:49,030 [ReplicationMonitor] INFO  replication.ReplicationManager (ReplicationManager.java:run(509)) - Replication Monitor Thread is stopped
2022-10-04 13:26:49,030 [Listener at localhost/45931] INFO  server.StorageContainerManager (StorageContainerManager.java:stop(1542)) - Stopping the Datanode Admin Monitor.
2022-10-04 13:26:49,030 [Listener at localhost/45931] INFO  server.StorageContainerManager (StorageContainerManager.java:stop(1549)) - Stopping Lease Manager of the command watchers
2022-10-04 13:26:49,031 [Listener at localhost/45931] INFO  server.StorageContainerManager (StorageContainerManager.java:stop(1556)) - Stopping datanode service RPC server
2022-10-04 13:26:49,031 [Listener at localhost/45931] INFO  server.SCMDatanodeProtocolServer (SCMDatanodeProtocolServer.java:stop(414)) - Stopping the RPC server for DataNodes
2022-10-04 13:26:49,031 [Listener at localhost/45931] INFO  ipc.Server (Server.java:stop(3414)) - Stopping server on 41361
2022-10-04 13:26:49,035 [IPC Server listener on 0] INFO  ipc.Server (Server.java:run(1376)) - Stopping IPC Server listener on 0
2022-10-04 13:26:49,038 [IPC Server Responder] INFO  ipc.Server (Server.java:run(1512)) - Stopping IPC Server Responder
2022-10-04 13:26:49,086 [SCM Heartbeat Processing Thread - 0] WARN  node.NodeStateManager (NodeStateManager.java:scheduleNextHealthCheck(870)) - Current Thread is interrupted, shutting down HB processing thread for Node Manager.
2022-10-04 13:26:49,086 [Listener at localhost/45931] INFO  server.StorageContainerManager (StorageContainerManager.java:stop(1564)) - Stopping block service RPC server
2022-10-04 13:26:49,087 [Listener at localhost/45931] INFO  server.SCMBlockProtocolServer (SCMBlockProtocolServer.java:stop(161)) - Stopping the RPC server for Block Protocol
2022-10-04 13:26:49,087 [Listener at localhost/45931] INFO  ipc.Server (Server.java:stop(3414)) - Stopping server on 40317
2022-10-04 13:26:49,090 [IPC Server listener on 0] INFO  ipc.Server (Server.java:run(1376)) - Stopping IPC Server listener on 0
2022-10-04 13:26:49,091 [IPC Server Responder] INFO  ipc.Server (Server.java:run(1512)) - Stopping IPC Server Responder
2022-10-04 13:26:49,092 [Listener at localhost/45931] INFO  server.StorageContainerManager (StorageContainerManager.java:stop(1571)) - Stopping the StorageContainerLocationProtocol RPC server
2022-10-04 13:26:49,092 [Listener at localhost/45931] INFO  server.SCMClientProtocolServer (SCMClientProtocolServer.java:stop(179)) - Stopping the RPC server for Client Protocol
2022-10-04 13:26:49,092 [Listener at localhost/45931] INFO  ipc.Server (Server.java:stop(3414)) - Stopping server on 37313
2022-10-04 13:26:49,096 [IPC Server listener on 0] INFO  ipc.Server (Server.java:run(1376)) - Stopping IPC Server listener on 0
2022-10-04 13:26:49,096 [Listener at localhost/45931] INFO  server.StorageContainerManager (StorageContainerManager.java:stop(1578)) - Stopping Storage Container Manager HTTP server.
2022-10-04 13:26:49,097 [IPC Server Responder] INFO  ipc.Server (Server.java:run(1512)) - Stopping IPC Server Responder
2022-10-04 13:26:49,098 [Listener at localhost/45931] INFO  handler.ContextHandler (ContextHandler.java:doStop(1153)) - Stopped o.e.j.w.WebAppContext@6b44121e{scm,/,null,STOPPED}{file:/home/runner/work/ozone/ozone/hadoop-ozone/integration-test/target/test-classes/webapps/scm}
2022-10-04 13:26:49,098 [Listener at localhost/45931] INFO  server.AbstractConnector (AbstractConnector.java:doStop(381)) - Stopped ServerConnector@5d00e30e{HTTP/1.1, (http/1.1)}{0.0.0.0:0}
2022-10-04 13:26:49,099 [Listener at localhost/45931] INFO  server.session (HouseKeeper.java:stopScavenging(149)) - node0 Stopped scavenging
2022-10-04 13:26:49,099 [Listener at localhost/45931] INFO  handler.ContextHandler (ContextHandler.java:doStop(1153)) - Stopped o.e.j.s.ServletContextHandler@5cef5fc9{static,/static,file:///home/runner/work/ozone/ozone/hadoop-ozone/integration-test/target/test-classes/webapps/static,STOPPED}
2022-10-04 13:26:49,099 [Listener at localhost/45931] INFO  handler.ContextHandler (ContextHandler.java:doStop(1153)) - Stopped o.e.j.s.ServletContextHandler@254210b1{logs,/logs,file:///home/runner/work/ozone/ozone/hadoop-ozone/integration-test/target/log,STOPPED}
2022-10-04 13:26:49,100 [Listener at localhost/45931] INFO  server.StorageContainerManager (StorageContainerManager.java:stop(1584)) - Stopping SCM LayoutVersionManager Service.
2022-10-04 13:26:49,101 [Listener at localhost/45931] INFO  server.StorageContainerManager (StorageContainerManager.java:stop(1592)) - Stopping Block Manager Service.
2022-10-04 13:26:49,101 [Listener at localhost/45931] INFO  utils.BackgroundService (BackgroundService.java:shutdown(141)) - Shutting down service SCMBlockDeletingService
2022-10-04 13:26:49,101 [Listener at localhost/45931] INFO  utils.BackgroundService (BackgroundService.java:shutdown(141)) - Shutting down service SCMBlockDeletingService
2022-10-04 13:26:49,102 [Listener at localhost/45931] INFO  server.StorageContainerManager (StorageContainerManager.java:stop(1619)) - Stopping SCM Event Queue.
2022-10-04 13:26:49,104 [Listener at localhost/45931] INFO  server.StorageContainerManager (StorageContainerManager.java:stop(1630)) - Stopping SCM HA services.
2022-10-04 13:26:49,104 [Listener at localhost/45931] INFO  pipeline.BackgroundPipelineCreator (BackgroundPipelineCreator.java:stop(149)) - Stopping RatisPipelineUtilsThread.
2022-10-04 13:26:49,104 [RatisPipelineUtilsThread - 0] WARN  pipeline.BackgroundPipelineCreator (BackgroundPipelineCreator.java:run(180)) - RatisPipelineUtilsThread is interrupted.
2022-10-04 13:26:49,105 [BackgroundPipelineScrubberThread] WARN  BackgroundPipelineScrubber (BackgroundSCMService.java:run(115)) - BackgroundPipelineScrubber is interrupted, exit
2022-10-04 13:26:49,105 [Listener at localhost/45931] INFO  BackgroundPipelineScrubber (BackgroundSCMService.java:stop(131)) - Stopping BackgroundPipelineScrubber Service.
2022-10-04 13:26:49,106 [Listener at localhost/45931] INFO  server.StorageContainerManager (StorageContainerManager.java:stop(1640)) - Stopping SCM MetadataStore.
2022-10-04 13:26:49,107 [Listener at localhost/45931] INFO  impl.MetricsSystemImpl (MetricsSystemImpl.java:stop(210)) - Stopping OzoneManager metrics system...
2022-10-04 13:26:49,115 [prometheus] INFO  impl.MetricsSinkAdapter (MetricsSinkAdapter.java:publishMetricsFromQueue(141)) - prometheus thread interrupted.
2022-10-04 13:26:49,116 [Listener at localhost/45931] INFO  impl.MetricsSystemImpl (MetricsSystemImpl.java:stop(216)) - OzoneManager metrics system stopped.
2022-10-04 13:26:49,117 [Listener at localhost/45931] INFO  ozone.MiniOzoneClusterImpl (MiniOzoneClusterImpl.java:stop(463)) - Stopping the Mini Ozone Cluster
2022-10-04 13:26:49,117 [Listener at localhost/45931] INFO  ozone.MiniOzoneClusterImpl (MiniOzoneClusterImpl.java:stopDatanodes(522)) - Stopping the HddsDatanodes
2022-10-04 13:26:49,236 [omNode-3@group-523986131536-FollowerState] INFO  impl.FollowerState (FollowerState.java:run(143)) - omNode-3@group-523986131536-FollowerState: change to CANDIDATE, lastRpcElapsedTime:1178637703ns, electionTimeout:1178ms
2022-10-04 13:26:49,236 [omNode-3@group-523986131536-FollowerState] INFO  impl.RoleInfo (RoleInfo.java:shutdownFollowerState(110)) - omNode-3: shutdown omNode-3@group-523986131536-FollowerState
2022-10-04 13:26:49,236 [omNode-3@group-523986131536-FollowerState] INFO  server.RaftServer$Division (RaftServerImpl.java:setRole(299)) - omNode-3@group-523986131536: changes role from  FOLLOWER to CANDIDATE at term 8 for changeToCandidate
2022-10-04 13:26:49,237 [omNode-3@group-523986131536-FollowerState] INFO  server.RaftServerConfigKeys (ConfUtils.java:logGet(46)) - raft.server.leaderelection.pre-vote = false (custom)
2022-10-04 13:26:49,237 [omNode-3@group-523986131536-FollowerState] INFO  impl.RoleInfo (RoleInfo.java:updateAndGet(139)) - omNode-3: start omNode-3@group-523986131536-LeaderElection20
2022-10-04 13:26:49,240 [omNode-3@group-523986131536-LeaderElection20] INFO  impl.LeaderElection (LeaderElection.java:askForVotes(310)) - omNode-3@group-523986131536-LeaderElection20 ELECTION round 0: submit vote requests at term 9 for 145: [omNode-3|rpc:localhost:35537|admin:|client:|dataStream:|priority:0, omNode-1|rpc:localhost:42223|admin:|client:|dataStream:|priority:0, omNode-2|rpc:localhost:33535|admin:|client:|dataStream:|priority:0], old=null
2022-10-04 13:26:49,241 [omNode-3@group-523986131536-LeaderElection20] INFO  impl.LeaderElection (LogUtils.java:infoOrTrace(137)) - omNode-3@group-523986131536-LeaderElection20 got exception when requesting votes: java.util.concurrent.ExecutionException: org.apache.ratis.thirdparty.io.grpc.StatusRuntimeException: UNAVAILABLE: io exception
2022-10-04 13:26:49,241 [omNode-3@group-523986131536-LeaderElection20] INFO  impl.LeaderElection (LogUtils.java:infoOrTrace(137)) - omNode-3@group-523986131536-LeaderElection20 got exception when requesting votes: java.util.concurrent.ExecutionException: org.apache.ratis.thirdparty.io.grpc.StatusRuntimeException: UNAVAILABLE: io exception
2022-10-04 13:26:49,241 [omNode-3@group-523986131536-LeaderElection20] INFO  impl.LeaderElection (LeaderElection.java:logAndReturn(90)) - omNode-3@group-523986131536-LeaderElection20: ELECTION REJECTED received 0 response(s) and 2 exception(s):
2022-10-04 13:26:49,241 [omNode-3@group-523986131536-LeaderElection20] INFO  impl.LeaderElection (LogUtils.java:infoOrTrace(137)) -   Exception 0: java.util.concurrent.ExecutionException: org.apache.ratis.thirdparty.io.grpc.StatusRuntimeException: UNAVAILABLE: io exception
2022-10-04 13:26:49,241 [omNode-3@group-523986131536-LeaderElection20] INFO  impl.LeaderElection (LogUtils.java:infoOrTrace(137)) -   Exception 1: java.util.concurrent.ExecutionException: org.apache.ratis.thirdparty.io.grpc.StatusRuntimeException: UNAVAILABLE: io exception
2022-10-04 13:26:49,241 [omNode-3@group-523986131536-LeaderElection20] INFO  impl.LeaderElection (LeaderElection.java:askForVotes(312)) - omNode-3@group-523986131536-LeaderElection20 ELECTION round 0: result REJECTED
2022-10-04 13:26:49,241 [omNode-3@group-523986131536-LeaderElection20] INFO  server.RaftServer$Division (RaftServerImpl.java:setRole(299)) - omNode-3@group-523986131536: changes role from CANDIDATE to FOLLOWER at term 9 for REJECTED
2022-10-04 13:26:49,241 [omNode-3@group-523986131536-LeaderElection20] INFO  impl.RoleInfo (RoleInfo.java:shutdownLeaderElection(130)) - omNode-3: shutdown omNode-3@group-523986131536-LeaderElection20
2022-10-04 13:26:49,241 [omNode-3@group-523986131536-LeaderElection20] INFO  impl.RoleInfo (RoleInfo.java:updateAndGet(139)) - omNode-3: start omNode-3@group-523986131536-FollowerState
2022-10-04 13:26:49,547 [EndpointStateMachine task thread for /0.0.0.0:41361 - 0 ] WARN  statemachine.EndpointStateMachine (EndpointStateMachine.java:logIfNeeded(241)) - Unable to communicate to SCM server at 0.0.0.0:41361 for past 0 seconds.
java.io.EOFException: End of File Exception between local host is: "fv-az573-645/10.1.1.108"; destination host is: "0.0.0.0":41361; : java.io.EOFException; For more details see:  http://wiki.apache.org/hadoop/EOFException
	at sun.reflect.NativeConstructorAccessorImpl.newInstance0(Native Method)
	at sun.reflect.NativeConstructorAccessorImpl.newInstance(NativeConstructorAccessorImpl.java:62)
	at sun.reflect.DelegatingConstructorAccessorImpl.newInstance(DelegatingConstructorAccessorImpl.java:45)
	at java.lang.reflect.Constructor.newInstance(Constructor.java:423)
	at org.apache.hadoop.net.NetUtils.wrapWithMessage(NetUtils.java:913)
	at org.apache.hadoop.net.NetUtils.wrapException(NetUtils.java:862)
	at org.apache.hadoop.ipc.Client.getRpcResponse(Client.java:1577)
	at org.apache.hadoop.ipc.Client.call(Client.java:1519)
	at org.apache.hadoop.ipc.Client.call(Client.java:1416)
	at org.apache.hadoop.ipc.ProtobufRpcEngine$Invoker.invoke(ProtobufRpcEngine.java:236)
	at org.apache.hadoop.ipc.ProtobufRpcEngine$Invoker.invoke(ProtobufRpcEngine.java:123)
	at com.sun.proxy.$Proxy54.submitRequest(Unknown Source)
	at org.apache.hadoop.ozone.protocolPB.StorageContainerDatanodeProtocolClientSideTranslatorPB.submitRequest(StorageContainerDatanodeProtocolClientSideTranslatorPB.java:117)
	at org.apache.hadoop.ozone.protocolPB.StorageContainerDatanodeProtocolClientSideTranslatorPB.sendHeartbeat(StorageContainerDatanodeProtocolClientSideTranslatorPB.java:149)
	at org.apache.hadoop.ozone.container.common.states.endpoint.HeartbeatEndpointTask.call(HeartbeatEndpointTask.java:185)
	at org.apache.hadoop.ozone.container.common.states.endpoint.HeartbeatEndpointTask.call(HeartbeatEndpointTask.java:87)
	at java.util.concurrent.FutureTask.run(FutureTask.java:266)
	at java.util.concurrent.ThreadPoolExecutor.runWorker(ThreadPoolExecutor.java:1149)
	at java.util.concurrent.ThreadPoolExecutor$Worker.run(ThreadPoolExecutor.java:624)
	at java.lang.Thread.run(Thread.java:750)
Caused by: java.io.EOFException
	at java.io.DataInputStream.readInt(DataInputStream.java:392)
	at org.apache.hadoop.ipc.Client$IpcStreams.readResponse(Client.java:1892)
	at org.apache.hadoop.ipc.Client$Connection.receiveRpcResponse(Client.java:1202)
	at org.apache.hadoop.ipc.Client$Connection.run(Client.java:1098)
2022-10-04 13:26:50,420 [omNode-3@group-523986131536-FollowerState] INFO  impl.FollowerState (FollowerState.java:run(143)) - omNode-3@group-523986131536-FollowerState: change to CANDIDATE, lastRpcElapsedTime:1178557329ns, electionTimeout:1178ms
2022-10-04 13:26:50,420 [omNode-3@group-523986131536-FollowerState] INFO  impl.RoleInfo (RoleInfo.java:shutdownFollowerState(110)) - omNode-3: shutdown omNode-3@group-523986131536-FollowerState
2022-10-04 13:26:50,420 [omNode-3@group-523986131536-FollowerState] INFO  server.RaftServer$Division (RaftServerImpl.java:setRole(299)) - omNode-3@group-523986131536: changes role from  FOLLOWER to CANDIDATE at term 9 for changeToCandidate
2022-10-04 13:26:50,421 [omNode-3@group-523986131536-FollowerState] INFO  server.RaftServerConfigKeys (ConfUtils.java:logGet(46)) - raft.server.leaderelection.pre-vote = false (custom)
2022-10-04 13:26:50,421 [omNode-3@group-523986131536-FollowerState] INFO  impl.RoleInfo (RoleInfo.java:updateAndGet(139)) - omNode-3: start omNode-3@group-523986131536-LeaderElection21
2022-10-04 13:26:50,424 [omNode-3@group-523986131536-LeaderElection21] INFO  impl.LeaderElection (LeaderElection.java:askForVotes(310)) - omNode-3@group-523986131536-LeaderElection21 ELECTION round 0: submit vote requests at term 10 for 145: [omNode-3|rpc:localhost:35537|admin:|client:|dataStream:|priority:0, omNode-1|rpc:localhost:42223|admin:|client:|dataStream:|priority:0, omNode-2|rpc:localhost:33535|admin:|client:|dataStream:|priority:0], old=null
2022-10-04 13:26:50,425 [omNode-3@group-523986131536-LeaderElection21] INFO  impl.LeaderElection (LogUtils.java:infoOrTrace(137)) - omNode-3@group-523986131536-LeaderElection21 got exception when requesting votes: java.util.concurrent.ExecutionException: org.apache.ratis.thirdparty.io.grpc.StatusRuntimeException: UNAVAILABLE: io exception
2022-10-04 13:26:50,425 [omNode-3@group-523986131536-LeaderElection21] INFO  impl.LeaderElection (LogUtils.java:infoOrTrace(137)) - omNode-3@group-523986131536-LeaderElection21 got exception when requesting votes: java.util.concurrent.ExecutionException: org.apache.ratis.thirdparty.io.grpc.StatusRuntimeException: UNAVAILABLE: io exception
2022-10-04 13:26:50,426 [omNode-3@group-523986131536-LeaderElection21] INFO  impl.LeaderElection (LeaderElection.java:logAndReturn(90)) - omNode-3@group-523986131536-LeaderElection21: ELECTION REJECTED received 0 response(s) and 2 exception(s):
2022-10-04 13:26:50,426 [omNode-3@group-523986131536-LeaderElection21] INFO  impl.LeaderElection (LogUtils.java:infoOrTrace(137)) -   Exception 0: java.util.concurrent.ExecutionException: org.apache.ratis.thirdparty.io.grpc.StatusRuntimeException: UNAVAILABLE: io exception
2022-10-04 13:26:50,426 [omNode-3@group-523986131536-LeaderElection21] INFO  impl.LeaderElection (LogUtils.java:infoOrTrace(137)) -   Exception 1: java.util.concurrent.ExecutionException: org.apache.ratis.thirdparty.io.grpc.StatusRuntimeException: UNAVAILABLE: io exception
2022-10-04 13:26:50,426 [omNode-3@group-523986131536-LeaderElection21] INFO  impl.LeaderElection (LeaderElection.java:askForVotes(312)) - omNode-3@group-523986131536-LeaderElection21 ELECTION round 0: result REJECTED
2022-10-04 13:26:50,426 [omNode-3@group-523986131536-LeaderElection21] INFO  server.RaftServer$Division (RaftServerImpl.java:setRole(299)) - omNode-3@group-523986131536: changes role from CANDIDATE to FOLLOWER at term 10 for REJECTED
2022-10-04 13:26:50,426 [omNode-3@group-523986131536-LeaderElection21] INFO  impl.RoleInfo (RoleInfo.java:shutdownLeaderElection(130)) - omNode-3: shutdown omNode-3@group-523986131536-LeaderElection21
2022-10-04 13:26:50,426 [omNode-3@group-523986131536-LeaderElection21] INFO  impl.RoleInfo (RoleInfo.java:updateAndGet(139)) - omNode-3: start omNode-3@group-523986131536-FollowerState
2022-10-04 13:26:51,432 [omNode-3@group-523986131536-FollowerState] INFO  impl.FollowerState (FollowerState.java:run(143)) - omNode-3@group-523986131536-FollowerState: change to CANDIDATE, lastRpcElapsedTime:1006480123ns, electionTimeout:1006ms
2022-10-04 13:26:51,433 [omNode-3@group-523986131536-FollowerState] INFO  impl.RoleInfo (RoleInfo.java:shutdownFollowerState(110)) - omNode-3: shutdown omNode-3@group-523986131536-FollowerState
2022-10-04 13:26:51,433 [omNode-3@group-523986131536-FollowerState] INFO  server.RaftServer$Division (RaftServerImpl.java:setRole(299)) - omNode-3@group-523986131536: changes role from  FOLLOWER to CANDIDATE at term 10 for changeToCandidate
2022-10-04 13:26:51,433 [omNode-3@group-523986131536-FollowerState] INFO  server.RaftServerConfigKeys (ConfUtils.java:logGet(46)) - raft.server.leaderelection.pre-vote = false (custom)
2022-10-04 13:26:51,433 [omNode-3@group-523986131536-FollowerState] INFO  impl.RoleInfo (RoleInfo.java:updateAndGet(139)) - omNode-3: start omNode-3@group-523986131536-LeaderElection22
2022-10-04 13:26:51,437 [omNode-3@group-523986131536-LeaderElection22] INFO  impl.LeaderElection (LeaderElection.java:askForVotes(310)) - omNode-3@group-523986131536-LeaderElection22 ELECTION round 0: submit vote requests at term 11 for 145: [omNode-3|rpc:localhost:35537|admin:|client:|dataStream:|priority:0, omNode-1|rpc:localhost:42223|admin:|client:|dataStream:|priority:0, omNode-2|rpc:localhost:33535|admin:|client:|dataStream:|priority:0], old=null
2022-10-04 13:26:51,438 [omNode-3@group-523986131536-LeaderElection22] INFO  impl.LeaderElection (LogUtils.java:infoOrTrace(137)) - omNode-3@group-523986131536-LeaderElection22 got exception when requesting votes: java.util.concurrent.ExecutionException: org.apache.ratis.thirdparty.io.grpc.StatusRuntimeException: UNAVAILABLE: io exception
2022-10-04 13:26:51,439 [omNode-3@group-523986131536-LeaderElection22] INFO  impl.LeaderElection (LogUtils.java:infoOrTrace(137)) - omNode-3@group-523986131536-LeaderElection22 got exception when requesting votes: java.util.concurrent.ExecutionException: org.apache.ratis.thirdparty.io.grpc.StatusRuntimeException: UNAVAILABLE: io exception
2022-10-04 13:26:51,439 [omNode-3@group-523986131536-LeaderElection22] INFO  impl.LeaderElection (LeaderElection.java:logAndReturn(90)) - omNode-3@group-523986131536-LeaderElection22: ELECTION REJECTED received 0 response(s) and 2 exception(s):
2022-10-04 13:26:51,439 [omNode-3@group-523986131536-LeaderElection22] INFO  impl.LeaderElection (LogUtils.java:infoOrTrace(137)) -   Exception 0: java.util.concurrent.ExecutionException: org.apache.ratis.thirdparty.io.grpc.StatusRuntimeException: UNAVAILABLE: io exception
2022-10-04 13:26:51,439 [omNode-3@group-523986131536-LeaderElection22] INFO  impl.LeaderElection (LogUtils.java:infoOrTrace(137)) -   Exception 1: java.util.concurrent.ExecutionException: org.apache.ratis.thirdparty.io.grpc.StatusRuntimeException: UNAVAILABLE: io exception
2022-10-04 13:26:51,439 [omNode-3@group-523986131536-LeaderElection22] INFO  impl.LeaderElection (LeaderElection.java:askForVotes(312)) - omNode-3@group-523986131536-LeaderElection22 ELECTION round 0: result REJECTED
2022-10-04 13:26:51,439 [omNode-3@group-523986131536-LeaderElection22] INFO  server.RaftServer$Division (RaftServerImpl.java:setRole(299)) - omNode-3@group-523986131536: changes role from CANDIDATE to FOLLOWER at term 11 for REJECTED
2022-10-04 13:26:51,439 [omNode-3@group-523986131536-LeaderElection22] INFO  impl.RoleInfo (RoleInfo.java:shutdownLeaderElection(130)) - omNode-3: shutdown omNode-3@group-523986131536-LeaderElection22
2022-10-04 13:26:51,439 [omNode-3@group-523986131536-LeaderElection22] INFO  impl.RoleInfo (RoleInfo.java:updateAndGet(139)) - omNode-3: start omNode-3@group-523986131536-FollowerState
2022-10-04 13:26:51,548 [EndpointStateMachine task thread for /0.0.0.0:41361 - 0 ] INFO  ipc.Client (Client.java:handleConnectionFailure(977)) - Retrying connect to server: 0.0.0.0/0.0.0.0:41361. Already tried 0 time(s); retry policy is RetryUpToMaximumCountWithFixedSleep(maxRetries=15, sleepTime=1000 MILLISECONDS)
2022-10-04 13:26:52,542 [omNode-3@group-523986131536-FollowerState] INFO  impl.FollowerState (FollowerState.java:run(143)) - omNode-3@group-523986131536-FollowerState: change to CANDIDATE, lastRpcElapsedTime:1102800454ns, electionTimeout:1102ms
2022-10-04 13:26:52,542 [omNode-3@group-523986131536-FollowerState] INFO  impl.RoleInfo (RoleInfo.java:shutdownFollowerState(110)) - omNode-3: shutdown omNode-3@group-523986131536-FollowerState
2022-10-04 13:26:52,542 [omNode-3@group-523986131536-FollowerState] INFO  server.RaftServer$Division (RaftServerImpl.java:setRole(299)) - omNode-3@group-523986131536: changes role from  FOLLOWER to CANDIDATE at term 11 for changeToCandidate
2022-10-04 13:26:52,542 [omNode-3@group-523986131536-FollowerState] INFO  server.RaftServerConfigKeys (ConfUtils.java:logGet(46)) - raft.server.leaderelection.pre-vote = false (custom)
2022-10-04 13:26:52,542 [omNode-3@group-523986131536-FollowerState] INFO  impl.RoleInfo (RoleInfo.java:updateAndGet(139)) - omNode-3: start omNode-3@group-523986131536-LeaderElection23
2022-10-04 13:26:52,545 [omNode-3@group-523986131536-LeaderElection23] INFO  impl.LeaderElection (LeaderElection.java:askForVotes(310)) - omNode-3@group-523986131536-LeaderElection23 ELECTION round 0: submit vote requests at term 12 for 145: [omNode-3|rpc:localhost:35537|admin:|client:|dataStream:|priority:0, omNode-1|rpc:localhost:42223|admin:|client:|dataStream:|priority:0, omNode-2|rpc:localhost:33535|admin:|client:|dataStream:|priority:0], old=null
2022-10-04 13:26:52,546 [omNode-3@group-523986131536-LeaderElection23] INFO  impl.LeaderElection (LogUtils.java:infoOrTrace(137)) - omNode-3@group-523986131536-LeaderElection23 got exception when requesting votes: java.util.concurrent.ExecutionException: org.apache.ratis.thirdparty.io.grpc.StatusRuntimeException: UNAVAILABLE: io exception
2022-10-04 13:26:52,547 [omNode-3@group-523986131536-LeaderElection23] INFO  impl.LeaderElection (LogUtils.java:infoOrTrace(137)) - omNode-3@group-523986131536-LeaderElection23 got exception when requesting votes: java.util.concurrent.ExecutionException: org.apache.ratis.thirdparty.io.grpc.StatusRuntimeException: UNAVAILABLE: io exception
2022-10-04 13:26:52,547 [omNode-3@group-523986131536-LeaderElection23] INFO  impl.LeaderElection (LeaderElection.java:logAndReturn(90)) - omNode-3@group-523986131536-LeaderElection23: ELECTION REJECTED received 0 response(s) and 2 exception(s):
2022-10-04 13:26:52,547 [omNode-3@group-523986131536-LeaderElection23] INFO  impl.LeaderElection (LogUtils.java:infoOrTrace(137)) -   Exception 0: java.util.concurrent.ExecutionException: org.apache.ratis.thirdparty.io.grpc.StatusRuntimeException: UNAVAILABLE: io exception
2022-10-04 13:26:52,547 [omNode-3@group-523986131536-LeaderElection23] INFO  impl.LeaderElection (LogUtils.java:infoOrTrace(137)) -   Exception 1: java.util.concurrent.ExecutionException: org.apache.ratis.thirdparty.io.grpc.StatusRuntimeException: UNAVAILABLE: io exception
2022-10-04 13:26:52,547 [omNode-3@group-523986131536-LeaderElection23] INFO  impl.LeaderElection (LeaderElection.java:askForVotes(312)) - omNode-3@group-523986131536-LeaderElection23 ELECTION round 0: result REJECTED
2022-10-04 13:26:52,547 [omNode-3@group-523986131536-LeaderElection23] INFO  server.RaftServer$Division (RaftServerImpl.java:setRole(299)) - omNode-3@group-523986131536: changes role from CANDIDATE to FOLLOWER at term 12 for REJECTED
2022-10-04 13:26:52,547 [omNode-3@group-523986131536-LeaderElection23] INFO  impl.RoleInfo (RoleInfo.java:shutdownLeaderElection(130)) - omNode-3: shutdown omNode-3@group-523986131536-LeaderElection23
2022-10-04 13:26:52,547 [omNode-3@group-523986131536-LeaderElection23] INFO  impl.RoleInfo (RoleInfo.java:updateAndGet(139)) - omNode-3: start omNode-3@group-523986131536-FollowerState
2022-10-04 13:26:52,549 [EndpointStateMachine task thread for /0.0.0.0:41361 - 0 ] INFO  ipc.Client (Client.java:handleConnectionFailure(977)) - Retrying connect to server: 0.0.0.0/0.0.0.0:41361. Already tried 1 time(s); retry policy is RetryUpToMaximumCountWithFixedSleep(maxRetries=15, sleepTime=1000 MILLISECONDS)
2022-10-04 13:26:53,550 [EndpointStateMachine task thread for /0.0.0.0:41361 - 0 ] INFO  ipc.Client (Client.java:handleConnectionFailure(977)) - Retrying connect to server: 0.0.0.0/0.0.0.0:41361. Already tried 2 time(s); retry policy is RetryUpToMaximumCountWithFixedSleep(maxRetries=15, sleepTime=1000 MILLISECONDS)
2022-10-04 13:26:53,636 [omNode-3@group-523986131536-FollowerState] INFO  impl.FollowerState (FollowerState.java:run(143)) - omNode-3@group-523986131536-FollowerState: change to CANDIDATE, lastRpcElapsedTime:1088665250ns, electionTimeout:1086ms
2022-10-04 13:26:53,636 [omNode-3@group-523986131536-FollowerState] INFO  impl.RoleInfo (RoleInfo.java:shutdownFollowerState(110)) - omNode-3: shutdown omNode-3@group-523986131536-FollowerState
2022-10-04 13:26:53,636 [omNode-3@group-523986131536-FollowerState] INFO  server.RaftServer$Division (RaftServerImpl.java:setRole(299)) - omNode-3@group-523986131536: changes role from  FOLLOWER to CANDIDATE at term 12 for changeToCandidate
2022-10-04 13:26:53,636 [omNode-3@group-523986131536-FollowerState] INFO  server.RaftServerConfigKeys (ConfUtils.java:logGet(46)) - raft.server.leaderelection.pre-vote = false (custom)
2022-10-04 13:26:53,636 [omNode-3@group-523986131536-FollowerState] INFO  impl.RoleInfo (RoleInfo.java:updateAndGet(139)) - omNode-3: start omNode-3@group-523986131536-LeaderElection24
2022-10-04 13:26:53,640 [omNode-3@group-523986131536-LeaderElection24] INFO  impl.LeaderElection (LeaderElection.java:askForVotes(310)) - omNode-3@group-523986131536-LeaderElection24 ELECTION round 0: submit vote requests at term 13 for 145: [omNode-3|rpc:localhost:35537|admin:|client:|dataStream:|priority:0, omNode-1|rpc:localhost:42223|admin:|client:|dataStream:|priority:0, omNode-2|rpc:localhost:33535|admin:|client:|dataStream:|priority:0], old=null
2022-10-04 13:26:53,641 [omNode-3@group-523986131536-LeaderElection24] INFO  impl.LeaderElection (LogUtils.java:infoOrTrace(137)) - omNode-3@group-523986131536-LeaderElection24 got exception when requesting votes: java.util.concurrent.ExecutionException: org.apache.ratis.thirdparty.io.grpc.StatusRuntimeException: UNAVAILABLE: io exception
2022-10-04 13:26:53,641 [omNode-3@group-523986131536-LeaderElection24] INFO  impl.LeaderElection (LogUtils.java:infoOrTrace(137)) - omNode-3@group-523986131536-LeaderElection24 got exception when requesting votes: java.util.concurrent.ExecutionException: org.apache.ratis.thirdparty.io.grpc.StatusRuntimeException: UNAVAILABLE: io exception
2022-10-04 13:26:53,641 [omNode-3@group-523986131536-LeaderElection24] INFO  impl.LeaderElection (LeaderElection.java:logAndReturn(90)) - omNode-3@group-523986131536-LeaderElection24: ELECTION REJECTED received 0 response(s) and 2 exception(s):
2022-10-04 13:26:53,641 [omNode-3@group-523986131536-LeaderElection24] INFO  impl.LeaderElection (LogUtils.java:infoOrTrace(137)) -   Exception 0: java.util.concurrent.ExecutionException: org.apache.ratis.thirdparty.io.grpc.StatusRuntimeException: UNAVAILABLE: io exception
2022-10-04 13:26:53,641 [omNode-3@group-523986131536-LeaderElection24] INFO  impl.LeaderElection (LogUtils.java:infoOrTrace(137)) -   Exception 1: java.util.concurrent.ExecutionException: org.apache.ratis.thirdparty.io.grpc.StatusRuntimeException: UNAVAILABLE: io exception
2022-10-04 13:26:53,641 [omNode-3@group-523986131536-LeaderElection24] INFO  impl.LeaderElection (LeaderElection.java:askForVotes(312)) - omNode-3@group-523986131536-LeaderElection24 ELECTION round 0: result REJECTED
2022-10-04 13:26:53,641 [omNode-3@group-523986131536-LeaderElection24] INFO  server.RaftServer$Division (RaftServerImpl.java:setRole(299)) - omNode-3@group-523986131536: changes role from CANDIDATE to FOLLOWER at term 13 for REJECTED
2022-10-04 13:26:53,642 [omNode-3@group-523986131536-LeaderElection24] INFO  impl.RoleInfo (RoleInfo.java:shutdownLeaderElection(130)) - omNode-3: shutdown omNode-3@group-523986131536-LeaderElection24
2022-10-04 13:26:53,642 [omNode-3@group-523986131536-LeaderElection24] INFO  impl.RoleInfo (RoleInfo.java:updateAndGet(139)) - omNode-3: start omNode-3@group-523986131536-FollowerState
2022-10-04 13:26:54,119 [Listener at localhost/45931] INFO  ozoneimpl.OzoneContainer (OzoneContainer.java:stop(400)) - Attempting to stop container services.
2022-10-04 13:26:54,119 [ForkJoinPool.commonPool-worker-0] INFO  ozoneimpl.OzoneContainer (OzoneContainer.java:stop(400)) - Attempting to stop container services.
2022-10-04 13:26:54,120 [Listener at localhost/45931] INFO  server.RaftServer (RaftServerProxy.java:lambda$close$7(398)) - 8036fef3-52ee-40d8-bc71-c3943af78d41: close
2022-10-04 13:26:54,120 [ForkJoinPool.commonPool-worker-0] INFO  server.RaftServer (RaftServerProxy.java:lambda$close$7(398)) - c90336e2-d91d-49cc-aa4b-bbf13dfdddb4: close
2022-10-04 13:26:54,120 [Listener at localhost/45931] INFO  server.RaftServer$Division (RaftServerImpl.java:lambda$close$4(434)) - 8036fef3-52ee-40d8-bc71-c3943af78d41@group-547E0F5B65A3: shutdown
2022-10-04 13:26:54,121 [ForkJoinPool.commonPool-worker-0] INFO  server.RaftServer$Division (RaftServerImpl.java:lambda$close$4(434)) - c90336e2-d91d-49cc-aa4b-bbf13dfdddb4@group-DFB956EFFE94: shutdown
2022-10-04 13:26:54,121 [Listener at localhost/45931] INFO  util.JmxRegister (JmxRegister.java:unregister(73)) - Successfully un-registered JMX Bean with object name Ratis:service=RaftServer,group=group-547E0F5B65A3,id=8036fef3-52ee-40d8-bc71-c3943af78d41
2022-10-04 13:26:54,121 [ForkJoinPool.commonPool-worker-0] INFO  util.JmxRegister (JmxRegister.java:unregister(73)) - Successfully un-registered JMX Bean with object name Ratis:service=RaftServer,group=group-DFB956EFFE94,id=c90336e2-d91d-49cc-aa4b-bbf13dfdddb4
2022-10-04 13:26:54,121 [ForkJoinPool.commonPool-worker-0] INFO  impl.RoleInfo (RoleInfo.java:shutdownFollowerState(110)) - c90336e2-d91d-49cc-aa4b-bbf13dfdddb4: shutdown c90336e2-d91d-49cc-aa4b-bbf13dfdddb4@group-DFB956EFFE94-FollowerState
2022-10-04 13:26:54,121 [Listener at localhost/45931] INFO  impl.RoleInfo (RoleInfo.java:shutdownLeaderState(93)) - 8036fef3-52ee-40d8-bc71-c3943af78d41: shutdown 8036fef3-52ee-40d8-bc71-c3943af78d41@group-547E0F5B65A3-LeaderStateImpl
2022-10-04 13:26:54,122 [Listener at localhost/45931] INFO  impl.PendingRequests (PendingRequests.java:sendNotLeaderResponses(282)) - 8036fef3-52ee-40d8-bc71-c3943af78d41@group-547E0F5B65A3-PendingRequests: sendNotLeaderResponses
2022-10-04 13:26:54,121 [ForkJoinPool.commonPool-worker-0] INFO  impl.StateMachineUpdater (StateMachineUpdater.java:stopAndJoin(153)) - c90336e2-d91d-49cc-aa4b-bbf13dfdddb4@group-DFB956EFFE94-StateMachineUpdater: set stopIndex = 0
2022-10-04 13:26:54,121 [c90336e2-d91d-49cc-aa4b-bbf13dfdddb4@group-DFB956EFFE94-FollowerState] INFO  impl.FollowerState (FollowerState.java:run(152)) - c90336e2-d91d-49cc-aa4b-bbf13dfdddb4@group-DFB956EFFE94-FollowerState was interrupted
2022-10-04 13:26:54,125 [Listener at localhost/45931] INFO  impl.StateMachineUpdater (StateMachineUpdater.java:stopAndJoin(153)) - 8036fef3-52ee-40d8-bc71-c3943af78d41@group-547E0F5B65A3-StateMachineUpdater: set stopIndex = 12
2022-10-04 13:26:54,127 [8036fef3-52ee-40d8-bc71-c3943af78d41@group-547E0F5B65A3-StateMachineUpdater] INFO  ratis.ContainerStateMachine (ContainerStateMachine.java:takeSnapshot(304)) - group-547E0F5B65A3: Taking a snapshot at:(t:1, i:12) file /home/runner/work/ozone/ozone/hadoop-ozone/integration-test/target/test-dir/MiniOzoneClusterImpl-6e9557d8-a31c-49e5-bba1-8bc95799a8b8/datanode-1/data/ratis/38bdfe65-1450-49bd-b493-547e0f5b65a3/sm/snapshot.1_12
2022-10-04 13:26:54,122 [c90336e2-d91d-49cc-aa4b-bbf13dfdddb4@group-DFB956EFFE94-StateMachineUpdater] INFO  ratis.ContainerStateMachine (ContainerStateMachine.java:takeSnapshot(304)) - group-DFB956EFFE94: Taking a snapshot at:(t:2, i:0) file /home/runner/work/ozone/ozone/hadoop-ozone/integration-test/target/test-dir/MiniOzoneClusterImpl-6e9557d8-a31c-49e5-bba1-8bc95799a8b8/datanode-0/data/ratis/f11c729a-18a8-4e49-bdc7-dfb956effe94/sm/snapshot.2_0
2022-10-04 13:26:54,148 [c90336e2-d91d-49cc-aa4b-bbf13dfdddb4@group-DFB956EFFE94-StateMachineUpdater] INFO  ratis.ContainerStateMachine (ContainerStateMachine.java:takeSnapshot(315)) - group-DFB956EFFE94: Finished taking a snapshot at:(t:2, i:0) file:/home/runner/work/ozone/ozone/hadoop-ozone/integration-test/target/test-dir/MiniOzoneClusterImpl-6e9557d8-a31c-49e5-bba1-8bc95799a8b8/datanode-0/data/ratis/f11c729a-18a8-4e49-bdc7-dfb956effe94/sm/snapshot.2_0 took: 26 ms
2022-10-04 13:26:54,149 [c90336e2-d91d-49cc-aa4b-bbf13dfdddb4@group-DFB956EFFE94-StateMachineUpdater] INFO  impl.StateMachineUpdater (StateMachineUpdater.java:takeSnapshot(287)) - c90336e2-d91d-49cc-aa4b-bbf13dfdddb4@group-DFB956EFFE94-StateMachineUpdater: Took a snapshot at index 0
2022-10-04 13:26:54,149 [c90336e2-d91d-49cc-aa4b-bbf13dfdddb4@group-DFB956EFFE94-StateMachineUpdater] INFO  impl.StateMachineUpdater (StateMachineUpdater.java:lambda$new$0(92)) - c90336e2-d91d-49cc-aa4b-bbf13dfdddb4@group-DFB956EFFE94-StateMachineUpdater: snapshotIndex: updateIncreasingly -1 -> 0
2022-10-04 13:26:54,155 [ForkJoinPool.commonPool-worker-0] INFO  server.RaftServer$Division (ServerState.java:close(429)) - c90336e2-d91d-49cc-aa4b-bbf13dfdddb4@group-DFB956EFFE94: closes. applyIndex: 0
2022-10-04 13:26:54,155 [c90336e2-d91d-49cc-aa4b-bbf13dfdddb4@group-DFB956EFFE94-SegmentedRaftLogWorker] INFO  segmented.SegmentedRaftLogWorker (SegmentedRaftLogWorker.java:run(336)) - c90336e2-d91d-49cc-aa4b-bbf13dfdddb4@group-DFB956EFFE94-SegmentedRaftLogWorker was interrupted, exiting. There are 0 tasks remaining in the queue.
2022-10-04 13:26:54,156 [ForkJoinPool.commonPool-worker-0] INFO  segmented.SegmentedRaftLogWorker (SegmentedRaftLogWorker.java:close(246)) - c90336e2-d91d-49cc-aa4b-bbf13dfdddb4@group-DFB956EFFE94-SegmentedRaftLogWorker close()
2022-10-04 13:26:54,156 [8036fef3-52ee-40d8-bc71-c3943af78d41@group-547E0F5B65A3-StateMachineUpdater] INFO  ratis.ContainerStateMachine (ContainerStateMachine.java:takeSnapshot(315)) - group-547E0F5B65A3: Finished taking a snapshot at:(t:1, i:12) file:/home/runner/work/ozone/ozone/hadoop-ozone/integration-test/target/test-dir/MiniOzoneClusterImpl-6e9557d8-a31c-49e5-bba1-8bc95799a8b8/datanode-1/data/ratis/38bdfe65-1450-49bd-b493-547e0f5b65a3/sm/snapshot.1_12 took: 29 ms
2022-10-04 13:26:54,157 [ForkJoinPool.commonPool-worker-0] INFO  server.RaftServer$Division (RaftServerImpl.java:lambda$close$4(434)) - c90336e2-d91d-49cc-aa4b-bbf13dfdddb4@group-3D50D9FA4EAF: shutdown
2022-10-04 13:26:54,157 [ForkJoinPool.commonPool-worker-0] INFO  util.JmxRegister (JmxRegister.java:unregister(73)) - Successfully un-registered JMX Bean with object name Ratis:service=RaftServer,group=group-3D50D9FA4EAF,id=c90336e2-d91d-49cc-aa4b-bbf13dfdddb4
2022-10-04 13:26:54,157 [ForkJoinPool.commonPool-worker-0] INFO  impl.RoleInfo (RoleInfo.java:shutdownLeaderState(93)) - c90336e2-d91d-49cc-aa4b-bbf13dfdddb4: shutdown c90336e2-d91d-49cc-aa4b-bbf13dfdddb4@group-3D50D9FA4EAF-LeaderStateImpl
2022-10-04 13:26:54,157 [8036fef3-52ee-40d8-bc71-c3943af78d41@group-547E0F5B65A3-StateMachineUpdater] INFO  impl.StateMachineUpdater (StateMachineUpdater.java:takeSnapshot(287)) - 8036fef3-52ee-40d8-bc71-c3943af78d41@group-547E0F5B65A3-StateMachineUpdater: Took a snapshot at index 12
2022-10-04 13:26:54,157 [ForkJoinPool.commonPool-worker-0] INFO  impl.PendingRequests (PendingRequests.java:sendNotLeaderResponses(282)) - c90336e2-d91d-49cc-aa4b-bbf13dfdddb4@group-3D50D9FA4EAF-PendingRequests: sendNotLeaderResponses
2022-10-04 13:26:54,157 [8036fef3-52ee-40d8-bc71-c3943af78d41@group-547E0F5B65A3-StateMachineUpdater] INFO  impl.StateMachineUpdater (StateMachineUpdater.java:lambda$new$0(92)) - 8036fef3-52ee-40d8-bc71-c3943af78d41@group-547E0F5B65A3-StateMachineUpdater: snapshotIndex: updateIncreasingly -1 -> 12
2022-10-04 13:26:54,162 [ForkJoinPool.commonPool-worker-0] INFO  impl.StateMachineUpdater (StateMachineUpdater.java:stopAndJoin(153)) - c90336e2-d91d-49cc-aa4b-bbf13dfdddb4@group-3D50D9FA4EAF-StateMachineUpdater: set stopIndex = 16
2022-10-04 13:26:54,163 [c90336e2-d91d-49cc-aa4b-bbf13dfdddb4@group-3D50D9FA4EAF-StateMachineUpdater] INFO  ratis.ContainerStateMachine (ContainerStateMachine.java:takeSnapshot(304)) - group-3D50D9FA4EAF: Taking a snapshot at:(t:1, i:16) file /home/runner/work/ozone/ozone/hadoop-ozone/integration-test/target/test-dir/MiniOzoneClusterImpl-6e9557d8-a31c-49e5-bba1-8bc95799a8b8/datanode-0/data/ratis/a23da3b9-a56b-4e57-bce6-3d50d9fa4eaf/sm/snapshot.1_16
2022-10-04 13:26:54,165 [c90336e2-d91d-49cc-aa4b-bbf13dfdddb4@group-3D50D9FA4EAF-StateMachineUpdater] INFO  ratis.ContainerStateMachine (ContainerStateMachine.java:takeSnapshot(315)) - group-3D50D9FA4EAF: Finished taking a snapshot at:(t:1, i:16) file:/home/runner/work/ozone/ozone/hadoop-ozone/integration-test/target/test-dir/MiniOzoneClusterImpl-6e9557d8-a31c-49e5-bba1-8bc95799a8b8/datanode-0/data/ratis/a23da3b9-a56b-4e57-bce6-3d50d9fa4eaf/sm/snapshot.1_16 took: 2 ms
2022-10-04 13:26:54,165 [c90336e2-d91d-49cc-aa4b-bbf13dfdddb4@group-3D50D9FA4EAF-StateMachineUpdater] INFO  impl.StateMachineUpdater (StateMachineUpdater.java:takeSnapshot(287)) - c90336e2-d91d-49cc-aa4b-bbf13dfdddb4@group-3D50D9FA4EAF-StateMachineUpdater: Took a snapshot at index 16
2022-10-04 13:26:54,165 [c90336e2-d91d-49cc-aa4b-bbf13dfdddb4@group-3D50D9FA4EAF-StateMachineUpdater] INFO  impl.StateMachineUpdater (StateMachineUpdater.java:lambda$new$0(92)) - c90336e2-d91d-49cc-aa4b-bbf13dfdddb4@group-3D50D9FA4EAF-StateMachineUpdater: snapshotIndex: updateIncreasingly -1 -> 16
2022-10-04 13:26:54,166 [ForkJoinPool.commonPool-worker-0] INFO  server.RaftServer$Division (ServerState.java:close(429)) - c90336e2-d91d-49cc-aa4b-bbf13dfdddb4@group-3D50D9FA4EAF: closes. applyIndex: 16
2022-10-04 13:26:54,166 [c90336e2-d91d-49cc-aa4b-bbf13dfdddb4@group-3D50D9FA4EAF-SegmentedRaftLogWorker] INFO  segmented.SegmentedRaftLogWorker (SegmentedRaftLogWorker.java:run(336)) - c90336e2-d91d-49cc-aa4b-bbf13dfdddb4@group-3D50D9FA4EAF-SegmentedRaftLogWorker was interrupted, exiting. There are 0 tasks remaining in the queue.
2022-10-04 13:26:54,167 [ForkJoinPool.commonPool-worker-0] INFO  segmented.SegmentedRaftLogWorker (SegmentedRaftLogWorker.java:close(246)) - c90336e2-d91d-49cc-aa4b-bbf13dfdddb4@group-3D50D9FA4EAF-SegmentedRaftLogWorker close()
2022-10-04 13:26:54,167 [Listener at localhost/45931] INFO  server.RaftServer$Division (ServerState.java:close(429)) - 8036fef3-52ee-40d8-bc71-c3943af78d41@group-547E0F5B65A3: closes. applyIndex: 12
2022-10-04 13:26:54,171 [8036fef3-52ee-40d8-bc71-c3943af78d41@group-547E0F5B65A3-SegmentedRaftLogWorker] INFO  segmented.SegmentedRaftLogWorker (SegmentedRaftLogWorker.java:run(336)) - 8036fef3-52ee-40d8-bc71-c3943af78d41@group-547E0F5B65A3-SegmentedRaftLogWorker was interrupted, exiting. There are 0 tasks remaining in the queue.
2022-10-04 13:26:54,171 [ForkJoinPool.commonPool-worker-0] INFO  server.RaftServer$Division (RaftServerImpl.java:lambda$close$4(434)) - c90336e2-d91d-49cc-aa4b-bbf13dfdddb4@group-9184019B8379: shutdown
2022-10-04 13:26:54,171 [ForkJoinPool.commonPool-worker-0] INFO  util.JmxRegister (JmxRegister.java:unregister(73)) - Successfully un-registered JMX Bean with object name Ratis:service=RaftServer,group=group-9184019B8379,id=c90336e2-d91d-49cc-aa4b-bbf13dfdddb4
2022-10-04 13:26:54,171 [ForkJoinPool.commonPool-worker-0] INFO  impl.RoleInfo (RoleInfo.java:shutdownLeaderState(93)) - c90336e2-d91d-49cc-aa4b-bbf13dfdddb4: shutdown c90336e2-d91d-49cc-aa4b-bbf13dfdddb4@group-9184019B8379-LeaderStateImpl
2022-10-04 13:26:54,171 [ForkJoinPool.commonPool-worker-0] INFO  impl.PendingRequests (PendingRequests.java:sendNotLeaderResponses(282)) - c90336e2-d91d-49cc-aa4b-bbf13dfdddb4@group-9184019B8379-PendingRequests: sendNotLeaderResponses
2022-10-04 13:26:54,171 [c90336e2-d91d-49cc-aa4b-bbf13dfdddb4@group-9184019B8379->53175bfc-7fac-47e0-bbdf-d2c660bed80b-GrpcLogAppender-LogAppenderDaemon] WARN  server.GrpcLogAppender (GrpcLogAppender.java:mayWait(171)) - c90336e2-d91d-49cc-aa4b-bbf13dfdddb4@group-9184019B8379->53175bfc-7fac-47e0-bbdf-d2c660bed80b-GrpcLogAppender: Wait interrupted by java.lang.InterruptedException
2022-10-04 13:26:54,172 [ForkJoinPool.commonPool-worker-0] INFO  impl.StateMachineUpdater (StateMachineUpdater.java:stopAndJoin(153)) - c90336e2-d91d-49cc-aa4b-bbf13dfdddb4@group-9184019B8379-StateMachineUpdater: set stopIndex = 0
2022-10-04 13:26:54,171 [c90336e2-d91d-49cc-aa4b-bbf13dfdddb4@group-9184019B8379->8036fef3-52ee-40d8-bc71-c3943af78d41-GrpcLogAppender-LogAppenderDaemon] WARN  server.GrpcLogAppender (GrpcLogAppender.java:mayWait(171)) - c90336e2-d91d-49cc-aa4b-bbf13dfdddb4@group-9184019B8379->8036fef3-52ee-40d8-bc71-c3943af78d41-GrpcLogAppender: Wait interrupted by java.lang.InterruptedException
2022-10-04 13:26:54,172 [c90336e2-d91d-49cc-aa4b-bbf13dfdddb4@group-9184019B8379-StateMachineUpdater] INFO  ratis.ContainerStateMachine (ContainerStateMachine.java:takeSnapshot(304)) - group-9184019B8379: Taking a snapshot at:(t:2, i:0) file /home/runner/work/ozone/ozone/hadoop-ozone/integration-test/target/test-dir/MiniOzoneClusterImpl-6e9557d8-a31c-49e5-bba1-8bc95799a8b8/datanode-0/data/ratis/3afe47b4-9ff0-4b96-ab86-9184019b8379/sm/snapshot.2_0
2022-10-04 13:26:54,172 [grpc-default-executor-3] INFO  server.GrpcServerProtocolService (GrpcServerProtocolService.java:onCompleted(140)) - 53175bfc-7fac-47e0-bbdf-d2c660bed80b: Completed APPEND_ENTRIES, lastRequest: c90336e2-d91d-49cc-aa4b-bbf13dfdddb4->53175bfc-7fac-47e0-bbdf-d2c660bed80b#1-t2,previous=(t:0, i:0),leaderCommit=-1,initializing? true,entries: size=1, first=(t:2, i:0), CONFIGURATIONENTRY
2022-10-04 13:26:54,171 [Listener at localhost/45931] INFO  segmented.SegmentedRaftLogWorker (SegmentedRaftLogWorker.java:close(246)) - 8036fef3-52ee-40d8-bc71-c3943af78d41@group-547E0F5B65A3-SegmentedRaftLogWorker close()
2022-10-04 13:26:54,174 [c90336e2-d91d-49cc-aa4b-bbf13dfdddb4@group-9184019B8379-StateMachineUpdater] INFO  ratis.ContainerStateMachine (ContainerStateMachine.java:takeSnapshot(315)) - group-9184019B8379: Finished taking a snapshot at:(t:2, i:0) file:/home/runner/work/ozone/ozone/hadoop-ozone/integration-test/target/test-dir/MiniOzoneClusterImpl-6e9557d8-a31c-49e5-bba1-8bc95799a8b8/datanode-0/data/ratis/3afe47b4-9ff0-4b96-ab86-9184019b8379/sm/snapshot.2_0 took: 2 ms
2022-10-04 13:26:54,172 [grpc-default-executor-4] INFO  server.GrpcServerProtocolService (GrpcServerProtocolService.java:onCompleted(140)) - 8036fef3-52ee-40d8-bc71-c3943af78d41: Completed APPEND_ENTRIES, lastRequest: c90336e2-d91d-49cc-aa4b-bbf13dfdddb4->8036fef3-52ee-40d8-bc71-c3943af78d41#1-t2,previous=(t:0, i:0),leaderCommit=-1,initializing? true,entries: size=1, first=(t:2, i:0), CONFIGURATIONENTRY
2022-10-04 13:26:54,174 [c90336e2-d91d-49cc-aa4b-bbf13dfdddb4@group-9184019B8379-StateMachineUpdater] INFO  impl.StateMachineUpdater (StateMachineUpdater.java:takeSnapshot(287)) - c90336e2-d91d-49cc-aa4b-bbf13dfdddb4@group-9184019B8379-StateMachineUpdater: Took a snapshot at index 0
2022-10-04 13:26:54,174 [c90336e2-d91d-49cc-aa4b-bbf13dfdddb4@group-9184019B8379-StateMachineUpdater] INFO  impl.StateMachineUpdater (StateMachineUpdater.java:lambda$new$0(92)) - c90336e2-d91d-49cc-aa4b-bbf13dfdddb4@group-9184019B8379-StateMachineUpdater: snapshotIndex: updateIncreasingly -1 -> 0
2022-10-04 13:26:54,175 [ForkJoinPool.commonPool-worker-0] INFO  server.RaftServer$Division (ServerState.java:close(429)) - c90336e2-d91d-49cc-aa4b-bbf13dfdddb4@group-9184019B8379: closes. applyIndex: 0
2022-10-04 13:26:54,175 [grpc-default-executor-3] INFO  server.GrpcLogAppender (GrpcLogAppender.java:onCompleted(339)) - c90336e2-d91d-49cc-aa4b-bbf13dfdddb4@group-9184019B8379->8036fef3-52ee-40d8-bc71-c3943af78d41-AppendLogResponseHandler: follower responses appendEntries COMPLETED
2022-10-04 13:26:54,176 [c90336e2-d91d-49cc-aa4b-bbf13dfdddb4@group-9184019B8379-SegmentedRaftLogWorker] INFO  segmented.SegmentedRaftLogWorker (SegmentedRaftLogWorker.java:run(336)) - c90336e2-d91d-49cc-aa4b-bbf13dfdddb4@group-9184019B8379-SegmentedRaftLogWorker was interrupted, exiting. There are 0 tasks remaining in the queue.
2022-10-04 13:26:54,176 [grpc-default-executor-3] INFO  leader.FollowerInfo (FollowerInfoImpl.java:lambda$new$0(48)) - c90336e2-d91d-49cc-aa4b-bbf13dfdddb4@group-9184019B8379->8036fef3-52ee-40d8-bc71-c3943af78d41: nextIndex: updateUnconditionally 1 -> 0
2022-10-04 13:26:54,175 [grpc-default-executor-4] INFO  server.GrpcLogAppender (GrpcLogAppender.java:onCompleted(339)) - c90336e2-d91d-49cc-aa4b-bbf13dfdddb4@group-9184019B8379->53175bfc-7fac-47e0-bbdf-d2c660bed80b-AppendLogResponseHandler: follower responses appendEntries COMPLETED
2022-10-04 13:26:54,176 [grpc-default-executor-4] INFO  leader.FollowerInfo (FollowerInfoImpl.java:lambda$new$0(48)) - c90336e2-d91d-49cc-aa4b-bbf13dfdddb4@group-9184019B8379->53175bfc-7fac-47e0-bbdf-d2c660bed80b: nextIndex: updateUnconditionally 1 -> 0
2022-10-04 13:26:54,176 [ForkJoinPool.commonPool-worker-0] INFO  segmented.SegmentedRaftLogWorker (SegmentedRaftLogWorker.java:close(246)) - c90336e2-d91d-49cc-aa4b-bbf13dfdddb4@group-9184019B8379-SegmentedRaftLogWorker close()
2022-10-04 13:26:54,177 [Listener at localhost/45931] INFO  server.RaftServer$Division (RaftServerImpl.java:lambda$close$4(434)) - 8036fef3-52ee-40d8-bc71-c3943af78d41@group-DFB956EFFE94: shutdown
2022-10-04 13:26:54,177 [Listener at localhost/45931] INFO  util.JmxRegister (JmxRegister.java:unregister(73)) - Successfully un-registered JMX Bean with object name Ratis:service=RaftServer,group=group-DFB956EFFE94,id=8036fef3-52ee-40d8-bc71-c3943af78d41
2022-10-04 13:26:54,177 [Listener at localhost/45931] INFO  impl.RoleInfo (RoleInfo.java:shutdownLeaderState(93)) - 8036fef3-52ee-40d8-bc71-c3943af78d41: shutdown 8036fef3-52ee-40d8-bc71-c3943af78d41@group-DFB956EFFE94-LeaderStateImpl
2022-10-04 13:26:54,178 [Listener at localhost/45931] INFO  impl.PendingRequests (PendingRequests.java:sendNotLeaderResponses(282)) - 8036fef3-52ee-40d8-bc71-c3943af78d41@group-DFB956EFFE94-PendingRequests: sendNotLeaderResponses
2022-10-04 13:26:54,178 [8036fef3-52ee-40d8-bc71-c3943af78d41@group-DFB956EFFE94->c90336e2-d91d-49cc-aa4b-bbf13dfdddb4-GrpcLogAppender-LogAppenderDaemon] WARN  server.GrpcLogAppender (GrpcLogAppender.java:mayWait(171)) - 8036fef3-52ee-40d8-bc71-c3943af78d41@group-DFB956EFFE94->c90336e2-d91d-49cc-aa4b-bbf13dfdddb4-GrpcLogAppender: Wait interrupted by java.lang.InterruptedException
2022-10-04 13:26:54,178 [8036fef3-52ee-40d8-bc71-c3943af78d41@group-DFB956EFFE94->53175bfc-7fac-47e0-bbdf-d2c660bed80b-GrpcLogAppender-LogAppenderDaemon] WARN  server.GrpcLogAppender (GrpcLogAppender.java:mayWait(171)) - 8036fef3-52ee-40d8-bc71-c3943af78d41@group-DFB956EFFE94->53175bfc-7fac-47e0-bbdf-d2c660bed80b-GrpcLogAppender: Wait interrupted by java.lang.InterruptedException
2022-10-04 13:26:54,179 [ForkJoinPool.commonPool-worker-0] INFO  server.GrpcService (GrpcService.java:closeImpl(269)) - c90336e2-d91d-49cc-aa4b-bbf13dfdddb4: shutdown server with port 44899 now
2022-10-04 13:26:54,179 [8036fef3-52ee-40d8-bc71-c3943af78d41@group-DFB956EFFE94-StateMachineUpdater] INFO  ratis.ContainerStateMachine (ContainerStateMachine.java:takeSnapshot(304)) - group-DFB956EFFE94: Taking a snapshot at:(t:2, i:0) file /home/runner/work/ozone/ozone/hadoop-ozone/integration-test/target/test-dir/MiniOzoneClusterImpl-6e9557d8-a31c-49e5-bba1-8bc95799a8b8/datanode-1/data/ratis/f11c729a-18a8-4e49-bdc7-dfb956effe94/sm/snapshot.2_0
2022-10-04 13:26:54,179 [grpc-default-executor-4] INFO  server.GrpcServerProtocolService (GrpcServerProtocolService.java:onCompleted(140)) - 53175bfc-7fac-47e0-bbdf-d2c660bed80b: Completed APPEND_ENTRIES, lastRequest: 8036fef3-52ee-40d8-bc71-c3943af78d41->53175bfc-7fac-47e0-bbdf-d2c660bed80b#1-t2,previous=(t:0, i:0),leaderCommit=0,initializing? true,entries: size=1, first=(t:2, i:0), CONFIGURATIONENTRY
2022-10-04 13:26:54,180 [8036fef3-52ee-40d8-bc71-c3943af78d41@group-DFB956EFFE94-StateMachineUpdater] INFO  ratis.ContainerStateMachine (ContainerStateMachine.java:takeSnapshot(315)) - group-DFB956EFFE94: Finished taking a snapshot at:(t:2, i:0) file:/home/runner/work/ozone/ozone/hadoop-ozone/integration-test/target/test-dir/MiniOzoneClusterImpl-6e9557d8-a31c-49e5-bba1-8bc95799a8b8/datanode-1/data/ratis/f11c729a-18a8-4e49-bdc7-dfb956effe94/sm/snapshot.2_0 took: 1 ms
2022-10-04 13:26:54,180 [grpc-default-executor-3] INFO  server.GrpcServerProtocolService (GrpcServerProtocolService.java:onCompleted(140)) - c90336e2-d91d-49cc-aa4b-bbf13dfdddb4: Completed APPEND_ENTRIES, lastRequest: 8036fef3-52ee-40d8-bc71-c3943af78d41->c90336e2-d91d-49cc-aa4b-bbf13dfdddb4#1-t2,previous=(t:0, i:0),leaderCommit=-1,initializing? true,entries: size=1, first=(t:2, i:0), CONFIGURATIONENTRY
2022-10-04 13:26:54,180 [8036fef3-52ee-40d8-bc71-c3943af78d41@group-DFB956EFFE94-StateMachineUpdater] INFO  impl.StateMachineUpdater (StateMachineUpdater.java:takeSnapshot(287)) - 8036fef3-52ee-40d8-bc71-c3943af78d41@group-DFB956EFFE94-StateMachineUpdater: Took a snapshot at index 0
2022-10-04 13:26:54,180 [8036fef3-52ee-40d8-bc71-c3943af78d41@group-DFB956EFFE94-StateMachineUpdater] INFO  impl.StateMachineUpdater (StateMachineUpdater.java:lambda$new$0(92)) - 8036fef3-52ee-40d8-bc71-c3943af78d41@group-DFB956EFFE94-StateMachineUpdater: snapshotIndex: updateIncreasingly -1 -> 0
2022-10-04 13:26:54,181 [grpc-default-executor-4] INFO  server.GrpcLogAppender (GrpcLogAppender.java:onCompleted(339)) - 8036fef3-52ee-40d8-bc71-c3943af78d41@group-DFB956EFFE94->53175bfc-7fac-47e0-bbdf-d2c660bed80b-AppendLogResponseHandler: follower responses appendEntries COMPLETED
2022-10-04 13:26:54,179 [Listener at localhost/45931] INFO  impl.StateMachineUpdater (StateMachineUpdater.java:stopAndJoin(153)) - 8036fef3-52ee-40d8-bc71-c3943af78d41@group-DFB956EFFE94-StateMachineUpdater: set stopIndex = 0
2022-10-04 13:26:54,182 [Listener at localhost/45931] INFO  server.RaftServer$Division (ServerState.java:close(429)) - 8036fef3-52ee-40d8-bc71-c3943af78d41@group-DFB956EFFE94: closes. applyIndex: 0
2022-10-04 13:26:54,182 [grpc-default-executor-5] INFO  server.GrpcLogAppender (GrpcLogAppender.java:onCompleted(339)) - 8036fef3-52ee-40d8-bc71-c3943af78d41@group-DFB956EFFE94->c90336e2-d91d-49cc-aa4b-bbf13dfdddb4-AppendLogResponseHandler: follower responses appendEntries COMPLETED
2022-10-04 13:26:54,183 [grpc-default-executor-5] INFO  leader.FollowerInfo (FollowerInfoImpl.java:lambda$new$0(48)) - 8036fef3-52ee-40d8-bc71-c3943af78d41@group-DFB956EFFE94->c90336e2-d91d-49cc-aa4b-bbf13dfdddb4: nextIndex: updateUnconditionally 1 -> 0
2022-10-04 13:26:54,182 [grpc-default-executor-4] INFO  leader.FollowerInfo (FollowerInfoImpl.java:lambda$new$0(48)) - 8036fef3-52ee-40d8-bc71-c3943af78d41@group-DFB956EFFE94->53175bfc-7fac-47e0-bbdf-d2c660bed80b: nextIndex: updateUnconditionally 1 -> 0
2022-10-04 13:26:54,183 [8036fef3-52ee-40d8-bc71-c3943af78d41@group-DFB956EFFE94-SegmentedRaftLogWorker] INFO  segmented.SegmentedRaftLogWorker (SegmentedRaftLogWorker.java:run(336)) - 8036fef3-52ee-40d8-bc71-c3943af78d41@group-DFB956EFFE94-SegmentedRaftLogWorker was interrupted, exiting. There are 0 tasks remaining in the queue.
2022-10-04 13:26:54,183 [Listener at localhost/45931] INFO  segmented.SegmentedRaftLogWorker (SegmentedRaftLogWorker.java:close(246)) - 8036fef3-52ee-40d8-bc71-c3943af78d41@group-DFB956EFFE94-SegmentedRaftLogWorker close()
2022-10-04 13:26:54,190 [Listener at localhost/45931] INFO  server.RaftServer$Division (RaftServerImpl.java:lambda$close$4(434)) - 8036fef3-52ee-40d8-bc71-c3943af78d41@group-9184019B8379: shutdown
2022-10-04 13:26:54,190 [Listener at localhost/45931] INFO  util.JmxRegister (JmxRegister.java:unregister(73)) - Successfully un-registered JMX Bean with object name Ratis:service=RaftServer,group=group-9184019B8379,id=8036fef3-52ee-40d8-bc71-c3943af78d41
2022-10-04 13:26:54,190 [Listener at localhost/45931] INFO  impl.RoleInfo (RoleInfo.java:shutdownFollowerState(110)) - 8036fef3-52ee-40d8-bc71-c3943af78d41: shutdown 8036fef3-52ee-40d8-bc71-c3943af78d41@group-9184019B8379-FollowerState
2022-10-04 13:26:54,190 [Listener at localhost/45931] INFO  impl.StateMachineUpdater (StateMachineUpdater.java:stopAndJoin(153)) - 8036fef3-52ee-40d8-bc71-c3943af78d41@group-9184019B8379-StateMachineUpdater: set stopIndex = 0
2022-10-04 13:26:54,190 [8036fef3-52ee-40d8-bc71-c3943af78d41@group-9184019B8379-FollowerState] INFO  impl.FollowerState (FollowerState.java:run(152)) - 8036fef3-52ee-40d8-bc71-c3943af78d41@group-9184019B8379-FollowerState was interrupted
2022-10-04 13:26:54,191 [8036fef3-52ee-40d8-bc71-c3943af78d41@group-9184019B8379-StateMachineUpdater] INFO  ratis.ContainerStateMachine (ContainerStateMachine.java:takeSnapshot(304)) - group-9184019B8379: Taking a snapshot at:(t:2, i:0) file /home/runner/work/ozone/ozone/hadoop-ozone/integration-test/target/test-dir/MiniOzoneClusterImpl-6e9557d8-a31c-49e5-bba1-8bc95799a8b8/datanode-1/data/ratis/3afe47b4-9ff0-4b96-ab86-9184019b8379/sm/snapshot.2_0
2022-10-04 13:26:54,192 [8036fef3-52ee-40d8-bc71-c3943af78d41@group-9184019B8379-StateMachineUpdater] INFO  ratis.ContainerStateMachine (ContainerStateMachine.java:takeSnapshot(315)) - group-9184019B8379: Finished taking a snapshot at:(t:2, i:0) file:/home/runner/work/ozone/ozone/hadoop-ozone/integration-test/target/test-dir/MiniOzoneClusterImpl-6e9557d8-a31c-49e5-bba1-8bc95799a8b8/datanode-1/data/ratis/3afe47b4-9ff0-4b96-ab86-9184019b8379/sm/snapshot.2_0 took: 1 ms
2022-10-04 13:26:54,192 [8036fef3-52ee-40d8-bc71-c3943af78d41@group-9184019B8379-StateMachineUpdater] INFO  impl.StateMachineUpdater (StateMachineUpdater.java:takeSnapshot(287)) - 8036fef3-52ee-40d8-bc71-c3943af78d41@group-9184019B8379-StateMachineUpdater: Took a snapshot at index 0
2022-10-04 13:26:54,192 [ForkJoinPool.commonPool-worker-0] INFO  server.GrpcService (GrpcService.java:closeImpl(278)) - c90336e2-d91d-49cc-aa4b-bbf13dfdddb4: shutdown server with port 44899 successfully
2022-10-04 13:26:54,193 [org.apache.ratis.util.JvmPauseMonitor$$Lambda$699/75026084@4eb6ccd4] INFO  util.JvmPauseMonitor (JvmPauseMonitor.java:run(109)) - JvmPauseMonitor-c90336e2-d91d-49cc-aa4b-bbf13dfdddb4: Stopped
2022-10-04 13:26:54,192 [8036fef3-52ee-40d8-bc71-c3943af78d41@group-9184019B8379-StateMachineUpdater] INFO  impl.StateMachineUpdater (StateMachineUpdater.java:lambda$new$0(92)) - 8036fef3-52ee-40d8-bc71-c3943af78d41@group-9184019B8379-StateMachineUpdater: snapshotIndex: updateIncreasingly -1 -> 0
2022-10-04 13:26:54,199 [Listener at localhost/45931] INFO  server.RaftServer$Division (ServerState.java:close(429)) - 8036fef3-52ee-40d8-bc71-c3943af78d41@group-9184019B8379: closes. applyIndex: 0
2022-10-04 13:26:54,200 [8036fef3-52ee-40d8-bc71-c3943af78d41@group-9184019B8379-SegmentedRaftLogWorker] INFO  segmented.SegmentedRaftLogWorker (SegmentedRaftLogWorker.java:run(336)) - 8036fef3-52ee-40d8-bc71-c3943af78d41@group-9184019B8379-SegmentedRaftLogWorker was interrupted, exiting. There are 0 tasks remaining in the queue.
2022-10-04 13:26:54,201 [Listener at localhost/45931] INFO  segmented.SegmentedRaftLogWorker (SegmentedRaftLogWorker.java:close(246)) - 8036fef3-52ee-40d8-bc71-c3943af78d41@group-9184019B8379-SegmentedRaftLogWorker close()
2022-10-04 13:26:54,201 [Listener at localhost/45931] INFO  server.GrpcService (GrpcService.java:closeImpl(269)) - 8036fef3-52ee-40d8-bc71-c3943af78d41: shutdown server with port 33423 now
2022-10-04 13:26:54,206 [Listener at localhost/45931] INFO  server.GrpcService (GrpcService.java:closeImpl(278)) - 8036fef3-52ee-40d8-bc71-c3943af78d41: shutdown server with port 33423 successfully
2022-10-04 13:26:54,207 [org.apache.ratis.util.JvmPauseMonitor$$Lambda$699/75026084@20d752ed] INFO  util.JvmPauseMonitor (JvmPauseMonitor.java:run(109)) - JvmPauseMonitor-8036fef3-52ee-40d8-bc71-c3943af78d41: Stopped
2022-10-04 13:26:54,551 [EndpointStateMachine task thread for /0.0.0.0:41361 - 0 ] INFO  ipc.Client (Client.java:handleConnectionFailure(977)) - Retrying connect to server: 0.0.0.0/0.0.0.0:41361. Already tried 3 time(s); retry policy is RetryUpToMaximumCountWithFixedSleep(maxRetries=15, sleepTime=1000 MILLISECONDS)
2022-10-04 13:26:54,769 [omNode-3@group-523986131536-FollowerState] INFO  impl.FollowerState (FollowerState.java:run(143)) - omNode-3@group-523986131536-FollowerState: change to CANDIDATE, lastRpcElapsedTime:1127371063ns, electionTimeout:1127ms
2022-10-04 13:26:54,769 [omNode-3@group-523986131536-FollowerState] INFO  impl.RoleInfo (RoleInfo.java:shutdownFollowerState(110)) - omNode-3: shutdown omNode-3@group-523986131536-FollowerState
2022-10-04 13:26:54,769 [omNode-3@group-523986131536-FollowerState] INFO  server.RaftServer$Division (RaftServerImpl.java:setRole(299)) - omNode-3@group-523986131536: changes role from  FOLLOWER to CANDIDATE at term 13 for changeToCandidate
2022-10-04 13:26:54,769 [omNode-3@group-523986131536-FollowerState] INFO  server.RaftServerConfigKeys (ConfUtils.java:logGet(46)) - raft.server.leaderelection.pre-vote = false (custom)
2022-10-04 13:26:54,769 [omNode-3@group-523986131536-FollowerState] INFO  impl.RoleInfo (RoleInfo.java:updateAndGet(139)) - omNode-3: start omNode-3@group-523986131536-LeaderElection25
2022-10-04 13:26:54,772 [omNode-3@group-523986131536-LeaderElection25] INFO  impl.LeaderElection (LeaderElection.java:askForVotes(310)) - omNode-3@group-523986131536-LeaderElection25 ELECTION round 0: submit vote requests at term 14 for 145: [omNode-3|rpc:localhost:35537|admin:|client:|dataStream:|priority:0, omNode-1|rpc:localhost:42223|admin:|client:|dataStream:|priority:0, omNode-2|rpc:localhost:33535|admin:|client:|dataStream:|priority:0], old=null
2022-10-04 13:26:54,775 [omNode-3@group-523986131536-LeaderElection25] INFO  impl.LeaderElection (LogUtils.java:infoOrTrace(137)) - omNode-3@group-523986131536-LeaderElection25 got exception when requesting votes: java.util.concurrent.ExecutionException: org.apache.ratis.thirdparty.io.grpc.StatusRuntimeException: UNAVAILABLE: io exception
2022-10-04 13:26:54,775 [omNode-3@group-523986131536-LeaderElection25] INFO  impl.LeaderElection (LogUtils.java:infoOrTrace(137)) - omNode-3@group-523986131536-LeaderElection25 got exception when requesting votes: java.util.concurrent.ExecutionException: org.apache.ratis.thirdparty.io.grpc.StatusRuntimeException: UNAVAILABLE: io exception
2022-10-04 13:26:54,775 [omNode-3@group-523986131536-LeaderElection25] INFO  impl.LeaderElection (LeaderElection.java:logAndReturn(90)) - omNode-3@group-523986131536-LeaderElection25: ELECTION REJECTED received 0 response(s) and 2 exception(s):
2022-10-04 13:26:54,775 [omNode-3@group-523986131536-LeaderElection25] INFO  impl.LeaderElection (LogUtils.java:infoOrTrace(137)) -   Exception 0: java.util.concurrent.ExecutionException: org.apache.ratis.thirdparty.io.grpc.StatusRuntimeException: UNAVAILABLE: io exception
2022-10-04 13:26:54,775 [omNode-3@group-523986131536-LeaderElection25] INFO  impl.LeaderElection (LogUtils.java:infoOrTrace(137)) -   Exception 1: java.util.concurrent.ExecutionException: org.apache.ratis.thirdparty.io.grpc.StatusRuntimeException: UNAVAILABLE: io exception
2022-10-04 13:26:54,775 [omNode-3@group-523986131536-LeaderElection25] INFO  impl.LeaderElection (LeaderElection.java:askForVotes(312)) - omNode-3@group-523986131536-LeaderElection25 ELECTION round 0: result REJECTED
2022-10-04 13:26:54,775 [omNode-3@group-523986131536-LeaderElection25] INFO  server.RaftServer$Division (RaftServerImpl.java:setRole(299)) - omNode-3@group-523986131536: changes role from CANDIDATE to FOLLOWER at term 14 for REJECTED
2022-10-04 13:26:54,776 [omNode-3@group-523986131536-LeaderElection25] INFO  impl.RoleInfo (RoleInfo.java:shutdownLeaderElection(130)) - omNode-3: shutdown omNode-3@group-523986131536-LeaderElection25
2022-10-04 13:26:54,776 [omNode-3@group-523986131536-LeaderElection25] INFO  impl.RoleInfo (RoleInfo.java:updateAndGet(139)) - omNode-3: start omNode-3@group-523986131536-FollowerState
2022-10-04 13:26:55,551 [EndpointStateMachine task thread for /0.0.0.0:41361 - 0 ] INFO  ipc.Client (Client.java:handleConnectionFailure(977)) - Retrying connect to server: 0.0.0.0/0.0.0.0:41361. Already tried 4 time(s); retry policy is RetryUpToMaximumCountWithFixedSleep(maxRetries=15, sleepTime=1000 MILLISECONDS)
2022-10-04 13:26:55,946 [omNode-3@group-523986131536-FollowerState] INFO  impl.FollowerState (FollowerState.java:run(143)) - omNode-3@group-523986131536-FollowerState: change to CANDIDATE, lastRpcElapsedTime:1170591776ns, electionTimeout:1170ms
2022-10-04 13:26:55,946 [omNode-3@group-523986131536-FollowerState] INFO  impl.RoleInfo (RoleInfo.java:shutdownFollowerState(110)) - omNode-3: shutdown omNode-3@group-523986131536-FollowerState
2022-10-04 13:26:55,947 [omNode-3@group-523986131536-FollowerState] INFO  server.RaftServer$Division (RaftServerImpl.java:setRole(299)) - omNode-3@group-523986131536: changes role from  FOLLOWER to CANDIDATE at term 14 for changeToCandidate
2022-10-04 13:26:55,947 [omNode-3@group-523986131536-FollowerState] INFO  server.RaftServerConfigKeys (ConfUtils.java:logGet(46)) - raft.server.leaderelection.pre-vote = false (custom)
2022-10-04 13:26:55,947 [omNode-3@group-523986131536-FollowerState] INFO  impl.RoleInfo (RoleInfo.java:updateAndGet(139)) - omNode-3: start omNode-3@group-523986131536-LeaderElection26
2022-10-04 13:26:55,953 [omNode-3@group-523986131536-LeaderElection26] INFO  impl.LeaderElection (LeaderElection.java:askForVotes(310)) - omNode-3@group-523986131536-LeaderElection26 ELECTION round 0: submit vote requests at term 15 for 145: [omNode-3|rpc:localhost:35537|admin:|client:|dataStream:|priority:0, omNode-1|rpc:localhost:42223|admin:|client:|dataStream:|priority:0, omNode-2|rpc:localhost:33535|admin:|client:|dataStream:|priority:0], old=null
2022-10-04 13:26:55,954 [omNode-3@group-523986131536-LeaderElection26] INFO  impl.LeaderElection (LogUtils.java:infoOrTrace(137)) - omNode-3@group-523986131536-LeaderElection26 got exception when requesting votes: java.util.concurrent.ExecutionException: org.apache.ratis.thirdparty.io.grpc.StatusRuntimeException: UNAVAILABLE: io exception
2022-10-04 13:26:55,954 [omNode-3@group-523986131536-LeaderElection26] INFO  impl.LeaderElection (LogUtils.java:infoOrTrace(137)) - omNode-3@group-523986131536-LeaderElection26 got exception when requesting votes: java.util.concurrent.ExecutionException: org.apache.ratis.thirdparty.io.grpc.StatusRuntimeException: UNAVAILABLE: io exception
2022-10-04 13:26:55,954 [omNode-3@group-523986131536-LeaderElection26] INFO  impl.LeaderElection (LeaderElection.java:logAndReturn(90)) - omNode-3@group-523986131536-LeaderElection26: ELECTION REJECTED received 0 response(s) and 2 exception(s):
2022-10-04 13:26:55,954 [omNode-3@group-523986131536-LeaderElection26] INFO  impl.LeaderElection (LogUtils.java:infoOrTrace(137)) -   Exception 0: java.util.concurrent.ExecutionException: org.apache.ratis.thirdparty.io.grpc.StatusRuntimeException: UNAVAILABLE: io exception
2022-10-04 13:26:55,954 [omNode-3@group-523986131536-LeaderElection26] INFO  impl.LeaderElection (LogUtils.java:infoOrTrace(137)) -   Exception 1: java.util.concurrent.ExecutionException: org.apache.ratis.thirdparty.io.grpc.StatusRuntimeException: UNAVAILABLE: io exception
2022-10-04 13:26:55,954 [omNode-3@group-523986131536-LeaderElection26] INFO  impl.LeaderElection (LeaderElection.java:askForVotes(312)) - omNode-3@group-523986131536-LeaderElection26 ELECTION round 0: result REJECTED
2022-10-04 13:26:55,954 [omNode-3@group-523986131536-LeaderElection26] INFO  server.RaftServer$Division (RaftServerImpl.java:setRole(299)) - omNode-3@group-523986131536: changes role from CANDIDATE to FOLLOWER at term 15 for REJECTED
2022-10-04 13:26:55,954 [omNode-3@group-523986131536-LeaderElection26] INFO  impl.RoleInfo (RoleInfo.java:shutdownLeaderElection(130)) - omNode-3: shutdown omNode-3@group-523986131536-LeaderElection26
2022-10-04 13:26:55,955 [omNode-3@group-523986131536-LeaderElection26] INFO  impl.RoleInfo (RoleInfo.java:updateAndGet(139)) - omNode-3: start omNode-3@group-523986131536-FollowerState
2022-10-04 13:26:56,222 [ForkJoinPool.commonPool-worker-0] INFO  utils.BackgroundService (BackgroundService.java:shutdown(141)) - Shutting down service BlockDeletingService
2022-10-04 13:26:56,222 [Listener at localhost/45931] INFO  utils.BackgroundService (BackgroundService.java:shutdown(141)) - Shutting down service BlockDeletingService
2022-10-04 13:26:56,223 [ForkJoinPool.commonPool-worker-0] INFO  utils.BackgroundService (BackgroundService.java:shutdown(141)) - Shutting down service StaleRecoveringContainerScrubbingService
2022-10-04 13:26:56,223 [Listener at localhost/45931] INFO  utils.BackgroundService (BackgroundService.java:shutdown(141)) - Shutting down service StaleRecoveringContainerScrubbingService
2022-10-04 13:26:56,554 [EndpointStateMachine task thread for /0.0.0.0:41361 - 0 ] INFO  ipc.Client (Client.java:handleConnectionFailure(977)) - Retrying connect to server: 0.0.0.0/0.0.0.0:41361. Already tried 5 time(s); retry policy is RetryUpToMaximumCountWithFixedSleep(maxRetries=15, sleepTime=1000 MILLISECONDS)
2022-10-04 13:26:57,148 [omNode-3@group-523986131536-FollowerState] INFO  impl.FollowerState (FollowerState.java:run(143)) - omNode-3@group-523986131536-FollowerState: change to CANDIDATE, lastRpcElapsedTime:1193645584ns, electionTimeout:1193ms
2022-10-04 13:26:57,148 [omNode-3@group-523986131536-FollowerState] INFO  impl.RoleInfo (RoleInfo.java:shutdownFollowerState(110)) - omNode-3: shutdown omNode-3@group-523986131536-FollowerState
2022-10-04 13:26:57,148 [omNode-3@group-523986131536-FollowerState] INFO  server.RaftServer$Division (RaftServerImpl.java:setRole(299)) - omNode-3@group-523986131536: changes role from  FOLLOWER to CANDIDATE at term 15 for changeToCandidate
2022-10-04 13:26:57,149 [omNode-3@group-523986131536-FollowerState] INFO  server.RaftServerConfigKeys (ConfUtils.java:logGet(46)) - raft.server.leaderelection.pre-vote = false (custom)
2022-10-04 13:26:57,149 [omNode-3@group-523986131536-FollowerState] INFO  impl.RoleInfo (RoleInfo.java:updateAndGet(139)) - omNode-3: start omNode-3@group-523986131536-LeaderElection27
2022-10-04 13:26:57,162 [omNode-3@group-523986131536-LeaderElection27] INFO  impl.LeaderElection (LeaderElection.java:askForVotes(310)) - omNode-3@group-523986131536-LeaderElection27 ELECTION round 0: submit vote requests at term 16 for 145: [omNode-3|rpc:localhost:35537|admin:|client:|dataStream:|priority:0, omNode-1|rpc:localhost:42223|admin:|client:|dataStream:|priority:0, omNode-2|rpc:localhost:33535|admin:|client:|dataStream:|priority:0], old=null
2022-10-04 13:26:57,176 [omNode-3@group-523986131536-LeaderElection27] INFO  impl.LeaderElection (LogUtils.java:infoOrTrace(137)) - omNode-3@group-523986131536-LeaderElection27 got exception when requesting votes: java.util.concurrent.ExecutionException: org.apache.ratis.thirdparty.io.grpc.StatusRuntimeException: UNAVAILABLE: io exception
2022-10-04 13:26:57,176 [omNode-3@group-523986131536-LeaderElection27] INFO  impl.LeaderElection (LogUtils.java:infoOrTrace(137)) - omNode-3@group-523986131536-LeaderElection27 got exception when requesting votes: java.util.concurrent.ExecutionException: org.apache.ratis.thirdparty.io.grpc.StatusRuntimeException: UNAVAILABLE: io exception
2022-10-04 13:26:57,176 [omNode-3@group-523986131536-LeaderElection27] INFO  impl.LeaderElection (LeaderElection.java:logAndReturn(90)) - omNode-3@group-523986131536-LeaderElection27: ELECTION REJECTED received 0 response(s) and 2 exception(s):
2022-10-04 13:26:57,176 [omNode-3@group-523986131536-LeaderElection27] INFO  impl.LeaderElection (LogUtils.java:infoOrTrace(137)) -   Exception 0: java.util.concurrent.ExecutionException: org.apache.ratis.thirdparty.io.grpc.StatusRuntimeException: UNAVAILABLE: io exception
2022-10-04 13:26:57,176 [omNode-3@group-523986131536-LeaderElection27] INFO  impl.LeaderElection (LogUtils.java:infoOrTrace(137)) -   Exception 1: java.util.concurrent.ExecutionException: org.apache.ratis.thirdparty.io.grpc.StatusRuntimeException: UNAVAILABLE: io exception
2022-10-04 13:26:57,177 [omNode-3@group-523986131536-LeaderElection27] INFO  impl.LeaderElection (LeaderElection.java:askForVotes(312)) - omNode-3@group-523986131536-LeaderElection27 ELECTION round 0: result REJECTED
2022-10-04 13:26:57,177 [omNode-3@group-523986131536-LeaderElection27] INFO  server.RaftServer$Division (RaftServerImpl.java:setRole(299)) - omNode-3@group-523986131536: changes role from CANDIDATE to FOLLOWER at term 16 for REJECTED
2022-10-04 13:26:57,177 [omNode-3@group-523986131536-LeaderElection27] INFO  impl.RoleInfo (RoleInfo.java:shutdownLeaderElection(130)) - omNode-3: shutdown omNode-3@group-523986131536-LeaderElection27
2022-10-04 13:26:57,177 [omNode-3@group-523986131536-LeaderElection27] INFO  impl.RoleInfo (RoleInfo.java:updateAndGet(139)) - omNode-3: start omNode-3@group-523986131536-FollowerState
2022-10-04 13:26:57,555 [EndpointStateMachine task thread for /0.0.0.0:41361 - 0 ] INFO  ipc.Client (Client.java:handleConnectionFailure(977)) - Retrying connect to server: 0.0.0.0/0.0.0.0:41361. Already tried 6 time(s); retry policy is RetryUpToMaximumCountWithFixedSleep(maxRetries=15, sleepTime=1000 MILLISECONDS)
2022-10-04 13:26:58,223 [omNode-3@group-523986131536-FollowerState] INFO  impl.FollowerState (FollowerState.java:run(143)) - omNode-3@group-523986131536-FollowerState: change to CANDIDATE, lastRpcElapsedTime:1046269337ns, electionTimeout:1041ms
2022-10-04 13:26:58,223 [omNode-3@group-523986131536-FollowerState] INFO  impl.RoleInfo (RoleInfo.java:shutdownFollowerState(110)) - omNode-3: shutdown omNode-3@group-523986131536-FollowerState
2022-10-04 13:26:58,223 [omNode-3@group-523986131536-FollowerState] INFO  server.RaftServer$Division (RaftServerImpl.java:setRole(299)) - omNode-3@group-523986131536: changes role from  FOLLOWER to CANDIDATE at term 16 for changeToCandidate
2022-10-04 13:26:58,223 [omNode-3@group-523986131536-FollowerState] INFO  server.RaftServerConfigKeys (ConfUtils.java:logGet(46)) - raft.server.leaderelection.pre-vote = false (custom)
2022-10-04 13:26:58,223 [omNode-3@group-523986131536-FollowerState] INFO  impl.RoleInfo (RoleInfo.java:updateAndGet(139)) - omNode-3: start omNode-3@group-523986131536-LeaderElection28
2022-10-04 13:26:58,238 [omNode-3@group-523986131536-LeaderElection28] INFO  impl.LeaderElection (LeaderElection.java:askForVotes(310)) - omNode-3@group-523986131536-LeaderElection28 ELECTION round 0: submit vote requests at term 17 for 145: [omNode-3|rpc:localhost:35537|admin:|client:|dataStream:|priority:0, omNode-1|rpc:localhost:42223|admin:|client:|dataStream:|priority:0, omNode-2|rpc:localhost:33535|admin:|client:|dataStream:|priority:0], old=null
2022-10-04 13:26:58,239 [omNode-3@group-523986131536-LeaderElection28] INFO  impl.LeaderElection (LogUtils.java:infoOrTrace(137)) - omNode-3@group-523986131536-LeaderElection28 got exception when requesting votes: java.util.concurrent.ExecutionException: org.apache.ratis.thirdparty.io.grpc.StatusRuntimeException: UNAVAILABLE: io exception
2022-10-04 13:26:58,240 [omNode-3@group-523986131536-LeaderElection28] INFO  impl.LeaderElection (LogUtils.java:infoOrTrace(137)) - omNode-3@group-523986131536-LeaderElection28 got exception when requesting votes: java.util.concurrent.ExecutionException: org.apache.ratis.thirdparty.io.grpc.StatusRuntimeException: UNAVAILABLE: io exception
2022-10-04 13:26:58,240 [omNode-3@group-523986131536-LeaderElection28] INFO  impl.LeaderElection (LeaderElection.java:logAndReturn(90)) - omNode-3@group-523986131536-LeaderElection28: ELECTION REJECTED received 0 response(s) and 2 exception(s):
2022-10-04 13:26:58,240 [omNode-3@group-523986131536-LeaderElection28] INFO  impl.LeaderElection (LogUtils.java:infoOrTrace(137)) -   Exception 0: java.util.concurrent.ExecutionException: org.apache.ratis.thirdparty.io.grpc.StatusRuntimeException: UNAVAILABLE: io exception
2022-10-04 13:26:58,240 [omNode-3@group-523986131536-LeaderElection28] INFO  impl.LeaderElection (LogUtils.java:infoOrTrace(137)) -   Exception 1: java.util.concurrent.ExecutionException: org.apache.ratis.thirdparty.io.grpc.StatusRuntimeException: UNAVAILABLE: io exception
2022-10-04 13:26:58,240 [omNode-3@group-523986131536-LeaderElection28] INFO  impl.LeaderElection (LeaderElection.java:askForVotes(312)) - omNode-3@group-523986131536-LeaderElection28 ELECTION round 0: result REJECTED
2022-10-04 13:26:58,240 [omNode-3@group-523986131536-LeaderElection28] INFO  server.RaftServer$Division (RaftServerImpl.java:setRole(299)) - omNode-3@group-523986131536: changes role from CANDIDATE to FOLLOWER at term 17 for REJECTED
2022-10-04 13:26:58,240 [omNode-3@group-523986131536-LeaderElection28] INFO  impl.RoleInfo (RoleInfo.java:shutdownLeaderElection(130)) - omNode-3: shutdown omNode-3@group-523986131536-LeaderElection28
2022-10-04 13:26:58,240 [omNode-3@group-523986131536-LeaderElection28] INFO  impl.RoleInfo (RoleInfo.java:updateAndGet(139)) - omNode-3: start omNode-3@group-523986131536-FollowerState
2022-10-04 13:26:58,555 [EndpointStateMachine task thread for /0.0.0.0:41361 - 0 ] INFO  ipc.Client (Client.java:handleConnectionFailure(977)) - Retrying connect to server: 0.0.0.0/0.0.0.0:41361. Already tried 7 time(s); retry policy is RetryUpToMaximumCountWithFixedSleep(maxRetries=15, sleepTime=1000 MILLISECONDS)
2022-10-04 13:26:59,225 [53175bfc-7fac-47e0-bbdf-d2c660bed80b@group-DFB956EFFE94-FollowerState] INFO  impl.FollowerState (FollowerState.java:run(143)) - 53175bfc-7fac-47e0-bbdf-d2c660bed80b@group-DFB956EFFE94-FollowerState: change to CANDIDATE, lastRpcElapsedTime:5752135395ns, electionTimeout:5018ms
2022-10-04 13:26:59,225 [53175bfc-7fac-47e0-bbdf-d2c660bed80b@group-DFB956EFFE94-FollowerState] INFO  impl.RoleInfo (RoleInfo.java:shutdownFollowerState(110)) - 53175bfc-7fac-47e0-bbdf-d2c660bed80b: shutdown 53175bfc-7fac-47e0-bbdf-d2c660bed80b@group-DFB956EFFE94-FollowerState
2022-10-04 13:26:59,225 [53175bfc-7fac-47e0-bbdf-d2c660bed80b@group-DFB956EFFE94-FollowerState] INFO  server.RaftServer$Division (RaftServerImpl.java:setRole(299)) - 53175bfc-7fac-47e0-bbdf-d2c660bed80b@group-DFB956EFFE94: changes role from  FOLLOWER to CANDIDATE at term 2 for changeToCandidate
2022-10-04 13:26:59,225 [53175bfc-7fac-47e0-bbdf-d2c660bed80b@group-DFB956EFFE94-FollowerState] INFO  server.RaftServerConfigKeys (ConfUtils.java:logGet(46)) - raft.server.leaderelection.pre-vote = false (custom)
2022-10-04 13:26:59,225 [53175bfc-7fac-47e0-bbdf-d2c660bed80b@group-DFB956EFFE94-FollowerState] INFO  impl.RoleInfo (RoleInfo.java:updateAndGet(139)) - 53175bfc-7fac-47e0-bbdf-d2c660bed80b: start 53175bfc-7fac-47e0-bbdf-d2c660bed80b@group-DFB956EFFE94-LeaderElection29
2022-10-04 13:26:59,225 [ForkJoinPool.commonPool-worker-0] INFO  statemachine.DatanodeStateMachine (DatanodeStateMachine.java:stopDaemon(580)) - Ozone container server stopped.
2022-10-04 13:26:59,229 [Listener at localhost/45931] INFO  statemachine.DatanodeStateMachine (DatanodeStateMachine.java:stopDaemon(580)) - Ozone container server stopped.
2022-10-04 13:26:59,241 [53175bfc-7fac-47e0-bbdf-d2c660bed80b@group-DFB956EFFE94-LeaderElection29] INFO  server.RaftServer$Division (ServerState.java:setLeader(287)) - 53175bfc-7fac-47e0-bbdf-d2c660bed80b@group-DFB956EFFE94: change Leader from 8036fef3-52ee-40d8-bc71-c3943af78d41 to null at term 2 for ELECTION
2022-10-04 13:26:59,254 [53175bfc-7fac-47e0-bbdf-d2c660bed80b@group-DFB956EFFE94-LeaderElection29] INFO  impl.LeaderElection (LeaderElection.java:askForVotes(310)) - 53175bfc-7fac-47e0-bbdf-d2c660bed80b@group-DFB956EFFE94-LeaderElection29 ELECTION round 0: submit vote requests at term 3 for 0: [8036fef3-52ee-40d8-bc71-c3943af78d41|rpc:10.1.1.108:33423|dataStream:|priority:1, c90336e2-d91d-49cc-aa4b-bbf13dfdddb4|rpc:10.1.1.108:44899|dataStream:|priority:0, 53175bfc-7fac-47e0-bbdf-d2c660bed80b|rpc:10.1.1.108:33245|dataStream:|priority:0], old=null
2022-10-04 13:26:59,266 [Listener at localhost/45931] INFO  handler.ContextHandler (ContextHandler.java:doStop(1153)) - Stopped o.e.j.w.WebAppContext@25fae424{hddsDatanode,/,null,STOPPED}{jar:file:/home/runner/.m2/repository/org/apache/ozone/hdds-container-service/1.3.0-SNAPSHOT/hdds-container-service-1.3.0-SNAPSHOT.jar!/webapps/hddsDatanode}
2022-10-04 13:26:59,268 [Listener at localhost/45931] INFO  server.AbstractConnector (AbstractConnector.java:doStop(381)) - Stopped ServerConnector@2b5eeae4{HTTP/1.1, (http/1.1)}{0.0.0.0:0}
2022-10-04 13:26:59,269 [Listener at localhost/45931] INFO  server.session (HouseKeeper.java:stopScavenging(149)) - node0 Stopped scavenging
2022-10-04 13:26:59,275 [Listener at localhost/45931] INFO  handler.ContextHandler (ContextHandler.java:doStop(1153)) - Stopped o.e.j.s.ServletContextHandler@7403cc2a{static,/static,jar:file:/home/runner/.m2/repository/org/apache/ozone/hdds-container-service/1.3.0-SNAPSHOT/hdds-container-service-1.3.0-SNAPSHOT.jar!/webapps/static,STOPPED}
2022-10-04 13:26:59,275 [Listener at localhost/45931] INFO  handler.ContextHandler (ContextHandler.java:doStop(1153)) - Stopped o.e.j.s.ServletContextHandler@9385016{logs,/logs,file:///home/runner/work/ozone/ozone/hadoop-ozone/integration-test/target/log,STOPPED}
2022-10-04 13:26:59,277 [53175bfc-7fac-47e0-bbdf-d2c660bed80b@group-DFB956EFFE94-LeaderElection29] INFO  impl.LeaderElection (LogUtils.java:infoOrTrace(137)) - 53175bfc-7fac-47e0-bbdf-d2c660bed80b@group-DFB956EFFE94-LeaderElection29 got exception when requesting votes: java.util.concurrent.ExecutionException: org.apache.ratis.thirdparty.io.grpc.StatusRuntimeException: UNAVAILABLE: io exception
2022-10-04 13:26:59,292 [53175bfc-7fac-47e0-bbdf-d2c660bed80b@group-DFB956EFFE94-LeaderElection29] INFO  impl.LeaderElection (LogUtils.java:infoOrTrace(137)) - 53175bfc-7fac-47e0-bbdf-d2c660bed80b@group-DFB956EFFE94-LeaderElection29 got exception when requesting votes: java.util.concurrent.ExecutionException: org.apache.ratis.thirdparty.io.grpc.StatusRuntimeException: UNAVAILABLE: io exception
2022-10-04 13:26:59,292 [53175bfc-7fac-47e0-bbdf-d2c660bed80b@group-DFB956EFFE94-LeaderElection29] INFO  impl.LeaderElection (LeaderElection.java:logAndReturn(90)) - 53175bfc-7fac-47e0-bbdf-d2c660bed80b@group-DFB956EFFE94-LeaderElection29: ELECTION REJECTED received 0 response(s) and 2 exception(s):
2022-10-04 13:26:59,292 [53175bfc-7fac-47e0-bbdf-d2c660bed80b@group-DFB956EFFE94-LeaderElection29] INFO  impl.LeaderElection (LogUtils.java:infoOrTrace(137)) -   Exception 0: java.util.concurrent.ExecutionException: org.apache.ratis.thirdparty.io.grpc.StatusRuntimeException: UNAVAILABLE: io exception
2022-10-04 13:26:59,292 [53175bfc-7fac-47e0-bbdf-d2c660bed80b@group-DFB956EFFE94-LeaderElection29] INFO  impl.LeaderElection (LogUtils.java:infoOrTrace(137)) -   Exception 1: java.util.concurrent.ExecutionException: org.apache.ratis.thirdparty.io.grpc.StatusRuntimeException: UNAVAILABLE: io exception
2022-10-04 13:26:59,292 [53175bfc-7fac-47e0-bbdf-d2c660bed80b@group-DFB956EFFE94-LeaderElection29] INFO  impl.LeaderElection (LeaderElection.java:askForVotes(312)) - 53175bfc-7fac-47e0-bbdf-d2c660bed80b@group-DFB956EFFE94-LeaderElection29 ELECTION round 0: result REJECTED
2022-10-04 13:26:59,293 [53175bfc-7fac-47e0-bbdf-d2c660bed80b@group-DFB956EFFE94-LeaderElection29] INFO  server.RaftServer$Division (RaftServerImpl.java:setRole(299)) - 53175bfc-7fac-47e0-bbdf-d2c660bed80b@group-DFB956EFFE94: changes role from CANDIDATE to FOLLOWER at term 3 for REJECTED
2022-10-04 13:26:59,293 [53175bfc-7fac-47e0-bbdf-d2c660bed80b@group-DFB956EFFE94-LeaderElection29] INFO  impl.RoleInfo (RoleInfo.java:shutdownLeaderElection(130)) - 53175bfc-7fac-47e0-bbdf-d2c660bed80b: shutdown 53175bfc-7fac-47e0-bbdf-d2c660bed80b@group-DFB956EFFE94-LeaderElection29
2022-10-04 13:26:59,293 [53175bfc-7fac-47e0-bbdf-d2c660bed80b@group-DFB956EFFE94-LeaderElection29] INFO  impl.RoleInfo (RoleInfo.java:updateAndGet(139)) - 53175bfc-7fac-47e0-bbdf-d2c660bed80b: start 53175bfc-7fac-47e0-bbdf-d2c660bed80b@group-DFB956EFFE94-FollowerState
2022-10-04 13:26:59,277 [ForkJoinPool.commonPool-worker-0] INFO  handler.ContextHandler (ContextHandler.java:doStop(1153)) - Stopped o.e.j.w.WebAppContext@384f8455{hddsDatanode,/,null,STOPPED}{jar:file:/home/runner/.m2/repository/org/apache/ozone/hdds-container-service/1.3.0-SNAPSHOT/hdds-container-service-1.3.0-SNAPSHOT.jar!/webapps/hddsDatanode}
2022-10-04 13:26:59,298 [ForkJoinPool.commonPool-worker-0] INFO  server.AbstractConnector (AbstractConnector.java:doStop(381)) - Stopped ServerConnector@f96ee33{HTTP/1.1, (http/1.1)}{0.0.0.0:0}
2022-10-04 13:26:59,305 [ForkJoinPool.commonPool-worker-0] INFO  server.session (HouseKeeper.java:stopScavenging(149)) - node0 Stopped scavenging
2022-10-04 13:26:59,317 [ForkJoinPool.commonPool-worker-0] INFO  handler.ContextHandler (ContextHandler.java:doStop(1153)) - Stopped o.e.j.s.ServletContextHandler@6a26271b{static,/static,jar:file:/home/runner/.m2/repository/org/apache/ozone/hdds-container-service/1.3.0-SNAPSHOT/hdds-container-service-1.3.0-SNAPSHOT.jar!/webapps/static,STOPPED}
2022-10-04 13:26:59,317 [omNode-3@group-523986131536-FollowerState] INFO  impl.FollowerState (FollowerState.java:run(143)) - omNode-3@group-523986131536-FollowerState: change to CANDIDATE, lastRpcElapsedTime:1077133952ns, electionTimeout:1075ms
2022-10-04 13:26:59,318 [omNode-3@group-523986131536-FollowerState] INFO  impl.RoleInfo (RoleInfo.java:shutdownFollowerState(110)) - omNode-3: shutdown omNode-3@group-523986131536-FollowerState
2022-10-04 13:26:59,318 [omNode-3@group-523986131536-FollowerState] INFO  server.RaftServer$Division (RaftServerImpl.java:setRole(299)) - omNode-3@group-523986131536: changes role from  FOLLOWER to CANDIDATE at term 17 for changeToCandidate
2022-10-04 13:26:59,318 [omNode-3@group-523986131536-FollowerState] INFO  server.RaftServerConfigKeys (ConfUtils.java:logGet(46)) - raft.server.leaderelection.pre-vote = false (custom)
2022-10-04 13:26:59,318 [omNode-3@group-523986131536-FollowerState] INFO  impl.RoleInfo (RoleInfo.java:updateAndGet(139)) - omNode-3: start omNode-3@group-523986131536-LeaderElection30
2022-10-04 13:26:59,327 [ForkJoinPool.commonPool-worker-0] INFO  handler.ContextHandler (ContextHandler.java:doStop(1153)) - Stopped o.e.j.s.ServletContextHandler@7ec19e52{logs,/logs,file:///home/runner/work/ozone/ozone/hadoop-ozone/integration-test/target/log,STOPPED}
2022-10-04 13:26:59,335 [omNode-3@group-523986131536-LeaderElection30] INFO  impl.LeaderElection (LeaderElection.java:askForVotes(310)) - omNode-3@group-523986131536-LeaderElection30 ELECTION round 0: submit vote requests at term 18 for 145: [omNode-3|rpc:localhost:35537|admin:|client:|dataStream:|priority:0, omNode-1|rpc:localhost:42223|admin:|client:|dataStream:|priority:0, omNode-2|rpc:localhost:33535|admin:|client:|dataStream:|priority:0], old=null
2022-10-04 13:26:59,341 [omNode-3@group-523986131536-LeaderElection30] INFO  impl.LeaderElection (LogUtils.java:infoOrTrace(137)) - omNode-3@group-523986131536-LeaderElection30 got exception when requesting votes: java.util.concurrent.ExecutionException: org.apache.ratis.thirdparty.io.grpc.StatusRuntimeException: UNAVAILABLE: io exception
2022-10-04 13:26:59,354 [omNode-3@group-523986131536-LeaderElection30] INFO  impl.LeaderElection (LogUtils.java:infoOrTrace(137)) - omNode-3@group-523986131536-LeaderElection30 got exception when requesting votes: java.util.concurrent.ExecutionException: org.apache.ratis.thirdparty.io.grpc.StatusRuntimeException: UNAVAILABLE: io exception
2022-10-04 13:26:59,354 [omNode-3@group-523986131536-LeaderElection30] INFO  impl.LeaderElection (LeaderElection.java:logAndReturn(90)) - omNode-3@group-523986131536-LeaderElection30: ELECTION REJECTED received 0 response(s) and 2 exception(s):
2022-10-04 13:26:59,354 [omNode-3@group-523986131536-LeaderElection30] INFO  impl.LeaderElection (LogUtils.java:infoOrTrace(137)) -   Exception 0: java.util.concurrent.ExecutionException: org.apache.ratis.thirdparty.io.grpc.StatusRuntimeException: UNAVAILABLE: io exception
2022-10-04 13:26:59,354 [omNode-3@group-523986131536-LeaderElection30] INFO  impl.LeaderElection (LogUtils.java:infoOrTrace(137)) -   Exception 1: java.util.concurrent.ExecutionException: org.apache.ratis.thirdparty.io.grpc.StatusRuntimeException: UNAVAILABLE: io exception
2022-10-04 13:26:59,354 [omNode-3@group-523986131536-LeaderElection30] INFO  impl.LeaderElection (LeaderElection.java:askForVotes(312)) - omNode-3@group-523986131536-LeaderElection30 ELECTION round 0: result REJECTED
2022-10-04 13:26:59,354 [omNode-3@group-523986131536-LeaderElection30] INFO  server.RaftServer$Division (RaftServerImpl.java:setRole(299)) - omNode-3@group-523986131536: changes role from CANDIDATE to FOLLOWER at term 18 for REJECTED
2022-10-04 13:26:59,354 [omNode-3@group-523986131536-LeaderElection30] INFO  impl.RoleInfo (RoleInfo.java:shutdownLeaderElection(130)) - omNode-3: shutdown omNode-3@group-523986131536-LeaderElection30
2022-10-04 13:26:59,354 [omNode-3@group-523986131536-LeaderElection30] INFO  impl.RoleInfo (RoleInfo.java:updateAndGet(139)) - omNode-3: start omNode-3@group-523986131536-FollowerState
2022-10-04 13:26:59,548 [Datanode State Machine Daemon Thread] WARN  statemachine.StateContext (StateContext.java:setState(252)) - Ignore disallowed transition from SHUTDOWN to RUNNING
2022-10-04 13:26:59,556 [EndpointStateMachine task thread for /0.0.0.0:41361 - 0 ] INFO  ipc.Client (Client.java:handleConnectionFailure(977)) - Retrying connect to server: 0.0.0.0/0.0.0.0:41361. Already tried 8 time(s); retry policy is RetryUpToMaximumCountWithFixedSleep(maxRetries=15, sleepTime=1000 MILLISECONDS)
2022-10-04 13:27:00,002 [53175bfc-7fac-47e0-bbdf-d2c660bed80b@group-9184019B8379-FollowerState] INFO  impl.FollowerState (FollowerState.java:run(143)) - 53175bfc-7fac-47e0-bbdf-d2c660bed80b@group-9184019B8379-FollowerState: change to CANDIDATE, lastRpcElapsedTime:6089068102ns, electionTimeout:5043ms
2022-10-04 13:27:00,003 [53175bfc-7fac-47e0-bbdf-d2c660bed80b@group-9184019B8379-FollowerState] INFO  impl.RoleInfo (RoleInfo.java:shutdownFollowerState(110)) - 53175bfc-7fac-47e0-bbdf-d2c660bed80b: shutdown 53175bfc-7fac-47e0-bbdf-d2c660bed80b@group-9184019B8379-FollowerState
2022-10-04 13:27:00,003 [53175bfc-7fac-47e0-bbdf-d2c660bed80b@group-9184019B8379-FollowerState] INFO  server.RaftServer$Division (RaftServerImpl.java:setRole(299)) - 53175bfc-7fac-47e0-bbdf-d2c660bed80b@group-9184019B8379: changes role from  FOLLOWER to CANDIDATE at term 2 for changeToCandidate
2022-10-04 13:27:00,003 [53175bfc-7fac-47e0-bbdf-d2c660bed80b@group-9184019B8379-FollowerState] INFO  server.RaftServerConfigKeys (ConfUtils.java:logGet(46)) - raft.server.leaderelection.pre-vote = false (custom)
2022-10-04 13:27:00,003 [53175bfc-7fac-47e0-bbdf-d2c660bed80b@group-9184019B8379-FollowerState] INFO  impl.RoleInfo (RoleInfo.java:updateAndGet(139)) - 53175bfc-7fac-47e0-bbdf-d2c660bed80b: start 53175bfc-7fac-47e0-bbdf-d2c660bed80b@group-9184019B8379-LeaderElection31
2022-10-04 13:27:00,011 [53175bfc-7fac-47e0-bbdf-d2c660bed80b@group-9184019B8379-LeaderElection31] INFO  server.RaftServer$Division (ServerState.java:setLeader(287)) - 53175bfc-7fac-47e0-bbdf-d2c660bed80b@group-9184019B8379: change Leader from c90336e2-d91d-49cc-aa4b-bbf13dfdddb4 to null at term 2 for ELECTION
2022-10-04 13:27:00,014 [53175bfc-7fac-47e0-bbdf-d2c660bed80b@group-9184019B8379-LeaderElection31] INFO  impl.LeaderElection (LeaderElection.java:askForVotes(310)) - 53175bfc-7fac-47e0-bbdf-d2c660bed80b@group-9184019B8379-LeaderElection31 ELECTION round 0: submit vote requests at term 3 for 0: [8036fef3-52ee-40d8-bc71-c3943af78d41|rpc:10.1.1.108:33423|dataStream:|priority:0, c90336e2-d91d-49cc-aa4b-bbf13dfdddb4|rpc:10.1.1.108:44899|dataStream:|priority:1, 53175bfc-7fac-47e0-bbdf-d2c660bed80b|rpc:10.1.1.108:33245|dataStream:|priority:0], old=null
2022-10-04 13:27:00,023 [53175bfc-7fac-47e0-bbdf-d2c660bed80b@group-9184019B8379-LeaderElection31] INFO  impl.LeaderElection (LogUtils.java:infoOrTrace(137)) - 53175bfc-7fac-47e0-bbdf-d2c660bed80b@group-9184019B8379-LeaderElection31 got exception when requesting votes: java.util.concurrent.ExecutionException: org.apache.ratis.thirdparty.io.grpc.StatusRuntimeException: UNAVAILABLE: io exception
2022-10-04 13:27:00,030 [53175bfc-7fac-47e0-bbdf-d2c660bed80b@group-9184019B8379-LeaderElection31] INFO  impl.LeaderElection (LogUtils.java:infoOrTrace(137)) - 53175bfc-7fac-47e0-bbdf-d2c660bed80b@group-9184019B8379-LeaderElection31 got exception when requesting votes: java.util.concurrent.ExecutionException: org.apache.ratis.thirdparty.io.grpc.StatusRuntimeException: UNAVAILABLE: io exception
2022-10-04 13:27:00,030 [53175bfc-7fac-47e0-bbdf-d2c660bed80b@group-9184019B8379-LeaderElection31] INFO  impl.LeaderElection (LeaderElection.java:logAndReturn(90)) - 53175bfc-7fac-47e0-bbdf-d2c660bed80b@group-9184019B8379-LeaderElection31: ELECTION REJECTED received 0 response(s) and 2 exception(s):
2022-10-04 13:27:00,030 [53175bfc-7fac-47e0-bbdf-d2c660bed80b@group-9184019B8379-LeaderElection31] INFO  impl.LeaderElection (LogUtils.java:infoOrTrace(137)) -   Exception 0: java.util.concurrent.ExecutionException: org.apache.ratis.thirdparty.io.grpc.StatusRuntimeException: UNAVAILABLE: io exception
2022-10-04 13:27:00,030 [53175bfc-7fac-47e0-bbdf-d2c660bed80b@group-9184019B8379-LeaderElection31] INFO  impl.LeaderElection (LogUtils.java:infoOrTrace(137)) -   Exception 1: java.util.concurrent.ExecutionException: org.apache.ratis.thirdparty.io.grpc.StatusRuntimeException: UNAVAILABLE: io exception
2022-10-04 13:27:00,030 [53175bfc-7fac-47e0-bbdf-d2c660bed80b@group-9184019B8379-LeaderElection31] INFO  impl.LeaderElection (LeaderElection.java:askForVotes(312)) - 53175bfc-7fac-47e0-bbdf-d2c660bed80b@group-9184019B8379-LeaderElection31 ELECTION round 0: result REJECTED
2022-10-04 13:27:00,030 [53175bfc-7fac-47e0-bbdf-d2c660bed80b@group-9184019B8379-LeaderElection31] INFO  server.RaftServer$Division (RaftServerImpl.java:setRole(299)) - 53175bfc-7fac-47e0-bbdf-d2c660bed80b@group-9184019B8379: changes role from CANDIDATE to FOLLOWER at term 3 for REJECTED
2022-10-04 13:27:00,030 [53175bfc-7fac-47e0-bbdf-d2c660bed80b@group-9184019B8379-LeaderElection31] INFO  impl.RoleInfo (RoleInfo.java:shutdownLeaderElection(130)) - 53175bfc-7fac-47e0-bbdf-d2c660bed80b: shutdown 53175bfc-7fac-47e0-bbdf-d2c660bed80b@group-9184019B8379-LeaderElection31
2022-10-04 13:27:00,030 [53175bfc-7fac-47e0-bbdf-d2c660bed80b@group-9184019B8379-LeaderElection31] INFO  impl.RoleInfo (RoleInfo.java:updateAndGet(139)) - 53175bfc-7fac-47e0-bbdf-d2c660bed80b: start 53175bfc-7fac-47e0-bbdf-d2c660bed80b@group-9184019B8379-FollowerState
2022-10-04 13:27:00,463 [omNode-3@group-523986131536-FollowerState] INFO  impl.FollowerState (FollowerState.java:run(143)) - omNode-3@group-523986131536-FollowerState: change to CANDIDATE, lastRpcElapsedTime:1109497803ns, electionTimeout:1105ms
2022-10-04 13:27:00,464 [omNode-3@group-523986131536-FollowerState] INFO  impl.RoleInfo (RoleInfo.java:shutdownFollowerState(110)) - omNode-3: shutdown omNode-3@group-523986131536-FollowerState
2022-10-04 13:27:00,464 [omNode-3@group-523986131536-FollowerState] INFO  server.RaftServer$Division (RaftServerImpl.java:setRole(299)) - omNode-3@group-523986131536: changes role from  FOLLOWER to CANDIDATE at term 18 for changeToCandidate
2022-10-04 13:27:00,464 [omNode-3@group-523986131536-FollowerState] INFO  server.RaftServerConfigKeys (ConfUtils.java:logGet(46)) - raft.server.leaderelection.pre-vote = false (custom)
2022-10-04 13:27:00,464 [omNode-3@group-523986131536-FollowerState] INFO  impl.RoleInfo (RoleInfo.java:updateAndGet(139)) - omNode-3: start omNode-3@group-523986131536-LeaderElection32
2022-10-04 13:27:00,478 [omNode-3@group-523986131536-LeaderElection32] INFO  impl.LeaderElection (LeaderElection.java:askForVotes(310)) - omNode-3@group-523986131536-LeaderElection32 ELECTION round 0: submit vote requests at term 19 for 145: [omNode-3|rpc:localhost:35537|admin:|client:|dataStream:|priority:0, omNode-1|rpc:localhost:42223|admin:|client:|dataStream:|priority:0, omNode-2|rpc:localhost:33535|admin:|client:|dataStream:|priority:0], old=null
2022-10-04 13:27:00,481 [omNode-3@group-523986131536-LeaderElection32] INFO  impl.LeaderElection (LogUtils.java:infoOrTrace(137)) - omNode-3@group-523986131536-LeaderElection32 got exception when requesting votes: java.util.concurrent.ExecutionException: org.apache.ratis.thirdparty.io.grpc.StatusRuntimeException: UNAVAILABLE: io exception
2022-10-04 13:27:00,484 [omNode-3@group-523986131536-LeaderElection32] INFO  impl.LeaderElection (LogUtils.java:infoOrTrace(137)) - omNode-3@group-523986131536-LeaderElection32 got exception when requesting votes: java.util.concurrent.ExecutionException: org.apache.ratis.thirdparty.io.grpc.StatusRuntimeException: UNAVAILABLE: io exception
2022-10-04 13:27:00,484 [omNode-3@group-523986131536-LeaderElection32] INFO  impl.LeaderElection (LeaderElection.java:logAndReturn(90)) - omNode-3@group-523986131536-LeaderElection32: ELECTION REJECTED received 0 response(s) and 2 exception(s):
2022-10-04 13:27:00,484 [omNode-3@group-523986131536-LeaderElection32] INFO  impl.LeaderElection (LogUtils.java:infoOrTrace(137)) -   Exception 0: java.util.concurrent.ExecutionException: org.apache.ratis.thirdparty.io.grpc.StatusRuntimeException: UNAVAILABLE: io exception
2022-10-04 13:27:00,484 [omNode-3@group-523986131536-LeaderElection32] INFO  impl.LeaderElection (LogUtils.java:infoOrTrace(137)) -   Exception 1: java.util.concurrent.ExecutionException: org.apache.ratis.thirdparty.io.grpc.StatusRuntimeException: UNAVAILABLE: io exception
2022-10-04 13:27:00,484 [omNode-3@group-523986131536-LeaderElection32] INFO  impl.LeaderElection (LeaderElection.java:askForVotes(312)) - omNode-3@group-523986131536-LeaderElection32 ELECTION round 0: result REJECTED
2022-10-04 13:27:00,484 [omNode-3@group-523986131536-LeaderElection32] INFO  server.RaftServer$Division (RaftServerImpl.java:setRole(299)) - omNode-3@group-523986131536: changes role from CANDIDATE to FOLLOWER at term 19 for REJECTED
2022-10-04 13:27:00,484 [omNode-3@group-523986131536-LeaderElection32] INFO  impl.RoleInfo (RoleInfo.java:shutdownLeaderElection(130)) - omNode-3: shutdown omNode-3@group-523986131536-LeaderElection32
2022-10-04 13:27:00,484 [omNode-3@group-523986131536-LeaderElection32] INFO  impl.RoleInfo (RoleInfo.java:updateAndGet(139)) - omNode-3: start omNode-3@group-523986131536-FollowerState
2022-10-04 13:27:00,557 [EndpointStateMachine task thread for /0.0.0.0:41361 - 0 ] INFO  ipc.Client (Client.java:handleConnectionFailure(977)) - Retrying connect to server: 0.0.0.0/0.0.0.0:41361. Already tried 9 time(s); retry policy is RetryUpToMaximumCountWithFixedSleep(maxRetries=15, sleepTime=1000 MILLISECONDS)
2022-10-04 13:27:01,506 [omNode-3@group-523986131536-FollowerState] INFO  impl.FollowerState (FollowerState.java:run(143)) - omNode-3@group-523986131536-FollowerState: change to CANDIDATE, lastRpcElapsedTime:1022254099ns, electionTimeout:1018ms
2022-10-04 13:27:01,506 [omNode-3@group-523986131536-FollowerState] INFO  impl.RoleInfo (RoleInfo.java:shutdownFollowerState(110)) - omNode-3: shutdown omNode-3@group-523986131536-FollowerState
2022-10-04 13:27:01,507 [omNode-3@group-523986131536-FollowerState] INFO  server.RaftServer$Division (RaftServerImpl.java:setRole(299)) - omNode-3@group-523986131536: changes role from  FOLLOWER to CANDIDATE at term 19 for changeToCandidate
2022-10-04 13:27:01,507 [omNode-3@group-523986131536-FollowerState] INFO  server.RaftServerConfigKeys (ConfUtils.java:logGet(46)) - raft.server.leaderelection.pre-vote = false (custom)
2022-10-04 13:27:01,507 [omNode-3@group-523986131536-FollowerState] INFO  impl.RoleInfo (RoleInfo.java:updateAndGet(139)) - omNode-3: start omNode-3@group-523986131536-LeaderElection33
2022-10-04 13:27:01,517 [omNode-3@group-523986131536-LeaderElection33] INFO  impl.LeaderElection (LeaderElection.java:askForVotes(310)) - omNode-3@group-523986131536-LeaderElection33 ELECTION round 0: submit vote requests at term 20 for 145: [omNode-3|rpc:localhost:35537|admin:|client:|dataStream:|priority:0, omNode-1|rpc:localhost:42223|admin:|client:|dataStream:|priority:0, omNode-2|rpc:localhost:33535|admin:|client:|dataStream:|priority:0], old=null
2022-10-04 13:27:01,526 [omNode-3@group-523986131536-LeaderElection33] INFO  impl.LeaderElection (LogUtils.java:infoOrTrace(137)) - omNode-3@group-523986131536-LeaderElection33 got exception when requesting votes: java.util.concurrent.ExecutionException: org.apache.ratis.thirdparty.io.grpc.StatusRuntimeException: UNAVAILABLE: io exception
2022-10-04 13:27:01,531 [omNode-3@group-523986131536-LeaderElection33] INFO  impl.LeaderElection (LogUtils.java:infoOrTrace(137)) - omNode-3@group-523986131536-LeaderElection33 got exception when requesting votes: java.util.concurrent.ExecutionException: org.apache.ratis.thirdparty.io.grpc.StatusRuntimeException: UNAVAILABLE: io exception
2022-10-04 13:27:01,531 [omNode-3@group-523986131536-LeaderElection33] INFO  impl.LeaderElection (LeaderElection.java:logAndReturn(90)) - omNode-3@group-523986131536-LeaderElection33: ELECTION REJECTED received 0 response(s) and 2 exception(s):
2022-10-04 13:27:01,531 [omNode-3@group-523986131536-LeaderElection33] INFO  impl.LeaderElection (LogUtils.java:infoOrTrace(137)) -   Exception 0: java.util.concurrent.ExecutionException: org.apache.ratis.thirdparty.io.grpc.StatusRuntimeException: UNAVAILABLE: io exception
2022-10-04 13:27:01,531 [omNode-3@group-523986131536-LeaderElection33] INFO  impl.LeaderElection (LogUtils.java:infoOrTrace(137)) -   Exception 1: java.util.concurrent.ExecutionException: org.apache.ratis.thirdparty.io.grpc.StatusRuntimeException: UNAVAILABLE: io exception
2022-10-04 13:27:01,531 [omNode-3@group-523986131536-LeaderElection33] INFO  impl.LeaderElection (LeaderElection.java:askForVotes(312)) - omNode-3@group-523986131536-LeaderElection33 ELECTION round 0: result REJECTED
2022-10-04 13:27:01,532 [omNode-3@group-523986131536-LeaderElection33] INFO  server.RaftServer$Division (RaftServerImpl.java:setRole(299)) - omNode-3@group-523986131536: changes role from CANDIDATE to FOLLOWER at term 20 for REJECTED
2022-10-04 13:27:01,532 [omNode-3@group-523986131536-LeaderElection33] INFO  impl.RoleInfo (RoleInfo.java:shutdownLeaderElection(130)) - omNode-3: shutdown omNode-3@group-523986131536-LeaderElection33
2022-10-04 13:27:01,532 [omNode-3@group-523986131536-LeaderElection33] INFO  impl.RoleInfo (RoleInfo.java:updateAndGet(139)) - omNode-3: start omNode-3@group-523986131536-FollowerState
2022-10-04 13:27:01,558 [EndpointStateMachine task thread for /0.0.0.0:41361 - 0 ] INFO  ipc.Client (Client.java:handleConnectionFailure(977)) - Retrying connect to server: 0.0.0.0/0.0.0.0:41361. Already tried 10 time(s); retry policy is RetryUpToMaximumCountWithFixedSleep(maxRetries=15, sleepTime=1000 MILLISECONDS)
2022-10-04 13:27:02,558 [EndpointStateMachine task thread for /0.0.0.0:41361 - 0 ] INFO  ipc.Client (Client.java:handleConnectionFailure(977)) - Retrying connect to server: 0.0.0.0/0.0.0.0:41361. Already tried 11 time(s); retry policy is RetryUpToMaximumCountWithFixedSleep(maxRetries=15, sleepTime=1000 MILLISECONDS)
2022-10-04 13:27:02,576 [omNode-3@group-523986131536-FollowerState] INFO  impl.FollowerState (FollowerState.java:run(143)) - omNode-3@group-523986131536-FollowerState: change to CANDIDATE, lastRpcElapsedTime:1044047951ns, electionTimeout:1036ms
2022-10-04 13:27:02,576 [omNode-3@group-523986131536-FollowerState] INFO  impl.RoleInfo (RoleInfo.java:shutdownFollowerState(110)) - omNode-3: shutdown omNode-3@group-523986131536-FollowerState
2022-10-04 13:27:02,576 [omNode-3@group-523986131536-FollowerState] INFO  server.RaftServer$Division (RaftServerImpl.java:setRole(299)) - omNode-3@group-523986131536: changes role from  FOLLOWER to CANDIDATE at term 20 for changeToCandidate
2022-10-04 13:27:02,576 [omNode-3@group-523986131536-FollowerState] INFO  server.RaftServerConfigKeys (ConfUtils.java:logGet(46)) - raft.server.leaderelection.pre-vote = false (custom)
2022-10-04 13:27:02,576 [omNode-3@group-523986131536-FollowerState] INFO  impl.RoleInfo (RoleInfo.java:updateAndGet(139)) - omNode-3: start omNode-3@group-523986131536-LeaderElection34
2022-10-04 13:27:02,587 [omNode-3@group-523986131536-LeaderElection34] INFO  impl.LeaderElection (LeaderElection.java:askForVotes(310)) - omNode-3@group-523986131536-LeaderElection34 ELECTION round 0: submit vote requests at term 21 for 145: [omNode-3|rpc:localhost:35537|admin:|client:|dataStream:|priority:0, omNode-1|rpc:localhost:42223|admin:|client:|dataStream:|priority:0, omNode-2|rpc:localhost:33535|admin:|client:|dataStream:|priority:0], old=null
2022-10-04 13:27:02,596 [omNode-3@group-523986131536-LeaderElection34] INFO  impl.LeaderElection (LogUtils.java:infoOrTrace(137)) - omNode-3@group-523986131536-LeaderElection34 got exception when requesting votes: java.util.concurrent.ExecutionException: org.apache.ratis.thirdparty.io.grpc.StatusRuntimeException: UNAVAILABLE: io exception
2022-10-04 13:27:02,600 [omNode-3@group-523986131536-LeaderElection34] INFO  impl.LeaderElection (LogUtils.java:infoOrTrace(137)) - omNode-3@group-523986131536-LeaderElection34 got exception when requesting votes: java.util.concurrent.ExecutionException: org.apache.ratis.thirdparty.io.grpc.StatusRuntimeException: UNAVAILABLE: io exception
2022-10-04 13:27:02,600 [omNode-3@group-523986131536-LeaderElection34] INFO  impl.LeaderElection (LeaderElection.java:logAndReturn(90)) - omNode-3@group-523986131536-LeaderElection34: ELECTION REJECTED received 0 response(s) and 2 exception(s):
2022-10-04 13:27:02,600 [omNode-3@group-523986131536-LeaderElection34] INFO  impl.LeaderElection (LogUtils.java:infoOrTrace(137)) -   Exception 0: java.util.concurrent.ExecutionException: org.apache.ratis.thirdparty.io.grpc.StatusRuntimeException: UNAVAILABLE: io exception
2022-10-04 13:27:02,600 [omNode-3@group-523986131536-LeaderElection34] INFO  impl.LeaderElection (LogUtils.java:infoOrTrace(137)) -   Exception 1: java.util.concurrent.ExecutionException: org.apache.ratis.thirdparty.io.grpc.StatusRuntimeException: UNAVAILABLE: io exception
2022-10-04 13:27:02,600 [omNode-3@group-523986131536-LeaderElection34] INFO  impl.LeaderElection (LeaderElection.java:askForVotes(312)) - omNode-3@group-523986131536-LeaderElection34 ELECTION round 0: result REJECTED
2022-10-04 13:27:02,600 [omNode-3@group-523986131536-LeaderElection34] INFO  server.RaftServer$Division (RaftServerImpl.java:setRole(299)) - omNode-3@group-523986131536: changes role from CANDIDATE to FOLLOWER at term 21 for REJECTED
2022-10-04 13:27:02,600 [omNode-3@group-523986131536-LeaderElection34] INFO  impl.RoleInfo (RoleInfo.java:shutdownLeaderElection(130)) - omNode-3: shutdown omNode-3@group-523986131536-LeaderElection34
2022-10-04 13:27:02,600 [omNode-3@group-523986131536-LeaderElection34] INFO  impl.RoleInfo (RoleInfo.java:updateAndGet(139)) - omNode-3: start omNode-3@group-523986131536-FollowerState
2022-10-04 13:27:03,559 [EndpointStateMachine task thread for /0.0.0.0:41361 - 0 ] INFO  ipc.Client (Client.java:handleConnectionFailure(977)) - Retrying connect to server: 0.0.0.0/0.0.0.0:41361. Already tried 12 time(s); retry policy is RetryUpToMaximumCountWithFixedSleep(maxRetries=15, sleepTime=1000 MILLISECONDS)
2022-10-04 13:27:03,678 [omNode-3@group-523986131536-FollowerState] INFO  impl.FollowerState (FollowerState.java:run(143)) - omNode-3@group-523986131536-FollowerState: change to CANDIDATE, lastRpcElapsedTime:1078065074ns, electionTimeout:1074ms
2022-10-04 13:27:03,679 [omNode-3@group-523986131536-FollowerState] INFO  impl.RoleInfo (RoleInfo.java:shutdownFollowerState(110)) - omNode-3: shutdown omNode-3@group-523986131536-FollowerState
2022-10-04 13:27:03,679 [omNode-3@group-523986131536-FollowerState] INFO  server.RaftServer$Division (RaftServerImpl.java:setRole(299)) - omNode-3@group-523986131536: changes role from  FOLLOWER to CANDIDATE at term 21 for changeToCandidate
2022-10-04 13:27:03,679 [omNode-3@group-523986131536-FollowerState] INFO  server.RaftServerConfigKeys (ConfUtils.java:logGet(46)) - raft.server.leaderelection.pre-vote = false (custom)
2022-10-04 13:27:03,679 [omNode-3@group-523986131536-FollowerState] INFO  impl.RoleInfo (RoleInfo.java:updateAndGet(139)) - omNode-3: start omNode-3@group-523986131536-LeaderElection35
2022-10-04 13:27:03,691 [omNode-3@group-523986131536-LeaderElection35] INFO  impl.LeaderElection (LeaderElection.java:askForVotes(310)) - omNode-3@group-523986131536-LeaderElection35 ELECTION round 0: submit vote requests at term 22 for 145: [omNode-3|rpc:localhost:35537|admin:|client:|dataStream:|priority:0, omNode-1|rpc:localhost:42223|admin:|client:|dataStream:|priority:0, omNode-2|rpc:localhost:33535|admin:|client:|dataStream:|priority:0], old=null
2022-10-04 13:27:03,701 [omNode-3@group-523986131536-LeaderElection35] INFO  impl.LeaderElection (LogUtils.java:infoOrTrace(137)) - omNode-3@group-523986131536-LeaderElection35 got exception when requesting votes: java.util.concurrent.ExecutionException: org.apache.ratis.thirdparty.io.grpc.StatusRuntimeException: UNAVAILABLE: io exception
2022-10-04 13:27:03,702 [omNode-3@group-523986131536-LeaderElection35] INFO  impl.LeaderElection (LogUtils.java:infoOrTrace(137)) - omNode-3@group-523986131536-LeaderElection35 got exception when requesting votes: java.util.concurrent.ExecutionException: org.apache.ratis.thirdparty.io.grpc.StatusRuntimeException: UNAVAILABLE: io exception
2022-10-04 13:27:03,702 [omNode-3@group-523986131536-LeaderElection35] INFO  impl.LeaderElection (LeaderElection.java:logAndReturn(90)) - omNode-3@group-523986131536-LeaderElection35: ELECTION REJECTED received 0 response(s) and 2 exception(s):
2022-10-04 13:27:03,702 [omNode-3@group-523986131536-LeaderElection35] INFO  impl.LeaderElection (LogUtils.java:infoOrTrace(137)) -   Exception 0: java.util.concurrent.ExecutionException: org.apache.ratis.thirdparty.io.grpc.StatusRuntimeException: UNAVAILABLE: io exception
2022-10-04 13:27:03,702 [omNode-3@group-523986131536-LeaderElection35] INFO  impl.LeaderElection (LogUtils.java:infoOrTrace(137)) -   Exception 1: java.util.concurrent.ExecutionException: org.apache.ratis.thirdparty.io.grpc.StatusRuntimeException: UNAVAILABLE: io exception
2022-10-04 13:27:03,702 [omNode-3@group-523986131536-LeaderElection35] INFO  impl.LeaderElection (LeaderElection.java:askForVotes(312)) - omNode-3@group-523986131536-LeaderElection35 ELECTION round 0: result REJECTED
2022-10-04 13:27:03,702 [omNode-3@group-523986131536-LeaderElection35] INFO  server.RaftServer$Division (RaftServerImpl.java:setRole(299)) - omNode-3@group-523986131536: changes role from CANDIDATE to FOLLOWER at term 22 for REJECTED
2022-10-04 13:27:03,702 [omNode-3@group-523986131536-LeaderElection35] INFO  impl.RoleInfo (RoleInfo.java:shutdownLeaderElection(130)) - omNode-3: shutdown omNode-3@group-523986131536-LeaderElection35
2022-10-04 13:27:03,702 [omNode-3@group-523986131536-LeaderElection35] INFO  impl.RoleInfo (RoleInfo.java:updateAndGet(139)) - omNode-3: start omNode-3@group-523986131536-FollowerState
2022-10-04 13:27:04,290 [Listener at localhost/45931] INFO  ozoneimpl.OzoneContainer (OzoneContainer.java:stop(400)) - Attempting to stop container services.
2022-10-04 13:27:04,291 [Listener at localhost/45931] INFO  server.RaftServer (RaftServerProxy.java:lambda$close$7(398)) - 53175bfc-7fac-47e0-bbdf-d2c660bed80b: close
2022-10-04 13:27:04,293 [Listener at localhost/45931] INFO  server.RaftServer$Division (RaftServerImpl.java:lambda$close$4(434)) - 53175bfc-7fac-47e0-bbdf-d2c660bed80b@group-DFB956EFFE94: shutdown
2022-10-04 13:27:04,293 [Listener at localhost/45931] INFO  util.JmxRegister (JmxRegister.java:unregister(73)) - Successfully un-registered JMX Bean with object name Ratis:service=RaftServer,group=group-DFB956EFFE94,id=53175bfc-7fac-47e0-bbdf-d2c660bed80b
2022-10-04 13:27:04,293 [Listener at localhost/45931] INFO  impl.RoleInfo (RoleInfo.java:shutdownFollowerState(110)) - 53175bfc-7fac-47e0-bbdf-d2c660bed80b: shutdown 53175bfc-7fac-47e0-bbdf-d2c660bed80b@group-DFB956EFFE94-FollowerState
2022-10-04 13:27:04,294 [Listener at localhost/45931] INFO  impl.StateMachineUpdater (StateMachineUpdater.java:stopAndJoin(153)) - 53175bfc-7fac-47e0-bbdf-d2c660bed80b@group-DFB956EFFE94-StateMachineUpdater: set stopIndex = 0
2022-10-04 13:27:04,294 [53175bfc-7fac-47e0-bbdf-d2c660bed80b@group-DFB956EFFE94-FollowerState] INFO  impl.FollowerState (FollowerState.java:run(152)) - 53175bfc-7fac-47e0-bbdf-d2c660bed80b@group-DFB956EFFE94-FollowerState was interrupted
2022-10-04 13:27:04,296 [53175bfc-7fac-47e0-bbdf-d2c660bed80b@group-DFB956EFFE94-StateMachineUpdater] INFO  ratis.ContainerStateMachine (ContainerStateMachine.java:takeSnapshot(304)) - group-DFB956EFFE94: Taking a snapshot at:(t:2, i:0) file /home/runner/work/ozone/ozone/hadoop-ozone/integration-test/target/test-dir/MiniOzoneClusterImpl-6e9557d8-a31c-49e5-bba1-8bc95799a8b8/datanode-2/data/ratis/f11c729a-18a8-4e49-bdc7-dfb956effe94/sm/snapshot.2_0
2022-10-04 13:27:04,298 [53175bfc-7fac-47e0-bbdf-d2c660bed80b@group-DFB956EFFE94-StateMachineUpdater] INFO  ratis.ContainerStateMachine (ContainerStateMachine.java:takeSnapshot(315)) - group-DFB956EFFE94: Finished taking a snapshot at:(t:2, i:0) file:/home/runner/work/ozone/ozone/hadoop-ozone/integration-test/target/test-dir/MiniOzoneClusterImpl-6e9557d8-a31c-49e5-bba1-8bc95799a8b8/datanode-2/data/ratis/f11c729a-18a8-4e49-bdc7-dfb956effe94/sm/snapshot.2_0 took: 1 ms
2022-10-04 13:27:04,298 [53175bfc-7fac-47e0-bbdf-d2c660bed80b@group-DFB956EFFE94-StateMachineUpdater] INFO  impl.StateMachineUpdater (StateMachineUpdater.java:takeSnapshot(287)) - 53175bfc-7fac-47e0-bbdf-d2c660bed80b@group-DFB956EFFE94-StateMachineUpdater: Took a snapshot at index 0
2022-10-04 13:27:04,298 [53175bfc-7fac-47e0-bbdf-d2c660bed80b@group-DFB956EFFE94-StateMachineUpdater] INFO  impl.StateMachineUpdater (StateMachineUpdater.java:lambda$new$0(92)) - 53175bfc-7fac-47e0-bbdf-d2c660bed80b@group-DFB956EFFE94-StateMachineUpdater: snapshotIndex: updateIncreasingly -1 -> 0
2022-10-04 13:27:04,298 [Listener at localhost/45931] INFO  server.RaftServer$Division (ServerState.java:close(429)) - 53175bfc-7fac-47e0-bbdf-d2c660bed80b@group-DFB956EFFE94: closes. applyIndex: 0
2022-10-04 13:27:04,299 [53175bfc-7fac-47e0-bbdf-d2c660bed80b@group-DFB956EFFE94-SegmentedRaftLogWorker] INFO  segmented.SegmentedRaftLogWorker (SegmentedRaftLogWorker.java:run(336)) - 53175bfc-7fac-47e0-bbdf-d2c660bed80b@group-DFB956EFFE94-SegmentedRaftLogWorker was interrupted, exiting. There are 0 tasks remaining in the queue.
2022-10-04 13:27:04,299 [Listener at localhost/45931] INFO  segmented.SegmentedRaftLogWorker (SegmentedRaftLogWorker.java:close(246)) - 53175bfc-7fac-47e0-bbdf-d2c660bed80b@group-DFB956EFFE94-SegmentedRaftLogWorker close()
2022-10-04 13:27:04,299 [ForkJoinPool.commonPool-worker-1] INFO  server.RaftServer$Division (RaftServerImpl.java:lambda$close$4(434)) - 53175bfc-7fac-47e0-bbdf-d2c660bed80b@group-9184019B8379: shutdown
2022-10-04 13:27:04,299 [ForkJoinPool.commonPool-worker-1] INFO  util.JmxRegister (JmxRegister.java:unregister(73)) - Successfully un-registered JMX Bean with object name Ratis:service=RaftServer,group=group-9184019B8379,id=53175bfc-7fac-47e0-bbdf-d2c660bed80b
2022-10-04 13:27:04,299 [ForkJoinPool.commonPool-worker-1] INFO  impl.RoleInfo (RoleInfo.java:shutdownFollowerState(110)) - 53175bfc-7fac-47e0-bbdf-d2c660bed80b: shutdown 53175bfc-7fac-47e0-bbdf-d2c660bed80b@group-9184019B8379-FollowerState
2022-10-04 13:27:04,306 [Listener at localhost/45931] INFO  server.RaftServer$Division (RaftServerImpl.java:lambda$close$4(434)) - 53175bfc-7fac-47e0-bbdf-d2c660bed80b@group-BAB6A7BEF8AB: shutdown
2022-10-04 13:27:04,311 [Listener at localhost/45931] INFO  util.JmxRegister (JmxRegister.java:unregister(73)) - Successfully un-registered JMX Bean with object name Ratis:service=RaftServer,group=group-BAB6A7BEF8AB,id=53175bfc-7fac-47e0-bbdf-d2c660bed80b
2022-10-04 13:27:04,311 [Listener at localhost/45931] INFO  impl.RoleInfo (RoleInfo.java:shutdownLeaderState(93)) - 53175bfc-7fac-47e0-bbdf-d2c660bed80b: shutdown 53175bfc-7fac-47e0-bbdf-d2c660bed80b@group-BAB6A7BEF8AB-LeaderStateImpl
2022-10-04 13:27:04,311 [Listener at localhost/45931] INFO  impl.PendingRequests (PendingRequests.java:sendNotLeaderResponses(282)) - 53175bfc-7fac-47e0-bbdf-d2c660bed80b@group-BAB6A7BEF8AB-PendingRequests: sendNotLeaderResponses
2022-10-04 13:27:04,313 [53175bfc-7fac-47e0-bbdf-d2c660bed80b@group-9184019B8379-FollowerState] INFO  impl.FollowerState (FollowerState.java:run(152)) - 53175bfc-7fac-47e0-bbdf-d2c660bed80b@group-9184019B8379-FollowerState was interrupted
2022-10-04 13:27:04,313 [53175bfc-7fac-47e0-bbdf-d2c660bed80b@group-9184019B8379-StateMachineUpdater] INFO  ratis.ContainerStateMachine (ContainerStateMachine.java:takeSnapshot(304)) - group-9184019B8379: Taking a snapshot at:(t:2, i:0) file /home/runner/work/ozone/ozone/hadoop-ozone/integration-test/target/test-dir/MiniOzoneClusterImpl-6e9557d8-a31c-49e5-bba1-8bc95799a8b8/datanode-2/data/ratis/3afe47b4-9ff0-4b96-ab86-9184019b8379/sm/snapshot.2_0
2022-10-04 13:27:04,314 [ForkJoinPool.commonPool-worker-1] INFO  impl.StateMachineUpdater (StateMachineUpdater.java:stopAndJoin(153)) - 53175bfc-7fac-47e0-bbdf-d2c660bed80b@group-9184019B8379-StateMachineUpdater: set stopIndex = 0
2022-10-04 13:27:04,316 [Listener at localhost/45931] INFO  impl.StateMachineUpdater (StateMachineUpdater.java:stopAndJoin(153)) - 53175bfc-7fac-47e0-bbdf-d2c660bed80b@group-BAB6A7BEF8AB-StateMachineUpdater: set stopIndex = 28
2022-10-04 13:27:04,317 [53175bfc-7fac-47e0-bbdf-d2c660bed80b@group-BAB6A7BEF8AB-StateMachineUpdater] INFO  ratis.ContainerStateMachine (ContainerStateMachine.java:takeSnapshot(304)) - group-BAB6A7BEF8AB: Taking a snapshot at:(t:1, i:28) file /home/runner/work/ozone/ozone/hadoop-ozone/integration-test/target/test-dir/MiniOzoneClusterImpl-6e9557d8-a31c-49e5-bba1-8bc95799a8b8/datanode-2/data/ratis/5461d147-10a3-4c13-a3e1-bab6a7bef8ab/sm/snapshot.1_28
2022-10-04 13:27:04,317 [53175bfc-7fac-47e0-bbdf-d2c660bed80b@group-9184019B8379-StateMachineUpdater] INFO  ratis.ContainerStateMachine (ContainerStateMachine.java:takeSnapshot(315)) - group-9184019B8379: Finished taking a snapshot at:(t:2, i:0) file:/home/runner/work/ozone/ozone/hadoop-ozone/integration-test/target/test-dir/MiniOzoneClusterImpl-6e9557d8-a31c-49e5-bba1-8bc95799a8b8/datanode-2/data/ratis/3afe47b4-9ff0-4b96-ab86-9184019b8379/sm/snapshot.2_0 took: 4 ms
2022-10-04 13:27:04,318 [53175bfc-7fac-47e0-bbdf-d2c660bed80b@group-9184019B8379-StateMachineUpdater] INFO  impl.StateMachineUpdater (StateMachineUpdater.java:takeSnapshot(287)) - 53175bfc-7fac-47e0-bbdf-d2c660bed80b@group-9184019B8379-StateMachineUpdater: Took a snapshot at index 0
2022-10-04 13:27:04,318 [53175bfc-7fac-47e0-bbdf-d2c660bed80b@group-9184019B8379-StateMachineUpdater] INFO  impl.StateMachineUpdater (StateMachineUpdater.java:lambda$new$0(92)) - 53175bfc-7fac-47e0-bbdf-d2c660bed80b@group-9184019B8379-StateMachineUpdater: snapshotIndex: updateIncreasingly -1 -> 0
2022-10-04 13:27:04,318 [ForkJoinPool.commonPool-worker-1] INFO  server.RaftServer$Division (ServerState.java:close(429)) - 53175bfc-7fac-47e0-bbdf-d2c660bed80b@group-9184019B8379: closes. applyIndex: 0
2022-10-04 13:27:04,318 [53175bfc-7fac-47e0-bbdf-d2c660bed80b@group-9184019B8379-SegmentedRaftLogWorker] INFO  segmented.SegmentedRaftLogWorker (SegmentedRaftLogWorker.java:run(336)) - 53175bfc-7fac-47e0-bbdf-d2c660bed80b@group-9184019B8379-SegmentedRaftLogWorker was interrupted, exiting. There are 0 tasks remaining in the queue.
2022-10-04 13:27:04,318 [ForkJoinPool.commonPool-worker-1] INFO  segmented.SegmentedRaftLogWorker (SegmentedRaftLogWorker.java:close(246)) - 53175bfc-7fac-47e0-bbdf-d2c660bed80b@group-9184019B8379-SegmentedRaftLogWorker close()
2022-10-04 13:27:04,319 [53175bfc-7fac-47e0-bbdf-d2c660bed80b@group-BAB6A7BEF8AB-StateMachineUpdater] INFO  ratis.ContainerStateMachine (ContainerStateMachine.java:takeSnapshot(315)) - group-BAB6A7BEF8AB: Finished taking a snapshot at:(t:1, i:28) file:/home/runner/work/ozone/ozone/hadoop-ozone/integration-test/target/test-dir/MiniOzoneClusterImpl-6e9557d8-a31c-49e5-bba1-8bc95799a8b8/datanode-2/data/ratis/5461d147-10a3-4c13-a3e1-bab6a7bef8ab/sm/snapshot.1_28 took: 2 ms
2022-10-04 13:27:04,319 [53175bfc-7fac-47e0-bbdf-d2c660bed80b@group-BAB6A7BEF8AB-StateMachineUpdater] INFO  impl.StateMachineUpdater (StateMachineUpdater.java:takeSnapshot(287)) - 53175bfc-7fac-47e0-bbdf-d2c660bed80b@group-BAB6A7BEF8AB-StateMachineUpdater: Took a snapshot at index 28
2022-10-04 13:27:04,319 [53175bfc-7fac-47e0-bbdf-d2c660bed80b@group-BAB6A7BEF8AB-StateMachineUpdater] INFO  impl.StateMachineUpdater (StateMachineUpdater.java:lambda$new$0(92)) - 53175bfc-7fac-47e0-bbdf-d2c660bed80b@group-BAB6A7BEF8AB-StateMachineUpdater: snapshotIndex: updateIncreasingly -1 -> 28
2022-10-04 13:27:04,321 [Listener at localhost/45931] INFO  server.RaftServer$Division (ServerState.java:close(429)) - 53175bfc-7fac-47e0-bbdf-d2c660bed80b@group-BAB6A7BEF8AB: closes. applyIndex: 28
2022-10-04 13:27:04,321 [53175bfc-7fac-47e0-bbdf-d2c660bed80b@group-BAB6A7BEF8AB-SegmentedRaftLogWorker] INFO  segmented.SegmentedRaftLogWorker (SegmentedRaftLogWorker.java:run(336)) - 53175bfc-7fac-47e0-bbdf-d2c660bed80b@group-BAB6A7BEF8AB-SegmentedRaftLogWorker was interrupted, exiting. There are 0 tasks remaining in the queue.
2022-10-04 13:27:04,321 [Listener at localhost/45931] INFO  segmented.SegmentedRaftLogWorker (SegmentedRaftLogWorker.java:close(246)) - 53175bfc-7fac-47e0-bbdf-d2c660bed80b@group-BAB6A7BEF8AB-SegmentedRaftLogWorker close()
2022-10-04 13:27:04,326 [Listener at localhost/45931] INFO  server.GrpcService (GrpcService.java:closeImpl(269)) - 53175bfc-7fac-47e0-bbdf-d2c660bed80b: shutdown server with port 33245 now
2022-10-04 13:27:04,328 [Listener at localhost/45931] INFO  server.GrpcService (GrpcService.java:closeImpl(278)) - 53175bfc-7fac-47e0-bbdf-d2c660bed80b: shutdown server with port 33245 successfully
2022-10-04 13:27:04,329 [org.apache.ratis.util.JvmPauseMonitor$$Lambda$699/75026084@2a5ed31d] INFO  util.JvmPauseMonitor (JvmPauseMonitor.java:run(109)) - JvmPauseMonitor-53175bfc-7fac-47e0-bbdf-d2c660bed80b: Stopped
2022-10-04 13:27:04,560 [EndpointStateMachine task thread for /0.0.0.0:41361 - 0 ] INFO  ipc.Client (Client.java:handleConnectionFailure(977)) - Retrying connect to server: 0.0.0.0/0.0.0.0:41361. Already tried 13 time(s); retry policy is RetryUpToMaximumCountWithFixedSleep(maxRetries=15, sleepTime=1000 MILLISECONDS)
2022-10-04 13:27:04,768 [omNode-3@group-523986131536-FollowerState] INFO  impl.FollowerState (FollowerState.java:run(143)) - omNode-3@group-523986131536-FollowerState: change to CANDIDATE, lastRpcElapsedTime:1065920301ns, electionTimeout:1059ms
2022-10-04 13:27:04,768 [omNode-3@group-523986131536-FollowerState] INFO  impl.RoleInfo (RoleInfo.java:shutdownFollowerState(110)) - omNode-3: shutdown omNode-3@group-523986131536-FollowerState
2022-10-04 13:27:04,768 [omNode-3@group-523986131536-FollowerState] INFO  server.RaftServer$Division (RaftServerImpl.java:setRole(299)) - omNode-3@group-523986131536: changes role from  FOLLOWER to CANDIDATE at term 22 for changeToCandidate
2022-10-04 13:27:04,768 [omNode-3@group-523986131536-FollowerState] INFO  server.RaftServerConfigKeys (ConfUtils.java:logGet(46)) - raft.server.leaderelection.pre-vote = false (custom)
2022-10-04 13:27:04,769 [omNode-3@group-523986131536-FollowerState] INFO  impl.RoleInfo (RoleInfo.java:updateAndGet(139)) - omNode-3: start omNode-3@group-523986131536-LeaderElection36
2022-10-04 13:27:04,776 [omNode-3@group-523986131536-LeaderElection36] INFO  impl.LeaderElection (LeaderElection.java:askForVotes(310)) - omNode-3@group-523986131536-LeaderElection36 ELECTION round 0: submit vote requests at term 23 for 145: [omNode-3|rpc:localhost:35537|admin:|client:|dataStream:|priority:0, omNode-1|rpc:localhost:42223|admin:|client:|dataStream:|priority:0, omNode-2|rpc:localhost:33535|admin:|client:|dataStream:|priority:0], old=null
2022-10-04 13:27:04,786 [omNode-3@group-523986131536-LeaderElection36] INFO  impl.LeaderElection (LogUtils.java:infoOrTrace(137)) - omNode-3@group-523986131536-LeaderElection36 got exception when requesting votes: java.util.concurrent.ExecutionException: org.apache.ratis.thirdparty.io.grpc.StatusRuntimeException: UNAVAILABLE: io exception
2022-10-04 13:27:04,790 [omNode-3@group-523986131536-LeaderElection36] INFO  impl.LeaderElection (LogUtils.java:infoOrTrace(137)) - omNode-3@group-523986131536-LeaderElection36 got exception when requesting votes: java.util.concurrent.ExecutionException: org.apache.ratis.thirdparty.io.grpc.StatusRuntimeException: UNAVAILABLE: io exception
2022-10-04 13:27:04,790 [omNode-3@group-523986131536-LeaderElection36] INFO  impl.LeaderElection (LeaderElection.java:logAndReturn(90)) - omNode-3@group-523986131536-LeaderElection36: ELECTION REJECTED received 0 response(s) and 2 exception(s):
2022-10-04 13:27:04,790 [omNode-3@group-523986131536-LeaderElection36] INFO  impl.LeaderElection (LogUtils.java:infoOrTrace(137)) -   Exception 0: java.util.concurrent.ExecutionException: org.apache.ratis.thirdparty.io.grpc.StatusRuntimeException: UNAVAILABLE: io exception
2022-10-04 13:27:04,790 [omNode-3@group-523986131536-LeaderElection36] INFO  impl.LeaderElection (LogUtils.java:infoOrTrace(137)) -   Exception 1: java.util.concurrent.ExecutionException: org.apache.ratis.thirdparty.io.grpc.StatusRuntimeException: UNAVAILABLE: io exception
2022-10-04 13:27:04,790 [omNode-3@group-523986131536-LeaderElection36] INFO  impl.LeaderElection (LeaderElection.java:askForVotes(312)) - omNode-3@group-523986131536-LeaderElection36 ELECTION round 0: result REJECTED
2022-10-04 13:27:04,790 [omNode-3@group-523986131536-LeaderElection36] INFO  server.RaftServer$Division (RaftServerImpl.java:setRole(299)) - omNode-3@group-523986131536: changes role from CANDIDATE to FOLLOWER at term 23 for REJECTED
2022-10-04 13:27:04,790 [omNode-3@group-523986131536-LeaderElection36] INFO  impl.RoleInfo (RoleInfo.java:shutdownLeaderElection(130)) - omNode-3: shutdown omNode-3@group-523986131536-LeaderElection36
2022-10-04 13:27:04,790 [omNode-3@group-523986131536-LeaderElection36] INFO  impl.RoleInfo (RoleInfo.java:updateAndGet(139)) - omNode-3: start omNode-3@group-523986131536-FollowerState
2022-10-04 13:27:05,561 [EndpointStateMachine task thread for /0.0.0.0:41361 - 0 ] INFO  ipc.Client (Client.java:handleConnectionFailure(977)) - Retrying connect to server: 0.0.0.0/0.0.0.0:41361. Already tried 14 time(s); retry policy is RetryUpToMaximumCountWithFixedSleep(maxRetries=15, sleepTime=1000 MILLISECONDS)
2022-10-04 13:27:05,840 [omNode-3@group-523986131536-FollowerState] INFO  impl.FollowerState (FollowerState.java:run(143)) - omNode-3@group-523986131536-FollowerState: change to CANDIDATE, lastRpcElapsedTime:1050319536ns, electionTimeout:1046ms
2022-10-04 13:27:05,840 [omNode-3@group-523986131536-FollowerState] INFO  impl.RoleInfo (RoleInfo.java:shutdownFollowerState(110)) - omNode-3: shutdown omNode-3@group-523986131536-FollowerState
2022-10-04 13:27:05,841 [omNode-3@group-523986131536-FollowerState] INFO  server.RaftServer$Division (RaftServerImpl.java:setRole(299)) - omNode-3@group-523986131536: changes role from  FOLLOWER to CANDIDATE at term 23 for changeToCandidate
2022-10-04 13:27:05,841 [omNode-3@group-523986131536-FollowerState] INFO  server.RaftServerConfigKeys (ConfUtils.java:logGet(46)) - raft.server.leaderelection.pre-vote = false (custom)
2022-10-04 13:27:05,841 [omNode-3@group-523986131536-FollowerState] INFO  impl.RoleInfo (RoleInfo.java:updateAndGet(139)) - omNode-3: start omNode-3@group-523986131536-LeaderElection37
2022-10-04 13:27:05,861 [omNode-3@group-523986131536-LeaderElection37] INFO  impl.LeaderElection (LeaderElection.java:askForVotes(310)) - omNode-3@group-523986131536-LeaderElection37 ELECTION round 0: submit vote requests at term 24 for 145: [omNode-3|rpc:localhost:35537|admin:|client:|dataStream:|priority:0, omNode-1|rpc:localhost:42223|admin:|client:|dataStream:|priority:0, omNode-2|rpc:localhost:33535|admin:|client:|dataStream:|priority:0], old=null
2022-10-04 13:27:05,864 [omNode-3@group-523986131536-LeaderElection37] INFO  impl.LeaderElection (LogUtils.java:infoOrTrace(137)) - omNode-3@group-523986131536-LeaderElection37 got exception when requesting votes: java.util.concurrent.ExecutionException: org.apache.ratis.thirdparty.io.grpc.StatusRuntimeException: UNAVAILABLE: io exception
2022-10-04 13:27:05,865 [omNode-3@group-523986131536-LeaderElection37] INFO  impl.LeaderElection (LogUtils.java:infoOrTrace(137)) - omNode-3@group-523986131536-LeaderElection37 got exception when requesting votes: java.util.concurrent.ExecutionException: org.apache.ratis.thirdparty.io.grpc.StatusRuntimeException: UNAVAILABLE: io exception
2022-10-04 13:27:05,865 [omNode-3@group-523986131536-LeaderElection37] INFO  impl.LeaderElection (LeaderElection.java:logAndReturn(90)) - omNode-3@group-523986131536-LeaderElection37: ELECTION REJECTED received 0 response(s) and 2 exception(s):
2022-10-04 13:27:05,865 [omNode-3@group-523986131536-LeaderElection37] INFO  impl.LeaderElection (LogUtils.java:infoOrTrace(137)) -   Exception 0: java.util.concurrent.ExecutionException: org.apache.ratis.thirdparty.io.grpc.StatusRuntimeException: UNAVAILABLE: io exception
2022-10-04 13:27:05,865 [omNode-3@group-523986131536-LeaderElection37] INFO  impl.LeaderElection (LogUtils.java:infoOrTrace(137)) -   Exception 1: java.util.concurrent.ExecutionException: org.apache.ratis.thirdparty.io.grpc.StatusRuntimeException: UNAVAILABLE: io exception
2022-10-04 13:27:05,865 [omNode-3@group-523986131536-LeaderElection37] INFO  impl.LeaderElection (LeaderElection.java:askForVotes(312)) - omNode-3@group-523986131536-LeaderElection37 ELECTION round 0: result REJECTED
2022-10-04 13:27:05,865 [omNode-3@group-523986131536-LeaderElection37] INFO  server.RaftServer$Division (RaftServerImpl.java:setRole(299)) - omNode-3@group-523986131536: changes role from CANDIDATE to FOLLOWER at term 24 for REJECTED
2022-10-04 13:27:05,865 [omNode-3@group-523986131536-LeaderElection37] INFO  impl.RoleInfo (RoleInfo.java:shutdownLeaderElection(130)) - omNode-3: shutdown omNode-3@group-523986131536-LeaderElection37
2022-10-04 13:27:05,865 [omNode-3@group-523986131536-LeaderElection37] INFO  impl.RoleInfo (RoleInfo.java:updateAndGet(139)) - omNode-3: start omNode-3@group-523986131536-FollowerState
2022-10-04 13:27:06,348 [Listener at localhost/45931] INFO  utils.BackgroundService (BackgroundService.java:shutdown(141)) - Shutting down service BlockDeletingService
2022-10-04 13:27:06,349 [Listener at localhost/45931] INFO  utils.BackgroundService (BackgroundService.java:shutdown(141)) - Shutting down service StaleRecoveringContainerScrubbingService
2022-10-04 13:27:06,565 [EndpointStateMachine task thread for /0.0.0.0:41361 - 0 ] INFO  ipc.Client (Client.java:handleConnectionFailure(977)) - Retrying connect to server: 0.0.0.0/0.0.0.0:41361. Already tried 0 time(s); retry policy is RetryUpToMaximumCountWithFixedSleep(maxRetries=15, sleepTime=1000 MILLISECONDS)
2022-10-04 13:27:07,044 [omNode-3@group-523986131536-FollowerState] INFO  impl.FollowerState (FollowerState.java:run(143)) - omNode-3@group-523986131536-FollowerState: change to CANDIDATE, lastRpcElapsedTime:1178623898ns, electionTimeout:1178ms
2022-10-04 13:27:07,044 [omNode-3@group-523986131536-FollowerState] INFO  impl.RoleInfo (RoleInfo.java:shutdownFollowerState(110)) - omNode-3: shutdown omNode-3@group-523986131536-FollowerState
2022-10-04 13:27:07,044 [omNode-3@group-523986131536-FollowerState] INFO  server.RaftServer$Division (RaftServerImpl.java:setRole(299)) - omNode-3@group-523986131536: changes role from  FOLLOWER to CANDIDATE at term 24 for changeToCandidate
2022-10-04 13:27:07,045 [omNode-3@group-523986131536-FollowerState] INFO  server.RaftServerConfigKeys (ConfUtils.java:logGet(46)) - raft.server.leaderelection.pre-vote = false (custom)
2022-10-04 13:27:07,045 [omNode-3@group-523986131536-FollowerState] INFO  impl.RoleInfo (RoleInfo.java:updateAndGet(139)) - omNode-3: start omNode-3@group-523986131536-LeaderElection38
2022-10-04 13:27:07,053 [omNode-3@group-523986131536-LeaderElection38] INFO  impl.LeaderElection (LeaderElection.java:askForVotes(310)) - omNode-3@group-523986131536-LeaderElection38 ELECTION round 0: submit vote requests at term 25 for 145: [omNode-3|rpc:localhost:35537|admin:|client:|dataStream:|priority:0, omNode-1|rpc:localhost:42223|admin:|client:|dataStream:|priority:0, omNode-2|rpc:localhost:33535|admin:|client:|dataStream:|priority:0], old=null
2022-10-04 13:27:07,060 [omNode-3@group-523986131536-LeaderElection38] INFO  impl.LeaderElection (LogUtils.java:infoOrTrace(137)) - omNode-3@group-523986131536-LeaderElection38 got exception when requesting votes: java.util.concurrent.ExecutionException: org.apache.ratis.thirdparty.io.grpc.StatusRuntimeException: UNAVAILABLE: io exception
2022-10-04 13:27:07,060 [omNode-3@group-523986131536-LeaderElection38] INFO  impl.LeaderElection (LogUtils.java:infoOrTrace(137)) - omNode-3@group-523986131536-LeaderElection38 got exception when requesting votes: java.util.concurrent.ExecutionException: org.apache.ratis.thirdparty.io.grpc.StatusRuntimeException: UNAVAILABLE: io exception
2022-10-04 13:27:07,060 [omNode-3@group-523986131536-LeaderElection38] INFO  impl.LeaderElection (LeaderElection.java:logAndReturn(90)) - omNode-3@group-523986131536-LeaderElection38: ELECTION REJECTED received 0 response(s) and 2 exception(s):
2022-10-04 13:27:07,061 [omNode-3@group-523986131536-LeaderElection38] INFO  impl.LeaderElection (LogUtils.java:infoOrTrace(137)) -   Exception 0: java.util.concurrent.ExecutionException: org.apache.ratis.thirdparty.io.grpc.StatusRuntimeException: UNAVAILABLE: io exception
2022-10-04 13:27:07,061 [omNode-3@group-523986131536-LeaderElection38] INFO  impl.LeaderElection (LogUtils.java:infoOrTrace(137)) -   Exception 1: java.util.concurrent.ExecutionException: org.apache.ratis.thirdparty.io.grpc.StatusRuntimeException: UNAVAILABLE: io exception
2022-10-04 13:27:07,061 [omNode-3@group-523986131536-LeaderElection38] INFO  impl.LeaderElection (LeaderElection.java:askForVotes(312)) - omNode-3@group-523986131536-LeaderElection38 ELECTION round 0: result REJECTED
2022-10-04 13:27:07,061 [omNode-3@group-523986131536-LeaderElection38] INFO  server.RaftServer$Division (RaftServerImpl.java:setRole(299)) - omNode-3@group-523986131536: changes role from CANDIDATE to FOLLOWER at term 25 for REJECTED
2022-10-04 13:27:07,061 [omNode-3@group-523986131536-LeaderElection38] INFO  impl.RoleInfo (RoleInfo.java:shutdownLeaderElection(130)) - omNode-3: shutdown omNode-3@group-523986131536-LeaderElection38
2022-10-04 13:27:07,061 [omNode-3@group-523986131536-LeaderElection38] INFO  impl.RoleInfo (RoleInfo.java:updateAndGet(139)) - omNode-3: start omNode-3@group-523986131536-FollowerState
2022-10-04 13:27:07,565 [EndpointStateMachine task thread for /0.0.0.0:41361 - 0 ] INFO  ipc.Client (Client.java:handleConnectionFailure(977)) - Retrying connect to server: 0.0.0.0/0.0.0.0:41361. Already tried 1 time(s); retry policy is RetryUpToMaximumCountWithFixedSleep(maxRetries=15, sleepTime=1000 MILLISECONDS)
2022-10-04 13:27:08,078 [omNode-3@group-523986131536-FollowerState] INFO  impl.FollowerState (FollowerState.java:run(143)) - omNode-3@group-523986131536-FollowerState: change to CANDIDATE, lastRpcElapsedTime:1017595187ns, electionTimeout:1017ms
2022-10-04 13:27:08,079 [omNode-3@group-523986131536-FollowerState] INFO  impl.RoleInfo (RoleInfo.java:shutdownFollowerState(110)) - omNode-3: shutdown omNode-3@group-523986131536-FollowerState
2022-10-04 13:27:08,079 [omNode-3@group-523986131536-FollowerState] INFO  server.RaftServer$Division (RaftServerImpl.java:setRole(299)) - omNode-3@group-523986131536: changes role from  FOLLOWER to CANDIDATE at term 25 for changeToCandidate
2022-10-04 13:27:08,079 [omNode-3@group-523986131536-FollowerState] INFO  server.RaftServerConfigKeys (ConfUtils.java:logGet(46)) - raft.server.leaderelection.pre-vote = false (custom)
2022-10-04 13:27:08,079 [omNode-3@group-523986131536-FollowerState] INFO  impl.RoleInfo (RoleInfo.java:updateAndGet(139)) - omNode-3: start omNode-3@group-523986131536-LeaderElection39
2022-10-04 13:27:08,087 [omNode-3@group-523986131536-LeaderElection39] INFO  impl.LeaderElection (LeaderElection.java:askForVotes(310)) - omNode-3@group-523986131536-LeaderElection39 ELECTION round 0: submit vote requests at term 26 for 145: [omNode-3|rpc:localhost:35537|admin:|client:|dataStream:|priority:0, omNode-1|rpc:localhost:42223|admin:|client:|dataStream:|priority:0, omNode-2|rpc:localhost:33535|admin:|client:|dataStream:|priority:0], old=null
2022-10-04 13:27:08,093 [omNode-3@group-523986131536-LeaderElection39] INFO  impl.LeaderElection (LogUtils.java:infoOrTrace(137)) - omNode-3@group-523986131536-LeaderElection39 got exception when requesting votes: java.util.concurrent.ExecutionException: org.apache.ratis.thirdparty.io.grpc.StatusRuntimeException: UNAVAILABLE: io exception
2022-10-04 13:27:08,093 [omNode-3@group-523986131536-LeaderElection39] INFO  impl.LeaderElection (LogUtils.java:infoOrTrace(137)) - omNode-3@group-523986131536-LeaderElection39 got exception when requesting votes: java.util.concurrent.ExecutionException: org.apache.ratis.thirdparty.io.grpc.StatusRuntimeException: UNAVAILABLE: io exception
2022-10-04 13:27:08,093 [omNode-3@group-523986131536-LeaderElection39] INFO  impl.LeaderElection (LeaderElection.java:logAndReturn(90)) - omNode-3@group-523986131536-LeaderElection39: ELECTION REJECTED received 0 response(s) and 2 exception(s):
2022-10-04 13:27:08,093 [omNode-3@group-523986131536-LeaderElection39] INFO  impl.LeaderElection (LogUtils.java:infoOrTrace(137)) -   Exception 0: java.util.concurrent.ExecutionException: org.apache.ratis.thirdparty.io.grpc.StatusRuntimeException: UNAVAILABLE: io exception
2022-10-04 13:27:08,094 [omNode-3@group-523986131536-LeaderElection39] INFO  impl.LeaderElection (LogUtils.java:infoOrTrace(137)) -   Exception 1: java.util.concurrent.ExecutionException: org.apache.ratis.thirdparty.io.grpc.StatusRuntimeException: UNAVAILABLE: io exception
2022-10-04 13:27:08,094 [omNode-3@group-523986131536-LeaderElection39] INFO  impl.LeaderElection (LeaderElection.java:askForVotes(312)) - omNode-3@group-523986131536-LeaderElection39 ELECTION round 0: result REJECTED
2022-10-04 13:27:08,094 [omNode-3@group-523986131536-LeaderElection39] INFO  server.RaftServer$Division (RaftServerImpl.java:setRole(299)) - omNode-3@group-523986131536: changes role from CANDIDATE to FOLLOWER at term 26 for REJECTED
2022-10-04 13:27:08,094 [omNode-3@group-523986131536-LeaderElection39] INFO  impl.RoleInfo (RoleInfo.java:shutdownLeaderElection(130)) - omNode-3: shutdown omNode-3@group-523986131536-LeaderElection39
2022-10-04 13:27:08,094 [omNode-3@group-523986131536-LeaderElection39] INFO  impl.RoleInfo (RoleInfo.java:updateAndGet(139)) - omNode-3: start omNode-3@group-523986131536-FollowerState
2022-10-04 13:27:08,569 [EndpointStateMachine task thread for /0.0.0.0:41361 - 0 ] INFO  ipc.Client (Client.java:handleConnectionFailure(977)) - Retrying connect to server: 0.0.0.0/0.0.0.0:41361. Already tried 2 time(s); retry policy is RetryUpToMaximumCountWithFixedSleep(maxRetries=15, sleepTime=1000 MILLISECONDS)
2022-10-04 13:27:09,252 [omNode-3@group-523986131536-FollowerState] INFO  impl.FollowerState (FollowerState.java:run(143)) - omNode-3@group-523986131536-FollowerState: change to CANDIDATE, lastRpcElapsedTime:1158572562ns, electionTimeout:1158ms
2022-10-04 13:27:09,252 [omNode-3@group-523986131536-FollowerState] INFO  impl.RoleInfo (RoleInfo.java:shutdownFollowerState(110)) - omNode-3: shutdown omNode-3@group-523986131536-FollowerState
2022-10-04 13:27:09,253 [omNode-3@group-523986131536-FollowerState] INFO  server.RaftServer$Division (RaftServerImpl.java:setRole(299)) - omNode-3@group-523986131536: changes role from  FOLLOWER to CANDIDATE at term 26 for changeToCandidate
2022-10-04 13:27:09,253 [omNode-3@group-523986131536-FollowerState] INFO  server.RaftServerConfigKeys (ConfUtils.java:logGet(46)) - raft.server.leaderelection.pre-vote = false (custom)
2022-10-04 13:27:09,253 [omNode-3@group-523986131536-FollowerState] INFO  impl.RoleInfo (RoleInfo.java:updateAndGet(139)) - omNode-3: start omNode-3@group-523986131536-LeaderElection40
2022-10-04 13:27:09,257 [omNode-3@group-523986131536-LeaderElection40] INFO  impl.LeaderElection (LeaderElection.java:askForVotes(310)) - omNode-3@group-523986131536-LeaderElection40 ELECTION round 0: submit vote requests at term 27 for 145: [omNode-3|rpc:localhost:35537|admin:|client:|dataStream:|priority:0, omNode-1|rpc:localhost:42223|admin:|client:|dataStream:|priority:0, omNode-2|rpc:localhost:33535|admin:|client:|dataStream:|priority:0], old=null
2022-10-04 13:27:09,264 [omNode-3@group-523986131536-LeaderElection40] INFO  impl.LeaderElection (LogUtils.java:infoOrTrace(137)) - omNode-3@group-523986131536-LeaderElection40 got exception when requesting votes: java.util.concurrent.ExecutionException: org.apache.ratis.thirdparty.io.grpc.StatusRuntimeException: UNAVAILABLE: io exception
2022-10-04 13:27:09,265 [omNode-3@group-523986131536-LeaderElection40] INFO  impl.LeaderElection (LogUtils.java:infoOrTrace(137)) - omNode-3@group-523986131536-LeaderElection40 got exception when requesting votes: java.util.concurrent.ExecutionException: org.apache.ratis.thirdparty.io.grpc.StatusRuntimeException: UNAVAILABLE: io exception
2022-10-04 13:27:09,265 [omNode-3@group-523986131536-LeaderElection40] INFO  impl.LeaderElection (LeaderElection.java:logAndReturn(90)) - omNode-3@group-523986131536-LeaderElection40: ELECTION REJECTED received 0 response(s) and 2 exception(s):
2022-10-04 13:27:09,265 [omNode-3@group-523986131536-LeaderElection40] INFO  impl.LeaderElection (LogUtils.java:infoOrTrace(137)) -   Exception 0: java.util.concurrent.ExecutionException: org.apache.ratis.thirdparty.io.grpc.StatusRuntimeException: UNAVAILABLE: io exception
2022-10-04 13:27:09,265 [omNode-3@group-523986131536-LeaderElection40] INFO  impl.LeaderElection (LogUtils.java:infoOrTrace(137)) -   Exception 1: java.util.concurrent.ExecutionException: org.apache.ratis.thirdparty.io.grpc.StatusRuntimeException: UNAVAILABLE: io exception
2022-10-04 13:27:09,265 [omNode-3@group-523986131536-LeaderElection40] INFO  impl.LeaderElection (LeaderElection.java:askForVotes(312)) - omNode-3@group-523986131536-LeaderElection40 ELECTION round 0: result REJECTED
2022-10-04 13:27:09,265 [omNode-3@group-523986131536-LeaderElection40] INFO  server.RaftServer$Division (RaftServerImpl.java:setRole(299)) - omNode-3@group-523986131536: changes role from CANDIDATE to FOLLOWER at term 27 for REJECTED
2022-10-04 13:27:09,265 [omNode-3@group-523986131536-LeaderElection40] INFO  impl.RoleInfo (RoleInfo.java:shutdownLeaderElection(130)) - omNode-3: shutdown omNode-3@group-523986131536-LeaderElection40
2022-10-04 13:27:09,265 [omNode-3@group-523986131536-LeaderElection40] INFO  impl.RoleInfo (RoleInfo.java:updateAndGet(139)) - omNode-3: start omNode-3@group-523986131536-FollowerState
2022-10-04 13:27:09,351 [Listener at localhost/45931] INFO  statemachine.DatanodeStateMachine (DatanodeStateMachine.java:stopDaemon(580)) - Ozone container server stopped.
2022-10-04 13:27:09,387 [Listener at localhost/45931] INFO  handler.ContextHandler (ContextHandler.java:doStop(1153)) - Stopped o.e.j.w.WebAppContext@1b826a22{hddsDatanode,/,null,STOPPED}{jar:file:/home/runner/.m2/repository/org/apache/ozone/hdds-container-service/1.3.0-SNAPSHOT/hdds-container-service-1.3.0-SNAPSHOT.jar!/webapps/hddsDatanode}
2022-10-04 13:27:09,417 [Listener at localhost/45931] INFO  server.AbstractConnector (AbstractConnector.java:doStop(381)) - Stopped ServerConnector@79bd2d87{HTTP/1.1, (http/1.1)}{0.0.0.0:0}
2022-10-04 13:27:09,418 [Listener at localhost/45931] INFO  server.session (HouseKeeper.java:stopScavenging(149)) - node0 Stopped scavenging
2022-10-04 13:27:09,418 [Listener at localhost/45931] INFO  handler.ContextHandler (ContextHandler.java:doStop(1153)) - Stopped o.e.j.s.ServletContextHandler@1b69c652{static,/static,jar:file:/home/runner/.m2/repository/org/apache/ozone/hdds-container-service/1.3.0-SNAPSHOT/hdds-container-service-1.3.0-SNAPSHOT.jar!/webapps/static,STOPPED}
2022-10-04 13:27:09,418 [Listener at localhost/45931] INFO  handler.ContextHandler (ContextHandler.java:doStop(1153)) - Stopped o.e.j.s.ServletContextHandler@22437e69{logs,/logs,file:///home/runner/work/ozone/ozone/hadoop-ozone/integration-test/target/log,STOPPED}
2022-10-04 13:27:09,570 [EndpointStateMachine task thread for /0.0.0.0:41361 - 0 ] INFO  ipc.Client (Client.java:handleConnectionFailure(977)) - Retrying connect to server: 0.0.0.0/0.0.0.0:41361. Already tried 3 time(s); retry policy is RetryUpToMaximumCountWithFixedSleep(maxRetries=15, sleepTime=1000 MILLISECONDS)
2022-10-04 13:27:09,615 [Listener at localhost/45931] WARN  server.ServerUtils (ServerUtils.java:getScmDbDir(148)) - ozone.scm.db.dirs is not configured. We recommend adding this setting. Falling back to ozone.metadata.dirs instead.
2022-10-04 13:27:09,621 [Listener at localhost/45931] WARN  server.ServerUtils (ServerUtils.java:getScmDbDir(148)) - ozone.scm.db.dirs is not configured. We recommend adding this setting. Falling back to ozone.metadata.dirs instead.
2022-10-04 13:27:09,622 [Listener at localhost/45931] INFO  ha.SCMHANodeDetails (SCMHANodeDetails.java:loadSCMHAConfig(209)) - ServiceID for StorageContainerManager is null
2022-10-04 13:27:09,622 [Listener at localhost/45931] INFO  ha.SCMHANodeDetails (SCMHANodeDetails.java:loadSCMHAConfig(214)) - ozone.scm.default.service.id is not defined, falling back to ozone.scm.service.ids to find serviceID for StorageContainerManager if it is HA enabled cluster
2022-10-04 13:27:09,624 [Listener at localhost/45931] WARN  utils.HAUtils (HAUtils.java:getMetaDir(342)) - ozone.scm.db.dirs is not configured. We recommend adding this setting. Falling back to ozone.metadata.dirs instead.
2022-10-04 13:27:09,624 [Listener at localhost/45931] WARN  db.DBStoreBuilder (DBStoreBuilder.java:applyDBDefinition(144)) - ozone.scm.db.dirs is not configured. We recommend adding this setting. Falling back to ozone.metadata.dirs instead.
2022-10-04 13:27:09,810 [Listener at localhost/45931] INFO  net.NodeSchemaLoader (NodeSchemaLoader.java:loadSchemaFromFile(129)) - Loading schema from [jar:file:/home/runner/.m2/repository/org/apache/ozone/hdds-common/1.3.0-SNAPSHOT/hdds-common-1.3.0-SNAPSHOT.jar!/network-topology-default.xml]
2022-10-04 13:27:09,810 [Listener at localhost/45931] INFO  net.NodeSchemaLoader (NodeSchemaLoader.java:loadSchema(176)) - Loading network topology layer schema file
2022-10-04 13:27:09,814 [Listener at localhost/45931] WARN  impl.MetricRegistriesImpl (MetricRegistriesImpl.java:addReporterRegistration(111)) - New reporters are added after registries were created. Some metrics will be missing from the reporter. Please add reporter before adding any new registry.
2022-10-04 13:27:09,814 [Listener at localhost/45931] WARN  impl.MetricRegistriesImpl (MetricRegistriesImpl.java:addReporterRegistration(111)) - New reporters are added after registries were created. Some metrics will be missing from the reporter. Please add reporter before adding any new registry.
2022-10-04 13:27:09,815 [Listener at localhost/45931] INFO  upgrade.AbstractLayoutVersionManager (AbstractLayoutVersionManager.java:init(83)) - Initializing Layout version manager with metadata layout = DATANODE_SCHEMA_V3 (version = 4), software layout = DATANODE_SCHEMA_V3 (version = 4)
2022-10-04 13:27:09,931 [Listener at localhost/45931] INFO  reflections.Reflections (Reflections.java:scan(232)) - Reflections took 106 ms to scan 7 urls, producing 135 keys and 327 values 
2022-10-04 13:27:09,933 [Listener at localhost/45931] INFO  ha.SequenceIdGenerator (SequenceIdGenerator.java:upgradeToSequenceId(349)) - upgrade localId to 109611004723200000
2022-10-04 13:27:09,934 [Listener at localhost/45931] INFO  ha.SequenceIdGenerator (SequenceIdGenerator.java:upgradeToSequenceId(359)) - upgrade delTxnId to 0
2022-10-04 13:27:09,934 [Listener at localhost/45931] INFO  ha.SequenceIdGenerator (SequenceIdGenerator.java:upgradeToSequenceId(376)) - upgrade containerId to 0
2022-10-04 13:27:09,934 [Listener at localhost/45931] INFO  ha.SequenceIdGenerator (SequenceIdGenerator.java:<init>(220)) - Init the HA SequenceIdGenerator.
2022-10-04 13:27:09,935 [Listener at localhost/45931] WARN  server.ServerUtils (ServerUtils.java:sanitizeUserArgs(73)) - ozone.scm.stale.node.interval value = 300000 is larger than max = 100000 based on the key value of ozone.scm.heartbeat.thread.interval, reset to the max value 100000.
2022-10-04 13:27:09,935 [Listener at localhost/45931] WARN  server.ServerUtils (ServerUtils.java:sanitizeUserArgs(73)) - ozone.scm.stale.node.interval value = 300000 is larger than max = 100000 based on the key value of ozone.scm.heartbeat.thread.interval, reset to the max value 100000.
2022-10-04 13:27:09,945 [Listener at localhost/45931] INFO  node.SCMNodeManager (SCMNodeManager.java:<init>(149)) - Entering startup safe mode.
2022-10-04 13:27:09,946 [Listener at localhost/45931] INFO  algorithms.ContainerPlacementPolicyFactory (ContainerPlacementPolicyFactory.java:getPolicyInternal(86)) - Create container placement policy of type org.apache.hadoop.hdds.scm.container.placement.algorithms.SCMContainerPlacementRandom
2022-10-04 13:27:09,946 [Listener at localhost/45931] INFO  algorithms.ContainerPlacementPolicyFactory (ContainerPlacementPolicyFactory.java:getPolicyInternal(86)) - Create container placement policy of type org.apache.hadoop.hdds.scm.container.placement.algorithms.SCMContainerPlacementRackScatter
2022-10-04 13:27:09,946 [Listener at localhost/45931] INFO  pipeline.PipelineStateManagerImpl (PipelineStateManagerImpl.java:initialize(78)) - No pipeline exists in current db
2022-10-04 13:27:09,947 [Listener at localhost/45931] INFO  algorithms.LeaderChoosePolicyFactory (LeaderChoosePolicyFactory.java:getPolicy(57)) - Create leader choose policy of type org.apache.hadoop.hdds.scm.pipeline.leader.choose.algorithms.MinLeaderCountChoosePolicy
2022-10-04 13:27:09,947 [Listener at localhost/45931] INFO  algorithms.ContainerPlacementPolicyFactory (ContainerPlacementPolicyFactory.java:getPolicyInternal(86)) - Create container placement policy of type org.apache.hadoop.hdds.scm.container.placement.algorithms.SCMContainerPlacementRackScatter
2022-10-04 13:27:09,947 [Listener at localhost/45931] INFO  ha.SCMServiceManager (SCMServiceManager.java:register(42)) - Registering service BackgroundPipelineCreator.
2022-10-04 13:27:09,947 [Listener at localhost/45931] INFO  pipeline.BackgroundPipelineCreator (BackgroundPipelineCreator.java:start(124)) - Starting RatisPipelineUtilsThread.
2022-10-04 13:27:09,948 [Listener at localhost/45931] INFO  BackgroundPipelineScrubber (BackgroundSCMService.java:start(68)) - Starting BackgroundPipelineScrubber Service.
2022-10-04 13:27:09,957 [Listener at localhost/45931] INFO  ha.SCMServiceManager (SCMServiceManager.java:register(42)) - Registering service BackgroundPipelineScrubber.
2022-10-04 13:27:09,957 [Listener at localhost/45931] INFO  ExpiredContainerReplicaOpScrubber (BackgroundSCMService.java:start(68)) - Starting ExpiredContainerReplicaOpScrubber Service.
2022-10-04 13:27:09,958 [Listener at localhost/45931] INFO  ha.SCMServiceManager (SCMServiceManager.java:register(42)) - Registering service ExpiredContainerReplicaOpScrubber.
2022-10-04 13:27:09,959 [Listener at localhost/45931] INFO  algorithms.PipelineChoosePolicyFactory (PipelineChoosePolicyFactory.java:createPipelineChoosePolicyFromClass(73)) - Create pipeline choose policy of type org.apache.hadoop.hdds.scm.pipeline.choose.algorithms.RandomPipelineChoosePolicy
2022-10-04 13:27:09,960 [Listener at localhost/45931] INFO  ha.SCMServiceManager (SCMServiceManager.java:register(42)) - Registering service SCMBlockDeletingService.
2022-10-04 13:27:09,960 [Listener at localhost/45931] INFO  replication.ReplicationManager (ReplicationManager.java:start(223)) - Starting Replication Monitor Thread.
2022-10-04 13:27:09,975 [Listener at localhost/45931] INFO  ha.SCMServiceManager (SCMServiceManager.java:register(42)) - Registering service ReplicationManager.
2022-10-04 13:27:09,975 [ReplicationMonitor] INFO  replication.ReplicationManager (ReplicationManager.java:processAll(291)) - Replication Manager is not ready to run until 3000ms after safemode exit
2022-10-04 13:27:09,976 [Listener at localhost/45931] INFO  safemode.ContainerSafeModeRule (ContainerSafeModeRule.java:<init>(89)) - containers with one replica threshold count 0
2022-10-04 13:27:09,976 [Listener at localhost/45931] INFO  safemode.HealthyPipelineSafeModeRule (HealthyPipelineSafeModeRule.java:initializeRule(169)) - Total pipeline count is 0, healthy pipeline threshold count is 1
2022-10-04 13:27:09,976 [Listener at localhost/45931] INFO  safemode.OneReplicaPipelineSafeModeRule (OneReplicaPipelineSafeModeRule.java:initializeRule(180)) - Total pipeline count is 0, pipeline's with at least one datanode reported threshold count is 0
2022-10-04 13:27:09,980 [Listener at localhost/45931] INFO  ipc.CallQueueManager (CallQueueManager.java:<init>(90)) - Using callQueue: class java.util.concurrent.LinkedBlockingQueue, queueCapacity: 2000, scheduler: class org.apache.hadoop.ipc.DefaultRpcScheduler, ipcBackoff: false.
2022-10-04 13:27:09,997 [Socket Reader #1 for port 0] INFO  ipc.Server (Server.java:run(1265)) - Starting Socket Reader #1 for port 0
2022-10-04 13:27:09,998 [Listener at 0.0.0.0/33611] INFO  ipc.CallQueueManager (CallQueueManager.java:<init>(90)) - Using callQueue: class java.util.concurrent.LinkedBlockingQueue, queueCapacity: 2000, scheduler: class org.apache.hadoop.ipc.DefaultRpcScheduler, ipcBackoff: false.
2022-10-04 13:27:10,013 [Socket Reader #1 for port 0] INFO  ipc.Server (Server.java:run(1265)) - Starting Socket Reader #1 for port 0
2022-10-04 13:27:10,018 [Listener at 0.0.0.0/46607] INFO  ipc.CallQueueManager (CallQueueManager.java:<init>(90)) - Using callQueue: class java.util.concurrent.LinkedBlockingQueue, queueCapacity: 2000, scheduler: class org.apache.hadoop.ipc.DefaultRpcScheduler, ipcBackoff: false.
2022-10-04 13:27:10,029 [Socket Reader #1 for port 0] INFO  ipc.Server (Server.java:run(1265)) - Starting Socket Reader #1 for port 0
2022-10-04 13:27:10,074 [Listener at 0.0.0.0/34801] INFO  ha.SCMServiceManager (SCMServiceManager.java:register(42)) - Registering service ContainerBalancer.
2022-10-04 13:27:10,074 [Listener at 0.0.0.0/34801] INFO  server.StorageContainerManager (StorageContainerManager.java:<init>(410)) - 
Container Balancer status:
Key                            Value
Running                        false
Container Balancer Configuration values:
Key                                                Value
Threshold                                          10
Max Datanodes to Involve per Iteration(percent)    20
Max Size to Move per Iteration                     500GB
Max Size Entering Target per Iteration             26GB
Max Size Leaving Source per Iteration              26GB

2022-10-04 13:27:10,075 [Listener at 0.0.0.0/34801] WARN  events.EventQueue (EventQueue.java:fireEvent(216)) - No event handler registered for event TypedEvent{payloadType=SafeModeStatus, name='Safe mode status'}
2022-10-04 13:27:10,075 [Listener at 0.0.0.0/34801] INFO  ha.SCMContext (SCMContext.java:updateSafeModeStatus(228)) - Update SafeModeStatus from SafeModeStatus{safeModeStatus=true, preCheckPassed=false} to SafeModeStatus{safeModeStatus=true, preCheckPassed=false}.
2022-10-04 13:27:10,077 [Listener at 0.0.0.0/34801] INFO  server.StorageContainerManager (StorageContainerManager.java:start(1436)) - StorageContainerLocationProtocol RPC server is listening at /0.0.0.0:34801
2022-10-04 13:27:10,080 [Listener at 0.0.0.0/34801] WARN  impl.MetricsConfig (MetricsConfig.java:loadFirst(136)) - Cannot locate configuration: tried hadoop-metrics2-storagecontainermanager.properties,hadoop-metrics2.properties
2022-10-04 13:27:10,082 [Listener at 0.0.0.0/34801] INFO  impl.MetricsSystemImpl (MetricsSystemImpl.java:startTimer(378)) - Scheduled Metric snapshot period at 10 second(s).
2022-10-04 13:27:10,082 [Listener at 0.0.0.0/34801] INFO  impl.MetricsSystemImpl (MetricsSystemImpl.java:start(191)) - StorageContainerManager metrics system started
2022-10-04 13:27:10,124 [Listener at 0.0.0.0/34801] INFO  impl.MetricsSinkAdapter (MetricsSinkAdapter.java:start(204)) - Sink prometheus started
2022-10-04 13:27:10,126 [Listener at 0.0.0.0/34801] INFO  impl.MetricsSystemImpl (MetricsSystemImpl.java:registerSink(305)) - Registered sink prometheus
2022-10-04 13:27:10,158 [Listener at 0.0.0.0/34801] INFO  server.SCMClientProtocolServer (SCMClientProtocolServer.java:start(170)) - RPC server for Client  is listening at /0.0.0.0:34801
2022-10-04 13:27:10,169 [IPC Server Responder] INFO  ipc.Server (Server.java:run(1507)) - IPC Server Responder: starting
2022-10-04 13:27:10,170 [IPC Server listener on 0] INFO  ipc.Server (Server.java:run(1344)) - IPC Server listener on 0: starting
2022-10-04 13:27:10,185 [Listener at 0.0.0.0/34801] INFO  server.StorageContainerManager (StorageContainerManager.java:start(1451)) - ScmBlockLocationProtocol RPC server is listening at /0.0.0.0:46607
2022-10-04 13:27:10,186 [Listener at 0.0.0.0/34801] INFO  server.SCMBlockProtocolServer (SCMBlockProtocolServer.java:start(152)) - RPC server for Block Protocol is listening at /0.0.0.0:46607
2022-10-04 13:27:10,186 [IPC Server Responder] INFO  ipc.Server (Server.java:run(1507)) - IPC Server Responder: starting
2022-10-04 13:27:10,187 [IPC Server listener on 0] INFO  ipc.Server (Server.java:run(1344)) - IPC Server listener on 0: starting
2022-10-04 13:27:10,190 [Listener at 0.0.0.0/34801] INFO  server.SCMDatanodeProtocolServer (SCMDatanodeProtocolServer.java:start(186)) - ScmDatanodeProtocol RPC server for DataNodes is listening at /0.0.0.0:33611
2022-10-04 13:27:10,190 [IPC Server Responder] INFO  ipc.Server (Server.java:run(1507)) - IPC Server Responder: starting
2022-10-04 13:27:10,190 [IPC Server listener on 0] INFO  ipc.Server (Server.java:run(1344)) - IPC Server listener on 0: starting
2022-10-04 13:27:10,207 [Listener at 0.0.0.0/34801] INFO  http.BaseHttpServer (BaseHttpServer.java:newHttpServer2BuilderForOzone(213)) - Starting Web-server for scm at: http://0.0.0.0:0
2022-10-04 13:27:10,207 [Listener at 0.0.0.0/34801] INFO  http.BaseHttpServer (BaseHttpServer.java:<init>(108)) - Hadoop Security Enabled: false Ozone Security Enabled: false Ozone HTTP Security Enabled: false 
2022-10-04 13:27:10,209 [Listener at 0.0.0.0/34801] INFO  server.AuthenticationFilter (AuthenticationFilter.java:constructSecretProvider(240)) - Unable to initialize FileSignerSecretProvider, falling back to use random secrets.
2022-10-04 13:27:10,209 [org.apache.hadoop.util.JvmPauseMonitor$Monitor@3799e7a8] INFO  util.JvmPauseMonitor (JvmPauseMonitor.java:run(188)) - Starting JVM pause monitor
2022-10-04 13:27:10,213 [Listener at 0.0.0.0/34801] WARN  http.HttpRequestLog (HttpRequestLog.java:getRequestLog(103)) - Jetty request log can only be enabled using Log4j
2022-10-04 13:27:10,215 [Listener at 0.0.0.0/34801] INFO  http.HttpServer2 (HttpServer2.java:addGlobalFilter(1029)) - Added global filter 'safety' (class=org.apache.hadoop.hdds.server.http.HttpServer2$QuotingInputFilter)
2022-10-04 13:27:10,215 [Listener at 0.0.0.0/34801] INFO  http.HttpServer2 (HttpServer2.java:addFilter(1005)) - Added filter static_user_filter (class=org.apache.hadoop.http.lib.StaticUserWebFilter$StaticUserFilter) to context scm
2022-10-04 13:27:10,215 [Listener at 0.0.0.0/34801] INFO  http.HttpServer2 (HttpServer2.java:addFilter(1013)) - Added filter static_user_filter (class=org.apache.hadoop.http.lib.StaticUserWebFilter$StaticUserFilter) to context logs
2022-10-04 13:27:10,216 [Listener at 0.0.0.0/34801] INFO  http.HttpServer2 (HttpServer2.java:addFilter(1013)) - Added filter static_user_filter (class=org.apache.hadoop.http.lib.StaticUserWebFilter$StaticUserFilter) to context static
2022-10-04 13:27:10,216 [Listener at 0.0.0.0/34801] INFO  http.HttpServer2 (HttpServer2.java:bindListener(1248)) - Jetty bound to port 43069
2022-10-04 13:27:10,216 [Listener at 0.0.0.0/34801] INFO  server.Server (Server.java:doStart(375)) - jetty-9.4.43.v20210629; built: 2021-06-30T11:07:22.254Z; git: 526006ecfa3af7f1a27ef3a288e2bef7ea9dd7e8; jvm 1.8.0_345-b01
2022-10-04 13:27:10,224 [Listener at 0.0.0.0/34801] INFO  server.session (DefaultSessionIdManager.java:doStart(334)) - DefaultSessionIdManager workerName=node0
2022-10-04 13:27:10,224 [Listener at 0.0.0.0/34801] INFO  server.session (DefaultSessionIdManager.java:doStart(339)) - No SessionScavenger set, using defaults
2022-10-04 13:27:10,225 [Listener at 0.0.0.0/34801] INFO  server.session (HouseKeeper.java:startScavenging(132)) - node0 Scavenging every 600000ms
2022-10-04 13:27:10,233 [Listener at 0.0.0.0/34801] INFO  handler.ContextHandler (ContextHandler.java:doStart(915)) - Started o.e.j.s.ServletContextHandler@5b8caf1b{logs,/logs,file:///home/runner/work/ozone/ozone/hadoop-ozone/integration-test/target/log,AVAILABLE}
2022-10-04 13:27:10,233 [Listener at 0.0.0.0/34801] INFO  handler.ContextHandler (ContextHandler.java:doStart(915)) - Started o.e.j.s.ServletContextHandler@7e579cda{static,/static,file:///home/runner/work/ozone/ozone/hadoop-ozone/integration-test/target/test-classes/webapps/static,AVAILABLE}
2022-10-04 13:27:10,238 [Listener at 0.0.0.0/34801] INFO  handler.ContextHandler (ContextHandler.java:doStart(915)) - Started o.e.j.w.WebAppContext@5ff839b0{scm,/,file:///home/runner/work/ozone/ozone/hadoop-ozone/integration-test/target/test-classes/webapps/scm/,AVAILABLE}{file:/home/runner/work/ozone/ozone/hadoop-ozone/integration-test/target/test-classes/webapps/scm}
2022-10-04 13:27:10,240 [Listener at 0.0.0.0/34801] INFO  server.AbstractConnector (AbstractConnector.java:doStart(331)) - Started ServerConnector@12322b69{HTTP/1.1, (http/1.1)}{0.0.0.0:43069}
2022-10-04 13:27:10,241 [Listener at 0.0.0.0/34801] INFO  server.Server (Server.java:doStart(415)) - Started @102982ms
2022-10-04 13:27:10,241 [Listener at 0.0.0.0/34801] WARN  impl.MetricsSystemImpl (MetricsSystemImpl.java:register(279)) - Sink prometheus already exists!
2022-10-04 13:27:10,244 [Listener at 0.0.0.0/34801] INFO  http.BaseHttpServer (BaseHttpServer.java:updateConnectorAddress(333)) - HTTP server of scm listening at http://0.0.0.0:43069
2022-10-04 13:27:10,246 [Listener at 0.0.0.0/34801] INFO  ha.OMHANodeDetails (OMHANodeDetails.java:loadOMHAConfig(121)) - ServiceID for OzoneManager is om-service-test1
2022-10-04 13:27:10,248 [Listener at 0.0.0.0/34801] INFO  ha.OMHANodeDetails (OMHANodeDetails.java:loadOMHAConfig(201)) - Found matching OM address with OMServiceId: om-service-test1, OMNodeId: omNode-1, RPC Address: localhost:41523 and Ratis port: 41223
2022-10-04 13:27:10,248 [Listener at 0.0.0.0/34801] INFO  ha.OMHANodeDetails (ConfUtils.java:setNodeSpecificConfigs(97)) - Setting configuration key ozone.om.http-address with value of key ozone.om.http-address.om-service-test1.omNode-1: 127.0.0.1:45279
2022-10-04 13:27:10,252 [Listener at 0.0.0.0/34801] INFO  ha.OMHANodeDetails (ConfUtils.java:setNodeSpecificConfigs(97)) - Setting configuration key ozone.om.https-address with value of key ozone.om.https-address.om-service-test1.omNode-1: 127.0.0.1:44735
2022-10-04 13:27:10,252 [Listener at 0.0.0.0/34801] INFO  ha.OMHANodeDetails (ConfUtils.java:setNodeSpecificConfigs(97)) - Setting configuration key ozone.om.address with value of key ozone.om.address.om-service-test1.omNode-1: 127.0.0.1:41523
2022-10-04 13:27:10,252 [Listener at 0.0.0.0/34801] WARN  server.ServerUtils (ServerUtils.java:getDBPath(225)) - ozone.om.db.dirs is not configured. We recommend adding this setting. Falling back to ozone.metadata.dirs instead.
2022-10-04 13:27:10,254 [Listener at 0.0.0.0/34801] INFO  proxy.SCMBlockLocationFailoverProxyProvider (SCMBlockLocationFailoverProxyProvider.java:<init>(114)) - Created block location fail-over proxy with 1 nodes: [nodeId=scmNodeId,nodeAddress=/0.0.0.0:46607]
OM initialization succeeded.Current cluster id for sd=/home/runner/work/ozone/ozone/hadoop-ozone/integration-test/target/test-dir/MiniOzoneClusterImpl-cea6a548-c63a-4656-97b3-0431a0c2d519/omNode-1/om;cid=cea6a548-c63a-4656-97b3-0431a0c2d519;layoutVersion=3
2022-10-04 13:27:10,268 [Listener at 0.0.0.0/34801] INFO  ha.OMHANodeDetails (OMHANodeDetails.java:loadOMHAConfig(121)) - ServiceID for OzoneManager is om-service-test1
2022-10-04 13:27:10,269 [Listener at 0.0.0.0/34801] INFO  ha.OMHANodeDetails (OMHANodeDetails.java:loadOMHAConfig(201)) - Found matching OM address with OMServiceId: om-service-test1, OMNodeId: omNode-1, RPC Address: localhost:41523 and Ratis port: 41223
2022-10-04 13:27:10,269 [Listener at 0.0.0.0/34801] INFO  ha.OMHANodeDetails (ConfUtils.java:setNodeSpecificConfigs(97)) - Setting configuration key ozone.om.http-address with value of key ozone.om.http-address.om-service-test1.omNode-1: 127.0.0.1:45279
2022-10-04 13:27:10,269 [Listener at 0.0.0.0/34801] INFO  ha.OMHANodeDetails (ConfUtils.java:setNodeSpecificConfigs(97)) - Setting configuration key ozone.om.https-address with value of key ozone.om.https-address.om-service-test1.omNode-1: 127.0.0.1:44735
2022-10-04 13:27:10,270 [Listener at 0.0.0.0/34801] INFO  ha.OMHANodeDetails (ConfUtils.java:setNodeSpecificConfigs(97)) - Setting configuration key ozone.om.address with value of key ozone.om.address.om-service-test1.omNode-1: 127.0.0.1:41523
2022-10-04 13:27:10,270 [Listener at 0.0.0.0/34801] WARN  server.ServerUtils (ServerUtils.java:getDBPath(225)) - ozone.om.db.dirs is not configured. We recommend adding this setting. Falling back to ozone.metadata.dirs instead.
2022-10-04 13:27:10,270 [Listener at 0.0.0.0/34801] INFO  upgrade.AbstractLayoutVersionManager (AbstractLayoutVersionManager.java:init(83)) - Initializing Layout version manager with metadata layout = MULTITENANCY_SCHEMA (version = 3), software layout = MULTITENANCY_SCHEMA (version = 3)
2022-10-04 13:27:10,364 [Listener at 0.0.0.0/34801] INFO  reflections.Reflections (Reflections.java:scan(232)) - Reflections took 93 ms to scan 2 urls, producing 154 keys and 428 values [using 2 cores]
2022-10-04 13:27:10,365 [Listener at 0.0.0.0/34801] INFO  upgrade.OMLayoutVersionManager (OMLayoutVersionManager.java:lambda$0(115)) - Skipping Upgrade Action MockOmUpgradeAction since it has been finalized.
2022-10-04 13:27:10,365 [Listener at 0.0.0.0/34801] WARN  server.ServerUtils (ServerUtils.java:getDBPath(225)) - ozone.om.db.dirs is not configured. We recommend adding this setting. Falling back to ozone.metadata.dirs instead.
2022-10-04 13:27:10,366 [Listener at 0.0.0.0/34801] INFO  proxy.SCMBlockLocationFailoverProxyProvider (SCMBlockLocationFailoverProxyProvider.java:<init>(114)) - Created block location fail-over proxy with 1 nodes: [nodeId=scmNodeId,nodeAddress=/0.0.0.0:46607]
2022-10-04 13:27:10,367 [Listener at 0.0.0.0/34801] INFO  proxy.SCMBlockLocationFailoverProxyProvider (SCMBlockLocationFailoverProxyProvider.java:<init>(114)) - Created block location fail-over proxy with 1 nodes: [nodeId=scmNodeId,nodeAddress=/0.0.0.0:46607]
2022-10-04 13:27:10,383 [Listener at 0.0.0.0/34801] WARN  server.ServerUtils (ServerUtils.java:getDBPath(225)) - ozone.om.db.dirs is not configured. We recommend adding this setting. Falling back to ozone.metadata.dirs instead.
2022-10-04 13:27:10,383 [Listener at 0.0.0.0/34801] INFO  codec.OmKeyInfoCodec (OmKeyInfoCodec.java:<init>(49)) - OmKeyInfoCodec ignorePipeline = true
2022-10-04 13:27:10,385 [Listener at 0.0.0.0/34801] INFO  codec.RepeatedOmKeyInfoCodec (RepeatedOmKeyInfoCodec.java:<init>(41)) - RepeatedOmKeyInfoCodec ignorePipeline = true
2022-10-04 13:27:10,431 [omNode-3@group-523986131536-FollowerState] INFO  impl.FollowerState (FollowerState.java:run(143)) - omNode-3@group-523986131536-FollowerState: change to CANDIDATE, lastRpcElapsedTime:1165814777ns, electionTimeout:1163ms
2022-10-04 13:27:10,431 [omNode-3@group-523986131536-FollowerState] INFO  impl.RoleInfo (RoleInfo.java:shutdownFollowerState(110)) - omNode-3: shutdown omNode-3@group-523986131536-FollowerState
2022-10-04 13:27:10,431 [omNode-3@group-523986131536-FollowerState] INFO  server.RaftServer$Division (RaftServerImpl.java:setRole(299)) - omNode-3@group-523986131536: changes role from  FOLLOWER to CANDIDATE at term 27 for changeToCandidate
2022-10-04 13:27:10,431 [omNode-3@group-523986131536-FollowerState] INFO  server.RaftServerConfigKeys (ConfUtils.java:logGet(46)) - raft.server.leaderelection.pre-vote = false (custom)
2022-10-04 13:27:10,431 [omNode-3@group-523986131536-FollowerState] INFO  impl.RoleInfo (RoleInfo.java:updateAndGet(139)) - omNode-3: start omNode-3@group-523986131536-LeaderElection41
2022-10-04 13:27:10,461 [omNode-3@group-523986131536-LeaderElection41] ERROR impl.LeaderElection (LeaderElection.java:run(252)) - omNode-3@group-523986131536-LeaderElection41: Failed, state=RUNNING
java.io.FileNotFoundException: /home/runner/work/ozone/ozone/hadoop-ozone/integration-test/target/test-dir/MiniOzoneClusterImpl-6e9557d8-a31c-49e5-bba1-8bc95799a8b8/omNode-3/ratis/c9bc4cf4-3bc3-3c60-a66b-523986131536/current/raft-meta.tmp (No such file or directory)
	at java.io.FileOutputStream.open0(Native Method)
	at java.io.FileOutputStream.open(FileOutputStream.java:270)
	at java.io.FileOutputStream.<init>(FileOutputStream.java:213)
	at java.io.FileOutputStream.<init>(FileOutputStream.java:162)
	at org.apache.ratis.util.AtomicFileOutputStream.<init>(AtomicFileOutputStream.java:63)
	at org.apache.ratis.util.AtomicFileOutputStream.<init>(AtomicFileOutputStream.java:59)
	at org.apache.ratis.server.storage.RaftStorageMetadataFileImpl.atomicWrite(RaftStorageMetadataFileImpl.java:80)
	at org.apache.ratis.server.storage.RaftStorageMetadataFileImpl.lambda$persist$1(RaftStorageMetadataFileImpl.java:61)
	at org.apache.ratis.util.ConcurrentUtils.lambda$updateAndGet$0(ConcurrentUtils.java:50)
	at java.util.concurrent.atomic.AtomicReference.updateAndGet(AtomicReference.java:179)
	at org.apache.ratis.util.ConcurrentUtils.updateAndGet(ConcurrentUtils.java:48)
	at org.apache.ratis.server.storage.RaftStorageMetadataFileImpl.persist(RaftStorageMetadataFileImpl.java:60)
	at org.apache.ratis.server.raftlog.segmented.SegmentedRaftLog.persistMetadata(SegmentedRaftLog.java:471)
	at org.apache.ratis.server.impl.ServerState.persistMetadata(ServerState.java:259)
	at org.apache.ratis.server.impl.ServerState.initElection(ServerState.java:251)
	at org.apache.ratis.server.impl.LeaderElection.askForVotes(LeaderElection.java:305)
	at org.apache.ratis.server.impl.LeaderElection.run(LeaderElection.java:238)
	at java.lang.Thread.run(Thread.java:750)
2022-10-04 13:27:10,571 [EndpointStateMachine task thread for /0.0.0.0:41361 - 0 ] INFO  ipc.Client (Client.java:handleConnectionFailure(977)) - Retrying connect to server: 0.0.0.0/0.0.0.0:41361. Already tried 4 time(s); retry policy is RetryUpToMaximumCountWithFixedSleep(maxRetries=15, sleepTime=1000 MILLISECONDS)
2022-10-04 13:27:10,713 [Listener at 0.0.0.0/34801] INFO  om.OzoneManager (OzoneManager.java:instantiateServices(710)) - S3 Multi-Tenancy is disabled
2022-10-04 13:27:10,715 [Listener at 0.0.0.0/34801] INFO  om.OzoneManager (OzoneManager.java:addS3GVolumeToDB(4325)) - Created Volume s3v With Owner runner required for S3Gateway operations.
2022-10-04 13:27:10,715 [Listener at 0.0.0.0/34801] WARN  server.ServerUtils (ServerUtils.java:getDefaultRatisDirectory(237)) - Storage directory for Ratis is not configured. It is a good idea to map this to an SSD disk. Falling back to ozone.metadata.dirs
2022-10-04 13:27:10,716 [Listener at 0.0.0.0/34801] WARN  utils.OzoneManagerRatisUtils (OzoneManagerRatisUtils.java:getOMRatisSnapshotDirectory(434)) - ozone.om.ratis.snapshot.dir is not configured. Falling back to ozone.metadata.dirs config
2022-10-04 13:27:10,716 [Listener at 0.0.0.0/34801] INFO  snapshot.OzoneManagerSnapshotProvider (OzoneManagerSnapshotProvider.java:<init>(76)) - Initializing OM Snapshot Provider
2022-10-04 13:27:10,730 [Listener at 0.0.0.0/34801] WARN  impl.MetricRegistriesImpl (MetricRegistriesImpl.java:addReporterRegistration(111)) - New reporters are added after registries were created. Some metrics will be missing from the reporter. Please add reporter before adding any new registry.
2022-10-04 13:27:10,730 [Listener at 0.0.0.0/34801] WARN  impl.MetricRegistriesImpl (MetricRegistriesImpl.java:addReporterRegistration(111)) - New reporters are added after registries were created. Some metrics will be missing from the reporter. Please add reporter before adding any new registry.
2022-10-04 13:27:10,730 [Listener at 0.0.0.0/34801] WARN  server.ServerUtils (ServerUtils.java:getDefaultRatisDirectory(237)) - Storage directory for Ratis is not configured. It is a good idea to map this to an SSD disk. Falling back to ozone.metadata.dirs
2022-10-04 13:27:10,732 [Listener at 0.0.0.0/34801] INFO  ratis.OzoneManagerRatisServer (OzoneManagerRatisServer.java:<init>(160)) - Instantiating OM Ratis server with groupID: om-service-test1 and peers: localhost:41223, localhost:39257, localhost:37087
2022-10-04 13:27:10,732 [Listener at 0.0.0.0/34801] INFO  ratis.OzoneManagerStateMachine (OzoneManagerStateMachine.java:loadSnapshotInfoFromDB(632)) - LastAppliedIndex is set from TransactionInfo from OM DB as (t:0, i:~)
2022-10-04 13:27:10,732 [Listener at 0.0.0.0/34801] INFO  server.RaftServer (ConfUtils.java:logGet(46)) - raft.rpc.type = GRPC (default)
2022-10-04 13:27:10,733 [Listener at 0.0.0.0/34801] INFO  grpc.GrpcFactory (GrpcFactory.java:checkPooledByteBufAllocatorUseCacheForAllThreads(48)) - PERFORMANCE WARNING: useCacheForAllThreads is true that may cause Netty to create a lot garbage objects and, as a result, trigger GC.
	It is recommended to disable useCacheForAllThreads by setting -Dorg.apache.ratis.thirdparty.io.netty.allocator.useCacheForAllThreads=false in command line.
2022-10-04 13:27:10,733 [Listener at 0.0.0.0/34801] INFO  grpc.GrpcConfigKeys (ConfUtils.java:logGet(46)) - raft.grpc.admin.port = -1 (default)
2022-10-04 13:27:10,733 [Listener at 0.0.0.0/34801] INFO  grpc.GrpcConfigKeys (ConfUtils.java:logGet(46)) - raft.grpc.server.port = 41223 (custom)
2022-10-04 13:27:10,733 [Listener at 0.0.0.0/34801] INFO  grpc.GrpcConfigKeys (ConfUtils.java:logGet(46)) - raft.grpc.client.port = -1 (default)
2022-10-04 13:27:10,734 [Listener at 0.0.0.0/34801] INFO  grpc.GrpcConfigKeys (ConfUtils.java:logGet(46)) - raft.grpc.server.port = 41223 (custom)
2022-10-04 13:27:10,734 [Listener at 0.0.0.0/34801] INFO  grpc.GrpcConfigKeys (ConfUtils.java:logGet(46)) - raft.grpc.server.port = 41223 (custom)
2022-10-04 13:27:10,734 [Listener at 0.0.0.0/34801] INFO  server.GrpcService (ConfUtils.java:logGet(46)) - raft.grpc.message.size.max = 33554432 (custom)
2022-10-04 13:27:10,734 [Listener at 0.0.0.0/34801] INFO  server.RaftServerConfigKeys (ConfUtils.java:logGet(46)) - raft.server.log.appender.buffer.byte-limit = 33554432 (custom)
2022-10-04 13:27:10,734 [Listener at 0.0.0.0/34801] INFO  server.GrpcService (ConfUtils.java:logGet(46)) - raft.grpc.flow.control.window = 1MB (=1048576) (default)
2022-10-04 13:27:10,734 [Listener at 0.0.0.0/34801] INFO  server.RaftServerConfigKeys (ConfUtils.java:logGet(46)) - raft.server.rpc.request.timeout = 3000ms (default)
2022-10-04 13:27:10,735 [Listener at 0.0.0.0/34801] INFO  grpc.GrpcConfigKeys (ConfUtils.java:logGet(46)) - raft.grpc.server.async.request.thread.pool.cached = true (default)
2022-10-04 13:27:10,735 [Listener at 0.0.0.0/34801] INFO  grpc.GrpcConfigKeys (ConfUtils.java:logGet(46)) - raft.grpc.server.async.request.thread.pool.size = 32 (default)
2022-10-04 13:27:10,736 [Listener at 0.0.0.0/34801] INFO  impl.DataStreamServerImpl (ConfUtils.java:logGet(46)) - raft.datastream.type = DISABLED (default)
2022-10-04 13:27:10,737 [Listener at 0.0.0.0/34801] INFO  server.RaftServerConfigKeys (ConfUtils.java:logGet(46)) - raft.server.threadpool.proxy.cached = true (default)
2022-10-04 13:27:10,737 [Listener at 0.0.0.0/34801] INFO  server.RaftServerConfigKeys (ConfUtils.java:logGet(46)) - raft.server.threadpool.proxy.size = 0 (default)
2022-10-04 13:27:10,737 [Listener at 0.0.0.0/34801] INFO  server.RaftServerConfigKeys (ConfUtils.java:logGet(46)) - raft.server.rpc.slowness.timeout = 2s (custom)
2022-10-04 13:27:10,737 [Listener at 0.0.0.0/34801] INFO  server.RaftServerConfigKeys (ConfUtils.java:logGet(46)) - raft.server.leaderelection.leader.step-down.wait-time = 10s (default)
2022-10-04 13:27:10,738 [Listener at 0.0.0.0/34801] INFO  server.RaftServerConfigKeys (ConfUtils.java:logGet(46)) - raft.server.storage.dir = [/home/runner/work/ozone/ozone/hadoop-ozone/integration-test/target/test-dir/MiniOzoneClusterImpl-cea6a548-c63a-4656-97b3-0431a0c2d519/omNode-1/ratis] (custom)
2022-10-04 13:27:10,746 [Listener at 0.0.0.0/34801] INFO  server.RaftServer (RaftServerProxy.java:addNew(96)) - omNode-1: addNew group-523986131536:[omNode-3|rpc:localhost:39257|priority:0, omNode-1|rpc:localhost:41223|priority:0, omNode-2|rpc:localhost:37087|priority:0] returns group-523986131536:java.util.concurrent.CompletableFuture@4a9e8345[Not completed]
2022-10-04 13:27:10,746 [Listener at 0.0.0.0/34801] INFO  om.OzoneManager (OzoneManager.java:initializeRatisServer(1977)) - OzoneManager Ratis server initialized at port 41223
2022-10-04 13:27:10,747 [Listener at 0.0.0.0/34801] INFO  om.OzoneManager (OzoneManager.java:getRpcServer(1100)) - Creating RPC Server
2022-10-04 13:27:10,750 [pool-493-thread-1] INFO  server.RaftServer$Division (RaftServerImpl.java:<init>(190)) - omNode-1: new RaftServerImpl for group-523986131536:[omNode-3|rpc:localhost:39257|priority:0, omNode-1|rpc:localhost:41223|priority:0, omNode-2|rpc:localhost:37087|priority:0] with OzoneManagerStateMachine:uninitialized
2022-10-04 13:27:10,751 [pool-493-thread-1] INFO  server.RaftServerConfigKeys (ConfUtils.java:logGet(46)) - raft.server.rpc.timeout.min = 1s (custom)
2022-10-04 13:27:10,751 [pool-493-thread-1] INFO  server.RaftServerConfigKeys (ConfUtils.java:logGet(46)) - raft.server.rpc.timeout.max = 1200ms (custom)
2022-10-04 13:27:10,751 [pool-493-thread-1] INFO  server.RaftServerConfigKeys (ConfUtils.java:logGet(46)) - raft.server.rpc.sleep.time = 25ms (default)
2022-10-04 13:27:10,751 [pool-493-thread-1] INFO  server.RaftServerConfigKeys (ConfUtils.java:logGet(46)) - raft.server.rpc.slowness.timeout = 2s (custom)
2022-10-04 13:27:10,751 [pool-493-thread-1] INFO  server.RaftServerConfigKeys (ConfUtils.java:logGet(46)) - raft.server.leaderelection.leader.step-down.wait-time = 10s (default)
2022-10-04 13:27:10,751 [pool-493-thread-1] INFO  server.RaftServerConfigKeys (ConfUtils.java:logGet(46)) - raft.server.sleep.deviation.threshold = 300ms (default)
2022-10-04 13:27:10,751 [pool-493-thread-1] INFO  server.RaftServer$Division (ServerState.java:<init>(107)) - omNode-1@group-523986131536: ConfigurationManager, init=-1: [omNode-3|rpc:localhost:39257|priority:0, omNode-1|rpc:localhost:41223|priority:0, omNode-2|rpc:localhost:37087|priority:0], old=null, confs=<EMPTY_MAP>
2022-10-04 13:27:10,751 [pool-493-thread-1] INFO  server.RaftServerConfigKeys (ConfUtils.java:logGet(46)) - raft.server.storage.dir = [/home/runner/work/ozone/ozone/hadoop-ozone/integration-test/target/test-dir/MiniOzoneClusterImpl-cea6a548-c63a-4656-97b3-0431a0c2d519/omNode-1/ratis] (custom)
2022-10-04 13:27:10,751 [pool-493-thread-1] INFO  server.RaftServerConfigKeys (ConfUtils.java:logGet(46)) - raft.server.log.corruption.policy = EXCEPTION (default)
2022-10-04 13:27:10,751 [pool-493-thread-1] INFO  server.RaftServerConfigKeys (ConfUtils.java:logGet(46)) - raft.server.storage.free-space.min = 0MB (=0) (default)
2022-10-04 13:27:10,751 [pool-493-thread-1] INFO  storage.RaftStorageDirectory (RaftStorageDirectoryImpl.java:analyzeStorage(135)) - The storage directory /home/runner/work/ozone/ozone/hadoop-ozone/integration-test/target/test-dir/MiniOzoneClusterImpl-cea6a548-c63a-4656-97b3-0431a0c2d519/omNode-1/ratis/c9bc4cf4-3bc3-3c60-a66b-523986131536 does not exist. Creating ...
2022-10-04 13:27:10,755 [pool-493-thread-1] INFO  storage.RaftStorageDirectory (RaftStorageDirectoryImpl.java:tryLock(230)) - Lock on /home/runner/work/ozone/ozone/hadoop-ozone/integration-test/target/test-dir/MiniOzoneClusterImpl-cea6a548-c63a-4656-97b3-0431a0c2d519/omNode-1/ratis/c9bc4cf4-3bc3-3c60-a66b-523986131536/in_use.lock acquired by nodename 42070@fv-az573-645
2022-10-04 13:27:10,758 [pool-493-thread-1] INFO  storage.RaftStorage (RaftStorageImpl.java:format(89)) - Storage directory /home/runner/work/ozone/ozone/hadoop-ozone/integration-test/target/test-dir/MiniOzoneClusterImpl-cea6a548-c63a-4656-97b3-0431a0c2d519/omNode-1/ratis/c9bc4cf4-3bc3-3c60-a66b-523986131536 has been successfully formatted.
2022-10-04 13:27:10,759 [pool-493-thread-1] INFO  server.RaftServerConfigKeys (ConfUtils.java:logGet(46)) - raft.server.notification.no-leader.timeout = 2s (custom)
2022-10-04 13:27:10,759 [pool-493-thread-1] INFO  server.RaftServerConfigKeys (ConfUtils.java:logGet(46)) - raft.server.log.use.memory = false (default)
2022-10-04 13:27:10,759 [pool-493-thread-1] INFO  server.RaftServerConfigKeys (ConfUtils.java:logGet(46)) - raft.server.log.purge.gap = 50 (custom)
2022-10-04 13:27:10,759 [pool-493-thread-1] INFO  server.RaftServerConfigKeys (ConfUtils.java:logGet(46)) - raft.server.log.appender.buffer.byte-limit = 33554432 (custom)
2022-10-04 13:27:10,759 [pool-493-thread-1] INFO  server.RaftServerConfigKeys (ConfUtils.java:logGet(46)) - raft.server.log.statemachine.data.read.timeout = 1000ms (default)
2022-10-04 13:27:10,759 [pool-493-thread-1] INFO  server.RaftServerConfigKeys (ConfUtils.java:logGet(46)) - raft.server.log.segment.size.max = 4194304 (custom)
2022-10-04 13:27:10,759 [pool-493-thread-1] INFO  server.RaftServerConfigKeys (ConfUtils.java:logGet(46)) - raft.server.log.segment.cache.num.max = 2 (custom)
2022-10-04 13:27:10,759 [pool-493-thread-1] INFO  server.RaftServerConfigKeys (ConfUtils.java:logGet(46)) - raft.server.log.segment.cache.size.max = 200MB (=209715200) (default)
2022-10-04 13:27:10,759 [pool-493-thread-1] INFO  segmented.SegmentedRaftLogWorker (SegmentedRaftLogWorker.java:<init>(187)) - new omNode-1@group-523986131536-SegmentedRaftLogWorker for RaftStorageImpl:Storage Directory /home/runner/work/ozone/ozone/hadoop-ozone/integration-test/target/test-dir/MiniOzoneClusterImpl-cea6a548-c63a-4656-97b3-0431a0c2d519/omNode-1/ratis/c9bc4cf4-3bc3-3c60-a66b-523986131536
2022-10-04 13:27:10,760 [pool-493-thread-1] INFO  server.RaftServerConfigKeys (ConfUtils.java:logGet(46)) - raft.server.log.queue.byte-limit = 64MB (=67108864) (default)
2022-10-04 13:27:10,760 [pool-493-thread-1] INFO  server.RaftServerConfigKeys (ConfUtils.java:logGet(46)) - raft.server.log.queue.element-limit = 4096 (default)
2022-10-04 13:27:10,760 [pool-493-thread-1] INFO  server.RaftServerConfigKeys (ConfUtils.java:logGet(46)) - raft.server.log.segment.size.max = 4194304 (custom)
2022-10-04 13:27:10,760 [pool-493-thread-1] INFO  server.RaftServerConfigKeys (ConfUtils.java:logGet(46)) - raft.server.log.preallocated.size = 4194304 (custom)
2022-10-04 13:27:10,760 [pool-493-thread-1] INFO  server.RaftServerConfigKeys (ConfUtils.java:logGet(46)) - raft.server.log.force.sync.num = 128 (default)
2022-10-04 13:27:10,760 [pool-493-thread-1] INFO  server.RaftServerConfigKeys (ConfUtils.java:logGet(46)) - raft.server.log.statemachine.data.sync = true (default)
2022-10-04 13:27:10,760 [pool-493-thread-1] INFO  server.RaftServerConfigKeys (ConfUtils.java:logGet(46)) - raft.server.log.statemachine.data.sync.timeout = 10s (default)
2022-10-04 13:27:10,760 [pool-493-thread-1] INFO  server.RaftServerConfigKeys (ConfUtils.java:logGet(46)) - raft.server.log.statemachine.data.sync.timeout.retry = -1 (default)
2022-10-04 13:27:10,761 [pool-493-thread-1] INFO  server.RaftServerConfigKeys (ConfUtils.java:logGet(46)) - raft.server.log.write.buffer.size = 64KB (=65536) (default)
2022-10-04 13:27:10,761 [pool-493-thread-1] INFO  server.RaftServerConfigKeys (ConfUtils.java:logGet(46)) - raft.server.log.unsafe-flush.enabled = false (default)
2022-10-04 13:27:10,761 [pool-493-thread-1] INFO  server.RaftServerConfigKeys (ConfUtils.java:logGet(46)) - raft.server.log.statemachine.data.caching.enabled = false (default)
2022-10-04 13:27:10,761 [pool-493-thread-1] INFO  segmented.SegmentedRaftLogWorker (SegmentedRaftLogWorker.java:lambda$new$0(135)) - omNode-1@group-523986131536-SegmentedRaftLogWorker: flushIndex: setUnconditionally 0 -> -1
2022-10-04 13:27:10,761 [pool-493-thread-1] INFO  segmented.SegmentedRaftLogWorker (SegmentedRaftLogWorker.java:lambda$new$0(135)) - omNode-1@group-523986131536-SegmentedRaftLogWorker: safeCacheEvictIndex: setUnconditionally 0 -> -1
2022-10-04 13:27:10,797 [pool-493-thread-1] INFO  server.RaftServerConfigKeys (ConfUtils.java:logGet(46)) - raft.server.snapshot.auto.trigger.enabled = true (custom)
2022-10-04 13:27:10,797 [pool-493-thread-1] INFO  server.RaftServerConfigKeys (ConfUtils.java:logGet(46)) - raft.server.snapshot.auto.trigger.threshold = 50 (custom)
2022-10-04 13:27:10,797 [pool-493-thread-1] INFO  server.RaftServerConfigKeys (ConfUtils.java:logGet(46)) - raft.server.snapshot.retention.file.num = -1 (default)
2022-10-04 13:27:10,797 [pool-493-thread-1] INFO  server.RaftServerConfigKeys (ConfUtils.java:logGet(46)) - raft.server.log.purge.upto.snapshot.index = true (custom)
2022-10-04 13:27:10,797 [pool-493-thread-1] INFO  server.RaftServerConfigKeys (ConfUtils.java:logGet(46)) - raft.server.retrycache.expirytime = 30000ms (custom)
2022-10-04 13:27:10,798 [pool-493-thread-1] INFO  server.RaftServerConfigKeys (ConfUtils.java:logGet(46)) - raft.server.retrycache.statistics.expirytime = 100μs (default)
2022-10-04 13:27:10,799 [pool-493-thread-1] INFO  server.RaftServerConfigKeys (ConfUtils.java:logGet(46)) - raft.server.log.appender.install.snapshot.enabled = false (custom)
2022-10-04 13:27:10,799 [pool-493-thread-1] INFO  server.RaftServerConfigKeys (ConfUtils.java:logGet(46)) - raft.server.threadpool.server.cached = true (default)
2022-10-04 13:27:10,799 [pool-493-thread-1] INFO  server.RaftServerConfigKeys (ConfUtils.java:logGet(46)) - raft.server.threadpool.server.size = 0 (default)
2022-10-04 13:27:10,799 [pool-493-thread-1] INFO  server.RaftServerConfigKeys (ConfUtils.java:logGet(46)) - raft.server.threadpool.client.cached = true (default)
2022-10-04 13:27:10,799 [pool-493-thread-1] INFO  server.RaftServerConfigKeys (ConfUtils.java:logGet(46)) - raft.server.threadpool.client.size = 0 (default)
2022-10-04 13:27:11,572 [EndpointStateMachine task thread for /0.0.0.0:41361 - 0 ] INFO  ipc.Client (Client.java:handleConnectionFailure(977)) - Retrying connect to server: 0.0.0.0/0.0.0.0:41361. Already tried 5 time(s); retry policy is RetryUpToMaximumCountWithFixedSleep(maxRetries=15, sleepTime=1000 MILLISECONDS)
2022-10-04 13:27:11,632 [Listener at 0.0.0.0/34801] INFO  reflections.Reflections (Reflections.java:scan(232)) - Reflections took 884 ms to scan 19 urls, producing 67 keys and 4220 values [using 2 cores]
2022-10-04 13:27:11,633 [Listener at 0.0.0.0/34801] INFO  ipc.CallQueueManager (CallQueueManager.java:<init>(90)) - Using callQueue: class java.util.concurrent.LinkedBlockingQueue, queueCapacity: 2000, scheduler: class org.apache.hadoop.ipc.DefaultRpcScheduler, ipcBackoff: false.
2022-10-04 13:27:11,635 [Socket Reader #1 for port 41523] INFO  ipc.Server (Server.java:run(1265)) - Starting Socket Reader #1 for port 41523
2022-10-04 13:27:11,670 [Listener at 127.0.0.1/41523] INFO  impl.MetricsSystemImpl (MetricsSystemImpl.java:init(158)) - OzoneManager metrics system started (again)
2022-10-04 13:27:11,686 [Listener at 127.0.0.1/41523] INFO  om.OzoneManager (OzoneManager.java:start(1484)) - OzoneManager RPC server is listening at localhost/127.0.0.1:41523
2022-10-04 13:27:11,686 [Listener at 127.0.0.1/41523] INFO  ratis.OzoneManagerRatisServer (OzoneManagerRatisServer.java:start(555)) - Starting OzoneManagerRatisServer omNode-1 at port 41223
2022-10-04 13:27:11,686 [omNode-1-impl-thread1] INFO  server.RaftServer$Division (RaftServerImpl.java:start(310)) - omNode-1@group-523986131536: start as a follower, conf=-1: [omNode-3|rpc:localhost:39257|priority:0, omNode-1|rpc:localhost:41223|priority:0, omNode-2|rpc:localhost:37087|priority:0], old=null
2022-10-04 13:27:11,686 [omNode-1-impl-thread1] INFO  server.RaftServer$Division (RaftServerImpl.java:setRole(299)) - omNode-1@group-523986131536: changes role from      null to FOLLOWER at term 0 for startAsFollower
2022-10-04 13:27:11,686 [omNode-1-impl-thread1] INFO  impl.RoleInfo (RoleInfo.java:updateAndGet(139)) - omNode-1: start omNode-1@group-523986131536-FollowerState
2022-10-04 13:27:11,690 [omNode-1-impl-thread1] INFO  util.JmxRegister (JmxRegister.java:tryRegister(44)) - Successfully registered JMX Bean with object name Ratis:service=RaftServer,group=group-523986131536,id=omNode-1
2022-10-04 13:27:11,693 [Listener at 127.0.0.1/41523] INFO  server.RaftServer (RaftServerProxy.java:lambda$start$6(382)) - omNode-1: start RPC server
2022-10-04 13:27:11,731 [Listener at 127.0.0.1/41523] INFO  server.GrpcService (GrpcService.java:startImpl(260)) - omNode-1: GrpcService started, listening on 41223
2022-10-04 13:27:11,732 [Listener at 127.0.0.1/41523] INFO  om.OzoneManager (OzoneManager.java:start(1500)) - Version File has different layout version (3) than OM DB (null). That is expected if this OM has never been finalized to a newer layout version.
2022-10-04 13:27:11,733 [org.apache.ratis.util.JvmPauseMonitor$$Lambda$699/75026084@4d667774] INFO  util.JvmPauseMonitor (JvmPauseMonitor.java:run(103)) - JvmPauseMonitor-omNode-1: Started
2022-10-04 13:27:11,737 [Listener at 127.0.0.1/41523] INFO  http.BaseHttpServer (BaseHttpServer.java:newHttpServer2BuilderForOzone(213)) - Starting Web-server for ozoneManager at: http://0.0.0.0:45279
2022-10-04 13:27:11,737 [Listener at 127.0.0.1/41523] INFO  http.BaseHttpServer (BaseHttpServer.java:<init>(108)) - Hadoop Security Enabled: false Ozone Security Enabled: false Ozone HTTP Security Enabled: false 
2022-10-04 13:27:11,739 [Listener at 127.0.0.1/41523] INFO  server.AuthenticationFilter (AuthenticationFilter.java:constructSecretProvider(240)) - Unable to initialize FileSignerSecretProvider, falling back to use random secrets.
2022-10-04 13:27:11,745 [Listener at 127.0.0.1/41523] WARN  http.HttpRequestLog (HttpRequestLog.java:getRequestLog(103)) - Jetty request log can only be enabled using Log4j
2022-10-04 13:27:11,747 [Listener at 127.0.0.1/41523] INFO  http.HttpServer2 (HttpServer2.java:addGlobalFilter(1029)) - Added global filter 'safety' (class=org.apache.hadoop.hdds.server.http.HttpServer2$QuotingInputFilter)
2022-10-04 13:27:11,748 [Listener at 127.0.0.1/41523] INFO  http.HttpServer2 (HttpServer2.java:addFilter(1005)) - Added filter static_user_filter (class=org.apache.hadoop.http.lib.StaticUserWebFilter$StaticUserFilter) to context ozoneManager
2022-10-04 13:27:11,748 [Listener at 127.0.0.1/41523] INFO  http.HttpServer2 (HttpServer2.java:addFilter(1013)) - Added filter static_user_filter (class=org.apache.hadoop.http.lib.StaticUserWebFilter$StaticUserFilter) to context static
2022-10-04 13:27:11,748 [Listener at 127.0.0.1/41523] INFO  http.HttpServer2 (HttpServer2.java:addFilter(1013)) - Added filter static_user_filter (class=org.apache.hadoop.http.lib.StaticUserWebFilter$StaticUserFilter) to context logs
2022-10-04 13:27:11,748 [Listener at 127.0.0.1/41523] INFO  http.HttpServer2 (HttpServer2.java:bindListener(1248)) - Jetty bound to port 45279
2022-10-04 13:27:11,749 [Listener at 127.0.0.1/41523] INFO  server.Server (Server.java:doStart(375)) - jetty-9.4.43.v20210629; built: 2021-06-30T11:07:22.254Z; git: 526006ecfa3af7f1a27ef3a288e2bef7ea9dd7e8; jvm 1.8.0_345-b01
2022-10-04 13:27:11,751 [Listener at 127.0.0.1/41523] INFO  server.session (DefaultSessionIdManager.java:doStart(334)) - DefaultSessionIdManager workerName=node0
2022-10-04 13:27:11,751 [Listener at 127.0.0.1/41523] INFO  server.session (DefaultSessionIdManager.java:doStart(339)) - No SessionScavenger set, using defaults
2022-10-04 13:27:11,751 [Listener at 127.0.0.1/41523] INFO  server.session (HouseKeeper.java:startScavenging(132)) - node0 Scavenging every 600000ms
2022-10-04 13:27:11,752 [Listener at 127.0.0.1/41523] INFO  handler.ContextHandler (ContextHandler.java:doStart(915)) - Started o.e.j.s.ServletContextHandler@477a2621{logs,/logs,file:///home/runner/work/ozone/ozone/hadoop-ozone/integration-test/target/log,AVAILABLE}
2022-10-04 13:27:11,752 [Listener at 127.0.0.1/41523] INFO  handler.ContextHandler (ContextHandler.java:doStart(915)) - Started o.e.j.s.ServletContextHandler@62bffd8e{static,/static,file:///home/runner/work/ozone/ozone/hadoop-ozone/integration-test/target/test-classes/webapps/static,AVAILABLE}
2022-10-04 13:27:11,756 [Listener at 127.0.0.1/41523] INFO  handler.ContextHandler (ContextHandler.java:doStart(915)) - Started o.e.j.w.WebAppContext@3053c0ab{ozoneManager,/,file:///home/runner/work/ozone/ozone/hadoop-ozone/integration-test/target/test-classes/webapps/ozoneManager/,AVAILABLE}{file:/home/runner/work/ozone/ozone/hadoop-ozone/integration-test/target/test-classes/webapps/ozoneManager}
2022-10-04 13:27:11,788 [Listener at 127.0.0.1/41523] INFO  server.AbstractConnector (AbstractConnector.java:doStart(331)) - Started ServerConnector@d6c6b69{HTTP/1.1, (http/1.1)}{0.0.0.0:45279}
2022-10-04 13:27:11,788 [Listener at 127.0.0.1/41523] INFO  server.Server (Server.java:doStart(415)) - Started @104529ms
2022-10-04 13:27:11,788 [Listener at 127.0.0.1/41523] WARN  impl.MetricsSystemImpl (MetricsSystemImpl.java:register(279)) - Sink prometheus already exists!
2022-10-04 13:27:11,789 [Listener at 127.0.0.1/41523] INFO  http.BaseHttpServer (BaseHttpServer.java:updateConnectorAddress(333)) - HTTP server of ozoneManager listening at http://0.0.0.0:45279
2022-10-04 13:27:11,796 [IPC Server Responder] INFO  ipc.Server (Server.java:run(1507)) - IPC Server Responder: starting
2022-10-04 13:27:11,801 [IPC Server listener on 41523] INFO  ipc.Server (Server.java:run(1344)) - IPC Server listener on 41523: starting
2022-10-04 13:27:11,814 [Listener at 127.0.0.1/41523] INFO  om.OzoneManager (OzoneManager.java:startTrashEmptier(1921)) - Trash Interval set to 0. Files deleted won't move to trash
2022-10-04 13:27:11,815 [Listener at 127.0.0.1/41523] INFO  ozone.MiniOzoneHAClusterImpl (MiniOzoneHAClusterImpl.java:createOMService(527)) - Started OzoneManager omNode-1 RPC server at localhost/127.0.0.1:41523
2022-10-04 13:27:11,815 [org.apache.hadoop.util.JvmPauseMonitor$Monitor@3348cc8b] INFO  util.JvmPauseMonitor (JvmPauseMonitor.java:run(188)) - Starting JVM pause monitor
2022-10-04 13:27:11,816 [Listener at 127.0.0.1/41523] INFO  ha.OMHANodeDetails (OMHANodeDetails.java:loadOMHAConfig(121)) - ServiceID for OzoneManager is om-service-test1
2022-10-04 13:27:11,816 [Listener at 127.0.0.1/41523] INFO  ha.OMHANodeDetails (OMHANodeDetails.java:loadOMHAConfig(201)) - Found matching OM address with OMServiceId: om-service-test1, OMNodeId: omNode-2, RPC Address: localhost:42745 and Ratis port: 37087
2022-10-04 13:27:11,816 [Listener at 127.0.0.1/41523] INFO  ha.OMHANodeDetails (ConfUtils.java:setNodeSpecificConfigs(97)) - Setting configuration key ozone.om.http-address with value of key ozone.om.http-address.om-service-test1.omNode-2: 127.0.0.1:38895
2022-10-04 13:27:11,816 [Listener at 127.0.0.1/41523] INFO  ha.OMHANodeDetails (ConfUtils.java:setNodeSpecificConfigs(97)) - Setting configuration key ozone.om.https-address with value of key ozone.om.https-address.om-service-test1.omNode-2: 127.0.0.1:38415
2022-10-04 13:27:11,816 [Listener at 127.0.0.1/41523] INFO  ha.OMHANodeDetails (ConfUtils.java:setNodeSpecificConfigs(97)) - Setting configuration key ozone.om.address with value of key ozone.om.address.om-service-test1.omNode-2: 127.0.0.1:42745
2022-10-04 13:27:11,817 [Listener at 127.0.0.1/41523] WARN  server.ServerUtils (ServerUtils.java:getDBPath(225)) - ozone.om.db.dirs is not configured. We recommend adding this setting. Falling back to ozone.metadata.dirs instead.
2022-10-04 13:27:11,818 [Listener at 127.0.0.1/41523] INFO  proxy.SCMBlockLocationFailoverProxyProvider (SCMBlockLocationFailoverProxyProvider.java:<init>(114)) - Created block location fail-over proxy with 1 nodes: [nodeId=scmNodeId,nodeAddress=/0.0.0.0:46607]
OM initialization succeeded.Current cluster id for sd=/home/runner/work/ozone/ozone/hadoop-ozone/integration-test/target/test-dir/MiniOzoneClusterImpl-cea6a548-c63a-4656-97b3-0431a0c2d519/omNode-2/om;cid=cea6a548-c63a-4656-97b3-0431a0c2d519;layoutVersion=3
2022-10-04 13:27:11,847 [Listener at 127.0.0.1/41523] INFO  ha.OMHANodeDetails (OMHANodeDetails.java:loadOMHAConfig(121)) - ServiceID for OzoneManager is om-service-test1
2022-10-04 13:27:11,848 [Listener at 127.0.0.1/41523] INFO  ha.OMHANodeDetails (OMHANodeDetails.java:loadOMHAConfig(201)) - Found matching OM address with OMServiceId: om-service-test1, OMNodeId: omNode-2, RPC Address: localhost:42745 and Ratis port: 37087
2022-10-04 13:27:11,848 [Listener at 127.0.0.1/41523] INFO  ha.OMHANodeDetails (ConfUtils.java:setNodeSpecificConfigs(97)) - Setting configuration key ozone.om.http-address with value of key ozone.om.http-address.om-service-test1.omNode-2: 127.0.0.1:38895
2022-10-04 13:27:11,848 [Listener at 127.0.0.1/41523] INFO  ha.OMHANodeDetails (ConfUtils.java:setNodeSpecificConfigs(97)) - Setting configuration key ozone.om.https-address with value of key ozone.om.https-address.om-service-test1.omNode-2: 127.0.0.1:38415
2022-10-04 13:27:11,848 [Listener at 127.0.0.1/41523] INFO  ha.OMHANodeDetails (ConfUtils.java:setNodeSpecificConfigs(97)) - Setting configuration key ozone.om.address with value of key ozone.om.address.om-service-test1.omNode-2: 127.0.0.1:42745
2022-10-04 13:27:11,849 [Listener at 127.0.0.1/41523] WARN  server.ServerUtils (ServerUtils.java:getDBPath(225)) - ozone.om.db.dirs is not configured. We recommend adding this setting. Falling back to ozone.metadata.dirs instead.
2022-10-04 13:27:11,849 [Listener at 127.0.0.1/41523] INFO  upgrade.AbstractLayoutVersionManager (AbstractLayoutVersionManager.java:init(83)) - Initializing Layout version manager with metadata layout = MULTITENANCY_SCHEMA (version = 3), software layout = MULTITENANCY_SCHEMA (version = 3)
2022-10-04 13:27:11,988 [Listener at 127.0.0.1/41523] INFO  reflections.Reflections (Reflections.java:scan(232)) - Reflections took 131 ms to scan 2 urls, producing 154 keys and 428 values [using 2 cores]
2022-10-04 13:27:11,989 [Listener at 127.0.0.1/41523] INFO  upgrade.OMLayoutVersionManager (OMLayoutVersionManager.java:lambda$0(115)) - Skipping Upgrade Action MockOmUpgradeAction since it has been finalized.
2022-10-04 13:27:11,989 [Listener at 127.0.0.1/41523] WARN  server.ServerUtils (ServerUtils.java:getDBPath(225)) - ozone.om.db.dirs is not configured. We recommend adding this setting. Falling back to ozone.metadata.dirs instead.
2022-10-04 13:27:11,990 [Listener at 127.0.0.1/41523] INFO  proxy.SCMBlockLocationFailoverProxyProvider (SCMBlockLocationFailoverProxyProvider.java:<init>(114)) - Created block location fail-over proxy with 1 nodes: [nodeId=scmNodeId,nodeAddress=/0.0.0.0:46607]
2022-10-04 13:27:11,991 [Listener at 127.0.0.1/41523] INFO  proxy.SCMBlockLocationFailoverProxyProvider (SCMBlockLocationFailoverProxyProvider.java:<init>(114)) - Created block location fail-over proxy with 1 nodes: [nodeId=scmNodeId,nodeAddress=/0.0.0.0:46607]
2022-10-04 13:27:12,016 [Listener at 127.0.0.1/41523] WARN  server.ServerUtils (ServerUtils.java:getDBPath(225)) - ozone.om.db.dirs is not configured. We recommend adding this setting. Falling back to ozone.metadata.dirs instead.
2022-10-04 13:27:12,016 [Listener at 127.0.0.1/41523] INFO  codec.OmKeyInfoCodec (OmKeyInfoCodec.java:<init>(49)) - OmKeyInfoCodec ignorePipeline = true
2022-10-04 13:27:12,016 [Listener at 127.0.0.1/41523] INFO  codec.RepeatedOmKeyInfoCodec (RepeatedOmKeyInfoCodec.java:<init>(41)) - RepeatedOmKeyInfoCodec ignorePipeline = true
2022-10-04 13:27:12,346 [Listener at 127.0.0.1/41523] INFO  om.OzoneManager (OzoneManager.java:instantiateServices(710)) - S3 Multi-Tenancy is disabled
2022-10-04 13:27:12,348 [Listener at 127.0.0.1/41523] INFO  om.OzoneManager (OzoneManager.java:addS3GVolumeToDB(4325)) - Created Volume s3v With Owner runner required for S3Gateway operations.
2022-10-04 13:27:12,348 [Listener at 127.0.0.1/41523] WARN  server.ServerUtils (ServerUtils.java:getDefaultRatisDirectory(237)) - Storage directory for Ratis is not configured. It is a good idea to map this to an SSD disk. Falling back to ozone.metadata.dirs
2022-10-04 13:27:12,348 [Listener at 127.0.0.1/41523] WARN  utils.OzoneManagerRatisUtils (OzoneManagerRatisUtils.java:getOMRatisSnapshotDirectory(434)) - ozone.om.ratis.snapshot.dir is not configured. Falling back to ozone.metadata.dirs config
2022-10-04 13:27:12,348 [Listener at 127.0.0.1/41523] INFO  snapshot.OzoneManagerSnapshotProvider (OzoneManagerSnapshotProvider.java:<init>(76)) - Initializing OM Snapshot Provider
2022-10-04 13:27:12,358 [Listener at 127.0.0.1/41523] WARN  impl.MetricRegistriesImpl (MetricRegistriesImpl.java:addReporterRegistration(111)) - New reporters are added after registries were created. Some metrics will be missing from the reporter. Please add reporter before adding any new registry.
2022-10-04 13:27:12,358 [Listener at 127.0.0.1/41523] WARN  impl.MetricRegistriesImpl (MetricRegistriesImpl.java:addReporterRegistration(111)) - New reporters are added after registries were created. Some metrics will be missing from the reporter. Please add reporter before adding any new registry.
2022-10-04 13:27:12,359 [Listener at 127.0.0.1/41523] WARN  server.ServerUtils (ServerUtils.java:getDefaultRatisDirectory(237)) - Storage directory for Ratis is not configured. It is a good idea to map this to an SSD disk. Falling back to ozone.metadata.dirs
2022-10-04 13:27:12,360 [Listener at 127.0.0.1/41523] INFO  ratis.OzoneManagerRatisServer (OzoneManagerRatisServer.java:<init>(160)) - Instantiating OM Ratis server with groupID: om-service-test1 and peers: localhost:37087, localhost:39257, localhost:41223
2022-10-04 13:27:12,360 [Listener at 127.0.0.1/41523] INFO  ratis.OzoneManagerStateMachine (OzoneManagerStateMachine.java:loadSnapshotInfoFromDB(632)) - LastAppliedIndex is set from TransactionInfo from OM DB as (t:0, i:~)
2022-10-04 13:27:12,367 [Listener at 127.0.0.1/41523] INFO  server.RaftServer (ConfUtils.java:logGet(46)) - raft.rpc.type = GRPC (default)
2022-10-04 13:27:12,367 [Listener at 127.0.0.1/41523] INFO  grpc.GrpcFactory (GrpcFactory.java:checkPooledByteBufAllocatorUseCacheForAllThreads(48)) - PERFORMANCE WARNING: useCacheForAllThreads is true that may cause Netty to create a lot garbage objects and, as a result, trigger GC.
	It is recommended to disable useCacheForAllThreads by setting -Dorg.apache.ratis.thirdparty.io.netty.allocator.useCacheForAllThreads=false in command line.
2022-10-04 13:27:12,367 [Listener at 127.0.0.1/41523] INFO  grpc.GrpcConfigKeys (ConfUtils.java:logGet(46)) - raft.grpc.admin.port = -1 (default)
2022-10-04 13:27:12,367 [Listener at 127.0.0.1/41523] INFO  grpc.GrpcConfigKeys (ConfUtils.java:logGet(46)) - raft.grpc.server.port = 37087 (custom)
2022-10-04 13:27:12,367 [Listener at 127.0.0.1/41523] INFO  grpc.GrpcConfigKeys (ConfUtils.java:logGet(46)) - raft.grpc.client.port = -1 (default)
2022-10-04 13:27:12,368 [Listener at 127.0.0.1/41523] INFO  grpc.GrpcConfigKeys (ConfUtils.java:logGet(46)) - raft.grpc.server.port = 37087 (custom)
2022-10-04 13:27:12,368 [Listener at 127.0.0.1/41523] INFO  grpc.GrpcConfigKeys (ConfUtils.java:logGet(46)) - raft.grpc.server.port = 37087 (custom)
2022-10-04 13:27:12,368 [Listener at 127.0.0.1/41523] INFO  server.GrpcService (ConfUtils.java:logGet(46)) - raft.grpc.message.size.max = 33554432 (custom)
2022-10-04 13:27:12,368 [Listener at 127.0.0.1/41523] INFO  server.RaftServerConfigKeys (ConfUtils.java:logGet(46)) - raft.server.log.appender.buffer.byte-limit = 33554432 (custom)
2022-10-04 13:27:12,368 [Listener at 127.0.0.1/41523] INFO  server.GrpcService (ConfUtils.java:logGet(46)) - raft.grpc.flow.control.window = 1MB (=1048576) (default)
2022-10-04 13:27:12,369 [Listener at 127.0.0.1/41523] INFO  server.RaftServerConfigKeys (ConfUtils.java:logGet(46)) - raft.server.rpc.request.timeout = 3000ms (default)
2022-10-04 13:27:12,369 [Listener at 127.0.0.1/41523] INFO  grpc.GrpcConfigKeys (ConfUtils.java:logGet(46)) - raft.grpc.server.async.request.thread.pool.cached = true (default)
2022-10-04 13:27:12,369 [Listener at 127.0.0.1/41523] INFO  grpc.GrpcConfigKeys (ConfUtils.java:logGet(46)) - raft.grpc.server.async.request.thread.pool.size = 32 (default)
2022-10-04 13:27:12,371 [Listener at 127.0.0.1/41523] INFO  impl.DataStreamServerImpl (ConfUtils.java:logGet(46)) - raft.datastream.type = DISABLED (default)
2022-10-04 13:27:12,371 [Listener at 127.0.0.1/41523] INFO  server.RaftServerConfigKeys (ConfUtils.java:logGet(46)) - raft.server.threadpool.proxy.cached = true (default)
2022-10-04 13:27:12,371 [Listener at 127.0.0.1/41523] INFO  server.RaftServerConfigKeys (ConfUtils.java:logGet(46)) - raft.server.threadpool.proxy.size = 0 (default)
2022-10-04 13:27:12,372 [Listener at 127.0.0.1/41523] INFO  server.RaftServerConfigKeys (ConfUtils.java:logGet(46)) - raft.server.rpc.slowness.timeout = 2s (custom)
2022-10-04 13:27:12,372 [Listener at 127.0.0.1/41523] INFO  server.RaftServerConfigKeys (ConfUtils.java:logGet(46)) - raft.server.leaderelection.leader.step-down.wait-time = 10s (default)
2022-10-04 13:27:12,372 [Listener at 127.0.0.1/41523] INFO  server.RaftServerConfigKeys (ConfUtils.java:logGet(46)) - raft.server.storage.dir = [/home/runner/work/ozone/ozone/hadoop-ozone/integration-test/target/test-dir/MiniOzoneClusterImpl-cea6a548-c63a-4656-97b3-0431a0c2d519/omNode-2/ratis] (custom)
2022-10-04 13:27:12,373 [Listener at 127.0.0.1/41523] INFO  server.RaftServer (RaftServerProxy.java:addNew(96)) - omNode-2: addNew group-523986131536:[omNode-3|rpc:localhost:39257|priority:0, omNode-1|rpc:localhost:41223|priority:0, omNode-2|rpc:localhost:37087|priority:0] returns group-523986131536:java.util.concurrent.CompletableFuture@226ccc83[Not completed]
2022-10-04 13:27:12,373 [Listener at 127.0.0.1/41523] INFO  om.OzoneManager (OzoneManager.java:initializeRatisServer(1977)) - OzoneManager Ratis server initialized at port 37087
2022-10-04 13:27:12,374 [Listener at 127.0.0.1/41523] INFO  om.OzoneManager (OzoneManager.java:getRpcServer(1100)) - Creating RPC Server
2022-10-04 13:27:12,375 [pool-518-thread-1] INFO  server.RaftServer$Division (RaftServerImpl.java:<init>(190)) - omNode-2: new RaftServerImpl for group-523986131536:[omNode-3|rpc:localhost:39257|priority:0, omNode-1|rpc:localhost:41223|priority:0, omNode-2|rpc:localhost:37087|priority:0] with OzoneManagerStateMachine:uninitialized
2022-10-04 13:27:12,375 [pool-518-thread-1] INFO  server.RaftServerConfigKeys (ConfUtils.java:logGet(46)) - raft.server.rpc.timeout.min = 1s (custom)
2022-10-04 13:27:12,375 [pool-518-thread-1] INFO  server.RaftServerConfigKeys (ConfUtils.java:logGet(46)) - raft.server.rpc.timeout.max = 1200ms (custom)
2022-10-04 13:27:12,375 [pool-518-thread-1] INFO  server.RaftServerConfigKeys (ConfUtils.java:logGet(46)) - raft.server.rpc.sleep.time = 25ms (default)
2022-10-04 13:27:12,375 [pool-518-thread-1] INFO  server.RaftServerConfigKeys (ConfUtils.java:logGet(46)) - raft.server.rpc.slowness.timeout = 2s (custom)
2022-10-04 13:27:12,375 [pool-518-thread-1] INFO  server.RaftServerConfigKeys (ConfUtils.java:logGet(46)) - raft.server.leaderelection.leader.step-down.wait-time = 10s (default)
2022-10-04 13:27:12,376 [pool-518-thread-1] INFO  server.RaftServerConfigKeys (ConfUtils.java:logGet(46)) - raft.server.sleep.deviation.threshold = 300ms (default)
2022-10-04 13:27:12,376 [pool-518-thread-1] INFO  server.RaftServer$Division (ServerState.java:<init>(107)) - omNode-2@group-523986131536: ConfigurationManager, init=-1: [omNode-3|rpc:localhost:39257|priority:0, omNode-1|rpc:localhost:41223|priority:0, omNode-2|rpc:localhost:37087|priority:0], old=null, confs=<EMPTY_MAP>
2022-10-04 13:27:12,378 [pool-518-thread-1] INFO  server.RaftServerConfigKeys (ConfUtils.java:logGet(46)) - raft.server.storage.dir = [/home/runner/work/ozone/ozone/hadoop-ozone/integration-test/target/test-dir/MiniOzoneClusterImpl-cea6a548-c63a-4656-97b3-0431a0c2d519/omNode-2/ratis] (custom)
2022-10-04 13:27:12,378 [pool-518-thread-1] INFO  server.RaftServerConfigKeys (ConfUtils.java:logGet(46)) - raft.server.log.corruption.policy = EXCEPTION (default)
2022-10-04 13:27:12,378 [pool-518-thread-1] INFO  server.RaftServerConfigKeys (ConfUtils.java:logGet(46)) - raft.server.storage.free-space.min = 0MB (=0) (default)
2022-10-04 13:27:12,378 [pool-518-thread-1] INFO  storage.RaftStorageDirectory (RaftStorageDirectoryImpl.java:analyzeStorage(135)) - The storage directory /home/runner/work/ozone/ozone/hadoop-ozone/integration-test/target/test-dir/MiniOzoneClusterImpl-cea6a548-c63a-4656-97b3-0431a0c2d519/omNode-2/ratis/c9bc4cf4-3bc3-3c60-a66b-523986131536 does not exist. Creating ...
2022-10-04 13:27:12,380 [pool-518-thread-1] INFO  storage.RaftStorageDirectory (RaftStorageDirectoryImpl.java:tryLock(230)) - Lock on /home/runner/work/ozone/ozone/hadoop-ozone/integration-test/target/test-dir/MiniOzoneClusterImpl-cea6a548-c63a-4656-97b3-0431a0c2d519/omNode-2/ratis/c9bc4cf4-3bc3-3c60-a66b-523986131536/in_use.lock acquired by nodename 42070@fv-az573-645
2022-10-04 13:27:12,382 [pool-518-thread-1] INFO  storage.RaftStorage (RaftStorageImpl.java:format(89)) - Storage directory /home/runner/work/ozone/ozone/hadoop-ozone/integration-test/target/test-dir/MiniOzoneClusterImpl-cea6a548-c63a-4656-97b3-0431a0c2d519/omNode-2/ratis/c9bc4cf4-3bc3-3c60-a66b-523986131536 has been successfully formatted.
2022-10-04 13:27:12,382 [pool-518-thread-1] INFO  server.RaftServerConfigKeys (ConfUtils.java:logGet(46)) - raft.server.notification.no-leader.timeout = 2s (custom)
2022-10-04 13:27:12,382 [pool-518-thread-1] INFO  server.RaftServerConfigKeys (ConfUtils.java:logGet(46)) - raft.server.log.use.memory = false (default)
2022-10-04 13:27:12,382 [pool-518-thread-1] INFO  server.RaftServerConfigKeys (ConfUtils.java:logGet(46)) - raft.server.log.purge.gap = 50 (custom)
2022-10-04 13:27:12,382 [pool-518-thread-1] INFO  server.RaftServerConfigKeys (ConfUtils.java:logGet(46)) - raft.server.log.appender.buffer.byte-limit = 33554432 (custom)
2022-10-04 13:27:12,382 [pool-518-thread-1] INFO  server.RaftServerConfigKeys (ConfUtils.java:logGet(46)) - raft.server.log.statemachine.data.read.timeout = 1000ms (default)
2022-10-04 13:27:12,382 [pool-518-thread-1] INFO  server.RaftServerConfigKeys (ConfUtils.java:logGet(46)) - raft.server.log.segment.size.max = 4194304 (custom)
2022-10-04 13:27:12,383 [pool-518-thread-1] INFO  server.RaftServerConfigKeys (ConfUtils.java:logGet(46)) - raft.server.log.segment.cache.num.max = 2 (custom)
2022-10-04 13:27:12,383 [pool-518-thread-1] INFO  server.RaftServerConfigKeys (ConfUtils.java:logGet(46)) - raft.server.log.segment.cache.size.max = 200MB (=209715200) (default)
2022-10-04 13:27:12,383 [pool-518-thread-1] INFO  segmented.SegmentedRaftLogWorker (SegmentedRaftLogWorker.java:<init>(187)) - new omNode-2@group-523986131536-SegmentedRaftLogWorker for RaftStorageImpl:Storage Directory /home/runner/work/ozone/ozone/hadoop-ozone/integration-test/target/test-dir/MiniOzoneClusterImpl-cea6a548-c63a-4656-97b3-0431a0c2d519/omNode-2/ratis/c9bc4cf4-3bc3-3c60-a66b-523986131536
2022-10-04 13:27:12,383 [pool-518-thread-1] INFO  server.RaftServerConfigKeys (ConfUtils.java:logGet(46)) - raft.server.log.queue.byte-limit = 64MB (=67108864) (default)
2022-10-04 13:27:12,383 [pool-518-thread-1] INFO  server.RaftServerConfigKeys (ConfUtils.java:logGet(46)) - raft.server.log.queue.element-limit = 4096 (default)
2022-10-04 13:27:12,383 [pool-518-thread-1] INFO  server.RaftServerConfigKeys (ConfUtils.java:logGet(46)) - raft.server.log.segment.size.max = 4194304 (custom)
2022-10-04 13:27:12,383 [pool-518-thread-1] INFO  server.RaftServerConfigKeys (ConfUtils.java:logGet(46)) - raft.server.log.preallocated.size = 4194304 (custom)
2022-10-04 13:27:12,383 [pool-518-thread-1] INFO  server.RaftServerConfigKeys (ConfUtils.java:logGet(46)) - raft.server.log.force.sync.num = 128 (default)
2022-10-04 13:27:12,383 [pool-518-thread-1] INFO  server.RaftServerConfigKeys (ConfUtils.java:logGet(46)) - raft.server.log.statemachine.data.sync = true (default)
2022-10-04 13:27:12,383 [pool-518-thread-1] INFO  server.RaftServerConfigKeys (ConfUtils.java:logGet(46)) - raft.server.log.statemachine.data.sync.timeout = 10s (default)
2022-10-04 13:27:12,383 [pool-518-thread-1] INFO  server.RaftServerConfigKeys (ConfUtils.java:logGet(46)) - raft.server.log.statemachine.data.sync.timeout.retry = -1 (default)
2022-10-04 13:27:12,390 [pool-518-thread-1] INFO  server.RaftServerConfigKeys (ConfUtils.java:logGet(46)) - raft.server.log.write.buffer.size = 64KB (=65536) (default)
2022-10-04 13:27:12,390 [pool-518-thread-1] INFO  server.RaftServerConfigKeys (ConfUtils.java:logGet(46)) - raft.server.log.unsafe-flush.enabled = false (default)
2022-10-04 13:27:12,390 [pool-518-thread-1] INFO  server.RaftServerConfigKeys (ConfUtils.java:logGet(46)) - raft.server.log.statemachine.data.caching.enabled = false (default)
2022-10-04 13:27:12,390 [pool-518-thread-1] INFO  segmented.SegmentedRaftLogWorker (SegmentedRaftLogWorker.java:lambda$new$0(135)) - omNode-2@group-523986131536-SegmentedRaftLogWorker: flushIndex: setUnconditionally 0 -> -1
2022-10-04 13:27:12,390 [pool-518-thread-1] INFO  segmented.SegmentedRaftLogWorker (SegmentedRaftLogWorker.java:lambda$new$0(135)) - omNode-2@group-523986131536-SegmentedRaftLogWorker: safeCacheEvictIndex: setUnconditionally 0 -> -1
2022-10-04 13:27:12,391 [pool-518-thread-1] INFO  server.RaftServerConfigKeys (ConfUtils.java:logGet(46)) - raft.server.snapshot.auto.trigger.enabled = true (custom)
2022-10-04 13:27:12,391 [pool-518-thread-1] INFO  server.RaftServerConfigKeys (ConfUtils.java:logGet(46)) - raft.server.snapshot.auto.trigger.threshold = 50 (custom)
2022-10-04 13:27:12,391 [pool-518-thread-1] INFO  server.RaftServerConfigKeys (ConfUtils.java:logGet(46)) - raft.server.snapshot.retention.file.num = -1 (default)
2022-10-04 13:27:12,391 [pool-518-thread-1] INFO  server.RaftServerConfigKeys (ConfUtils.java:logGet(46)) - raft.server.log.purge.upto.snapshot.index = true (custom)
2022-10-04 13:27:12,391 [pool-518-thread-1] INFO  server.RaftServerConfigKeys (ConfUtils.java:logGet(46)) - raft.server.retrycache.expirytime = 30000ms (custom)
2022-10-04 13:27:12,391 [pool-518-thread-1] INFO  server.RaftServerConfigKeys (ConfUtils.java:logGet(46)) - raft.server.retrycache.statistics.expirytime = 100μs (default)
2022-10-04 13:27:12,392 [pool-518-thread-1] INFO  server.RaftServerConfigKeys (ConfUtils.java:logGet(46)) - raft.server.log.appender.install.snapshot.enabled = false (custom)
2022-10-04 13:27:12,392 [pool-518-thread-1] INFO  server.RaftServerConfigKeys (ConfUtils.java:logGet(46)) - raft.server.threadpool.server.cached = true (default)
2022-10-04 13:27:12,392 [pool-518-thread-1] INFO  server.RaftServerConfigKeys (ConfUtils.java:logGet(46)) - raft.server.threadpool.server.size = 0 (default)
2022-10-04 13:27:12,392 [pool-518-thread-1] INFO  server.RaftServerConfigKeys (ConfUtils.java:logGet(46)) - raft.server.threadpool.client.cached = true (default)
2022-10-04 13:27:12,392 [pool-518-thread-1] INFO  server.RaftServerConfigKeys (ConfUtils.java:logGet(46)) - raft.server.threadpool.client.size = 0 (default)
2022-10-04 13:27:12,573 [EndpointStateMachine task thread for /0.0.0.0:41361 - 0 ] INFO  ipc.Client (Client.java:handleConnectionFailure(977)) - Retrying connect to server: 0.0.0.0/0.0.0.0:41361. Already tried 6 time(s); retry policy is RetryUpToMaximumCountWithFixedSleep(maxRetries=15, sleepTime=1000 MILLISECONDS)
2022-10-04 13:27:12,758 [omNode-1@group-523986131536-FollowerState] INFO  impl.FollowerState (FollowerState.java:run(143)) - omNode-1@group-523986131536-FollowerState: change to CANDIDATE, lastRpcElapsedTime:1071728693ns, electionTimeout:1053ms
2022-10-04 13:27:12,758 [omNode-1@group-523986131536-FollowerState] INFO  impl.RoleInfo (RoleInfo.java:shutdownFollowerState(110)) - omNode-1: shutdown omNode-1@group-523986131536-FollowerState
2022-10-04 13:27:12,758 [omNode-1@group-523986131536-FollowerState] INFO  server.RaftServer$Division (RaftServerImpl.java:setRole(299)) - omNode-1@group-523986131536: changes role from  FOLLOWER to CANDIDATE at term 0 for changeToCandidate
2022-10-04 13:27:12,759 [omNode-1@group-523986131536-FollowerState] INFO  server.RaftServerConfigKeys (ConfUtils.java:logGet(46)) - raft.server.leaderelection.pre-vote = false (custom)
2022-10-04 13:27:12,759 [omNode-1@group-523986131536-FollowerState] INFO  impl.RoleInfo (RoleInfo.java:updateAndGet(139)) - omNode-1: start omNode-1@group-523986131536-LeaderElection42
2022-10-04 13:27:12,797 [omNode-1@group-523986131536-LeaderElection42] INFO  impl.LeaderElection (LeaderElection.java:askForVotes(310)) - omNode-1@group-523986131536-LeaderElection42 ELECTION round 0: submit vote requests at term 1 for -1: [omNode-3|rpc:localhost:39257|priority:0, omNode-1|rpc:localhost:41223|priority:0, omNode-2|rpc:localhost:37087|priority:0], old=null
2022-10-04 13:27:12,808 [omNode-1@group-523986131536-LeaderElection42] INFO  impl.LeaderElection (LogUtils.java:infoOrTrace(137)) - omNode-1@group-523986131536-LeaderElection42 got exception when requesting votes: java.util.concurrent.ExecutionException: org.apache.ratis.thirdparty.io.grpc.StatusRuntimeException: UNAVAILABLE: io exception
2022-10-04 13:27:12,828 [omNode-1@group-523986131536-LeaderElection42] INFO  impl.LeaderElection (LogUtils.java:infoOrTrace(137)) - omNode-1@group-523986131536-LeaderElection42 got exception when requesting votes: java.util.concurrent.ExecutionException: org.apache.ratis.thirdparty.io.grpc.StatusRuntimeException: UNAVAILABLE: io exception
2022-10-04 13:27:12,828 [omNode-1@group-523986131536-LeaderElection42] INFO  impl.LeaderElection (LeaderElection.java:logAndReturn(90)) - omNode-1@group-523986131536-LeaderElection42: ELECTION REJECTED received 0 response(s) and 2 exception(s):
2022-10-04 13:27:12,828 [omNode-1@group-523986131536-LeaderElection42] INFO  impl.LeaderElection (LogUtils.java:infoOrTrace(137)) -   Exception 0: java.util.concurrent.ExecutionException: org.apache.ratis.thirdparty.io.grpc.StatusRuntimeException: UNAVAILABLE: io exception
2022-10-04 13:27:12,828 [omNode-1@group-523986131536-LeaderElection42] INFO  impl.LeaderElection (LogUtils.java:infoOrTrace(137)) -   Exception 1: java.util.concurrent.ExecutionException: org.apache.ratis.thirdparty.io.grpc.StatusRuntimeException: UNAVAILABLE: io exception
2022-10-04 13:27:12,828 [omNode-1@group-523986131536-LeaderElection42] INFO  impl.LeaderElection (LeaderElection.java:askForVotes(312)) - omNode-1@group-523986131536-LeaderElection42 ELECTION round 0: result REJECTED
2022-10-04 13:27:12,828 [omNode-1@group-523986131536-LeaderElection42] INFO  server.RaftServer$Division (RaftServerImpl.java:setRole(299)) - omNode-1@group-523986131536: changes role from CANDIDATE to FOLLOWER at term 1 for REJECTED
2022-10-04 13:27:12,828 [omNode-1@group-523986131536-LeaderElection42] INFO  impl.RoleInfo (RoleInfo.java:shutdownLeaderElection(130)) - omNode-1: shutdown omNode-1@group-523986131536-LeaderElection42
2022-10-04 13:27:12,828 [omNode-1@group-523986131536-LeaderElection42] INFO  impl.RoleInfo (RoleInfo.java:updateAndGet(139)) - omNode-1: start omNode-1@group-523986131536-FollowerState
2022-10-04 13:27:13,156 [Listener at 127.0.0.1/41523] INFO  reflections.Reflections (Reflections.java:scan(232)) - Reflections took 781 ms to scan 19 urls, producing 67 keys and 4220 values [using 2 cores]
2022-10-04 13:27:13,158 [Listener at 127.0.0.1/41523] INFO  ipc.CallQueueManager (CallQueueManager.java:<init>(90)) - Using callQueue: class java.util.concurrent.LinkedBlockingQueue, queueCapacity: 2000, scheduler: class org.apache.hadoop.ipc.DefaultRpcScheduler, ipcBackoff: false.
2022-10-04 13:27:13,166 [Socket Reader #1 for port 42745] INFO  ipc.Server (Server.java:run(1265)) - Starting Socket Reader #1 for port 42745
2022-10-04 13:27:13,225 [Listener at 127.0.0.1/42745] INFO  impl.MetricsSystemImpl (MetricsSystemImpl.java:init(158)) - OzoneManager metrics system started (again)
2022-10-04 13:27:13,266 [Listener at 127.0.0.1/42745] INFO  om.OzoneManager (OzoneManager.java:start(1484)) - OzoneManager RPC server is listening at localhost/127.0.0.1:42745
2022-10-04 13:27:13,266 [Listener at 127.0.0.1/42745] INFO  ratis.OzoneManagerRatisServer (OzoneManagerRatisServer.java:start(555)) - Starting OzoneManagerRatisServer omNode-2 at port 37087
2022-10-04 13:27:13,266 [omNode-2-impl-thread1] INFO  server.RaftServer$Division (RaftServerImpl.java:start(310)) - omNode-2@group-523986131536: start as a follower, conf=-1: [omNode-3|rpc:localhost:39257|priority:0, omNode-1|rpc:localhost:41223|priority:0, omNode-2|rpc:localhost:37087|priority:0], old=null
2022-10-04 13:27:13,266 [omNode-2-impl-thread1] INFO  server.RaftServer$Division (RaftServerImpl.java:setRole(299)) - omNode-2@group-523986131536: changes role from      null to FOLLOWER at term 0 for startAsFollower
2022-10-04 13:27:13,266 [omNode-2-impl-thread1] INFO  impl.RoleInfo (RoleInfo.java:updateAndGet(139)) - omNode-2: start omNode-2@group-523986131536-FollowerState
2022-10-04 13:27:13,276 [omNode-2-impl-thread1] INFO  util.JmxRegister (JmxRegister.java:tryRegister(44)) - Successfully registered JMX Bean with object name Ratis:service=RaftServer,group=group-523986131536,id=omNode-2
2022-10-04 13:27:13,277 [Listener at 127.0.0.1/42745] INFO  server.RaftServer (RaftServerProxy.java:lambda$start$6(382)) - omNode-2: start RPC server
2022-10-04 13:27:13,280 [Listener at 127.0.0.1/42745] INFO  server.GrpcService (GrpcService.java:startImpl(260)) - omNode-2: GrpcService started, listening on 37087
2022-10-04 13:27:13,280 [Listener at 127.0.0.1/42745] INFO  om.OzoneManager (OzoneManager.java:start(1500)) - Version File has different layout version (3) than OM DB (null). That is expected if this OM has never been finalized to a newer layout version.
2022-10-04 13:27:13,281 [org.apache.ratis.util.JvmPauseMonitor$$Lambda$699/75026084@487cdf22] INFO  util.JvmPauseMonitor (JvmPauseMonitor.java:run(103)) - JvmPauseMonitor-omNode-2: Started
2022-10-04 13:27:13,282 [Listener at 127.0.0.1/42745] INFO  http.BaseHttpServer (BaseHttpServer.java:newHttpServer2BuilderForOzone(213)) - Starting Web-server for ozoneManager at: http://0.0.0.0:38895
2022-10-04 13:27:13,283 [Listener at 127.0.0.1/42745] INFO  http.BaseHttpServer (BaseHttpServer.java:<init>(108)) - Hadoop Security Enabled: false Ozone Security Enabled: false Ozone HTTP Security Enabled: false 
2022-10-04 13:27:13,284 [Listener at 127.0.0.1/42745] INFO  server.AuthenticationFilter (AuthenticationFilter.java:constructSecretProvider(240)) - Unable to initialize FileSignerSecretProvider, falling back to use random secrets.
2022-10-04 13:27:13,292 [Listener at 127.0.0.1/42745] WARN  http.HttpRequestLog (HttpRequestLog.java:getRequestLog(103)) - Jetty request log can only be enabled using Log4j
2022-10-04 13:27:13,293 [Listener at 127.0.0.1/42745] INFO  http.HttpServer2 (HttpServer2.java:addGlobalFilter(1029)) - Added global filter 'safety' (class=org.apache.hadoop.hdds.server.http.HttpServer2$QuotingInputFilter)
2022-10-04 13:27:13,294 [Listener at 127.0.0.1/42745] INFO  http.HttpServer2 (HttpServer2.java:addFilter(1005)) - Added filter static_user_filter (class=org.apache.hadoop.http.lib.StaticUserWebFilter$StaticUserFilter) to context ozoneManager
2022-10-04 13:27:13,294 [Listener at 127.0.0.1/42745] INFO  http.HttpServer2 (HttpServer2.java:addFilter(1013)) - Added filter static_user_filter (class=org.apache.hadoop.http.lib.StaticUserWebFilter$StaticUserFilter) to context static
2022-10-04 13:27:13,294 [Listener at 127.0.0.1/42745] INFO  http.HttpServer2 (HttpServer2.java:addFilter(1013)) - Added filter static_user_filter (class=org.apache.hadoop.http.lib.StaticUserWebFilter$StaticUserFilter) to context logs
2022-10-04 13:27:13,295 [Listener at 127.0.0.1/42745] INFO  http.HttpServer2 (HttpServer2.java:bindListener(1248)) - Jetty bound to port 38895
2022-10-04 13:27:13,295 [Listener at 127.0.0.1/42745] INFO  server.Server (Server.java:doStart(375)) - jetty-9.4.43.v20210629; built: 2021-06-30T11:07:22.254Z; git: 526006ecfa3af7f1a27ef3a288e2bef7ea9dd7e8; jvm 1.8.0_345-b01
2022-10-04 13:27:13,303 [Listener at 127.0.0.1/42745] INFO  server.session (DefaultSessionIdManager.java:doStart(334)) - DefaultSessionIdManager workerName=node0
2022-10-04 13:27:13,303 [Listener at 127.0.0.1/42745] INFO  server.session (DefaultSessionIdManager.java:doStart(339)) - No SessionScavenger set, using defaults
2022-10-04 13:27:13,303 [Listener at 127.0.0.1/42745] INFO  server.session (HouseKeeper.java:startScavenging(132)) - node0 Scavenging every 600000ms
2022-10-04 13:27:13,305 [Listener at 127.0.0.1/42745] INFO  handler.ContextHandler (ContextHandler.java:doStart(915)) - Started o.e.j.s.ServletContextHandler@23e7eb1d{logs,/logs,file:///home/runner/work/ozone/ozone/hadoop-ozone/integration-test/target/log,AVAILABLE}
2022-10-04 13:27:13,305 [Listener at 127.0.0.1/42745] INFO  handler.ContextHandler (ContextHandler.java:doStart(915)) - Started o.e.j.s.ServletContextHandler@37841334{static,/static,file:///home/runner/work/ozone/ozone/hadoop-ozone/integration-test/target/test-classes/webapps/static,AVAILABLE}
2022-10-04 13:27:13,320 [Listener at 127.0.0.1/42745] INFO  handler.ContextHandler (ContextHandler.java:doStart(915)) - Started o.e.j.w.WebAppContext@1a162a52{ozoneManager,/,file:///home/runner/work/ozone/ozone/hadoop-ozone/integration-test/target/test-classes/webapps/ozoneManager/,AVAILABLE}{file:/home/runner/work/ozone/ozone/hadoop-ozone/integration-test/target/test-classes/webapps/ozoneManager}
2022-10-04 13:27:13,321 [Listener at 127.0.0.1/42745] INFO  server.AbstractConnector (AbstractConnector.java:doStart(331)) - Started ServerConnector@7127062a{HTTP/1.1, (http/1.1)}{0.0.0.0:38895}
2022-10-04 13:27:13,322 [Listener at 127.0.0.1/42745] INFO  server.Server (Server.java:doStart(415)) - Started @106063ms
2022-10-04 13:27:13,322 [Listener at 127.0.0.1/42745] WARN  impl.MetricsSystemImpl (MetricsSystemImpl.java:register(279)) - Sink prometheus already exists!
2022-10-04 13:27:13,322 [Listener at 127.0.0.1/42745] INFO  http.BaseHttpServer (BaseHttpServer.java:updateConnectorAddress(333)) - HTTP server of ozoneManager listening at http://0.0.0.0:38895
2022-10-04 13:27:13,322 [IPC Server Responder] INFO  ipc.Server (Server.java:run(1507)) - IPC Server Responder: starting
2022-10-04 13:27:13,325 [IPC Server listener on 42745] INFO  ipc.Server (Server.java:run(1344)) - IPC Server listener on 42745: starting
2022-10-04 13:27:13,342 [Listener at 127.0.0.1/42745] INFO  om.OzoneManager (OzoneManager.java:startTrashEmptier(1921)) - Trash Interval set to 0. Files deleted won't move to trash
2022-10-04 13:27:13,343 [Listener at 127.0.0.1/42745] INFO  ozone.MiniOzoneHAClusterImpl (MiniOzoneHAClusterImpl.java:createOMService(527)) - Started OzoneManager omNode-2 RPC server at localhost/127.0.0.1:42745
2022-10-04 13:27:13,343 [Listener at 127.0.0.1/42745] INFO  ha.OMHANodeDetails (OMHANodeDetails.java:loadOMHAConfig(121)) - ServiceID for OzoneManager is om-service-test1
2022-10-04 13:27:13,344 [Listener at 127.0.0.1/42745] INFO  ha.OMHANodeDetails (OMHANodeDetails.java:loadOMHAConfig(201)) - Found matching OM address with OMServiceId: om-service-test1, OMNodeId: omNode-3, RPC Address: localhost:45925 and Ratis port: 39257
2022-10-04 13:27:13,344 [Listener at 127.0.0.1/42745] INFO  ha.OMHANodeDetails (ConfUtils.java:setNodeSpecificConfigs(97)) - Setting configuration key ozone.om.http-address with value of key ozone.om.http-address.om-service-test1.omNode-3: 127.0.0.1:35885
2022-10-04 13:27:13,344 [Listener at 127.0.0.1/42745] INFO  ha.OMHANodeDetails (ConfUtils.java:setNodeSpecificConfigs(97)) - Setting configuration key ozone.om.https-address with value of key ozone.om.https-address.om-service-test1.omNode-3: 127.0.0.1:41907
2022-10-04 13:27:13,344 [Listener at 127.0.0.1/42745] INFO  ha.OMHANodeDetails (ConfUtils.java:setNodeSpecificConfigs(97)) - Setting configuration key ozone.om.address with value of key ozone.om.address.om-service-test1.omNode-3: 127.0.0.1:45925
2022-10-04 13:27:13,344 [Listener at 127.0.0.1/42745] WARN  server.ServerUtils (ServerUtils.java:getDBPath(225)) - ozone.om.db.dirs is not configured. We recommend adding this setting. Falling back to ozone.metadata.dirs instead.
2022-10-04 13:27:13,353 [Listener at 127.0.0.1/42745] INFO  proxy.SCMBlockLocationFailoverProxyProvider (SCMBlockLocationFailoverProxyProvider.java:<init>(114)) - Created block location fail-over proxy with 1 nodes: [nodeId=scmNodeId,nodeAddress=/0.0.0.0:46607]
2022-10-04 13:27:13,361 [org.apache.hadoop.util.JvmPauseMonitor$Monitor@12b4f3a6] INFO  util.JvmPauseMonitor (JvmPauseMonitor.java:run(188)) - Starting JVM pause monitor
OM initialization succeeded.Current cluster id for sd=/home/runner/work/ozone/ozone/hadoop-ozone/integration-test/target/test-dir/MiniOzoneClusterImpl-cea6a548-c63a-4656-97b3-0431a0c2d519/omNode-3/om;cid=cea6a548-c63a-4656-97b3-0431a0c2d519;layoutVersion=3
2022-10-04 13:27:13,376 [Listener at 127.0.0.1/42745] INFO  ha.OMHANodeDetails (OMHANodeDetails.java:loadOMHAConfig(121)) - ServiceID for OzoneManager is om-service-test1
2022-10-04 13:27:13,377 [Listener at 127.0.0.1/42745] INFO  ha.OMHANodeDetails (OMHANodeDetails.java:loadOMHAConfig(201)) - Found matching OM address with OMServiceId: om-service-test1, OMNodeId: omNode-3, RPC Address: localhost:45925 and Ratis port: 39257
2022-10-04 13:27:13,377 [Listener at 127.0.0.1/42745] INFO  ha.OMHANodeDetails (ConfUtils.java:setNodeSpecificConfigs(97)) - Setting configuration key ozone.om.http-address with value of key ozone.om.http-address.om-service-test1.omNode-3: 127.0.0.1:35885
2022-10-04 13:27:13,377 [Listener at 127.0.0.1/42745] INFO  ha.OMHANodeDetails (ConfUtils.java:setNodeSpecificConfigs(97)) - Setting configuration key ozone.om.https-address with value of key ozone.om.https-address.om-service-test1.omNode-3: 127.0.0.1:41907
2022-10-04 13:27:13,378 [Listener at 127.0.0.1/42745] INFO  ha.OMHANodeDetails (ConfUtils.java:setNodeSpecificConfigs(97)) - Setting configuration key ozone.om.address with value of key ozone.om.address.om-service-test1.omNode-3: 127.0.0.1:45925
2022-10-04 13:27:13,378 [Listener at 127.0.0.1/42745] WARN  server.ServerUtils (ServerUtils.java:getDBPath(225)) - ozone.om.db.dirs is not configured. We recommend adding this setting. Falling back to ozone.metadata.dirs instead.
2022-10-04 13:27:13,378 [Listener at 127.0.0.1/42745] INFO  upgrade.AbstractLayoutVersionManager (AbstractLayoutVersionManager.java:init(83)) - Initializing Layout version manager with metadata layout = MULTITENANCY_SCHEMA (version = 3), software layout = MULTITENANCY_SCHEMA (version = 3)
2022-10-04 13:27:13,574 [EndpointStateMachine task thread for /0.0.0.0:41361 - 0 ] INFO  ipc.Client (Client.java:handleConnectionFailure(977)) - Retrying connect to server: 0.0.0.0/0.0.0.0:41361. Already tried 7 time(s); retry policy is RetryUpToMaximumCountWithFixedSleep(maxRetries=15, sleepTime=1000 MILLISECONDS)
2022-10-04 13:27:13,601 [Listener at 127.0.0.1/42745] INFO  reflections.Reflections (Reflections.java:scan(232)) - Reflections took 222 ms to scan 2 urls, producing 154 keys and 428 values [using 2 cores]
2022-10-04 13:27:13,602 [Listener at 127.0.0.1/42745] INFO  upgrade.OMLayoutVersionManager (OMLayoutVersionManager.java:lambda$0(115)) - Skipping Upgrade Action MockOmUpgradeAction since it has been finalized.
2022-10-04 13:27:13,602 [Listener at 127.0.0.1/42745] WARN  server.ServerUtils (ServerUtils.java:getDBPath(225)) - ozone.om.db.dirs is not configured. We recommend adding this setting. Falling back to ozone.metadata.dirs instead.
2022-10-04 13:27:13,603 [Listener at 127.0.0.1/42745] INFO  proxy.SCMBlockLocationFailoverProxyProvider (SCMBlockLocationFailoverProxyProvider.java:<init>(114)) - Created block location fail-over proxy with 1 nodes: [nodeId=scmNodeId,nodeAddress=/0.0.0.0:46607]
2022-10-04 13:27:13,611 [Listener at 127.0.0.1/42745] INFO  proxy.SCMBlockLocationFailoverProxyProvider (SCMBlockLocationFailoverProxyProvider.java:<init>(114)) - Created block location fail-over proxy with 1 nodes: [nodeId=scmNodeId,nodeAddress=/0.0.0.0:46607]
2022-10-04 13:27:13,628 [Listener at 127.0.0.1/42745] WARN  server.ServerUtils (ServerUtils.java:getDBPath(225)) - ozone.om.db.dirs is not configured. We recommend adding this setting. Falling back to ozone.metadata.dirs instead.
2022-10-04 13:27:13,629 [Listener at 127.0.0.1/42745] INFO  codec.OmKeyInfoCodec (OmKeyInfoCodec.java:<init>(49)) - OmKeyInfoCodec ignorePipeline = true
2022-10-04 13:27:13,629 [Listener at 127.0.0.1/42745] INFO  codec.RepeatedOmKeyInfoCodec (RepeatedOmKeyInfoCodec.java:<init>(41)) - RepeatedOmKeyInfoCodec ignorePipeline = true
2022-10-04 13:27:13,922 [omNode-1@group-523986131536-FollowerState] INFO  impl.FollowerState (FollowerState.java:run(143)) - omNode-1@group-523986131536-FollowerState: change to CANDIDATE, lastRpcElapsedTime:1093709236ns, electionTimeout:1086ms
2022-10-04 13:27:13,922 [omNode-1@group-523986131536-FollowerState] INFO  impl.RoleInfo (RoleInfo.java:shutdownFollowerState(110)) - omNode-1: shutdown omNode-1@group-523986131536-FollowerState
2022-10-04 13:27:13,922 [omNode-1@group-523986131536-FollowerState] INFO  server.RaftServer$Division (RaftServerImpl.java:setRole(299)) - omNode-1@group-523986131536: changes role from  FOLLOWER to CANDIDATE at term 1 for changeToCandidate
2022-10-04 13:27:13,922 [omNode-1@group-523986131536-FollowerState] INFO  server.RaftServerConfigKeys (ConfUtils.java:logGet(46)) - raft.server.leaderelection.pre-vote = false (custom)
2022-10-04 13:27:13,922 [omNode-1@group-523986131536-FollowerState] INFO  impl.RoleInfo (RoleInfo.java:updateAndGet(139)) - omNode-1: start omNode-1@group-523986131536-LeaderElection43
2022-10-04 13:27:13,945 [Listener at 127.0.0.1/42745] INFO  om.OzoneManager (OzoneManager.java:instantiateServices(710)) - S3 Multi-Tenancy is disabled
2022-10-04 13:27:13,946 [Listener at 127.0.0.1/42745] INFO  om.OzoneManager (OzoneManager.java:addS3GVolumeToDB(4325)) - Created Volume s3v With Owner runner required for S3Gateway operations.
2022-10-04 13:27:13,947 [Listener at 127.0.0.1/42745] WARN  server.ServerUtils (ServerUtils.java:getDefaultRatisDirectory(237)) - Storage directory for Ratis is not configured. It is a good idea to map this to an SSD disk. Falling back to ozone.metadata.dirs
2022-10-04 13:27:13,947 [Listener at 127.0.0.1/42745] WARN  utils.OzoneManagerRatisUtils (OzoneManagerRatisUtils.java:getOMRatisSnapshotDirectory(434)) - ozone.om.ratis.snapshot.dir is not configured. Falling back to ozone.metadata.dirs config
2022-10-04 13:27:13,947 [Listener at 127.0.0.1/42745] INFO  snapshot.OzoneManagerSnapshotProvider (OzoneManagerSnapshotProvider.java:<init>(76)) - Initializing OM Snapshot Provider
2022-10-04 13:27:13,948 [Listener at 127.0.0.1/42745] WARN  impl.MetricRegistriesImpl (MetricRegistriesImpl.java:addReporterRegistration(111)) - New reporters are added after registries were created. Some metrics will be missing from the reporter. Please add reporter before adding any new registry.
2022-10-04 13:27:13,949 [Listener at 127.0.0.1/42745] WARN  impl.MetricRegistriesImpl (MetricRegistriesImpl.java:addReporterRegistration(111)) - New reporters are added after registries were created. Some metrics will be missing from the reporter. Please add reporter before adding any new registry.
2022-10-04 13:27:13,949 [Listener at 127.0.0.1/42745] WARN  server.ServerUtils (ServerUtils.java:getDefaultRatisDirectory(237)) - Storage directory for Ratis is not configured. It is a good idea to map this to an SSD disk. Falling back to ozone.metadata.dirs
2022-10-04 13:27:13,950 [omNode-1@group-523986131536-LeaderElection43] INFO  impl.LeaderElection (LeaderElection.java:askForVotes(310)) - omNode-1@group-523986131536-LeaderElection43 ELECTION round 0: submit vote requests at term 2 for -1: [omNode-3|rpc:localhost:39257|priority:0, omNode-1|rpc:localhost:41223|priority:0, omNode-2|rpc:localhost:37087|priority:0], old=null
2022-10-04 13:27:13,953 [Listener at 127.0.0.1/42745] INFO  ratis.OzoneManagerRatisServer (OzoneManagerRatisServer.java:<init>(160)) - Instantiating OM Ratis server with groupID: om-service-test1 and peers: localhost:39257, localhost:41223, localhost:37087
2022-10-04 13:27:13,954 [Listener at 127.0.0.1/42745] INFO  ratis.OzoneManagerStateMachine (OzoneManagerStateMachine.java:loadSnapshotInfoFromDB(632)) - LastAppliedIndex is set from TransactionInfo from OM DB as (t:0, i:~)
2022-10-04 13:27:13,957 [Listener at 127.0.0.1/42745] INFO  server.RaftServer (ConfUtils.java:logGet(46)) - raft.rpc.type = GRPC (default)
2022-10-04 13:27:13,958 [Listener at 127.0.0.1/42745] INFO  grpc.GrpcFactory (GrpcFactory.java:checkPooledByteBufAllocatorUseCacheForAllThreads(48)) - PERFORMANCE WARNING: useCacheForAllThreads is true that may cause Netty to create a lot garbage objects and, as a result, trigger GC.
	It is recommended to disable useCacheForAllThreads by setting -Dorg.apache.ratis.thirdparty.io.netty.allocator.useCacheForAllThreads=false in command line.
2022-10-04 13:27:13,958 [Listener at 127.0.0.1/42745] INFO  grpc.GrpcConfigKeys (ConfUtils.java:logGet(46)) - raft.grpc.admin.port = -1 (default)
2022-10-04 13:27:13,958 [Listener at 127.0.0.1/42745] INFO  grpc.GrpcConfigKeys (ConfUtils.java:logGet(46)) - raft.grpc.server.port = 39257 (custom)
2022-10-04 13:27:13,958 [Listener at 127.0.0.1/42745] INFO  grpc.GrpcConfigKeys (ConfUtils.java:logGet(46)) - raft.grpc.client.port = -1 (default)
2022-10-04 13:27:13,958 [Listener at 127.0.0.1/42745] INFO  grpc.GrpcConfigKeys (ConfUtils.java:logGet(46)) - raft.grpc.server.port = 39257 (custom)
2022-10-04 13:27:13,958 [Listener at 127.0.0.1/42745] INFO  grpc.GrpcConfigKeys (ConfUtils.java:logGet(46)) - raft.grpc.server.port = 39257 (custom)
2022-10-04 13:27:13,959 [Listener at 127.0.0.1/42745] INFO  server.GrpcService (ConfUtils.java:logGet(46)) - raft.grpc.message.size.max = 33554432 (custom)
2022-10-04 13:27:13,959 [Listener at 127.0.0.1/42745] INFO  server.RaftServerConfigKeys (ConfUtils.java:logGet(46)) - raft.server.log.appender.buffer.byte-limit = 33554432 (custom)
2022-10-04 13:27:13,959 [Listener at 127.0.0.1/42745] INFO  server.GrpcService (ConfUtils.java:logGet(46)) - raft.grpc.flow.control.window = 1MB (=1048576) (default)
2022-10-04 13:27:13,959 [Listener at 127.0.0.1/42745] INFO  server.RaftServerConfigKeys (ConfUtils.java:logGet(46)) - raft.server.rpc.request.timeout = 3000ms (default)
2022-10-04 13:27:13,959 [Listener at 127.0.0.1/42745] INFO  grpc.GrpcConfigKeys (ConfUtils.java:logGet(46)) - raft.grpc.server.async.request.thread.pool.cached = true (default)
2022-10-04 13:27:13,960 [Listener at 127.0.0.1/42745] INFO  grpc.GrpcConfigKeys (ConfUtils.java:logGet(46)) - raft.grpc.server.async.request.thread.pool.size = 32 (default)
2022-10-04 13:27:13,961 [Listener at 127.0.0.1/42745] INFO  impl.DataStreamServerImpl (ConfUtils.java:logGet(46)) - raft.datastream.type = DISABLED (default)
2022-10-04 13:27:13,961 [Listener at 127.0.0.1/42745] INFO  server.RaftServerConfigKeys (ConfUtils.java:logGet(46)) - raft.server.threadpool.proxy.cached = true (default)
2022-10-04 13:27:13,962 [Listener at 127.0.0.1/42745] INFO  server.RaftServerConfigKeys (ConfUtils.java:logGet(46)) - raft.server.threadpool.proxy.size = 0 (default)
2022-10-04 13:27:13,962 [Listener at 127.0.0.1/42745] INFO  server.RaftServerConfigKeys (ConfUtils.java:logGet(46)) - raft.server.rpc.slowness.timeout = 2s (custom)
2022-10-04 13:27:13,962 [Listener at 127.0.0.1/42745] INFO  server.RaftServerConfigKeys (ConfUtils.java:logGet(46)) - raft.server.leaderelection.leader.step-down.wait-time = 10s (default)
2022-10-04 13:27:13,962 [Listener at 127.0.0.1/42745] INFO  server.RaftServerConfigKeys (ConfUtils.java:logGet(46)) - raft.server.storage.dir = [/home/runner/work/ozone/ozone/hadoop-ozone/integration-test/target/test-dir/MiniOzoneClusterImpl-cea6a548-c63a-4656-97b3-0431a0c2d519/omNode-3/ratis] (custom)
2022-10-04 13:27:13,969 [omNode-1@group-523986131536-LeaderElection43] INFO  impl.LeaderElection (LogUtils.java:infoOrTrace(137)) - omNode-1@group-523986131536-LeaderElection43 got exception when requesting votes: java.util.concurrent.ExecutionException: org.apache.ratis.thirdparty.io.grpc.StatusRuntimeException: UNAVAILABLE: io exception
2022-10-04 13:27:13,970 [Listener at 127.0.0.1/42745] INFO  server.RaftServer (RaftServerProxy.java:addNew(96)) - omNode-3: addNew group-523986131536:[omNode-3|rpc:localhost:39257|priority:0, omNode-1|rpc:localhost:41223|priority:0, omNode-2|rpc:localhost:37087|priority:0] returns group-523986131536:java.util.concurrent.CompletableFuture@442de1af[Not completed]
2022-10-04 13:27:13,970 [Listener at 127.0.0.1/42745] INFO  om.OzoneManager (OzoneManager.java:initializeRatisServer(1977)) - OzoneManager Ratis server initialized at port 39257
2022-10-04 13:27:13,971 [Listener at 127.0.0.1/42745] INFO  om.OzoneManager (OzoneManager.java:getRpcServer(1100)) - Creating RPC Server
2022-10-04 13:27:13,973 [pool-543-thread-1] INFO  server.RaftServer$Division (RaftServerImpl.java:<init>(190)) - omNode-3: new RaftServerImpl for group-523986131536:[omNode-3|rpc:localhost:39257|priority:0, omNode-1|rpc:localhost:41223|priority:0, omNode-2|rpc:localhost:37087|priority:0] with OzoneManagerStateMachine:uninitialized
2022-10-04 13:27:13,973 [pool-543-thread-1] INFO  server.RaftServerConfigKeys (ConfUtils.java:logGet(46)) - raft.server.rpc.timeout.min = 1s (custom)
2022-10-04 13:27:13,973 [pool-543-thread-1] INFO  server.RaftServerConfigKeys (ConfUtils.java:logGet(46)) - raft.server.rpc.timeout.max = 1200ms (custom)
2022-10-04 13:27:13,974 [pool-543-thread-1] INFO  server.RaftServerConfigKeys (ConfUtils.java:logGet(46)) - raft.server.rpc.sleep.time = 25ms (default)
2022-10-04 13:27:13,974 [pool-543-thread-1] INFO  server.RaftServerConfigKeys (ConfUtils.java:logGet(46)) - raft.server.rpc.slowness.timeout = 2s (custom)
2022-10-04 13:27:13,974 [pool-543-thread-1] INFO  server.RaftServerConfigKeys (ConfUtils.java:logGet(46)) - raft.server.leaderelection.leader.step-down.wait-time = 10s (default)
2022-10-04 13:27:13,974 [pool-543-thread-1] INFO  server.RaftServerConfigKeys (ConfUtils.java:logGet(46)) - raft.server.sleep.deviation.threshold = 300ms (default)
2022-10-04 13:27:13,974 [pool-543-thread-1] INFO  server.RaftServer$Division (ServerState.java:<init>(107)) - omNode-3@group-523986131536: ConfigurationManager, init=-1: [omNode-3|rpc:localhost:39257|priority:0, omNode-1|rpc:localhost:41223|priority:0, omNode-2|rpc:localhost:37087|priority:0], old=null, confs=<EMPTY_MAP>
2022-10-04 13:27:13,974 [pool-543-thread-1] INFO  server.RaftServerConfigKeys (ConfUtils.java:logGet(46)) - raft.server.storage.dir = [/home/runner/work/ozone/ozone/hadoop-ozone/integration-test/target/test-dir/MiniOzoneClusterImpl-cea6a548-c63a-4656-97b3-0431a0c2d519/omNode-3/ratis] (custom)
2022-10-04 13:27:13,974 [pool-543-thread-1] INFO  server.RaftServerConfigKeys (ConfUtils.java:logGet(46)) - raft.server.log.corruption.policy = EXCEPTION (default)
2022-10-04 13:27:13,974 [pool-543-thread-1] INFO  server.RaftServerConfigKeys (ConfUtils.java:logGet(46)) - raft.server.storage.free-space.min = 0MB (=0) (default)
2022-10-04 13:27:13,974 [pool-543-thread-1] INFO  storage.RaftStorageDirectory (RaftStorageDirectoryImpl.java:analyzeStorage(135)) - The storage directory /home/runner/work/ozone/ozone/hadoop-ozone/integration-test/target/test-dir/MiniOzoneClusterImpl-cea6a548-c63a-4656-97b3-0431a0c2d519/omNode-3/ratis/c9bc4cf4-3bc3-3c60-a66b-523986131536 does not exist. Creating ...
2022-10-04 13:27:13,976 [grpc-default-executor-4] INFO  server.RaftServer$Division (RaftServerImpl.java:requestVote(1152)) - omNode-2@group-523986131536: receive requestVote(ELECTION, omNode-1, group-523986131536, 2, (t:0, i:~))
2022-10-04 13:27:13,976 [grpc-default-executor-4] INFO  impl.VoteContext (VoteContext.java:log(48)) - omNode-2@group-523986131536-FOLLOWER: accept ELECTION from omNode-1: our priority 0 <= candidate's priority 0
2022-10-04 13:27:13,976 [grpc-default-executor-4] INFO  server.RaftServer$Division (RaftServerImpl.java:setRole(299)) - omNode-2@group-523986131536: changes role from  FOLLOWER to FOLLOWER at term 2 for candidate:omNode-1
2022-10-04 13:27:13,976 [grpc-default-executor-4] INFO  impl.RoleInfo (RoleInfo.java:shutdownFollowerState(110)) - omNode-2: shutdown omNode-2@group-523986131536-FollowerState
2022-10-04 13:27:13,979 [pool-543-thread-1] INFO  storage.RaftStorageDirectory (RaftStorageDirectoryImpl.java:tryLock(230)) - Lock on /home/runner/work/ozone/ozone/hadoop-ozone/integration-test/target/test-dir/MiniOzoneClusterImpl-cea6a548-c63a-4656-97b3-0431a0c2d519/omNode-3/ratis/c9bc4cf4-3bc3-3c60-a66b-523986131536/in_use.lock acquired by nodename 42070@fv-az573-645
2022-10-04 13:27:13,980 [grpc-default-executor-4] INFO  impl.RoleInfo (RoleInfo.java:updateAndGet(139)) - omNode-2: start omNode-2@group-523986131536-FollowerState
2022-10-04 13:27:13,981 [omNode-2@group-523986131536-FollowerState] INFO  impl.FollowerState (FollowerState.java:run(152)) - omNode-2@group-523986131536-FollowerState was interrupted
2022-10-04 13:27:13,981 [pool-543-thread-1] INFO  storage.RaftStorage (RaftStorageImpl.java:format(89)) - Storage directory /home/runner/work/ozone/ozone/hadoop-ozone/integration-test/target/test-dir/MiniOzoneClusterImpl-cea6a548-c63a-4656-97b3-0431a0c2d519/omNode-3/ratis/c9bc4cf4-3bc3-3c60-a66b-523986131536 has been successfully formatted.
2022-10-04 13:27:13,985 [pool-543-thread-1] INFO  server.RaftServerConfigKeys (ConfUtils.java:logGet(46)) - raft.server.notification.no-leader.timeout = 2s (custom)
2022-10-04 13:27:13,985 [pool-543-thread-1] INFO  server.RaftServerConfigKeys (ConfUtils.java:logGet(46)) - raft.server.log.use.memory = false (default)
2022-10-04 13:27:13,986 [pool-543-thread-1] INFO  server.RaftServerConfigKeys (ConfUtils.java:logGet(46)) - raft.server.log.purge.gap = 50 (custom)
2022-10-04 13:27:13,986 [pool-543-thread-1] INFO  server.RaftServerConfigKeys (ConfUtils.java:logGet(46)) - raft.server.log.appender.buffer.byte-limit = 33554432 (custom)
2022-10-04 13:27:13,986 [pool-543-thread-1] INFO  server.RaftServerConfigKeys (ConfUtils.java:logGet(46)) - raft.server.log.statemachine.data.read.timeout = 1000ms (default)
2022-10-04 13:27:13,986 [pool-543-thread-1] INFO  server.RaftServerConfigKeys (ConfUtils.java:logGet(46)) - raft.server.log.segment.size.max = 4194304 (custom)
2022-10-04 13:27:13,986 [pool-543-thread-1] INFO  server.RaftServerConfigKeys (ConfUtils.java:logGet(46)) - raft.server.log.segment.cache.num.max = 2 (custom)
2022-10-04 13:27:13,986 [pool-543-thread-1] INFO  server.RaftServerConfigKeys (ConfUtils.java:logGet(46)) - raft.server.log.segment.cache.size.max = 200MB (=209715200) (default)
2022-10-04 13:27:13,986 [pool-543-thread-1] INFO  segmented.SegmentedRaftLogWorker (SegmentedRaftLogWorker.java:<init>(187)) - new omNode-3@group-523986131536-SegmentedRaftLogWorker for RaftStorageImpl:Storage Directory /home/runner/work/ozone/ozone/hadoop-ozone/integration-test/target/test-dir/MiniOzoneClusterImpl-cea6a548-c63a-4656-97b3-0431a0c2d519/omNode-3/ratis/c9bc4cf4-3bc3-3c60-a66b-523986131536
2022-10-04 13:27:13,986 [pool-543-thread-1] INFO  server.RaftServerConfigKeys (ConfUtils.java:logGet(46)) - raft.server.log.queue.byte-limit = 64MB (=67108864) (default)
2022-10-04 13:27:13,986 [pool-543-thread-1] INFO  server.RaftServerConfigKeys (ConfUtils.java:logGet(46)) - raft.server.log.queue.element-limit = 4096 (default)
2022-10-04 13:27:13,986 [pool-543-thread-1] INFO  server.RaftServerConfigKeys (ConfUtils.java:logGet(46)) - raft.server.log.segment.size.max = 4194304 (custom)
2022-10-04 13:27:13,986 [pool-543-thread-1] INFO  server.RaftServerConfigKeys (ConfUtils.java:logGet(46)) - raft.server.log.preallocated.size = 4194304 (custom)
2022-10-04 13:27:13,986 [pool-543-thread-1] INFO  server.RaftServerConfigKeys (ConfUtils.java:logGet(46)) - raft.server.log.force.sync.num = 128 (default)
2022-10-04 13:27:13,986 [pool-543-thread-1] INFO  server.RaftServerConfigKeys (ConfUtils.java:logGet(46)) - raft.server.log.statemachine.data.sync = true (default)
2022-10-04 13:27:13,989 [pool-543-thread-1] INFO  server.RaftServerConfigKeys (ConfUtils.java:logGet(46)) - raft.server.log.statemachine.data.sync.timeout = 10s (default)
2022-10-04 13:27:13,989 [pool-543-thread-1] INFO  server.RaftServerConfigKeys (ConfUtils.java:logGet(46)) - raft.server.log.statemachine.data.sync.timeout.retry = -1 (default)
2022-10-04 13:27:13,993 [pool-543-thread-1] INFO  server.RaftServerConfigKeys (ConfUtils.java:logGet(46)) - raft.server.log.write.buffer.size = 64KB (=65536) (default)
2022-10-04 13:27:13,993 [pool-543-thread-1] INFO  server.RaftServerConfigKeys (ConfUtils.java:logGet(46)) - raft.server.log.unsafe-flush.enabled = false (default)
2022-10-04 13:27:13,993 [pool-543-thread-1] INFO  server.RaftServerConfigKeys (ConfUtils.java:logGet(46)) - raft.server.log.statemachine.data.caching.enabled = false (default)
2022-10-04 13:27:14,002 [pool-543-thread-1] INFO  segmented.SegmentedRaftLogWorker (SegmentedRaftLogWorker.java:lambda$new$0(135)) - omNode-3@group-523986131536-SegmentedRaftLogWorker: flushIndex: setUnconditionally 0 -> -1
2022-10-04 13:27:14,002 [pool-543-thread-1] INFO  segmented.SegmentedRaftLogWorker (SegmentedRaftLogWorker.java:lambda$new$0(135)) - omNode-3@group-523986131536-SegmentedRaftLogWorker: safeCacheEvictIndex: setUnconditionally 0 -> -1
2022-10-04 13:27:14,002 [pool-543-thread-1] INFO  server.RaftServerConfigKeys (ConfUtils.java:logGet(46)) - raft.server.snapshot.auto.trigger.enabled = true (custom)
2022-10-04 13:27:14,003 [pool-543-thread-1] INFO  server.RaftServerConfigKeys (ConfUtils.java:logGet(46)) - raft.server.snapshot.auto.trigger.threshold = 50 (custom)
2022-10-04 13:27:14,003 [pool-543-thread-1] INFO  server.RaftServerConfigKeys (ConfUtils.java:logGet(46)) - raft.server.snapshot.retention.file.num = -1 (default)
2022-10-04 13:27:14,003 [pool-543-thread-1] INFO  server.RaftServerConfigKeys (ConfUtils.java:logGet(46)) - raft.server.log.purge.upto.snapshot.index = true (custom)
2022-10-04 13:27:14,003 [pool-543-thread-1] INFO  server.RaftServerConfigKeys (ConfUtils.java:logGet(46)) - raft.server.retrycache.expirytime = 30000ms (custom)
2022-10-04 13:27:14,003 [pool-543-thread-1] INFO  server.RaftServerConfigKeys (ConfUtils.java:logGet(46)) - raft.server.retrycache.statistics.expirytime = 100μs (default)
2022-10-04 13:27:14,003 [pool-543-thread-1] INFO  server.RaftServerConfigKeys (ConfUtils.java:logGet(46)) - raft.server.log.appender.install.snapshot.enabled = false (custom)
2022-10-04 13:27:14,003 [pool-543-thread-1] INFO  server.RaftServerConfigKeys (ConfUtils.java:logGet(46)) - raft.server.threadpool.server.cached = true (default)
2022-10-04 13:27:14,003 [pool-543-thread-1] INFO  server.RaftServerConfigKeys (ConfUtils.java:logGet(46)) - raft.server.threadpool.server.size = 0 (default)
2022-10-04 13:27:14,003 [pool-543-thread-1] INFO  server.RaftServerConfigKeys (ConfUtils.java:logGet(46)) - raft.server.threadpool.client.cached = true (default)
2022-10-04 13:27:14,003 [pool-543-thread-1] INFO  server.RaftServerConfigKeys (ConfUtils.java:logGet(46)) - raft.server.threadpool.client.size = 0 (default)
2022-10-04 13:27:14,013 [grpc-default-executor-4] INFO  server.RaftServer$Division (RaftServerImpl.java:requestVote(1184)) - omNode-2@group-523986131536 replies to ELECTION vote request: omNode-1<-omNode-2#0:OK-t2. Peer's state: omNode-2@group-523986131536:t2, leader=null, voted=omNode-1, raftlog=omNode-2@group-523986131536-SegmentedRaftLog:OPENED:c-1, conf=-1: [omNode-3|rpc:localhost:39257|priority:0, omNode-1|rpc:localhost:41223|priority:0, omNode-2|rpc:localhost:37087|priority:0], old=null
2022-10-04 13:27:14,015 [omNode-1@group-523986131536-LeaderElection43] INFO  impl.LeaderElection (LeaderElection.java:logAndReturn(90)) - omNode-1@group-523986131536-LeaderElection43: ELECTION PASSED received 1 response(s) and 1 exception(s):
2022-10-04 13:27:14,015 [omNode-1@group-523986131536-LeaderElection43] INFO  impl.LeaderElection (LeaderElection.java:logAndReturn(94)) -   Response 0: omNode-1<-omNode-2#0:OK-t2
2022-10-04 13:27:14,015 [omNode-1@group-523986131536-LeaderElection43] INFO  impl.LeaderElection (LogUtils.java:infoOrTrace(137)) -   Exception 1: java.util.concurrent.ExecutionException: org.apache.ratis.thirdparty.io.grpc.StatusRuntimeException: UNAVAILABLE: io exception
2022-10-04 13:27:14,015 [omNode-1@group-523986131536-LeaderElection43] INFO  impl.LeaderElection (LeaderElection.java:askForVotes(312)) - omNode-1@group-523986131536-LeaderElection43 ELECTION round 0: result PASSED
2022-10-04 13:27:14,015 [omNode-1@group-523986131536-LeaderElection43] INFO  impl.RoleInfo (RoleInfo.java:shutdownLeaderElection(130)) - omNode-1: shutdown omNode-1@group-523986131536-LeaderElection43
2022-10-04 13:27:14,015 [omNode-1@group-523986131536-LeaderElection43] INFO  server.RaftServer$Division (RaftServerImpl.java:setRole(299)) - omNode-1@group-523986131536: changes role from CANDIDATE to LEADER at term 2 for changeToLeader
2022-10-04 13:27:14,015 [omNode-1@group-523986131536-LeaderElection43] INFO  server.RaftServer$Division (ServerState.java:setLeader(287)) - omNode-1@group-523986131536: change Leader from null to omNode-1 at term 2 for becomeLeader, leader elected after 3256ms
2022-10-04 13:27:14,015 [omNode-1@group-523986131536-LeaderElection43] INFO  server.RaftServerConfigKeys (ConfUtils.java:logGet(46)) - raft.server.staging.catchup.gap = 1000 (default)
2022-10-04 13:27:14,015 [omNode-1@group-523986131536-LeaderElection43] INFO  server.RaftServerConfigKeys (ConfUtils.java:logGet(46)) - raft.server.write.element-limit = 4096 (default)
2022-10-04 13:27:14,015 [omNode-1@group-523986131536-LeaderElection43] INFO  server.RaftServerConfigKeys (ConfUtils.java:logGet(46)) - raft.server.write.byte-limit = 64MB (=67108864) (default)
2022-10-04 13:27:14,016 [omNode-1@group-523986131536-LeaderElection43] INFO  server.RaftServerConfigKeys (ConfUtils.java:logGet(46)) - raft.server.watch.timeout = 10s (default)
2022-10-04 13:27:14,016 [omNode-1@group-523986131536-LeaderElection43] INFO  server.RaftServerConfigKeys (ConfUtils.java:logGet(46)) - raft.server.watch.timeout.denomination = 1s (default)
2022-10-04 13:27:14,016 [omNode-1@group-523986131536-LeaderElection43] INFO  server.RaftServerConfigKeys (ConfUtils.java:logGet(46)) - raft.server.watch.element-limit = 65536 (default)
2022-10-04 13:27:14,016 [omNode-1@group-523986131536-LeaderElection43] INFO  server.RaftServerConfigKeys (ConfUtils.java:logGet(46)) - raft.server.write.element-limit = 4096 (default)
2022-10-04 13:27:14,016 [omNode-1@group-523986131536-LeaderElection43] INFO  server.RaftServerConfigKeys (ConfUtils.java:logGet(46)) - raft.server.write.follower.gap.ratio.max = -1.0 (default)
2022-10-04 13:27:14,017 [omNode-1@group-523986131536-LeaderElection43] INFO  server.RaftServerConfigKeys (ConfUtils.java:logGet(46)) - raft.server.log.appender.snapshot.chunk.size.max = 16MB (=16777216) (default)
2022-10-04 13:27:14,017 [omNode-1@group-523986131536-LeaderElection43] INFO  server.RaftServerConfigKeys (ConfUtils.java:logGet(46)) - raft.server.log.appender.buffer.byte-limit = 33554432 (custom)
2022-10-04 13:27:14,017 [omNode-1@group-523986131536-LeaderElection43] INFO  server.RaftServerConfigKeys (ConfUtils.java:logGet(46)) - raft.server.log.appender.buffer.element-limit = 1024 (custom)
2022-10-04 13:27:14,017 [omNode-1@group-523986131536-LeaderElection43] INFO  grpc.GrpcConfigKeys (ConfUtils.java:logGet(46)) - raft.grpc.server.leader.outstanding.appends.max = 128 (default)
2022-10-04 13:27:14,017 [omNode-1@group-523986131536-LeaderElection43] INFO  server.RaftServerConfigKeys (ConfUtils.java:logGet(46)) - raft.server.rpc.request.timeout = 3000ms (default)
2022-10-04 13:27:14,017 [omNode-1@group-523986131536-LeaderElection43] INFO  server.RaftServerConfigKeys (ConfUtils.java:logGet(46)) - raft.server.log.appender.install.snapshot.enabled = false (custom)
2022-10-04 13:27:14,018 [omNode-1@group-523986131536-LeaderElection43] INFO  server.RaftServerConfigKeys (ConfUtils.java:logGet(46)) - raft.server.log.appender.snapshot.chunk.size.max = 16MB (=16777216) (default)
2022-10-04 13:27:14,018 [omNode-1@group-523986131536-LeaderElection43] INFO  server.RaftServerConfigKeys (ConfUtils.java:logGet(46)) - raft.server.log.appender.buffer.byte-limit = 33554432 (custom)
2022-10-04 13:27:14,018 [omNode-1@group-523986131536-LeaderElection43] INFO  server.RaftServerConfigKeys (ConfUtils.java:logGet(46)) - raft.server.log.appender.buffer.element-limit = 1024 (custom)
2022-10-04 13:27:14,018 [omNode-1@group-523986131536-LeaderElection43] INFO  grpc.GrpcConfigKeys (ConfUtils.java:logGet(46)) - raft.grpc.server.leader.outstanding.appends.max = 128 (default)
2022-10-04 13:27:14,018 [omNode-1@group-523986131536-LeaderElection43] INFO  server.RaftServerConfigKeys (ConfUtils.java:logGet(46)) - raft.server.rpc.request.timeout = 3000ms (default)
2022-10-04 13:27:14,018 [omNode-1@group-523986131536-LeaderElection43] INFO  server.RaftServerConfigKeys (ConfUtils.java:logGet(46)) - raft.server.log.appender.install.snapshot.enabled = false (custom)
2022-10-04 13:27:14,019 [omNode-1@group-523986131536-LeaderElection43] INFO  impl.RoleInfo (RoleInfo.java:updateAndGet(139)) - omNode-1: start omNode-1@group-523986131536-LeaderStateImpl
2022-10-04 13:27:14,019 [omNode-1@group-523986131536-LeaderElection43] INFO  segmented.SegmentedRaftLogWorker (SegmentedRaftLogWorker.java:startLogSegment(425)) - omNode-1@group-523986131536-SegmentedRaftLogWorker: Starting segment from index:0
2022-10-04 13:27:14,034 [omNode-1@group-523986131536-SegmentedRaftLogWorker] INFO  segmented.SegmentedRaftLogWorker (SegmentedRaftLogWorker.java:execute(629)) - omNode-1@group-523986131536-SegmentedRaftLogWorker: created new log segment /home/runner/work/ozone/ozone/hadoop-ozone/integration-test/target/test-dir/MiniOzoneClusterImpl-cea6a548-c63a-4656-97b3-0431a0c2d519/omNode-1/ratis/c9bc4cf4-3bc3-3c60-a66b-523986131536/current/log_inprogress_0
2022-10-04 13:27:14,052 [grpc-default-executor-4] WARN  server.GrpcLogAppender (LogUtils.java:warn(122)) - omNode-1@group-523986131536->omNode-3-AppendLogResponseHandler: Failed appendEntries: org.apache.ratis.thirdparty.io.grpc.StatusRuntimeException: UNAVAILABLE: io exception
2022-10-04 13:27:14,053 [grpc-default-executor-4] WARN  server.GrpcLogAppender (GrpcLogAppender.java:resetClient(111)) - omNode-1@group-523986131536->omNode-3-GrpcLogAppender: Leader has not got in touch with Follower omNode-1@group-523986131536->omNode-3(c-1,m0,n0, attendVote=true, lastRpcSendTime=1236, lastRpcResponseTime=1236) yet, just keep nextIndex unchanged and retry.
2022-10-04 13:27:14,070 [grpc-default-executor-4] WARN  server.GrpcLogAppender (LogUtils.java:warn(122)) - omNode-1@group-523986131536->omNode-3-AppendLogResponseHandler: Failed appendEntries: org.apache.ratis.thirdparty.io.grpc.StatusRuntimeException: UNAVAILABLE: io exception
2022-10-04 13:27:14,070 [grpc-default-executor-4] WARN  server.GrpcLogAppender (GrpcLogAppender.java:resetClient(111)) - omNode-1@group-523986131536->omNode-3-GrpcLogAppender: Leader has not got in touch with Follower omNode-1@group-523986131536->omNode-3(c-1,m0,n1, attendVote=true, lastRpcSendTime=0, lastRpcResponseTime=1254) yet, just keep nextIndex unchanged and retry.
2022-10-04 13:27:14,072 [omNode-1@group-523986131536-LeaderElection43] INFO  server.RaftServer$Division (ServerState.java:setRaftConf(393)) - omNode-1@group-523986131536: set configuration 0: [omNode-3|rpc:localhost:39257|admin:|client:|dataStream:|priority:0, omNode-1|rpc:localhost:41223|admin:|client:|dataStream:|priority:0, omNode-2|rpc:localhost:37087|admin:|client:|dataStream:|priority:0], old=null
2022-10-04 13:27:14,073 [omNode-1@group-523986131536-StateMachineUpdater] INFO  ratis.OzoneManagerStateMachine (OzoneManagerStateMachine.java:notifyConfigurationChanged(192)) - Received Configuration change notification from Ratis. New Peer list:
[id: "omNode-3"
address: "localhost:39257"
, id: "omNode-1"
address: "localhost:41223"
, id: "omNode-2"
address: "localhost:37087"
]
2022-10-04 13:27:14,113 [omNode-2-server-thread1] INFO  server.RaftServer$Division (ServerState.java:setLeader(287)) - omNode-2@group-523986131536: change Leader from null to omNode-1 at term 2 for appendEntries, leader elected after 1731ms
2022-10-04 13:27:14,122 [omNode-2-server-thread1] INFO  server.RaftServer$Division (ServerState.java:setRaftConf(393)) - omNode-2@group-523986131536: set configuration 0: [omNode-3|rpc:localhost:39257|admin:|client:|dataStream:|priority:0, omNode-1|rpc:localhost:41223|admin:|client:|dataStream:|priority:0, omNode-2|rpc:localhost:37087|admin:|client:|dataStream:|priority:0], old=null
2022-10-04 13:27:14,122 [omNode-2-server-thread1] INFO  segmented.SegmentedRaftLogWorker (SegmentedRaftLogWorker.java:startLogSegment(425)) - omNode-2@group-523986131536-SegmentedRaftLogWorker: Starting segment from index:0
2022-10-04 13:27:14,147 [omNode-2@group-523986131536-SegmentedRaftLogWorker] INFO  segmented.SegmentedRaftLogWorker (SegmentedRaftLogWorker.java:execute(629)) - omNode-2@group-523986131536-SegmentedRaftLogWorker: created new log segment /home/runner/work/ozone/ozone/hadoop-ozone/integration-test/target/test-dir/MiniOzoneClusterImpl-cea6a548-c63a-4656-97b3-0431a0c2d519/omNode-2/ratis/c9bc4cf4-3bc3-3c60-a66b-523986131536/current/log_inprogress_0
2022-10-04 13:27:14,154 [omNode-2@group-523986131536-StateMachineUpdater] INFO  ratis.OzoneManagerStateMachine (OzoneManagerStateMachine.java:notifyConfigurationChanged(192)) - Received Configuration change notification from Ratis. New Peer list:
[id: "omNode-3"
address: "localhost:39257"
, id: "omNode-1"
address: "localhost:41223"
, id: "omNode-2"
address: "localhost:37087"
]
2022-10-04 13:27:14,329 [grpc-default-executor-4] WARN  server.GrpcLogAppender (LogUtils.java:warn(122)) - omNode-1@group-523986131536->omNode-3-AppendLogResponseHandler: Failed appendEntries: org.apache.ratis.thirdparty.io.grpc.StatusRuntimeException: UNAVAILABLE: io exception
2022-10-04 13:27:14,330 [grpc-default-executor-4] WARN  server.GrpcLogAppender (GrpcLogAppender.java:resetClient(111)) - omNode-1@group-523986131536->omNode-3-GrpcLogAppender: Leader has not got in touch with Follower omNode-1@group-523986131536->omNode-3(c-1,m0,n1, attendVote=true, lastRpcSendTime=0, lastRpcResponseTime=1513) yet, just keep nextIndex unchanged and retry.
2022-10-04 13:27:14,575 [EndpointStateMachine task thread for /0.0.0.0:41361 - 0 ] INFO  ipc.Client (Client.java:handleConnectionFailure(977)) - Retrying connect to server: 0.0.0.0/0.0.0.0:41361. Already tried 8 time(s); retry policy is RetryUpToMaximumCountWithFixedSleep(maxRetries=15, sleepTime=1000 MILLISECONDS)
2022-10-04 13:27:14,585 [grpc-default-executor-4] WARN  server.GrpcLogAppender (LogUtils.java:warn(122)) - omNode-1@group-523986131536->omNode-3-AppendLogResponseHandler: Failed appendEntries: org.apache.ratis.thirdparty.io.grpc.StatusRuntimeException: UNAVAILABLE: io exception
2022-10-04 13:27:14,586 [grpc-default-executor-4] WARN  server.GrpcLogAppender (GrpcLogAppender.java:resetClient(111)) - omNode-1@group-523986131536->omNode-3-GrpcLogAppender: Leader has not got in touch with Follower omNode-1@group-523986131536->omNode-3(c-1,m0,n1, attendVote=true, lastRpcSendTime=0, lastRpcResponseTime=1769) yet, just keep nextIndex unchanged and retry.
2022-10-04 13:27:14,838 [grpc-default-executor-4] WARN  server.GrpcLogAppender (LogUtils.java:warn(122)) - omNode-1@group-523986131536->omNode-3-AppendLogResponseHandler: Failed appendEntries: org.apache.ratis.thirdparty.io.grpc.StatusRuntimeException: UNAVAILABLE: io exception
2022-10-04 13:27:14,839 [grpc-default-executor-4] WARN  server.GrpcLogAppender (GrpcLogAppender.java:resetClient(111)) - omNode-1@group-523986131536->omNode-3-GrpcLogAppender: Leader has not got in touch with Follower omNode-1@group-523986131536->omNode-3(c-1,m0,n1, attendVote=true, lastRpcSendTime=0, lastRpcResponseTime=2022) yet, just keep nextIndex unchanged and retry.
2022-10-04 13:27:15,074 [Listener at 127.0.0.1/42745] INFO  reflections.Reflections (Reflections.java:scan(232)) - Reflections took 1102 ms to scan 19 urls, producing 67 keys and 4220 values [using 2 cores]
2022-10-04 13:27:15,075 [Listener at 127.0.0.1/42745] INFO  ipc.CallQueueManager (CallQueueManager.java:<init>(90)) - Using callQueue: class java.util.concurrent.LinkedBlockingQueue, queueCapacity: 2000, scheduler: class org.apache.hadoop.ipc.DefaultRpcScheduler, ipcBackoff: false.
2022-10-04 13:27:15,089 [Socket Reader #1 for port 45925] INFO  ipc.Server (Server.java:run(1265)) - Starting Socket Reader #1 for port 45925
2022-10-04 13:27:15,103 [grpc-default-executor-4] WARN  server.GrpcLogAppender (LogUtils.java:warn(122)) - omNode-1@group-523986131536->omNode-3-AppendLogResponseHandler: Failed appendEntries: org.apache.ratis.thirdparty.io.grpc.StatusRuntimeException: UNAVAILABLE: io exception
2022-10-04 13:27:15,104 [grpc-default-executor-4] WARN  server.GrpcLogAppender (GrpcLogAppender.java:resetClient(111)) - omNode-1@group-523986131536->omNode-3-GrpcLogAppender: Leader has not got in touch with Follower omNode-1@group-523986131536->omNode-3(c-1,m0,n1, attendVote=true, lastRpcSendTime=0, lastRpcResponseTime=2287) yet, just keep nextIndex unchanged and retry.
2022-10-04 13:27:15,159 [Listener at 127.0.0.1/45925] INFO  impl.MetricsSystemImpl (MetricsSystemImpl.java:init(158)) - OzoneManager metrics system started (again)
2022-10-04 13:27:15,180 [Listener at 127.0.0.1/45925] INFO  om.OzoneManager (OzoneManager.java:start(1484)) - OzoneManager RPC server is listening at localhost/127.0.0.1:45925
2022-10-04 13:27:15,181 [Listener at 127.0.0.1/45925] INFO  ratis.OzoneManagerRatisServer (OzoneManagerRatisServer.java:start(555)) - Starting OzoneManagerRatisServer omNode-3 at port 39257
2022-10-04 13:27:15,188 [omNode-3-impl-thread1] INFO  server.RaftServer$Division (RaftServerImpl.java:start(310)) - omNode-3@group-523986131536: start as a follower, conf=-1: [omNode-3|rpc:localhost:39257|priority:0, omNode-1|rpc:localhost:41223|priority:0, omNode-2|rpc:localhost:37087|priority:0], old=null
2022-10-04 13:27:15,189 [omNode-3-impl-thread1] INFO  server.RaftServer$Division (RaftServerImpl.java:setRole(299)) - omNode-3@group-523986131536: changes role from      null to FOLLOWER at term 0 for startAsFollower
2022-10-04 13:27:15,189 [omNode-3-impl-thread1] INFO  impl.RoleInfo (RoleInfo.java:updateAndGet(139)) - omNode-3: start omNode-3@group-523986131536-FollowerState
2022-10-04 13:27:15,193 [omNode-3-impl-thread1] ERROR util.JmxRegister (JmxRegister.java:tryRegister(40)) - Failed to register JMX Bean with name Ratis:service=RaftServer,group=group-523986131536,id=omNode-3
javax.management.InstanceAlreadyExistsException: Ratis:service=RaftServer,group=group-523986131536,id=omNode-3
	at com.sun.jmx.mbeanserver.Repository.addMBean(Repository.java:437)
	at com.sun.jmx.interceptor.DefaultMBeanServerInterceptor.registerWithRepository(DefaultMBeanServerInterceptor.java:1898)
	at com.sun.jmx.interceptor.DefaultMBeanServerInterceptor.registerDynamicMBean(DefaultMBeanServerInterceptor.java:966)
	at com.sun.jmx.interceptor.DefaultMBeanServerInterceptor.registerObject(DefaultMBeanServerInterceptor.java:900)
	at com.sun.jmx.interceptor.DefaultMBeanServerInterceptor.registerMBean(DefaultMBeanServerInterceptor.java:324)
	at com.sun.jmx.mbeanserver.JmxMBeanServer.registerMBean(JmxMBeanServer.java:522)
	at org.apache.ratis.util.JmxRegister.tryRegister(JmxRegister.java:38)
	at org.apache.ratis.util.JmxRegister.register(JmxRegister.java:56)
	at org.apache.ratis.server.impl.RaftServerImpl.registerMBean(RaftServerImpl.java:329)
	at org.apache.ratis.server.impl.RaftServerImpl.start(RaftServerImpl.java:320)
	at org.apache.ratis.util.ConcurrentUtils.lambda$null$3(ConcurrentUtils.java:162)
	at java.util.concurrent.ThreadPoolExecutor.runWorker(ThreadPoolExecutor.java:1149)
	at java.util.concurrent.ThreadPoolExecutor$Worker.run(ThreadPoolExecutor.java:624)
	at java.lang.Thread.run(Thread.java:750)
2022-10-04 13:27:15,194 [omNode-3-impl-thread1] INFO  util.JmxRegister (JmxRegister.java:tryRegister(44)) - Successfully registered JMX Bean with object name Ratis:service=RaftServer,group=group-523986131536,id="omNode-3"
2022-10-04 13:27:15,201 [Listener at 127.0.0.1/45925] INFO  server.RaftServer (RaftServerProxy.java:lambda$start$6(382)) - omNode-3: start RPC server
2022-10-04 13:27:15,229 [Listener at 127.0.0.1/45925] INFO  server.GrpcService (GrpcService.java:startImpl(260)) - omNode-3: GrpcService started, listening on 39257
2022-10-04 13:27:15,230 [Listener at 127.0.0.1/45925] INFO  om.OzoneManager (OzoneManager.java:start(1500)) - Version File has different layout version (3) than OM DB (null). That is expected if this OM has never been finalized to a newer layout version.
2022-10-04 13:27:15,230 [org.apache.ratis.util.JvmPauseMonitor$$Lambda$699/75026084@3aa39905] INFO  util.JvmPauseMonitor (JvmPauseMonitor.java:run(103)) - JvmPauseMonitor-omNode-3: Started
2022-10-04 13:27:15,233 [Listener at 127.0.0.1/45925] INFO  http.BaseHttpServer (BaseHttpServer.java:newHttpServer2BuilderForOzone(213)) - Starting Web-server for ozoneManager at: http://0.0.0.0:35885
2022-10-04 13:27:15,233 [Listener at 127.0.0.1/45925] INFO  http.BaseHttpServer (BaseHttpServer.java:<init>(108)) - Hadoop Security Enabled: false Ozone Security Enabled: false Ozone HTTP Security Enabled: false 
2022-10-04 13:27:15,235 [Listener at 127.0.0.1/45925] INFO  server.AuthenticationFilter (AuthenticationFilter.java:constructSecretProvider(240)) - Unable to initialize FileSignerSecretProvider, falling back to use random secrets.
2022-10-04 13:27:15,235 [Listener at 127.0.0.1/45925] WARN  http.HttpRequestLog (HttpRequestLog.java:getRequestLog(103)) - Jetty request log can only be enabled using Log4j
2022-10-04 13:27:15,237 [Listener at 127.0.0.1/45925] INFO  http.HttpServer2 (HttpServer2.java:addGlobalFilter(1029)) - Added global filter 'safety' (class=org.apache.hadoop.hdds.server.http.HttpServer2$QuotingInputFilter)
2022-10-04 13:27:15,237 [Listener at 127.0.0.1/45925] INFO  http.HttpServer2 (HttpServer2.java:addFilter(1005)) - Added filter static_user_filter (class=org.apache.hadoop.http.lib.StaticUserWebFilter$StaticUserFilter) to context ozoneManager
2022-10-04 13:27:15,238 [Listener at 127.0.0.1/45925] INFO  http.HttpServer2 (HttpServer2.java:addFilter(1013)) - Added filter static_user_filter (class=org.apache.hadoop.http.lib.StaticUserWebFilter$StaticUserFilter) to context static
2022-10-04 13:27:15,238 [Listener at 127.0.0.1/45925] INFO  http.HttpServer2 (HttpServer2.java:addFilter(1013)) - Added filter static_user_filter (class=org.apache.hadoop.http.lib.StaticUserWebFilter$StaticUserFilter) to context logs
2022-10-04 13:27:15,239 [Listener at 127.0.0.1/45925] INFO  http.HttpServer2 (HttpServer2.java:bindListener(1248)) - Jetty bound to port 35885
2022-10-04 13:27:15,239 [Listener at 127.0.0.1/45925] INFO  server.Server (Server.java:doStart(375)) - jetty-9.4.43.v20210629; built: 2021-06-30T11:07:22.254Z; git: 526006ecfa3af7f1a27ef3a288e2bef7ea9dd7e8; jvm 1.8.0_345-b01
2022-10-04 13:27:15,256 [Listener at 127.0.0.1/45925] INFO  server.session (DefaultSessionIdManager.java:doStart(334)) - DefaultSessionIdManager workerName=node0
2022-10-04 13:27:15,256 [Listener at 127.0.0.1/45925] INFO  server.session (DefaultSessionIdManager.java:doStart(339)) - No SessionScavenger set, using defaults
2022-10-04 13:27:15,256 [Listener at 127.0.0.1/45925] INFO  server.session (HouseKeeper.java:startScavenging(132)) - node0 Scavenging every 660000ms
2022-10-04 13:27:15,257 [Listener at 127.0.0.1/45925] INFO  handler.ContextHandler (ContextHandler.java:doStart(915)) - Started o.e.j.s.ServletContextHandler@6a50888c{logs,/logs,file:///home/runner/work/ozone/ozone/hadoop-ozone/integration-test/target/log,AVAILABLE}
2022-10-04 13:27:15,258 [Listener at 127.0.0.1/45925] INFO  handler.ContextHandler (ContextHandler.java:doStart(915)) - Started o.e.j.s.ServletContextHandler@38f89c02{static,/static,file:///home/runner/work/ozone/ozone/hadoop-ozone/integration-test/target/test-classes/webapps/static,AVAILABLE}
2022-10-04 13:27:15,275 [Listener at 127.0.0.1/45925] INFO  handler.ContextHandler (ContextHandler.java:doStart(915)) - Started o.e.j.w.WebAppContext@697cbc92{ozoneManager,/,file:///home/runner/work/ozone/ozone/hadoop-ozone/integration-test/target/test-classes/webapps/ozoneManager/,AVAILABLE}{file:/home/runner/work/ozone/ozone/hadoop-ozone/integration-test/target/test-classes/webapps/ozoneManager}
2022-10-04 13:27:15,281 [Listener at 127.0.0.1/45925] INFO  server.AbstractConnector (AbstractConnector.java:doStart(331)) - Started ServerConnector@3a689b24{HTTP/1.1, (http/1.1)}{0.0.0.0:35885}
2022-10-04 13:27:15,281 [Listener at 127.0.0.1/45925] INFO  server.Server (Server.java:doStart(415)) - Started @108022ms
2022-10-04 13:27:15,281 [Listener at 127.0.0.1/45925] WARN  impl.MetricsSystemImpl (MetricsSystemImpl.java:register(279)) - Sink prometheus already exists!
2022-10-04 13:27:15,285 [Listener at 127.0.0.1/45925] INFO  http.BaseHttpServer (BaseHttpServer.java:updateConnectorAddress(333)) - HTTP server of ozoneManager listening at http://0.0.0.0:35885
2022-10-04 13:27:15,302 [IPC Server Responder] INFO  ipc.Server (Server.java:run(1507)) - IPC Server Responder: starting
2022-10-04 13:27:15,310 [IPC Server listener on 45925] INFO  ipc.Server (Server.java:run(1344)) - IPC Server listener on 45925: starting
2022-10-04 13:27:15,354 [grpc-default-executor-4] WARN  server.GrpcLogAppender (LogUtils.java:warn(122)) - omNode-1@group-523986131536->omNode-3-AppendLogResponseHandler: Failed appendEntries: org.apache.ratis.thirdparty.io.grpc.StatusRuntimeException: UNAVAILABLE: io exception
2022-10-04 13:27:15,354 [grpc-default-executor-4] WARN  server.GrpcLogAppender (GrpcLogAppender.java:resetClient(111)) - omNode-1@group-523986131536->omNode-3-GrpcLogAppender: Leader has not got in touch with Follower omNode-1@group-523986131536->omNode-3(c-1,m0,n1, attendVote=true, lastRpcSendTime=251, lastRpcResponseTime=2538) yet, just keep nextIndex unchanged and retry.
2022-10-04 13:27:15,437 [Listener at 127.0.0.1/45925] INFO  om.OzoneManager (OzoneManager.java:startTrashEmptier(1921)) - Trash Interval set to 0. Files deleted won't move to trash
2022-10-04 13:27:15,438 [Listener at 127.0.0.1/45925] INFO  ozone.MiniOzoneHAClusterImpl (MiniOzoneHAClusterImpl.java:createOMService(527)) - Started OzoneManager omNode-3 RPC server at localhost/127.0.0.1:45925
2022-10-04 13:27:15,448 [org.apache.hadoop.util.JvmPauseMonitor$Monitor@641ce81c] INFO  util.JvmPauseMonitor (JvmPauseMonitor.java:run(188)) - Starting JVM pause monitor
2022-10-04 13:27:15,466 [Listener at 127.0.0.1/45925] WARN  impl.MetricRegistriesImpl (MetricRegistriesImpl.java:addReporterRegistration(111)) - New reporters are added after registries were created. Some metrics will be missing from the reporter. Please add reporter before adding any new registry.
2022-10-04 13:27:15,467 [Listener at 127.0.0.1/45925] WARN  impl.MetricRegistriesImpl (MetricRegistriesImpl.java:addReporterRegistration(111)) - New reporters are added after registries were created. Some metrics will be missing from the reporter. Please add reporter before adding any new registry.
2022-10-04 13:27:15,467 [Listener at 127.0.0.1/45925] INFO  impl.MetricsSystemImpl (MetricsSystemImpl.java:init(158)) - HddsDatanode metrics system started (again)
2022-10-04 13:27:15,505 [Listener at 127.0.0.1/45925] INFO  ozone.HddsDatanodeService (HddsDatanodeService.java:start(236)) - HddsDatanodeService host:fv-az573-645.uspngagyt4suddso0aj1djjezg.dx.internal.cloudapp.net ip:10.1.1.108
2022-10-04 13:27:15,575 [EndpointStateMachine task thread for /0.0.0.0:41361 - 0 ] INFO  ipc.Client (Client.java:handleConnectionFailure(977)) - Retrying connect to server: 0.0.0.0/0.0.0.0:41361. Already tried 9 time(s); retry policy is RetryUpToMaximumCountWithFixedSleep(maxRetries=15, sleepTime=1000 MILLISECONDS)
2022-10-04 13:27:15,589 [Listener at 127.0.0.1/45925] INFO  upgrade.AbstractLayoutVersionManager (AbstractLayoutVersionManager.java:init(83)) - Initializing Layout version manager with metadata layout = DATANODE_SCHEMA_V3 (version = 4), software layout = DATANODE_SCHEMA_V3 (version = 4)
2022-10-04 13:27:15,628 [omNode-3-server-thread1] INFO  server.RaftServer$Division (ServerState.java:setLeader(287)) - omNode-3@group-523986131536: change Leader from null to omNode-1 at term 2 for appendEntries, leader elected after 1642ms
2022-10-04 13:27:15,628 [omNode-3-server-thread1] INFO  server.RaftServer$Division (RaftServerImpl.java:checkInconsistentAppendEntries(1424)) - omNode-3@group-523986131536: Failed appendEntries as previous log entry ((t:2, i:0)) is not found
2022-10-04 13:27:15,628 [omNode-3-server-thread1] INFO  server.RaftServer$Division (RaftServerImpl.java:checkInconsistentAppendEntries(1394)) - omNode-3@group-523986131536: inconsistency entries. Reply:omNode-1<-omNode-3#768159:FAIL-t0,INCONSISTENCY,nextIndex=0,followerCommit=-1
2022-10-04 13:27:15,629 [grpc-default-executor-5] INFO  leader.FollowerInfo (FollowerInfoImpl.java:lambda$new$0(48)) - omNode-1@group-523986131536->omNode-3: nextIndex: updateUnconditionally 1 -> 0
2022-10-04 13:27:15,629 [omNode-3-server-thread1] INFO  server.RaftServer$Division (ServerState.java:setRaftConf(393)) - omNode-3@group-523986131536: set configuration 0: [omNode-3|rpc:localhost:39257|admin:|client:|dataStream:|priority:0, omNode-1|rpc:localhost:41223|admin:|client:|dataStream:|priority:0, omNode-2|rpc:localhost:37087|admin:|client:|dataStream:|priority:0], old=null
2022-10-04 13:27:15,630 [omNode-3-server-thread1] INFO  segmented.SegmentedRaftLogWorker (SegmentedRaftLogWorker.java:startLogSegment(425)) - omNode-3@group-523986131536-SegmentedRaftLogWorker: Starting segment from index:0
2022-10-04 13:27:15,643 [omNode-3@group-523986131536-SegmentedRaftLogWorker] INFO  segmented.SegmentedRaftLogWorker (SegmentedRaftLogWorker.java:execute(629)) - omNode-3@group-523986131536-SegmentedRaftLogWorker: created new log segment /home/runner/work/ozone/ozone/hadoop-ozone/integration-test/target/test-dir/MiniOzoneClusterImpl-cea6a548-c63a-4656-97b3-0431a0c2d519/omNode-3/ratis/c9bc4cf4-3bc3-3c60-a66b-523986131536/current/log_inprogress_0
2022-10-04 13:27:15,670 [omNode-3@group-523986131536-StateMachineUpdater] INFO  ratis.OzoneManagerStateMachine (OzoneManagerStateMachine.java:notifyConfigurationChanged(192)) - Received Configuration change notification from Ratis. New Peer list:
[id: "omNode-3"
address: "localhost:39257"
, id: "omNode-1"
address: "localhost:41223"
, id: "omNode-2"
address: "localhost:37087"
]
2022-10-04 13:27:15,713 [Listener at 127.0.0.1/45925] INFO  reflections.Reflections (Reflections.java:scan(232)) - Reflections took 117 ms to scan 7 urls, producing 135 keys and 327 values 
2022-10-04 13:27:15,714 [Listener at 127.0.0.1/45925] INFO  statemachine.DatanodeStateMachine (DatanodeStateMachine.java:getEndPointTaskThreadPoolSize(237)) - Datanode State Machine Task Thread Pool size 2
2022-10-04 13:27:15,716 [Listener at 127.0.0.1/45925] INFO  volume.HddsVolume (HddsVolume.java:<init>(117)) - Creating HddsVolume: /home/runner/work/ozone/ozone/hadoop-ozone/integration-test/target/test-dir/MiniOzoneClusterImpl-cea6a548-c63a-4656-97b3-0431a0c2d519/datanode-0/data-0/containers/hdds of storage type : DISK capacity : 9223372036854775807
2022-10-04 13:27:15,716 [Listener at 127.0.0.1/45925] INFO  volume.MutableVolumeSet (MutableVolumeSet.java:initializeVolumeSet(174)) - Added Volume : /home/runner/work/ozone/ozone/hadoop-ozone/integration-test/target/test-dir/MiniOzoneClusterImpl-cea6a548-c63a-4656-97b3-0431a0c2d519/datanode-0/data-0/containers/hdds to VolumeSet
2022-10-04 13:27:15,716 [Listener at 127.0.0.1/45925] INFO  volume.ThrottledAsyncChecker (ThrottledAsyncChecker.java:schedule(141)) - Scheduling a check for /home/runner/work/ozone/ozone/hadoop-ozone/integration-test/target/test-dir/MiniOzoneClusterImpl-cea6a548-c63a-4656-97b3-0431a0c2d519/datanode-0/data-0/containers/hdds
2022-10-04 13:27:15,717 [Listener at 127.0.0.1/45925] INFO  volume.StorageVolumeChecker (StorageVolumeChecker.java:checkAllVolumes(202)) - Scheduled health check for volume /home/runner/work/ozone/ozone/hadoop-ozone/integration-test/target/test-dir/MiniOzoneClusterImpl-cea6a548-c63a-4656-97b3-0431a0c2d519/datanode-0/data-0/containers/hdds
2022-10-04 13:27:15,728 [Listener at 127.0.0.1/45925] INFO  volume.MutableVolumeSet (MutableVolumeSet.java:initializeVolumeSet(174)) - Added Volume : /home/runner/work/ozone/ozone/hadoop-ozone/integration-test/target/test-dir/MiniOzoneClusterImpl-cea6a548-c63a-4656-97b3-0431a0c2d519/datanode-0/data/ratis to VolumeSet
2022-10-04 13:27:15,729 [Listener at 127.0.0.1/45925] INFO  volume.ThrottledAsyncChecker (ThrottledAsyncChecker.java:schedule(141)) - Scheduling a check for /home/runner/work/ozone/ozone/hadoop-ozone/integration-test/target/test-dir/MiniOzoneClusterImpl-cea6a548-c63a-4656-97b3-0431a0c2d519/datanode-0/data/ratis
2022-10-04 13:27:15,729 [Listener at 127.0.0.1/45925] INFO  volume.StorageVolumeChecker (StorageVolumeChecker.java:checkAllVolumes(202)) - Scheduled health check for volume /home/runner/work/ozone/ozone/hadoop-ozone/integration-test/target/test-dir/MiniOzoneClusterImpl-cea6a548-c63a-4656-97b3-0431a0c2d519/datanode-0/data/ratis
2022-10-04 13:27:15,741 [Thread-1493] INFO  ozoneimpl.ContainerReader (ContainerReader.java:readVolume(175)) - Finish verifying containers on volume /home/runner/work/ozone/ozone/hadoop-ozone/integration-test/target/test-dir/MiniOzoneClusterImpl-cea6a548-c63a-4656-97b3-0431a0c2d519/datanode-0/data-0/containers/hdds
2022-10-04 13:27:15,741 [Listener at 127.0.0.1/45925] INFO  ozoneimpl.OzoneContainer (OzoneContainer.java:buildContainerSet(300)) - Build ContainerSet costs 0s
2022-10-04 13:27:15,743 [Listener at 127.0.0.1/45925] INFO  server.RaftServer (ConfUtils.java:logGet(46)) - raft.rpc.type = GRPC (default)
2022-10-04 13:27:15,743 [Listener at 127.0.0.1/45925] INFO  grpc.GrpcFactory (GrpcFactory.java:checkPooledByteBufAllocatorUseCacheForAllThreads(48)) - PERFORMANCE WARNING: useCacheForAllThreads is true that may cause Netty to create a lot garbage objects and, as a result, trigger GC.
	It is recommended to disable useCacheForAllThreads by setting -Dorg.apache.ratis.thirdparty.io.netty.allocator.useCacheForAllThreads=false in command line.
2022-10-04 13:27:15,743 [Listener at 127.0.0.1/45925] INFO  grpc.GrpcConfigKeys (ConfUtils.java:logGet(46)) - raft.grpc.admin.port = 0 (custom)
2022-10-04 13:27:15,743 [Listener at 127.0.0.1/45925] INFO  grpc.GrpcConfigKeys (ConfUtils.java:logGet(46)) - raft.grpc.client.port = 0 (custom)
2022-10-04 13:27:15,744 [Listener at 127.0.0.1/45925] INFO  grpc.GrpcConfigKeys (ConfUtils.java:logGet(46)) - raft.grpc.server.port = 0 (default)
2022-10-04 13:27:15,744 [Listener at 127.0.0.1/45925] INFO  server.GrpcService (ConfUtils.java:logGet(46)) - raft.grpc.message.size.max = 32MB (=33554432) (custom)
2022-10-04 13:27:15,744 [Listener at 127.0.0.1/45925] INFO  server.RaftServerConfigKeys (ConfUtils.java:logGet(46)) - raft.server.log.appender.buffer.byte-limit = 33554432 (custom)
2022-10-04 13:27:15,744 [Listener at 127.0.0.1/45925] INFO  server.GrpcService (ConfUtils.java:logGet(46)) - raft.grpc.flow.control.window = 5MB (=5242880) (custom)
2022-10-04 13:27:15,745 [Listener at 127.0.0.1/45925] INFO  server.RaftServerConfigKeys (ConfUtils.java:logGet(46)) - raft.server.rpc.request.timeout = 60s (custom)
2022-10-04 13:27:15,745 [Listener at 127.0.0.1/45925] INFO  grpc.GrpcConfigKeys (ConfUtils.java:logGet(46)) - raft.grpc.server.async.request.thread.pool.cached = true (default)
2022-10-04 13:27:15,745 [Listener at 127.0.0.1/45925] INFO  grpc.GrpcConfigKeys (ConfUtils.java:logGet(46)) - raft.grpc.server.async.request.thread.pool.size = 32 (default)
2022-10-04 13:27:15,747 [Listener at 127.0.0.1/45925] INFO  impl.DataStreamServerImpl (ConfUtils.java:logGet(46)) - raft.datastream.type = DISABLED (default)
2022-10-04 13:27:15,747 [Listener at 127.0.0.1/45925] INFO  server.RaftServerConfigKeys (ConfUtils.java:logGet(46)) - raft.server.threadpool.proxy.cached = true (default)
2022-10-04 13:27:15,747 [Listener at 127.0.0.1/45925] INFO  server.RaftServerConfigKeys (ConfUtils.java:logGet(46)) - raft.server.threadpool.proxy.size = 0 (default)
2022-10-04 13:27:15,748 [Listener at 127.0.0.1/45925] INFO  server.RaftServerConfigKeys (ConfUtils.java:logGet(46)) - raft.server.rpc.slowness.timeout = 300s (custom)
2022-10-04 13:27:15,748 [Listener at 127.0.0.1/45925] INFO  server.RaftServerConfigKeys (ConfUtils.java:logGet(46)) - raft.server.leaderelection.leader.step-down.wait-time = 10s (default)
2022-10-04 13:27:15,748 [Listener at 127.0.0.1/45925] INFO  server.RaftServerConfigKeys (ConfUtils.java:logGet(46)) - raft.server.storage.dir = [/home/runner/work/ozone/ozone/hadoop-ozone/integration-test/target/test-dir/MiniOzoneClusterImpl-cea6a548-c63a-4656-97b3-0431a0c2d519/datanode-0/data/ratis] (custom)
2022-10-04 13:27:15,750 [Listener at 127.0.0.1/45925] INFO  server.XceiverServerGrpc (XceiverServerGrpc.java:<init>(132)) - GrpcServer channel type EpollServerSocketChannel
2022-10-04 13:27:15,753 [Listener at 127.0.0.1/45925] INFO  http.BaseHttpServer (BaseHttpServer.java:newHttpServer2BuilderForOzone(213)) - Starting Web-server for hddsDatanode at: http://0.0.0.0:0
2022-10-04 13:27:15,754 [Listener at 127.0.0.1/45925] INFO  http.BaseHttpServer (BaseHttpServer.java:<init>(108)) - Hadoop Security Enabled: false Ozone Security Enabled: false Ozone HTTP Security Enabled: false 
2022-10-04 13:27:15,755 [Listener at 127.0.0.1/45925] INFO  server.AuthenticationFilter (AuthenticationFilter.java:constructSecretProvider(240)) - Unable to initialize FileSignerSecretProvider, falling back to use random secrets.
2022-10-04 13:27:15,755 [Listener at 127.0.0.1/45925] WARN  http.HttpRequestLog (HttpRequestLog.java:getRequestLog(103)) - Jetty request log can only be enabled using Log4j
2022-10-04 13:27:15,756 [Listener at 127.0.0.1/45925] INFO  http.HttpServer2 (HttpServer2.java:addGlobalFilter(1029)) - Added global filter 'safety' (class=org.apache.hadoop.hdds.server.http.HttpServer2$QuotingInputFilter)
2022-10-04 13:27:15,757 [Listener at 127.0.0.1/45925] INFO  http.HttpServer2 (HttpServer2.java:addFilter(1005)) - Added filter static_user_filter (class=org.apache.hadoop.http.lib.StaticUserWebFilter$StaticUserFilter) to context hddsDatanode
2022-10-04 13:27:15,757 [Listener at 127.0.0.1/45925] INFO  http.HttpServer2 (HttpServer2.java:addFilter(1013)) - Added filter static_user_filter (class=org.apache.hadoop.http.lib.StaticUserWebFilter$StaticUserFilter) to context logs
2022-10-04 13:27:15,757 [Listener at 127.0.0.1/45925] INFO  http.HttpServer2 (HttpServer2.java:addFilter(1013)) - Added filter static_user_filter (class=org.apache.hadoop.http.lib.StaticUserWebFilter$StaticUserFilter) to context static
2022-10-04 13:27:15,758 [Listener at 127.0.0.1/45925] INFO  http.HttpServer2 (HttpServer2.java:bindListener(1248)) - Jetty bound to port 45363
2022-10-04 13:27:15,758 [Listener at 127.0.0.1/45925] INFO  server.Server (Server.java:doStart(375)) - jetty-9.4.43.v20210629; built: 2021-06-30T11:07:22.254Z; git: 526006ecfa3af7f1a27ef3a288e2bef7ea9dd7e8; jvm 1.8.0_345-b01
2022-10-04 13:27:15,769 [Listener at 127.0.0.1/45925] INFO  server.session (DefaultSessionIdManager.java:doStart(334)) - DefaultSessionIdManager workerName=node0
2022-10-04 13:27:15,769 [Listener at 127.0.0.1/45925] INFO  server.session (DefaultSessionIdManager.java:doStart(339)) - No SessionScavenger set, using defaults
2022-10-04 13:27:15,769 [Listener at 127.0.0.1/45925] INFO  server.session (HouseKeeper.java:startScavenging(132)) - node0 Scavenging every 600000ms
2022-10-04 13:27:15,770 [Listener at 127.0.0.1/45925] INFO  handler.ContextHandler (ContextHandler.java:doStart(915)) - Started o.e.j.s.ServletContextHandler@3ccf53f7{logs,/logs,file:///home/runner/work/ozone/ozone/hadoop-ozone/integration-test/target/log,AVAILABLE}
2022-10-04 13:27:15,770 [Listener at 127.0.0.1/45925] INFO  handler.ContextHandler (ContextHandler.java:doStart(915)) - Started o.e.j.s.ServletContextHandler@5c0caf75{static,/static,jar:file:/home/runner/.m2/repository/org/apache/ozone/hdds-container-service/1.3.0-SNAPSHOT/hdds-container-service-1.3.0-SNAPSHOT.jar!/webapps/static,AVAILABLE}
2022-10-04 13:27:16,044 [Listener at 127.0.0.1/45925] INFO  handler.ContextHandler (ContextHandler.java:doStart(915)) - Started o.e.j.w.WebAppContext@181eb2e6{hddsDatanode,/,file:///tmp/jetty-0_0_0_0-45363-hdds-container-service-1_3_0-SNAPSHOT_jar-_-any-6585237627727450374/webapp/,AVAILABLE}{jar:file:/home/runner/.m2/repository/org/apache/ozone/hdds-container-service/1.3.0-SNAPSHOT/hdds-container-service-1.3.0-SNAPSHOT.jar!/webapps/hddsDatanode}
2022-10-04 13:27:16,053 [Listener at 127.0.0.1/45925] INFO  server.AbstractConnector (AbstractConnector.java:doStart(331)) - Started ServerConnector@91becb1{HTTP/1.1, (http/1.1)}{0.0.0.0:45363}
2022-10-04 13:27:16,053 [Listener at 127.0.0.1/45925] INFO  server.Server (Server.java:doStart(415)) - Started @108794ms
2022-10-04 13:27:16,053 [Listener at 127.0.0.1/45925] WARN  impl.MetricsSystemImpl (MetricsSystemImpl.java:register(279)) - Sink prometheus already exists!
2022-10-04 13:27:16,054 [Listener at 127.0.0.1/45925] INFO  http.BaseHttpServer (BaseHttpServer.java:updateConnectorAddress(333)) - HTTP server of hddsDatanode listening at http://0.0.0.0:45363
2022-10-04 13:27:16,059 [Listener at 127.0.0.1/45925] WARN  impl.MetricRegistriesImpl (MetricRegistriesImpl.java:addReporterRegistration(111)) - New reporters are added after registries were created. Some metrics will be missing from the reporter. Please add reporter before adding any new registry.
2022-10-04 13:27:16,059 [Listener at 127.0.0.1/45925] WARN  impl.MetricRegistriesImpl (MetricRegistriesImpl.java:addReporterRegistration(111)) - New reporters are added after registries were created. Some metrics will be missing from the reporter. Please add reporter before adding any new registry.
2022-10-04 13:27:16,059 [Listener at 127.0.0.1/45925] INFO  impl.MetricsSystemImpl (MetricsSystemImpl.java:init(158)) - HddsDatanode metrics system started (again)
2022-10-04 13:27:16,066 [Datanode State Machine Daemon Thread] INFO  statemachine.DatanodeStateMachine (DatanodeStateMachine.java:lambda$startDaemon$0(492)) - Ozone container server started.
2022-10-04 13:27:16,086 [org.apache.hadoop.util.JvmPauseMonitor$Monitor@76511a73] INFO  util.JvmPauseMonitor (JvmPauseMonitor.java:run(188)) - Starting JVM pause monitor
2022-10-04 13:27:16,100 [Listener at 127.0.0.1/45925] INFO  ozone.HddsDatanodeService (HddsDatanodeService.java:start(236)) - HddsDatanodeService host:fv-az573-645.uspngagyt4suddso0aj1djjezg.dx.internal.cloudapp.net ip:10.1.1.108
2022-10-04 13:27:16,109 [Datanode State Machine Task Thread - 0] INFO  datanode.InitDatanodeState (InitDatanodeState.java:persistContainerDatanodeDetails(138)) - DatanodeDetails is persisted to /home/runner/work/ozone/ozone/hadoop-ozone/integration-test/target/test-dir/MiniOzoneClusterImpl-cea6a548-c63a-4656-97b3-0431a0c2d519/datanode-0/meta/datanode.id
2022-10-04 13:27:16,143 [Listener at 127.0.0.1/45925] INFO  upgrade.AbstractLayoutVersionManager (AbstractLayoutVersionManager.java:init(83)) - Initializing Layout version manager with metadata layout = DATANODE_SCHEMA_V3 (version = 4), software layout = DATANODE_SCHEMA_V3 (version = 4)
2022-10-04 13:27:16,282 [Listener at 127.0.0.1/45925] INFO  reflections.Reflections (Reflections.java:scan(232)) - Reflections took 138 ms to scan 7 urls, producing 135 keys and 327 values 
2022-10-04 13:27:16,292 [Listener at 127.0.0.1/45925] INFO  statemachine.DatanodeStateMachine (DatanodeStateMachine.java:getEndPointTaskThreadPoolSize(237)) - Datanode State Machine Task Thread Pool size 2
2022-10-04 13:27:16,298 [Listener at 127.0.0.1/45925] INFO  volume.HddsVolume (HddsVolume.java:<init>(117)) - Creating HddsVolume: /home/runner/work/ozone/ozone/hadoop-ozone/integration-test/target/test-dir/MiniOzoneClusterImpl-cea6a548-c63a-4656-97b3-0431a0c2d519/datanode-1/data-0/containers/hdds of storage type : DISK capacity : 9223372036854775807
2022-10-04 13:27:16,299 [Listener at 127.0.0.1/45925] INFO  volume.MutableVolumeSet (MutableVolumeSet.java:initializeVolumeSet(174)) - Added Volume : /home/runner/work/ozone/ozone/hadoop-ozone/integration-test/target/test-dir/MiniOzoneClusterImpl-cea6a548-c63a-4656-97b3-0431a0c2d519/datanode-1/data-0/containers/hdds to VolumeSet
2022-10-04 13:27:16,299 [Listener at 127.0.0.1/45925] INFO  volume.ThrottledAsyncChecker (ThrottledAsyncChecker.java:schedule(141)) - Scheduling a check for /home/runner/work/ozone/ozone/hadoop-ozone/integration-test/target/test-dir/MiniOzoneClusterImpl-cea6a548-c63a-4656-97b3-0431a0c2d519/datanode-1/data-0/containers/hdds
2022-10-04 13:27:16,315 [Listener at 127.0.0.1/45925] INFO  volume.StorageVolumeChecker (StorageVolumeChecker.java:checkAllVolumes(202)) - Scheduled health check for volume /home/runner/work/ozone/ozone/hadoop-ozone/integration-test/target/test-dir/MiniOzoneClusterImpl-cea6a548-c63a-4656-97b3-0431a0c2d519/datanode-1/data-0/containers/hdds
2022-10-04 13:27:16,341 [Listener at 127.0.0.1/45925] INFO  volume.MutableVolumeSet (MutableVolumeSet.java:initializeVolumeSet(174)) - Added Volume : /home/runner/work/ozone/ozone/hadoop-ozone/integration-test/target/test-dir/MiniOzoneClusterImpl-cea6a548-c63a-4656-97b3-0431a0c2d519/datanode-1/data/ratis to VolumeSet
2022-10-04 13:27:16,341 [Listener at 127.0.0.1/45925] INFO  volume.ThrottledAsyncChecker (ThrottledAsyncChecker.java:schedule(141)) - Scheduling a check for /home/runner/work/ozone/ozone/hadoop-ozone/integration-test/target/test-dir/MiniOzoneClusterImpl-cea6a548-c63a-4656-97b3-0431a0c2d519/datanode-1/data/ratis
2022-10-04 13:27:16,350 [Listener at 127.0.0.1/45925] INFO  volume.StorageVolumeChecker (StorageVolumeChecker.java:checkAllVolumes(202)) - Scheduled health check for volume /home/runner/work/ozone/ozone/hadoop-ozone/integration-test/target/test-dir/MiniOzoneClusterImpl-cea6a548-c63a-4656-97b3-0431a0c2d519/datanode-1/data/ratis
2022-10-04 13:27:16,398 [Thread-1508] INFO  ozoneimpl.ContainerReader (ContainerReader.java:readVolume(175)) - Finish verifying containers on volume /home/runner/work/ozone/ozone/hadoop-ozone/integration-test/target/test-dir/MiniOzoneClusterImpl-cea6a548-c63a-4656-97b3-0431a0c2d519/datanode-1/data-0/containers/hdds
2022-10-04 13:27:16,398 [Listener at 127.0.0.1/45925] INFO  ozoneimpl.OzoneContainer (OzoneContainer.java:buildContainerSet(300)) - Build ContainerSet costs 0s
2022-10-04 13:27:16,400 [Listener at 127.0.0.1/45925] INFO  server.RaftServer (ConfUtils.java:logGet(46)) - raft.rpc.type = GRPC (default)
2022-10-04 13:27:16,401 [Listener at 127.0.0.1/45925] INFO  grpc.GrpcFactory (GrpcFactory.java:checkPooledByteBufAllocatorUseCacheForAllThreads(48)) - PERFORMANCE WARNING: useCacheForAllThreads is true that may cause Netty to create a lot garbage objects and, as a result, trigger GC.
	It is recommended to disable useCacheForAllThreads by setting -Dorg.apache.ratis.thirdparty.io.netty.allocator.useCacheForAllThreads=false in command line.
2022-10-04 13:27:16,402 [Listener at 127.0.0.1/45925] INFO  grpc.GrpcConfigKeys (ConfUtils.java:logGet(46)) - raft.grpc.admin.port = 0 (custom)
2022-10-04 13:27:16,403 [Listener at 127.0.0.1/45925] INFO  grpc.GrpcConfigKeys (ConfUtils.java:logGet(46)) - raft.grpc.client.port = 0 (custom)
2022-10-04 13:27:16,403 [Listener at 127.0.0.1/45925] INFO  grpc.GrpcConfigKeys (ConfUtils.java:logGet(46)) - raft.grpc.server.port = 0 (default)
2022-10-04 13:27:16,403 [Listener at 127.0.0.1/45925] INFO  server.GrpcService (ConfUtils.java:logGet(46)) - raft.grpc.message.size.max = 32MB (=33554432) (custom)
2022-10-04 13:27:16,403 [Listener at 127.0.0.1/45925] INFO  server.RaftServerConfigKeys (ConfUtils.java:logGet(46)) - raft.server.log.appender.buffer.byte-limit = 33554432 (custom)
2022-10-04 13:27:16,403 [Listener at 127.0.0.1/45925] INFO  server.GrpcService (ConfUtils.java:logGet(46)) - raft.grpc.flow.control.window = 5MB (=5242880) (custom)
2022-10-04 13:27:16,403 [Listener at 127.0.0.1/45925] INFO  server.RaftServerConfigKeys (ConfUtils.java:logGet(46)) - raft.server.rpc.request.timeout = 60s (custom)
2022-10-04 13:27:16,404 [Listener at 127.0.0.1/45925] INFO  grpc.GrpcConfigKeys (ConfUtils.java:logGet(46)) - raft.grpc.server.async.request.thread.pool.cached = true (default)
2022-10-04 13:27:16,404 [Listener at 127.0.0.1/45925] INFO  grpc.GrpcConfigKeys (ConfUtils.java:logGet(46)) - raft.grpc.server.async.request.thread.pool.size = 32 (default)
2022-10-04 13:27:16,406 [Listener at 127.0.0.1/45925] INFO  impl.DataStreamServerImpl (ConfUtils.java:logGet(46)) - raft.datastream.type = DISABLED (default)
2022-10-04 13:27:16,407 [Listener at 127.0.0.1/45925] INFO  server.RaftServerConfigKeys (ConfUtils.java:logGet(46)) - raft.server.threadpool.proxy.cached = true (default)
2022-10-04 13:27:16,407 [Listener at 127.0.0.1/45925] INFO  server.RaftServerConfigKeys (ConfUtils.java:logGet(46)) - raft.server.threadpool.proxy.size = 0 (default)
2022-10-04 13:27:16,407 [Listener at 127.0.0.1/45925] INFO  server.RaftServerConfigKeys (ConfUtils.java:logGet(46)) - raft.server.rpc.slowness.timeout = 300s (custom)
2022-10-04 13:27:16,407 [Listener at 127.0.0.1/45925] INFO  server.RaftServerConfigKeys (ConfUtils.java:logGet(46)) - raft.server.leaderelection.leader.step-down.wait-time = 10s (default)
2022-10-04 13:27:16,407 [Listener at 127.0.0.1/45925] INFO  server.RaftServerConfigKeys (ConfUtils.java:logGet(46)) - raft.server.storage.dir = [/home/runner/work/ozone/ozone/hadoop-ozone/integration-test/target/test-dir/MiniOzoneClusterImpl-cea6a548-c63a-4656-97b3-0431a0c2d519/datanode-1/data/ratis] (custom)
2022-10-04 13:27:16,422 [Listener at 127.0.0.1/45925] INFO  server.XceiverServerGrpc (XceiverServerGrpc.java:<init>(132)) - GrpcServer channel type EpollServerSocketChannel
2022-10-04 13:27:16,438 [Listener at 127.0.0.1/45925] INFO  http.BaseHttpServer (BaseHttpServer.java:newHttpServer2BuilderForOzone(213)) - Starting Web-server for hddsDatanode at: http://0.0.0.0:0
2022-10-04 13:27:16,438 [Listener at 127.0.0.1/45925] INFO  http.BaseHttpServer (BaseHttpServer.java:<init>(108)) - Hadoop Security Enabled: false Ozone Security Enabled: false Ozone HTTP Security Enabled: false 
2022-10-04 13:27:16,439 [Listener at 127.0.0.1/45925] INFO  server.AuthenticationFilter (AuthenticationFilter.java:constructSecretProvider(240)) - Unable to initialize FileSignerSecretProvider, falling back to use random secrets.
2022-10-04 13:27:16,448 [Listener at 127.0.0.1/45925] WARN  http.HttpRequestLog (HttpRequestLog.java:getRequestLog(103)) - Jetty request log can only be enabled using Log4j
2022-10-04 13:27:16,450 [Listener at 127.0.0.1/45925] INFO  http.HttpServer2 (HttpServer2.java:addGlobalFilter(1029)) - Added global filter 'safety' (class=org.apache.hadoop.hdds.server.http.HttpServer2$QuotingInputFilter)
2022-10-04 13:27:16,450 [Listener at 127.0.0.1/45925] INFO  http.HttpServer2 (HttpServer2.java:addFilter(1005)) - Added filter static_user_filter (class=org.apache.hadoop.http.lib.StaticUserWebFilter$StaticUserFilter) to context hddsDatanode
2022-10-04 13:27:16,450 [Listener at 127.0.0.1/45925] INFO  http.HttpServer2 (HttpServer2.java:addFilter(1013)) - Added filter static_user_filter (class=org.apache.hadoop.http.lib.StaticUserWebFilter$StaticUserFilter) to context logs
2022-10-04 13:27:16,451 [Listener at 127.0.0.1/45925] INFO  http.HttpServer2 (HttpServer2.java:addFilter(1013)) - Added filter static_user_filter (class=org.apache.hadoop.http.lib.StaticUserWebFilter$StaticUserFilter) to context static
2022-10-04 13:27:16,451 [Listener at 127.0.0.1/45925] INFO  http.HttpServer2 (HttpServer2.java:bindListener(1248)) - Jetty bound to port 34367
2022-10-04 13:27:16,452 [Listener at 127.0.0.1/45925] INFO  server.Server (Server.java:doStart(375)) - jetty-9.4.43.v20210629; built: 2021-06-30T11:07:22.254Z; git: 526006ecfa3af7f1a27ef3a288e2bef7ea9dd7e8; jvm 1.8.0_345-b01
2022-10-04 13:27:16,473 [Listener at 127.0.0.1/45925] INFO  server.session (DefaultSessionIdManager.java:doStart(334)) - DefaultSessionIdManager workerName=node0
2022-10-04 13:27:16,473 [Listener at 127.0.0.1/45925] INFO  server.session (DefaultSessionIdManager.java:doStart(339)) - No SessionScavenger set, using defaults
2022-10-04 13:27:16,473 [Listener at 127.0.0.1/45925] INFO  server.session (HouseKeeper.java:startScavenging(132)) - node0 Scavenging every 600000ms
2022-10-04 13:27:16,478 [Listener at 127.0.0.1/45925] INFO  handler.ContextHandler (ContextHandler.java:doStart(915)) - Started o.e.j.s.ServletContextHandler@4a759cf3{logs,/logs,file:///home/runner/work/ozone/ozone/hadoop-ozone/integration-test/target/log,AVAILABLE}
2022-10-04 13:27:16,478 [Listener at 127.0.0.1/45925] INFO  handler.ContextHandler (ContextHandler.java:doStart(915)) - Started o.e.j.s.ServletContextHandler@1d27436e{static,/static,jar:file:/home/runner/.m2/repository/org/apache/ozone/hdds-container-service/1.3.0-SNAPSHOT/hdds-container-service-1.3.0-SNAPSHOT.jar!/webapps/static,AVAILABLE}
2022-10-04 13:27:16,576 [EndpointStateMachine task thread for /0.0.0.0:41361 - 0 ] INFO  ipc.Client (Client.java:handleConnectionFailure(977)) - Retrying connect to server: 0.0.0.0/0.0.0.0:41361. Already tried 10 time(s); retry policy is RetryUpToMaximumCountWithFixedSleep(maxRetries=15, sleepTime=1000 MILLISECONDS)
2022-10-04 13:27:16,815 [Listener at 127.0.0.1/45925] INFO  handler.ContextHandler (ContextHandler.java:doStart(915)) - Started o.e.j.w.WebAppContext@5a5ef432{hddsDatanode,/,file:///tmp/jetty-0_0_0_0-34367-hdds-container-service-1_3_0-SNAPSHOT_jar-_-any-7860860015679249310/webapp/,AVAILABLE}{jar:file:/home/runner/.m2/repository/org/apache/ozone/hdds-container-service/1.3.0-SNAPSHOT/hdds-container-service-1.3.0-SNAPSHOT.jar!/webapps/hddsDatanode}
2022-10-04 13:27:16,823 [Listener at 127.0.0.1/45925] INFO  server.AbstractConnector (AbstractConnector.java:doStart(331)) - Started ServerConnector@37b936c6{HTTP/1.1, (http/1.1)}{0.0.0.0:34367}
2022-10-04 13:27:16,824 [Listener at 127.0.0.1/45925] INFO  server.Server (Server.java:doStart(415)) - Started @109565ms
2022-10-04 13:27:16,824 [Listener at 127.0.0.1/45925] WARN  impl.MetricsSystemImpl (MetricsSystemImpl.java:register(279)) - Sink prometheus already exists!
2022-10-04 13:27:16,828 [Listener at 127.0.0.1/45925] INFO  http.BaseHttpServer (BaseHttpServer.java:updateConnectorAddress(333)) - HTTP server of hddsDatanode listening at http://0.0.0.0:34367
2022-10-04 13:27:16,828 [Listener at 127.0.0.1/45925] WARN  impl.MetricRegistriesImpl (MetricRegistriesImpl.java:addReporterRegistration(111)) - New reporters are added after registries were created. Some metrics will be missing from the reporter. Please add reporter before adding any new registry.
2022-10-04 13:27:16,828 [Listener at 127.0.0.1/45925] WARN  impl.MetricRegistriesImpl (MetricRegistriesImpl.java:addReporterRegistration(111)) - New reporters are added after registries were created. Some metrics will be missing from the reporter. Please add reporter before adding any new registry.
2022-10-04 13:27:16,828 [Listener at 127.0.0.1/45925] INFO  impl.MetricsSystemImpl (MetricsSystemImpl.java:init(158)) - HddsDatanode metrics system started (again)
2022-10-04 13:27:16,847 [Datanode State Machine Daemon Thread] INFO  statemachine.DatanodeStateMachine (DatanodeStateMachine.java:lambda$startDaemon$0(492)) - Ozone container server started.
2022-10-04 13:27:16,852 [org.apache.hadoop.util.JvmPauseMonitor$Monitor@76c5a498] INFO  util.JvmPauseMonitor (JvmPauseMonitor.java:run(188)) - Starting JVM pause monitor
2022-10-04 13:27:16,857 [Listener at 127.0.0.1/45925] INFO  ozone.HddsDatanodeService (HddsDatanodeService.java:start(236)) - HddsDatanodeService host:fv-az573-645.uspngagyt4suddso0aj1djjezg.dx.internal.cloudapp.net ip:10.1.1.108
2022-10-04 13:27:16,862 [Datanode State Machine Task Thread - 0] INFO  datanode.InitDatanodeState (InitDatanodeState.java:persistContainerDatanodeDetails(138)) - DatanodeDetails is persisted to /home/runner/work/ozone/ozone/hadoop-ozone/integration-test/target/test-dir/MiniOzoneClusterImpl-cea6a548-c63a-4656-97b3-0431a0c2d519/datanode-1/meta/datanode.id
2022-10-04 13:27:16,898 [Listener at 127.0.0.1/45925] INFO  upgrade.AbstractLayoutVersionManager (AbstractLayoutVersionManager.java:init(83)) - Initializing Layout version manager with metadata layout = DATANODE_SCHEMA_V3 (version = 4), software layout = DATANODE_SCHEMA_V3 (version = 4)
2022-10-04 13:27:16,959 [Listener at 127.0.0.1/45925] INFO  reflections.Reflections (Reflections.java:scan(232)) - Reflections took 59 ms to scan 7 urls, producing 135 keys and 327 values 
2022-10-04 13:27:16,965 [Listener at 127.0.0.1/45925] INFO  statemachine.DatanodeStateMachine (DatanodeStateMachine.java:getEndPointTaskThreadPoolSize(237)) - Datanode State Machine Task Thread Pool size 2
2022-10-04 13:27:16,982 [Listener at 127.0.0.1/45925] INFO  volume.HddsVolume (HddsVolume.java:<init>(117)) - Creating HddsVolume: /home/runner/work/ozone/ozone/hadoop-ozone/integration-test/target/test-dir/MiniOzoneClusterImpl-cea6a548-c63a-4656-97b3-0431a0c2d519/datanode-2/data-0/containers/hdds of storage type : DISK capacity : 9223372036854775807
2022-10-04 13:27:16,983 [Listener at 127.0.0.1/45925] INFO  volume.MutableVolumeSet (MutableVolumeSet.java:initializeVolumeSet(174)) - Added Volume : /home/runner/work/ozone/ozone/hadoop-ozone/integration-test/target/test-dir/MiniOzoneClusterImpl-cea6a548-c63a-4656-97b3-0431a0c2d519/datanode-2/data-0/containers/hdds to VolumeSet
2022-10-04 13:27:16,983 [Listener at 127.0.0.1/45925] INFO  volume.ThrottledAsyncChecker (ThrottledAsyncChecker.java:schedule(141)) - Scheduling a check for /home/runner/work/ozone/ozone/hadoop-ozone/integration-test/target/test-dir/MiniOzoneClusterImpl-cea6a548-c63a-4656-97b3-0431a0c2d519/datanode-2/data-0/containers/hdds
2022-10-04 13:27:16,995 [Listener at 127.0.0.1/45925] INFO  volume.StorageVolumeChecker (StorageVolumeChecker.java:checkAllVolumes(202)) - Scheduled health check for volume /home/runner/work/ozone/ozone/hadoop-ozone/integration-test/target/test-dir/MiniOzoneClusterImpl-cea6a548-c63a-4656-97b3-0431a0c2d519/datanode-2/data-0/containers/hdds
2022-10-04 13:27:17,008 [Listener at 127.0.0.1/45925] INFO  volume.MutableVolumeSet (MutableVolumeSet.java:initializeVolumeSet(174)) - Added Volume : /home/runner/work/ozone/ozone/hadoop-ozone/integration-test/target/test-dir/MiniOzoneClusterImpl-cea6a548-c63a-4656-97b3-0431a0c2d519/datanode-2/data/ratis to VolumeSet
2022-10-04 13:27:17,008 [Listener at 127.0.0.1/45925] INFO  volume.ThrottledAsyncChecker (ThrottledAsyncChecker.java:schedule(141)) - Scheduling a check for /home/runner/work/ozone/ozone/hadoop-ozone/integration-test/target/test-dir/MiniOzoneClusterImpl-cea6a548-c63a-4656-97b3-0431a0c2d519/datanode-2/data/ratis
2022-10-04 13:27:17,008 [Listener at 127.0.0.1/45925] INFO  volume.StorageVolumeChecker (StorageVolumeChecker.java:checkAllVolumes(202)) - Scheduled health check for volume /home/runner/work/ozone/ozone/hadoop-ozone/integration-test/target/test-dir/MiniOzoneClusterImpl-cea6a548-c63a-4656-97b3-0431a0c2d519/datanode-2/data/ratis
2022-10-04 13:27:17,030 [Thread-1523] INFO  ozoneimpl.ContainerReader (ContainerReader.java:readVolume(175)) - Finish verifying containers on volume /home/runner/work/ozone/ozone/hadoop-ozone/integration-test/target/test-dir/MiniOzoneClusterImpl-cea6a548-c63a-4656-97b3-0431a0c2d519/datanode-2/data-0/containers/hdds
2022-10-04 13:27:17,031 [Listener at 127.0.0.1/45925] INFO  ozoneimpl.OzoneContainer (OzoneContainer.java:buildContainerSet(300)) - Build ContainerSet costs 0s
2022-10-04 13:27:17,033 [Listener at 127.0.0.1/45925] INFO  server.RaftServer (ConfUtils.java:logGet(46)) - raft.rpc.type = GRPC (default)
2022-10-04 13:27:17,033 [Listener at 127.0.0.1/45925] INFO  grpc.GrpcFactory (GrpcFactory.java:checkPooledByteBufAllocatorUseCacheForAllThreads(48)) - PERFORMANCE WARNING: useCacheForAllThreads is true that may cause Netty to create a lot garbage objects and, as a result, trigger GC.
	It is recommended to disable useCacheForAllThreads by setting -Dorg.apache.ratis.thirdparty.io.netty.allocator.useCacheForAllThreads=false in command line.
2022-10-04 13:27:17,034 [Listener at 127.0.0.1/45925] INFO  grpc.GrpcConfigKeys (ConfUtils.java:logGet(46)) - raft.grpc.admin.port = 0 (custom)
2022-10-04 13:27:17,034 [Listener at 127.0.0.1/45925] INFO  grpc.GrpcConfigKeys (ConfUtils.java:logGet(46)) - raft.grpc.client.port = 0 (custom)
2022-10-04 13:27:17,034 [Listener at 127.0.0.1/45925] INFO  grpc.GrpcConfigKeys (ConfUtils.java:logGet(46)) - raft.grpc.server.port = 0 (default)
2022-10-04 13:27:17,034 [Listener at 127.0.0.1/45925] INFO  server.GrpcService (ConfUtils.java:logGet(46)) - raft.grpc.message.size.max = 32MB (=33554432) (custom)
2022-10-04 13:27:17,035 [Listener at 127.0.0.1/45925] INFO  server.RaftServerConfigKeys (ConfUtils.java:logGet(46)) - raft.server.log.appender.buffer.byte-limit = 33554432 (custom)
2022-10-04 13:27:17,035 [Listener at 127.0.0.1/45925] INFO  server.GrpcService (ConfUtils.java:logGet(46)) - raft.grpc.flow.control.window = 5MB (=5242880) (custom)
2022-10-04 13:27:17,035 [Listener at 127.0.0.1/45925] INFO  server.RaftServerConfigKeys (ConfUtils.java:logGet(46)) - raft.server.rpc.request.timeout = 60s (custom)
2022-10-04 13:27:17,035 [Listener at 127.0.0.1/45925] INFO  grpc.GrpcConfigKeys (ConfUtils.java:logGet(46)) - raft.grpc.server.async.request.thread.pool.cached = true (default)
2022-10-04 13:27:17,036 [Listener at 127.0.0.1/45925] INFO  grpc.GrpcConfigKeys (ConfUtils.java:logGet(46)) - raft.grpc.server.async.request.thread.pool.size = 32 (default)
2022-10-04 13:27:17,037 [Listener at 127.0.0.1/45925] INFO  impl.DataStreamServerImpl (ConfUtils.java:logGet(46)) - raft.datastream.type = DISABLED (default)
2022-10-04 13:27:17,040 [Listener at 127.0.0.1/45925] INFO  server.RaftServerConfigKeys (ConfUtils.java:logGet(46)) - raft.server.threadpool.proxy.cached = true (default)
2022-10-04 13:27:17,040 [Listener at 127.0.0.1/45925] INFO  server.RaftServerConfigKeys (ConfUtils.java:logGet(46)) - raft.server.threadpool.proxy.size = 0 (default)
2022-10-04 13:27:17,041 [Listener at 127.0.0.1/45925] INFO  server.RaftServerConfigKeys (ConfUtils.java:logGet(46)) - raft.server.rpc.slowness.timeout = 300s (custom)
2022-10-04 13:27:17,041 [Listener at 127.0.0.1/45925] INFO  server.RaftServerConfigKeys (ConfUtils.java:logGet(46)) - raft.server.leaderelection.leader.step-down.wait-time = 10s (default)
2022-10-04 13:27:17,041 [Listener at 127.0.0.1/45925] INFO  server.RaftServerConfigKeys (ConfUtils.java:logGet(46)) - raft.server.storage.dir = [/home/runner/work/ozone/ozone/hadoop-ozone/integration-test/target/test-dir/MiniOzoneClusterImpl-cea6a548-c63a-4656-97b3-0431a0c2d519/datanode-2/data/ratis] (custom)
2022-10-04 13:27:17,043 [Listener at 127.0.0.1/45925] INFO  server.XceiverServerGrpc (XceiverServerGrpc.java:<init>(132)) - GrpcServer channel type EpollServerSocketChannel
2022-10-04 13:27:17,051 [Listener at 127.0.0.1/45925] INFO  http.BaseHttpServer (BaseHttpServer.java:newHttpServer2BuilderForOzone(213)) - Starting Web-server for hddsDatanode at: http://0.0.0.0:0
2022-10-04 13:27:17,051 [Listener at 127.0.0.1/45925] INFO  http.BaseHttpServer (BaseHttpServer.java:<init>(108)) - Hadoop Security Enabled: false Ozone Security Enabled: false Ozone HTTP Security Enabled: false 
2022-10-04 13:27:17,055 [Listener at 127.0.0.1/45925] INFO  server.AuthenticationFilter (AuthenticationFilter.java:constructSecretProvider(240)) - Unable to initialize FileSignerSecretProvider, falling back to use random secrets.
2022-10-04 13:27:17,061 [Listener at 127.0.0.1/45925] WARN  http.HttpRequestLog (HttpRequestLog.java:getRequestLog(103)) - Jetty request log can only be enabled using Log4j
2022-10-04 13:27:17,071 [Listener at 127.0.0.1/45925] INFO  http.HttpServer2 (HttpServer2.java:addGlobalFilter(1029)) - Added global filter 'safety' (class=org.apache.hadoop.hdds.server.http.HttpServer2$QuotingInputFilter)
2022-10-04 13:27:17,071 [Listener at 127.0.0.1/45925] INFO  http.HttpServer2 (HttpServer2.java:addFilter(1005)) - Added filter static_user_filter (class=org.apache.hadoop.http.lib.StaticUserWebFilter$StaticUserFilter) to context hddsDatanode
2022-10-04 13:27:17,071 [Listener at 127.0.0.1/45925] INFO  http.HttpServer2 (HttpServer2.java:addFilter(1013)) - Added filter static_user_filter (class=org.apache.hadoop.http.lib.StaticUserWebFilter$StaticUserFilter) to context logs
2022-10-04 13:27:17,072 [Listener at 127.0.0.1/45925] INFO  http.HttpServer2 (HttpServer2.java:addFilter(1013)) - Added filter static_user_filter (class=org.apache.hadoop.http.lib.StaticUserWebFilter$StaticUserFilter) to context static
2022-10-04 13:27:17,072 [Listener at 127.0.0.1/45925] INFO  http.HttpServer2 (HttpServer2.java:bindListener(1248)) - Jetty bound to port 33039
2022-10-04 13:27:17,072 [Listener at 127.0.0.1/45925] INFO  server.Server (Server.java:doStart(375)) - jetty-9.4.43.v20210629; built: 2021-06-30T11:07:22.254Z; git: 526006ecfa3af7f1a27ef3a288e2bef7ea9dd7e8; jvm 1.8.0_345-b01
2022-10-04 13:27:17,075 [Listener at 127.0.0.1/45925] INFO  server.session (DefaultSessionIdManager.java:doStart(334)) - DefaultSessionIdManager workerName=node0
2022-10-04 13:27:17,075 [Listener at 127.0.0.1/45925] INFO  server.session (DefaultSessionIdManager.java:doStart(339)) - No SessionScavenger set, using defaults
2022-10-04 13:27:17,079 [Listener at 127.0.0.1/45925] INFO  server.session (HouseKeeper.java:startScavenging(132)) - node0 Scavenging every 600000ms
2022-10-04 13:27:17,079 [Listener at 127.0.0.1/45925] INFO  handler.ContextHandler (ContextHandler.java:doStart(915)) - Started o.e.j.s.ServletContextHandler@6accbb21{logs,/logs,file:///home/runner/work/ozone/ozone/hadoop-ozone/integration-test/target/log,AVAILABLE}
2022-10-04 13:27:17,080 [Listener at 127.0.0.1/45925] INFO  handler.ContextHandler (ContextHandler.java:doStart(915)) - Started o.e.j.s.ServletContextHandler@56791346{static,/static,jar:file:/home/runner/.m2/repository/org/apache/ozone/hdds-container-service/1.3.0-SNAPSHOT/hdds-container-service-1.3.0-SNAPSHOT.jar!/webapps/static,AVAILABLE}
2022-10-04 13:27:17,499 [Listener at 127.0.0.1/45925] INFO  handler.ContextHandler (ContextHandler.java:doStart(915)) - Started o.e.j.w.WebAppContext@22e13a44{hddsDatanode,/,file:///tmp/jetty-0_0_0_0-33039-hdds-container-service-1_3_0-SNAPSHOT_jar-_-any-6095792410194855895/webapp/,AVAILABLE}{jar:file:/home/runner/.m2/repository/org/apache/ozone/hdds-container-service/1.3.0-SNAPSHOT/hdds-container-service-1.3.0-SNAPSHOT.jar!/webapps/hddsDatanode}
2022-10-04 13:27:17,512 [Listener at 127.0.0.1/45925] INFO  server.AbstractConnector (AbstractConnector.java:doStart(331)) - Started ServerConnector@7607a796{HTTP/1.1, (http/1.1)}{0.0.0.0:33039}
2022-10-04 13:27:17,513 [Listener at 127.0.0.1/45925] INFO  server.Server (Server.java:doStart(415)) - Started @110253ms
2022-10-04 13:27:17,513 [Listener at 127.0.0.1/45925] WARN  impl.MetricsSystemImpl (MetricsSystemImpl.java:register(279)) - Sink prometheus already exists!
2022-10-04 13:27:17,514 [Listener at 127.0.0.1/45925] INFO  http.BaseHttpServer (BaseHttpServer.java:updateConnectorAddress(333)) - HTTP server of hddsDatanode listening at http://0.0.0.0:33039
2022-10-04 13:27:17,514 [Listener at 127.0.0.1/45925] INFO  ozone.MiniOzoneClusterImpl (MiniOzoneClusterImpl.java:lambda$waitForClusterToBeReady$0(216)) - Waiting for nodes to be ready. Got 0 of 3 DN Heartbeats.
2022-10-04 13:27:17,514 [Listener at 127.0.0.1/45925] INFO  ozone.MiniOzoneClusterImpl (MiniOzoneClusterImpl.java:lambda$waitForClusterToBeReady$0(219)) - Waiting for cluster to exit safe mode
2022-10-04 13:27:17,515 [Listener at 127.0.0.1/45925] INFO  ozone.MiniOzoneClusterImpl (MiniOzoneClusterImpl.java:lambda$waitForClusterToBeReady$0(221)) - SCM became leader
2022-10-04 13:27:17,515 [Datanode State Machine Daemon Thread] INFO  statemachine.DatanodeStateMachine (DatanodeStateMachine.java:lambda$startDaemon$0(492)) - Ozone container server started.
2022-10-04 13:27:17,543 [org.apache.hadoop.util.JvmPauseMonitor$Monitor@69ddb288] INFO  util.JvmPauseMonitor (JvmPauseMonitor.java:run(188)) - Starting JVM pause monitor
2022-10-04 13:27:17,551 [Datanode State Machine Task Thread - 0] INFO  datanode.InitDatanodeState (InitDatanodeState.java:persistContainerDatanodeDetails(138)) - DatanodeDetails is persisted to /home/runner/work/ozone/ozone/hadoop-ozone/integration-test/target/test-dir/MiniOzoneClusterImpl-cea6a548-c63a-4656-97b3-0431a0c2d519/datanode-2/meta/datanode.id
2022-10-04 13:27:17,577 [EndpointStateMachine task thread for /0.0.0.0:41361 - 0 ] INFO  ipc.Client (Client.java:handleConnectionFailure(977)) - Retrying connect to server: 0.0.0.0/0.0.0.0:41361. Already tried 11 time(s); retry policy is RetryUpToMaximumCountWithFixedSleep(maxRetries=15, sleepTime=1000 MILLISECONDS)
2022-10-04 13:27:18,188 [EndpointStateMachine task thread for /0.0.0.0:33611 - 0 ] INFO  volume.HddsVolume (HddsVolume.java:createDbStore(307)) - SchemaV3 db is created and loaded at /home/runner/work/ozone/ozone/hadoop-ozone/integration-test/target/test-dir/MiniOzoneClusterImpl-cea6a548-c63a-4656-97b3-0431a0c2d519/datanode-0/data-0/containers/hdds/cea6a548-c63a-4656-97b3-0431a0c2d519/DS-6537f9eb-4633-44b5-a5df-072f2d402cfb/container.db for volume DS-6537f9eb-4633-44b5-a5df-072f2d402cfb
2022-10-04 13:27:18,190 [EndpointStateMachine task thread for /0.0.0.0:33611 - 0 ] INFO  volume.HddsVolume (HddsVolume.java:closeDbStore(338)) - SchemaV3 db is stopped at /home/runner/work/ozone/ozone/hadoop-ozone/integration-test/target/test-dir/MiniOzoneClusterImpl-cea6a548-c63a-4656-97b3-0431a0c2d519/datanode-0/data-0/containers/hdds/cea6a548-c63a-4656-97b3-0431a0c2d519/DS-6537f9eb-4633-44b5-a5df-072f2d402cfb/container.db for volume DS-6537f9eb-4633-44b5-a5df-072f2d402cfb
2022-10-04 13:27:18,190 [EndpointStateMachine task thread for /0.0.0.0:33611 - 0 ] INFO  ozoneimpl.OzoneContainer (OzoneContainer.java:start(378)) - Attempting to start container services.
2022-10-04 13:27:18,190 [EndpointStateMachine task thread for /0.0.0.0:33611 - 0 ] INFO  ozoneimpl.OzoneContainer (OzoneContainer.java:startContainerScrub(313)) - Background container scanner has been disabled.
2022-10-04 13:27:18,207 [EndpointStateMachine task thread for /0.0.0.0:33611 - 0 ] INFO  replication.ReplicationServer (ReplicationServer.java:start(111)) - ReplicationServer is started using port 35989
2022-10-04 13:27:18,213 [EndpointStateMachine task thread for /0.0.0.0:33611 - 0 ] INFO  ratis.XceiverServerRatis (XceiverServerRatis.java:start(481)) - Starting XceiverServerRatis 051540aa-1c92-47a1-9435-f58d1c5cf642
2022-10-04 13:27:18,217 [EndpointStateMachine task thread for /0.0.0.0:33611 - 0 ] INFO  server.RaftServer (RaftServerProxy.java:lambda$start$6(382)) - 051540aa-1c92-47a1-9435-f58d1c5cf642: start RPC server
2022-10-04 13:27:18,222 [EndpointStateMachine task thread for /0.0.0.0:33611 - 0 ] INFO  server.GrpcService (GrpcService.java:startImpl(260)) - 051540aa-1c92-47a1-9435-f58d1c5cf642: GrpcService started, listening on 45631
2022-10-04 13:27:18,222 [EndpointStateMachine task thread for /0.0.0.0:33611 - 0 ] INFO  ratis.XceiverServerRatis (XceiverServerRatis.java:getRealPort(502)) - XceiverServerRatis 051540aa-1c92-47a1-9435-f58d1c5cf642 is started using port 45631 for RATIS
2022-10-04 13:27:18,222 [EndpointStateMachine task thread for /0.0.0.0:33611 - 0 ] INFO  ratis.XceiverServerRatis (XceiverServerRatis.java:getRealPort(502)) - XceiverServerRatis 051540aa-1c92-47a1-9435-f58d1c5cf642 is started using port 45631 for RATIS_ADMIN
2022-10-04 13:27:18,222 [EndpointStateMachine task thread for /0.0.0.0:33611 - 0 ] INFO  ratis.XceiverServerRatis (XceiverServerRatis.java:getRealPort(502)) - XceiverServerRatis 051540aa-1c92-47a1-9435-f58d1c5cf642 is started using port 45631 for RATIS_SERVER
2022-10-04 13:27:18,222 [org.apache.ratis.util.JvmPauseMonitor$$Lambda$699/75026084@1ca6a503] INFO  util.JvmPauseMonitor (JvmPauseMonitor.java:run(103)) - JvmPauseMonitor-051540aa-1c92-47a1-9435-f58d1c5cf642: Started
2022-10-04 13:27:18,245 [EndpointStateMachine task thread for /0.0.0.0:33611 - 0 ] INFO  server.XceiverServerGrpc (XceiverServerGrpc.java:start(180)) - XceiverServerGrpc 051540aa-1c92-47a1-9435-f58d1c5cf642 is started using port 36329
2022-10-04 13:27:18,515 [Listener at 127.0.0.1/45925] INFO  ozone.MiniOzoneClusterImpl (MiniOzoneClusterImpl.java:lambda$waitForClusterToBeReady$0(216)) - Waiting for nodes to be ready. Got 0 of 3 DN Heartbeats.
2022-10-04 13:27:18,515 [Listener at 127.0.0.1/45925] INFO  ozone.MiniOzoneClusterImpl (MiniOzoneClusterImpl.java:lambda$waitForClusterToBeReady$0(219)) - Waiting for cluster to exit safe mode
2022-10-04 13:27:18,516 [Listener at 127.0.0.1/45925] INFO  ozone.MiniOzoneClusterImpl (MiniOzoneClusterImpl.java:lambda$waitForClusterToBeReady$0(221)) - SCM became leader
2022-10-04 13:27:18,577 [EndpointStateMachine task thread for /0.0.0.0:41361 - 0 ] INFO  ipc.Client (Client.java:handleConnectionFailure(977)) - Retrying connect to server: 0.0.0.0/0.0.0.0:41361. Already tried 12 time(s); retry policy is RetryUpToMaximumCountWithFixedSleep(maxRetries=15, sleepTime=1000 MILLISECONDS)
2022-10-04 13:27:18,919 [EndpointStateMachine task thread for /0.0.0.0:33611 - 0 ] INFO  volume.HddsVolume (HddsVolume.java:createDbStore(307)) - SchemaV3 db is created and loaded at /home/runner/work/ozone/ozone/hadoop-ozone/integration-test/target/test-dir/MiniOzoneClusterImpl-cea6a548-c63a-4656-97b3-0431a0c2d519/datanode-1/data-0/containers/hdds/cea6a548-c63a-4656-97b3-0431a0c2d519/DS-7d905365-0c01-4cbe-b7e6-a4991ee57e65/container.db for volume DS-7d905365-0c01-4cbe-b7e6-a4991ee57e65
2022-10-04 13:27:18,920 [EndpointStateMachine task thread for /0.0.0.0:33611 - 0 ] INFO  volume.HddsVolume (HddsVolume.java:closeDbStore(338)) - SchemaV3 db is stopped at /home/runner/work/ozone/ozone/hadoop-ozone/integration-test/target/test-dir/MiniOzoneClusterImpl-cea6a548-c63a-4656-97b3-0431a0c2d519/datanode-1/data-0/containers/hdds/cea6a548-c63a-4656-97b3-0431a0c2d519/DS-7d905365-0c01-4cbe-b7e6-a4991ee57e65/container.db for volume DS-7d905365-0c01-4cbe-b7e6-a4991ee57e65
2022-10-04 13:27:18,920 [EndpointStateMachine task thread for /0.0.0.0:33611 - 0 ] INFO  ozoneimpl.OzoneContainer (OzoneContainer.java:start(378)) - Attempting to start container services.
2022-10-04 13:27:18,920 [EndpointStateMachine task thread for /0.0.0.0:33611 - 0 ] INFO  ozoneimpl.OzoneContainer (OzoneContainer.java:startContainerScrub(313)) - Background container scanner has been disabled.
2022-10-04 13:27:18,929 [EndpointStateMachine task thread for /0.0.0.0:33611 - 0 ] INFO  replication.ReplicationServer (ReplicationServer.java:start(111)) - ReplicationServer is started using port 38093
2022-10-04 13:27:18,933 [EndpointStateMachine task thread for /0.0.0.0:33611 - 0 ] INFO  ratis.XceiverServerRatis (XceiverServerRatis.java:start(481)) - Starting XceiverServerRatis b813d9d6-d2da-4871-aa28-8feeebf6a2b1
2022-10-04 13:27:18,934 [EndpointStateMachine task thread for /0.0.0.0:33611 - 0 ] INFO  server.RaftServer (RaftServerProxy.java:lambda$start$6(382)) - b813d9d6-d2da-4871-aa28-8feeebf6a2b1: start RPC server
2022-10-04 13:27:18,944 [EndpointStateMachine task thread for /0.0.0.0:33611 - 0 ] INFO  server.GrpcService (GrpcService.java:startImpl(260)) - b813d9d6-d2da-4871-aa28-8feeebf6a2b1: GrpcService started, listening on 39827
2022-10-04 13:27:18,944 [EndpointStateMachine task thread for /0.0.0.0:33611 - 0 ] INFO  ratis.XceiverServerRatis (XceiverServerRatis.java:getRealPort(502)) - XceiverServerRatis b813d9d6-d2da-4871-aa28-8feeebf6a2b1 is started using port 39827 for RATIS
2022-10-04 13:27:18,944 [EndpointStateMachine task thread for /0.0.0.0:33611 - 0 ] INFO  ratis.XceiverServerRatis (XceiverServerRatis.java:getRealPort(502)) - XceiverServerRatis b813d9d6-d2da-4871-aa28-8feeebf6a2b1 is started using port 39827 for RATIS_ADMIN
2022-10-04 13:27:18,944 [EndpointStateMachine task thread for /0.0.0.0:33611 - 0 ] INFO  ratis.XceiverServerRatis (XceiverServerRatis.java:getRealPort(502)) - XceiverServerRatis b813d9d6-d2da-4871-aa28-8feeebf6a2b1 is started using port 39827 for RATIS_SERVER
2022-10-04 13:27:18,944 [org.apache.ratis.util.JvmPauseMonitor$$Lambda$699/75026084@bed98b9] INFO  util.JvmPauseMonitor (JvmPauseMonitor.java:run(103)) - JvmPauseMonitor-b813d9d6-d2da-4871-aa28-8feeebf6a2b1: Started
2022-10-04 13:27:18,955 [EndpointStateMachine task thread for /0.0.0.0:33611 - 0 ] INFO  server.XceiverServerGrpc (XceiverServerGrpc.java:start(180)) - XceiverServerGrpc b813d9d6-d2da-4871-aa28-8feeebf6a2b1 is started using port 42549
2022-10-04 13:27:19,516 [Listener at 127.0.0.1/45925] INFO  ozone.MiniOzoneClusterImpl (MiniOzoneClusterImpl.java:lambda$waitForClusterToBeReady$0(216)) - Waiting for nodes to be ready. Got 0 of 3 DN Heartbeats.
2022-10-04 13:27:19,516 [Listener at 127.0.0.1/45925] INFO  ozone.MiniOzoneClusterImpl (MiniOzoneClusterImpl.java:lambda$waitForClusterToBeReady$0(219)) - Waiting for cluster to exit safe mode
2022-10-04 13:27:19,516 [Listener at 127.0.0.1/45925] INFO  ozone.MiniOzoneClusterImpl (MiniOzoneClusterImpl.java:lambda$waitForClusterToBeReady$0(221)) - SCM became leader
2022-10-04 13:27:19,578 [EndpointStateMachine task thread for /0.0.0.0:41361 - 0 ] INFO  ipc.Client (Client.java:handleConnectionFailure(977)) - Retrying connect to server: 0.0.0.0/0.0.0.0:41361. Already tried 13 time(s); retry policy is RetryUpToMaximumCountWithFixedSleep(maxRetries=15, sleepTime=1000 MILLISECONDS)
2022-10-04 13:27:19,600 [EndpointStateMachine task thread for /0.0.0.0:33611 - 0 ] INFO  volume.HddsVolume (HddsVolume.java:createDbStore(307)) - SchemaV3 db is created and loaded at /home/runner/work/ozone/ozone/hadoop-ozone/integration-test/target/test-dir/MiniOzoneClusterImpl-cea6a548-c63a-4656-97b3-0431a0c2d519/datanode-2/data-0/containers/hdds/cea6a548-c63a-4656-97b3-0431a0c2d519/DS-5fd428e0-9200-4711-9eff-c4d66cbf719a/container.db for volume DS-5fd428e0-9200-4711-9eff-c4d66cbf719a
2022-10-04 13:27:19,601 [EndpointStateMachine task thread for /0.0.0.0:33611 - 0 ] INFO  volume.HddsVolume (HddsVolume.java:closeDbStore(338)) - SchemaV3 db is stopped at /home/runner/work/ozone/ozone/hadoop-ozone/integration-test/target/test-dir/MiniOzoneClusterImpl-cea6a548-c63a-4656-97b3-0431a0c2d519/datanode-2/data-0/containers/hdds/cea6a548-c63a-4656-97b3-0431a0c2d519/DS-5fd428e0-9200-4711-9eff-c4d66cbf719a/container.db for volume DS-5fd428e0-9200-4711-9eff-c4d66cbf719a
2022-10-04 13:27:19,601 [EndpointStateMachine task thread for /0.0.0.0:33611 - 0 ] INFO  ozoneimpl.OzoneContainer (OzoneContainer.java:start(378)) - Attempting to start container services.
2022-10-04 13:27:19,601 [EndpointStateMachine task thread for /0.0.0.0:33611 - 0 ] INFO  ozoneimpl.OzoneContainer (OzoneContainer.java:startContainerScrub(313)) - Background container scanner has been disabled.
2022-10-04 13:27:19,614 [EndpointStateMachine task thread for /0.0.0.0:33611 - 0 ] INFO  replication.ReplicationServer (ReplicationServer.java:start(111)) - ReplicationServer is started using port 35433
2022-10-04 13:27:19,618 [EndpointStateMachine task thread for /0.0.0.0:33611 - 0 ] INFO  ratis.XceiverServerRatis (XceiverServerRatis.java:start(481)) - Starting XceiverServerRatis 7a71dd4d-a1c2-4b48-bfe9-22ab957e1741
2022-10-04 13:27:19,619 [EndpointStateMachine task thread for /0.0.0.0:33611 - 0 ] INFO  server.RaftServer (RaftServerProxy.java:lambda$start$6(382)) - 7a71dd4d-a1c2-4b48-bfe9-22ab957e1741: start RPC server
2022-10-04 13:27:19,621 [EndpointStateMachine task thread for /0.0.0.0:33611 - 0 ] INFO  server.GrpcService (GrpcService.java:startImpl(260)) - 7a71dd4d-a1c2-4b48-bfe9-22ab957e1741: GrpcService started, listening on 40789
2022-10-04 13:27:19,632 [EndpointStateMachine task thread for /0.0.0.0:33611 - 0 ] INFO  ratis.XceiverServerRatis (XceiverServerRatis.java:getRealPort(502)) - XceiverServerRatis 7a71dd4d-a1c2-4b48-bfe9-22ab957e1741 is started using port 40789 for RATIS
2022-10-04 13:27:19,632 [EndpointStateMachine task thread for /0.0.0.0:33611 - 0 ] INFO  ratis.XceiverServerRatis (XceiverServerRatis.java:getRealPort(502)) - XceiverServerRatis 7a71dd4d-a1c2-4b48-bfe9-22ab957e1741 is started using port 40789 for RATIS_ADMIN
2022-10-04 13:27:19,632 [EndpointStateMachine task thread for /0.0.0.0:33611 - 0 ] INFO  ratis.XceiverServerRatis (XceiverServerRatis.java:getRealPort(502)) - XceiverServerRatis 7a71dd4d-a1c2-4b48-bfe9-22ab957e1741 is started using port 40789 for RATIS_SERVER
2022-10-04 13:27:19,633 [org.apache.ratis.util.JvmPauseMonitor$$Lambda$699/75026084@740dd537] INFO  util.JvmPauseMonitor (JvmPauseMonitor.java:run(103)) - JvmPauseMonitor-7a71dd4d-a1c2-4b48-bfe9-22ab957e1741: Started
2022-10-04 13:27:19,647 [EndpointStateMachine task thread for /0.0.0.0:33611 - 0 ] INFO  server.XceiverServerGrpc (XceiverServerGrpc.java:start(180)) - XceiverServerGrpc 7a71dd4d-a1c2-4b48-bfe9-22ab957e1741 is started using port 33405
2022-10-04 13:27:20,095 [IPC Server handler 1 on default port 33611] INFO  net.NetworkTopologyImpl (NetworkTopologyImpl.java:add(112)) - Added a new node: /default-rack/051540aa-1c92-47a1-9435-f58d1c5cf642
2022-10-04 13:27:20,095 [IPC Server handler 1 on default port 33611] INFO  node.SCMNodeManager (SCMNodeManager.java:register(397)) - Registered Data node : 051540aa-1c92-47a1-9435-f58d1c5cf642{ip: 10.1.1.108, host: fv-az573-645.uspngagyt4suddso0aj1djjezg.dx.internal.cloudapp.net, ports: [REPLICATION=35989, RATIS=45631, RATIS_ADMIN=45631, RATIS_SERVER=45631, STANDALONE=36329], networkLocation: /default-rack, certSerialId: null, persistedOpState: null, persistedOpStateExpiryEpochSec: 0}
2022-10-04 13:27:20,103 [EventQueue-NodeRegistrationContainerReportForContainerSafeModeRule] INFO  safemode.SCMSafeModeManager (SCMSafeModeManager.java:validateSafeModeExitRules(204)) - ContainerSafeModeRule rule is successfully validated
2022-10-04 13:27:20,103 [EventQueue-NodeRegistrationContainerReportForDataNodeSafeModeRule] INFO  safemode.SCMSafeModeManager (DataNodeSafeModeRule.java:process(71)) - SCM in safe mode. 1 DataNodes registered, 3 required.
2022-10-04 13:27:20,114 [EventQueue-NewNodeForNewNodeHandler] INFO  pipeline.BackgroundPipelineCreator (BackgroundPipelineCreator.java:notifyEventTriggered(276)) - trigger a one-shot run on RatisPipelineUtilsThread.
2022-10-04 13:27:20,115 [RatisPipelineUtilsThread - 0] INFO  pipeline.RatisPipelineProvider (RatisPipelineProvider.java:lambda$create$0(195)) - Sending CreatePipelineCommand for pipeline:PipelineID=7ae1e72c-1c7f-4289-a0e1-a60260b67479 to datanode:051540aa-1c92-47a1-9435-f58d1c5cf642
2022-10-04 13:27:20,121 [RatisPipelineUtilsThread - 0] INFO  pipeline.PipelineStateManagerImpl (PipelineStateManagerImpl.java:addPipeline(103)) - Created pipeline Pipeline[ Id: 7ae1e72c-1c7f-4289-a0e1-a60260b67479, Nodes: 051540aa-1c92-47a1-9435-f58d1c5cf642{ip: 10.1.1.108, host: fv-az573-645.uspngagyt4suddso0aj1djjezg.dx.internal.cloudapp.net, ports: [REPLICATION=35989, RATIS=45631, RATIS_ADMIN=45631, RATIS_SERVER=45631, STANDALONE=36329], networkLocation: /default-rack, certSerialId: null, persistedOpState: IN_SERVICE, persistedOpStateExpiryEpochSec: 0}, ReplicationConfig: RATIS/ONE, State:ALLOCATED, leaderId:, CreationTimestamp2022-10-04T13:27:20.114Z[Etc/UTC]].
2022-10-04 13:27:20,123 [EventQueue-PipelineReportForOneReplicaPipelineSafeModeRule] INFO  safemode.SCMSafeModeManager (SCMSafeModeManager.java:validateSafeModeExitRules(204)) - AtleastOneDatanodeReportedRule rule is successfully validated
2022-10-04 13:27:20,517 [Listener at 127.0.0.1/45925] INFO  ozone.MiniOzoneClusterImpl (MiniOzoneClusterImpl.java:lambda$waitForClusterToBeReady$0(216)) - Waiting for nodes to be ready. Got 1 of 3 DN Heartbeats.
2022-10-04 13:27:20,517 [Listener at 127.0.0.1/45925] INFO  ozone.MiniOzoneClusterImpl (MiniOzoneClusterImpl.java:lambda$waitForClusterToBeReady$0(219)) - Waiting for cluster to exit safe mode
2022-10-04 13:27:20,517 [Listener at 127.0.0.1/45925] INFO  ozone.MiniOzoneClusterImpl (MiniOzoneClusterImpl.java:lambda$waitForClusterToBeReady$0(221)) - SCM became leader
2022-10-04 13:27:20,579 [EndpointStateMachine task thread for /0.0.0.0:41361 - 0 ] INFO  ipc.Client (Client.java:handleConnectionFailure(977)) - Retrying connect to server: 0.0.0.0/0.0.0.0:41361. Already tried 14 time(s); retry policy is RetryUpToMaximumCountWithFixedSleep(maxRetries=15, sleepTime=1000 MILLISECONDS)
2022-10-04 13:27:20,857 [IPC Server handler 1 on default port 33611] INFO  net.NetworkTopologyImpl (NetworkTopologyImpl.java:add(112)) - Added a new node: /default-rack/b813d9d6-d2da-4871-aa28-8feeebf6a2b1
2022-10-04 13:27:20,857 [IPC Server handler 1 on default port 33611] INFO  node.SCMNodeManager (SCMNodeManager.java:register(397)) - Registered Data node : b813d9d6-d2da-4871-aa28-8feeebf6a2b1{ip: 10.1.1.108, host: fv-az573-645.uspngagyt4suddso0aj1djjezg.dx.internal.cloudapp.net, ports: [REPLICATION=38093, RATIS=39827, RATIS_ADMIN=39827, RATIS_SERVER=39827, STANDALONE=42549], networkLocation: /default-rack, certSerialId: null, persistedOpState: null, persistedOpStateExpiryEpochSec: 0}
2022-10-04 13:27:20,857 [EventQueue-NewNodeForNewNodeHandler] INFO  pipeline.BackgroundPipelineCreator (BackgroundPipelineCreator.java:notifyEventTriggered(276)) - trigger a one-shot run on RatisPipelineUtilsThread.
2022-10-04 13:27:20,859 [EventQueue-NodeRegistrationContainerReportForDataNodeSafeModeRule] INFO  safemode.SCMSafeModeManager (DataNodeSafeModeRule.java:process(71)) - SCM in safe mode. 2 DataNodes registered, 3 required.
2022-10-04 13:27:20,867 [RatisPipelineUtilsThread - 0] INFO  pipeline.RatisPipelineProvider (RatisPipelineProvider.java:lambda$create$0(195)) - Sending CreatePipelineCommand for pipeline:PipelineID=728b8bd3-1342-465a-8443-0c5bc8607809 to datanode:b813d9d6-d2da-4871-aa28-8feeebf6a2b1
2022-10-04 13:27:20,867 [RatisPipelineUtilsThread - 0] INFO  pipeline.PipelineStateManagerImpl (PipelineStateManagerImpl.java:addPipeline(103)) - Created pipeline Pipeline[ Id: 728b8bd3-1342-465a-8443-0c5bc8607809, Nodes: b813d9d6-d2da-4871-aa28-8feeebf6a2b1{ip: 10.1.1.108, host: fv-az573-645.uspngagyt4suddso0aj1djjezg.dx.internal.cloudapp.net, ports: [REPLICATION=38093, RATIS=39827, RATIS_ADMIN=39827, RATIS_SERVER=39827, STANDALONE=42549], networkLocation: /default-rack, certSerialId: null, persistedOpState: IN_SERVICE, persistedOpStateExpiryEpochSec: 0}, ReplicationConfig: RATIS/ONE, State:ALLOCATED, leaderId:, CreationTimestamp2022-10-04T13:27:20.867Z[Etc/UTC]].
2022-10-04 13:27:21,517 [Listener at 127.0.0.1/45925] INFO  ozone.MiniOzoneClusterImpl (MiniOzoneClusterImpl.java:lambda$waitForClusterToBeReady$0(216)) - Waiting for nodes to be ready. Got 2 of 3 DN Heartbeats.
2022-10-04 13:27:21,518 [Listener at 127.0.0.1/45925] INFO  ozone.MiniOzoneClusterImpl (MiniOzoneClusterImpl.java:lambda$waitForClusterToBeReady$0(219)) - Waiting for cluster to exit safe mode
2022-10-04 13:27:21,518 [Listener at 127.0.0.1/45925] INFO  ozone.MiniOzoneClusterImpl (MiniOzoneClusterImpl.java:lambda$waitForClusterToBeReady$0(221)) - SCM became leader
2022-10-04 13:27:21,546 [IPC Server handler 0 on default port 33611] INFO  net.NetworkTopologyImpl (NetworkTopologyImpl.java:add(112)) - Added a new node: /default-rack/7a71dd4d-a1c2-4b48-bfe9-22ab957e1741
2022-10-04 13:27:21,547 [IPC Server handler 0 on default port 33611] INFO  node.SCMNodeManager (SCMNodeManager.java:register(397)) - Registered Data node : 7a71dd4d-a1c2-4b48-bfe9-22ab957e1741{ip: 10.1.1.108, host: fv-az573-645.uspngagyt4suddso0aj1djjezg.dx.internal.cloudapp.net, ports: [REPLICATION=35433, RATIS=40789, RATIS_ADMIN=40789, RATIS_SERVER=40789, STANDALONE=33405], networkLocation: /default-rack, certSerialId: null, persistedOpState: null, persistedOpStateExpiryEpochSec: 0}
2022-10-04 13:27:21,547 [EventQueue-NewNodeForNewNodeHandler] INFO  pipeline.BackgroundPipelineCreator (BackgroundPipelineCreator.java:notifyEventTriggered(276)) - trigger a one-shot run on RatisPipelineUtilsThread.
2022-10-04 13:27:21,553 [EventQueue-NodeRegistrationContainerReportForDataNodeSafeModeRule] INFO  safemode.SCMSafeModeManager (DataNodeSafeModeRule.java:process(71)) - SCM in safe mode. 3 DataNodes registered, 3 required.
2022-10-04 13:27:21,553 [EventQueue-NodeRegistrationContainerReportForDataNodeSafeModeRule] INFO  safemode.SCMSafeModeManager (SCMSafeModeManager.java:validateSafeModeExitRules(204)) - DataNodeSafeModeRule rule is successfully validated
2022-10-04 13:27:21,553 [EventQueue-NodeRegistrationContainerReportForDataNodeSafeModeRule] INFO  safemode.SCMSafeModeManager (SCMSafeModeManager.java:completePreCheck(233)) - All SCM safe mode pre check rules have passed
2022-10-04 13:27:21,553 [EventQueue-NodeRegistrationContainerReportForDataNodeSafeModeRule] WARN  events.EventQueue (EventQueue.java:fireEvent(216)) - No event handler registered for event TypedEvent{payloadType=SafeModeStatus, name='Safe mode status'}
2022-10-04 13:27:21,553 [EventQueue-NodeRegistrationContainerReportForDataNodeSafeModeRule] INFO  ha.SCMContext (SCMContext.java:updateSafeModeStatus(228)) - Update SafeModeStatus from SafeModeStatus{safeModeStatus=true, preCheckPassed=false} to SafeModeStatus{safeModeStatus=true, preCheckPassed=true}.
2022-10-04 13:27:21,555 [EventQueue-NodeRegistrationContainerReportForDataNodeSafeModeRule] INFO  pipeline.BackgroundPipelineCreator (BackgroundPipelineCreator.java:notifyEventTriggered(276)) - trigger a one-shot run on RatisPipelineUtilsThread.
2022-10-04 13:27:21,555 [RatisPipelineUtilsThread - 0] INFO  pipeline.RatisPipelineProvider (RatisPipelineProvider.java:lambda$create$0(195)) - Sending CreatePipelineCommand for pipeline:PipelineID=2fb4ceb8-4653-465b-a217-fbac5a015e32 to datanode:7a71dd4d-a1c2-4b48-bfe9-22ab957e1741
2022-10-04 13:27:21,556 [RatisPipelineUtilsThread - 0] INFO  pipeline.PipelineStateManagerImpl (PipelineStateManagerImpl.java:addPipeline(103)) - Created pipeline Pipeline[ Id: 2fb4ceb8-4653-465b-a217-fbac5a015e32, Nodes: 7a71dd4d-a1c2-4b48-bfe9-22ab957e1741{ip: 10.1.1.108, host: fv-az573-645.uspngagyt4suddso0aj1djjezg.dx.internal.cloudapp.net, ports: [REPLICATION=35433, RATIS=40789, RATIS_ADMIN=40789, RATIS_SERVER=40789, STANDALONE=33405], networkLocation: /default-rack, certSerialId: null, persistedOpState: IN_SERVICE, persistedOpStateExpiryEpochSec: 0}, ReplicationConfig: RATIS/ONE, State:ALLOCATED, leaderId:, CreationTimestamp2022-10-04T13:27:21.555Z[Etc/UTC]].
2022-10-04 13:27:21,558 [RatisPipelineUtilsThread - 0] INFO  pipeline.RatisPipelineProvider (RatisPipelineProvider.java:lambda$create$0(195)) - Sending CreatePipelineCommand for pipeline:PipelineID=dbe4ec47-1604-4602-8b3d-f3d8d091b279 to datanode:7a71dd4d-a1c2-4b48-bfe9-22ab957e1741
2022-10-04 13:27:21,558 [RatisPipelineUtilsThread - 0] INFO  pipeline.RatisPipelineProvider (RatisPipelineProvider.java:lambda$create$0(195)) - Sending CreatePipelineCommand for pipeline:PipelineID=dbe4ec47-1604-4602-8b3d-f3d8d091b279 to datanode:051540aa-1c92-47a1-9435-f58d1c5cf642
2022-10-04 13:27:21,558 [RatisPipelineUtilsThread - 0] INFO  pipeline.RatisPipelineProvider (RatisPipelineProvider.java:lambda$create$0(195)) - Sending CreatePipelineCommand for pipeline:PipelineID=dbe4ec47-1604-4602-8b3d-f3d8d091b279 to datanode:b813d9d6-d2da-4871-aa28-8feeebf6a2b1
2022-10-04 13:27:21,558 [RatisPipelineUtilsThread - 0] INFO  pipeline.PipelineStateManagerImpl (PipelineStateManagerImpl.java:addPipeline(103)) - Created pipeline Pipeline[ Id: dbe4ec47-1604-4602-8b3d-f3d8d091b279, Nodes: 7a71dd4d-a1c2-4b48-bfe9-22ab957e1741{ip: 10.1.1.108, host: fv-az573-645.uspngagyt4suddso0aj1djjezg.dx.internal.cloudapp.net, ports: [REPLICATION=35433, RATIS=40789, RATIS_ADMIN=40789, RATIS_SERVER=40789, STANDALONE=33405], networkLocation: /default-rack, certSerialId: null, persistedOpState: IN_SERVICE, persistedOpStateExpiryEpochSec: 0}051540aa-1c92-47a1-9435-f58d1c5cf642{ip: 10.1.1.108, host: fv-az573-645.uspngagyt4suddso0aj1djjezg.dx.internal.cloudapp.net, ports: [REPLICATION=35989, RATIS=45631, RATIS_ADMIN=45631, RATIS_SERVER=45631, STANDALONE=36329], networkLocation: /default-rack, certSerialId: null, persistedOpState: IN_SERVICE, persistedOpStateExpiryEpochSec: 0}b813d9d6-d2da-4871-aa28-8feeebf6a2b1{ip: 10.1.1.108, host: fv-az573-645.uspngagyt4suddso0aj1djjezg.dx.internal.cloudapp.net, ports: [REPLICATION=38093, RATIS=39827, RATIS_ADMIN=39827, RATIS_SERVER=39827, STANDALONE=42549], networkLocation: /default-rack, certSerialId: null, persistedOpState: IN_SERVICE, persistedOpStateExpiryEpochSec: 0}, ReplicationConfig: RATIS/THREE, State:ALLOCATED, leaderId:, CreationTimestamp2022-10-04T13:27:21.558Z[Etc/UTC]].
2022-10-04 13:27:21,559 [RatisPipelineUtilsThread - 0] INFO  pipeline.RatisPipelineProvider (RatisPipelineProvider.java:lambda$create$0(195)) - Sending CreatePipelineCommand for pipeline:PipelineID=746c321d-c009-48f2-a172-00c9fe82da7b to datanode:b813d9d6-d2da-4871-aa28-8feeebf6a2b1
2022-10-04 13:27:21,559 [RatisPipelineUtilsThread - 0] INFO  pipeline.RatisPipelineProvider (RatisPipelineProvider.java:lambda$create$0(195)) - Sending CreatePipelineCommand for pipeline:PipelineID=746c321d-c009-48f2-a172-00c9fe82da7b to datanode:7a71dd4d-a1c2-4b48-bfe9-22ab957e1741
2022-10-04 13:27:21,559 [RatisPipelineUtilsThread - 0] INFO  pipeline.RatisPipelineProvider (RatisPipelineProvider.java:lambda$create$0(195)) - Sending CreatePipelineCommand for pipeline:PipelineID=746c321d-c009-48f2-a172-00c9fe82da7b to datanode:051540aa-1c92-47a1-9435-f58d1c5cf642
2022-10-04 13:27:21,559 [RatisPipelineUtilsThread - 0] INFO  pipeline.PipelineStateManagerImpl (PipelineStateManagerImpl.java:addPipeline(103)) - Created pipeline Pipeline[ Id: 746c321d-c009-48f2-a172-00c9fe82da7b, Nodes: b813d9d6-d2da-4871-aa28-8feeebf6a2b1{ip: 10.1.1.108, host: fv-az573-645.uspngagyt4suddso0aj1djjezg.dx.internal.cloudapp.net, ports: [REPLICATION=38093, RATIS=39827, RATIS_ADMIN=39827, RATIS_SERVER=39827, STANDALONE=42549], networkLocation: /default-rack, certSerialId: null, persistedOpState: IN_SERVICE, persistedOpStateExpiryEpochSec: 0}7a71dd4d-a1c2-4b48-bfe9-22ab957e1741{ip: 10.1.1.108, host: fv-az573-645.uspngagyt4suddso0aj1djjezg.dx.internal.cloudapp.net, ports: [REPLICATION=35433, RATIS=40789, RATIS_ADMIN=40789, RATIS_SERVER=40789, STANDALONE=33405], networkLocation: /default-rack, certSerialId: null, persistedOpState: IN_SERVICE, persistedOpStateExpiryEpochSec: 0}051540aa-1c92-47a1-9435-f58d1c5cf642{ip: 10.1.1.108, host: fv-az573-645.uspngagyt4suddso0aj1djjezg.dx.internal.cloudapp.net, ports: [REPLICATION=35989, RATIS=45631, RATIS_ADMIN=45631, RATIS_SERVER=45631, STANDALONE=36329], networkLocation: /default-rack, certSerialId: null, persistedOpState: IN_SERVICE, persistedOpStateExpiryEpochSec: 0}, ReplicationConfig: RATIS/THREE, State:ALLOCATED, leaderId:, CreationTimestamp2022-10-04T13:27:21.559Z[Etc/UTC]].
2022-10-04 13:27:21,560 [RatisPipelineUtilsThread - 0] INFO  pipeline.PipelineManagerImpl (PipelineManagerImpl.java:recordMetricsForPipeline(796)) - Pipeline: PipelineID=746c321d-c009-48f2-a172-00c9fe82da7b contains same datanodes as previous pipelines: PipelineID=dbe4ec47-1604-4602-8b3d-f3d8d091b279 nodeIds: b813d9d6-d2da-4871-aa28-8feeebf6a2b1, 7a71dd4d-a1c2-4b48-bfe9-22ab957e1741, 051540aa-1c92-47a1-9435-f58d1c5cf642
2022-10-04 13:27:21,581 [EndpointStateMachine task thread for /0.0.0.0:41361 - 0 ] INFO  ipc.Client (Client.java:handleConnectionFailure(977)) - Retrying connect to server: 0.0.0.0/0.0.0.0:41361. Already tried 0 time(s); retry policy is RetryUpToMaximumCountWithFixedSleep(maxRetries=15, sleepTime=1000 MILLISECONDS)
2022-10-04 13:27:22,518 [Listener at 127.0.0.1/45925] INFO  ozone.MiniOzoneClusterImpl (MiniOzoneClusterImpl.java:lambda$waitForClusterToBeReady$0(216)) - Nodes are ready. Got 3 of 3 DN Heartbeats.
2022-10-04 13:27:22,519 [Listener at 127.0.0.1/45925] INFO  ozone.MiniOzoneClusterImpl (MiniOzoneClusterImpl.java:lambda$waitForClusterToBeReady$0(219)) - Waiting for cluster to exit safe mode
2022-10-04 13:27:22,519 [Listener at 127.0.0.1/45925] INFO  ozone.MiniOzoneClusterImpl (MiniOzoneClusterImpl.java:lambda$waitForClusterToBeReady$0(221)) - SCM became leader
2022-10-04 13:27:22,581 [EndpointStateMachine task thread for /0.0.0.0:41361 - 0 ] INFO  ipc.Client (Client.java:handleConnectionFailure(977)) - Retrying connect to server: 0.0.0.0/0.0.0.0:41361. Already tried 1 time(s); retry policy is RetryUpToMaximumCountWithFixedSleep(maxRetries=15, sleepTime=1000 MILLISECONDS)
2022-10-04 13:27:23,087 [Command processor thread] INFO  server.RaftServer (RaftServerProxy.java:addNew(96)) - 051540aa-1c92-47a1-9435-f58d1c5cf642: addNew group-A60260B67479:[051540aa-1c92-47a1-9435-f58d1c5cf642|rpc:10.1.1.108:45631|priority:1] returns group-A60260B67479:java.util.concurrent.CompletableFuture@2fa2a166[Not completed]
2022-10-04 13:27:23,089 [pool-557-thread-1] INFO  server.RaftServer$Division (RaftServerImpl.java:<init>(190)) - 051540aa-1c92-47a1-9435-f58d1c5cf642: new RaftServerImpl for group-A60260B67479:[051540aa-1c92-47a1-9435-f58d1c5cf642|rpc:10.1.1.108:45631|priority:1] with ContainerStateMachine:uninitialized
2022-10-04 13:27:23,089 [pool-557-thread-1] INFO  server.RaftServerConfigKeys (ConfUtils.java:logGet(46)) - raft.server.rpc.timeout.min = 5s (custom)
2022-10-04 13:27:23,089 [pool-557-thread-1] INFO  server.RaftServerConfigKeys (ConfUtils.java:logGet(46)) - raft.server.rpc.timeout.max = 5200ms (custom)
2022-10-04 13:27:23,089 [pool-557-thread-1] INFO  server.RaftServerConfigKeys (ConfUtils.java:logGet(46)) - raft.server.rpc.sleep.time = 25ms (default)
2022-10-04 13:27:23,089 [pool-557-thread-1] INFO  server.RaftServerConfigKeys (ConfUtils.java:logGet(46)) - raft.server.rpc.slowness.timeout = 300s (custom)
2022-10-04 13:27:23,089 [pool-557-thread-1] INFO  server.RaftServerConfigKeys (ConfUtils.java:logGet(46)) - raft.server.leaderelection.leader.step-down.wait-time = 10s (default)
2022-10-04 13:27:23,089 [pool-557-thread-1] INFO  server.RaftServerConfigKeys (ConfUtils.java:logGet(46)) - raft.server.sleep.deviation.threshold = 300ms (default)
2022-10-04 13:27:23,089 [pool-557-thread-1] INFO  server.RaftServer$Division (ServerState.java:<init>(107)) - 051540aa-1c92-47a1-9435-f58d1c5cf642@group-A60260B67479: ConfigurationManager, init=-1: [051540aa-1c92-47a1-9435-f58d1c5cf642|rpc:10.1.1.108:45631|priority:1], old=null, confs=<EMPTY_MAP>
2022-10-04 13:27:23,089 [pool-557-thread-1] INFO  server.RaftServerConfigKeys (ConfUtils.java:logGet(46)) - raft.server.storage.dir = [/home/runner/work/ozone/ozone/hadoop-ozone/integration-test/target/test-dir/MiniOzoneClusterImpl-cea6a548-c63a-4656-97b3-0431a0c2d519/datanode-0/data/ratis] (custom)
2022-10-04 13:27:23,090 [pool-557-thread-1] INFO  server.RaftServerConfigKeys (ConfUtils.java:logGet(46)) - raft.server.log.corruption.policy = EXCEPTION (default)
2022-10-04 13:27:23,090 [pool-557-thread-1] INFO  server.RaftServerConfigKeys (ConfUtils.java:logGet(46)) - raft.server.storage.free-space.min = 0MB (=0) (default)
2022-10-04 13:27:23,090 [pool-557-thread-1] INFO  storage.RaftStorageDirectory (RaftStorageDirectoryImpl.java:analyzeStorage(135)) - The storage directory /home/runner/work/ozone/ozone/hadoop-ozone/integration-test/target/test-dir/MiniOzoneClusterImpl-cea6a548-c63a-4656-97b3-0431a0c2d519/datanode-0/data/ratis/7ae1e72c-1c7f-4289-a0e1-a60260b67479 does not exist. Creating ...
2022-10-04 13:27:23,095 [pool-557-thread-1] INFO  storage.RaftStorageDirectory (RaftStorageDirectoryImpl.java:tryLock(230)) - Lock on /home/runner/work/ozone/ozone/hadoop-ozone/integration-test/target/test-dir/MiniOzoneClusterImpl-cea6a548-c63a-4656-97b3-0431a0c2d519/datanode-0/data/ratis/7ae1e72c-1c7f-4289-a0e1-a60260b67479/in_use.lock acquired by nodename 42070@fv-az573-645
2022-10-04 13:27:23,101 [pool-557-thread-1] INFO  storage.RaftStorage (RaftStorageImpl.java:format(89)) - Storage directory /home/runner/work/ozone/ozone/hadoop-ozone/integration-test/target/test-dir/MiniOzoneClusterImpl-cea6a548-c63a-4656-97b3-0431a0c2d519/datanode-0/data/ratis/7ae1e72c-1c7f-4289-a0e1-a60260b67479 has been successfully formatted.
2022-10-04 13:27:23,104 [pool-557-thread-1] INFO  ratis.ContainerStateMachine (ContainerStateMachine.java:loadSnapshot(236)) - group-A60260B67479: The snapshot info is null. Setting the last applied indexto:(t:0, i:~)
2022-10-04 13:27:23,105 [pool-557-thread-1] INFO  server.RaftServerConfigKeys (ConfUtils.java:logGet(46)) - raft.server.notification.no-leader.timeout = 300s (custom)
2022-10-04 13:27:23,105 [pool-557-thread-1] INFO  server.RaftServerConfigKeys (ConfUtils.java:logGet(46)) - raft.server.log.use.memory = false (default)
2022-10-04 13:27:23,105 [pool-557-thread-1] INFO  server.RaftServerConfigKeys (ConfUtils.java:logGet(46)) - raft.server.log.purge.gap = 1000000 (custom)
2022-10-04 13:27:23,105 [pool-557-thread-1] INFO  server.RaftServerConfigKeys (ConfUtils.java:logGet(46)) - raft.server.log.appender.buffer.byte-limit = 33554432 (custom)
2022-10-04 13:27:23,105 [pool-557-thread-1] INFO  server.RaftServerConfigKeys (ConfUtils.java:logGet(46)) - raft.server.log.statemachine.data.read.timeout = 1000ms (default)
2022-10-04 13:27:23,106 [pool-557-thread-1] INFO  server.RaftServerConfigKeys (ConfUtils.java:logGet(46)) - raft.server.log.segment.size.max = 1048576 (custom)
2022-10-04 13:27:23,106 [EventQueue-PipelineReportForPipelineReportHandler] INFO  pipeline.PipelineManagerImpl (PipelineManagerImpl.java:openPipeline(367)) - Pipeline Pipeline[ Id: 7ae1e72c-1c7f-4289-a0e1-a60260b67479, Nodes: 051540aa-1c92-47a1-9435-f58d1c5cf642{ip: 10.1.1.108, host: fv-az573-645.uspngagyt4suddso0aj1djjezg.dx.internal.cloudapp.net, ports: [REPLICATION=35989, RATIS=45631, RATIS_ADMIN=45631, RATIS_SERVER=45631, STANDALONE=36329], networkLocation: /default-rack, certSerialId: null, persistedOpState: IN_SERVICE, persistedOpStateExpiryEpochSec: 0}, ReplicationConfig: RATIS/ONE, State:ALLOCATED, leaderId:051540aa-1c92-47a1-9435-f58d1c5cf642, CreationTimestamp2022-10-04T13:27:20.114Z[Etc/UTC]] moved to OPEN state
2022-10-04 13:27:23,122 [pool-557-thread-1] INFO  server.RaftServerConfigKeys (ConfUtils.java:logGet(46)) - raft.server.log.segment.cache.num.max = 2 (custom)
2022-10-04 13:27:23,122 [pool-557-thread-1] INFO  server.RaftServerConfigKeys (ConfUtils.java:logGet(46)) - raft.server.log.segment.cache.size.max = 200MB (=209715200) (default)
2022-10-04 13:27:23,122 [pool-557-thread-1] INFO  segmented.SegmentedRaftLogWorker (SegmentedRaftLogWorker.java:<init>(187)) - new 051540aa-1c92-47a1-9435-f58d1c5cf642@group-A60260B67479-SegmentedRaftLogWorker for RaftStorageImpl:Storage Directory /home/runner/work/ozone/ozone/hadoop-ozone/integration-test/target/test-dir/MiniOzoneClusterImpl-cea6a548-c63a-4656-97b3-0431a0c2d519/datanode-0/data/ratis/7ae1e72c-1c7f-4289-a0e1-a60260b67479
2022-10-04 13:27:23,122 [pool-557-thread-1] INFO  server.RaftServerConfigKeys (ConfUtils.java:logGet(46)) - raft.server.log.queue.byte-limit = 4294967296 (custom)
2022-10-04 13:27:23,122 [pool-557-thread-1] INFO  server.RaftServerConfigKeys (ConfUtils.java:logGet(46)) - raft.server.log.queue.element-limit = 1024 (custom)
2022-10-04 13:27:23,122 [pool-557-thread-1] INFO  server.RaftServerConfigKeys (ConfUtils.java:logGet(46)) - raft.server.log.segment.size.max = 1048576 (custom)
2022-10-04 13:27:23,122 [pool-557-thread-1] INFO  server.RaftServerConfigKeys (ConfUtils.java:logGet(46)) - raft.server.log.preallocated.size = 16384 (custom)
2022-10-04 13:27:23,122 [pool-557-thread-1] INFO  server.RaftServerConfigKeys (ConfUtils.java:logGet(46)) - raft.server.log.force.sync.num = 128 (default)
2022-10-04 13:27:23,122 [pool-557-thread-1] INFO  server.RaftServerConfigKeys (ConfUtils.java:logGet(46)) - raft.server.log.statemachine.data.sync = true (default)
2022-10-04 13:27:23,123 [pool-557-thread-1] INFO  server.RaftServerConfigKeys (ConfUtils.java:logGet(46)) - raft.server.log.statemachine.data.sync.timeout = 10s (default)
2022-10-04 13:27:23,123 [pool-557-thread-1] INFO  server.RaftServerConfigKeys (ConfUtils.java:logGet(46)) - raft.server.log.statemachine.data.sync.timeout.retry = -1 (default)
2022-10-04 13:27:23,124 [pool-557-thread-1] INFO  server.RaftServerConfigKeys (ConfUtils.java:logGet(46)) - raft.server.log.write.buffer.size = 1048576 (custom)
2022-10-04 13:27:23,124 [pool-557-thread-1] INFO  server.RaftServerConfigKeys (ConfUtils.java:logGet(46)) - raft.server.log.unsafe-flush.enabled = false (default)
2022-10-04 13:27:23,124 [pool-557-thread-1] INFO  server.RaftServerConfigKeys (ConfUtils.java:logGet(46)) - raft.server.log.statemachine.data.caching.enabled = true (custom)
2022-10-04 13:27:23,124 [pool-557-thread-1] INFO  segmented.SegmentedRaftLogWorker (SegmentedRaftLogWorker.java:lambda$new$0(135)) - 051540aa-1c92-47a1-9435-f58d1c5cf642@group-A60260B67479-SegmentedRaftLogWorker: flushIndex: setUnconditionally 0 -> -1
2022-10-04 13:27:23,124 [pool-557-thread-1] INFO  segmented.SegmentedRaftLogWorker (SegmentedRaftLogWorker.java:lambda$new$0(135)) - 051540aa-1c92-47a1-9435-f58d1c5cf642@group-A60260B67479-SegmentedRaftLogWorker: safeCacheEvictIndex: setUnconditionally 0 -> -1
2022-10-04 13:27:23,125 [pool-557-thread-1] INFO  server.RaftServerConfigKeys (ConfUtils.java:logGet(46)) - raft.server.snapshot.auto.trigger.enabled = true (custom)
2022-10-04 13:27:23,125 [pool-557-thread-1] INFO  server.RaftServerConfigKeys (ConfUtils.java:logGet(46)) - raft.server.snapshot.auto.trigger.threshold = 10000 (custom)
2022-10-04 13:27:23,125 [pool-557-thread-1] INFO  server.RaftServerConfigKeys (ConfUtils.java:logGet(46)) - raft.server.snapshot.retention.file.num = 5 (custom)
2022-10-04 13:27:23,125 [pool-557-thread-1] INFO  server.RaftServerConfigKeys (ConfUtils.java:logGet(46)) - raft.server.log.purge.upto.snapshot.index = false (default)
2022-10-04 13:27:23,125 [pool-557-thread-1] INFO  server.RaftServerConfigKeys (ConfUtils.java:logGet(46)) - raft.server.retrycache.expirytime = 600000ms (custom)
2022-10-04 13:27:23,125 [pool-557-thread-1] INFO  server.RaftServerConfigKeys (ConfUtils.java:logGet(46)) - raft.server.retrycache.statistics.expirytime = 100μs (default)
2022-10-04 13:27:23,127 [pool-557-thread-1] INFO  server.RaftServerConfigKeys (ConfUtils.java:logGet(46)) - raft.server.log.appender.install.snapshot.enabled = false (custom)
2022-10-04 13:27:23,127 [pool-557-thread-1] INFO  server.RaftServerConfigKeys (ConfUtils.java:logGet(46)) - raft.server.threadpool.server.cached = true (default)
2022-10-04 13:27:23,127 [pool-557-thread-1] INFO  server.RaftServerConfigKeys (ConfUtils.java:logGet(46)) - raft.server.threadpool.server.size = 0 (default)
2022-10-04 13:27:23,127 [pool-557-thread-1] INFO  server.RaftServerConfigKeys (ConfUtils.java:logGet(46)) - raft.server.threadpool.client.cached = true (default)
2022-10-04 13:27:23,127 [pool-557-thread-1] INFO  server.RaftServerConfigKeys (ConfUtils.java:logGet(46)) - raft.server.threadpool.client.size = 0 (default)
2022-10-04 13:27:23,127 [pool-557-thread-1] INFO  server.RaftServer$Division (RaftServerImpl.java:start(310)) - 051540aa-1c92-47a1-9435-f58d1c5cf642@group-A60260B67479: start as a follower, conf=-1: [051540aa-1c92-47a1-9435-f58d1c5cf642|rpc:10.1.1.108:45631|priority:1], old=null
2022-10-04 13:27:23,127 [pool-557-thread-1] INFO  server.RaftServer$Division (RaftServerImpl.java:setRole(299)) - 051540aa-1c92-47a1-9435-f58d1c5cf642@group-A60260B67479: changes role from      null to FOLLOWER at term 0 for startAsFollower
2022-10-04 13:27:23,127 [pool-557-thread-1] INFO  impl.RoleInfo (RoleInfo.java:updateAndGet(139)) - 051540aa-1c92-47a1-9435-f58d1c5cf642: start 051540aa-1c92-47a1-9435-f58d1c5cf642@group-A60260B67479-FollowerState
2022-10-04 13:27:23,128 [pool-557-thread-1] INFO  util.JmxRegister (JmxRegister.java:tryRegister(44)) - Successfully registered JMX Bean with object name Ratis:service=RaftServer,group=group-A60260B67479,id=051540aa-1c92-47a1-9435-f58d1c5cf642
2022-10-04 13:27:23,136 [Command processor thread] INFO  ratis.XceiverServerRatis (XceiverServerRatis.java:addGroup(765)) - Created group PipelineID=7ae1e72c-1c7f-4289-a0e1-a60260b67479
2022-10-04 13:27:23,136 [Command processor thread] INFO  commandhandler.CreatePipelineCommandHandler (CreatePipelineCommandHandler.java:handle(113)) - Created Pipeline RATIS ONE PipelineID=7ae1e72c-1c7f-4289-a0e1-a60260b67479.
2022-10-04 13:27:23,137 [Command processor thread] INFO  server.RaftServer (RaftServerProxy.java:addNew(96)) - 051540aa-1c92-47a1-9435-f58d1c5cf642: addNew group-F3D8D091B279:[7a71dd4d-a1c2-4b48-bfe9-22ab957e1741|rpc:10.1.1.108:40789|priority:0, 051540aa-1c92-47a1-9435-f58d1c5cf642|rpc:10.1.1.108:45631|priority:1, b813d9d6-d2da-4871-aa28-8feeebf6a2b1|rpc:10.1.1.108:39827|priority:0] returns group-F3D8D091B279:java.util.concurrent.CompletableFuture@2b9d304a[Not completed]
2022-10-04 13:27:23,137 [pool-557-thread-1] INFO  server.RaftServer$Division (RaftServerImpl.java:<init>(190)) - 051540aa-1c92-47a1-9435-f58d1c5cf642: new RaftServerImpl for group-F3D8D091B279:[7a71dd4d-a1c2-4b48-bfe9-22ab957e1741|rpc:10.1.1.108:40789|priority:0, 051540aa-1c92-47a1-9435-f58d1c5cf642|rpc:10.1.1.108:45631|priority:1, b813d9d6-d2da-4871-aa28-8feeebf6a2b1|rpc:10.1.1.108:39827|priority:0] with ContainerStateMachine:uninitialized
2022-10-04 13:27:23,138 [pool-557-thread-1] INFO  server.RaftServerConfigKeys (ConfUtils.java:logGet(46)) - raft.server.rpc.timeout.min = 5s (custom)
2022-10-04 13:27:23,138 [pool-557-thread-1] INFO  server.RaftServerConfigKeys (ConfUtils.java:logGet(46)) - raft.server.rpc.timeout.max = 5200ms (custom)
2022-10-04 13:27:23,138 [pool-557-thread-1] INFO  server.RaftServerConfigKeys (ConfUtils.java:logGet(46)) - raft.server.rpc.sleep.time = 25ms (default)
2022-10-04 13:27:23,138 [pool-557-thread-1] INFO  server.RaftServerConfigKeys (ConfUtils.java:logGet(46)) - raft.server.rpc.slowness.timeout = 300s (custom)
2022-10-04 13:27:23,138 [pool-557-thread-1] INFO  server.RaftServerConfigKeys (ConfUtils.java:logGet(46)) - raft.server.leaderelection.leader.step-down.wait-time = 10s (default)
2022-10-04 13:27:23,138 [pool-557-thread-1] INFO  server.RaftServerConfigKeys (ConfUtils.java:logGet(46)) - raft.server.sleep.deviation.threshold = 300ms (default)
2022-10-04 13:27:23,138 [pool-557-thread-1] INFO  server.RaftServer$Division (ServerState.java:<init>(107)) - 051540aa-1c92-47a1-9435-f58d1c5cf642@group-F3D8D091B279: ConfigurationManager, init=-1: [7a71dd4d-a1c2-4b48-bfe9-22ab957e1741|rpc:10.1.1.108:40789|priority:0, 051540aa-1c92-47a1-9435-f58d1c5cf642|rpc:10.1.1.108:45631|priority:1, b813d9d6-d2da-4871-aa28-8feeebf6a2b1|rpc:10.1.1.108:39827|priority:0], old=null, confs=<EMPTY_MAP>
2022-10-04 13:27:23,138 [pool-557-thread-1] INFO  server.RaftServerConfigKeys (ConfUtils.java:logGet(46)) - raft.server.storage.dir = [/home/runner/work/ozone/ozone/hadoop-ozone/integration-test/target/test-dir/MiniOzoneClusterImpl-cea6a548-c63a-4656-97b3-0431a0c2d519/datanode-0/data/ratis] (custom)
2022-10-04 13:27:23,138 [pool-557-thread-1] INFO  server.RaftServerConfigKeys (ConfUtils.java:logGet(46)) - raft.server.log.corruption.policy = EXCEPTION (default)
2022-10-04 13:27:23,138 [pool-557-thread-1] INFO  server.RaftServerConfigKeys (ConfUtils.java:logGet(46)) - raft.server.storage.free-space.min = 0MB (=0) (default)
2022-10-04 13:27:23,138 [pool-557-thread-1] INFO  storage.RaftStorageDirectory (RaftStorageDirectoryImpl.java:analyzeStorage(135)) - The storage directory /home/runner/work/ozone/ozone/hadoop-ozone/integration-test/target/test-dir/MiniOzoneClusterImpl-cea6a548-c63a-4656-97b3-0431a0c2d519/datanode-0/data/ratis/dbe4ec47-1604-4602-8b3d-f3d8d091b279 does not exist. Creating ...
2022-10-04 13:27:23,139 [EventQueue-OpenPipelineForHealthyPipelineSafeModeRule] INFO  safemode.SCMSafeModeManager (HealthyPipelineSafeModeRule.java:process(137)) - SCM in safe mode. Healthy pipelines reported count is 0, required healthy pipeline reported count is 1
2022-10-04 13:27:23,140 [pool-557-thread-1] INFO  storage.RaftStorageDirectory (RaftStorageDirectoryImpl.java:tryLock(230)) - Lock on /home/runner/work/ozone/ozone/hadoop-ozone/integration-test/target/test-dir/MiniOzoneClusterImpl-cea6a548-c63a-4656-97b3-0431a0c2d519/datanode-0/data/ratis/dbe4ec47-1604-4602-8b3d-f3d8d091b279/in_use.lock acquired by nodename 42070@fv-az573-645
2022-10-04 13:27:23,141 [pool-557-thread-1] INFO  storage.RaftStorage (RaftStorageImpl.java:format(89)) - Storage directory /home/runner/work/ozone/ozone/hadoop-ozone/integration-test/target/test-dir/MiniOzoneClusterImpl-cea6a548-c63a-4656-97b3-0431a0c2d519/datanode-0/data/ratis/dbe4ec47-1604-4602-8b3d-f3d8d091b279 has been successfully formatted.
2022-10-04 13:27:23,141 [pool-557-thread-1] INFO  ratis.ContainerStateMachine (ContainerStateMachine.java:loadSnapshot(236)) - group-F3D8D091B279: The snapshot info is null. Setting the last applied indexto:(t:0, i:~)
2022-10-04 13:27:23,142 [pool-557-thread-1] INFO  server.RaftServerConfigKeys (ConfUtils.java:logGet(46)) - raft.server.notification.no-leader.timeout = 300s (custom)
2022-10-04 13:27:23,142 [pool-557-thread-1] INFO  server.RaftServerConfigKeys (ConfUtils.java:logGet(46)) - raft.server.log.use.memory = false (default)
2022-10-04 13:27:23,142 [pool-557-thread-1] INFO  server.RaftServerConfigKeys (ConfUtils.java:logGet(46)) - raft.server.log.purge.gap = 1000000 (custom)
2022-10-04 13:27:23,142 [pool-557-thread-1] INFO  server.RaftServerConfigKeys (ConfUtils.java:logGet(46)) - raft.server.log.appender.buffer.byte-limit = 33554432 (custom)
2022-10-04 13:27:23,142 [pool-557-thread-1] INFO  server.RaftServerConfigKeys (ConfUtils.java:logGet(46)) - raft.server.log.statemachine.data.read.timeout = 1000ms (default)
2022-10-04 13:27:23,142 [pool-557-thread-1] INFO  server.RaftServerConfigKeys (ConfUtils.java:logGet(46)) - raft.server.log.segment.size.max = 1048576 (custom)
2022-10-04 13:27:23,142 [pool-557-thread-1] INFO  server.RaftServerConfigKeys (ConfUtils.java:logGet(46)) - raft.server.log.segment.cache.num.max = 2 (custom)
2022-10-04 13:27:23,142 [pool-557-thread-1] INFO  server.RaftServerConfigKeys (ConfUtils.java:logGet(46)) - raft.server.log.segment.cache.size.max = 200MB (=209715200) (default)
2022-10-04 13:27:23,143 [pool-557-thread-1] INFO  segmented.SegmentedRaftLogWorker (SegmentedRaftLogWorker.java:<init>(187)) - new 051540aa-1c92-47a1-9435-f58d1c5cf642@group-F3D8D091B279-SegmentedRaftLogWorker for RaftStorageImpl:Storage Directory /home/runner/work/ozone/ozone/hadoop-ozone/integration-test/target/test-dir/MiniOzoneClusterImpl-cea6a548-c63a-4656-97b3-0431a0c2d519/datanode-0/data/ratis/dbe4ec47-1604-4602-8b3d-f3d8d091b279
2022-10-04 13:27:23,143 [pool-557-thread-1] INFO  server.RaftServerConfigKeys (ConfUtils.java:logGet(46)) - raft.server.log.queue.byte-limit = 4294967296 (custom)
2022-10-04 13:27:23,143 [pool-557-thread-1] INFO  server.RaftServerConfigKeys (ConfUtils.java:logGet(46)) - raft.server.log.queue.element-limit = 1024 (custom)
2022-10-04 13:27:23,143 [pool-557-thread-1] INFO  server.RaftServerConfigKeys (ConfUtils.java:logGet(46)) - raft.server.log.segment.size.max = 1048576 (custom)
2022-10-04 13:27:23,143 [pool-557-thread-1] INFO  server.RaftServerConfigKeys (ConfUtils.java:logGet(46)) - raft.server.log.preallocated.size = 16384 (custom)
2022-10-04 13:27:23,143 [pool-557-thread-1] INFO  server.RaftServerConfigKeys (ConfUtils.java:logGet(46)) - raft.server.log.force.sync.num = 128 (default)
2022-10-04 13:27:23,143 [pool-557-thread-1] INFO  server.RaftServerConfigKeys (ConfUtils.java:logGet(46)) - raft.server.log.statemachine.data.sync = true (default)
2022-10-04 13:27:23,143 [pool-557-thread-1] INFO  server.RaftServerConfigKeys (ConfUtils.java:logGet(46)) - raft.server.log.statemachine.data.sync.timeout = 10s (default)
2022-10-04 13:27:23,143 [pool-557-thread-1] INFO  server.RaftServerConfigKeys (ConfUtils.java:logGet(46)) - raft.server.log.statemachine.data.sync.timeout.retry = -1 (default)
2022-10-04 13:27:23,144 [pool-557-thread-1] INFO  server.RaftServerConfigKeys (ConfUtils.java:logGet(46)) - raft.server.log.write.buffer.size = 1048576 (custom)
2022-10-04 13:27:23,144 [pool-557-thread-1] INFO  server.RaftServerConfigKeys (ConfUtils.java:logGet(46)) - raft.server.log.unsafe-flush.enabled = false (default)
2022-10-04 13:27:23,144 [pool-557-thread-1] INFO  server.RaftServerConfigKeys (ConfUtils.java:logGet(46)) - raft.server.log.statemachine.data.caching.enabled = true (custom)
2022-10-04 13:27:23,145 [pool-557-thread-1] INFO  segmented.SegmentedRaftLogWorker (SegmentedRaftLogWorker.java:lambda$new$0(135)) - 051540aa-1c92-47a1-9435-f58d1c5cf642@group-F3D8D091B279-SegmentedRaftLogWorker: flushIndex: setUnconditionally 0 -> -1
2022-10-04 13:27:23,145 [pool-557-thread-1] INFO  segmented.SegmentedRaftLogWorker (SegmentedRaftLogWorker.java:lambda$new$0(135)) - 051540aa-1c92-47a1-9435-f58d1c5cf642@group-F3D8D091B279-SegmentedRaftLogWorker: safeCacheEvictIndex: setUnconditionally 0 -> -1
2022-10-04 13:27:23,149 [pool-557-thread-1] INFO  server.RaftServerConfigKeys (ConfUtils.java:logGet(46)) - raft.server.snapshot.auto.trigger.enabled = true (custom)
2022-10-04 13:27:23,149 [pool-557-thread-1] INFO  server.RaftServerConfigKeys (ConfUtils.java:logGet(46)) - raft.server.snapshot.auto.trigger.threshold = 10000 (custom)
2022-10-04 13:27:23,149 [pool-557-thread-1] INFO  server.RaftServerConfigKeys (ConfUtils.java:logGet(46)) - raft.server.snapshot.retention.file.num = 5 (custom)
2022-10-04 13:27:23,149 [pool-557-thread-1] INFO  server.RaftServerConfigKeys (ConfUtils.java:logGet(46)) - raft.server.log.purge.upto.snapshot.index = false (default)
2022-10-04 13:27:23,149 [pool-557-thread-1] INFO  server.RaftServerConfigKeys (ConfUtils.java:logGet(46)) - raft.server.retrycache.expirytime = 600000ms (custom)
2022-10-04 13:27:23,150 [EventQueue-OpenPipelineForHealthyPipelineSafeModeRule] INFO  safemode.SCMSafeModeManager (HealthyPipelineSafeModeRule.java:process(137)) - SCM in safe mode. Healthy pipelines reported count is 0, required healthy pipeline reported count is 1
2022-10-04 13:27:23,150 [pool-557-thread-1] INFO  server.RaftServerConfigKeys (ConfUtils.java:logGet(46)) - raft.server.retrycache.statistics.expirytime = 100μs (default)
2022-10-04 13:27:23,152 [pool-557-thread-1] INFO  server.RaftServerConfigKeys (ConfUtils.java:logGet(46)) - raft.server.log.appender.install.snapshot.enabled = false (custom)
2022-10-04 13:27:23,152 [pool-557-thread-1] INFO  server.RaftServerConfigKeys (ConfUtils.java:logGet(46)) - raft.server.threadpool.server.cached = true (default)
2022-10-04 13:27:23,152 [pool-557-thread-1] INFO  server.RaftServerConfigKeys (ConfUtils.java:logGet(46)) - raft.server.threadpool.server.size = 0 (default)
2022-10-04 13:27:23,152 [pool-557-thread-1] INFO  server.RaftServerConfigKeys (ConfUtils.java:logGet(46)) - raft.server.threadpool.client.cached = true (default)
2022-10-04 13:27:23,152 [pool-557-thread-1] INFO  server.RaftServerConfigKeys (ConfUtils.java:logGet(46)) - raft.server.threadpool.client.size = 0 (default)
2022-10-04 13:27:23,152 [pool-557-thread-1] INFO  server.RaftServer$Division (RaftServerImpl.java:start(310)) - 051540aa-1c92-47a1-9435-f58d1c5cf642@group-F3D8D091B279: start as a follower, conf=-1: [7a71dd4d-a1c2-4b48-bfe9-22ab957e1741|rpc:10.1.1.108:40789|priority:0, 051540aa-1c92-47a1-9435-f58d1c5cf642|rpc:10.1.1.108:45631|priority:1, b813d9d6-d2da-4871-aa28-8feeebf6a2b1|rpc:10.1.1.108:39827|priority:0], old=null
2022-10-04 13:27:23,152 [pool-557-thread-1] INFO  server.RaftServer$Division (RaftServerImpl.java:setRole(299)) - 051540aa-1c92-47a1-9435-f58d1c5cf642@group-F3D8D091B279: changes role from      null to FOLLOWER at term 0 for startAsFollower
2022-10-04 13:27:23,152 [pool-557-thread-1] INFO  impl.RoleInfo (RoleInfo.java:updateAndGet(139)) - 051540aa-1c92-47a1-9435-f58d1c5cf642: start 051540aa-1c92-47a1-9435-f58d1c5cf642@group-F3D8D091B279-FollowerState
2022-10-04 13:27:23,165 [pool-557-thread-1] INFO  util.JmxRegister (JmxRegister.java:tryRegister(44)) - Successfully registered JMX Bean with object name Ratis:service=RaftServer,group=group-F3D8D091B279,id=051540aa-1c92-47a1-9435-f58d1c5cf642
2022-10-04 13:27:23,176 [Command processor thread] INFO  ratis.XceiverServerRatis (XceiverServerRatis.java:addGroup(765)) - Created group PipelineID=dbe4ec47-1604-4602-8b3d-f3d8d091b279
2022-10-04 13:27:23,189 [grpc-default-executor-4] INFO  server.RaftServer (RaftServerProxy.java:addNew(96)) - 7a71dd4d-a1c2-4b48-bfe9-22ab957e1741: addNew group-F3D8D091B279:[7a71dd4d-a1c2-4b48-bfe9-22ab957e1741|rpc:10.1.1.108:40789|dataStream:|priority:0, 051540aa-1c92-47a1-9435-f58d1c5cf642|rpc:10.1.1.108:45631|dataStream:|priority:1, b813d9d6-d2da-4871-aa28-8feeebf6a2b1|rpc:10.1.1.108:39827|dataStream:|priority:0] returns group-F3D8D091B279:java.util.concurrent.CompletableFuture@3fa3c4be[Not completed]
2022-10-04 13:27:23,191 [pool-603-thread-1] INFO  server.RaftServer$Division (RaftServerImpl.java:<init>(190)) - 7a71dd4d-a1c2-4b48-bfe9-22ab957e1741: new RaftServerImpl for group-F3D8D091B279:[7a71dd4d-a1c2-4b48-bfe9-22ab957e1741|rpc:10.1.1.108:40789|dataStream:|priority:0, 051540aa-1c92-47a1-9435-f58d1c5cf642|rpc:10.1.1.108:45631|dataStream:|priority:1, b813d9d6-d2da-4871-aa28-8feeebf6a2b1|rpc:10.1.1.108:39827|dataStream:|priority:0] with ContainerStateMachine:uninitialized
2022-10-04 13:27:23,191 [pool-603-thread-1] INFO  server.RaftServerConfigKeys (ConfUtils.java:logGet(46)) - raft.server.rpc.timeout.min = 5s (custom)
2022-10-04 13:27:23,191 [pool-603-thread-1] INFO  server.RaftServerConfigKeys (ConfUtils.java:logGet(46)) - raft.server.rpc.timeout.max = 5200ms (custom)
2022-10-04 13:27:23,191 [pool-603-thread-1] INFO  server.RaftServerConfigKeys (ConfUtils.java:logGet(46)) - raft.server.rpc.sleep.time = 25ms (default)
2022-10-04 13:27:23,191 [pool-603-thread-1] INFO  server.RaftServerConfigKeys (ConfUtils.java:logGet(46)) - raft.server.rpc.slowness.timeout = 300s (custom)
2022-10-04 13:27:23,193 [pool-603-thread-1] INFO  server.RaftServerConfigKeys (ConfUtils.java:logGet(46)) - raft.server.leaderelection.leader.step-down.wait-time = 10s (default)
2022-10-04 13:27:23,193 [pool-603-thread-1] INFO  server.RaftServerConfigKeys (ConfUtils.java:logGet(46)) - raft.server.sleep.deviation.threshold = 300ms (default)
2022-10-04 13:27:23,193 [pool-603-thread-1] INFO  server.RaftServer$Division (ServerState.java:<init>(107)) - 7a71dd4d-a1c2-4b48-bfe9-22ab957e1741@group-F3D8D091B279: ConfigurationManager, init=-1: [7a71dd4d-a1c2-4b48-bfe9-22ab957e1741|rpc:10.1.1.108:40789|dataStream:|priority:0, 051540aa-1c92-47a1-9435-f58d1c5cf642|rpc:10.1.1.108:45631|dataStream:|priority:1, b813d9d6-d2da-4871-aa28-8feeebf6a2b1|rpc:10.1.1.108:39827|dataStream:|priority:0], old=null, confs=<EMPTY_MAP>
2022-10-04 13:27:23,193 [pool-603-thread-1] INFO  server.RaftServerConfigKeys (ConfUtils.java:logGet(46)) - raft.server.storage.dir = [/home/runner/work/ozone/ozone/hadoop-ozone/integration-test/target/test-dir/MiniOzoneClusterImpl-cea6a548-c63a-4656-97b3-0431a0c2d519/datanode-2/data/ratis] (custom)
2022-10-04 13:27:23,193 [pool-603-thread-1] INFO  server.RaftServerConfigKeys (ConfUtils.java:logGet(46)) - raft.server.log.corruption.policy = EXCEPTION (default)
2022-10-04 13:27:23,193 [pool-603-thread-1] INFO  server.RaftServerConfigKeys (ConfUtils.java:logGet(46)) - raft.server.storage.free-space.min = 0MB (=0) (default)
2022-10-04 13:27:23,194 [pool-603-thread-1] INFO  storage.RaftStorageDirectory (RaftStorageDirectoryImpl.java:analyzeStorage(135)) - The storage directory /home/runner/work/ozone/ozone/hadoop-ozone/integration-test/target/test-dir/MiniOzoneClusterImpl-cea6a548-c63a-4656-97b3-0431a0c2d519/datanode-2/data/ratis/dbe4ec47-1604-4602-8b3d-f3d8d091b279 does not exist. Creating ...
2022-10-04 13:27:23,198 [pool-603-thread-1] INFO  storage.RaftStorageDirectory (RaftStorageDirectoryImpl.java:tryLock(230)) - Lock on /home/runner/work/ozone/ozone/hadoop-ozone/integration-test/target/test-dir/MiniOzoneClusterImpl-cea6a548-c63a-4656-97b3-0431a0c2d519/datanode-2/data/ratis/dbe4ec47-1604-4602-8b3d-f3d8d091b279/in_use.lock acquired by nodename 42070@fv-az573-645
2022-10-04 13:27:23,200 [pool-603-thread-1] INFO  storage.RaftStorage (RaftStorageImpl.java:format(89)) - Storage directory /home/runner/work/ozone/ozone/hadoop-ozone/integration-test/target/test-dir/MiniOzoneClusterImpl-cea6a548-c63a-4656-97b3-0431a0c2d519/datanode-2/data/ratis/dbe4ec47-1604-4602-8b3d-f3d8d091b279 has been successfully formatted.
2022-10-04 13:27:23,203 [pool-603-thread-1] INFO  ratis.ContainerStateMachine (ContainerStateMachine.java:loadSnapshot(236)) - group-F3D8D091B279: The snapshot info is null. Setting the last applied indexto:(t:0, i:~)
2022-10-04 13:27:23,203 [pool-603-thread-1] INFO  server.RaftServerConfigKeys (ConfUtils.java:logGet(46)) - raft.server.notification.no-leader.timeout = 300s (custom)
2022-10-04 13:27:23,203 [pool-603-thread-1] INFO  server.RaftServerConfigKeys (ConfUtils.java:logGet(46)) - raft.server.log.use.memory = false (default)
2022-10-04 13:27:23,203 [pool-603-thread-1] INFO  server.RaftServerConfigKeys (ConfUtils.java:logGet(46)) - raft.server.log.purge.gap = 1000000 (custom)
2022-10-04 13:27:23,203 [pool-603-thread-1] INFO  server.RaftServerConfigKeys (ConfUtils.java:logGet(46)) - raft.server.log.appender.buffer.byte-limit = 33554432 (custom)
2022-10-04 13:27:23,203 [pool-603-thread-1] INFO  server.RaftServerConfigKeys (ConfUtils.java:logGet(46)) - raft.server.log.statemachine.data.read.timeout = 1000ms (default)
2022-10-04 13:27:23,204 [pool-603-thread-1] INFO  server.RaftServerConfigKeys (ConfUtils.java:logGet(46)) - raft.server.log.segment.size.max = 1048576 (custom)
2022-10-04 13:27:23,204 [pool-603-thread-1] INFO  server.RaftServerConfigKeys (ConfUtils.java:logGet(46)) - raft.server.log.segment.cache.num.max = 2 (custom)
2022-10-04 13:27:23,204 [pool-603-thread-1] INFO  server.RaftServerConfigKeys (ConfUtils.java:logGet(46)) - raft.server.log.segment.cache.size.max = 200MB (=209715200) (default)
2022-10-04 13:27:23,204 [pool-603-thread-1] INFO  segmented.SegmentedRaftLogWorker (SegmentedRaftLogWorker.java:<init>(187)) - new 7a71dd4d-a1c2-4b48-bfe9-22ab957e1741@group-F3D8D091B279-SegmentedRaftLogWorker for RaftStorageImpl:Storage Directory /home/runner/work/ozone/ozone/hadoop-ozone/integration-test/target/test-dir/MiniOzoneClusterImpl-cea6a548-c63a-4656-97b3-0431a0c2d519/datanode-2/data/ratis/dbe4ec47-1604-4602-8b3d-f3d8d091b279
2022-10-04 13:27:23,204 [pool-603-thread-1] INFO  server.RaftServerConfigKeys (ConfUtils.java:logGet(46)) - raft.server.log.queue.byte-limit = 4294967296 (custom)
2022-10-04 13:27:23,204 [pool-603-thread-1] INFO  server.RaftServerConfigKeys (ConfUtils.java:logGet(46)) - raft.server.log.queue.element-limit = 1024 (custom)
2022-10-04 13:27:23,204 [pool-603-thread-1] INFO  server.RaftServerConfigKeys (ConfUtils.java:logGet(46)) - raft.server.log.segment.size.max = 1048576 (custom)
2022-10-04 13:27:23,204 [pool-603-thread-1] INFO  server.RaftServerConfigKeys (ConfUtils.java:logGet(46)) - raft.server.log.preallocated.size = 16384 (custom)
2022-10-04 13:27:23,204 [pool-603-thread-1] INFO  server.RaftServerConfigKeys (ConfUtils.java:logGet(46)) - raft.server.log.force.sync.num = 128 (default)
2022-10-04 13:27:23,206 [pool-603-thread-1] INFO  server.RaftServerConfigKeys (ConfUtils.java:logGet(46)) - raft.server.log.statemachine.data.sync = true (default)
2022-10-04 13:27:23,206 [pool-603-thread-1] INFO  server.RaftServerConfigKeys (ConfUtils.java:logGet(46)) - raft.server.log.statemachine.data.sync.timeout = 10s (default)
2022-10-04 13:27:23,206 [pool-603-thread-1] INFO  server.RaftServerConfigKeys (ConfUtils.java:logGet(46)) - raft.server.log.statemachine.data.sync.timeout.retry = -1 (default)
2022-10-04 13:27:23,207 [pool-603-thread-1] INFO  server.RaftServerConfigKeys (ConfUtils.java:logGet(46)) - raft.server.log.write.buffer.size = 1048576 (custom)
2022-10-04 13:27:23,208 [pool-603-thread-1] INFO  server.RaftServerConfigKeys (ConfUtils.java:logGet(46)) - raft.server.log.unsafe-flush.enabled = false (default)
2022-10-04 13:27:23,208 [pool-603-thread-1] INFO  server.RaftServerConfigKeys (ConfUtils.java:logGet(46)) - raft.server.log.statemachine.data.caching.enabled = true (custom)
2022-10-04 13:27:23,212 [pool-603-thread-1] INFO  segmented.SegmentedRaftLogWorker (SegmentedRaftLogWorker.java:lambda$new$0(135)) - 7a71dd4d-a1c2-4b48-bfe9-22ab957e1741@group-F3D8D091B279-SegmentedRaftLogWorker: flushIndex: setUnconditionally 0 -> -1
2022-10-04 13:27:23,213 [pool-603-thread-1] INFO  segmented.SegmentedRaftLogWorker (SegmentedRaftLogWorker.java:lambda$new$0(135)) - 7a71dd4d-a1c2-4b48-bfe9-22ab957e1741@group-F3D8D091B279-SegmentedRaftLogWorker: safeCacheEvictIndex: setUnconditionally 0 -> -1
2022-10-04 13:27:23,223 [pool-603-thread-1] INFO  server.RaftServerConfigKeys (ConfUtils.java:logGet(46)) - raft.server.snapshot.auto.trigger.enabled = true (custom)
2022-10-04 13:27:23,223 [pool-603-thread-1] INFO  server.RaftServerConfigKeys (ConfUtils.java:logGet(46)) - raft.server.snapshot.auto.trigger.threshold = 10000 (custom)
2022-10-04 13:27:23,223 [pool-603-thread-1] INFO  server.RaftServerConfigKeys (ConfUtils.java:logGet(46)) - raft.server.snapshot.retention.file.num = 5 (custom)
2022-10-04 13:27:23,223 [pool-603-thread-1] INFO  server.RaftServerConfigKeys (ConfUtils.java:logGet(46)) - raft.server.log.purge.upto.snapshot.index = false (default)
2022-10-04 13:27:23,224 [pool-603-thread-1] INFO  server.RaftServerConfigKeys (ConfUtils.java:logGet(46)) - raft.server.retrycache.expirytime = 600000ms (custom)
2022-10-04 13:27:23,224 [pool-603-thread-1] INFO  server.RaftServerConfigKeys (ConfUtils.java:logGet(46)) - raft.server.retrycache.statistics.expirytime = 100μs (default)
2022-10-04 13:27:23,225 [pool-603-thread-1] INFO  server.RaftServerConfigKeys (ConfUtils.java:logGet(46)) - raft.server.log.appender.install.snapshot.enabled = false (custom)
2022-10-04 13:27:23,225 [pool-603-thread-1] INFO  server.RaftServerConfigKeys (ConfUtils.java:logGet(46)) - raft.server.threadpool.server.cached = true (default)
2022-10-04 13:27:23,225 [pool-603-thread-1] INFO  server.RaftServerConfigKeys (ConfUtils.java:logGet(46)) - raft.server.threadpool.server.size = 0 (default)
2022-10-04 13:27:23,225 [pool-603-thread-1] INFO  server.RaftServerConfigKeys (ConfUtils.java:logGet(46)) - raft.server.threadpool.client.cached = true (default)
2022-10-04 13:27:23,225 [pool-603-thread-1] INFO  server.RaftServerConfigKeys (ConfUtils.java:logGet(46)) - raft.server.threadpool.client.size = 0 (default)
2022-10-04 13:27:23,226 [pool-603-thread-1] INFO  server.RaftServer$Division (RaftServerImpl.java:start(310)) - 7a71dd4d-a1c2-4b48-bfe9-22ab957e1741@group-F3D8D091B279: start as a follower, conf=-1: [7a71dd4d-a1c2-4b48-bfe9-22ab957e1741|rpc:10.1.1.108:40789|dataStream:|priority:0, 051540aa-1c92-47a1-9435-f58d1c5cf642|rpc:10.1.1.108:45631|dataStream:|priority:1, b813d9d6-d2da-4871-aa28-8feeebf6a2b1|rpc:10.1.1.108:39827|dataStream:|priority:0], old=null
2022-10-04 13:27:23,226 [pool-603-thread-1] INFO  server.RaftServer$Division (RaftServerImpl.java:setRole(299)) - 7a71dd4d-a1c2-4b48-bfe9-22ab957e1741@group-F3D8D091B279: changes role from      null to FOLLOWER at term 0 for startAsFollower
2022-10-04 13:27:23,226 [pool-603-thread-1] INFO  impl.RoleInfo (RoleInfo.java:updateAndGet(139)) - 7a71dd4d-a1c2-4b48-bfe9-22ab957e1741: start 7a71dd4d-a1c2-4b48-bfe9-22ab957e1741@group-F3D8D091B279-FollowerState
2022-10-04 13:27:23,242 [pool-603-thread-1] INFO  util.JmxRegister (JmxRegister.java:tryRegister(44)) - Successfully registered JMX Bean with object name Ratis:service=RaftServer,group=group-F3D8D091B279,id=7a71dd4d-a1c2-4b48-bfe9-22ab957e1741
2022-10-04 13:27:23,294 [grpc-default-executor-4] INFO  server.RaftServer (RaftServerProxy.java:addNew(96)) - b813d9d6-d2da-4871-aa28-8feeebf6a2b1: addNew group-F3D8D091B279:[7a71dd4d-a1c2-4b48-bfe9-22ab957e1741|rpc:10.1.1.108:40789|dataStream:|priority:0, 051540aa-1c92-47a1-9435-f58d1c5cf642|rpc:10.1.1.108:45631|dataStream:|priority:1, b813d9d6-d2da-4871-aa28-8feeebf6a2b1|rpc:10.1.1.108:39827|dataStream:|priority:0] returns group-F3D8D091B279:java.util.concurrent.CompletableFuture@1f5c4b8e[Not completed]
2022-10-04 13:27:23,295 [pool-580-thread-1] INFO  server.RaftServer$Division (RaftServerImpl.java:<init>(190)) - b813d9d6-d2da-4871-aa28-8feeebf6a2b1: new RaftServerImpl for group-F3D8D091B279:[7a71dd4d-a1c2-4b48-bfe9-22ab957e1741|rpc:10.1.1.108:40789|dataStream:|priority:0, 051540aa-1c92-47a1-9435-f58d1c5cf642|rpc:10.1.1.108:45631|dataStream:|priority:1, b813d9d6-d2da-4871-aa28-8feeebf6a2b1|rpc:10.1.1.108:39827|dataStream:|priority:0] with ContainerStateMachine:uninitialized
2022-10-04 13:27:23,295 [pool-580-thread-1] INFO  server.RaftServerConfigKeys (ConfUtils.java:logGet(46)) - raft.server.rpc.timeout.min = 5s (custom)
2022-10-04 13:27:23,295 [pool-580-thread-1] INFO  server.RaftServerConfigKeys (ConfUtils.java:logGet(46)) - raft.server.rpc.timeout.max = 5200ms (custom)
2022-10-04 13:27:23,295 [pool-580-thread-1] INFO  server.RaftServerConfigKeys (ConfUtils.java:logGet(46)) - raft.server.rpc.sleep.time = 25ms (default)
2022-10-04 13:27:23,295 [pool-580-thread-1] INFO  server.RaftServerConfigKeys (ConfUtils.java:logGet(46)) - raft.server.rpc.slowness.timeout = 300s (custom)
2022-10-04 13:27:23,295 [pool-580-thread-1] INFO  server.RaftServerConfigKeys (ConfUtils.java:logGet(46)) - raft.server.leaderelection.leader.step-down.wait-time = 10s (default)
2022-10-04 13:27:23,296 [pool-580-thread-1] INFO  server.RaftServerConfigKeys (ConfUtils.java:logGet(46)) - raft.server.sleep.deviation.threshold = 300ms (default)
2022-10-04 13:27:23,296 [pool-580-thread-1] INFO  server.RaftServer$Division (ServerState.java:<init>(107)) - b813d9d6-d2da-4871-aa28-8feeebf6a2b1@group-F3D8D091B279: ConfigurationManager, init=-1: [7a71dd4d-a1c2-4b48-bfe9-22ab957e1741|rpc:10.1.1.108:40789|dataStream:|priority:0, 051540aa-1c92-47a1-9435-f58d1c5cf642|rpc:10.1.1.108:45631|dataStream:|priority:1, b813d9d6-d2da-4871-aa28-8feeebf6a2b1|rpc:10.1.1.108:39827|dataStream:|priority:0], old=null, confs=<EMPTY_MAP>
2022-10-04 13:27:23,296 [pool-580-thread-1] INFO  server.RaftServerConfigKeys (ConfUtils.java:logGet(46)) - raft.server.storage.dir = [/home/runner/work/ozone/ozone/hadoop-ozone/integration-test/target/test-dir/MiniOzoneClusterImpl-cea6a548-c63a-4656-97b3-0431a0c2d519/datanode-1/data/ratis] (custom)
2022-10-04 13:27:23,296 [pool-580-thread-1] INFO  server.RaftServerConfigKeys (ConfUtils.java:logGet(46)) - raft.server.log.corruption.policy = EXCEPTION (default)
2022-10-04 13:27:23,296 [pool-580-thread-1] INFO  server.RaftServerConfigKeys (ConfUtils.java:logGet(46)) - raft.server.storage.free-space.min = 0MB (=0) (default)
2022-10-04 13:27:23,296 [pool-580-thread-1] INFO  storage.RaftStorageDirectory (RaftStorageDirectoryImpl.java:analyzeStorage(135)) - The storage directory /home/runner/work/ozone/ozone/hadoop-ozone/integration-test/target/test-dir/MiniOzoneClusterImpl-cea6a548-c63a-4656-97b3-0431a0c2d519/datanode-1/data/ratis/dbe4ec47-1604-4602-8b3d-f3d8d091b279 does not exist. Creating ...
2022-10-04 13:27:23,297 [pool-580-thread-1] INFO  storage.RaftStorageDirectory (RaftStorageDirectoryImpl.java:tryLock(230)) - Lock on /home/runner/work/ozone/ozone/hadoop-ozone/integration-test/target/test-dir/MiniOzoneClusterImpl-cea6a548-c63a-4656-97b3-0431a0c2d519/datanode-1/data/ratis/dbe4ec47-1604-4602-8b3d-f3d8d091b279/in_use.lock acquired by nodename 42070@fv-az573-645
2022-10-04 13:27:23,298 [pool-580-thread-1] INFO  storage.RaftStorage (RaftStorageImpl.java:format(89)) - Storage directory /home/runner/work/ozone/ozone/hadoop-ozone/integration-test/target/test-dir/MiniOzoneClusterImpl-cea6a548-c63a-4656-97b3-0431a0c2d519/datanode-1/data/ratis/dbe4ec47-1604-4602-8b3d-f3d8d091b279 has been successfully formatted.
2022-10-04 13:27:23,310 [pool-580-thread-1] INFO  ratis.ContainerStateMachine (ContainerStateMachine.java:loadSnapshot(236)) - group-F3D8D091B279: The snapshot info is null. Setting the last applied indexto:(t:0, i:~)
2022-10-04 13:27:23,310 [pool-580-thread-1] INFO  server.RaftServerConfigKeys (ConfUtils.java:logGet(46)) - raft.server.notification.no-leader.timeout = 300s (custom)
2022-10-04 13:27:23,311 [pool-580-thread-1] INFO  server.RaftServerConfigKeys (ConfUtils.java:logGet(46)) - raft.server.log.use.memory = false (default)
2022-10-04 13:27:23,311 [pool-580-thread-1] INFO  server.RaftServerConfigKeys (ConfUtils.java:logGet(46)) - raft.server.log.purge.gap = 1000000 (custom)
2022-10-04 13:27:23,311 [pool-580-thread-1] INFO  server.RaftServerConfigKeys (ConfUtils.java:logGet(46)) - raft.server.log.appender.buffer.byte-limit = 33554432 (custom)
2022-10-04 13:27:23,311 [pool-580-thread-1] INFO  server.RaftServerConfigKeys (ConfUtils.java:logGet(46)) - raft.server.log.statemachine.data.read.timeout = 1000ms (default)
2022-10-04 13:27:23,311 [pool-580-thread-1] INFO  server.RaftServerConfigKeys (ConfUtils.java:logGet(46)) - raft.server.log.segment.size.max = 1048576 (custom)
2022-10-04 13:27:23,312 [pool-580-thread-1] INFO  server.RaftServerConfigKeys (ConfUtils.java:logGet(46)) - raft.server.log.segment.cache.num.max = 2 (custom)
2022-10-04 13:27:23,312 [pool-580-thread-1] INFO  server.RaftServerConfigKeys (ConfUtils.java:logGet(46)) - raft.server.log.segment.cache.size.max = 200MB (=209715200) (default)
2022-10-04 13:27:23,312 [pool-580-thread-1] INFO  segmented.SegmentedRaftLogWorker (SegmentedRaftLogWorker.java:<init>(187)) - new b813d9d6-d2da-4871-aa28-8feeebf6a2b1@group-F3D8D091B279-SegmentedRaftLogWorker for RaftStorageImpl:Storage Directory /home/runner/work/ozone/ozone/hadoop-ozone/integration-test/target/test-dir/MiniOzoneClusterImpl-cea6a548-c63a-4656-97b3-0431a0c2d519/datanode-1/data/ratis/dbe4ec47-1604-4602-8b3d-f3d8d091b279
2022-10-04 13:27:23,312 [pool-580-thread-1] INFO  server.RaftServerConfigKeys (ConfUtils.java:logGet(46)) - raft.server.log.queue.byte-limit = 4294967296 (custom)
2022-10-04 13:27:23,312 [pool-580-thread-1] INFO  server.RaftServerConfigKeys (ConfUtils.java:logGet(46)) - raft.server.log.queue.element-limit = 1024 (custom)
2022-10-04 13:27:23,312 [pool-580-thread-1] INFO  server.RaftServerConfigKeys (ConfUtils.java:logGet(46)) - raft.server.log.segment.size.max = 1048576 (custom)
2022-10-04 13:27:23,312 [pool-580-thread-1] INFO  server.RaftServerConfigKeys (ConfUtils.java:logGet(46)) - raft.server.log.preallocated.size = 16384 (custom)
2022-10-04 13:27:23,312 [pool-580-thread-1] INFO  server.RaftServerConfigKeys (ConfUtils.java:logGet(46)) - raft.server.log.force.sync.num = 128 (default)
2022-10-04 13:27:23,312 [pool-580-thread-1] INFO  server.RaftServerConfigKeys (ConfUtils.java:logGet(46)) - raft.server.log.statemachine.data.sync = true (default)
2022-10-04 13:27:23,312 [pool-580-thread-1] INFO  server.RaftServerConfigKeys (ConfUtils.java:logGet(46)) - raft.server.log.statemachine.data.sync.timeout = 10s (default)
2022-10-04 13:27:23,312 [pool-580-thread-1] INFO  server.RaftServerConfigKeys (ConfUtils.java:logGet(46)) - raft.server.log.statemachine.data.sync.timeout.retry = -1 (default)
2022-10-04 13:27:23,313 [pool-580-thread-1] INFO  server.RaftServerConfigKeys (ConfUtils.java:logGet(46)) - raft.server.log.write.buffer.size = 1048576 (custom)
2022-10-04 13:27:23,313 [pool-580-thread-1] INFO  server.RaftServerConfigKeys (ConfUtils.java:logGet(46)) - raft.server.log.unsafe-flush.enabled = false (default)
2022-10-04 13:27:23,313 [pool-580-thread-1] INFO  server.RaftServerConfigKeys (ConfUtils.java:logGet(46)) - raft.server.log.statemachine.data.caching.enabled = true (custom)
2022-10-04 13:27:23,314 [pool-580-thread-1] INFO  segmented.SegmentedRaftLogWorker (SegmentedRaftLogWorker.java:lambda$new$0(135)) - b813d9d6-d2da-4871-aa28-8feeebf6a2b1@group-F3D8D091B279-SegmentedRaftLogWorker: flushIndex: setUnconditionally 0 -> -1
2022-10-04 13:27:23,314 [pool-580-thread-1] INFO  segmented.SegmentedRaftLogWorker (SegmentedRaftLogWorker.java:lambda$new$0(135)) - b813d9d6-d2da-4871-aa28-8feeebf6a2b1@group-F3D8D091B279-SegmentedRaftLogWorker: safeCacheEvictIndex: setUnconditionally 0 -> -1
2022-10-04 13:27:23,323 [pool-580-thread-1] INFO  server.RaftServerConfigKeys (ConfUtils.java:logGet(46)) - raft.server.snapshot.auto.trigger.enabled = true (custom)
2022-10-04 13:27:23,323 [pool-580-thread-1] INFO  server.RaftServerConfigKeys (ConfUtils.java:logGet(46)) - raft.server.snapshot.auto.trigger.threshold = 10000 (custom)
2022-10-04 13:27:23,323 [pool-580-thread-1] INFO  server.RaftServerConfigKeys (ConfUtils.java:logGet(46)) - raft.server.snapshot.retention.file.num = 5 (custom)
2022-10-04 13:27:23,323 [pool-580-thread-1] INFO  server.RaftServerConfigKeys (ConfUtils.java:logGet(46)) - raft.server.log.purge.upto.snapshot.index = false (default)
2022-10-04 13:27:23,323 [pool-580-thread-1] INFO  server.RaftServerConfigKeys (ConfUtils.java:logGet(46)) - raft.server.retrycache.expirytime = 600000ms (custom)
2022-10-04 13:27:23,323 [pool-580-thread-1] INFO  server.RaftServerConfigKeys (ConfUtils.java:logGet(46)) - raft.server.retrycache.statistics.expirytime = 100μs (default)
2022-10-04 13:27:23,324 [pool-580-thread-1] INFO  server.RaftServerConfigKeys (ConfUtils.java:logGet(46)) - raft.server.log.appender.install.snapshot.enabled = false (custom)
2022-10-04 13:27:23,324 [pool-580-thread-1] INFO  server.RaftServerConfigKeys (ConfUtils.java:logGet(46)) - raft.server.threadpool.server.cached = true (default)
2022-10-04 13:27:23,324 [pool-580-thread-1] INFO  server.RaftServerConfigKeys (ConfUtils.java:logGet(46)) - raft.server.threadpool.server.size = 0 (default)
2022-10-04 13:27:23,324 [pool-580-thread-1] INFO  server.RaftServerConfigKeys (ConfUtils.java:logGet(46)) - raft.server.threadpool.client.cached = true (default)
2022-10-04 13:27:23,324 [pool-580-thread-1] INFO  server.RaftServerConfigKeys (ConfUtils.java:logGet(46)) - raft.server.threadpool.client.size = 0 (default)
2022-10-04 13:27:23,324 [pool-580-thread-1] INFO  server.RaftServer$Division (RaftServerImpl.java:start(310)) - b813d9d6-d2da-4871-aa28-8feeebf6a2b1@group-F3D8D091B279: start as a follower, conf=-1: [7a71dd4d-a1c2-4b48-bfe9-22ab957e1741|rpc:10.1.1.108:40789|dataStream:|priority:0, 051540aa-1c92-47a1-9435-f58d1c5cf642|rpc:10.1.1.108:45631|dataStream:|priority:1, b813d9d6-d2da-4871-aa28-8feeebf6a2b1|rpc:10.1.1.108:39827|dataStream:|priority:0], old=null
2022-10-04 13:27:23,324 [pool-580-thread-1] INFO  server.RaftServer$Division (RaftServerImpl.java:setRole(299)) - b813d9d6-d2da-4871-aa28-8feeebf6a2b1@group-F3D8D091B279: changes role from      null to FOLLOWER at term 0 for startAsFollower
2022-10-04 13:27:23,324 [pool-580-thread-1] INFO  impl.RoleInfo (RoleInfo.java:updateAndGet(139)) - b813d9d6-d2da-4871-aa28-8feeebf6a2b1: start b813d9d6-d2da-4871-aa28-8feeebf6a2b1@group-F3D8D091B279-FollowerState
2022-10-04 13:27:23,330 [pool-580-thread-1] INFO  util.JmxRegister (JmxRegister.java:tryRegister(44)) - Successfully registered JMX Bean with object name Ratis:service=RaftServer,group=group-F3D8D091B279,id=b813d9d6-d2da-4871-aa28-8feeebf6a2b1
2022-10-04 13:27:23,355 [Command processor thread] INFO  commandhandler.CreatePipelineCommandHandler (CreatePipelineCommandHandler.java:handle(113)) - Created Pipeline RATIS THREE PipelineID=dbe4ec47-1604-4602-8b3d-f3d8d091b279.
2022-10-04 13:27:23,355 [Command processor thread] INFO  server.RaftServer (RaftServerProxy.java:addNew(96)) - 051540aa-1c92-47a1-9435-f58d1c5cf642: addNew group-00C9FE82DA7B:[7a71dd4d-a1c2-4b48-bfe9-22ab957e1741|rpc:10.1.1.108:40789|priority:1, 051540aa-1c92-47a1-9435-f58d1c5cf642|rpc:10.1.1.108:45631|priority:0, b813d9d6-d2da-4871-aa28-8feeebf6a2b1|rpc:10.1.1.108:39827|priority:0] returns group-00C9FE82DA7B:java.util.concurrent.CompletableFuture@37989bb7[Not completed]
2022-10-04 13:27:23,356 [pool-557-thread-1] INFO  server.RaftServer$Division (RaftServerImpl.java:<init>(190)) - 051540aa-1c92-47a1-9435-f58d1c5cf642: new RaftServerImpl for group-00C9FE82DA7B:[7a71dd4d-a1c2-4b48-bfe9-22ab957e1741|rpc:10.1.1.108:40789|priority:1, 051540aa-1c92-47a1-9435-f58d1c5cf642|rpc:10.1.1.108:45631|priority:0, b813d9d6-d2da-4871-aa28-8feeebf6a2b1|rpc:10.1.1.108:39827|priority:0] with ContainerStateMachine:uninitialized
2022-10-04 13:27:23,356 [pool-557-thread-1] INFO  server.RaftServerConfigKeys (ConfUtils.java:logGet(46)) - raft.server.rpc.timeout.min = 5s (custom)
2022-10-04 13:27:23,356 [pool-557-thread-1] INFO  server.RaftServerConfigKeys (ConfUtils.java:logGet(46)) - raft.server.rpc.timeout.max = 5200ms (custom)
2022-10-04 13:27:23,356 [pool-557-thread-1] INFO  server.RaftServerConfigKeys (ConfUtils.java:logGet(46)) - raft.server.rpc.sleep.time = 25ms (default)
2022-10-04 13:27:23,356 [pool-557-thread-1] INFO  server.RaftServerConfigKeys (ConfUtils.java:logGet(46)) - raft.server.rpc.slowness.timeout = 300s (custom)
2022-10-04 13:27:23,356 [pool-557-thread-1] INFO  server.RaftServerConfigKeys (ConfUtils.java:logGet(46)) - raft.server.leaderelection.leader.step-down.wait-time = 10s (default)
2022-10-04 13:27:23,356 [pool-557-thread-1] INFO  server.RaftServerConfigKeys (ConfUtils.java:logGet(46)) - raft.server.sleep.deviation.threshold = 300ms (default)
2022-10-04 13:27:23,356 [pool-557-thread-1] INFO  server.RaftServer$Division (ServerState.java:<init>(107)) - 051540aa-1c92-47a1-9435-f58d1c5cf642@group-00C9FE82DA7B: ConfigurationManager, init=-1: [7a71dd4d-a1c2-4b48-bfe9-22ab957e1741|rpc:10.1.1.108:40789|priority:1, 051540aa-1c92-47a1-9435-f58d1c5cf642|rpc:10.1.1.108:45631|priority:0, b813d9d6-d2da-4871-aa28-8feeebf6a2b1|rpc:10.1.1.108:39827|priority:0], old=null, confs=<EMPTY_MAP>
2022-10-04 13:27:23,356 [pool-557-thread-1] INFO  server.RaftServerConfigKeys (ConfUtils.java:logGet(46)) - raft.server.storage.dir = [/home/runner/work/ozone/ozone/hadoop-ozone/integration-test/target/test-dir/MiniOzoneClusterImpl-cea6a548-c63a-4656-97b3-0431a0c2d519/datanode-0/data/ratis] (custom)
2022-10-04 13:27:23,356 [pool-557-thread-1] INFO  server.RaftServerConfigKeys (ConfUtils.java:logGet(46)) - raft.server.log.corruption.policy = EXCEPTION (default)
2022-10-04 13:27:23,357 [pool-557-thread-1] INFO  server.RaftServerConfigKeys (ConfUtils.java:logGet(46)) - raft.server.storage.free-space.min = 0MB (=0) (default)
2022-10-04 13:27:23,357 [pool-557-thread-1] INFO  storage.RaftStorageDirectory (RaftStorageDirectoryImpl.java:analyzeStorage(135)) - The storage directory /home/runner/work/ozone/ozone/hadoop-ozone/integration-test/target/test-dir/MiniOzoneClusterImpl-cea6a548-c63a-4656-97b3-0431a0c2d519/datanode-0/data/ratis/746c321d-c009-48f2-a172-00c9fe82da7b does not exist. Creating ...
2022-10-04 13:27:23,359 [pool-557-thread-1] INFO  storage.RaftStorageDirectory (RaftStorageDirectoryImpl.java:tryLock(230)) - Lock on /home/runner/work/ozone/ozone/hadoop-ozone/integration-test/target/test-dir/MiniOzoneClusterImpl-cea6a548-c63a-4656-97b3-0431a0c2d519/datanode-0/data/ratis/746c321d-c009-48f2-a172-00c9fe82da7b/in_use.lock acquired by nodename 42070@fv-az573-645
2022-10-04 13:27:23,363 [pool-557-thread-1] INFO  storage.RaftStorage (RaftStorageImpl.java:format(89)) - Storage directory /home/runner/work/ozone/ozone/hadoop-ozone/integration-test/target/test-dir/MiniOzoneClusterImpl-cea6a548-c63a-4656-97b3-0431a0c2d519/datanode-0/data/ratis/746c321d-c009-48f2-a172-00c9fe82da7b has been successfully formatted.
2022-10-04 13:27:23,365 [EventQueue-OpenPipelineForHealthyPipelineSafeModeRule] INFO  safemode.SCMSafeModeManager (HealthyPipelineSafeModeRule.java:process(137)) - SCM in safe mode. Healthy pipelines reported count is 0, required healthy pipeline reported count is 1
2022-10-04 13:27:23,367 [pool-557-thread-1] INFO  ratis.ContainerStateMachine (ContainerStateMachine.java:loadSnapshot(236)) - group-00C9FE82DA7B: The snapshot info is null. Setting the last applied indexto:(t:0, i:~)
2022-10-04 13:27:23,367 [pool-557-thread-1] INFO  server.RaftServerConfigKeys (ConfUtils.java:logGet(46)) - raft.server.notification.no-leader.timeout = 300s (custom)
2022-10-04 13:27:23,367 [pool-557-thread-1] INFO  server.RaftServerConfigKeys (ConfUtils.java:logGet(46)) - raft.server.log.use.memory = false (default)
2022-10-04 13:27:23,367 [pool-557-thread-1] INFO  server.RaftServerConfigKeys (ConfUtils.java:logGet(46)) - raft.server.log.purge.gap = 1000000 (custom)
2022-10-04 13:27:23,367 [pool-557-thread-1] INFO  server.RaftServerConfigKeys (ConfUtils.java:logGet(46)) - raft.server.log.appender.buffer.byte-limit = 33554432 (custom)
2022-10-04 13:27:23,367 [pool-557-thread-1] INFO  server.RaftServerConfigKeys (ConfUtils.java:logGet(46)) - raft.server.log.statemachine.data.read.timeout = 1000ms (default)
2022-10-04 13:27:23,367 [pool-557-thread-1] INFO  server.RaftServerConfigKeys (ConfUtils.java:logGet(46)) - raft.server.log.segment.size.max = 1048576 (custom)
2022-10-04 13:27:23,368 [pool-557-thread-1] INFO  server.RaftServerConfigKeys (ConfUtils.java:logGet(46)) - raft.server.log.segment.cache.num.max = 2 (custom)
2022-10-04 13:27:23,368 [pool-557-thread-1] INFO  server.RaftServerConfigKeys (ConfUtils.java:logGet(46)) - raft.server.log.segment.cache.size.max = 200MB (=209715200) (default)
2022-10-04 13:27:23,368 [pool-557-thread-1] INFO  segmented.SegmentedRaftLogWorker (SegmentedRaftLogWorker.java:<init>(187)) - new 051540aa-1c92-47a1-9435-f58d1c5cf642@group-00C9FE82DA7B-SegmentedRaftLogWorker for RaftStorageImpl:Storage Directory /home/runner/work/ozone/ozone/hadoop-ozone/integration-test/target/test-dir/MiniOzoneClusterImpl-cea6a548-c63a-4656-97b3-0431a0c2d519/datanode-0/data/ratis/746c321d-c009-48f2-a172-00c9fe82da7b
2022-10-04 13:27:23,369 [pool-557-thread-1] INFO  server.RaftServerConfigKeys (ConfUtils.java:logGet(46)) - raft.server.log.queue.byte-limit = 4294967296 (custom)
2022-10-04 13:27:23,369 [pool-557-thread-1] INFO  server.RaftServerConfigKeys (ConfUtils.java:logGet(46)) - raft.server.log.queue.element-limit = 1024 (custom)
2022-10-04 13:27:23,370 [pool-557-thread-1] INFO  server.RaftServerConfigKeys (ConfUtils.java:logGet(46)) - raft.server.log.segment.size.max = 1048576 (custom)
2022-10-04 13:27:23,370 [pool-557-thread-1] INFO  server.RaftServerConfigKeys (ConfUtils.java:logGet(46)) - raft.server.log.preallocated.size = 16384 (custom)
2022-10-04 13:27:23,370 [pool-557-thread-1] INFO  server.RaftServerConfigKeys (ConfUtils.java:logGet(46)) - raft.server.log.force.sync.num = 128 (default)
2022-10-04 13:27:23,370 [pool-557-thread-1] INFO  server.RaftServerConfigKeys (ConfUtils.java:logGet(46)) - raft.server.log.statemachine.data.sync = true (default)
2022-10-04 13:27:23,371 [pool-557-thread-1] INFO  server.RaftServerConfigKeys (ConfUtils.java:logGet(46)) - raft.server.log.statemachine.data.sync.timeout = 10s (default)
2022-10-04 13:27:23,371 [pool-557-thread-1] INFO  server.RaftServerConfigKeys (ConfUtils.java:logGet(46)) - raft.server.log.statemachine.data.sync.timeout.retry = -1 (default)
2022-10-04 13:27:23,371 [pool-557-thread-1] INFO  server.RaftServerConfigKeys (ConfUtils.java:logGet(46)) - raft.server.log.write.buffer.size = 1048576 (custom)
2022-10-04 13:27:23,372 [pool-557-thread-1] INFO  server.RaftServerConfigKeys (ConfUtils.java:logGet(46)) - raft.server.log.unsafe-flush.enabled = false (default)
2022-10-04 13:27:23,372 [pool-557-thread-1] INFO  server.RaftServerConfigKeys (ConfUtils.java:logGet(46)) - raft.server.log.statemachine.data.caching.enabled = true (custom)
2022-10-04 13:27:23,372 [pool-557-thread-1] INFO  segmented.SegmentedRaftLogWorker (SegmentedRaftLogWorker.java:lambda$new$0(135)) - 051540aa-1c92-47a1-9435-f58d1c5cf642@group-00C9FE82DA7B-SegmentedRaftLogWorker: flushIndex: setUnconditionally 0 -> -1
2022-10-04 13:27:23,372 [pool-557-thread-1] INFO  segmented.SegmentedRaftLogWorker (SegmentedRaftLogWorker.java:lambda$new$0(135)) - 051540aa-1c92-47a1-9435-f58d1c5cf642@group-00C9FE82DA7B-SegmentedRaftLogWorker: safeCacheEvictIndex: setUnconditionally 0 -> -1
2022-10-04 13:27:23,376 [pool-557-thread-1] INFO  server.RaftServerConfigKeys (ConfUtils.java:logGet(46)) - raft.server.snapshot.auto.trigger.enabled = true (custom)
2022-10-04 13:27:23,376 [pool-557-thread-1] INFO  server.RaftServerConfigKeys (ConfUtils.java:logGet(46)) - raft.server.snapshot.auto.trigger.threshold = 10000 (custom)
2022-10-04 13:27:23,376 [pool-557-thread-1] INFO  server.RaftServerConfigKeys (ConfUtils.java:logGet(46)) - raft.server.snapshot.retention.file.num = 5 (custom)
2022-10-04 13:27:23,376 [pool-557-thread-1] INFO  server.RaftServerConfigKeys (ConfUtils.java:logGet(46)) - raft.server.log.purge.upto.snapshot.index = false (default)
2022-10-04 13:27:23,376 [pool-557-thread-1] INFO  server.RaftServerConfigKeys (ConfUtils.java:logGet(46)) - raft.server.retrycache.expirytime = 600000ms (custom)
2022-10-04 13:27:23,376 [pool-557-thread-1] INFO  server.RaftServerConfigKeys (ConfUtils.java:logGet(46)) - raft.server.retrycache.statistics.expirytime = 100μs (default)
2022-10-04 13:27:23,378 [pool-557-thread-1] INFO  server.RaftServerConfigKeys (ConfUtils.java:logGet(46)) - raft.server.log.appender.install.snapshot.enabled = false (custom)
2022-10-04 13:27:23,378 [pool-557-thread-1] INFO  server.RaftServerConfigKeys (ConfUtils.java:logGet(46)) - raft.server.threadpool.server.cached = true (default)
2022-10-04 13:27:23,378 [pool-557-thread-1] INFO  server.RaftServerConfigKeys (ConfUtils.java:logGet(46)) - raft.server.threadpool.server.size = 0 (default)
2022-10-04 13:27:23,378 [pool-557-thread-1] INFO  server.RaftServerConfigKeys (ConfUtils.java:logGet(46)) - raft.server.threadpool.client.cached = true (default)
2022-10-04 13:27:23,378 [pool-557-thread-1] INFO  server.RaftServerConfigKeys (ConfUtils.java:logGet(46)) - raft.server.threadpool.client.size = 0 (default)
2022-10-04 13:27:23,378 [pool-557-thread-1] INFO  server.RaftServer$Division (RaftServerImpl.java:start(310)) - 051540aa-1c92-47a1-9435-f58d1c5cf642@group-00C9FE82DA7B: start as a follower, conf=-1: [7a71dd4d-a1c2-4b48-bfe9-22ab957e1741|rpc:10.1.1.108:40789|priority:1, 051540aa-1c92-47a1-9435-f58d1c5cf642|rpc:10.1.1.108:45631|priority:0, b813d9d6-d2da-4871-aa28-8feeebf6a2b1|rpc:10.1.1.108:39827|priority:0], old=null
2022-10-04 13:27:23,378 [pool-557-thread-1] INFO  server.RaftServer$Division (RaftServerImpl.java:setRole(299)) - 051540aa-1c92-47a1-9435-f58d1c5cf642@group-00C9FE82DA7B: changes role from      null to FOLLOWER at term 0 for startAsFollower
2022-10-04 13:27:23,378 [pool-557-thread-1] INFO  impl.RoleInfo (RoleInfo.java:updateAndGet(139)) - 051540aa-1c92-47a1-9435-f58d1c5cf642: start 051540aa-1c92-47a1-9435-f58d1c5cf642@group-00C9FE82DA7B-FollowerState
2022-10-04 13:27:23,381 [pool-557-thread-1] INFO  util.JmxRegister (JmxRegister.java:tryRegister(44)) - Successfully registered JMX Bean with object name Ratis:service=RaftServer,group=group-00C9FE82DA7B,id=051540aa-1c92-47a1-9435-f58d1c5cf642
2022-10-04 13:27:23,386 [Command processor thread] INFO  ratis.XceiverServerRatis (XceiverServerRatis.java:addGroup(765)) - Created group PipelineID=746c321d-c009-48f2-a172-00c9fe82da7b
2022-10-04 13:27:23,399 [grpc-default-executor-5] INFO  server.RaftServer (RaftServerProxy.java:addNew(96)) - b813d9d6-d2da-4871-aa28-8feeebf6a2b1: addNew group-00C9FE82DA7B:[7a71dd4d-a1c2-4b48-bfe9-22ab957e1741|rpc:10.1.1.108:40789|dataStream:|priority:1, 051540aa-1c92-47a1-9435-f58d1c5cf642|rpc:10.1.1.108:45631|dataStream:|priority:0, b813d9d6-d2da-4871-aa28-8feeebf6a2b1|rpc:10.1.1.108:39827|dataStream:|priority:0] returns group-00C9FE82DA7B:java.util.concurrent.CompletableFuture@2423a618[Not completed]
2022-10-04 13:27:23,400 [pool-580-thread-1] INFO  server.RaftServer$Division (RaftServerImpl.java:<init>(190)) - b813d9d6-d2da-4871-aa28-8feeebf6a2b1: new RaftServerImpl for group-00C9FE82DA7B:[7a71dd4d-a1c2-4b48-bfe9-22ab957e1741|rpc:10.1.1.108:40789|dataStream:|priority:1, 051540aa-1c92-47a1-9435-f58d1c5cf642|rpc:10.1.1.108:45631|dataStream:|priority:0, b813d9d6-d2da-4871-aa28-8feeebf6a2b1|rpc:10.1.1.108:39827|dataStream:|priority:0] with ContainerStateMachine:uninitialized
2022-10-04 13:27:23,400 [pool-580-thread-1] INFO  server.RaftServerConfigKeys (ConfUtils.java:logGet(46)) - raft.server.rpc.timeout.min = 5s (custom)
2022-10-04 13:27:23,400 [pool-580-thread-1] INFO  server.RaftServerConfigKeys (ConfUtils.java:logGet(46)) - raft.server.rpc.timeout.max = 5200ms (custom)
2022-10-04 13:27:23,400 [pool-580-thread-1] INFO  server.RaftServerConfigKeys (ConfUtils.java:logGet(46)) - raft.server.rpc.sleep.time = 25ms (default)
2022-10-04 13:27:23,400 [pool-580-thread-1] INFO  server.RaftServerConfigKeys (ConfUtils.java:logGet(46)) - raft.server.rpc.slowness.timeout = 300s (custom)
2022-10-04 13:27:23,400 [pool-580-thread-1] INFO  server.RaftServerConfigKeys (ConfUtils.java:logGet(46)) - raft.server.leaderelection.leader.step-down.wait-time = 10s (default)
2022-10-04 13:27:23,400 [pool-580-thread-1] INFO  server.RaftServerConfigKeys (ConfUtils.java:logGet(46)) - raft.server.sleep.deviation.threshold = 300ms (default)
2022-10-04 13:27:23,400 [pool-580-thread-1] INFO  server.RaftServer$Division (ServerState.java:<init>(107)) - b813d9d6-d2da-4871-aa28-8feeebf6a2b1@group-00C9FE82DA7B: ConfigurationManager, init=-1: [7a71dd4d-a1c2-4b48-bfe9-22ab957e1741|rpc:10.1.1.108:40789|dataStream:|priority:1, 051540aa-1c92-47a1-9435-f58d1c5cf642|rpc:10.1.1.108:45631|dataStream:|priority:0, b813d9d6-d2da-4871-aa28-8feeebf6a2b1|rpc:10.1.1.108:39827|dataStream:|priority:0], old=null, confs=<EMPTY_MAP>
2022-10-04 13:27:23,401 [pool-580-thread-1] INFO  server.RaftServerConfigKeys (ConfUtils.java:logGet(46)) - raft.server.storage.dir = [/home/runner/work/ozone/ozone/hadoop-ozone/integration-test/target/test-dir/MiniOzoneClusterImpl-cea6a548-c63a-4656-97b3-0431a0c2d519/datanode-1/data/ratis] (custom)
2022-10-04 13:27:23,401 [pool-580-thread-1] INFO  server.RaftServerConfigKeys (ConfUtils.java:logGet(46)) - raft.server.log.corruption.policy = EXCEPTION (default)
2022-10-04 13:27:23,401 [pool-580-thread-1] INFO  server.RaftServerConfigKeys (ConfUtils.java:logGet(46)) - raft.server.storage.free-space.min = 0MB (=0) (default)
2022-10-04 13:27:23,401 [pool-580-thread-1] INFO  storage.RaftStorageDirectory (RaftStorageDirectoryImpl.java:analyzeStorage(135)) - The storage directory /home/runner/work/ozone/ozone/hadoop-ozone/integration-test/target/test-dir/MiniOzoneClusterImpl-cea6a548-c63a-4656-97b3-0431a0c2d519/datanode-1/data/ratis/746c321d-c009-48f2-a172-00c9fe82da7b does not exist. Creating ...
2022-10-04 13:27:23,403 [pool-580-thread-1] INFO  storage.RaftStorageDirectory (RaftStorageDirectoryImpl.java:tryLock(230)) - Lock on /home/runner/work/ozone/ozone/hadoop-ozone/integration-test/target/test-dir/MiniOzoneClusterImpl-cea6a548-c63a-4656-97b3-0431a0c2d519/datanode-1/data/ratis/746c321d-c009-48f2-a172-00c9fe82da7b/in_use.lock acquired by nodename 42070@fv-az573-645
2022-10-04 13:27:23,406 [pool-580-thread-1] INFO  storage.RaftStorage (RaftStorageImpl.java:format(89)) - Storage directory /home/runner/work/ozone/ozone/hadoop-ozone/integration-test/target/test-dir/MiniOzoneClusterImpl-cea6a548-c63a-4656-97b3-0431a0c2d519/datanode-1/data/ratis/746c321d-c009-48f2-a172-00c9fe82da7b has been successfully formatted.
2022-10-04 13:27:23,406 [pool-580-thread-1] INFO  ratis.ContainerStateMachine (ContainerStateMachine.java:loadSnapshot(236)) - group-00C9FE82DA7B: The snapshot info is null. Setting the last applied indexto:(t:0, i:~)
2022-10-04 13:27:23,407 [pool-580-thread-1] INFO  server.RaftServerConfigKeys (ConfUtils.java:logGet(46)) - raft.server.notification.no-leader.timeout = 300s (custom)
2022-10-04 13:27:23,407 [pool-580-thread-1] INFO  server.RaftServerConfigKeys (ConfUtils.java:logGet(46)) - raft.server.log.use.memory = false (default)
2022-10-04 13:27:23,407 [pool-580-thread-1] INFO  server.RaftServerConfigKeys (ConfUtils.java:logGet(46)) - raft.server.log.purge.gap = 1000000 (custom)
2022-10-04 13:27:23,407 [pool-580-thread-1] INFO  server.RaftServerConfigKeys (ConfUtils.java:logGet(46)) - raft.server.log.appender.buffer.byte-limit = 33554432 (custom)
2022-10-04 13:27:23,407 [pool-580-thread-1] INFO  server.RaftServerConfigKeys (ConfUtils.java:logGet(46)) - raft.server.log.statemachine.data.read.timeout = 1000ms (default)
2022-10-04 13:27:23,407 [pool-580-thread-1] INFO  server.RaftServerConfigKeys (ConfUtils.java:logGet(46)) - raft.server.log.segment.size.max = 1048576 (custom)
2022-10-04 13:27:23,408 [pool-580-thread-1] INFO  server.RaftServerConfigKeys (ConfUtils.java:logGet(46)) - raft.server.log.segment.cache.num.max = 2 (custom)
2022-10-04 13:27:23,408 [pool-580-thread-1] INFO  server.RaftServerConfigKeys (ConfUtils.java:logGet(46)) - raft.server.log.segment.cache.size.max = 200MB (=209715200) (default)
2022-10-04 13:27:23,408 [pool-580-thread-1] INFO  segmented.SegmentedRaftLogWorker (SegmentedRaftLogWorker.java:<init>(187)) - new b813d9d6-d2da-4871-aa28-8feeebf6a2b1@group-00C9FE82DA7B-SegmentedRaftLogWorker for RaftStorageImpl:Storage Directory /home/runner/work/ozone/ozone/hadoop-ozone/integration-test/target/test-dir/MiniOzoneClusterImpl-cea6a548-c63a-4656-97b3-0431a0c2d519/datanode-1/data/ratis/746c321d-c009-48f2-a172-00c9fe82da7b
2022-10-04 13:27:23,408 [pool-580-thread-1] INFO  server.RaftServerConfigKeys (ConfUtils.java:logGet(46)) - raft.server.log.queue.byte-limit = 4294967296 (custom)
2022-10-04 13:27:23,408 [pool-580-thread-1] INFO  server.RaftServerConfigKeys (ConfUtils.java:logGet(46)) - raft.server.log.queue.element-limit = 1024 (custom)
2022-10-04 13:27:23,408 [pool-580-thread-1] INFO  server.RaftServerConfigKeys (ConfUtils.java:logGet(46)) - raft.server.log.segment.size.max = 1048576 (custom)
2022-10-04 13:27:23,408 [pool-580-thread-1] INFO  server.RaftServerConfigKeys (ConfUtils.java:logGet(46)) - raft.server.log.preallocated.size = 16384 (custom)
2022-10-04 13:27:23,408 [pool-580-thread-1] INFO  server.RaftServerConfigKeys (ConfUtils.java:logGet(46)) - raft.server.log.force.sync.num = 128 (default)
2022-10-04 13:27:23,408 [pool-580-thread-1] INFO  server.RaftServerConfigKeys (ConfUtils.java:logGet(46)) - raft.server.log.statemachine.data.sync = true (default)
2022-10-04 13:27:23,410 [pool-580-thread-1] INFO  server.RaftServerConfigKeys (ConfUtils.java:logGet(46)) - raft.server.log.statemachine.data.sync.timeout = 10s (default)
2022-10-04 13:27:23,410 [pool-580-thread-1] INFO  server.RaftServerConfigKeys (ConfUtils.java:logGet(46)) - raft.server.log.statemachine.data.sync.timeout.retry = -1 (default)
2022-10-04 13:27:23,411 [pool-580-thread-1] INFO  server.RaftServerConfigKeys (ConfUtils.java:logGet(46)) - raft.server.log.write.buffer.size = 1048576 (custom)
2022-10-04 13:27:23,411 [pool-580-thread-1] INFO  server.RaftServerConfigKeys (ConfUtils.java:logGet(46)) - raft.server.log.unsafe-flush.enabled = false (default)
2022-10-04 13:27:23,411 [pool-580-thread-1] INFO  server.RaftServerConfigKeys (ConfUtils.java:logGet(46)) - raft.server.log.statemachine.data.caching.enabled = true (custom)
2022-10-04 13:27:23,411 [pool-580-thread-1] INFO  segmented.SegmentedRaftLogWorker (SegmentedRaftLogWorker.java:lambda$new$0(135)) - b813d9d6-d2da-4871-aa28-8feeebf6a2b1@group-00C9FE82DA7B-SegmentedRaftLogWorker: flushIndex: setUnconditionally 0 -> -1
2022-10-04 13:27:23,411 [pool-580-thread-1] INFO  segmented.SegmentedRaftLogWorker (SegmentedRaftLogWorker.java:lambda$new$0(135)) - b813d9d6-d2da-4871-aa28-8feeebf6a2b1@group-00C9FE82DA7B-SegmentedRaftLogWorker: safeCacheEvictIndex: setUnconditionally 0 -> -1
2022-10-04 13:27:23,418 [pool-580-thread-1] INFO  server.RaftServerConfigKeys (ConfUtils.java:logGet(46)) - raft.server.snapshot.auto.trigger.enabled = true (custom)
2022-10-04 13:27:23,418 [pool-580-thread-1] INFO  server.RaftServerConfigKeys (ConfUtils.java:logGet(46)) - raft.server.snapshot.auto.trigger.threshold = 10000 (custom)
2022-10-04 13:27:23,418 [pool-580-thread-1] INFO  server.RaftServerConfigKeys (ConfUtils.java:logGet(46)) - raft.server.snapshot.retention.file.num = 5 (custom)
2022-10-04 13:27:23,418 [pool-580-thread-1] INFO  server.RaftServerConfigKeys (ConfUtils.java:logGet(46)) - raft.server.log.purge.upto.snapshot.index = false (default)
2022-10-04 13:27:23,419 [pool-580-thread-1] INFO  server.RaftServerConfigKeys (ConfUtils.java:logGet(46)) - raft.server.retrycache.expirytime = 600000ms (custom)
2022-10-04 13:27:23,419 [pool-580-thread-1] INFO  server.RaftServerConfigKeys (ConfUtils.java:logGet(46)) - raft.server.retrycache.statistics.expirytime = 100μs (default)
2022-10-04 13:27:23,421 [pool-580-thread-1] INFO  server.RaftServerConfigKeys (ConfUtils.java:logGet(46)) - raft.server.log.appender.install.snapshot.enabled = false (custom)
2022-10-04 13:27:23,421 [pool-580-thread-1] INFO  server.RaftServerConfigKeys (ConfUtils.java:logGet(46)) - raft.server.threadpool.server.cached = true (default)
2022-10-04 13:27:23,421 [pool-580-thread-1] INFO  server.RaftServerConfigKeys (ConfUtils.java:logGet(46)) - raft.server.threadpool.server.size = 0 (default)
2022-10-04 13:27:23,421 [pool-580-thread-1] INFO  server.RaftServerConfigKeys (ConfUtils.java:logGet(46)) - raft.server.threadpool.client.cached = true (default)
2022-10-04 13:27:23,421 [pool-580-thread-1] INFO  server.RaftServerConfigKeys (ConfUtils.java:logGet(46)) - raft.server.threadpool.client.size = 0 (default)
2022-10-04 13:27:23,421 [pool-580-thread-1] INFO  server.RaftServer$Division (RaftServerImpl.java:start(310)) - b813d9d6-d2da-4871-aa28-8feeebf6a2b1@group-00C9FE82DA7B: start as a follower, conf=-1: [7a71dd4d-a1c2-4b48-bfe9-22ab957e1741|rpc:10.1.1.108:40789|dataStream:|priority:1, 051540aa-1c92-47a1-9435-f58d1c5cf642|rpc:10.1.1.108:45631|dataStream:|priority:0, b813d9d6-d2da-4871-aa28-8feeebf6a2b1|rpc:10.1.1.108:39827|dataStream:|priority:0], old=null
2022-10-04 13:27:23,421 [pool-580-thread-1] INFO  server.RaftServer$Division (RaftServerImpl.java:setRole(299)) - b813d9d6-d2da-4871-aa28-8feeebf6a2b1@group-00C9FE82DA7B: changes role from      null to FOLLOWER at term 0 for startAsFollower
2022-10-04 13:27:23,421 [pool-580-thread-1] INFO  impl.RoleInfo (RoleInfo.java:updateAndGet(139)) - b813d9d6-d2da-4871-aa28-8feeebf6a2b1: start b813d9d6-d2da-4871-aa28-8feeebf6a2b1@group-00C9FE82DA7B-FollowerState
2022-10-04 13:27:23,424 [pool-580-thread-1] INFO  util.JmxRegister (JmxRegister.java:tryRegister(44)) - Successfully registered JMX Bean with object name Ratis:service=RaftServer,group=group-00C9FE82DA7B,id=b813d9d6-d2da-4871-aa28-8feeebf6a2b1
2022-10-04 13:27:23,453 [grpc-default-executor-5] INFO  server.RaftServer (RaftServerProxy.java:addNew(96)) - 7a71dd4d-a1c2-4b48-bfe9-22ab957e1741: addNew group-00C9FE82DA7B:[7a71dd4d-a1c2-4b48-bfe9-22ab957e1741|rpc:10.1.1.108:40789|dataStream:|priority:1, 051540aa-1c92-47a1-9435-f58d1c5cf642|rpc:10.1.1.108:45631|dataStream:|priority:0, b813d9d6-d2da-4871-aa28-8feeebf6a2b1|rpc:10.1.1.108:39827|dataStream:|priority:0] returns group-00C9FE82DA7B:java.util.concurrent.CompletableFuture@69897a0c[Not completed]
2022-10-04 13:27:23,454 [pool-603-thread-1] INFO  server.RaftServer$Division (RaftServerImpl.java:<init>(190)) - 7a71dd4d-a1c2-4b48-bfe9-22ab957e1741: new RaftServerImpl for group-00C9FE82DA7B:[7a71dd4d-a1c2-4b48-bfe9-22ab957e1741|rpc:10.1.1.108:40789|dataStream:|priority:1, 051540aa-1c92-47a1-9435-f58d1c5cf642|rpc:10.1.1.108:45631|dataStream:|priority:0, b813d9d6-d2da-4871-aa28-8feeebf6a2b1|rpc:10.1.1.108:39827|dataStream:|priority:0] with ContainerStateMachine:uninitialized
2022-10-04 13:27:23,454 [pool-603-thread-1] INFO  server.RaftServerConfigKeys (ConfUtils.java:logGet(46)) - raft.server.rpc.timeout.min = 5s (custom)
2022-10-04 13:27:23,454 [pool-603-thread-1] INFO  server.RaftServerConfigKeys (ConfUtils.java:logGet(46)) - raft.server.rpc.timeout.max = 5200ms (custom)
2022-10-04 13:27:23,454 [pool-603-thread-1] INFO  server.RaftServerConfigKeys (ConfUtils.java:logGet(46)) - raft.server.rpc.sleep.time = 25ms (default)
2022-10-04 13:27:23,454 [pool-603-thread-1] INFO  server.RaftServerConfigKeys (ConfUtils.java:logGet(46)) - raft.server.rpc.slowness.timeout = 300s (custom)
2022-10-04 13:27:23,454 [pool-603-thread-1] INFO  server.RaftServerConfigKeys (ConfUtils.java:logGet(46)) - raft.server.leaderelection.leader.step-down.wait-time = 10s (default)
2022-10-04 13:27:23,454 [pool-603-thread-1] INFO  server.RaftServerConfigKeys (ConfUtils.java:logGet(46)) - raft.server.sleep.deviation.threshold = 300ms (default)
2022-10-04 13:27:23,454 [pool-603-thread-1] INFO  server.RaftServer$Division (ServerState.java:<init>(107)) - 7a71dd4d-a1c2-4b48-bfe9-22ab957e1741@group-00C9FE82DA7B: ConfigurationManager, init=-1: [7a71dd4d-a1c2-4b48-bfe9-22ab957e1741|rpc:10.1.1.108:40789|dataStream:|priority:1, 051540aa-1c92-47a1-9435-f58d1c5cf642|rpc:10.1.1.108:45631|dataStream:|priority:0, b813d9d6-d2da-4871-aa28-8feeebf6a2b1|rpc:10.1.1.108:39827|dataStream:|priority:0], old=null, confs=<EMPTY_MAP>
2022-10-04 13:27:23,454 [pool-603-thread-1] INFO  server.RaftServerConfigKeys (ConfUtils.java:logGet(46)) - raft.server.storage.dir = [/home/runner/work/ozone/ozone/hadoop-ozone/integration-test/target/test-dir/MiniOzoneClusterImpl-cea6a548-c63a-4656-97b3-0431a0c2d519/datanode-2/data/ratis] (custom)
2022-10-04 13:27:23,454 [pool-603-thread-1] INFO  server.RaftServerConfigKeys (ConfUtils.java:logGet(46)) - raft.server.log.corruption.policy = EXCEPTION (default)
2022-10-04 13:27:23,455 [pool-603-thread-1] INFO  server.RaftServerConfigKeys (ConfUtils.java:logGet(46)) - raft.server.storage.free-space.min = 0MB (=0) (default)
2022-10-04 13:27:23,455 [pool-603-thread-1] INFO  storage.RaftStorageDirectory (RaftStorageDirectoryImpl.java:analyzeStorage(135)) - The storage directory /home/runner/work/ozone/ozone/hadoop-ozone/integration-test/target/test-dir/MiniOzoneClusterImpl-cea6a548-c63a-4656-97b3-0431a0c2d519/datanode-2/data/ratis/746c321d-c009-48f2-a172-00c9fe82da7b does not exist. Creating ...
2022-10-04 13:27:23,459 [pool-603-thread-1] INFO  storage.RaftStorageDirectory (RaftStorageDirectoryImpl.java:tryLock(230)) - Lock on /home/runner/work/ozone/ozone/hadoop-ozone/integration-test/target/test-dir/MiniOzoneClusterImpl-cea6a548-c63a-4656-97b3-0431a0c2d519/datanode-2/data/ratis/746c321d-c009-48f2-a172-00c9fe82da7b/in_use.lock acquired by nodename 42070@fv-az573-645
2022-10-04 13:27:23,460 [pool-603-thread-1] INFO  storage.RaftStorage (RaftStorageImpl.java:format(89)) - Storage directory /home/runner/work/ozone/ozone/hadoop-ozone/integration-test/target/test-dir/MiniOzoneClusterImpl-cea6a548-c63a-4656-97b3-0431a0c2d519/datanode-2/data/ratis/746c321d-c009-48f2-a172-00c9fe82da7b has been successfully formatted.
2022-10-04 13:27:23,463 [pool-603-thread-1] INFO  ratis.ContainerStateMachine (ContainerStateMachine.java:loadSnapshot(236)) - group-00C9FE82DA7B: The snapshot info is null. Setting the last applied indexto:(t:0, i:~)
2022-10-04 13:27:23,463 [pool-603-thread-1] INFO  server.RaftServerConfigKeys (ConfUtils.java:logGet(46)) - raft.server.notification.no-leader.timeout = 300s (custom)
2022-10-04 13:27:23,463 [pool-603-thread-1] INFO  server.RaftServerConfigKeys (ConfUtils.java:logGet(46)) - raft.server.log.use.memory = false (default)
2022-10-04 13:27:23,463 [pool-603-thread-1] INFO  server.RaftServerConfigKeys (ConfUtils.java:logGet(46)) - raft.server.log.purge.gap = 1000000 (custom)
2022-10-04 13:27:23,463 [pool-603-thread-1] INFO  server.RaftServerConfigKeys (ConfUtils.java:logGet(46)) - raft.server.log.appender.buffer.byte-limit = 33554432 (custom)
2022-10-04 13:27:23,463 [pool-603-thread-1] INFO  server.RaftServerConfigKeys (ConfUtils.java:logGet(46)) - raft.server.log.statemachine.data.read.timeout = 1000ms (default)
2022-10-04 13:27:23,464 [pool-603-thread-1] INFO  server.RaftServerConfigKeys (ConfUtils.java:logGet(46)) - raft.server.log.segment.size.max = 1048576 (custom)
2022-10-04 13:27:23,464 [pool-603-thread-1] INFO  server.RaftServerConfigKeys (ConfUtils.java:logGet(46)) - raft.server.log.segment.cache.num.max = 2 (custom)
2022-10-04 13:27:23,464 [pool-603-thread-1] INFO  server.RaftServerConfigKeys (ConfUtils.java:logGet(46)) - raft.server.log.segment.cache.size.max = 200MB (=209715200) (default)
2022-10-04 13:27:23,464 [pool-603-thread-1] INFO  segmented.SegmentedRaftLogWorker (SegmentedRaftLogWorker.java:<init>(187)) - new 7a71dd4d-a1c2-4b48-bfe9-22ab957e1741@group-00C9FE82DA7B-SegmentedRaftLogWorker for RaftStorageImpl:Storage Directory /home/runner/work/ozone/ozone/hadoop-ozone/integration-test/target/test-dir/MiniOzoneClusterImpl-cea6a548-c63a-4656-97b3-0431a0c2d519/datanode-2/data/ratis/746c321d-c009-48f2-a172-00c9fe82da7b
2022-10-04 13:27:23,464 [pool-603-thread-1] INFO  server.RaftServerConfigKeys (ConfUtils.java:logGet(46)) - raft.server.log.queue.byte-limit = 4294967296 (custom)
2022-10-04 13:27:23,464 [pool-603-thread-1] INFO  server.RaftServerConfigKeys (ConfUtils.java:logGet(46)) - raft.server.log.queue.element-limit = 1024 (custom)
2022-10-04 13:27:23,464 [pool-603-thread-1] INFO  server.RaftServerConfigKeys (ConfUtils.java:logGet(46)) - raft.server.log.segment.size.max = 1048576 (custom)
2022-10-04 13:27:23,464 [pool-603-thread-1] INFO  server.RaftServerConfigKeys (ConfUtils.java:logGet(46)) - raft.server.log.preallocated.size = 16384 (custom)
2022-10-04 13:27:23,464 [pool-603-thread-1] INFO  server.RaftServerConfigKeys (ConfUtils.java:logGet(46)) - raft.server.log.force.sync.num = 128 (default)
2022-10-04 13:27:23,464 [pool-603-thread-1] INFO  server.RaftServerConfigKeys (ConfUtils.java:logGet(46)) - raft.server.log.statemachine.data.sync = true (default)
2022-10-04 13:27:23,465 [pool-603-thread-1] INFO  server.RaftServerConfigKeys (ConfUtils.java:logGet(46)) - raft.server.log.statemachine.data.sync.timeout = 10s (default)
2022-10-04 13:27:23,465 [pool-603-thread-1] INFO  server.RaftServerConfigKeys (ConfUtils.java:logGet(46)) - raft.server.log.statemachine.data.sync.timeout.retry = -1 (default)
2022-10-04 13:27:23,466 [pool-603-thread-1] INFO  server.RaftServerConfigKeys (ConfUtils.java:logGet(46)) - raft.server.log.write.buffer.size = 1048576 (custom)
2022-10-04 13:27:23,466 [pool-603-thread-1] INFO  server.RaftServerConfigKeys (ConfUtils.java:logGet(46)) - raft.server.log.unsafe-flush.enabled = false (default)
2022-10-04 13:27:23,466 [pool-603-thread-1] INFO  server.RaftServerConfigKeys (ConfUtils.java:logGet(46)) - raft.server.log.statemachine.data.caching.enabled = true (custom)
2022-10-04 13:27:23,466 [pool-603-thread-1] INFO  segmented.SegmentedRaftLogWorker (SegmentedRaftLogWorker.java:lambda$new$0(135)) - 7a71dd4d-a1c2-4b48-bfe9-22ab957e1741@group-00C9FE82DA7B-SegmentedRaftLogWorker: flushIndex: setUnconditionally 0 -> -1
2022-10-04 13:27:23,466 [pool-603-thread-1] INFO  segmented.SegmentedRaftLogWorker (SegmentedRaftLogWorker.java:lambda$new$0(135)) - 7a71dd4d-a1c2-4b48-bfe9-22ab957e1741@group-00C9FE82DA7B-SegmentedRaftLogWorker: safeCacheEvictIndex: setUnconditionally 0 -> -1
2022-10-04 13:27:23,469 [pool-603-thread-1] INFO  server.RaftServerConfigKeys (ConfUtils.java:logGet(46)) - raft.server.snapshot.auto.trigger.enabled = true (custom)
2022-10-04 13:27:23,469 [pool-603-thread-1] INFO  server.RaftServerConfigKeys (ConfUtils.java:logGet(46)) - raft.server.snapshot.auto.trigger.threshold = 10000 (custom)
2022-10-04 13:27:23,469 [pool-603-thread-1] INFO  server.RaftServerConfigKeys (ConfUtils.java:logGet(46)) - raft.server.snapshot.retention.file.num = 5 (custom)
2022-10-04 13:27:23,469 [pool-603-thread-1] INFO  server.RaftServerConfigKeys (ConfUtils.java:logGet(46)) - raft.server.log.purge.upto.snapshot.index = false (default)
2022-10-04 13:27:23,469 [pool-603-thread-1] INFO  server.RaftServerConfigKeys (ConfUtils.java:logGet(46)) - raft.server.retrycache.expirytime = 600000ms (custom)
2022-10-04 13:27:23,469 [pool-603-thread-1] INFO  server.RaftServerConfigKeys (ConfUtils.java:logGet(46)) - raft.server.retrycache.statistics.expirytime = 100μs (default)
2022-10-04 13:27:23,471 [pool-603-thread-1] INFO  server.RaftServerConfigKeys (ConfUtils.java:logGet(46)) - raft.server.log.appender.install.snapshot.enabled = false (custom)
2022-10-04 13:27:23,471 [pool-603-thread-1] INFO  server.RaftServerConfigKeys (ConfUtils.java:logGet(46)) - raft.server.threadpool.server.cached = true (default)
2022-10-04 13:27:23,471 [pool-603-thread-1] INFO  server.RaftServerConfigKeys (ConfUtils.java:logGet(46)) - raft.server.threadpool.server.size = 0 (default)
2022-10-04 13:27:23,471 [pool-603-thread-1] INFO  server.RaftServerConfigKeys (ConfUtils.java:logGet(46)) - raft.server.threadpool.client.cached = true (default)
2022-10-04 13:27:23,471 [pool-603-thread-1] INFO  server.RaftServerConfigKeys (ConfUtils.java:logGet(46)) - raft.server.threadpool.client.size = 0 (default)
2022-10-04 13:27:23,471 [pool-603-thread-1] INFO  server.RaftServer$Division (RaftServerImpl.java:start(310)) - 7a71dd4d-a1c2-4b48-bfe9-22ab957e1741@group-00C9FE82DA7B: start as a follower, conf=-1: [7a71dd4d-a1c2-4b48-bfe9-22ab957e1741|rpc:10.1.1.108:40789|dataStream:|priority:1, 051540aa-1c92-47a1-9435-f58d1c5cf642|rpc:10.1.1.108:45631|dataStream:|priority:0, b813d9d6-d2da-4871-aa28-8feeebf6a2b1|rpc:10.1.1.108:39827|dataStream:|priority:0], old=null
2022-10-04 13:27:23,471 [pool-603-thread-1] INFO  server.RaftServer$Division (RaftServerImpl.java:setRole(299)) - 7a71dd4d-a1c2-4b48-bfe9-22ab957e1741@group-00C9FE82DA7B: changes role from      null to FOLLOWER at term 0 for startAsFollower
2022-10-04 13:27:23,471 [pool-603-thread-1] INFO  impl.RoleInfo (RoleInfo.java:updateAndGet(139)) - 7a71dd4d-a1c2-4b48-bfe9-22ab957e1741: start 7a71dd4d-a1c2-4b48-bfe9-22ab957e1741@group-00C9FE82DA7B-FollowerState
2022-10-04 13:27:23,472 [pool-603-thread-1] INFO  util.JmxRegister (JmxRegister.java:tryRegister(44)) - Successfully registered JMX Bean with object name Ratis:service=RaftServer,group=group-00C9FE82DA7B,id=7a71dd4d-a1c2-4b48-bfe9-22ab957e1741
2022-10-04 13:27:23,489 [Command processor thread] INFO  commandhandler.CreatePipelineCommandHandler (CreatePipelineCommandHandler.java:handle(113)) - Created Pipeline RATIS THREE PipelineID=746c321d-c009-48f2-a172-00c9fe82da7b.
2022-10-04 13:27:23,519 [Listener at 127.0.0.1/45925] INFO  ozone.MiniOzoneClusterImpl (MiniOzoneClusterImpl.java:lambda$waitForClusterToBeReady$0(216)) - Nodes are ready. Got 3 of 3 DN Heartbeats.
2022-10-04 13:27:23,519 [Listener at 127.0.0.1/45925] INFO  ozone.MiniOzoneClusterImpl (MiniOzoneClusterImpl.java:lambda$waitForClusterToBeReady$0(219)) - Waiting for cluster to exit safe mode
2022-10-04 13:27:23,519 [Listener at 127.0.0.1/45925] INFO  ozone.MiniOzoneClusterImpl (MiniOzoneClusterImpl.java:lambda$waitForClusterToBeReady$0(221)) - SCM became leader
2022-10-04 13:27:23,582 [EndpointStateMachine task thread for /0.0.0.0:41361 - 0 ] INFO  ipc.Client (Client.java:handleConnectionFailure(977)) - Retrying connect to server: 0.0.0.0/0.0.0.0:41361. Already tried 2 time(s); retry policy is RetryUpToMaximumCountWithFixedSleep(maxRetries=15, sleepTime=1000 MILLISECONDS)
2022-10-04 13:27:23,851 [Command processor thread] INFO  server.RaftServer (RaftServerProxy.java:addNew(96)) - b813d9d6-d2da-4871-aa28-8feeebf6a2b1: addNew group-0C5BC8607809:[b813d9d6-d2da-4871-aa28-8feeebf6a2b1|rpc:10.1.1.108:39827|priority:1] returns group-0C5BC8607809:java.util.concurrent.CompletableFuture@963553b[Not completed]
2022-10-04 13:27:23,852 [pool-580-thread-1] INFO  server.RaftServer$Division (RaftServerImpl.java:<init>(190)) - b813d9d6-d2da-4871-aa28-8feeebf6a2b1: new RaftServerImpl for group-0C5BC8607809:[b813d9d6-d2da-4871-aa28-8feeebf6a2b1|rpc:10.1.1.108:39827|priority:1] with ContainerStateMachine:uninitialized
2022-10-04 13:27:23,852 [pool-580-thread-1] INFO  server.RaftServerConfigKeys (ConfUtils.java:logGet(46)) - raft.server.rpc.timeout.min = 5s (custom)
2022-10-04 13:27:23,852 [pool-580-thread-1] INFO  server.RaftServerConfigKeys (ConfUtils.java:logGet(46)) - raft.server.rpc.timeout.max = 5200ms (custom)
2022-10-04 13:27:23,853 [pool-580-thread-1] INFO  server.RaftServerConfigKeys (ConfUtils.java:logGet(46)) - raft.server.rpc.sleep.time = 25ms (default)
2022-10-04 13:27:23,853 [pool-580-thread-1] INFO  server.RaftServerConfigKeys (ConfUtils.java:logGet(46)) - raft.server.rpc.slowness.timeout = 300s (custom)
2022-10-04 13:27:23,853 [pool-580-thread-1] INFO  server.RaftServerConfigKeys (ConfUtils.java:logGet(46)) - raft.server.leaderelection.leader.step-down.wait-time = 10s (default)
2022-10-04 13:27:23,853 [pool-580-thread-1] INFO  server.RaftServerConfigKeys (ConfUtils.java:logGet(46)) - raft.server.sleep.deviation.threshold = 300ms (default)
2022-10-04 13:27:23,853 [pool-580-thread-1] INFO  server.RaftServer$Division (ServerState.java:<init>(107)) - b813d9d6-d2da-4871-aa28-8feeebf6a2b1@group-0C5BC8607809: ConfigurationManager, init=-1: [b813d9d6-d2da-4871-aa28-8feeebf6a2b1|rpc:10.1.1.108:39827|priority:1], old=null, confs=<EMPTY_MAP>
2022-10-04 13:27:23,853 [pool-580-thread-1] INFO  server.RaftServerConfigKeys (ConfUtils.java:logGet(46)) - raft.server.storage.dir = [/home/runner/work/ozone/ozone/hadoop-ozone/integration-test/target/test-dir/MiniOzoneClusterImpl-cea6a548-c63a-4656-97b3-0431a0c2d519/datanode-1/data/ratis] (custom)
2022-10-04 13:27:23,853 [pool-580-thread-1] INFO  server.RaftServerConfigKeys (ConfUtils.java:logGet(46)) - raft.server.log.corruption.policy = EXCEPTION (default)
2022-10-04 13:27:23,853 [pool-580-thread-1] INFO  server.RaftServerConfigKeys (ConfUtils.java:logGet(46)) - raft.server.storage.free-space.min = 0MB (=0) (default)
2022-10-04 13:27:23,853 [pool-580-thread-1] INFO  storage.RaftStorageDirectory (RaftStorageDirectoryImpl.java:analyzeStorage(135)) - The storage directory /home/runner/work/ozone/ozone/hadoop-ozone/integration-test/target/test-dir/MiniOzoneClusterImpl-cea6a548-c63a-4656-97b3-0431a0c2d519/datanode-1/data/ratis/728b8bd3-1342-465a-8443-0c5bc8607809 does not exist. Creating ...
2022-10-04 13:27:23,857 [pool-580-thread-1] INFO  storage.RaftStorageDirectory (RaftStorageDirectoryImpl.java:tryLock(230)) - Lock on /home/runner/work/ozone/ozone/hadoop-ozone/integration-test/target/test-dir/MiniOzoneClusterImpl-cea6a548-c63a-4656-97b3-0431a0c2d519/datanode-1/data/ratis/728b8bd3-1342-465a-8443-0c5bc8607809/in_use.lock acquired by nodename 42070@fv-az573-645
2022-10-04 13:27:23,865 [pool-580-thread-1] INFO  storage.RaftStorage (RaftStorageImpl.java:format(89)) - Storage directory /home/runner/work/ozone/ozone/hadoop-ozone/integration-test/target/test-dir/MiniOzoneClusterImpl-cea6a548-c63a-4656-97b3-0431a0c2d519/datanode-1/data/ratis/728b8bd3-1342-465a-8443-0c5bc8607809 has been successfully formatted.
2022-10-04 13:27:23,865 [pool-580-thread-1] INFO  ratis.ContainerStateMachine (ContainerStateMachine.java:loadSnapshot(236)) - group-0C5BC8607809: The snapshot info is null. Setting the last applied indexto:(t:0, i:~)
2022-10-04 13:27:23,866 [pool-580-thread-1] INFO  server.RaftServerConfigKeys (ConfUtils.java:logGet(46)) - raft.server.notification.no-leader.timeout = 300s (custom)
2022-10-04 13:27:23,866 [pool-580-thread-1] INFO  server.RaftServerConfigKeys (ConfUtils.java:logGet(46)) - raft.server.log.use.memory = false (default)
2022-10-04 13:27:23,866 [pool-580-thread-1] INFO  server.RaftServerConfigKeys (ConfUtils.java:logGet(46)) - raft.server.log.purge.gap = 1000000 (custom)
2022-10-04 13:27:23,866 [pool-580-thread-1] INFO  server.RaftServerConfigKeys (ConfUtils.java:logGet(46)) - raft.server.log.appender.buffer.byte-limit = 33554432 (custom)
2022-10-04 13:27:23,866 [pool-580-thread-1] INFO  server.RaftServerConfigKeys (ConfUtils.java:logGet(46)) - raft.server.log.statemachine.data.read.timeout = 1000ms (default)
2022-10-04 13:27:23,873 [EventQueue-PipelineReportForPipelineReportHandler] INFO  pipeline.PipelineManagerImpl (PipelineManagerImpl.java:openPipeline(367)) - Pipeline Pipeline[ Id: 728b8bd3-1342-465a-8443-0c5bc8607809, Nodes: b813d9d6-d2da-4871-aa28-8feeebf6a2b1{ip: 10.1.1.108, host: fv-az573-645.uspngagyt4suddso0aj1djjezg.dx.internal.cloudapp.net, ports: [REPLICATION=38093, RATIS=39827, RATIS_ADMIN=39827, RATIS_SERVER=39827, STANDALONE=42549], networkLocation: /default-rack, certSerialId: null, persistedOpState: IN_SERVICE, persistedOpStateExpiryEpochSec: 0}, ReplicationConfig: RATIS/ONE, State:ALLOCATED, leaderId:b813d9d6-d2da-4871-aa28-8feeebf6a2b1, CreationTimestamp2022-10-04T13:27:20.867Z[Etc/UTC]] moved to OPEN state
2022-10-04 13:27:23,874 [EventQueue-OpenPipelineForHealthyPipelineSafeModeRule] INFO  safemode.SCMSafeModeManager (HealthyPipelineSafeModeRule.java:process(137)) - SCM in safe mode. Healthy pipelines reported count is 0, required healthy pipeline reported count is 1
2022-10-04 13:27:23,876 [pool-580-thread-1] INFO  server.RaftServerConfigKeys (ConfUtils.java:logGet(46)) - raft.server.log.segment.size.max = 1048576 (custom)
2022-10-04 13:27:23,877 [pool-580-thread-1] INFO  server.RaftServerConfigKeys (ConfUtils.java:logGet(46)) - raft.server.log.segment.cache.num.max = 2 (custom)
2022-10-04 13:27:23,877 [pool-580-thread-1] INFO  server.RaftServerConfigKeys (ConfUtils.java:logGet(46)) - raft.server.log.segment.cache.size.max = 200MB (=209715200) (default)
2022-10-04 13:27:23,877 [pool-580-thread-1] INFO  segmented.SegmentedRaftLogWorker (SegmentedRaftLogWorker.java:<init>(187)) - new b813d9d6-d2da-4871-aa28-8feeebf6a2b1@group-0C5BC8607809-SegmentedRaftLogWorker for RaftStorageImpl:Storage Directory /home/runner/work/ozone/ozone/hadoop-ozone/integration-test/target/test-dir/MiniOzoneClusterImpl-cea6a548-c63a-4656-97b3-0431a0c2d519/datanode-1/data/ratis/728b8bd3-1342-465a-8443-0c5bc8607809
2022-10-04 13:27:23,877 [pool-580-thread-1] INFO  server.RaftServerConfigKeys (ConfUtils.java:logGet(46)) - raft.server.log.queue.byte-limit = 4294967296 (custom)
2022-10-04 13:27:23,877 [pool-580-thread-1] INFO  server.RaftServerConfigKeys (ConfUtils.java:logGet(46)) - raft.server.log.queue.element-limit = 1024 (custom)
2022-10-04 13:27:23,877 [pool-580-thread-1] INFO  server.RaftServerConfigKeys (ConfUtils.java:logGet(46)) - raft.server.log.segment.size.max = 1048576 (custom)
2022-10-04 13:27:23,877 [pool-580-thread-1] INFO  server.RaftServerConfigKeys (ConfUtils.java:logGet(46)) - raft.server.log.preallocated.size = 16384 (custom)
2022-10-04 13:27:23,877 [pool-580-thread-1] INFO  server.RaftServerConfigKeys (ConfUtils.java:logGet(46)) - raft.server.log.force.sync.num = 128 (default)
2022-10-04 13:27:23,877 [pool-580-thread-1] INFO  server.RaftServerConfigKeys (ConfUtils.java:logGet(46)) - raft.server.log.statemachine.data.sync = true (default)
2022-10-04 13:27:23,877 [pool-580-thread-1] INFO  server.RaftServerConfigKeys (ConfUtils.java:logGet(46)) - raft.server.log.statemachine.data.sync.timeout = 10s (default)
2022-10-04 13:27:23,877 [pool-580-thread-1] INFO  server.RaftServerConfigKeys (ConfUtils.java:logGet(46)) - raft.server.log.statemachine.data.sync.timeout.retry = -1 (default)
2022-10-04 13:27:23,886 [pool-580-thread-1] INFO  server.RaftServerConfigKeys (ConfUtils.java:logGet(46)) - raft.server.log.write.buffer.size = 1048576 (custom)
2022-10-04 13:27:23,886 [pool-580-thread-1] INFO  server.RaftServerConfigKeys (ConfUtils.java:logGet(46)) - raft.server.log.unsafe-flush.enabled = false (default)
2022-10-04 13:27:23,886 [pool-580-thread-1] INFO  server.RaftServerConfigKeys (ConfUtils.java:logGet(46)) - raft.server.log.statemachine.data.caching.enabled = true (custom)
2022-10-04 13:27:23,886 [pool-580-thread-1] INFO  segmented.SegmentedRaftLogWorker (SegmentedRaftLogWorker.java:lambda$new$0(135)) - b813d9d6-d2da-4871-aa28-8feeebf6a2b1@group-0C5BC8607809-SegmentedRaftLogWorker: flushIndex: setUnconditionally 0 -> -1
2022-10-04 13:27:23,886 [pool-580-thread-1] INFO  segmented.SegmentedRaftLogWorker (SegmentedRaftLogWorker.java:lambda$new$0(135)) - b813d9d6-d2da-4871-aa28-8feeebf6a2b1@group-0C5BC8607809-SegmentedRaftLogWorker: safeCacheEvictIndex: setUnconditionally 0 -> -1
2022-10-04 13:27:23,895 [pool-580-thread-1] INFO  server.RaftServerConfigKeys (ConfUtils.java:logGet(46)) - raft.server.snapshot.auto.trigger.enabled = true (custom)
2022-10-04 13:27:23,895 [pool-580-thread-1] INFO  server.RaftServerConfigKeys (ConfUtils.java:logGet(46)) - raft.server.snapshot.auto.trigger.threshold = 10000 (custom)
2022-10-04 13:27:23,895 [pool-580-thread-1] INFO  server.RaftServerConfigKeys (ConfUtils.java:logGet(46)) - raft.server.snapshot.retention.file.num = 5 (custom)
2022-10-04 13:27:23,895 [pool-580-thread-1] INFO  server.RaftServerConfigKeys (ConfUtils.java:logGet(46)) - raft.server.log.purge.upto.snapshot.index = false (default)
2022-10-04 13:27:23,895 [pool-580-thread-1] INFO  server.RaftServerConfigKeys (ConfUtils.java:logGet(46)) - raft.server.retrycache.expirytime = 600000ms (custom)
2022-10-04 13:27:23,895 [pool-580-thread-1] INFO  server.RaftServerConfigKeys (ConfUtils.java:logGet(46)) - raft.server.retrycache.statistics.expirytime = 100μs (default)
2022-10-04 13:27:23,896 [pool-580-thread-1] INFO  server.RaftServerConfigKeys (ConfUtils.java:logGet(46)) - raft.server.log.appender.install.snapshot.enabled = false (custom)
2022-10-04 13:27:23,897 [pool-580-thread-1] INFO  server.RaftServerConfigKeys (ConfUtils.java:logGet(46)) - raft.server.threadpool.server.cached = true (default)
2022-10-04 13:27:23,897 [pool-580-thread-1] INFO  server.RaftServerConfigKeys (ConfUtils.java:logGet(46)) - raft.server.threadpool.server.size = 0 (default)
2022-10-04 13:27:23,897 [pool-580-thread-1] INFO  server.RaftServerConfigKeys (ConfUtils.java:logGet(46)) - raft.server.threadpool.client.cached = true (default)
2022-10-04 13:27:23,897 [pool-580-thread-1] INFO  server.RaftServerConfigKeys (ConfUtils.java:logGet(46)) - raft.server.threadpool.client.size = 0 (default)
2022-10-04 13:27:23,897 [pool-580-thread-1] INFO  server.RaftServer$Division (RaftServerImpl.java:start(310)) - b813d9d6-d2da-4871-aa28-8feeebf6a2b1@group-0C5BC8607809: start as a follower, conf=-1: [b813d9d6-d2da-4871-aa28-8feeebf6a2b1|rpc:10.1.1.108:39827|priority:1], old=null
2022-10-04 13:27:23,897 [pool-580-thread-1] INFO  server.RaftServer$Division (RaftServerImpl.java:setRole(299)) - b813d9d6-d2da-4871-aa28-8feeebf6a2b1@group-0C5BC8607809: changes role from      null to FOLLOWER at term 0 for startAsFollower
2022-10-04 13:27:23,897 [pool-580-thread-1] INFO  impl.RoleInfo (RoleInfo.java:updateAndGet(139)) - b813d9d6-d2da-4871-aa28-8feeebf6a2b1: start b813d9d6-d2da-4871-aa28-8feeebf6a2b1@group-0C5BC8607809-FollowerState
2022-10-04 13:27:23,907 [pool-580-thread-1] INFO  util.JmxRegister (JmxRegister.java:tryRegister(44)) - Successfully registered JMX Bean with object name Ratis:service=RaftServer,group=group-0C5BC8607809,id=b813d9d6-d2da-4871-aa28-8feeebf6a2b1
2022-10-04 13:27:23,910 [Command processor thread] INFO  ratis.XceiverServerRatis (XceiverServerRatis.java:addGroup(765)) - Created group PipelineID=728b8bd3-1342-465a-8443-0c5bc8607809
2022-10-04 13:27:23,910 [Command processor thread] INFO  commandhandler.CreatePipelineCommandHandler (CreatePipelineCommandHandler.java:handle(113)) - Created Pipeline RATIS ONE PipelineID=728b8bd3-1342-465a-8443-0c5bc8607809.
2022-10-04 13:27:24,520 [Listener at 127.0.0.1/45925] INFO  ozone.MiniOzoneClusterImpl (MiniOzoneClusterImpl.java:lambda$waitForClusterToBeReady$0(216)) - Nodes are ready. Got 3 of 3 DN Heartbeats.
2022-10-04 13:27:24,520 [Listener at 127.0.0.1/45925] INFO  ozone.MiniOzoneClusterImpl (MiniOzoneClusterImpl.java:lambda$waitForClusterToBeReady$0(219)) - Waiting for cluster to exit safe mode
2022-10-04 13:27:24,520 [Listener at 127.0.0.1/45925] INFO  ozone.MiniOzoneClusterImpl (MiniOzoneClusterImpl.java:lambda$waitForClusterToBeReady$0(221)) - SCM became leader
2022-10-04 13:27:24,545 [Command processor thread] INFO  server.RaftServer (RaftServerProxy.java:addNew(96)) - 7a71dd4d-a1c2-4b48-bfe9-22ab957e1741: addNew group-FBAC5A015E32:[7a71dd4d-a1c2-4b48-bfe9-22ab957e1741|rpc:10.1.1.108:40789|priority:1] returns group-FBAC5A015E32:java.util.concurrent.CompletableFuture@75643ef5[Not completed]
2022-10-04 13:27:24,546 [pool-603-thread-1] INFO  server.RaftServer$Division (RaftServerImpl.java:<init>(190)) - 7a71dd4d-a1c2-4b48-bfe9-22ab957e1741: new RaftServerImpl for group-FBAC5A015E32:[7a71dd4d-a1c2-4b48-bfe9-22ab957e1741|rpc:10.1.1.108:40789|priority:1] with ContainerStateMachine:uninitialized
2022-10-04 13:27:24,547 [pool-603-thread-1] INFO  server.RaftServerConfigKeys (ConfUtils.java:logGet(46)) - raft.server.rpc.timeout.min = 5s (custom)
2022-10-04 13:27:24,547 [pool-603-thread-1] INFO  server.RaftServerConfigKeys (ConfUtils.java:logGet(46)) - raft.server.rpc.timeout.max = 5200ms (custom)
2022-10-04 13:27:24,547 [pool-603-thread-1] INFO  server.RaftServerConfigKeys (ConfUtils.java:logGet(46)) - raft.server.rpc.sleep.time = 25ms (default)
2022-10-04 13:27:24,547 [pool-603-thread-1] INFO  server.RaftServerConfigKeys (ConfUtils.java:logGet(46)) - raft.server.rpc.slowness.timeout = 300s (custom)
2022-10-04 13:27:24,547 [pool-603-thread-1] INFO  server.RaftServerConfigKeys (ConfUtils.java:logGet(46)) - raft.server.leaderelection.leader.step-down.wait-time = 10s (default)
2022-10-04 13:27:24,547 [pool-603-thread-1] INFO  server.RaftServerConfigKeys (ConfUtils.java:logGet(46)) - raft.server.sleep.deviation.threshold = 300ms (default)
2022-10-04 13:27:24,547 [pool-603-thread-1] INFO  server.RaftServer$Division (ServerState.java:<init>(107)) - 7a71dd4d-a1c2-4b48-bfe9-22ab957e1741@group-FBAC5A015E32: ConfigurationManager, init=-1: [7a71dd4d-a1c2-4b48-bfe9-22ab957e1741|rpc:10.1.1.108:40789|priority:1], old=null, confs=<EMPTY_MAP>
2022-10-04 13:27:24,547 [pool-603-thread-1] INFO  server.RaftServerConfigKeys (ConfUtils.java:logGet(46)) - raft.server.storage.dir = [/home/runner/work/ozone/ozone/hadoop-ozone/integration-test/target/test-dir/MiniOzoneClusterImpl-cea6a548-c63a-4656-97b3-0431a0c2d519/datanode-2/data/ratis] (custom)
2022-10-04 13:27:24,547 [pool-603-thread-1] INFO  server.RaftServerConfigKeys (ConfUtils.java:logGet(46)) - raft.server.log.corruption.policy = EXCEPTION (default)
2022-10-04 13:27:24,547 [pool-603-thread-1] INFO  server.RaftServerConfigKeys (ConfUtils.java:logGet(46)) - raft.server.storage.free-space.min = 0MB (=0) (default)
2022-10-04 13:27:24,548 [pool-603-thread-1] INFO  storage.RaftStorageDirectory (RaftStorageDirectoryImpl.java:analyzeStorage(135)) - The storage directory /home/runner/work/ozone/ozone/hadoop-ozone/integration-test/target/test-dir/MiniOzoneClusterImpl-cea6a548-c63a-4656-97b3-0431a0c2d519/datanode-2/data/ratis/2fb4ceb8-4653-465b-a217-fbac5a015e32 does not exist. Creating ...
2022-10-04 13:27:24,550 [pool-603-thread-1] INFO  storage.RaftStorageDirectory (RaftStorageDirectoryImpl.java:tryLock(230)) - Lock on /home/runner/work/ozone/ozone/hadoop-ozone/integration-test/target/test-dir/MiniOzoneClusterImpl-cea6a548-c63a-4656-97b3-0431a0c2d519/datanode-2/data/ratis/2fb4ceb8-4653-465b-a217-fbac5a015e32/in_use.lock acquired by nodename 42070@fv-az573-645
2022-10-04 13:27:24,552 [pool-603-thread-1] INFO  storage.RaftStorage (RaftStorageImpl.java:format(89)) - Storage directory /home/runner/work/ozone/ozone/hadoop-ozone/integration-test/target/test-dir/MiniOzoneClusterImpl-cea6a548-c63a-4656-97b3-0431a0c2d519/datanode-2/data/ratis/2fb4ceb8-4653-465b-a217-fbac5a015e32 has been successfully formatted.
2022-10-04 13:27:24,552 [pool-603-thread-1] INFO  ratis.ContainerStateMachine (ContainerStateMachine.java:loadSnapshot(236)) - group-FBAC5A015E32: The snapshot info is null. Setting the last applied indexto:(t:0, i:~)
2022-10-04 13:27:24,553 [pool-603-thread-1] INFO  server.RaftServerConfigKeys (ConfUtils.java:logGet(46)) - raft.server.notification.no-leader.timeout = 300s (custom)
2022-10-04 13:27:24,553 [pool-603-thread-1] INFO  server.RaftServerConfigKeys (ConfUtils.java:logGet(46)) - raft.server.log.use.memory = false (default)
2022-10-04 13:27:24,553 [pool-603-thread-1] INFO  server.RaftServerConfigKeys (ConfUtils.java:logGet(46)) - raft.server.log.purge.gap = 1000000 (custom)
2022-10-04 13:27:24,553 [pool-603-thread-1] INFO  server.RaftServerConfigKeys (ConfUtils.java:logGet(46)) - raft.server.log.appender.buffer.byte-limit = 33554432 (custom)
2022-10-04 13:27:24,553 [pool-603-thread-1] INFO  server.RaftServerConfigKeys (ConfUtils.java:logGet(46)) - raft.server.log.statemachine.data.read.timeout = 1000ms (default)
2022-10-04 13:27:24,553 [pool-603-thread-1] INFO  server.RaftServerConfigKeys (ConfUtils.java:logGet(46)) - raft.server.log.segment.size.max = 1048576 (custom)
2022-10-04 13:27:24,554 [pool-603-thread-1] INFO  server.RaftServerConfigKeys (ConfUtils.java:logGet(46)) - raft.server.log.segment.cache.num.max = 2 (custom)
2022-10-04 13:27:24,554 [pool-603-thread-1] INFO  server.RaftServerConfigKeys (ConfUtils.java:logGet(46)) - raft.server.log.segment.cache.size.max = 200MB (=209715200) (default)
2022-10-04 13:27:24,554 [pool-603-thread-1] INFO  segmented.SegmentedRaftLogWorker (SegmentedRaftLogWorker.java:<init>(187)) - new 7a71dd4d-a1c2-4b48-bfe9-22ab957e1741@group-FBAC5A015E32-SegmentedRaftLogWorker for RaftStorageImpl:Storage Directory /home/runner/work/ozone/ozone/hadoop-ozone/integration-test/target/test-dir/MiniOzoneClusterImpl-cea6a548-c63a-4656-97b3-0431a0c2d519/datanode-2/data/ratis/2fb4ceb8-4653-465b-a217-fbac5a015e32
2022-10-04 13:27:24,554 [pool-603-thread-1] INFO  server.RaftServerConfigKeys (ConfUtils.java:logGet(46)) - raft.server.log.queue.byte-limit = 4294967296 (custom)
2022-10-04 13:27:24,554 [pool-603-thread-1] INFO  server.RaftServerConfigKeys (ConfUtils.java:logGet(46)) - raft.server.log.queue.element-limit = 1024 (custom)
2022-10-04 13:27:24,554 [pool-603-thread-1] INFO  server.RaftServerConfigKeys (ConfUtils.java:logGet(46)) - raft.server.log.segment.size.max = 1048576 (custom)
2022-10-04 13:27:24,554 [pool-603-thread-1] INFO  server.RaftServerConfigKeys (ConfUtils.java:logGet(46)) - raft.server.log.preallocated.size = 16384 (custom)
2022-10-04 13:27:24,554 [EventQueue-PipelineReportForPipelineReportHandler] INFO  pipeline.PipelineManagerImpl (PipelineManagerImpl.java:openPipeline(367)) - Pipeline Pipeline[ Id: 2fb4ceb8-4653-465b-a217-fbac5a015e32, Nodes: 7a71dd4d-a1c2-4b48-bfe9-22ab957e1741{ip: 10.1.1.108, host: fv-az573-645.uspngagyt4suddso0aj1djjezg.dx.internal.cloudapp.net, ports: [REPLICATION=35433, RATIS=40789, RATIS_ADMIN=40789, RATIS_SERVER=40789, STANDALONE=33405], networkLocation: /default-rack, certSerialId: null, persistedOpState: IN_SERVICE, persistedOpStateExpiryEpochSec: 0}, ReplicationConfig: RATIS/ONE, State:ALLOCATED, leaderId:7a71dd4d-a1c2-4b48-bfe9-22ab957e1741, CreationTimestamp2022-10-04T13:27:21.555Z[Etc/UTC]] moved to OPEN state
2022-10-04 13:27:24,554 [pool-603-thread-1] INFO  server.RaftServerConfigKeys (ConfUtils.java:logGet(46)) - raft.server.log.force.sync.num = 128 (default)
2022-10-04 13:27:24,554 [pool-603-thread-1] INFO  server.RaftServerConfigKeys (ConfUtils.java:logGet(46)) - raft.server.log.statemachine.data.sync = true (default)
2022-10-04 13:27:24,554 [pool-603-thread-1] INFO  server.RaftServerConfigKeys (ConfUtils.java:logGet(46)) - raft.server.log.statemachine.data.sync.timeout = 10s (default)
2022-10-04 13:27:24,554 [pool-603-thread-1] INFO  server.RaftServerConfigKeys (ConfUtils.java:logGet(46)) - raft.server.log.statemachine.data.sync.timeout.retry = -1 (default)
2022-10-04 13:27:24,554 [EventQueue-OpenPipelineForHealthyPipelineSafeModeRule] INFO  safemode.SCMSafeModeManager (HealthyPipelineSafeModeRule.java:process(137)) - SCM in safe mode. Healthy pipelines reported count is 0, required healthy pipeline reported count is 1
2022-10-04 13:27:24,556 [pool-603-thread-1] INFO  server.RaftServerConfigKeys (ConfUtils.java:logGet(46)) - raft.server.log.write.buffer.size = 1048576 (custom)
2022-10-04 13:27:24,556 [pool-603-thread-1] INFO  server.RaftServerConfigKeys (ConfUtils.java:logGet(46)) - raft.server.log.unsafe-flush.enabled = false (default)
2022-10-04 13:27:24,556 [pool-603-thread-1] INFO  server.RaftServerConfigKeys (ConfUtils.java:logGet(46)) - raft.server.log.statemachine.data.caching.enabled = true (custom)
2022-10-04 13:27:24,556 [pool-603-thread-1] INFO  segmented.SegmentedRaftLogWorker (SegmentedRaftLogWorker.java:lambda$new$0(135)) - 7a71dd4d-a1c2-4b48-bfe9-22ab957e1741@group-FBAC5A015E32-SegmentedRaftLogWorker: flushIndex: setUnconditionally 0 -> -1
2022-10-04 13:27:24,556 [pool-603-thread-1] INFO  segmented.SegmentedRaftLogWorker (SegmentedRaftLogWorker.java:lambda$new$0(135)) - 7a71dd4d-a1c2-4b48-bfe9-22ab957e1741@group-FBAC5A015E32-SegmentedRaftLogWorker: safeCacheEvictIndex: setUnconditionally 0 -> -1
2022-10-04 13:27:24,559 [pool-603-thread-1] INFO  server.RaftServerConfigKeys (ConfUtils.java:logGet(46)) - raft.server.snapshot.auto.trigger.enabled = true (custom)
2022-10-04 13:27:24,559 [pool-603-thread-1] INFO  server.RaftServerConfigKeys (ConfUtils.java:logGet(46)) - raft.server.snapshot.auto.trigger.threshold = 10000 (custom)
2022-10-04 13:27:24,559 [pool-603-thread-1] INFO  server.RaftServerConfigKeys (ConfUtils.java:logGet(46)) - raft.server.snapshot.retention.file.num = 5 (custom)
2022-10-04 13:27:24,559 [pool-603-thread-1] INFO  server.RaftServerConfigKeys (ConfUtils.java:logGet(46)) - raft.server.log.purge.upto.snapshot.index = false (default)
2022-10-04 13:27:24,559 [pool-603-thread-1] INFO  server.RaftServerConfigKeys (ConfUtils.java:logGet(46)) - raft.server.retrycache.expirytime = 600000ms (custom)
2022-10-04 13:27:24,559 [pool-603-thread-1] INFO  server.RaftServerConfigKeys (ConfUtils.java:logGet(46)) - raft.server.retrycache.statistics.expirytime = 100μs (default)
2022-10-04 13:27:24,561 [pool-603-thread-1] INFO  server.RaftServerConfigKeys (ConfUtils.java:logGet(46)) - raft.server.log.appender.install.snapshot.enabled = false (custom)
2022-10-04 13:27:24,561 [pool-603-thread-1] INFO  server.RaftServerConfigKeys (ConfUtils.java:logGet(46)) - raft.server.threadpool.server.cached = true (default)
2022-10-04 13:27:24,565 [pool-603-thread-1] INFO  server.RaftServerConfigKeys (ConfUtils.java:logGet(46)) - raft.server.threadpool.server.size = 0 (default)
2022-10-04 13:27:24,565 [pool-603-thread-1] INFO  server.RaftServerConfigKeys (ConfUtils.java:logGet(46)) - raft.server.threadpool.client.cached = true (default)
2022-10-04 13:27:24,566 [pool-603-thread-1] INFO  server.RaftServerConfigKeys (ConfUtils.java:logGet(46)) - raft.server.threadpool.client.size = 0 (default)
2022-10-04 13:27:24,566 [pool-603-thread-1] INFO  server.RaftServer$Division (RaftServerImpl.java:start(310)) - 7a71dd4d-a1c2-4b48-bfe9-22ab957e1741@group-FBAC5A015E32: start as a follower, conf=-1: [7a71dd4d-a1c2-4b48-bfe9-22ab957e1741|rpc:10.1.1.108:40789|priority:1], old=null
2022-10-04 13:27:24,566 [pool-603-thread-1] INFO  server.RaftServer$Division (RaftServerImpl.java:setRole(299)) - 7a71dd4d-a1c2-4b48-bfe9-22ab957e1741@group-FBAC5A015E32: changes role from      null to FOLLOWER at term 0 for startAsFollower
2022-10-04 13:27:24,566 [pool-603-thread-1] INFO  impl.RoleInfo (RoleInfo.java:updateAndGet(139)) - 7a71dd4d-a1c2-4b48-bfe9-22ab957e1741: start 7a71dd4d-a1c2-4b48-bfe9-22ab957e1741@group-FBAC5A015E32-FollowerState
2022-10-04 13:27:24,577 [pool-603-thread-1] INFO  util.JmxRegister (JmxRegister.java:tryRegister(44)) - Successfully registered JMX Bean with object name Ratis:service=RaftServer,group=group-FBAC5A015E32,id=7a71dd4d-a1c2-4b48-bfe9-22ab957e1741
2022-10-04 13:27:24,581 [Command processor thread] INFO  ratis.XceiverServerRatis (XceiverServerRatis.java:addGroup(765)) - Created group PipelineID=2fb4ceb8-4653-465b-a217-fbac5a015e32
2022-10-04 13:27:24,581 [Command processor thread] INFO  commandhandler.CreatePipelineCommandHandler (CreatePipelineCommandHandler.java:handle(113)) - Created Pipeline RATIS ONE PipelineID=2fb4ceb8-4653-465b-a217-fbac5a015e32.
2022-10-04 13:27:24,583 [EndpointStateMachine task thread for /0.0.0.0:41361 - 0 ] INFO  ipc.Client (Client.java:handleConnectionFailure(977)) - Retrying connect to server: 0.0.0.0/0.0.0.0:41361. Already tried 3 time(s); retry policy is RetryUpToMaximumCountWithFixedSleep(maxRetries=15, sleepTime=1000 MILLISECONDS)
2022-10-04 13:27:25,520 [Listener at 127.0.0.1/45925] INFO  ozone.MiniOzoneClusterImpl (MiniOzoneClusterImpl.java:lambda$waitForClusterToBeReady$0(216)) - Nodes are ready. Got 3 of 3 DN Heartbeats.
2022-10-04 13:27:25,521 [Listener at 127.0.0.1/45925] INFO  ozone.MiniOzoneClusterImpl (MiniOzoneClusterImpl.java:lambda$waitForClusterToBeReady$0(219)) - Waiting for cluster to exit safe mode
2022-10-04 13:27:25,521 [Listener at 127.0.0.1/45925] INFO  ozone.MiniOzoneClusterImpl (MiniOzoneClusterImpl.java:lambda$waitForClusterToBeReady$0(221)) - SCM became leader
2022-10-04 13:27:25,583 [EndpointStateMachine task thread for /0.0.0.0:41361 - 0 ] INFO  ipc.Client (Client.java:handleConnectionFailure(977)) - Retrying connect to server: 0.0.0.0/0.0.0.0:41361. Already tried 4 time(s); retry policy is RetryUpToMaximumCountWithFixedSleep(maxRetries=15, sleepTime=1000 MILLISECONDS)
2022-10-04 13:27:26,521 [Listener at 127.0.0.1/45925] INFO  ozone.MiniOzoneClusterImpl (MiniOzoneClusterImpl.java:lambda$waitForClusterToBeReady$0(216)) - Nodes are ready. Got 3 of 3 DN Heartbeats.
2022-10-04 13:27:26,521 [Listener at 127.0.0.1/45925] INFO  ozone.MiniOzoneClusterImpl (MiniOzoneClusterImpl.java:lambda$waitForClusterToBeReady$0(219)) - Waiting for cluster to exit safe mode
2022-10-04 13:27:26,521 [Listener at 127.0.0.1/45925] INFO  ozone.MiniOzoneClusterImpl (MiniOzoneClusterImpl.java:lambda$waitForClusterToBeReady$0(221)) - SCM became leader
2022-10-04 13:27:26,584 [EndpointStateMachine task thread for /0.0.0.0:41361 - 0 ] INFO  ipc.Client (Client.java:handleConnectionFailure(977)) - Retrying connect to server: 0.0.0.0/0.0.0.0:41361. Already tried 5 time(s); retry policy is RetryUpToMaximumCountWithFixedSleep(maxRetries=15, sleepTime=1000 MILLISECONDS)
2022-10-04 13:27:27,522 [Listener at 127.0.0.1/45925] INFO  ozone.MiniOzoneClusterImpl (MiniOzoneClusterImpl.java:lambda$waitForClusterToBeReady$0(216)) - Nodes are ready. Got 3 of 3 DN Heartbeats.
2022-10-04 13:27:27,522 [Listener at 127.0.0.1/45925] INFO  ozone.MiniOzoneClusterImpl (MiniOzoneClusterImpl.java:lambda$waitForClusterToBeReady$0(219)) - Waiting for cluster to exit safe mode
2022-10-04 13:27:27,522 [Listener at 127.0.0.1/45925] INFO  ozone.MiniOzoneClusterImpl (MiniOzoneClusterImpl.java:lambda$waitForClusterToBeReady$0(221)) - SCM became leader
2022-10-04 13:27:27,585 [EndpointStateMachine task thread for /0.0.0.0:41361 - 0 ] INFO  ipc.Client (Client.java:handleConnectionFailure(977)) - Retrying connect to server: 0.0.0.0/0.0.0.0:41361. Already tried 6 time(s); retry policy is RetryUpToMaximumCountWithFixedSleep(maxRetries=15, sleepTime=1000 MILLISECONDS)
2022-10-04 13:27:28,264 [051540aa-1c92-47a1-9435-f58d1c5cf642@group-A60260B67479-FollowerState] INFO  impl.FollowerState (FollowerState.java:run(143)) - 051540aa-1c92-47a1-9435-f58d1c5cf642@group-A60260B67479-FollowerState: change to CANDIDATE, lastRpcElapsedTime:5136788570ns, electionTimeout:5131ms
2022-10-04 13:27:28,264 [051540aa-1c92-47a1-9435-f58d1c5cf642@group-A60260B67479-FollowerState] INFO  impl.RoleInfo (RoleInfo.java:shutdownFollowerState(110)) - 051540aa-1c92-47a1-9435-f58d1c5cf642: shutdown 051540aa-1c92-47a1-9435-f58d1c5cf642@group-A60260B67479-FollowerState
2022-10-04 13:27:28,265 [051540aa-1c92-47a1-9435-f58d1c5cf642@group-A60260B67479-FollowerState] INFO  server.RaftServer$Division (RaftServerImpl.java:setRole(299)) - 051540aa-1c92-47a1-9435-f58d1c5cf642@group-A60260B67479: changes role from  FOLLOWER to CANDIDATE at term 0 for changeToCandidate
2022-10-04 13:27:28,265 [051540aa-1c92-47a1-9435-f58d1c5cf642@group-A60260B67479-FollowerState] INFO  server.RaftServerConfigKeys (ConfUtils.java:logGet(46)) - raft.server.leaderelection.pre-vote = false (custom)
2022-10-04 13:27:28,265 [051540aa-1c92-47a1-9435-f58d1c5cf642@group-A60260B67479-FollowerState] INFO  impl.RoleInfo (RoleInfo.java:updateAndGet(139)) - 051540aa-1c92-47a1-9435-f58d1c5cf642: start 051540aa-1c92-47a1-9435-f58d1c5cf642@group-A60260B67479-LeaderElection44
2022-10-04 13:27:28,277 [051540aa-1c92-47a1-9435-f58d1c5cf642@group-A60260B67479-LeaderElection44] INFO  impl.LeaderElection (LeaderElection.java:askForVotes(310)) - 051540aa-1c92-47a1-9435-f58d1c5cf642@group-A60260B67479-LeaderElection44 ELECTION round 0: submit vote requests at term 1 for -1: [051540aa-1c92-47a1-9435-f58d1c5cf642|rpc:10.1.1.108:45631|priority:1], old=null
2022-10-04 13:27:28,278 [051540aa-1c92-47a1-9435-f58d1c5cf642@group-A60260B67479-LeaderElection44] INFO  impl.LeaderElection (LeaderElection.java:askForVotes(312)) - 051540aa-1c92-47a1-9435-f58d1c5cf642@group-A60260B67479-LeaderElection44 ELECTION round 0: result PASSED (term=1)
2022-10-04 13:27:28,278 [051540aa-1c92-47a1-9435-f58d1c5cf642@group-A60260B67479-LeaderElection44] INFO  impl.RoleInfo (RoleInfo.java:shutdownLeaderElection(130)) - 051540aa-1c92-47a1-9435-f58d1c5cf642: shutdown 051540aa-1c92-47a1-9435-f58d1c5cf642@group-A60260B67479-LeaderElection44
2022-10-04 13:27:28,278 [051540aa-1c92-47a1-9435-f58d1c5cf642@group-A60260B67479-LeaderElection44] INFO  server.RaftServer$Division (RaftServerImpl.java:setRole(299)) - 051540aa-1c92-47a1-9435-f58d1c5cf642@group-A60260B67479: changes role from CANDIDATE to LEADER at term 1 for changeToLeader
2022-10-04 13:27:28,278 [051540aa-1c92-47a1-9435-f58d1c5cf642@group-A60260B67479-LeaderElection44] INFO  ratis.XceiverServerRatis (XceiverServerRatis.java:handleLeaderChangedNotification(863)) - Leader change notification received for group: group-A60260B67479 with new leaderId: 051540aa-1c92-47a1-9435-f58d1c5cf642
2022-10-04 13:27:28,278 [051540aa-1c92-47a1-9435-f58d1c5cf642@group-A60260B67479-LeaderElection44] INFO  server.RaftServer$Division (ServerState.java:setLeader(287)) - 051540aa-1c92-47a1-9435-f58d1c5cf642@group-A60260B67479: change Leader from null to 051540aa-1c92-47a1-9435-f58d1c5cf642 at term 1 for becomeLeader, leader elected after 5172ms
2022-10-04 13:27:28,278 [051540aa-1c92-47a1-9435-f58d1c5cf642@group-A60260B67479-LeaderElection44] INFO  server.RaftServerConfigKeys (ConfUtils.java:logGet(46)) - raft.server.staging.catchup.gap = 1000 (default)
2022-10-04 13:27:28,278 [051540aa-1c92-47a1-9435-f58d1c5cf642@group-A60260B67479-LeaderElection44] INFO  server.RaftServerConfigKeys (ConfUtils.java:logGet(46)) - raft.server.write.element-limit = 1024 (custom)
2022-10-04 13:27:28,278 [051540aa-1c92-47a1-9435-f58d1c5cf642@group-A60260B67479-LeaderElection44] INFO  server.RaftServerConfigKeys (ConfUtils.java:logGet(46)) - raft.server.write.byte-limit = 1024 M (=1073741824) (custom)
2022-10-04 13:27:28,279 [051540aa-1c92-47a1-9435-f58d1c5cf642@group-A60260B67479-LeaderElection44] INFO  server.RaftServerConfigKeys (ConfUtils.java:logGet(46)) - raft.server.watch.timeout = 180s (custom)
2022-10-04 13:27:28,279 [051540aa-1c92-47a1-9435-f58d1c5cf642@group-A60260B67479-LeaderElection44] INFO  server.RaftServerConfigKeys (ConfUtils.java:logGet(46)) - raft.server.watch.timeout.denomination = 1s (default)
2022-10-04 13:27:28,279 [051540aa-1c92-47a1-9435-f58d1c5cf642@group-A60260B67479-LeaderElection44] INFO  server.RaftServerConfigKeys (ConfUtils.java:logGet(46)) - raft.server.watch.element-limit = 65536 (default)
2022-10-04 13:27:28,279 [051540aa-1c92-47a1-9435-f58d1c5cf642@group-A60260B67479-LeaderElection44] INFO  server.RaftServerConfigKeys (ConfUtils.java:logGet(46)) - raft.server.write.element-limit = 1024 (custom)
2022-10-04 13:27:28,279 [051540aa-1c92-47a1-9435-f58d1c5cf642@group-A60260B67479-LeaderElection44] INFO  server.RaftServerConfigKeys (ConfUtils.java:logGet(46)) - raft.server.write.follower.gap.ratio.max = -1.0 (default)
2022-10-04 13:27:28,279 [051540aa-1c92-47a1-9435-f58d1c5cf642@group-A60260B67479-LeaderElection44] INFO  impl.RoleInfo (RoleInfo.java:updateAndGet(139)) - 051540aa-1c92-47a1-9435-f58d1c5cf642: start 051540aa-1c92-47a1-9435-f58d1c5cf642@group-A60260B67479-LeaderStateImpl
2022-10-04 13:27:28,281 [051540aa-1c92-47a1-9435-f58d1c5cf642@group-A60260B67479-LeaderElection44] INFO  segmented.SegmentedRaftLogWorker (SegmentedRaftLogWorker.java:startLogSegment(425)) - 051540aa-1c92-47a1-9435-f58d1c5cf642@group-A60260B67479-SegmentedRaftLogWorker: Starting segment from index:0
2022-10-04 13:27:28,282 [EventQueue-OpenPipelineForHealthyPipelineSafeModeRule] INFO  safemode.SCMSafeModeManager (HealthyPipelineSafeModeRule.java:process(137)) - SCM in safe mode. Healthy pipelines reported count is 0, required healthy pipeline reported count is 1
2022-10-04 13:27:28,283 [051540aa-1c92-47a1-9435-f58d1c5cf642@group-A60260B67479-SegmentedRaftLogWorker] INFO  segmented.SegmentedRaftLogWorker (SegmentedRaftLogWorker.java:execute(629)) - 051540aa-1c92-47a1-9435-f58d1c5cf642@group-A60260B67479-SegmentedRaftLogWorker: created new log segment /home/runner/work/ozone/ozone/hadoop-ozone/integration-test/target/test-dir/MiniOzoneClusterImpl-cea6a548-c63a-4656-97b3-0431a0c2d519/datanode-0/data/ratis/7ae1e72c-1c7f-4289-a0e1-a60260b67479/current/log_inprogress_0
2022-10-04 13:27:28,294 [051540aa-1c92-47a1-9435-f58d1c5cf642@group-A60260B67479-LeaderElection44] INFO  server.RaftServer$Division (ServerState.java:setRaftConf(393)) - 051540aa-1c92-47a1-9435-f58d1c5cf642@group-A60260B67479: set configuration 0: [051540aa-1c92-47a1-9435-f58d1c5cf642|rpc:10.1.1.108:45631|dataStream:|priority:1], old=null
2022-10-04 13:27:28,365 [051540aa-1c92-47a1-9435-f58d1c5cf642@group-F3D8D091B279-FollowerState] INFO  impl.FollowerState (FollowerState.java:run(143)) - 051540aa-1c92-47a1-9435-f58d1c5cf642@group-F3D8D091B279-FollowerState: change to CANDIDATE, lastRpcElapsedTime:5212967662ns, electionTimeout:5196ms
2022-10-04 13:27:28,365 [051540aa-1c92-47a1-9435-f58d1c5cf642@group-F3D8D091B279-FollowerState] INFO  impl.RoleInfo (RoleInfo.java:shutdownFollowerState(110)) - 051540aa-1c92-47a1-9435-f58d1c5cf642: shutdown 051540aa-1c92-47a1-9435-f58d1c5cf642@group-F3D8D091B279-FollowerState
2022-10-04 13:27:28,366 [051540aa-1c92-47a1-9435-f58d1c5cf642@group-F3D8D091B279-FollowerState] INFO  server.RaftServer$Division (RaftServerImpl.java:setRole(299)) - 051540aa-1c92-47a1-9435-f58d1c5cf642@group-F3D8D091B279: changes role from  FOLLOWER to CANDIDATE at term 0 for changeToCandidate
2022-10-04 13:27:28,366 [051540aa-1c92-47a1-9435-f58d1c5cf642@group-F3D8D091B279-FollowerState] INFO  server.RaftServerConfigKeys (ConfUtils.java:logGet(46)) - raft.server.leaderelection.pre-vote = false (custom)
2022-10-04 13:27:28,366 [051540aa-1c92-47a1-9435-f58d1c5cf642@group-F3D8D091B279-FollowerState] INFO  impl.RoleInfo (RoleInfo.java:updateAndGet(139)) - 051540aa-1c92-47a1-9435-f58d1c5cf642: start 051540aa-1c92-47a1-9435-f58d1c5cf642@group-F3D8D091B279-LeaderElection45
2022-10-04 13:27:28,382 [051540aa-1c92-47a1-9435-f58d1c5cf642@group-F3D8D091B279-LeaderElection45] INFO  impl.LeaderElection (LeaderElection.java:askForVotes(310)) - 051540aa-1c92-47a1-9435-f58d1c5cf642@group-F3D8D091B279-LeaderElection45 ELECTION round 0: submit vote requests at term 1 for -1: [7a71dd4d-a1c2-4b48-bfe9-22ab957e1741|rpc:10.1.1.108:40789|priority:0, 051540aa-1c92-47a1-9435-f58d1c5cf642|rpc:10.1.1.108:45631|priority:1, b813d9d6-d2da-4871-aa28-8feeebf6a2b1|rpc:10.1.1.108:39827|priority:0], old=null
2022-10-04 13:27:28,388 [grpc-default-executor-5] INFO  server.RaftServer$Division (RaftServerImpl.java:requestVote(1152)) - 7a71dd4d-a1c2-4b48-bfe9-22ab957e1741@group-F3D8D091B279: receive requestVote(ELECTION, 051540aa-1c92-47a1-9435-f58d1c5cf642, group-F3D8D091B279, 1, (t:0, i:0))
2022-10-04 13:27:28,388 [grpc-default-executor-5] INFO  impl.VoteContext (VoteContext.java:log(48)) - 7a71dd4d-a1c2-4b48-bfe9-22ab957e1741@group-F3D8D091B279-FOLLOWER: accept ELECTION from 051540aa-1c92-47a1-9435-f58d1c5cf642: our priority 0 <= candidate's priority 1
2022-10-04 13:27:28,388 [grpc-default-executor-5] INFO  server.RaftServer$Division (RaftServerImpl.java:setRole(299)) - 7a71dd4d-a1c2-4b48-bfe9-22ab957e1741@group-F3D8D091B279: changes role from  FOLLOWER to FOLLOWER at term 1 for candidate:051540aa-1c92-47a1-9435-f58d1c5cf642
2022-10-04 13:27:28,388 [grpc-default-executor-5] INFO  impl.RoleInfo (RoleInfo.java:shutdownFollowerState(110)) - 7a71dd4d-a1c2-4b48-bfe9-22ab957e1741: shutdown 7a71dd4d-a1c2-4b48-bfe9-22ab957e1741@group-F3D8D091B279-FollowerState
2022-10-04 13:27:28,390 [grpc-default-executor-5] INFO  impl.RoleInfo (RoleInfo.java:updateAndGet(139)) - 7a71dd4d-a1c2-4b48-bfe9-22ab957e1741: start 7a71dd4d-a1c2-4b48-bfe9-22ab957e1741@group-F3D8D091B279-FollowerState
2022-10-04 13:27:28,394 [7a71dd4d-a1c2-4b48-bfe9-22ab957e1741@group-F3D8D091B279-FollowerState] INFO  impl.FollowerState (FollowerState.java:run(152)) - 7a71dd4d-a1c2-4b48-bfe9-22ab957e1741@group-F3D8D091B279-FollowerState was interrupted
2022-10-04 13:27:28,396 [grpc-default-executor-5] INFO  server.RaftServer$Division (RaftServerImpl.java:requestVote(1184)) - 7a71dd4d-a1c2-4b48-bfe9-22ab957e1741@group-F3D8D091B279 replies to ELECTION vote request: 051540aa-1c92-47a1-9435-f58d1c5cf642<-7a71dd4d-a1c2-4b48-bfe9-22ab957e1741#0:OK-t1. Peer's state: 7a71dd4d-a1c2-4b48-bfe9-22ab957e1741@group-F3D8D091B279:t1, leader=null, voted=051540aa-1c92-47a1-9435-f58d1c5cf642, raftlog=7a71dd4d-a1c2-4b48-bfe9-22ab957e1741@group-F3D8D091B279-SegmentedRaftLog:OPENED:c-1, conf=-1: [7a71dd4d-a1c2-4b48-bfe9-22ab957e1741|rpc:10.1.1.108:40789|dataStream:|priority:0, 051540aa-1c92-47a1-9435-f58d1c5cf642|rpc:10.1.1.108:45631|dataStream:|priority:1, b813d9d6-d2da-4871-aa28-8feeebf6a2b1|rpc:10.1.1.108:39827|dataStream:|priority:0], old=null
2022-10-04 13:27:28,427 [051540aa-1c92-47a1-9435-f58d1c5cf642@group-00C9FE82DA7B-FollowerState] INFO  impl.FollowerState (FollowerState.java:run(143)) - 051540aa-1c92-47a1-9435-f58d1c5cf642@group-00C9FE82DA7B-FollowerState: change to CANDIDATE, lastRpcElapsedTime:5048675564ns, electionTimeout:5045ms
2022-10-04 13:27:28,427 [051540aa-1c92-47a1-9435-f58d1c5cf642@group-00C9FE82DA7B-FollowerState] INFO  impl.RoleInfo (RoleInfo.java:shutdownFollowerState(110)) - 051540aa-1c92-47a1-9435-f58d1c5cf642: shutdown 051540aa-1c92-47a1-9435-f58d1c5cf642@group-00C9FE82DA7B-FollowerState
2022-10-04 13:27:28,427 [051540aa-1c92-47a1-9435-f58d1c5cf642@group-00C9FE82DA7B-FollowerState] INFO  server.RaftServer$Division (RaftServerImpl.java:setRole(299)) - 051540aa-1c92-47a1-9435-f58d1c5cf642@group-00C9FE82DA7B: changes role from  FOLLOWER to CANDIDATE at term 0 for changeToCandidate
2022-10-04 13:27:28,427 [051540aa-1c92-47a1-9435-f58d1c5cf642@group-00C9FE82DA7B-FollowerState] INFO  server.RaftServerConfigKeys (ConfUtils.java:logGet(46)) - raft.server.leaderelection.pre-vote = false (custom)
2022-10-04 13:27:28,427 [051540aa-1c92-47a1-9435-f58d1c5cf642@group-00C9FE82DA7B-FollowerState] INFO  impl.RoleInfo (RoleInfo.java:updateAndGet(139)) - 051540aa-1c92-47a1-9435-f58d1c5cf642: start 051540aa-1c92-47a1-9435-f58d1c5cf642@group-00C9FE82DA7B-LeaderElection46
2022-10-04 13:27:28,439 [grpc-default-executor-5] INFO  server.RaftServer$Division (RaftServerImpl.java:requestVote(1152)) - b813d9d6-d2da-4871-aa28-8feeebf6a2b1@group-F3D8D091B279: receive requestVote(ELECTION, 051540aa-1c92-47a1-9435-f58d1c5cf642, group-F3D8D091B279, 1, (t:0, i:0))
2022-10-04 13:27:28,439 [grpc-default-executor-5] INFO  impl.VoteContext (VoteContext.java:log(48)) - b813d9d6-d2da-4871-aa28-8feeebf6a2b1@group-F3D8D091B279-FOLLOWER: accept ELECTION from 051540aa-1c92-47a1-9435-f58d1c5cf642: our priority 0 <= candidate's priority 1
2022-10-04 13:27:28,439 [grpc-default-executor-5] INFO  server.RaftServer$Division (RaftServerImpl.java:setRole(299)) - b813d9d6-d2da-4871-aa28-8feeebf6a2b1@group-F3D8D091B279: changes role from  FOLLOWER to FOLLOWER at term 1 for candidate:051540aa-1c92-47a1-9435-f58d1c5cf642
2022-10-04 13:27:28,439 [grpc-default-executor-5] INFO  impl.RoleInfo (RoleInfo.java:shutdownFollowerState(110)) - b813d9d6-d2da-4871-aa28-8feeebf6a2b1: shutdown b813d9d6-d2da-4871-aa28-8feeebf6a2b1@group-F3D8D091B279-FollowerState
2022-10-04 13:27:28,439 [grpc-default-executor-5] INFO  impl.RoleInfo (RoleInfo.java:updateAndGet(139)) - b813d9d6-d2da-4871-aa28-8feeebf6a2b1: start b813d9d6-d2da-4871-aa28-8feeebf6a2b1@group-F3D8D091B279-FollowerState
2022-10-04 13:27:28,439 [b813d9d6-d2da-4871-aa28-8feeebf6a2b1@group-F3D8D091B279-FollowerState] INFO  impl.FollowerState (FollowerState.java:run(152)) - b813d9d6-d2da-4871-aa28-8feeebf6a2b1@group-F3D8D091B279-FollowerState was interrupted
2022-10-04 13:27:28,440 [051540aa-1c92-47a1-9435-f58d1c5cf642@group-F3D8D091B279-LeaderElection45] INFO  impl.LeaderElection (LeaderElection.java:logAndReturn(90)) - 051540aa-1c92-47a1-9435-f58d1c5cf642@group-F3D8D091B279-LeaderElection45: ELECTION PASSED received 1 response(s) and 0 exception(s):
2022-10-04 13:27:28,440 [051540aa-1c92-47a1-9435-f58d1c5cf642@group-F3D8D091B279-LeaderElection45] INFO  impl.LeaderElection (LeaderElection.java:logAndReturn(94)) -   Response 0: 051540aa-1c92-47a1-9435-f58d1c5cf642<-7a71dd4d-a1c2-4b48-bfe9-22ab957e1741#0:OK-t1
2022-10-04 13:27:28,446 [051540aa-1c92-47a1-9435-f58d1c5cf642@group-F3D8D091B279-LeaderElection45] INFO  impl.LeaderElection (LeaderElection.java:askForVotes(312)) - 051540aa-1c92-47a1-9435-f58d1c5cf642@group-F3D8D091B279-LeaderElection45 ELECTION round 0: result PASSED
2022-10-04 13:27:28,446 [051540aa-1c92-47a1-9435-f58d1c5cf642@group-F3D8D091B279-LeaderElection45] INFO  impl.RoleInfo (RoleInfo.java:shutdownLeaderElection(130)) - 051540aa-1c92-47a1-9435-f58d1c5cf642: shutdown 051540aa-1c92-47a1-9435-f58d1c5cf642@group-F3D8D091B279-LeaderElection45
2022-10-04 13:27:28,446 [051540aa-1c92-47a1-9435-f58d1c5cf642@group-F3D8D091B279-LeaderElection45] INFO  server.RaftServer$Division (RaftServerImpl.java:setRole(299)) - 051540aa-1c92-47a1-9435-f58d1c5cf642@group-F3D8D091B279: changes role from CANDIDATE to LEADER at term 1 for changeToLeader
2022-10-04 13:27:28,446 [051540aa-1c92-47a1-9435-f58d1c5cf642@group-F3D8D091B279-LeaderElection45] INFO  ratis.XceiverServerRatis (XceiverServerRatis.java:handleLeaderChangedNotification(863)) - Leader change notification received for group: group-F3D8D091B279 with new leaderId: 051540aa-1c92-47a1-9435-f58d1c5cf642
2022-10-04 13:27:28,446 [051540aa-1c92-47a1-9435-f58d1c5cf642@group-F3D8D091B279-LeaderElection45] INFO  server.RaftServer$Division (ServerState.java:setLeader(287)) - 051540aa-1c92-47a1-9435-f58d1c5cf642@group-F3D8D091B279: change Leader from null to 051540aa-1c92-47a1-9435-f58d1c5cf642 at term 1 for becomeLeader, leader elected after 5304ms
2022-10-04 13:27:28,446 [051540aa-1c92-47a1-9435-f58d1c5cf642@group-F3D8D091B279-LeaderElection45] INFO  server.RaftServerConfigKeys (ConfUtils.java:logGet(46)) - raft.server.staging.catchup.gap = 1000 (default)
2022-10-04 13:27:28,447 [051540aa-1c92-47a1-9435-f58d1c5cf642@group-F3D8D091B279-LeaderElection45] INFO  server.RaftServerConfigKeys (ConfUtils.java:logGet(46)) - raft.server.write.element-limit = 1024 (custom)
2022-10-04 13:27:28,447 [051540aa-1c92-47a1-9435-f58d1c5cf642@group-F3D8D091B279-LeaderElection45] INFO  server.RaftServerConfigKeys (ConfUtils.java:logGet(46)) - raft.server.write.byte-limit = 1024 M (=1073741824) (custom)
2022-10-04 13:27:28,447 [051540aa-1c92-47a1-9435-f58d1c5cf642@group-F3D8D091B279-LeaderElection45] INFO  server.RaftServerConfigKeys (ConfUtils.java:logGet(46)) - raft.server.watch.timeout = 180s (custom)
2022-10-04 13:27:28,447 [051540aa-1c92-47a1-9435-f58d1c5cf642@group-F3D8D091B279-LeaderElection45] INFO  server.RaftServerConfigKeys (ConfUtils.java:logGet(46)) - raft.server.watch.timeout.denomination = 1s (default)
2022-10-04 13:27:28,447 [051540aa-1c92-47a1-9435-f58d1c5cf642@group-F3D8D091B279-LeaderElection45] INFO  server.RaftServerConfigKeys (ConfUtils.java:logGet(46)) - raft.server.watch.element-limit = 65536 (default)
2022-10-04 13:27:28,447 [051540aa-1c92-47a1-9435-f58d1c5cf642@group-F3D8D091B279-LeaderElection45] INFO  server.RaftServerConfigKeys (ConfUtils.java:logGet(46)) - raft.server.write.element-limit = 1024 (custom)
2022-10-04 13:27:28,447 [051540aa-1c92-47a1-9435-f58d1c5cf642@group-F3D8D091B279-LeaderElection45] INFO  server.RaftServerConfigKeys (ConfUtils.java:logGet(46)) - raft.server.write.follower.gap.ratio.max = -1.0 (default)
2022-10-04 13:27:28,448 [051540aa-1c92-47a1-9435-f58d1c5cf642@group-F3D8D091B279-LeaderElection45] INFO  server.RaftServerConfigKeys (ConfUtils.java:logGet(46)) - raft.server.log.appender.snapshot.chunk.size.max = 16MB (=16777216) (default)
2022-10-04 13:27:28,448 [051540aa-1c92-47a1-9435-f58d1c5cf642@group-F3D8D091B279-LeaderElection45] INFO  server.RaftServerConfigKeys (ConfUtils.java:logGet(46)) - raft.server.log.appender.buffer.byte-limit = 33554432 (custom)
2022-10-04 13:27:28,448 [051540aa-1c92-47a1-9435-f58d1c5cf642@group-F3D8D091B279-LeaderElection45] INFO  server.RaftServerConfigKeys (ConfUtils.java:logGet(46)) - raft.server.log.appender.buffer.element-limit = 1 (custom)
2022-10-04 13:27:28,448 [051540aa-1c92-47a1-9435-f58d1c5cf642@group-F3D8D091B279-LeaderElection45] INFO  grpc.GrpcConfigKeys (ConfUtils.java:logGet(46)) - raft.grpc.server.leader.outstanding.appends.max = 128 (default)
2022-10-04 13:27:28,448 [051540aa-1c92-47a1-9435-f58d1c5cf642@group-F3D8D091B279-LeaderElection45] INFO  server.RaftServerConfigKeys (ConfUtils.java:logGet(46)) - raft.server.rpc.request.timeout = 60s (custom)
2022-10-04 13:27:28,448 [051540aa-1c92-47a1-9435-f58d1c5cf642@group-F3D8D091B279-LeaderElection45] INFO  server.RaftServerConfigKeys (ConfUtils.java:logGet(46)) - raft.server.log.appender.install.snapshot.enabled = false (custom)
2022-10-04 13:27:28,459 [051540aa-1c92-47a1-9435-f58d1c5cf642@group-F3D8D091B279-LeaderElection45] INFO  server.RaftServerConfigKeys (ConfUtils.java:logGet(46)) - raft.server.log.appender.snapshot.chunk.size.max = 16MB (=16777216) (default)
2022-10-04 13:27:28,459 [051540aa-1c92-47a1-9435-f58d1c5cf642@group-F3D8D091B279-LeaderElection45] INFO  server.RaftServerConfigKeys (ConfUtils.java:logGet(46)) - raft.server.log.appender.buffer.byte-limit = 33554432 (custom)
2022-10-04 13:27:28,459 [051540aa-1c92-47a1-9435-f58d1c5cf642@group-F3D8D091B279-LeaderElection45] INFO  server.RaftServerConfigKeys (ConfUtils.java:logGet(46)) - raft.server.log.appender.buffer.element-limit = 1 (custom)
2022-10-04 13:27:28,459 [051540aa-1c92-47a1-9435-f58d1c5cf642@group-F3D8D091B279-LeaderElection45] INFO  grpc.GrpcConfigKeys (ConfUtils.java:logGet(46)) - raft.grpc.server.leader.outstanding.appends.max = 128 (default)
2022-10-04 13:27:28,460 [051540aa-1c92-47a1-9435-f58d1c5cf642@group-F3D8D091B279-LeaderElection45] INFO  server.RaftServerConfigKeys (ConfUtils.java:logGet(46)) - raft.server.rpc.request.timeout = 60s (custom)
2022-10-04 13:27:28,460 [051540aa-1c92-47a1-9435-f58d1c5cf642@group-F3D8D091B279-LeaderElection45] INFO  server.RaftServerConfigKeys (ConfUtils.java:logGet(46)) - raft.server.log.appender.install.snapshot.enabled = false (custom)
2022-10-04 13:27:28,460 [051540aa-1c92-47a1-9435-f58d1c5cf642@group-F3D8D091B279-LeaderElection45] INFO  impl.RoleInfo (RoleInfo.java:updateAndGet(139)) - 051540aa-1c92-47a1-9435-f58d1c5cf642: start 051540aa-1c92-47a1-9435-f58d1c5cf642@group-F3D8D091B279-LeaderStateImpl
2022-10-04 13:27:28,460 [051540aa-1c92-47a1-9435-f58d1c5cf642@group-F3D8D091B279-LeaderElection45] INFO  segmented.SegmentedRaftLogWorker (SegmentedRaftLogWorker.java:startLogSegment(425)) - 051540aa-1c92-47a1-9435-f58d1c5cf642@group-F3D8D091B279-SegmentedRaftLogWorker: Starting segment from index:0
2022-10-04 13:27:28,463 [051540aa-1c92-47a1-9435-f58d1c5cf642@group-F3D8D091B279-SegmentedRaftLogWorker] INFO  segmented.SegmentedRaftLogWorker (SegmentedRaftLogWorker.java:execute(629)) - 051540aa-1c92-47a1-9435-f58d1c5cf642@group-F3D8D091B279-SegmentedRaftLogWorker: created new log segment /home/runner/work/ozone/ozone/hadoop-ozone/integration-test/target/test-dir/MiniOzoneClusterImpl-cea6a548-c63a-4656-97b3-0431a0c2d519/datanode-0/data/ratis/dbe4ec47-1604-4602-8b3d-f3d8d091b279/current/log_inprogress_0
2022-10-04 13:27:28,463 [051540aa-1c92-47a1-9435-f58d1c5cf642@group-00C9FE82DA7B-LeaderElection46] INFO  impl.LeaderElection (LeaderElection.java:askForVotes(310)) - 051540aa-1c92-47a1-9435-f58d1c5cf642@group-00C9FE82DA7B-LeaderElection46 ELECTION round 0: submit vote requests at term 1 for -1: [7a71dd4d-a1c2-4b48-bfe9-22ab957e1741|rpc:10.1.1.108:40789|priority:1, 051540aa-1c92-47a1-9435-f58d1c5cf642|rpc:10.1.1.108:45631|priority:0, b813d9d6-d2da-4871-aa28-8feeebf6a2b1|rpc:10.1.1.108:39827|priority:0], old=null
2022-10-04 13:27:28,467 [b813d9d6-d2da-4871-aa28-8feeebf6a2b1@group-00C9FE82DA7B-FollowerState] INFO  impl.FollowerState (FollowerState.java:run(143)) - b813d9d6-d2da-4871-aa28-8feeebf6a2b1@group-00C9FE82DA7B-FollowerState: change to CANDIDATE, lastRpcElapsedTime:5045937061ns, electionTimeout:5031ms
2022-10-04 13:27:28,468 [b813d9d6-d2da-4871-aa28-8feeebf6a2b1@group-00C9FE82DA7B-FollowerState] INFO  impl.RoleInfo (RoleInfo.java:shutdownFollowerState(110)) - b813d9d6-d2da-4871-aa28-8feeebf6a2b1: shutdown b813d9d6-d2da-4871-aa28-8feeebf6a2b1@group-00C9FE82DA7B-FollowerState
2022-10-04 13:27:28,468 [b813d9d6-d2da-4871-aa28-8feeebf6a2b1@group-00C9FE82DA7B-FollowerState] INFO  server.RaftServer$Division (RaftServerImpl.java:setRole(299)) - b813d9d6-d2da-4871-aa28-8feeebf6a2b1@group-00C9FE82DA7B: changes role from  FOLLOWER to CANDIDATE at term 0 for changeToCandidate
2022-10-04 13:27:28,473 [b813d9d6-d2da-4871-aa28-8feeebf6a2b1@group-00C9FE82DA7B-FollowerState] INFO  server.RaftServerConfigKeys (ConfUtils.java:logGet(46)) - raft.server.leaderelection.pre-vote = false (custom)
2022-10-04 13:27:28,473 [b813d9d6-d2da-4871-aa28-8feeebf6a2b1@group-00C9FE82DA7B-FollowerState] INFO  impl.RoleInfo (RoleInfo.java:updateAndGet(139)) - b813d9d6-d2da-4871-aa28-8feeebf6a2b1: start b813d9d6-d2da-4871-aa28-8feeebf6a2b1@group-00C9FE82DA7B-LeaderElection47
2022-10-04 13:27:28,471 [EventQueue-OpenPipelineForHealthyPipelineSafeModeRule] INFO  safemode.SCMSafeModeManager (HealthyPipelineSafeModeRule.java:process(137)) - SCM in safe mode. Healthy pipelines reported count is 0, required healthy pipeline reported count is 1
2022-10-04 13:27:28,471 [EventQueue-PipelineReportForPipelineReportHandler] INFO  pipeline.PipelineManagerImpl (PipelineManagerImpl.java:openPipeline(367)) - Pipeline Pipeline[ Id: dbe4ec47-1604-4602-8b3d-f3d8d091b279, Nodes: 7a71dd4d-a1c2-4b48-bfe9-22ab957e1741{ip: 10.1.1.108, host: fv-az573-645.uspngagyt4suddso0aj1djjezg.dx.internal.cloudapp.net, ports: [REPLICATION=35433, RATIS=40789, RATIS_ADMIN=40789, RATIS_SERVER=40789, STANDALONE=33405], networkLocation: /default-rack, certSerialId: null, persistedOpState: IN_SERVICE, persistedOpStateExpiryEpochSec: 0}051540aa-1c92-47a1-9435-f58d1c5cf642{ip: 10.1.1.108, host: fv-az573-645.uspngagyt4suddso0aj1djjezg.dx.internal.cloudapp.net, ports: [REPLICATION=35989, RATIS=45631, RATIS_ADMIN=45631, RATIS_SERVER=45631, STANDALONE=36329], networkLocation: /default-rack, certSerialId: null, persistedOpState: IN_SERVICE, persistedOpStateExpiryEpochSec: 0}b813d9d6-d2da-4871-aa28-8feeebf6a2b1{ip: 10.1.1.108, host: fv-az573-645.uspngagyt4suddso0aj1djjezg.dx.internal.cloudapp.net, ports: [REPLICATION=38093, RATIS=39827, RATIS_ADMIN=39827, RATIS_SERVER=39827, STANDALONE=42549], networkLocation: /default-rack, certSerialId: null, persistedOpState: IN_SERVICE, persistedOpStateExpiryEpochSec: 0}, ReplicationConfig: RATIS/THREE, State:ALLOCATED, leaderId:051540aa-1c92-47a1-9435-f58d1c5cf642, CreationTimestamp2022-10-04T13:27:21.558Z[Etc/UTC]] moved to OPEN state
2022-10-04 13:27:28,474 [EventQueue-OpenPipelineForHealthyPipelineSafeModeRule] INFO  safemode.SCMSafeModeManager (HealthyPipelineSafeModeRule.java:process(137)) - SCM in safe mode. Healthy pipelines reported count is 1, required healthy pipeline reported count is 1
2022-10-04 13:27:28,474 [EventQueue-OpenPipelineForHealthyPipelineSafeModeRule] INFO  safemode.SCMSafeModeManager (SCMSafeModeManager.java:validateSafeModeExitRules(204)) - HealthyPipelineSafeModeRule rule is successfully validated
2022-10-04 13:27:28,474 [EventQueue-OpenPipelineForHealthyPipelineSafeModeRule] INFO  safemode.SCMSafeModeManager (SCMSafeModeManager.java:validateSafeModeExitRules(219)) - ScmSafeModeManager, all rules are successfully validated
2022-10-04 13:27:28,474 [EventQueue-OpenPipelineForHealthyPipelineSafeModeRule] INFO  safemode.SCMSafeModeManager (SCMSafeModeManager.java:exitSafeMode(248)) - SCM exiting safe mode.
2022-10-04 13:27:28,474 [EventQueue-OpenPipelineForHealthyPipelineSafeModeRule] WARN  events.EventQueue (EventQueue.java:fireEvent(216)) - No event handler registered for event TypedEvent{payloadType=SafeModeStatus, name='Safe mode status'}
2022-10-04 13:27:28,474 [EventQueue-OpenPipelineForHealthyPipelineSafeModeRule] INFO  ha.SCMContext (SCMContext.java:updateSafeModeStatus(228)) - Update SafeModeStatus from SafeModeStatus{safeModeStatus=true, preCheckPassed=true} to SafeModeStatus{safeModeStatus=false, preCheckPassed=true}.
2022-10-04 13:27:28,474 [EventQueue-OpenPipelineForHealthyPipelineSafeModeRule] INFO  pipeline.BackgroundPipelineCreator (BackgroundPipelineCreator.java:notifyStatusChanged(254)) - Service BackgroundPipelineCreator transitions to RUNNING.
2022-10-04 13:27:28,474 [EventQueue-OpenPipelineForHealthyPipelineSafeModeRule] INFO  BackgroundPipelineScrubber (BackgroundSCMService.java:notifyStatusChanged(82)) - Service BackgroundPipelineScrubber transitions to RUNNING.
2022-10-04 13:27:28,474 [EventQueue-OpenPipelineForHealthyPipelineSafeModeRule] INFO  ExpiredContainerReplicaOpScrubber (BackgroundSCMService.java:notifyStatusChanged(82)) - Service ExpiredContainerReplicaOpScrubber transitions to RUNNING.
2022-10-04 13:27:28,474 [EventQueue-OpenPipelineForHealthyPipelineSafeModeRule] INFO  replication.ReplicationManager (ReplicationManager.java:notifyStatusChanged(728)) - Service ReplicationManager transitions to RUNNING.
2022-10-04 13:27:28,469 [grpc-default-executor-5] INFO  server.RaftServer$Division (RaftServerImpl.java:requestVote(1184)) - b813d9d6-d2da-4871-aa28-8feeebf6a2b1@group-F3D8D091B279 replies to ELECTION vote request: 051540aa-1c92-47a1-9435-f58d1c5cf642<-b813d9d6-d2da-4871-aa28-8feeebf6a2b1#0:OK-t1. Peer's state: b813d9d6-d2da-4871-aa28-8feeebf6a2b1@group-F3D8D091B279:t1, leader=null, voted=051540aa-1c92-47a1-9435-f58d1c5cf642, raftlog=b813d9d6-d2da-4871-aa28-8feeebf6a2b1@group-F3D8D091B279-SegmentedRaftLog:OPENED:c-1, conf=-1: [7a71dd4d-a1c2-4b48-bfe9-22ab957e1741|rpc:10.1.1.108:40789|dataStream:|priority:0, 051540aa-1c92-47a1-9435-f58d1c5cf642|rpc:10.1.1.108:45631|dataStream:|priority:1, b813d9d6-d2da-4871-aa28-8feeebf6a2b1|rpc:10.1.1.108:39827|dataStream:|priority:0], old=null
2022-10-04 13:27:28,469 [051540aa-1c92-47a1-9435-f58d1c5cf642@group-F3D8D091B279-LeaderElection45] INFO  server.RaftServer$Division (ServerState.java:setRaftConf(393)) - 051540aa-1c92-47a1-9435-f58d1c5cf642@group-F3D8D091B279: set configuration 0: [7a71dd4d-a1c2-4b48-bfe9-22ab957e1741|rpc:10.1.1.108:40789|dataStream:|priority:0, 051540aa-1c92-47a1-9435-f58d1c5cf642|rpc:10.1.1.108:45631|dataStream:|priority:1, b813d9d6-d2da-4871-aa28-8feeebf6a2b1|rpc:10.1.1.108:39827|dataStream:|priority:0], old=null
2022-10-04 13:27:28,474 [EventQueue-OpenPipelineForHealthyPipelineSafeModeRule] WARN  balancer.ContainerBalancer (ContainerBalancer.java:shouldRun(936)) - Could not find persisted configuration for ContainerBalancer when checking if ContainerBalancer should run. ContainerBalancer should not run now.
2022-10-04 13:27:28,512 [grpc-default-executor-4] INFO  server.RaftServer$Division (RaftServerImpl.java:requestVote(1152)) - 7a71dd4d-a1c2-4b48-bfe9-22ab957e1741@group-00C9FE82DA7B: receive requestVote(ELECTION, 051540aa-1c92-47a1-9435-f58d1c5cf642, group-00C9FE82DA7B, 1, (t:0, i:0))
2022-10-04 13:27:28,512 [grpc-default-executor-4] INFO  impl.VoteContext (VoteContext.java:log(48)) - 7a71dd4d-a1c2-4b48-bfe9-22ab957e1741@group-00C9FE82DA7B-FOLLOWER: reject ELECTION from 051540aa-1c92-47a1-9435-f58d1c5cf642: our priority 1 > candidate's priority 0
2022-10-04 13:27:28,512 [grpc-default-executor-4] INFO  server.RaftServer$Division (RaftServerImpl.java:setRole(299)) - 7a71dd4d-a1c2-4b48-bfe9-22ab957e1741@group-00C9FE82DA7B: changes role from  FOLLOWER to FOLLOWER at term 1 for candidate:051540aa-1c92-47a1-9435-f58d1c5cf642
2022-10-04 13:27:28,512 [grpc-default-executor-4] INFO  impl.RoleInfo (RoleInfo.java:shutdownFollowerState(110)) - 7a71dd4d-a1c2-4b48-bfe9-22ab957e1741: shutdown 7a71dd4d-a1c2-4b48-bfe9-22ab957e1741@group-00C9FE82DA7B-FollowerState
2022-10-04 13:27:28,512 [grpc-default-executor-4] INFO  impl.RoleInfo (RoleInfo.java:updateAndGet(139)) - 7a71dd4d-a1c2-4b48-bfe9-22ab957e1741: start 7a71dd4d-a1c2-4b48-bfe9-22ab957e1741@group-00C9FE82DA7B-FollowerState
2022-10-04 13:27:28,513 [7a71dd4d-a1c2-4b48-bfe9-22ab957e1741@group-00C9FE82DA7B-FollowerState] INFO  impl.FollowerState (FollowerState.java:run(152)) - 7a71dd4d-a1c2-4b48-bfe9-22ab957e1741@group-00C9FE82DA7B-FollowerState was interrupted
2022-10-04 13:27:28,514 [grpc-default-executor-5] INFO  server.RaftServer$Division (RaftServerImpl.java:requestVote(1152)) - b813d9d6-d2da-4871-aa28-8feeebf6a2b1@group-00C9FE82DA7B: receive requestVote(ELECTION, 051540aa-1c92-47a1-9435-f58d1c5cf642, group-00C9FE82DA7B, 1, (t:0, i:0))
2022-10-04 13:27:28,514 [b813d9d6-d2da-4871-aa28-8feeebf6a2b1@group-00C9FE82DA7B-LeaderElection47] INFO  impl.LeaderElection (LeaderElection.java:askForVotes(310)) - b813d9d6-d2da-4871-aa28-8feeebf6a2b1@group-00C9FE82DA7B-LeaderElection47 ELECTION round 0: submit vote requests at term 1 for -1: [7a71dd4d-a1c2-4b48-bfe9-22ab957e1741|rpc:10.1.1.108:40789|dataStream:|priority:1, 051540aa-1c92-47a1-9435-f58d1c5cf642|rpc:10.1.1.108:45631|dataStream:|priority:0, b813d9d6-d2da-4871-aa28-8feeebf6a2b1|rpc:10.1.1.108:39827|dataStream:|priority:0], old=null
2022-10-04 13:27:28,514 [grpc-default-executor-4] INFO  server.RaftServer$Division (RaftServerImpl.java:requestVote(1184)) - 7a71dd4d-a1c2-4b48-bfe9-22ab957e1741@group-00C9FE82DA7B replies to ELECTION vote request: 051540aa-1c92-47a1-9435-f58d1c5cf642<-7a71dd4d-a1c2-4b48-bfe9-22ab957e1741#0:FAIL-t1. Peer's state: 7a71dd4d-a1c2-4b48-bfe9-22ab957e1741@group-00C9FE82DA7B:t1, leader=null, voted=null, raftlog=7a71dd4d-a1c2-4b48-bfe9-22ab957e1741@group-00C9FE82DA7B-SegmentedRaftLog:OPENED:c-1, conf=-1: [7a71dd4d-a1c2-4b48-bfe9-22ab957e1741|rpc:10.1.1.108:40789|dataStream:|priority:1, 051540aa-1c92-47a1-9435-f58d1c5cf642|rpc:10.1.1.108:45631|dataStream:|priority:0, b813d9d6-d2da-4871-aa28-8feeebf6a2b1|rpc:10.1.1.108:39827|dataStream:|priority:0], old=null
2022-10-04 13:27:28,515 [grpc-default-executor-5] INFO  impl.VoteContext (VoteContext.java:log(48)) - b813d9d6-d2da-4871-aa28-8feeebf6a2b1@group-00C9FE82DA7B-CANDIDATE: reject ELECTION from 051540aa-1c92-47a1-9435-f58d1c5cf642: already has voted for b813d9d6-d2da-4871-aa28-8feeebf6a2b1 at current term 1
2022-10-04 13:27:28,515 [grpc-default-executor-5] INFO  server.RaftServer$Division (RaftServerImpl.java:requestVote(1184)) - b813d9d6-d2da-4871-aa28-8feeebf6a2b1@group-00C9FE82DA7B replies to ELECTION vote request: 051540aa-1c92-47a1-9435-f58d1c5cf642<-b813d9d6-d2da-4871-aa28-8feeebf6a2b1#0:FAIL-t1. Peer's state: b813d9d6-d2da-4871-aa28-8feeebf6a2b1@group-00C9FE82DA7B:t1, leader=null, voted=b813d9d6-d2da-4871-aa28-8feeebf6a2b1, raftlog=b813d9d6-d2da-4871-aa28-8feeebf6a2b1@group-00C9FE82DA7B-SegmentedRaftLog:OPENED:c-1, conf=-1: [7a71dd4d-a1c2-4b48-bfe9-22ab957e1741|rpc:10.1.1.108:40789|dataStream:|priority:1, 051540aa-1c92-47a1-9435-f58d1c5cf642|rpc:10.1.1.108:45631|dataStream:|priority:0, b813d9d6-d2da-4871-aa28-8feeebf6a2b1|rpc:10.1.1.108:39827|dataStream:|priority:0], old=null
2022-10-04 13:27:28,523 [Listener at 127.0.0.1/45925] INFO  ozone.MiniOzoneClusterImpl (MiniOzoneClusterImpl.java:lambda$waitForClusterToBeReady$0(216)) - Nodes are ready. Got 3 of 3 DN Heartbeats.
2022-10-04 13:27:28,523 [Listener at 127.0.0.1/45925] INFO  ozone.MiniOzoneClusterImpl (MiniOzoneClusterImpl.java:lambda$waitForClusterToBeReady$0(219)) - Cluster exits safe mode
2022-10-04 13:27:28,523 [Listener at 127.0.0.1/45925] INFO  ozone.MiniOzoneClusterImpl (MiniOzoneClusterImpl.java:lambda$waitForClusterToBeReady$0(221)) - SCM became leader
2022-10-04 13:27:28,542 [051540aa-1c92-47a1-9435-f58d1c5cf642@group-00C9FE82DA7B-LeaderElection46] INFO  impl.LeaderElection (LeaderElection.java:logAndReturn(90)) - 051540aa-1c92-47a1-9435-f58d1c5cf642@group-00C9FE82DA7B-LeaderElection46: ELECTION REJECTED received 1 response(s) and 0 exception(s):
2022-10-04 13:27:28,542 [051540aa-1c92-47a1-9435-f58d1c5cf642@group-00C9FE82DA7B-LeaderElection46] INFO  impl.LeaderElection (LeaderElection.java:logAndReturn(94)) -   Response 0: 051540aa-1c92-47a1-9435-f58d1c5cf642<-7a71dd4d-a1c2-4b48-bfe9-22ab957e1741#0:FAIL-t1
2022-10-04 13:27:28,542 [051540aa-1c92-47a1-9435-f58d1c5cf642@group-00C9FE82DA7B-LeaderElection46] INFO  impl.LeaderElection (LeaderElection.java:askForVotes(312)) - 051540aa-1c92-47a1-9435-f58d1c5cf642@group-00C9FE82DA7B-LeaderElection46 ELECTION round 0: result REJECTED
2022-10-04 13:27:28,543 [051540aa-1c92-47a1-9435-f58d1c5cf642@group-00C9FE82DA7B-LeaderElection46] INFO  server.RaftServer$Division (RaftServerImpl.java:setRole(299)) - 051540aa-1c92-47a1-9435-f58d1c5cf642@group-00C9FE82DA7B: changes role from CANDIDATE to FOLLOWER at term 1 for REJECTED
2022-10-04 13:27:28,543 [051540aa-1c92-47a1-9435-f58d1c5cf642@group-00C9FE82DA7B-LeaderElection46] INFO  impl.RoleInfo (RoleInfo.java:shutdownLeaderElection(130)) - 051540aa-1c92-47a1-9435-f58d1c5cf642: shutdown 051540aa-1c92-47a1-9435-f58d1c5cf642@group-00C9FE82DA7B-LeaderElection46
2022-10-04 13:27:28,543 [051540aa-1c92-47a1-9435-f58d1c5cf642@group-00C9FE82DA7B-LeaderElection46] INFO  impl.RoleInfo (RoleInfo.java:updateAndGet(139)) - 051540aa-1c92-47a1-9435-f58d1c5cf642: start 051540aa-1c92-47a1-9435-f58d1c5cf642@group-00C9FE82DA7B-FollowerState
2022-10-04 13:27:28,550 [grpc-default-executor-5] INFO  server.RaftServer$Division (RaftServerImpl.java:requestVote(1152)) - 7a71dd4d-a1c2-4b48-bfe9-22ab957e1741@group-00C9FE82DA7B: receive requestVote(ELECTION, b813d9d6-d2da-4871-aa28-8feeebf6a2b1, group-00C9FE82DA7B, 1, (t:0, i:0))
2022-10-04 13:27:28,564 [grpc-default-executor-5] INFO  impl.VoteContext (VoteContext.java:log(48)) - 7a71dd4d-a1c2-4b48-bfe9-22ab957e1741@group-00C9FE82DA7B-FOLLOWER: reject ELECTION from b813d9d6-d2da-4871-aa28-8feeebf6a2b1: our priority 1 > candidate's priority 0
2022-10-04 13:27:28,564 [grpc-default-executor-5] INFO  server.RaftServer$Division (RaftServerImpl.java:setRole(299)) - 7a71dd4d-a1c2-4b48-bfe9-22ab957e1741@group-00C9FE82DA7B: changes role from  FOLLOWER to FOLLOWER at term 1 for candidate:b813d9d6-d2da-4871-aa28-8feeebf6a2b1
2022-10-04 13:27:28,564 [grpc-default-executor-5] INFO  impl.RoleInfo (RoleInfo.java:shutdownFollowerState(110)) - 7a71dd4d-a1c2-4b48-bfe9-22ab957e1741: shutdown 7a71dd4d-a1c2-4b48-bfe9-22ab957e1741@group-00C9FE82DA7B-FollowerState
2022-10-04 13:27:28,564 [grpc-default-executor-5] INFO  impl.RoleInfo (RoleInfo.java:updateAndGet(139)) - 7a71dd4d-a1c2-4b48-bfe9-22ab957e1741: start 7a71dd4d-a1c2-4b48-bfe9-22ab957e1741@group-00C9FE82DA7B-FollowerState
2022-10-04 13:27:28,564 [7a71dd4d-a1c2-4b48-bfe9-22ab957e1741@group-00C9FE82DA7B-FollowerState] INFO  impl.FollowerState (FollowerState.java:run(152)) - 7a71dd4d-a1c2-4b48-bfe9-22ab957e1741@group-00C9FE82DA7B-FollowerState was interrupted
2022-10-04 13:27:28,564 [grpc-default-executor-5] INFO  server.RaftServer$Division (RaftServerImpl.java:requestVote(1184)) - 7a71dd4d-a1c2-4b48-bfe9-22ab957e1741@group-00C9FE82DA7B replies to ELECTION vote request: b813d9d6-d2da-4871-aa28-8feeebf6a2b1<-7a71dd4d-a1c2-4b48-bfe9-22ab957e1741#0:FAIL-t1. Peer's state: 7a71dd4d-a1c2-4b48-bfe9-22ab957e1741@group-00C9FE82DA7B:t1, leader=null, voted=null, raftlog=7a71dd4d-a1c2-4b48-bfe9-22ab957e1741@group-00C9FE82DA7B-SegmentedRaftLog:OPENED:c-1, conf=-1: [7a71dd4d-a1c2-4b48-bfe9-22ab957e1741|rpc:10.1.1.108:40789|dataStream:|priority:1, 051540aa-1c92-47a1-9435-f58d1c5cf642|rpc:10.1.1.108:45631|dataStream:|priority:0, b813d9d6-d2da-4871-aa28-8feeebf6a2b1|rpc:10.1.1.108:39827|dataStream:|priority:0], old=null
2022-10-04 13:27:28,569 [b813d9d6-d2da-4871-aa28-8feeebf6a2b1-server-thread1] INFO  ratis.XceiverServerRatis (XceiverServerRatis.java:handleLeaderChangedNotification(863)) - Leader change notification received for group: group-F3D8D091B279 with new leaderId: 051540aa-1c92-47a1-9435-f58d1c5cf642
2022-10-04 13:27:28,569 [b813d9d6-d2da-4871-aa28-8feeebf6a2b1-server-thread1] INFO  server.RaftServer$Division (ServerState.java:setLeader(287)) - b813d9d6-d2da-4871-aa28-8feeebf6a2b1@group-F3D8D091B279: change Leader from null to 051540aa-1c92-47a1-9435-f58d1c5cf642 at term 1 for appendEntries, leader elected after 5258ms
2022-10-04 13:27:28,574 [b813d9d6-d2da-4871-aa28-8feeebf6a2b1-server-thread1] INFO  server.RaftServer$Division (ServerState.java:setRaftConf(393)) - b813d9d6-d2da-4871-aa28-8feeebf6a2b1@group-F3D8D091B279: set configuration 0: [7a71dd4d-a1c2-4b48-bfe9-22ab957e1741|rpc:10.1.1.108:40789|dataStream:|priority:0, 051540aa-1c92-47a1-9435-f58d1c5cf642|rpc:10.1.1.108:45631|dataStream:|priority:1, b813d9d6-d2da-4871-aa28-8feeebf6a2b1|rpc:10.1.1.108:39827|dataStream:|priority:0], old=null
2022-10-04 13:27:28,574 [b813d9d6-d2da-4871-aa28-8feeebf6a2b1-server-thread1] INFO  segmented.SegmentedRaftLogWorker (SegmentedRaftLogWorker.java:startLogSegment(425)) - b813d9d6-d2da-4871-aa28-8feeebf6a2b1@group-F3D8D091B279-SegmentedRaftLogWorker: Starting segment from index:0
2022-10-04 13:27:28,576 [b813d9d6-d2da-4871-aa28-8feeebf6a2b1@group-F3D8D091B279-SegmentedRaftLogWorker] INFO  segmented.SegmentedRaftLogWorker (SegmentedRaftLogWorker.java:execute(629)) - b813d9d6-d2da-4871-aa28-8feeebf6a2b1@group-F3D8D091B279-SegmentedRaftLogWorker: created new log segment /home/runner/work/ozone/ozone/hadoop-ozone/integration-test/target/test-dir/MiniOzoneClusterImpl-cea6a548-c63a-4656-97b3-0431a0c2d519/datanode-1/data/ratis/dbe4ec47-1604-4602-8b3d-f3d8d091b279/current/log_inprogress_0
2022-10-04 13:27:28,592 [b813d9d6-d2da-4871-aa28-8feeebf6a2b1@group-00C9FE82DA7B-LeaderElection47] INFO  impl.LeaderElection (LeaderElection.java:logAndReturn(90)) - b813d9d6-d2da-4871-aa28-8feeebf6a2b1@group-00C9FE82DA7B-LeaderElection47: ELECTION REJECTED received 1 response(s) and 0 exception(s):
2022-10-04 13:27:28,592 [b813d9d6-d2da-4871-aa28-8feeebf6a2b1@group-00C9FE82DA7B-LeaderElection47] INFO  impl.LeaderElection (LeaderElection.java:logAndReturn(94)) -   Response 0: b813d9d6-d2da-4871-aa28-8feeebf6a2b1<-7a71dd4d-a1c2-4b48-bfe9-22ab957e1741#0:FAIL-t1
2022-10-04 13:27:28,592 [b813d9d6-d2da-4871-aa28-8feeebf6a2b1@group-00C9FE82DA7B-LeaderElection47] INFO  impl.LeaderElection (LeaderElection.java:askForVotes(312)) - b813d9d6-d2da-4871-aa28-8feeebf6a2b1@group-00C9FE82DA7B-LeaderElection47 ELECTION round 0: result REJECTED
2022-10-04 13:27:28,592 [b813d9d6-d2da-4871-aa28-8feeebf6a2b1@group-00C9FE82DA7B-LeaderElection47] INFO  server.RaftServer$Division (RaftServerImpl.java:setRole(299)) - b813d9d6-d2da-4871-aa28-8feeebf6a2b1@group-00C9FE82DA7B: changes role from CANDIDATE to FOLLOWER at term 1 for REJECTED
2022-10-04 13:27:28,592 [b813d9d6-d2da-4871-aa28-8feeebf6a2b1@group-00C9FE82DA7B-LeaderElection47] INFO  impl.RoleInfo (RoleInfo.java:shutdownLeaderElection(130)) - b813d9d6-d2da-4871-aa28-8feeebf6a2b1: shutdown b813d9d6-d2da-4871-aa28-8feeebf6a2b1@group-00C9FE82DA7B-LeaderElection47
2022-10-04 13:27:28,592 [b813d9d6-d2da-4871-aa28-8feeebf6a2b1@group-00C9FE82DA7B-LeaderElection47] INFO  impl.RoleInfo (RoleInfo.java:updateAndGet(139)) - b813d9d6-d2da-4871-aa28-8feeebf6a2b1: start b813d9d6-d2da-4871-aa28-8feeebf6a2b1@group-00C9FE82DA7B-FollowerState
2022-10-04 13:27:28,597 [7a71dd4d-a1c2-4b48-bfe9-22ab957e1741-server-thread1] INFO  ratis.XceiverServerRatis (XceiverServerRatis.java:handleLeaderChangedNotification(863)) - Leader change notification received for group: group-F3D8D091B279 with new leaderId: 051540aa-1c92-47a1-9435-f58d1c5cf642
2022-10-04 13:27:28,597 [7a71dd4d-a1c2-4b48-bfe9-22ab957e1741-server-thread1] INFO  server.RaftServer$Division (ServerState.java:setLeader(287)) - 7a71dd4d-a1c2-4b48-bfe9-22ab957e1741@group-F3D8D091B279: change Leader from null to 051540aa-1c92-47a1-9435-f58d1c5cf642 at term 1 for appendEntries, leader elected after 5394ms
2022-10-04 13:27:28,600 [EndpointStateMachine task thread for /0.0.0.0:41361 - 0 ] INFO  ipc.Client (Client.java:handleConnectionFailure(977)) - Retrying connect to server: 0.0.0.0/0.0.0.0:41361. Already tried 7 time(s); retry policy is RetryUpToMaximumCountWithFixedSleep(maxRetries=15, sleepTime=1000 MILLISECONDS)
2022-10-04 13:27:28,604 [grpc-default-executor-3] INFO  server.RaftServer$Division (RaftServerImpl.java:requestVote(1152)) - 051540aa-1c92-47a1-9435-f58d1c5cf642@group-00C9FE82DA7B: receive requestVote(ELECTION, b813d9d6-d2da-4871-aa28-8feeebf6a2b1, group-00C9FE82DA7B, 1, (t:0, i:0))
2022-10-04 13:27:28,604 [grpc-default-executor-3] INFO  impl.VoteContext (VoteContext.java:log(48)) - 051540aa-1c92-47a1-9435-f58d1c5cf642@group-00C9FE82DA7B-FOLLOWER: reject ELECTION from b813d9d6-d2da-4871-aa28-8feeebf6a2b1: already has voted for 051540aa-1c92-47a1-9435-f58d1c5cf642 at current term 1
2022-10-04 13:27:28,604 [grpc-default-executor-3] INFO  server.RaftServer$Division (RaftServerImpl.java:requestVote(1184)) - 051540aa-1c92-47a1-9435-f58d1c5cf642@group-00C9FE82DA7B replies to ELECTION vote request: b813d9d6-d2da-4871-aa28-8feeebf6a2b1<-051540aa-1c92-47a1-9435-f58d1c5cf642#0:FAIL-t1. Peer's state: 051540aa-1c92-47a1-9435-f58d1c5cf642@group-00C9FE82DA7B:t1, leader=null, voted=051540aa-1c92-47a1-9435-f58d1c5cf642, raftlog=051540aa-1c92-47a1-9435-f58d1c5cf642@group-00C9FE82DA7B-SegmentedRaftLog:OPENED:c-1, conf=-1: [7a71dd4d-a1c2-4b48-bfe9-22ab957e1741|rpc:10.1.1.108:40789|priority:1, 051540aa-1c92-47a1-9435-f58d1c5cf642|rpc:10.1.1.108:45631|priority:0, b813d9d6-d2da-4871-aa28-8feeebf6a2b1|rpc:10.1.1.108:39827|priority:0], old=null
2022-10-04 13:27:28,621 [7a71dd4d-a1c2-4b48-bfe9-22ab957e1741-server-thread1] INFO  server.RaftServer$Division (ServerState.java:setRaftConf(393)) - 7a71dd4d-a1c2-4b48-bfe9-22ab957e1741@group-F3D8D091B279: set configuration 0: [7a71dd4d-a1c2-4b48-bfe9-22ab957e1741|rpc:10.1.1.108:40789|dataStream:|priority:0, 051540aa-1c92-47a1-9435-f58d1c5cf642|rpc:10.1.1.108:45631|dataStream:|priority:1, b813d9d6-d2da-4871-aa28-8feeebf6a2b1|rpc:10.1.1.108:39827|dataStream:|priority:0], old=null
2022-10-04 13:27:28,621 [7a71dd4d-a1c2-4b48-bfe9-22ab957e1741-server-thread1] INFO  segmented.SegmentedRaftLogWorker (SegmentedRaftLogWorker.java:startLogSegment(425)) - 7a71dd4d-a1c2-4b48-bfe9-22ab957e1741@group-F3D8D091B279-SegmentedRaftLogWorker: Starting segment from index:0
2022-10-04 13:27:28,623 [7a71dd4d-a1c2-4b48-bfe9-22ab957e1741@group-F3D8D091B279-SegmentedRaftLogWorker] INFO  segmented.SegmentedRaftLogWorker (SegmentedRaftLogWorker.java:execute(629)) - 7a71dd4d-a1c2-4b48-bfe9-22ab957e1741@group-F3D8D091B279-SegmentedRaftLogWorker: created new log segment /home/runner/work/ozone/ozone/hadoop-ozone/integration-test/target/test-dir/MiniOzoneClusterImpl-cea6a548-c63a-4656-97b3-0431a0c2d519/datanode-2/data/ratis/dbe4ec47-1604-4602-8b3d-f3d8d091b279/current/log_inprogress_0
2022-10-04 13:27:28,651 [Listener at 127.0.0.1/45925] INFO  rpc.RpcClient (RpcClient.java:createVolume(471)) - Creating Volume: volume35206, with user41499 as owner and space quota set to -1 bytes, counts quota set to -1
2022-10-04 13:27:28,680 [OM StateMachine ApplyTransaction Thread - 0] INFO  volume.OMVolumeCreateRequest (OMVolumeCreateRequest.java:validateAndUpdateCache(195)) - created volume:volume35206 for user:user41499
2022-10-04 13:27:28,714 [OM StateMachine ApplyTransaction Thread - 0] INFO  volume.OMVolumeCreateRequest (OMVolumeCreateRequest.java:validateAndUpdateCache(195)) - created volume:volume35206 for user:user41499
2022-10-04 13:27:28,716 [Listener at 127.0.0.1/45925] INFO  rpc.RpcClient (RpcClient.java:createBucket(674)) - Creating Bucket: volume35206/bucket90377, with server-side default bucket layout, runner as owner, Versioning false, Storage Type set to DISK and Encryption set to false 
2022-10-04 13:27:28,733 [OM StateMachine ApplyTransaction Thread - 0] INFO  volume.OMVolumeCreateRequest (OMVolumeCreateRequest.java:validateAndUpdateCache(195)) - created volume:volume35206 for user:user41499
2022-10-04 13:27:28,775 [OM StateMachine ApplyTransaction Thread - 0] INFO  bucket.OMBucketCreateRequest (OMBucketCreateRequest.java:validateAndUpdateCache(260)) - created bucket: bucket90377 of layout LEGACY in volume: volume35206
2022-10-04 13:27:28,811 [OM StateMachine ApplyTransaction Thread - 0] INFO  bucket.OMBucketCreateRequest (OMBucketCreateRequest.java:validateAndUpdateCache(260)) - created bucket: bucket90377 of layout LEGACY in volume: volume35206
2022-10-04 13:27:28,814 [OM StateMachine ApplyTransaction Thread - 0] INFO  bucket.OMBucketCreateRequest (OMBucketCreateRequest.java:validateAndUpdateCache(260)) - created bucket: bucket90377 of layout LEGACY in volume: volume35206
2022-10-04 13:27:28,827 [IPC Server handler 4 on default port 46607] INFO  ha.SequenceIdGenerator (SequenceIdGenerator.java:getNextId(128)) - Allocate a batch for containerId, change lastId from 0 to 1000.
2022-10-04 13:27:28,828 [IPC Server handler 4 on default port 46607] WARN  ha.SequenceIdGenerator (SequenceIdGenerator.java:allocateBatch(237)) - Failed to allocate a batch for localId, expected lastId is 0, actual lastId is 109611004723200000.
2022-10-04 13:27:28,828 [IPC Server handler 4 on default port 46607] INFO  ha.SequenceIdGenerator (SequenceIdGenerator.java:getNextId(128)) - Allocate a batch for localId, change lastId from 109611004723200000 to 109611004723201000.
2022-10-04 13:27:28,961 [b813d9d6-d2da-4871-aa28-8feeebf6a2b1@group-0C5BC8607809-FollowerState] INFO  impl.FollowerState (FollowerState.java:run(143)) - b813d9d6-d2da-4871-aa28-8feeebf6a2b1@group-0C5BC8607809-FollowerState: change to CANDIDATE, lastRpcElapsedTime:5064368284ns, electionTimeout:5054ms
2022-10-04 13:27:28,962 [b813d9d6-d2da-4871-aa28-8feeebf6a2b1@group-0C5BC8607809-FollowerState] INFO  impl.RoleInfo (RoleInfo.java:shutdownFollowerState(110)) - b813d9d6-d2da-4871-aa28-8feeebf6a2b1: shutdown b813d9d6-d2da-4871-aa28-8feeebf6a2b1@group-0C5BC8607809-FollowerState
2022-10-04 13:27:28,962 [b813d9d6-d2da-4871-aa28-8feeebf6a2b1@group-0C5BC8607809-FollowerState] INFO  server.RaftServer$Division (RaftServerImpl.java:setRole(299)) - b813d9d6-d2da-4871-aa28-8feeebf6a2b1@group-0C5BC8607809: changes role from  FOLLOWER to CANDIDATE at term 0 for changeToCandidate
2022-10-04 13:27:28,962 [b813d9d6-d2da-4871-aa28-8feeebf6a2b1@group-0C5BC8607809-FollowerState] INFO  server.RaftServerConfigKeys (ConfUtils.java:logGet(46)) - raft.server.leaderelection.pre-vote = false (custom)
2022-10-04 13:27:28,962 [b813d9d6-d2da-4871-aa28-8feeebf6a2b1@group-0C5BC8607809-FollowerState] INFO  impl.RoleInfo (RoleInfo.java:updateAndGet(139)) - b813d9d6-d2da-4871-aa28-8feeebf6a2b1: start b813d9d6-d2da-4871-aa28-8feeebf6a2b1@group-0C5BC8607809-LeaderElection48
2022-10-04 13:27:28,997 [b813d9d6-d2da-4871-aa28-8feeebf6a2b1@group-0C5BC8607809-LeaderElection48] INFO  impl.LeaderElection (LeaderElection.java:askForVotes(310)) - b813d9d6-d2da-4871-aa28-8feeebf6a2b1@group-0C5BC8607809-LeaderElection48 ELECTION round 0: submit vote requests at term 1 for -1: [b813d9d6-d2da-4871-aa28-8feeebf6a2b1|rpc:10.1.1.108:39827|priority:1], old=null
2022-10-04 13:27:28,997 [b813d9d6-d2da-4871-aa28-8feeebf6a2b1@group-0C5BC8607809-LeaderElection48] INFO  impl.LeaderElection (LeaderElection.java:askForVotes(312)) - b813d9d6-d2da-4871-aa28-8feeebf6a2b1@group-0C5BC8607809-LeaderElection48 ELECTION round 0: result PASSED (term=1)
2022-10-04 13:27:28,997 [b813d9d6-d2da-4871-aa28-8feeebf6a2b1@group-0C5BC8607809-LeaderElection48] INFO  impl.RoleInfo (RoleInfo.java:shutdownLeaderElection(130)) - b813d9d6-d2da-4871-aa28-8feeebf6a2b1: shutdown b813d9d6-d2da-4871-aa28-8feeebf6a2b1@group-0C5BC8607809-LeaderElection48
2022-10-04 13:27:28,997 [b813d9d6-d2da-4871-aa28-8feeebf6a2b1@group-0C5BC8607809-LeaderElection48] INFO  server.RaftServer$Division (RaftServerImpl.java:setRole(299)) - b813d9d6-d2da-4871-aa28-8feeebf6a2b1@group-0C5BC8607809: changes role from CANDIDATE to LEADER at term 1 for changeToLeader
2022-10-04 13:27:28,997 [b813d9d6-d2da-4871-aa28-8feeebf6a2b1@group-0C5BC8607809-LeaderElection48] INFO  ratis.XceiverServerRatis (XceiverServerRatis.java:handleLeaderChangedNotification(863)) - Leader change notification received for group: group-0C5BC8607809 with new leaderId: b813d9d6-d2da-4871-aa28-8feeebf6a2b1
2022-10-04 13:27:28,999 [b813d9d6-d2da-4871-aa28-8feeebf6a2b1@group-0C5BC8607809-LeaderElection48] INFO  server.RaftServer$Division (ServerState.java:setLeader(287)) - b813d9d6-d2da-4871-aa28-8feeebf6a2b1@group-0C5BC8607809: change Leader from null to b813d9d6-d2da-4871-aa28-8feeebf6a2b1 at term 1 for becomeLeader, leader elected after 5131ms
2022-10-04 13:27:28,999 [b813d9d6-d2da-4871-aa28-8feeebf6a2b1@group-0C5BC8607809-LeaderElection48] INFO  server.RaftServerConfigKeys (ConfUtils.java:logGet(46)) - raft.server.staging.catchup.gap = 1000 (default)
2022-10-04 13:27:29,001 [b813d9d6-d2da-4871-aa28-8feeebf6a2b1@group-0C5BC8607809-LeaderElection48] INFO  server.RaftServerConfigKeys (ConfUtils.java:logGet(46)) - raft.server.write.element-limit = 1024 (custom)
2022-10-04 13:27:29,001 [b813d9d6-d2da-4871-aa28-8feeebf6a2b1@group-0C5BC8607809-LeaderElection48] INFO  server.RaftServerConfigKeys (ConfUtils.java:logGet(46)) - raft.server.write.byte-limit = 1024 M (=1073741824) (custom)
2022-10-04 13:27:29,002 [b813d9d6-d2da-4871-aa28-8feeebf6a2b1@group-0C5BC8607809-LeaderElection48] INFO  server.RaftServerConfigKeys (ConfUtils.java:logGet(46)) - raft.server.watch.timeout = 180s (custom)
2022-10-04 13:27:29,002 [b813d9d6-d2da-4871-aa28-8feeebf6a2b1@group-0C5BC8607809-LeaderElection48] INFO  server.RaftServerConfigKeys (ConfUtils.java:logGet(46)) - raft.server.watch.timeout.denomination = 1s (default)
2022-10-04 13:27:29,002 [b813d9d6-d2da-4871-aa28-8feeebf6a2b1@group-0C5BC8607809-LeaderElection48] INFO  server.RaftServerConfigKeys (ConfUtils.java:logGet(46)) - raft.server.watch.element-limit = 65536 (default)
2022-10-04 13:27:29,002 [b813d9d6-d2da-4871-aa28-8feeebf6a2b1@group-0C5BC8607809-LeaderElection48] INFO  server.RaftServerConfigKeys (ConfUtils.java:logGet(46)) - raft.server.write.element-limit = 1024 (custom)
2022-10-04 13:27:29,002 [b813d9d6-d2da-4871-aa28-8feeebf6a2b1@group-0C5BC8607809-LeaderElection48] INFO  server.RaftServerConfigKeys (ConfUtils.java:logGet(46)) - raft.server.write.follower.gap.ratio.max = -1.0 (default)
2022-10-04 13:27:29,002 [b813d9d6-d2da-4871-aa28-8feeebf6a2b1@group-0C5BC8607809-LeaderElection48] INFO  impl.RoleInfo (RoleInfo.java:updateAndGet(139)) - b813d9d6-d2da-4871-aa28-8feeebf6a2b1: start b813d9d6-d2da-4871-aa28-8feeebf6a2b1@group-0C5BC8607809-LeaderStateImpl
2022-10-04 13:27:29,002 [b813d9d6-d2da-4871-aa28-8feeebf6a2b1@group-0C5BC8607809-LeaderElection48] INFO  segmented.SegmentedRaftLogWorker (SegmentedRaftLogWorker.java:startLogSegment(425)) - b813d9d6-d2da-4871-aa28-8feeebf6a2b1@group-0C5BC8607809-SegmentedRaftLogWorker: Starting segment from index:0
2022-10-04 13:27:29,018 [b813d9d6-d2da-4871-aa28-8feeebf6a2b1@group-0C5BC8607809-SegmentedRaftLogWorker] INFO  segmented.SegmentedRaftLogWorker (SegmentedRaftLogWorker.java:execute(629)) - b813d9d6-d2da-4871-aa28-8feeebf6a2b1@group-0C5BC8607809-SegmentedRaftLogWorker: created new log segment /home/runner/work/ozone/ozone/hadoop-ozone/integration-test/target/test-dir/MiniOzoneClusterImpl-cea6a548-c63a-4656-97b3-0431a0c2d519/datanode-1/data/ratis/728b8bd3-1342-465a-8443-0c5bc8607809/current/log_inprogress_0
2022-10-04 13:27:29,030 [b813d9d6-d2da-4871-aa28-8feeebf6a2b1@group-0C5BC8607809-LeaderElection48] INFO  server.RaftServer$Division (ServerState.java:setRaftConf(393)) - b813d9d6-d2da-4871-aa28-8feeebf6a2b1@group-0C5BC8607809: set configuration 0: [b813d9d6-d2da-4871-aa28-8feeebf6a2b1|rpc:10.1.1.108:39827|dataStream:|priority:1], old=null
2022-10-04 13:27:29,612 [EndpointStateMachine task thread for /0.0.0.0:41361 - 0 ] INFO  ipc.Client (Client.java:handleConnectionFailure(977)) - Retrying connect to server: 0.0.0.0/0.0.0.0:41361. Already tried 8 time(s); retry policy is RetryUpToMaximumCountWithFixedSleep(maxRetries=15, sleepTime=1000 MILLISECONDS)
2022-10-04 13:27:29,758 [7a71dd4d-a1c2-4b48-bfe9-22ab957e1741@group-FBAC5A015E32-FollowerState] INFO  impl.FollowerState (FollowerState.java:run(143)) - 7a71dd4d-a1c2-4b48-bfe9-22ab957e1741@group-FBAC5A015E32-FollowerState: change to CANDIDATE, lastRpcElapsedTime:5192145638ns, electionTimeout:5180ms
2022-10-04 13:27:29,758 [7a71dd4d-a1c2-4b48-bfe9-22ab957e1741@group-FBAC5A015E32-FollowerState] INFO  impl.RoleInfo (RoleInfo.java:shutdownFollowerState(110)) - 7a71dd4d-a1c2-4b48-bfe9-22ab957e1741: shutdown 7a71dd4d-a1c2-4b48-bfe9-22ab957e1741@group-FBAC5A015E32-FollowerState
2022-10-04 13:27:29,758 [7a71dd4d-a1c2-4b48-bfe9-22ab957e1741@group-FBAC5A015E32-FollowerState] INFO  server.RaftServer$Division (RaftServerImpl.java:setRole(299)) - 7a71dd4d-a1c2-4b48-bfe9-22ab957e1741@group-FBAC5A015E32: changes role from  FOLLOWER to CANDIDATE at term 0 for changeToCandidate
2022-10-04 13:27:29,758 [7a71dd4d-a1c2-4b48-bfe9-22ab957e1741@group-FBAC5A015E32-FollowerState] INFO  server.RaftServerConfigKeys (ConfUtils.java:logGet(46)) - raft.server.leaderelection.pre-vote = false (custom)
2022-10-04 13:27:29,758 [7a71dd4d-a1c2-4b48-bfe9-22ab957e1741@group-FBAC5A015E32-FollowerState] INFO  impl.RoleInfo (RoleInfo.java:updateAndGet(139)) - 7a71dd4d-a1c2-4b48-bfe9-22ab957e1741: start 7a71dd4d-a1c2-4b48-bfe9-22ab957e1741@group-FBAC5A015E32-LeaderElection49
2022-10-04 13:27:29,774 [7a71dd4d-a1c2-4b48-bfe9-22ab957e1741@group-FBAC5A015E32-LeaderElection49] INFO  impl.LeaderElection (LeaderElection.java:askForVotes(310)) - 7a71dd4d-a1c2-4b48-bfe9-22ab957e1741@group-FBAC5A015E32-LeaderElection49 ELECTION round 0: submit vote requests at term 1 for -1: [7a71dd4d-a1c2-4b48-bfe9-22ab957e1741|rpc:10.1.1.108:40789|priority:1], old=null
2022-10-04 13:27:29,774 [7a71dd4d-a1c2-4b48-bfe9-22ab957e1741@group-FBAC5A015E32-LeaderElection49] INFO  impl.LeaderElection (LeaderElection.java:askForVotes(312)) - 7a71dd4d-a1c2-4b48-bfe9-22ab957e1741@group-FBAC5A015E32-LeaderElection49 ELECTION round 0: result PASSED (term=1)
2022-10-04 13:27:29,774 [7a71dd4d-a1c2-4b48-bfe9-22ab957e1741@group-FBAC5A015E32-LeaderElection49] INFO  impl.RoleInfo (RoleInfo.java:shutdownLeaderElection(130)) - 7a71dd4d-a1c2-4b48-bfe9-22ab957e1741: shutdown 7a71dd4d-a1c2-4b48-bfe9-22ab957e1741@group-FBAC5A015E32-LeaderElection49
2022-10-04 13:27:29,774 [7a71dd4d-a1c2-4b48-bfe9-22ab957e1741@group-FBAC5A015E32-LeaderElection49] INFO  server.RaftServer$Division (RaftServerImpl.java:setRole(299)) - 7a71dd4d-a1c2-4b48-bfe9-22ab957e1741@group-FBAC5A015E32: changes role from CANDIDATE to LEADER at term 1 for changeToLeader
2022-10-04 13:27:29,774 [7a71dd4d-a1c2-4b48-bfe9-22ab957e1741@group-FBAC5A015E32-LeaderElection49] INFO  ratis.XceiverServerRatis (XceiverServerRatis.java:handleLeaderChangedNotification(863)) - Leader change notification received for group: group-FBAC5A015E32 with new leaderId: 7a71dd4d-a1c2-4b48-bfe9-22ab957e1741
2022-10-04 13:27:29,775 [7a71dd4d-a1c2-4b48-bfe9-22ab957e1741@group-FBAC5A015E32-LeaderElection49] INFO  server.RaftServer$Division (ServerState.java:setLeader(287)) - 7a71dd4d-a1c2-4b48-bfe9-22ab957e1741@group-FBAC5A015E32: change Leader from null to 7a71dd4d-a1c2-4b48-bfe9-22ab957e1741 at term 1 for becomeLeader, leader elected after 5221ms
2022-10-04 13:27:29,775 [7a71dd4d-a1c2-4b48-bfe9-22ab957e1741@group-FBAC5A015E32-LeaderElection49] INFO  server.RaftServerConfigKeys (ConfUtils.java:logGet(46)) - raft.server.staging.catchup.gap = 1000 (default)
2022-10-04 13:27:29,775 [7a71dd4d-a1c2-4b48-bfe9-22ab957e1741@group-FBAC5A015E32-LeaderElection49] INFO  server.RaftServerConfigKeys (ConfUtils.java:logGet(46)) - raft.server.write.element-limit = 1024 (custom)
2022-10-04 13:27:29,775 [7a71dd4d-a1c2-4b48-bfe9-22ab957e1741@group-FBAC5A015E32-LeaderElection49] INFO  server.RaftServerConfigKeys (ConfUtils.java:logGet(46)) - raft.server.write.byte-limit = 1024 M (=1073741824) (custom)
2022-10-04 13:27:29,775 [7a71dd4d-a1c2-4b48-bfe9-22ab957e1741@group-FBAC5A015E32-LeaderElection49] INFO  server.RaftServerConfigKeys (ConfUtils.java:logGet(46)) - raft.server.watch.timeout = 180s (custom)
2022-10-04 13:27:29,775 [7a71dd4d-a1c2-4b48-bfe9-22ab957e1741@group-FBAC5A015E32-LeaderElection49] INFO  server.RaftServerConfigKeys (ConfUtils.java:logGet(46)) - raft.server.watch.timeout.denomination = 1s (default)
2022-10-04 13:27:29,775 [7a71dd4d-a1c2-4b48-bfe9-22ab957e1741@group-FBAC5A015E32-LeaderElection49] INFO  server.RaftServerConfigKeys (ConfUtils.java:logGet(46)) - raft.server.watch.element-limit = 65536 (default)
2022-10-04 13:27:29,775 [7a71dd4d-a1c2-4b48-bfe9-22ab957e1741@group-FBAC5A015E32-LeaderElection49] INFO  server.RaftServerConfigKeys (ConfUtils.java:logGet(46)) - raft.server.write.element-limit = 1024 (custom)
2022-10-04 13:27:29,775 [7a71dd4d-a1c2-4b48-bfe9-22ab957e1741@group-FBAC5A015E32-LeaderElection49] INFO  server.RaftServerConfigKeys (ConfUtils.java:logGet(46)) - raft.server.write.follower.gap.ratio.max = -1.0 (default)
2022-10-04 13:27:29,775 [7a71dd4d-a1c2-4b48-bfe9-22ab957e1741@group-FBAC5A015E32-LeaderElection49] INFO  impl.RoleInfo (RoleInfo.java:updateAndGet(139)) - 7a71dd4d-a1c2-4b48-bfe9-22ab957e1741: start 7a71dd4d-a1c2-4b48-bfe9-22ab957e1741@group-FBAC5A015E32-LeaderStateImpl
2022-10-04 13:27:29,776 [7a71dd4d-a1c2-4b48-bfe9-22ab957e1741@group-FBAC5A015E32-LeaderElection49] INFO  segmented.SegmentedRaftLogWorker (SegmentedRaftLogWorker.java:startLogSegment(425)) - 7a71dd4d-a1c2-4b48-bfe9-22ab957e1741@group-FBAC5A015E32-SegmentedRaftLogWorker: Starting segment from index:0
2022-10-04 13:27:29,780 [7a71dd4d-a1c2-4b48-bfe9-22ab957e1741@group-FBAC5A015E32-SegmentedRaftLogWorker] INFO  segmented.SegmentedRaftLogWorker (SegmentedRaftLogWorker.java:execute(629)) - 7a71dd4d-a1c2-4b48-bfe9-22ab957e1741@group-FBAC5A015E32-SegmentedRaftLogWorker: created new log segment /home/runner/work/ozone/ozone/hadoop-ozone/integration-test/target/test-dir/MiniOzoneClusterImpl-cea6a548-c63a-4656-97b3-0431a0c2d519/datanode-2/data/ratis/2fb4ceb8-4653-465b-a217-fbac5a015e32/current/log_inprogress_0
2022-10-04 13:27:29,792 [7a71dd4d-a1c2-4b48-bfe9-22ab957e1741@group-FBAC5A015E32-LeaderElection49] INFO  server.RaftServer$Division (ServerState.java:setRaftConf(393)) - 7a71dd4d-a1c2-4b48-bfe9-22ab957e1741@group-FBAC5A015E32: set configuration 0: [7a71dd4d-a1c2-4b48-bfe9-22ab957e1741|rpc:10.1.1.108:40789|dataStream:|priority:1], old=null
2022-10-04 13:27:30,612 [EndpointStateMachine task thread for /0.0.0.0:41361 - 0 ] INFO  ipc.Client (Client.java:handleConnectionFailure(977)) - Retrying connect to server: 0.0.0.0/0.0.0.0:41361. Already tried 9 time(s); retry policy is RetryUpToMaximumCountWithFixedSleep(maxRetries=15, sleepTime=1000 MILLISECONDS)
2022-10-04 13:27:31,613 [EndpointStateMachine task thread for /0.0.0.0:41361 - 0 ] INFO  ipc.Client (Client.java:handleConnectionFailure(977)) - Retrying connect to server: 0.0.0.0/0.0.0.0:41361. Already tried 10 time(s); retry policy is RetryUpToMaximumCountWithFixedSleep(maxRetries=15, sleepTime=1000 MILLISECONDS)
2022-10-04 13:27:32,614 [EndpointStateMachine task thread for /0.0.0.0:41361 - 0 ] INFO  ipc.Client (Client.java:handleConnectionFailure(977)) - Retrying connect to server: 0.0.0.0/0.0.0.0:41361. Already tried 11 time(s); retry policy is RetryUpToMaximumCountWithFixedSleep(maxRetries=15, sleepTime=1000 MILLISECONDS)
2022-10-04 13:27:33,615 [EndpointStateMachine task thread for /0.0.0.0:41361 - 0 ] INFO  ipc.Client (Client.java:handleConnectionFailure(977)) - Retrying connect to server: 0.0.0.0/0.0.0.0:41361. Already tried 12 time(s); retry policy is RetryUpToMaximumCountWithFixedSleep(maxRetries=15, sleepTime=1000 MILLISECONDS)
2022-10-04 13:27:33,702 [7a71dd4d-a1c2-4b48-bfe9-22ab957e1741@group-00C9FE82DA7B-FollowerState] INFO  impl.FollowerState (FollowerState.java:run(143)) - 7a71dd4d-a1c2-4b48-bfe9-22ab957e1741@group-00C9FE82DA7B-FollowerState: change to CANDIDATE, lastRpcElapsedTime:5137856441ns, electionTimeout:5137ms
2022-10-04 13:27:33,702 [7a71dd4d-a1c2-4b48-bfe9-22ab957e1741@group-00C9FE82DA7B-FollowerState] INFO  impl.RoleInfo (RoleInfo.java:shutdownFollowerState(110)) - 7a71dd4d-a1c2-4b48-bfe9-22ab957e1741: shutdown 7a71dd4d-a1c2-4b48-bfe9-22ab957e1741@group-00C9FE82DA7B-FollowerState
2022-10-04 13:27:33,702 [7a71dd4d-a1c2-4b48-bfe9-22ab957e1741@group-00C9FE82DA7B-FollowerState] INFO  server.RaftServer$Division (RaftServerImpl.java:setRole(299)) - 7a71dd4d-a1c2-4b48-bfe9-22ab957e1741@group-00C9FE82DA7B: changes role from  FOLLOWER to CANDIDATE at term 1 for changeToCandidate
2022-10-04 13:27:33,702 [7a71dd4d-a1c2-4b48-bfe9-22ab957e1741@group-00C9FE82DA7B-FollowerState] INFO  server.RaftServerConfigKeys (ConfUtils.java:logGet(46)) - raft.server.leaderelection.pre-vote = false (custom)
2022-10-04 13:27:33,702 [7a71dd4d-a1c2-4b48-bfe9-22ab957e1741@group-00C9FE82DA7B-FollowerState] INFO  impl.RoleInfo (RoleInfo.java:updateAndGet(139)) - 7a71dd4d-a1c2-4b48-bfe9-22ab957e1741: start 7a71dd4d-a1c2-4b48-bfe9-22ab957e1741@group-00C9FE82DA7B-LeaderElection50
2022-10-04 13:27:33,711 [7a71dd4d-a1c2-4b48-bfe9-22ab957e1741@group-00C9FE82DA7B-LeaderElection50] INFO  impl.LeaderElection (LeaderElection.java:askForVotes(310)) - 7a71dd4d-a1c2-4b48-bfe9-22ab957e1741@group-00C9FE82DA7B-LeaderElection50 ELECTION round 0: submit vote requests at term 2 for -1: [7a71dd4d-a1c2-4b48-bfe9-22ab957e1741|rpc:10.1.1.108:40789|dataStream:|priority:1, 051540aa-1c92-47a1-9435-f58d1c5cf642|rpc:10.1.1.108:45631|dataStream:|priority:0, b813d9d6-d2da-4871-aa28-8feeebf6a2b1|rpc:10.1.1.108:39827|dataStream:|priority:0], old=null
2022-10-04 13:27:33,727 [grpc-default-executor-4] INFO  server.RaftServer$Division (RaftServerImpl.java:requestVote(1152)) - 051540aa-1c92-47a1-9435-f58d1c5cf642@group-00C9FE82DA7B: receive requestVote(ELECTION, 7a71dd4d-a1c2-4b48-bfe9-22ab957e1741, group-00C9FE82DA7B, 2, (t:0, i:0))
2022-10-04 13:27:33,727 [grpc-default-executor-4] INFO  impl.VoteContext (VoteContext.java:log(48)) - 051540aa-1c92-47a1-9435-f58d1c5cf642@group-00C9FE82DA7B-FOLLOWER: accept ELECTION from 7a71dd4d-a1c2-4b48-bfe9-22ab957e1741: our priority 0 <= candidate's priority 1
2022-10-04 13:27:33,727 [grpc-default-executor-4] INFO  server.RaftServer$Division (RaftServerImpl.java:setRole(299)) - 051540aa-1c92-47a1-9435-f58d1c5cf642@group-00C9FE82DA7B: changes role from  FOLLOWER to FOLLOWER at term 2 for candidate:7a71dd4d-a1c2-4b48-bfe9-22ab957e1741
2022-10-04 13:27:33,727 [grpc-default-executor-4] INFO  impl.RoleInfo (RoleInfo.java:shutdownFollowerState(110)) - 051540aa-1c92-47a1-9435-f58d1c5cf642: shutdown 051540aa-1c92-47a1-9435-f58d1c5cf642@group-00C9FE82DA7B-FollowerState
2022-10-04 13:27:33,727 [grpc-default-executor-4] INFO  impl.RoleInfo (RoleInfo.java:updateAndGet(139)) - 051540aa-1c92-47a1-9435-f58d1c5cf642: start 051540aa-1c92-47a1-9435-f58d1c5cf642@group-00C9FE82DA7B-FollowerState
2022-10-04 13:27:33,727 [051540aa-1c92-47a1-9435-f58d1c5cf642@group-00C9FE82DA7B-FollowerState] INFO  impl.FollowerState (FollowerState.java:run(152)) - 051540aa-1c92-47a1-9435-f58d1c5cf642@group-00C9FE82DA7B-FollowerState was interrupted
2022-10-04 13:27:33,729 [grpc-default-executor-4] INFO  server.RaftServer$Division (RaftServerImpl.java:requestVote(1184)) - 051540aa-1c92-47a1-9435-f58d1c5cf642@group-00C9FE82DA7B replies to ELECTION vote request: 7a71dd4d-a1c2-4b48-bfe9-22ab957e1741<-051540aa-1c92-47a1-9435-f58d1c5cf642#0:OK-t2. Peer's state: 051540aa-1c92-47a1-9435-f58d1c5cf642@group-00C9FE82DA7B:t2, leader=null, voted=7a71dd4d-a1c2-4b48-bfe9-22ab957e1741, raftlog=051540aa-1c92-47a1-9435-f58d1c5cf642@group-00C9FE82DA7B-SegmentedRaftLog:OPENED:c-1, conf=-1: [7a71dd4d-a1c2-4b48-bfe9-22ab957e1741|rpc:10.1.1.108:40789|priority:1, 051540aa-1c92-47a1-9435-f58d1c5cf642|rpc:10.1.1.108:45631|priority:0, b813d9d6-d2da-4871-aa28-8feeebf6a2b1|rpc:10.1.1.108:39827|priority:0], old=null
2022-10-04 13:27:33,732 [7a71dd4d-a1c2-4b48-bfe9-22ab957e1741@group-00C9FE82DA7B-LeaderElection50] INFO  impl.LeaderElection (LeaderElection.java:logAndReturn(90)) - 7a71dd4d-a1c2-4b48-bfe9-22ab957e1741@group-00C9FE82DA7B-LeaderElection50: ELECTION PASSED received 1 response(s) and 0 exception(s):
2022-10-04 13:27:33,732 [7a71dd4d-a1c2-4b48-bfe9-22ab957e1741@group-00C9FE82DA7B-LeaderElection50] INFO  impl.LeaderElection (LeaderElection.java:logAndReturn(94)) -   Response 0: 7a71dd4d-a1c2-4b48-bfe9-22ab957e1741<-051540aa-1c92-47a1-9435-f58d1c5cf642#0:OK-t2
2022-10-04 13:27:33,732 [7a71dd4d-a1c2-4b48-bfe9-22ab957e1741@group-00C9FE82DA7B-LeaderElection50] INFO  impl.LeaderElection (LeaderElection.java:askForVotes(312)) - 7a71dd4d-a1c2-4b48-bfe9-22ab957e1741@group-00C9FE82DA7B-LeaderElection50 ELECTION round 0: result PASSED
2022-10-04 13:27:33,733 [7a71dd4d-a1c2-4b48-bfe9-22ab957e1741@group-00C9FE82DA7B-LeaderElection50] INFO  impl.RoleInfo (RoleInfo.java:shutdownLeaderElection(130)) - 7a71dd4d-a1c2-4b48-bfe9-22ab957e1741: shutdown 7a71dd4d-a1c2-4b48-bfe9-22ab957e1741@group-00C9FE82DA7B-LeaderElection50
2022-10-04 13:27:33,733 [7a71dd4d-a1c2-4b48-bfe9-22ab957e1741@group-00C9FE82DA7B-LeaderElection50] INFO  server.RaftServer$Division (RaftServerImpl.java:setRole(299)) - 7a71dd4d-a1c2-4b48-bfe9-22ab957e1741@group-00C9FE82DA7B: changes role from CANDIDATE to LEADER at term 2 for changeToLeader
2022-10-04 13:27:33,733 [7a71dd4d-a1c2-4b48-bfe9-22ab957e1741@group-00C9FE82DA7B-LeaderElection50] INFO  ratis.XceiverServerRatis (XceiverServerRatis.java:handleLeaderChangedNotification(863)) - Leader change notification received for group: group-00C9FE82DA7B with new leaderId: 7a71dd4d-a1c2-4b48-bfe9-22ab957e1741
2022-10-04 13:27:33,733 [7a71dd4d-a1c2-4b48-bfe9-22ab957e1741@group-00C9FE82DA7B-LeaderElection50] INFO  server.RaftServer$Division (ServerState.java:setLeader(287)) - 7a71dd4d-a1c2-4b48-bfe9-22ab957e1741@group-00C9FE82DA7B: change Leader from null to 7a71dd4d-a1c2-4b48-bfe9-22ab957e1741 at term 2 for becomeLeader, leader elected after 10269ms
2022-10-04 13:27:33,735 [EventQueue-PipelineReportForPipelineReportHandler] INFO  pipeline.PipelineManagerImpl (PipelineManagerImpl.java:openPipeline(367)) - Pipeline Pipeline[ Id: 746c321d-c009-48f2-a172-00c9fe82da7b, Nodes: b813d9d6-d2da-4871-aa28-8feeebf6a2b1{ip: 10.1.1.108, host: fv-az573-645.uspngagyt4suddso0aj1djjezg.dx.internal.cloudapp.net, ports: [REPLICATION=38093, RATIS=39827, RATIS_ADMIN=39827, RATIS_SERVER=39827, STANDALONE=42549], networkLocation: /default-rack, certSerialId: null, persistedOpState: IN_SERVICE, persistedOpStateExpiryEpochSec: 0}7a71dd4d-a1c2-4b48-bfe9-22ab957e1741{ip: 10.1.1.108, host: fv-az573-645.uspngagyt4suddso0aj1djjezg.dx.internal.cloudapp.net, ports: [REPLICATION=35433, RATIS=40789, RATIS_ADMIN=40789, RATIS_SERVER=40789, STANDALONE=33405], networkLocation: /default-rack, certSerialId: null, persistedOpState: IN_SERVICE, persistedOpStateExpiryEpochSec: 0}051540aa-1c92-47a1-9435-f58d1c5cf642{ip: 10.1.1.108, host: fv-az573-645.uspngagyt4suddso0aj1djjezg.dx.internal.cloudapp.net, ports: [REPLICATION=35989, RATIS=45631, RATIS_ADMIN=45631, RATIS_SERVER=45631, STANDALONE=36329], networkLocation: /default-rack, certSerialId: null, persistedOpState: IN_SERVICE, persistedOpStateExpiryEpochSec: 0}, ReplicationConfig: RATIS/THREE, State:ALLOCATED, leaderId:7a71dd4d-a1c2-4b48-bfe9-22ab957e1741, CreationTimestamp2022-10-04T13:27:21.559Z[Etc/UTC]] moved to OPEN state
2022-10-04 13:27:33,735 [7a71dd4d-a1c2-4b48-bfe9-22ab957e1741@group-00C9FE82DA7B-LeaderElection50] INFO  server.RaftServerConfigKeys (ConfUtils.java:logGet(46)) - raft.server.staging.catchup.gap = 1000 (default)
2022-10-04 13:27:33,736 [7a71dd4d-a1c2-4b48-bfe9-22ab957e1741@group-00C9FE82DA7B-LeaderElection50] INFO  server.RaftServerConfigKeys (ConfUtils.java:logGet(46)) - raft.server.write.element-limit = 1024 (custom)
2022-10-04 13:27:33,736 [7a71dd4d-a1c2-4b48-bfe9-22ab957e1741@group-00C9FE82DA7B-LeaderElection50] INFO  server.RaftServerConfigKeys (ConfUtils.java:logGet(46)) - raft.server.write.byte-limit = 1024 M (=1073741824) (custom)
2022-10-04 13:27:33,736 [7a71dd4d-a1c2-4b48-bfe9-22ab957e1741@group-00C9FE82DA7B-LeaderElection50] INFO  server.RaftServerConfigKeys (ConfUtils.java:logGet(46)) - raft.server.watch.timeout = 180s (custom)
2022-10-04 13:27:33,736 [7a71dd4d-a1c2-4b48-bfe9-22ab957e1741@group-00C9FE82DA7B-LeaderElection50] INFO  server.RaftServerConfigKeys (ConfUtils.java:logGet(46)) - raft.server.watch.timeout.denomination = 1s (default)
2022-10-04 13:27:33,736 [7a71dd4d-a1c2-4b48-bfe9-22ab957e1741@group-00C9FE82DA7B-LeaderElection50] INFO  server.RaftServerConfigKeys (ConfUtils.java:logGet(46)) - raft.server.watch.element-limit = 65536 (default)
2022-10-04 13:27:33,736 [7a71dd4d-a1c2-4b48-bfe9-22ab957e1741@group-00C9FE82DA7B-LeaderElection50] INFO  server.RaftServerConfigKeys (ConfUtils.java:logGet(46)) - raft.server.write.element-limit = 1024 (custom)
2022-10-04 13:27:33,736 [7a71dd4d-a1c2-4b48-bfe9-22ab957e1741@group-00C9FE82DA7B-LeaderElection50] INFO  server.RaftServerConfigKeys (ConfUtils.java:logGet(46)) - raft.server.write.follower.gap.ratio.max = -1.0 (default)
2022-10-04 13:27:33,737 [7a71dd4d-a1c2-4b48-bfe9-22ab957e1741@group-00C9FE82DA7B-LeaderElection50] INFO  server.RaftServerConfigKeys (ConfUtils.java:logGet(46)) - raft.server.log.appender.snapshot.chunk.size.max = 16MB (=16777216) (default)
2022-10-04 13:27:33,737 [7a71dd4d-a1c2-4b48-bfe9-22ab957e1741@group-00C9FE82DA7B-LeaderElection50] INFO  server.RaftServerConfigKeys (ConfUtils.java:logGet(46)) - raft.server.log.appender.buffer.byte-limit = 33554432 (custom)
2022-10-04 13:27:33,737 [7a71dd4d-a1c2-4b48-bfe9-22ab957e1741@group-00C9FE82DA7B-LeaderElection50] INFO  server.RaftServerConfigKeys (ConfUtils.java:logGet(46)) - raft.server.log.appender.buffer.element-limit = 1 (custom)
2022-10-04 13:27:33,738 [7a71dd4d-a1c2-4b48-bfe9-22ab957e1741@group-00C9FE82DA7B-LeaderElection50] INFO  grpc.GrpcConfigKeys (ConfUtils.java:logGet(46)) - raft.grpc.server.leader.outstanding.appends.max = 128 (default)
2022-10-04 13:27:33,738 [7a71dd4d-a1c2-4b48-bfe9-22ab957e1741@group-00C9FE82DA7B-LeaderElection50] INFO  server.RaftServerConfigKeys (ConfUtils.java:logGet(46)) - raft.server.rpc.request.timeout = 60s (custom)
2022-10-04 13:27:33,738 [7a71dd4d-a1c2-4b48-bfe9-22ab957e1741@group-00C9FE82DA7B-LeaderElection50] INFO  server.RaftServerConfigKeys (ConfUtils.java:logGet(46)) - raft.server.log.appender.install.snapshot.enabled = false (custom)
2022-10-04 13:27:33,742 [7a71dd4d-a1c2-4b48-bfe9-22ab957e1741@group-00C9FE82DA7B-LeaderElection50] INFO  server.RaftServerConfigKeys (ConfUtils.java:logGet(46)) - raft.server.log.appender.snapshot.chunk.size.max = 16MB (=16777216) (default)
2022-10-04 13:27:33,743 [7a71dd4d-a1c2-4b48-bfe9-22ab957e1741@group-00C9FE82DA7B-LeaderElection50] INFO  server.RaftServerConfigKeys (ConfUtils.java:logGet(46)) - raft.server.log.appender.buffer.byte-limit = 33554432 (custom)
2022-10-04 13:27:33,743 [7a71dd4d-a1c2-4b48-bfe9-22ab957e1741@group-00C9FE82DA7B-LeaderElection50] INFO  server.RaftServerConfigKeys (ConfUtils.java:logGet(46)) - raft.server.log.appender.buffer.element-limit = 1 (custom)
2022-10-04 13:27:33,743 [7a71dd4d-a1c2-4b48-bfe9-22ab957e1741@group-00C9FE82DA7B-LeaderElection50] INFO  grpc.GrpcConfigKeys (ConfUtils.java:logGet(46)) - raft.grpc.server.leader.outstanding.appends.max = 128 (default)
2022-10-04 13:27:33,743 [7a71dd4d-a1c2-4b48-bfe9-22ab957e1741@group-00C9FE82DA7B-LeaderElection50] INFO  server.RaftServerConfigKeys (ConfUtils.java:logGet(46)) - raft.server.rpc.request.timeout = 60s (custom)
2022-10-04 13:27:33,743 [7a71dd4d-a1c2-4b48-bfe9-22ab957e1741@group-00C9FE82DA7B-LeaderElection50] INFO  server.RaftServerConfigKeys (ConfUtils.java:logGet(46)) - raft.server.log.appender.install.snapshot.enabled = false (custom)
2022-10-04 13:27:33,744 [7a71dd4d-a1c2-4b48-bfe9-22ab957e1741@group-00C9FE82DA7B-LeaderElection50] INFO  impl.RoleInfo (RoleInfo.java:updateAndGet(139)) - 7a71dd4d-a1c2-4b48-bfe9-22ab957e1741: start 7a71dd4d-a1c2-4b48-bfe9-22ab957e1741@group-00C9FE82DA7B-LeaderStateImpl
2022-10-04 13:27:33,744 [7a71dd4d-a1c2-4b48-bfe9-22ab957e1741@group-00C9FE82DA7B-LeaderElection50] INFO  segmented.SegmentedRaftLogWorker (SegmentedRaftLogWorker.java:startLogSegment(425)) - 7a71dd4d-a1c2-4b48-bfe9-22ab957e1741@group-00C9FE82DA7B-SegmentedRaftLogWorker: Starting segment from index:0
2022-10-04 13:27:33,752 [7a71dd4d-a1c2-4b48-bfe9-22ab957e1741@group-00C9FE82DA7B-SegmentedRaftLogWorker] INFO  segmented.SegmentedRaftLogWorker (SegmentedRaftLogWorker.java:execute(629)) - 7a71dd4d-a1c2-4b48-bfe9-22ab957e1741@group-00C9FE82DA7B-SegmentedRaftLogWorker: created new log segment /home/runner/work/ozone/ozone/hadoop-ozone/integration-test/target/test-dir/MiniOzoneClusterImpl-cea6a548-c63a-4656-97b3-0431a0c2d519/datanode-2/data/ratis/746c321d-c009-48f2-a172-00c9fe82da7b/current/log_inprogress_0
2022-10-04 13:27:33,757 [b813d9d6-d2da-4871-aa28-8feeebf6a2b1@group-00C9FE82DA7B-FollowerState] INFO  impl.FollowerState (FollowerState.java:run(143)) - b813d9d6-d2da-4871-aa28-8feeebf6a2b1@group-00C9FE82DA7B-FollowerState: change to CANDIDATE, lastRpcElapsedTime:5164701165ns, electionTimeout:5144ms
2022-10-04 13:27:33,757 [b813d9d6-d2da-4871-aa28-8feeebf6a2b1@group-00C9FE82DA7B-FollowerState] INFO  impl.RoleInfo (RoleInfo.java:shutdownFollowerState(110)) - b813d9d6-d2da-4871-aa28-8feeebf6a2b1: shutdown b813d9d6-d2da-4871-aa28-8feeebf6a2b1@group-00C9FE82DA7B-FollowerState
2022-10-04 13:27:33,757 [b813d9d6-d2da-4871-aa28-8feeebf6a2b1@group-00C9FE82DA7B-FollowerState] INFO  server.RaftServer$Division (RaftServerImpl.java:setRole(299)) - b813d9d6-d2da-4871-aa28-8feeebf6a2b1@group-00C9FE82DA7B: changes role from  FOLLOWER to CANDIDATE at term 1 for changeToCandidate
2022-10-04 13:27:33,782 [b813d9d6-d2da-4871-aa28-8feeebf6a2b1@group-00C9FE82DA7B-FollowerState] INFO  server.RaftServerConfigKeys (ConfUtils.java:logGet(46)) - raft.server.leaderelection.pre-vote = false (custom)
2022-10-04 13:27:33,782 [b813d9d6-d2da-4871-aa28-8feeebf6a2b1@group-00C9FE82DA7B-FollowerState] INFO  impl.RoleInfo (RoleInfo.java:updateAndGet(139)) - b813d9d6-d2da-4871-aa28-8feeebf6a2b1: start b813d9d6-d2da-4871-aa28-8feeebf6a2b1@group-00C9FE82DA7B-LeaderElection51
2022-10-04 13:27:33,782 [051540aa-1c92-47a1-9435-f58d1c5cf642-server-thread1] INFO  ratis.XceiverServerRatis (XceiverServerRatis.java:handleLeaderChangedNotification(863)) - Leader change notification received for group: group-00C9FE82DA7B with new leaderId: 7a71dd4d-a1c2-4b48-bfe9-22ab957e1741
2022-10-04 13:27:33,782 [051540aa-1c92-47a1-9435-f58d1c5cf642-server-thread1] INFO  server.RaftServer$Division (ServerState.java:setLeader(287)) - 051540aa-1c92-47a1-9435-f58d1c5cf642@group-00C9FE82DA7B: change Leader from null to 7a71dd4d-a1c2-4b48-bfe9-22ab957e1741 at term 2 for appendEntries, leader elected after 10415ms
2022-10-04 13:27:33,794 [grpc-default-executor-5] INFO  server.RaftServer$Division (RaftServerImpl.java:requestVote(1152)) - b813d9d6-d2da-4871-aa28-8feeebf6a2b1@group-00C9FE82DA7B: receive requestVote(ELECTION, 7a71dd4d-a1c2-4b48-bfe9-22ab957e1741, group-00C9FE82DA7B, 2, (t:0, i:0))
2022-10-04 13:27:33,795 [b813d9d6-d2da-4871-aa28-8feeebf6a2b1@group-00C9FE82DA7B-LeaderElection51] INFO  impl.LeaderElection (LeaderElection.java:askForVotes(310)) - b813d9d6-d2da-4871-aa28-8feeebf6a2b1@group-00C9FE82DA7B-LeaderElection51 ELECTION round 0: submit vote requests at term 2 for -1: [7a71dd4d-a1c2-4b48-bfe9-22ab957e1741|rpc:10.1.1.108:40789|dataStream:|priority:1, 051540aa-1c92-47a1-9435-f58d1c5cf642|rpc:10.1.1.108:45631|dataStream:|priority:0, b813d9d6-d2da-4871-aa28-8feeebf6a2b1|rpc:10.1.1.108:39827|dataStream:|priority:0], old=null
2022-10-04 13:27:33,796 [grpc-default-executor-5] INFO  impl.VoteContext (VoteContext.java:log(48)) - b813d9d6-d2da-4871-aa28-8feeebf6a2b1@group-00C9FE82DA7B-CANDIDATE: reject ELECTION from 7a71dd4d-a1c2-4b48-bfe9-22ab957e1741: already has voted for b813d9d6-d2da-4871-aa28-8feeebf6a2b1 at current term 2
2022-10-04 13:27:33,796 [grpc-default-executor-5] INFO  server.RaftServer$Division (RaftServerImpl.java:requestVote(1184)) - b813d9d6-d2da-4871-aa28-8feeebf6a2b1@group-00C9FE82DA7B replies to ELECTION vote request: 7a71dd4d-a1c2-4b48-bfe9-22ab957e1741<-b813d9d6-d2da-4871-aa28-8feeebf6a2b1#0:FAIL-t2. Peer's state: b813d9d6-d2da-4871-aa28-8feeebf6a2b1@group-00C9FE82DA7B:t2, leader=null, voted=b813d9d6-d2da-4871-aa28-8feeebf6a2b1, raftlog=b813d9d6-d2da-4871-aa28-8feeebf6a2b1@group-00C9FE82DA7B-SegmentedRaftLog:OPENED:c-1, conf=-1: [7a71dd4d-a1c2-4b48-bfe9-22ab957e1741|rpc:10.1.1.108:40789|dataStream:|priority:1, 051540aa-1c92-47a1-9435-f58d1c5cf642|rpc:10.1.1.108:45631|dataStream:|priority:0, b813d9d6-d2da-4871-aa28-8feeebf6a2b1|rpc:10.1.1.108:39827|dataStream:|priority:0], old=null
2022-10-04 13:27:33,797 [b813d9d6-d2da-4871-aa28-8feeebf6a2b1-server-thread1] INFO  server.RaftServer$Division (RaftServerImpl.java:setRole(299)) - b813d9d6-d2da-4871-aa28-8feeebf6a2b1@group-00C9FE82DA7B: changes role from CANDIDATE to FOLLOWER at term 2 for appendEntries
2022-10-04 13:27:33,797 [b813d9d6-d2da-4871-aa28-8feeebf6a2b1-server-thread1] INFO  impl.RoleInfo (RoleInfo.java:shutdownLeaderElection(130)) - b813d9d6-d2da-4871-aa28-8feeebf6a2b1: shutdown b813d9d6-d2da-4871-aa28-8feeebf6a2b1@group-00C9FE82DA7B-LeaderElection51
2022-10-04 13:27:33,797 [b813d9d6-d2da-4871-aa28-8feeebf6a2b1-server-thread1] INFO  impl.RoleInfo (RoleInfo.java:updateAndGet(139)) - b813d9d6-d2da-4871-aa28-8feeebf6a2b1: start b813d9d6-d2da-4871-aa28-8feeebf6a2b1@group-00C9FE82DA7B-FollowerState
2022-10-04 13:27:33,799 [7a71dd4d-a1c2-4b48-bfe9-22ab957e1741@group-00C9FE82DA7B-LeaderElection50] INFO  server.RaftServer$Division (ServerState.java:setRaftConf(393)) - 7a71dd4d-a1c2-4b48-bfe9-22ab957e1741@group-00C9FE82DA7B: set configuration 0: [7a71dd4d-a1c2-4b48-bfe9-22ab957e1741|rpc:10.1.1.108:40789|dataStream:|priority:1, 051540aa-1c92-47a1-9435-f58d1c5cf642|rpc:10.1.1.108:45631|dataStream:|priority:0, b813d9d6-d2da-4871-aa28-8feeebf6a2b1|rpc:10.1.1.108:39827|dataStream:|priority:0], old=null
2022-10-04 13:27:33,805 [b813d9d6-d2da-4871-aa28-8feeebf6a2b1-server-thread1] INFO  ratis.XceiverServerRatis (XceiverServerRatis.java:handleLeaderChangedNotification(863)) - Leader change notification received for group: group-00C9FE82DA7B with new leaderId: 7a71dd4d-a1c2-4b48-bfe9-22ab957e1741
2022-10-04 13:27:33,805 [b813d9d6-d2da-4871-aa28-8feeebf6a2b1-server-thread1] INFO  server.RaftServer$Division (ServerState.java:setLeader(287)) - b813d9d6-d2da-4871-aa28-8feeebf6a2b1@group-00C9FE82DA7B: change Leader from null to 7a71dd4d-a1c2-4b48-bfe9-22ab957e1741 at term 2 for appendEntries, leader elected after 10397ms
2022-10-04 13:27:33,808 [grpc-default-executor-5] INFO  server.RaftServer$Division (RaftServerImpl.java:requestVote(1152)) - 7a71dd4d-a1c2-4b48-bfe9-22ab957e1741@group-00C9FE82DA7B: receive requestVote(ELECTION, b813d9d6-d2da-4871-aa28-8feeebf6a2b1, group-00C9FE82DA7B, 2, (t:0, i:0))
2022-10-04 13:27:33,808 [grpc-default-executor-5] INFO  impl.VoteContext (VoteContext.java:log(48)) - 7a71dd4d-a1c2-4b48-bfe9-22ab957e1741@group-00C9FE82DA7B-LEADER: reject ELECTION from b813d9d6-d2da-4871-aa28-8feeebf6a2b1: already has voted for 7a71dd4d-a1c2-4b48-bfe9-22ab957e1741 at current term 2
2022-10-04 13:27:33,809 [grpc-default-executor-5] INFO  server.RaftServer$Division (RaftServerImpl.java:requestVote(1184)) - 7a71dd4d-a1c2-4b48-bfe9-22ab957e1741@group-00C9FE82DA7B replies to ELECTION vote request: b813d9d6-d2da-4871-aa28-8feeebf6a2b1<-7a71dd4d-a1c2-4b48-bfe9-22ab957e1741#0:FAIL-t2. Peer's state: 7a71dd4d-a1c2-4b48-bfe9-22ab957e1741@group-00C9FE82DA7B:t2, leader=7a71dd4d-a1c2-4b48-bfe9-22ab957e1741, voted=7a71dd4d-a1c2-4b48-bfe9-22ab957e1741, raftlog=7a71dd4d-a1c2-4b48-bfe9-22ab957e1741@group-00C9FE82DA7B-SegmentedRaftLog:OPENED:c0, conf=0: [7a71dd4d-a1c2-4b48-bfe9-22ab957e1741|rpc:10.1.1.108:40789|dataStream:|priority:1, 051540aa-1c92-47a1-9435-f58d1c5cf642|rpc:10.1.1.108:45631|dataStream:|priority:0, b813d9d6-d2da-4871-aa28-8feeebf6a2b1|rpc:10.1.1.108:39827|dataStream:|priority:0], old=null
2022-10-04 13:27:33,809 [b813d9d6-d2da-4871-aa28-8feeebf6a2b1@group-00C9FE82DA7B-LeaderElection51] INFO  impl.LeaderElection (LeaderElection.java:logAndReturn(90)) - b813d9d6-d2da-4871-aa28-8feeebf6a2b1@group-00C9FE82DA7B-LeaderElection51: ELECTION REJECTED received 0 response(s) and 0 exception(s):
2022-10-04 13:27:33,809 [b813d9d6-d2da-4871-aa28-8feeebf6a2b1@group-00C9FE82DA7B-LeaderElection51] INFO  impl.LeaderElection (LeaderElection.java:askForVotes(312)) - b813d9d6-d2da-4871-aa28-8feeebf6a2b1@group-00C9FE82DA7B-LeaderElection51 ELECTION round 0: result REJECTED
2022-10-04 13:27:33,811 [grpc-default-executor-5] INFO  server.RaftServer$Division (RaftServerImpl.java:requestVote(1152)) - 051540aa-1c92-47a1-9435-f58d1c5cf642@group-00C9FE82DA7B: receive requestVote(ELECTION, b813d9d6-d2da-4871-aa28-8feeebf6a2b1, group-00C9FE82DA7B, 2, (t:0, i:0))
2022-10-04 13:27:33,812 [grpc-default-executor-5] INFO  impl.VoteContext (VoteContext.java:log(48)) - 051540aa-1c92-47a1-9435-f58d1c5cf642@group-00C9FE82DA7B-FOLLOWER: reject ELECTION from b813d9d6-d2da-4871-aa28-8feeebf6a2b1: already has voted for 7a71dd4d-a1c2-4b48-bfe9-22ab957e1741 at current term 2
2022-10-04 13:27:33,812 [grpc-default-executor-5] INFO  server.RaftServer$Division (RaftServerImpl.java:requestVote(1184)) - 051540aa-1c92-47a1-9435-f58d1c5cf642@group-00C9FE82DA7B replies to ELECTION vote request: b813d9d6-d2da-4871-aa28-8feeebf6a2b1<-051540aa-1c92-47a1-9435-f58d1c5cf642#0:FAIL-t2. Peer's state: 051540aa-1c92-47a1-9435-f58d1c5cf642@group-00C9FE82DA7B:t2, leader=7a71dd4d-a1c2-4b48-bfe9-22ab957e1741, voted=7a71dd4d-a1c2-4b48-bfe9-22ab957e1741, raftlog=051540aa-1c92-47a1-9435-f58d1c5cf642@group-00C9FE82DA7B-SegmentedRaftLog:OPENED:c-1, conf=-1: [7a71dd4d-a1c2-4b48-bfe9-22ab957e1741|rpc:10.1.1.108:40789|priority:1, 051540aa-1c92-47a1-9435-f58d1c5cf642|rpc:10.1.1.108:45631|priority:0, b813d9d6-d2da-4871-aa28-8feeebf6a2b1|rpc:10.1.1.108:39827|priority:0], old=null
2022-10-04 13:27:33,833 [b813d9d6-d2da-4871-aa28-8feeebf6a2b1-server-thread1] INFO  server.RaftServer$Division (ServerState.java:setRaftConf(393)) - b813d9d6-d2da-4871-aa28-8feeebf6a2b1@group-00C9FE82DA7B: set configuration 0: [7a71dd4d-a1c2-4b48-bfe9-22ab957e1741|rpc:10.1.1.108:40789|dataStream:|priority:1, 051540aa-1c92-47a1-9435-f58d1c5cf642|rpc:10.1.1.108:45631|dataStream:|priority:0, b813d9d6-d2da-4871-aa28-8feeebf6a2b1|rpc:10.1.1.108:39827|dataStream:|priority:0], old=null
2022-10-04 13:27:33,833 [b813d9d6-d2da-4871-aa28-8feeebf6a2b1-server-thread1] INFO  segmented.SegmentedRaftLogWorker (SegmentedRaftLogWorker.java:startLogSegment(425)) - b813d9d6-d2da-4871-aa28-8feeebf6a2b1@group-00C9FE82DA7B-SegmentedRaftLogWorker: Starting segment from index:0
2022-10-04 13:27:33,835 [b813d9d6-d2da-4871-aa28-8feeebf6a2b1@group-00C9FE82DA7B-SegmentedRaftLogWorker] INFO  segmented.SegmentedRaftLogWorker (SegmentedRaftLogWorker.java:execute(629)) - b813d9d6-d2da-4871-aa28-8feeebf6a2b1@group-00C9FE82DA7B-SegmentedRaftLogWorker: created new log segment /home/runner/work/ozone/ozone/hadoop-ozone/integration-test/target/test-dir/MiniOzoneClusterImpl-cea6a548-c63a-4656-97b3-0431a0c2d519/datanode-1/data/ratis/746c321d-c009-48f2-a172-00c9fe82da7b/current/log_inprogress_0
2022-10-04 13:27:33,858 [051540aa-1c92-47a1-9435-f58d1c5cf642-server-thread1] INFO  server.RaftServer$Division (ServerState.java:setRaftConf(393)) - 051540aa-1c92-47a1-9435-f58d1c5cf642@group-00C9FE82DA7B: set configuration 0: [7a71dd4d-a1c2-4b48-bfe9-22ab957e1741|rpc:10.1.1.108:40789|dataStream:|priority:1, 051540aa-1c92-47a1-9435-f58d1c5cf642|rpc:10.1.1.108:45631|dataStream:|priority:0, b813d9d6-d2da-4871-aa28-8feeebf6a2b1|rpc:10.1.1.108:39827|dataStream:|priority:0], old=null
2022-10-04 13:27:33,858 [051540aa-1c92-47a1-9435-f58d1c5cf642-server-thread1] INFO  segmented.SegmentedRaftLogWorker (SegmentedRaftLogWorker.java:startLogSegment(425)) - 051540aa-1c92-47a1-9435-f58d1c5cf642@group-00C9FE82DA7B-SegmentedRaftLogWorker: Starting segment from index:0
2022-10-04 13:27:33,860 [051540aa-1c92-47a1-9435-f58d1c5cf642@group-00C9FE82DA7B-SegmentedRaftLogWorker] INFO  segmented.SegmentedRaftLogWorker (SegmentedRaftLogWorker.java:execute(629)) - 051540aa-1c92-47a1-9435-f58d1c5cf642@group-00C9FE82DA7B-SegmentedRaftLogWorker: created new log segment /home/runner/work/ozone/ozone/hadoop-ozone/integration-test/target/test-dir/MiniOzoneClusterImpl-cea6a548-c63a-4656-97b3-0431a0c2d519/datanode-0/data/ratis/746c321d-c009-48f2-a172-00c9fe82da7b/current/log_inprogress_0
2022-10-04 13:27:34,615 [EndpointStateMachine task thread for /0.0.0.0:41361 - 0 ] INFO  ipc.Client (Client.java:handleConnectionFailure(977)) - Retrying connect to server: 0.0.0.0/0.0.0.0:41361. Already tried 13 time(s); retry policy is RetryUpToMaximumCountWithFixedSleep(maxRetries=15, sleepTime=1000 MILLISECONDS)
2022-10-04 13:27:35,616 [EndpointStateMachine task thread for /0.0.0.0:41361 - 0 ] INFO  ipc.Client (Client.java:handleConnectionFailure(977)) - Retrying connect to server: 0.0.0.0/0.0.0.0:41361. Already tried 14 time(s); retry policy is RetryUpToMaximumCountWithFixedSleep(maxRetries=15, sleepTime=1000 MILLISECONDS)
2022-10-04 13:27:36,618 [EndpointStateMachine task thread for /0.0.0.0:41361 - 0 ] INFO  ipc.Client (Client.java:handleConnectionFailure(977)) - Retrying connect to server: 0.0.0.0/0.0.0.0:41361. Already tried 0 time(s); retry policy is RetryUpToMaximumCountWithFixedSleep(maxRetries=15, sleepTime=1000 MILLISECONDS)
2022-10-04 13:27:37,619 [EndpointStateMachine task thread for /0.0.0.0:41361 - 0 ] INFO  ipc.Client (Client.java:handleConnectionFailure(977)) - Retrying connect to server: 0.0.0.0/0.0.0.0:41361. Already tried 1 time(s); retry policy is RetryUpToMaximumCountWithFixedSleep(maxRetries=15, sleepTime=1000 MILLISECONDS)
2022-10-04 13:27:38,619 [EndpointStateMachine task thread for /0.0.0.0:41361 - 0 ] INFO  ipc.Client (Client.java:handleConnectionFailure(977)) - Retrying connect to server: 0.0.0.0/0.0.0.0:41361. Already tried 2 time(s); retry policy is RetryUpToMaximumCountWithFixedSleep(maxRetries=15, sleepTime=1000 MILLISECONDS)
2022-10-04 13:27:39,620 [EndpointStateMachine task thread for /0.0.0.0:41361 - 0 ] INFO  ipc.Client (Client.java:handleConnectionFailure(977)) - Retrying connect to server: 0.0.0.0/0.0.0.0:41361. Already tried 3 time(s); retry policy is RetryUpToMaximumCountWithFixedSleep(maxRetries=15, sleepTime=1000 MILLISECONDS)
2022-10-04 13:27:39,972 [Under Replicated Processor] INFO  replication.UnderReplicatedProcessor (UnderReplicatedProcessor.java:processAll(92)) - Processed 0 under replicated containers, failed processing 0
2022-10-04 13:27:39,979 [Over Replicated Processor] INFO  replication.OverReplicatedProcessor (OverReplicatedProcessor.java:processAll(90)) - Processed 0 over replicated containers, failed processing 0
2022-10-04 13:27:40,621 [EndpointStateMachine task thread for /0.0.0.0:41361 - 0 ] INFO  ipc.Client (Client.java:handleConnectionFailure(977)) - Retrying connect to server: 0.0.0.0/0.0.0.0:41361. Already tried 4 time(s); retry policy is RetryUpToMaximumCountWithFixedSleep(maxRetries=15, sleepTime=1000 MILLISECONDS)
2022-10-04 13:27:41,622 [EndpointStateMachine task thread for /0.0.0.0:41361 - 0 ] INFO  ipc.Client (Client.java:handleConnectionFailure(977)) - Retrying connect to server: 0.0.0.0/0.0.0.0:41361. Already tried 5 time(s); retry policy is RetryUpToMaximumCountWithFixedSleep(maxRetries=15, sleepTime=1000 MILLISECONDS)
2022-10-04 13:27:42,058 [Listener at 127.0.0.1/45925] INFO  om.OzoneManager (OzoneManager.java:stop(2036)) - omNode-3[localhost:45925]: Stopping Ozone Manager
2022-10-04 13:27:42,058 [Listener at 127.0.0.1/45925] INFO  ipc.Server (Server.java:stop(3414)) - Stopping server on 45925
2022-10-04 13:27:42,087 [IPC Server listener on 45925] INFO  ipc.Server (Server.java:run(1376)) - Stopping IPC Server listener on 45925
2022-10-04 13:27:42,088 [IPC Server Responder] INFO  ipc.Server (Server.java:run(1512)) - Stopping IPC Server Responder
2022-10-04 13:27:42,088 [Listener at 127.0.0.1/45925] INFO  server.RaftServer (RaftServerProxy.java:lambda$close$7(398)) - omNode-3: close
2022-10-04 13:27:42,089 [Listener at 127.0.0.1/45925] INFO  server.RaftServer$Division (RaftServerImpl.java:lambda$close$4(434)) - omNode-3@group-523986131536: shutdown
2022-10-04 13:27:42,093 [Listener at 127.0.0.1/45925] INFO  util.JmxRegister (JmxRegister.java:unregister(73)) - Successfully un-registered JMX Bean with object name Ratis:service=RaftServer,group=group-523986131536,id="omNode-3"
2022-10-04 13:27:42,093 [Listener at 127.0.0.1/45925] INFO  impl.RoleInfo (RoleInfo.java:shutdownFollowerState(110)) - omNode-3: shutdown omNode-3@group-523986131536-FollowerState
2022-10-04 13:27:42,093 [Listener at 127.0.0.1/45925] INFO  impl.StateMachineUpdater (StateMachineUpdater.java:stopAndJoin(153)) - omNode-3@group-523986131536-StateMachineUpdater: set stopIndex = 42
2022-10-04 13:27:42,094 [omNode-3@group-523986131536-StateMachineUpdater] INFO  ratis.OzoneManagerStateMachine (OzoneManagerStateMachine.java:takeSnapshot(441)) - Current Snapshot Index (t:2, i:42)
2022-10-04 13:27:42,094 [omNode-3@group-523986131536-FollowerState] INFO  impl.FollowerState (FollowerState.java:run(152)) - omNode-3@group-523986131536-FollowerState was interrupted
2022-10-04 13:27:42,094 [omNode-3@group-523986131536-StateMachineUpdater] INFO  impl.StateMachineUpdater (StateMachineUpdater.java:takeSnapshot(287)) - omNode-3@group-523986131536-StateMachineUpdater: Took a snapshot at index 42
2022-10-04 13:27:42,094 [omNode-3@group-523986131536-StateMachineUpdater] INFO  impl.StateMachineUpdater (StateMachineUpdater.java:lambda$new$0(92)) - omNode-3@group-523986131536-StateMachineUpdater: snapshotIndex: updateIncreasingly -1 -> 42
2022-10-04 13:27:42,094 [omNode-3@group-523986131536-StateMachineUpdater] INFO  ratis.OzoneManagerStateMachine (OzoneManagerStateMachine.java:close(495)) - StateMachine has shutdown. Shutdown OzoneManager if not already shutdown.
2022-10-04 13:27:42,094 [omNode-3@group-523986131536-StateMachineUpdater] INFO  ratis.OzoneManagerDoubleBuffer (OzoneManagerDoubleBuffer.java:stop(466)) - Stopping OMDoubleBuffer flush thread
2022-10-04 13:27:42,094 [OMDoubleBufferFlushThread] INFO  ratis.OzoneManagerDoubleBuffer (OzoneManagerDoubleBuffer.java:flushTransactions(385)) - OMDoubleBuffer flush thread OMDoubleBufferFlushThread is interrupted and will exit.
2022-10-04 13:27:42,108 [Listener at 127.0.0.1/45925] INFO  server.RaftServer$Division (ServerState.java:close(429)) - omNode-3@group-523986131536: closes. applyIndex: 42
2022-10-04 13:27:42,108 [omNode-3@group-523986131536-SegmentedRaftLogWorker] INFO  segmented.SegmentedRaftLogWorker (SegmentedRaftLogWorker.java:run(336)) - omNode-3@group-523986131536-SegmentedRaftLogWorker was interrupted, exiting. There are 0 tasks remaining in the queue.
2022-10-04 13:27:42,109 [Listener at 127.0.0.1/45925] INFO  segmented.SegmentedRaftLogWorker (SegmentedRaftLogWorker.java:close(246)) - omNode-3@group-523986131536-SegmentedRaftLogWorker close()
2022-10-04 13:27:42,111 [Listener at 127.0.0.1/45925] INFO  server.GrpcService (GrpcService.java:closeImpl(269)) - omNode-3: shutdown server with port 39257 now
2022-10-04 13:27:42,118 [Listener at 127.0.0.1/45925] INFO  server.GrpcService (GrpcService.java:closeImpl(278)) - omNode-3: shutdown server with port 39257 successfully
2022-10-04 13:27:42,118 [org.apache.ratis.util.JvmPauseMonitor$$Lambda$699/75026084@3aa39905] INFO  util.JvmPauseMonitor (JvmPauseMonitor.java:run(109)) - JvmPauseMonitor-omNode-3: Stopped
2022-10-04 13:27:42,118 [grpc-default-executor-3] WARN  server.GrpcLogAppender (LogUtils.java:warn(122)) - omNode-1@group-523986131536->omNode-3-AppendLogResponseHandler: Failed appendEntries: org.apache.ratis.thirdparty.io.grpc.StatusRuntimeException: CANCELLED: RST_STREAM closed stream. HTTP/2 error code: CANCEL
2022-10-04 13:27:42,119 [grpc-default-executor-3] INFO  leader.FollowerInfo (FollowerInfoImpl.java:lambda$new$0(48)) - omNode-1@group-523986131536->omNode-3: nextIndex: updateUnconditionally 45 -> 44
2022-10-04 13:27:42,119 [grpc-default-executor-5] WARN  server.GrpcServerProtocolService (LogUtils.java:warn(122)) - omNode-3: installSnapshot onError, lastRequest: omNode-1->omNode-3#768480-t2,previous=(t:2, i:43),leaderCommit=43,initializing? true,entries: size=1, first=(t:2, i:44), METADATAENTRY(c:43): org.apache.ratis.thirdparty.io.grpc.StatusRuntimeException: CANCELLED: client cancelled
2022-10-04 13:27:42,119 [Listener at 127.0.0.1/45925] INFO  ratis.OzoneManagerStateMachine (OzoneManagerStateMachine.java:close(495)) - StateMachine has shutdown. Shutdown OzoneManager if not already shutdown.
2022-10-04 13:27:42,119 [Listener at 127.0.0.1/45925] INFO  ratis.OzoneManagerDoubleBuffer (OzoneManagerDoubleBuffer.java:stop(478)) - OMDoubleBuffer flush thread is not running.
2022-10-04 13:27:42,119 [Listener at 127.0.0.1/45925] INFO  utils.BackgroundService (BackgroundService.java:shutdown(141)) - Shutting down service KeyDeletingService
2022-10-04 13:27:42,120 [Listener at 127.0.0.1/45925] INFO  utils.BackgroundService (BackgroundService.java:shutdown(141)) - Shutting down service DirectoryDeletingService
2022-10-04 13:27:42,121 [Listener at 127.0.0.1/45925] INFO  utils.BackgroundService (BackgroundService.java:shutdown(141)) - Shutting down service OpenKeyCleanupService
2022-10-04 13:27:42,123 [Listener at 127.0.0.1/45925] INFO  handler.ContextHandler (ContextHandler.java:doStop(1153)) - Stopped o.e.j.w.WebAppContext@697cbc92{ozoneManager,/,null,STOPPED}{file:/home/runner/work/ozone/ozone/hadoop-ozone/integration-test/target/test-classes/webapps/ozoneManager}
2022-10-04 13:27:42,124 [Listener at 127.0.0.1/45925] INFO  server.AbstractConnector (AbstractConnector.java:doStop(381)) - Stopped ServerConnector@3a689b24{HTTP/1.1, (http/1.1)}{0.0.0.0:35885}
2022-10-04 13:27:42,124 [Listener at 127.0.0.1/45925] INFO  server.session (HouseKeeper.java:stopScavenging(149)) - node0 Stopped scavenging
2022-10-04 13:27:42,124 [Listener at 127.0.0.1/45925] INFO  handler.ContextHandler (ContextHandler.java:doStop(1153)) - Stopped o.e.j.s.ServletContextHandler@38f89c02{static,/static,file:///home/runner/work/ozone/ozone/hadoop-ozone/integration-test/target/test-classes/webapps/static,STOPPED}
2022-10-04 13:27:42,125 [Listener at 127.0.0.1/45925] INFO  handler.ContextHandler (ContextHandler.java:doStop(1153)) - Stopped o.e.j.s.ServletContextHandler@6a50888c{logs,/logs,file:///home/runner/work/ozone/ozone/hadoop-ozone/integration-test/target/log,STOPPED}
2022-10-04 13:27:42,134 [grpc-default-executor-3] WARN  server.GrpcLogAppender (LogUtils.java:warn(122)) - omNode-1@group-523986131536->omNode-3-AppendLogResponseHandler: Failed appendEntries: org.apache.ratis.thirdparty.io.grpc.StatusRuntimeException: UNAVAILABLE: io exception
2022-10-04 13:27:42,134 [grpc-default-executor-3] INFO  leader.FollowerInfo (FollowerInfoImpl.java:lambda$new$0(48)) - omNode-1@group-523986131536->omNode-3: nextIndex: updateUnconditionally 45 -> 44
2022-10-04 13:27:42,147 [grpc-default-executor-3] WARN  server.GrpcLogAppender (LogUtils.java:warn(122)) - omNode-1@group-523986131536->omNode-3-AppendLogResponseHandler: Failed appendEntries: org.apache.ratis.thirdparty.io.grpc.StatusRuntimeException: UNAVAILABLE: io exception
2022-10-04 13:27:42,147 [grpc-default-executor-3] INFO  leader.FollowerInfo (FollowerInfoImpl.java:lambda$new$0(48)) - omNode-1@group-523986131536->omNode-3: nextIndex: updateUnconditionally 46 -> 45
2022-10-04 13:27:42,152 [grpc-default-executor-5] WARN  server.GrpcLogAppender (LogUtils.java:warn(122)) - omNode-1@group-523986131536->omNode-3-AppendLogResponseHandler: Failed appendEntries: org.apache.ratis.thirdparty.io.grpc.StatusRuntimeException: UNAVAILABLE: io exception
2022-10-04 13:27:42,152 [grpc-default-executor-5] INFO  leader.FollowerInfo (FollowerInfoImpl.java:lambda$new$0(48)) - omNode-1@group-523986131536->omNode-3: nextIndex: updateUnconditionally 46 -> 45
2022-10-04 13:27:42,157 [grpc-default-executor-5] WARN  server.GrpcLogAppender (LogUtils.java:warn(122)) - omNode-1@group-523986131536->omNode-3-AppendLogResponseHandler: Failed appendEntries: org.apache.ratis.thirdparty.io.grpc.StatusRuntimeException: UNAVAILABLE: io exception
2022-10-04 13:27:42,170 [grpc-default-executor-5] INFO  leader.FollowerInfo (FollowerInfoImpl.java:lambda$new$0(48)) - omNode-1@group-523986131536->omNode-3: nextIndex: updateUnconditionally 47 -> 45
2022-10-04 13:27:42,185 [grpc-default-executor-3] WARN  server.GrpcLogAppender (LogUtils.java:warn(122)) - omNode-1@group-523986131536->omNode-3-AppendLogResponseHandler: Failed appendEntries: org.apache.ratis.thirdparty.io.grpc.StatusRuntimeException: UNAVAILABLE: io exception
2022-10-04 13:27:42,186 [grpc-default-executor-3] INFO  leader.FollowerInfo (FollowerInfoImpl.java:lambda$new$0(48)) - omNode-1@group-523986131536->omNode-3: nextIndex: updateUnconditionally 47 -> 45
2022-10-04 13:27:42,202 [grpc-default-executor-3] WARN  server.GrpcLogAppender (LogUtils.java:warn(122)) - omNode-1@group-523986131536->omNode-3-AppendLogResponseHandler: Failed appendEntries: org.apache.ratis.thirdparty.io.grpc.StatusRuntimeException: UNAVAILABLE: io exception
2022-10-04 13:27:42,202 [grpc-default-executor-3] INFO  leader.FollowerInfo (FollowerInfoImpl.java:lambda$new$0(48)) - omNode-1@group-523986131536->omNode-3: nextIndex: updateUnconditionally 48 -> 45
2022-10-04 13:27:42,208 [grpc-default-executor-3] WARN  server.GrpcLogAppender (LogUtils.java:warn(122)) - omNode-1@group-523986131536->omNode-3-AppendLogResponseHandler: Failed appendEntries: org.apache.ratis.thirdparty.io.grpc.StatusRuntimeException: UNAVAILABLE: io exception
2022-10-04 13:27:42,209 [grpc-default-executor-3] INFO  leader.FollowerInfo (FollowerInfoImpl.java:lambda$new$0(48)) - omNode-1@group-523986131536->omNode-3: nextIndex: updateUnconditionally 48 -> 45
2022-10-04 13:27:42,220 [grpc-default-executor-3] WARN  server.GrpcLogAppender (LogUtils.java:warn(122)) - omNode-1@group-523986131536->omNode-3-AppendLogResponseHandler: Failed appendEntries: org.apache.ratis.thirdparty.io.grpc.StatusRuntimeException: UNAVAILABLE: io exception
2022-10-04 13:27:42,220 [grpc-default-executor-3] INFO  leader.FollowerInfo (FollowerInfoImpl.java:lambda$new$0(48)) - omNode-1@group-523986131536->omNode-3: nextIndex: updateUnconditionally 49 -> 45
2022-10-04 13:27:42,227 [grpc-default-executor-3] WARN  server.GrpcLogAppender (LogUtils.java:warn(122)) - omNode-1@group-523986131536->omNode-3-AppendLogResponseHandler: Failed appendEntries: org.apache.ratis.thirdparty.io.grpc.StatusRuntimeException: UNAVAILABLE: io exception
2022-10-04 13:27:42,228 [grpc-default-executor-3] INFO  leader.FollowerInfo (FollowerInfoImpl.java:lambda$new$0(48)) - omNode-1@group-523986131536->omNode-3: nextIndex: updateUnconditionally 50 -> 45
2022-10-04 13:27:42,233 [grpc-default-executor-3] WARN  server.GrpcLogAppender (LogUtils.java:warn(122)) - omNode-1@group-523986131536->omNode-3-AppendLogResponseHandler: Failed appendEntries: org.apache.ratis.thirdparty.io.grpc.StatusRuntimeException: UNAVAILABLE: io exception
2022-10-04 13:27:42,233 [grpc-default-executor-3] INFO  leader.FollowerInfo (FollowerInfoImpl.java:lambda$new$0(48)) - omNode-1@group-523986131536->omNode-3: nextIndex: updateUnconditionally 51 -> 45
2022-10-04 13:27:42,246 [omNode-1@group-523986131536-StateMachineUpdater] INFO  ratis.OzoneManagerStateMachine (OzoneManagerStateMachine.java:takeSnapshot(441)) - Current Snapshot Index (t:2, i:50)
2022-10-04 13:27:42,246 [omNode-1@group-523986131536-StateMachineUpdater] INFO  impl.StateMachineUpdater (StateMachineUpdater.java:takeSnapshot(287)) - omNode-1@group-523986131536-StateMachineUpdater: Took a snapshot at index 50
2022-10-04 13:27:42,246 [omNode-1@group-523986131536-StateMachineUpdater] INFO  impl.StateMachineUpdater (StateMachineUpdater.java:lambda$new$0(92)) - omNode-1@group-523986131536-StateMachineUpdater: snapshotIndex: updateIncreasingly -1 -> 50
2022-10-04 13:27:42,246 [omNode-1@group-523986131536-StateMachineUpdater] INFO  raftlog.RaftLog (RaftLogBase.java:purge(308)) - omNode-1@group-523986131536-SegmentedRaftLog: purge 50
2022-10-04 13:27:42,246 [omNode-1@group-523986131536-StateMachineUpdater] INFO  raftlog.RaftLog (RaftLogBase.java:lambda$new$0(53)) - omNode-1@group-523986131536-SegmentedRaftLog: snapshotIndex: updateIncreasingly -1 -> 50
2022-10-04 13:27:42,246 [omNode-1@group-523986131536-StateMachineUpdater] INFO  raftlog.RaftLog (RaftLogBase.java:lambda$new$0(53)) - omNode-1@group-523986131536-SegmentedRaftLog: purgeIndex: updateToMax old=-1, new=50, updated? true
2022-10-04 13:27:42,246 [grpc-default-executor-3] WARN  server.GrpcLogAppender (LogUtils.java:warn(122)) - omNode-1@group-523986131536->omNode-3-AppendLogResponseHandler: Failed appendEntries: org.apache.ratis.thirdparty.io.grpc.StatusRuntimeException: UNAVAILABLE: io exception
2022-10-04 13:27:42,247 [grpc-default-executor-3] INFO  leader.FollowerInfo (FollowerInfoImpl.java:lambda$new$0(48)) - omNode-1@group-523986131536->omNode-3: nextIndex: updateUnconditionally 51 -> 45
2022-10-04 13:27:42,291 [grpc-default-executor-3] WARN  server.GrpcLogAppender (LogUtils.java:warn(122)) - omNode-1@group-523986131536->omNode-3-AppendLogResponseHandler: Failed appendEntries: org.apache.ratis.thirdparty.io.grpc.StatusRuntimeException: UNAVAILABLE: io exception
2022-10-04 13:27:42,292 [grpc-default-executor-3] INFO  leader.FollowerInfo (FollowerInfoImpl.java:lambda$new$0(48)) - omNode-1@group-523986131536->omNode-3: nextIndex: updateUnconditionally 52 -> 45
2022-10-04 13:27:42,294 [omNode-2@group-523986131536-StateMachineUpdater] INFO  ratis.OzoneManagerStateMachine (OzoneManagerStateMachine.java:takeSnapshot(441)) - Current Snapshot Index (t:2, i:50)
2022-10-04 13:27:42,294 [omNode-2@group-523986131536-StateMachineUpdater] INFO  impl.StateMachineUpdater (StateMachineUpdater.java:takeSnapshot(287)) - omNode-2@group-523986131536-StateMachineUpdater: Took a snapshot at index 50
2022-10-04 13:27:42,295 [omNode-2@group-523986131536-StateMachineUpdater] INFO  impl.StateMachineUpdater (StateMachineUpdater.java:lambda$new$0(92)) - omNode-2@group-523986131536-StateMachineUpdater: snapshotIndex: updateIncreasingly -1 -> 50
2022-10-04 13:27:42,295 [omNode-2@group-523986131536-StateMachineUpdater] INFO  raftlog.RaftLog (RaftLogBase.java:purge(308)) - omNode-2@group-523986131536-SegmentedRaftLog: purge 50
2022-10-04 13:27:42,295 [omNode-2@group-523986131536-StateMachineUpdater] INFO  raftlog.RaftLog (RaftLogBase.java:lambda$new$0(53)) - omNode-2@group-523986131536-SegmentedRaftLog: snapshotIndex: updateIncreasingly -1 -> 50
2022-10-04 13:27:42,295 [omNode-2@group-523986131536-StateMachineUpdater] INFO  raftlog.RaftLog (RaftLogBase.java:lambda$new$0(53)) - omNode-2@group-523986131536-SegmentedRaftLog: purgeIndex: updateToMax old=-1, new=50, updated? true
2022-10-04 13:27:42,300 [grpc-default-executor-3] WARN  server.GrpcLogAppender (LogUtils.java:warn(122)) - omNode-1@group-523986131536->omNode-3-AppendLogResponseHandler: Failed appendEntries: org.apache.ratis.thirdparty.io.grpc.StatusRuntimeException: UNAVAILABLE: io exception
2022-10-04 13:27:42,301 [grpc-default-executor-3] INFO  leader.FollowerInfo (FollowerInfoImpl.java:lambda$new$0(48)) - omNode-1@group-523986131536->omNode-3: nextIndex: updateUnconditionally 52 -> 45
2022-10-04 13:27:42,306 [grpc-default-executor-3] WARN  server.GrpcLogAppender (LogUtils.java:warn(122)) - omNode-1@group-523986131536->omNode-3-AppendLogResponseHandler: Failed appendEntries: org.apache.ratis.thirdparty.io.grpc.StatusRuntimeException: UNAVAILABLE: io exception
2022-10-04 13:27:42,306 [grpc-default-executor-3] INFO  leader.FollowerInfo (FollowerInfoImpl.java:lambda$new$0(48)) - omNode-1@group-523986131536->omNode-3: nextIndex: updateUnconditionally 53 -> 45
2022-10-04 13:27:42,318 [grpc-default-executor-3] WARN  server.GrpcLogAppender (LogUtils.java:warn(122)) - omNode-1@group-523986131536->omNode-3-AppendLogResponseHandler: Failed appendEntries: org.apache.ratis.thirdparty.io.grpc.StatusRuntimeException: UNAVAILABLE: io exception
2022-10-04 13:27:42,319 [grpc-default-executor-3] INFO  leader.FollowerInfo (FollowerInfoImpl.java:lambda$new$0(48)) - omNode-1@group-523986131536->omNode-3: nextIndex: updateUnconditionally 54 -> 45
2022-10-04 13:27:42,326 [grpc-default-executor-3] WARN  server.GrpcLogAppender (LogUtils.java:warn(122)) - omNode-1@group-523986131536->omNode-3-AppendLogResponseHandler: Failed appendEntries: org.apache.ratis.thirdparty.io.grpc.StatusRuntimeException: UNAVAILABLE: io exception
2022-10-04 13:27:42,326 [grpc-default-executor-3] INFO  leader.FollowerInfo (FollowerInfoImpl.java:lambda$new$0(48)) - omNode-1@group-523986131536->omNode-3: nextIndex: updateUnconditionally 55 -> 45
2022-10-04 13:27:42,361 [grpc-default-executor-4] WARN  server.GrpcLogAppender (LogUtils.java:warn(122)) - omNode-1@group-523986131536->omNode-3-AppendLogResponseHandler: Failed appendEntries: org.apache.ratis.thirdparty.io.grpc.StatusRuntimeException: UNAVAILABLE: io exception
2022-10-04 13:27:42,361 [grpc-default-executor-4] INFO  leader.FollowerInfo (FollowerInfoImpl.java:lambda$new$0(48)) - omNode-1@group-523986131536->omNode-3: nextIndex: updateUnconditionally 55 -> 45
2022-10-04 13:27:42,369 [grpc-default-executor-4] WARN  server.GrpcLogAppender (LogUtils.java:warn(122)) - omNode-1@group-523986131536->omNode-3-AppendLogResponseHandler: Failed appendEntries: org.apache.ratis.thirdparty.io.grpc.StatusRuntimeException: UNAVAILABLE: io exception
2022-10-04 13:27:42,370 [grpc-default-executor-4] INFO  leader.FollowerInfo (FollowerInfoImpl.java:lambda$new$0(48)) - omNode-1@group-523986131536->omNode-3: nextIndex: updateUnconditionally 56 -> 45
2022-10-04 13:27:42,378 [grpc-default-executor-4] WARN  server.GrpcLogAppender (LogUtils.java:warn(122)) - omNode-1@group-523986131536->omNode-3-AppendLogResponseHandler: Failed appendEntries: org.apache.ratis.thirdparty.io.grpc.StatusRuntimeException: UNAVAILABLE: io exception
2022-10-04 13:27:42,379 [grpc-default-executor-4] INFO  leader.FollowerInfo (FollowerInfoImpl.java:lambda$new$0(48)) - omNode-1@group-523986131536->omNode-3: nextIndex: updateUnconditionally 56 -> 45
2022-10-04 13:27:42,386 [grpc-default-executor-5] WARN  server.GrpcLogAppender (LogUtils.java:warn(122)) - omNode-1@group-523986131536->omNode-3-AppendLogResponseHandler: Failed appendEntries: org.apache.ratis.thirdparty.io.grpc.StatusRuntimeException: UNAVAILABLE: io exception
2022-10-04 13:27:42,386 [grpc-default-executor-5] INFO  leader.FollowerInfo (FollowerInfoImpl.java:lambda$new$0(48)) - omNode-1@group-523986131536->omNode-3: nextIndex: updateUnconditionally 57 -> 45
2022-10-04 13:27:42,402 [grpc-default-executor-4] WARN  server.GrpcLogAppender (LogUtils.java:warn(122)) - omNode-1@group-523986131536->omNode-3-AppendLogResponseHandler: Failed appendEntries: org.apache.ratis.thirdparty.io.grpc.StatusRuntimeException: UNAVAILABLE: io exception
2022-10-04 13:27:42,403 [grpc-default-executor-4] INFO  leader.FollowerInfo (FollowerInfoImpl.java:lambda$new$0(48)) - omNode-1@group-523986131536->omNode-3: nextIndex: updateUnconditionally 57 -> 45
2022-10-04 13:27:42,405 [grpc-default-executor-4] WARN  server.GrpcLogAppender (LogUtils.java:warn(122)) - omNode-1@group-523986131536->omNode-3-AppendLogResponseHandler: Failed appendEntries: org.apache.ratis.thirdparty.io.grpc.StatusRuntimeException: UNAVAILABLE: io exception
2022-10-04 13:27:42,406 [grpc-default-executor-4] INFO  leader.FollowerInfo (FollowerInfoImpl.java:lambda$new$0(48)) - omNode-1@group-523986131536->omNode-3: nextIndex: updateUnconditionally 58 -> 45
2022-10-04 13:27:42,420 [grpc-default-executor-5] WARN  server.GrpcLogAppender (LogUtils.java:warn(122)) - omNode-1@group-523986131536->omNode-3-AppendLogResponseHandler: Failed appendEntries: org.apache.ratis.thirdparty.io.grpc.StatusRuntimeException: UNAVAILABLE: io exception
2022-10-04 13:27:42,420 [grpc-default-executor-5] INFO  leader.FollowerInfo (FollowerInfoImpl.java:lambda$new$0(48)) - omNode-1@group-523986131536->omNode-3: nextIndex: updateUnconditionally 58 -> 45
2022-10-04 13:27:42,427 [grpc-default-executor-4] WARN  server.GrpcLogAppender (LogUtils.java:warn(122)) - omNode-1@group-523986131536->omNode-3-AppendLogResponseHandler: Failed appendEntries: org.apache.ratis.thirdparty.io.grpc.StatusRuntimeException: UNAVAILABLE: io exception
2022-10-04 13:27:42,428 [grpc-default-executor-4] INFO  leader.FollowerInfo (FollowerInfoImpl.java:lambda$new$0(48)) - omNode-1@group-523986131536->omNode-3: nextIndex: updateUnconditionally 59 -> 45
2022-10-04 13:27:42,482 [grpc-default-executor-4] WARN  server.GrpcLogAppender (LogUtils.java:warn(122)) - omNode-1@group-523986131536->omNode-3-AppendLogResponseHandler: Failed appendEntries: org.apache.ratis.thirdparty.io.grpc.StatusRuntimeException: UNAVAILABLE: io exception
2022-10-04 13:27:42,483 [grpc-default-executor-4] INFO  leader.FollowerInfo (FollowerInfoImpl.java:lambda$new$0(48)) - omNode-1@group-523986131536->omNode-3: nextIndex: updateUnconditionally 60 -> 45
2022-10-04 13:27:42,498 [grpc-default-executor-4] WARN  server.GrpcLogAppender (LogUtils.java:warn(122)) - omNode-1@group-523986131536->omNode-3-AppendLogResponseHandler: Failed appendEntries: org.apache.ratis.thirdparty.io.grpc.StatusRuntimeException: UNAVAILABLE: io exception
2022-10-04 13:27:42,498 [grpc-default-executor-4] INFO  leader.FollowerInfo (FollowerInfoImpl.java:lambda$new$0(48)) - omNode-1@group-523986131536->omNode-3: nextIndex: updateUnconditionally 61 -> 45
2022-10-04 13:27:42,503 [grpc-default-executor-4] WARN  server.GrpcLogAppender (LogUtils.java:warn(122)) - omNode-1@group-523986131536->omNode-3-AppendLogResponseHandler: Failed appendEntries: org.apache.ratis.thirdparty.io.grpc.StatusRuntimeException: UNAVAILABLE: io exception
2022-10-04 13:27:42,503 [grpc-default-executor-4] INFO  leader.FollowerInfo (FollowerInfoImpl.java:lambda$new$0(48)) - omNode-1@group-523986131536->omNode-3: nextIndex: updateUnconditionally 62 -> 45
2022-10-04 13:27:42,513 [grpc-default-executor-4] WARN  server.GrpcLogAppender (LogUtils.java:warn(122)) - omNode-1@group-523986131536->omNode-3-AppendLogResponseHandler: Failed appendEntries: org.apache.ratis.thirdparty.io.grpc.StatusRuntimeException: UNAVAILABLE: io exception
2022-10-04 13:27:42,513 [grpc-default-executor-4] INFO  leader.FollowerInfo (FollowerInfoImpl.java:lambda$new$0(48)) - omNode-1@group-523986131536->omNode-3: nextIndex: updateUnconditionally 62 -> 45
2022-10-04 13:27:42,522 [grpc-default-executor-4] WARN  server.GrpcLogAppender (LogUtils.java:warn(122)) - omNode-1@group-523986131536->omNode-3-AppendLogResponseHandler: Failed appendEntries: org.apache.ratis.thirdparty.io.grpc.StatusRuntimeException: UNAVAILABLE: io exception
2022-10-04 13:27:42,523 [grpc-default-executor-4] INFO  leader.FollowerInfo (FollowerInfoImpl.java:lambda$new$0(48)) - omNode-1@group-523986131536->omNode-3: nextIndex: updateUnconditionally 63 -> 45
2022-10-04 13:27:42,540 [grpc-default-executor-4] WARN  server.GrpcLogAppender (LogUtils.java:warn(122)) - omNode-1@group-523986131536->omNode-3-AppendLogResponseHandler: Failed appendEntries: org.apache.ratis.thirdparty.io.grpc.StatusRuntimeException: UNAVAILABLE: io exception
2022-10-04 13:27:42,541 [grpc-default-executor-4] INFO  leader.FollowerInfo (FollowerInfoImpl.java:lambda$new$0(48)) - omNode-1@group-523986131536->omNode-3: nextIndex: updateUnconditionally 63 -> 45
2022-10-04 13:27:42,573 [grpc-default-executor-4] WARN  server.GrpcLogAppender (LogUtils.java:warn(122)) - omNode-1@group-523986131536->omNode-3-AppendLogResponseHandler: Failed appendEntries: org.apache.ratis.thirdparty.io.grpc.StatusRuntimeException: UNAVAILABLE: io exception
2022-10-04 13:27:42,574 [grpc-default-executor-4] INFO  leader.FollowerInfo (FollowerInfoImpl.java:lambda$new$0(48)) - omNode-1@group-523986131536->omNode-3: nextIndex: updateUnconditionally 64 -> 45
2022-10-04 13:27:42,582 [grpc-default-executor-4] WARN  server.GrpcLogAppender (LogUtils.java:warn(122)) - omNode-1@group-523986131536->omNode-3-AppendLogResponseHandler: Failed appendEntries: org.apache.ratis.thirdparty.io.grpc.StatusRuntimeException: UNAVAILABLE: io exception
2022-10-04 13:27:42,582 [grpc-default-executor-4] INFO  leader.FollowerInfo (FollowerInfoImpl.java:lambda$new$0(48)) - omNode-1@group-523986131536->omNode-3: nextIndex: updateUnconditionally 64 -> 45
2022-10-04 13:27:42,589 [grpc-default-executor-4] WARN  server.GrpcLogAppender (LogUtils.java:warn(122)) - omNode-1@group-523986131536->omNode-3-AppendLogResponseHandler: Failed appendEntries: org.apache.ratis.thirdparty.io.grpc.StatusRuntimeException: UNAVAILABLE: io exception
2022-10-04 13:27:42,590 [grpc-default-executor-4] INFO  leader.FollowerInfo (FollowerInfoImpl.java:lambda$new$0(48)) - omNode-1@group-523986131536->omNode-3: nextIndex: updateUnconditionally 66 -> 45
2022-10-04 13:27:42,595 [grpc-default-executor-4] WARN  server.GrpcLogAppender (LogUtils.java:warn(122)) - omNode-1@group-523986131536->omNode-3-AppendLogResponseHandler: Failed appendEntries: org.apache.ratis.thirdparty.io.grpc.StatusRuntimeException: UNAVAILABLE: io exception
2022-10-04 13:27:42,595 [grpc-default-executor-4] INFO  leader.FollowerInfo (FollowerInfoImpl.java:lambda$new$0(48)) - omNode-1@group-523986131536->omNode-3: nextIndex: updateUnconditionally 66 -> 45
2022-10-04 13:27:42,600 [grpc-default-executor-4] WARN  server.GrpcLogAppender (LogUtils.java:warn(122)) - omNode-1@group-523986131536->omNode-3-AppendLogResponseHandler: Failed appendEntries: org.apache.ratis.thirdparty.io.grpc.StatusRuntimeException: UNAVAILABLE: io exception
2022-10-04 13:27:42,600 [grpc-default-executor-4] INFO  leader.FollowerInfo (FollowerInfoImpl.java:lambda$new$0(48)) - omNode-1@group-523986131536->omNode-3: nextIndex: updateUnconditionally 67 -> 45
2022-10-04 13:27:42,614 [grpc-default-executor-5] WARN  server.GrpcLogAppender (LogUtils.java:warn(122)) - omNode-1@group-523986131536->omNode-3-AppendLogResponseHandler: Failed appendEntries: org.apache.ratis.thirdparty.io.grpc.StatusRuntimeException: UNAVAILABLE: io exception
2022-10-04 13:27:42,615 [grpc-default-executor-5] INFO  leader.FollowerInfo (FollowerInfoImpl.java:lambda$new$0(48)) - omNode-1@group-523986131536->omNode-3: nextIndex: updateUnconditionally 67 -> 45
2022-10-04 13:27:42,623 [EndpointStateMachine task thread for /0.0.0.0:41361 - 0 ] INFO  ipc.Client (Client.java:handleConnectionFailure(977)) - Retrying connect to server: 0.0.0.0/0.0.0.0:41361. Already tried 6 time(s); retry policy is RetryUpToMaximumCountWithFixedSleep(maxRetries=15, sleepTime=1000 MILLISECONDS)
2022-10-04 13:27:42,624 [grpc-default-executor-4] WARN  server.GrpcLogAppender (LogUtils.java:warn(122)) - omNode-1@group-523986131536->omNode-3-AppendLogResponseHandler: Failed appendEntries: org.apache.ratis.thirdparty.io.grpc.StatusRuntimeException: UNAVAILABLE: io exception
2022-10-04 13:27:42,624 [grpc-default-executor-4] INFO  leader.FollowerInfo (FollowerInfoImpl.java:lambda$new$0(48)) - omNode-1@group-523986131536->omNode-3: nextIndex: updateUnconditionally 68 -> 45
2022-10-04 13:27:42,630 [grpc-default-executor-5] WARN  server.GrpcLogAppender (LogUtils.java:warn(122)) - omNode-1@group-523986131536->omNode-3-AppendLogResponseHandler: Failed appendEntries: org.apache.ratis.thirdparty.io.grpc.StatusRuntimeException: UNAVAILABLE: io exception
2022-10-04 13:27:42,630 [grpc-default-executor-5] INFO  leader.FollowerInfo (FollowerInfoImpl.java:lambda$new$0(48)) - omNode-1@group-523986131536->omNode-3: nextIndex: updateUnconditionally 68 -> 45
2022-10-04 13:27:42,641 [grpc-default-executor-5] WARN  server.GrpcLogAppender (LogUtils.java:warn(122)) - omNode-1@group-523986131536->omNode-3-AppendLogResponseHandler: Failed appendEntries: org.apache.ratis.thirdparty.io.grpc.StatusRuntimeException: UNAVAILABLE: io exception
2022-10-04 13:27:42,642 [grpc-default-executor-5] INFO  leader.FollowerInfo (FollowerInfoImpl.java:lambda$new$0(48)) - omNode-1@group-523986131536->omNode-3: nextIndex: updateUnconditionally 68 -> 45
2022-10-04 13:27:42,644 [grpc-default-executor-5] WARN  server.GrpcLogAppender (LogUtils.java:warn(122)) - omNode-1@group-523986131536->omNode-3-AppendLogResponseHandler: Failed appendEntries: org.apache.ratis.thirdparty.io.grpc.StatusRuntimeException: UNAVAILABLE: io exception
2022-10-04 13:27:42,645 [grpc-default-executor-5] INFO  leader.FollowerInfo (FollowerInfoImpl.java:lambda$new$0(48)) - omNode-1@group-523986131536->omNode-3: nextIndex: updateUnconditionally 70 -> 45
2022-10-04 13:27:42,653 [grpc-default-executor-5] WARN  server.GrpcLogAppender (LogUtils.java:warn(122)) - omNode-1@group-523986131536->omNode-3-AppendLogResponseHandler: Failed appendEntries: org.apache.ratis.thirdparty.io.grpc.StatusRuntimeException: UNAVAILABLE: io exception
2022-10-04 13:27:42,653 [grpc-default-executor-5] INFO  leader.FollowerInfo (FollowerInfoImpl.java:lambda$new$0(48)) - omNode-1@group-523986131536->omNode-3: nextIndex: updateUnconditionally 70 -> 45
2022-10-04 13:27:42,657 [grpc-default-executor-5] WARN  server.GrpcLogAppender (LogUtils.java:warn(122)) - omNode-1@group-523986131536->omNode-3-AppendLogResponseHandler: Failed appendEntries: org.apache.ratis.thirdparty.io.grpc.StatusRuntimeException: UNAVAILABLE: io exception
2022-10-04 13:27:42,657 [grpc-default-executor-5] INFO  leader.FollowerInfo (FollowerInfoImpl.java:lambda$new$0(48)) - omNode-1@group-523986131536->omNode-3: nextIndex: updateUnconditionally 71 -> 45
2022-10-04 13:27:42,693 [grpc-default-executor-4] WARN  server.GrpcLogAppender (LogUtils.java:warn(122)) - omNode-1@group-523986131536->omNode-3-AppendLogResponseHandler: Failed appendEntries: org.apache.ratis.thirdparty.io.grpc.StatusRuntimeException: UNAVAILABLE: io exception
2022-10-04 13:27:42,693 [grpc-default-executor-4] INFO  leader.FollowerInfo (FollowerInfoImpl.java:lambda$new$0(48)) - omNode-1@group-523986131536->omNode-3: nextIndex: updateUnconditionally 71 -> 45
2022-10-04 13:27:42,700 [grpc-default-executor-4] WARN  server.GrpcLogAppender (LogUtils.java:warn(122)) - omNode-1@group-523986131536->omNode-3-AppendLogResponseHandler: Failed appendEntries: org.apache.ratis.thirdparty.io.grpc.StatusRuntimeException: UNAVAILABLE: io exception
2022-10-04 13:27:42,700 [grpc-default-executor-4] INFO  leader.FollowerInfo (FollowerInfoImpl.java:lambda$new$0(48)) - omNode-1@group-523986131536->omNode-3: nextIndex: updateUnconditionally 72 -> 45
2022-10-04 13:27:42,718 [grpc-default-executor-4] WARN  server.GrpcLogAppender (LogUtils.java:warn(122)) - omNode-1@group-523986131536->omNode-3-AppendLogResponseHandler: Failed appendEntries: org.apache.ratis.thirdparty.io.grpc.StatusRuntimeException: UNAVAILABLE: io exception
2022-10-04 13:27:42,719 [grpc-default-executor-4] INFO  leader.FollowerInfo (FollowerInfoImpl.java:lambda$new$0(48)) - omNode-1@group-523986131536->omNode-3: nextIndex: updateUnconditionally 72 -> 45
2022-10-04 13:27:42,721 [grpc-default-executor-5] WARN  server.GrpcLogAppender (LogUtils.java:warn(122)) - omNode-1@group-523986131536->omNode-3-AppendLogResponseHandler: Failed appendEntries: org.apache.ratis.thirdparty.io.grpc.StatusRuntimeException: UNAVAILABLE: io exception
2022-10-04 13:27:42,722 [grpc-default-executor-5] INFO  leader.FollowerInfo (FollowerInfoImpl.java:lambda$new$0(48)) - omNode-1@group-523986131536->omNode-3: nextIndex: updateUnconditionally 74 -> 45
2022-10-04 13:27:42,724 [grpc-default-executor-5] WARN  server.GrpcLogAppender (LogUtils.java:warn(122)) - omNode-1@group-523986131536->omNode-3-AppendLogResponseHandler: Failed appendEntries: org.apache.ratis.thirdparty.io.grpc.StatusRuntimeException: UNAVAILABLE: io exception
2022-10-04 13:27:42,724 [grpc-default-executor-5] INFO  leader.FollowerInfo (FollowerInfoImpl.java:lambda$new$0(48)) - omNode-1@group-523986131536->omNode-3: nextIndex: updateUnconditionally 74 -> 45
2022-10-04 13:27:42,734 [grpc-default-executor-4] WARN  server.GrpcLogAppender (LogUtils.java:warn(122)) - omNode-1@group-523986131536->omNode-3-AppendLogResponseHandler: Failed appendEntries: org.apache.ratis.thirdparty.io.grpc.StatusRuntimeException: UNAVAILABLE: io exception
2022-10-04 13:27:42,735 [grpc-default-executor-4] INFO  leader.FollowerInfo (FollowerInfoImpl.java:lambda$new$0(48)) - omNode-1@group-523986131536->omNode-3: nextIndex: updateUnconditionally 74 -> 45
2022-10-04 13:27:42,736 [grpc-default-executor-4] WARN  server.GrpcLogAppender (LogUtils.java:warn(122)) - omNode-1@group-523986131536->omNode-3-AppendLogResponseHandler: Failed appendEntries: org.apache.ratis.thirdparty.io.grpc.StatusRuntimeException: UNAVAILABLE: io exception
2022-10-04 13:27:42,736 [grpc-default-executor-4] INFO  leader.FollowerInfo (FollowerInfoImpl.java:lambda$new$0(48)) - omNode-1@group-523986131536->omNode-3: nextIndex: updateUnconditionally 75 -> 45
2022-10-04 13:27:42,755 [grpc-default-executor-4] WARN  server.GrpcLogAppender (LogUtils.java:warn(122)) - omNode-1@group-523986131536->omNode-3-AppendLogResponseHandler: Failed appendEntries: org.apache.ratis.thirdparty.io.grpc.StatusRuntimeException: UNAVAILABLE: io exception
2022-10-04 13:27:42,755 [grpc-default-executor-4] INFO  leader.FollowerInfo (FollowerInfoImpl.java:lambda$new$0(48)) - omNode-1@group-523986131536->omNode-3: nextIndex: updateUnconditionally 76 -> 45
2022-10-04 13:27:42,814 [grpc-default-executor-5] WARN  server.GrpcLogAppender (LogUtils.java:warn(122)) - omNode-1@group-523986131536->omNode-3-AppendLogResponseHandler: Failed appendEntries: org.apache.ratis.thirdparty.io.grpc.StatusRuntimeException: UNAVAILABLE: io exception
2022-10-04 13:27:42,815 [grpc-default-executor-5] INFO  leader.FollowerInfo (FollowerInfoImpl.java:lambda$new$0(48)) - omNode-1@group-523986131536->omNode-3: nextIndex: updateUnconditionally 76 -> 45
2022-10-04 13:27:42,842 [grpc-default-executor-3] WARN  server.GrpcLogAppender (LogUtils.java:warn(122)) - omNode-1@group-523986131536->omNode-3-AppendLogResponseHandler: Failed appendEntries: org.apache.ratis.thirdparty.io.grpc.StatusRuntimeException: UNAVAILABLE: io exception
2022-10-04 13:27:42,843 [grpc-default-executor-3] INFO  leader.FollowerInfo (FollowerInfoImpl.java:lambda$new$0(48)) - omNode-1@group-523986131536->omNode-3: nextIndex: updateUnconditionally 77 -> 45
2022-10-04 13:27:42,850 [grpc-default-executor-3] WARN  server.GrpcLogAppender (LogUtils.java:warn(122)) - omNode-1@group-523986131536->omNode-3-AppendLogResponseHandler: Failed appendEntries: org.apache.ratis.thirdparty.io.grpc.StatusRuntimeException: UNAVAILABLE: io exception
2022-10-04 13:27:42,851 [grpc-default-executor-3] INFO  leader.FollowerInfo (FollowerInfoImpl.java:lambda$new$0(48)) - omNode-1@group-523986131536->omNode-3: nextIndex: updateUnconditionally 78 -> 45
2022-10-04 13:27:42,862 [grpc-default-executor-3] WARN  server.GrpcLogAppender (LogUtils.java:warn(122)) - omNode-1@group-523986131536->omNode-3-AppendLogResponseHandler: Failed appendEntries: org.apache.ratis.thirdparty.io.grpc.StatusRuntimeException: UNAVAILABLE: io exception
2022-10-04 13:27:42,862 [grpc-default-executor-3] INFO  leader.FollowerInfo (FollowerInfoImpl.java:lambda$new$0(48)) - omNode-1@group-523986131536->omNode-3: nextIndex: updateUnconditionally 79 -> 45
2022-10-04 13:27:42,897 [grpc-default-executor-3] WARN  server.GrpcLogAppender (LogUtils.java:warn(122)) - omNode-1@group-523986131536->omNode-3-AppendLogResponseHandler: Failed appendEntries: org.apache.ratis.thirdparty.io.grpc.StatusRuntimeException: UNAVAILABLE: io exception
2022-10-04 13:27:42,898 [grpc-default-executor-3] INFO  leader.FollowerInfo (FollowerInfoImpl.java:lambda$new$0(48)) - omNode-1@group-523986131536->omNode-3: nextIndex: updateUnconditionally 79 -> 45
2022-10-04 13:27:42,903 [grpc-default-executor-3] WARN  server.GrpcLogAppender (LogUtils.java:warn(122)) - omNode-1@group-523986131536->omNode-3-AppendLogResponseHandler: Failed appendEntries: org.apache.ratis.thirdparty.io.grpc.StatusRuntimeException: UNAVAILABLE: io exception
2022-10-04 13:27:42,904 [grpc-default-executor-3] INFO  leader.FollowerInfo (FollowerInfoImpl.java:lambda$new$0(48)) - omNode-1@group-523986131536->omNode-3: nextIndex: updateUnconditionally 80 -> 45
2022-10-04 13:27:42,915 [grpc-default-executor-3] WARN  server.GrpcLogAppender (LogUtils.java:warn(122)) - omNode-1@group-523986131536->omNode-3-AppendLogResponseHandler: Failed appendEntries: org.apache.ratis.thirdparty.io.grpc.StatusRuntimeException: UNAVAILABLE: io exception
2022-10-04 13:27:42,915 [grpc-default-executor-3] INFO  leader.FollowerInfo (FollowerInfoImpl.java:lambda$new$0(48)) - omNode-1@group-523986131536->omNode-3: nextIndex: updateUnconditionally 80 -> 45
2022-10-04 13:27:42,925 [grpc-default-executor-3] WARN  server.GrpcLogAppender (LogUtils.java:warn(122)) - omNode-1@group-523986131536->omNode-3-AppendLogResponseHandler: Failed appendEntries: org.apache.ratis.thirdparty.io.grpc.StatusRuntimeException: UNAVAILABLE: io exception
2022-10-04 13:27:42,927 [grpc-default-executor-3] INFO  leader.FollowerInfo (FollowerInfoImpl.java:lambda$new$0(48)) - omNode-1@group-523986131536->omNode-3: nextIndex: updateUnconditionally 82 -> 45
2022-10-04 13:27:42,927 [grpc-default-executor-3] WARN  server.GrpcLogAppender (LogUtils.java:warn(122)) - omNode-1@group-523986131536->omNode-3-AppendLogResponseHandler: Failed appendEntries: org.apache.ratis.thirdparty.io.grpc.StatusRuntimeException: UNAVAILABLE: io exception
2022-10-04 13:27:42,927 [grpc-default-executor-3] INFO  leader.FollowerInfo (FollowerInfoImpl.java:lambda$new$0(48)) - omNode-1@group-523986131536->omNode-3: nextIndex: updateUnconditionally 82 -> 45
2022-10-04 13:27:42,940 [grpc-default-executor-3] WARN  server.GrpcLogAppender (LogUtils.java:warn(122)) - omNode-1@group-523986131536->omNode-3-AppendLogResponseHandler: Failed appendEntries: org.apache.ratis.thirdparty.io.grpc.StatusRuntimeException: UNAVAILABLE: io exception
2022-10-04 13:27:42,940 [grpc-default-executor-3] INFO  leader.FollowerInfo (FollowerInfoImpl.java:lambda$new$0(48)) - omNode-1@group-523986131536->omNode-3: nextIndex: updateUnconditionally 83 -> 45
2022-10-04 13:27:42,958 [grpc-default-executor-3] WARN  server.GrpcLogAppender (LogUtils.java:warn(122)) - omNode-1@group-523986131536->omNode-3-AppendLogResponseHandler: Failed appendEntries: org.apache.ratis.thirdparty.io.grpc.StatusRuntimeException: UNAVAILABLE: io exception
2022-10-04 13:27:42,959 [grpc-default-executor-3] INFO  leader.FollowerInfo (FollowerInfoImpl.java:lambda$new$0(48)) - omNode-1@group-523986131536->omNode-3: nextIndex: updateUnconditionally 83 -> 45
2022-10-04 13:27:42,986 [grpc-default-executor-3] WARN  server.GrpcLogAppender (LogUtils.java:warn(122)) - omNode-1@group-523986131536->omNode-3-AppendLogResponseHandler: Failed appendEntries: org.apache.ratis.thirdparty.io.grpc.StatusRuntimeException: UNAVAILABLE: io exception
2022-10-04 13:27:42,986 [grpc-default-executor-3] INFO  leader.FollowerInfo (FollowerInfoImpl.java:lambda$new$0(48)) - omNode-1@group-523986131536->omNode-3: nextIndex: updateUnconditionally 84 -> 45
2022-10-04 13:27:42,990 [grpc-default-executor-3] WARN  server.GrpcLogAppender (LogUtils.java:warn(122)) - omNode-1@group-523986131536->omNode-3-AppendLogResponseHandler: Failed appendEntries: org.apache.ratis.thirdparty.io.grpc.StatusRuntimeException: UNAVAILABLE: io exception
2022-10-04 13:27:42,990 [grpc-default-executor-3] INFO  leader.FollowerInfo (FollowerInfoImpl.java:lambda$new$0(48)) - omNode-1@group-523986131536->omNode-3: nextIndex: updateUnconditionally 84 -> 45
2022-10-04 13:27:42,996 [grpc-default-executor-3] WARN  server.GrpcLogAppender (LogUtils.java:warn(122)) - omNode-1@group-523986131536->omNode-3-AppendLogResponseHandler: Failed appendEntries: org.apache.ratis.thirdparty.io.grpc.StatusRuntimeException: UNAVAILABLE: io exception
2022-10-04 13:27:42,997 [grpc-default-executor-3] INFO  leader.FollowerInfo (FollowerInfoImpl.java:lambda$new$0(48)) - omNode-1@group-523986131536->omNode-3: nextIndex: updateUnconditionally 86 -> 45
2022-10-04 13:27:43,017 [grpc-default-executor-3] WARN  server.GrpcLogAppender (LogUtils.java:warn(122)) - omNode-1@group-523986131536->omNode-3-AppendLogResponseHandler: Failed appendEntries: org.apache.ratis.thirdparty.io.grpc.StatusRuntimeException: UNAVAILABLE: io exception
2022-10-04 13:27:43,018 [grpc-default-executor-3] INFO  leader.FollowerInfo (FollowerInfoImpl.java:lambda$new$0(48)) - omNode-1@group-523986131536->omNode-3: nextIndex: updateUnconditionally 86 -> 45
2022-10-04 13:27:43,022 [grpc-default-executor-3] WARN  server.GrpcLogAppender (LogUtils.java:warn(122)) - omNode-1@group-523986131536->omNode-3-AppendLogResponseHandler: Failed appendEntries: org.apache.ratis.thirdparty.io.grpc.StatusRuntimeException: UNAVAILABLE: io exception
2022-10-04 13:27:43,022 [grpc-default-executor-3] INFO  leader.FollowerInfo (FollowerInfoImpl.java:lambda$new$0(48)) - omNode-1@group-523986131536->omNode-3: nextIndex: updateUnconditionally 87 -> 45
2022-10-04 13:27:43,036 [grpc-default-executor-3] WARN  server.GrpcLogAppender (LogUtils.java:warn(122)) - omNode-1@group-523986131536->omNode-3-AppendLogResponseHandler: Failed appendEntries: org.apache.ratis.thirdparty.io.grpc.StatusRuntimeException: UNAVAILABLE: io exception
2022-10-04 13:27:43,037 [grpc-default-executor-3] INFO  leader.FollowerInfo (FollowerInfoImpl.java:lambda$new$0(48)) - omNode-1@group-523986131536->omNode-3: nextIndex: updateUnconditionally 87 -> 45
2022-10-04 13:27:43,063 [grpc-default-executor-3] WARN  server.GrpcLogAppender (LogUtils.java:warn(122)) - omNode-1@group-523986131536->omNode-3-AppendLogResponseHandler: Failed appendEntries: org.apache.ratis.thirdparty.io.grpc.StatusRuntimeException: UNAVAILABLE: io exception
2022-10-04 13:27:43,064 [grpc-default-executor-3] INFO  leader.FollowerInfo (FollowerInfoImpl.java:lambda$new$0(48)) - omNode-1@group-523986131536->omNode-3: nextIndex: updateUnconditionally 88 -> 45
2022-10-04 13:27:43,072 [grpc-default-executor-3] WARN  server.GrpcLogAppender (LogUtils.java:warn(122)) - omNode-1@group-523986131536->omNode-3-AppendLogResponseHandler: Failed appendEntries: org.apache.ratis.thirdparty.io.grpc.StatusRuntimeException: UNAVAILABLE: io exception
2022-10-04 13:27:43,073 [grpc-default-executor-3] INFO  leader.FollowerInfo (FollowerInfoImpl.java:lambda$new$0(48)) - omNode-1@group-523986131536->omNode-3: nextIndex: updateUnconditionally 88 -> 45
2022-10-04 13:27:43,079 [grpc-default-executor-3] WARN  server.GrpcLogAppender (LogUtils.java:warn(122)) - omNode-1@group-523986131536->omNode-3-AppendLogResponseHandler: Failed appendEntries: org.apache.ratis.thirdparty.io.grpc.StatusRuntimeException: UNAVAILABLE: io exception
2022-10-04 13:27:43,080 [grpc-default-executor-3] INFO  leader.FollowerInfo (FollowerInfoImpl.java:lambda$new$0(48)) - omNode-1@group-523986131536->omNode-3: nextIndex: updateUnconditionally 90 -> 45
2022-10-04 13:27:43,090 [grpc-default-executor-3] WARN  server.GrpcLogAppender (LogUtils.java:warn(122)) - omNode-1@group-523986131536->omNode-3-AppendLogResponseHandler: Failed appendEntries: org.apache.ratis.thirdparty.io.grpc.StatusRuntimeException: UNAVAILABLE: io exception
2022-10-04 13:27:43,090 [grpc-default-executor-3] INFO  leader.FollowerInfo (FollowerInfoImpl.java:lambda$new$0(48)) - omNode-1@group-523986131536->omNode-3: nextIndex: updateUnconditionally 90 -> 45
2022-10-04 13:27:43,092 [grpc-default-executor-3] WARN  server.GrpcLogAppender (LogUtils.java:warn(122)) - omNode-1@group-523986131536->omNode-3-AppendLogResponseHandler: Failed appendEntries: org.apache.ratis.thirdparty.io.grpc.StatusRuntimeException: UNAVAILABLE: io exception
2022-10-04 13:27:43,093 [grpc-default-executor-3] INFO  leader.FollowerInfo (FollowerInfoImpl.java:lambda$new$0(48)) - omNode-1@group-523986131536->omNode-3: nextIndex: updateUnconditionally 91 -> 45
2022-10-04 13:27:43,105 [grpc-default-executor-3] WARN  server.GrpcLogAppender (LogUtils.java:warn(122)) - omNode-1@group-523986131536->omNode-3-AppendLogResponseHandler: Failed appendEntries: org.apache.ratis.thirdparty.io.grpc.StatusRuntimeException: UNAVAILABLE: io exception
2022-10-04 13:27:43,105 [grpc-default-executor-3] INFO  leader.FollowerInfo (FollowerInfoImpl.java:lambda$new$0(48)) - omNode-1@group-523986131536->omNode-3: nextIndex: updateUnconditionally 91 -> 45
2022-10-04 13:27:43,117 [grpc-default-executor-4] WARN  server.GrpcLogAppender (LogUtils.java:warn(122)) - omNode-1@group-523986131536->omNode-3-AppendLogResponseHandler: Failed appendEntries: org.apache.ratis.thirdparty.io.grpc.StatusRuntimeException: UNAVAILABLE: io exception
2022-10-04 13:27:43,118 [grpc-default-executor-4] INFO  leader.FollowerInfo (FollowerInfoImpl.java:lambda$new$0(48)) - omNode-1@group-523986131536->omNode-3: nextIndex: updateUnconditionally 92 -> 45
2022-10-04 13:27:43,124 [grpc-default-executor-4] WARN  server.GrpcLogAppender (LogUtils.java:warn(122)) - omNode-1@group-523986131536->omNode-3-AppendLogResponseHandler: Failed appendEntries: org.apache.ratis.thirdparty.io.grpc.StatusRuntimeException: UNAVAILABLE: io exception
2022-10-04 13:27:43,125 [grpc-default-executor-4] INFO  leader.FollowerInfo (FollowerInfoImpl.java:lambda$new$0(48)) - omNode-1@group-523986131536->omNode-3: nextIndex: updateUnconditionally 92 -> 45
2022-10-04 13:27:43,130 [grpc-default-executor-4] WARN  server.GrpcLogAppender (LogUtils.java:warn(122)) - omNode-1@group-523986131536->omNode-3-AppendLogResponseHandler: Failed appendEntries: org.apache.ratis.thirdparty.io.grpc.StatusRuntimeException: UNAVAILABLE: io exception
2022-10-04 13:27:43,131 [grpc-default-executor-4] INFO  leader.FollowerInfo (FollowerInfoImpl.java:lambda$new$0(48)) - omNode-1@group-523986131536->omNode-3: nextIndex: updateUnconditionally 94 -> 45
2022-10-04 13:27:43,136 [grpc-default-executor-4] WARN  server.GrpcLogAppender (LogUtils.java:warn(122)) - omNode-1@group-523986131536->omNode-3-AppendLogResponseHandler: Failed appendEntries: org.apache.ratis.thirdparty.io.grpc.StatusRuntimeException: UNAVAILABLE: io exception
2022-10-04 13:27:43,136 [grpc-default-executor-4] INFO  leader.FollowerInfo (FollowerInfoImpl.java:lambda$new$0(48)) - omNode-1@group-523986131536->omNode-3: nextIndex: updateUnconditionally 94 -> 45
2022-10-04 13:27:43,142 [grpc-default-executor-4] WARN  server.GrpcLogAppender (LogUtils.java:warn(122)) - omNode-1@group-523986131536->omNode-3-AppendLogResponseHandler: Failed appendEntries: org.apache.ratis.thirdparty.io.grpc.StatusRuntimeException: UNAVAILABLE: io exception
2022-10-04 13:27:43,142 [grpc-default-executor-4] INFO  leader.FollowerInfo (FollowerInfoImpl.java:lambda$new$0(48)) - omNode-1@group-523986131536->omNode-3: nextIndex: updateUnconditionally 95 -> 45
2022-10-04 13:27:43,163 [grpc-default-executor-3] WARN  server.GrpcLogAppender (LogUtils.java:warn(122)) - omNode-1@group-523986131536->omNode-3-AppendLogResponseHandler: Failed appendEntries: org.apache.ratis.thirdparty.io.grpc.StatusRuntimeException: UNAVAILABLE: io exception
2022-10-04 13:27:43,163 [grpc-default-executor-3] INFO  leader.FollowerInfo (FollowerInfoImpl.java:lambda$new$0(48)) - omNode-1@group-523986131536->omNode-3: nextIndex: updateUnconditionally 95 -> 45
2022-10-04 13:27:43,172 [grpc-default-executor-4] WARN  server.GrpcLogAppender (LogUtils.java:warn(122)) - omNode-1@group-523986131536->omNode-3-AppendLogResponseHandler: Failed appendEntries: org.apache.ratis.thirdparty.io.grpc.StatusRuntimeException: UNAVAILABLE: io exception
2022-10-04 13:27:43,172 [grpc-default-executor-4] INFO  leader.FollowerInfo (FollowerInfoImpl.java:lambda$new$0(48)) - omNode-1@group-523986131536->omNode-3: nextIndex: updateUnconditionally 96 -> 45
2022-10-04 13:27:43,178 [grpc-default-executor-4] WARN  server.GrpcLogAppender (LogUtils.java:warn(122)) - omNode-1@group-523986131536->omNode-3-AppendLogResponseHandler: Failed appendEntries: org.apache.ratis.thirdparty.io.grpc.StatusRuntimeException: UNAVAILABLE: io exception
2022-10-04 13:27:43,178 [grpc-default-executor-4] INFO  leader.FollowerInfo (FollowerInfoImpl.java:lambda$new$0(48)) - omNode-1@group-523986131536->omNode-3: nextIndex: updateUnconditionally 96 -> 45
2022-10-04 13:27:43,185 [grpc-default-executor-4] WARN  server.GrpcLogAppender (LogUtils.java:warn(122)) - omNode-1@group-523986131536->omNode-3-AppendLogResponseHandler: Failed appendEntries: org.apache.ratis.thirdparty.io.grpc.StatusRuntimeException: UNAVAILABLE: io exception
2022-10-04 13:27:43,186 [grpc-default-executor-4] INFO  leader.FollowerInfo (FollowerInfoImpl.java:lambda$new$0(48)) - omNode-1@group-523986131536->omNode-3: nextIndex: updateUnconditionally 96 -> 45
2022-10-04 13:27:43,191 [grpc-default-executor-3] WARN  server.GrpcLogAppender (LogUtils.java:warn(122)) - omNode-1@group-523986131536->omNode-3-AppendLogResponseHandler: Failed appendEntries: org.apache.ratis.thirdparty.io.grpc.StatusRuntimeException: UNAVAILABLE: io exception
2022-10-04 13:27:43,192 [grpc-default-executor-3] INFO  leader.FollowerInfo (FollowerInfoImpl.java:lambda$new$0(48)) - omNode-1@group-523986131536->omNode-3: nextIndex: updateUnconditionally 98 -> 45
2022-10-04 13:27:43,196 [grpc-default-executor-3] WARN  server.GrpcLogAppender (LogUtils.java:warn(122)) - omNode-1@group-523986131536->omNode-3-AppendLogResponseHandler: Failed appendEntries: org.apache.ratis.thirdparty.io.grpc.StatusRuntimeException: UNAVAILABLE: io exception
2022-10-04 13:27:43,197 [grpc-default-executor-3] INFO  leader.FollowerInfo (FollowerInfoImpl.java:lambda$new$0(48)) - omNode-1@group-523986131536->omNode-3: nextIndex: updateUnconditionally 98 -> 45
2022-10-04 13:27:43,202 [grpc-default-executor-3] WARN  server.GrpcLogAppender (LogUtils.java:warn(122)) - omNode-1@group-523986131536->omNode-3-AppendLogResponseHandler: Failed appendEntries: org.apache.ratis.thirdparty.io.grpc.StatusRuntimeException: UNAVAILABLE: io exception
2022-10-04 13:27:43,203 [grpc-default-executor-3] INFO  leader.FollowerInfo (FollowerInfoImpl.java:lambda$new$0(48)) - omNode-1@group-523986131536->omNode-3: nextIndex: updateUnconditionally 99 -> 45
2022-10-04 13:27:43,221 [grpc-default-executor-4] WARN  server.GrpcLogAppender (LogUtils.java:warn(122)) - omNode-1@group-523986131536->omNode-3-AppendLogResponseHandler: Failed appendEntries: org.apache.ratis.thirdparty.io.grpc.StatusRuntimeException: UNAVAILABLE: io exception
2022-10-04 13:27:43,221 [grpc-default-executor-4] INFO  leader.FollowerInfo (FollowerInfoImpl.java:lambda$new$0(48)) - omNode-1@group-523986131536->omNode-3: nextIndex: updateUnconditionally 99 -> 45
2022-10-04 13:27:43,228 [grpc-default-executor-3] WARN  server.GrpcLogAppender (LogUtils.java:warn(122)) - omNode-1@group-523986131536->omNode-3-AppendLogResponseHandler: Failed appendEntries: org.apache.ratis.thirdparty.io.grpc.StatusRuntimeException: UNAVAILABLE: io exception
2022-10-04 13:27:43,229 [grpc-default-executor-3] INFO  leader.FollowerInfo (FollowerInfoImpl.java:lambda$new$0(48)) - omNode-1@group-523986131536->omNode-3: nextIndex: updateUnconditionally 100 -> 45
2022-10-04 13:27:43,240 [grpc-default-executor-3] WARN  server.GrpcLogAppender (LogUtils.java:warn(122)) - omNode-1@group-523986131536->omNode-3-AppendLogResponseHandler: Failed appendEntries: org.apache.ratis.thirdparty.io.grpc.StatusRuntimeException: UNAVAILABLE: io exception
2022-10-04 13:27:43,240 [grpc-default-executor-3] INFO  leader.FollowerInfo (FollowerInfoImpl.java:lambda$new$0(48)) - omNode-1@group-523986131536->omNode-3: nextIndex: updateUnconditionally 100 -> 45
2022-10-04 13:27:43,245 [grpc-default-executor-3] WARN  server.GrpcLogAppender (LogUtils.java:warn(122)) - omNode-1@group-523986131536->omNode-3-AppendLogResponseHandler: Failed appendEntries: org.apache.ratis.thirdparty.io.grpc.StatusRuntimeException: UNAVAILABLE: io exception
2022-10-04 13:27:43,245 [grpc-default-executor-3] INFO  leader.FollowerInfo (FollowerInfoImpl.java:lambda$new$0(48)) - omNode-1@group-523986131536->omNode-3: nextIndex: updateUnconditionally 102 -> 45
2022-10-04 13:27:43,252 [omNode-1@group-523986131536-StateMachineUpdater] INFO  ratis.OzoneManagerStateMachine (OzoneManagerStateMachine.java:takeSnapshot(441)) - Current Snapshot Index (t:2, i:100)
2022-10-04 13:27:43,252 [omNode-1@group-523986131536-StateMachineUpdater] INFO  impl.StateMachineUpdater (StateMachineUpdater.java:takeSnapshot(287)) - omNode-1@group-523986131536-StateMachineUpdater: Took a snapshot at index 100
2022-10-04 13:27:43,252 [omNode-1@group-523986131536-StateMachineUpdater] INFO  impl.StateMachineUpdater (StateMachineUpdater.java:lambda$new$0(92)) - omNode-1@group-523986131536-StateMachineUpdater: snapshotIndex: updateIncreasingly 50 -> 100
2022-10-04 13:27:43,252 [omNode-1@group-523986131536-StateMachineUpdater] INFO  raftlog.RaftLog (RaftLogBase.java:purge(308)) - omNode-1@group-523986131536-SegmentedRaftLog: purge 100
2022-10-04 13:27:43,252 [omNode-1@group-523986131536-StateMachineUpdater] INFO  raftlog.RaftLog (RaftLogBase.java:lambda$new$0(53)) - omNode-1@group-523986131536-SegmentedRaftLog: snapshotIndex: updateIncreasingly 50 -> 100
2022-10-04 13:27:43,252 [omNode-1@group-523986131536-StateMachineUpdater] INFO  raftlog.RaftLog (RaftLogBase.java:lambda$new$0(53)) - omNode-1@group-523986131536-SegmentedRaftLog: purgeIndex: updateToMax old=50, new=100, updated? true
2022-10-04 13:27:43,252 [grpc-default-executor-3] WARN  server.GrpcLogAppender (LogUtils.java:warn(122)) - omNode-1@group-523986131536->omNode-3-AppendLogResponseHandler: Failed appendEntries: org.apache.ratis.thirdparty.io.grpc.StatusRuntimeException: UNAVAILABLE: io exception
2022-10-04 13:27:43,253 [grpc-default-executor-3] INFO  leader.FollowerInfo (FollowerInfoImpl.java:lambda$new$0(48)) - omNode-1@group-523986131536->omNode-3: nextIndex: updateUnconditionally 102 -> 45
2022-10-04 13:27:43,262 [grpc-default-executor-3] WARN  server.GrpcLogAppender (LogUtils.java:warn(122)) - omNode-1@group-523986131536->omNode-3-AppendLogResponseHandler: Failed appendEntries: org.apache.ratis.thirdparty.io.grpc.StatusRuntimeException: UNAVAILABLE: io exception
2022-10-04 13:27:43,262 [grpc-default-executor-3] INFO  leader.FollowerInfo (FollowerInfoImpl.java:lambda$new$0(48)) - omNode-1@group-523986131536->omNode-3: nextIndex: updateUnconditionally 103 -> 45
2022-10-04 13:27:43,280 [grpc-default-executor-4] WARN  server.GrpcLogAppender (LogUtils.java:warn(122)) - omNode-1@group-523986131536->omNode-3-AppendLogResponseHandler: Failed appendEntries: org.apache.ratis.thirdparty.io.grpc.StatusRuntimeException: UNAVAILABLE: io exception
2022-10-04 13:27:43,280 [omNode-2@group-523986131536-StateMachineUpdater] INFO  ratis.OzoneManagerStateMachine (OzoneManagerStateMachine.java:takeSnapshot(441)) - Current Snapshot Index (t:2, i:101)
2022-10-04 13:27:43,280 [omNode-2@group-523986131536-StateMachineUpdater] INFO  impl.StateMachineUpdater (StateMachineUpdater.java:takeSnapshot(287)) - omNode-2@group-523986131536-StateMachineUpdater: Took a snapshot at index 101
2022-10-04 13:27:43,280 [omNode-2@group-523986131536-StateMachineUpdater] INFO  impl.StateMachineUpdater (StateMachineUpdater.java:lambda$new$0(92)) - omNode-2@group-523986131536-StateMachineUpdater: snapshotIndex: updateIncreasingly 50 -> 101
2022-10-04 13:27:43,280 [omNode-2@group-523986131536-StateMachineUpdater] INFO  raftlog.RaftLog (RaftLogBase.java:purge(308)) - omNode-2@group-523986131536-SegmentedRaftLog: purge 101
2022-10-04 13:27:43,280 [omNode-2@group-523986131536-StateMachineUpdater] INFO  raftlog.RaftLog (RaftLogBase.java:lambda$new$0(53)) - omNode-2@group-523986131536-SegmentedRaftLog: snapshotIndex: updateIncreasingly 50 -> 101
2022-10-04 13:27:43,280 [omNode-2@group-523986131536-StateMachineUpdater] INFO  raftlog.RaftLog (RaftLogBase.java:lambda$new$0(53)) - omNode-2@group-523986131536-SegmentedRaftLog: purgeIndex: updateToMax old=50, new=101, updated? true
2022-10-04 13:27:43,281 [grpc-default-executor-4] INFO  leader.FollowerInfo (FollowerInfoImpl.java:lambda$new$0(48)) - omNode-1@group-523986131536->omNode-3: nextIndex: updateUnconditionally 103 -> 45
2022-10-04 13:27:43,289 [grpc-default-executor-3] WARN  server.GrpcLogAppender (LogUtils.java:warn(122)) - omNode-1@group-523986131536->omNode-3-AppendLogResponseHandler: Failed appendEntries: org.apache.ratis.thirdparty.io.grpc.StatusRuntimeException: UNAVAILABLE: io exception
2022-10-04 13:27:43,290 [grpc-default-executor-3] INFO  leader.FollowerInfo (FollowerInfoImpl.java:lambda$new$0(48)) - omNode-1@group-523986131536->omNode-3: nextIndex: updateUnconditionally 104 -> 45
2022-10-04 13:27:43,302 [grpc-default-executor-3] WARN  server.GrpcLogAppender (LogUtils.java:warn(122)) - omNode-1@group-523986131536->omNode-3-AppendLogResponseHandler: Failed appendEntries: org.apache.ratis.thirdparty.io.grpc.StatusRuntimeException: UNAVAILABLE: io exception
2022-10-04 13:27:43,303 [grpc-default-executor-3] INFO  leader.FollowerInfo (FollowerInfoImpl.java:lambda$new$0(48)) - omNode-1@group-523986131536->omNode-3: nextIndex: updateUnconditionally 104 -> 45
2022-10-04 13:27:43,308 [grpc-default-executor-4] WARN  server.GrpcLogAppender (LogUtils.java:warn(122)) - omNode-1@group-523986131536->omNode-3-AppendLogResponseHandler: Failed appendEntries: org.apache.ratis.thirdparty.io.grpc.StatusRuntimeException: UNAVAILABLE: io exception
2022-10-04 13:27:43,309 [grpc-default-executor-4] INFO  leader.FollowerInfo (FollowerInfoImpl.java:lambda$new$0(48)) - omNode-1@group-523986131536->omNode-3: nextIndex: updateUnconditionally 106 -> 45
2022-10-04 13:27:43,318 [grpc-default-executor-3] WARN  server.GrpcLogAppender (LogUtils.java:warn(122)) - omNode-1@group-523986131536->omNode-3-AppendLogResponseHandler: Failed appendEntries: org.apache.ratis.thirdparty.io.grpc.StatusRuntimeException: UNAVAILABLE: io exception
2022-10-04 13:27:43,319 [grpc-default-executor-3] INFO  leader.FollowerInfo (FollowerInfoImpl.java:lambda$new$0(48)) - omNode-1@group-523986131536->omNode-3: nextIndex: updateUnconditionally 106 -> 45
2022-10-04 13:27:43,326 [grpc-default-executor-3] WARN  server.GrpcLogAppender (LogUtils.java:warn(122)) - omNode-1@group-523986131536->omNode-3-AppendLogResponseHandler: Failed appendEntries: org.apache.ratis.thirdparty.io.grpc.StatusRuntimeException: UNAVAILABLE: io exception
2022-10-04 13:27:43,326 [grpc-default-executor-3] INFO  leader.FollowerInfo (FollowerInfoImpl.java:lambda$new$0(48)) - omNode-1@group-523986131536->omNode-3: nextIndex: updateUnconditionally 107 -> 45
2022-10-04 13:27:43,338 [grpc-default-executor-4] WARN  server.GrpcLogAppender (LogUtils.java:warn(122)) - omNode-1@group-523986131536->omNode-3-AppendLogResponseHandler: Failed appendEntries: org.apache.ratis.thirdparty.io.grpc.StatusRuntimeException: UNAVAILABLE: io exception
2022-10-04 13:27:43,339 [grpc-default-executor-4] INFO  leader.FollowerInfo (FollowerInfoImpl.java:lambda$new$0(48)) - omNode-1@group-523986131536->omNode-3: nextIndex: updateUnconditionally 107 -> 45
2022-10-04 13:27:43,350 [grpc-default-executor-3] WARN  server.GrpcLogAppender (LogUtils.java:warn(122)) - omNode-1@group-523986131536->omNode-3-AppendLogResponseHandler: Failed appendEntries: org.apache.ratis.thirdparty.io.grpc.StatusRuntimeException: UNAVAILABLE: io exception
2022-10-04 13:27:43,350 [grpc-default-executor-3] INFO  leader.FollowerInfo (FollowerInfoImpl.java:lambda$new$0(48)) - omNode-1@group-523986131536->omNode-3: nextIndex: updateUnconditionally 108 -> 45
2022-10-04 13:27:43,359 [grpc-default-executor-3] WARN  server.GrpcLogAppender (LogUtils.java:warn(122)) - omNode-1@group-523986131536->omNode-3-AppendLogResponseHandler: Failed appendEntries: org.apache.ratis.thirdparty.io.grpc.StatusRuntimeException: UNAVAILABLE: io exception
2022-10-04 13:27:43,359 [grpc-default-executor-3] INFO  leader.FollowerInfo (FollowerInfoImpl.java:lambda$new$0(48)) - omNode-1@group-523986131536->omNode-3: nextIndex: updateUnconditionally 108 -> 45
2022-10-04 13:27:43,363 [grpc-default-executor-3] WARN  server.GrpcLogAppender (LogUtils.java:warn(122)) - omNode-1@group-523986131536->omNode-3-AppendLogResponseHandler: Failed appendEntries: org.apache.ratis.thirdparty.io.grpc.StatusRuntimeException: UNAVAILABLE: io exception
2022-10-04 13:27:43,363 [grpc-default-executor-3] INFO  leader.FollowerInfo (FollowerInfoImpl.java:lambda$new$0(48)) - omNode-1@group-523986131536->omNode-3: nextIndex: updateUnconditionally 110 -> 45
2022-10-04 13:27:43,369 [grpc-default-executor-3] WARN  server.GrpcLogAppender (LogUtils.java:warn(122)) - omNode-1@group-523986131536->omNode-3-AppendLogResponseHandler: Failed appendEntries: org.apache.ratis.thirdparty.io.grpc.StatusRuntimeException: UNAVAILABLE: io exception
2022-10-04 13:27:43,369 [grpc-default-executor-3] INFO  leader.FollowerInfo (FollowerInfoImpl.java:lambda$new$0(48)) - omNode-1@group-523986131536->omNode-3: nextIndex: updateUnconditionally 110 -> 45
2022-10-04 13:27:43,378 [grpc-default-executor-3] WARN  server.GrpcLogAppender (LogUtils.java:warn(122)) - omNode-1@group-523986131536->omNode-3-AppendLogResponseHandler: Failed appendEntries: org.apache.ratis.thirdparty.io.grpc.StatusRuntimeException: UNAVAILABLE: io exception
2022-10-04 13:27:43,379 [grpc-default-executor-3] INFO  leader.FollowerInfo (FollowerInfoImpl.java:lambda$new$0(48)) - omNode-1@group-523986131536->omNode-3: nextIndex: updateUnconditionally 111 -> 45
2022-10-04 13:27:43,390 [grpc-default-executor-4] WARN  server.GrpcLogAppender (LogUtils.java:warn(122)) - omNode-1@group-523986131536->omNode-3-AppendLogResponseHandler: Failed appendEntries: org.apache.ratis.thirdparty.io.grpc.StatusRuntimeException: UNAVAILABLE: io exception
2022-10-04 13:27:43,392 [grpc-default-executor-4] INFO  leader.FollowerInfo (FollowerInfoImpl.java:lambda$new$0(48)) - omNode-1@group-523986131536->omNode-3: nextIndex: updateUnconditionally 111 -> 45
2022-10-04 13:27:43,402 [grpc-default-executor-3] WARN  server.GrpcLogAppender (LogUtils.java:warn(122)) - omNode-1@group-523986131536->omNode-3-AppendLogResponseHandler: Failed appendEntries: org.apache.ratis.thirdparty.io.grpc.StatusRuntimeException: UNAVAILABLE: io exception
2022-10-04 13:27:43,403 [grpc-default-executor-3] INFO  leader.FollowerInfo (FollowerInfoImpl.java:lambda$new$0(48)) - omNode-1@group-523986131536->omNode-3: nextIndex: updateUnconditionally 112 -> 45
2022-10-04 13:27:43,411 [grpc-default-executor-3] WARN  server.GrpcLogAppender (LogUtils.java:warn(122)) - omNode-1@group-523986131536->omNode-3-AppendLogResponseHandler: Failed appendEntries: org.apache.ratis.thirdparty.io.grpc.StatusRuntimeException: UNAVAILABLE: io exception
2022-10-04 13:27:43,411 [grpc-default-executor-3] INFO  leader.FollowerInfo (FollowerInfoImpl.java:lambda$new$0(48)) - omNode-1@group-523986131536->omNode-3: nextIndex: updateUnconditionally 112 -> 45
2022-10-04 13:27:43,417 [grpc-default-executor-4] WARN  server.GrpcLogAppender (LogUtils.java:warn(122)) - omNode-1@group-523986131536->omNode-3-AppendLogResponseHandler: Failed appendEntries: org.apache.ratis.thirdparty.io.grpc.StatusRuntimeException: UNAVAILABLE: io exception
2022-10-04 13:27:43,417 [grpc-default-executor-4] INFO  leader.FollowerInfo (FollowerInfoImpl.java:lambda$new$0(48)) - omNode-1@group-523986131536->omNode-3: nextIndex: updateUnconditionally 114 -> 45
2022-10-04 13:27:43,423 [grpc-default-executor-3] WARN  server.GrpcLogAppender (LogUtils.java:warn(122)) - omNode-1@group-523986131536->omNode-3-AppendLogResponseHandler: Failed appendEntries: org.apache.ratis.thirdparty.io.grpc.StatusRuntimeException: UNAVAILABLE: io exception
2022-10-04 13:27:43,424 [grpc-default-executor-3] INFO  leader.FollowerInfo (FollowerInfoImpl.java:lambda$new$0(48)) - omNode-1@group-523986131536->omNode-3: nextIndex: updateUnconditionally 114 -> 45
2022-10-04 13:27:43,429 [grpc-default-executor-3] WARN  server.GrpcLogAppender (LogUtils.java:warn(122)) - omNode-1@group-523986131536->omNode-3-AppendLogResponseHandler: Failed appendEntries: org.apache.ratis.thirdparty.io.grpc.StatusRuntimeException: UNAVAILABLE: io exception
2022-10-04 13:27:43,429 [grpc-default-executor-3] INFO  leader.FollowerInfo (FollowerInfoImpl.java:lambda$new$0(48)) - omNode-1@group-523986131536->omNode-3: nextIndex: updateUnconditionally 114 -> 45
2022-10-04 13:27:43,437 [grpc-default-executor-3] WARN  server.GrpcLogAppender (LogUtils.java:warn(122)) - omNode-1@group-523986131536->omNode-3-AppendLogResponseHandler: Failed appendEntries: org.apache.ratis.thirdparty.io.grpc.StatusRuntimeException: UNAVAILABLE: io exception
2022-10-04 13:27:43,437 [grpc-default-executor-3] INFO  leader.FollowerInfo (FollowerInfoImpl.java:lambda$new$0(48)) - omNode-1@group-523986131536->omNode-3: nextIndex: updateUnconditionally 115 -> 45
2022-10-04 13:27:43,450 [grpc-default-executor-4] WARN  server.GrpcLogAppender (LogUtils.java:warn(122)) - omNode-1@group-523986131536->omNode-3-AppendLogResponseHandler: Failed appendEntries: org.apache.ratis.thirdparty.io.grpc.StatusRuntimeException: UNAVAILABLE: io exception
2022-10-04 13:27:43,451 [grpc-default-executor-4] INFO  leader.FollowerInfo (FollowerInfoImpl.java:lambda$new$0(48)) - omNode-1@group-523986131536->omNode-3: nextIndex: updateUnconditionally 115 -> 45
2022-10-04 13:27:43,463 [grpc-default-executor-3] WARN  server.GrpcLogAppender (LogUtils.java:warn(122)) - omNode-1@group-523986131536->omNode-3-AppendLogResponseHandler: Failed appendEntries: org.apache.ratis.thirdparty.io.grpc.StatusRuntimeException: UNAVAILABLE: io exception
2022-10-04 13:27:43,463 [grpc-default-executor-3] INFO  leader.FollowerInfo (FollowerInfoImpl.java:lambda$new$0(48)) - omNode-1@group-523986131536->omNode-3: nextIndex: updateUnconditionally 116 -> 45
2022-10-04 13:27:43,479 [grpc-default-executor-3] WARN  server.GrpcLogAppender (LogUtils.java:warn(122)) - omNode-1@group-523986131536->omNode-3-AppendLogResponseHandler: Failed appendEntries: org.apache.ratis.thirdparty.io.grpc.StatusRuntimeException: UNAVAILABLE: io exception
2022-10-04 13:27:43,479 [grpc-default-executor-3] INFO  leader.FollowerInfo (FollowerInfoImpl.java:lambda$new$0(48)) - omNode-1@group-523986131536->omNode-3: nextIndex: updateUnconditionally 116 -> 45
2022-10-04 13:27:43,483 [grpc-default-executor-4] WARN  server.GrpcLogAppender (LogUtils.java:warn(122)) - omNode-1@group-523986131536->omNode-3-AppendLogResponseHandler: Failed appendEntries: org.apache.ratis.thirdparty.io.grpc.StatusRuntimeException: UNAVAILABLE: io exception
2022-10-04 13:27:43,483 [grpc-default-executor-4] INFO  leader.FollowerInfo (FollowerInfoImpl.java:lambda$new$0(48)) - omNode-1@group-523986131536->omNode-3: nextIndex: updateUnconditionally 117 -> 45
2022-10-04 13:27:43,490 [grpc-default-executor-3] WARN  server.GrpcLogAppender (LogUtils.java:warn(122)) - omNode-1@group-523986131536->omNode-3-AppendLogResponseHandler: Failed appendEntries: org.apache.ratis.thirdparty.io.grpc.StatusRuntimeException: UNAVAILABLE: io exception
2022-10-04 13:27:43,491 [grpc-default-executor-3] INFO  leader.FollowerInfo (FollowerInfoImpl.java:lambda$new$0(48)) - omNode-1@group-523986131536->omNode-3: nextIndex: updateUnconditionally 118 -> 45
2022-10-04 13:27:43,507 [grpc-default-executor-3] WARN  server.GrpcLogAppender (LogUtils.java:warn(122)) - omNode-1@group-523986131536->omNode-3-AppendLogResponseHandler: Failed appendEntries: org.apache.ratis.thirdparty.io.grpc.StatusRuntimeException: UNAVAILABLE: io exception
2022-10-04 13:27:43,507 [grpc-default-executor-3] INFO  leader.FollowerInfo (FollowerInfoImpl.java:lambda$new$0(48)) - omNode-1@group-523986131536->omNode-3: nextIndex: updateUnconditionally 118 -> 45
2022-10-04 13:27:43,513 [grpc-default-executor-4] WARN  server.GrpcLogAppender (LogUtils.java:warn(122)) - omNode-1@group-523986131536->omNode-3-AppendLogResponseHandler: Failed appendEntries: org.apache.ratis.thirdparty.io.grpc.StatusRuntimeException: UNAVAILABLE: io exception
2022-10-04 13:27:43,514 [grpc-default-executor-4] INFO  leader.FollowerInfo (FollowerInfoImpl.java:lambda$new$0(48)) - omNode-1@group-523986131536->omNode-3: nextIndex: updateUnconditionally 119 -> 45
2022-10-04 13:27:43,530 [grpc-default-executor-4] WARN  server.GrpcLogAppender (LogUtils.java:warn(122)) - omNode-1@group-523986131536->omNode-3-AppendLogResponseHandler: Failed appendEntries: org.apache.ratis.thirdparty.io.grpc.StatusRuntimeException: UNAVAILABLE: io exception
2022-10-04 13:27:43,531 [grpc-default-executor-4] INFO  leader.FollowerInfo (FollowerInfoImpl.java:lambda$new$0(48)) - omNode-1@group-523986131536->omNode-3: nextIndex: updateUnconditionally 120 -> 45
2022-10-04 13:27:43,548 [grpc-default-executor-4] WARN  server.GrpcLogAppender (LogUtils.java:warn(122)) - omNode-1@group-523986131536->omNode-3-AppendLogResponseHandler: Failed appendEntries: org.apache.ratis.thirdparty.io.grpc.StatusRuntimeException: UNAVAILABLE: io exception
2022-10-04 13:27:43,549 [grpc-default-executor-4] INFO  leader.FollowerInfo (FollowerInfoImpl.java:lambda$new$0(48)) - omNode-1@group-523986131536->omNode-3: nextIndex: updateUnconditionally 120 -> 45
2022-10-04 13:27:43,552 [grpc-default-executor-4] WARN  server.GrpcLogAppender (LogUtils.java:warn(122)) - omNode-1@group-523986131536->omNode-3-AppendLogResponseHandler: Failed appendEntries: org.apache.ratis.thirdparty.io.grpc.StatusRuntimeException: UNAVAILABLE: io exception
2022-10-04 13:27:43,552 [grpc-default-executor-4] INFO  leader.FollowerInfo (FollowerInfoImpl.java:lambda$new$0(48)) - omNode-1@group-523986131536->omNode-3: nextIndex: updateUnconditionally 122 -> 45
2022-10-04 13:27:43,563 [grpc-default-executor-4] WARN  server.GrpcLogAppender (LogUtils.java:warn(122)) - omNode-1@group-523986131536->omNode-3-AppendLogResponseHandler: Failed appendEntries: org.apache.ratis.thirdparty.io.grpc.StatusRuntimeException: UNAVAILABLE: io exception
2022-10-04 13:27:43,563 [grpc-default-executor-4] INFO  leader.FollowerInfo (FollowerInfoImpl.java:lambda$new$0(48)) - omNode-1@group-523986131536->omNode-3: nextIndex: updateUnconditionally 122 -> 45
2022-10-04 13:27:43,564 [grpc-default-executor-4] WARN  server.GrpcLogAppender (LogUtils.java:warn(122)) - omNode-1@group-523986131536->omNode-3-AppendLogResponseHandler: Failed appendEntries: org.apache.ratis.thirdparty.io.grpc.StatusRuntimeException: UNAVAILABLE: io exception
2022-10-04 13:27:43,564 [grpc-default-executor-4] INFO  leader.FollowerInfo (FollowerInfoImpl.java:lambda$new$0(48)) - omNode-1@group-523986131536->omNode-3: nextIndex: updateUnconditionally 122 -> 45
2022-10-04 13:27:43,572 [grpc-default-executor-4] WARN  server.GrpcLogAppender (LogUtils.java:warn(122)) - omNode-1@group-523986131536->omNode-3-AppendLogResponseHandler: Failed appendEntries: org.apache.ratis.thirdparty.io.grpc.StatusRuntimeException: UNAVAILABLE: io exception
2022-10-04 13:27:43,572 [grpc-default-executor-4] INFO  leader.FollowerInfo (FollowerInfoImpl.java:lambda$new$0(48)) - omNode-1@group-523986131536->omNode-3: nextIndex: updateUnconditionally 123 -> 45
2022-10-04 13:27:43,584 [grpc-default-executor-4] WARN  server.GrpcLogAppender (LogUtils.java:warn(122)) - omNode-1@group-523986131536->omNode-3-AppendLogResponseHandler: Failed appendEntries: org.apache.ratis.thirdparty.io.grpc.StatusRuntimeException: UNAVAILABLE: io exception
2022-10-04 13:27:43,585 [grpc-default-executor-4] INFO  leader.FollowerInfo (FollowerInfoImpl.java:lambda$new$0(48)) - omNode-1@group-523986131536->omNode-3: nextIndex: updateUnconditionally 123 -> 45
2022-10-04 13:27:43,587 [grpc-default-executor-4] WARN  server.GrpcLogAppender (LogUtils.java:warn(122)) - omNode-1@group-523986131536->omNode-3-AppendLogResponseHandler: Failed appendEntries: org.apache.ratis.thirdparty.io.grpc.StatusRuntimeException: UNAVAILABLE: io exception
2022-10-04 13:27:43,588 [grpc-default-executor-4] INFO  leader.FollowerInfo (FollowerInfoImpl.java:lambda$new$0(48)) - omNode-1@group-523986131536->omNode-3: nextIndex: updateUnconditionally 123 -> 45
2022-10-04 13:27:43,600 [grpc-default-executor-4] WARN  server.GrpcLogAppender (LogUtils.java:warn(122)) - omNode-1@group-523986131536->omNode-3-AppendLogResponseHandler: Failed appendEntries: org.apache.ratis.thirdparty.io.grpc.StatusRuntimeException: UNAVAILABLE: io exception
2022-10-04 13:27:43,600 [grpc-default-executor-4] INFO  leader.FollowerInfo (FollowerInfoImpl.java:lambda$new$0(48)) - omNode-1@group-523986131536->omNode-3: nextIndex: updateUnconditionally 124 -> 45
2022-10-04 13:27:43,615 [grpc-default-executor-4] WARN  server.GrpcLogAppender (LogUtils.java:warn(122)) - omNode-1@group-523986131536->omNode-3-AppendLogResponseHandler: Failed appendEntries: org.apache.ratis.thirdparty.io.grpc.StatusRuntimeException: UNAVAILABLE: io exception
2022-10-04 13:27:43,616 [grpc-default-executor-4] INFO  leader.FollowerInfo (FollowerInfoImpl.java:lambda$new$0(48)) - omNode-1@group-523986131536->omNode-3: nextIndex: updateUnconditionally 124 -> 45
2022-10-04 13:27:43,620 [grpc-default-executor-5] WARN  server.GrpcLogAppender (LogUtils.java:warn(122)) - omNode-1@group-523986131536->omNode-3-AppendLogResponseHandler: Failed appendEntries: org.apache.ratis.thirdparty.io.grpc.StatusRuntimeException: UNAVAILABLE: io exception
2022-10-04 13:27:43,620 [grpc-default-executor-5] INFO  leader.FollowerInfo (FollowerInfoImpl.java:lambda$new$0(48)) - omNode-1@group-523986131536->omNode-3: nextIndex: updateUnconditionally 125 -> 45
2022-10-04 13:27:43,624 [EndpointStateMachine task thread for /0.0.0.0:41361 - 0 ] INFO  ipc.Client (Client.java:handleConnectionFailure(977)) - Retrying connect to server: 0.0.0.0/0.0.0.0:41361. Already tried 7 time(s); retry policy is RetryUpToMaximumCountWithFixedSleep(maxRetries=15, sleepTime=1000 MILLISECONDS)
2022-10-04 13:27:43,624 [grpc-default-executor-5] WARN  server.GrpcLogAppender (LogUtils.java:warn(122)) - omNode-1@group-523986131536->omNode-3-AppendLogResponseHandler: Failed appendEntries: org.apache.ratis.thirdparty.io.grpc.StatusRuntimeException: UNAVAILABLE: io exception
2022-10-04 13:27:43,625 [grpc-default-executor-5] INFO  leader.FollowerInfo (FollowerInfoImpl.java:lambda$new$0(48)) - omNode-1@group-523986131536->omNode-3: nextIndex: updateUnconditionally 126 -> 45
2022-10-04 13:27:43,636 [grpc-default-executor-5] WARN  server.GrpcLogAppender (LogUtils.java:warn(122)) - omNode-1@group-523986131536->omNode-3-AppendLogResponseHandler: Failed appendEntries: org.apache.ratis.thirdparty.io.grpc.StatusRuntimeException: UNAVAILABLE: io exception
2022-10-04 13:27:43,636 [grpc-default-executor-5] INFO  leader.FollowerInfo (FollowerInfoImpl.java:lambda$new$0(48)) - omNode-1@group-523986131536->omNode-3: nextIndex: updateUnconditionally 126 -> 45
2022-10-04 13:27:43,638 [grpc-default-executor-5] WARN  server.GrpcLogAppender (LogUtils.java:warn(122)) - omNode-1@group-523986131536->omNode-3-AppendLogResponseHandler: Failed appendEntries: org.apache.ratis.thirdparty.io.grpc.StatusRuntimeException: UNAVAILABLE: io exception
2022-10-04 13:27:43,638 [grpc-default-executor-5] INFO  leader.FollowerInfo (FollowerInfoImpl.java:lambda$new$0(48)) - omNode-1@group-523986131536->omNode-3: nextIndex: updateUnconditionally 126 -> 45
2022-10-04 13:27:43,647 [grpc-default-executor-4] WARN  server.GrpcLogAppender (LogUtils.java:warn(122)) - omNode-1@group-523986131536->omNode-3-AppendLogResponseHandler: Failed appendEntries: org.apache.ratis.thirdparty.io.grpc.StatusRuntimeException: UNAVAILABLE: io exception
2022-10-04 13:27:43,647 [grpc-default-executor-4] INFO  leader.FollowerInfo (FollowerInfoImpl.java:lambda$new$0(48)) - omNode-1@group-523986131536->omNode-3: nextIndex: updateUnconditionally 127 -> 45
2022-10-04 13:27:43,658 [grpc-default-executor-4] WARN  server.GrpcLogAppender (LogUtils.java:warn(122)) - omNode-1@group-523986131536->omNode-3-AppendLogResponseHandler: Failed appendEntries: org.apache.ratis.thirdparty.io.grpc.StatusRuntimeException: UNAVAILABLE: io exception
2022-10-04 13:27:43,659 [grpc-default-executor-4] INFO  leader.FollowerInfo (FollowerInfoImpl.java:lambda$new$0(48)) - omNode-1@group-523986131536->omNode-3: nextIndex: updateUnconditionally 127 -> 45
2022-10-04 13:27:43,660 [grpc-default-executor-4] WARN  server.GrpcLogAppender (LogUtils.java:warn(122)) - omNode-1@group-523986131536->omNode-3-AppendLogResponseHandler: Failed appendEntries: org.apache.ratis.thirdparty.io.grpc.StatusRuntimeException: UNAVAILABLE: io exception
2022-10-04 13:27:43,660 [grpc-default-executor-4] INFO  leader.FollowerInfo (FollowerInfoImpl.java:lambda$new$0(48)) - omNode-1@group-523986131536->omNode-3: nextIndex: updateUnconditionally 127 -> 45
2022-10-04 13:27:43,665 [grpc-default-executor-5] WARN  server.GrpcLogAppender (LogUtils.java:warn(122)) - omNode-1@group-523986131536->omNode-3-AppendLogResponseHandler: Failed appendEntries: org.apache.ratis.thirdparty.io.grpc.StatusRuntimeException: UNAVAILABLE: io exception
2022-10-04 13:27:43,665 [grpc-default-executor-5] INFO  leader.FollowerInfo (FollowerInfoImpl.java:lambda$new$0(48)) - omNode-1@group-523986131536->omNode-3: nextIndex: updateUnconditionally 128 -> 45
2022-10-04 13:27:43,672 [grpc-default-executor-5] WARN  server.GrpcLogAppender (LogUtils.java:warn(122)) - omNode-1@group-523986131536->omNode-3-AppendLogResponseHandler: Failed appendEntries: org.apache.ratis.thirdparty.io.grpc.StatusRuntimeException: UNAVAILABLE: io exception
2022-10-04 13:27:43,672 [grpc-default-executor-5] INFO  leader.FollowerInfo (FollowerInfoImpl.java:lambda$new$0(48)) - omNode-1@group-523986131536->omNode-3: nextIndex: updateUnconditionally 128 -> 45
2022-10-04 13:27:43,677 [grpc-default-executor-4] WARN  server.GrpcLogAppender (LogUtils.java:warn(122)) - omNode-1@group-523986131536->omNode-3-AppendLogResponseHandler: Failed appendEntries: org.apache.ratis.thirdparty.io.grpc.StatusRuntimeException: UNAVAILABLE: io exception
2022-10-04 13:27:43,677 [grpc-default-executor-4] INFO  leader.FollowerInfo (FollowerInfoImpl.java:lambda$new$0(48)) - omNode-1@group-523986131536->omNode-3: nextIndex: updateUnconditionally 129 -> 45
2022-10-04 13:27:43,687 [grpc-default-executor-4] WARN  server.GrpcLogAppender (LogUtils.java:warn(122)) - omNode-1@group-523986131536->omNode-3-AppendLogResponseHandler: Failed appendEntries: org.apache.ratis.thirdparty.io.grpc.StatusRuntimeException: UNAVAILABLE: io exception
2022-10-04 13:27:43,688 [grpc-default-executor-4] INFO  leader.FollowerInfo (FollowerInfoImpl.java:lambda$new$0(48)) - omNode-1@group-523986131536->omNode-3: nextIndex: updateUnconditionally 129 -> 45
2022-10-04 13:27:43,694 [grpc-default-executor-4] WARN  server.GrpcLogAppender (LogUtils.java:warn(122)) - omNode-1@group-523986131536->omNode-3-AppendLogResponseHandler: Failed appendEntries: org.apache.ratis.thirdparty.io.grpc.StatusRuntimeException: UNAVAILABLE: io exception
2022-10-04 13:27:43,694 [grpc-default-executor-4] INFO  leader.FollowerInfo (FollowerInfoImpl.java:lambda$new$0(48)) - omNode-1@group-523986131536->omNode-3: nextIndex: updateUnconditionally 130 -> 45
2022-10-04 13:27:43,697 [grpc-default-executor-5] WARN  server.GrpcLogAppender (LogUtils.java:warn(122)) - omNode-1@group-523986131536->omNode-3-AppendLogResponseHandler: Failed appendEntries: org.apache.ratis.thirdparty.io.grpc.StatusRuntimeException: UNAVAILABLE: io exception
2022-10-04 13:27:43,698 [grpc-default-executor-5] INFO  leader.FollowerInfo (FollowerInfoImpl.java:lambda$new$0(48)) - omNode-1@group-523986131536->omNode-3: nextIndex: updateUnconditionally 131 -> 45
2022-10-04 13:27:43,728 [grpc-default-executor-3] WARN  server.GrpcLogAppender (LogUtils.java:warn(122)) - omNode-1@group-523986131536->omNode-3-AppendLogResponseHandler: Failed appendEntries: org.apache.ratis.thirdparty.io.grpc.StatusRuntimeException: UNAVAILABLE: io exception
2022-10-04 13:27:43,728 [grpc-default-executor-3] INFO  leader.FollowerInfo (FollowerInfoImpl.java:lambda$new$0(48)) - omNode-1@group-523986131536->omNode-3: nextIndex: updateUnconditionally 131 -> 45
2022-10-04 13:27:43,730 [grpc-default-executor-3] WARN  server.GrpcLogAppender (LogUtils.java:warn(122)) - omNode-1@group-523986131536->omNode-3-AppendLogResponseHandler: Failed appendEntries: org.apache.ratis.thirdparty.io.grpc.StatusRuntimeException: UNAVAILABLE: io exception
2022-10-04 13:27:43,730 [grpc-default-executor-3] INFO  leader.FollowerInfo (FollowerInfoImpl.java:lambda$new$0(48)) - omNode-1@group-523986131536->omNode-3: nextIndex: updateUnconditionally 131 -> 45
2022-10-04 13:27:43,743 [grpc-default-executor-4] WARN  server.GrpcLogAppender (LogUtils.java:warn(122)) - omNode-1@group-523986131536->omNode-3-AppendLogResponseHandler: Failed appendEntries: org.apache.ratis.thirdparty.io.grpc.StatusRuntimeException: UNAVAILABLE: io exception
2022-10-04 13:27:43,743 [grpc-default-executor-4] INFO  leader.FollowerInfo (FollowerInfoImpl.java:lambda$new$0(48)) - omNode-1@group-523986131536->omNode-3: nextIndex: updateUnconditionally 132 -> 45
2022-10-04 13:27:43,760 [grpc-default-executor-4] WARN  server.GrpcLogAppender (LogUtils.java:warn(122)) - omNode-1@group-523986131536->omNode-3-AppendLogResponseHandler: Failed appendEntries: org.apache.ratis.thirdparty.io.grpc.StatusRuntimeException: UNAVAILABLE: io exception
2022-10-04 13:27:43,761 [grpc-default-executor-4] INFO  leader.FollowerInfo (FollowerInfoImpl.java:lambda$new$0(48)) - omNode-1@group-523986131536->omNode-3: nextIndex: updateUnconditionally 132 -> 45
2022-10-04 13:27:43,765 [grpc-default-executor-5] WARN  server.GrpcLogAppender (LogUtils.java:warn(122)) - omNode-1@group-523986131536->omNode-3-AppendLogResponseHandler: Failed appendEntries: org.apache.ratis.thirdparty.io.grpc.StatusRuntimeException: UNAVAILABLE: io exception
2022-10-04 13:27:43,766 [grpc-default-executor-5] INFO  leader.FollowerInfo (FollowerInfoImpl.java:lambda$new$0(48)) - omNode-1@group-523986131536->omNode-3: nextIndex: updateUnconditionally 133 -> 45
2022-10-04 13:27:43,769 [grpc-default-executor-5] WARN  server.GrpcLogAppender (LogUtils.java:warn(122)) - omNode-1@group-523986131536->omNode-3-AppendLogResponseHandler: Failed appendEntries: org.apache.ratis.thirdparty.io.grpc.StatusRuntimeException: UNAVAILABLE: io exception
2022-10-04 13:27:43,770 [grpc-default-executor-5] INFO  leader.FollowerInfo (FollowerInfoImpl.java:lambda$new$0(48)) - omNode-1@group-523986131536->omNode-3: nextIndex: updateUnconditionally 134 -> 45
2022-10-04 13:27:43,791 [grpc-default-executor-4] WARN  server.GrpcLogAppender (LogUtils.java:warn(122)) - omNode-1@group-523986131536->omNode-3-AppendLogResponseHandler: Failed appendEntries: org.apache.ratis.thirdparty.io.grpc.StatusRuntimeException: UNAVAILABLE: io exception
2022-10-04 13:27:43,792 [grpc-default-executor-4] INFO  leader.FollowerInfo (FollowerInfoImpl.java:lambda$new$0(48)) - omNode-1@group-523986131536->omNode-3: nextIndex: updateUnconditionally 134 -> 45
2022-10-04 13:27:43,795 [grpc-default-executor-4] WARN  server.GrpcLogAppender (LogUtils.java:warn(122)) - omNode-1@group-523986131536->omNode-3-AppendLogResponseHandler: Failed appendEntries: org.apache.ratis.thirdparty.io.grpc.StatusRuntimeException: UNAVAILABLE: io exception
2022-10-04 13:27:43,795 [grpc-default-executor-4] INFO  leader.FollowerInfo (FollowerInfoImpl.java:lambda$new$0(48)) - omNode-1@group-523986131536->omNode-3: nextIndex: updateUnconditionally 134 -> 45
2022-10-04 13:27:43,800 [grpc-default-executor-4] WARN  server.GrpcLogAppender (LogUtils.java:warn(122)) - omNode-1@group-523986131536->omNode-3-AppendLogResponseHandler: Failed appendEntries: org.apache.ratis.thirdparty.io.grpc.StatusRuntimeException: UNAVAILABLE: io exception
2022-10-04 13:27:43,800 [grpc-default-executor-4] INFO  leader.FollowerInfo (FollowerInfoImpl.java:lambda$new$0(48)) - omNode-1@group-523986131536->omNode-3: nextIndex: updateUnconditionally 135 -> 45
2022-10-04 13:27:43,816 [grpc-default-executor-4] WARN  server.GrpcLogAppender (LogUtils.java:warn(122)) - omNode-1@group-523986131536->omNode-3-AppendLogResponseHandler: Failed appendEntries: org.apache.ratis.thirdparty.io.grpc.StatusRuntimeException: UNAVAILABLE: io exception
2022-10-04 13:27:43,816 [grpc-default-executor-4] INFO  leader.FollowerInfo (FollowerInfoImpl.java:lambda$new$0(48)) - omNode-1@group-523986131536->omNode-3: nextIndex: updateUnconditionally 135 -> 45
2022-10-04 13:27:43,819 [grpc-default-executor-5] WARN  server.GrpcLogAppender (LogUtils.java:warn(122)) - omNode-1@group-523986131536->omNode-3-AppendLogResponseHandler: Failed appendEntries: org.apache.ratis.thirdparty.io.grpc.StatusRuntimeException: UNAVAILABLE: io exception
2022-10-04 13:27:43,819 [grpc-default-executor-5] INFO  leader.FollowerInfo (FollowerInfoImpl.java:lambda$new$0(48)) - omNode-1@group-523986131536->omNode-3: nextIndex: updateUnconditionally 135 -> 45
2022-10-04 13:27:43,840 [grpc-default-executor-4] WARN  server.GrpcLogAppender (LogUtils.java:warn(122)) - omNode-1@group-523986131536->omNode-3-AppendLogResponseHandler: Failed appendEntries: org.apache.ratis.thirdparty.io.grpc.StatusRuntimeException: UNAVAILABLE: io exception
2022-10-04 13:27:43,841 [grpc-default-executor-4] INFO  leader.FollowerInfo (FollowerInfoImpl.java:lambda$new$0(48)) - omNode-1@group-523986131536->omNode-3: nextIndex: updateUnconditionally 136 -> 45
2022-10-04 13:27:43,851 [grpc-default-executor-4] WARN  server.GrpcLogAppender (LogUtils.java:warn(122)) - omNode-1@group-523986131536->omNode-3-AppendLogResponseHandler: Failed appendEntries: org.apache.ratis.thirdparty.io.grpc.StatusRuntimeException: UNAVAILABLE: io exception
2022-10-04 13:27:43,851 [grpc-default-executor-4] INFO  leader.FollowerInfo (FollowerInfoImpl.java:lambda$new$0(48)) - omNode-1@group-523986131536->omNode-3: nextIndex: updateUnconditionally 136 -> 45
2022-10-04 13:27:43,852 [grpc-default-executor-4] WARN  server.GrpcLogAppender (LogUtils.java:warn(122)) - omNode-1@group-523986131536->omNode-3-AppendLogResponseHandler: Failed appendEntries: org.apache.ratis.thirdparty.io.grpc.StatusRuntimeException: UNAVAILABLE: io exception
2022-10-04 13:27:43,853 [grpc-default-executor-4] INFO  leader.FollowerInfo (FollowerInfoImpl.java:lambda$new$0(48)) - omNode-1@group-523986131536->omNode-3: nextIndex: updateUnconditionally 137 -> 45
2022-10-04 13:27:43,856 [grpc-default-executor-4] WARN  server.GrpcLogAppender (LogUtils.java:warn(122)) - omNode-1@group-523986131536->omNode-3-AppendLogResponseHandler: Failed appendEntries: org.apache.ratis.thirdparty.io.grpc.StatusRuntimeException: UNAVAILABLE: io exception
2022-10-04 13:27:43,857 [grpc-default-executor-4] INFO  leader.FollowerInfo (FollowerInfoImpl.java:lambda$new$0(48)) - omNode-1@group-523986131536->omNode-3: nextIndex: updateUnconditionally 138 -> 45
2022-10-04 13:27:43,865 [grpc-default-executor-4] WARN  server.GrpcLogAppender (LogUtils.java:warn(122)) - omNode-1@group-523986131536->omNode-3-AppendLogResponseHandler: Failed appendEntries: org.apache.ratis.thirdparty.io.grpc.StatusRuntimeException: UNAVAILABLE: io exception
2022-10-04 13:27:43,865 [grpc-default-executor-4] INFO  leader.FollowerInfo (FollowerInfoImpl.java:lambda$new$0(48)) - omNode-1@group-523986131536->omNode-3: nextIndex: updateUnconditionally 138 -> 45
2022-10-04 13:27:43,870 [grpc-default-executor-4] WARN  server.GrpcLogAppender (LogUtils.java:warn(122)) - omNode-1@group-523986131536->omNode-3-AppendLogResponseHandler: Failed appendEntries: org.apache.ratis.thirdparty.io.grpc.StatusRuntimeException: UNAVAILABLE: io exception
2022-10-04 13:27:43,870 [grpc-default-executor-4] INFO  leader.FollowerInfo (FollowerInfoImpl.java:lambda$new$0(48)) - omNode-1@group-523986131536->omNode-3: nextIndex: updateUnconditionally 139 -> 45
2022-10-04 13:27:43,886 [grpc-default-executor-5] WARN  server.GrpcLogAppender (LogUtils.java:warn(122)) - omNode-1@group-523986131536->omNode-3-AppendLogResponseHandler: Failed appendEntries: org.apache.ratis.thirdparty.io.grpc.StatusRuntimeException: UNAVAILABLE: io exception
2022-10-04 13:27:43,887 [grpc-default-executor-5] INFO  leader.FollowerInfo (FollowerInfoImpl.java:lambda$new$0(48)) - omNode-1@group-523986131536->omNode-3: nextIndex: updateUnconditionally 139 -> 45
2022-10-04 13:27:43,888 [grpc-default-executor-5] WARN  server.GrpcLogAppender (LogUtils.java:warn(122)) - omNode-1@group-523986131536->omNode-3-AppendLogResponseHandler: Failed appendEntries: org.apache.ratis.thirdparty.io.grpc.StatusRuntimeException: UNAVAILABLE: io exception
2022-10-04 13:27:43,888 [grpc-default-executor-5] INFO  leader.FollowerInfo (FollowerInfoImpl.java:lambda$new$0(48)) - omNode-1@group-523986131536->omNode-3: nextIndex: updateUnconditionally 139 -> 45
2022-10-04 13:27:43,915 [grpc-default-executor-5] WARN  server.GrpcLogAppender (LogUtils.java:warn(122)) - omNode-1@group-523986131536->omNode-3-AppendLogResponseHandler: Failed appendEntries: org.apache.ratis.thirdparty.io.grpc.StatusRuntimeException: UNAVAILABLE: io exception
2022-10-04 13:27:43,916 [grpc-default-executor-5] INFO  leader.FollowerInfo (FollowerInfoImpl.java:lambda$new$0(48)) - omNode-1@group-523986131536->omNode-3: nextIndex: updateUnconditionally 140 -> 45
2022-10-04 13:27:43,927 [grpc-default-executor-3] WARN  server.GrpcLogAppender (LogUtils.java:warn(122)) - omNode-1@group-523986131536->omNode-3-AppendLogResponseHandler: Failed appendEntries: org.apache.ratis.thirdparty.io.grpc.StatusRuntimeException: UNAVAILABLE: io exception
2022-10-04 13:27:43,928 [grpc-default-executor-3] INFO  leader.FollowerInfo (FollowerInfoImpl.java:lambda$new$0(48)) - omNode-1@group-523986131536->omNode-3: nextIndex: updateUnconditionally 140 -> 45
2022-10-04 13:27:43,932 [grpc-default-executor-4] WARN  server.GrpcLogAppender (LogUtils.java:warn(122)) - omNode-1@group-523986131536->omNode-3-AppendLogResponseHandler: Failed appendEntries: org.apache.ratis.thirdparty.io.grpc.StatusRuntimeException: UNAVAILABLE: io exception
2022-10-04 13:27:43,932 [grpc-default-executor-4] INFO  leader.FollowerInfo (FollowerInfoImpl.java:lambda$new$0(48)) - omNode-1@group-523986131536->omNode-3: nextIndex: updateUnconditionally 141 -> 45
2022-10-04 13:27:43,946 [grpc-default-executor-3] WARN  server.GrpcLogAppender (LogUtils.java:warn(122)) - omNode-1@group-523986131536->omNode-3-AppendLogResponseHandler: Failed appendEntries: org.apache.ratis.thirdparty.io.grpc.StatusRuntimeException: UNAVAILABLE: io exception
2022-10-04 13:27:43,946 [grpc-default-executor-3] INFO  leader.FollowerInfo (FollowerInfoImpl.java:lambda$new$0(48)) - omNode-1@group-523986131536->omNode-3: nextIndex: updateUnconditionally 141 -> 45
2022-10-04 13:27:43,957 [grpc-default-executor-3] WARN  server.GrpcLogAppender (LogUtils.java:warn(122)) - omNode-1@group-523986131536->omNode-3-AppendLogResponseHandler: Failed appendEntries: org.apache.ratis.thirdparty.io.grpc.StatusRuntimeException: UNAVAILABLE: io exception
2022-10-04 13:27:43,957 [grpc-default-executor-3] INFO  leader.FollowerInfo (FollowerInfoImpl.java:lambda$new$0(48)) - omNode-1@group-523986131536->omNode-3: nextIndex: updateUnconditionally 143 -> 45
2022-10-04 13:27:43,978 [grpc-default-executor-4] WARN  server.GrpcLogAppender (LogUtils.java:warn(122)) - omNode-1@group-523986131536->omNode-3-AppendLogResponseHandler: Failed appendEntries: org.apache.ratis.thirdparty.io.grpc.StatusRuntimeException: UNAVAILABLE: io exception
2022-10-04 13:27:43,978 [grpc-default-executor-4] INFO  leader.FollowerInfo (FollowerInfoImpl.java:lambda$new$0(48)) - omNode-1@group-523986131536->omNode-3: nextIndex: updateUnconditionally 143 -> 45
2022-10-04 13:27:43,999 [grpc-default-executor-4] WARN  server.GrpcLogAppender (LogUtils.java:warn(122)) - omNode-1@group-523986131536->omNode-3-AppendLogResponseHandler: Failed appendEntries: org.apache.ratis.thirdparty.io.grpc.StatusRuntimeException: UNAVAILABLE: io exception
2022-10-04 13:27:44,000 [grpc-default-executor-4] INFO  leader.FollowerInfo (FollowerInfoImpl.java:lambda$new$0(48)) - omNode-1@group-523986131536->omNode-3: nextIndex: updateUnconditionally 144 -> 45
2022-10-04 13:27:44,012 [grpc-default-executor-3] WARN  server.GrpcLogAppender (LogUtils.java:warn(122)) - omNode-1@group-523986131536->omNode-3-AppendLogResponseHandler: Failed appendEntries: org.apache.ratis.thirdparty.io.grpc.StatusRuntimeException: UNAVAILABLE: io exception
2022-10-04 13:27:44,013 [grpc-default-executor-3] INFO  leader.FollowerInfo (FollowerInfoImpl.java:lambda$new$0(48)) - omNode-1@group-523986131536->omNode-3: nextIndex: updateUnconditionally 144 -> 45
2022-10-04 13:27:44,016 [grpc-default-executor-4] WARN  server.GrpcLogAppender (LogUtils.java:warn(122)) - omNode-1@group-523986131536->omNode-3-AppendLogResponseHandler: Failed appendEntries: org.apache.ratis.thirdparty.io.grpc.StatusRuntimeException: UNAVAILABLE: io exception
2022-10-04 13:27:44,016 [grpc-default-executor-4] INFO  leader.FollowerInfo (FollowerInfoImpl.java:lambda$new$0(48)) - omNode-1@group-523986131536->omNode-3: nextIndex: updateUnconditionally 146 -> 45
2022-10-04 13:27:44,029 [grpc-default-executor-3] WARN  server.GrpcLogAppender (LogUtils.java:warn(122)) - omNode-1@group-523986131536->omNode-3-AppendLogResponseHandler: Failed appendEntries: org.apache.ratis.thirdparty.io.grpc.StatusRuntimeException: UNAVAILABLE: io exception
2022-10-04 13:27:44,029 [grpc-default-executor-3] INFO  leader.FollowerInfo (FollowerInfoImpl.java:lambda$new$0(48)) - omNode-1@group-523986131536->omNode-3: nextIndex: updateUnconditionally 146 -> 45
2022-10-04 13:27:44,038 [grpc-default-executor-3] WARN  server.GrpcLogAppender (LogUtils.java:warn(122)) - omNode-1@group-523986131536->omNode-3-AppendLogResponseHandler: Failed appendEntries: org.apache.ratis.thirdparty.io.grpc.StatusRuntimeException: UNAVAILABLE: io exception
2022-10-04 13:27:44,039 [grpc-default-executor-3] INFO  leader.FollowerInfo (FollowerInfoImpl.java:lambda$new$0(48)) - omNode-1@group-523986131536->omNode-3: nextIndex: updateUnconditionally 147 -> 45
2022-10-04 13:27:44,043 [grpc-default-executor-3] WARN  server.GrpcLogAppender (LogUtils.java:warn(122)) - omNode-1@group-523986131536->omNode-3-AppendLogResponseHandler: Failed appendEntries: org.apache.ratis.thirdparty.io.grpc.StatusRuntimeException: UNAVAILABLE: io exception
2022-10-04 13:27:44,043 [grpc-default-executor-3] INFO  leader.FollowerInfo (FollowerInfoImpl.java:lambda$new$0(48)) - omNode-1@group-523986131536->omNode-3: nextIndex: updateUnconditionally 147 -> 45
2022-10-04 13:27:44,072 [grpc-default-executor-3] WARN  server.GrpcLogAppender (LogUtils.java:warn(122)) - omNode-1@group-523986131536->omNode-3-AppendLogResponseHandler: Failed appendEntries: org.apache.ratis.thirdparty.io.grpc.StatusRuntimeException: UNAVAILABLE: io exception
2022-10-04 13:27:44,072 [grpc-default-executor-3] INFO  leader.FollowerInfo (FollowerInfoImpl.java:lambda$new$0(48)) - omNode-1@group-523986131536->omNode-3: nextIndex: updateUnconditionally 148 -> 45
2022-10-04 13:27:44,083 [grpc-default-executor-4] WARN  server.GrpcLogAppender (LogUtils.java:warn(122)) - omNode-1@group-523986131536->omNode-3-AppendLogResponseHandler: Failed appendEntries: org.apache.ratis.thirdparty.io.grpc.StatusRuntimeException: UNAVAILABLE: io exception
2022-10-04 13:27:44,084 [grpc-default-executor-4] INFO  leader.FollowerInfo (FollowerInfoImpl.java:lambda$new$0(48)) - omNode-1@group-523986131536->omNode-3: nextIndex: updateUnconditionally 148 -> 45
2022-10-04 13:27:44,088 [grpc-default-executor-4] WARN  server.GrpcLogAppender (LogUtils.java:warn(122)) - omNode-1@group-523986131536->omNode-3-AppendLogResponseHandler: Failed appendEntries: org.apache.ratis.thirdparty.io.grpc.StatusRuntimeException: UNAVAILABLE: io exception
2022-10-04 13:27:44,088 [grpc-default-executor-4] INFO  leader.FollowerInfo (FollowerInfoImpl.java:lambda$new$0(48)) - omNode-1@group-523986131536->omNode-3: nextIndex: updateUnconditionally 150 -> 45
2022-10-04 13:27:44,096 [grpc-default-executor-4] WARN  server.GrpcLogAppender (LogUtils.java:warn(122)) - omNode-1@group-523986131536->omNode-3-AppendLogResponseHandler: Failed appendEntries: org.apache.ratis.thirdparty.io.grpc.StatusRuntimeException: UNAVAILABLE: io exception
2022-10-04 13:27:44,096 [grpc-default-executor-4] INFO  leader.FollowerInfo (FollowerInfoImpl.java:lambda$new$0(48)) - omNode-1@group-523986131536->omNode-3: nextIndex: updateUnconditionally 150 -> 45
2022-10-04 13:27:44,098 [grpc-default-executor-4] WARN  server.GrpcLogAppender (LogUtils.java:warn(122)) - omNode-1@group-523986131536->omNode-3-AppendLogResponseHandler: Failed appendEntries: org.apache.ratis.thirdparty.io.grpc.StatusRuntimeException: UNAVAILABLE: io exception
2022-10-04 13:27:44,098 [grpc-default-executor-4] INFO  leader.FollowerInfo (FollowerInfoImpl.java:lambda$new$0(48)) - omNode-1@group-523986131536->omNode-3: nextIndex: updateUnconditionally 150 -> 45
2022-10-04 13:27:44,111 [grpc-default-executor-4] WARN  server.GrpcLogAppender (LogUtils.java:warn(122)) - omNode-1@group-523986131536->omNode-3-AppendLogResponseHandler: Failed appendEntries: org.apache.ratis.thirdparty.io.grpc.StatusRuntimeException: UNAVAILABLE: io exception
2022-10-04 13:27:44,112 [grpc-default-executor-4] INFO  leader.FollowerInfo (FollowerInfoImpl.java:lambda$new$0(48)) - omNode-1@group-523986131536->omNode-3: nextIndex: updateUnconditionally 151 -> 45
2022-10-04 13:27:44,133 [omNode-1@group-523986131536-StateMachineUpdater] INFO  ratis.OzoneManagerStateMachine (OzoneManagerStateMachine.java:takeSnapshot(441)) - Current Snapshot Index (t:2, i:150)
2022-10-04 13:27:44,134 [omNode-1@group-523986131536-StateMachineUpdater] INFO  impl.StateMachineUpdater (StateMachineUpdater.java:takeSnapshot(287)) - omNode-1@group-523986131536-StateMachineUpdater: Took a snapshot at index 150
2022-10-04 13:27:44,134 [omNode-1@group-523986131536-StateMachineUpdater] INFO  impl.StateMachineUpdater (StateMachineUpdater.java:lambda$new$0(92)) - omNode-1@group-523986131536-StateMachineUpdater: snapshotIndex: updateIncreasingly 100 -> 150
2022-10-04 13:27:44,134 [omNode-1@group-523986131536-StateMachineUpdater] INFO  raftlog.RaftLog (RaftLogBase.java:purge(308)) - omNode-1@group-523986131536-SegmentedRaftLog: purge 150
2022-10-04 13:27:44,134 [omNode-1@group-523986131536-StateMachineUpdater] INFO  raftlog.RaftLog (RaftLogBase.java:lambda$new$0(53)) - omNode-1@group-523986131536-SegmentedRaftLog: snapshotIndex: updateIncreasingly 100 -> 150
2022-10-04 13:27:44,134 [omNode-1@group-523986131536-StateMachineUpdater] INFO  raftlog.RaftLog (RaftLogBase.java:lambda$new$0(53)) - omNode-1@group-523986131536-SegmentedRaftLog: purgeIndex: updateToMax old=100, new=150, updated? true
2022-10-04 13:27:44,134 [grpc-default-executor-4] WARN  server.GrpcLogAppender (LogUtils.java:warn(122)) - omNode-1@group-523986131536->omNode-3-AppendLogResponseHandler: Failed appendEntries: org.apache.ratis.thirdparty.io.grpc.StatusRuntimeException: UNAVAILABLE: io exception
2022-10-04 13:27:44,134 [grpc-default-executor-4] INFO  leader.FollowerInfo (FollowerInfoImpl.java:lambda$new$0(48)) - omNode-1@group-523986131536->omNode-3: nextIndex: updateUnconditionally 151 -> 45
2022-10-04 13:27:44,140 [grpc-default-executor-4] WARN  server.GrpcLogAppender (LogUtils.java:warn(122)) - omNode-1@group-523986131536->omNode-3-AppendLogResponseHandler: Failed appendEntries: org.apache.ratis.thirdparty.io.grpc.StatusRuntimeException: UNAVAILABLE: io exception
2022-10-04 13:27:44,140 [grpc-default-executor-4] INFO  leader.FollowerInfo (FollowerInfoImpl.java:lambda$new$0(48)) - omNode-1@group-523986131536->omNode-3: nextIndex: updateUnconditionally 152 -> 45
2022-10-04 13:27:44,159 [grpc-default-executor-4] WARN  server.GrpcLogAppender (LogUtils.java:warn(122)) - omNode-1@group-523986131536->omNode-3-AppendLogResponseHandler: Failed appendEntries: org.apache.ratis.thirdparty.io.grpc.StatusRuntimeException: UNAVAILABLE: io exception
2022-10-04 13:27:44,159 [grpc-default-executor-4] INFO  leader.FollowerInfo (FollowerInfoImpl.java:lambda$new$0(48)) - omNode-1@group-523986131536->omNode-3: nextIndex: updateUnconditionally 152 -> 45
2022-10-04 13:27:44,163 [grpc-default-executor-3] WARN  server.GrpcLogAppender (LogUtils.java:warn(122)) - omNode-1@group-523986131536->omNode-3-AppendLogResponseHandler: Failed appendEntries: org.apache.ratis.thirdparty.io.grpc.StatusRuntimeException: UNAVAILABLE: io exception
2022-10-04 13:27:44,164 [grpc-default-executor-3] INFO  leader.FollowerInfo (FollowerInfoImpl.java:lambda$new$0(48)) - omNode-1@group-523986131536->omNode-3: nextIndex: updateUnconditionally 154 -> 45
2022-10-04 13:27:44,181 [grpc-default-executor-3] WARN  server.GrpcLogAppender (LogUtils.java:warn(122)) - omNode-1@group-523986131536->omNode-3-AppendLogResponseHandler: Failed appendEntries: org.apache.ratis.thirdparty.io.grpc.StatusRuntimeException: UNAVAILABLE: io exception
2022-10-04 13:27:44,182 [grpc-default-executor-3] INFO  leader.FollowerInfo (FollowerInfoImpl.java:lambda$new$0(48)) - omNode-1@group-523986131536->omNode-3: nextIndex: updateUnconditionally 154 -> 45
2022-10-04 13:27:44,188 [grpc-default-executor-3] WARN  server.GrpcLogAppender (LogUtils.java:warn(122)) - omNode-1@group-523986131536->omNode-3-AppendLogResponseHandler: Failed appendEntries: org.apache.ratis.thirdparty.io.grpc.StatusRuntimeException: UNAVAILABLE: io exception
2022-10-04 13:27:44,188 [grpc-default-executor-3] INFO  leader.FollowerInfo (FollowerInfoImpl.java:lambda$new$0(48)) - omNode-1@group-523986131536->omNode-3: nextIndex: updateUnconditionally 155 -> 45
2022-10-04 13:27:44,192 [grpc-default-executor-4] WARN  server.GrpcLogAppender (LogUtils.java:warn(122)) - omNode-1@group-523986131536->omNode-3-AppendLogResponseHandler: Failed appendEntries: org.apache.ratis.thirdparty.io.grpc.StatusRuntimeException: UNAVAILABLE: io exception
2022-10-04 13:27:44,192 [grpc-default-executor-4] INFO  leader.FollowerInfo (FollowerInfoImpl.java:lambda$new$0(48)) - omNode-1@group-523986131536->omNode-3: nextIndex: updateUnconditionally 155 -> 45
2022-10-04 13:27:44,201 [omNode-2@group-523986131536-StateMachineUpdater] INFO  ratis.OzoneManagerStateMachine (OzoneManagerStateMachine.java:takeSnapshot(441)) - Current Snapshot Index (t:2, i:153)
2022-10-04 13:27:44,201 [omNode-2@group-523986131536-StateMachineUpdater] INFO  impl.StateMachineUpdater (StateMachineUpdater.java:takeSnapshot(287)) - omNode-2@group-523986131536-StateMachineUpdater: Took a snapshot at index 153
2022-10-04 13:27:44,201 [omNode-2@group-523986131536-StateMachineUpdater] INFO  impl.StateMachineUpdater (StateMachineUpdater.java:lambda$new$0(92)) - omNode-2@group-523986131536-StateMachineUpdater: snapshotIndex: updateIncreasingly 101 -> 153
2022-10-04 13:27:44,201 [omNode-2@group-523986131536-StateMachineUpdater] INFO  raftlog.RaftLog (RaftLogBase.java:purge(308)) - omNode-2@group-523986131536-SegmentedRaftLog: purge 153
2022-10-04 13:27:44,201 [omNode-2@group-523986131536-StateMachineUpdater] INFO  raftlog.RaftLog (RaftLogBase.java:lambda$new$0(53)) - omNode-2@group-523986131536-SegmentedRaftLog: snapshotIndex: updateIncreasingly 101 -> 153
2022-10-04 13:27:44,201 [omNode-2@group-523986131536-StateMachineUpdater] INFO  raftlog.RaftLog (RaftLogBase.java:lambda$new$0(53)) - omNode-2@group-523986131536-SegmentedRaftLog: purgeIndex: updateToMax old=101, new=153, updated? true
2022-10-04 13:27:44,202 [grpc-default-executor-3] WARN  server.GrpcLogAppender (LogUtils.java:warn(122)) - omNode-1@group-523986131536->omNode-3-AppendLogResponseHandler: Failed appendEntries: org.apache.ratis.thirdparty.io.grpc.StatusRuntimeException: UNAVAILABLE: io exception
2022-10-04 13:27:44,202 [grpc-default-executor-3] INFO  leader.FollowerInfo (FollowerInfoImpl.java:lambda$new$0(48)) - omNode-1@group-523986131536->omNode-3: nextIndex: updateUnconditionally 155 -> 45
2022-10-04 13:27:44,208 [grpc-default-executor-4] WARN  server.GrpcLogAppender (LogUtils.java:warn(122)) - omNode-1@group-523986131536->omNode-3-AppendLogResponseHandler: Failed appendEntries: org.apache.ratis.thirdparty.io.grpc.StatusRuntimeException: UNAVAILABLE: io exception
2022-10-04 13:27:44,209 [grpc-default-executor-4] INFO  leader.FollowerInfo (FollowerInfoImpl.java:lambda$new$0(48)) - omNode-1@group-523986131536->omNode-3: nextIndex: updateUnconditionally 156 -> 45
2022-10-04 13:27:44,225 [grpc-default-executor-4] WARN  server.GrpcLogAppender (LogUtils.java:warn(122)) - omNode-1@group-523986131536->omNode-3-AppendLogResponseHandler: Failed appendEntries: org.apache.ratis.thirdparty.io.grpc.StatusRuntimeException: UNAVAILABLE: io exception
2022-10-04 13:27:44,225 [grpc-default-executor-4] INFO  leader.FollowerInfo (FollowerInfoImpl.java:lambda$new$0(48)) - omNode-1@group-523986131536->omNode-3: nextIndex: updateUnconditionally 156 -> 45
2022-10-04 13:27:44,228 [grpc-default-executor-4] WARN  server.GrpcLogAppender (LogUtils.java:warn(122)) - omNode-1@group-523986131536->omNode-3-AppendLogResponseHandler: Failed appendEntries: org.apache.ratis.thirdparty.io.grpc.StatusRuntimeException: UNAVAILABLE: io exception
2022-10-04 13:27:44,228 [grpc-default-executor-4] INFO  leader.FollowerInfo (FollowerInfoImpl.java:lambda$new$0(48)) - omNode-1@group-523986131536->omNode-3: nextIndex: updateUnconditionally 158 -> 45
2022-10-04 13:27:44,235 [grpc-default-executor-4] WARN  server.GrpcLogAppender (LogUtils.java:warn(122)) - omNode-1@group-523986131536->omNode-3-AppendLogResponseHandler: Failed appendEntries: org.apache.ratis.thirdparty.io.grpc.StatusRuntimeException: UNAVAILABLE: io exception
2022-10-04 13:27:44,236 [grpc-default-executor-4] INFO  leader.FollowerInfo (FollowerInfoImpl.java:lambda$new$0(48)) - omNode-1@group-523986131536->omNode-3: nextIndex: updateUnconditionally 158 -> 45
2022-10-04 13:27:44,249 [grpc-default-executor-4] WARN  server.GrpcLogAppender (LogUtils.java:warn(122)) - omNode-1@group-523986131536->omNode-3-AppendLogResponseHandler: Failed appendEntries: org.apache.ratis.thirdparty.io.grpc.StatusRuntimeException: UNAVAILABLE: io exception
2022-10-04 13:27:44,249 [grpc-default-executor-4] INFO  leader.FollowerInfo (FollowerInfoImpl.java:lambda$new$0(48)) - omNode-1@group-523986131536->omNode-3: nextIndex: updateUnconditionally 159 -> 45
2022-10-04 13:27:44,270 [grpc-default-executor-4] WARN  server.GrpcLogAppender (LogUtils.java:warn(122)) - omNode-1@group-523986131536->omNode-3-AppendLogResponseHandler: Failed appendEntries: org.apache.ratis.thirdparty.io.grpc.StatusRuntimeException: UNAVAILABLE: io exception
2022-10-04 13:27:44,270 [grpc-default-executor-4] INFO  leader.FollowerInfo (FollowerInfoImpl.java:lambda$new$0(48)) - omNode-1@group-523986131536->omNode-3: nextIndex: updateUnconditionally 159 -> 45
2022-10-04 13:27:44,278 [grpc-default-executor-4] WARN  server.GrpcLogAppender (LogUtils.java:warn(122)) - omNode-1@group-523986131536->omNode-3-AppendLogResponseHandler: Failed appendEntries: org.apache.ratis.thirdparty.io.grpc.StatusRuntimeException: UNAVAILABLE: io exception
2022-10-04 13:27:44,279 [grpc-default-executor-4] INFO  leader.FollowerInfo (FollowerInfoImpl.java:lambda$new$0(48)) - omNode-1@group-523986131536->omNode-3: nextIndex: updateUnconditionally 160 -> 45
2022-10-04 13:27:44,284 [grpc-default-executor-4] WARN  server.GrpcLogAppender (LogUtils.java:warn(122)) - omNode-1@group-523986131536->omNode-3-AppendLogResponseHandler: Failed appendEntries: org.apache.ratis.thirdparty.io.grpc.StatusRuntimeException: UNAVAILABLE: io exception
2022-10-04 13:27:44,285 [grpc-default-executor-4] INFO  leader.FollowerInfo (FollowerInfoImpl.java:lambda$new$0(48)) - omNode-1@group-523986131536->omNode-3: nextIndex: updateUnconditionally 160 -> 45
2022-10-04 13:27:44,286 [grpc-default-executor-3] WARN  server.GrpcLogAppender (LogUtils.java:warn(122)) - omNode-1@group-523986131536->omNode-3-AppendLogResponseHandler: Failed appendEntries: org.apache.ratis.thirdparty.io.grpc.StatusRuntimeException: UNAVAILABLE: io exception
2022-10-04 13:27:44,286 [grpc-default-executor-3] INFO  leader.FollowerInfo (FollowerInfoImpl.java:lambda$new$0(48)) - omNode-1@group-523986131536->omNode-3: nextIndex: updateUnconditionally 161 -> 45
2022-10-04 13:27:44,294 [grpc-default-executor-4] WARN  server.GrpcLogAppender (LogUtils.java:warn(122)) - omNode-1@group-523986131536->omNode-3-AppendLogResponseHandler: Failed appendEntries: org.apache.ratis.thirdparty.io.grpc.StatusRuntimeException: UNAVAILABLE: io exception
2022-10-04 13:27:44,294 [grpc-default-executor-4] INFO  leader.FollowerInfo (FollowerInfoImpl.java:lambda$new$0(48)) - omNode-1@group-523986131536->omNode-3: nextIndex: updateUnconditionally 162 -> 45
2022-10-04 13:27:44,299 [grpc-default-executor-4] WARN  server.GrpcLogAppender (LogUtils.java:warn(122)) - omNode-1@group-523986131536->omNode-3-AppendLogResponseHandler: Failed appendEntries: org.apache.ratis.thirdparty.io.grpc.StatusRuntimeException: UNAVAILABLE: io exception
2022-10-04 13:27:44,299 [grpc-default-executor-4] INFO  leader.FollowerInfo (FollowerInfoImpl.java:lambda$new$0(48)) - omNode-1@group-523986131536->omNode-3: nextIndex: updateUnconditionally 162 -> 45
2022-10-04 13:27:44,300 [grpc-default-executor-4] WARN  server.GrpcLogAppender (LogUtils.java:warn(122)) - omNode-1@group-523986131536->omNode-3-AppendLogResponseHandler: Failed appendEntries: org.apache.ratis.thirdparty.io.grpc.StatusRuntimeException: UNAVAILABLE: io exception
2022-10-04 13:27:44,301 [grpc-default-executor-4] INFO  leader.FollowerInfo (FollowerInfoImpl.java:lambda$new$0(48)) - omNode-1@group-523986131536->omNode-3: nextIndex: updateUnconditionally 162 -> 45
2022-10-04 13:27:44,309 [grpc-default-executor-4] WARN  server.GrpcLogAppender (LogUtils.java:warn(122)) - omNode-1@group-523986131536->omNode-3-AppendLogResponseHandler: Failed appendEntries: org.apache.ratis.thirdparty.io.grpc.StatusRuntimeException: UNAVAILABLE: io exception
2022-10-04 13:27:44,309 [grpc-default-executor-4] INFO  leader.FollowerInfo (FollowerInfoImpl.java:lambda$new$0(48)) - omNode-1@group-523986131536->omNode-3: nextIndex: updateUnconditionally 163 -> 45
2022-10-04 13:27:44,326 [grpc-default-executor-3] WARN  server.GrpcLogAppender (LogUtils.java:warn(122)) - omNode-1@group-523986131536->omNode-3-AppendLogResponseHandler: Failed appendEntries: org.apache.ratis.thirdparty.io.grpc.StatusRuntimeException: UNAVAILABLE: io exception
2022-10-04 13:27:44,326 [grpc-default-executor-3] INFO  leader.FollowerInfo (FollowerInfoImpl.java:lambda$new$0(48)) - omNode-1@group-523986131536->omNode-3: nextIndex: updateUnconditionally 163 -> 45
2022-10-04 13:27:44,328 [grpc-default-executor-3] WARN  server.GrpcLogAppender (LogUtils.java:warn(122)) - omNode-1@group-523986131536->omNode-3-AppendLogResponseHandler: Failed appendEntries: org.apache.ratis.thirdparty.io.grpc.StatusRuntimeException: UNAVAILABLE: io exception
2022-10-04 13:27:44,328 [grpc-default-executor-3] INFO  leader.FollowerInfo (FollowerInfoImpl.java:lambda$new$0(48)) - omNode-1@group-523986131536->omNode-3: nextIndex: updateUnconditionally 163 -> 45
2022-10-04 13:27:44,340 [grpc-default-executor-4] WARN  server.GrpcLogAppender (LogUtils.java:warn(122)) - omNode-1@group-523986131536->omNode-3-AppendLogResponseHandler: Failed appendEntries: org.apache.ratis.thirdparty.io.grpc.StatusRuntimeException: UNAVAILABLE: io exception
2022-10-04 13:27:44,340 [grpc-default-executor-4] INFO  leader.FollowerInfo (FollowerInfoImpl.java:lambda$new$0(48)) - omNode-1@group-523986131536->omNode-3: nextIndex: updateUnconditionally 164 -> 45
2022-10-04 13:27:44,348 [grpc-default-executor-4] WARN  server.GrpcLogAppender (LogUtils.java:warn(122)) - omNode-1@group-523986131536->omNode-3-AppendLogResponseHandler: Failed appendEntries: org.apache.ratis.thirdparty.io.grpc.StatusRuntimeException: UNAVAILABLE: io exception
2022-10-04 13:27:44,349 [grpc-default-executor-4] INFO  leader.FollowerInfo (FollowerInfoImpl.java:lambda$new$0(48)) - omNode-1@group-523986131536->omNode-3: nextIndex: updateUnconditionally 164 -> 45
2022-10-04 13:27:44,351 [grpc-default-executor-3] WARN  server.GrpcLogAppender (LogUtils.java:warn(122)) - omNode-1@group-523986131536->omNode-3-AppendLogResponseHandler: Failed appendEntries: org.apache.ratis.thirdparty.io.grpc.StatusRuntimeException: UNAVAILABLE: io exception
2022-10-04 13:27:44,351 [grpc-default-executor-3] INFO  leader.FollowerInfo (FollowerInfoImpl.java:lambda$new$0(48)) - omNode-1@group-523986131536->omNode-3: nextIndex: updateUnconditionally 165 -> 45
2022-10-04 13:27:44,366 [grpc-default-executor-4] WARN  server.GrpcLogAppender (LogUtils.java:warn(122)) - omNode-1@group-523986131536->omNode-3-AppendLogResponseHandler: Failed appendEntries: org.apache.ratis.thirdparty.io.grpc.StatusRuntimeException: UNAVAILABLE: io exception
2022-10-04 13:27:44,366 [grpc-default-executor-4] INFO  leader.FollowerInfo (FollowerInfoImpl.java:lambda$new$0(48)) - omNode-1@group-523986131536->omNode-3: nextIndex: updateUnconditionally 166 -> 45
2022-10-04 13:27:44,369 [grpc-default-executor-4] WARN  server.GrpcLogAppender (LogUtils.java:warn(122)) - omNode-1@group-523986131536->omNode-3-AppendLogResponseHandler: Failed appendEntries: org.apache.ratis.thirdparty.io.grpc.StatusRuntimeException: UNAVAILABLE: io exception
2022-10-04 13:27:44,370 [grpc-default-executor-4] INFO  leader.FollowerInfo (FollowerInfoImpl.java:lambda$new$0(48)) - omNode-1@group-523986131536->omNode-3: nextIndex: updateUnconditionally 166 -> 45
2022-10-04 13:27:44,371 [grpc-default-executor-4] WARN  server.GrpcLogAppender (LogUtils.java:warn(122)) - omNode-1@group-523986131536->omNode-3-AppendLogResponseHandler: Failed appendEntries: org.apache.ratis.thirdparty.io.grpc.StatusRuntimeException: UNAVAILABLE: io exception
2022-10-04 13:27:44,371 [grpc-default-executor-4] INFO  leader.FollowerInfo (FollowerInfoImpl.java:lambda$new$0(48)) - omNode-1@group-523986131536->omNode-3: nextIndex: updateUnconditionally 166 -> 45
2022-10-04 13:27:44,380 [grpc-default-executor-3] WARN  server.GrpcLogAppender (LogUtils.java:warn(122)) - omNode-1@group-523986131536->omNode-3-AppendLogResponseHandler: Failed appendEntries: org.apache.ratis.thirdparty.io.grpc.StatusRuntimeException: UNAVAILABLE: io exception
2022-10-04 13:27:44,380 [grpc-default-executor-3] INFO  leader.FollowerInfo (FollowerInfoImpl.java:lambda$new$0(48)) - omNode-1@group-523986131536->omNode-3: nextIndex: updateUnconditionally 167 -> 45
2022-10-04 13:27:44,392 [grpc-default-executor-3] WARN  server.GrpcLogAppender (LogUtils.java:warn(122)) - omNode-1@group-523986131536->omNode-3-AppendLogResponseHandler: Failed appendEntries: org.apache.ratis.thirdparty.io.grpc.StatusRuntimeException: UNAVAILABLE: io exception
2022-10-04 13:27:44,392 [grpc-default-executor-3] INFO  leader.FollowerInfo (FollowerInfoImpl.java:lambda$new$0(48)) - omNode-1@group-523986131536->omNode-3: nextIndex: updateUnconditionally 167 -> 45
2022-10-04 13:27:44,404 [grpc-default-executor-4] WARN  server.GrpcLogAppender (LogUtils.java:warn(122)) - omNode-1@group-523986131536->omNode-3-AppendLogResponseHandler: Failed appendEntries: org.apache.ratis.thirdparty.io.grpc.StatusRuntimeException: UNAVAILABLE: io exception
2022-10-04 13:27:44,404 [grpc-default-executor-4] INFO  leader.FollowerInfo (FollowerInfoImpl.java:lambda$new$0(48)) - omNode-1@group-523986131536->omNode-3: nextIndex: updateUnconditionally 168 -> 45
2022-10-04 13:27:44,417 [grpc-default-executor-3] WARN  server.GrpcLogAppender (LogUtils.java:warn(122)) - omNode-1@group-523986131536->omNode-3-AppendLogResponseHandler: Failed appendEntries: org.apache.ratis.thirdparty.io.grpc.StatusRuntimeException: UNAVAILABLE: io exception
2022-10-04 13:27:44,418 [grpc-default-executor-3] INFO  leader.FollowerInfo (FollowerInfoImpl.java:lambda$new$0(48)) - omNode-1@group-523986131536->omNode-3: nextIndex: updateUnconditionally 168 -> 45
2022-10-04 13:27:44,424 [grpc-default-executor-3] WARN  server.GrpcLogAppender (LogUtils.java:warn(122)) - omNode-1@group-523986131536->omNode-3-AppendLogResponseHandler: Failed appendEntries: org.apache.ratis.thirdparty.io.grpc.StatusRuntimeException: UNAVAILABLE: io exception
2022-10-04 13:27:44,424 [grpc-default-executor-3] INFO  leader.FollowerInfo (FollowerInfoImpl.java:lambda$new$0(48)) - omNode-1@group-523986131536->omNode-3: nextIndex: updateUnconditionally 170 -> 45
2022-10-04 13:27:44,435 [grpc-default-executor-4] WARN  server.GrpcLogAppender (LogUtils.java:warn(122)) - omNode-1@group-523986131536->omNode-3-AppendLogResponseHandler: Failed appendEntries: org.apache.ratis.thirdparty.io.grpc.StatusRuntimeException: UNAVAILABLE: io exception
2022-10-04 13:27:44,435 [grpc-default-executor-4] INFO  leader.FollowerInfo (FollowerInfoImpl.java:lambda$new$0(48)) - omNode-1@group-523986131536->omNode-3: nextIndex: updateUnconditionally 170 -> 45
2022-10-04 13:27:44,442 [grpc-default-executor-3] WARN  server.GrpcLogAppender (LogUtils.java:warn(122)) - omNode-1@group-523986131536->omNode-3-AppendLogResponseHandler: Failed appendEntries: org.apache.ratis.thirdparty.io.grpc.StatusRuntimeException: UNAVAILABLE: io exception
2022-10-04 13:27:44,443 [grpc-default-executor-3] INFO  leader.FollowerInfo (FollowerInfoImpl.java:lambda$new$0(48)) - omNode-1@group-523986131536->omNode-3: nextIndex: updateUnconditionally 171 -> 45
2022-10-04 13:27:44,461 [grpc-default-executor-3] WARN  server.GrpcLogAppender (LogUtils.java:warn(122)) - omNode-1@group-523986131536->omNode-3-AppendLogResponseHandler: Failed appendEntries: org.apache.ratis.thirdparty.io.grpc.StatusRuntimeException: UNAVAILABLE: io exception
2022-10-04 13:27:44,462 [grpc-default-executor-3] INFO  leader.FollowerInfo (FollowerInfoImpl.java:lambda$new$0(48)) - omNode-1@group-523986131536->omNode-3: nextIndex: updateUnconditionally 171 -> 45
2022-10-04 13:27:44,465 [grpc-default-executor-4] WARN  server.GrpcLogAppender (LogUtils.java:warn(122)) - omNode-1@group-523986131536->omNode-3-AppendLogResponseHandler: Failed appendEntries: org.apache.ratis.thirdparty.io.grpc.StatusRuntimeException: UNAVAILABLE: io exception
2022-10-04 13:27:44,465 [grpc-default-executor-4] INFO  leader.FollowerInfo (FollowerInfoImpl.java:lambda$new$0(48)) - omNode-1@group-523986131536->omNode-3: nextIndex: updateUnconditionally 171 -> 45
2022-10-04 13:27:44,474 [grpc-default-executor-4] WARN  server.GrpcLogAppender (LogUtils.java:warn(122)) - omNode-1@group-523986131536->omNode-3-AppendLogResponseHandler: Failed appendEntries: org.apache.ratis.thirdparty.io.grpc.StatusRuntimeException: UNAVAILABLE: io exception
2022-10-04 13:27:44,474 [grpc-default-executor-4] INFO  leader.FollowerInfo (FollowerInfoImpl.java:lambda$new$0(48)) - omNode-1@group-523986131536->omNode-3: nextIndex: updateUnconditionally 172 -> 45
2022-10-04 13:27:44,479 [grpc-default-executor-4] WARN  server.GrpcLogAppender (LogUtils.java:warn(122)) - omNode-1@group-523986131536->omNode-3-AppendLogResponseHandler: Failed appendEntries: org.apache.ratis.thirdparty.io.grpc.StatusRuntimeException: UNAVAILABLE: io exception
2022-10-04 13:27:44,479 [grpc-default-executor-4] INFO  leader.FollowerInfo (FollowerInfoImpl.java:lambda$new$0(48)) - omNode-1@group-523986131536->omNode-3: nextIndex: updateUnconditionally 172 -> 45
2022-10-04 13:27:44,484 [grpc-default-executor-4] WARN  server.GrpcLogAppender (LogUtils.java:warn(122)) - omNode-1@group-523986131536->omNode-3-AppendLogResponseHandler: Failed appendEntries: org.apache.ratis.thirdparty.io.grpc.StatusRuntimeException: UNAVAILABLE: io exception
2022-10-04 13:27:44,484 [grpc-default-executor-4] INFO  leader.FollowerInfo (FollowerInfoImpl.java:lambda$new$0(48)) - omNode-1@group-523986131536->omNode-3: nextIndex: updateUnconditionally 173 -> 45
2022-10-04 13:27:44,487 [grpc-default-executor-4] WARN  server.GrpcLogAppender (LogUtils.java:warn(122)) - omNode-1@group-523986131536->omNode-3-AppendLogResponseHandler: Failed appendEntries: org.apache.ratis.thirdparty.io.grpc.StatusRuntimeException: UNAVAILABLE: io exception
2022-10-04 13:27:44,488 [grpc-default-executor-4] INFO  leader.FollowerInfo (FollowerInfoImpl.java:lambda$new$0(48)) - omNode-1@group-523986131536->omNode-3: nextIndex: updateUnconditionally 174 -> 45
2022-10-04 13:27:44,495 [grpc-default-executor-3] WARN  server.GrpcLogAppender (LogUtils.java:warn(122)) - omNode-1@group-523986131536->omNode-3-AppendLogResponseHandler: Failed appendEntries: org.apache.ratis.thirdparty.io.grpc.StatusRuntimeException: UNAVAILABLE: io exception
2022-10-04 13:27:44,495 [grpc-default-executor-3] INFO  leader.FollowerInfo (FollowerInfoImpl.java:lambda$new$0(48)) - omNode-1@group-523986131536->omNode-3: nextIndex: updateUnconditionally 175 -> 45
2022-10-04 13:27:44,512 [grpc-default-executor-4] WARN  server.GrpcLogAppender (LogUtils.java:warn(122)) - omNode-1@group-523986131536->omNode-3-AppendLogResponseHandler: Failed appendEntries: org.apache.ratis.thirdparty.io.grpc.StatusRuntimeException: UNAVAILABLE: io exception
2022-10-04 13:27:44,513 [grpc-default-executor-4] INFO  leader.FollowerInfo (FollowerInfoImpl.java:lambda$new$0(48)) - omNode-1@group-523986131536->omNode-3: nextIndex: updateUnconditionally 175 -> 45
2022-10-04 13:27:44,523 [grpc-default-executor-5] WARN  server.GrpcLogAppender (LogUtils.java:warn(122)) - omNode-1@group-523986131536->omNode-3-AppendLogResponseHandler: Failed appendEntries: org.apache.ratis.thirdparty.io.grpc.StatusRuntimeException: UNAVAILABLE: io exception
2022-10-04 13:27:44,523 [grpc-default-executor-5] INFO  leader.FollowerInfo (FollowerInfoImpl.java:lambda$new$0(48)) - omNode-1@group-523986131536->omNode-3: nextIndex: updateUnconditionally 176 -> 45
2022-10-04 13:27:44,524 [grpc-default-executor-5] WARN  server.GrpcLogAppender (LogUtils.java:warn(122)) - omNode-1@group-523986131536->omNode-3-AppendLogResponseHandler: Failed appendEntries: org.apache.ratis.thirdparty.io.grpc.StatusRuntimeException: UNAVAILABLE: io exception
2022-10-04 13:27:44,525 [grpc-default-executor-5] INFO  leader.FollowerInfo (FollowerInfoImpl.java:lambda$new$0(48)) - omNode-1@group-523986131536->omNode-3: nextIndex: updateUnconditionally 176 -> 45
2022-10-04 13:27:44,529 [grpc-default-executor-4] WARN  server.GrpcLogAppender (LogUtils.java:warn(122)) - omNode-1@group-523986131536->omNode-3-AppendLogResponseHandler: Failed appendEntries: org.apache.ratis.thirdparty.io.grpc.StatusRuntimeException: UNAVAILABLE: io exception
2022-10-04 13:27:44,529 [grpc-default-executor-4] INFO  leader.FollowerInfo (FollowerInfoImpl.java:lambda$new$0(48)) - omNode-1@group-523986131536->omNode-3: nextIndex: updateUnconditionally 177 -> 45
2022-10-04 13:27:44,541 [grpc-default-executor-3] WARN  server.GrpcLogAppender (LogUtils.java:warn(122)) - omNode-1@group-523986131536->omNode-3-AppendLogResponseHandler: Failed appendEntries: org.apache.ratis.thirdparty.io.grpc.StatusRuntimeException: UNAVAILABLE: io exception
2022-10-04 13:27:44,541 [grpc-default-executor-3] INFO  leader.FollowerInfo (FollowerInfoImpl.java:lambda$new$0(48)) - omNode-1@group-523986131536->omNode-3: nextIndex: updateUnconditionally 177 -> 45
2022-10-04 13:27:44,543 [grpc-default-executor-3] WARN  server.GrpcLogAppender (LogUtils.java:warn(122)) - omNode-1@group-523986131536->omNode-3-AppendLogResponseHandler: Failed appendEntries: org.apache.ratis.thirdparty.io.grpc.StatusRuntimeException: UNAVAILABLE: io exception
2022-10-04 13:27:44,543 [grpc-default-executor-3] INFO  leader.FollowerInfo (FollowerInfoImpl.java:lambda$new$0(48)) - omNode-1@group-523986131536->omNode-3: nextIndex: updateUnconditionally 178 -> 45
2022-10-04 13:27:44,550 [grpc-default-executor-3] WARN  server.GrpcLogAppender (LogUtils.java:warn(122)) - omNode-1@group-523986131536->omNode-3-AppendLogResponseHandler: Failed appendEntries: org.apache.ratis.thirdparty.io.grpc.StatusRuntimeException: UNAVAILABLE: io exception
2022-10-04 13:27:44,551 [grpc-default-executor-3] INFO  leader.FollowerInfo (FollowerInfoImpl.java:lambda$new$0(48)) - omNode-1@group-523986131536->omNode-3: nextIndex: updateUnconditionally 178 -> 45
2022-10-04 13:27:44,558 [grpc-default-executor-5] WARN  server.GrpcLogAppender (LogUtils.java:warn(122)) - omNode-1@group-523986131536->omNode-3-AppendLogResponseHandler: Failed appendEntries: org.apache.ratis.thirdparty.io.grpc.StatusRuntimeException: UNAVAILABLE: io exception
2022-10-04 13:27:44,558 [grpc-default-executor-5] INFO  leader.FollowerInfo (FollowerInfoImpl.java:lambda$new$0(48)) - omNode-1@group-523986131536->omNode-3: nextIndex: updateUnconditionally 179 -> 45
2022-10-04 13:27:44,576 [grpc-default-executor-3] WARN  server.GrpcLogAppender (LogUtils.java:warn(122)) - omNode-1@group-523986131536->omNode-3-AppendLogResponseHandler: Failed appendEntries: org.apache.ratis.thirdparty.io.grpc.StatusRuntimeException: UNAVAILABLE: io exception
2022-10-04 13:27:44,576 [grpc-default-executor-3] INFO  leader.FollowerInfo (FollowerInfoImpl.java:lambda$new$0(48)) - omNode-1@group-523986131536->omNode-3: nextIndex: updateUnconditionally 179 -> 45
2022-10-04 13:27:44,598 [grpc-default-executor-3] WARN  server.GrpcLogAppender (LogUtils.java:warn(122)) - omNode-1@group-523986131536->omNode-3-AppendLogResponseHandler: Failed appendEntries: org.apache.ratis.thirdparty.io.grpc.StatusRuntimeException: UNAVAILABLE: io exception
2022-10-04 13:27:44,598 [grpc-default-executor-3] INFO  leader.FollowerInfo (FollowerInfoImpl.java:lambda$new$0(48)) - omNode-1@group-523986131536->omNode-3: nextIndex: updateUnconditionally 180 -> 45
2022-10-04 13:27:44,618 [grpc-default-executor-3] WARN  server.GrpcLogAppender (LogUtils.java:warn(122)) - omNode-1@group-523986131536->omNode-3-AppendLogResponseHandler: Failed appendEntries: org.apache.ratis.thirdparty.io.grpc.StatusRuntimeException: UNAVAILABLE: io exception
2022-10-04 13:27:44,619 [grpc-default-executor-3] INFO  leader.FollowerInfo (FollowerInfoImpl.java:lambda$new$0(48)) - omNode-1@group-523986131536->omNode-3: nextIndex: updateUnconditionally 180 -> 45
2022-10-04 13:27:44,623 [grpc-default-executor-3] WARN  server.GrpcLogAppender (LogUtils.java:warn(122)) - omNode-1@group-523986131536->omNode-3-AppendLogResponseHandler: Failed appendEntries: org.apache.ratis.thirdparty.io.grpc.StatusRuntimeException: UNAVAILABLE: io exception
2022-10-04 13:27:44,624 [grpc-default-executor-3] INFO  leader.FollowerInfo (FollowerInfoImpl.java:lambda$new$0(48)) - omNode-1@group-523986131536->omNode-3: nextIndex: updateUnconditionally 182 -> 45
2022-10-04 13:27:44,624 [EndpointStateMachine task thread for /0.0.0.0:41361 - 0 ] INFO  ipc.Client (Client.java:handleConnectionFailure(977)) - Retrying connect to server: 0.0.0.0/0.0.0.0:41361. Already tried 8 time(s); retry policy is RetryUpToMaximumCountWithFixedSleep(maxRetries=15, sleepTime=1000 MILLISECONDS)
2022-10-04 13:27:44,631 [grpc-default-executor-3] WARN  server.GrpcLogAppender (LogUtils.java:warn(122)) - omNode-1@group-523986131536->omNode-3-AppendLogResponseHandler: Failed appendEntries: org.apache.ratis.thirdparty.io.grpc.StatusRuntimeException: UNAVAILABLE: io exception
2022-10-04 13:27:44,631 [grpc-default-executor-3] INFO  leader.FollowerInfo (FollowerInfoImpl.java:lambda$new$0(48)) - omNode-1@group-523986131536->omNode-3: nextIndex: updateUnconditionally 182 -> 45
2022-10-04 13:27:44,637 [grpc-default-executor-5] WARN  server.GrpcLogAppender (LogUtils.java:warn(122)) - omNode-1@group-523986131536->omNode-3-AppendLogResponseHandler: Failed appendEntries: org.apache.ratis.thirdparty.io.grpc.StatusRuntimeException: UNAVAILABLE: io exception
2022-10-04 13:27:44,637 [grpc-default-executor-5] INFO  leader.FollowerInfo (FollowerInfoImpl.java:lambda$new$0(48)) - omNode-1@group-523986131536->omNode-3: nextIndex: updateUnconditionally 183 -> 45
2022-10-04 13:27:44,652 [grpc-default-executor-3] WARN  server.GrpcLogAppender (LogUtils.java:warn(122)) - omNode-1@group-523986131536->omNode-3-AppendLogResponseHandler: Failed appendEntries: org.apache.ratis.thirdparty.io.grpc.StatusRuntimeException: UNAVAILABLE: io exception
2022-10-04 13:27:44,652 [grpc-default-executor-3] INFO  leader.FollowerInfo (FollowerInfoImpl.java:lambda$new$0(48)) - omNode-1@group-523986131536->omNode-3: nextIndex: updateUnconditionally 183 -> 45
2022-10-04 13:27:44,670 [grpc-default-executor-5] WARN  server.GrpcLogAppender (LogUtils.java:warn(122)) - omNode-1@group-523986131536->omNode-3-AppendLogResponseHandler: Failed appendEntries: org.apache.ratis.thirdparty.io.grpc.StatusRuntimeException: UNAVAILABLE: io exception
2022-10-04 13:27:44,671 [grpc-default-executor-5] INFO  leader.FollowerInfo (FollowerInfoImpl.java:lambda$new$0(48)) - omNode-1@group-523986131536->omNode-3: nextIndex: updateUnconditionally 183 -> 45
2022-10-04 13:27:44,676 [grpc-default-executor-5] WARN  server.GrpcLogAppender (LogUtils.java:warn(122)) - omNode-1@group-523986131536->omNode-3-AppendLogResponseHandler: Failed appendEntries: org.apache.ratis.thirdparty.io.grpc.StatusRuntimeException: UNAVAILABLE: io exception
2022-10-04 13:27:44,676 [grpc-default-executor-5] INFO  leader.FollowerInfo (FollowerInfoImpl.java:lambda$new$0(48)) - omNode-1@group-523986131536->omNode-3: nextIndex: updateUnconditionally 184 -> 45
2022-10-04 13:27:44,683 [grpc-default-executor-3] WARN  server.GrpcLogAppender (LogUtils.java:warn(122)) - omNode-1@group-523986131536->omNode-3-AppendLogResponseHandler: Failed appendEntries: org.apache.ratis.thirdparty.io.grpc.StatusRuntimeException: UNAVAILABLE: io exception
2022-10-04 13:27:44,684 [grpc-default-executor-3] INFO  leader.FollowerInfo (FollowerInfoImpl.java:lambda$new$0(48)) - omNode-1@group-523986131536->omNode-3: nextIndex: updateUnconditionally 184 -> 45
2022-10-04 13:27:44,687 [grpc-default-executor-3] WARN  server.GrpcLogAppender (LogUtils.java:warn(122)) - omNode-1@group-523986131536->omNode-3-AppendLogResponseHandler: Failed appendEntries: org.apache.ratis.thirdparty.io.grpc.StatusRuntimeException: UNAVAILABLE: io exception
2022-10-04 13:27:44,687 [grpc-default-executor-3] INFO  leader.FollowerInfo (FollowerInfoImpl.java:lambda$new$0(48)) - omNode-1@group-523986131536->omNode-3: nextIndex: updateUnconditionally 186 -> 45
2022-10-04 13:27:44,704 [grpc-default-executor-3] WARN  server.GrpcLogAppender (LogUtils.java:warn(122)) - omNode-1@group-523986131536->omNode-3-AppendLogResponseHandler: Failed appendEntries: org.apache.ratis.thirdparty.io.grpc.StatusRuntimeException: UNAVAILABLE: io exception
2022-10-04 13:27:44,704 [grpc-default-executor-3] INFO  leader.FollowerInfo (FollowerInfoImpl.java:lambda$new$0(48)) - omNode-1@group-523986131536->omNode-3: nextIndex: updateUnconditionally 187 -> 45
2022-10-04 13:27:44,727 [grpc-default-executor-5] WARN  server.GrpcLogAppender (LogUtils.java:warn(122)) - omNode-1@group-523986131536->omNode-3-AppendLogResponseHandler: Failed appendEntries: org.apache.ratis.thirdparty.io.grpc.StatusRuntimeException: UNAVAILABLE: io exception
2022-10-04 13:27:44,727 [grpc-default-executor-5] INFO  leader.FollowerInfo (FollowerInfoImpl.java:lambda$new$0(48)) - omNode-1@group-523986131536->omNode-3: nextIndex: updateUnconditionally 187 -> 45
2022-10-04 13:27:44,731 [grpc-default-executor-3] WARN  server.GrpcLogAppender (LogUtils.java:warn(122)) - omNode-1@group-523986131536->omNode-3-AppendLogResponseHandler: Failed appendEntries: org.apache.ratis.thirdparty.io.grpc.StatusRuntimeException: UNAVAILABLE: io exception
2022-10-04 13:27:44,731 [grpc-default-executor-3] INFO  leader.FollowerInfo (FollowerInfoImpl.java:lambda$new$0(48)) - omNode-1@group-523986131536->omNode-3: nextIndex: updateUnconditionally 187 -> 45
2022-10-04 13:27:44,744 [grpc-default-executor-3] WARN  server.GrpcLogAppender (LogUtils.java:warn(122)) - omNode-1@group-523986131536->omNode-3-AppendLogResponseHandler: Failed appendEntries: org.apache.ratis.thirdparty.io.grpc.StatusRuntimeException: UNAVAILABLE: io exception
2022-10-04 13:27:44,744 [grpc-default-executor-3] INFO  leader.FollowerInfo (FollowerInfoImpl.java:lambda$new$0(48)) - omNode-1@group-523986131536->omNode-3: nextIndex: updateUnconditionally 188 -> 45
2022-10-04 13:27:44,747 [grpc-default-executor-5] WARN  server.GrpcLogAppender (LogUtils.java:warn(122)) - omNode-1@group-523986131536->omNode-3-AppendLogResponseHandler: Failed appendEntries: org.apache.ratis.thirdparty.io.grpc.StatusRuntimeException: UNAVAILABLE: io exception
2022-10-04 13:27:44,749 [grpc-default-executor-5] INFO  leader.FollowerInfo (FollowerInfoImpl.java:lambda$new$0(48)) - omNode-1@group-523986131536->omNode-3: nextIndex: updateUnconditionally 190 -> 45
2022-10-04 13:27:44,755 [grpc-default-executor-5] WARN  server.GrpcLogAppender (LogUtils.java:warn(122)) - omNode-1@group-523986131536->omNode-3-AppendLogResponseHandler: Failed appendEntries: org.apache.ratis.thirdparty.io.grpc.StatusRuntimeException: UNAVAILABLE: io exception
2022-10-04 13:27:44,756 [grpc-default-executor-5] INFO  leader.FollowerInfo (FollowerInfoImpl.java:lambda$new$0(48)) - omNode-1@group-523986131536->omNode-3: nextIndex: updateUnconditionally 190 -> 45
2022-10-04 13:27:44,765 [grpc-default-executor-3] WARN  server.GrpcLogAppender (LogUtils.java:warn(122)) - omNode-1@group-523986131536->omNode-3-AppendLogResponseHandler: Failed appendEntries: org.apache.ratis.thirdparty.io.grpc.StatusRuntimeException: UNAVAILABLE: io exception
2022-10-04 13:27:44,765 [grpc-default-executor-3] INFO  leader.FollowerInfo (FollowerInfoImpl.java:lambda$new$0(48)) - omNode-1@group-523986131536->omNode-3: nextIndex: updateUnconditionally 191 -> 45
2022-10-04 13:27:44,798 [grpc-default-executor-5] WARN  server.GrpcLogAppender (LogUtils.java:warn(122)) - omNode-1@group-523986131536->omNode-3-AppendLogResponseHandler: Failed appendEntries: org.apache.ratis.thirdparty.io.grpc.StatusRuntimeException: UNAVAILABLE: io exception
2022-10-04 13:27:44,798 [grpc-default-executor-5] INFO  leader.FollowerInfo (FollowerInfoImpl.java:lambda$new$0(48)) - omNode-1@group-523986131536->omNode-3: nextIndex: updateUnconditionally 191 -> 45
2022-10-04 13:27:44,809 [grpc-default-executor-3] WARN  server.GrpcLogAppender (LogUtils.java:warn(122)) - omNode-1@group-523986131536->omNode-3-AppendLogResponseHandler: Failed appendEntries: org.apache.ratis.thirdparty.io.grpc.StatusRuntimeException: UNAVAILABLE: io exception
2022-10-04 13:27:44,809 [grpc-default-executor-3] INFO  leader.FollowerInfo (FollowerInfoImpl.java:lambda$new$0(48)) - omNode-1@group-523986131536->omNode-3: nextIndex: updateUnconditionally 191 -> 45
2022-10-04 13:27:44,821 [grpc-default-executor-3] WARN  server.GrpcLogAppender (LogUtils.java:warn(122)) - omNode-1@group-523986131536->omNode-3-AppendLogResponseHandler: Failed appendEntries: org.apache.ratis.thirdparty.io.grpc.StatusRuntimeException: UNAVAILABLE: io exception
2022-10-04 13:27:44,822 [grpc-default-executor-3] INFO  leader.FollowerInfo (FollowerInfoImpl.java:lambda$new$0(48)) - omNode-1@group-523986131536->omNode-3: nextIndex: updateUnconditionally 192 -> 45
2022-10-04 13:27:44,824 [grpc-default-executor-3] WARN  server.GrpcLogAppender (LogUtils.java:warn(122)) - omNode-1@group-523986131536->omNode-3-AppendLogResponseHandler: Failed appendEntries: org.apache.ratis.thirdparty.io.grpc.StatusRuntimeException: UNAVAILABLE: io exception
2022-10-04 13:27:44,824 [grpc-default-executor-3] INFO  leader.FollowerInfo (FollowerInfoImpl.java:lambda$new$0(48)) - omNode-1@group-523986131536->omNode-3: nextIndex: updateUnconditionally 192 -> 45
2022-10-04 13:27:44,832 [grpc-default-executor-3] WARN  server.GrpcLogAppender (LogUtils.java:warn(122)) - omNode-1@group-523986131536->omNode-3-AppendLogResponseHandler: Failed appendEntries: org.apache.ratis.thirdparty.io.grpc.StatusRuntimeException: UNAVAILABLE: io exception
2022-10-04 13:27:44,832 [grpc-default-executor-3] INFO  leader.FollowerInfo (FollowerInfoImpl.java:lambda$new$0(48)) - omNode-1@group-523986131536->omNode-3: nextIndex: updateUnconditionally 193 -> 45
2022-10-04 13:27:44,837 [grpc-default-executor-3] WARN  server.GrpcLogAppender (LogUtils.java:warn(122)) - omNode-1@group-523986131536->omNode-3-AppendLogResponseHandler: Failed appendEntries: org.apache.ratis.thirdparty.io.grpc.StatusRuntimeException: UNAVAILABLE: io exception
2022-10-04 13:27:44,837 [grpc-default-executor-3] INFO  leader.FollowerInfo (FollowerInfoImpl.java:lambda$new$0(48)) - omNode-1@group-523986131536->omNode-3: nextIndex: updateUnconditionally 194 -> 45
2022-10-04 13:27:44,840 [grpc-default-executor-3] WARN  server.GrpcLogAppender (LogUtils.java:warn(122)) - omNode-1@group-523986131536->omNode-3-AppendLogResponseHandler: Failed appendEntries: org.apache.ratis.thirdparty.io.grpc.StatusRuntimeException: UNAVAILABLE: io exception
2022-10-04 13:27:44,840 [grpc-default-executor-3] INFO  leader.FollowerInfo (FollowerInfoImpl.java:lambda$new$0(48)) - omNode-1@group-523986131536->omNode-3: nextIndex: updateUnconditionally 194 -> 45
2022-10-04 13:27:44,849 [grpc-default-executor-3] WARN  server.GrpcLogAppender (LogUtils.java:warn(122)) - omNode-1@group-523986131536->omNode-3-AppendLogResponseHandler: Failed appendEntries: org.apache.ratis.thirdparty.io.grpc.StatusRuntimeException: UNAVAILABLE: io exception
2022-10-04 13:27:44,849 [grpc-default-executor-3] INFO  leader.FollowerInfo (FollowerInfoImpl.java:lambda$new$0(48)) - omNode-1@group-523986131536->omNode-3: nextIndex: updateUnconditionally 195 -> 45
2022-10-04 13:27:44,865 [grpc-default-executor-5] WARN  server.GrpcLogAppender (LogUtils.java:warn(122)) - omNode-1@group-523986131536->omNode-3-AppendLogResponseHandler: Failed appendEntries: org.apache.ratis.thirdparty.io.grpc.StatusRuntimeException: UNAVAILABLE: io exception
2022-10-04 13:27:44,866 [grpc-default-executor-5] INFO  leader.FollowerInfo (FollowerInfoImpl.java:lambda$new$0(48)) - omNode-1@group-523986131536->omNode-3: nextIndex: updateUnconditionally 195 -> 45
2022-10-04 13:27:44,875 [grpc-default-executor-4] WARN  server.GrpcLogAppender (LogUtils.java:warn(122)) - omNode-1@group-523986131536->omNode-3-AppendLogResponseHandler: Failed appendEntries: org.apache.ratis.thirdparty.io.grpc.StatusRuntimeException: UNAVAILABLE: io exception
2022-10-04 13:27:44,875 [grpc-default-executor-4] INFO  leader.FollowerInfo (FollowerInfoImpl.java:lambda$new$0(48)) - omNode-1@group-523986131536->omNode-3: nextIndex: updateUnconditionally 195 -> 45
2022-10-04 13:27:44,890 [grpc-default-executor-3] WARN  server.GrpcLogAppender (LogUtils.java:warn(122)) - omNode-1@group-523986131536->omNode-3-AppendLogResponseHandler: Failed appendEntries: org.apache.ratis.thirdparty.io.grpc.StatusRuntimeException: UNAVAILABLE: io exception
2022-10-04 13:27:44,891 [grpc-default-executor-3] INFO  leader.FollowerInfo (FollowerInfoImpl.java:lambda$new$0(48)) - omNode-1@group-523986131536->omNode-3: nextIndex: updateUnconditionally 196 -> 45
2022-10-04 13:27:44,898 [grpc-default-executor-3] WARN  server.GrpcLogAppender (LogUtils.java:warn(122)) - omNode-1@group-523986131536->omNode-3-AppendLogResponseHandler: Failed appendEntries: org.apache.ratis.thirdparty.io.grpc.StatusRuntimeException: UNAVAILABLE: io exception
2022-10-04 13:27:44,899 [grpc-default-executor-3] INFO  leader.FollowerInfo (FollowerInfoImpl.java:lambda$new$0(48)) - omNode-1@group-523986131536->omNode-3: nextIndex: updateUnconditionally 196 -> 45
2022-10-04 13:27:44,902 [grpc-default-executor-4] WARN  server.GrpcLogAppender (LogUtils.java:warn(122)) - omNode-1@group-523986131536->omNode-3-AppendLogResponseHandler: Failed appendEntries: org.apache.ratis.thirdparty.io.grpc.StatusRuntimeException: UNAVAILABLE: io exception
2022-10-04 13:27:44,903 [grpc-default-executor-4] INFO  leader.FollowerInfo (FollowerInfoImpl.java:lambda$new$0(48)) - omNode-1@group-523986131536->omNode-3: nextIndex: updateUnconditionally 197 -> 45
2022-10-04 13:27:44,906 [grpc-default-executor-3] WARN  server.GrpcLogAppender (LogUtils.java:warn(122)) - omNode-1@group-523986131536->omNode-3-AppendLogResponseHandler: Failed appendEntries: org.apache.ratis.thirdparty.io.grpc.StatusRuntimeException: UNAVAILABLE: io exception
2022-10-04 13:27:44,906 [grpc-default-executor-3] INFO  leader.FollowerInfo (FollowerInfoImpl.java:lambda$new$0(48)) - omNode-1@group-523986131536->omNode-3: nextIndex: updateUnconditionally 198 -> 45
2022-10-04 13:27:44,919 [grpc-default-executor-3] WARN  server.GrpcLogAppender (LogUtils.java:warn(122)) - omNode-1@group-523986131536->omNode-3-AppendLogResponseHandler: Failed appendEntries: org.apache.ratis.thirdparty.io.grpc.StatusRuntimeException: UNAVAILABLE: io exception
2022-10-04 13:27:44,919 [grpc-default-executor-3] INFO  leader.FollowerInfo (FollowerInfoImpl.java:lambda$new$0(48)) - omNode-1@group-523986131536->omNode-3: nextIndex: updateUnconditionally 198 -> 45
2022-10-04 13:27:44,920 [grpc-default-executor-3] WARN  server.GrpcLogAppender (LogUtils.java:warn(122)) - omNode-1@group-523986131536->omNode-3-AppendLogResponseHandler: Failed appendEntries: org.apache.ratis.thirdparty.io.grpc.StatusRuntimeException: UNAVAILABLE: io exception
2022-10-04 13:27:44,920 [grpc-default-executor-3] INFO  leader.FollowerInfo (FollowerInfoImpl.java:lambda$new$0(48)) - omNode-1@group-523986131536->omNode-3: nextIndex: updateUnconditionally 198 -> 45
2022-10-04 13:27:44,929 [grpc-default-executor-3] WARN  server.GrpcLogAppender (LogUtils.java:warn(122)) - omNode-1@group-523986131536->omNode-3-AppendLogResponseHandler: Failed appendEntries: org.apache.ratis.thirdparty.io.grpc.StatusRuntimeException: UNAVAILABLE: io exception
2022-10-04 13:27:44,929 [grpc-default-executor-3] INFO  leader.FollowerInfo (FollowerInfoImpl.java:lambda$new$0(48)) - omNode-1@group-523986131536->omNode-3: nextIndex: updateUnconditionally 199 -> 45
2022-10-04 13:27:44,938 [grpc-default-executor-4] WARN  server.GrpcLogAppender (LogUtils.java:warn(122)) - omNode-1@group-523986131536->omNode-3-AppendLogResponseHandler: Failed appendEntries: org.apache.ratis.thirdparty.io.grpc.StatusRuntimeException: UNAVAILABLE: io exception
2022-10-04 13:27:44,939 [grpc-default-executor-4] INFO  leader.FollowerInfo (FollowerInfoImpl.java:lambda$new$0(48)) - omNode-1@group-523986131536->omNode-3: nextIndex: updateUnconditionally 199 -> 45
2022-10-04 13:27:44,940 [grpc-default-executor-4] WARN  server.GrpcLogAppender (LogUtils.java:warn(122)) - omNode-1@group-523986131536->omNode-3-AppendLogResponseHandler: Failed appendEntries: org.apache.ratis.thirdparty.io.grpc.StatusRuntimeException: UNAVAILABLE: io exception
2022-10-04 13:27:44,940 [grpc-default-executor-4] INFO  leader.FollowerInfo (FollowerInfoImpl.java:lambda$new$0(48)) - omNode-1@group-523986131536->omNode-3: nextIndex: updateUnconditionally 199 -> 45
2022-10-04 13:27:44,947 [grpc-default-executor-3] WARN  server.GrpcLogAppender (LogUtils.java:warn(122)) - omNode-1@group-523986131536->omNode-3-AppendLogResponseHandler: Failed appendEntries: org.apache.ratis.thirdparty.io.grpc.StatusRuntimeException: UNAVAILABLE: io exception
2022-10-04 13:27:44,947 [grpc-default-executor-3] INFO  leader.FollowerInfo (FollowerInfoImpl.java:lambda$new$0(48)) - omNode-1@group-523986131536->omNode-3: nextIndex: updateUnconditionally 200 -> 45
2022-10-04 13:27:44,967 [grpc-default-executor-3] WARN  server.GrpcLogAppender (LogUtils.java:warn(122)) - omNode-1@group-523986131536->omNode-3-AppendLogResponseHandler: Failed appendEntries: org.apache.ratis.thirdparty.io.grpc.StatusRuntimeException: UNAVAILABLE: io exception
2022-10-04 13:27:44,967 [grpc-default-executor-3] INFO  leader.FollowerInfo (FollowerInfoImpl.java:lambda$new$0(48)) - omNode-1@group-523986131536->omNode-3: nextIndex: updateUnconditionally 200 -> 45
2022-10-04 13:27:44,968 [grpc-default-executor-3] WARN  server.GrpcLogAppender (LogUtils.java:warn(122)) - omNode-1@group-523986131536->omNode-3-AppendLogResponseHandler: Failed appendEntries: org.apache.ratis.thirdparty.io.grpc.StatusRuntimeException: UNAVAILABLE: io exception
2022-10-04 13:27:44,969 [grpc-default-executor-3] INFO  leader.FollowerInfo (FollowerInfoImpl.java:lambda$new$0(48)) - omNode-1@group-523986131536->omNode-3: nextIndex: updateUnconditionally 201 -> 45
2022-10-04 13:27:44,977 [grpc-default-executor-3] WARN  server.GrpcLogAppender (LogUtils.java:warn(122)) - omNode-1@group-523986131536->omNode-3-AppendLogResponseHandler: Failed appendEntries: org.apache.ratis.thirdparty.io.grpc.StatusRuntimeException: UNAVAILABLE: io exception
2022-10-04 13:27:44,978 [grpc-default-executor-3] INFO  leader.FollowerInfo (FollowerInfoImpl.java:lambda$new$0(48)) - omNode-1@group-523986131536->omNode-3: nextIndex: updateUnconditionally 202 -> 45
2022-10-04 13:27:44,978 [omNode-1@group-523986131536-StateMachineUpdater] INFO  ratis.OzoneManagerStateMachine (OzoneManagerStateMachine.java:takeSnapshot(441)) - Current Snapshot Index (t:2, i:200)
2022-10-04 13:27:44,978 [omNode-1@group-523986131536-StateMachineUpdater] INFO  impl.StateMachineUpdater (StateMachineUpdater.java:takeSnapshot(287)) - omNode-1@group-523986131536-StateMachineUpdater: Took a snapshot at index 200
2022-10-04 13:27:44,978 [omNode-1@group-523986131536-StateMachineUpdater] INFO  impl.StateMachineUpdater (StateMachineUpdater.java:lambda$new$0(92)) - omNode-1@group-523986131536-StateMachineUpdater: snapshotIndex: updateIncreasingly 150 -> 200
2022-10-04 13:27:44,978 [omNode-1@group-523986131536-StateMachineUpdater] INFO  raftlog.RaftLog (RaftLogBase.java:purge(308)) - omNode-1@group-523986131536-SegmentedRaftLog: purge 200
2022-10-04 13:27:44,978 [omNode-1@group-523986131536-StateMachineUpdater] INFO  raftlog.RaftLog (RaftLogBase.java:lambda$new$0(53)) - omNode-1@group-523986131536-SegmentedRaftLog: snapshotIndex: updateIncreasingly 150 -> 200
2022-10-04 13:27:44,978 [omNode-1@group-523986131536-StateMachineUpdater] INFO  raftlog.RaftLog (RaftLogBase.java:lambda$new$0(53)) - omNode-1@group-523986131536-SegmentedRaftLog: purgeIndex: updateToMax old=150, new=200, updated? true
2022-10-04 13:27:44,980 [grpc-default-executor-4] WARN  server.GrpcLogAppender (LogUtils.java:warn(122)) - omNode-1@group-523986131536->omNode-3-AppendLogResponseHandler: Failed appendEntries: org.apache.ratis.thirdparty.io.grpc.StatusRuntimeException: UNAVAILABLE: io exception
2022-10-04 13:27:44,980 [grpc-default-executor-4] INFO  leader.FollowerInfo (FollowerInfoImpl.java:lambda$new$0(48)) - omNode-1@group-523986131536->omNode-3: nextIndex: updateUnconditionally 202 -> 45
2022-10-04 13:27:44,987 [grpc-default-executor-4] WARN  server.GrpcLogAppender (LogUtils.java:warn(122)) - omNode-1@group-523986131536->omNode-3-AppendLogResponseHandler: Failed appendEntries: org.apache.ratis.thirdparty.io.grpc.StatusRuntimeException: UNAVAILABLE: io exception
2022-10-04 13:27:44,987 [grpc-default-executor-4] INFO  leader.FollowerInfo (FollowerInfoImpl.java:lambda$new$0(48)) - omNode-1@group-523986131536->omNode-3: nextIndex: updateUnconditionally 203 -> 45
2022-10-04 13:27:45,010 [grpc-default-executor-3] WARN  server.GrpcLogAppender (LogUtils.java:warn(122)) - omNode-1@group-523986131536->omNode-3-AppendLogResponseHandler: Failed appendEntries: org.apache.ratis.thirdparty.io.grpc.StatusRuntimeException: UNAVAILABLE: io exception
2022-10-04 13:27:45,010 [grpc-default-executor-3] INFO  leader.FollowerInfo (FollowerInfoImpl.java:lambda$new$0(48)) - omNode-1@group-523986131536->omNode-3: nextIndex: updateUnconditionally 203 -> 45
2022-10-04 13:27:45,011 [grpc-default-executor-3] WARN  server.GrpcLogAppender (LogUtils.java:warn(122)) - omNode-1@group-523986131536->omNode-3-AppendLogResponseHandler: Failed appendEntries: org.apache.ratis.thirdparty.io.grpc.StatusRuntimeException: UNAVAILABLE: io exception
2022-10-04 13:27:45,011 [grpc-default-executor-3] INFO  leader.FollowerInfo (FollowerInfoImpl.java:lambda$new$0(48)) - omNode-1@group-523986131536->omNode-3: nextIndex: updateUnconditionally 203 -> 45
2022-10-04 13:27:45,031 [grpc-default-executor-4] WARN  server.GrpcLogAppender (LogUtils.java:warn(122)) - omNode-1@group-523986131536->omNode-3-AppendLogResponseHandler: Failed appendEntries: org.apache.ratis.thirdparty.io.grpc.StatusRuntimeException: UNAVAILABLE: io exception
2022-10-04 13:27:45,032 [grpc-default-executor-4] INFO  leader.FollowerInfo (FollowerInfoImpl.java:lambda$new$0(48)) - omNode-1@group-523986131536->omNode-3: nextIndex: updateUnconditionally 204 -> 45
2022-10-04 13:27:45,041 [grpc-default-executor-4] WARN  server.GrpcLogAppender (LogUtils.java:warn(122)) - omNode-1@group-523986131536->omNode-3-AppendLogResponseHandler: Failed appendEntries: org.apache.ratis.thirdparty.io.grpc.StatusRuntimeException: UNAVAILABLE: io exception
2022-10-04 13:27:45,041 [grpc-default-executor-4] INFO  leader.FollowerInfo (FollowerInfoImpl.java:lambda$new$0(48)) - omNode-1@group-523986131536->omNode-3: nextIndex: updateUnconditionally 204 -> 45
2022-10-04 13:27:45,043 [grpc-default-executor-3] WARN  server.GrpcLogAppender (LogUtils.java:warn(122)) - omNode-1@group-523986131536->omNode-3-AppendLogResponseHandler: Failed appendEntries: org.apache.ratis.thirdparty.io.grpc.StatusRuntimeException: UNAVAILABLE: io exception
2022-10-04 13:27:45,043 [grpc-default-executor-3] INFO  leader.FollowerInfo (FollowerInfoImpl.java:lambda$new$0(48)) - omNode-1@group-523986131536->omNode-3: nextIndex: updateUnconditionally 205 -> 45
2022-10-04 13:27:45,049 [grpc-default-executor-4] WARN  server.GrpcLogAppender (LogUtils.java:warn(122)) - omNode-1@group-523986131536->omNode-3-AppendLogResponseHandler: Failed appendEntries: org.apache.ratis.thirdparty.io.grpc.StatusRuntimeException: UNAVAILABLE: io exception
2022-10-04 13:27:45,049 [grpc-default-executor-4] INFO  leader.FollowerInfo (FollowerInfoImpl.java:lambda$new$0(48)) - omNode-1@group-523986131536->omNode-3: nextIndex: updateUnconditionally 206 -> 45
2022-10-04 13:27:45,061 [grpc-default-executor-4] WARN  server.GrpcLogAppender (LogUtils.java:warn(122)) - omNode-1@group-523986131536->omNode-3-AppendLogResponseHandler: Failed appendEntries: org.apache.ratis.thirdparty.io.grpc.StatusRuntimeException: UNAVAILABLE: io exception
2022-10-04 13:27:45,061 [grpc-default-executor-4] INFO  leader.FollowerInfo (FollowerInfoImpl.java:lambda$new$0(48)) - omNode-1@group-523986131536->omNode-3: nextIndex: updateUnconditionally 206 -> 45
2022-10-04 13:27:45,062 [grpc-default-executor-4] WARN  server.GrpcLogAppender (LogUtils.java:warn(122)) - omNode-1@group-523986131536->omNode-3-AppendLogResponseHandler: Failed appendEntries: org.apache.ratis.thirdparty.io.grpc.StatusRuntimeException: UNAVAILABLE: io exception
2022-10-04 13:27:45,063 [grpc-default-executor-4] INFO  leader.FollowerInfo (FollowerInfoImpl.java:lambda$new$0(48)) - omNode-1@group-523986131536->omNode-3: nextIndex: updateUnconditionally 206 -> 45
2022-10-04 13:27:45,074 [grpc-default-executor-4] WARN  server.GrpcLogAppender (LogUtils.java:warn(122)) - omNode-1@group-523986131536->omNode-3-AppendLogResponseHandler: Failed appendEntries: org.apache.ratis.thirdparty.io.grpc.StatusRuntimeException: UNAVAILABLE: io exception
2022-10-04 13:27:45,075 [grpc-default-executor-4] INFO  leader.FollowerInfo (FollowerInfoImpl.java:lambda$new$0(48)) - omNode-1@group-523986131536->omNode-3: nextIndex: updateUnconditionally 207 -> 45
2022-10-04 13:27:45,091 [omNode-2@group-523986131536-StateMachineUpdater] INFO  ratis.OzoneManagerStateMachine (OzoneManagerStateMachine.java:takeSnapshot(441)) - Current Snapshot Index (t:2, i:205)
2022-10-04 13:27:45,091 [omNode-2@group-523986131536-StateMachineUpdater] INFO  impl.StateMachineUpdater (StateMachineUpdater.java:takeSnapshot(287)) - omNode-2@group-523986131536-StateMachineUpdater: Took a snapshot at index 205
2022-10-04 13:27:45,091 [omNode-2@group-523986131536-StateMachineUpdater] INFO  impl.StateMachineUpdater (StateMachineUpdater.java:lambda$new$0(92)) - omNode-2@group-523986131536-StateMachineUpdater: snapshotIndex: updateIncreasingly 153 -> 205
2022-10-04 13:27:45,091 [omNode-2@group-523986131536-StateMachineUpdater] INFO  raftlog.RaftLog (RaftLogBase.java:purge(308)) - omNode-2@group-523986131536-SegmentedRaftLog: purge 205
2022-10-04 13:27:45,092 [omNode-2@group-523986131536-StateMachineUpdater] INFO  raftlog.RaftLog (RaftLogBase.java:lambda$new$0(53)) - omNode-2@group-523986131536-SegmentedRaftLog: snapshotIndex: updateIncreasingly 153 -> 205
2022-10-04 13:27:45,092 [omNode-2@group-523986131536-StateMachineUpdater] INFO  raftlog.RaftLog (RaftLogBase.java:lambda$new$0(53)) - omNode-2@group-523986131536-SegmentedRaftLog: purgeIndex: updateToMax old=153, new=205, updated? true
2022-10-04 13:27:45,092 [grpc-default-executor-4] WARN  server.GrpcLogAppender (LogUtils.java:warn(122)) - omNode-1@group-523986131536->omNode-3-AppendLogResponseHandler: Failed appendEntries: org.apache.ratis.thirdparty.io.grpc.StatusRuntimeException: UNAVAILABLE: io exception
2022-10-04 13:27:45,093 [grpc-default-executor-4] INFO  leader.FollowerInfo (FollowerInfoImpl.java:lambda$new$0(48)) - omNode-1@group-523986131536->omNode-3: nextIndex: updateUnconditionally 207 -> 45
2022-10-04 13:27:45,096 [grpc-default-executor-4] WARN  server.GrpcLogAppender (LogUtils.java:warn(122)) - omNode-1@group-523986131536->omNode-3-AppendLogResponseHandler: Failed appendEntries: org.apache.ratis.thirdparty.io.grpc.StatusRuntimeException: UNAVAILABLE: io exception
2022-10-04 13:27:45,101 [grpc-default-executor-4] INFO  leader.FollowerInfo (FollowerInfoImpl.java:lambda$new$0(48)) - omNode-1@group-523986131536->omNode-3: nextIndex: updateUnconditionally 208 -> 45
2022-10-04 13:27:45,107 [grpc-default-executor-4] WARN  server.GrpcLogAppender (LogUtils.java:warn(122)) - omNode-1@group-523986131536->omNode-3-AppendLogResponseHandler: Failed appendEntries: org.apache.ratis.thirdparty.io.grpc.StatusRuntimeException: UNAVAILABLE: io exception
2022-10-04 13:27:45,108 [grpc-default-executor-4] INFO  leader.FollowerInfo (FollowerInfoImpl.java:lambda$new$0(48)) - omNode-1@group-523986131536->omNode-3: nextIndex: updateUnconditionally 208 -> 45
2022-10-04 13:27:45,115 [grpc-default-executor-3] WARN  server.GrpcLogAppender (LogUtils.java:warn(122)) - omNode-1@group-523986131536->omNode-3-AppendLogResponseHandler: Failed appendEntries: org.apache.ratis.thirdparty.io.grpc.StatusRuntimeException: UNAVAILABLE: io exception
2022-10-04 13:27:45,115 [grpc-default-executor-3] INFO  leader.FollowerInfo (FollowerInfoImpl.java:lambda$new$0(48)) - omNode-1@group-523986131536->omNode-3: nextIndex: updateUnconditionally 210 -> 45
2022-10-04 13:27:45,123 [grpc-default-executor-4] WARN  server.GrpcLogAppender (LogUtils.java:warn(122)) - omNode-1@group-523986131536->omNode-3-AppendLogResponseHandler: Failed appendEntries: org.apache.ratis.thirdparty.io.grpc.StatusRuntimeException: UNAVAILABLE: io exception
2022-10-04 13:27:45,123 [grpc-default-executor-4] INFO  leader.FollowerInfo (FollowerInfoImpl.java:lambda$new$0(48)) - omNode-1@group-523986131536->omNode-3: nextIndex: updateUnconditionally 210 -> 45
2022-10-04 13:27:45,124 [grpc-default-executor-4] WARN  server.GrpcLogAppender (LogUtils.java:warn(122)) - omNode-1@group-523986131536->omNode-3-AppendLogResponseHandler: Failed appendEntries: org.apache.ratis.thirdparty.io.grpc.StatusRuntimeException: UNAVAILABLE: io exception
2022-10-04 13:27:45,125 [grpc-default-executor-4] INFO  leader.FollowerInfo (FollowerInfoImpl.java:lambda$new$0(48)) - omNode-1@group-523986131536->omNode-3: nextIndex: updateUnconditionally 210 -> 45
2022-10-04 13:27:45,128 [grpc-default-executor-4] WARN  server.GrpcLogAppender (LogUtils.java:warn(122)) - omNode-1@group-523986131536->omNode-3-AppendLogResponseHandler: Failed appendEntries: org.apache.ratis.thirdparty.io.grpc.StatusRuntimeException: UNAVAILABLE: io exception
2022-10-04 13:27:45,128 [grpc-default-executor-4] INFO  leader.FollowerInfo (FollowerInfoImpl.java:lambda$new$0(48)) - omNode-1@group-523986131536->omNode-3: nextIndex: updateUnconditionally 211 -> 45
2022-10-04 13:27:45,140 [grpc-default-executor-3] WARN  server.GrpcLogAppender (LogUtils.java:warn(122)) - omNode-1@group-523986131536->omNode-3-AppendLogResponseHandler: Failed appendEntries: org.apache.ratis.thirdparty.io.grpc.StatusRuntimeException: UNAVAILABLE: io exception
2022-10-04 13:27:45,140 [grpc-default-executor-3] INFO  leader.FollowerInfo (FollowerInfoImpl.java:lambda$new$0(48)) - omNode-1@group-523986131536->omNode-3: nextIndex: updateUnconditionally 211 -> 45
2022-10-04 13:27:45,143 [grpc-default-executor-4] WARN  server.GrpcLogAppender (LogUtils.java:warn(122)) - omNode-1@group-523986131536->omNode-3-AppendLogResponseHandler: Failed appendEntries: org.apache.ratis.thirdparty.io.grpc.StatusRuntimeException: UNAVAILABLE: io exception
2022-10-04 13:27:45,143 [grpc-default-executor-4] INFO  leader.FollowerInfo (FollowerInfoImpl.java:lambda$new$0(48)) - omNode-1@group-523986131536->omNode-3: nextIndex: updateUnconditionally 211 -> 45
2022-10-04 13:27:45,148 [grpc-default-executor-3] WARN  server.GrpcLogAppender (LogUtils.java:warn(122)) - omNode-1@group-523986131536->omNode-3-AppendLogResponseHandler: Failed appendEntries: org.apache.ratis.thirdparty.io.grpc.StatusRuntimeException: UNAVAILABLE: io exception
2022-10-04 13:27:45,149 [grpc-default-executor-3] INFO  leader.FollowerInfo (FollowerInfoImpl.java:lambda$new$0(48)) - omNode-1@group-523986131536->omNode-3: nextIndex: updateUnconditionally 212 -> 45
2022-10-04 13:27:45,155 [grpc-default-executor-3] WARN  server.GrpcLogAppender (LogUtils.java:warn(122)) - omNode-1@group-523986131536->omNode-3-AppendLogResponseHandler: Failed appendEntries: org.apache.ratis.thirdparty.io.grpc.StatusRuntimeException: UNAVAILABLE: io exception
2022-10-04 13:27:45,156 [grpc-default-executor-3] INFO  leader.FollowerInfo (FollowerInfoImpl.java:lambda$new$0(48)) - omNode-1@group-523986131536->omNode-3: nextIndex: updateUnconditionally 212 -> 45
2022-10-04 13:27:45,159 [grpc-default-executor-4] WARN  server.GrpcLogAppender (LogUtils.java:warn(122)) - omNode-1@group-523986131536->omNode-3-AppendLogResponseHandler: Failed appendEntries: org.apache.ratis.thirdparty.io.grpc.StatusRuntimeException: UNAVAILABLE: io exception
2022-10-04 13:27:45,160 [grpc-default-executor-4] INFO  leader.FollowerInfo (FollowerInfoImpl.java:lambda$new$0(48)) - omNode-1@group-523986131536->omNode-3: nextIndex: updateUnconditionally 214 -> 45
2022-10-04 13:27:45,167 [grpc-default-executor-4] WARN  server.GrpcLogAppender (LogUtils.java:warn(122)) - omNode-1@group-523986131536->omNode-3-AppendLogResponseHandler: Failed appendEntries: org.apache.ratis.thirdparty.io.grpc.StatusRuntimeException: UNAVAILABLE: io exception
2022-10-04 13:27:45,167 [grpc-default-executor-4] INFO  leader.FollowerInfo (FollowerInfoImpl.java:lambda$new$0(48)) - omNode-1@group-523986131536->omNode-3: nextIndex: updateUnconditionally 214 -> 45
2022-10-04 13:27:45,189 [grpc-default-executor-4] WARN  server.GrpcLogAppender (LogUtils.java:warn(122)) - omNode-1@group-523986131536->omNode-3-AppendLogResponseHandler: Failed appendEntries: org.apache.ratis.thirdparty.io.grpc.StatusRuntimeException: UNAVAILABLE: io exception
2022-10-04 13:27:45,190 [grpc-default-executor-4] INFO  leader.FollowerInfo (FollowerInfoImpl.java:lambda$new$0(48)) - omNode-1@group-523986131536->omNode-3: nextIndex: updateUnconditionally 215 -> 45
2022-10-04 13:27:45,206 [grpc-default-executor-4] WARN  server.GrpcLogAppender (LogUtils.java:warn(122)) - omNode-1@group-523986131536->omNode-3-AppendLogResponseHandler: Failed appendEntries: org.apache.ratis.thirdparty.io.grpc.StatusRuntimeException: UNAVAILABLE: io exception
2022-10-04 13:27:45,206 [grpc-default-executor-4] INFO  leader.FollowerInfo (FollowerInfoImpl.java:lambda$new$0(48)) - omNode-1@group-523986131536->omNode-3: nextIndex: updateUnconditionally 215 -> 45
2022-10-04 13:27:45,214 [grpc-default-executor-3] WARN  server.GrpcLogAppender (LogUtils.java:warn(122)) - omNode-1@group-523986131536->omNode-3-AppendLogResponseHandler: Failed appendEntries: org.apache.ratis.thirdparty.io.grpc.StatusRuntimeException: UNAVAILABLE: io exception
2022-10-04 13:27:45,214 [grpc-default-executor-3] INFO  leader.FollowerInfo (FollowerInfoImpl.java:lambda$new$0(48)) - omNode-1@group-523986131536->omNode-3: nextIndex: updateUnconditionally 216 -> 45
2022-10-04 13:27:45,227 [grpc-default-executor-3] WARN  server.GrpcLogAppender (LogUtils.java:warn(122)) - omNode-1@group-523986131536->omNode-3-AppendLogResponseHandler: Failed appendEntries: org.apache.ratis.thirdparty.io.grpc.StatusRuntimeException: UNAVAILABLE: io exception
2022-10-04 13:27:45,227 [grpc-default-executor-3] INFO  leader.FollowerInfo (FollowerInfoImpl.java:lambda$new$0(48)) - omNode-1@group-523986131536->omNode-3: nextIndex: updateUnconditionally 216 -> 45
2022-10-04 13:27:45,234 [grpc-default-executor-3] WARN  server.GrpcLogAppender (LogUtils.java:warn(122)) - omNode-1@group-523986131536->omNode-3-AppendLogResponseHandler: Failed appendEntries: org.apache.ratis.thirdparty.io.grpc.StatusRuntimeException: UNAVAILABLE: io exception
2022-10-04 13:27:45,234 [grpc-default-executor-3] INFO  leader.FollowerInfo (FollowerInfoImpl.java:lambda$new$0(48)) - omNode-1@group-523986131536->omNode-3: nextIndex: updateUnconditionally 218 -> 45
2022-10-04 13:27:45,237 [grpc-default-executor-3] WARN  server.GrpcLogAppender (LogUtils.java:warn(122)) - omNode-1@group-523986131536->omNode-3-AppendLogResponseHandler: Failed appendEntries: org.apache.ratis.thirdparty.io.grpc.StatusRuntimeException: UNAVAILABLE: io exception
2022-10-04 13:27:45,237 [grpc-default-executor-3] INFO  leader.FollowerInfo (FollowerInfoImpl.java:lambda$new$0(48)) - omNode-1@group-523986131536->omNode-3: nextIndex: updateUnconditionally 218 -> 45
2022-10-04 13:27:45,247 [grpc-default-executor-5] WARN  server.GrpcLogAppender (LogUtils.java:warn(122)) - omNode-1@group-523986131536->omNode-3-AppendLogResponseHandler: Failed appendEntries: org.apache.ratis.thirdparty.io.grpc.StatusRuntimeException: UNAVAILABLE: io exception
2022-10-04 13:27:45,247 [grpc-default-executor-5] INFO  leader.FollowerInfo (FollowerInfoImpl.java:lambda$new$0(48)) - omNode-1@group-523986131536->omNode-3: nextIndex: updateUnconditionally 219 -> 45
2022-10-04 13:27:45,272 [grpc-default-executor-5] WARN  server.GrpcLogAppender (LogUtils.java:warn(122)) - omNode-1@group-523986131536->omNode-3-AppendLogResponseHandler: Failed appendEntries: org.apache.ratis.thirdparty.io.grpc.StatusRuntimeException: UNAVAILABLE: io exception
2022-10-04 13:27:45,272 [grpc-default-executor-5] INFO  leader.FollowerInfo (FollowerInfoImpl.java:lambda$new$0(48)) - omNode-1@group-523986131536->omNode-3: nextIndex: updateUnconditionally 219 -> 45
2022-10-04 13:27:45,273 [grpc-default-executor-5] WARN  server.GrpcLogAppender (LogUtils.java:warn(122)) - omNode-1@group-523986131536->omNode-3-AppendLogResponseHandler: Failed appendEntries: org.apache.ratis.thirdparty.io.grpc.StatusRuntimeException: UNAVAILABLE: io exception
2022-10-04 13:27:45,274 [grpc-default-executor-5] INFO  leader.FollowerInfo (FollowerInfoImpl.java:lambda$new$0(48)) - omNode-1@group-523986131536->omNode-3: nextIndex: updateUnconditionally 219 -> 45
2022-10-04 13:27:45,280 [grpc-default-executor-3] WARN  server.GrpcLogAppender (LogUtils.java:warn(122)) - omNode-1@group-523986131536->omNode-3-AppendLogResponseHandler: Failed appendEntries: org.apache.ratis.thirdparty.io.grpc.StatusRuntimeException: UNAVAILABLE: io exception
2022-10-04 13:27:45,280 [grpc-default-executor-3] INFO  leader.FollowerInfo (FollowerInfoImpl.java:lambda$new$0(48)) - omNode-1@group-523986131536->omNode-3: nextIndex: updateUnconditionally 220 -> 45
2022-10-04 13:27:45,296 [grpc-default-executor-3] WARN  server.GrpcLogAppender (LogUtils.java:warn(122)) - omNode-1@group-523986131536->omNode-3-AppendLogResponseHandler: Failed appendEntries: org.apache.ratis.thirdparty.io.grpc.StatusRuntimeException: UNAVAILABLE: io exception
2022-10-04 13:27:45,296 [grpc-default-executor-3] INFO  leader.FollowerInfo (FollowerInfoImpl.java:lambda$new$0(48)) - omNode-1@group-523986131536->omNode-3: nextIndex: updateUnconditionally 220 -> 45
2022-10-04 13:27:45,302 [grpc-default-executor-5] WARN  server.GrpcLogAppender (LogUtils.java:warn(122)) - omNode-1@group-523986131536->omNode-3-AppendLogResponseHandler: Failed appendEntries: org.apache.ratis.thirdparty.io.grpc.StatusRuntimeException: UNAVAILABLE: io exception
2022-10-04 13:27:45,302 [grpc-default-executor-5] INFO  leader.FollowerInfo (FollowerInfoImpl.java:lambda$new$0(48)) - omNode-1@group-523986131536->omNode-3: nextIndex: updateUnconditionally 221 -> 45
2022-10-04 13:27:45,306 [grpc-default-executor-5] WARN  server.GrpcLogAppender (LogUtils.java:warn(122)) - omNode-1@group-523986131536->omNode-3-AppendLogResponseHandler: Failed appendEntries: org.apache.ratis.thirdparty.io.grpc.StatusRuntimeException: UNAVAILABLE: io exception
2022-10-04 13:27:45,306 [grpc-default-executor-5] INFO  leader.FollowerInfo (FollowerInfoImpl.java:lambda$new$0(48)) - omNode-1@group-523986131536->omNode-3: nextIndex: updateUnconditionally 222 -> 45
2022-10-04 13:27:45,312 [grpc-default-executor-3] WARN  server.GrpcLogAppender (LogUtils.java:warn(122)) - omNode-1@group-523986131536->omNode-3-AppendLogResponseHandler: Failed appendEntries: org.apache.ratis.thirdparty.io.grpc.StatusRuntimeException: UNAVAILABLE: io exception
2022-10-04 13:27:45,312 [grpc-default-executor-3] INFO  leader.FollowerInfo (FollowerInfoImpl.java:lambda$new$0(48)) - omNode-1@group-523986131536->omNode-3: nextIndex: updateUnconditionally 222 -> 45
2022-10-04 13:27:45,321 [grpc-default-executor-5] WARN  server.GrpcLogAppender (LogUtils.java:warn(122)) - omNode-1@group-523986131536->omNode-3-AppendLogResponseHandler: Failed appendEntries: org.apache.ratis.thirdparty.io.grpc.StatusRuntimeException: UNAVAILABLE: io exception
2022-10-04 13:27:45,321 [grpc-default-executor-5] INFO  leader.FollowerInfo (FollowerInfoImpl.java:lambda$new$0(48)) - omNode-1@group-523986131536->omNode-3: nextIndex: updateUnconditionally 223 -> 45
2022-10-04 13:27:45,336 [grpc-default-executor-5] WARN  server.GrpcLogAppender (LogUtils.java:warn(122)) - omNode-1@group-523986131536->omNode-3-AppendLogResponseHandler: Failed appendEntries: org.apache.ratis.thirdparty.io.grpc.StatusRuntimeException: UNAVAILABLE: io exception
2022-10-04 13:27:45,337 [grpc-default-executor-5] INFO  leader.FollowerInfo (FollowerInfoImpl.java:lambda$new$0(48)) - omNode-1@group-523986131536->omNode-3: nextIndex: updateUnconditionally 223 -> 45
2022-10-04 13:27:45,338 [grpc-default-executor-5] WARN  server.GrpcLogAppender (LogUtils.java:warn(122)) - omNode-1@group-523986131536->omNode-3-AppendLogResponseHandler: Failed appendEntries: org.apache.ratis.thirdparty.io.grpc.StatusRuntimeException: UNAVAILABLE: io exception
2022-10-04 13:27:45,338 [grpc-default-executor-5] INFO  leader.FollowerInfo (FollowerInfoImpl.java:lambda$new$0(48)) - omNode-1@group-523986131536->omNode-3: nextIndex: updateUnconditionally 223 -> 45
2022-10-04 13:27:45,360 [grpc-default-executor-3] WARN  server.GrpcLogAppender (LogUtils.java:warn(122)) - omNode-1@group-523986131536->omNode-3-AppendLogResponseHandler: Failed appendEntries: org.apache.ratis.thirdparty.io.grpc.StatusRuntimeException: UNAVAILABLE: io exception
2022-10-04 13:27:45,360 [grpc-default-executor-3] INFO  leader.FollowerInfo (FollowerInfoImpl.java:lambda$new$0(48)) - omNode-1@group-523986131536->omNode-3: nextIndex: updateUnconditionally 224 -> 45
2022-10-04 13:27:45,370 [grpc-default-executor-3] WARN  server.GrpcLogAppender (LogUtils.java:warn(122)) - omNode-1@group-523986131536->omNode-3-AppendLogResponseHandler: Failed appendEntries: org.apache.ratis.thirdparty.io.grpc.StatusRuntimeException: UNAVAILABLE: io exception
2022-10-04 13:27:45,370 [grpc-default-executor-3] INFO  leader.FollowerInfo (FollowerInfoImpl.java:lambda$new$0(48)) - omNode-1@group-523986131536->omNode-3: nextIndex: updateUnconditionally 224 -> 45
2022-10-04 13:27:45,374 [grpc-default-executor-5] WARN  server.GrpcLogAppender (LogUtils.java:warn(122)) - omNode-1@group-523986131536->omNode-3-AppendLogResponseHandler: Failed appendEntries: org.apache.ratis.thirdparty.io.grpc.StatusRuntimeException: UNAVAILABLE: io exception
2022-10-04 13:27:45,375 [grpc-default-executor-5] INFO  leader.FollowerInfo (FollowerInfoImpl.java:lambda$new$0(48)) - omNode-1@group-523986131536->omNode-3: nextIndex: updateUnconditionally 225 -> 45
2022-10-04 13:27:45,380 [grpc-default-executor-4] WARN  server.GrpcLogAppender (LogUtils.java:warn(122)) - omNode-1@group-523986131536->omNode-3-AppendLogResponseHandler: Failed appendEntries: org.apache.ratis.thirdparty.io.grpc.StatusRuntimeException: UNAVAILABLE: io exception
2022-10-04 13:27:45,380 [grpc-default-executor-4] INFO  leader.FollowerInfo (FollowerInfoImpl.java:lambda$new$0(48)) - omNode-1@group-523986131536->omNode-3: nextIndex: updateUnconditionally 226 -> 45
2022-10-04 13:27:45,395 [grpc-default-executor-3] WARN  server.GrpcLogAppender (LogUtils.java:warn(122)) - omNode-1@group-523986131536->omNode-3-AppendLogResponseHandler: Failed appendEntries: org.apache.ratis.thirdparty.io.grpc.StatusRuntimeException: UNAVAILABLE: io exception
2022-10-04 13:27:45,396 [grpc-default-executor-3] INFO  leader.FollowerInfo (FollowerInfoImpl.java:lambda$new$0(48)) - omNode-1@group-523986131536->omNode-3: nextIndex: updateUnconditionally 226 -> 45
2022-10-04 13:27:45,397 [grpc-default-executor-3] WARN  server.GrpcLogAppender (LogUtils.java:warn(122)) - omNode-1@group-523986131536->omNode-3-AppendLogResponseHandler: Failed appendEntries: org.apache.ratis.thirdparty.io.grpc.StatusRuntimeException: UNAVAILABLE: io exception
2022-10-04 13:27:45,397 [grpc-default-executor-3] INFO  leader.FollowerInfo (FollowerInfoImpl.java:lambda$new$0(48)) - omNode-1@group-523986131536->omNode-3: nextIndex: updateUnconditionally 226 -> 45
2022-10-04 13:27:45,400 [grpc-default-executor-3] WARN  server.GrpcLogAppender (LogUtils.java:warn(122)) - omNode-1@group-523986131536->omNode-3-AppendLogResponseHandler: Failed appendEntries: org.apache.ratis.thirdparty.io.grpc.StatusRuntimeException: UNAVAILABLE: io exception
2022-10-04 13:27:45,400 [grpc-default-executor-3] INFO  leader.FollowerInfo (FollowerInfoImpl.java:lambda$new$0(48)) - omNode-1@group-523986131536->omNode-3: nextIndex: updateUnconditionally 227 -> 45
2022-10-04 13:27:45,416 [grpc-default-executor-4] WARN  server.GrpcLogAppender (LogUtils.java:warn(122)) - omNode-1@group-523986131536->omNode-3-AppendLogResponseHandler: Failed appendEntries: org.apache.ratis.thirdparty.io.grpc.StatusRuntimeException: UNAVAILABLE: io exception
2022-10-04 13:27:45,417 [grpc-default-executor-4] INFO  leader.FollowerInfo (FollowerInfoImpl.java:lambda$new$0(48)) - omNode-1@group-523986131536->omNode-3: nextIndex: updateUnconditionally 227 -> 45
2022-10-04 13:27:45,429 [grpc-default-executor-5] WARN  server.GrpcLogAppender (LogUtils.java:warn(122)) - omNode-1@group-523986131536->omNode-3-AppendLogResponseHandler: Failed appendEntries: org.apache.ratis.thirdparty.io.grpc.StatusRuntimeException: UNAVAILABLE: io exception
2022-10-04 13:27:45,429 [grpc-default-executor-5] INFO  leader.FollowerInfo (FollowerInfoImpl.java:lambda$new$0(48)) - omNode-1@group-523986131536->omNode-3: nextIndex: updateUnconditionally 227 -> 45
2022-10-04 13:27:45,437 [grpc-default-executor-3] WARN  server.GrpcLogAppender (LogUtils.java:warn(122)) - omNode-1@group-523986131536->omNode-3-AppendLogResponseHandler: Failed appendEntries: org.apache.ratis.thirdparty.io.grpc.StatusRuntimeException: UNAVAILABLE: io exception
2022-10-04 13:27:45,438 [grpc-default-executor-3] INFO  leader.FollowerInfo (FollowerInfoImpl.java:lambda$new$0(48)) - omNode-1@group-523986131536->omNode-3: nextIndex: updateUnconditionally 228 -> 45
2022-10-04 13:27:45,449 [grpc-default-executor-3] WARN  server.GrpcLogAppender (LogUtils.java:warn(122)) - omNode-1@group-523986131536->omNode-3-AppendLogResponseHandler: Failed appendEntries: org.apache.ratis.thirdparty.io.grpc.StatusRuntimeException: UNAVAILABLE: io exception
2022-10-04 13:27:45,449 [grpc-default-executor-3] INFO  leader.FollowerInfo (FollowerInfoImpl.java:lambda$new$0(48)) - omNode-1@group-523986131536->omNode-3: nextIndex: updateUnconditionally 228 -> 45
2022-10-04 13:27:45,454 [grpc-default-executor-3] WARN  server.GrpcLogAppender (LogUtils.java:warn(122)) - omNode-1@group-523986131536->omNode-3-AppendLogResponseHandler: Failed appendEntries: org.apache.ratis.thirdparty.io.grpc.StatusRuntimeException: UNAVAILABLE: io exception
2022-10-04 13:27:45,454 [grpc-default-executor-3] INFO  leader.FollowerInfo (FollowerInfoImpl.java:lambda$new$0(48)) - omNode-1@group-523986131536->omNode-3: nextIndex: updateUnconditionally 229 -> 45
2022-10-04 13:27:45,457 [grpc-default-executor-3] WARN  server.GrpcLogAppender (LogUtils.java:warn(122)) - omNode-1@group-523986131536->omNode-3-AppendLogResponseHandler: Failed appendEntries: org.apache.ratis.thirdparty.io.grpc.StatusRuntimeException: UNAVAILABLE: io exception
2022-10-04 13:27:45,457 [grpc-default-executor-3] INFO  leader.FollowerInfo (FollowerInfoImpl.java:lambda$new$0(48)) - omNode-1@group-523986131536->omNode-3: nextIndex: updateUnconditionally 230 -> 45
2022-10-04 13:27:45,462 [grpc-default-executor-3] WARN  server.GrpcLogAppender (LogUtils.java:warn(122)) - omNode-1@group-523986131536->omNode-3-AppendLogResponseHandler: Failed appendEntries: org.apache.ratis.thirdparty.io.grpc.StatusRuntimeException: UNAVAILABLE: io exception
2022-10-04 13:27:45,462 [grpc-default-executor-3] INFO  leader.FollowerInfo (FollowerInfoImpl.java:lambda$new$0(48)) - omNode-1@group-523986131536->omNode-3: nextIndex: updateUnconditionally 230 -> 45
2022-10-04 13:27:45,464 [grpc-default-executor-3] WARN  server.GrpcLogAppender (LogUtils.java:warn(122)) - omNode-1@group-523986131536->omNode-3-AppendLogResponseHandler: Failed appendEntries: org.apache.ratis.thirdparty.io.grpc.StatusRuntimeException: UNAVAILABLE: io exception
2022-10-04 13:27:45,464 [grpc-default-executor-3] INFO  leader.FollowerInfo (FollowerInfoImpl.java:lambda$new$0(48)) - omNode-1@group-523986131536->omNode-3: nextIndex: updateUnconditionally 231 -> 45
2022-10-04 13:27:45,485 [grpc-default-executor-5] WARN  server.GrpcLogAppender (LogUtils.java:warn(122)) - omNode-1@group-523986131536->omNode-3-AppendLogResponseHandler: Failed appendEntries: org.apache.ratis.thirdparty.io.grpc.StatusRuntimeException: UNAVAILABLE: io exception
2022-10-04 13:27:45,485 [grpc-default-executor-5] INFO  leader.FollowerInfo (FollowerInfoImpl.java:lambda$new$0(48)) - omNode-1@group-523986131536->omNode-3: nextIndex: updateUnconditionally 231 -> 45
2022-10-04 13:27:45,487 [grpc-default-executor-5] WARN  server.GrpcLogAppender (LogUtils.java:warn(122)) - omNode-1@group-523986131536->omNode-3-AppendLogResponseHandler: Failed appendEntries: org.apache.ratis.thirdparty.io.grpc.StatusRuntimeException: UNAVAILABLE: io exception
2022-10-04 13:27:45,487 [grpc-default-executor-5] INFO  leader.FollowerInfo (FollowerInfoImpl.java:lambda$new$0(48)) - omNode-1@group-523986131536->omNode-3: nextIndex: updateUnconditionally 231 -> 45
2022-10-04 13:27:45,499 [grpc-default-executor-3] WARN  server.GrpcLogAppender (LogUtils.java:warn(122)) - omNode-1@group-523986131536->omNode-3-AppendLogResponseHandler: Failed appendEntries: org.apache.ratis.thirdparty.io.grpc.StatusRuntimeException: UNAVAILABLE: io exception
2022-10-04 13:27:45,499 [grpc-default-executor-3] INFO  leader.FollowerInfo (FollowerInfoImpl.java:lambda$new$0(48)) - omNode-1@group-523986131536->omNode-3: nextIndex: updateUnconditionally 232 -> 45
2022-10-04 13:27:45,504 [grpc-default-executor-3] WARN  server.GrpcLogAppender (LogUtils.java:warn(122)) - omNode-1@group-523986131536->omNode-3-AppendLogResponseHandler: Failed appendEntries: org.apache.ratis.thirdparty.io.grpc.StatusRuntimeException: UNAVAILABLE: io exception
2022-10-04 13:27:45,504 [grpc-default-executor-3] INFO  leader.FollowerInfo (FollowerInfoImpl.java:lambda$new$0(48)) - omNode-1@group-523986131536->omNode-3: nextIndex: updateUnconditionally 232 -> 45
2022-10-04 13:27:45,509 [grpc-default-executor-5] WARN  server.GrpcLogAppender (LogUtils.java:warn(122)) - omNode-1@group-523986131536->omNode-3-AppendLogResponseHandler: Failed appendEntries: org.apache.ratis.thirdparty.io.grpc.StatusRuntimeException: UNAVAILABLE: io exception
2022-10-04 13:27:45,509 [grpc-default-executor-5] INFO  leader.FollowerInfo (FollowerInfoImpl.java:lambda$new$0(48)) - omNode-1@group-523986131536->omNode-3: nextIndex: updateUnconditionally 233 -> 45
2022-10-04 13:27:45,510 [grpc-default-executor-5] WARN  server.GrpcLogAppender (LogUtils.java:warn(122)) - omNode-1@group-523986131536->omNode-3-AppendLogResponseHandler: Failed appendEntries: org.apache.ratis.thirdparty.io.grpc.StatusRuntimeException: UNAVAILABLE: io exception
2022-10-04 13:27:45,510 [grpc-default-executor-5] INFO  leader.FollowerInfo (FollowerInfoImpl.java:lambda$new$0(48)) - omNode-1@group-523986131536->omNode-3: nextIndex: updateUnconditionally 234 -> 45
2022-10-04 13:27:45,526 [grpc-default-executor-3] WARN  server.GrpcLogAppender (LogUtils.java:warn(122)) - omNode-1@group-523986131536->omNode-3-AppendLogResponseHandler: Failed appendEntries: org.apache.ratis.thirdparty.io.grpc.StatusRuntimeException: UNAVAILABLE: io exception
2022-10-04 13:27:45,526 [grpc-default-executor-3] INFO  leader.FollowerInfo (FollowerInfoImpl.java:lambda$new$0(48)) - omNode-1@group-523986131536->omNode-3: nextIndex: updateUnconditionally 234 -> 45
2022-10-04 13:27:45,532 [grpc-default-executor-3] WARN  server.GrpcLogAppender (LogUtils.java:warn(122)) - omNode-1@group-523986131536->omNode-3-AppendLogResponseHandler: Failed appendEntries: org.apache.ratis.thirdparty.io.grpc.StatusRuntimeException: UNAVAILABLE: io exception
2022-10-04 13:27:45,532 [grpc-default-executor-3] INFO  leader.FollowerInfo (FollowerInfoImpl.java:lambda$new$0(48)) - omNode-1@group-523986131536->omNode-3: nextIndex: updateUnconditionally 235 -> 45
2022-10-04 13:27:45,555 [grpc-default-executor-3] WARN  server.GrpcLogAppender (LogUtils.java:warn(122)) - omNode-1@group-523986131536->omNode-3-AppendLogResponseHandler: Failed appendEntries: org.apache.ratis.thirdparty.io.grpc.StatusRuntimeException: UNAVAILABLE: io exception
2022-10-04 13:27:45,555 [grpc-default-executor-3] INFO  leader.FollowerInfo (FollowerInfoImpl.java:lambda$new$0(48)) - omNode-1@group-523986131536->omNode-3: nextIndex: updateUnconditionally 235 -> 45
2022-10-04 13:27:45,563 [grpc-default-executor-5] WARN  server.GrpcLogAppender (LogUtils.java:warn(122)) - omNode-1@group-523986131536->omNode-3-AppendLogResponseHandler: Failed appendEntries: org.apache.ratis.thirdparty.io.grpc.StatusRuntimeException: UNAVAILABLE: io exception
2022-10-04 13:27:45,563 [grpc-default-executor-5] INFO  leader.FollowerInfo (FollowerInfoImpl.java:lambda$new$0(48)) - omNode-1@group-523986131536->omNode-3: nextIndex: updateUnconditionally 236 -> 45
2022-10-04 13:27:45,573 [grpc-default-executor-5] WARN  server.GrpcLogAppender (LogUtils.java:warn(122)) - omNode-1@group-523986131536->omNode-3-AppendLogResponseHandler: Failed appendEntries: org.apache.ratis.thirdparty.io.grpc.StatusRuntimeException: UNAVAILABLE: io exception
2022-10-04 13:27:45,573 [grpc-default-executor-5] INFO  leader.FollowerInfo (FollowerInfoImpl.java:lambda$new$0(48)) - omNode-1@group-523986131536->omNode-3: nextIndex: updateUnconditionally 237 -> 45
2022-10-04 13:27:45,575 [grpc-default-executor-3] WARN  server.GrpcLogAppender (LogUtils.java:warn(122)) - omNode-1@group-523986131536->omNode-3-AppendLogResponseHandler: Failed appendEntries: org.apache.ratis.thirdparty.io.grpc.StatusRuntimeException: UNAVAILABLE: io exception
2022-10-04 13:27:45,575 [grpc-default-executor-3] INFO  leader.FollowerInfo (FollowerInfoImpl.java:lambda$new$0(48)) - omNode-1@group-523986131536->omNode-3: nextIndex: updateUnconditionally 238 -> 45
2022-10-04 13:27:45,586 [grpc-default-executor-5] WARN  server.GrpcLogAppender (LogUtils.java:warn(122)) - omNode-1@group-523986131536->omNode-3-AppendLogResponseHandler: Failed appendEntries: org.apache.ratis.thirdparty.io.grpc.StatusRuntimeException: UNAVAILABLE: io exception
2022-10-04 13:27:45,586 [grpc-default-executor-5] INFO  leader.FollowerInfo (FollowerInfoImpl.java:lambda$new$0(48)) - omNode-1@group-523986131536->omNode-3: nextIndex: updateUnconditionally 238 -> 45
2022-10-04 13:27:45,592 [grpc-default-executor-5] WARN  server.GrpcLogAppender (LogUtils.java:warn(122)) - omNode-1@group-523986131536->omNode-3-AppendLogResponseHandler: Failed appendEntries: org.apache.ratis.thirdparty.io.grpc.StatusRuntimeException: UNAVAILABLE: io exception
2022-10-04 13:27:45,592 [grpc-default-executor-5] INFO  leader.FollowerInfo (FollowerInfoImpl.java:lambda$new$0(48)) - omNode-1@group-523986131536->omNode-3: nextIndex: updateUnconditionally 239 -> 45
2022-10-04 13:27:45,609 [grpc-default-executor-5] WARN  server.GrpcLogAppender (LogUtils.java:warn(122)) - omNode-1@group-523986131536->omNode-3-AppendLogResponseHandler: Failed appendEntries: org.apache.ratis.thirdparty.io.grpc.StatusRuntimeException: UNAVAILABLE: io exception
2022-10-04 13:27:45,609 [grpc-default-executor-5] INFO  leader.FollowerInfo (FollowerInfoImpl.java:lambda$new$0(48)) - omNode-1@group-523986131536->omNode-3: nextIndex: updateUnconditionally 239 -> 45
2022-10-04 13:27:45,610 [grpc-default-executor-5] WARN  server.GrpcLogAppender (LogUtils.java:warn(122)) - omNode-1@group-523986131536->omNode-3-AppendLogResponseHandler: Failed appendEntries: org.apache.ratis.thirdparty.io.grpc.StatusRuntimeException: UNAVAILABLE: io exception
2022-10-04 13:27:45,611 [grpc-default-executor-5] INFO  leader.FollowerInfo (FollowerInfoImpl.java:lambda$new$0(48)) - omNode-1@group-523986131536->omNode-3: nextIndex: updateUnconditionally 239 -> 45
2022-10-04 13:27:45,626 [EndpointStateMachine task thread for /0.0.0.0:41361 - 0 ] INFO  ipc.Client (Client.java:handleConnectionFailure(977)) - Retrying connect to server: 0.0.0.0/0.0.0.0:41361. Already tried 9 time(s); retry policy is RetryUpToMaximumCountWithFixedSleep(maxRetries=15, sleepTime=1000 MILLISECONDS)
2022-10-04 13:27:45,632 [grpc-default-executor-3] WARN  server.GrpcLogAppender (LogUtils.java:warn(122)) - omNode-1@group-523986131536->omNode-3-AppendLogResponseHandler: Failed appendEntries: org.apache.ratis.thirdparty.io.grpc.StatusRuntimeException: UNAVAILABLE: io exception
2022-10-04 13:27:45,632 [grpc-default-executor-3] INFO  leader.FollowerInfo (FollowerInfoImpl.java:lambda$new$0(48)) - omNode-1@group-523986131536->omNode-3: nextIndex: updateUnconditionally 240 -> 45
2022-10-04 13:27:45,637 [grpc-default-executor-3] WARN  server.GrpcLogAppender (LogUtils.java:warn(122)) - omNode-1@group-523986131536->omNode-3-AppendLogResponseHandler: Failed appendEntries: org.apache.ratis.thirdparty.io.grpc.StatusRuntimeException: UNAVAILABLE: io exception
2022-10-04 13:27:45,637 [grpc-default-executor-3] INFO  leader.FollowerInfo (FollowerInfoImpl.java:lambda$new$0(48)) - omNode-1@group-523986131536->omNode-3: nextIndex: updateUnconditionally 240 -> 45
2022-10-04 13:27:45,642 [grpc-default-executor-4] WARN  server.GrpcLogAppender (LogUtils.java:warn(122)) - omNode-1@group-523986131536->omNode-3-AppendLogResponseHandler: Failed appendEntries: org.apache.ratis.thirdparty.io.grpc.StatusRuntimeException: UNAVAILABLE: io exception
2022-10-04 13:27:45,642 [grpc-default-executor-4] INFO  leader.FollowerInfo (FollowerInfoImpl.java:lambda$new$0(48)) - omNode-1@group-523986131536->omNode-3: nextIndex: updateUnconditionally 241 -> 45
2022-10-04 13:27:45,645 [grpc-default-executor-4] WARN  server.GrpcLogAppender (LogUtils.java:warn(122)) - omNode-1@group-523986131536->omNode-3-AppendLogResponseHandler: Failed appendEntries: org.apache.ratis.thirdparty.io.grpc.StatusRuntimeException: UNAVAILABLE: io exception
2022-10-04 13:27:45,645 [grpc-default-executor-4] INFO  leader.FollowerInfo (FollowerInfoImpl.java:lambda$new$0(48)) - omNode-1@group-523986131536->omNode-3: nextIndex: updateUnconditionally 242 -> 45
2022-10-04 13:27:45,657 [grpc-default-executor-3] WARN  server.GrpcLogAppender (LogUtils.java:warn(122)) - omNode-1@group-523986131536->omNode-3-AppendLogResponseHandler: Failed appendEntries: org.apache.ratis.thirdparty.io.grpc.StatusRuntimeException: UNAVAILABLE: io exception
2022-10-04 13:27:45,657 [grpc-default-executor-3] INFO  leader.FollowerInfo (FollowerInfoImpl.java:lambda$new$0(48)) - omNode-1@group-523986131536->omNode-3: nextIndex: updateUnconditionally 242 -> 45
2022-10-04 13:27:45,664 [grpc-default-executor-3] WARN  server.GrpcLogAppender (LogUtils.java:warn(122)) - omNode-1@group-523986131536->omNode-3-AppendLogResponseHandler: Failed appendEntries: org.apache.ratis.thirdparty.io.grpc.StatusRuntimeException: UNAVAILABLE: io exception
2022-10-04 13:27:45,664 [grpc-default-executor-3] INFO  leader.FollowerInfo (FollowerInfoImpl.java:lambda$new$0(48)) - omNode-1@group-523986131536->omNode-3: nextIndex: updateUnconditionally 243 -> 45
2022-10-04 13:27:45,680 [grpc-default-executor-4] WARN  server.GrpcLogAppender (LogUtils.java:warn(122)) - omNode-1@group-523986131536->omNode-3-AppendLogResponseHandler: Failed appendEntries: org.apache.ratis.thirdparty.io.grpc.StatusRuntimeException: UNAVAILABLE: io exception
2022-10-04 13:27:45,681 [grpc-default-executor-4] INFO  leader.FollowerInfo (FollowerInfoImpl.java:lambda$new$0(48)) - omNode-1@group-523986131536->omNode-3: nextIndex: updateUnconditionally 243 -> 45
2022-10-04 13:27:45,682 [grpc-default-executor-4] WARN  server.GrpcLogAppender (LogUtils.java:warn(122)) - omNode-1@group-523986131536->omNode-3-AppendLogResponseHandler: Failed appendEntries: org.apache.ratis.thirdparty.io.grpc.StatusRuntimeException: UNAVAILABLE: io exception
2022-10-04 13:27:45,682 [grpc-default-executor-4] INFO  leader.FollowerInfo (FollowerInfoImpl.java:lambda$new$0(48)) - omNode-1@group-523986131536->omNode-3: nextIndex: updateUnconditionally 243 -> 45
2022-10-04 13:27:45,685 [grpc-default-executor-4] WARN  server.GrpcLogAppender (LogUtils.java:warn(122)) - omNode-1@group-523986131536->omNode-3-AppendLogResponseHandler: Failed appendEntries: org.apache.ratis.thirdparty.io.grpc.StatusRuntimeException: UNAVAILABLE: io exception
2022-10-04 13:27:45,686 [grpc-default-executor-4] INFO  leader.FollowerInfo (FollowerInfoImpl.java:lambda$new$0(48)) - omNode-1@group-523986131536->omNode-3: nextIndex: updateUnconditionally 244 -> 45
2022-10-04 13:27:45,688 [grpc-default-executor-4] WARN  server.GrpcLogAppender (LogUtils.java:warn(122)) - omNode-1@group-523986131536->omNode-3-AppendLogResponseHandler: Failed appendEntries: org.apache.ratis.thirdparty.io.grpc.StatusRuntimeException: UNAVAILABLE: io exception
2022-10-04 13:27:45,689 [grpc-default-executor-4] INFO  leader.FollowerInfo (FollowerInfoImpl.java:lambda$new$0(48)) - omNode-1@group-523986131536->omNode-3: nextIndex: updateUnconditionally 244 -> 45
2022-10-04 13:27:45,698 [grpc-default-executor-3] WARN  server.GrpcLogAppender (LogUtils.java:warn(122)) - omNode-1@group-523986131536->omNode-3-AppendLogResponseHandler: Failed appendEntries: org.apache.ratis.thirdparty.io.grpc.StatusRuntimeException: UNAVAILABLE: io exception
2022-10-04 13:27:45,698 [grpc-default-executor-3] INFO  leader.FollowerInfo (FollowerInfoImpl.java:lambda$new$0(48)) - omNode-1@group-523986131536->omNode-3: nextIndex: updateUnconditionally 245 -> 45
2022-10-04 13:27:45,700 [grpc-default-executor-4] WARN  server.GrpcLogAppender (LogUtils.java:warn(122)) - omNode-1@group-523986131536->omNode-3-AppendLogResponseHandler: Failed appendEntries: org.apache.ratis.thirdparty.io.grpc.StatusRuntimeException: UNAVAILABLE: io exception
2022-10-04 13:27:45,701 [grpc-default-executor-4] INFO  leader.FollowerInfo (FollowerInfoImpl.java:lambda$new$0(48)) - omNode-1@group-523986131536->omNode-3: nextIndex: updateUnconditionally 246 -> 45
2022-10-04 13:27:45,709 [grpc-default-executor-4] WARN  server.GrpcLogAppender (LogUtils.java:warn(122)) - omNode-1@group-523986131536->omNode-3-AppendLogResponseHandler: Failed appendEntries: org.apache.ratis.thirdparty.io.grpc.StatusRuntimeException: UNAVAILABLE: io exception
2022-10-04 13:27:45,710 [grpc-default-executor-4] INFO  leader.FollowerInfo (FollowerInfoImpl.java:lambda$new$0(48)) - omNode-1@group-523986131536->omNode-3: nextIndex: updateUnconditionally 246 -> 45
2022-10-04 13:27:45,711 [grpc-default-executor-4] WARN  server.GrpcLogAppender (LogUtils.java:warn(122)) - omNode-1@group-523986131536->omNode-3-AppendLogResponseHandler: Failed appendEntries: org.apache.ratis.thirdparty.io.grpc.StatusRuntimeException: UNAVAILABLE: io exception
2022-10-04 13:27:45,711 [grpc-default-executor-4] INFO  leader.FollowerInfo (FollowerInfoImpl.java:lambda$new$0(48)) - omNode-1@group-523986131536->omNode-3: nextIndex: updateUnconditionally 246 -> 45
2022-10-04 13:27:45,716 [grpc-default-executor-4] WARN  server.GrpcLogAppender (LogUtils.java:warn(122)) - omNode-1@group-523986131536->omNode-3-AppendLogResponseHandler: Failed appendEntries: org.apache.ratis.thirdparty.io.grpc.StatusRuntimeException: UNAVAILABLE: io exception
2022-10-04 13:27:45,717 [grpc-default-executor-4] INFO  leader.FollowerInfo (FollowerInfoImpl.java:lambda$new$0(48)) - omNode-1@group-523986131536->omNode-3: nextIndex: updateUnconditionally 247 -> 45
2022-10-04 13:27:45,731 [grpc-default-executor-4] WARN  server.GrpcLogAppender (LogUtils.java:warn(122)) - omNode-1@group-523986131536->omNode-3-AppendLogResponseHandler: Failed appendEntries: org.apache.ratis.thirdparty.io.grpc.StatusRuntimeException: UNAVAILABLE: io exception
2022-10-04 13:27:45,731 [grpc-default-executor-4] INFO  leader.FollowerInfo (FollowerInfoImpl.java:lambda$new$0(48)) - omNode-1@group-523986131536->omNode-3: nextIndex: updateUnconditionally 248 -> 45
2022-10-04 13:27:45,733 [grpc-default-executor-3] WARN  server.GrpcLogAppender (LogUtils.java:warn(122)) - omNode-1@group-523986131536->omNode-3-AppendLogResponseHandler: Failed appendEntries: org.apache.ratis.thirdparty.io.grpc.StatusRuntimeException: UNAVAILABLE: io exception
2022-10-04 13:27:45,733 [grpc-default-executor-3] INFO  leader.FollowerInfo (FollowerInfoImpl.java:lambda$new$0(48)) - omNode-1@group-523986131536->omNode-3: nextIndex: updateUnconditionally 248 -> 45
2022-10-04 13:27:45,737 [grpc-default-executor-4] WARN  server.GrpcLogAppender (LogUtils.java:warn(122)) - omNode-1@group-523986131536->omNode-3-AppendLogResponseHandler: Failed appendEntries: org.apache.ratis.thirdparty.io.grpc.StatusRuntimeException: UNAVAILABLE: io exception
2022-10-04 13:27:45,737 [grpc-default-executor-4] INFO  leader.FollowerInfo (FollowerInfoImpl.java:lambda$new$0(48)) - omNode-1@group-523986131536->omNode-3: nextIndex: updateUnconditionally 248 -> 45
2022-10-04 13:27:45,751 [grpc-default-executor-4] WARN  server.GrpcLogAppender (LogUtils.java:warn(122)) - omNode-1@group-523986131536->omNode-3-AppendLogResponseHandler: Failed appendEntries: org.apache.ratis.thirdparty.io.grpc.StatusRuntimeException: UNAVAILABLE: io exception
2022-10-04 13:27:45,751 [grpc-default-executor-4] INFO  leader.FollowerInfo (FollowerInfoImpl.java:lambda$new$0(48)) - omNode-1@group-523986131536->omNode-3: nextIndex: updateUnconditionally 249 -> 45
2022-10-04 13:27:45,754 [grpc-default-executor-4] WARN  server.GrpcLogAppender (LogUtils.java:warn(122)) - omNode-1@group-523986131536->omNode-3-AppendLogResponseHandler: Failed appendEntries: org.apache.ratis.thirdparty.io.grpc.StatusRuntimeException: UNAVAILABLE: io exception
2022-10-04 13:27:45,755 [grpc-default-executor-4] INFO  leader.FollowerInfo (FollowerInfoImpl.java:lambda$new$0(48)) - omNode-1@group-523986131536->omNode-3: nextIndex: updateUnconditionally 250 -> 45
2022-10-04 13:27:45,764 [grpc-default-executor-4] WARN  server.GrpcLogAppender (LogUtils.java:warn(122)) - omNode-1@group-523986131536->omNode-3-AppendLogResponseHandler: Failed appendEntries: org.apache.ratis.thirdparty.io.grpc.StatusRuntimeException: UNAVAILABLE: io exception
2022-10-04 13:27:45,765 [grpc-default-executor-4] INFO  leader.FollowerInfo (FollowerInfoImpl.java:lambda$new$0(48)) - omNode-1@group-523986131536->omNode-3: nextIndex: updateUnconditionally 250 -> 45
2022-10-04 13:27:45,766 [grpc-default-executor-4] WARN  server.GrpcLogAppender (LogUtils.java:warn(122)) - omNode-1@group-523986131536->omNode-3-AppendLogResponseHandler: Failed appendEntries: org.apache.ratis.thirdparty.io.grpc.StatusRuntimeException: UNAVAILABLE: io exception
2022-10-04 13:27:45,766 [grpc-default-executor-4] INFO  leader.FollowerInfo (FollowerInfoImpl.java:lambda$new$0(48)) - omNode-1@group-523986131536->omNode-3: nextIndex: updateUnconditionally 250 -> 45
2022-10-04 13:27:45,778 [grpc-default-executor-4] WARN  server.GrpcLogAppender (LogUtils.java:warn(122)) - omNode-1@group-523986131536->omNode-3-AppendLogResponseHandler: Failed appendEntries: org.apache.ratis.thirdparty.io.grpc.StatusRuntimeException: UNAVAILABLE: io exception
2022-10-04 13:27:45,778 [grpc-default-executor-4] INFO  leader.FollowerInfo (FollowerInfoImpl.java:lambda$new$0(48)) - omNode-1@group-523986131536->omNode-3: nextIndex: updateUnconditionally 251 -> 45
2022-10-04 13:27:45,780 [grpc-default-executor-4] WARN  server.GrpcLogAppender (LogUtils.java:warn(122)) - omNode-1@group-523986131536->omNode-3-AppendLogResponseHandler: Failed appendEntries: org.apache.ratis.thirdparty.io.grpc.StatusRuntimeException: UNAVAILABLE: io exception
2022-10-04 13:27:45,780 [grpc-default-executor-4] INFO  leader.FollowerInfo (FollowerInfoImpl.java:lambda$new$0(48)) - omNode-1@group-523986131536->omNode-3: nextIndex: updateUnconditionally 251 -> 45
2022-10-04 13:27:45,781 [grpc-default-executor-4] WARN  server.GrpcLogAppender (LogUtils.java:warn(122)) - omNode-1@group-523986131536->omNode-3-AppendLogResponseHandler: Failed appendEntries: org.apache.ratis.thirdparty.io.grpc.StatusRuntimeException: UNAVAILABLE: io exception
2022-10-04 13:27:45,781 [grpc-default-executor-4] INFO  leader.FollowerInfo (FollowerInfoImpl.java:lambda$new$0(48)) - omNode-1@group-523986131536->omNode-3: nextIndex: updateUnconditionally 251 -> 45
2022-10-04 13:27:45,781 [omNode-1@group-523986131536-StateMachineUpdater] INFO  ratis.OzoneManagerStateMachine (OzoneManagerStateMachine.java:takeSnapshot(441)) - Current Snapshot Index (t:2, i:250)
2022-10-04 13:27:45,781 [omNode-1@group-523986131536-StateMachineUpdater] INFO  impl.StateMachineUpdater (StateMachineUpdater.java:takeSnapshot(287)) - omNode-1@group-523986131536-StateMachineUpdater: Took a snapshot at index 250
2022-10-04 13:27:45,782 [omNode-1@group-523986131536-StateMachineUpdater] INFO  impl.StateMachineUpdater (StateMachineUpdater.java:lambda$new$0(92)) - omNode-1@group-523986131536-StateMachineUpdater: snapshotIndex: updateIncreasingly 200 -> 250
2022-10-04 13:27:45,782 [omNode-1@group-523986131536-StateMachineUpdater] INFO  raftlog.RaftLog (RaftLogBase.java:purge(308)) - omNode-1@group-523986131536-SegmentedRaftLog: purge 250
2022-10-04 13:27:45,782 [omNode-1@group-523986131536-StateMachineUpdater] INFO  raftlog.RaftLog (RaftLogBase.java:lambda$new$0(53)) - omNode-1@group-523986131536-SegmentedRaftLog: snapshotIndex: updateIncreasingly 200 -> 250
2022-10-04 13:27:45,782 [omNode-1@group-523986131536-StateMachineUpdater] INFO  raftlog.RaftLog (RaftLogBase.java:lambda$new$0(53)) - omNode-1@group-523986131536-SegmentedRaftLog: purgeIndex: updateToMax old=200, new=250, updated? true
2022-10-04 13:27:45,790 [grpc-default-executor-5] WARN  server.GrpcLogAppender (LogUtils.java:warn(122)) - omNode-1@group-523986131536->omNode-3-AppendLogResponseHandler: Failed appendEntries: org.apache.ratis.thirdparty.io.grpc.StatusRuntimeException: UNAVAILABLE: io exception
2022-10-04 13:27:45,790 [grpc-default-executor-5] INFO  leader.FollowerInfo (FollowerInfoImpl.java:lambda$new$0(48)) - omNode-1@group-523986131536->omNode-3: nextIndex: updateUnconditionally 252 -> 45
2022-10-04 13:27:45,792 [grpc-default-executor-5] WARN  server.GrpcLogAppender (LogUtils.java:warn(122)) - omNode-1@group-523986131536->omNode-3-AppendLogResponseHandler: Failed appendEntries: org.apache.ratis.thirdparty.io.grpc.StatusRuntimeException: UNAVAILABLE: io exception
2022-10-04 13:27:45,793 [grpc-default-executor-5] INFO  leader.FollowerInfo (FollowerInfoImpl.java:lambda$new$0(48)) - omNode-1@group-523986131536->omNode-3: nextIndex: updateUnconditionally 252 -> 45
2022-10-04 13:27:45,794 [grpc-default-executor-5] WARN  server.GrpcLogAppender (LogUtils.java:warn(122)) - omNode-1@group-523986131536->omNode-3-AppendLogResponseHandler: Failed appendEntries: org.apache.ratis.thirdparty.io.grpc.StatusRuntimeException: UNAVAILABLE: io exception
2022-10-04 13:27:45,794 [grpc-default-executor-5] INFO  leader.FollowerInfo (FollowerInfoImpl.java:lambda$new$0(48)) - omNode-1@group-523986131536->omNode-3: nextIndex: updateUnconditionally 253 -> 45
2022-10-04 13:27:45,800 [grpc-default-executor-5] WARN  server.GrpcLogAppender (LogUtils.java:warn(122)) - omNode-1@group-523986131536->omNode-3-AppendLogResponseHandler: Failed appendEntries: org.apache.ratis.thirdparty.io.grpc.StatusRuntimeException: UNAVAILABLE: io exception
2022-10-04 13:27:45,800 [grpc-default-executor-5] INFO  leader.FollowerInfo (FollowerInfoImpl.java:lambda$new$0(48)) - omNode-1@group-523986131536->omNode-3: nextIndex: updateUnconditionally 254 -> 45
2022-10-04 13:27:45,822 [grpc-default-executor-5] WARN  server.GrpcLogAppender (LogUtils.java:warn(122)) - omNode-1@group-523986131536->omNode-3-AppendLogResponseHandler: Failed appendEntries: org.apache.ratis.thirdparty.io.grpc.StatusRuntimeException: UNAVAILABLE: io exception
2022-10-04 13:27:45,822 [grpc-default-executor-5] INFO  leader.FollowerInfo (FollowerInfoImpl.java:lambda$new$0(48)) - omNode-1@group-523986131536->omNode-3: nextIndex: updateUnconditionally 254 -> 45
2022-10-04 13:27:45,823 [grpc-default-executor-5] WARN  server.GrpcLogAppender (LogUtils.java:warn(122)) - omNode-1@group-523986131536->omNode-3-AppendLogResponseHandler: Failed appendEntries: org.apache.ratis.thirdparty.io.grpc.StatusRuntimeException: UNAVAILABLE: io exception
2022-10-04 13:27:45,823 [grpc-default-executor-5] INFO  leader.FollowerInfo (FollowerInfoImpl.java:lambda$new$0(48)) - omNode-1@group-523986131536->omNode-3: nextIndex: updateUnconditionally 254 -> 45
2022-10-04 13:27:45,829 [grpc-default-executor-5] WARN  server.GrpcLogAppender (LogUtils.java:warn(122)) - omNode-1@group-523986131536->omNode-3-AppendLogResponseHandler: Failed appendEntries: org.apache.ratis.thirdparty.io.grpc.StatusRuntimeException: UNAVAILABLE: io exception
2022-10-04 13:27:45,829 [grpc-default-executor-5] INFO  leader.FollowerInfo (FollowerInfoImpl.java:lambda$new$0(48)) - omNode-1@group-523986131536->omNode-3: nextIndex: updateUnconditionally 255 -> 45
2022-10-04 13:27:45,839 [grpc-default-executor-4] WARN  server.GrpcLogAppender (LogUtils.java:warn(122)) - omNode-1@group-523986131536->omNode-3-AppendLogResponseHandler: Failed appendEntries: org.apache.ratis.thirdparty.io.grpc.StatusRuntimeException: UNAVAILABLE: io exception
2022-10-04 13:27:45,840 [grpc-default-executor-4] INFO  leader.FollowerInfo (FollowerInfoImpl.java:lambda$new$0(48)) - omNode-1@group-523986131536->omNode-3: nextIndex: updateUnconditionally 255 -> 45
2022-10-04 13:27:45,852 [grpc-default-executor-4] WARN  server.GrpcLogAppender (LogUtils.java:warn(122)) - omNode-1@group-523986131536->omNode-3-AppendLogResponseHandler: Failed appendEntries: org.apache.ratis.thirdparty.io.grpc.StatusRuntimeException: UNAVAILABLE: io exception
2022-10-04 13:27:45,852 [grpc-default-executor-4] INFO  leader.FollowerInfo (FollowerInfoImpl.java:lambda$new$0(48)) - omNode-1@group-523986131536->omNode-3: nextIndex: updateUnconditionally 255 -> 45
2022-10-04 13:27:45,854 [grpc-default-executor-4] WARN  server.GrpcLogAppender (LogUtils.java:warn(122)) - omNode-1@group-523986131536->omNode-3-AppendLogResponseHandler: Failed appendEntries: org.apache.ratis.thirdparty.io.grpc.StatusRuntimeException: UNAVAILABLE: io exception
2022-10-04 13:27:45,854 [grpc-default-executor-4] INFO  leader.FollowerInfo (FollowerInfoImpl.java:lambda$new$0(48)) - omNode-1@group-523986131536->omNode-3: nextIndex: updateUnconditionally 256 -> 45
2022-10-04 13:27:45,864 [grpc-default-executor-4] WARN  server.GrpcLogAppender (LogUtils.java:warn(122)) - omNode-1@group-523986131536->omNode-3-AppendLogResponseHandler: Failed appendEntries: org.apache.ratis.thirdparty.io.grpc.StatusRuntimeException: UNAVAILABLE: io exception
2022-10-04 13:27:45,864 [grpc-default-executor-4] INFO  leader.FollowerInfo (FollowerInfoImpl.java:lambda$new$0(48)) - omNode-1@group-523986131536->omNode-3: nextIndex: updateUnconditionally 256 -> 45
2022-10-04 13:27:45,866 [grpc-default-executor-5] WARN  server.GrpcLogAppender (LogUtils.java:warn(122)) - omNode-1@group-523986131536->omNode-3-AppendLogResponseHandler: Failed appendEntries: org.apache.ratis.thirdparty.io.grpc.StatusRuntimeException: UNAVAILABLE: io exception
2022-10-04 13:27:45,866 [grpc-default-executor-5] INFO  leader.FollowerInfo (FollowerInfoImpl.java:lambda$new$0(48)) - omNode-1@group-523986131536->omNode-3: nextIndex: updateUnconditionally 257 -> 45
2022-10-04 13:27:45,869 [grpc-default-executor-4] WARN  server.GrpcLogAppender (LogUtils.java:warn(122)) - omNode-1@group-523986131536->omNode-3-AppendLogResponseHandler: Failed appendEntries: org.apache.ratis.thirdparty.io.grpc.StatusRuntimeException: UNAVAILABLE: io exception
2022-10-04 13:27:45,869 [grpc-default-executor-4] INFO  leader.FollowerInfo (FollowerInfoImpl.java:lambda$new$0(48)) - omNode-1@group-523986131536->omNode-3: nextIndex: updateUnconditionally 258 -> 45
2022-10-04 13:27:45,871 [grpc-default-executor-4] WARN  server.GrpcLogAppender (LogUtils.java:warn(122)) - omNode-1@group-523986131536->omNode-3-AppendLogResponseHandler: Failed appendEntries: org.apache.ratis.thirdparty.io.grpc.StatusRuntimeException: UNAVAILABLE: io exception
2022-10-04 13:27:45,871 [grpc-default-executor-4] INFO  leader.FollowerInfo (FollowerInfoImpl.java:lambda$new$0(48)) - omNode-1@group-523986131536->omNode-3: nextIndex: updateUnconditionally 258 -> 45
2022-10-04 13:27:45,879 [grpc-default-executor-4] WARN  server.GrpcLogAppender (LogUtils.java:warn(122)) - omNode-1@group-523986131536->omNode-3-AppendLogResponseHandler: Failed appendEntries: org.apache.ratis.thirdparty.io.grpc.StatusRuntimeException: UNAVAILABLE: io exception
2022-10-04 13:27:45,879 [grpc-default-executor-4] INFO  leader.FollowerInfo (FollowerInfoImpl.java:lambda$new$0(48)) - omNode-1@group-523986131536->omNode-3: nextIndex: updateUnconditionally 259 -> 45
2022-10-04 13:27:45,887 [omNode-2@group-523986131536-StateMachineUpdater] INFO  ratis.OzoneManagerStateMachine (OzoneManagerStateMachine.java:takeSnapshot(441)) - Current Snapshot Index (t:2, i:257)
2022-10-04 13:27:45,887 [omNode-2@group-523986131536-StateMachineUpdater] INFO  impl.StateMachineUpdater (StateMachineUpdater.java:takeSnapshot(287)) - omNode-2@group-523986131536-StateMachineUpdater: Took a snapshot at index 257
2022-10-04 13:27:45,887 [omNode-2@group-523986131536-StateMachineUpdater] INFO  impl.StateMachineUpdater (StateMachineUpdater.java:lambda$new$0(92)) - omNode-2@group-523986131536-StateMachineUpdater: snapshotIndex: updateIncreasingly 205 -> 257
2022-10-04 13:27:45,887 [omNode-2@group-523986131536-StateMachineUpdater] INFO  raftlog.RaftLog (RaftLogBase.java:purge(308)) - omNode-2@group-523986131536-SegmentedRaftLog: purge 257
2022-10-04 13:27:45,887 [omNode-2@group-523986131536-StateMachineUpdater] INFO  raftlog.RaftLog (RaftLogBase.java:lambda$new$0(53)) - omNode-2@group-523986131536-SegmentedRaftLog: snapshotIndex: updateIncreasingly 205 -> 257
2022-10-04 13:27:45,888 [omNode-2@group-523986131536-StateMachineUpdater] INFO  raftlog.RaftLog (RaftLogBase.java:lambda$new$0(53)) - omNode-2@group-523986131536-SegmentedRaftLog: purgeIndex: updateToMax old=205, new=257, updated? true
2022-10-04 13:27:45,888 [grpc-default-executor-4] WARN  server.GrpcLogAppender (LogUtils.java:warn(122)) - omNode-1@group-523986131536->omNode-3-AppendLogResponseHandler: Failed appendEntries: org.apache.ratis.thirdparty.io.grpc.StatusRuntimeException: UNAVAILABLE: io exception
2022-10-04 13:27:45,888 [grpc-default-executor-4] INFO  leader.FollowerInfo (FollowerInfoImpl.java:lambda$new$0(48)) - omNode-1@group-523986131536->omNode-3: nextIndex: updateUnconditionally 259 -> 45
2022-10-04 13:27:45,889 [grpc-default-executor-4] WARN  server.GrpcLogAppender (LogUtils.java:warn(122)) - omNode-1@group-523986131536->omNode-3-AppendLogResponseHandler: Failed appendEntries: org.apache.ratis.thirdparty.io.grpc.StatusRuntimeException: UNAVAILABLE: io exception
2022-10-04 13:27:45,890 [grpc-default-executor-4] INFO  leader.FollowerInfo (FollowerInfoImpl.java:lambda$new$0(48)) - omNode-1@group-523986131536->omNode-3: nextIndex: updateUnconditionally 259 -> 45
2022-10-04 13:27:45,898 [grpc-default-executor-5] WARN  server.GrpcLogAppender (LogUtils.java:warn(122)) - omNode-1@group-523986131536->omNode-3-AppendLogResponseHandler: Failed appendEntries: org.apache.ratis.thirdparty.io.grpc.StatusRuntimeException: UNAVAILABLE: io exception
2022-10-04 13:27:45,898 [grpc-default-executor-5] INFO  leader.FollowerInfo (FollowerInfoImpl.java:lambda$new$0(48)) - omNode-1@group-523986131536->omNode-3: nextIndex: updateUnconditionally 260 -> 45
2022-10-04 13:27:45,910 [grpc-default-executor-5] WARN  server.GrpcLogAppender (LogUtils.java:warn(122)) - omNode-1@group-523986131536->omNode-3-AppendLogResponseHandler: Failed appendEntries: org.apache.ratis.thirdparty.io.grpc.StatusRuntimeException: UNAVAILABLE: io exception
2022-10-04 13:27:45,910 [grpc-default-executor-5] INFO  leader.FollowerInfo (FollowerInfoImpl.java:lambda$new$0(48)) - omNode-1@group-523986131536->omNode-3: nextIndex: updateUnconditionally 260 -> 45
2022-10-04 13:27:45,913 [grpc-default-executor-4] WARN  server.GrpcLogAppender (LogUtils.java:warn(122)) - omNode-1@group-523986131536->omNode-3-AppendLogResponseHandler: Failed appendEntries: org.apache.ratis.thirdparty.io.grpc.StatusRuntimeException: UNAVAILABLE: io exception
2022-10-04 13:27:45,913 [grpc-default-executor-4] INFO  leader.FollowerInfo (FollowerInfoImpl.java:lambda$new$0(48)) - omNode-1@group-523986131536->omNode-3: nextIndex: updateUnconditionally 261 -> 45
2022-10-04 13:27:45,915 [grpc-default-executor-5] WARN  server.GrpcLogAppender (LogUtils.java:warn(122)) - omNode-1@group-523986131536->omNode-3-AppendLogResponseHandler: Failed appendEntries: org.apache.ratis.thirdparty.io.grpc.StatusRuntimeException: UNAVAILABLE: io exception
2022-10-04 13:27:45,916 [grpc-default-executor-5] INFO  leader.FollowerInfo (FollowerInfoImpl.java:lambda$new$0(48)) - omNode-1@group-523986131536->omNode-3: nextIndex: updateUnconditionally 262 -> 45
2022-10-04 13:27:45,921 [grpc-default-executor-5] WARN  server.GrpcLogAppender (LogUtils.java:warn(122)) - omNode-1@group-523986131536->omNode-3-AppendLogResponseHandler: Failed appendEntries: org.apache.ratis.thirdparty.io.grpc.StatusRuntimeException: UNAVAILABLE: io exception
2022-10-04 13:27:45,921 [grpc-default-executor-5] INFO  leader.FollowerInfo (FollowerInfoImpl.java:lambda$new$0(48)) - omNode-1@group-523986131536->omNode-3: nextIndex: updateUnconditionally 262 -> 45
2022-10-04 13:27:45,930 [grpc-default-executor-5] WARN  server.GrpcLogAppender (LogUtils.java:warn(122)) - omNode-1@group-523986131536->omNode-3-AppendLogResponseHandler: Failed appendEntries: org.apache.ratis.thirdparty.io.grpc.StatusRuntimeException: UNAVAILABLE: io exception
2022-10-04 13:27:45,931 [grpc-default-executor-5] INFO  leader.FollowerInfo (FollowerInfoImpl.java:lambda$new$0(48)) - omNode-1@group-523986131536->omNode-3: nextIndex: updateUnconditionally 263 -> 45
2022-10-04 13:27:45,939 [grpc-default-executor-5] WARN  server.GrpcLogAppender (LogUtils.java:warn(122)) - omNode-1@group-523986131536->omNode-3-AppendLogResponseHandler: Failed appendEntries: org.apache.ratis.thirdparty.io.grpc.StatusRuntimeException: UNAVAILABLE: io exception
2022-10-04 13:27:45,939 [grpc-default-executor-5] INFO  leader.FollowerInfo (FollowerInfoImpl.java:lambda$new$0(48)) - omNode-1@group-523986131536->omNode-3: nextIndex: updateUnconditionally 263 -> 45
2022-10-04 13:27:45,940 [grpc-default-executor-5] WARN  server.GrpcLogAppender (LogUtils.java:warn(122)) - omNode-1@group-523986131536->omNode-3-AppendLogResponseHandler: Failed appendEntries: org.apache.ratis.thirdparty.io.grpc.StatusRuntimeException: UNAVAILABLE: io exception
2022-10-04 13:27:45,940 [grpc-default-executor-5] INFO  leader.FollowerInfo (FollowerInfoImpl.java:lambda$new$0(48)) - omNode-1@group-523986131536->omNode-3: nextIndex: updateUnconditionally 263 -> 45
2022-10-04 13:27:45,949 [grpc-default-executor-4] WARN  server.GrpcLogAppender (LogUtils.java:warn(122)) - omNode-1@group-523986131536->omNode-3-AppendLogResponseHandler: Failed appendEntries: org.apache.ratis.thirdparty.io.grpc.StatusRuntimeException: UNAVAILABLE: io exception
2022-10-04 13:27:45,949 [grpc-default-executor-4] INFO  leader.FollowerInfo (FollowerInfoImpl.java:lambda$new$0(48)) - omNode-1@group-523986131536->omNode-3: nextIndex: updateUnconditionally 264 -> 45
2022-10-04 13:27:45,958 [grpc-default-executor-4] WARN  server.GrpcLogAppender (LogUtils.java:warn(122)) - omNode-1@group-523986131536->omNode-3-AppendLogResponseHandler: Failed appendEntries: org.apache.ratis.thirdparty.io.grpc.StatusRuntimeException: UNAVAILABLE: io exception
2022-10-04 13:27:45,958 [grpc-default-executor-4] INFO  leader.FollowerInfo (FollowerInfoImpl.java:lambda$new$0(48)) - omNode-1@group-523986131536->omNode-3: nextIndex: updateUnconditionally 264 -> 45
2022-10-04 13:27:45,959 [grpc-default-executor-4] WARN  server.GrpcLogAppender (LogUtils.java:warn(122)) - omNode-1@group-523986131536->omNode-3-AppendLogResponseHandler: Failed appendEntries: org.apache.ratis.thirdparty.io.grpc.StatusRuntimeException: UNAVAILABLE: io exception
2022-10-04 13:27:45,960 [grpc-default-executor-4] INFO  leader.FollowerInfo (FollowerInfoImpl.java:lambda$new$0(48)) - omNode-1@group-523986131536->omNode-3: nextIndex: updateUnconditionally 265 -> 45
2022-10-04 13:27:45,965 [grpc-default-executor-4] WARN  server.GrpcLogAppender (LogUtils.java:warn(122)) - omNode-1@group-523986131536->omNode-3-AppendLogResponseHandler: Failed appendEntries: org.apache.ratis.thirdparty.io.grpc.StatusRuntimeException: UNAVAILABLE: io exception
2022-10-04 13:27:45,965 [grpc-default-executor-4] INFO  leader.FollowerInfo (FollowerInfoImpl.java:lambda$new$0(48)) - omNode-1@group-523986131536->omNode-3: nextIndex: updateUnconditionally 265 -> 45
2022-10-04 13:27:45,966 [grpc-default-executor-4] WARN  server.GrpcLogAppender (LogUtils.java:warn(122)) - omNode-1@group-523986131536->omNode-3-AppendLogResponseHandler: Failed appendEntries: org.apache.ratis.thirdparty.io.grpc.StatusRuntimeException: UNAVAILABLE: io exception
2022-10-04 13:27:45,967 [grpc-default-executor-4] INFO  leader.FollowerInfo (FollowerInfoImpl.java:lambda$new$0(48)) - omNode-1@group-523986131536->omNode-3: nextIndex: updateUnconditionally 266 -> 45
2022-10-04 13:27:45,976 [grpc-default-executor-4] WARN  server.GrpcLogAppender (LogUtils.java:warn(122)) - omNode-1@group-523986131536->omNode-3-AppendLogResponseHandler: Failed appendEntries: org.apache.ratis.thirdparty.io.grpc.StatusRuntimeException: UNAVAILABLE: io exception
2022-10-04 13:27:45,976 [grpc-default-executor-4] INFO  leader.FollowerInfo (FollowerInfoImpl.java:lambda$new$0(48)) - omNode-1@group-523986131536->omNode-3: nextIndex: updateUnconditionally 266 -> 45
2022-10-04 13:27:45,977 [grpc-default-executor-5] WARN  server.GrpcLogAppender (LogUtils.java:warn(122)) - omNode-1@group-523986131536->omNode-3-AppendLogResponseHandler: Failed appendEntries: org.apache.ratis.thirdparty.io.grpc.StatusRuntimeException: UNAVAILABLE: io exception
2022-10-04 13:27:45,978 [grpc-default-executor-5] INFO  leader.FollowerInfo (FollowerInfoImpl.java:lambda$new$0(48)) - omNode-1@group-523986131536->omNode-3: nextIndex: updateUnconditionally 267 -> 45
2022-10-04 13:27:45,982 [grpc-default-executor-5] WARN  server.GrpcLogAppender (LogUtils.java:warn(122)) - omNode-1@group-523986131536->omNode-3-AppendLogResponseHandler: Failed appendEntries: org.apache.ratis.thirdparty.io.grpc.StatusRuntimeException: UNAVAILABLE: io exception
2022-10-04 13:27:45,982 [grpc-default-executor-5] INFO  leader.FollowerInfo (FollowerInfoImpl.java:lambda$new$0(48)) - omNode-1@group-523986131536->omNode-3: nextIndex: updateUnconditionally 267 -> 45
2022-10-04 13:27:45,983 [grpc-default-executor-5] WARN  server.GrpcLogAppender (LogUtils.java:warn(122)) - omNode-1@group-523986131536->omNode-3-AppendLogResponseHandler: Failed appendEntries: org.apache.ratis.thirdparty.io.grpc.StatusRuntimeException: UNAVAILABLE: io exception
2022-10-04 13:27:45,983 [grpc-default-executor-5] INFO  leader.FollowerInfo (FollowerInfoImpl.java:lambda$new$0(48)) - omNode-1@group-523986131536->omNode-3: nextIndex: updateUnconditionally 267 -> 45
2022-10-04 13:27:45,988 [grpc-default-executor-4] WARN  server.GrpcLogAppender (LogUtils.java:warn(122)) - omNode-1@group-523986131536->omNode-3-AppendLogResponseHandler: Failed appendEntries: org.apache.ratis.thirdparty.io.grpc.StatusRuntimeException: UNAVAILABLE: io exception
2022-10-04 13:27:45,989 [grpc-default-executor-4] INFO  leader.FollowerInfo (FollowerInfoImpl.java:lambda$new$0(48)) - omNode-1@group-523986131536->omNode-3: nextIndex: updateUnconditionally 267 -> 45
2022-10-04 13:27:45,998 [grpc-default-executor-4] WARN  server.GrpcLogAppender (LogUtils.java:warn(122)) - omNode-1@group-523986131536->omNode-3-AppendLogResponseHandler: Failed appendEntries: org.apache.ratis.thirdparty.io.grpc.StatusRuntimeException: UNAVAILABLE: io exception
2022-10-04 13:27:45,999 [grpc-default-executor-4] INFO  leader.FollowerInfo (FollowerInfoImpl.java:lambda$new$0(48)) - omNode-1@group-523986131536->omNode-3: nextIndex: updateUnconditionally 268 -> 45
2022-10-04 13:27:46,002 [grpc-default-executor-4] WARN  server.GrpcLogAppender (LogUtils.java:warn(122)) - omNode-1@group-523986131536->omNode-3-AppendLogResponseHandler: Failed appendEntries: org.apache.ratis.thirdparty.io.grpc.StatusRuntimeException: UNAVAILABLE: io exception
2022-10-04 13:27:46,002 [grpc-default-executor-4] INFO  leader.FollowerInfo (FollowerInfoImpl.java:lambda$new$0(48)) - omNode-1@group-523986131536->omNode-3: nextIndex: updateUnconditionally 269 -> 45
2022-10-04 13:27:46,003 [grpc-default-executor-4] WARN  server.GrpcLogAppender (LogUtils.java:warn(122)) - omNode-1@group-523986131536->omNode-3-AppendLogResponseHandler: Failed appendEntries: org.apache.ratis.thirdparty.io.grpc.StatusRuntimeException: UNAVAILABLE: io exception
2022-10-04 13:27:46,004 [grpc-default-executor-4] INFO  leader.FollowerInfo (FollowerInfoImpl.java:lambda$new$0(48)) - omNode-1@group-523986131536->omNode-3: nextIndex: updateUnconditionally 270 -> 45
2022-10-04 13:27:46,013 [grpc-default-executor-4] WARN  server.GrpcLogAppender (LogUtils.java:warn(122)) - omNode-1@group-523986131536->omNode-3-AppendLogResponseHandler: Failed appendEntries: org.apache.ratis.thirdparty.io.grpc.StatusRuntimeException: UNAVAILABLE: io exception
2022-10-04 13:27:46,013 [grpc-default-executor-4] INFO  leader.FollowerInfo (FollowerInfoImpl.java:lambda$new$0(48)) - omNode-1@group-523986131536->omNode-3: nextIndex: updateUnconditionally 270 -> 45
2022-10-04 13:27:46,018 [grpc-default-executor-4] WARN  server.GrpcLogAppender (LogUtils.java:warn(122)) - omNode-1@group-523986131536->omNode-3-AppendLogResponseHandler: Failed appendEntries: org.apache.ratis.thirdparty.io.grpc.StatusRuntimeException: UNAVAILABLE: io exception
2022-10-04 13:27:46,019 [grpc-default-executor-4] INFO  leader.FollowerInfo (FollowerInfoImpl.java:lambda$new$0(48)) - omNode-1@group-523986131536->omNode-3: nextIndex: updateUnconditionally 271 -> 45
2022-10-04 13:27:46,035 [grpc-default-executor-4] WARN  server.GrpcLogAppender (LogUtils.java:warn(122)) - omNode-1@group-523986131536->omNode-3-AppendLogResponseHandler: Failed appendEntries: org.apache.ratis.thirdparty.io.grpc.StatusRuntimeException: UNAVAILABLE: io exception
2022-10-04 13:27:46,035 [grpc-default-executor-4] INFO  leader.FollowerInfo (FollowerInfoImpl.java:lambda$new$0(48)) - omNode-1@group-523986131536->omNode-3: nextIndex: updateUnconditionally 271 -> 45
2022-10-04 13:27:46,036 [grpc-default-executor-4] WARN  server.GrpcLogAppender (LogUtils.java:warn(122)) - omNode-1@group-523986131536->omNode-3-AppendLogResponseHandler: Failed appendEntries: org.apache.ratis.thirdparty.io.grpc.StatusRuntimeException: UNAVAILABLE: io exception
2022-10-04 13:27:46,036 [grpc-default-executor-4] INFO  leader.FollowerInfo (FollowerInfoImpl.java:lambda$new$0(48)) - omNode-1@group-523986131536->omNode-3: nextIndex: updateUnconditionally 271 -> 45
2022-10-04 13:27:46,042 [grpc-default-executor-5] WARN  server.GrpcLogAppender (LogUtils.java:warn(122)) - omNode-1@group-523986131536->omNode-3-AppendLogResponseHandler: Failed appendEntries: org.apache.ratis.thirdparty.io.grpc.StatusRuntimeException: UNAVAILABLE: io exception
2022-10-04 13:27:46,042 [grpc-default-executor-5] INFO  leader.FollowerInfo (FollowerInfoImpl.java:lambda$new$0(48)) - omNode-1@group-523986131536->omNode-3: nextIndex: updateUnconditionally 272 -> 45
2022-10-04 13:27:46,049 [grpc-default-executor-5] WARN  server.GrpcLogAppender (LogUtils.java:warn(122)) - omNode-1@group-523986131536->omNode-3-AppendLogResponseHandler: Failed appendEntries: org.apache.ratis.thirdparty.io.grpc.StatusRuntimeException: UNAVAILABLE: io exception
2022-10-04 13:27:46,050 [grpc-default-executor-5] INFO  leader.FollowerInfo (FollowerInfoImpl.java:lambda$new$0(48)) - omNode-1@group-523986131536->omNode-3: nextIndex: updateUnconditionally 272 -> 45
2022-10-04 13:27:46,053 [grpc-default-executor-5] WARN  server.GrpcLogAppender (LogUtils.java:warn(122)) - omNode-1@group-523986131536->omNode-3-AppendLogResponseHandler: Failed appendEntries: org.apache.ratis.thirdparty.io.grpc.StatusRuntimeException: UNAVAILABLE: io exception
2022-10-04 13:27:46,053 [grpc-default-executor-5] INFO  leader.FollowerInfo (FollowerInfoImpl.java:lambda$new$0(48)) - omNode-1@group-523986131536->omNode-3: nextIndex: updateUnconditionally 273 -> 45
2022-10-04 13:27:46,054 [grpc-default-executor-5] WARN  server.GrpcLogAppender (LogUtils.java:warn(122)) - omNode-1@group-523986131536->omNode-3-AppendLogResponseHandler: Failed appendEntries: org.apache.ratis.thirdparty.io.grpc.StatusRuntimeException: UNAVAILABLE: io exception
2022-10-04 13:27:46,055 [grpc-default-executor-5] INFO  leader.FollowerInfo (FollowerInfoImpl.java:lambda$new$0(48)) - omNode-1@group-523986131536->omNode-3: nextIndex: updateUnconditionally 274 -> 45
2022-10-04 13:27:46,065 [grpc-default-executor-5] WARN  server.GrpcLogAppender (LogUtils.java:warn(122)) - omNode-1@group-523986131536->omNode-3-AppendLogResponseHandler: Failed appendEntries: org.apache.ratis.thirdparty.io.grpc.StatusRuntimeException: UNAVAILABLE: io exception
2022-10-04 13:27:46,066 [grpc-default-executor-5] INFO  leader.FollowerInfo (FollowerInfoImpl.java:lambda$new$0(48)) - omNode-1@group-523986131536->omNode-3: nextIndex: updateUnconditionally 274 -> 45
2022-10-04 13:27:46,067 [grpc-default-executor-5] WARN  server.GrpcLogAppender (LogUtils.java:warn(122)) - omNode-1@group-523986131536->omNode-3-AppendLogResponseHandler: Failed appendEntries: org.apache.ratis.thirdparty.io.grpc.StatusRuntimeException: UNAVAILABLE: io exception
2022-10-04 13:27:46,067 [grpc-default-executor-5] INFO  leader.FollowerInfo (FollowerInfoImpl.java:lambda$new$0(48)) - omNode-1@group-523986131536->omNode-3: nextIndex: updateUnconditionally 274 -> 45
2022-10-04 13:27:46,077 [grpc-default-executor-5] WARN  server.GrpcLogAppender (LogUtils.java:warn(122)) - omNode-1@group-523986131536->omNode-3-AppendLogResponseHandler: Failed appendEntries: org.apache.ratis.thirdparty.io.grpc.StatusRuntimeException: UNAVAILABLE: io exception
2022-10-04 13:27:46,077 [grpc-default-executor-5] INFO  leader.FollowerInfo (FollowerInfoImpl.java:lambda$new$0(48)) - omNode-1@group-523986131536->omNode-3: nextIndex: updateUnconditionally 275 -> 45
2022-10-04 13:27:46,081 [grpc-default-executor-4] WARN  server.GrpcLogAppender (LogUtils.java:warn(122)) - omNode-1@group-523986131536->omNode-3-AppendLogResponseHandler: Failed appendEntries: org.apache.ratis.thirdparty.io.grpc.StatusRuntimeException: UNAVAILABLE: io exception
2022-10-04 13:27:46,082 [grpc-default-executor-4] INFO  leader.FollowerInfo (FollowerInfoImpl.java:lambda$new$0(48)) - omNode-1@group-523986131536->omNode-3: nextIndex: updateUnconditionally 275 -> 45
2022-10-04 13:27:46,084 [grpc-default-executor-5] WARN  server.GrpcLogAppender (LogUtils.java:warn(122)) - omNode-1@group-523986131536->omNode-3-AppendLogResponseHandler: Failed appendEntries: org.apache.ratis.thirdparty.io.grpc.StatusRuntimeException: UNAVAILABLE: io exception
2022-10-04 13:27:46,085 [grpc-default-executor-5] INFO  leader.FollowerInfo (FollowerInfoImpl.java:lambda$new$0(48)) - omNode-1@group-523986131536->omNode-3: nextIndex: updateUnconditionally 275 -> 45
2022-10-04 13:27:46,091 [grpc-default-executor-5] WARN  server.GrpcLogAppender (LogUtils.java:warn(122)) - omNode-1@group-523986131536->omNode-3-AppendLogResponseHandler: Failed appendEntries: org.apache.ratis.thirdparty.io.grpc.StatusRuntimeException: UNAVAILABLE: io exception
2022-10-04 13:27:46,091 [grpc-default-executor-5] INFO  leader.FollowerInfo (FollowerInfoImpl.java:lambda$new$0(48)) - omNode-1@group-523986131536->omNode-3: nextIndex: updateUnconditionally 276 -> 45
2022-10-04 13:27:46,099 [grpc-default-executor-5] WARN  server.GrpcLogAppender (LogUtils.java:warn(122)) - omNode-1@group-523986131536->omNode-3-AppendLogResponseHandler: Failed appendEntries: org.apache.ratis.thirdparty.io.grpc.StatusRuntimeException: UNAVAILABLE: io exception
2022-10-04 13:27:46,099 [grpc-default-executor-5] INFO  leader.FollowerInfo (FollowerInfoImpl.java:lambda$new$0(48)) - omNode-1@group-523986131536->omNode-3: nextIndex: updateUnconditionally 276 -> 45
2022-10-04 13:27:46,102 [grpc-default-executor-5] WARN  server.GrpcLogAppender (LogUtils.java:warn(122)) - omNode-1@group-523986131536->omNode-3-AppendLogResponseHandler: Failed appendEntries: org.apache.ratis.thirdparty.io.grpc.StatusRuntimeException: UNAVAILABLE: io exception
2022-10-04 13:27:46,102 [grpc-default-executor-5] INFO  leader.FollowerInfo (FollowerInfoImpl.java:lambda$new$0(48)) - omNode-1@group-523986131536->omNode-3: nextIndex: updateUnconditionally 277 -> 45
2022-10-04 13:27:46,106 [grpc-default-executor-5] WARN  server.GrpcLogAppender (LogUtils.java:warn(122)) - omNode-1@group-523986131536->omNode-3-AppendLogResponseHandler: Failed appendEntries: org.apache.ratis.thirdparty.io.grpc.StatusRuntimeException: UNAVAILABLE: io exception
2022-10-04 13:27:46,106 [grpc-default-executor-5] INFO  leader.FollowerInfo (FollowerInfoImpl.java:lambda$new$0(48)) - omNode-1@group-523986131536->omNode-3: nextIndex: updateUnconditionally 278 -> 45
2022-10-04 13:27:46,109 [grpc-default-executor-5] WARN  server.GrpcLogAppender (LogUtils.java:warn(122)) - omNode-1@group-523986131536->omNode-3-AppendLogResponseHandler: Failed appendEntries: org.apache.ratis.thirdparty.io.grpc.StatusRuntimeException: UNAVAILABLE: io exception
2022-10-04 13:27:46,109 [grpc-default-executor-5] INFO  leader.FollowerInfo (FollowerInfoImpl.java:lambda$new$0(48)) - omNode-1@group-523986131536->omNode-3: nextIndex: updateUnconditionally 278 -> 45
2022-10-04 13:27:46,119 [grpc-default-executor-5] WARN  server.GrpcLogAppender (LogUtils.java:warn(122)) - omNode-1@group-523986131536->omNode-3-AppendLogResponseHandler: Failed appendEntries: org.apache.ratis.thirdparty.io.grpc.StatusRuntimeException: UNAVAILABLE: io exception
2022-10-04 13:27:46,119 [grpc-default-executor-5] INFO  leader.FollowerInfo (FollowerInfoImpl.java:lambda$new$0(48)) - omNode-1@group-523986131536->omNode-3: nextIndex: updateUnconditionally 279 -> 45
2022-10-04 13:27:46,129 [grpc-default-executor-4] WARN  server.GrpcLogAppender (LogUtils.java:warn(122)) - omNode-1@group-523986131536->omNode-3-AppendLogResponseHandler: Failed appendEntries: org.apache.ratis.thirdparty.io.grpc.StatusRuntimeException: UNAVAILABLE: io exception
2022-10-04 13:27:46,130 [grpc-default-executor-4] INFO  leader.FollowerInfo (FollowerInfoImpl.java:lambda$new$0(48)) - omNode-1@group-523986131536->omNode-3: nextIndex: updateUnconditionally 279 -> 45
2022-10-04 13:27:46,134 [grpc-default-executor-5] WARN  server.GrpcLogAppender (LogUtils.java:warn(122)) - omNode-1@group-523986131536->omNode-3-AppendLogResponseHandler: Failed appendEntries: org.apache.ratis.thirdparty.io.grpc.StatusRuntimeException: UNAVAILABLE: io exception
2022-10-04 13:27:46,134 [grpc-default-executor-5] INFO  leader.FollowerInfo (FollowerInfoImpl.java:lambda$new$0(48)) - omNode-1@group-523986131536->omNode-3: nextIndex: updateUnconditionally 280 -> 45
2022-10-04 13:27:46,139 [grpc-default-executor-5] WARN  server.GrpcLogAppender (LogUtils.java:warn(122)) - omNode-1@group-523986131536->omNode-3-AppendLogResponseHandler: Failed appendEntries: org.apache.ratis.thirdparty.io.grpc.StatusRuntimeException: UNAVAILABLE: io exception
2022-10-04 13:27:46,139 [grpc-default-executor-5] INFO  leader.FollowerInfo (FollowerInfoImpl.java:lambda$new$0(48)) - omNode-1@group-523986131536->omNode-3: nextIndex: updateUnconditionally 280 -> 45
2022-10-04 13:27:46,142 [grpc-default-executor-5] WARN  server.GrpcLogAppender (LogUtils.java:warn(122)) - omNode-1@group-523986131536->omNode-3-AppendLogResponseHandler: Failed appendEntries: org.apache.ratis.thirdparty.io.grpc.StatusRuntimeException: UNAVAILABLE: io exception
2022-10-04 13:27:46,143 [grpc-default-executor-5] INFO  leader.FollowerInfo (FollowerInfoImpl.java:lambda$new$0(48)) - omNode-1@group-523986131536->omNode-3: nextIndex: updateUnconditionally 282 -> 45
2022-10-04 13:27:46,144 [grpc-default-executor-3] WARN  server.GrpcLogAppender (LogUtils.java:warn(122)) - omNode-1@group-523986131536->omNode-3-AppendLogResponseHandler: Failed appendEntries: org.apache.ratis.thirdparty.io.grpc.StatusRuntimeException: UNAVAILABLE: io exception
2022-10-04 13:27:46,145 [grpc-default-executor-3] INFO  leader.FollowerInfo (FollowerInfoImpl.java:lambda$new$0(48)) - omNode-1@group-523986131536->omNode-3: nextIndex: updateUnconditionally 282 -> 45
2022-10-04 13:27:46,149 [grpc-default-executor-4] WARN  server.GrpcLogAppender (LogUtils.java:warn(122)) - omNode-1@group-523986131536->omNode-3-AppendLogResponseHandler: Failed appendEntries: org.apache.ratis.thirdparty.io.grpc.StatusRuntimeException: UNAVAILABLE: io exception
2022-10-04 13:27:46,149 [grpc-default-executor-4] INFO  leader.FollowerInfo (FollowerInfoImpl.java:lambda$new$0(48)) - omNode-1@group-523986131536->omNode-3: nextIndex: updateUnconditionally 283 -> 45
2022-10-04 13:27:46,152 [grpc-default-executor-4] WARN  server.GrpcLogAppender (LogUtils.java:warn(122)) - omNode-1@group-523986131536->omNode-3-AppendLogResponseHandler: Failed appendEntries: org.apache.ratis.thirdparty.io.grpc.StatusRuntimeException: UNAVAILABLE: io exception
2022-10-04 13:27:46,152 [grpc-default-executor-4] INFO  leader.FollowerInfo (FollowerInfoImpl.java:lambda$new$0(48)) - omNode-1@group-523986131536->omNode-3: nextIndex: updateUnconditionally 283 -> 45
2022-10-04 13:27:46,159 [grpc-default-executor-4] WARN  server.GrpcLogAppender (LogUtils.java:warn(122)) - omNode-1@group-523986131536->omNode-3-AppendLogResponseHandler: Failed appendEntries: org.apache.ratis.thirdparty.io.grpc.StatusRuntimeException: UNAVAILABLE: io exception
2022-10-04 13:27:46,159 [grpc-default-executor-4] INFO  leader.FollowerInfo (FollowerInfoImpl.java:lambda$new$0(48)) - omNode-1@group-523986131536->omNode-3: nextIndex: updateUnconditionally 283 -> 45
2022-10-04 13:27:46,161 [grpc-default-executor-5] WARN  server.GrpcLogAppender (LogUtils.java:warn(122)) - omNode-1@group-523986131536->omNode-3-AppendLogResponseHandler: Failed appendEntries: org.apache.ratis.thirdparty.io.grpc.StatusRuntimeException: UNAVAILABLE: io exception
2022-10-04 13:27:46,161 [grpc-default-executor-5] INFO  leader.FollowerInfo (FollowerInfoImpl.java:lambda$new$0(48)) - omNode-1@group-523986131536->omNode-3: nextIndex: updateUnconditionally 284 -> 45
2022-10-04 13:27:46,173 [grpc-default-executor-4] WARN  server.GrpcLogAppender (LogUtils.java:warn(122)) - omNode-1@group-523986131536->omNode-3-AppendLogResponseHandler: Failed appendEntries: org.apache.ratis.thirdparty.io.grpc.StatusRuntimeException: UNAVAILABLE: io exception
2022-10-04 13:27:46,174 [grpc-default-executor-4] INFO  leader.FollowerInfo (FollowerInfoImpl.java:lambda$new$0(48)) - omNode-1@group-523986131536->omNode-3: nextIndex: updateUnconditionally 284 -> 45
2022-10-04 13:27:46,177 [grpc-default-executor-5] WARN  server.GrpcLogAppender (LogUtils.java:warn(122)) - omNode-1@group-523986131536->omNode-3-AppendLogResponseHandler: Failed appendEntries: org.apache.ratis.thirdparty.io.grpc.StatusRuntimeException: UNAVAILABLE: io exception
2022-10-04 13:27:46,177 [grpc-default-executor-5] INFO  leader.FollowerInfo (FollowerInfoImpl.java:lambda$new$0(48)) - omNode-1@group-523986131536->omNode-3: nextIndex: updateUnconditionally 286 -> 45
2022-10-04 13:27:46,179 [grpc-default-executor-5] WARN  server.GrpcLogAppender (LogUtils.java:warn(122)) - omNode-1@group-523986131536->omNode-3-AppendLogResponseHandler: Failed appendEntries: org.apache.ratis.thirdparty.io.grpc.StatusRuntimeException: UNAVAILABLE: io exception
2022-10-04 13:27:46,179 [grpc-default-executor-5] INFO  leader.FollowerInfo (FollowerInfoImpl.java:lambda$new$0(48)) - omNode-1@group-523986131536->omNode-3: nextIndex: updateUnconditionally 286 -> 45
2022-10-04 13:27:46,183 [grpc-default-executor-4] WARN  server.GrpcLogAppender (LogUtils.java:warn(122)) - omNode-1@group-523986131536->omNode-3-AppendLogResponseHandler: Failed appendEntries: org.apache.ratis.thirdparty.io.grpc.StatusRuntimeException: UNAVAILABLE: io exception
2022-10-04 13:27:46,184 [grpc-default-executor-4] INFO  leader.FollowerInfo (FollowerInfoImpl.java:lambda$new$0(48)) - omNode-1@group-523986131536->omNode-3: nextIndex: updateUnconditionally 287 -> 45
2022-10-04 13:27:46,188 [grpc-default-executor-4] WARN  server.GrpcLogAppender (LogUtils.java:warn(122)) - omNode-1@group-523986131536->omNode-3-AppendLogResponseHandler: Failed appendEntries: org.apache.ratis.thirdparty.io.grpc.StatusRuntimeException: UNAVAILABLE: io exception
2022-10-04 13:27:46,188 [grpc-default-executor-4] INFO  leader.FollowerInfo (FollowerInfoImpl.java:lambda$new$0(48)) - omNode-1@group-523986131536->omNode-3: nextIndex: updateUnconditionally 287 -> 45
2022-10-04 13:27:46,189 [grpc-default-executor-3] WARN  server.GrpcLogAppender (LogUtils.java:warn(122)) - omNode-1@group-523986131536->omNode-3-AppendLogResponseHandler: Failed appendEntries: org.apache.ratis.thirdparty.io.grpc.StatusRuntimeException: UNAVAILABLE: io exception
2022-10-04 13:27:46,189 [grpc-default-executor-3] INFO  leader.FollowerInfo (FollowerInfoImpl.java:lambda$new$0(48)) - omNode-1@group-523986131536->omNode-3: nextIndex: updateUnconditionally 287 -> 45
2022-10-04 13:27:46,203 [grpc-default-executor-5] WARN  server.GrpcLogAppender (LogUtils.java:warn(122)) - omNode-1@group-523986131536->omNode-3-AppendLogResponseHandler: Failed appendEntries: org.apache.ratis.thirdparty.io.grpc.StatusRuntimeException: UNAVAILABLE: io exception
2022-10-04 13:27:46,204 [grpc-default-executor-5] INFO  leader.FollowerInfo (FollowerInfoImpl.java:lambda$new$0(48)) - omNode-1@group-523986131536->omNode-3: nextIndex: updateUnconditionally 288 -> 45
2022-10-04 13:27:46,213 [grpc-default-executor-3] WARN  server.GrpcLogAppender (LogUtils.java:warn(122)) - omNode-1@group-523986131536->omNode-3-AppendLogResponseHandler: Failed appendEntries: org.apache.ratis.thirdparty.io.grpc.StatusRuntimeException: UNAVAILABLE: io exception
2022-10-04 13:27:46,213 [grpc-default-executor-3] INFO  leader.FollowerInfo (FollowerInfoImpl.java:lambda$new$0(48)) - omNode-1@group-523986131536->omNode-3: nextIndex: updateUnconditionally 288 -> 45
2022-10-04 13:27:46,217 [grpc-default-executor-3] WARN  server.GrpcLogAppender (LogUtils.java:warn(122)) - omNode-1@group-523986131536->omNode-3-AppendLogResponseHandler: Failed appendEntries: org.apache.ratis.thirdparty.io.grpc.StatusRuntimeException: UNAVAILABLE: io exception
2022-10-04 13:27:46,217 [grpc-default-executor-3] INFO  leader.FollowerInfo (FollowerInfoImpl.java:lambda$new$0(48)) - omNode-1@group-523986131536->omNode-3: nextIndex: updateUnconditionally 289 -> 45
2022-10-04 13:27:46,219 [grpc-default-executor-3] WARN  server.GrpcLogAppender (LogUtils.java:warn(122)) - omNode-1@group-523986131536->omNode-3-AppendLogResponseHandler: Failed appendEntries: org.apache.ratis.thirdparty.io.grpc.StatusRuntimeException: UNAVAILABLE: io exception
2022-10-04 13:27:46,220 [grpc-default-executor-3] INFO  leader.FollowerInfo (FollowerInfoImpl.java:lambda$new$0(48)) - omNode-1@group-523986131536->omNode-3: nextIndex: updateUnconditionally 290 -> 45
2022-10-04 13:27:46,222 [grpc-default-executor-3] WARN  server.GrpcLogAppender (LogUtils.java:warn(122)) - omNode-1@group-523986131536->omNode-3-AppendLogResponseHandler: Failed appendEntries: org.apache.ratis.thirdparty.io.grpc.StatusRuntimeException: UNAVAILABLE: io exception
2022-10-04 13:27:46,222 [grpc-default-executor-3] INFO  leader.FollowerInfo (FollowerInfoImpl.java:lambda$new$0(48)) - omNode-1@group-523986131536->omNode-3: nextIndex: updateUnconditionally 290 -> 45
2022-10-04 13:27:46,225 [grpc-default-executor-3] WARN  server.GrpcLogAppender (LogUtils.java:warn(122)) - omNode-1@group-523986131536->omNode-3-AppendLogResponseHandler: Failed appendEntries: org.apache.ratis.thirdparty.io.grpc.StatusRuntimeException: UNAVAILABLE: io exception
2022-10-04 13:27:46,225 [grpc-default-executor-3] INFO  leader.FollowerInfo (FollowerInfoImpl.java:lambda$new$0(48)) - omNode-1@group-523986131536->omNode-3: nextIndex: updateUnconditionally 291 -> 45
2022-10-04 13:27:46,231 [grpc-default-executor-3] WARN  server.GrpcLogAppender (LogUtils.java:warn(122)) - omNode-1@group-523986131536->omNode-3-AppendLogResponseHandler: Failed appendEntries: org.apache.ratis.thirdparty.io.grpc.StatusRuntimeException: UNAVAILABLE: io exception
2022-10-04 13:27:46,231 [grpc-default-executor-3] INFO  leader.FollowerInfo (FollowerInfoImpl.java:lambda$new$0(48)) - omNode-1@group-523986131536->omNode-3: nextIndex: updateUnconditionally 291 -> 45
2022-10-04 13:27:46,235 [grpc-default-executor-3] WARN  server.GrpcLogAppender (LogUtils.java:warn(122)) - omNode-1@group-523986131536->omNode-3-AppendLogResponseHandler: Failed appendEntries: org.apache.ratis.thirdparty.io.grpc.StatusRuntimeException: UNAVAILABLE: io exception
2022-10-04 13:27:46,235 [grpc-default-executor-3] INFO  leader.FollowerInfo (FollowerInfoImpl.java:lambda$new$0(48)) - omNode-1@group-523986131536->omNode-3: nextIndex: updateUnconditionally 291 -> 45
2022-10-04 13:27:46,241 [grpc-default-executor-4] WARN  server.GrpcLogAppender (LogUtils.java:warn(122)) - omNode-1@group-523986131536->omNode-3-AppendLogResponseHandler: Failed appendEntries: org.apache.ratis.thirdparty.io.grpc.StatusRuntimeException: UNAVAILABLE: io exception
2022-10-04 13:27:46,241 [grpc-default-executor-4] INFO  leader.FollowerInfo (FollowerInfoImpl.java:lambda$new$0(48)) - omNode-1@group-523986131536->omNode-3: nextIndex: updateUnconditionally 292 -> 45
2022-10-04 13:27:46,295 [grpc-default-executor-5] WARN  server.GrpcLogAppender (LogUtils.java:warn(122)) - omNode-1@group-523986131536->omNode-3-AppendLogResponseHandler: Failed appendEntries: org.apache.ratis.thirdparty.io.grpc.StatusRuntimeException: UNAVAILABLE: io exception
2022-10-04 13:27:46,295 [grpc-default-executor-5] INFO  leader.FollowerInfo (FollowerInfoImpl.java:lambda$new$0(48)) - omNode-1@group-523986131536->omNode-3: nextIndex: updateUnconditionally 292 -> 45
2022-10-04 13:27:46,309 [grpc-default-executor-3] WARN  server.GrpcLogAppender (LogUtils.java:warn(122)) - omNode-1@group-523986131536->omNode-3-AppendLogResponseHandler: Failed appendEntries: org.apache.ratis.thirdparty.io.grpc.StatusRuntimeException: UNAVAILABLE: io exception
2022-10-04 13:27:46,309 [grpc-default-executor-3] INFO  leader.FollowerInfo (FollowerInfoImpl.java:lambda$new$0(48)) - omNode-1@group-523986131536->omNode-3: nextIndex: updateUnconditionally 293 -> 45
2022-10-04 13:27:46,313 [grpc-default-executor-5] WARN  server.GrpcLogAppender (LogUtils.java:warn(122)) - omNode-1@group-523986131536->omNode-3-AppendLogResponseHandler: Failed appendEntries: org.apache.ratis.thirdparty.io.grpc.StatusRuntimeException: UNAVAILABLE: io exception
2022-10-04 13:27:46,313 [grpc-default-executor-5] INFO  leader.FollowerInfo (FollowerInfoImpl.java:lambda$new$0(48)) - omNode-1@group-523986131536->omNode-3: nextIndex: updateUnconditionally 294 -> 45
2022-10-04 13:27:46,320 [grpc-default-executor-5] WARN  server.GrpcLogAppender (LogUtils.java:warn(122)) - omNode-1@group-523986131536->omNode-3-AppendLogResponseHandler: Failed appendEntries: org.apache.ratis.thirdparty.io.grpc.StatusRuntimeException: UNAVAILABLE: io exception
2022-10-04 13:27:46,320 [grpc-default-executor-5] INFO  leader.FollowerInfo (FollowerInfoImpl.java:lambda$new$0(48)) - omNode-1@group-523986131536->omNode-3: nextIndex: updateUnconditionally 294 -> 45
2022-10-04 13:27:46,326 [grpc-default-executor-5] WARN  server.GrpcLogAppender (LogUtils.java:warn(122)) - omNode-1@group-523986131536->omNode-3-AppendLogResponseHandler: Failed appendEntries: org.apache.ratis.thirdparty.io.grpc.StatusRuntimeException: UNAVAILABLE: io exception
2022-10-04 13:27:46,326 [grpc-default-executor-5] INFO  leader.FollowerInfo (FollowerInfoImpl.java:lambda$new$0(48)) - omNode-1@group-523986131536->omNode-3: nextIndex: updateUnconditionally 295 -> 45
2022-10-04 13:27:46,335 [grpc-default-executor-3] WARN  server.GrpcLogAppender (LogUtils.java:warn(122)) - omNode-1@group-523986131536->omNode-3-AppendLogResponseHandler: Failed appendEntries: org.apache.ratis.thirdparty.io.grpc.StatusRuntimeException: UNAVAILABLE: io exception
2022-10-04 13:27:46,336 [grpc-default-executor-3] INFO  leader.FollowerInfo (FollowerInfoImpl.java:lambda$new$0(48)) - omNode-1@group-523986131536->omNode-3: nextIndex: updateUnconditionally 295 -> 45
2022-10-04 13:27:46,355 [grpc-default-executor-3] WARN  server.GrpcLogAppender (LogUtils.java:warn(122)) - omNode-1@group-523986131536->omNode-3-AppendLogResponseHandler: Failed appendEntries: org.apache.ratis.thirdparty.io.grpc.StatusRuntimeException: UNAVAILABLE: io exception
2022-10-04 13:27:46,355 [grpc-default-executor-3] INFO  leader.FollowerInfo (FollowerInfoImpl.java:lambda$new$0(48)) - omNode-1@group-523986131536->omNode-3: nextIndex: updateUnconditionally 296 -> 45
2022-10-04 13:27:46,362 [grpc-default-executor-5] WARN  server.GrpcLogAppender (LogUtils.java:warn(122)) - omNode-1@group-523986131536->omNode-3-AppendLogResponseHandler: Failed appendEntries: org.apache.ratis.thirdparty.io.grpc.StatusRuntimeException: UNAVAILABLE: io exception
2022-10-04 13:27:46,362 [grpc-default-executor-5] INFO  leader.FollowerInfo (FollowerInfoImpl.java:lambda$new$0(48)) - omNode-1@group-523986131536->omNode-3: nextIndex: updateUnconditionally 296 -> 45
2022-10-04 13:27:46,363 [grpc-default-executor-5] WARN  server.GrpcLogAppender (LogUtils.java:warn(122)) - omNode-1@group-523986131536->omNode-3-AppendLogResponseHandler: Failed appendEntries: org.apache.ratis.thirdparty.io.grpc.StatusRuntimeException: UNAVAILABLE: io exception
2022-10-04 13:27:46,363 [grpc-default-executor-5] INFO  leader.FollowerInfo (FollowerInfoImpl.java:lambda$new$0(48)) - omNode-1@group-523986131536->omNode-3: nextIndex: updateUnconditionally 297 -> 45
2022-10-04 13:27:46,365 [grpc-default-executor-5] WARN  server.GrpcLogAppender (LogUtils.java:warn(122)) - omNode-1@group-523986131536->omNode-3-AppendLogResponseHandler: Failed appendEntries: org.apache.ratis.thirdparty.io.grpc.StatusRuntimeException: UNAVAILABLE: io exception
2022-10-04 13:27:46,365 [grpc-default-executor-5] INFO  leader.FollowerInfo (FollowerInfoImpl.java:lambda$new$0(48)) - omNode-1@group-523986131536->omNode-3: nextIndex: updateUnconditionally 298 -> 45
2022-10-04 13:27:46,376 [grpc-default-executor-5] WARN  server.GrpcLogAppender (LogUtils.java:warn(122)) - omNode-1@group-523986131536->omNode-3-AppendLogResponseHandler: Failed appendEntries: org.apache.ratis.thirdparty.io.grpc.StatusRuntimeException: UNAVAILABLE: io exception
2022-10-04 13:27:46,376 [grpc-default-executor-5] INFO  leader.FollowerInfo (FollowerInfoImpl.java:lambda$new$0(48)) - omNode-1@group-523986131536->omNode-3: nextIndex: updateUnconditionally 298 -> 45
2022-10-04 13:27:46,378 [grpc-default-executor-3] WARN  server.GrpcLogAppender (LogUtils.java:warn(122)) - omNode-1@group-523986131536->omNode-3-AppendLogResponseHandler: Failed appendEntries: org.apache.ratis.thirdparty.io.grpc.StatusRuntimeException: UNAVAILABLE: io exception
2022-10-04 13:27:46,378 [grpc-default-executor-3] INFO  leader.FollowerInfo (FollowerInfoImpl.java:lambda$new$0(48)) - omNode-1@group-523986131536->omNode-3: nextIndex: updateUnconditionally 298 -> 45
2022-10-04 13:27:46,385 [grpc-default-executor-3] WARN  server.GrpcLogAppender (LogUtils.java:warn(122)) - omNode-1@group-523986131536->omNode-3-AppendLogResponseHandler: Failed appendEntries: org.apache.ratis.thirdparty.io.grpc.StatusRuntimeException: UNAVAILABLE: io exception
2022-10-04 13:27:46,385 [grpc-default-executor-3] INFO  leader.FollowerInfo (FollowerInfoImpl.java:lambda$new$0(48)) - omNode-1@group-523986131536->omNode-3: nextIndex: updateUnconditionally 299 -> 45
2022-10-04 13:27:46,398 [grpc-default-executor-5] WARN  server.GrpcLogAppender (LogUtils.java:warn(122)) - omNode-1@group-523986131536->omNode-3-AppendLogResponseHandler: Failed appendEntries: org.apache.ratis.thirdparty.io.grpc.StatusRuntimeException: UNAVAILABLE: io exception
2022-10-04 13:27:46,398 [grpc-default-executor-5] INFO  leader.FollowerInfo (FollowerInfoImpl.java:lambda$new$0(48)) - omNode-1@group-523986131536->omNode-3: nextIndex: updateUnconditionally 299 -> 45
2022-10-04 13:27:46,399 [grpc-default-executor-5] WARN  server.GrpcLogAppender (LogUtils.java:warn(122)) - omNode-1@group-523986131536->omNode-3-AppendLogResponseHandler: Failed appendEntries: org.apache.ratis.thirdparty.io.grpc.StatusRuntimeException: UNAVAILABLE: io exception
2022-10-04 13:27:46,400 [grpc-default-executor-5] INFO  leader.FollowerInfo (FollowerInfoImpl.java:lambda$new$0(48)) - omNode-1@group-523986131536->omNode-3: nextIndex: updateUnconditionally 299 -> 45
2022-10-04 13:27:46,410 [grpc-default-executor-3] WARN  server.GrpcLogAppender (LogUtils.java:warn(122)) - omNode-1@group-523986131536->omNode-3-AppendLogResponseHandler: Failed appendEntries: org.apache.ratis.thirdparty.io.grpc.StatusRuntimeException: UNAVAILABLE: io exception
2022-10-04 13:27:46,410 [grpc-default-executor-3] INFO  leader.FollowerInfo (FollowerInfoImpl.java:lambda$new$0(48)) - omNode-1@group-523986131536->omNode-3: nextIndex: updateUnconditionally 300 -> 45
2022-10-04 13:27:46,428 [grpc-default-executor-5] WARN  server.GrpcLogAppender (LogUtils.java:warn(122)) - omNode-1@group-523986131536->omNode-3-AppendLogResponseHandler: Failed appendEntries: org.apache.ratis.thirdparty.io.grpc.StatusRuntimeException: UNAVAILABLE: io exception
2022-10-04 13:27:46,428 [grpc-default-executor-5] INFO  leader.FollowerInfo (FollowerInfoImpl.java:lambda$new$0(48)) - omNode-1@group-523986131536->omNode-3: nextIndex: updateUnconditionally 300 -> 45
2022-10-04 13:27:46,430 [grpc-default-executor-4] WARN  server.GrpcLogAppender (LogUtils.java:warn(122)) - omNode-1@group-523986131536->omNode-3-AppendLogResponseHandler: Failed appendEntries: org.apache.ratis.thirdparty.io.grpc.StatusRuntimeException: UNAVAILABLE: io exception
2022-10-04 13:27:46,430 [grpc-default-executor-4] INFO  leader.FollowerInfo (FollowerInfoImpl.java:lambda$new$0(48)) - omNode-1@group-523986131536->omNode-3: nextIndex: updateUnconditionally 302 -> 45
2022-10-04 13:27:46,440 [grpc-default-executor-5] WARN  server.GrpcLogAppender (LogUtils.java:warn(122)) - omNode-1@group-523986131536->omNode-3-AppendLogResponseHandler: Failed appendEntries: org.apache.ratis.thirdparty.io.grpc.StatusRuntimeException: UNAVAILABLE: io exception
2022-10-04 13:27:46,440 [grpc-default-executor-5] INFO  leader.FollowerInfo (FollowerInfoImpl.java:lambda$new$0(48)) - omNode-1@group-523986131536->omNode-3: nextIndex: updateUnconditionally 302 -> 45
2022-10-04 13:27:46,451 [omNode-1@group-523986131536-StateMachineUpdater] INFO  ratis.OzoneManagerStateMachine (OzoneManagerStateMachine.java:takeSnapshot(441)) - Current Snapshot Index (t:2, i:300)
2022-10-04 13:27:46,451 [omNode-1@group-523986131536-StateMachineUpdater] INFO  impl.StateMachineUpdater (StateMachineUpdater.java:takeSnapshot(287)) - omNode-1@group-523986131536-StateMachineUpdater: Took a snapshot at index 300
2022-10-04 13:27:46,451 [omNode-1@group-523986131536-StateMachineUpdater] INFO  impl.StateMachineUpdater (StateMachineUpdater.java:lambda$new$0(92)) - omNode-1@group-523986131536-StateMachineUpdater: snapshotIndex: updateIncreasingly 250 -> 300
2022-10-04 13:27:46,451 [omNode-1@group-523986131536-StateMachineUpdater] INFO  raftlog.RaftLog (RaftLogBase.java:purge(308)) - omNode-1@group-523986131536-SegmentedRaftLog: purge 300
2022-10-04 13:27:46,451 [omNode-1@group-523986131536-StateMachineUpdater] INFO  raftlog.RaftLog (RaftLogBase.java:lambda$new$0(53)) - omNode-1@group-523986131536-SegmentedRaftLog: snapshotIndex: updateIncreasingly 250 -> 300
2022-10-04 13:27:46,451 [omNode-1@group-523986131536-StateMachineUpdater] INFO  raftlog.RaftLog (RaftLogBase.java:lambda$new$0(53)) - omNode-1@group-523986131536-SegmentedRaftLog: purgeIndex: updateToMax old=250, new=300, updated? true
2022-10-04 13:27:46,454 [grpc-default-executor-3] WARN  server.GrpcLogAppender (LogUtils.java:warn(122)) - omNode-1@group-523986131536->omNode-3-AppendLogResponseHandler: Failed appendEntries: org.apache.ratis.thirdparty.io.grpc.StatusRuntimeException: UNAVAILABLE: io exception
2022-10-04 13:27:46,454 [grpc-default-executor-3] INFO  leader.FollowerInfo (FollowerInfoImpl.java:lambda$new$0(48)) - omNode-1@group-523986131536->omNode-3: nextIndex: updateUnconditionally 302 -> 45
2022-10-04 13:27:46,455 [grpc-default-executor-3] WARN  server.GrpcLogAppender (LogUtils.java:warn(122)) - omNode-1@group-523986131536->omNode-3-AppendLogResponseHandler: Failed appendEntries: org.apache.ratis.thirdparty.io.grpc.StatusRuntimeException: UNAVAILABLE: io exception
2022-10-04 13:27:46,455 [grpc-default-executor-3] INFO  leader.FollowerInfo (FollowerInfoImpl.java:lambda$new$0(48)) - omNode-1@group-523986131536->omNode-3: nextIndex: updateUnconditionally 302 -> 45
2022-10-04 13:27:46,461 [grpc-default-executor-3] WARN  server.GrpcLogAppender (LogUtils.java:warn(122)) - omNode-1@group-523986131536->omNode-3-AppendLogResponseHandler: Failed appendEntries: org.apache.ratis.thirdparty.io.grpc.StatusRuntimeException: UNAVAILABLE: io exception
2022-10-04 13:27:46,461 [grpc-default-executor-3] INFO  leader.FollowerInfo (FollowerInfoImpl.java:lambda$new$0(48)) - omNode-1@group-523986131536->omNode-3: nextIndex: updateUnconditionally 303 -> 45
2022-10-04 13:27:46,484 [grpc-default-executor-5] WARN  server.GrpcLogAppender (LogUtils.java:warn(122)) - omNode-1@group-523986131536->omNode-3-AppendLogResponseHandler: Failed appendEntries: org.apache.ratis.thirdparty.io.grpc.StatusRuntimeException: UNAVAILABLE: io exception
2022-10-04 13:27:46,484 [grpc-default-executor-5] INFO  leader.FollowerInfo (FollowerInfoImpl.java:lambda$new$0(48)) - omNode-1@group-523986131536->omNode-3: nextIndex: updateUnconditionally 303 -> 45
2022-10-04 13:27:46,485 [grpc-default-executor-5] WARN  server.GrpcLogAppender (LogUtils.java:warn(122)) - omNode-1@group-523986131536->omNode-3-AppendLogResponseHandler: Failed appendEntries: org.apache.ratis.thirdparty.io.grpc.StatusRuntimeException: UNAVAILABLE: io exception
2022-10-04 13:27:46,485 [grpc-default-executor-5] INFO  leader.FollowerInfo (FollowerInfoImpl.java:lambda$new$0(48)) - omNode-1@group-523986131536->omNode-3: nextIndex: updateUnconditionally 303 -> 45
2022-10-04 13:27:46,506 [grpc-default-executor-3] WARN  server.GrpcLogAppender (LogUtils.java:warn(122)) - omNode-1@group-523986131536->omNode-3-AppendLogResponseHandler: Failed appendEntries: org.apache.ratis.thirdparty.io.grpc.StatusRuntimeException: UNAVAILABLE: io exception
2022-10-04 13:27:46,506 [grpc-default-executor-3] INFO  leader.FollowerInfo (FollowerInfoImpl.java:lambda$new$0(48)) - omNode-1@group-523986131536->omNode-3: nextIndex: updateUnconditionally 304 -> 45
2022-10-04 13:27:46,511 [grpc-default-executor-3] WARN  server.GrpcLogAppender (LogUtils.java:warn(122)) - omNode-1@group-523986131536->omNode-3-AppendLogResponseHandler: Failed appendEntries: org.apache.ratis.thirdparty.io.grpc.StatusRuntimeException: UNAVAILABLE: io exception
2022-10-04 13:27:46,511 [grpc-default-executor-3] INFO  leader.FollowerInfo (FollowerInfoImpl.java:lambda$new$0(48)) - omNode-1@group-523986131536->omNode-3: nextIndex: updateUnconditionally 304 -> 45
2022-10-04 13:27:46,512 [grpc-default-executor-5] WARN  server.GrpcLogAppender (LogUtils.java:warn(122)) - omNode-1@group-523986131536->omNode-3-AppendLogResponseHandler: Failed appendEntries: org.apache.ratis.thirdparty.io.grpc.StatusRuntimeException: UNAVAILABLE: io exception
2022-10-04 13:27:46,512 [grpc-default-executor-5] INFO  leader.FollowerInfo (FollowerInfoImpl.java:lambda$new$0(48)) - omNode-1@group-523986131536->omNode-3: nextIndex: updateUnconditionally 305 -> 45
2022-10-04 13:27:46,514 [grpc-default-executor-3] WARN  server.GrpcLogAppender (LogUtils.java:warn(122)) - omNode-1@group-523986131536->omNode-3-AppendLogResponseHandler: Failed appendEntries: org.apache.ratis.thirdparty.io.grpc.StatusRuntimeException: UNAVAILABLE: io exception
2022-10-04 13:27:46,515 [grpc-default-executor-3] INFO  leader.FollowerInfo (FollowerInfoImpl.java:lambda$new$0(48)) - omNode-1@group-523986131536->omNode-3: nextIndex: updateUnconditionally 306 -> 45
2022-10-04 13:27:46,529 [grpc-default-executor-3] WARN  server.GrpcLogAppender (LogUtils.java:warn(122)) - omNode-1@group-523986131536->omNode-3-AppendLogResponseHandler: Failed appendEntries: org.apache.ratis.thirdparty.io.grpc.StatusRuntimeException: UNAVAILABLE: io exception
2022-10-04 13:27:46,529 [grpc-default-executor-3] INFO  leader.FollowerInfo (FollowerInfoImpl.java:lambda$new$0(48)) - omNode-1@group-523986131536->omNode-3: nextIndex: updateUnconditionally 306 -> 45
2022-10-04 13:27:46,530 [grpc-default-executor-3] WARN  server.GrpcLogAppender (LogUtils.java:warn(122)) - omNode-1@group-523986131536->omNode-3-AppendLogResponseHandler: Failed appendEntries: org.apache.ratis.thirdparty.io.grpc.StatusRuntimeException: UNAVAILABLE: io exception
2022-10-04 13:27:46,531 [grpc-default-executor-3] INFO  leader.FollowerInfo (FollowerInfoImpl.java:lambda$new$0(48)) - omNode-1@group-523986131536->omNode-3: nextIndex: updateUnconditionally 306 -> 45
2022-10-04 13:27:46,541 [grpc-default-executor-3] WARN  server.GrpcLogAppender (LogUtils.java:warn(122)) - omNode-1@group-523986131536->omNode-3-AppendLogResponseHandler: Failed appendEntries: org.apache.ratis.thirdparty.io.grpc.StatusRuntimeException: UNAVAILABLE: io exception
2022-10-04 13:27:46,542 [grpc-default-executor-3] INFO  leader.FollowerInfo (FollowerInfoImpl.java:lambda$new$0(48)) - omNode-1@group-523986131536->omNode-3: nextIndex: updateUnconditionally 307 -> 45
2022-10-04 13:27:46,551 [grpc-default-executor-5] WARN  server.GrpcLogAppender (LogUtils.java:warn(122)) - omNode-1@group-523986131536->omNode-3-AppendLogResponseHandler: Failed appendEntries: org.apache.ratis.thirdparty.io.grpc.StatusRuntimeException: UNAVAILABLE: io exception
2022-10-04 13:27:46,552 [grpc-default-executor-5] INFO  leader.FollowerInfo (FollowerInfoImpl.java:lambda$new$0(48)) - omNode-1@group-523986131536->omNode-3: nextIndex: updateUnconditionally 307 -> 45
2022-10-04 13:27:46,553 [grpc-default-executor-5] WARN  server.GrpcLogAppender (LogUtils.java:warn(122)) - omNode-1@group-523986131536->omNode-3-AppendLogResponseHandler: Failed appendEntries: org.apache.ratis.thirdparty.io.grpc.StatusRuntimeException: UNAVAILABLE: io exception
2022-10-04 13:27:46,553 [grpc-default-executor-5] INFO  leader.FollowerInfo (FollowerInfoImpl.java:lambda$new$0(48)) - omNode-1@group-523986131536->omNode-3: nextIndex: updateUnconditionally 307 -> 45
2022-10-04 13:27:46,559 [grpc-default-executor-3] WARN  server.GrpcLogAppender (LogUtils.java:warn(122)) - omNode-1@group-523986131536->omNode-3-AppendLogResponseHandler: Failed appendEntries: org.apache.ratis.thirdparty.io.grpc.StatusRuntimeException: UNAVAILABLE: io exception
2022-10-04 13:27:46,559 [grpc-default-executor-3] INFO  leader.FollowerInfo (FollowerInfoImpl.java:lambda$new$0(48)) - omNode-1@group-523986131536->omNode-3: nextIndex: updateUnconditionally 308 -> 45
2022-10-04 13:27:46,568 [grpc-default-executor-3] WARN  server.GrpcLogAppender (LogUtils.java:warn(122)) - omNode-1@group-523986131536->omNode-3-AppendLogResponseHandler: Failed appendEntries: org.apache.ratis.thirdparty.io.grpc.StatusRuntimeException: UNAVAILABLE: io exception
2022-10-04 13:27:46,568 [grpc-default-executor-3] INFO  leader.FollowerInfo (FollowerInfoImpl.java:lambda$new$0(48)) - omNode-1@group-523986131536->omNode-3: nextIndex: updateUnconditionally 308 -> 45
2022-10-04 13:27:46,569 [grpc-default-executor-3] WARN  server.GrpcLogAppender (LogUtils.java:warn(122)) - omNode-1@group-523986131536->omNode-3-AppendLogResponseHandler: Failed appendEntries: org.apache.ratis.thirdparty.io.grpc.StatusRuntimeException: UNAVAILABLE: io exception
2022-10-04 13:27:46,570 [grpc-default-executor-3] INFO  leader.FollowerInfo (FollowerInfoImpl.java:lambda$new$0(48)) - omNode-1@group-523986131536->omNode-3: nextIndex: updateUnconditionally 309 -> 45
2022-10-04 13:27:46,572 [grpc-default-executor-3] WARN  server.GrpcLogAppender (LogUtils.java:warn(122)) - omNode-1@group-523986131536->omNode-3-AppendLogResponseHandler: Failed appendEntries: org.apache.ratis.thirdparty.io.grpc.StatusRuntimeException: UNAVAILABLE: io exception
2022-10-04 13:27:46,572 [grpc-default-executor-3] INFO  leader.FollowerInfo (FollowerInfoImpl.java:lambda$new$0(48)) - omNode-1@group-523986131536->omNode-3: nextIndex: updateUnconditionally 310 -> 45
2022-10-04 13:27:46,578 [grpc-default-executor-3] WARN  server.GrpcLogAppender (LogUtils.java:warn(122)) - omNode-1@group-523986131536->omNode-3-AppendLogResponseHandler: Failed appendEntries: org.apache.ratis.thirdparty.io.grpc.StatusRuntimeException: UNAVAILABLE: io exception
2022-10-04 13:27:46,578 [grpc-default-executor-3] INFO  leader.FollowerInfo (FollowerInfoImpl.java:lambda$new$0(48)) - omNode-1@group-523986131536->omNode-3: nextIndex: updateUnconditionally 310 -> 45
2022-10-04 13:27:46,579 [grpc-default-executor-3] WARN  server.GrpcLogAppender (LogUtils.java:warn(122)) - omNode-1@group-523986131536->omNode-3-AppendLogResponseHandler: Failed appendEntries: org.apache.ratis.thirdparty.io.grpc.StatusRuntimeException: UNAVAILABLE: io exception
2022-10-04 13:27:46,579 [grpc-default-executor-3] INFO  leader.FollowerInfo (FollowerInfoImpl.java:lambda$new$0(48)) - omNode-1@group-523986131536->omNode-3: nextIndex: updateUnconditionally 310 -> 45
2022-10-04 13:27:46,583 [grpc-default-executor-3] WARN  server.GrpcLogAppender (LogUtils.java:warn(122)) - omNode-1@group-523986131536->omNode-3-AppendLogResponseHandler: Failed appendEntries: org.apache.ratis.thirdparty.io.grpc.StatusRuntimeException: UNAVAILABLE: io exception
2022-10-04 13:27:46,583 [grpc-default-executor-3] INFO  leader.FollowerInfo (FollowerInfoImpl.java:lambda$new$0(48)) - omNode-1@group-523986131536->omNode-3: nextIndex: updateUnconditionally 311 -> 45
2022-10-04 13:27:46,595 [grpc-default-executor-3] WARN  server.GrpcLogAppender (LogUtils.java:warn(122)) - omNode-1@group-523986131536->omNode-3-AppendLogResponseHandler: Failed appendEntries: org.apache.ratis.thirdparty.io.grpc.StatusRuntimeException: UNAVAILABLE: io exception
2022-10-04 13:27:46,595 [grpc-default-executor-3] INFO  leader.FollowerInfo (FollowerInfoImpl.java:lambda$new$0(48)) - omNode-1@group-523986131536->omNode-3: nextIndex: updateUnconditionally 311 -> 45
2022-10-04 13:27:46,595 [omNode-2@group-523986131536-StateMachineUpdater] INFO  ratis.OzoneManagerStateMachine (OzoneManagerStateMachine.java:takeSnapshot(441)) - Current Snapshot Index (t:2, i:309)
2022-10-04 13:27:46,596 [omNode-2@group-523986131536-StateMachineUpdater] INFO  impl.StateMachineUpdater (StateMachineUpdater.java:takeSnapshot(287)) - omNode-2@group-523986131536-StateMachineUpdater: Took a snapshot at index 309
2022-10-04 13:27:46,596 [omNode-2@group-523986131536-StateMachineUpdater] INFO  impl.StateMachineUpdater (StateMachineUpdater.java:lambda$new$0(92)) - omNode-2@group-523986131536-StateMachineUpdater: snapshotIndex: updateIncreasingly 257 -> 309
2022-10-04 13:27:46,596 [omNode-2@group-523986131536-StateMachineUpdater] INFO  raftlog.RaftLog (RaftLogBase.java:purge(308)) - omNode-2@group-523986131536-SegmentedRaftLog: purge 309
2022-10-04 13:27:46,596 [omNode-2@group-523986131536-StateMachineUpdater] INFO  raftlog.RaftLog (RaftLogBase.java:lambda$new$0(53)) - omNode-2@group-523986131536-SegmentedRaftLog: snapshotIndex: updateIncreasingly 257 -> 309
2022-10-04 13:27:46,596 [omNode-2@group-523986131536-StateMachineUpdater] INFO  raftlog.RaftLog (RaftLogBase.java:lambda$new$0(53)) - omNode-2@group-523986131536-SegmentedRaftLog: purgeIndex: updateToMax old=257, new=309, updated? true
2022-10-04 13:27:46,596 [grpc-default-executor-3] WARN  server.GrpcLogAppender (LogUtils.java:warn(122)) - omNode-1@group-523986131536->omNode-3-AppendLogResponseHandler: Failed appendEntries: org.apache.ratis.thirdparty.io.grpc.StatusRuntimeException: UNAVAILABLE: io exception
2022-10-04 13:27:46,597 [grpc-default-executor-3] INFO  leader.FollowerInfo (FollowerInfoImpl.java:lambda$new$0(48)) - omNode-1@group-523986131536->omNode-3: nextIndex: updateUnconditionally 311 -> 45
2022-10-04 13:27:46,601 [grpc-default-executor-5] WARN  server.GrpcLogAppender (LogUtils.java:warn(122)) - omNode-1@group-523986131536->omNode-3-AppendLogResponseHandler: Failed appendEntries: org.apache.ratis.thirdparty.io.grpc.StatusRuntimeException: UNAVAILABLE: io exception
2022-10-04 13:27:46,601 [grpc-default-executor-5] INFO  leader.FollowerInfo (FollowerInfoImpl.java:lambda$new$0(48)) - omNode-1@group-523986131536->omNode-3: nextIndex: updateUnconditionally 312 -> 45
2022-10-04 13:27:46,605 [grpc-default-executor-5] WARN  server.GrpcLogAppender (LogUtils.java:warn(122)) - omNode-1@group-523986131536->omNode-3-AppendLogResponseHandler: Failed appendEntries: org.apache.ratis.thirdparty.io.grpc.StatusRuntimeException: UNAVAILABLE: io exception
2022-10-04 13:27:46,605 [grpc-default-executor-5] INFO  leader.FollowerInfo (FollowerInfoImpl.java:lambda$new$0(48)) - omNode-1@group-523986131536->omNode-3: nextIndex: updateUnconditionally 312 -> 45
2022-10-04 13:27:46,606 [grpc-default-executor-5] WARN  server.GrpcLogAppender (LogUtils.java:warn(122)) - omNode-1@group-523986131536->omNode-3-AppendLogResponseHandler: Failed appendEntries: org.apache.ratis.thirdparty.io.grpc.StatusRuntimeException: UNAVAILABLE: io exception
2022-10-04 13:27:46,606 [grpc-default-executor-5] INFO  leader.FollowerInfo (FollowerInfoImpl.java:lambda$new$0(48)) - omNode-1@group-523986131536->omNode-3: nextIndex: updateUnconditionally 313 -> 45
2022-10-04 13:27:46,608 [grpc-default-executor-5] WARN  server.GrpcLogAppender (LogUtils.java:warn(122)) - omNode-1@group-523986131536->omNode-3-AppendLogResponseHandler: Failed appendEntries: org.apache.ratis.thirdparty.io.grpc.StatusRuntimeException: UNAVAILABLE: io exception
2022-10-04 13:27:46,608 [grpc-default-executor-5] INFO  leader.FollowerInfo (FollowerInfoImpl.java:lambda$new$0(48)) - omNode-1@group-523986131536->omNode-3: nextIndex: updateUnconditionally 314 -> 45
2022-10-04 13:27:46,617 [grpc-default-executor-5] WARN  server.GrpcLogAppender (LogUtils.java:warn(122)) - omNode-1@group-523986131536->omNode-3-AppendLogResponseHandler: Failed appendEntries: org.apache.ratis.thirdparty.io.grpc.StatusRuntimeException: UNAVAILABLE: io exception
2022-10-04 13:27:46,617 [grpc-default-executor-5] INFO  leader.FollowerInfo (FollowerInfoImpl.java:lambda$new$0(48)) - omNode-1@group-523986131536->omNode-3: nextIndex: updateUnconditionally 314 -> 45
2022-10-04 13:27:46,618 [grpc-default-executor-5] WARN  server.GrpcLogAppender (LogUtils.java:warn(122)) - omNode-1@group-523986131536->omNode-3-AppendLogResponseHandler: Failed appendEntries: org.apache.ratis.thirdparty.io.grpc.StatusRuntimeException: UNAVAILABLE: io exception
2022-10-04 13:27:46,619 [grpc-default-executor-5] INFO  leader.FollowerInfo (FollowerInfoImpl.java:lambda$new$0(48)) - omNode-1@group-523986131536->omNode-3: nextIndex: updateUnconditionally 314 -> 45
2022-10-04 13:27:46,627 [EndpointStateMachine task thread for /0.0.0.0:41361 - 0 ] INFO  ipc.Client (Client.java:handleConnectionFailure(977)) - Retrying connect to server: 0.0.0.0/0.0.0.0:41361. Already tried 10 time(s); retry policy is RetryUpToMaximumCountWithFixedSleep(maxRetries=15, sleepTime=1000 MILLISECONDS)
2022-10-04 13:27:46,631 [grpc-default-executor-3] WARN  server.GrpcLogAppender (LogUtils.java:warn(122)) - omNode-1@group-523986131536->omNode-3-AppendLogResponseHandler: Failed appendEntries: org.apache.ratis.thirdparty.io.grpc.StatusRuntimeException: UNAVAILABLE: io exception
2022-10-04 13:27:46,631 [grpc-default-executor-3] INFO  leader.FollowerInfo (FollowerInfoImpl.java:lambda$new$0(48)) - omNode-1@group-523986131536->omNode-3: nextIndex: updateUnconditionally 315 -> 45
2022-10-04 13:27:46,639 [grpc-default-executor-5] WARN  server.GrpcLogAppender (LogUtils.java:warn(122)) - omNode-1@group-523986131536->omNode-3-AppendLogResponseHandler: Failed appendEntries: org.apache.ratis.thirdparty.io.grpc.StatusRuntimeException: UNAVAILABLE: io exception
2022-10-04 13:27:46,639 [grpc-default-executor-5] INFO  leader.FollowerInfo (FollowerInfoImpl.java:lambda$new$0(48)) - omNode-1@group-523986131536->omNode-3: nextIndex: updateUnconditionally 315 -> 45
2022-10-04 13:27:46,641 [grpc-default-executor-5] WARN  server.GrpcLogAppender (LogUtils.java:warn(122)) - omNode-1@group-523986131536->omNode-3-AppendLogResponseHandler: Failed appendEntries: org.apache.ratis.thirdparty.io.grpc.StatusRuntimeException: UNAVAILABLE: io exception
2022-10-04 13:27:46,641 [grpc-default-executor-5] INFO  leader.FollowerInfo (FollowerInfoImpl.java:lambda$new$0(48)) - omNode-1@group-523986131536->omNode-3: nextIndex: updateUnconditionally 315 -> 45
2022-10-04 13:27:46,648 [grpc-default-executor-3] WARN  server.GrpcLogAppender (LogUtils.java:warn(122)) - omNode-1@group-523986131536->omNode-3-AppendLogResponseHandler: Failed appendEntries: org.apache.ratis.thirdparty.io.grpc.StatusRuntimeException: UNAVAILABLE: io exception
2022-10-04 13:27:46,648 [grpc-default-executor-3] INFO  leader.FollowerInfo (FollowerInfoImpl.java:lambda$new$0(48)) - omNode-1@group-523986131536->omNode-3: nextIndex: updateUnconditionally 316 -> 45
2022-10-04 13:27:46,656 [grpc-default-executor-3] WARN  server.GrpcLogAppender (LogUtils.java:warn(122)) - omNode-1@group-523986131536->omNode-3-AppendLogResponseHandler: Failed appendEntries: org.apache.ratis.thirdparty.io.grpc.StatusRuntimeException: UNAVAILABLE: io exception
2022-10-04 13:27:46,657 [grpc-default-executor-3] INFO  leader.FollowerInfo (FollowerInfoImpl.java:lambda$new$0(48)) - omNode-1@group-523986131536->omNode-3: nextIndex: updateUnconditionally 316 -> 45
2022-10-04 13:27:46,661 [grpc-default-executor-5] WARN  server.GrpcLogAppender (LogUtils.java:warn(122)) - omNode-1@group-523986131536->omNode-3-AppendLogResponseHandler: Failed appendEntries: org.apache.ratis.thirdparty.io.grpc.StatusRuntimeException: UNAVAILABLE: io exception
2022-10-04 13:27:46,661 [grpc-default-executor-5] INFO  leader.FollowerInfo (FollowerInfoImpl.java:lambda$new$0(48)) - omNode-1@group-523986131536->omNode-3: nextIndex: updateUnconditionally 317 -> 45
2022-10-04 13:27:46,663 [grpc-default-executor-3] WARN  server.GrpcLogAppender (LogUtils.java:warn(122)) - omNode-1@group-523986131536->omNode-3-AppendLogResponseHandler: Failed appendEntries: org.apache.ratis.thirdparty.io.grpc.StatusRuntimeException: UNAVAILABLE: io exception
2022-10-04 13:27:46,663 [grpc-default-executor-3] INFO  leader.FollowerInfo (FollowerInfoImpl.java:lambda$new$0(48)) - omNode-1@group-523986131536->omNode-3: nextIndex: updateUnconditionally 318 -> 45
2022-10-04 13:27:46,678 [grpc-default-executor-3] WARN  server.GrpcLogAppender (LogUtils.java:warn(122)) - omNode-1@group-523986131536->omNode-3-AppendLogResponseHandler: Failed appendEntries: org.apache.ratis.thirdparty.io.grpc.StatusRuntimeException: UNAVAILABLE: io exception
2022-10-04 13:27:46,678 [grpc-default-executor-3] INFO  leader.FollowerInfo (FollowerInfoImpl.java:lambda$new$0(48)) - omNode-1@group-523986131536->omNode-3: nextIndex: updateUnconditionally 318 -> 45
2022-10-04 13:27:46,679 [grpc-default-executor-3] WARN  server.GrpcLogAppender (LogUtils.java:warn(122)) - omNode-1@group-523986131536->omNode-3-AppendLogResponseHandler: Failed appendEntries: org.apache.ratis.thirdparty.io.grpc.StatusRuntimeException: UNAVAILABLE: io exception
2022-10-04 13:27:46,679 [grpc-default-executor-3] INFO  leader.FollowerInfo (FollowerInfoImpl.java:lambda$new$0(48)) - omNode-1@group-523986131536->omNode-3: nextIndex: updateUnconditionally 318 -> 45
2022-10-04 13:27:46,688 [grpc-default-executor-3] WARN  server.GrpcLogAppender (LogUtils.java:warn(122)) - omNode-1@group-523986131536->omNode-3-AppendLogResponseHandler: Failed appendEntries: org.apache.ratis.thirdparty.io.grpc.StatusRuntimeException: UNAVAILABLE: io exception
2022-10-04 13:27:46,688 [grpc-default-executor-3] INFO  leader.FollowerInfo (FollowerInfoImpl.java:lambda$new$0(48)) - omNode-1@group-523986131536->omNode-3: nextIndex: updateUnconditionally 319 -> 45
2022-10-04 13:27:46,690 [grpc-default-executor-3] WARN  server.GrpcLogAppender (LogUtils.java:warn(122)) - omNode-1@group-523986131536->omNode-3-AppendLogResponseHandler: Failed appendEntries: org.apache.ratis.thirdparty.io.grpc.StatusRuntimeException: UNAVAILABLE: io exception
2022-10-04 13:27:46,690 [grpc-default-executor-3] INFO  leader.FollowerInfo (FollowerInfoImpl.java:lambda$new$0(48)) - omNode-1@group-523986131536->omNode-3: nextIndex: updateUnconditionally 319 -> 45
2022-10-04 13:27:46,696 [grpc-default-executor-3] WARN  server.GrpcLogAppender (LogUtils.java:warn(122)) - omNode-1@group-523986131536->omNode-3-AppendLogResponseHandler: Failed appendEntries: org.apache.ratis.thirdparty.io.grpc.StatusRuntimeException: UNAVAILABLE: io exception
2022-10-04 13:27:46,697 [grpc-default-executor-3] INFO  leader.FollowerInfo (FollowerInfoImpl.java:lambda$new$0(48)) - omNode-1@group-523986131536->omNode-3: nextIndex: updateUnconditionally 319 -> 45
2022-10-04 13:27:46,701 [grpc-default-executor-3] WARN  server.GrpcLogAppender (LogUtils.java:warn(122)) - omNode-1@group-523986131536->omNode-3-AppendLogResponseHandler: Failed appendEntries: org.apache.ratis.thirdparty.io.grpc.StatusRuntimeException: UNAVAILABLE: io exception
2022-10-04 13:27:46,701 [grpc-default-executor-3] INFO  leader.FollowerInfo (FollowerInfoImpl.java:lambda$new$0(48)) - omNode-1@group-523986131536->omNode-3: nextIndex: updateUnconditionally 320 -> 45
2022-10-04 13:27:46,705 [grpc-default-executor-3] WARN  server.GrpcLogAppender (LogUtils.java:warn(122)) - omNode-1@group-523986131536->omNode-3-AppendLogResponseHandler: Failed appendEntries: org.apache.ratis.thirdparty.io.grpc.StatusRuntimeException: UNAVAILABLE: io exception
2022-10-04 13:27:46,705 [grpc-default-executor-3] INFO  leader.FollowerInfo (FollowerInfoImpl.java:lambda$new$0(48)) - omNode-1@group-523986131536->omNode-3: nextIndex: updateUnconditionally 320 -> 45
2022-10-04 13:27:46,706 [grpc-default-executor-3] WARN  server.GrpcLogAppender (LogUtils.java:warn(122)) - omNode-1@group-523986131536->omNode-3-AppendLogResponseHandler: Failed appendEntries: org.apache.ratis.thirdparty.io.grpc.StatusRuntimeException: UNAVAILABLE: io exception
2022-10-04 13:27:46,706 [grpc-default-executor-3] INFO  leader.FollowerInfo (FollowerInfoImpl.java:lambda$new$0(48)) - omNode-1@group-523986131536->omNode-3: nextIndex: updateUnconditionally 321 -> 45
2022-10-04 13:27:46,708 [grpc-default-executor-3] WARN  server.GrpcLogAppender (LogUtils.java:warn(122)) - omNode-1@group-523986131536->omNode-3-AppendLogResponseHandler: Failed appendEntries: org.apache.ratis.thirdparty.io.grpc.StatusRuntimeException: UNAVAILABLE: io exception
2022-10-04 13:27:46,708 [grpc-default-executor-3] INFO  leader.FollowerInfo (FollowerInfoImpl.java:lambda$new$0(48)) - omNode-1@group-523986131536->omNode-3: nextIndex: updateUnconditionally 322 -> 45
2022-10-04 13:27:46,713 [grpc-default-executor-3] WARN  server.GrpcLogAppender (LogUtils.java:warn(122)) - omNode-1@group-523986131536->omNode-3-AppendLogResponseHandler: Failed appendEntries: org.apache.ratis.thirdparty.io.grpc.StatusRuntimeException: UNAVAILABLE: io exception
2022-10-04 13:27:46,713 [grpc-default-executor-3] INFO  leader.FollowerInfo (FollowerInfoImpl.java:lambda$new$0(48)) - omNode-1@group-523986131536->omNode-3: nextIndex: updateUnconditionally 322 -> 45
2022-10-04 13:27:46,714 [grpc-default-executor-3] WARN  server.GrpcLogAppender (LogUtils.java:warn(122)) - omNode-1@group-523986131536->omNode-3-AppendLogResponseHandler: Failed appendEntries: org.apache.ratis.thirdparty.io.grpc.StatusRuntimeException: UNAVAILABLE: io exception
2022-10-04 13:27:46,714 [grpc-default-executor-3] INFO  leader.FollowerInfo (FollowerInfoImpl.java:lambda$new$0(48)) - omNode-1@group-523986131536->omNode-3: nextIndex: updateUnconditionally 322 -> 45
2022-10-04 13:27:46,720 [grpc-default-executor-3] WARN  server.GrpcLogAppender (LogUtils.java:warn(122)) - omNode-1@group-523986131536->omNode-3-AppendLogResponseHandler: Failed appendEntries: org.apache.ratis.thirdparty.io.grpc.StatusRuntimeException: UNAVAILABLE: io exception
2022-10-04 13:27:46,721 [grpc-default-executor-3] INFO  leader.FollowerInfo (FollowerInfoImpl.java:lambda$new$0(48)) - omNode-1@group-523986131536->omNode-3: nextIndex: updateUnconditionally 323 -> 45
2022-10-04 13:27:46,731 [grpc-default-executor-3] WARN  server.GrpcLogAppender (LogUtils.java:warn(122)) - omNode-1@group-523986131536->omNode-3-AppendLogResponseHandler: Failed appendEntries: org.apache.ratis.thirdparty.io.grpc.StatusRuntimeException: UNAVAILABLE: io exception
2022-10-04 13:27:46,732 [grpc-default-executor-3] INFO  leader.FollowerInfo (FollowerInfoImpl.java:lambda$new$0(48)) - omNode-1@group-523986131536->omNode-3: nextIndex: updateUnconditionally 323 -> 45
2022-10-04 13:27:46,739 [grpc-default-executor-3] WARN  server.GrpcLogAppender (LogUtils.java:warn(122)) - omNode-1@group-523986131536->omNode-3-AppendLogResponseHandler: Failed appendEntries: org.apache.ratis.thirdparty.io.grpc.StatusRuntimeException: UNAVAILABLE: io exception
2022-10-04 13:27:46,739 [grpc-default-executor-3] INFO  leader.FollowerInfo (FollowerInfoImpl.java:lambda$new$0(48)) - omNode-1@group-523986131536->omNode-3: nextIndex: updateUnconditionally 324 -> 45
2022-10-04 13:27:46,742 [grpc-default-executor-5] WARN  server.GrpcLogAppender (LogUtils.java:warn(122)) - omNode-1@group-523986131536->omNode-3-AppendLogResponseHandler: Failed appendEntries: org.apache.ratis.thirdparty.io.grpc.StatusRuntimeException: UNAVAILABLE: io exception
2022-10-04 13:27:46,743 [grpc-default-executor-5] INFO  leader.FollowerInfo (FollowerInfoImpl.java:lambda$new$0(48)) - omNode-1@group-523986131536->omNode-3: nextIndex: updateUnconditionally 324 -> 45
2022-10-04 13:27:46,748 [grpc-default-executor-3] WARN  server.GrpcLogAppender (LogUtils.java:warn(122)) - omNode-1@group-523986131536->omNode-3-AppendLogResponseHandler: Failed appendEntries: org.apache.ratis.thirdparty.io.grpc.StatusRuntimeException: UNAVAILABLE: io exception
2022-10-04 13:27:46,748 [grpc-default-executor-3] INFO  leader.FollowerInfo (FollowerInfoImpl.java:lambda$new$0(48)) - omNode-1@group-523986131536->omNode-3: nextIndex: updateUnconditionally 326 -> 45
2022-10-04 13:27:46,756 [grpc-default-executor-3] WARN  server.GrpcLogAppender (LogUtils.java:warn(122)) - omNode-1@group-523986131536->omNode-3-AppendLogResponseHandler: Failed appendEntries: org.apache.ratis.thirdparty.io.grpc.StatusRuntimeException: UNAVAILABLE: io exception
2022-10-04 13:27:46,756 [grpc-default-executor-3] INFO  leader.FollowerInfo (FollowerInfoImpl.java:lambda$new$0(48)) - omNode-1@group-523986131536->omNode-3: nextIndex: updateUnconditionally 326 -> 45
2022-10-04 13:27:46,758 [grpc-default-executor-3] WARN  server.GrpcLogAppender (LogUtils.java:warn(122)) - omNode-1@group-523986131536->omNode-3-AppendLogResponseHandler: Failed appendEntries: org.apache.ratis.thirdparty.io.grpc.StatusRuntimeException: UNAVAILABLE: io exception
2022-10-04 13:27:46,758 [grpc-default-executor-3] INFO  leader.FollowerInfo (FollowerInfoImpl.java:lambda$new$0(48)) - omNode-1@group-523986131536->omNode-3: nextIndex: updateUnconditionally 326 -> 45
2022-10-04 13:27:46,760 [grpc-default-executor-3] WARN  server.GrpcLogAppender (LogUtils.java:warn(122)) - omNode-1@group-523986131536->omNode-3-AppendLogResponseHandler: Failed appendEntries: org.apache.ratis.thirdparty.io.grpc.StatusRuntimeException: UNAVAILABLE: io exception
2022-10-04 13:27:46,761 [grpc-default-executor-3] INFO  leader.FollowerInfo (FollowerInfoImpl.java:lambda$new$0(48)) - omNode-1@group-523986131536->omNode-3: nextIndex: updateUnconditionally 327 -> 45
2022-10-04 13:27:46,779 [grpc-default-executor-5] WARN  server.GrpcLogAppender (LogUtils.java:warn(122)) - omNode-1@group-523986131536->omNode-3-AppendLogResponseHandler: Failed appendEntries: org.apache.ratis.thirdparty.io.grpc.StatusRuntimeException: UNAVAILABLE: io exception
2022-10-04 13:27:46,780 [grpc-default-executor-5] INFO  leader.FollowerInfo (FollowerInfoImpl.java:lambda$new$0(48)) - omNode-1@group-523986131536->omNode-3: nextIndex: updateUnconditionally 327 -> 45
2022-10-04 13:27:46,782 [grpc-default-executor-5] WARN  server.GrpcLogAppender (LogUtils.java:warn(122)) - omNode-1@group-523986131536->omNode-3-AppendLogResponseHandler: Failed appendEntries: org.apache.ratis.thirdparty.io.grpc.StatusRuntimeException: UNAVAILABLE: io exception
2022-10-04 13:27:46,782 [grpc-default-executor-5] INFO  leader.FollowerInfo (FollowerInfoImpl.java:lambda$new$0(48)) - omNode-1@group-523986131536->omNode-3: nextIndex: updateUnconditionally 327 -> 45
2022-10-04 13:27:46,787 [grpc-default-executor-3] WARN  server.GrpcLogAppender (LogUtils.java:warn(122)) - omNode-1@group-523986131536->omNode-3-AppendLogResponseHandler: Failed appendEntries: org.apache.ratis.thirdparty.io.grpc.StatusRuntimeException: UNAVAILABLE: io exception
2022-10-04 13:27:46,787 [grpc-default-executor-3] INFO  leader.FollowerInfo (FollowerInfoImpl.java:lambda$new$0(48)) - omNode-1@group-523986131536->omNode-3: nextIndex: updateUnconditionally 328 -> 45
2022-10-04 13:27:46,796 [grpc-default-executor-5] WARN  server.GrpcLogAppender (LogUtils.java:warn(122)) - omNode-1@group-523986131536->omNode-3-AppendLogResponseHandler: Failed appendEntries: org.apache.ratis.thirdparty.io.grpc.StatusRuntimeException: UNAVAILABLE: io exception
2022-10-04 13:27:46,797 [grpc-default-executor-5] INFO  leader.FollowerInfo (FollowerInfoImpl.java:lambda$new$0(48)) - omNode-1@group-523986131536->omNode-3: nextIndex: updateUnconditionally 328 -> 45
2022-10-04 13:27:46,803 [grpc-default-executor-3] WARN  server.GrpcLogAppender (LogUtils.java:warn(122)) - omNode-1@group-523986131536->omNode-3-AppendLogResponseHandler: Failed appendEntries: org.apache.ratis.thirdparty.io.grpc.StatusRuntimeException: UNAVAILABLE: io exception
2022-10-04 13:27:46,804 [grpc-default-executor-3] INFO  leader.FollowerInfo (FollowerInfoImpl.java:lambda$new$0(48)) - omNode-1@group-523986131536->omNode-3: nextIndex: updateUnconditionally 329 -> 45
2022-10-04 13:27:46,805 [grpc-default-executor-3] WARN  server.GrpcLogAppender (LogUtils.java:warn(122)) - omNode-1@group-523986131536->omNode-3-AppendLogResponseHandler: Failed appendEntries: org.apache.ratis.thirdparty.io.grpc.StatusRuntimeException: UNAVAILABLE: io exception
2022-10-04 13:27:46,805 [grpc-default-executor-3] INFO  leader.FollowerInfo (FollowerInfoImpl.java:lambda$new$0(48)) - omNode-1@group-523986131536->omNode-3: nextIndex: updateUnconditionally 330 -> 45
2022-10-04 13:27:46,816 [grpc-default-executor-3] WARN  server.GrpcLogAppender (LogUtils.java:warn(122)) - omNode-1@group-523986131536->omNode-3-AppendLogResponseHandler: Failed appendEntries: org.apache.ratis.thirdparty.io.grpc.StatusRuntimeException: UNAVAILABLE: io exception
2022-10-04 13:27:46,817 [grpc-default-executor-3] INFO  leader.FollowerInfo (FollowerInfoImpl.java:lambda$new$0(48)) - omNode-1@group-523986131536->omNode-3: nextIndex: updateUnconditionally 330 -> 45
2022-10-04 13:27:46,818 [grpc-default-executor-3] WARN  server.GrpcLogAppender (LogUtils.java:warn(122)) - omNode-1@group-523986131536->omNode-3-AppendLogResponseHandler: Failed appendEntries: org.apache.ratis.thirdparty.io.grpc.StatusRuntimeException: UNAVAILABLE: io exception
2022-10-04 13:27:46,818 [grpc-default-executor-3] INFO  leader.FollowerInfo (FollowerInfoImpl.java:lambda$new$0(48)) - omNode-1@group-523986131536->omNode-3: nextIndex: updateUnconditionally 330 -> 45
2022-10-04 13:27:46,827 [grpc-default-executor-5] WARN  server.GrpcLogAppender (LogUtils.java:warn(122)) - omNode-1@group-523986131536->omNode-3-AppendLogResponseHandler: Failed appendEntries: org.apache.ratis.thirdparty.io.grpc.StatusRuntimeException: UNAVAILABLE: io exception
2022-10-04 13:27:46,827 [grpc-default-executor-5] INFO  leader.FollowerInfo (FollowerInfoImpl.java:lambda$new$0(48)) - omNode-1@group-523986131536->omNode-3: nextIndex: updateUnconditionally 331 -> 45
2022-10-04 13:27:46,835 [grpc-default-executor-5] WARN  server.GrpcLogAppender (LogUtils.java:warn(122)) - omNode-1@group-523986131536->omNode-3-AppendLogResponseHandler: Failed appendEntries: org.apache.ratis.thirdparty.io.grpc.StatusRuntimeException: UNAVAILABLE: io exception
2022-10-04 13:27:46,835 [grpc-default-executor-5] INFO  leader.FollowerInfo (FollowerInfoImpl.java:lambda$new$0(48)) - omNode-1@group-523986131536->omNode-3: nextIndex: updateUnconditionally 331 -> 45
2022-10-04 13:27:46,838 [grpc-default-executor-4] WARN  server.GrpcLogAppender (LogUtils.java:warn(122)) - omNode-1@group-523986131536->omNode-3-AppendLogResponseHandler: Failed appendEntries: org.apache.ratis.thirdparty.io.grpc.StatusRuntimeException: UNAVAILABLE: io exception
2022-10-04 13:27:46,838 [grpc-default-executor-4] INFO  leader.FollowerInfo (FollowerInfoImpl.java:lambda$new$0(48)) - omNode-1@group-523986131536->omNode-3: nextIndex: updateUnconditionally 331 -> 45
2022-10-04 13:27:46,853 [grpc-default-executor-3] WARN  server.GrpcLogAppender (LogUtils.java:warn(122)) - omNode-1@group-523986131536->omNode-3-AppendLogResponseHandler: Failed appendEntries: org.apache.ratis.thirdparty.io.grpc.StatusRuntimeException: UNAVAILABLE: io exception
2022-10-04 13:27:46,853 [grpc-default-executor-3] INFO  leader.FollowerInfo (FollowerInfoImpl.java:lambda$new$0(48)) - omNode-1@group-523986131536->omNode-3: nextIndex: updateUnconditionally 332 -> 45
2022-10-04 13:27:46,864 [grpc-default-executor-4] WARN  server.GrpcLogAppender (LogUtils.java:warn(122)) - omNode-1@group-523986131536->omNode-3-AppendLogResponseHandler: Failed appendEntries: org.apache.ratis.thirdparty.io.grpc.StatusRuntimeException: UNAVAILABLE: io exception
2022-10-04 13:27:46,864 [grpc-default-executor-4] INFO  leader.FollowerInfo (FollowerInfoImpl.java:lambda$new$0(48)) - omNode-1@group-523986131536->omNode-3: nextIndex: updateUnconditionally 332 -> 45
2022-10-04 13:27:46,868 [grpc-default-executor-3] WARN  server.GrpcLogAppender (LogUtils.java:warn(122)) - omNode-1@group-523986131536->omNode-3-AppendLogResponseHandler: Failed appendEntries: org.apache.ratis.thirdparty.io.grpc.StatusRuntimeException: UNAVAILABLE: io exception
2022-10-04 13:27:46,868 [grpc-default-executor-3] INFO  leader.FollowerInfo (FollowerInfoImpl.java:lambda$new$0(48)) - omNode-1@group-523986131536->omNode-3: nextIndex: updateUnconditionally 333 -> 45
2022-10-04 13:27:46,870 [grpc-default-executor-4] WARN  server.GrpcLogAppender (LogUtils.java:warn(122)) - omNode-1@group-523986131536->omNode-3-AppendLogResponseHandler: Failed appendEntries: org.apache.ratis.thirdparty.io.grpc.StatusRuntimeException: UNAVAILABLE: io exception
2022-10-04 13:27:46,870 [grpc-default-executor-4] INFO  leader.FollowerInfo (FollowerInfoImpl.java:lambda$new$0(48)) - omNode-1@group-523986131536->omNode-3: nextIndex: updateUnconditionally 334 -> 45
2022-10-04 13:27:46,879 [grpc-default-executor-4] WARN  server.GrpcLogAppender (LogUtils.java:warn(122)) - omNode-1@group-523986131536->omNode-3-AppendLogResponseHandler: Failed appendEntries: org.apache.ratis.thirdparty.io.grpc.StatusRuntimeException: UNAVAILABLE: io exception
2022-10-04 13:27:46,879 [grpc-default-executor-4] INFO  leader.FollowerInfo (FollowerInfoImpl.java:lambda$new$0(48)) - omNode-1@group-523986131536->omNode-3: nextIndex: updateUnconditionally 334 -> 45
2022-10-04 13:27:46,880 [grpc-default-executor-4] WARN  server.GrpcLogAppender (LogUtils.java:warn(122)) - omNode-1@group-523986131536->omNode-3-AppendLogResponseHandler: Failed appendEntries: org.apache.ratis.thirdparty.io.grpc.StatusRuntimeException: UNAVAILABLE: io exception
2022-10-04 13:27:46,880 [grpc-default-executor-4] INFO  leader.FollowerInfo (FollowerInfoImpl.java:lambda$new$0(48)) - omNode-1@group-523986131536->omNode-3: nextIndex: updateUnconditionally 334 -> 45
2022-10-04 13:27:46,886 [grpc-default-executor-4] WARN  server.GrpcLogAppender (LogUtils.java:warn(122)) - omNode-1@group-523986131536->omNode-3-AppendLogResponseHandler: Failed appendEntries: org.apache.ratis.thirdparty.io.grpc.StatusRuntimeException: UNAVAILABLE: io exception
2022-10-04 13:27:46,886 [grpc-default-executor-4] INFO  leader.FollowerInfo (FollowerInfoImpl.java:lambda$new$0(48)) - omNode-1@group-523986131536->omNode-3: nextIndex: updateUnconditionally 335 -> 45
2022-10-04 13:27:46,911 [grpc-default-executor-3] WARN  server.GrpcLogAppender (LogUtils.java:warn(122)) - omNode-1@group-523986131536->omNode-3-AppendLogResponseHandler: Failed appendEntries: org.apache.ratis.thirdparty.io.grpc.StatusRuntimeException: UNAVAILABLE: io exception
2022-10-04 13:27:46,911 [grpc-default-executor-3] INFO  leader.FollowerInfo (FollowerInfoImpl.java:lambda$new$0(48)) - omNode-1@group-523986131536->omNode-3: nextIndex: updateUnconditionally 335 -> 45
2022-10-04 13:27:46,912 [grpc-default-executor-3] WARN  server.GrpcLogAppender (LogUtils.java:warn(122)) - omNode-1@group-523986131536->omNode-3-AppendLogResponseHandler: Failed appendEntries: org.apache.ratis.thirdparty.io.grpc.StatusRuntimeException: UNAVAILABLE: io exception
2022-10-04 13:27:46,913 [grpc-default-executor-3] INFO  leader.FollowerInfo (FollowerInfoImpl.java:lambda$new$0(48)) - omNode-1@group-523986131536->omNode-3: nextIndex: updateUnconditionally 335 -> 45
2022-10-04 13:27:46,917 [grpc-default-executor-4] WARN  server.GrpcLogAppender (LogUtils.java:warn(122)) - omNode-1@group-523986131536->omNode-3-AppendLogResponseHandler: Failed appendEntries: org.apache.ratis.thirdparty.io.grpc.StatusRuntimeException: UNAVAILABLE: io exception
2022-10-04 13:27:46,918 [grpc-default-executor-4] INFO  leader.FollowerInfo (FollowerInfoImpl.java:lambda$new$0(48)) - omNode-1@group-523986131536->omNode-3: nextIndex: updateUnconditionally 336 -> 45
2022-10-04 13:27:46,924 [grpc-default-executor-4] WARN  server.GrpcLogAppender (LogUtils.java:warn(122)) - omNode-1@group-523986131536->omNode-3-AppendLogResponseHandler: Failed appendEntries: org.apache.ratis.thirdparty.io.grpc.StatusRuntimeException: UNAVAILABLE: io exception
2022-10-04 13:27:46,924 [grpc-default-executor-4] INFO  leader.FollowerInfo (FollowerInfoImpl.java:lambda$new$0(48)) - omNode-1@group-523986131536->omNode-3: nextIndex: updateUnconditionally 336 -> 45
2022-10-04 13:27:46,928 [grpc-default-executor-4] WARN  server.GrpcLogAppender (LogUtils.java:warn(122)) - omNode-1@group-523986131536->omNode-3-AppendLogResponseHandler: Failed appendEntries: org.apache.ratis.thirdparty.io.grpc.StatusRuntimeException: UNAVAILABLE: io exception
2022-10-04 13:27:46,928 [grpc-default-executor-4] INFO  leader.FollowerInfo (FollowerInfoImpl.java:lambda$new$0(48)) - omNode-1@group-523986131536->omNode-3: nextIndex: updateUnconditionally 337 -> 45
2022-10-04 13:27:46,931 [grpc-default-executor-4] WARN  server.GrpcLogAppender (LogUtils.java:warn(122)) - omNode-1@group-523986131536->omNode-3-AppendLogResponseHandler: Failed appendEntries: org.apache.ratis.thirdparty.io.grpc.StatusRuntimeException: UNAVAILABLE: io exception
2022-10-04 13:27:46,932 [grpc-default-executor-4] INFO  leader.FollowerInfo (FollowerInfoImpl.java:lambda$new$0(48)) - omNode-1@group-523986131536->omNode-3: nextIndex: updateUnconditionally 338 -> 45
2022-10-04 13:27:46,940 [grpc-default-executor-4] WARN  server.GrpcLogAppender (LogUtils.java:warn(122)) - omNode-1@group-523986131536->omNode-3-AppendLogResponseHandler: Failed appendEntries: org.apache.ratis.thirdparty.io.grpc.StatusRuntimeException: UNAVAILABLE: io exception
2022-10-04 13:27:46,941 [grpc-default-executor-4] INFO  leader.FollowerInfo (FollowerInfoImpl.java:lambda$new$0(48)) - omNode-1@group-523986131536->omNode-3: nextIndex: updateUnconditionally 338 -> 45
2022-10-04 13:27:46,946 [grpc-default-executor-4] WARN  server.GrpcLogAppender (LogUtils.java:warn(122)) - omNode-1@group-523986131536->omNode-3-AppendLogResponseHandler: Failed appendEntries: org.apache.ratis.thirdparty.io.grpc.StatusRuntimeException: UNAVAILABLE: io exception
2022-10-04 13:27:46,946 [grpc-default-executor-4] INFO  leader.FollowerInfo (FollowerInfoImpl.java:lambda$new$0(48)) - omNode-1@group-523986131536->omNode-3: nextIndex: updateUnconditionally 338 -> 45
2022-10-04 13:27:46,947 [grpc-default-executor-4] WARN  server.GrpcLogAppender (LogUtils.java:warn(122)) - omNode-1@group-523986131536->omNode-3-AppendLogResponseHandler: Failed appendEntries: org.apache.ratis.thirdparty.io.grpc.StatusRuntimeException: UNAVAILABLE: io exception
2022-10-04 13:27:46,947 [grpc-default-executor-4] INFO  leader.FollowerInfo (FollowerInfoImpl.java:lambda$new$0(48)) - omNode-1@group-523986131536->omNode-3: nextIndex: updateUnconditionally 338 -> 45
2022-10-04 13:27:46,959 [grpc-default-executor-4] WARN  server.GrpcLogAppender (LogUtils.java:warn(122)) - omNode-1@group-523986131536->omNode-3-AppendLogResponseHandler: Failed appendEntries: org.apache.ratis.thirdparty.io.grpc.StatusRuntimeException: UNAVAILABLE: io exception
2022-10-04 13:27:46,959 [grpc-default-executor-4] INFO  leader.FollowerInfo (FollowerInfoImpl.java:lambda$new$0(48)) - omNode-1@group-523986131536->omNode-3: nextIndex: updateUnconditionally 339 -> 45
2022-10-04 13:27:46,976 [grpc-default-executor-4] WARN  server.GrpcLogAppender (LogUtils.java:warn(122)) - omNode-1@group-523986131536->omNode-3-AppendLogResponseHandler: Failed appendEntries: org.apache.ratis.thirdparty.io.grpc.StatusRuntimeException: UNAVAILABLE: io exception
2022-10-04 13:27:46,976 [grpc-default-executor-4] INFO  leader.FollowerInfo (FollowerInfoImpl.java:lambda$new$0(48)) - omNode-1@group-523986131536->omNode-3: nextIndex: updateUnconditionally 340 -> 45
2022-10-04 13:27:46,978 [grpc-default-executor-3] WARN  server.GrpcLogAppender (LogUtils.java:warn(122)) - omNode-1@group-523986131536->omNode-3-AppendLogResponseHandler: Failed appendEntries: org.apache.ratis.thirdparty.io.grpc.StatusRuntimeException: UNAVAILABLE: io exception
2022-10-04 13:27:46,978 [grpc-default-executor-3] INFO  leader.FollowerInfo (FollowerInfoImpl.java:lambda$new$0(48)) - omNode-1@group-523986131536->omNode-3: nextIndex: updateUnconditionally 340 -> 45
2022-10-04 13:27:46,989 [grpc-default-executor-4] WARN  server.GrpcLogAppender (LogUtils.java:warn(122)) - omNode-1@group-523986131536->omNode-3-AppendLogResponseHandler: Failed appendEntries: org.apache.ratis.thirdparty.io.grpc.StatusRuntimeException: UNAVAILABLE: io exception
2022-10-04 13:27:46,989 [grpc-default-executor-4] INFO  leader.FollowerInfo (FollowerInfoImpl.java:lambda$new$0(48)) - omNode-1@group-523986131536->omNode-3: nextIndex: updateUnconditionally 341 -> 45
2022-10-04 13:27:46,994 [grpc-default-executor-4] WARN  server.GrpcLogAppender (LogUtils.java:warn(122)) - omNode-1@group-523986131536->omNode-3-AppendLogResponseHandler: Failed appendEntries: org.apache.ratis.thirdparty.io.grpc.StatusRuntimeException: UNAVAILABLE: io exception
2022-10-04 13:27:46,994 [grpc-default-executor-4] INFO  leader.FollowerInfo (FollowerInfoImpl.java:lambda$new$0(48)) - omNode-1@group-523986131536->omNode-3: nextIndex: updateUnconditionally 342 -> 45
2022-10-04 13:27:46,996 [grpc-default-executor-4] WARN  server.GrpcLogAppender (LogUtils.java:warn(122)) - omNode-1@group-523986131536->omNode-3-AppendLogResponseHandler: Failed appendEntries: org.apache.ratis.thirdparty.io.grpc.StatusRuntimeException: UNAVAILABLE: io exception
2022-10-04 13:27:46,996 [grpc-default-executor-4] INFO  leader.FollowerInfo (FollowerInfoImpl.java:lambda$new$0(48)) - omNode-1@group-523986131536->omNode-3: nextIndex: updateUnconditionally 342 -> 45
2022-10-04 13:27:47,010 [grpc-default-executor-4] WARN  server.GrpcLogAppender (LogUtils.java:warn(122)) - omNode-1@group-523986131536->omNode-3-AppendLogResponseHandler: Failed appendEntries: org.apache.ratis.thirdparty.io.grpc.StatusRuntimeException: UNAVAILABLE: io exception
2022-10-04 13:27:47,010 [grpc-default-executor-4] INFO  leader.FollowerInfo (FollowerInfoImpl.java:lambda$new$0(48)) - omNode-1@group-523986131536->omNode-3: nextIndex: updateUnconditionally 343 -> 45
2022-10-04 13:27:47,023 [grpc-default-executor-3] WARN  server.GrpcLogAppender (LogUtils.java:warn(122)) - omNode-1@group-523986131536->omNode-3-AppendLogResponseHandler: Failed appendEntries: org.apache.ratis.thirdparty.io.grpc.StatusRuntimeException: UNAVAILABLE: io exception
2022-10-04 13:27:47,024 [grpc-default-executor-3] INFO  leader.FollowerInfo (FollowerInfoImpl.java:lambda$new$0(48)) - omNode-1@group-523986131536->omNode-3: nextIndex: updateUnconditionally 343 -> 45
2022-10-04 13:27:47,025 [grpc-default-executor-3] WARN  server.GrpcLogAppender (LogUtils.java:warn(122)) - omNode-1@group-523986131536->omNode-3-AppendLogResponseHandler: Failed appendEntries: org.apache.ratis.thirdparty.io.grpc.StatusRuntimeException: UNAVAILABLE: io exception
2022-10-04 13:27:47,025 [grpc-default-executor-3] INFO  leader.FollowerInfo (FollowerInfoImpl.java:lambda$new$0(48)) - omNode-1@group-523986131536->omNode-3: nextIndex: updateUnconditionally 343 -> 45
2022-10-04 13:27:47,037 [grpc-default-executor-4] WARN  server.GrpcLogAppender (LogUtils.java:warn(122)) - omNode-1@group-523986131536->omNode-3-AppendLogResponseHandler: Failed appendEntries: org.apache.ratis.thirdparty.io.grpc.StatusRuntimeException: UNAVAILABLE: io exception
2022-10-04 13:27:47,037 [grpc-default-executor-4] INFO  leader.FollowerInfo (FollowerInfoImpl.java:lambda$new$0(48)) - omNode-1@group-523986131536->omNode-3: nextIndex: updateUnconditionally 344 -> 45
2022-10-04 13:27:47,046 [grpc-default-executor-4] WARN  server.GrpcLogAppender (LogUtils.java:warn(122)) - omNode-1@group-523986131536->omNode-3-AppendLogResponseHandler: Failed appendEntries: org.apache.ratis.thirdparty.io.grpc.StatusRuntimeException: UNAVAILABLE: io exception
2022-10-04 13:27:47,046 [grpc-default-executor-4] INFO  leader.FollowerInfo (FollowerInfoImpl.java:lambda$new$0(48)) - omNode-1@group-523986131536->omNode-3: nextIndex: updateUnconditionally 344 -> 45
2022-10-04 13:27:47,048 [grpc-default-executor-3] WARN  server.GrpcLogAppender (LogUtils.java:warn(122)) - omNode-1@group-523986131536->omNode-3-AppendLogResponseHandler: Failed appendEntries: org.apache.ratis.thirdparty.io.grpc.StatusRuntimeException: UNAVAILABLE: io exception
2022-10-04 13:27:47,048 [grpc-default-executor-3] INFO  leader.FollowerInfo (FollowerInfoImpl.java:lambda$new$0(48)) - omNode-1@group-523986131536->omNode-3: nextIndex: updateUnconditionally 345 -> 45
2022-10-04 13:27:47,054 [grpc-default-executor-4] WARN  server.GrpcLogAppender (LogUtils.java:warn(122)) - omNode-1@group-523986131536->omNode-3-AppendLogResponseHandler: Failed appendEntries: org.apache.ratis.thirdparty.io.grpc.StatusRuntimeException: UNAVAILABLE: io exception
2022-10-04 13:27:47,054 [grpc-default-executor-4] INFO  leader.FollowerInfo (FollowerInfoImpl.java:lambda$new$0(48)) - omNode-1@group-523986131536->omNode-3: nextIndex: updateUnconditionally 346 -> 45
2022-10-04 13:27:47,074 [grpc-default-executor-4] WARN  server.GrpcLogAppender (LogUtils.java:warn(122)) - omNode-1@group-523986131536->omNode-3-AppendLogResponseHandler: Failed appendEntries: org.apache.ratis.thirdparty.io.grpc.StatusRuntimeException: UNAVAILABLE: io exception
2022-10-04 13:27:47,074 [grpc-default-executor-4] INFO  leader.FollowerInfo (FollowerInfoImpl.java:lambda$new$0(48)) - omNode-1@group-523986131536->omNode-3: nextIndex: updateUnconditionally 346 -> 45
2022-10-04 13:27:47,075 [grpc-default-executor-4] WARN  server.GrpcLogAppender (LogUtils.java:warn(122)) - omNode-1@group-523986131536->omNode-3-AppendLogResponseHandler: Failed appendEntries: org.apache.ratis.thirdparty.io.grpc.StatusRuntimeException: UNAVAILABLE: io exception
2022-10-04 13:27:47,075 [grpc-default-executor-4] INFO  leader.FollowerInfo (FollowerInfoImpl.java:lambda$new$0(48)) - omNode-1@group-523986131536->omNode-3: nextIndex: updateUnconditionally 346 -> 45
2022-10-04 13:27:47,082 [grpc-default-executor-4] WARN  server.GrpcLogAppender (LogUtils.java:warn(122)) - omNode-1@group-523986131536->omNode-3-AppendLogResponseHandler: Failed appendEntries: org.apache.ratis.thirdparty.io.grpc.StatusRuntimeException: UNAVAILABLE: io exception
2022-10-04 13:27:47,082 [grpc-default-executor-4] INFO  leader.FollowerInfo (FollowerInfoImpl.java:lambda$new$0(48)) - omNode-1@group-523986131536->omNode-3: nextIndex: updateUnconditionally 347 -> 45
2022-10-04 13:27:47,105 [grpc-default-executor-3] WARN  server.GrpcLogAppender (LogUtils.java:warn(122)) - omNode-1@group-523986131536->omNode-3-AppendLogResponseHandler: Failed appendEntries: org.apache.ratis.thirdparty.io.grpc.StatusRuntimeException: UNAVAILABLE: io exception
2022-10-04 13:27:47,105 [grpc-default-executor-3] INFO  leader.FollowerInfo (FollowerInfoImpl.java:lambda$new$0(48)) - omNode-1@group-523986131536->omNode-3: nextIndex: updateUnconditionally 347 -> 45
2022-10-04 13:27:47,106 [grpc-default-executor-3] WARN  server.GrpcLogAppender (LogUtils.java:warn(122)) - omNode-1@group-523986131536->omNode-3-AppendLogResponseHandler: Failed appendEntries: org.apache.ratis.thirdparty.io.grpc.StatusRuntimeException: UNAVAILABLE: io exception
2022-10-04 13:27:47,106 [grpc-default-executor-3] INFO  leader.FollowerInfo (FollowerInfoImpl.java:lambda$new$0(48)) - omNode-1@group-523986131536->omNode-3: nextIndex: updateUnconditionally 347 -> 45
2022-10-04 13:27:47,117 [grpc-default-executor-3] WARN  server.GrpcLogAppender (LogUtils.java:warn(122)) - omNode-1@group-523986131536->omNode-3-AppendLogResponseHandler: Failed appendEntries: org.apache.ratis.thirdparty.io.grpc.StatusRuntimeException: UNAVAILABLE: io exception
2022-10-04 13:27:47,118 [grpc-default-executor-3] INFO  leader.FollowerInfo (FollowerInfoImpl.java:lambda$new$0(48)) - omNode-1@group-523986131536->omNode-3: nextIndex: updateUnconditionally 348 -> 45
2022-10-04 13:27:47,127 [grpc-default-executor-3] WARN  server.GrpcLogAppender (LogUtils.java:warn(122)) - omNode-1@group-523986131536->omNode-3-AppendLogResponseHandler: Failed appendEntries: org.apache.ratis.thirdparty.io.grpc.StatusRuntimeException: UNAVAILABLE: io exception
2022-10-04 13:27:47,127 [grpc-default-executor-3] INFO  leader.FollowerInfo (FollowerInfoImpl.java:lambda$new$0(48)) - omNode-1@group-523986131536->omNode-3: nextIndex: updateUnconditionally 348 -> 45
2022-10-04 13:27:47,130 [grpc-default-executor-3] WARN  server.GrpcLogAppender (LogUtils.java:warn(122)) - omNode-1@group-523986131536->omNode-3-AppendLogResponseHandler: Failed appendEntries: org.apache.ratis.thirdparty.io.grpc.StatusRuntimeException: UNAVAILABLE: io exception
2022-10-04 13:27:47,130 [grpc-default-executor-3] INFO  leader.FollowerInfo (FollowerInfoImpl.java:lambda$new$0(48)) - omNode-1@group-523986131536->omNode-3: nextIndex: updateUnconditionally 350 -> 45
2022-10-04 13:27:47,139 [grpc-default-executor-3] WARN  server.GrpcLogAppender (LogUtils.java:warn(122)) - omNode-1@group-523986131536->omNode-3-AppendLogResponseHandler: Failed appendEntries: org.apache.ratis.thirdparty.io.grpc.StatusRuntimeException: UNAVAILABLE: io exception
2022-10-04 13:27:47,141 [grpc-default-executor-3] INFO  leader.FollowerInfo (FollowerInfoImpl.java:lambda$new$0(48)) - omNode-1@group-523986131536->omNode-3: nextIndex: updateUnconditionally 350 -> 45
2022-10-04 13:27:47,154 [grpc-default-executor-4] WARN  server.GrpcLogAppender (LogUtils.java:warn(122)) - omNode-1@group-523986131536->omNode-3-AppendLogResponseHandler: Failed appendEntries: org.apache.ratis.thirdparty.io.grpc.StatusRuntimeException: UNAVAILABLE: io exception
2022-10-04 13:27:47,154 [grpc-default-executor-4] INFO  leader.FollowerInfo (FollowerInfoImpl.java:lambda$new$0(48)) - omNode-1@group-523986131536->omNode-3: nextIndex: updateUnconditionally 351 -> 45
2022-10-04 13:27:47,175 [omNode-1@group-523986131536-StateMachineUpdater] INFO  ratis.OzoneManagerStateMachine (OzoneManagerStateMachine.java:takeSnapshot(441)) - Current Snapshot Index (t:2, i:350)
2022-10-04 13:27:47,175 [omNode-1@group-523986131536-StateMachineUpdater] INFO  impl.StateMachineUpdater (StateMachineUpdater.java:takeSnapshot(287)) - omNode-1@group-523986131536-StateMachineUpdater: Took a snapshot at index 350
2022-10-04 13:27:47,175 [omNode-1@group-523986131536-StateMachineUpdater] INFO  impl.StateMachineUpdater (StateMachineUpdater.java:lambda$new$0(92)) - omNode-1@group-523986131536-StateMachineUpdater: snapshotIndex: updateIncreasingly 300 -> 350
2022-10-04 13:27:47,175 [omNode-1@group-523986131536-StateMachineUpdater] INFO  raftlog.RaftLog (RaftLogBase.java:purge(308)) - omNode-1@group-523986131536-SegmentedRaftLog: purge 350
2022-10-04 13:27:47,176 [omNode-1@group-523986131536-StateMachineUpdater] INFO  raftlog.RaftLog (RaftLogBase.java:lambda$new$0(53)) - omNode-1@group-523986131536-SegmentedRaftLog: snapshotIndex: updateIncreasingly 300 -> 350
2022-10-04 13:27:47,176 [omNode-1@group-523986131536-StateMachineUpdater] INFO  raftlog.RaftLog (RaftLogBase.java:lambda$new$0(53)) - omNode-1@group-523986131536-SegmentedRaftLog: purgeIndex: updateToMax old=300, new=350, updated? true
2022-10-04 13:27:47,176 [grpc-default-executor-4] WARN  server.GrpcLogAppender (LogUtils.java:warn(122)) - omNode-1@group-523986131536->omNode-3-AppendLogResponseHandler: Failed appendEntries: org.apache.ratis.thirdparty.io.grpc.StatusRuntimeException: UNAVAILABLE: io exception
2022-10-04 13:27:47,176 [grpc-default-executor-4] INFO  leader.FollowerInfo (FollowerInfoImpl.java:lambda$new$0(48)) - omNode-1@group-523986131536->omNode-3: nextIndex: updateUnconditionally 351 -> 45
2022-10-04 13:27:47,179 [grpc-default-executor-3] WARN  server.GrpcLogAppender (LogUtils.java:warn(122)) - omNode-1@group-523986131536->omNode-3-AppendLogResponseHandler: Failed appendEntries: org.apache.ratis.thirdparty.io.grpc.StatusRuntimeException: UNAVAILABLE: io exception
2022-10-04 13:27:47,179 [grpc-default-executor-3] INFO  leader.FollowerInfo (FollowerInfoImpl.java:lambda$new$0(48)) - omNode-1@group-523986131536->omNode-3: nextIndex: updateUnconditionally 352 -> 45
2022-10-04 13:27:47,185 [grpc-default-executor-4] WARN  server.GrpcLogAppender (LogUtils.java:warn(122)) - omNode-1@group-523986131536->omNode-3-AppendLogResponseHandler: Failed appendEntries: org.apache.ratis.thirdparty.io.grpc.StatusRuntimeException: UNAVAILABLE: io exception
2022-10-04 13:27:47,185 [grpc-default-executor-4] INFO  leader.FollowerInfo (FollowerInfoImpl.java:lambda$new$0(48)) - omNode-1@group-523986131536->omNode-3: nextIndex: updateUnconditionally 352 -> 45
2022-10-04 13:27:47,188 [grpc-default-executor-4] WARN  server.GrpcLogAppender (LogUtils.java:warn(122)) - omNode-1@group-523986131536->omNode-3-AppendLogResponseHandler: Failed appendEntries: org.apache.ratis.thirdparty.io.grpc.StatusRuntimeException: UNAVAILABLE: io exception
2022-10-04 13:27:47,188 [grpc-default-executor-4] INFO  leader.FollowerInfo (FollowerInfoImpl.java:lambda$new$0(48)) - omNode-1@group-523986131536->omNode-3: nextIndex: updateUnconditionally 354 -> 45
2022-10-04 13:27:47,191 [grpc-default-executor-4] WARN  server.GrpcLogAppender (LogUtils.java:warn(122)) - omNode-1@group-523986131536->omNode-3-AppendLogResponseHandler: Failed appendEntries: org.apache.ratis.thirdparty.io.grpc.StatusRuntimeException: UNAVAILABLE: io exception
2022-10-04 13:27:47,191 [grpc-default-executor-4] INFO  leader.FollowerInfo (FollowerInfoImpl.java:lambda$new$0(48)) - omNode-1@group-523986131536->omNode-3: nextIndex: updateUnconditionally 354 -> 45
2022-10-04 13:27:47,199 [grpc-default-executor-4] WARN  server.GrpcLogAppender (LogUtils.java:warn(122)) - omNode-1@group-523986131536->omNode-3-AppendLogResponseHandler: Failed appendEntries: org.apache.ratis.thirdparty.io.grpc.StatusRuntimeException: UNAVAILABLE: io exception
2022-10-04 13:27:47,200 [grpc-default-executor-4] INFO  leader.FollowerInfo (FollowerInfoImpl.java:lambda$new$0(48)) - omNode-1@group-523986131536->omNode-3: nextIndex: updateUnconditionally 354 -> 45
2022-10-04 13:27:47,202 [grpc-default-executor-4] WARN  server.GrpcLogAppender (LogUtils.java:warn(122)) - omNode-1@group-523986131536->omNode-3-AppendLogResponseHandler: Failed appendEntries: org.apache.ratis.thirdparty.io.grpc.StatusRuntimeException: UNAVAILABLE: io exception
2022-10-04 13:27:47,202 [grpc-default-executor-4] INFO  leader.FollowerInfo (FollowerInfoImpl.java:lambda$new$0(48)) - omNode-1@group-523986131536->omNode-3: nextIndex: updateUnconditionally 355 -> 45
2022-10-04 13:27:47,218 [grpc-default-executor-4] WARN  server.GrpcLogAppender (LogUtils.java:warn(122)) - omNode-1@group-523986131536->omNode-3-AppendLogResponseHandler: Failed appendEntries: org.apache.ratis.thirdparty.io.grpc.StatusRuntimeException: UNAVAILABLE: io exception
2022-10-04 13:27:47,218 [grpc-default-executor-4] INFO  leader.FollowerInfo (FollowerInfoImpl.java:lambda$new$0(48)) - omNode-1@group-523986131536->omNode-3: nextIndex: updateUnconditionally 355 -> 45
2022-10-04 13:27:47,223 [grpc-default-executor-3] WARN  server.GrpcLogAppender (LogUtils.java:warn(122)) - omNode-1@group-523986131536->omNode-3-AppendLogResponseHandler: Failed appendEntries: org.apache.ratis.thirdparty.io.grpc.StatusRuntimeException: UNAVAILABLE: io exception
2022-10-04 13:27:47,224 [grpc-default-executor-3] INFO  leader.FollowerInfo (FollowerInfoImpl.java:lambda$new$0(48)) - omNode-1@group-523986131536->omNode-3: nextIndex: updateUnconditionally 356 -> 45
2022-10-04 13:27:47,234 [grpc-default-executor-4] WARN  server.GrpcLogAppender (LogUtils.java:warn(122)) - omNode-1@group-523986131536->omNode-3-AppendLogResponseHandler: Failed appendEntries: org.apache.ratis.thirdparty.io.grpc.StatusRuntimeException: UNAVAILABLE: io exception
2022-10-04 13:27:47,234 [grpc-default-executor-4] INFO  leader.FollowerInfo (FollowerInfoImpl.java:lambda$new$0(48)) - omNode-1@group-523986131536->omNode-3: nextIndex: updateUnconditionally 356 -> 45
2022-10-04 13:27:47,236 [grpc-default-executor-3] WARN  server.GrpcLogAppender (LogUtils.java:warn(122)) - omNode-1@group-523986131536->omNode-3-AppendLogResponseHandler: Failed appendEntries: org.apache.ratis.thirdparty.io.grpc.StatusRuntimeException: UNAVAILABLE: io exception
2022-10-04 13:27:47,236 [grpc-default-executor-3] INFO  leader.FollowerInfo (FollowerInfoImpl.java:lambda$new$0(48)) - omNode-1@group-523986131536->omNode-3: nextIndex: updateUnconditionally 358 -> 45
2022-10-04 13:27:47,247 [grpc-default-executor-3] WARN  server.GrpcLogAppender (LogUtils.java:warn(122)) - omNode-1@group-523986131536->omNode-3-AppendLogResponseHandler: Failed appendEntries: org.apache.ratis.thirdparty.io.grpc.StatusRuntimeException: UNAVAILABLE: io exception
2022-10-04 13:27:47,247 [grpc-default-executor-3] INFO  leader.FollowerInfo (FollowerInfoImpl.java:lambda$new$0(48)) - omNode-1@group-523986131536->omNode-3: nextIndex: updateUnconditionally 358 -> 45
2022-10-04 13:27:47,252 [grpc-default-executor-3] WARN  server.GrpcLogAppender (LogUtils.java:warn(122)) - omNode-1@group-523986131536->omNode-3-AppendLogResponseHandler: Failed appendEntries: org.apache.ratis.thirdparty.io.grpc.StatusRuntimeException: UNAVAILABLE: io exception
2022-10-04 13:27:47,252 [grpc-default-executor-3] INFO  leader.FollowerInfo (FollowerInfoImpl.java:lambda$new$0(48)) - omNode-1@group-523986131536->omNode-3: nextIndex: updateUnconditionally 359 -> 45
2022-10-04 13:27:47,268 [grpc-default-executor-4] WARN  server.GrpcLogAppender (LogUtils.java:warn(122)) - omNode-1@group-523986131536->omNode-3-AppendLogResponseHandler: Failed appendEntries: org.apache.ratis.thirdparty.io.grpc.StatusRuntimeException: UNAVAILABLE: io exception
2022-10-04 13:27:47,269 [grpc-default-executor-4] INFO  leader.FollowerInfo (FollowerInfoImpl.java:lambda$new$0(48)) - omNode-1@group-523986131536->omNode-3: nextIndex: updateUnconditionally 359 -> 45
2022-10-04 13:27:47,273 [grpc-default-executor-3] WARN  server.GrpcLogAppender (LogUtils.java:warn(122)) - omNode-1@group-523986131536->omNode-3-AppendLogResponseHandler: Failed appendEntries: org.apache.ratis.thirdparty.io.grpc.StatusRuntimeException: UNAVAILABLE: io exception
2022-10-04 13:27:47,274 [grpc-default-executor-3] INFO  leader.FollowerInfo (FollowerInfoImpl.java:lambda$new$0(48)) - omNode-1@group-523986131536->omNode-3: nextIndex: updateUnconditionally 360 -> 45
2022-10-04 13:27:47,292 [grpc-default-executor-4] WARN  server.GrpcLogAppender (LogUtils.java:warn(122)) - omNode-1@group-523986131536->omNode-3-AppendLogResponseHandler: Failed appendEntries: org.apache.ratis.thirdparty.io.grpc.StatusRuntimeException: UNAVAILABLE: io exception
2022-10-04 13:27:47,292 [grpc-default-executor-4] INFO  leader.FollowerInfo (FollowerInfoImpl.java:lambda$new$0(48)) - omNode-1@group-523986131536->omNode-3: nextIndex: updateUnconditionally 360 -> 45
2022-10-04 13:27:47,293 [grpc-default-executor-4] WARN  server.GrpcLogAppender (LogUtils.java:warn(122)) - omNode-1@group-523986131536->omNode-3-AppendLogResponseHandler: Failed appendEntries: org.apache.ratis.thirdparty.io.grpc.StatusRuntimeException: UNAVAILABLE: io exception
2022-10-04 13:27:47,294 [grpc-default-executor-4] INFO  leader.FollowerInfo (FollowerInfoImpl.java:lambda$new$0(48)) - omNode-1@group-523986131536->omNode-3: nextIndex: updateUnconditionally 362 -> 45
2022-10-04 13:27:47,325 [grpc-default-executor-4] WARN  server.GrpcLogAppender (LogUtils.java:warn(122)) - omNode-1@group-523986131536->omNode-3-AppendLogResponseHandler: Failed appendEntries: org.apache.ratis.thirdparty.io.grpc.StatusRuntimeException: UNAVAILABLE: io exception
2022-10-04 13:27:47,326 [grpc-default-executor-4] INFO  leader.FollowerInfo (FollowerInfoImpl.java:lambda$new$0(48)) - omNode-1@group-523986131536->omNode-3: nextIndex: updateUnconditionally 362 -> 45
2022-10-04 13:27:47,327 [grpc-default-executor-4] WARN  server.GrpcLogAppender (LogUtils.java:warn(122)) - omNode-1@group-523986131536->omNode-3-AppendLogResponseHandler: Failed appendEntries: org.apache.ratis.thirdparty.io.grpc.StatusRuntimeException: UNAVAILABLE: io exception
2022-10-04 13:27:47,327 [grpc-default-executor-4] INFO  leader.FollowerInfo (FollowerInfoImpl.java:lambda$new$0(48)) - omNode-1@group-523986131536->omNode-3: nextIndex: updateUnconditionally 362 -> 45
2022-10-04 13:27:47,335 [grpc-default-executor-4] WARN  server.GrpcLogAppender (LogUtils.java:warn(122)) - omNode-1@group-523986131536->omNode-3-AppendLogResponseHandler: Failed appendEntries: org.apache.ratis.thirdparty.io.grpc.StatusRuntimeException: UNAVAILABLE: io exception
2022-10-04 13:27:47,335 [grpc-default-executor-4] INFO  leader.FollowerInfo (FollowerInfoImpl.java:lambda$new$0(48)) - omNode-1@group-523986131536->omNode-3: nextIndex: updateUnconditionally 363 -> 45
2022-10-04 13:27:47,347 [grpc-default-executor-3] WARN  server.GrpcLogAppender (LogUtils.java:warn(122)) - omNode-1@group-523986131536->omNode-3-AppendLogResponseHandler: Failed appendEntries: org.apache.ratis.thirdparty.io.grpc.StatusRuntimeException: UNAVAILABLE: io exception
2022-10-04 13:27:47,347 [grpc-default-executor-3] INFO  leader.FollowerInfo (FollowerInfoImpl.java:lambda$new$0(48)) - omNode-1@group-523986131536->omNode-3: nextIndex: updateUnconditionally 363 -> 45
2022-10-04 13:27:47,348 [grpc-default-executor-3] WARN  server.GrpcLogAppender (LogUtils.java:warn(122)) - omNode-1@group-523986131536->omNode-3-AppendLogResponseHandler: Failed appendEntries: org.apache.ratis.thirdparty.io.grpc.StatusRuntimeException: UNAVAILABLE: io exception
2022-10-04 13:27:47,348 [grpc-default-executor-3] INFO  leader.FollowerInfo (FollowerInfoImpl.java:lambda$new$0(48)) - omNode-1@group-523986131536->omNode-3: nextIndex: updateUnconditionally 363 -> 45
2022-10-04 13:27:47,349 [omNode-2@group-523986131536-StateMachineUpdater] INFO  ratis.OzoneManagerStateMachine (OzoneManagerStateMachine.java:takeSnapshot(441)) - Current Snapshot Index (t:2, i:360)
2022-10-04 13:27:47,349 [omNode-2@group-523986131536-StateMachineUpdater] INFO  impl.StateMachineUpdater (StateMachineUpdater.java:takeSnapshot(287)) - omNode-2@group-523986131536-StateMachineUpdater: Took a snapshot at index 360
2022-10-04 13:27:47,349 [omNode-2@group-523986131536-StateMachineUpdater] INFO  impl.StateMachineUpdater (StateMachineUpdater.java:lambda$new$0(92)) - omNode-2@group-523986131536-StateMachineUpdater: snapshotIndex: updateIncreasingly 309 -> 360
2022-10-04 13:27:47,349 [omNode-2@group-523986131536-StateMachineUpdater] INFO  raftlog.RaftLog (RaftLogBase.java:purge(308)) - omNode-2@group-523986131536-SegmentedRaftLog: purge 360
2022-10-04 13:27:47,349 [omNode-2@group-523986131536-StateMachineUpdater] INFO  raftlog.RaftLog (RaftLogBase.java:lambda$new$0(53)) - omNode-2@group-523986131536-SegmentedRaftLog: snapshotIndex: updateIncreasingly 309 -> 360
2022-10-04 13:27:47,349 [omNode-2@group-523986131536-StateMachineUpdater] INFO  raftlog.RaftLog (RaftLogBase.java:lambda$new$0(53)) - omNode-2@group-523986131536-SegmentedRaftLog: purgeIndex: updateToMax old=309, new=360, updated? true
2022-10-04 13:27:47,355 [grpc-default-executor-4] WARN  server.GrpcLogAppender (LogUtils.java:warn(122)) - omNode-1@group-523986131536->omNode-3-AppendLogResponseHandler: Failed appendEntries: org.apache.ratis.thirdparty.io.grpc.StatusRuntimeException: UNAVAILABLE: io exception
2022-10-04 13:27:47,355 [grpc-default-executor-4] INFO  leader.FollowerInfo (FollowerInfoImpl.java:lambda$new$0(48)) - omNode-1@group-523986131536->omNode-3: nextIndex: updateUnconditionally 364 -> 45
2022-10-04 13:27:47,373 [grpc-default-executor-4] WARN  server.GrpcLogAppender (LogUtils.java:warn(122)) - omNode-1@group-523986131536->omNode-3-AppendLogResponseHandler: Failed appendEntries: org.apache.ratis.thirdparty.io.grpc.StatusRuntimeException: UNAVAILABLE: io exception
2022-10-04 13:27:47,373 [grpc-default-executor-4] INFO  leader.FollowerInfo (FollowerInfoImpl.java:lambda$new$0(48)) - omNode-1@group-523986131536->omNode-3: nextIndex: updateUnconditionally 364 -> 45
2022-10-04 13:27:47,374 [grpc-default-executor-4] WARN  server.GrpcLogAppender (LogUtils.java:warn(122)) - omNode-1@group-523986131536->omNode-3-AppendLogResponseHandler: Failed appendEntries: org.apache.ratis.thirdparty.io.grpc.StatusRuntimeException: UNAVAILABLE: io exception
2022-10-04 13:27:47,374 [grpc-default-executor-4] INFO  leader.FollowerInfo (FollowerInfoImpl.java:lambda$new$0(48)) - omNode-1@group-523986131536->omNode-3: nextIndex: updateUnconditionally 365 -> 45
2022-10-04 13:27:47,376 [grpc-default-executor-3] WARN  server.GrpcLogAppender (LogUtils.java:warn(122)) - omNode-1@group-523986131536->omNode-3-AppendLogResponseHandler: Failed appendEntries: org.apache.ratis.thirdparty.io.grpc.StatusRuntimeException: UNAVAILABLE: io exception
2022-10-04 13:27:47,376 [grpc-default-executor-3] INFO  leader.FollowerInfo (FollowerInfoImpl.java:lambda$new$0(48)) - omNode-1@group-523986131536->omNode-3: nextIndex: updateUnconditionally 366 -> 45
2022-10-04 13:27:47,380 [grpc-default-executor-4] WARN  server.GrpcLogAppender (LogUtils.java:warn(122)) - omNode-1@group-523986131536->omNode-3-AppendLogResponseHandler: Failed appendEntries: org.apache.ratis.thirdparty.io.grpc.StatusRuntimeException: UNAVAILABLE: io exception
2022-10-04 13:27:47,380 [grpc-default-executor-4] INFO  leader.FollowerInfo (FollowerInfoImpl.java:lambda$new$0(48)) - omNode-1@group-523986131536->omNode-3: nextIndex: updateUnconditionally 366 -> 45
2022-10-04 13:27:47,381 [grpc-default-executor-4] WARN  server.GrpcLogAppender (LogUtils.java:warn(122)) - omNode-1@group-523986131536->omNode-3-AppendLogResponseHandler: Failed appendEntries: org.apache.ratis.thirdparty.io.grpc.StatusRuntimeException: UNAVAILABLE: io exception
2022-10-04 13:27:47,382 [grpc-default-executor-4] INFO  leader.FollowerInfo (FollowerInfoImpl.java:lambda$new$0(48)) - omNode-1@group-523986131536->omNode-3: nextIndex: updateUnconditionally 366 -> 45
2022-10-04 13:27:47,390 [grpc-default-executor-4] WARN  server.GrpcLogAppender (LogUtils.java:warn(122)) - omNode-1@group-523986131536->omNode-3-AppendLogResponseHandler: Failed appendEntries: org.apache.ratis.thirdparty.io.grpc.StatusRuntimeException: UNAVAILABLE: io exception
2022-10-04 13:27:47,390 [grpc-default-executor-4] INFO  leader.FollowerInfo (FollowerInfoImpl.java:lambda$new$0(48)) - omNode-1@group-523986131536->omNode-3: nextIndex: updateUnconditionally 367 -> 45
2022-10-04 13:27:47,400 [grpc-default-executor-3] WARN  server.GrpcLogAppender (LogUtils.java:warn(122)) - omNode-1@group-523986131536->omNode-3-AppendLogResponseHandler: Failed appendEntries: org.apache.ratis.thirdparty.io.grpc.StatusRuntimeException: UNAVAILABLE: io exception
2022-10-04 13:27:47,400 [grpc-default-executor-3] INFO  leader.FollowerInfo (FollowerInfoImpl.java:lambda$new$0(48)) - omNode-1@group-523986131536->omNode-3: nextIndex: updateUnconditionally 367 -> 45
2022-10-04 13:27:47,401 [grpc-default-executor-3] WARN  server.GrpcLogAppender (LogUtils.java:warn(122)) - omNode-1@group-523986131536->omNode-3-AppendLogResponseHandler: Failed appendEntries: org.apache.ratis.thirdparty.io.grpc.StatusRuntimeException: UNAVAILABLE: io exception
2022-10-04 13:27:47,402 [grpc-default-executor-3] INFO  leader.FollowerInfo (FollowerInfoImpl.java:lambda$new$0(48)) - omNode-1@group-523986131536->omNode-3: nextIndex: updateUnconditionally 367 -> 45
2022-10-04 13:27:47,406 [grpc-default-executor-5] WARN  server.GrpcLogAppender (LogUtils.java:warn(122)) - omNode-1@group-523986131536->omNode-3-AppendLogResponseHandler: Failed appendEntries: org.apache.ratis.thirdparty.io.grpc.StatusRuntimeException: UNAVAILABLE: io exception
2022-10-04 13:27:47,406 [grpc-default-executor-5] INFO  leader.FollowerInfo (FollowerInfoImpl.java:lambda$new$0(48)) - omNode-1@group-523986131536->omNode-3: nextIndex: updateUnconditionally 368 -> 45
2022-10-04 13:27:47,416 [grpc-default-executor-5] WARN  server.GrpcLogAppender (LogUtils.java:warn(122)) - omNode-1@group-523986131536->omNode-3-AppendLogResponseHandler: Failed appendEntries: org.apache.ratis.thirdparty.io.grpc.StatusRuntimeException: UNAVAILABLE: io exception
2022-10-04 13:27:47,416 [grpc-default-executor-5] INFO  leader.FollowerInfo (FollowerInfoImpl.java:lambda$new$0(48)) - omNode-1@group-523986131536->omNode-3: nextIndex: updateUnconditionally 368 -> 45
2022-10-04 13:27:47,418 [grpc-default-executor-3] WARN  server.GrpcLogAppender (LogUtils.java:warn(122)) - omNode-1@group-523986131536->omNode-3-AppendLogResponseHandler: Failed appendEntries: org.apache.ratis.thirdparty.io.grpc.StatusRuntimeException: UNAVAILABLE: io exception
2022-10-04 13:27:47,419 [grpc-default-executor-3] INFO  leader.FollowerInfo (FollowerInfoImpl.java:lambda$new$0(48)) - omNode-1@group-523986131536->omNode-3: nextIndex: updateUnconditionally 369 -> 45
2022-10-04 13:27:47,421 [grpc-default-executor-5] WARN  server.GrpcLogAppender (LogUtils.java:warn(122)) - omNode-1@group-523986131536->omNode-3-AppendLogResponseHandler: Failed appendEntries: org.apache.ratis.thirdparty.io.grpc.StatusRuntimeException: UNAVAILABLE: io exception
2022-10-04 13:27:47,421 [grpc-default-executor-5] INFO  leader.FollowerInfo (FollowerInfoImpl.java:lambda$new$0(48)) - omNode-1@group-523986131536->omNode-3: nextIndex: updateUnconditionally 369 -> 45
2022-10-04 13:27:47,424 [grpc-default-executor-5] WARN  server.GrpcLogAppender (LogUtils.java:warn(122)) - omNode-1@group-523986131536->omNode-3-AppendLogResponseHandler: Failed appendEntries: org.apache.ratis.thirdparty.io.grpc.StatusRuntimeException: UNAVAILABLE: io exception
2022-10-04 13:27:47,425 [grpc-default-executor-5] INFO  leader.FollowerInfo (FollowerInfoImpl.java:lambda$new$0(48)) - omNode-1@group-523986131536->omNode-3: nextIndex: updateUnconditionally 370 -> 45
2022-10-04 13:27:47,449 [grpc-default-executor-5] WARN  server.GrpcLogAppender (LogUtils.java:warn(122)) - omNode-1@group-523986131536->omNode-3-AppendLogResponseHandler: Failed appendEntries: org.apache.ratis.thirdparty.io.grpc.StatusRuntimeException: UNAVAILABLE: io exception
2022-10-04 13:27:47,450 [grpc-default-executor-5] INFO  leader.FollowerInfo (FollowerInfoImpl.java:lambda$new$0(48)) - omNode-1@group-523986131536->omNode-3: nextIndex: updateUnconditionally 370 -> 45
2022-10-04 13:27:47,452 [grpc-default-executor-3] WARN  server.GrpcLogAppender (LogUtils.java:warn(122)) - omNode-1@group-523986131536->omNode-3-AppendLogResponseHandler: Failed appendEntries: org.apache.ratis.thirdparty.io.grpc.StatusRuntimeException: UNAVAILABLE: io exception
2022-10-04 13:27:47,452 [grpc-default-executor-3] INFO  leader.FollowerInfo (FollowerInfoImpl.java:lambda$new$0(48)) - omNode-1@group-523986131536->omNode-3: nextIndex: updateUnconditionally 371 -> 45
2022-10-04 13:27:47,471 [grpc-default-executor-3] WARN  server.GrpcLogAppender (LogUtils.java:warn(122)) - omNode-1@group-523986131536->omNode-3-AppendLogResponseHandler: Failed appendEntries: org.apache.ratis.thirdparty.io.grpc.StatusRuntimeException: UNAVAILABLE: io exception
2022-10-04 13:27:47,471 [grpc-default-executor-3] INFO  leader.FollowerInfo (FollowerInfoImpl.java:lambda$new$0(48)) - omNode-1@group-523986131536->omNode-3: nextIndex: updateUnconditionally 371 -> 45
2022-10-04 13:27:47,472 [grpc-default-executor-3] WARN  server.GrpcLogAppender (LogUtils.java:warn(122)) - omNode-1@group-523986131536->omNode-3-AppendLogResponseHandler: Failed appendEntries: org.apache.ratis.thirdparty.io.grpc.StatusRuntimeException: UNAVAILABLE: io exception
2022-10-04 13:27:47,472 [grpc-default-executor-3] INFO  leader.FollowerInfo (FollowerInfoImpl.java:lambda$new$0(48)) - omNode-1@group-523986131536->omNode-3: nextIndex: updateUnconditionally 371 -> 45
2022-10-04 13:27:47,480 [grpc-default-executor-5] WARN  server.GrpcLogAppender (LogUtils.java:warn(122)) - omNode-1@group-523986131536->omNode-3-AppendLogResponseHandler: Failed appendEntries: org.apache.ratis.thirdparty.io.grpc.StatusRuntimeException: UNAVAILABLE: io exception
2022-10-04 13:27:47,481 [grpc-default-executor-5] INFO  leader.FollowerInfo (FollowerInfoImpl.java:lambda$new$0(48)) - omNode-1@group-523986131536->omNode-3: nextIndex: updateUnconditionally 372 -> 45
2022-10-04 13:27:47,489 [grpc-default-executor-5] WARN  server.GrpcLogAppender (LogUtils.java:warn(122)) - omNode-1@group-523986131536->omNode-3-AppendLogResponseHandler: Failed appendEntries: org.apache.ratis.thirdparty.io.grpc.StatusRuntimeException: UNAVAILABLE: io exception
2022-10-04 13:27:47,489 [grpc-default-executor-5] INFO  leader.FollowerInfo (FollowerInfoImpl.java:lambda$new$0(48)) - omNode-1@group-523986131536->omNode-3: nextIndex: updateUnconditionally 372 -> 45
2022-10-04 13:27:47,490 [grpc-default-executor-3] WARN  server.GrpcLogAppender (LogUtils.java:warn(122)) - omNode-1@group-523986131536->omNode-3-AppendLogResponseHandler: Failed appendEntries: org.apache.ratis.thirdparty.io.grpc.StatusRuntimeException: UNAVAILABLE: io exception
2022-10-04 13:27:47,490 [grpc-default-executor-3] INFO  leader.FollowerInfo (FollowerInfoImpl.java:lambda$new$0(48)) - omNode-1@group-523986131536->omNode-3: nextIndex: updateUnconditionally 373 -> 45
2022-10-04 13:27:47,492 [grpc-default-executor-3] WARN  server.GrpcLogAppender (LogUtils.java:warn(122)) - omNode-1@group-523986131536->omNode-3-AppendLogResponseHandler: Failed appendEntries: org.apache.ratis.thirdparty.io.grpc.StatusRuntimeException: UNAVAILABLE: io exception
2022-10-04 13:27:47,492 [grpc-default-executor-3] INFO  leader.FollowerInfo (FollowerInfoImpl.java:lambda$new$0(48)) - omNode-1@group-523986131536->omNode-3: nextIndex: updateUnconditionally 374 -> 45
2022-10-04 13:27:47,498 [grpc-default-executor-5] WARN  server.GrpcLogAppender (LogUtils.java:warn(122)) - omNode-1@group-523986131536->omNode-3-AppendLogResponseHandler: Failed appendEntries: org.apache.ratis.thirdparty.io.grpc.StatusRuntimeException: UNAVAILABLE: io exception
2022-10-04 13:27:47,498 [grpc-default-executor-5] INFO  leader.FollowerInfo (FollowerInfoImpl.java:lambda$new$0(48)) - omNode-1@group-523986131536->omNode-3: nextIndex: updateUnconditionally 374 -> 45
2022-10-04 13:27:47,499 [grpc-default-executor-5] WARN  server.GrpcLogAppender (LogUtils.java:warn(122)) - omNode-1@group-523986131536->omNode-3-AppendLogResponseHandler: Failed appendEntries: org.apache.ratis.thirdparty.io.grpc.StatusRuntimeException: UNAVAILABLE: io exception
2022-10-04 13:27:47,499 [grpc-default-executor-5] INFO  leader.FollowerInfo (FollowerInfoImpl.java:lambda$new$0(48)) - omNode-1@group-523986131536->omNode-3: nextIndex: updateUnconditionally 374 -> 45
2022-10-04 13:27:47,510 [grpc-default-executor-5] WARN  server.GrpcLogAppender (LogUtils.java:warn(122)) - omNode-1@group-523986131536->omNode-3-AppendLogResponseHandler: Failed appendEntries: org.apache.ratis.thirdparty.io.grpc.StatusRuntimeException: UNAVAILABLE: io exception
2022-10-04 13:27:47,511 [grpc-default-executor-5] INFO  leader.FollowerInfo (FollowerInfoImpl.java:lambda$new$0(48)) - omNode-1@group-523986131536->omNode-3: nextIndex: updateUnconditionally 375 -> 45
2022-10-04 13:27:47,524 [grpc-default-executor-3] WARN  server.GrpcLogAppender (LogUtils.java:warn(122)) - omNode-1@group-523986131536->omNode-3-AppendLogResponseHandler: Failed appendEntries: org.apache.ratis.thirdparty.io.grpc.StatusRuntimeException: UNAVAILABLE: io exception
2022-10-04 13:27:47,525 [grpc-default-executor-3] INFO  leader.FollowerInfo (FollowerInfoImpl.java:lambda$new$0(48)) - omNode-1@group-523986131536->omNode-3: nextIndex: updateUnconditionally 375 -> 45
2022-10-04 13:27:47,526 [grpc-default-executor-3] WARN  server.GrpcLogAppender (LogUtils.java:warn(122)) - omNode-1@group-523986131536->omNode-3-AppendLogResponseHandler: Failed appendEntries: org.apache.ratis.thirdparty.io.grpc.StatusRuntimeException: UNAVAILABLE: io exception
2022-10-04 13:27:47,526 [grpc-default-executor-3] INFO  leader.FollowerInfo (FollowerInfoImpl.java:lambda$new$0(48)) - omNode-1@group-523986131536->omNode-3: nextIndex: updateUnconditionally 375 -> 45
2022-10-04 13:27:47,541 [grpc-default-executor-5] WARN  server.GrpcLogAppender (LogUtils.java:warn(122)) - omNode-1@group-523986131536->omNode-3-AppendLogResponseHandler: Failed appendEntries: org.apache.ratis.thirdparty.io.grpc.StatusRuntimeException: UNAVAILABLE: io exception
2022-10-04 13:27:47,541 [grpc-default-executor-5] INFO  leader.FollowerInfo (FollowerInfoImpl.java:lambda$new$0(48)) - omNode-1@group-523986131536->omNode-3: nextIndex: updateUnconditionally 376 -> 45
2022-10-04 13:27:47,554 [grpc-default-executor-5] WARN  server.GrpcLogAppender (LogUtils.java:warn(122)) - omNode-1@group-523986131536->omNode-3-AppendLogResponseHandler: Failed appendEntries: org.apache.ratis.thirdparty.io.grpc.StatusRuntimeException: UNAVAILABLE: io exception
2022-10-04 13:27:47,554 [grpc-default-executor-5] INFO  leader.FollowerInfo (FollowerInfoImpl.java:lambda$new$0(48)) - omNode-1@group-523986131536->omNode-3: nextIndex: updateUnconditionally 376 -> 45
2022-10-04 13:27:47,556 [grpc-default-executor-5] WARN  server.GrpcLogAppender (LogUtils.java:warn(122)) - omNode-1@group-523986131536->omNode-3-AppendLogResponseHandler: Failed appendEntries: org.apache.ratis.thirdparty.io.grpc.StatusRuntimeException: UNAVAILABLE: io exception
2022-10-04 13:27:47,556 [grpc-default-executor-5] INFO  leader.FollowerInfo (FollowerInfoImpl.java:lambda$new$0(48)) - omNode-1@group-523986131536->omNode-3: nextIndex: updateUnconditionally 377 -> 45
2022-10-04 13:27:47,558 [grpc-default-executor-5] WARN  server.GrpcLogAppender (LogUtils.java:warn(122)) - omNode-1@group-523986131536->omNode-3-AppendLogResponseHandler: Failed appendEntries: org.apache.ratis.thirdparty.io.grpc.StatusRuntimeException: UNAVAILABLE: io exception
2022-10-04 13:27:47,558 [grpc-default-executor-5] INFO  leader.FollowerInfo (FollowerInfoImpl.java:lambda$new$0(48)) - omNode-1@group-523986131536->omNode-3: nextIndex: updateUnconditionally 378 -> 45
2022-10-04 13:27:47,570 [grpc-default-executor-5] WARN  server.GrpcLogAppender (LogUtils.java:warn(122)) - omNode-1@group-523986131536->omNode-3-AppendLogResponseHandler: Failed appendEntries: org.apache.ratis.thirdparty.io.grpc.StatusRuntimeException: UNAVAILABLE: io exception
2022-10-04 13:27:47,570 [grpc-default-executor-5] INFO  leader.FollowerInfo (FollowerInfoImpl.java:lambda$new$0(48)) - omNode-1@group-523986131536->omNode-3: nextIndex: updateUnconditionally 378 -> 45
2022-10-04 13:27:47,576 [grpc-default-executor-5] WARN  server.GrpcLogAppender (LogUtils.java:warn(122)) - omNode-1@group-523986131536->omNode-3-AppendLogResponseHandler: Failed appendEntries: org.apache.ratis.thirdparty.io.grpc.StatusRuntimeException: UNAVAILABLE: io exception
2022-10-04 13:27:47,576 [grpc-default-executor-5] INFO  leader.FollowerInfo (FollowerInfoImpl.java:lambda$new$0(48)) - omNode-1@group-523986131536->omNode-3: nextIndex: updateUnconditionally 379 -> 45
2022-10-04 13:27:47,593 [grpc-default-executor-3] WARN  server.GrpcLogAppender (LogUtils.java:warn(122)) - omNode-1@group-523986131536->omNode-3-AppendLogResponseHandler: Failed appendEntries: org.apache.ratis.thirdparty.io.grpc.StatusRuntimeException: UNAVAILABLE: io exception
2022-10-04 13:27:47,593 [grpc-default-executor-3] INFO  leader.FollowerInfo (FollowerInfoImpl.java:lambda$new$0(48)) - omNode-1@group-523986131536->omNode-3: nextIndex: updateUnconditionally 379 -> 45
2022-10-04 13:27:47,594 [grpc-default-executor-3] WARN  server.GrpcLogAppender (LogUtils.java:warn(122)) - omNode-1@group-523986131536->omNode-3-AppendLogResponseHandler: Failed appendEntries: org.apache.ratis.thirdparty.io.grpc.StatusRuntimeException: UNAVAILABLE: io exception
2022-10-04 13:27:47,594 [grpc-default-executor-3] INFO  leader.FollowerInfo (FollowerInfoImpl.java:lambda$new$0(48)) - omNode-1@group-523986131536->omNode-3: nextIndex: updateUnconditionally 379 -> 45
2022-10-04 13:27:47,600 [grpc-default-executor-5] WARN  server.GrpcLogAppender (LogUtils.java:warn(122)) - omNode-1@group-523986131536->omNode-3-AppendLogResponseHandler: Failed appendEntries: org.apache.ratis.thirdparty.io.grpc.StatusRuntimeException: UNAVAILABLE: io exception
2022-10-04 13:27:47,600 [grpc-default-executor-5] INFO  leader.FollowerInfo (FollowerInfoImpl.java:lambda$new$0(48)) - omNode-1@group-523986131536->omNode-3: nextIndex: updateUnconditionally 380 -> 45
2022-10-04 13:27:47,621 [grpc-default-executor-5] WARN  server.GrpcLogAppender (LogUtils.java:warn(122)) - omNode-1@group-523986131536->omNode-3-AppendLogResponseHandler: Failed appendEntries: org.apache.ratis.thirdparty.io.grpc.StatusRuntimeException: UNAVAILABLE: io exception
2022-10-04 13:27:47,621 [grpc-default-executor-5] INFO  leader.FollowerInfo (FollowerInfoImpl.java:lambda$new$0(48)) - omNode-1@group-523986131536->omNode-3: nextIndex: updateUnconditionally 380 -> 45
2022-10-04 13:27:47,624 [grpc-default-executor-3] WARN  server.GrpcLogAppender (LogUtils.java:warn(122)) - omNode-1@group-523986131536->omNode-3-AppendLogResponseHandler: Failed appendEntries: org.apache.ratis.thirdparty.io.grpc.StatusRuntimeException: UNAVAILABLE: io exception
2022-10-04 13:27:47,624 [grpc-default-executor-3] INFO  leader.FollowerInfo (FollowerInfoImpl.java:lambda$new$0(48)) - omNode-1@group-523986131536->omNode-3: nextIndex: updateUnconditionally 382 -> 45
2022-10-04 13:27:47,625 [grpc-default-executor-5] WARN  server.GrpcLogAppender (LogUtils.java:warn(122)) - omNode-1@group-523986131536->omNode-3-AppendLogResponseHandler: Failed appendEntries: org.apache.ratis.thirdparty.io.grpc.StatusRuntimeException: UNAVAILABLE: io exception
2022-10-04 13:27:47,625 [grpc-default-executor-5] INFO  leader.FollowerInfo (FollowerInfoImpl.java:lambda$new$0(48)) - omNode-1@group-523986131536->omNode-3: nextIndex: updateUnconditionally 382 -> 45
2022-10-04 13:27:47,627 [EndpointStateMachine task thread for /0.0.0.0:41361 - 0 ] INFO  ipc.Client (Client.java:handleConnectionFailure(977)) - Retrying connect to server: 0.0.0.0/0.0.0.0:41361. Already tried 11 time(s); retry policy is RetryUpToMaximumCountWithFixedSleep(maxRetries=15, sleepTime=1000 MILLISECONDS)
2022-10-04 13:27:47,639 [grpc-default-executor-5] WARN  server.GrpcLogAppender (LogUtils.java:warn(122)) - omNode-1@group-523986131536->omNode-3-AppendLogResponseHandler: Failed appendEntries: org.apache.ratis.thirdparty.io.grpc.StatusRuntimeException: UNAVAILABLE: io exception
2022-10-04 13:27:47,639 [grpc-default-executor-5] INFO  leader.FollowerInfo (FollowerInfoImpl.java:lambda$new$0(48)) - omNode-1@group-523986131536->omNode-3: nextIndex: updateUnconditionally 382 -> 45
2022-10-04 13:27:47,640 [grpc-default-executor-5] WARN  server.GrpcLogAppender (LogUtils.java:warn(122)) - omNode-1@group-523986131536->omNode-3-AppendLogResponseHandler: Failed appendEntries: org.apache.ratis.thirdparty.io.grpc.StatusRuntimeException: UNAVAILABLE: io exception
2022-10-04 13:27:47,640 [grpc-default-executor-5] INFO  leader.FollowerInfo (FollowerInfoImpl.java:lambda$new$0(48)) - omNode-1@group-523986131536->omNode-3: nextIndex: updateUnconditionally 382 -> 45
2022-10-04 13:27:47,651 [grpc-default-executor-5] WARN  server.GrpcLogAppender (LogUtils.java:warn(122)) - omNode-1@group-523986131536->omNode-3-AppendLogResponseHandler: Failed appendEntries: org.apache.ratis.thirdparty.io.grpc.StatusRuntimeException: UNAVAILABLE: io exception
2022-10-04 13:27:47,651 [grpc-default-executor-5] INFO  leader.FollowerInfo (FollowerInfoImpl.java:lambda$new$0(48)) - omNode-1@group-523986131536->omNode-3: nextIndex: updateUnconditionally 383 -> 45
2022-10-04 13:27:47,668 [grpc-default-executor-3] WARN  server.GrpcLogAppender (LogUtils.java:warn(122)) - omNode-1@group-523986131536->omNode-3-AppendLogResponseHandler: Failed appendEntries: org.apache.ratis.thirdparty.io.grpc.StatusRuntimeException: UNAVAILABLE: io exception
2022-10-04 13:27:47,668 [grpc-default-executor-3] INFO  leader.FollowerInfo (FollowerInfoImpl.java:lambda$new$0(48)) - omNode-1@group-523986131536->omNode-3: nextIndex: updateUnconditionally 383 -> 45
2022-10-04 13:27:47,671 [grpc-default-executor-3] WARN  server.GrpcLogAppender (LogUtils.java:warn(122)) - omNode-1@group-523986131536->omNode-3-AppendLogResponseHandler: Failed appendEntries: org.apache.ratis.thirdparty.io.grpc.StatusRuntimeException: UNAVAILABLE: io exception
2022-10-04 13:27:47,671 [grpc-default-executor-3] INFO  leader.FollowerInfo (FollowerInfoImpl.java:lambda$new$0(48)) - omNode-1@group-523986131536->omNode-3: nextIndex: updateUnconditionally 384 -> 45
2022-10-04 13:27:47,685 [grpc-default-executor-3] WARN  server.GrpcLogAppender (LogUtils.java:warn(122)) - omNode-1@group-523986131536->omNode-3-AppendLogResponseHandler: Failed appendEntries: org.apache.ratis.thirdparty.io.grpc.StatusRuntimeException: UNAVAILABLE: io exception
2022-10-04 13:27:47,685 [grpc-default-executor-3] INFO  leader.FollowerInfo (FollowerInfoImpl.java:lambda$new$0(48)) - omNode-1@group-523986131536->omNode-3: nextIndex: updateUnconditionally 384 -> 45
2022-10-04 13:27:47,688 [grpc-default-executor-5] WARN  server.GrpcLogAppender (LogUtils.java:warn(122)) - omNode-1@group-523986131536->omNode-3-AppendLogResponseHandler: Failed appendEntries: org.apache.ratis.thirdparty.io.grpc.StatusRuntimeException: UNAVAILABLE: io exception
2022-10-04 13:27:47,688 [grpc-default-executor-5] INFO  leader.FollowerInfo (FollowerInfoImpl.java:lambda$new$0(48)) - omNode-1@group-523986131536->omNode-3: nextIndex: updateUnconditionally 386 -> 45
2022-10-04 13:27:47,698 [grpc-default-executor-3] WARN  server.GrpcLogAppender (LogUtils.java:warn(122)) - omNode-1@group-523986131536->omNode-3-AppendLogResponseHandler: Failed appendEntries: org.apache.ratis.thirdparty.io.grpc.StatusRuntimeException: UNAVAILABLE: io exception
2022-10-04 13:27:47,698 [grpc-default-executor-3] INFO  leader.FollowerInfo (FollowerInfoImpl.java:lambda$new$0(48)) - omNode-1@group-523986131536->omNode-3: nextIndex: updateUnconditionally 386 -> 45
2022-10-04 13:27:47,699 [grpc-default-executor-3] WARN  server.GrpcLogAppender (LogUtils.java:warn(122)) - omNode-1@group-523986131536->omNode-3-AppendLogResponseHandler: Failed appendEntries: org.apache.ratis.thirdparty.io.grpc.StatusRuntimeException: UNAVAILABLE: io exception
2022-10-04 13:27:47,699 [grpc-default-executor-3] INFO  leader.FollowerInfo (FollowerInfoImpl.java:lambda$new$0(48)) - omNode-1@group-523986131536->omNode-3: nextIndex: updateUnconditionally 386 -> 45
2022-10-04 13:27:47,710 [grpc-default-executor-3] WARN  server.GrpcLogAppender (LogUtils.java:warn(122)) - omNode-1@group-523986131536->omNode-3-AppendLogResponseHandler: Failed appendEntries: org.apache.ratis.thirdparty.io.grpc.StatusRuntimeException: UNAVAILABLE: io exception
2022-10-04 13:27:47,711 [grpc-default-executor-3] INFO  leader.FollowerInfo (FollowerInfoImpl.java:lambda$new$0(48)) - omNode-1@group-523986131536->omNode-3: nextIndex: updateUnconditionally 387 -> 45
2022-10-04 13:27:47,728 [grpc-default-executor-3] WARN  server.GrpcLogAppender (LogUtils.java:warn(122)) - omNode-1@group-523986131536->omNode-3-AppendLogResponseHandler: Failed appendEntries: org.apache.ratis.thirdparty.io.grpc.StatusRuntimeException: UNAVAILABLE: io exception
2022-10-04 13:27:47,728 [grpc-default-executor-3] INFO  leader.FollowerInfo (FollowerInfoImpl.java:lambda$new$0(48)) - omNode-1@group-523986131536->omNode-3: nextIndex: updateUnconditionally 387 -> 45
2022-10-04 13:27:47,729 [grpc-default-executor-3] WARN  server.GrpcLogAppender (LogUtils.java:warn(122)) - omNode-1@group-523986131536->omNode-3-AppendLogResponseHandler: Failed appendEntries: org.apache.ratis.thirdparty.io.grpc.StatusRuntimeException: UNAVAILABLE: io exception
2022-10-04 13:27:47,730 [grpc-default-executor-3] INFO  leader.FollowerInfo (FollowerInfoImpl.java:lambda$new$0(48)) - omNode-1@group-523986131536->omNode-3: nextIndex: updateUnconditionally 387 -> 45
2022-10-04 13:27:47,741 [grpc-default-executor-5] WARN  server.GrpcLogAppender (LogUtils.java:warn(122)) - omNode-1@group-523986131536->omNode-3-AppendLogResponseHandler: Failed appendEntries: org.apache.ratis.thirdparty.io.grpc.StatusRuntimeException: UNAVAILABLE: io exception
2022-10-04 13:27:47,742 [grpc-default-executor-5] INFO  leader.FollowerInfo (FollowerInfoImpl.java:lambda$new$0(48)) - omNode-1@group-523986131536->omNode-3: nextIndex: updateUnconditionally 388 -> 45
2022-10-04 13:27:47,749 [grpc-default-executor-5] WARN  server.GrpcLogAppender (LogUtils.java:warn(122)) - omNode-1@group-523986131536->omNode-3-AppendLogResponseHandler: Failed appendEntries: org.apache.ratis.thirdparty.io.grpc.StatusRuntimeException: UNAVAILABLE: io exception
2022-10-04 13:27:47,750 [grpc-default-executor-5] INFO  leader.FollowerInfo (FollowerInfoImpl.java:lambda$new$0(48)) - omNode-1@group-523986131536->omNode-3: nextIndex: updateUnconditionally 388 -> 45
2022-10-04 13:27:47,751 [grpc-default-executor-3] WARN  server.GrpcLogAppender (LogUtils.java:warn(122)) - omNode-1@group-523986131536->omNode-3-AppendLogResponseHandler: Failed appendEntries: org.apache.ratis.thirdparty.io.grpc.StatusRuntimeException: UNAVAILABLE: io exception
2022-10-04 13:27:47,751 [grpc-default-executor-3] INFO  leader.FollowerInfo (FollowerInfoImpl.java:lambda$new$0(48)) - omNode-1@group-523986131536->omNode-3: nextIndex: updateUnconditionally 389 -> 45
2022-10-04 13:27:47,757 [grpc-default-executor-5] WARN  server.GrpcLogAppender (LogUtils.java:warn(122)) - omNode-1@group-523986131536->omNode-3-AppendLogResponseHandler: Failed appendEntries: org.apache.ratis.thirdparty.io.grpc.StatusRuntimeException: UNAVAILABLE: io exception
2022-10-04 13:27:47,757 [grpc-default-executor-5] INFO  leader.FollowerInfo (FollowerInfoImpl.java:lambda$new$0(48)) - omNode-1@group-523986131536->omNode-3: nextIndex: updateUnconditionally 390 -> 45
2022-10-04 13:27:47,763 [grpc-default-executor-5] WARN  server.GrpcLogAppender (LogUtils.java:warn(122)) - omNode-1@group-523986131536->omNode-3-AppendLogResponseHandler: Failed appendEntries: org.apache.ratis.thirdparty.io.grpc.StatusRuntimeException: UNAVAILABLE: io exception
2022-10-04 13:27:47,763 [grpc-default-executor-5] INFO  leader.FollowerInfo (FollowerInfoImpl.java:lambda$new$0(48)) - omNode-1@group-523986131536->omNode-3: nextIndex: updateUnconditionally 390 -> 45
2022-10-04 13:27:47,779 [grpc-default-executor-5] WARN  server.GrpcLogAppender (LogUtils.java:warn(122)) - omNode-1@group-523986131536->omNode-3-AppendLogResponseHandler: Failed appendEntries: org.apache.ratis.thirdparty.io.grpc.StatusRuntimeException: UNAVAILABLE: io exception
2022-10-04 13:27:47,779 [grpc-default-executor-5] INFO  leader.FollowerInfo (FollowerInfoImpl.java:lambda$new$0(48)) - omNode-1@group-523986131536->omNode-3: nextIndex: updateUnconditionally 391 -> 45
2022-10-04 13:27:47,798 [grpc-default-executor-3] WARN  server.GrpcLogAppender (LogUtils.java:warn(122)) - omNode-1@group-523986131536->omNode-3-AppendLogResponseHandler: Failed appendEntries: org.apache.ratis.thirdparty.io.grpc.StatusRuntimeException: UNAVAILABLE: io exception
2022-10-04 13:27:47,798 [grpc-default-executor-3] INFO  leader.FollowerInfo (FollowerInfoImpl.java:lambda$new$0(48)) - omNode-1@group-523986131536->omNode-3: nextIndex: updateUnconditionally 391 -> 45
2022-10-04 13:27:47,799 [grpc-default-executor-3] WARN  server.GrpcLogAppender (LogUtils.java:warn(122)) - omNode-1@group-523986131536->omNode-3-AppendLogResponseHandler: Failed appendEntries: org.apache.ratis.thirdparty.io.grpc.StatusRuntimeException: UNAVAILABLE: io exception
2022-10-04 13:27:47,799 [grpc-default-executor-3] INFO  leader.FollowerInfo (FollowerInfoImpl.java:lambda$new$0(48)) - omNode-1@group-523986131536->omNode-3: nextIndex: updateUnconditionally 391 -> 45
2022-10-04 13:27:47,816 [grpc-default-executor-5] WARN  server.GrpcLogAppender (LogUtils.java:warn(122)) - omNode-1@group-523986131536->omNode-3-AppendLogResponseHandler: Failed appendEntries: org.apache.ratis.thirdparty.io.grpc.StatusRuntimeException: UNAVAILABLE: io exception
2022-10-04 13:27:47,816 [grpc-default-executor-5] INFO  leader.FollowerInfo (FollowerInfoImpl.java:lambda$new$0(48)) - omNode-1@group-523986131536->omNode-3: nextIndex: updateUnconditionally 392 -> 45
2022-10-04 13:27:47,824 [grpc-default-executor-5] WARN  server.GrpcLogAppender (LogUtils.java:warn(122)) - omNode-1@group-523986131536->omNode-3-AppendLogResponseHandler: Failed appendEntries: org.apache.ratis.thirdparty.io.grpc.StatusRuntimeException: UNAVAILABLE: io exception
2022-10-04 13:27:47,824 [grpc-default-executor-5] INFO  leader.FollowerInfo (FollowerInfoImpl.java:lambda$new$0(48)) - omNode-1@group-523986131536->omNode-3: nextIndex: updateUnconditionally 392 -> 45
2022-10-04 13:27:47,825 [grpc-default-executor-5] WARN  server.GrpcLogAppender (LogUtils.java:warn(122)) - omNode-1@group-523986131536->omNode-3-AppendLogResponseHandler: Failed appendEntries: org.apache.ratis.thirdparty.io.grpc.StatusRuntimeException: UNAVAILABLE: io exception
2022-10-04 13:27:47,825 [grpc-default-executor-5] INFO  leader.FollowerInfo (FollowerInfoImpl.java:lambda$new$0(48)) - omNode-1@group-523986131536->omNode-3: nextIndex: updateUnconditionally 393 -> 45
2022-10-04 13:27:47,827 [grpc-default-executor-3] WARN  server.GrpcLogAppender (LogUtils.java:warn(122)) - omNode-1@group-523986131536->omNode-3-AppendLogResponseHandler: Failed appendEntries: org.apache.ratis.thirdparty.io.grpc.StatusRuntimeException: UNAVAILABLE: io exception
2022-10-04 13:27:47,828 [grpc-default-executor-3] INFO  leader.FollowerInfo (FollowerInfoImpl.java:lambda$new$0(48)) - omNode-1@group-523986131536->omNode-3: nextIndex: updateUnconditionally 394 -> 45
2022-10-04 13:27:47,841 [grpc-default-executor-5] WARN  server.GrpcLogAppender (LogUtils.java:warn(122)) - omNode-1@group-523986131536->omNode-3-AppendLogResponseHandler: Failed appendEntries: org.apache.ratis.thirdparty.io.grpc.StatusRuntimeException: UNAVAILABLE: io exception
2022-10-04 13:27:47,841 [grpc-default-executor-5] INFO  leader.FollowerInfo (FollowerInfoImpl.java:lambda$new$0(48)) - omNode-1@group-523986131536->omNode-3: nextIndex: updateUnconditionally 394 -> 45
2022-10-04 13:27:47,843 [grpc-default-executor-5] WARN  server.GrpcLogAppender (LogUtils.java:warn(122)) - omNode-1@group-523986131536->omNode-3-AppendLogResponseHandler: Failed appendEntries: org.apache.ratis.thirdparty.io.grpc.StatusRuntimeException: UNAVAILABLE: io exception
2022-10-04 13:27:47,843 [grpc-default-executor-5] INFO  leader.FollowerInfo (FollowerInfoImpl.java:lambda$new$0(48)) - omNode-1@group-523986131536->omNode-3: nextIndex: updateUnconditionally 394 -> 45
2022-10-04 13:27:47,854 [grpc-default-executor-5] WARN  server.GrpcLogAppender (LogUtils.java:warn(122)) - omNode-1@group-523986131536->omNode-3-AppendLogResponseHandler: Failed appendEntries: org.apache.ratis.thirdparty.io.grpc.StatusRuntimeException: UNAVAILABLE: io exception
2022-10-04 13:27:47,854 [grpc-default-executor-5] INFO  leader.FollowerInfo (FollowerInfoImpl.java:lambda$new$0(48)) - omNode-1@group-523986131536->omNode-3: nextIndex: updateUnconditionally 395 -> 45
2022-10-04 13:27:47,880 [grpc-default-executor-5] WARN  server.GrpcLogAppender (LogUtils.java:warn(122)) - omNode-1@group-523986131536->omNode-3-AppendLogResponseHandler: Failed appendEntries: org.apache.ratis.thirdparty.io.grpc.StatusRuntimeException: UNAVAILABLE: io exception
2022-10-04 13:27:47,880 [grpc-default-executor-5] INFO  leader.FollowerInfo (FollowerInfoImpl.java:lambda$new$0(48)) - omNode-1@group-523986131536->omNode-3: nextIndex: updateUnconditionally 395 -> 45
2022-10-04 13:27:47,881 [grpc-default-executor-5] WARN  server.GrpcLogAppender (LogUtils.java:warn(122)) - omNode-1@group-523986131536->omNode-3-AppendLogResponseHandler: Failed appendEntries: org.apache.ratis.thirdparty.io.grpc.StatusRuntimeException: UNAVAILABLE: io exception
2022-10-04 13:27:47,881 [grpc-default-executor-5] INFO  leader.FollowerInfo (FollowerInfoImpl.java:lambda$new$0(48)) - omNode-1@group-523986131536->omNode-3: nextIndex: updateUnconditionally 395 -> 45
2022-10-04 13:27:47,887 [grpc-default-executor-3] WARN  server.GrpcLogAppender (LogUtils.java:warn(122)) - omNode-1@group-523986131536->omNode-3-AppendLogResponseHandler: Failed appendEntries: org.apache.ratis.thirdparty.io.grpc.StatusRuntimeException: UNAVAILABLE: io exception
2022-10-04 13:27:47,887 [grpc-default-executor-3] INFO  leader.FollowerInfo (FollowerInfoImpl.java:lambda$new$0(48)) - omNode-1@group-523986131536->omNode-3: nextIndex: updateUnconditionally 396 -> 45
2022-10-04 13:27:47,898 [grpc-default-executor-3] WARN  server.GrpcLogAppender (LogUtils.java:warn(122)) - omNode-1@group-523986131536->omNode-3-AppendLogResponseHandler: Failed appendEntries: org.apache.ratis.thirdparty.io.grpc.StatusRuntimeException: UNAVAILABLE: io exception
2022-10-04 13:27:47,898 [grpc-default-executor-3] INFO  leader.FollowerInfo (FollowerInfoImpl.java:lambda$new$0(48)) - omNode-1@group-523986131536->omNode-3: nextIndex: updateUnconditionally 396 -> 45
2022-10-04 13:27:47,899 [grpc-default-executor-3] WARN  server.GrpcLogAppender (LogUtils.java:warn(122)) - omNode-1@group-523986131536->omNode-3-AppendLogResponseHandler: Failed appendEntries: org.apache.ratis.thirdparty.io.grpc.StatusRuntimeException: UNAVAILABLE: io exception
2022-10-04 13:27:47,900 [grpc-default-executor-3] INFO  leader.FollowerInfo (FollowerInfoImpl.java:lambda$new$0(48)) - omNode-1@group-523986131536->omNode-3: nextIndex: updateUnconditionally 397 -> 45
2022-10-04 13:27:47,901 [grpc-default-executor-5] WARN  server.GrpcLogAppender (LogUtils.java:warn(122)) - omNode-1@group-523986131536->omNode-3-AppendLogResponseHandler: Failed appendEntries: org.apache.ratis.thirdparty.io.grpc.StatusRuntimeException: UNAVAILABLE: io exception
2022-10-04 13:27:47,901 [grpc-default-executor-5] INFO  leader.FollowerInfo (FollowerInfoImpl.java:lambda$new$0(48)) - omNode-1@group-523986131536->omNode-3: nextIndex: updateUnconditionally 398 -> 45
2022-10-04 13:27:47,912 [grpc-default-executor-3] WARN  server.GrpcLogAppender (LogUtils.java:warn(122)) - omNode-1@group-523986131536->omNode-3-AppendLogResponseHandler: Failed appendEntries: org.apache.ratis.thirdparty.io.grpc.StatusRuntimeException: UNAVAILABLE: io exception
2022-10-04 13:27:47,912 [grpc-default-executor-3] INFO  leader.FollowerInfo (FollowerInfoImpl.java:lambda$new$0(48)) - omNode-1@group-523986131536->omNode-3: nextIndex: updateUnconditionally 398 -> 45
2022-10-04 13:27:47,913 [grpc-default-executor-3] WARN  server.GrpcLogAppender (LogUtils.java:warn(122)) - omNode-1@group-523986131536->omNode-3-AppendLogResponseHandler: Failed appendEntries: org.apache.ratis.thirdparty.io.grpc.StatusRuntimeException: UNAVAILABLE: io exception
2022-10-04 13:27:47,913 [grpc-default-executor-3] INFO  leader.FollowerInfo (FollowerInfoImpl.java:lambda$new$0(48)) - omNode-1@group-523986131536->omNode-3: nextIndex: updateUnconditionally 398 -> 45
2022-10-04 13:27:47,919 [grpc-default-executor-3] WARN  server.GrpcLogAppender (LogUtils.java:warn(122)) - omNode-1@group-523986131536->omNode-3-AppendLogResponseHandler: Failed appendEntries: org.apache.ratis.thirdparty.io.grpc.StatusRuntimeException: UNAVAILABLE: io exception
2022-10-04 13:27:47,919 [grpc-default-executor-3] INFO  leader.FollowerInfo (FollowerInfoImpl.java:lambda$new$0(48)) - omNode-1@group-523986131536->omNode-3: nextIndex: updateUnconditionally 398 -> 45
2022-10-04 13:27:47,925 [grpc-default-executor-3] WARN  server.GrpcLogAppender (LogUtils.java:warn(122)) - omNode-1@group-523986131536->omNode-3-AppendLogResponseHandler: Failed appendEntries: org.apache.ratis.thirdparty.io.grpc.StatusRuntimeException: UNAVAILABLE: io exception
2022-10-04 13:27:47,925 [grpc-default-executor-3] INFO  leader.FollowerInfo (FollowerInfoImpl.java:lambda$new$0(48)) - omNode-1@group-523986131536->omNode-3: nextIndex: updateUnconditionally 399 -> 45
2022-10-04 13:27:47,941 [grpc-default-executor-3] WARN  server.GrpcLogAppender (LogUtils.java:warn(122)) - omNode-1@group-523986131536->omNode-3-AppendLogResponseHandler: Failed appendEntries: org.apache.ratis.thirdparty.io.grpc.StatusRuntimeException: UNAVAILABLE: io exception
2022-10-04 13:27:47,941 [grpc-default-executor-3] INFO  leader.FollowerInfo (FollowerInfoImpl.java:lambda$new$0(48)) - omNode-1@group-523986131536->omNode-3: nextIndex: updateUnconditionally 400 -> 45
2022-10-04 13:27:47,946 [grpc-default-executor-5] WARN  server.GrpcLogAppender (LogUtils.java:warn(122)) - omNode-1@group-523986131536->omNode-3-AppendLogResponseHandler: Failed appendEntries: org.apache.ratis.thirdparty.io.grpc.StatusRuntimeException: UNAVAILABLE: io exception
2022-10-04 13:27:47,947 [grpc-default-executor-5] INFO  leader.FollowerInfo (FollowerInfoImpl.java:lambda$new$0(48)) - omNode-1@group-523986131536->omNode-3: nextIndex: updateUnconditionally 400 -> 45
2022-10-04 13:27:47,947 [grpc-default-executor-5] WARN  server.GrpcLogAppender (LogUtils.java:warn(122)) - omNode-1@group-523986131536->omNode-3-AppendLogResponseHandler: Failed appendEntries: org.apache.ratis.thirdparty.io.grpc.StatusRuntimeException: UNAVAILABLE: io exception
2022-10-04 13:27:47,948 [grpc-default-executor-5] INFO  leader.FollowerInfo (FollowerInfoImpl.java:lambda$new$0(48)) - omNode-1@group-523986131536->omNode-3: nextIndex: updateUnconditionally 400 -> 45
2022-10-04 13:27:47,958 [grpc-default-executor-5] WARN  server.GrpcLogAppender (LogUtils.java:warn(122)) - omNode-1@group-523986131536->omNode-3-AppendLogResponseHandler: Failed appendEntries: org.apache.ratis.thirdparty.io.grpc.StatusRuntimeException: UNAVAILABLE: io exception
2022-10-04 13:27:47,958 [grpc-default-executor-5] INFO  leader.FollowerInfo (FollowerInfoImpl.java:lambda$new$0(48)) - omNode-1@group-523986131536->omNode-3: nextIndex: updateUnconditionally 401 -> 45
2022-10-04 13:27:47,961 [grpc-default-executor-3] WARN  server.GrpcLogAppender (LogUtils.java:warn(122)) - omNode-1@group-523986131536->omNode-3-AppendLogResponseHandler: Failed appendEntries: org.apache.ratis.thirdparty.io.grpc.StatusRuntimeException: UNAVAILABLE: io exception
2022-10-04 13:27:47,961 [grpc-default-executor-3] INFO  leader.FollowerInfo (FollowerInfoImpl.java:lambda$new$0(48)) - omNode-1@group-523986131536->omNode-3: nextIndex: updateUnconditionally 402 -> 45
2022-10-04 13:27:47,974 [omNode-1@group-523986131536-StateMachineUpdater] INFO  ratis.OzoneManagerStateMachine (OzoneManagerStateMachine.java:takeSnapshot(441)) - Current Snapshot Index (t:2, i:400)
2022-10-04 13:27:47,975 [omNode-1@group-523986131536-StateMachineUpdater] INFO  impl.StateMachineUpdater (StateMachineUpdater.java:takeSnapshot(287)) - omNode-1@group-523986131536-StateMachineUpdater: Took a snapshot at index 400
2022-10-04 13:27:47,975 [omNode-1@group-523986131536-StateMachineUpdater] INFO  impl.StateMachineUpdater (StateMachineUpdater.java:lambda$new$0(92)) - omNode-1@group-523986131536-StateMachineUpdater: snapshotIndex: updateIncreasingly 350 -> 400
2022-10-04 13:27:47,975 [omNode-1@group-523986131536-StateMachineUpdater] INFO  raftlog.RaftLog (RaftLogBase.java:purge(308)) - omNode-1@group-523986131536-SegmentedRaftLog: purge 400
2022-10-04 13:27:47,975 [omNode-1@group-523986131536-StateMachineUpdater] INFO  raftlog.RaftLog (RaftLogBase.java:lambda$new$0(53)) - omNode-1@group-523986131536-SegmentedRaftLog: snapshotIndex: updateIncreasingly 350 -> 400
2022-10-04 13:27:47,975 [omNode-1@group-523986131536-StateMachineUpdater] INFO  raftlog.RaftLog (RaftLogBase.java:lambda$new$0(53)) - omNode-1@group-523986131536-SegmentedRaftLog: purgeIndex: updateToMax old=350, new=400, updated? true
2022-10-04 13:27:47,975 [grpc-default-executor-5] WARN  server.GrpcLogAppender (LogUtils.java:warn(122)) - omNode-1@group-523986131536->omNode-3-AppendLogResponseHandler: Failed appendEntries: org.apache.ratis.thirdparty.io.grpc.StatusRuntimeException: UNAVAILABLE: io exception
2022-10-04 13:27:47,975 [grpc-default-executor-5] INFO  leader.FollowerInfo (FollowerInfoImpl.java:lambda$new$0(48)) - omNode-1@group-523986131536->omNode-3: nextIndex: updateUnconditionally 402 -> 45
2022-10-04 13:27:47,976 [grpc-default-executor-5] WARN  server.GrpcLogAppender (LogUtils.java:warn(122)) - omNode-1@group-523986131536->omNode-3-AppendLogResponseHandler: Failed appendEntries: org.apache.ratis.thirdparty.io.grpc.StatusRuntimeException: UNAVAILABLE: io exception
2022-10-04 13:27:47,976 [grpc-default-executor-5] INFO  leader.FollowerInfo (FollowerInfoImpl.java:lambda$new$0(48)) - omNode-1@group-523986131536->omNode-3: nextIndex: updateUnconditionally 402 -> 45
2022-10-04 13:27:47,984 [grpc-default-executor-5] WARN  server.GrpcLogAppender (LogUtils.java:warn(122)) - omNode-1@group-523986131536->omNode-3-AppendLogResponseHandler: Failed appendEntries: org.apache.ratis.thirdparty.io.grpc.StatusRuntimeException: UNAVAILABLE: io exception
2022-10-04 13:27:47,984 [grpc-default-executor-5] INFO  leader.FollowerInfo (FollowerInfoImpl.java:lambda$new$0(48)) - omNode-1@group-523986131536->omNode-3: nextIndex: updateUnconditionally 403 -> 45
2022-10-04 13:27:47,995 [grpc-default-executor-3] WARN  server.GrpcLogAppender (LogUtils.java:warn(122)) - omNode-1@group-523986131536->omNode-3-AppendLogResponseHandler: Failed appendEntries: org.apache.ratis.thirdparty.io.grpc.StatusRuntimeException: UNAVAILABLE: io exception
2022-10-04 13:27:47,996 [grpc-default-executor-3] INFO  leader.FollowerInfo (FollowerInfoImpl.java:lambda$new$0(48)) - omNode-1@group-523986131536->omNode-3: nextIndex: updateUnconditionally 403 -> 45
2022-10-04 13:27:47,996 [grpc-default-executor-3] WARN  server.GrpcLogAppender (LogUtils.java:warn(122)) - omNode-1@group-523986131536->omNode-3-AppendLogResponseHandler: Failed appendEntries: org.apache.ratis.thirdparty.io.grpc.StatusRuntimeException: UNAVAILABLE: io exception
2022-10-04 13:27:47,997 [grpc-default-executor-3] INFO  leader.FollowerInfo (FollowerInfoImpl.java:lambda$new$0(48)) - omNode-1@group-523986131536->omNode-3: nextIndex: updateUnconditionally 403 -> 45
2022-10-04 13:27:48,011 [grpc-default-executor-5] WARN  server.GrpcLogAppender (LogUtils.java:warn(122)) - omNode-1@group-523986131536->omNode-3-AppendLogResponseHandler: Failed appendEntries: org.apache.ratis.thirdparty.io.grpc.StatusRuntimeException: UNAVAILABLE: io exception
2022-10-04 13:27:48,011 [grpc-default-executor-5] INFO  leader.FollowerInfo (FollowerInfoImpl.java:lambda$new$0(48)) - omNode-1@group-523986131536->omNode-3: nextIndex: updateUnconditionally 404 -> 45
2022-10-04 13:27:48,021 [grpc-default-executor-5] WARN  server.GrpcLogAppender (LogUtils.java:warn(122)) - omNode-1@group-523986131536->omNode-3-AppendLogResponseHandler: Failed appendEntries: org.apache.ratis.thirdparty.io.grpc.StatusRuntimeException: UNAVAILABLE: io exception
2022-10-04 13:27:48,022 [grpc-default-executor-5] INFO  leader.FollowerInfo (FollowerInfoImpl.java:lambda$new$0(48)) - omNode-1@group-523986131536->omNode-3: nextIndex: updateUnconditionally 404 -> 45
2022-10-04 13:27:48,023 [grpc-default-executor-3] WARN  server.GrpcLogAppender (LogUtils.java:warn(122)) - omNode-1@group-523986131536->omNode-3-AppendLogResponseHandler: Failed appendEntries: org.apache.ratis.thirdparty.io.grpc.StatusRuntimeException: UNAVAILABLE: io exception
2022-10-04 13:27:48,023 [grpc-default-executor-3] INFO  leader.FollowerInfo (FollowerInfoImpl.java:lambda$new$0(48)) - omNode-1@group-523986131536->omNode-3: nextIndex: updateUnconditionally 405 -> 45
2022-10-04 13:27:48,025 [grpc-default-executor-3] WARN  server.GrpcLogAppender (LogUtils.java:warn(122)) - omNode-1@group-523986131536->omNode-3-AppendLogResponseHandler: Failed appendEntries: org.apache.ratis.thirdparty.io.grpc.StatusRuntimeException: UNAVAILABLE: io exception
2022-10-04 13:27:48,025 [grpc-default-executor-3] INFO  leader.FollowerInfo (FollowerInfoImpl.java:lambda$new$0(48)) - omNode-1@group-523986131536->omNode-3: nextIndex: updateUnconditionally 406 -> 45
2022-10-04 13:27:48,030 [grpc-default-executor-3] WARN  server.GrpcLogAppender (LogUtils.java:warn(122)) - omNode-1@group-523986131536->omNode-3-AppendLogResponseHandler: Failed appendEntries: org.apache.ratis.thirdparty.io.grpc.StatusRuntimeException: UNAVAILABLE: io exception
2022-10-04 13:27:48,031 [grpc-default-executor-3] INFO  leader.FollowerInfo (FollowerInfoImpl.java:lambda$new$0(48)) - omNode-1@group-523986131536->omNode-3: nextIndex: updateUnconditionally 406 -> 45
2022-10-04 13:27:48,034 [grpc-default-executor-3] WARN  server.GrpcLogAppender (LogUtils.java:warn(122)) - omNode-1@group-523986131536->omNode-3-AppendLogResponseHandler: Failed appendEntries: org.apache.ratis.thirdparty.io.grpc.StatusRuntimeException: UNAVAILABLE: io exception
2022-10-04 13:27:48,034 [grpc-default-executor-3] INFO  leader.FollowerInfo (FollowerInfoImpl.java:lambda$new$0(48)) - omNode-1@group-523986131536->omNode-3: nextIndex: updateUnconditionally 407 -> 45
2022-10-04 13:27:48,054 [grpc-default-executor-5] WARN  server.GrpcLogAppender (LogUtils.java:warn(122)) - omNode-1@group-523986131536->omNode-3-AppendLogResponseHandler: Failed appendEntries: org.apache.ratis.thirdparty.io.grpc.StatusRuntimeException: UNAVAILABLE: io exception
2022-10-04 13:27:48,055 [grpc-default-executor-5] INFO  leader.FollowerInfo (FollowerInfoImpl.java:lambda$new$0(48)) - omNode-1@group-523986131536->omNode-3: nextIndex: updateUnconditionally 407 -> 45
2022-10-04 13:27:48,056 [grpc-default-executor-5] WARN  server.GrpcLogAppender (LogUtils.java:warn(122)) - omNode-1@group-523986131536->omNode-3-AppendLogResponseHandler: Failed appendEntries: org.apache.ratis.thirdparty.io.grpc.StatusRuntimeException: UNAVAILABLE: io exception
2022-10-04 13:27:48,056 [grpc-default-executor-5] INFO  leader.FollowerInfo (FollowerInfoImpl.java:lambda$new$0(48)) - omNode-1@group-523986131536->omNode-3: nextIndex: updateUnconditionally 407 -> 45
2022-10-04 13:27:48,061 [grpc-default-executor-3] WARN  server.GrpcLogAppender (LogUtils.java:warn(122)) - omNode-1@group-523986131536->omNode-3-AppendLogResponseHandler: Failed appendEntries: org.apache.ratis.thirdparty.io.grpc.StatusRuntimeException: UNAVAILABLE: io exception
2022-10-04 13:27:48,061 [grpc-default-executor-3] INFO  leader.FollowerInfo (FollowerInfoImpl.java:lambda$new$0(48)) - omNode-1@group-523986131536->omNode-3: nextIndex: updateUnconditionally 408 -> 45
2022-10-04 13:27:48,072 [grpc-default-executor-3] WARN  server.GrpcLogAppender (LogUtils.java:warn(122)) - omNode-1@group-523986131536->omNode-3-AppendLogResponseHandler: Failed appendEntries: org.apache.ratis.thirdparty.io.grpc.StatusRuntimeException: UNAVAILABLE: io exception
2022-10-04 13:27:48,072 [grpc-default-executor-3] INFO  leader.FollowerInfo (FollowerInfoImpl.java:lambda$new$0(48)) - omNode-1@group-523986131536->omNode-3: nextIndex: updateUnconditionally 408 -> 45
2022-10-04 13:27:48,073 [grpc-default-executor-4] WARN  server.GrpcLogAppender (LogUtils.java:warn(122)) - omNode-1@group-523986131536->omNode-3-AppendLogResponseHandler: Failed appendEntries: org.apache.ratis.thirdparty.io.grpc.StatusRuntimeException: UNAVAILABLE: io exception
2022-10-04 13:27:48,073 [grpc-default-executor-4] INFO  leader.FollowerInfo (FollowerInfoImpl.java:lambda$new$0(48)) - omNode-1@group-523986131536->omNode-3: nextIndex: updateUnconditionally 409 -> 45
2022-10-04 13:27:48,078 [grpc-default-executor-3] WARN  server.GrpcLogAppender (LogUtils.java:warn(122)) - omNode-1@group-523986131536->omNode-3-AppendLogResponseHandler: Failed appendEntries: org.apache.ratis.thirdparty.io.grpc.StatusRuntimeException: UNAVAILABLE: io exception
2022-10-04 13:27:48,079 [grpc-default-executor-3] INFO  leader.FollowerInfo (FollowerInfoImpl.java:lambda$new$0(48)) - omNode-1@group-523986131536->omNode-3: nextIndex: updateUnconditionally 410 -> 45
2022-10-04 13:27:48,087 [grpc-default-executor-3] WARN  server.GrpcLogAppender (LogUtils.java:warn(122)) - omNode-1@group-523986131536->omNode-3-AppendLogResponseHandler: Failed appendEntries: org.apache.ratis.thirdparty.io.grpc.StatusRuntimeException: UNAVAILABLE: io exception
2022-10-04 13:27:48,087 [grpc-default-executor-3] INFO  leader.FollowerInfo (FollowerInfoImpl.java:lambda$new$0(48)) - omNode-1@group-523986131536->omNode-3: nextIndex: updateUnconditionally 410 -> 45
2022-10-04 13:27:48,088 [grpc-default-executor-3] WARN  server.GrpcLogAppender (LogUtils.java:warn(122)) - omNode-1@group-523986131536->omNode-3-AppendLogResponseHandler: Failed appendEntries: org.apache.ratis.thirdparty.io.grpc.StatusRuntimeException: UNAVAILABLE: io exception
2022-10-04 13:27:48,088 [grpc-default-executor-3] INFO  leader.FollowerInfo (FollowerInfoImpl.java:lambda$new$0(48)) - omNode-1@group-523986131536->omNode-3: nextIndex: updateUnconditionally 410 -> 45
2022-10-04 13:27:48,101 [grpc-default-executor-3] WARN  server.GrpcLogAppender (LogUtils.java:warn(122)) - omNode-1@group-523986131536->omNode-3-AppendLogResponseHandler: Failed appendEntries: org.apache.ratis.thirdparty.io.grpc.StatusRuntimeException: UNAVAILABLE: io exception
2022-10-04 13:27:48,102 [grpc-default-executor-3] INFO  leader.FollowerInfo (FollowerInfoImpl.java:lambda$new$0(48)) - omNode-1@group-523986131536->omNode-3: nextIndex: updateUnconditionally 411 -> 45
2022-10-04 13:27:48,114 [grpc-default-executor-4] WARN  server.GrpcLogAppender (LogUtils.java:warn(122)) - omNode-1@group-523986131536->omNode-3-AppendLogResponseHandler: Failed appendEntries: org.apache.ratis.thirdparty.io.grpc.StatusRuntimeException: UNAVAILABLE: io exception
2022-10-04 13:27:48,115 [grpc-default-executor-4] INFO  leader.FollowerInfo (FollowerInfoImpl.java:lambda$new$0(48)) - omNode-1@group-523986131536->omNode-3: nextIndex: updateUnconditionally 411 -> 45
2022-10-04 13:27:48,115 [grpc-default-executor-4] WARN  server.GrpcLogAppender (LogUtils.java:warn(122)) - omNode-1@group-523986131536->omNode-3-AppendLogResponseHandler: Failed appendEntries: org.apache.ratis.thirdparty.io.grpc.StatusRuntimeException: UNAVAILABLE: io exception
2022-10-04 13:27:48,116 [grpc-default-executor-4] INFO  leader.FollowerInfo (FollowerInfoImpl.java:lambda$new$0(48)) - omNode-1@group-523986131536->omNode-3: nextIndex: updateUnconditionally 411 -> 45
2022-10-04 13:27:48,127 [grpc-default-executor-3] WARN  server.GrpcLogAppender (LogUtils.java:warn(122)) - omNode-1@group-523986131536->omNode-3-AppendLogResponseHandler: Failed appendEntries: org.apache.ratis.thirdparty.io.grpc.StatusRuntimeException: UNAVAILABLE: io exception
2022-10-04 13:27:48,127 [grpc-default-executor-3] INFO  leader.FollowerInfo (FollowerInfoImpl.java:lambda$new$0(48)) - omNode-1@group-523986131536->omNode-3: nextIndex: updateUnconditionally 412 -> 45
2022-10-04 13:27:48,137 [omNode-2@group-523986131536-StateMachineUpdater] INFO  ratis.OzoneManagerStateMachine (OzoneManagerStateMachine.java:takeSnapshot(441)) - Current Snapshot Index (t:2, i:410)
2022-10-04 13:27:48,137 [omNode-2@group-523986131536-StateMachineUpdater] INFO  impl.StateMachineUpdater (StateMachineUpdater.java:takeSnapshot(287)) - omNode-2@group-523986131536-StateMachineUpdater: Took a snapshot at index 410
2022-10-04 13:27:48,137 [omNode-2@group-523986131536-StateMachineUpdater] INFO  impl.StateMachineUpdater (StateMachineUpdater.java:lambda$new$0(92)) - omNode-2@group-523986131536-StateMachineUpdater: snapshotIndex: updateIncreasingly 360 -> 410
2022-10-04 13:27:48,137 [omNode-2@group-523986131536-StateMachineUpdater] INFO  raftlog.RaftLog (RaftLogBase.java:purge(308)) - omNode-2@group-523986131536-SegmentedRaftLog: purge 410
2022-10-04 13:27:48,137 [omNode-2@group-523986131536-StateMachineUpdater] INFO  raftlog.RaftLog (RaftLogBase.java:lambda$new$0(53)) - omNode-2@group-523986131536-SegmentedRaftLog: snapshotIndex: updateIncreasingly 360 -> 410
2022-10-04 13:27:48,138 [omNode-2@group-523986131536-StateMachineUpdater] INFO  raftlog.RaftLog (RaftLogBase.java:lambda$new$0(53)) - omNode-2@group-523986131536-SegmentedRaftLog: purgeIndex: updateToMax old=360, new=410, updated? true
2022-10-04 13:27:48,144 [grpc-default-executor-3] WARN  server.GrpcLogAppender (LogUtils.java:warn(122)) - omNode-1@group-523986131536->omNode-3-AppendLogResponseHandler: Failed appendEntries: org.apache.ratis.thirdparty.io.grpc.StatusRuntimeException: UNAVAILABLE: io exception
2022-10-04 13:27:48,144 [grpc-default-executor-3] INFO  leader.FollowerInfo (FollowerInfoImpl.java:lambda$new$0(48)) - omNode-1@group-523986131536->omNode-3: nextIndex: updateUnconditionally 412 -> 45
2022-10-04 13:27:48,145 [grpc-default-executor-4] WARN  server.GrpcLogAppender (LogUtils.java:warn(122)) - omNode-1@group-523986131536->omNode-3-AppendLogResponseHandler: Failed appendEntries: org.apache.ratis.thirdparty.io.grpc.StatusRuntimeException: UNAVAILABLE: io exception
2022-10-04 13:27:48,146 [grpc-default-executor-4] INFO  leader.FollowerInfo (FollowerInfoImpl.java:lambda$new$0(48)) - omNode-1@group-523986131536->omNode-3: nextIndex: updateUnconditionally 413 -> 45
2022-10-04 13:27:48,148 [grpc-default-executor-3] WARN  server.GrpcLogAppender (LogUtils.java:warn(122)) - omNode-1@group-523986131536->omNode-3-AppendLogResponseHandler: Failed appendEntries: org.apache.ratis.thirdparty.io.grpc.StatusRuntimeException: UNAVAILABLE: io exception
2022-10-04 13:27:48,148 [grpc-default-executor-3] INFO  leader.FollowerInfo (FollowerInfoImpl.java:lambda$new$0(48)) - omNode-1@group-523986131536->omNode-3: nextIndex: updateUnconditionally 414 -> 45
2022-10-04 13:27:48,158 [grpc-default-executor-3] WARN  server.GrpcLogAppender (LogUtils.java:warn(122)) - omNode-1@group-523986131536->omNode-3-AppendLogResponseHandler: Failed appendEntries: org.apache.ratis.thirdparty.io.grpc.StatusRuntimeException: UNAVAILABLE: io exception
2022-10-04 13:27:48,159 [grpc-default-executor-3] INFO  leader.FollowerInfo (FollowerInfoImpl.java:lambda$new$0(48)) - omNode-1@group-523986131536->omNode-3: nextIndex: updateUnconditionally 414 -> 45
2022-10-04 13:27:48,160 [grpc-default-executor-3] WARN  server.GrpcLogAppender (LogUtils.java:warn(122)) - omNode-1@group-523986131536->omNode-3-AppendLogResponseHandler: Failed appendEntries: org.apache.ratis.thirdparty.io.grpc.StatusRuntimeException: UNAVAILABLE: io exception
2022-10-04 13:27:48,160 [grpc-default-executor-3] INFO  leader.FollowerInfo (FollowerInfoImpl.java:lambda$new$0(48)) - omNode-1@group-523986131536->omNode-3: nextIndex: updateUnconditionally 414 -> 45
2022-10-04 13:27:48,172 [grpc-default-executor-3] WARN  server.GrpcLogAppender (LogUtils.java:warn(122)) - omNode-1@group-523986131536->omNode-3-AppendLogResponseHandler: Failed appendEntries: org.apache.ratis.thirdparty.io.grpc.StatusRuntimeException: UNAVAILABLE: io exception
2022-10-04 13:27:48,172 [grpc-default-executor-3] INFO  leader.FollowerInfo (FollowerInfoImpl.java:lambda$new$0(48)) - omNode-1@group-523986131536->omNode-3: nextIndex: updateUnconditionally 415 -> 45
2022-10-04 13:27:48,173 [grpc-default-executor-4] WARN  server.GrpcLogAppender (LogUtils.java:warn(122)) - omNode-1@group-523986131536->omNode-3-AppendLogResponseHandler: Failed appendEntries: org.apache.ratis.thirdparty.io.grpc.StatusRuntimeException: UNAVAILABLE: io exception
2022-10-04 13:27:48,173 [grpc-default-executor-4] INFO  leader.FollowerInfo (FollowerInfoImpl.java:lambda$new$0(48)) - omNode-1@group-523986131536->omNode-3: nextIndex: updateUnconditionally 415 -> 45
2022-10-04 13:27:48,193 [grpc-default-executor-3] WARN  server.GrpcLogAppender (LogUtils.java:warn(122)) - omNode-1@group-523986131536->omNode-3-AppendLogResponseHandler: Failed appendEntries: org.apache.ratis.thirdparty.io.grpc.StatusRuntimeException: UNAVAILABLE: io exception
2022-10-04 13:27:48,193 [grpc-default-executor-3] INFO  leader.FollowerInfo (FollowerInfoImpl.java:lambda$new$0(48)) - omNode-1@group-523986131536->omNode-3: nextIndex: updateUnconditionally 415 -> 45
2022-10-04 13:27:48,194 [grpc-default-executor-3] WARN  server.GrpcLogAppender (LogUtils.java:warn(122)) - omNode-1@group-523986131536->omNode-3-AppendLogResponseHandler: Failed appendEntries: org.apache.ratis.thirdparty.io.grpc.StatusRuntimeException: UNAVAILABLE: io exception
2022-10-04 13:27:48,194 [grpc-default-executor-3] INFO  leader.FollowerInfo (FollowerInfoImpl.java:lambda$new$0(48)) - omNode-1@group-523986131536->omNode-3: nextIndex: updateUnconditionally 415 -> 45
2022-10-04 13:27:48,200 [grpc-default-executor-4] WARN  server.GrpcLogAppender (LogUtils.java:warn(122)) - omNode-1@group-523986131536->omNode-3-AppendLogResponseHandler: Failed appendEntries: org.apache.ratis.thirdparty.io.grpc.StatusRuntimeException: UNAVAILABLE: io exception
2022-10-04 13:27:48,200 [grpc-default-executor-4] INFO  leader.FollowerInfo (FollowerInfoImpl.java:lambda$new$0(48)) - omNode-1@group-523986131536->omNode-3: nextIndex: updateUnconditionally 416 -> 45
2022-10-04 13:27:48,216 [grpc-default-executor-4] WARN  server.GrpcLogAppender (LogUtils.java:warn(122)) - omNode-1@group-523986131536->omNode-3-AppendLogResponseHandler: Failed appendEntries: org.apache.ratis.thirdparty.io.grpc.StatusRuntimeException: UNAVAILABLE: io exception
2022-10-04 13:27:48,216 [grpc-default-executor-4] INFO  leader.FollowerInfo (FollowerInfoImpl.java:lambda$new$0(48)) - omNode-1@group-523986131536->omNode-3: nextIndex: updateUnconditionally 416 -> 45
2022-10-04 13:27:48,218 [grpc-default-executor-4] WARN  server.GrpcLogAppender (LogUtils.java:warn(122)) - omNode-1@group-523986131536->omNode-3-AppendLogResponseHandler: Failed appendEntries: org.apache.ratis.thirdparty.io.grpc.StatusRuntimeException: UNAVAILABLE: io exception
2022-10-04 13:27:48,218 [grpc-default-executor-4] INFO  leader.FollowerInfo (FollowerInfoImpl.java:lambda$new$0(48)) - omNode-1@group-523986131536->omNode-3: nextIndex: updateUnconditionally 417 -> 45
2022-10-04 13:27:48,222 [grpc-default-executor-5] WARN  server.GrpcLogAppender (LogUtils.java:warn(122)) - omNode-1@group-523986131536->omNode-3-AppendLogResponseHandler: Failed appendEntries: org.apache.ratis.thirdparty.io.grpc.StatusRuntimeException: UNAVAILABLE: io exception
2022-10-04 13:27:48,222 [grpc-default-executor-5] INFO  leader.FollowerInfo (FollowerInfoImpl.java:lambda$new$0(48)) - omNode-1@group-523986131536->omNode-3: nextIndex: updateUnconditionally 418 -> 45
2022-10-04 13:27:48,231 [grpc-default-executor-4] WARN  server.GrpcLogAppender (LogUtils.java:warn(122)) - omNode-1@group-523986131536->omNode-3-AppendLogResponseHandler: Failed appendEntries: org.apache.ratis.thirdparty.io.grpc.StatusRuntimeException: UNAVAILABLE: io exception
2022-10-04 13:27:48,231 [grpc-default-executor-4] INFO  leader.FollowerInfo (FollowerInfoImpl.java:lambda$new$0(48)) - omNode-1@group-523986131536->omNode-3: nextIndex: updateUnconditionally 418 -> 45
2022-10-04 13:27:48,254 [grpc-default-executor-5] WARN  server.GrpcLogAppender (LogUtils.java:warn(122)) - omNode-1@group-523986131536->omNode-3-AppendLogResponseHandler: Failed appendEntries: org.apache.ratis.thirdparty.io.grpc.StatusRuntimeException: UNAVAILABLE: io exception
2022-10-04 13:27:48,255 [grpc-default-executor-5] INFO  leader.FollowerInfo (FollowerInfoImpl.java:lambda$new$0(48)) - omNode-1@group-523986131536->omNode-3: nextIndex: updateUnconditionally 419 -> 45
2022-10-04 13:27:48,270 [grpc-default-executor-4] WARN  server.GrpcLogAppender (LogUtils.java:warn(122)) - omNode-1@group-523986131536->omNode-3-AppendLogResponseHandler: Failed appendEntries: org.apache.ratis.thirdparty.io.grpc.StatusRuntimeException: UNAVAILABLE: io exception
2022-10-04 13:27:48,271 [grpc-default-executor-4] INFO  leader.FollowerInfo (FollowerInfoImpl.java:lambda$new$0(48)) - omNode-1@group-523986131536->omNode-3: nextIndex: updateUnconditionally 419 -> 45
2022-10-04 13:27:48,272 [grpc-default-executor-4] WARN  server.GrpcLogAppender (LogUtils.java:warn(122)) - omNode-1@group-523986131536->omNode-3-AppendLogResponseHandler: Failed appendEntries: org.apache.ratis.thirdparty.io.grpc.StatusRuntimeException: UNAVAILABLE: io exception
2022-10-04 13:27:48,272 [grpc-default-executor-4] INFO  leader.FollowerInfo (FollowerInfoImpl.java:lambda$new$0(48)) - omNode-1@group-523986131536->omNode-3: nextIndex: updateUnconditionally 419 -> 45
2022-10-04 13:27:48,279 [grpc-default-executor-5] WARN  server.GrpcLogAppender (LogUtils.java:warn(122)) - omNode-1@group-523986131536->omNode-3-AppendLogResponseHandler: Failed appendEntries: org.apache.ratis.thirdparty.io.grpc.StatusRuntimeException: UNAVAILABLE: io exception
2022-10-04 13:27:48,279 [grpc-default-executor-5] INFO  leader.FollowerInfo (FollowerInfoImpl.java:lambda$new$0(48)) - omNode-1@group-523986131536->omNode-3: nextIndex: updateUnconditionally 420 -> 45
2022-10-04 13:27:48,290 [grpc-default-executor-5] WARN  server.GrpcLogAppender (LogUtils.java:warn(122)) - omNode-1@group-523986131536->omNode-3-AppendLogResponseHandler: Failed appendEntries: org.apache.ratis.thirdparty.io.grpc.StatusRuntimeException: UNAVAILABLE: io exception
2022-10-04 13:27:48,290 [grpc-default-executor-5] INFO  leader.FollowerInfo (FollowerInfoImpl.java:lambda$new$0(48)) - omNode-1@group-523986131536->omNode-3: nextIndex: updateUnconditionally 420 -> 45
2022-10-04 13:27:48,293 [grpc-default-executor-5] WARN  server.GrpcLogAppender (LogUtils.java:warn(122)) - omNode-1@group-523986131536->omNode-3-AppendLogResponseHandler: Failed appendEntries: org.apache.ratis.thirdparty.io.grpc.StatusRuntimeException: UNAVAILABLE: io exception
2022-10-04 13:27:48,293 [grpc-default-executor-5] INFO  leader.FollowerInfo (FollowerInfoImpl.java:lambda$new$0(48)) - omNode-1@group-523986131536->omNode-3: nextIndex: updateUnconditionally 422 -> 45
2022-10-04 13:27:48,298 [grpc-default-executor-5] WARN  server.GrpcLogAppender (LogUtils.java:warn(122)) - omNode-1@group-523986131536->omNode-3-AppendLogResponseHandler: Failed appendEntries: org.apache.ratis.thirdparty.io.grpc.StatusRuntimeException: UNAVAILABLE: io exception
2022-10-04 13:27:48,298 [grpc-default-executor-5] INFO  leader.FollowerInfo (FollowerInfoImpl.java:lambda$new$0(48)) - omNode-1@group-523986131536->omNode-3: nextIndex: updateUnconditionally 422 -> 45
2022-10-04 13:27:48,299 [grpc-default-executor-5] WARN  server.GrpcLogAppender (LogUtils.java:warn(122)) - omNode-1@group-523986131536->omNode-3-AppendLogResponseHandler: Failed appendEntries: org.apache.ratis.thirdparty.io.grpc.StatusRuntimeException: UNAVAILABLE: io exception
2022-10-04 13:27:48,299 [grpc-default-executor-5] INFO  leader.FollowerInfo (FollowerInfoImpl.java:lambda$new$0(48)) - omNode-1@group-523986131536->omNode-3: nextIndex: updateUnconditionally 422 -> 45
2022-10-04 13:27:48,320 [grpc-default-executor-5] WARN  server.GrpcLogAppender (LogUtils.java:warn(122)) - omNode-1@group-523986131536->omNode-3-AppendLogResponseHandler: Failed appendEntries: org.apache.ratis.thirdparty.io.grpc.StatusRuntimeException: UNAVAILABLE: io exception
2022-10-04 13:27:48,320 [grpc-default-executor-5] INFO  leader.FollowerInfo (FollowerInfoImpl.java:lambda$new$0(48)) - omNode-1@group-523986131536->omNode-3: nextIndex: updateUnconditionally 423 -> 45
2022-10-04 13:27:48,359 [grpc-default-executor-4] WARN  server.GrpcLogAppender (LogUtils.java:warn(122)) - omNode-1@group-523986131536->omNode-3-AppendLogResponseHandler: Failed appendEntries: org.apache.ratis.thirdparty.io.grpc.StatusRuntimeException: UNAVAILABLE: io exception
2022-10-04 13:27:48,360 [grpc-default-executor-4] INFO  leader.FollowerInfo (FollowerInfoImpl.java:lambda$new$0(48)) - omNode-1@group-523986131536->omNode-3: nextIndex: updateUnconditionally 424 -> 45
2022-10-04 13:27:48,363 [grpc-default-executor-4] WARN  server.GrpcLogAppender (LogUtils.java:warn(122)) - omNode-1@group-523986131536->omNode-3-AppendLogResponseHandler: Failed appendEntries: org.apache.ratis.thirdparty.io.grpc.StatusRuntimeException: UNAVAILABLE: io exception
2022-10-04 13:27:48,364 [grpc-default-executor-4] INFO  leader.FollowerInfo (FollowerInfoImpl.java:lambda$new$0(48)) - omNode-1@group-523986131536->omNode-3: nextIndex: updateUnconditionally 424 -> 45
2022-10-04 13:27:48,371 [grpc-default-executor-4] WARN  server.GrpcLogAppender (LogUtils.java:warn(122)) - omNode-1@group-523986131536->omNode-3-AppendLogResponseHandler: Failed appendEntries: org.apache.ratis.thirdparty.io.grpc.StatusRuntimeException: UNAVAILABLE: io exception
2022-10-04 13:27:48,374 [grpc-default-executor-4] INFO  leader.FollowerInfo (FollowerInfoImpl.java:lambda$new$0(48)) - omNode-1@group-523986131536->omNode-3: nextIndex: updateUnconditionally 425 -> 45
2022-10-04 13:27:48,382 [grpc-default-executor-4] WARN  server.GrpcLogAppender (LogUtils.java:warn(122)) - omNode-1@group-523986131536->omNode-3-AppendLogResponseHandler: Failed appendEntries: org.apache.ratis.thirdparty.io.grpc.StatusRuntimeException: UNAVAILABLE: io exception
2022-10-04 13:27:48,382 [grpc-default-executor-4] INFO  leader.FollowerInfo (FollowerInfoImpl.java:lambda$new$0(48)) - omNode-1@group-523986131536->omNode-3: nextIndex: updateUnconditionally 426 -> 45
2022-10-04 13:27:48,399 [grpc-default-executor-4] WARN  server.GrpcLogAppender (LogUtils.java:warn(122)) - omNode-1@group-523986131536->omNode-3-AppendLogResponseHandler: Failed appendEntries: org.apache.ratis.thirdparty.io.grpc.StatusRuntimeException: UNAVAILABLE: io exception
2022-10-04 13:27:48,399 [grpc-default-executor-4] INFO  leader.FollowerInfo (FollowerInfoImpl.java:lambda$new$0(48)) - omNode-1@group-523986131536->omNode-3: nextIndex: updateUnconditionally 426 -> 45
2022-10-04 13:27:48,400 [grpc-default-executor-4] WARN  server.GrpcLogAppender (LogUtils.java:warn(122)) - omNode-1@group-523986131536->omNode-3-AppendLogResponseHandler: Failed appendEntries: org.apache.ratis.thirdparty.io.grpc.StatusRuntimeException: UNAVAILABLE: io exception
2022-10-04 13:27:48,400 [grpc-default-executor-4] INFO  leader.FollowerInfo (FollowerInfoImpl.java:lambda$new$0(48)) - omNode-1@group-523986131536->omNode-3: nextIndex: updateUnconditionally 426 -> 45
2022-10-04 13:27:48,413 [grpc-default-executor-4] WARN  server.GrpcLogAppender (LogUtils.java:warn(122)) - omNode-1@group-523986131536->omNode-3-AppendLogResponseHandler: Failed appendEntries: org.apache.ratis.thirdparty.io.grpc.StatusRuntimeException: UNAVAILABLE: io exception
2022-10-04 13:27:48,414 [grpc-default-executor-4] INFO  leader.FollowerInfo (FollowerInfoImpl.java:lambda$new$0(48)) - omNode-1@group-523986131536->omNode-3: nextIndex: updateUnconditionally 427 -> 45
2022-10-04 13:27:48,423 [grpc-default-executor-4] WARN  server.GrpcLogAppender (LogUtils.java:warn(122)) - omNode-1@group-523986131536->omNode-3-AppendLogResponseHandler: Failed appendEntries: org.apache.ratis.thirdparty.io.grpc.StatusRuntimeException: UNAVAILABLE: io exception
2022-10-04 13:27:48,423 [grpc-default-executor-4] INFO  leader.FollowerInfo (FollowerInfoImpl.java:lambda$new$0(48)) - omNode-1@group-523986131536->omNode-3: nextIndex: updateUnconditionally 427 -> 45
2022-10-04 13:27:48,438 [grpc-default-executor-4] WARN  server.GrpcLogAppender (LogUtils.java:warn(122)) - omNode-1@group-523986131536->omNode-3-AppendLogResponseHandler: Failed appendEntries: org.apache.ratis.thirdparty.io.grpc.StatusRuntimeException: UNAVAILABLE: io exception
2022-10-04 13:27:48,438 [grpc-default-executor-4] INFO  leader.FollowerInfo (FollowerInfoImpl.java:lambda$new$0(48)) - omNode-1@group-523986131536->omNode-3: nextIndex: updateUnconditionally 427 -> 45
2022-10-04 13:27:48,439 [grpc-default-executor-4] WARN  server.GrpcLogAppender (LogUtils.java:warn(122)) - omNode-1@group-523986131536->omNode-3-AppendLogResponseHandler: Failed appendEntries: org.apache.ratis.thirdparty.io.grpc.StatusRuntimeException: UNAVAILABLE: io exception
2022-10-04 13:27:48,440 [grpc-default-executor-4] INFO  leader.FollowerInfo (FollowerInfoImpl.java:lambda$new$0(48)) - omNode-1@group-523986131536->omNode-3: nextIndex: updateUnconditionally 427 -> 45
2022-10-04 13:27:48,447 [grpc-default-executor-5] WARN  server.GrpcLogAppender (LogUtils.java:warn(122)) - omNode-1@group-523986131536->omNode-3-AppendLogResponseHandler: Failed appendEntries: org.apache.ratis.thirdparty.io.grpc.StatusRuntimeException: UNAVAILABLE: io exception
2022-10-04 13:27:48,447 [grpc-default-executor-5] INFO  leader.FollowerInfo (FollowerInfoImpl.java:lambda$new$0(48)) - omNode-1@group-523986131536->omNode-3: nextIndex: updateUnconditionally 428 -> 45
2022-10-04 13:27:48,458 [grpc-default-executor-5] WARN  server.GrpcLogAppender (LogUtils.java:warn(122)) - omNode-1@group-523986131536->omNode-3-AppendLogResponseHandler: Failed appendEntries: org.apache.ratis.thirdparty.io.grpc.StatusRuntimeException: UNAVAILABLE: io exception
2022-10-04 13:27:48,459 [grpc-default-executor-5] INFO  leader.FollowerInfo (FollowerInfoImpl.java:lambda$new$0(48)) - omNode-1@group-523986131536->omNode-3: nextIndex: updateUnconditionally 428 -> 45
2022-10-04 13:27:48,460 [grpc-default-executor-5] WARN  server.GrpcLogAppender (LogUtils.java:warn(122)) - omNode-1@group-523986131536->omNode-3-AppendLogResponseHandler: Failed appendEntries: org.apache.ratis.thirdparty.io.grpc.StatusRuntimeException: UNAVAILABLE: io exception
2022-10-04 13:27:48,460 [grpc-default-executor-5] INFO  leader.FollowerInfo (FollowerInfoImpl.java:lambda$new$0(48)) - omNode-1@group-523986131536->omNode-3: nextIndex: updateUnconditionally 429 -> 45
2022-10-04 13:27:48,463 [grpc-default-executor-4] WARN  server.GrpcLogAppender (LogUtils.java:warn(122)) - omNode-1@group-523986131536->omNode-3-AppendLogResponseHandler: Failed appendEntries: org.apache.ratis.thirdparty.io.grpc.StatusRuntimeException: UNAVAILABLE: io exception
2022-10-04 13:27:48,463 [grpc-default-executor-4] INFO  leader.FollowerInfo (FollowerInfoImpl.java:lambda$new$0(48)) - omNode-1@group-523986131536->omNode-3: nextIndex: updateUnconditionally 430 -> 45
2022-10-04 13:27:48,475 [grpc-default-executor-5] WARN  server.GrpcLogAppender (LogUtils.java:warn(122)) - omNode-1@group-523986131536->omNode-3-AppendLogResponseHandler: Failed appendEntries: org.apache.ratis.thirdparty.io.grpc.StatusRuntimeException: UNAVAILABLE: io exception
2022-10-04 13:27:48,476 [grpc-default-executor-5] INFO  leader.FollowerInfo (FollowerInfoImpl.java:lambda$new$0(48)) - omNode-1@group-523986131536->omNode-3: nextIndex: updateUnconditionally 430 -> 45
2022-10-04 13:27:48,476 [grpc-default-executor-5] WARN  server.GrpcLogAppender (LogUtils.java:warn(122)) - omNode-1@group-523986131536->omNode-3-AppendLogResponseHandler: Failed appendEntries: org.apache.ratis.thirdparty.io.grpc.StatusRuntimeException: UNAVAILABLE: io exception
2022-10-04 13:27:48,477 [grpc-default-executor-5] INFO  leader.FollowerInfo (FollowerInfoImpl.java:lambda$new$0(48)) - omNode-1@group-523986131536->omNode-3: nextIndex: updateUnconditionally 430 -> 45
2022-10-04 13:27:48,483 [grpc-default-executor-5] WARN  server.GrpcLogAppender (LogUtils.java:warn(122)) - omNode-1@group-523986131536->omNode-3-AppendLogResponseHandler: Failed appendEntries: org.apache.ratis.thirdparty.io.grpc.StatusRuntimeException: UNAVAILABLE: io exception
2022-10-04 13:27:48,483 [grpc-default-executor-5] INFO  leader.FollowerInfo (FollowerInfoImpl.java:lambda$new$0(48)) - omNode-1@group-523986131536->omNode-3: nextIndex: updateUnconditionally 431 -> 45
2022-10-04 13:27:48,499 [grpc-default-executor-4] WARN  server.GrpcLogAppender (LogUtils.java:warn(122)) - omNode-1@group-523986131536->omNode-3-AppendLogResponseHandler: Failed appendEntries: org.apache.ratis.thirdparty.io.grpc.StatusRuntimeException: UNAVAILABLE: io exception
2022-10-04 13:27:48,500 [grpc-default-executor-4] INFO  leader.FollowerInfo (FollowerInfoImpl.java:lambda$new$0(48)) - omNode-1@group-523986131536->omNode-3: nextIndex: updateUnconditionally 431 -> 45
2022-10-04 13:27:48,507 [grpc-default-executor-5] WARN  server.GrpcLogAppender (LogUtils.java:warn(122)) - omNode-1@group-523986131536->omNode-3-AppendLogResponseHandler: Failed appendEntries: org.apache.ratis.thirdparty.io.grpc.StatusRuntimeException: UNAVAILABLE: io exception
2022-10-04 13:27:48,507 [grpc-default-executor-5] INFO  leader.FollowerInfo (FollowerInfoImpl.java:lambda$new$0(48)) - omNode-1@group-523986131536->omNode-3: nextIndex: updateUnconditionally 432 -> 45
2022-10-04 13:27:48,521 [grpc-default-executor-5] WARN  server.GrpcLogAppender (LogUtils.java:warn(122)) - omNode-1@group-523986131536->omNode-3-AppendLogResponseHandler: Failed appendEntries: org.apache.ratis.thirdparty.io.grpc.StatusRuntimeException: UNAVAILABLE: io exception
2022-10-04 13:27:48,521 [grpc-default-executor-5] INFO  leader.FollowerInfo (FollowerInfoImpl.java:lambda$new$0(48)) - omNode-1@group-523986131536->omNode-3: nextIndex: updateUnconditionally 432 -> 45
2022-10-04 13:27:48,522 [grpc-default-executor-4] WARN  server.GrpcLogAppender (LogUtils.java:warn(122)) - omNode-1@group-523986131536->omNode-3-AppendLogResponseHandler: Failed appendEntries: org.apache.ratis.thirdparty.io.grpc.StatusRuntimeException: UNAVAILABLE: io exception
2022-10-04 13:27:48,523 [grpc-default-executor-4] INFO  leader.FollowerInfo (FollowerInfoImpl.java:lambda$new$0(48)) - omNode-1@group-523986131536->omNode-3: nextIndex: updateUnconditionally 433 -> 45
2022-10-04 13:27:48,525 [grpc-default-executor-5] WARN  server.GrpcLogAppender (LogUtils.java:warn(122)) - omNode-1@group-523986131536->omNode-3-AppendLogResponseHandler: Failed appendEntries: org.apache.ratis.thirdparty.io.grpc.StatusRuntimeException: UNAVAILABLE: io exception
2022-10-04 13:27:48,525 [grpc-default-executor-5] INFO  leader.FollowerInfo (FollowerInfoImpl.java:lambda$new$0(48)) - omNode-1@group-523986131536->omNode-3: nextIndex: updateUnconditionally 434 -> 45
2022-10-04 13:27:48,545 [grpc-default-executor-5] WARN  server.GrpcLogAppender (LogUtils.java:warn(122)) - omNode-1@group-523986131536->omNode-3-AppendLogResponseHandler: Failed appendEntries: org.apache.ratis.thirdparty.io.grpc.StatusRuntimeException: UNAVAILABLE: io exception
2022-10-04 13:27:48,545 [grpc-default-executor-5] INFO  leader.FollowerInfo (FollowerInfoImpl.java:lambda$new$0(48)) - omNode-1@group-523986131536->omNode-3: nextIndex: updateUnconditionally 434 -> 45
2022-10-04 13:27:48,547 [grpc-default-executor-5] WARN  server.GrpcLogAppender (LogUtils.java:warn(122)) - omNode-1@group-523986131536->omNode-3-AppendLogResponseHandler: Failed appendEntries: org.apache.ratis.thirdparty.io.grpc.StatusRuntimeException: UNAVAILABLE: io exception
2022-10-04 13:27:48,547 [grpc-default-executor-5] INFO  leader.FollowerInfo (FollowerInfoImpl.java:lambda$new$0(48)) - omNode-1@group-523986131536->omNode-3: nextIndex: updateUnconditionally 434 -> 45
2022-10-04 13:27:48,562 [grpc-default-executor-5] WARN  server.GrpcLogAppender (LogUtils.java:warn(122)) - omNode-1@group-523986131536->omNode-3-AppendLogResponseHandler: Failed appendEntries: org.apache.ratis.thirdparty.io.grpc.StatusRuntimeException: UNAVAILABLE: io exception
2022-10-04 13:27:48,562 [grpc-default-executor-5] INFO  leader.FollowerInfo (FollowerInfoImpl.java:lambda$new$0(48)) - omNode-1@group-523986131536->omNode-3: nextIndex: updateUnconditionally 435 -> 45
2022-10-04 13:27:48,578 [grpc-default-executor-4] WARN  server.GrpcLogAppender (LogUtils.java:warn(122)) - omNode-1@group-523986131536->omNode-3-AppendLogResponseHandler: Failed appendEntries: org.apache.ratis.thirdparty.io.grpc.StatusRuntimeException: UNAVAILABLE: io exception
2022-10-04 13:27:48,578 [grpc-default-executor-4] INFO  leader.FollowerInfo (FollowerInfoImpl.java:lambda$new$0(48)) - omNode-1@group-523986131536->omNode-3: nextIndex: updateUnconditionally 435 -> 45
2022-10-04 13:27:48,579 [grpc-default-executor-4] WARN  server.GrpcLogAppender (LogUtils.java:warn(122)) - omNode-1@group-523986131536->omNode-3-AppendLogResponseHandler: Failed appendEntries: org.apache.ratis.thirdparty.io.grpc.StatusRuntimeException: UNAVAILABLE: io exception
2022-10-04 13:27:48,579 [grpc-default-executor-4] INFO  leader.FollowerInfo (FollowerInfoImpl.java:lambda$new$0(48)) - omNode-1@group-523986131536->omNode-3: nextIndex: updateUnconditionally 435 -> 45
2022-10-04 13:27:48,588 [grpc-default-executor-5] WARN  server.GrpcLogAppender (LogUtils.java:warn(122)) - omNode-1@group-523986131536->omNode-3-AppendLogResponseHandler: Failed appendEntries: org.apache.ratis.thirdparty.io.grpc.StatusRuntimeException: UNAVAILABLE: io exception
2022-10-04 13:27:48,589 [grpc-default-executor-5] INFO  leader.FollowerInfo (FollowerInfoImpl.java:lambda$new$0(48)) - omNode-1@group-523986131536->omNode-3: nextIndex: updateUnconditionally 436 -> 45
2022-10-04 13:27:48,601 [grpc-default-executor-5] WARN  server.GrpcLogAppender (LogUtils.java:warn(122)) - omNode-1@group-523986131536->omNode-3-AppendLogResponseHandler: Failed appendEntries: org.apache.ratis.thirdparty.io.grpc.StatusRuntimeException: UNAVAILABLE: io exception
2022-10-04 13:27:48,601 [grpc-default-executor-5] INFO  leader.FollowerInfo (FollowerInfoImpl.java:lambda$new$0(48)) - omNode-1@group-523986131536->omNode-3: nextIndex: updateUnconditionally 436 -> 45
2022-10-04 13:27:48,602 [grpc-default-executor-4] WARN  server.GrpcLogAppender (LogUtils.java:warn(122)) - omNode-1@group-523986131536->omNode-3-AppendLogResponseHandler: Failed appendEntries: org.apache.ratis.thirdparty.io.grpc.StatusRuntimeException: UNAVAILABLE: io exception
2022-10-04 13:27:48,603 [grpc-default-executor-4] INFO  leader.FollowerInfo (FollowerInfoImpl.java:lambda$new$0(48)) - omNode-1@group-523986131536->omNode-3: nextIndex: updateUnconditionally 437 -> 45
2022-10-04 13:27:48,604 [grpc-default-executor-5] WARN  server.GrpcLogAppender (LogUtils.java:warn(122)) - omNode-1@group-523986131536->omNode-3-AppendLogResponseHandler: Failed appendEntries: org.apache.ratis.thirdparty.io.grpc.StatusRuntimeException: UNAVAILABLE: io exception
2022-10-04 13:27:48,605 [grpc-default-executor-5] INFO  leader.FollowerInfo (FollowerInfoImpl.java:lambda$new$0(48)) - omNode-1@group-523986131536->omNode-3: nextIndex: updateUnconditionally 438 -> 45
2022-10-04 13:27:48,614 [grpc-default-executor-5] WARN  server.GrpcLogAppender (LogUtils.java:warn(122)) - omNode-1@group-523986131536->omNode-3-AppendLogResponseHandler: Failed appendEntries: org.apache.ratis.thirdparty.io.grpc.StatusRuntimeException: UNAVAILABLE: io exception
2022-10-04 13:27:48,615 [grpc-default-executor-5] INFO  leader.FollowerInfo (FollowerInfoImpl.java:lambda$new$0(48)) - omNode-1@group-523986131536->omNode-3: nextIndex: updateUnconditionally 438 -> 45
2022-10-04 13:27:48,616 [grpc-default-executor-5] WARN  server.GrpcLogAppender (LogUtils.java:warn(122)) - omNode-1@group-523986131536->omNode-3-AppendLogResponseHandler: Failed appendEntries: org.apache.ratis.thirdparty.io.grpc.StatusRuntimeException: UNAVAILABLE: io exception
2022-10-04 13:27:48,616 [grpc-default-executor-5] INFO  leader.FollowerInfo (FollowerInfoImpl.java:lambda$new$0(48)) - omNode-1@group-523986131536->omNode-3: nextIndex: updateUnconditionally 438 -> 45
2022-10-04 13:27:48,621 [grpc-default-executor-5] WARN  server.GrpcLogAppender (LogUtils.java:warn(122)) - omNode-1@group-523986131536->omNode-3-AppendLogResponseHandler: Failed appendEntries: org.apache.ratis.thirdparty.io.grpc.StatusRuntimeException: UNAVAILABLE: io exception
2022-10-04 13:27:48,622 [grpc-default-executor-5] INFO  leader.FollowerInfo (FollowerInfoImpl.java:lambda$new$0(48)) - omNode-1@group-523986131536->omNode-3: nextIndex: updateUnconditionally 439 -> 45
2022-10-04 13:27:48,628 [EndpointStateMachine task thread for /0.0.0.0:41361 - 0 ] INFO  ipc.Client (Client.java:handleConnectionFailure(977)) - Retrying connect to server: 0.0.0.0/0.0.0.0:41361. Already tried 12 time(s); retry policy is RetryUpToMaximumCountWithFixedSleep(maxRetries=15, sleepTime=1000 MILLISECONDS)
2022-10-04 13:27:48,642 [grpc-default-executor-5] WARN  server.GrpcLogAppender (LogUtils.java:warn(122)) - omNode-1@group-523986131536->omNode-3-AppendLogResponseHandler: Failed appendEntries: org.apache.ratis.thirdparty.io.grpc.StatusRuntimeException: UNAVAILABLE: io exception
2022-10-04 13:27:48,643 [grpc-default-executor-5] INFO  leader.FollowerInfo (FollowerInfoImpl.java:lambda$new$0(48)) - omNode-1@group-523986131536->omNode-3: nextIndex: updateUnconditionally 439 -> 45
2022-10-04 13:27:48,644 [grpc-default-executor-5] WARN  server.GrpcLogAppender (LogUtils.java:warn(122)) - omNode-1@group-523986131536->omNode-3-AppendLogResponseHandler: Failed appendEntries: org.apache.ratis.thirdparty.io.grpc.StatusRuntimeException: UNAVAILABLE: io exception
2022-10-04 13:27:48,644 [grpc-default-executor-5] INFO  leader.FollowerInfo (FollowerInfoImpl.java:lambda$new$0(48)) - omNode-1@group-523986131536->omNode-3: nextIndex: updateUnconditionally 439 -> 45
2022-10-04 13:27:48,652 [grpc-default-executor-4] WARN  server.GrpcLogAppender (LogUtils.java:warn(122)) - omNode-1@group-523986131536->omNode-3-AppendLogResponseHandler: Failed appendEntries: org.apache.ratis.thirdparty.io.grpc.StatusRuntimeException: UNAVAILABLE: io exception
2022-10-04 13:27:48,652 [grpc-default-executor-4] INFO  leader.FollowerInfo (FollowerInfoImpl.java:lambda$new$0(48)) - omNode-1@group-523986131536->omNode-3: nextIndex: updateUnconditionally 440 -> 45
2022-10-04 13:27:48,666 [grpc-default-executor-5] WARN  server.GrpcLogAppender (LogUtils.java:warn(122)) - omNode-1@group-523986131536->omNode-3-AppendLogResponseHandler: Failed appendEntries: org.apache.ratis.thirdparty.io.grpc.StatusRuntimeException: UNAVAILABLE: io exception
2022-10-04 13:27:48,666 [grpc-default-executor-5] INFO  leader.FollowerInfo (FollowerInfoImpl.java:lambda$new$0(48)) - omNode-1@group-523986131536->omNode-3: nextIndex: updateUnconditionally 440 -> 45
2022-10-04 13:27:48,669 [grpc-default-executor-5] WARN  server.GrpcLogAppender (LogUtils.java:warn(122)) - omNode-1@group-523986131536->omNode-3-AppendLogResponseHandler: Failed appendEntries: org.apache.ratis.thirdparty.io.grpc.StatusRuntimeException: UNAVAILABLE: io exception
2022-10-04 13:27:48,669 [grpc-default-executor-5] INFO  leader.FollowerInfo (FollowerInfoImpl.java:lambda$new$0(48)) - omNode-1@group-523986131536->omNode-3: nextIndex: updateUnconditionally 442 -> 45
2022-10-04 13:27:48,674 [grpc-default-executor-4] WARN  server.GrpcLogAppender (LogUtils.java:warn(122)) - omNode-1@group-523986131536->omNode-3-AppendLogResponseHandler: Failed appendEntries: org.apache.ratis.thirdparty.io.grpc.StatusRuntimeException: UNAVAILABLE: io exception
2022-10-04 13:27:48,674 [grpc-default-executor-4] INFO  leader.FollowerInfo (FollowerInfoImpl.java:lambda$new$0(48)) - omNode-1@group-523986131536->omNode-3: nextIndex: updateUnconditionally 442 -> 45
2022-10-04 13:27:48,677 [grpc-default-executor-4] WARN  server.GrpcLogAppender (LogUtils.java:warn(122)) - omNode-1@group-523986131536->omNode-3-AppendLogResponseHandler: Failed appendEntries: org.apache.ratis.thirdparty.io.grpc.StatusRuntimeException: UNAVAILABLE: io exception
2022-10-04 13:27:48,677 [grpc-default-executor-4] INFO  leader.FollowerInfo (FollowerInfoImpl.java:lambda$new$0(48)) - omNode-1@group-523986131536->omNode-3: nextIndex: updateUnconditionally 442 -> 45
2022-10-04 13:27:48,690 [grpc-default-executor-4] WARN  server.GrpcLogAppender (LogUtils.java:warn(122)) - omNode-1@group-523986131536->omNode-3-AppendLogResponseHandler: Failed appendEntries: org.apache.ratis.thirdparty.io.grpc.StatusRuntimeException: UNAVAILABLE: io exception
2022-10-04 13:27:48,690 [grpc-default-executor-4] INFO  leader.FollowerInfo (FollowerInfoImpl.java:lambda$new$0(48)) - omNode-1@group-523986131536->omNode-3: nextIndex: updateUnconditionally 443 -> 45
2022-10-04 13:27:48,699 [grpc-default-executor-4] WARN  server.GrpcLogAppender (LogUtils.java:warn(122)) - omNode-1@group-523986131536->omNode-3-AppendLogResponseHandler: Failed appendEntries: org.apache.ratis.thirdparty.io.grpc.StatusRuntimeException: UNAVAILABLE: io exception
2022-10-04 13:27:48,699 [grpc-default-executor-4] INFO  leader.FollowerInfo (FollowerInfoImpl.java:lambda$new$0(48)) - omNode-1@group-523986131536->omNode-3: nextIndex: updateUnconditionally 443 -> 45
2022-10-04 13:27:48,700 [grpc-default-executor-4] WARN  server.GrpcLogAppender (LogUtils.java:warn(122)) - omNode-1@group-523986131536->omNode-3-AppendLogResponseHandler: Failed appendEntries: org.apache.ratis.thirdparty.io.grpc.StatusRuntimeException: UNAVAILABLE: io exception
2022-10-04 13:27:48,701 [grpc-default-executor-4] INFO  leader.FollowerInfo (FollowerInfoImpl.java:lambda$new$0(48)) - omNode-1@group-523986131536->omNode-3: nextIndex: updateUnconditionally 443 -> 45
2022-10-04 13:27:48,715 [grpc-default-executor-5] WARN  server.GrpcLogAppender (LogUtils.java:warn(122)) - omNode-1@group-523986131536->omNode-3-AppendLogResponseHandler: Failed appendEntries: org.apache.ratis.thirdparty.io.grpc.StatusRuntimeException: UNAVAILABLE: io exception
2022-10-04 13:27:48,715 [grpc-default-executor-5] INFO  leader.FollowerInfo (FollowerInfoImpl.java:lambda$new$0(48)) - omNode-1@group-523986131536->omNode-3: nextIndex: updateUnconditionally 444 -> 45
2022-10-04 13:27:48,727 [grpc-default-executor-5] WARN  server.GrpcLogAppender (LogUtils.java:warn(122)) - omNode-1@group-523986131536->omNode-3-AppendLogResponseHandler: Failed appendEntries: org.apache.ratis.thirdparty.io.grpc.StatusRuntimeException: UNAVAILABLE: io exception
2022-10-04 13:27:48,727 [grpc-default-executor-5] INFO  leader.FollowerInfo (FollowerInfoImpl.java:lambda$new$0(48)) - omNode-1@group-523986131536->omNode-3: nextIndex: updateUnconditionally 444 -> 45
2022-10-04 13:27:48,729 [grpc-default-executor-5] WARN  server.GrpcLogAppender (LogUtils.java:warn(122)) - omNode-1@group-523986131536->omNode-3-AppendLogResponseHandler: Failed appendEntries: org.apache.ratis.thirdparty.io.grpc.StatusRuntimeException: UNAVAILABLE: io exception
2022-10-04 13:27:48,729 [grpc-default-executor-5] INFO  leader.FollowerInfo (FollowerInfoImpl.java:lambda$new$0(48)) - omNode-1@group-523986131536->omNode-3: nextIndex: updateUnconditionally 445 -> 45
2022-10-04 13:27:48,730 [grpc-default-executor-5] WARN  server.GrpcLogAppender (LogUtils.java:warn(122)) - omNode-1@group-523986131536->omNode-3-AppendLogResponseHandler: Failed appendEntries: org.apache.ratis.thirdparty.io.grpc.StatusRuntimeException: UNAVAILABLE: io exception
2022-10-04 13:27:48,730 [grpc-default-executor-5] INFO  leader.FollowerInfo (FollowerInfoImpl.java:lambda$new$0(48)) - omNode-1@group-523986131536->omNode-3: nextIndex: updateUnconditionally 446 -> 45
2022-10-04 13:27:48,742 [grpc-default-executor-5] WARN  server.GrpcLogAppender (LogUtils.java:warn(122)) - omNode-1@group-523986131536->omNode-3-AppendLogResponseHandler: Failed appendEntries: org.apache.ratis.thirdparty.io.grpc.StatusRuntimeException: UNAVAILABLE: io exception
2022-10-04 13:27:48,742 [grpc-default-executor-5] INFO  leader.FollowerInfo (FollowerInfoImpl.java:lambda$new$0(48)) - omNode-1@group-523986131536->omNode-3: nextIndex: updateUnconditionally 446 -> 45
2022-10-04 13:27:48,743 [grpc-default-executor-5] WARN  server.GrpcLogAppender (LogUtils.java:warn(122)) - omNode-1@group-523986131536->omNode-3-AppendLogResponseHandler: Failed appendEntries: org.apache.ratis.thirdparty.io.grpc.StatusRuntimeException: UNAVAILABLE: io exception
2022-10-04 13:27:48,743 [grpc-default-executor-5] INFO  leader.FollowerInfo (FollowerInfoImpl.java:lambda$new$0(48)) - omNode-1@group-523986131536->omNode-3: nextIndex: updateUnconditionally 446 -> 45
2022-10-04 13:27:48,749 [grpc-default-executor-4] WARN  server.GrpcLogAppender (LogUtils.java:warn(122)) - omNode-1@group-523986131536->omNode-3-AppendLogResponseHandler: Failed appendEntries: org.apache.ratis.thirdparty.io.grpc.StatusRuntimeException: UNAVAILABLE: io exception
2022-10-04 13:27:48,749 [grpc-default-executor-4] INFO  leader.FollowerInfo (FollowerInfoImpl.java:lambda$new$0(48)) - omNode-1@group-523986131536->omNode-3: nextIndex: updateUnconditionally 447 -> 45
2022-10-04 13:27:48,782 [grpc-default-executor-5] WARN  server.GrpcLogAppender (LogUtils.java:warn(122)) - omNode-1@group-523986131536->omNode-3-AppendLogResponseHandler: Failed appendEntries: org.apache.ratis.thirdparty.io.grpc.StatusRuntimeException: UNAVAILABLE: io exception
2022-10-04 13:27:48,782 [grpc-default-executor-5] INFO  leader.FollowerInfo (FollowerInfoImpl.java:lambda$new$0(48)) - omNode-1@group-523986131536->omNode-3: nextIndex: updateUnconditionally 447 -> 45
2022-10-04 13:27:48,792 [grpc-default-executor-4] WARN  server.GrpcLogAppender (LogUtils.java:warn(122)) - omNode-1@group-523986131536->omNode-3-AppendLogResponseHandler: Failed appendEntries: org.apache.ratis.thirdparty.io.grpc.StatusRuntimeException: UNAVAILABLE: io exception
2022-10-04 13:27:48,792 [grpc-default-executor-4] INFO  leader.FollowerInfo (FollowerInfoImpl.java:lambda$new$0(48)) - omNode-1@group-523986131536->omNode-3: nextIndex: updateUnconditionally 448 -> 45
2022-10-04 13:27:48,810 [grpc-default-executor-4] WARN  server.GrpcLogAppender (LogUtils.java:warn(122)) - omNode-1@group-523986131536->omNode-3-AppendLogResponseHandler: Failed appendEntries: org.apache.ratis.thirdparty.io.grpc.StatusRuntimeException: UNAVAILABLE: io exception
2022-10-04 13:27:48,810 [grpc-default-executor-4] INFO  leader.FollowerInfo (FollowerInfoImpl.java:lambda$new$0(48)) - omNode-1@group-523986131536->omNode-3: nextIndex: updateUnconditionally 448 -> 45
2022-10-04 13:27:48,811 [grpc-default-executor-5] WARN  server.GrpcLogAppender (LogUtils.java:warn(122)) - omNode-1@group-523986131536->omNode-3-AppendLogResponseHandler: Failed appendEntries: org.apache.ratis.thirdparty.io.grpc.StatusRuntimeException: UNAVAILABLE: io exception
2022-10-04 13:27:48,811 [grpc-default-executor-5] INFO  leader.FollowerInfo (FollowerInfoImpl.java:lambda$new$0(48)) - omNode-1@group-523986131536->omNode-3: nextIndex: updateUnconditionally 449 -> 45
2022-10-04 13:27:48,813 [grpc-default-executor-4] WARN  server.GrpcLogAppender (LogUtils.java:warn(122)) - omNode-1@group-523986131536->omNode-3-AppendLogResponseHandler: Failed appendEntries: org.apache.ratis.thirdparty.io.grpc.StatusRuntimeException: UNAVAILABLE: io exception
2022-10-04 13:27:48,814 [grpc-default-executor-4] INFO  leader.FollowerInfo (FollowerInfoImpl.java:lambda$new$0(48)) - omNode-1@group-523986131536->omNode-3: nextIndex: updateUnconditionally 450 -> 45
2022-10-04 13:27:48,831 [grpc-default-executor-4] WARN  server.GrpcLogAppender (LogUtils.java:warn(122)) - omNode-1@group-523986131536->omNode-3-AppendLogResponseHandler: Failed appendEntries: org.apache.ratis.thirdparty.io.grpc.StatusRuntimeException: UNAVAILABLE: io exception
2022-10-04 13:27:48,831 [grpc-default-executor-4] INFO  leader.FollowerInfo (FollowerInfoImpl.java:lambda$new$0(48)) - omNode-1@group-523986131536->omNode-3: nextIndex: updateUnconditionally 450 -> 45
2022-10-04 13:27:48,832 [grpc-default-executor-4] WARN  server.GrpcLogAppender (LogUtils.java:warn(122)) - omNode-1@group-523986131536->omNode-3-AppendLogResponseHandler: Failed appendEntries: org.apache.ratis.thirdparty.io.grpc.StatusRuntimeException: UNAVAILABLE: io exception
2022-10-04 13:27:48,832 [grpc-default-executor-4] INFO  leader.FollowerInfo (FollowerInfoImpl.java:lambda$new$0(48)) - omNode-1@group-523986131536->omNode-3: nextIndex: updateUnconditionally 450 -> 45
2022-10-04 13:27:48,844 [grpc-default-executor-4] WARN  server.GrpcLogAppender (LogUtils.java:warn(122)) - omNode-1@group-523986131536->omNode-3-AppendLogResponseHandler: Failed appendEntries: org.apache.ratis.thirdparty.io.grpc.StatusRuntimeException: UNAVAILABLE: io exception
2022-10-04 13:27:48,844 [grpc-default-executor-4] INFO  leader.FollowerInfo (FollowerInfoImpl.java:lambda$new$0(48)) - omNode-1@group-523986131536->omNode-3: nextIndex: updateUnconditionally 451 -> 45
2022-10-04 13:27:48,862 [omNode-1@group-523986131536-StateMachineUpdater] INFO  ratis.OzoneManagerStateMachine (OzoneManagerStateMachine.java:takeSnapshot(441)) - Current Snapshot Index (t:2, i:450)
2022-10-04 13:27:48,862 [omNode-1@group-523986131536-StateMachineUpdater] INFO  impl.StateMachineUpdater (StateMachineUpdater.java:takeSnapshot(287)) - omNode-1@group-523986131536-StateMachineUpdater: Took a snapshot at index 450
2022-10-04 13:27:48,862 [omNode-1@group-523986131536-StateMachineUpdater] INFO  impl.StateMachineUpdater (StateMachineUpdater.java:lambda$new$0(92)) - omNode-1@group-523986131536-StateMachineUpdater: snapshotIndex: updateIncreasingly 400 -> 450
2022-10-04 13:27:48,862 [omNode-1@group-523986131536-StateMachineUpdater] INFO  raftlog.RaftLog (RaftLogBase.java:purge(308)) - omNode-1@group-523986131536-SegmentedRaftLog: purge 450
2022-10-04 13:27:48,862 [omNode-1@group-523986131536-StateMachineUpdater] INFO  raftlog.RaftLog (RaftLogBase.java:lambda$new$0(53)) - omNode-1@group-523986131536-SegmentedRaftLog: snapshotIndex: updateIncreasingly 400 -> 450
2022-10-04 13:27:48,862 [omNode-1@group-523986131536-StateMachineUpdater] INFO  raftlog.RaftLog (RaftLogBase.java:lambda$new$0(53)) - omNode-1@group-523986131536-SegmentedRaftLog: purgeIndex: updateToMax old=400, new=450, updated? true
2022-10-04 13:27:48,862 [grpc-default-executor-5] WARN  server.GrpcLogAppender (LogUtils.java:warn(122)) - omNode-1@group-523986131536->omNode-3-AppendLogResponseHandler: Failed appendEntries: org.apache.ratis.thirdparty.io.grpc.StatusRuntimeException: UNAVAILABLE: io exception
2022-10-04 13:27:48,863 [grpc-default-executor-5] INFO  leader.FollowerInfo (FollowerInfoImpl.java:lambda$new$0(48)) - omNode-1@group-523986131536->omNode-3: nextIndex: updateUnconditionally 451 -> 45
2022-10-04 13:27:48,864 [grpc-default-executor-5] WARN  server.GrpcLogAppender (LogUtils.java:warn(122)) - omNode-1@group-523986131536->omNode-3-AppendLogResponseHandler: Failed appendEntries: org.apache.ratis.thirdparty.io.grpc.StatusRuntimeException: UNAVAILABLE: io exception
2022-10-04 13:27:48,864 [grpc-default-executor-5] INFO  leader.FollowerInfo (FollowerInfoImpl.java:lambda$new$0(48)) - omNode-1@group-523986131536->omNode-3: nextIndex: updateUnconditionally 451 -> 45
2022-10-04 13:27:48,871 [grpc-default-executor-4] WARN  server.GrpcLogAppender (LogUtils.java:warn(122)) - omNode-1@group-523986131536->omNode-3-AppendLogResponseHandler: Failed appendEntries: org.apache.ratis.thirdparty.io.grpc.StatusRuntimeException: UNAVAILABLE: io exception
2022-10-04 13:27:48,871 [grpc-default-executor-4] INFO  leader.FollowerInfo (FollowerInfoImpl.java:lambda$new$0(48)) - omNode-1@group-523986131536->omNode-3: nextIndex: updateUnconditionally 452 -> 45
2022-10-04 13:27:48,888 [grpc-default-executor-4] WARN  server.GrpcLogAppender (LogUtils.java:warn(122)) - omNode-1@group-523986131536->omNode-3-AppendLogResponseHandler: Failed appendEntries: org.apache.ratis.thirdparty.io.grpc.StatusRuntimeException: UNAVAILABLE: io exception
2022-10-04 13:27:48,888 [grpc-default-executor-4] INFO  leader.FollowerInfo (FollowerInfoImpl.java:lambda$new$0(48)) - omNode-1@group-523986131536->omNode-3: nextIndex: updateUnconditionally 452 -> 45
2022-10-04 13:27:48,890 [grpc-default-executor-5] WARN  server.GrpcLogAppender (LogUtils.java:warn(122)) - omNode-1@group-523986131536->omNode-3-AppendLogResponseHandler: Failed appendEntries: org.apache.ratis.thirdparty.io.grpc.StatusRuntimeException: UNAVAILABLE: io exception
2022-10-04 13:27:48,890 [grpc-default-executor-5] INFO  leader.FollowerInfo (FollowerInfoImpl.java:lambda$new$0(48)) - omNode-1@group-523986131536->omNode-3: nextIndex: updateUnconditionally 453 -> 45
2022-10-04 13:27:48,892 [grpc-default-executor-4] WARN  server.GrpcLogAppender (LogUtils.java:warn(122)) - omNode-1@group-523986131536->omNode-3-AppendLogResponseHandler: Failed appendEntries: org.apache.ratis.thirdparty.io.grpc.StatusRuntimeException: UNAVAILABLE: io exception
2022-10-04 13:27:48,892 [grpc-default-executor-4] INFO  leader.FollowerInfo (FollowerInfoImpl.java:lambda$new$0(48)) - omNode-1@group-523986131536->omNode-3: nextIndex: updateUnconditionally 454 -> 45
2022-10-04 13:27:48,903 [grpc-default-executor-4] WARN  server.GrpcLogAppender (LogUtils.java:warn(122)) - omNode-1@group-523986131536->omNode-3-AppendLogResponseHandler: Failed appendEntries: org.apache.ratis.thirdparty.io.grpc.StatusRuntimeException: UNAVAILABLE: io exception
2022-10-04 13:27:48,903 [grpc-default-executor-4] INFO  leader.FollowerInfo (FollowerInfoImpl.java:lambda$new$0(48)) - omNode-1@group-523986131536->omNode-3: nextIndex: updateUnconditionally 454 -> 45
2022-10-04 13:27:48,904 [grpc-default-executor-4] WARN  server.GrpcLogAppender (LogUtils.java:warn(122)) - omNode-1@group-523986131536->omNode-3-AppendLogResponseHandler: Failed appendEntries: org.apache.ratis.thirdparty.io.grpc.StatusRuntimeException: UNAVAILABLE: io exception
2022-10-04 13:27:48,905 [grpc-default-executor-4] INFO  leader.FollowerInfo (FollowerInfoImpl.java:lambda$new$0(48)) - omNode-1@group-523986131536->omNode-3: nextIndex: updateUnconditionally 454 -> 45
2022-10-04 13:27:48,913 [grpc-default-executor-5] WARN  server.GrpcLogAppender (LogUtils.java:warn(122)) - omNode-1@group-523986131536->omNode-3-AppendLogResponseHandler: Failed appendEntries: org.apache.ratis.thirdparty.io.grpc.StatusRuntimeException: UNAVAILABLE: io exception
2022-10-04 13:27:48,913 [grpc-default-executor-5] INFO  leader.FollowerInfo (FollowerInfoImpl.java:lambda$new$0(48)) - omNode-1@group-523986131536->omNode-3: nextIndex: updateUnconditionally 455 -> 45
2022-10-04 13:27:48,924 [grpc-default-executor-4] WARN  server.GrpcLogAppender (LogUtils.java:warn(122)) - omNode-1@group-523986131536->omNode-3-AppendLogResponseHandler: Failed appendEntries: org.apache.ratis.thirdparty.io.grpc.StatusRuntimeException: UNAVAILABLE: io exception
2022-10-04 13:27:48,925 [grpc-default-executor-4] INFO  leader.FollowerInfo (FollowerInfoImpl.java:lambda$new$0(48)) - omNode-1@group-523986131536->omNode-3: nextIndex: updateUnconditionally 455 -> 45
2022-10-04 13:27:48,935 [grpc-default-executor-5] WARN  server.GrpcLogAppender (LogUtils.java:warn(122)) - omNode-1@group-523986131536->omNode-3-AppendLogResponseHandler: Failed appendEntries: org.apache.ratis.thirdparty.io.grpc.StatusRuntimeException: UNAVAILABLE: io exception
2022-10-04 13:27:48,935 [grpc-default-executor-5] INFO  leader.FollowerInfo (FollowerInfoImpl.java:lambda$new$0(48)) - omNode-1@group-523986131536->omNode-3: nextIndex: updateUnconditionally 456 -> 45
2022-10-04 13:27:48,936 [grpc-default-executor-5] WARN  server.GrpcLogAppender (LogUtils.java:warn(122)) - omNode-1@group-523986131536->omNode-3-AppendLogResponseHandler: Failed appendEntries: org.apache.ratis.thirdparty.io.grpc.StatusRuntimeException: UNAVAILABLE: io exception
2022-10-04 13:27:48,937 [grpc-default-executor-5] INFO  leader.FollowerInfo (FollowerInfoImpl.java:lambda$new$0(48)) - omNode-1@group-523986131536->omNode-3: nextIndex: updateUnconditionally 456 -> 45
2022-10-04 13:27:48,949 [grpc-default-executor-5] WARN  server.GrpcLogAppender (LogUtils.java:warn(122)) - omNode-1@group-523986131536->omNode-3-AppendLogResponseHandler: Failed appendEntries: org.apache.ratis.thirdparty.io.grpc.StatusRuntimeException: UNAVAILABLE: io exception
2022-10-04 13:27:48,949 [grpc-default-executor-5] INFO  leader.FollowerInfo (FollowerInfoImpl.java:lambda$new$0(48)) - omNode-1@group-523986131536->omNode-3: nextIndex: updateUnconditionally 457 -> 45
2022-10-04 13:27:48,952 [grpc-default-executor-4] WARN  server.GrpcLogAppender (LogUtils.java:warn(122)) - omNode-1@group-523986131536->omNode-3-AppendLogResponseHandler: Failed appendEntries: org.apache.ratis.thirdparty.io.grpc.StatusRuntimeException: UNAVAILABLE: io exception
2022-10-04 13:27:48,952 [grpc-default-executor-4] INFO  leader.FollowerInfo (FollowerInfoImpl.java:lambda$new$0(48)) - omNode-1@group-523986131536->omNode-3: nextIndex: updateUnconditionally 458 -> 45
2022-10-04 13:27:48,961 [grpc-default-executor-5] WARN  server.GrpcLogAppender (LogUtils.java:warn(122)) - omNode-1@group-523986131536->omNode-3-AppendLogResponseHandler: Failed appendEntries: org.apache.ratis.thirdparty.io.grpc.StatusRuntimeException: UNAVAILABLE: io exception
2022-10-04 13:27:48,961 [grpc-default-executor-5] INFO  leader.FollowerInfo (FollowerInfoImpl.java:lambda$new$0(48)) - omNode-1@group-523986131536->omNode-3: nextIndex: updateUnconditionally 458 -> 45
2022-10-04 13:27:48,962 [grpc-default-executor-4] WARN  server.GrpcLogAppender (LogUtils.java:warn(122)) - omNode-1@group-523986131536->omNode-3-AppendLogResponseHandler: Failed appendEntries: org.apache.ratis.thirdparty.io.grpc.StatusRuntimeException: UNAVAILABLE: io exception
2022-10-04 13:27:48,963 [grpc-default-executor-4] INFO  leader.FollowerInfo (FollowerInfoImpl.java:lambda$new$0(48)) - omNode-1@group-523986131536->omNode-3: nextIndex: updateUnconditionally 458 -> 45
2022-10-04 13:27:48,969 [grpc-default-executor-4] WARN  server.GrpcLogAppender (LogUtils.java:warn(122)) - omNode-1@group-523986131536->omNode-3-AppendLogResponseHandler: Failed appendEntries: org.apache.ratis.thirdparty.io.grpc.StatusRuntimeException: UNAVAILABLE: io exception
2022-10-04 13:27:48,969 [grpc-default-executor-4] INFO  leader.FollowerInfo (FollowerInfoImpl.java:lambda$new$0(48)) - omNode-1@group-523986131536->omNode-3: nextIndex: updateUnconditionally 459 -> 45
2022-10-04 13:27:48,977 [grpc-default-executor-5] WARN  server.GrpcLogAppender (LogUtils.java:warn(122)) - omNode-1@group-523986131536->omNode-3-AppendLogResponseHandler: Failed appendEntries: org.apache.ratis.thirdparty.io.grpc.StatusRuntimeException: UNAVAILABLE: io exception
2022-10-04 13:27:48,977 [grpc-default-executor-5] INFO  leader.FollowerInfo (FollowerInfoImpl.java:lambda$new$0(48)) - omNode-1@group-523986131536->omNode-3: nextIndex: updateUnconditionally 459 -> 45
2022-10-04 13:27:48,978 [grpc-default-executor-5] WARN  server.GrpcLogAppender (LogUtils.java:warn(122)) - omNode-1@group-523986131536->omNode-3-AppendLogResponseHandler: Failed appendEntries: org.apache.ratis.thirdparty.io.grpc.StatusRuntimeException: UNAVAILABLE: io exception
2022-10-04 13:27:48,978 [grpc-default-executor-5] INFO  leader.FollowerInfo (FollowerInfoImpl.java:lambda$new$0(48)) - omNode-1@group-523986131536->omNode-3: nextIndex: updateUnconditionally 459 -> 45
2022-10-04 13:27:48,994 [grpc-default-executor-4] WARN  server.GrpcLogAppender (LogUtils.java:warn(122)) - omNode-1@group-523986131536->omNode-3-AppendLogResponseHandler: Failed appendEntries: org.apache.ratis.thirdparty.io.grpc.StatusRuntimeException: UNAVAILABLE: io exception
2022-10-04 13:27:48,994 [grpc-default-executor-4] INFO  leader.FollowerInfo (FollowerInfoImpl.java:lambda$new$0(48)) - omNode-1@group-523986131536->omNode-3: nextIndex: updateUnconditionally 460 -> 45
2022-10-04 13:27:49,009 [grpc-default-executor-4] WARN  server.GrpcLogAppender (LogUtils.java:warn(122)) - omNode-1@group-523986131536->omNode-3-AppendLogResponseHandler: Failed appendEntries: org.apache.ratis.thirdparty.io.grpc.StatusRuntimeException: UNAVAILABLE: io exception
2022-10-04 13:27:49,009 [grpc-default-executor-4] INFO  leader.FollowerInfo (FollowerInfoImpl.java:lambda$new$0(48)) - omNode-1@group-523986131536->omNode-3: nextIndex: updateUnconditionally 460 -> 45
2022-10-04 13:27:49,011 [grpc-default-executor-5] WARN  server.GrpcLogAppender (LogUtils.java:warn(122)) - omNode-1@group-523986131536->omNode-3-AppendLogResponseHandler: Failed appendEntries: org.apache.ratis.thirdparty.io.grpc.StatusRuntimeException: UNAVAILABLE: io exception
2022-10-04 13:27:49,011 [grpc-default-executor-5] INFO  leader.FollowerInfo (FollowerInfoImpl.java:lambda$new$0(48)) - omNode-1@group-523986131536->omNode-3: nextIndex: updateUnconditionally 461 -> 45
2022-10-04 13:27:49,013 [grpc-default-executor-4] WARN  server.GrpcLogAppender (LogUtils.java:warn(122)) - omNode-1@group-523986131536->omNode-3-AppendLogResponseHandler: Failed appendEntries: org.apache.ratis.thirdparty.io.grpc.StatusRuntimeException: UNAVAILABLE: io exception
2022-10-04 13:27:49,014 [grpc-default-executor-4] INFO  leader.FollowerInfo (FollowerInfoImpl.java:lambda$new$0(48)) - omNode-1@group-523986131536->omNode-3: nextIndex: updateUnconditionally 462 -> 45
2022-10-04 13:27:49,023 [grpc-default-executor-4] WARN  server.GrpcLogAppender (LogUtils.java:warn(122)) - omNode-1@group-523986131536->omNode-3-AppendLogResponseHandler: Failed appendEntries: org.apache.ratis.thirdparty.io.grpc.StatusRuntimeException: UNAVAILABLE: io exception
2022-10-04 13:27:49,023 [grpc-default-executor-4] INFO  leader.FollowerInfo (FollowerInfoImpl.java:lambda$new$0(48)) - omNode-1@group-523986131536->omNode-3: nextIndex: updateUnconditionally 462 -> 45
2022-10-04 13:27:49,024 [grpc-default-executor-4] WARN  server.GrpcLogAppender (LogUtils.java:warn(122)) - omNode-1@group-523986131536->omNode-3-AppendLogResponseHandler: Failed appendEntries: org.apache.ratis.thirdparty.io.grpc.StatusRuntimeException: UNAVAILABLE: io exception
2022-10-04 13:27:49,024 [grpc-default-executor-4] INFO  leader.FollowerInfo (FollowerInfoImpl.java:lambda$new$0(48)) - omNode-1@group-523986131536->omNode-3: nextIndex: updateUnconditionally 462 -> 45
2022-10-04 13:27:49,036 [grpc-default-executor-4] WARN  server.GrpcLogAppender (LogUtils.java:warn(122)) - omNode-1@group-523986131536->omNode-3-AppendLogResponseHandler: Failed appendEntries: org.apache.ratis.thirdparty.io.grpc.StatusRuntimeException: UNAVAILABLE: io exception
2022-10-04 13:27:49,036 [grpc-default-executor-4] INFO  leader.FollowerInfo (FollowerInfoImpl.java:lambda$new$0(48)) - omNode-1@group-523986131536->omNode-3: nextIndex: updateUnconditionally 463 -> 45
2022-10-04 13:27:49,054 [grpc-default-executor-4] WARN  server.GrpcLogAppender (LogUtils.java:warn(122)) - omNode-1@group-523986131536->omNode-3-AppendLogResponseHandler: Failed appendEntries: org.apache.ratis.thirdparty.io.grpc.StatusRuntimeException: UNAVAILABLE: io exception
2022-10-04 13:27:49,054 [grpc-default-executor-4] INFO  leader.FollowerInfo (FollowerInfoImpl.java:lambda$new$0(48)) - omNode-1@group-523986131536->omNode-3: nextIndex: updateUnconditionally 464 -> 45
2022-10-04 13:27:49,056 [omNode-2@group-523986131536-StateMachineUpdater] INFO  ratis.OzoneManagerStateMachine (OzoneManagerStateMachine.java:takeSnapshot(441)) - Current Snapshot Index (t:2, i:461)
2022-10-04 13:27:49,056 [omNode-2@group-523986131536-StateMachineUpdater] INFO  impl.StateMachineUpdater (StateMachineUpdater.java:takeSnapshot(287)) - omNode-2@group-523986131536-StateMachineUpdater: Took a snapshot at index 461
2022-10-04 13:27:49,057 [omNode-2@group-523986131536-StateMachineUpdater] INFO  impl.StateMachineUpdater (StateMachineUpdater.java:lambda$new$0(92)) - omNode-2@group-523986131536-StateMachineUpdater: snapshotIndex: updateIncreasingly 410 -> 461
2022-10-04 13:27:49,057 [omNode-2@group-523986131536-StateMachineUpdater] INFO  raftlog.RaftLog (RaftLogBase.java:purge(308)) - omNode-2@group-523986131536-SegmentedRaftLog: purge 461
2022-10-04 13:27:49,057 [omNode-2@group-523986131536-StateMachineUpdater] INFO  raftlog.RaftLog (RaftLogBase.java:lambda$new$0(53)) - omNode-2@group-523986131536-SegmentedRaftLog: snapshotIndex: updateIncreasingly 410 -> 461
2022-10-04 13:27:49,057 [omNode-2@group-523986131536-StateMachineUpdater] INFO  raftlog.RaftLog (RaftLogBase.java:lambda$new$0(53)) - omNode-2@group-523986131536-SegmentedRaftLog: purgeIndex: updateToMax old=410, new=461, updated? true
2022-10-04 13:27:49,057 [grpc-default-executor-4] WARN  server.GrpcLogAppender (LogUtils.java:warn(122)) - omNode-1@group-523986131536->omNode-3-AppendLogResponseHandler: Failed appendEntries: org.apache.ratis.thirdparty.io.grpc.StatusRuntimeException: UNAVAILABLE: io exception
2022-10-04 13:27:49,057 [grpc-default-executor-4] INFO  leader.FollowerInfo (FollowerInfoImpl.java:lambda$new$0(48)) - omNode-1@group-523986131536->omNode-3: nextIndex: updateUnconditionally 464 -> 45
2022-10-04 13:27:49,071 [grpc-default-executor-4] WARN  server.GrpcLogAppender (LogUtils.java:warn(122)) - omNode-1@group-523986131536->omNode-3-AppendLogResponseHandler: Failed appendEntries: org.apache.ratis.thirdparty.io.grpc.StatusRuntimeException: UNAVAILABLE: io exception
2022-10-04 13:27:49,071 [grpc-default-executor-4] INFO  leader.FollowerInfo (FollowerInfoImpl.java:lambda$new$0(48)) - omNode-1@group-523986131536->omNode-3: nextIndex: updateUnconditionally 465 -> 45
2022-10-04 13:27:49,075 [grpc-default-executor-4] WARN  server.GrpcLogAppender (LogUtils.java:warn(122)) - omNode-1@group-523986131536->omNode-3-AppendLogResponseHandler: Failed appendEntries: org.apache.ratis.thirdparty.io.grpc.StatusRuntimeException: UNAVAILABLE: io exception
2022-10-04 13:27:49,075 [grpc-default-executor-4] INFO  leader.FollowerInfo (FollowerInfoImpl.java:lambda$new$0(48)) - omNode-1@group-523986131536->omNode-3: nextIndex: updateUnconditionally 466 -> 45
2022-10-04 13:27:49,081 [grpc-default-executor-4] WARN  server.GrpcLogAppender (LogUtils.java:warn(122)) - omNode-1@group-523986131536->omNode-3-AppendLogResponseHandler: Failed appendEntries: org.apache.ratis.thirdparty.io.grpc.StatusRuntimeException: UNAVAILABLE: io exception
2022-10-04 13:27:49,081 [grpc-default-executor-4] INFO  leader.FollowerInfo (FollowerInfoImpl.java:lambda$new$0(48)) - omNode-1@group-523986131536->omNode-3: nextIndex: updateUnconditionally 466 -> 45
2022-10-04 13:27:49,082 [grpc-default-executor-4] WARN  server.GrpcLogAppender (LogUtils.java:warn(122)) - omNode-1@group-523986131536->omNode-3-AppendLogResponseHandler: Failed appendEntries: org.apache.ratis.thirdparty.io.grpc.StatusRuntimeException: UNAVAILABLE: io exception
2022-10-04 13:27:49,083 [grpc-default-executor-4] INFO  leader.FollowerInfo (FollowerInfoImpl.java:lambda$new$0(48)) - omNode-1@group-523986131536->omNode-3: nextIndex: updateUnconditionally 466 -> 45
2022-10-04 13:27:49,095 [grpc-default-executor-4] WARN  server.GrpcLogAppender (LogUtils.java:warn(122)) - omNode-1@group-523986131536->omNode-3-AppendLogResponseHandler: Failed appendEntries: org.apache.ratis.thirdparty.io.grpc.StatusRuntimeException: UNAVAILABLE: io exception
2022-10-04 13:27:49,095 [grpc-default-executor-4] INFO  leader.FollowerInfo (FollowerInfoImpl.java:lambda$new$0(48)) - omNode-1@group-523986131536->omNode-3: nextIndex: updateUnconditionally 467 -> 45
2022-10-04 13:27:49,111 [grpc-default-executor-4] WARN  server.GrpcLogAppender (LogUtils.java:warn(122)) - omNode-1@group-523986131536->omNode-3-AppendLogResponseHandler: Failed appendEntries: org.apache.ratis.thirdparty.io.grpc.StatusRuntimeException: UNAVAILABLE: io exception
2022-10-04 13:27:49,111 [grpc-default-executor-4] INFO  leader.FollowerInfo (FollowerInfoImpl.java:lambda$new$0(48)) - omNode-1@group-523986131536->omNode-3: nextIndex: updateUnconditionally 467 -> 45
2022-10-04 13:27:49,112 [grpc-default-executor-4] WARN  server.GrpcLogAppender (LogUtils.java:warn(122)) - omNode-1@group-523986131536->omNode-3-AppendLogResponseHandler: Failed appendEntries: org.apache.ratis.thirdparty.io.grpc.StatusRuntimeException: UNAVAILABLE: io exception
2022-10-04 13:27:49,112 [grpc-default-executor-4] INFO  leader.FollowerInfo (FollowerInfoImpl.java:lambda$new$0(48)) - omNode-1@group-523986131536->omNode-3: nextIndex: updateUnconditionally 467 -> 45
2022-10-04 13:27:49,119 [grpc-default-executor-5] WARN  server.GrpcLogAppender (LogUtils.java:warn(122)) - omNode-1@group-523986131536->omNode-3-AppendLogResponseHandler: Failed appendEntries: org.apache.ratis.thirdparty.io.grpc.StatusRuntimeException: UNAVAILABLE: io exception
2022-10-04 13:27:49,120 [grpc-default-executor-5] INFO  leader.FollowerInfo (FollowerInfoImpl.java:lambda$new$0(48)) - omNode-1@group-523986131536->omNode-3: nextIndex: updateUnconditionally 468 -> 45
2022-10-04 13:27:49,136 [grpc-default-executor-5] WARN  server.GrpcLogAppender (LogUtils.java:warn(122)) - omNode-1@group-523986131536->omNode-3-AppendLogResponseHandler: Failed appendEntries: org.apache.ratis.thirdparty.io.grpc.StatusRuntimeException: UNAVAILABLE: io exception
2022-10-04 13:27:49,136 [grpc-default-executor-5] INFO  leader.FollowerInfo (FollowerInfoImpl.java:lambda$new$0(48)) - omNode-1@group-523986131536->omNode-3: nextIndex: updateUnconditionally 468 -> 45
2022-10-04 13:27:49,138 [grpc-default-executor-4] WARN  server.GrpcLogAppender (LogUtils.java:warn(122)) - omNode-1@group-523986131536->omNode-3-AppendLogResponseHandler: Failed appendEntries: org.apache.ratis.thirdparty.io.grpc.StatusRuntimeException: UNAVAILABLE: io exception
2022-10-04 13:27:49,138 [grpc-default-executor-4] INFO  leader.FollowerInfo (FollowerInfoImpl.java:lambda$new$0(48)) - omNode-1@group-523986131536->omNode-3: nextIndex: updateUnconditionally 469 -> 45
2022-10-04 13:27:49,140 [grpc-default-executor-5] WARN  server.GrpcLogAppender (LogUtils.java:warn(122)) - omNode-1@group-523986131536->omNode-3-AppendLogResponseHandler: Failed appendEntries: org.apache.ratis.thirdparty.io.grpc.StatusRuntimeException: UNAVAILABLE: io exception
2022-10-04 13:27:49,140 [grpc-default-executor-5] INFO  leader.FollowerInfo (FollowerInfoImpl.java:lambda$new$0(48)) - omNode-1@group-523986131536->omNode-3: nextIndex: updateUnconditionally 470 -> 45
2022-10-04 13:27:49,151 [grpc-default-executor-5] WARN  server.GrpcLogAppender (LogUtils.java:warn(122)) - omNode-1@group-523986131536->omNode-3-AppendLogResponseHandler: Failed appendEntries: org.apache.ratis.thirdparty.io.grpc.StatusRuntimeException: UNAVAILABLE: io exception
2022-10-04 13:27:49,151 [grpc-default-executor-5] INFO  leader.FollowerInfo (FollowerInfoImpl.java:lambda$new$0(48)) - omNode-1@group-523986131536->omNode-3: nextIndex: updateUnconditionally 470 -> 45
2022-10-04 13:27:49,152 [grpc-default-executor-5] WARN  server.GrpcLogAppender (LogUtils.java:warn(122)) - omNode-1@group-523986131536->omNode-3-AppendLogResponseHandler: Failed appendEntries: org.apache.ratis.thirdparty.io.grpc.StatusRuntimeException: UNAVAILABLE: io exception
2022-10-04 13:27:49,152 [grpc-default-executor-5] INFO  leader.FollowerInfo (FollowerInfoImpl.java:lambda$new$0(48)) - omNode-1@group-523986131536->omNode-3: nextIndex: updateUnconditionally 470 -> 45
2022-10-04 13:27:49,219 [grpc-default-executor-5] WARN  server.GrpcLogAppender (LogUtils.java:warn(122)) - omNode-1@group-523986131536->omNode-3-AppendLogResponseHandler: Failed appendEntries: org.apache.ratis.thirdparty.io.grpc.StatusRuntimeException: UNAVAILABLE: io exception
2022-10-04 13:27:49,224 [grpc-default-executor-5] INFO  leader.FollowerInfo (FollowerInfoImpl.java:lambda$new$0(48)) - omNode-1@group-523986131536->omNode-3: nextIndex: updateUnconditionally 470 -> 45
2022-10-04 13:27:49,225 [grpc-default-executor-4] WARN  server.GrpcLogAppender (LogUtils.java:warn(122)) - omNode-1@group-523986131536->omNode-3-AppendLogResponseHandler: Failed appendEntries: org.apache.ratis.thirdparty.io.grpc.StatusRuntimeException: UNAVAILABLE: io exception
2022-10-04 13:27:49,226 [grpc-default-executor-4] INFO  leader.FollowerInfo (FollowerInfoImpl.java:lambda$new$0(48)) - omNode-1@group-523986131536->omNode-3: nextIndex: updateUnconditionally 471 -> 45
2022-10-04 13:27:49,235 [grpc-default-executor-5] WARN  server.GrpcLogAppender (LogUtils.java:warn(122)) - omNode-1@group-523986131536->omNode-3-AppendLogResponseHandler: Failed appendEntries: org.apache.ratis.thirdparty.io.grpc.StatusRuntimeException: UNAVAILABLE: io exception
2022-10-04 13:27:49,235 [grpc-default-executor-5] INFO  leader.FollowerInfo (FollowerInfoImpl.java:lambda$new$0(48)) - omNode-1@group-523986131536->omNode-3: nextIndex: updateUnconditionally 471 -> 45
2022-10-04 13:27:49,238 [grpc-default-executor-5] WARN  server.GrpcLogAppender (LogUtils.java:warn(122)) - omNode-1@group-523986131536->omNode-3-AppendLogResponseHandler: Failed appendEntries: org.apache.ratis.thirdparty.io.grpc.StatusRuntimeException: UNAVAILABLE: io exception
2022-10-04 13:27:49,238 [grpc-default-executor-5] INFO  leader.FollowerInfo (FollowerInfoImpl.java:lambda$new$0(48)) - omNode-1@group-523986131536->omNode-3: nextIndex: updateUnconditionally 472 -> 45
2022-10-04 13:27:49,245 [grpc-default-executor-5] WARN  server.GrpcLogAppender (LogUtils.java:warn(122)) - omNode-1@group-523986131536->omNode-3-AppendLogResponseHandler: Failed appendEntries: org.apache.ratis.thirdparty.io.grpc.StatusRuntimeException: UNAVAILABLE: io exception
2022-10-04 13:27:49,245 [grpc-default-executor-5] INFO  leader.FollowerInfo (FollowerInfoImpl.java:lambda$new$0(48)) - omNode-1@group-523986131536->omNode-3: nextIndex: updateUnconditionally 472 -> 45
2022-10-04 13:27:49,248 [grpc-default-executor-4] WARN  server.GrpcLogAppender (LogUtils.java:warn(122)) - omNode-1@group-523986131536->omNode-3-AppendLogResponseHandler: Failed appendEntries: org.apache.ratis.thirdparty.io.grpc.StatusRuntimeException: UNAVAILABLE: io exception
2022-10-04 13:27:49,248 [grpc-default-executor-4] INFO  leader.FollowerInfo (FollowerInfoImpl.java:lambda$new$0(48)) - omNode-1@group-523986131536->omNode-3: nextIndex: updateUnconditionally 473 -> 45
2022-10-04 13:27:49,251 [grpc-default-executor-5] WARN  server.GrpcLogAppender (LogUtils.java:warn(122)) - omNode-1@group-523986131536->omNode-3-AppendLogResponseHandler: Failed appendEntries: org.apache.ratis.thirdparty.io.grpc.StatusRuntimeException: UNAVAILABLE: io exception
2022-10-04 13:27:49,252 [grpc-default-executor-5] INFO  leader.FollowerInfo (FollowerInfoImpl.java:lambda$new$0(48)) - omNode-1@group-523986131536->omNode-3: nextIndex: updateUnconditionally 474 -> 45
2022-10-04 13:27:49,255 [grpc-default-executor-5] WARN  server.GrpcLogAppender (LogUtils.java:warn(122)) - omNode-1@group-523986131536->omNode-3-AppendLogResponseHandler: Failed appendEntries: org.apache.ratis.thirdparty.io.grpc.StatusRuntimeException: UNAVAILABLE: io exception
2022-10-04 13:27:49,255 [grpc-default-executor-5] INFO  leader.FollowerInfo (FollowerInfoImpl.java:lambda$new$0(48)) - omNode-1@group-523986131536->omNode-3: nextIndex: updateUnconditionally 474 -> 45
2022-10-04 13:27:49,257 [grpc-default-executor-5] WARN  server.GrpcLogAppender (LogUtils.java:warn(122)) - omNode-1@group-523986131536->omNode-3-AppendLogResponseHandler: Failed appendEntries: org.apache.ratis.thirdparty.io.grpc.StatusRuntimeException: UNAVAILABLE: io exception
2022-10-04 13:27:49,257 [grpc-default-executor-5] INFO  leader.FollowerInfo (FollowerInfoImpl.java:lambda$new$0(48)) - omNode-1@group-523986131536->omNode-3: nextIndex: updateUnconditionally 474 -> 45
2022-10-04 13:27:49,261 [grpc-default-executor-5] WARN  server.GrpcLogAppender (LogUtils.java:warn(122)) - omNode-1@group-523986131536->omNode-3-AppendLogResponseHandler: Failed appendEntries: org.apache.ratis.thirdparty.io.grpc.StatusRuntimeException: UNAVAILABLE: io exception
2022-10-04 13:27:49,262 [grpc-default-executor-5] INFO  leader.FollowerInfo (FollowerInfoImpl.java:lambda$new$0(48)) - omNode-1@group-523986131536->omNode-3: nextIndex: updateUnconditionally 475 -> 45
2022-10-04 13:27:49,268 [grpc-default-executor-4] WARN  server.GrpcLogAppender (LogUtils.java:warn(122)) - omNode-1@group-523986131536->omNode-3-AppendLogResponseHandler: Failed appendEntries: org.apache.ratis.thirdparty.io.grpc.StatusRuntimeException: UNAVAILABLE: io exception
2022-10-04 13:27:49,269 [grpc-default-executor-4] INFO  leader.FollowerInfo (FollowerInfoImpl.java:lambda$new$0(48)) - omNode-1@group-523986131536->omNode-3: nextIndex: updateUnconditionally 475 -> 45
2022-10-04 13:27:49,270 [grpc-default-executor-4] WARN  server.GrpcLogAppender (LogUtils.java:warn(122)) - omNode-1@group-523986131536->omNode-3-AppendLogResponseHandler: Failed appendEntries: org.apache.ratis.thirdparty.io.grpc.StatusRuntimeException: UNAVAILABLE: io exception
2022-10-04 13:27:49,270 [grpc-default-executor-4] INFO  leader.FollowerInfo (FollowerInfoImpl.java:lambda$new$0(48)) - omNode-1@group-523986131536->omNode-3: nextIndex: updateUnconditionally 475 -> 45
2022-10-04 13:27:49,274 [grpc-default-executor-5] WARN  server.GrpcLogAppender (LogUtils.java:warn(122)) - omNode-1@group-523986131536->omNode-3-AppendLogResponseHandler: Failed appendEntries: org.apache.ratis.thirdparty.io.grpc.StatusRuntimeException: UNAVAILABLE: io exception
2022-10-04 13:27:49,275 [grpc-default-executor-5] INFO  leader.FollowerInfo (FollowerInfoImpl.java:lambda$new$0(48)) - omNode-1@group-523986131536->omNode-3: nextIndex: updateUnconditionally 476 -> 45
2022-10-04 13:27:49,277 [grpc-default-executor-5] WARN  server.GrpcLogAppender (LogUtils.java:warn(122)) - omNode-1@group-523986131536->omNode-3-AppendLogResponseHandler: Failed appendEntries: org.apache.ratis.thirdparty.io.grpc.StatusRuntimeException: UNAVAILABLE: io exception
2022-10-04 13:27:49,277 [grpc-default-executor-5] INFO  leader.FollowerInfo (FollowerInfoImpl.java:lambda$new$0(48)) - omNode-1@group-523986131536->omNode-3: nextIndex: updateUnconditionally 476 -> 45
2022-10-04 13:27:49,281 [grpc-default-executor-4] WARN  server.GrpcLogAppender (LogUtils.java:warn(122)) - omNode-1@group-523986131536->omNode-3-AppendLogResponseHandler: Failed appendEntries: org.apache.ratis.thirdparty.io.grpc.StatusRuntimeException: UNAVAILABLE: io exception
2022-10-04 13:27:49,281 [grpc-default-executor-4] INFO  leader.FollowerInfo (FollowerInfoImpl.java:lambda$new$0(48)) - omNode-1@group-523986131536->omNode-3: nextIndex: updateUnconditionally 477 -> 45
2022-10-04 13:27:49,284 [grpc-default-executor-5] WARN  server.GrpcLogAppender (LogUtils.java:warn(122)) - omNode-1@group-523986131536->omNode-3-AppendLogResponseHandler: Failed appendEntries: org.apache.ratis.thirdparty.io.grpc.StatusRuntimeException: UNAVAILABLE: io exception
2022-10-04 13:27:49,284 [grpc-default-executor-5] INFO  leader.FollowerInfo (FollowerInfoImpl.java:lambda$new$0(48)) - omNode-1@group-523986131536->omNode-3: nextIndex: updateUnconditionally 478 -> 45
2022-10-04 13:27:49,287 [grpc-default-executor-5] WARN  server.GrpcLogAppender (LogUtils.java:warn(122)) - omNode-1@group-523986131536->omNode-3-AppendLogResponseHandler: Failed appendEntries: org.apache.ratis.thirdparty.io.grpc.StatusRuntimeException: UNAVAILABLE: io exception
2022-10-04 13:27:49,287 [grpc-default-executor-5] INFO  leader.FollowerInfo (FollowerInfoImpl.java:lambda$new$0(48)) - omNode-1@group-523986131536->omNode-3: nextIndex: updateUnconditionally 478 -> 45
2022-10-04 13:27:49,288 [grpc-default-executor-5] WARN  server.GrpcLogAppender (LogUtils.java:warn(122)) - omNode-1@group-523986131536->omNode-3-AppendLogResponseHandler: Failed appendEntries: org.apache.ratis.thirdparty.io.grpc.StatusRuntimeException: UNAVAILABLE: io exception
2022-10-04 13:27:49,288 [grpc-default-executor-5] INFO  leader.FollowerInfo (FollowerInfoImpl.java:lambda$new$0(48)) - omNode-1@group-523986131536->omNode-3: nextIndex: updateUnconditionally 478 -> 45
2022-10-04 13:27:49,293 [grpc-default-executor-5] WARN  server.GrpcLogAppender (LogUtils.java:warn(122)) - omNode-1@group-523986131536->omNode-3-AppendLogResponseHandler: Failed appendEntries: org.apache.ratis.thirdparty.io.grpc.StatusRuntimeException: UNAVAILABLE: io exception
2022-10-04 13:27:49,293 [grpc-default-executor-5] INFO  leader.FollowerInfo (FollowerInfoImpl.java:lambda$new$0(48)) - omNode-1@group-523986131536->omNode-3: nextIndex: updateUnconditionally 479 -> 45
2022-10-04 13:27:49,299 [grpc-default-executor-5] WARN  server.GrpcLogAppender (LogUtils.java:warn(122)) - omNode-1@group-523986131536->omNode-3-AppendLogResponseHandler: Failed appendEntries: org.apache.ratis.thirdparty.io.grpc.StatusRuntimeException: UNAVAILABLE: io exception
2022-10-04 13:27:49,299 [grpc-default-executor-5] INFO  leader.FollowerInfo (FollowerInfoImpl.java:lambda$new$0(48)) - omNode-1@group-523986131536->omNode-3: nextIndex: updateUnconditionally 479 -> 45
2022-10-04 13:27:49,300 [grpc-default-executor-5] WARN  server.GrpcLogAppender (LogUtils.java:warn(122)) - omNode-1@group-523986131536->omNode-3-AppendLogResponseHandler: Failed appendEntries: org.apache.ratis.thirdparty.io.grpc.StatusRuntimeException: UNAVAILABLE: io exception
2022-10-04 13:27:49,300 [grpc-default-executor-5] INFO  leader.FollowerInfo (FollowerInfoImpl.java:lambda$new$0(48)) - omNode-1@group-523986131536->omNode-3: nextIndex: updateUnconditionally 479 -> 45
2022-10-04 13:27:49,303 [grpc-default-executor-4] WARN  server.GrpcLogAppender (LogUtils.java:warn(122)) - omNode-1@group-523986131536->omNode-3-AppendLogResponseHandler: Failed appendEntries: org.apache.ratis.thirdparty.io.grpc.StatusRuntimeException: UNAVAILABLE: io exception
2022-10-04 13:27:49,303 [grpc-default-executor-4] INFO  leader.FollowerInfo (FollowerInfoImpl.java:lambda$new$0(48)) - omNode-1@group-523986131536->omNode-3: nextIndex: updateUnconditionally 480 -> 45
2022-10-04 13:27:49,314 [grpc-default-executor-4] WARN  server.GrpcLogAppender (LogUtils.java:warn(122)) - omNode-1@group-523986131536->omNode-3-AppendLogResponseHandler: Failed appendEntries: org.apache.ratis.thirdparty.io.grpc.StatusRuntimeException: UNAVAILABLE: io exception
2022-10-04 13:27:49,314 [grpc-default-executor-4] INFO  leader.FollowerInfo (FollowerInfoImpl.java:lambda$new$0(48)) - omNode-1@group-523986131536->omNode-3: nextIndex: updateUnconditionally 480 -> 45
2022-10-04 13:27:49,316 [grpc-default-executor-4] WARN  server.GrpcLogAppender (LogUtils.java:warn(122)) - omNode-1@group-523986131536->omNode-3-AppendLogResponseHandler: Failed appendEntries: org.apache.ratis.thirdparty.io.grpc.StatusRuntimeException: UNAVAILABLE: io exception
2022-10-04 13:27:49,316 [grpc-default-executor-4] INFO  leader.FollowerInfo (FollowerInfoImpl.java:lambda$new$0(48)) - omNode-1@group-523986131536->omNode-3: nextIndex: updateUnconditionally 481 -> 45
2022-10-04 13:27:49,319 [grpc-default-executor-5] WARN  server.GrpcLogAppender (LogUtils.java:warn(122)) - omNode-1@group-523986131536->omNode-3-AppendLogResponseHandler: Failed appendEntries: org.apache.ratis.thirdparty.io.grpc.StatusRuntimeException: UNAVAILABLE: io exception
2022-10-04 13:27:49,319 [grpc-default-executor-5] INFO  leader.FollowerInfo (FollowerInfoImpl.java:lambda$new$0(48)) - omNode-1@group-523986131536->omNode-3: nextIndex: updateUnconditionally 482 -> 45
2022-10-04 13:27:49,321 [grpc-default-executor-4] WARN  server.GrpcLogAppender (LogUtils.java:warn(122)) - omNode-1@group-523986131536->omNode-3-AppendLogResponseHandler: Failed appendEntries: org.apache.ratis.thirdparty.io.grpc.StatusRuntimeException: UNAVAILABLE: io exception
2022-10-04 13:27:49,321 [grpc-default-executor-4] INFO  leader.FollowerInfo (FollowerInfoImpl.java:lambda$new$0(48)) - omNode-1@group-523986131536->omNode-3: nextIndex: updateUnconditionally 482 -> 45
2022-10-04 13:27:49,322 [grpc-default-executor-4] WARN  server.GrpcLogAppender (LogUtils.java:warn(122)) - omNode-1@group-523986131536->omNode-3-AppendLogResponseHandler: Failed appendEntries: org.apache.ratis.thirdparty.io.grpc.StatusRuntimeException: UNAVAILABLE: io exception
2022-10-04 13:27:49,322 [grpc-default-executor-4] INFO  leader.FollowerInfo (FollowerInfoImpl.java:lambda$new$0(48)) - omNode-1@group-523986131536->omNode-3: nextIndex: updateUnconditionally 482 -> 45
2022-10-04 13:27:49,348 [grpc-default-executor-4] WARN  server.GrpcLogAppender (LogUtils.java:warn(122)) - omNode-1@group-523986131536->omNode-3-AppendLogResponseHandler: Failed appendEntries: org.apache.ratis.thirdparty.io.grpc.StatusRuntimeException: UNAVAILABLE: io exception
2022-10-04 13:27:49,348 [grpc-default-executor-4] INFO  leader.FollowerInfo (FollowerInfoImpl.java:lambda$new$0(48)) - omNode-1@group-523986131536->omNode-3: nextIndex: updateUnconditionally 483 -> 45
2022-10-04 13:27:49,361 [grpc-default-executor-5] WARN  server.GrpcLogAppender (LogUtils.java:warn(122)) - omNode-1@group-523986131536->omNode-3-AppendLogResponseHandler: Failed appendEntries: org.apache.ratis.thirdparty.io.grpc.StatusRuntimeException: UNAVAILABLE: io exception
2022-10-04 13:27:49,361 [grpc-default-executor-5] INFO  leader.FollowerInfo (FollowerInfoImpl.java:lambda$new$0(48)) - omNode-1@group-523986131536->omNode-3: nextIndex: updateUnconditionally 483 -> 45
2022-10-04 13:27:49,362 [grpc-default-executor-5] WARN  server.GrpcLogAppender (LogUtils.java:warn(122)) - omNode-1@group-523986131536->omNode-3-AppendLogResponseHandler: Failed appendEntries: org.apache.ratis.thirdparty.io.grpc.StatusRuntimeException: UNAVAILABLE: io exception
2022-10-04 13:27:49,362 [grpc-default-executor-5] INFO  leader.FollowerInfo (FollowerInfoImpl.java:lambda$new$0(48)) - omNode-1@group-523986131536->omNode-3: nextIndex: updateUnconditionally 483 -> 45
2022-10-04 13:27:49,372 [grpc-default-executor-4] WARN  server.GrpcLogAppender (LogUtils.java:warn(122)) - omNode-1@group-523986131536->omNode-3-AppendLogResponseHandler: Failed appendEntries: org.apache.ratis.thirdparty.io.grpc.StatusRuntimeException: UNAVAILABLE: io exception
2022-10-04 13:27:49,372 [grpc-default-executor-4] INFO  leader.FollowerInfo (FollowerInfoImpl.java:lambda$new$0(48)) - omNode-1@group-523986131536->omNode-3: nextIndex: updateUnconditionally 484 -> 45
2022-10-04 13:27:49,381 [grpc-default-executor-4] WARN  server.GrpcLogAppender (LogUtils.java:warn(122)) - omNode-1@group-523986131536->omNode-3-AppendLogResponseHandler: Failed appendEntries: org.apache.ratis.thirdparty.io.grpc.StatusRuntimeException: UNAVAILABLE: io exception
2022-10-04 13:27:49,381 [grpc-default-executor-4] INFO  leader.FollowerInfo (FollowerInfoImpl.java:lambda$new$0(48)) - omNode-1@group-523986131536->omNode-3: nextIndex: updateUnconditionally 484 -> 45
2022-10-04 13:27:49,384 [grpc-default-executor-5] WARN  server.GrpcLogAppender (LogUtils.java:warn(122)) - omNode-1@group-523986131536->omNode-3-AppendLogResponseHandler: Failed appendEntries: org.apache.ratis.thirdparty.io.grpc.StatusRuntimeException: UNAVAILABLE: io exception
2022-10-04 13:27:49,384 [grpc-default-executor-5] INFO  leader.FollowerInfo (FollowerInfoImpl.java:lambda$new$0(48)) - omNode-1@group-523986131536->omNode-3: nextIndex: updateUnconditionally 486 -> 45
2022-10-04 13:27:49,398 [grpc-default-executor-4] WARN  server.GrpcLogAppender (LogUtils.java:warn(122)) - omNode-1@group-523986131536->omNode-3-AppendLogResponseHandler: Failed appendEntries: org.apache.ratis.thirdparty.io.grpc.StatusRuntimeException: UNAVAILABLE: io exception
2022-10-04 13:27:49,399 [grpc-default-executor-4] INFO  leader.FollowerInfo (FollowerInfoImpl.java:lambda$new$0(48)) - omNode-1@group-523986131536->omNode-3: nextIndex: updateUnconditionally 486 -> 45
2022-10-04 13:27:49,400 [grpc-default-executor-4] WARN  server.GrpcLogAppender (LogUtils.java:warn(122)) - omNode-1@group-523986131536->omNode-3-AppendLogResponseHandler: Failed appendEntries: org.apache.ratis.thirdparty.io.grpc.StatusRuntimeException: UNAVAILABLE: io exception
2022-10-04 13:27:49,400 [grpc-default-executor-4] INFO  leader.FollowerInfo (FollowerInfoImpl.java:lambda$new$0(48)) - omNode-1@group-523986131536->omNode-3: nextIndex: updateUnconditionally 486 -> 45
2022-10-04 13:27:49,411 [grpc-default-executor-4] WARN  server.GrpcLogAppender (LogUtils.java:warn(122)) - omNode-1@group-523986131536->omNode-3-AppendLogResponseHandler: Failed appendEntries: org.apache.ratis.thirdparty.io.grpc.StatusRuntimeException: UNAVAILABLE: io exception
2022-10-04 13:27:49,411 [grpc-default-executor-4] INFO  leader.FollowerInfo (FollowerInfoImpl.java:lambda$new$0(48)) - omNode-1@group-523986131536->omNode-3: nextIndex: updateUnconditionally 487 -> 45
2022-10-04 13:27:49,421 [grpc-default-executor-4] WARN  server.GrpcLogAppender (LogUtils.java:warn(122)) - omNode-1@group-523986131536->omNode-3-AppendLogResponseHandler: Failed appendEntries: org.apache.ratis.thirdparty.io.grpc.StatusRuntimeException: UNAVAILABLE: io exception
2022-10-04 13:27:49,422 [grpc-default-executor-4] INFO  leader.FollowerInfo (FollowerInfoImpl.java:lambda$new$0(48)) - omNode-1@group-523986131536->omNode-3: nextIndex: updateUnconditionally 487 -> 45
2022-10-04 13:27:49,423 [grpc-default-executor-4] WARN  server.GrpcLogAppender (LogUtils.java:warn(122)) - omNode-1@group-523986131536->omNode-3-AppendLogResponseHandler: Failed appendEntries: org.apache.ratis.thirdparty.io.grpc.StatusRuntimeException: UNAVAILABLE: io exception
2022-10-04 13:27:49,423 [grpc-default-executor-4] INFO  leader.FollowerInfo (FollowerInfoImpl.java:lambda$new$0(48)) - omNode-1@group-523986131536->omNode-3: nextIndex: updateUnconditionally 487 -> 45
2022-10-04 13:27:49,434 [grpc-default-executor-4] WARN  server.GrpcLogAppender (LogUtils.java:warn(122)) - omNode-1@group-523986131536->omNode-3-AppendLogResponseHandler: Failed appendEntries: org.apache.ratis.thirdparty.io.grpc.StatusRuntimeException: UNAVAILABLE: io exception
2022-10-04 13:27:49,434 [grpc-default-executor-4] INFO  leader.FollowerInfo (FollowerInfoImpl.java:lambda$new$0(48)) - omNode-1@group-523986131536->omNode-3: nextIndex: updateUnconditionally 488 -> 45
2022-10-04 13:27:49,443 [grpc-default-executor-5] WARN  server.GrpcLogAppender (LogUtils.java:warn(122)) - omNode-1@group-523986131536->omNode-3-AppendLogResponseHandler: Failed appendEntries: org.apache.ratis.thirdparty.io.grpc.StatusRuntimeException: UNAVAILABLE: io exception
2022-10-04 13:27:49,443 [grpc-default-executor-5] INFO  leader.FollowerInfo (FollowerInfoImpl.java:lambda$new$0(48)) - omNode-1@group-523986131536->omNode-3: nextIndex: updateUnconditionally 488 -> 45
2022-10-04 13:27:49,445 [grpc-default-executor-5] WARN  server.GrpcLogAppender (LogUtils.java:warn(122)) - omNode-1@group-523986131536->omNode-3-AppendLogResponseHandler: Failed appendEntries: org.apache.ratis.thirdparty.io.grpc.StatusRuntimeException: UNAVAILABLE: io exception
2022-10-04 13:27:49,445 [grpc-default-executor-5] INFO  leader.FollowerInfo (FollowerInfoImpl.java:lambda$new$0(48)) - omNode-1@group-523986131536->omNode-3: nextIndex: updateUnconditionally 489 -> 45
2022-10-04 13:27:49,446 [grpc-default-executor-5] WARN  server.GrpcLogAppender (LogUtils.java:warn(122)) - omNode-1@group-523986131536->omNode-3-AppendLogResponseHandler: Failed appendEntries: org.apache.ratis.thirdparty.io.grpc.StatusRuntimeException: UNAVAILABLE: io exception
2022-10-04 13:27:49,447 [grpc-default-executor-5] INFO  leader.FollowerInfo (FollowerInfoImpl.java:lambda$new$0(48)) - omNode-1@group-523986131536->omNode-3: nextIndex: updateUnconditionally 490 -> 45
2022-10-04 13:27:49,456 [grpc-default-executor-5] WARN  server.GrpcLogAppender (LogUtils.java:warn(122)) - omNode-1@group-523986131536->omNode-3-AppendLogResponseHandler: Failed appendEntries: org.apache.ratis.thirdparty.io.grpc.StatusRuntimeException: UNAVAILABLE: io exception
2022-10-04 13:27:49,456 [grpc-default-executor-5] INFO  leader.FollowerInfo (FollowerInfoImpl.java:lambda$new$0(48)) - omNode-1@group-523986131536->omNode-3: nextIndex: updateUnconditionally 490 -> 45
2022-10-04 13:27:49,457 [grpc-default-executor-5] WARN  server.GrpcLogAppender (LogUtils.java:warn(122)) - omNode-1@group-523986131536->omNode-3-AppendLogResponseHandler: Failed appendEntries: org.apache.ratis.thirdparty.io.grpc.StatusRuntimeException: UNAVAILABLE: io exception
2022-10-04 13:27:49,458 [grpc-default-executor-5] INFO  leader.FollowerInfo (FollowerInfoImpl.java:lambda$new$0(48)) - omNode-1@group-523986131536->omNode-3: nextIndex: updateUnconditionally 490 -> 45
2022-10-04 13:27:49,464 [grpc-default-executor-5] WARN  server.GrpcLogAppender (LogUtils.java:warn(122)) - omNode-1@group-523986131536->omNode-3-AppendLogResponseHandler: Failed appendEntries: org.apache.ratis.thirdparty.io.grpc.StatusRuntimeException: UNAVAILABLE: io exception
2022-10-04 13:27:49,464 [grpc-default-executor-5] INFO  leader.FollowerInfo (FollowerInfoImpl.java:lambda$new$0(48)) - omNode-1@group-523986131536->omNode-3: nextIndex: updateUnconditionally 491 -> 45
2022-10-04 13:27:49,475 [grpc-default-executor-5] WARN  server.GrpcLogAppender (LogUtils.java:warn(122)) - omNode-1@group-523986131536->omNode-3-AppendLogResponseHandler: Failed appendEntries: org.apache.ratis.thirdparty.io.grpc.StatusRuntimeException: UNAVAILABLE: io exception
2022-10-04 13:27:49,475 [grpc-default-executor-5] INFO  leader.FollowerInfo (FollowerInfoImpl.java:lambda$new$0(48)) - omNode-1@group-523986131536->omNode-3: nextIndex: updateUnconditionally 491 -> 45
2022-10-04 13:27:49,483 [grpc-default-executor-4] WARN  server.GrpcLogAppender (LogUtils.java:warn(122)) - omNode-1@group-523986131536->omNode-3-AppendLogResponseHandler: Failed appendEntries: org.apache.ratis.thirdparty.io.grpc.StatusRuntimeException: UNAVAILABLE: io exception
2022-10-04 13:27:49,483 [grpc-default-executor-4] INFO  leader.FollowerInfo (FollowerInfoImpl.java:lambda$new$0(48)) - omNode-1@group-523986131536->omNode-3: nextIndex: updateUnconditionally 491 -> 45
2022-10-04 13:27:49,485 [grpc-default-executor-4] WARN  server.GrpcLogAppender (LogUtils.java:warn(122)) - omNode-1@group-523986131536->omNode-3-AppendLogResponseHandler: Failed appendEntries: org.apache.ratis.thirdparty.io.grpc.StatusRuntimeException: UNAVAILABLE: io exception
2022-10-04 13:27:49,485 [grpc-default-executor-4] INFO  leader.FollowerInfo (FollowerInfoImpl.java:lambda$new$0(48)) - omNode-1@group-523986131536->omNode-3: nextIndex: updateUnconditionally 492 -> 45
2022-10-04 13:27:49,504 [grpc-default-executor-4] WARN  server.GrpcLogAppender (LogUtils.java:warn(122)) - omNode-1@group-523986131536->omNode-3-AppendLogResponseHandler: Failed appendEntries: org.apache.ratis.thirdparty.io.grpc.StatusRuntimeException: UNAVAILABLE: io exception
2022-10-04 13:27:49,505 [grpc-default-executor-4] INFO  leader.FollowerInfo (FollowerInfoImpl.java:lambda$new$0(48)) - omNode-1@group-523986131536->omNode-3: nextIndex: updateUnconditionally 492 -> 45
2022-10-04 13:27:49,506 [grpc-default-executor-5] WARN  server.GrpcLogAppender (LogUtils.java:warn(122)) - omNode-1@group-523986131536->omNode-3-AppendLogResponseHandler: Failed appendEntries: org.apache.ratis.thirdparty.io.grpc.StatusRuntimeException: UNAVAILABLE: io exception
2022-10-04 13:27:49,506 [grpc-default-executor-5] INFO  leader.FollowerInfo (FollowerInfoImpl.java:lambda$new$0(48)) - omNode-1@group-523986131536->omNode-3: nextIndex: updateUnconditionally 493 -> 45
2022-10-04 13:27:49,509 [grpc-default-executor-4] WARN  server.GrpcLogAppender (LogUtils.java:warn(122)) - omNode-1@group-523986131536->omNode-3-AppendLogResponseHandler: Failed appendEntries: org.apache.ratis.thirdparty.io.grpc.StatusRuntimeException: UNAVAILABLE: io exception
2022-10-04 13:27:49,509 [grpc-default-executor-4] INFO  leader.FollowerInfo (FollowerInfoImpl.java:lambda$new$0(48)) - omNode-1@group-523986131536->omNode-3: nextIndex: updateUnconditionally 494 -> 45
2022-10-04 13:27:49,524 [grpc-default-executor-4] WARN  server.GrpcLogAppender (LogUtils.java:warn(122)) - omNode-1@group-523986131536->omNode-3-AppendLogResponseHandler: Failed appendEntries: org.apache.ratis.thirdparty.io.grpc.StatusRuntimeException: UNAVAILABLE: io exception
2022-10-04 13:27:49,524 [grpc-default-executor-4] INFO  leader.FollowerInfo (FollowerInfoImpl.java:lambda$new$0(48)) - omNode-1@group-523986131536->omNode-3: nextIndex: updateUnconditionally 494 -> 45
2022-10-04 13:27:49,525 [grpc-default-executor-4] WARN  server.GrpcLogAppender (LogUtils.java:warn(122)) - omNode-1@group-523986131536->omNode-3-AppendLogResponseHandler: Failed appendEntries: org.apache.ratis.thirdparty.io.grpc.StatusRuntimeException: UNAVAILABLE: io exception
2022-10-04 13:27:49,526 [grpc-default-executor-4] INFO  leader.FollowerInfo (FollowerInfoImpl.java:lambda$new$0(48)) - omNode-1@group-523986131536->omNode-3: nextIndex: updateUnconditionally 494 -> 45
2022-10-04 13:27:49,533 [grpc-default-executor-4] WARN  server.GrpcLogAppender (LogUtils.java:warn(122)) - omNode-1@group-523986131536->omNode-3-AppendLogResponseHandler: Failed appendEntries: org.apache.ratis.thirdparty.io.grpc.StatusRuntimeException: UNAVAILABLE: io exception
2022-10-04 13:27:49,533 [grpc-default-executor-4] INFO  leader.FollowerInfo (FollowerInfoImpl.java:lambda$new$0(48)) - omNode-1@group-523986131536->omNode-3: nextIndex: updateUnconditionally 495 -> 45
2022-10-04 13:27:49,552 [grpc-default-executor-5] WARN  server.GrpcLogAppender (LogUtils.java:warn(122)) - omNode-1@group-523986131536->omNode-3-AppendLogResponseHandler: Failed appendEntries: org.apache.ratis.thirdparty.io.grpc.StatusRuntimeException: UNAVAILABLE: io exception
2022-10-04 13:27:49,552 [grpc-default-executor-5] INFO  leader.FollowerInfo (FollowerInfoImpl.java:lambda$new$0(48)) - omNode-1@group-523986131536->omNode-3: nextIndex: updateUnconditionally 495 -> 45
2022-10-04 13:27:49,553 [grpc-default-executor-5] WARN  server.GrpcLogAppender (LogUtils.java:warn(122)) - omNode-1@group-523986131536->omNode-3-AppendLogResponseHandler: Failed appendEntries: org.apache.ratis.thirdparty.io.grpc.StatusRuntimeException: UNAVAILABLE: io exception
2022-10-04 13:27:49,554 [grpc-default-executor-5] INFO  leader.FollowerInfo (FollowerInfoImpl.java:lambda$new$0(48)) - omNode-1@group-523986131536->omNode-3: nextIndex: updateUnconditionally 495 -> 45
2022-10-04 13:27:49,564 [grpc-default-executor-4] WARN  server.GrpcLogAppender (LogUtils.java:warn(122)) - omNode-1@group-523986131536->omNode-3-AppendLogResponseHandler: Failed appendEntries: org.apache.ratis.thirdparty.io.grpc.StatusRuntimeException: UNAVAILABLE: io exception
2022-10-04 13:27:49,564 [grpc-default-executor-4] INFO  leader.FollowerInfo (FollowerInfoImpl.java:lambda$new$0(48)) - omNode-1@group-523986131536->omNode-3: nextIndex: updateUnconditionally 496 -> 45
2022-10-04 13:27:49,580 [grpc-default-executor-4] WARN  server.GrpcLogAppender (LogUtils.java:warn(122)) - omNode-1@group-523986131536->omNode-3-AppendLogResponseHandler: Failed appendEntries: org.apache.ratis.thirdparty.io.grpc.StatusRuntimeException: UNAVAILABLE: io exception
2022-10-04 13:27:49,580 [grpc-default-executor-4] INFO  leader.FollowerInfo (FollowerInfoImpl.java:lambda$new$0(48)) - omNode-1@group-523986131536->omNode-3: nextIndex: updateUnconditionally 496 -> 45
2022-10-04 13:27:49,583 [grpc-default-executor-5] WARN  server.GrpcLogAppender (LogUtils.java:warn(122)) - omNode-1@group-523986131536->omNode-3-AppendLogResponseHandler: Failed appendEntries: org.apache.ratis.thirdparty.io.grpc.StatusRuntimeException: UNAVAILABLE: io exception
2022-10-04 13:27:49,583 [grpc-default-executor-5] INFO  leader.FollowerInfo (FollowerInfoImpl.java:lambda$new$0(48)) - omNode-1@group-523986131536->omNode-3: nextIndex: updateUnconditionally 498 -> 45
2022-10-04 13:27:49,598 [grpc-default-executor-4] WARN  server.GrpcLogAppender (LogUtils.java:warn(122)) - omNode-1@group-523986131536->omNode-3-AppendLogResponseHandler: Failed appendEntries: org.apache.ratis.thirdparty.io.grpc.StatusRuntimeException: UNAVAILABLE: io exception
2022-10-04 13:27:49,599 [grpc-default-executor-4] INFO  leader.FollowerInfo (FollowerInfoImpl.java:lambda$new$0(48)) - omNode-1@group-523986131536->omNode-3: nextIndex: updateUnconditionally 498 -> 45
2022-10-04 13:27:49,600 [grpc-default-executor-4] WARN  server.GrpcLogAppender (LogUtils.java:warn(122)) - omNode-1@group-523986131536->omNode-3-AppendLogResponseHandler: Failed appendEntries: org.apache.ratis.thirdparty.io.grpc.StatusRuntimeException: UNAVAILABLE: io exception
2022-10-04 13:27:49,600 [grpc-default-executor-4] INFO  leader.FollowerInfo (FollowerInfoImpl.java:lambda$new$0(48)) - omNode-1@group-523986131536->omNode-3: nextIndex: updateUnconditionally 498 -> 45
2022-10-04 13:27:49,612 [grpc-default-executor-4] WARN  server.GrpcLogAppender (LogUtils.java:warn(122)) - omNode-1@group-523986131536->omNode-3-AppendLogResponseHandler: Failed appendEntries: org.apache.ratis.thirdparty.io.grpc.StatusRuntimeException: UNAVAILABLE: io exception
2022-10-04 13:27:49,612 [grpc-default-executor-4] INFO  leader.FollowerInfo (FollowerInfoImpl.java:lambda$new$0(48)) - omNode-1@group-523986131536->omNode-3: nextIndex: updateUnconditionally 499 -> 45
2022-10-04 13:27:49,624 [grpc-default-executor-5] WARN  server.GrpcLogAppender (LogUtils.java:warn(122)) - omNode-1@group-523986131536->omNode-3-AppendLogResponseHandler: Failed appendEntries: org.apache.ratis.thirdparty.io.grpc.StatusRuntimeException: UNAVAILABLE: io exception
2022-10-04 13:27:49,625 [grpc-default-executor-5] INFO  leader.FollowerInfo (FollowerInfoImpl.java:lambda$new$0(48)) - omNode-1@group-523986131536->omNode-3: nextIndex: updateUnconditionally 499 -> 45
2022-10-04 13:27:49,626 [grpc-default-executor-5] WARN  server.GrpcLogAppender (LogUtils.java:warn(122)) - omNode-1@group-523986131536->omNode-3-AppendLogResponseHandler: Failed appendEntries: org.apache.ratis.thirdparty.io.grpc.StatusRuntimeException: UNAVAILABLE: io exception
2022-10-04 13:27:49,626 [grpc-default-executor-5] INFO  leader.FollowerInfo (FollowerInfoImpl.java:lambda$new$0(48)) - omNode-1@group-523986131536->omNode-3: nextIndex: updateUnconditionally 499 -> 45
2022-10-04 13:27:49,628 [EndpointStateMachine task thread for /0.0.0.0:41361 - 0 ] INFO  ipc.Client (Client.java:handleConnectionFailure(977)) - Retrying connect to server: 0.0.0.0/0.0.0.0:41361. Already tried 13 time(s); retry policy is RetryUpToMaximumCountWithFixedSleep(maxRetries=15, sleepTime=1000 MILLISECONDS)
2022-10-04 13:27:49,633 [grpc-default-executor-4] WARN  server.GrpcLogAppender (LogUtils.java:warn(122)) - omNode-1@group-523986131536->omNode-3-AppendLogResponseHandler: Failed appendEntries: org.apache.ratis.thirdparty.io.grpc.StatusRuntimeException: UNAVAILABLE: io exception
2022-10-04 13:27:49,633 [grpc-default-executor-4] INFO  leader.FollowerInfo (FollowerInfoImpl.java:lambda$new$0(48)) - omNode-1@group-523986131536->omNode-3: nextIndex: updateUnconditionally 500 -> 45
2022-10-04 13:27:49,644 [grpc-default-executor-4] WARN  server.GrpcLogAppender (LogUtils.java:warn(122)) - omNode-1@group-523986131536->omNode-3-AppendLogResponseHandler: Failed appendEntries: org.apache.ratis.thirdparty.io.grpc.StatusRuntimeException: UNAVAILABLE: io exception
2022-10-04 13:27:49,645 [grpc-default-executor-4] INFO  leader.FollowerInfo (FollowerInfoImpl.java:lambda$new$0(48)) - omNode-1@group-523986131536->omNode-3: nextIndex: updateUnconditionally 500 -> 45
2022-10-04 13:27:49,646 [grpc-default-executor-5] WARN  server.GrpcLogAppender (LogUtils.java:warn(122)) - omNode-1@group-523986131536->omNode-3-AppendLogResponseHandler: Failed appendEntries: org.apache.ratis.thirdparty.io.grpc.StatusRuntimeException: UNAVAILABLE: io exception
2022-10-04 13:27:49,646 [grpc-default-executor-5] INFO  leader.FollowerInfo (FollowerInfoImpl.java:lambda$new$0(48)) - omNode-1@group-523986131536->omNode-3: nextIndex: updateUnconditionally 501 -> 45
2022-10-04 13:27:49,649 [grpc-default-executor-4] WARN  server.GrpcLogAppender (LogUtils.java:warn(122)) - omNode-1@group-523986131536->omNode-3-AppendLogResponseHandler: Failed appendEntries: org.apache.ratis.thirdparty.io.grpc.StatusRuntimeException: UNAVAILABLE: io exception
2022-10-04 13:27:49,649 [grpc-default-executor-4] INFO  leader.FollowerInfo (FollowerInfoImpl.java:lambda$new$0(48)) - omNode-1@group-523986131536->omNode-3: nextIndex: updateUnconditionally 502 -> 45
2022-10-04 13:27:49,662 [omNode-1@group-523986131536-StateMachineUpdater] INFO  ratis.OzoneManagerStateMachine (OzoneManagerStateMachine.java:takeSnapshot(441)) - Current Snapshot Index (t:2, i:500)
2022-10-04 13:27:49,662 [omNode-1@group-523986131536-StateMachineUpdater] INFO  impl.StateMachineUpdater (StateMachineUpdater.java:takeSnapshot(287)) - omNode-1@group-523986131536-StateMachineUpdater: Took a snapshot at index 500
2022-10-04 13:27:49,662 [omNode-1@group-523986131536-StateMachineUpdater] INFO  impl.StateMachineUpdater (StateMachineUpdater.java:lambda$new$0(92)) - omNode-1@group-523986131536-StateMachineUpdater: snapshotIndex: updateIncreasingly 450 -> 500
2022-10-04 13:27:49,662 [omNode-1@group-523986131536-StateMachineUpdater] INFO  raftlog.RaftLog (RaftLogBase.java:purge(308)) - omNode-1@group-523986131536-SegmentedRaftLog: purge 500
2022-10-04 13:27:49,662 [omNode-1@group-523986131536-StateMachineUpdater] INFO  raftlog.RaftLog (RaftLogBase.java:lambda$new$0(53)) - omNode-1@group-523986131536-SegmentedRaftLog: snapshotIndex: updateIncreasingly 450 -> 500
2022-10-04 13:27:49,662 [omNode-1@group-523986131536-StateMachineUpdater] INFO  raftlog.RaftLog (RaftLogBase.java:lambda$new$0(53)) - omNode-1@group-523986131536-SegmentedRaftLog: purgeIndex: updateToMax old=450, new=500, updated? true
2022-10-04 13:27:49,663 [grpc-default-executor-4] WARN  server.GrpcLogAppender (LogUtils.java:warn(122)) - omNode-1@group-523986131536->omNode-3-AppendLogResponseHandler: Failed appendEntries: org.apache.ratis.thirdparty.io.grpc.StatusRuntimeException: UNAVAILABLE: io exception
2022-10-04 13:27:49,663 [grpc-default-executor-4] INFO  leader.FollowerInfo (FollowerInfoImpl.java:lambda$new$0(48)) - omNode-1@group-523986131536->omNode-3: nextIndex: updateUnconditionally 502 -> 45
2022-10-04 13:27:49,668 [grpc-default-executor-5] WARN  server.GrpcLogAppender (LogUtils.java:warn(122)) - omNode-1@group-523986131536->omNode-3-AppendLogResponseHandler: Failed appendEntries: org.apache.ratis.thirdparty.io.grpc.StatusRuntimeException: UNAVAILABLE: io exception
2022-10-04 13:27:49,669 [grpc-default-executor-5] INFO  leader.FollowerInfo (FollowerInfoImpl.java:lambda$new$0(48)) - omNode-1@group-523986131536->omNode-3: nextIndex: updateUnconditionally 503 -> 45
2022-10-04 13:27:49,680 [grpc-default-executor-5] WARN  server.GrpcLogAppender (LogUtils.java:warn(122)) - omNode-1@group-523986131536->omNode-3-AppendLogResponseHandler: Failed appendEntries: org.apache.ratis.thirdparty.io.grpc.StatusRuntimeException: UNAVAILABLE: io exception
2022-10-04 13:27:49,680 [grpc-default-executor-5] INFO  leader.FollowerInfo (FollowerInfoImpl.java:lambda$new$0(48)) - omNode-1@group-523986131536->omNode-3: nextIndex: updateUnconditionally 503 -> 45
2022-10-04 13:27:49,681 [grpc-default-executor-5] WARN  server.GrpcLogAppender (LogUtils.java:warn(122)) - omNode-1@group-523986131536->omNode-3-AppendLogResponseHandler: Failed appendEntries: org.apache.ratis.thirdparty.io.grpc.StatusRuntimeException: UNAVAILABLE: io exception
2022-10-04 13:27:49,682 [grpc-default-executor-5] INFO  leader.FollowerInfo (FollowerInfoImpl.java:lambda$new$0(48)) - omNode-1@group-523986131536->omNode-3: nextIndex: updateUnconditionally 503 -> 45
2022-10-04 13:27:49,692 [grpc-default-executor-4] WARN  server.GrpcLogAppender (LogUtils.java:warn(122)) - omNode-1@group-523986131536->omNode-3-AppendLogResponseHandler: Failed appendEntries: org.apache.ratis.thirdparty.io.grpc.StatusRuntimeException: UNAVAILABLE: io exception
2022-10-04 13:27:49,692 [grpc-default-executor-4] INFO  leader.FollowerInfo (FollowerInfoImpl.java:lambda$new$0(48)) - omNode-1@group-523986131536->omNode-3: nextIndex: updateUnconditionally 504 -> 45
2022-10-04 13:27:49,704 [grpc-default-executor-4] WARN  server.GrpcLogAppender (LogUtils.java:warn(122)) - omNode-1@group-523986131536->omNode-3-AppendLogResponseHandler: Failed appendEntries: org.apache.ratis.thirdparty.io.grpc.StatusRuntimeException: UNAVAILABLE: io exception
2022-10-04 13:27:49,704 [grpc-default-executor-4] INFO  leader.FollowerInfo (FollowerInfoImpl.java:lambda$new$0(48)) - omNode-1@group-523986131536->omNode-3: nextIndex: updateUnconditionally 504 -> 45
2022-10-04 13:27:49,707 [grpc-default-executor-4] WARN  server.GrpcLogAppender (LogUtils.java:warn(122)) - omNode-1@group-523986131536->omNode-3-AppendLogResponseHandler: Failed appendEntries: org.apache.ratis.thirdparty.io.grpc.StatusRuntimeException: UNAVAILABLE: io exception
2022-10-04 13:27:49,708 [grpc-default-executor-4] INFO  leader.FollowerInfo (FollowerInfoImpl.java:lambda$new$0(48)) - omNode-1@group-523986131536->omNode-3: nextIndex: updateUnconditionally 506 -> 45
2022-10-04 13:27:49,717 [grpc-default-executor-4] WARN  server.GrpcLogAppender (LogUtils.java:warn(122)) - omNode-1@group-523986131536->omNode-3-AppendLogResponseHandler: Failed appendEntries: org.apache.ratis.thirdparty.io.grpc.StatusRuntimeException: UNAVAILABLE: io exception
2022-10-04 13:27:49,717 [grpc-default-executor-4] INFO  leader.FollowerInfo (FollowerInfoImpl.java:lambda$new$0(48)) - omNode-1@group-523986131536->omNode-3: nextIndex: updateUnconditionally 506 -> 45
2022-10-04 13:27:49,718 [grpc-default-executor-4] WARN  server.GrpcLogAppender (LogUtils.java:warn(122)) - omNode-1@group-523986131536->omNode-3-AppendLogResponseHandler: Failed appendEntries: org.apache.ratis.thirdparty.io.grpc.StatusRuntimeException: UNAVAILABLE: io exception
2022-10-04 13:27:49,718 [grpc-default-executor-4] INFO  leader.FollowerInfo (FollowerInfoImpl.java:lambda$new$0(48)) - omNode-1@group-523986131536->omNode-3: nextIndex: updateUnconditionally 506 -> 45
2022-10-04 13:27:49,726 [grpc-default-executor-4] WARN  server.GrpcLogAppender (LogUtils.java:warn(122)) - omNode-1@group-523986131536->omNode-3-AppendLogResponseHandler: Failed appendEntries: org.apache.ratis.thirdparty.io.grpc.StatusRuntimeException: UNAVAILABLE: io exception
2022-10-04 13:27:49,726 [grpc-default-executor-4] INFO  leader.FollowerInfo (FollowerInfoImpl.java:lambda$new$0(48)) - omNode-1@group-523986131536->omNode-3: nextIndex: updateUnconditionally 506 -> 45
2022-10-04 13:27:49,730 [grpc-default-executor-4] WARN  server.GrpcLogAppender (LogUtils.java:warn(122)) - omNode-1@group-523986131536->omNode-3-AppendLogResponseHandler: Failed appendEntries: org.apache.ratis.thirdparty.io.grpc.StatusRuntimeException: UNAVAILABLE: io exception
2022-10-04 13:27:49,730 [grpc-default-executor-4] INFO  leader.FollowerInfo (FollowerInfoImpl.java:lambda$new$0(48)) - omNode-1@group-523986131536->omNode-3: nextIndex: updateUnconditionally 507 -> 45
2022-10-04 13:27:49,745 [grpc-default-executor-5] WARN  server.GrpcLogAppender (LogUtils.java:warn(122)) - omNode-1@group-523986131536->omNode-3-AppendLogResponseHandler: Failed appendEntries: org.apache.ratis.thirdparty.io.grpc.StatusRuntimeException: UNAVAILABLE: io exception
2022-10-04 13:27:49,745 [grpc-default-executor-5] INFO  leader.FollowerInfo (FollowerInfoImpl.java:lambda$new$0(48)) - omNode-1@group-523986131536->omNode-3: nextIndex: updateUnconditionally 507 -> 45
2022-10-04 13:27:49,747 [grpc-default-executor-5] WARN  server.GrpcLogAppender (LogUtils.java:warn(122)) - omNode-1@group-523986131536->omNode-3-AppendLogResponseHandler: Failed appendEntries: org.apache.ratis.thirdparty.io.grpc.StatusRuntimeException: UNAVAILABLE: io exception
2022-10-04 13:27:49,747 [grpc-default-executor-5] INFO  leader.FollowerInfo (FollowerInfoImpl.java:lambda$new$0(48)) - omNode-1@group-523986131536->omNode-3: nextIndex: updateUnconditionally 507 -> 45
2022-10-04 13:27:49,755 [grpc-default-executor-4] WARN  server.GrpcLogAppender (LogUtils.java:warn(122)) - omNode-1@group-523986131536->omNode-3-AppendLogResponseHandler: Failed appendEntries: org.apache.ratis.thirdparty.io.grpc.StatusRuntimeException: UNAVAILABLE: io exception
2022-10-04 13:27:49,755 [grpc-default-executor-4] INFO  leader.FollowerInfo (FollowerInfoImpl.java:lambda$new$0(48)) - omNode-1@group-523986131536->omNode-3: nextIndex: updateUnconditionally 508 -> 45
2022-10-04 13:27:49,768 [grpc-default-executor-4] WARN  server.GrpcLogAppender (LogUtils.java:warn(122)) - omNode-1@group-523986131536->omNode-3-AppendLogResponseHandler: Failed appendEntries: org.apache.ratis.thirdparty.io.grpc.StatusRuntimeException: UNAVAILABLE: io exception
2022-10-04 13:27:49,768 [grpc-default-executor-4] INFO  leader.FollowerInfo (FollowerInfoImpl.java:lambda$new$0(48)) - omNode-1@group-523986131536->omNode-3: nextIndex: updateUnconditionally 508 -> 45
2022-10-04 13:27:49,770 [grpc-default-executor-4] WARN  server.GrpcLogAppender (LogUtils.java:warn(122)) - omNode-1@group-523986131536->omNode-3-AppendLogResponseHandler: Failed appendEntries: org.apache.ratis.thirdparty.io.grpc.StatusRuntimeException: UNAVAILABLE: io exception
2022-10-04 13:27:49,770 [grpc-default-executor-4] INFO  leader.FollowerInfo (FollowerInfoImpl.java:lambda$new$0(48)) - omNode-1@group-523986131536->omNode-3: nextIndex: updateUnconditionally 509 -> 45
2022-10-04 13:27:49,772 [grpc-default-executor-4] WARN  server.GrpcLogAppender (LogUtils.java:warn(122)) - omNode-1@group-523986131536->omNode-3-AppendLogResponseHandler: Failed appendEntries: org.apache.ratis.thirdparty.io.grpc.StatusRuntimeException: UNAVAILABLE: io exception
2022-10-04 13:27:49,772 [grpc-default-executor-4] INFO  leader.FollowerInfo (FollowerInfoImpl.java:lambda$new$0(48)) - omNode-1@group-523986131536->omNode-3: nextIndex: updateUnconditionally 510 -> 45
2022-10-04 13:27:49,779 [grpc-default-executor-4] WARN  server.GrpcLogAppender (LogUtils.java:warn(122)) - omNode-1@group-523986131536->omNode-3-AppendLogResponseHandler: Failed appendEntries: org.apache.ratis.thirdparty.io.grpc.StatusRuntimeException: UNAVAILABLE: io exception
2022-10-04 13:27:49,779 [grpc-default-executor-4] INFO  leader.FollowerInfo (FollowerInfoImpl.java:lambda$new$0(48)) - omNode-1@group-523986131536->omNode-3: nextIndex: updateUnconditionally 510 -> 45
2022-10-04 13:27:49,780 [grpc-default-executor-4] WARN  server.GrpcLogAppender (LogUtils.java:warn(122)) - omNode-1@group-523986131536->omNode-3-AppendLogResponseHandler: Failed appendEntries: org.apache.ratis.thirdparty.io.grpc.StatusRuntimeException: UNAVAILABLE: io exception
2022-10-04 13:27:49,781 [grpc-default-executor-4] INFO  leader.FollowerInfo (FollowerInfoImpl.java:lambda$new$0(48)) - omNode-1@group-523986131536->omNode-3: nextIndex: updateUnconditionally 510 -> 45
2022-10-04 13:27:49,789 [grpc-default-executor-4] WARN  server.GrpcLogAppender (LogUtils.java:warn(122)) - omNode-1@group-523986131536->omNode-3-AppendLogResponseHandler: Failed appendEntries: org.apache.ratis.thirdparty.io.grpc.StatusRuntimeException: UNAVAILABLE: io exception
2022-10-04 13:27:49,790 [grpc-default-executor-4] INFO  leader.FollowerInfo (FollowerInfoImpl.java:lambda$new$0(48)) - omNode-1@group-523986131536->omNode-3: nextIndex: updateUnconditionally 511 -> 45
2022-10-04 13:27:49,798 [grpc-default-executor-5] WARN  server.GrpcLogAppender (LogUtils.java:warn(122)) - omNode-1@group-523986131536->omNode-3-AppendLogResponseHandler: Failed appendEntries: org.apache.ratis.thirdparty.io.grpc.StatusRuntimeException: UNAVAILABLE: io exception
2022-10-04 13:27:49,798 [grpc-default-executor-5] INFO  leader.FollowerInfo (FollowerInfoImpl.java:lambda$new$0(48)) - omNode-1@group-523986131536->omNode-3: nextIndex: updateUnconditionally 511 -> 45
2022-10-04 13:27:49,800 [grpc-default-executor-5] WARN  server.GrpcLogAppender (LogUtils.java:warn(122)) - omNode-1@group-523986131536->omNode-3-AppendLogResponseHandler: Failed appendEntries: org.apache.ratis.thirdparty.io.grpc.StatusRuntimeException: UNAVAILABLE: io exception
2022-10-04 13:27:49,800 [grpc-default-executor-5] INFO  leader.FollowerInfo (FollowerInfoImpl.java:lambda$new$0(48)) - omNode-1@group-523986131536->omNode-3: nextIndex: updateUnconditionally 511 -> 45
2022-10-04 13:27:49,809 [grpc-default-executor-4] WARN  server.GrpcLogAppender (LogUtils.java:warn(122)) - omNode-1@group-523986131536->omNode-3-AppendLogResponseHandler: Failed appendEntries: org.apache.ratis.thirdparty.io.grpc.StatusRuntimeException: UNAVAILABLE: io exception
2022-10-04 13:27:49,809 [grpc-default-executor-4] INFO  leader.FollowerInfo (FollowerInfoImpl.java:lambda$new$0(48)) - omNode-1@group-523986131536->omNode-3: nextIndex: updateUnconditionally 512 -> 45
2022-10-04 13:27:49,819 [grpc-default-executor-4] WARN  server.GrpcLogAppender (LogUtils.java:warn(122)) - omNode-1@group-523986131536->omNode-3-AppendLogResponseHandler: Failed appendEntries: org.apache.ratis.thirdparty.io.grpc.StatusRuntimeException: UNAVAILABLE: io exception
2022-10-04 13:27:49,819 [grpc-default-executor-4] INFO  leader.FollowerInfo (FollowerInfoImpl.java:lambda$new$0(48)) - omNode-1@group-523986131536->omNode-3: nextIndex: updateUnconditionally 512 -> 45
2022-10-04 13:27:49,821 [grpc-default-executor-5] WARN  server.GrpcLogAppender (LogUtils.java:warn(122)) - omNode-1@group-523986131536->omNode-3-AppendLogResponseHandler: Failed appendEntries: org.apache.ratis.thirdparty.io.grpc.StatusRuntimeException: UNAVAILABLE: io exception
2022-10-04 13:27:49,821 [grpc-default-executor-5] INFO  leader.FollowerInfo (FollowerInfoImpl.java:lambda$new$0(48)) - omNode-1@group-523986131536->omNode-3: nextIndex: updateUnconditionally 513 -> 45
2022-10-04 13:27:49,826 [grpc-default-executor-4] WARN  server.GrpcLogAppender (LogUtils.java:warn(122)) - omNode-1@group-523986131536->omNode-3-AppendLogResponseHandler: Failed appendEntries: org.apache.ratis.thirdparty.io.grpc.StatusRuntimeException: UNAVAILABLE: io exception
2022-10-04 13:27:49,826 [grpc-default-executor-4] INFO  leader.FollowerInfo (FollowerInfoImpl.java:lambda$new$0(48)) - omNode-1@group-523986131536->omNode-3: nextIndex: updateUnconditionally 514 -> 45
2022-10-04 13:27:49,847 [grpc-default-executor-4] WARN  server.GrpcLogAppender (LogUtils.java:warn(122)) - omNode-1@group-523986131536->omNode-3-AppendLogResponseHandler: Failed appendEntries: org.apache.ratis.thirdparty.io.grpc.StatusRuntimeException: UNAVAILABLE: io exception
2022-10-04 13:27:49,847 [grpc-default-executor-4] INFO  leader.FollowerInfo (FollowerInfoImpl.java:lambda$new$0(48)) - omNode-1@group-523986131536->omNode-3: nextIndex: updateUnconditionally 514 -> 45
2022-10-04 13:27:49,849 [grpc-default-executor-4] WARN  server.GrpcLogAppender (LogUtils.java:warn(122)) - omNode-1@group-523986131536->omNode-3-AppendLogResponseHandler: Failed appendEntries: org.apache.ratis.thirdparty.io.grpc.StatusRuntimeException: UNAVAILABLE: io exception
2022-10-04 13:27:49,849 [grpc-default-executor-4] INFO  leader.FollowerInfo (FollowerInfoImpl.java:lambda$new$0(48)) - omNode-1@group-523986131536->omNode-3: nextIndex: updateUnconditionally 514 -> 45
2022-10-04 13:27:49,867 [grpc-default-executor-4] WARN  server.GrpcLogAppender (LogUtils.java:warn(122)) - omNode-1@group-523986131536->omNode-3-AppendLogResponseHandler: Failed appendEntries: org.apache.ratis.thirdparty.io.grpc.StatusRuntimeException: UNAVAILABLE: io exception
2022-10-04 13:27:49,868 [grpc-default-executor-4] INFO  leader.FollowerInfo (FollowerInfoImpl.java:lambda$new$0(48)) - omNode-1@group-523986131536->omNode-3: nextIndex: updateUnconditionally 515 -> 45
2022-10-04 13:27:49,891 [grpc-default-executor-4] WARN  server.GrpcLogAppender (LogUtils.java:warn(122)) - omNode-1@group-523986131536->omNode-3-AppendLogResponseHandler: Failed appendEntries: org.apache.ratis.thirdparty.io.grpc.StatusRuntimeException: UNAVAILABLE: io exception
2022-10-04 13:27:49,891 [grpc-default-executor-4] INFO  leader.FollowerInfo (FollowerInfoImpl.java:lambda$new$0(48)) - omNode-1@group-523986131536->omNode-3: nextIndex: updateUnconditionally 515 -> 45
2022-10-04 13:27:49,891 [omNode-2@group-523986131536-StateMachineUpdater] INFO  ratis.OzoneManagerStateMachine (OzoneManagerStateMachine.java:takeSnapshot(441)) - Current Snapshot Index (t:2, i:513)
2022-10-04 13:27:49,892 [omNode-2@group-523986131536-StateMachineUpdater] INFO  impl.StateMachineUpdater (StateMachineUpdater.java:takeSnapshot(287)) - omNode-2@group-523986131536-StateMachineUpdater: Took a snapshot at index 513
2022-10-04 13:27:49,892 [omNode-2@group-523986131536-StateMachineUpdater] INFO  impl.StateMachineUpdater (StateMachineUpdater.java:lambda$new$0(92)) - omNode-2@group-523986131536-StateMachineUpdater: snapshotIndex: updateIncreasingly 461 -> 513
2022-10-04 13:27:49,892 [omNode-2@group-523986131536-StateMachineUpdater] INFO  raftlog.RaftLog (RaftLogBase.java:purge(308)) - omNode-2@group-523986131536-SegmentedRaftLog: purge 513
2022-10-04 13:27:49,892 [omNode-2@group-523986131536-StateMachineUpdater] INFO  raftlog.RaftLog (RaftLogBase.java:lambda$new$0(53)) - omNode-2@group-523986131536-SegmentedRaftLog: snapshotIndex: updateIncreasingly 461 -> 513
2022-10-04 13:27:49,892 [omNode-2@group-523986131536-StateMachineUpdater] INFO  raftlog.RaftLog (RaftLogBase.java:lambda$new$0(53)) - omNode-2@group-523986131536-SegmentedRaftLog: purgeIndex: updateToMax old=461, new=513, updated? true
2022-10-04 13:27:49,892 [grpc-default-executor-4] WARN  server.GrpcLogAppender (LogUtils.java:warn(122)) - omNode-1@group-523986131536->omNode-3-AppendLogResponseHandler: Failed appendEntries: org.apache.ratis.thirdparty.io.grpc.StatusRuntimeException: UNAVAILABLE: io exception
2022-10-04 13:27:49,893 [grpc-default-executor-4] INFO  leader.FollowerInfo (FollowerInfoImpl.java:lambda$new$0(48)) - omNode-1@group-523986131536->omNode-3: nextIndex: updateUnconditionally 515 -> 45
2022-10-04 13:27:49,897 [grpc-default-executor-5] WARN  server.GrpcLogAppender (LogUtils.java:warn(122)) - omNode-1@group-523986131536->omNode-3-AppendLogResponseHandler: Failed appendEntries: org.apache.ratis.thirdparty.io.grpc.StatusRuntimeException: UNAVAILABLE: io exception
2022-10-04 13:27:49,898 [grpc-default-executor-5] INFO  leader.FollowerInfo (FollowerInfoImpl.java:lambda$new$0(48)) - omNode-1@group-523986131536->omNode-3: nextIndex: updateUnconditionally 516 -> 45
2022-10-04 13:27:49,902 [grpc-default-executor-4] WARN  server.GrpcLogAppender (LogUtils.java:warn(122)) - omNode-1@group-523986131536->omNode-3-AppendLogResponseHandler: Failed appendEntries: org.apache.ratis.thirdparty.io.grpc.StatusRuntimeException: UNAVAILABLE: io exception
2022-10-04 13:27:49,902 [grpc-default-executor-4] INFO  leader.FollowerInfo (FollowerInfoImpl.java:lambda$new$0(48)) - omNode-1@group-523986131536->omNode-3: nextIndex: updateUnconditionally 517 -> 45
2022-10-04 13:27:49,904 [grpc-default-executor-4] WARN  server.GrpcLogAppender (LogUtils.java:warn(122)) - omNode-1@group-523986131536->omNode-3-AppendLogResponseHandler: Failed appendEntries: org.apache.ratis.thirdparty.io.grpc.StatusRuntimeException: UNAVAILABLE: io exception
2022-10-04 13:27:49,905 [grpc-default-executor-4] INFO  leader.FollowerInfo (FollowerInfoImpl.java:lambda$new$0(48)) - omNode-1@group-523986131536->omNode-3: nextIndex: updateUnconditionally 518 -> 45
2022-10-04 13:27:49,906 [grpc-default-executor-5] WARN  server.GrpcLogAppender (LogUtils.java:warn(122)) - omNode-1@group-523986131536->omNode-3-AppendLogResponseHandler: Failed appendEntries: org.apache.ratis.thirdparty.io.grpc.StatusRuntimeException: UNAVAILABLE: io exception
2022-10-04 13:27:49,907 [grpc-default-executor-5] INFO  leader.FollowerInfo (FollowerInfoImpl.java:lambda$new$0(48)) - omNode-1@group-523986131536->omNode-3: nextIndex: updateUnconditionally 518 -> 45
2022-10-04 13:27:49,909 [grpc-default-executor-4] WARN  server.GrpcLogAppender (LogUtils.java:warn(122)) - omNode-1@group-523986131536->omNode-3-AppendLogResponseHandler: Failed appendEntries: org.apache.ratis.thirdparty.io.grpc.StatusRuntimeException: UNAVAILABLE: io exception
2022-10-04 13:27:49,909 [grpc-default-executor-4] INFO  leader.FollowerInfo (FollowerInfoImpl.java:lambda$new$0(48)) - omNode-1@group-523986131536->omNode-3: nextIndex: updateUnconditionally 519 -> 45
2022-10-04 13:27:49,926 [grpc-default-executor-4] WARN  server.GrpcLogAppender (LogUtils.java:warn(122)) - omNode-1@group-523986131536->omNode-3-AppendLogResponseHandler: Failed appendEntries: org.apache.ratis.thirdparty.io.grpc.StatusRuntimeException: UNAVAILABLE: io exception
2022-10-04 13:27:49,926 [grpc-default-executor-4] INFO  leader.FollowerInfo (FollowerInfoImpl.java:lambda$new$0(48)) - omNode-1@group-523986131536->omNode-3: nextIndex: updateUnconditionally 519 -> 45
2022-10-04 13:27:49,927 [grpc-default-executor-5] WARN  server.GrpcLogAppender (LogUtils.java:warn(122)) - omNode-1@group-523986131536->omNode-3-AppendLogResponseHandler: Failed appendEntries: org.apache.ratis.thirdparty.io.grpc.StatusRuntimeException: UNAVAILABLE: io exception
2022-10-04 13:27:49,927 [grpc-default-executor-5] INFO  leader.FollowerInfo (FollowerInfoImpl.java:lambda$new$0(48)) - omNode-1@group-523986131536->omNode-3: nextIndex: updateUnconditionally 519 -> 45
2022-10-04 13:27:49,932 [grpc-default-executor-5] WARN  server.GrpcLogAppender (LogUtils.java:warn(122)) - omNode-1@group-523986131536->omNode-3-AppendLogResponseHandler: Failed appendEntries: org.apache.ratis.thirdparty.io.grpc.StatusRuntimeException: UNAVAILABLE: io exception
2022-10-04 13:27:49,933 [grpc-default-executor-5] INFO  leader.FollowerInfo (FollowerInfoImpl.java:lambda$new$0(48)) - omNode-1@group-523986131536->omNode-3: nextIndex: updateUnconditionally 520 -> 45
2022-10-04 13:27:49,941 [grpc-default-executor-4] WARN  server.GrpcLogAppender (LogUtils.java:warn(122)) - omNode-1@group-523986131536->omNode-3-AppendLogResponseHandler: Failed appendEntries: org.apache.ratis.thirdparty.io.grpc.StatusRuntimeException: UNAVAILABLE: io exception
2022-10-04 13:27:49,941 [grpc-default-executor-4] INFO  leader.FollowerInfo (FollowerInfoImpl.java:lambda$new$0(48)) - omNode-1@group-523986131536->omNode-3: nextIndex: updateUnconditionally 520 -> 45
2022-10-04 13:27:49,942 [grpc-default-executor-5] WARN  server.GrpcLogAppender (LogUtils.java:warn(122)) - omNode-1@group-523986131536->omNode-3-AppendLogResponseHandler: Failed appendEntries: org.apache.ratis.thirdparty.io.grpc.StatusRuntimeException: UNAVAILABLE: io exception
2022-10-04 13:27:49,942 [grpc-default-executor-5] INFO  leader.FollowerInfo (FollowerInfoImpl.java:lambda$new$0(48)) - omNode-1@group-523986131536->omNode-3: nextIndex: updateUnconditionally 521 -> 45
2022-10-04 13:27:49,944 [grpc-default-executor-5] WARN  server.GrpcLogAppender (LogUtils.java:warn(122)) - omNode-1@group-523986131536->omNode-3-AppendLogResponseHandler: Failed appendEntries: org.apache.ratis.thirdparty.io.grpc.StatusRuntimeException: UNAVAILABLE: io exception
2022-10-04 13:27:49,944 [grpc-default-executor-5] INFO  leader.FollowerInfo (FollowerInfoImpl.java:lambda$new$0(48)) - omNode-1@group-523986131536->omNode-3: nextIndex: updateUnconditionally 522 -> 45
2022-10-04 13:27:49,949 [grpc-default-executor-5] WARN  server.GrpcLogAppender (LogUtils.java:warn(122)) - omNode-1@group-523986131536->omNode-3-AppendLogResponseHandler: Failed appendEntries: org.apache.ratis.thirdparty.io.grpc.StatusRuntimeException: UNAVAILABLE: io exception
2022-10-04 13:27:49,949 [grpc-default-executor-5] INFO  leader.FollowerInfo (FollowerInfoImpl.java:lambda$new$0(48)) - omNode-1@group-523986131536->omNode-3: nextIndex: updateUnconditionally 522 -> 45
2022-10-04 13:27:49,951 [grpc-default-executor-5] WARN  server.GrpcLogAppender (LogUtils.java:warn(122)) - omNode-1@group-523986131536->omNode-3-AppendLogResponseHandler: Failed appendEntries: org.apache.ratis.thirdparty.io.grpc.StatusRuntimeException: UNAVAILABLE: io exception
2022-10-04 13:27:49,951 [grpc-default-executor-5] INFO  leader.FollowerInfo (FollowerInfoImpl.java:lambda$new$0(48)) - omNode-1@group-523986131536->omNode-3: nextIndex: updateUnconditionally 523 -> 45
2022-10-04 13:27:49,976 [grpc-default-executor-4] WARN  server.GrpcLogAppender (LogUtils.java:warn(122)) - omNode-1@group-523986131536->omNode-3-AppendLogResponseHandler: Failed appendEntries: org.apache.ratis.thirdparty.io.grpc.StatusRuntimeException: UNAVAILABLE: io exception
2022-10-04 13:27:49,977 [grpc-default-executor-4] INFO  leader.FollowerInfo (FollowerInfoImpl.java:lambda$new$0(48)) - omNode-1@group-523986131536->omNode-3: nextIndex: updateUnconditionally 523 -> 45
2022-10-04 13:27:49,987 [grpc-default-executor-4] WARN  server.GrpcLogAppender (LogUtils.java:warn(122)) - omNode-1@group-523986131536->omNode-3-AppendLogResponseHandler: Failed appendEntries: org.apache.ratis.thirdparty.io.grpc.StatusRuntimeException: UNAVAILABLE: io exception
2022-10-04 13:27:49,987 [grpc-default-executor-4] INFO  leader.FollowerInfo (FollowerInfoImpl.java:lambda$new$0(48)) - omNode-1@group-523986131536->omNode-3: nextIndex: updateUnconditionally 523 -> 45
2022-10-04 13:27:49,995 [grpc-default-executor-4] WARN  server.GrpcLogAppender (LogUtils.java:warn(122)) - omNode-1@group-523986131536->omNode-3-AppendLogResponseHandler: Failed appendEntries: org.apache.ratis.thirdparty.io.grpc.StatusRuntimeException: UNAVAILABLE: io exception
2022-10-04 13:27:49,995 [grpc-default-executor-4] INFO  leader.FollowerInfo (FollowerInfoImpl.java:lambda$new$0(48)) - omNode-1@group-523986131536->omNode-3: nextIndex: updateUnconditionally 524 -> 45
2022-10-04 13:27:50,005 [grpc-default-executor-5] WARN  server.GrpcLogAppender (LogUtils.java:warn(122)) - omNode-1@group-523986131536->omNode-3-AppendLogResponseHandler: Failed appendEntries: org.apache.ratis.thirdparty.io.grpc.StatusRuntimeException: UNAVAILABLE: io exception
2022-10-04 13:27:50,006 [grpc-default-executor-5] INFO  leader.FollowerInfo (FollowerInfoImpl.java:lambda$new$0(48)) - omNode-1@group-523986131536->omNode-3: nextIndex: updateUnconditionally 524 -> 45
2022-10-04 13:27:50,010 [grpc-default-executor-5] WARN  server.GrpcLogAppender (LogUtils.java:warn(122)) - omNode-1@group-523986131536->omNode-3-AppendLogResponseHandler: Failed appendEntries: org.apache.ratis.thirdparty.io.grpc.StatusRuntimeException: UNAVAILABLE: io exception
2022-10-04 13:27:50,010 [grpc-default-executor-5] INFO  leader.FollowerInfo (FollowerInfoImpl.java:lambda$new$0(48)) - omNode-1@group-523986131536->omNode-3: nextIndex: updateUnconditionally 526 -> 45
2022-10-04 13:27:50,015 [grpc-default-executor-4] WARN  server.GrpcLogAppender (LogUtils.java:warn(122)) - omNode-1@group-523986131536->omNode-3-AppendLogResponseHandler: Failed appendEntries: org.apache.ratis.thirdparty.io.grpc.StatusRuntimeException: UNAVAILABLE: io exception
2022-10-04 13:27:50,015 [grpc-default-executor-4] INFO  leader.FollowerInfo (FollowerInfoImpl.java:lambda$new$0(48)) - omNode-1@group-523986131536->omNode-3: nextIndex: updateUnconditionally 526 -> 45
2022-10-04 13:27:50,025 [grpc-default-executor-4] WARN  server.GrpcLogAppender (LogUtils.java:warn(122)) - omNode-1@group-523986131536->omNode-3-AppendLogResponseHandler: Failed appendEntries: org.apache.ratis.thirdparty.io.grpc.StatusRuntimeException: UNAVAILABLE: io exception
2022-10-04 13:27:50,025 [grpc-default-executor-4] INFO  leader.FollowerInfo (FollowerInfoImpl.java:lambda$new$0(48)) - omNode-1@group-523986131536->omNode-3: nextIndex: updateUnconditionally 527 -> 45
2022-10-04 13:27:50,038 [grpc-default-executor-4] WARN  server.GrpcLogAppender (LogUtils.java:warn(122)) - omNode-1@group-523986131536->omNode-3-AppendLogResponseHandler: Failed appendEntries: org.apache.ratis.thirdparty.io.grpc.StatusRuntimeException: UNAVAILABLE: io exception
2022-10-04 13:27:50,038 [grpc-default-executor-4] INFO  leader.FollowerInfo (FollowerInfoImpl.java:lambda$new$0(48)) - omNode-1@group-523986131536->omNode-3: nextIndex: updateUnconditionally 527 -> 45
2022-10-04 13:27:50,044 [grpc-default-executor-4] WARN  server.GrpcLogAppender (LogUtils.java:warn(122)) - omNode-1@group-523986131536->omNode-3-AppendLogResponseHandler: Failed appendEntries: org.apache.ratis.thirdparty.io.grpc.StatusRuntimeException: UNAVAILABLE: io exception
2022-10-04 13:27:50,044 [grpc-default-executor-4] INFO  leader.FollowerInfo (FollowerInfoImpl.java:lambda$new$0(48)) - omNode-1@group-523986131536->omNode-3: nextIndex: updateUnconditionally 528 -> 45
2022-10-04 13:27:50,058 [grpc-default-executor-5] WARN  server.GrpcLogAppender (LogUtils.java:warn(122)) - omNode-1@group-523986131536->omNode-3-AppendLogResponseHandler: Failed appendEntries: org.apache.ratis.thirdparty.io.grpc.StatusRuntimeException: UNAVAILABLE: io exception
2022-10-04 13:27:50,058 [grpc-default-executor-5] INFO  leader.FollowerInfo (FollowerInfoImpl.java:lambda$new$0(48)) - omNode-1@group-523986131536->omNode-3: nextIndex: updateUnconditionally 528 -> 45
2022-10-04 13:27:50,061 [grpc-default-executor-4] WARN  server.GrpcLogAppender (LogUtils.java:warn(122)) - omNode-1@group-523986131536->omNode-3-AppendLogResponseHandler: Failed appendEntries: org.apache.ratis.thirdparty.io.grpc.StatusRuntimeException: UNAVAILABLE: io exception
2022-10-04 13:27:50,061 [grpc-default-executor-4] INFO  leader.FollowerInfo (FollowerInfoImpl.java:lambda$new$0(48)) - omNode-1@group-523986131536->omNode-3: nextIndex: updateUnconditionally 530 -> 45
2022-10-04 13:27:50,075 [grpc-default-executor-5] WARN  server.GrpcLogAppender (LogUtils.java:warn(122)) - omNode-1@group-523986131536->omNode-3-AppendLogResponseHandler: Failed appendEntries: org.apache.ratis.thirdparty.io.grpc.StatusRuntimeException: UNAVAILABLE: io exception
2022-10-04 13:27:50,076 [grpc-default-executor-5] INFO  leader.FollowerInfo (FollowerInfoImpl.java:lambda$new$0(48)) - omNode-1@group-523986131536->omNode-3: nextIndex: updateUnconditionally 530 -> 45
2022-10-04 13:27:50,081 [grpc-default-executor-5] WARN  server.GrpcLogAppender (LogUtils.java:warn(122)) - omNode-1@group-523986131536->omNode-3-AppendLogResponseHandler: Failed appendEntries: org.apache.ratis.thirdparty.io.grpc.StatusRuntimeException: UNAVAILABLE: io exception
2022-10-04 13:27:50,081 [grpc-default-executor-5] INFO  leader.FollowerInfo (FollowerInfoImpl.java:lambda$new$0(48)) - omNode-1@group-523986131536->omNode-3: nextIndex: updateUnconditionally 531 -> 45
2022-10-04 13:27:50,111 [grpc-default-executor-5] WARN  server.GrpcLogAppender (LogUtils.java:warn(122)) - omNode-1@group-523986131536->omNode-3-AppendLogResponseHandler: Failed appendEntries: org.apache.ratis.thirdparty.io.grpc.StatusRuntimeException: UNAVAILABLE: io exception
2022-10-04 13:27:50,111 [grpc-default-executor-5] INFO  leader.FollowerInfo (FollowerInfoImpl.java:lambda$new$0(48)) - omNode-1@group-523986131536->omNode-3: nextIndex: updateUnconditionally 531 -> 45
2022-10-04 13:27:50,121 [grpc-default-executor-4] WARN  server.GrpcLogAppender (LogUtils.java:warn(122)) - omNode-1@group-523986131536->omNode-3-AppendLogResponseHandler: Failed appendEntries: org.apache.ratis.thirdparty.io.grpc.StatusRuntimeException: UNAVAILABLE: io exception
2022-10-04 13:27:50,122 [grpc-default-executor-4] INFO  leader.FollowerInfo (FollowerInfoImpl.java:lambda$new$0(48)) - omNode-1@group-523986131536->omNode-3: nextIndex: updateUnconditionally 532 -> 45
2022-10-04 13:27:50,132 [grpc-default-executor-4] WARN  server.GrpcLogAppender (LogUtils.java:warn(122)) - omNode-1@group-523986131536->omNode-3-AppendLogResponseHandler: Failed appendEntries: org.apache.ratis.thirdparty.io.grpc.StatusRuntimeException: UNAVAILABLE: io exception
2022-10-04 13:27:50,133 [grpc-default-executor-4] INFO  leader.FollowerInfo (FollowerInfoImpl.java:lambda$new$0(48)) - omNode-1@group-523986131536->omNode-3: nextIndex: updateUnconditionally 533 -> 45
2022-10-04 13:27:50,135 [grpc-default-executor-4] WARN  server.GrpcLogAppender (LogUtils.java:warn(122)) - omNode-1@group-523986131536->omNode-3-AppendLogResponseHandler: Failed appendEntries: org.apache.ratis.thirdparty.io.grpc.StatusRuntimeException: UNAVAILABLE: io exception
2022-10-04 13:27:50,135 [grpc-default-executor-4] INFO  leader.FollowerInfo (FollowerInfoImpl.java:lambda$new$0(48)) - omNode-1@group-523986131536->omNode-3: nextIndex: updateUnconditionally 534 -> 45
2022-10-04 13:27:50,148 [grpc-default-executor-4] WARN  server.GrpcLogAppender (LogUtils.java:warn(122)) - omNode-1@group-523986131536->omNode-3-AppendLogResponseHandler: Failed appendEntries: org.apache.ratis.thirdparty.io.grpc.StatusRuntimeException: UNAVAILABLE: io exception
2022-10-04 13:27:50,148 [grpc-default-executor-4] INFO  leader.FollowerInfo (FollowerInfoImpl.java:lambda$new$0(48)) - omNode-1@group-523986131536->omNode-3: nextIndex: updateUnconditionally 534 -> 45
2022-10-04 13:27:50,158 [grpc-default-executor-4] WARN  server.GrpcLogAppender (LogUtils.java:warn(122)) - omNode-1@group-523986131536->omNode-3-AppendLogResponseHandler: Failed appendEntries: org.apache.ratis.thirdparty.io.grpc.StatusRuntimeException: UNAVAILABLE: io exception
2022-10-04 13:27:50,158 [grpc-default-executor-4] INFO  leader.FollowerInfo (FollowerInfoImpl.java:lambda$new$0(48)) - omNode-1@group-523986131536->omNode-3: nextIndex: updateUnconditionally 535 -> 45
2022-10-04 13:27:50,172 [grpc-default-executor-5] WARN  server.GrpcLogAppender (LogUtils.java:warn(122)) - omNode-1@group-523986131536->omNode-3-AppendLogResponseHandler: Failed appendEntries: org.apache.ratis.thirdparty.io.grpc.StatusRuntimeException: UNAVAILABLE: io exception
2022-10-04 13:27:50,173 [grpc-default-executor-5] INFO  leader.FollowerInfo (FollowerInfoImpl.java:lambda$new$0(48)) - omNode-1@group-523986131536->omNode-3: nextIndex: updateUnconditionally 535 -> 45
2022-10-04 13:27:50,182 [grpc-default-executor-5] WARN  server.GrpcLogAppender (LogUtils.java:warn(122)) - omNode-1@group-523986131536->omNode-3-AppendLogResponseHandler: Failed appendEntries: org.apache.ratis.thirdparty.io.grpc.StatusRuntimeException: UNAVAILABLE: io exception
2022-10-04 13:27:50,182 [grpc-default-executor-5] INFO  leader.FollowerInfo (FollowerInfoImpl.java:lambda$new$0(48)) - omNode-1@group-523986131536->omNode-3: nextIndex: updateUnconditionally 536 -> 45
2022-10-04 13:27:50,192 [grpc-default-executor-5] WARN  server.GrpcLogAppender (LogUtils.java:warn(122)) - omNode-1@group-523986131536->omNode-3-AppendLogResponseHandler: Failed appendEntries: org.apache.ratis.thirdparty.io.grpc.StatusRuntimeException: UNAVAILABLE: io exception
2022-10-04 13:27:50,192 [grpc-default-executor-5] INFO  leader.FollowerInfo (FollowerInfoImpl.java:lambda$new$0(48)) - omNode-1@group-523986131536->omNode-3: nextIndex: updateUnconditionally 536 -> 45
2022-10-04 13:27:50,195 [grpc-default-executor-5] WARN  server.GrpcLogAppender (LogUtils.java:warn(122)) - omNode-1@group-523986131536->omNode-3-AppendLogResponseHandler: Failed appendEntries: org.apache.ratis.thirdparty.io.grpc.StatusRuntimeException: UNAVAILABLE: io exception
2022-10-04 13:27:50,196 [grpc-default-executor-5] INFO  leader.FollowerInfo (FollowerInfoImpl.java:lambda$new$0(48)) - omNode-1@group-523986131536->omNode-3: nextIndex: updateUnconditionally 538 -> 45
2022-10-04 13:27:50,200 [grpc-default-executor-1] WARN  server.GrpcLogAppender (LogUtils.java:warn(122)) - omNode-1@group-523986131536->omNode-3-AppendLogResponseHandler: Failed appendEntries: org.apache.ratis.thirdparty.io.grpc.StatusRuntimeException: UNAVAILABLE: io exception
2022-10-04 13:27:50,200 [grpc-default-executor-1] INFO  leader.FollowerInfo (FollowerInfoImpl.java:lambda$new$0(48)) - omNode-1@group-523986131536->omNode-3: nextIndex: updateUnconditionally 539 -> 45
2022-10-04 13:27:50,208 [grpc-default-executor-5] WARN  server.GrpcLogAppender (LogUtils.java:warn(122)) - omNode-1@group-523986131536->omNode-3-AppendLogResponseHandler: Failed appendEntries: org.apache.ratis.thirdparty.io.grpc.StatusRuntimeException: UNAVAILABLE: io exception
2022-10-04 13:27:50,208 [grpc-default-executor-5] INFO  leader.FollowerInfo (FollowerInfoImpl.java:lambda$new$0(48)) - omNode-1@group-523986131536->omNode-3: nextIndex: updateUnconditionally 539 -> 45
2022-10-04 13:27:50,214 [grpc-default-executor-5] WARN  server.GrpcLogAppender (LogUtils.java:warn(122)) - omNode-1@group-523986131536->omNode-3-AppendLogResponseHandler: Failed appendEntries: org.apache.ratis.thirdparty.io.grpc.StatusRuntimeException: UNAVAILABLE: io exception
2022-10-04 13:27:50,214 [grpc-default-executor-5] INFO  leader.FollowerInfo (FollowerInfoImpl.java:lambda$new$0(48)) - omNode-1@group-523986131536->omNode-3: nextIndex: updateUnconditionally 540 -> 45
2022-10-04 13:27:50,224 [grpc-default-executor-5] WARN  server.GrpcLogAppender (LogUtils.java:warn(122)) - omNode-1@group-523986131536->omNode-3-AppendLogResponseHandler: Failed appendEntries: org.apache.ratis.thirdparty.io.grpc.StatusRuntimeException: UNAVAILABLE: io exception
2022-10-04 13:27:50,224 [grpc-default-executor-5] INFO  leader.FollowerInfo (FollowerInfoImpl.java:lambda$new$0(48)) - omNode-1@group-523986131536->omNode-3: nextIndex: updateUnconditionally 540 -> 45
2022-10-04 13:27:50,226 [grpc-default-executor-5] WARN  server.GrpcLogAppender (LogUtils.java:warn(122)) - omNode-1@group-523986131536->omNode-3-AppendLogResponseHandler: Failed appendEntries: org.apache.ratis.thirdparty.io.grpc.StatusRuntimeException: UNAVAILABLE: io exception
2022-10-04 13:27:50,227 [grpc-default-executor-5] INFO  leader.FollowerInfo (FollowerInfoImpl.java:lambda$new$0(48)) - omNode-1@group-523986131536->omNode-3: nextIndex: updateUnconditionally 542 -> 45
2022-10-04 13:27:50,251 [grpc-default-executor-5] WARN  server.GrpcLogAppender (LogUtils.java:warn(122)) - omNode-1@group-523986131536->omNode-3-AppendLogResponseHandler: Failed appendEntries: org.apache.ratis.thirdparty.io.grpc.StatusRuntimeException: UNAVAILABLE: io exception
2022-10-04 13:27:50,251 [grpc-default-executor-5] INFO  leader.FollowerInfo (FollowerInfoImpl.java:lambda$new$0(48)) - omNode-1@group-523986131536->omNode-3: nextIndex: updateUnconditionally 542 -> 45
2022-10-04 13:27:50,261 [grpc-default-executor-5] WARN  server.GrpcLogAppender (LogUtils.java:warn(122)) - omNode-1@group-523986131536->omNode-3-AppendLogResponseHandler: Failed appendEntries: org.apache.ratis.thirdparty.io.grpc.StatusRuntimeException: UNAVAILABLE: io exception
2022-10-04 13:27:50,261 [grpc-default-executor-5] INFO  leader.FollowerInfo (FollowerInfoImpl.java:lambda$new$0(48)) - omNode-1@group-523986131536->omNode-3: nextIndex: updateUnconditionally 543 -> 45
2022-10-04 13:27:50,270 [grpc-default-executor-5] WARN  server.GrpcLogAppender (LogUtils.java:warn(122)) - omNode-1@group-523986131536->omNode-3-AppendLogResponseHandler: Failed appendEntries: org.apache.ratis.thirdparty.io.grpc.StatusRuntimeException: UNAVAILABLE: io exception
2022-10-04 13:27:50,270 [grpc-default-executor-5] INFO  leader.FollowerInfo (FollowerInfoImpl.java:lambda$new$0(48)) - omNode-1@group-523986131536->omNode-3: nextIndex: updateUnconditionally 543 -> 45
2022-10-04 13:27:50,284 [grpc-default-executor-5] WARN  server.GrpcLogAppender (LogUtils.java:warn(122)) - omNode-1@group-523986131536->omNode-3-AppendLogResponseHandler: Failed appendEntries: org.apache.ratis.thirdparty.io.grpc.StatusRuntimeException: UNAVAILABLE: io exception
2022-10-04 13:27:50,284 [grpc-default-executor-5] INFO  leader.FollowerInfo (FollowerInfoImpl.java:lambda$new$0(48)) - omNode-1@group-523986131536->omNode-3: nextIndex: updateUnconditionally 544 -> 45
2022-10-04 13:27:50,291 [Listener at 127.0.0.1/45925] INFO  om.OzoneManager (OzoneManager.java:restart(1573)) - OzoneManager RPC server is listening at localhost/127.0.0.1:45925
2022-10-04 13:27:50,292 [Listener at 127.0.0.1/45925] INFO  impl.MetricsSystemImpl (MetricsSystemImpl.java:init(158)) - OzoneManager metrics system started (again)
2022-10-04 13:27:50,296 [grpc-default-executor-4] WARN  server.GrpcLogAppender (LogUtils.java:warn(122)) - omNode-1@group-523986131536->omNode-3-AppendLogResponseHandler: Failed appendEntries: org.apache.ratis.thirdparty.io.grpc.StatusRuntimeException: UNAVAILABLE: io exception
2022-10-04 13:27:50,296 [grpc-default-executor-4] INFO  leader.FollowerInfo (FollowerInfoImpl.java:lambda$new$0(48)) - omNode-1@group-523986131536->omNode-3: nextIndex: updateUnconditionally 544 -> 45
2022-10-04 13:27:50,313 [grpc-default-executor-4] WARN  server.GrpcLogAppender (LogUtils.java:warn(122)) - omNode-1@group-523986131536->omNode-3-AppendLogResponseHandler: Failed appendEntries: org.apache.ratis.thirdparty.io.grpc.StatusRuntimeException: UNAVAILABLE: io exception
2022-10-04 13:27:50,314 [grpc-default-executor-4] INFO  leader.FollowerInfo (FollowerInfoImpl.java:lambda$new$0(48)) - omNode-1@group-523986131536->omNode-3: nextIndex: updateUnconditionally 545 -> 45
2022-10-04 13:27:50,337 [Listener at 127.0.0.1/45925] WARN  server.ServerUtils (ServerUtils.java:getDBPath(225)) - ozone.om.db.dirs is not configured. We recommend adding this setting. Falling back to ozone.metadata.dirs instead.
2022-10-04 13:27:50,337 [Listener at 127.0.0.1/45925] INFO  codec.OmKeyInfoCodec (OmKeyInfoCodec.java:<init>(49)) - OmKeyInfoCodec ignorePipeline = true
2022-10-04 13:27:50,337 [Listener at 127.0.0.1/45925] INFO  codec.RepeatedOmKeyInfoCodec (RepeatedOmKeyInfoCodec.java:<init>(41)) - RepeatedOmKeyInfoCodec ignorePipeline = true
2022-10-04 13:27:50,472 [Listener at 127.0.0.1/45925] INFO  om.OzoneManager (OzoneManager.java:instantiateServices(710)) - S3 Multi-Tenancy is disabled
2022-10-04 13:27:50,476 [grpc-default-executor-4] WARN  server.GrpcLogAppender (LogUtils.java:warn(122)) - omNode-1@group-523986131536->omNode-3-AppendLogResponseHandler: Failed appendEntries: org.apache.ratis.thirdparty.io.grpc.StatusRuntimeException: UNAVAILABLE: io exception
2022-10-04 13:27:50,477 [grpc-default-executor-4] INFO  leader.FollowerInfo (FollowerInfoImpl.java:lambda$new$0(48)) - omNode-1@group-523986131536->omNode-3: nextIndex: updateUnconditionally 545 -> 45
2022-10-04 13:27:50,481 [Listener at 127.0.0.1/45925] WARN  impl.MetricRegistriesImpl (MetricRegistriesImpl.java:addReporterRegistration(111)) - New reporters are added after registries were created. Some metrics will be missing from the reporter. Please add reporter before adding any new registry.
2022-10-04 13:27:50,482 [Listener at 127.0.0.1/45925] WARN  impl.MetricRegistriesImpl (MetricRegistriesImpl.java:addReporterRegistration(111)) - New reporters are added after registries were created. Some metrics will be missing from the reporter. Please add reporter before adding any new registry.
2022-10-04 13:27:50,482 [Listener at 127.0.0.1/45925] WARN  server.ServerUtils (ServerUtils.java:getDefaultRatisDirectory(237)) - Storage directory for Ratis is not configured. It is a good idea to map this to an SSD disk. Falling back to ozone.metadata.dirs
2022-10-04 13:27:50,483 [Listener at 127.0.0.1/45925] INFO  ratis.OzoneManagerRatisServer (OzoneManagerRatisServer.java:<init>(160)) - Instantiating OM Ratis server with groupID: om-service-test1 and peers: localhost:39257, localhost:41223, localhost:37087
2022-10-04 13:27:50,484 [Listener at 127.0.0.1/45925] INFO  ratis.OzoneManagerStateMachine (OzoneManagerStateMachine.java:loadSnapshotInfoFromDB(632)) - LastAppliedIndex is set from TransactionInfo from OM DB as (t:2, i:42)
2022-10-04 13:27:50,494 [Listener at 127.0.0.1/45925] INFO  server.RaftServer (ConfUtils.java:logGet(46)) - raft.rpc.type = GRPC (default)
2022-10-04 13:27:50,494 [Listener at 127.0.0.1/45925] INFO  grpc.GrpcFactory (GrpcFactory.java:checkPooledByteBufAllocatorUseCacheForAllThreads(48)) - PERFORMANCE WARNING: useCacheForAllThreads is true that may cause Netty to create a lot garbage objects and, as a result, trigger GC.
	It is recommended to disable useCacheForAllThreads by setting -Dorg.apache.ratis.thirdparty.io.netty.allocator.useCacheForAllThreads=false in command line.
2022-10-04 13:27:50,495 [Listener at 127.0.0.1/45925] INFO  grpc.GrpcConfigKeys (ConfUtils.java:logGet(46)) - raft.grpc.admin.port = -1 (default)
2022-10-04 13:27:50,495 [Listener at 127.0.0.1/45925] INFO  grpc.GrpcConfigKeys (ConfUtils.java:logGet(46)) - raft.grpc.server.port = 39257 (custom)
2022-10-04 13:27:50,495 [Listener at 127.0.0.1/45925] INFO  grpc.GrpcConfigKeys (ConfUtils.java:logGet(46)) - raft.grpc.client.port = -1 (default)
2022-10-04 13:27:50,495 [Listener at 127.0.0.1/45925] INFO  grpc.GrpcConfigKeys (ConfUtils.java:logGet(46)) - raft.grpc.server.port = 39257 (custom)
2022-10-04 13:27:50,495 [Listener at 127.0.0.1/45925] INFO  grpc.GrpcConfigKeys (ConfUtils.java:logGet(46)) - raft.grpc.server.port = 39257 (custom)
2022-10-04 13:27:50,496 [Listener at 127.0.0.1/45925] INFO  server.GrpcService (ConfUtils.java:logGet(46)) - raft.grpc.message.size.max = 33554432 (custom)
2022-10-04 13:27:50,496 [Listener at 127.0.0.1/45925] INFO  server.RaftServerConfigKeys (ConfUtils.java:logGet(46)) - raft.server.log.appender.buffer.byte-limit = 33554432 (custom)
2022-10-04 13:27:50,496 [Listener at 127.0.0.1/45925] INFO  server.GrpcService (ConfUtils.java:logGet(46)) - raft.grpc.flow.control.window = 1MB (=1048576) (default)
2022-10-04 13:27:50,496 [Listener at 127.0.0.1/45925] INFO  server.RaftServerConfigKeys (ConfUtils.java:logGet(46)) - raft.server.rpc.request.timeout = 3000ms (default)
2022-10-04 13:27:50,496 [Listener at 127.0.0.1/45925] INFO  grpc.GrpcConfigKeys (ConfUtils.java:logGet(46)) - raft.grpc.server.async.request.thread.pool.cached = true (default)
2022-10-04 13:27:50,496 [Listener at 127.0.0.1/45925] INFO  grpc.GrpcConfigKeys (ConfUtils.java:logGet(46)) - raft.grpc.server.async.request.thread.pool.size = 32 (default)
2022-10-04 13:27:50,498 [Listener at 127.0.0.1/45925] INFO  impl.DataStreamServerImpl (ConfUtils.java:logGet(46)) - raft.datastream.type = DISABLED (default)
2022-10-04 13:27:50,499 [Listener at 127.0.0.1/45925] INFO  server.RaftServerConfigKeys (ConfUtils.java:logGet(46)) - raft.server.threadpool.proxy.cached = true (default)
2022-10-04 13:27:50,499 [Listener at 127.0.0.1/45925] INFO  server.RaftServerConfigKeys (ConfUtils.java:logGet(46)) - raft.server.threadpool.proxy.size = 0 (default)
2022-10-04 13:27:50,499 [Listener at 127.0.0.1/45925] INFO  server.RaftServerConfigKeys (ConfUtils.java:logGet(46)) - raft.server.rpc.slowness.timeout = 2s (custom)
2022-10-04 13:27:50,499 [Listener at 127.0.0.1/45925] INFO  server.RaftServerConfigKeys (ConfUtils.java:logGet(46)) - raft.server.leaderelection.leader.step-down.wait-time = 10s (default)
2022-10-04 13:27:50,500 [Listener at 127.0.0.1/45925] INFO  server.RaftServerConfigKeys (ConfUtils.java:logGet(46)) - raft.server.storage.dir = [/home/runner/work/ozone/ozone/hadoop-ozone/integration-test/target/test-dir/MiniOzoneClusterImpl-cea6a548-c63a-4656-97b3-0431a0c2d519/omNode-3/ratis] (custom)
2022-10-04 13:27:50,509 [omNode-3-impl-thread1] INFO  server.RaftServer (RaftServerProxy.java:initGroupDir(247)) - omNode-3: found a subdirectory /home/runner/work/ozone/ozone/hadoop-ozone/integration-test/target/test-dir/MiniOzoneClusterImpl-cea6a548-c63a-4656-97b3-0431a0c2d519/omNode-3/ratis/c9bc4cf4-3bc3-3c60-a66b-523986131536
2022-10-04 13:27:50,521 [Listener at 127.0.0.1/45925] INFO  server.RaftServer (RaftServerProxy.java:addNew(96)) - omNode-3: addNew group-523986131536:[omNode-3|rpc:localhost:39257|priority:0, omNode-1|rpc:localhost:41223|priority:0, omNode-2|rpc:localhost:37087|priority:0] returns group-523986131536:java.util.concurrent.CompletableFuture@4e7a5c30[Not completed]
2022-10-04 13:27:50,521 [Listener at 127.0.0.1/45925] INFO  om.OzoneManager (OzoneManager.java:initializeRatisServer(1977)) - OzoneManager Ratis server initialized at port 39257
2022-10-04 13:27:50,521 [pool-816-thread-1] INFO  server.RaftServer$Division (RaftServerImpl.java:<init>(190)) - omNode-3: new RaftServerImpl for group-523986131536:[omNode-3|rpc:localhost:39257|priority:0, omNode-1|rpc:localhost:41223|priority:0, omNode-2|rpc:localhost:37087|priority:0] with OzoneManagerStateMachine:uninitialized
2022-10-04 13:27:50,521 [Listener at 127.0.0.1/45925] INFO  ratis.OzoneManagerRatisServer (OzoneManagerRatisServer.java:start(555)) - Starting OzoneManagerRatisServer omNode-3 at port 39257
2022-10-04 13:27:50,522 [pool-816-thread-1] INFO  server.RaftServerConfigKeys (ConfUtils.java:logGet(46)) - raft.server.rpc.timeout.min = 1s (custom)
2022-10-04 13:27:50,522 [pool-816-thread-1] INFO  server.RaftServerConfigKeys (ConfUtils.java:logGet(46)) - raft.server.rpc.timeout.max = 1200ms (custom)
2022-10-04 13:27:50,522 [pool-816-thread-1] INFO  server.RaftServerConfigKeys (ConfUtils.java:logGet(46)) - raft.server.rpc.sleep.time = 25ms (default)
2022-10-04 13:27:50,522 [pool-816-thread-1] INFO  server.RaftServerConfigKeys (ConfUtils.java:logGet(46)) - raft.server.rpc.slowness.timeout = 2s (custom)
2022-10-04 13:27:50,522 [pool-816-thread-1] INFO  server.RaftServerConfigKeys (ConfUtils.java:logGet(46)) - raft.server.leaderelection.leader.step-down.wait-time = 10s (default)
2022-10-04 13:27:50,522 [pool-816-thread-1] INFO  server.RaftServerConfigKeys (ConfUtils.java:logGet(46)) - raft.server.sleep.deviation.threshold = 300ms (default)
2022-10-04 13:27:50,522 [pool-816-thread-1] INFO  server.RaftServer$Division (ServerState.java:<init>(107)) - omNode-3@group-523986131536: ConfigurationManager, init=-1: [omNode-3|rpc:localhost:39257|priority:0, omNode-1|rpc:localhost:41223|priority:0, omNode-2|rpc:localhost:37087|priority:0], old=null, confs=<EMPTY_MAP>
2022-10-04 13:27:50,522 [pool-816-thread-1] INFO  server.RaftServerConfigKeys (ConfUtils.java:logGet(46)) - raft.server.storage.dir = [/home/runner/work/ozone/ozone/hadoop-ozone/integration-test/target/test-dir/MiniOzoneClusterImpl-cea6a548-c63a-4656-97b3-0431a0c2d519/omNode-3/ratis] (custom)
2022-10-04 13:27:50,522 [pool-816-thread-1] INFO  server.RaftServerConfigKeys (ConfUtils.java:logGet(46)) - raft.server.log.corruption.policy = EXCEPTION (default)
2022-10-04 13:27:50,522 [pool-816-thread-1] INFO  server.RaftServerConfigKeys (ConfUtils.java:logGet(46)) - raft.server.storage.free-space.min = 0MB (=0) (default)
2022-10-04 13:27:50,523 [pool-816-thread-1] INFO  storage.RaftStorageDirectory (RaftStorageDirectoryImpl.java:tryLock(230)) - Lock on /home/runner/work/ozone/ozone/hadoop-ozone/integration-test/target/test-dir/MiniOzoneClusterImpl-cea6a548-c63a-4656-97b3-0431a0c2d519/omNode-3/ratis/c9bc4cf4-3bc3-3c60-a66b-523986131536/in_use.lock acquired by nodename 42070@fv-az573-645
2022-10-04 13:27:50,524 [pool-816-thread-1] INFO  storage.RaftStorage (RaftStorageImpl.java:analyzeAndRecoverStorage(110)) - Read RaftStorageMetadata{term=2, votedFor=} from /home/runner/work/ozone/ozone/hadoop-ozone/integration-test/target/test-dir/MiniOzoneClusterImpl-cea6a548-c63a-4656-97b3-0431a0c2d519/omNode-3/ratis/c9bc4cf4-3bc3-3c60-a66b-523986131536/current/raft-meta
2022-10-04 13:27:50,524 [pool-816-thread-1] INFO  server.RaftServer$Division (ServerState.java:setRaftConf(393)) - omNode-3@group-523986131536: set configuration 0: [omNode-3|rpc:localhost:39257|admin:|client:|dataStream:|priority:0, omNode-1|rpc:localhost:41223|admin:|client:|dataStream:|priority:0, omNode-2|rpc:localhost:37087|admin:|client:|dataStream:|priority:0], old=null
2022-10-04 13:27:50,524 [pool-816-thread-1] INFO  server.RaftServerConfigKeys (ConfUtils.java:logGet(46)) - raft.server.notification.no-leader.timeout = 2s (custom)
2022-10-04 13:27:50,524 [pool-816-thread-1] INFO  server.RaftServerConfigKeys (ConfUtils.java:logGet(46)) - raft.server.log.use.memory = false (default)
2022-10-04 13:27:50,525 [pool-816-thread-1] INFO  server.RaftServerConfigKeys (ConfUtils.java:logGet(46)) - raft.server.log.purge.gap = 50 (custom)
2022-10-04 13:27:50,525 [pool-816-thread-1] INFO  server.RaftServerConfigKeys (ConfUtils.java:logGet(46)) - raft.server.log.appender.buffer.byte-limit = 33554432 (custom)
2022-10-04 13:27:50,525 [pool-816-thread-1] INFO  server.RaftServerConfigKeys (ConfUtils.java:logGet(46)) - raft.server.log.statemachine.data.read.timeout = 1000ms (default)
2022-10-04 13:27:50,525 [pool-816-thread-1] INFO  server.RaftServerConfigKeys (ConfUtils.java:logGet(46)) - raft.server.log.segment.size.max = 4194304 (custom)
2022-10-04 13:27:50,525 [pool-816-thread-1] INFO  server.RaftServerConfigKeys (ConfUtils.java:logGet(46)) - raft.server.log.segment.cache.num.max = 2 (custom)
2022-10-04 13:27:50,526 [pool-816-thread-1] INFO  server.RaftServerConfigKeys (ConfUtils.java:logGet(46)) - raft.server.log.segment.cache.size.max = 200MB (=209715200) (default)
2022-10-04 13:27:50,526 [pool-816-thread-1] INFO  segmented.SegmentedRaftLogWorker (SegmentedRaftLogWorker.java:<init>(187)) - new omNode-3@group-523986131536-SegmentedRaftLogWorker for RaftStorageImpl:Storage Directory /home/runner/work/ozone/ozone/hadoop-ozone/integration-test/target/test-dir/MiniOzoneClusterImpl-cea6a548-c63a-4656-97b3-0431a0c2d519/omNode-3/ratis/c9bc4cf4-3bc3-3c60-a66b-523986131536
2022-10-04 13:27:50,526 [pool-816-thread-1] INFO  server.RaftServerConfigKeys (ConfUtils.java:logGet(46)) - raft.server.log.queue.byte-limit = 64MB (=67108864) (default)
2022-10-04 13:27:50,526 [pool-816-thread-1] INFO  server.RaftServerConfigKeys (ConfUtils.java:logGet(46)) - raft.server.log.queue.element-limit = 4096 (default)
2022-10-04 13:27:50,526 [pool-816-thread-1] INFO  server.RaftServerConfigKeys (ConfUtils.java:logGet(46)) - raft.server.log.segment.size.max = 4194304 (custom)
2022-10-04 13:27:50,526 [pool-816-thread-1] INFO  server.RaftServerConfigKeys (ConfUtils.java:logGet(46)) - raft.server.log.preallocated.size = 4194304 (custom)
2022-10-04 13:27:50,526 [pool-816-thread-1] INFO  server.RaftServerConfigKeys (ConfUtils.java:logGet(46)) - raft.server.log.force.sync.num = 128 (default)
2022-10-04 13:27:50,526 [pool-816-thread-1] INFO  server.RaftServerConfigKeys (ConfUtils.java:logGet(46)) - raft.server.log.statemachine.data.sync = true (default)
2022-10-04 13:27:50,526 [pool-816-thread-1] INFO  server.RaftServerConfigKeys (ConfUtils.java:logGet(46)) - raft.server.log.statemachine.data.sync.timeout = 10s (default)
2022-10-04 13:27:50,526 [pool-816-thread-1] INFO  server.RaftServerConfigKeys (ConfUtils.java:logGet(46)) - raft.server.log.statemachine.data.sync.timeout.retry = -1 (default)
2022-10-04 13:27:50,527 [pool-816-thread-1] INFO  server.RaftServerConfigKeys (ConfUtils.java:logGet(46)) - raft.server.log.write.buffer.size = 64KB (=65536) (default)
2022-10-04 13:27:50,527 [pool-816-thread-1] INFO  server.RaftServerConfigKeys (ConfUtils.java:logGet(46)) - raft.server.log.unsafe-flush.enabled = false (default)
2022-10-04 13:27:50,527 [pool-816-thread-1] INFO  server.RaftServerConfigKeys (ConfUtils.java:logGet(46)) - raft.server.log.statemachine.data.caching.enabled = false (default)
2022-10-04 13:27:50,528 [pool-816-thread-1] INFO  server.RaftServer$Division (ServerState.java:setRaftConf(393)) - omNode-3@group-523986131536: set configuration 0: [omNode-3|rpc:localhost:39257|admin:|client:|dataStream:|priority:0, omNode-1|rpc:localhost:41223|admin:|client:|dataStream:|priority:0, omNode-2|rpc:localhost:37087|admin:|client:|dataStream:|priority:0], old=null
2022-10-04 13:27:50,535 [pool-816-thread-1] INFO  segmented.LogSegment (LogSegment.java:loadSegment(173)) - Successfully read 45 entries from segment file /home/runner/work/ozone/ozone/hadoop-ozone/integration-test/target/test-dir/MiniOzoneClusterImpl-cea6a548-c63a-4656-97b3-0431a0c2d519/omNode-3/ratis/c9bc4cf4-3bc3-3c60-a66b-523986131536/current/log_inprogress_0
2022-10-04 13:27:50,535 [pool-816-thread-1] INFO  segmented.SegmentedRaftLogWorker (SegmentedRaftLogWorker.java:lambda$new$0(135)) - omNode-3@group-523986131536-SegmentedRaftLogWorker: flushIndex: setUnconditionally 0 -> 44
2022-10-04 13:27:50,535 [pool-816-thread-1] INFO  segmented.SegmentedRaftLogWorker (SegmentedRaftLogWorker.java:lambda$new$0(135)) - omNode-3@group-523986131536-SegmentedRaftLogWorker: safeCacheEvictIndex: setUnconditionally 0 -> -1
2022-10-04 13:27:50,543 [pool-816-thread-1] INFO  raftlog.RaftLog (RaftLogBase.java:lambda$new$0(53)) - omNode-3@group-523986131536-SegmentedRaftLog: commitIndex: updateToMax old=42, new=43, updated? true
2022-10-04 13:27:50,544 [pool-816-thread-1] INFO  server.RaftServerConfigKeys (ConfUtils.java:logGet(46)) - raft.server.snapshot.auto.trigger.enabled = true (custom)
2022-10-04 13:27:50,544 [pool-816-thread-1] INFO  server.RaftServerConfigKeys (ConfUtils.java:logGet(46)) - raft.server.snapshot.auto.trigger.threshold = 50 (custom)
2022-10-04 13:27:50,544 [pool-816-thread-1] INFO  server.RaftServerConfigKeys (ConfUtils.java:logGet(46)) - raft.server.snapshot.retention.file.num = -1 (default)
2022-10-04 13:27:50,544 [pool-816-thread-1] INFO  server.RaftServerConfigKeys (ConfUtils.java:logGet(46)) - raft.server.log.purge.upto.snapshot.index = true (custom)
2022-10-04 13:27:50,544 [pool-816-thread-1] INFO  server.RaftServerConfigKeys (ConfUtils.java:logGet(46)) - raft.server.retrycache.expirytime = 30000ms (custom)
2022-10-04 13:27:50,544 [pool-816-thread-1] INFO  server.RaftServerConfigKeys (ConfUtils.java:logGet(46)) - raft.server.retrycache.statistics.expirytime = 100μs (default)
2022-10-04 13:27:50,546 [pool-816-thread-1] INFO  server.RaftServerConfigKeys (ConfUtils.java:logGet(46)) - raft.server.log.appender.install.snapshot.enabled = false (custom)
2022-10-04 13:27:50,546 [pool-816-thread-1] INFO  server.RaftServerConfigKeys (ConfUtils.java:logGet(46)) - raft.server.threadpool.server.cached = true (default)
2022-10-04 13:27:50,546 [pool-816-thread-1] INFO  server.RaftServerConfigKeys (ConfUtils.java:logGet(46)) - raft.server.threadpool.server.size = 0 (default)
2022-10-04 13:27:50,546 [pool-816-thread-1] INFO  server.RaftServerConfigKeys (ConfUtils.java:logGet(46)) - raft.server.threadpool.client.cached = true (default)
2022-10-04 13:27:50,546 [pool-816-thread-1] INFO  server.RaftServerConfigKeys (ConfUtils.java:logGet(46)) - raft.server.threadpool.client.size = 0 (default)
2022-10-04 13:27:50,546 [omNode-3-impl-thread1] INFO  server.RaftServer$Division (RaftServerImpl.java:start(310)) - omNode-3@group-523986131536: start as a follower, conf=0: [omNode-3|rpc:localhost:39257|admin:|client:|dataStream:|priority:0, omNode-1|rpc:localhost:41223|admin:|client:|dataStream:|priority:0, omNode-2|rpc:localhost:37087|admin:|client:|dataStream:|priority:0], old=null
2022-10-04 13:27:50,546 [omNode-3-impl-thread1] INFO  server.RaftServer$Division (RaftServerImpl.java:setRole(299)) - omNode-3@group-523986131536: changes role from      null to FOLLOWER at term 2 for startAsFollower
2022-10-04 13:27:50,546 [omNode-3-impl-thread1] INFO  impl.RoleInfo (RoleInfo.java:updateAndGet(139)) - omNode-3: start omNode-3@group-523986131536-FollowerState
2022-10-04 13:27:50,547 [omNode-3-impl-thread1] ERROR util.JmxRegister (JmxRegister.java:tryRegister(40)) - Failed to register JMX Bean with name Ratis:service=RaftServer,group=group-523986131536,id=omNode-3
javax.management.InstanceAlreadyExistsException: Ratis:service=RaftServer,group=group-523986131536,id=omNode-3
	at com.sun.jmx.mbeanserver.Repository.addMBean(Repository.java:437)
	at com.sun.jmx.interceptor.DefaultMBeanServerInterceptor.registerWithRepository(DefaultMBeanServerInterceptor.java:1898)
	at com.sun.jmx.interceptor.DefaultMBeanServerInterceptor.registerDynamicMBean(DefaultMBeanServerInterceptor.java:966)
	at com.sun.jmx.interceptor.DefaultMBeanServerInterceptor.registerObject(DefaultMBeanServerInterceptor.java:900)
	at com.sun.jmx.interceptor.DefaultMBeanServerInterceptor.registerMBean(DefaultMBeanServerInterceptor.java:324)
	at com.sun.jmx.mbeanserver.JmxMBeanServer.registerMBean(JmxMBeanServer.java:522)
	at org.apache.ratis.util.JmxRegister.tryRegister(JmxRegister.java:38)
	at org.apache.ratis.util.JmxRegister.register(JmxRegister.java:56)
	at org.apache.ratis.server.impl.RaftServerImpl.registerMBean(RaftServerImpl.java:329)
	at org.apache.ratis.server.impl.RaftServerImpl.start(RaftServerImpl.java:320)
	at org.apache.ratis.util.ConcurrentUtils.lambda$null$3(ConcurrentUtils.java:162)
	at java.util.concurrent.ThreadPoolExecutor.runWorker(ThreadPoolExecutor.java:1149)
	at java.util.concurrent.ThreadPoolExecutor$Worker.run(ThreadPoolExecutor.java:624)
	at java.lang.Thread.run(Thread.java:750)
2022-10-04 13:27:50,547 [omNode-3-impl-thread1] INFO  util.JmxRegister (JmxRegister.java:tryRegister(44)) - Successfully registered JMX Bean with object name Ratis:service=RaftServer,group=group-523986131536,id="omNode-3"
2022-10-04 13:27:50,548 [Listener at 127.0.0.1/45925] INFO  server.RaftServer (RaftServerProxy.java:lambda$start$6(382)) - omNode-3: start RPC server
2022-10-04 13:27:50,559 [Listener at 127.0.0.1/45925] INFO  server.GrpcService (GrpcService.java:startImpl(260)) - omNode-3: GrpcService started, listening on 39257
2022-10-04 13:27:50,560 [Listener at 127.0.0.1/45925] INFO  om.OzoneManager (OzoneManager.java:getRpcServer(1100)) - Creating RPC Server
2022-10-04 13:27:50,565 [org.apache.ratis.util.JvmPauseMonitor$$Lambda$699/75026084@6dbed05] INFO  util.JvmPauseMonitor (JvmPauseMonitor.java:run(103)) - JvmPauseMonitor-omNode-3: Started
2022-10-04 13:27:50,629 [EndpointStateMachine task thread for /0.0.0.0:41361 - 0 ] INFO  ipc.Client (Client.java:handleConnectionFailure(977)) - Retrying connect to server: 0.0.0.0/0.0.0.0:41361. Already tried 14 time(s); retry policy is RetryUpToMaximumCountWithFixedSleep(maxRetries=15, sleepTime=1000 MILLISECONDS)
2022-10-04 13:27:50,727 [grpc-default-executor-4] WARN  server.GrpcLogAppender (LogUtils.java:warn(122)) - omNode-1@group-523986131536->omNode-3-AppendLogResponseHandler: Failed appendEntries: org.apache.ratis.thirdparty.io.grpc.StatusRuntimeException: UNAVAILABLE: io exception
2022-10-04 13:27:50,728 [grpc-default-executor-4] INFO  leader.FollowerInfo (FollowerInfoImpl.java:lambda$new$0(48)) - omNode-1@group-523986131536->omNode-3: nextIndex: updateUnconditionally 545 -> 45
2022-10-04 13:27:50,834 [omNode-3-server-thread1] INFO  server.RaftServer$Division (ServerState.java:setLeader(287)) - omNode-3@group-523986131536: change Leader from null to omNode-1 at term 2 for appendEntries, leader elected after 309ms
2022-10-04 13:27:51,500 [omNode-3@group-523986131536-StateMachineUpdater] INFO  ratis.OzoneManagerStateMachine (OzoneManagerStateMachine.java:takeSnapshot(441)) - Current Snapshot Index (t:2, i:544)
2022-10-04 13:27:51,500 [omNode-3@group-523986131536-StateMachineUpdater] INFO  impl.StateMachineUpdater (StateMachineUpdater.java:takeSnapshot(287)) - omNode-3@group-523986131536-StateMachineUpdater: Took a snapshot at index 544
2022-10-04 13:27:51,501 [omNode-3@group-523986131536-StateMachineUpdater] INFO  impl.StateMachineUpdater (StateMachineUpdater.java:lambda$new$0(92)) - omNode-3@group-523986131536-StateMachineUpdater: snapshotIndex: updateIncreasingly 42 -> 544
2022-10-04 13:27:51,501 [omNode-3@group-523986131536-StateMachineUpdater] INFO  raftlog.RaftLog (RaftLogBase.java:purge(308)) - omNode-3@group-523986131536-SegmentedRaftLog: purge 544
2022-10-04 13:27:51,501 [omNode-3@group-523986131536-StateMachineUpdater] INFO  raftlog.RaftLog (RaftLogBase.java:lambda$new$0(53)) - omNode-3@group-523986131536-SegmentedRaftLog: snapshotIndex: updateIncreasingly 42 -> 544
2022-10-04 13:27:51,501 [omNode-3@group-523986131536-StateMachineUpdater] INFO  raftlog.RaftLog (RaftLogBase.java:lambda$new$0(53)) - omNode-3@group-523986131536-SegmentedRaftLog: purgeIndex: updateToMax old=-1, new=544, updated? true
2022-10-04 13:27:51,633 [EndpointStateMachine task thread for /0.0.0.0:41361 - 0 ] INFO  ipc.Client (Client.java:handleConnectionFailure(977)) - Retrying connect to server: 0.0.0.0/0.0.0.0:41361. Already tried 0 time(s); retry policy is RetryUpToMaximumCountWithFixedSleep(maxRetries=15, sleepTime=1000 MILLISECONDS)
2022-10-04 13:27:51,746 [Listener at 127.0.0.1/45925] INFO  reflections.Reflections (Reflections.java:scan(232)) - Reflections took 1185 ms to scan 19 urls, producing 67 keys and 4220 values [using 2 cores]
2022-10-04 13:27:51,748 [Listener at 127.0.0.1/45925] INFO  ipc.CallQueueManager (CallQueueManager.java:<init>(90)) - Using callQueue: class java.util.concurrent.LinkedBlockingQueue, queueCapacity: 2000, scheduler: class org.apache.hadoop.ipc.DefaultRpcScheduler, ipcBackoff: false.
2022-10-04 13:27:51,749 [Socket Reader #1 for port 45925] INFO  ipc.Server (Server.java:run(1265)) - Starting Socket Reader #1 for port 45925
2022-10-04 13:27:51,765 [Listener at localhost/45925] INFO  http.BaseHttpServer (BaseHttpServer.java:newHttpServer2BuilderForOzone(213)) - Starting Web-server for ozoneManager at: http://0.0.0.0:35885
2022-10-04 13:27:51,765 [Listener at localhost/45925] INFO  http.BaseHttpServer (BaseHttpServer.java:<init>(108)) - Hadoop Security Enabled: false Ozone Security Enabled: false Ozone HTTP Security Enabled: false 
2022-10-04 13:27:51,767 [Listener at localhost/45925] INFO  server.AuthenticationFilter (AuthenticationFilter.java:constructSecretProvider(240)) - Unable to initialize FileSignerSecretProvider, falling back to use random secrets.
2022-10-04 13:27:51,773 [Listener at localhost/45925] WARN  http.HttpRequestLog (HttpRequestLog.java:getRequestLog(103)) - Jetty request log can only be enabled using Log4j
2022-10-04 13:27:51,775 [Listener at localhost/45925] INFO  http.HttpServer2 (HttpServer2.java:addGlobalFilter(1029)) - Added global filter 'safety' (class=org.apache.hadoop.hdds.server.http.HttpServer2$QuotingInputFilter)
2022-10-04 13:27:51,776 [Listener at localhost/45925] INFO  http.HttpServer2 (HttpServer2.java:addFilter(1005)) - Added filter static_user_filter (class=org.apache.hadoop.http.lib.StaticUserWebFilter$StaticUserFilter) to context ozoneManager
2022-10-04 13:27:51,776 [Listener at localhost/45925] INFO  http.HttpServer2 (HttpServer2.java:addFilter(1013)) - Added filter static_user_filter (class=org.apache.hadoop.http.lib.StaticUserWebFilter$StaticUserFilter) to context static
2022-10-04 13:27:51,776 [Listener at localhost/45925] INFO  http.HttpServer2 (HttpServer2.java:addFilter(1013)) - Added filter static_user_filter (class=org.apache.hadoop.http.lib.StaticUserWebFilter$StaticUserFilter) to context logs
2022-10-04 13:27:51,777 [Listener at localhost/45925] INFO  http.HttpServer2 (HttpServer2.java:bindListener(1248)) - Jetty bound to port 35885
2022-10-04 13:27:51,777 [Listener at localhost/45925] INFO  server.Server (Server.java:doStart(375)) - jetty-9.4.43.v20210629; built: 2021-06-30T11:07:22.254Z; git: 526006ecfa3af7f1a27ef3a288e2bef7ea9dd7e8; jvm 1.8.0_345-b01
2022-10-04 13:27:51,809 [Listener at localhost/45925] INFO  server.session (DefaultSessionIdManager.java:doStart(334)) - DefaultSessionIdManager workerName=node0
2022-10-04 13:27:51,809 [Listener at localhost/45925] INFO  server.session (DefaultSessionIdManager.java:doStart(339)) - No SessionScavenger set, using defaults
2022-10-04 13:27:51,809 [Listener at localhost/45925] INFO  server.session (HouseKeeper.java:startScavenging(132)) - node0 Scavenging every 600000ms
2022-10-04 13:27:51,811 [Listener at localhost/45925] INFO  handler.ContextHandler (ContextHandler.java:doStart(915)) - Started o.e.j.s.ServletContextHandler@6a7cacc3{logs,/logs,file:///home/runner/work/ozone/ozone/hadoop-ozone/integration-test/target/log,AVAILABLE}
2022-10-04 13:27:51,811 [Listener at localhost/45925] INFO  handler.ContextHandler (ContextHandler.java:doStart(915)) - Started o.e.j.s.ServletContextHandler@38849003{static,/static,file:///home/runner/work/ozone/ozone/hadoop-ozone/integration-test/target/test-classes/webapps/static,AVAILABLE}
2022-10-04 13:27:51,815 [Listener at localhost/45925] INFO  handler.ContextHandler (ContextHandler.java:doStart(915)) - Started o.e.j.w.WebAppContext@439342a{ozoneManager,/,file:///home/runner/work/ozone/ozone/hadoop-ozone/integration-test/target/test-classes/webapps/ozoneManager/,AVAILABLE}{file:/home/runner/work/ozone/ozone/hadoop-ozone/integration-test/target/test-classes/webapps/ozoneManager}
2022-10-04 13:27:51,818 [Listener at localhost/45925] INFO  server.AbstractConnector (AbstractConnector.java:doStart(331)) - Started ServerConnector@6d4f6815{HTTP/1.1, (http/1.1)}{0.0.0.0:35885}
2022-10-04 13:27:51,819 [Listener at localhost/45925] INFO  server.Server (Server.java:doStart(415)) - Started @144560ms
2022-10-04 13:27:51,819 [Listener at localhost/45925] WARN  impl.MetricsSystemImpl (MetricsSystemImpl.java:register(279)) - Sink prometheus already exists!
2022-10-04 13:27:51,821 [Listener at localhost/45925] INFO  http.BaseHttpServer (BaseHttpServer.java:updateConnectorAddress(333)) - HTTP server of ozoneManager listening at http://0.0.0.0:35885
2022-10-04 13:27:51,824 [IPC Server Responder] INFO  ipc.Server (Server.java:run(1507)) - IPC Server Responder: starting
2022-10-04 13:27:51,826 [IPC Server listener on 45925] INFO  ipc.Server (Server.java:run(1344)) - IPC Server listener on 45925: starting
2022-10-04 13:27:51,829 [Listener at localhost/45925] INFO  om.OzoneManager (OzoneManager.java:startTrashEmptier(1921)) - Trash Interval set to 0. Files deleted won't move to trash
2022-10-04 13:27:51,854 [org.apache.hadoop.util.JvmPauseMonitor$Monitor@184b7e00] INFO  util.JvmPauseMonitor (JvmPauseMonitor.java:run(188)) - Starting JVM pause monitor
2022-10-04 13:27:51,954 [omNode-1@group-523986131536-StateMachineUpdater] INFO  ratis.OzoneManagerStateMachine (OzoneManagerStateMachine.java:takeSnapshot(441)) - Current Snapshot Index (t:2, i:550)
2022-10-04 13:27:51,954 [omNode-1@group-523986131536-StateMachineUpdater] INFO  impl.StateMachineUpdater (StateMachineUpdater.java:takeSnapshot(287)) - omNode-1@group-523986131536-StateMachineUpdater: Took a snapshot at index 550
2022-10-04 13:27:51,954 [omNode-1@group-523986131536-StateMachineUpdater] INFO  impl.StateMachineUpdater (StateMachineUpdater.java:lambda$new$0(92)) - omNode-1@group-523986131536-StateMachineUpdater: snapshotIndex: updateIncreasingly 500 -> 550
2022-10-04 13:27:51,954 [omNode-1@group-523986131536-StateMachineUpdater] INFO  raftlog.RaftLog (RaftLogBase.java:purge(308)) - omNode-1@group-523986131536-SegmentedRaftLog: purge 550
2022-10-04 13:27:51,954 [omNode-1@group-523986131536-StateMachineUpdater] INFO  raftlog.RaftLog (RaftLogBase.java:lambda$new$0(53)) - omNode-1@group-523986131536-SegmentedRaftLog: snapshotIndex: updateIncreasingly 500 -> 550
2022-10-04 13:27:51,954 [omNode-1@group-523986131536-StateMachineUpdater] INFO  raftlog.RaftLog (RaftLogBase.java:lambda$new$0(53)) - omNode-1@group-523986131536-SegmentedRaftLog: purgeIndex: updateToMax old=500, new=550, updated? true
2022-10-04 13:27:52,096 [omNode-2@group-523986131536-StateMachineUpdater] INFO  ratis.OzoneManagerStateMachine (OzoneManagerStateMachine.java:takeSnapshot(441)) - Current Snapshot Index (t:2, i:565)
2022-10-04 13:27:52,097 [omNode-2@group-523986131536-StateMachineUpdater] INFO  impl.StateMachineUpdater (StateMachineUpdater.java:takeSnapshot(287)) - omNode-2@group-523986131536-StateMachineUpdater: Took a snapshot at index 565
2022-10-04 13:27:52,097 [omNode-2@group-523986131536-StateMachineUpdater] INFO  impl.StateMachineUpdater (StateMachineUpdater.java:lambda$new$0(92)) - omNode-2@group-523986131536-StateMachineUpdater: snapshotIndex: updateIncreasingly 513 -> 565
2022-10-04 13:27:52,097 [omNode-2@group-523986131536-StateMachineUpdater] INFO  raftlog.RaftLog (RaftLogBase.java:purge(308)) - omNode-2@group-523986131536-SegmentedRaftLog: purge 565
2022-10-04 13:27:52,097 [omNode-2@group-523986131536-StateMachineUpdater] INFO  raftlog.RaftLog (RaftLogBase.java:lambda$new$0(53)) - omNode-2@group-523986131536-SegmentedRaftLog: snapshotIndex: updateIncreasingly 513 -> 565
2022-10-04 13:27:52,097 [omNode-2@group-523986131536-StateMachineUpdater] INFO  raftlog.RaftLog (RaftLogBase.java:lambda$new$0(53)) - omNode-2@group-523986131536-SegmentedRaftLog: purgeIndex: updateToMax old=513, new=565, updated? true
2022-10-04 13:27:52,350 [Listener at localhost/45925] INFO  om.OzoneManager (OzoneManager.java:stop(2036)) - omNode-3[localhost:45925]: Stopping Ozone Manager
2022-10-04 13:27:52,350 [Listener at localhost/45925] INFO  ipc.Server (Server.java:stop(3414)) - Stopping server on 45925
2022-10-04 13:27:52,379 [IPC Server listener on 45925] INFO  ipc.Server (Server.java:run(1376)) - Stopping IPC Server listener on 45925
2022-10-04 13:27:52,392 [IPC Server Responder] INFO  ipc.Server (Server.java:run(1512)) - Stopping IPC Server Responder
2022-10-04 13:27:52,392 [Listener at localhost/45925] INFO  server.RaftServer (RaftServerProxy.java:lambda$close$7(398)) - omNode-3: close
2022-10-04 13:27:52,392 [Listener at localhost/45925] INFO  server.RaftServer$Division (RaftServerImpl.java:lambda$close$4(434)) - omNode-3@group-523986131536: shutdown
2022-10-04 13:27:52,393 [Listener at localhost/45925] INFO  util.JmxRegister (JmxRegister.java:unregister(73)) - Successfully un-registered JMX Bean with object name Ratis:service=RaftServer,group=group-523986131536,id="omNode-3"
2022-10-04 13:27:52,393 [Listener at localhost/45925] INFO  impl.RoleInfo (RoleInfo.java:shutdownFollowerState(110)) - omNode-3: shutdown omNode-3@group-523986131536-FollowerState
2022-10-04 13:27:52,393 [Listener at localhost/45925] INFO  impl.StateMachineUpdater (StateMachineUpdater.java:stopAndJoin(153)) - omNode-3@group-523986131536-StateMachineUpdater: set stopIndex = 583
2022-10-04 13:27:52,393 [omNode-3@group-523986131536-StateMachineUpdater] INFO  ratis.OzoneManagerStateMachine (OzoneManagerStateMachine.java:takeSnapshot(441)) - Current Snapshot Index (t:2, i:583)
2022-10-04 13:27:52,394 [omNode-3@group-523986131536-StateMachineUpdater] INFO  impl.StateMachineUpdater (StateMachineUpdater.java:takeSnapshot(287)) - omNode-3@group-523986131536-StateMachineUpdater: Took a snapshot at index 583
2022-10-04 13:27:52,394 [omNode-3@group-523986131536-StateMachineUpdater] INFO  impl.StateMachineUpdater (StateMachineUpdater.java:lambda$new$0(92)) - omNode-3@group-523986131536-StateMachineUpdater: snapshotIndex: updateIncreasingly 544 -> 583
2022-10-04 13:27:52,394 [omNode-3@group-523986131536-StateMachineUpdater] INFO  ratis.OzoneManagerStateMachine (OzoneManagerStateMachine.java:close(495)) - StateMachine has shutdown. Shutdown OzoneManager if not already shutdown.
2022-10-04 13:27:52,394 [omNode-3@group-523986131536-StateMachineUpdater] INFO  ratis.OzoneManagerDoubleBuffer (OzoneManagerDoubleBuffer.java:stop(466)) - Stopping OMDoubleBuffer flush thread
2022-10-04 13:27:52,395 [OMDoubleBufferFlushThread] INFO  ratis.OzoneManagerDoubleBuffer (OzoneManagerDoubleBuffer.java:flushTransactions(385)) - OMDoubleBuffer flush thread OMDoubleBufferFlushThread is interrupted and will exit.
2022-10-04 13:27:52,395 [omNode-3@group-523986131536-FollowerState] INFO  impl.FollowerState (FollowerState.java:run(152)) - omNode-3@group-523986131536-FollowerState was interrupted
2022-10-04 13:27:52,400 [Listener at localhost/45925] INFO  server.RaftServer$Division (ServerState.java:close(429)) - omNode-3@group-523986131536: closes. applyIndex: 583
2022-10-04 13:27:52,400 [omNode-3@group-523986131536-SegmentedRaftLogWorker] INFO  segmented.SegmentedRaftLogWorker (SegmentedRaftLogWorker.java:run(336)) - omNode-3@group-523986131536-SegmentedRaftLogWorker was interrupted, exiting. There are 0 tasks remaining in the queue.
2022-10-04 13:27:52,401 [Listener at localhost/45925] INFO  segmented.SegmentedRaftLogWorker (SegmentedRaftLogWorker.java:close(246)) - omNode-3@group-523986131536-SegmentedRaftLogWorker close()
2022-10-04 13:27:52,406 [Listener at localhost/45925] INFO  server.GrpcService (GrpcService.java:closeImpl(269)) - omNode-3: shutdown server with port 39257 now
2022-10-04 13:27:52,411 [grpc-default-executor-5] WARN  server.GrpcLogAppender (LogUtils.java:warn(122)) - omNode-1@group-523986131536->omNode-3-AppendLogResponseHandler: Failed appendEntries: org.apache.ratis.thirdparty.io.grpc.StatusRuntimeException: CANCELLED: RST_STREAM closed stream. HTTP/2 error code: CANCEL
2022-10-04 13:27:52,411 [grpc-default-executor-5] INFO  leader.FollowerInfo (FollowerInfoImpl.java:lambda$new$0(48)) - omNode-1@group-523986131536->omNode-3: nextIndex: updateUnconditionally 585 -> 584
2022-10-04 13:27:52,411 [grpc-default-executor-3] WARN  server.GrpcServerProtocolService (LogUtils.java:warn(122)) - omNode-3: installSnapshot onError, lastRequest: omNode-1->omNode-3#769635-t2,previous=(t:2, i:583),leaderCommit=583,initializing? true,entries: size=1, first=(t:2, i:584), METADATAENTRY(c:583): org.apache.ratis.thirdparty.io.grpc.StatusRuntimeException: CANCELLED: client cancelled
2022-10-04 13:27:52,411 [Listener at localhost/45925] INFO  server.GrpcService (GrpcService.java:closeImpl(278)) - omNode-3: shutdown server with port 39257 successfully
2022-10-04 13:27:52,411 [org.apache.ratis.util.JvmPauseMonitor$$Lambda$699/75026084@6dbed05] INFO  util.JvmPauseMonitor (JvmPauseMonitor.java:run(109)) - JvmPauseMonitor-omNode-3: Stopped
2022-10-04 13:27:52,414 [Listener at localhost/45925] INFO  ratis.OzoneManagerStateMachine (OzoneManagerStateMachine.java:close(495)) - StateMachine has shutdown. Shutdown OzoneManager if not already shutdown.
2022-10-04 13:27:52,414 [Listener at localhost/45925] INFO  ratis.OzoneManagerDoubleBuffer (OzoneManagerDoubleBuffer.java:stop(478)) - OMDoubleBuffer flush thread is not running.
2022-10-04 13:27:52,415 [Listener at localhost/45925] INFO  handler.ContextHandler (ContextHandler.java:doStop(1153)) - Stopped o.e.j.w.WebAppContext@439342a{ozoneManager,/,null,STOPPED}{file:/home/runner/work/ozone/ozone/hadoop-ozone/integration-test/target/test-classes/webapps/ozoneManager}
2022-10-04 13:27:52,420 [grpc-default-executor-5] WARN  server.GrpcLogAppender (LogUtils.java:warn(122)) - omNode-1@group-523986131536->omNode-3-AppendLogResponseHandler: Failed appendEntries: org.apache.ratis.thirdparty.io.grpc.StatusRuntimeException: UNAVAILABLE: io exception
2022-10-04 13:27:52,420 [grpc-default-executor-5] INFO  leader.FollowerInfo (FollowerInfoImpl.java:lambda$new$0(48)) - omNode-1@group-523986131536->omNode-3: nextIndex: updateUnconditionally 585 -> 584
2022-10-04 13:27:52,420 [Listener at localhost/45925] INFO  server.AbstractConnector (AbstractConnector.java:doStop(381)) - Stopped ServerConnector@6d4f6815{HTTP/1.1, (http/1.1)}{0.0.0.0:35885}
2022-10-04 13:27:52,420 [Listener at localhost/45925] INFO  server.session (HouseKeeper.java:stopScavenging(149)) - node0 Stopped scavenging
2022-10-04 13:27:52,421 [Listener at localhost/45925] INFO  handler.ContextHandler (ContextHandler.java:doStop(1153)) - Stopped o.e.j.s.ServletContextHandler@38849003{static,/static,file:///home/runner/work/ozone/ozone/hadoop-ozone/integration-test/target/test-classes/webapps/static,STOPPED}
2022-10-04 13:27:52,421 [Listener at localhost/45925] INFO  handler.ContextHandler (ContextHandler.java:doStop(1153)) - Stopped o.e.j.s.ServletContextHandler@6a7cacc3{logs,/logs,file:///home/runner/work/ozone/ozone/hadoop-ozone/integration-test/target/log,STOPPED}
2022-10-04 13:27:52,433 [Listener at localhost/45925] INFO  om.OzoneManager (OzoneManager.java:restart(1573)) - OzoneManager RPC server is listening at localhost/127.0.0.1:45925
2022-10-04 13:27:52,433 [Listener at localhost/45925] INFO  impl.MetricsSystemImpl (MetricsSystemImpl.java:init(158)) - OzoneManager metrics system started (again)
2022-10-04 13:27:52,466 [Listener at localhost/45925] WARN  server.ServerUtils (ServerUtils.java:getDBPath(225)) - ozone.om.db.dirs is not configured. We recommend adding this setting. Falling back to ozone.metadata.dirs instead.
2022-10-04 13:27:52,468 [Listener at localhost/45925] INFO  codec.OmKeyInfoCodec (OmKeyInfoCodec.java:<init>(49)) - OmKeyInfoCodec ignorePipeline = true
2022-10-04 13:27:52,469 [Listener at localhost/45925] INFO  codec.RepeatedOmKeyInfoCodec (RepeatedOmKeyInfoCodec.java:<init>(41)) - RepeatedOmKeyInfoCodec ignorePipeline = true
2022-10-04 13:27:52,567 [Listener at localhost/45925] INFO  om.OzoneManager (OzoneManager.java:instantiateServices(710)) - S3 Multi-Tenancy is disabled
2022-10-04 13:27:52,573 [Listener at localhost/45925] WARN  impl.MetricRegistriesImpl (MetricRegistriesImpl.java:addReporterRegistration(111)) - New reporters are added after registries were created. Some metrics will be missing from the reporter. Please add reporter before adding any new registry.
2022-10-04 13:27:52,573 [Listener at localhost/45925] WARN  impl.MetricRegistriesImpl (MetricRegistriesImpl.java:addReporterRegistration(111)) - New reporters are added after registries were created. Some metrics will be missing from the reporter. Please add reporter before adding any new registry.
2022-10-04 13:27:52,573 [Listener at localhost/45925] WARN  server.ServerUtils (ServerUtils.java:getDefaultRatisDirectory(237)) - Storage directory for Ratis is not configured. It is a good idea to map this to an SSD disk. Falling back to ozone.metadata.dirs
2022-10-04 13:27:52,574 [Listener at localhost/45925] INFO  ratis.OzoneManagerRatisServer (OzoneManagerRatisServer.java:<init>(160)) - Instantiating OM Ratis server with groupID: om-service-test1 and peers: localhost:39257, localhost:41223, localhost:37087
2022-10-04 13:27:52,575 [Listener at localhost/45925] INFO  ratis.OzoneManagerStateMachine (OzoneManagerStateMachine.java:loadSnapshotInfoFromDB(632)) - LastAppliedIndex is set from TransactionInfo from OM DB as (t:2, i:583)
2022-10-04 13:27:52,576 [Listener at localhost/45925] INFO  server.RaftServer (ConfUtils.java:logGet(46)) - raft.rpc.type = GRPC (default)
2022-10-04 13:27:52,576 [Listener at localhost/45925] INFO  grpc.GrpcFactory (GrpcFactory.java:checkPooledByteBufAllocatorUseCacheForAllThreads(48)) - PERFORMANCE WARNING: useCacheForAllThreads is true that may cause Netty to create a lot garbage objects and, as a result, trigger GC.
	It is recommended to disable useCacheForAllThreads by setting -Dorg.apache.ratis.thirdparty.io.netty.allocator.useCacheForAllThreads=false in command line.
2022-10-04 13:27:52,576 [Listener at localhost/45925] INFO  grpc.GrpcConfigKeys (ConfUtils.java:logGet(46)) - raft.grpc.admin.port = -1 (default)
2022-10-04 13:27:52,577 [Listener at localhost/45925] INFO  grpc.GrpcConfigKeys (ConfUtils.java:logGet(46)) - raft.grpc.server.port = 39257 (custom)
2022-10-04 13:27:52,577 [Listener at localhost/45925] INFO  grpc.GrpcConfigKeys (ConfUtils.java:logGet(46)) - raft.grpc.client.port = -1 (default)
2022-10-04 13:27:52,577 [Listener at localhost/45925] INFO  grpc.GrpcConfigKeys (ConfUtils.java:logGet(46)) - raft.grpc.server.port = 39257 (custom)
2022-10-04 13:27:52,577 [Listener at localhost/45925] INFO  grpc.GrpcConfigKeys (ConfUtils.java:logGet(46)) - raft.grpc.server.port = 39257 (custom)
2022-10-04 13:27:52,577 [Listener at localhost/45925] INFO  server.GrpcService (ConfUtils.java:logGet(46)) - raft.grpc.message.size.max = 33554432 (custom)
2022-10-04 13:27:52,577 [Listener at localhost/45925] INFO  server.RaftServerConfigKeys (ConfUtils.java:logGet(46)) - raft.server.log.appender.buffer.byte-limit = 33554432 (custom)
2022-10-04 13:27:52,578 [Listener at localhost/45925] INFO  server.GrpcService (ConfUtils.java:logGet(46)) - raft.grpc.flow.control.window = 1MB (=1048576) (default)
2022-10-04 13:27:52,578 [Listener at localhost/45925] INFO  server.RaftServerConfigKeys (ConfUtils.java:logGet(46)) - raft.server.rpc.request.timeout = 3000ms (default)
2022-10-04 13:27:52,578 [Listener at localhost/45925] INFO  grpc.GrpcConfigKeys (ConfUtils.java:logGet(46)) - raft.grpc.server.async.request.thread.pool.cached = true (default)
2022-10-04 13:27:52,578 [Listener at localhost/45925] INFO  grpc.GrpcConfigKeys (ConfUtils.java:logGet(46)) - raft.grpc.server.async.request.thread.pool.size = 32 (default)
2022-10-04 13:27:52,580 [Listener at localhost/45925] INFO  impl.DataStreamServerImpl (ConfUtils.java:logGet(46)) - raft.datastream.type = DISABLED (default)
2022-10-04 13:27:52,580 [Listener at localhost/45925] INFO  server.RaftServerConfigKeys (ConfUtils.java:logGet(46)) - raft.server.threadpool.proxy.cached = true (default)
2022-10-04 13:27:52,581 [Listener at localhost/45925] INFO  server.RaftServerConfigKeys (ConfUtils.java:logGet(46)) - raft.server.threadpool.proxy.size = 0 (default)
2022-10-04 13:27:52,581 [Listener at localhost/45925] INFO  server.RaftServerConfigKeys (ConfUtils.java:logGet(46)) - raft.server.rpc.slowness.timeout = 2s (custom)
2022-10-04 13:27:52,581 [Listener at localhost/45925] INFO  server.RaftServerConfigKeys (ConfUtils.java:logGet(46)) - raft.server.leaderelection.leader.step-down.wait-time = 10s (default)
2022-10-04 13:27:52,581 [Listener at localhost/45925] INFO  server.RaftServerConfigKeys (ConfUtils.java:logGet(46)) - raft.server.storage.dir = [/home/runner/work/ozone/ozone/hadoop-ozone/integration-test/target/test-dir/MiniOzoneClusterImpl-cea6a548-c63a-4656-97b3-0431a0c2d519/omNode-3/ratis] (custom)
2022-10-04 13:27:52,582 [omNode-3-impl-thread1] INFO  server.RaftServer (RaftServerProxy.java:initGroupDir(247)) - omNode-3: found a subdirectory /home/runner/work/ozone/ozone/hadoop-ozone/integration-test/target/test-dir/MiniOzoneClusterImpl-cea6a548-c63a-4656-97b3-0431a0c2d519/omNode-3/ratis/c9bc4cf4-3bc3-3c60-a66b-523986131536
2022-10-04 13:27:52,582 [Listener at localhost/45925] INFO  server.RaftServer (RaftServerProxy.java:addNew(96)) - omNode-3: addNew group-523986131536:[omNode-3|rpc:localhost:39257|priority:0, omNode-1|rpc:localhost:41223|priority:0, omNode-2|rpc:localhost:37087|priority:0] returns group-523986131536:java.util.concurrent.CompletableFuture@7aec7779[Not completed]
2022-10-04 13:27:52,582 [Listener at localhost/45925] INFO  om.OzoneManager (OzoneManager.java:initializeRatisServer(1977)) - OzoneManager Ratis server initialized at port 39257
2022-10-04 13:27:52,582 [Listener at localhost/45925] INFO  ratis.OzoneManagerRatisServer (OzoneManagerRatisServer.java:start(555)) - Starting OzoneManagerRatisServer omNode-3 at port 39257
2022-10-04 13:27:52,584 [pool-850-thread-1] INFO  server.RaftServer$Division (RaftServerImpl.java:<init>(190)) - omNode-3: new RaftServerImpl for group-523986131536:[omNode-3|rpc:localhost:39257|priority:0, omNode-1|rpc:localhost:41223|priority:0, omNode-2|rpc:localhost:37087|priority:0] with OzoneManagerStateMachine:uninitialized
2022-10-04 13:27:52,584 [pool-850-thread-1] INFO  server.RaftServerConfigKeys (ConfUtils.java:logGet(46)) - raft.server.rpc.timeout.min = 1s (custom)
2022-10-04 13:27:52,584 [pool-850-thread-1] INFO  server.RaftServerConfigKeys (ConfUtils.java:logGet(46)) - raft.server.rpc.timeout.max = 1200ms (custom)
2022-10-04 13:27:52,584 [pool-850-thread-1] INFO  server.RaftServerConfigKeys (ConfUtils.java:logGet(46)) - raft.server.rpc.sleep.time = 25ms (default)
2022-10-04 13:27:52,584 [pool-850-thread-1] INFO  server.RaftServerConfigKeys (ConfUtils.java:logGet(46)) - raft.server.rpc.slowness.timeout = 2s (custom)
2022-10-04 13:27:52,584 [pool-850-thread-1] INFO  server.RaftServerConfigKeys (ConfUtils.java:logGet(46)) - raft.server.leaderelection.leader.step-down.wait-time = 10s (default)
2022-10-04 13:27:52,584 [pool-850-thread-1] INFO  server.RaftServerConfigKeys (ConfUtils.java:logGet(46)) - raft.server.sleep.deviation.threshold = 300ms (default)
2022-10-04 13:27:52,584 [pool-850-thread-1] INFO  server.RaftServer$Division (ServerState.java:<init>(107)) - omNode-3@group-523986131536: ConfigurationManager, init=-1: [omNode-3|rpc:localhost:39257|priority:0, omNode-1|rpc:localhost:41223|priority:0, omNode-2|rpc:localhost:37087|priority:0], old=null, confs=<EMPTY_MAP>
2022-10-04 13:27:52,584 [pool-850-thread-1] INFO  server.RaftServerConfigKeys (ConfUtils.java:logGet(46)) - raft.server.storage.dir = [/home/runner/work/ozone/ozone/hadoop-ozone/integration-test/target/test-dir/MiniOzoneClusterImpl-cea6a548-c63a-4656-97b3-0431a0c2d519/omNode-3/ratis] (custom)
2022-10-04 13:27:52,584 [pool-850-thread-1] INFO  server.RaftServerConfigKeys (ConfUtils.java:logGet(46)) - raft.server.log.corruption.policy = EXCEPTION (default)
2022-10-04 13:27:52,585 [pool-850-thread-1] INFO  server.RaftServerConfigKeys (ConfUtils.java:logGet(46)) - raft.server.storage.free-space.min = 0MB (=0) (default)
2022-10-04 13:27:52,586 [pool-850-thread-1] INFO  storage.RaftStorageDirectory (RaftStorageDirectoryImpl.java:tryLock(230)) - Lock on /home/runner/work/ozone/ozone/hadoop-ozone/integration-test/target/test-dir/MiniOzoneClusterImpl-cea6a548-c63a-4656-97b3-0431a0c2d519/omNode-3/ratis/c9bc4cf4-3bc3-3c60-a66b-523986131536/in_use.lock acquired by nodename 42070@fv-az573-645
2022-10-04 13:27:52,587 [pool-850-thread-1] INFO  storage.RaftStorage (RaftStorageImpl.java:analyzeAndRecoverStorage(110)) - Read RaftStorageMetadata{term=2, votedFor=} from /home/runner/work/ozone/ozone/hadoop-ozone/integration-test/target/test-dir/MiniOzoneClusterImpl-cea6a548-c63a-4656-97b3-0431a0c2d519/omNode-3/ratis/c9bc4cf4-3bc3-3c60-a66b-523986131536/current/raft-meta
2022-10-04 13:27:52,587 [pool-850-thread-1] INFO  server.RaftServer$Division (ServerState.java:setRaftConf(393)) - omNode-3@group-523986131536: set configuration 0: [omNode-3|rpc:localhost:39257|admin:|client:|dataStream:|priority:0, omNode-1|rpc:localhost:41223|admin:|client:|dataStream:|priority:0, omNode-2|rpc:localhost:37087|admin:|client:|dataStream:|priority:0], old=null
2022-10-04 13:27:52,587 [pool-850-thread-1] INFO  server.RaftServerConfigKeys (ConfUtils.java:logGet(46)) - raft.server.notification.no-leader.timeout = 2s (custom)
2022-10-04 13:27:52,588 [pool-850-thread-1] INFO  server.RaftServerConfigKeys (ConfUtils.java:logGet(46)) - raft.server.log.use.memory = false (default)
2022-10-04 13:27:52,588 [pool-850-thread-1] INFO  server.RaftServerConfigKeys (ConfUtils.java:logGet(46)) - raft.server.log.purge.gap = 50 (custom)
2022-10-04 13:27:52,588 [pool-850-thread-1] INFO  server.RaftServerConfigKeys (ConfUtils.java:logGet(46)) - raft.server.log.appender.buffer.byte-limit = 33554432 (custom)
2022-10-04 13:27:52,588 [pool-850-thread-1] INFO  server.RaftServerConfigKeys (ConfUtils.java:logGet(46)) - raft.server.log.statemachine.data.read.timeout = 1000ms (default)
2022-10-04 13:27:52,588 [pool-850-thread-1] INFO  server.RaftServerConfigKeys (ConfUtils.java:logGet(46)) - raft.server.log.segment.size.max = 4194304 (custom)
2022-10-04 13:27:52,588 [pool-850-thread-1] INFO  server.RaftServerConfigKeys (ConfUtils.java:logGet(46)) - raft.server.log.segment.cache.num.max = 2 (custom)
2022-10-04 13:27:52,589 [pool-850-thread-1] INFO  server.RaftServerConfigKeys (ConfUtils.java:logGet(46)) - raft.server.log.segment.cache.size.max = 200MB (=209715200) (default)
2022-10-04 13:27:52,589 [pool-850-thread-1] INFO  segmented.SegmentedRaftLogWorker (SegmentedRaftLogWorker.java:<init>(187)) - new omNode-3@group-523986131536-SegmentedRaftLogWorker for RaftStorageImpl:Storage Directory /home/runner/work/ozone/ozone/hadoop-ozone/integration-test/target/test-dir/MiniOzoneClusterImpl-cea6a548-c63a-4656-97b3-0431a0c2d519/omNode-3/ratis/c9bc4cf4-3bc3-3c60-a66b-523986131536
2022-10-04 13:27:52,589 [pool-850-thread-1] INFO  server.RaftServerConfigKeys (ConfUtils.java:logGet(46)) - raft.server.log.queue.byte-limit = 64MB (=67108864) (default)
2022-10-04 13:27:52,589 [pool-850-thread-1] INFO  server.RaftServerConfigKeys (ConfUtils.java:logGet(46)) - raft.server.log.queue.element-limit = 4096 (default)
2022-10-04 13:27:52,589 [pool-850-thread-1] INFO  server.RaftServerConfigKeys (ConfUtils.java:logGet(46)) - raft.server.log.segment.size.max = 4194304 (custom)
2022-10-04 13:27:52,589 [pool-850-thread-1] INFO  server.RaftServerConfigKeys (ConfUtils.java:logGet(46)) - raft.server.log.preallocated.size = 4194304 (custom)
2022-10-04 13:27:52,589 [pool-850-thread-1] INFO  server.RaftServerConfigKeys (ConfUtils.java:logGet(46)) - raft.server.log.force.sync.num = 128 (default)
2022-10-04 13:27:52,589 [pool-850-thread-1] INFO  server.RaftServerConfigKeys (ConfUtils.java:logGet(46)) - raft.server.log.statemachine.data.sync = true (default)
2022-10-04 13:27:52,589 [pool-850-thread-1] INFO  server.RaftServerConfigKeys (ConfUtils.java:logGet(46)) - raft.server.log.statemachine.data.sync.timeout = 10s (default)
2022-10-04 13:27:52,589 [pool-850-thread-1] INFO  server.RaftServerConfigKeys (ConfUtils.java:logGet(46)) - raft.server.log.statemachine.data.sync.timeout.retry = -1 (default)
2022-10-04 13:27:52,590 [pool-850-thread-1] INFO  server.RaftServerConfigKeys (ConfUtils.java:logGet(46)) - raft.server.log.write.buffer.size = 64KB (=65536) (default)
2022-10-04 13:27:52,590 [pool-850-thread-1] INFO  server.RaftServerConfigKeys (ConfUtils.java:logGet(46)) - raft.server.log.unsafe-flush.enabled = false (default)
2022-10-04 13:27:52,590 [pool-850-thread-1] INFO  server.RaftServerConfigKeys (ConfUtils.java:logGet(46)) - raft.server.log.statemachine.data.caching.enabled = false (default)
2022-10-04 13:27:52,591 [pool-850-thread-1] INFO  server.RaftServer$Division (ServerState.java:setRaftConf(393)) - omNode-3@group-523986131536: set configuration 0: [omNode-3|rpc:localhost:39257|admin:|client:|dataStream:|priority:0, omNode-1|rpc:localhost:41223|admin:|client:|dataStream:|priority:0, omNode-2|rpc:localhost:37087|admin:|client:|dataStream:|priority:0], old=null
2022-10-04 13:27:52,618 [pool-850-thread-1] INFO  segmented.LogSegment (LogSegment.java:loadSegment(173)) - Successfully read 585 entries from segment file /home/runner/work/ozone/ozone/hadoop-ozone/integration-test/target/test-dir/MiniOzoneClusterImpl-cea6a548-c63a-4656-97b3-0431a0c2d519/omNode-3/ratis/c9bc4cf4-3bc3-3c60-a66b-523986131536/current/log_inprogress_0
2022-10-04 13:27:52,618 [pool-850-thread-1] INFO  segmented.SegmentedRaftLogWorker (SegmentedRaftLogWorker.java:lambda$new$0(135)) - omNode-3@group-523986131536-SegmentedRaftLogWorker: flushIndex: setUnconditionally 0 -> 584
2022-10-04 13:27:52,618 [pool-850-thread-1] INFO  segmented.SegmentedRaftLogWorker (SegmentedRaftLogWorker.java:lambda$new$0(135)) - omNode-3@group-523986131536-SegmentedRaftLogWorker: safeCacheEvictIndex: setUnconditionally 0 -> -1
2022-10-04 13:27:52,624 [pool-850-thread-1] INFO  raftlog.RaftLog (RaftLogBase.java:lambda$new$0(53)) - omNode-3@group-523986131536-SegmentedRaftLog: commitIndex: updateToMax old=583, new=583, updated? false
2022-10-04 13:27:52,624 [pool-850-thread-1] INFO  server.RaftServerConfigKeys (ConfUtils.java:logGet(46)) - raft.server.snapshot.auto.trigger.enabled = true (custom)
2022-10-04 13:27:52,624 [pool-850-thread-1] INFO  server.RaftServerConfigKeys (ConfUtils.java:logGet(46)) - raft.server.snapshot.auto.trigger.threshold = 50 (custom)
2022-10-04 13:27:52,624 [pool-850-thread-1] INFO  server.RaftServerConfigKeys (ConfUtils.java:logGet(46)) - raft.server.snapshot.retention.file.num = -1 (default)
2022-10-04 13:27:52,624 [pool-850-thread-1] INFO  server.RaftServerConfigKeys (ConfUtils.java:logGet(46)) - raft.server.log.purge.upto.snapshot.index = true (custom)
2022-10-04 13:27:52,625 [pool-850-thread-1] INFO  server.RaftServerConfigKeys (ConfUtils.java:logGet(46)) - raft.server.retrycache.expirytime = 30000ms (custom)
2022-10-04 13:27:52,625 [pool-850-thread-1] INFO  server.RaftServerConfigKeys (ConfUtils.java:logGet(46)) - raft.server.retrycache.statistics.expirytime = 100μs (default)
2022-10-04 13:27:52,626 [pool-850-thread-1] INFO  server.RaftServerConfigKeys (ConfUtils.java:logGet(46)) - raft.server.log.appender.install.snapshot.enabled = false (custom)
2022-10-04 13:27:52,626 [pool-850-thread-1] INFO  server.RaftServerConfigKeys (ConfUtils.java:logGet(46)) - raft.server.threadpool.server.cached = true (default)
2022-10-04 13:27:52,627 [pool-850-thread-1] INFO  server.RaftServerConfigKeys (ConfUtils.java:logGet(46)) - raft.server.threadpool.server.size = 0 (default)
2022-10-04 13:27:52,627 [pool-850-thread-1] INFO  server.RaftServerConfigKeys (ConfUtils.java:logGet(46)) - raft.server.threadpool.client.cached = true (default)
2022-10-04 13:27:52,627 [pool-850-thread-1] INFO  server.RaftServerConfigKeys (ConfUtils.java:logGet(46)) - raft.server.threadpool.client.size = 0 (default)
2022-10-04 13:27:52,627 [omNode-3-impl-thread1] INFO  server.RaftServer$Division (RaftServerImpl.java:start(310)) - omNode-3@group-523986131536: start as a follower, conf=0: [omNode-3|rpc:localhost:39257|admin:|client:|dataStream:|priority:0, omNode-1|rpc:localhost:41223|admin:|client:|dataStream:|priority:0, omNode-2|rpc:localhost:37087|admin:|client:|dataStream:|priority:0], old=null
2022-10-04 13:27:52,627 [omNode-3-impl-thread1] INFO  server.RaftServer$Division (RaftServerImpl.java:setRole(299)) - omNode-3@group-523986131536: changes role from      null to FOLLOWER at term 2 for startAsFollower
2022-10-04 13:27:52,627 [omNode-3-impl-thread1] INFO  impl.RoleInfo (RoleInfo.java:updateAndGet(139)) - omNode-3: start omNode-3@group-523986131536-FollowerState
2022-10-04 13:27:52,633 [omNode-3-impl-thread1] ERROR util.JmxRegister (JmxRegister.java:tryRegister(40)) - Failed to register JMX Bean with name Ratis:service=RaftServer,group=group-523986131536,id=omNode-3
javax.management.InstanceAlreadyExistsException: Ratis:service=RaftServer,group=group-523986131536,id=omNode-3
	at com.sun.jmx.mbeanserver.Repository.addMBean(Repository.java:437)
	at com.sun.jmx.interceptor.DefaultMBeanServerInterceptor.registerWithRepository(DefaultMBeanServerInterceptor.java:1898)
	at com.sun.jmx.interceptor.DefaultMBeanServerInterceptor.registerDynamicMBean(DefaultMBeanServerInterceptor.java:966)
	at com.sun.jmx.interceptor.DefaultMBeanServerInterceptor.registerObject(DefaultMBeanServerInterceptor.java:900)
	at com.sun.jmx.interceptor.DefaultMBeanServerInterceptor.registerMBean(DefaultMBeanServerInterceptor.java:324)
	at com.sun.jmx.mbeanserver.JmxMBeanServer.registerMBean(JmxMBeanServer.java:522)
	at org.apache.ratis.util.JmxRegister.tryRegister(JmxRegister.java:38)
	at org.apache.ratis.util.JmxRegister.register(JmxRegister.java:56)
	at org.apache.ratis.server.impl.RaftServerImpl.registerMBean(RaftServerImpl.java:329)
	at org.apache.ratis.server.impl.RaftServerImpl.start(RaftServerImpl.java:320)
	at org.apache.ratis.util.ConcurrentUtils.lambda$null$3(ConcurrentUtils.java:162)
	at java.util.concurrent.ThreadPoolExecutor.runWorker(ThreadPoolExecutor.java:1149)
	at java.util.concurrent.ThreadPoolExecutor$Worker.run(ThreadPoolExecutor.java:624)
	at java.lang.Thread.run(Thread.java:750)
2022-10-04 13:27:52,634 [omNode-3-impl-thread1] INFO  util.JmxRegister (JmxRegister.java:tryRegister(44)) - Successfully registered JMX Bean with object name Ratis:service=RaftServer,group=group-523986131536,id="omNode-3"
2022-10-04 13:27:52,634 [EndpointStateMachine task thread for /0.0.0.0:41361 - 0 ] INFO  ipc.Client (Client.java:handleConnectionFailure(977)) - Retrying connect to server: 0.0.0.0/0.0.0.0:41361. Already tried 1 time(s); retry policy is RetryUpToMaximumCountWithFixedSleep(maxRetries=15, sleepTime=1000 MILLISECONDS)
2022-10-04 13:27:52,638 [Listener at localhost/45925] INFO  server.RaftServer (RaftServerProxy.java:lambda$start$6(382)) - omNode-3: start RPC server
2022-10-04 13:27:52,643 [Listener at localhost/45925] INFO  server.GrpcService (GrpcService.java:startImpl(260)) - omNode-3: GrpcService started, listening on 39257
2022-10-04 13:27:52,643 [Listener at localhost/45925] INFO  om.OzoneManager (OzoneManager.java:getRpcServer(1100)) - Creating RPC Server
2022-10-04 13:27:52,645 [org.apache.ratis.util.JvmPauseMonitor$$Lambda$699/75026084@2912523c] INFO  util.JvmPauseMonitor (JvmPauseMonitor.java:run(103)) - JvmPauseMonitor-omNode-3: Started
2022-10-04 13:27:52,885 [grpc-default-executor-5] WARN  server.GrpcLogAppender (LogUtils.java:warn(122)) - omNode-1@group-523986131536->omNode-3-AppendLogResponseHandler: Failed appendEntries: org.apache.ratis.thirdparty.io.grpc.StatusRuntimeException: UNAVAILABLE: io exception
2022-10-04 13:27:52,886 [grpc-default-executor-5] INFO  leader.FollowerInfo (FollowerInfoImpl.java:lambda$new$0(48)) - omNode-1@group-523986131536->omNode-3: nextIndex: updateUnconditionally 585 -> 584
2022-10-04 13:27:52,898 [omNode-3-server-thread1] INFO  server.RaftServer$Division (ServerState.java:setLeader(287)) - omNode-3@group-523986131536: change Leader from null to omNode-1 at term 2 for appendEntries, leader elected after 310ms
2022-10-04 13:27:53,532 [Listener at localhost/45925] INFO  reflections.Reflections (Reflections.java:scan(232)) - Reflections took 887 ms to scan 19 urls, producing 67 keys and 4220 values [using 2 cores]
2022-10-04 13:27:53,533 [Listener at localhost/45925] INFO  ipc.CallQueueManager (CallQueueManager.java:<init>(90)) - Using callQueue: class java.util.concurrent.LinkedBlockingQueue, queueCapacity: 2000, scheduler: class org.apache.hadoop.ipc.DefaultRpcScheduler, ipcBackoff: false.
2022-10-04 13:27:53,534 [Socket Reader #1 for port 45925] INFO  ipc.Server (Server.java:run(1265)) - Starting Socket Reader #1 for port 45925
2022-10-04 13:27:53,539 [Listener at localhost/45925] INFO  http.BaseHttpServer (BaseHttpServer.java:newHttpServer2BuilderForOzone(213)) - Starting Web-server for ozoneManager at: http://0.0.0.0:35885
2022-10-04 13:27:53,539 [Listener at localhost/45925] INFO  http.BaseHttpServer (BaseHttpServer.java:<init>(108)) - Hadoop Security Enabled: false Ozone Security Enabled: false Ozone HTTP Security Enabled: false 
2022-10-04 13:27:53,540 [Listener at localhost/45925] INFO  server.AuthenticationFilter (AuthenticationFilter.java:constructSecretProvider(240)) - Unable to initialize FileSignerSecretProvider, falling back to use random secrets.
2022-10-04 13:27:53,541 [Listener at localhost/45925] WARN  http.HttpRequestLog (HttpRequestLog.java:getRequestLog(103)) - Jetty request log can only be enabled using Log4j
2022-10-04 13:27:53,544 [Listener at localhost/45925] INFO  http.HttpServer2 (HttpServer2.java:addGlobalFilter(1029)) - Added global filter 'safety' (class=org.apache.hadoop.hdds.server.http.HttpServer2$QuotingInputFilter)
2022-10-04 13:27:53,545 [Listener at localhost/45925] INFO  http.HttpServer2 (HttpServer2.java:addFilter(1005)) - Added filter static_user_filter (class=org.apache.hadoop.http.lib.StaticUserWebFilter$StaticUserFilter) to context ozoneManager
2022-10-04 13:27:53,545 [Listener at localhost/45925] INFO  http.HttpServer2 (HttpServer2.java:addFilter(1013)) - Added filter static_user_filter (class=org.apache.hadoop.http.lib.StaticUserWebFilter$StaticUserFilter) to context static
2022-10-04 13:27:53,545 [Listener at localhost/45925] INFO  http.HttpServer2 (HttpServer2.java:addFilter(1013)) - Added filter static_user_filter (class=org.apache.hadoop.http.lib.StaticUserWebFilter$StaticUserFilter) to context logs
2022-10-04 13:27:53,554 [Listener at localhost/45925] INFO  http.HttpServer2 (HttpServer2.java:bindListener(1248)) - Jetty bound to port 35885
2022-10-04 13:27:53,554 [Listener at localhost/45925] INFO  server.Server (Server.java:doStart(375)) - jetty-9.4.43.v20210629; built: 2021-06-30T11:07:22.254Z; git: 526006ecfa3af7f1a27ef3a288e2bef7ea9dd7e8; jvm 1.8.0_345-b01
2022-10-04 13:27:53,570 [Listener at localhost/45925] INFO  server.session (DefaultSessionIdManager.java:doStart(334)) - DefaultSessionIdManager workerName=node0
2022-10-04 13:27:53,571 [Listener at localhost/45925] INFO  server.session (DefaultSessionIdManager.java:doStart(339)) - No SessionScavenger set, using defaults
2022-10-04 13:27:53,571 [Listener at localhost/45925] INFO  server.session (HouseKeeper.java:startScavenging(132)) - node0 Scavenging every 600000ms
2022-10-04 13:27:53,572 [Listener at localhost/45925] INFO  handler.ContextHandler (ContextHandler.java:doStart(915)) - Started o.e.j.s.ServletContextHandler@7968afa3{logs,/logs,file:///home/runner/work/ozone/ozone/hadoop-ozone/integration-test/target/log,AVAILABLE}
2022-10-04 13:27:53,573 [Listener at localhost/45925] INFO  handler.ContextHandler (ContextHandler.java:doStart(915)) - Started o.e.j.s.ServletContextHandler@8bfe33c{static,/static,file:///home/runner/work/ozone/ozone/hadoop-ozone/integration-test/target/test-classes/webapps/static,AVAILABLE}
2022-10-04 13:27:53,579 [Listener at localhost/45925] INFO  handler.ContextHandler (ContextHandler.java:doStart(915)) - Started o.e.j.w.WebAppContext@7d59d23d{ozoneManager,/,file:///home/runner/work/ozone/ozone/hadoop-ozone/integration-test/target/test-classes/webapps/ozoneManager/,AVAILABLE}{file:/home/runner/work/ozone/ozone/hadoop-ozone/integration-test/target/test-classes/webapps/ozoneManager}
2022-10-04 13:27:53,583 [Listener at localhost/45925] INFO  server.AbstractConnector (AbstractConnector.java:doStart(331)) - Started ServerConnector@42a1fbbe{HTTP/1.1, (http/1.1)}{0.0.0.0:35885}
2022-10-04 13:27:53,583 [Listener at localhost/45925] INFO  server.Server (Server.java:doStart(415)) - Started @146324ms
2022-10-04 13:27:53,583 [Listener at localhost/45925] WARN  impl.MetricsSystemImpl (MetricsSystemImpl.java:register(279)) - Sink prometheus already exists!
2022-10-04 13:27:53,584 [Listener at localhost/45925] INFO  http.BaseHttpServer (BaseHttpServer.java:updateConnectorAddress(333)) - HTTP server of ozoneManager listening at http://0.0.0.0:35885
2022-10-04 13:27:53,584 [IPC Server Responder] INFO  ipc.Server (Server.java:run(1507)) - IPC Server Responder: starting
2022-10-04 13:27:53,585 [IPC Server listener on 45925] INFO  ipc.Server (Server.java:run(1344)) - IPC Server listener on 45925: starting
2022-10-04 13:27:53,594 [Listener at localhost/45925] INFO  om.OzoneManager (OzoneManager.java:startTrashEmptier(1921)) - Trash Interval set to 0. Files deleted won't move to trash
2022-10-04 13:27:53,595 [Listener at localhost/45925] INFO  om.OzoneManager (OzoneManager.java:stop(2036)) - omNode-1[localhost:41523]: Stopping Ozone Manager
2022-10-04 13:27:53,595 [Listener at localhost/45925] INFO  ipc.Server (Server.java:stop(3414)) - Stopping server on 41523
2022-10-04 13:27:53,603 [org.apache.hadoop.util.JvmPauseMonitor$Monitor@4be74ee2] INFO  util.JvmPauseMonitor (JvmPauseMonitor.java:run(188)) - Starting JVM pause monitor
2022-10-04 13:27:53,608 [IPC Server Responder] INFO  ipc.Server (Server.java:run(1512)) - Stopping IPC Server Responder
2022-10-04 13:27:53,608 [IPC Server listener on 41523] INFO  ipc.Server (Server.java:run(1376)) - Stopping IPC Server listener on 41523
2022-10-04 13:27:53,611 [Listener at localhost/45925] INFO  server.RaftServer (RaftServerProxy.java:lambda$close$7(398)) - omNode-1: close
2022-10-04 13:27:53,611 [Listener at localhost/45925] INFO  server.RaftServer$Division (RaftServerImpl.java:lambda$close$4(434)) - omNode-1@group-523986131536: shutdown
2022-10-04 13:27:53,611 [Listener at localhost/45925] INFO  util.JmxRegister (JmxRegister.java:unregister(73)) - Successfully un-registered JMX Bean with object name Ratis:service=RaftServer,group=group-523986131536,id=omNode-1
2022-10-04 13:27:53,611 [Listener at localhost/45925] INFO  impl.RoleInfo (RoleInfo.java:shutdownLeaderState(93)) - omNode-1: shutdown omNode-1@group-523986131536-LeaderStateImpl
2022-10-04 13:27:53,612 [Listener at localhost/45925] INFO  impl.PendingRequests (PendingRequests.java:sendNotLeaderResponses(282)) - omNode-1@group-523986131536-PendingRequests: sendNotLeaderResponses
2022-10-04 13:27:53,614 [Listener at localhost/45925] INFO  impl.StateMachineUpdater (StateMachineUpdater.java:stopAndJoin(153)) - omNode-1@group-523986131536-StateMachineUpdater: set stopIndex = 584
2022-10-04 13:27:53,615 [omNode-1@group-523986131536->omNode-3-GrpcLogAppender-LogAppenderDaemon] WARN  server.GrpcLogAppender (GrpcLogAppender.java:mayWait(171)) - omNode-1@group-523986131536->omNode-3-GrpcLogAppender: Wait interrupted by java.lang.InterruptedException
2022-10-04 13:27:53,615 [grpc-default-executor-5] INFO  server.GrpcServerProtocolService (GrpcServerProtocolService.java:onCompleted(140)) - omNode-3: Completed APPEND_ENTRIES, lastRequest: omNode-1->omNode-3#769646-t2,previous=(t:2, i:583),leaderCommit=584,initializing? true,entries: size=1, first=(t:2, i:584), METADATAENTRY(c:583)
2022-10-04 13:27:53,616 [omNode-1@group-523986131536->omNode-2-GrpcLogAppender-LogAppenderDaemon] WARN  server.GrpcLogAppender (GrpcLogAppender.java:mayWait(171)) - omNode-1@group-523986131536->omNode-2-GrpcLogAppender: Wait interrupted by java.lang.InterruptedException
2022-10-04 13:27:53,616 [omNode-1@group-523986131536-StateMachineUpdater] INFO  ratis.OzoneManagerStateMachine (OzoneManagerStateMachine.java:takeSnapshot(441)) - Current Snapshot Index (t:2, i:584)
2022-10-04 13:27:53,616 [omNode-1@group-523986131536-StateMachineUpdater] INFO  impl.StateMachineUpdater (StateMachineUpdater.java:takeSnapshot(287)) - omNode-1@group-523986131536-StateMachineUpdater: Took a snapshot at index 584
2022-10-04 13:27:53,616 [omNode-1@group-523986131536-StateMachineUpdater] INFO  impl.StateMachineUpdater (StateMachineUpdater.java:lambda$new$0(92)) - omNode-1@group-523986131536-StateMachineUpdater: snapshotIndex: updateIncreasingly 550 -> 584
2022-10-04 13:27:53,616 [omNode-1@group-523986131536-StateMachineUpdater] INFO  ratis.OzoneManagerStateMachine (OzoneManagerStateMachine.java:close(495)) - StateMachine has shutdown. Shutdown OzoneManager if not already shutdown.
2022-10-04 13:27:53,616 [omNode-1@group-523986131536-StateMachineUpdater] INFO  ratis.OzoneManagerDoubleBuffer (OzoneManagerDoubleBuffer.java:stop(466)) - Stopping OMDoubleBuffer flush thread
2022-10-04 13:27:53,621 [grpc-default-executor-4] INFO  server.GrpcServerProtocolService (GrpcServerProtocolService.java:onCompleted(140)) - omNode-2: Completed APPEND_ENTRIES, lastRequest: omNode-1->omNode-2#1657-t2,previous=(t:2, i:583),leaderCommit=583,initializing? true,entries: size=1, first=(t:2, i:584), METADATAENTRY(c:583)
2022-10-04 13:27:53,621 [grpc-default-executor-1] INFO  server.GrpcLogAppender (GrpcLogAppender.java:onCompleted(339)) - omNode-1@group-523986131536->omNode-2-AppendLogResponseHandler: follower responses appendEntries COMPLETED
2022-10-04 13:27:53,622 [OMDoubleBufferFlushThread] INFO  ratis.OzoneManagerDoubleBuffer (OzoneManagerDoubleBuffer.java:flushTransactions(385)) - OMDoubleBuffer flush thread OMDoubleBufferFlushThread is interrupted and will exit.
2022-10-04 13:27:53,622 [grpc-default-executor-1] INFO  leader.FollowerInfo (FollowerInfoImpl.java:lambda$new$0(48)) - omNode-1@group-523986131536->omNode-2: nextIndex: updateUnconditionally 585 -> 584
2022-10-04 13:27:53,622 [grpc-default-executor-3] INFO  server.GrpcLogAppender (GrpcLogAppender.java:onCompleted(339)) - omNode-1@group-523986131536->omNode-3-AppendLogResponseHandler: follower responses appendEntries COMPLETED
2022-10-04 13:27:53,622 [grpc-default-executor-3] INFO  leader.FollowerInfo (FollowerInfoImpl.java:lambda$new$0(48)) - omNode-1@group-523986131536->omNode-3: nextIndex: updateUnconditionally 585 -> 584
2022-10-04 13:27:53,622 [Listener at localhost/45925] INFO  server.RaftServer$Division (ServerState.java:close(429)) - omNode-1@group-523986131536: closes. applyIndex: 584
2022-10-04 13:27:53,622 [omNode-1@group-523986131536-SegmentedRaftLogWorker] INFO  segmented.SegmentedRaftLogWorker (SegmentedRaftLogWorker.java:run(336)) - omNode-1@group-523986131536-SegmentedRaftLogWorker was interrupted, exiting. There are 0 tasks remaining in the queue.
2022-10-04 13:27:53,623 [Listener at localhost/45925] INFO  segmented.SegmentedRaftLogWorker (SegmentedRaftLogWorker.java:close(246)) - omNode-1@group-523986131536-SegmentedRaftLogWorker close()
2022-10-04 13:27:53,623 [Listener at localhost/45925] INFO  server.GrpcService (GrpcService.java:closeImpl(269)) - omNode-1: shutdown server with port 41223 now
2022-10-04 13:27:53,630 [Listener at localhost/45925] INFO  server.GrpcService (GrpcService.java:closeImpl(278)) - omNode-1: shutdown server with port 41223 successfully
2022-10-04 13:27:53,631 [org.apache.ratis.util.JvmPauseMonitor$$Lambda$699/75026084@4d667774] INFO  util.JvmPauseMonitor (JvmPauseMonitor.java:run(109)) - JvmPauseMonitor-omNode-1: Stopped
2022-10-04 13:27:53,632 [Listener at localhost/45925] INFO  ratis.OzoneManagerStateMachine (OzoneManagerStateMachine.java:close(495)) - StateMachine has shutdown. Shutdown OzoneManager if not already shutdown.
2022-10-04 13:27:53,632 [Listener at localhost/45925] INFO  ratis.OzoneManagerDoubleBuffer (OzoneManagerDoubleBuffer.java:stop(478)) - OMDoubleBuffer flush thread is not running.
2022-10-04 13:27:53,632 [Listener at localhost/45925] INFO  utils.BackgroundService (BackgroundService.java:shutdown(141)) - Shutting down service KeyDeletingService
2022-10-04 13:27:53,633 [Listener at localhost/45925] INFO  utils.BackgroundService (BackgroundService.java:shutdown(141)) - Shutting down service DirectoryDeletingService
2022-10-04 13:27:53,633 [Listener at localhost/45925] INFO  utils.BackgroundService (BackgroundService.java:shutdown(141)) - Shutting down service OpenKeyCleanupService
2022-10-04 13:27:53,634 [Listener at localhost/45925] INFO  handler.ContextHandler (ContextHandler.java:doStop(1153)) - Stopped o.e.j.w.WebAppContext@3053c0ab{ozoneManager,/,null,STOPPED}{file:/home/runner/work/ozone/ozone/hadoop-ozone/integration-test/target/test-classes/webapps/ozoneManager}
2022-10-04 13:27:53,635 [EndpointStateMachine task thread for /0.0.0.0:41361 - 0 ] INFO  ipc.Client (Client.java:handleConnectionFailure(977)) - Retrying connect to server: 0.0.0.0/0.0.0.0:41361. Already tried 2 time(s); retry policy is RetryUpToMaximumCountWithFixedSleep(maxRetries=15, sleepTime=1000 MILLISECONDS)
2022-10-04 13:27:53,637 [Listener at localhost/45925] INFO  server.AbstractConnector (AbstractConnector.java:doStop(381)) - Stopped ServerConnector@d6c6b69{HTTP/1.1, (http/1.1)}{0.0.0.0:45279}
2022-10-04 13:27:53,637 [Listener at localhost/45925] INFO  server.session (HouseKeeper.java:stopScavenging(149)) - node0 Stopped scavenging
2022-10-04 13:27:53,638 [Listener at localhost/45925] INFO  handler.ContextHandler (ContextHandler.java:doStop(1153)) - Stopped o.e.j.s.ServletContextHandler@62bffd8e{static,/static,file:///home/runner/work/ozone/ozone/hadoop-ozone/integration-test/target/test-classes/webapps/static,STOPPED}
2022-10-04 13:27:53,638 [Listener at localhost/45925] INFO  handler.ContextHandler (ContextHandler.java:doStop(1153)) - Stopped o.e.j.s.ServletContextHandler@477a2621{logs,/logs,file:///home/runner/work/ozone/ozone/hadoop-ozone/integration-test/target/log,STOPPED}
2022-10-04 13:27:53,647 [Listener at localhost/45925] INFO  om.OzoneManager (OzoneManager.java:restart(1573)) - OzoneManager RPC server is listening at localhost/127.0.0.1:41523
2022-10-04 13:27:53,648 [Listener at localhost/45925] INFO  impl.MetricsSystemImpl (MetricsSystemImpl.java:init(158)) - OzoneManager metrics system started (again)
2022-10-04 13:27:53,667 [Listener at localhost/45925] WARN  server.ServerUtils (ServerUtils.java:getDBPath(225)) - ozone.om.db.dirs is not configured. We recommend adding this setting. Falling back to ozone.metadata.dirs instead.
2022-10-04 13:27:53,667 [Listener at localhost/45925] INFO  codec.OmKeyInfoCodec (OmKeyInfoCodec.java:<init>(49)) - OmKeyInfoCodec ignorePipeline = true
2022-10-04 13:27:53,668 [Listener at localhost/45925] INFO  codec.RepeatedOmKeyInfoCodec (RepeatedOmKeyInfoCodec.java:<init>(41)) - RepeatedOmKeyInfoCodec ignorePipeline = true
2022-10-04 13:27:53,762 [Listener at localhost/45925] INFO  om.OzoneManager (OzoneManager.java:instantiateServices(710)) - S3 Multi-Tenancy is disabled
2022-10-04 13:27:53,769 [Listener at localhost/45925] WARN  impl.MetricRegistriesImpl (MetricRegistriesImpl.java:addReporterRegistration(111)) - New reporters are added after registries were created. Some metrics will be missing from the reporter. Please add reporter before adding any new registry.
2022-10-04 13:27:53,769 [Listener at localhost/45925] WARN  impl.MetricRegistriesImpl (MetricRegistriesImpl.java:addReporterRegistration(111)) - New reporters are added after registries were created. Some metrics will be missing from the reporter. Please add reporter before adding any new registry.
2022-10-04 13:27:53,769 [Listener at localhost/45925] WARN  server.ServerUtils (ServerUtils.java:getDefaultRatisDirectory(237)) - Storage directory for Ratis is not configured. It is a good idea to map this to an SSD disk. Falling back to ozone.metadata.dirs
2022-10-04 13:27:53,770 [Listener at localhost/45925] INFO  ratis.OzoneManagerRatisServer (OzoneManagerRatisServer.java:<init>(160)) - Instantiating OM Ratis server with groupID: om-service-test1 and peers: localhost:41223, localhost:39257, localhost:37087
2022-10-04 13:27:53,771 [Listener at localhost/45925] INFO  ratis.OzoneManagerStateMachine (OzoneManagerStateMachine.java:loadSnapshotInfoFromDB(632)) - LastAppliedIndex is set from TransactionInfo from OM DB as (t:2, i:584)
2022-10-04 13:27:53,779 [Listener at localhost/45925] INFO  server.RaftServer (ConfUtils.java:logGet(46)) - raft.rpc.type = GRPC (default)
2022-10-04 13:27:53,779 [Listener at localhost/45925] INFO  grpc.GrpcFactory (GrpcFactory.java:checkPooledByteBufAllocatorUseCacheForAllThreads(48)) - PERFORMANCE WARNING: useCacheForAllThreads is true that may cause Netty to create a lot garbage objects and, as a result, trigger GC.
	It is recommended to disable useCacheForAllThreads by setting -Dorg.apache.ratis.thirdparty.io.netty.allocator.useCacheForAllThreads=false in command line.
2022-10-04 13:27:53,779 [Listener at localhost/45925] INFO  grpc.GrpcConfigKeys (ConfUtils.java:logGet(46)) - raft.grpc.admin.port = -1 (default)
2022-10-04 13:27:53,779 [Listener at localhost/45925] INFO  grpc.GrpcConfigKeys (ConfUtils.java:logGet(46)) - raft.grpc.server.port = 41223 (custom)
2022-10-04 13:27:53,779 [Listener at localhost/45925] INFO  grpc.GrpcConfigKeys (ConfUtils.java:logGet(46)) - raft.grpc.client.port = -1 (default)
2022-10-04 13:27:53,780 [Listener at localhost/45925] INFO  grpc.GrpcConfigKeys (ConfUtils.java:logGet(46)) - raft.grpc.server.port = 41223 (custom)
2022-10-04 13:27:53,780 [Listener at localhost/45925] INFO  grpc.GrpcConfigKeys (ConfUtils.java:logGet(46)) - raft.grpc.server.port = 41223 (custom)
2022-10-04 13:27:53,780 [Listener at localhost/45925] INFO  server.GrpcService (ConfUtils.java:logGet(46)) - raft.grpc.message.size.max = 33554432 (custom)
2022-10-04 13:27:53,780 [Listener at localhost/45925] INFO  server.RaftServerConfigKeys (ConfUtils.java:logGet(46)) - raft.server.log.appender.buffer.byte-limit = 33554432 (custom)
2022-10-04 13:27:53,781 [Listener at localhost/45925] INFO  server.GrpcService (ConfUtils.java:logGet(46)) - raft.grpc.flow.control.window = 1MB (=1048576) (default)
2022-10-04 13:27:53,783 [Listener at localhost/45925] INFO  server.RaftServerConfigKeys (ConfUtils.java:logGet(46)) - raft.server.rpc.request.timeout = 3000ms (default)
2022-10-04 13:27:53,783 [Listener at localhost/45925] INFO  grpc.GrpcConfigKeys (ConfUtils.java:logGet(46)) - raft.grpc.server.async.request.thread.pool.cached = true (default)
2022-10-04 13:27:53,784 [Listener at localhost/45925] INFO  grpc.GrpcConfigKeys (ConfUtils.java:logGet(46)) - raft.grpc.server.async.request.thread.pool.size = 32 (default)
2022-10-04 13:27:53,785 [Listener at localhost/45925] INFO  impl.DataStreamServerImpl (ConfUtils.java:logGet(46)) - raft.datastream.type = DISABLED (default)
2022-10-04 13:27:53,785 [Listener at localhost/45925] INFO  server.RaftServerConfigKeys (ConfUtils.java:logGet(46)) - raft.server.threadpool.proxy.cached = true (default)
2022-10-04 13:27:53,785 [Listener at localhost/45925] INFO  server.RaftServerConfigKeys (ConfUtils.java:logGet(46)) - raft.server.threadpool.proxy.size = 0 (default)
2022-10-04 13:27:53,785 [Listener at localhost/45925] INFO  server.RaftServerConfigKeys (ConfUtils.java:logGet(46)) - raft.server.rpc.slowness.timeout = 2s (custom)
2022-10-04 13:27:53,786 [Listener at localhost/45925] INFO  server.RaftServerConfigKeys (ConfUtils.java:logGet(46)) - raft.server.leaderelection.leader.step-down.wait-time = 10s (default)
2022-10-04 13:27:53,786 [Listener at localhost/45925] INFO  server.RaftServerConfigKeys (ConfUtils.java:logGet(46)) - raft.server.storage.dir = [/home/runner/work/ozone/ozone/hadoop-ozone/integration-test/target/test-dir/MiniOzoneClusterImpl-cea6a548-c63a-4656-97b3-0431a0c2d519/omNode-1/ratis] (custom)
2022-10-04 13:27:53,788 [omNode-1-impl-thread1] INFO  server.RaftServer (RaftServerProxy.java:initGroupDir(247)) - omNode-1: found a subdirectory /home/runner/work/ozone/ozone/hadoop-ozone/integration-test/target/test-dir/MiniOzoneClusterImpl-cea6a548-c63a-4656-97b3-0431a0c2d519/omNode-1/ratis/c9bc4cf4-3bc3-3c60-a66b-523986131536
2022-10-04 13:27:53,788 [Listener at localhost/45925] INFO  server.RaftServer (RaftServerProxy.java:addNew(96)) - omNode-1: addNew group-523986131536:[omNode-3|rpc:localhost:39257|priority:0, omNode-1|rpc:localhost:41223|priority:0, omNode-2|rpc:localhost:37087|priority:0] returns group-523986131536:java.util.concurrent.CompletableFuture@6f72345b[Not completed]
2022-10-04 13:27:53,788 [Listener at localhost/45925] INFO  om.OzoneManager (OzoneManager.java:initializeRatisServer(1977)) - OzoneManager Ratis server initialized at port 41223
2022-10-04 13:27:53,788 [Listener at localhost/45925] INFO  ratis.OzoneManagerRatisServer (OzoneManagerRatisServer.java:start(555)) - Starting OzoneManagerRatisServer omNode-1 at port 41223
2022-10-04 13:27:53,789 [pool-874-thread-1] INFO  server.RaftServer$Division (RaftServerImpl.java:<init>(190)) - omNode-1: new RaftServerImpl for group-523986131536:[omNode-3|rpc:localhost:39257|priority:0, omNode-1|rpc:localhost:41223|priority:0, omNode-2|rpc:localhost:37087|priority:0] with OzoneManagerStateMachine:uninitialized
2022-10-04 13:27:53,789 [pool-874-thread-1] INFO  server.RaftServerConfigKeys (ConfUtils.java:logGet(46)) - raft.server.rpc.timeout.min = 1s (custom)
2022-10-04 13:27:53,789 [pool-874-thread-1] INFO  server.RaftServerConfigKeys (ConfUtils.java:logGet(46)) - raft.server.rpc.timeout.max = 1200ms (custom)
2022-10-04 13:27:53,789 [pool-874-thread-1] INFO  server.RaftServerConfigKeys (ConfUtils.java:logGet(46)) - raft.server.rpc.sleep.time = 25ms (default)
2022-10-04 13:27:53,789 [pool-874-thread-1] INFO  server.RaftServerConfigKeys (ConfUtils.java:logGet(46)) - raft.server.rpc.slowness.timeout = 2s (custom)
2022-10-04 13:27:53,789 [pool-874-thread-1] INFO  server.RaftServerConfigKeys (ConfUtils.java:logGet(46)) - raft.server.leaderelection.leader.step-down.wait-time = 10s (default)
2022-10-04 13:27:53,789 [pool-874-thread-1] INFO  server.RaftServerConfigKeys (ConfUtils.java:logGet(46)) - raft.server.sleep.deviation.threshold = 300ms (default)
2022-10-04 13:27:53,789 [pool-874-thread-1] INFO  server.RaftServer$Division (ServerState.java:<init>(107)) - omNode-1@group-523986131536: ConfigurationManager, init=-1: [omNode-3|rpc:localhost:39257|priority:0, omNode-1|rpc:localhost:41223|priority:0, omNode-2|rpc:localhost:37087|priority:0], old=null, confs=<EMPTY_MAP>
2022-10-04 13:27:53,789 [pool-874-thread-1] INFO  server.RaftServerConfigKeys (ConfUtils.java:logGet(46)) - raft.server.storage.dir = [/home/runner/work/ozone/ozone/hadoop-ozone/integration-test/target/test-dir/MiniOzoneClusterImpl-cea6a548-c63a-4656-97b3-0431a0c2d519/omNode-1/ratis] (custom)
2022-10-04 13:27:53,790 [pool-874-thread-1] INFO  server.RaftServerConfigKeys (ConfUtils.java:logGet(46)) - raft.server.log.corruption.policy = EXCEPTION (default)
2022-10-04 13:27:53,790 [pool-874-thread-1] INFO  server.RaftServerConfigKeys (ConfUtils.java:logGet(46)) - raft.server.storage.free-space.min = 0MB (=0) (default)
2022-10-04 13:27:53,796 [pool-874-thread-1] INFO  storage.RaftStorageDirectory (RaftStorageDirectoryImpl.java:tryLock(230)) - Lock on /home/runner/work/ozone/ozone/hadoop-ozone/integration-test/target/test-dir/MiniOzoneClusterImpl-cea6a548-c63a-4656-97b3-0431a0c2d519/omNode-1/ratis/c9bc4cf4-3bc3-3c60-a66b-523986131536/in_use.lock acquired by nodename 42070@fv-az573-645
2022-10-04 13:27:53,796 [pool-874-thread-1] INFO  storage.RaftStorage (RaftStorageImpl.java:analyzeAndRecoverStorage(110)) - Read RaftStorageMetadata{term=2, votedFor=omNode-1} from /home/runner/work/ozone/ozone/hadoop-ozone/integration-test/target/test-dir/MiniOzoneClusterImpl-cea6a548-c63a-4656-97b3-0431a0c2d519/omNode-1/ratis/c9bc4cf4-3bc3-3c60-a66b-523986131536/current/raft-meta
2022-10-04 13:27:53,796 [pool-874-thread-1] INFO  server.RaftServer$Division (ServerState.java:setRaftConf(393)) - omNode-1@group-523986131536: set configuration 0: [omNode-3|rpc:localhost:39257|admin:|client:|dataStream:|priority:0, omNode-1|rpc:localhost:41223|admin:|client:|dataStream:|priority:0, omNode-2|rpc:localhost:37087|admin:|client:|dataStream:|priority:0], old=null
2022-10-04 13:27:53,796 [pool-874-thread-1] INFO  server.RaftServerConfigKeys (ConfUtils.java:logGet(46)) - raft.server.notification.no-leader.timeout = 2s (custom)
2022-10-04 13:27:53,796 [pool-874-thread-1] INFO  server.RaftServerConfigKeys (ConfUtils.java:logGet(46)) - raft.server.log.use.memory = false (default)
2022-10-04 13:27:53,797 [pool-874-thread-1] INFO  server.RaftServerConfigKeys (ConfUtils.java:logGet(46)) - raft.server.log.purge.gap = 50 (custom)
2022-10-04 13:27:53,797 [pool-874-thread-1] INFO  server.RaftServerConfigKeys (ConfUtils.java:logGet(46)) - raft.server.log.appender.buffer.byte-limit = 33554432 (custom)
2022-10-04 13:27:53,797 [pool-874-thread-1] INFO  server.RaftServerConfigKeys (ConfUtils.java:logGet(46)) - raft.server.log.statemachine.data.read.timeout = 1000ms (default)
2022-10-04 13:27:53,797 [pool-874-thread-1] INFO  server.RaftServerConfigKeys (ConfUtils.java:logGet(46)) - raft.server.log.segment.size.max = 4194304 (custom)
2022-10-04 13:27:53,797 [pool-874-thread-1] INFO  server.RaftServerConfigKeys (ConfUtils.java:logGet(46)) - raft.server.log.segment.cache.num.max = 2 (custom)
2022-10-04 13:27:53,798 [pool-874-thread-1] INFO  server.RaftServerConfigKeys (ConfUtils.java:logGet(46)) - raft.server.log.segment.cache.size.max = 200MB (=209715200) (default)
2022-10-04 13:27:53,798 [pool-874-thread-1] INFO  segmented.SegmentedRaftLogWorker (SegmentedRaftLogWorker.java:<init>(187)) - new omNode-1@group-523986131536-SegmentedRaftLogWorker for RaftStorageImpl:Storage Directory /home/runner/work/ozone/ozone/hadoop-ozone/integration-test/target/test-dir/MiniOzoneClusterImpl-cea6a548-c63a-4656-97b3-0431a0c2d519/omNode-1/ratis/c9bc4cf4-3bc3-3c60-a66b-523986131536
2022-10-04 13:27:53,798 [pool-874-thread-1] INFO  server.RaftServerConfigKeys (ConfUtils.java:logGet(46)) - raft.server.log.queue.byte-limit = 64MB (=67108864) (default)
2022-10-04 13:27:53,798 [pool-874-thread-1] INFO  server.RaftServerConfigKeys (ConfUtils.java:logGet(46)) - raft.server.log.queue.element-limit = 4096 (default)
2022-10-04 13:27:53,798 [pool-874-thread-1] INFO  server.RaftServerConfigKeys (ConfUtils.java:logGet(46)) - raft.server.log.segment.size.max = 4194304 (custom)
2022-10-04 13:27:53,798 [pool-874-thread-1] INFO  server.RaftServerConfigKeys (ConfUtils.java:logGet(46)) - raft.server.log.preallocated.size = 4194304 (custom)
2022-10-04 13:27:53,798 [pool-874-thread-1] INFO  server.RaftServerConfigKeys (ConfUtils.java:logGet(46)) - raft.server.log.force.sync.num = 128 (default)
2022-10-04 13:27:53,798 [pool-874-thread-1] INFO  server.RaftServerConfigKeys (ConfUtils.java:logGet(46)) - raft.server.log.statemachine.data.sync = true (default)
2022-10-04 13:27:53,798 [pool-874-thread-1] INFO  server.RaftServerConfigKeys (ConfUtils.java:logGet(46)) - raft.server.log.statemachine.data.sync.timeout = 10s (default)
2022-10-04 13:27:53,798 [pool-874-thread-1] INFO  server.RaftServerConfigKeys (ConfUtils.java:logGet(46)) - raft.server.log.statemachine.data.sync.timeout.retry = -1 (default)
2022-10-04 13:27:53,799 [pool-874-thread-1] INFO  server.RaftServerConfigKeys (ConfUtils.java:logGet(46)) - raft.server.log.write.buffer.size = 64KB (=65536) (default)
2022-10-04 13:27:53,799 [pool-874-thread-1] INFO  server.RaftServerConfigKeys (ConfUtils.java:logGet(46)) - raft.server.log.unsafe-flush.enabled = false (default)
2022-10-04 13:27:53,799 [pool-874-thread-1] INFO  server.RaftServerConfigKeys (ConfUtils.java:logGet(46)) - raft.server.log.statemachine.data.caching.enabled = false (default)
2022-10-04 13:27:53,800 [pool-874-thread-1] INFO  server.RaftServer$Division (ServerState.java:setRaftConf(393)) - omNode-1@group-523986131536: set configuration 0: [omNode-3|rpc:localhost:39257|admin:|client:|dataStream:|priority:0, omNode-1|rpc:localhost:41223|admin:|client:|dataStream:|priority:0, omNode-2|rpc:localhost:37087|admin:|client:|dataStream:|priority:0], old=null
2022-10-04 13:27:53,805 [pool-874-thread-1] INFO  segmented.LogSegment (LogSegment.java:loadSegment(173)) - Successfully read 585 entries from segment file /home/runner/work/ozone/ozone/hadoop-ozone/integration-test/target/test-dir/MiniOzoneClusterImpl-cea6a548-c63a-4656-97b3-0431a0c2d519/omNode-1/ratis/c9bc4cf4-3bc3-3c60-a66b-523986131536/current/log_inprogress_0
2022-10-04 13:27:53,805 [pool-874-thread-1] INFO  segmented.SegmentedRaftLogWorker (SegmentedRaftLogWorker.java:lambda$new$0(135)) - omNode-1@group-523986131536-SegmentedRaftLogWorker: flushIndex: setUnconditionally 0 -> 584
2022-10-04 13:27:53,806 [pool-874-thread-1] INFO  segmented.SegmentedRaftLogWorker (SegmentedRaftLogWorker.java:lambda$new$0(135)) - omNode-1@group-523986131536-SegmentedRaftLogWorker: safeCacheEvictIndex: setUnconditionally 0 -> -1
2022-10-04 13:27:53,806 [pool-874-thread-1] INFO  raftlog.RaftLog (RaftLogBase.java:lambda$new$0(53)) - omNode-1@group-523986131536-SegmentedRaftLog: commitIndex: updateToMax old=584, new=583, updated? false
2022-10-04 13:27:53,806 [pool-874-thread-1] INFO  server.RaftServerConfigKeys (ConfUtils.java:logGet(46)) - raft.server.snapshot.auto.trigger.enabled = true (custom)
2022-10-04 13:27:53,806 [pool-874-thread-1] INFO  server.RaftServerConfigKeys (ConfUtils.java:logGet(46)) - raft.server.snapshot.auto.trigger.threshold = 50 (custom)
2022-10-04 13:27:53,806 [pool-874-thread-1] INFO  server.RaftServerConfigKeys (ConfUtils.java:logGet(46)) - raft.server.snapshot.retention.file.num = -1 (default)
2022-10-04 13:27:53,806 [pool-874-thread-1] INFO  server.RaftServerConfigKeys (ConfUtils.java:logGet(46)) - raft.server.log.purge.upto.snapshot.index = true (custom)
2022-10-04 13:27:53,806 [pool-874-thread-1] INFO  server.RaftServerConfigKeys (ConfUtils.java:logGet(46)) - raft.server.retrycache.expirytime = 30000ms (custom)
2022-10-04 13:27:53,806 [pool-874-thread-1] INFO  server.RaftServerConfigKeys (ConfUtils.java:logGet(46)) - raft.server.retrycache.statistics.expirytime = 100μs (default)
2022-10-04 13:27:53,807 [pool-874-thread-1] INFO  server.RaftServerConfigKeys (ConfUtils.java:logGet(46)) - raft.server.log.appender.install.snapshot.enabled = false (custom)
2022-10-04 13:27:53,807 [pool-874-thread-1] INFO  server.RaftServerConfigKeys (ConfUtils.java:logGet(46)) - raft.server.threadpool.server.cached = true (default)
2022-10-04 13:27:53,807 [pool-874-thread-1] INFO  server.RaftServerConfigKeys (ConfUtils.java:logGet(46)) - raft.server.threadpool.server.size = 0 (default)
2022-10-04 13:27:53,807 [pool-874-thread-1] INFO  server.RaftServerConfigKeys (ConfUtils.java:logGet(46)) - raft.server.threadpool.client.cached = true (default)
2022-10-04 13:27:53,808 [pool-874-thread-1] INFO  server.RaftServerConfigKeys (ConfUtils.java:logGet(46)) - raft.server.threadpool.client.size = 0 (default)
2022-10-04 13:27:53,808 [omNode-1-impl-thread1] INFO  server.RaftServer$Division (RaftServerImpl.java:start(310)) - omNode-1@group-523986131536: start as a follower, conf=0: [omNode-3|rpc:localhost:39257|admin:|client:|dataStream:|priority:0, omNode-1|rpc:localhost:41223|admin:|client:|dataStream:|priority:0, omNode-2|rpc:localhost:37087|admin:|client:|dataStream:|priority:0], old=null
2022-10-04 13:27:53,808 [omNode-1-impl-thread1] INFO  server.RaftServer$Division (RaftServerImpl.java:setRole(299)) - omNode-1@group-523986131536: changes role from      null to FOLLOWER at term 2 for startAsFollower
2022-10-04 13:27:53,808 [omNode-1-impl-thread1] INFO  impl.RoleInfo (RoleInfo.java:updateAndGet(139)) - omNode-1: start omNode-1@group-523986131536-FollowerState
2022-10-04 13:27:53,808 [omNode-1-impl-thread1] INFO  util.JmxRegister (JmxRegister.java:tryRegister(44)) - Successfully registered JMX Bean with object name Ratis:service=RaftServer,group=group-523986131536,id=omNode-1
2022-10-04 13:27:53,809 [Listener at localhost/45925] INFO  server.RaftServer (RaftServerProxy.java:lambda$start$6(382)) - omNode-1: start RPC server
2022-10-04 13:27:53,816 [Listener at localhost/45925] INFO  server.GrpcService (GrpcService.java:startImpl(260)) - omNode-1: GrpcService started, listening on 41223
2022-10-04 13:27:53,816 [Listener at localhost/45925] INFO  om.OzoneManager (OzoneManager.java:getRpcServer(1100)) - Creating RPC Server
2022-10-04 13:27:53,825 [org.apache.ratis.util.JvmPauseMonitor$$Lambda$699/75026084@26a33308] INFO  util.JvmPauseMonitor (JvmPauseMonitor.java:run(103)) - JvmPauseMonitor-omNode-1: Started
2022-10-04 13:27:54,614 [omNode-2@group-523986131536-FollowerState] INFO  impl.FollowerState (FollowerState.java:run(143)) - omNode-2@group-523986131536-FollowerState: change to CANDIDATE, lastRpcElapsedTime:1224691095ns, electionTimeout:1033ms
2022-10-04 13:27:54,614 [omNode-2@group-523986131536-FollowerState] INFO  impl.RoleInfo (RoleInfo.java:shutdownFollowerState(110)) - omNode-2: shutdown omNode-2@group-523986131536-FollowerState
2022-10-04 13:27:54,614 [omNode-2@group-523986131536-FollowerState] INFO  server.RaftServer$Division (RaftServerImpl.java:setRole(299)) - omNode-2@group-523986131536: changes role from  FOLLOWER to CANDIDATE at term 2 for changeToCandidate
2022-10-04 13:27:54,614 [omNode-2@group-523986131536-FollowerState] INFO  server.RaftServerConfigKeys (ConfUtils.java:logGet(46)) - raft.server.leaderelection.pre-vote = false (custom)
2022-10-04 13:27:54,614 [omNode-2@group-523986131536-FollowerState] INFO  impl.RoleInfo (RoleInfo.java:updateAndGet(139)) - omNode-2: start omNode-2@group-523986131536-LeaderElection52
2022-10-04 13:27:54,628 [omNode-2@group-523986131536-LeaderElection52] INFO  server.RaftServer$Division (ServerState.java:setLeader(287)) - omNode-2@group-523986131536: change Leader from omNode-1 to null at term 2 for ELECTION
2022-10-04 13:27:54,630 [omNode-2@group-523986131536-LeaderElection52] INFO  impl.LeaderElection (LeaderElection.java:askForVotes(310)) - omNode-2@group-523986131536-LeaderElection52 ELECTION round 0: submit vote requests at term 3 for 0: [omNode-3|rpc:localhost:39257|admin:|client:|dataStream:|priority:0, omNode-1|rpc:localhost:41223|admin:|client:|dataStream:|priority:0, omNode-2|rpc:localhost:37087|admin:|client:|dataStream:|priority:0], old=null
2022-10-04 13:27:54,635 [EndpointStateMachine task thread for /0.0.0.0:41361 - 0 ] INFO  ipc.Client (Client.java:handleConnectionFailure(977)) - Retrying connect to server: 0.0.0.0/0.0.0.0:41361. Already tried 3 time(s); retry policy is RetryUpToMaximumCountWithFixedSleep(maxRetries=15, sleepTime=1000 MILLISECONDS)
2022-10-04 13:27:54,655 [grpc-default-executor-4] INFO  server.RaftServer$Division (RaftServerImpl.java:requestVote(1152)) - omNode-3@group-523986131536: receive requestVote(ELECTION, omNode-2, group-523986131536, 3, (t:2, i:584))
2022-10-04 13:27:54,655 [grpc-default-executor-4] INFO  impl.VoteContext (VoteContext.java:log(48)) - omNode-3@group-523986131536-FOLLOWER: accept ELECTION from omNode-2: our priority 0 <= candidate's priority 0
2022-10-04 13:27:54,655 [grpc-default-executor-4] INFO  server.RaftServer$Division (ServerState.java:setLeader(287)) - omNode-3@group-523986131536: change Leader from omNode-1 to null at term 3 for updateCurrentTerm
2022-10-04 13:27:54,655 [grpc-default-executor-4] INFO  server.RaftServer$Division (RaftServerImpl.java:setRole(299)) - omNode-3@group-523986131536: changes role from  FOLLOWER to FOLLOWER at term 3 for candidate:omNode-2
2022-10-04 13:27:54,655 [grpc-default-executor-4] INFO  impl.RoleInfo (RoleInfo.java:shutdownFollowerState(110)) - omNode-3: shutdown omNode-3@group-523986131536-FollowerState
2022-10-04 13:27:54,655 [grpc-default-executor-4] INFO  impl.RoleInfo (RoleInfo.java:updateAndGet(139)) - omNode-3: start omNode-3@group-523986131536-FollowerState
2022-10-04 13:27:54,655 [omNode-3@group-523986131536-FollowerState] INFO  impl.FollowerState (FollowerState.java:run(152)) - omNode-3@group-523986131536-FollowerState was interrupted
2022-10-04 13:27:54,660 [grpc-default-executor-4] INFO  server.RaftServer$Division (RaftServerImpl.java:requestVote(1184)) - omNode-3@group-523986131536 replies to ELECTION vote request: omNode-2<-omNode-3#0:OK-t3. Peer's state: omNode-3@group-523986131536:t3, leader=null, voted=omNode-2, raftlog=omNode-3@group-523986131536-SegmentedRaftLog:OPENED:c584, conf=0: [omNode-3|rpc:localhost:39257|admin:|client:|dataStream:|priority:0, omNode-1|rpc:localhost:41223|admin:|client:|dataStream:|priority:0, omNode-2|rpc:localhost:37087|admin:|client:|dataStream:|priority:0], old=null
2022-10-04 13:27:54,661 [omNode-2@group-523986131536-LeaderElection52] INFO  impl.LeaderElection (LeaderElection.java:logAndReturn(90)) - omNode-2@group-523986131536-LeaderElection52: ELECTION PASSED received 1 response(s) and 0 exception(s):
2022-10-04 13:27:54,661 [omNode-2@group-523986131536-LeaderElection52] INFO  impl.LeaderElection (LeaderElection.java:logAndReturn(94)) -   Response 0: omNode-2<-omNode-3#0:OK-t3
2022-10-04 13:27:54,661 [omNode-2@group-523986131536-LeaderElection52] INFO  impl.LeaderElection (LeaderElection.java:askForVotes(312)) - omNode-2@group-523986131536-LeaderElection52 ELECTION round 0: result PASSED
2022-10-04 13:27:54,662 [omNode-2@group-523986131536-LeaderElection52] INFO  impl.RoleInfo (RoleInfo.java:shutdownLeaderElection(130)) - omNode-2: shutdown omNode-2@group-523986131536-LeaderElection52
2022-10-04 13:27:54,662 [omNode-2@group-523986131536-LeaderElection52] INFO  server.RaftServer$Division (RaftServerImpl.java:setRole(299)) - omNode-2@group-523986131536: changes role from CANDIDATE to LEADER at term 3 for changeToLeader
2022-10-04 13:27:54,662 [omNode-2@group-523986131536-LeaderElection52] INFO  server.RaftServer$Division (ServerState.java:setLeader(287)) - omNode-2@group-523986131536: change Leader from null to omNode-2 at term 3 for becomeLeader, leader elected after 33ms
2022-10-04 13:27:54,662 [omNode-2@group-523986131536-LeaderElection52] INFO  server.RaftServerConfigKeys (ConfUtils.java:logGet(46)) - raft.server.staging.catchup.gap = 1000 (default)
2022-10-04 13:27:54,662 [omNode-2@group-523986131536-LeaderElection52] INFO  server.RaftServerConfigKeys (ConfUtils.java:logGet(46)) - raft.server.write.element-limit = 4096 (default)
2022-10-04 13:27:54,662 [omNode-2@group-523986131536-LeaderElection52] INFO  server.RaftServerConfigKeys (ConfUtils.java:logGet(46)) - raft.server.write.byte-limit = 64MB (=67108864) (default)
2022-10-04 13:27:54,662 [omNode-2@group-523986131536-LeaderElection52] INFO  server.RaftServerConfigKeys (ConfUtils.java:logGet(46)) - raft.server.watch.timeout = 10s (default)
2022-10-04 13:27:54,662 [omNode-2@group-523986131536-LeaderElection52] INFO  server.RaftServerConfigKeys (ConfUtils.java:logGet(46)) - raft.server.watch.timeout.denomination = 1s (default)
2022-10-04 13:27:54,662 [omNode-2@group-523986131536-LeaderElection52] INFO  server.RaftServerConfigKeys (ConfUtils.java:logGet(46)) - raft.server.watch.element-limit = 65536 (default)
2022-10-04 13:27:54,662 [omNode-2@group-523986131536-LeaderElection52] INFO  server.RaftServerConfigKeys (ConfUtils.java:logGet(46)) - raft.server.write.element-limit = 4096 (default)
2022-10-04 13:27:54,662 [omNode-2@group-523986131536-LeaderElection52] INFO  server.RaftServerConfigKeys (ConfUtils.java:logGet(46)) - raft.server.write.follower.gap.ratio.max = -1.0 (default)
2022-10-04 13:27:54,663 [omNode-2@group-523986131536-LeaderElection52] INFO  server.RaftServerConfigKeys (ConfUtils.java:logGet(46)) - raft.server.log.appender.snapshot.chunk.size.max = 16MB (=16777216) (default)
2022-10-04 13:27:54,663 [omNode-2@group-523986131536-LeaderElection52] INFO  server.RaftServerConfigKeys (ConfUtils.java:logGet(46)) - raft.server.log.appender.buffer.byte-limit = 33554432 (custom)
2022-10-04 13:27:54,663 [omNode-2@group-523986131536-LeaderElection52] INFO  server.RaftServerConfigKeys (ConfUtils.java:logGet(46)) - raft.server.log.appender.buffer.element-limit = 1024 (custom)
2022-10-04 13:27:54,664 [omNode-2@group-523986131536-LeaderElection52] INFO  grpc.GrpcConfigKeys (ConfUtils.java:logGet(46)) - raft.grpc.server.leader.outstanding.appends.max = 128 (default)
2022-10-04 13:27:54,664 [omNode-2@group-523986131536-LeaderElection52] INFO  server.RaftServerConfigKeys (ConfUtils.java:logGet(46)) - raft.server.rpc.request.timeout = 3000ms (default)
2022-10-04 13:27:54,664 [omNode-2@group-523986131536-LeaderElection52] INFO  server.RaftServerConfigKeys (ConfUtils.java:logGet(46)) - raft.server.log.appender.install.snapshot.enabled = false (custom)
2022-10-04 13:27:54,665 [omNode-2@group-523986131536-LeaderElection52] INFO  server.RaftServerConfigKeys (ConfUtils.java:logGet(46)) - raft.server.log.appender.snapshot.chunk.size.max = 16MB (=16777216) (default)
2022-10-04 13:27:54,665 [omNode-2@group-523986131536-LeaderElection52] INFO  server.RaftServerConfigKeys (ConfUtils.java:logGet(46)) - raft.server.log.appender.buffer.byte-limit = 33554432 (custom)
2022-10-04 13:27:54,665 [omNode-2@group-523986131536-LeaderElection52] INFO  server.RaftServerConfigKeys (ConfUtils.java:logGet(46)) - raft.server.log.appender.buffer.element-limit = 1024 (custom)
2022-10-04 13:27:54,665 [omNode-2@group-523986131536-LeaderElection52] INFO  grpc.GrpcConfigKeys (ConfUtils.java:logGet(46)) - raft.grpc.server.leader.outstanding.appends.max = 128 (default)
2022-10-04 13:27:54,665 [omNode-2@group-523986131536-LeaderElection52] INFO  server.RaftServerConfigKeys (ConfUtils.java:logGet(46)) - raft.server.rpc.request.timeout = 3000ms (default)
2022-10-04 13:27:54,665 [omNode-2@group-523986131536-LeaderElection52] INFO  server.RaftServerConfigKeys (ConfUtils.java:logGet(46)) - raft.server.log.appender.install.snapshot.enabled = false (custom)
2022-10-04 13:27:54,666 [omNode-2@group-523986131536-LeaderElection52] INFO  impl.RoleInfo (RoleInfo.java:updateAndGet(139)) - omNode-2: start omNode-2@group-523986131536-LeaderStateImpl
2022-10-04 13:27:54,666 [omNode-2@group-523986131536-LeaderElection52] INFO  segmented.SegmentedRaftLogWorker (SegmentedRaftLogWorker.java:rollLogSegment(430)) - omNode-2@group-523986131536-SegmentedRaftLogWorker: Rolling segment log-0_584 to index:584
2022-10-04 13:27:54,667 [omNode-2@group-523986131536-SegmentedRaftLogWorker] INFO  segmented.SegmentedRaftLogWorker (SegmentedRaftLogWorker.java:execute(586)) - omNode-2@group-523986131536-SegmentedRaftLogWorker: Rolled log segment from /home/runner/work/ozone/ozone/hadoop-ozone/integration-test/target/test-dir/MiniOzoneClusterImpl-cea6a548-c63a-4656-97b3-0431a0c2d519/omNode-2/ratis/c9bc4cf4-3bc3-3c60-a66b-523986131536/current/log_inprogress_0 to /home/runner/work/ozone/ozone/hadoop-ozone/integration-test/target/test-dir/MiniOzoneClusterImpl-cea6a548-c63a-4656-97b3-0431a0c2d519/omNode-2/ratis/c9bc4cf4-3bc3-3c60-a66b-523986131536/current/log_0-584
2022-10-04 13:27:54,684 [omNode-3-server-thread2] INFO  server.RaftServer$Division (ServerState.java:setLeader(287)) - omNode-3@group-523986131536: change Leader from null to omNode-2 at term 3 for appendEntries, leader elected after 28ms
2022-10-04 13:27:54,688 [omNode-2@group-523986131536-LeaderElection52] INFO  server.RaftServer$Division (ServerState.java:setRaftConf(393)) - omNode-2@group-523986131536: set configuration 585: [omNode-3|rpc:localhost:39257|admin:|client:|dataStream:|priority:0, omNode-1|rpc:localhost:41223|admin:|client:|dataStream:|priority:0, omNode-2|rpc:localhost:37087|admin:|client:|dataStream:|priority:0], old=null
2022-10-04 13:27:54,698 [grpc-default-executor-4] INFO  server.RaftServer$Division (RaftServerImpl.java:requestVote(1152)) - omNode-1@group-523986131536: receive requestVote(ELECTION, omNode-2, group-523986131536, 3, (t:2, i:584))
2022-10-04 13:27:54,698 [grpc-default-executor-4] INFO  impl.VoteContext (VoteContext.java:log(48)) - omNode-1@group-523986131536-FOLLOWER: accept ELECTION from omNode-2: our priority 0 <= candidate's priority 0
2022-10-04 13:27:54,698 [grpc-default-executor-4] INFO  server.RaftServer$Division (RaftServerImpl.java:setRole(299)) - omNode-1@group-523986131536: changes role from  FOLLOWER to FOLLOWER at term 3 for candidate:omNode-2
2022-10-04 13:27:54,698 [grpc-default-executor-4] INFO  impl.RoleInfo (RoleInfo.java:shutdownFollowerState(110)) - omNode-1: shutdown omNode-1@group-523986131536-FollowerState
2022-10-04 13:27:54,698 [grpc-default-executor-4] INFO  impl.RoleInfo (RoleInfo.java:updateAndGet(139)) - omNode-1: start omNode-1@group-523986131536-FollowerState
2022-10-04 13:27:54,698 [omNode-1@group-523986131536-FollowerState] INFO  impl.FollowerState (FollowerState.java:run(152)) - omNode-1@group-523986131536-FollowerState was interrupted
2022-10-04 13:27:54,710 [grpc-default-executor-4] INFO  server.RaftServer$Division (RaftServerImpl.java:requestVote(1184)) - omNode-1@group-523986131536 replies to ELECTION vote request: omNode-2<-omNode-1#0:OK-t3. Peer's state: omNode-1@group-523986131536:t3, leader=null, voted=omNode-2, raftlog=omNode-1@group-523986131536-SegmentedRaftLog:OPENED:c584, conf=0: [omNode-3|rpc:localhost:39257|admin:|client:|dataStream:|priority:0, omNode-1|rpc:localhost:41223|admin:|client:|dataStream:|priority:0, omNode-2|rpc:localhost:37087|admin:|client:|dataStream:|priority:0], old=null
2022-10-04 13:27:54,717 [omNode-2@group-523986131536-SegmentedRaftLogWorker] INFO  segmented.SegmentedRaftLogWorker (SegmentedRaftLogWorker.java:execute(629)) - omNode-2@group-523986131536-SegmentedRaftLogWorker: created new log segment /home/runner/work/ozone/ozone/hadoop-ozone/integration-test/target/test-dir/MiniOzoneClusterImpl-cea6a548-c63a-4656-97b3-0431a0c2d519/omNode-2/ratis/c9bc4cf4-3bc3-3c60-a66b-523986131536/current/log_inprogress_585
2022-10-04 13:27:54,743 [omNode-3-server-thread2] INFO  server.RaftServer$Division (ServerState.java:setRaftConf(393)) - omNode-3@group-523986131536: set configuration 585: [omNode-3|rpc:localhost:39257|admin:|client:|dataStream:|priority:0, omNode-1|rpc:localhost:41223|admin:|client:|dataStream:|priority:0, omNode-2|rpc:localhost:37087|admin:|client:|dataStream:|priority:0], old=null
2022-10-04 13:27:54,743 [omNode-3-server-thread2] INFO  segmented.SegmentedRaftLogWorker (SegmentedRaftLogWorker.java:rollLogSegment(430)) - omNode-3@group-523986131536-SegmentedRaftLogWorker: Rolling segment log-0_584 to index:584
2022-10-04 13:27:54,746 [omNode-3@group-523986131536-SegmentedRaftLogWorker] INFO  segmented.SegmentedRaftLogWorker (SegmentedRaftLogWorker.java:execute(586)) - omNode-3@group-523986131536-SegmentedRaftLogWorker: Rolled log segment from /home/runner/work/ozone/ozone/hadoop-ozone/integration-test/target/test-dir/MiniOzoneClusterImpl-cea6a548-c63a-4656-97b3-0431a0c2d519/omNode-3/ratis/c9bc4cf4-3bc3-3c60-a66b-523986131536/current/log_inprogress_0 to /home/runner/work/ozone/ozone/hadoop-ozone/integration-test/target/test-dir/MiniOzoneClusterImpl-cea6a548-c63a-4656-97b3-0431a0c2d519/omNode-3/ratis/c9bc4cf4-3bc3-3c60-a66b-523986131536/current/log_0-584
2022-10-04 13:27:54,760 [omNode-1-server-thread1] INFO  server.RaftServer$Division (ServerState.java:setLeader(287)) - omNode-1@group-523986131536: change Leader from null to omNode-2 at term 3 for appendEntries, leader elected after 963ms
2022-10-04 13:27:54,763 [omNode-3@group-523986131536-SegmentedRaftLogWorker] INFO  segmented.SegmentedRaftLogWorker (SegmentedRaftLogWorker.java:execute(629)) - omNode-3@group-523986131536-SegmentedRaftLogWorker: created new log segment /home/runner/work/ozone/ozone/hadoop-ozone/integration-test/target/test-dir/MiniOzoneClusterImpl-cea6a548-c63a-4656-97b3-0431a0c2d519/omNode-3/ratis/c9bc4cf4-3bc3-3c60-a66b-523986131536/current/log_inprogress_585
2022-10-04 13:27:54,805 [Listener at localhost/45925] INFO  reflections.Reflections (Reflections.java:scan(232)) - Reflections took 971 ms to scan 19 urls, producing 67 keys and 4220 values [using 2 cores]
2022-10-04 13:27:54,806 [Listener at localhost/45925] INFO  ipc.CallQueueManager (CallQueueManager.java:<init>(90)) - Using callQueue: class java.util.concurrent.LinkedBlockingQueue, queueCapacity: 2000, scheduler: class org.apache.hadoop.ipc.DefaultRpcScheduler, ipcBackoff: false.
2022-10-04 13:27:54,812 [omNode-1-server-thread2] INFO  server.RaftServer$Division (ServerState.java:setRaftConf(393)) - omNode-1@group-523986131536: set configuration 585: [omNode-3|rpc:localhost:39257|admin:|client:|dataStream:|priority:0, omNode-1|rpc:localhost:41223|admin:|client:|dataStream:|priority:0, omNode-2|rpc:localhost:37087|admin:|client:|dataStream:|priority:0], old=null
2022-10-04 13:27:54,817 [Socket Reader #1 for port 41523] INFO  ipc.Server (Server.java:run(1265)) - Starting Socket Reader #1 for port 41523
2022-10-04 13:27:54,818 [Listener at localhost/41523] INFO  http.BaseHttpServer (BaseHttpServer.java:newHttpServer2BuilderForOzone(213)) - Starting Web-server for ozoneManager at: http://0.0.0.0:45279
2022-10-04 13:27:54,819 [Listener at localhost/41523] INFO  http.BaseHttpServer (BaseHttpServer.java:<init>(108)) - Hadoop Security Enabled: false Ozone Security Enabled: false Ozone HTTP Security Enabled: false 
2022-10-04 13:27:54,820 [Listener at localhost/41523] INFO  server.AuthenticationFilter (AuthenticationFilter.java:constructSecretProvider(240)) - Unable to initialize FileSignerSecretProvider, falling back to use random secrets.
2022-10-04 13:27:54,821 [omNode-1-server-thread2] INFO  segmented.SegmentedRaftLogWorker (SegmentedRaftLogWorker.java:rollLogSegment(430)) - omNode-1@group-523986131536-SegmentedRaftLogWorker: Rolling segment log-0_584 to index:584
2022-10-04 13:27:54,822 [omNode-2@group-523986131536-StateMachineUpdater] INFO  ratis.OzoneManagerStateMachine (OzoneManagerStateMachine.java:notifyConfigurationChanged(192)) - Received Configuration change notification from Ratis. New Peer list:
[id: "omNode-3"
address: "localhost:39257"
, id: "omNode-1"
address: "localhost:41223"
, id: "omNode-2"
address: "localhost:37087"
]
2022-10-04 13:27:54,824 [Listener at localhost/41523] WARN  http.HttpRequestLog (HttpRequestLog.java:getRequestLog(103)) - Jetty request log can only be enabled using Log4j
2022-10-04 13:27:54,825 [Listener at localhost/41523] INFO  http.HttpServer2 (HttpServer2.java:addGlobalFilter(1029)) - Added global filter 'safety' (class=org.apache.hadoop.hdds.server.http.HttpServer2$QuotingInputFilter)
2022-10-04 13:27:54,826 [Listener at localhost/41523] INFO  http.HttpServer2 (HttpServer2.java:addFilter(1005)) - Added filter static_user_filter (class=org.apache.hadoop.http.lib.StaticUserWebFilter$StaticUserFilter) to context ozoneManager
2022-10-04 13:27:54,826 [Listener at localhost/41523] INFO  http.HttpServer2 (HttpServer2.java:addFilter(1013)) - Added filter static_user_filter (class=org.apache.hadoop.http.lib.StaticUserWebFilter$StaticUserFilter) to context logs
2022-10-04 13:27:54,826 [Listener at localhost/41523] INFO  http.HttpServer2 (HttpServer2.java:addFilter(1013)) - Added filter static_user_filter (class=org.apache.hadoop.http.lib.StaticUserWebFilter$StaticUserFilter) to context static
2022-10-04 13:27:54,827 [Listener at localhost/41523] INFO  http.HttpServer2 (HttpServer2.java:bindListener(1248)) - Jetty bound to port 45279
2022-10-04 13:27:54,827 [Listener at localhost/41523] INFO  server.Server (Server.java:doStart(375)) - jetty-9.4.43.v20210629; built: 2021-06-30T11:07:22.254Z; git: 526006ecfa3af7f1a27ef3a288e2bef7ea9dd7e8; jvm 1.8.0_345-b01
2022-10-04 13:27:54,838 [omNode-1@group-523986131536-SegmentedRaftLogWorker] INFO  segmented.SegmentedRaftLogWorker (SegmentedRaftLogWorker.java:execute(586)) - omNode-1@group-523986131536-SegmentedRaftLogWorker: Rolled log segment from /home/runner/work/ozone/ozone/hadoop-ozone/integration-test/target/test-dir/MiniOzoneClusterImpl-cea6a548-c63a-4656-97b3-0431a0c2d519/omNode-1/ratis/c9bc4cf4-3bc3-3c60-a66b-523986131536/current/log_inprogress_0 to /home/runner/work/ozone/ozone/hadoop-ozone/integration-test/target/test-dir/MiniOzoneClusterImpl-cea6a548-c63a-4656-97b3-0431a0c2d519/omNode-1/ratis/c9bc4cf4-3bc3-3c60-a66b-523986131536/current/log_0-584
2022-10-04 13:27:54,838 [omNode-3@group-523986131536-StateMachineUpdater] INFO  ratis.OzoneManagerStateMachine (OzoneManagerStateMachine.java:notifyConfigurationChanged(192)) - Received Configuration change notification from Ratis. New Peer list:
[id: "omNode-3"
address: "localhost:39257"
, id: "omNode-1"
address: "localhost:41223"
, id: "omNode-2"
address: "localhost:37087"
]
2022-10-04 13:27:54,852 [omNode-1@group-523986131536-SegmentedRaftLogWorker] INFO  segmented.SegmentedRaftLogWorker (SegmentedRaftLogWorker.java:execute(629)) - omNode-1@group-523986131536-SegmentedRaftLogWorker: created new log segment /home/runner/work/ozone/ozone/hadoop-ozone/integration-test/target/test-dir/MiniOzoneClusterImpl-cea6a548-c63a-4656-97b3-0431a0c2d519/omNode-1/ratis/c9bc4cf4-3bc3-3c60-a66b-523986131536/current/log_inprogress_585
2022-10-04 13:27:54,901 [Listener at localhost/41523] INFO  server.session (DefaultSessionIdManager.java:doStart(334)) - DefaultSessionIdManager workerName=node0
2022-10-04 13:27:54,902 [Listener at localhost/41523] INFO  server.session (DefaultSessionIdManager.java:doStart(339)) - No SessionScavenger set, using defaults
2022-10-04 13:27:54,902 [Listener at localhost/41523] INFO  server.session (HouseKeeper.java:startScavenging(132)) - node0 Scavenging every 660000ms
2022-10-04 13:27:54,910 [Listener at localhost/41523] INFO  handler.ContextHandler (ContextHandler.java:doStart(915)) - Started o.e.j.s.ServletContextHandler@67bde84e{logs,/logs,file:///home/runner/work/ozone/ozone/hadoop-ozone/integration-test/target/log,AVAILABLE}
2022-10-04 13:27:54,910 [Listener at localhost/41523] INFO  handler.ContextHandler (ContextHandler.java:doStart(915)) - Started o.e.j.s.ServletContextHandler@3e5db430{static,/static,file:///home/runner/work/ozone/ozone/hadoop-ozone/integration-test/target/test-classes/webapps/static,AVAILABLE}
2022-10-04 13:27:54,932 [Listener at localhost/41523] INFO  handler.ContextHandler (ContextHandler.java:doStart(915)) - Started o.e.j.w.WebAppContext@63d2fb15{ozoneManager,/,file:///home/runner/work/ozone/ozone/hadoop-ozone/integration-test/target/test-classes/webapps/ozoneManager/,AVAILABLE}{file:/home/runner/work/ozone/ozone/hadoop-ozone/integration-test/target/test-classes/webapps/ozoneManager}
2022-10-04 13:27:54,938 [Listener at localhost/41523] INFO  server.AbstractConnector (AbstractConnector.java:doStart(331)) - Started ServerConnector@2db9a8e9{HTTP/1.1, (http/1.1)}{0.0.0.0:45279}
2022-10-04 13:27:54,938 [Listener at localhost/41523] INFO  server.Server (Server.java:doStart(415)) - Started @147679ms
2022-10-04 13:27:54,938 [Listener at localhost/41523] WARN  impl.MetricsSystemImpl (MetricsSystemImpl.java:register(279)) - Sink prometheus already exists!
2022-10-04 13:27:54,941 [omNode-1@group-523986131536-StateMachineUpdater] INFO  ratis.OzoneManagerStateMachine (OzoneManagerStateMachine.java:notifyConfigurationChanged(192)) - Received Configuration change notification from Ratis. New Peer list:
[id: "omNode-3"
address: "localhost:39257"
, id: "omNode-1"
address: "localhost:41223"
, id: "omNode-2"
address: "localhost:37087"
]
2022-10-04 13:27:54,942 [Listener at localhost/41523] INFO  http.BaseHttpServer (BaseHttpServer.java:updateConnectorAddress(333)) - HTTP server of ozoneManager listening at http://0.0.0.0:45279
2022-10-04 13:27:54,947 [IPC Server Responder] INFO  ipc.Server (Server.java:run(1507)) - IPC Server Responder: starting
2022-10-04 13:27:54,947 [IPC Server listener on 41523] INFO  ipc.Server (Server.java:run(1344)) - IPC Server listener on 41523: starting
2022-10-04 13:27:54,984 [Listener at localhost/41523] INFO  om.OzoneManager (OzoneManager.java:startTrashEmptier(1921)) - Trash Interval set to 0. Files deleted won't move to trash
2022-10-04 13:27:54,985 [Listener at localhost/41523] INFO  om.OzoneManager (OzoneManager.java:stop(2036)) - omNode-2[localhost:42745]: Stopping Ozone Manager
2022-10-04 13:27:54,985 [Listener at localhost/41523] INFO  ipc.Server (Server.java:stop(3414)) - Stopping server on 42745
2022-10-04 13:27:55,005 [org.apache.hadoop.util.JvmPauseMonitor$Monitor@27f567e4] INFO  util.JvmPauseMonitor (JvmPauseMonitor.java:run(188)) - Starting JVM pause monitor
2022-10-04 13:27:55,005 [IPC Server listener on 42745] INFO  ipc.Server (Server.java:run(1376)) - Stopping IPC Server listener on 42745
2022-10-04 13:27:55,006 [IPC Server Responder] INFO  ipc.Server (Server.java:run(1512)) - Stopping IPC Server Responder
2022-10-04 13:27:55,006 [Listener at localhost/41523] INFO  server.RaftServer (RaftServerProxy.java:lambda$close$7(398)) - omNode-2: close
2022-10-04 13:27:55,006 [Listener at localhost/41523] INFO  server.RaftServer$Division (RaftServerImpl.java:lambda$close$4(434)) - omNode-2@group-523986131536: shutdown
2022-10-04 13:27:55,007 [Listener at localhost/41523] INFO  util.JmxRegister (JmxRegister.java:unregister(73)) - Successfully un-registered JMX Bean with object name Ratis:service=RaftServer,group=group-523986131536,id=omNode-2
2022-10-04 13:27:55,007 [Listener at localhost/41523] INFO  impl.RoleInfo (RoleInfo.java:shutdownLeaderState(93)) - omNode-2: shutdown omNode-2@group-523986131536-LeaderStateImpl
2022-10-04 13:27:55,007 [omNode-2@group-523986131536->omNode-3-GrpcLogAppender-LogAppenderDaemon] WARN  server.GrpcLogAppender (GrpcLogAppender.java:mayWait(171)) - omNode-2@group-523986131536->omNode-3-GrpcLogAppender: Wait interrupted by java.lang.InterruptedException
2022-10-04 13:27:55,007 [Listener at localhost/41523] INFO  impl.PendingRequests (PendingRequests.java:sendNotLeaderResponses(282)) - omNode-2@group-523986131536-PendingRequests: sendNotLeaderResponses
2022-10-04 13:27:55,009 [grpc-default-executor-1] INFO  server.GrpcServerProtocolService (GrpcServerProtocolService.java:onCompleted(140)) - omNode-3: Completed APPEND_ENTRIES, lastRequest: omNode-2->omNode-3#2-t3,previous=(t:3, i:585),leaderCommit=585,initializing? true,entries: size=1, first=(t:3, i:586), METADATAENTRY(c:585)
2022-10-04 13:27:55,010 [omNode-2@group-523986131536->omNode-1-GrpcLogAppender-LogAppenderDaemon] WARN  server.GrpcLogAppender (GrpcLogAppender.java:mayWait(171)) - omNode-2@group-523986131536->omNode-1-GrpcLogAppender: Wait interrupted by java.lang.InterruptedException
2022-10-04 13:27:55,011 [grpc-default-executor-4] INFO  server.GrpcLogAppender (GrpcLogAppender.java:onCompleted(339)) - omNode-2@group-523986131536->omNode-3-AppendLogResponseHandler: follower responses appendEntries COMPLETED
2022-10-04 13:27:55,011 [grpc-default-executor-4] INFO  leader.FollowerInfo (FollowerInfoImpl.java:lambda$new$0(48)) - omNode-2@group-523986131536->omNode-3: nextIndex: updateUnconditionally 587 -> 586
2022-10-04 13:27:55,011 [grpc-default-executor-1] INFO  server.GrpcServerProtocolService (GrpcServerProtocolService.java:onCompleted(140)) - omNode-1: Completed APPEND_ENTRIES, lastRequest: omNode-2->omNode-1#3-t3,previous=(t:3, i:585),leaderCommit=585,initializing? true,entries: size=1, first=(t:3, i:586), METADATAENTRY(c:585)
2022-10-04 13:27:55,013 [grpc-default-executor-4] INFO  server.GrpcLogAppender (GrpcLogAppender.java:onCompleted(339)) - omNode-2@group-523986131536->omNode-1-AppendLogResponseHandler: follower responses appendEntries COMPLETED
2022-10-04 13:27:55,013 [grpc-default-executor-4] INFO  leader.FollowerInfo (FollowerInfoImpl.java:lambda$new$0(48)) - omNode-2@group-523986131536->omNode-1: nextIndex: updateUnconditionally 587 -> 586
2022-10-04 13:27:55,035 [Listener at localhost/41523] INFO  impl.StateMachineUpdater (StateMachineUpdater.java:stopAndJoin(153)) - omNode-2@group-523986131536-StateMachineUpdater: set stopIndex = 586
2022-10-04 13:27:55,040 [omNode-2@group-523986131536-StateMachineUpdater] INFO  ratis.OzoneManagerStateMachine (OzoneManagerStateMachine.java:takeSnapshot(441)) - Current Snapshot Index (t:3, i:586)
2022-10-04 13:27:55,040 [omNode-2@group-523986131536-StateMachineUpdater] INFO  impl.StateMachineUpdater (StateMachineUpdater.java:takeSnapshot(287)) - omNode-2@group-523986131536-StateMachineUpdater: Took a snapshot at index 586
2022-10-04 13:27:55,040 [omNode-2@group-523986131536-StateMachineUpdater] INFO  impl.StateMachineUpdater (StateMachineUpdater.java:lambda$new$0(92)) - omNode-2@group-523986131536-StateMachineUpdater: snapshotIndex: updateIncreasingly 565 -> 586
2022-10-04 13:27:55,040 [omNode-2@group-523986131536-StateMachineUpdater] INFO  ratis.OzoneManagerStateMachine (OzoneManagerStateMachine.java:close(495)) - StateMachine has shutdown. Shutdown OzoneManager if not already shutdown.
2022-10-04 13:27:55,040 [omNode-2@group-523986131536-StateMachineUpdater] INFO  ratis.OzoneManagerDoubleBuffer (OzoneManagerDoubleBuffer.java:stop(466)) - Stopping OMDoubleBuffer flush thread
2022-10-04 13:27:55,040 [OMDoubleBufferFlushThread] INFO  ratis.OzoneManagerDoubleBuffer (OzoneManagerDoubleBuffer.java:flushTransactions(385)) - OMDoubleBuffer flush thread OMDoubleBufferFlushThread is interrupted and will exit.
2022-10-04 13:27:55,053 [Listener at localhost/41523] INFO  server.RaftServer$Division (ServerState.java:close(429)) - omNode-2@group-523986131536: closes. applyIndex: 586
2022-10-04 13:27:55,054 [omNode-2@group-523986131536-SegmentedRaftLogWorker] INFO  segmented.SegmentedRaftLogWorker (SegmentedRaftLogWorker.java:run(336)) - omNode-2@group-523986131536-SegmentedRaftLogWorker was interrupted, exiting. There are 0 tasks remaining in the queue.
2022-10-04 13:27:55,055 [Listener at localhost/41523] INFO  segmented.SegmentedRaftLogWorker (SegmentedRaftLogWorker.java:close(246)) - omNode-2@group-523986131536-SegmentedRaftLogWorker close()
2022-10-04 13:27:55,056 [Listener at localhost/41523] INFO  server.GrpcService (GrpcService.java:closeImpl(269)) - omNode-2: shutdown server with port 37087 now
2022-10-04 13:27:55,063 [Listener at localhost/41523] INFO  server.GrpcService (GrpcService.java:closeImpl(278)) - omNode-2: shutdown server with port 37087 successfully
2022-10-04 13:27:55,064 [org.apache.ratis.util.JvmPauseMonitor$$Lambda$699/75026084@487cdf22] INFO  util.JvmPauseMonitor (JvmPauseMonitor.java:run(109)) - JvmPauseMonitor-omNode-2: Stopped
2022-10-04 13:27:55,064 [Listener at localhost/41523] INFO  ratis.OzoneManagerStateMachine (OzoneManagerStateMachine.java:close(495)) - StateMachine has shutdown. Shutdown OzoneManager if not already shutdown.
2022-10-04 13:27:55,064 [Listener at localhost/41523] INFO  ratis.OzoneManagerDoubleBuffer (OzoneManagerDoubleBuffer.java:stop(478)) - OMDoubleBuffer flush thread is not running.
2022-10-04 13:27:55,064 [Listener at localhost/41523] INFO  utils.BackgroundService (BackgroundService.java:shutdown(141)) - Shutting down service KeyDeletingService
2022-10-04 13:27:55,065 [Listener at localhost/41523] INFO  utils.BackgroundService (BackgroundService.java:shutdown(141)) - Shutting down service DirectoryDeletingService
2022-10-04 13:27:55,067 [Listener at localhost/41523] INFO  utils.BackgroundService (BackgroundService.java:shutdown(141)) - Shutting down service OpenKeyCleanupService
2022-10-04 13:27:55,068 [Listener at localhost/41523] INFO  handler.ContextHandler (ContextHandler.java:doStop(1153)) - Stopped o.e.j.w.WebAppContext@1a162a52{ozoneManager,/,null,STOPPED}{file:/home/runner/work/ozone/ozone/hadoop-ozone/integration-test/target/test-classes/webapps/ozoneManager}
2022-10-04 13:27:55,069 [Listener at localhost/41523] INFO  server.AbstractConnector (AbstractConnector.java:doStop(381)) - Stopped ServerConnector@7127062a{HTTP/1.1, (http/1.1)}{0.0.0.0:38895}
2022-10-04 13:27:55,069 [Listener at localhost/41523] INFO  server.session (HouseKeeper.java:stopScavenging(149)) - node0 Stopped scavenging
2022-10-04 13:27:55,070 [Listener at localhost/41523] INFO  handler.ContextHandler (ContextHandler.java:doStop(1153)) - Stopped o.e.j.s.ServletContextHandler@37841334{static,/static,file:///home/runner/work/ozone/ozone/hadoop-ozone/integration-test/target/test-classes/webapps/static,STOPPED}
2022-10-04 13:27:55,070 [Listener at localhost/41523] INFO  handler.ContextHandler (ContextHandler.java:doStop(1153)) - Stopped o.e.j.s.ServletContextHandler@23e7eb1d{logs,/logs,file:///home/runner/work/ozone/ozone/hadoop-ozone/integration-test/target/log,STOPPED}
2022-10-04 13:27:55,109 [Listener at localhost/41523] INFO  om.OzoneManager (OzoneManager.java:restart(1573)) - OzoneManager RPC server is listening at localhost/127.0.0.1:42745
2022-10-04 13:27:55,109 [Listener at localhost/41523] INFO  impl.MetricsSystemImpl (MetricsSystemImpl.java:init(158)) - OzoneManager metrics system started (again)
2022-10-04 13:27:55,142 [Listener at localhost/41523] WARN  server.ServerUtils (ServerUtils.java:getDBPath(225)) - ozone.om.db.dirs is not configured. We recommend adding this setting. Falling back to ozone.metadata.dirs instead.
2022-10-04 13:27:55,143 [Listener at localhost/41523] INFO  codec.OmKeyInfoCodec (OmKeyInfoCodec.java:<init>(49)) - OmKeyInfoCodec ignorePipeline = true
2022-10-04 13:27:55,145 [Listener at localhost/41523] INFO  codec.RepeatedOmKeyInfoCodec (RepeatedOmKeyInfoCodec.java:<init>(41)) - RepeatedOmKeyInfoCodec ignorePipeline = true
2022-10-04 13:27:55,246 [Listener at localhost/41523] INFO  om.OzoneManager (OzoneManager.java:instantiateServices(710)) - S3 Multi-Tenancy is disabled
2022-10-04 13:27:55,264 [Listener at localhost/41523] WARN  impl.MetricRegistriesImpl (MetricRegistriesImpl.java:addReporterRegistration(111)) - New reporters are added after registries were created. Some metrics will be missing from the reporter. Please add reporter before adding any new registry.
2022-10-04 13:27:55,264 [Listener at localhost/41523] WARN  impl.MetricRegistriesImpl (MetricRegistriesImpl.java:addReporterRegistration(111)) - New reporters are added after registries were created. Some metrics will be missing from the reporter. Please add reporter before adding any new registry.
2022-10-04 13:27:55,264 [Listener at localhost/41523] WARN  server.ServerUtils (ServerUtils.java:getDefaultRatisDirectory(237)) - Storage directory for Ratis is not configured. It is a good idea to map this to an SSD disk. Falling back to ozone.metadata.dirs
2022-10-04 13:27:55,265 [Listener at localhost/41523] INFO  ratis.OzoneManagerRatisServer (OzoneManagerRatisServer.java:<init>(160)) - Instantiating OM Ratis server with groupID: om-service-test1 and peers: localhost:37087, localhost:39257, localhost:41223
2022-10-04 13:27:55,265 [Listener at localhost/41523] INFO  ratis.OzoneManagerStateMachine (OzoneManagerStateMachine.java:loadSnapshotInfoFromDB(632)) - LastAppliedIndex is set from TransactionInfo from OM DB as (t:3, i:586)
2022-10-04 13:27:55,266 [Listener at localhost/41523] INFO  server.RaftServer (ConfUtils.java:logGet(46)) - raft.rpc.type = GRPC (default)
2022-10-04 13:27:55,266 [Listener at localhost/41523] INFO  grpc.GrpcFactory (GrpcFactory.java:checkPooledByteBufAllocatorUseCacheForAllThreads(48)) - PERFORMANCE WARNING: useCacheForAllThreads is true that may cause Netty to create a lot garbage objects and, as a result, trigger GC.
	It is recommended to disable useCacheForAllThreads by setting -Dorg.apache.ratis.thirdparty.io.netty.allocator.useCacheForAllThreads=false in command line.
2022-10-04 13:27:55,266 [Listener at localhost/41523] INFO  grpc.GrpcConfigKeys (ConfUtils.java:logGet(46)) - raft.grpc.admin.port = -1 (default)
2022-10-04 13:27:55,266 [Listener at localhost/41523] INFO  grpc.GrpcConfigKeys (ConfUtils.java:logGet(46)) - raft.grpc.server.port = 37087 (custom)
2022-10-04 13:27:55,266 [Listener at localhost/41523] INFO  grpc.GrpcConfigKeys (ConfUtils.java:logGet(46)) - raft.grpc.client.port = -1 (default)
2022-10-04 13:27:55,266 [Listener at localhost/41523] INFO  grpc.GrpcConfigKeys (ConfUtils.java:logGet(46)) - raft.grpc.server.port = 37087 (custom)
2022-10-04 13:27:55,267 [Listener at localhost/41523] INFO  grpc.GrpcConfigKeys (ConfUtils.java:logGet(46)) - raft.grpc.server.port = 37087 (custom)
2022-10-04 13:27:55,267 [Listener at localhost/41523] INFO  server.GrpcService (ConfUtils.java:logGet(46)) - raft.grpc.message.size.max = 33554432 (custom)
2022-10-04 13:27:55,267 [Listener at localhost/41523] INFO  server.RaftServerConfigKeys (ConfUtils.java:logGet(46)) - raft.server.log.appender.buffer.byte-limit = 33554432 (custom)
2022-10-04 13:27:55,267 [Listener at localhost/41523] INFO  server.GrpcService (ConfUtils.java:logGet(46)) - raft.grpc.flow.control.window = 1MB (=1048576) (default)
2022-10-04 13:27:55,267 [Listener at localhost/41523] INFO  server.RaftServerConfigKeys (ConfUtils.java:logGet(46)) - raft.server.rpc.request.timeout = 3000ms (default)
2022-10-04 13:27:55,267 [Listener at localhost/41523] INFO  grpc.GrpcConfigKeys (ConfUtils.java:logGet(46)) - raft.grpc.server.async.request.thread.pool.cached = true (default)
2022-10-04 13:27:55,267 [Listener at localhost/41523] INFO  grpc.GrpcConfigKeys (ConfUtils.java:logGet(46)) - raft.grpc.server.async.request.thread.pool.size = 32 (default)
2022-10-04 13:27:55,269 [Listener at localhost/41523] INFO  impl.DataStreamServerImpl (ConfUtils.java:logGet(46)) - raft.datastream.type = DISABLED (default)
2022-10-04 13:27:55,269 [Listener at localhost/41523] INFO  server.RaftServerConfigKeys (ConfUtils.java:logGet(46)) - raft.server.threadpool.proxy.cached = true (default)
2022-10-04 13:27:55,269 [Listener at localhost/41523] INFO  server.RaftServerConfigKeys (ConfUtils.java:logGet(46)) - raft.server.threadpool.proxy.size = 0 (default)
2022-10-04 13:27:55,270 [Listener at localhost/41523] INFO  server.RaftServerConfigKeys (ConfUtils.java:logGet(46)) - raft.server.rpc.slowness.timeout = 2s (custom)
2022-10-04 13:27:55,270 [Listener at localhost/41523] INFO  server.RaftServerConfigKeys (ConfUtils.java:logGet(46)) - raft.server.leaderelection.leader.step-down.wait-time = 10s (default)
2022-10-04 13:27:55,270 [Listener at localhost/41523] INFO  server.RaftServerConfigKeys (ConfUtils.java:logGet(46)) - raft.server.storage.dir = [/home/runner/work/ozone/ozone/hadoop-ozone/integration-test/target/test-dir/MiniOzoneClusterImpl-cea6a548-c63a-4656-97b3-0431a0c2d519/omNode-2/ratis] (custom)
2022-10-04 13:27:55,274 [omNode-2-impl-thread1] INFO  server.RaftServer (RaftServerProxy.java:initGroupDir(247)) - omNode-2: found a subdirectory /home/runner/work/ozone/ozone/hadoop-ozone/integration-test/target/test-dir/MiniOzoneClusterImpl-cea6a548-c63a-4656-97b3-0431a0c2d519/omNode-2/ratis/c9bc4cf4-3bc3-3c60-a66b-523986131536
2022-10-04 13:27:55,281 [Listener at localhost/41523] INFO  server.RaftServer (RaftServerProxy.java:addNew(96)) - omNode-2: addNew group-523986131536:[omNode-3|rpc:localhost:39257|priority:0, omNode-1|rpc:localhost:41223|priority:0, omNode-2|rpc:localhost:37087|priority:0] returns group-523986131536:java.util.concurrent.CompletableFuture@605058c5[Not completed]
2022-10-04 13:27:55,281 [Listener at localhost/41523] INFO  om.OzoneManager (OzoneManager.java:initializeRatisServer(1977)) - OzoneManager Ratis server initialized at port 37087
2022-10-04 13:27:55,281 [Listener at localhost/41523] INFO  ratis.OzoneManagerRatisServer (OzoneManagerRatisServer.java:start(555)) - Starting OzoneManagerRatisServer omNode-2 at port 37087
2022-10-04 13:27:55,282 [pool-898-thread-1] INFO  server.RaftServer$Division (RaftServerImpl.java:<init>(190)) - omNode-2: new RaftServerImpl for group-523986131536:[omNode-3|rpc:localhost:39257|priority:0, omNode-1|rpc:localhost:41223|priority:0, omNode-2|rpc:localhost:37087|priority:0] with OzoneManagerStateMachine:uninitialized
2022-10-04 13:27:55,282 [pool-898-thread-1] INFO  server.RaftServerConfigKeys (ConfUtils.java:logGet(46)) - raft.server.rpc.timeout.min = 1s (custom)
2022-10-04 13:27:55,282 [pool-898-thread-1] INFO  server.RaftServerConfigKeys (ConfUtils.java:logGet(46)) - raft.server.rpc.timeout.max = 1200ms (custom)
2022-10-04 13:27:55,282 [pool-898-thread-1] INFO  server.RaftServerConfigKeys (ConfUtils.java:logGet(46)) - raft.server.rpc.sleep.time = 25ms (default)
2022-10-04 13:27:55,282 [pool-898-thread-1] INFO  server.RaftServerConfigKeys (ConfUtils.java:logGet(46)) - raft.server.rpc.slowness.timeout = 2s (custom)
2022-10-04 13:27:55,282 [pool-898-thread-1] INFO  server.RaftServerConfigKeys (ConfUtils.java:logGet(46)) - raft.server.leaderelection.leader.step-down.wait-time = 10s (default)
2022-10-04 13:27:55,282 [pool-898-thread-1] INFO  server.RaftServerConfigKeys (ConfUtils.java:logGet(46)) - raft.server.sleep.deviation.threshold = 300ms (default)
2022-10-04 13:27:55,282 [pool-898-thread-1] INFO  server.RaftServer$Division (ServerState.java:<init>(107)) - omNode-2@group-523986131536: ConfigurationManager, init=-1: [omNode-3|rpc:localhost:39257|priority:0, omNode-1|rpc:localhost:41223|priority:0, omNode-2|rpc:localhost:37087|priority:0], old=null, confs=<EMPTY_MAP>
2022-10-04 13:27:55,282 [pool-898-thread-1] INFO  server.RaftServerConfigKeys (ConfUtils.java:logGet(46)) - raft.server.storage.dir = [/home/runner/work/ozone/ozone/hadoop-ozone/integration-test/target/test-dir/MiniOzoneClusterImpl-cea6a548-c63a-4656-97b3-0431a0c2d519/omNode-2/ratis] (custom)
2022-10-04 13:27:55,282 [pool-898-thread-1] INFO  server.RaftServerConfigKeys (ConfUtils.java:logGet(46)) - raft.server.log.corruption.policy = EXCEPTION (default)
2022-10-04 13:27:55,282 [pool-898-thread-1] INFO  server.RaftServerConfigKeys (ConfUtils.java:logGet(46)) - raft.server.storage.free-space.min = 0MB (=0) (default)
2022-10-04 13:27:55,285 [pool-898-thread-1] INFO  storage.RaftStorageDirectory (RaftStorageDirectoryImpl.java:tryLock(230)) - Lock on /home/runner/work/ozone/ozone/hadoop-ozone/integration-test/target/test-dir/MiniOzoneClusterImpl-cea6a548-c63a-4656-97b3-0431a0c2d519/omNode-2/ratis/c9bc4cf4-3bc3-3c60-a66b-523986131536/in_use.lock acquired by nodename 42070@fv-az573-645
2022-10-04 13:27:55,285 [pool-898-thread-1] INFO  storage.RaftStorage (RaftStorageImpl.java:analyzeAndRecoverStorage(110)) - Read RaftStorageMetadata{term=3, votedFor=omNode-2} from /home/runner/work/ozone/ozone/hadoop-ozone/integration-test/target/test-dir/MiniOzoneClusterImpl-cea6a548-c63a-4656-97b3-0431a0c2d519/omNode-2/ratis/c9bc4cf4-3bc3-3c60-a66b-523986131536/current/raft-meta
2022-10-04 13:27:55,285 [pool-898-thread-1] INFO  server.RaftServer$Division (ServerState.java:setRaftConf(393)) - omNode-2@group-523986131536: set configuration 585: [omNode-3|rpc:localhost:39257|admin:|client:|dataStream:|priority:0, omNode-1|rpc:localhost:41223|admin:|client:|dataStream:|priority:0, omNode-2|rpc:localhost:37087|admin:|client:|dataStream:|priority:0], old=null
2022-10-04 13:27:55,285 [pool-898-thread-1] INFO  server.RaftServerConfigKeys (ConfUtils.java:logGet(46)) - raft.server.notification.no-leader.timeout = 2s (custom)
2022-10-04 13:27:55,286 [pool-898-thread-1] INFO  server.RaftServerConfigKeys (ConfUtils.java:logGet(46)) - raft.server.log.use.memory = false (default)
2022-10-04 13:27:55,286 [pool-898-thread-1] INFO  server.RaftServerConfigKeys (ConfUtils.java:logGet(46)) - raft.server.log.purge.gap = 50 (custom)
2022-10-04 13:27:55,286 [pool-898-thread-1] INFO  server.RaftServerConfigKeys (ConfUtils.java:logGet(46)) - raft.server.log.appender.buffer.byte-limit = 33554432 (custom)
2022-10-04 13:27:55,286 [pool-898-thread-1] INFO  server.RaftServerConfigKeys (ConfUtils.java:logGet(46)) - raft.server.log.statemachine.data.read.timeout = 1000ms (default)
2022-10-04 13:27:55,286 [pool-898-thread-1] INFO  server.RaftServerConfigKeys (ConfUtils.java:logGet(46)) - raft.server.log.segment.size.max = 4194304 (custom)
2022-10-04 13:27:55,286 [pool-898-thread-1] INFO  server.RaftServerConfigKeys (ConfUtils.java:logGet(46)) - raft.server.log.segment.cache.num.max = 2 (custom)
2022-10-04 13:27:55,286 [pool-898-thread-1] INFO  server.RaftServerConfigKeys (ConfUtils.java:logGet(46)) - raft.server.log.segment.cache.size.max = 200MB (=209715200) (default)
2022-10-04 13:27:55,286 [pool-898-thread-1] INFO  segmented.SegmentedRaftLogWorker (SegmentedRaftLogWorker.java:<init>(187)) - new omNode-2@group-523986131536-SegmentedRaftLogWorker for RaftStorageImpl:Storage Directory /home/runner/work/ozone/ozone/hadoop-ozone/integration-test/target/test-dir/MiniOzoneClusterImpl-cea6a548-c63a-4656-97b3-0431a0c2d519/omNode-2/ratis/c9bc4cf4-3bc3-3c60-a66b-523986131536
2022-10-04 13:27:55,286 [pool-898-thread-1] INFO  server.RaftServerConfigKeys (ConfUtils.java:logGet(46)) - raft.server.log.queue.byte-limit = 64MB (=67108864) (default)
2022-10-04 13:27:55,287 [pool-898-thread-1] INFO  server.RaftServerConfigKeys (ConfUtils.java:logGet(46)) - raft.server.log.queue.element-limit = 4096 (default)
2022-10-04 13:27:55,287 [pool-898-thread-1] INFO  server.RaftServerConfigKeys (ConfUtils.java:logGet(46)) - raft.server.log.segment.size.max = 4194304 (custom)
2022-10-04 13:27:55,287 [pool-898-thread-1] INFO  server.RaftServerConfigKeys (ConfUtils.java:logGet(46)) - raft.server.log.preallocated.size = 4194304 (custom)
2022-10-04 13:27:55,287 [pool-898-thread-1] INFO  server.RaftServerConfigKeys (ConfUtils.java:logGet(46)) - raft.server.log.force.sync.num = 128 (default)
2022-10-04 13:27:55,287 [pool-898-thread-1] INFO  server.RaftServerConfigKeys (ConfUtils.java:logGet(46)) - raft.server.log.statemachine.data.sync = true (default)
2022-10-04 13:27:55,287 [pool-898-thread-1] INFO  server.RaftServerConfigKeys (ConfUtils.java:logGet(46)) - raft.server.log.statemachine.data.sync.timeout = 10s (default)
2022-10-04 13:27:55,287 [pool-898-thread-1] INFO  server.RaftServerConfigKeys (ConfUtils.java:logGet(46)) - raft.server.log.statemachine.data.sync.timeout.retry = -1 (default)
2022-10-04 13:27:55,294 [pool-898-thread-1] INFO  server.RaftServerConfigKeys (ConfUtils.java:logGet(46)) - raft.server.log.write.buffer.size = 64KB (=65536) (default)
2022-10-04 13:27:55,294 [pool-898-thread-1] INFO  server.RaftServerConfigKeys (ConfUtils.java:logGet(46)) - raft.server.log.unsafe-flush.enabled = false (default)
2022-10-04 13:27:55,294 [pool-898-thread-1] INFO  server.RaftServerConfigKeys (ConfUtils.java:logGet(46)) - raft.server.log.statemachine.data.caching.enabled = false (default)
2022-10-04 13:27:55,301 [pool-898-thread-1] INFO  server.RaftServer$Division (ServerState.java:setRaftConf(393)) - omNode-2@group-523986131536: set configuration 0: [omNode-3|rpc:localhost:39257|admin:|client:|dataStream:|priority:0, omNode-1|rpc:localhost:41223|admin:|client:|dataStream:|priority:0, omNode-2|rpc:localhost:37087|admin:|client:|dataStream:|priority:0], old=null
2022-10-04 13:27:55,307 [pool-898-thread-1] INFO  segmented.LogSegment (LogSegment.java:loadSegment(173)) - Successfully read 585 entries from segment file /home/runner/work/ozone/ozone/hadoop-ozone/integration-test/target/test-dir/MiniOzoneClusterImpl-cea6a548-c63a-4656-97b3-0431a0c2d519/omNode-2/ratis/c9bc4cf4-3bc3-3c60-a66b-523986131536/current/log_0-584
2022-10-04 13:27:55,307 [pool-898-thread-1] INFO  server.RaftServer$Division (ServerState.java:setRaftConf(393)) - omNode-2@group-523986131536: set configuration 585: [omNode-3|rpc:localhost:39257|admin:|client:|dataStream:|priority:0, omNode-1|rpc:localhost:41223|admin:|client:|dataStream:|priority:0, omNode-2|rpc:localhost:37087|admin:|client:|dataStream:|priority:0], old=null
2022-10-04 13:27:55,307 [pool-898-thread-1] INFO  segmented.LogSegment (LogSegment.java:loadSegment(173)) - Successfully read 2 entries from segment file /home/runner/work/ozone/ozone/hadoop-ozone/integration-test/target/test-dir/MiniOzoneClusterImpl-cea6a548-c63a-4656-97b3-0431a0c2d519/omNode-2/ratis/c9bc4cf4-3bc3-3c60-a66b-523986131536/current/log_inprogress_585
2022-10-04 13:27:55,308 [pool-898-thread-1] INFO  segmented.SegmentedRaftLogWorker (SegmentedRaftLogWorker.java:lambda$new$0(135)) - omNode-2@group-523986131536-SegmentedRaftLogWorker: flushIndex: setUnconditionally 0 -> 586
2022-10-04 13:27:55,308 [pool-898-thread-1] INFO  segmented.SegmentedRaftLogWorker (SegmentedRaftLogWorker.java:lambda$new$0(135)) - omNode-2@group-523986131536-SegmentedRaftLogWorker: safeCacheEvictIndex: setUnconditionally 0 -> 584
2022-10-04 13:27:55,314 [pool-898-thread-1] INFO  raftlog.RaftLog (RaftLogBase.java:lambda$new$0(53)) - omNode-2@group-523986131536-SegmentedRaftLog: commitIndex: updateToMax old=586, new=585, updated? false
2022-10-04 13:27:55,314 [pool-898-thread-1] INFO  server.RaftServerConfigKeys (ConfUtils.java:logGet(46)) - raft.server.snapshot.auto.trigger.enabled = true (custom)
2022-10-04 13:27:55,314 [pool-898-thread-1] INFO  server.RaftServerConfigKeys (ConfUtils.java:logGet(46)) - raft.server.snapshot.auto.trigger.threshold = 50 (custom)
2022-10-04 13:27:55,314 [pool-898-thread-1] INFO  server.RaftServerConfigKeys (ConfUtils.java:logGet(46)) - raft.server.snapshot.retention.file.num = -1 (default)
2022-10-04 13:27:55,314 [pool-898-thread-1] INFO  server.RaftServerConfigKeys (ConfUtils.java:logGet(46)) - raft.server.log.purge.upto.snapshot.index = true (custom)
2022-10-04 13:27:55,314 [pool-898-thread-1] INFO  server.RaftServerConfigKeys (ConfUtils.java:logGet(46)) - raft.server.retrycache.expirytime = 30000ms (custom)
2022-10-04 13:27:55,314 [pool-898-thread-1] INFO  server.RaftServerConfigKeys (ConfUtils.java:logGet(46)) - raft.server.retrycache.statistics.expirytime = 100μs (default)
2022-10-04 13:27:55,316 [pool-898-thread-1] INFO  server.RaftServerConfigKeys (ConfUtils.java:logGet(46)) - raft.server.log.appender.install.snapshot.enabled = false (custom)
2022-10-04 13:27:55,316 [pool-898-thread-1] INFO  server.RaftServerConfigKeys (ConfUtils.java:logGet(46)) - raft.server.threadpool.server.cached = true (default)
2022-10-04 13:27:55,316 [pool-898-thread-1] INFO  server.RaftServerConfigKeys (ConfUtils.java:logGet(46)) - raft.server.threadpool.server.size = 0 (default)
2022-10-04 13:27:55,316 [pool-898-thread-1] INFO  server.RaftServerConfigKeys (ConfUtils.java:logGet(46)) - raft.server.threadpool.client.cached = true (default)
2022-10-04 13:27:55,316 [pool-898-thread-1] INFO  server.RaftServerConfigKeys (ConfUtils.java:logGet(46)) - raft.server.threadpool.client.size = 0 (default)
2022-10-04 13:27:55,317 [omNode-2-impl-thread1] INFO  server.RaftServer$Division (RaftServerImpl.java:start(310)) - omNode-2@group-523986131536: start as a follower, conf=585: [omNode-3|rpc:localhost:39257|admin:|client:|dataStream:|priority:0, omNode-1|rpc:localhost:41223|admin:|client:|dataStream:|priority:0, omNode-2|rpc:localhost:37087|admin:|client:|dataStream:|priority:0], old=null
2022-10-04 13:27:55,317 [omNode-2-impl-thread1] INFO  server.RaftServer$Division (RaftServerImpl.java:setRole(299)) - omNode-2@group-523986131536: changes role from      null to FOLLOWER at term 3 for startAsFollower
2022-10-04 13:27:55,317 [omNode-2-impl-thread1] INFO  impl.RoleInfo (RoleInfo.java:updateAndGet(139)) - omNode-2: start omNode-2@group-523986131536-FollowerState
2022-10-04 13:27:55,326 [omNode-2-impl-thread1] INFO  util.JmxRegister (JmxRegister.java:tryRegister(44)) - Successfully registered JMX Bean with object name Ratis:service=RaftServer,group=group-523986131536,id=omNode-2
2022-10-04 13:27:55,334 [Listener at localhost/41523] INFO  server.RaftServer (RaftServerProxy.java:lambda$start$6(382)) - omNode-2: start RPC server
2022-10-04 13:27:55,344 [Listener at localhost/41523] INFO  server.GrpcService (GrpcService.java:startImpl(260)) - omNode-2: GrpcService started, listening on 37087
2022-10-04 13:27:55,350 [Listener at localhost/41523] INFO  om.OzoneManager (OzoneManager.java:getRpcServer(1100)) - Creating RPC Server
2022-10-04 13:27:55,351 [org.apache.ratis.util.JvmPauseMonitor$$Lambda$699/75026084@5900307b] INFO  util.JvmPauseMonitor (JvmPauseMonitor.java:run(103)) - JvmPauseMonitor-omNode-2: Started
2022-10-04 13:27:55,640 [EndpointStateMachine task thread for /0.0.0.0:41361 - 0 ] INFO  ipc.Client (Client.java:handleConnectionFailure(977)) - Retrying connect to server: 0.0.0.0/0.0.0.0:41361. Already tried 4 time(s); retry policy is RetryUpToMaximumCountWithFixedSleep(maxRetries=15, sleepTime=1000 MILLISECONDS)
2022-10-04 13:27:56,190 [Listener at localhost/41523] INFO  reflections.Reflections (Reflections.java:scan(232)) - Reflections took 839 ms to scan 19 urls, producing 67 keys and 4220 values [using 2 cores]
2022-10-04 13:27:56,192 [Listener at localhost/41523] INFO  ipc.CallQueueManager (CallQueueManager.java:<init>(90)) - Using callQueue: class java.util.concurrent.LinkedBlockingQueue, queueCapacity: 2000, scheduler: class org.apache.hadoop.ipc.DefaultRpcScheduler, ipcBackoff: false.
2022-10-04 13:27:56,197 [Socket Reader #1 for port 42745] INFO  ipc.Server (Server.java:run(1265)) - Starting Socket Reader #1 for port 42745
2022-10-04 13:27:56,202 [Listener at localhost/42745] INFO  http.BaseHttpServer (BaseHttpServer.java:newHttpServer2BuilderForOzone(213)) - Starting Web-server for ozoneManager at: http://0.0.0.0:38895
2022-10-04 13:27:56,202 [Listener at localhost/42745] INFO  http.BaseHttpServer (BaseHttpServer.java:<init>(108)) - Hadoop Security Enabled: false Ozone Security Enabled: false Ozone HTTP Security Enabled: false 
2022-10-04 13:27:56,212 [Listener at localhost/42745] INFO  server.AuthenticationFilter (AuthenticationFilter.java:constructSecretProvider(240)) - Unable to initialize FileSignerSecretProvider, falling back to use random secrets.
2022-10-04 13:27:56,218 [Listener at localhost/42745] WARN  http.HttpRequestLog (HttpRequestLog.java:getRequestLog(103)) - Jetty request log can only be enabled using Log4j
2022-10-04 13:27:56,220 [Listener at localhost/42745] INFO  http.HttpServer2 (HttpServer2.java:addGlobalFilter(1029)) - Added global filter 'safety' (class=org.apache.hadoop.hdds.server.http.HttpServer2$QuotingInputFilter)
2022-10-04 13:27:56,221 [Listener at localhost/42745] INFO  http.HttpServer2 (HttpServer2.java:addFilter(1005)) - Added filter static_user_filter (class=org.apache.hadoop.http.lib.StaticUserWebFilter$StaticUserFilter) to context ozoneManager
2022-10-04 13:27:56,221 [Listener at localhost/42745] INFO  http.HttpServer2 (HttpServer2.java:addFilter(1013)) - Added filter static_user_filter (class=org.apache.hadoop.http.lib.StaticUserWebFilter$StaticUserFilter) to context logs
2022-10-04 13:27:56,221 [Listener at localhost/42745] INFO  http.HttpServer2 (HttpServer2.java:addFilter(1013)) - Added filter static_user_filter (class=org.apache.hadoop.http.lib.StaticUserWebFilter$StaticUserFilter) to context static
2022-10-04 13:27:56,222 [Listener at localhost/42745] INFO  http.HttpServer2 (HttpServer2.java:bindListener(1248)) - Jetty bound to port 38895
2022-10-04 13:27:56,222 [Listener at localhost/42745] INFO  server.Server (Server.java:doStart(375)) - jetty-9.4.43.v20210629; built: 2021-06-30T11:07:22.254Z; git: 526006ecfa3af7f1a27ef3a288e2bef7ea9dd7e8; jvm 1.8.0_345-b01
2022-10-04 13:27:56,250 [Listener at localhost/42745] INFO  server.session (DefaultSessionIdManager.java:doStart(334)) - DefaultSessionIdManager workerName=node0
2022-10-04 13:27:56,250 [Listener at localhost/42745] INFO  server.session (DefaultSessionIdManager.java:doStart(339)) - No SessionScavenger set, using defaults
2022-10-04 13:27:56,250 [Listener at localhost/42745] INFO  server.session (HouseKeeper.java:startScavenging(132)) - node0 Scavenging every 660000ms
2022-10-04 13:27:56,254 [Listener at localhost/42745] INFO  handler.ContextHandler (ContextHandler.java:doStart(915)) - Started o.e.j.s.ServletContextHandler@66195578{logs,/logs,file:///home/runner/work/ozone/ozone/hadoop-ozone/integration-test/target/log,AVAILABLE}
2022-10-04 13:27:56,255 [Listener at localhost/42745] INFO  handler.ContextHandler (ContextHandler.java:doStart(915)) - Started o.e.j.s.ServletContextHandler@728e3dc9{static,/static,file:///home/runner/work/ozone/ozone/hadoop-ozone/integration-test/target/test-classes/webapps/static,AVAILABLE}
2022-10-04 13:27:56,262 [Listener at localhost/42745] INFO  handler.ContextHandler (ContextHandler.java:doStart(915)) - Started o.e.j.w.WebAppContext@3d5168ac{ozoneManager,/,file:///home/runner/work/ozone/ozone/hadoop-ozone/integration-test/target/test-classes/webapps/ozoneManager/,AVAILABLE}{file:/home/runner/work/ozone/ozone/hadoop-ozone/integration-test/target/test-classes/webapps/ozoneManager}
2022-10-04 13:27:56,278 [Listener at localhost/42745] INFO  server.AbstractConnector (AbstractConnector.java:doStart(331)) - Started ServerConnector@70332479{HTTP/1.1, (http/1.1)}{0.0.0.0:38895}
2022-10-04 13:27:56,278 [Listener at localhost/42745] INFO  server.Server (Server.java:doStart(415)) - Started @149019ms
2022-10-04 13:27:56,279 [Listener at localhost/42745] WARN  impl.MetricsSystemImpl (MetricsSystemImpl.java:register(279)) - Sink prometheus already exists!
2022-10-04 13:27:56,281 [Listener at localhost/42745] INFO  http.BaseHttpServer (BaseHttpServer.java:updateConnectorAddress(333)) - HTTP server of ozoneManager listening at http://0.0.0.0:38895
2022-10-04 13:27:56,281 [IPC Server Responder] INFO  ipc.Server (Server.java:run(1507)) - IPC Server Responder: starting
2022-10-04 13:27:56,282 [IPC Server listener on 42745] INFO  ipc.Server (Server.java:run(1344)) - IPC Server listener on 42745: starting
2022-10-04 13:27:56,286 [Listener at localhost/42745] INFO  om.OzoneManager (OzoneManager.java:startTrashEmptier(1921)) - Trash Interval set to 0. Files deleted won't move to trash
]]></system-out>
  </testcase>
</testsuite>