<?xml version="1.0" encoding="UTF-8"?>
<testsuite xmlns:xsi="http://www.w3.org/2001/XMLSchema-instance" xsi:noNamespaceSchemaLocation="https://maven.apache.org/surefire/maven-surefire-plugin/xsd/surefire-test-report.xsd" name="org.apache.hadoop.ozone.client.rpc.TestContainerStateMachineFailures" time="56.72" tests="5" errors="0" skipped="0" failures="1">
  <properties>
    <property name="awt.toolkit" value="sun.awt.X11.XToolkit"/>
    <property name="file.encoding.pkg" value="sun.io"/>
    <property name="java.specification.version" value="1.8"/>
    <property name="sun.cpu.isalist" value=""/>
    <property name="sun.jnu.encoding" value="UTF-8"/>
    <property name="java.class.path" value="/home/runner/work/ozone/ozone/mnt/ozone/hadoop-ozone/integration-test/target/test-classes:/home/runner/work/ozone/ozone/mnt/ozone/hadoop-ozone/integration-test/target/classes:/home/runner/.m2/repository/org/apache/ozone/ozone-common/1.2.0-SNAPSHOT/ozone-common-1.2.0-SNAPSHOT.jar:/home/runner/.m2/repository/org/apache/commons/commons-compress/1.20/commons-compress-1.20.jar:/home/runner/.m2/repository/org/apache/ozone/hdds-common/1.2.0-SNAPSHOT/hdds-common-1.2.0-SNAPSHOT.jar:/home/runner/.m2/repository/org/apache/ozone/hdds-client/1.2.0-SNAPSHOT/hdds-client-1.2.0-SNAPSHOT.jar:/home/runner/.m2/repository/org/apache/ozone/ozone-interface-client/1.2.0-SNAPSHOT/ozone-interface-client-1.2.0-SNAPSHOT.jar:/home/runner/.m2/repository/org/apache/ozone/hdds-test-utils/1.2.0-SNAPSHOT/hdds-test-utils-1.2.0-SNAPSHOT.jar:/home/runner/.m2/repository/com/google/guava/guava/30.1.1-jre/guava-30.1.1-jre.jar:/home/runner/.m2/repository/com/google/guava/failureaccess/1.0.1/failureaccess-1.0.1.jar:/home/runner/.m2/repository/com/google/guava/listenablefuture/9999.0-empty-to-avoid-conflict-with-guava/listenablefuture-9999.0-empty-to-avoid-conflict-with-guava.jar:/home/runner/.m2/repository/com/google/code/findbugs/jsr305/3.0.0/jsr305-3.0.0.jar:/home/runner/.m2/repository/org/checkerframework/checker-qual/3.8.0/checker-qual-3.8.0.jar:/home/runner/.m2/repository/com/google/errorprone/error_prone_annotations/2.2.0/error_prone_annotations-2.2.0.jar:/home/runner/.m2/repository/com/google/j2objc/j2objc-annotations/1.3/j2objc-annotations-1.3.jar:/home/runner/.m2/repository/commons-io/commons-io/2.8.0/commons-io-2.8.0.jar:/home/runner/.m2/repository/commons-logging/commons-logging/1.2/commons-logging-1.2.jar:/home/runner/.m2/repository/log4j/log4j/1.2.17/log4j-1.2.17.jar:/home/runner/.m2/repository/org/slf4j/slf4j-api/1.7.30/slf4j-api-1.7.30.jar:/home/runner/.m2/repository/org/apache/ozone/hdds-server-scm/1.2.0-SNAPSHOT/hdds-server-scm-1.2.0-SNAPSHOT.jar:/home/runner/.m2/repository/org/apache/ozone/hdds-container-service/1.2.0-SNAPSHOT/hdds-container-service-1.2.0-SNAPSHOT.jar:/home/runner/.m2/repository/org/apache/ozone/hdds-hadoop-dependency-server/1.2.0-SNAPSHOT/hdds-hadoop-dependency-server-1.2.0-SNAPSHOT.jar:/home/runner/.m2/repository/org/apache/hadoop/hadoop-hdfs/3.2.2/hadoop-hdfs-3.2.2.jar:/home/runner/.m2/repository/org/apache/ozone/hdds-server-framework/1.2.0-SNAPSHOT/hdds-server-framework-1.2.0-SNAPSHOT.jar:/home/runner/.m2/repository/org/apache/ozone/hdds-interface-server/1.2.0-SNAPSHOT/hdds-interface-server-1.2.0-SNAPSHOT.jar:/home/runner/.m2/repository/org/eclipse/jetty/jetty-servlet/9.4.35.v20201120/jetty-servlet-9.4.35.v20201120.jar:/home/runner/.m2/repository/org/eclipse/jetty/jetty-security/9.4.35.v20201120/jetty-security-9.4.35.v20201120.jar:/home/runner/.m2/repository/org/rocksdb/rocksdbjni/6.20.3/rocksdbjni-6.20.3.jar:/home/runner/.m2/repository/io/prometheus/simpleclient_dropwizard/0.7.0/simpleclient_dropwizard-0.7.0.jar:/home/runner/.m2/repository/io/prometheus/simpleclient/0.7.0/simpleclient-0.7.0.jar:/home/runner/.m2/repository/io/prometheus/simpleclient_common/0.7.0/simpleclient_common-0.7.0.jar:/home/runner/.m2/repository/com/fasterxml/jackson/datatype/jackson-datatype-jsr310/2.12.1/jackson-datatype-jsr310-2.12.1.jar:/home/runner/.m2/repository/io/dropwizard/metrics/metrics-core/3.2.4/metrics-core-3.2.4.jar:/home/runner/.m2/repository/org/apache/hadoop/hadoop-hdfs-client/3.2.2/hadoop-hdfs-client-3.2.2.jar:/home/runner/.m2/repository/org/bouncycastle/bcprov-jdk15on/1.67/bcprov-jdk15on-1.67.jar:/home/runner/.m2/repository/com/google/protobuf/protobuf-java/2.5.0/protobuf-java-2.5.0.jar:/home/runner/.m2/repository/org/apache/ozone/ozone-manager/1.2.0-SNAPSHOT/ozone-manager-1.2.0-SNAPSHOT.jar:/home/runner/.m2/repository/org/apache/ozone/hdds-interface-client/1.2.0-SNAPSHOT/hdds-interface-client-1.2.0-SNAPSHOT.jar:/home/runner/.m2/repository/org/apache/ratis/ratis-thirdparty-misc/0.7.0-a398b19-SNAPSHOT/ratis-thirdparty-misc-0.7.0-a398b19-SNAPSHOT.jar:/home/runner/.m2/repository/org/apache/ozone/ozone-interface-storage/1.2.0-SNAPSHOT/ozone-interface-storage-1.2.0-SNAPSHOT.jar:/home/runner/.m2/repository/org/apache/hadoop/hadoop-minikdc/3.2.2/hadoop-minikdc-3.2.2.jar:/home/runner/.m2/repository/org/apache/kerby/kerb-simplekdc/1.0.1/kerb-simplekdc-1.0.1.jar:/home/runner/.m2/repository/org/apache/kerby/kerb-client/1.0.1/kerb-client-1.0.1.jar:/home/runner/.m2/repository/org/apache/kerby/kerby-config/1.0.1/kerby-config-1.0.1.jar:/home/runner/.m2/repository/org/apache/kerby/kerb-core/1.0.1/kerb-core-1.0.1.jar:/home/runner/.m2/repository/org/apache/kerby/kerby-pkix/1.0.1/kerby-pkix-1.0.1.jar:/home/runner/.m2/repository/org/apache/kerby/kerby-asn1/1.0.1/kerby-asn1-1.0.1.jar:/home/runner/.m2/repository/org/apache/kerby/kerby-util/1.0.1/kerby-util-1.0.1.jar:/home/runner/.m2/repository/org/apache/kerby/kerb-common/1.0.1/kerb-common-1.0.1.jar:/home/runner/.m2/repository/org/apache/kerby/kerb-crypto/1.0.1/kerb-crypto-1.0.1.jar:/home/runner/.m2/repository/org/apache/kerby/kerb-util/1.0.1/kerb-util-1.0.1.jar:/home/runner/.m2/repository/org/apache/kerby/token-provider/1.0.1/token-provider-1.0.1.jar:/home/runner/.m2/repository/org/apache/kerby/kerb-admin/1.0.1/kerb-admin-1.0.1.jar:/home/runner/.m2/repository/org/apache/kerby/kerb-server/1.0.1/kerb-server-1.0.1.jar:/home/runner/.m2/repository/org/apache/kerby/kerb-identity/1.0.1/kerb-identity-1.0.1.jar:/home/runner/.m2/repository/org/apache/kerby/kerby-xdr/1.0.1/kerby-xdr-1.0.1.jar:/home/runner/.m2/repository/org/slf4j/slf4j-log4j12/1.7.30/slf4j-log4j12-1.7.30.jar:/home/runner/.m2/repository/org/apache/ozone/ozone-s3gateway/1.2.0-SNAPSHOT/ozone-s3gateway-1.2.0-SNAPSHOT.jar:/home/runner/.m2/repository/org/jboss/weld/servlet/weld-servlet/2.4.7.Final/weld-servlet-2.4.7.Final.jar:/home/runner/.m2/repository/org/glassfish/jersey/containers/jersey-container-servlet-core/2.33/jersey-container-servlet-core-2.33.jar:/home/runner/.m2/repository/org/glassfish/hk2/external/jakarta.inject/2.6.1/jakarta.inject-2.6.1.jar:/home/runner/.m2/repository/org/glassfish/jersey/core/jersey-common/2.33/jersey-common-2.33.jar:/home/runner/.m2/repository/jakarta/ws/rs/jakarta.ws.rs-api/2.1.6/jakarta.ws.rs-api-2.1.6.jar:/home/runner/.m2/repository/org/glassfish/jersey/ext/cdi/jersey-cdi1x/2.33/jersey-cdi1x-2.33.jar:/home/runner/.m2/repository/org/glassfish/jersey/inject/jersey-hk2/2.33/jersey-hk2-2.33.jar:/home/runner/.m2/repository/org/glassfish/hk2/hk2-locator/2.6.1/hk2-locator-2.6.1.jar:/home/runner/.m2/repository/org/javassist/javassist/3.25.0-GA/javassist-3.25.0-GA.jar:/home/runner/.m2/repository/org/glassfish/jersey/media/jersey-media-jaxb/2.33/jersey-media-jaxb-2.33.jar:/home/runner/.m2/repository/org/glassfish/hk2/osgi-resource-locator/1.0.3/osgi-resource-locator-1.0.3.jar:/home/runner/.m2/repository/org/glassfish/hk2/hk2-api/2.5.0/hk2-api-2.5.0.jar:/home/runner/.m2/repository/org/glassfish/hk2/hk2-utils/2.5.0/hk2-utils-2.5.0.jar:/home/runner/.m2/repository/org/glassfish/hk2/external/aopalliance-repackaged/2.5.0/aopalliance-repackaged-2.5.0.jar:/home/runner/.m2/repository/com/fasterxml/jackson/dataformat/jackson-dataformat-xml/2.12.1/jackson-dataformat-xml-2.12.1.jar:/home/runner/.m2/repository/com/fasterxml/jackson/core/jackson-core/2.12.1/jackson-core-2.12.1.jar:/home/runner/.m2/repository/com/fasterxml/jackson/module/jackson-module-jaxb-annotations/2.12.1/jackson-module-jaxb-annotations-2.12.1.jar:/home/runner/.m2/repository/jakarta/xml/bind/jakarta.xml.bind-api/2.3.2/jakarta.xml.bind-api-2.3.2.jar:/home/runner/.m2/repository/jakarta/activation/jakarta.activation-api/1.2.1/jakarta.activation-api-1.2.1.jar:/home/runner/.m2/repository/org/codehaus/woodstox/stax2-api/3.1.4/stax2-api-3.1.4.jar:/home/runner/.m2/repository/com/fasterxml/woodstox/woodstox-core/5.0.3/woodstox-core-5.0.3.jar:/home/runner/.m2/repository/javax/enterprise/cdi-api/1.2/cdi-api-1.2.jar:/home/runner/.m2/repository/javax/el/javax.el-api/3.0.0/javax.el-api-3.0.0.jar:/home/runner/.m2/repository/javax/interceptor/javax.interceptor-api/1.2/javax.interceptor-api-1.2.jar:/home/runner/.m2/repository/javax/inject/javax.inject/1/javax.inject-1.jar:/home/runner/.m2/repository/javax/xml/bind/jaxb-api/2.3.0/jaxb-api-2.3.0.jar:/home/runner/.m2/repository/org/glassfish/jaxb/jaxb-runtime/2.3.0.1/jaxb-runtime-2.3.0.1.jar:/home/runner/.m2/repository/org/glassfish/jaxb/jaxb-core/2.3.0.1/jaxb-core-2.3.0.1.jar:/home/runner/.m2/repository/org/glassfish/jaxb/txw2/2.3.0.1/txw2-2.3.0.1.jar:/home/runner/.m2/repository/com/sun/istack/istack-commons-runtime/3.0.5/istack-commons-runtime-3.0.5.jar:/home/runner/.m2/repository/org/jvnet/staxex/stax-ex/1.7.8/stax-ex-1.7.8.jar:/home/runner/.m2/repository/com/sun/xml/fastinfoset/FastInfoset/1.2.13/FastInfoset-1.2.13.jar:/home/runner/.m2/repository/javax/activation/activation/1.1.1/activation-1.1.1.jar:/home/runner/.m2/repository/org/apache/ozone/ozone-csi/1.2.0-SNAPSHOT/ozone-csi-1.2.0-SNAPSHOT.jar:/home/runner/.m2/repository/com/google/protobuf/protobuf-java-util/3.12.0/protobuf-java-util-3.12.0.jar:/home/runner/.m2/repository/com/google/code/gson/gson/2.2.4/gson-2.2.4.jar:/home/runner/.m2/repository/org/apache/ozone/hdds-config/1.2.0-SNAPSHOT/hdds-config-1.2.0-SNAPSHOT.jar:/home/runner/.m2/repository/io/grpc/grpc-netty/1.33.0/grpc-netty-1.33.0.jar:/home/runner/.m2/repository/io/grpc/grpc-core/1.33.0/grpc-core-1.33.0.jar:/home/runner/.m2/repository/com/google/android/annotations/4.1.1.4/annotations-4.1.1.4.jar:/home/runner/.m2/repository/io/netty/netty-codec-http2/4.1.51.Final/netty-codec-http2-4.1.51.Final.jar:/home/runner/.m2/repository/io/netty/netty-codec-http/4.1.51.Final/netty-codec-http-4.1.51.Final.jar:/home/runner/.m2/repository/io/netty/netty-handler-proxy/4.1.51.Final/netty-handler-proxy-4.1.51.Final.jar:/home/runner/.m2/repository/io/netty/netty-codec-socks/4.1.51.Final/netty-codec-socks-4.1.51.Final.jar:/home/runner/.m2/repository/io/perfmark/perfmark-api/0.19.0/perfmark-api-0.19.0.jar:/home/runner/.m2/repository/org/codehaus/mojo/animal-sniffer-annotations/1.18/animal-sniffer-annotations-1.18.jar:/home/runner/.m2/repository/io/netty/netty-transport-native-epoll/4.1.63.Final/netty-transport-native-epoll-4.1.63.Final.jar:/home/runner/.m2/repository/io/netty/netty-common/4.1.63.Final/netty-common-4.1.63.Final.jar:/home/runner/.m2/repository/io/netty/netty-buffer/4.1.63.Final/netty-buffer-4.1.63.Final.jar:/home/runner/.m2/repository/io/netty/netty-transport-native-unix-common/4.1.63.Final/netty-transport-native-unix-common-4.1.63.Final.jar:/home/runner/.m2/repository/io/grpc/grpc-protobuf/1.33.0/grpc-protobuf-1.33.0.jar:/home/runner/.m2/repository/io/grpc/grpc-api/1.33.0/grpc-api-1.33.0.jar:/home/runner/.m2/repository/io/grpc/grpc-context/1.33.0/grpc-context-1.33.0.jar:/home/runner/.m2/repository/com/google/api/grpc/proto-google-common-protos/1.17.0/proto-google-common-protos-1.17.0.jar:/home/runner/.m2/repository/io/grpc/grpc-protobuf-lite/1.33.0/grpc-protobuf-lite-1.33.0.jar:/home/runner/.m2/repository/io/grpc/grpc-stub/1.33.0/grpc-stub-1.33.0.jar:/home/runner/.m2/repository/org/apache/ozone/ozone-recon/1.2.0-SNAPSHOT/ozone-recon-1.2.0-SNAPSHOT.jar:/home/runner/.m2/repository/org/apache/ozone/ozone-reconcodegen/1.2.0-SNAPSHOT/ozone-reconcodegen-1.2.0-SNAPSHOT.jar:/home/runner/.m2/repository/com/google/inject/extensions/guice-multibindings/4.0/guice-multibindings-4.0.jar:/home/runner/.m2/repository/com/google/inject/guice/4.0/guice-4.0.jar:/home/runner/.m2/repository/aopalliance/aopalliance/1.0/aopalliance-1.0.jar:/home/runner/.m2/repository/com/google/inject/extensions/guice-assistedinject/4.0/guice-assistedinject-4.0.jar:/home/runner/.m2/repository/com/google/inject/extensions/guice-servlet/4.0/guice-servlet-4.0.jar:/home/runner/.m2/repository/org/glassfish/jersey/containers/jersey-container-servlet/2.33/jersey-container-servlet-2.33.jar:/home/runner/.m2/repository/org/glassfish/hk2/guice-bridge/2.5.0/guice-bridge-2.5.0.jar:/home/runner/.m2/repository/org/glassfish/jersey/core/jersey-server/2.33/jersey-server-2.33.jar:/home/runner/.m2/repository/org/glassfish/jersey/core/jersey-client/2.33/jersey-client-2.33.jar:/home/runner/.m2/repository/jakarta/annotation/jakarta.annotation-api/1.3.5/jakarta.annotation-api-1.3.5.jar:/home/runner/.m2/repository/jakarta/validation/jakarta.validation-api/2.0.2/jakarta.validation-api-2.0.2.jar:/home/runner/.m2/repository/org/glassfish/jersey/media/jersey-media-json-jackson/2.33/jersey-media-json-jackson-2.33.jar:/home/runner/.m2/repository/org/glassfish/jersey/ext/jersey-entity-filtering/2.33/jersey-entity-filtering-2.33.jar:/home/runner/.m2/repository/org/jooq/jooq/3.11.10/jooq-3.11.10.jar:/home/runner/.m2/repository/org/jooq/jooq-meta/3.11.10/jooq-meta-3.11.10.jar:/home/runner/.m2/repository/org/jooq/jooq-codegen/3.11.10/jooq-codegen-3.11.10.jar:/home/runner/.m2/repository/com/jolbox/bonecp/0.8.0.RELEASE/bonecp-0.8.0.RELEASE.jar:/home/runner/.m2/repository/org/apache/derby/derby/10.14.2.0/derby-10.14.2.0.jar:/home/runner/.m2/repository/org/xerial/sqlite-jdbc/3.25.2/sqlite-jdbc-3.25.2.jar:/home/runner/.m2/repository/org/springframework/spring-jdbc/5.2.11.RELEASE/spring-jdbc-5.2.11.RELEASE.jar:/home/runner/.m2/repository/org/springframework/spring-beans/5.2.11.RELEASE/spring-beans-5.2.11.RELEASE.jar:/home/runner/.m2/repository/org/springframework/spring-core/5.2.11.RELEASE/spring-core-5.2.11.RELEASE.jar:/home/runner/.m2/repository/org/springframework/spring-jcl/5.2.11.RELEASE/spring-jcl-5.2.11.RELEASE.jar:/home/runner/.m2/repository/org/springframework/spring-tx/5.2.11.RELEASE/spring-tx-5.2.11.RELEASE.jar:/home/runner/.m2/repository/org/apache/ozone/ozone-client/1.2.0-SNAPSHOT/ozone-client-1.2.0-SNAPSHOT.jar:/home/runner/.m2/repository/org/apache/ozone/ozone-filesystem/1.2.0-SNAPSHOT/ozone-filesystem-1.2.0-SNAPSHOT.jar:/home/runner/.m2/repository/org/apache/ozone/ozone-filesystem-common/1.2.0-SNAPSHOT/ozone-filesystem-common-1.2.0-SNAPSHOT.jar:/home/runner/.m2/repository/org/apache/ozone/ozone-tools/1.2.0-SNAPSHOT/ozone-tools-1.2.0-SNAPSHOT.jar:/home/runner/.m2/repository/org/apache/ratis/ratis-tools/2.1.0-ff8aa66-SNAPSHOT/ratis-tools-2.1.0-ff8aa66-SNAPSHOT.jar:/home/runner/.m2/repository/org/apache/ratis/ratis-proto/2.1.0-ff8aa66-SNAPSHOT/ratis-proto-2.1.0-ff8aa66-SNAPSHOT.jar:/home/runner/.m2/repository/org/apache/ratis/ratis-common/2.1.0-ff8aa66-SNAPSHOT/ratis-common-2.1.0-ff8aa66-SNAPSHOT.jar:/home/runner/.m2/repository/com/amazonaws/aws-java-sdk-core/1.11.901/aws-java-sdk-core-1.11.901.jar:/home/runner/.m2/repository/org/apache/httpcomponents/httpclient/4.5.13/httpclient-4.5.13.jar:/home/runner/.m2/repository/org/apache/httpcomponents/httpcore/4.4.13/httpcore-4.4.13.jar:/home/runner/.m2/repository/software/amazon/ion/ion-java/1.0.2/ion-java-1.0.2.jar:/home/runner/.m2/repository/com/fasterxml/jackson/dataformat/jackson-dataformat-cbor/2.12.1/jackson-dataformat-cbor-2.12.1.jar:/home/runner/.m2/repository/joda-time/joda-time/2.8.1/joda-time-2.8.1.jar:/home/runner/.m2/repository/com/amazonaws/aws-java-sdk-s3/1.11.901/aws-java-sdk-s3-1.11.901.jar:/home/runner/.m2/repository/com/amazonaws/aws-java-sdk-kms/1.11.901/aws-java-sdk-kms-1.11.901.jar:/home/runner/.m2/repository/com/amazonaws/jmespath-java/1.11.901/jmespath-java-1.11.901.jar:/home/runner/.m2/repository/org/kohsuke/metainf-services/metainf-services/1.8/metainf-services-1.8.jar:/home/runner/.m2/repository/org/apache/ozone/hdds-tools/1.2.0-SNAPSHOT/hdds-tools-1.2.0-SNAPSHOT.jar:/home/runner/.m2/repository/commons-cli/commons-cli/1.2/commons-cli-1.2.jar:/home/runner/.m2/repository/org/apache/commons/commons-lang3/3.7/commons-lang3-3.7.jar:/home/runner/.m2/repository/org/apache/ozone/ozone-manager/1.2.0-SNAPSHOT/ozone-manager-1.2.0-SNAPSHOT-tests.jar:/home/runner/.m2/repository/org/apache/ozone/hdds-common/1.2.0-SNAPSHOT/hdds-common-1.2.0-SNAPSHOT-tests.jar:/home/runner/.m2/repository/org/apache/ozone/hdds-hadoop-dependency-client/1.2.0-SNAPSHOT/hdds-hadoop-dependency-client-1.2.0-SNAPSHOT.jar:/home/runner/.m2/repository/info/picocli/picocli/4.4.0/picocli-4.4.0.jar:/home/runner/.m2/repository/com/fasterxml/jackson/core/jackson-annotations/2.12.1/jackson-annotations-2.12.1.jar:/home/runner/.m2/repository/javax/annotation/javax.annotation-api/1.2/javax.annotation-api-1.2.jar:/home/runner/.m2/repository/org/apache/ratis/ratis-server/2.1.0-ff8aa66-SNAPSHOT/ratis-server-2.1.0-ff8aa66-SNAPSHOT.jar:/home/runner/.m2/repository/org/apache/ratis/ratis-client/2.1.0-ff8aa66-SNAPSHOT/ratis-client-2.1.0-ff8aa66-SNAPSHOT.jar:/home/runner/.m2/repository/org/apache/ratis/ratis-server-api/2.1.0-ff8aa66-SNAPSHOT/ratis-server-api-2.1.0-ff8aa66-SNAPSHOT.jar:/home/runner/.m2/repository/org/apache/ratis/ratis-metrics/2.1.0-ff8aa66-SNAPSHOT/ratis-metrics-2.1.0-ff8aa66-SNAPSHOT.jar:/home/runner/.m2/repository/org/apache/ratis/ratis-netty/2.1.0-ff8aa66-SNAPSHOT/ratis-netty-2.1.0-ff8aa66-SNAPSHOT.jar:/home/runner/.m2/repository/org/apache/ratis/ratis-grpc/2.1.0-ff8aa66-SNAPSHOT/ratis-grpc-2.1.0-ff8aa66-SNAPSHOT.jar:/home/runner/.m2/repository/org/apache/logging/log4j/log4j-api/2.13.3/log4j-api-2.13.3.jar:/home/runner/.m2/repository/org/apache/logging/log4j/log4j-core/2.13.3/log4j-core-2.13.3.jar:/home/runner/.m2/repository/com/lmax/disruptor/3.4.2/disruptor-3.4.2.jar:/home/runner/.m2/repository/org/apache/commons/commons-pool2/2.6.0/commons-pool2-2.6.0.jar:/home/runner/.m2/repository/org/bouncycastle/bcpkix-jdk15on/1.67/bcpkix-jdk15on-1.67.jar:/home/runner/.m2/repository/commons-validator/commons-validator/1.6/commons-validator-1.6.jar:/home/runner/.m2/repository/commons-beanutils/commons-beanutils/1.9.4/commons-beanutils-1.9.4.jar:/home/runner/.m2/repository/commons-digester/commons-digester/1.8.1/commons-digester-1.8.1.jar:/home/runner/.m2/repository/commons-collections/commons-collections/3.2.2/commons-collections-3.2.2.jar:/home/runner/.m2/repository/io/jaegertracing/jaeger-client/1.6.0/jaeger-client-1.6.0.jar:/home/runner/.m2/repository/io/jaegertracing/jaeger-thrift/1.6.0/jaeger-thrift-1.6.0.jar:/home/runner/.m2/repository/org/apache/thrift/libthrift/0.14.1/libthrift-0.14.1.jar:/home/runner/.m2/repository/com/squareup/okhttp3/okhttp/4.9.0/okhttp-4.9.0.jar:/home/runner/.m2/repository/com/squareup/okio/okio/2.8.0/okio-2.8.0.jar:/home/runner/.m2/repository/io/jaegertracing/jaeger-core/1.6.0/jaeger-core-1.6.0.jar:/home/runner/.m2/repository/io/jaegertracing/jaeger-tracerresolver/1.6.0/jaeger-tracerresolver-1.6.0.jar:/home/runner/.m2/repository/io/opentracing/contrib/opentracing-tracerresolver/0.1.8/opentracing-tracerresolver-0.1.8.jar:/home/runner/.m2/repository/org/jetbrains/kotlin/kotlin-stdlib/1.4.31/kotlin-stdlib-1.4.31.jar:/home/runner/.m2/repository/org/jetbrains/kotlin/kotlin-stdlib-common/1.4.31/kotlin-stdlib-common-1.4.31.jar:/home/runner/.m2/repository/org/jetbrains/annotations/13.0/annotations-13.0.jar:/home/runner/.m2/repository/io/opentracing/opentracing-util/0.33.0/opentracing-util-0.33.0.jar:/home/runner/.m2/repository/io/opentracing/opentracing-api/0.33.0/opentracing-api-0.33.0.jar:/home/runner/.m2/repository/io/opentracing/opentracing-noop/0.33.0/opentracing-noop-0.33.0.jar:/home/runner/.m2/repository/org/yaml/snakeyaml/1.26/snakeyaml-1.26.jar:/home/runner/.m2/repository/org/apache/ozone/hdds-interface-admin/1.2.0-SNAPSHOT/hdds-interface-admin-1.2.0-SNAPSHOT.jar:/home/runner/.m2/repository/junit/junit/4.13.1/junit-4.13.1.jar:/home/runner/.m2/repository/org/hamcrest/hamcrest-core/1.3/hamcrest-core-1.3.jar:/home/runner/.m2/repository/org/junit/jupiter/junit-jupiter-api/5.7.0/junit-jupiter-api-5.7.0.jar:/home/runner/.m2/repository/org/apiguardian/apiguardian-api/1.1.0/apiguardian-api-1.1.0.jar:/home/runner/.m2/repository/org/opentest4j/opentest4j/1.2.0/opentest4j-1.2.0.jar:/home/runner/.m2/repository/org/junit/platform/junit-platform-commons/1.7.0/junit-platform-commons-1.7.0.jar:/home/runner/.m2/repository/org/junit/jupiter/junit-jupiter-engine/5.7.0/junit-jupiter-engine-5.7.0.jar:/home/runner/.m2/repository/org/junit/platform/junit-platform-engine/1.7.0/junit-platform-engine-1.7.0.jar:/home/runner/.m2/repository/org/junit/vintage/junit-vintage-engine/5.7.0/junit-vintage-engine-5.7.0.jar:/home/runner/.m2/repository/org/junit/platform/junit-platform-launcher/1.7.0/junit-platform-launcher-1.7.0.jar:/home/runner/.m2/repository/org/openjdk/jmh/jmh-core/1.19/jmh-core-1.19.jar:/home/runner/.m2/repository/net/sf/jopt-simple/jopt-simple/4.6/jopt-simple-4.6.jar:/home/runner/.m2/repository/org/apache/commons/commons-math3/3.1.1/commons-math3-3.1.1.jar:/home/runner/.m2/repository/org/openjdk/jmh/jmh-generator-annprocess/1.19/jmh-generator-annprocess-1.19.jar:/home/runner/.m2/repository/org/mockito/mockito-all/1.8.5/mockito-all-1.8.5.jar:/home/runner/.m2/repository/org/apache/hadoop/hadoop-kms/3.2.2/hadoop-kms-3.2.2.jar:/home/runner/.m2/repository/org/apache/hadoop/hadoop-auth/3.2.2/hadoop-auth-3.2.2.jar:/home/runner/.m2/repository/com/nimbusds/nimbus-jose-jwt/7.9/nimbus-jose-jwt-7.9.jar:/home/runner/.m2/repository/com/github/stephenc/jcip/jcip-annotations/1.0-1/jcip-annotations-1.0-1.jar:/home/runner/.m2/repository/net/minidev/json-smart/2.3/json-smart-2.3.jar:/home/runner/.m2/repository/net/minidev/accessors-smart/1.2/accessors-smart-1.2.jar:/home/runner/.m2/repository/org/ow2/asm/asm/5.0.4/asm-5.0.4.jar:/home/runner/.m2/repository/org/apache/zookeeper/zookeeper/3.4.13/zookeeper-3.4.13.jar:/home/runner/.m2/repository/org/apache/yetus/audience-annotations/0.5.0/audience-annotations-0.5.0.jar:/home/runner/.m2/repository/org/apache/curator/curator-framework/2.13.0/curator-framework-2.13.0.jar:/home/runner/.m2/repository/com/sun/jersey/jersey-core/1.19/jersey-core-1.19.jar:/home/runner/.m2/repository/javax/ws/rs/jsr311-api/1.1.1/jsr311-api-1.1.1.jar:/home/runner/.m2/repository/com/sun/jersey/jersey-server/1.19/jersey-server-1.19.jar:/home/runner/.m2/repository/javax/servlet/javax.servlet-api/3.1.0/javax.servlet-api-3.1.0.jar:/home/runner/.m2/repository/org/eclipse/jetty/jetty-server/9.4.35.v20201120/jetty-server-9.4.35.v20201120.jar:/home/runner/.m2/repository/org/eclipse/jetty/jetty-http/9.4.35.v20201120/jetty-http-9.4.35.v20201120.jar:/home/runner/.m2/repository/org/eclipse/jetty/jetty-io/9.4.35.v20201120/jetty-io-9.4.35.v20201120.jar:/home/runner/.m2/repository/org/eclipse/jetty/jetty-webapp/9.4.35.v20201120/jetty-webapp-9.4.35.v20201120.jar:/home/runner/.m2/repository/org/eclipse/jetty/jetty-xml/9.4.35.v20201120/jetty-xml-9.4.35.v20201120.jar:/home/runner/.m2/repository/org/apache/hadoop/hadoop-common/3.2.2/hadoop-common-3.2.2.jar:/home/runner/.m2/repository/commons-net/commons-net/3.6/commons-net-3.6.jar:/home/runner/.m2/repository/javax/activation/javax.activation-api/1.2.0/javax.activation-api-1.2.0.jar:/home/runner/.m2/repository/com/sun/jersey/jersey-servlet/1.19/jersey-servlet-1.19.jar:/home/runner/.m2/repository/com/sun/jersey/jersey-json/1.19/jersey-json-1.19.jar:/home/runner/.m2/repository/org/codehaus/jettison/jettison/1.1/jettison-1.1.jar:/home/runner/.m2/repository/com/sun/xml/bind/jaxb-impl/2.2.3-1/jaxb-impl-2.2.3-1.jar:/home/runner/.m2/repository/org/codehaus/jackson/jackson-jaxrs/1.9.2/jackson-jaxrs-1.9.2.jar:/home/runner/.m2/repository/org/codehaus/jackson/jackson-xc/1.9.2/jackson-xc-1.9.2.jar:/home/runner/.m2/repository/org/apache/commons/commons-configuration2/2.1.1/commons-configuration2-2.1.1.jar:/home/runner/.m2/repository/org/apache/commons/commons-text/1.4/commons-text-1.4.jar:/home/runner/.m2/repository/com/google/re2j/re2j/1.1/re2j-1.1.jar:/home/runner/.m2/repository/com/jcraft/jsch/0.1.54/jsch-0.1.54.jar:/home/runner/.m2/repository/org/apache/curator/curator-client/2.13.0/curator-client-2.13.0.jar:/home/runner/.m2/repository/org/apache/curator/curator-recipes/2.13.0/curator-recipes-2.13.0.jar:/home/runner/.m2/repository/dnsjava/dnsjava/2.1.7/dnsjava-2.1.7.jar:/home/runner/.m2/repository/org/slf4j/jul-to-slf4j/1.7.30/jul-to-slf4j-1.7.30.jar:/home/runner/.m2/repository/org/eclipse/jetty/jetty-util/9.4.35.v20201120/jetty-util-9.4.35.v20201120.jar:/home/runner/.m2/repository/com/fasterxml/jackson/core/jackson-databind/2.12.1/jackson-databind-2.12.1.jar:/home/runner/.m2/repository/org/apache/hadoop/hadoop-kms/3.2.2/hadoop-kms-3.2.2-tests.jar:/home/runner/.m2/repository/org/apache/ozone/hdds-server-scm/1.2.0-SNAPSHOT/hdds-server-scm-1.2.0-SNAPSHOT-tests.jar:/home/runner/.m2/repository/org/apache/ozone/hdds-container-service/1.2.0-SNAPSHOT/hdds-container-service-1.2.0-SNAPSHOT-tests.jar:/home/runner/.m2/repository/commons-codec/commons-codec/1.11/commons-codec-1.11.jar:/home/runner/.m2/repository/io/netty/netty-transport/4.1.63.Final/netty-transport-4.1.63.Final.jar:/home/runner/.m2/repository/io/netty/netty-resolver/4.1.63.Final/netty-resolver-4.1.63.Final.jar:/home/runner/.m2/repository/io/netty/netty-codec/4.1.63.Final/netty-codec-4.1.63.Final.jar:/home/runner/.m2/repository/io/netty/netty-handler/4.1.63.Final/netty-handler-4.1.63.Final.jar:/home/runner/.m2/repository/org/apache/ozone/hdds-hadoop-dependency-test/1.2.0-SNAPSHOT/hdds-hadoop-dependency-test-1.2.0-SNAPSHOT.jar:/home/runner/.m2/repository/org/apache/hadoop/hadoop-common/3.2.2/hadoop-common-3.2.2-tests.jar:/home/runner/.m2/repository/org/apache/hadoop/hadoop-hdfs/3.2.2/hadoop-hdfs-3.2.2-tests.jar:/home/runner/.m2/repository/org/eclipse/jetty/jetty-util-ajax/9.4.35.v20201120/jetty-util-ajax-9.4.35.v20201120.jar:/home/runner/.m2/repository/commons-daemon/commons-daemon/1.0.13/commons-daemon-1.0.13.jar:/home/runner/.m2/repository/io/netty/netty/3.10.6.Final/netty-3.10.6.Final.jar:/home/runner/.m2/repository/io/netty/netty-all/4.1.63.Final/netty-all-4.1.63.Final.jar:/home/runner/.m2/repository/org/apache/htrace/htrace-core4/4.1.0-incubating/htrace-core4-4.1.0-incubating.jar:/home/runner/.m2/repository/org/fusesource/leveldbjni/leveldbjni-all/1.8/leveldbjni-all-1.8.jar:/home/runner/.m2/repository/org/apache/hadoop/hadoop-distcp/3.2.2/hadoop-distcp-3.2.2.jar:/home/runner/.m2/repository/org/apache/hadoop/hadoop-mapreduce-client-jobclient/3.2.2/hadoop-mapreduce-client-jobclient-3.2.2.jar:/home/runner/.m2/repository/org/apache/hadoop/hadoop-mapreduce-client-common/3.2.2/hadoop-mapreduce-client-common-3.2.2.jar:/home/runner/.m2/repository/org/apache/hadoop/hadoop-yarn-common/3.2.2/hadoop-yarn-common-3.2.2.jar:/home/runner/.m2/repository/org/apache/hadoop/hadoop-yarn-api/3.2.2/hadoop-yarn-api-3.2.2.jar:/home/runner/.m2/repository/com/sun/jersey/jersey-client/1.19/jersey-client-1.19.jar:/home/runner/.m2/repository/com/sun/jersey/contribs/jersey-guice/1.19/jersey-guice-1.19.jar:/home/runner/.m2/repository/com/fasterxml/jackson/jaxrs/jackson-jaxrs-json-provider/2.12.1/jackson-jaxrs-json-provider-2.12.1.jar:/home/runner/.m2/repository/com/fasterxml/jackson/jaxrs/jackson-jaxrs-base/2.12.1/jackson-jaxrs-base-2.12.1.jar:/home/runner/.m2/repository/org/apache/hadoop/hadoop-yarn-client/3.2.2/hadoop-yarn-client-3.2.2.jar:/home/runner/.m2/repository/org/apache/hadoop/hadoop-mapreduce-client-core/3.2.2/hadoop-mapreduce-client-core-3.2.2.jar:/home/runner/.m2/repository/org/apache/avro/avro/1.7.7/avro-1.7.7.jar:/home/runner/.m2/repository/org/codehaus/jackson/jackson-core-asl/1.9.13/jackson-core-asl-1.9.13.jar:/home/runner/.m2/repository/org/codehaus/jackson/jackson-mapper-asl/1.9.13/jackson-mapper-asl-1.9.13.jar:/home/runner/.m2/repository/com/thoughtworks/paranamer/paranamer/2.3/paranamer-2.3.jar:/home/runner/.m2/repository/org/xerial/snappy/snappy-java/1.0.5/snappy-java-1.0.5.jar:/home/runner/.m2/repository/org/apache/hadoop/hadoop-annotations/3.2.2/hadoop-annotations-3.2.2.jar:/usr/lib/jvm/adoptopenjdk-8-hotspot-amd64/jre/../lib/tools.jar:/home/runner/.m2/repository/org/apache/hadoop/hadoop-distcp/3.2.2/hadoop-distcp-3.2.2-tests.jar:"/>
    <property name="java.vm.vendor" value="AdoptOpenJDK"/>
    <property name="sun.arch.data.model" value="64"/>
    <property name="test.build.dir" value="/home/runner/work/ozone/ozone/mnt/ozone/hadoop-ozone/integration-test/target/test-dir"/>
    <property name="test.cache.data" value=""/>
    <property name="java.vendor.url" value="https://adoptopenjdk.net/"/>
    <property name="user.timezone" value=""/>
    <property name="java.vm.specification.version" value="1.8"/>
    <property name="os.name" value="Linux"/>
    <property name="test.build.data" value="/home/runner/work/ozone/ozone/mnt/ozone/hadoop-ozone/integration-test/target/test-dir"/>
    <property name="sun.java.launcher" value="SUN_STANDARD"/>
    <property name="sun.boot.library.path" value="/usr/lib/jvm/adoptopenjdk-8-hotspot-amd64/jre/lib/amd64"/>
    <property name="sun.java.command" value="/home/runner/work/ozone/ozone/mnt/ozone/hadoop-ozone/integration-test/target/surefire/surefirebooter3449763892687646348.jar /home/runner/work/ozone/ozone/mnt/ozone/hadoop-ozone/integration-test/target/surefire 2021-06-02T23-49-27_399-jvmRun1 surefire101284176315524736tmp surefire_56727580853848216656tmp"/>
    <property name="surefire.test.class.path" value="/home/runner/work/ozone/ozone/mnt/ozone/hadoop-ozone/integration-test/target/test-classes:/home/runner/work/ozone/ozone/mnt/ozone/hadoop-ozone/integration-test/target/classes:/home/runner/.m2/repository/org/apache/ozone/ozone-common/1.2.0-SNAPSHOT/ozone-common-1.2.0-SNAPSHOT.jar:/home/runner/.m2/repository/org/apache/commons/commons-compress/1.20/commons-compress-1.20.jar:/home/runner/.m2/repository/org/apache/ozone/hdds-common/1.2.0-SNAPSHOT/hdds-common-1.2.0-SNAPSHOT.jar:/home/runner/.m2/repository/org/apache/ozone/hdds-client/1.2.0-SNAPSHOT/hdds-client-1.2.0-SNAPSHOT.jar:/home/runner/.m2/repository/org/apache/ozone/ozone-interface-client/1.2.0-SNAPSHOT/ozone-interface-client-1.2.0-SNAPSHOT.jar:/home/runner/.m2/repository/org/apache/ozone/hdds-test-utils/1.2.0-SNAPSHOT/hdds-test-utils-1.2.0-SNAPSHOT.jar:/home/runner/.m2/repository/com/google/guava/guava/30.1.1-jre/guava-30.1.1-jre.jar:/home/runner/.m2/repository/com/google/guava/failureaccess/1.0.1/failureaccess-1.0.1.jar:/home/runner/.m2/repository/com/google/guava/listenablefuture/9999.0-empty-to-avoid-conflict-with-guava/listenablefuture-9999.0-empty-to-avoid-conflict-with-guava.jar:/home/runner/.m2/repository/com/google/code/findbugs/jsr305/3.0.0/jsr305-3.0.0.jar:/home/runner/.m2/repository/org/checkerframework/checker-qual/3.8.0/checker-qual-3.8.0.jar:/home/runner/.m2/repository/com/google/errorprone/error_prone_annotations/2.2.0/error_prone_annotations-2.2.0.jar:/home/runner/.m2/repository/com/google/j2objc/j2objc-annotations/1.3/j2objc-annotations-1.3.jar:/home/runner/.m2/repository/commons-io/commons-io/2.8.0/commons-io-2.8.0.jar:/home/runner/.m2/repository/commons-logging/commons-logging/1.2/commons-logging-1.2.jar:/home/runner/.m2/repository/log4j/log4j/1.2.17/log4j-1.2.17.jar:/home/runner/.m2/repository/org/slf4j/slf4j-api/1.7.30/slf4j-api-1.7.30.jar:/home/runner/.m2/repository/org/apache/ozone/hdds-server-scm/1.2.0-SNAPSHOT/hdds-server-scm-1.2.0-SNAPSHOT.jar:/home/runner/.m2/repository/org/apache/ozone/hdds-container-service/1.2.0-SNAPSHOT/hdds-container-service-1.2.0-SNAPSHOT.jar:/home/runner/.m2/repository/org/apache/ozone/hdds-hadoop-dependency-server/1.2.0-SNAPSHOT/hdds-hadoop-dependency-server-1.2.0-SNAPSHOT.jar:/home/runner/.m2/repository/org/apache/hadoop/hadoop-hdfs/3.2.2/hadoop-hdfs-3.2.2.jar:/home/runner/.m2/repository/org/apache/ozone/hdds-server-framework/1.2.0-SNAPSHOT/hdds-server-framework-1.2.0-SNAPSHOT.jar:/home/runner/.m2/repository/org/apache/ozone/hdds-interface-server/1.2.0-SNAPSHOT/hdds-interface-server-1.2.0-SNAPSHOT.jar:/home/runner/.m2/repository/org/eclipse/jetty/jetty-servlet/9.4.35.v20201120/jetty-servlet-9.4.35.v20201120.jar:/home/runner/.m2/repository/org/eclipse/jetty/jetty-security/9.4.35.v20201120/jetty-security-9.4.35.v20201120.jar:/home/runner/.m2/repository/org/rocksdb/rocksdbjni/6.20.3/rocksdbjni-6.20.3.jar:/home/runner/.m2/repository/io/prometheus/simpleclient_dropwizard/0.7.0/simpleclient_dropwizard-0.7.0.jar:/home/runner/.m2/repository/io/prometheus/simpleclient/0.7.0/simpleclient-0.7.0.jar:/home/runner/.m2/repository/io/prometheus/simpleclient_common/0.7.0/simpleclient_common-0.7.0.jar:/home/runner/.m2/repository/com/fasterxml/jackson/datatype/jackson-datatype-jsr310/2.12.1/jackson-datatype-jsr310-2.12.1.jar:/home/runner/.m2/repository/io/dropwizard/metrics/metrics-core/3.2.4/metrics-core-3.2.4.jar:/home/runner/.m2/repository/org/apache/hadoop/hadoop-hdfs-client/3.2.2/hadoop-hdfs-client-3.2.2.jar:/home/runner/.m2/repository/org/bouncycastle/bcprov-jdk15on/1.67/bcprov-jdk15on-1.67.jar:/home/runner/.m2/repository/com/google/protobuf/protobuf-java/2.5.0/protobuf-java-2.5.0.jar:/home/runner/.m2/repository/org/apache/ozone/ozone-manager/1.2.0-SNAPSHOT/ozone-manager-1.2.0-SNAPSHOT.jar:/home/runner/.m2/repository/org/apache/ozone/hdds-interface-client/1.2.0-SNAPSHOT/hdds-interface-client-1.2.0-SNAPSHOT.jar:/home/runner/.m2/repository/org/apache/ratis/ratis-thirdparty-misc/0.7.0-a398b19-SNAPSHOT/ratis-thirdparty-misc-0.7.0-a398b19-SNAPSHOT.jar:/home/runner/.m2/repository/org/apache/ozone/ozone-interface-storage/1.2.0-SNAPSHOT/ozone-interface-storage-1.2.0-SNAPSHOT.jar:/home/runner/.m2/repository/org/apache/hadoop/hadoop-minikdc/3.2.2/hadoop-minikdc-3.2.2.jar:/home/runner/.m2/repository/org/apache/kerby/kerb-simplekdc/1.0.1/kerb-simplekdc-1.0.1.jar:/home/runner/.m2/repository/org/apache/kerby/kerb-client/1.0.1/kerb-client-1.0.1.jar:/home/runner/.m2/repository/org/apache/kerby/kerby-config/1.0.1/kerby-config-1.0.1.jar:/home/runner/.m2/repository/org/apache/kerby/kerb-core/1.0.1/kerb-core-1.0.1.jar:/home/runner/.m2/repository/org/apache/kerby/kerby-pkix/1.0.1/kerby-pkix-1.0.1.jar:/home/runner/.m2/repository/org/apache/kerby/kerby-asn1/1.0.1/kerby-asn1-1.0.1.jar:/home/runner/.m2/repository/org/apache/kerby/kerby-util/1.0.1/kerby-util-1.0.1.jar:/home/runner/.m2/repository/org/apache/kerby/kerb-common/1.0.1/kerb-common-1.0.1.jar:/home/runner/.m2/repository/org/apache/kerby/kerb-crypto/1.0.1/kerb-crypto-1.0.1.jar:/home/runner/.m2/repository/org/apache/kerby/kerb-util/1.0.1/kerb-util-1.0.1.jar:/home/runner/.m2/repository/org/apache/kerby/token-provider/1.0.1/token-provider-1.0.1.jar:/home/runner/.m2/repository/org/apache/kerby/kerb-admin/1.0.1/kerb-admin-1.0.1.jar:/home/runner/.m2/repository/org/apache/kerby/kerb-server/1.0.1/kerb-server-1.0.1.jar:/home/runner/.m2/repository/org/apache/kerby/kerb-identity/1.0.1/kerb-identity-1.0.1.jar:/home/runner/.m2/repository/org/apache/kerby/kerby-xdr/1.0.1/kerby-xdr-1.0.1.jar:/home/runner/.m2/repository/org/slf4j/slf4j-log4j12/1.7.30/slf4j-log4j12-1.7.30.jar:/home/runner/.m2/repository/org/apache/ozone/ozone-s3gateway/1.2.0-SNAPSHOT/ozone-s3gateway-1.2.0-SNAPSHOT.jar:/home/runner/.m2/repository/org/jboss/weld/servlet/weld-servlet/2.4.7.Final/weld-servlet-2.4.7.Final.jar:/home/runner/.m2/repository/org/glassfish/jersey/containers/jersey-container-servlet-core/2.33/jersey-container-servlet-core-2.33.jar:/home/runner/.m2/repository/org/glassfish/hk2/external/jakarta.inject/2.6.1/jakarta.inject-2.6.1.jar:/home/runner/.m2/repository/org/glassfish/jersey/core/jersey-common/2.33/jersey-common-2.33.jar:/home/runner/.m2/repository/jakarta/ws/rs/jakarta.ws.rs-api/2.1.6/jakarta.ws.rs-api-2.1.6.jar:/home/runner/.m2/repository/org/glassfish/jersey/ext/cdi/jersey-cdi1x/2.33/jersey-cdi1x-2.33.jar:/home/runner/.m2/repository/org/glassfish/jersey/inject/jersey-hk2/2.33/jersey-hk2-2.33.jar:/home/runner/.m2/repository/org/glassfish/hk2/hk2-locator/2.6.1/hk2-locator-2.6.1.jar:/home/runner/.m2/repository/org/javassist/javassist/3.25.0-GA/javassist-3.25.0-GA.jar:/home/runner/.m2/repository/org/glassfish/jersey/media/jersey-media-jaxb/2.33/jersey-media-jaxb-2.33.jar:/home/runner/.m2/repository/org/glassfish/hk2/osgi-resource-locator/1.0.3/osgi-resource-locator-1.0.3.jar:/home/runner/.m2/repository/org/glassfish/hk2/hk2-api/2.5.0/hk2-api-2.5.0.jar:/home/runner/.m2/repository/org/glassfish/hk2/hk2-utils/2.5.0/hk2-utils-2.5.0.jar:/home/runner/.m2/repository/org/glassfish/hk2/external/aopalliance-repackaged/2.5.0/aopalliance-repackaged-2.5.0.jar:/home/runner/.m2/repository/com/fasterxml/jackson/dataformat/jackson-dataformat-xml/2.12.1/jackson-dataformat-xml-2.12.1.jar:/home/runner/.m2/repository/com/fasterxml/jackson/core/jackson-core/2.12.1/jackson-core-2.12.1.jar:/home/runner/.m2/repository/com/fasterxml/jackson/module/jackson-module-jaxb-annotations/2.12.1/jackson-module-jaxb-annotations-2.12.1.jar:/home/runner/.m2/repository/jakarta/xml/bind/jakarta.xml.bind-api/2.3.2/jakarta.xml.bind-api-2.3.2.jar:/home/runner/.m2/repository/jakarta/activation/jakarta.activation-api/1.2.1/jakarta.activation-api-1.2.1.jar:/home/runner/.m2/repository/org/codehaus/woodstox/stax2-api/3.1.4/stax2-api-3.1.4.jar:/home/runner/.m2/repository/com/fasterxml/woodstox/woodstox-core/5.0.3/woodstox-core-5.0.3.jar:/home/runner/.m2/repository/javax/enterprise/cdi-api/1.2/cdi-api-1.2.jar:/home/runner/.m2/repository/javax/el/javax.el-api/3.0.0/javax.el-api-3.0.0.jar:/home/runner/.m2/repository/javax/interceptor/javax.interceptor-api/1.2/javax.interceptor-api-1.2.jar:/home/runner/.m2/repository/javax/inject/javax.inject/1/javax.inject-1.jar:/home/runner/.m2/repository/javax/xml/bind/jaxb-api/2.3.0/jaxb-api-2.3.0.jar:/home/runner/.m2/repository/org/glassfish/jaxb/jaxb-runtime/2.3.0.1/jaxb-runtime-2.3.0.1.jar:/home/runner/.m2/repository/org/glassfish/jaxb/jaxb-core/2.3.0.1/jaxb-core-2.3.0.1.jar:/home/runner/.m2/repository/org/glassfish/jaxb/txw2/2.3.0.1/txw2-2.3.0.1.jar:/home/runner/.m2/repository/com/sun/istack/istack-commons-runtime/3.0.5/istack-commons-runtime-3.0.5.jar:/home/runner/.m2/repository/org/jvnet/staxex/stax-ex/1.7.8/stax-ex-1.7.8.jar:/home/runner/.m2/repository/com/sun/xml/fastinfoset/FastInfoset/1.2.13/FastInfoset-1.2.13.jar:/home/runner/.m2/repository/javax/activation/activation/1.1.1/activation-1.1.1.jar:/home/runner/.m2/repository/org/apache/ozone/ozone-csi/1.2.0-SNAPSHOT/ozone-csi-1.2.0-SNAPSHOT.jar:/home/runner/.m2/repository/com/google/protobuf/protobuf-java-util/3.12.0/protobuf-java-util-3.12.0.jar:/home/runner/.m2/repository/com/google/code/gson/gson/2.2.4/gson-2.2.4.jar:/home/runner/.m2/repository/org/apache/ozone/hdds-config/1.2.0-SNAPSHOT/hdds-config-1.2.0-SNAPSHOT.jar:/home/runner/.m2/repository/io/grpc/grpc-netty/1.33.0/grpc-netty-1.33.0.jar:/home/runner/.m2/repository/io/grpc/grpc-core/1.33.0/grpc-core-1.33.0.jar:/home/runner/.m2/repository/com/google/android/annotations/4.1.1.4/annotations-4.1.1.4.jar:/home/runner/.m2/repository/io/netty/netty-codec-http2/4.1.51.Final/netty-codec-http2-4.1.51.Final.jar:/home/runner/.m2/repository/io/netty/netty-codec-http/4.1.51.Final/netty-codec-http-4.1.51.Final.jar:/home/runner/.m2/repository/io/netty/netty-handler-proxy/4.1.51.Final/netty-handler-proxy-4.1.51.Final.jar:/home/runner/.m2/repository/io/netty/netty-codec-socks/4.1.51.Final/netty-codec-socks-4.1.51.Final.jar:/home/runner/.m2/repository/io/perfmark/perfmark-api/0.19.0/perfmark-api-0.19.0.jar:/home/runner/.m2/repository/org/codehaus/mojo/animal-sniffer-annotations/1.18/animal-sniffer-annotations-1.18.jar:/home/runner/.m2/repository/io/netty/netty-transport-native-epoll/4.1.63.Final/netty-transport-native-epoll-4.1.63.Final.jar:/home/runner/.m2/repository/io/netty/netty-common/4.1.63.Final/netty-common-4.1.63.Final.jar:/home/runner/.m2/repository/io/netty/netty-buffer/4.1.63.Final/netty-buffer-4.1.63.Final.jar:/home/runner/.m2/repository/io/netty/netty-transport-native-unix-common/4.1.63.Final/netty-transport-native-unix-common-4.1.63.Final.jar:/home/runner/.m2/repository/io/grpc/grpc-protobuf/1.33.0/grpc-protobuf-1.33.0.jar:/home/runner/.m2/repository/io/grpc/grpc-api/1.33.0/grpc-api-1.33.0.jar:/home/runner/.m2/repository/io/grpc/grpc-context/1.33.0/grpc-context-1.33.0.jar:/home/runner/.m2/repository/com/google/api/grpc/proto-google-common-protos/1.17.0/proto-google-common-protos-1.17.0.jar:/home/runner/.m2/repository/io/grpc/grpc-protobuf-lite/1.33.0/grpc-protobuf-lite-1.33.0.jar:/home/runner/.m2/repository/io/grpc/grpc-stub/1.33.0/grpc-stub-1.33.0.jar:/home/runner/.m2/repository/org/apache/ozone/ozone-recon/1.2.0-SNAPSHOT/ozone-recon-1.2.0-SNAPSHOT.jar:/home/runner/.m2/repository/org/apache/ozone/ozone-reconcodegen/1.2.0-SNAPSHOT/ozone-reconcodegen-1.2.0-SNAPSHOT.jar:/home/runner/.m2/repository/com/google/inject/extensions/guice-multibindings/4.0/guice-multibindings-4.0.jar:/home/runner/.m2/repository/com/google/inject/guice/4.0/guice-4.0.jar:/home/runner/.m2/repository/aopalliance/aopalliance/1.0/aopalliance-1.0.jar:/home/runner/.m2/repository/com/google/inject/extensions/guice-assistedinject/4.0/guice-assistedinject-4.0.jar:/home/runner/.m2/repository/com/google/inject/extensions/guice-servlet/4.0/guice-servlet-4.0.jar:/home/runner/.m2/repository/org/glassfish/jersey/containers/jersey-container-servlet/2.33/jersey-container-servlet-2.33.jar:/home/runner/.m2/repository/org/glassfish/hk2/guice-bridge/2.5.0/guice-bridge-2.5.0.jar:/home/runner/.m2/repository/org/glassfish/jersey/core/jersey-server/2.33/jersey-server-2.33.jar:/home/runner/.m2/repository/org/glassfish/jersey/core/jersey-client/2.33/jersey-client-2.33.jar:/home/runner/.m2/repository/jakarta/annotation/jakarta.annotation-api/1.3.5/jakarta.annotation-api-1.3.5.jar:/home/runner/.m2/repository/jakarta/validation/jakarta.validation-api/2.0.2/jakarta.validation-api-2.0.2.jar:/home/runner/.m2/repository/org/glassfish/jersey/media/jersey-media-json-jackson/2.33/jersey-media-json-jackson-2.33.jar:/home/runner/.m2/repository/org/glassfish/jersey/ext/jersey-entity-filtering/2.33/jersey-entity-filtering-2.33.jar:/home/runner/.m2/repository/org/jooq/jooq/3.11.10/jooq-3.11.10.jar:/home/runner/.m2/repository/org/jooq/jooq-meta/3.11.10/jooq-meta-3.11.10.jar:/home/runner/.m2/repository/org/jooq/jooq-codegen/3.11.10/jooq-codegen-3.11.10.jar:/home/runner/.m2/repository/com/jolbox/bonecp/0.8.0.RELEASE/bonecp-0.8.0.RELEASE.jar:/home/runner/.m2/repository/org/apache/derby/derby/10.14.2.0/derby-10.14.2.0.jar:/home/runner/.m2/repository/org/xerial/sqlite-jdbc/3.25.2/sqlite-jdbc-3.25.2.jar:/home/runner/.m2/repository/org/springframework/spring-jdbc/5.2.11.RELEASE/spring-jdbc-5.2.11.RELEASE.jar:/home/runner/.m2/repository/org/springframework/spring-beans/5.2.11.RELEASE/spring-beans-5.2.11.RELEASE.jar:/home/runner/.m2/repository/org/springframework/spring-core/5.2.11.RELEASE/spring-core-5.2.11.RELEASE.jar:/home/runner/.m2/repository/org/springframework/spring-jcl/5.2.11.RELEASE/spring-jcl-5.2.11.RELEASE.jar:/home/runner/.m2/repository/org/springframework/spring-tx/5.2.11.RELEASE/spring-tx-5.2.11.RELEASE.jar:/home/runner/.m2/repository/org/apache/ozone/ozone-client/1.2.0-SNAPSHOT/ozone-client-1.2.0-SNAPSHOT.jar:/home/runner/.m2/repository/org/apache/ozone/ozone-filesystem/1.2.0-SNAPSHOT/ozone-filesystem-1.2.0-SNAPSHOT.jar:/home/runner/.m2/repository/org/apache/ozone/ozone-filesystem-common/1.2.0-SNAPSHOT/ozone-filesystem-common-1.2.0-SNAPSHOT.jar:/home/runner/.m2/repository/org/apache/ozone/ozone-tools/1.2.0-SNAPSHOT/ozone-tools-1.2.0-SNAPSHOT.jar:/home/runner/.m2/repository/org/apache/ratis/ratis-tools/2.1.0-ff8aa66-SNAPSHOT/ratis-tools-2.1.0-ff8aa66-SNAPSHOT.jar:/home/runner/.m2/repository/org/apache/ratis/ratis-proto/2.1.0-ff8aa66-SNAPSHOT/ratis-proto-2.1.0-ff8aa66-SNAPSHOT.jar:/home/runner/.m2/repository/org/apache/ratis/ratis-common/2.1.0-ff8aa66-SNAPSHOT/ratis-common-2.1.0-ff8aa66-SNAPSHOT.jar:/home/runner/.m2/repository/com/amazonaws/aws-java-sdk-core/1.11.901/aws-java-sdk-core-1.11.901.jar:/home/runner/.m2/repository/org/apache/httpcomponents/httpclient/4.5.13/httpclient-4.5.13.jar:/home/runner/.m2/repository/org/apache/httpcomponents/httpcore/4.4.13/httpcore-4.4.13.jar:/home/runner/.m2/repository/software/amazon/ion/ion-java/1.0.2/ion-java-1.0.2.jar:/home/runner/.m2/repository/com/fasterxml/jackson/dataformat/jackson-dataformat-cbor/2.12.1/jackson-dataformat-cbor-2.12.1.jar:/home/runner/.m2/repository/joda-time/joda-time/2.8.1/joda-time-2.8.1.jar:/home/runner/.m2/repository/com/amazonaws/aws-java-sdk-s3/1.11.901/aws-java-sdk-s3-1.11.901.jar:/home/runner/.m2/repository/com/amazonaws/aws-java-sdk-kms/1.11.901/aws-java-sdk-kms-1.11.901.jar:/home/runner/.m2/repository/com/amazonaws/jmespath-java/1.11.901/jmespath-java-1.11.901.jar:/home/runner/.m2/repository/org/kohsuke/metainf-services/metainf-services/1.8/metainf-services-1.8.jar:/home/runner/.m2/repository/org/apache/ozone/hdds-tools/1.2.0-SNAPSHOT/hdds-tools-1.2.0-SNAPSHOT.jar:/home/runner/.m2/repository/commons-cli/commons-cli/1.2/commons-cli-1.2.jar:/home/runner/.m2/repository/org/apache/commons/commons-lang3/3.7/commons-lang3-3.7.jar:/home/runner/.m2/repository/org/apache/ozone/ozone-manager/1.2.0-SNAPSHOT/ozone-manager-1.2.0-SNAPSHOT-tests.jar:/home/runner/.m2/repository/org/apache/ozone/hdds-common/1.2.0-SNAPSHOT/hdds-common-1.2.0-SNAPSHOT-tests.jar:/home/runner/.m2/repository/org/apache/ozone/hdds-hadoop-dependency-client/1.2.0-SNAPSHOT/hdds-hadoop-dependency-client-1.2.0-SNAPSHOT.jar:/home/runner/.m2/repository/info/picocli/picocli/4.4.0/picocli-4.4.0.jar:/home/runner/.m2/repository/com/fasterxml/jackson/core/jackson-annotations/2.12.1/jackson-annotations-2.12.1.jar:/home/runner/.m2/repository/javax/annotation/javax.annotation-api/1.2/javax.annotation-api-1.2.jar:/home/runner/.m2/repository/org/apache/ratis/ratis-server/2.1.0-ff8aa66-SNAPSHOT/ratis-server-2.1.0-ff8aa66-SNAPSHOT.jar:/home/runner/.m2/repository/org/apache/ratis/ratis-client/2.1.0-ff8aa66-SNAPSHOT/ratis-client-2.1.0-ff8aa66-SNAPSHOT.jar:/home/runner/.m2/repository/org/apache/ratis/ratis-server-api/2.1.0-ff8aa66-SNAPSHOT/ratis-server-api-2.1.0-ff8aa66-SNAPSHOT.jar:/home/runner/.m2/repository/org/apache/ratis/ratis-metrics/2.1.0-ff8aa66-SNAPSHOT/ratis-metrics-2.1.0-ff8aa66-SNAPSHOT.jar:/home/runner/.m2/repository/org/apache/ratis/ratis-netty/2.1.0-ff8aa66-SNAPSHOT/ratis-netty-2.1.0-ff8aa66-SNAPSHOT.jar:/home/runner/.m2/repository/org/apache/ratis/ratis-grpc/2.1.0-ff8aa66-SNAPSHOT/ratis-grpc-2.1.0-ff8aa66-SNAPSHOT.jar:/home/runner/.m2/repository/org/apache/logging/log4j/log4j-api/2.13.3/log4j-api-2.13.3.jar:/home/runner/.m2/repository/org/apache/logging/log4j/log4j-core/2.13.3/log4j-core-2.13.3.jar:/home/runner/.m2/repository/com/lmax/disruptor/3.4.2/disruptor-3.4.2.jar:/home/runner/.m2/repository/org/apache/commons/commons-pool2/2.6.0/commons-pool2-2.6.0.jar:/home/runner/.m2/repository/org/bouncycastle/bcpkix-jdk15on/1.67/bcpkix-jdk15on-1.67.jar:/home/runner/.m2/repository/commons-validator/commons-validator/1.6/commons-validator-1.6.jar:/home/runner/.m2/repository/commons-beanutils/commons-beanutils/1.9.4/commons-beanutils-1.9.4.jar:/home/runner/.m2/repository/commons-digester/commons-digester/1.8.1/commons-digester-1.8.1.jar:/home/runner/.m2/repository/commons-collections/commons-collections/3.2.2/commons-collections-3.2.2.jar:/home/runner/.m2/repository/io/jaegertracing/jaeger-client/1.6.0/jaeger-client-1.6.0.jar:/home/runner/.m2/repository/io/jaegertracing/jaeger-thrift/1.6.0/jaeger-thrift-1.6.0.jar:/home/runner/.m2/repository/org/apache/thrift/libthrift/0.14.1/libthrift-0.14.1.jar:/home/runner/.m2/repository/com/squareup/okhttp3/okhttp/4.9.0/okhttp-4.9.0.jar:/home/runner/.m2/repository/com/squareup/okio/okio/2.8.0/okio-2.8.0.jar:/home/runner/.m2/repository/io/jaegertracing/jaeger-core/1.6.0/jaeger-core-1.6.0.jar:/home/runner/.m2/repository/io/jaegertracing/jaeger-tracerresolver/1.6.0/jaeger-tracerresolver-1.6.0.jar:/home/runner/.m2/repository/io/opentracing/contrib/opentracing-tracerresolver/0.1.8/opentracing-tracerresolver-0.1.8.jar:/home/runner/.m2/repository/org/jetbrains/kotlin/kotlin-stdlib/1.4.31/kotlin-stdlib-1.4.31.jar:/home/runner/.m2/repository/org/jetbrains/kotlin/kotlin-stdlib-common/1.4.31/kotlin-stdlib-common-1.4.31.jar:/home/runner/.m2/repository/org/jetbrains/annotations/13.0/annotations-13.0.jar:/home/runner/.m2/repository/io/opentracing/opentracing-util/0.33.0/opentracing-util-0.33.0.jar:/home/runner/.m2/repository/io/opentracing/opentracing-api/0.33.0/opentracing-api-0.33.0.jar:/home/runner/.m2/repository/io/opentracing/opentracing-noop/0.33.0/opentracing-noop-0.33.0.jar:/home/runner/.m2/repository/org/yaml/snakeyaml/1.26/snakeyaml-1.26.jar:/home/runner/.m2/repository/org/apache/ozone/hdds-interface-admin/1.2.0-SNAPSHOT/hdds-interface-admin-1.2.0-SNAPSHOT.jar:/home/runner/.m2/repository/junit/junit/4.13.1/junit-4.13.1.jar:/home/runner/.m2/repository/org/hamcrest/hamcrest-core/1.3/hamcrest-core-1.3.jar:/home/runner/.m2/repository/org/junit/jupiter/junit-jupiter-api/5.7.0/junit-jupiter-api-5.7.0.jar:/home/runner/.m2/repository/org/apiguardian/apiguardian-api/1.1.0/apiguardian-api-1.1.0.jar:/home/runner/.m2/repository/org/opentest4j/opentest4j/1.2.0/opentest4j-1.2.0.jar:/home/runner/.m2/repository/org/junit/platform/junit-platform-commons/1.7.0/junit-platform-commons-1.7.0.jar:/home/runner/.m2/repository/org/junit/jupiter/junit-jupiter-engine/5.7.0/junit-jupiter-engine-5.7.0.jar:/home/runner/.m2/repository/org/junit/platform/junit-platform-engine/1.7.0/junit-platform-engine-1.7.0.jar:/home/runner/.m2/repository/org/junit/vintage/junit-vintage-engine/5.7.0/junit-vintage-engine-5.7.0.jar:/home/runner/.m2/repository/org/junit/platform/junit-platform-launcher/1.7.0/junit-platform-launcher-1.7.0.jar:/home/runner/.m2/repository/org/openjdk/jmh/jmh-core/1.19/jmh-core-1.19.jar:/home/runner/.m2/repository/net/sf/jopt-simple/jopt-simple/4.6/jopt-simple-4.6.jar:/home/runner/.m2/repository/org/apache/commons/commons-math3/3.1.1/commons-math3-3.1.1.jar:/home/runner/.m2/repository/org/openjdk/jmh/jmh-generator-annprocess/1.19/jmh-generator-annprocess-1.19.jar:/home/runner/.m2/repository/org/mockito/mockito-all/1.8.5/mockito-all-1.8.5.jar:/home/runner/.m2/repository/org/apache/hadoop/hadoop-kms/3.2.2/hadoop-kms-3.2.2.jar:/home/runner/.m2/repository/org/apache/hadoop/hadoop-auth/3.2.2/hadoop-auth-3.2.2.jar:/home/runner/.m2/repository/com/nimbusds/nimbus-jose-jwt/7.9/nimbus-jose-jwt-7.9.jar:/home/runner/.m2/repository/com/github/stephenc/jcip/jcip-annotations/1.0-1/jcip-annotations-1.0-1.jar:/home/runner/.m2/repository/net/minidev/json-smart/2.3/json-smart-2.3.jar:/home/runner/.m2/repository/net/minidev/accessors-smart/1.2/accessors-smart-1.2.jar:/home/runner/.m2/repository/org/ow2/asm/asm/5.0.4/asm-5.0.4.jar:/home/runner/.m2/repository/org/apache/zookeeper/zookeeper/3.4.13/zookeeper-3.4.13.jar:/home/runner/.m2/repository/org/apache/yetus/audience-annotations/0.5.0/audience-annotations-0.5.0.jar:/home/runner/.m2/repository/org/apache/curator/curator-framework/2.13.0/curator-framework-2.13.0.jar:/home/runner/.m2/repository/com/sun/jersey/jersey-core/1.19/jersey-core-1.19.jar:/home/runner/.m2/repository/javax/ws/rs/jsr311-api/1.1.1/jsr311-api-1.1.1.jar:/home/runner/.m2/repository/com/sun/jersey/jersey-server/1.19/jersey-server-1.19.jar:/home/runner/.m2/repository/javax/servlet/javax.servlet-api/3.1.0/javax.servlet-api-3.1.0.jar:/home/runner/.m2/repository/org/eclipse/jetty/jetty-server/9.4.35.v20201120/jetty-server-9.4.35.v20201120.jar:/home/runner/.m2/repository/org/eclipse/jetty/jetty-http/9.4.35.v20201120/jetty-http-9.4.35.v20201120.jar:/home/runner/.m2/repository/org/eclipse/jetty/jetty-io/9.4.35.v20201120/jetty-io-9.4.35.v20201120.jar:/home/runner/.m2/repository/org/eclipse/jetty/jetty-webapp/9.4.35.v20201120/jetty-webapp-9.4.35.v20201120.jar:/home/runner/.m2/repository/org/eclipse/jetty/jetty-xml/9.4.35.v20201120/jetty-xml-9.4.35.v20201120.jar:/home/runner/.m2/repository/org/apache/hadoop/hadoop-common/3.2.2/hadoop-common-3.2.2.jar:/home/runner/.m2/repository/commons-net/commons-net/3.6/commons-net-3.6.jar:/home/runner/.m2/repository/javax/activation/javax.activation-api/1.2.0/javax.activation-api-1.2.0.jar:/home/runner/.m2/repository/com/sun/jersey/jersey-servlet/1.19/jersey-servlet-1.19.jar:/home/runner/.m2/repository/com/sun/jersey/jersey-json/1.19/jersey-json-1.19.jar:/home/runner/.m2/repository/org/codehaus/jettison/jettison/1.1/jettison-1.1.jar:/home/runner/.m2/repository/com/sun/xml/bind/jaxb-impl/2.2.3-1/jaxb-impl-2.2.3-1.jar:/home/runner/.m2/repository/org/codehaus/jackson/jackson-jaxrs/1.9.2/jackson-jaxrs-1.9.2.jar:/home/runner/.m2/repository/org/codehaus/jackson/jackson-xc/1.9.2/jackson-xc-1.9.2.jar:/home/runner/.m2/repository/org/apache/commons/commons-configuration2/2.1.1/commons-configuration2-2.1.1.jar:/home/runner/.m2/repository/org/apache/commons/commons-text/1.4/commons-text-1.4.jar:/home/runner/.m2/repository/com/google/re2j/re2j/1.1/re2j-1.1.jar:/home/runner/.m2/repository/com/jcraft/jsch/0.1.54/jsch-0.1.54.jar:/home/runner/.m2/repository/org/apache/curator/curator-client/2.13.0/curator-client-2.13.0.jar:/home/runner/.m2/repository/org/apache/curator/curator-recipes/2.13.0/curator-recipes-2.13.0.jar:/home/runner/.m2/repository/dnsjava/dnsjava/2.1.7/dnsjava-2.1.7.jar:/home/runner/.m2/repository/org/slf4j/jul-to-slf4j/1.7.30/jul-to-slf4j-1.7.30.jar:/home/runner/.m2/repository/org/eclipse/jetty/jetty-util/9.4.35.v20201120/jetty-util-9.4.35.v20201120.jar:/home/runner/.m2/repository/com/fasterxml/jackson/core/jackson-databind/2.12.1/jackson-databind-2.12.1.jar:/home/runner/.m2/repository/org/apache/hadoop/hadoop-kms/3.2.2/hadoop-kms-3.2.2-tests.jar:/home/runner/.m2/repository/org/apache/ozone/hdds-server-scm/1.2.0-SNAPSHOT/hdds-server-scm-1.2.0-SNAPSHOT-tests.jar:/home/runner/.m2/repository/org/apache/ozone/hdds-container-service/1.2.0-SNAPSHOT/hdds-container-service-1.2.0-SNAPSHOT-tests.jar:/home/runner/.m2/repository/commons-codec/commons-codec/1.11/commons-codec-1.11.jar:/home/runner/.m2/repository/io/netty/netty-transport/4.1.63.Final/netty-transport-4.1.63.Final.jar:/home/runner/.m2/repository/io/netty/netty-resolver/4.1.63.Final/netty-resolver-4.1.63.Final.jar:/home/runner/.m2/repository/io/netty/netty-codec/4.1.63.Final/netty-codec-4.1.63.Final.jar:/home/runner/.m2/repository/io/netty/netty-handler/4.1.63.Final/netty-handler-4.1.63.Final.jar:/home/runner/.m2/repository/org/apache/ozone/hdds-hadoop-dependency-test/1.2.0-SNAPSHOT/hdds-hadoop-dependency-test-1.2.0-SNAPSHOT.jar:/home/runner/.m2/repository/org/apache/hadoop/hadoop-common/3.2.2/hadoop-common-3.2.2-tests.jar:/home/runner/.m2/repository/org/apache/hadoop/hadoop-hdfs/3.2.2/hadoop-hdfs-3.2.2-tests.jar:/home/runner/.m2/repository/org/eclipse/jetty/jetty-util-ajax/9.4.35.v20201120/jetty-util-ajax-9.4.35.v20201120.jar:/home/runner/.m2/repository/commons-daemon/commons-daemon/1.0.13/commons-daemon-1.0.13.jar:/home/runner/.m2/repository/io/netty/netty/3.10.6.Final/netty-3.10.6.Final.jar:/home/runner/.m2/repository/io/netty/netty-all/4.1.63.Final/netty-all-4.1.63.Final.jar:/home/runner/.m2/repository/org/apache/htrace/htrace-core4/4.1.0-incubating/htrace-core4-4.1.0-incubating.jar:/home/runner/.m2/repository/org/fusesource/leveldbjni/leveldbjni-all/1.8/leveldbjni-all-1.8.jar:/home/runner/.m2/repository/org/apache/hadoop/hadoop-distcp/3.2.2/hadoop-distcp-3.2.2.jar:/home/runner/.m2/repository/org/apache/hadoop/hadoop-mapreduce-client-jobclient/3.2.2/hadoop-mapreduce-client-jobclient-3.2.2.jar:/home/runner/.m2/repository/org/apache/hadoop/hadoop-mapreduce-client-common/3.2.2/hadoop-mapreduce-client-common-3.2.2.jar:/home/runner/.m2/repository/org/apache/hadoop/hadoop-yarn-common/3.2.2/hadoop-yarn-common-3.2.2.jar:/home/runner/.m2/repository/org/apache/hadoop/hadoop-yarn-api/3.2.2/hadoop-yarn-api-3.2.2.jar:/home/runner/.m2/repository/com/sun/jersey/jersey-client/1.19/jersey-client-1.19.jar:/home/runner/.m2/repository/com/sun/jersey/contribs/jersey-guice/1.19/jersey-guice-1.19.jar:/home/runner/.m2/repository/com/fasterxml/jackson/jaxrs/jackson-jaxrs-json-provider/2.12.1/jackson-jaxrs-json-provider-2.12.1.jar:/home/runner/.m2/repository/com/fasterxml/jackson/jaxrs/jackson-jaxrs-base/2.12.1/jackson-jaxrs-base-2.12.1.jar:/home/runner/.m2/repository/org/apache/hadoop/hadoop-yarn-client/3.2.2/hadoop-yarn-client-3.2.2.jar:/home/runner/.m2/repository/org/apache/hadoop/hadoop-mapreduce-client-core/3.2.2/hadoop-mapreduce-client-core-3.2.2.jar:/home/runner/.m2/repository/org/apache/avro/avro/1.7.7/avro-1.7.7.jar:/home/runner/.m2/repository/org/codehaus/jackson/jackson-core-asl/1.9.13/jackson-core-asl-1.9.13.jar:/home/runner/.m2/repository/org/codehaus/jackson/jackson-mapper-asl/1.9.13/jackson-mapper-asl-1.9.13.jar:/home/runner/.m2/repository/com/thoughtworks/paranamer/paranamer/2.3/paranamer-2.3.jar:/home/runner/.m2/repository/org/xerial/snappy/snappy-java/1.0.5/snappy-java-1.0.5.jar:/home/runner/.m2/repository/org/apache/hadoop/hadoop-annotations/3.2.2/hadoop-annotations-3.2.2.jar:/usr/lib/jvm/adoptopenjdk-8-hotspot-amd64/jre/../lib/tools.jar:/home/runner/.m2/repository/org/apache/hadoop/hadoop-distcp/3.2.2/hadoop-distcp-3.2.2-tests.jar:"/>
    <property name="sun.cpu.endian" value="little"/>
    <property name="user.home" value="/home/runner"/>
    <property name="user.language" value="en"/>
    <property name="java.specification.vendor" value="Oracle Corporation"/>
    <property name="java.home" value="/usr/lib/jvm/adoptopenjdk-8-hotspot-amd64/jre"/>
    <property name="java.security.krb5.conf" value="/home/runner/work/ozone/ozone/mnt/ozone/hadoop-ozone/integration-test/target/test-classes/krb5.conf"/>
    <property name="basedir" value="/home/runner/work/ozone/ozone/mnt/ozone/hadoop-ozone/integration-test"/>
    <property name="file.separator" value="/"/>
    <property name="line.separator" value="&#10;"/>
    <property name="java.vm.specification.vendor" value="Oracle Corporation"/>
    <property name="java.specification.name" value="Java Platform API Specification"/>
    <property name="java.awt.graphicsenv" value="sun.awt.X11GraphicsEnvironment"/>
    <property name="skip.installnpx" value="true"/>
    <property name="surefire.real.class.path" value="/home/runner/work/ozone/ozone/mnt/ozone/hadoop-ozone/integration-test/target/surefire/surefirebooter3449763892687646348.jar:/home/runner/.m2/repository/org/jacoco/org.jacoco.agent/0.8.5/org.jacoco.agent-0.8.5-runtime.jar"/>
    <property name="hadoop.log.dir" value="/home/runner/work/ozone/ozone/mnt/ozone/hadoop-ozone/integration-test/target/log"/>
    <property name="sun.boot.class.path" value="/usr/lib/jvm/adoptopenjdk-8-hotspot-amd64/jre/lib/resources.jar:/usr/lib/jvm/adoptopenjdk-8-hotspot-amd64/jre/lib/rt.jar:/usr/lib/jvm/adoptopenjdk-8-hotspot-amd64/jre/lib/sunrsasign.jar:/usr/lib/jvm/adoptopenjdk-8-hotspot-amd64/jre/lib/jsse.jar:/usr/lib/jvm/adoptopenjdk-8-hotspot-amd64/jre/lib/jce.jar:/usr/lib/jvm/adoptopenjdk-8-hotspot-amd64/jre/lib/charsets.jar:/usr/lib/jvm/adoptopenjdk-8-hotspot-amd64/jre/lib/jfr.jar:/usr/lib/jvm/adoptopenjdk-8-hotspot-amd64/jre/classes"/>
    <property name="sun.management.compiler" value="HotSpot 64-Bit Tiered Compilers"/>
    <property name="skip.npx" value="true"/>
    <property name="java.runtime.version" value="1.8.0_292-b10"/>
    <property name="java.net.preferIPv4Stack" value="true"/>
    <property name="user.name" value="runner"/>
    <property name="path.separator" value=":"/>
    <property name="java.security.egd" value="file:///dev/urandom"/>
    <property name="os.version" value="5.4.0-1047-azure"/>
    <property name="java.endorsed.dirs" value="/usr/lib/jvm/adoptopenjdk-8-hotspot-amd64/jre/lib/endorsed"/>
    <property name="java.runtime.name" value="OpenJDK Runtime Environment"/>
    <property name="file.encoding" value="UTF-8"/>
    <property name="java.vm.name" value="OpenJDK 64-Bit Server VM"/>
    <property name="test.build.webapps" value=""/>
    <property name="localRepository" value="/home/runner/.m2/repository"/>
    <property name="java.vendor.url.bug" value="https://github.com/AdoptOpenJDK/openjdk-support/issues"/>
    <property name="java.io.tmpdir" value="/tmp"/>
    <property name="require.test.libhadoop" value=""/>
    <property name="java.version" value="1.8.0_292"/>
    <property name="user.dir" value="/home/runner/work/ozone/ozone/mnt/ozone/hadoop-ozone/integration-test"/>
    <property name="os.arch" value="amd64"/>
    <property name="java.vm.specification.name" value="Java Virtual Machine Specification"/>
    <property name="test.build.classes" value="/home/runner/work/ozone/ozone/mnt/ozone/hadoop-ozone/integration-test/target/test-classes"/>
    <property name="java.awt.printerjob" value="sun.print.PSPrinterJob"/>
    <property name="sun.os.patch.level" value="unknown"/>
    <property name="hadoop.tmp.dir" value="/home/runner/work/ozone/ozone/mnt/ozone/hadoop-ozone/integration-test/target/tmp"/>
    <property name="java.library.path" value="/usr/java/packages/lib/amd64:/usr/lib64:/lib64:/lib:/usr/lib"/>
    <property name="java.vm.info" value="mixed mode"/>
    <property name="java.vendor" value="AdoptOpenJDK"/>
    <property name="java.vm.version" value="25.292-b10"/>
    <property name="java.ext.dirs" value="/usr/lib/jvm/adoptopenjdk-8-hotspot-amd64/jre/lib/ext:/usr/java/packages/lib/ext"/>
    <property name="sun.io.unicode.encoding" value="UnicodeLittle"/>
    <property name="java.class.version" value="52.0"/>
  </properties>
  <testcase name="testApplyTransactionIdempotencyWithClosedContainer" classname="org.apache.hadoop.ozone.client.rpc.TestContainerStateMachineFailures" time="0.573">
    <failure type="java.lang.AssertionError">java.lang.AssertionError
	at org.junit.Assert.fail(Assert.java:87)
	at org.junit.Assert.assertTrue(Assert.java:42)
	at org.junit.Assert.assertFalse(Assert.java:65)
	at org.junit.Assert.assertFalse(Assert.java:75)
	at org.apache.hadoop.ozone.client.rpc.TestContainerStateMachineFailures.testApplyTransactionIdempotencyWithClosedContainer(TestContainerStateMachineFailures.java:462)
	at sun.reflect.NativeMethodAccessorImpl.invoke0(Native Method)
	at sun.reflect.NativeMethodAccessorImpl.invoke(NativeMethodAccessorImpl.java:62)
	at sun.reflect.DelegatingMethodAccessorImpl.invoke(DelegatingMethodAccessorImpl.java:43)
	at java.lang.reflect.Method.invoke(Method.java:498)
	at org.junit.runners.model.FrameworkMethod$1.runReflectiveCall(FrameworkMethod.java:59)
	at org.junit.internal.runners.model.ReflectiveCallable.run(ReflectiveCallable.java:12)
	at org.junit.runners.model.FrameworkMethod.invokeExplosively(FrameworkMethod.java:56)
	at org.junit.internal.runners.statements.InvokeMethod.evaluate(InvokeMethod.java:17)
	at org.junit.runners.ParentRunner$3.evaluate(ParentRunner.java:306)
	at org.junit.runners.BlockJUnit4ClassRunner$1.evaluate(BlockJUnit4ClassRunner.java:100)
	at org.junit.runners.ParentRunner.runLeaf(ParentRunner.java:366)
	at org.junit.runners.BlockJUnit4ClassRunner.runChild(BlockJUnit4ClassRunner.java:103)
	at org.junit.runners.BlockJUnit4ClassRunner.runChild(BlockJUnit4ClassRunner.java:63)
	at org.junit.runners.ParentRunner$4.run(ParentRunner.java:331)
	at org.junit.runners.ParentRunner$1.schedule(ParentRunner.java:79)
	at org.junit.runners.ParentRunner.runChildren(ParentRunner.java:329)
	at org.junit.runners.ParentRunner.access$100(ParentRunner.java:66)
	at org.junit.runners.ParentRunner$2.evaluate(ParentRunner.java:293)
	at org.junit.internal.runners.statements.RunBefores.evaluate(RunBefores.java:26)
	at org.junit.internal.runners.statements.RunAfters.evaluate(RunAfters.java:27)
	at org.junit.runners.ParentRunner$3.evaluate(ParentRunner.java:306)
	at org.junit.runners.ParentRunner.run(ParentRunner.java:413)
	at org.junit.runner.JUnitCore.run(JUnitCore.java:137)
	at org.junit.runner.JUnitCore.run(JUnitCore.java:115)
	at org.junit.vintage.engine.execution.RunnerExecutor.execute(RunnerExecutor.java:43)
	at java.util.stream.ForEachOps$ForEachOp$OfRef.accept(ForEachOps.java:183)
	at java.util.stream.ReferencePipeline$3$1.accept(ReferencePipeline.java:193)
	at java.util.Iterator.forEachRemaining(Iterator.java:116)
	at java.util.Spliterators$IteratorSpliterator.forEachRemaining(Spliterators.java:1801)
	at java.util.stream.AbstractPipeline.copyInto(AbstractPipeline.java:482)
	at java.util.stream.AbstractPipeline.wrapAndCopyInto(AbstractPipeline.java:472)
	at java.util.stream.ForEachOps$ForEachOp.evaluateSequential(ForEachOps.java:150)
	at java.util.stream.ForEachOps$ForEachOp$OfRef.evaluateSequential(ForEachOps.java:173)
	at java.util.stream.AbstractPipeline.evaluate(AbstractPipeline.java:234)
	at java.util.stream.ReferencePipeline.forEach(ReferencePipeline.java:485)
	at org.junit.vintage.engine.VintageTestEngine.executeAllChildren(VintageTestEngine.java:82)
	at org.junit.vintage.engine.VintageTestEngine.execute(VintageTestEngine.java:73)
	at org.junit.platform.launcher.core.EngineExecutionOrchestrator.execute(EngineExecutionOrchestrator.java:108)
	at org.junit.platform.launcher.core.EngineExecutionOrchestrator.execute(EngineExecutionOrchestrator.java:88)
	at org.junit.platform.launcher.core.EngineExecutionOrchestrator.lambda$execute$0(EngineExecutionOrchestrator.java:54)
	at org.junit.platform.launcher.core.EngineExecutionOrchestrator.withInterceptedStreams(EngineExecutionOrchestrator.java:67)
	at org.junit.platform.launcher.core.EngineExecutionOrchestrator.execute(EngineExecutionOrchestrator.java:52)
	at org.junit.platform.launcher.core.DefaultLauncher.execute(DefaultLauncher.java:96)
	at org.junit.platform.launcher.core.DefaultLauncher.execute(DefaultLauncher.java:75)
	at org.apache.maven.surefire.junitplatform.JUnitPlatformProvider.invokeAllTests(JUnitPlatformProvider.java:142)
	at org.apache.maven.surefire.junitplatform.JUnitPlatformProvider.invoke(JUnitPlatformProvider.java:113)
	at org.apache.maven.surefire.booter.ForkedBooter.invokeProviderInSameClassLoader(ForkedBooter.java:384)
	at org.apache.maven.surefire.booter.ForkedBooter.runSuitesInProcess(ForkedBooter.java:345)
	at org.apache.maven.surefire.booter.ForkedBooter.execute(ForkedBooter.java:126)
	at org.apache.maven.surefire.booter.ForkedBooter.main(ForkedBooter.java:418)
</failure>
    <system-out><![CDATA[2021-06-03 00:00:03,528 [main] WARN  server.ServerUtils (ServerUtils.java:getScmDbDir(148)) - ozone.scm.db.dirs is not configured. We recommend adding this setting. Falling back to ozone.metadata.dirs instead.
2021-06-03 00:00:03,585 [main] INFO  ha.SCMHANodeDetails (SCMHANodeDetails.java:loadSCMHAConfig(152)) - ServiceID for StorageContainerManager is null
2021-06-03 00:00:03,585 [main] INFO  ha.SCMHANodeDetails (SCMHANodeDetails.java:loadSCMHAConfig(157)) - ozone.scm.default.service.id is not defined, falling back to ozone.scm.service.ids to find serviceID for StorageContainerManager if it is HA enabled cluster
2021-06-03 00:00:03,655 [main] WARN  server.ServerUtils (ServerUtils.java:getScmDbDir(148)) - ozone.scm.db.dirs is not configured. We recommend adding this setting. Falling back to ozone.metadata.dirs instead.
2021-06-03 00:00:04,100 [main] WARN  utils.HAUtils (HAUtils.java:getMetaDir(342)) - ozone.scm.db.dirs is not configured. We recommend adding this setting. Falling back to ozone.metadata.dirs instead.
2021-06-03 00:00:04,222 [main] WARN  db.DBStoreBuilder (DBStoreBuilder.java:applyDBDefinition(145)) - ozone.scm.db.dirs is not configured. We recommend adding this setting. Falling back to ozone.metadata.dirs instead.
2021-06-03 00:00:04,385 [main] INFO  net.NodeSchemaLoader (NodeSchemaLoader.java:loadSchemaFromFile(129)) - Loading schema from [jar:file:/home/runner/.m2/repository/org/apache/ozone/hdds-common/1.2.0-SNAPSHOT/hdds-common-1.2.0-SNAPSHOT.jar!/network-topology-default.xml]
2021-06-03 00:00:04,388 [main] INFO  net.NodeSchemaLoader (NodeSchemaLoader.java:loadSchema(176)) - Loading network topology layer schema file
2021-06-03 00:00:04,490 [main] INFO  ha.SequenceIdGenerator (SequenceIdGenerator.java:upgradeToSequenceId(327)) - upgrade localId to 107544261427200000
2021-06-03 00:00:04,491 [main] INFO  ha.SequenceIdGenerator (SequenceIdGenerator.java:upgradeToSequenceId(337)) - upgrade delTxnId to 0
2021-06-03 00:00:04,494 [main] INFO  ha.SequenceIdGenerator (SequenceIdGenerator.java:upgradeToSequenceId(351)) - upgrade containerId to 0
2021-06-03 00:00:04,495 [main] INFO  ha.SequenceIdGenerator (SequenceIdGenerator.java:<init>(217)) - Init the HA SequenceIdGenerator.
2021-06-03 00:00:04,530 [main] INFO  node.SCMNodeManager (SCMNodeManager.java:<init>(125)) - Entering startup safe mode.
2021-06-03 00:00:04,635 [main] INFO  algorithms.ContainerPlacementPolicyFactory (ContainerPlacementPolicyFactory.java:getPolicy(60)) - Create container placement policy of type org.apache.hadoop.hdds.scm.container.placement.algorithms.SCMContainerPlacementRandom
2021-06-03 00:00:04,643 [main] INFO  pipeline.PipelineStateManager (PipelineStateManagerV2Impl.java:initialize(78)) - No pipeline exists in current db
2021-06-03 00:00:04,672 [main] INFO  algorithms.LeaderChoosePolicyFactory (LeaderChoosePolicyFactory.java:getPolicy(57)) - Create leader choose policy of type org.apache.hadoop.hdds.scm.pipeline.leader.choose.algorithms.MinLeaderCountChoosePolicy
2021-06-03 00:00:04,678 [main] INFO  ha.SCMServiceManager (SCMServiceManager.java:register(43)) - Registering service BackgroundPipelineCreator.
2021-06-03 00:00:04,678 [main] INFO  pipeline.BackgroundPipelineCreator (BackgroundPipelineCreatorV2.java:start(130)) - Starting RatisPipelineUtilsThread.
2021-06-03 00:00:04,704 [main] INFO  algorithms.PipelineChoosePolicyFactory (PipelineChoosePolicyFactory.java:createPipelineChoosePolicyFromClass(73)) - Create pipeline choose policy of type org.apache.hadoop.hdds.scm.pipeline.choose.algorithms.RandomPipelineChoosePolicy
2021-06-03 00:00:04,720 [main] INFO  ha.SCMServiceManager (SCMServiceManager.java:register(43)) - Registering service SCMBlockDeletingService.
2021-06-03 00:00:04,741 [main] INFO  ha.SCMServiceManager (SCMServiceManager.java:register(43)) - Registering service ReplicationManager.
2021-06-03 00:00:04,744 [main] INFO  container.ReplicationManager (ReplicationManager.java:start(227)) - Starting Replication Monitor Thread.
2021-06-03 00:00:04,753 [ReplicationMonitor] INFO  container.ReplicationManager (ReplicationManager.java:run(291)) - Replication Monitor Thread took 0 milliseconds for processing 0 containers.
2021-06-03 00:00:04,755 [main] INFO  safemode.HealthyPipelineSafeModeRule (HealthyPipelineSafeModeRule.java:<init>(90)) - Total pipeline count is 0, healthy pipeline threshold count is 0
2021-06-03 00:00:04,758 [main] INFO  safemode.OneReplicaPipelineSafeModeRule (OneReplicaPipelineSafeModeRule.java:<init>(86)) - Total pipeline count is 0, pipeline's with at least one datanode reported threshold count is 0
2021-06-03 00:00:05,134 [main] INFO  ipc.CallQueueManager (CallQueueManager.java:<init>(85)) - Using callQueue: class java.util.concurrent.LinkedBlockingQueue, queueCapacity: 2000, scheduler: class org.apache.hadoop.ipc.DefaultRpcScheduler, ipcBackoff: false.
2021-06-03 00:00:05,150 [Socket Reader #1 for port 0] INFO  ipc.Server (Server.java:run(1255)) - Starting Socket Reader #1 for port 0
2021-06-03 00:00:05,184 [Listener at 0.0.0.0/36273] INFO  ipc.CallQueueManager (CallQueueManager.java:<init>(85)) - Using callQueue: class java.util.concurrent.LinkedBlockingQueue, queueCapacity: 2000, scheduler: class org.apache.hadoop.ipc.DefaultRpcScheduler, ipcBackoff: false.
2021-06-03 00:00:05,185 [Socket Reader #1 for port 0] INFO  ipc.Server (Server.java:run(1255)) - Starting Socket Reader #1 for port 0
2021-06-03 00:00:05,199 [Listener at 0.0.0.0/41209] INFO  ipc.CallQueueManager (CallQueueManager.java:<init>(85)) - Using callQueue: class java.util.concurrent.LinkedBlockingQueue, queueCapacity: 2000, scheduler: class org.apache.hadoop.ipc.DefaultRpcScheduler, ipcBackoff: false.
2021-06-03 00:00:05,199 [Socket Reader #1 for port 0] INFO  ipc.Server (Server.java:run(1255)) - Starting Socket Reader #1 for port 0
2021-06-03 00:00:05,208 [Listener at 0.0.0.0/44011] INFO  server.StorageContainerManager (StorageContainerManager.java:<init>(418)) - 
Container Balancer status:
Key                            Value
Running                        true
Container Balancer Configuration values:
Key                            Value
Threshold                      0.1
Max Datanodes to Balance       5
Max Size to Move               10737418240B

2021-06-03 00:00:05,208 [Listener at 0.0.0.0/44011] WARN  events.EventQueue (EventQueue.java:fireEvent(185)) - No event handler registered for event TypedEvent{payloadType=SafeModeStatus, name='Safe mode status'}
2021-06-03 00:00:05,208 [Listener at 0.0.0.0/44011] INFO  ha.SCMContext (SCMContext.java:updateSafeModeStatus(148)) - Update SafeModeStatus from SafeModeStatus{safeModeStatus=true, preCheckPassed=false} to SafeModeStatus{safeModeStatus=true, preCheckPassed=false}.
2021-06-03 00:00:05,210 [Listener at 0.0.0.0/44011] INFO  server.StorageContainerManager (StorageContainerManager.java:start(1201)) - StorageContainerLocationProtocol RPC server is listening at /0.0.0.0:44011
2021-06-03 00:00:05,274 [Listener at 0.0.0.0/44011] WARN  impl.MetricsConfig (MetricsConfig.java:loadFirst(136)) - Cannot locate configuration: tried hadoop-metrics2-storagecontainermanager.properties,hadoop-metrics2.properties
2021-06-03 00:00:05,286 [Listener at 0.0.0.0/44011] INFO  impl.MetricsSystemImpl (MetricsSystemImpl.java:startTimer(378)) - Scheduled Metric snapshot period at 10 second(s).
2021-06-03 00:00:05,286 [Listener at 0.0.0.0/44011] INFO  impl.MetricsSystemImpl (MetricsSystemImpl.java:start(191)) - StorageContainerManager metrics system started
2021-06-03 00:00:05,498 [Listener at 0.0.0.0/44011] INFO  server.SCMClientProtocolServer (SCMClientProtocolServer.java:start(157)) - RPC server for Client  is listening at /0.0.0.0:44011
2021-06-03 00:00:05,501 [IPC Server Responder] INFO  ipc.Server (Server.java:run(1497)) - IPC Server Responder: starting
2021-06-03 00:00:05,502 [IPC Server listener on 0] INFO  ipc.Server (Server.java:run(1334)) - IPC Server listener on 0: starting
2021-06-03 00:00:05,511 [Listener at 0.0.0.0/44011] INFO  server.StorageContainerManager (StorageContainerManager.java:start(1216)) - ScmBlockLocationProtocol RPC server is listening at /0.0.0.0:41209
2021-06-03 00:00:05,512 [Listener at 0.0.0.0/44011] INFO  server.SCMBlockProtocolServer (SCMBlockProtocolServer.java:start(149)) - RPC server for Block Protocol is listening at /0.0.0.0:41209
2021-06-03 00:00:05,513 [IPC Server Responder] INFO  ipc.Server (Server.java:run(1497)) - IPC Server Responder: starting
2021-06-03 00:00:05,513 [IPC Server listener on 0] INFO  ipc.Server (Server.java:run(1334)) - IPC Server listener on 0: starting
2021-06-03 00:00:05,522 [Listener at 0.0.0.0/44011] INFO  server.StorageContainerManager (StorageContainerManager.java:start(1222)) - ScmDatanodeProtocl RPC server is listening at /0.0.0.0:36273
2021-06-03 00:00:05,522 [Listener at 0.0.0.0/44011] INFO  server.SCMDatanodeProtocolServer (SCMDatanodeProtocolServer.java:start(174)) - RPC server for DataNodes is listening at /0.0.0.0:36273
2021-06-03 00:00:05,523 [IPC Server Responder] INFO  ipc.Server (Server.java:run(1497)) - IPC Server Responder: starting
2021-06-03 00:00:05,524 [IPC Server listener on 0] INFO  ipc.Server (Server.java:run(1334)) - IPC Server listener on 0: starting
2021-06-03 00:00:05,562 [org.apache.hadoop.util.JvmPauseMonitor$Monitor@135e49b2] INFO  util.JvmPauseMonitor (JvmPauseMonitor.java:run(188)) - Starting JVM pause monitor
2021-06-03 00:00:05,572 [Listener at 0.0.0.0/44011] INFO  http.BaseHttpServer (BaseHttpServer.java:newHttpServer2BuilderForOzone(209)) - Starting Web-server for scm at: http://0.0.0.0:0
2021-06-03 00:00:05,572 [Listener at 0.0.0.0/44011] INFO  http.BaseHttpServer (BaseHttpServer.java:<init>(107)) - Hadoop Security Enabled: false Ozone Security Enabled: false Ozone HTTP Security Enabled: false 
2021-06-03 00:00:05,598 [Listener at 0.0.0.0/44011] INFO  util.log (Log.java:initialized(169)) - Logging initialized @3300ms to org.eclipse.jetty.util.log.Slf4jLog
2021-06-03 00:00:05,710 [Listener at 0.0.0.0/44011] INFO  server.AuthenticationFilter (AuthenticationFilter.java:constructSecretProvider(240)) - Unable to initialize FileSignerSecretProvider, falling back to use random secrets.
2021-06-03 00:00:05,717 [Listener at 0.0.0.0/44011] WARN  http.HttpRequestLog (HttpRequestLog.java:getRequestLog(103)) - Jetty request log can only be enabled using Log4j
2021-06-03 00:00:05,722 [Listener at 0.0.0.0/44011] INFO  http.HttpServer2 (HttpServer2.java:addGlobalFilter(1020)) - Added global filter 'safety' (class=org.apache.hadoop.hdds.server.http.HttpServer2$QuotingInputFilter)
2021-06-03 00:00:05,725 [Listener at 0.0.0.0/44011] INFO  http.HttpServer2 (HttpServer2.java:addFilter(996)) - Added filter static_user_filter (class=org.apache.hadoop.http.lib.StaticUserWebFilter$StaticUserFilter) to context scm
2021-06-03 00:00:05,725 [Listener at 0.0.0.0/44011] INFO  http.HttpServer2 (HttpServer2.java:addFilter(1004)) - Added filter static_user_filter (class=org.apache.hadoop.http.lib.StaticUserWebFilter$StaticUserFilter) to context logs
2021-06-03 00:00:05,726 [Listener at 0.0.0.0/44011] INFO  http.HttpServer2 (HttpServer2.java:addFilter(1004)) - Added filter static_user_filter (class=org.apache.hadoop.http.lib.StaticUserWebFilter$StaticUserFilter) to context static
2021-06-03 00:00:05,872 [Listener at 0.0.0.0/44011] INFO  http.HttpServer2 (HttpServer2.java:bindListener(1238)) - Jetty bound to port 42485
2021-06-03 00:00:05,874 [Listener at 0.0.0.0/44011] INFO  server.Server (Server.java:doStart(375)) - jetty-9.4.35.v20201120; built: 2020-11-20T21:17:03.964Z; git: bdc54f03a5e0a7e280fab27f55c3c75ee8da89fb; jvm 1.8.0_292-b10
2021-06-03 00:00:05,906 [Listener at 0.0.0.0/44011] INFO  server.session (DefaultSessionIdManager.java:doStart(334)) - DefaultSessionIdManager workerName=node0
2021-06-03 00:00:05,906 [Listener at 0.0.0.0/44011] INFO  server.session (DefaultSessionIdManager.java:doStart(339)) - No SessionScavenger set, using defaults
2021-06-03 00:00:05,908 [Listener at 0.0.0.0/44011] INFO  server.session (HouseKeeper.java:startScavenging(132)) - node0 Scavenging every 600000ms
2021-06-03 00:00:05,921 [Listener at 0.0.0.0/44011] INFO  handler.ContextHandler (ContextHandler.java:doStart(916)) - Started o.e.j.s.ServletContextHandler@7bdb4f17{logs,/logs,file:///home/runner/work/ozone/ozone/mnt/ozone/hadoop-ozone/integration-test/target/log,AVAILABLE}
2021-06-03 00:00:05,922 [Listener at 0.0.0.0/44011] INFO  handler.ContextHandler (ContextHandler.java:doStart(916)) - Started o.e.j.s.ServletContextHandler@106459d9{static,/static,file:///home/runner/work/ozone/ozone/mnt/ozone/hadoop-ozone/integration-test/target/test-classes/webapps/static,AVAILABLE}
2021-06-03 00:00:05,970 [Listener at 0.0.0.0/44011] INFO  handler.ContextHandler (ContextHandler.java:doStart(916)) - Started o.e.j.w.WebAppContext@54997f67{scm,/,file:///home/runner/work/ozone/ozone/mnt/ozone/hadoop-ozone/integration-test/target/test-classes/webapps/scm/,AVAILABLE}{file:/home/runner/work/ozone/ozone/mnt/ozone/hadoop-ozone/integration-test/target/test-classes/webapps/scm}
2021-06-03 00:00:05,982 [Listener at 0.0.0.0/44011] INFO  server.AbstractConnector (AbstractConnector.java:doStart(331)) - Started ServerConnector@2f6f4ac4{HTTP/1.1, (http/1.1)}{0.0.0.0:42485}
2021-06-03 00:00:05,982 [Listener at 0.0.0.0/44011] INFO  server.Server (Server.java:doStart(415)) - Started @3685ms
2021-06-03 00:00:05,984 [Listener at 0.0.0.0/44011] INFO  impl.MetricsSinkAdapter (MetricsSinkAdapter.java:start(204)) - Sink prometheus started
2021-06-03 00:00:05,985 [Listener at 0.0.0.0/44011] INFO  impl.MetricsSystemImpl (MetricsSystemImpl.java:registerSink(305)) - Registered sink prometheus
2021-06-03 00:00:05,986 [Listener at 0.0.0.0/44011] INFO  http.BaseHttpServer (BaseHttpServer.java:updateConnectorAddress(329)) - HTTP server of scm listening at http://0.0.0.0:42485
2021-06-03 00:00:05,987 [Listener at 0.0.0.0/44011] WARN  server.ServerUtils (ServerUtils.java:getDBPath(225)) - ozone.om.db.dirs is not configured. We recommend adding this setting. Falling back to ozone.metadata.dirs instead.
2021-06-03 00:00:06,087 [Listener at 0.0.0.0/44011] INFO  ha.OMHANodeDetails (OMHANodeDetails.java:loadOMHAConfig(105)) - ozone.om.internal.service.id is not defined, falling back to ozone.om.service.ids to find serviceID for OzoneManager if it is HA enabled cluster
2021-06-03 00:00:06,090 [Listener at 0.0.0.0/44011] INFO  ha.OMHANodeDetails (OMHANodeDetails.java:loadOMHAConfig(212)) - Configuration does not have ozone.om.address set. Falling back to the default OM address /127.0.0.1:0
2021-06-03 00:00:06,090 [Listener at 0.0.0.0/44011] INFO  ha.OMHANodeDetails (OMHANodeDetails.java:getOMNodeDetails(240)) - OM Service ID is not set. Setting it to the default ID: omServiceIdDefault
2021-06-03 00:00:06,090 [Listener at 0.0.0.0/44011] INFO  ha.OMHANodeDetails (OMHANodeDetails.java:getOMNodeDetails(247)) - OM Node ID is not set. Setting it to the default ID: om1
2021-06-03 00:00:06,093 [Listener at 0.0.0.0/44011] WARN  server.ServerUtils (ServerUtils.java:getDBPath(225)) - ozone.om.db.dirs is not configured. We recommend adding this setting. Falling back to ozone.metadata.dirs instead.
2021-06-03 00:00:06,093 [Listener at 0.0.0.0/44011] WARN  server.ServerUtils (ServerUtils.java:getDBPath(225)) - ozone.om.db.dirs is not configured. We recommend adding this setting. Falling back to ozone.metadata.dirs instead.
2021-06-03 00:00:06,401 [Listener at 0.0.0.0/44011] WARN  server.ServerUtils (ServerUtils.java:getDBPath(225)) - ozone.om.db.dirs is not configured. We recommend adding this setting. Falling back to ozone.metadata.dirs instead.
2021-06-03 00:00:06,407 [Listener at 0.0.0.0/44011] INFO  codec.OmKeyInfoCodec (OmKeyInfoCodec.java:<init>(43)) - OmKeyInfoCodec ignorePipeline = true
2021-06-03 00:00:06,408 [Listener at 0.0.0.0/44011] INFO  codec.RepeatedOmKeyInfoCodec (RepeatedOmKeyInfoCodec.java:<init>(42)) - RepeatedOmKeyInfoCodec ignorePipeline = true
2021-06-03 00:00:06,557 [Listener at 0.0.0.0/44011] INFO  om.OzoneManager (OzoneManager.java:addS3GVolumeToDB(3765)) - Created Volume s3v With Owner runner required for S3Gateway operations.
2021-06-03 00:00:06,563 [Listener at 0.0.0.0/44011] WARN  server.ServerUtils (ServerUtils.java:getDefaultRatisDirectory(237)) - Storage directory for Ratis is not configured. It is a good idea to map this to an SSD disk. Falling back to ozone.metadata.dirs
2021-06-03 00:00:06,563 [Listener at 0.0.0.0/44011] WARN  ratis.OzoneManagerRatisServer (OzoneManagerRatisServer.java:getOMRatisSnapshotDirectory(634)) - ozone.om.ratis.snapshot.dir is not configured. Falling back to ozone.metadata.dirs config
2021-06-03 00:00:06,570 [Listener at 0.0.0.0/44011] INFO  metrics.MetricRegistries (MetricRegistriesLoader.java:load(64)) - Loaded MetricRegistries class org.apache.ratis.metrics.impl.MetricRegistriesImpl
2021-06-03 00:00:06,599 [Listener at 0.0.0.0/44011] WARN  server.ServerUtils (ServerUtils.java:getDefaultRatisDirectory(237)) - Storage directory for Ratis is not configured. It is a good idea to map this to an SSD disk. Falling back to ozone.metadata.dirs
2021-06-03 00:00:06,627 [Listener at 0.0.0.0/44011] INFO  ratis.OzoneManagerRatisServer (OzoneManagerRatisServer.java:<init>(288)) - Instantiating OM Ratis server with GroupID: omServiceIdDefault and Raft Peers: localhost:9872
2021-06-03 00:00:06,637 [Listener at 0.0.0.0/44011] INFO  ratis.OzoneManagerStateMachine (OzoneManagerStateMachine.java:loadSnapshotInfoFromDB(520)) - LastAppliedIndex is set from TransactionInfo from OM DB as (t:0, i:~)
2021-06-03 00:00:06,674 [Listener at 0.0.0.0/44011] INFO  server.RaftServer (ConfUtils.java:logGet(44)) - raft.rpc.type = GRPC (default)
2021-06-03 00:00:06,732 [Listener at 0.0.0.0/44011] INFO  grpc.GrpcFactory (GrpcFactory.java:checkPooledByteBufAllocatorUseCacheForAllThreads(48)) - PERFORMANCE WARNING: useCacheForAllThreads is true that may cause Netty to create a lot garbage objects and, as a result, trigger GC.
	It is recommended to disable useCacheForAllThreads by setting -Dorg.apache.ratis.thirdparty.io.netty.allocator.useCacheForAllThreads=false in command line.
2021-06-03 00:00:06,736 [Listener at 0.0.0.0/44011] INFO  grpc.GrpcConfigKeys (ConfUtils.java:logGet(44)) - raft.grpc.admin.port = -1 (default)
2021-06-03 00:00:06,737 [Listener at 0.0.0.0/44011] INFO  grpc.GrpcConfigKeys (ConfUtils.java:logGet(44)) - raft.grpc.server.port = 9872 (custom)
2021-06-03 00:00:06,737 [Listener at 0.0.0.0/44011] INFO  grpc.GrpcConfigKeys (ConfUtils.java:logGet(44)) - raft.grpc.client.port = -1 (default)
2021-06-03 00:00:06,737 [Listener at 0.0.0.0/44011] INFO  grpc.GrpcConfigKeys (ConfUtils.java:logGet(44)) - raft.grpc.server.port = 9872 (custom)
2021-06-03 00:00:06,738 [Listener at 0.0.0.0/44011] INFO  grpc.GrpcConfigKeys (ConfUtils.java:logGet(44)) - raft.grpc.server.port = 9872 (custom)
2021-06-03 00:00:06,738 [Listener at 0.0.0.0/44011] INFO  server.GrpcService (ConfUtils.java:logGet(44)) - raft.grpc.message.size.max = 33554432 (custom)
2021-06-03 00:00:06,739 [Listener at 0.0.0.0/44011] INFO  server.RaftServerConfigKeys (ConfUtils.java:logGet(44)) - raft.server.log.appender.buffer.byte-limit = 33554432 (custom)
2021-06-03 00:00:06,740 [Listener at 0.0.0.0/44011] INFO  server.GrpcService (ConfUtils.java:logGet(44)) - raft.grpc.flow.control.window = 1MB (=1048576) (default)
2021-06-03 00:00:06,741 [Listener at 0.0.0.0/44011] INFO  server.RaftServerConfigKeys (ConfUtils.java:logGet(44)) - raft.server.rpc.request.timeout = 3000ms (default)
2021-06-03 00:00:06,921 [Listener at 0.0.0.0/44011] INFO  impl.DataStreamServerImpl (ConfUtils.java:logGet(44)) - raft.datastream.type = DISABLED (default)
2021-06-03 00:00:06,923 [Listener at 0.0.0.0/44011] INFO  server.RaftServerConfigKeys (ConfUtils.java:logGet(44)) - raft.server.rpc.slowness.timeout = 120s (custom)
2021-06-03 00:00:06,923 [Listener at 0.0.0.0/44011] INFO  server.RaftServerConfigKeys (ConfUtils.java:logGet(44)) - raft.server.leaderelection.leader.step-down.wait-time = 10s (default)
2021-06-03 00:00:06,934 [Listener at 0.0.0.0/44011] INFO  server.RaftServerConfigKeys (ConfUtils.java:logGet(44)) - raft.server.storage.dir = [/home/runner/work/ozone/ozone/mnt/ozone/hadoop-ozone/integration-test/target/test-dir/MiniOzoneClusterImpl-d99b0d03-7963-4ac2-881f-75d2f82b72ef/ozone-meta/ratis] (custom)
2021-06-03 00:00:06,944 [Listener at 0.0.0.0/44011] INFO  server.RaftServer (RaftServerProxy.java:addNew(95)) - om1: addNew group-C5BA1605619E:[om1|rpc:localhost:9872|priority:0] returns group-C5BA1605619E:java.util.concurrent.CompletableFuture@19e67cc2[Not completed]
2021-06-03 00:00:06,944 [Listener at 0.0.0.0/44011] INFO  om.OzoneManager (OzoneManager.java:initializeRatisServer(1294)) - OzoneManager Ratis server initialized at port 9872
2021-06-03 00:00:06,955 [Listener at 0.0.0.0/44011] INFO  ipc.CallQueueManager (CallQueueManager.java:<init>(85)) - Using callQueue: class java.util.concurrent.LinkedBlockingQueue, queueCapacity: 2000, scheduler: class org.apache.hadoop.ipc.DefaultRpcScheduler, ipcBackoff: false.
2021-06-03 00:00:06,965 [pool-32-thread-1] INFO  server.RaftServer$Division (RaftServerImpl.java:<init>(180)) - om1: new RaftServerImpl for group-C5BA1605619E:[om1|rpc:localhost:9872|priority:0] with OzoneManagerStateMachine:uninitialized
2021-06-03 00:00:06,966 [Socket Reader #1 for port 0] INFO  ipc.Server (Server.java:run(1255)) - Starting Socket Reader #1 for port 0
2021-06-03 00:00:06,967 [pool-32-thread-1] INFO  server.RaftServerConfigKeys (ConfUtils.java:logGet(44)) - raft.server.rpc.timeout.min = 1s (custom)
2021-06-03 00:00:06,968 [pool-32-thread-1] INFO  server.RaftServerConfigKeys (ConfUtils.java:logGet(44)) - raft.server.rpc.timeout.max = 1200ms (custom)
2021-06-03 00:00:06,968 [pool-32-thread-1] INFO  server.RaftServerConfigKeys (ConfUtils.java:logGet(44)) - raft.server.rpc.sleep.time = 25ms (default)
2021-06-03 00:00:06,968 [pool-32-thread-1] INFO  server.RaftServerConfigKeys (ConfUtils.java:logGet(44)) - raft.server.rpc.slowness.timeout = 120s (custom)
2021-06-03 00:00:06,968 [pool-32-thread-1] INFO  server.RaftServerConfigKeys (ConfUtils.java:logGet(44)) - raft.server.leaderelection.leader.step-down.wait-time = 10s (default)
2021-06-03 00:00:06,968 [pool-32-thread-1] INFO  server.RaftServerConfigKeys (ConfUtils.java:logGet(44)) - raft.server.sleep.deviation.threshold = 300ms (default)
2021-06-03 00:00:06,969 [pool-32-thread-1] INFO  server.RaftServerConfigKeys (ConfUtils.java:logGet(44)) - raft.server.log.appender.install.snapshot.enabled = false (custom)
2021-06-03 00:00:06,985 [pool-32-thread-1] INFO  server.RaftServer$Division (ServerState.java:<init>(105)) - om1@group-C5BA1605619E: ConfigurationManager, init=-1: [om1|rpc:localhost:9872|priority:0], old=null, confs=<EMPTY_MAP>
2021-06-03 00:00:06,985 [pool-32-thread-1] INFO  server.RaftServerConfigKeys (ConfUtils.java:logGet(44)) - raft.server.storage.dir = [/home/runner/work/ozone/ozone/mnt/ozone/hadoop-ozone/integration-test/target/test-dir/MiniOzoneClusterImpl-d99b0d03-7963-4ac2-881f-75d2f82b72ef/ozone-meta/ratis] (custom)
2021-06-03 00:00:06,993 [pool-32-thread-1] INFO  server.RaftServerConfigKeys (ConfUtils.java:logGet(44)) - raft.server.log.corruption.policy = EXCEPTION (default)
2021-06-03 00:00:07,002 [pool-32-thread-1] INFO  storage.RaftStorageDirectory (RaftStorageDirectoryImpl.java:analyzeStorage(132)) - The storage directory /home/runner/work/ozone/ozone/mnt/ozone/hadoop-ozone/integration-test/target/test-dir/MiniOzoneClusterImpl-d99b0d03-7963-4ac2-881f-75d2f82b72ef/ozone-meta/ratis/bf265839-605b-3f16-9796-c5ba1605619e does not exist. Creating ...
2021-06-03 00:00:07,006 [Listener at 127.0.0.1/45991] INFO  impl.MetricsSystemImpl (MetricsSystemImpl.java:init(158)) - OzoneManager metrics system started (again)
2021-06-03 00:00:07,007 [pool-32-thread-1] INFO  storage.RaftStorageDirectory (RaftStorageDirectoryImpl.java:tryLock(215)) - Lock on /home/runner/work/ozone/ozone/mnt/ozone/hadoop-ozone/integration-test/target/test-dir/MiniOzoneClusterImpl-d99b0d03-7963-4ac2-881f-75d2f82b72ef/ozone-meta/ratis/bf265839-605b-3f16-9796-c5ba1605619e/in_use.lock acquired by nodename 19265@fv-az54-886
2021-06-03 00:00:07,012 [Listener at 127.0.0.1/45991] INFO  om.OzoneManager (OzoneManager.java:start(1104)) - OzoneManager RPC server is listening at localhost/127.0.0.1:45991
2021-06-03 00:00:07,012 [Listener at 127.0.0.1/45991] INFO  ratis.OzoneManagerRatisServer (OzoneManagerRatisServer.java:start(388)) - Starting OzoneManagerRatisServer om1 at port 9872
2021-06-03 00:00:07,015 [pool-32-thread-1] INFO  storage.RaftStorage (RaftStorageImpl.java:format(87)) - Storage directory /home/runner/work/ozone/ozone/mnt/ozone/hadoop-ozone/integration-test/target/test-dir/MiniOzoneClusterImpl-d99b0d03-7963-4ac2-881f-75d2f82b72ef/ozone-meta/ratis/bf265839-605b-3f16-9796-c5ba1605619e has been successfully formatted.
2021-06-03 00:00:07,017 [pool-32-thread-1] INFO  server.RaftServerConfigKeys (ConfUtils.java:logGet(44)) - raft.server.notification.no-leader.timeout = 120s (custom)
2021-06-03 00:00:07,019 [pool-32-thread-1] INFO  server.RaftServerConfigKeys (ConfUtils.java:logGet(44)) - raft.server.log.use.memory = false (default)
2021-06-03 00:00:07,027 [pool-32-thread-1] INFO  server.RaftServerConfigKeys (ConfUtils.java:logGet(44)) - raft.server.log.purge.gap = 1000000 (custom)
2021-06-03 00:00:07,027 [pool-32-thread-1] INFO  server.RaftServerConfigKeys (ConfUtils.java:logGet(44)) - raft.server.log.appender.buffer.byte-limit = 33554432 (custom)
2021-06-03 00:00:07,031 [pool-32-thread-1] INFO  metrics.RatisMetrics (RatisMetrics.java:lambda$create$0(36)) - Creating Metrics Registry : ratis.log_worker.om1@group-C5BA1605619E
2021-06-03 00:00:07,037 [pool-32-thread-1] INFO  server.RaftServerConfigKeys (ConfUtils.java:logGet(44)) - raft.server.log.segment.size.max = 4194304 (custom)
2021-06-03 00:00:07,044 [pool-32-thread-1] INFO  server.RaftServerConfigKeys (ConfUtils.java:logGet(44)) - raft.server.log.segment.cache.num.max = 2 (custom)
2021-06-03 00:00:07,044 [pool-32-thread-1] INFO  server.RaftServerConfigKeys (ConfUtils.java:logGet(44)) - raft.server.log.segment.cache.size.max = 200MB (=209715200) (default)
2021-06-03 00:00:07,050 [pool-32-thread-1] INFO  segmented.SegmentedRaftLogWorker (SegmentedRaftLogWorker.java:<init>(182)) - new om1@group-C5BA1605619E-SegmentedRaftLogWorker for RaftStorageImpl:Storage Directory /home/runner/work/ozone/ozone/mnt/ozone/hadoop-ozone/integration-test/target/test-dir/MiniOzoneClusterImpl-d99b0d03-7963-4ac2-881f-75d2f82b72ef/ozone-meta/ratis/bf265839-605b-3f16-9796-c5ba1605619e
2021-06-03 00:00:07,050 [pool-32-thread-1] INFO  server.RaftServerConfigKeys (ConfUtils.java:logGet(44)) - raft.server.log.queue.byte-limit = 64MB (=67108864) (default)
2021-06-03 00:00:07,051 [pool-32-thread-1] INFO  server.RaftServerConfigKeys (ConfUtils.java:logGet(44)) - raft.server.log.queue.element-limit = 4096 (default)
2021-06-03 00:00:07,052 [pool-32-thread-1] INFO  server.RaftServerConfigKeys (ConfUtils.java:logGet(44)) - raft.server.log.segment.size.max = 4194304 (custom)
2021-06-03 00:00:07,052 [pool-32-thread-1] INFO  server.RaftServerConfigKeys (ConfUtils.java:logGet(44)) - raft.server.log.preallocated.size = 4194304 (custom)
2021-06-03 00:00:07,052 [pool-32-thread-1] INFO  server.RaftServerConfigKeys (ConfUtils.java:logGet(44)) - raft.server.log.force.sync.num = 128 (default)
2021-06-03 00:00:07,054 [pool-32-thread-1] INFO  server.RaftServerConfigKeys (ConfUtils.java:logGet(44)) - raft.server.log.statemachine.data.sync = true (default)
2021-06-03 00:00:07,054 [pool-32-thread-1] INFO  server.RaftServerConfigKeys (ConfUtils.java:logGet(44)) - raft.server.log.statemachine.data.sync.timeout = 10s (default)
2021-06-03 00:00:07,054 [pool-32-thread-1] INFO  server.RaftServerConfigKeys (ConfUtils.java:logGet(44)) - raft.server.log.statemachine.data.sync.timeout.retry = -1 (default)
2021-06-03 00:00:07,062 [pool-32-thread-1] INFO  server.RaftServerConfigKeys (ConfUtils.java:logGet(44)) - raft.server.log.write.buffer.size = 64KB (=65536) (default)
2021-06-03 00:00:07,062 [pool-32-thread-1] INFO  server.RaftServerConfigKeys (ConfUtils.java:logGet(44)) - raft.server.log.statemachine.data.caching.enabled = false (default)
2021-06-03 00:00:07,068 [pool-32-thread-1] INFO  segmented.SegmentedRaftLogWorker (SegmentedRaftLogWorker.java:lambda$new$0(133)) - om1@group-C5BA1605619E-SegmentedRaftLogWorker: flushIndex: setUnconditionally 0 -> -1
2021-06-03 00:00:07,068 [pool-32-thread-1] INFO  segmented.SegmentedRaftLogWorker (SegmentedRaftLogWorker.java:lambda$new$0(133)) - om1@group-C5BA1605619E-SegmentedRaftLogWorker: safeCacheEvictIndex: setUnconditionally 0 -> -1
2021-06-03 00:00:07,071 [pool-32-thread-1] INFO  server.RaftServerConfigKeys (ConfUtils.java:logGet(44)) - raft.server.snapshot.auto.trigger.enabled = true (custom)
2021-06-03 00:00:07,072 [pool-32-thread-1] INFO  server.RaftServerConfigKeys (ConfUtils.java:logGet(44)) - raft.server.snapshot.auto.trigger.threshold = 400000 (default)
2021-06-03 00:00:07,073 [pool-32-thread-1] INFO  server.RaftServerConfigKeys (ConfUtils.java:logGet(44)) - raft.server.snapshot.retention.file.num = -1 (default)
2021-06-03 00:00:07,073 [pool-32-thread-1] INFO  server.RaftServerConfigKeys (ConfUtils.java:logGet(44)) - raft.server.log.purge.upto.snapshot.index = true (custom)
2021-06-03 00:00:07,074 [pool-32-thread-1] INFO  server.RaftServerConfigKeys (ConfUtils.java:logGet(44)) - raft.server.retrycache.expirytime = 300s (custom)
2021-06-03 00:00:07,075 [pool-32-thread-1] INFO  server.RaftServerConfigKeys (ConfUtils.java:logGet(44)) - raft.server.retrycache.statistics.expirytime = 100μs (default)
2021-06-03 00:00:07,093 [pool-32-thread-1] INFO  metrics.RatisMetrics (RatisMetrics.java:lambda$create$0(36)) - Creating Metrics Registry : ratis.leader_election.om1@group-C5BA1605619E
2021-06-03 00:00:07,097 [pool-32-thread-1] INFO  metrics.RatisMetrics (RatisMetrics.java:lambda$create$0(36)) - Creating Metrics Registry : ratis.server.om1@group-C5BA1605619E
2021-06-03 00:00:07,102 [Listener at 127.0.0.1/45991] INFO  server.RaftServer$Division (RaftServerImpl.java:start(295)) - om1@group-C5BA1605619E: start as a follower, conf=-1: [om1|rpc:localhost:9872|priority:0], old=null
2021-06-03 00:00:07,104 [Listener at 127.0.0.1/45991] INFO  server.RaftServer$Division (RaftServerImpl.java:setRole(284)) - om1@group-C5BA1605619E: changes role from      null to FOLLOWER at term 0 for startAsFollower
2021-06-03 00:00:07,105 [Listener at 127.0.0.1/45991] INFO  impl.RoleInfo (RoleInfo.java:updateAndGet(130)) - om1: start om1@group-C5BA1605619E-FollowerState
2021-06-03 00:00:07,110 [Listener at 127.0.0.1/45991] INFO  util.JmxRegister (JmxRegister.java:tryRegister(44)) - Successfully registered JMX Bean with object name Ratis:service=RaftServer,group=group-C5BA1605619E,id=om1
2021-06-03 00:00:07,111 [Listener at 127.0.0.1/45991] INFO  metrics.RatisMetrics (RatisMetrics.java:lambda$create$0(36)) - Creating Metrics Registry : ratis.state_machine.om1@group-C5BA1605619E
2021-06-03 00:00:07,113 [Listener at 127.0.0.1/45991] INFO  server.RaftServer (RaftServerProxy.java:lambda$start$5(374)) - om1: start RPC server
2021-06-03 00:00:07,179 [Listener at 127.0.0.1/45991] INFO  server.GrpcService (GrpcService.java:startImpl(253)) - om1: GrpcService started, listening on 9872
2021-06-03 00:00:07,184 [org.apache.ratis.util.JvmPauseMonitor$$Lambda$503/219913687@7701b695] INFO  util.JvmPauseMonitor (JvmPauseMonitor.java:run(103)) - JvmPauseMonitor-om1: Started
2021-06-03 00:00:07,197 [Listener at 127.0.0.1/45991] INFO  http.BaseHttpServer (BaseHttpServer.java:newHttpServer2BuilderForOzone(209)) - Starting Web-server for ozoneManager at: http://0.0.0.0:0
2021-06-03 00:00:07,197 [Listener at 127.0.0.1/45991] INFO  http.BaseHttpServer (BaseHttpServer.java:<init>(107)) - Hadoop Security Enabled: false Ozone Security Enabled: false Ozone HTTP Security Enabled: false 
2021-06-03 00:00:07,198 [Listener at 127.0.0.1/45991] INFO  server.AuthenticationFilter (AuthenticationFilter.java:constructSecretProvider(240)) - Unable to initialize FileSignerSecretProvider, falling back to use random secrets.
2021-06-03 00:00:07,199 [Listener at 127.0.0.1/45991] WARN  http.HttpRequestLog (HttpRequestLog.java:getRequestLog(103)) - Jetty request log can only be enabled using Log4j
2021-06-03 00:00:07,200 [Listener at 127.0.0.1/45991] INFO  http.HttpServer2 (HttpServer2.java:addGlobalFilter(1020)) - Added global filter 'safety' (class=org.apache.hadoop.hdds.server.http.HttpServer2$QuotingInputFilter)
2021-06-03 00:00:07,201 [Listener at 127.0.0.1/45991] INFO  http.HttpServer2 (HttpServer2.java:addFilter(996)) - Added filter static_user_filter (class=org.apache.hadoop.http.lib.StaticUserWebFilter$StaticUserFilter) to context ozoneManager
2021-06-03 00:00:07,201 [Listener at 127.0.0.1/45991] INFO  http.HttpServer2 (HttpServer2.java:addFilter(1004)) - Added filter static_user_filter (class=org.apache.hadoop.http.lib.StaticUserWebFilter$StaticUserFilter) to context static
2021-06-03 00:00:07,201 [Listener at 127.0.0.1/45991] INFO  http.HttpServer2 (HttpServer2.java:addFilter(1004)) - Added filter static_user_filter (class=org.apache.hadoop.http.lib.StaticUserWebFilter$StaticUserFilter) to context logs
2021-06-03 00:00:07,203 [Listener at 127.0.0.1/45991] INFO  http.HttpServer2 (HttpServer2.java:bindListener(1238)) - Jetty bound to port 37961
2021-06-03 00:00:07,203 [Listener at 127.0.0.1/45991] INFO  server.Server (Server.java:doStart(375)) - jetty-9.4.35.v20201120; built: 2020-11-20T21:17:03.964Z; git: bdc54f03a5e0a7e280fab27f55c3c75ee8da89fb; jvm 1.8.0_292-b10
2021-06-03 00:00:07,210 [Listener at 127.0.0.1/45991] INFO  server.session (DefaultSessionIdManager.java:doStart(334)) - DefaultSessionIdManager workerName=node0
2021-06-03 00:00:07,210 [Listener at 127.0.0.1/45991] INFO  server.session (DefaultSessionIdManager.java:doStart(339)) - No SessionScavenger set, using defaults
2021-06-03 00:00:07,210 [Listener at 127.0.0.1/45991] INFO  server.session (HouseKeeper.java:startScavenging(132)) - node0 Scavenging every 660000ms
2021-06-03 00:00:07,211 [Listener at 127.0.0.1/45991] INFO  handler.ContextHandler (ContextHandler.java:doStart(916)) - Started o.e.j.s.ServletContextHandler@5545137d{logs,/logs,file:///home/runner/work/ozone/ozone/mnt/ozone/hadoop-ozone/integration-test/target/log,AVAILABLE}
2021-06-03 00:00:07,212 [Listener at 127.0.0.1/45991] INFO  handler.ContextHandler (ContextHandler.java:doStart(916)) - Started o.e.j.s.ServletContextHandler@52e2e426{static,/static,file:///home/runner/work/ozone/ozone/mnt/ozone/hadoop-ozone/integration-test/target/test-classes/webapps/static,AVAILABLE}
2021-06-03 00:00:07,215 [Listener at 127.0.0.1/45991] INFO  handler.ContextHandler (ContextHandler.java:doStart(916)) - Started o.e.j.w.WebAppContext@2806fe58{ozoneManager,/,file:///home/runner/work/ozone/ozone/mnt/ozone/hadoop-ozone/integration-test/target/test-classes/webapps/ozoneManager/,AVAILABLE}{file:/home/runner/work/ozone/ozone/mnt/ozone/hadoop-ozone/integration-test/target/test-classes/webapps/ozoneManager}
2021-06-03 00:00:07,221 [Listener at 127.0.0.1/45991] INFO  server.AbstractConnector (AbstractConnector.java:doStart(331)) - Started ServerConnector@45c73e09{HTTP/1.1, (http/1.1)}{0.0.0.0:37961}
2021-06-03 00:00:07,221 [Listener at 127.0.0.1/45991] INFO  server.Server (Server.java:doStart(415)) - Started @4924ms
2021-06-03 00:00:07,222 [Listener at 127.0.0.1/45991] WARN  impl.MetricsSystemImpl (MetricsSystemImpl.java:register(279)) - Sink prometheus already exists!
2021-06-03 00:00:07,222 [Listener at 127.0.0.1/45991] INFO  http.BaseHttpServer (BaseHttpServer.java:updateConnectorAddress(329)) - HTTP server of ozoneManager listening at http://0.0.0.0:37961
2021-06-03 00:00:07,222 [IPC Server Responder] INFO  ipc.Server (Server.java:run(1497)) - IPC Server Responder: starting
2021-06-03 00:00:07,223 [IPC Server listener on 0] INFO  ipc.Server (Server.java:run(1334)) - IPC Server listener on 0: starting
2021-06-03 00:00:07,226 [Listener at 127.0.0.1/45991] INFO  om.OzoneManager (OzoneManager.java:startTrashEmptier(1234)) - Trash Interval set to 0. Files deleted will not move to trash
2021-06-03 00:00:07,257 [org.apache.hadoop.util.JvmPauseMonitor$Monitor@37ecc472] INFO  util.JvmPauseMonitor (JvmPauseMonitor.java:run(188)) - Starting JVM pause monitor
2021-06-03 00:00:07,455 [Listener at 127.0.0.1/45991] INFO  impl.MetricsSystemImpl (MetricsSystemImpl.java:init(158)) - HddsDatanode metrics system started (again)
2021-06-03 00:00:07,460 [Listener at 127.0.0.1/45991] INFO  ozone.HddsDatanodeService (HddsDatanodeService.java:start(220)) - HddsDatanodeService host:fv-az54-886.gmada3d5h3zutaf4vio4yveaag.bx.internal.cloudapp.net ip:10.1.0.28
2021-06-03 00:00:07,568 [Listener at 127.0.0.1/45991] INFO  volume.HddsVolume (HddsVolume.java:<init>(184)) - Creating Volume: /home/runner/work/ozone/ozone/mnt/ozone/hadoop-ozone/integration-test/target/test-dir/MiniOzoneClusterImpl-d99b0d03-7963-4ac2-881f-75d2f82b72ef/datanode-0/data-0/containers/hdds of storage type : DISK and capacity : 9223372036854775807
2021-06-03 00:00:07,570 [Listener at 127.0.0.1/45991] INFO  volume.MutableVolumeSet (MutableVolumeSet.java:initializeVolumeSet(198)) - Added Volume : /home/runner/work/ozone/ozone/mnt/ozone/hadoop-ozone/integration-test/target/test-dir/MiniOzoneClusterImpl-d99b0d03-7963-4ac2-881f-75d2f82b72ef/datanode-0/data-0/containers/hdds to VolumeSet
2021-06-03 00:00:07,571 [Listener at 127.0.0.1/45991] INFO  volume.ThrottledAsyncChecker (ThrottledAsyncChecker.java:schedule(141)) - Scheduling a check for /home/runner/work/ozone/ozone/mnt/ozone/hadoop-ozone/integration-test/target/test-dir/MiniOzoneClusterImpl-d99b0d03-7963-4ac2-881f-75d2f82b72ef/datanode-0/data-0/containers/hdds
2021-06-03 00:00:07,591 [Listener at 127.0.0.1/45991] INFO  volume.HddsVolumeChecker (HddsVolumeChecker.java:checkAllVolumes(201)) - Scheduled health check for volume /home/runner/work/ozone/ozone/mnt/ozone/hadoop-ozone/integration-test/target/test-dir/MiniOzoneClusterImpl-d99b0d03-7963-4ac2-881f-75d2f82b72ef/datanode-0/data-0/containers/hdds
2021-06-03 00:00:07,614 [Listener at 127.0.0.1/45991] INFO  ozoneimpl.ContainerReader (ContainerReader.java:<init>(98)) - Running in upgrade mode:true
2021-06-03 00:00:07,617 [Thread-127] INFO  ozoneimpl.ContainerReader (ContainerReader.java:readVolume(142)) - Start to verify containers on volume /home/runner/work/ozone/ozone/mnt/ozone/hadoop-ozone/integration-test/target/test-dir/MiniOzoneClusterImpl-d99b0d03-7963-4ac2-881f-75d2f82b72ef/datanode-0/data-0/containers/hdds
2021-06-03 00:00:07,618 [Thread-127] INFO  ozoneimpl.ContainerReader (ContainerReader.java:readVolume(174)) - Finish verifying containers on volume /home/runner/work/ozone/ozone/mnt/ozone/hadoop-ozone/integration-test/target/test-dir/MiniOzoneClusterImpl-d99b0d03-7963-4ac2-881f-75d2f82b72ef/datanode-0/data-0/containers/hdds
2021-06-03 00:00:07,618 [Listener at 127.0.0.1/45991] INFO  ozoneimpl.OzoneContainer (OzoneContainer.java:buildContainerSet(228)) - Build ContainerSet costs 0s
2021-06-03 00:00:07,682 [Listener at 127.0.0.1/45991] INFO  server.RaftServer (ConfUtils.java:logGet(44)) - raft.rpc.type = GRPC (default)
2021-06-03 00:00:07,682 [Listener at 127.0.0.1/45991] INFO  grpc.GrpcFactory (GrpcFactory.java:checkPooledByteBufAllocatorUseCacheForAllThreads(48)) - PERFORMANCE WARNING: useCacheForAllThreads is true that may cause Netty to create a lot garbage objects and, as a result, trigger GC.
	It is recommended to disable useCacheForAllThreads by setting -Dorg.apache.ratis.thirdparty.io.netty.allocator.useCacheForAllThreads=false in command line.
2021-06-03 00:00:07,685 [Listener at 127.0.0.1/45991] INFO  grpc.GrpcConfigKeys (ConfUtils.java:logGet(44)) - raft.grpc.admin.port = 0 (custom)
2021-06-03 00:00:07,685 [Listener at 127.0.0.1/45991] INFO  grpc.GrpcConfigKeys (ConfUtils.java:logGet(44)) - raft.grpc.client.port = 0 (custom)
2021-06-03 00:00:07,685 [Listener at 127.0.0.1/45991] INFO  grpc.GrpcConfigKeys (ConfUtils.java:logGet(44)) - raft.grpc.server.port = 0 (default)
2021-06-03 00:00:07,685 [Listener at 127.0.0.1/45991] INFO  server.GrpcService (ConfUtils.java:logGet(44)) - raft.grpc.message.size.max = 32MB (=33554432) (custom)
2021-06-03 00:00:07,686 [Listener at 127.0.0.1/45991] INFO  server.RaftServerConfigKeys (ConfUtils.java:logGet(44)) - raft.server.log.appender.buffer.byte-limit = 33554432 (custom)
2021-06-03 00:00:07,687 [Listener at 127.0.0.1/45991] INFO  server.GrpcService (ConfUtils.java:logGet(44)) - raft.grpc.flow.control.window = 5MB (=5242880) (custom)
2021-06-03 00:00:07,687 [Listener at 127.0.0.1/45991] INFO  server.RaftServerConfigKeys (ConfUtils.java:logGet(44)) - raft.server.rpc.request.timeout = 3000ms (default)
2021-06-03 00:00:07,690 [Listener at 127.0.0.1/45991] INFO  impl.DataStreamServerImpl (ConfUtils.java:logGet(44)) - raft.datastream.type = DISABLED (default)
2021-06-03 00:00:07,691 [Listener at 127.0.0.1/45991] INFO  server.RaftServerConfigKeys (ConfUtils.java:logGet(44)) - raft.server.rpc.slowness.timeout = 300000ms (custom)
2021-06-03 00:00:07,692 [Listener at 127.0.0.1/45991] INFO  server.RaftServerConfigKeys (ConfUtils.java:logGet(44)) - raft.server.leaderelection.leader.step-down.wait-time = 10s (default)
2021-06-03 00:00:07,692 [Listener at 127.0.0.1/45991] INFO  server.RaftServerConfigKeys (ConfUtils.java:logGet(44)) - raft.server.storage.dir = [/home/runner/work/ozone/ozone/mnt/ozone/hadoop-ozone/integration-test/target/test-dir/MiniOzoneClusterImpl-d99b0d03-7963-4ac2-881f-75d2f82b72ef/datanode-0/data/ratis] (custom)
2021-06-03 00:00:07,745 [Listener at 127.0.0.1/45991] INFO  http.BaseHttpServer (BaseHttpServer.java:newHttpServer2BuilderForOzone(209)) - Starting Web-server for hddsDatanode at: http://0.0.0.0:0
2021-06-03 00:00:07,745 [Listener at 127.0.0.1/45991] INFO  http.BaseHttpServer (BaseHttpServer.java:<init>(107)) - Hadoop Security Enabled: false Ozone Security Enabled: false Ozone HTTP Security Enabled: false 
2021-06-03 00:00:07,747 [Listener at 127.0.0.1/45991] INFO  server.AuthenticationFilter (AuthenticationFilter.java:constructSecretProvider(240)) - Unable to initialize FileSignerSecretProvider, falling back to use random secrets.
2021-06-03 00:00:07,747 [Listener at 127.0.0.1/45991] WARN  http.HttpRequestLog (HttpRequestLog.java:getRequestLog(103)) - Jetty request log can only be enabled using Log4j
2021-06-03 00:00:07,748 [Listener at 127.0.0.1/45991] INFO  http.HttpServer2 (HttpServer2.java:addGlobalFilter(1020)) - Added global filter 'safety' (class=org.apache.hadoop.hdds.server.http.HttpServer2$QuotingInputFilter)
2021-06-03 00:00:07,749 [Listener at 127.0.0.1/45991] INFO  http.HttpServer2 (HttpServer2.java:addFilter(996)) - Added filter static_user_filter (class=org.apache.hadoop.http.lib.StaticUserWebFilter$StaticUserFilter) to context hddsDatanode
2021-06-03 00:00:07,749 [Listener at 127.0.0.1/45991] INFO  http.HttpServer2 (HttpServer2.java:addFilter(1004)) - Added filter static_user_filter (class=org.apache.hadoop.http.lib.StaticUserWebFilter$StaticUserFilter) to context logs
2021-06-03 00:00:07,749 [Listener at 127.0.0.1/45991] INFO  http.HttpServer2 (HttpServer2.java:addFilter(1004)) - Added filter static_user_filter (class=org.apache.hadoop.http.lib.StaticUserWebFilter$StaticUserFilter) to context static
2021-06-03 00:00:07,750 [Listener at 127.0.0.1/45991] INFO  http.HttpServer2 (HttpServer2.java:bindListener(1238)) - Jetty bound to port 34761
2021-06-03 00:00:07,750 [Listener at 127.0.0.1/45991] INFO  server.Server (Server.java:doStart(375)) - jetty-9.4.35.v20201120; built: 2020-11-20T21:17:03.964Z; git: bdc54f03a5e0a7e280fab27f55c3c75ee8da89fb; jvm 1.8.0_292-b10
2021-06-03 00:00:07,753 [Listener at 127.0.0.1/45991] INFO  server.session (DefaultSessionIdManager.java:doStart(334)) - DefaultSessionIdManager workerName=node0
2021-06-03 00:00:07,753 [Listener at 127.0.0.1/45991] INFO  server.session (DefaultSessionIdManager.java:doStart(339)) - No SessionScavenger set, using defaults
2021-06-03 00:00:07,753 [Listener at 127.0.0.1/45991] INFO  server.session (HouseKeeper.java:startScavenging(132)) - node0 Scavenging every 600000ms
2021-06-03 00:00:07,754 [Listener at 127.0.0.1/45991] INFO  handler.ContextHandler (ContextHandler.java:doStart(916)) - Started o.e.j.s.ServletContextHandler@3a8dd899{logs,/logs,file:///home/runner/work/ozone/ozone/mnt/ozone/hadoop-ozone/integration-test/target/log,AVAILABLE}
2021-06-03 00:00:07,755 [Listener at 127.0.0.1/45991] INFO  handler.ContextHandler (ContextHandler.java:doStart(916)) - Started o.e.j.s.ServletContextHandler@448861e5{static,/static,jar:file:/home/runner/.m2/repository/org/apache/ozone/hdds-container-service/1.2.0-SNAPSHOT/hdds-container-service-1.2.0-SNAPSHOT.jar!/webapps/static,AVAILABLE}
2021-06-03 00:00:07,814 [Listener at 127.0.0.1/45991] INFO  handler.ContextHandler (ContextHandler.java:doStart(916)) - Started o.e.j.w.WebAppContext@2c513e9f{hddsDatanode,/,file:///tmp/jetty-0_0_0_0-34761-hdds-container-service-1_2_0-SNAPSHOT_jar-_-any-3819264665135822515/webapp/,AVAILABLE}{jar:file:/home/runner/.m2/repository/org/apache/ozone/hdds-container-service/1.2.0-SNAPSHOT/hdds-container-service-1.2.0-SNAPSHOT.jar!/webapps/hddsDatanode}
2021-06-03 00:00:07,816 [Listener at 127.0.0.1/45991] INFO  server.AbstractConnector (AbstractConnector.java:doStart(331)) - Started ServerConnector@21e441d1{HTTP/1.1, (http/1.1)}{0.0.0.0:34761}
2021-06-03 00:00:07,816 [Listener at 127.0.0.1/45991] INFO  server.Server (Server.java:doStart(415)) - Started @5518ms
2021-06-03 00:00:07,816 [Listener at 127.0.0.1/45991] WARN  impl.MetricsSystemImpl (MetricsSystemImpl.java:register(279)) - Sink prometheus already exists!
2021-06-03 00:00:07,817 [Listener at 127.0.0.1/45991] INFO  http.BaseHttpServer (BaseHttpServer.java:updateConnectorAddress(329)) - HTTP server of hddsDatanode listening at http://0.0.0.0:34761
2021-06-03 00:00:07,821 [Listener at 127.0.0.1/45991] INFO  impl.MetricsSystemImpl (MetricsSystemImpl.java:init(158)) - HddsDatanode metrics system started (again)
2021-06-03 00:00:07,824 [Listener at 127.0.0.1/45991] INFO  ozone.HddsDatanodeService (HddsDatanodeService.java:start(220)) - HddsDatanodeService host:fv-az54-886.gmada3d5h3zutaf4vio4yveaag.bx.internal.cloudapp.net ip:10.1.0.28
2021-06-03 00:00:07,856 [Listener at 127.0.0.1/45991] INFO  volume.HddsVolume (HddsVolume.java:<init>(184)) - Creating Volume: /home/runner/work/ozone/ozone/mnt/ozone/hadoop-ozone/integration-test/target/test-dir/MiniOzoneClusterImpl-d99b0d03-7963-4ac2-881f-75d2f82b72ef/datanode-1/data-0/containers/hdds of storage type : DISK and capacity : 9223372036854775807
2021-06-03 00:00:07,861 [Listener at 127.0.0.1/45991] INFO  volume.MutableVolumeSet (MutableVolumeSet.java:initializeVolumeSet(198)) - Added Volume : /home/runner/work/ozone/ozone/mnt/ozone/hadoop-ozone/integration-test/target/test-dir/MiniOzoneClusterImpl-d99b0d03-7963-4ac2-881f-75d2f82b72ef/datanode-1/data-0/containers/hdds to VolumeSet
2021-06-03 00:00:07,861 [Listener at 127.0.0.1/45991] INFO  volume.ThrottledAsyncChecker (ThrottledAsyncChecker.java:schedule(141)) - Scheduling a check for /home/runner/work/ozone/ozone/mnt/ozone/hadoop-ozone/integration-test/target/test-dir/MiniOzoneClusterImpl-d99b0d03-7963-4ac2-881f-75d2f82b72ef/datanode-1/data-0/containers/hdds
2021-06-03 00:00:07,869 [Listener at 127.0.0.1/45991] INFO  volume.HddsVolumeChecker (HddsVolumeChecker.java:checkAllVolumes(201)) - Scheduled health check for volume /home/runner/work/ozone/ozone/mnt/ozone/hadoop-ozone/integration-test/target/test-dir/MiniOzoneClusterImpl-d99b0d03-7963-4ac2-881f-75d2f82b72ef/datanode-1/data-0/containers/hdds
2021-06-03 00:00:07,873 [org.apache.hadoop.util.JvmPauseMonitor$Monitor@23751bdd] INFO  util.JvmPauseMonitor (JvmPauseMonitor.java:run(188)) - Starting JVM pause monitor
2021-06-03 00:00:07,894 [Listener at 127.0.0.1/45991] INFO  ozoneimpl.ContainerReader (ContainerReader.java:<init>(98)) - Running in upgrade mode:true
2021-06-03 00:00:07,905 [Thread-138] INFO  ozoneimpl.ContainerReader (ContainerReader.java:readVolume(142)) - Start to verify containers on volume /home/runner/work/ozone/ozone/mnt/ozone/hadoop-ozone/integration-test/target/test-dir/MiniOzoneClusterImpl-d99b0d03-7963-4ac2-881f-75d2f82b72ef/datanode-1/data-0/containers/hdds
2021-06-03 00:00:07,906 [Thread-138] INFO  ozoneimpl.ContainerReader (ContainerReader.java:readVolume(174)) - Finish verifying containers on volume /home/runner/work/ozone/ozone/mnt/ozone/hadoop-ozone/integration-test/target/test-dir/MiniOzoneClusterImpl-d99b0d03-7963-4ac2-881f-75d2f82b72ef/datanode-1/data-0/containers/hdds
2021-06-03 00:00:07,906 [Listener at 127.0.0.1/45991] INFO  ozoneimpl.OzoneContainer (OzoneContainer.java:buildContainerSet(228)) - Build ContainerSet costs 0s
2021-06-03 00:00:07,909 [Listener at 127.0.0.1/45991] INFO  server.RaftServer (ConfUtils.java:logGet(44)) - raft.rpc.type = GRPC (default)
2021-06-03 00:00:07,910 [Listener at 127.0.0.1/45991] INFO  grpc.GrpcFactory (GrpcFactory.java:checkPooledByteBufAllocatorUseCacheForAllThreads(48)) - PERFORMANCE WARNING: useCacheForAllThreads is true that may cause Netty to create a lot garbage objects and, as a result, trigger GC.
	It is recommended to disable useCacheForAllThreads by setting -Dorg.apache.ratis.thirdparty.io.netty.allocator.useCacheForAllThreads=false in command line.
2021-06-03 00:00:07,910 [Listener at 127.0.0.1/45991] INFO  grpc.GrpcConfigKeys (ConfUtils.java:logGet(44)) - raft.grpc.admin.port = 0 (custom)
2021-06-03 00:00:07,910 [Listener at 127.0.0.1/45991] INFO  grpc.GrpcConfigKeys (ConfUtils.java:logGet(44)) - raft.grpc.client.port = 0 (custom)
2021-06-03 00:00:07,910 [Listener at 127.0.0.1/45991] INFO  grpc.GrpcConfigKeys (ConfUtils.java:logGet(44)) - raft.grpc.server.port = 0 (default)
2021-06-03 00:00:07,910 [Listener at 127.0.0.1/45991] INFO  server.GrpcService (ConfUtils.java:logGet(44)) - raft.grpc.message.size.max = 32MB (=33554432) (custom)
2021-06-03 00:00:07,910 [Listener at 127.0.0.1/45991] INFO  server.RaftServerConfigKeys (ConfUtils.java:logGet(44)) - raft.server.log.appender.buffer.byte-limit = 33554432 (custom)
2021-06-03 00:00:07,910 [Listener at 127.0.0.1/45991] INFO  server.GrpcService (ConfUtils.java:logGet(44)) - raft.grpc.flow.control.window = 5MB (=5242880) (custom)
2021-06-03 00:00:07,910 [Listener at 127.0.0.1/45991] INFO  server.RaftServerConfigKeys (ConfUtils.java:logGet(44)) - raft.server.rpc.request.timeout = 3000ms (default)
2021-06-03 00:00:07,917 [Listener at 127.0.0.1/45991] INFO  impl.DataStreamServerImpl (ConfUtils.java:logGet(44)) - raft.datastream.type = DISABLED (default)
2021-06-03 00:00:07,918 [Listener at 127.0.0.1/45991] INFO  server.RaftServerConfigKeys (ConfUtils.java:logGet(44)) - raft.server.rpc.slowness.timeout = 300000ms (custom)
2021-06-03 00:00:07,918 [Listener at 127.0.0.1/45991] INFO  server.RaftServerConfigKeys (ConfUtils.java:logGet(44)) - raft.server.leaderelection.leader.step-down.wait-time = 10s (default)
2021-06-03 00:00:07,919 [Listener at 127.0.0.1/45991] INFO  server.RaftServerConfigKeys (ConfUtils.java:logGet(44)) - raft.server.storage.dir = [/home/runner/work/ozone/ozone/mnt/ozone/hadoop-ozone/integration-test/target/test-dir/MiniOzoneClusterImpl-d99b0d03-7963-4ac2-881f-75d2f82b72ef/datanode-1/data/ratis] (custom)
2021-06-03 00:00:07,926 [Listener at 127.0.0.1/45991] INFO  http.BaseHttpServer (BaseHttpServer.java:newHttpServer2BuilderForOzone(209)) - Starting Web-server for hddsDatanode at: http://0.0.0.0:0
2021-06-03 00:00:07,926 [Listener at 127.0.0.1/45991] INFO  http.BaseHttpServer (BaseHttpServer.java:<init>(107)) - Hadoop Security Enabled: false Ozone Security Enabled: false Ozone HTTP Security Enabled: false 
2021-06-03 00:00:07,927 [Listener at 127.0.0.1/45991] INFO  server.AuthenticationFilter (AuthenticationFilter.java:constructSecretProvider(240)) - Unable to initialize FileSignerSecretProvider, falling back to use random secrets.
2021-06-03 00:00:07,932 [Listener at 127.0.0.1/45991] WARN  http.HttpRequestLog (HttpRequestLog.java:getRequestLog(103)) - Jetty request log can only be enabled using Log4j
2021-06-03 00:00:07,935 [Listener at 127.0.0.1/45991] INFO  http.HttpServer2 (HttpServer2.java:addGlobalFilter(1020)) - Added global filter 'safety' (class=org.apache.hadoop.hdds.server.http.HttpServer2$QuotingInputFilter)
2021-06-03 00:00:07,936 [Listener at 127.0.0.1/45991] INFO  http.HttpServer2 (HttpServer2.java:addFilter(996)) - Added filter static_user_filter (class=org.apache.hadoop.http.lib.StaticUserWebFilter$StaticUserFilter) to context hddsDatanode
2021-06-03 00:00:07,936 [Listener at 127.0.0.1/45991] INFO  http.HttpServer2 (HttpServer2.java:addFilter(1004)) - Added filter static_user_filter (class=org.apache.hadoop.http.lib.StaticUserWebFilter$StaticUserFilter) to context static
2021-06-03 00:00:07,937 [Listener at 127.0.0.1/45991] INFO  http.HttpServer2 (HttpServer2.java:addFilter(1004)) - Added filter static_user_filter (class=org.apache.hadoop.http.lib.StaticUserWebFilter$StaticUserFilter) to context logs
2021-06-03 00:00:07,947 [Listener at 127.0.0.1/45991] INFO  http.HttpServer2 (HttpServer2.java:bindListener(1238)) - Jetty bound to port 33771
2021-06-03 00:00:07,947 [Listener at 127.0.0.1/45991] INFO  server.Server (Server.java:doStart(375)) - jetty-9.4.35.v20201120; built: 2020-11-20T21:17:03.964Z; git: bdc54f03a5e0a7e280fab27f55c3c75ee8da89fb; jvm 1.8.0_292-b10
2021-06-03 00:00:07,960 [Listener at 127.0.0.1/45991] INFO  server.session (DefaultSessionIdManager.java:doStart(334)) - DefaultSessionIdManager workerName=node0
2021-06-03 00:00:07,961 [Listener at 127.0.0.1/45991] INFO  server.session (DefaultSessionIdManager.java:doStart(339)) - No SessionScavenger set, using defaults
2021-06-03 00:00:07,961 [Listener at 127.0.0.1/45991] INFO  server.session (HouseKeeper.java:startScavenging(132)) - node0 Scavenging every 600000ms
2021-06-03 00:00:07,962 [Listener at 127.0.0.1/45991] INFO  handler.ContextHandler (ContextHandler.java:doStart(916)) - Started o.e.j.s.ServletContextHandler@58b2c0b4{logs,/logs,file:///home/runner/work/ozone/ozone/mnt/ozone/hadoop-ozone/integration-test/target/log,AVAILABLE}
2021-06-03 00:00:07,962 [Listener at 127.0.0.1/45991] INFO  handler.ContextHandler (ContextHandler.java:doStart(916)) - Started o.e.j.s.ServletContextHandler@2c73a332{static,/static,jar:file:/home/runner/.m2/repository/org/apache/ozone/hdds-container-service/1.2.0-SNAPSHOT/hdds-container-service-1.2.0-SNAPSHOT.jar!/webapps/static,AVAILABLE}
2021-06-03 00:00:08,058 [Datanode State Machine Task Thread - 0] INFO  datanode.InitDatanodeState (InitDatanodeState.java:persistContainerDatanodeDetails(145)) - DatanodeDetails is persisted to /home/runner/work/ozone/ozone/mnt/ozone/hadoop-ozone/integration-test/target/test-dir/MiniOzoneClusterImpl-d99b0d03-7963-4ac2-881f-75d2f82b72ef/datanode-0/meta/datanode.id
2021-06-03 00:00:08,067 [Listener at 127.0.0.1/45991] INFO  handler.ContextHandler (ContextHandler.java:doStart(916)) - Started o.e.j.w.WebAppContext@51be4bf5{hddsDatanode,/,file:///tmp/jetty-0_0_0_0-33771-hdds-container-service-1_2_0-SNAPSHOT_jar-_-any-6744757570670377757/webapp/,AVAILABLE}{jar:file:/home/runner/.m2/repository/org/apache/ozone/hdds-container-service/1.2.0-SNAPSHOT/hdds-container-service-1.2.0-SNAPSHOT.jar!/webapps/hddsDatanode}
2021-06-03 00:00:08,068 [Listener at 127.0.0.1/45991] INFO  server.AbstractConnector (AbstractConnector.java:doStart(331)) - Started ServerConnector@5afaa87a{HTTP/1.1, (http/1.1)}{0.0.0.0:33771}
2021-06-03 00:00:08,069 [Listener at 127.0.0.1/45991] INFO  server.Server (Server.java:doStart(415)) - Started @5771ms
2021-06-03 00:00:08,070 [Listener at 127.0.0.1/45991] WARN  impl.MetricsSystemImpl (MetricsSystemImpl.java:register(279)) - Sink prometheus already exists!
2021-06-03 00:00:08,071 [Listener at 127.0.0.1/45991] INFO  http.BaseHttpServer (BaseHttpServer.java:updateConnectorAddress(329)) - HTTP server of hddsDatanode listening at http://0.0.0.0:33771
2021-06-03 00:00:08,073 [Listener at 127.0.0.1/45991] INFO  impl.MetricsSystemImpl (MetricsSystemImpl.java:init(158)) - HddsDatanode metrics system started (again)
2021-06-03 00:00:08,074 [Listener at 127.0.0.1/45991] INFO  ozone.HddsDatanodeService (HddsDatanodeService.java:start(220)) - HddsDatanodeService host:fv-az54-886.gmada3d5h3zutaf4vio4yveaag.bx.internal.cloudapp.net ip:10.1.0.28
2021-06-03 00:00:08,095 [org.apache.hadoop.util.JvmPauseMonitor$Monitor@1df3d4] INFO  util.JvmPauseMonitor (JvmPauseMonitor.java:run(188)) - Starting JVM pause monitor
2021-06-03 00:00:08,106 [Listener at 127.0.0.1/45991] INFO  volume.HddsVolume (HddsVolume.java:<init>(184)) - Creating Volume: /home/runner/work/ozone/ozone/mnt/ozone/hadoop-ozone/integration-test/target/test-dir/MiniOzoneClusterImpl-d99b0d03-7963-4ac2-881f-75d2f82b72ef/datanode-2/data-0/containers/hdds of storage type : DISK and capacity : 9223372036854775807
2021-06-03 00:00:08,107 [Listener at 127.0.0.1/45991] INFO  volume.MutableVolumeSet (MutableVolumeSet.java:initializeVolumeSet(198)) - Added Volume : /home/runner/work/ozone/ozone/mnt/ozone/hadoop-ozone/integration-test/target/test-dir/MiniOzoneClusterImpl-d99b0d03-7963-4ac2-881f-75d2f82b72ef/datanode-2/data-0/containers/hdds to VolumeSet
2021-06-03 00:00:08,107 [Listener at 127.0.0.1/45991] INFO  volume.ThrottledAsyncChecker (ThrottledAsyncChecker.java:schedule(141)) - Scheduling a check for /home/runner/work/ozone/ozone/mnt/ozone/hadoop-ozone/integration-test/target/test-dir/MiniOzoneClusterImpl-d99b0d03-7963-4ac2-881f-75d2f82b72ef/datanode-2/data-0/containers/hdds
2021-06-03 00:00:08,109 [Listener at 127.0.0.1/45991] INFO  volume.HddsVolumeChecker (HddsVolumeChecker.java:checkAllVolumes(201)) - Scheduled health check for volume /home/runner/work/ozone/ozone/mnt/ozone/hadoop-ozone/integration-test/target/test-dir/MiniOzoneClusterImpl-d99b0d03-7963-4ac2-881f-75d2f82b72ef/datanode-2/data-0/containers/hdds
2021-06-03 00:00:08,114 [Datanode State Machine Task Thread - 0] INFO  datanode.InitDatanodeState (InitDatanodeState.java:persistContainerDatanodeDetails(145)) - DatanodeDetails is persisted to /home/runner/work/ozone/ozone/mnt/ozone/hadoop-ozone/integration-test/target/test-dir/MiniOzoneClusterImpl-d99b0d03-7963-4ac2-881f-75d2f82b72ef/datanode-1/meta/datanode.id
2021-06-03 00:00:08,116 [om1@group-C5BA1605619E-FollowerState] INFO  impl.FollowerState (FollowerState.java:run(134)) - om1@group-C5BA1605619E-FollowerState: change to CANDIDATE, lastRpcElapsedTime:1011061632ns, electionTimeout:1003ms
2021-06-03 00:00:08,116 [om1@group-C5BA1605619E-FollowerState] INFO  impl.RoleInfo (RoleInfo.java:shutdownFollowerState(108)) - om1: shutdown om1@group-C5BA1605619E-FollowerState
2021-06-03 00:00:08,117 [om1@group-C5BA1605619E-FollowerState] INFO  server.RaftServer$Division (RaftServerImpl.java:setRole(284)) - om1@group-C5BA1605619E: changes role from  FOLLOWER to CANDIDATE at term 0 for changeToCandidate
2021-06-03 00:00:08,119 [om1@group-C5BA1605619E-FollowerState] INFO  server.RaftServerConfigKeys (ConfUtils.java:logGet(44)) - raft.server.leaderelection.pre-vote = false (custom)
2021-06-03 00:00:08,119 [om1@group-C5BA1605619E-FollowerState] INFO  impl.RoleInfo (RoleInfo.java:updateAndGet(130)) - om1: start om1@group-C5BA1605619E-LeaderElection1
2021-06-03 00:00:08,127 [om1@group-C5BA1605619E-LeaderElection1] INFO  impl.LeaderElection (LeaderElection.java:askForVotes(306)) - om1@group-C5BA1605619E-LeaderElection1 ELECTION round 0: submit vote requests at term 1 for -1: [om1|rpc:localhost:9872|priority:0], old=null
2021-06-03 00:00:08,128 [om1@group-C5BA1605619E-LeaderElection1] INFO  impl.LeaderElection (LeaderElection.java:askForVotes(308)) - om1@group-C5BA1605619E-LeaderElection1 ELECTION round 0: result PASSED (term=1)
2021-06-03 00:00:08,129 [om1@group-C5BA1605619E-LeaderElection1] INFO  impl.RoleInfo (RoleInfo.java:shutdownLeaderElection(121)) - om1: shutdown om1@group-C5BA1605619E-LeaderElection1
2021-06-03 00:00:08,129 [om1@group-C5BA1605619E-LeaderElection1] INFO  server.RaftServer$Division (RaftServerImpl.java:setRole(284)) - om1@group-C5BA1605619E: changes role from CANDIDATE to LEADER at term 1 for changeToLeader
2021-06-03 00:00:08,129 [om1@group-C5BA1605619E-LeaderElection1] INFO  server.RaftServer$Division (ServerState.java:setLeader(271)) - om1@group-C5BA1605619E: change Leader from null to om1 at term 1 for becomeLeader, leader elected after 1112ms
2021-06-03 00:00:08,135 [om1@group-C5BA1605619E-LeaderElection1] INFO  server.RaftServerConfigKeys (ConfUtils.java:logGet(44)) - raft.server.staging.catchup.gap = 1000 (default)
2021-06-03 00:00:08,138 [om1@group-C5BA1605619E-LeaderElection1] INFO  metrics.RatisMetrics (RatisMetrics.java:lambda$create$0(36)) - Creating Metrics Registry : ratis.log_appender.om1@group-C5BA1605619E
2021-06-03 00:00:08,139 [om1@group-C5BA1605619E-LeaderElection1] INFO  server.RaftServerConfigKeys (ConfUtils.java:logGet(44)) - raft.server.write.element-limit = 4096 (default)
2021-06-03 00:00:08,140 [om1@group-C5BA1605619E-LeaderElection1] INFO  server.RaftServerConfigKeys (ConfUtils.java:logGet(44)) - raft.server.write.byte-limit = 64MB (=67108864) (default)
2021-06-03 00:00:08,145 [om1@group-C5BA1605619E-LeaderElection1] INFO  server.RaftServerConfigKeys (ConfUtils.java:logGet(44)) - raft.server.watch.timeout = 10s (default)
2021-06-03 00:00:08,145 [om1@group-C5BA1605619E-LeaderElection1] INFO  server.RaftServerConfigKeys (ConfUtils.java:logGet(44)) - raft.server.watch.timeout.denomination = 1s (default)
2021-06-03 00:00:08,146 [om1@group-C5BA1605619E-LeaderElection1] INFO  server.RaftServerConfigKeys (ConfUtils.java:logGet(44)) - raft.server.watch.element-limit = 65536 (default)
2021-06-03 00:00:08,146 [Listener at 127.0.0.1/45991] INFO  ozoneimpl.ContainerReader (ContainerReader.java:<init>(98)) - Running in upgrade mode:true
2021-06-03 00:00:08,150 [Thread-151] INFO  ozoneimpl.ContainerReader (ContainerReader.java:readVolume(142)) - Start to verify containers on volume /home/runner/work/ozone/ozone/mnt/ozone/hadoop-ozone/integration-test/target/test-dir/MiniOzoneClusterImpl-d99b0d03-7963-4ac2-881f-75d2f82b72ef/datanode-2/data-0/containers/hdds
2021-06-03 00:00:08,150 [Thread-151] INFO  ozoneimpl.ContainerReader (ContainerReader.java:readVolume(174)) - Finish verifying containers on volume /home/runner/work/ozone/ozone/mnt/ozone/hadoop-ozone/integration-test/target/test-dir/MiniOzoneClusterImpl-d99b0d03-7963-4ac2-881f-75d2f82b72ef/datanode-2/data-0/containers/hdds
2021-06-03 00:00:08,151 [om1@group-C5BA1605619E-LeaderElection1] INFO  impl.RoleInfo (RoleInfo.java:updateAndGet(130)) - om1: start om1@group-C5BA1605619E-LeaderStateImpl
2021-06-03 00:00:08,157 [Listener at 127.0.0.1/45991] INFO  ozoneimpl.OzoneContainer (OzoneContainer.java:buildContainerSet(228)) - Build ContainerSet costs 0s
2021-06-03 00:00:08,159 [Listener at 127.0.0.1/45991] INFO  server.RaftServer (ConfUtils.java:logGet(44)) - raft.rpc.type = GRPC (default)
2021-06-03 00:00:08,160 [Listener at 127.0.0.1/45991] INFO  grpc.GrpcFactory (GrpcFactory.java:checkPooledByteBufAllocatorUseCacheForAllThreads(48)) - PERFORMANCE WARNING: useCacheForAllThreads is true that may cause Netty to create a lot garbage objects and, as a result, trigger GC.
	It is recommended to disable useCacheForAllThreads by setting -Dorg.apache.ratis.thirdparty.io.netty.allocator.useCacheForAllThreads=false in command line.
2021-06-03 00:00:08,160 [Listener at 127.0.0.1/45991] INFO  grpc.GrpcConfigKeys (ConfUtils.java:logGet(44)) - raft.grpc.admin.port = 0 (custom)
2021-06-03 00:00:08,160 [Listener at 127.0.0.1/45991] INFO  grpc.GrpcConfigKeys (ConfUtils.java:logGet(44)) - raft.grpc.client.port = 0 (custom)
2021-06-03 00:00:08,160 [Listener at 127.0.0.1/45991] INFO  grpc.GrpcConfigKeys (ConfUtils.java:logGet(44)) - raft.grpc.server.port = 0 (default)
2021-06-03 00:00:08,160 [Listener at 127.0.0.1/45991] INFO  server.GrpcService (ConfUtils.java:logGet(44)) - raft.grpc.message.size.max = 32MB (=33554432) (custom)
2021-06-03 00:00:08,160 [Listener at 127.0.0.1/45991] INFO  server.RaftServerConfigKeys (ConfUtils.java:logGet(44)) - raft.server.log.appender.buffer.byte-limit = 33554432 (custom)
2021-06-03 00:00:08,160 [Listener at 127.0.0.1/45991] INFO  server.GrpcService (ConfUtils.java:logGet(44)) - raft.grpc.flow.control.window = 5MB (=5242880) (custom)
2021-06-03 00:00:08,161 [Listener at 127.0.0.1/45991] INFO  server.RaftServerConfigKeys (ConfUtils.java:logGet(44)) - raft.server.rpc.request.timeout = 3000ms (default)
2021-06-03 00:00:08,163 [Listener at 127.0.0.1/45991] INFO  impl.DataStreamServerImpl (ConfUtils.java:logGet(44)) - raft.datastream.type = DISABLED (default)
2021-06-03 00:00:08,163 [Listener at 127.0.0.1/45991] INFO  server.RaftServerConfigKeys (ConfUtils.java:logGet(44)) - raft.server.rpc.slowness.timeout = 300000ms (custom)
2021-06-03 00:00:08,164 [Listener at 127.0.0.1/45991] INFO  server.RaftServerConfigKeys (ConfUtils.java:logGet(44)) - raft.server.leaderelection.leader.step-down.wait-time = 10s (default)
2021-06-03 00:00:08,164 [Listener at 127.0.0.1/45991] INFO  server.RaftServerConfigKeys (ConfUtils.java:logGet(44)) - raft.server.storage.dir = [/home/runner/work/ozone/ozone/mnt/ozone/hadoop-ozone/integration-test/target/test-dir/MiniOzoneClusterImpl-d99b0d03-7963-4ac2-881f-75d2f82b72ef/datanode-2/data/ratis] (custom)
2021-06-03 00:00:08,172 [Listener at 127.0.0.1/45991] INFO  http.BaseHttpServer (BaseHttpServer.java:newHttpServer2BuilderForOzone(209)) - Starting Web-server for hddsDatanode at: http://0.0.0.0:0
2021-06-03 00:00:08,172 [Listener at 127.0.0.1/45991] INFO  http.BaseHttpServer (BaseHttpServer.java:<init>(107)) - Hadoop Security Enabled: false Ozone Security Enabled: false Ozone HTTP Security Enabled: false 
2021-06-03 00:00:08,173 [Listener at 127.0.0.1/45991] INFO  server.AuthenticationFilter (AuthenticationFilter.java:constructSecretProvider(240)) - Unable to initialize FileSignerSecretProvider, falling back to use random secrets.
2021-06-03 00:00:08,173 [om1@group-C5BA1605619E-LeaderElection1] INFO  segmented.SegmentedRaftLogWorker (SegmentedRaftLogWorker.java:startLogSegment(394)) - om1@group-C5BA1605619E-SegmentedRaftLogWorker: Starting segment from index:0
2021-06-03 00:00:08,178 [Listener at 127.0.0.1/45991] WARN  http.HttpRequestLog (HttpRequestLog.java:getRequestLog(103)) - Jetty request log can only be enabled using Log4j
2021-06-03 00:00:08,178 [Listener at 127.0.0.1/45991] INFO  http.HttpServer2 (HttpServer2.java:addGlobalFilter(1020)) - Added global filter 'safety' (class=org.apache.hadoop.hdds.server.http.HttpServer2$QuotingInputFilter)
2021-06-03 00:00:08,179 [Listener at 127.0.0.1/45991] INFO  http.HttpServer2 (HttpServer2.java:addFilter(996)) - Added filter static_user_filter (class=org.apache.hadoop.http.lib.StaticUserWebFilter$StaticUserFilter) to context hddsDatanode
2021-06-03 00:00:08,179 [Listener at 127.0.0.1/45991] INFO  http.HttpServer2 (HttpServer2.java:addFilter(1004)) - Added filter static_user_filter (class=org.apache.hadoop.http.lib.StaticUserWebFilter$StaticUserFilter) to context static
2021-06-03 00:00:08,179 [Listener at 127.0.0.1/45991] INFO  http.HttpServer2 (HttpServer2.java:addFilter(1004)) - Added filter static_user_filter (class=org.apache.hadoop.http.lib.StaticUserWebFilter$StaticUserFilter) to context logs
2021-06-03 00:00:08,180 [Listener at 127.0.0.1/45991] INFO  http.HttpServer2 (HttpServer2.java:bindListener(1238)) - Jetty bound to port 43291
2021-06-03 00:00:08,180 [Listener at 127.0.0.1/45991] INFO  server.Server (Server.java:doStart(375)) - jetty-9.4.35.v20201120; built: 2020-11-20T21:17:03.964Z; git: bdc54f03a5e0a7e280fab27f55c3c75ee8da89fb; jvm 1.8.0_292-b10
2021-06-03 00:00:08,213 [Listener at 127.0.0.1/45991] INFO  server.session (DefaultSessionIdManager.java:doStart(334)) - DefaultSessionIdManager workerName=node0
2021-06-03 00:00:08,213 [Listener at 127.0.0.1/45991] INFO  server.session (DefaultSessionIdManager.java:doStart(339)) - No SessionScavenger set, using defaults
2021-06-03 00:00:08,213 [Listener at 127.0.0.1/45991] INFO  server.session (HouseKeeper.java:startScavenging(132)) - node0 Scavenging every 600000ms
2021-06-03 00:00:08,219 [Listener at 127.0.0.1/45991] INFO  handler.ContextHandler (ContextHandler.java:doStart(916)) - Started o.e.j.s.ServletContextHandler@484a91f5{logs,/logs,file:///home/runner/work/ozone/ozone/mnt/ozone/hadoop-ozone/integration-test/target/log,AVAILABLE}
2021-06-03 00:00:08,219 [Listener at 127.0.0.1/45991] INFO  handler.ContextHandler (ContextHandler.java:doStart(916)) - Started o.e.j.s.ServletContextHandler@1b596e21{static,/static,jar:file:/home/runner/.m2/repository/org/apache/ozone/hdds-container-service/1.2.0-SNAPSHOT/hdds-container-service-1.2.0-SNAPSHOT.jar!/webapps/static,AVAILABLE}
2021-06-03 00:00:08,235 [om1@group-C5BA1605619E-LeaderElection1] INFO  server.RaftServer$Division (ServerState.java:setRaftConf(373)) - om1@group-C5BA1605619E: set configuration 0: [om1|rpc:localhost:9872|admin:|client:|dataStream:|priority:0], old=null
2021-06-03 00:00:08,281 [Listener at 127.0.0.1/45991] INFO  handler.ContextHandler (ContextHandler.java:doStart(916)) - Started o.e.j.w.WebAppContext@1bf3af3d{hddsDatanode,/,file:///tmp/jetty-0_0_0_0-43291-hdds-container-service-1_2_0-SNAPSHOT_jar-_-any-4875956621326883390/webapp/,AVAILABLE}{jar:file:/home/runner/.m2/repository/org/apache/ozone/hdds-container-service/1.2.0-SNAPSHOT/hdds-container-service-1.2.0-SNAPSHOT.jar!/webapps/hddsDatanode}
2021-06-03 00:00:08,293 [Listener at 127.0.0.1/45991] INFO  server.AbstractConnector (AbstractConnector.java:doStart(331)) - Started ServerConnector@2176d934{HTTP/1.1, (http/1.1)}{0.0.0.0:43291}
2021-06-03 00:00:08,293 [Listener at 127.0.0.1/45991] INFO  server.Server (Server.java:doStart(415)) - Started @5996ms
2021-06-03 00:00:08,293 [Listener at 127.0.0.1/45991] WARN  impl.MetricsSystemImpl (MetricsSystemImpl.java:register(279)) - Sink prometheus already exists!
2021-06-03 00:00:08,301 [Listener at 127.0.0.1/45991] INFO  http.BaseHttpServer (BaseHttpServer.java:updateConnectorAddress(329)) - HTTP server of hddsDatanode listening at http://0.0.0.0:43291
2021-06-03 00:00:08,309 [Listener at 127.0.0.1/45991] INFO  impl.MetricsSystemImpl (MetricsSystemImpl.java:init(158)) - HddsDatanode metrics system started (again)
2021-06-03 00:00:08,310 [Listener at 127.0.0.1/45991] INFO  ozone.HddsDatanodeService (HddsDatanodeService.java:start(220)) - HddsDatanodeService host:fv-az54-886.gmada3d5h3zutaf4vio4yveaag.bx.internal.cloudapp.net ip:10.1.0.28
2021-06-03 00:00:08,342 [om1@group-C5BA1605619E-SegmentedRaftLogWorker] INFO  segmented.SegmentedRaftLogWorker (SegmentedRaftLogWorker.java:execute(601)) - om1@group-C5BA1605619E-SegmentedRaftLogWorker: created new log segment /home/runner/work/ozone/ozone/mnt/ozone/hadoop-ozone/integration-test/target/test-dir/MiniOzoneClusterImpl-d99b0d03-7963-4ac2-881f-75d2f82b72ef/ozone-meta/ratis/bf265839-605b-3f16-9796-c5ba1605619e/current/log_inprogress_0
2021-06-03 00:00:08,348 [org.apache.hadoop.util.JvmPauseMonitor$Monitor@20ed7c8a] INFO  util.JvmPauseMonitor (JvmPauseMonitor.java:run(188)) - Starting JVM pause monitor
2021-06-03 00:00:08,351 [Datanode State Machine Task Thread - 0] INFO  datanode.InitDatanodeState (InitDatanodeState.java:persistContainerDatanodeDetails(145)) - DatanodeDetails is persisted to /home/runner/work/ozone/ozone/mnt/ozone/hadoop-ozone/integration-test/target/test-dir/MiniOzoneClusterImpl-d99b0d03-7963-4ac2-881f-75d2f82b72ef/datanode-2/meta/datanode.id
2021-06-03 00:00:08,352 [Listener at 127.0.0.1/45991] INFO  volume.HddsVolume (HddsVolume.java:<init>(184)) - Creating Volume: /home/runner/work/ozone/ozone/mnt/ozone/hadoop-ozone/integration-test/target/test-dir/MiniOzoneClusterImpl-d99b0d03-7963-4ac2-881f-75d2f82b72ef/datanode-3/data-0/containers/hdds of storage type : DISK and capacity : 9223372036854775807
2021-06-03 00:00:08,352 [Listener at 127.0.0.1/45991] INFO  volume.MutableVolumeSet (MutableVolumeSet.java:initializeVolumeSet(198)) - Added Volume : /home/runner/work/ozone/ozone/mnt/ozone/hadoop-ozone/integration-test/target/test-dir/MiniOzoneClusterImpl-d99b0d03-7963-4ac2-881f-75d2f82b72ef/datanode-3/data-0/containers/hdds to VolumeSet
2021-06-03 00:00:08,352 [Listener at 127.0.0.1/45991] INFO  volume.ThrottledAsyncChecker (ThrottledAsyncChecker.java:schedule(141)) - Scheduling a check for /home/runner/work/ozone/ozone/mnt/ozone/hadoop-ozone/integration-test/target/test-dir/MiniOzoneClusterImpl-d99b0d03-7963-4ac2-881f-75d2f82b72ef/datanode-3/data-0/containers/hdds
2021-06-03 00:00:08,353 [Listener at 127.0.0.1/45991] INFO  volume.HddsVolumeChecker (HddsVolumeChecker.java:checkAllVolumes(201)) - Scheduled health check for volume /home/runner/work/ozone/ozone/mnt/ozone/hadoop-ozone/integration-test/target/test-dir/MiniOzoneClusterImpl-d99b0d03-7963-4ac2-881f-75d2f82b72ef/datanode-3/data-0/containers/hdds
2021-06-03 00:00:08,367 [Listener at 127.0.0.1/45991] INFO  ozoneimpl.ContainerReader (ContainerReader.java:<init>(98)) - Running in upgrade mode:true
2021-06-03 00:00:08,370 [Thread-162] INFO  ozoneimpl.ContainerReader (ContainerReader.java:readVolume(142)) - Start to verify containers on volume /home/runner/work/ozone/ozone/mnt/ozone/hadoop-ozone/integration-test/target/test-dir/MiniOzoneClusterImpl-d99b0d03-7963-4ac2-881f-75d2f82b72ef/datanode-3/data-0/containers/hdds
2021-06-03 00:00:08,370 [Thread-162] INFO  ozoneimpl.ContainerReader (ContainerReader.java:readVolume(174)) - Finish verifying containers on volume /home/runner/work/ozone/ozone/mnt/ozone/hadoop-ozone/integration-test/target/test-dir/MiniOzoneClusterImpl-d99b0d03-7963-4ac2-881f-75d2f82b72ef/datanode-3/data-0/containers/hdds
2021-06-03 00:00:08,370 [Listener at 127.0.0.1/45991] INFO  ozoneimpl.OzoneContainer (OzoneContainer.java:buildContainerSet(228)) - Build ContainerSet costs 0s
2021-06-03 00:00:08,373 [Listener at 127.0.0.1/45991] INFO  server.RaftServer (ConfUtils.java:logGet(44)) - raft.rpc.type = GRPC (default)
2021-06-03 00:00:08,373 [Listener at 127.0.0.1/45991] INFO  grpc.GrpcFactory (GrpcFactory.java:checkPooledByteBufAllocatorUseCacheForAllThreads(48)) - PERFORMANCE WARNING: useCacheForAllThreads is true that may cause Netty to create a lot garbage objects and, as a result, trigger GC.
	It is recommended to disable useCacheForAllThreads by setting -Dorg.apache.ratis.thirdparty.io.netty.allocator.useCacheForAllThreads=false in command line.
2021-06-03 00:00:08,374 [Listener at 127.0.0.1/45991] INFO  grpc.GrpcConfigKeys (ConfUtils.java:logGet(44)) - raft.grpc.admin.port = 0 (custom)
2021-06-03 00:00:08,374 [Listener at 127.0.0.1/45991] INFO  grpc.GrpcConfigKeys (ConfUtils.java:logGet(44)) - raft.grpc.client.port = 0 (custom)
2021-06-03 00:00:08,374 [Listener at 127.0.0.1/45991] INFO  grpc.GrpcConfigKeys (ConfUtils.java:logGet(44)) - raft.grpc.server.port = 0 (default)
2021-06-03 00:00:08,374 [Listener at 127.0.0.1/45991] INFO  server.GrpcService (ConfUtils.java:logGet(44)) - raft.grpc.message.size.max = 32MB (=33554432) (custom)
2021-06-03 00:00:08,375 [Listener at 127.0.0.1/45991] INFO  server.RaftServerConfigKeys (ConfUtils.java:logGet(44)) - raft.server.log.appender.buffer.byte-limit = 33554432 (custom)
2021-06-03 00:00:08,375 [Listener at 127.0.0.1/45991] INFO  server.GrpcService (ConfUtils.java:logGet(44)) - raft.grpc.flow.control.window = 5MB (=5242880) (custom)
2021-06-03 00:00:08,375 [Listener at 127.0.0.1/45991] INFO  server.RaftServerConfigKeys (ConfUtils.java:logGet(44)) - raft.server.rpc.request.timeout = 3000ms (default)
2021-06-03 00:00:08,376 [Listener at 127.0.0.1/45991] INFO  impl.DataStreamServerImpl (ConfUtils.java:logGet(44)) - raft.datastream.type = DISABLED (default)
2021-06-03 00:00:08,377 [Listener at 127.0.0.1/45991] INFO  server.RaftServerConfigKeys (ConfUtils.java:logGet(44)) - raft.server.rpc.slowness.timeout = 300000ms (custom)
2021-06-03 00:00:08,377 [Listener at 127.0.0.1/45991] INFO  server.RaftServerConfigKeys (ConfUtils.java:logGet(44)) - raft.server.leaderelection.leader.step-down.wait-time = 10s (default)
2021-06-03 00:00:08,377 [Listener at 127.0.0.1/45991] INFO  server.RaftServerConfigKeys (ConfUtils.java:logGet(44)) - raft.server.storage.dir = [/home/runner/work/ozone/ozone/mnt/ozone/hadoop-ozone/integration-test/target/test-dir/MiniOzoneClusterImpl-d99b0d03-7963-4ac2-881f-75d2f82b72ef/datanode-3/data/ratis] (custom)
2021-06-03 00:00:08,385 [Listener at 127.0.0.1/45991] INFO  http.BaseHttpServer (BaseHttpServer.java:newHttpServer2BuilderForOzone(209)) - Starting Web-server for hddsDatanode at: http://0.0.0.0:0
2021-06-03 00:00:08,385 [Listener at 127.0.0.1/45991] INFO  http.BaseHttpServer (BaseHttpServer.java:<init>(107)) - Hadoop Security Enabled: false Ozone Security Enabled: false Ozone HTTP Security Enabled: false 
2021-06-03 00:00:08,386 [Listener at 127.0.0.1/45991] INFO  server.AuthenticationFilter (AuthenticationFilter.java:constructSecretProvider(240)) - Unable to initialize FileSignerSecretProvider, falling back to use random secrets.
2021-06-03 00:00:08,387 [Listener at 127.0.0.1/45991] WARN  http.HttpRequestLog (HttpRequestLog.java:getRequestLog(103)) - Jetty request log can only be enabled using Log4j
2021-06-03 00:00:08,388 [Listener at 127.0.0.1/45991] INFO  http.HttpServer2 (HttpServer2.java:addGlobalFilter(1020)) - Added global filter 'safety' (class=org.apache.hadoop.hdds.server.http.HttpServer2$QuotingInputFilter)
2021-06-03 00:00:08,389 [Listener at 127.0.0.1/45991] INFO  http.HttpServer2 (HttpServer2.java:addFilter(996)) - Added filter static_user_filter (class=org.apache.hadoop.http.lib.StaticUserWebFilter$StaticUserFilter) to context hddsDatanode
2021-06-03 00:00:08,389 [Listener at 127.0.0.1/45991] INFO  http.HttpServer2 (HttpServer2.java:addFilter(1004)) - Added filter static_user_filter (class=org.apache.hadoop.http.lib.StaticUserWebFilter$StaticUserFilter) to context static
2021-06-03 00:00:08,389 [Listener at 127.0.0.1/45991] INFO  http.HttpServer2 (HttpServer2.java:addFilter(1004)) - Added filter static_user_filter (class=org.apache.hadoop.http.lib.StaticUserWebFilter$StaticUserFilter) to context logs
2021-06-03 00:00:08,389 [Listener at 127.0.0.1/45991] INFO  http.HttpServer2 (HttpServer2.java:bindListener(1238)) - Jetty bound to port 34757
2021-06-03 00:00:08,390 [Listener at 127.0.0.1/45991] INFO  server.Server (Server.java:doStart(375)) - jetty-9.4.35.v20201120; built: 2020-11-20T21:17:03.964Z; git: bdc54f03a5e0a7e280fab27f55c3c75ee8da89fb; jvm 1.8.0_292-b10
2021-06-03 00:00:08,391 [Listener at 127.0.0.1/45991] INFO  server.session (DefaultSessionIdManager.java:doStart(334)) - DefaultSessionIdManager workerName=node0
2021-06-03 00:00:08,391 [Listener at 127.0.0.1/45991] INFO  server.session (DefaultSessionIdManager.java:doStart(339)) - No SessionScavenger set, using defaults
2021-06-03 00:00:08,392 [Listener at 127.0.0.1/45991] INFO  server.session (HouseKeeper.java:startScavenging(132)) - node0 Scavenging every 660000ms
2021-06-03 00:00:08,392 [Listener at 127.0.0.1/45991] INFO  handler.ContextHandler (ContextHandler.java:doStart(916)) - Started o.e.j.s.ServletContextHandler@1928dc66{logs,/logs,file:///home/runner/work/ozone/ozone/mnt/ozone/hadoop-ozone/integration-test/target/log,AVAILABLE}
2021-06-03 00:00:08,393 [Listener at 127.0.0.1/45991] INFO  handler.ContextHandler (ContextHandler.java:doStart(916)) - Started o.e.j.s.ServletContextHandler@4fc50fee{static,/static,jar:file:/home/runner/.m2/repository/org/apache/ozone/hdds-container-service/1.2.0-SNAPSHOT/hdds-container-service-1.2.0-SNAPSHOT.jar!/webapps/static,AVAILABLE}
2021-06-03 00:00:08,434 [Listener at 127.0.0.1/45991] INFO  handler.ContextHandler (ContextHandler.java:doStart(916)) - Started o.e.j.w.WebAppContext@42b2319c{hddsDatanode,/,file:///tmp/jetty-0_0_0_0-34757-hdds-container-service-1_2_0-SNAPSHOT_jar-_-any-4580895102961527217/webapp/,AVAILABLE}{jar:file:/home/runner/.m2/repository/org/apache/ozone/hdds-container-service/1.2.0-SNAPSHOT/hdds-container-service-1.2.0-SNAPSHOT.jar!/webapps/hddsDatanode}
2021-06-03 00:00:08,436 [Listener at 127.0.0.1/45991] INFO  server.AbstractConnector (AbstractConnector.java:doStart(331)) - Started ServerConnector@3990d58e{HTTP/1.1, (http/1.1)}{0.0.0.0:34757}
2021-06-03 00:00:08,436 [Listener at 127.0.0.1/45991] INFO  server.Server (Server.java:doStart(415)) - Started @6138ms
2021-06-03 00:00:08,436 [Listener at 127.0.0.1/45991] WARN  impl.MetricsSystemImpl (MetricsSystemImpl.java:register(279)) - Sink prometheus already exists!
2021-06-03 00:00:08,436 [Listener at 127.0.0.1/45991] INFO  http.BaseHttpServer (BaseHttpServer.java:updateConnectorAddress(329)) - HTTP server of hddsDatanode listening at http://0.0.0.0:34757
2021-06-03 00:00:08,437 [Listener at 127.0.0.1/45991] INFO  impl.MetricsSystemImpl (MetricsSystemImpl.java:init(158)) - HddsDatanode metrics system started (again)
2021-06-03 00:00:08,438 [Listener at 127.0.0.1/45991] INFO  ozone.HddsDatanodeService (HddsDatanodeService.java:start(220)) - HddsDatanodeService host:fv-az54-886.gmada3d5h3zutaf4vio4yveaag.bx.internal.cloudapp.net ip:10.1.0.28
2021-06-03 00:00:08,452 [org.apache.hadoop.util.JvmPauseMonitor$Monitor@c7da138] INFO  util.JvmPauseMonitor (JvmPauseMonitor.java:run(188)) - Starting JVM pause monitor
2021-06-03 00:00:08,454 [Datanode State Machine Task Thread - 0] INFO  datanode.InitDatanodeState (InitDatanodeState.java:persistContainerDatanodeDetails(145)) - DatanodeDetails is persisted to /home/runner/work/ozone/ozone/mnt/ozone/hadoop-ozone/integration-test/target/test-dir/MiniOzoneClusterImpl-d99b0d03-7963-4ac2-881f-75d2f82b72ef/datanode-3/meta/datanode.id
2021-06-03 00:00:08,472 [Listener at 127.0.0.1/45991] INFO  volume.HddsVolume (HddsVolume.java:<init>(184)) - Creating Volume: /home/runner/work/ozone/ozone/mnt/ozone/hadoop-ozone/integration-test/target/test-dir/MiniOzoneClusterImpl-d99b0d03-7963-4ac2-881f-75d2f82b72ef/datanode-4/data-0/containers/hdds of storage type : DISK and capacity : 9223372036854775807
2021-06-03 00:00:08,473 [Listener at 127.0.0.1/45991] INFO  volume.MutableVolumeSet (MutableVolumeSet.java:initializeVolumeSet(198)) - Added Volume : /home/runner/work/ozone/ozone/mnt/ozone/hadoop-ozone/integration-test/target/test-dir/MiniOzoneClusterImpl-d99b0d03-7963-4ac2-881f-75d2f82b72ef/datanode-4/data-0/containers/hdds to VolumeSet
2021-06-03 00:00:08,473 [Listener at 127.0.0.1/45991] INFO  volume.ThrottledAsyncChecker (ThrottledAsyncChecker.java:schedule(141)) - Scheduling a check for /home/runner/work/ozone/ozone/mnt/ozone/hadoop-ozone/integration-test/target/test-dir/MiniOzoneClusterImpl-d99b0d03-7963-4ac2-881f-75d2f82b72ef/datanode-4/data-0/containers/hdds
2021-06-03 00:00:08,473 [Listener at 127.0.0.1/45991] INFO  volume.HddsVolumeChecker (HddsVolumeChecker.java:checkAllVolumes(201)) - Scheduled health check for volume /home/runner/work/ozone/ozone/mnt/ozone/hadoop-ozone/integration-test/target/test-dir/MiniOzoneClusterImpl-d99b0d03-7963-4ac2-881f-75d2f82b72ef/datanode-4/data-0/containers/hdds
2021-06-03 00:00:08,493 [Listener at 127.0.0.1/45991] INFO  ozoneimpl.ContainerReader (ContainerReader.java:<init>(98)) - Running in upgrade mode:true
2021-06-03 00:00:08,497 [Thread-173] INFO  ozoneimpl.ContainerReader (ContainerReader.java:readVolume(142)) - Start to verify containers on volume /home/runner/work/ozone/ozone/mnt/ozone/hadoop-ozone/integration-test/target/test-dir/MiniOzoneClusterImpl-d99b0d03-7963-4ac2-881f-75d2f82b72ef/datanode-4/data-0/containers/hdds
2021-06-03 00:00:08,497 [Thread-173] INFO  ozoneimpl.ContainerReader (ContainerReader.java:readVolume(174)) - Finish verifying containers on volume /home/runner/work/ozone/ozone/mnt/ozone/hadoop-ozone/integration-test/target/test-dir/MiniOzoneClusterImpl-d99b0d03-7963-4ac2-881f-75d2f82b72ef/datanode-4/data-0/containers/hdds
2021-06-03 00:00:08,497 [Listener at 127.0.0.1/45991] INFO  ozoneimpl.OzoneContainer (OzoneContainer.java:buildContainerSet(228)) - Build ContainerSet costs 0s
2021-06-03 00:00:08,500 [Listener at 127.0.0.1/45991] INFO  server.RaftServer (ConfUtils.java:logGet(44)) - raft.rpc.type = GRPC (default)
2021-06-03 00:00:08,500 [Listener at 127.0.0.1/45991] INFO  grpc.GrpcFactory (GrpcFactory.java:checkPooledByteBufAllocatorUseCacheForAllThreads(48)) - PERFORMANCE WARNING: useCacheForAllThreads is true that may cause Netty to create a lot garbage objects and, as a result, trigger GC.
	It is recommended to disable useCacheForAllThreads by setting -Dorg.apache.ratis.thirdparty.io.netty.allocator.useCacheForAllThreads=false in command line.
2021-06-03 00:00:08,500 [Listener at 127.0.0.1/45991] INFO  grpc.GrpcConfigKeys (ConfUtils.java:logGet(44)) - raft.grpc.admin.port = 0 (custom)
2021-06-03 00:00:08,500 [Listener at 127.0.0.1/45991] INFO  grpc.GrpcConfigKeys (ConfUtils.java:logGet(44)) - raft.grpc.client.port = 0 (custom)
2021-06-03 00:00:08,500 [Listener at 127.0.0.1/45991] INFO  grpc.GrpcConfigKeys (ConfUtils.java:logGet(44)) - raft.grpc.server.port = 0 (default)
2021-06-03 00:00:08,500 [Listener at 127.0.0.1/45991] INFO  server.GrpcService (ConfUtils.java:logGet(44)) - raft.grpc.message.size.max = 32MB (=33554432) (custom)
2021-06-03 00:00:08,500 [Listener at 127.0.0.1/45991] INFO  server.RaftServerConfigKeys (ConfUtils.java:logGet(44)) - raft.server.log.appender.buffer.byte-limit = 33554432 (custom)
2021-06-03 00:00:08,500 [Listener at 127.0.0.1/45991] INFO  server.GrpcService (ConfUtils.java:logGet(44)) - raft.grpc.flow.control.window = 5MB (=5242880) (custom)
2021-06-03 00:00:08,501 [Listener at 127.0.0.1/45991] INFO  server.RaftServerConfigKeys (ConfUtils.java:logGet(44)) - raft.server.rpc.request.timeout = 3000ms (default)
2021-06-03 00:00:08,503 [Listener at 127.0.0.1/45991] INFO  impl.DataStreamServerImpl (ConfUtils.java:logGet(44)) - raft.datastream.type = DISABLED (default)
2021-06-03 00:00:08,503 [Listener at 127.0.0.1/45991] INFO  server.RaftServerConfigKeys (ConfUtils.java:logGet(44)) - raft.server.rpc.slowness.timeout = 300000ms (custom)
2021-06-03 00:00:08,503 [Listener at 127.0.0.1/45991] INFO  server.RaftServerConfigKeys (ConfUtils.java:logGet(44)) - raft.server.leaderelection.leader.step-down.wait-time = 10s (default)
2021-06-03 00:00:08,503 [Listener at 127.0.0.1/45991] INFO  server.RaftServerConfigKeys (ConfUtils.java:logGet(44)) - raft.server.storage.dir = [/home/runner/work/ozone/ozone/mnt/ozone/hadoop-ozone/integration-test/target/test-dir/MiniOzoneClusterImpl-d99b0d03-7963-4ac2-881f-75d2f82b72ef/datanode-4/data/ratis] (custom)
2021-06-03 00:00:08,509 [Listener at 127.0.0.1/45991] INFO  http.BaseHttpServer (BaseHttpServer.java:newHttpServer2BuilderForOzone(209)) - Starting Web-server for hddsDatanode at: http://0.0.0.0:0
2021-06-03 00:00:08,510 [Listener at 127.0.0.1/45991] INFO  http.BaseHttpServer (BaseHttpServer.java:<init>(107)) - Hadoop Security Enabled: false Ozone Security Enabled: false Ozone HTTP Security Enabled: false 
2021-06-03 00:00:08,511 [Listener at 127.0.0.1/45991] INFO  server.AuthenticationFilter (AuthenticationFilter.java:constructSecretProvider(240)) - Unable to initialize FileSignerSecretProvider, falling back to use random secrets.
2021-06-03 00:00:08,512 [Listener at 127.0.0.1/45991] WARN  http.HttpRequestLog (HttpRequestLog.java:getRequestLog(103)) - Jetty request log can only be enabled using Log4j
2021-06-03 00:00:08,513 [Listener at 127.0.0.1/45991] INFO  http.HttpServer2 (HttpServer2.java:addGlobalFilter(1020)) - Added global filter 'safety' (class=org.apache.hadoop.hdds.server.http.HttpServer2$QuotingInputFilter)
2021-06-03 00:00:08,514 [Listener at 127.0.0.1/45991] INFO  http.HttpServer2 (HttpServer2.java:addFilter(996)) - Added filter static_user_filter (class=org.apache.hadoop.http.lib.StaticUserWebFilter$StaticUserFilter) to context hddsDatanode
2021-06-03 00:00:08,514 [Listener at 127.0.0.1/45991] INFO  http.HttpServer2 (HttpServer2.java:addFilter(1004)) - Added filter static_user_filter (class=org.apache.hadoop.http.lib.StaticUserWebFilter$StaticUserFilter) to context logs
2021-06-03 00:00:08,514 [Listener at 127.0.0.1/45991] INFO  http.HttpServer2 (HttpServer2.java:addFilter(1004)) - Added filter static_user_filter (class=org.apache.hadoop.http.lib.StaticUserWebFilter$StaticUserFilter) to context static
2021-06-03 00:00:08,515 [Listener at 127.0.0.1/45991] INFO  http.HttpServer2 (HttpServer2.java:bindListener(1238)) - Jetty bound to port 34853
2021-06-03 00:00:08,515 [Listener at 127.0.0.1/45991] INFO  server.Server (Server.java:doStart(375)) - jetty-9.4.35.v20201120; built: 2020-11-20T21:17:03.964Z; git: bdc54f03a5e0a7e280fab27f55c3c75ee8da89fb; jvm 1.8.0_292-b10
2021-06-03 00:00:08,518 [Listener at 127.0.0.1/45991] INFO  server.session (DefaultSessionIdManager.java:doStart(334)) - DefaultSessionIdManager workerName=node0
2021-06-03 00:00:08,519 [Listener at 127.0.0.1/45991] INFO  server.session (DefaultSessionIdManager.java:doStart(339)) - No SessionScavenger set, using defaults
2021-06-03 00:00:08,519 [Listener at 127.0.0.1/45991] INFO  server.session (HouseKeeper.java:startScavenging(132)) - node0 Scavenging every 600000ms
2021-06-03 00:00:08,520 [Listener at 127.0.0.1/45991] INFO  handler.ContextHandler (ContextHandler.java:doStart(916)) - Started o.e.j.s.ServletContextHandler@31360632{logs,/logs,file:///home/runner/work/ozone/ozone/mnt/ozone/hadoop-ozone/integration-test/target/log,AVAILABLE}
2021-06-03 00:00:08,520 [Listener at 127.0.0.1/45991] INFO  handler.ContextHandler (ContextHandler.java:doStart(916)) - Started o.e.j.s.ServletContextHandler@153ce630{static,/static,jar:file:/home/runner/.m2/repository/org/apache/ozone/hdds-container-service/1.2.0-SNAPSHOT/hdds-container-service-1.2.0-SNAPSHOT.jar!/webapps/static,AVAILABLE}
2021-06-03 00:00:08,564 [Listener at 127.0.0.1/45991] INFO  handler.ContextHandler (ContextHandler.java:doStart(916)) - Started o.e.j.w.WebAppContext@40ea5cd3{hddsDatanode,/,file:///tmp/jetty-0_0_0_0-34853-hdds-container-service-1_2_0-SNAPSHOT_jar-_-any-4028614904064982506/webapp/,AVAILABLE}{jar:file:/home/runner/.m2/repository/org/apache/ozone/hdds-container-service/1.2.0-SNAPSHOT/hdds-container-service-1.2.0-SNAPSHOT.jar!/webapps/hddsDatanode}
2021-06-03 00:00:08,566 [Listener at 127.0.0.1/45991] INFO  server.AbstractConnector (AbstractConnector.java:doStart(331)) - Started ServerConnector@75922191{HTTP/1.1, (http/1.1)}{0.0.0.0:34853}
2021-06-03 00:00:08,567 [Listener at 127.0.0.1/45991] INFO  server.Server (Server.java:doStart(415)) - Started @6269ms
2021-06-03 00:00:08,567 [Listener at 127.0.0.1/45991] WARN  impl.MetricsSystemImpl (MetricsSystemImpl.java:register(279)) - Sink prometheus already exists!
2021-06-03 00:00:08,567 [Listener at 127.0.0.1/45991] INFO  http.BaseHttpServer (BaseHttpServer.java:updateConnectorAddress(329)) - HTTP server of hddsDatanode listening at http://0.0.0.0:34853
2021-06-03 00:00:08,568 [Listener at 127.0.0.1/45991] INFO  impl.MetricsSystemImpl (MetricsSystemImpl.java:init(158)) - HddsDatanode metrics system started (again)
2021-06-03 00:00:08,570 [Listener at 127.0.0.1/45991] INFO  ozone.HddsDatanodeService (HddsDatanodeService.java:start(220)) - HddsDatanodeService host:fv-az54-886.gmada3d5h3zutaf4vio4yveaag.bx.internal.cloudapp.net ip:10.1.0.28
2021-06-03 00:00:08,573 [org.apache.hadoop.util.JvmPauseMonitor$Monitor@2834df76] INFO  util.JvmPauseMonitor (JvmPauseMonitor.java:run(188)) - Starting JVM pause monitor
2021-06-03 00:00:08,576 [Datanode State Machine Task Thread - 0] INFO  datanode.InitDatanodeState (InitDatanodeState.java:persistContainerDatanodeDetails(145)) - DatanodeDetails is persisted to /home/runner/work/ozone/ozone/mnt/ozone/hadoop-ozone/integration-test/target/test-dir/MiniOzoneClusterImpl-d99b0d03-7963-4ac2-881f-75d2f82b72ef/datanode-4/meta/datanode.id
2021-06-03 00:00:08,594 [Listener at 127.0.0.1/45991] INFO  volume.HddsVolume (HddsVolume.java:<init>(184)) - Creating Volume: /home/runner/work/ozone/ozone/mnt/ozone/hadoop-ozone/integration-test/target/test-dir/MiniOzoneClusterImpl-d99b0d03-7963-4ac2-881f-75d2f82b72ef/datanode-5/data-0/containers/hdds of storage type : DISK and capacity : 9223372036854775807
2021-06-03 00:00:08,594 [Listener at 127.0.0.1/45991] INFO  volume.MutableVolumeSet (MutableVolumeSet.java:initializeVolumeSet(198)) - Added Volume : /home/runner/work/ozone/ozone/mnt/ozone/hadoop-ozone/integration-test/target/test-dir/MiniOzoneClusterImpl-d99b0d03-7963-4ac2-881f-75d2f82b72ef/datanode-5/data-0/containers/hdds to VolumeSet
2021-06-03 00:00:08,594 [Listener at 127.0.0.1/45991] INFO  volume.ThrottledAsyncChecker (ThrottledAsyncChecker.java:schedule(141)) - Scheduling a check for /home/runner/work/ozone/ozone/mnt/ozone/hadoop-ozone/integration-test/target/test-dir/MiniOzoneClusterImpl-d99b0d03-7963-4ac2-881f-75d2f82b72ef/datanode-5/data-0/containers/hdds
2021-06-03 00:00:08,596 [Listener at 127.0.0.1/45991] INFO  volume.HddsVolumeChecker (HddsVolumeChecker.java:checkAllVolumes(201)) - Scheduled health check for volume /home/runner/work/ozone/ozone/mnt/ozone/hadoop-ozone/integration-test/target/test-dir/MiniOzoneClusterImpl-d99b0d03-7963-4ac2-881f-75d2f82b72ef/datanode-5/data-0/containers/hdds
2021-06-03 00:00:08,609 [Listener at 127.0.0.1/45991] INFO  ozoneimpl.ContainerReader (ContainerReader.java:<init>(98)) - Running in upgrade mode:true
2021-06-03 00:00:08,609 [Thread-184] INFO  ozoneimpl.ContainerReader (ContainerReader.java:readVolume(142)) - Start to verify containers on volume /home/runner/work/ozone/ozone/mnt/ozone/hadoop-ozone/integration-test/target/test-dir/MiniOzoneClusterImpl-d99b0d03-7963-4ac2-881f-75d2f82b72ef/datanode-5/data-0/containers/hdds
2021-06-03 00:00:08,609 [Thread-184] INFO  ozoneimpl.ContainerReader (ContainerReader.java:readVolume(174)) - Finish verifying containers on volume /home/runner/work/ozone/ozone/mnt/ozone/hadoop-ozone/integration-test/target/test-dir/MiniOzoneClusterImpl-d99b0d03-7963-4ac2-881f-75d2f82b72ef/datanode-5/data-0/containers/hdds
2021-06-03 00:00:08,609 [Listener at 127.0.0.1/45991] INFO  ozoneimpl.OzoneContainer (OzoneContainer.java:buildContainerSet(228)) - Build ContainerSet costs 0s
2021-06-03 00:00:08,612 [Listener at 127.0.0.1/45991] INFO  server.RaftServer (ConfUtils.java:logGet(44)) - raft.rpc.type = GRPC (default)
2021-06-03 00:00:08,612 [Listener at 127.0.0.1/45991] INFO  grpc.GrpcFactory (GrpcFactory.java:checkPooledByteBufAllocatorUseCacheForAllThreads(48)) - PERFORMANCE WARNING: useCacheForAllThreads is true that may cause Netty to create a lot garbage objects and, as a result, trigger GC.
	It is recommended to disable useCacheForAllThreads by setting -Dorg.apache.ratis.thirdparty.io.netty.allocator.useCacheForAllThreads=false in command line.
2021-06-03 00:00:08,612 [Listener at 127.0.0.1/45991] INFO  grpc.GrpcConfigKeys (ConfUtils.java:logGet(44)) - raft.grpc.admin.port = 0 (custom)
2021-06-03 00:00:08,612 [Listener at 127.0.0.1/45991] INFO  grpc.GrpcConfigKeys (ConfUtils.java:logGet(44)) - raft.grpc.client.port = 0 (custom)
2021-06-03 00:00:08,612 [Listener at 127.0.0.1/45991] INFO  grpc.GrpcConfigKeys (ConfUtils.java:logGet(44)) - raft.grpc.server.port = 0 (default)
2021-06-03 00:00:08,612 [Listener at 127.0.0.1/45991] INFO  server.GrpcService (ConfUtils.java:logGet(44)) - raft.grpc.message.size.max = 32MB (=33554432) (custom)
2021-06-03 00:00:08,612 [Listener at 127.0.0.1/45991] INFO  server.RaftServerConfigKeys (ConfUtils.java:logGet(44)) - raft.server.log.appender.buffer.byte-limit = 33554432 (custom)
2021-06-03 00:00:08,613 [Listener at 127.0.0.1/45991] INFO  server.GrpcService (ConfUtils.java:logGet(44)) - raft.grpc.flow.control.window = 5MB (=5242880) (custom)
2021-06-03 00:00:08,613 [Listener at 127.0.0.1/45991] INFO  server.RaftServerConfigKeys (ConfUtils.java:logGet(44)) - raft.server.rpc.request.timeout = 3000ms (default)
2021-06-03 00:00:08,614 [Listener at 127.0.0.1/45991] INFO  impl.DataStreamServerImpl (ConfUtils.java:logGet(44)) - raft.datastream.type = DISABLED (default)
2021-06-03 00:00:08,614 [Listener at 127.0.0.1/45991] INFO  server.RaftServerConfigKeys (ConfUtils.java:logGet(44)) - raft.server.rpc.slowness.timeout = 300000ms (custom)
2021-06-03 00:00:08,614 [Listener at 127.0.0.1/45991] INFO  server.RaftServerConfigKeys (ConfUtils.java:logGet(44)) - raft.server.leaderelection.leader.step-down.wait-time = 10s (default)
2021-06-03 00:00:08,614 [Listener at 127.0.0.1/45991] INFO  server.RaftServerConfigKeys (ConfUtils.java:logGet(44)) - raft.server.storage.dir = [/home/runner/work/ozone/ozone/mnt/ozone/hadoop-ozone/integration-test/target/test-dir/MiniOzoneClusterImpl-d99b0d03-7963-4ac2-881f-75d2f82b72ef/datanode-5/data/ratis] (custom)
2021-06-03 00:00:08,617 [Listener at 127.0.0.1/45991] INFO  http.BaseHttpServer (BaseHttpServer.java:newHttpServer2BuilderForOzone(209)) - Starting Web-server for hddsDatanode at: http://0.0.0.0:0
2021-06-03 00:00:08,617 [Listener at 127.0.0.1/45991] INFO  http.BaseHttpServer (BaseHttpServer.java:<init>(107)) - Hadoop Security Enabled: false Ozone Security Enabled: false Ozone HTTP Security Enabled: false 
2021-06-03 00:00:08,618 [Listener at 127.0.0.1/45991] INFO  server.AuthenticationFilter (AuthenticationFilter.java:constructSecretProvider(240)) - Unable to initialize FileSignerSecretProvider, falling back to use random secrets.
2021-06-03 00:00:08,618 [Listener at 127.0.0.1/45991] WARN  http.HttpRequestLog (HttpRequestLog.java:getRequestLog(103)) - Jetty request log can only be enabled using Log4j
2021-06-03 00:00:08,619 [Listener at 127.0.0.1/45991] INFO  http.HttpServer2 (HttpServer2.java:addGlobalFilter(1020)) - Added global filter 'safety' (class=org.apache.hadoop.hdds.server.http.HttpServer2$QuotingInputFilter)
2021-06-03 00:00:08,620 [Listener at 127.0.0.1/45991] INFO  http.HttpServer2 (HttpServer2.java:addFilter(996)) - Added filter static_user_filter (class=org.apache.hadoop.http.lib.StaticUserWebFilter$StaticUserFilter) to context hddsDatanode
2021-06-03 00:00:08,620 [Listener at 127.0.0.1/45991] INFO  http.HttpServer2 (HttpServer2.java:addFilter(1004)) - Added filter static_user_filter (class=org.apache.hadoop.http.lib.StaticUserWebFilter$StaticUserFilter) to context logs
2021-06-03 00:00:08,620 [Listener at 127.0.0.1/45991] INFO  http.HttpServer2 (HttpServer2.java:addFilter(1004)) - Added filter static_user_filter (class=org.apache.hadoop.http.lib.StaticUserWebFilter$StaticUserFilter) to context static
2021-06-03 00:00:08,620 [Listener at 127.0.0.1/45991] INFO  http.HttpServer2 (HttpServer2.java:bindListener(1238)) - Jetty bound to port 40405
2021-06-03 00:00:08,621 [Listener at 127.0.0.1/45991] INFO  server.Server (Server.java:doStart(375)) - jetty-9.4.35.v20201120; built: 2020-11-20T21:17:03.964Z; git: bdc54f03a5e0a7e280fab27f55c3c75ee8da89fb; jvm 1.8.0_292-b10
2021-06-03 00:00:08,622 [Listener at 127.0.0.1/45991] INFO  server.session (DefaultSessionIdManager.java:doStart(334)) - DefaultSessionIdManager workerName=node0
2021-06-03 00:00:08,622 [Listener at 127.0.0.1/45991] INFO  server.session (DefaultSessionIdManager.java:doStart(339)) - No SessionScavenger set, using defaults
2021-06-03 00:00:08,622 [Listener at 127.0.0.1/45991] INFO  server.session (HouseKeeper.java:startScavenging(132)) - node0 Scavenging every 660000ms
2021-06-03 00:00:08,625 [Listener at 127.0.0.1/45991] INFO  handler.ContextHandler (ContextHandler.java:doStart(916)) - Started o.e.j.s.ServletContextHandler@362aa318{logs,/logs,file:///home/runner/work/ozone/ozone/mnt/ozone/hadoop-ozone/integration-test/target/log,AVAILABLE}
2021-06-03 00:00:08,625 [Listener at 127.0.0.1/45991] INFO  handler.ContextHandler (ContextHandler.java:doStart(916)) - Started o.e.j.s.ServletContextHandler@7ec53f8f{static,/static,jar:file:/home/runner/.m2/repository/org/apache/ozone/hdds-container-service/1.2.0-SNAPSHOT/hdds-container-service-1.2.0-SNAPSHOT.jar!/webapps/static,AVAILABLE}
2021-06-03 00:00:08,667 [Listener at 127.0.0.1/45991] INFO  handler.ContextHandler (ContextHandler.java:doStart(916)) - Started o.e.j.w.WebAppContext@3125a827{hddsDatanode,/,file:///tmp/jetty-0_0_0_0-40405-hdds-container-service-1_2_0-SNAPSHOT_jar-_-any-8642917738698470829/webapp/,AVAILABLE}{jar:file:/home/runner/.m2/repository/org/apache/ozone/hdds-container-service/1.2.0-SNAPSHOT/hdds-container-service-1.2.0-SNAPSHOT.jar!/webapps/hddsDatanode}
2021-06-03 00:00:08,669 [Listener at 127.0.0.1/45991] INFO  server.AbstractConnector (AbstractConnector.java:doStart(331)) - Started ServerConnector@3f491bd2{HTTP/1.1, (http/1.1)}{0.0.0.0:40405}
2021-06-03 00:00:08,670 [Listener at 127.0.0.1/45991] INFO  server.Server (Server.java:doStart(415)) - Started @6372ms
2021-06-03 00:00:08,670 [Listener at 127.0.0.1/45991] WARN  impl.MetricsSystemImpl (MetricsSystemImpl.java:register(279)) - Sink prometheus already exists!
2021-06-03 00:00:08,670 [Listener at 127.0.0.1/45991] INFO  http.BaseHttpServer (BaseHttpServer.java:updateConnectorAddress(329)) - HTTP server of hddsDatanode listening at http://0.0.0.0:40405
2021-06-03 00:00:08,671 [Listener at 127.0.0.1/45991] INFO  impl.MetricsSystemImpl (MetricsSystemImpl.java:init(158)) - HddsDatanode metrics system started (again)
2021-06-03 00:00:08,673 [Listener at 127.0.0.1/45991] INFO  ozone.HddsDatanodeService (HddsDatanodeService.java:start(220)) - HddsDatanodeService host:fv-az54-886.gmada3d5h3zutaf4vio4yveaag.bx.internal.cloudapp.net ip:10.1.0.28
2021-06-03 00:00:08,681 [org.apache.hadoop.util.JvmPauseMonitor$Monitor@4ebec118] INFO  util.JvmPauseMonitor (JvmPauseMonitor.java:run(188)) - Starting JVM pause monitor
2021-06-03 00:00:08,684 [Datanode State Machine Task Thread - 0] INFO  datanode.InitDatanodeState (InitDatanodeState.java:persistContainerDatanodeDetails(145)) - DatanodeDetails is persisted to /home/runner/work/ozone/ozone/mnt/ozone/hadoop-ozone/integration-test/target/test-dir/MiniOzoneClusterImpl-d99b0d03-7963-4ac2-881f-75d2f82b72ef/datanode-5/meta/datanode.id
2021-06-03 00:00:08,696 [Listener at 127.0.0.1/45991] INFO  volume.HddsVolume (HddsVolume.java:<init>(184)) - Creating Volume: /home/runner/work/ozone/ozone/mnt/ozone/hadoop-ozone/integration-test/target/test-dir/MiniOzoneClusterImpl-d99b0d03-7963-4ac2-881f-75d2f82b72ef/datanode-6/data-0/containers/hdds of storage type : DISK and capacity : 9223372036854775807
2021-06-03 00:00:08,696 [Listener at 127.0.0.1/45991] INFO  volume.MutableVolumeSet (MutableVolumeSet.java:initializeVolumeSet(198)) - Added Volume : /home/runner/work/ozone/ozone/mnt/ozone/hadoop-ozone/integration-test/target/test-dir/MiniOzoneClusterImpl-d99b0d03-7963-4ac2-881f-75d2f82b72ef/datanode-6/data-0/containers/hdds to VolumeSet
2021-06-03 00:00:08,696 [Listener at 127.0.0.1/45991] INFO  volume.ThrottledAsyncChecker (ThrottledAsyncChecker.java:schedule(141)) - Scheduling a check for /home/runner/work/ozone/ozone/mnt/ozone/hadoop-ozone/integration-test/target/test-dir/MiniOzoneClusterImpl-d99b0d03-7963-4ac2-881f-75d2f82b72ef/datanode-6/data-0/containers/hdds
2021-06-03 00:00:08,701 [Listener at 127.0.0.1/45991] INFO  volume.HddsVolumeChecker (HddsVolumeChecker.java:checkAllVolumes(201)) - Scheduled health check for volume /home/runner/work/ozone/ozone/mnt/ozone/hadoop-ozone/integration-test/target/test-dir/MiniOzoneClusterImpl-d99b0d03-7963-4ac2-881f-75d2f82b72ef/datanode-6/data-0/containers/hdds
2021-06-03 00:00:08,715 [Listener at 127.0.0.1/45991] INFO  ozoneimpl.ContainerReader (ContainerReader.java:<init>(98)) - Running in upgrade mode:true
2021-06-03 00:00:08,715 [Thread-195] INFO  ozoneimpl.ContainerReader (ContainerReader.java:readVolume(142)) - Start to verify containers on volume /home/runner/work/ozone/ozone/mnt/ozone/hadoop-ozone/integration-test/target/test-dir/MiniOzoneClusterImpl-d99b0d03-7963-4ac2-881f-75d2f82b72ef/datanode-6/data-0/containers/hdds
2021-06-03 00:00:08,716 [Thread-195] INFO  ozoneimpl.ContainerReader (ContainerReader.java:readVolume(174)) - Finish verifying containers on volume /home/runner/work/ozone/ozone/mnt/ozone/hadoop-ozone/integration-test/target/test-dir/MiniOzoneClusterImpl-d99b0d03-7963-4ac2-881f-75d2f82b72ef/datanode-6/data-0/containers/hdds
2021-06-03 00:00:08,716 [Listener at 127.0.0.1/45991] INFO  ozoneimpl.OzoneContainer (OzoneContainer.java:buildContainerSet(228)) - Build ContainerSet costs 0s
2021-06-03 00:00:08,718 [Listener at 127.0.0.1/45991] INFO  server.RaftServer (ConfUtils.java:logGet(44)) - raft.rpc.type = GRPC (default)
2021-06-03 00:00:08,718 [Listener at 127.0.0.1/45991] INFO  grpc.GrpcFactory (GrpcFactory.java:checkPooledByteBufAllocatorUseCacheForAllThreads(48)) - PERFORMANCE WARNING: useCacheForAllThreads is true that may cause Netty to create a lot garbage objects and, as a result, trigger GC.
	It is recommended to disable useCacheForAllThreads by setting -Dorg.apache.ratis.thirdparty.io.netty.allocator.useCacheForAllThreads=false in command line.
2021-06-03 00:00:08,718 [Listener at 127.0.0.1/45991] INFO  grpc.GrpcConfigKeys (ConfUtils.java:logGet(44)) - raft.grpc.admin.port = 0 (custom)
2021-06-03 00:00:08,718 [Listener at 127.0.0.1/45991] INFO  grpc.GrpcConfigKeys (ConfUtils.java:logGet(44)) - raft.grpc.client.port = 0 (custom)
2021-06-03 00:00:08,718 [Listener at 127.0.0.1/45991] INFO  grpc.GrpcConfigKeys (ConfUtils.java:logGet(44)) - raft.grpc.server.port = 0 (default)
2021-06-03 00:00:08,718 [Listener at 127.0.0.1/45991] INFO  server.GrpcService (ConfUtils.java:logGet(44)) - raft.grpc.message.size.max = 32MB (=33554432) (custom)
2021-06-03 00:00:08,719 [Listener at 127.0.0.1/45991] INFO  server.RaftServerConfigKeys (ConfUtils.java:logGet(44)) - raft.server.log.appender.buffer.byte-limit = 33554432 (custom)
2021-06-03 00:00:08,719 [Listener at 127.0.0.1/45991] INFO  server.GrpcService (ConfUtils.java:logGet(44)) - raft.grpc.flow.control.window = 5MB (=5242880) (custom)
2021-06-03 00:00:08,719 [Listener at 127.0.0.1/45991] INFO  server.RaftServerConfigKeys (ConfUtils.java:logGet(44)) - raft.server.rpc.request.timeout = 3000ms (default)
2021-06-03 00:00:08,720 [Listener at 127.0.0.1/45991] INFO  impl.DataStreamServerImpl (ConfUtils.java:logGet(44)) - raft.datastream.type = DISABLED (default)
2021-06-03 00:00:08,720 [Listener at 127.0.0.1/45991] INFO  server.RaftServerConfigKeys (ConfUtils.java:logGet(44)) - raft.server.rpc.slowness.timeout = 300000ms (custom)
2021-06-03 00:00:08,720 [Listener at 127.0.0.1/45991] INFO  server.RaftServerConfigKeys (ConfUtils.java:logGet(44)) - raft.server.leaderelection.leader.step-down.wait-time = 10s (default)
2021-06-03 00:00:08,720 [Listener at 127.0.0.1/45991] INFO  server.RaftServerConfigKeys (ConfUtils.java:logGet(44)) - raft.server.storage.dir = [/home/runner/work/ozone/ozone/mnt/ozone/hadoop-ozone/integration-test/target/test-dir/MiniOzoneClusterImpl-d99b0d03-7963-4ac2-881f-75d2f82b72ef/datanode-6/data/ratis] (custom)
2021-06-03 00:00:08,725 [Listener at 127.0.0.1/45991] INFO  http.BaseHttpServer (BaseHttpServer.java:newHttpServer2BuilderForOzone(209)) - Starting Web-server for hddsDatanode at: http://0.0.0.0:0
2021-06-03 00:00:08,725 [Listener at 127.0.0.1/45991] INFO  http.BaseHttpServer (BaseHttpServer.java:<init>(107)) - Hadoop Security Enabled: false Ozone Security Enabled: false Ozone HTTP Security Enabled: false 
2021-06-03 00:00:08,726 [Listener at 127.0.0.1/45991] INFO  server.AuthenticationFilter (AuthenticationFilter.java:constructSecretProvider(240)) - Unable to initialize FileSignerSecretProvider, falling back to use random secrets.
2021-06-03 00:00:08,727 [Listener at 127.0.0.1/45991] WARN  http.HttpRequestLog (HttpRequestLog.java:getRequestLog(103)) - Jetty request log can only be enabled using Log4j
2021-06-03 00:00:08,727 [Listener at 127.0.0.1/45991] INFO  http.HttpServer2 (HttpServer2.java:addGlobalFilter(1020)) - Added global filter 'safety' (class=org.apache.hadoop.hdds.server.http.HttpServer2$QuotingInputFilter)
2021-06-03 00:00:08,728 [Listener at 127.0.0.1/45991] INFO  http.HttpServer2 (HttpServer2.java:addFilter(996)) - Added filter static_user_filter (class=org.apache.hadoop.http.lib.StaticUserWebFilter$StaticUserFilter) to context hddsDatanode
2021-06-03 00:00:08,728 [Listener at 127.0.0.1/45991] INFO  http.HttpServer2 (HttpServer2.java:addFilter(1004)) - Added filter static_user_filter (class=org.apache.hadoop.http.lib.StaticUserWebFilter$StaticUserFilter) to context static
2021-06-03 00:00:08,728 [Listener at 127.0.0.1/45991] INFO  http.HttpServer2 (HttpServer2.java:addFilter(1004)) - Added filter static_user_filter (class=org.apache.hadoop.http.lib.StaticUserWebFilter$StaticUserFilter) to context logs
2021-06-03 00:00:08,729 [Listener at 127.0.0.1/45991] INFO  http.HttpServer2 (HttpServer2.java:bindListener(1238)) - Jetty bound to port 38473
2021-06-03 00:00:08,729 [Listener at 127.0.0.1/45991] INFO  server.Server (Server.java:doStart(375)) - jetty-9.4.35.v20201120; built: 2020-11-20T21:17:03.964Z; git: bdc54f03a5e0a7e280fab27f55c3c75ee8da89fb; jvm 1.8.0_292-b10
2021-06-03 00:00:08,732 [Listener at 127.0.0.1/45991] INFO  server.session (DefaultSessionIdManager.java:doStart(334)) - DefaultSessionIdManager workerName=node0
2021-06-03 00:00:08,732 [Listener at 127.0.0.1/45991] INFO  server.session (DefaultSessionIdManager.java:doStart(339)) - No SessionScavenger set, using defaults
2021-06-03 00:00:08,732 [Listener at 127.0.0.1/45991] INFO  server.session (HouseKeeper.java:startScavenging(132)) - node0 Scavenging every 660000ms
2021-06-03 00:00:08,734 [Listener at 127.0.0.1/45991] INFO  handler.ContextHandler (ContextHandler.java:doStart(916)) - Started o.e.j.s.ServletContextHandler@68938ccf{logs,/logs,file:///home/runner/work/ozone/ozone/mnt/ozone/hadoop-ozone/integration-test/target/log,AVAILABLE}
2021-06-03 00:00:08,734 [Listener at 127.0.0.1/45991] INFO  handler.ContextHandler (ContextHandler.java:doStart(916)) - Started o.e.j.s.ServletContextHandler@26e437dd{static,/static,jar:file:/home/runner/.m2/repository/org/apache/ozone/hdds-container-service/1.2.0-SNAPSHOT/hdds-container-service-1.2.0-SNAPSHOT.jar!/webapps/static,AVAILABLE}
2021-06-03 00:00:08,780 [Listener at 127.0.0.1/45991] INFO  handler.ContextHandler (ContextHandler.java:doStart(916)) - Started o.e.j.w.WebAppContext@4310007c{hddsDatanode,/,file:///tmp/jetty-0_0_0_0-38473-hdds-container-service-1_2_0-SNAPSHOT_jar-_-any-8926471719508909050/webapp/,AVAILABLE}{jar:file:/home/runner/.m2/repository/org/apache/ozone/hdds-container-service/1.2.0-SNAPSHOT/hdds-container-service-1.2.0-SNAPSHOT.jar!/webapps/hddsDatanode}
2021-06-03 00:00:08,781 [Listener at 127.0.0.1/45991] INFO  server.AbstractConnector (AbstractConnector.java:doStart(331)) - Started ServerConnector@1aa9635c{HTTP/1.1, (http/1.1)}{0.0.0.0:38473}
2021-06-03 00:00:08,782 [Listener at 127.0.0.1/45991] INFO  server.Server (Server.java:doStart(415)) - Started @6485ms
2021-06-03 00:00:08,782 [Listener at 127.0.0.1/45991] WARN  impl.MetricsSystemImpl (MetricsSystemImpl.java:register(279)) - Sink prometheus already exists!
2021-06-03 00:00:08,783 [Listener at 127.0.0.1/45991] INFO  http.BaseHttpServer (BaseHttpServer.java:updateConnectorAddress(329)) - HTTP server of hddsDatanode listening at http://0.0.0.0:38473
2021-06-03 00:00:08,785 [Listener at 127.0.0.1/45991] INFO  impl.MetricsSystemImpl (MetricsSystemImpl.java:init(158)) - HddsDatanode metrics system started (again)
2021-06-03 00:00:08,787 [Listener at 127.0.0.1/45991] INFO  ozone.HddsDatanodeService (HddsDatanodeService.java:start(220)) - HddsDatanodeService host:fv-az54-886.gmada3d5h3zutaf4vio4yveaag.bx.internal.cloudapp.net ip:10.1.0.28
2021-06-03 00:00:08,798 [org.apache.hadoop.util.JvmPauseMonitor$Monitor@5fec0a3] INFO  util.JvmPauseMonitor (JvmPauseMonitor.java:run(188)) - Starting JVM pause monitor
2021-06-03 00:00:08,816 [Datanode State Machine Task Thread - 0] INFO  datanode.InitDatanodeState (InitDatanodeState.java:persistContainerDatanodeDetails(145)) - DatanodeDetails is persisted to /home/runner/work/ozone/ozone/mnt/ozone/hadoop-ozone/integration-test/target/test-dir/MiniOzoneClusterImpl-d99b0d03-7963-4ac2-881f-75d2f82b72ef/datanode-6/meta/datanode.id
2021-06-03 00:00:08,821 [Listener at 127.0.0.1/45991] INFO  volume.HddsVolume (HddsVolume.java:<init>(184)) - Creating Volume: /home/runner/work/ozone/ozone/mnt/ozone/hadoop-ozone/integration-test/target/test-dir/MiniOzoneClusterImpl-d99b0d03-7963-4ac2-881f-75d2f82b72ef/datanode-7/data-0/containers/hdds of storage type : DISK and capacity : 9223372036854775807
2021-06-03 00:00:08,821 [Listener at 127.0.0.1/45991] INFO  volume.MutableVolumeSet (MutableVolumeSet.java:initializeVolumeSet(198)) - Added Volume : /home/runner/work/ozone/ozone/mnt/ozone/hadoop-ozone/integration-test/target/test-dir/MiniOzoneClusterImpl-d99b0d03-7963-4ac2-881f-75d2f82b72ef/datanode-7/data-0/containers/hdds to VolumeSet
2021-06-03 00:00:08,821 [Listener at 127.0.0.1/45991] INFO  volume.ThrottledAsyncChecker (ThrottledAsyncChecker.java:schedule(141)) - Scheduling a check for /home/runner/work/ozone/ozone/mnt/ozone/hadoop-ozone/integration-test/target/test-dir/MiniOzoneClusterImpl-d99b0d03-7963-4ac2-881f-75d2f82b72ef/datanode-7/data-0/containers/hdds
2021-06-03 00:00:08,822 [Listener at 127.0.0.1/45991] INFO  volume.HddsVolumeChecker (HddsVolumeChecker.java:checkAllVolumes(201)) - Scheduled health check for volume /home/runner/work/ozone/ozone/mnt/ozone/hadoop-ozone/integration-test/target/test-dir/MiniOzoneClusterImpl-d99b0d03-7963-4ac2-881f-75d2f82b72ef/datanode-7/data-0/containers/hdds
2021-06-03 00:00:08,834 [Listener at 127.0.0.1/45991] INFO  ozoneimpl.ContainerReader (ContainerReader.java:<init>(98)) - Running in upgrade mode:true
2021-06-03 00:00:08,835 [Thread-206] INFO  ozoneimpl.ContainerReader (ContainerReader.java:readVolume(142)) - Start to verify containers on volume /home/runner/work/ozone/ozone/mnt/ozone/hadoop-ozone/integration-test/target/test-dir/MiniOzoneClusterImpl-d99b0d03-7963-4ac2-881f-75d2f82b72ef/datanode-7/data-0/containers/hdds
2021-06-03 00:00:08,835 [Thread-206] INFO  ozoneimpl.ContainerReader (ContainerReader.java:readVolume(174)) - Finish verifying containers on volume /home/runner/work/ozone/ozone/mnt/ozone/hadoop-ozone/integration-test/target/test-dir/MiniOzoneClusterImpl-d99b0d03-7963-4ac2-881f-75d2f82b72ef/datanode-7/data-0/containers/hdds
2021-06-03 00:00:08,835 [Listener at 127.0.0.1/45991] INFO  ozoneimpl.OzoneContainer (OzoneContainer.java:buildContainerSet(228)) - Build ContainerSet costs 0s
2021-06-03 00:00:08,837 [Listener at 127.0.0.1/45991] INFO  server.RaftServer (ConfUtils.java:logGet(44)) - raft.rpc.type = GRPC (default)
2021-06-03 00:00:08,837 [Listener at 127.0.0.1/45991] INFO  grpc.GrpcFactory (GrpcFactory.java:checkPooledByteBufAllocatorUseCacheForAllThreads(48)) - PERFORMANCE WARNING: useCacheForAllThreads is true that may cause Netty to create a lot garbage objects and, as a result, trigger GC.
	It is recommended to disable useCacheForAllThreads by setting -Dorg.apache.ratis.thirdparty.io.netty.allocator.useCacheForAllThreads=false in command line.
2021-06-03 00:00:08,838 [Listener at 127.0.0.1/45991] INFO  grpc.GrpcConfigKeys (ConfUtils.java:logGet(44)) - raft.grpc.admin.port = 0 (custom)
2021-06-03 00:00:08,838 [Listener at 127.0.0.1/45991] INFO  grpc.GrpcConfigKeys (ConfUtils.java:logGet(44)) - raft.grpc.client.port = 0 (custom)
2021-06-03 00:00:08,838 [Listener at 127.0.0.1/45991] INFO  grpc.GrpcConfigKeys (ConfUtils.java:logGet(44)) - raft.grpc.server.port = 0 (default)
2021-06-03 00:00:08,838 [Listener at 127.0.0.1/45991] INFO  server.GrpcService (ConfUtils.java:logGet(44)) - raft.grpc.message.size.max = 32MB (=33554432) (custom)
2021-06-03 00:00:08,838 [Listener at 127.0.0.1/45991] INFO  server.RaftServerConfigKeys (ConfUtils.java:logGet(44)) - raft.server.log.appender.buffer.byte-limit = 33554432 (custom)
2021-06-03 00:00:08,838 [Listener at 127.0.0.1/45991] INFO  server.GrpcService (ConfUtils.java:logGet(44)) - raft.grpc.flow.control.window = 5MB (=5242880) (custom)
2021-06-03 00:00:08,838 [Listener at 127.0.0.1/45991] INFO  server.RaftServerConfigKeys (ConfUtils.java:logGet(44)) - raft.server.rpc.request.timeout = 3000ms (default)
2021-06-03 00:00:08,839 [Listener at 127.0.0.1/45991] INFO  impl.DataStreamServerImpl (ConfUtils.java:logGet(44)) - raft.datastream.type = DISABLED (default)
2021-06-03 00:00:08,839 [Listener at 127.0.0.1/45991] INFO  server.RaftServerConfigKeys (ConfUtils.java:logGet(44)) - raft.server.rpc.slowness.timeout = 300000ms (custom)
2021-06-03 00:00:08,840 [Listener at 127.0.0.1/45991] INFO  server.RaftServerConfigKeys (ConfUtils.java:logGet(44)) - raft.server.leaderelection.leader.step-down.wait-time = 10s (default)
2021-06-03 00:00:08,840 [Listener at 127.0.0.1/45991] INFO  server.RaftServerConfigKeys (ConfUtils.java:logGet(44)) - raft.server.storage.dir = [/home/runner/work/ozone/ozone/mnt/ozone/hadoop-ozone/integration-test/target/test-dir/MiniOzoneClusterImpl-d99b0d03-7963-4ac2-881f-75d2f82b72ef/datanode-7/data/ratis] (custom)
2021-06-03 00:00:08,845 [Listener at 127.0.0.1/45991] INFO  http.BaseHttpServer (BaseHttpServer.java:newHttpServer2BuilderForOzone(209)) - Starting Web-server for hddsDatanode at: http://0.0.0.0:0
2021-06-03 00:00:08,845 [Listener at 127.0.0.1/45991] INFO  http.BaseHttpServer (BaseHttpServer.java:<init>(107)) - Hadoop Security Enabled: false Ozone Security Enabled: false Ozone HTTP Security Enabled: false 
2021-06-03 00:00:08,847 [Listener at 127.0.0.1/45991] INFO  server.AuthenticationFilter (AuthenticationFilter.java:constructSecretProvider(240)) - Unable to initialize FileSignerSecretProvider, falling back to use random secrets.
2021-06-03 00:00:08,848 [Listener at 127.0.0.1/45991] WARN  http.HttpRequestLog (HttpRequestLog.java:getRequestLog(103)) - Jetty request log can only be enabled using Log4j
2021-06-03 00:00:08,849 [Listener at 127.0.0.1/45991] INFO  http.HttpServer2 (HttpServer2.java:addGlobalFilter(1020)) - Added global filter 'safety' (class=org.apache.hadoop.hdds.server.http.HttpServer2$QuotingInputFilter)
2021-06-03 00:00:08,849 [Listener at 127.0.0.1/45991] INFO  http.HttpServer2 (HttpServer2.java:addFilter(996)) - Added filter static_user_filter (class=org.apache.hadoop.http.lib.StaticUserWebFilter$StaticUserFilter) to context hddsDatanode
2021-06-03 00:00:08,850 [Listener at 127.0.0.1/45991] INFO  http.HttpServer2 (HttpServer2.java:addFilter(1004)) - Added filter static_user_filter (class=org.apache.hadoop.http.lib.StaticUserWebFilter$StaticUserFilter) to context static
2021-06-03 00:00:08,850 [Listener at 127.0.0.1/45991] INFO  http.HttpServer2 (HttpServer2.java:addFilter(1004)) - Added filter static_user_filter (class=org.apache.hadoop.http.lib.StaticUserWebFilter$StaticUserFilter) to context logs
2021-06-03 00:00:08,850 [Listener at 127.0.0.1/45991] INFO  http.HttpServer2 (HttpServer2.java:bindListener(1238)) - Jetty bound to port 46839
2021-06-03 00:00:08,850 [Listener at 127.0.0.1/45991] INFO  server.Server (Server.java:doStart(375)) - jetty-9.4.35.v20201120; built: 2020-11-20T21:17:03.964Z; git: bdc54f03a5e0a7e280fab27f55c3c75ee8da89fb; jvm 1.8.0_292-b10
2021-06-03 00:00:08,856 [Listener at 127.0.0.1/45991] INFO  server.session (DefaultSessionIdManager.java:doStart(334)) - DefaultSessionIdManager workerName=node0
2021-06-03 00:00:08,856 [Listener at 127.0.0.1/45991] INFO  server.session (DefaultSessionIdManager.java:doStart(339)) - No SessionScavenger set, using defaults
2021-06-03 00:00:08,856 [Listener at 127.0.0.1/45991] INFO  server.session (HouseKeeper.java:startScavenging(132)) - node0 Scavenging every 660000ms
2021-06-03 00:00:08,857 [Listener at 127.0.0.1/45991] INFO  handler.ContextHandler (ContextHandler.java:doStart(916)) - Started o.e.j.s.ServletContextHandler@337fd6a1{logs,/logs,file:///home/runner/work/ozone/ozone/mnt/ozone/hadoop-ozone/integration-test/target/log,AVAILABLE}
2021-06-03 00:00:08,857 [Listener at 127.0.0.1/45991] INFO  handler.ContextHandler (ContextHandler.java:doStart(916)) - Started o.e.j.s.ServletContextHandler@20c9b155{static,/static,jar:file:/home/runner/.m2/repository/org/apache/ozone/hdds-container-service/1.2.0-SNAPSHOT/hdds-container-service-1.2.0-SNAPSHOT.jar!/webapps/static,AVAILABLE}
2021-06-03 00:00:08,926 [Listener at 127.0.0.1/45991] INFO  handler.ContextHandler (ContextHandler.java:doStart(916)) - Started o.e.j.w.WebAppContext@5c1ecf52{hddsDatanode,/,file:///tmp/jetty-0_0_0_0-46839-hdds-container-service-1_2_0-SNAPSHOT_jar-_-any-7474236769320180935/webapp/,AVAILABLE}{jar:file:/home/runner/.m2/repository/org/apache/ozone/hdds-container-service/1.2.0-SNAPSHOT/hdds-container-service-1.2.0-SNAPSHOT.jar!/webapps/hddsDatanode}
2021-06-03 00:00:08,927 [Listener at 127.0.0.1/45991] INFO  server.AbstractConnector (AbstractConnector.java:doStart(331)) - Started ServerConnector@3698f2ed{HTTP/1.1, (http/1.1)}{0.0.0.0:46839}
2021-06-03 00:00:08,927 [Listener at 127.0.0.1/45991] INFO  server.Server (Server.java:doStart(415)) - Started @6630ms
2021-06-03 00:00:08,927 [Listener at 127.0.0.1/45991] WARN  impl.MetricsSystemImpl (MetricsSystemImpl.java:register(279)) - Sink prometheus already exists!
2021-06-03 00:00:08,928 [Listener at 127.0.0.1/45991] INFO  http.BaseHttpServer (BaseHttpServer.java:updateConnectorAddress(329)) - HTTP server of hddsDatanode listening at http://0.0.0.0:46839
2021-06-03 00:00:08,937 [Listener at 127.0.0.1/45991] INFO  impl.MetricsSystemImpl (MetricsSystemImpl.java:init(158)) - HddsDatanode metrics system started (again)
2021-06-03 00:00:08,940 [Listener at 127.0.0.1/45991] INFO  ozone.HddsDatanodeService (HddsDatanodeService.java:start(220)) - HddsDatanodeService host:fv-az54-886.gmada3d5h3zutaf4vio4yveaag.bx.internal.cloudapp.net ip:10.1.0.28
2021-06-03 00:00:08,945 [org.apache.hadoop.util.JvmPauseMonitor$Monitor@7a33ee17] INFO  util.JvmPauseMonitor (JvmPauseMonitor.java:run(188)) - Starting JVM pause monitor
2021-06-03 00:00:08,950 [Datanode State Machine Task Thread - 0] INFO  datanode.InitDatanodeState (InitDatanodeState.java:persistContainerDatanodeDetails(145)) - DatanodeDetails is persisted to /home/runner/work/ozone/ozone/mnt/ozone/hadoop-ozone/integration-test/target/test-dir/MiniOzoneClusterImpl-d99b0d03-7963-4ac2-881f-75d2f82b72ef/datanode-7/meta/datanode.id
2021-06-03 00:00:08,965 [Listener at 127.0.0.1/45991] INFO  volume.HddsVolume (HddsVolume.java:<init>(184)) - Creating Volume: /home/runner/work/ozone/ozone/mnt/ozone/hadoop-ozone/integration-test/target/test-dir/MiniOzoneClusterImpl-d99b0d03-7963-4ac2-881f-75d2f82b72ef/datanode-8/data-0/containers/hdds of storage type : DISK and capacity : 9223372036854775807
2021-06-03 00:00:08,966 [Listener at 127.0.0.1/45991] INFO  volume.MutableVolumeSet (MutableVolumeSet.java:initializeVolumeSet(198)) - Added Volume : /home/runner/work/ozone/ozone/mnt/ozone/hadoop-ozone/integration-test/target/test-dir/MiniOzoneClusterImpl-d99b0d03-7963-4ac2-881f-75d2f82b72ef/datanode-8/data-0/containers/hdds to VolumeSet
2021-06-03 00:00:08,966 [Listener at 127.0.0.1/45991] INFO  volume.ThrottledAsyncChecker (ThrottledAsyncChecker.java:schedule(141)) - Scheduling a check for /home/runner/work/ozone/ozone/mnt/ozone/hadoop-ozone/integration-test/target/test-dir/MiniOzoneClusterImpl-d99b0d03-7963-4ac2-881f-75d2f82b72ef/datanode-8/data-0/containers/hdds
2021-06-03 00:00:08,970 [Listener at 127.0.0.1/45991] INFO  volume.HddsVolumeChecker (HddsVolumeChecker.java:checkAllVolumes(201)) - Scheduled health check for volume /home/runner/work/ozone/ozone/mnt/ozone/hadoop-ozone/integration-test/target/test-dir/MiniOzoneClusterImpl-d99b0d03-7963-4ac2-881f-75d2f82b72ef/datanode-8/data-0/containers/hdds
2021-06-03 00:00:08,986 [Listener at 127.0.0.1/45991] INFO  ozoneimpl.ContainerReader (ContainerReader.java:<init>(98)) - Running in upgrade mode:true
2021-06-03 00:00:08,986 [Thread-217] INFO  ozoneimpl.ContainerReader (ContainerReader.java:readVolume(142)) - Start to verify containers on volume /home/runner/work/ozone/ozone/mnt/ozone/hadoop-ozone/integration-test/target/test-dir/MiniOzoneClusterImpl-d99b0d03-7963-4ac2-881f-75d2f82b72ef/datanode-8/data-0/containers/hdds
2021-06-03 00:00:08,986 [Thread-217] INFO  ozoneimpl.ContainerReader (ContainerReader.java:readVolume(174)) - Finish verifying containers on volume /home/runner/work/ozone/ozone/mnt/ozone/hadoop-ozone/integration-test/target/test-dir/MiniOzoneClusterImpl-d99b0d03-7963-4ac2-881f-75d2f82b72ef/datanode-8/data-0/containers/hdds
2021-06-03 00:00:08,986 [Listener at 127.0.0.1/45991] INFO  ozoneimpl.OzoneContainer (OzoneContainer.java:buildContainerSet(228)) - Build ContainerSet costs 0s
2021-06-03 00:00:08,989 [Listener at 127.0.0.1/45991] INFO  server.RaftServer (ConfUtils.java:logGet(44)) - raft.rpc.type = GRPC (default)
2021-06-03 00:00:08,989 [Listener at 127.0.0.1/45991] INFO  grpc.GrpcFactory (GrpcFactory.java:checkPooledByteBufAllocatorUseCacheForAllThreads(48)) - PERFORMANCE WARNING: useCacheForAllThreads is true that may cause Netty to create a lot garbage objects and, as a result, trigger GC.
	It is recommended to disable useCacheForAllThreads by setting -Dorg.apache.ratis.thirdparty.io.netty.allocator.useCacheForAllThreads=false in command line.
2021-06-03 00:00:08,989 [Listener at 127.0.0.1/45991] INFO  grpc.GrpcConfigKeys (ConfUtils.java:logGet(44)) - raft.grpc.admin.port = 0 (custom)
2021-06-03 00:00:08,989 [Listener at 127.0.0.1/45991] INFO  grpc.GrpcConfigKeys (ConfUtils.java:logGet(44)) - raft.grpc.client.port = 0 (custom)
2021-06-03 00:00:08,989 [Listener at 127.0.0.1/45991] INFO  grpc.GrpcConfigKeys (ConfUtils.java:logGet(44)) - raft.grpc.server.port = 0 (default)
2021-06-03 00:00:08,989 [Listener at 127.0.0.1/45991] INFO  server.GrpcService (ConfUtils.java:logGet(44)) - raft.grpc.message.size.max = 32MB (=33554432) (custom)
2021-06-03 00:00:08,990 [Listener at 127.0.0.1/45991] INFO  server.RaftServerConfigKeys (ConfUtils.java:logGet(44)) - raft.server.log.appender.buffer.byte-limit = 33554432 (custom)
2021-06-03 00:00:08,991 [Listener at 127.0.0.1/45991] INFO  server.GrpcService (ConfUtils.java:logGet(44)) - raft.grpc.flow.control.window = 5MB (=5242880) (custom)
2021-06-03 00:00:08,991 [Listener at 127.0.0.1/45991] INFO  server.RaftServerConfigKeys (ConfUtils.java:logGet(44)) - raft.server.rpc.request.timeout = 3000ms (default)
2021-06-03 00:00:08,992 [Listener at 127.0.0.1/45991] INFO  impl.DataStreamServerImpl (ConfUtils.java:logGet(44)) - raft.datastream.type = DISABLED (default)
2021-06-03 00:00:08,992 [Listener at 127.0.0.1/45991] INFO  server.RaftServerConfigKeys (ConfUtils.java:logGet(44)) - raft.server.rpc.slowness.timeout = 300000ms (custom)
2021-06-03 00:00:08,992 [Listener at 127.0.0.1/45991] INFO  server.RaftServerConfigKeys (ConfUtils.java:logGet(44)) - raft.server.leaderelection.leader.step-down.wait-time = 10s (default)
2021-06-03 00:00:08,992 [Listener at 127.0.0.1/45991] INFO  server.RaftServerConfigKeys (ConfUtils.java:logGet(44)) - raft.server.storage.dir = [/home/runner/work/ozone/ozone/mnt/ozone/hadoop-ozone/integration-test/target/test-dir/MiniOzoneClusterImpl-d99b0d03-7963-4ac2-881f-75d2f82b72ef/datanode-8/data/ratis] (custom)
2021-06-03 00:00:08,995 [Listener at 127.0.0.1/45991] INFO  http.BaseHttpServer (BaseHttpServer.java:newHttpServer2BuilderForOzone(209)) - Starting Web-server for hddsDatanode at: http://0.0.0.0:0
2021-06-03 00:00:08,995 [Listener at 127.0.0.1/45991] INFO  http.BaseHttpServer (BaseHttpServer.java:<init>(107)) - Hadoop Security Enabled: false Ozone Security Enabled: false Ozone HTTP Security Enabled: false 
2021-06-03 00:00:08,996 [Listener at 127.0.0.1/45991] INFO  server.AuthenticationFilter (AuthenticationFilter.java:constructSecretProvider(240)) - Unable to initialize FileSignerSecretProvider, falling back to use random secrets.
2021-06-03 00:00:08,996 [Listener at 127.0.0.1/45991] WARN  http.HttpRequestLog (HttpRequestLog.java:getRequestLog(103)) - Jetty request log can only be enabled using Log4j
2021-06-03 00:00:08,997 [Listener at 127.0.0.1/45991] INFO  http.HttpServer2 (HttpServer2.java:addGlobalFilter(1020)) - Added global filter 'safety' (class=org.apache.hadoop.hdds.server.http.HttpServer2$QuotingInputFilter)
2021-06-03 00:00:08,998 [Listener at 127.0.0.1/45991] INFO  http.HttpServer2 (HttpServer2.java:addFilter(996)) - Added filter static_user_filter (class=org.apache.hadoop.http.lib.StaticUserWebFilter$StaticUserFilter) to context hddsDatanode
2021-06-03 00:00:08,998 [Listener at 127.0.0.1/45991] INFO  http.HttpServer2 (HttpServer2.java:addFilter(1004)) - Added filter static_user_filter (class=org.apache.hadoop.http.lib.StaticUserWebFilter$StaticUserFilter) to context static
2021-06-03 00:00:08,998 [Listener at 127.0.0.1/45991] INFO  http.HttpServer2 (HttpServer2.java:addFilter(1004)) - Added filter static_user_filter (class=org.apache.hadoop.http.lib.StaticUserWebFilter$StaticUserFilter) to context logs
2021-06-03 00:00:08,999 [Listener at 127.0.0.1/45991] INFO  http.HttpServer2 (HttpServer2.java:bindListener(1238)) - Jetty bound to port 40307
2021-06-03 00:00:08,999 [Listener at 127.0.0.1/45991] INFO  server.Server (Server.java:doStart(375)) - jetty-9.4.35.v20201120; built: 2020-11-20T21:17:03.964Z; git: bdc54f03a5e0a7e280fab27f55c3c75ee8da89fb; jvm 1.8.0_292-b10
2021-06-03 00:00:09,001 [Listener at 127.0.0.1/45991] INFO  server.session (DefaultSessionIdManager.java:doStart(334)) - DefaultSessionIdManager workerName=node0
2021-06-03 00:00:09,002 [Listener at 127.0.0.1/45991] INFO  server.session (DefaultSessionIdManager.java:doStart(339)) - No SessionScavenger set, using defaults
2021-06-03 00:00:09,002 [Listener at 127.0.0.1/45991] INFO  server.session (HouseKeeper.java:startScavenging(132)) - node0 Scavenging every 660000ms
2021-06-03 00:00:09,002 [Listener at 127.0.0.1/45991] INFO  handler.ContextHandler (ContextHandler.java:doStart(916)) - Started o.e.j.s.ServletContextHandler@45db8ba6{logs,/logs,file:///home/runner/work/ozone/ozone/mnt/ozone/hadoop-ozone/integration-test/target/log,AVAILABLE}
2021-06-03 00:00:09,003 [Listener at 127.0.0.1/45991] INFO  handler.ContextHandler (ContextHandler.java:doStart(916)) - Started o.e.j.s.ServletContextHandler@2809e7ab{static,/static,jar:file:/home/runner/.m2/repository/org/apache/ozone/hdds-container-service/1.2.0-SNAPSHOT/hdds-container-service-1.2.0-SNAPSHOT.jar!/webapps/static,AVAILABLE}
2021-06-03 00:00:09,048 [Listener at 127.0.0.1/45991] INFO  handler.ContextHandler (ContextHandler.java:doStart(916)) - Started o.e.j.w.WebAppContext@45e97963{hddsDatanode,/,file:///tmp/jetty-0_0_0_0-40307-hdds-container-service-1_2_0-SNAPSHOT_jar-_-any-4184527392070123645/webapp/,AVAILABLE}{jar:file:/home/runner/.m2/repository/org/apache/ozone/hdds-container-service/1.2.0-SNAPSHOT/hdds-container-service-1.2.0-SNAPSHOT.jar!/webapps/hddsDatanode}
2021-06-03 00:00:09,053 [Listener at 127.0.0.1/45991] INFO  server.AbstractConnector (AbstractConnector.java:doStart(331)) - Started ServerConnector@70a7ebc9{HTTP/1.1, (http/1.1)}{0.0.0.0:40307}
2021-06-03 00:00:09,053 [Listener at 127.0.0.1/45991] INFO  server.Server (Server.java:doStart(415)) - Started @6756ms
2021-06-03 00:00:09,053 [Listener at 127.0.0.1/45991] WARN  impl.MetricsSystemImpl (MetricsSystemImpl.java:register(279)) - Sink prometheus already exists!
2021-06-03 00:00:09,054 [Listener at 127.0.0.1/45991] INFO  http.BaseHttpServer (BaseHttpServer.java:updateConnectorAddress(329)) - HTTP server of hddsDatanode listening at http://0.0.0.0:40307
2021-06-03 00:00:09,058 [Listener at 127.0.0.1/45991] INFO  impl.MetricsSystemImpl (MetricsSystemImpl.java:init(158)) - HddsDatanode metrics system started (again)
2021-06-03 00:00:09,065 [org.apache.hadoop.util.JvmPauseMonitor$Monitor@27f30a37] INFO  util.JvmPauseMonitor (JvmPauseMonitor.java:run(188)) - Starting JVM pause monitor
2021-06-03 00:00:09,066 [Listener at 127.0.0.1/45991] INFO  ozone.HddsDatanodeService (HddsDatanodeService.java:start(220)) - HddsDatanodeService host:fv-az54-886.gmada3d5h3zutaf4vio4yveaag.bx.internal.cloudapp.net ip:10.1.0.28
2021-06-03 00:00:09,070 [Datanode State Machine Task Thread - 0] INFO  datanode.InitDatanodeState (InitDatanodeState.java:persistContainerDatanodeDetails(145)) - DatanodeDetails is persisted to /home/runner/work/ozone/ozone/mnt/ozone/hadoop-ozone/integration-test/target/test-dir/MiniOzoneClusterImpl-d99b0d03-7963-4ac2-881f-75d2f82b72ef/datanode-8/meta/datanode.id
2021-06-03 00:00:09,086 [Listener at 127.0.0.1/45991] INFO  volume.HddsVolume (HddsVolume.java:<init>(184)) - Creating Volume: /home/runner/work/ozone/ozone/mnt/ozone/hadoop-ozone/integration-test/target/test-dir/MiniOzoneClusterImpl-d99b0d03-7963-4ac2-881f-75d2f82b72ef/datanode-9/data-0/containers/hdds of storage type : DISK and capacity : 9223372036854775807
2021-06-03 00:00:09,086 [Listener at 127.0.0.1/45991] INFO  volume.MutableVolumeSet (MutableVolumeSet.java:initializeVolumeSet(198)) - Added Volume : /home/runner/work/ozone/ozone/mnt/ozone/hadoop-ozone/integration-test/target/test-dir/MiniOzoneClusterImpl-d99b0d03-7963-4ac2-881f-75d2f82b72ef/datanode-9/data-0/containers/hdds to VolumeSet
2021-06-03 00:00:09,086 [Listener at 127.0.0.1/45991] INFO  volume.ThrottledAsyncChecker (ThrottledAsyncChecker.java:schedule(141)) - Scheduling a check for /home/runner/work/ozone/ozone/mnt/ozone/hadoop-ozone/integration-test/target/test-dir/MiniOzoneClusterImpl-d99b0d03-7963-4ac2-881f-75d2f82b72ef/datanode-9/data-0/containers/hdds
2021-06-03 00:00:09,087 [Listener at 127.0.0.1/45991] INFO  volume.HddsVolumeChecker (HddsVolumeChecker.java:checkAllVolumes(201)) - Scheduled health check for volume /home/runner/work/ozone/ozone/mnt/ozone/hadoop-ozone/integration-test/target/test-dir/MiniOzoneClusterImpl-d99b0d03-7963-4ac2-881f-75d2f82b72ef/datanode-9/data-0/containers/hdds
2021-06-03 00:00:09,100 [Listener at 127.0.0.1/45991] INFO  ozoneimpl.ContainerReader (ContainerReader.java:<init>(98)) - Running in upgrade mode:true
2021-06-03 00:00:09,100 [Thread-228] INFO  ozoneimpl.ContainerReader (ContainerReader.java:readVolume(142)) - Start to verify containers on volume /home/runner/work/ozone/ozone/mnt/ozone/hadoop-ozone/integration-test/target/test-dir/MiniOzoneClusterImpl-d99b0d03-7963-4ac2-881f-75d2f82b72ef/datanode-9/data-0/containers/hdds
2021-06-03 00:00:09,100 [Thread-228] INFO  ozoneimpl.ContainerReader (ContainerReader.java:readVolume(174)) - Finish verifying containers on volume /home/runner/work/ozone/ozone/mnt/ozone/hadoop-ozone/integration-test/target/test-dir/MiniOzoneClusterImpl-d99b0d03-7963-4ac2-881f-75d2f82b72ef/datanode-9/data-0/containers/hdds
2021-06-03 00:00:09,100 [Listener at 127.0.0.1/45991] INFO  ozoneimpl.OzoneContainer (OzoneContainer.java:buildContainerSet(228)) - Build ContainerSet costs 0s
2021-06-03 00:00:09,102 [Listener at 127.0.0.1/45991] INFO  server.RaftServer (ConfUtils.java:logGet(44)) - raft.rpc.type = GRPC (default)
2021-06-03 00:00:09,103 [Listener at 127.0.0.1/45991] INFO  grpc.GrpcFactory (GrpcFactory.java:checkPooledByteBufAllocatorUseCacheForAllThreads(48)) - PERFORMANCE WARNING: useCacheForAllThreads is true that may cause Netty to create a lot garbage objects and, as a result, trigger GC.
	It is recommended to disable useCacheForAllThreads by setting -Dorg.apache.ratis.thirdparty.io.netty.allocator.useCacheForAllThreads=false in command line.
2021-06-03 00:00:09,103 [Listener at 127.0.0.1/45991] INFO  grpc.GrpcConfigKeys (ConfUtils.java:logGet(44)) - raft.grpc.admin.port = 0 (custom)
2021-06-03 00:00:09,103 [Listener at 127.0.0.1/45991] INFO  grpc.GrpcConfigKeys (ConfUtils.java:logGet(44)) - raft.grpc.client.port = 0 (custom)
2021-06-03 00:00:09,103 [Listener at 127.0.0.1/45991] INFO  grpc.GrpcConfigKeys (ConfUtils.java:logGet(44)) - raft.grpc.server.port = 0 (default)
2021-06-03 00:00:09,103 [Listener at 127.0.0.1/45991] INFO  server.GrpcService (ConfUtils.java:logGet(44)) - raft.grpc.message.size.max = 32MB (=33554432) (custom)
2021-06-03 00:00:09,103 [Listener at 127.0.0.1/45991] INFO  server.RaftServerConfigKeys (ConfUtils.java:logGet(44)) - raft.server.log.appender.buffer.byte-limit = 33554432 (custom)
2021-06-03 00:00:09,103 [Listener at 127.0.0.1/45991] INFO  server.GrpcService (ConfUtils.java:logGet(44)) - raft.grpc.flow.control.window = 5MB (=5242880) (custom)
2021-06-03 00:00:09,103 [Listener at 127.0.0.1/45991] INFO  server.RaftServerConfigKeys (ConfUtils.java:logGet(44)) - raft.server.rpc.request.timeout = 3000ms (default)
2021-06-03 00:00:09,104 [Listener at 127.0.0.1/45991] INFO  impl.DataStreamServerImpl (ConfUtils.java:logGet(44)) - raft.datastream.type = DISABLED (default)
2021-06-03 00:00:09,105 [Listener at 127.0.0.1/45991] INFO  server.RaftServerConfigKeys (ConfUtils.java:logGet(44)) - raft.server.rpc.slowness.timeout = 300000ms (custom)
2021-06-03 00:00:09,105 [Listener at 127.0.0.1/45991] INFO  server.RaftServerConfigKeys (ConfUtils.java:logGet(44)) - raft.server.leaderelection.leader.step-down.wait-time = 10s (default)
2021-06-03 00:00:09,105 [Listener at 127.0.0.1/45991] INFO  server.RaftServerConfigKeys (ConfUtils.java:logGet(44)) - raft.server.storage.dir = [/home/runner/work/ozone/ozone/mnt/ozone/hadoop-ozone/integration-test/target/test-dir/MiniOzoneClusterImpl-d99b0d03-7963-4ac2-881f-75d2f82b72ef/datanode-9/data/ratis] (custom)
2021-06-03 00:00:09,108 [Listener at 127.0.0.1/45991] INFO  http.BaseHttpServer (BaseHttpServer.java:newHttpServer2BuilderForOzone(209)) - Starting Web-server for hddsDatanode at: http://0.0.0.0:0
2021-06-03 00:00:09,108 [Listener at 127.0.0.1/45991] INFO  http.BaseHttpServer (BaseHttpServer.java:<init>(107)) - Hadoop Security Enabled: false Ozone Security Enabled: false Ozone HTTP Security Enabled: false 
2021-06-03 00:00:09,109 [Listener at 127.0.0.1/45991] INFO  server.AuthenticationFilter (AuthenticationFilter.java:constructSecretProvider(240)) - Unable to initialize FileSignerSecretProvider, falling back to use random secrets.
2021-06-03 00:00:09,110 [Listener at 127.0.0.1/45991] WARN  http.HttpRequestLog (HttpRequestLog.java:getRequestLog(103)) - Jetty request log can only be enabled using Log4j
2021-06-03 00:00:09,110 [Listener at 127.0.0.1/45991] INFO  http.HttpServer2 (HttpServer2.java:addGlobalFilter(1020)) - Added global filter 'safety' (class=org.apache.hadoop.hdds.server.http.HttpServer2$QuotingInputFilter)
2021-06-03 00:00:09,111 [Listener at 127.0.0.1/45991] INFO  http.HttpServer2 (HttpServer2.java:addFilter(996)) - Added filter static_user_filter (class=org.apache.hadoop.http.lib.StaticUserWebFilter$StaticUserFilter) to context hddsDatanode
2021-06-03 00:00:09,111 [Listener at 127.0.0.1/45991] INFO  http.HttpServer2 (HttpServer2.java:addFilter(1004)) - Added filter static_user_filter (class=org.apache.hadoop.http.lib.StaticUserWebFilter$StaticUserFilter) to context static
2021-06-03 00:00:09,111 [Listener at 127.0.0.1/45991] INFO  http.HttpServer2 (HttpServer2.java:addFilter(1004)) - Added filter static_user_filter (class=org.apache.hadoop.http.lib.StaticUserWebFilter$StaticUserFilter) to context logs
2021-06-03 00:00:09,112 [Listener at 127.0.0.1/45991] INFO  http.HttpServer2 (HttpServer2.java:bindListener(1238)) - Jetty bound to port 38773
2021-06-03 00:00:09,112 [Listener at 127.0.0.1/45991] INFO  server.Server (Server.java:doStart(375)) - jetty-9.4.35.v20201120; built: 2020-11-20T21:17:03.964Z; git: bdc54f03a5e0a7e280fab27f55c3c75ee8da89fb; jvm 1.8.0_292-b10
2021-06-03 00:00:09,116 [Listener at 127.0.0.1/45991] INFO  server.session (DefaultSessionIdManager.java:doStart(334)) - DefaultSessionIdManager workerName=node0
2021-06-03 00:00:09,116 [Listener at 127.0.0.1/45991] INFO  server.session (DefaultSessionIdManager.java:doStart(339)) - No SessionScavenger set, using defaults
2021-06-03 00:00:09,116 [Listener at 127.0.0.1/45991] INFO  server.session (HouseKeeper.java:startScavenging(132)) - node0 Scavenging every 660000ms
2021-06-03 00:00:09,117 [Listener at 127.0.0.1/45991] INFO  handler.ContextHandler (ContextHandler.java:doStart(916)) - Started o.e.j.s.ServletContextHandler@7fc2e0b7{logs,/logs,file:///home/runner/work/ozone/ozone/mnt/ozone/hadoop-ozone/integration-test/target/log,AVAILABLE}
2021-06-03 00:00:09,117 [Listener at 127.0.0.1/45991] INFO  handler.ContextHandler (ContextHandler.java:doStart(916)) - Started o.e.j.s.ServletContextHandler@58a2c6a{static,/static,jar:file:/home/runner/.m2/repository/org/apache/ozone/hdds-container-service/1.2.0-SNAPSHOT/hdds-container-service-1.2.0-SNAPSHOT.jar!/webapps/static,AVAILABLE}
2021-06-03 00:00:09,158 [Listener at 127.0.0.1/45991] INFO  handler.ContextHandler (ContextHandler.java:doStart(916)) - Started o.e.j.w.WebAppContext@1fae279e{hddsDatanode,/,file:///tmp/jetty-0_0_0_0-38773-hdds-container-service-1_2_0-SNAPSHOT_jar-_-any-8418942291481689027/webapp/,AVAILABLE}{jar:file:/home/runner/.m2/repository/org/apache/ozone/hdds-container-service/1.2.0-SNAPSHOT/hdds-container-service-1.2.0-SNAPSHOT.jar!/webapps/hddsDatanode}
2021-06-03 00:00:09,160 [Listener at 127.0.0.1/45991] INFO  server.AbstractConnector (AbstractConnector.java:doStart(331)) - Started ServerConnector@3e9f3d0f{HTTP/1.1, (http/1.1)}{0.0.0.0:38773}
2021-06-03 00:00:09,160 [Listener at 127.0.0.1/45991] INFO  server.Server (Server.java:doStart(415)) - Started @6863ms
2021-06-03 00:00:09,160 [Listener at 127.0.0.1/45991] WARN  impl.MetricsSystemImpl (MetricsSystemImpl.java:register(279)) - Sink prometheus already exists!
2021-06-03 00:00:09,161 [Listener at 127.0.0.1/45991] INFO  http.BaseHttpServer (BaseHttpServer.java:updateConnectorAddress(329)) - HTTP server of hddsDatanode listening at http://0.0.0.0:38773
2021-06-03 00:00:09,166 [Listener at 127.0.0.1/45991] INFO  ozone.MiniOzoneClusterImpl (MiniOzoneClusterImpl.java:lambda$waitForClusterToBeReady$0(224)) - Waiting for nodes to be ready. Got 0 of 10 DN Heartbeats.
2021-06-03 00:00:09,166 [Listener at 127.0.0.1/45991] INFO  ozone.MiniOzoneClusterImpl (MiniOzoneClusterImpl.java:lambda$waitForClusterToBeReady$0(227)) - Waiting for cluster to exit safe mode
2021-06-03 00:00:09,166 [Listener at 127.0.0.1/45991] INFO  ozone.MiniOzoneClusterImpl (MiniOzoneClusterImpl.java:lambda$waitForClusterToBeReady$0(230)) - SCM became leader
2021-06-03 00:00:09,171 [org.apache.hadoop.util.JvmPauseMonitor$Monitor@37369813] INFO  util.JvmPauseMonitor (JvmPauseMonitor.java:run(188)) - Starting JVM pause monitor
2021-06-03 00:00:09,174 [Datanode State Machine Task Thread - 0] INFO  datanode.InitDatanodeState (InitDatanodeState.java:persistContainerDatanodeDetails(145)) - DatanodeDetails is persisted to /home/runner/work/ozone/ozone/mnt/ozone/hadoop-ozone/integration-test/target/test-dir/MiniOzoneClusterImpl-d99b0d03-7963-4ac2-881f-75d2f82b72ef/datanode-9/meta/datanode.id
2021-06-03 00:00:09,909 [EndpointStateMachine task thread for /0.0.0.0:36273 - 0 ] INFO  ozoneimpl.OzoneContainer (OzoneContainer.java:start(295)) - Attempting to start container services.
2021-06-03 00:00:09,911 [EndpointStateMachine task thread for /0.0.0.0:36273 - 0 ] INFO  ozoneimpl.OzoneContainer (OzoneContainer.java:startContainerScrub(241)) - Background container scanner has been disabled.
2021-06-03 00:00:09,913 [EndpointStateMachine task thread for /0.0.0.0:36273 - 0 ] INFO  replication.ReplicationServer (ReplicationServer.java:start(106)) - ReplicationServer is started using port 43741
2021-06-03 00:00:09,916 [EndpointStateMachine task thread for /0.0.0.0:36273 - 0 ] INFO  ratis.XceiverServerRatis (XceiverServerRatis.java:start(490)) - Starting XceiverServerRatis c00dd357-5364-4c4f-a775-3282c2d03178
2021-06-03 00:00:09,917 [EndpointStateMachine task thread for /0.0.0.0:36273 - 0 ] INFO  server.RaftServer (RaftServerProxy.java:lambda$start$5(374)) - c00dd357-5364-4c4f-a775-3282c2d03178: start RPC server
2021-06-03 00:00:09,928 [EndpointStateMachine task thread for /0.0.0.0:36273 - 0 ] INFO  server.GrpcService (GrpcService.java:startImpl(253)) - c00dd357-5364-4c4f-a775-3282c2d03178: GrpcService started, listening on 41287
2021-06-03 00:00:09,932 [EndpointStateMachine task thread for /0.0.0.0:36273 - 0 ] INFO  ratis.XceiverServerRatis (XceiverServerRatis.java:getRealPort(511)) - XceiverServerRatis c00dd357-5364-4c4f-a775-3282c2d03178 is started using port 41287 for RATIS
2021-06-03 00:00:09,932 [EndpointStateMachine task thread for /0.0.0.0:36273 - 0 ] INFO  ratis.XceiverServerRatis (XceiverServerRatis.java:getRealPort(511)) - XceiverServerRatis c00dd357-5364-4c4f-a775-3282c2d03178 is started using port 41287 for RATIS_ADMIN
2021-06-03 00:00:09,932 [EndpointStateMachine task thread for /0.0.0.0:36273 - 0 ] INFO  ratis.XceiverServerRatis (XceiverServerRatis.java:getRealPort(511)) - XceiverServerRatis c00dd357-5364-4c4f-a775-3282c2d03178 is started using port 41287 for RATIS_SERVER
2021-06-03 00:00:09,932 [org.apache.ratis.util.JvmPauseMonitor$$Lambda$503/219913687@2c4be3cb] INFO  util.JvmPauseMonitor (JvmPauseMonitor.java:run(103)) - JvmPauseMonitor-c00dd357-5364-4c4f-a775-3282c2d03178: Started
2021-06-03 00:00:09,933 [EndpointStateMachine task thread for /0.0.0.0:36273 - 0 ] INFO  server.XceiverServerGrpc (XceiverServerGrpc.java:start(135)) - XceiverServerGrpc c00dd357-5364-4c4f-a775-3282c2d03178 is started using port 34045
2021-06-03 00:00:10,099 [EndpointStateMachine task thread for /0.0.0.0:36273 - 0 ] INFO  ozoneimpl.OzoneContainer (OzoneContainer.java:start(295)) - Attempting to start container services.
2021-06-03 00:00:10,099 [EndpointStateMachine task thread for /0.0.0.0:36273 - 0 ] INFO  ozoneimpl.OzoneContainer (OzoneContainer.java:startContainerScrub(241)) - Background container scanner has been disabled.
2021-06-03 00:00:10,102 [EndpointStateMachine task thread for /0.0.0.0:36273 - 0 ] INFO  replication.ReplicationServer (ReplicationServer.java:start(106)) - ReplicationServer is started using port 42857
2021-06-03 00:00:10,105 [EndpointStateMachine task thread for /0.0.0.0:36273 - 0 ] INFO  ratis.XceiverServerRatis (XceiverServerRatis.java:start(490)) - Starting XceiverServerRatis 696e796d-aedf-4aed-93c4-430e12ffa8fc
2021-06-03 00:00:10,106 [EndpointStateMachine task thread for /0.0.0.0:36273 - 0 ] INFO  server.RaftServer (RaftServerProxy.java:lambda$start$5(374)) - 696e796d-aedf-4aed-93c4-430e12ffa8fc: start RPC server
2021-06-03 00:00:10,114 [EndpointStateMachine task thread for /0.0.0.0:36273 - 0 ] INFO  server.GrpcService (GrpcService.java:startImpl(253)) - 696e796d-aedf-4aed-93c4-430e12ffa8fc: GrpcService started, listening on 37569
2021-06-03 00:00:10,114 [EndpointStateMachine task thread for /0.0.0.0:36273 - 0 ] INFO  ratis.XceiverServerRatis (XceiverServerRatis.java:getRealPort(511)) - XceiverServerRatis 696e796d-aedf-4aed-93c4-430e12ffa8fc is started using port 37569 for RATIS
2021-06-03 00:00:10,114 [EndpointStateMachine task thread for /0.0.0.0:36273 - 0 ] INFO  ratis.XceiverServerRatis (XceiverServerRatis.java:getRealPort(511)) - XceiverServerRatis 696e796d-aedf-4aed-93c4-430e12ffa8fc is started using port 37569 for RATIS_ADMIN
2021-06-03 00:00:10,114 [EndpointStateMachine task thread for /0.0.0.0:36273 - 0 ] INFO  ratis.XceiverServerRatis (XceiverServerRatis.java:getRealPort(511)) - XceiverServerRatis 696e796d-aedf-4aed-93c4-430e12ffa8fc is started using port 37569 for RATIS_SERVER
2021-06-03 00:00:10,121 [org.apache.ratis.util.JvmPauseMonitor$$Lambda$503/219913687@4b0ef356] INFO  util.JvmPauseMonitor (JvmPauseMonitor.java:run(103)) - JvmPauseMonitor-696e796d-aedf-4aed-93c4-430e12ffa8fc: Started
2021-06-03 00:00:10,123 [EndpointStateMachine task thread for /0.0.0.0:36273 - 0 ] INFO  server.XceiverServerGrpc (XceiverServerGrpc.java:start(135)) - XceiverServerGrpc 696e796d-aedf-4aed-93c4-430e12ffa8fc is started using port 36447
2021-06-03 00:00:10,166 [Listener at 127.0.0.1/45991] INFO  ozone.MiniOzoneClusterImpl (MiniOzoneClusterImpl.java:lambda$waitForClusterToBeReady$0(224)) - Waiting for nodes to be ready. Got 0 of 10 DN Heartbeats.
2021-06-03 00:00:10,167 [Listener at 127.0.0.1/45991] INFO  ozone.MiniOzoneClusterImpl (MiniOzoneClusterImpl.java:lambda$waitForClusterToBeReady$0(227)) - Waiting for cluster to exit safe mode
2021-06-03 00:00:10,167 [Listener at 127.0.0.1/45991] INFO  ozone.MiniOzoneClusterImpl (MiniOzoneClusterImpl.java:lambda$waitForClusterToBeReady$0(230)) - SCM became leader
2021-06-03 00:00:10,354 [EndpointStateMachine task thread for /0.0.0.0:36273 - 0 ] INFO  ozoneimpl.OzoneContainer (OzoneContainer.java:start(295)) - Attempting to start container services.
2021-06-03 00:00:10,354 [EndpointStateMachine task thread for /0.0.0.0:36273 - 0 ] INFO  ozoneimpl.OzoneContainer (OzoneContainer.java:startContainerScrub(241)) - Background container scanner has been disabled.
2021-06-03 00:00:10,355 [EndpointStateMachine task thread for /0.0.0.0:36273 - 0 ] INFO  replication.ReplicationServer (ReplicationServer.java:start(106)) - ReplicationServer is started using port 43743
2021-06-03 00:00:10,356 [EndpointStateMachine task thread for /0.0.0.0:36273 - 0 ] INFO  ratis.XceiverServerRatis (XceiverServerRatis.java:start(490)) - Starting XceiverServerRatis a9999bf8-cc81-46a6-8339-ca63194a4403
2021-06-03 00:00:10,356 [EndpointStateMachine task thread for /0.0.0.0:36273 - 0 ] INFO  server.RaftServer (RaftServerProxy.java:lambda$start$5(374)) - a9999bf8-cc81-46a6-8339-ca63194a4403: start RPC server
2021-06-03 00:00:10,358 [EndpointStateMachine task thread for /0.0.0.0:36273 - 0 ] INFO  server.GrpcService (GrpcService.java:startImpl(253)) - a9999bf8-cc81-46a6-8339-ca63194a4403: GrpcService started, listening on 44263
2021-06-03 00:00:10,358 [EndpointStateMachine task thread for /0.0.0.0:36273 - 0 ] INFO  ratis.XceiverServerRatis (XceiverServerRatis.java:getRealPort(511)) - XceiverServerRatis a9999bf8-cc81-46a6-8339-ca63194a4403 is started using port 44263 for RATIS
2021-06-03 00:00:10,358 [EndpointStateMachine task thread for /0.0.0.0:36273 - 0 ] INFO  ratis.XceiverServerRatis (XceiverServerRatis.java:getRealPort(511)) - XceiverServerRatis a9999bf8-cc81-46a6-8339-ca63194a4403 is started using port 44263 for RATIS_ADMIN
2021-06-03 00:00:10,358 [org.apache.ratis.util.JvmPauseMonitor$$Lambda$503/219913687@5a3b27c8] INFO  util.JvmPauseMonitor (JvmPauseMonitor.java:run(103)) - JvmPauseMonitor-a9999bf8-cc81-46a6-8339-ca63194a4403: Started
2021-06-03 00:00:10,358 [EndpointStateMachine task thread for /0.0.0.0:36273 - 0 ] INFO  ratis.XceiverServerRatis (XceiverServerRatis.java:getRealPort(511)) - XceiverServerRatis a9999bf8-cc81-46a6-8339-ca63194a4403 is started using port 44263 for RATIS_SERVER
2021-06-03 00:00:10,359 [EndpointStateMachine task thread for /0.0.0.0:36273 - 0 ] INFO  server.XceiverServerGrpc (XceiverServerGrpc.java:start(135)) - XceiverServerGrpc a9999bf8-cc81-46a6-8339-ca63194a4403 is started using port 39683
2021-06-03 00:00:10,456 [EndpointStateMachine task thread for /0.0.0.0:36273 - 0 ] INFO  ozoneimpl.OzoneContainer (OzoneContainer.java:start(295)) - Attempting to start container services.
2021-06-03 00:00:10,456 [EndpointStateMachine task thread for /0.0.0.0:36273 - 0 ] INFO  ozoneimpl.OzoneContainer (OzoneContainer.java:startContainerScrub(241)) - Background container scanner has been disabled.
2021-06-03 00:00:10,458 [EndpointStateMachine task thread for /0.0.0.0:36273 - 0 ] INFO  replication.ReplicationServer (ReplicationServer.java:start(106)) - ReplicationServer is started using port 44151
2021-06-03 00:00:10,458 [EndpointStateMachine task thread for /0.0.0.0:36273 - 0 ] INFO  ratis.XceiverServerRatis (XceiverServerRatis.java:start(490)) - Starting XceiverServerRatis 7d2c3eba-00a8-4405-8104-350103fd4dff
2021-06-03 00:00:10,459 [EndpointStateMachine task thread for /0.0.0.0:36273 - 0 ] INFO  server.RaftServer (RaftServerProxy.java:lambda$start$5(374)) - 7d2c3eba-00a8-4405-8104-350103fd4dff: start RPC server
2021-06-03 00:00:10,461 [EndpointStateMachine task thread for /0.0.0.0:36273 - 0 ] INFO  server.GrpcService (GrpcService.java:startImpl(253)) - 7d2c3eba-00a8-4405-8104-350103fd4dff: GrpcService started, listening on 45839
2021-06-03 00:00:10,461 [EndpointStateMachine task thread for /0.0.0.0:36273 - 0 ] INFO  ratis.XceiverServerRatis (XceiverServerRatis.java:getRealPort(511)) - XceiverServerRatis 7d2c3eba-00a8-4405-8104-350103fd4dff is started using port 45839 for RATIS
2021-06-03 00:00:10,461 [org.apache.ratis.util.JvmPauseMonitor$$Lambda$503/219913687@69769c90] INFO  util.JvmPauseMonitor (JvmPauseMonitor.java:run(103)) - JvmPauseMonitor-7d2c3eba-00a8-4405-8104-350103fd4dff: Started
2021-06-03 00:00:10,461 [EndpointStateMachine task thread for /0.0.0.0:36273 - 0 ] INFO  ratis.XceiverServerRatis (XceiverServerRatis.java:getRealPort(511)) - XceiverServerRatis 7d2c3eba-00a8-4405-8104-350103fd4dff is started using port 45839 for RATIS_ADMIN
2021-06-03 00:00:10,461 [EndpointStateMachine task thread for /0.0.0.0:36273 - 0 ] INFO  ratis.XceiverServerRatis (XceiverServerRatis.java:getRealPort(511)) - XceiverServerRatis 7d2c3eba-00a8-4405-8104-350103fd4dff is started using port 45839 for RATIS_SERVER
2021-06-03 00:00:10,463 [EndpointStateMachine task thread for /0.0.0.0:36273 - 0 ] INFO  server.XceiverServerGrpc (XceiverServerGrpc.java:start(135)) - XceiverServerGrpc 7d2c3eba-00a8-4405-8104-350103fd4dff is started using port 41835
2021-06-03 00:00:10,579 [EndpointStateMachine task thread for /0.0.0.0:36273 - 0 ] INFO  ozoneimpl.OzoneContainer (OzoneContainer.java:start(295)) - Attempting to start container services.
2021-06-03 00:00:10,579 [EndpointStateMachine task thread for /0.0.0.0:36273 - 0 ] INFO  ozoneimpl.OzoneContainer (OzoneContainer.java:startContainerScrub(241)) - Background container scanner has been disabled.
2021-06-03 00:00:10,581 [EndpointStateMachine task thread for /0.0.0.0:36273 - 0 ] INFO  replication.ReplicationServer (ReplicationServer.java:start(106)) - ReplicationServer is started using port 36995
2021-06-03 00:00:10,581 [EndpointStateMachine task thread for /0.0.0.0:36273 - 0 ] INFO  ratis.XceiverServerRatis (XceiverServerRatis.java:start(490)) - Starting XceiverServerRatis f4f16679-ee25-4299-b5ef-20744ad00da9
2021-06-03 00:00:10,582 [EndpointStateMachine task thread for /0.0.0.0:36273 - 0 ] INFO  server.RaftServer (RaftServerProxy.java:lambda$start$5(374)) - f4f16679-ee25-4299-b5ef-20744ad00da9: start RPC server
2021-06-03 00:00:10,583 [EndpointStateMachine task thread for /0.0.0.0:36273 - 0 ] INFO  server.GrpcService (GrpcService.java:startImpl(253)) - f4f16679-ee25-4299-b5ef-20744ad00da9: GrpcService started, listening on 36455
2021-06-03 00:00:10,583 [EndpointStateMachine task thread for /0.0.0.0:36273 - 0 ] INFO  ratis.XceiverServerRatis (XceiverServerRatis.java:getRealPort(511)) - XceiverServerRatis f4f16679-ee25-4299-b5ef-20744ad00da9 is started using port 36455 for RATIS
2021-06-03 00:00:10,583 [EndpointStateMachine task thread for /0.0.0.0:36273 - 0 ] INFO  ratis.XceiverServerRatis (XceiverServerRatis.java:getRealPort(511)) - XceiverServerRatis f4f16679-ee25-4299-b5ef-20744ad00da9 is started using port 36455 for RATIS_ADMIN
2021-06-03 00:00:10,583 [EndpointStateMachine task thread for /0.0.0.0:36273 - 0 ] INFO  ratis.XceiverServerRatis (XceiverServerRatis.java:getRealPort(511)) - XceiverServerRatis f4f16679-ee25-4299-b5ef-20744ad00da9 is started using port 36455 for RATIS_SERVER
2021-06-03 00:00:10,584 [org.apache.ratis.util.JvmPauseMonitor$$Lambda$503/219913687@63cb0fb3] INFO  util.JvmPauseMonitor (JvmPauseMonitor.java:run(103)) - JvmPauseMonitor-f4f16679-ee25-4299-b5ef-20744ad00da9: Started
2021-06-03 00:00:10,585 [EndpointStateMachine task thread for /0.0.0.0:36273 - 0 ] INFO  server.XceiverServerGrpc (XceiverServerGrpc.java:start(135)) - XceiverServerGrpc f4f16679-ee25-4299-b5ef-20744ad00da9 is started using port 34931
2021-06-03 00:00:10,685 [EndpointStateMachine task thread for /0.0.0.0:36273 - 0 ] INFO  ozoneimpl.OzoneContainer (OzoneContainer.java:start(295)) - Attempting to start container services.
2021-06-03 00:00:10,685 [EndpointStateMachine task thread for /0.0.0.0:36273 - 0 ] INFO  ozoneimpl.OzoneContainer (OzoneContainer.java:startContainerScrub(241)) - Background container scanner has been disabled.
2021-06-03 00:00:10,687 [EndpointStateMachine task thread for /0.0.0.0:36273 - 0 ] INFO  replication.ReplicationServer (ReplicationServer.java:start(106)) - ReplicationServer is started using port 39249
2021-06-03 00:00:10,688 [EndpointStateMachine task thread for /0.0.0.0:36273 - 0 ] INFO  ratis.XceiverServerRatis (XceiverServerRatis.java:start(490)) - Starting XceiverServerRatis 15d89ff8-8978-426f-aa57-cfd2a1dc180a
2021-06-03 00:00:10,689 [EndpointStateMachine task thread for /0.0.0.0:36273 - 0 ] INFO  server.RaftServer (RaftServerProxy.java:lambda$start$5(374)) - 15d89ff8-8978-426f-aa57-cfd2a1dc180a: start RPC server
2021-06-03 00:00:10,690 [EndpointStateMachine task thread for /0.0.0.0:36273 - 0 ] INFO  server.GrpcService (GrpcService.java:startImpl(253)) - 15d89ff8-8978-426f-aa57-cfd2a1dc180a: GrpcService started, listening on 41799
2021-06-03 00:00:10,690 [EndpointStateMachine task thread for /0.0.0.0:36273 - 0 ] INFO  ratis.XceiverServerRatis (XceiverServerRatis.java:getRealPort(511)) - XceiverServerRatis 15d89ff8-8978-426f-aa57-cfd2a1dc180a is started using port 41799 for RATIS
2021-06-03 00:00:10,690 [EndpointStateMachine task thread for /0.0.0.0:36273 - 0 ] INFO  ratis.XceiverServerRatis (XceiverServerRatis.java:getRealPort(511)) - XceiverServerRatis 15d89ff8-8978-426f-aa57-cfd2a1dc180a is started using port 41799 for RATIS_ADMIN
2021-06-03 00:00:10,690 [org.apache.ratis.util.JvmPauseMonitor$$Lambda$503/219913687@7071e823] INFO  util.JvmPauseMonitor (JvmPauseMonitor.java:run(103)) - JvmPauseMonitor-15d89ff8-8978-426f-aa57-cfd2a1dc180a: Started
2021-06-03 00:00:10,690 [EndpointStateMachine task thread for /0.0.0.0:36273 - 0 ] INFO  ratis.XceiverServerRatis (XceiverServerRatis.java:getRealPort(511)) - XceiverServerRatis 15d89ff8-8978-426f-aa57-cfd2a1dc180a is started using port 41799 for RATIS_SERVER
2021-06-03 00:00:10,693 [EndpointStateMachine task thread for /0.0.0.0:36273 - 0 ] INFO  server.XceiverServerGrpc (XceiverServerGrpc.java:start(135)) - XceiverServerGrpc 15d89ff8-8978-426f-aa57-cfd2a1dc180a is started using port 34845
2021-06-03 00:00:10,802 [EndpointStateMachine task thread for /0.0.0.0:36273 - 0 ] INFO  ozoneimpl.OzoneContainer (OzoneContainer.java:start(295)) - Attempting to start container services.
2021-06-03 00:00:10,802 [EndpointStateMachine task thread for /0.0.0.0:36273 - 0 ] INFO  ozoneimpl.OzoneContainer (OzoneContainer.java:startContainerScrub(241)) - Background container scanner has been disabled.
2021-06-03 00:00:10,808 [EndpointStateMachine task thread for /0.0.0.0:36273 - 0 ] INFO  replication.ReplicationServer (ReplicationServer.java:start(106)) - ReplicationServer is started using port 38967
2021-06-03 00:00:10,809 [EndpointStateMachine task thread for /0.0.0.0:36273 - 0 ] INFO  ratis.XceiverServerRatis (XceiverServerRatis.java:start(490)) - Starting XceiverServerRatis d0cf5b47-7c54-4e8b-8553-76537c736c6c
2021-06-03 00:00:10,811 [EndpointStateMachine task thread for /0.0.0.0:36273 - 0 ] INFO  server.RaftServer (RaftServerProxy.java:lambda$start$5(374)) - d0cf5b47-7c54-4e8b-8553-76537c736c6c: start RPC server
2021-06-03 00:00:10,812 [EndpointStateMachine task thread for /0.0.0.0:36273 - 0 ] INFO  server.GrpcService (GrpcService.java:startImpl(253)) - d0cf5b47-7c54-4e8b-8553-76537c736c6c: GrpcService started, listening on 42427
2021-06-03 00:00:10,813 [EndpointStateMachine task thread for /0.0.0.0:36273 - 0 ] INFO  ratis.XceiverServerRatis (XceiverServerRatis.java:getRealPort(511)) - XceiverServerRatis d0cf5b47-7c54-4e8b-8553-76537c736c6c is started using port 42427 for RATIS
2021-06-03 00:00:10,813 [org.apache.ratis.util.JvmPauseMonitor$$Lambda$503/219913687@1c52c05b] INFO  util.JvmPauseMonitor (JvmPauseMonitor.java:run(103)) - JvmPauseMonitor-d0cf5b47-7c54-4e8b-8553-76537c736c6c: Started
2021-06-03 00:00:10,813 [EndpointStateMachine task thread for /0.0.0.0:36273 - 0 ] INFO  ratis.XceiverServerRatis (XceiverServerRatis.java:getRealPort(511)) - XceiverServerRatis d0cf5b47-7c54-4e8b-8553-76537c736c6c is started using port 42427 for RATIS_ADMIN
2021-06-03 00:00:10,813 [EndpointStateMachine task thread for /0.0.0.0:36273 - 0 ] INFO  ratis.XceiverServerRatis (XceiverServerRatis.java:getRealPort(511)) - XceiverServerRatis d0cf5b47-7c54-4e8b-8553-76537c736c6c is started using port 42427 for RATIS_SERVER
2021-06-03 00:00:10,814 [EndpointStateMachine task thread for /0.0.0.0:36273 - 0 ] INFO  server.XceiverServerGrpc (XceiverServerGrpc.java:start(135)) - XceiverServerGrpc d0cf5b47-7c54-4e8b-8553-76537c736c6c is started using port 40617
2021-06-03 00:00:10,950 [EndpointStateMachine task thread for /0.0.0.0:36273 - 0 ] INFO  ozoneimpl.OzoneContainer (OzoneContainer.java:start(295)) - Attempting to start container services.
2021-06-03 00:00:10,951 [EndpointStateMachine task thread for /0.0.0.0:36273 - 0 ] INFO  ozoneimpl.OzoneContainer (OzoneContainer.java:startContainerScrub(241)) - Background container scanner has been disabled.
2021-06-03 00:00:10,953 [EndpointStateMachine task thread for /0.0.0.0:36273 - 0 ] INFO  replication.ReplicationServer (ReplicationServer.java:start(106)) - ReplicationServer is started using port 38393
2021-06-03 00:00:10,953 [EndpointStateMachine task thread for /0.0.0.0:36273 - 0 ] INFO  ratis.XceiverServerRatis (XceiverServerRatis.java:start(490)) - Starting XceiverServerRatis 49823d17-a6b1-4b17-b5f9-be7dfd52d59a
2021-06-03 00:00:10,954 [EndpointStateMachine task thread for /0.0.0.0:36273 - 0 ] INFO  server.RaftServer (RaftServerProxy.java:lambda$start$5(374)) - 49823d17-a6b1-4b17-b5f9-be7dfd52d59a: start RPC server
2021-06-03 00:00:10,955 [EndpointStateMachine task thread for /0.0.0.0:36273 - 0 ] INFO  server.GrpcService (GrpcService.java:startImpl(253)) - 49823d17-a6b1-4b17-b5f9-be7dfd52d59a: GrpcService started, listening on 36933
2021-06-03 00:00:10,955 [EndpointStateMachine task thread for /0.0.0.0:36273 - 0 ] INFO  ratis.XceiverServerRatis (XceiverServerRatis.java:getRealPort(511)) - XceiverServerRatis 49823d17-a6b1-4b17-b5f9-be7dfd52d59a is started using port 36933 for RATIS
2021-06-03 00:00:10,955 [org.apache.ratis.util.JvmPauseMonitor$$Lambda$503/219913687@121ed108] INFO  util.JvmPauseMonitor (JvmPauseMonitor.java:run(103)) - JvmPauseMonitor-49823d17-a6b1-4b17-b5f9-be7dfd52d59a: Started
2021-06-03 00:00:10,955 [EndpointStateMachine task thread for /0.0.0.0:36273 - 0 ] INFO  ratis.XceiverServerRatis (XceiverServerRatis.java:getRealPort(511)) - XceiverServerRatis 49823d17-a6b1-4b17-b5f9-be7dfd52d59a is started using port 36933 for RATIS_ADMIN
2021-06-03 00:00:10,956 [EndpointStateMachine task thread for /0.0.0.0:36273 - 0 ] INFO  ratis.XceiverServerRatis (XceiverServerRatis.java:getRealPort(511)) - XceiverServerRatis 49823d17-a6b1-4b17-b5f9-be7dfd52d59a is started using port 36933 for RATIS_SERVER
2021-06-03 00:00:10,957 [EndpointStateMachine task thread for /0.0.0.0:36273 - 0 ] INFO  server.XceiverServerGrpc (XceiverServerGrpc.java:start(135)) - XceiverServerGrpc 49823d17-a6b1-4b17-b5f9-be7dfd52d59a is started using port 38267
2021-06-03 00:00:11,069 [EndpointStateMachine task thread for /0.0.0.0:36273 - 0 ] INFO  ozoneimpl.OzoneContainer (OzoneContainer.java:start(295)) - Attempting to start container services.
2021-06-03 00:00:11,069 [EndpointStateMachine task thread for /0.0.0.0:36273 - 0 ] INFO  ozoneimpl.OzoneContainer (OzoneContainer.java:startContainerScrub(241)) - Background container scanner has been disabled.
2021-06-03 00:00:11,071 [EndpointStateMachine task thread for /0.0.0.0:36273 - 0 ] INFO  replication.ReplicationServer (ReplicationServer.java:start(106)) - ReplicationServer is started using port 44487
2021-06-03 00:00:11,071 [EndpointStateMachine task thread for /0.0.0.0:36273 - 0 ] INFO  ratis.XceiverServerRatis (XceiverServerRatis.java:start(490)) - Starting XceiverServerRatis 008cfff7-303f-4304-8652-a290acc47d8f
2021-06-03 00:00:11,073 [EndpointStateMachine task thread for /0.0.0.0:36273 - 0 ] INFO  server.RaftServer (RaftServerProxy.java:lambda$start$5(374)) - 008cfff7-303f-4304-8652-a290acc47d8f: start RPC server
2021-06-03 00:00:11,075 [EndpointStateMachine task thread for /0.0.0.0:36273 - 0 ] INFO  server.GrpcService (GrpcService.java:startImpl(253)) - 008cfff7-303f-4304-8652-a290acc47d8f: GrpcService started, listening on 38019
2021-06-03 00:00:11,075 [EndpointStateMachine task thread for /0.0.0.0:36273 - 0 ] INFO  ratis.XceiverServerRatis (XceiverServerRatis.java:getRealPort(511)) - XceiverServerRatis 008cfff7-303f-4304-8652-a290acc47d8f is started using port 38019 for RATIS
2021-06-03 00:00:11,075 [org.apache.ratis.util.JvmPauseMonitor$$Lambda$503/219913687@369a0118] INFO  util.JvmPauseMonitor (JvmPauseMonitor.java:run(103)) - JvmPauseMonitor-008cfff7-303f-4304-8652-a290acc47d8f: Started
2021-06-03 00:00:11,075 [EndpointStateMachine task thread for /0.0.0.0:36273 - 0 ] INFO  ratis.XceiverServerRatis (XceiverServerRatis.java:getRealPort(511)) - XceiverServerRatis 008cfff7-303f-4304-8652-a290acc47d8f is started using port 38019 for RATIS_ADMIN
2021-06-03 00:00:11,075 [EndpointStateMachine task thread for /0.0.0.0:36273 - 0 ] INFO  ratis.XceiverServerRatis (XceiverServerRatis.java:getRealPort(511)) - XceiverServerRatis 008cfff7-303f-4304-8652-a290acc47d8f is started using port 38019 for RATIS_SERVER
2021-06-03 00:00:11,076 [EndpointStateMachine task thread for /0.0.0.0:36273 - 0 ] INFO  server.XceiverServerGrpc (XceiverServerGrpc.java:start(135)) - XceiverServerGrpc 008cfff7-303f-4304-8652-a290acc47d8f is started using port 37907
2021-06-03 00:00:11,167 [Listener at 127.0.0.1/45991] INFO  ozone.MiniOzoneClusterImpl (MiniOzoneClusterImpl.java:lambda$waitForClusterToBeReady$0(224)) - Waiting for nodes to be ready. Got 0 of 10 DN Heartbeats.
2021-06-03 00:00:11,167 [Listener at 127.0.0.1/45991] INFO  ozone.MiniOzoneClusterImpl (MiniOzoneClusterImpl.java:lambda$waitForClusterToBeReady$0(227)) - Waiting for cluster to exit safe mode
2021-06-03 00:00:11,167 [Listener at 127.0.0.1/45991] INFO  ozone.MiniOzoneClusterImpl (MiniOzoneClusterImpl.java:lambda$waitForClusterToBeReady$0(230)) - SCM became leader
2021-06-03 00:00:11,183 [EndpointStateMachine task thread for /0.0.0.0:36273 - 0 ] INFO  ozoneimpl.OzoneContainer (OzoneContainer.java:start(295)) - Attempting to start container services.
2021-06-03 00:00:11,183 [EndpointStateMachine task thread for /0.0.0.0:36273 - 0 ] INFO  ozoneimpl.OzoneContainer (OzoneContainer.java:startContainerScrub(241)) - Background container scanner has been disabled.
2021-06-03 00:00:11,187 [EndpointStateMachine task thread for /0.0.0.0:36273 - 0 ] INFO  replication.ReplicationServer (ReplicationServer.java:start(106)) - ReplicationServer is started using port 44869
2021-06-03 00:00:11,187 [EndpointStateMachine task thread for /0.0.0.0:36273 - 0 ] INFO  ratis.XceiverServerRatis (XceiverServerRatis.java:start(490)) - Starting XceiverServerRatis 9f7a9314-add0-4765-be61-553e532e1c3d
2021-06-03 00:00:11,188 [EndpointStateMachine task thread for /0.0.0.0:36273 - 0 ] INFO  server.RaftServer (RaftServerProxy.java:lambda$start$5(374)) - 9f7a9314-add0-4765-be61-553e532e1c3d: start RPC server
2021-06-03 00:00:11,189 [EndpointStateMachine task thread for /0.0.0.0:36273 - 0 ] INFO  server.GrpcService (GrpcService.java:startImpl(253)) - 9f7a9314-add0-4765-be61-553e532e1c3d: GrpcService started, listening on 40041
2021-06-03 00:00:11,189 [EndpointStateMachine task thread for /0.0.0.0:36273 - 0 ] INFO  ratis.XceiverServerRatis (XceiverServerRatis.java:getRealPort(511)) - XceiverServerRatis 9f7a9314-add0-4765-be61-553e532e1c3d is started using port 40041 for RATIS
2021-06-03 00:00:11,189 [EndpointStateMachine task thread for /0.0.0.0:36273 - 0 ] INFO  ratis.XceiverServerRatis (XceiverServerRatis.java:getRealPort(511)) - XceiverServerRatis 9f7a9314-add0-4765-be61-553e532e1c3d is started using port 40041 for RATIS_ADMIN
2021-06-03 00:00:11,189 [org.apache.ratis.util.JvmPauseMonitor$$Lambda$503/219913687@1972ac94] INFO  util.JvmPauseMonitor (JvmPauseMonitor.java:run(103)) - JvmPauseMonitor-9f7a9314-add0-4765-be61-553e532e1c3d: Started
2021-06-03 00:00:11,190 [EndpointStateMachine task thread for /0.0.0.0:36273 - 0 ] INFO  ratis.XceiverServerRatis (XceiverServerRatis.java:getRealPort(511)) - XceiverServerRatis 9f7a9314-add0-4765-be61-553e532e1c3d is started using port 40041 for RATIS_SERVER
2021-06-03 00:00:11,191 [EndpointStateMachine task thread for /0.0.0.0:36273 - 0 ] INFO  server.XceiverServerGrpc (XceiverServerGrpc.java:start(135)) - XceiverServerGrpc 9f7a9314-add0-4765-be61-553e532e1c3d is started using port 41047
2021-06-03 00:00:11,879 [IPC Server handler 3 on default port 36273] INFO  net.NetworkTopologyImpl (NetworkTopologyImpl.java:add(112)) - Added a new node: /default-rack/c00dd357-5364-4c4f-a775-3282c2d03178
2021-06-03 00:00:11,881 [IPC Server handler 3 on default port 36273] INFO  node.SCMNodeManager (SCMNodeManager.java:register(348)) - Registered Data node : c00dd357-5364-4c4f-a775-3282c2d03178{ip: 10.1.0.28, host: fv-az54-886.gmada3d5h3zutaf4vio4yveaag.bx.internal.cloudapp.net, ports: [REPLICATION=43741, RATIS=41287, RATIS_ADMIN=41287, RATIS_SERVER=41287, STANDALONE=34045], networkLocation: /default-rack, certSerialId: null, persistedOpState: null, persistedOpStateExpiryEpochSec: 0}
2021-06-03 00:00:11,883 [EventQueue-NewNodeForNewNodeHandler] INFO  pipeline.BackgroundPipelineCreator (BackgroundPipelineCreatorV2.java:notifyEventTriggered(282)) - trigger a one-shot run on RatisPipelineUtilsThread.
2021-06-03 00:00:11,892 [RatisPipelineUtilsThread - 0] INFO  pipeline.RatisPipelineProvider (RatisPipelineProvider.java:lambda$create$0(170)) - Sending CreatePipelineCommand for pipeline:PipelineID=ce9e57ea-cd6c-4078-8bf1-ef44ed96340c to datanode:c00dd357-5364-4c4f-a775-3282c2d03178
2021-06-03 00:00:11,893 [EventQueue-NodeRegistrationContainerReportForDataNodeSafeModeRule] INFO  safemode.SCMSafeModeManager (DataNodeSafeModeRule.java:process(71)) - SCM in safe mode. 1 DataNodes registered, 1 required.
2021-06-03 00:00:11,893 [EventQueue-NodeRegistrationContainerReportForDataNodeSafeModeRule] INFO  safemode.SCMSafeModeManager (SCMSafeModeManager.java:validateSafeModeExitRules(201)) - DataNodeSafeModeRule rule is successfully validated
2021-06-03 00:00:11,893 [EventQueue-NodeRegistrationContainerReportForDataNodeSafeModeRule] INFO  safemode.SCMSafeModeManager (SCMSafeModeManager.java:completePreCheck(229)) - All SCM safe mode pre check rules have passed
2021-06-03 00:00:11,893 [EventQueue-NodeRegistrationContainerReportForDataNodeSafeModeRule] WARN  events.EventQueue (EventQueue.java:fireEvent(185)) - No event handler registered for event TypedEvent{payloadType=SafeModeStatus, name='Safe mode status'}
2021-06-03 00:00:11,893 [EventQueue-NodeRegistrationContainerReportForDataNodeSafeModeRule] INFO  ha.SCMContext (SCMContext.java:updateSafeModeStatus(148)) - Update SafeModeStatus from SafeModeStatus{safeModeStatus=true, preCheckPassed=false} to SafeModeStatus{safeModeStatus=true, preCheckPassed=true}.
2021-06-03 00:00:11,894 [EventQueue-NodeRegistrationContainerReportForDataNodeSafeModeRule] INFO  pipeline.BackgroundPipelineCreator (BackgroundPipelineCreatorV2.java:notifyEventTriggered(282)) - trigger a one-shot run on RatisPipelineUtilsThread.
2021-06-03 00:00:11,894 [EventQueue-NodeRegistrationContainerReportForContainerSafeModeRule] INFO  safemode.SCMSafeModeManager (SCMSafeModeManager.java:validateSafeModeExitRules(201)) - ContainerSafeModeRule rule is successfully validated
2021-06-03 00:00:11,898 [EventQueue-PipelineReportForOneReplicaPipelineSafeModeRule] INFO  safemode.SCMSafeModeManager (SCMSafeModeManager.java:validateSafeModeExitRules(201)) - AtleastOneDatanodeReportedRule rule is successfully validated
2021-06-03 00:00:11,906 [RatisPipelineUtilsThread - 0] INFO  pipeline.PipelineStateManager (PipelineStateManagerV2Impl.java:addPipeline(101)) - Created pipeline Pipeline[ Id: ce9e57ea-cd6c-4078-8bf1-ef44ed96340c, Nodes: c00dd357-5364-4c4f-a775-3282c2d03178{ip: 10.1.0.28, host: fv-az54-886.gmada3d5h3zutaf4vio4yveaag.bx.internal.cloudapp.net, ports: [REPLICATION=43741, RATIS=41287, RATIS_ADMIN=41287, RATIS_SERVER=41287, STANDALONE=34045], networkLocation: /default-rack, certSerialId: null, persistedOpState: IN_SERVICE, persistedOpStateExpiryEpochSec: 0}, ReplicationConfig: RATIS/ONE, State:ALLOCATED, leaderId:, CreationTimestamp2021-06-03T00:00:11.889Z].
2021-06-03 00:00:11,908 [RatisPipelineUtilsThread - 0] WARN  pipeline.PipelinePlacementPolicy (PipelinePlacementPolicy.java:filterViableNodes(151)) - Pipeline creation failed due to no sufficient healthy datanodes. Required 3. Found 1.
2021-06-03 00:00:12,098 [IPC Server handler 5 on default port 36273] INFO  net.NetworkTopologyImpl (NetworkTopologyImpl.java:add(112)) - Added a new node: /default-rack/696e796d-aedf-4aed-93c4-430e12ffa8fc
2021-06-03 00:00:12,099 [EventQueue-NewNodeForNewNodeHandler] INFO  pipeline.BackgroundPipelineCreator (BackgroundPipelineCreatorV2.java:notifyEventTriggered(282)) - trigger a one-shot run on RatisPipelineUtilsThread.
2021-06-03 00:00:12,099 [IPC Server handler 5 on default port 36273] INFO  node.SCMNodeManager (SCMNodeManager.java:register(348)) - Registered Data node : 696e796d-aedf-4aed-93c4-430e12ffa8fc{ip: 10.1.0.28, host: fv-az54-886.gmada3d5h3zutaf4vio4yveaag.bx.internal.cloudapp.net, ports: [REPLICATION=42857, RATIS=37569, RATIS_ADMIN=37569, RATIS_SERVER=37569, STANDALONE=36447], networkLocation: /default-rack, certSerialId: null, persistedOpState: null, persistedOpStateExpiryEpochSec: 0}
2021-06-03 00:00:12,100 [EventQueue-NodeRegistrationContainerReportForDataNodeSafeModeRule] INFO  safemode.SCMSafeModeManager (SCMSafeModeManager.java:validateSafeModeExitRules(201)) - DataNodeSafeModeRule rule is successfully validated
2021-06-03 00:00:12,100 [EventQueue-NodeRegistrationContainerReportForContainerSafeModeRule] INFO  safemode.SCMSafeModeManager (SCMSafeModeManager.java:validateSafeModeExitRules(201)) - ContainerSafeModeRule rule is successfully validated
2021-06-03 00:00:12,100 [EventQueue-PipelineReportForOneReplicaPipelineSafeModeRule] INFO  safemode.SCMSafeModeManager (SCMSafeModeManager.java:validateSafeModeExitRules(201)) - AtleastOneDatanodeReportedRule rule is successfully validated
2021-06-03 00:00:12,102 [RatisPipelineUtilsThread - 0] INFO  pipeline.RatisPipelineProvider (RatisPipelineProvider.java:lambda$create$0(170)) - Sending CreatePipelineCommand for pipeline:PipelineID=e8b65d27-a1f4-4238-be4d-dbbd4bc6a664 to datanode:696e796d-aedf-4aed-93c4-430e12ffa8fc
2021-06-03 00:00:12,102 [RatisPipelineUtilsThread - 0] INFO  pipeline.PipelineStateManager (PipelineStateManagerV2Impl.java:addPipeline(101)) - Created pipeline Pipeline[ Id: e8b65d27-a1f4-4238-be4d-dbbd4bc6a664, Nodes: 696e796d-aedf-4aed-93c4-430e12ffa8fc{ip: 10.1.0.28, host: fv-az54-886.gmada3d5h3zutaf4vio4yveaag.bx.internal.cloudapp.net, ports: [REPLICATION=42857, RATIS=37569, RATIS_ADMIN=37569, RATIS_SERVER=37569, STANDALONE=36447], networkLocation: /default-rack, certSerialId: null, persistedOpState: IN_SERVICE, persistedOpStateExpiryEpochSec: 0}, ReplicationConfig: RATIS/ONE, State:ALLOCATED, leaderId:, CreationTimestamp2021-06-03T00:00:12.102Z].
2021-06-03 00:00:12,103 [RatisPipelineUtilsThread - 0] WARN  pipeline.PipelinePlacementPolicy (PipelinePlacementPolicy.java:filterViableNodes(151)) - Pipeline creation failed due to no sufficient healthy datanodes. Required 3. Found 2.
2021-06-03 00:00:12,168 [Listener at 127.0.0.1/45991] INFO  ozone.MiniOzoneClusterImpl (MiniOzoneClusterImpl.java:lambda$waitForClusterToBeReady$0(224)) - Waiting for nodes to be ready. Got 2 of 10 DN Heartbeats.
2021-06-03 00:00:12,169 [Listener at 127.0.0.1/45991] INFO  ozone.MiniOzoneClusterImpl (MiniOzoneClusterImpl.java:lambda$waitForClusterToBeReady$0(227)) - Waiting for cluster to exit safe mode
2021-06-03 00:00:12,169 [Listener at 127.0.0.1/45991] INFO  ozone.MiniOzoneClusterImpl (MiniOzoneClusterImpl.java:lambda$waitForClusterToBeReady$0(230)) - SCM became leader
2021-06-03 00:00:12,350 [IPC Server handler 7 on default port 36273] INFO  net.NetworkTopologyImpl (NetworkTopologyImpl.java:add(112)) - Added a new node: /default-rack/a9999bf8-cc81-46a6-8339-ca63194a4403
2021-06-03 00:00:12,350 [IPC Server handler 7 on default port 36273] INFO  node.SCMNodeManager (SCMNodeManager.java:register(348)) - Registered Data node : a9999bf8-cc81-46a6-8339-ca63194a4403{ip: 10.1.0.28, host: fv-az54-886.gmada3d5h3zutaf4vio4yveaag.bx.internal.cloudapp.net, ports: [REPLICATION=43743, RATIS=44263, RATIS_ADMIN=44263, RATIS_SERVER=44263, STANDALONE=39683], networkLocation: /default-rack, certSerialId: null, persistedOpState: null, persistedOpStateExpiryEpochSec: 0}
2021-06-03 00:00:12,351 [EventQueue-NodeRegistrationContainerReportForContainerSafeModeRule] INFO  safemode.SCMSafeModeManager (SCMSafeModeManager.java:validateSafeModeExitRules(201)) - ContainerSafeModeRule rule is successfully validated
2021-06-03 00:00:12,351 [EventQueue-PipelineReportForOneReplicaPipelineSafeModeRule] INFO  safemode.SCMSafeModeManager (SCMSafeModeManager.java:validateSafeModeExitRules(201)) - AtleastOneDatanodeReportedRule rule is successfully validated
2021-06-03 00:00:12,351 [EventQueue-NodeRegistrationContainerReportForDataNodeSafeModeRule] INFO  safemode.SCMSafeModeManager (SCMSafeModeManager.java:validateSafeModeExitRules(201)) - DataNodeSafeModeRule rule is successfully validated
2021-06-03 00:00:12,351 [EventQueue-NewNodeForNewNodeHandler] INFO  pipeline.BackgroundPipelineCreator (BackgroundPipelineCreatorV2.java:notifyEventTriggered(282)) - trigger a one-shot run on RatisPipelineUtilsThread.
2021-06-03 00:00:12,352 [RatisPipelineUtilsThread - 0] INFO  pipeline.RatisPipelineProvider (RatisPipelineProvider.java:lambda$create$0(170)) - Sending CreatePipelineCommand for pipeline:PipelineID=fcf43b2d-7e6c-4e48-8c51-b082ebf68155 to datanode:a9999bf8-cc81-46a6-8339-ca63194a4403
2021-06-03 00:00:12,354 [RatisPipelineUtilsThread - 0] INFO  pipeline.PipelineStateManager (PipelineStateManagerV2Impl.java:addPipeline(101)) - Created pipeline Pipeline[ Id: fcf43b2d-7e6c-4e48-8c51-b082ebf68155, Nodes: a9999bf8-cc81-46a6-8339-ca63194a4403{ip: 10.1.0.28, host: fv-az54-886.gmada3d5h3zutaf4vio4yveaag.bx.internal.cloudapp.net, ports: [REPLICATION=43743, RATIS=44263, RATIS_ADMIN=44263, RATIS_SERVER=44263, STANDALONE=39683], networkLocation: /default-rack, certSerialId: null, persistedOpState: IN_SERVICE, persistedOpStateExpiryEpochSec: 0}, ReplicationConfig: RATIS/ONE, State:ALLOCATED, leaderId:, CreationTimestamp2021-06-03T00:00:12.352Z].
2021-06-03 00:00:12,357 [RatisPipelineUtilsThread - 0] INFO  pipeline.RatisPipelineProvider (RatisPipelineProvider.java:lambda$create$0(170)) - Sending CreatePipelineCommand for pipeline:PipelineID=76f3524a-41cc-4041-bba1-765e0191f053 to datanode:c00dd357-5364-4c4f-a775-3282c2d03178
2021-06-03 00:00:12,357 [RatisPipelineUtilsThread - 0] INFO  pipeline.RatisPipelineProvider (RatisPipelineProvider.java:lambda$create$0(170)) - Sending CreatePipelineCommand for pipeline:PipelineID=76f3524a-41cc-4041-bba1-765e0191f053 to datanode:a9999bf8-cc81-46a6-8339-ca63194a4403
2021-06-03 00:00:12,357 [RatisPipelineUtilsThread - 0] INFO  pipeline.RatisPipelineProvider (RatisPipelineProvider.java:lambda$create$0(170)) - Sending CreatePipelineCommand for pipeline:PipelineID=76f3524a-41cc-4041-bba1-765e0191f053 to datanode:696e796d-aedf-4aed-93c4-430e12ffa8fc
2021-06-03 00:00:12,358 [RatisPipelineUtilsThread - 0] INFO  pipeline.PipelineStateManager (PipelineStateManagerV2Impl.java:addPipeline(101)) - Created pipeline Pipeline[ Id: 76f3524a-41cc-4041-bba1-765e0191f053, Nodes: c00dd357-5364-4c4f-a775-3282c2d03178{ip: 10.1.0.28, host: fv-az54-886.gmada3d5h3zutaf4vio4yveaag.bx.internal.cloudapp.net, ports: [REPLICATION=43741, RATIS=41287, RATIS_ADMIN=41287, RATIS_SERVER=41287, STANDALONE=34045], networkLocation: /default-rack, certSerialId: null, persistedOpState: IN_SERVICE, persistedOpStateExpiryEpochSec: 0}a9999bf8-cc81-46a6-8339-ca63194a4403{ip: 10.1.0.28, host: fv-az54-886.gmada3d5h3zutaf4vio4yveaag.bx.internal.cloudapp.net, ports: [REPLICATION=43743, RATIS=44263, RATIS_ADMIN=44263, RATIS_SERVER=44263, STANDALONE=39683], networkLocation: /default-rack, certSerialId: null, persistedOpState: IN_SERVICE, persistedOpStateExpiryEpochSec: 0}696e796d-aedf-4aed-93c4-430e12ffa8fc{ip: 10.1.0.28, host: fv-az54-886.gmada3d5h3zutaf4vio4yveaag.bx.internal.cloudapp.net, ports: [REPLICATION=42857, RATIS=37569, RATIS_ADMIN=37569, RATIS_SERVER=37569, STANDALONE=36447], networkLocation: /default-rack, certSerialId: null, persistedOpState: IN_SERVICE, persistedOpStateExpiryEpochSec: 0}, ReplicationConfig: RATIS/THREE, State:ALLOCATED, leaderId:, CreationTimestamp2021-06-03T00:00:12.357Z].
2021-06-03 00:00:12,359 [RatisPipelineUtilsThread - 0] INFO  pipeline.RatisPipelineProvider (RatisPipelineProvider.java:lambda$create$0(170)) - Sending CreatePipelineCommand for pipeline:PipelineID=341c2ee9-3773-4a3b-99d5-e153a90e5ffe to datanode:c00dd357-5364-4c4f-a775-3282c2d03178
2021-06-03 00:00:12,359 [RatisPipelineUtilsThread - 0] INFO  pipeline.RatisPipelineProvider (RatisPipelineProvider.java:lambda$create$0(170)) - Sending CreatePipelineCommand for pipeline:PipelineID=341c2ee9-3773-4a3b-99d5-e153a90e5ffe to datanode:696e796d-aedf-4aed-93c4-430e12ffa8fc
2021-06-03 00:00:12,359 [RatisPipelineUtilsThread - 0] INFO  pipeline.RatisPipelineProvider (RatisPipelineProvider.java:lambda$create$0(170)) - Sending CreatePipelineCommand for pipeline:PipelineID=341c2ee9-3773-4a3b-99d5-e153a90e5ffe to datanode:a9999bf8-cc81-46a6-8339-ca63194a4403
2021-06-03 00:00:12,360 [RatisPipelineUtilsThread - 0] INFO  pipeline.PipelineStateManager (PipelineStateManagerV2Impl.java:addPipeline(101)) - Created pipeline Pipeline[ Id: 341c2ee9-3773-4a3b-99d5-e153a90e5ffe, Nodes: c00dd357-5364-4c4f-a775-3282c2d03178{ip: 10.1.0.28, host: fv-az54-886.gmada3d5h3zutaf4vio4yveaag.bx.internal.cloudapp.net, ports: [REPLICATION=43741, RATIS=41287, RATIS_ADMIN=41287, RATIS_SERVER=41287, STANDALONE=34045], networkLocation: /default-rack, certSerialId: null, persistedOpState: IN_SERVICE, persistedOpStateExpiryEpochSec: 0}696e796d-aedf-4aed-93c4-430e12ffa8fc{ip: 10.1.0.28, host: fv-az54-886.gmada3d5h3zutaf4vio4yveaag.bx.internal.cloudapp.net, ports: [REPLICATION=42857, RATIS=37569, RATIS_ADMIN=37569, RATIS_SERVER=37569, STANDALONE=36447], networkLocation: /default-rack, certSerialId: null, persistedOpState: IN_SERVICE, persistedOpStateExpiryEpochSec: 0}a9999bf8-cc81-46a6-8339-ca63194a4403{ip: 10.1.0.28, host: fv-az54-886.gmada3d5h3zutaf4vio4yveaag.bx.internal.cloudapp.net, ports: [REPLICATION=43743, RATIS=44263, RATIS_ADMIN=44263, RATIS_SERVER=44263, STANDALONE=39683], networkLocation: /default-rack, certSerialId: null, persistedOpState: IN_SERVICE, persistedOpStateExpiryEpochSec: 0}, ReplicationConfig: RATIS/THREE, State:ALLOCATED, leaderId:, CreationTimestamp2021-06-03T00:00:12.359Z].
2021-06-03 00:00:12,360 [RatisPipelineUtilsThread - 0] INFO  pipeline.PipelineManagerV2Impl (PipelineManagerV2Impl.java:recordMetricsForPipeline(589)) - Pipeline: PipelineID=341c2ee9-3773-4a3b-99d5-e153a90e5ffe contains same datanodes as previous pipelines: PipelineID=76f3524a-41cc-4041-bba1-765e0191f053 nodeIds: c00dd357-5364-4c4f-a775-3282c2d03178, 696e796d-aedf-4aed-93c4-430e12ffa8fc, a9999bf8-cc81-46a6-8339-ca63194a4403
2021-06-03 00:00:12,455 [IPC Server handler 12 on default port 36273] INFO  net.NetworkTopologyImpl (NetworkTopologyImpl.java:add(112)) - Added a new node: /default-rack/7d2c3eba-00a8-4405-8104-350103fd4dff
2021-06-03 00:00:12,456 [IPC Server handler 12 on default port 36273] INFO  node.SCMNodeManager (SCMNodeManager.java:register(348)) - Registered Data node : 7d2c3eba-00a8-4405-8104-350103fd4dff{ip: 10.1.0.28, host: fv-az54-886.gmada3d5h3zutaf4vio4yveaag.bx.internal.cloudapp.net, ports: [REPLICATION=44151, RATIS=45839, RATIS_ADMIN=45839, RATIS_SERVER=45839, STANDALONE=41835], networkLocation: /default-rack, certSerialId: null, persistedOpState: null, persistedOpStateExpiryEpochSec: 0}
2021-06-03 00:00:12,457 [EventQueue-NewNodeForNewNodeHandler] INFO  pipeline.BackgroundPipelineCreator (BackgroundPipelineCreatorV2.java:notifyEventTriggered(282)) - trigger a one-shot run on RatisPipelineUtilsThread.
2021-06-03 00:00:12,457 [EventQueue-NodeRegistrationContainerReportForDataNodeSafeModeRule] INFO  safemode.SCMSafeModeManager (SCMSafeModeManager.java:validateSafeModeExitRules(201)) - DataNodeSafeModeRule rule is successfully validated
2021-06-03 00:00:12,457 [EventQueue-NodeRegistrationContainerReportForContainerSafeModeRule] INFO  safemode.SCMSafeModeManager (SCMSafeModeManager.java:validateSafeModeExitRules(201)) - ContainerSafeModeRule rule is successfully validated
2021-06-03 00:00:12,457 [EventQueue-PipelineReportForOneReplicaPipelineSafeModeRule] INFO  safemode.SCMSafeModeManager (SCMSafeModeManager.java:validateSafeModeExitRules(201)) - AtleastOneDatanodeReportedRule rule is successfully validated
2021-06-03 00:00:12,457 [RatisPipelineUtilsThread - 0] INFO  pipeline.RatisPipelineProvider (RatisPipelineProvider.java:lambda$create$0(170)) - Sending CreatePipelineCommand for pipeline:PipelineID=85b7a450-b81f-49c4-b464-0444540d2b3b to datanode:7d2c3eba-00a8-4405-8104-350103fd4dff
2021-06-03 00:00:12,458 [RatisPipelineUtilsThread - 0] INFO  pipeline.PipelineStateManager (PipelineStateManagerV2Impl.java:addPipeline(101)) - Created pipeline Pipeline[ Id: 85b7a450-b81f-49c4-b464-0444540d2b3b, Nodes: 7d2c3eba-00a8-4405-8104-350103fd4dff{ip: 10.1.0.28, host: fv-az54-886.gmada3d5h3zutaf4vio4yveaag.bx.internal.cloudapp.net, ports: [REPLICATION=44151, RATIS=45839, RATIS_ADMIN=45839, RATIS_SERVER=45839, STANDALONE=41835], networkLocation: /default-rack, certSerialId: null, persistedOpState: IN_SERVICE, persistedOpStateExpiryEpochSec: 0}, ReplicationConfig: RATIS/ONE, State:ALLOCATED, leaderId:, CreationTimestamp2021-06-03T00:00:12.457Z].
2021-06-03 00:00:12,577 [IPC Server handler 0 on default port 36273] INFO  net.NetworkTopologyImpl (NetworkTopologyImpl.java:add(112)) - Added a new node: /default-rack/f4f16679-ee25-4299-b5ef-20744ad00da9
2021-06-03 00:00:12,577 [IPC Server handler 0 on default port 36273] INFO  node.SCMNodeManager (SCMNodeManager.java:register(348)) - Registered Data node : f4f16679-ee25-4299-b5ef-20744ad00da9{ip: 10.1.0.28, host: fv-az54-886.gmada3d5h3zutaf4vio4yveaag.bx.internal.cloudapp.net, ports: [REPLICATION=36995, RATIS=36455, RATIS_ADMIN=36455, RATIS_SERVER=36455, STANDALONE=34931], networkLocation: /default-rack, certSerialId: null, persistedOpState: null, persistedOpStateExpiryEpochSec: 0}
2021-06-03 00:00:12,577 [EventQueue-NodeRegistrationContainerReportForDataNodeSafeModeRule] INFO  safemode.SCMSafeModeManager (SCMSafeModeManager.java:validateSafeModeExitRules(201)) - DataNodeSafeModeRule rule is successfully validated
2021-06-03 00:00:12,578 [EventQueue-PipelineReportForOneReplicaPipelineSafeModeRule] INFO  safemode.SCMSafeModeManager (SCMSafeModeManager.java:validateSafeModeExitRules(201)) - AtleastOneDatanodeReportedRule rule is successfully validated
2021-06-03 00:00:12,578 [EventQueue-NewNodeForNewNodeHandler] INFO  pipeline.BackgroundPipelineCreator (BackgroundPipelineCreatorV2.java:notifyEventTriggered(282)) - trigger a one-shot run on RatisPipelineUtilsThread.
2021-06-03 00:00:12,579 [RatisPipelineUtilsThread - 0] INFO  pipeline.RatisPipelineProvider (RatisPipelineProvider.java:lambda$create$0(170)) - Sending CreatePipelineCommand for pipeline:PipelineID=9ed0e79a-db45-4aa1-9002-e29861541324 to datanode:f4f16679-ee25-4299-b5ef-20744ad00da9
2021-06-03 00:00:12,578 [EventQueue-NodeRegistrationContainerReportForContainerSafeModeRule] INFO  safemode.SCMSafeModeManager (SCMSafeModeManager.java:validateSafeModeExitRules(201)) - ContainerSafeModeRule rule is successfully validated
2021-06-03 00:00:12,580 [RatisPipelineUtilsThread - 0] INFO  pipeline.PipelineStateManager (PipelineStateManagerV2Impl.java:addPipeline(101)) - Created pipeline Pipeline[ Id: 9ed0e79a-db45-4aa1-9002-e29861541324, Nodes: f4f16679-ee25-4299-b5ef-20744ad00da9{ip: 10.1.0.28, host: fv-az54-886.gmada3d5h3zutaf4vio4yveaag.bx.internal.cloudapp.net, ports: [REPLICATION=36995, RATIS=36455, RATIS_ADMIN=36455, RATIS_SERVER=36455, STANDALONE=34931], networkLocation: /default-rack, certSerialId: null, persistedOpState: IN_SERVICE, persistedOpStateExpiryEpochSec: 0}, ReplicationConfig: RATIS/ONE, State:ALLOCATED, leaderId:, CreationTimestamp2021-06-03T00:00:12.579Z].
2021-06-03 00:00:12,684 [IPC Server handler 1 on default port 36273] INFO  net.NetworkTopologyImpl (NetworkTopologyImpl.java:add(112)) - Added a new node: /default-rack/15d89ff8-8978-426f-aa57-cfd2a1dc180a
2021-06-03 00:00:12,685 [IPC Server handler 1 on default port 36273] INFO  node.SCMNodeManager (SCMNodeManager.java:register(348)) - Registered Data node : 15d89ff8-8978-426f-aa57-cfd2a1dc180a{ip: 10.1.0.28, host: fv-az54-886.gmada3d5h3zutaf4vio4yveaag.bx.internal.cloudapp.net, ports: [REPLICATION=39249, RATIS=41799, RATIS_ADMIN=41799, RATIS_SERVER=41799, STANDALONE=34845], networkLocation: /default-rack, certSerialId: null, persistedOpState: null, persistedOpStateExpiryEpochSec: 0}
2021-06-03 00:00:12,685 [EventQueue-NewNodeForNewNodeHandler] INFO  pipeline.BackgroundPipelineCreator (BackgroundPipelineCreatorV2.java:notifyEventTriggered(282)) - trigger a one-shot run on RatisPipelineUtilsThread.
2021-06-03 00:00:12,686 [EventQueue-PipelineReportForOneReplicaPipelineSafeModeRule] INFO  safemode.SCMSafeModeManager (SCMSafeModeManager.java:validateSafeModeExitRules(201)) - AtleastOneDatanodeReportedRule rule is successfully validated
2021-06-03 00:00:12,686 [EventQueue-NodeRegistrationContainerReportForContainerSafeModeRule] INFO  safemode.SCMSafeModeManager (SCMSafeModeManager.java:validateSafeModeExitRules(201)) - ContainerSafeModeRule rule is successfully validated
2021-06-03 00:00:12,686 [RatisPipelineUtilsThread - 0] INFO  pipeline.RatisPipelineProvider (RatisPipelineProvider.java:lambda$create$0(170)) - Sending CreatePipelineCommand for pipeline:PipelineID=3039c689-6276-471c-9233-eab3e91f4df9 to datanode:15d89ff8-8978-426f-aa57-cfd2a1dc180a
2021-06-03 00:00:12,686 [EventQueue-NodeRegistrationContainerReportForDataNodeSafeModeRule] INFO  safemode.SCMSafeModeManager (SCMSafeModeManager.java:validateSafeModeExitRules(201)) - DataNodeSafeModeRule rule is successfully validated
2021-06-03 00:00:12,687 [RatisPipelineUtilsThread - 0] INFO  pipeline.PipelineStateManager (PipelineStateManagerV2Impl.java:addPipeline(101)) - Created pipeline Pipeline[ Id: 3039c689-6276-471c-9233-eab3e91f4df9, Nodes: 15d89ff8-8978-426f-aa57-cfd2a1dc180a{ip: 10.1.0.28, host: fv-az54-886.gmada3d5h3zutaf4vio4yveaag.bx.internal.cloudapp.net, ports: [REPLICATION=39249, RATIS=41799, RATIS_ADMIN=41799, RATIS_SERVER=41799, STANDALONE=34845], networkLocation: /default-rack, certSerialId: null, persistedOpState: IN_SERVICE, persistedOpStateExpiryEpochSec: 0}, ReplicationConfig: RATIS/ONE, State:ALLOCATED, leaderId:, CreationTimestamp2021-06-03T00:00:12.686Z].
2021-06-03 00:00:12,689 [RatisPipelineUtilsThread - 0] INFO  pipeline.RatisPipelineProvider (RatisPipelineProvider.java:lambda$create$0(170)) - Sending CreatePipelineCommand for pipeline:PipelineID=cc478adb-7bde-4f2f-82a4-f5fb650d46ee to datanode:15d89ff8-8978-426f-aa57-cfd2a1dc180a
2021-06-03 00:00:12,689 [RatisPipelineUtilsThread - 0] INFO  pipeline.RatisPipelineProvider (RatisPipelineProvider.java:lambda$create$0(170)) - Sending CreatePipelineCommand for pipeline:PipelineID=cc478adb-7bde-4f2f-82a4-f5fb650d46ee to datanode:7d2c3eba-00a8-4405-8104-350103fd4dff
2021-06-03 00:00:12,689 [RatisPipelineUtilsThread - 0] INFO  pipeline.RatisPipelineProvider (RatisPipelineProvider.java:lambda$create$0(170)) - Sending CreatePipelineCommand for pipeline:PipelineID=cc478adb-7bde-4f2f-82a4-f5fb650d46ee to datanode:f4f16679-ee25-4299-b5ef-20744ad00da9
2021-06-03 00:00:12,690 [RatisPipelineUtilsThread - 0] INFO  pipeline.PipelineStateManager (PipelineStateManagerV2Impl.java:addPipeline(101)) - Created pipeline Pipeline[ Id: cc478adb-7bde-4f2f-82a4-f5fb650d46ee, Nodes: 15d89ff8-8978-426f-aa57-cfd2a1dc180a{ip: 10.1.0.28, host: fv-az54-886.gmada3d5h3zutaf4vio4yveaag.bx.internal.cloudapp.net, ports: [REPLICATION=39249, RATIS=41799, RATIS_ADMIN=41799, RATIS_SERVER=41799, STANDALONE=34845], networkLocation: /default-rack, certSerialId: null, persistedOpState: IN_SERVICE, persistedOpStateExpiryEpochSec: 0}7d2c3eba-00a8-4405-8104-350103fd4dff{ip: 10.1.0.28, host: fv-az54-886.gmada3d5h3zutaf4vio4yveaag.bx.internal.cloudapp.net, ports: [REPLICATION=44151, RATIS=45839, RATIS_ADMIN=45839, RATIS_SERVER=45839, STANDALONE=41835], networkLocation: /default-rack, certSerialId: null, persistedOpState: IN_SERVICE, persistedOpStateExpiryEpochSec: 0}f4f16679-ee25-4299-b5ef-20744ad00da9{ip: 10.1.0.28, host: fv-az54-886.gmada3d5h3zutaf4vio4yveaag.bx.internal.cloudapp.net, ports: [REPLICATION=36995, RATIS=36455, RATIS_ADMIN=36455, RATIS_SERVER=36455, STANDALONE=34931], networkLocation: /default-rack, certSerialId: null, persistedOpState: IN_SERVICE, persistedOpStateExpiryEpochSec: 0}, ReplicationConfig: RATIS/THREE, State:ALLOCATED, leaderId:, CreationTimestamp2021-06-03T00:00:12.689Z].
2021-06-03 00:00:12,691 [RatisPipelineUtilsThread - 0] INFO  pipeline.RatisPipelineProvider (RatisPipelineProvider.java:lambda$create$0(170)) - Sending CreatePipelineCommand for pipeline:PipelineID=d82feb61-3546-4dbb-be3b-b547ec5fbbca to datanode:f4f16679-ee25-4299-b5ef-20744ad00da9
2021-06-03 00:00:12,691 [RatisPipelineUtilsThread - 0] INFO  pipeline.RatisPipelineProvider (RatisPipelineProvider.java:lambda$create$0(170)) - Sending CreatePipelineCommand for pipeline:PipelineID=d82feb61-3546-4dbb-be3b-b547ec5fbbca to datanode:7d2c3eba-00a8-4405-8104-350103fd4dff
2021-06-03 00:00:12,691 [RatisPipelineUtilsThread - 0] INFO  pipeline.RatisPipelineProvider (RatisPipelineProvider.java:lambda$create$0(170)) - Sending CreatePipelineCommand for pipeline:PipelineID=d82feb61-3546-4dbb-be3b-b547ec5fbbca to datanode:15d89ff8-8978-426f-aa57-cfd2a1dc180a
2021-06-03 00:00:12,692 [RatisPipelineUtilsThread - 0] INFO  pipeline.PipelineStateManager (PipelineStateManagerV2Impl.java:addPipeline(101)) - Created pipeline Pipeline[ Id: d82feb61-3546-4dbb-be3b-b547ec5fbbca, Nodes: f4f16679-ee25-4299-b5ef-20744ad00da9{ip: 10.1.0.28, host: fv-az54-886.gmada3d5h3zutaf4vio4yveaag.bx.internal.cloudapp.net, ports: [REPLICATION=36995, RATIS=36455, RATIS_ADMIN=36455, RATIS_SERVER=36455, STANDALONE=34931], networkLocation: /default-rack, certSerialId: null, persistedOpState: IN_SERVICE, persistedOpStateExpiryEpochSec: 0}7d2c3eba-00a8-4405-8104-350103fd4dff{ip: 10.1.0.28, host: fv-az54-886.gmada3d5h3zutaf4vio4yveaag.bx.internal.cloudapp.net, ports: [REPLICATION=44151, RATIS=45839, RATIS_ADMIN=45839, RATIS_SERVER=45839, STANDALONE=41835], networkLocation: /default-rack, certSerialId: null, persistedOpState: IN_SERVICE, persistedOpStateExpiryEpochSec: 0}15d89ff8-8978-426f-aa57-cfd2a1dc180a{ip: 10.1.0.28, host: fv-az54-886.gmada3d5h3zutaf4vio4yveaag.bx.internal.cloudapp.net, ports: [REPLICATION=39249, RATIS=41799, RATIS_ADMIN=41799, RATIS_SERVER=41799, STANDALONE=34845], networkLocation: /default-rack, certSerialId: null, persistedOpState: IN_SERVICE, persistedOpStateExpiryEpochSec: 0}, ReplicationConfig: RATIS/THREE, State:ALLOCATED, leaderId:, CreationTimestamp2021-06-03T00:00:12.691Z].
2021-06-03 00:00:12,692 [RatisPipelineUtilsThread - 0] INFO  pipeline.PipelineManagerV2Impl (PipelineManagerV2Impl.java:recordMetricsForPipeline(589)) - Pipeline: PipelineID=d82feb61-3546-4dbb-be3b-b547ec5fbbca contains same datanodes as previous pipelines: PipelineID=cc478adb-7bde-4f2f-82a4-f5fb650d46ee nodeIds: f4f16679-ee25-4299-b5ef-20744ad00da9, 7d2c3eba-00a8-4405-8104-350103fd4dff, 15d89ff8-8978-426f-aa57-cfd2a1dc180a
2021-06-03 00:00:12,800 [IPC Server handler 2 on default port 36273] INFO  net.NetworkTopologyImpl (NetworkTopologyImpl.java:add(112)) - Added a new node: /default-rack/d0cf5b47-7c54-4e8b-8553-76537c736c6c
2021-06-03 00:00:12,801 [IPC Server handler 2 on default port 36273] INFO  node.SCMNodeManager (SCMNodeManager.java:register(348)) - Registered Data node : d0cf5b47-7c54-4e8b-8553-76537c736c6c{ip: 10.1.0.28, host: fv-az54-886.gmada3d5h3zutaf4vio4yveaag.bx.internal.cloudapp.net, ports: [REPLICATION=38967, RATIS=42427, RATIS_ADMIN=42427, RATIS_SERVER=42427, STANDALONE=40617], networkLocation: /default-rack, certSerialId: null, persistedOpState: null, persistedOpStateExpiryEpochSec: 0}
2021-06-03 00:00:12,801 [EventQueue-NewNodeForNewNodeHandler] INFO  pipeline.BackgroundPipelineCreator (BackgroundPipelineCreatorV2.java:notifyEventTriggered(282)) - trigger a one-shot run on RatisPipelineUtilsThread.
2021-06-03 00:00:12,802 [EventQueue-NodeRegistrationContainerReportForDataNodeSafeModeRule] INFO  safemode.SCMSafeModeManager (SCMSafeModeManager.java:validateSafeModeExitRules(201)) - DataNodeSafeModeRule rule is successfully validated
2021-06-03 00:00:12,802 [EventQueue-NodeRegistrationContainerReportForContainerSafeModeRule] INFO  safemode.SCMSafeModeManager (SCMSafeModeManager.java:validateSafeModeExitRules(201)) - ContainerSafeModeRule rule is successfully validated
2021-06-03 00:00:12,802 [EventQueue-PipelineReportForOneReplicaPipelineSafeModeRule] INFO  safemode.SCMSafeModeManager (SCMSafeModeManager.java:validateSafeModeExitRules(201)) - AtleastOneDatanodeReportedRule rule is successfully validated
2021-06-03 00:00:12,802 [RatisPipelineUtilsThread - 0] INFO  pipeline.RatisPipelineProvider (RatisPipelineProvider.java:lambda$create$0(170)) - Sending CreatePipelineCommand for pipeline:PipelineID=334fa115-4679-4eab-b4ec-7907bff6719c to datanode:d0cf5b47-7c54-4e8b-8553-76537c736c6c
2021-06-03 00:00:12,803 [RatisPipelineUtilsThread - 0] INFO  pipeline.PipelineStateManager (PipelineStateManagerV2Impl.java:addPipeline(101)) - Created pipeline Pipeline[ Id: 334fa115-4679-4eab-b4ec-7907bff6719c, Nodes: d0cf5b47-7c54-4e8b-8553-76537c736c6c{ip: 10.1.0.28, host: fv-az54-886.gmada3d5h3zutaf4vio4yveaag.bx.internal.cloudapp.net, ports: [REPLICATION=38967, RATIS=42427, RATIS_ADMIN=42427, RATIS_SERVER=42427, STANDALONE=40617], networkLocation: /default-rack, certSerialId: null, persistedOpState: IN_SERVICE, persistedOpStateExpiryEpochSec: 0}, ReplicationConfig: RATIS/ONE, State:ALLOCATED, leaderId:, CreationTimestamp2021-06-03T00:00:12.802Z].
2021-06-03 00:00:12,948 [IPC Server handler 4 on default port 36273] INFO  net.NetworkTopologyImpl (NetworkTopologyImpl.java:add(112)) - Added a new node: /default-rack/49823d17-a6b1-4b17-b5f9-be7dfd52d59a
2021-06-03 00:00:12,949 [IPC Server handler 4 on default port 36273] INFO  node.SCMNodeManager (SCMNodeManager.java:register(348)) - Registered Data node : 49823d17-a6b1-4b17-b5f9-be7dfd52d59a{ip: 10.1.0.28, host: fv-az54-886.gmada3d5h3zutaf4vio4yveaag.bx.internal.cloudapp.net, ports: [REPLICATION=38393, RATIS=36933, RATIS_ADMIN=36933, RATIS_SERVER=36933, STANDALONE=38267], networkLocation: /default-rack, certSerialId: null, persistedOpState: null, persistedOpStateExpiryEpochSec: 0}
2021-06-03 00:00:12,949 [EventQueue-NewNodeForNewNodeHandler] INFO  pipeline.BackgroundPipelineCreator (BackgroundPipelineCreatorV2.java:notifyEventTriggered(282)) - trigger a one-shot run on RatisPipelineUtilsThread.
2021-06-03 00:00:12,949 [EventQueue-NodeRegistrationContainerReportForDataNodeSafeModeRule] INFO  safemode.SCMSafeModeManager (SCMSafeModeManager.java:validateSafeModeExitRules(201)) - DataNodeSafeModeRule rule is successfully validated
2021-06-03 00:00:12,950 [EventQueue-NodeRegistrationContainerReportForContainerSafeModeRule] INFO  safemode.SCMSafeModeManager (SCMSafeModeManager.java:validateSafeModeExitRules(201)) - ContainerSafeModeRule rule is successfully validated
2021-06-03 00:00:12,951 [EventQueue-PipelineReportForOneReplicaPipelineSafeModeRule] INFO  safemode.SCMSafeModeManager (SCMSafeModeManager.java:validateSafeModeExitRules(201)) - AtleastOneDatanodeReportedRule rule is successfully validated
2021-06-03 00:00:12,951 [RatisPipelineUtilsThread - 0] INFO  pipeline.RatisPipelineProvider (RatisPipelineProvider.java:lambda$create$0(170)) - Sending CreatePipelineCommand for pipeline:PipelineID=e01126f0-176d-4eae-83b0-9111b1f16c21 to datanode:49823d17-a6b1-4b17-b5f9-be7dfd52d59a
2021-06-03 00:00:12,952 [RatisPipelineUtilsThread - 0] INFO  pipeline.PipelineStateManager (PipelineStateManagerV2Impl.java:addPipeline(101)) - Created pipeline Pipeline[ Id: e01126f0-176d-4eae-83b0-9111b1f16c21, Nodes: 49823d17-a6b1-4b17-b5f9-be7dfd52d59a{ip: 10.1.0.28, host: fv-az54-886.gmada3d5h3zutaf4vio4yveaag.bx.internal.cloudapp.net, ports: [REPLICATION=38393, RATIS=36933, RATIS_ADMIN=36933, RATIS_SERVER=36933, STANDALONE=38267], networkLocation: /default-rack, certSerialId: null, persistedOpState: IN_SERVICE, persistedOpStateExpiryEpochSec: 0}, ReplicationConfig: RATIS/ONE, State:ALLOCATED, leaderId:, CreationTimestamp2021-06-03T00:00:12.951Z].
2021-06-03 00:00:13,069 [IPC Server handler 5 on default port 36273] INFO  net.NetworkTopologyImpl (NetworkTopologyImpl.java:add(112)) - Added a new node: /default-rack/008cfff7-303f-4304-8652-a290acc47d8f
2021-06-03 00:00:13,069 [IPC Server handler 5 on default port 36273] INFO  node.SCMNodeManager (SCMNodeManager.java:register(348)) - Registered Data node : 008cfff7-303f-4304-8652-a290acc47d8f{ip: 10.1.0.28, host: fv-az54-886.gmada3d5h3zutaf4vio4yveaag.bx.internal.cloudapp.net, ports: [REPLICATION=44487, RATIS=38019, RATIS_ADMIN=38019, RATIS_SERVER=38019, STANDALONE=37907], networkLocation: /default-rack, certSerialId: null, persistedOpState: null, persistedOpStateExpiryEpochSec: 0}
2021-06-03 00:00:13,069 [EventQueue-NewNodeForNewNodeHandler] INFO  pipeline.BackgroundPipelineCreator (BackgroundPipelineCreatorV2.java:notifyEventTriggered(282)) - trigger a one-shot run on RatisPipelineUtilsThread.
2021-06-03 00:00:13,069 [EventQueue-NodeRegistrationContainerReportForDataNodeSafeModeRule] INFO  safemode.SCMSafeModeManager (SCMSafeModeManager.java:validateSafeModeExitRules(201)) - DataNodeSafeModeRule rule is successfully validated
2021-06-03 00:00:13,072 [RatisPipelineUtilsThread - 0] INFO  pipeline.RatisPipelineProvider (RatisPipelineProvider.java:lambda$create$0(170)) - Sending CreatePipelineCommand for pipeline:PipelineID=65cdeea9-1024-488b-973f-12bf2e93876b to datanode:008cfff7-303f-4304-8652-a290acc47d8f
2021-06-03 00:00:13,072 [RatisPipelineUtilsThread - 0] INFO  pipeline.PipelineStateManager (PipelineStateManagerV2Impl.java:addPipeline(101)) - Created pipeline Pipeline[ Id: 65cdeea9-1024-488b-973f-12bf2e93876b, Nodes: 008cfff7-303f-4304-8652-a290acc47d8f{ip: 10.1.0.28, host: fv-az54-886.gmada3d5h3zutaf4vio4yveaag.bx.internal.cloudapp.net, ports: [REPLICATION=44487, RATIS=38019, RATIS_ADMIN=38019, RATIS_SERVER=38019, STANDALONE=37907], networkLocation: /default-rack, certSerialId: null, persistedOpState: IN_SERVICE, persistedOpStateExpiryEpochSec: 0}, ReplicationConfig: RATIS/ONE, State:ALLOCATED, leaderId:, CreationTimestamp2021-06-03T00:00:13.072Z].
2021-06-03 00:00:13,073 [RatisPipelineUtilsThread - 0] INFO  pipeline.RatisPipelineProvider (RatisPipelineProvider.java:lambda$create$0(170)) - Sending CreatePipelineCommand for pipeline:PipelineID=24fec9e1-47d2-46c7-9311-d30df566eedf to datanode:49823d17-a6b1-4b17-b5f9-be7dfd52d59a
2021-06-03 00:00:13,073 [RatisPipelineUtilsThread - 0] INFO  pipeline.RatisPipelineProvider (RatisPipelineProvider.java:lambda$create$0(170)) - Sending CreatePipelineCommand for pipeline:PipelineID=24fec9e1-47d2-46c7-9311-d30df566eedf to datanode:d0cf5b47-7c54-4e8b-8553-76537c736c6c
2021-06-03 00:00:13,073 [RatisPipelineUtilsThread - 0] INFO  pipeline.RatisPipelineProvider (RatisPipelineProvider.java:lambda$create$0(170)) - Sending CreatePipelineCommand for pipeline:PipelineID=24fec9e1-47d2-46c7-9311-d30df566eedf to datanode:008cfff7-303f-4304-8652-a290acc47d8f
2021-06-03 00:00:13,073 [RatisPipelineUtilsThread - 0] INFO  pipeline.PipelineStateManager (PipelineStateManagerV2Impl.java:addPipeline(101)) - Created pipeline Pipeline[ Id: 24fec9e1-47d2-46c7-9311-d30df566eedf, Nodes: 49823d17-a6b1-4b17-b5f9-be7dfd52d59a{ip: 10.1.0.28, host: fv-az54-886.gmada3d5h3zutaf4vio4yveaag.bx.internal.cloudapp.net, ports: [REPLICATION=38393, RATIS=36933, RATIS_ADMIN=36933, RATIS_SERVER=36933, STANDALONE=38267], networkLocation: /default-rack, certSerialId: null, persistedOpState: IN_SERVICE, persistedOpStateExpiryEpochSec: 0}d0cf5b47-7c54-4e8b-8553-76537c736c6c{ip: 10.1.0.28, host: fv-az54-886.gmada3d5h3zutaf4vio4yveaag.bx.internal.cloudapp.net, ports: [REPLICATION=38967, RATIS=42427, RATIS_ADMIN=42427, RATIS_SERVER=42427, STANDALONE=40617], networkLocation: /default-rack, certSerialId: null, persistedOpState: IN_SERVICE, persistedOpStateExpiryEpochSec: 0}008cfff7-303f-4304-8652-a290acc47d8f{ip: 10.1.0.28, host: fv-az54-886.gmada3d5h3zutaf4vio4yveaag.bx.internal.cloudapp.net, ports: [REPLICATION=44487, RATIS=38019, RATIS_ADMIN=38019, RATIS_SERVER=38019, STANDALONE=37907], networkLocation: /default-rack, certSerialId: null, persistedOpState: IN_SERVICE, persistedOpStateExpiryEpochSec: 0}, ReplicationConfig: RATIS/THREE, State:ALLOCATED, leaderId:, CreationTimestamp2021-06-03T00:00:13.073Z].
2021-06-03 00:00:13,072 [EventQueue-PipelineReportForOneReplicaPipelineSafeModeRule] INFO  safemode.SCMSafeModeManager (SCMSafeModeManager.java:validateSafeModeExitRules(201)) - AtleastOneDatanodeReportedRule rule is successfully validated
2021-06-03 00:00:13,074 [EventQueue-NodeRegistrationContainerReportForContainerSafeModeRule] INFO  safemode.SCMSafeModeManager (SCMSafeModeManager.java:validateSafeModeExitRules(201)) - ContainerSafeModeRule rule is successfully validated
2021-06-03 00:00:13,078 [RatisPipelineUtilsThread - 0] INFO  pipeline.RatisPipelineProvider (RatisPipelineProvider.java:lambda$create$0(170)) - Sending CreatePipelineCommand for pipeline:PipelineID=5b5c4c8e-4c14-490d-af65-5c0da3c7c8c0 to datanode:49823d17-a6b1-4b17-b5f9-be7dfd52d59a
2021-06-03 00:00:13,078 [RatisPipelineUtilsThread - 0] INFO  pipeline.RatisPipelineProvider (RatisPipelineProvider.java:lambda$create$0(170)) - Sending CreatePipelineCommand for pipeline:PipelineID=5b5c4c8e-4c14-490d-af65-5c0da3c7c8c0 to datanode:008cfff7-303f-4304-8652-a290acc47d8f
2021-06-03 00:00:13,078 [RatisPipelineUtilsThread - 0] INFO  pipeline.RatisPipelineProvider (RatisPipelineProvider.java:lambda$create$0(170)) - Sending CreatePipelineCommand for pipeline:PipelineID=5b5c4c8e-4c14-490d-af65-5c0da3c7c8c0 to datanode:d0cf5b47-7c54-4e8b-8553-76537c736c6c
2021-06-03 00:00:13,079 [RatisPipelineUtilsThread - 0] INFO  pipeline.PipelineStateManager (PipelineStateManagerV2Impl.java:addPipeline(101)) - Created pipeline Pipeline[ Id: 5b5c4c8e-4c14-490d-af65-5c0da3c7c8c0, Nodes: 49823d17-a6b1-4b17-b5f9-be7dfd52d59a{ip: 10.1.0.28, host: fv-az54-886.gmada3d5h3zutaf4vio4yveaag.bx.internal.cloudapp.net, ports: [REPLICATION=38393, RATIS=36933, RATIS_ADMIN=36933, RATIS_SERVER=36933, STANDALONE=38267], networkLocation: /default-rack, certSerialId: null, persistedOpState: IN_SERVICE, persistedOpStateExpiryEpochSec: 0}008cfff7-303f-4304-8652-a290acc47d8f{ip: 10.1.0.28, host: fv-az54-886.gmada3d5h3zutaf4vio4yveaag.bx.internal.cloudapp.net, ports: [REPLICATION=44487, RATIS=38019, RATIS_ADMIN=38019, RATIS_SERVER=38019, STANDALONE=37907], networkLocation: /default-rack, certSerialId: null, persistedOpState: IN_SERVICE, persistedOpStateExpiryEpochSec: 0}d0cf5b47-7c54-4e8b-8553-76537c736c6c{ip: 10.1.0.28, host: fv-az54-886.gmada3d5h3zutaf4vio4yveaag.bx.internal.cloudapp.net, ports: [REPLICATION=38967, RATIS=42427, RATIS_ADMIN=42427, RATIS_SERVER=42427, STANDALONE=40617], networkLocation: /default-rack, certSerialId: null, persistedOpState: IN_SERVICE, persistedOpStateExpiryEpochSec: 0}, ReplicationConfig: RATIS/THREE, State:ALLOCATED, leaderId:, CreationTimestamp2021-06-03T00:00:13.078Z].
2021-06-03 00:00:13,079 [RatisPipelineUtilsThread - 0] INFO  pipeline.PipelineManagerV2Impl (PipelineManagerV2Impl.java:recordMetricsForPipeline(589)) - Pipeline: PipelineID=5b5c4c8e-4c14-490d-af65-5c0da3c7c8c0 contains same datanodes as previous pipelines: PipelineID=24fec9e1-47d2-46c7-9311-d30df566eedf nodeIds: 49823d17-a6b1-4b17-b5f9-be7dfd52d59a, 008cfff7-303f-4304-8652-a290acc47d8f, d0cf5b47-7c54-4e8b-8553-76537c736c6c
2021-06-03 00:00:13,170 [Listener at 127.0.0.1/45991] INFO  ozone.MiniOzoneClusterImpl (MiniOzoneClusterImpl.java:lambda$waitForClusterToBeReady$0(224)) - Waiting for nodes to be ready. Got 9 of 10 DN Heartbeats.
2021-06-03 00:00:13,171 [Listener at 127.0.0.1/45991] INFO  ozone.MiniOzoneClusterImpl (MiniOzoneClusterImpl.java:lambda$waitForClusterToBeReady$0(227)) - Waiting for cluster to exit safe mode
2021-06-03 00:00:13,171 [Listener at 127.0.0.1/45991] INFO  ozone.MiniOzoneClusterImpl (MiniOzoneClusterImpl.java:lambda$waitForClusterToBeReady$0(230)) - SCM became leader
2021-06-03 00:00:13,175 [IPC Server handler 7 on default port 36273] INFO  net.NetworkTopologyImpl (NetworkTopologyImpl.java:add(112)) - Added a new node: /default-rack/9f7a9314-add0-4765-be61-553e532e1c3d
2021-06-03 00:00:13,175 [IPC Server handler 7 on default port 36273] INFO  node.SCMNodeManager (SCMNodeManager.java:register(348)) - Registered Data node : 9f7a9314-add0-4765-be61-553e532e1c3d{ip: 10.1.0.28, host: fv-az54-886.gmada3d5h3zutaf4vio4yveaag.bx.internal.cloudapp.net, ports: [REPLICATION=44869, RATIS=40041, RATIS_ADMIN=40041, RATIS_SERVER=40041, STANDALONE=41047], networkLocation: /default-rack, certSerialId: null, persistedOpState: null, persistedOpStateExpiryEpochSec: 0}
2021-06-03 00:00:13,175 [EventQueue-NewNodeForNewNodeHandler] INFO  pipeline.BackgroundPipelineCreator (BackgroundPipelineCreatorV2.java:notifyEventTriggered(282)) - trigger a one-shot run on RatisPipelineUtilsThread.
2021-06-03 00:00:13,176 [EventQueue-NodeRegistrationContainerReportForDataNodeSafeModeRule] INFO  safemode.SCMSafeModeManager (SCMSafeModeManager.java:validateSafeModeExitRules(201)) - DataNodeSafeModeRule rule is successfully validated
2021-06-03 00:00:13,176 [EventQueue-NodeRegistrationContainerReportForContainerSafeModeRule] INFO  safemode.SCMSafeModeManager (SCMSafeModeManager.java:validateSafeModeExitRules(201)) - ContainerSafeModeRule rule is successfully validated
2021-06-03 00:00:13,176 [EventQueue-PipelineReportForOneReplicaPipelineSafeModeRule] INFO  safemode.SCMSafeModeManager (SCMSafeModeManager.java:validateSafeModeExitRules(201)) - AtleastOneDatanodeReportedRule rule is successfully validated
2021-06-03 00:00:13,177 [RatisPipelineUtilsThread - 0] INFO  pipeline.RatisPipelineProvider (RatisPipelineProvider.java:lambda$create$0(170)) - Sending CreatePipelineCommand for pipeline:PipelineID=83dea6d4-b3d9-4640-8cb4-7177a17899fc to datanode:9f7a9314-add0-4765-be61-553e532e1c3d
2021-06-03 00:00:13,178 [RatisPipelineUtilsThread - 0] INFO  pipeline.PipelineStateManager (PipelineStateManagerV2Impl.java:addPipeline(101)) - Created pipeline Pipeline[ Id: 83dea6d4-b3d9-4640-8cb4-7177a17899fc, Nodes: 9f7a9314-add0-4765-be61-553e532e1c3d{ip: 10.1.0.28, host: fv-az54-886.gmada3d5h3zutaf4vio4yveaag.bx.internal.cloudapp.net, ports: [REPLICATION=44869, RATIS=40041, RATIS_ADMIN=40041, RATIS_SERVER=40041, STANDALONE=41047], networkLocation: /default-rack, certSerialId: null, persistedOpState: IN_SERVICE, persistedOpStateExpiryEpochSec: 0}, ReplicationConfig: RATIS/ONE, State:ALLOCATED, leaderId:, CreationTimestamp2021-06-03T00:00:13.177Z].
2021-06-03 00:00:13,870 [EventQueue-PipelineReportForOneReplicaPipelineSafeModeRule] INFO  safemode.SCMSafeModeManager (SCMSafeModeManager.java:validateSafeModeExitRules(201)) - AtleastOneDatanodeReportedRule rule is successfully validated
2021-06-03 00:00:14,056 [EventQueue-PipelineReportForOneReplicaPipelineSafeModeRule] INFO  safemode.SCMSafeModeManager (SCMSafeModeManager.java:validateSafeModeExitRules(201)) - AtleastOneDatanodeReportedRule rule is successfully validated
2021-06-03 00:00:14,097 [EventQueue-PipelineReportForOneReplicaPipelineSafeModeRule] INFO  safemode.SCMSafeModeManager (SCMSafeModeManager.java:validateSafeModeExitRules(201)) - AtleastOneDatanodeReportedRule rule is successfully validated
2021-06-03 00:00:14,171 [Listener at 127.0.0.1/45991] INFO  ozone.MiniOzoneClusterImpl (MiniOzoneClusterImpl.java:lambda$waitForClusterToBeReady$0(224)) - Nodes are ready. Got 10 of 10 DN Heartbeats.
2021-06-03 00:00:14,173 [Listener at 127.0.0.1/45991] INFO  ozone.MiniOzoneClusterImpl (MiniOzoneClusterImpl.java:lambda$waitForClusterToBeReady$0(227)) - Waiting for cluster to exit safe mode
2021-06-03 00:00:14,173 [Listener at 127.0.0.1/45991] INFO  ozone.MiniOzoneClusterImpl (MiniOzoneClusterImpl.java:lambda$waitForClusterToBeReady$0(230)) - SCM became leader
2021-06-03 00:00:14,255 [EventQueue-PipelineReportForOneReplicaPipelineSafeModeRule] INFO  safemode.SCMSafeModeManager (SCMSafeModeManager.java:validateSafeModeExitRules(201)) - AtleastOneDatanodeReportedRule rule is successfully validated
2021-06-03 00:00:14,296 [EventQueue-PipelineReportForOneReplicaPipelineSafeModeRule] INFO  safemode.SCMSafeModeManager (SCMSafeModeManager.java:validateSafeModeExitRules(201)) - AtleastOneDatanodeReportedRule rule is successfully validated
2021-06-03 00:00:14,349 [EventQueue-PipelineReportForOneReplicaPipelineSafeModeRule] INFO  safemode.SCMSafeModeManager (SCMSafeModeManager.java:validateSafeModeExitRules(201)) - AtleastOneDatanodeReportedRule rule is successfully validated
2021-06-03 00:00:14,502 [org.apache.ratis.util.JvmPauseMonitor$$Lambda$503/219913687@5a3b27c8] WARN  util.JvmPauseMonitor (JvmPauseMonitor.java:detectPause(124)) - JvmPauseMonitor-a9999bf8-cc81-46a6-8339-ca63194a4403: Detected pause in JVM or host machine (eg GC): pause of approximately 142341558ns.
GC pool 'PS MarkSweep' had collection(s): count=1 time=130ms
GC pool 'PS Scavenge' had collection(s): count=1 time=12ms
2021-06-03 00:00:14,508 [EventQueue-PipelineReportForOneReplicaPipelineSafeModeRule] INFO  safemode.SCMSafeModeManager (SCMSafeModeManager.java:validateSafeModeExitRules(201)) - AtleastOneDatanodeReportedRule rule is successfully validated
2021-06-03 00:00:14,511 [EventQueue-PipelineReportForOneReplicaPipelineSafeModeRule] INFO  safemode.SCMSafeModeManager (SCMSafeModeManager.java:validateSafeModeExitRules(201)) - AtleastOneDatanodeReportedRule rule is successfully validated
2021-06-03 00:00:14,519 [EventQueue-PipelineReportForOneReplicaPipelineSafeModeRule] INFO  safemode.SCMSafeModeManager (SCMSafeModeManager.java:validateSafeModeExitRules(201)) - AtleastOneDatanodeReportedRule rule is successfully validated
2021-06-03 00:00:14,549 [EventQueue-PipelineReportForOneReplicaPipelineSafeModeRule] INFO  safemode.SCMSafeModeManager (SCMSafeModeManager.java:validateSafeModeExitRules(201)) - AtleastOneDatanodeReportedRule rule is successfully validated
2021-06-03 00:00:14,576 [EventQueue-PipelineReportForOneReplicaPipelineSafeModeRule] INFO  safemode.SCMSafeModeManager (SCMSafeModeManager.java:validateSafeModeExitRules(201)) - AtleastOneDatanodeReportedRule rule is successfully validated
2021-06-03 00:00:14,689 [EventQueue-PipelineReportForOneReplicaPipelineSafeModeRule] INFO  safemode.SCMSafeModeManager (SCMSafeModeManager.java:validateSafeModeExitRules(201)) - AtleastOneDatanodeReportedRule rule is successfully validated
2021-06-03 00:00:14,703 [EventQueue-PipelineReportForOneReplicaPipelineSafeModeRule] INFO  safemode.SCMSafeModeManager (SCMSafeModeManager.java:validateSafeModeExitRules(201)) - AtleastOneDatanodeReportedRule rule is successfully validated
2021-06-03 00:00:14,705 [EventQueue-PipelineReportForOneReplicaPipelineSafeModeRule] INFO  safemode.SCMSafeModeManager (SCMSafeModeManager.java:validateSafeModeExitRules(201)) - AtleastOneDatanodeReportedRule rule is successfully validated
2021-06-03 00:00:14,706 [EventQueue-PipelineReportForOneReplicaPipelineSafeModeRule] INFO  safemode.SCMSafeModeManager (SCMSafeModeManager.java:validateSafeModeExitRules(201)) - AtleastOneDatanodeReportedRule rule is successfully validated
2021-06-03 00:00:14,750 [EventQueue-PipelineReportForOneReplicaPipelineSafeModeRule] INFO  safemode.SCMSafeModeManager (SCMSafeModeManager.java:validateSafeModeExitRules(201)) - AtleastOneDatanodeReportedRule rule is successfully validated
2021-06-03 00:00:14,776 [EventQueue-PipelineReportForOneReplicaPipelineSafeModeRule] INFO  safemode.SCMSafeModeManager (SCMSafeModeManager.java:validateSafeModeExitRules(201)) - AtleastOneDatanodeReportedRule rule is successfully validated
2021-06-03 00:00:14,800 [EventQueue-PipelineReportForOneReplicaPipelineSafeModeRule] INFO  safemode.SCMSafeModeManager (SCMSafeModeManager.java:validateSafeModeExitRules(201)) - AtleastOneDatanodeReportedRule rule is successfully validated
2021-06-03 00:00:14,868 [Command processor thread] INFO  server.RaftServer (RaftServerProxy.java:addNew(95)) - c00dd357-5364-4c4f-a775-3282c2d03178: addNew group-EF44ED96340C:[c00dd357-5364-4c4f-a775-3282c2d03178|rpc:10.1.0.28:41287|priority:1] returns group-EF44ED96340C:java.util.concurrent.CompletableFuture@440ca5d0[Not completed]
2021-06-03 00:00:14,878 [pool-47-thread-1] INFO  server.RaftServer$Division (RaftServerImpl.java:<init>(180)) - c00dd357-5364-4c4f-a775-3282c2d03178: new RaftServerImpl for group-EF44ED96340C:[c00dd357-5364-4c4f-a775-3282c2d03178|rpc:10.1.0.28:41287|priority:1] with ContainerStateMachine:uninitialized
2021-06-03 00:00:14,879 [pool-47-thread-1] INFO  server.RaftServerConfigKeys (ConfUtils.java:logGet(44)) - raft.server.rpc.timeout.min = 5s (custom)
2021-06-03 00:00:14,879 [pool-47-thread-1] INFO  server.RaftServerConfigKeys (ConfUtils.java:logGet(44)) - raft.server.rpc.timeout.max = 5200ms (custom)
2021-06-03 00:00:14,879 [pool-47-thread-1] INFO  server.RaftServerConfigKeys (ConfUtils.java:logGet(44)) - raft.server.rpc.sleep.time = 25ms (default)
2021-06-03 00:00:14,879 [pool-47-thread-1] INFO  server.RaftServerConfigKeys (ConfUtils.java:logGet(44)) - raft.server.rpc.slowness.timeout = 300000ms (custom)
2021-06-03 00:00:14,879 [pool-47-thread-1] INFO  server.RaftServerConfigKeys (ConfUtils.java:logGet(44)) - raft.server.leaderelection.leader.step-down.wait-time = 10s (default)
2021-06-03 00:00:14,879 [pool-47-thread-1] INFO  server.RaftServerConfigKeys (ConfUtils.java:logGet(44)) - raft.server.sleep.deviation.threshold = 300ms (default)
2021-06-03 00:00:14,879 [pool-47-thread-1] INFO  server.RaftServerConfigKeys (ConfUtils.java:logGet(44)) - raft.server.log.appender.install.snapshot.enabled = false (custom)
2021-06-03 00:00:14,879 [pool-47-thread-1] INFO  server.RaftServer$Division (ServerState.java:<init>(105)) - c00dd357-5364-4c4f-a775-3282c2d03178@group-EF44ED96340C: ConfigurationManager, init=-1: [c00dd357-5364-4c4f-a775-3282c2d03178|rpc:10.1.0.28:41287|priority:1], old=null, confs=<EMPTY_MAP>
2021-06-03 00:00:14,879 [pool-47-thread-1] INFO  server.RaftServerConfigKeys (ConfUtils.java:logGet(44)) - raft.server.storage.dir = [/home/runner/work/ozone/ozone/mnt/ozone/hadoop-ozone/integration-test/target/test-dir/MiniOzoneClusterImpl-d99b0d03-7963-4ac2-881f-75d2f82b72ef/datanode-0/data/ratis] (custom)
2021-06-03 00:00:14,879 [pool-47-thread-1] INFO  server.RaftServerConfigKeys (ConfUtils.java:logGet(44)) - raft.server.log.corruption.policy = EXCEPTION (default)
2021-06-03 00:00:14,880 [pool-47-thread-1] INFO  storage.RaftStorageDirectory (RaftStorageDirectoryImpl.java:analyzeStorage(132)) - The storage directory /home/runner/work/ozone/ozone/mnt/ozone/hadoop-ozone/integration-test/target/test-dir/MiniOzoneClusterImpl-d99b0d03-7963-4ac2-881f-75d2f82b72ef/datanode-0/data/ratis/ce9e57ea-cd6c-4078-8bf1-ef44ed96340c does not exist. Creating ...
2021-06-03 00:00:14,882 [EventQueue-PipelineReportForOneReplicaPipelineSafeModeRule] INFO  safemode.SCMSafeModeManager (SCMSafeModeManager.java:validateSafeModeExitRules(201)) - AtleastOneDatanodeReportedRule rule is successfully validated
2021-06-03 00:00:14,889 [pool-47-thread-1] INFO  storage.RaftStorageDirectory (RaftStorageDirectoryImpl.java:tryLock(215)) - Lock on /home/runner/work/ozone/ozone/mnt/ozone/hadoop-ozone/integration-test/target/test-dir/MiniOzoneClusterImpl-d99b0d03-7963-4ac2-881f-75d2f82b72ef/datanode-0/data/ratis/ce9e57ea-cd6c-4078-8bf1-ef44ed96340c/in_use.lock acquired by nodename 19265@fv-az54-886
2021-06-03 00:00:14,890 [pool-47-thread-1] INFO  storage.RaftStorage (RaftStorageImpl.java:format(87)) - Storage directory /home/runner/work/ozone/ozone/mnt/ozone/hadoop-ozone/integration-test/target/test-dir/MiniOzoneClusterImpl-d99b0d03-7963-4ac2-881f-75d2f82b72ef/datanode-0/data/ratis/ce9e57ea-cd6c-4078-8bf1-ef44ed96340c has been successfully formatted.
2021-06-03 00:00:14,892 [pool-47-thread-1] INFO  ratis.ContainerStateMachine (ContainerStateMachine.java:loadSnapshot(224)) - group-EF44ED96340C: The snapshot info is null. Setting the last applied indexto:(t:0, i:~)
2021-06-03 00:00:14,892 [pool-47-thread-1] INFO  server.RaftServerConfigKeys (ConfUtils.java:logGet(44)) - raft.server.notification.no-leader.timeout = 300000ms (custom)
2021-06-03 00:00:14,893 [pool-47-thread-1] INFO  server.RaftServerConfigKeys (ConfUtils.java:logGet(44)) - raft.server.log.use.memory = false (default)
2021-06-03 00:00:14,893 [pool-47-thread-1] INFO  server.RaftServerConfigKeys (ConfUtils.java:logGet(44)) - raft.server.log.purge.gap = 1000000 (custom)
2021-06-03 00:00:14,893 [pool-47-thread-1] INFO  server.RaftServerConfigKeys (ConfUtils.java:logGet(44)) - raft.server.log.appender.buffer.byte-limit = 33554432 (custom)
2021-06-03 00:00:14,893 [pool-47-thread-1] INFO  metrics.RatisMetrics (RatisMetrics.java:lambda$create$0(36)) - Creating Metrics Registry : ratis.log_worker.c00dd357-5364-4c4f-a775-3282c2d03178@group-EF44ED96340C
2021-06-03 00:00:14,895 [EventQueue-PipelineReportForOneReplicaPipelineSafeModeRule] INFO  safemode.SCMSafeModeManager (SCMSafeModeManager.java:validateSafeModeExitRules(201)) - AtleastOneDatanodeReportedRule rule is successfully validated
2021-06-03 00:00:14,896 [EventQueue-PipelineReportForPipelineReportHandler] INFO  pipeline.PipelineManagerV2Impl (PipelineManagerV2Impl.java:openPipeline(270)) - Pipeline Pipeline[ Id: ce9e57ea-cd6c-4078-8bf1-ef44ed96340c, Nodes: c00dd357-5364-4c4f-a775-3282c2d03178{ip: 10.1.0.28, host: fv-az54-886.gmada3d5h3zutaf4vio4yveaag.bx.internal.cloudapp.net, ports: [REPLICATION=43741, RATIS=41287, RATIS_ADMIN=41287, RATIS_SERVER=41287, STANDALONE=34045], networkLocation: /default-rack, certSerialId: null, persistedOpState: IN_SERVICE, persistedOpStateExpiryEpochSec: 0}, ReplicationConfig: RATIS/ONE, State:ALLOCATED, leaderId:c00dd357-5364-4c4f-a775-3282c2d03178, CreationTimestamp2021-06-03T00:00:11.889Z] moved to OPEN state
2021-06-03 00:00:14,896 [pool-47-thread-1] INFO  server.RaftServerConfigKeys (ConfUtils.java:logGet(44)) - raft.server.log.segment.size.max = 1048576 (custom)
2021-06-03 00:00:14,897 [EventQueue-OpenPipelineForHealthyPipelineSafeModeRule] INFO  safemode.SCMSafeModeManager (HealthyPipelineSafeModeRule.java:process(130)) - SCM in safe mode. Healthy pipelines reported count is 0, required healthy pipeline reported count is 1
2021-06-03 00:00:14,900 [pool-47-thread-1] INFO  server.RaftServerConfigKeys (ConfUtils.java:logGet(44)) - raft.server.log.segment.cache.num.max = 2 (custom)
2021-06-03 00:00:14,900 [pool-47-thread-1] INFO  server.RaftServerConfigKeys (ConfUtils.java:logGet(44)) - raft.server.log.segment.cache.size.max = 200MB (=209715200) (default)
2021-06-03 00:00:14,900 [pool-47-thread-1] INFO  segmented.SegmentedRaftLogWorker (SegmentedRaftLogWorker.java:<init>(182)) - new c00dd357-5364-4c4f-a775-3282c2d03178@group-EF44ED96340C-SegmentedRaftLogWorker for RaftStorageImpl:Storage Directory /home/runner/work/ozone/ozone/mnt/ozone/hadoop-ozone/integration-test/target/test-dir/MiniOzoneClusterImpl-d99b0d03-7963-4ac2-881f-75d2f82b72ef/datanode-0/data/ratis/ce9e57ea-cd6c-4078-8bf1-ef44ed96340c
2021-06-03 00:00:14,900 [pool-47-thread-1] INFO  server.RaftServerConfigKeys (ConfUtils.java:logGet(44)) - raft.server.log.queue.byte-limit = 2147483647 (custom)
2021-06-03 00:00:14,900 [pool-47-thread-1] INFO  server.RaftServerConfigKeys (ConfUtils.java:logGet(44)) - raft.server.log.queue.element-limit = 1024 (custom)
2021-06-03 00:00:14,900 [pool-47-thread-1] INFO  server.RaftServerConfigKeys (ConfUtils.java:logGet(44)) - raft.server.log.segment.size.max = 1048576 (custom)
2021-06-03 00:00:14,900 [pool-47-thread-1] INFO  server.RaftServerConfigKeys (ConfUtils.java:logGet(44)) - raft.server.log.preallocated.size = 16384 (custom)
2021-06-03 00:00:14,900 [pool-47-thread-1] INFO  server.RaftServerConfigKeys (ConfUtils.java:logGet(44)) - raft.server.log.force.sync.num = 128 (default)
2021-06-03 00:00:14,900 [pool-47-thread-1] INFO  server.RaftServerConfigKeys (ConfUtils.java:logGet(44)) - raft.server.log.statemachine.data.sync = true (default)
2021-06-03 00:00:14,900 [pool-47-thread-1] INFO  server.RaftServerConfigKeys (ConfUtils.java:logGet(44)) - raft.server.log.statemachine.data.sync.timeout = 10s (default)
2021-06-03 00:00:14,900 [pool-47-thread-1] INFO  server.RaftServerConfigKeys (ConfUtils.java:logGet(44)) - raft.server.log.statemachine.data.sync.timeout.retry = -1 (default)
2021-06-03 00:00:14,903 [EventQueue-PipelineReportForOneReplicaPipelineSafeModeRule] INFO  safemode.SCMSafeModeManager (SCMSafeModeManager.java:validateSafeModeExitRules(201)) - AtleastOneDatanodeReportedRule rule is successfully validated
2021-06-03 00:00:14,903 [pool-47-thread-1] INFO  server.RaftServerConfigKeys (ConfUtils.java:logGet(44)) - raft.server.log.write.buffer.size = 1048576 (custom)
2021-06-03 00:00:14,903 [pool-47-thread-1] INFO  server.RaftServerConfigKeys (ConfUtils.java:logGet(44)) - raft.server.log.statemachine.data.caching.enabled = true (custom)
2021-06-03 00:00:14,903 [pool-47-thread-1] INFO  segmented.SegmentedRaftLogWorker (SegmentedRaftLogWorker.java:lambda$new$0(133)) - c00dd357-5364-4c4f-a775-3282c2d03178@group-EF44ED96340C-SegmentedRaftLogWorker: flushIndex: setUnconditionally 0 -> -1
2021-06-03 00:00:14,904 [pool-47-thread-1] INFO  segmented.SegmentedRaftLogWorker (SegmentedRaftLogWorker.java:lambda$new$0(133)) - c00dd357-5364-4c4f-a775-3282c2d03178@group-EF44ED96340C-SegmentedRaftLogWorker: safeCacheEvictIndex: setUnconditionally 0 -> -1
2021-06-03 00:00:14,905 [EventQueue-PipelineReportForOneReplicaPipelineSafeModeRule] INFO  safemode.SCMSafeModeManager (SCMSafeModeManager.java:validateSafeModeExitRules(201)) - AtleastOneDatanodeReportedRule rule is successfully validated
2021-06-03 00:00:14,907 [pool-47-thread-1] INFO  server.RaftServerConfigKeys (ConfUtils.java:logGet(44)) - raft.server.snapshot.auto.trigger.enabled = true (custom)
2021-06-03 00:00:14,907 [pool-47-thread-1] INFO  server.RaftServerConfigKeys (ConfUtils.java:logGet(44)) - raft.server.snapshot.auto.trigger.threshold = 1 (custom)
2021-06-03 00:00:14,907 [pool-47-thread-1] INFO  server.RaftServerConfigKeys (ConfUtils.java:logGet(44)) - raft.server.snapshot.retention.file.num = 5 (custom)
2021-06-03 00:00:14,907 [pool-47-thread-1] INFO  server.RaftServerConfigKeys (ConfUtils.java:logGet(44)) - raft.server.log.purge.upto.snapshot.index = false (default)
2021-06-03 00:00:14,907 [pool-47-thread-1] INFO  server.RaftServerConfigKeys (ConfUtils.java:logGet(44)) - raft.server.retrycache.expirytime = 600000ms (custom)
2021-06-03 00:00:14,907 [pool-47-thread-1] INFO  server.RaftServerConfigKeys (ConfUtils.java:logGet(44)) - raft.server.retrycache.statistics.expirytime = 100μs (default)
2021-06-03 00:00:14,907 [pool-47-thread-1] INFO  metrics.RatisMetrics (RatisMetrics.java:lambda$create$0(36)) - Creating Metrics Registry : ratis.leader_election.c00dd357-5364-4c4f-a775-3282c2d03178@group-EF44ED96340C
2021-06-03 00:00:14,908 [pool-47-thread-1] INFO  metrics.RatisMetrics (RatisMetrics.java:lambda$create$0(36)) - Creating Metrics Registry : ratis.server.c00dd357-5364-4c4f-a775-3282c2d03178@group-EF44ED96340C
2021-06-03 00:00:14,911 [pool-47-thread-1] INFO  server.RaftServer$Division (RaftServerImpl.java:start(295)) - c00dd357-5364-4c4f-a775-3282c2d03178@group-EF44ED96340C: start as a follower, conf=-1: [c00dd357-5364-4c4f-a775-3282c2d03178|rpc:10.1.0.28:41287|priority:1], old=null
2021-06-03 00:00:14,912 [pool-47-thread-1] INFO  server.RaftServer$Division (RaftServerImpl.java:setRole(284)) - c00dd357-5364-4c4f-a775-3282c2d03178@group-EF44ED96340C: changes role from      null to FOLLOWER at term 0 for startAsFollower
2021-06-03 00:00:14,912 [pool-47-thread-1] INFO  impl.RoleInfo (RoleInfo.java:updateAndGet(130)) - c00dd357-5364-4c4f-a775-3282c2d03178: start c00dd357-5364-4c4f-a775-3282c2d03178@group-EF44ED96340C-FollowerState
2021-06-03 00:00:14,913 [pool-47-thread-1] INFO  util.JmxRegister (JmxRegister.java:tryRegister(44)) - Successfully registered JMX Bean with object name Ratis:service=RaftServer,group=group-EF44ED96340C,id=c00dd357-5364-4c4f-a775-3282c2d03178
2021-06-03 00:00:14,913 [pool-47-thread-1] INFO  metrics.RatisMetrics (RatisMetrics.java:lambda$create$0(36)) - Creating Metrics Registry : ratis.state_machine.c00dd357-5364-4c4f-a775-3282c2d03178@group-EF44ED96340C
2021-06-03 00:00:14,922 [Command processor thread] INFO  ratis.XceiverServerRatis (XceiverServerRatis.java:addGroup(808)) - Created group PipelineID=ce9e57ea-cd6c-4078-8bf1-ef44ed96340c
2021-06-03 00:00:14,922 [Command processor thread] INFO  commandhandler.CreatePipelineCommandHandler (CreatePipelineCommandHandler.java:handle(106)) - Created Pipeline RATIS ONE PipelineID=ce9e57ea-cd6c-4078-8bf1-ef44ed96340c.
2021-06-03 00:00:14,923 [Command processor thread] INFO  server.RaftServer (RaftServerProxy.java:addNew(95)) - c00dd357-5364-4c4f-a775-3282c2d03178: addNew group-765E0191F053:[696e796d-aedf-4aed-93c4-430e12ffa8fc|rpc:10.1.0.28:37569|priority:0, a9999bf8-cc81-46a6-8339-ca63194a4403|rpc:10.1.0.28:44263|priority:1, c00dd357-5364-4c4f-a775-3282c2d03178|rpc:10.1.0.28:41287|priority:0] returns group-765E0191F053:java.util.concurrent.CompletableFuture@24d85a1c[Not completed]
2021-06-03 00:00:14,923 [pool-47-thread-1] INFO  server.RaftServer$Division (RaftServerImpl.java:<init>(180)) - c00dd357-5364-4c4f-a775-3282c2d03178: new RaftServerImpl for group-765E0191F053:[696e796d-aedf-4aed-93c4-430e12ffa8fc|rpc:10.1.0.28:37569|priority:0, a9999bf8-cc81-46a6-8339-ca63194a4403|rpc:10.1.0.28:44263|priority:1, c00dd357-5364-4c4f-a775-3282c2d03178|rpc:10.1.0.28:41287|priority:0] with ContainerStateMachine:uninitialized
2021-06-03 00:00:14,924 [pool-47-thread-1] INFO  server.RaftServerConfigKeys (ConfUtils.java:logGet(44)) - raft.server.rpc.timeout.min = 5s (custom)
2021-06-03 00:00:14,924 [pool-47-thread-1] INFO  server.RaftServerConfigKeys (ConfUtils.java:logGet(44)) - raft.server.rpc.timeout.max = 5200ms (custom)
2021-06-03 00:00:14,924 [pool-47-thread-1] INFO  server.RaftServerConfigKeys (ConfUtils.java:logGet(44)) - raft.server.rpc.sleep.time = 25ms (default)
2021-06-03 00:00:14,924 [pool-47-thread-1] INFO  server.RaftServerConfigKeys (ConfUtils.java:logGet(44)) - raft.server.rpc.slowness.timeout = 300000ms (custom)
2021-06-03 00:00:14,924 [pool-47-thread-1] INFO  server.RaftServerConfigKeys (ConfUtils.java:logGet(44)) - raft.server.leaderelection.leader.step-down.wait-time = 10s (default)
2021-06-03 00:00:14,924 [pool-47-thread-1] INFO  server.RaftServerConfigKeys (ConfUtils.java:logGet(44)) - raft.server.sleep.deviation.threshold = 300ms (default)
2021-06-03 00:00:14,924 [pool-47-thread-1] INFO  server.RaftServerConfigKeys (ConfUtils.java:logGet(44)) - raft.server.log.appender.install.snapshot.enabled = false (custom)
2021-06-03 00:00:14,924 [pool-47-thread-1] INFO  server.RaftServer$Division (ServerState.java:<init>(105)) - c00dd357-5364-4c4f-a775-3282c2d03178@group-765E0191F053: ConfigurationManager, init=-1: [696e796d-aedf-4aed-93c4-430e12ffa8fc|rpc:10.1.0.28:37569|priority:0, a9999bf8-cc81-46a6-8339-ca63194a4403|rpc:10.1.0.28:44263|priority:1, c00dd357-5364-4c4f-a775-3282c2d03178|rpc:10.1.0.28:41287|priority:0], old=null, confs=<EMPTY_MAP>
2021-06-03 00:00:14,924 [pool-47-thread-1] INFO  server.RaftServerConfigKeys (ConfUtils.java:logGet(44)) - raft.server.storage.dir = [/home/runner/work/ozone/ozone/mnt/ozone/hadoop-ozone/integration-test/target/test-dir/MiniOzoneClusterImpl-d99b0d03-7963-4ac2-881f-75d2f82b72ef/datanode-0/data/ratis] (custom)
2021-06-03 00:00:14,924 [pool-47-thread-1] INFO  server.RaftServerConfigKeys (ConfUtils.java:logGet(44)) - raft.server.log.corruption.policy = EXCEPTION (default)
2021-06-03 00:00:14,925 [pool-47-thread-1] INFO  storage.RaftStorageDirectory (RaftStorageDirectoryImpl.java:analyzeStorage(132)) - The storage directory /home/runner/work/ozone/ozone/mnt/ozone/hadoop-ozone/integration-test/target/test-dir/MiniOzoneClusterImpl-d99b0d03-7963-4ac2-881f-75d2f82b72ef/datanode-0/data/ratis/76f3524a-41cc-4041-bba1-765e0191f053 does not exist. Creating ...
2021-06-03 00:00:14,925 [pool-47-thread-1] INFO  storage.RaftStorageDirectory (RaftStorageDirectoryImpl.java:tryLock(215)) - Lock on /home/runner/work/ozone/ozone/mnt/ozone/hadoop-ozone/integration-test/target/test-dir/MiniOzoneClusterImpl-d99b0d03-7963-4ac2-881f-75d2f82b72ef/datanode-0/data/ratis/76f3524a-41cc-4041-bba1-765e0191f053/in_use.lock acquired by nodename 19265@fv-az54-886
2021-06-03 00:00:14,926 [pool-47-thread-1] INFO  storage.RaftStorage (RaftStorageImpl.java:format(87)) - Storage directory /home/runner/work/ozone/ozone/mnt/ozone/hadoop-ozone/integration-test/target/test-dir/MiniOzoneClusterImpl-d99b0d03-7963-4ac2-881f-75d2f82b72ef/datanode-0/data/ratis/76f3524a-41cc-4041-bba1-765e0191f053 has been successfully formatted.
2021-06-03 00:00:14,927 [pool-47-thread-1] INFO  ratis.ContainerStateMachine (ContainerStateMachine.java:loadSnapshot(224)) - group-765E0191F053: The snapshot info is null. Setting the last applied indexto:(t:0, i:~)
2021-06-03 00:00:14,928 [EventQueue-OpenPipelineForHealthyPipelineSafeModeRule] INFO  safemode.SCMSafeModeManager (HealthyPipelineSafeModeRule.java:process(130)) - SCM in safe mode. Healthy pipelines reported count is 0, required healthy pipeline reported count is 1
2021-06-03 00:00:14,928 [EventQueue-PipelineReportForOneReplicaPipelineSafeModeRule] INFO  safemode.SCMSafeModeManager (SCMSafeModeManager.java:validateSafeModeExitRules(201)) - AtleastOneDatanodeReportedRule rule is successfully validated
2021-06-03 00:00:14,929 [pool-47-thread-1] INFO  server.RaftServerConfigKeys (ConfUtils.java:logGet(44)) - raft.server.notification.no-leader.timeout = 300000ms (custom)
2021-06-03 00:00:14,929 [pool-47-thread-1] INFO  server.RaftServerConfigKeys (ConfUtils.java:logGet(44)) - raft.server.log.use.memory = false (default)
2021-06-03 00:00:14,929 [pool-47-thread-1] INFO  server.RaftServerConfigKeys (ConfUtils.java:logGet(44)) - raft.server.log.purge.gap = 1000000 (custom)
2021-06-03 00:00:14,929 [pool-47-thread-1] INFO  server.RaftServerConfigKeys (ConfUtils.java:logGet(44)) - raft.server.log.appender.buffer.byte-limit = 33554432 (custom)
2021-06-03 00:00:14,929 [pool-47-thread-1] INFO  metrics.RatisMetrics (RatisMetrics.java:lambda$create$0(36)) - Creating Metrics Registry : ratis.log_worker.c00dd357-5364-4c4f-a775-3282c2d03178@group-765E0191F053
2021-06-03 00:00:14,929 [pool-47-thread-1] INFO  server.RaftServerConfigKeys (ConfUtils.java:logGet(44)) - raft.server.log.segment.size.max = 1048576 (custom)
2021-06-03 00:00:14,930 [pool-47-thread-1] INFO  server.RaftServerConfigKeys (ConfUtils.java:logGet(44)) - raft.server.log.segment.cache.num.max = 2 (custom)
2021-06-03 00:00:14,931 [pool-47-thread-1] INFO  server.RaftServerConfigKeys (ConfUtils.java:logGet(44)) - raft.server.log.segment.cache.size.max = 200MB (=209715200) (default)
2021-06-03 00:00:14,931 [pool-47-thread-1] INFO  segmented.SegmentedRaftLogWorker (SegmentedRaftLogWorker.java:<init>(182)) - new c00dd357-5364-4c4f-a775-3282c2d03178@group-765E0191F053-SegmentedRaftLogWorker for RaftStorageImpl:Storage Directory /home/runner/work/ozone/ozone/mnt/ozone/hadoop-ozone/integration-test/target/test-dir/MiniOzoneClusterImpl-d99b0d03-7963-4ac2-881f-75d2f82b72ef/datanode-0/data/ratis/76f3524a-41cc-4041-bba1-765e0191f053
2021-06-03 00:00:14,931 [pool-47-thread-1] INFO  server.RaftServerConfigKeys (ConfUtils.java:logGet(44)) - raft.server.log.queue.byte-limit = 2147483647 (custom)
2021-06-03 00:00:14,931 [pool-47-thread-1] INFO  server.RaftServerConfigKeys (ConfUtils.java:logGet(44)) - raft.server.log.queue.element-limit = 1024 (custom)
2021-06-03 00:00:14,931 [pool-47-thread-1] INFO  server.RaftServerConfigKeys (ConfUtils.java:logGet(44)) - raft.server.log.segment.size.max = 1048576 (custom)
2021-06-03 00:00:14,931 [pool-47-thread-1] INFO  server.RaftServerConfigKeys (ConfUtils.java:logGet(44)) - raft.server.log.preallocated.size = 16384 (custom)
2021-06-03 00:00:14,931 [pool-47-thread-1] INFO  server.RaftServerConfigKeys (ConfUtils.java:logGet(44)) - raft.server.log.force.sync.num = 128 (default)
2021-06-03 00:00:14,931 [pool-47-thread-1] INFO  server.RaftServerConfigKeys (ConfUtils.java:logGet(44)) - raft.server.log.statemachine.data.sync = true (default)
2021-06-03 00:00:14,931 [pool-47-thread-1] INFO  server.RaftServerConfigKeys (ConfUtils.java:logGet(44)) - raft.server.log.statemachine.data.sync.timeout = 10s (default)
2021-06-03 00:00:14,931 [pool-47-thread-1] INFO  server.RaftServerConfigKeys (ConfUtils.java:logGet(44)) - raft.server.log.statemachine.data.sync.timeout.retry = -1 (default)
2021-06-03 00:00:14,934 [pool-47-thread-1] INFO  server.RaftServerConfigKeys (ConfUtils.java:logGet(44)) - raft.server.log.write.buffer.size = 1048576 (custom)
2021-06-03 00:00:14,934 [pool-47-thread-1] INFO  server.RaftServerConfigKeys (ConfUtils.java:logGet(44)) - raft.server.log.statemachine.data.caching.enabled = true (custom)
2021-06-03 00:00:14,935 [pool-47-thread-1] INFO  segmented.SegmentedRaftLogWorker (SegmentedRaftLogWorker.java:lambda$new$0(133)) - c00dd357-5364-4c4f-a775-3282c2d03178@group-765E0191F053-SegmentedRaftLogWorker: flushIndex: setUnconditionally 0 -> -1
2021-06-03 00:00:14,935 [pool-47-thread-1] INFO  segmented.SegmentedRaftLogWorker (SegmentedRaftLogWorker.java:lambda$new$0(133)) - c00dd357-5364-4c4f-a775-3282c2d03178@group-765E0191F053-SegmentedRaftLogWorker: safeCacheEvictIndex: setUnconditionally 0 -> -1
2021-06-03 00:00:14,935 [pool-47-thread-1] INFO  server.RaftServerConfigKeys (ConfUtils.java:logGet(44)) - raft.server.snapshot.auto.trigger.enabled = true (custom)
2021-06-03 00:00:14,935 [pool-47-thread-1] INFO  server.RaftServerConfigKeys (ConfUtils.java:logGet(44)) - raft.server.snapshot.auto.trigger.threshold = 1 (custom)
2021-06-03 00:00:14,935 [pool-47-thread-1] INFO  server.RaftServerConfigKeys (ConfUtils.java:logGet(44)) - raft.server.snapshot.retention.file.num = 5 (custom)
2021-06-03 00:00:14,935 [pool-47-thread-1] INFO  server.RaftServerConfigKeys (ConfUtils.java:logGet(44)) - raft.server.log.purge.upto.snapshot.index = false (default)
2021-06-03 00:00:14,935 [pool-47-thread-1] INFO  server.RaftServerConfigKeys (ConfUtils.java:logGet(44)) - raft.server.retrycache.expirytime = 600000ms (custom)
2021-06-03 00:00:14,935 [pool-47-thread-1] INFO  server.RaftServerConfigKeys (ConfUtils.java:logGet(44)) - raft.server.retrycache.statistics.expirytime = 100μs (default)
2021-06-03 00:00:14,935 [pool-47-thread-1] INFO  metrics.RatisMetrics (RatisMetrics.java:lambda$create$0(36)) - Creating Metrics Registry : ratis.leader_election.c00dd357-5364-4c4f-a775-3282c2d03178@group-765E0191F053
2021-06-03 00:00:14,936 [pool-47-thread-1] INFO  metrics.RatisMetrics (RatisMetrics.java:lambda$create$0(36)) - Creating Metrics Registry : ratis.server.c00dd357-5364-4c4f-a775-3282c2d03178@group-765E0191F053
2021-06-03 00:00:14,938 [pool-47-thread-1] INFO  server.RaftServer$Division (RaftServerImpl.java:start(295)) - c00dd357-5364-4c4f-a775-3282c2d03178@group-765E0191F053: start as a follower, conf=-1: [696e796d-aedf-4aed-93c4-430e12ffa8fc|rpc:10.1.0.28:37569|priority:0, a9999bf8-cc81-46a6-8339-ca63194a4403|rpc:10.1.0.28:44263|priority:1, c00dd357-5364-4c4f-a775-3282c2d03178|rpc:10.1.0.28:41287|priority:0], old=null
2021-06-03 00:00:14,938 [pool-47-thread-1] INFO  server.RaftServer$Division (RaftServerImpl.java:setRole(284)) - c00dd357-5364-4c4f-a775-3282c2d03178@group-765E0191F053: changes role from      null to FOLLOWER at term 0 for startAsFollower
2021-06-03 00:00:14,938 [pool-47-thread-1] INFO  impl.RoleInfo (RoleInfo.java:updateAndGet(130)) - c00dd357-5364-4c4f-a775-3282c2d03178: start c00dd357-5364-4c4f-a775-3282c2d03178@group-765E0191F053-FollowerState
2021-06-03 00:00:14,940 [pool-47-thread-1] INFO  util.JmxRegister (JmxRegister.java:tryRegister(44)) - Successfully registered JMX Bean with object name Ratis:service=RaftServer,group=group-765E0191F053,id=c00dd357-5364-4c4f-a775-3282c2d03178
2021-06-03 00:00:14,940 [pool-47-thread-1] INFO  metrics.RatisMetrics (RatisMetrics.java:lambda$create$0(36)) - Creating Metrics Registry : ratis.state_machine.c00dd357-5364-4c4f-a775-3282c2d03178@group-765E0191F053
2021-06-03 00:00:14,941 [Command processor thread] INFO  ratis.XceiverServerRatis (XceiverServerRatis.java:addGroup(808)) - Created group PipelineID=76f3524a-41cc-4041-bba1-765e0191f053
2021-06-03 00:00:14,947 [EventQueue-PipelineReportForOneReplicaPipelineSafeModeRule] INFO  safemode.SCMSafeModeManager (SCMSafeModeManager.java:validateSafeModeExitRules(201)) - AtleastOneDatanodeReportedRule rule is successfully validated
2021-06-03 00:00:14,948 [EventQueue-PipelineReportForOneReplicaPipelineSafeModeRule] INFO  safemode.SCMSafeModeManager (SCMSafeModeManager.java:validateSafeModeExitRules(201)) - AtleastOneDatanodeReportedRule rule is successfully validated
2021-06-03 00:00:14,972 [Command processor thread] INFO  metrics.RatisMetrics (RatisMetrics.java:lambda$create$0(36)) - Creating Metrics Registry : ratis.client_message_metrics.client-C449EDA8C71B->a9999bf8-cc81-46a6-8339-ca63194a4403
2021-06-03 00:00:14,975 [EventQueue-PipelineReportForOneReplicaPipelineSafeModeRule] INFO  safemode.SCMSafeModeManager (SCMSafeModeManager.java:validateSafeModeExitRules(201)) - AtleastOneDatanodeReportedRule rule is successfully validated
2021-06-03 00:00:14,998 [EventQueue-PipelineReportForOneReplicaPipelineSafeModeRule] INFO  safemode.SCMSafeModeManager (SCMSafeModeManager.java:validateSafeModeExitRules(201)) - AtleastOneDatanodeReportedRule rule is successfully validated
2021-06-03 00:00:15,070 [EventQueue-PipelineReportForOneReplicaPipelineSafeModeRule] INFO  safemode.SCMSafeModeManager (SCMSafeModeManager.java:validateSafeModeExitRules(201)) - AtleastOneDatanodeReportedRule rule is successfully validated
2021-06-03 00:00:15,083 [EventQueue-PipelineReportForOneReplicaPipelineSafeModeRule] INFO  safemode.SCMSafeModeManager (SCMSafeModeManager.java:validateSafeModeExitRules(201)) - AtleastOneDatanodeReportedRule rule is successfully validated
2021-06-03 00:00:15,096 [Command processor thread] INFO  server.RaftServer (RaftServerProxy.java:addNew(95)) - 696e796d-aedf-4aed-93c4-430e12ffa8fc: addNew group-DBBD4BC6A664:[696e796d-aedf-4aed-93c4-430e12ffa8fc|rpc:10.1.0.28:37569|priority:1] returns group-DBBD4BC6A664:java.util.concurrent.CompletableFuture@108a1cf3[Not completed]
2021-06-03 00:00:15,104 [EventQueue-PipelineReportForOneReplicaPipelineSafeModeRule] INFO  safemode.SCMSafeModeManager (SCMSafeModeManager.java:validateSafeModeExitRules(201)) - AtleastOneDatanodeReportedRule rule is successfully validated
2021-06-03 00:00:15,104 [pool-64-thread-1] INFO  server.RaftServer$Division (RaftServerImpl.java:<init>(180)) - 696e796d-aedf-4aed-93c4-430e12ffa8fc: new RaftServerImpl for group-DBBD4BC6A664:[696e796d-aedf-4aed-93c4-430e12ffa8fc|rpc:10.1.0.28:37569|priority:1] with ContainerStateMachine:uninitialized
2021-06-03 00:00:15,105 [pool-64-thread-1] INFO  server.RaftServerConfigKeys (ConfUtils.java:logGet(44)) - raft.server.rpc.timeout.min = 5s (custom)
2021-06-03 00:00:15,105 [EventQueue-PipelineReportForOneReplicaPipelineSafeModeRule] INFO  safemode.SCMSafeModeManager (SCMSafeModeManager.java:validateSafeModeExitRules(201)) - AtleastOneDatanodeReportedRule rule is successfully validated
2021-06-03 00:00:15,107 [pool-64-thread-1] INFO  server.RaftServerConfigKeys (ConfUtils.java:logGet(44)) - raft.server.rpc.timeout.max = 5200ms (custom)
2021-06-03 00:00:15,107 [pool-64-thread-1] INFO  server.RaftServerConfigKeys (ConfUtils.java:logGet(44)) - raft.server.rpc.sleep.time = 25ms (default)
2021-06-03 00:00:15,107 [pool-64-thread-1] INFO  server.RaftServerConfigKeys (ConfUtils.java:logGet(44)) - raft.server.rpc.slowness.timeout = 300000ms (custom)
2021-06-03 00:00:15,107 [pool-64-thread-1] INFO  server.RaftServerConfigKeys (ConfUtils.java:logGet(44)) - raft.server.leaderelection.leader.step-down.wait-time = 10s (default)
2021-06-03 00:00:15,107 [pool-64-thread-1] INFO  server.RaftServerConfigKeys (ConfUtils.java:logGet(44)) - raft.server.sleep.deviation.threshold = 300ms (default)
2021-06-03 00:00:15,107 [pool-64-thread-1] INFO  server.RaftServerConfigKeys (ConfUtils.java:logGet(44)) - raft.server.log.appender.install.snapshot.enabled = false (custom)
2021-06-03 00:00:15,107 [pool-64-thread-1] INFO  server.RaftServer$Division (ServerState.java:<init>(105)) - 696e796d-aedf-4aed-93c4-430e12ffa8fc@group-DBBD4BC6A664: ConfigurationManager, init=-1: [696e796d-aedf-4aed-93c4-430e12ffa8fc|rpc:10.1.0.28:37569|priority:1], old=null, confs=<EMPTY_MAP>
2021-06-03 00:00:15,107 [pool-64-thread-1] INFO  server.RaftServerConfigKeys (ConfUtils.java:logGet(44)) - raft.server.storage.dir = [/home/runner/work/ozone/ozone/mnt/ozone/hadoop-ozone/integration-test/target/test-dir/MiniOzoneClusterImpl-d99b0d03-7963-4ac2-881f-75d2f82b72ef/datanode-1/data/ratis] (custom)
2021-06-03 00:00:15,107 [pool-64-thread-1] INFO  server.RaftServerConfigKeys (ConfUtils.java:logGet(44)) - raft.server.log.corruption.policy = EXCEPTION (default)
2021-06-03 00:00:15,107 [pool-64-thread-1] INFO  storage.RaftStorageDirectory (RaftStorageDirectoryImpl.java:analyzeStorage(132)) - The storage directory /home/runner/work/ozone/ozone/mnt/ozone/hadoop-ozone/integration-test/target/test-dir/MiniOzoneClusterImpl-d99b0d03-7963-4ac2-881f-75d2f82b72ef/datanode-1/data/ratis/e8b65d27-a1f4-4238-be4d-dbbd4bc6a664 does not exist. Creating ...
2021-06-03 00:00:15,109 [pool-64-thread-1] INFO  storage.RaftStorageDirectory (RaftStorageDirectoryImpl.java:tryLock(215)) - Lock on /home/runner/work/ozone/ozone/mnt/ozone/hadoop-ozone/integration-test/target/test-dir/MiniOzoneClusterImpl-d99b0d03-7963-4ac2-881f-75d2f82b72ef/datanode-1/data/ratis/e8b65d27-a1f4-4238-be4d-dbbd4bc6a664/in_use.lock acquired by nodename 19265@fv-az54-886
2021-06-03 00:00:15,112 [pool-64-thread-1] INFO  storage.RaftStorage (RaftStorageImpl.java:format(87)) - Storage directory /home/runner/work/ozone/ozone/mnt/ozone/hadoop-ozone/integration-test/target/test-dir/MiniOzoneClusterImpl-d99b0d03-7963-4ac2-881f-75d2f82b72ef/datanode-1/data/ratis/e8b65d27-a1f4-4238-be4d-dbbd4bc6a664 has been successfully formatted.
2021-06-03 00:00:15,112 [pool-64-thread-1] INFO  ratis.ContainerStateMachine (ContainerStateMachine.java:loadSnapshot(224)) - group-DBBD4BC6A664: The snapshot info is null. Setting the last applied indexto:(t:0, i:~)
2021-06-03 00:00:15,113 [pool-64-thread-1] INFO  server.RaftServerConfigKeys (ConfUtils.java:logGet(44)) - raft.server.notification.no-leader.timeout = 300000ms (custom)
2021-06-03 00:00:15,113 [pool-64-thread-1] INFO  server.RaftServerConfigKeys (ConfUtils.java:logGet(44)) - raft.server.log.use.memory = false (default)
2021-06-03 00:00:15,113 [pool-64-thread-1] INFO  server.RaftServerConfigKeys (ConfUtils.java:logGet(44)) - raft.server.log.purge.gap = 1000000 (custom)
2021-06-03 00:00:15,113 [pool-64-thread-1] INFO  server.RaftServerConfigKeys (ConfUtils.java:logGet(44)) - raft.server.log.appender.buffer.byte-limit = 33554432 (custom)
2021-06-03 00:00:15,114 [EventQueue-PipelineReportForPipelineReportHandler] INFO  pipeline.PipelineManagerV2Impl (PipelineManagerV2Impl.java:openPipeline(270)) - Pipeline Pipeline[ Id: e8b65d27-a1f4-4238-be4d-dbbd4bc6a664, Nodes: 696e796d-aedf-4aed-93c4-430e12ffa8fc{ip: 10.1.0.28, host: fv-az54-886.gmada3d5h3zutaf4vio4yveaag.bx.internal.cloudapp.net, ports: [REPLICATION=42857, RATIS=37569, RATIS_ADMIN=37569, RATIS_SERVER=37569, STANDALONE=36447], networkLocation: /default-rack, certSerialId: null, persistedOpState: IN_SERVICE, persistedOpStateExpiryEpochSec: 0}, ReplicationConfig: RATIS/ONE, State:ALLOCATED, leaderId:696e796d-aedf-4aed-93c4-430e12ffa8fc, CreationTimestamp2021-06-03T00:00:12.102Z] moved to OPEN state
2021-06-03 00:00:15,115 [EventQueue-OpenPipelineForHealthyPipelineSafeModeRule] INFO  safemode.SCMSafeModeManager (HealthyPipelineSafeModeRule.java:process(130)) - SCM in safe mode. Healthy pipelines reported count is 0, required healthy pipeline reported count is 1
2021-06-03 00:00:15,114 [EventQueue-PipelineReportForOneReplicaPipelineSafeModeRule] INFO  safemode.SCMSafeModeManager (SCMSafeModeManager.java:validateSafeModeExitRules(201)) - AtleastOneDatanodeReportedRule rule is successfully validated
2021-06-03 00:00:15,115 [pool-64-thread-1] INFO  metrics.RatisMetrics (RatisMetrics.java:lambda$create$0(36)) - Creating Metrics Registry : ratis.log_worker.696e796d-aedf-4aed-93c4-430e12ffa8fc@group-DBBD4BC6A664
2021-06-03 00:00:15,116 [pool-64-thread-1] INFO  server.RaftServerConfigKeys (ConfUtils.java:logGet(44)) - raft.server.log.segment.size.max = 1048576 (custom)
2021-06-03 00:00:15,117 [pool-64-thread-1] INFO  server.RaftServerConfigKeys (ConfUtils.java:logGet(44)) - raft.server.log.segment.cache.num.max = 2 (custom)
2021-06-03 00:00:15,117 [pool-64-thread-1] INFO  server.RaftServerConfigKeys (ConfUtils.java:logGet(44)) - raft.server.log.segment.cache.size.max = 200MB (=209715200) (default)
2021-06-03 00:00:15,117 [pool-64-thread-1] INFO  segmented.SegmentedRaftLogWorker (SegmentedRaftLogWorker.java:<init>(182)) - new 696e796d-aedf-4aed-93c4-430e12ffa8fc@group-DBBD4BC6A664-SegmentedRaftLogWorker for RaftStorageImpl:Storage Directory /home/runner/work/ozone/ozone/mnt/ozone/hadoop-ozone/integration-test/target/test-dir/MiniOzoneClusterImpl-d99b0d03-7963-4ac2-881f-75d2f82b72ef/datanode-1/data/ratis/e8b65d27-a1f4-4238-be4d-dbbd4bc6a664
2021-06-03 00:00:15,118 [pool-64-thread-1] INFO  server.RaftServerConfigKeys (ConfUtils.java:logGet(44)) - raft.server.log.queue.byte-limit = 2147483647 (custom)
2021-06-03 00:00:15,118 [pool-64-thread-1] INFO  server.RaftServerConfigKeys (ConfUtils.java:logGet(44)) - raft.server.log.queue.element-limit = 1024 (custom)
2021-06-03 00:00:15,118 [pool-64-thread-1] INFO  server.RaftServerConfigKeys (ConfUtils.java:logGet(44)) - raft.server.log.segment.size.max = 1048576 (custom)
2021-06-03 00:00:15,122 [pool-64-thread-1] INFO  server.RaftServerConfigKeys (ConfUtils.java:logGet(44)) - raft.server.log.preallocated.size = 16384 (custom)
2021-06-03 00:00:15,122 [pool-64-thread-1] INFO  server.RaftServerConfigKeys (ConfUtils.java:logGet(44)) - raft.server.log.force.sync.num = 128 (default)
2021-06-03 00:00:15,122 [pool-64-thread-1] INFO  server.RaftServerConfigKeys (ConfUtils.java:logGet(44)) - raft.server.log.statemachine.data.sync = true (default)
2021-06-03 00:00:15,122 [pool-64-thread-1] INFO  server.RaftServerConfigKeys (ConfUtils.java:logGet(44)) - raft.server.log.statemachine.data.sync.timeout = 10s (default)
2021-06-03 00:00:15,122 [pool-64-thread-1] INFO  server.RaftServerConfigKeys (ConfUtils.java:logGet(44)) - raft.server.log.statemachine.data.sync.timeout.retry = -1 (default)
2021-06-03 00:00:15,123 [pool-64-thread-1] INFO  server.RaftServerConfigKeys (ConfUtils.java:logGet(44)) - raft.server.log.write.buffer.size = 1048576 (custom)
2021-06-03 00:00:15,124 [pool-64-thread-1] INFO  server.RaftServerConfigKeys (ConfUtils.java:logGet(44)) - raft.server.log.statemachine.data.caching.enabled = true (custom)
2021-06-03 00:00:15,124 [pool-64-thread-1] INFO  segmented.SegmentedRaftLogWorker (SegmentedRaftLogWorker.java:lambda$new$0(133)) - 696e796d-aedf-4aed-93c4-430e12ffa8fc@group-DBBD4BC6A664-SegmentedRaftLogWorker: flushIndex: setUnconditionally 0 -> -1
2021-06-03 00:00:15,124 [pool-64-thread-1] INFO  segmented.SegmentedRaftLogWorker (SegmentedRaftLogWorker.java:lambda$new$0(133)) - 696e796d-aedf-4aed-93c4-430e12ffa8fc@group-DBBD4BC6A664-SegmentedRaftLogWorker: safeCacheEvictIndex: setUnconditionally 0 -> -1
2021-06-03 00:00:15,127 [EventQueue-PipelineReportForOneReplicaPipelineSafeModeRule] INFO  safemode.SCMSafeModeManager (SCMSafeModeManager.java:validateSafeModeExitRules(201)) - AtleastOneDatanodeReportedRule rule is successfully validated
2021-06-03 00:00:15,127 [EventQueue-OpenPipelineForHealthyPipelineSafeModeRule] INFO  safemode.SCMSafeModeManager (HealthyPipelineSafeModeRule.java:process(130)) - SCM in safe mode. Healthy pipelines reported count is 0, required healthy pipeline reported count is 1
2021-06-03 00:00:15,127 [pool-64-thread-1] INFO  server.RaftServerConfigKeys (ConfUtils.java:logGet(44)) - raft.server.snapshot.auto.trigger.enabled = true (custom)
2021-06-03 00:00:15,127 [pool-64-thread-1] INFO  server.RaftServerConfigKeys (ConfUtils.java:logGet(44)) - raft.server.snapshot.auto.trigger.threshold = 1 (custom)
2021-06-03 00:00:15,127 [pool-64-thread-1] INFO  server.RaftServerConfigKeys (ConfUtils.java:logGet(44)) - raft.server.snapshot.retention.file.num = 5 (custom)
2021-06-03 00:00:15,127 [pool-64-thread-1] INFO  server.RaftServerConfigKeys (ConfUtils.java:logGet(44)) - raft.server.log.purge.upto.snapshot.index = false (default)
2021-06-03 00:00:15,127 [pool-64-thread-1] INFO  server.RaftServerConfigKeys (ConfUtils.java:logGet(44)) - raft.server.retrycache.expirytime = 600000ms (custom)
2021-06-03 00:00:15,127 [pool-64-thread-1] INFO  server.RaftServerConfigKeys (ConfUtils.java:logGet(44)) - raft.server.retrycache.statistics.expirytime = 100μs (default)
2021-06-03 00:00:15,127 [pool-64-thread-1] INFO  metrics.RatisMetrics (RatisMetrics.java:lambda$create$0(36)) - Creating Metrics Registry : ratis.leader_election.696e796d-aedf-4aed-93c4-430e12ffa8fc@group-DBBD4BC6A664
2021-06-03 00:00:15,128 [pool-64-thread-1] INFO  metrics.RatisMetrics (RatisMetrics.java:lambda$create$0(36)) - Creating Metrics Registry : ratis.server.696e796d-aedf-4aed-93c4-430e12ffa8fc@group-DBBD4BC6A664
2021-06-03 00:00:15,130 [pool-64-thread-1] INFO  server.RaftServer$Division (RaftServerImpl.java:start(295)) - 696e796d-aedf-4aed-93c4-430e12ffa8fc@group-DBBD4BC6A664: start as a follower, conf=-1: [696e796d-aedf-4aed-93c4-430e12ffa8fc|rpc:10.1.0.28:37569|priority:1], old=null
2021-06-03 00:00:15,130 [pool-64-thread-1] INFO  server.RaftServer$Division (RaftServerImpl.java:setRole(284)) - 696e796d-aedf-4aed-93c4-430e12ffa8fc@group-DBBD4BC6A664: changes role from      null to FOLLOWER at term 0 for startAsFollower
2021-06-03 00:00:15,130 [pool-64-thread-1] INFO  impl.RoleInfo (RoleInfo.java:updateAndGet(130)) - 696e796d-aedf-4aed-93c4-430e12ffa8fc: start 696e796d-aedf-4aed-93c4-430e12ffa8fc@group-DBBD4BC6A664-FollowerState
2021-06-03 00:00:15,143 [pool-64-thread-1] INFO  util.JmxRegister (JmxRegister.java:tryRegister(44)) - Successfully registered JMX Bean with object name Ratis:service=RaftServer,group=group-DBBD4BC6A664,id=696e796d-aedf-4aed-93c4-430e12ffa8fc
2021-06-03 00:00:15,143 [pool-64-thread-1] INFO  metrics.RatisMetrics (RatisMetrics.java:lambda$create$0(36)) - Creating Metrics Registry : ratis.state_machine.696e796d-aedf-4aed-93c4-430e12ffa8fc@group-DBBD4BC6A664
2021-06-03 00:00:15,146 [EventQueue-PipelineReportForOneReplicaPipelineSafeModeRule] INFO  safemode.SCMSafeModeManager (SCMSafeModeManager.java:validateSafeModeExitRules(201)) - AtleastOneDatanodeReportedRule rule is successfully validated
2021-06-03 00:00:15,147 [Command processor thread] INFO  ratis.XceiverServerRatis (XceiverServerRatis.java:addGroup(808)) - Created group PipelineID=e8b65d27-a1f4-4238-be4d-dbbd4bc6a664
2021-06-03 00:00:15,147 [Command processor thread] INFO  commandhandler.CreatePipelineCommandHandler (CreatePipelineCommandHandler.java:handle(106)) - Created Pipeline RATIS ONE PipelineID=e8b65d27-a1f4-4238-be4d-dbbd4bc6a664.
2021-06-03 00:00:15,149 [Command processor thread] INFO  server.RaftServer (RaftServerProxy.java:addNew(95)) - 696e796d-aedf-4aed-93c4-430e12ffa8fc: addNew group-765E0191F053:[696e796d-aedf-4aed-93c4-430e12ffa8fc|rpc:10.1.0.28:37569|priority:0, a9999bf8-cc81-46a6-8339-ca63194a4403|rpc:10.1.0.28:44263|priority:1, c00dd357-5364-4c4f-a775-3282c2d03178|rpc:10.1.0.28:41287|priority:0] returns group-765E0191F053:java.util.concurrent.CompletableFuture@14b59a3a[Not completed]
2021-06-03 00:00:15,151 [EventQueue-PipelineReportForOneReplicaPipelineSafeModeRule] INFO  safemode.SCMSafeModeManager (SCMSafeModeManager.java:validateSafeModeExitRules(201)) - AtleastOneDatanodeReportedRule rule is successfully validated
2021-06-03 00:00:15,152 [pool-64-thread-1] INFO  server.RaftServer$Division (RaftServerImpl.java:<init>(180)) - 696e796d-aedf-4aed-93c4-430e12ffa8fc: new RaftServerImpl for group-765E0191F053:[696e796d-aedf-4aed-93c4-430e12ffa8fc|rpc:10.1.0.28:37569|priority:0, a9999bf8-cc81-46a6-8339-ca63194a4403|rpc:10.1.0.28:44263|priority:1, c00dd357-5364-4c4f-a775-3282c2d03178|rpc:10.1.0.28:41287|priority:0] with ContainerStateMachine:uninitialized
2021-06-03 00:00:15,152 [pool-64-thread-1] INFO  server.RaftServerConfigKeys (ConfUtils.java:logGet(44)) - raft.server.rpc.timeout.min = 5s (custom)
2021-06-03 00:00:15,152 [pool-64-thread-1] INFO  server.RaftServerConfigKeys (ConfUtils.java:logGet(44)) - raft.server.rpc.timeout.max = 5200ms (custom)
2021-06-03 00:00:15,152 [pool-64-thread-1] INFO  server.RaftServerConfigKeys (ConfUtils.java:logGet(44)) - raft.server.rpc.sleep.time = 25ms (default)
2021-06-03 00:00:15,152 [pool-64-thread-1] INFO  server.RaftServerConfigKeys (ConfUtils.java:logGet(44)) - raft.server.rpc.slowness.timeout = 300000ms (custom)
2021-06-03 00:00:15,152 [pool-64-thread-1] INFO  server.RaftServerConfigKeys (ConfUtils.java:logGet(44)) - raft.server.leaderelection.leader.step-down.wait-time = 10s (default)
2021-06-03 00:00:15,152 [pool-64-thread-1] INFO  server.RaftServerConfigKeys (ConfUtils.java:logGet(44)) - raft.server.sleep.deviation.threshold = 300ms (default)
2021-06-03 00:00:15,153 [pool-64-thread-1] INFO  server.RaftServerConfigKeys (ConfUtils.java:logGet(44)) - raft.server.log.appender.install.snapshot.enabled = false (custom)
2021-06-03 00:00:15,153 [pool-64-thread-1] INFO  server.RaftServer$Division (ServerState.java:<init>(105)) - 696e796d-aedf-4aed-93c4-430e12ffa8fc@group-765E0191F053: ConfigurationManager, init=-1: [696e796d-aedf-4aed-93c4-430e12ffa8fc|rpc:10.1.0.28:37569|priority:0, a9999bf8-cc81-46a6-8339-ca63194a4403|rpc:10.1.0.28:44263|priority:1, c00dd357-5364-4c4f-a775-3282c2d03178|rpc:10.1.0.28:41287|priority:0], old=null, confs=<EMPTY_MAP>
2021-06-03 00:00:15,153 [pool-64-thread-1] INFO  server.RaftServerConfigKeys (ConfUtils.java:logGet(44)) - raft.server.storage.dir = [/home/runner/work/ozone/ozone/mnt/ozone/hadoop-ozone/integration-test/target/test-dir/MiniOzoneClusterImpl-d99b0d03-7963-4ac2-881f-75d2f82b72ef/datanode-1/data/ratis] (custom)
2021-06-03 00:00:15,153 [pool-64-thread-1] INFO  server.RaftServerConfigKeys (ConfUtils.java:logGet(44)) - raft.server.log.corruption.policy = EXCEPTION (default)
2021-06-03 00:00:15,153 [pool-64-thread-1] INFO  storage.RaftStorageDirectory (RaftStorageDirectoryImpl.java:analyzeStorage(132)) - The storage directory /home/runner/work/ozone/ozone/mnt/ozone/hadoop-ozone/integration-test/target/test-dir/MiniOzoneClusterImpl-d99b0d03-7963-4ac2-881f-75d2f82b72ef/datanode-1/data/ratis/76f3524a-41cc-4041-bba1-765e0191f053 does not exist. Creating ...
2021-06-03 00:00:15,154 [pool-64-thread-1] INFO  storage.RaftStorageDirectory (RaftStorageDirectoryImpl.java:tryLock(215)) - Lock on /home/runner/work/ozone/ozone/mnt/ozone/hadoop-ozone/integration-test/target/test-dir/MiniOzoneClusterImpl-d99b0d03-7963-4ac2-881f-75d2f82b72ef/datanode-1/data/ratis/76f3524a-41cc-4041-bba1-765e0191f053/in_use.lock acquired by nodename 19265@fv-az54-886
2021-06-03 00:00:15,155 [pool-64-thread-1] INFO  storage.RaftStorage (RaftStorageImpl.java:format(87)) - Storage directory /home/runner/work/ozone/ozone/mnt/ozone/hadoop-ozone/integration-test/target/test-dir/MiniOzoneClusterImpl-d99b0d03-7963-4ac2-881f-75d2f82b72ef/datanode-1/data/ratis/76f3524a-41cc-4041-bba1-765e0191f053 has been successfully formatted.
2021-06-03 00:00:15,156 [pool-64-thread-1] INFO  ratis.ContainerStateMachine (ContainerStateMachine.java:loadSnapshot(224)) - group-765E0191F053: The snapshot info is null. Setting the last applied indexto:(t:0, i:~)
2021-06-03 00:00:15,157 [EventQueue-OpenPipelineForHealthyPipelineSafeModeRule] INFO  safemode.SCMSafeModeManager (HealthyPipelineSafeModeRule.java:process(130)) - SCM in safe mode. Healthy pipelines reported count is 0, required healthy pipeline reported count is 1
2021-06-03 00:00:15,157 [EventQueue-PipelineReportForOneReplicaPipelineSafeModeRule] INFO  safemode.SCMSafeModeManager (SCMSafeModeManager.java:validateSafeModeExitRules(201)) - AtleastOneDatanodeReportedRule rule is successfully validated
2021-06-03 00:00:15,157 [pool-64-thread-1] INFO  server.RaftServerConfigKeys (ConfUtils.java:logGet(44)) - raft.server.notification.no-leader.timeout = 300000ms (custom)
2021-06-03 00:00:15,158 [pool-64-thread-1] INFO  server.RaftServerConfigKeys (ConfUtils.java:logGet(44)) - raft.server.log.use.memory = false (default)
2021-06-03 00:00:15,163 [pool-64-thread-1] INFO  server.RaftServerConfigKeys (ConfUtils.java:logGet(44)) - raft.server.log.purge.gap = 1000000 (custom)
2021-06-03 00:00:15,163 [pool-64-thread-1] INFO  server.RaftServerConfigKeys (ConfUtils.java:logGet(44)) - raft.server.log.appender.buffer.byte-limit = 33554432 (custom)
2021-06-03 00:00:15,163 [pool-64-thread-1] INFO  metrics.RatisMetrics (RatisMetrics.java:lambda$create$0(36)) - Creating Metrics Registry : ratis.log_worker.696e796d-aedf-4aed-93c4-430e12ffa8fc@group-765E0191F053
2021-06-03 00:00:15,163 [pool-64-thread-1] INFO  server.RaftServerConfigKeys (ConfUtils.java:logGet(44)) - raft.server.log.segment.size.max = 1048576 (custom)
2021-06-03 00:00:15,164 [pool-64-thread-1] INFO  server.RaftServerConfigKeys (ConfUtils.java:logGet(44)) - raft.server.log.segment.cache.num.max = 2 (custom)
2021-06-03 00:00:15,169 [pool-64-thread-1] INFO  server.RaftServerConfigKeys (ConfUtils.java:logGet(44)) - raft.server.log.segment.cache.size.max = 200MB (=209715200) (default)
2021-06-03 00:00:15,169 [pool-64-thread-1] INFO  segmented.SegmentedRaftLogWorker (SegmentedRaftLogWorker.java:<init>(182)) - new 696e796d-aedf-4aed-93c4-430e12ffa8fc@group-765E0191F053-SegmentedRaftLogWorker for RaftStorageImpl:Storage Directory /home/runner/work/ozone/ozone/mnt/ozone/hadoop-ozone/integration-test/target/test-dir/MiniOzoneClusterImpl-d99b0d03-7963-4ac2-881f-75d2f82b72ef/datanode-1/data/ratis/76f3524a-41cc-4041-bba1-765e0191f053
2021-06-03 00:00:15,169 [pool-64-thread-1] INFO  server.RaftServerConfigKeys (ConfUtils.java:logGet(44)) - raft.server.log.queue.byte-limit = 2147483647 (custom)
2021-06-03 00:00:15,169 [pool-64-thread-1] INFO  server.RaftServerConfigKeys (ConfUtils.java:logGet(44)) - raft.server.log.queue.element-limit = 1024 (custom)
2021-06-03 00:00:15,169 [pool-64-thread-1] INFO  server.RaftServerConfigKeys (ConfUtils.java:logGet(44)) - raft.server.log.segment.size.max = 1048576 (custom)
2021-06-03 00:00:15,169 [pool-64-thread-1] INFO  server.RaftServerConfigKeys (ConfUtils.java:logGet(44)) - raft.server.log.preallocated.size = 16384 (custom)
2021-06-03 00:00:15,169 [pool-64-thread-1] INFO  server.RaftServerConfigKeys (ConfUtils.java:logGet(44)) - raft.server.log.force.sync.num = 128 (default)
2021-06-03 00:00:15,170 [pool-64-thread-1] INFO  server.RaftServerConfigKeys (ConfUtils.java:logGet(44)) - raft.server.log.statemachine.data.sync = true (default)
2021-06-03 00:00:15,170 [pool-64-thread-1] INFO  server.RaftServerConfigKeys (ConfUtils.java:logGet(44)) - raft.server.log.statemachine.data.sync.timeout = 10s (default)
2021-06-03 00:00:15,170 [pool-64-thread-1] INFO  server.RaftServerConfigKeys (ConfUtils.java:logGet(44)) - raft.server.log.statemachine.data.sync.timeout.retry = -1 (default)
2021-06-03 00:00:15,171 [EventQueue-PipelineReportForOneReplicaPipelineSafeModeRule] INFO  safemode.SCMSafeModeManager (SCMSafeModeManager.java:validateSafeModeExitRules(201)) - AtleastOneDatanodeReportedRule rule is successfully validated
2021-06-03 00:00:15,171 [pool-64-thread-1] INFO  server.RaftServerConfigKeys (ConfUtils.java:logGet(44)) - raft.server.log.write.buffer.size = 1048576 (custom)
2021-06-03 00:00:15,171 [pool-64-thread-1] INFO  server.RaftServerConfigKeys (ConfUtils.java:logGet(44)) - raft.server.log.statemachine.data.caching.enabled = true (custom)
2021-06-03 00:00:15,172 [pool-64-thread-1] INFO  segmented.SegmentedRaftLogWorker (SegmentedRaftLogWorker.java:lambda$new$0(133)) - 696e796d-aedf-4aed-93c4-430e12ffa8fc@group-765E0191F053-SegmentedRaftLogWorker: flushIndex: setUnconditionally 0 -> -1
2021-06-03 00:00:15,172 [pool-64-thread-1] INFO  segmented.SegmentedRaftLogWorker (SegmentedRaftLogWorker.java:lambda$new$0(133)) - 696e796d-aedf-4aed-93c4-430e12ffa8fc@group-765E0191F053-SegmentedRaftLogWorker: safeCacheEvictIndex: setUnconditionally 0 -> -1
2021-06-03 00:00:15,174 [Listener at 127.0.0.1/45991] INFO  ozone.MiniOzoneClusterImpl (MiniOzoneClusterImpl.java:lambda$waitForClusterToBeReady$0(224)) - Nodes are ready. Got 10 of 10 DN Heartbeats.
2021-06-03 00:00:15,174 [Listener at 127.0.0.1/45991] INFO  ozone.MiniOzoneClusterImpl (MiniOzoneClusterImpl.java:lambda$waitForClusterToBeReady$0(227)) - Waiting for cluster to exit safe mode
2021-06-03 00:00:15,174 [Listener at 127.0.0.1/45991] INFO  ozone.MiniOzoneClusterImpl (MiniOzoneClusterImpl.java:lambda$waitForClusterToBeReady$0(230)) - SCM became leader
2021-06-03 00:00:15,175 [EventQueue-PipelineReportForOneReplicaPipelineSafeModeRule] INFO  safemode.SCMSafeModeManager (SCMSafeModeManager.java:validateSafeModeExitRules(201)) - AtleastOneDatanodeReportedRule rule is successfully validated
2021-06-03 00:00:15,177 [pool-64-thread-1] INFO  server.RaftServerConfigKeys (ConfUtils.java:logGet(44)) - raft.server.snapshot.auto.trigger.enabled = true (custom)
2021-06-03 00:00:15,177 [pool-64-thread-1] INFO  server.RaftServerConfigKeys (ConfUtils.java:logGet(44)) - raft.server.snapshot.auto.trigger.threshold = 1 (custom)
2021-06-03 00:00:15,177 [pool-64-thread-1] INFO  server.RaftServerConfigKeys (ConfUtils.java:logGet(44)) - raft.server.snapshot.retention.file.num = 5 (custom)
2021-06-03 00:00:15,177 [pool-64-thread-1] INFO  server.RaftServerConfigKeys (ConfUtils.java:logGet(44)) - raft.server.log.purge.upto.snapshot.index = false (default)
2021-06-03 00:00:15,177 [pool-64-thread-1] INFO  server.RaftServerConfigKeys (ConfUtils.java:logGet(44)) - raft.server.retrycache.expirytime = 600000ms (custom)
2021-06-03 00:00:15,177 [pool-64-thread-1] INFO  server.RaftServerConfigKeys (ConfUtils.java:logGet(44)) - raft.server.retrycache.statistics.expirytime = 100μs (default)
2021-06-03 00:00:15,177 [pool-64-thread-1] INFO  metrics.RatisMetrics (RatisMetrics.java:lambda$create$0(36)) - Creating Metrics Registry : ratis.leader_election.696e796d-aedf-4aed-93c4-430e12ffa8fc@group-765E0191F053
2021-06-03 00:00:15,178 [pool-64-thread-1] INFO  metrics.RatisMetrics (RatisMetrics.java:lambda$create$0(36)) - Creating Metrics Registry : ratis.server.696e796d-aedf-4aed-93c4-430e12ffa8fc@group-765E0191F053
2021-06-03 00:00:15,182 [pool-64-thread-1] INFO  server.RaftServer$Division (RaftServerImpl.java:start(295)) - 696e796d-aedf-4aed-93c4-430e12ffa8fc@group-765E0191F053: start as a follower, conf=-1: [696e796d-aedf-4aed-93c4-430e12ffa8fc|rpc:10.1.0.28:37569|priority:0, a9999bf8-cc81-46a6-8339-ca63194a4403|rpc:10.1.0.28:44263|priority:1, c00dd357-5364-4c4f-a775-3282c2d03178|rpc:10.1.0.28:41287|priority:0], old=null
2021-06-03 00:00:15,182 [pool-64-thread-1] INFO  server.RaftServer$Division (RaftServerImpl.java:setRole(284)) - 696e796d-aedf-4aed-93c4-430e12ffa8fc@group-765E0191F053: changes role from      null to FOLLOWER at term 0 for startAsFollower
2021-06-03 00:00:15,182 [pool-64-thread-1] INFO  impl.RoleInfo (RoleInfo.java:updateAndGet(130)) - 696e796d-aedf-4aed-93c4-430e12ffa8fc: start 696e796d-aedf-4aed-93c4-430e12ffa8fc@group-765E0191F053-FollowerState
2021-06-03 00:00:15,190 [pool-64-thread-1] INFO  util.JmxRegister (JmxRegister.java:tryRegister(44)) - Successfully registered JMX Bean with object name Ratis:service=RaftServer,group=group-765E0191F053,id=696e796d-aedf-4aed-93c4-430e12ffa8fc
2021-06-03 00:00:15,190 [pool-64-thread-1] INFO  metrics.RatisMetrics (RatisMetrics.java:lambda$create$0(36)) - Creating Metrics Registry : ratis.state_machine.696e796d-aedf-4aed-93c4-430e12ffa8fc@group-765E0191F053
2021-06-03 00:00:15,197 [Command processor thread] INFO  ratis.XceiverServerRatis (XceiverServerRatis.java:addGroup(808)) - Created group PipelineID=76f3524a-41cc-4041-bba1-765e0191f053
2021-06-03 00:00:15,198 [Command processor thread] INFO  metrics.RatisMetrics (RatisMetrics.java:lambda$create$0(36)) - Creating Metrics Registry : ratis.client_message_metrics.client-E70E4F98D4B8->c00dd357-5364-4c4f-a775-3282c2d03178
2021-06-03 00:00:15,201 [EventQueue-PipelineReportForOneReplicaPipelineSafeModeRule] INFO  safemode.SCMSafeModeManager (SCMSafeModeManager.java:validateSafeModeExitRules(201)) - AtleastOneDatanodeReportedRule rule is successfully validated
2021-06-03 00:00:15,269 [EventQueue-PipelineReportForOneReplicaPipelineSafeModeRule] INFO  safemode.SCMSafeModeManager (SCMSafeModeManager.java:validateSafeModeExitRules(201)) - AtleastOneDatanodeReportedRule rule is successfully validated
2021-06-03 00:00:15,311 [EventQueue-PipelineReportForOneReplicaPipelineSafeModeRule] INFO  safemode.SCMSafeModeManager (SCMSafeModeManager.java:validateSafeModeExitRules(201)) - AtleastOneDatanodeReportedRule rule is successfully validated
2021-06-03 00:00:15,313 [EventQueue-PipelineReportForOneReplicaPipelineSafeModeRule] INFO  safemode.SCMSafeModeManager (SCMSafeModeManager.java:validateSafeModeExitRules(201)) - AtleastOneDatanodeReportedRule rule is successfully validated
2021-06-03 00:00:15,327 [EventQueue-PipelineReportForOneReplicaPipelineSafeModeRule] INFO  safemode.SCMSafeModeManager (SCMSafeModeManager.java:validateSafeModeExitRules(201)) - AtleastOneDatanodeReportedRule rule is successfully validated
2021-06-03 00:00:15,327 [EventQueue-OpenPipelineForHealthyPipelineSafeModeRule] INFO  safemode.SCMSafeModeManager (HealthyPipelineSafeModeRule.java:process(130)) - SCM in safe mode. Healthy pipelines reported count is 0, required healthy pipeline reported count is 1
2021-06-03 00:00:15,349 [Command processor thread] INFO  server.RaftServer (RaftServerProxy.java:addNew(95)) - a9999bf8-cc81-46a6-8339-ca63194a4403: addNew group-B082EBF68155:[a9999bf8-cc81-46a6-8339-ca63194a4403|rpc:10.1.0.28:44263|priority:1] returns group-B082EBF68155:java.util.concurrent.CompletableFuture@5be2b027[Not completed]
2021-06-03 00:00:15,353 [EventQueue-PipelineReportForOneReplicaPipelineSafeModeRule] INFO  safemode.SCMSafeModeManager (SCMSafeModeManager.java:validateSafeModeExitRules(201)) - AtleastOneDatanodeReportedRule rule is successfully validated
2021-06-03 00:00:15,358 [EventQueue-OpenPipelineForHealthyPipelineSafeModeRule] INFO  safemode.SCMSafeModeManager (HealthyPipelineSafeModeRule.java:process(130)) - SCM in safe mode. Healthy pipelines reported count is 0, required healthy pipeline reported count is 1
2021-06-03 00:00:15,359 [EventQueue-PipelineReportForOneReplicaPipelineSafeModeRule] INFO  safemode.SCMSafeModeManager (SCMSafeModeManager.java:validateSafeModeExitRules(201)) - AtleastOneDatanodeReportedRule rule is successfully validated
2021-06-03 00:00:15,360 [EventQueue-PipelineReportForOneReplicaPipelineSafeModeRule] INFO  safemode.SCMSafeModeManager (SCMSafeModeManager.java:validateSafeModeExitRules(201)) - AtleastOneDatanodeReportedRule rule is successfully validated
2021-06-03 00:00:15,370 [EventQueue-PipelineReportForOneReplicaPipelineSafeModeRule] INFO  safemode.SCMSafeModeManager (SCMSafeModeManager.java:validateSafeModeExitRules(201)) - AtleastOneDatanodeReportedRule rule is successfully validated
2021-06-03 00:00:15,375 [EventQueue-PipelineReportForOneReplicaPipelineSafeModeRule] INFO  safemode.SCMSafeModeManager (SCMSafeModeManager.java:validateSafeModeExitRules(201)) - AtleastOneDatanodeReportedRule rule is successfully validated
2021-06-03 00:00:15,383 [grpc-default-executor-0] INFO  metrics.RatisMetrics (RatisMetrics.java:lambda$create$0(36)) - Creating Metrics Registry : ratis.server_message_metrics.c00dd357-5364-4c4f-a775-3282c2d03178
2021-06-03 00:00:15,385 [grpc-default-executor-1] INFO  metrics.RatisMetrics (RatisMetrics.java:lambda$create$0(36)) - Creating Metrics Registry : ratis.server_message_metrics.a9999bf8-cc81-46a6-8339-ca63194a4403
2021-06-03 00:00:15,402 [grpc-default-executor-1] INFO  server.RaftServer (RaftServerProxy.java:addNew(95)) - a9999bf8-cc81-46a6-8339-ca63194a4403: addNew group-765E0191F053:[696e796d-aedf-4aed-93c4-430e12ffa8fc|rpc:10.1.0.28:37569|dataStream:|priority:0, a9999bf8-cc81-46a6-8339-ca63194a4403|rpc:10.1.0.28:44263|dataStream:|priority:1, c00dd357-5364-4c4f-a775-3282c2d03178|rpc:10.1.0.28:41287|dataStream:|priority:0] returns group-765E0191F053:java.util.concurrent.CompletableFuture@86a123b[Not completed]
2021-06-03 00:00:15,403 [EventQueue-PipelineReportForOneReplicaPipelineSafeModeRule] INFO  safemode.SCMSafeModeManager (SCMSafeModeManager.java:validateSafeModeExitRules(201)) - AtleastOneDatanodeReportedRule rule is successfully validated
2021-06-03 00:00:15,426 [pool-83-thread-1] INFO  server.RaftServer$Division (RaftServerImpl.java:<init>(180)) - a9999bf8-cc81-46a6-8339-ca63194a4403: new RaftServerImpl for group-B082EBF68155:[a9999bf8-cc81-46a6-8339-ca63194a4403|rpc:10.1.0.28:44263|priority:1] with ContainerStateMachine:uninitialized
2021-06-03 00:00:15,426 [pool-83-thread-1] INFO  server.RaftServerConfigKeys (ConfUtils.java:logGet(44)) - raft.server.rpc.timeout.min = 5s (custom)
2021-06-03 00:00:15,426 [pool-83-thread-1] INFO  server.RaftServerConfigKeys (ConfUtils.java:logGet(44)) - raft.server.rpc.timeout.max = 5200ms (custom)
2021-06-03 00:00:15,426 [pool-83-thread-1] INFO  server.RaftServerConfigKeys (ConfUtils.java:logGet(44)) - raft.server.rpc.sleep.time = 25ms (default)
2021-06-03 00:00:15,426 [pool-83-thread-1] INFO  server.RaftServerConfigKeys (ConfUtils.java:logGet(44)) - raft.server.rpc.slowness.timeout = 300000ms (custom)
2021-06-03 00:00:15,426 [pool-83-thread-1] INFO  server.RaftServerConfigKeys (ConfUtils.java:logGet(44)) - raft.server.leaderelection.leader.step-down.wait-time = 10s (default)
2021-06-03 00:00:15,426 [pool-83-thread-1] INFO  server.RaftServerConfigKeys (ConfUtils.java:logGet(44)) - raft.server.sleep.deviation.threshold = 300ms (default)
2021-06-03 00:00:15,426 [pool-83-thread-1] INFO  server.RaftServerConfigKeys (ConfUtils.java:logGet(44)) - raft.server.log.appender.install.snapshot.enabled = false (custom)
2021-06-03 00:00:15,426 [pool-83-thread-1] INFO  server.RaftServer$Division (ServerState.java:<init>(105)) - a9999bf8-cc81-46a6-8339-ca63194a4403@group-B082EBF68155: ConfigurationManager, init=-1: [a9999bf8-cc81-46a6-8339-ca63194a4403|rpc:10.1.0.28:44263|priority:1], old=null, confs=<EMPTY_MAP>
2021-06-03 00:00:15,426 [pool-83-thread-1] INFO  server.RaftServerConfigKeys (ConfUtils.java:logGet(44)) - raft.server.storage.dir = [/home/runner/work/ozone/ozone/mnt/ozone/hadoop-ozone/integration-test/target/test-dir/MiniOzoneClusterImpl-d99b0d03-7963-4ac2-881f-75d2f82b72ef/datanode-2/data/ratis] (custom)
2021-06-03 00:00:15,426 [pool-83-thread-1] INFO  server.RaftServerConfigKeys (ConfUtils.java:logGet(44)) - raft.server.log.corruption.policy = EXCEPTION (default)
2021-06-03 00:00:15,427 [pool-83-thread-1] INFO  storage.RaftStorageDirectory (RaftStorageDirectoryImpl.java:analyzeStorage(132)) - The storage directory /home/runner/work/ozone/ozone/mnt/ozone/hadoop-ozone/integration-test/target/test-dir/MiniOzoneClusterImpl-d99b0d03-7963-4ac2-881f-75d2f82b72ef/datanode-2/data/ratis/fcf43b2d-7e6c-4e48-8c51-b082ebf68155 does not exist. Creating ...
2021-06-03 00:00:15,429 [pool-83-thread-1] INFO  storage.RaftStorageDirectory (RaftStorageDirectoryImpl.java:tryLock(215)) - Lock on /home/runner/work/ozone/ozone/mnt/ozone/hadoop-ozone/integration-test/target/test-dir/MiniOzoneClusterImpl-d99b0d03-7963-4ac2-881f-75d2f82b72ef/datanode-2/data/ratis/fcf43b2d-7e6c-4e48-8c51-b082ebf68155/in_use.lock acquired by nodename 19265@fv-az54-886
2021-06-03 00:00:15,432 [pool-83-thread-1] INFO  storage.RaftStorage (RaftStorageImpl.java:format(87)) - Storage directory /home/runner/work/ozone/ozone/mnt/ozone/hadoop-ozone/integration-test/target/test-dir/MiniOzoneClusterImpl-d99b0d03-7963-4ac2-881f-75d2f82b72ef/datanode-2/data/ratis/fcf43b2d-7e6c-4e48-8c51-b082ebf68155 has been successfully formatted.
2021-06-03 00:00:15,432 [pool-83-thread-1] INFO  ratis.ContainerStateMachine (ContainerStateMachine.java:loadSnapshot(224)) - group-B082EBF68155: The snapshot info is null. Setting the last applied indexto:(t:0, i:~)
2021-06-03 00:00:15,432 [pool-83-thread-1] INFO  server.RaftServerConfigKeys (ConfUtils.java:logGet(44)) - raft.server.notification.no-leader.timeout = 300000ms (custom)
2021-06-03 00:00:15,432 [pool-83-thread-1] INFO  server.RaftServerConfigKeys (ConfUtils.java:logGet(44)) - raft.server.log.use.memory = false (default)
2021-06-03 00:00:15,432 [pool-83-thread-1] INFO  server.RaftServerConfigKeys (ConfUtils.java:logGet(44)) - raft.server.log.purge.gap = 1000000 (custom)
2021-06-03 00:00:15,432 [pool-83-thread-1] INFO  server.RaftServerConfigKeys (ConfUtils.java:logGet(44)) - raft.server.log.appender.buffer.byte-limit = 33554432 (custom)
2021-06-03 00:00:15,433 [pool-83-thread-1] INFO  metrics.RatisMetrics (RatisMetrics.java:lambda$create$0(36)) - Creating Metrics Registry : ratis.log_worker.a9999bf8-cc81-46a6-8339-ca63194a4403@group-B082EBF68155
2021-06-03 00:00:15,433 [EventQueue-PipelineReportForPipelineReportHandler] INFO  pipeline.PipelineManagerV2Impl (PipelineManagerV2Impl.java:openPipeline(270)) - Pipeline Pipeline[ Id: fcf43b2d-7e6c-4e48-8c51-b082ebf68155, Nodes: a9999bf8-cc81-46a6-8339-ca63194a4403{ip: 10.1.0.28, host: fv-az54-886.gmada3d5h3zutaf4vio4yveaag.bx.internal.cloudapp.net, ports: [REPLICATION=43743, RATIS=44263, RATIS_ADMIN=44263, RATIS_SERVER=44263, STANDALONE=39683], networkLocation: /default-rack, certSerialId: null, persistedOpState: IN_SERVICE, persistedOpStateExpiryEpochSec: 0}, ReplicationConfig: RATIS/ONE, State:ALLOCATED, leaderId:a9999bf8-cc81-46a6-8339-ca63194a4403, CreationTimestamp2021-06-03T00:00:12.352Z] moved to OPEN state
2021-06-03 00:00:15,434 [EventQueue-PipelineReportForOneReplicaPipelineSafeModeRule] INFO  safemode.SCMSafeModeManager (SCMSafeModeManager.java:validateSafeModeExitRules(201)) - AtleastOneDatanodeReportedRule rule is successfully validated
2021-06-03 00:00:15,434 [pool-83-thread-1] INFO  server.RaftServerConfigKeys (ConfUtils.java:logGet(44)) - raft.server.log.segment.size.max = 1048576 (custom)
2021-06-03 00:00:15,434 [EventQueue-OpenPipelineForHealthyPipelineSafeModeRule] INFO  safemode.SCMSafeModeManager (HealthyPipelineSafeModeRule.java:process(130)) - SCM in safe mode. Healthy pipelines reported count is 0, required healthy pipeline reported count is 1
2021-06-03 00:00:15,439 [pool-83-thread-1] INFO  server.RaftServerConfigKeys (ConfUtils.java:logGet(44)) - raft.server.log.segment.cache.num.max = 2 (custom)
2021-06-03 00:00:15,439 [pool-83-thread-1] INFO  server.RaftServerConfigKeys (ConfUtils.java:logGet(44)) - raft.server.log.segment.cache.size.max = 200MB (=209715200) (default)
2021-06-03 00:00:15,439 [pool-83-thread-1] INFO  segmented.SegmentedRaftLogWorker (SegmentedRaftLogWorker.java:<init>(182)) - new a9999bf8-cc81-46a6-8339-ca63194a4403@group-B082EBF68155-SegmentedRaftLogWorker for RaftStorageImpl:Storage Directory /home/runner/work/ozone/ozone/mnt/ozone/hadoop-ozone/integration-test/target/test-dir/MiniOzoneClusterImpl-d99b0d03-7963-4ac2-881f-75d2f82b72ef/datanode-2/data/ratis/fcf43b2d-7e6c-4e48-8c51-b082ebf68155
2021-06-03 00:00:15,439 [pool-83-thread-1] INFO  server.RaftServerConfigKeys (ConfUtils.java:logGet(44)) - raft.server.log.queue.byte-limit = 2147483647 (custom)
2021-06-03 00:00:15,439 [pool-83-thread-1] INFO  server.RaftServerConfigKeys (ConfUtils.java:logGet(44)) - raft.server.log.queue.element-limit = 1024 (custom)
2021-06-03 00:00:15,439 [pool-83-thread-1] INFO  server.RaftServerConfigKeys (ConfUtils.java:logGet(44)) - raft.server.log.segment.size.max = 1048576 (custom)
2021-06-03 00:00:15,439 [pool-83-thread-1] INFO  server.RaftServerConfigKeys (ConfUtils.java:logGet(44)) - raft.server.log.preallocated.size = 16384 (custom)
2021-06-03 00:00:15,439 [pool-83-thread-1] INFO  server.RaftServerConfigKeys (ConfUtils.java:logGet(44)) - raft.server.log.force.sync.num = 128 (default)
2021-06-03 00:00:15,439 [pool-83-thread-1] INFO  server.RaftServerConfigKeys (ConfUtils.java:logGet(44)) - raft.server.log.statemachine.data.sync = true (default)
2021-06-03 00:00:15,440 [pool-83-thread-1] INFO  server.RaftServerConfigKeys (ConfUtils.java:logGet(44)) - raft.server.log.statemachine.data.sync.timeout = 10s (default)
2021-06-03 00:00:15,440 [pool-83-thread-1] INFO  server.RaftServerConfigKeys (ConfUtils.java:logGet(44)) - raft.server.log.statemachine.data.sync.timeout.retry = -1 (default)
2021-06-03 00:00:15,441 [pool-83-thread-1] INFO  server.RaftServerConfigKeys (ConfUtils.java:logGet(44)) - raft.server.log.write.buffer.size = 1048576 (custom)
2021-06-03 00:00:15,441 [pool-83-thread-1] INFO  server.RaftServerConfigKeys (ConfUtils.java:logGet(44)) - raft.server.log.statemachine.data.caching.enabled = true (custom)
2021-06-03 00:00:15,441 [pool-83-thread-1] INFO  segmented.SegmentedRaftLogWorker (SegmentedRaftLogWorker.java:lambda$new$0(133)) - a9999bf8-cc81-46a6-8339-ca63194a4403@group-B082EBF68155-SegmentedRaftLogWorker: flushIndex: setUnconditionally 0 -> -1
2021-06-03 00:00:15,441 [pool-83-thread-1] INFO  segmented.SegmentedRaftLogWorker (SegmentedRaftLogWorker.java:lambda$new$0(133)) - a9999bf8-cc81-46a6-8339-ca63194a4403@group-B082EBF68155-SegmentedRaftLogWorker: safeCacheEvictIndex: setUnconditionally 0 -> -1
2021-06-03 00:00:15,450 [pool-83-thread-1] INFO  server.RaftServerConfigKeys (ConfUtils.java:logGet(44)) - raft.server.snapshot.auto.trigger.enabled = true (custom)
2021-06-03 00:00:15,450 [pool-83-thread-1] INFO  server.RaftServerConfigKeys (ConfUtils.java:logGet(44)) - raft.server.snapshot.auto.trigger.threshold = 1 (custom)
2021-06-03 00:00:15,450 [pool-83-thread-1] INFO  server.RaftServerConfigKeys (ConfUtils.java:logGet(44)) - raft.server.snapshot.retention.file.num = 5 (custom)
2021-06-03 00:00:15,450 [pool-83-thread-1] INFO  server.RaftServerConfigKeys (ConfUtils.java:logGet(44)) - raft.server.log.purge.upto.snapshot.index = false (default)
2021-06-03 00:00:15,450 [pool-83-thread-1] INFO  server.RaftServerConfigKeys (ConfUtils.java:logGet(44)) - raft.server.retrycache.expirytime = 600000ms (custom)
2021-06-03 00:00:15,450 [pool-83-thread-1] INFO  server.RaftServerConfigKeys (ConfUtils.java:logGet(44)) - raft.server.retrycache.statistics.expirytime = 100μs (default)
2021-06-03 00:00:15,450 [pool-83-thread-1] INFO  metrics.RatisMetrics (RatisMetrics.java:lambda$create$0(36)) - Creating Metrics Registry : ratis.leader_election.a9999bf8-cc81-46a6-8339-ca63194a4403@group-B082EBF68155
2021-06-03 00:00:15,451 [pool-83-thread-1] INFO  metrics.RatisMetrics (RatisMetrics.java:lambda$create$0(36)) - Creating Metrics Registry : ratis.server.a9999bf8-cc81-46a6-8339-ca63194a4403@group-B082EBF68155
2021-06-03 00:00:15,453 [pool-83-thread-1] INFO  server.RaftServer$Division (RaftServerImpl.java:<init>(180)) - a9999bf8-cc81-46a6-8339-ca63194a4403: new RaftServerImpl for group-765E0191F053:[696e796d-aedf-4aed-93c4-430e12ffa8fc|rpc:10.1.0.28:37569|dataStream:|priority:0, a9999bf8-cc81-46a6-8339-ca63194a4403|rpc:10.1.0.28:44263|dataStream:|priority:1, c00dd357-5364-4c4f-a775-3282c2d03178|rpc:10.1.0.28:41287|dataStream:|priority:0] with ContainerStateMachine:uninitialized
2021-06-03 00:00:15,453 [pool-83-thread-1] INFO  server.RaftServerConfigKeys (ConfUtils.java:logGet(44)) - raft.server.rpc.timeout.min = 5s (custom)
2021-06-03 00:00:15,453 [pool-83-thread-1] INFO  server.RaftServerConfigKeys (ConfUtils.java:logGet(44)) - raft.server.rpc.timeout.max = 5200ms (custom)
2021-06-03 00:00:15,453 [pool-83-thread-1] INFO  server.RaftServerConfigKeys (ConfUtils.java:logGet(44)) - raft.server.rpc.sleep.time = 25ms (default)
2021-06-03 00:00:15,453 [pool-83-thread-1] INFO  server.RaftServerConfigKeys (ConfUtils.java:logGet(44)) - raft.server.rpc.slowness.timeout = 300000ms (custom)
2021-06-03 00:00:15,453 [pool-83-thread-1] INFO  server.RaftServerConfigKeys (ConfUtils.java:logGet(44)) - raft.server.leaderelection.leader.step-down.wait-time = 10s (default)
2021-06-03 00:00:15,453 [pool-83-thread-1] INFO  server.RaftServerConfigKeys (ConfUtils.java:logGet(44)) - raft.server.sleep.deviation.threshold = 300ms (default)
2021-06-03 00:00:15,454 [pool-83-thread-1] INFO  server.RaftServerConfigKeys (ConfUtils.java:logGet(44)) - raft.server.log.appender.install.snapshot.enabled = false (custom)
2021-06-03 00:00:15,454 [pool-83-thread-1] INFO  server.RaftServer$Division (ServerState.java:<init>(105)) - a9999bf8-cc81-46a6-8339-ca63194a4403@group-765E0191F053: ConfigurationManager, init=-1: [696e796d-aedf-4aed-93c4-430e12ffa8fc|rpc:10.1.0.28:37569|dataStream:|priority:0, a9999bf8-cc81-46a6-8339-ca63194a4403|rpc:10.1.0.28:44263|dataStream:|priority:1, c00dd357-5364-4c4f-a775-3282c2d03178|rpc:10.1.0.28:41287|dataStream:|priority:0], old=null, confs=<EMPTY_MAP>
2021-06-03 00:00:15,454 [pool-83-thread-1] INFO  server.RaftServerConfigKeys (ConfUtils.java:logGet(44)) - raft.server.storage.dir = [/home/runner/work/ozone/ozone/mnt/ozone/hadoop-ozone/integration-test/target/test-dir/MiniOzoneClusterImpl-d99b0d03-7963-4ac2-881f-75d2f82b72ef/datanode-2/data/ratis] (custom)
2021-06-03 00:00:15,454 [pool-83-thread-1] INFO  server.RaftServerConfigKeys (ConfUtils.java:logGet(44)) - raft.server.log.corruption.policy = EXCEPTION (default)
2021-06-03 00:00:15,454 [pool-83-thread-1] INFO  storage.RaftStorageDirectory (RaftStorageDirectoryImpl.java:analyzeStorage(132)) - The storage directory /home/runner/work/ozone/ozone/mnt/ozone/hadoop-ozone/integration-test/target/test-dir/MiniOzoneClusterImpl-d99b0d03-7963-4ac2-881f-75d2f82b72ef/datanode-2/data/ratis/76f3524a-41cc-4041-bba1-765e0191f053 does not exist. Creating ...
2021-06-03 00:00:15,454 [Command processor thread] INFO  server.RaftServer (RaftServerProxy.java:addNew(95)) - 7d2c3eba-00a8-4405-8104-350103fd4dff: addNew group-0444540D2B3B:[7d2c3eba-00a8-4405-8104-350103fd4dff|rpc:10.1.0.28:45839|priority:1] returns group-0444540D2B3B:java.util.concurrent.CompletableFuture@6a76fc12[Not completed]
2021-06-03 00:00:15,468 [EventQueue-PipelineReportForOneReplicaPipelineSafeModeRule] INFO  safemode.SCMSafeModeManager (SCMSafeModeManager.java:validateSafeModeExitRules(201)) - AtleastOneDatanodeReportedRule rule is successfully validated
2021-06-03 00:00:15,469 [pool-83-thread-1] INFO  storage.RaftStorageDirectory (RaftStorageDirectoryImpl.java:tryLock(215)) - Lock on /home/runner/work/ozone/ozone/mnt/ozone/hadoop-ozone/integration-test/target/test-dir/MiniOzoneClusterImpl-d99b0d03-7963-4ac2-881f-75d2f82b72ef/datanode-2/data/ratis/76f3524a-41cc-4041-bba1-765e0191f053/in_use.lock acquired by nodename 19265@fv-az54-886
2021-06-03 00:00:15,469 [pool-101-thread-1] INFO  server.RaftServer$Division (RaftServerImpl.java:<init>(180)) - 7d2c3eba-00a8-4405-8104-350103fd4dff: new RaftServerImpl for group-0444540D2B3B:[7d2c3eba-00a8-4405-8104-350103fd4dff|rpc:10.1.0.28:45839|priority:1] with ContainerStateMachine:uninitialized
2021-06-03 00:00:15,470 [pool-101-thread-1] INFO  server.RaftServerConfigKeys (ConfUtils.java:logGet(44)) - raft.server.rpc.timeout.min = 5s (custom)
2021-06-03 00:00:15,471 [pool-83-thread-1] INFO  storage.RaftStorage (RaftStorageImpl.java:format(87)) - Storage directory /home/runner/work/ozone/ozone/mnt/ozone/hadoop-ozone/integration-test/target/test-dir/MiniOzoneClusterImpl-d99b0d03-7963-4ac2-881f-75d2f82b72ef/datanode-2/data/ratis/76f3524a-41cc-4041-bba1-765e0191f053 has been successfully formatted.
2021-06-03 00:00:15,471 [pool-101-thread-1] INFO  server.RaftServerConfigKeys (ConfUtils.java:logGet(44)) - raft.server.rpc.timeout.max = 5200ms (custom)
2021-06-03 00:00:15,471 [pool-101-thread-1] INFO  server.RaftServerConfigKeys (ConfUtils.java:logGet(44)) - raft.server.rpc.sleep.time = 25ms (default)
2021-06-03 00:00:15,471 [pool-83-thread-1] INFO  ratis.ContainerStateMachine (ContainerStateMachine.java:loadSnapshot(224)) - group-765E0191F053: The snapshot info is null. Setting the last applied indexto:(t:0, i:~)
2021-06-03 00:00:15,471 [pool-83-thread-1] INFO  server.RaftServerConfigKeys (ConfUtils.java:logGet(44)) - raft.server.notification.no-leader.timeout = 300000ms (custom)
2021-06-03 00:00:15,472 [pool-83-thread-1] INFO  server.RaftServerConfigKeys (ConfUtils.java:logGet(44)) - raft.server.log.use.memory = false (default)
2021-06-03 00:00:15,472 [pool-83-thread-1] INFO  server.RaftServerConfigKeys (ConfUtils.java:logGet(44)) - raft.server.log.purge.gap = 1000000 (custom)
2021-06-03 00:00:15,472 [pool-83-thread-1] INFO  server.RaftServerConfigKeys (ConfUtils.java:logGet(44)) - raft.server.log.appender.buffer.byte-limit = 33554432 (custom)
2021-06-03 00:00:15,472 [pool-83-thread-1] INFO  metrics.RatisMetrics (RatisMetrics.java:lambda$create$0(36)) - Creating Metrics Registry : ratis.log_worker.a9999bf8-cc81-46a6-8339-ca63194a4403@group-765E0191F053
2021-06-03 00:00:15,472 [pool-83-thread-1] INFO  server.RaftServerConfigKeys (ConfUtils.java:logGet(44)) - raft.server.log.segment.size.max = 1048576 (custom)
2021-06-03 00:00:15,472 [pool-83-thread-1] INFO  server.RaftServerConfigKeys (ConfUtils.java:logGet(44)) - raft.server.log.segment.cache.num.max = 2 (custom)
2021-06-03 00:00:15,472 [pool-83-thread-1] INFO  server.RaftServerConfigKeys (ConfUtils.java:logGet(44)) - raft.server.log.segment.cache.size.max = 200MB (=209715200) (default)
2021-06-03 00:00:15,473 [pool-83-thread-1] INFO  segmented.SegmentedRaftLogWorker (SegmentedRaftLogWorker.java:<init>(182)) - new a9999bf8-cc81-46a6-8339-ca63194a4403@group-765E0191F053-SegmentedRaftLogWorker for RaftStorageImpl:Storage Directory /home/runner/work/ozone/ozone/mnt/ozone/hadoop-ozone/integration-test/target/test-dir/MiniOzoneClusterImpl-d99b0d03-7963-4ac2-881f-75d2f82b72ef/datanode-2/data/ratis/76f3524a-41cc-4041-bba1-765e0191f053
2021-06-03 00:00:15,473 [pool-83-thread-1] INFO  server.RaftServerConfigKeys (ConfUtils.java:logGet(44)) - raft.server.log.queue.byte-limit = 2147483647 (custom)
2021-06-03 00:00:15,473 [pool-83-thread-1] INFO  server.RaftServerConfigKeys (ConfUtils.java:logGet(44)) - raft.server.log.queue.element-limit = 1024 (custom)
2021-06-03 00:00:15,473 [pool-83-thread-1] INFO  server.RaftServerConfigKeys (ConfUtils.java:logGet(44)) - raft.server.log.segment.size.max = 1048576 (custom)
2021-06-03 00:00:15,473 [pool-83-thread-1] INFO  server.RaftServerConfigKeys (ConfUtils.java:logGet(44)) - raft.server.log.preallocated.size = 16384 (custom)
2021-06-03 00:00:15,473 [pool-83-thread-1] INFO  server.RaftServerConfigKeys (ConfUtils.java:logGet(44)) - raft.server.log.force.sync.num = 128 (default)
2021-06-03 00:00:15,473 [pool-83-thread-1] INFO  server.RaftServerConfigKeys (ConfUtils.java:logGet(44)) - raft.server.log.statemachine.data.sync = true (default)
2021-06-03 00:00:15,473 [pool-83-thread-1] INFO  server.RaftServerConfigKeys (ConfUtils.java:logGet(44)) - raft.server.log.statemachine.data.sync.timeout = 10s (default)
2021-06-03 00:00:15,473 [pool-83-thread-1] INFO  server.RaftServerConfigKeys (ConfUtils.java:logGet(44)) - raft.server.log.statemachine.data.sync.timeout.retry = -1 (default)
2021-06-03 00:00:15,473 [EventQueue-PipelineReportForOneReplicaPipelineSafeModeRule] INFO  safemode.SCMSafeModeManager (SCMSafeModeManager.java:validateSafeModeExitRules(201)) - AtleastOneDatanodeReportedRule rule is successfully validated
2021-06-03 00:00:15,473 [EventQueue-OpenPipelineForHealthyPipelineSafeModeRule] INFO  safemode.SCMSafeModeManager (HealthyPipelineSafeModeRule.java:process(130)) - SCM in safe mode. Healthy pipelines reported count is 0, required healthy pipeline reported count is 1
2021-06-03 00:00:15,474 [pool-83-thread-1] INFO  server.RaftServerConfigKeys (ConfUtils.java:logGet(44)) - raft.server.log.write.buffer.size = 1048576 (custom)
2021-06-03 00:00:15,475 [pool-83-thread-1] INFO  server.RaftServerConfigKeys (ConfUtils.java:logGet(44)) - raft.server.log.statemachine.data.caching.enabled = true (custom)
2021-06-03 00:00:15,475 [pool-83-thread-1] INFO  segmented.SegmentedRaftLogWorker (SegmentedRaftLogWorker.java:lambda$new$0(133)) - a9999bf8-cc81-46a6-8339-ca63194a4403@group-765E0191F053-SegmentedRaftLogWorker: flushIndex: setUnconditionally 0 -> -1
2021-06-03 00:00:15,475 [pool-83-thread-1] INFO  segmented.SegmentedRaftLogWorker (SegmentedRaftLogWorker.java:lambda$new$0(133)) - a9999bf8-cc81-46a6-8339-ca63194a4403@group-765E0191F053-SegmentedRaftLogWorker: safeCacheEvictIndex: setUnconditionally 0 -> -1
2021-06-03 00:00:15,475 [pool-101-thread-1] INFO  server.RaftServerConfigKeys (ConfUtils.java:logGet(44)) - raft.server.rpc.slowness.timeout = 300000ms (custom)
2021-06-03 00:00:15,475 [pool-101-thread-1] INFO  server.RaftServerConfigKeys (ConfUtils.java:logGet(44)) - raft.server.leaderelection.leader.step-down.wait-time = 10s (default)
2021-06-03 00:00:15,476 [pool-101-thread-1] INFO  server.RaftServerConfigKeys (ConfUtils.java:logGet(44)) - raft.server.sleep.deviation.threshold = 300ms (default)
2021-06-03 00:00:15,476 [pool-101-thread-1] INFO  server.RaftServerConfigKeys (ConfUtils.java:logGet(44)) - raft.server.log.appender.install.snapshot.enabled = false (custom)
2021-06-03 00:00:15,476 [pool-101-thread-1] INFO  server.RaftServer$Division (ServerState.java:<init>(105)) - 7d2c3eba-00a8-4405-8104-350103fd4dff@group-0444540D2B3B: ConfigurationManager, init=-1: [7d2c3eba-00a8-4405-8104-350103fd4dff|rpc:10.1.0.28:45839|priority:1], old=null, confs=<EMPTY_MAP>
2021-06-03 00:00:15,476 [pool-101-thread-1] INFO  server.RaftServerConfigKeys (ConfUtils.java:logGet(44)) - raft.server.storage.dir = [/home/runner/work/ozone/ozone/mnt/ozone/hadoop-ozone/integration-test/target/test-dir/MiniOzoneClusterImpl-d99b0d03-7963-4ac2-881f-75d2f82b72ef/datanode-3/data/ratis] (custom)
2021-06-03 00:00:15,476 [pool-101-thread-1] INFO  server.RaftServerConfigKeys (ConfUtils.java:logGet(44)) - raft.server.log.corruption.policy = EXCEPTION (default)
2021-06-03 00:00:15,476 [pool-101-thread-1] INFO  storage.RaftStorageDirectory (RaftStorageDirectoryImpl.java:analyzeStorage(132)) - The storage directory /home/runner/work/ozone/ozone/mnt/ozone/hadoop-ozone/integration-test/target/test-dir/MiniOzoneClusterImpl-d99b0d03-7963-4ac2-881f-75d2f82b72ef/datanode-3/data/ratis/85b7a450-b81f-49c4-b464-0444540d2b3b does not exist. Creating ...
2021-06-03 00:00:15,481 [pool-83-thread-1] INFO  server.RaftServerConfigKeys (ConfUtils.java:logGet(44)) - raft.server.snapshot.auto.trigger.enabled = true (custom)
2021-06-03 00:00:15,481 [pool-83-thread-1] INFO  server.RaftServerConfigKeys (ConfUtils.java:logGet(44)) - raft.server.snapshot.auto.trigger.threshold = 1 (custom)
2021-06-03 00:00:15,481 [pool-83-thread-1] INFO  server.RaftServerConfigKeys (ConfUtils.java:logGet(44)) - raft.server.snapshot.retention.file.num = 5 (custom)
2021-06-03 00:00:15,481 [pool-101-thread-1] INFO  storage.RaftStorageDirectory (RaftStorageDirectoryImpl.java:tryLock(215)) - Lock on /home/runner/work/ozone/ozone/mnt/ozone/hadoop-ozone/integration-test/target/test-dir/MiniOzoneClusterImpl-d99b0d03-7963-4ac2-881f-75d2f82b72ef/datanode-3/data/ratis/85b7a450-b81f-49c4-b464-0444540d2b3b/in_use.lock acquired by nodename 19265@fv-az54-886
2021-06-03 00:00:15,481 [pool-83-thread-1] INFO  server.RaftServerConfigKeys (ConfUtils.java:logGet(44)) - raft.server.log.purge.upto.snapshot.index = false (default)
2021-06-03 00:00:15,482 [pool-83-thread-1] INFO  server.RaftServerConfigKeys (ConfUtils.java:logGet(44)) - raft.server.retrycache.expirytime = 600000ms (custom)
2021-06-03 00:00:15,482 [pool-83-thread-1] INFO  server.RaftServerConfigKeys (ConfUtils.java:logGet(44)) - raft.server.retrycache.statistics.expirytime = 100μs (default)
2021-06-03 00:00:15,482 [pool-83-thread-1] INFO  metrics.RatisMetrics (RatisMetrics.java:lambda$create$0(36)) - Creating Metrics Registry : ratis.leader_election.a9999bf8-cc81-46a6-8339-ca63194a4403@group-765E0191F053
2021-06-03 00:00:15,483 [pool-83-thread-1] INFO  metrics.RatisMetrics (RatisMetrics.java:lambda$create$0(36)) - Creating Metrics Registry : ratis.server.a9999bf8-cc81-46a6-8339-ca63194a4403@group-765E0191F053
2021-06-03 00:00:15,483 [pool-101-thread-1] INFO  storage.RaftStorage (RaftStorageImpl.java:format(87)) - Storage directory /home/runner/work/ozone/ozone/mnt/ozone/hadoop-ozone/integration-test/target/test-dir/MiniOzoneClusterImpl-d99b0d03-7963-4ac2-881f-75d2f82b72ef/datanode-3/data/ratis/85b7a450-b81f-49c4-b464-0444540d2b3b has been successfully formatted.
2021-06-03 00:00:15,483 [pool-101-thread-1] INFO  ratis.ContainerStateMachine (ContainerStateMachine.java:loadSnapshot(224)) - group-0444540D2B3B: The snapshot info is null. Setting the last applied indexto:(t:0, i:~)
2021-06-03 00:00:15,484 [pool-101-thread-1] INFO  server.RaftServerConfigKeys (ConfUtils.java:logGet(44)) - raft.server.notification.no-leader.timeout = 300000ms (custom)
2021-06-03 00:00:15,484 [pool-101-thread-1] INFO  server.RaftServerConfigKeys (ConfUtils.java:logGet(44)) - raft.server.log.use.memory = false (default)
2021-06-03 00:00:15,484 [pool-101-thread-1] INFO  server.RaftServerConfigKeys (ConfUtils.java:logGet(44)) - raft.server.log.purge.gap = 1000000 (custom)
2021-06-03 00:00:15,484 [pool-101-thread-1] INFO  server.RaftServerConfigKeys (ConfUtils.java:logGet(44)) - raft.server.log.appender.buffer.byte-limit = 33554432 (custom)
2021-06-03 00:00:15,484 [pool-101-thread-1] INFO  metrics.RatisMetrics (RatisMetrics.java:lambda$create$0(36)) - Creating Metrics Registry : ratis.log_worker.7d2c3eba-00a8-4405-8104-350103fd4dff@group-0444540D2B3B
2021-06-03 00:00:15,484 [pool-101-thread-1] INFO  server.RaftServerConfigKeys (ConfUtils.java:logGet(44)) - raft.server.log.segment.size.max = 1048576 (custom)
2021-06-03 00:00:15,484 [pool-101-thread-1] INFO  server.RaftServerConfigKeys (ConfUtils.java:logGet(44)) - raft.server.log.segment.cache.num.max = 2 (custom)
2021-06-03 00:00:15,484 [pool-101-thread-1] INFO  server.RaftServerConfigKeys (ConfUtils.java:logGet(44)) - raft.server.log.segment.cache.size.max = 200MB (=209715200) (default)
2021-06-03 00:00:15,485 [pool-101-thread-1] INFO  segmented.SegmentedRaftLogWorker (SegmentedRaftLogWorker.java:<init>(182)) - new 7d2c3eba-00a8-4405-8104-350103fd4dff@group-0444540D2B3B-SegmentedRaftLogWorker for RaftStorageImpl:Storage Directory /home/runner/work/ozone/ozone/mnt/ozone/hadoop-ozone/integration-test/target/test-dir/MiniOzoneClusterImpl-d99b0d03-7963-4ac2-881f-75d2f82b72ef/datanode-3/data/ratis/85b7a450-b81f-49c4-b464-0444540d2b3b
2021-06-03 00:00:15,485 [pool-101-thread-1] INFO  server.RaftServerConfigKeys (ConfUtils.java:logGet(44)) - raft.server.log.queue.byte-limit = 2147483647 (custom)
2021-06-03 00:00:15,485 [pool-101-thread-1] INFO  server.RaftServerConfigKeys (ConfUtils.java:logGet(44)) - raft.server.log.queue.element-limit = 1024 (custom)
2021-06-03 00:00:15,484 [pool-83-thread-1] INFO  server.RaftServer$Division (RaftServerImpl.java:start(295)) - a9999bf8-cc81-46a6-8339-ca63194a4403@group-B082EBF68155: start as a follower, conf=-1: [a9999bf8-cc81-46a6-8339-ca63194a4403|rpc:10.1.0.28:44263|priority:1], old=null
2021-06-03 00:00:15,489 [pool-83-thread-1] INFO  server.RaftServer$Division (RaftServerImpl.java:setRole(284)) - a9999bf8-cc81-46a6-8339-ca63194a4403@group-B082EBF68155: changes role from      null to FOLLOWER at term 0 for startAsFollower
2021-06-03 00:00:15,489 [pool-83-thread-1] INFO  impl.RoleInfo (RoleInfo.java:updateAndGet(130)) - a9999bf8-cc81-46a6-8339-ca63194a4403: start a9999bf8-cc81-46a6-8339-ca63194a4403@group-B082EBF68155-FollowerState
2021-06-03 00:00:15,485 [EventQueue-PipelineReportForPipelineReportHandler] INFO  pipeline.PipelineManagerV2Impl (PipelineManagerV2Impl.java:openPipeline(270)) - Pipeline Pipeline[ Id: 85b7a450-b81f-49c4-b464-0444540d2b3b, Nodes: 7d2c3eba-00a8-4405-8104-350103fd4dff{ip: 10.1.0.28, host: fv-az54-886.gmada3d5h3zutaf4vio4yveaag.bx.internal.cloudapp.net, ports: [REPLICATION=44151, RATIS=45839, RATIS_ADMIN=45839, RATIS_SERVER=45839, STANDALONE=41835], networkLocation: /default-rack, certSerialId: null, persistedOpState: IN_SERVICE, persistedOpStateExpiryEpochSec: 0}, ReplicationConfig: RATIS/ONE, State:ALLOCATED, leaderId:7d2c3eba-00a8-4405-8104-350103fd4dff, CreationTimestamp2021-06-03T00:00:12.457Z] moved to OPEN state
2021-06-03 00:00:15,484 [EventQueue-PipelineReportForOneReplicaPipelineSafeModeRule] INFO  safemode.SCMSafeModeManager (SCMSafeModeManager.java:validateSafeModeExitRules(201)) - AtleastOneDatanodeReportedRule rule is successfully validated
2021-06-03 00:00:15,489 [EventQueue-OpenPipelineForHealthyPipelineSafeModeRule] INFO  safemode.SCMSafeModeManager (HealthyPipelineSafeModeRule.java:process(130)) - SCM in safe mode. Healthy pipelines reported count is 0, required healthy pipeline reported count is 1
2021-06-03 00:00:15,489 [pool-101-thread-1] INFO  server.RaftServerConfigKeys (ConfUtils.java:logGet(44)) - raft.server.log.segment.size.max = 1048576 (custom)
2021-06-03 00:00:15,498 [pool-101-thread-1] INFO  server.RaftServerConfigKeys (ConfUtils.java:logGet(44)) - raft.server.log.preallocated.size = 16384 (custom)
2021-06-03 00:00:15,498 [pool-101-thread-1] INFO  server.RaftServerConfigKeys (ConfUtils.java:logGet(44)) - raft.server.log.force.sync.num = 128 (default)
2021-06-03 00:00:15,498 [pool-101-thread-1] INFO  server.RaftServerConfigKeys (ConfUtils.java:logGet(44)) - raft.server.log.statemachine.data.sync = true (default)
2021-06-03 00:00:15,498 [pool-101-thread-1] INFO  server.RaftServerConfigKeys (ConfUtils.java:logGet(44)) - raft.server.log.statemachine.data.sync.timeout = 10s (default)
2021-06-03 00:00:15,498 [pool-101-thread-1] INFO  server.RaftServerConfigKeys (ConfUtils.java:logGet(44)) - raft.server.log.statemachine.data.sync.timeout.retry = -1 (default)
2021-06-03 00:00:15,499 [pool-101-thread-1] INFO  server.RaftServerConfigKeys (ConfUtils.java:logGet(44)) - raft.server.log.write.buffer.size = 1048576 (custom)
2021-06-03 00:00:15,502 [Command processor thread] INFO  metrics.RatisMetrics (RatisMetrics.java:lambda$create$0(36)) - Creating Metrics Registry : ratis.client_message_metrics.client-9B3BD2A456AB->a9999bf8-cc81-46a6-8339-ca63194a4403
2021-06-03 00:00:15,502 [EventQueue-PipelineReportForOneReplicaPipelineSafeModeRule] INFO  safemode.SCMSafeModeManager (SCMSafeModeManager.java:validateSafeModeExitRules(201)) - AtleastOneDatanodeReportedRule rule is successfully validated
2021-06-03 00:00:15,503 [pool-101-thread-1] INFO  server.RaftServerConfigKeys (ConfUtils.java:logGet(44)) - raft.server.log.statemachine.data.caching.enabled = true (custom)
2021-06-03 00:00:15,503 [pool-101-thread-1] INFO  segmented.SegmentedRaftLogWorker (SegmentedRaftLogWorker.java:lambda$new$0(133)) - 7d2c3eba-00a8-4405-8104-350103fd4dff@group-0444540D2B3B-SegmentedRaftLogWorker: flushIndex: setUnconditionally 0 -> -1
2021-06-03 00:00:15,504 [pool-101-thread-1] INFO  segmented.SegmentedRaftLogWorker (SegmentedRaftLogWorker.java:lambda$new$0(133)) - 7d2c3eba-00a8-4405-8104-350103fd4dff@group-0444540D2B3B-SegmentedRaftLogWorker: safeCacheEvictIndex: setUnconditionally 0 -> -1
2021-06-03 00:00:15,505 [pool-101-thread-1] INFO  server.RaftServerConfigKeys (ConfUtils.java:logGet(44)) - raft.server.snapshot.auto.trigger.enabled = true (custom)
2021-06-03 00:00:15,505 [pool-101-thread-1] INFO  server.RaftServerConfigKeys (ConfUtils.java:logGet(44)) - raft.server.snapshot.auto.trigger.threshold = 1 (custom)
2021-06-03 00:00:15,505 [pool-101-thread-1] INFO  server.RaftServerConfigKeys (ConfUtils.java:logGet(44)) - raft.server.snapshot.retention.file.num = 5 (custom)
2021-06-03 00:00:15,505 [pool-101-thread-1] INFO  server.RaftServerConfigKeys (ConfUtils.java:logGet(44)) - raft.server.log.purge.upto.snapshot.index = false (default)
2021-06-03 00:00:15,506 [pool-101-thread-1] INFO  server.RaftServerConfigKeys (ConfUtils.java:logGet(44)) - raft.server.retrycache.expirytime = 600000ms (custom)
2021-06-03 00:00:15,506 [pool-101-thread-1] INFO  server.RaftServerConfigKeys (ConfUtils.java:logGet(44)) - raft.server.retrycache.statistics.expirytime = 100μs (default)
2021-06-03 00:00:15,506 [pool-101-thread-1] INFO  metrics.RatisMetrics (RatisMetrics.java:lambda$create$0(36)) - Creating Metrics Registry : ratis.leader_election.7d2c3eba-00a8-4405-8104-350103fd4dff@group-0444540D2B3B
2021-06-03 00:00:15,506 [pool-101-thread-1] INFO  metrics.RatisMetrics (RatisMetrics.java:lambda$create$0(36)) - Creating Metrics Registry : ratis.server.7d2c3eba-00a8-4405-8104-350103fd4dff@group-0444540D2B3B
2021-06-03 00:00:15,507 [pool-101-thread-1] INFO  server.RaftServer$Division (RaftServerImpl.java:start(295)) - 7d2c3eba-00a8-4405-8104-350103fd4dff@group-0444540D2B3B: start as a follower, conf=-1: [7d2c3eba-00a8-4405-8104-350103fd4dff|rpc:10.1.0.28:45839|priority:1], old=null
2021-06-03 00:00:15,507 [pool-101-thread-1] INFO  server.RaftServer$Division (RaftServerImpl.java:setRole(284)) - 7d2c3eba-00a8-4405-8104-350103fd4dff@group-0444540D2B3B: changes role from      null to FOLLOWER at term 0 for startAsFollower
2021-06-03 00:00:15,507 [pool-101-thread-1] INFO  impl.RoleInfo (RoleInfo.java:updateAndGet(130)) - 7d2c3eba-00a8-4405-8104-350103fd4dff: start 7d2c3eba-00a8-4405-8104-350103fd4dff@group-0444540D2B3B-FollowerState
2021-06-03 00:00:15,509 [pool-101-thread-1] INFO  util.JmxRegister (JmxRegister.java:tryRegister(44)) - Successfully registered JMX Bean with object name Ratis:service=RaftServer,group=group-0444540D2B3B,id=7d2c3eba-00a8-4405-8104-350103fd4dff
2021-06-03 00:00:15,509 [pool-101-thread-1] INFO  metrics.RatisMetrics (RatisMetrics.java:lambda$create$0(36)) - Creating Metrics Registry : ratis.state_machine.7d2c3eba-00a8-4405-8104-350103fd4dff@group-0444540D2B3B
2021-06-03 00:00:15,513 [pool-83-thread-1] INFO  util.JmxRegister (JmxRegister.java:tryRegister(44)) - Successfully registered JMX Bean with object name Ratis:service=RaftServer,group=group-B082EBF68155,id=a9999bf8-cc81-46a6-8339-ca63194a4403
2021-06-03 00:00:15,515 [pool-83-thread-1] INFO  metrics.RatisMetrics (RatisMetrics.java:lambda$create$0(36)) - Creating Metrics Registry : ratis.state_machine.a9999bf8-cc81-46a6-8339-ca63194a4403@group-B082EBF68155
2021-06-03 00:00:15,516 [Command processor thread] INFO  ratis.XceiverServerRatis (XceiverServerRatis.java:addGroup(808)) - Created group PipelineID=85b7a450-b81f-49c4-b464-0444540d2b3b
2021-06-03 00:00:15,516 [Command processor thread] INFO  commandhandler.CreatePipelineCommandHandler (CreatePipelineCommandHandler.java:handle(106)) - Created Pipeline RATIS ONE PipelineID=85b7a450-b81f-49c4-b464-0444540d2b3b.
2021-06-03 00:00:15,519 [Command processor thread] INFO  server.RaftServer (RaftServerProxy.java:addNew(95)) - 7d2c3eba-00a8-4405-8104-350103fd4dff: addNew group-F5FB650D46EE:[15d89ff8-8978-426f-aa57-cfd2a1dc180a|rpc:10.1.0.28:41799|priority:1, f4f16679-ee25-4299-b5ef-20744ad00da9|rpc:10.1.0.28:36455|priority:0, 7d2c3eba-00a8-4405-8104-350103fd4dff|rpc:10.1.0.28:45839|priority:0] returns group-F5FB650D46EE:java.util.concurrent.CompletableFuture@6e497584[Not completed]
2021-06-03 00:00:15,519 [pool-101-thread-1] INFO  server.RaftServer$Division (RaftServerImpl.java:<init>(180)) - 7d2c3eba-00a8-4405-8104-350103fd4dff: new RaftServerImpl for group-F5FB650D46EE:[15d89ff8-8978-426f-aa57-cfd2a1dc180a|rpc:10.1.0.28:41799|priority:1, f4f16679-ee25-4299-b5ef-20744ad00da9|rpc:10.1.0.28:36455|priority:0, 7d2c3eba-00a8-4405-8104-350103fd4dff|rpc:10.1.0.28:45839|priority:0] with ContainerStateMachine:uninitialized
2021-06-03 00:00:15,519 [pool-101-thread-1] INFO  server.RaftServerConfigKeys (ConfUtils.java:logGet(44)) - raft.server.rpc.timeout.min = 5s (custom)
2021-06-03 00:00:15,519 [pool-101-thread-1] INFO  server.RaftServerConfigKeys (ConfUtils.java:logGet(44)) - raft.server.rpc.timeout.max = 5200ms (custom)
2021-06-03 00:00:15,519 [pool-101-thread-1] INFO  server.RaftServerConfigKeys (ConfUtils.java:logGet(44)) - raft.server.rpc.sleep.time = 25ms (default)
2021-06-03 00:00:15,519 [pool-101-thread-1] INFO  server.RaftServerConfigKeys (ConfUtils.java:logGet(44)) - raft.server.rpc.slowness.timeout = 300000ms (custom)
2021-06-03 00:00:15,520 [pool-101-thread-1] INFO  server.RaftServerConfigKeys (ConfUtils.java:logGet(44)) - raft.server.leaderelection.leader.step-down.wait-time = 10s (default)
2021-06-03 00:00:15,520 [pool-101-thread-1] INFO  server.RaftServerConfigKeys (ConfUtils.java:logGet(44)) - raft.server.sleep.deviation.threshold = 300ms (default)
2021-06-03 00:00:15,520 [pool-101-thread-1] INFO  server.RaftServerConfigKeys (ConfUtils.java:logGet(44)) - raft.server.log.appender.install.snapshot.enabled = false (custom)
2021-06-03 00:00:15,520 [pool-101-thread-1] INFO  server.RaftServer$Division (ServerState.java:<init>(105)) - 7d2c3eba-00a8-4405-8104-350103fd4dff@group-F5FB650D46EE: ConfigurationManager, init=-1: [15d89ff8-8978-426f-aa57-cfd2a1dc180a|rpc:10.1.0.28:41799|priority:1, f4f16679-ee25-4299-b5ef-20744ad00da9|rpc:10.1.0.28:36455|priority:0, 7d2c3eba-00a8-4405-8104-350103fd4dff|rpc:10.1.0.28:45839|priority:0], old=null, confs=<EMPTY_MAP>
2021-06-03 00:00:15,520 [pool-101-thread-1] INFO  server.RaftServerConfigKeys (ConfUtils.java:logGet(44)) - raft.server.storage.dir = [/home/runner/work/ozone/ozone/mnt/ozone/hadoop-ozone/integration-test/target/test-dir/MiniOzoneClusterImpl-d99b0d03-7963-4ac2-881f-75d2f82b72ef/datanode-3/data/ratis] (custom)
2021-06-03 00:00:15,520 [pool-101-thread-1] INFO  server.RaftServerConfigKeys (ConfUtils.java:logGet(44)) - raft.server.log.corruption.policy = EXCEPTION (default)
2021-06-03 00:00:15,520 [pool-101-thread-1] INFO  storage.RaftStorageDirectory (RaftStorageDirectoryImpl.java:analyzeStorage(132)) - The storage directory /home/runner/work/ozone/ozone/mnt/ozone/hadoop-ozone/integration-test/target/test-dir/MiniOzoneClusterImpl-d99b0d03-7963-4ac2-881f-75d2f82b72ef/datanode-3/data/ratis/cc478adb-7bde-4f2f-82a4-f5fb650d46ee does not exist. Creating ...
2021-06-03 00:00:15,524 [pool-101-thread-1] INFO  storage.RaftStorageDirectory (RaftStorageDirectoryImpl.java:tryLock(215)) - Lock on /home/runner/work/ozone/ozone/mnt/ozone/hadoop-ozone/integration-test/target/test-dir/MiniOzoneClusterImpl-d99b0d03-7963-4ac2-881f-75d2f82b72ef/datanode-3/data/ratis/cc478adb-7bde-4f2f-82a4-f5fb650d46ee/in_use.lock acquired by nodename 19265@fv-az54-886
2021-06-03 00:00:15,527 [EventQueue-PipelineReportForOneReplicaPipelineSafeModeRule] INFO  safemode.SCMSafeModeManager (SCMSafeModeManager.java:validateSafeModeExitRules(201)) - AtleastOneDatanodeReportedRule rule is successfully validated
2021-06-03 00:00:15,528 [EventQueue-OpenPipelineForHealthyPipelineSafeModeRule] INFO  safemode.SCMSafeModeManager (HealthyPipelineSafeModeRule.java:process(130)) - SCM in safe mode. Healthy pipelines reported count is 0, required healthy pipeline reported count is 1
2021-06-03 00:00:15,528 [pool-101-thread-1] INFO  storage.RaftStorage (RaftStorageImpl.java:format(87)) - Storage directory /home/runner/work/ozone/ozone/mnt/ozone/hadoop-ozone/integration-test/target/test-dir/MiniOzoneClusterImpl-d99b0d03-7963-4ac2-881f-75d2f82b72ef/datanode-3/data/ratis/cc478adb-7bde-4f2f-82a4-f5fb650d46ee has been successfully formatted.
2021-06-03 00:00:15,528 [pool-83-thread-1] INFO  server.RaftServer$Division (RaftServerImpl.java:start(295)) - a9999bf8-cc81-46a6-8339-ca63194a4403@group-765E0191F053: start as a follower, conf=-1: [696e796d-aedf-4aed-93c4-430e12ffa8fc|rpc:10.1.0.28:37569|dataStream:|priority:0, a9999bf8-cc81-46a6-8339-ca63194a4403|rpc:10.1.0.28:44263|dataStream:|priority:1, c00dd357-5364-4c4f-a775-3282c2d03178|rpc:10.1.0.28:41287|dataStream:|priority:0], old=null
2021-06-03 00:00:15,528 [pool-83-thread-1] INFO  server.RaftServer$Division (RaftServerImpl.java:setRole(284)) - a9999bf8-cc81-46a6-8339-ca63194a4403@group-765E0191F053: changes role from      null to FOLLOWER at term 0 for startAsFollower
2021-06-03 00:00:15,528 [pool-83-thread-1] INFO  impl.RoleInfo (RoleInfo.java:updateAndGet(130)) - a9999bf8-cc81-46a6-8339-ca63194a4403: start a9999bf8-cc81-46a6-8339-ca63194a4403@group-765E0191F053-FollowerState
2021-06-03 00:00:15,528 [Command processor thread] INFO  ratis.XceiverServerRatis (XceiverServerRatis.java:addGroup(808)) - Created group PipelineID=fcf43b2d-7e6c-4e48-8c51-b082ebf68155
2021-06-03 00:00:15,528 [Command processor thread] INFO  commandhandler.CreatePipelineCommandHandler (CreatePipelineCommandHandler.java:handle(106)) - Created Pipeline RATIS ONE PipelineID=fcf43b2d-7e6c-4e48-8c51-b082ebf68155.
2021-06-03 00:00:15,529 [Command processor thread] INFO  server.RaftServer (RaftServerProxy.java:addNew(95)) - a9999bf8-cc81-46a6-8339-ca63194a4403: addNew group-E153A90E5FFE:[696e796d-aedf-4aed-93c4-430e12ffa8fc|rpc:10.1.0.28:37569|priority:1, a9999bf8-cc81-46a6-8339-ca63194a4403|rpc:10.1.0.28:44263|priority:0, c00dd357-5364-4c4f-a775-3282c2d03178|rpc:10.1.0.28:41287|priority:0] returns group-E153A90E5FFE:java.util.concurrent.CompletableFuture@5fdd2f83[Not completed]
2021-06-03 00:00:15,533 [pool-83-thread-1] INFO  util.JmxRegister (JmxRegister.java:tryRegister(44)) - Successfully registered JMX Bean with object name Ratis:service=RaftServer,group=group-765E0191F053,id=a9999bf8-cc81-46a6-8339-ca63194a4403
2021-06-03 00:00:15,533 [pool-83-thread-1] INFO  metrics.RatisMetrics (RatisMetrics.java:lambda$create$0(36)) - Creating Metrics Registry : ratis.state_machine.a9999bf8-cc81-46a6-8339-ca63194a4403@group-765E0191F053
2021-06-03 00:00:15,539 [pool-83-thread-1] INFO  server.RaftServer$Division (RaftServerImpl.java:<init>(180)) - a9999bf8-cc81-46a6-8339-ca63194a4403: new RaftServerImpl for group-E153A90E5FFE:[696e796d-aedf-4aed-93c4-430e12ffa8fc|rpc:10.1.0.28:37569|priority:1, a9999bf8-cc81-46a6-8339-ca63194a4403|rpc:10.1.0.28:44263|priority:0, c00dd357-5364-4c4f-a775-3282c2d03178|rpc:10.1.0.28:41287|priority:0] with ContainerStateMachine:uninitialized
2021-06-03 00:00:15,539 [pool-83-thread-1] INFO  server.RaftServerConfigKeys (ConfUtils.java:logGet(44)) - raft.server.rpc.timeout.min = 5s (custom)
2021-06-03 00:00:15,539 [pool-83-thread-1] INFO  server.RaftServerConfigKeys (ConfUtils.java:logGet(44)) - raft.server.rpc.timeout.max = 5200ms (custom)
2021-06-03 00:00:15,539 [pool-83-thread-1] INFO  server.RaftServerConfigKeys (ConfUtils.java:logGet(44)) - raft.server.rpc.sleep.time = 25ms (default)
2021-06-03 00:00:15,539 [pool-83-thread-1] INFO  server.RaftServerConfigKeys (ConfUtils.java:logGet(44)) - raft.server.rpc.slowness.timeout = 300000ms (custom)
2021-06-03 00:00:15,539 [pool-83-thread-1] INFO  server.RaftServerConfigKeys (ConfUtils.java:logGet(44)) - raft.server.leaderelection.leader.step-down.wait-time = 10s (default)
2021-06-03 00:00:15,539 [pool-83-thread-1] INFO  server.RaftServerConfigKeys (ConfUtils.java:logGet(44)) - raft.server.sleep.deviation.threshold = 300ms (default)
2021-06-03 00:00:15,539 [pool-83-thread-1] INFO  server.RaftServerConfigKeys (ConfUtils.java:logGet(44)) - raft.server.log.appender.install.snapshot.enabled = false (custom)
2021-06-03 00:00:15,539 [pool-83-thread-1] INFO  server.RaftServer$Division (ServerState.java:<init>(105)) - a9999bf8-cc81-46a6-8339-ca63194a4403@group-E153A90E5FFE: ConfigurationManager, init=-1: [696e796d-aedf-4aed-93c4-430e12ffa8fc|rpc:10.1.0.28:37569|priority:1, a9999bf8-cc81-46a6-8339-ca63194a4403|rpc:10.1.0.28:44263|priority:0, c00dd357-5364-4c4f-a775-3282c2d03178|rpc:10.1.0.28:41287|priority:0], old=null, confs=<EMPTY_MAP>
2021-06-03 00:00:15,539 [pool-83-thread-1] INFO  server.RaftServerConfigKeys (ConfUtils.java:logGet(44)) - raft.server.storage.dir = [/home/runner/work/ozone/ozone/mnt/ozone/hadoop-ozone/integration-test/target/test-dir/MiniOzoneClusterImpl-d99b0d03-7963-4ac2-881f-75d2f82b72ef/datanode-2/data/ratis] (custom)
2021-06-03 00:00:15,539 [pool-83-thread-1] INFO  server.RaftServerConfigKeys (ConfUtils.java:logGet(44)) - raft.server.log.corruption.policy = EXCEPTION (default)
2021-06-03 00:00:15,539 [pool-83-thread-1] INFO  storage.RaftStorageDirectory (RaftStorageDirectoryImpl.java:analyzeStorage(132)) - The storage directory /home/runner/work/ozone/ozone/mnt/ozone/hadoop-ozone/integration-test/target/test-dir/MiniOzoneClusterImpl-d99b0d03-7963-4ac2-881f-75d2f82b72ef/datanode-2/data/ratis/341c2ee9-3773-4a3b-99d5-e153a90e5ffe does not exist. Creating ...
2021-06-03 00:00:15,540 [pool-101-thread-1] INFO  ratis.ContainerStateMachine (ContainerStateMachine.java:loadSnapshot(224)) - group-F5FB650D46EE: The snapshot info is null. Setting the last applied indexto:(t:0, i:~)
2021-06-03 00:00:15,540 [pool-101-thread-1] INFO  server.RaftServerConfigKeys (ConfUtils.java:logGet(44)) - raft.server.notification.no-leader.timeout = 300000ms (custom)
2021-06-03 00:00:15,540 [pool-101-thread-1] INFO  server.RaftServerConfigKeys (ConfUtils.java:logGet(44)) - raft.server.log.use.memory = false (default)
2021-06-03 00:00:15,540 [pool-101-thread-1] INFO  server.RaftServerConfigKeys (ConfUtils.java:logGet(44)) - raft.server.log.purge.gap = 1000000 (custom)
2021-06-03 00:00:15,540 [pool-101-thread-1] INFO  server.RaftServerConfigKeys (ConfUtils.java:logGet(44)) - raft.server.log.appender.buffer.byte-limit = 33554432 (custom)
2021-06-03 00:00:15,540 [pool-101-thread-1] INFO  metrics.RatisMetrics (RatisMetrics.java:lambda$create$0(36)) - Creating Metrics Registry : ratis.log_worker.7d2c3eba-00a8-4405-8104-350103fd4dff@group-F5FB650D46EE
2021-06-03 00:00:15,540 [pool-101-thread-1] INFO  server.RaftServerConfigKeys (ConfUtils.java:logGet(44)) - raft.server.log.segment.size.max = 1048576 (custom)
2021-06-03 00:00:15,541 [pool-101-thread-1] INFO  server.RaftServerConfigKeys (ConfUtils.java:logGet(44)) - raft.server.log.segment.cache.num.max = 2 (custom)
2021-06-03 00:00:15,541 [pool-101-thread-1] INFO  server.RaftServerConfigKeys (ConfUtils.java:logGet(44)) - raft.server.log.segment.cache.size.max = 200MB (=209715200) (default)
2021-06-03 00:00:15,541 [pool-101-thread-1] INFO  segmented.SegmentedRaftLogWorker (SegmentedRaftLogWorker.java:<init>(182)) - new 7d2c3eba-00a8-4405-8104-350103fd4dff@group-F5FB650D46EE-SegmentedRaftLogWorker for RaftStorageImpl:Storage Directory /home/runner/work/ozone/ozone/mnt/ozone/hadoop-ozone/integration-test/target/test-dir/MiniOzoneClusterImpl-d99b0d03-7963-4ac2-881f-75d2f82b72ef/datanode-3/data/ratis/cc478adb-7bde-4f2f-82a4-f5fb650d46ee
2021-06-03 00:00:15,541 [pool-101-thread-1] INFO  server.RaftServerConfigKeys (ConfUtils.java:logGet(44)) - raft.server.log.queue.byte-limit = 2147483647 (custom)
2021-06-03 00:00:15,541 [pool-101-thread-1] INFO  server.RaftServerConfigKeys (ConfUtils.java:logGet(44)) - raft.server.log.queue.element-limit = 1024 (custom)
2021-06-03 00:00:15,541 [pool-101-thread-1] INFO  server.RaftServerConfigKeys (ConfUtils.java:logGet(44)) - raft.server.log.segment.size.max = 1048576 (custom)
2021-06-03 00:00:15,541 [pool-101-thread-1] INFO  server.RaftServerConfigKeys (ConfUtils.java:logGet(44)) - raft.server.log.preallocated.size = 16384 (custom)
2021-06-03 00:00:15,541 [pool-101-thread-1] INFO  server.RaftServerConfigKeys (ConfUtils.java:logGet(44)) - raft.server.log.force.sync.num = 128 (default)
2021-06-03 00:00:15,541 [pool-101-thread-1] INFO  server.RaftServerConfigKeys (ConfUtils.java:logGet(44)) - raft.server.log.statemachine.data.sync = true (default)
2021-06-03 00:00:15,541 [pool-101-thread-1] INFO  server.RaftServerConfigKeys (ConfUtils.java:logGet(44)) - raft.server.log.statemachine.data.sync.timeout = 10s (default)
2021-06-03 00:00:15,541 [pool-101-thread-1] INFO  server.RaftServerConfigKeys (ConfUtils.java:logGet(44)) - raft.server.log.statemachine.data.sync.timeout.retry = -1 (default)
2021-06-03 00:00:15,542 [pool-101-thread-1] INFO  server.RaftServerConfigKeys (ConfUtils.java:logGet(44)) - raft.server.log.write.buffer.size = 1048576 (custom)
2021-06-03 00:00:15,542 [pool-101-thread-1] INFO  server.RaftServerConfigKeys (ConfUtils.java:logGet(44)) - raft.server.log.statemachine.data.caching.enabled = true (custom)
2021-06-03 00:00:15,543 [pool-101-thread-1] INFO  segmented.SegmentedRaftLogWorker (SegmentedRaftLogWorker.java:lambda$new$0(133)) - 7d2c3eba-00a8-4405-8104-350103fd4dff@group-F5FB650D46EE-SegmentedRaftLogWorker: flushIndex: setUnconditionally 0 -> -1
2021-06-03 00:00:15,543 [pool-101-thread-1] INFO  segmented.SegmentedRaftLogWorker (SegmentedRaftLogWorker.java:lambda$new$0(133)) - 7d2c3eba-00a8-4405-8104-350103fd4dff@group-F5FB650D46EE-SegmentedRaftLogWorker: safeCacheEvictIndex: setUnconditionally 0 -> -1
2021-06-03 00:00:15,543 [EventQueue-PipelineReportForOneReplicaPipelineSafeModeRule] INFO  safemode.SCMSafeModeManager (SCMSafeModeManager.java:validateSafeModeExitRules(201)) - AtleastOneDatanodeReportedRule rule is successfully validated
2021-06-03 00:00:15,543 [EventQueue-OpenPipelineForHealthyPipelineSafeModeRule] INFO  safemode.SCMSafeModeManager (HealthyPipelineSafeModeRule.java:process(130)) - SCM in safe mode. Healthy pipelines reported count is 0, required healthy pipeline reported count is 1
2021-06-03 00:00:15,543 [pool-83-thread-1] INFO  storage.RaftStorageDirectory (RaftStorageDirectoryImpl.java:tryLock(215)) - Lock on /home/runner/work/ozone/ozone/mnt/ozone/hadoop-ozone/integration-test/target/test-dir/MiniOzoneClusterImpl-d99b0d03-7963-4ac2-881f-75d2f82b72ef/datanode-2/data/ratis/341c2ee9-3773-4a3b-99d5-e153a90e5ffe/in_use.lock acquired by nodename 19265@fv-az54-886
2021-06-03 00:00:15,545 [pool-83-thread-1] INFO  storage.RaftStorage (RaftStorageImpl.java:format(87)) - Storage directory /home/runner/work/ozone/ozone/mnt/ozone/hadoop-ozone/integration-test/target/test-dir/MiniOzoneClusterImpl-d99b0d03-7963-4ac2-881f-75d2f82b72ef/datanode-2/data/ratis/341c2ee9-3773-4a3b-99d5-e153a90e5ffe has been successfully formatted.
2021-06-03 00:00:15,545 [pool-101-thread-1] INFO  server.RaftServerConfigKeys (ConfUtils.java:logGet(44)) - raft.server.snapshot.auto.trigger.enabled = true (custom)
2021-06-03 00:00:15,545 [pool-101-thread-1] INFO  server.RaftServerConfigKeys (ConfUtils.java:logGet(44)) - raft.server.snapshot.auto.trigger.threshold = 1 (custom)
2021-06-03 00:00:15,545 [pool-101-thread-1] INFO  server.RaftServerConfigKeys (ConfUtils.java:logGet(44)) - raft.server.snapshot.retention.file.num = 5 (custom)
2021-06-03 00:00:15,545 [pool-101-thread-1] INFO  server.RaftServerConfigKeys (ConfUtils.java:logGet(44)) - raft.server.log.purge.upto.snapshot.index = false (default)
2021-06-03 00:00:15,546 [pool-101-thread-1] INFO  server.RaftServerConfigKeys (ConfUtils.java:logGet(44)) - raft.server.retrycache.expirytime = 600000ms (custom)
2021-06-03 00:00:15,546 [pool-101-thread-1] INFO  server.RaftServerConfigKeys (ConfUtils.java:logGet(44)) - raft.server.retrycache.statistics.expirytime = 100μs (default)
2021-06-03 00:00:15,546 [pool-101-thread-1] INFO  metrics.RatisMetrics (RatisMetrics.java:lambda$create$0(36)) - Creating Metrics Registry : ratis.leader_election.7d2c3eba-00a8-4405-8104-350103fd4dff@group-F5FB650D46EE
2021-06-03 00:00:15,546 [pool-101-thread-1] INFO  metrics.RatisMetrics (RatisMetrics.java:lambda$create$0(36)) - Creating Metrics Registry : ratis.server.7d2c3eba-00a8-4405-8104-350103fd4dff@group-F5FB650D46EE
2021-06-03 00:00:15,547 [pool-101-thread-1] INFO  server.RaftServer$Division (RaftServerImpl.java:start(295)) - 7d2c3eba-00a8-4405-8104-350103fd4dff@group-F5FB650D46EE: start as a follower, conf=-1: [15d89ff8-8978-426f-aa57-cfd2a1dc180a|rpc:10.1.0.28:41799|priority:1, f4f16679-ee25-4299-b5ef-20744ad00da9|rpc:10.1.0.28:36455|priority:0, 7d2c3eba-00a8-4405-8104-350103fd4dff|rpc:10.1.0.28:45839|priority:0], old=null
2021-06-03 00:00:15,547 [pool-101-thread-1] INFO  server.RaftServer$Division (RaftServerImpl.java:setRole(284)) - 7d2c3eba-00a8-4405-8104-350103fd4dff@group-F5FB650D46EE: changes role from      null to FOLLOWER at term 0 for startAsFollower
2021-06-03 00:00:15,547 [pool-101-thread-1] INFO  impl.RoleInfo (RoleInfo.java:updateAndGet(130)) - 7d2c3eba-00a8-4405-8104-350103fd4dff: start 7d2c3eba-00a8-4405-8104-350103fd4dff@group-F5FB650D46EE-FollowerState
2021-06-03 00:00:15,547 [EventQueue-PipelineReportForOneReplicaPipelineSafeModeRule] INFO  safemode.SCMSafeModeManager (SCMSafeModeManager.java:validateSafeModeExitRules(201)) - AtleastOneDatanodeReportedRule rule is successfully validated
2021-06-03 00:00:15,557 [pool-101-thread-1] INFO  util.JmxRegister (JmxRegister.java:tryRegister(44)) - Successfully registered JMX Bean with object name Ratis:service=RaftServer,group=group-F5FB650D46EE,id=7d2c3eba-00a8-4405-8104-350103fd4dff
2021-06-03 00:00:15,557 [pool-101-thread-1] INFO  metrics.RatisMetrics (RatisMetrics.java:lambda$create$0(36)) - Creating Metrics Registry : ratis.state_machine.7d2c3eba-00a8-4405-8104-350103fd4dff@group-F5FB650D46EE
2021-06-03 00:00:15,558 [EventQueue-PipelineReportForOneReplicaPipelineSafeModeRule] INFO  safemode.SCMSafeModeManager (SCMSafeModeManager.java:validateSafeModeExitRules(201)) - AtleastOneDatanodeReportedRule rule is successfully validated
2021-06-03 00:00:15,558 [EventQueue-OpenPipelineForHealthyPipelineSafeModeRule] INFO  safemode.SCMSafeModeManager (HealthyPipelineSafeModeRule.java:process(130)) - SCM in safe mode. Healthy pipelines reported count is 0, required healthy pipeline reported count is 1
2021-06-03 00:00:15,567 [Command processor thread] INFO  ratis.XceiverServerRatis (XceiverServerRatis.java:addGroup(808)) - Created group PipelineID=cc478adb-7bde-4f2f-82a4-f5fb650d46ee
2021-06-03 00:00:15,568 [pool-83-thread-1] INFO  ratis.ContainerStateMachine (ContainerStateMachine.java:loadSnapshot(224)) - group-E153A90E5FFE: The snapshot info is null. Setting the last applied indexto:(t:0, i:~)
2021-06-03 00:00:15,568 [pool-83-thread-1] INFO  server.RaftServerConfigKeys (ConfUtils.java:logGet(44)) - raft.server.notification.no-leader.timeout = 300000ms (custom)
2021-06-03 00:00:15,569 [pool-83-thread-1] INFO  server.RaftServerConfigKeys (ConfUtils.java:logGet(44)) - raft.server.log.use.memory = false (default)
2021-06-03 00:00:15,569 [pool-83-thread-1] INFO  server.RaftServerConfigKeys (ConfUtils.java:logGet(44)) - raft.server.log.purge.gap = 1000000 (custom)
2021-06-03 00:00:15,569 [pool-83-thread-1] INFO  server.RaftServerConfigKeys (ConfUtils.java:logGet(44)) - raft.server.log.appender.buffer.byte-limit = 33554432 (custom)
2021-06-03 00:00:15,569 [pool-83-thread-1] INFO  metrics.RatisMetrics (RatisMetrics.java:lambda$create$0(36)) - Creating Metrics Registry : ratis.log_worker.a9999bf8-cc81-46a6-8339-ca63194a4403@group-E153A90E5FFE
2021-06-03 00:00:15,569 [pool-83-thread-1] INFO  server.RaftServerConfigKeys (ConfUtils.java:logGet(44)) - raft.server.log.segment.size.max = 1048576 (custom)
2021-06-03 00:00:15,569 [pool-83-thread-1] INFO  server.RaftServerConfigKeys (ConfUtils.java:logGet(44)) - raft.server.log.segment.cache.num.max = 2 (custom)
2021-06-03 00:00:15,569 [pool-83-thread-1] INFO  server.RaftServerConfigKeys (ConfUtils.java:logGet(44)) - raft.server.log.segment.cache.size.max = 200MB (=209715200) (default)
2021-06-03 00:00:15,569 [pool-83-thread-1] INFO  segmented.SegmentedRaftLogWorker (SegmentedRaftLogWorker.java:<init>(182)) - new a9999bf8-cc81-46a6-8339-ca63194a4403@group-E153A90E5FFE-SegmentedRaftLogWorker for RaftStorageImpl:Storage Directory /home/runner/work/ozone/ozone/mnt/ozone/hadoop-ozone/integration-test/target/test-dir/MiniOzoneClusterImpl-d99b0d03-7963-4ac2-881f-75d2f82b72ef/datanode-2/data/ratis/341c2ee9-3773-4a3b-99d5-e153a90e5ffe
2021-06-03 00:00:15,569 [pool-83-thread-1] INFO  server.RaftServerConfigKeys (ConfUtils.java:logGet(44)) - raft.server.log.queue.byte-limit = 2147483647 (custom)
2021-06-03 00:00:15,570 [pool-83-thread-1] INFO  server.RaftServerConfigKeys (ConfUtils.java:logGet(44)) - raft.server.log.queue.element-limit = 1024 (custom)
2021-06-03 00:00:15,570 [pool-83-thread-1] INFO  server.RaftServerConfigKeys (ConfUtils.java:logGet(44)) - raft.server.log.segment.size.max = 1048576 (custom)
2021-06-03 00:00:15,570 [pool-83-thread-1] INFO  server.RaftServerConfigKeys (ConfUtils.java:logGet(44)) - raft.server.log.preallocated.size = 16384 (custom)
2021-06-03 00:00:15,570 [pool-83-thread-1] INFO  server.RaftServerConfigKeys (ConfUtils.java:logGet(44)) - raft.server.log.force.sync.num = 128 (default)
2021-06-03 00:00:15,570 [pool-83-thread-1] INFO  server.RaftServerConfigKeys (ConfUtils.java:logGet(44)) - raft.server.log.statemachine.data.sync = true (default)
2021-06-03 00:00:15,570 [pool-83-thread-1] INFO  server.RaftServerConfigKeys (ConfUtils.java:logGet(44)) - raft.server.log.statemachine.data.sync.timeout = 10s (default)
2021-06-03 00:00:15,570 [pool-83-thread-1] INFO  server.RaftServerConfigKeys (ConfUtils.java:logGet(44)) - raft.server.log.statemachine.data.sync.timeout.retry = -1 (default)
2021-06-03 00:00:15,571 [pool-83-thread-1] INFO  server.RaftServerConfigKeys (ConfUtils.java:logGet(44)) - raft.server.log.write.buffer.size = 1048576 (custom)
2021-06-03 00:00:15,571 [Command processor thread] INFO  metrics.RatisMetrics (RatisMetrics.java:lambda$create$0(36)) - Creating Metrics Registry : ratis.client_message_metrics.client-B9EB8C20983E->15d89ff8-8978-426f-aa57-cfd2a1dc180a
2021-06-03 00:00:15,571 [pool-83-thread-1] INFO  server.RaftServerConfigKeys (ConfUtils.java:logGet(44)) - raft.server.log.statemachine.data.caching.enabled = true (custom)
2021-06-03 00:00:15,571 [pool-83-thread-1] INFO  segmented.SegmentedRaftLogWorker (SegmentedRaftLogWorker.java:lambda$new$0(133)) - a9999bf8-cc81-46a6-8339-ca63194a4403@group-E153A90E5FFE-SegmentedRaftLogWorker: flushIndex: setUnconditionally 0 -> -1
2021-06-03 00:00:15,571 [pool-83-thread-1] INFO  segmented.SegmentedRaftLogWorker (SegmentedRaftLogWorker.java:lambda$new$0(133)) - a9999bf8-cc81-46a6-8339-ca63194a4403@group-E153A90E5FFE-SegmentedRaftLogWorker: safeCacheEvictIndex: setUnconditionally 0 -> -1
2021-06-03 00:00:15,571 [EventQueue-PipelineReportForOneReplicaPipelineSafeModeRule] INFO  safemode.SCMSafeModeManager (SCMSafeModeManager.java:validateSafeModeExitRules(201)) - AtleastOneDatanodeReportedRule rule is successfully validated
2021-06-03 00:00:15,572 [EventQueue-PipelineReportForOneReplicaPipelineSafeModeRule] INFO  safemode.SCMSafeModeManager (SCMSafeModeManager.java:validateSafeModeExitRules(201)) - AtleastOneDatanodeReportedRule rule is successfully validated
2021-06-03 00:00:15,573 [EventQueue-OpenPipelineForHealthyPipelineSafeModeRule] INFO  safemode.SCMSafeModeManager (HealthyPipelineSafeModeRule.java:process(130)) - SCM in safe mode. Healthy pipelines reported count is 0, required healthy pipeline reported count is 1
2021-06-03 00:00:15,575 [EventQueue-PipelineReportForOneReplicaPipelineSafeModeRule] INFO  safemode.SCMSafeModeManager (SCMSafeModeManager.java:validateSafeModeExitRules(201)) - AtleastOneDatanodeReportedRule rule is successfully validated
2021-06-03 00:00:15,577 [pool-83-thread-1] INFO  server.RaftServerConfigKeys (ConfUtils.java:logGet(44)) - raft.server.snapshot.auto.trigger.enabled = true (custom)
2021-06-03 00:00:15,577 [pool-83-thread-1] INFO  server.RaftServerConfigKeys (ConfUtils.java:logGet(44)) - raft.server.snapshot.auto.trigger.threshold = 1 (custom)
2021-06-03 00:00:15,577 [pool-83-thread-1] INFO  server.RaftServerConfigKeys (ConfUtils.java:logGet(44)) - raft.server.snapshot.retention.file.num = 5 (custom)
2021-06-03 00:00:15,577 [pool-83-thread-1] INFO  server.RaftServerConfigKeys (ConfUtils.java:logGet(44)) - raft.server.log.purge.upto.snapshot.index = false (default)
2021-06-03 00:00:15,577 [Command processor thread] INFO  server.RaftServer (RaftServerProxy.java:addNew(95)) - f4f16679-ee25-4299-b5ef-20744ad00da9: addNew group-E29861541324:[f4f16679-ee25-4299-b5ef-20744ad00da9|rpc:10.1.0.28:36455|priority:1] returns group-E29861541324:java.util.concurrent.CompletableFuture@3fd65188[Not completed]
2021-06-03 00:00:15,577 [pool-83-thread-1] INFO  server.RaftServerConfigKeys (ConfUtils.java:logGet(44)) - raft.server.retrycache.expirytime = 600000ms (custom)
2021-06-03 00:00:15,577 [pool-83-thread-1] INFO  server.RaftServerConfigKeys (ConfUtils.java:logGet(44)) - raft.server.retrycache.statistics.expirytime = 100μs (default)
2021-06-03 00:00:15,577 [pool-83-thread-1] INFO  metrics.RatisMetrics (RatisMetrics.java:lambda$create$0(36)) - Creating Metrics Registry : ratis.leader_election.a9999bf8-cc81-46a6-8339-ca63194a4403@group-E153A90E5FFE
2021-06-03 00:00:15,579 [pool-83-thread-1] INFO  metrics.RatisMetrics (RatisMetrics.java:lambda$create$0(36)) - Creating Metrics Registry : ratis.server.a9999bf8-cc81-46a6-8339-ca63194a4403@group-E153A90E5FFE
2021-06-03 00:00:15,580 [Command processor thread] INFO  commandhandler.CreatePipelineCommandHandler (CreatePipelineCommandHandler.java:handle(106)) - Created Pipeline RATIS THREE PipelineID=76f3524a-41cc-4041-bba1-765e0191f053.
2021-06-03 00:00:15,580 [Command processor thread] INFO  server.RaftServer (RaftServerProxy.java:addNew(95)) - 696e796d-aedf-4aed-93c4-430e12ffa8fc: addNew group-E153A90E5FFE:[696e796d-aedf-4aed-93c4-430e12ffa8fc|rpc:10.1.0.28:37569|priority:1, a9999bf8-cc81-46a6-8339-ca63194a4403|rpc:10.1.0.28:44263|priority:0, c00dd357-5364-4c4f-a775-3282c2d03178|rpc:10.1.0.28:41287|priority:0] returns group-E153A90E5FFE:java.util.concurrent.CompletableFuture@70ea644e[Not completed]
2021-06-03 00:00:15,580 [pool-83-thread-1] INFO  server.RaftServer$Division (RaftServerImpl.java:start(295)) - a9999bf8-cc81-46a6-8339-ca63194a4403@group-E153A90E5FFE: start as a follower, conf=-1: [696e796d-aedf-4aed-93c4-430e12ffa8fc|rpc:10.1.0.28:37569|priority:1, a9999bf8-cc81-46a6-8339-ca63194a4403|rpc:10.1.0.28:44263|priority:0, c00dd357-5364-4c4f-a775-3282c2d03178|rpc:10.1.0.28:41287|priority:0], old=null
2021-06-03 00:00:15,580 [pool-83-thread-1] INFO  server.RaftServer$Division (RaftServerImpl.java:setRole(284)) - a9999bf8-cc81-46a6-8339-ca63194a4403@group-E153A90E5FFE: changes role from      null to FOLLOWER at term 0 for startAsFollower
2021-06-03 00:00:15,580 [pool-83-thread-1] INFO  impl.RoleInfo (RoleInfo.java:updateAndGet(130)) - a9999bf8-cc81-46a6-8339-ca63194a4403: start a9999bf8-cc81-46a6-8339-ca63194a4403@group-E153A90E5FFE-FollowerState
2021-06-03 00:00:15,581 [pool-64-thread-1] INFO  server.RaftServer$Division (RaftServerImpl.java:<init>(180)) - 696e796d-aedf-4aed-93c4-430e12ffa8fc: new RaftServerImpl for group-E153A90E5FFE:[696e796d-aedf-4aed-93c4-430e12ffa8fc|rpc:10.1.0.28:37569|priority:1, a9999bf8-cc81-46a6-8339-ca63194a4403|rpc:10.1.0.28:44263|priority:0, c00dd357-5364-4c4f-a775-3282c2d03178|rpc:10.1.0.28:41287|priority:0] with ContainerStateMachine:uninitialized
2021-06-03 00:00:15,581 [pool-64-thread-1] INFO  server.RaftServerConfigKeys (ConfUtils.java:logGet(44)) - raft.server.rpc.timeout.min = 5s (custom)
2021-06-03 00:00:15,581 [pool-64-thread-1] INFO  server.RaftServerConfigKeys (ConfUtils.java:logGet(44)) - raft.server.rpc.timeout.max = 5200ms (custom)
2021-06-03 00:00:15,581 [pool-64-thread-1] INFO  server.RaftServerConfigKeys (ConfUtils.java:logGet(44)) - raft.server.rpc.sleep.time = 25ms (default)
2021-06-03 00:00:15,581 [pool-64-thread-1] INFO  server.RaftServerConfigKeys (ConfUtils.java:logGet(44)) - raft.server.rpc.slowness.timeout = 300000ms (custom)
2021-06-03 00:00:15,581 [pool-64-thread-1] INFO  server.RaftServerConfigKeys (ConfUtils.java:logGet(44)) - raft.server.leaderelection.leader.step-down.wait-time = 10s (default)
2021-06-03 00:00:15,581 [pool-64-thread-1] INFO  server.RaftServerConfigKeys (ConfUtils.java:logGet(44)) - raft.server.sleep.deviation.threshold = 300ms (default)
2021-06-03 00:00:15,581 [pool-64-thread-1] INFO  server.RaftServerConfigKeys (ConfUtils.java:logGet(44)) - raft.server.log.appender.install.snapshot.enabled = false (custom)
2021-06-03 00:00:15,581 [pool-64-thread-1] INFO  server.RaftServer$Division (ServerState.java:<init>(105)) - 696e796d-aedf-4aed-93c4-430e12ffa8fc@group-E153A90E5FFE: ConfigurationManager, init=-1: [696e796d-aedf-4aed-93c4-430e12ffa8fc|rpc:10.1.0.28:37569|priority:1, a9999bf8-cc81-46a6-8339-ca63194a4403|rpc:10.1.0.28:44263|priority:0, c00dd357-5364-4c4f-a775-3282c2d03178|rpc:10.1.0.28:41287|priority:0], old=null, confs=<EMPTY_MAP>
2021-06-03 00:00:15,581 [pool-64-thread-1] INFO  server.RaftServerConfigKeys (ConfUtils.java:logGet(44)) - raft.server.storage.dir = [/home/runner/work/ozone/ozone/mnt/ozone/hadoop-ozone/integration-test/target/test-dir/MiniOzoneClusterImpl-d99b0d03-7963-4ac2-881f-75d2f82b72ef/datanode-1/data/ratis] (custom)
2021-06-03 00:00:15,581 [pool-64-thread-1] INFO  server.RaftServerConfigKeys (ConfUtils.java:logGet(44)) - raft.server.log.corruption.policy = EXCEPTION (default)
2021-06-03 00:00:15,582 [pool-64-thread-1] INFO  storage.RaftStorageDirectory (RaftStorageDirectoryImpl.java:analyzeStorage(132)) - The storage directory /home/runner/work/ozone/ozone/mnt/ozone/hadoop-ozone/integration-test/target/test-dir/MiniOzoneClusterImpl-d99b0d03-7963-4ac2-881f-75d2f82b72ef/datanode-1/data/ratis/341c2ee9-3773-4a3b-99d5-e153a90e5ffe does not exist. Creating ...
2021-06-03 00:00:15,583 [pool-64-thread-1] INFO  storage.RaftStorageDirectory (RaftStorageDirectoryImpl.java:tryLock(215)) - Lock on /home/runner/work/ozone/ozone/mnt/ozone/hadoop-ozone/integration-test/target/test-dir/MiniOzoneClusterImpl-d99b0d03-7963-4ac2-881f-75d2f82b72ef/datanode-1/data/ratis/341c2ee9-3773-4a3b-99d5-e153a90e5ffe/in_use.lock acquired by nodename 19265@fv-az54-886
2021-06-03 00:00:15,583 [pool-119-thread-1] INFO  server.RaftServer$Division (RaftServerImpl.java:<init>(180)) - f4f16679-ee25-4299-b5ef-20744ad00da9: new RaftServerImpl for group-E29861541324:[f4f16679-ee25-4299-b5ef-20744ad00da9|rpc:10.1.0.28:36455|priority:1] with ContainerStateMachine:uninitialized
2021-06-03 00:00:15,583 [pool-119-thread-1] INFO  server.RaftServerConfigKeys (ConfUtils.java:logGet(44)) - raft.server.rpc.timeout.min = 5s (custom)
2021-06-03 00:00:15,583 [pool-119-thread-1] INFO  server.RaftServerConfigKeys (ConfUtils.java:logGet(44)) - raft.server.rpc.timeout.max = 5200ms (custom)
2021-06-03 00:00:15,583 [pool-119-thread-1] INFO  server.RaftServerConfigKeys (ConfUtils.java:logGet(44)) - raft.server.rpc.sleep.time = 25ms (default)
2021-06-03 00:00:15,583 [pool-119-thread-1] INFO  server.RaftServerConfigKeys (ConfUtils.java:logGet(44)) - raft.server.rpc.slowness.timeout = 300000ms (custom)
2021-06-03 00:00:15,583 [pool-119-thread-1] INFO  server.RaftServerConfigKeys (ConfUtils.java:logGet(44)) - raft.server.leaderelection.leader.step-down.wait-time = 10s (default)
2021-06-03 00:00:15,583 [pool-119-thread-1] INFO  server.RaftServerConfigKeys (ConfUtils.java:logGet(44)) - raft.server.sleep.deviation.threshold = 300ms (default)
2021-06-03 00:00:15,583 [pool-119-thread-1] INFO  server.RaftServerConfigKeys (ConfUtils.java:logGet(44)) - raft.server.log.appender.install.snapshot.enabled = false (custom)
2021-06-03 00:00:15,583 [pool-119-thread-1] INFO  server.RaftServer$Division (ServerState.java:<init>(105)) - f4f16679-ee25-4299-b5ef-20744ad00da9@group-E29861541324: ConfigurationManager, init=-1: [f4f16679-ee25-4299-b5ef-20744ad00da9|rpc:10.1.0.28:36455|priority:1], old=null, confs=<EMPTY_MAP>
2021-06-03 00:00:15,583 [pool-119-thread-1] INFO  server.RaftServerConfigKeys (ConfUtils.java:logGet(44)) - raft.server.storage.dir = [/home/runner/work/ozone/ozone/mnt/ozone/hadoop-ozone/integration-test/target/test-dir/MiniOzoneClusterImpl-d99b0d03-7963-4ac2-881f-75d2f82b72ef/datanode-4/data/ratis] (custom)
2021-06-03 00:00:15,584 [pool-119-thread-1] INFO  server.RaftServerConfigKeys (ConfUtils.java:logGet(44)) - raft.server.log.corruption.policy = EXCEPTION (default)
2021-06-03 00:00:15,584 [pool-119-thread-1] INFO  storage.RaftStorageDirectory (RaftStorageDirectoryImpl.java:analyzeStorage(132)) - The storage directory /home/runner/work/ozone/ozone/mnt/ozone/hadoop-ozone/integration-test/target/test-dir/MiniOzoneClusterImpl-d99b0d03-7963-4ac2-881f-75d2f82b72ef/datanode-4/data/ratis/9ed0e79a-db45-4aa1-9002-e29861541324 does not exist. Creating ...
2021-06-03 00:00:15,584 [pool-83-thread-1] INFO  util.JmxRegister (JmxRegister.java:tryRegister(44)) - Successfully registered JMX Bean with object name Ratis:service=RaftServer,group=group-E153A90E5FFE,id=a9999bf8-cc81-46a6-8339-ca63194a4403
2021-06-03 00:00:15,584 [pool-83-thread-1] INFO  metrics.RatisMetrics (RatisMetrics.java:lambda$create$0(36)) - Creating Metrics Registry : ratis.state_machine.a9999bf8-cc81-46a6-8339-ca63194a4403@group-E153A90E5FFE
2021-06-03 00:00:15,585 [pool-64-thread-1] INFO  storage.RaftStorage (RaftStorageImpl.java:format(87)) - Storage directory /home/runner/work/ozone/ozone/mnt/ozone/hadoop-ozone/integration-test/target/test-dir/MiniOzoneClusterImpl-d99b0d03-7963-4ac2-881f-75d2f82b72ef/datanode-1/data/ratis/341c2ee9-3773-4a3b-99d5-e153a90e5ffe has been successfully formatted.
2021-06-03 00:00:15,585 [pool-64-thread-1] INFO  ratis.ContainerStateMachine (ContainerStateMachine.java:loadSnapshot(224)) - group-E153A90E5FFE: The snapshot info is null. Setting the last applied indexto:(t:0, i:~)
2021-06-03 00:00:15,585 [pool-64-thread-1] INFO  server.RaftServerConfigKeys (ConfUtils.java:logGet(44)) - raft.server.notification.no-leader.timeout = 300000ms (custom)
2021-06-03 00:00:15,585 [pool-64-thread-1] INFO  server.RaftServerConfigKeys (ConfUtils.java:logGet(44)) - raft.server.log.use.memory = false (default)
2021-06-03 00:00:15,585 [pool-64-thread-1] INFO  server.RaftServerConfigKeys (ConfUtils.java:logGet(44)) - raft.server.log.purge.gap = 1000000 (custom)
2021-06-03 00:00:15,585 [pool-64-thread-1] INFO  server.RaftServerConfigKeys (ConfUtils.java:logGet(44)) - raft.server.log.appender.buffer.byte-limit = 33554432 (custom)
2021-06-03 00:00:15,585 [pool-64-thread-1] INFO  metrics.RatisMetrics (RatisMetrics.java:lambda$create$0(36)) - Creating Metrics Registry : ratis.log_worker.696e796d-aedf-4aed-93c4-430e12ffa8fc@group-E153A90E5FFE
2021-06-03 00:00:15,586 [pool-64-thread-1] INFO  server.RaftServerConfigKeys (ConfUtils.java:logGet(44)) - raft.server.log.segment.size.max = 1048576 (custom)
2021-06-03 00:00:15,586 [EventQueue-PipelineReportForOneReplicaPipelineSafeModeRule] INFO  safemode.SCMSafeModeManager (SCMSafeModeManager.java:validateSafeModeExitRules(201)) - AtleastOneDatanodeReportedRule rule is successfully validated
2021-06-03 00:00:15,586 [EventQueue-OpenPipelineForHealthyPipelineSafeModeRule] INFO  safemode.SCMSafeModeManager (HealthyPipelineSafeModeRule.java:process(130)) - SCM in safe mode. Healthy pipelines reported count is 0, required healthy pipeline reported count is 1
2021-06-03 00:00:15,592 [grpc-default-executor-0] INFO  metrics.RatisMetrics (RatisMetrics.java:lambda$create$0(36)) - Creating Metrics Registry : ratis.server_message_metrics.15d89ff8-8978-426f-aa57-cfd2a1dc180a
2021-06-03 00:00:15,597 [pool-64-thread-1] INFO  server.RaftServerConfigKeys (ConfUtils.java:logGet(44)) - raft.server.log.segment.cache.num.max = 2 (custom)
2021-06-03 00:00:15,597 [pool-64-thread-1] INFO  server.RaftServerConfigKeys (ConfUtils.java:logGet(44)) - raft.server.log.segment.cache.size.max = 200MB (=209715200) (default)
2021-06-03 00:00:15,597 [pool-64-thread-1] INFO  segmented.SegmentedRaftLogWorker (SegmentedRaftLogWorker.java:<init>(182)) - new 696e796d-aedf-4aed-93c4-430e12ffa8fc@group-E153A90E5FFE-SegmentedRaftLogWorker for RaftStorageImpl:Storage Directory /home/runner/work/ozone/ozone/mnt/ozone/hadoop-ozone/integration-test/target/test-dir/MiniOzoneClusterImpl-d99b0d03-7963-4ac2-881f-75d2f82b72ef/datanode-1/data/ratis/341c2ee9-3773-4a3b-99d5-e153a90e5ffe
2021-06-03 00:00:15,598 [pool-64-thread-1] INFO  server.RaftServerConfigKeys (ConfUtils.java:logGet(44)) - raft.server.log.queue.byte-limit = 2147483647 (custom)
2021-06-03 00:00:15,598 [pool-64-thread-1] INFO  server.RaftServerConfigKeys (ConfUtils.java:logGet(44)) - raft.server.log.queue.element-limit = 1024 (custom)
2021-06-03 00:00:15,598 [pool-64-thread-1] INFO  server.RaftServerConfigKeys (ConfUtils.java:logGet(44)) - raft.server.log.segment.size.max = 1048576 (custom)
2021-06-03 00:00:15,598 [pool-64-thread-1] INFO  server.RaftServerConfigKeys (ConfUtils.java:logGet(44)) - raft.server.log.preallocated.size = 16384 (custom)
2021-06-03 00:00:15,598 [pool-64-thread-1] INFO  server.RaftServerConfigKeys (ConfUtils.java:logGet(44)) - raft.server.log.force.sync.num = 128 (default)
2021-06-03 00:00:15,598 [pool-64-thread-1] INFO  server.RaftServerConfigKeys (ConfUtils.java:logGet(44)) - raft.server.log.statemachine.data.sync = true (default)
2021-06-03 00:00:15,598 [pool-64-thread-1] INFO  server.RaftServerConfigKeys (ConfUtils.java:logGet(44)) - raft.server.log.statemachine.data.sync.timeout = 10s (default)
2021-06-03 00:00:15,598 [pool-64-thread-1] INFO  server.RaftServerConfigKeys (ConfUtils.java:logGet(44)) - raft.server.log.statemachine.data.sync.timeout.retry = -1 (default)
2021-06-03 00:00:15,599 [pool-119-thread-1] INFO  storage.RaftStorageDirectory (RaftStorageDirectoryImpl.java:tryLock(215)) - Lock on /home/runner/work/ozone/ozone/mnt/ozone/hadoop-ozone/integration-test/target/test-dir/MiniOzoneClusterImpl-d99b0d03-7963-4ac2-881f-75d2f82b72ef/datanode-4/data/ratis/9ed0e79a-db45-4aa1-9002-e29861541324/in_use.lock acquired by nodename 19265@fv-az54-886
2021-06-03 00:00:15,600 [Command processor thread] INFO  ratis.XceiverServerRatis (XceiverServerRatis.java:addGroup(808)) - Created group PipelineID=341c2ee9-3773-4a3b-99d5-e153a90e5ffe
2021-06-03 00:00:15,603 [Command processor thread] INFO  metrics.RatisMetrics (RatisMetrics.java:lambda$create$0(36)) - Creating Metrics Registry : ratis.client_message_metrics.client-BCE78784E724->c00dd357-5364-4c4f-a775-3282c2d03178
2021-06-03 00:00:15,605 [grpc-default-executor-0] INFO  server.RaftServer (RaftServerProxy.java:addNew(95)) - 15d89ff8-8978-426f-aa57-cfd2a1dc180a: addNew group-F5FB650D46EE:[15d89ff8-8978-426f-aa57-cfd2a1dc180a|rpc:10.1.0.28:41799|dataStream:|priority:1, f4f16679-ee25-4299-b5ef-20744ad00da9|rpc:10.1.0.28:36455|dataStream:|priority:0, 7d2c3eba-00a8-4405-8104-350103fd4dff|rpc:10.1.0.28:45839|dataStream:|priority:0] returns group-F5FB650D46EE:java.util.concurrent.CompletableFuture@15132940[Not completed]
2021-06-03 00:00:15,606 [pool-137-thread-1] INFO  server.RaftServer$Division (RaftServerImpl.java:<init>(180)) - 15d89ff8-8978-426f-aa57-cfd2a1dc180a: new RaftServerImpl for group-F5FB650D46EE:[15d89ff8-8978-426f-aa57-cfd2a1dc180a|rpc:10.1.0.28:41799|dataStream:|priority:1, f4f16679-ee25-4299-b5ef-20744ad00da9|rpc:10.1.0.28:36455|dataStream:|priority:0, 7d2c3eba-00a8-4405-8104-350103fd4dff|rpc:10.1.0.28:45839|dataStream:|priority:0] with ContainerStateMachine:uninitialized
2021-06-03 00:00:15,606 [pool-137-thread-1] INFO  server.RaftServerConfigKeys (ConfUtils.java:logGet(44)) - raft.server.rpc.timeout.min = 5s (custom)
2021-06-03 00:00:15,606 [pool-137-thread-1] INFO  server.RaftServerConfigKeys (ConfUtils.java:logGet(44)) - raft.server.rpc.timeout.max = 5200ms (custom)
2021-06-03 00:00:15,606 [pool-137-thread-1] INFO  server.RaftServerConfigKeys (ConfUtils.java:logGet(44)) - raft.server.rpc.sleep.time = 25ms (default)
2021-06-03 00:00:15,606 [pool-137-thread-1] INFO  server.RaftServerConfigKeys (ConfUtils.java:logGet(44)) - raft.server.rpc.slowness.timeout = 300000ms (custom)
2021-06-03 00:00:15,606 [pool-137-thread-1] INFO  server.RaftServerConfigKeys (ConfUtils.java:logGet(44)) - raft.server.leaderelection.leader.step-down.wait-time = 10s (default)
2021-06-03 00:00:15,606 [pool-137-thread-1] INFO  server.RaftServerConfigKeys (ConfUtils.java:logGet(44)) - raft.server.sleep.deviation.threshold = 300ms (default)
2021-06-03 00:00:15,606 [pool-137-thread-1] INFO  server.RaftServerConfigKeys (ConfUtils.java:logGet(44)) - raft.server.log.appender.install.snapshot.enabled = false (custom)
2021-06-03 00:00:15,606 [pool-137-thread-1] INFO  server.RaftServer$Division (ServerState.java:<init>(105)) - 15d89ff8-8978-426f-aa57-cfd2a1dc180a@group-F5FB650D46EE: ConfigurationManager, init=-1: [15d89ff8-8978-426f-aa57-cfd2a1dc180a|rpc:10.1.0.28:41799|dataStream:|priority:1, f4f16679-ee25-4299-b5ef-20744ad00da9|rpc:10.1.0.28:36455|dataStream:|priority:0, 7d2c3eba-00a8-4405-8104-350103fd4dff|rpc:10.1.0.28:45839|dataStream:|priority:0], old=null, confs=<EMPTY_MAP>
2021-06-03 00:00:15,606 [pool-137-thread-1] INFO  server.RaftServerConfigKeys (ConfUtils.java:logGet(44)) - raft.server.storage.dir = [/home/runner/work/ozone/ozone/mnt/ozone/hadoop-ozone/integration-test/target/test-dir/MiniOzoneClusterImpl-d99b0d03-7963-4ac2-881f-75d2f82b72ef/datanode-5/data/ratis] (custom)
2021-06-03 00:00:15,606 [pool-137-thread-1] INFO  server.RaftServerConfigKeys (ConfUtils.java:logGet(44)) - raft.server.log.corruption.policy = EXCEPTION (default)
2021-06-03 00:00:15,606 [pool-137-thread-1] INFO  storage.RaftStorageDirectory (RaftStorageDirectoryImpl.java:analyzeStorage(132)) - The storage directory /home/runner/work/ozone/ozone/mnt/ozone/hadoop-ozone/integration-test/target/test-dir/MiniOzoneClusterImpl-d99b0d03-7963-4ac2-881f-75d2f82b72ef/datanode-5/data/ratis/cc478adb-7bde-4f2f-82a4-f5fb650d46ee does not exist. Creating ...
2021-06-03 00:00:15,611 [pool-64-thread-1] INFO  server.RaftServerConfigKeys (ConfUtils.java:logGet(44)) - raft.server.log.write.buffer.size = 1048576 (custom)
2021-06-03 00:00:15,611 [pool-64-thread-1] INFO  server.RaftServerConfigKeys (ConfUtils.java:logGet(44)) - raft.server.log.statemachine.data.caching.enabled = true (custom)
2021-06-03 00:00:15,612 [pool-64-thread-1] INFO  segmented.SegmentedRaftLogWorker (SegmentedRaftLogWorker.java:lambda$new$0(133)) - 696e796d-aedf-4aed-93c4-430e12ffa8fc@group-E153A90E5FFE-SegmentedRaftLogWorker: flushIndex: setUnconditionally 0 -> -1
2021-06-03 00:00:15,612 [pool-64-thread-1] INFO  segmented.SegmentedRaftLogWorker (SegmentedRaftLogWorker.java:lambda$new$0(133)) - 696e796d-aedf-4aed-93c4-430e12ffa8fc@group-E153A90E5FFE-SegmentedRaftLogWorker: safeCacheEvictIndex: setUnconditionally 0 -> -1
2021-06-03 00:00:15,612 [pool-64-thread-1] INFO  server.RaftServerConfigKeys (ConfUtils.java:logGet(44)) - raft.server.snapshot.auto.trigger.enabled = true (custom)
2021-06-03 00:00:15,612 [pool-64-thread-1] INFO  server.RaftServerConfigKeys (ConfUtils.java:logGet(44)) - raft.server.snapshot.auto.trigger.threshold = 1 (custom)
2021-06-03 00:00:15,612 [pool-64-thread-1] INFO  server.RaftServerConfigKeys (ConfUtils.java:logGet(44)) - raft.server.snapshot.retention.file.num = 5 (custom)
2021-06-03 00:00:15,612 [pool-64-thread-1] INFO  server.RaftServerConfigKeys (ConfUtils.java:logGet(44)) - raft.server.log.purge.upto.snapshot.index = false (default)
2021-06-03 00:00:15,612 [pool-64-thread-1] INFO  server.RaftServerConfigKeys (ConfUtils.java:logGet(44)) - raft.server.retrycache.expirytime = 600000ms (custom)
2021-06-03 00:00:15,612 [pool-64-thread-1] INFO  server.RaftServerConfigKeys (ConfUtils.java:logGet(44)) - raft.server.retrycache.statistics.expirytime = 100μs (default)
2021-06-03 00:00:15,612 [pool-64-thread-1] INFO  metrics.RatisMetrics (RatisMetrics.java:lambda$create$0(36)) - Creating Metrics Registry : ratis.leader_election.696e796d-aedf-4aed-93c4-430e12ffa8fc@group-E153A90E5FFE
2021-06-03 00:00:15,613 [pool-64-thread-1] INFO  metrics.RatisMetrics (RatisMetrics.java:lambda$create$0(36)) - Creating Metrics Registry : ratis.server.696e796d-aedf-4aed-93c4-430e12ffa8fc@group-E153A90E5FFE
2021-06-03 00:00:15,613 [Command processor thread] INFO  metrics.RatisMetrics (RatisMetrics.java:lambda$create$0(36)) - Creating Metrics Registry : ratis.client_message_metrics.client-669B4BEC8352->696e796d-aedf-4aed-93c4-430e12ffa8fc
2021-06-03 00:00:15,614 [pool-64-thread-1] INFO  server.RaftServer$Division (RaftServerImpl.java:start(295)) - 696e796d-aedf-4aed-93c4-430e12ffa8fc@group-E153A90E5FFE: start as a follower, conf=-1: [696e796d-aedf-4aed-93c4-430e12ffa8fc|rpc:10.1.0.28:37569|priority:1, a9999bf8-cc81-46a6-8339-ca63194a4403|rpc:10.1.0.28:44263|priority:0, c00dd357-5364-4c4f-a775-3282c2d03178|rpc:10.1.0.28:41287|priority:0], old=null
2021-06-03 00:00:15,614 [pool-64-thread-1] INFO  server.RaftServer$Division (RaftServerImpl.java:setRole(284)) - 696e796d-aedf-4aed-93c4-430e12ffa8fc@group-E153A90E5FFE: changes role from      null to FOLLOWER at term 0 for startAsFollower
2021-06-03 00:00:15,614 [pool-64-thread-1] INFO  impl.RoleInfo (RoleInfo.java:updateAndGet(130)) - 696e796d-aedf-4aed-93c4-430e12ffa8fc: start 696e796d-aedf-4aed-93c4-430e12ffa8fc@group-E153A90E5FFE-FollowerState
2021-06-03 00:00:15,615 [pool-64-thread-1] INFO  util.JmxRegister (JmxRegister.java:tryRegister(44)) - Successfully registered JMX Bean with object name Ratis:service=RaftServer,group=group-E153A90E5FFE,id=696e796d-aedf-4aed-93c4-430e12ffa8fc
2021-06-03 00:00:15,615 [pool-64-thread-1] INFO  metrics.RatisMetrics (RatisMetrics.java:lambda$create$0(36)) - Creating Metrics Registry : ratis.state_machine.696e796d-aedf-4aed-93c4-430e12ffa8fc@group-E153A90E5FFE
2021-06-03 00:00:15,616 [pool-119-thread-1] INFO  storage.RaftStorage (RaftStorageImpl.java:format(87)) - Storage directory /home/runner/work/ozone/ozone/mnt/ozone/hadoop-ozone/integration-test/target/test-dir/MiniOzoneClusterImpl-d99b0d03-7963-4ac2-881f-75d2f82b72ef/datanode-4/data/ratis/9ed0e79a-db45-4aa1-9002-e29861541324 has been successfully formatted.
2021-06-03 00:00:15,616 [Command processor thread] INFO  ratis.XceiverServerRatis (XceiverServerRatis.java:addGroup(808)) - Created group PipelineID=341c2ee9-3773-4a3b-99d5-e153a90e5ffe
2021-06-03 00:00:15,616 [pool-119-thread-1] INFO  ratis.ContainerStateMachine (ContainerStateMachine.java:loadSnapshot(224)) - group-E29861541324: The snapshot info is null. Setting the last applied indexto:(t:0, i:~)
2021-06-03 00:00:15,616 [pool-119-thread-1] INFO  server.RaftServerConfigKeys (ConfUtils.java:logGet(44)) - raft.server.notification.no-leader.timeout = 300000ms (custom)
2021-06-03 00:00:15,616 [pool-119-thread-1] INFO  server.RaftServerConfigKeys (ConfUtils.java:logGet(44)) - raft.server.log.use.memory = false (default)
2021-06-03 00:00:15,616 [pool-119-thread-1] INFO  server.RaftServerConfigKeys (ConfUtils.java:logGet(44)) - raft.server.log.purge.gap = 1000000 (custom)
2021-06-03 00:00:15,617 [pool-119-thread-1] INFO  server.RaftServerConfigKeys (ConfUtils.java:logGet(44)) - raft.server.log.appender.buffer.byte-limit = 33554432 (custom)
2021-06-03 00:00:15,617 [pool-119-thread-1] INFO  metrics.RatisMetrics (RatisMetrics.java:lambda$create$0(36)) - Creating Metrics Registry : ratis.log_worker.f4f16679-ee25-4299-b5ef-20744ad00da9@group-E29861541324
2021-06-03 00:00:15,623 [pool-137-thread-1] INFO  storage.RaftStorageDirectory (RaftStorageDirectoryImpl.java:tryLock(215)) - Lock on /home/runner/work/ozone/ozone/mnt/ozone/hadoop-ozone/integration-test/target/test-dir/MiniOzoneClusterImpl-d99b0d03-7963-4ac2-881f-75d2f82b72ef/datanode-5/data/ratis/cc478adb-7bde-4f2f-82a4-f5fb650d46ee/in_use.lock acquired by nodename 19265@fv-az54-886
2021-06-03 00:00:15,623 [EventQueue-PipelineReportForOneReplicaPipelineSafeModeRule] INFO  safemode.SCMSafeModeManager (SCMSafeModeManager.java:validateSafeModeExitRules(201)) - AtleastOneDatanodeReportedRule rule is successfully validated
2021-06-03 00:00:15,624 [Command processor thread] INFO  metrics.RatisMetrics (RatisMetrics.java:lambda$create$0(36)) - Creating Metrics Registry : ratis.client_message_metrics.client-E8EB062DB8BA->c00dd357-5364-4c4f-a775-3282c2d03178
2021-06-03 00:00:15,626 [pool-119-thread-1] INFO  server.RaftServerConfigKeys (ConfUtils.java:logGet(44)) - raft.server.log.segment.size.max = 1048576 (custom)
2021-06-03 00:00:15,626 [pool-119-thread-1] INFO  server.RaftServerConfigKeys (ConfUtils.java:logGet(44)) - raft.server.log.segment.cache.num.max = 2 (custom)
2021-06-03 00:00:15,626 [pool-119-thread-1] INFO  server.RaftServerConfigKeys (ConfUtils.java:logGet(44)) - raft.server.log.segment.cache.size.max = 200MB (=209715200) (default)
2021-06-03 00:00:15,626 [pool-119-thread-1] INFO  segmented.SegmentedRaftLogWorker (SegmentedRaftLogWorker.java:<init>(182)) - new f4f16679-ee25-4299-b5ef-20744ad00da9@group-E29861541324-SegmentedRaftLogWorker for RaftStorageImpl:Storage Directory /home/runner/work/ozone/ozone/mnt/ozone/hadoop-ozone/integration-test/target/test-dir/MiniOzoneClusterImpl-d99b0d03-7963-4ac2-881f-75d2f82b72ef/datanode-4/data/ratis/9ed0e79a-db45-4aa1-9002-e29861541324
2021-06-03 00:00:15,626 [pool-119-thread-1] INFO  server.RaftServerConfigKeys (ConfUtils.java:logGet(44)) - raft.server.log.queue.byte-limit = 2147483647 (custom)
2021-06-03 00:00:15,626 [pool-119-thread-1] INFO  server.RaftServerConfigKeys (ConfUtils.java:logGet(44)) - raft.server.log.queue.element-limit = 1024 (custom)
2021-06-03 00:00:15,626 [pool-119-thread-1] INFO  server.RaftServerConfigKeys (ConfUtils.java:logGet(44)) - raft.server.log.segment.size.max = 1048576 (custom)
2021-06-03 00:00:15,626 [pool-119-thread-1] INFO  server.RaftServerConfigKeys (ConfUtils.java:logGet(44)) - raft.server.log.preallocated.size = 16384 (custom)
2021-06-03 00:00:15,626 [pool-119-thread-1] INFO  server.RaftServerConfigKeys (ConfUtils.java:logGet(44)) - raft.server.log.force.sync.num = 128 (default)
2021-06-03 00:00:15,627 [pool-119-thread-1] INFO  server.RaftServerConfigKeys (ConfUtils.java:logGet(44)) - raft.server.log.statemachine.data.sync = true (default)
2021-06-03 00:00:15,627 [pool-119-thread-1] INFO  server.RaftServerConfigKeys (ConfUtils.java:logGet(44)) - raft.server.log.statemachine.data.sync.timeout = 10s (default)
2021-06-03 00:00:15,627 [pool-119-thread-1] INFO  server.RaftServerConfigKeys (ConfUtils.java:logGet(44)) - raft.server.log.statemachine.data.sync.timeout.retry = -1 (default)
2021-06-03 00:00:15,627 [pool-119-thread-1] INFO  server.RaftServerConfigKeys (ConfUtils.java:logGet(44)) - raft.server.log.write.buffer.size = 1048576 (custom)
2021-06-03 00:00:15,628 [pool-119-thread-1] INFO  server.RaftServerConfigKeys (ConfUtils.java:logGet(44)) - raft.server.log.statemachine.data.caching.enabled = true (custom)
2021-06-03 00:00:15,628 [pool-119-thread-1] INFO  segmented.SegmentedRaftLogWorker (SegmentedRaftLogWorker.java:lambda$new$0(133)) - f4f16679-ee25-4299-b5ef-20744ad00da9@group-E29861541324-SegmentedRaftLogWorker: flushIndex: setUnconditionally 0 -> -1
2021-06-03 00:00:15,628 [pool-119-thread-1] INFO  segmented.SegmentedRaftLogWorker (SegmentedRaftLogWorker.java:lambda$new$0(133)) - f4f16679-ee25-4299-b5ef-20744ad00da9@group-E29861541324-SegmentedRaftLogWorker: safeCacheEvictIndex: setUnconditionally 0 -> -1
2021-06-03 00:00:15,629 [pool-119-thread-1] INFO  server.RaftServerConfigKeys (ConfUtils.java:logGet(44)) - raft.server.snapshot.auto.trigger.enabled = true (custom)
2021-06-03 00:00:15,629 [pool-119-thread-1] INFO  server.RaftServerConfigKeys (ConfUtils.java:logGet(44)) - raft.server.snapshot.auto.trigger.threshold = 1 (custom)
2021-06-03 00:00:15,629 [pool-119-thread-1] INFO  server.RaftServerConfigKeys (ConfUtils.java:logGet(44)) - raft.server.snapshot.retention.file.num = 5 (custom)
2021-06-03 00:00:15,629 [pool-119-thread-1] INFO  server.RaftServerConfigKeys (ConfUtils.java:logGet(44)) - raft.server.log.purge.upto.snapshot.index = false (default)
2021-06-03 00:00:15,629 [pool-119-thread-1] INFO  server.RaftServerConfigKeys (ConfUtils.java:logGet(44)) - raft.server.retrycache.expirytime = 600000ms (custom)
2021-06-03 00:00:15,629 [pool-119-thread-1] INFO  server.RaftServerConfigKeys (ConfUtils.java:logGet(44)) - raft.server.retrycache.statistics.expirytime = 100μs (default)
2021-06-03 00:00:15,629 [pool-119-thread-1] INFO  metrics.RatisMetrics (RatisMetrics.java:lambda$create$0(36)) - Creating Metrics Registry : ratis.leader_election.f4f16679-ee25-4299-b5ef-20744ad00da9@group-E29861541324
2021-06-03 00:00:15,629 [pool-119-thread-1] INFO  metrics.RatisMetrics (RatisMetrics.java:lambda$create$0(36)) - Creating Metrics Registry : ratis.server.f4f16679-ee25-4299-b5ef-20744ad00da9@group-E29861541324
2021-06-03 00:00:15,630 [pool-119-thread-1] INFO  server.RaftServer$Division (RaftServerImpl.java:start(295)) - f4f16679-ee25-4299-b5ef-20744ad00da9@group-E29861541324: start as a follower, conf=-1: [f4f16679-ee25-4299-b5ef-20744ad00da9|rpc:10.1.0.28:36455|priority:1], old=null
2021-06-03 00:00:15,630 [pool-119-thread-1] INFO  server.RaftServer$Division (RaftServerImpl.java:setRole(284)) - f4f16679-ee25-4299-b5ef-20744ad00da9@group-E29861541324: changes role from      null to FOLLOWER at term 0 for startAsFollower
2021-06-03 00:00:15,630 [pool-119-thread-1] INFO  impl.RoleInfo (RoleInfo.java:updateAndGet(130)) - f4f16679-ee25-4299-b5ef-20744ad00da9: start f4f16679-ee25-4299-b5ef-20744ad00da9@group-E29861541324-FollowerState
2021-06-03 00:00:15,630 [pool-119-thread-1] INFO  util.JmxRegister (JmxRegister.java:tryRegister(44)) - Successfully registered JMX Bean with object name Ratis:service=RaftServer,group=group-E29861541324,id=f4f16679-ee25-4299-b5ef-20744ad00da9
2021-06-03 00:00:15,631 [pool-119-thread-1] INFO  metrics.RatisMetrics (RatisMetrics.java:lambda$create$0(36)) - Creating Metrics Registry : ratis.state_machine.f4f16679-ee25-4299-b5ef-20744ad00da9@group-E29861541324
2021-06-03 00:00:15,631 [EventQueue-PipelineReportForPipelineReportHandler] INFO  pipeline.PipelineManagerV2Impl (PipelineManagerV2Impl.java:openPipeline(270)) - Pipeline Pipeline[ Id: 9ed0e79a-db45-4aa1-9002-e29861541324, Nodes: f4f16679-ee25-4299-b5ef-20744ad00da9{ip: 10.1.0.28, host: fv-az54-886.gmada3d5h3zutaf4vio4yveaag.bx.internal.cloudapp.net, ports: [REPLICATION=36995, RATIS=36455, RATIS_ADMIN=36455, RATIS_SERVER=36455, STANDALONE=34931], networkLocation: /default-rack, certSerialId: null, persistedOpState: IN_SERVICE, persistedOpStateExpiryEpochSec: 0}, ReplicationConfig: RATIS/ONE, State:ALLOCATED, leaderId:f4f16679-ee25-4299-b5ef-20744ad00da9, CreationTimestamp2021-06-03T00:00:12.579Z] moved to OPEN state
2021-06-03 00:00:15,632 [EventQueue-PipelineReportForOneReplicaPipelineSafeModeRule] INFO  safemode.SCMSafeModeManager (SCMSafeModeManager.java:validateSafeModeExitRules(201)) - AtleastOneDatanodeReportedRule rule is successfully validated
2021-06-03 00:00:15,632 [EventQueue-OpenPipelineForHealthyPipelineSafeModeRule] INFO  safemode.SCMSafeModeManager (HealthyPipelineSafeModeRule.java:process(130)) - SCM in safe mode. Healthy pipelines reported count is 0, required healthy pipeline reported count is 1
2021-06-03 00:00:15,635 [grpc-default-executor-0] INFO  server.RaftServer (RaftServerProxy.java:addNew(95)) - c00dd357-5364-4c4f-a775-3282c2d03178: addNew group-E153A90E5FFE:[696e796d-aedf-4aed-93c4-430e12ffa8fc|rpc:10.1.0.28:37569|dataStream:|priority:1, a9999bf8-cc81-46a6-8339-ca63194a4403|rpc:10.1.0.28:44263|dataStream:|priority:0, c00dd357-5364-4c4f-a775-3282c2d03178|rpc:10.1.0.28:41287|dataStream:|priority:0] returns group-E153A90E5FFE:java.util.concurrent.CompletableFuture@73c64c55[Not completed]
2021-06-03 00:00:15,633 [Command processor thread] INFO  ratis.XceiverServerRatis (XceiverServerRatis.java:addGroup(808)) - Created group PipelineID=9ed0e79a-db45-4aa1-9002-e29861541324
2021-06-03 00:00:15,636 [Command processor thread] INFO  commandhandler.CreatePipelineCommandHandler (CreatePipelineCommandHandler.java:handle(106)) - Created Pipeline RATIS ONE PipelineID=9ed0e79a-db45-4aa1-9002-e29861541324.
2021-06-03 00:00:15,636 [Command processor thread] INFO  server.RaftServer (RaftServerProxy.java:addNew(95)) - f4f16679-ee25-4299-b5ef-20744ad00da9: addNew group-F5FB650D46EE:[15d89ff8-8978-426f-aa57-cfd2a1dc180a|rpc:10.1.0.28:41799|priority:1, f4f16679-ee25-4299-b5ef-20744ad00da9|rpc:10.1.0.28:36455|priority:0, 7d2c3eba-00a8-4405-8104-350103fd4dff|rpc:10.1.0.28:45839|priority:0] returns group-F5FB650D46EE:java.util.concurrent.CompletableFuture@3be9d2aa[Not completed]
2021-06-03 00:00:15,637 [pool-119-thread-1] INFO  server.RaftServer$Division (RaftServerImpl.java:<init>(180)) - f4f16679-ee25-4299-b5ef-20744ad00da9: new RaftServerImpl for group-F5FB650D46EE:[15d89ff8-8978-426f-aa57-cfd2a1dc180a|rpc:10.1.0.28:41799|priority:1, f4f16679-ee25-4299-b5ef-20744ad00da9|rpc:10.1.0.28:36455|priority:0, 7d2c3eba-00a8-4405-8104-350103fd4dff|rpc:10.1.0.28:45839|priority:0] with ContainerStateMachine:uninitialized
2021-06-03 00:00:15,637 [pool-119-thread-1] INFO  server.RaftServerConfigKeys (ConfUtils.java:logGet(44)) - raft.server.rpc.timeout.min = 5s (custom)
2021-06-03 00:00:15,637 [pool-119-thread-1] INFO  server.RaftServerConfigKeys (ConfUtils.java:logGet(44)) - raft.server.rpc.timeout.max = 5200ms (custom)
2021-06-03 00:00:15,637 [pool-119-thread-1] INFO  server.RaftServerConfigKeys (ConfUtils.java:logGet(44)) - raft.server.rpc.sleep.time = 25ms (default)
2021-06-03 00:00:15,637 [pool-119-thread-1] INFO  server.RaftServerConfigKeys (ConfUtils.java:logGet(44)) - raft.server.rpc.slowness.timeout = 300000ms (custom)
2021-06-03 00:00:15,637 [pool-119-thread-1] INFO  server.RaftServerConfigKeys (ConfUtils.java:logGet(44)) - raft.server.leaderelection.leader.step-down.wait-time = 10s (default)
2021-06-03 00:00:15,637 [pool-119-thread-1] INFO  server.RaftServerConfigKeys (ConfUtils.java:logGet(44)) - raft.server.sleep.deviation.threshold = 300ms (default)
2021-06-03 00:00:15,637 [pool-119-thread-1] INFO  server.RaftServerConfigKeys (ConfUtils.java:logGet(44)) - raft.server.log.appender.install.snapshot.enabled = false (custom)
2021-06-03 00:00:15,637 [pool-119-thread-1] INFO  server.RaftServer$Division (ServerState.java:<init>(105)) - f4f16679-ee25-4299-b5ef-20744ad00da9@group-F5FB650D46EE: ConfigurationManager, init=-1: [15d89ff8-8978-426f-aa57-cfd2a1dc180a|rpc:10.1.0.28:41799|priority:1, f4f16679-ee25-4299-b5ef-20744ad00da9|rpc:10.1.0.28:36455|priority:0, 7d2c3eba-00a8-4405-8104-350103fd4dff|rpc:10.1.0.28:45839|priority:0], old=null, confs=<EMPTY_MAP>
2021-06-03 00:00:15,637 [pool-119-thread-1] INFO  server.RaftServerConfigKeys (ConfUtils.java:logGet(44)) - raft.server.storage.dir = [/home/runner/work/ozone/ozone/mnt/ozone/hadoop-ozone/integration-test/target/test-dir/MiniOzoneClusterImpl-d99b0d03-7963-4ac2-881f-75d2f82b72ef/datanode-4/data/ratis] (custom)
2021-06-03 00:00:15,637 [pool-119-thread-1] INFO  server.RaftServerConfigKeys (ConfUtils.java:logGet(44)) - raft.server.log.corruption.policy = EXCEPTION (default)
2021-06-03 00:00:15,637 [pool-119-thread-1] INFO  storage.RaftStorageDirectory (RaftStorageDirectoryImpl.java:analyzeStorage(132)) - The storage directory /home/runner/work/ozone/ozone/mnt/ozone/hadoop-ozone/integration-test/target/test-dir/MiniOzoneClusterImpl-d99b0d03-7963-4ac2-881f-75d2f82b72ef/datanode-4/data/ratis/cc478adb-7bde-4f2f-82a4-f5fb650d46ee does not exist. Creating ...
2021-06-03 00:00:15,638 [pool-137-thread-1] INFO  storage.RaftStorage (RaftStorageImpl.java:format(87)) - Storage directory /home/runner/work/ozone/ozone/mnt/ozone/hadoop-ozone/integration-test/target/test-dir/MiniOzoneClusterImpl-d99b0d03-7963-4ac2-881f-75d2f82b72ef/datanode-5/data/ratis/cc478adb-7bde-4f2f-82a4-f5fb650d46ee has been successfully formatted.
2021-06-03 00:00:15,638 [pool-137-thread-1] INFO  ratis.ContainerStateMachine (ContainerStateMachine.java:loadSnapshot(224)) - group-F5FB650D46EE: The snapshot info is null. Setting the last applied indexto:(t:0, i:~)
2021-06-03 00:00:15,638 [pool-137-thread-1] INFO  server.RaftServerConfigKeys (ConfUtils.java:logGet(44)) - raft.server.notification.no-leader.timeout = 300000ms (custom)
2021-06-03 00:00:15,638 [pool-137-thread-1] INFO  server.RaftServerConfigKeys (ConfUtils.java:logGet(44)) - raft.server.log.use.memory = false (default)
2021-06-03 00:00:15,638 [pool-137-thread-1] INFO  server.RaftServerConfigKeys (ConfUtils.java:logGet(44)) - raft.server.log.purge.gap = 1000000 (custom)
2021-06-03 00:00:15,638 [pool-137-thread-1] INFO  server.RaftServerConfigKeys (ConfUtils.java:logGet(44)) - raft.server.log.appender.buffer.byte-limit = 33554432 (custom)
2021-06-03 00:00:15,638 [pool-137-thread-1] INFO  metrics.RatisMetrics (RatisMetrics.java:lambda$create$0(36)) - Creating Metrics Registry : ratis.log_worker.15d89ff8-8978-426f-aa57-cfd2a1dc180a@group-F5FB650D46EE
2021-06-03 00:00:15,638 [pool-137-thread-1] INFO  server.RaftServerConfigKeys (ConfUtils.java:logGet(44)) - raft.server.log.segment.size.max = 1048576 (custom)
2021-06-03 00:00:15,639 [pool-137-thread-1] INFO  server.RaftServerConfigKeys (ConfUtils.java:logGet(44)) - raft.server.log.segment.cache.num.max = 2 (custom)
2021-06-03 00:00:15,639 [pool-137-thread-1] INFO  server.RaftServerConfigKeys (ConfUtils.java:logGet(44)) - raft.server.log.segment.cache.size.max = 200MB (=209715200) (default)
2021-06-03 00:00:15,639 [pool-137-thread-1] INFO  segmented.SegmentedRaftLogWorker (SegmentedRaftLogWorker.java:<init>(182)) - new 15d89ff8-8978-426f-aa57-cfd2a1dc180a@group-F5FB650D46EE-SegmentedRaftLogWorker for RaftStorageImpl:Storage Directory /home/runner/work/ozone/ozone/mnt/ozone/hadoop-ozone/integration-test/target/test-dir/MiniOzoneClusterImpl-d99b0d03-7963-4ac2-881f-75d2f82b72ef/datanode-5/data/ratis/cc478adb-7bde-4f2f-82a4-f5fb650d46ee
2021-06-03 00:00:15,639 [pool-137-thread-1] INFO  server.RaftServerConfigKeys (ConfUtils.java:logGet(44)) - raft.server.log.queue.byte-limit = 2147483647 (custom)
2021-06-03 00:00:15,639 [pool-137-thread-1] INFO  server.RaftServerConfigKeys (ConfUtils.java:logGet(44)) - raft.server.log.queue.element-limit = 1024 (custom)
2021-06-03 00:00:15,639 [pool-137-thread-1] INFO  server.RaftServerConfigKeys (ConfUtils.java:logGet(44)) - raft.server.log.segment.size.max = 1048576 (custom)
2021-06-03 00:00:15,639 [pool-137-thread-1] INFO  server.RaftServerConfigKeys (ConfUtils.java:logGet(44)) - raft.server.log.preallocated.size = 16384 (custom)
2021-06-03 00:00:15,639 [pool-137-thread-1] INFO  server.RaftServerConfigKeys (ConfUtils.java:logGet(44)) - raft.server.log.force.sync.num = 128 (default)
2021-06-03 00:00:15,639 [pool-137-thread-1] INFO  server.RaftServerConfigKeys (ConfUtils.java:logGet(44)) - raft.server.log.statemachine.data.sync = true (default)
2021-06-03 00:00:15,639 [pool-47-thread-1] INFO  server.RaftServer$Division (RaftServerImpl.java:<init>(180)) - c00dd357-5364-4c4f-a775-3282c2d03178: new RaftServerImpl for group-E153A90E5FFE:[696e796d-aedf-4aed-93c4-430e12ffa8fc|rpc:10.1.0.28:37569|dataStream:|priority:1, a9999bf8-cc81-46a6-8339-ca63194a4403|rpc:10.1.0.28:44263|dataStream:|priority:0, c00dd357-5364-4c4f-a775-3282c2d03178|rpc:10.1.0.28:41287|dataStream:|priority:0] with ContainerStateMachine:uninitialized
2021-06-03 00:00:15,639 [pool-137-thread-1] INFO  server.RaftServerConfigKeys (ConfUtils.java:logGet(44)) - raft.server.log.statemachine.data.sync.timeout = 10s (default)
2021-06-03 00:00:15,639 [pool-47-thread-1] INFO  server.RaftServerConfigKeys (ConfUtils.java:logGet(44)) - raft.server.rpc.timeout.min = 5s (custom)
2021-06-03 00:00:15,639 [pool-47-thread-1] INFO  server.RaftServerConfigKeys (ConfUtils.java:logGet(44)) - raft.server.rpc.timeout.max = 5200ms (custom)
2021-06-03 00:00:15,639 [pool-47-thread-1] INFO  server.RaftServerConfigKeys (ConfUtils.java:logGet(44)) - raft.server.rpc.sleep.time = 25ms (default)
2021-06-03 00:00:15,639 [pool-47-thread-1] INFO  server.RaftServerConfigKeys (ConfUtils.java:logGet(44)) - raft.server.rpc.slowness.timeout = 300000ms (custom)
2021-06-03 00:00:15,639 [pool-47-thread-1] INFO  server.RaftServerConfigKeys (ConfUtils.java:logGet(44)) - raft.server.leaderelection.leader.step-down.wait-time = 10s (default)
2021-06-03 00:00:15,639 [pool-47-thread-1] INFO  server.RaftServerConfigKeys (ConfUtils.java:logGet(44)) - raft.server.sleep.deviation.threshold = 300ms (default)
2021-06-03 00:00:15,639 [pool-47-thread-1] INFO  server.RaftServerConfigKeys (ConfUtils.java:logGet(44)) - raft.server.log.appender.install.snapshot.enabled = false (custom)
2021-06-03 00:00:15,639 [pool-47-thread-1] INFO  server.RaftServer$Division (ServerState.java:<init>(105)) - c00dd357-5364-4c4f-a775-3282c2d03178@group-E153A90E5FFE: ConfigurationManager, init=-1: [696e796d-aedf-4aed-93c4-430e12ffa8fc|rpc:10.1.0.28:37569|dataStream:|priority:1, a9999bf8-cc81-46a6-8339-ca63194a4403|rpc:10.1.0.28:44263|dataStream:|priority:0, c00dd357-5364-4c4f-a775-3282c2d03178|rpc:10.1.0.28:41287|dataStream:|priority:0], old=null, confs=<EMPTY_MAP>
2021-06-03 00:00:15,639 [pool-47-thread-1] INFO  server.RaftServerConfigKeys (ConfUtils.java:logGet(44)) - raft.server.storage.dir = [/home/runner/work/ozone/ozone/mnt/ozone/hadoop-ozone/integration-test/target/test-dir/MiniOzoneClusterImpl-d99b0d03-7963-4ac2-881f-75d2f82b72ef/datanode-0/data/ratis] (custom)
2021-06-03 00:00:15,640 [pool-47-thread-1] INFO  server.RaftServerConfigKeys (ConfUtils.java:logGet(44)) - raft.server.log.corruption.policy = EXCEPTION (default)
2021-06-03 00:00:15,640 [pool-47-thread-1] INFO  storage.RaftStorageDirectory (RaftStorageDirectoryImpl.java:analyzeStorage(132)) - The storage directory /home/runner/work/ozone/ozone/mnt/ozone/hadoop-ozone/integration-test/target/test-dir/MiniOzoneClusterImpl-d99b0d03-7963-4ac2-881f-75d2f82b72ef/datanode-0/data/ratis/341c2ee9-3773-4a3b-99d5-e153a90e5ffe does not exist. Creating ...
2021-06-03 00:00:15,639 [pool-137-thread-1] INFO  server.RaftServerConfigKeys (ConfUtils.java:logGet(44)) - raft.server.log.statemachine.data.sync.timeout.retry = -1 (default)
2021-06-03 00:00:15,641 [EventQueue-PipelineReportForOneReplicaPipelineSafeModeRule] INFO  safemode.SCMSafeModeManager (SCMSafeModeManager.java:validateSafeModeExitRules(201)) - AtleastOneDatanodeReportedRule rule is successfully validated
2021-06-03 00:00:15,641 [pool-119-thread-1] INFO  storage.RaftStorageDirectory (RaftStorageDirectoryImpl.java:tryLock(215)) - Lock on /home/runner/work/ozone/ozone/mnt/ozone/hadoop-ozone/integration-test/target/test-dir/MiniOzoneClusterImpl-d99b0d03-7963-4ac2-881f-75d2f82b72ef/datanode-4/data/ratis/cc478adb-7bde-4f2f-82a4-f5fb650d46ee/in_use.lock acquired by nodename 19265@fv-az54-886
2021-06-03 00:00:15,641 [grpc-default-executor-0] INFO  metrics.RatisMetrics (RatisMetrics.java:lambda$create$0(36)) - Creating Metrics Registry : ratis.server_message_metrics.696e796d-aedf-4aed-93c4-430e12ffa8fc
2021-06-03 00:00:15,643 [pool-47-thread-1] INFO  storage.RaftStorageDirectory (RaftStorageDirectoryImpl.java:tryLock(215)) - Lock on /home/runner/work/ozone/ozone/mnt/ozone/hadoop-ozone/integration-test/target/test-dir/MiniOzoneClusterImpl-d99b0d03-7963-4ac2-881f-75d2f82b72ef/datanode-0/data/ratis/341c2ee9-3773-4a3b-99d5-e153a90e5ffe/in_use.lock acquired by nodename 19265@fv-az54-886
2021-06-03 00:00:15,643 [pool-119-thread-1] INFO  storage.RaftStorage (RaftStorageImpl.java:format(87)) - Storage directory /home/runner/work/ozone/ozone/mnt/ozone/hadoop-ozone/integration-test/target/test-dir/MiniOzoneClusterImpl-d99b0d03-7963-4ac2-881f-75d2f82b72ef/datanode-4/data/ratis/cc478adb-7bde-4f2f-82a4-f5fb650d46ee has been successfully formatted.
2021-06-03 00:00:15,643 [pool-119-thread-1] INFO  ratis.ContainerStateMachine (ContainerStateMachine.java:loadSnapshot(224)) - group-F5FB650D46EE: The snapshot info is null. Setting the last applied indexto:(t:0, i:~)
2021-06-03 00:00:15,643 [pool-119-thread-1] INFO  server.RaftServerConfigKeys (ConfUtils.java:logGet(44)) - raft.server.notification.no-leader.timeout = 300000ms (custom)
2021-06-03 00:00:15,644 [pool-119-thread-1] INFO  server.RaftServerConfigKeys (ConfUtils.java:logGet(44)) - raft.server.log.use.memory = false (default)
2021-06-03 00:00:15,644 [pool-119-thread-1] INFO  server.RaftServerConfigKeys (ConfUtils.java:logGet(44)) - raft.server.log.purge.gap = 1000000 (custom)
2021-06-03 00:00:15,644 [pool-119-thread-1] INFO  server.RaftServerConfigKeys (ConfUtils.java:logGet(44)) - raft.server.log.appender.buffer.byte-limit = 33554432 (custom)
2021-06-03 00:00:15,645 [pool-119-thread-1] INFO  metrics.RatisMetrics (RatisMetrics.java:lambda$create$0(36)) - Creating Metrics Registry : ratis.log_worker.f4f16679-ee25-4299-b5ef-20744ad00da9@group-F5FB650D46EE
2021-06-03 00:00:15,645 [pool-119-thread-1] INFO  server.RaftServerConfigKeys (ConfUtils.java:logGet(44)) - raft.server.log.segment.size.max = 1048576 (custom)
2021-06-03 00:00:15,644 [pool-47-thread-1] INFO  storage.RaftStorage (RaftStorageImpl.java:format(87)) - Storage directory /home/runner/work/ozone/ozone/mnt/ozone/hadoop-ozone/integration-test/target/test-dir/MiniOzoneClusterImpl-d99b0d03-7963-4ac2-881f-75d2f82b72ef/datanode-0/data/ratis/341c2ee9-3773-4a3b-99d5-e153a90e5ffe has been successfully formatted.
2021-06-03 00:00:15,645 [EventQueue-PipelineReportForOneReplicaPipelineSafeModeRule] INFO  safemode.SCMSafeModeManager (SCMSafeModeManager.java:validateSafeModeExitRules(201)) - AtleastOneDatanodeReportedRule rule is successfully validated
2021-06-03 00:00:15,645 [EventQueue-OpenPipelineForHealthyPipelineSafeModeRule] INFO  safemode.SCMSafeModeManager (HealthyPipelineSafeModeRule.java:process(130)) - SCM in safe mode. Healthy pipelines reported count is 0, required healthy pipeline reported count is 1
2021-06-03 00:00:15,646 [pool-137-thread-1] INFO  server.RaftServerConfigKeys (ConfUtils.java:logGet(44)) - raft.server.log.write.buffer.size = 1048576 (custom)
2021-06-03 00:00:15,646 [pool-47-thread-1] INFO  ratis.ContainerStateMachine (ContainerStateMachine.java:loadSnapshot(224)) - group-E153A90E5FFE: The snapshot info is null. Setting the last applied indexto:(t:0, i:~)
2021-06-03 00:00:15,646 [pool-47-thread-1] INFO  server.RaftServerConfigKeys (ConfUtils.java:logGet(44)) - raft.server.notification.no-leader.timeout = 300000ms (custom)
2021-06-03 00:00:15,646 [pool-47-thread-1] INFO  server.RaftServerConfigKeys (ConfUtils.java:logGet(44)) - raft.server.log.use.memory = false (default)
2021-06-03 00:00:15,647 [pool-47-thread-1] INFO  server.RaftServerConfigKeys (ConfUtils.java:logGet(44)) - raft.server.log.purge.gap = 1000000 (custom)
2021-06-03 00:00:15,647 [pool-47-thread-1] INFO  server.RaftServerConfigKeys (ConfUtils.java:logGet(44)) - raft.server.log.appender.buffer.byte-limit = 33554432 (custom)
2021-06-03 00:00:15,647 [pool-47-thread-1] INFO  metrics.RatisMetrics (RatisMetrics.java:lambda$create$0(36)) - Creating Metrics Registry : ratis.log_worker.c00dd357-5364-4c4f-a775-3282c2d03178@group-E153A90E5FFE
2021-06-03 00:00:15,647 [pool-137-thread-1] INFO  server.RaftServerConfigKeys (ConfUtils.java:logGet(44)) - raft.server.log.statemachine.data.caching.enabled = true (custom)
2021-06-03 00:00:15,647 [pool-47-thread-1] INFO  server.RaftServerConfigKeys (ConfUtils.java:logGet(44)) - raft.server.log.segment.size.max = 1048576 (custom)
2021-06-03 00:00:15,647 [pool-137-thread-1] INFO  segmented.SegmentedRaftLogWorker (SegmentedRaftLogWorker.java:lambda$new$0(133)) - 15d89ff8-8978-426f-aa57-cfd2a1dc180a@group-F5FB650D46EE-SegmentedRaftLogWorker: flushIndex: setUnconditionally 0 -> -1
2021-06-03 00:00:15,647 [pool-137-thread-1] INFO  segmented.SegmentedRaftLogWorker (SegmentedRaftLogWorker.java:lambda$new$0(133)) - 15d89ff8-8978-426f-aa57-cfd2a1dc180a@group-F5FB650D46EE-SegmentedRaftLogWorker: safeCacheEvictIndex: setUnconditionally 0 -> -1
2021-06-03 00:00:15,647 [pool-119-thread-1] INFO  server.RaftServerConfigKeys (ConfUtils.java:logGet(44)) - raft.server.log.segment.cache.num.max = 2 (custom)
2021-06-03 00:00:15,647 [pool-119-thread-1] INFO  server.RaftServerConfigKeys (ConfUtils.java:logGet(44)) - raft.server.log.segment.cache.size.max = 200MB (=209715200) (default)
2021-06-03 00:00:15,647 [pool-119-thread-1] INFO  segmented.SegmentedRaftLogWorker (SegmentedRaftLogWorker.java:<init>(182)) - new f4f16679-ee25-4299-b5ef-20744ad00da9@group-F5FB650D46EE-SegmentedRaftLogWorker for RaftStorageImpl:Storage Directory /home/runner/work/ozone/ozone/mnt/ozone/hadoop-ozone/integration-test/target/test-dir/MiniOzoneClusterImpl-d99b0d03-7963-4ac2-881f-75d2f82b72ef/datanode-4/data/ratis/cc478adb-7bde-4f2f-82a4-f5fb650d46ee
2021-06-03 00:00:15,648 [pool-119-thread-1] INFO  server.RaftServerConfigKeys (ConfUtils.java:logGet(44)) - raft.server.log.queue.byte-limit = 2147483647 (custom)
2021-06-03 00:00:15,648 [pool-119-thread-1] INFO  server.RaftServerConfigKeys (ConfUtils.java:logGet(44)) - raft.server.log.queue.element-limit = 1024 (custom)
2021-06-03 00:00:15,647 [EventQueue-OpenPipelineForHealthyPipelineSafeModeRule] INFO  safemode.SCMSafeModeManager (HealthyPipelineSafeModeRule.java:process(130)) - SCM in safe mode. Healthy pipelines reported count is 0, required healthy pipeline reported count is 1
2021-06-03 00:00:15,648 [pool-119-thread-1] INFO  server.RaftServerConfigKeys (ConfUtils.java:logGet(44)) - raft.server.log.segment.size.max = 1048576 (custom)
2021-06-03 00:00:15,648 [EventQueue-PipelineReportForOneReplicaPipelineSafeModeRule] INFO  safemode.SCMSafeModeManager (SCMSafeModeManager.java:validateSafeModeExitRules(201)) - AtleastOneDatanodeReportedRule rule is successfully validated
2021-06-03 00:00:15,648 [pool-119-thread-1] INFO  server.RaftServerConfigKeys (ConfUtils.java:logGet(44)) - raft.server.log.preallocated.size = 16384 (custom)
2021-06-03 00:00:15,648 [pool-119-thread-1] INFO  server.RaftServerConfigKeys (ConfUtils.java:logGet(44)) - raft.server.log.force.sync.num = 128 (default)
2021-06-03 00:00:15,648 [pool-119-thread-1] INFO  server.RaftServerConfigKeys (ConfUtils.java:logGet(44)) - raft.server.log.statemachine.data.sync = true (default)
2021-06-03 00:00:15,648 [pool-119-thread-1] INFO  server.RaftServerConfigKeys (ConfUtils.java:logGet(44)) - raft.server.log.statemachine.data.sync.timeout = 10s (default)
2021-06-03 00:00:15,648 [pool-119-thread-1] INFO  server.RaftServerConfigKeys (ConfUtils.java:logGet(44)) - raft.server.log.statemachine.data.sync.timeout.retry = -1 (default)
2021-06-03 00:00:15,649 [pool-47-thread-1] INFO  server.RaftServerConfigKeys (ConfUtils.java:logGet(44)) - raft.server.log.segment.cache.num.max = 2 (custom)
2021-06-03 00:00:15,649 [pool-47-thread-1] INFO  server.RaftServerConfigKeys (ConfUtils.java:logGet(44)) - raft.server.log.segment.cache.size.max = 200MB (=209715200) (default)
2021-06-03 00:00:15,649 [pool-47-thread-1] INFO  segmented.SegmentedRaftLogWorker (SegmentedRaftLogWorker.java:<init>(182)) - new c00dd357-5364-4c4f-a775-3282c2d03178@group-E153A90E5FFE-SegmentedRaftLogWorker for RaftStorageImpl:Storage Directory /home/runner/work/ozone/ozone/mnt/ozone/hadoop-ozone/integration-test/target/test-dir/MiniOzoneClusterImpl-d99b0d03-7963-4ac2-881f-75d2f82b72ef/datanode-0/data/ratis/341c2ee9-3773-4a3b-99d5-e153a90e5ffe
2021-06-03 00:00:15,649 [pool-47-thread-1] INFO  server.RaftServerConfigKeys (ConfUtils.java:logGet(44)) - raft.server.log.queue.byte-limit = 2147483647 (custom)
2021-06-03 00:00:15,649 [pool-47-thread-1] INFO  server.RaftServerConfigKeys (ConfUtils.java:logGet(44)) - raft.server.log.queue.element-limit = 1024 (custom)
2021-06-03 00:00:15,649 [pool-47-thread-1] INFO  server.RaftServerConfigKeys (ConfUtils.java:logGet(44)) - raft.server.log.segment.size.max = 1048576 (custom)
2021-06-03 00:00:15,649 [pool-47-thread-1] INFO  server.RaftServerConfigKeys (ConfUtils.java:logGet(44)) - raft.server.log.preallocated.size = 16384 (custom)
2021-06-03 00:00:15,649 [pool-47-thread-1] INFO  server.RaftServerConfigKeys (ConfUtils.java:logGet(44)) - raft.server.log.force.sync.num = 128 (default)
2021-06-03 00:00:15,649 [pool-47-thread-1] INFO  server.RaftServerConfigKeys (ConfUtils.java:logGet(44)) - raft.server.log.statemachine.data.sync = true (default)
2021-06-03 00:00:15,650 [pool-47-thread-1] INFO  server.RaftServerConfigKeys (ConfUtils.java:logGet(44)) - raft.server.log.statemachine.data.sync.timeout = 10s (default)
2021-06-03 00:00:15,650 [pool-47-thread-1] INFO  server.RaftServerConfigKeys (ConfUtils.java:logGet(44)) - raft.server.log.statemachine.data.sync.timeout.retry = -1 (default)
2021-06-03 00:00:15,653 [pool-137-thread-1] INFO  server.RaftServerConfigKeys (ConfUtils.java:logGet(44)) - raft.server.snapshot.auto.trigger.enabled = true (custom)
2021-06-03 00:00:15,653 [pool-137-thread-1] INFO  server.RaftServerConfigKeys (ConfUtils.java:logGet(44)) - raft.server.snapshot.auto.trigger.threshold = 1 (custom)
2021-06-03 00:00:15,653 [pool-137-thread-1] INFO  server.RaftServerConfigKeys (ConfUtils.java:logGet(44)) - raft.server.snapshot.retention.file.num = 5 (custom)
2021-06-03 00:00:15,653 [pool-137-thread-1] INFO  server.RaftServerConfigKeys (ConfUtils.java:logGet(44)) - raft.server.log.purge.upto.snapshot.index = false (default)
2021-06-03 00:00:15,653 [pool-137-thread-1] INFO  server.RaftServerConfigKeys (ConfUtils.java:logGet(44)) - raft.server.retrycache.expirytime = 600000ms (custom)
2021-06-03 00:00:15,653 [pool-137-thread-1] INFO  server.RaftServerConfigKeys (ConfUtils.java:logGet(44)) - raft.server.retrycache.statistics.expirytime = 100μs (default)
2021-06-03 00:00:15,653 [pool-137-thread-1] INFO  metrics.RatisMetrics (RatisMetrics.java:lambda$create$0(36)) - Creating Metrics Registry : ratis.leader_election.15d89ff8-8978-426f-aa57-cfd2a1dc180a@group-F5FB650D46EE
2021-06-03 00:00:15,669 [pool-47-thread-1] INFO  server.RaftServerConfigKeys (ConfUtils.java:logGet(44)) - raft.server.log.write.buffer.size = 1048576 (custom)
2021-06-03 00:00:15,669 [EventQueue-PipelineReportForOneReplicaPipelineSafeModeRule] INFO  safemode.SCMSafeModeManager (SCMSafeModeManager.java:validateSafeModeExitRules(201)) - AtleastOneDatanodeReportedRule rule is successfully validated
2021-06-03 00:00:15,670 [pool-47-thread-1] INFO  server.RaftServerConfigKeys (ConfUtils.java:logGet(44)) - raft.server.log.statemachine.data.caching.enabled = true (custom)
2021-06-03 00:00:15,670 [pool-47-thread-1] INFO  segmented.SegmentedRaftLogWorker (SegmentedRaftLogWorker.java:lambda$new$0(133)) - c00dd357-5364-4c4f-a775-3282c2d03178@group-E153A90E5FFE-SegmentedRaftLogWorker: flushIndex: setUnconditionally 0 -> -1
2021-06-03 00:00:15,670 [pool-47-thread-1] INFO  segmented.SegmentedRaftLogWorker (SegmentedRaftLogWorker.java:lambda$new$0(133)) - c00dd357-5364-4c4f-a775-3282c2d03178@group-E153A90E5FFE-SegmentedRaftLogWorker: safeCacheEvictIndex: setUnconditionally 0 -> -1
2021-06-03 00:00:15,670 [pool-137-thread-1] INFO  metrics.RatisMetrics (RatisMetrics.java:lambda$create$0(36)) - Creating Metrics Registry : ratis.server.15d89ff8-8978-426f-aa57-cfd2a1dc180a@group-F5FB650D46EE
2021-06-03 00:00:15,672 [pool-119-thread-1] INFO  server.RaftServerConfigKeys (ConfUtils.java:logGet(44)) - raft.server.log.write.buffer.size = 1048576 (custom)
2021-06-03 00:00:15,673 [pool-47-thread-1] INFO  server.RaftServerConfigKeys (ConfUtils.java:logGet(44)) - raft.server.snapshot.auto.trigger.enabled = true (custom)
2021-06-03 00:00:15,673 [pool-47-thread-1] INFO  server.RaftServerConfigKeys (ConfUtils.java:logGet(44)) - raft.server.snapshot.auto.trigger.threshold = 1 (custom)
2021-06-03 00:00:15,673 [pool-47-thread-1] INFO  server.RaftServerConfigKeys (ConfUtils.java:logGet(44)) - raft.server.snapshot.retention.file.num = 5 (custom)
2021-06-03 00:00:15,673 [pool-47-thread-1] INFO  server.RaftServerConfigKeys (ConfUtils.java:logGet(44)) - raft.server.log.purge.upto.snapshot.index = false (default)
2021-06-03 00:00:15,673 [pool-47-thread-1] INFO  server.RaftServerConfigKeys (ConfUtils.java:logGet(44)) - raft.server.retrycache.expirytime = 600000ms (custom)
2021-06-03 00:00:15,673 [pool-47-thread-1] INFO  server.RaftServerConfigKeys (ConfUtils.java:logGet(44)) - raft.server.retrycache.statistics.expirytime = 100μs (default)
2021-06-03 00:00:15,673 [pool-47-thread-1] INFO  metrics.RatisMetrics (RatisMetrics.java:lambda$create$0(36)) - Creating Metrics Registry : ratis.leader_election.c00dd357-5364-4c4f-a775-3282c2d03178@group-E153A90E5FFE
2021-06-03 00:00:15,673 [pool-119-thread-1] INFO  server.RaftServerConfigKeys (ConfUtils.java:logGet(44)) - raft.server.log.statemachine.data.caching.enabled = true (custom)
2021-06-03 00:00:15,673 [pool-119-thread-1] INFO  segmented.SegmentedRaftLogWorker (SegmentedRaftLogWorker.java:lambda$new$0(133)) - f4f16679-ee25-4299-b5ef-20744ad00da9@group-F5FB650D46EE-SegmentedRaftLogWorker: flushIndex: setUnconditionally 0 -> -1
2021-06-03 00:00:15,673 [pool-119-thread-1] INFO  segmented.SegmentedRaftLogWorker (SegmentedRaftLogWorker.java:lambda$new$0(133)) - f4f16679-ee25-4299-b5ef-20744ad00da9@group-F5FB650D46EE-SegmentedRaftLogWorker: safeCacheEvictIndex: setUnconditionally 0 -> -1
2021-06-03 00:00:15,674 [pool-137-thread-1] INFO  server.RaftServer$Division (RaftServerImpl.java:start(295)) - 15d89ff8-8978-426f-aa57-cfd2a1dc180a@group-F5FB650D46EE: start as a follower, conf=-1: [15d89ff8-8978-426f-aa57-cfd2a1dc180a|rpc:10.1.0.28:41799|dataStream:|priority:1, f4f16679-ee25-4299-b5ef-20744ad00da9|rpc:10.1.0.28:36455|dataStream:|priority:0, 7d2c3eba-00a8-4405-8104-350103fd4dff|rpc:10.1.0.28:45839|dataStream:|priority:0], old=null
2021-06-03 00:00:15,674 [pool-137-thread-1] INFO  server.RaftServer$Division (RaftServerImpl.java:setRole(284)) - 15d89ff8-8978-426f-aa57-cfd2a1dc180a@group-F5FB650D46EE: changes role from      null to FOLLOWER at term 0 for startAsFollower
2021-06-03 00:00:15,674 [pool-47-thread-1] INFO  metrics.RatisMetrics (RatisMetrics.java:lambda$create$0(36)) - Creating Metrics Registry : ratis.server.c00dd357-5364-4c4f-a775-3282c2d03178@group-E153A90E5FFE
2021-06-03 00:00:15,675 [pool-47-thread-1] INFO  server.RaftServer$Division (RaftServerImpl.java:start(295)) - c00dd357-5364-4c4f-a775-3282c2d03178@group-E153A90E5FFE: start as a follower, conf=-1: [696e796d-aedf-4aed-93c4-430e12ffa8fc|rpc:10.1.0.28:37569|dataStream:|priority:1, a9999bf8-cc81-46a6-8339-ca63194a4403|rpc:10.1.0.28:44263|dataStream:|priority:0, c00dd357-5364-4c4f-a775-3282c2d03178|rpc:10.1.0.28:41287|dataStream:|priority:0], old=null
2021-06-03 00:00:15,675 [pool-47-thread-1] INFO  server.RaftServer$Division (RaftServerImpl.java:setRole(284)) - c00dd357-5364-4c4f-a775-3282c2d03178@group-E153A90E5FFE: changes role from      null to FOLLOWER at term 0 for startAsFollower
2021-06-03 00:00:15,677 [pool-47-thread-1] INFO  impl.RoleInfo (RoleInfo.java:updateAndGet(130)) - c00dd357-5364-4c4f-a775-3282c2d03178: start c00dd357-5364-4c4f-a775-3282c2d03178@group-E153A90E5FFE-FollowerState
2021-06-03 00:00:15,677 [pool-119-thread-1] INFO  server.RaftServerConfigKeys (ConfUtils.java:logGet(44)) - raft.server.snapshot.auto.trigger.enabled = true (custom)
2021-06-03 00:00:15,677 [pool-119-thread-1] INFO  server.RaftServerConfigKeys (ConfUtils.java:logGet(44)) - raft.server.snapshot.auto.trigger.threshold = 1 (custom)
2021-06-03 00:00:15,677 [pool-119-thread-1] INFO  server.RaftServerConfigKeys (ConfUtils.java:logGet(44)) - raft.server.snapshot.retention.file.num = 5 (custom)
2021-06-03 00:00:15,677 [pool-119-thread-1] INFO  server.RaftServerConfigKeys (ConfUtils.java:logGet(44)) - raft.server.log.purge.upto.snapshot.index = false (default)
2021-06-03 00:00:15,681 [pool-137-thread-1] INFO  impl.RoleInfo (RoleInfo.java:updateAndGet(130)) - 15d89ff8-8978-426f-aa57-cfd2a1dc180a: start 15d89ff8-8978-426f-aa57-cfd2a1dc180a@group-F5FB650D46EE-FollowerState
2021-06-03 00:00:15,682 [Command processor thread] INFO  server.RaftServer (RaftServerProxy.java:addNew(95)) - 15d89ff8-8978-426f-aa57-cfd2a1dc180a: addNew group-EAB3E91F4DF9:[15d89ff8-8978-426f-aa57-cfd2a1dc180a|rpc:10.1.0.28:41799|priority:1] returns group-EAB3E91F4DF9:java.util.concurrent.CompletableFuture@de004b5[Not completed]
2021-06-03 00:00:15,683 [pool-137-thread-1] INFO  util.JmxRegister (JmxRegister.java:tryRegister(44)) - Successfully registered JMX Bean with object name Ratis:service=RaftServer,group=group-F5FB650D46EE,id=15d89ff8-8978-426f-aa57-cfd2a1dc180a
2021-06-03 00:00:15,684 [pool-47-thread-1] INFO  util.JmxRegister (JmxRegister.java:tryRegister(44)) - Successfully registered JMX Bean with object name Ratis:service=RaftServer,group=group-E153A90E5FFE,id=c00dd357-5364-4c4f-a775-3282c2d03178
2021-06-03 00:00:15,684 [pool-137-thread-1] INFO  metrics.RatisMetrics (RatisMetrics.java:lambda$create$0(36)) - Creating Metrics Registry : ratis.state_machine.15d89ff8-8978-426f-aa57-cfd2a1dc180a@group-F5FB650D46EE
2021-06-03 00:00:15,684 [pool-47-thread-1] INFO  metrics.RatisMetrics (RatisMetrics.java:lambda$create$0(36)) - Creating Metrics Registry : ratis.state_machine.c00dd357-5364-4c4f-a775-3282c2d03178@group-E153A90E5FFE
2021-06-03 00:00:15,685 [pool-119-thread-1] INFO  server.RaftServerConfigKeys (ConfUtils.java:logGet(44)) - raft.server.retrycache.expirytime = 600000ms (custom)
2021-06-03 00:00:15,685 [pool-119-thread-1] INFO  server.RaftServerConfigKeys (ConfUtils.java:logGet(44)) - raft.server.retrycache.statistics.expirytime = 100μs (default)
2021-06-03 00:00:15,685 [pool-119-thread-1] INFO  metrics.RatisMetrics (RatisMetrics.java:lambda$create$0(36)) - Creating Metrics Registry : ratis.leader_election.f4f16679-ee25-4299-b5ef-20744ad00da9@group-F5FB650D46EE
2021-06-03 00:00:15,685 [pool-119-thread-1] INFO  metrics.RatisMetrics (RatisMetrics.java:lambda$create$0(36)) - Creating Metrics Registry : ratis.server.f4f16679-ee25-4299-b5ef-20744ad00da9@group-F5FB650D46EE
2021-06-03 00:00:15,686 [pool-119-thread-1] INFO  server.RaftServer$Division (RaftServerImpl.java:start(295)) - f4f16679-ee25-4299-b5ef-20744ad00da9@group-F5FB650D46EE: start as a follower, conf=-1: [15d89ff8-8978-426f-aa57-cfd2a1dc180a|rpc:10.1.0.28:41799|priority:1, f4f16679-ee25-4299-b5ef-20744ad00da9|rpc:10.1.0.28:36455|priority:0, 7d2c3eba-00a8-4405-8104-350103fd4dff|rpc:10.1.0.28:45839|priority:0], old=null
2021-06-03 00:00:15,686 [pool-119-thread-1] INFO  server.RaftServer$Division (RaftServerImpl.java:setRole(284)) - f4f16679-ee25-4299-b5ef-20744ad00da9@group-F5FB650D46EE: changes role from      null to FOLLOWER at term 0 for startAsFollower
2021-06-03 00:00:15,686 [pool-119-thread-1] INFO  impl.RoleInfo (RoleInfo.java:updateAndGet(130)) - f4f16679-ee25-4299-b5ef-20744ad00da9: start f4f16679-ee25-4299-b5ef-20744ad00da9@group-F5FB650D46EE-FollowerState
2021-06-03 00:00:15,687 [pool-119-thread-1] INFO  util.JmxRegister (JmxRegister.java:tryRegister(44)) - Successfully registered JMX Bean with object name Ratis:service=RaftServer,group=group-F5FB650D46EE,id=f4f16679-ee25-4299-b5ef-20744ad00da9
2021-06-03 00:00:15,687 [pool-119-thread-1] INFO  metrics.RatisMetrics (RatisMetrics.java:lambda$create$0(36)) - Creating Metrics Registry : ratis.state_machine.f4f16679-ee25-4299-b5ef-20744ad00da9@group-F5FB650D46EE
2021-06-03 00:00:15,687 [Command processor thread] INFO  ratis.XceiverServerRatis (XceiverServerRatis.java:addGroup(808)) - Created group PipelineID=cc478adb-7bde-4f2f-82a4-f5fb650d46ee
2021-06-03 00:00:15,689 [Command processor thread] INFO  metrics.RatisMetrics (RatisMetrics.java:lambda$create$0(36)) - Creating Metrics Registry : ratis.client_message_metrics.client-2A0F01F2B289->15d89ff8-8978-426f-aa57-cfd2a1dc180a
2021-06-03 00:00:15,698 [pool-137-thread-1] INFO  server.RaftServer$Division (RaftServerImpl.java:<init>(180)) - 15d89ff8-8978-426f-aa57-cfd2a1dc180a: new RaftServerImpl for group-EAB3E91F4DF9:[15d89ff8-8978-426f-aa57-cfd2a1dc180a|rpc:10.1.0.28:41799|priority:1] with ContainerStateMachine:uninitialized
2021-06-03 00:00:15,698 [pool-137-thread-1] INFO  server.RaftServerConfigKeys (ConfUtils.java:logGet(44)) - raft.server.rpc.timeout.min = 5s (custom)
2021-06-03 00:00:15,698 [pool-137-thread-1] INFO  server.RaftServerConfigKeys (ConfUtils.java:logGet(44)) - raft.server.rpc.timeout.max = 5200ms (custom)
2021-06-03 00:00:15,699 [pool-137-thread-1] INFO  server.RaftServerConfigKeys (ConfUtils.java:logGet(44)) - raft.server.rpc.sleep.time = 25ms (default)
2021-06-03 00:00:15,699 [pool-137-thread-1] INFO  server.RaftServerConfigKeys (ConfUtils.java:logGet(44)) - raft.server.rpc.slowness.timeout = 300000ms (custom)
2021-06-03 00:00:15,699 [pool-137-thread-1] INFO  server.RaftServerConfigKeys (ConfUtils.java:logGet(44)) - raft.server.leaderelection.leader.step-down.wait-time = 10s (default)
2021-06-03 00:00:15,699 [pool-137-thread-1] INFO  server.RaftServerConfigKeys (ConfUtils.java:logGet(44)) - raft.server.sleep.deviation.threshold = 300ms (default)
2021-06-03 00:00:15,699 [pool-137-thread-1] INFO  server.RaftServerConfigKeys (ConfUtils.java:logGet(44)) - raft.server.log.appender.install.snapshot.enabled = false (custom)
2021-06-03 00:00:15,699 [pool-137-thread-1] INFO  server.RaftServer$Division (ServerState.java:<init>(105)) - 15d89ff8-8978-426f-aa57-cfd2a1dc180a@group-EAB3E91F4DF9: ConfigurationManager, init=-1: [15d89ff8-8978-426f-aa57-cfd2a1dc180a|rpc:10.1.0.28:41799|priority:1], old=null, confs=<EMPTY_MAP>
2021-06-03 00:00:15,699 [pool-137-thread-1] INFO  server.RaftServerConfigKeys (ConfUtils.java:logGet(44)) - raft.server.storage.dir = [/home/runner/work/ozone/ozone/mnt/ozone/hadoop-ozone/integration-test/target/test-dir/MiniOzoneClusterImpl-d99b0d03-7963-4ac2-881f-75d2f82b72ef/datanode-5/data/ratis] (custom)
2021-06-03 00:00:15,699 [pool-137-thread-1] INFO  server.RaftServerConfigKeys (ConfUtils.java:logGet(44)) - raft.server.log.corruption.policy = EXCEPTION (default)
2021-06-03 00:00:15,702 [pool-137-thread-1] INFO  storage.RaftStorageDirectory (RaftStorageDirectoryImpl.java:analyzeStorage(132)) - The storage directory /home/runner/work/ozone/ozone/mnt/ozone/hadoop-ozone/integration-test/target/test-dir/MiniOzoneClusterImpl-d99b0d03-7963-4ac2-881f-75d2f82b72ef/datanode-5/data/ratis/3039c689-6276-471c-9233-eab3e91f4df9 does not exist. Creating ...
2021-06-03 00:00:15,703 [pool-137-thread-1] INFO  storage.RaftStorageDirectory (RaftStorageDirectoryImpl.java:tryLock(215)) - Lock on /home/runner/work/ozone/ozone/mnt/ozone/hadoop-ozone/integration-test/target/test-dir/MiniOzoneClusterImpl-d99b0d03-7963-4ac2-881f-75d2f82b72ef/datanode-5/data/ratis/3039c689-6276-471c-9233-eab3e91f4df9/in_use.lock acquired by nodename 19265@fv-az54-886
2021-06-03 00:00:15,704 [Command processor thread] INFO  commandhandler.CreatePipelineCommandHandler (CreatePipelineCommandHandler.java:handle(106)) - Created Pipeline RATIS THREE PipelineID=76f3524a-41cc-4041-bba1-765e0191f053.
2021-06-03 00:00:15,705 [pool-137-thread-1] INFO  storage.RaftStorage (RaftStorageImpl.java:format(87)) - Storage directory /home/runner/work/ozone/ozone/mnt/ozone/hadoop-ozone/integration-test/target/test-dir/MiniOzoneClusterImpl-d99b0d03-7963-4ac2-881f-75d2f82b72ef/datanode-5/data/ratis/3039c689-6276-471c-9233-eab3e91f4df9 has been successfully formatted.
2021-06-03 00:00:15,706 [pool-137-thread-1] INFO  ratis.ContainerStateMachine (ContainerStateMachine.java:loadSnapshot(224)) - group-EAB3E91F4DF9: The snapshot info is null. Setting the last applied indexto:(t:0, i:~)
2021-06-03 00:00:15,706 [pool-137-thread-1] INFO  server.RaftServerConfigKeys (ConfUtils.java:logGet(44)) - raft.server.notification.no-leader.timeout = 300000ms (custom)
2021-06-03 00:00:15,706 [pool-137-thread-1] INFO  server.RaftServerConfigKeys (ConfUtils.java:logGet(44)) - raft.server.log.use.memory = false (default)
2021-06-03 00:00:15,706 [pool-137-thread-1] INFO  server.RaftServerConfigKeys (ConfUtils.java:logGet(44)) - raft.server.log.purge.gap = 1000000 (custom)
2021-06-03 00:00:15,706 [pool-137-thread-1] INFO  server.RaftServerConfigKeys (ConfUtils.java:logGet(44)) - raft.server.log.appender.buffer.byte-limit = 33554432 (custom)
2021-06-03 00:00:15,706 [pool-137-thread-1] INFO  metrics.RatisMetrics (RatisMetrics.java:lambda$create$0(36)) - Creating Metrics Registry : ratis.log_worker.15d89ff8-8978-426f-aa57-cfd2a1dc180a@group-EAB3E91F4DF9
2021-06-03 00:00:15,706 [pool-137-thread-1] INFO  server.RaftServerConfigKeys (ConfUtils.java:logGet(44)) - raft.server.log.segment.size.max = 1048576 (custom)
2021-06-03 00:00:15,707 [pool-137-thread-1] INFO  server.RaftServerConfigKeys (ConfUtils.java:logGet(44)) - raft.server.log.segment.cache.num.max = 2 (custom)
2021-06-03 00:00:15,707 [pool-137-thread-1] INFO  server.RaftServerConfigKeys (ConfUtils.java:logGet(44)) - raft.server.log.segment.cache.size.max = 200MB (=209715200) (default)
2021-06-03 00:00:15,707 [pool-137-thread-1] INFO  segmented.SegmentedRaftLogWorker (SegmentedRaftLogWorker.java:<init>(182)) - new 15d89ff8-8978-426f-aa57-cfd2a1dc180a@group-EAB3E91F4DF9-SegmentedRaftLogWorker for RaftStorageImpl:Storage Directory /home/runner/work/ozone/ozone/mnt/ozone/hadoop-ozone/integration-test/target/test-dir/MiniOzoneClusterImpl-d99b0d03-7963-4ac2-881f-75d2f82b72ef/datanode-5/data/ratis/3039c689-6276-471c-9233-eab3e91f4df9
2021-06-03 00:00:15,707 [pool-137-thread-1] INFO  server.RaftServerConfigKeys (ConfUtils.java:logGet(44)) - raft.server.log.queue.byte-limit = 2147483647 (custom)
2021-06-03 00:00:15,707 [pool-137-thread-1] INFO  server.RaftServerConfigKeys (ConfUtils.java:logGet(44)) - raft.server.log.queue.element-limit = 1024 (custom)
2021-06-03 00:00:15,707 [pool-137-thread-1] INFO  server.RaftServerConfigKeys (ConfUtils.java:logGet(44)) - raft.server.log.segment.size.max = 1048576 (custom)
2021-06-03 00:00:15,707 [pool-137-thread-1] INFO  server.RaftServerConfigKeys (ConfUtils.java:logGet(44)) - raft.server.log.preallocated.size = 16384 (custom)
2021-06-03 00:00:15,707 [pool-137-thread-1] INFO  server.RaftServerConfigKeys (ConfUtils.java:logGet(44)) - raft.server.log.force.sync.num = 128 (default)
2021-06-03 00:00:15,707 [pool-137-thread-1] INFO  server.RaftServerConfigKeys (ConfUtils.java:logGet(44)) - raft.server.log.statemachine.data.sync = true (default)
2021-06-03 00:00:15,707 [pool-137-thread-1] INFO  server.RaftServerConfigKeys (ConfUtils.java:logGet(44)) - raft.server.log.statemachine.data.sync.timeout = 10s (default)
2021-06-03 00:00:15,707 [pool-137-thread-1] INFO  server.RaftServerConfigKeys (ConfUtils.java:logGet(44)) - raft.server.log.statemachine.data.sync.timeout.retry = -1 (default)
2021-06-03 00:00:15,707 [Command processor thread] INFO  metrics.RatisMetrics (RatisMetrics.java:lambda$create$0(36)) - Creating Metrics Registry : ratis.client_message_metrics.client-CB8E25BF736F->a9999bf8-cc81-46a6-8339-ca63194a4403
2021-06-03 00:00:15,709 [EventQueue-PipelineReportForPipelineReportHandler] INFO  pipeline.PipelineManagerV2Impl (PipelineManagerV2Impl.java:openPipeline(270)) - Pipeline Pipeline[ Id: 3039c689-6276-471c-9233-eab3e91f4df9, Nodes: 15d89ff8-8978-426f-aa57-cfd2a1dc180a{ip: 10.1.0.28, host: fv-az54-886.gmada3d5h3zutaf4vio4yveaag.bx.internal.cloudapp.net, ports: [REPLICATION=39249, RATIS=41799, RATIS_ADMIN=41799, RATIS_SERVER=41799, STANDALONE=34845], networkLocation: /default-rack, certSerialId: null, persistedOpState: IN_SERVICE, persistedOpStateExpiryEpochSec: 0}, ReplicationConfig: RATIS/ONE, State:ALLOCATED, leaderId:15d89ff8-8978-426f-aa57-cfd2a1dc180a, CreationTimestamp2021-06-03T00:00:12.686Z] moved to OPEN state
2021-06-03 00:00:15,709 [EventQueue-PipelineReportForOneReplicaPipelineSafeModeRule] INFO  safemode.SCMSafeModeManager (SCMSafeModeManager.java:validateSafeModeExitRules(201)) - AtleastOneDatanodeReportedRule rule is successfully validated
2021-06-03 00:00:15,710 [EventQueue-OpenPipelineForHealthyPipelineSafeModeRule] INFO  safemode.SCMSafeModeManager (HealthyPipelineSafeModeRule.java:process(130)) - SCM in safe mode. Healthy pipelines reported count is 0, required healthy pipeline reported count is 1
2021-06-03 00:00:15,711 [pool-137-thread-1] INFO  server.RaftServerConfigKeys (ConfUtils.java:logGet(44)) - raft.server.log.write.buffer.size = 1048576 (custom)
2021-06-03 00:00:15,712 [pool-137-thread-1] INFO  server.RaftServerConfigKeys (ConfUtils.java:logGet(44)) - raft.server.log.statemachine.data.caching.enabled = true (custom)
2021-06-03 00:00:15,712 [Command processor thread] INFO  metrics.RatisMetrics (RatisMetrics.java:lambda$create$0(36)) - Creating Metrics Registry : ratis.client_message_metrics.client-79E196D3310F->696e796d-aedf-4aed-93c4-430e12ffa8fc
2021-06-03 00:00:15,712 [pool-137-thread-1] INFO  segmented.SegmentedRaftLogWorker (SegmentedRaftLogWorker.java:lambda$new$0(133)) - 15d89ff8-8978-426f-aa57-cfd2a1dc180a@group-EAB3E91F4DF9-SegmentedRaftLogWorker: flushIndex: setUnconditionally 0 -> -1
2021-06-03 00:00:15,712 [pool-137-thread-1] INFO  segmented.SegmentedRaftLogWorker (SegmentedRaftLogWorker.java:lambda$new$0(133)) - 15d89ff8-8978-426f-aa57-cfd2a1dc180a@group-EAB3E91F4DF9-SegmentedRaftLogWorker: safeCacheEvictIndex: setUnconditionally 0 -> -1
2021-06-03 00:00:15,712 [pool-137-thread-1] INFO  server.RaftServerConfigKeys (ConfUtils.java:logGet(44)) - raft.server.snapshot.auto.trigger.enabled = true (custom)
2021-06-03 00:00:15,712 [pool-137-thread-1] INFO  server.RaftServerConfigKeys (ConfUtils.java:logGet(44)) - raft.server.snapshot.auto.trigger.threshold = 1 (custom)
2021-06-03 00:00:15,712 [pool-137-thread-1] INFO  server.RaftServerConfigKeys (ConfUtils.java:logGet(44)) - raft.server.snapshot.retention.file.num = 5 (custom)
2021-06-03 00:00:15,713 [pool-137-thread-1] INFO  server.RaftServerConfigKeys (ConfUtils.java:logGet(44)) - raft.server.log.purge.upto.snapshot.index = false (default)
2021-06-03 00:00:15,713 [pool-137-thread-1] INFO  server.RaftServerConfigKeys (ConfUtils.java:logGet(44)) - raft.server.retrycache.expirytime = 600000ms (custom)
2021-06-03 00:00:15,713 [pool-137-thread-1] INFO  server.RaftServerConfigKeys (ConfUtils.java:logGet(44)) - raft.server.retrycache.statistics.expirytime = 100μs (default)
2021-06-03 00:00:15,721 [pool-137-thread-1] INFO  metrics.RatisMetrics (RatisMetrics.java:lambda$create$0(36)) - Creating Metrics Registry : ratis.leader_election.15d89ff8-8978-426f-aa57-cfd2a1dc180a@group-EAB3E91F4DF9
2021-06-03 00:00:15,721 [pool-137-thread-1] INFO  metrics.RatisMetrics (RatisMetrics.java:lambda$create$0(36)) - Creating Metrics Registry : ratis.server.15d89ff8-8978-426f-aa57-cfd2a1dc180a@group-EAB3E91F4DF9
2021-06-03 00:00:15,722 [pool-137-thread-1] INFO  server.RaftServer$Division (RaftServerImpl.java:start(295)) - 15d89ff8-8978-426f-aa57-cfd2a1dc180a@group-EAB3E91F4DF9: start as a follower, conf=-1: [15d89ff8-8978-426f-aa57-cfd2a1dc180a|rpc:10.1.0.28:41799|priority:1], old=null
2021-06-03 00:00:15,722 [pool-137-thread-1] INFO  server.RaftServer$Division (RaftServerImpl.java:setRole(284)) - 15d89ff8-8978-426f-aa57-cfd2a1dc180a@group-EAB3E91F4DF9: changes role from      null to FOLLOWER at term 0 for startAsFollower
2021-06-03 00:00:15,722 [pool-137-thread-1] INFO  impl.RoleInfo (RoleInfo.java:updateAndGet(130)) - 15d89ff8-8978-426f-aa57-cfd2a1dc180a: start 15d89ff8-8978-426f-aa57-cfd2a1dc180a@group-EAB3E91F4DF9-FollowerState
2021-06-03 00:00:15,725 [pool-137-thread-1] INFO  util.JmxRegister (JmxRegister.java:tryRegister(44)) - Successfully registered JMX Bean with object name Ratis:service=RaftServer,group=group-EAB3E91F4DF9,id=15d89ff8-8978-426f-aa57-cfd2a1dc180a
2021-06-03 00:00:15,725 [pool-137-thread-1] INFO  metrics.RatisMetrics (RatisMetrics.java:lambda$create$0(36)) - Creating Metrics Registry : ratis.state_machine.15d89ff8-8978-426f-aa57-cfd2a1dc180a@group-EAB3E91F4DF9
2021-06-03 00:00:15,731 [Command processor thread] INFO  ratis.XceiverServerRatis (XceiverServerRatis.java:addGroup(808)) - Created group PipelineID=3039c689-6276-471c-9233-eab3e91f4df9
2021-06-03 00:00:15,731 [Command processor thread] INFO  commandhandler.CreatePipelineCommandHandler (CreatePipelineCommandHandler.java:handle(106)) - Created Pipeline RATIS ONE PipelineID=3039c689-6276-471c-9233-eab3e91f4df9.
2021-06-03 00:00:15,731 [Command processor thread] INFO  server.RaftServer (RaftServerProxy.java:addNew(95)) - 15d89ff8-8978-426f-aa57-cfd2a1dc180a: addNew group-B547EC5FBBCA:[15d89ff8-8978-426f-aa57-cfd2a1dc180a|rpc:10.1.0.28:41799|priority:0, f4f16679-ee25-4299-b5ef-20744ad00da9|rpc:10.1.0.28:36455|priority:1, 7d2c3eba-00a8-4405-8104-350103fd4dff|rpc:10.1.0.28:45839|priority:0] returns group-B547EC5FBBCA:java.util.concurrent.CompletableFuture@327eb79[Not completed]
2021-06-03 00:00:15,732 [pool-137-thread-1] INFO  server.RaftServer$Division (RaftServerImpl.java:<init>(180)) - 15d89ff8-8978-426f-aa57-cfd2a1dc180a: new RaftServerImpl for group-B547EC5FBBCA:[15d89ff8-8978-426f-aa57-cfd2a1dc180a|rpc:10.1.0.28:41799|priority:0, f4f16679-ee25-4299-b5ef-20744ad00da9|rpc:10.1.0.28:36455|priority:1, 7d2c3eba-00a8-4405-8104-350103fd4dff|rpc:10.1.0.28:45839|priority:0] with ContainerStateMachine:uninitialized
2021-06-03 00:00:15,732 [pool-137-thread-1] INFO  server.RaftServerConfigKeys (ConfUtils.java:logGet(44)) - raft.server.rpc.timeout.min = 5s (custom)
2021-06-03 00:00:15,732 [pool-137-thread-1] INFO  server.RaftServerConfigKeys (ConfUtils.java:logGet(44)) - raft.server.rpc.timeout.max = 5200ms (custom)
2021-06-03 00:00:15,732 [pool-137-thread-1] INFO  server.RaftServerConfigKeys (ConfUtils.java:logGet(44)) - raft.server.rpc.sleep.time = 25ms (default)
2021-06-03 00:00:15,732 [pool-137-thread-1] INFO  server.RaftServerConfigKeys (ConfUtils.java:logGet(44)) - raft.server.rpc.slowness.timeout = 300000ms (custom)
2021-06-03 00:00:15,732 [pool-137-thread-1] INFO  server.RaftServerConfigKeys (ConfUtils.java:logGet(44)) - raft.server.leaderelection.leader.step-down.wait-time = 10s (default)
2021-06-03 00:00:15,732 [pool-137-thread-1] INFO  server.RaftServerConfigKeys (ConfUtils.java:logGet(44)) - raft.server.sleep.deviation.threshold = 300ms (default)
2021-06-03 00:00:15,732 [pool-137-thread-1] INFO  server.RaftServerConfigKeys (ConfUtils.java:logGet(44)) - raft.server.log.appender.install.snapshot.enabled = false (custom)
2021-06-03 00:00:15,732 [pool-137-thread-1] INFO  server.RaftServer$Division (ServerState.java:<init>(105)) - 15d89ff8-8978-426f-aa57-cfd2a1dc180a@group-B547EC5FBBCA: ConfigurationManager, init=-1: [15d89ff8-8978-426f-aa57-cfd2a1dc180a|rpc:10.1.0.28:41799|priority:0, f4f16679-ee25-4299-b5ef-20744ad00da9|rpc:10.1.0.28:36455|priority:1, 7d2c3eba-00a8-4405-8104-350103fd4dff|rpc:10.1.0.28:45839|priority:0], old=null, confs=<EMPTY_MAP>
2021-06-03 00:00:15,732 [pool-137-thread-1] INFO  server.RaftServerConfigKeys (ConfUtils.java:logGet(44)) - raft.server.storage.dir = [/home/runner/work/ozone/ozone/mnt/ozone/hadoop-ozone/integration-test/target/test-dir/MiniOzoneClusterImpl-d99b0d03-7963-4ac2-881f-75d2f82b72ef/datanode-5/data/ratis] (custom)
2021-06-03 00:00:15,733 [pool-137-thread-1] INFO  server.RaftServerConfigKeys (ConfUtils.java:logGet(44)) - raft.server.log.corruption.policy = EXCEPTION (default)
2021-06-03 00:00:15,733 [pool-137-thread-1] INFO  storage.RaftStorageDirectory (RaftStorageDirectoryImpl.java:analyzeStorage(132)) - The storage directory /home/runner/work/ozone/ozone/mnt/ozone/hadoop-ozone/integration-test/target/test-dir/MiniOzoneClusterImpl-d99b0d03-7963-4ac2-881f-75d2f82b72ef/datanode-5/data/ratis/d82feb61-3546-4dbb-be3b-b547ec5fbbca does not exist. Creating ...
2021-06-03 00:00:15,734 [pool-137-thread-1] INFO  storage.RaftStorageDirectory (RaftStorageDirectoryImpl.java:tryLock(215)) - Lock on /home/runner/work/ozone/ozone/mnt/ozone/hadoop-ozone/integration-test/target/test-dir/MiniOzoneClusterImpl-d99b0d03-7963-4ac2-881f-75d2f82b72ef/datanode-5/data/ratis/d82feb61-3546-4dbb-be3b-b547ec5fbbca/in_use.lock acquired by nodename 19265@fv-az54-886
2021-06-03 00:00:15,735 [pool-137-thread-1] INFO  storage.RaftStorage (RaftStorageImpl.java:format(87)) - Storage directory /home/runner/work/ozone/ozone/mnt/ozone/hadoop-ozone/integration-test/target/test-dir/MiniOzoneClusterImpl-d99b0d03-7963-4ac2-881f-75d2f82b72ef/datanode-5/data/ratis/d82feb61-3546-4dbb-be3b-b547ec5fbbca has been successfully formatted.
2021-06-03 00:00:15,735 [pool-137-thread-1] INFO  ratis.ContainerStateMachine (ContainerStateMachine.java:loadSnapshot(224)) - group-B547EC5FBBCA: The snapshot info is null. Setting the last applied indexto:(t:0, i:~)
2021-06-03 00:00:15,735 [pool-137-thread-1] INFO  server.RaftServerConfigKeys (ConfUtils.java:logGet(44)) - raft.server.notification.no-leader.timeout = 300000ms (custom)
2021-06-03 00:00:15,735 [pool-137-thread-1] INFO  server.RaftServerConfigKeys (ConfUtils.java:logGet(44)) - raft.server.log.use.memory = false (default)
2021-06-03 00:00:15,735 [pool-137-thread-1] INFO  server.RaftServerConfigKeys (ConfUtils.java:logGet(44)) - raft.server.log.purge.gap = 1000000 (custom)
2021-06-03 00:00:15,735 [pool-137-thread-1] INFO  server.RaftServerConfigKeys (ConfUtils.java:logGet(44)) - raft.server.log.appender.buffer.byte-limit = 33554432 (custom)
2021-06-03 00:00:15,735 [pool-137-thread-1] INFO  metrics.RatisMetrics (RatisMetrics.java:lambda$create$0(36)) - Creating Metrics Registry : ratis.log_worker.15d89ff8-8978-426f-aa57-cfd2a1dc180a@group-B547EC5FBBCA
2021-06-03 00:00:15,736 [EventQueue-PipelineReportForOneReplicaPipelineSafeModeRule] INFO  safemode.SCMSafeModeManager (SCMSafeModeManager.java:validateSafeModeExitRules(201)) - AtleastOneDatanodeReportedRule rule is successfully validated
2021-06-03 00:00:15,736 [EventQueue-OpenPipelineForHealthyPipelineSafeModeRule] INFO  safemode.SCMSafeModeManager (HealthyPipelineSafeModeRule.java:process(130)) - SCM in safe mode. Healthy pipelines reported count is 0, required healthy pipeline reported count is 1
2021-06-03 00:00:15,738 [pool-137-thread-1] INFO  server.RaftServerConfigKeys (ConfUtils.java:logGet(44)) - raft.server.log.segment.size.max = 1048576 (custom)
2021-06-03 00:00:15,739 [pool-137-thread-1] INFO  server.RaftServerConfigKeys (ConfUtils.java:logGet(44)) - raft.server.log.segment.cache.num.max = 2 (custom)
2021-06-03 00:00:15,739 [pool-137-thread-1] INFO  server.RaftServerConfigKeys (ConfUtils.java:logGet(44)) - raft.server.log.segment.cache.size.max = 200MB (=209715200) (default)
2021-06-03 00:00:15,739 [pool-137-thread-1] INFO  segmented.SegmentedRaftLogWorker (SegmentedRaftLogWorker.java:<init>(182)) - new 15d89ff8-8978-426f-aa57-cfd2a1dc180a@group-B547EC5FBBCA-SegmentedRaftLogWorker for RaftStorageImpl:Storage Directory /home/runner/work/ozone/ozone/mnt/ozone/hadoop-ozone/integration-test/target/test-dir/MiniOzoneClusterImpl-d99b0d03-7963-4ac2-881f-75d2f82b72ef/datanode-5/data/ratis/d82feb61-3546-4dbb-be3b-b547ec5fbbca
2021-06-03 00:00:15,739 [pool-137-thread-1] INFO  server.RaftServerConfigKeys (ConfUtils.java:logGet(44)) - raft.server.log.queue.byte-limit = 2147483647 (custom)
2021-06-03 00:00:15,739 [pool-137-thread-1] INFO  server.RaftServerConfigKeys (ConfUtils.java:logGet(44)) - raft.server.log.queue.element-limit = 1024 (custom)
2021-06-03 00:00:15,739 [pool-137-thread-1] INFO  server.RaftServerConfigKeys (ConfUtils.java:logGet(44)) - raft.server.log.segment.size.max = 1048576 (custom)
2021-06-03 00:00:15,739 [pool-137-thread-1] INFO  server.RaftServerConfigKeys (ConfUtils.java:logGet(44)) - raft.server.log.preallocated.size = 16384 (custom)
2021-06-03 00:00:15,739 [pool-137-thread-1] INFO  server.RaftServerConfigKeys (ConfUtils.java:logGet(44)) - raft.server.log.force.sync.num = 128 (default)
2021-06-03 00:00:15,739 [pool-137-thread-1] INFO  server.RaftServerConfigKeys (ConfUtils.java:logGet(44)) - raft.server.log.statemachine.data.sync = true (default)
2021-06-03 00:00:15,739 [pool-137-thread-1] INFO  server.RaftServerConfigKeys (ConfUtils.java:logGet(44)) - raft.server.log.statemachine.data.sync.timeout = 10s (default)
2021-06-03 00:00:15,739 [pool-137-thread-1] INFO  server.RaftServerConfigKeys (ConfUtils.java:logGet(44)) - raft.server.log.statemachine.data.sync.timeout.retry = -1 (default)
2021-06-03 00:00:15,740 [pool-137-thread-1] INFO  server.RaftServerConfigKeys (ConfUtils.java:logGet(44)) - raft.server.log.write.buffer.size = 1048576 (custom)
2021-06-03 00:00:15,741 [pool-137-thread-1] INFO  server.RaftServerConfigKeys (ConfUtils.java:logGet(44)) - raft.server.log.statemachine.data.caching.enabled = true (custom)
2021-06-03 00:00:15,741 [EventQueue-PipelineReportForOneReplicaPipelineSafeModeRule] INFO  safemode.SCMSafeModeManager (SCMSafeModeManager.java:validateSafeModeExitRules(201)) - AtleastOneDatanodeReportedRule rule is successfully validated
2021-06-03 00:00:15,741 [EventQueue-OpenPipelineForHealthyPipelineSafeModeRule] INFO  safemode.SCMSafeModeManager (HealthyPipelineSafeModeRule.java:process(130)) - SCM in safe mode. Healthy pipelines reported count is 0, required healthy pipeline reported count is 1
2021-06-03 00:00:15,741 [pool-137-thread-1] INFO  segmented.SegmentedRaftLogWorker (SegmentedRaftLogWorker.java:lambda$new$0(133)) - 15d89ff8-8978-426f-aa57-cfd2a1dc180a@group-B547EC5FBBCA-SegmentedRaftLogWorker: flushIndex: setUnconditionally 0 -> -1
2021-06-03 00:00:15,741 [pool-137-thread-1] INFO  segmented.SegmentedRaftLogWorker (SegmentedRaftLogWorker.java:lambda$new$0(133)) - 15d89ff8-8978-426f-aa57-cfd2a1dc180a@group-B547EC5FBBCA-SegmentedRaftLogWorker: safeCacheEvictIndex: setUnconditionally 0 -> -1
2021-06-03 00:00:15,747 [EventQueue-PipelineReportForOneReplicaPipelineSafeModeRule] INFO  safemode.SCMSafeModeManager (SCMSafeModeManager.java:validateSafeModeExitRules(201)) - AtleastOneDatanodeReportedRule rule is successfully validated
2021-06-03 00:00:15,750 [pool-137-thread-1] INFO  server.RaftServerConfigKeys (ConfUtils.java:logGet(44)) - raft.server.snapshot.auto.trigger.enabled = true (custom)
2021-06-03 00:00:15,751 [pool-137-thread-1] INFO  server.RaftServerConfigKeys (ConfUtils.java:logGet(44)) - raft.server.snapshot.auto.trigger.threshold = 1 (custom)
2021-06-03 00:00:15,751 [pool-137-thread-1] INFO  server.RaftServerConfigKeys (ConfUtils.java:logGet(44)) - raft.server.snapshot.retention.file.num = 5 (custom)
2021-06-03 00:00:15,751 [pool-137-thread-1] INFO  server.RaftServerConfigKeys (ConfUtils.java:logGet(44)) - raft.server.log.purge.upto.snapshot.index = false (default)
2021-06-03 00:00:15,751 [pool-137-thread-1] INFO  server.RaftServerConfigKeys (ConfUtils.java:logGet(44)) - raft.server.retrycache.expirytime = 600000ms (custom)
2021-06-03 00:00:15,751 [pool-137-thread-1] INFO  server.RaftServerConfigKeys (ConfUtils.java:logGet(44)) - raft.server.retrycache.statistics.expirytime = 100μs (default)
2021-06-03 00:00:15,751 [pool-137-thread-1] INFO  metrics.RatisMetrics (RatisMetrics.java:lambda$create$0(36)) - Creating Metrics Registry : ratis.leader_election.15d89ff8-8978-426f-aa57-cfd2a1dc180a@group-B547EC5FBBCA
2021-06-03 00:00:15,751 [pool-137-thread-1] INFO  metrics.RatisMetrics (RatisMetrics.java:lambda$create$0(36)) - Creating Metrics Registry : ratis.server.15d89ff8-8978-426f-aa57-cfd2a1dc180a@group-B547EC5FBBCA
2021-06-03 00:00:15,752 [pool-137-thread-1] INFO  server.RaftServer$Division (RaftServerImpl.java:start(295)) - 15d89ff8-8978-426f-aa57-cfd2a1dc180a@group-B547EC5FBBCA: start as a follower, conf=-1: [15d89ff8-8978-426f-aa57-cfd2a1dc180a|rpc:10.1.0.28:41799|priority:0, f4f16679-ee25-4299-b5ef-20744ad00da9|rpc:10.1.0.28:36455|priority:1, 7d2c3eba-00a8-4405-8104-350103fd4dff|rpc:10.1.0.28:45839|priority:0], old=null
2021-06-03 00:00:15,752 [pool-137-thread-1] INFO  server.RaftServer$Division (RaftServerImpl.java:setRole(284)) - 15d89ff8-8978-426f-aa57-cfd2a1dc180a@group-B547EC5FBBCA: changes role from      null to FOLLOWER at term 0 for startAsFollower
2021-06-03 00:00:15,752 [pool-137-thread-1] INFO  impl.RoleInfo (RoleInfo.java:updateAndGet(130)) - 15d89ff8-8978-426f-aa57-cfd2a1dc180a: start 15d89ff8-8978-426f-aa57-cfd2a1dc180a@group-B547EC5FBBCA-FollowerState
2021-06-03 00:00:15,753 [pool-137-thread-1] INFO  util.JmxRegister (JmxRegister.java:tryRegister(44)) - Successfully registered JMX Bean with object name Ratis:service=RaftServer,group=group-B547EC5FBBCA,id=15d89ff8-8978-426f-aa57-cfd2a1dc180a
2021-06-03 00:00:15,758 [pool-137-thread-1] INFO  metrics.RatisMetrics (RatisMetrics.java:lambda$create$0(36)) - Creating Metrics Registry : ratis.state_machine.15d89ff8-8978-426f-aa57-cfd2a1dc180a@group-B547EC5FBBCA
2021-06-03 00:00:15,759 [Command processor thread] INFO  ratis.XceiverServerRatis (XceiverServerRatis.java:addGroup(808)) - Created group PipelineID=d82feb61-3546-4dbb-be3b-b547ec5fbbca
2021-06-03 00:00:15,759 [Command processor thread] INFO  metrics.RatisMetrics (RatisMetrics.java:lambda$create$0(36)) - Creating Metrics Registry : ratis.client_message_metrics.client-EB1A5FFE0653->f4f16679-ee25-4299-b5ef-20744ad00da9
2021-06-03 00:00:15,760 [Command processor thread] INFO  metrics.RatisMetrics (RatisMetrics.java:lambda$create$0(36)) - Creating Metrics Registry : ratis.client_message_metrics.client-9651271B9698->f4f16679-ee25-4299-b5ef-20744ad00da9
2021-06-03 00:00:15,770 [EventQueue-PipelineReportForOneReplicaPipelineSafeModeRule] INFO  safemode.SCMSafeModeManager (SCMSafeModeManager.java:validateSafeModeExitRules(201)) - AtleastOneDatanodeReportedRule rule is successfully validated
2021-06-03 00:00:15,773 [EventQueue-PipelineReportForOneReplicaPipelineSafeModeRule] INFO  safemode.SCMSafeModeManager (SCMSafeModeManager.java:validateSafeModeExitRules(201)) - AtleastOneDatanodeReportedRule rule is successfully validated
2021-06-03 00:00:15,773 [EventQueue-OpenPipelineForHealthyPipelineSafeModeRule] INFO  safemode.SCMSafeModeManager (HealthyPipelineSafeModeRule.java:process(130)) - SCM in safe mode. Healthy pipelines reported count is 0, required healthy pipeline reported count is 1
2021-06-03 00:00:15,780 [grpc-default-executor-2] INFO  metrics.RatisMetrics (RatisMetrics.java:lambda$create$0(36)) - Creating Metrics Registry : ratis.server_message_metrics.f4f16679-ee25-4299-b5ef-20744ad00da9
2021-06-03 00:00:15,784 [Command processor thread] INFO  commandhandler.CreatePipelineCommandHandler (CreatePipelineCommandHandler.java:handle(106)) - Created Pipeline RATIS THREE PipelineID=341c2ee9-3773-4a3b-99d5-e153a90e5ffe.
2021-06-03 00:00:15,798 [Command processor thread] INFO  metrics.RatisMetrics (RatisMetrics.java:lambda$create$0(36)) - Creating Metrics Registry : ratis.client_message_metrics.client-1E2DCA112A8A->7d2c3eba-00a8-4405-8104-350103fd4dff
2021-06-03 00:00:15,801 [EventQueue-PipelineReportForOneReplicaPipelineSafeModeRule] INFO  safemode.SCMSafeModeManager (SCMSafeModeManager.java:validateSafeModeExitRules(201)) - AtleastOneDatanodeReportedRule rule is successfully validated
2021-06-03 00:00:15,802 [EventQueue-OpenPipelineForHealthyPipelineSafeModeRule] INFO  safemode.SCMSafeModeManager (HealthyPipelineSafeModeRule.java:process(130)) - SCM in safe mode. Healthy pipelines reported count is 0, required healthy pipeline reported count is 1
2021-06-03 00:00:15,804 [grpc-default-executor-2] INFO  metrics.RatisMetrics (RatisMetrics.java:lambda$create$0(36)) - Creating Metrics Registry : ratis.server_message_metrics.7d2c3eba-00a8-4405-8104-350103fd4dff
2021-06-03 00:00:15,804 [Command processor thread] INFO  server.RaftServer (RaftServerProxy.java:addNew(95)) - d0cf5b47-7c54-4e8b-8553-76537c736c6c: addNew group-7907BFF6719C:[d0cf5b47-7c54-4e8b-8553-76537c736c6c|rpc:10.1.0.28:42427|priority:1] returns group-7907BFF6719C:java.util.concurrent.CompletableFuture@7017accc[Not completed]
2021-06-03 00:00:15,810 [Command processor thread] INFO  commandhandler.CreatePipelineCommandHandler (CreatePipelineCommandHandler.java:handle(106)) - Created Pipeline RATIS THREE PipelineID=341c2ee9-3773-4a3b-99d5-e153a90e5ffe.
2021-06-03 00:00:15,811 [grpc-default-executor-1] INFO  server.RaftServer (RaftServerProxy.java:addNew(95)) - f4f16679-ee25-4299-b5ef-20744ad00da9: addNew group-B547EC5FBBCA:[15d89ff8-8978-426f-aa57-cfd2a1dc180a|rpc:10.1.0.28:41799|dataStream:|priority:0, f4f16679-ee25-4299-b5ef-20744ad00da9|rpc:10.1.0.28:36455|dataStream:|priority:1, 7d2c3eba-00a8-4405-8104-350103fd4dff|rpc:10.1.0.28:45839|dataStream:|priority:0] returns group-B547EC5FBBCA:java.util.concurrent.CompletableFuture@e97f1c3[Not completed]
2021-06-03 00:00:15,812 [pool-119-thread-1] INFO  server.RaftServer$Division (RaftServerImpl.java:<init>(180)) - f4f16679-ee25-4299-b5ef-20744ad00da9: new RaftServerImpl for group-B547EC5FBBCA:[15d89ff8-8978-426f-aa57-cfd2a1dc180a|rpc:10.1.0.28:41799|dataStream:|priority:0, f4f16679-ee25-4299-b5ef-20744ad00da9|rpc:10.1.0.28:36455|dataStream:|priority:1, 7d2c3eba-00a8-4405-8104-350103fd4dff|rpc:10.1.0.28:45839|dataStream:|priority:0] with ContainerStateMachine:uninitialized
2021-06-03 00:00:15,812 [pool-119-thread-1] INFO  server.RaftServerConfigKeys (ConfUtils.java:logGet(44)) - raft.server.rpc.timeout.min = 5s (custom)
2021-06-03 00:00:15,812 [pool-119-thread-1] INFO  server.RaftServerConfigKeys (ConfUtils.java:logGet(44)) - raft.server.rpc.timeout.max = 5200ms (custom)
2021-06-03 00:00:15,812 [pool-119-thread-1] INFO  server.RaftServerConfigKeys (ConfUtils.java:logGet(44)) - raft.server.rpc.sleep.time = 25ms (default)
2021-06-03 00:00:15,812 [pool-119-thread-1] INFO  server.RaftServerConfigKeys (ConfUtils.java:logGet(44)) - raft.server.rpc.slowness.timeout = 300000ms (custom)
2021-06-03 00:00:15,812 [pool-119-thread-1] INFO  server.RaftServerConfigKeys (ConfUtils.java:logGet(44)) - raft.server.leaderelection.leader.step-down.wait-time = 10s (default)
2021-06-03 00:00:15,812 [pool-119-thread-1] INFO  server.RaftServerConfigKeys (ConfUtils.java:logGet(44)) - raft.server.sleep.deviation.threshold = 300ms (default)
2021-06-03 00:00:15,812 [pool-119-thread-1] INFO  server.RaftServerConfigKeys (ConfUtils.java:logGet(44)) - raft.server.log.appender.install.snapshot.enabled = false (custom)
2021-06-03 00:00:15,812 [pool-119-thread-1] INFO  server.RaftServer$Division (ServerState.java:<init>(105)) - f4f16679-ee25-4299-b5ef-20744ad00da9@group-B547EC5FBBCA: ConfigurationManager, init=-1: [15d89ff8-8978-426f-aa57-cfd2a1dc180a|rpc:10.1.0.28:41799|dataStream:|priority:0, f4f16679-ee25-4299-b5ef-20744ad00da9|rpc:10.1.0.28:36455|dataStream:|priority:1, 7d2c3eba-00a8-4405-8104-350103fd4dff|rpc:10.1.0.28:45839|dataStream:|priority:0], old=null, confs=<EMPTY_MAP>
2021-06-03 00:00:15,812 [pool-119-thread-1] INFO  server.RaftServerConfigKeys (ConfUtils.java:logGet(44)) - raft.server.storage.dir = [/home/runner/work/ozone/ozone/mnt/ozone/hadoop-ozone/integration-test/target/test-dir/MiniOzoneClusterImpl-d99b0d03-7963-4ac2-881f-75d2f82b72ef/datanode-4/data/ratis] (custom)
2021-06-03 00:00:15,812 [pool-119-thread-1] INFO  server.RaftServerConfigKeys (ConfUtils.java:logGet(44)) - raft.server.log.corruption.policy = EXCEPTION (default)
2021-06-03 00:00:15,812 [pool-119-thread-1] INFO  storage.RaftStorageDirectory (RaftStorageDirectoryImpl.java:analyzeStorage(132)) - The storage directory /home/runner/work/ozone/ozone/mnt/ozone/hadoop-ozone/integration-test/target/test-dir/MiniOzoneClusterImpl-d99b0d03-7963-4ac2-881f-75d2f82b72ef/datanode-4/data/ratis/d82feb61-3546-4dbb-be3b-b547ec5fbbca does not exist. Creating ...
2021-06-03 00:00:15,814 [pool-119-thread-1] INFO  storage.RaftStorageDirectory (RaftStorageDirectoryImpl.java:tryLock(215)) - Lock on /home/runner/work/ozone/ozone/mnt/ozone/hadoop-ozone/integration-test/target/test-dir/MiniOzoneClusterImpl-d99b0d03-7963-4ac2-881f-75d2f82b72ef/datanode-4/data/ratis/d82feb61-3546-4dbb-be3b-b547ec5fbbca/in_use.lock acquired by nodename 19265@fv-az54-886
2021-06-03 00:00:15,815 [pool-119-thread-1] INFO  storage.RaftStorage (RaftStorageImpl.java:format(87)) - Storage directory /home/runner/work/ozone/ozone/mnt/ozone/hadoop-ozone/integration-test/target/test-dir/MiniOzoneClusterImpl-d99b0d03-7963-4ac2-881f-75d2f82b72ef/datanode-4/data/ratis/d82feb61-3546-4dbb-be3b-b547ec5fbbca has been successfully formatted.
2021-06-03 00:00:15,815 [pool-119-thread-1] INFO  ratis.ContainerStateMachine (ContainerStateMachine.java:loadSnapshot(224)) - group-B547EC5FBBCA: The snapshot info is null. Setting the last applied indexto:(t:0, i:~)
2021-06-03 00:00:15,815 [pool-119-thread-1] INFO  server.RaftServerConfigKeys (ConfUtils.java:logGet(44)) - raft.server.notification.no-leader.timeout = 300000ms (custom)
2021-06-03 00:00:15,815 [pool-119-thread-1] INFO  server.RaftServerConfigKeys (ConfUtils.java:logGet(44)) - raft.server.log.use.memory = false (default)
2021-06-03 00:00:15,815 [pool-119-thread-1] INFO  server.RaftServerConfigKeys (ConfUtils.java:logGet(44)) - raft.server.log.purge.gap = 1000000 (custom)
2021-06-03 00:00:15,815 [pool-119-thread-1] INFO  server.RaftServerConfigKeys (ConfUtils.java:logGet(44)) - raft.server.log.appender.buffer.byte-limit = 33554432 (custom)
2021-06-03 00:00:15,815 [pool-119-thread-1] INFO  metrics.RatisMetrics (RatisMetrics.java:lambda$create$0(36)) - Creating Metrics Registry : ratis.log_worker.f4f16679-ee25-4299-b5ef-20744ad00da9@group-B547EC5FBBCA
2021-06-03 00:00:15,816 [EventQueue-PipelineReportForOneReplicaPipelineSafeModeRule] INFO  safemode.SCMSafeModeManager (SCMSafeModeManager.java:validateSafeModeExitRules(201)) - AtleastOneDatanodeReportedRule rule is successfully validated
2021-06-03 00:00:15,816 [EventQueue-OpenPipelineForHealthyPipelineSafeModeRule] INFO  safemode.SCMSafeModeManager (HealthyPipelineSafeModeRule.java:process(130)) - SCM in safe mode. Healthy pipelines reported count is 0, required healthy pipeline reported count is 1
2021-06-03 00:00:15,816 [pool-119-thread-1] INFO  server.RaftServerConfigKeys (ConfUtils.java:logGet(44)) - raft.server.log.segment.size.max = 1048576 (custom)
2021-06-03 00:00:15,820 [pool-119-thread-1] INFO  server.RaftServerConfigKeys (ConfUtils.java:logGet(44)) - raft.server.log.segment.cache.num.max = 2 (custom)
2021-06-03 00:00:15,820 [pool-119-thread-1] INFO  server.RaftServerConfigKeys (ConfUtils.java:logGet(44)) - raft.server.log.segment.cache.size.max = 200MB (=209715200) (default)
2021-06-03 00:00:15,820 [pool-119-thread-1] INFO  segmented.SegmentedRaftLogWorker (SegmentedRaftLogWorker.java:<init>(182)) - new f4f16679-ee25-4299-b5ef-20744ad00da9@group-B547EC5FBBCA-SegmentedRaftLogWorker for RaftStorageImpl:Storage Directory /home/runner/work/ozone/ozone/mnt/ozone/hadoop-ozone/integration-test/target/test-dir/MiniOzoneClusterImpl-d99b0d03-7963-4ac2-881f-75d2f82b72ef/datanode-4/data/ratis/d82feb61-3546-4dbb-be3b-b547ec5fbbca
2021-06-03 00:00:15,820 [pool-119-thread-1] INFO  server.RaftServerConfigKeys (ConfUtils.java:logGet(44)) - raft.server.log.queue.byte-limit = 2147483647 (custom)
2021-06-03 00:00:15,820 [pool-119-thread-1] INFO  server.RaftServerConfigKeys (ConfUtils.java:logGet(44)) - raft.server.log.queue.element-limit = 1024 (custom)
2021-06-03 00:00:15,820 [Command processor thread] INFO  commandhandler.CreatePipelineCommandHandler (CreatePipelineCommandHandler.java:handle(106)) - Created Pipeline RATIS THREE PipelineID=cc478adb-7bde-4f2f-82a4-f5fb650d46ee.
2021-06-03 00:00:15,820 [pool-119-thread-1] INFO  server.RaftServerConfigKeys (ConfUtils.java:logGet(44)) - raft.server.log.segment.size.max = 1048576 (custom)
2021-06-03 00:00:15,820 [pool-119-thread-1] INFO  server.RaftServerConfigKeys (ConfUtils.java:logGet(44)) - raft.server.log.preallocated.size = 16384 (custom)
2021-06-03 00:00:15,820 [pool-119-thread-1] INFO  server.RaftServerConfigKeys (ConfUtils.java:logGet(44)) - raft.server.log.force.sync.num = 128 (default)
2021-06-03 00:00:15,820 [pool-119-thread-1] INFO  server.RaftServerConfigKeys (ConfUtils.java:logGet(44)) - raft.server.log.statemachine.data.sync = true (default)
2021-06-03 00:00:15,820 [Command processor thread] INFO  server.RaftServer (RaftServerProxy.java:addNew(95)) - 7d2c3eba-00a8-4405-8104-350103fd4dff: addNew group-B547EC5FBBCA:[15d89ff8-8978-426f-aa57-cfd2a1dc180a|rpc:10.1.0.28:41799|priority:0, f4f16679-ee25-4299-b5ef-20744ad00da9|rpc:10.1.0.28:36455|priority:1, 7d2c3eba-00a8-4405-8104-350103fd4dff|rpc:10.1.0.28:45839|priority:0] returns group-B547EC5FBBCA:java.util.concurrent.CompletableFuture@5937070b[Not completed]
2021-06-03 00:00:15,821 [pool-119-thread-1] INFO  server.RaftServerConfigKeys (ConfUtils.java:logGet(44)) - raft.server.log.statemachine.data.sync.timeout = 10s (default)
2021-06-03 00:00:15,821 [pool-119-thread-1] INFO  server.RaftServerConfigKeys (ConfUtils.java:logGet(44)) - raft.server.log.statemachine.data.sync.timeout.retry = -1 (default)
2021-06-03 00:00:15,822 [pool-119-thread-1] INFO  server.RaftServerConfigKeys (ConfUtils.java:logGet(44)) - raft.server.log.write.buffer.size = 1048576 (custom)
2021-06-03 00:00:15,823 [EventQueue-PipelineReportForOneReplicaPipelineSafeModeRule] INFO  safemode.SCMSafeModeManager (SCMSafeModeManager.java:validateSafeModeExitRules(201)) - AtleastOneDatanodeReportedRule rule is successfully validated
2021-06-03 00:00:15,823 [pool-119-thread-1] INFO  server.RaftServerConfigKeys (ConfUtils.java:logGet(44)) - raft.server.log.statemachine.data.caching.enabled = true (custom)
2021-06-03 00:00:15,823 [pool-119-thread-1] INFO  segmented.SegmentedRaftLogWorker (SegmentedRaftLogWorker.java:lambda$new$0(133)) - f4f16679-ee25-4299-b5ef-20744ad00da9@group-B547EC5FBBCA-SegmentedRaftLogWorker: flushIndex: setUnconditionally 0 -> -1
2021-06-03 00:00:15,823 [pool-119-thread-1] INFO  segmented.SegmentedRaftLogWorker (SegmentedRaftLogWorker.java:lambda$new$0(133)) - f4f16679-ee25-4299-b5ef-20744ad00da9@group-B547EC5FBBCA-SegmentedRaftLogWorker: safeCacheEvictIndex: setUnconditionally 0 -> -1
2021-06-03 00:00:15,824 [pool-119-thread-1] INFO  server.RaftServerConfigKeys (ConfUtils.java:logGet(44)) - raft.server.snapshot.auto.trigger.enabled = true (custom)
2021-06-03 00:00:15,824 [pool-119-thread-1] INFO  server.RaftServerConfigKeys (ConfUtils.java:logGet(44)) - raft.server.snapshot.auto.trigger.threshold = 1 (custom)
2021-06-03 00:00:15,824 [pool-119-thread-1] INFO  server.RaftServerConfigKeys (ConfUtils.java:logGet(44)) - raft.server.snapshot.retention.file.num = 5 (custom)
2021-06-03 00:00:15,824 [pool-119-thread-1] INFO  server.RaftServerConfigKeys (ConfUtils.java:logGet(44)) - raft.server.log.purge.upto.snapshot.index = false (default)
2021-06-03 00:00:15,824 [pool-119-thread-1] INFO  server.RaftServerConfigKeys (ConfUtils.java:logGet(44)) - raft.server.retrycache.expirytime = 600000ms (custom)
2021-06-03 00:00:15,824 [pool-119-thread-1] INFO  server.RaftServerConfigKeys (ConfUtils.java:logGet(44)) - raft.server.retrycache.statistics.expirytime = 100μs (default)
2021-06-03 00:00:15,824 [pool-119-thread-1] INFO  metrics.RatisMetrics (RatisMetrics.java:lambda$create$0(36)) - Creating Metrics Registry : ratis.leader_election.f4f16679-ee25-4299-b5ef-20744ad00da9@group-B547EC5FBBCA
2021-06-03 00:00:15,824 [pool-155-thread-1] INFO  server.RaftServer$Division (RaftServerImpl.java:<init>(180)) - d0cf5b47-7c54-4e8b-8553-76537c736c6c: new RaftServerImpl for group-7907BFF6719C:[d0cf5b47-7c54-4e8b-8553-76537c736c6c|rpc:10.1.0.28:42427|priority:1] with ContainerStateMachine:uninitialized
2021-06-03 00:00:15,824 [pool-155-thread-1] INFO  server.RaftServerConfigKeys (ConfUtils.java:logGet(44)) - raft.server.rpc.timeout.min = 5s (custom)
2021-06-03 00:00:15,824 [pool-155-thread-1] INFO  server.RaftServerConfigKeys (ConfUtils.java:logGet(44)) - raft.server.rpc.timeout.max = 5200ms (custom)
2021-06-03 00:00:15,824 [pool-155-thread-1] INFO  server.RaftServerConfigKeys (ConfUtils.java:logGet(44)) - raft.server.rpc.sleep.time = 25ms (default)
2021-06-03 00:00:15,824 [pool-155-thread-1] INFO  server.RaftServerConfigKeys (ConfUtils.java:logGet(44)) - raft.server.rpc.slowness.timeout = 300000ms (custom)
2021-06-03 00:00:15,825 [pool-155-thread-1] INFO  server.RaftServerConfigKeys (ConfUtils.java:logGet(44)) - raft.server.leaderelection.leader.step-down.wait-time = 10s (default)
2021-06-03 00:00:15,825 [pool-155-thread-1] INFO  server.RaftServerConfigKeys (ConfUtils.java:logGet(44)) - raft.server.sleep.deviation.threshold = 300ms (default)
2021-06-03 00:00:15,825 [pool-155-thread-1] INFO  server.RaftServerConfigKeys (ConfUtils.java:logGet(44)) - raft.server.log.appender.install.snapshot.enabled = false (custom)
2021-06-03 00:00:15,825 [pool-155-thread-1] INFO  server.RaftServer$Division (ServerState.java:<init>(105)) - d0cf5b47-7c54-4e8b-8553-76537c736c6c@group-7907BFF6719C: ConfigurationManager, init=-1: [d0cf5b47-7c54-4e8b-8553-76537c736c6c|rpc:10.1.0.28:42427|priority:1], old=null, confs=<EMPTY_MAP>
2021-06-03 00:00:15,825 [pool-155-thread-1] INFO  server.RaftServerConfigKeys (ConfUtils.java:logGet(44)) - raft.server.storage.dir = [/home/runner/work/ozone/ozone/mnt/ozone/hadoop-ozone/integration-test/target/test-dir/MiniOzoneClusterImpl-d99b0d03-7963-4ac2-881f-75d2f82b72ef/datanode-6/data/ratis] (custom)
2021-06-03 00:00:15,825 [pool-119-thread-1] INFO  metrics.RatisMetrics (RatisMetrics.java:lambda$create$0(36)) - Creating Metrics Registry : ratis.server.f4f16679-ee25-4299-b5ef-20744ad00da9@group-B547EC5FBBCA
2021-06-03 00:00:15,825 [pool-155-thread-1] INFO  server.RaftServerConfigKeys (ConfUtils.java:logGet(44)) - raft.server.log.corruption.policy = EXCEPTION (default)
2021-06-03 00:00:15,825 [pool-155-thread-1] INFO  storage.RaftStorageDirectory (RaftStorageDirectoryImpl.java:analyzeStorage(132)) - The storage directory /home/runner/work/ozone/ozone/mnt/ozone/hadoop-ozone/integration-test/target/test-dir/MiniOzoneClusterImpl-d99b0d03-7963-4ac2-881f-75d2f82b72ef/datanode-6/data/ratis/334fa115-4679-4eab-b4ec-7907bff6719c does not exist. Creating ...
2021-06-03 00:00:15,826 [pool-119-thread-1] INFO  server.RaftServer$Division (RaftServerImpl.java:start(295)) - f4f16679-ee25-4299-b5ef-20744ad00da9@group-B547EC5FBBCA: start as a follower, conf=-1: [15d89ff8-8978-426f-aa57-cfd2a1dc180a|rpc:10.1.0.28:41799|dataStream:|priority:0, f4f16679-ee25-4299-b5ef-20744ad00da9|rpc:10.1.0.28:36455|dataStream:|priority:1, 7d2c3eba-00a8-4405-8104-350103fd4dff|rpc:10.1.0.28:45839|dataStream:|priority:0], old=null
2021-06-03 00:00:15,826 [pool-119-thread-1] INFO  server.RaftServer$Division (RaftServerImpl.java:setRole(284)) - f4f16679-ee25-4299-b5ef-20744ad00da9@group-B547EC5FBBCA: changes role from      null to FOLLOWER at term 0 for startAsFollower
2021-06-03 00:00:15,826 [pool-119-thread-1] INFO  impl.RoleInfo (RoleInfo.java:updateAndGet(130)) - f4f16679-ee25-4299-b5ef-20744ad00da9: start f4f16679-ee25-4299-b5ef-20744ad00da9@group-B547EC5FBBCA-FollowerState
2021-06-03 00:00:15,826 [pool-119-thread-1] INFO  util.JmxRegister (JmxRegister.java:tryRegister(44)) - Successfully registered JMX Bean with object name Ratis:service=RaftServer,group=group-B547EC5FBBCA,id=f4f16679-ee25-4299-b5ef-20744ad00da9
2021-06-03 00:00:15,826 [pool-119-thread-1] INFO  metrics.RatisMetrics (RatisMetrics.java:lambda$create$0(36)) - Creating Metrics Registry : ratis.state_machine.f4f16679-ee25-4299-b5ef-20744ad00da9@group-B547EC5FBBCA
2021-06-03 00:00:15,828 [pool-101-thread-1] INFO  server.RaftServer$Division (RaftServerImpl.java:<init>(180)) - 7d2c3eba-00a8-4405-8104-350103fd4dff: new RaftServerImpl for group-B547EC5FBBCA:[15d89ff8-8978-426f-aa57-cfd2a1dc180a|rpc:10.1.0.28:41799|priority:0, f4f16679-ee25-4299-b5ef-20744ad00da9|rpc:10.1.0.28:36455|priority:1, 7d2c3eba-00a8-4405-8104-350103fd4dff|rpc:10.1.0.28:45839|priority:0] with ContainerStateMachine:uninitialized
2021-06-03 00:00:15,828 [pool-101-thread-1] INFO  server.RaftServerConfigKeys (ConfUtils.java:logGet(44)) - raft.server.rpc.timeout.min = 5s (custom)
2021-06-03 00:00:15,828 [pool-101-thread-1] INFO  server.RaftServerConfigKeys (ConfUtils.java:logGet(44)) - raft.server.rpc.timeout.max = 5200ms (custom)
2021-06-03 00:00:15,828 [pool-101-thread-1] INFO  server.RaftServerConfigKeys (ConfUtils.java:logGet(44)) - raft.server.rpc.sleep.time = 25ms (default)
2021-06-03 00:00:15,828 [pool-101-thread-1] INFO  server.RaftServerConfigKeys (ConfUtils.java:logGet(44)) - raft.server.rpc.slowness.timeout = 300000ms (custom)
2021-06-03 00:00:15,828 [pool-101-thread-1] INFO  server.RaftServerConfigKeys (ConfUtils.java:logGet(44)) - raft.server.leaderelection.leader.step-down.wait-time = 10s (default)
2021-06-03 00:00:15,828 [pool-101-thread-1] INFO  server.RaftServerConfigKeys (ConfUtils.java:logGet(44)) - raft.server.sleep.deviation.threshold = 300ms (default)
2021-06-03 00:00:15,828 [pool-101-thread-1] INFO  server.RaftServerConfigKeys (ConfUtils.java:logGet(44)) - raft.server.log.appender.install.snapshot.enabled = false (custom)
2021-06-03 00:00:15,828 [pool-101-thread-1] INFO  server.RaftServer$Division (ServerState.java:<init>(105)) - 7d2c3eba-00a8-4405-8104-350103fd4dff@group-B547EC5FBBCA: ConfigurationManager, init=-1: [15d89ff8-8978-426f-aa57-cfd2a1dc180a|rpc:10.1.0.28:41799|priority:0, f4f16679-ee25-4299-b5ef-20744ad00da9|rpc:10.1.0.28:36455|priority:1, 7d2c3eba-00a8-4405-8104-350103fd4dff|rpc:10.1.0.28:45839|priority:0], old=null, confs=<EMPTY_MAP>
2021-06-03 00:00:15,828 [pool-101-thread-1] INFO  server.RaftServerConfigKeys (ConfUtils.java:logGet(44)) - raft.server.storage.dir = [/home/runner/work/ozone/ozone/mnt/ozone/hadoop-ozone/integration-test/target/test-dir/MiniOzoneClusterImpl-d99b0d03-7963-4ac2-881f-75d2f82b72ef/datanode-3/data/ratis] (custom)
2021-06-03 00:00:15,828 [pool-101-thread-1] INFO  server.RaftServerConfigKeys (ConfUtils.java:logGet(44)) - raft.server.log.corruption.policy = EXCEPTION (default)
2021-06-03 00:00:15,828 [pool-101-thread-1] INFO  storage.RaftStorageDirectory (RaftStorageDirectoryImpl.java:analyzeStorage(132)) - The storage directory /home/runner/work/ozone/ozone/mnt/ozone/hadoop-ozone/integration-test/target/test-dir/MiniOzoneClusterImpl-d99b0d03-7963-4ac2-881f-75d2f82b72ef/datanode-3/data/ratis/d82feb61-3546-4dbb-be3b-b547ec5fbbca does not exist. Creating ...
2021-06-03 00:00:15,830 [pool-101-thread-1] INFO  storage.RaftStorageDirectory (RaftStorageDirectoryImpl.java:tryLock(215)) - Lock on /home/runner/work/ozone/ozone/mnt/ozone/hadoop-ozone/integration-test/target/test-dir/MiniOzoneClusterImpl-d99b0d03-7963-4ac2-881f-75d2f82b72ef/datanode-3/data/ratis/d82feb61-3546-4dbb-be3b-b547ec5fbbca/in_use.lock acquired by nodename 19265@fv-az54-886
2021-06-03 00:00:15,831 [pool-155-thread-1] INFO  storage.RaftStorageDirectory (RaftStorageDirectoryImpl.java:tryLock(215)) - Lock on /home/runner/work/ozone/ozone/mnt/ozone/hadoop-ozone/integration-test/target/test-dir/MiniOzoneClusterImpl-d99b0d03-7963-4ac2-881f-75d2f82b72ef/datanode-6/data/ratis/334fa115-4679-4eab-b4ec-7907bff6719c/in_use.lock acquired by nodename 19265@fv-az54-886
2021-06-03 00:00:15,834 [pool-101-thread-1] INFO  storage.RaftStorage (RaftStorageImpl.java:format(87)) - Storage directory /home/runner/work/ozone/ozone/mnt/ozone/hadoop-ozone/integration-test/target/test-dir/MiniOzoneClusterImpl-d99b0d03-7963-4ac2-881f-75d2f82b72ef/datanode-3/data/ratis/d82feb61-3546-4dbb-be3b-b547ec5fbbca has been successfully formatted.
2021-06-03 00:00:15,834 [pool-101-thread-1] INFO  ratis.ContainerStateMachine (ContainerStateMachine.java:loadSnapshot(224)) - group-B547EC5FBBCA: The snapshot info is null. Setting the last applied indexto:(t:0, i:~)
2021-06-03 00:00:15,834 [pool-101-thread-1] INFO  server.RaftServerConfigKeys (ConfUtils.java:logGet(44)) - raft.server.notification.no-leader.timeout = 300000ms (custom)
2021-06-03 00:00:15,834 [pool-101-thread-1] INFO  server.RaftServerConfigKeys (ConfUtils.java:logGet(44)) - raft.server.log.use.memory = false (default)
2021-06-03 00:00:15,834 [pool-101-thread-1] INFO  server.RaftServerConfigKeys (ConfUtils.java:logGet(44)) - raft.server.log.purge.gap = 1000000 (custom)
2021-06-03 00:00:15,834 [pool-101-thread-1] INFO  server.RaftServerConfigKeys (ConfUtils.java:logGet(44)) - raft.server.log.appender.buffer.byte-limit = 33554432 (custom)
2021-06-03 00:00:15,835 [pool-101-thread-1] INFO  metrics.RatisMetrics (RatisMetrics.java:lambda$create$0(36)) - Creating Metrics Registry : ratis.log_worker.7d2c3eba-00a8-4405-8104-350103fd4dff@group-B547EC5FBBCA
2021-06-03 00:00:15,835 [pool-101-thread-1] INFO  server.RaftServerConfigKeys (ConfUtils.java:logGet(44)) - raft.server.log.segment.size.max = 1048576 (custom)
2021-06-03 00:00:15,835 [pool-101-thread-1] INFO  server.RaftServerConfigKeys (ConfUtils.java:logGet(44)) - raft.server.log.segment.cache.num.max = 2 (custom)
2021-06-03 00:00:15,835 [pool-101-thread-1] INFO  server.RaftServerConfigKeys (ConfUtils.java:logGet(44)) - raft.server.log.segment.cache.size.max = 200MB (=209715200) (default)
2021-06-03 00:00:15,835 [pool-101-thread-1] INFO  segmented.SegmentedRaftLogWorker (SegmentedRaftLogWorker.java:<init>(182)) - new 7d2c3eba-00a8-4405-8104-350103fd4dff@group-B547EC5FBBCA-SegmentedRaftLogWorker for RaftStorageImpl:Storage Directory /home/runner/work/ozone/ozone/mnt/ozone/hadoop-ozone/integration-test/target/test-dir/MiniOzoneClusterImpl-d99b0d03-7963-4ac2-881f-75d2f82b72ef/datanode-3/data/ratis/d82feb61-3546-4dbb-be3b-b547ec5fbbca
2021-06-03 00:00:15,835 [pool-101-thread-1] INFO  server.RaftServerConfigKeys (ConfUtils.java:logGet(44)) - raft.server.log.queue.byte-limit = 2147483647 (custom)
2021-06-03 00:00:15,835 [pool-101-thread-1] INFO  server.RaftServerConfigKeys (ConfUtils.java:logGet(44)) - raft.server.log.queue.element-limit = 1024 (custom)
2021-06-03 00:00:15,835 [pool-101-thread-1] INFO  server.RaftServerConfigKeys (ConfUtils.java:logGet(44)) - raft.server.log.segment.size.max = 1048576 (custom)
2021-06-03 00:00:15,835 [pool-101-thread-1] INFO  server.RaftServerConfigKeys (ConfUtils.java:logGet(44)) - raft.server.log.preallocated.size = 16384 (custom)
2021-06-03 00:00:15,835 [pool-101-thread-1] INFO  server.RaftServerConfigKeys (ConfUtils.java:logGet(44)) - raft.server.log.force.sync.num = 128 (default)
2021-06-03 00:00:15,835 [pool-101-thread-1] INFO  server.RaftServerConfigKeys (ConfUtils.java:logGet(44)) - raft.server.log.statemachine.data.sync = true (default)
2021-06-03 00:00:15,835 [pool-101-thread-1] INFO  server.RaftServerConfigKeys (ConfUtils.java:logGet(44)) - raft.server.log.statemachine.data.sync.timeout = 10s (default)
2021-06-03 00:00:15,836 [pool-101-thread-1] INFO  server.RaftServerConfigKeys (ConfUtils.java:logGet(44)) - raft.server.log.statemachine.data.sync.timeout.retry = -1 (default)
2021-06-03 00:00:15,836 [pool-101-thread-1] INFO  server.RaftServerConfigKeys (ConfUtils.java:logGet(44)) - raft.server.log.write.buffer.size = 1048576 (custom)
2021-06-03 00:00:15,833 [Command processor thread] INFO  commandhandler.CreatePipelineCommandHandler (CreatePipelineCommandHandler.java:handle(106)) - Created Pipeline RATIS THREE PipelineID=cc478adb-7bde-4f2f-82a4-f5fb650d46ee.
2021-06-03 00:00:15,838 [EventQueue-PipelineReportForOneReplicaPipelineSafeModeRule] INFO  safemode.SCMSafeModeManager (SCMSafeModeManager.java:validateSafeModeExitRules(201)) - AtleastOneDatanodeReportedRule rule is successfully validated
2021-06-03 00:00:15,838 [EventQueue-OpenPipelineForHealthyPipelineSafeModeRule] INFO  safemode.SCMSafeModeManager (HealthyPipelineSafeModeRule.java:process(130)) - SCM in safe mode. Healthy pipelines reported count is 0, required healthy pipeline reported count is 1
2021-06-03 00:00:15,839 [pool-101-thread-1] INFO  server.RaftServerConfigKeys (ConfUtils.java:logGet(44)) - raft.server.log.statemachine.data.caching.enabled = true (custom)
2021-06-03 00:00:15,839 [pool-101-thread-1] INFO  segmented.SegmentedRaftLogWorker (SegmentedRaftLogWorker.java:lambda$new$0(133)) - 7d2c3eba-00a8-4405-8104-350103fd4dff@group-B547EC5FBBCA-SegmentedRaftLogWorker: flushIndex: setUnconditionally 0 -> -1
2021-06-03 00:00:15,839 [pool-101-thread-1] INFO  segmented.SegmentedRaftLogWorker (SegmentedRaftLogWorker.java:lambda$new$0(133)) - 7d2c3eba-00a8-4405-8104-350103fd4dff@group-B547EC5FBBCA-SegmentedRaftLogWorker: safeCacheEvictIndex: setUnconditionally 0 -> -1
2021-06-03 00:00:15,840 [pool-155-thread-1] INFO  storage.RaftStorage (RaftStorageImpl.java:format(87)) - Storage directory /home/runner/work/ozone/ozone/mnt/ozone/hadoop-ozone/integration-test/target/test-dir/MiniOzoneClusterImpl-d99b0d03-7963-4ac2-881f-75d2f82b72ef/datanode-6/data/ratis/334fa115-4679-4eab-b4ec-7907bff6719c has been successfully formatted.
2021-06-03 00:00:15,842 [pool-101-thread-1] INFO  server.RaftServerConfigKeys (ConfUtils.java:logGet(44)) - raft.server.snapshot.auto.trigger.enabled = true (custom)
2021-06-03 00:00:15,842 [pool-101-thread-1] INFO  server.RaftServerConfigKeys (ConfUtils.java:logGet(44)) - raft.server.snapshot.auto.trigger.threshold = 1 (custom)
2021-06-03 00:00:15,842 [pool-101-thread-1] INFO  server.RaftServerConfigKeys (ConfUtils.java:logGet(44)) - raft.server.snapshot.retention.file.num = 5 (custom)
2021-06-03 00:00:15,842 [pool-101-thread-1] INFO  server.RaftServerConfigKeys (ConfUtils.java:logGet(44)) - raft.server.log.purge.upto.snapshot.index = false (default)
2021-06-03 00:00:15,842 [pool-101-thread-1] INFO  server.RaftServerConfigKeys (ConfUtils.java:logGet(44)) - raft.server.retrycache.expirytime = 600000ms (custom)
2021-06-03 00:00:15,842 [pool-101-thread-1] INFO  server.RaftServerConfigKeys (ConfUtils.java:logGet(44)) - raft.server.retrycache.statistics.expirytime = 100μs (default)
2021-06-03 00:00:15,842 [pool-101-thread-1] INFO  metrics.RatisMetrics (RatisMetrics.java:lambda$create$0(36)) - Creating Metrics Registry : ratis.leader_election.7d2c3eba-00a8-4405-8104-350103fd4dff@group-B547EC5FBBCA
2021-06-03 00:00:15,851 [pool-101-thread-1] INFO  metrics.RatisMetrics (RatisMetrics.java:lambda$create$0(36)) - Creating Metrics Registry : ratis.server.7d2c3eba-00a8-4405-8104-350103fd4dff@group-B547EC5FBBCA
2021-06-03 00:00:15,852 [pool-101-thread-1] INFO  server.RaftServer$Division (RaftServerImpl.java:start(295)) - 7d2c3eba-00a8-4405-8104-350103fd4dff@group-B547EC5FBBCA: start as a follower, conf=-1: [15d89ff8-8978-426f-aa57-cfd2a1dc180a|rpc:10.1.0.28:41799|priority:0, f4f16679-ee25-4299-b5ef-20744ad00da9|rpc:10.1.0.28:36455|priority:1, 7d2c3eba-00a8-4405-8104-350103fd4dff|rpc:10.1.0.28:45839|priority:0], old=null
2021-06-03 00:00:15,852 [pool-101-thread-1] INFO  server.RaftServer$Division (RaftServerImpl.java:setRole(284)) - 7d2c3eba-00a8-4405-8104-350103fd4dff@group-B547EC5FBBCA: changes role from      null to FOLLOWER at term 0 for startAsFollower
2021-06-03 00:00:15,852 [pool-101-thread-1] INFO  impl.RoleInfo (RoleInfo.java:updateAndGet(130)) - 7d2c3eba-00a8-4405-8104-350103fd4dff: start 7d2c3eba-00a8-4405-8104-350103fd4dff@group-B547EC5FBBCA-FollowerState
2021-06-03 00:00:15,853 [EventQueue-PipelineReportForPipelineReportHandler] INFO  pipeline.PipelineManagerV2Impl (PipelineManagerV2Impl.java:openPipeline(270)) - Pipeline Pipeline[ Id: 334fa115-4679-4eab-b4ec-7907bff6719c, Nodes: d0cf5b47-7c54-4e8b-8553-76537c736c6c{ip: 10.1.0.28, host: fv-az54-886.gmada3d5h3zutaf4vio4yveaag.bx.internal.cloudapp.net, ports: [REPLICATION=38967, RATIS=42427, RATIS_ADMIN=42427, RATIS_SERVER=42427, STANDALONE=40617], networkLocation: /default-rack, certSerialId: null, persistedOpState: IN_SERVICE, persistedOpStateExpiryEpochSec: 0}, ReplicationConfig: RATIS/ONE, State:ALLOCATED, leaderId:d0cf5b47-7c54-4e8b-8553-76537c736c6c, CreationTimestamp2021-06-03T00:00:12.802Z] moved to OPEN state
2021-06-03 00:00:15,853 [Command processor thread] INFO  metrics.RatisMetrics (RatisMetrics.java:lambda$create$0(36)) - Creating Metrics Registry : ratis.client_message_metrics.client-47BAFED64FCA->7d2c3eba-00a8-4405-8104-350103fd4dff
2021-06-03 00:00:15,853 [EventQueue-PipelineReportForOneReplicaPipelineSafeModeRule] INFO  safemode.SCMSafeModeManager (SCMSafeModeManager.java:validateSafeModeExitRules(201)) - AtleastOneDatanodeReportedRule rule is successfully validated
2021-06-03 00:00:15,861 [EventQueue-PipelineReportForOneReplicaPipelineSafeModeRule] INFO  safemode.SCMSafeModeManager (SCMSafeModeManager.java:validateSafeModeExitRules(201)) - AtleastOneDatanodeReportedRule rule is successfully validated
2021-06-03 00:00:15,849 [pool-155-thread-1] INFO  ratis.ContainerStateMachine (ContainerStateMachine.java:loadSnapshot(224)) - group-7907BFF6719C: The snapshot info is null. Setting the last applied indexto:(t:0, i:~)
2021-06-03 00:00:15,863 [pool-155-thread-1] INFO  server.RaftServerConfigKeys (ConfUtils.java:logGet(44)) - raft.server.notification.no-leader.timeout = 300000ms (custom)
2021-06-03 00:00:15,863 [pool-155-thread-1] INFO  server.RaftServerConfigKeys (ConfUtils.java:logGet(44)) - raft.server.log.use.memory = false (default)
2021-06-03 00:00:15,863 [pool-155-thread-1] INFO  server.RaftServerConfigKeys (ConfUtils.java:logGet(44)) - raft.server.log.purge.gap = 1000000 (custom)
2021-06-03 00:00:15,863 [pool-155-thread-1] INFO  server.RaftServerConfigKeys (ConfUtils.java:logGet(44)) - raft.server.log.appender.buffer.byte-limit = 33554432 (custom)
2021-06-03 00:00:15,863 [pool-155-thread-1] INFO  metrics.RatisMetrics (RatisMetrics.java:lambda$create$0(36)) - Creating Metrics Registry : ratis.log_worker.d0cf5b47-7c54-4e8b-8553-76537c736c6c@group-7907BFF6719C
2021-06-03 00:00:15,863 [pool-155-thread-1] INFO  server.RaftServerConfigKeys (ConfUtils.java:logGet(44)) - raft.server.log.segment.size.max = 1048576 (custom)
2021-06-03 00:00:15,864 [pool-155-thread-1] INFO  server.RaftServerConfigKeys (ConfUtils.java:logGet(44)) - raft.server.log.segment.cache.num.max = 2 (custom)
2021-06-03 00:00:15,864 [pool-155-thread-1] INFO  server.RaftServerConfigKeys (ConfUtils.java:logGet(44)) - raft.server.log.segment.cache.size.max = 200MB (=209715200) (default)
2021-06-03 00:00:15,864 [pool-155-thread-1] INFO  segmented.SegmentedRaftLogWorker (SegmentedRaftLogWorker.java:<init>(182)) - new d0cf5b47-7c54-4e8b-8553-76537c736c6c@group-7907BFF6719C-SegmentedRaftLogWorker for RaftStorageImpl:Storage Directory /home/runner/work/ozone/ozone/mnt/ozone/hadoop-ozone/integration-test/target/test-dir/MiniOzoneClusterImpl-d99b0d03-7963-4ac2-881f-75d2f82b72ef/datanode-6/data/ratis/334fa115-4679-4eab-b4ec-7907bff6719c
2021-06-03 00:00:15,864 [pool-155-thread-1] INFO  server.RaftServerConfigKeys (ConfUtils.java:logGet(44)) - raft.server.log.queue.byte-limit = 2147483647 (custom)
2021-06-03 00:00:15,864 [pool-155-thread-1] INFO  server.RaftServerConfigKeys (ConfUtils.java:logGet(44)) - raft.server.log.queue.element-limit = 1024 (custom)
2021-06-03 00:00:15,864 [pool-155-thread-1] INFO  server.RaftServerConfigKeys (ConfUtils.java:logGet(44)) - raft.server.log.segment.size.max = 1048576 (custom)
2021-06-03 00:00:15,864 [pool-155-thread-1] INFO  server.RaftServerConfigKeys (ConfUtils.java:logGet(44)) - raft.server.log.preallocated.size = 16384 (custom)
2021-06-03 00:00:15,864 [pool-155-thread-1] INFO  server.RaftServerConfigKeys (ConfUtils.java:logGet(44)) - raft.server.log.force.sync.num = 128 (default)
2021-06-03 00:00:15,864 [pool-155-thread-1] INFO  server.RaftServerConfigKeys (ConfUtils.java:logGet(44)) - raft.server.log.statemachine.data.sync = true (default)
2021-06-03 00:00:15,864 [pool-155-thread-1] INFO  server.RaftServerConfigKeys (ConfUtils.java:logGet(44)) - raft.server.log.statemachine.data.sync.timeout = 10s (default)
2021-06-03 00:00:15,864 [pool-155-thread-1] INFO  server.RaftServerConfigKeys (ConfUtils.java:logGet(44)) - raft.server.log.statemachine.data.sync.timeout.retry = -1 (default)
2021-06-03 00:00:15,858 [pool-101-thread-1] INFO  util.JmxRegister (JmxRegister.java:tryRegister(44)) - Successfully registered JMX Bean with object name Ratis:service=RaftServer,group=group-B547EC5FBBCA,id=7d2c3eba-00a8-4405-8104-350103fd4dff
2021-06-03 00:00:15,866 [pool-101-thread-1] INFO  metrics.RatisMetrics (RatisMetrics.java:lambda$create$0(36)) - Creating Metrics Registry : ratis.state_machine.7d2c3eba-00a8-4405-8104-350103fd4dff@group-B547EC5FBBCA
2021-06-03 00:00:15,853 [EventQueue-OpenPipelineForHealthyPipelineSafeModeRule] INFO  safemode.SCMSafeModeManager (HealthyPipelineSafeModeRule.java:process(130)) - SCM in safe mode. Healthy pipelines reported count is 0, required healthy pipeline reported count is 1
2021-06-03 00:00:15,868 [EventQueue-OpenPipelineForHealthyPipelineSafeModeRule] INFO  safemode.SCMSafeModeManager (HealthyPipelineSafeModeRule.java:process(130)) - SCM in safe mode. Healthy pipelines reported count is 0, required healthy pipeline reported count is 1
2021-06-03 00:00:15,866 [pool-155-thread-1] INFO  server.RaftServerConfigKeys (ConfUtils.java:logGet(44)) - raft.server.log.write.buffer.size = 1048576 (custom)
2021-06-03 00:00:15,869 [pool-155-thread-1] INFO  server.RaftServerConfigKeys (ConfUtils.java:logGet(44)) - raft.server.log.statemachine.data.caching.enabled = true (custom)
2021-06-03 00:00:15,869 [pool-155-thread-1] INFO  segmented.SegmentedRaftLogWorker (SegmentedRaftLogWorker.java:lambda$new$0(133)) - d0cf5b47-7c54-4e8b-8553-76537c736c6c@group-7907BFF6719C-SegmentedRaftLogWorker: flushIndex: setUnconditionally 0 -> -1
2021-06-03 00:00:15,869 [pool-155-thread-1] INFO  segmented.SegmentedRaftLogWorker (SegmentedRaftLogWorker.java:lambda$new$0(133)) - d0cf5b47-7c54-4e8b-8553-76537c736c6c@group-7907BFF6719C-SegmentedRaftLogWorker: safeCacheEvictIndex: setUnconditionally 0 -> -1
2021-06-03 00:00:15,869 [EventQueue-PipelineReportForOneReplicaPipelineSafeModeRule] INFO  safemode.SCMSafeModeManager (SCMSafeModeManager.java:validateSafeModeExitRules(201)) - AtleastOneDatanodeReportedRule rule is successfully validated
2021-06-03 00:00:15,873 [Command processor thread] INFO  ratis.XceiverServerRatis (XceiverServerRatis.java:addGroup(808)) - Created group PipelineID=d82feb61-3546-4dbb-be3b-b547ec5fbbca
2021-06-03 00:00:15,874 [Command processor thread] INFO  metrics.RatisMetrics (RatisMetrics.java:lambda$create$0(36)) - Creating Metrics Registry : ratis.client_message_metrics.client-715933B9ECD6->f4f16679-ee25-4299-b5ef-20744ad00da9
2021-06-03 00:00:15,881 [pool-155-thread-1] INFO  server.RaftServerConfigKeys (ConfUtils.java:logGet(44)) - raft.server.snapshot.auto.trigger.enabled = true (custom)
2021-06-03 00:00:15,881 [pool-155-thread-1] INFO  server.RaftServerConfigKeys (ConfUtils.java:logGet(44)) - raft.server.snapshot.auto.trigger.threshold = 1 (custom)
2021-06-03 00:00:15,889 [pool-155-thread-1] INFO  server.RaftServerConfigKeys (ConfUtils.java:logGet(44)) - raft.server.snapshot.retention.file.num = 5 (custom)
2021-06-03 00:00:15,889 [pool-155-thread-1] INFO  server.RaftServerConfigKeys (ConfUtils.java:logGet(44)) - raft.server.log.purge.upto.snapshot.index = false (default)
2021-06-03 00:00:15,889 [pool-155-thread-1] INFO  server.RaftServerConfigKeys (ConfUtils.java:logGet(44)) - raft.server.retrycache.expirytime = 600000ms (custom)
2021-06-03 00:00:15,889 [pool-155-thread-1] INFO  server.RaftServerConfigKeys (ConfUtils.java:logGet(44)) - raft.server.retrycache.statistics.expirytime = 100μs (default)
2021-06-03 00:00:15,889 [pool-155-thread-1] INFO  metrics.RatisMetrics (RatisMetrics.java:lambda$create$0(36)) - Creating Metrics Registry : ratis.leader_election.d0cf5b47-7c54-4e8b-8553-76537c736c6c@group-7907BFF6719C
2021-06-03 00:00:15,890 [pool-155-thread-1] INFO  metrics.RatisMetrics (RatisMetrics.java:lambda$create$0(36)) - Creating Metrics Registry : ratis.server.d0cf5b47-7c54-4e8b-8553-76537c736c6c@group-7907BFF6719C
2021-06-03 00:00:15,890 [pool-155-thread-1] INFO  server.RaftServer$Division (RaftServerImpl.java:start(295)) - d0cf5b47-7c54-4e8b-8553-76537c736c6c@group-7907BFF6719C: start as a follower, conf=-1: [d0cf5b47-7c54-4e8b-8553-76537c736c6c|rpc:10.1.0.28:42427|priority:1], old=null
2021-06-03 00:00:15,891 [pool-155-thread-1] INFO  server.RaftServer$Division (RaftServerImpl.java:setRole(284)) - d0cf5b47-7c54-4e8b-8553-76537c736c6c@group-7907BFF6719C: changes role from      null to FOLLOWER at term 0 for startAsFollower
2021-06-03 00:00:15,901 [pool-155-thread-1] INFO  impl.RoleInfo (RoleInfo.java:updateAndGet(130)) - d0cf5b47-7c54-4e8b-8553-76537c736c6c: start d0cf5b47-7c54-4e8b-8553-76537c736c6c@group-7907BFF6719C-FollowerState
2021-06-03 00:00:15,907 [pool-155-thread-1] INFO  util.JmxRegister (JmxRegister.java:tryRegister(44)) - Successfully registered JMX Bean with object name Ratis:service=RaftServer,group=group-7907BFF6719C,id=d0cf5b47-7c54-4e8b-8553-76537c736c6c
2021-06-03 00:00:15,908 [pool-155-thread-1] INFO  metrics.RatisMetrics (RatisMetrics.java:lambda$create$0(36)) - Creating Metrics Registry : ratis.state_machine.d0cf5b47-7c54-4e8b-8553-76537c736c6c@group-7907BFF6719C
2021-06-03 00:00:15,910 [Command processor thread] INFO  ratis.XceiverServerRatis (XceiverServerRatis.java:addGroup(808)) - Created group PipelineID=334fa115-4679-4eab-b4ec-7907bff6719c
2021-06-03 00:00:15,911 [Command processor thread] INFO  commandhandler.CreatePipelineCommandHandler (CreatePipelineCommandHandler.java:handle(106)) - Created Pipeline RATIS ONE PipelineID=334fa115-4679-4eab-b4ec-7907bff6719c.
2021-06-03 00:00:15,911 [Command processor thread] INFO  server.RaftServer (RaftServerProxy.java:addNew(95)) - d0cf5b47-7c54-4e8b-8553-76537c736c6c: addNew group-D30DF566EEDF:[49823d17-a6b1-4b17-b5f9-be7dfd52d59a|rpc:10.1.0.28:36933|priority:0, d0cf5b47-7c54-4e8b-8553-76537c736c6c|rpc:10.1.0.28:42427|priority:1, 008cfff7-303f-4304-8652-a290acc47d8f|rpc:10.1.0.28:38019|priority:0] returns group-D30DF566EEDF:java.util.concurrent.CompletableFuture@74283616[Not completed]
2021-06-03 00:00:15,914 [Command processor thread] INFO  commandhandler.CreatePipelineCommandHandler (CreatePipelineCommandHandler.java:handle(106)) - Created Pipeline RATIS THREE PipelineID=d82feb61-3546-4dbb-be3b-b547ec5fbbca.
2021-06-03 00:00:15,919 [Command processor thread] INFO  metrics.RatisMetrics (RatisMetrics.java:lambda$create$0(36)) - Creating Metrics Registry : ratis.client_message_metrics.client-826E8D85BFDB->15d89ff8-8978-426f-aa57-cfd2a1dc180a
2021-06-03 00:00:15,920 [pool-155-thread-1] INFO  server.RaftServer$Division (RaftServerImpl.java:<init>(180)) - d0cf5b47-7c54-4e8b-8553-76537c736c6c: new RaftServerImpl for group-D30DF566EEDF:[49823d17-a6b1-4b17-b5f9-be7dfd52d59a|rpc:10.1.0.28:36933|priority:0, d0cf5b47-7c54-4e8b-8553-76537c736c6c|rpc:10.1.0.28:42427|priority:1, 008cfff7-303f-4304-8652-a290acc47d8f|rpc:10.1.0.28:38019|priority:0] with ContainerStateMachine:uninitialized
2021-06-03 00:00:15,920 [pool-155-thread-1] INFO  server.RaftServerConfigKeys (ConfUtils.java:logGet(44)) - raft.server.rpc.timeout.min = 5s (custom)
2021-06-03 00:00:15,920 [pool-155-thread-1] INFO  server.RaftServerConfigKeys (ConfUtils.java:logGet(44)) - raft.server.rpc.timeout.max = 5200ms (custom)
2021-06-03 00:00:15,920 [pool-155-thread-1] INFO  server.RaftServerConfigKeys (ConfUtils.java:logGet(44)) - raft.server.rpc.sleep.time = 25ms (default)
2021-06-03 00:00:15,920 [pool-155-thread-1] INFO  server.RaftServerConfigKeys (ConfUtils.java:logGet(44)) - raft.server.rpc.slowness.timeout = 300000ms (custom)
2021-06-03 00:00:15,920 [pool-155-thread-1] INFO  server.RaftServerConfigKeys (ConfUtils.java:logGet(44)) - raft.server.leaderelection.leader.step-down.wait-time = 10s (default)
2021-06-03 00:00:15,920 [pool-155-thread-1] INFO  server.RaftServerConfigKeys (ConfUtils.java:logGet(44)) - raft.server.sleep.deviation.threshold = 300ms (default)
2021-06-03 00:00:15,920 [pool-155-thread-1] INFO  server.RaftServerConfigKeys (ConfUtils.java:logGet(44)) - raft.server.log.appender.install.snapshot.enabled = false (custom)
2021-06-03 00:00:15,920 [pool-155-thread-1] INFO  server.RaftServer$Division (ServerState.java:<init>(105)) - d0cf5b47-7c54-4e8b-8553-76537c736c6c@group-D30DF566EEDF: ConfigurationManager, init=-1: [49823d17-a6b1-4b17-b5f9-be7dfd52d59a|rpc:10.1.0.28:36933|priority:0, d0cf5b47-7c54-4e8b-8553-76537c736c6c|rpc:10.1.0.28:42427|priority:1, 008cfff7-303f-4304-8652-a290acc47d8f|rpc:10.1.0.28:38019|priority:0], old=null, confs=<EMPTY_MAP>
2021-06-03 00:00:15,920 [pool-155-thread-1] INFO  server.RaftServerConfigKeys (ConfUtils.java:logGet(44)) - raft.server.storage.dir = [/home/runner/work/ozone/ozone/mnt/ozone/hadoop-ozone/integration-test/target/test-dir/MiniOzoneClusterImpl-d99b0d03-7963-4ac2-881f-75d2f82b72ef/datanode-6/data/ratis] (custom)
2021-06-03 00:00:15,920 [pool-155-thread-1] INFO  server.RaftServerConfigKeys (ConfUtils.java:logGet(44)) - raft.server.log.corruption.policy = EXCEPTION (default)
2021-06-03 00:00:15,920 [pool-155-thread-1] INFO  storage.RaftStorageDirectory (RaftStorageDirectoryImpl.java:analyzeStorage(132)) - The storage directory /home/runner/work/ozone/ozone/mnt/ozone/hadoop-ozone/integration-test/target/test-dir/MiniOzoneClusterImpl-d99b0d03-7963-4ac2-881f-75d2f82b72ef/datanode-6/data/ratis/24fec9e1-47d2-46c7-9311-d30df566eedf does not exist. Creating ...
2021-06-03 00:00:15,922 [pool-155-thread-1] INFO  storage.RaftStorageDirectory (RaftStorageDirectoryImpl.java:tryLock(215)) - Lock on /home/runner/work/ozone/ozone/mnt/ozone/hadoop-ozone/integration-test/target/test-dir/MiniOzoneClusterImpl-d99b0d03-7963-4ac2-881f-75d2f82b72ef/datanode-6/data/ratis/24fec9e1-47d2-46c7-9311-d30df566eedf/in_use.lock acquired by nodename 19265@fv-az54-886
2021-06-03 00:00:15,926 [pool-155-thread-1] INFO  storage.RaftStorage (RaftStorageImpl.java:format(87)) - Storage directory /home/runner/work/ozone/ozone/mnt/ozone/hadoop-ozone/integration-test/target/test-dir/MiniOzoneClusterImpl-d99b0d03-7963-4ac2-881f-75d2f82b72ef/datanode-6/data/ratis/24fec9e1-47d2-46c7-9311-d30df566eedf has been successfully formatted.
2021-06-03 00:00:15,926 [pool-155-thread-1] INFO  ratis.ContainerStateMachine (ContainerStateMachine.java:loadSnapshot(224)) - group-D30DF566EEDF: The snapshot info is null. Setting the last applied indexto:(t:0, i:~)
2021-06-03 00:00:15,926 [pool-155-thread-1] INFO  server.RaftServerConfigKeys (ConfUtils.java:logGet(44)) - raft.server.notification.no-leader.timeout = 300000ms (custom)
2021-06-03 00:00:15,926 [pool-155-thread-1] INFO  server.RaftServerConfigKeys (ConfUtils.java:logGet(44)) - raft.server.log.use.memory = false (default)
2021-06-03 00:00:15,926 [pool-155-thread-1] INFO  server.RaftServerConfigKeys (ConfUtils.java:logGet(44)) - raft.server.log.purge.gap = 1000000 (custom)
2021-06-03 00:00:15,927 [pool-155-thread-1] INFO  server.RaftServerConfigKeys (ConfUtils.java:logGet(44)) - raft.server.log.appender.buffer.byte-limit = 33554432 (custom)
2021-06-03 00:00:15,927 [pool-155-thread-1] INFO  metrics.RatisMetrics (RatisMetrics.java:lambda$create$0(36)) - Creating Metrics Registry : ratis.log_worker.d0cf5b47-7c54-4e8b-8553-76537c736c6c@group-D30DF566EEDF
2021-06-03 00:00:15,927 [pool-155-thread-1] INFO  server.RaftServerConfigKeys (ConfUtils.java:logGet(44)) - raft.server.log.segment.size.max = 1048576 (custom)
2021-06-03 00:00:15,927 [EventQueue-PipelineReportForOneReplicaPipelineSafeModeRule] INFO  safemode.SCMSafeModeManager (SCMSafeModeManager.java:validateSafeModeExitRules(201)) - AtleastOneDatanodeReportedRule rule is successfully validated
2021-06-03 00:00:15,927 [EventQueue-OpenPipelineForHealthyPipelineSafeModeRule] INFO  safemode.SCMSafeModeManager (HealthyPipelineSafeModeRule.java:process(130)) - SCM in safe mode. Healthy pipelines reported count is 0, required healthy pipeline reported count is 1
2021-06-03 00:00:15,927 [pool-155-thread-1] INFO  server.RaftServerConfigKeys (ConfUtils.java:logGet(44)) - raft.server.log.segment.cache.num.max = 2 (custom)
2021-06-03 00:00:15,927 [pool-155-thread-1] INFO  server.RaftServerConfigKeys (ConfUtils.java:logGet(44)) - raft.server.log.segment.cache.size.max = 200MB (=209715200) (default)
2021-06-03 00:00:15,927 [pool-155-thread-1] INFO  segmented.SegmentedRaftLogWorker (SegmentedRaftLogWorker.java:<init>(182)) - new d0cf5b47-7c54-4e8b-8553-76537c736c6c@group-D30DF566EEDF-SegmentedRaftLogWorker for RaftStorageImpl:Storage Directory /home/runner/work/ozone/ozone/mnt/ozone/hadoop-ozone/integration-test/target/test-dir/MiniOzoneClusterImpl-d99b0d03-7963-4ac2-881f-75d2f82b72ef/datanode-6/data/ratis/24fec9e1-47d2-46c7-9311-d30df566eedf
2021-06-03 00:00:15,928 [pool-155-thread-1] INFO  server.RaftServerConfigKeys (ConfUtils.java:logGet(44)) - raft.server.log.queue.byte-limit = 2147483647 (custom)
2021-06-03 00:00:15,928 [pool-155-thread-1] INFO  server.RaftServerConfigKeys (ConfUtils.java:logGet(44)) - raft.server.log.queue.element-limit = 1024 (custom)
2021-06-03 00:00:15,928 [pool-155-thread-1] INFO  server.RaftServerConfigKeys (ConfUtils.java:logGet(44)) - raft.server.log.segment.size.max = 1048576 (custom)
2021-06-03 00:00:15,928 [pool-155-thread-1] INFO  server.RaftServerConfigKeys (ConfUtils.java:logGet(44)) - raft.server.log.preallocated.size = 16384 (custom)
2021-06-03 00:00:15,928 [pool-155-thread-1] INFO  server.RaftServerConfigKeys (ConfUtils.java:logGet(44)) - raft.server.log.force.sync.num = 128 (default)
2021-06-03 00:00:15,928 [pool-155-thread-1] INFO  server.RaftServerConfigKeys (ConfUtils.java:logGet(44)) - raft.server.log.statemachine.data.sync = true (default)
2021-06-03 00:00:15,928 [pool-155-thread-1] INFO  server.RaftServerConfigKeys (ConfUtils.java:logGet(44)) - raft.server.log.statemachine.data.sync.timeout = 10s (default)
2021-06-03 00:00:15,928 [pool-155-thread-1] INFO  server.RaftServerConfigKeys (ConfUtils.java:logGet(44)) - raft.server.log.statemachine.data.sync.timeout.retry = -1 (default)
2021-06-03 00:00:15,929 [pool-155-thread-1] INFO  server.RaftServerConfigKeys (ConfUtils.java:logGet(44)) - raft.server.log.write.buffer.size = 1048576 (custom)
2021-06-03 00:00:15,930 [pool-155-thread-1] INFO  server.RaftServerConfigKeys (ConfUtils.java:logGet(44)) - raft.server.log.statemachine.data.caching.enabled = true (custom)
2021-06-03 00:00:15,930 [pool-155-thread-1] INFO  segmented.SegmentedRaftLogWorker (SegmentedRaftLogWorker.java:lambda$new$0(133)) - d0cf5b47-7c54-4e8b-8553-76537c736c6c@group-D30DF566EEDF-SegmentedRaftLogWorker: flushIndex: setUnconditionally 0 -> -1
2021-06-03 00:00:15,930 [pool-155-thread-1] INFO  segmented.SegmentedRaftLogWorker (SegmentedRaftLogWorker.java:lambda$new$0(133)) - d0cf5b47-7c54-4e8b-8553-76537c736c6c@group-D30DF566EEDF-SegmentedRaftLogWorker: safeCacheEvictIndex: setUnconditionally 0 -> -1
2021-06-03 00:00:15,930 [pool-155-thread-1] INFO  server.RaftServerConfigKeys (ConfUtils.java:logGet(44)) - raft.server.snapshot.auto.trigger.enabled = true (custom)
2021-06-03 00:00:15,930 [pool-155-thread-1] INFO  server.RaftServerConfigKeys (ConfUtils.java:logGet(44)) - raft.server.snapshot.auto.trigger.threshold = 1 (custom)
2021-06-03 00:00:15,930 [pool-155-thread-1] INFO  server.RaftServerConfigKeys (ConfUtils.java:logGet(44)) - raft.server.snapshot.retention.file.num = 5 (custom)
2021-06-03 00:00:15,930 [pool-155-thread-1] INFO  server.RaftServerConfigKeys (ConfUtils.java:logGet(44)) - raft.server.log.purge.upto.snapshot.index = false (default)
2021-06-03 00:00:15,930 [pool-155-thread-1] INFO  server.RaftServerConfigKeys (ConfUtils.java:logGet(44)) - raft.server.retrycache.expirytime = 600000ms (custom)
2021-06-03 00:00:15,931 [pool-155-thread-1] INFO  server.RaftServerConfigKeys (ConfUtils.java:logGet(44)) - raft.server.retrycache.statistics.expirytime = 100μs (default)
2021-06-03 00:00:15,931 [pool-155-thread-1] INFO  metrics.RatisMetrics (RatisMetrics.java:lambda$create$0(36)) - Creating Metrics Registry : ratis.leader_election.d0cf5b47-7c54-4e8b-8553-76537c736c6c@group-D30DF566EEDF
2021-06-03 00:00:15,931 [pool-155-thread-1] INFO  metrics.RatisMetrics (RatisMetrics.java:lambda$create$0(36)) - Creating Metrics Registry : ratis.server.d0cf5b47-7c54-4e8b-8553-76537c736c6c@group-D30DF566EEDF
2021-06-03 00:00:15,932 [pool-155-thread-1] INFO  server.RaftServer$Division (RaftServerImpl.java:start(295)) - d0cf5b47-7c54-4e8b-8553-76537c736c6c@group-D30DF566EEDF: start as a follower, conf=-1: [49823d17-a6b1-4b17-b5f9-be7dfd52d59a|rpc:10.1.0.28:36933|priority:0, d0cf5b47-7c54-4e8b-8553-76537c736c6c|rpc:10.1.0.28:42427|priority:1, 008cfff7-303f-4304-8652-a290acc47d8f|rpc:10.1.0.28:38019|priority:0], old=null
2021-06-03 00:00:15,935 [pool-155-thread-1] INFO  server.RaftServer$Division (RaftServerImpl.java:setRole(284)) - d0cf5b47-7c54-4e8b-8553-76537c736c6c@group-D30DF566EEDF: changes role from      null to FOLLOWER at term 0 for startAsFollower
2021-06-03 00:00:15,935 [pool-155-thread-1] INFO  impl.RoleInfo (RoleInfo.java:updateAndGet(130)) - d0cf5b47-7c54-4e8b-8553-76537c736c6c: start d0cf5b47-7c54-4e8b-8553-76537c736c6c@group-D30DF566EEDF-FollowerState
2021-06-03 00:00:15,936 [EventQueue-PipelineReportForOneReplicaPipelineSafeModeRule] INFO  safemode.SCMSafeModeManager (SCMSafeModeManager.java:validateSafeModeExitRules(201)) - AtleastOneDatanodeReportedRule rule is successfully validated
2021-06-03 00:00:15,936 [EventQueue-OpenPipelineForHealthyPipelineSafeModeRule] INFO  safemode.SCMSafeModeManager (HealthyPipelineSafeModeRule.java:process(130)) - SCM in safe mode. Healthy pipelines reported count is 0, required healthy pipeline reported count is 1
2021-06-03 00:00:15,938 [pool-155-thread-1] INFO  util.JmxRegister (JmxRegister.java:tryRegister(44)) - Successfully registered JMX Bean with object name Ratis:service=RaftServer,group=group-D30DF566EEDF,id=d0cf5b47-7c54-4e8b-8553-76537c736c6c
2021-06-03 00:00:15,938 [pool-155-thread-1] INFO  metrics.RatisMetrics (RatisMetrics.java:lambda$create$0(36)) - Creating Metrics Registry : ratis.state_machine.d0cf5b47-7c54-4e8b-8553-76537c736c6c@group-D30DF566EEDF
2021-06-03 00:00:15,938 [Command processor thread] INFO  ratis.XceiverServerRatis (XceiverServerRatis.java:addGroup(808)) - Created group PipelineID=24fec9e1-47d2-46c7-9311-d30df566eedf
2021-06-03 00:00:15,941 [Command processor thread] INFO  metrics.RatisMetrics (RatisMetrics.java:lambda$create$0(36)) - Creating Metrics Registry : ratis.client_message_metrics.client-D0ED670A3537->49823d17-a6b1-4b17-b5f9-be7dfd52d59a
2021-06-03 00:00:15,950 [EventQueue-PipelineReportForOneReplicaPipelineSafeModeRule] INFO  safemode.SCMSafeModeManager (SCMSafeModeManager.java:validateSafeModeExitRules(201)) - AtleastOneDatanodeReportedRule rule is successfully validated
2021-06-03 00:00:15,957 [Command processor thread] INFO  server.RaftServer (RaftServerProxy.java:addNew(95)) - 49823d17-a6b1-4b17-b5f9-be7dfd52d59a: addNew group-9111B1F16C21:[49823d17-a6b1-4b17-b5f9-be7dfd52d59a|rpc:10.1.0.28:36933|priority:1] returns group-9111B1F16C21:java.util.concurrent.CompletableFuture@6469aab6[Not completed]
2021-06-03 00:00:15,957 [Command processor thread] INFO  commandhandler.CreatePipelineCommandHandler (CreatePipelineCommandHandler.java:handle(106)) - Created Pipeline RATIS THREE PipelineID=d82feb61-3546-4dbb-be3b-b547ec5fbbca.
2021-06-03 00:00:15,958 [pool-173-thread-1] INFO  server.RaftServer$Division (RaftServerImpl.java:<init>(180)) - 49823d17-a6b1-4b17-b5f9-be7dfd52d59a: new RaftServerImpl for group-9111B1F16C21:[49823d17-a6b1-4b17-b5f9-be7dfd52d59a|rpc:10.1.0.28:36933|priority:1] with ContainerStateMachine:uninitialized
2021-06-03 00:00:15,960 [grpc-default-executor-2] INFO  metrics.RatisMetrics (RatisMetrics.java:lambda$create$0(36)) - Creating Metrics Registry : ratis.server_message_metrics.49823d17-a6b1-4b17-b5f9-be7dfd52d59a
2021-06-03 00:00:15,961 [pool-173-thread-1] INFO  server.RaftServerConfigKeys (ConfUtils.java:logGet(44)) - raft.server.rpc.timeout.min = 5s (custom)
2021-06-03 00:00:15,961 [pool-173-thread-1] INFO  server.RaftServerConfigKeys (ConfUtils.java:logGet(44)) - raft.server.rpc.timeout.max = 5200ms (custom)
2021-06-03 00:00:15,961 [pool-173-thread-1] INFO  server.RaftServerConfigKeys (ConfUtils.java:logGet(44)) - raft.server.rpc.sleep.time = 25ms (default)
2021-06-03 00:00:15,961 [pool-173-thread-1] INFO  server.RaftServerConfigKeys (ConfUtils.java:logGet(44)) - raft.server.rpc.slowness.timeout = 300000ms (custom)
2021-06-03 00:00:15,961 [pool-173-thread-1] INFO  server.RaftServerConfigKeys (ConfUtils.java:logGet(44)) - raft.server.leaderelection.leader.step-down.wait-time = 10s (default)
2021-06-03 00:00:15,962 [pool-173-thread-1] INFO  server.RaftServerConfigKeys (ConfUtils.java:logGet(44)) - raft.server.sleep.deviation.threshold = 300ms (default)
2021-06-03 00:00:15,962 [pool-173-thread-1] INFO  server.RaftServerConfigKeys (ConfUtils.java:logGet(44)) - raft.server.log.appender.install.snapshot.enabled = false (custom)
2021-06-03 00:00:15,962 [pool-173-thread-1] INFO  server.RaftServer$Division (ServerState.java:<init>(105)) - 49823d17-a6b1-4b17-b5f9-be7dfd52d59a@group-9111B1F16C21: ConfigurationManager, init=-1: [49823d17-a6b1-4b17-b5f9-be7dfd52d59a|rpc:10.1.0.28:36933|priority:1], old=null, confs=<EMPTY_MAP>
2021-06-03 00:00:15,962 [pool-173-thread-1] INFO  server.RaftServerConfigKeys (ConfUtils.java:logGet(44)) - raft.server.storage.dir = [/home/runner/work/ozone/ozone/mnt/ozone/hadoop-ozone/integration-test/target/test-dir/MiniOzoneClusterImpl-d99b0d03-7963-4ac2-881f-75d2f82b72ef/datanode-7/data/ratis] (custom)
2021-06-03 00:00:15,962 [pool-173-thread-1] INFO  server.RaftServerConfigKeys (ConfUtils.java:logGet(44)) - raft.server.log.corruption.policy = EXCEPTION (default)
2021-06-03 00:00:15,963 [grpc-default-executor-2] INFO  server.RaftServer (RaftServerProxy.java:addNew(95)) - 49823d17-a6b1-4b17-b5f9-be7dfd52d59a: addNew group-D30DF566EEDF:[49823d17-a6b1-4b17-b5f9-be7dfd52d59a|rpc:10.1.0.28:36933|dataStream:|priority:0, d0cf5b47-7c54-4e8b-8553-76537c736c6c|rpc:10.1.0.28:42427|dataStream:|priority:1, 008cfff7-303f-4304-8652-a290acc47d8f|rpc:10.1.0.28:38019|dataStream:|priority:0] returns group-D30DF566EEDF:java.util.concurrent.CompletableFuture@6a64a2e1[Not completed]
2021-06-03 00:00:15,969 [pool-173-thread-1] INFO  storage.RaftStorageDirectory (RaftStorageDirectoryImpl.java:analyzeStorage(132)) - The storage directory /home/runner/work/ozone/ozone/mnt/ozone/hadoop-ozone/integration-test/target/test-dir/MiniOzoneClusterImpl-d99b0d03-7963-4ac2-881f-75d2f82b72ef/datanode-7/data/ratis/e01126f0-176d-4eae-83b0-9111b1f16c21 does not exist. Creating ...
2021-06-03 00:00:15,970 [pool-173-thread-1] INFO  storage.RaftStorageDirectory (RaftStorageDirectoryImpl.java:tryLock(215)) - Lock on /home/runner/work/ozone/ozone/mnt/ozone/hadoop-ozone/integration-test/target/test-dir/MiniOzoneClusterImpl-d99b0d03-7963-4ac2-881f-75d2f82b72ef/datanode-7/data/ratis/e01126f0-176d-4eae-83b0-9111b1f16c21/in_use.lock acquired by nodename 19265@fv-az54-886
2021-06-03 00:00:15,971 [EventQueue-PipelineReportForOneReplicaPipelineSafeModeRule] INFO  safemode.SCMSafeModeManager (SCMSafeModeManager.java:validateSafeModeExitRules(201)) - AtleastOneDatanodeReportedRule rule is successfully validated
2021-06-03 00:00:15,972 [EventQueue-PipelineReportForOneReplicaPipelineSafeModeRule] INFO  safemode.SCMSafeModeManager (SCMSafeModeManager.java:validateSafeModeExitRules(201)) - AtleastOneDatanodeReportedRule rule is successfully validated
2021-06-03 00:00:15,972 [EventQueue-OpenPipelineForHealthyPipelineSafeModeRule] INFO  safemode.SCMSafeModeManager (HealthyPipelineSafeModeRule.java:process(130)) - SCM in safe mode. Healthy pipelines reported count is 0, required healthy pipeline reported count is 1
2021-06-03 00:00:15,972 [pool-173-thread-1] INFO  storage.RaftStorage (RaftStorageImpl.java:format(87)) - Storage directory /home/runner/work/ozone/ozone/mnt/ozone/hadoop-ozone/integration-test/target/test-dir/MiniOzoneClusterImpl-d99b0d03-7963-4ac2-881f-75d2f82b72ef/datanode-7/data/ratis/e01126f0-176d-4eae-83b0-9111b1f16c21 has been successfully formatted.
2021-06-03 00:00:15,973 [pool-173-thread-1] INFO  ratis.ContainerStateMachine (ContainerStateMachine.java:loadSnapshot(224)) - group-9111B1F16C21: The snapshot info is null. Setting the last applied indexto:(t:0, i:~)
2021-06-03 00:00:15,973 [pool-173-thread-1] INFO  server.RaftServerConfigKeys (ConfUtils.java:logGet(44)) - raft.server.notification.no-leader.timeout = 300000ms (custom)
2021-06-03 00:00:15,973 [pool-173-thread-1] INFO  server.RaftServerConfigKeys (ConfUtils.java:logGet(44)) - raft.server.log.use.memory = false (default)
2021-06-03 00:00:15,973 [EventQueue-PipelineReportForPipelineReportHandler] INFO  pipeline.PipelineManagerV2Impl (PipelineManagerV2Impl.java:openPipeline(270)) - Pipeline Pipeline[ Id: e01126f0-176d-4eae-83b0-9111b1f16c21, Nodes: 49823d17-a6b1-4b17-b5f9-be7dfd52d59a{ip: 10.1.0.28, host: fv-az54-886.gmada3d5h3zutaf4vio4yveaag.bx.internal.cloudapp.net, ports: [REPLICATION=38393, RATIS=36933, RATIS_ADMIN=36933, RATIS_SERVER=36933, STANDALONE=38267], networkLocation: /default-rack, certSerialId: null, persistedOpState: IN_SERVICE, persistedOpStateExpiryEpochSec: 0}, ReplicationConfig: RATIS/ONE, State:ALLOCATED, leaderId:49823d17-a6b1-4b17-b5f9-be7dfd52d59a, CreationTimestamp2021-06-03T00:00:12.951Z] moved to OPEN state
2021-06-03 00:00:15,973 [EventQueue-PipelineReportForOneReplicaPipelineSafeModeRule] INFO  safemode.SCMSafeModeManager (SCMSafeModeManager.java:validateSafeModeExitRules(201)) - AtleastOneDatanodeReportedRule rule is successfully validated
2021-06-03 00:00:15,976 [pool-173-thread-1] INFO  server.RaftServerConfigKeys (ConfUtils.java:logGet(44)) - raft.server.log.purge.gap = 1000000 (custom)
2021-06-03 00:00:15,978 [pool-173-thread-1] INFO  server.RaftServerConfigKeys (ConfUtils.java:logGet(44)) - raft.server.log.appender.buffer.byte-limit = 33554432 (custom)
2021-06-03 00:00:15,978 [pool-173-thread-1] INFO  metrics.RatisMetrics (RatisMetrics.java:lambda$create$0(36)) - Creating Metrics Registry : ratis.log_worker.49823d17-a6b1-4b17-b5f9-be7dfd52d59a@group-9111B1F16C21
2021-06-03 00:00:15,978 [EventQueue-OpenPipelineForHealthyPipelineSafeModeRule] INFO  safemode.SCMSafeModeManager (HealthyPipelineSafeModeRule.java:process(130)) - SCM in safe mode. Healthy pipelines reported count is 0, required healthy pipeline reported count is 1
2021-06-03 00:00:15,978 [pool-173-thread-1] INFO  server.RaftServerConfigKeys (ConfUtils.java:logGet(44)) - raft.server.log.segment.size.max = 1048576 (custom)
2021-06-03 00:00:15,980 [pool-173-thread-1] INFO  server.RaftServerConfigKeys (ConfUtils.java:logGet(44)) - raft.server.log.segment.cache.num.max = 2 (custom)
2021-06-03 00:00:15,980 [pool-173-thread-1] INFO  server.RaftServerConfigKeys (ConfUtils.java:logGet(44)) - raft.server.log.segment.cache.size.max = 200MB (=209715200) (default)
2021-06-03 00:00:15,980 [pool-173-thread-1] INFO  segmented.SegmentedRaftLogWorker (SegmentedRaftLogWorker.java:<init>(182)) - new 49823d17-a6b1-4b17-b5f9-be7dfd52d59a@group-9111B1F16C21-SegmentedRaftLogWorker for RaftStorageImpl:Storage Directory /home/runner/work/ozone/ozone/mnt/ozone/hadoop-ozone/integration-test/target/test-dir/MiniOzoneClusterImpl-d99b0d03-7963-4ac2-881f-75d2f82b72ef/datanode-7/data/ratis/e01126f0-176d-4eae-83b0-9111b1f16c21
2021-06-03 00:00:15,980 [pool-173-thread-1] INFO  server.RaftServerConfigKeys (ConfUtils.java:logGet(44)) - raft.server.log.queue.byte-limit = 2147483647 (custom)
2021-06-03 00:00:15,980 [pool-173-thread-1] INFO  server.RaftServerConfigKeys (ConfUtils.java:logGet(44)) - raft.server.log.queue.element-limit = 1024 (custom)
2021-06-03 00:00:15,980 [pool-173-thread-1] INFO  server.RaftServerConfigKeys (ConfUtils.java:logGet(44)) - raft.server.log.segment.size.max = 1048576 (custom)
2021-06-03 00:00:15,980 [pool-173-thread-1] INFO  server.RaftServerConfigKeys (ConfUtils.java:logGet(44)) - raft.server.log.preallocated.size = 16384 (custom)
2021-06-03 00:00:15,980 [pool-173-thread-1] INFO  server.RaftServerConfigKeys (ConfUtils.java:logGet(44)) - raft.server.log.force.sync.num = 128 (default)
2021-06-03 00:00:15,980 [pool-173-thread-1] INFO  server.RaftServerConfigKeys (ConfUtils.java:logGet(44)) - raft.server.log.statemachine.data.sync = true (default)
2021-06-03 00:00:15,980 [pool-173-thread-1] INFO  server.RaftServerConfigKeys (ConfUtils.java:logGet(44)) - raft.server.log.statemachine.data.sync.timeout = 10s (default)
2021-06-03 00:00:15,980 [pool-173-thread-1] INFO  server.RaftServerConfigKeys (ConfUtils.java:logGet(44)) - raft.server.log.statemachine.data.sync.timeout.retry = -1 (default)
2021-06-03 00:00:15,982 [pool-173-thread-1] INFO  server.RaftServerConfigKeys (ConfUtils.java:logGet(44)) - raft.server.log.write.buffer.size = 1048576 (custom)
2021-06-03 00:00:15,983 [pool-173-thread-1] INFO  server.RaftServerConfigKeys (ConfUtils.java:logGet(44)) - raft.server.log.statemachine.data.caching.enabled = true (custom)
2021-06-03 00:00:15,983 [pool-173-thread-1] INFO  segmented.SegmentedRaftLogWorker (SegmentedRaftLogWorker.java:lambda$new$0(133)) - 49823d17-a6b1-4b17-b5f9-be7dfd52d59a@group-9111B1F16C21-SegmentedRaftLogWorker: flushIndex: setUnconditionally 0 -> -1
2021-06-03 00:00:15,983 [pool-173-thread-1] INFO  segmented.SegmentedRaftLogWorker (SegmentedRaftLogWorker.java:lambda$new$0(133)) - 49823d17-a6b1-4b17-b5f9-be7dfd52d59a@group-9111B1F16C21-SegmentedRaftLogWorker: safeCacheEvictIndex: setUnconditionally 0 -> -1
2021-06-03 00:00:15,985 [pool-173-thread-1] INFO  server.RaftServerConfigKeys (ConfUtils.java:logGet(44)) - raft.server.snapshot.auto.trigger.enabled = true (custom)
2021-06-03 00:00:15,985 [pool-173-thread-1] INFO  server.RaftServerConfigKeys (ConfUtils.java:logGet(44)) - raft.server.snapshot.auto.trigger.threshold = 1 (custom)
2021-06-03 00:00:15,985 [pool-173-thread-1] INFO  server.RaftServerConfigKeys (ConfUtils.java:logGet(44)) - raft.server.snapshot.retention.file.num = 5 (custom)
2021-06-03 00:00:15,985 [pool-173-thread-1] INFO  server.RaftServerConfigKeys (ConfUtils.java:logGet(44)) - raft.server.log.purge.upto.snapshot.index = false (default)
2021-06-03 00:00:15,985 [pool-173-thread-1] INFO  server.RaftServerConfigKeys (ConfUtils.java:logGet(44)) - raft.server.retrycache.expirytime = 600000ms (custom)
2021-06-03 00:00:15,985 [pool-173-thread-1] INFO  server.RaftServerConfigKeys (ConfUtils.java:logGet(44)) - raft.server.retrycache.statistics.expirytime = 100μs (default)
2021-06-03 00:00:15,985 [pool-173-thread-1] INFO  metrics.RatisMetrics (RatisMetrics.java:lambda$create$0(36)) - Creating Metrics Registry : ratis.leader_election.49823d17-a6b1-4b17-b5f9-be7dfd52d59a@group-9111B1F16C21
2021-06-03 00:00:15,985 [pool-173-thread-1] INFO  metrics.RatisMetrics (RatisMetrics.java:lambda$create$0(36)) - Creating Metrics Registry : ratis.server.49823d17-a6b1-4b17-b5f9-be7dfd52d59a@group-9111B1F16C21
2021-06-03 00:00:15,987 [pool-173-thread-1] INFO  server.RaftServer$Division (RaftServerImpl.java:<init>(180)) - 49823d17-a6b1-4b17-b5f9-be7dfd52d59a: new RaftServerImpl for group-D30DF566EEDF:[49823d17-a6b1-4b17-b5f9-be7dfd52d59a|rpc:10.1.0.28:36933|dataStream:|priority:0, d0cf5b47-7c54-4e8b-8553-76537c736c6c|rpc:10.1.0.28:42427|dataStream:|priority:1, 008cfff7-303f-4304-8652-a290acc47d8f|rpc:10.1.0.28:38019|dataStream:|priority:0] with ContainerStateMachine:uninitialized
2021-06-03 00:00:15,987 [pool-173-thread-1] INFO  server.RaftServerConfigKeys (ConfUtils.java:logGet(44)) - raft.server.rpc.timeout.min = 5s (custom)
2021-06-03 00:00:15,987 [pool-173-thread-1] INFO  server.RaftServerConfigKeys (ConfUtils.java:logGet(44)) - raft.server.rpc.timeout.max = 5200ms (custom)
2021-06-03 00:00:15,987 [pool-173-thread-1] INFO  server.RaftServerConfigKeys (ConfUtils.java:logGet(44)) - raft.server.rpc.sleep.time = 25ms (default)
2021-06-03 00:00:15,987 [pool-173-thread-1] INFO  server.RaftServerConfigKeys (ConfUtils.java:logGet(44)) - raft.server.rpc.slowness.timeout = 300000ms (custom)
2021-06-03 00:00:15,987 [pool-173-thread-1] INFO  server.RaftServerConfigKeys (ConfUtils.java:logGet(44)) - raft.server.leaderelection.leader.step-down.wait-time = 10s (default)
2021-06-03 00:00:15,987 [pool-173-thread-1] INFO  server.RaftServerConfigKeys (ConfUtils.java:logGet(44)) - raft.server.sleep.deviation.threshold = 300ms (default)
2021-06-03 00:00:15,987 [pool-173-thread-1] INFO  server.RaftServerConfigKeys (ConfUtils.java:logGet(44)) - raft.server.log.appender.install.snapshot.enabled = false (custom)
2021-06-03 00:00:15,987 [pool-173-thread-1] INFO  server.RaftServer$Division (ServerState.java:<init>(105)) - 49823d17-a6b1-4b17-b5f9-be7dfd52d59a@group-D30DF566EEDF: ConfigurationManager, init=-1: [49823d17-a6b1-4b17-b5f9-be7dfd52d59a|rpc:10.1.0.28:36933|dataStream:|priority:0, d0cf5b47-7c54-4e8b-8553-76537c736c6c|rpc:10.1.0.28:42427|dataStream:|priority:1, 008cfff7-303f-4304-8652-a290acc47d8f|rpc:10.1.0.28:38019|dataStream:|priority:0], old=null, confs=<EMPTY_MAP>
2021-06-03 00:00:15,987 [pool-173-thread-1] INFO  server.RaftServerConfigKeys (ConfUtils.java:logGet(44)) - raft.server.storage.dir = [/home/runner/work/ozone/ozone/mnt/ozone/hadoop-ozone/integration-test/target/test-dir/MiniOzoneClusterImpl-d99b0d03-7963-4ac2-881f-75d2f82b72ef/datanode-7/data/ratis] (custom)
2021-06-03 00:00:15,987 [pool-173-thread-1] INFO  server.RaftServerConfigKeys (ConfUtils.java:logGet(44)) - raft.server.log.corruption.policy = EXCEPTION (default)
2021-06-03 00:00:15,988 [pool-173-thread-1] INFO  storage.RaftStorageDirectory (RaftStorageDirectoryImpl.java:analyzeStorage(132)) - The storage directory /home/runner/work/ozone/ozone/mnt/ozone/hadoop-ozone/integration-test/target/test-dir/MiniOzoneClusterImpl-d99b0d03-7963-4ac2-881f-75d2f82b72ef/datanode-7/data/ratis/24fec9e1-47d2-46c7-9311-d30df566eedf does not exist. Creating ...
2021-06-03 00:00:15,992 [pool-173-thread-1] INFO  storage.RaftStorageDirectory (RaftStorageDirectoryImpl.java:tryLock(215)) - Lock on /home/runner/work/ozone/ozone/mnt/ozone/hadoop-ozone/integration-test/target/test-dir/MiniOzoneClusterImpl-d99b0d03-7963-4ac2-881f-75d2f82b72ef/datanode-7/data/ratis/24fec9e1-47d2-46c7-9311-d30df566eedf/in_use.lock acquired by nodename 19265@fv-az54-886
2021-06-03 00:00:15,993 [pool-173-thread-1] INFO  storage.RaftStorage (RaftStorageImpl.java:format(87)) - Storage directory /home/runner/work/ozone/ozone/mnt/ozone/hadoop-ozone/integration-test/target/test-dir/MiniOzoneClusterImpl-d99b0d03-7963-4ac2-881f-75d2f82b72ef/datanode-7/data/ratis/24fec9e1-47d2-46c7-9311-d30df566eedf has been successfully formatted.
2021-06-03 00:00:15,995 [EventQueue-PipelineReportForOneReplicaPipelineSafeModeRule] INFO  safemode.SCMSafeModeManager (SCMSafeModeManager.java:validateSafeModeExitRules(201)) - AtleastOneDatanodeReportedRule rule is successfully validated
2021-06-03 00:00:15,995 [EventQueue-OpenPipelineForHealthyPipelineSafeModeRule] INFO  safemode.SCMSafeModeManager (HealthyPipelineSafeModeRule.java:process(130)) - SCM in safe mode. Healthy pipelines reported count is 0, required healthy pipeline reported count is 1
2021-06-03 00:00:15,996 [pool-173-thread-1] INFO  ratis.ContainerStateMachine (ContainerStateMachine.java:loadSnapshot(224)) - group-D30DF566EEDF: The snapshot info is null. Setting the last applied indexto:(t:0, i:~)
2021-06-03 00:00:15,996 [pool-173-thread-1] INFO  server.RaftServerConfigKeys (ConfUtils.java:logGet(44)) - raft.server.notification.no-leader.timeout = 300000ms (custom)
2021-06-03 00:00:15,997 [EventQueue-PipelineReportForOneReplicaPipelineSafeModeRule] INFO  safemode.SCMSafeModeManager (SCMSafeModeManager.java:validateSafeModeExitRules(201)) - AtleastOneDatanodeReportedRule rule is successfully validated
2021-06-03 00:00:15,997 [pool-173-thread-1] INFO  server.RaftServerConfigKeys (ConfUtils.java:logGet(44)) - raft.server.log.use.memory = false (default)
2021-06-03 00:00:15,997 [pool-173-thread-1] INFO  server.RaftServerConfigKeys (ConfUtils.java:logGet(44)) - raft.server.log.purge.gap = 1000000 (custom)
2021-06-03 00:00:15,997 [pool-173-thread-1] INFO  server.RaftServerConfigKeys (ConfUtils.java:logGet(44)) - raft.server.log.appender.buffer.byte-limit = 33554432 (custom)
2021-06-03 00:00:15,997 [pool-173-thread-1] INFO  metrics.RatisMetrics (RatisMetrics.java:lambda$create$0(36)) - Creating Metrics Registry : ratis.log_worker.49823d17-a6b1-4b17-b5f9-be7dfd52d59a@group-D30DF566EEDF
2021-06-03 00:00:15,997 [pool-173-thread-1] INFO  server.RaftServerConfigKeys (ConfUtils.java:logGet(44)) - raft.server.log.segment.size.max = 1048576 (custom)
2021-06-03 00:00:15,997 [pool-173-thread-1] INFO  server.RaftServerConfigKeys (ConfUtils.java:logGet(44)) - raft.server.log.segment.cache.num.max = 2 (custom)
2021-06-03 00:00:15,997 [pool-173-thread-1] INFO  server.RaftServerConfigKeys (ConfUtils.java:logGet(44)) - raft.server.log.segment.cache.size.max = 200MB (=209715200) (default)
2021-06-03 00:00:15,997 [pool-173-thread-1] INFO  segmented.SegmentedRaftLogWorker (SegmentedRaftLogWorker.java:<init>(182)) - new 49823d17-a6b1-4b17-b5f9-be7dfd52d59a@group-D30DF566EEDF-SegmentedRaftLogWorker for RaftStorageImpl:Storage Directory /home/runner/work/ozone/ozone/mnt/ozone/hadoop-ozone/integration-test/target/test-dir/MiniOzoneClusterImpl-d99b0d03-7963-4ac2-881f-75d2f82b72ef/datanode-7/data/ratis/24fec9e1-47d2-46c7-9311-d30df566eedf
2021-06-03 00:00:15,998 [pool-173-thread-1] INFO  server.RaftServerConfigKeys (ConfUtils.java:logGet(44)) - raft.server.log.queue.byte-limit = 2147483647 (custom)
2021-06-03 00:00:15,998 [pool-173-thread-1] INFO  server.RaftServerConfigKeys (ConfUtils.java:logGet(44)) - raft.server.log.queue.element-limit = 1024 (custom)
2021-06-03 00:00:15,998 [pool-173-thread-1] INFO  server.RaftServerConfigKeys (ConfUtils.java:logGet(44)) - raft.server.log.segment.size.max = 1048576 (custom)
2021-06-03 00:00:15,998 [pool-173-thread-1] INFO  server.RaftServerConfigKeys (ConfUtils.java:logGet(44)) - raft.server.log.preallocated.size = 16384 (custom)
2021-06-03 00:00:15,998 [pool-173-thread-1] INFO  server.RaftServerConfigKeys (ConfUtils.java:logGet(44)) - raft.server.log.force.sync.num = 128 (default)
2021-06-03 00:00:15,998 [pool-173-thread-1] INFO  server.RaftServerConfigKeys (ConfUtils.java:logGet(44)) - raft.server.log.statemachine.data.sync = true (default)
2021-06-03 00:00:15,998 [pool-173-thread-1] INFO  server.RaftServerConfigKeys (ConfUtils.java:logGet(44)) - raft.server.log.statemachine.data.sync.timeout = 10s (default)
2021-06-03 00:00:15,998 [EventQueue-OpenPipelineForHealthyPipelineSafeModeRule] INFO  safemode.SCMSafeModeManager (HealthyPipelineSafeModeRule.java:process(130)) - SCM in safe mode. Healthy pipelines reported count is 0, required healthy pipeline reported count is 1
2021-06-03 00:00:15,998 [pool-173-thread-1] INFO  server.RaftServerConfigKeys (ConfUtils.java:logGet(44)) - raft.server.log.statemachine.data.sync.timeout.retry = -1 (default)
2021-06-03 00:00:16,001 [pool-173-thread-1] INFO  server.RaftServerConfigKeys (ConfUtils.java:logGet(44)) - raft.server.log.write.buffer.size = 1048576 (custom)
2021-06-03 00:00:16,002 [pool-173-thread-1] INFO  server.RaftServerConfigKeys (ConfUtils.java:logGet(44)) - raft.server.log.statemachine.data.caching.enabled = true (custom)
2021-06-03 00:00:16,002 [pool-173-thread-1] INFO  segmented.SegmentedRaftLogWorker (SegmentedRaftLogWorker.java:lambda$new$0(133)) - 49823d17-a6b1-4b17-b5f9-be7dfd52d59a@group-D30DF566EEDF-SegmentedRaftLogWorker: flushIndex: setUnconditionally 0 -> -1
2021-06-03 00:00:16,002 [pool-173-thread-1] INFO  segmented.SegmentedRaftLogWorker (SegmentedRaftLogWorker.java:lambda$new$0(133)) - 49823d17-a6b1-4b17-b5f9-be7dfd52d59a@group-D30DF566EEDF-SegmentedRaftLogWorker: safeCacheEvictIndex: setUnconditionally 0 -> -1
2021-06-03 00:00:16,002 [pool-173-thread-1] INFO  server.RaftServerConfigKeys (ConfUtils.java:logGet(44)) - raft.server.snapshot.auto.trigger.enabled = true (custom)
2021-06-03 00:00:16,002 [pool-173-thread-1] INFO  server.RaftServerConfigKeys (ConfUtils.java:logGet(44)) - raft.server.snapshot.auto.trigger.threshold = 1 (custom)
2021-06-03 00:00:16,002 [pool-173-thread-1] INFO  server.RaftServerConfigKeys (ConfUtils.java:logGet(44)) - raft.server.snapshot.retention.file.num = 5 (custom)
2021-06-03 00:00:16,002 [pool-173-thread-1] INFO  server.RaftServerConfigKeys (ConfUtils.java:logGet(44)) - raft.server.log.purge.upto.snapshot.index = false (default)
2021-06-03 00:00:16,002 [pool-173-thread-1] INFO  server.RaftServerConfigKeys (ConfUtils.java:logGet(44)) - raft.server.retrycache.expirytime = 600000ms (custom)
2021-06-03 00:00:16,003 [pool-173-thread-1] INFO  server.RaftServerConfigKeys (ConfUtils.java:logGet(44)) - raft.server.retrycache.statistics.expirytime = 100μs (default)
2021-06-03 00:00:16,003 [pool-173-thread-1] INFO  metrics.RatisMetrics (RatisMetrics.java:lambda$create$0(36)) - Creating Metrics Registry : ratis.leader_election.49823d17-a6b1-4b17-b5f9-be7dfd52d59a@group-D30DF566EEDF
2021-06-03 00:00:16,003 [pool-173-thread-1] INFO  metrics.RatisMetrics (RatisMetrics.java:lambda$create$0(36)) - Creating Metrics Registry : ratis.server.49823d17-a6b1-4b17-b5f9-be7dfd52d59a@group-D30DF566EEDF
2021-06-03 00:00:16,004 [pool-173-thread-1] INFO  server.RaftServer$Division (RaftServerImpl.java:start(295)) - 49823d17-a6b1-4b17-b5f9-be7dfd52d59a@group-9111B1F16C21: start as a follower, conf=-1: [49823d17-a6b1-4b17-b5f9-be7dfd52d59a|rpc:10.1.0.28:36933|priority:1], old=null
2021-06-03 00:00:16,004 [pool-173-thread-1] INFO  server.RaftServer$Division (RaftServerImpl.java:setRole(284)) - 49823d17-a6b1-4b17-b5f9-be7dfd52d59a@group-9111B1F16C21: changes role from      null to FOLLOWER at term 0 for startAsFollower
2021-06-03 00:00:16,004 [pool-173-thread-1] INFO  impl.RoleInfo (RoleInfo.java:updateAndGet(130)) - 49823d17-a6b1-4b17-b5f9-be7dfd52d59a: start 49823d17-a6b1-4b17-b5f9-be7dfd52d59a@group-9111B1F16C21-FollowerState
2021-06-03 00:00:16,005 [pool-173-thread-1] INFO  util.JmxRegister (JmxRegister.java:tryRegister(44)) - Successfully registered JMX Bean with object name Ratis:service=RaftServer,group=group-9111B1F16C21,id=49823d17-a6b1-4b17-b5f9-be7dfd52d59a
2021-06-03 00:00:16,005 [pool-173-thread-1] INFO  metrics.RatisMetrics (RatisMetrics.java:lambda$create$0(36)) - Creating Metrics Registry : ratis.state_machine.49823d17-a6b1-4b17-b5f9-be7dfd52d59a@group-9111B1F16C21
2021-06-03 00:00:16,007 [Command processor thread] INFO  ratis.XceiverServerRatis (XceiverServerRatis.java:addGroup(808)) - Created group PipelineID=e01126f0-176d-4eae-83b0-9111b1f16c21
2021-06-03 00:00:16,007 [pool-173-thread-1] INFO  server.RaftServer$Division (RaftServerImpl.java:start(295)) - 49823d17-a6b1-4b17-b5f9-be7dfd52d59a@group-D30DF566EEDF: start as a follower, conf=-1: [49823d17-a6b1-4b17-b5f9-be7dfd52d59a|rpc:10.1.0.28:36933|dataStream:|priority:0, d0cf5b47-7c54-4e8b-8553-76537c736c6c|rpc:10.1.0.28:42427|dataStream:|priority:1, 008cfff7-303f-4304-8652-a290acc47d8f|rpc:10.1.0.28:38019|dataStream:|priority:0], old=null
2021-06-03 00:00:16,007 [pool-173-thread-1] INFO  server.RaftServer$Division (RaftServerImpl.java:setRole(284)) - 49823d17-a6b1-4b17-b5f9-be7dfd52d59a@group-D30DF566EEDF: changes role from      null to FOLLOWER at term 0 for startAsFollower
2021-06-03 00:00:16,007 [Command processor thread] INFO  commandhandler.CreatePipelineCommandHandler (CreatePipelineCommandHandler.java:handle(106)) - Created Pipeline RATIS ONE PipelineID=e01126f0-176d-4eae-83b0-9111b1f16c21.
2021-06-03 00:00:16,007 [pool-173-thread-1] INFO  impl.RoleInfo (RoleInfo.java:updateAndGet(130)) - 49823d17-a6b1-4b17-b5f9-be7dfd52d59a: start 49823d17-a6b1-4b17-b5f9-be7dfd52d59a@group-D30DF566EEDF-FollowerState
2021-06-03 00:00:16,008 [Command processor thread] INFO  server.RaftServer (RaftServerProxy.java:addNew(95)) - 49823d17-a6b1-4b17-b5f9-be7dfd52d59a: addNew group-5C0DA3C7C8C0:[49823d17-a6b1-4b17-b5f9-be7dfd52d59a|rpc:10.1.0.28:36933|priority:0, d0cf5b47-7c54-4e8b-8553-76537c736c6c|rpc:10.1.0.28:42427|priority:0, 008cfff7-303f-4304-8652-a290acc47d8f|rpc:10.1.0.28:38019|priority:1] returns group-5C0DA3C7C8C0:java.util.concurrent.CompletableFuture@605622e3[Not completed]
2021-06-03 00:00:16,008 [pool-173-thread-1] INFO  util.JmxRegister (JmxRegister.java:tryRegister(44)) - Successfully registered JMX Bean with object name Ratis:service=RaftServer,group=group-D30DF566EEDF,id=49823d17-a6b1-4b17-b5f9-be7dfd52d59a
2021-06-03 00:00:16,008 [pool-173-thread-1] INFO  metrics.RatisMetrics (RatisMetrics.java:lambda$create$0(36)) - Creating Metrics Registry : ratis.state_machine.49823d17-a6b1-4b17-b5f9-be7dfd52d59a@group-D30DF566EEDF
2021-06-03 00:00:16,010 [pool-173-thread-1] INFO  server.RaftServer$Division (RaftServerImpl.java:<init>(180)) - 49823d17-a6b1-4b17-b5f9-be7dfd52d59a: new RaftServerImpl for group-5C0DA3C7C8C0:[49823d17-a6b1-4b17-b5f9-be7dfd52d59a|rpc:10.1.0.28:36933|priority:0, d0cf5b47-7c54-4e8b-8553-76537c736c6c|rpc:10.1.0.28:42427|priority:0, 008cfff7-303f-4304-8652-a290acc47d8f|rpc:10.1.0.28:38019|priority:1] with ContainerStateMachine:uninitialized
2021-06-03 00:00:16,010 [pool-173-thread-1] INFO  server.RaftServerConfigKeys (ConfUtils.java:logGet(44)) - raft.server.rpc.timeout.min = 5s (custom)
2021-06-03 00:00:16,011 [pool-173-thread-1] INFO  server.RaftServerConfigKeys (ConfUtils.java:logGet(44)) - raft.server.rpc.timeout.max = 5200ms (custom)
2021-06-03 00:00:16,011 [pool-173-thread-1] INFO  server.RaftServerConfigKeys (ConfUtils.java:logGet(44)) - raft.server.rpc.sleep.time = 25ms (default)
2021-06-03 00:00:16,011 [pool-173-thread-1] INFO  server.RaftServerConfigKeys (ConfUtils.java:logGet(44)) - raft.server.rpc.slowness.timeout = 300000ms (custom)
2021-06-03 00:00:16,011 [pool-173-thread-1] INFO  server.RaftServerConfigKeys (ConfUtils.java:logGet(44)) - raft.server.leaderelection.leader.step-down.wait-time = 10s (default)
2021-06-03 00:00:16,011 [pool-173-thread-1] INFO  server.RaftServerConfigKeys (ConfUtils.java:logGet(44)) - raft.server.sleep.deviation.threshold = 300ms (default)
2021-06-03 00:00:16,011 [pool-173-thread-1] INFO  server.RaftServerConfigKeys (ConfUtils.java:logGet(44)) - raft.server.log.appender.install.snapshot.enabled = false (custom)
2021-06-03 00:00:16,011 [pool-173-thread-1] INFO  server.RaftServer$Division (ServerState.java:<init>(105)) - 49823d17-a6b1-4b17-b5f9-be7dfd52d59a@group-5C0DA3C7C8C0: ConfigurationManager, init=-1: [49823d17-a6b1-4b17-b5f9-be7dfd52d59a|rpc:10.1.0.28:36933|priority:0, d0cf5b47-7c54-4e8b-8553-76537c736c6c|rpc:10.1.0.28:42427|priority:0, 008cfff7-303f-4304-8652-a290acc47d8f|rpc:10.1.0.28:38019|priority:1], old=null, confs=<EMPTY_MAP>
2021-06-03 00:00:16,011 [pool-173-thread-1] INFO  server.RaftServerConfigKeys (ConfUtils.java:logGet(44)) - raft.server.storage.dir = [/home/runner/work/ozone/ozone/mnt/ozone/hadoop-ozone/integration-test/target/test-dir/MiniOzoneClusterImpl-d99b0d03-7963-4ac2-881f-75d2f82b72ef/datanode-7/data/ratis] (custom)
2021-06-03 00:00:16,011 [pool-173-thread-1] INFO  server.RaftServerConfigKeys (ConfUtils.java:logGet(44)) - raft.server.log.corruption.policy = EXCEPTION (default)
2021-06-03 00:00:16,011 [pool-173-thread-1] INFO  storage.RaftStorageDirectory (RaftStorageDirectoryImpl.java:analyzeStorage(132)) - The storage directory /home/runner/work/ozone/ozone/mnt/ozone/hadoop-ozone/integration-test/target/test-dir/MiniOzoneClusterImpl-d99b0d03-7963-4ac2-881f-75d2f82b72ef/datanode-7/data/ratis/5b5c4c8e-4c14-490d-af65-5c0da3c7c8c0 does not exist. Creating ...
2021-06-03 00:00:16,013 [pool-173-thread-1] INFO  storage.RaftStorageDirectory (RaftStorageDirectoryImpl.java:tryLock(215)) - Lock on /home/runner/work/ozone/ozone/mnt/ozone/hadoop-ozone/integration-test/target/test-dir/MiniOzoneClusterImpl-d99b0d03-7963-4ac2-881f-75d2f82b72ef/datanode-7/data/ratis/5b5c4c8e-4c14-490d-af65-5c0da3c7c8c0/in_use.lock acquired by nodename 19265@fv-az54-886
2021-06-03 00:00:16,014 [pool-173-thread-1] INFO  storage.RaftStorage (RaftStorageImpl.java:format(87)) - Storage directory /home/runner/work/ozone/ozone/mnt/ozone/hadoop-ozone/integration-test/target/test-dir/MiniOzoneClusterImpl-d99b0d03-7963-4ac2-881f-75d2f82b72ef/datanode-7/data/ratis/5b5c4c8e-4c14-490d-af65-5c0da3c7c8c0 has been successfully formatted.
2021-06-03 00:00:16,015 [pool-173-thread-1] INFO  ratis.ContainerStateMachine (ContainerStateMachine.java:loadSnapshot(224)) - group-5C0DA3C7C8C0: The snapshot info is null. Setting the last applied indexto:(t:0, i:~)
2021-06-03 00:00:16,015 [pool-173-thread-1] INFO  server.RaftServerConfigKeys (ConfUtils.java:logGet(44)) - raft.server.notification.no-leader.timeout = 300000ms (custom)
2021-06-03 00:00:16,015 [pool-173-thread-1] INFO  server.RaftServerConfigKeys (ConfUtils.java:logGet(44)) - raft.server.log.use.memory = false (default)
2021-06-03 00:00:16,015 [pool-173-thread-1] INFO  server.RaftServerConfigKeys (ConfUtils.java:logGet(44)) - raft.server.log.purge.gap = 1000000 (custom)
2021-06-03 00:00:16,015 [pool-173-thread-1] INFO  server.RaftServerConfigKeys (ConfUtils.java:logGet(44)) - raft.server.log.appender.buffer.byte-limit = 33554432 (custom)
2021-06-03 00:00:16,015 [pool-173-thread-1] INFO  metrics.RatisMetrics (RatisMetrics.java:lambda$create$0(36)) - Creating Metrics Registry : ratis.log_worker.49823d17-a6b1-4b17-b5f9-be7dfd52d59a@group-5C0DA3C7C8C0
2021-06-03 00:00:16,015 [pool-173-thread-1] INFO  server.RaftServerConfigKeys (ConfUtils.java:logGet(44)) - raft.server.log.segment.size.max = 1048576 (custom)
2021-06-03 00:00:16,015 [EventQueue-PipelineReportForOneReplicaPipelineSafeModeRule] INFO  safemode.SCMSafeModeManager (SCMSafeModeManager.java:validateSafeModeExitRules(201)) - AtleastOneDatanodeReportedRule rule is successfully validated
2021-06-03 00:00:16,015 [EventQueue-OpenPipelineForHealthyPipelineSafeModeRule] INFO  safemode.SCMSafeModeManager (HealthyPipelineSafeModeRule.java:process(130)) - SCM in safe mode. Healthy pipelines reported count is 0, required healthy pipeline reported count is 1
2021-06-03 00:00:16,015 [pool-173-thread-1] INFO  server.RaftServerConfigKeys (ConfUtils.java:logGet(44)) - raft.server.log.segment.cache.num.max = 2 (custom)
2021-06-03 00:00:16,015 [pool-173-thread-1] INFO  server.RaftServerConfigKeys (ConfUtils.java:logGet(44)) - raft.server.log.segment.cache.size.max = 200MB (=209715200) (default)
2021-06-03 00:00:16,016 [pool-173-thread-1] INFO  segmented.SegmentedRaftLogWorker (SegmentedRaftLogWorker.java:<init>(182)) - new 49823d17-a6b1-4b17-b5f9-be7dfd52d59a@group-5C0DA3C7C8C0-SegmentedRaftLogWorker for RaftStorageImpl:Storage Directory /home/runner/work/ozone/ozone/mnt/ozone/hadoop-ozone/integration-test/target/test-dir/MiniOzoneClusterImpl-d99b0d03-7963-4ac2-881f-75d2f82b72ef/datanode-7/data/ratis/5b5c4c8e-4c14-490d-af65-5c0da3c7c8c0
2021-06-03 00:00:16,017 [pool-173-thread-1] INFO  server.RaftServerConfigKeys (ConfUtils.java:logGet(44)) - raft.server.log.queue.byte-limit = 2147483647 (custom)
2021-06-03 00:00:16,017 [pool-173-thread-1] INFO  server.RaftServerConfigKeys (ConfUtils.java:logGet(44)) - raft.server.log.queue.element-limit = 1024 (custom)
2021-06-03 00:00:16,017 [pool-173-thread-1] INFO  server.RaftServerConfigKeys (ConfUtils.java:logGet(44)) - raft.server.log.segment.size.max = 1048576 (custom)
2021-06-03 00:00:16,017 [pool-173-thread-1] INFO  server.RaftServerConfigKeys (ConfUtils.java:logGet(44)) - raft.server.log.preallocated.size = 16384 (custom)
2021-06-03 00:00:16,017 [pool-173-thread-1] INFO  server.RaftServerConfigKeys (ConfUtils.java:logGet(44)) - raft.server.log.force.sync.num = 128 (default)
2021-06-03 00:00:16,017 [pool-173-thread-1] INFO  server.RaftServerConfigKeys (ConfUtils.java:logGet(44)) - raft.server.log.statemachine.data.sync = true (default)
2021-06-03 00:00:16,017 [pool-173-thread-1] INFO  server.RaftServerConfigKeys (ConfUtils.java:logGet(44)) - raft.server.log.statemachine.data.sync.timeout = 10s (default)
2021-06-03 00:00:16,017 [pool-173-thread-1] INFO  server.RaftServerConfigKeys (ConfUtils.java:logGet(44)) - raft.server.log.statemachine.data.sync.timeout.retry = -1 (default)
2021-06-03 00:00:16,017 [EventQueue-PipelineReportForOneReplicaPipelineSafeModeRule] INFO  safemode.SCMSafeModeManager (SCMSafeModeManager.java:validateSafeModeExitRules(201)) - AtleastOneDatanodeReportedRule rule is successfully validated
2021-06-03 00:00:16,017 [EventQueue-OpenPipelineForHealthyPipelineSafeModeRule] INFO  safemode.SCMSafeModeManager (HealthyPipelineSafeModeRule.java:process(130)) - SCM in safe mode. Healthy pipelines reported count is 0, required healthy pipeline reported count is 1
2021-06-03 00:00:16,018 [pool-173-thread-1] INFO  server.RaftServerConfigKeys (ConfUtils.java:logGet(44)) - raft.server.log.write.buffer.size = 1048576 (custom)
2021-06-03 00:00:16,019 [pool-173-thread-1] INFO  server.RaftServerConfigKeys (ConfUtils.java:logGet(44)) - raft.server.log.statemachine.data.caching.enabled = true (custom)
2021-06-03 00:00:16,019 [pool-173-thread-1] INFO  segmented.SegmentedRaftLogWorker (SegmentedRaftLogWorker.java:lambda$new$0(133)) - 49823d17-a6b1-4b17-b5f9-be7dfd52d59a@group-5C0DA3C7C8C0-SegmentedRaftLogWorker: flushIndex: setUnconditionally 0 -> -1
2021-06-03 00:00:16,019 [pool-173-thread-1] INFO  segmented.SegmentedRaftLogWorker (SegmentedRaftLogWorker.java:lambda$new$0(133)) - 49823d17-a6b1-4b17-b5f9-be7dfd52d59a@group-5C0DA3C7C8C0-SegmentedRaftLogWorker: safeCacheEvictIndex: setUnconditionally 0 -> -1
2021-06-03 00:00:16,026 [pool-173-thread-1] INFO  server.RaftServerConfigKeys (ConfUtils.java:logGet(44)) - raft.server.snapshot.auto.trigger.enabled = true (custom)
2021-06-03 00:00:16,026 [pool-173-thread-1] INFO  server.RaftServerConfigKeys (ConfUtils.java:logGet(44)) - raft.server.snapshot.auto.trigger.threshold = 1 (custom)
2021-06-03 00:00:16,026 [pool-173-thread-1] INFO  server.RaftServerConfigKeys (ConfUtils.java:logGet(44)) - raft.server.snapshot.retention.file.num = 5 (custom)
2021-06-03 00:00:16,026 [pool-173-thread-1] INFO  server.RaftServerConfigKeys (ConfUtils.java:logGet(44)) - raft.server.log.purge.upto.snapshot.index = false (default)
2021-06-03 00:00:16,026 [pool-173-thread-1] INFO  server.RaftServerConfigKeys (ConfUtils.java:logGet(44)) - raft.server.retrycache.expirytime = 600000ms (custom)
2021-06-03 00:00:16,026 [pool-173-thread-1] INFO  server.RaftServerConfigKeys (ConfUtils.java:logGet(44)) - raft.server.retrycache.statistics.expirytime = 100μs (default)
2021-06-03 00:00:16,026 [pool-173-thread-1] INFO  metrics.RatisMetrics (RatisMetrics.java:lambda$create$0(36)) - Creating Metrics Registry : ratis.leader_election.49823d17-a6b1-4b17-b5f9-be7dfd52d59a@group-5C0DA3C7C8C0
2021-06-03 00:00:16,027 [pool-173-thread-1] INFO  metrics.RatisMetrics (RatisMetrics.java:lambda$create$0(36)) - Creating Metrics Registry : ratis.server.49823d17-a6b1-4b17-b5f9-be7dfd52d59a@group-5C0DA3C7C8C0
2021-06-03 00:00:16,027 [pool-173-thread-1] INFO  server.RaftServer$Division (RaftServerImpl.java:start(295)) - 49823d17-a6b1-4b17-b5f9-be7dfd52d59a@group-5C0DA3C7C8C0: start as a follower, conf=-1: [49823d17-a6b1-4b17-b5f9-be7dfd52d59a|rpc:10.1.0.28:36933|priority:0, d0cf5b47-7c54-4e8b-8553-76537c736c6c|rpc:10.1.0.28:42427|priority:0, 008cfff7-303f-4304-8652-a290acc47d8f|rpc:10.1.0.28:38019|priority:1], old=null
2021-06-03 00:00:16,028 [pool-173-thread-1] INFO  server.RaftServer$Division (RaftServerImpl.java:setRole(284)) - 49823d17-a6b1-4b17-b5f9-be7dfd52d59a@group-5C0DA3C7C8C0: changes role from      null to FOLLOWER at term 0 for startAsFollower
2021-06-03 00:00:16,028 [pool-173-thread-1] INFO  impl.RoleInfo (RoleInfo.java:updateAndGet(130)) - 49823d17-a6b1-4b17-b5f9-be7dfd52d59a: start 49823d17-a6b1-4b17-b5f9-be7dfd52d59a@group-5C0DA3C7C8C0-FollowerState
2021-06-03 00:00:16,029 [pool-173-thread-1] INFO  util.JmxRegister (JmxRegister.java:tryRegister(44)) - Successfully registered JMX Bean with object name Ratis:service=RaftServer,group=group-5C0DA3C7C8C0,id=49823d17-a6b1-4b17-b5f9-be7dfd52d59a
2021-06-03 00:00:16,029 [pool-173-thread-1] INFO  metrics.RatisMetrics (RatisMetrics.java:lambda$create$0(36)) - Creating Metrics Registry : ratis.state_machine.49823d17-a6b1-4b17-b5f9-be7dfd52d59a@group-5C0DA3C7C8C0
2021-06-03 00:00:16,033 [Command processor thread] INFO  metrics.RatisMetrics (RatisMetrics.java:lambda$create$0(36)) - Creating Metrics Registry : ratis.client_message_metrics.client-B2FED7202DB7->008cfff7-303f-4304-8652-a290acc47d8f
2021-06-03 00:00:16,033 [Command processor thread] INFO  ratis.XceiverServerRatis (XceiverServerRatis.java:addGroup(808)) - Created group PipelineID=5b5c4c8e-4c14-490d-af65-5c0da3c7c8c0
2021-06-03 00:00:16,034 [Command processor thread] INFO  metrics.RatisMetrics (RatisMetrics.java:lambda$create$0(36)) - Creating Metrics Registry : ratis.client_message_metrics.client-9D804632E7B8->008cfff7-303f-4304-8652-a290acc47d8f
2021-06-03 00:00:16,039 [EventQueue-PipelineReportForOneReplicaPipelineSafeModeRule] INFO  safemode.SCMSafeModeManager (SCMSafeModeManager.java:validateSafeModeExitRules(201)) - AtleastOneDatanodeReportedRule rule is successfully validated
2021-06-03 00:00:16,039 [EventQueue-OpenPipelineForHealthyPipelineSafeModeRule] INFO  safemode.SCMSafeModeManager (HealthyPipelineSafeModeRule.java:process(130)) - SCM in safe mode. Healthy pipelines reported count is 0, required healthy pipeline reported count is 1
2021-06-03 00:00:16,042 [grpc-default-executor-2] INFO  metrics.RatisMetrics (RatisMetrics.java:lambda$create$0(36)) - Creating Metrics Registry : ratis.server_message_metrics.008cfff7-303f-4304-8652-a290acc47d8f
2021-06-03 00:00:16,046 [grpc-default-executor-2] INFO  server.RaftServer (RaftServerProxy.java:addNew(95)) - 008cfff7-303f-4304-8652-a290acc47d8f: addNew group-5C0DA3C7C8C0:[49823d17-a6b1-4b17-b5f9-be7dfd52d59a|rpc:10.1.0.28:36933|dataStream:|priority:0, d0cf5b47-7c54-4e8b-8553-76537c736c6c|rpc:10.1.0.28:42427|dataStream:|priority:0, 008cfff7-303f-4304-8652-a290acc47d8f|rpc:10.1.0.28:38019|dataStream:|priority:1] returns group-5C0DA3C7C8C0:java.util.concurrent.CompletableFuture@1c1e20df[Not completed]
2021-06-03 00:00:16,050 [grpc-default-executor-2] INFO  server.RaftServer (RaftServerProxy.java:addNew(95)) - 008cfff7-303f-4304-8652-a290acc47d8f: addNew group-D30DF566EEDF:[49823d17-a6b1-4b17-b5f9-be7dfd52d59a|rpc:10.1.0.28:36933|dataStream:|priority:0, d0cf5b47-7c54-4e8b-8553-76537c736c6c|rpc:10.1.0.28:42427|dataStream:|priority:1, 008cfff7-303f-4304-8652-a290acc47d8f|rpc:10.1.0.28:38019|dataStream:|priority:0] returns group-D30DF566EEDF:java.util.concurrent.CompletableFuture@6af37771[Not completed]
2021-06-03 00:00:16,051 [pool-191-thread-1] INFO  server.RaftServer$Division (RaftServerImpl.java:<init>(180)) - 008cfff7-303f-4304-8652-a290acc47d8f: new RaftServerImpl for group-5C0DA3C7C8C0:[49823d17-a6b1-4b17-b5f9-be7dfd52d59a|rpc:10.1.0.28:36933|dataStream:|priority:0, d0cf5b47-7c54-4e8b-8553-76537c736c6c|rpc:10.1.0.28:42427|dataStream:|priority:0, 008cfff7-303f-4304-8652-a290acc47d8f|rpc:10.1.0.28:38019|dataStream:|priority:1] with ContainerStateMachine:uninitialized
2021-06-03 00:00:16,052 [pool-191-thread-1] INFO  server.RaftServerConfigKeys (ConfUtils.java:logGet(44)) - raft.server.rpc.timeout.min = 5s (custom)
2021-06-03 00:00:16,052 [pool-191-thread-1] INFO  server.RaftServerConfigKeys (ConfUtils.java:logGet(44)) - raft.server.rpc.timeout.max = 5200ms (custom)
2021-06-03 00:00:16,053 [EventQueue-PipelineReportForOneReplicaPipelineSafeModeRule] INFO  safemode.SCMSafeModeManager (SCMSafeModeManager.java:validateSafeModeExitRules(201)) - AtleastOneDatanodeReportedRule rule is successfully validated
2021-06-03 00:00:16,053 [EventQueue-OpenPipelineForHealthyPipelineSafeModeRule] INFO  safemode.SCMSafeModeManager (HealthyPipelineSafeModeRule.java:process(130)) - SCM in safe mode. Healthy pipelines reported count is 0, required healthy pipeline reported count is 1
2021-06-03 00:00:16,053 [pool-191-thread-1] INFO  server.RaftServerConfigKeys (ConfUtils.java:logGet(44)) - raft.server.rpc.sleep.time = 25ms (default)
2021-06-03 00:00:16,053 [pool-191-thread-1] INFO  server.RaftServerConfigKeys (ConfUtils.java:logGet(44)) - raft.server.rpc.slowness.timeout = 300000ms (custom)
2021-06-03 00:00:16,053 [pool-191-thread-1] INFO  server.RaftServerConfigKeys (ConfUtils.java:logGet(44)) - raft.server.leaderelection.leader.step-down.wait-time = 10s (default)
2021-06-03 00:00:16,053 [pool-191-thread-1] INFO  server.RaftServerConfigKeys (ConfUtils.java:logGet(44)) - raft.server.sleep.deviation.threshold = 300ms (default)
2021-06-03 00:00:16,053 [pool-191-thread-1] INFO  server.RaftServerConfigKeys (ConfUtils.java:logGet(44)) - raft.server.log.appender.install.snapshot.enabled = false (custom)
2021-06-03 00:00:16,053 [pool-191-thread-1] INFO  server.RaftServer$Division (ServerState.java:<init>(105)) - 008cfff7-303f-4304-8652-a290acc47d8f@group-5C0DA3C7C8C0: ConfigurationManager, init=-1: [49823d17-a6b1-4b17-b5f9-be7dfd52d59a|rpc:10.1.0.28:36933|dataStream:|priority:0, d0cf5b47-7c54-4e8b-8553-76537c736c6c|rpc:10.1.0.28:42427|dataStream:|priority:0, 008cfff7-303f-4304-8652-a290acc47d8f|rpc:10.1.0.28:38019|dataStream:|priority:1], old=null, confs=<EMPTY_MAP>
2021-06-03 00:00:16,053 [pool-191-thread-1] INFO  server.RaftServerConfigKeys (ConfUtils.java:logGet(44)) - raft.server.storage.dir = [/home/runner/work/ozone/ozone/mnt/ozone/hadoop-ozone/integration-test/target/test-dir/MiniOzoneClusterImpl-d99b0d03-7963-4ac2-881f-75d2f82b72ef/datanode-8/data/ratis] (custom)
2021-06-03 00:00:16,054 [pool-191-thread-1] INFO  server.RaftServerConfigKeys (ConfUtils.java:logGet(44)) - raft.server.log.corruption.policy = EXCEPTION (default)
2021-06-03 00:00:16,055 [pool-191-thread-1] INFO  storage.RaftStorageDirectory (RaftStorageDirectoryImpl.java:analyzeStorage(132)) - The storage directory /home/runner/work/ozone/ozone/mnt/ozone/hadoop-ozone/integration-test/target/test-dir/MiniOzoneClusterImpl-d99b0d03-7963-4ac2-881f-75d2f82b72ef/datanode-8/data/ratis/5b5c4c8e-4c14-490d-af65-5c0da3c7c8c0 does not exist. Creating ...
2021-06-03 00:00:16,056 [pool-191-thread-1] INFO  storage.RaftStorageDirectory (RaftStorageDirectoryImpl.java:tryLock(215)) - Lock on /home/runner/work/ozone/ozone/mnt/ozone/hadoop-ozone/integration-test/target/test-dir/MiniOzoneClusterImpl-d99b0d03-7963-4ac2-881f-75d2f82b72ef/datanode-8/data/ratis/5b5c4c8e-4c14-490d-af65-5c0da3c7c8c0/in_use.lock acquired by nodename 19265@fv-az54-886
2021-06-03 00:00:16,057 [pool-191-thread-1] INFO  storage.RaftStorage (RaftStorageImpl.java:format(87)) - Storage directory /home/runner/work/ozone/ozone/mnt/ozone/hadoop-ozone/integration-test/target/test-dir/MiniOzoneClusterImpl-d99b0d03-7963-4ac2-881f-75d2f82b72ef/datanode-8/data/ratis/5b5c4c8e-4c14-490d-af65-5c0da3c7c8c0 has been successfully formatted.
2021-06-03 00:00:16,058 [pool-191-thread-1] INFO  ratis.ContainerStateMachine (ContainerStateMachine.java:loadSnapshot(224)) - group-5C0DA3C7C8C0: The snapshot info is null. Setting the last applied indexto:(t:0, i:~)
2021-06-03 00:00:16,058 [pool-191-thread-1] INFO  server.RaftServerConfigKeys (ConfUtils.java:logGet(44)) - raft.server.notification.no-leader.timeout = 300000ms (custom)
2021-06-03 00:00:16,058 [pool-191-thread-1] INFO  server.RaftServerConfigKeys (ConfUtils.java:logGet(44)) - raft.server.log.use.memory = false (default)
2021-06-03 00:00:16,058 [pool-191-thread-1] INFO  server.RaftServerConfigKeys (ConfUtils.java:logGet(44)) - raft.server.log.purge.gap = 1000000 (custom)
2021-06-03 00:00:16,059 [EventQueue-PipelineReportForOneReplicaPipelineSafeModeRule] INFO  safemode.SCMSafeModeManager (SCMSafeModeManager.java:validateSafeModeExitRules(201)) - AtleastOneDatanodeReportedRule rule is successfully validated
2021-06-03 00:00:16,059 [pool-191-thread-1] INFO  server.RaftServerConfigKeys (ConfUtils.java:logGet(44)) - raft.server.log.appender.buffer.byte-limit = 33554432 (custom)
2021-06-03 00:00:16,059 [pool-191-thread-1] INFO  metrics.RatisMetrics (RatisMetrics.java:lambda$create$0(36)) - Creating Metrics Registry : ratis.log_worker.008cfff7-303f-4304-8652-a290acc47d8f@group-5C0DA3C7C8C0
2021-06-03 00:00:16,059 [pool-191-thread-1] INFO  server.RaftServerConfigKeys (ConfUtils.java:logGet(44)) - raft.server.log.segment.size.max = 1048576 (custom)
2021-06-03 00:00:16,059 [pool-191-thread-1] INFO  server.RaftServerConfigKeys (ConfUtils.java:logGet(44)) - raft.server.log.segment.cache.num.max = 2 (custom)
2021-06-03 00:00:16,059 [pool-191-thread-1] INFO  server.RaftServerConfigKeys (ConfUtils.java:logGet(44)) - raft.server.log.segment.cache.size.max = 200MB (=209715200) (default)
2021-06-03 00:00:16,059 [pool-191-thread-1] INFO  segmented.SegmentedRaftLogWorker (SegmentedRaftLogWorker.java:<init>(182)) - new 008cfff7-303f-4304-8652-a290acc47d8f@group-5C0DA3C7C8C0-SegmentedRaftLogWorker for RaftStorageImpl:Storage Directory /home/runner/work/ozone/ozone/mnt/ozone/hadoop-ozone/integration-test/target/test-dir/MiniOzoneClusterImpl-d99b0d03-7963-4ac2-881f-75d2f82b72ef/datanode-8/data/ratis/5b5c4c8e-4c14-490d-af65-5c0da3c7c8c0
2021-06-03 00:00:16,059 [pool-191-thread-1] INFO  server.RaftServerConfigKeys (ConfUtils.java:logGet(44)) - raft.server.log.queue.byte-limit = 2147483647 (custom)
2021-06-03 00:00:16,060 [pool-191-thread-1] INFO  server.RaftServerConfigKeys (ConfUtils.java:logGet(44)) - raft.server.log.queue.element-limit = 1024 (custom)
2021-06-03 00:00:16,060 [pool-191-thread-1] INFO  server.RaftServerConfigKeys (ConfUtils.java:logGet(44)) - raft.server.log.segment.size.max = 1048576 (custom)
2021-06-03 00:00:16,060 [pool-191-thread-1] INFO  server.RaftServerConfigKeys (ConfUtils.java:logGet(44)) - raft.server.log.preallocated.size = 16384 (custom)
2021-06-03 00:00:16,060 [pool-191-thread-1] INFO  server.RaftServerConfigKeys (ConfUtils.java:logGet(44)) - raft.server.log.force.sync.num = 128 (default)
2021-06-03 00:00:16,060 [pool-191-thread-1] INFO  server.RaftServerConfigKeys (ConfUtils.java:logGet(44)) - raft.server.log.statemachine.data.sync = true (default)
2021-06-03 00:00:16,060 [pool-191-thread-1] INFO  server.RaftServerConfigKeys (ConfUtils.java:logGet(44)) - raft.server.log.statemachine.data.sync.timeout = 10s (default)
2021-06-03 00:00:16,060 [pool-191-thread-1] INFO  server.RaftServerConfigKeys (ConfUtils.java:logGet(44)) - raft.server.log.statemachine.data.sync.timeout.retry = -1 (default)
2021-06-03 00:00:16,061 [pool-191-thread-1] INFO  server.RaftServerConfigKeys (ConfUtils.java:logGet(44)) - raft.server.log.write.buffer.size = 1048576 (custom)
2021-06-03 00:00:16,061 [pool-191-thread-1] INFO  server.RaftServerConfigKeys (ConfUtils.java:logGet(44)) - raft.server.log.statemachine.data.caching.enabled = true (custom)
2021-06-03 00:00:16,061 [pool-191-thread-1] INFO  segmented.SegmentedRaftLogWorker (SegmentedRaftLogWorker.java:lambda$new$0(133)) - 008cfff7-303f-4304-8652-a290acc47d8f@group-5C0DA3C7C8C0-SegmentedRaftLogWorker: flushIndex: setUnconditionally 0 -> -1
2021-06-03 00:00:16,062 [pool-191-thread-1] INFO  segmented.SegmentedRaftLogWorker (SegmentedRaftLogWorker.java:lambda$new$0(133)) - 008cfff7-303f-4304-8652-a290acc47d8f@group-5C0DA3C7C8C0-SegmentedRaftLogWorker: safeCacheEvictIndex: setUnconditionally 0 -> -1
2021-06-03 00:00:16,062 [pool-191-thread-1] INFO  server.RaftServerConfigKeys (ConfUtils.java:logGet(44)) - raft.server.snapshot.auto.trigger.enabled = true (custom)
2021-06-03 00:00:16,062 [pool-191-thread-1] INFO  server.RaftServerConfigKeys (ConfUtils.java:logGet(44)) - raft.server.snapshot.auto.trigger.threshold = 1 (custom)
2021-06-03 00:00:16,062 [pool-191-thread-1] INFO  server.RaftServerConfigKeys (ConfUtils.java:logGet(44)) - raft.server.snapshot.retention.file.num = 5 (custom)
2021-06-03 00:00:16,062 [pool-191-thread-1] INFO  server.RaftServerConfigKeys (ConfUtils.java:logGet(44)) - raft.server.log.purge.upto.snapshot.index = false (default)
2021-06-03 00:00:16,062 [pool-191-thread-1] INFO  server.RaftServerConfigKeys (ConfUtils.java:logGet(44)) - raft.server.retrycache.expirytime = 600000ms (custom)
2021-06-03 00:00:16,062 [pool-191-thread-1] INFO  server.RaftServerConfigKeys (ConfUtils.java:logGet(44)) - raft.server.retrycache.statistics.expirytime = 100μs (default)
2021-06-03 00:00:16,063 [pool-191-thread-1] INFO  metrics.RatisMetrics (RatisMetrics.java:lambda$create$0(36)) - Creating Metrics Registry : ratis.leader_election.008cfff7-303f-4304-8652-a290acc47d8f@group-5C0DA3C7C8C0
2021-06-03 00:00:16,063 [pool-191-thread-1] INFO  metrics.RatisMetrics (RatisMetrics.java:lambda$create$0(36)) - Creating Metrics Registry : ratis.server.008cfff7-303f-4304-8652-a290acc47d8f@group-5C0DA3C7C8C0
2021-06-03 00:00:16,066 [Command processor thread] INFO  server.RaftServer (RaftServerProxy.java:addNew(95)) - 008cfff7-303f-4304-8652-a290acc47d8f: addNew group-12BF2E93876B:[008cfff7-303f-4304-8652-a290acc47d8f|rpc:10.1.0.28:38019|priority:1] returns group-12BF2E93876B:java.util.concurrent.CompletableFuture@46f89d8c[Not completed]
2021-06-03 00:00:16,066 [pool-191-thread-1] INFO  server.RaftServer$Division (RaftServerImpl.java:<init>(180)) - 008cfff7-303f-4304-8652-a290acc47d8f: new RaftServerImpl for group-D30DF566EEDF:[49823d17-a6b1-4b17-b5f9-be7dfd52d59a|rpc:10.1.0.28:36933|dataStream:|priority:0, d0cf5b47-7c54-4e8b-8553-76537c736c6c|rpc:10.1.0.28:42427|dataStream:|priority:1, 008cfff7-303f-4304-8652-a290acc47d8f|rpc:10.1.0.28:38019|dataStream:|priority:0] with ContainerStateMachine:uninitialized
2021-06-03 00:00:16,066 [pool-191-thread-1] INFO  server.RaftServerConfigKeys (ConfUtils.java:logGet(44)) - raft.server.rpc.timeout.min = 5s (custom)
2021-06-03 00:00:16,066 [pool-191-thread-1] INFO  server.RaftServerConfigKeys (ConfUtils.java:logGet(44)) - raft.server.rpc.timeout.max = 5200ms (custom)
2021-06-03 00:00:16,066 [pool-191-thread-1] INFO  server.RaftServerConfigKeys (ConfUtils.java:logGet(44)) - raft.server.rpc.sleep.time = 25ms (default)
2021-06-03 00:00:16,067 [pool-191-thread-1] INFO  server.RaftServerConfigKeys (ConfUtils.java:logGet(44)) - raft.server.rpc.slowness.timeout = 300000ms (custom)
2021-06-03 00:00:16,067 [pool-191-thread-1] INFO  server.RaftServerConfigKeys (ConfUtils.java:logGet(44)) - raft.server.leaderelection.leader.step-down.wait-time = 10s (default)
2021-06-03 00:00:16,067 [pool-191-thread-1] INFO  server.RaftServerConfigKeys (ConfUtils.java:logGet(44)) - raft.server.sleep.deviation.threshold = 300ms (default)
2021-06-03 00:00:16,067 [pool-191-thread-1] INFO  server.RaftServerConfigKeys (ConfUtils.java:logGet(44)) - raft.server.log.appender.install.snapshot.enabled = false (custom)
2021-06-03 00:00:16,067 [pool-191-thread-1] INFO  server.RaftServer$Division (ServerState.java:<init>(105)) - 008cfff7-303f-4304-8652-a290acc47d8f@group-D30DF566EEDF: ConfigurationManager, init=-1: [49823d17-a6b1-4b17-b5f9-be7dfd52d59a|rpc:10.1.0.28:36933|dataStream:|priority:0, d0cf5b47-7c54-4e8b-8553-76537c736c6c|rpc:10.1.0.28:42427|dataStream:|priority:1, 008cfff7-303f-4304-8652-a290acc47d8f|rpc:10.1.0.28:38019|dataStream:|priority:0], old=null, confs=<EMPTY_MAP>
2021-06-03 00:00:16,067 [pool-191-thread-1] INFO  server.RaftServerConfigKeys (ConfUtils.java:logGet(44)) - raft.server.storage.dir = [/home/runner/work/ozone/ozone/mnt/ozone/hadoop-ozone/integration-test/target/test-dir/MiniOzoneClusterImpl-d99b0d03-7963-4ac2-881f-75d2f82b72ef/datanode-8/data/ratis] (custom)
2021-06-03 00:00:16,067 [pool-191-thread-1] INFO  server.RaftServerConfigKeys (ConfUtils.java:logGet(44)) - raft.server.log.corruption.policy = EXCEPTION (default)
2021-06-03 00:00:16,067 [pool-191-thread-1] INFO  storage.RaftStorageDirectory (RaftStorageDirectoryImpl.java:analyzeStorage(132)) - The storage directory /home/runner/work/ozone/ozone/mnt/ozone/hadoop-ozone/integration-test/target/test-dir/MiniOzoneClusterImpl-d99b0d03-7963-4ac2-881f-75d2f82b72ef/datanode-8/data/ratis/24fec9e1-47d2-46c7-9311-d30df566eedf does not exist. Creating ...
2021-06-03 00:00:16,075 [pool-191-thread-1] INFO  storage.RaftStorageDirectory (RaftStorageDirectoryImpl.java:tryLock(215)) - Lock on /home/runner/work/ozone/ozone/mnt/ozone/hadoop-ozone/integration-test/target/test-dir/MiniOzoneClusterImpl-d99b0d03-7963-4ac2-881f-75d2f82b72ef/datanode-8/data/ratis/24fec9e1-47d2-46c7-9311-d30df566eedf/in_use.lock acquired by nodename 19265@fv-az54-886
2021-06-03 00:00:16,076 [pool-191-thread-1] INFO  storage.RaftStorage (RaftStorageImpl.java:format(87)) - Storage directory /home/runner/work/ozone/ozone/mnt/ozone/hadoop-ozone/integration-test/target/test-dir/MiniOzoneClusterImpl-d99b0d03-7963-4ac2-881f-75d2f82b72ef/datanode-8/data/ratis/24fec9e1-47d2-46c7-9311-d30df566eedf has been successfully formatted.
2021-06-03 00:00:16,076 [pool-191-thread-1] INFO  ratis.ContainerStateMachine (ContainerStateMachine.java:loadSnapshot(224)) - group-D30DF566EEDF: The snapshot info is null. Setting the last applied indexto:(t:0, i:~)
2021-06-03 00:00:16,076 [pool-191-thread-1] INFO  server.RaftServerConfigKeys (ConfUtils.java:logGet(44)) - raft.server.notification.no-leader.timeout = 300000ms (custom)
2021-06-03 00:00:16,076 [pool-191-thread-1] INFO  server.RaftServerConfigKeys (ConfUtils.java:logGet(44)) - raft.server.log.use.memory = false (default)
2021-06-03 00:00:16,076 [pool-191-thread-1] INFO  server.RaftServerConfigKeys (ConfUtils.java:logGet(44)) - raft.server.log.purge.gap = 1000000 (custom)
2021-06-03 00:00:16,076 [pool-191-thread-1] INFO  server.RaftServerConfigKeys (ConfUtils.java:logGet(44)) - raft.server.log.appender.buffer.byte-limit = 33554432 (custom)
2021-06-03 00:00:16,076 [pool-191-thread-1] INFO  metrics.RatisMetrics (RatisMetrics.java:lambda$create$0(36)) - Creating Metrics Registry : ratis.log_worker.008cfff7-303f-4304-8652-a290acc47d8f@group-D30DF566EEDF
2021-06-03 00:00:16,077 [EventQueue-PipelineReportForPipelineReportHandler] INFO  pipeline.PipelineManagerV2Impl (PipelineManagerV2Impl.java:openPipeline(270)) - Pipeline Pipeline[ Id: 65cdeea9-1024-488b-973f-12bf2e93876b, Nodes: 008cfff7-303f-4304-8652-a290acc47d8f{ip: 10.1.0.28, host: fv-az54-886.gmada3d5h3zutaf4vio4yveaag.bx.internal.cloudapp.net, ports: [REPLICATION=44487, RATIS=38019, RATIS_ADMIN=38019, RATIS_SERVER=38019, STANDALONE=37907], networkLocation: /default-rack, certSerialId: null, persistedOpState: IN_SERVICE, persistedOpStateExpiryEpochSec: 0}, ReplicationConfig: RATIS/ONE, State:ALLOCATED, leaderId:008cfff7-303f-4304-8652-a290acc47d8f, CreationTimestamp2021-06-03T00:00:13.072Z] moved to OPEN state
2021-06-03 00:00:16,077 [EventQueue-PipelineReportForOneReplicaPipelineSafeModeRule] INFO  safemode.SCMSafeModeManager (SCMSafeModeManager.java:validateSafeModeExitRules(201)) - AtleastOneDatanodeReportedRule rule is successfully validated
2021-06-03 00:00:16,078 [EventQueue-OpenPipelineForHealthyPipelineSafeModeRule] INFO  safemode.SCMSafeModeManager (HealthyPipelineSafeModeRule.java:process(130)) - SCM in safe mode. Healthy pipelines reported count is 0, required healthy pipeline reported count is 1
2021-06-03 00:00:16,085 [pool-191-thread-1] INFO  server.RaftServerConfigKeys (ConfUtils.java:logGet(44)) - raft.server.log.segment.size.max = 1048576 (custom)
2021-06-03 00:00:16,086 [pool-191-thread-1] INFO  server.RaftServerConfigKeys (ConfUtils.java:logGet(44)) - raft.server.log.segment.cache.num.max = 2 (custom)
2021-06-03 00:00:16,086 [pool-191-thread-1] INFO  server.RaftServerConfigKeys (ConfUtils.java:logGet(44)) - raft.server.log.segment.cache.size.max = 200MB (=209715200) (default)
2021-06-03 00:00:16,086 [pool-191-thread-1] INFO  segmented.SegmentedRaftLogWorker (SegmentedRaftLogWorker.java:<init>(182)) - new 008cfff7-303f-4304-8652-a290acc47d8f@group-D30DF566EEDF-SegmentedRaftLogWorker for RaftStorageImpl:Storage Directory /home/runner/work/ozone/ozone/mnt/ozone/hadoop-ozone/integration-test/target/test-dir/MiniOzoneClusterImpl-d99b0d03-7963-4ac2-881f-75d2f82b72ef/datanode-8/data/ratis/24fec9e1-47d2-46c7-9311-d30df566eedf
2021-06-03 00:00:16,086 [pool-191-thread-1] INFO  server.RaftServerConfigKeys (ConfUtils.java:logGet(44)) - raft.server.log.queue.byte-limit = 2147483647 (custom)
2021-06-03 00:00:16,086 [pool-191-thread-1] INFO  server.RaftServerConfigKeys (ConfUtils.java:logGet(44)) - raft.server.log.queue.element-limit = 1024 (custom)
2021-06-03 00:00:16,086 [pool-191-thread-1] INFO  server.RaftServerConfigKeys (ConfUtils.java:logGet(44)) - raft.server.log.segment.size.max = 1048576 (custom)
2021-06-03 00:00:16,086 [pool-191-thread-1] INFO  server.RaftServerConfigKeys (ConfUtils.java:logGet(44)) - raft.server.log.preallocated.size = 16384 (custom)
2021-06-03 00:00:16,086 [pool-191-thread-1] INFO  server.RaftServerConfigKeys (ConfUtils.java:logGet(44)) - raft.server.log.force.sync.num = 128 (default)
2021-06-03 00:00:16,086 [pool-191-thread-1] INFO  server.RaftServerConfigKeys (ConfUtils.java:logGet(44)) - raft.server.log.statemachine.data.sync = true (default)
2021-06-03 00:00:16,086 [pool-191-thread-1] INFO  server.RaftServerConfigKeys (ConfUtils.java:logGet(44)) - raft.server.log.statemachine.data.sync.timeout = 10s (default)
2021-06-03 00:00:16,086 [pool-191-thread-1] INFO  server.RaftServerConfigKeys (ConfUtils.java:logGet(44)) - raft.server.log.statemachine.data.sync.timeout.retry = -1 (default)
2021-06-03 00:00:16,087 [pool-191-thread-1] INFO  server.RaftServerConfigKeys (ConfUtils.java:logGet(44)) - raft.server.log.write.buffer.size = 1048576 (custom)
2021-06-03 00:00:16,088 [pool-191-thread-1] INFO  server.RaftServerConfigKeys (ConfUtils.java:logGet(44)) - raft.server.log.statemachine.data.caching.enabled = true (custom)
2021-06-03 00:00:16,088 [pool-191-thread-1] INFO  segmented.SegmentedRaftLogWorker (SegmentedRaftLogWorker.java:lambda$new$0(133)) - 008cfff7-303f-4304-8652-a290acc47d8f@group-D30DF566EEDF-SegmentedRaftLogWorker: flushIndex: setUnconditionally 0 -> -1
2021-06-03 00:00:16,088 [pool-191-thread-1] INFO  segmented.SegmentedRaftLogWorker (SegmentedRaftLogWorker.java:lambda$new$0(133)) - 008cfff7-303f-4304-8652-a290acc47d8f@group-D30DF566EEDF-SegmentedRaftLogWorker: safeCacheEvictIndex: setUnconditionally 0 -> -1
2021-06-03 00:00:16,093 [pool-191-thread-1] INFO  server.RaftServerConfigKeys (ConfUtils.java:logGet(44)) - raft.server.snapshot.auto.trigger.enabled = true (custom)
2021-06-03 00:00:16,093 [pool-191-thread-1] INFO  server.RaftServerConfigKeys (ConfUtils.java:logGet(44)) - raft.server.snapshot.auto.trigger.threshold = 1 (custom)
2021-06-03 00:00:16,093 [pool-191-thread-1] INFO  server.RaftServerConfigKeys (ConfUtils.java:logGet(44)) - raft.server.snapshot.retention.file.num = 5 (custom)
2021-06-03 00:00:16,093 [pool-191-thread-1] INFO  server.RaftServerConfigKeys (ConfUtils.java:logGet(44)) - raft.server.log.purge.upto.snapshot.index = false (default)
2021-06-03 00:00:16,093 [pool-191-thread-1] INFO  server.RaftServerConfigKeys (ConfUtils.java:logGet(44)) - raft.server.retrycache.expirytime = 600000ms (custom)
2021-06-03 00:00:16,093 [pool-191-thread-1] INFO  server.RaftServerConfigKeys (ConfUtils.java:logGet(44)) - raft.server.retrycache.statistics.expirytime = 100μs (default)
2021-06-03 00:00:16,093 [pool-191-thread-1] INFO  metrics.RatisMetrics (RatisMetrics.java:lambda$create$0(36)) - Creating Metrics Registry : ratis.leader_election.008cfff7-303f-4304-8652-a290acc47d8f@group-D30DF566EEDF
2021-06-03 00:00:16,093 [pool-191-thread-1] INFO  metrics.RatisMetrics (RatisMetrics.java:lambda$create$0(36)) - Creating Metrics Registry : ratis.server.008cfff7-303f-4304-8652-a290acc47d8f@group-D30DF566EEDF
2021-06-03 00:00:16,094 [pool-191-thread-1] INFO  server.RaftServer$Division (RaftServerImpl.java:start(295)) - 008cfff7-303f-4304-8652-a290acc47d8f@group-5C0DA3C7C8C0: start as a follower, conf=-1: [49823d17-a6b1-4b17-b5f9-be7dfd52d59a|rpc:10.1.0.28:36933|dataStream:|priority:0, d0cf5b47-7c54-4e8b-8553-76537c736c6c|rpc:10.1.0.28:42427|dataStream:|priority:0, 008cfff7-303f-4304-8652-a290acc47d8f|rpc:10.1.0.28:38019|dataStream:|priority:1], old=null
2021-06-03 00:00:16,094 [pool-191-thread-1] INFO  server.RaftServer$Division (RaftServerImpl.java:setRole(284)) - 008cfff7-303f-4304-8652-a290acc47d8f@group-5C0DA3C7C8C0: changes role from      null to FOLLOWER at term 0 for startAsFollower
2021-06-03 00:00:16,094 [pool-191-thread-1] INFO  impl.RoleInfo (RoleInfo.java:updateAndGet(130)) - 008cfff7-303f-4304-8652-a290acc47d8f: start 008cfff7-303f-4304-8652-a290acc47d8f@group-5C0DA3C7C8C0-FollowerState
2021-06-03 00:00:16,097 [pool-191-thread-1] INFO  util.JmxRegister (JmxRegister.java:tryRegister(44)) - Successfully registered JMX Bean with object name Ratis:service=RaftServer,group=group-5C0DA3C7C8C0,id=008cfff7-303f-4304-8652-a290acc47d8f
2021-06-03 00:00:16,097 [pool-191-thread-1] INFO  metrics.RatisMetrics (RatisMetrics.java:lambda$create$0(36)) - Creating Metrics Registry : ratis.state_machine.008cfff7-303f-4304-8652-a290acc47d8f@group-5C0DA3C7C8C0
2021-06-03 00:00:16,099 [pool-191-thread-1] INFO  server.RaftServer$Division (RaftServerImpl.java:<init>(180)) - 008cfff7-303f-4304-8652-a290acc47d8f: new RaftServerImpl for group-12BF2E93876B:[008cfff7-303f-4304-8652-a290acc47d8f|rpc:10.1.0.28:38019|priority:1] with ContainerStateMachine:uninitialized
2021-06-03 00:00:16,099 [pool-191-thread-1] INFO  server.RaftServerConfigKeys (ConfUtils.java:logGet(44)) - raft.server.rpc.timeout.min = 5s (custom)
2021-06-03 00:00:16,099 [pool-191-thread-1] INFO  server.RaftServerConfigKeys (ConfUtils.java:logGet(44)) - raft.server.rpc.timeout.max = 5200ms (custom)
2021-06-03 00:00:16,099 [pool-191-thread-1] INFO  server.RaftServerConfigKeys (ConfUtils.java:logGet(44)) - raft.server.rpc.sleep.time = 25ms (default)
2021-06-03 00:00:16,099 [pool-191-thread-1] INFO  server.RaftServerConfigKeys (ConfUtils.java:logGet(44)) - raft.server.rpc.slowness.timeout = 300000ms (custom)
2021-06-03 00:00:16,099 [pool-191-thread-1] INFO  server.RaftServerConfigKeys (ConfUtils.java:logGet(44)) - raft.server.leaderelection.leader.step-down.wait-time = 10s (default)
2021-06-03 00:00:16,099 [pool-191-thread-1] INFO  server.RaftServerConfigKeys (ConfUtils.java:logGet(44)) - raft.server.sleep.deviation.threshold = 300ms (default)
2021-06-03 00:00:16,099 [pool-191-thread-1] INFO  server.RaftServerConfigKeys (ConfUtils.java:logGet(44)) - raft.server.log.appender.install.snapshot.enabled = false (custom)
2021-06-03 00:00:16,099 [pool-191-thread-1] INFO  server.RaftServer$Division (ServerState.java:<init>(105)) - 008cfff7-303f-4304-8652-a290acc47d8f@group-12BF2E93876B: ConfigurationManager, init=-1: [008cfff7-303f-4304-8652-a290acc47d8f|rpc:10.1.0.28:38019|priority:1], old=null, confs=<EMPTY_MAP>
2021-06-03 00:00:16,099 [pool-191-thread-1] INFO  server.RaftServerConfigKeys (ConfUtils.java:logGet(44)) - raft.server.storage.dir = [/home/runner/work/ozone/ozone/mnt/ozone/hadoop-ozone/integration-test/target/test-dir/MiniOzoneClusterImpl-d99b0d03-7963-4ac2-881f-75d2f82b72ef/datanode-8/data/ratis] (custom)
2021-06-03 00:00:16,099 [pool-191-thread-1] INFO  server.RaftServerConfigKeys (ConfUtils.java:logGet(44)) - raft.server.log.corruption.policy = EXCEPTION (default)
2021-06-03 00:00:16,100 [pool-191-thread-1] INFO  storage.RaftStorageDirectory (RaftStorageDirectoryImpl.java:analyzeStorage(132)) - The storage directory /home/runner/work/ozone/ozone/mnt/ozone/hadoop-ozone/integration-test/target/test-dir/MiniOzoneClusterImpl-d99b0d03-7963-4ac2-881f-75d2f82b72ef/datanode-8/data/ratis/65cdeea9-1024-488b-973f-12bf2e93876b does not exist. Creating ...
2021-06-03 00:00:16,100 [pool-191-thread-1] INFO  storage.RaftStorageDirectory (RaftStorageDirectoryImpl.java:tryLock(215)) - Lock on /home/runner/work/ozone/ozone/mnt/ozone/hadoop-ozone/integration-test/target/test-dir/MiniOzoneClusterImpl-d99b0d03-7963-4ac2-881f-75d2f82b72ef/datanode-8/data/ratis/65cdeea9-1024-488b-973f-12bf2e93876b/in_use.lock acquired by nodename 19265@fv-az54-886
2021-06-03 00:00:16,101 [pool-191-thread-1] INFO  storage.RaftStorage (RaftStorageImpl.java:format(87)) - Storage directory /home/runner/work/ozone/ozone/mnt/ozone/hadoop-ozone/integration-test/target/test-dir/MiniOzoneClusterImpl-d99b0d03-7963-4ac2-881f-75d2f82b72ef/datanode-8/data/ratis/65cdeea9-1024-488b-973f-12bf2e93876b has been successfully formatted.
2021-06-03 00:00:16,102 [pool-191-thread-1] INFO  ratis.ContainerStateMachine (ContainerStateMachine.java:loadSnapshot(224)) - group-12BF2E93876B: The snapshot info is null. Setting the last applied indexto:(t:0, i:~)
2021-06-03 00:00:16,103 [pool-191-thread-1] INFO  server.RaftServerConfigKeys (ConfUtils.java:logGet(44)) - raft.server.notification.no-leader.timeout = 300000ms (custom)
2021-06-03 00:00:16,103 [pool-191-thread-1] INFO  server.RaftServerConfigKeys (ConfUtils.java:logGet(44)) - raft.server.log.use.memory = false (default)
2021-06-03 00:00:16,103 [pool-191-thread-1] INFO  server.RaftServerConfigKeys (ConfUtils.java:logGet(44)) - raft.server.log.purge.gap = 1000000 (custom)
2021-06-03 00:00:16,103 [pool-191-thread-1] INFO  server.RaftServerConfigKeys (ConfUtils.java:logGet(44)) - raft.server.log.appender.buffer.byte-limit = 33554432 (custom)
2021-06-03 00:00:16,103 [pool-191-thread-1] INFO  metrics.RatisMetrics (RatisMetrics.java:lambda$create$0(36)) - Creating Metrics Registry : ratis.log_worker.008cfff7-303f-4304-8652-a290acc47d8f@group-12BF2E93876B
2021-06-03 00:00:16,103 [pool-191-thread-1] INFO  server.RaftServerConfigKeys (ConfUtils.java:logGet(44)) - raft.server.log.segment.size.max = 1048576 (custom)
2021-06-03 00:00:16,103 [pool-191-thread-1] INFO  server.RaftServerConfigKeys (ConfUtils.java:logGet(44)) - raft.server.log.segment.cache.num.max = 2 (custom)
2021-06-03 00:00:16,103 [pool-191-thread-1] INFO  server.RaftServerConfigKeys (ConfUtils.java:logGet(44)) - raft.server.log.segment.cache.size.max = 200MB (=209715200) (default)
2021-06-03 00:00:16,104 [pool-191-thread-1] INFO  segmented.SegmentedRaftLogWorker (SegmentedRaftLogWorker.java:<init>(182)) - new 008cfff7-303f-4304-8652-a290acc47d8f@group-12BF2E93876B-SegmentedRaftLogWorker for RaftStorageImpl:Storage Directory /home/runner/work/ozone/ozone/mnt/ozone/hadoop-ozone/integration-test/target/test-dir/MiniOzoneClusterImpl-d99b0d03-7963-4ac2-881f-75d2f82b72ef/datanode-8/data/ratis/65cdeea9-1024-488b-973f-12bf2e93876b
2021-06-03 00:00:16,104 [pool-191-thread-1] INFO  server.RaftServerConfigKeys (ConfUtils.java:logGet(44)) - raft.server.log.queue.byte-limit = 2147483647 (custom)
2021-06-03 00:00:16,104 [pool-191-thread-1] INFO  server.RaftServerConfigKeys (ConfUtils.java:logGet(44)) - raft.server.log.queue.element-limit = 1024 (custom)
2021-06-03 00:00:16,104 [pool-191-thread-1] INFO  server.RaftServerConfigKeys (ConfUtils.java:logGet(44)) - raft.server.log.segment.size.max = 1048576 (custom)
2021-06-03 00:00:16,104 [pool-191-thread-1] INFO  server.RaftServerConfigKeys (ConfUtils.java:logGet(44)) - raft.server.log.preallocated.size = 16384 (custom)
2021-06-03 00:00:16,104 [pool-191-thread-1] INFO  server.RaftServerConfigKeys (ConfUtils.java:logGet(44)) - raft.server.log.force.sync.num = 128 (default)
2021-06-03 00:00:16,104 [pool-191-thread-1] INFO  server.RaftServerConfigKeys (ConfUtils.java:logGet(44)) - raft.server.log.statemachine.data.sync = true (default)
2021-06-03 00:00:16,104 [pool-191-thread-1] INFO  server.RaftServerConfigKeys (ConfUtils.java:logGet(44)) - raft.server.log.statemachine.data.sync.timeout = 10s (default)
2021-06-03 00:00:16,105 [pool-191-thread-1] INFO  server.RaftServerConfigKeys (ConfUtils.java:logGet(44)) - raft.server.log.statemachine.data.sync.timeout.retry = -1 (default)
2021-06-03 00:00:16,105 [EventQueue-PipelineReportForOneReplicaPipelineSafeModeRule] INFO  safemode.SCMSafeModeManager (SCMSafeModeManager.java:validateSafeModeExitRules(201)) - AtleastOneDatanodeReportedRule rule is successfully validated
2021-06-03 00:00:16,105 [EventQueue-OpenPipelineForHealthyPipelineSafeModeRule] INFO  safemode.SCMSafeModeManager (HealthyPipelineSafeModeRule.java:process(130)) - SCM in safe mode. Healthy pipelines reported count is 0, required healthy pipeline reported count is 1
2021-06-03 00:00:16,106 [pool-191-thread-1] INFO  server.RaftServerConfigKeys (ConfUtils.java:logGet(44)) - raft.server.log.write.buffer.size = 1048576 (custom)
2021-06-03 00:00:16,106 [pool-191-thread-1] INFO  server.RaftServerConfigKeys (ConfUtils.java:logGet(44)) - raft.server.log.statemachine.data.caching.enabled = true (custom)
2021-06-03 00:00:16,107 [pool-191-thread-1] INFO  segmented.SegmentedRaftLogWorker (SegmentedRaftLogWorker.java:lambda$new$0(133)) - 008cfff7-303f-4304-8652-a290acc47d8f@group-12BF2E93876B-SegmentedRaftLogWorker: flushIndex: setUnconditionally 0 -> -1
2021-06-03 00:00:16,107 [pool-191-thread-1] INFO  segmented.SegmentedRaftLogWorker (SegmentedRaftLogWorker.java:lambda$new$0(133)) - 008cfff7-303f-4304-8652-a290acc47d8f@group-12BF2E93876B-SegmentedRaftLogWorker: safeCacheEvictIndex: setUnconditionally 0 -> -1
2021-06-03 00:00:16,107 [pool-191-thread-1] INFO  server.RaftServerConfigKeys (ConfUtils.java:logGet(44)) - raft.server.snapshot.auto.trigger.enabled = true (custom)
2021-06-03 00:00:16,107 [pool-191-thread-1] INFO  server.RaftServerConfigKeys (ConfUtils.java:logGet(44)) - raft.server.snapshot.auto.trigger.threshold = 1 (custom)
2021-06-03 00:00:16,107 [pool-191-thread-1] INFO  server.RaftServerConfigKeys (ConfUtils.java:logGet(44)) - raft.server.snapshot.retention.file.num = 5 (custom)
2021-06-03 00:00:16,107 [pool-191-thread-1] INFO  server.RaftServerConfigKeys (ConfUtils.java:logGet(44)) - raft.server.log.purge.upto.snapshot.index = false (default)
2021-06-03 00:00:16,107 [pool-191-thread-1] INFO  server.RaftServerConfigKeys (ConfUtils.java:logGet(44)) - raft.server.retrycache.expirytime = 600000ms (custom)
2021-06-03 00:00:16,107 [pool-191-thread-1] INFO  server.RaftServerConfigKeys (ConfUtils.java:logGet(44)) - raft.server.retrycache.statistics.expirytime = 100μs (default)
2021-06-03 00:00:16,107 [pool-191-thread-1] INFO  metrics.RatisMetrics (RatisMetrics.java:lambda$create$0(36)) - Creating Metrics Registry : ratis.leader_election.008cfff7-303f-4304-8652-a290acc47d8f@group-12BF2E93876B
2021-06-03 00:00:16,108 [pool-191-thread-1] INFO  metrics.RatisMetrics (RatisMetrics.java:lambda$create$0(36)) - Creating Metrics Registry : ratis.server.008cfff7-303f-4304-8652-a290acc47d8f@group-12BF2E93876B
2021-06-03 00:00:16,108 [pool-191-thread-1] INFO  server.RaftServer$Division (RaftServerImpl.java:start(295)) - 008cfff7-303f-4304-8652-a290acc47d8f@group-D30DF566EEDF: start as a follower, conf=-1: [49823d17-a6b1-4b17-b5f9-be7dfd52d59a|rpc:10.1.0.28:36933|dataStream:|priority:0, d0cf5b47-7c54-4e8b-8553-76537c736c6c|rpc:10.1.0.28:42427|dataStream:|priority:1, 008cfff7-303f-4304-8652-a290acc47d8f|rpc:10.1.0.28:38019|dataStream:|priority:0], old=null
2021-06-03 00:00:16,108 [pool-191-thread-1] INFO  server.RaftServer$Division (RaftServerImpl.java:setRole(284)) - 008cfff7-303f-4304-8652-a290acc47d8f@group-D30DF566EEDF: changes role from      null to FOLLOWER at term 0 for startAsFollower
2021-06-03 00:00:16,108 [pool-191-thread-1] INFO  impl.RoleInfo (RoleInfo.java:updateAndGet(130)) - 008cfff7-303f-4304-8652-a290acc47d8f: start 008cfff7-303f-4304-8652-a290acc47d8f@group-D30DF566EEDF-FollowerState
2021-06-03 00:00:16,118 [pool-191-thread-1] INFO  util.JmxRegister (JmxRegister.java:tryRegister(44)) - Successfully registered JMX Bean with object name Ratis:service=RaftServer,group=group-D30DF566EEDF,id=008cfff7-303f-4304-8652-a290acc47d8f
2021-06-03 00:00:16,118 [pool-191-thread-1] INFO  metrics.RatisMetrics (RatisMetrics.java:lambda$create$0(36)) - Creating Metrics Registry : ratis.state_machine.008cfff7-303f-4304-8652-a290acc47d8f@group-D30DF566EEDF
2021-06-03 00:00:16,119 [Command processor thread] INFO  metrics.RatisMetrics (RatisMetrics.java:lambda$create$0(36)) - Creating Metrics Registry : ratis.client_message_metrics.client-284896027F32->d0cf5b47-7c54-4e8b-8553-76537c736c6c
2021-06-03 00:00:16,123 [pool-191-thread-1] INFO  server.RaftServer$Division (RaftServerImpl.java:start(295)) - 008cfff7-303f-4304-8652-a290acc47d8f@group-12BF2E93876B: start as a follower, conf=-1: [008cfff7-303f-4304-8652-a290acc47d8f|rpc:10.1.0.28:38019|priority:1], old=null
2021-06-03 00:00:16,123 [pool-191-thread-1] INFO  server.RaftServer$Division (RaftServerImpl.java:setRole(284)) - 008cfff7-303f-4304-8652-a290acc47d8f@group-12BF2E93876B: changes role from      null to FOLLOWER at term 0 for startAsFollower
2021-06-03 00:00:16,123 [pool-191-thread-1] INFO  impl.RoleInfo (RoleInfo.java:updateAndGet(130)) - 008cfff7-303f-4304-8652-a290acc47d8f: start 008cfff7-303f-4304-8652-a290acc47d8f@group-12BF2E93876B-FollowerState
2021-06-03 00:00:16,125 [pool-191-thread-1] INFO  util.JmxRegister (JmxRegister.java:tryRegister(44)) - Successfully registered JMX Bean with object name Ratis:service=RaftServer,group=group-12BF2E93876B,id=008cfff7-303f-4304-8652-a290acc47d8f
2021-06-03 00:00:16,125 [pool-191-thread-1] INFO  metrics.RatisMetrics (RatisMetrics.java:lambda$create$0(36)) - Creating Metrics Registry : ratis.state_machine.008cfff7-303f-4304-8652-a290acc47d8f@group-12BF2E93876B
2021-06-03 00:00:16,125 [Command processor thread] INFO  ratis.XceiverServerRatis (XceiverServerRatis.java:addGroup(808)) - Created group PipelineID=65cdeea9-1024-488b-973f-12bf2e93876b
2021-06-03 00:00:16,125 [Command processor thread] INFO  commandhandler.CreatePipelineCommandHandler (CreatePipelineCommandHandler.java:handle(106)) - Created Pipeline RATIS ONE PipelineID=65cdeea9-1024-488b-973f-12bf2e93876b.
2021-06-03 00:00:16,128 [EventQueue-PipelineReportForOneReplicaPipelineSafeModeRule] INFO  safemode.SCMSafeModeManager (SCMSafeModeManager.java:validateSafeModeExitRules(201)) - AtleastOneDatanodeReportedRule rule is successfully validated
2021-06-03 00:00:16,128 [EventQueue-OpenPipelineForHealthyPipelineSafeModeRule] INFO  safemode.SCMSafeModeManager (HealthyPipelineSafeModeRule.java:process(130)) - SCM in safe mode. Healthy pipelines reported count is 0, required healthy pipeline reported count is 1
2021-06-03 00:00:16,130 [grpc-default-executor-2] INFO  metrics.RatisMetrics (RatisMetrics.java:lambda$create$0(36)) - Creating Metrics Registry : ratis.server_message_metrics.d0cf5b47-7c54-4e8b-8553-76537c736c6c
2021-06-03 00:00:16,131 [Command processor thread] INFO  commandhandler.CreatePipelineCommandHandler (CreatePipelineCommandHandler.java:handle(106)) - Created Pipeline RATIS THREE PipelineID=24fec9e1-47d2-46c7-9311-d30df566eedf.
2021-06-03 00:00:16,131 [Command processor thread] INFO  server.RaftServer (RaftServerProxy.java:addNew(95)) - d0cf5b47-7c54-4e8b-8553-76537c736c6c: addNew group-5C0DA3C7C8C0:[49823d17-a6b1-4b17-b5f9-be7dfd52d59a|rpc:10.1.0.28:36933|priority:0, d0cf5b47-7c54-4e8b-8553-76537c736c6c|rpc:10.1.0.28:42427|priority:0, 008cfff7-303f-4304-8652-a290acc47d8f|rpc:10.1.0.28:38019|priority:1] returns group-5C0DA3C7C8C0:java.util.concurrent.CompletableFuture@5c961b7b[Not completed]
2021-06-03 00:00:16,132 [pool-155-thread-1] INFO  server.RaftServer$Division (RaftServerImpl.java:<init>(180)) - d0cf5b47-7c54-4e8b-8553-76537c736c6c: new RaftServerImpl for group-5C0DA3C7C8C0:[49823d17-a6b1-4b17-b5f9-be7dfd52d59a|rpc:10.1.0.28:36933|priority:0, d0cf5b47-7c54-4e8b-8553-76537c736c6c|rpc:10.1.0.28:42427|priority:0, 008cfff7-303f-4304-8652-a290acc47d8f|rpc:10.1.0.28:38019|priority:1] with ContainerStateMachine:uninitialized
2021-06-03 00:00:16,132 [pool-155-thread-1] INFO  server.RaftServerConfigKeys (ConfUtils.java:logGet(44)) - raft.server.rpc.timeout.min = 5s (custom)
2021-06-03 00:00:16,132 [pool-155-thread-1] INFO  server.RaftServerConfigKeys (ConfUtils.java:logGet(44)) - raft.server.rpc.timeout.max = 5200ms (custom)
2021-06-03 00:00:16,132 [pool-155-thread-1] INFO  server.RaftServerConfigKeys (ConfUtils.java:logGet(44)) - raft.server.rpc.sleep.time = 25ms (default)
2021-06-03 00:00:16,132 [pool-155-thread-1] INFO  server.RaftServerConfigKeys (ConfUtils.java:logGet(44)) - raft.server.rpc.slowness.timeout = 300000ms (custom)
2021-06-03 00:00:16,132 [pool-155-thread-1] INFO  server.RaftServerConfigKeys (ConfUtils.java:logGet(44)) - raft.server.leaderelection.leader.step-down.wait-time = 10s (default)
2021-06-03 00:00:16,132 [pool-155-thread-1] INFO  server.RaftServerConfigKeys (ConfUtils.java:logGet(44)) - raft.server.sleep.deviation.threshold = 300ms (default)
2021-06-03 00:00:16,132 [pool-155-thread-1] INFO  server.RaftServerConfigKeys (ConfUtils.java:logGet(44)) - raft.server.log.appender.install.snapshot.enabled = false (custom)
2021-06-03 00:00:16,132 [pool-155-thread-1] INFO  server.RaftServer$Division (ServerState.java:<init>(105)) - d0cf5b47-7c54-4e8b-8553-76537c736c6c@group-5C0DA3C7C8C0: ConfigurationManager, init=-1: [49823d17-a6b1-4b17-b5f9-be7dfd52d59a|rpc:10.1.0.28:36933|priority:0, d0cf5b47-7c54-4e8b-8553-76537c736c6c|rpc:10.1.0.28:42427|priority:0, 008cfff7-303f-4304-8652-a290acc47d8f|rpc:10.1.0.28:38019|priority:1], old=null, confs=<EMPTY_MAP>
2021-06-03 00:00:16,132 [pool-155-thread-1] INFO  server.RaftServerConfigKeys (ConfUtils.java:logGet(44)) - raft.server.storage.dir = [/home/runner/work/ozone/ozone/mnt/ozone/hadoop-ozone/integration-test/target/test-dir/MiniOzoneClusterImpl-d99b0d03-7963-4ac2-881f-75d2f82b72ef/datanode-6/data/ratis] (custom)
2021-06-03 00:00:16,132 [pool-155-thread-1] INFO  server.RaftServerConfigKeys (ConfUtils.java:logGet(44)) - raft.server.log.corruption.policy = EXCEPTION (default)
2021-06-03 00:00:16,133 [pool-155-thread-1] INFO  storage.RaftStorageDirectory (RaftStorageDirectoryImpl.java:analyzeStorage(132)) - The storage directory /home/runner/work/ozone/ozone/mnt/ozone/hadoop-ozone/integration-test/target/test-dir/MiniOzoneClusterImpl-d99b0d03-7963-4ac2-881f-75d2f82b72ef/datanode-6/data/ratis/5b5c4c8e-4c14-490d-af65-5c0da3c7c8c0 does not exist. Creating ...
2021-06-03 00:00:16,135 [pool-155-thread-1] INFO  storage.RaftStorageDirectory (RaftStorageDirectoryImpl.java:tryLock(215)) - Lock on /home/runner/work/ozone/ozone/mnt/ozone/hadoop-ozone/integration-test/target/test-dir/MiniOzoneClusterImpl-d99b0d03-7963-4ac2-881f-75d2f82b72ef/datanode-6/data/ratis/5b5c4c8e-4c14-490d-af65-5c0da3c7c8c0/in_use.lock acquired by nodename 19265@fv-az54-886
2021-06-03 00:00:16,137 [EventQueue-OpenPipelineForHealthyPipelineSafeModeRule] INFO  safemode.SCMSafeModeManager (HealthyPipelineSafeModeRule.java:process(130)) - SCM in safe mode. Healthy pipelines reported count is 0, required healthy pipeline reported count is 1
2021-06-03 00:00:16,137 [EventQueue-PipelineReportForOneReplicaPipelineSafeModeRule] INFO  safemode.SCMSafeModeManager (SCMSafeModeManager.java:validateSafeModeExitRules(201)) - AtleastOneDatanodeReportedRule rule is successfully validated
2021-06-03 00:00:16,138 [pool-155-thread-1] INFO  storage.RaftStorage (RaftStorageImpl.java:format(87)) - Storage directory /home/runner/work/ozone/ozone/mnt/ozone/hadoop-ozone/integration-test/target/test-dir/MiniOzoneClusterImpl-d99b0d03-7963-4ac2-881f-75d2f82b72ef/datanode-6/data/ratis/5b5c4c8e-4c14-490d-af65-5c0da3c7c8c0 has been successfully formatted.
2021-06-03 00:00:16,138 [pool-155-thread-1] INFO  ratis.ContainerStateMachine (ContainerStateMachine.java:loadSnapshot(224)) - group-5C0DA3C7C8C0: The snapshot info is null. Setting the last applied indexto:(t:0, i:~)
2021-06-03 00:00:16,138 [pool-155-thread-1] INFO  server.RaftServerConfigKeys (ConfUtils.java:logGet(44)) - raft.server.notification.no-leader.timeout = 300000ms (custom)
2021-06-03 00:00:16,138 [pool-155-thread-1] INFO  server.RaftServerConfigKeys (ConfUtils.java:logGet(44)) - raft.server.log.use.memory = false (default)
2021-06-03 00:00:16,138 [pool-155-thread-1] INFO  server.RaftServerConfigKeys (ConfUtils.java:logGet(44)) - raft.server.log.purge.gap = 1000000 (custom)
2021-06-03 00:00:16,138 [pool-155-thread-1] INFO  server.RaftServerConfigKeys (ConfUtils.java:logGet(44)) - raft.server.log.appender.buffer.byte-limit = 33554432 (custom)
2021-06-03 00:00:16,138 [pool-155-thread-1] INFO  metrics.RatisMetrics (RatisMetrics.java:lambda$create$0(36)) - Creating Metrics Registry : ratis.log_worker.d0cf5b47-7c54-4e8b-8553-76537c736c6c@group-5C0DA3C7C8C0
2021-06-03 00:00:16,138 [pool-155-thread-1] INFO  server.RaftServerConfigKeys (ConfUtils.java:logGet(44)) - raft.server.log.segment.size.max = 1048576 (custom)
2021-06-03 00:00:16,139 [pool-155-thread-1] INFO  server.RaftServerConfigKeys (ConfUtils.java:logGet(44)) - raft.server.log.segment.cache.num.max = 2 (custom)
2021-06-03 00:00:16,139 [pool-155-thread-1] INFO  server.RaftServerConfigKeys (ConfUtils.java:logGet(44)) - raft.server.log.segment.cache.size.max = 200MB (=209715200) (default)
2021-06-03 00:00:16,139 [pool-155-thread-1] INFO  segmented.SegmentedRaftLogWorker (SegmentedRaftLogWorker.java:<init>(182)) - new d0cf5b47-7c54-4e8b-8553-76537c736c6c@group-5C0DA3C7C8C0-SegmentedRaftLogWorker for RaftStorageImpl:Storage Directory /home/runner/work/ozone/ozone/mnt/ozone/hadoop-ozone/integration-test/target/test-dir/MiniOzoneClusterImpl-d99b0d03-7963-4ac2-881f-75d2f82b72ef/datanode-6/data/ratis/5b5c4c8e-4c14-490d-af65-5c0da3c7c8c0
2021-06-03 00:00:16,139 [pool-155-thread-1] INFO  server.RaftServerConfigKeys (ConfUtils.java:logGet(44)) - raft.server.log.queue.byte-limit = 2147483647 (custom)
2021-06-03 00:00:16,139 [pool-155-thread-1] INFO  server.RaftServerConfigKeys (ConfUtils.java:logGet(44)) - raft.server.log.queue.element-limit = 1024 (custom)
2021-06-03 00:00:16,139 [pool-155-thread-1] INFO  server.RaftServerConfigKeys (ConfUtils.java:logGet(44)) - raft.server.log.segment.size.max = 1048576 (custom)
2021-06-03 00:00:16,139 [pool-155-thread-1] INFO  server.RaftServerConfigKeys (ConfUtils.java:logGet(44)) - raft.server.log.preallocated.size = 16384 (custom)
2021-06-03 00:00:16,139 [pool-155-thread-1] INFO  server.RaftServerConfigKeys (ConfUtils.java:logGet(44)) - raft.server.log.force.sync.num = 128 (default)
2021-06-03 00:00:16,139 [pool-155-thread-1] INFO  server.RaftServerConfigKeys (ConfUtils.java:logGet(44)) - raft.server.log.statemachine.data.sync = true (default)
2021-06-03 00:00:16,139 [pool-155-thread-1] INFO  server.RaftServerConfigKeys (ConfUtils.java:logGet(44)) - raft.server.log.statemachine.data.sync.timeout = 10s (default)
2021-06-03 00:00:16,139 [pool-155-thread-1] INFO  server.RaftServerConfigKeys (ConfUtils.java:logGet(44)) - raft.server.log.statemachine.data.sync.timeout.retry = -1 (default)
2021-06-03 00:00:16,140 [pool-155-thread-1] INFO  server.RaftServerConfigKeys (ConfUtils.java:logGet(44)) - raft.server.log.write.buffer.size = 1048576 (custom)
2021-06-03 00:00:16,141 [pool-155-thread-1] INFO  server.RaftServerConfigKeys (ConfUtils.java:logGet(44)) - raft.server.log.statemachine.data.caching.enabled = true (custom)
2021-06-03 00:00:16,141 [EventQueue-PipelineReportForOneReplicaPipelineSafeModeRule] INFO  safemode.SCMSafeModeManager (SCMSafeModeManager.java:validateSafeModeExitRules(201)) - AtleastOneDatanodeReportedRule rule is successfully validated
2021-06-03 00:00:16,141 [EventQueue-OpenPipelineForHealthyPipelineSafeModeRule] INFO  safemode.SCMSafeModeManager (HealthyPipelineSafeModeRule.java:process(130)) - SCM in safe mode. Healthy pipelines reported count is 0, required healthy pipeline reported count is 1
2021-06-03 00:00:16,142 [pool-155-thread-1] INFO  segmented.SegmentedRaftLogWorker (SegmentedRaftLogWorker.java:lambda$new$0(133)) - d0cf5b47-7c54-4e8b-8553-76537c736c6c@group-5C0DA3C7C8C0-SegmentedRaftLogWorker: flushIndex: setUnconditionally 0 -> -1
2021-06-03 00:00:16,142 [pool-155-thread-1] INFO  segmented.SegmentedRaftLogWorker (SegmentedRaftLogWorker.java:lambda$new$0(133)) - d0cf5b47-7c54-4e8b-8553-76537c736c6c@group-5C0DA3C7C8C0-SegmentedRaftLogWorker: safeCacheEvictIndex: setUnconditionally 0 -> -1
2021-06-03 00:00:16,142 [pool-155-thread-1] INFO  server.RaftServerConfigKeys (ConfUtils.java:logGet(44)) - raft.server.snapshot.auto.trigger.enabled = true (custom)
2021-06-03 00:00:16,142 [pool-155-thread-1] INFO  server.RaftServerConfigKeys (ConfUtils.java:logGet(44)) - raft.server.snapshot.auto.trigger.threshold = 1 (custom)
2021-06-03 00:00:16,143 [pool-155-thread-1] INFO  server.RaftServerConfigKeys (ConfUtils.java:logGet(44)) - raft.server.snapshot.retention.file.num = 5 (custom)
2021-06-03 00:00:16,143 [pool-155-thread-1] INFO  server.RaftServerConfigKeys (ConfUtils.java:logGet(44)) - raft.server.log.purge.upto.snapshot.index = false (default)
2021-06-03 00:00:16,143 [pool-155-thread-1] INFO  server.RaftServerConfigKeys (ConfUtils.java:logGet(44)) - raft.server.retrycache.expirytime = 600000ms (custom)
2021-06-03 00:00:16,143 [pool-155-thread-1] INFO  server.RaftServerConfigKeys (ConfUtils.java:logGet(44)) - raft.server.retrycache.statistics.expirytime = 100μs (default)
2021-06-03 00:00:16,143 [pool-155-thread-1] INFO  metrics.RatisMetrics (RatisMetrics.java:lambda$create$0(36)) - Creating Metrics Registry : ratis.leader_election.d0cf5b47-7c54-4e8b-8553-76537c736c6c@group-5C0DA3C7C8C0
2021-06-03 00:00:16,144 [pool-155-thread-1] INFO  metrics.RatisMetrics (RatisMetrics.java:lambda$create$0(36)) - Creating Metrics Registry : ratis.server.d0cf5b47-7c54-4e8b-8553-76537c736c6c@group-5C0DA3C7C8C0
2021-06-03 00:00:16,144 [pool-155-thread-1] INFO  server.RaftServer$Division (RaftServerImpl.java:start(295)) - d0cf5b47-7c54-4e8b-8553-76537c736c6c@group-5C0DA3C7C8C0: start as a follower, conf=-1: [49823d17-a6b1-4b17-b5f9-be7dfd52d59a|rpc:10.1.0.28:36933|priority:0, d0cf5b47-7c54-4e8b-8553-76537c736c6c|rpc:10.1.0.28:42427|priority:0, 008cfff7-303f-4304-8652-a290acc47d8f|rpc:10.1.0.28:38019|priority:1], old=null
2021-06-03 00:00:16,144 [pool-155-thread-1] INFO  server.RaftServer$Division (RaftServerImpl.java:setRole(284)) - d0cf5b47-7c54-4e8b-8553-76537c736c6c@group-5C0DA3C7C8C0: changes role from      null to FOLLOWER at term 0 for startAsFollower
2021-06-03 00:00:16,144 [pool-155-thread-1] INFO  impl.RoleInfo (RoleInfo.java:updateAndGet(130)) - d0cf5b47-7c54-4e8b-8553-76537c736c6c: start d0cf5b47-7c54-4e8b-8553-76537c736c6c@group-5C0DA3C7C8C0-FollowerState
2021-06-03 00:00:16,144 [pool-155-thread-1] INFO  util.JmxRegister (JmxRegister.java:tryRegister(44)) - Successfully registered JMX Bean with object name Ratis:service=RaftServer,group=group-5C0DA3C7C8C0,id=d0cf5b47-7c54-4e8b-8553-76537c736c6c
2021-06-03 00:00:16,149 [pool-155-thread-1] INFO  metrics.RatisMetrics (RatisMetrics.java:lambda$create$0(36)) - Creating Metrics Registry : ratis.state_machine.d0cf5b47-7c54-4e8b-8553-76537c736c6c@group-5C0DA3C7C8C0
2021-06-03 00:00:16,152 [Command processor thread] INFO  ratis.XceiverServerRatis (XceiverServerRatis.java:addGroup(808)) - Created group PipelineID=5b5c4c8e-4c14-490d-af65-5c0da3c7c8c0
2021-06-03 00:00:16,153 [Command processor thread] INFO  metrics.RatisMetrics (RatisMetrics.java:lambda$create$0(36)) - Creating Metrics Registry : ratis.client_message_metrics.client-6CA6176FCDF2->49823d17-a6b1-4b17-b5f9-be7dfd52d59a
2021-06-03 00:00:16,165 [Command processor thread] INFO  commandhandler.CreatePipelineCommandHandler (CreatePipelineCommandHandler.java:handle(106)) - Created Pipeline RATIS THREE PipelineID=5b5c4c8e-4c14-490d-af65-5c0da3c7c8c0.
2021-06-03 00:00:16,171 [EventQueue-PipelineReportForOneReplicaPipelineSafeModeRule] INFO  safemode.SCMSafeModeManager (SCMSafeModeManager.java:validateSafeModeExitRules(201)) - AtleastOneDatanodeReportedRule rule is successfully validated
2021-06-03 00:00:16,172 [EventQueue-OpenPipelineForHealthyPipelineSafeModeRule] INFO  safemode.SCMSafeModeManager (HealthyPipelineSafeModeRule.java:process(130)) - SCM in safe mode. Healthy pipelines reported count is 0, required healthy pipeline reported count is 1
2021-06-03 00:00:16,172 [EventQueue-PipelineReportForOneReplicaPipelineSafeModeRule] INFO  safemode.SCMSafeModeManager (SCMSafeModeManager.java:validateSafeModeExitRules(201)) - AtleastOneDatanodeReportedRule rule is successfully validated
2021-06-03 00:00:16,174 [Listener at 127.0.0.1/45991] INFO  ozone.MiniOzoneClusterImpl (MiniOzoneClusterImpl.java:lambda$waitForClusterToBeReady$0(224)) - Nodes are ready. Got 10 of 10 DN Heartbeats.
2021-06-03 00:00:16,175 [Listener at 127.0.0.1/45991] INFO  ozone.MiniOzoneClusterImpl (MiniOzoneClusterImpl.java:lambda$waitForClusterToBeReady$0(227)) - Waiting for cluster to exit safe mode
2021-06-03 00:00:16,175 [Listener at 127.0.0.1/45991] INFO  ozone.MiniOzoneClusterImpl (MiniOzoneClusterImpl.java:lambda$waitForClusterToBeReady$0(230)) - SCM became leader
2021-06-03 00:00:16,177 [Command processor thread] INFO  server.RaftServer (RaftServerProxy.java:addNew(95)) - 9f7a9314-add0-4765-be61-553e532e1c3d: addNew group-7177A17899FC:[9f7a9314-add0-4765-be61-553e532e1c3d|rpc:10.1.0.28:40041|priority:1] returns group-7177A17899FC:java.util.concurrent.CompletableFuture@7be63c6b[Not completed]
2021-06-03 00:00:16,178 [pool-209-thread-1] INFO  server.RaftServer$Division (RaftServerImpl.java:<init>(180)) - 9f7a9314-add0-4765-be61-553e532e1c3d: new RaftServerImpl for group-7177A17899FC:[9f7a9314-add0-4765-be61-553e532e1c3d|rpc:10.1.0.28:40041|priority:1] with ContainerStateMachine:uninitialized
2021-06-03 00:00:16,184 [pool-209-thread-1] INFO  server.RaftServerConfigKeys (ConfUtils.java:logGet(44)) - raft.server.rpc.timeout.min = 5s (custom)
2021-06-03 00:00:16,185 [pool-209-thread-1] INFO  server.RaftServerConfigKeys (ConfUtils.java:logGet(44)) - raft.server.rpc.timeout.max = 5200ms (custom)
2021-06-03 00:00:16,185 [pool-209-thread-1] INFO  server.RaftServerConfigKeys (ConfUtils.java:logGet(44)) - raft.server.rpc.sleep.time = 25ms (default)
2021-06-03 00:00:16,185 [pool-209-thread-1] INFO  server.RaftServerConfigKeys (ConfUtils.java:logGet(44)) - raft.server.rpc.slowness.timeout = 300000ms (custom)
2021-06-03 00:00:16,185 [pool-209-thread-1] INFO  server.RaftServerConfigKeys (ConfUtils.java:logGet(44)) - raft.server.leaderelection.leader.step-down.wait-time = 10s (default)
2021-06-03 00:00:16,185 [pool-209-thread-1] INFO  server.RaftServerConfigKeys (ConfUtils.java:logGet(44)) - raft.server.sleep.deviation.threshold = 300ms (default)
2021-06-03 00:00:16,185 [pool-209-thread-1] INFO  server.RaftServerConfigKeys (ConfUtils.java:logGet(44)) - raft.server.log.appender.install.snapshot.enabled = false (custom)
2021-06-03 00:00:16,185 [pool-209-thread-1] INFO  server.RaftServer$Division (ServerState.java:<init>(105)) - 9f7a9314-add0-4765-be61-553e532e1c3d@group-7177A17899FC: ConfigurationManager, init=-1: [9f7a9314-add0-4765-be61-553e532e1c3d|rpc:10.1.0.28:40041|priority:1], old=null, confs=<EMPTY_MAP>
2021-06-03 00:00:16,185 [pool-209-thread-1] INFO  server.RaftServerConfigKeys (ConfUtils.java:logGet(44)) - raft.server.storage.dir = [/home/runner/work/ozone/ozone/mnt/ozone/hadoop-ozone/integration-test/target/test-dir/MiniOzoneClusterImpl-d99b0d03-7963-4ac2-881f-75d2f82b72ef/datanode-9/data/ratis] (custom)
2021-06-03 00:00:16,185 [pool-209-thread-1] INFO  server.RaftServerConfigKeys (ConfUtils.java:logGet(44)) - raft.server.log.corruption.policy = EXCEPTION (default)
2021-06-03 00:00:16,185 [pool-209-thread-1] INFO  storage.RaftStorageDirectory (RaftStorageDirectoryImpl.java:analyzeStorage(132)) - The storage directory /home/runner/work/ozone/ozone/mnt/ozone/hadoop-ozone/integration-test/target/test-dir/MiniOzoneClusterImpl-d99b0d03-7963-4ac2-881f-75d2f82b72ef/datanode-9/data/ratis/83dea6d4-b3d9-4640-8cb4-7177a17899fc does not exist. Creating ...
2021-06-03 00:00:16,186 [pool-209-thread-1] INFO  storage.RaftStorageDirectory (RaftStorageDirectoryImpl.java:tryLock(215)) - Lock on /home/runner/work/ozone/ozone/mnt/ozone/hadoop-ozone/integration-test/target/test-dir/MiniOzoneClusterImpl-d99b0d03-7963-4ac2-881f-75d2f82b72ef/datanode-9/data/ratis/83dea6d4-b3d9-4640-8cb4-7177a17899fc/in_use.lock acquired by nodename 19265@fv-az54-886
2021-06-03 00:00:16,186 [Command processor thread] INFO  metrics.RatisMetrics (RatisMetrics.java:lambda$create$0(36)) - Creating Metrics Registry : ratis.client_message_metrics.client-6DE7A3296066->008cfff7-303f-4304-8652-a290acc47d8f
2021-06-03 00:00:16,188 [pool-209-thread-1] INFO  storage.RaftStorage (RaftStorageImpl.java:format(87)) - Storage directory /home/runner/work/ozone/ozone/mnt/ozone/hadoop-ozone/integration-test/target/test-dir/MiniOzoneClusterImpl-d99b0d03-7963-4ac2-881f-75d2f82b72ef/datanode-9/data/ratis/83dea6d4-b3d9-4640-8cb4-7177a17899fc has been successfully formatted.
2021-06-03 00:00:16,188 [pool-209-thread-1] INFO  ratis.ContainerStateMachine (ContainerStateMachine.java:loadSnapshot(224)) - group-7177A17899FC: The snapshot info is null. Setting the last applied indexto:(t:0, i:~)
2021-06-03 00:00:16,188 [pool-209-thread-1] INFO  server.RaftServerConfigKeys (ConfUtils.java:logGet(44)) - raft.server.notification.no-leader.timeout = 300000ms (custom)
2021-06-03 00:00:16,188 [pool-209-thread-1] INFO  server.RaftServerConfigKeys (ConfUtils.java:logGet(44)) - raft.server.log.use.memory = false (default)
2021-06-03 00:00:16,189 [pool-209-thread-1] INFO  server.RaftServerConfigKeys (ConfUtils.java:logGet(44)) - raft.server.log.purge.gap = 1000000 (custom)
2021-06-03 00:00:16,189 [pool-209-thread-1] INFO  server.RaftServerConfigKeys (ConfUtils.java:logGet(44)) - raft.server.log.appender.buffer.byte-limit = 33554432 (custom)
2021-06-03 00:00:16,189 [pool-209-thread-1] INFO  metrics.RatisMetrics (RatisMetrics.java:lambda$create$0(36)) - Creating Metrics Registry : ratis.log_worker.9f7a9314-add0-4765-be61-553e532e1c3d@group-7177A17899FC
2021-06-03 00:00:16,189 [pool-209-thread-1] INFO  server.RaftServerConfigKeys (ConfUtils.java:logGet(44)) - raft.server.log.segment.size.max = 1048576 (custom)
2021-06-03 00:00:16,190 [EventQueue-PipelineReportForPipelineReportHandler] INFO  pipeline.PipelineManagerV2Impl (PipelineManagerV2Impl.java:openPipeline(270)) - Pipeline Pipeline[ Id: 83dea6d4-b3d9-4640-8cb4-7177a17899fc, Nodes: 9f7a9314-add0-4765-be61-553e532e1c3d{ip: 10.1.0.28, host: fv-az54-886.gmada3d5h3zutaf4vio4yveaag.bx.internal.cloudapp.net, ports: [REPLICATION=44869, RATIS=40041, RATIS_ADMIN=40041, RATIS_SERVER=40041, STANDALONE=41047], networkLocation: /default-rack, certSerialId: null, persistedOpState: IN_SERVICE, persistedOpStateExpiryEpochSec: 0}, ReplicationConfig: RATIS/ONE, State:ALLOCATED, leaderId:9f7a9314-add0-4765-be61-553e532e1c3d, CreationTimestamp2021-06-03T00:00:13.177Z] moved to OPEN state
2021-06-03 00:00:16,191 [EventQueue-PipelineReportForOneReplicaPipelineSafeModeRule] INFO  safemode.SCMSafeModeManager (SCMSafeModeManager.java:validateSafeModeExitRules(201)) - AtleastOneDatanodeReportedRule rule is successfully validated
2021-06-03 00:00:16,191 [EventQueue-OpenPipelineForHealthyPipelineSafeModeRule] INFO  safemode.SCMSafeModeManager (HealthyPipelineSafeModeRule.java:process(130)) - SCM in safe mode. Healthy pipelines reported count is 0, required healthy pipeline reported count is 1
2021-06-03 00:00:16,193 [pool-209-thread-1] INFO  server.RaftServerConfigKeys (ConfUtils.java:logGet(44)) - raft.server.log.segment.cache.num.max = 2 (custom)
2021-06-03 00:00:16,193 [pool-209-thread-1] INFO  server.RaftServerConfigKeys (ConfUtils.java:logGet(44)) - raft.server.log.segment.cache.size.max = 200MB (=209715200) (default)
2021-06-03 00:00:16,193 [pool-209-thread-1] INFO  segmented.SegmentedRaftLogWorker (SegmentedRaftLogWorker.java:<init>(182)) - new 9f7a9314-add0-4765-be61-553e532e1c3d@group-7177A17899FC-SegmentedRaftLogWorker for RaftStorageImpl:Storage Directory /home/runner/work/ozone/ozone/mnt/ozone/hadoop-ozone/integration-test/target/test-dir/MiniOzoneClusterImpl-d99b0d03-7963-4ac2-881f-75d2f82b72ef/datanode-9/data/ratis/83dea6d4-b3d9-4640-8cb4-7177a17899fc
2021-06-03 00:00:16,194 [pool-209-thread-1] INFO  server.RaftServerConfigKeys (ConfUtils.java:logGet(44)) - raft.server.log.queue.byte-limit = 2147483647 (custom)
2021-06-03 00:00:16,194 [pool-209-thread-1] INFO  server.RaftServerConfigKeys (ConfUtils.java:logGet(44)) - raft.server.log.queue.element-limit = 1024 (custom)
2021-06-03 00:00:16,194 [pool-209-thread-1] INFO  server.RaftServerConfigKeys (ConfUtils.java:logGet(44)) - raft.server.log.segment.size.max = 1048576 (custom)
2021-06-03 00:00:16,194 [pool-209-thread-1] INFO  server.RaftServerConfigKeys (ConfUtils.java:logGet(44)) - raft.server.log.preallocated.size = 16384 (custom)
2021-06-03 00:00:16,194 [pool-209-thread-1] INFO  server.RaftServerConfigKeys (ConfUtils.java:logGet(44)) - raft.server.log.force.sync.num = 128 (default)
2021-06-03 00:00:16,194 [pool-209-thread-1] INFO  server.RaftServerConfigKeys (ConfUtils.java:logGet(44)) - raft.server.log.statemachine.data.sync = true (default)
2021-06-03 00:00:16,194 [pool-209-thread-1] INFO  server.RaftServerConfigKeys (ConfUtils.java:logGet(44)) - raft.server.log.statemachine.data.sync.timeout = 10s (default)
2021-06-03 00:00:16,194 [pool-209-thread-1] INFO  server.RaftServerConfigKeys (ConfUtils.java:logGet(44)) - raft.server.log.statemachine.data.sync.timeout.retry = -1 (default)
2021-06-03 00:00:16,194 [pool-209-thread-1] INFO  server.RaftServerConfigKeys (ConfUtils.java:logGet(44)) - raft.server.log.write.buffer.size = 1048576 (custom)
2021-06-03 00:00:16,195 [pool-209-thread-1] INFO  server.RaftServerConfigKeys (ConfUtils.java:logGet(44)) - raft.server.log.statemachine.data.caching.enabled = true (custom)
2021-06-03 00:00:16,195 [pool-209-thread-1] INFO  segmented.SegmentedRaftLogWorker (SegmentedRaftLogWorker.java:lambda$new$0(133)) - 9f7a9314-add0-4765-be61-553e532e1c3d@group-7177A17899FC-SegmentedRaftLogWorker: flushIndex: setUnconditionally 0 -> -1
2021-06-03 00:00:16,195 [pool-209-thread-1] INFO  segmented.SegmentedRaftLogWorker (SegmentedRaftLogWorker.java:lambda$new$0(133)) - 9f7a9314-add0-4765-be61-553e532e1c3d@group-7177A17899FC-SegmentedRaftLogWorker: safeCacheEvictIndex: setUnconditionally 0 -> -1
2021-06-03 00:00:16,197 [EventQueue-OpenPipelineForHealthyPipelineSafeModeRule] INFO  safemode.SCMSafeModeManager (HealthyPipelineSafeModeRule.java:process(130)) - SCM in safe mode. Healthy pipelines reported count is 0, required healthy pipeline reported count is 1
2021-06-03 00:00:16,197 [EventQueue-PipelineReportForOneReplicaPipelineSafeModeRule] INFO  safemode.SCMSafeModeManager (SCMSafeModeManager.java:validateSafeModeExitRules(201)) - AtleastOneDatanodeReportedRule rule is successfully validated
2021-06-03 00:00:16,205 [pool-209-thread-1] INFO  server.RaftServerConfigKeys (ConfUtils.java:logGet(44)) - raft.server.snapshot.auto.trigger.enabled = true (custom)
2021-06-03 00:00:16,205 [pool-209-thread-1] INFO  server.RaftServerConfigKeys (ConfUtils.java:logGet(44)) - raft.server.snapshot.auto.trigger.threshold = 1 (custom)
2021-06-03 00:00:16,205 [pool-209-thread-1] INFO  server.RaftServerConfigKeys (ConfUtils.java:logGet(44)) - raft.server.snapshot.retention.file.num = 5 (custom)
2021-06-03 00:00:16,205 [pool-209-thread-1] INFO  server.RaftServerConfigKeys (ConfUtils.java:logGet(44)) - raft.server.log.purge.upto.snapshot.index = false (default)
2021-06-03 00:00:16,206 [pool-209-thread-1] INFO  server.RaftServerConfigKeys (ConfUtils.java:logGet(44)) - raft.server.retrycache.expirytime = 600000ms (custom)
2021-06-03 00:00:16,206 [pool-209-thread-1] INFO  server.RaftServerConfigKeys (ConfUtils.java:logGet(44)) - raft.server.retrycache.statistics.expirytime = 100μs (default)
2021-06-03 00:00:16,206 [pool-209-thread-1] INFO  metrics.RatisMetrics (RatisMetrics.java:lambda$create$0(36)) - Creating Metrics Registry : ratis.leader_election.9f7a9314-add0-4765-be61-553e532e1c3d@group-7177A17899FC
2021-06-03 00:00:16,206 [pool-209-thread-1] INFO  metrics.RatisMetrics (RatisMetrics.java:lambda$create$0(36)) - Creating Metrics Registry : ratis.server.9f7a9314-add0-4765-be61-553e532e1c3d@group-7177A17899FC
2021-06-03 00:00:16,206 [pool-209-thread-1] INFO  server.RaftServer$Division (RaftServerImpl.java:start(295)) - 9f7a9314-add0-4765-be61-553e532e1c3d@group-7177A17899FC: start as a follower, conf=-1: [9f7a9314-add0-4765-be61-553e532e1c3d|rpc:10.1.0.28:40041|priority:1], old=null
2021-06-03 00:00:16,207 [pool-209-thread-1] INFO  server.RaftServer$Division (RaftServerImpl.java:setRole(284)) - 9f7a9314-add0-4765-be61-553e532e1c3d@group-7177A17899FC: changes role from      null to FOLLOWER at term 0 for startAsFollower
2021-06-03 00:00:16,207 [pool-209-thread-1] INFO  impl.RoleInfo (RoleInfo.java:updateAndGet(130)) - 9f7a9314-add0-4765-be61-553e532e1c3d: start 9f7a9314-add0-4765-be61-553e532e1c3d@group-7177A17899FC-FollowerState
2021-06-03 00:00:16,207 [pool-209-thread-1] INFO  util.JmxRegister (JmxRegister.java:tryRegister(44)) - Successfully registered JMX Bean with object name Ratis:service=RaftServer,group=group-7177A17899FC,id=9f7a9314-add0-4765-be61-553e532e1c3d
2021-06-03 00:00:16,207 [pool-209-thread-1] INFO  metrics.RatisMetrics (RatisMetrics.java:lambda$create$0(36)) - Creating Metrics Registry : ratis.state_machine.9f7a9314-add0-4765-be61-553e532e1c3d@group-7177A17899FC
2021-06-03 00:00:16,208 [Command processor thread] INFO  ratis.XceiverServerRatis (XceiverServerRatis.java:addGroup(808)) - Created group PipelineID=83dea6d4-b3d9-4640-8cb4-7177a17899fc
2021-06-03 00:00:16,208 [Command processor thread] INFO  commandhandler.CreatePipelineCommandHandler (CreatePipelineCommandHandler.java:handle(106)) - Created Pipeline RATIS ONE PipelineID=83dea6d4-b3d9-4640-8cb4-7177a17899fc.
2021-06-03 00:00:16,218 [EventQueue-PipelineReportForOneReplicaPipelineSafeModeRule] INFO  safemode.SCMSafeModeManager (SCMSafeModeManager.java:validateSafeModeExitRules(201)) - AtleastOneDatanodeReportedRule rule is successfully validated
2021-06-03 00:00:16,218 [EventQueue-OpenPipelineForHealthyPipelineSafeModeRule] INFO  safemode.SCMSafeModeManager (HealthyPipelineSafeModeRule.java:process(130)) - SCM in safe mode. Healthy pipelines reported count is 0, required healthy pipeline reported count is 1
2021-06-03 00:00:16,219 [EventQueue-OpenPipelineForHealthyPipelineSafeModeRule] INFO  safemode.SCMSafeModeManager (HealthyPipelineSafeModeRule.java:process(130)) - SCM in safe mode. Healthy pipelines reported count is 0, required healthy pipeline reported count is 1
2021-06-03 00:00:16,219 [EventQueue-PipelineReportForOneReplicaPipelineSafeModeRule] INFO  safemode.SCMSafeModeManager (SCMSafeModeManager.java:validateSafeModeExitRules(201)) - AtleastOneDatanodeReportedRule rule is successfully validated
2021-06-03 00:00:16,219 [Command processor thread] INFO  commandhandler.CreatePipelineCommandHandler (CreatePipelineCommandHandler.java:handle(106)) - Created Pipeline RATIS THREE PipelineID=5b5c4c8e-4c14-490d-af65-5c0da3c7c8c0.
2021-06-03 00:00:16,238 [EventQueue-OpenPipelineForHealthyPipelineSafeModeRule] INFO  safemode.SCMSafeModeManager (HealthyPipelineSafeModeRule.java:process(130)) - SCM in safe mode. Healthy pipelines reported count is 0, required healthy pipeline reported count is 1
2021-06-03 00:00:16,238 [EventQueue-PipelineReportForOneReplicaPipelineSafeModeRule] INFO  safemode.SCMSafeModeManager (SCMSafeModeManager.java:validateSafeModeExitRules(201)) - AtleastOneDatanodeReportedRule rule is successfully validated
2021-06-03 00:00:16,253 [EventQueue-OpenPipelineForHealthyPipelineSafeModeRule] INFO  safemode.SCMSafeModeManager (HealthyPipelineSafeModeRule.java:process(130)) - SCM in safe mode. Healthy pipelines reported count is 0, required healthy pipeline reported count is 1
2021-06-03 00:00:16,253 [EventQueue-PipelineReportForOneReplicaPipelineSafeModeRule] INFO  safemode.SCMSafeModeManager (SCMSafeModeManager.java:validateSafeModeExitRules(201)) - AtleastOneDatanodeReportedRule rule is successfully validated
2021-06-03 00:00:16,304 [EventQueue-PipelineReportForOneReplicaPipelineSafeModeRule] INFO  safemode.SCMSafeModeManager (SCMSafeModeManager.java:validateSafeModeExitRules(201)) - AtleastOneDatanodeReportedRule rule is successfully validated
2021-06-03 00:00:16,304 [EventQueue-OpenPipelineForHealthyPipelineSafeModeRule] INFO  safemode.SCMSafeModeManager (HealthyPipelineSafeModeRule.java:process(130)) - SCM in safe mode. Healthy pipelines reported count is 0, required healthy pipeline reported count is 1
2021-06-03 00:00:16,338 [EventQueue-OpenPipelineForHealthyPipelineSafeModeRule] INFO  safemode.SCMSafeModeManager (HealthyPipelineSafeModeRule.java:process(130)) - SCM in safe mode. Healthy pipelines reported count is 0, required healthy pipeline reported count is 1
2021-06-03 00:00:16,338 [EventQueue-PipelineReportForOneReplicaPipelineSafeModeRule] INFO  safemode.SCMSafeModeManager (SCMSafeModeManager.java:validateSafeModeExitRules(201)) - AtleastOneDatanodeReportedRule rule is successfully validated
2021-06-03 00:00:16,340 [EventQueue-PipelineReportForOneReplicaPipelineSafeModeRule] INFO  safemode.SCMSafeModeManager (SCMSafeModeManager.java:validateSafeModeExitRules(201)) - AtleastOneDatanodeReportedRule rule is successfully validated
2021-06-03 00:00:16,340 [EventQueue-OpenPipelineForHealthyPipelineSafeModeRule] INFO  safemode.SCMSafeModeManager (HealthyPipelineSafeModeRule.java:process(130)) - SCM in safe mode. Healthy pipelines reported count is 0, required healthy pipeline reported count is 1
2021-06-03 00:00:16,373 [EventQueue-PipelineReportForOneReplicaPipelineSafeModeRule] INFO  safemode.SCMSafeModeManager (SCMSafeModeManager.java:validateSafeModeExitRules(201)) - AtleastOneDatanodeReportedRule rule is successfully validated
2021-06-03 00:00:16,373 [EventQueue-OpenPipelineForHealthyPipelineSafeModeRule] INFO  safemode.SCMSafeModeManager (HealthyPipelineSafeModeRule.java:process(130)) - SCM in safe mode. Healthy pipelines reported count is 0, required healthy pipeline reported count is 1
2021-06-03 00:00:16,390 [EventQueue-PipelineReportForOneReplicaPipelineSafeModeRule] INFO  safemode.SCMSafeModeManager (SCMSafeModeManager.java:validateSafeModeExitRules(201)) - AtleastOneDatanodeReportedRule rule is successfully validated
2021-06-03 00:00:16,390 [EventQueue-OpenPipelineForHealthyPipelineSafeModeRule] INFO  safemode.SCMSafeModeManager (HealthyPipelineSafeModeRule.java:process(130)) - SCM in safe mode. Healthy pipelines reported count is 0, required healthy pipeline reported count is 1
2021-06-03 00:00:16,397 [EventQueue-PipelineReportForOneReplicaPipelineSafeModeRule] INFO  safemode.SCMSafeModeManager (SCMSafeModeManager.java:validateSafeModeExitRules(201)) - AtleastOneDatanodeReportedRule rule is successfully validated
2021-06-03 00:00:16,398 [EventQueue-OpenPipelineForHealthyPipelineSafeModeRule] INFO  safemode.SCMSafeModeManager (HealthyPipelineSafeModeRule.java:process(130)) - SCM in safe mode. Healthy pipelines reported count is 0, required healthy pipeline reported count is 1
2021-06-03 00:00:16,416 [EventQueue-OpenPipelineForHealthyPipelineSafeModeRule] INFO  safemode.SCMSafeModeManager (HealthyPipelineSafeModeRule.java:process(130)) - SCM in safe mode. Healthy pipelines reported count is 0, required healthy pipeline reported count is 1
2021-06-03 00:00:16,416 [EventQueue-PipelineReportForOneReplicaPipelineSafeModeRule] INFO  safemode.SCMSafeModeManager (SCMSafeModeManager.java:validateSafeModeExitRules(201)) - AtleastOneDatanodeReportedRule rule is successfully validated
2021-06-03 00:00:16,417 [EventQueue-PipelineReportForOneReplicaPipelineSafeModeRule] INFO  safemode.SCMSafeModeManager (SCMSafeModeManager.java:validateSafeModeExitRules(201)) - AtleastOneDatanodeReportedRule rule is successfully validated
2021-06-03 00:00:16,417 [EventQueue-OpenPipelineForHealthyPipelineSafeModeRule] INFO  safemode.SCMSafeModeManager (HealthyPipelineSafeModeRule.java:process(130)) - SCM in safe mode. Healthy pipelines reported count is 0, required healthy pipeline reported count is 1
2021-06-03 00:00:16,438 [EventQueue-PipelineReportForOneReplicaPipelineSafeModeRule] INFO  safemode.SCMSafeModeManager (SCMSafeModeManager.java:validateSafeModeExitRules(201)) - AtleastOneDatanodeReportedRule rule is successfully validated
2021-06-03 00:00:16,438 [EventQueue-OpenPipelineForHealthyPipelineSafeModeRule] INFO  safemode.SCMSafeModeManager (HealthyPipelineSafeModeRule.java:process(130)) - SCM in safe mode. Healthy pipelines reported count is 0, required healthy pipeline reported count is 1
2021-06-03 00:00:16,454 [EventQueue-PipelineReportForOneReplicaPipelineSafeModeRule] INFO  safemode.SCMSafeModeManager (SCMSafeModeManager.java:validateSafeModeExitRules(201)) - AtleastOneDatanodeReportedRule rule is successfully validated
2021-06-03 00:00:16,454 [EventQueue-OpenPipelineForHealthyPipelineSafeModeRule] INFO  safemode.SCMSafeModeManager (HealthyPipelineSafeModeRule.java:process(130)) - SCM in safe mode. Healthy pipelines reported count is 0, required healthy pipeline reported count is 1
2021-06-03 00:00:16,503 [EventQueue-PipelineReportForOneReplicaPipelineSafeModeRule] INFO  safemode.SCMSafeModeManager (SCMSafeModeManager.java:validateSafeModeExitRules(201)) - AtleastOneDatanodeReportedRule rule is successfully validated
2021-06-03 00:00:16,503 [EventQueue-OpenPipelineForHealthyPipelineSafeModeRule] INFO  safemode.SCMSafeModeManager (HealthyPipelineSafeModeRule.java:process(130)) - SCM in safe mode. Healthy pipelines reported count is 0, required healthy pipeline reported count is 1
2021-06-03 00:00:16,537 [EventQueue-PipelineReportForOneReplicaPipelineSafeModeRule] INFO  safemode.SCMSafeModeManager (SCMSafeModeManager.java:validateSafeModeExitRules(201)) - AtleastOneDatanodeReportedRule rule is successfully validated
2021-06-03 00:00:16,537 [EventQueue-OpenPipelineForHealthyPipelineSafeModeRule] INFO  safemode.SCMSafeModeManager (HealthyPipelineSafeModeRule.java:process(130)) - SCM in safe mode. Healthy pipelines reported count is 0, required healthy pipeline reported count is 1
2021-06-03 00:00:16,539 [EventQueue-PipelineReportForOneReplicaPipelineSafeModeRule] INFO  safemode.SCMSafeModeManager (SCMSafeModeManager.java:validateSafeModeExitRules(201)) - AtleastOneDatanodeReportedRule rule is successfully validated
2021-06-03 00:00:16,539 [EventQueue-OpenPipelineForHealthyPipelineSafeModeRule] INFO  safemode.SCMSafeModeManager (HealthyPipelineSafeModeRule.java:process(130)) - SCM in safe mode. Healthy pipelines reported count is 0, required healthy pipeline reported count is 1
2021-06-03 00:00:16,573 [EventQueue-PipelineReportForOneReplicaPipelineSafeModeRule] INFO  safemode.SCMSafeModeManager (SCMSafeModeManager.java:validateSafeModeExitRules(201)) - AtleastOneDatanodeReportedRule rule is successfully validated
2021-06-03 00:00:16,574 [EventQueue-OpenPipelineForHealthyPipelineSafeModeRule] INFO  safemode.SCMSafeModeManager (HealthyPipelineSafeModeRule.java:process(130)) - SCM in safe mode. Healthy pipelines reported count is 0, required healthy pipeline reported count is 1
2021-06-03 00:00:16,590 [EventQueue-PipelineReportForOneReplicaPipelineSafeModeRule] INFO  safemode.SCMSafeModeManager (SCMSafeModeManager.java:validateSafeModeExitRules(201)) - AtleastOneDatanodeReportedRule rule is successfully validated
2021-06-03 00:00:16,591 [EventQueue-OpenPipelineForHealthyPipelineSafeModeRule] INFO  safemode.SCMSafeModeManager (HealthyPipelineSafeModeRule.java:process(130)) - SCM in safe mode. Healthy pipelines reported count is 0, required healthy pipeline reported count is 1
2021-06-03 00:00:16,597 [EventQueue-PipelineReportForOneReplicaPipelineSafeModeRule] INFO  safemode.SCMSafeModeManager (SCMSafeModeManager.java:validateSafeModeExitRules(201)) - AtleastOneDatanodeReportedRule rule is successfully validated
2021-06-03 00:00:16,597 [EventQueue-OpenPipelineForHealthyPipelineSafeModeRule] INFO  safemode.SCMSafeModeManager (HealthyPipelineSafeModeRule.java:process(130)) - SCM in safe mode. Healthy pipelines reported count is 0, required healthy pipeline reported count is 1
2021-06-03 00:00:16,616 [EventQueue-PipelineReportForOneReplicaPipelineSafeModeRule] INFO  safemode.SCMSafeModeManager (SCMSafeModeManager.java:validateSafeModeExitRules(201)) - AtleastOneDatanodeReportedRule rule is successfully validated
2021-06-03 00:00:16,616 [EventQueue-OpenPipelineForHealthyPipelineSafeModeRule] INFO  safemode.SCMSafeModeManager (HealthyPipelineSafeModeRule.java:process(130)) - SCM in safe mode. Healthy pipelines reported count is 0, required healthy pipeline reported count is 1
2021-06-03 00:00:16,618 [EventQueue-PipelineReportForOneReplicaPipelineSafeModeRule] INFO  safemode.SCMSafeModeManager (SCMSafeModeManager.java:validateSafeModeExitRules(201)) - AtleastOneDatanodeReportedRule rule is successfully validated
2021-06-03 00:00:16,618 [EventQueue-OpenPipelineForHealthyPipelineSafeModeRule] INFO  safemode.SCMSafeModeManager (HealthyPipelineSafeModeRule.java:process(130)) - SCM in safe mode. Healthy pipelines reported count is 0, required healthy pipeline reported count is 1
2021-06-03 00:00:16,639 [EventQueue-PipelineReportForOneReplicaPipelineSafeModeRule] INFO  safemode.SCMSafeModeManager (SCMSafeModeManager.java:validateSafeModeExitRules(201)) - AtleastOneDatanodeReportedRule rule is successfully validated
2021-06-03 00:00:16,639 [EventQueue-OpenPipelineForHealthyPipelineSafeModeRule] INFO  safemode.SCMSafeModeManager (HealthyPipelineSafeModeRule.java:process(130)) - SCM in safe mode. Healthy pipelines reported count is 0, required healthy pipeline reported count is 1
2021-06-03 00:00:16,654 [EventQueue-PipelineReportForOneReplicaPipelineSafeModeRule] INFO  safemode.SCMSafeModeManager (SCMSafeModeManager.java:validateSafeModeExitRules(201)) - AtleastOneDatanodeReportedRule rule is successfully validated
2021-06-03 00:00:16,655 [EventQueue-OpenPipelineForHealthyPipelineSafeModeRule] INFO  safemode.SCMSafeModeManager (HealthyPipelineSafeModeRule.java:process(130)) - SCM in safe mode. Healthy pipelines reported count is 0, required healthy pipeline reported count is 1
2021-06-03 00:00:16,703 [EventQueue-PipelineReportForOneReplicaPipelineSafeModeRule] INFO  safemode.SCMSafeModeManager (SCMSafeModeManager.java:validateSafeModeExitRules(201)) - AtleastOneDatanodeReportedRule rule is successfully validated
2021-06-03 00:00:16,703 [EventQueue-OpenPipelineForHealthyPipelineSafeModeRule] INFO  safemode.SCMSafeModeManager (HealthyPipelineSafeModeRule.java:process(130)) - SCM in safe mode. Healthy pipelines reported count is 0, required healthy pipeline reported count is 1
2021-06-03 00:00:16,738 [EventQueue-OpenPipelineForHealthyPipelineSafeModeRule] INFO  safemode.SCMSafeModeManager (HealthyPipelineSafeModeRule.java:process(130)) - SCM in safe mode. Healthy pipelines reported count is 0, required healthy pipeline reported count is 1
2021-06-03 00:00:16,739 [EventQueue-PipelineReportForOneReplicaPipelineSafeModeRule] INFO  safemode.SCMSafeModeManager (SCMSafeModeManager.java:validateSafeModeExitRules(201)) - AtleastOneDatanodeReportedRule rule is successfully validated
2021-06-03 00:00:16,740 [EventQueue-OpenPipelineForHealthyPipelineSafeModeRule] INFO  safemode.SCMSafeModeManager (HealthyPipelineSafeModeRule.java:process(130)) - SCM in safe mode. Healthy pipelines reported count is 0, required healthy pipeline reported count is 1
2021-06-03 00:00:16,740 [EventQueue-PipelineReportForOneReplicaPipelineSafeModeRule] INFO  safemode.SCMSafeModeManager (SCMSafeModeManager.java:validateSafeModeExitRules(201)) - AtleastOneDatanodeReportedRule rule is successfully validated
2021-06-03 00:00:16,773 [EventQueue-OpenPipelineForHealthyPipelineSafeModeRule] INFO  safemode.SCMSafeModeManager (HealthyPipelineSafeModeRule.java:process(130)) - SCM in safe mode. Healthy pipelines reported count is 0, required healthy pipeline reported count is 1
2021-06-03 00:00:16,773 [EventQueue-PipelineReportForOneReplicaPipelineSafeModeRule] INFO  safemode.SCMSafeModeManager (SCMSafeModeManager.java:validateSafeModeExitRules(201)) - AtleastOneDatanodeReportedRule rule is successfully validated
2021-06-03 00:00:16,790 [EventQueue-PipelineReportForOneReplicaPipelineSafeModeRule] INFO  safemode.SCMSafeModeManager (SCMSafeModeManager.java:validateSafeModeExitRules(201)) - AtleastOneDatanodeReportedRule rule is successfully validated
2021-06-03 00:00:16,791 [EventQueue-OpenPipelineForHealthyPipelineSafeModeRule] INFO  safemode.SCMSafeModeManager (HealthyPipelineSafeModeRule.java:process(130)) - SCM in safe mode. Healthy pipelines reported count is 0, required healthy pipeline reported count is 1
2021-06-03 00:00:16,797 [EventQueue-PipelineReportForOneReplicaPipelineSafeModeRule] INFO  safemode.SCMSafeModeManager (SCMSafeModeManager.java:validateSafeModeExitRules(201)) - AtleastOneDatanodeReportedRule rule is successfully validated
2021-06-03 00:00:16,798 [EventQueue-OpenPipelineForHealthyPipelineSafeModeRule] INFO  safemode.SCMSafeModeManager (HealthyPipelineSafeModeRule.java:process(130)) - SCM in safe mode. Healthy pipelines reported count is 0, required healthy pipeline reported count is 1
2021-06-03 00:00:16,816 [EventQueue-OpenPipelineForHealthyPipelineSafeModeRule] INFO  safemode.SCMSafeModeManager (HealthyPipelineSafeModeRule.java:process(130)) - SCM in safe mode. Healthy pipelines reported count is 0, required healthy pipeline reported count is 1
2021-06-03 00:00:16,816 [EventQueue-PipelineReportForOneReplicaPipelineSafeModeRule] INFO  safemode.SCMSafeModeManager (SCMSafeModeManager.java:validateSafeModeExitRules(201)) - AtleastOneDatanodeReportedRule rule is successfully validated
2021-06-03 00:00:16,817 [EventQueue-PipelineReportForOneReplicaPipelineSafeModeRule] INFO  safemode.SCMSafeModeManager (SCMSafeModeManager.java:validateSafeModeExitRules(201)) - AtleastOneDatanodeReportedRule rule is successfully validated
2021-06-03 00:00:16,817 [EventQueue-OpenPipelineForHealthyPipelineSafeModeRule] INFO  safemode.SCMSafeModeManager (HealthyPipelineSafeModeRule.java:process(130)) - SCM in safe mode. Healthy pipelines reported count is 0, required healthy pipeline reported count is 1
2021-06-03 00:00:16,838 [EventQueue-PipelineReportForOneReplicaPipelineSafeModeRule] INFO  safemode.SCMSafeModeManager (SCMSafeModeManager.java:validateSafeModeExitRules(201)) - AtleastOneDatanodeReportedRule rule is successfully validated
2021-06-03 00:00:16,839 [EventQueue-OpenPipelineForHealthyPipelineSafeModeRule] INFO  safemode.SCMSafeModeManager (HealthyPipelineSafeModeRule.java:process(130)) - SCM in safe mode. Healthy pipelines reported count is 0, required healthy pipeline reported count is 1
2021-06-03 00:00:16,855 [EventQueue-PipelineReportForOneReplicaPipelineSafeModeRule] INFO  safemode.SCMSafeModeManager (SCMSafeModeManager.java:validateSafeModeExitRules(201)) - AtleastOneDatanodeReportedRule rule is successfully validated
2021-06-03 00:00:16,855 [EventQueue-OpenPipelineForHealthyPipelineSafeModeRule] INFO  safemode.SCMSafeModeManager (HealthyPipelineSafeModeRule.java:process(130)) - SCM in safe mode. Healthy pipelines reported count is 0, required healthy pipeline reported count is 1
2021-06-03 00:00:16,902 [EventQueue-PipelineReportForOneReplicaPipelineSafeModeRule] INFO  safemode.SCMSafeModeManager (SCMSafeModeManager.java:validateSafeModeExitRules(201)) - AtleastOneDatanodeReportedRule rule is successfully validated
2021-06-03 00:00:16,903 [EventQueue-OpenPipelineForHealthyPipelineSafeModeRule] INFO  safemode.SCMSafeModeManager (HealthyPipelineSafeModeRule.java:process(130)) - SCM in safe mode. Healthy pipelines reported count is 0, required healthy pipeline reported count is 1
2021-06-03 00:00:16,937 [EventQueue-PipelineReportForOneReplicaPipelineSafeModeRule] INFO  safemode.SCMSafeModeManager (SCMSafeModeManager.java:validateSafeModeExitRules(201)) - AtleastOneDatanodeReportedRule rule is successfully validated
2021-06-03 00:00:16,937 [EventQueue-OpenPipelineForHealthyPipelineSafeModeRule] INFO  safemode.SCMSafeModeManager (HealthyPipelineSafeModeRule.java:process(130)) - SCM in safe mode. Healthy pipelines reported count is 0, required healthy pipeline reported count is 1
2021-06-03 00:00:16,939 [EventQueue-OpenPipelineForHealthyPipelineSafeModeRule] INFO  safemode.SCMSafeModeManager (HealthyPipelineSafeModeRule.java:process(130)) - SCM in safe mode. Healthy pipelines reported count is 0, required healthy pipeline reported count is 1
2021-06-03 00:00:16,939 [EventQueue-PipelineReportForOneReplicaPipelineSafeModeRule] INFO  safemode.SCMSafeModeManager (SCMSafeModeManager.java:validateSafeModeExitRules(201)) - AtleastOneDatanodeReportedRule rule is successfully validated
2021-06-03 00:00:16,973 [EventQueue-OpenPipelineForHealthyPipelineSafeModeRule] INFO  safemode.SCMSafeModeManager (HealthyPipelineSafeModeRule.java:process(130)) - SCM in safe mode. Healthy pipelines reported count is 0, required healthy pipeline reported count is 1
2021-06-03 00:00:16,974 [EventQueue-PipelineReportForOneReplicaPipelineSafeModeRule] INFO  safemode.SCMSafeModeManager (SCMSafeModeManager.java:validateSafeModeExitRules(201)) - AtleastOneDatanodeReportedRule rule is successfully validated
2021-06-03 00:00:16,990 [EventQueue-PipelineReportForOneReplicaPipelineSafeModeRule] INFO  safemode.SCMSafeModeManager (SCMSafeModeManager.java:validateSafeModeExitRules(201)) - AtleastOneDatanodeReportedRule rule is successfully validated
2021-06-03 00:00:16,990 [EventQueue-OpenPipelineForHealthyPipelineSafeModeRule] INFO  safemode.SCMSafeModeManager (HealthyPipelineSafeModeRule.java:process(130)) - SCM in safe mode. Healthy pipelines reported count is 0, required healthy pipeline reported count is 1
2021-06-03 00:00:16,997 [EventQueue-OpenPipelineForHealthyPipelineSafeModeRule] INFO  safemode.SCMSafeModeManager (HealthyPipelineSafeModeRule.java:process(130)) - SCM in safe mode. Healthy pipelines reported count is 0, required healthy pipeline reported count is 1
2021-06-03 00:00:16,998 [EventQueue-PipelineReportForOneReplicaPipelineSafeModeRule] INFO  safemode.SCMSafeModeManager (SCMSafeModeManager.java:validateSafeModeExitRules(201)) - AtleastOneDatanodeReportedRule rule is successfully validated
2021-06-03 00:00:17,017 [EventQueue-PipelineReportForOneReplicaPipelineSafeModeRule] INFO  safemode.SCMSafeModeManager (SCMSafeModeManager.java:validateSafeModeExitRules(201)) - AtleastOneDatanodeReportedRule rule is successfully validated
2021-06-03 00:00:17,017 [EventQueue-OpenPipelineForHealthyPipelineSafeModeRule] INFO  safemode.SCMSafeModeManager (HealthyPipelineSafeModeRule.java:process(130)) - SCM in safe mode. Healthy pipelines reported count is 0, required healthy pipeline reported count is 1
2021-06-03 00:00:17,018 [EventQueue-OpenPipelineForHealthyPipelineSafeModeRule] INFO  safemode.SCMSafeModeManager (HealthyPipelineSafeModeRule.java:process(130)) - SCM in safe mode. Healthy pipelines reported count is 0, required healthy pipeline reported count is 1
2021-06-03 00:00:17,018 [EventQueue-PipelineReportForOneReplicaPipelineSafeModeRule] INFO  safemode.SCMSafeModeManager (SCMSafeModeManager.java:validateSafeModeExitRules(201)) - AtleastOneDatanodeReportedRule rule is successfully validated
2021-06-03 00:00:17,039 [EventQueue-OpenPipelineForHealthyPipelineSafeModeRule] INFO  safemode.SCMSafeModeManager (HealthyPipelineSafeModeRule.java:process(130)) - SCM in safe mode. Healthy pipelines reported count is 0, required healthy pipeline reported count is 1
2021-06-03 00:00:17,039 [EventQueue-PipelineReportForOneReplicaPipelineSafeModeRule] INFO  safemode.SCMSafeModeManager (SCMSafeModeManager.java:validateSafeModeExitRules(201)) - AtleastOneDatanodeReportedRule rule is successfully validated
2021-06-03 00:00:17,054 [EventQueue-OpenPipelineForHealthyPipelineSafeModeRule] INFO  safemode.SCMSafeModeManager (HealthyPipelineSafeModeRule.java:process(130)) - SCM in safe mode. Healthy pipelines reported count is 0, required healthy pipeline reported count is 1
2021-06-03 00:00:17,054 [EventQueue-PipelineReportForOneReplicaPipelineSafeModeRule] INFO  safemode.SCMSafeModeManager (SCMSafeModeManager.java:validateSafeModeExitRules(201)) - AtleastOneDatanodeReportedRule rule is successfully validated
2021-06-03 00:00:17,102 [EventQueue-PipelineReportForOneReplicaPipelineSafeModeRule] INFO  safemode.SCMSafeModeManager (SCMSafeModeManager.java:validateSafeModeExitRules(201)) - AtleastOneDatanodeReportedRule rule is successfully validated
2021-06-03 00:00:17,103 [EventQueue-OpenPipelineForHealthyPipelineSafeModeRule] INFO  safemode.SCMSafeModeManager (HealthyPipelineSafeModeRule.java:process(130)) - SCM in safe mode. Healthy pipelines reported count is 0, required healthy pipeline reported count is 1
2021-06-03 00:00:17,138 [EventQueue-OpenPipelineForHealthyPipelineSafeModeRule] INFO  safemode.SCMSafeModeManager (HealthyPipelineSafeModeRule.java:process(130)) - SCM in safe mode. Healthy pipelines reported count is 0, required healthy pipeline reported count is 1
2021-06-03 00:00:17,138 [EventQueue-PipelineReportForOneReplicaPipelineSafeModeRule] INFO  safemode.SCMSafeModeManager (SCMSafeModeManager.java:validateSafeModeExitRules(201)) - AtleastOneDatanodeReportedRule rule is successfully validated
2021-06-03 00:00:17,139 [EventQueue-PipelineReportForOneReplicaPipelineSafeModeRule] INFO  safemode.SCMSafeModeManager (SCMSafeModeManager.java:validateSafeModeExitRules(201)) - AtleastOneDatanodeReportedRule rule is successfully validated
2021-06-03 00:00:17,139 [EventQueue-OpenPipelineForHealthyPipelineSafeModeRule] INFO  safemode.SCMSafeModeManager (HealthyPipelineSafeModeRule.java:process(130)) - SCM in safe mode. Healthy pipelines reported count is 0, required healthy pipeline reported count is 1
2021-06-03 00:00:17,174 [EventQueue-OpenPipelineForHealthyPipelineSafeModeRule] INFO  safemode.SCMSafeModeManager (HealthyPipelineSafeModeRule.java:process(130)) - SCM in safe mode. Healthy pipelines reported count is 0, required healthy pipeline reported count is 1
2021-06-03 00:00:17,174 [EventQueue-PipelineReportForOneReplicaPipelineSafeModeRule] INFO  safemode.SCMSafeModeManager (SCMSafeModeManager.java:validateSafeModeExitRules(201)) - AtleastOneDatanodeReportedRule rule is successfully validated
2021-06-03 00:00:17,175 [Listener at 127.0.0.1/45991] INFO  ozone.MiniOzoneClusterImpl (MiniOzoneClusterImpl.java:lambda$waitForClusterToBeReady$0(224)) - Nodes are ready. Got 10 of 10 DN Heartbeats.
2021-06-03 00:00:17,175 [Listener at 127.0.0.1/45991] INFO  ozone.MiniOzoneClusterImpl (MiniOzoneClusterImpl.java:lambda$waitForClusterToBeReady$0(227)) - Waiting for cluster to exit safe mode
2021-06-03 00:00:17,175 [Listener at 127.0.0.1/45991] INFO  ozone.MiniOzoneClusterImpl (MiniOzoneClusterImpl.java:lambda$waitForClusterToBeReady$0(230)) - SCM became leader
2021-06-03 00:00:17,190 [EventQueue-PipelineReportForOneReplicaPipelineSafeModeRule] INFO  safemode.SCMSafeModeManager (SCMSafeModeManager.java:validateSafeModeExitRules(201)) - AtleastOneDatanodeReportedRule rule is successfully validated
2021-06-03 00:00:17,191 [EventQueue-OpenPipelineForHealthyPipelineSafeModeRule] INFO  safemode.SCMSafeModeManager (HealthyPipelineSafeModeRule.java:process(130)) - SCM in safe mode. Healthy pipelines reported count is 0, required healthy pipeline reported count is 1
2021-06-03 00:00:17,197 [EventQueue-PipelineReportForOneReplicaPipelineSafeModeRule] INFO  safemode.SCMSafeModeManager (SCMSafeModeManager.java:validateSafeModeExitRules(201)) - AtleastOneDatanodeReportedRule rule is successfully validated
2021-06-03 00:00:17,198 [EventQueue-OpenPipelineForHealthyPipelineSafeModeRule] INFO  safemode.SCMSafeModeManager (HealthyPipelineSafeModeRule.java:process(130)) - SCM in safe mode. Healthy pipelines reported count is 0, required healthy pipeline reported count is 1
2021-06-03 00:00:17,217 [EventQueue-OpenPipelineForHealthyPipelineSafeModeRule] INFO  safemode.SCMSafeModeManager (HealthyPipelineSafeModeRule.java:process(130)) - SCM in safe mode. Healthy pipelines reported count is 0, required healthy pipeline reported count is 1
2021-06-03 00:00:17,217 [EventQueue-PipelineReportForOneReplicaPipelineSafeModeRule] INFO  safemode.SCMSafeModeManager (SCMSafeModeManager.java:validateSafeModeExitRules(201)) - AtleastOneDatanodeReportedRule rule is successfully validated
2021-06-03 00:00:17,218 [EventQueue-PipelineReportForOneReplicaPipelineSafeModeRule] INFO  safemode.SCMSafeModeManager (SCMSafeModeManager.java:validateSafeModeExitRules(201)) - AtleastOneDatanodeReportedRule rule is successfully validated
2021-06-03 00:00:17,218 [EventQueue-OpenPipelineForHealthyPipelineSafeModeRule] INFO  safemode.SCMSafeModeManager (HealthyPipelineSafeModeRule.java:process(130)) - SCM in safe mode. Healthy pipelines reported count is 0, required healthy pipeline reported count is 1
2021-06-03 00:00:17,238 [EventQueue-PipelineReportForOneReplicaPipelineSafeModeRule] INFO  safemode.SCMSafeModeManager (SCMSafeModeManager.java:validateSafeModeExitRules(201)) - AtleastOneDatanodeReportedRule rule is successfully validated
2021-06-03 00:00:17,238 [EventQueue-OpenPipelineForHealthyPipelineSafeModeRule] INFO  safemode.SCMSafeModeManager (HealthyPipelineSafeModeRule.java:process(130)) - SCM in safe mode. Healthy pipelines reported count is 0, required healthy pipeline reported count is 1
2021-06-03 00:00:17,255 [EventQueue-PipelineReportForOneReplicaPipelineSafeModeRule] INFO  safemode.SCMSafeModeManager (SCMSafeModeManager.java:validateSafeModeExitRules(201)) - AtleastOneDatanodeReportedRule rule is successfully validated
2021-06-03 00:00:17,255 [EventQueue-OpenPipelineForHealthyPipelineSafeModeRule] INFO  safemode.SCMSafeModeManager (HealthyPipelineSafeModeRule.java:process(130)) - SCM in safe mode. Healthy pipelines reported count is 0, required healthy pipeline reported count is 1
2021-06-03 00:00:17,302 [EventQueue-PipelineReportForOneReplicaPipelineSafeModeRule] INFO  safemode.SCMSafeModeManager (SCMSafeModeManager.java:validateSafeModeExitRules(201)) - AtleastOneDatanodeReportedRule rule is successfully validated
2021-06-03 00:00:17,302 [EventQueue-OpenPipelineForHealthyPipelineSafeModeRule] INFO  safemode.SCMSafeModeManager (HealthyPipelineSafeModeRule.java:process(130)) - SCM in safe mode. Healthy pipelines reported count is 0, required healthy pipeline reported count is 1
2021-06-03 00:00:17,338 [EventQueue-PipelineReportForOneReplicaPipelineSafeModeRule] INFO  safemode.SCMSafeModeManager (SCMSafeModeManager.java:validateSafeModeExitRules(201)) - AtleastOneDatanodeReportedRule rule is successfully validated
2021-06-03 00:00:17,338 [EventQueue-OpenPipelineForHealthyPipelineSafeModeRule] INFO  safemode.SCMSafeModeManager (HealthyPipelineSafeModeRule.java:process(130)) - SCM in safe mode. Healthy pipelines reported count is 0, required healthy pipeline reported count is 1
2021-06-03 00:00:17,339 [EventQueue-OpenPipelineForHealthyPipelineSafeModeRule] INFO  safemode.SCMSafeModeManager (HealthyPipelineSafeModeRule.java:process(130)) - SCM in safe mode. Healthy pipelines reported count is 0, required healthy pipeline reported count is 1
2021-06-03 00:00:17,339 [EventQueue-PipelineReportForOneReplicaPipelineSafeModeRule] INFO  safemode.SCMSafeModeManager (SCMSafeModeManager.java:validateSafeModeExitRules(201)) - AtleastOneDatanodeReportedRule rule is successfully validated
2021-06-03 00:00:17,374 [EventQueue-OpenPipelineForHealthyPipelineSafeModeRule] INFO  safemode.SCMSafeModeManager (HealthyPipelineSafeModeRule.java:process(130)) - SCM in safe mode. Healthy pipelines reported count is 0, required healthy pipeline reported count is 1
2021-06-03 00:00:17,374 [EventQueue-PipelineReportForOneReplicaPipelineSafeModeRule] INFO  safemode.SCMSafeModeManager (SCMSafeModeManager.java:validateSafeModeExitRules(201)) - AtleastOneDatanodeReportedRule rule is successfully validated
2021-06-03 00:00:17,390 [EventQueue-PipelineReportForOneReplicaPipelineSafeModeRule] INFO  safemode.SCMSafeModeManager (SCMSafeModeManager.java:validateSafeModeExitRules(201)) - AtleastOneDatanodeReportedRule rule is successfully validated
2021-06-03 00:00:17,390 [EventQueue-OpenPipelineForHealthyPipelineSafeModeRule] INFO  safemode.SCMSafeModeManager (HealthyPipelineSafeModeRule.java:process(130)) - SCM in safe mode. Healthy pipelines reported count is 0, required healthy pipeline reported count is 1
2021-06-03 00:00:17,397 [EventQueue-OpenPipelineForHealthyPipelineSafeModeRule] INFO  safemode.SCMSafeModeManager (HealthyPipelineSafeModeRule.java:process(130)) - SCM in safe mode. Healthy pipelines reported count is 0, required healthy pipeline reported count is 1
2021-06-03 00:00:17,397 [EventQueue-PipelineReportForOneReplicaPipelineSafeModeRule] INFO  safemode.SCMSafeModeManager (SCMSafeModeManager.java:validateSafeModeExitRules(201)) - AtleastOneDatanodeReportedRule rule is successfully validated
2021-06-03 00:00:17,416 [EventQueue-PipelineReportForOneReplicaPipelineSafeModeRule] INFO  safemode.SCMSafeModeManager (SCMSafeModeManager.java:validateSafeModeExitRules(201)) - AtleastOneDatanodeReportedRule rule is successfully validated
2021-06-03 00:00:17,417 [EventQueue-PipelineReportForOneReplicaPipelineSafeModeRule] INFO  safemode.SCMSafeModeManager (SCMSafeModeManager.java:validateSafeModeExitRules(201)) - AtleastOneDatanodeReportedRule rule is successfully validated
2021-06-03 00:00:17,418 [EventQueue-OpenPipelineForHealthyPipelineSafeModeRule] INFO  safemode.SCMSafeModeManager (HealthyPipelineSafeModeRule.java:process(130)) - SCM in safe mode. Healthy pipelines reported count is 0, required healthy pipeline reported count is 1
2021-06-03 00:00:17,418 [EventQueue-OpenPipelineForHealthyPipelineSafeModeRule] INFO  safemode.SCMSafeModeManager (HealthyPipelineSafeModeRule.java:process(130)) - SCM in safe mode. Healthy pipelines reported count is 0, required healthy pipeline reported count is 1
2021-06-03 00:00:17,438 [EventQueue-PipelineReportForOneReplicaPipelineSafeModeRule] INFO  safemode.SCMSafeModeManager (SCMSafeModeManager.java:validateSafeModeExitRules(201)) - AtleastOneDatanodeReportedRule rule is successfully validated
2021-06-03 00:00:17,439 [EventQueue-OpenPipelineForHealthyPipelineSafeModeRule] INFO  safemode.SCMSafeModeManager (HealthyPipelineSafeModeRule.java:process(130)) - SCM in safe mode. Healthy pipelines reported count is 0, required healthy pipeline reported count is 1
2021-06-03 00:00:17,454 [EventQueue-PipelineReportForOneReplicaPipelineSafeModeRule] INFO  safemode.SCMSafeModeManager (SCMSafeModeManager.java:validateSafeModeExitRules(201)) - AtleastOneDatanodeReportedRule rule is successfully validated
2021-06-03 00:00:17,454 [EventQueue-OpenPipelineForHealthyPipelineSafeModeRule] INFO  safemode.SCMSafeModeManager (HealthyPipelineSafeModeRule.java:process(130)) - SCM in safe mode. Healthy pipelines reported count is 0, required healthy pipeline reported count is 1
2021-06-03 00:00:17,503 [EventQueue-PipelineReportForOneReplicaPipelineSafeModeRule] INFO  safemode.SCMSafeModeManager (SCMSafeModeManager.java:validateSafeModeExitRules(201)) - AtleastOneDatanodeReportedRule rule is successfully validated
2021-06-03 00:00:17,504 [EventQueue-OpenPipelineForHealthyPipelineSafeModeRule] INFO  safemode.SCMSafeModeManager (HealthyPipelineSafeModeRule.java:process(130)) - SCM in safe mode. Healthy pipelines reported count is 0, required healthy pipeline reported count is 1
2021-06-03 00:00:17,539 [EventQueue-OpenPipelineForHealthyPipelineSafeModeRule] INFO  safemode.SCMSafeModeManager (HealthyPipelineSafeModeRule.java:process(130)) - SCM in safe mode. Healthy pipelines reported count is 0, required healthy pipeline reported count is 1
2021-06-03 00:00:17,539 [EventQueue-PipelineReportForOneReplicaPipelineSafeModeRule] INFO  safemode.SCMSafeModeManager (SCMSafeModeManager.java:validateSafeModeExitRules(201)) - AtleastOneDatanodeReportedRule rule is successfully validated
2021-06-03 00:00:17,539 [EventQueue-PipelineReportForOneReplicaPipelineSafeModeRule] INFO  safemode.SCMSafeModeManager (SCMSafeModeManager.java:validateSafeModeExitRules(201)) - AtleastOneDatanodeReportedRule rule is successfully validated
2021-06-03 00:00:17,540 [EventQueue-OpenPipelineForHealthyPipelineSafeModeRule] INFO  safemode.SCMSafeModeManager (HealthyPipelineSafeModeRule.java:process(130)) - SCM in safe mode. Healthy pipelines reported count is 0, required healthy pipeline reported count is 1
2021-06-03 00:00:17,574 [EventQueue-PipelineReportForOneReplicaPipelineSafeModeRule] INFO  safemode.SCMSafeModeManager (SCMSafeModeManager.java:validateSafeModeExitRules(201)) - AtleastOneDatanodeReportedRule rule is successfully validated
2021-06-03 00:00:17,574 [EventQueue-OpenPipelineForHealthyPipelineSafeModeRule] INFO  safemode.SCMSafeModeManager (HealthyPipelineSafeModeRule.java:process(130)) - SCM in safe mode. Healthy pipelines reported count is 0, required healthy pipeline reported count is 1
2021-06-03 00:00:17,590 [EventQueue-PipelineReportForOneReplicaPipelineSafeModeRule] INFO  safemode.SCMSafeModeManager (SCMSafeModeManager.java:validateSafeModeExitRules(201)) - AtleastOneDatanodeReportedRule rule is successfully validated
2021-06-03 00:00:17,591 [EventQueue-OpenPipelineForHealthyPipelineSafeModeRule] INFO  safemode.SCMSafeModeManager (HealthyPipelineSafeModeRule.java:process(130)) - SCM in safe mode. Healthy pipelines reported count is 0, required healthy pipeline reported count is 1
2021-06-03 00:00:17,597 [EventQueue-PipelineReportForOneReplicaPipelineSafeModeRule] INFO  safemode.SCMSafeModeManager (SCMSafeModeManager.java:validateSafeModeExitRules(201)) - AtleastOneDatanodeReportedRule rule is successfully validated
2021-06-03 00:00:17,597 [EventQueue-OpenPipelineForHealthyPipelineSafeModeRule] INFO  safemode.SCMSafeModeManager (HealthyPipelineSafeModeRule.java:process(130)) - SCM in safe mode. Healthy pipelines reported count is 0, required healthy pipeline reported count is 1
2021-06-03 00:00:17,616 [EventQueue-PipelineReportForOneReplicaPipelineSafeModeRule] INFO  safemode.SCMSafeModeManager (SCMSafeModeManager.java:validateSafeModeExitRules(201)) - AtleastOneDatanodeReportedRule rule is successfully validated
2021-06-03 00:00:17,617 [EventQueue-OpenPipelineForHealthyPipelineSafeModeRule] INFO  safemode.SCMSafeModeManager (HealthyPipelineSafeModeRule.java:process(130)) - SCM in safe mode. Healthy pipelines reported count is 0, required healthy pipeline reported count is 1
2021-06-03 00:00:17,617 [EventQueue-PipelineReportForOneReplicaPipelineSafeModeRule] INFO  safemode.SCMSafeModeManager (SCMSafeModeManager.java:validateSafeModeExitRules(201)) - AtleastOneDatanodeReportedRule rule is successfully validated
2021-06-03 00:00:17,617 [EventQueue-OpenPipelineForHealthyPipelineSafeModeRule] INFO  safemode.SCMSafeModeManager (HealthyPipelineSafeModeRule.java:process(130)) - SCM in safe mode. Healthy pipelines reported count is 0, required healthy pipeline reported count is 1
2021-06-03 00:00:17,639 [EventQueue-PipelineReportForOneReplicaPipelineSafeModeRule] INFO  safemode.SCMSafeModeManager (SCMSafeModeManager.java:validateSafeModeExitRules(201)) - AtleastOneDatanodeReportedRule rule is successfully validated
2021-06-03 00:00:17,639 [EventQueue-OpenPipelineForHealthyPipelineSafeModeRule] INFO  safemode.SCMSafeModeManager (HealthyPipelineSafeModeRule.java:process(130)) - SCM in safe mode. Healthy pipelines reported count is 0, required healthy pipeline reported count is 1
2021-06-03 00:00:17,654 [EventQueue-PipelineReportForOneReplicaPipelineSafeModeRule] INFO  safemode.SCMSafeModeManager (SCMSafeModeManager.java:validateSafeModeExitRules(201)) - AtleastOneDatanodeReportedRule rule is successfully validated
2021-06-03 00:00:17,654 [EventQueue-OpenPipelineForHealthyPipelineSafeModeRule] INFO  safemode.SCMSafeModeManager (HealthyPipelineSafeModeRule.java:process(130)) - SCM in safe mode. Healthy pipelines reported count is 0, required healthy pipeline reported count is 1
2021-06-03 00:00:17,704 [EventQueue-OpenPipelineForHealthyPipelineSafeModeRule] INFO  safemode.SCMSafeModeManager (HealthyPipelineSafeModeRule.java:process(130)) - SCM in safe mode. Healthy pipelines reported count is 0, required healthy pipeline reported count is 1
2021-06-03 00:00:17,704 [EventQueue-PipelineReportForOneReplicaPipelineSafeModeRule] INFO  safemode.SCMSafeModeManager (SCMSafeModeManager.java:validateSafeModeExitRules(201)) - AtleastOneDatanodeReportedRule rule is successfully validated
2021-06-03 00:00:17,740 [EventQueue-PipelineReportForOneReplicaPipelineSafeModeRule] INFO  safemode.SCMSafeModeManager (SCMSafeModeManager.java:validateSafeModeExitRules(201)) - AtleastOneDatanodeReportedRule rule is successfully validated
2021-06-03 00:00:17,740 [EventQueue-OpenPipelineForHealthyPipelineSafeModeRule] INFO  safemode.SCMSafeModeManager (HealthyPipelineSafeModeRule.java:process(130)) - SCM in safe mode. Healthy pipelines reported count is 0, required healthy pipeline reported count is 1
2021-06-03 00:00:17,740 [EventQueue-OpenPipelineForHealthyPipelineSafeModeRule] INFO  safemode.SCMSafeModeManager (HealthyPipelineSafeModeRule.java:process(130)) - SCM in safe mode. Healthy pipelines reported count is 0, required healthy pipeline reported count is 1
2021-06-03 00:00:17,741 [EventQueue-PipelineReportForOneReplicaPipelineSafeModeRule] INFO  safemode.SCMSafeModeManager (SCMSafeModeManager.java:validateSafeModeExitRules(201)) - AtleastOneDatanodeReportedRule rule is successfully validated
2021-06-03 00:00:17,773 [EventQueue-PipelineReportForOneReplicaPipelineSafeModeRule] INFO  safemode.SCMSafeModeManager (SCMSafeModeManager.java:validateSafeModeExitRules(201)) - AtleastOneDatanodeReportedRule rule is successfully validated
2021-06-03 00:00:17,773 [EventQueue-OpenPipelineForHealthyPipelineSafeModeRule] INFO  safemode.SCMSafeModeManager (HealthyPipelineSafeModeRule.java:process(130)) - SCM in safe mode. Healthy pipelines reported count is 0, required healthy pipeline reported count is 1
2021-06-03 00:00:17,790 [EventQueue-PipelineReportForOneReplicaPipelineSafeModeRule] INFO  safemode.SCMSafeModeManager (SCMSafeModeManager.java:validateSafeModeExitRules(201)) - AtleastOneDatanodeReportedRule rule is successfully validated
2021-06-03 00:00:17,790 [EventQueue-OpenPipelineForHealthyPipelineSafeModeRule] INFO  safemode.SCMSafeModeManager (HealthyPipelineSafeModeRule.java:process(130)) - SCM in safe mode. Healthy pipelines reported count is 0, required healthy pipeline reported count is 1
2021-06-03 00:00:17,797 [EventQueue-PipelineReportForOneReplicaPipelineSafeModeRule] INFO  safemode.SCMSafeModeManager (SCMSafeModeManager.java:validateSafeModeExitRules(201)) - AtleastOneDatanodeReportedRule rule is successfully validated
2021-06-03 00:00:17,798 [EventQueue-OpenPipelineForHealthyPipelineSafeModeRule] INFO  safemode.SCMSafeModeManager (HealthyPipelineSafeModeRule.java:process(130)) - SCM in safe mode. Healthy pipelines reported count is 0, required healthy pipeline reported count is 1
2021-06-03 00:00:17,816 [EventQueue-PipelineReportForOneReplicaPipelineSafeModeRule] INFO  safemode.SCMSafeModeManager (SCMSafeModeManager.java:validateSafeModeExitRules(201)) - AtleastOneDatanodeReportedRule rule is successfully validated
2021-06-03 00:00:17,816 [EventQueue-OpenPipelineForHealthyPipelineSafeModeRule] INFO  safemode.SCMSafeModeManager (HealthyPipelineSafeModeRule.java:process(130)) - SCM in safe mode. Healthy pipelines reported count is 0, required healthy pipeline reported count is 1
2021-06-03 00:00:17,817 [EventQueue-PipelineReportForOneReplicaPipelineSafeModeRule] INFO  safemode.SCMSafeModeManager (SCMSafeModeManager.java:validateSafeModeExitRules(201)) - AtleastOneDatanodeReportedRule rule is successfully validated
2021-06-03 00:00:17,817 [EventQueue-OpenPipelineForHealthyPipelineSafeModeRule] INFO  safemode.SCMSafeModeManager (HealthyPipelineSafeModeRule.java:process(130)) - SCM in safe mode. Healthy pipelines reported count is 0, required healthy pipeline reported count is 1
2021-06-03 00:00:17,839 [EventQueue-PipelineReportForOneReplicaPipelineSafeModeRule] INFO  safemode.SCMSafeModeManager (SCMSafeModeManager.java:validateSafeModeExitRules(201)) - AtleastOneDatanodeReportedRule rule is successfully validated
2021-06-03 00:00:17,839 [EventQueue-OpenPipelineForHealthyPipelineSafeModeRule] INFO  safemode.SCMSafeModeManager (HealthyPipelineSafeModeRule.java:process(130)) - SCM in safe mode. Healthy pipelines reported count is 0, required healthy pipeline reported count is 1
2021-06-03 00:00:17,855 [EventQueue-PipelineReportForOneReplicaPipelineSafeModeRule] INFO  safemode.SCMSafeModeManager (SCMSafeModeManager.java:validateSafeModeExitRules(201)) - AtleastOneDatanodeReportedRule rule is successfully validated
2021-06-03 00:00:17,855 [EventQueue-OpenPipelineForHealthyPipelineSafeModeRule] INFO  safemode.SCMSafeModeManager (HealthyPipelineSafeModeRule.java:process(130)) - SCM in safe mode. Healthy pipelines reported count is 0, required healthy pipeline reported count is 1
2021-06-03 00:00:17,905 [EventQueue-PipelineReportForOneReplicaPipelineSafeModeRule] INFO  safemode.SCMSafeModeManager (SCMSafeModeManager.java:validateSafeModeExitRules(201)) - AtleastOneDatanodeReportedRule rule is successfully validated
2021-06-03 00:00:17,905 [EventQueue-OpenPipelineForHealthyPipelineSafeModeRule] INFO  safemode.SCMSafeModeManager (HealthyPipelineSafeModeRule.java:process(130)) - SCM in safe mode. Healthy pipelines reported count is 0, required healthy pipeline reported count is 1
2021-06-03 00:00:17,939 [EventQueue-PipelineReportForOneReplicaPipelineSafeModeRule] INFO  safemode.SCMSafeModeManager (SCMSafeModeManager.java:validateSafeModeExitRules(201)) - AtleastOneDatanodeReportedRule rule is successfully validated
2021-06-03 00:00:17,939 [EventQueue-OpenPipelineForHealthyPipelineSafeModeRule] INFO  safemode.SCMSafeModeManager (HealthyPipelineSafeModeRule.java:process(130)) - SCM in safe mode. Healthy pipelines reported count is 0, required healthy pipeline reported count is 1
2021-06-03 00:00:17,940 [EventQueue-PipelineReportForOneReplicaPipelineSafeModeRule] INFO  safemode.SCMSafeModeManager (SCMSafeModeManager.java:validateSafeModeExitRules(201)) - AtleastOneDatanodeReportedRule rule is successfully validated
2021-06-03 00:00:17,940 [EventQueue-OpenPipelineForHealthyPipelineSafeModeRule] INFO  safemode.SCMSafeModeManager (HealthyPipelineSafeModeRule.java:process(130)) - SCM in safe mode. Healthy pipelines reported count is 0, required healthy pipeline reported count is 1
2021-06-03 00:00:17,974 [EventQueue-PipelineReportForOneReplicaPipelineSafeModeRule] INFO  safemode.SCMSafeModeManager (SCMSafeModeManager.java:validateSafeModeExitRules(201)) - AtleastOneDatanodeReportedRule rule is successfully validated
2021-06-03 00:00:17,974 [EventQueue-OpenPipelineForHealthyPipelineSafeModeRule] INFO  safemode.SCMSafeModeManager (HealthyPipelineSafeModeRule.java:process(130)) - SCM in safe mode. Healthy pipelines reported count is 0, required healthy pipeline reported count is 1
2021-06-03 00:00:17,990 [EventQueue-PipelineReportForOneReplicaPipelineSafeModeRule] INFO  safemode.SCMSafeModeManager (SCMSafeModeManager.java:validateSafeModeExitRules(201)) - AtleastOneDatanodeReportedRule rule is successfully validated
2021-06-03 00:00:17,990 [EventQueue-OpenPipelineForHealthyPipelineSafeModeRule] INFO  safemode.SCMSafeModeManager (HealthyPipelineSafeModeRule.java:process(130)) - SCM in safe mode. Healthy pipelines reported count is 0, required healthy pipeline reported count is 1
2021-06-03 00:00:17,999 [EventQueue-PipelineReportForOneReplicaPipelineSafeModeRule] INFO  safemode.SCMSafeModeManager (SCMSafeModeManager.java:validateSafeModeExitRules(201)) - AtleastOneDatanodeReportedRule rule is successfully validated
2021-06-03 00:00:17,999 [EventQueue-OpenPipelineForHealthyPipelineSafeModeRule] INFO  safemode.SCMSafeModeManager (HealthyPipelineSafeModeRule.java:process(130)) - SCM in safe mode. Healthy pipelines reported count is 0, required healthy pipeline reported count is 1
2021-06-03 00:00:18,016 [EventQueue-PipelineReportForOneReplicaPipelineSafeModeRule] INFO  safemode.SCMSafeModeManager (SCMSafeModeManager.java:validateSafeModeExitRules(201)) - AtleastOneDatanodeReportedRule rule is successfully validated
2021-06-03 00:00:18,016 [EventQueue-OpenPipelineForHealthyPipelineSafeModeRule] INFO  safemode.SCMSafeModeManager (HealthyPipelineSafeModeRule.java:process(130)) - SCM in safe mode. Healthy pipelines reported count is 0, required healthy pipeline reported count is 1
2021-06-03 00:00:18,017 [EventQueue-OpenPipelineForHealthyPipelineSafeModeRule] INFO  safemode.SCMSafeModeManager (HealthyPipelineSafeModeRule.java:process(130)) - SCM in safe mode. Healthy pipelines reported count is 0, required healthy pipeline reported count is 1
2021-06-03 00:00:18,017 [EventQueue-PipelineReportForOneReplicaPipelineSafeModeRule] INFO  safemode.SCMSafeModeManager (SCMSafeModeManager.java:validateSafeModeExitRules(201)) - AtleastOneDatanodeReportedRule rule is successfully validated
2021-06-03 00:00:18,038 [EventQueue-OpenPipelineForHealthyPipelineSafeModeRule] INFO  safemode.SCMSafeModeManager (HealthyPipelineSafeModeRule.java:process(130)) - SCM in safe mode. Healthy pipelines reported count is 0, required healthy pipeline reported count is 1
2021-06-03 00:00:18,038 [EventQueue-PipelineReportForOneReplicaPipelineSafeModeRule] INFO  safemode.SCMSafeModeManager (SCMSafeModeManager.java:validateSafeModeExitRules(201)) - AtleastOneDatanodeReportedRule rule is successfully validated
2021-06-03 00:00:18,054 [EventQueue-PipelineReportForOneReplicaPipelineSafeModeRule] INFO  safemode.SCMSafeModeManager (SCMSafeModeManager.java:validateSafeModeExitRules(201)) - AtleastOneDatanodeReportedRule rule is successfully validated
2021-06-03 00:00:18,054 [EventQueue-OpenPipelineForHealthyPipelineSafeModeRule] INFO  safemode.SCMSafeModeManager (HealthyPipelineSafeModeRule.java:process(130)) - SCM in safe mode. Healthy pipelines reported count is 0, required healthy pipeline reported count is 1
2021-06-03 00:00:18,104 [EventQueue-PipelineReportForOneReplicaPipelineSafeModeRule] INFO  safemode.SCMSafeModeManager (SCMSafeModeManager.java:validateSafeModeExitRules(201)) - AtleastOneDatanodeReportedRule rule is successfully validated
2021-06-03 00:00:18,105 [EventQueue-OpenPipelineForHealthyPipelineSafeModeRule] INFO  safemode.SCMSafeModeManager (HealthyPipelineSafeModeRule.java:process(130)) - SCM in safe mode. Healthy pipelines reported count is 0, required healthy pipeline reported count is 1
2021-06-03 00:00:18,140 [EventQueue-OpenPipelineForHealthyPipelineSafeModeRule] INFO  safemode.SCMSafeModeManager (HealthyPipelineSafeModeRule.java:process(130)) - SCM in safe mode. Healthy pipelines reported count is 0, required healthy pipeline reported count is 1
2021-06-03 00:00:18,140 [EventQueue-PipelineReportForOneReplicaPipelineSafeModeRule] INFO  safemode.SCMSafeModeManager (SCMSafeModeManager.java:validateSafeModeExitRules(201)) - AtleastOneDatanodeReportedRule rule is successfully validated
2021-06-03 00:00:18,141 [EventQueue-PipelineReportForOneReplicaPipelineSafeModeRule] INFO  safemode.SCMSafeModeManager (SCMSafeModeManager.java:validateSafeModeExitRules(201)) - AtleastOneDatanodeReportedRule rule is successfully validated
2021-06-03 00:00:18,141 [EventQueue-OpenPipelineForHealthyPipelineSafeModeRule] INFO  safemode.SCMSafeModeManager (HealthyPipelineSafeModeRule.java:process(130)) - SCM in safe mode. Healthy pipelines reported count is 0, required healthy pipeline reported count is 1
2021-06-03 00:00:18,173 [EventQueue-PipelineReportForOneReplicaPipelineSafeModeRule] INFO  safemode.SCMSafeModeManager (SCMSafeModeManager.java:validateSafeModeExitRules(201)) - AtleastOneDatanodeReportedRule rule is successfully validated
2021-06-03 00:00:18,173 [EventQueue-OpenPipelineForHealthyPipelineSafeModeRule] INFO  safemode.SCMSafeModeManager (HealthyPipelineSafeModeRule.java:process(130)) - SCM in safe mode. Healthy pipelines reported count is 0, required healthy pipeline reported count is 1
2021-06-03 00:00:18,176 [Listener at 127.0.0.1/45991] INFO  ozone.MiniOzoneClusterImpl (MiniOzoneClusterImpl.java:lambda$waitForClusterToBeReady$0(224)) - Nodes are ready. Got 10 of 10 DN Heartbeats.
2021-06-03 00:00:18,176 [Listener at 127.0.0.1/45991] INFO  ozone.MiniOzoneClusterImpl (MiniOzoneClusterImpl.java:lambda$waitForClusterToBeReady$0(227)) - Waiting for cluster to exit safe mode
2021-06-03 00:00:18,176 [Listener at 127.0.0.1/45991] INFO  ozone.MiniOzoneClusterImpl (MiniOzoneClusterImpl.java:lambda$waitForClusterToBeReady$0(230)) - SCM became leader
2021-06-03 00:00:18,191 [EventQueue-OpenPipelineForHealthyPipelineSafeModeRule] INFO  safemode.SCMSafeModeManager (HealthyPipelineSafeModeRule.java:process(130)) - SCM in safe mode. Healthy pipelines reported count is 0, required healthy pipeline reported count is 1
2021-06-03 00:00:18,191 [EventQueue-PipelineReportForOneReplicaPipelineSafeModeRule] INFO  safemode.SCMSafeModeManager (SCMSafeModeManager.java:validateSafeModeExitRules(201)) - AtleastOneDatanodeReportedRule rule is successfully validated
2021-06-03 00:00:18,199 [EventQueue-PipelineReportForOneReplicaPipelineSafeModeRule] INFO  safemode.SCMSafeModeManager (SCMSafeModeManager.java:validateSafeModeExitRules(201)) - AtleastOneDatanodeReportedRule rule is successfully validated
2021-06-03 00:00:18,199 [EventQueue-OpenPipelineForHealthyPipelineSafeModeRule] INFO  safemode.SCMSafeModeManager (HealthyPipelineSafeModeRule.java:process(130)) - SCM in safe mode. Healthy pipelines reported count is 0, required healthy pipeline reported count is 1
2021-06-03 00:00:18,216 [EventQueue-PipelineReportForOneReplicaPipelineSafeModeRule] INFO  safemode.SCMSafeModeManager (SCMSafeModeManager.java:validateSafeModeExitRules(201)) - AtleastOneDatanodeReportedRule rule is successfully validated
2021-06-03 00:00:18,216 [EventQueue-OpenPipelineForHealthyPipelineSafeModeRule] INFO  safemode.SCMSafeModeManager (HealthyPipelineSafeModeRule.java:process(130)) - SCM in safe mode. Healthy pipelines reported count is 0, required healthy pipeline reported count is 1
2021-06-03 00:00:18,217 [EventQueue-PipelineReportForOneReplicaPipelineSafeModeRule] INFO  safemode.SCMSafeModeManager (SCMSafeModeManager.java:validateSafeModeExitRules(201)) - AtleastOneDatanodeReportedRule rule is successfully validated
2021-06-03 00:00:18,217 [EventQueue-OpenPipelineForHealthyPipelineSafeModeRule] INFO  safemode.SCMSafeModeManager (HealthyPipelineSafeModeRule.java:process(130)) - SCM in safe mode. Healthy pipelines reported count is 0, required healthy pipeline reported count is 1
2021-06-03 00:00:18,238 [EventQueue-PipelineReportForOneReplicaPipelineSafeModeRule] INFO  safemode.SCMSafeModeManager (SCMSafeModeManager.java:validateSafeModeExitRules(201)) - AtleastOneDatanodeReportedRule rule is successfully validated
2021-06-03 00:00:18,238 [EventQueue-OpenPipelineForHealthyPipelineSafeModeRule] INFO  safemode.SCMSafeModeManager (HealthyPipelineSafeModeRule.java:process(130)) - SCM in safe mode. Healthy pipelines reported count is 0, required healthy pipeline reported count is 1
2021-06-03 00:00:18,254 [EventQueue-PipelineReportForOneReplicaPipelineSafeModeRule] INFO  safemode.SCMSafeModeManager (SCMSafeModeManager.java:validateSafeModeExitRules(201)) - AtleastOneDatanodeReportedRule rule is successfully validated
2021-06-03 00:00:18,255 [EventQueue-OpenPipelineForHealthyPipelineSafeModeRule] INFO  safemode.SCMSafeModeManager (HealthyPipelineSafeModeRule.java:process(130)) - SCM in safe mode. Healthy pipelines reported count is 0, required healthy pipeline reported count is 1
2021-06-03 00:00:18,304 [EventQueue-PipelineReportForOneReplicaPipelineSafeModeRule] INFO  safemode.SCMSafeModeManager (SCMSafeModeManager.java:validateSafeModeExitRules(201)) - AtleastOneDatanodeReportedRule rule is successfully validated
2021-06-03 00:00:18,304 [EventQueue-OpenPipelineForHealthyPipelineSafeModeRule] INFO  safemode.SCMSafeModeManager (HealthyPipelineSafeModeRule.java:process(130)) - SCM in safe mode. Healthy pipelines reported count is 0, required healthy pipeline reported count is 1
2021-06-03 00:00:18,339 [EventQueue-PipelineReportForOneReplicaPipelineSafeModeRule] INFO  safemode.SCMSafeModeManager (SCMSafeModeManager.java:validateSafeModeExitRules(201)) - AtleastOneDatanodeReportedRule rule is successfully validated
2021-06-03 00:00:18,339 [EventQueue-OpenPipelineForHealthyPipelineSafeModeRule] INFO  safemode.SCMSafeModeManager (HealthyPipelineSafeModeRule.java:process(130)) - SCM in safe mode. Healthy pipelines reported count is 0, required healthy pipeline reported count is 1
2021-06-03 00:00:18,340 [EventQueue-PipelineReportForOneReplicaPipelineSafeModeRule] INFO  safemode.SCMSafeModeManager (SCMSafeModeManager.java:validateSafeModeExitRules(201)) - AtleastOneDatanodeReportedRule rule is successfully validated
2021-06-03 00:00:18,340 [EventQueue-OpenPipelineForHealthyPipelineSafeModeRule] INFO  safemode.SCMSafeModeManager (HealthyPipelineSafeModeRule.java:process(130)) - SCM in safe mode. Healthy pipelines reported count is 0, required healthy pipeline reported count is 1
2021-06-03 00:00:18,374 [EventQueue-PipelineReportForOneReplicaPipelineSafeModeRule] INFO  safemode.SCMSafeModeManager (SCMSafeModeManager.java:validateSafeModeExitRules(201)) - AtleastOneDatanodeReportedRule rule is successfully validated
2021-06-03 00:00:18,374 [EventQueue-OpenPipelineForHealthyPipelineSafeModeRule] INFO  safemode.SCMSafeModeManager (HealthyPipelineSafeModeRule.java:process(130)) - SCM in safe mode. Healthy pipelines reported count is 0, required healthy pipeline reported count is 1
2021-06-03 00:00:18,391 [EventQueue-OpenPipelineForHealthyPipelineSafeModeRule] INFO  safemode.SCMSafeModeManager (HealthyPipelineSafeModeRule.java:process(130)) - SCM in safe mode. Healthy pipelines reported count is 0, required healthy pipeline reported count is 1
2021-06-03 00:00:18,391 [EventQueue-PipelineReportForOneReplicaPipelineSafeModeRule] INFO  safemode.SCMSafeModeManager (SCMSafeModeManager.java:validateSafeModeExitRules(201)) - AtleastOneDatanodeReportedRule rule is successfully validated
2021-06-03 00:00:18,399 [EventQueue-PipelineReportForOneReplicaPipelineSafeModeRule] INFO  safemode.SCMSafeModeManager (SCMSafeModeManager.java:validateSafeModeExitRules(201)) - AtleastOneDatanodeReportedRule rule is successfully validated
2021-06-03 00:00:18,399 [EventQueue-OpenPipelineForHealthyPipelineSafeModeRule] INFO  safemode.SCMSafeModeManager (HealthyPipelineSafeModeRule.java:process(130)) - SCM in safe mode. Healthy pipelines reported count is 0, required healthy pipeline reported count is 1
2021-06-03 00:00:18,416 [EventQueue-PipelineReportForOneReplicaPipelineSafeModeRule] INFO  safemode.SCMSafeModeManager (SCMSafeModeManager.java:validateSafeModeExitRules(201)) - AtleastOneDatanodeReportedRule rule is successfully validated
2021-06-03 00:00:18,416 [EventQueue-OpenPipelineForHealthyPipelineSafeModeRule] INFO  safemode.SCMSafeModeManager (HealthyPipelineSafeModeRule.java:process(130)) - SCM in safe mode. Healthy pipelines reported count is 0, required healthy pipeline reported count is 1
2021-06-03 00:00:18,417 [EventQueue-OpenPipelineForHealthyPipelineSafeModeRule] INFO  safemode.SCMSafeModeManager (HealthyPipelineSafeModeRule.java:process(130)) - SCM in safe mode. Healthy pipelines reported count is 0, required healthy pipeline reported count is 1
2021-06-03 00:00:18,417 [EventQueue-PipelineReportForOneReplicaPipelineSafeModeRule] INFO  safemode.SCMSafeModeManager (SCMSafeModeManager.java:validateSafeModeExitRules(201)) - AtleastOneDatanodeReportedRule rule is successfully validated
2021-06-03 00:00:18,439 [EventQueue-PipelineReportForOneReplicaPipelineSafeModeRule] INFO  safemode.SCMSafeModeManager (SCMSafeModeManager.java:validateSafeModeExitRules(201)) - AtleastOneDatanodeReportedRule rule is successfully validated
2021-06-03 00:00:18,439 [EventQueue-OpenPipelineForHealthyPipelineSafeModeRule] INFO  safemode.SCMSafeModeManager (HealthyPipelineSafeModeRule.java:process(130)) - SCM in safe mode. Healthy pipelines reported count is 0, required healthy pipeline reported count is 1
2021-06-03 00:00:18,454 [EventQueue-PipelineReportForOneReplicaPipelineSafeModeRule] INFO  safemode.SCMSafeModeManager (SCMSafeModeManager.java:validateSafeModeExitRules(201)) - AtleastOneDatanodeReportedRule rule is successfully validated
2021-06-03 00:00:18,454 [EventQueue-OpenPipelineForHealthyPipelineSafeModeRule] INFO  safemode.SCMSafeModeManager (HealthyPipelineSafeModeRule.java:process(130)) - SCM in safe mode. Healthy pipelines reported count is 0, required healthy pipeline reported count is 1
2021-06-03 00:00:18,505 [EventQueue-PipelineReportForOneReplicaPipelineSafeModeRule] INFO  safemode.SCMSafeModeManager (SCMSafeModeManager.java:validateSafeModeExitRules(201)) - AtleastOneDatanodeReportedRule rule is successfully validated
2021-06-03 00:00:18,505 [EventQueue-OpenPipelineForHealthyPipelineSafeModeRule] INFO  safemode.SCMSafeModeManager (HealthyPipelineSafeModeRule.java:process(130)) - SCM in safe mode. Healthy pipelines reported count is 0, required healthy pipeline reported count is 1
2021-06-03 00:00:18,540 [EventQueue-PipelineReportForOneReplicaPipelineSafeModeRule] INFO  safemode.SCMSafeModeManager (SCMSafeModeManager.java:validateSafeModeExitRules(201)) - AtleastOneDatanodeReportedRule rule is successfully validated
2021-06-03 00:00:18,540 [EventQueue-OpenPipelineForHealthyPipelineSafeModeRule] INFO  safemode.SCMSafeModeManager (HealthyPipelineSafeModeRule.java:process(130)) - SCM in safe mode. Healthy pipelines reported count is 0, required healthy pipeline reported count is 1
2021-06-03 00:00:18,540 [EventQueue-PipelineReportForOneReplicaPipelineSafeModeRule] INFO  safemode.SCMSafeModeManager (SCMSafeModeManager.java:validateSafeModeExitRules(201)) - AtleastOneDatanodeReportedRule rule is successfully validated
2021-06-03 00:00:18,540 [EventQueue-OpenPipelineForHealthyPipelineSafeModeRule] INFO  safemode.SCMSafeModeManager (HealthyPipelineSafeModeRule.java:process(130)) - SCM in safe mode. Healthy pipelines reported count is 0, required healthy pipeline reported count is 1
2021-06-03 00:00:18,574 [EventQueue-PipelineReportForOneReplicaPipelineSafeModeRule] INFO  safemode.SCMSafeModeManager (SCMSafeModeManager.java:validateSafeModeExitRules(201)) - AtleastOneDatanodeReportedRule rule is successfully validated
2021-06-03 00:00:18,575 [EventQueue-OpenPipelineForHealthyPipelineSafeModeRule] INFO  safemode.SCMSafeModeManager (HealthyPipelineSafeModeRule.java:process(130)) - SCM in safe mode. Healthy pipelines reported count is 0, required healthy pipeline reported count is 1
2021-06-03 00:00:18,590 [EventQueue-PipelineReportForOneReplicaPipelineSafeModeRule] INFO  safemode.SCMSafeModeManager (SCMSafeModeManager.java:validateSafeModeExitRules(201)) - AtleastOneDatanodeReportedRule rule is successfully validated
2021-06-03 00:00:18,590 [EventQueue-OpenPipelineForHealthyPipelineSafeModeRule] INFO  safemode.SCMSafeModeManager (HealthyPipelineSafeModeRule.java:process(130)) - SCM in safe mode. Healthy pipelines reported count is 0, required healthy pipeline reported count is 1
2021-06-03 00:00:18,599 [EventQueue-PipelineReportForOneReplicaPipelineSafeModeRule] INFO  safemode.SCMSafeModeManager (SCMSafeModeManager.java:validateSafeModeExitRules(201)) - AtleastOneDatanodeReportedRule rule is successfully validated
2021-06-03 00:00:18,599 [EventQueue-OpenPipelineForHealthyPipelineSafeModeRule] INFO  safemode.SCMSafeModeManager (HealthyPipelineSafeModeRule.java:process(130)) - SCM in safe mode. Healthy pipelines reported count is 0, required healthy pipeline reported count is 1
2021-06-03 00:00:18,616 [EventQueue-PipelineReportForOneReplicaPipelineSafeModeRule] INFO  safemode.SCMSafeModeManager (SCMSafeModeManager.java:validateSafeModeExitRules(201)) - AtleastOneDatanodeReportedRule rule is successfully validated
2021-06-03 00:00:18,616 [EventQueue-OpenPipelineForHealthyPipelineSafeModeRule] INFO  safemode.SCMSafeModeManager (HealthyPipelineSafeModeRule.java:process(130)) - SCM in safe mode. Healthy pipelines reported count is 0, required healthy pipeline reported count is 1
2021-06-03 00:00:18,618 [EventQueue-PipelineReportForOneReplicaPipelineSafeModeRule] INFO  safemode.SCMSafeModeManager (SCMSafeModeManager.java:validateSafeModeExitRules(201)) - AtleastOneDatanodeReportedRule rule is successfully validated
2021-06-03 00:00:18,618 [EventQueue-OpenPipelineForHealthyPipelineSafeModeRule] INFO  safemode.SCMSafeModeManager (HealthyPipelineSafeModeRule.java:process(130)) - SCM in safe mode. Healthy pipelines reported count is 0, required healthy pipeline reported count is 1
2021-06-03 00:00:18,638 [EventQueue-OpenPipelineForHealthyPipelineSafeModeRule] INFO  safemode.SCMSafeModeManager (HealthyPipelineSafeModeRule.java:process(130)) - SCM in safe mode. Healthy pipelines reported count is 0, required healthy pipeline reported count is 1
2021-06-03 00:00:18,639 [EventQueue-PipelineReportForOneReplicaPipelineSafeModeRule] INFO  safemode.SCMSafeModeManager (SCMSafeModeManager.java:validateSafeModeExitRules(201)) - AtleastOneDatanodeReportedRule rule is successfully validated
2021-06-03 00:00:18,655 [EventQueue-PipelineReportForOneReplicaPipelineSafeModeRule] INFO  safemode.SCMSafeModeManager (SCMSafeModeManager.java:validateSafeModeExitRules(201)) - AtleastOneDatanodeReportedRule rule is successfully validated
2021-06-03 00:00:18,655 [EventQueue-OpenPipelineForHealthyPipelineSafeModeRule] INFO  safemode.SCMSafeModeManager (HealthyPipelineSafeModeRule.java:process(130)) - SCM in safe mode. Healthy pipelines reported count is 0, required healthy pipeline reported count is 1
2021-06-03 00:00:18,706 [EventQueue-PipelineReportForOneReplicaPipelineSafeModeRule] INFO  safemode.SCMSafeModeManager (SCMSafeModeManager.java:validateSafeModeExitRules(201)) - AtleastOneDatanodeReportedRule rule is successfully validated
2021-06-03 00:00:18,706 [EventQueue-OpenPipelineForHealthyPipelineSafeModeRule] INFO  safemode.SCMSafeModeManager (HealthyPipelineSafeModeRule.java:process(130)) - SCM in safe mode. Healthy pipelines reported count is 0, required healthy pipeline reported count is 1
2021-06-03 00:00:18,740 [EventQueue-OpenPipelineForHealthyPipelineSafeModeRule] INFO  safemode.SCMSafeModeManager (HealthyPipelineSafeModeRule.java:process(130)) - SCM in safe mode. Healthy pipelines reported count is 0, required healthy pipeline reported count is 1
2021-06-03 00:00:18,740 [EventQueue-OpenPipelineForHealthyPipelineSafeModeRule] INFO  safemode.SCMSafeModeManager (HealthyPipelineSafeModeRule.java:process(130)) - SCM in safe mode. Healthy pipelines reported count is 0, required healthy pipeline reported count is 1
2021-06-03 00:00:18,741 [EventQueue-PipelineReportForOneReplicaPipelineSafeModeRule] INFO  safemode.SCMSafeModeManager (SCMSafeModeManager.java:validateSafeModeExitRules(201)) - AtleastOneDatanodeReportedRule rule is successfully validated
2021-06-03 00:00:18,741 [EventQueue-PipelineReportForOneReplicaPipelineSafeModeRule] INFO  safemode.SCMSafeModeManager (SCMSafeModeManager.java:validateSafeModeExitRules(201)) - AtleastOneDatanodeReportedRule rule is successfully validated
2021-06-03 00:00:18,774 [EventQueue-OpenPipelineForHealthyPipelineSafeModeRule] INFO  safemode.SCMSafeModeManager (HealthyPipelineSafeModeRule.java:process(130)) - SCM in safe mode. Healthy pipelines reported count is 0, required healthy pipeline reported count is 1
2021-06-03 00:00:18,774 [EventQueue-PipelineReportForOneReplicaPipelineSafeModeRule] INFO  safemode.SCMSafeModeManager (SCMSafeModeManager.java:validateSafeModeExitRules(201)) - AtleastOneDatanodeReportedRule rule is successfully validated
2021-06-03 00:00:18,790 [EventQueue-OpenPipelineForHealthyPipelineSafeModeRule] INFO  safemode.SCMSafeModeManager (HealthyPipelineSafeModeRule.java:process(130)) - SCM in safe mode. Healthy pipelines reported count is 0, required healthy pipeline reported count is 1
2021-06-03 00:00:18,790 [EventQueue-PipelineReportForOneReplicaPipelineSafeModeRule] INFO  safemode.SCMSafeModeManager (SCMSafeModeManager.java:validateSafeModeExitRules(201)) - AtleastOneDatanodeReportedRule rule is successfully validated
2021-06-03 00:00:18,799 [EventQueue-OpenPipelineForHealthyPipelineSafeModeRule] INFO  safemode.SCMSafeModeManager (HealthyPipelineSafeModeRule.java:process(130)) - SCM in safe mode. Healthy pipelines reported count is 0, required healthy pipeline reported count is 1
2021-06-03 00:00:18,799 [EventQueue-PipelineReportForOneReplicaPipelineSafeModeRule] INFO  safemode.SCMSafeModeManager (SCMSafeModeManager.java:validateSafeModeExitRules(201)) - AtleastOneDatanodeReportedRule rule is successfully validated
2021-06-03 00:00:18,817 [EventQueue-PipelineReportForOneReplicaPipelineSafeModeRule] INFO  safemode.SCMSafeModeManager (SCMSafeModeManager.java:validateSafeModeExitRules(201)) - AtleastOneDatanodeReportedRule rule is successfully validated
2021-06-03 00:00:18,817 [EventQueue-OpenPipelineForHealthyPipelineSafeModeRule] INFO  safemode.SCMSafeModeManager (HealthyPipelineSafeModeRule.java:process(130)) - SCM in safe mode. Healthy pipelines reported count is 0, required healthy pipeline reported count is 1
2021-06-03 00:00:18,818 [EventQueue-PipelineReportForOneReplicaPipelineSafeModeRule] INFO  safemode.SCMSafeModeManager (SCMSafeModeManager.java:validateSafeModeExitRules(201)) - AtleastOneDatanodeReportedRule rule is successfully validated
2021-06-03 00:00:18,818 [EventQueue-OpenPipelineForHealthyPipelineSafeModeRule] INFO  safemode.SCMSafeModeManager (HealthyPipelineSafeModeRule.java:process(130)) - SCM in safe mode. Healthy pipelines reported count is 0, required healthy pipeline reported count is 1
2021-06-03 00:00:18,838 [EventQueue-PipelineReportForOneReplicaPipelineSafeModeRule] INFO  safemode.SCMSafeModeManager (SCMSafeModeManager.java:validateSafeModeExitRules(201)) - AtleastOneDatanodeReportedRule rule is successfully validated
2021-06-03 00:00:18,838 [EventQueue-OpenPipelineForHealthyPipelineSafeModeRule] INFO  safemode.SCMSafeModeManager (HealthyPipelineSafeModeRule.java:process(130)) - SCM in safe mode. Healthy pipelines reported count is 0, required healthy pipeline reported count is 1
2021-06-03 00:00:18,854 [EventQueue-OpenPipelineForHealthyPipelineSafeModeRule] INFO  safemode.SCMSafeModeManager (HealthyPipelineSafeModeRule.java:process(130)) - SCM in safe mode. Healthy pipelines reported count is 0, required healthy pipeline reported count is 1
2021-06-03 00:00:18,854 [EventQueue-PipelineReportForOneReplicaPipelineSafeModeRule] INFO  safemode.SCMSafeModeManager (SCMSafeModeManager.java:validateSafeModeExitRules(201)) - AtleastOneDatanodeReportedRule rule is successfully validated
2021-06-03 00:00:18,906 [EventQueue-OpenPipelineForHealthyPipelineSafeModeRule] INFO  safemode.SCMSafeModeManager (HealthyPipelineSafeModeRule.java:process(130)) - SCM in safe mode. Healthy pipelines reported count is 0, required healthy pipeline reported count is 1
2021-06-03 00:00:18,906 [EventQueue-PipelineReportForOneReplicaPipelineSafeModeRule] INFO  safemode.SCMSafeModeManager (SCMSafeModeManager.java:validateSafeModeExitRules(201)) - AtleastOneDatanodeReportedRule rule is successfully validated
2021-06-03 00:00:18,941 [EventQueue-PipelineReportForOneReplicaPipelineSafeModeRule] INFO  safemode.SCMSafeModeManager (SCMSafeModeManager.java:validateSafeModeExitRules(201)) - AtleastOneDatanodeReportedRule rule is successfully validated
2021-06-03 00:00:18,941 [EventQueue-OpenPipelineForHealthyPipelineSafeModeRule] INFO  safemode.SCMSafeModeManager (HealthyPipelineSafeModeRule.java:process(130)) - SCM in safe mode. Healthy pipelines reported count is 0, required healthy pipeline reported count is 1
2021-06-03 00:00:18,941 [EventQueue-OpenPipelineForHealthyPipelineSafeModeRule] INFO  safemode.SCMSafeModeManager (HealthyPipelineSafeModeRule.java:process(130)) - SCM in safe mode. Healthy pipelines reported count is 0, required healthy pipeline reported count is 1
2021-06-03 00:00:18,942 [EventQueue-PipelineReportForOneReplicaPipelineSafeModeRule] INFO  safemode.SCMSafeModeManager (SCMSafeModeManager.java:validateSafeModeExitRules(201)) - AtleastOneDatanodeReportedRule rule is successfully validated
2021-06-03 00:00:18,975 [EventQueue-PipelineReportForOneReplicaPipelineSafeModeRule] INFO  safemode.SCMSafeModeManager (SCMSafeModeManager.java:validateSafeModeExitRules(201)) - AtleastOneDatanodeReportedRule rule is successfully validated
2021-06-03 00:00:18,975 [EventQueue-OpenPipelineForHealthyPipelineSafeModeRule] INFO  safemode.SCMSafeModeManager (HealthyPipelineSafeModeRule.java:process(130)) - SCM in safe mode. Healthy pipelines reported count is 0, required healthy pipeline reported count is 1
2021-06-03 00:00:18,990 [EventQueue-PipelineReportForOneReplicaPipelineSafeModeRule] INFO  safemode.SCMSafeModeManager (SCMSafeModeManager.java:validateSafeModeExitRules(201)) - AtleastOneDatanodeReportedRule rule is successfully validated
2021-06-03 00:00:18,991 [EventQueue-OpenPipelineForHealthyPipelineSafeModeRule] INFO  safemode.SCMSafeModeManager (HealthyPipelineSafeModeRule.java:process(130)) - SCM in safe mode. Healthy pipelines reported count is 0, required healthy pipeline reported count is 1
2021-06-03 00:00:18,999 [EventQueue-OpenPipelineForHealthyPipelineSafeModeRule] INFO  safemode.SCMSafeModeManager (HealthyPipelineSafeModeRule.java:process(130)) - SCM in safe mode. Healthy pipelines reported count is 0, required healthy pipeline reported count is 1
2021-06-03 00:00:18,999 [EventQueue-PipelineReportForOneReplicaPipelineSafeModeRule] INFO  safemode.SCMSafeModeManager (SCMSafeModeManager.java:validateSafeModeExitRules(201)) - AtleastOneDatanodeReportedRule rule is successfully validated
2021-06-03 00:00:19,017 [EventQueue-OpenPipelineForHealthyPipelineSafeModeRule] INFO  safemode.SCMSafeModeManager (HealthyPipelineSafeModeRule.java:process(130)) - SCM in safe mode. Healthy pipelines reported count is 0, required healthy pipeline reported count is 1
2021-06-03 00:00:19,017 [EventQueue-PipelineReportForOneReplicaPipelineSafeModeRule] INFO  safemode.SCMSafeModeManager (SCMSafeModeManager.java:validateSafeModeExitRules(201)) - AtleastOneDatanodeReportedRule rule is successfully validated
2021-06-03 00:00:19,018 [EventQueue-PipelineReportForOneReplicaPipelineSafeModeRule] INFO  safemode.SCMSafeModeManager (SCMSafeModeManager.java:validateSafeModeExitRules(201)) - AtleastOneDatanodeReportedRule rule is successfully validated
2021-06-03 00:00:19,018 [EventQueue-OpenPipelineForHealthyPipelineSafeModeRule] INFO  safemode.SCMSafeModeManager (HealthyPipelineSafeModeRule.java:process(130)) - SCM in safe mode. Healthy pipelines reported count is 0, required healthy pipeline reported count is 1
2021-06-03 00:00:19,039 [EventQueue-OpenPipelineForHealthyPipelineSafeModeRule] INFO  safemode.SCMSafeModeManager (HealthyPipelineSafeModeRule.java:process(130)) - SCM in safe mode. Healthy pipelines reported count is 0, required healthy pipeline reported count is 1
2021-06-03 00:00:19,039 [EventQueue-PipelineReportForOneReplicaPipelineSafeModeRule] INFO  safemode.SCMSafeModeManager (SCMSafeModeManager.java:validateSafeModeExitRules(201)) - AtleastOneDatanodeReportedRule rule is successfully validated
2021-06-03 00:00:19,054 [EventQueue-PipelineReportForOneReplicaPipelineSafeModeRule] INFO  safemode.SCMSafeModeManager (SCMSafeModeManager.java:validateSafeModeExitRules(201)) - AtleastOneDatanodeReportedRule rule is successfully validated
2021-06-03 00:00:19,054 [EventQueue-OpenPipelineForHealthyPipelineSafeModeRule] INFO  safemode.SCMSafeModeManager (HealthyPipelineSafeModeRule.java:process(130)) - SCM in safe mode. Healthy pipelines reported count is 0, required healthy pipeline reported count is 1
2021-06-03 00:00:19,105 [EventQueue-PipelineReportForOneReplicaPipelineSafeModeRule] INFO  safemode.SCMSafeModeManager (SCMSafeModeManager.java:validateSafeModeExitRules(201)) - AtleastOneDatanodeReportedRule rule is successfully validated
2021-06-03 00:00:19,106 [EventQueue-OpenPipelineForHealthyPipelineSafeModeRule] INFO  safemode.SCMSafeModeManager (HealthyPipelineSafeModeRule.java:process(130)) - SCM in safe mode. Healthy pipelines reported count is 0, required healthy pipeline reported count is 1
2021-06-03 00:00:19,139 [EventQueue-OpenPipelineForHealthyPipelineSafeModeRule] INFO  safemode.SCMSafeModeManager (HealthyPipelineSafeModeRule.java:process(130)) - SCM in safe mode. Healthy pipelines reported count is 0, required healthy pipeline reported count is 1
2021-06-03 00:00:19,139 [EventQueue-PipelineReportForOneReplicaPipelineSafeModeRule] INFO  safemode.SCMSafeModeManager (SCMSafeModeManager.java:validateSafeModeExitRules(201)) - AtleastOneDatanodeReportedRule rule is successfully validated
2021-06-03 00:00:19,141 [EventQueue-PipelineReportForOneReplicaPipelineSafeModeRule] INFO  safemode.SCMSafeModeManager (SCMSafeModeManager.java:validateSafeModeExitRules(201)) - AtleastOneDatanodeReportedRule rule is successfully validated
2021-06-03 00:00:19,141 [EventQueue-OpenPipelineForHealthyPipelineSafeModeRule] INFO  safemode.SCMSafeModeManager (HealthyPipelineSafeModeRule.java:process(130)) - SCM in safe mode. Healthy pipelines reported count is 0, required healthy pipeline reported count is 1
2021-06-03 00:00:19,174 [EventQueue-PipelineReportForOneReplicaPipelineSafeModeRule] INFO  safemode.SCMSafeModeManager (SCMSafeModeManager.java:validateSafeModeExitRules(201)) - AtleastOneDatanodeReportedRule rule is successfully validated
2021-06-03 00:00:19,174 [EventQueue-OpenPipelineForHealthyPipelineSafeModeRule] INFO  safemode.SCMSafeModeManager (HealthyPipelineSafeModeRule.java:process(130)) - SCM in safe mode. Healthy pipelines reported count is 0, required healthy pipeline reported count is 1
2021-06-03 00:00:19,176 [Listener at 127.0.0.1/45991] INFO  ozone.MiniOzoneClusterImpl (MiniOzoneClusterImpl.java:lambda$waitForClusterToBeReady$0(224)) - Nodes are ready. Got 10 of 10 DN Heartbeats.
2021-06-03 00:00:19,176 [Listener at 127.0.0.1/45991] INFO  ozone.MiniOzoneClusterImpl (MiniOzoneClusterImpl.java:lambda$waitForClusterToBeReady$0(227)) - Waiting for cluster to exit safe mode
2021-06-03 00:00:19,176 [Listener at 127.0.0.1/45991] INFO  ozone.MiniOzoneClusterImpl (MiniOzoneClusterImpl.java:lambda$waitForClusterToBeReady$0(230)) - SCM became leader
2021-06-03 00:00:19,190 [EventQueue-OpenPipelineForHealthyPipelineSafeModeRule] INFO  safemode.SCMSafeModeManager (HealthyPipelineSafeModeRule.java:process(130)) - SCM in safe mode. Healthy pipelines reported count is 0, required healthy pipeline reported count is 1
2021-06-03 00:00:19,190 [EventQueue-PipelineReportForOneReplicaPipelineSafeModeRule] INFO  safemode.SCMSafeModeManager (SCMSafeModeManager.java:validateSafeModeExitRules(201)) - AtleastOneDatanodeReportedRule rule is successfully validated
2021-06-03 00:00:19,200 [EventQueue-PipelineReportForOneReplicaPipelineSafeModeRule] INFO  safemode.SCMSafeModeManager (SCMSafeModeManager.java:validateSafeModeExitRules(201)) - AtleastOneDatanodeReportedRule rule is successfully validated
2021-06-03 00:00:19,200 [EventQueue-OpenPipelineForHealthyPipelineSafeModeRule] INFO  safemode.SCMSafeModeManager (HealthyPipelineSafeModeRule.java:process(130)) - SCM in safe mode. Healthy pipelines reported count is 0, required healthy pipeline reported count is 1
2021-06-03 00:00:19,217 [EventQueue-OpenPipelineForHealthyPipelineSafeModeRule] INFO  safemode.SCMSafeModeManager (HealthyPipelineSafeModeRule.java:process(130)) - SCM in safe mode. Healthy pipelines reported count is 0, required healthy pipeline reported count is 1
2021-06-03 00:00:19,217 [EventQueue-PipelineReportForOneReplicaPipelineSafeModeRule] INFO  safemode.SCMSafeModeManager (SCMSafeModeManager.java:validateSafeModeExitRules(201)) - AtleastOneDatanodeReportedRule rule is successfully validated
2021-06-03 00:00:19,217 [EventQueue-OpenPipelineForHealthyPipelineSafeModeRule] INFO  safemode.SCMSafeModeManager (HealthyPipelineSafeModeRule.java:process(130)) - SCM in safe mode. Healthy pipelines reported count is 0, required healthy pipeline reported count is 1
2021-06-03 00:00:19,218 [EventQueue-PipelineReportForOneReplicaPipelineSafeModeRule] INFO  safemode.SCMSafeModeManager (SCMSafeModeManager.java:validateSafeModeExitRules(201)) - AtleastOneDatanodeReportedRule rule is successfully validated
2021-06-03 00:00:19,238 [EventQueue-PipelineReportForOneReplicaPipelineSafeModeRule] INFO  safemode.SCMSafeModeManager (SCMSafeModeManager.java:validateSafeModeExitRules(201)) - AtleastOneDatanodeReportedRule rule is successfully validated
2021-06-03 00:00:19,238 [EventQueue-OpenPipelineForHealthyPipelineSafeModeRule] INFO  safemode.SCMSafeModeManager (HealthyPipelineSafeModeRule.java:process(130)) - SCM in safe mode. Healthy pipelines reported count is 0, required healthy pipeline reported count is 1
2021-06-03 00:00:19,255 [EventQueue-PipelineReportForOneReplicaPipelineSafeModeRule] INFO  safemode.SCMSafeModeManager (SCMSafeModeManager.java:validateSafeModeExitRules(201)) - AtleastOneDatanodeReportedRule rule is successfully validated
2021-06-03 00:00:19,255 [EventQueue-OpenPipelineForHealthyPipelineSafeModeRule] INFO  safemode.SCMSafeModeManager (HealthyPipelineSafeModeRule.java:process(130)) - SCM in safe mode. Healthy pipelines reported count is 0, required healthy pipeline reported count is 1
2021-06-03 00:00:19,305 [EventQueue-OpenPipelineForHealthyPipelineSafeModeRule] INFO  safemode.SCMSafeModeManager (HealthyPipelineSafeModeRule.java:process(130)) - SCM in safe mode. Healthy pipelines reported count is 0, required healthy pipeline reported count is 1
2021-06-03 00:00:19,305 [EventQueue-PipelineReportForOneReplicaPipelineSafeModeRule] INFO  safemode.SCMSafeModeManager (SCMSafeModeManager.java:validateSafeModeExitRules(201)) - AtleastOneDatanodeReportedRule rule is successfully validated
2021-06-03 00:00:19,340 [EventQueue-PipelineReportForOneReplicaPipelineSafeModeRule] INFO  safemode.SCMSafeModeManager (SCMSafeModeManager.java:validateSafeModeExitRules(201)) - AtleastOneDatanodeReportedRule rule is successfully validated
2021-06-03 00:00:19,340 [EventQueue-OpenPipelineForHealthyPipelineSafeModeRule] INFO  safemode.SCMSafeModeManager (HealthyPipelineSafeModeRule.java:process(130)) - SCM in safe mode. Healthy pipelines reported count is 0, required healthy pipeline reported count is 1
2021-06-03 00:00:19,342 [EventQueue-PipelineReportForOneReplicaPipelineSafeModeRule] INFO  safemode.SCMSafeModeManager (SCMSafeModeManager.java:validateSafeModeExitRules(201)) - AtleastOneDatanodeReportedRule rule is successfully validated
2021-06-03 00:00:19,342 [EventQueue-OpenPipelineForHealthyPipelineSafeModeRule] INFO  safemode.SCMSafeModeManager (HealthyPipelineSafeModeRule.java:process(130)) - SCM in safe mode. Healthy pipelines reported count is 0, required healthy pipeline reported count is 1
2021-06-03 00:00:19,374 [EventQueue-PipelineReportForOneReplicaPipelineSafeModeRule] INFO  safemode.SCMSafeModeManager (SCMSafeModeManager.java:validateSafeModeExitRules(201)) - AtleastOneDatanodeReportedRule rule is successfully validated
2021-06-03 00:00:19,374 [EventQueue-OpenPipelineForHealthyPipelineSafeModeRule] INFO  safemode.SCMSafeModeManager (HealthyPipelineSafeModeRule.java:process(130)) - SCM in safe mode. Healthy pipelines reported count is 0, required healthy pipeline reported count is 1
2021-06-03 00:00:19,390 [EventQueue-PipelineReportForOneReplicaPipelineSafeModeRule] INFO  safemode.SCMSafeModeManager (SCMSafeModeManager.java:validateSafeModeExitRules(201)) - AtleastOneDatanodeReportedRule rule is successfully validated
2021-06-03 00:00:19,390 [EventQueue-OpenPipelineForHealthyPipelineSafeModeRule] INFO  safemode.SCMSafeModeManager (HealthyPipelineSafeModeRule.java:process(130)) - SCM in safe mode. Healthy pipelines reported count is 0, required healthy pipeline reported count is 1
2021-06-03 00:00:19,399 [EventQueue-PipelineReportForOneReplicaPipelineSafeModeRule] INFO  safemode.SCMSafeModeManager (SCMSafeModeManager.java:validateSafeModeExitRules(201)) - AtleastOneDatanodeReportedRule rule is successfully validated
2021-06-03 00:00:19,399 [EventQueue-OpenPipelineForHealthyPipelineSafeModeRule] INFO  safemode.SCMSafeModeManager (HealthyPipelineSafeModeRule.java:process(130)) - SCM in safe mode. Healthy pipelines reported count is 0, required healthy pipeline reported count is 1
2021-06-03 00:00:19,417 [EventQueue-OpenPipelineForHealthyPipelineSafeModeRule] INFO  safemode.SCMSafeModeManager (HealthyPipelineSafeModeRule.java:process(130)) - SCM in safe mode. Healthy pipelines reported count is 0, required healthy pipeline reported count is 1
2021-06-03 00:00:19,418 [EventQueue-PipelineReportForOneReplicaPipelineSafeModeRule] INFO  safemode.SCMSafeModeManager (SCMSafeModeManager.java:validateSafeModeExitRules(201)) - AtleastOneDatanodeReportedRule rule is successfully validated
2021-06-03 00:00:19,418 [EventQueue-OpenPipelineForHealthyPipelineSafeModeRule] INFO  safemode.SCMSafeModeManager (HealthyPipelineSafeModeRule.java:process(130)) - SCM in safe mode. Healthy pipelines reported count is 0, required healthy pipeline reported count is 1
2021-06-03 00:00:19,418 [EventQueue-PipelineReportForOneReplicaPipelineSafeModeRule] INFO  safemode.SCMSafeModeManager (SCMSafeModeManager.java:validateSafeModeExitRules(201)) - AtleastOneDatanodeReportedRule rule is successfully validated
2021-06-03 00:00:19,438 [EventQueue-PipelineReportForOneReplicaPipelineSafeModeRule] INFO  safemode.SCMSafeModeManager (SCMSafeModeManager.java:validateSafeModeExitRules(201)) - AtleastOneDatanodeReportedRule rule is successfully validated
2021-06-03 00:00:19,438 [EventQueue-OpenPipelineForHealthyPipelineSafeModeRule] INFO  safemode.SCMSafeModeManager (HealthyPipelineSafeModeRule.java:process(130)) - SCM in safe mode. Healthy pipelines reported count is 0, required healthy pipeline reported count is 1
2021-06-03 00:00:19,454 [EventQueue-OpenPipelineForHealthyPipelineSafeModeRule] INFO  safemode.SCMSafeModeManager (HealthyPipelineSafeModeRule.java:process(130)) - SCM in safe mode. Healthy pipelines reported count is 0, required healthy pipeline reported count is 1
2021-06-03 00:00:19,454 [EventQueue-PipelineReportForOneReplicaPipelineSafeModeRule] INFO  safemode.SCMSafeModeManager (SCMSafeModeManager.java:validateSafeModeExitRules(201)) - AtleastOneDatanodeReportedRule rule is successfully validated
2021-06-03 00:00:19,506 [EventQueue-PipelineReportForOneReplicaPipelineSafeModeRule] INFO  safemode.SCMSafeModeManager (SCMSafeModeManager.java:validateSafeModeExitRules(201)) - AtleastOneDatanodeReportedRule rule is successfully validated
2021-06-03 00:00:19,506 [EventQueue-OpenPipelineForHealthyPipelineSafeModeRule] INFO  safemode.SCMSafeModeManager (HealthyPipelineSafeModeRule.java:process(130)) - SCM in safe mode. Healthy pipelines reported count is 0, required healthy pipeline reported count is 1
2021-06-03 00:00:19,540 [EventQueue-PipelineReportForOneReplicaPipelineSafeModeRule] INFO  safemode.SCMSafeModeManager (SCMSafeModeManager.java:validateSafeModeExitRules(201)) - AtleastOneDatanodeReportedRule rule is successfully validated
2021-06-03 00:00:19,540 [EventQueue-OpenPipelineForHealthyPipelineSafeModeRule] INFO  safemode.SCMSafeModeManager (HealthyPipelineSafeModeRule.java:process(130)) - SCM in safe mode. Healthy pipelines reported count is 0, required healthy pipeline reported count is 1
2021-06-03 00:00:19,543 [EventQueue-OpenPipelineForHealthyPipelineSafeModeRule] INFO  safemode.SCMSafeModeManager (HealthyPipelineSafeModeRule.java:process(130)) - SCM in safe mode. Healthy pipelines reported count is 0, required healthy pipeline reported count is 1
2021-06-03 00:00:19,543 [EventQueue-PipelineReportForOneReplicaPipelineSafeModeRule] INFO  safemode.SCMSafeModeManager (SCMSafeModeManager.java:validateSafeModeExitRules(201)) - AtleastOneDatanodeReportedRule rule is successfully validated
2021-06-03 00:00:19,575 [EventQueue-OpenPipelineForHealthyPipelineSafeModeRule] INFO  safemode.SCMSafeModeManager (HealthyPipelineSafeModeRule.java:process(130)) - SCM in safe mode. Healthy pipelines reported count is 0, required healthy pipeline reported count is 1
2021-06-03 00:00:19,575 [EventQueue-PipelineReportForOneReplicaPipelineSafeModeRule] INFO  safemode.SCMSafeModeManager (SCMSafeModeManager.java:validateSafeModeExitRules(201)) - AtleastOneDatanodeReportedRule rule is successfully validated
2021-06-03 00:00:19,590 [EventQueue-PipelineReportForOneReplicaPipelineSafeModeRule] INFO  safemode.SCMSafeModeManager (SCMSafeModeManager.java:validateSafeModeExitRules(201)) - AtleastOneDatanodeReportedRule rule is successfully validated
2021-06-03 00:00:19,590 [EventQueue-OpenPipelineForHealthyPipelineSafeModeRule] INFO  safemode.SCMSafeModeManager (HealthyPipelineSafeModeRule.java:process(130)) - SCM in safe mode. Healthy pipelines reported count is 0, required healthy pipeline reported count is 1
2021-06-03 00:00:19,599 [EventQueue-PipelineReportForOneReplicaPipelineSafeModeRule] INFO  safemode.SCMSafeModeManager (SCMSafeModeManager.java:validateSafeModeExitRules(201)) - AtleastOneDatanodeReportedRule rule is successfully validated
2021-06-03 00:00:19,599 [EventQueue-OpenPipelineForHealthyPipelineSafeModeRule] INFO  safemode.SCMSafeModeManager (HealthyPipelineSafeModeRule.java:process(130)) - SCM in safe mode. Healthy pipelines reported count is 0, required healthy pipeline reported count is 1
2021-06-03 00:00:19,618 [EventQueue-PipelineReportForOneReplicaPipelineSafeModeRule] INFO  safemode.SCMSafeModeManager (SCMSafeModeManager.java:validateSafeModeExitRules(201)) - AtleastOneDatanodeReportedRule rule is successfully validated
2021-06-03 00:00:19,618 [EventQueue-PipelineReportForOneReplicaPipelineSafeModeRule] INFO  safemode.SCMSafeModeManager (SCMSafeModeManager.java:validateSafeModeExitRules(201)) - AtleastOneDatanodeReportedRule rule is successfully validated
2021-06-03 00:00:19,618 [EventQueue-OpenPipelineForHealthyPipelineSafeModeRule] INFO  safemode.SCMSafeModeManager (HealthyPipelineSafeModeRule.java:process(130)) - SCM in safe mode. Healthy pipelines reported count is 0, required healthy pipeline reported count is 1
2021-06-03 00:00:19,618 [EventQueue-OpenPipelineForHealthyPipelineSafeModeRule] INFO  safemode.SCMSafeModeManager (HealthyPipelineSafeModeRule.java:process(130)) - SCM in safe mode. Healthy pipelines reported count is 0, required healthy pipeline reported count is 1
2021-06-03 00:00:19,639 [EventQueue-PipelineReportForOneReplicaPipelineSafeModeRule] INFO  safemode.SCMSafeModeManager (SCMSafeModeManager.java:validateSafeModeExitRules(201)) - AtleastOneDatanodeReportedRule rule is successfully validated
2021-06-03 00:00:19,639 [EventQueue-OpenPipelineForHealthyPipelineSafeModeRule] INFO  safemode.SCMSafeModeManager (HealthyPipelineSafeModeRule.java:process(130)) - SCM in safe mode. Healthy pipelines reported count is 0, required healthy pipeline reported count is 1
2021-06-03 00:00:19,654 [EventQueue-PipelineReportForOneReplicaPipelineSafeModeRule] INFO  safemode.SCMSafeModeManager (SCMSafeModeManager.java:validateSafeModeExitRules(201)) - AtleastOneDatanodeReportedRule rule is successfully validated
2021-06-03 00:00:19,654 [EventQueue-OpenPipelineForHealthyPipelineSafeModeRule] INFO  safemode.SCMSafeModeManager (HealthyPipelineSafeModeRule.java:process(130)) - SCM in safe mode. Healthy pipelines reported count is 0, required healthy pipeline reported count is 1
2021-06-03 00:00:19,706 [EventQueue-PipelineReportForOneReplicaPipelineSafeModeRule] INFO  safemode.SCMSafeModeManager (SCMSafeModeManager.java:validateSafeModeExitRules(201)) - AtleastOneDatanodeReportedRule rule is successfully validated
2021-06-03 00:00:19,706 [EventQueue-OpenPipelineForHealthyPipelineSafeModeRule] INFO  safemode.SCMSafeModeManager (HealthyPipelineSafeModeRule.java:process(130)) - SCM in safe mode. Healthy pipelines reported count is 0, required healthy pipeline reported count is 1
2021-06-03 00:00:19,740 [EventQueue-PipelineReportForOneReplicaPipelineSafeModeRule] INFO  safemode.SCMSafeModeManager (SCMSafeModeManager.java:validateSafeModeExitRules(201)) - AtleastOneDatanodeReportedRule rule is successfully validated
2021-06-03 00:00:19,740 [EventQueue-OpenPipelineForHealthyPipelineSafeModeRule] INFO  safemode.SCMSafeModeManager (HealthyPipelineSafeModeRule.java:process(130)) - SCM in safe mode. Healthy pipelines reported count is 0, required healthy pipeline reported count is 1
2021-06-03 00:00:19,742 [EventQueue-OpenPipelineForHealthyPipelineSafeModeRule] INFO  safemode.SCMSafeModeManager (HealthyPipelineSafeModeRule.java:process(130)) - SCM in safe mode. Healthy pipelines reported count is 0, required healthy pipeline reported count is 1
2021-06-03 00:00:19,742 [EventQueue-PipelineReportForOneReplicaPipelineSafeModeRule] INFO  safemode.SCMSafeModeManager (SCMSafeModeManager.java:validateSafeModeExitRules(201)) - AtleastOneDatanodeReportedRule rule is successfully validated
2021-06-03 00:00:19,776 [EventQueue-OpenPipelineForHealthyPipelineSafeModeRule] INFO  safemode.SCMSafeModeManager (HealthyPipelineSafeModeRule.java:process(130)) - SCM in safe mode. Healthy pipelines reported count is 0, required healthy pipeline reported count is 1
2021-06-03 00:00:19,776 [EventQueue-PipelineReportForOneReplicaPipelineSafeModeRule] INFO  safemode.SCMSafeModeManager (SCMSafeModeManager.java:validateSafeModeExitRules(201)) - AtleastOneDatanodeReportedRule rule is successfully validated
2021-06-03 00:00:19,790 [EventQueue-PipelineReportForOneReplicaPipelineSafeModeRule] INFO  safemode.SCMSafeModeManager (SCMSafeModeManager.java:validateSafeModeExitRules(201)) - AtleastOneDatanodeReportedRule rule is successfully validated
2021-06-03 00:00:19,790 [EventQueue-OpenPipelineForHealthyPipelineSafeModeRule] INFO  safemode.SCMSafeModeManager (HealthyPipelineSafeModeRule.java:process(130)) - SCM in safe mode. Healthy pipelines reported count is 0, required healthy pipeline reported count is 1
2021-06-03 00:00:19,799 [EventQueue-OpenPipelineForHealthyPipelineSafeModeRule] INFO  safemode.SCMSafeModeManager (HealthyPipelineSafeModeRule.java:process(130)) - SCM in safe mode. Healthy pipelines reported count is 0, required healthy pipeline reported count is 1
2021-06-03 00:00:19,799 [EventQueue-PipelineReportForOneReplicaPipelineSafeModeRule] INFO  safemode.SCMSafeModeManager (SCMSafeModeManager.java:validateSafeModeExitRules(201)) - AtleastOneDatanodeReportedRule rule is successfully validated
2021-06-03 00:00:19,818 [EventQueue-OpenPipelineForHealthyPipelineSafeModeRule] INFO  safemode.SCMSafeModeManager (HealthyPipelineSafeModeRule.java:process(130)) - SCM in safe mode. Healthy pipelines reported count is 0, required healthy pipeline reported count is 1
2021-06-03 00:00:19,818 [EventQueue-PipelineReportForOneReplicaPipelineSafeModeRule] INFO  safemode.SCMSafeModeManager (SCMSafeModeManager.java:validateSafeModeExitRules(201)) - AtleastOneDatanodeReportedRule rule is successfully validated
2021-06-03 00:00:19,819 [EventQueue-OpenPipelineForHealthyPipelineSafeModeRule] INFO  safemode.SCMSafeModeManager (HealthyPipelineSafeModeRule.java:process(130)) - SCM in safe mode. Healthy pipelines reported count is 0, required healthy pipeline reported count is 1
2021-06-03 00:00:19,819 [EventQueue-PipelineReportForOneReplicaPipelineSafeModeRule] INFO  safemode.SCMSafeModeManager (SCMSafeModeManager.java:validateSafeModeExitRules(201)) - AtleastOneDatanodeReportedRule rule is successfully validated
2021-06-03 00:00:19,839 [EventQueue-OpenPipelineForHealthyPipelineSafeModeRule] INFO  safemode.SCMSafeModeManager (HealthyPipelineSafeModeRule.java:process(130)) - SCM in safe mode. Healthy pipelines reported count is 0, required healthy pipeline reported count is 1
2021-06-03 00:00:19,840 [EventQueue-PipelineReportForOneReplicaPipelineSafeModeRule] INFO  safemode.SCMSafeModeManager (SCMSafeModeManager.java:validateSafeModeExitRules(201)) - AtleastOneDatanodeReportedRule rule is successfully validated
2021-06-03 00:00:19,854 [EventQueue-OpenPipelineForHealthyPipelineSafeModeRule] INFO  safemode.SCMSafeModeManager (HealthyPipelineSafeModeRule.java:process(130)) - SCM in safe mode. Healthy pipelines reported count is 0, required healthy pipeline reported count is 1
2021-06-03 00:00:19,855 [EventQueue-PipelineReportForOneReplicaPipelineSafeModeRule] INFO  safemode.SCMSafeModeManager (SCMSafeModeManager.java:validateSafeModeExitRules(201)) - AtleastOneDatanodeReportedRule rule is successfully validated
2021-06-03 00:00:19,905 [EventQueue-OpenPipelineForHealthyPipelineSafeModeRule] INFO  safemode.SCMSafeModeManager (HealthyPipelineSafeModeRule.java:process(130)) - SCM in safe mode. Healthy pipelines reported count is 0, required healthy pipeline reported count is 1
2021-06-03 00:00:19,906 [EventQueue-PipelineReportForOneReplicaPipelineSafeModeRule] INFO  safemode.SCMSafeModeManager (SCMSafeModeManager.java:validateSafeModeExitRules(201)) - AtleastOneDatanodeReportedRule rule is successfully validated
2021-06-03 00:00:19,940 [EventQueue-PipelineReportForOneReplicaPipelineSafeModeRule] INFO  safemode.SCMSafeModeManager (SCMSafeModeManager.java:validateSafeModeExitRules(201)) - AtleastOneDatanodeReportedRule rule is successfully validated
2021-06-03 00:00:19,941 [EventQueue-OpenPipelineForHealthyPipelineSafeModeRule] INFO  safemode.SCMSafeModeManager (HealthyPipelineSafeModeRule.java:process(130)) - SCM in safe mode. Healthy pipelines reported count is 0, required healthy pipeline reported count is 1
2021-06-03 00:00:19,942 [EventQueue-OpenPipelineForHealthyPipelineSafeModeRule] INFO  safemode.SCMSafeModeManager (HealthyPipelineSafeModeRule.java:process(130)) - SCM in safe mode. Healthy pipelines reported count is 0, required healthy pipeline reported count is 1
2021-06-03 00:00:19,942 [EventQueue-PipelineReportForOneReplicaPipelineSafeModeRule] INFO  safemode.SCMSafeModeManager (SCMSafeModeManager.java:validateSafeModeExitRules(201)) - AtleastOneDatanodeReportedRule rule is successfully validated
2021-06-03 00:00:19,946 [c00dd357-5364-4c4f-a775-3282c2d03178@group-765E0191F053-FollowerState] INFO  impl.FollowerState (FollowerState.java:run(134)) - c00dd357-5364-4c4f-a775-3282c2d03178@group-765E0191F053-FollowerState: change to CANDIDATE, lastRpcElapsedTime:5007528599ns, electionTimeout:5005ms
2021-06-03 00:00:19,947 [c00dd357-5364-4c4f-a775-3282c2d03178@group-765E0191F053-FollowerState] INFO  impl.RoleInfo (RoleInfo.java:shutdownFollowerState(108)) - c00dd357-5364-4c4f-a775-3282c2d03178: shutdown c00dd357-5364-4c4f-a775-3282c2d03178@group-765E0191F053-FollowerState
2021-06-03 00:00:19,947 [c00dd357-5364-4c4f-a775-3282c2d03178@group-765E0191F053-FollowerState] INFO  server.RaftServer$Division (RaftServerImpl.java:setRole(284)) - c00dd357-5364-4c4f-a775-3282c2d03178@group-765E0191F053: changes role from  FOLLOWER to CANDIDATE at term 0 for changeToCandidate
2021-06-03 00:00:19,948 [c00dd357-5364-4c4f-a775-3282c2d03178@group-765E0191F053-FollowerState] INFO  server.RaftServerConfigKeys (ConfUtils.java:logGet(44)) - raft.server.leaderelection.pre-vote = false (custom)
2021-06-03 00:00:19,949 [c00dd357-5364-4c4f-a775-3282c2d03178@group-765E0191F053-FollowerState] INFO  impl.RoleInfo (RoleInfo.java:updateAndGet(130)) - c00dd357-5364-4c4f-a775-3282c2d03178: start c00dd357-5364-4c4f-a775-3282c2d03178@group-765E0191F053-LeaderElection2
2021-06-03 00:00:19,957 [c00dd357-5364-4c4f-a775-3282c2d03178@group-765E0191F053-LeaderElection2] INFO  impl.LeaderElection (LeaderElection.java:askForVotes(306)) - c00dd357-5364-4c4f-a775-3282c2d03178@group-765E0191F053-LeaderElection2 ELECTION round 0: submit vote requests at term 1 for -1: [696e796d-aedf-4aed-93c4-430e12ffa8fc|rpc:10.1.0.28:37569|priority:0, a9999bf8-cc81-46a6-8339-ca63194a4403|rpc:10.1.0.28:44263|priority:1, c00dd357-5364-4c4f-a775-3282c2d03178|rpc:10.1.0.28:41287|priority:0], old=null
2021-06-03 00:00:19,972 [grpc-default-executor-2] INFO  server.RaftServer$Division (RaftServerImpl.java:requestVote(1042)) - 696e796d-aedf-4aed-93c4-430e12ffa8fc@group-765E0191F053: receive requestVote(ELECTION, c00dd357-5364-4c4f-a775-3282c2d03178, group-765E0191F053, 1, (t:0, i:0))
2021-06-03 00:00:19,973 [grpc-default-executor-2] INFO  impl.VoteContext (VoteContext.java:log(48)) - 696e796d-aedf-4aed-93c4-430e12ffa8fc@group-765E0191F053-FOLLOWER: accept ELECTION from c00dd357-5364-4c4f-a775-3282c2d03178: our priority 0 <= candidate's priority 0
2021-06-03 00:00:19,973 [grpc-default-executor-2] INFO  server.RaftServer$Division (RaftServerImpl.java:setRole(284)) - 696e796d-aedf-4aed-93c4-430e12ffa8fc@group-765E0191F053: changes role from  FOLLOWER to FOLLOWER at term 1 for candidate:c00dd357-5364-4c4f-a775-3282c2d03178
2021-06-03 00:00:19,974 [grpc-default-executor-2] INFO  impl.RoleInfo (RoleInfo.java:shutdownFollowerState(108)) - 696e796d-aedf-4aed-93c4-430e12ffa8fc: shutdown 696e796d-aedf-4aed-93c4-430e12ffa8fc@group-765E0191F053-FollowerState
2021-06-03 00:00:19,974 [grpc-default-executor-2] INFO  impl.RoleInfo (RoleInfo.java:updateAndGet(130)) - 696e796d-aedf-4aed-93c4-430e12ffa8fc: start 696e796d-aedf-4aed-93c4-430e12ffa8fc@group-765E0191F053-FollowerState
2021-06-03 00:00:19,975 [696e796d-aedf-4aed-93c4-430e12ffa8fc@group-765E0191F053-FollowerState] INFO  impl.FollowerState (FollowerState.java:run(143)) - 696e796d-aedf-4aed-93c4-430e12ffa8fc@group-765E0191F053-FollowerState was interrupted: {}
java.lang.InterruptedException: sleep interrupted
	at java.lang.Thread.sleep(Native Method)
	at java.lang.Thread.sleep(Thread.java:340)
	at java.util.concurrent.TimeUnit.sleep(TimeUnit.java:386)
	at org.apache.ratis.util.TimeDuration.sleep(TimeDuration.java:324)
	at org.apache.ratis.util.TimeDuration.sleep(TimeDuration.java:309)
	at org.apache.ratis.server.impl.FollowerState.run(FollowerState.java:118)
2021-06-03 00:00:19,976 [EventQueue-OpenPipelineForHealthyPipelineSafeModeRule] INFO  safemode.SCMSafeModeManager (HealthyPipelineSafeModeRule.java:process(130)) - SCM in safe mode. Healthy pipelines reported count is 0, required healthy pipeline reported count is 1
2021-06-03 00:00:19,976 [EventQueue-PipelineReportForOneReplicaPipelineSafeModeRule] INFO  safemode.SCMSafeModeManager (SCMSafeModeManager.java:validateSafeModeExitRules(201)) - AtleastOneDatanodeReportedRule rule is successfully validated
2021-06-03 00:00:19,982 [grpc-default-executor-1] INFO  server.RaftServer$Division (RaftServerImpl.java:requestVote(1042)) - a9999bf8-cc81-46a6-8339-ca63194a4403@group-765E0191F053: receive requestVote(ELECTION, c00dd357-5364-4c4f-a775-3282c2d03178, group-765E0191F053, 1, (t:0, i:0))
2021-06-03 00:00:19,982 [grpc-default-executor-1] INFO  impl.VoteContext (VoteContext.java:log(48)) - a9999bf8-cc81-46a6-8339-ca63194a4403@group-765E0191F053-FOLLOWER: reject ELECTION from c00dd357-5364-4c4f-a775-3282c2d03178: our priority 1 > candidate's priority 0
2021-06-03 00:00:19,985 [grpc-default-executor-1] INFO  server.RaftServer$Division (RaftServerImpl.java:setRole(284)) - a9999bf8-cc81-46a6-8339-ca63194a4403@group-765E0191F053: changes role from  FOLLOWER to FOLLOWER at term 1 for candidate:c00dd357-5364-4c4f-a775-3282c2d03178
2021-06-03 00:00:19,985 [grpc-default-executor-1] INFO  impl.RoleInfo (RoleInfo.java:shutdownFollowerState(108)) - a9999bf8-cc81-46a6-8339-ca63194a4403: shutdown a9999bf8-cc81-46a6-8339-ca63194a4403@group-765E0191F053-FollowerState
2021-06-03 00:00:19,985 [grpc-default-executor-1] INFO  impl.RoleInfo (RoleInfo.java:updateAndGet(130)) - a9999bf8-cc81-46a6-8339-ca63194a4403: start a9999bf8-cc81-46a6-8339-ca63194a4403@group-765E0191F053-FollowerState
2021-06-03 00:00:19,985 [a9999bf8-cc81-46a6-8339-ca63194a4403@group-765E0191F053-FollowerState] INFO  impl.FollowerState (FollowerState.java:run(143)) - a9999bf8-cc81-46a6-8339-ca63194a4403@group-765E0191F053-FollowerState was interrupted: {}
java.lang.InterruptedException: sleep interrupted
	at java.lang.Thread.sleep(Native Method)
	at java.lang.Thread.sleep(Thread.java:340)
	at java.util.concurrent.TimeUnit.sleep(TimeUnit.java:386)
	at org.apache.ratis.util.TimeDuration.sleep(TimeDuration.java:324)
	at org.apache.ratis.util.TimeDuration.sleep(TimeDuration.java:309)
	at org.apache.ratis.server.impl.FollowerState.run(FollowerState.java:118)
2021-06-03 00:00:19,988 [grpc-default-executor-2] INFO  server.RaftServer$Division (RaftServerImpl.java:requestVote(1074)) - 696e796d-aedf-4aed-93c4-430e12ffa8fc@group-765E0191F053 replies to ELECTION vote request: c00dd357-5364-4c4f-a775-3282c2d03178<-696e796d-aedf-4aed-93c4-430e12ffa8fc#0:OK-t1. Peer's state: 696e796d-aedf-4aed-93c4-430e12ffa8fc@group-765E0191F053:t1, leader=null, voted=c00dd357-5364-4c4f-a775-3282c2d03178, raftlog=696e796d-aedf-4aed-93c4-430e12ffa8fc@group-765E0191F053-SegmentedRaftLog:OPENED:c-1,f-1,i0, conf=-1: [696e796d-aedf-4aed-93c4-430e12ffa8fc|rpc:10.1.0.28:37569|priority:0, a9999bf8-cc81-46a6-8339-ca63194a4403|rpc:10.1.0.28:44263|priority:1, c00dd357-5364-4c4f-a775-3282c2d03178|rpc:10.1.0.28:41287|priority:0], old=null
2021-06-03 00:00:19,990 [EventQueue-PipelineReportForOneReplicaPipelineSafeModeRule] INFO  safemode.SCMSafeModeManager (SCMSafeModeManager.java:validateSafeModeExitRules(201)) - AtleastOneDatanodeReportedRule rule is successfully validated
2021-06-03 00:00:19,991 [EventQueue-OpenPipelineForHealthyPipelineSafeModeRule] INFO  safemode.SCMSafeModeManager (HealthyPipelineSafeModeRule.java:process(130)) - SCM in safe mode. Healthy pipelines reported count is 0, required healthy pipeline reported count is 1
2021-06-03 00:00:19,993 [grpc-default-executor-1] INFO  server.RaftServer$Division (RaftServerImpl.java:requestVote(1074)) - a9999bf8-cc81-46a6-8339-ca63194a4403@group-765E0191F053 replies to ELECTION vote request: c00dd357-5364-4c4f-a775-3282c2d03178<-a9999bf8-cc81-46a6-8339-ca63194a4403#0:FAIL-t1. Peer's state: a9999bf8-cc81-46a6-8339-ca63194a4403@group-765E0191F053:t1, leader=null, voted=null, raftlog=a9999bf8-cc81-46a6-8339-ca63194a4403@group-765E0191F053-SegmentedRaftLog:OPENED:c-1,f-1,i0, conf=-1: [696e796d-aedf-4aed-93c4-430e12ffa8fc|rpc:10.1.0.28:37569|dataStream:|priority:0, a9999bf8-cc81-46a6-8339-ca63194a4403|rpc:10.1.0.28:44263|dataStream:|priority:1, c00dd357-5364-4c4f-a775-3282c2d03178|rpc:10.1.0.28:41287|dataStream:|priority:0], old=null
2021-06-03 00:00:19,996 [c00dd357-5364-4c4f-a775-3282c2d03178@group-765E0191F053-LeaderElection2] INFO  impl.LeaderElection (LeaderElection.java:logAndReturn(89)) - c00dd357-5364-4c4f-a775-3282c2d03178@group-765E0191F053-LeaderElection2: ELECTION REJECTED received 2 response(s) and 0 exception(s):
2021-06-03 00:00:19,996 [c00dd357-5364-4c4f-a775-3282c2d03178@group-765E0191F053-LeaderElection2] INFO  impl.LeaderElection (LeaderElection.java:logAndReturn(93)) -   Response 0: c00dd357-5364-4c4f-a775-3282c2d03178<-696e796d-aedf-4aed-93c4-430e12ffa8fc#0:OK-t1
2021-06-03 00:00:19,996 [c00dd357-5364-4c4f-a775-3282c2d03178@group-765E0191F053-LeaderElection2] INFO  impl.LeaderElection (LeaderElection.java:logAndReturn(93)) -   Response 1: c00dd357-5364-4c4f-a775-3282c2d03178<-a9999bf8-cc81-46a6-8339-ca63194a4403#0:FAIL-t1
2021-06-03 00:00:19,996 [c00dd357-5364-4c4f-a775-3282c2d03178@group-765E0191F053-LeaderElection2] INFO  impl.LeaderElection (LeaderElection.java:askForVotes(308)) - c00dd357-5364-4c4f-a775-3282c2d03178@group-765E0191F053-LeaderElection2 ELECTION round 0: result REJECTED
2021-06-03 00:00:19,996 [c00dd357-5364-4c4f-a775-3282c2d03178@group-765E0191F053-LeaderElection2] INFO  server.RaftServer$Division (RaftServerImpl.java:setRole(284)) - c00dd357-5364-4c4f-a775-3282c2d03178@group-765E0191F053: changes role from CANDIDATE to FOLLOWER at term 1 for REJECTED
2021-06-03 00:00:19,996 [c00dd357-5364-4c4f-a775-3282c2d03178@group-765E0191F053-LeaderElection2] INFO  impl.RoleInfo (RoleInfo.java:shutdownLeaderElection(121)) - c00dd357-5364-4c4f-a775-3282c2d03178: shutdown c00dd357-5364-4c4f-a775-3282c2d03178@group-765E0191F053-LeaderElection2
2021-06-03 00:00:19,996 [c00dd357-5364-4c4f-a775-3282c2d03178@group-765E0191F053-LeaderElection2] INFO  impl.RoleInfo (RoleInfo.java:updateAndGet(130)) - c00dd357-5364-4c4f-a775-3282c2d03178: start c00dd357-5364-4c4f-a775-3282c2d03178@group-765E0191F053-FollowerState
2021-06-03 00:00:20,001 [EventQueue-PipelineReportForOneReplicaPipelineSafeModeRule] INFO  safemode.SCMSafeModeManager (SCMSafeModeManager.java:validateSafeModeExitRules(201)) - AtleastOneDatanodeReportedRule rule is successfully validated
2021-06-03 00:00:20,001 [EventQueue-OpenPipelineForHealthyPipelineSafeModeRule] INFO  safemode.SCMSafeModeManager (HealthyPipelineSafeModeRule.java:process(130)) - SCM in safe mode. Healthy pipelines reported count is 0, required healthy pipeline reported count is 1
2021-06-03 00:00:20,018 [EventQueue-OpenPipelineForHealthyPipelineSafeModeRule] INFO  safemode.SCMSafeModeManager (HealthyPipelineSafeModeRule.java:process(130)) - SCM in safe mode. Healthy pipelines reported count is 0, required healthy pipeline reported count is 1
2021-06-03 00:00:20,018 [EventQueue-PipelineReportForOneReplicaPipelineSafeModeRule] INFO  safemode.SCMSafeModeManager (SCMSafeModeManager.java:validateSafeModeExitRules(201)) - AtleastOneDatanodeReportedRule rule is successfully validated
2021-06-03 00:00:20,018 [EventQueue-PipelineReportForOneReplicaPipelineSafeModeRule] INFO  safemode.SCMSafeModeManager (SCMSafeModeManager.java:validateSafeModeExitRules(201)) - AtleastOneDatanodeReportedRule rule is successfully validated
2021-06-03 00:00:20,018 [EventQueue-OpenPipelineForHealthyPipelineSafeModeRule] INFO  safemode.SCMSafeModeManager (HealthyPipelineSafeModeRule.java:process(130)) - SCM in safe mode. Healthy pipelines reported count is 0, required healthy pipeline reported count is 1
2021-06-03 00:00:20,039 [EventQueue-OpenPipelineForHealthyPipelineSafeModeRule] INFO  safemode.SCMSafeModeManager (HealthyPipelineSafeModeRule.java:process(130)) - SCM in safe mode. Healthy pipelines reported count is 0, required healthy pipeline reported count is 1
2021-06-03 00:00:20,040 [EventQueue-PipelineReportForOneReplicaPipelineSafeModeRule] INFO  safemode.SCMSafeModeManager (SCMSafeModeManager.java:validateSafeModeExitRules(201)) - AtleastOneDatanodeReportedRule rule is successfully validated
2021-06-03 00:00:20,055 [EventQueue-PipelineReportForOneReplicaPipelineSafeModeRule] INFO  safemode.SCMSafeModeManager (SCMSafeModeManager.java:validateSafeModeExitRules(201)) - AtleastOneDatanodeReportedRule rule is successfully validated
2021-06-03 00:00:20,055 [EventQueue-OpenPipelineForHealthyPipelineSafeModeRule] INFO  safemode.SCMSafeModeManager (HealthyPipelineSafeModeRule.java:process(130)) - SCM in safe mode. Healthy pipelines reported count is 0, required healthy pipeline reported count is 1
2021-06-03 00:00:20,056 [c00dd357-5364-4c4f-a775-3282c2d03178@group-EF44ED96340C-FollowerState] INFO  impl.FollowerState (FollowerState.java:run(134)) - c00dd357-5364-4c4f-a775-3282c2d03178@group-EF44ED96340C-FollowerState: change to CANDIDATE, lastRpcElapsedTime:5144363839ns, electionTimeout:5140ms
2021-06-03 00:00:20,056 [c00dd357-5364-4c4f-a775-3282c2d03178@group-EF44ED96340C-FollowerState] INFO  impl.RoleInfo (RoleInfo.java:shutdownFollowerState(108)) - c00dd357-5364-4c4f-a775-3282c2d03178: shutdown c00dd357-5364-4c4f-a775-3282c2d03178@group-EF44ED96340C-FollowerState
2021-06-03 00:00:20,056 [c00dd357-5364-4c4f-a775-3282c2d03178@group-EF44ED96340C-FollowerState] INFO  server.RaftServer$Division (RaftServerImpl.java:setRole(284)) - c00dd357-5364-4c4f-a775-3282c2d03178@group-EF44ED96340C: changes role from  FOLLOWER to CANDIDATE at term 0 for changeToCandidate
2021-06-03 00:00:20,057 [c00dd357-5364-4c4f-a775-3282c2d03178@group-EF44ED96340C-FollowerState] INFO  server.RaftServerConfigKeys (ConfUtils.java:logGet(44)) - raft.server.leaderelection.pre-vote = false (custom)
2021-06-03 00:00:20,057 [c00dd357-5364-4c4f-a775-3282c2d03178@group-EF44ED96340C-FollowerState] INFO  impl.RoleInfo (RoleInfo.java:updateAndGet(130)) - c00dd357-5364-4c4f-a775-3282c2d03178: start c00dd357-5364-4c4f-a775-3282c2d03178@group-EF44ED96340C-LeaderElection3
2021-06-03 00:00:20,059 [c00dd357-5364-4c4f-a775-3282c2d03178@group-EF44ED96340C-LeaderElection3] INFO  impl.LeaderElection (LeaderElection.java:askForVotes(306)) - c00dd357-5364-4c4f-a775-3282c2d03178@group-EF44ED96340C-LeaderElection3 ELECTION round 0: submit vote requests at term 1 for -1: [c00dd357-5364-4c4f-a775-3282c2d03178|rpc:10.1.0.28:41287|priority:1], old=null
2021-06-03 00:00:20,059 [c00dd357-5364-4c4f-a775-3282c2d03178@group-EF44ED96340C-LeaderElection3] INFO  impl.LeaderElection (LeaderElection.java:askForVotes(308)) - c00dd357-5364-4c4f-a775-3282c2d03178@group-EF44ED96340C-LeaderElection3 ELECTION round 0: result PASSED (term=1)
2021-06-03 00:00:20,060 [c00dd357-5364-4c4f-a775-3282c2d03178@group-EF44ED96340C-LeaderElection3] INFO  impl.RoleInfo (RoleInfo.java:shutdownLeaderElection(121)) - c00dd357-5364-4c4f-a775-3282c2d03178: shutdown c00dd357-5364-4c4f-a775-3282c2d03178@group-EF44ED96340C-LeaderElection3
2021-06-03 00:00:20,060 [c00dd357-5364-4c4f-a775-3282c2d03178@group-EF44ED96340C-LeaderElection3] INFO  server.RaftServer$Division (RaftServerImpl.java:setRole(284)) - c00dd357-5364-4c4f-a775-3282c2d03178@group-EF44ED96340C: changes role from CANDIDATE to LEADER at term 1 for changeToLeader
2021-06-03 00:00:20,060 [c00dd357-5364-4c4f-a775-3282c2d03178@group-EF44ED96340C-LeaderElection3] INFO  ratis.XceiverServerRatis (XceiverServerRatis.java:handleLeaderChangedNotification(906)) - Leader change notification received for group: group-EF44ED96340C with new leaderId: c00dd357-5364-4c4f-a775-3282c2d03178
2021-06-03 00:00:20,060 [c00dd357-5364-4c4f-a775-3282c2d03178@group-EF44ED96340C-LeaderElection3] INFO  server.RaftServer$Division (ServerState.java:setLeader(271)) - c00dd357-5364-4c4f-a775-3282c2d03178@group-EF44ED96340C: change Leader from null to c00dd357-5364-4c4f-a775-3282c2d03178 at term 1 for becomeLeader, leader elected after 5167ms
2021-06-03 00:00:20,060 [c00dd357-5364-4c4f-a775-3282c2d03178@group-EF44ED96340C-LeaderElection3] INFO  server.RaftServerConfigKeys (ConfUtils.java:logGet(44)) - raft.server.staging.catchup.gap = 1000 (default)
2021-06-03 00:00:20,060 [c00dd357-5364-4c4f-a775-3282c2d03178@group-EF44ED96340C-LeaderElection3] INFO  metrics.RatisMetrics (RatisMetrics.java:lambda$create$0(36)) - Creating Metrics Registry : ratis.log_appender.c00dd357-5364-4c4f-a775-3282c2d03178@group-EF44ED96340C
2021-06-03 00:00:20,061 [EventQueue-OpenPipelineForHealthyPipelineSafeModeRule] INFO  safemode.SCMSafeModeManager (HealthyPipelineSafeModeRule.java:process(130)) - SCM in safe mode. Healthy pipelines reported count is 0, required healthy pipeline reported count is 1
2021-06-03 00:00:20,061 [EventQueue-PipelineReportForOneReplicaPipelineSafeModeRule] INFO  safemode.SCMSafeModeManager (SCMSafeModeManager.java:validateSafeModeExitRules(201)) - AtleastOneDatanodeReportedRule rule is successfully validated
2021-06-03 00:00:20,061 [c00dd357-5364-4c4f-a775-3282c2d03178@group-EF44ED96340C-LeaderElection3] INFO  server.RaftServerConfigKeys (ConfUtils.java:logGet(44)) - raft.server.write.element-limit = 1024 (custom)
2021-06-03 00:00:20,061 [c00dd357-5364-4c4f-a775-3282c2d03178@group-EF44ED96340C-LeaderElection3] INFO  server.RaftServerConfigKeys (ConfUtils.java:logGet(44)) - raft.server.write.byte-limit = 1073741824 (custom)
2021-06-03 00:00:20,062 [c00dd357-5364-4c4f-a775-3282c2d03178@group-EF44ED96340C-LeaderElection3] INFO  server.RaftServerConfigKeys (ConfUtils.java:logGet(44)) - raft.server.watch.timeout = 10000ms (default)
2021-06-03 00:00:20,062 [c00dd357-5364-4c4f-a775-3282c2d03178@group-EF44ED96340C-LeaderElection3] INFO  server.RaftServerConfigKeys (ConfUtils.java:logGet(44)) - raft.server.watch.timeout.denomination = 1s (default)
2021-06-03 00:00:20,062 [c00dd357-5364-4c4f-a775-3282c2d03178@group-EF44ED96340C-LeaderElection3] INFO  server.RaftServerConfigKeys (ConfUtils.java:logGet(44)) - raft.server.watch.element-limit = 65536 (default)
2021-06-03 00:00:20,062 [c00dd357-5364-4c4f-a775-3282c2d03178@group-EF44ED96340C-LeaderElection3] INFO  impl.RoleInfo (RoleInfo.java:updateAndGet(130)) - c00dd357-5364-4c4f-a775-3282c2d03178: start c00dd357-5364-4c4f-a775-3282c2d03178@group-EF44ED96340C-LeaderStateImpl
2021-06-03 00:00:20,062 [c00dd357-5364-4c4f-a775-3282c2d03178@group-EF44ED96340C-LeaderElection3] INFO  segmented.SegmentedRaftLogWorker (SegmentedRaftLogWorker.java:startLogSegment(394)) - c00dd357-5364-4c4f-a775-3282c2d03178@group-EF44ED96340C-SegmentedRaftLogWorker: Starting segment from index:0
2021-06-03 00:00:20,063 [c00dd357-5364-4c4f-a775-3282c2d03178@group-EF44ED96340C-SegmentedRaftLogWorker] INFO  segmented.SegmentedRaftLogWorker (SegmentedRaftLogWorker.java:execute(601)) - c00dd357-5364-4c4f-a775-3282c2d03178@group-EF44ED96340C-SegmentedRaftLogWorker: created new log segment /home/runner/work/ozone/ozone/mnt/ozone/hadoop-ozone/integration-test/target/test-dir/MiniOzoneClusterImpl-d99b0d03-7963-4ac2-881f-75d2f82b72ef/datanode-0/data/ratis/ce9e57ea-cd6c-4078-8bf1-ef44ed96340c/current/log_inprogress_0
2021-06-03 00:00:20,069 [c00dd357-5364-4c4f-a775-3282c2d03178@group-EF44ED96340C-LeaderElection3] INFO  server.RaftServer$Division (ServerState.java:setRaftConf(373)) - c00dd357-5364-4c4f-a775-3282c2d03178@group-EF44ED96340C: set configuration 0: [c00dd357-5364-4c4f-a775-3282c2d03178|rpc:10.1.0.28:41287|dataStream:|priority:1], old=null
2021-06-03 00:00:20,073 [c00dd357-5364-4c4f-a775-3282c2d03178@group-EF44ED96340C-StateMachineUpdater] INFO  ratis.ContainerStateMachine (ContainerStateMachine.java:takeSnapshot(292)) - group-EF44ED96340C: Taking a snapshot at:(t:1, i:0) file /home/runner/work/ozone/ozone/mnt/ozone/hadoop-ozone/integration-test/target/test-dir/MiniOzoneClusterImpl-d99b0d03-7963-4ac2-881f-75d2f82b72ef/datanode-0/data/ratis/ce9e57ea-cd6c-4078-8bf1-ef44ed96340c/sm/snapshot.1_0
2021-06-03 00:00:20,105 [EventQueue-OpenPipelineForHealthyPipelineSafeModeRule] INFO  safemode.SCMSafeModeManager (HealthyPipelineSafeModeRule.java:process(130)) - SCM in safe mode. Healthy pipelines reported count is 0, required healthy pipeline reported count is 1
2021-06-03 00:00:20,105 [EventQueue-PipelineReportForOneReplicaPipelineSafeModeRule] INFO  safemode.SCMSafeModeManager (SCMSafeModeManager.java:validateSafeModeExitRules(201)) - AtleastOneDatanodeReportedRule rule is successfully validated
2021-06-03 00:00:20,140 [EventQueue-OpenPipelineForHealthyPipelineSafeModeRule] INFO  safemode.SCMSafeModeManager (HealthyPipelineSafeModeRule.java:process(130)) - SCM in safe mode. Healthy pipelines reported count is 0, required healthy pipeline reported count is 1
2021-06-03 00:00:20,140 [EventQueue-PipelineReportForOneReplicaPipelineSafeModeRule] INFO  safemode.SCMSafeModeManager (SCMSafeModeManager.java:validateSafeModeExitRules(201)) - AtleastOneDatanodeReportedRule rule is successfully validated
2021-06-03 00:00:20,142 [EventQueue-PipelineReportForOneReplicaPipelineSafeModeRule] INFO  safemode.SCMSafeModeManager (SCMSafeModeManager.java:validateSafeModeExitRules(201)) - AtleastOneDatanodeReportedRule rule is successfully validated
2021-06-03 00:00:20,142 [EventQueue-OpenPipelineForHealthyPipelineSafeModeRule] INFO  safemode.SCMSafeModeManager (HealthyPipelineSafeModeRule.java:process(130)) - SCM in safe mode. Healthy pipelines reported count is 0, required healthy pipeline reported count is 1
2021-06-03 00:00:20,154 [c00dd357-5364-4c4f-a775-3282c2d03178@group-EF44ED96340C-StateMachineUpdater] INFO  ratis.ContainerStateMachine (ContainerStateMachine.java:takeSnapshot(303)) - group-EF44ED96340C: Finished taking a snapshot at:(t:1, i:0) file:/home/runner/work/ozone/ozone/mnt/ozone/hadoop-ozone/integration-test/target/test-dir/MiniOzoneClusterImpl-d99b0d03-7963-4ac2-881f-75d2f82b72ef/datanode-0/data/ratis/ce9e57ea-cd6c-4078-8bf1-ef44ed96340c/sm/snapshot.1_0 took: 81 ms
2021-06-03 00:00:20,155 [c00dd357-5364-4c4f-a775-3282c2d03178@group-EF44ED96340C-StateMachineUpdater] INFO  impl.StateMachineUpdater (StateMachineUpdater.java:takeSnapshot(281)) - c00dd357-5364-4c4f-a775-3282c2d03178@group-EF44ED96340C-StateMachineUpdater: Took a snapshot at index 0
2021-06-03 00:00:20,155 [c00dd357-5364-4c4f-a775-3282c2d03178@group-EF44ED96340C-StateMachineUpdater] INFO  impl.StateMachineUpdater (StateMachineUpdater.java:lambda$new$0(89)) - c00dd357-5364-4c4f-a775-3282c2d03178@group-EF44ED96340C-StateMachineUpdater: snapshotIndex: updateIncreasingly -1 -> 0
2021-06-03 00:00:20,175 [EventQueue-PipelineReportForOneReplicaPipelineSafeModeRule] INFO  safemode.SCMSafeModeManager (SCMSafeModeManager.java:validateSafeModeExitRules(201)) - AtleastOneDatanodeReportedRule rule is successfully validated
2021-06-03 00:00:20,175 [EventQueue-OpenPipelineForHealthyPipelineSafeModeRule] INFO  safemode.SCMSafeModeManager (HealthyPipelineSafeModeRule.java:process(130)) - SCM in safe mode. Healthy pipelines reported count is 0, required healthy pipeline reported count is 1
2021-06-03 00:00:20,176 [Listener at 127.0.0.1/45991] INFO  ozone.MiniOzoneClusterImpl (MiniOzoneClusterImpl.java:lambda$waitForClusterToBeReady$0(224)) - Nodes are ready. Got 10 of 10 DN Heartbeats.
2021-06-03 00:00:20,176 [Listener at 127.0.0.1/45991] INFO  ozone.MiniOzoneClusterImpl (MiniOzoneClusterImpl.java:lambda$waitForClusterToBeReady$0(227)) - Waiting for cluster to exit safe mode
2021-06-03 00:00:20,177 [Listener at 127.0.0.1/45991] INFO  ozone.MiniOzoneClusterImpl (MiniOzoneClusterImpl.java:lambda$waitForClusterToBeReady$0(230)) - SCM became leader
2021-06-03 00:00:20,191 [EventQueue-PipelineReportForOneReplicaPipelineSafeModeRule] INFO  safemode.SCMSafeModeManager (SCMSafeModeManager.java:validateSafeModeExitRules(201)) - AtleastOneDatanodeReportedRule rule is successfully validated
2021-06-03 00:00:20,191 [EventQueue-OpenPipelineForHealthyPipelineSafeModeRule] INFO  safemode.SCMSafeModeManager (HealthyPipelineSafeModeRule.java:process(130)) - SCM in safe mode. Healthy pipelines reported count is 0, required healthy pipeline reported count is 1
2021-06-03 00:00:20,200 [EventQueue-OpenPipelineForHealthyPipelineSafeModeRule] INFO  safemode.SCMSafeModeManager (HealthyPipelineSafeModeRule.java:process(130)) - SCM in safe mode. Healthy pipelines reported count is 0, required healthy pipeline reported count is 1
2021-06-03 00:00:20,200 [EventQueue-PipelineReportForOneReplicaPipelineSafeModeRule] INFO  safemode.SCMSafeModeManager (SCMSafeModeManager.java:validateSafeModeExitRules(201)) - AtleastOneDatanodeReportedRule rule is successfully validated
2021-06-03 00:00:20,203 [696e796d-aedf-4aed-93c4-430e12ffa8fc@group-DBBD4BC6A664-FollowerState] INFO  impl.FollowerState (FollowerState.java:run(134)) - 696e796d-aedf-4aed-93c4-430e12ffa8fc@group-DBBD4BC6A664-FollowerState: change to CANDIDATE, lastRpcElapsedTime:5073033777ns, electionTimeout:5053ms
2021-06-03 00:00:20,203 [696e796d-aedf-4aed-93c4-430e12ffa8fc@group-DBBD4BC6A664-FollowerState] INFO  impl.RoleInfo (RoleInfo.java:shutdownFollowerState(108)) - 696e796d-aedf-4aed-93c4-430e12ffa8fc: shutdown 696e796d-aedf-4aed-93c4-430e12ffa8fc@group-DBBD4BC6A664-FollowerState
2021-06-03 00:00:20,203 [696e796d-aedf-4aed-93c4-430e12ffa8fc@group-DBBD4BC6A664-FollowerState] INFO  server.RaftServer$Division (RaftServerImpl.java:setRole(284)) - 696e796d-aedf-4aed-93c4-430e12ffa8fc@group-DBBD4BC6A664: changes role from  FOLLOWER to CANDIDATE at term 0 for changeToCandidate
2021-06-03 00:00:20,204 [696e796d-aedf-4aed-93c4-430e12ffa8fc@group-DBBD4BC6A664-FollowerState] INFO  server.RaftServerConfigKeys (ConfUtils.java:logGet(44)) - raft.server.leaderelection.pre-vote = false (custom)
2021-06-03 00:00:20,204 [696e796d-aedf-4aed-93c4-430e12ffa8fc@group-DBBD4BC6A664-FollowerState] INFO  impl.RoleInfo (RoleInfo.java:updateAndGet(130)) - 696e796d-aedf-4aed-93c4-430e12ffa8fc: start 696e796d-aedf-4aed-93c4-430e12ffa8fc@group-DBBD4BC6A664-LeaderElection4
2021-06-03 00:00:20,207 [696e796d-aedf-4aed-93c4-430e12ffa8fc@group-DBBD4BC6A664-LeaderElection4] INFO  impl.LeaderElection (LeaderElection.java:askForVotes(306)) - 696e796d-aedf-4aed-93c4-430e12ffa8fc@group-DBBD4BC6A664-LeaderElection4 ELECTION round 0: submit vote requests at term 1 for -1: [696e796d-aedf-4aed-93c4-430e12ffa8fc|rpc:10.1.0.28:37569|priority:1], old=null
2021-06-03 00:00:20,207 [696e796d-aedf-4aed-93c4-430e12ffa8fc@group-DBBD4BC6A664-LeaderElection4] INFO  impl.LeaderElection (LeaderElection.java:askForVotes(308)) - 696e796d-aedf-4aed-93c4-430e12ffa8fc@group-DBBD4BC6A664-LeaderElection4 ELECTION round 0: result PASSED (term=1)
2021-06-03 00:00:20,207 [696e796d-aedf-4aed-93c4-430e12ffa8fc@group-DBBD4BC6A664-LeaderElection4] INFO  impl.RoleInfo (RoleInfo.java:shutdownLeaderElection(121)) - 696e796d-aedf-4aed-93c4-430e12ffa8fc: shutdown 696e796d-aedf-4aed-93c4-430e12ffa8fc@group-DBBD4BC6A664-LeaderElection4
2021-06-03 00:00:20,207 [696e796d-aedf-4aed-93c4-430e12ffa8fc@group-DBBD4BC6A664-LeaderElection4] INFO  server.RaftServer$Division (RaftServerImpl.java:setRole(284)) - 696e796d-aedf-4aed-93c4-430e12ffa8fc@group-DBBD4BC6A664: changes role from CANDIDATE to LEADER at term 1 for changeToLeader
2021-06-03 00:00:20,207 [696e796d-aedf-4aed-93c4-430e12ffa8fc@group-DBBD4BC6A664-LeaderElection4] INFO  ratis.XceiverServerRatis (XceiverServerRatis.java:handleLeaderChangedNotification(906)) - Leader change notification received for group: group-DBBD4BC6A664 with new leaderId: 696e796d-aedf-4aed-93c4-430e12ffa8fc
2021-06-03 00:00:20,207 [696e796d-aedf-4aed-93c4-430e12ffa8fc@group-DBBD4BC6A664-LeaderElection4] INFO  server.RaftServer$Division (ServerState.java:setLeader(271)) - 696e796d-aedf-4aed-93c4-430e12ffa8fc@group-DBBD4BC6A664: change Leader from null to 696e796d-aedf-4aed-93c4-430e12ffa8fc at term 1 for becomeLeader, leader elected after 5094ms
2021-06-03 00:00:20,208 [696e796d-aedf-4aed-93c4-430e12ffa8fc@group-DBBD4BC6A664-LeaderElection4] INFO  server.RaftServerConfigKeys (ConfUtils.java:logGet(44)) - raft.server.staging.catchup.gap = 1000 (default)
2021-06-03 00:00:20,208 [EventQueue-OpenPipelineForHealthyPipelineSafeModeRule] INFO  safemode.SCMSafeModeManager (HealthyPipelineSafeModeRule.java:process(130)) - SCM in safe mode. Healthy pipelines reported count is 0, required healthy pipeline reported count is 1
2021-06-03 00:00:20,208 [EventQueue-PipelineReportForOneReplicaPipelineSafeModeRule] INFO  safemode.SCMSafeModeManager (SCMSafeModeManager.java:validateSafeModeExitRules(201)) - AtleastOneDatanodeReportedRule rule is successfully validated
2021-06-03 00:00:20,209 [696e796d-aedf-4aed-93c4-430e12ffa8fc@group-DBBD4BC6A664-LeaderElection4] INFO  metrics.RatisMetrics (RatisMetrics.java:lambda$create$0(36)) - Creating Metrics Registry : ratis.log_appender.696e796d-aedf-4aed-93c4-430e12ffa8fc@group-DBBD4BC6A664
2021-06-03 00:00:20,209 [696e796d-aedf-4aed-93c4-430e12ffa8fc@group-DBBD4BC6A664-LeaderElection4] INFO  server.RaftServerConfigKeys (ConfUtils.java:logGet(44)) - raft.server.write.element-limit = 1024 (custom)
2021-06-03 00:00:20,209 [696e796d-aedf-4aed-93c4-430e12ffa8fc@group-DBBD4BC6A664-LeaderElection4] INFO  server.RaftServerConfigKeys (ConfUtils.java:logGet(44)) - raft.server.write.byte-limit = 1073741824 (custom)
2021-06-03 00:00:20,209 [696e796d-aedf-4aed-93c4-430e12ffa8fc@group-DBBD4BC6A664-LeaderElection4] INFO  server.RaftServerConfigKeys (ConfUtils.java:logGet(44)) - raft.server.watch.timeout = 10000ms (default)
2021-06-03 00:00:20,210 [696e796d-aedf-4aed-93c4-430e12ffa8fc@group-DBBD4BC6A664-LeaderElection4] INFO  server.RaftServerConfigKeys (ConfUtils.java:logGet(44)) - raft.server.watch.timeout.denomination = 1s (default)
2021-06-03 00:00:20,210 [696e796d-aedf-4aed-93c4-430e12ffa8fc@group-DBBD4BC6A664-LeaderElection4] INFO  server.RaftServerConfigKeys (ConfUtils.java:logGet(44)) - raft.server.watch.element-limit = 65536 (default)
2021-06-03 00:00:20,210 [696e796d-aedf-4aed-93c4-430e12ffa8fc@group-DBBD4BC6A664-LeaderElection4] INFO  impl.RoleInfo (RoleInfo.java:updateAndGet(130)) - 696e796d-aedf-4aed-93c4-430e12ffa8fc: start 696e796d-aedf-4aed-93c4-430e12ffa8fc@group-DBBD4BC6A664-LeaderStateImpl
2021-06-03 00:00:20,211 [696e796d-aedf-4aed-93c4-430e12ffa8fc@group-DBBD4BC6A664-LeaderElection4] INFO  segmented.SegmentedRaftLogWorker (SegmentedRaftLogWorker.java:startLogSegment(394)) - 696e796d-aedf-4aed-93c4-430e12ffa8fc@group-DBBD4BC6A664-SegmentedRaftLogWorker: Starting segment from index:0
2021-06-03 00:00:20,212 [696e796d-aedf-4aed-93c4-430e12ffa8fc@group-DBBD4BC6A664-SegmentedRaftLogWorker] INFO  segmented.SegmentedRaftLogWorker (SegmentedRaftLogWorker.java:execute(601)) - 696e796d-aedf-4aed-93c4-430e12ffa8fc@group-DBBD4BC6A664-SegmentedRaftLogWorker: created new log segment /home/runner/work/ozone/ozone/mnt/ozone/hadoop-ozone/integration-test/target/test-dir/MiniOzoneClusterImpl-d99b0d03-7963-4ac2-881f-75d2f82b72ef/datanode-1/data/ratis/e8b65d27-a1f4-4238-be4d-dbbd4bc6a664/current/log_inprogress_0
2021-06-03 00:00:20,212 [696e796d-aedf-4aed-93c4-430e12ffa8fc@group-DBBD4BC6A664-LeaderElection4] INFO  server.RaftServer$Division (ServerState.java:setRaftConf(373)) - 696e796d-aedf-4aed-93c4-430e12ffa8fc@group-DBBD4BC6A664: set configuration 0: [696e796d-aedf-4aed-93c4-430e12ffa8fc|rpc:10.1.0.28:37569|dataStream:|priority:1], old=null
2021-06-03 00:00:20,214 [696e796d-aedf-4aed-93c4-430e12ffa8fc@group-DBBD4BC6A664-StateMachineUpdater] INFO  ratis.ContainerStateMachine (ContainerStateMachine.java:takeSnapshot(292)) - group-DBBD4BC6A664: Taking a snapshot at:(t:1, i:0) file /home/runner/work/ozone/ozone/mnt/ozone/hadoop-ozone/integration-test/target/test-dir/MiniOzoneClusterImpl-d99b0d03-7963-4ac2-881f-75d2f82b72ef/datanode-1/data/ratis/e8b65d27-a1f4-4238-be4d-dbbd4bc6a664/sm/snapshot.1_0
2021-06-03 00:00:20,215 [696e796d-aedf-4aed-93c4-430e12ffa8fc@group-DBBD4BC6A664-StateMachineUpdater] INFO  ratis.ContainerStateMachine (ContainerStateMachine.java:takeSnapshot(303)) - group-DBBD4BC6A664: Finished taking a snapshot at:(t:1, i:0) file:/home/runner/work/ozone/ozone/mnt/ozone/hadoop-ozone/integration-test/target/test-dir/MiniOzoneClusterImpl-d99b0d03-7963-4ac2-881f-75d2f82b72ef/datanode-1/data/ratis/e8b65d27-a1f4-4238-be4d-dbbd4bc6a664/sm/snapshot.1_0 took: 1 ms
2021-06-03 00:00:20,215 [696e796d-aedf-4aed-93c4-430e12ffa8fc@group-DBBD4BC6A664-StateMachineUpdater] INFO  impl.StateMachineUpdater (StateMachineUpdater.java:takeSnapshot(281)) - 696e796d-aedf-4aed-93c4-430e12ffa8fc@group-DBBD4BC6A664-StateMachineUpdater: Took a snapshot at index 0
2021-06-03 00:00:20,216 [696e796d-aedf-4aed-93c4-430e12ffa8fc@group-DBBD4BC6A664-StateMachineUpdater] INFO  impl.StateMachineUpdater (StateMachineUpdater.java:lambda$new$0(89)) - 696e796d-aedf-4aed-93c4-430e12ffa8fc@group-DBBD4BC6A664-StateMachineUpdater: snapshotIndex: updateIncreasingly -1 -> 0
2021-06-03 00:00:20,218 [EventQueue-PipelineReportForOneReplicaPipelineSafeModeRule] INFO  safemode.SCMSafeModeManager (SCMSafeModeManager.java:validateSafeModeExitRules(201)) - AtleastOneDatanodeReportedRule rule is successfully validated
2021-06-03 00:00:20,218 [EventQueue-OpenPipelineForHealthyPipelineSafeModeRule] INFO  safemode.SCMSafeModeManager (HealthyPipelineSafeModeRule.java:process(130)) - SCM in safe mode. Healthy pipelines reported count is 0, required healthy pipeline reported count is 1
2021-06-03 00:00:20,219 [EventQueue-OpenPipelineForHealthyPipelineSafeModeRule] INFO  safemode.SCMSafeModeManager (HealthyPipelineSafeModeRule.java:process(130)) - SCM in safe mode. Healthy pipelines reported count is 0, required healthy pipeline reported count is 1
2021-06-03 00:00:20,219 [EventQueue-PipelineReportForOneReplicaPipelineSafeModeRule] INFO  safemode.SCMSafeModeManager (SCMSafeModeManager.java:validateSafeModeExitRules(201)) - AtleastOneDatanodeReportedRule rule is successfully validated
2021-06-03 00:00:20,239 [EventQueue-PipelineReportForOneReplicaPipelineSafeModeRule] INFO  safemode.SCMSafeModeManager (SCMSafeModeManager.java:validateSafeModeExitRules(201)) - AtleastOneDatanodeReportedRule rule is successfully validated
2021-06-03 00:00:20,240 [EventQueue-OpenPipelineForHealthyPipelineSafeModeRule] INFO  safemode.SCMSafeModeManager (HealthyPipelineSafeModeRule.java:process(130)) - SCM in safe mode. Healthy pipelines reported count is 0, required healthy pipeline reported count is 1
2021-06-03 00:00:20,261 [EventQueue-PipelineReportForOneReplicaPipelineSafeModeRule] INFO  safemode.SCMSafeModeManager (SCMSafeModeManager.java:validateSafeModeExitRules(201)) - AtleastOneDatanodeReportedRule rule is successfully validated
2021-06-03 00:00:20,261 [EventQueue-OpenPipelineForHealthyPipelineSafeModeRule] INFO  safemode.SCMSafeModeManager (HealthyPipelineSafeModeRule.java:process(130)) - SCM in safe mode. Healthy pipelines reported count is 0, required healthy pipeline reported count is 1
2021-06-03 00:00:20,305 [EventQueue-OpenPipelineForHealthyPipelineSafeModeRule] INFO  safemode.SCMSafeModeManager (HealthyPipelineSafeModeRule.java:process(130)) - SCM in safe mode. Healthy pipelines reported count is 0, required healthy pipeline reported count is 1
2021-06-03 00:00:20,305 [EventQueue-PipelineReportForOneReplicaPipelineSafeModeRule] INFO  safemode.SCMSafeModeManager (SCMSafeModeManager.java:validateSafeModeExitRules(201)) - AtleastOneDatanodeReportedRule rule is successfully validated
2021-06-03 00:00:20,340 [EventQueue-PipelineReportForOneReplicaPipelineSafeModeRule] INFO  safemode.SCMSafeModeManager (SCMSafeModeManager.java:validateSafeModeExitRules(201)) - AtleastOneDatanodeReportedRule rule is successfully validated
2021-06-03 00:00:20,340 [EventQueue-OpenPipelineForHealthyPipelineSafeModeRule] INFO  safemode.SCMSafeModeManager (HealthyPipelineSafeModeRule.java:process(130)) - SCM in safe mode. Healthy pipelines reported count is 0, required healthy pipeline reported count is 1
2021-06-03 00:00:20,342 [EventQueue-PipelineReportForOneReplicaPipelineSafeModeRule] INFO  safemode.SCMSafeModeManager (SCMSafeModeManager.java:validateSafeModeExitRules(201)) - AtleastOneDatanodeReportedRule rule is successfully validated
2021-06-03 00:00:20,343 [EventQueue-OpenPipelineForHealthyPipelineSafeModeRule] INFO  safemode.SCMSafeModeManager (HealthyPipelineSafeModeRule.java:process(130)) - SCM in safe mode. Healthy pipelines reported count is 0, required healthy pipeline reported count is 1
2021-06-03 00:00:20,375 [EventQueue-PipelineReportForOneReplicaPipelineSafeModeRule] INFO  safemode.SCMSafeModeManager (SCMSafeModeManager.java:validateSafeModeExitRules(201)) - AtleastOneDatanodeReportedRule rule is successfully validated
2021-06-03 00:00:20,376 [EventQueue-OpenPipelineForHealthyPipelineSafeModeRule] INFO  safemode.SCMSafeModeManager (HealthyPipelineSafeModeRule.java:process(130)) - SCM in safe mode. Healthy pipelines reported count is 0, required healthy pipeline reported count is 1
2021-06-03 00:00:20,391 [EventQueue-PipelineReportForOneReplicaPipelineSafeModeRule] INFO  safemode.SCMSafeModeManager (SCMSafeModeManager.java:validateSafeModeExitRules(201)) - AtleastOneDatanodeReportedRule rule is successfully validated
2021-06-03 00:00:20,391 [EventQueue-OpenPipelineForHealthyPipelineSafeModeRule] INFO  safemode.SCMSafeModeManager (HealthyPipelineSafeModeRule.java:process(130)) - SCM in safe mode. Healthy pipelines reported count is 0, required healthy pipeline reported count is 1
2021-06-03 00:00:20,409 [EventQueue-PipelineReportForOneReplicaPipelineSafeModeRule] INFO  safemode.SCMSafeModeManager (SCMSafeModeManager.java:validateSafeModeExitRules(201)) - AtleastOneDatanodeReportedRule rule is successfully validated
2021-06-03 00:00:20,409 [EventQueue-OpenPipelineForHealthyPipelineSafeModeRule] INFO  safemode.SCMSafeModeManager (HealthyPipelineSafeModeRule.java:process(130)) - SCM in safe mode. Healthy pipelines reported count is 0, required healthy pipeline reported count is 1
2021-06-03 00:00:20,418 [EventQueue-PipelineReportForOneReplicaPipelineSafeModeRule] INFO  safemode.SCMSafeModeManager (SCMSafeModeManager.java:validateSafeModeExitRules(201)) - AtleastOneDatanodeReportedRule rule is successfully validated
2021-06-03 00:00:20,418 [EventQueue-OpenPipelineForHealthyPipelineSafeModeRule] INFO  safemode.SCMSafeModeManager (HealthyPipelineSafeModeRule.java:process(130)) - SCM in safe mode. Healthy pipelines reported count is 0, required healthy pipeline reported count is 1
2021-06-03 00:00:20,419 [EventQueue-PipelineReportForOneReplicaPipelineSafeModeRule] INFO  safemode.SCMSafeModeManager (SCMSafeModeManager.java:validateSafeModeExitRules(201)) - AtleastOneDatanodeReportedRule rule is successfully validated
2021-06-03 00:00:20,419 [EventQueue-OpenPipelineForHealthyPipelineSafeModeRule] INFO  safemode.SCMSafeModeManager (HealthyPipelineSafeModeRule.java:process(130)) - SCM in safe mode. Healthy pipelines reported count is 0, required healthy pipeline reported count is 1
2021-06-03 00:00:20,441 [EventQueue-PipelineReportForOneReplicaPipelineSafeModeRule] INFO  safemode.SCMSafeModeManager (SCMSafeModeManager.java:validateSafeModeExitRules(201)) - AtleastOneDatanodeReportedRule rule is successfully validated
2021-06-03 00:00:20,441 [EventQueue-OpenPipelineForHealthyPipelineSafeModeRule] INFO  safemode.SCMSafeModeManager (HealthyPipelineSafeModeRule.java:process(130)) - SCM in safe mode. Healthy pipelines reported count is 0, required healthy pipeline reported count is 1
2021-06-03 00:00:20,461 [EventQueue-PipelineReportForOneReplicaPipelineSafeModeRule] INFO  safemode.SCMSafeModeManager (SCMSafeModeManager.java:validateSafeModeExitRules(201)) - AtleastOneDatanodeReportedRule rule is successfully validated
2021-06-03 00:00:20,461 [EventQueue-OpenPipelineForHealthyPipelineSafeModeRule] INFO  safemode.SCMSafeModeManager (HealthyPipelineSafeModeRule.java:process(130)) - SCM in safe mode. Healthy pipelines reported count is 0, required healthy pipeline reported count is 1
2021-06-03 00:00:20,508 [EventQueue-PipelineReportForOneReplicaPipelineSafeModeRule] INFO  safemode.SCMSafeModeManager (SCMSafeModeManager.java:validateSafeModeExitRules(201)) - AtleastOneDatanodeReportedRule rule is successfully validated
2021-06-03 00:00:20,508 [EventQueue-OpenPipelineForHealthyPipelineSafeModeRule] INFO  safemode.SCMSafeModeManager (HealthyPipelineSafeModeRule.java:process(130)) - SCM in safe mode. Healthy pipelines reported count is 0, required healthy pipeline reported count is 1
2021-06-03 00:00:20,541 [EventQueue-PipelineReportForOneReplicaPipelineSafeModeRule] INFO  safemode.SCMSafeModeManager (SCMSafeModeManager.java:validateSafeModeExitRules(201)) - AtleastOneDatanodeReportedRule rule is successfully validated
2021-06-03 00:00:20,541 [EventQueue-OpenPipelineForHealthyPipelineSafeModeRule] INFO  safemode.SCMSafeModeManager (HealthyPipelineSafeModeRule.java:process(130)) - SCM in safe mode. Healthy pipelines reported count is 0, required healthy pipeline reported count is 1
2021-06-03 00:00:20,543 [EventQueue-PipelineReportForOneReplicaPipelineSafeModeRule] INFO  safemode.SCMSafeModeManager (SCMSafeModeManager.java:validateSafeModeExitRules(201)) - AtleastOneDatanodeReportedRule rule is successfully validated
2021-06-03 00:00:20,543 [EventQueue-OpenPipelineForHealthyPipelineSafeModeRule] INFO  safemode.SCMSafeModeManager (HealthyPipelineSafeModeRule.java:process(130)) - SCM in safe mode. Healthy pipelines reported count is 0, required healthy pipeline reported count is 1
2021-06-03 00:00:20,575 [EventQueue-PipelineReportForOneReplicaPipelineSafeModeRule] INFO  safemode.SCMSafeModeManager (SCMSafeModeManager.java:validateSafeModeExitRules(201)) - AtleastOneDatanodeReportedRule rule is successfully validated
2021-06-03 00:00:20,575 [EventQueue-OpenPipelineForHealthyPipelineSafeModeRule] INFO  safemode.SCMSafeModeManager (HealthyPipelineSafeModeRule.java:process(130)) - SCM in safe mode. Healthy pipelines reported count is 0, required healthy pipeline reported count is 1
2021-06-03 00:00:20,591 [EventQueue-PipelineReportForOneReplicaPipelineSafeModeRule] INFO  safemode.SCMSafeModeManager (SCMSafeModeManager.java:validateSafeModeExitRules(201)) - AtleastOneDatanodeReportedRule rule is successfully validated
2021-06-03 00:00:20,591 [EventQueue-OpenPipelineForHealthyPipelineSafeModeRule] INFO  safemode.SCMSafeModeManager (HealthyPipelineSafeModeRule.java:process(130)) - SCM in safe mode. Healthy pipelines reported count is 0, required healthy pipeline reported count is 1
2021-06-03 00:00:20,609 [EventQueue-PipelineReportForOneReplicaPipelineSafeModeRule] INFO  safemode.SCMSafeModeManager (SCMSafeModeManager.java:validateSafeModeExitRules(201)) - AtleastOneDatanodeReportedRule rule is successfully validated
2021-06-03 00:00:20,609 [EventQueue-OpenPipelineForHealthyPipelineSafeModeRule] INFO  safemode.SCMSafeModeManager (HealthyPipelineSafeModeRule.java:process(130)) - SCM in safe mode. Healthy pipelines reported count is 0, required healthy pipeline reported count is 1
2021-06-03 00:00:20,615 [a9999bf8-cc81-46a6-8339-ca63194a4403@group-B082EBF68155-FollowerState] INFO  impl.FollowerState (FollowerState.java:run(134)) - a9999bf8-cc81-46a6-8339-ca63194a4403@group-B082EBF68155-FollowerState: change to CANDIDATE, lastRpcElapsedTime:5126525531ns, electionTimeout:5116ms
2021-06-03 00:00:20,616 [a9999bf8-cc81-46a6-8339-ca63194a4403@group-B082EBF68155-FollowerState] INFO  impl.RoleInfo (RoleInfo.java:shutdownFollowerState(108)) - a9999bf8-cc81-46a6-8339-ca63194a4403: shutdown a9999bf8-cc81-46a6-8339-ca63194a4403@group-B082EBF68155-FollowerState
2021-06-03 00:00:20,616 [a9999bf8-cc81-46a6-8339-ca63194a4403@group-B082EBF68155-FollowerState] INFO  server.RaftServer$Division (RaftServerImpl.java:setRole(284)) - a9999bf8-cc81-46a6-8339-ca63194a4403@group-B082EBF68155: changes role from  FOLLOWER to CANDIDATE at term 0 for changeToCandidate
2021-06-03 00:00:20,617 [a9999bf8-cc81-46a6-8339-ca63194a4403@group-B082EBF68155-FollowerState] INFO  server.RaftServerConfigKeys (ConfUtils.java:logGet(44)) - raft.server.leaderelection.pre-vote = false (custom)
2021-06-03 00:00:20,617 [a9999bf8-cc81-46a6-8339-ca63194a4403@group-B082EBF68155-FollowerState] INFO  impl.RoleInfo (RoleInfo.java:updateAndGet(130)) - a9999bf8-cc81-46a6-8339-ca63194a4403: start a9999bf8-cc81-46a6-8339-ca63194a4403@group-B082EBF68155-LeaderElection5
2021-06-03 00:00:20,620 [EventQueue-PipelineReportForOneReplicaPipelineSafeModeRule] INFO  safemode.SCMSafeModeManager (SCMSafeModeManager.java:validateSafeModeExitRules(201)) - AtleastOneDatanodeReportedRule rule is successfully validated
2021-06-03 00:00:20,620 [EventQueue-OpenPipelineForHealthyPipelineSafeModeRule] INFO  safemode.SCMSafeModeManager (HealthyPipelineSafeModeRule.java:process(130)) - SCM in safe mode. Healthy pipelines reported count is 0, required healthy pipeline reported count is 1
2021-06-03 00:00:20,621 [EventQueue-OpenPipelineForHealthyPipelineSafeModeRule] INFO  safemode.SCMSafeModeManager (HealthyPipelineSafeModeRule.java:process(130)) - SCM in safe mode. Healthy pipelines reported count is 0, required healthy pipeline reported count is 1
2021-06-03 00:00:20,621 [EventQueue-PipelineReportForOneReplicaPipelineSafeModeRule] INFO  safemode.SCMSafeModeManager (SCMSafeModeManager.java:validateSafeModeExitRules(201)) - AtleastOneDatanodeReportedRule rule is successfully validated
2021-06-03 00:00:20,622 [7d2c3eba-00a8-4405-8104-350103fd4dff@group-0444540D2B3B-FollowerState] INFO  impl.FollowerState (FollowerState.java:run(134)) - 7d2c3eba-00a8-4405-8104-350103fd4dff@group-0444540D2B3B-FollowerState: change to CANDIDATE, lastRpcElapsedTime:5114821030ns, electionTimeout:5112ms
2021-06-03 00:00:20,622 [7d2c3eba-00a8-4405-8104-350103fd4dff@group-0444540D2B3B-FollowerState] INFO  impl.RoleInfo (RoleInfo.java:shutdownFollowerState(108)) - 7d2c3eba-00a8-4405-8104-350103fd4dff: shutdown 7d2c3eba-00a8-4405-8104-350103fd4dff@group-0444540D2B3B-FollowerState
2021-06-03 00:00:20,622 [7d2c3eba-00a8-4405-8104-350103fd4dff@group-0444540D2B3B-FollowerState] INFO  server.RaftServer$Division (RaftServerImpl.java:setRole(284)) - 7d2c3eba-00a8-4405-8104-350103fd4dff@group-0444540D2B3B: changes role from  FOLLOWER to CANDIDATE at term 0 for changeToCandidate
2021-06-03 00:00:20,623 [7d2c3eba-00a8-4405-8104-350103fd4dff@group-0444540D2B3B-FollowerState] INFO  server.RaftServerConfigKeys (ConfUtils.java:logGet(44)) - raft.server.leaderelection.pre-vote = false (custom)
2021-06-03 00:00:20,623 [7d2c3eba-00a8-4405-8104-350103fd4dff@group-0444540D2B3B-FollowerState] INFO  impl.RoleInfo (RoleInfo.java:updateAndGet(130)) - 7d2c3eba-00a8-4405-8104-350103fd4dff: start 7d2c3eba-00a8-4405-8104-350103fd4dff@group-0444540D2B3B-LeaderElection6
2021-06-03 00:00:20,625 [a9999bf8-cc81-46a6-8339-ca63194a4403@group-B082EBF68155-LeaderElection5] INFO  impl.LeaderElection (LeaderElection.java:askForVotes(306)) - a9999bf8-cc81-46a6-8339-ca63194a4403@group-B082EBF68155-LeaderElection5 ELECTION round 0: submit vote requests at term 1 for -1: [a9999bf8-cc81-46a6-8339-ca63194a4403|rpc:10.1.0.28:44263|priority:1], old=null
2021-06-03 00:00:20,625 [a9999bf8-cc81-46a6-8339-ca63194a4403@group-B082EBF68155-LeaderElection5] INFO  impl.LeaderElection (LeaderElection.java:askForVotes(308)) - a9999bf8-cc81-46a6-8339-ca63194a4403@group-B082EBF68155-LeaderElection5 ELECTION round 0: result PASSED (term=1)
2021-06-03 00:00:20,625 [a9999bf8-cc81-46a6-8339-ca63194a4403@group-B082EBF68155-LeaderElection5] INFO  impl.RoleInfo (RoleInfo.java:shutdownLeaderElection(121)) - a9999bf8-cc81-46a6-8339-ca63194a4403: shutdown a9999bf8-cc81-46a6-8339-ca63194a4403@group-B082EBF68155-LeaderElection5
2021-06-03 00:00:20,625 [a9999bf8-cc81-46a6-8339-ca63194a4403@group-B082EBF68155-LeaderElection5] INFO  server.RaftServer$Division (RaftServerImpl.java:setRole(284)) - a9999bf8-cc81-46a6-8339-ca63194a4403@group-B082EBF68155: changes role from CANDIDATE to LEADER at term 1 for changeToLeader
2021-06-03 00:00:20,625 [a9999bf8-cc81-46a6-8339-ca63194a4403@group-B082EBF68155-LeaderElection5] INFO  ratis.XceiverServerRatis (XceiverServerRatis.java:handleLeaderChangedNotification(906)) - Leader change notification received for group: group-B082EBF68155 with new leaderId: a9999bf8-cc81-46a6-8339-ca63194a4403
2021-06-03 00:00:20,626 [a9999bf8-cc81-46a6-8339-ca63194a4403@group-B082EBF68155-LeaderElection5] INFO  server.RaftServer$Division (ServerState.java:setLeader(271)) - a9999bf8-cc81-46a6-8339-ca63194a4403@group-B082EBF68155: change Leader from null to a9999bf8-cc81-46a6-8339-ca63194a4403 at term 1 for becomeLeader, leader elected after 5192ms
2021-06-03 00:00:20,626 [a9999bf8-cc81-46a6-8339-ca63194a4403@group-B082EBF68155-LeaderElection5] INFO  server.RaftServerConfigKeys (ConfUtils.java:logGet(44)) - raft.server.staging.catchup.gap = 1000 (default)
2021-06-03 00:00:20,626 [EventQueue-OpenPipelineForHealthyPipelineSafeModeRule] INFO  safemode.SCMSafeModeManager (HealthyPipelineSafeModeRule.java:process(130)) - SCM in safe mode. Healthy pipelines reported count is 0, required healthy pipeline reported count is 1
2021-06-03 00:00:20,626 [EventQueue-PipelineReportForOneReplicaPipelineSafeModeRule] INFO  safemode.SCMSafeModeManager (SCMSafeModeManager.java:validateSafeModeExitRules(201)) - AtleastOneDatanodeReportedRule rule is successfully validated
2021-06-03 00:00:20,626 [a9999bf8-cc81-46a6-8339-ca63194a4403@group-B082EBF68155-LeaderElection5] INFO  metrics.RatisMetrics (RatisMetrics.java:lambda$create$0(36)) - Creating Metrics Registry : ratis.log_appender.a9999bf8-cc81-46a6-8339-ca63194a4403@group-B082EBF68155
2021-06-03 00:00:20,626 [a9999bf8-cc81-46a6-8339-ca63194a4403@group-B082EBF68155-LeaderElection5] INFO  server.RaftServerConfigKeys (ConfUtils.java:logGet(44)) - raft.server.write.element-limit = 1024 (custom)
2021-06-03 00:00:20,626 [a9999bf8-cc81-46a6-8339-ca63194a4403@group-B082EBF68155-LeaderElection5] INFO  server.RaftServerConfigKeys (ConfUtils.java:logGet(44)) - raft.server.write.byte-limit = 1073741824 (custom)
2021-06-03 00:00:20,627 [a9999bf8-cc81-46a6-8339-ca63194a4403@group-B082EBF68155-LeaderElection5] INFO  server.RaftServerConfigKeys (ConfUtils.java:logGet(44)) - raft.server.watch.timeout = 10000ms (default)
2021-06-03 00:00:20,627 [a9999bf8-cc81-46a6-8339-ca63194a4403@group-B082EBF68155-LeaderElection5] INFO  server.RaftServerConfigKeys (ConfUtils.java:logGet(44)) - raft.server.watch.timeout.denomination = 1s (default)
2021-06-03 00:00:20,627 [a9999bf8-cc81-46a6-8339-ca63194a4403@group-B082EBF68155-LeaderElection5] INFO  server.RaftServerConfigKeys (ConfUtils.java:logGet(44)) - raft.server.watch.element-limit = 65536 (default)
2021-06-03 00:00:20,627 [a9999bf8-cc81-46a6-8339-ca63194a4403@group-B082EBF68155-LeaderElection5] INFO  impl.RoleInfo (RoleInfo.java:updateAndGet(130)) - a9999bf8-cc81-46a6-8339-ca63194a4403: start a9999bf8-cc81-46a6-8339-ca63194a4403@group-B082EBF68155-LeaderStateImpl
2021-06-03 00:00:20,627 [a9999bf8-cc81-46a6-8339-ca63194a4403@group-B082EBF68155-LeaderElection5] INFO  segmented.SegmentedRaftLogWorker (SegmentedRaftLogWorker.java:startLogSegment(394)) - a9999bf8-cc81-46a6-8339-ca63194a4403@group-B082EBF68155-SegmentedRaftLogWorker: Starting segment from index:0
2021-06-03 00:00:20,632 [a9999bf8-cc81-46a6-8339-ca63194a4403@group-B082EBF68155-LeaderElection5] INFO  server.RaftServer$Division (ServerState.java:setRaftConf(373)) - a9999bf8-cc81-46a6-8339-ca63194a4403@group-B082EBF68155: set configuration 0: [a9999bf8-cc81-46a6-8339-ca63194a4403|rpc:10.1.0.28:44263|dataStream:|priority:1], old=null
2021-06-03 00:00:20,633 [a9999bf8-cc81-46a6-8339-ca63194a4403@group-B082EBF68155-SegmentedRaftLogWorker] INFO  segmented.SegmentedRaftLogWorker (SegmentedRaftLogWorker.java:execute(601)) - a9999bf8-cc81-46a6-8339-ca63194a4403@group-B082EBF68155-SegmentedRaftLogWorker: created new log segment /home/runner/work/ozone/ozone/mnt/ozone/hadoop-ozone/integration-test/target/test-dir/MiniOzoneClusterImpl-d99b0d03-7963-4ac2-881f-75d2f82b72ef/datanode-2/data/ratis/fcf43b2d-7e6c-4e48-8c51-b082ebf68155/current/log_inprogress_0
2021-06-03 00:00:20,635 [a9999bf8-cc81-46a6-8339-ca63194a4403@group-B082EBF68155-StateMachineUpdater] INFO  ratis.ContainerStateMachine (ContainerStateMachine.java:takeSnapshot(292)) - group-B082EBF68155: Taking a snapshot at:(t:1, i:0) file /home/runner/work/ozone/ozone/mnt/ozone/hadoop-ozone/integration-test/target/test-dir/MiniOzoneClusterImpl-d99b0d03-7963-4ac2-881f-75d2f82b72ef/datanode-2/data/ratis/fcf43b2d-7e6c-4e48-8c51-b082ebf68155/sm/snapshot.1_0
2021-06-03 00:00:20,635 [a9999bf8-cc81-46a6-8339-ca63194a4403@group-B082EBF68155-StateMachineUpdater] INFO  ratis.ContainerStateMachine (ContainerStateMachine.java:takeSnapshot(303)) - group-B082EBF68155: Finished taking a snapshot at:(t:1, i:0) file:/home/runner/work/ozone/ozone/mnt/ozone/hadoop-ozone/integration-test/target/test-dir/MiniOzoneClusterImpl-d99b0d03-7963-4ac2-881f-75d2f82b72ef/datanode-2/data/ratis/fcf43b2d-7e6c-4e48-8c51-b082ebf68155/sm/snapshot.1_0 took: 1 ms
2021-06-03 00:00:20,635 [a9999bf8-cc81-46a6-8339-ca63194a4403@group-B082EBF68155-StateMachineUpdater] INFO  impl.StateMachineUpdater (StateMachineUpdater.java:takeSnapshot(281)) - a9999bf8-cc81-46a6-8339-ca63194a4403@group-B082EBF68155-StateMachineUpdater: Took a snapshot at index 0
2021-06-03 00:00:20,635 [a9999bf8-cc81-46a6-8339-ca63194a4403@group-B082EBF68155-StateMachineUpdater] INFO  impl.StateMachineUpdater (StateMachineUpdater.java:lambda$new$0(89)) - a9999bf8-cc81-46a6-8339-ca63194a4403@group-B082EBF68155-StateMachineUpdater: snapshotIndex: updateIncreasingly -1 -> 0
2021-06-03 00:00:20,636 [7d2c3eba-00a8-4405-8104-350103fd4dff@group-0444540D2B3B-LeaderElection6] INFO  impl.LeaderElection (LeaderElection.java:askForVotes(306)) - 7d2c3eba-00a8-4405-8104-350103fd4dff@group-0444540D2B3B-LeaderElection6 ELECTION round 0: submit vote requests at term 1 for -1: [7d2c3eba-00a8-4405-8104-350103fd4dff|rpc:10.1.0.28:45839|priority:1], old=null
2021-06-03 00:00:20,636 [7d2c3eba-00a8-4405-8104-350103fd4dff@group-0444540D2B3B-LeaderElection6] INFO  impl.LeaderElection (LeaderElection.java:askForVotes(308)) - 7d2c3eba-00a8-4405-8104-350103fd4dff@group-0444540D2B3B-LeaderElection6 ELECTION round 0: result PASSED (term=1)
2021-06-03 00:00:20,636 [7d2c3eba-00a8-4405-8104-350103fd4dff@group-0444540D2B3B-LeaderElection6] INFO  impl.RoleInfo (RoleInfo.java:shutdownLeaderElection(121)) - 7d2c3eba-00a8-4405-8104-350103fd4dff: shutdown 7d2c3eba-00a8-4405-8104-350103fd4dff@group-0444540D2B3B-LeaderElection6
2021-06-03 00:00:20,636 [7d2c3eba-00a8-4405-8104-350103fd4dff@group-0444540D2B3B-LeaderElection6] INFO  server.RaftServer$Division (RaftServerImpl.java:setRole(284)) - 7d2c3eba-00a8-4405-8104-350103fd4dff@group-0444540D2B3B: changes role from CANDIDATE to LEADER at term 1 for changeToLeader
2021-06-03 00:00:20,636 [7d2c3eba-00a8-4405-8104-350103fd4dff@group-0444540D2B3B-LeaderElection6] INFO  ratis.XceiverServerRatis (XceiverServerRatis.java:handleLeaderChangedNotification(906)) - Leader change notification received for group: group-0444540D2B3B with new leaderId: 7d2c3eba-00a8-4405-8104-350103fd4dff
2021-06-03 00:00:20,636 [7d2c3eba-00a8-4405-8104-350103fd4dff@group-0444540D2B3B-LeaderElection6] INFO  server.RaftServer$Division (ServerState.java:setLeader(271)) - 7d2c3eba-00a8-4405-8104-350103fd4dff@group-0444540D2B3B: change Leader from null to 7d2c3eba-00a8-4405-8104-350103fd4dff at term 1 for becomeLeader, leader elected after 5152ms
2021-06-03 00:00:20,637 [7d2c3eba-00a8-4405-8104-350103fd4dff@group-0444540D2B3B-LeaderElection6] INFO  server.RaftServerConfigKeys (ConfUtils.java:logGet(44)) - raft.server.staging.catchup.gap = 1000 (default)
2021-06-03 00:00:20,637 [7d2c3eba-00a8-4405-8104-350103fd4dff@group-0444540D2B3B-LeaderElection6] INFO  metrics.RatisMetrics (RatisMetrics.java:lambda$create$0(36)) - Creating Metrics Registry : ratis.log_appender.7d2c3eba-00a8-4405-8104-350103fd4dff@group-0444540D2B3B
2021-06-03 00:00:20,637 [7d2c3eba-00a8-4405-8104-350103fd4dff@group-0444540D2B3B-LeaderElection6] INFO  server.RaftServerConfigKeys (ConfUtils.java:logGet(44)) - raft.server.write.element-limit = 1024 (custom)
2021-06-03 00:00:20,637 [7d2c3eba-00a8-4405-8104-350103fd4dff@group-0444540D2B3B-LeaderElection6] INFO  server.RaftServerConfigKeys (ConfUtils.java:logGet(44)) - raft.server.write.byte-limit = 1073741824 (custom)
2021-06-03 00:00:20,637 [EventQueue-OpenPipelineForHealthyPipelineSafeModeRule] INFO  safemode.SCMSafeModeManager (HealthyPipelineSafeModeRule.java:process(130)) - SCM in safe mode. Healthy pipelines reported count is 0, required healthy pipeline reported count is 1
2021-06-03 00:00:20,637 [EventQueue-PipelineReportForOneReplicaPipelineSafeModeRule] INFO  safemode.SCMSafeModeManager (SCMSafeModeManager.java:validateSafeModeExitRules(201)) - AtleastOneDatanodeReportedRule rule is successfully validated
2021-06-03 00:00:20,638 [7d2c3eba-00a8-4405-8104-350103fd4dff@group-0444540D2B3B-LeaderElection6] INFO  server.RaftServerConfigKeys (ConfUtils.java:logGet(44)) - raft.server.watch.timeout = 10000ms (default)
2021-06-03 00:00:20,638 [7d2c3eba-00a8-4405-8104-350103fd4dff@group-0444540D2B3B-LeaderElection6] INFO  server.RaftServerConfigKeys (ConfUtils.java:logGet(44)) - raft.server.watch.timeout.denomination = 1s (default)
2021-06-03 00:00:20,638 [7d2c3eba-00a8-4405-8104-350103fd4dff@group-0444540D2B3B-LeaderElection6] INFO  server.RaftServerConfigKeys (ConfUtils.java:logGet(44)) - raft.server.watch.element-limit = 65536 (default)
2021-06-03 00:00:20,638 [7d2c3eba-00a8-4405-8104-350103fd4dff@group-0444540D2B3B-LeaderElection6] INFO  impl.RoleInfo (RoleInfo.java:updateAndGet(130)) - 7d2c3eba-00a8-4405-8104-350103fd4dff: start 7d2c3eba-00a8-4405-8104-350103fd4dff@group-0444540D2B3B-LeaderStateImpl
2021-06-03 00:00:20,638 [7d2c3eba-00a8-4405-8104-350103fd4dff@group-0444540D2B3B-LeaderElection6] INFO  segmented.SegmentedRaftLogWorker (SegmentedRaftLogWorker.java:startLogSegment(394)) - 7d2c3eba-00a8-4405-8104-350103fd4dff@group-0444540D2B3B-SegmentedRaftLogWorker: Starting segment from index:0
2021-06-03 00:00:20,640 [7d2c3eba-00a8-4405-8104-350103fd4dff@group-0444540D2B3B-SegmentedRaftLogWorker] INFO  segmented.SegmentedRaftLogWorker (SegmentedRaftLogWorker.java:execute(601)) - 7d2c3eba-00a8-4405-8104-350103fd4dff@group-0444540D2B3B-SegmentedRaftLogWorker: created new log segment /home/runner/work/ozone/ozone/mnt/ozone/hadoop-ozone/integration-test/target/test-dir/MiniOzoneClusterImpl-d99b0d03-7963-4ac2-881f-75d2f82b72ef/datanode-3/data/ratis/85b7a450-b81f-49c4-b464-0444540d2b3b/current/log_inprogress_0
2021-06-03 00:00:20,649 [7d2c3eba-00a8-4405-8104-350103fd4dff@group-0444540D2B3B-LeaderElection6] INFO  server.RaftServer$Division (ServerState.java:setRaftConf(373)) - 7d2c3eba-00a8-4405-8104-350103fd4dff@group-0444540D2B3B: set configuration 0: [7d2c3eba-00a8-4405-8104-350103fd4dff|rpc:10.1.0.28:45839|dataStream:|priority:1], old=null
2021-06-03 00:00:20,651 [7d2c3eba-00a8-4405-8104-350103fd4dff@group-0444540D2B3B-StateMachineUpdater] INFO  ratis.ContainerStateMachine (ContainerStateMachine.java:takeSnapshot(292)) - group-0444540D2B3B: Taking a snapshot at:(t:1, i:0) file /home/runner/work/ozone/ozone/mnt/ozone/hadoop-ozone/integration-test/target/test-dir/MiniOzoneClusterImpl-d99b0d03-7963-4ac2-881f-75d2f82b72ef/datanode-3/data/ratis/85b7a450-b81f-49c4-b464-0444540d2b3b/sm/snapshot.1_0
2021-06-03 00:00:20,653 [7d2c3eba-00a8-4405-8104-350103fd4dff@group-0444540D2B3B-StateMachineUpdater] INFO  ratis.ContainerStateMachine (ContainerStateMachine.java:takeSnapshot(303)) - group-0444540D2B3B: Finished taking a snapshot at:(t:1, i:0) file:/home/runner/work/ozone/ozone/mnt/ozone/hadoop-ozone/integration-test/target/test-dir/MiniOzoneClusterImpl-d99b0d03-7963-4ac2-881f-75d2f82b72ef/datanode-3/data/ratis/85b7a450-b81f-49c4-b464-0444540d2b3b/sm/snapshot.1_0 took: 1 ms
2021-06-03 00:00:20,653 [7d2c3eba-00a8-4405-8104-350103fd4dff@group-0444540D2B3B-StateMachineUpdater] INFO  impl.StateMachineUpdater (StateMachineUpdater.java:takeSnapshot(281)) - 7d2c3eba-00a8-4405-8104-350103fd4dff@group-0444540D2B3B-StateMachineUpdater: Took a snapshot at index 0
2021-06-03 00:00:20,653 [7d2c3eba-00a8-4405-8104-350103fd4dff@group-0444540D2B3B-StateMachineUpdater] INFO  impl.StateMachineUpdater (StateMachineUpdater.java:lambda$new$0(89)) - 7d2c3eba-00a8-4405-8104-350103fd4dff@group-0444540D2B3B-StateMachineUpdater: snapshotIndex: updateIncreasingly -1 -> 0
2021-06-03 00:00:20,661 [EventQueue-PipelineReportForOneReplicaPipelineSafeModeRule] INFO  safemode.SCMSafeModeManager (SCMSafeModeManager.java:validateSafeModeExitRules(201)) - AtleastOneDatanodeReportedRule rule is successfully validated
2021-06-03 00:00:20,661 [EventQueue-OpenPipelineForHealthyPipelineSafeModeRule] INFO  safemode.SCMSafeModeManager (HealthyPipelineSafeModeRule.java:process(130)) - SCM in safe mode. Healthy pipelines reported count is 0, required healthy pipeline reported count is 1
2021-06-03 00:00:20,708 [a9999bf8-cc81-46a6-8339-ca63194a4403@group-E153A90E5FFE-FollowerState] INFO  impl.FollowerState (FollowerState.java:run(134)) - a9999bf8-cc81-46a6-8339-ca63194a4403@group-E153A90E5FFE-FollowerState: change to CANDIDATE, lastRpcElapsedTime:5127823178ns, electionTimeout:5121ms
2021-06-03 00:00:20,708 [EventQueue-PipelineReportForOneReplicaPipelineSafeModeRule] INFO  safemode.SCMSafeModeManager (SCMSafeModeManager.java:validateSafeModeExitRules(201)) - AtleastOneDatanodeReportedRule rule is successfully validated
2021-06-03 00:00:20,709 [EventQueue-OpenPipelineForHealthyPipelineSafeModeRule] INFO  safemode.SCMSafeModeManager (HealthyPipelineSafeModeRule.java:process(130)) - SCM in safe mode. Healthy pipelines reported count is 0, required healthy pipeline reported count is 1
2021-06-03 00:00:20,709 [a9999bf8-cc81-46a6-8339-ca63194a4403@group-E153A90E5FFE-FollowerState] INFO  impl.RoleInfo (RoleInfo.java:shutdownFollowerState(108)) - a9999bf8-cc81-46a6-8339-ca63194a4403: shutdown a9999bf8-cc81-46a6-8339-ca63194a4403@group-E153A90E5FFE-FollowerState
2021-06-03 00:00:20,709 [a9999bf8-cc81-46a6-8339-ca63194a4403@group-E153A90E5FFE-FollowerState] INFO  server.RaftServer$Division (RaftServerImpl.java:setRole(284)) - a9999bf8-cc81-46a6-8339-ca63194a4403@group-E153A90E5FFE: changes role from  FOLLOWER to CANDIDATE at term 0 for changeToCandidate
2021-06-03 00:00:20,709 [a9999bf8-cc81-46a6-8339-ca63194a4403@group-E153A90E5FFE-FollowerState] INFO  server.RaftServerConfigKeys (ConfUtils.java:logGet(44)) - raft.server.leaderelection.pre-vote = false (custom)
2021-06-03 00:00:20,709 [a9999bf8-cc81-46a6-8339-ca63194a4403@group-E153A90E5FFE-FollowerState] INFO  impl.RoleInfo (RoleInfo.java:updateAndGet(130)) - a9999bf8-cc81-46a6-8339-ca63194a4403: start a9999bf8-cc81-46a6-8339-ca63194a4403@group-E153A90E5FFE-LeaderElection7
2021-06-03 00:00:20,709 [7d2c3eba-00a8-4405-8104-350103fd4dff@group-F5FB650D46EE-FollowerState] INFO  impl.FollowerState (FollowerState.java:run(134)) - 7d2c3eba-00a8-4405-8104-350103fd4dff@group-F5FB650D46EE-FollowerState: change to CANDIDATE, lastRpcElapsedTime:5162049341ns, electionTimeout:5152ms
2021-06-03 00:00:20,709 [7d2c3eba-00a8-4405-8104-350103fd4dff@group-F5FB650D46EE-FollowerState] INFO  impl.RoleInfo (RoleInfo.java:shutdownFollowerState(108)) - 7d2c3eba-00a8-4405-8104-350103fd4dff: shutdown 7d2c3eba-00a8-4405-8104-350103fd4dff@group-F5FB650D46EE-FollowerState
2021-06-03 00:00:20,709 [7d2c3eba-00a8-4405-8104-350103fd4dff@group-F5FB650D46EE-FollowerState] INFO  server.RaftServer$Division (RaftServerImpl.java:setRole(284)) - 7d2c3eba-00a8-4405-8104-350103fd4dff@group-F5FB650D46EE: changes role from  FOLLOWER to CANDIDATE at term 0 for changeToCandidate
2021-06-03 00:00:20,710 [7d2c3eba-00a8-4405-8104-350103fd4dff@group-F5FB650D46EE-FollowerState] INFO  server.RaftServerConfigKeys (ConfUtils.java:logGet(44)) - raft.server.leaderelection.pre-vote = false (custom)
2021-06-03 00:00:20,710 [7d2c3eba-00a8-4405-8104-350103fd4dff@group-F5FB650D46EE-FollowerState] INFO  impl.RoleInfo (RoleInfo.java:updateAndGet(130)) - 7d2c3eba-00a8-4405-8104-350103fd4dff: start 7d2c3eba-00a8-4405-8104-350103fd4dff@group-F5FB650D46EE-LeaderElection8
2021-06-03 00:00:20,714 [a9999bf8-cc81-46a6-8339-ca63194a4403@group-E153A90E5FFE-LeaderElection7] INFO  impl.LeaderElection (LeaderElection.java:askForVotes(306)) - a9999bf8-cc81-46a6-8339-ca63194a4403@group-E153A90E5FFE-LeaderElection7 ELECTION round 0: submit vote requests at term 1 for -1: [696e796d-aedf-4aed-93c4-430e12ffa8fc|rpc:10.1.0.28:37569|priority:1, a9999bf8-cc81-46a6-8339-ca63194a4403|rpc:10.1.0.28:44263|priority:0, c00dd357-5364-4c4f-a775-3282c2d03178|rpc:10.1.0.28:41287|priority:0], old=null
2021-06-03 00:00:20,714 [7d2c3eba-00a8-4405-8104-350103fd4dff@group-F5FB650D46EE-LeaderElection8] INFO  impl.LeaderElection (LeaderElection.java:askForVotes(306)) - 7d2c3eba-00a8-4405-8104-350103fd4dff@group-F5FB650D46EE-LeaderElection8 ELECTION round 0: submit vote requests at term 1 for -1: [15d89ff8-8978-426f-aa57-cfd2a1dc180a|rpc:10.1.0.28:41799|priority:1, f4f16679-ee25-4299-b5ef-20744ad00da9|rpc:10.1.0.28:36455|priority:0, 7d2c3eba-00a8-4405-8104-350103fd4dff|rpc:10.1.0.28:45839|priority:0], old=null
2021-06-03 00:00:20,726 [grpc-default-executor-2] INFO  server.RaftServer$Division (RaftServerImpl.java:requestVote(1042)) - c00dd357-5364-4c4f-a775-3282c2d03178@group-E153A90E5FFE: receive requestVote(ELECTION, a9999bf8-cc81-46a6-8339-ca63194a4403, group-E153A90E5FFE, 1, (t:0, i:0))
2021-06-03 00:00:20,726 [grpc-default-executor-2] INFO  impl.VoteContext (VoteContext.java:log(48)) - c00dd357-5364-4c4f-a775-3282c2d03178@group-E153A90E5FFE-FOLLOWER: accept ELECTION from a9999bf8-cc81-46a6-8339-ca63194a4403: our priority 0 <= candidate's priority 0
2021-06-03 00:00:20,730 [grpc-default-executor-2] INFO  server.RaftServer$Division (RaftServerImpl.java:setRole(284)) - c00dd357-5364-4c4f-a775-3282c2d03178@group-E153A90E5FFE: changes role from  FOLLOWER to FOLLOWER at term 1 for candidate:a9999bf8-cc81-46a6-8339-ca63194a4403
2021-06-03 00:00:20,730 [grpc-default-executor-2] INFO  impl.RoleInfo (RoleInfo.java:shutdownFollowerState(108)) - c00dd357-5364-4c4f-a775-3282c2d03178: shutdown c00dd357-5364-4c4f-a775-3282c2d03178@group-E153A90E5FFE-FollowerState
2021-06-03 00:00:20,730 [grpc-default-executor-2] INFO  impl.RoleInfo (RoleInfo.java:updateAndGet(130)) - c00dd357-5364-4c4f-a775-3282c2d03178: start c00dd357-5364-4c4f-a775-3282c2d03178@group-E153A90E5FFE-FollowerState
2021-06-03 00:00:20,730 [c00dd357-5364-4c4f-a775-3282c2d03178@group-E153A90E5FFE-FollowerState] INFO  impl.FollowerState (FollowerState.java:run(143)) - c00dd357-5364-4c4f-a775-3282c2d03178@group-E153A90E5FFE-FollowerState was interrupted: {}
java.lang.InterruptedException: sleep interrupted
	at java.lang.Thread.sleep(Native Method)
	at java.lang.Thread.sleep(Thread.java:340)
	at java.util.concurrent.TimeUnit.sleep(TimeUnit.java:386)
	at org.apache.ratis.util.TimeDuration.sleep(TimeDuration.java:324)
	at org.apache.ratis.util.TimeDuration.sleep(TimeDuration.java:309)
	at org.apache.ratis.server.impl.FollowerState.run(FollowerState.java:118)
2021-06-03 00:00:20,732 [grpc-default-executor-2] INFO  server.RaftServer$Division (RaftServerImpl.java:requestVote(1074)) - c00dd357-5364-4c4f-a775-3282c2d03178@group-E153A90E5FFE replies to ELECTION vote request: a9999bf8-cc81-46a6-8339-ca63194a4403<-c00dd357-5364-4c4f-a775-3282c2d03178#0:OK-t1. Peer's state: c00dd357-5364-4c4f-a775-3282c2d03178@group-E153A90E5FFE:t1, leader=null, voted=a9999bf8-cc81-46a6-8339-ca63194a4403, raftlog=c00dd357-5364-4c4f-a775-3282c2d03178@group-E153A90E5FFE-SegmentedRaftLog:OPENED:c-1,f-1,i0, conf=-1: [696e796d-aedf-4aed-93c4-430e12ffa8fc|rpc:10.1.0.28:37569|dataStream:|priority:1, a9999bf8-cc81-46a6-8339-ca63194a4403|rpc:10.1.0.28:44263|dataStream:|priority:0, c00dd357-5364-4c4f-a775-3282c2d03178|rpc:10.1.0.28:41287|dataStream:|priority:0], old=null
2021-06-03 00:00:20,733 [696e796d-aedf-4aed-93c4-430e12ffa8fc@group-E153A90E5FFE-FollowerState] INFO  impl.FollowerState (FollowerState.java:run(134)) - 696e796d-aedf-4aed-93c4-430e12ffa8fc@group-E153A90E5FFE-FollowerState: change to CANDIDATE, lastRpcElapsedTime:5119057802ns, electionTimeout:5102ms
2021-06-03 00:00:20,733 [696e796d-aedf-4aed-93c4-430e12ffa8fc@group-E153A90E5FFE-FollowerState] INFO  impl.RoleInfo (RoleInfo.java:shutdownFollowerState(108)) - 696e796d-aedf-4aed-93c4-430e12ffa8fc: shutdown 696e796d-aedf-4aed-93c4-430e12ffa8fc@group-E153A90E5FFE-FollowerState
2021-06-03 00:00:20,733 [696e796d-aedf-4aed-93c4-430e12ffa8fc@group-E153A90E5FFE-FollowerState] INFO  server.RaftServer$Division (RaftServerImpl.java:setRole(284)) - 696e796d-aedf-4aed-93c4-430e12ffa8fc@group-E153A90E5FFE: changes role from  FOLLOWER to CANDIDATE at term 0 for changeToCandidate
2021-06-03 00:00:20,733 [696e796d-aedf-4aed-93c4-430e12ffa8fc@group-E153A90E5FFE-FollowerState] INFO  server.RaftServerConfigKeys (ConfUtils.java:logGet(44)) - raft.server.leaderelection.pre-vote = false (custom)
2021-06-03 00:00:20,733 [696e796d-aedf-4aed-93c4-430e12ffa8fc@group-E153A90E5FFE-FollowerState] INFO  impl.RoleInfo (RoleInfo.java:updateAndGet(130)) - 696e796d-aedf-4aed-93c4-430e12ffa8fc: start 696e796d-aedf-4aed-93c4-430e12ffa8fc@group-E153A90E5FFE-LeaderElection9
2021-06-03 00:00:20,739 [grpc-default-executor-1] INFO  server.RaftServer$Division (RaftServerImpl.java:requestVote(1042)) - 696e796d-aedf-4aed-93c4-430e12ffa8fc@group-E153A90E5FFE: receive requestVote(ELECTION, a9999bf8-cc81-46a6-8339-ca63194a4403, group-E153A90E5FFE, 1, (t:0, i:0))
2021-06-03 00:00:20,741 [grpc-default-executor-1] INFO  impl.VoteContext (VoteContext.java:log(48)) - 696e796d-aedf-4aed-93c4-430e12ffa8fc@group-E153A90E5FFE-CANDIDATE: reject ELECTION from a9999bf8-cc81-46a6-8339-ca63194a4403: our priority 1 > candidate's priority 0
2021-06-03 00:00:20,741 [grpc-default-executor-1] INFO  server.RaftServer$Division (RaftServerImpl.java:setRole(284)) - 696e796d-aedf-4aed-93c4-430e12ffa8fc@group-E153A90E5FFE: changes role from CANDIDATE to FOLLOWER at term 1 for candidate:a9999bf8-cc81-46a6-8339-ca63194a4403
2021-06-03 00:00:20,741 [grpc-default-executor-1] INFO  impl.RoleInfo (RoleInfo.java:shutdownLeaderElection(121)) - 696e796d-aedf-4aed-93c4-430e12ffa8fc: shutdown 696e796d-aedf-4aed-93c4-430e12ffa8fc@group-E153A90E5FFE-LeaderElection9
2021-06-03 00:00:20,741 [grpc-default-executor-1] INFO  impl.RoleInfo (RoleInfo.java:updateAndGet(130)) - 696e796d-aedf-4aed-93c4-430e12ffa8fc: start 696e796d-aedf-4aed-93c4-430e12ffa8fc@group-E153A90E5FFE-FollowerState
2021-06-03 00:00:20,742 [696e796d-aedf-4aed-93c4-430e12ffa8fc@group-E153A90E5FFE-LeaderElection9] INFO  impl.LeaderElection (LeaderElection.java:run(230)) - 696e796d-aedf-4aed-93c4-430e12ffa8fc@group-E153A90E5FFE-LeaderElection9: skip running since this is already CLOSING
2021-06-03 00:00:20,742 [EventQueue-OpenPipelineForHealthyPipelineSafeModeRule] INFO  safemode.SCMSafeModeManager (HealthyPipelineSafeModeRule.java:process(130)) - SCM in safe mode. Healthy pipelines reported count is 0, required healthy pipeline reported count is 1
2021-06-03 00:00:20,742 [f4f16679-ee25-4299-b5ef-20744ad00da9@group-F5FB650D46EE-FollowerState] INFO  impl.FollowerState (FollowerState.java:run(134)) - f4f16679-ee25-4299-b5ef-20744ad00da9@group-F5FB650D46EE-FollowerState: change to CANDIDATE, lastRpcElapsedTime:5056031409ns, electionTimeout:5055ms
2021-06-03 00:00:20,742 [f4f16679-ee25-4299-b5ef-20744ad00da9@group-F5FB650D46EE-FollowerState] INFO  impl.RoleInfo (RoleInfo.java:shutdownFollowerState(108)) - f4f16679-ee25-4299-b5ef-20744ad00da9: shutdown f4f16679-ee25-4299-b5ef-20744ad00da9@group-F5FB650D46EE-FollowerState
2021-06-03 00:00:20,742 [f4f16679-ee25-4299-b5ef-20744ad00da9@group-F5FB650D46EE-FollowerState] INFO  server.RaftServer$Division (RaftServerImpl.java:setRole(284)) - f4f16679-ee25-4299-b5ef-20744ad00da9@group-F5FB650D46EE: changes role from  FOLLOWER to CANDIDATE at term 0 for changeToCandidate
2021-06-03 00:00:20,742 [EventQueue-PipelineReportForOneReplicaPipelineSafeModeRule] INFO  safemode.SCMSafeModeManager (SCMSafeModeManager.java:validateSafeModeExitRules(201)) - AtleastOneDatanodeReportedRule rule is successfully validated
2021-06-03 00:00:20,743 [EventQueue-OpenPipelineForHealthyPipelineSafeModeRule] INFO  safemode.SCMSafeModeManager (HealthyPipelineSafeModeRule.java:process(130)) - SCM in safe mode. Healthy pipelines reported count is 0, required healthy pipeline reported count is 1
2021-06-03 00:00:20,743 [EventQueue-PipelineReportForOneReplicaPipelineSafeModeRule] INFO  safemode.SCMSafeModeManager (SCMSafeModeManager.java:validateSafeModeExitRules(201)) - AtleastOneDatanodeReportedRule rule is successfully validated
2021-06-03 00:00:20,749 [grpc-default-executor-1] INFO  server.RaftServer$Division (RaftServerImpl.java:requestVote(1074)) - 696e796d-aedf-4aed-93c4-430e12ffa8fc@group-E153A90E5FFE replies to ELECTION vote request: a9999bf8-cc81-46a6-8339-ca63194a4403<-696e796d-aedf-4aed-93c4-430e12ffa8fc#0:FAIL-t1. Peer's state: 696e796d-aedf-4aed-93c4-430e12ffa8fc@group-E153A90E5FFE:t1, leader=null, voted=null, raftlog=696e796d-aedf-4aed-93c4-430e12ffa8fc@group-E153A90E5FFE-SegmentedRaftLog:OPENED:c-1,f-1,i0, conf=-1: [696e796d-aedf-4aed-93c4-430e12ffa8fc|rpc:10.1.0.28:37569|priority:1, a9999bf8-cc81-46a6-8339-ca63194a4403|rpc:10.1.0.28:44263|priority:0, c00dd357-5364-4c4f-a775-3282c2d03178|rpc:10.1.0.28:41287|priority:0], old=null
2021-06-03 00:00:20,750 [f4f16679-ee25-4299-b5ef-20744ad00da9@group-F5FB650D46EE-FollowerState] INFO  server.RaftServerConfigKeys (ConfUtils.java:logGet(44)) - raft.server.leaderelection.pre-vote = false (custom)
2021-06-03 00:00:20,750 [f4f16679-ee25-4299-b5ef-20744ad00da9@group-F5FB650D46EE-FollowerState] INFO  impl.RoleInfo (RoleInfo.java:updateAndGet(130)) - f4f16679-ee25-4299-b5ef-20744ad00da9: start f4f16679-ee25-4299-b5ef-20744ad00da9@group-F5FB650D46EE-LeaderElection10
2021-06-03 00:00:20,751 [15d89ff8-8978-426f-aa57-cfd2a1dc180a@group-EAB3E91F4DF9-FollowerState] INFO  impl.FollowerState (FollowerState.java:run(134)) - 15d89ff8-8978-426f-aa57-cfd2a1dc180a@group-EAB3E91F4DF9-FollowerState: change to CANDIDATE, lastRpcElapsedTime:5028401627ns, electionTimeout:5025ms
2021-06-03 00:00:20,754 [15d89ff8-8978-426f-aa57-cfd2a1dc180a@group-F5FB650D46EE-FollowerState] INFO  impl.FollowerState (FollowerState.java:run(134)) - 15d89ff8-8978-426f-aa57-cfd2a1dc180a@group-F5FB650D46EE-FollowerState: change to CANDIDATE, lastRpcElapsedTime:5073624959ns, electionTimeout:5060ms
2021-06-03 00:00:20,754 [15d89ff8-8978-426f-aa57-cfd2a1dc180a@group-F5FB650D46EE-FollowerState] INFO  impl.RoleInfo (RoleInfo.java:shutdownFollowerState(108)) - 15d89ff8-8978-426f-aa57-cfd2a1dc180a: shutdown 15d89ff8-8978-426f-aa57-cfd2a1dc180a@group-F5FB650D46EE-FollowerState
2021-06-03 00:00:20,754 [15d89ff8-8978-426f-aa57-cfd2a1dc180a@group-F5FB650D46EE-FollowerState] INFO  server.RaftServer$Division (RaftServerImpl.java:setRole(284)) - 15d89ff8-8978-426f-aa57-cfd2a1dc180a@group-F5FB650D46EE: changes role from  FOLLOWER to CANDIDATE at term 0 for changeToCandidate
2021-06-03 00:00:20,755 [15d89ff8-8978-426f-aa57-cfd2a1dc180a@group-F5FB650D46EE-FollowerState] INFO  server.RaftServerConfigKeys (ConfUtils.java:logGet(44)) - raft.server.leaderelection.pre-vote = false (custom)
2021-06-03 00:00:20,755 [15d89ff8-8978-426f-aa57-cfd2a1dc180a@group-F5FB650D46EE-FollowerState] INFO  impl.RoleInfo (RoleInfo.java:updateAndGet(130)) - 15d89ff8-8978-426f-aa57-cfd2a1dc180a: start 15d89ff8-8978-426f-aa57-cfd2a1dc180a@group-F5FB650D46EE-LeaderElection11
2021-06-03 00:00:20,758 [15d89ff8-8978-426f-aa57-cfd2a1dc180a@group-EAB3E91F4DF9-FollowerState] INFO  impl.RoleInfo (RoleInfo.java:shutdownFollowerState(108)) - 15d89ff8-8978-426f-aa57-cfd2a1dc180a: shutdown 15d89ff8-8978-426f-aa57-cfd2a1dc180a@group-EAB3E91F4DF9-FollowerState
2021-06-03 00:00:20,758 [15d89ff8-8978-426f-aa57-cfd2a1dc180a@group-EAB3E91F4DF9-FollowerState] INFO  server.RaftServer$Division (RaftServerImpl.java:setRole(284)) - 15d89ff8-8978-426f-aa57-cfd2a1dc180a@group-EAB3E91F4DF9: changes role from  FOLLOWER to CANDIDATE at term 0 for changeToCandidate
2021-06-03 00:00:20,758 [15d89ff8-8978-426f-aa57-cfd2a1dc180a@group-EAB3E91F4DF9-FollowerState] INFO  server.RaftServerConfigKeys (ConfUtils.java:logGet(44)) - raft.server.leaderelection.pre-vote = false (custom)
2021-06-03 00:00:20,758 [15d89ff8-8978-426f-aa57-cfd2a1dc180a@group-EAB3E91F4DF9-FollowerState] INFO  impl.RoleInfo (RoleInfo.java:updateAndGet(130)) - 15d89ff8-8978-426f-aa57-cfd2a1dc180a: start 15d89ff8-8978-426f-aa57-cfd2a1dc180a@group-EAB3E91F4DF9-LeaderElection12
2021-06-03 00:00:20,758 [f4f16679-ee25-4299-b5ef-20744ad00da9@group-E29861541324-FollowerState] INFO  impl.FollowerState (FollowerState.java:run(134)) - f4f16679-ee25-4299-b5ef-20744ad00da9@group-E29861541324-FollowerState: change to CANDIDATE, lastRpcElapsedTime:5128248193ns, electionTimeout:5127ms
2021-06-03 00:00:20,759 [f4f16679-ee25-4299-b5ef-20744ad00da9@group-E29861541324-FollowerState] INFO  impl.RoleInfo (RoleInfo.java:shutdownFollowerState(108)) - f4f16679-ee25-4299-b5ef-20744ad00da9: shutdown f4f16679-ee25-4299-b5ef-20744ad00da9@group-E29861541324-FollowerState
2021-06-03 00:00:20,759 [f4f16679-ee25-4299-b5ef-20744ad00da9@group-E29861541324-FollowerState] INFO  server.RaftServer$Division (RaftServerImpl.java:setRole(284)) - f4f16679-ee25-4299-b5ef-20744ad00da9@group-E29861541324: changes role from  FOLLOWER to CANDIDATE at term 0 for changeToCandidate
2021-06-03 00:00:20,774 [f4f16679-ee25-4299-b5ef-20744ad00da9@group-E29861541324-FollowerState] INFO  server.RaftServerConfigKeys (ConfUtils.java:logGet(44)) - raft.server.leaderelection.pre-vote = false (custom)
2021-06-03 00:00:20,774 [f4f16679-ee25-4299-b5ef-20744ad00da9@group-E29861541324-FollowerState] INFO  impl.RoleInfo (RoleInfo.java:updateAndGet(130)) - f4f16679-ee25-4299-b5ef-20744ad00da9: start f4f16679-ee25-4299-b5ef-20744ad00da9@group-E29861541324-LeaderElection13
2021-06-03 00:00:20,774 [grpc-default-executor-1] INFO  server.RaftServer$Division (RaftServerImpl.java:requestVote(1042)) - f4f16679-ee25-4299-b5ef-20744ad00da9@group-F5FB650D46EE: receive requestVote(ELECTION, 7d2c3eba-00a8-4405-8104-350103fd4dff, group-F5FB650D46EE, 1, (t:0, i:0))
2021-06-03 00:00:20,774 [grpc-default-executor-2] INFO  server.RaftServer$Division (RaftServerImpl.java:requestVote(1042)) - 15d89ff8-8978-426f-aa57-cfd2a1dc180a@group-F5FB650D46EE: receive requestVote(ELECTION, 7d2c3eba-00a8-4405-8104-350103fd4dff, group-F5FB650D46EE, 1, (t:0, i:0))
2021-06-03 00:00:20,777 [grpc-default-executor-2] INFO  impl.VoteContext (VoteContext.java:log(48)) - 15d89ff8-8978-426f-aa57-cfd2a1dc180a@group-F5FB650D46EE-CANDIDATE: reject ELECTION from 7d2c3eba-00a8-4405-8104-350103fd4dff: our priority 1 > candidate's priority 0
2021-06-03 00:00:20,777 [grpc-default-executor-2] INFO  server.RaftServer$Division (RaftServerImpl.java:setRole(284)) - 15d89ff8-8978-426f-aa57-cfd2a1dc180a@group-F5FB650D46EE: changes role from CANDIDATE to FOLLOWER at term 1 for candidate:7d2c3eba-00a8-4405-8104-350103fd4dff
2021-06-03 00:00:20,777 [f4f16679-ee25-4299-b5ef-20744ad00da9@group-F5FB650D46EE-LeaderElection10] INFO  impl.LeaderElection (LeaderElection.java:askForVotes(306)) - f4f16679-ee25-4299-b5ef-20744ad00da9@group-F5FB650D46EE-LeaderElection10 ELECTION round 0: submit vote requests at term 1 for -1: [15d89ff8-8978-426f-aa57-cfd2a1dc180a|rpc:10.1.0.28:41799|priority:1, f4f16679-ee25-4299-b5ef-20744ad00da9|rpc:10.1.0.28:36455|priority:0, 7d2c3eba-00a8-4405-8104-350103fd4dff|rpc:10.1.0.28:45839|priority:0], old=null
2021-06-03 00:00:20,778 [grpc-default-executor-1] INFO  impl.VoteContext (VoteContext.java:log(48)) - f4f16679-ee25-4299-b5ef-20744ad00da9@group-F5FB650D46EE-CANDIDATE: reject ELECTION from 7d2c3eba-00a8-4405-8104-350103fd4dff: already has voted for f4f16679-ee25-4299-b5ef-20744ad00da9 at current term 1
2021-06-03 00:00:20,778 [grpc-default-executor-1] INFO  server.RaftServer$Division (RaftServerImpl.java:requestVote(1074)) - f4f16679-ee25-4299-b5ef-20744ad00da9@group-F5FB650D46EE replies to ELECTION vote request: 7d2c3eba-00a8-4405-8104-350103fd4dff<-f4f16679-ee25-4299-b5ef-20744ad00da9#0:FAIL-t1. Peer's state: f4f16679-ee25-4299-b5ef-20744ad00da9@group-F5FB650D46EE:t1, leader=null, voted=f4f16679-ee25-4299-b5ef-20744ad00da9, raftlog=f4f16679-ee25-4299-b5ef-20744ad00da9@group-F5FB650D46EE-SegmentedRaftLog:OPENED:c-1,f-1,i0, conf=-1: [15d89ff8-8978-426f-aa57-cfd2a1dc180a|rpc:10.1.0.28:41799|priority:1, f4f16679-ee25-4299-b5ef-20744ad00da9|rpc:10.1.0.28:36455|priority:0, 7d2c3eba-00a8-4405-8104-350103fd4dff|rpc:10.1.0.28:45839|priority:0], old=null
2021-06-03 00:00:20,778 [a9999bf8-cc81-46a6-8339-ca63194a4403@group-E153A90E5FFE-LeaderElection7] INFO  impl.LeaderElection (LeaderElection.java:logAndReturn(89)) - a9999bf8-cc81-46a6-8339-ca63194a4403@group-E153A90E5FFE-LeaderElection7: ELECTION REJECTED received 2 response(s) and 0 exception(s):
2021-06-03 00:00:20,778 [a9999bf8-cc81-46a6-8339-ca63194a4403@group-E153A90E5FFE-LeaderElection7] INFO  impl.LeaderElection (LeaderElection.java:logAndReturn(93)) -   Response 0: a9999bf8-cc81-46a6-8339-ca63194a4403<-696e796d-aedf-4aed-93c4-430e12ffa8fc#0:FAIL-t1
2021-06-03 00:00:20,778 [a9999bf8-cc81-46a6-8339-ca63194a4403@group-E153A90E5FFE-LeaderElection7] INFO  impl.LeaderElection (LeaderElection.java:logAndReturn(93)) -   Response 1: a9999bf8-cc81-46a6-8339-ca63194a4403<-c00dd357-5364-4c4f-a775-3282c2d03178#0:OK-t1
2021-06-03 00:00:20,777 [grpc-default-executor-2] INFO  impl.RoleInfo (RoleInfo.java:shutdownLeaderElection(121)) - 15d89ff8-8978-426f-aa57-cfd2a1dc180a: shutdown 15d89ff8-8978-426f-aa57-cfd2a1dc180a@group-F5FB650D46EE-LeaderElection11
2021-06-03 00:00:20,781 [a9999bf8-cc81-46a6-8339-ca63194a4403@group-E153A90E5FFE-LeaderElection7] INFO  impl.LeaderElection (LeaderElection.java:askForVotes(308)) - a9999bf8-cc81-46a6-8339-ca63194a4403@group-E153A90E5FFE-LeaderElection7 ELECTION round 0: result REJECTED
2021-06-03 00:00:20,782 [a9999bf8-cc81-46a6-8339-ca63194a4403@group-E153A90E5FFE-LeaderElection7] INFO  server.RaftServer$Division (RaftServerImpl.java:setRole(284)) - a9999bf8-cc81-46a6-8339-ca63194a4403@group-E153A90E5FFE: changes role from CANDIDATE to FOLLOWER at term 1 for REJECTED
2021-06-03 00:00:20,782 [a9999bf8-cc81-46a6-8339-ca63194a4403@group-E153A90E5FFE-LeaderElection7] INFO  impl.RoleInfo (RoleInfo.java:shutdownLeaderElection(121)) - a9999bf8-cc81-46a6-8339-ca63194a4403: shutdown a9999bf8-cc81-46a6-8339-ca63194a4403@group-E153A90E5FFE-LeaderElection7
2021-06-03 00:00:20,782 [a9999bf8-cc81-46a6-8339-ca63194a4403@group-E153A90E5FFE-LeaderElection7] INFO  impl.RoleInfo (RoleInfo.java:updateAndGet(130)) - a9999bf8-cc81-46a6-8339-ca63194a4403: start a9999bf8-cc81-46a6-8339-ca63194a4403@group-E153A90E5FFE-FollowerState
2021-06-03 00:00:20,782 [grpc-default-executor-2] INFO  impl.RoleInfo (RoleInfo.java:updateAndGet(130)) - 15d89ff8-8978-426f-aa57-cfd2a1dc180a: start 15d89ff8-8978-426f-aa57-cfd2a1dc180a@group-F5FB650D46EE-FollowerState
2021-06-03 00:00:20,783 [15d89ff8-8978-426f-aa57-cfd2a1dc180a@group-EAB3E91F4DF9-LeaderElection12] INFO  impl.LeaderElection (LeaderElection.java:askForVotes(306)) - 15d89ff8-8978-426f-aa57-cfd2a1dc180a@group-EAB3E91F4DF9-LeaderElection12 ELECTION round 0: submit vote requests at term 1 for -1: [15d89ff8-8978-426f-aa57-cfd2a1dc180a|rpc:10.1.0.28:41799|priority:1], old=null
2021-06-03 00:00:20,783 [15d89ff8-8978-426f-aa57-cfd2a1dc180a@group-EAB3E91F4DF9-LeaderElection12] INFO  impl.LeaderElection (LeaderElection.java:askForVotes(308)) - 15d89ff8-8978-426f-aa57-cfd2a1dc180a@group-EAB3E91F4DF9-LeaderElection12 ELECTION round 0: result PASSED (term=1)
2021-06-03 00:00:20,783 [15d89ff8-8978-426f-aa57-cfd2a1dc180a@group-EAB3E91F4DF9-LeaderElection12] INFO  impl.RoleInfo (RoleInfo.java:shutdownLeaderElection(121)) - 15d89ff8-8978-426f-aa57-cfd2a1dc180a: shutdown 15d89ff8-8978-426f-aa57-cfd2a1dc180a@group-EAB3E91F4DF9-LeaderElection12
2021-06-03 00:00:20,783 [15d89ff8-8978-426f-aa57-cfd2a1dc180a@group-EAB3E91F4DF9-LeaderElection12] INFO  server.RaftServer$Division (RaftServerImpl.java:setRole(284)) - 15d89ff8-8978-426f-aa57-cfd2a1dc180a@group-EAB3E91F4DF9: changes role from CANDIDATE to LEADER at term 1 for changeToLeader
2021-06-03 00:00:20,783 [15d89ff8-8978-426f-aa57-cfd2a1dc180a@group-EAB3E91F4DF9-LeaderElection12] INFO  ratis.XceiverServerRatis (XceiverServerRatis.java:handleLeaderChangedNotification(906)) - Leader change notification received for group: group-EAB3E91F4DF9 with new leaderId: 15d89ff8-8978-426f-aa57-cfd2a1dc180a
2021-06-03 00:00:20,787 [15d89ff8-8978-426f-aa57-cfd2a1dc180a@group-EAB3E91F4DF9-LeaderElection12] INFO  server.RaftServer$Division (ServerState.java:setLeader(271)) - 15d89ff8-8978-426f-aa57-cfd2a1dc180a@group-EAB3E91F4DF9: change Leader from null to 15d89ff8-8978-426f-aa57-cfd2a1dc180a at term 1 for becomeLeader, leader elected after 5077ms
2021-06-03 00:00:20,787 [15d89ff8-8978-426f-aa57-cfd2a1dc180a@group-EAB3E91F4DF9-LeaderElection12] INFO  server.RaftServerConfigKeys (ConfUtils.java:logGet(44)) - raft.server.staging.catchup.gap = 1000 (default)
2021-06-03 00:00:20,787 [15d89ff8-8978-426f-aa57-cfd2a1dc180a@group-EAB3E91F4DF9-LeaderElection12] INFO  metrics.RatisMetrics (RatisMetrics.java:lambda$create$0(36)) - Creating Metrics Registry : ratis.log_appender.15d89ff8-8978-426f-aa57-cfd2a1dc180a@group-EAB3E91F4DF9
2021-06-03 00:00:20,787 [15d89ff8-8978-426f-aa57-cfd2a1dc180a@group-EAB3E91F4DF9-LeaderElection12] INFO  server.RaftServerConfigKeys (ConfUtils.java:logGet(44)) - raft.server.write.element-limit = 1024 (custom)
2021-06-03 00:00:20,787 [15d89ff8-8978-426f-aa57-cfd2a1dc180a@group-EAB3E91F4DF9-LeaderElection12] INFO  server.RaftServerConfigKeys (ConfUtils.java:logGet(44)) - raft.server.write.byte-limit = 1073741824 (custom)
2021-06-03 00:00:20,787 [15d89ff8-8978-426f-aa57-cfd2a1dc180a@group-EAB3E91F4DF9-LeaderElection12] INFO  server.RaftServerConfigKeys (ConfUtils.java:logGet(44)) - raft.server.watch.timeout = 10000ms (default)
2021-06-03 00:00:20,788 [15d89ff8-8978-426f-aa57-cfd2a1dc180a@group-EAB3E91F4DF9-LeaderElection12] INFO  server.RaftServerConfigKeys (ConfUtils.java:logGet(44)) - raft.server.watch.timeout.denomination = 1s (default)
2021-06-03 00:00:20,788 [15d89ff8-8978-426f-aa57-cfd2a1dc180a@group-EAB3E91F4DF9-LeaderElection12] INFO  server.RaftServerConfigKeys (ConfUtils.java:logGet(44)) - raft.server.watch.element-limit = 65536 (default)
2021-06-03 00:00:20,788 [15d89ff8-8978-426f-aa57-cfd2a1dc180a@group-EAB3E91F4DF9-LeaderElection12] INFO  impl.RoleInfo (RoleInfo.java:updateAndGet(130)) - 15d89ff8-8978-426f-aa57-cfd2a1dc180a: start 15d89ff8-8978-426f-aa57-cfd2a1dc180a@group-EAB3E91F4DF9-LeaderStateImpl
2021-06-03 00:00:20,788 [15d89ff8-8978-426f-aa57-cfd2a1dc180a@group-EAB3E91F4DF9-LeaderElection12] INFO  segmented.SegmentedRaftLogWorker (SegmentedRaftLogWorker.java:startLogSegment(394)) - 15d89ff8-8978-426f-aa57-cfd2a1dc180a@group-EAB3E91F4DF9-SegmentedRaftLogWorker: Starting segment from index:0
2021-06-03 00:00:20,793 [15d89ff8-8978-426f-aa57-cfd2a1dc180a@group-EAB3E91F4DF9-SegmentedRaftLogWorker] INFO  segmented.SegmentedRaftLogWorker (SegmentedRaftLogWorker.java:execute(601)) - 15d89ff8-8978-426f-aa57-cfd2a1dc180a@group-EAB3E91F4DF9-SegmentedRaftLogWorker: created new log segment /home/runner/work/ozone/ozone/mnt/ozone/hadoop-ozone/integration-test/target/test-dir/MiniOzoneClusterImpl-d99b0d03-7963-4ac2-881f-75d2f82b72ef/datanode-5/data/ratis/3039c689-6276-471c-9233-eab3e91f4df9/current/log_inprogress_0
2021-06-03 00:00:20,793 [grpc-default-executor-1] INFO  server.RaftServer$Division (RaftServerImpl.java:requestVote(1042)) - 15d89ff8-8978-426f-aa57-cfd2a1dc180a@group-F5FB650D46EE: receive requestVote(ELECTION, f4f16679-ee25-4299-b5ef-20744ad00da9, group-F5FB650D46EE, 1, (t:0, i:0))
2021-06-03 00:00:20,794 [grpc-default-executor-2] INFO  server.RaftServer$Division (RaftServerImpl.java:requestVote(1074)) - 15d89ff8-8978-426f-aa57-cfd2a1dc180a@group-F5FB650D46EE replies to ELECTION vote request: 7d2c3eba-00a8-4405-8104-350103fd4dff<-15d89ff8-8978-426f-aa57-cfd2a1dc180a#0:FAIL-t1. Peer's state: 15d89ff8-8978-426f-aa57-cfd2a1dc180a@group-F5FB650D46EE:t1, leader=null, voted=null, raftlog=15d89ff8-8978-426f-aa57-cfd2a1dc180a@group-F5FB650D46EE-SegmentedRaftLog:OPENED:c-1,f-1,i0, conf=-1: [15d89ff8-8978-426f-aa57-cfd2a1dc180a|rpc:10.1.0.28:41799|dataStream:|priority:1, f4f16679-ee25-4299-b5ef-20744ad00da9|rpc:10.1.0.28:36455|dataStream:|priority:0, 7d2c3eba-00a8-4405-8104-350103fd4dff|rpc:10.1.0.28:45839|dataStream:|priority:0], old=null
2021-06-03 00:00:20,796 [grpc-default-executor-1] INFO  impl.VoteContext (VoteContext.java:log(48)) - 15d89ff8-8978-426f-aa57-cfd2a1dc180a@group-F5FB650D46EE-FOLLOWER: reject ELECTION from f4f16679-ee25-4299-b5ef-20744ad00da9: our priority 1 > candidate's priority 0
2021-06-03 00:00:20,796 [grpc-default-executor-1] INFO  server.RaftServer$Division (RaftServerImpl.java:setRole(284)) - 15d89ff8-8978-426f-aa57-cfd2a1dc180a@group-F5FB650D46EE: changes role from  FOLLOWER to FOLLOWER at term 1 for candidate:f4f16679-ee25-4299-b5ef-20744ad00da9
2021-06-03 00:00:20,796 [grpc-default-executor-1] INFO  impl.RoleInfo (RoleInfo.java:shutdownFollowerState(108)) - 15d89ff8-8978-426f-aa57-cfd2a1dc180a: shutdown 15d89ff8-8978-426f-aa57-cfd2a1dc180a@group-F5FB650D46EE-FollowerState
2021-06-03 00:00:20,796 [grpc-default-executor-1] INFO  impl.RoleInfo (RoleInfo.java:updateAndGet(130)) - 15d89ff8-8978-426f-aa57-cfd2a1dc180a: start 15d89ff8-8978-426f-aa57-cfd2a1dc180a@group-F5FB650D46EE-FollowerState
2021-06-03 00:00:20,797 [15d89ff8-8978-426f-aa57-cfd2a1dc180a@group-F5FB650D46EE-FollowerState] INFO  impl.FollowerState (FollowerState.java:run(143)) - 15d89ff8-8978-426f-aa57-cfd2a1dc180a@group-F5FB650D46EE-FollowerState was interrupted: {}
java.lang.InterruptedException: sleep interrupted
	at java.lang.Thread.sleep(Native Method)
	at java.lang.Thread.sleep(Thread.java:340)
	at java.util.concurrent.TimeUnit.sleep(TimeUnit.java:386)
	at org.apache.ratis.util.TimeDuration.sleep(TimeDuration.java:324)
	at org.apache.ratis.util.TimeDuration.sleep(TimeDuration.java:309)
	at org.apache.ratis.server.impl.FollowerState.run(FollowerState.java:118)
2021-06-03 00:00:20,796 [15d89ff8-8978-426f-aa57-cfd2a1dc180a@group-EAB3E91F4DF9-LeaderElection12] INFO  server.RaftServer$Division (ServerState.java:setRaftConf(373)) - 15d89ff8-8978-426f-aa57-cfd2a1dc180a@group-EAB3E91F4DF9: set configuration 0: [15d89ff8-8978-426f-aa57-cfd2a1dc180a|rpc:10.1.0.28:41799|dataStream:|priority:1], old=null
2021-06-03 00:00:20,794 [EventQueue-OpenPipelineForHealthyPipelineSafeModeRule] INFO  safemode.SCMSafeModeManager (HealthyPipelineSafeModeRule.java:process(130)) - SCM in safe mode. Healthy pipelines reported count is 0, required healthy pipeline reported count is 1
2021-06-03 00:00:20,802 [EventQueue-OpenPipelineForHealthyPipelineSafeModeRule] INFO  safemode.SCMSafeModeManager (HealthyPipelineSafeModeRule.java:process(130)) - SCM in safe mode. Healthy pipelines reported count is 0, required healthy pipeline reported count is 1
2021-06-03 00:00:20,794 [f4f16679-ee25-4299-b5ef-20744ad00da9@group-E29861541324-LeaderElection13] INFO  impl.LeaderElection (LeaderElection.java:askForVotes(306)) - f4f16679-ee25-4299-b5ef-20744ad00da9@group-E29861541324-LeaderElection13 ELECTION round 0: submit vote requests at term 1 for -1: [f4f16679-ee25-4299-b5ef-20744ad00da9|rpc:10.1.0.28:36455|priority:1], old=null
2021-06-03 00:00:20,802 [f4f16679-ee25-4299-b5ef-20744ad00da9@group-E29861541324-LeaderElection13] INFO  impl.LeaderElection (LeaderElection.java:askForVotes(308)) - f4f16679-ee25-4299-b5ef-20744ad00da9@group-E29861541324-LeaderElection13 ELECTION round 0: result PASSED (term=1)
2021-06-03 00:00:20,802 [f4f16679-ee25-4299-b5ef-20744ad00da9@group-E29861541324-LeaderElection13] INFO  impl.RoleInfo (RoleInfo.java:shutdownLeaderElection(121)) - f4f16679-ee25-4299-b5ef-20744ad00da9: shutdown f4f16679-ee25-4299-b5ef-20744ad00da9@group-E29861541324-LeaderElection13
2021-06-03 00:00:20,802 [f4f16679-ee25-4299-b5ef-20744ad00da9@group-E29861541324-LeaderElection13] INFO  server.RaftServer$Division (RaftServerImpl.java:setRole(284)) - f4f16679-ee25-4299-b5ef-20744ad00da9@group-E29861541324: changes role from CANDIDATE to LEADER at term 1 for changeToLeader
2021-06-03 00:00:20,802 [f4f16679-ee25-4299-b5ef-20744ad00da9@group-E29861541324-LeaderElection13] INFO  ratis.XceiverServerRatis (XceiverServerRatis.java:handleLeaderChangedNotification(906)) - Leader change notification received for group: group-E29861541324 with new leaderId: f4f16679-ee25-4299-b5ef-20744ad00da9
2021-06-03 00:00:20,802 [f4f16679-ee25-4299-b5ef-20744ad00da9@group-E29861541324-LeaderElection13] INFO  server.RaftServer$Division (ServerState.java:setLeader(271)) - f4f16679-ee25-4299-b5ef-20744ad00da9@group-E29861541324: change Leader from null to f4f16679-ee25-4299-b5ef-20744ad00da9 at term 1 for becomeLeader, leader elected after 5185ms
2021-06-03 00:00:20,802 [f4f16679-ee25-4299-b5ef-20744ad00da9@group-E29861541324-LeaderElection13] INFO  server.RaftServerConfigKeys (ConfUtils.java:logGet(44)) - raft.server.staging.catchup.gap = 1000 (default)
2021-06-03 00:00:20,802 [f4f16679-ee25-4299-b5ef-20744ad00da9@group-E29861541324-LeaderElection13] INFO  metrics.RatisMetrics (RatisMetrics.java:lambda$create$0(36)) - Creating Metrics Registry : ratis.log_appender.f4f16679-ee25-4299-b5ef-20744ad00da9@group-E29861541324
2021-06-03 00:00:20,803 [f4f16679-ee25-4299-b5ef-20744ad00da9@group-E29861541324-LeaderElection13] INFO  server.RaftServerConfigKeys (ConfUtils.java:logGet(44)) - raft.server.write.element-limit = 1024 (custom)
2021-06-03 00:00:20,803 [f4f16679-ee25-4299-b5ef-20744ad00da9@group-E29861541324-LeaderElection13] INFO  server.RaftServerConfigKeys (ConfUtils.java:logGet(44)) - raft.server.write.byte-limit = 1073741824 (custom)
2021-06-03 00:00:20,803 [f4f16679-ee25-4299-b5ef-20744ad00da9@group-E29861541324-LeaderElection13] INFO  server.RaftServerConfigKeys (ConfUtils.java:logGet(44)) - raft.server.watch.timeout = 10000ms (default)
2021-06-03 00:00:20,803 [f4f16679-ee25-4299-b5ef-20744ad00da9@group-E29861541324-LeaderElection13] INFO  server.RaftServerConfigKeys (ConfUtils.java:logGet(44)) - raft.server.watch.timeout.denomination = 1s (default)
2021-06-03 00:00:20,803 [f4f16679-ee25-4299-b5ef-20744ad00da9@group-E29861541324-LeaderElection13] INFO  server.RaftServerConfigKeys (ConfUtils.java:logGet(44)) - raft.server.watch.element-limit = 65536 (default)
2021-06-03 00:00:20,803 [f4f16679-ee25-4299-b5ef-20744ad00da9@group-E29861541324-LeaderElection13] INFO  impl.RoleInfo (RoleInfo.java:updateAndGet(130)) - f4f16679-ee25-4299-b5ef-20744ad00da9: start f4f16679-ee25-4299-b5ef-20744ad00da9@group-E29861541324-LeaderStateImpl
2021-06-03 00:00:20,803 [EventQueue-OpenPipelineForHealthyPipelineSafeModeRule] INFO  safemode.SCMSafeModeManager (HealthyPipelineSafeModeRule.java:process(130)) - SCM in safe mode. Healthy pipelines reported count is 0, required healthy pipeline reported count is 1
2021-06-03 00:00:20,803 [f4f16679-ee25-4299-b5ef-20744ad00da9@group-E29861541324-LeaderElection13] INFO  segmented.SegmentedRaftLogWorker (SegmentedRaftLogWorker.java:startLogSegment(394)) - f4f16679-ee25-4299-b5ef-20744ad00da9@group-E29861541324-SegmentedRaftLogWorker: Starting segment from index:0
2021-06-03 00:00:20,804 [15d89ff8-8978-426f-aa57-cfd2a1dc180a@group-EAB3E91F4DF9-StateMachineUpdater] INFO  ratis.ContainerStateMachine (ContainerStateMachine.java:takeSnapshot(292)) - group-EAB3E91F4DF9: Taking a snapshot at:(t:1, i:0) file /home/runner/work/ozone/ozone/mnt/ozone/hadoop-ozone/integration-test/target/test-dir/MiniOzoneClusterImpl-d99b0d03-7963-4ac2-881f-75d2f82b72ef/datanode-5/data/ratis/3039c689-6276-471c-9233-eab3e91f4df9/sm/snapshot.1_0
2021-06-03 00:00:20,794 [EventQueue-PipelineReportForOneReplicaPipelineSafeModeRule] INFO  safemode.SCMSafeModeManager (SCMSafeModeManager.java:validateSafeModeExitRules(201)) - AtleastOneDatanodeReportedRule rule is successfully validated
2021-06-03 00:00:20,802 [grpc-default-executor-0] INFO  server.RaftServer$Division (RaftServerImpl.java:requestVote(1042)) - 7d2c3eba-00a8-4405-8104-350103fd4dff@group-F5FB650D46EE: receive requestVote(ELECTION, f4f16679-ee25-4299-b5ef-20744ad00da9, group-F5FB650D46EE, 1, (t:0, i:0))
2021-06-03 00:00:20,804 [grpc-default-executor-0] INFO  impl.VoteContext (VoteContext.java:log(48)) - 7d2c3eba-00a8-4405-8104-350103fd4dff@group-F5FB650D46EE-CANDIDATE: reject ELECTION from f4f16679-ee25-4299-b5ef-20744ad00da9: already has voted for 7d2c3eba-00a8-4405-8104-350103fd4dff at current term 1
2021-06-03 00:00:20,799 [grpc-default-executor-1] INFO  server.RaftServer$Division (RaftServerImpl.java:requestVote(1074)) - 15d89ff8-8978-426f-aa57-cfd2a1dc180a@group-F5FB650D46EE replies to ELECTION vote request: f4f16679-ee25-4299-b5ef-20744ad00da9<-15d89ff8-8978-426f-aa57-cfd2a1dc180a#0:FAIL-t1. Peer's state: 15d89ff8-8978-426f-aa57-cfd2a1dc180a@group-F5FB650D46EE:t1, leader=null, voted=null, raftlog=15d89ff8-8978-426f-aa57-cfd2a1dc180a@group-F5FB650D46EE-SegmentedRaftLog:OPENED:c-1,f-1,i0, conf=-1: [15d89ff8-8978-426f-aa57-cfd2a1dc180a|rpc:10.1.0.28:41799|dataStream:|priority:1, f4f16679-ee25-4299-b5ef-20744ad00da9|rpc:10.1.0.28:36455|dataStream:|priority:0, 7d2c3eba-00a8-4405-8104-350103fd4dff|rpc:10.1.0.28:45839|dataStream:|priority:0], old=null
2021-06-03 00:00:20,798 [7d2c3eba-00a8-4405-8104-350103fd4dff@group-F5FB650D46EE-LeaderElection8] INFO  impl.LeaderElection (LeaderElection.java:logAndReturn(89)) - 7d2c3eba-00a8-4405-8104-350103fd4dff@group-F5FB650D46EE-LeaderElection8: ELECTION REJECTED received 2 response(s) and 0 exception(s):
2021-06-03 00:00:20,804 [7d2c3eba-00a8-4405-8104-350103fd4dff@group-F5FB650D46EE-LeaderElection8] INFO  impl.LeaderElection (LeaderElection.java:logAndReturn(93)) -   Response 0: 7d2c3eba-00a8-4405-8104-350103fd4dff<-15d89ff8-8978-426f-aa57-cfd2a1dc180a#0:FAIL-t1
2021-06-03 00:00:20,804 [7d2c3eba-00a8-4405-8104-350103fd4dff@group-F5FB650D46EE-LeaderElection8] INFO  impl.LeaderElection (LeaderElection.java:logAndReturn(93)) -   Response 1: 7d2c3eba-00a8-4405-8104-350103fd4dff<-f4f16679-ee25-4299-b5ef-20744ad00da9#0:FAIL-t1
2021-06-03 00:00:20,805 [7d2c3eba-00a8-4405-8104-350103fd4dff@group-F5FB650D46EE-LeaderElection8] INFO  impl.LeaderElection (LeaderElection.java:askForVotes(308)) - 7d2c3eba-00a8-4405-8104-350103fd4dff@group-F5FB650D46EE-LeaderElection8 ELECTION round 0: result REJECTED
2021-06-03 00:00:20,806 [grpc-default-executor-0] INFO  server.RaftServer$Division (RaftServerImpl.java:requestVote(1074)) - 7d2c3eba-00a8-4405-8104-350103fd4dff@group-F5FB650D46EE replies to ELECTION vote request: f4f16679-ee25-4299-b5ef-20744ad00da9<-7d2c3eba-00a8-4405-8104-350103fd4dff#0:FAIL-t1. Peer's state: 7d2c3eba-00a8-4405-8104-350103fd4dff@group-F5FB650D46EE:t1, leader=null, voted=7d2c3eba-00a8-4405-8104-350103fd4dff, raftlog=7d2c3eba-00a8-4405-8104-350103fd4dff@group-F5FB650D46EE-SegmentedRaftLog:OPENED:c-1,f-1,i0, conf=-1: [15d89ff8-8978-426f-aa57-cfd2a1dc180a|rpc:10.1.0.28:41799|priority:1, f4f16679-ee25-4299-b5ef-20744ad00da9|rpc:10.1.0.28:36455|priority:0, 7d2c3eba-00a8-4405-8104-350103fd4dff|rpc:10.1.0.28:45839|priority:0], old=null
2021-06-03 00:00:20,804 [EventQueue-PipelineReportForOneReplicaPipelineSafeModeRule] INFO  safemode.SCMSafeModeManager (SCMSafeModeManager.java:validateSafeModeExitRules(201)) - AtleastOneDatanodeReportedRule rule is successfully validated
2021-06-03 00:00:20,810 [EventQueue-PipelineReportForOneReplicaPipelineSafeModeRule] INFO  safemode.SCMSafeModeManager (SCMSafeModeManager.java:validateSafeModeExitRules(201)) - AtleastOneDatanodeReportedRule rule is successfully validated
2021-06-03 00:00:20,810 [EventQueue-PipelineReportForOneReplicaPipelineSafeModeRule] INFO  safemode.SCMSafeModeManager (SCMSafeModeManager.java:validateSafeModeExitRules(201)) - AtleastOneDatanodeReportedRule rule is successfully validated
2021-06-03 00:00:20,810 [7d2c3eba-00a8-4405-8104-350103fd4dff@group-F5FB650D46EE-LeaderElection8] INFO  server.RaftServer$Division (RaftServerImpl.java:setRole(284)) - 7d2c3eba-00a8-4405-8104-350103fd4dff@group-F5FB650D46EE: changes role from CANDIDATE to FOLLOWER at term 1 for REJECTED
2021-06-03 00:00:20,814 [7d2c3eba-00a8-4405-8104-350103fd4dff@group-F5FB650D46EE-LeaderElection8] INFO  impl.RoleInfo (RoleInfo.java:shutdownLeaderElection(121)) - 7d2c3eba-00a8-4405-8104-350103fd4dff: shutdown 7d2c3eba-00a8-4405-8104-350103fd4dff@group-F5FB650D46EE-LeaderElection8
2021-06-03 00:00:20,814 [7d2c3eba-00a8-4405-8104-350103fd4dff@group-F5FB650D46EE-LeaderElection8] INFO  impl.RoleInfo (RoleInfo.java:updateAndGet(130)) - 7d2c3eba-00a8-4405-8104-350103fd4dff: start 7d2c3eba-00a8-4405-8104-350103fd4dff@group-F5FB650D46EE-FollowerState
2021-06-03 00:00:20,809 [f4f16679-ee25-4299-b5ef-20744ad00da9@group-E29861541324-LeaderElection13] INFO  server.RaftServer$Division (ServerState.java:setRaftConf(373)) - f4f16679-ee25-4299-b5ef-20744ad00da9@group-E29861541324: set configuration 0: [f4f16679-ee25-4299-b5ef-20744ad00da9|rpc:10.1.0.28:36455|dataStream:|priority:1], old=null
2021-06-03 00:00:20,809 [f4f16679-ee25-4299-b5ef-20744ad00da9@group-E29861541324-SegmentedRaftLogWorker] INFO  segmented.SegmentedRaftLogWorker (SegmentedRaftLogWorker.java:execute(601)) - f4f16679-ee25-4299-b5ef-20744ad00da9@group-E29861541324-SegmentedRaftLogWorker: created new log segment /home/runner/work/ozone/ozone/mnt/ozone/hadoop-ozone/integration-test/target/test-dir/MiniOzoneClusterImpl-d99b0d03-7963-4ac2-881f-75d2f82b72ef/datanode-4/data/ratis/9ed0e79a-db45-4aa1-9002-e29861541324/current/log_inprogress_0
2021-06-03 00:00:20,808 [15d89ff8-8978-426f-aa57-cfd2a1dc180a@group-EAB3E91F4DF9-StateMachineUpdater] INFO  ratis.ContainerStateMachine (ContainerStateMachine.java:takeSnapshot(303)) - group-EAB3E91F4DF9: Finished taking a snapshot at:(t:1, i:0) file:/home/runner/work/ozone/ozone/mnt/ozone/hadoop-ozone/integration-test/target/test-dir/MiniOzoneClusterImpl-d99b0d03-7963-4ac2-881f-75d2f82b72ef/datanode-5/data/ratis/3039c689-6276-471c-9233-eab3e91f4df9/sm/snapshot.1_0 took: 4 ms
2021-06-03 00:00:20,815 [15d89ff8-8978-426f-aa57-cfd2a1dc180a@group-EAB3E91F4DF9-StateMachineUpdater] INFO  impl.StateMachineUpdater (StateMachineUpdater.java:takeSnapshot(281)) - 15d89ff8-8978-426f-aa57-cfd2a1dc180a@group-EAB3E91F4DF9-StateMachineUpdater: Took a snapshot at index 0
2021-06-03 00:00:20,815 [15d89ff8-8978-426f-aa57-cfd2a1dc180a@group-EAB3E91F4DF9-StateMachineUpdater] INFO  impl.StateMachineUpdater (StateMachineUpdater.java:lambda$new$0(89)) - 15d89ff8-8978-426f-aa57-cfd2a1dc180a@group-EAB3E91F4DF9-StateMachineUpdater: snapshotIndex: updateIncreasingly -1 -> 0
2021-06-03 00:00:20,808 [EventQueue-OpenPipelineForHealthyPipelineSafeModeRule] INFO  safemode.SCMSafeModeManager (HealthyPipelineSafeModeRule.java:process(130)) - SCM in safe mode. Healthy pipelines reported count is 0, required healthy pipeline reported count is 1
2021-06-03 00:00:20,810 [f4f16679-ee25-4299-b5ef-20744ad00da9@group-F5FB650D46EE-LeaderElection10] INFO  impl.LeaderElection (LeaderElection.java:logAndReturn(89)) - f4f16679-ee25-4299-b5ef-20744ad00da9@group-F5FB650D46EE-LeaderElection10: ELECTION REJECTED received 1 response(s) and 0 exception(s):
2021-06-03 00:00:20,822 [f4f16679-ee25-4299-b5ef-20744ad00da9@group-F5FB650D46EE-LeaderElection10] INFO  impl.LeaderElection (LeaderElection.java:logAndReturn(93)) -   Response 0: f4f16679-ee25-4299-b5ef-20744ad00da9<-15d89ff8-8978-426f-aa57-cfd2a1dc180a#0:FAIL-t1
2021-06-03 00:00:20,822 [f4f16679-ee25-4299-b5ef-20744ad00da9@group-F5FB650D46EE-LeaderElection10] INFO  impl.LeaderElection (LeaderElection.java:askForVotes(308)) - f4f16679-ee25-4299-b5ef-20744ad00da9@group-F5FB650D46EE-LeaderElection10 ELECTION round 0: result REJECTED
2021-06-03 00:00:20,822 [f4f16679-ee25-4299-b5ef-20744ad00da9@group-F5FB650D46EE-LeaderElection10] INFO  server.RaftServer$Division (RaftServerImpl.java:setRole(284)) - f4f16679-ee25-4299-b5ef-20744ad00da9@group-F5FB650D46EE: changes role from CANDIDATE to FOLLOWER at term 1 for REJECTED
2021-06-03 00:00:20,825 [f4f16679-ee25-4299-b5ef-20744ad00da9@group-F5FB650D46EE-LeaderElection10] INFO  impl.RoleInfo (RoleInfo.java:shutdownLeaderElection(121)) - f4f16679-ee25-4299-b5ef-20744ad00da9: shutdown f4f16679-ee25-4299-b5ef-20744ad00da9@group-F5FB650D46EE-LeaderElection10
2021-06-03 00:00:20,825 [f4f16679-ee25-4299-b5ef-20744ad00da9@group-F5FB650D46EE-LeaderElection10] INFO  impl.RoleInfo (RoleInfo.java:updateAndGet(130)) - f4f16679-ee25-4299-b5ef-20744ad00da9: start f4f16679-ee25-4299-b5ef-20744ad00da9@group-F5FB650D46EE-FollowerState
2021-06-03 00:00:20,825 [EventQueue-OpenPipelineForHealthyPipelineSafeModeRule] INFO  safemode.SCMSafeModeManager (HealthyPipelineSafeModeRule.java:process(130)) - SCM in safe mode. Healthy pipelines reported count is 0, required healthy pipeline reported count is 1
2021-06-03 00:00:20,826 [f4f16679-ee25-4299-b5ef-20744ad00da9@group-E29861541324-StateMachineUpdater] INFO  ratis.ContainerStateMachine (ContainerStateMachine.java:takeSnapshot(292)) - group-E29861541324: Taking a snapshot at:(t:1, i:0) file /home/runner/work/ozone/ozone/mnt/ozone/hadoop-ozone/integration-test/target/test-dir/MiniOzoneClusterImpl-d99b0d03-7963-4ac2-881f-75d2f82b72ef/datanode-4/data/ratis/9ed0e79a-db45-4aa1-9002-e29861541324/sm/snapshot.1_0
2021-06-03 00:00:20,826 [EventQueue-PipelineReportForOneReplicaPipelineSafeModeRule] INFO  safemode.SCMSafeModeManager (SCMSafeModeManager.java:validateSafeModeExitRules(201)) - AtleastOneDatanodeReportedRule rule is successfully validated
2021-06-03 00:00:20,827 [EventQueue-OpenPipelineForHealthyPipelineSafeModeRule] INFO  safemode.SCMSafeModeManager (HealthyPipelineSafeModeRule.java:process(130)) - SCM in safe mode. Healthy pipelines reported count is 0, required healthy pipeline reported count is 1
2021-06-03 00:00:20,827 [EventQueue-PipelineReportForOneReplicaPipelineSafeModeRule] INFO  safemode.SCMSafeModeManager (SCMSafeModeManager.java:validateSafeModeExitRules(201)) - AtleastOneDatanodeReportedRule rule is successfully validated
2021-06-03 00:00:20,827 [f4f16679-ee25-4299-b5ef-20744ad00da9@group-E29861541324-StateMachineUpdater] INFO  ratis.ContainerStateMachine (ContainerStateMachine.java:takeSnapshot(303)) - group-E29861541324: Finished taking a snapshot at:(t:1, i:0) file:/home/runner/work/ozone/ozone/mnt/ozone/hadoop-ozone/integration-test/target/test-dir/MiniOzoneClusterImpl-d99b0d03-7963-4ac2-881f-75d2f82b72ef/datanode-4/data/ratis/9ed0e79a-db45-4aa1-9002-e29861541324/sm/snapshot.1_0 took: 1 ms
2021-06-03 00:00:20,827 [f4f16679-ee25-4299-b5ef-20744ad00da9@group-E29861541324-StateMachineUpdater] INFO  impl.StateMachineUpdater (StateMachineUpdater.java:takeSnapshot(281)) - f4f16679-ee25-4299-b5ef-20744ad00da9@group-E29861541324-StateMachineUpdater: Took a snapshot at index 0
2021-06-03 00:00:20,827 [f4f16679-ee25-4299-b5ef-20744ad00da9@group-E29861541324-StateMachineUpdater] INFO  impl.StateMachineUpdater (StateMachineUpdater.java:lambda$new$0(89)) - f4f16679-ee25-4299-b5ef-20744ad00da9@group-E29861541324-StateMachineUpdater: snapshotIndex: updateIncreasingly -1 -> 0
2021-06-03 00:00:20,837 [EventQueue-OpenPipelineForHealthyPipelineSafeModeRule] INFO  safemode.SCMSafeModeManager (HealthyPipelineSafeModeRule.java:process(130)) - SCM in safe mode. Healthy pipelines reported count is 0, required healthy pipeline reported count is 1
2021-06-03 00:00:20,837 [EventQueue-PipelineReportForOneReplicaPipelineSafeModeRule] INFO  safemode.SCMSafeModeManager (SCMSafeModeManager.java:validateSafeModeExitRules(201)) - AtleastOneDatanodeReportedRule rule is successfully validated
2021-06-03 00:00:20,844 [f4f16679-ee25-4299-b5ef-20744ad00da9@group-B547EC5FBBCA-FollowerState] INFO  impl.FollowerState (FollowerState.java:run(134)) - f4f16679-ee25-4299-b5ef-20744ad00da9@group-B547EC5FBBCA-FollowerState: change to CANDIDATE, lastRpcElapsedTime:5018002776ns, electionTimeout:5017ms
2021-06-03 00:00:20,844 [f4f16679-ee25-4299-b5ef-20744ad00da9@group-B547EC5FBBCA-FollowerState] INFO  impl.RoleInfo (RoleInfo.java:shutdownFollowerState(108)) - f4f16679-ee25-4299-b5ef-20744ad00da9: shutdown f4f16679-ee25-4299-b5ef-20744ad00da9@group-B547EC5FBBCA-FollowerState
2021-06-03 00:00:20,844 [f4f16679-ee25-4299-b5ef-20744ad00da9@group-B547EC5FBBCA-FollowerState] INFO  server.RaftServer$Division (RaftServerImpl.java:setRole(284)) - f4f16679-ee25-4299-b5ef-20744ad00da9@group-B547EC5FBBCA: changes role from  FOLLOWER to CANDIDATE at term 0 for changeToCandidate
2021-06-03 00:00:20,844 [f4f16679-ee25-4299-b5ef-20744ad00da9@group-B547EC5FBBCA-FollowerState] INFO  server.RaftServerConfigKeys (ConfUtils.java:logGet(44)) - raft.server.leaderelection.pre-vote = false (custom)
2021-06-03 00:00:20,844 [f4f16679-ee25-4299-b5ef-20744ad00da9@group-B547EC5FBBCA-FollowerState] INFO  impl.RoleInfo (RoleInfo.java:updateAndGet(130)) - f4f16679-ee25-4299-b5ef-20744ad00da9: start f4f16679-ee25-4299-b5ef-20744ad00da9@group-B547EC5FBBCA-LeaderElection14
2021-06-03 00:00:20,847 [f4f16679-ee25-4299-b5ef-20744ad00da9@group-B547EC5FBBCA-LeaderElection14] INFO  impl.LeaderElection (LeaderElection.java:askForVotes(306)) - f4f16679-ee25-4299-b5ef-20744ad00da9@group-B547EC5FBBCA-LeaderElection14 ELECTION round 0: submit vote requests at term 1 for -1: [15d89ff8-8978-426f-aa57-cfd2a1dc180a|rpc:10.1.0.28:41799|dataStream:|priority:0, f4f16679-ee25-4299-b5ef-20744ad00da9|rpc:10.1.0.28:36455|dataStream:|priority:1, 7d2c3eba-00a8-4405-8104-350103fd4dff|rpc:10.1.0.28:45839|dataStream:|priority:0], old=null
2021-06-03 00:00:20,851 [grpc-default-executor-0] INFO  server.RaftServer$Division (RaftServerImpl.java:requestVote(1042)) - 15d89ff8-8978-426f-aa57-cfd2a1dc180a@group-B547EC5FBBCA: receive requestVote(ELECTION, f4f16679-ee25-4299-b5ef-20744ad00da9, group-B547EC5FBBCA, 1, (t:0, i:0))
2021-06-03 00:00:20,851 [grpc-default-executor-0] INFO  impl.VoteContext (VoteContext.java:log(48)) - 15d89ff8-8978-426f-aa57-cfd2a1dc180a@group-B547EC5FBBCA-FOLLOWER: accept ELECTION from f4f16679-ee25-4299-b5ef-20744ad00da9: our priority 0 <= candidate's priority 1
2021-06-03 00:00:20,851 [grpc-default-executor-0] INFO  server.RaftServer$Division (RaftServerImpl.java:setRole(284)) - 15d89ff8-8978-426f-aa57-cfd2a1dc180a@group-B547EC5FBBCA: changes role from  FOLLOWER to FOLLOWER at term 1 for candidate:f4f16679-ee25-4299-b5ef-20744ad00da9
2021-06-03 00:00:20,852 [grpc-default-executor-0] INFO  impl.RoleInfo (RoleInfo.java:shutdownFollowerState(108)) - 15d89ff8-8978-426f-aa57-cfd2a1dc180a: shutdown 15d89ff8-8978-426f-aa57-cfd2a1dc180a@group-B547EC5FBBCA-FollowerState
2021-06-03 00:00:20,852 [grpc-default-executor-0] INFO  impl.RoleInfo (RoleInfo.java:updateAndGet(130)) - 15d89ff8-8978-426f-aa57-cfd2a1dc180a: start 15d89ff8-8978-426f-aa57-cfd2a1dc180a@group-B547EC5FBBCA-FollowerState
2021-06-03 00:00:20,852 [15d89ff8-8978-426f-aa57-cfd2a1dc180a@group-B547EC5FBBCA-FollowerState] INFO  impl.FollowerState (FollowerState.java:run(143)) - 15d89ff8-8978-426f-aa57-cfd2a1dc180a@group-B547EC5FBBCA-FollowerState was interrupted: {}
java.lang.InterruptedException: sleep interrupted
	at java.lang.Thread.sleep(Native Method)
	at java.lang.Thread.sleep(Thread.java:340)
	at java.util.concurrent.TimeUnit.sleep(TimeUnit.java:386)
	at org.apache.ratis.util.TimeDuration.sleep(TimeDuration.java:324)
	at org.apache.ratis.util.TimeDuration.sleep(TimeDuration.java:309)
	at org.apache.ratis.server.impl.FollowerState.run(FollowerState.java:118)
2021-06-03 00:00:20,854 [grpc-default-executor-0] INFO  server.RaftServer$Division (RaftServerImpl.java:requestVote(1074)) - 15d89ff8-8978-426f-aa57-cfd2a1dc180a@group-B547EC5FBBCA replies to ELECTION vote request: f4f16679-ee25-4299-b5ef-20744ad00da9<-15d89ff8-8978-426f-aa57-cfd2a1dc180a#0:OK-t1. Peer's state: 15d89ff8-8978-426f-aa57-cfd2a1dc180a@group-B547EC5FBBCA:t1, leader=null, voted=f4f16679-ee25-4299-b5ef-20744ad00da9, raftlog=15d89ff8-8978-426f-aa57-cfd2a1dc180a@group-B547EC5FBBCA-SegmentedRaftLog:OPENED:c-1,f-1,i0, conf=-1: [15d89ff8-8978-426f-aa57-cfd2a1dc180a|rpc:10.1.0.28:41799|priority:0, f4f16679-ee25-4299-b5ef-20744ad00da9|rpc:10.1.0.28:36455|priority:1, 7d2c3eba-00a8-4405-8104-350103fd4dff|rpc:10.1.0.28:45839|priority:0], old=null
2021-06-03 00:00:20,856 [f4f16679-ee25-4299-b5ef-20744ad00da9@group-B547EC5FBBCA-LeaderElection14] INFO  impl.LeaderElection (LeaderElection.java:logAndReturn(89)) - f4f16679-ee25-4299-b5ef-20744ad00da9@group-B547EC5FBBCA-LeaderElection14: ELECTION PASSED received 1 response(s) and 0 exception(s):
2021-06-03 00:00:20,856 [f4f16679-ee25-4299-b5ef-20744ad00da9@group-B547EC5FBBCA-LeaderElection14] INFO  impl.LeaderElection (LeaderElection.java:logAndReturn(93)) -   Response 0: f4f16679-ee25-4299-b5ef-20744ad00da9<-15d89ff8-8978-426f-aa57-cfd2a1dc180a#0:OK-t1
2021-06-03 00:00:20,856 [f4f16679-ee25-4299-b5ef-20744ad00da9@group-B547EC5FBBCA-LeaderElection14] INFO  impl.LeaderElection (LeaderElection.java:askForVotes(308)) - f4f16679-ee25-4299-b5ef-20744ad00da9@group-B547EC5FBBCA-LeaderElection14 ELECTION round 0: result PASSED
2021-06-03 00:00:20,856 [f4f16679-ee25-4299-b5ef-20744ad00da9@group-B547EC5FBBCA-LeaderElection14] INFO  impl.RoleInfo (RoleInfo.java:shutdownLeaderElection(121)) - f4f16679-ee25-4299-b5ef-20744ad00da9: shutdown f4f16679-ee25-4299-b5ef-20744ad00da9@group-B547EC5FBBCA-LeaderElection14
2021-06-03 00:00:20,856 [f4f16679-ee25-4299-b5ef-20744ad00da9@group-B547EC5FBBCA-LeaderElection14] INFO  server.RaftServer$Division (RaftServerImpl.java:setRole(284)) - f4f16679-ee25-4299-b5ef-20744ad00da9@group-B547EC5FBBCA: changes role from CANDIDATE to LEADER at term 1 for changeToLeader
2021-06-03 00:00:20,856 [f4f16679-ee25-4299-b5ef-20744ad00da9@group-B547EC5FBBCA-LeaderElection14] INFO  ratis.XceiverServerRatis (XceiverServerRatis.java:handleLeaderChangedNotification(906)) - Leader change notification received for group: group-B547EC5FBBCA with new leaderId: f4f16679-ee25-4299-b5ef-20744ad00da9
2021-06-03 00:00:20,856 [f4f16679-ee25-4299-b5ef-20744ad00da9@group-B547EC5FBBCA-LeaderElection14] INFO  server.RaftServer$Division (ServerState.java:setLeader(271)) - f4f16679-ee25-4299-b5ef-20744ad00da9@group-B547EC5FBBCA: change Leader from null to f4f16679-ee25-4299-b5ef-20744ad00da9 at term 1 for becomeLeader, leader elected after 5041ms
2021-06-03 00:00:20,856 [f4f16679-ee25-4299-b5ef-20744ad00da9@group-B547EC5FBBCA-LeaderElection14] INFO  server.RaftServerConfigKeys (ConfUtils.java:logGet(44)) - raft.server.staging.catchup.gap = 1000 (default)
2021-06-03 00:00:20,857 [f4f16679-ee25-4299-b5ef-20744ad00da9@group-B547EC5FBBCA-LeaderElection14] INFO  metrics.RatisMetrics (RatisMetrics.java:lambda$create$0(36)) - Creating Metrics Registry : ratis.log_appender.f4f16679-ee25-4299-b5ef-20744ad00da9@group-B547EC5FBBCA
2021-06-03 00:00:20,857 [f4f16679-ee25-4299-b5ef-20744ad00da9@group-B547EC5FBBCA-LeaderElection14] INFO  server.RaftServerConfigKeys (ConfUtils.java:logGet(44)) - raft.server.write.element-limit = 1024 (custom)
2021-06-03 00:00:20,857 [f4f16679-ee25-4299-b5ef-20744ad00da9@group-B547EC5FBBCA-LeaderElection14] INFO  server.RaftServerConfigKeys (ConfUtils.java:logGet(44)) - raft.server.write.byte-limit = 1073741824 (custom)
2021-06-03 00:00:20,857 [f4f16679-ee25-4299-b5ef-20744ad00da9@group-B547EC5FBBCA-LeaderElection14] INFO  server.RaftServerConfigKeys (ConfUtils.java:logGet(44)) - raft.server.watch.timeout = 10000ms (default)
2021-06-03 00:00:20,857 [f4f16679-ee25-4299-b5ef-20744ad00da9@group-B547EC5FBBCA-LeaderElection14] INFO  server.RaftServerConfigKeys (ConfUtils.java:logGet(44)) - raft.server.watch.timeout.denomination = 1s (default)
2021-06-03 00:00:20,857 [f4f16679-ee25-4299-b5ef-20744ad00da9@group-B547EC5FBBCA-LeaderElection14] INFO  server.RaftServerConfigKeys (ConfUtils.java:logGet(44)) - raft.server.watch.element-limit = 65536 (default)
2021-06-03 00:00:20,866 [EventQueue-PipelineReportForOneReplicaPipelineSafeModeRule] INFO  safemode.SCMSafeModeManager (SCMSafeModeManager.java:validateSafeModeExitRules(201)) - AtleastOneDatanodeReportedRule rule is successfully validated
2021-06-03 00:00:20,866 [EventQueue-OpenPipelineForHealthyPipelineSafeModeRule] INFO  safemode.SCMSafeModeManager (HealthyPipelineSafeModeRule.java:process(130)) - SCM in safe mode. Healthy pipelines reported count is 0, required healthy pipeline reported count is 1
2021-06-03 00:00:20,866 [grpc-default-executor-0] INFO  server.RaftServer$Division (RaftServerImpl.java:requestVote(1042)) - 7d2c3eba-00a8-4405-8104-350103fd4dff@group-B547EC5FBBCA: receive requestVote(ELECTION, f4f16679-ee25-4299-b5ef-20744ad00da9, group-B547EC5FBBCA, 1, (t:0, i:0))
2021-06-03 00:00:20,867 [grpc-default-executor-0] INFO  impl.VoteContext (VoteContext.java:log(48)) - 7d2c3eba-00a8-4405-8104-350103fd4dff@group-B547EC5FBBCA-FOLLOWER: accept ELECTION from f4f16679-ee25-4299-b5ef-20744ad00da9: our priority 0 <= candidate's priority 1
2021-06-03 00:00:20,867 [grpc-default-executor-0] INFO  server.RaftServer$Division (RaftServerImpl.java:setRole(284)) - 7d2c3eba-00a8-4405-8104-350103fd4dff@group-B547EC5FBBCA: changes role from  FOLLOWER to FOLLOWER at term 1 for candidate:f4f16679-ee25-4299-b5ef-20744ad00da9
2021-06-03 00:00:20,867 [grpc-default-executor-0] INFO  impl.RoleInfo (RoleInfo.java:shutdownFollowerState(108)) - 7d2c3eba-00a8-4405-8104-350103fd4dff: shutdown 7d2c3eba-00a8-4405-8104-350103fd4dff@group-B547EC5FBBCA-FollowerState
2021-06-03 00:00:20,867 [grpc-default-executor-0] INFO  impl.RoleInfo (RoleInfo.java:updateAndGet(130)) - 7d2c3eba-00a8-4405-8104-350103fd4dff: start 7d2c3eba-00a8-4405-8104-350103fd4dff@group-B547EC5FBBCA-FollowerState
2021-06-03 00:00:20,867 [7d2c3eba-00a8-4405-8104-350103fd4dff@group-B547EC5FBBCA-FollowerState] INFO  impl.FollowerState (FollowerState.java:run(143)) - 7d2c3eba-00a8-4405-8104-350103fd4dff@group-B547EC5FBBCA-FollowerState was interrupted: {}
java.lang.InterruptedException: sleep interrupted
	at java.lang.Thread.sleep(Native Method)
	at java.lang.Thread.sleep(Thread.java:340)
	at java.util.concurrent.TimeUnit.sleep(TimeUnit.java:386)
	at org.apache.ratis.util.TimeDuration.sleep(TimeDuration.java:324)
	at org.apache.ratis.util.TimeDuration.sleep(TimeDuration.java:309)
	at org.apache.ratis.server.impl.FollowerState.run(FollowerState.java:118)
2021-06-03 00:00:20,867 [EventQueue-PipelineReportForOneReplicaPipelineSafeModeRule] INFO  safemode.SCMSafeModeManager (SCMSafeModeManager.java:validateSafeModeExitRules(201)) - AtleastOneDatanodeReportedRule rule is successfully validated
2021-06-03 00:00:20,867 [EventQueue-OpenPipelineForHealthyPipelineSafeModeRule] INFO  safemode.SCMSafeModeManager (HealthyPipelineSafeModeRule.java:process(130)) - SCM in safe mode. Healthy pipelines reported count is 0, required healthy pipeline reported count is 1
2021-06-03 00:00:20,867 [EventQueue-PipelineReportForPipelineReportHandler] INFO  pipeline.PipelineManagerV2Impl (PipelineManagerV2Impl.java:openPipeline(270)) - Pipeline Pipeline[ Id: d82feb61-3546-4dbb-be3b-b547ec5fbbca, Nodes: f4f16679-ee25-4299-b5ef-20744ad00da9{ip: 10.1.0.28, host: fv-az54-886.gmada3d5h3zutaf4vio4yveaag.bx.internal.cloudapp.net, ports: [REPLICATION=36995, RATIS=36455, RATIS_ADMIN=36455, RATIS_SERVER=36455, STANDALONE=34931], networkLocation: /default-rack, certSerialId: null, persistedOpState: IN_SERVICE, persistedOpStateExpiryEpochSec: 0}7d2c3eba-00a8-4405-8104-350103fd4dff{ip: 10.1.0.28, host: fv-az54-886.gmada3d5h3zutaf4vio4yveaag.bx.internal.cloudapp.net, ports: [REPLICATION=44151, RATIS=45839, RATIS_ADMIN=45839, RATIS_SERVER=45839, STANDALONE=41835], networkLocation: /default-rack, certSerialId: null, persistedOpState: IN_SERVICE, persistedOpStateExpiryEpochSec: 0}15d89ff8-8978-426f-aa57-cfd2a1dc180a{ip: 10.1.0.28, host: fv-az54-886.gmada3d5h3zutaf4vio4yveaag.bx.internal.cloudapp.net, ports: [REPLICATION=39249, RATIS=41799, RATIS_ADMIN=41799, RATIS_SERVER=41799, STANDALONE=34845], networkLocation: /default-rack, certSerialId: null, persistedOpState: IN_SERVICE, persistedOpStateExpiryEpochSec: 0}, ReplicationConfig: RATIS/THREE, State:ALLOCATED, leaderId:f4f16679-ee25-4299-b5ef-20744ad00da9, CreationTimestamp2021-06-03T00:00:12.691Z] moved to OPEN state
2021-06-03 00:00:20,868 [EventQueue-OpenPipelineForHealthyPipelineSafeModeRule] INFO  safemode.SCMSafeModeManager (HealthyPipelineSafeModeRule.java:process(130)) - SCM in safe mode. Healthy pipelines reported count is 1, required healthy pipeline reported count is 1
2021-06-03 00:00:20,868 [EventQueue-OpenPipelineForHealthyPipelineSafeModeRule] INFO  safemode.SCMSafeModeManager (SCMSafeModeManager.java:validateSafeModeExitRules(201)) - HealthyPipelineSafeModeRule rule is successfully validated
2021-06-03 00:00:20,868 [EventQueue-OpenPipelineForHealthyPipelineSafeModeRule] INFO  safemode.SCMSafeModeManager (SCMSafeModeManager.java:validateSafeModeExitRules(215)) - ScmSafeModeManager, all rules are successfully validated
2021-06-03 00:00:20,868 [EventQueue-OpenPipelineForHealthyPipelineSafeModeRule] INFO  safemode.SCMSafeModeManager (SCMSafeModeManager.java:exitSafeMode(244)) - SCM exiting safe mode.
2021-06-03 00:00:20,868 [EventQueue-OpenPipelineForHealthyPipelineSafeModeRule] WARN  events.EventQueue (EventQueue.java:fireEvent(185)) - No event handler registered for event TypedEvent{payloadType=SafeModeStatus, name='Safe mode status'}
2021-06-03 00:00:20,868 [EventQueue-OpenPipelineForHealthyPipelineSafeModeRule] INFO  ha.SCMContext (SCMContext.java:updateSafeModeStatus(148)) - Update SafeModeStatus from SafeModeStatus{safeModeStatus=true, preCheckPassed=true} to SafeModeStatus{safeModeStatus=false, preCheckPassed=true}.
2021-06-03 00:00:20,868 [EventQueue-OpenPipelineForHealthyPipelineSafeModeRule] INFO  pipeline.BackgroundPipelineCreator (BackgroundPipelineCreatorV2.java:notifyStatusChanged(261)) - Service BackgroundPipelineCreator transitions to RUNNING.
2021-06-03 00:00:20,868 [EventQueue-OpenPipelineForHealthyPipelineSafeModeRule] INFO  container.ReplicationManager (ReplicationManager.java:notifyStatusChanged(1289)) - Service ReplicationManager transitions to RUNNING.
2021-06-03 00:00:20,868 [f4f16679-ee25-4299-b5ef-20744ad00da9@group-B547EC5FBBCA-LeaderElection14] INFO  server.RaftServerConfigKeys (ConfUtils.java:logGet(44)) - raft.server.log.appender.snapshot.chunk.size.max = 16MB (=16777216) (default)
2021-06-03 00:00:20,880 [f4f16679-ee25-4299-b5ef-20744ad00da9@group-B547EC5FBBCA-LeaderElection14] INFO  server.RaftServerConfigKeys (ConfUtils.java:logGet(44)) - raft.server.log.appender.buffer.byte-limit = 33554432 (custom)
2021-06-03 00:00:20,881 [f4f16679-ee25-4299-b5ef-20744ad00da9@group-B547EC5FBBCA-LeaderElection14] INFO  server.RaftServerConfigKeys (ConfUtils.java:logGet(44)) - raft.server.log.appender.buffer.element-limit = 1 (custom)
2021-06-03 00:00:20,882 [grpc-default-executor-0] INFO  server.RaftServer$Division (RaftServerImpl.java:requestVote(1074)) - 7d2c3eba-00a8-4405-8104-350103fd4dff@group-B547EC5FBBCA replies to ELECTION vote request: f4f16679-ee25-4299-b5ef-20744ad00da9<-7d2c3eba-00a8-4405-8104-350103fd4dff#0:OK-t1. Peer's state: 7d2c3eba-00a8-4405-8104-350103fd4dff@group-B547EC5FBBCA:t1, leader=null, voted=f4f16679-ee25-4299-b5ef-20744ad00da9, raftlog=7d2c3eba-00a8-4405-8104-350103fd4dff@group-B547EC5FBBCA-SegmentedRaftLog:OPENED:c-1,f-1,i0, conf=-1: [15d89ff8-8978-426f-aa57-cfd2a1dc180a|rpc:10.1.0.28:41799|priority:0, f4f16679-ee25-4299-b5ef-20744ad00da9|rpc:10.1.0.28:36455|priority:1, 7d2c3eba-00a8-4405-8104-350103fd4dff|rpc:10.1.0.28:45839|priority:0], old=null
2021-06-03 00:00:20,885 [f4f16679-ee25-4299-b5ef-20744ad00da9@group-B547EC5FBBCA-LeaderElection14] INFO  grpc.GrpcConfigKeys (ConfUtils.java:logGet(44)) - raft.grpc.server.leader.outstanding.appends.max = 128 (default)
2021-06-03 00:00:20,885 [f4f16679-ee25-4299-b5ef-20744ad00da9@group-B547EC5FBBCA-LeaderElection14] INFO  server.RaftServerConfigKeys (ConfUtils.java:logGet(44)) - raft.server.rpc.request.timeout = 3000ms (default)
2021-06-03 00:00:20,885 [f4f16679-ee25-4299-b5ef-20744ad00da9@group-B547EC5FBBCA-LeaderElection14] INFO  server.RaftServerConfigKeys (ConfUtils.java:logGet(44)) - raft.server.log.appender.install.snapshot.enabled = false (custom)
2021-06-03 00:00:20,886 [f4f16679-ee25-4299-b5ef-20744ad00da9@group-B547EC5FBBCA-LeaderElection14] INFO  metrics.RatisMetrics (RatisMetrics.java:lambda$create$0(36)) - Creating Metrics Registry : ratis_grpc.log_appender.f4f16679-ee25-4299-b5ef-20744ad00da9@group-B547EC5FBBCA
2021-06-03 00:00:20,890 [f4f16679-ee25-4299-b5ef-20744ad00da9@group-B547EC5FBBCA-LeaderElection14] INFO  server.RaftServerConfigKeys (ConfUtils.java:logGet(44)) - raft.server.log.appender.snapshot.chunk.size.max = 16MB (=16777216) (default)
2021-06-03 00:00:20,890 [f4f16679-ee25-4299-b5ef-20744ad00da9@group-B547EC5FBBCA-LeaderElection14] INFO  server.RaftServerConfigKeys (ConfUtils.java:logGet(44)) - raft.server.log.appender.buffer.byte-limit = 33554432 (custom)
2021-06-03 00:00:20,890 [f4f16679-ee25-4299-b5ef-20744ad00da9@group-B547EC5FBBCA-LeaderElection14] INFO  server.RaftServerConfigKeys (ConfUtils.java:logGet(44)) - raft.server.log.appender.buffer.element-limit = 1 (custom)
2021-06-03 00:00:20,890 [f4f16679-ee25-4299-b5ef-20744ad00da9@group-B547EC5FBBCA-LeaderElection14] INFO  grpc.GrpcConfigKeys (ConfUtils.java:logGet(44)) - raft.grpc.server.leader.outstanding.appends.max = 128 (default)
2021-06-03 00:00:20,890 [f4f16679-ee25-4299-b5ef-20744ad00da9@group-B547EC5FBBCA-LeaderElection14] INFO  server.RaftServerConfigKeys (ConfUtils.java:logGet(44)) - raft.server.rpc.request.timeout = 3000ms (default)
2021-06-03 00:00:20,890 [f4f16679-ee25-4299-b5ef-20744ad00da9@group-B547EC5FBBCA-LeaderElection14] INFO  server.RaftServerConfigKeys (ConfUtils.java:logGet(44)) - raft.server.log.appender.install.snapshot.enabled = false (custom)
2021-06-03 00:00:20,892 [f4f16679-ee25-4299-b5ef-20744ad00da9@group-B547EC5FBBCA-LeaderElection14] INFO  impl.RoleInfo (RoleInfo.java:updateAndGet(130)) - f4f16679-ee25-4299-b5ef-20744ad00da9: start f4f16679-ee25-4299-b5ef-20744ad00da9@group-B547EC5FBBCA-LeaderStateImpl
2021-06-03 00:00:20,892 [f4f16679-ee25-4299-b5ef-20744ad00da9@group-B547EC5FBBCA-LeaderElection14] INFO  segmented.SegmentedRaftLogWorker (SegmentedRaftLogWorker.java:startLogSegment(394)) - f4f16679-ee25-4299-b5ef-20744ad00da9@group-B547EC5FBBCA-SegmentedRaftLogWorker: Starting segment from index:0
2021-06-03 00:00:20,897 [f4f16679-ee25-4299-b5ef-20744ad00da9@group-B547EC5FBBCA-LeaderElection14] INFO  server.RaftServer$Division (ServerState.java:setRaftConf(373)) - f4f16679-ee25-4299-b5ef-20744ad00da9@group-B547EC5FBBCA: set configuration 0: [15d89ff8-8978-426f-aa57-cfd2a1dc180a|rpc:10.1.0.28:41799|dataStream:|priority:0, f4f16679-ee25-4299-b5ef-20744ad00da9|rpc:10.1.0.28:36455|dataStream:|priority:1, 7d2c3eba-00a8-4405-8104-350103fd4dff|rpc:10.1.0.28:45839|dataStream:|priority:0], old=null
2021-06-03 00:00:20,898 [f4f16679-ee25-4299-b5ef-20744ad00da9@group-B547EC5FBBCA-SegmentedRaftLogWorker] INFO  segmented.SegmentedRaftLogWorker (SegmentedRaftLogWorker.java:execute(601)) - f4f16679-ee25-4299-b5ef-20744ad00da9@group-B547EC5FBBCA-SegmentedRaftLogWorker: created new log segment /home/runner/work/ozone/ozone/mnt/ozone/hadoop-ozone/integration-test/target/test-dir/MiniOzoneClusterImpl-d99b0d03-7963-4ac2-881f-75d2f82b72ef/datanode-4/data/ratis/d82feb61-3546-4dbb-be3b-b547ec5fbbca/current/log_inprogress_0
2021-06-03 00:00:20,900 [f4f16679-ee25-4299-b5ef-20744ad00da9@group-B547EC5FBBCA-StateMachineUpdater] INFO  ratis.ContainerStateMachine (ContainerStateMachine.java:takeSnapshot(292)) - group-B547EC5FBBCA: Taking a snapshot at:(t:1, i:0) file /home/runner/work/ozone/ozone/mnt/ozone/hadoop-ozone/integration-test/target/test-dir/MiniOzoneClusterImpl-d99b0d03-7963-4ac2-881f-75d2f82b72ef/datanode-4/data/ratis/d82feb61-3546-4dbb-be3b-b547ec5fbbca/sm/snapshot.1_0
2021-06-03 00:00:20,901 [f4f16679-ee25-4299-b5ef-20744ad00da9@group-B547EC5FBBCA-StateMachineUpdater] INFO  ratis.ContainerStateMachine (ContainerStateMachine.java:takeSnapshot(303)) - group-B547EC5FBBCA: Finished taking a snapshot at:(t:1, i:0) file:/home/runner/work/ozone/ozone/mnt/ozone/hadoop-ozone/integration-test/target/test-dir/MiniOzoneClusterImpl-d99b0d03-7963-4ac2-881f-75d2f82b72ef/datanode-4/data/ratis/d82feb61-3546-4dbb-be3b-b547ec5fbbca/sm/snapshot.1_0 took: 1 ms
2021-06-03 00:00:20,901 [f4f16679-ee25-4299-b5ef-20744ad00da9@group-B547EC5FBBCA-StateMachineUpdater] INFO  impl.StateMachineUpdater (StateMachineUpdater.java:takeSnapshot(281)) - f4f16679-ee25-4299-b5ef-20744ad00da9@group-B547EC5FBBCA-StateMachineUpdater: Took a snapshot at index 0
2021-06-03 00:00:20,902 [f4f16679-ee25-4299-b5ef-20744ad00da9@group-B547EC5FBBCA-StateMachineUpdater] INFO  impl.StateMachineUpdater (StateMachineUpdater.java:lambda$new$0(89)) - f4f16679-ee25-4299-b5ef-20744ad00da9@group-B547EC5FBBCA-StateMachineUpdater: snapshotIndex: updateIncreasingly -1 -> 0
2021-06-03 00:00:20,914 [grpc-default-executor-0] INFO  ratis.XceiverServerRatis (XceiverServerRatis.java:handleLeaderChangedNotification(906)) - Leader change notification received for group: group-B547EC5FBBCA with new leaderId: f4f16679-ee25-4299-b5ef-20744ad00da9
2021-06-03 00:00:20,914 [grpc-default-executor-0] INFO  server.RaftServer$Division (ServerState.java:setLeader(271)) - 7d2c3eba-00a8-4405-8104-350103fd4dff@group-B547EC5FBBCA: change Leader from null to f4f16679-ee25-4299-b5ef-20744ad00da9 at term 1 for appendEntries, leader elected after 5079ms
2021-06-03 00:00:20,925 [grpc-default-executor-1] INFO  ratis.XceiverServerRatis (XceiverServerRatis.java:handleLeaderChangedNotification(906)) - Leader change notification received for group: group-B547EC5FBBCA with new leaderId: f4f16679-ee25-4299-b5ef-20744ad00da9
2021-06-03 00:00:20,925 [grpc-default-executor-1] INFO  server.RaftServer$Division (ServerState.java:setLeader(271)) - 15d89ff8-8978-426f-aa57-cfd2a1dc180a@group-B547EC5FBBCA: change Leader from null to f4f16679-ee25-4299-b5ef-20744ad00da9 at term 1 for appendEntries, leader elected after 5190ms
2021-06-03 00:00:20,943 [grpc-default-executor-1] INFO  server.RaftServer$Division (ServerState.java:setRaftConf(373)) - 15d89ff8-8978-426f-aa57-cfd2a1dc180a@group-B547EC5FBBCA: set configuration 0: [15d89ff8-8978-426f-aa57-cfd2a1dc180a|rpc:10.1.0.28:41799|dataStream:|priority:0, f4f16679-ee25-4299-b5ef-20744ad00da9|rpc:10.1.0.28:36455|dataStream:|priority:1, 7d2c3eba-00a8-4405-8104-350103fd4dff|rpc:10.1.0.28:45839|dataStream:|priority:0], old=null
2021-06-03 00:00:20,943 [grpc-default-executor-1] INFO  segmented.SegmentedRaftLogWorker (SegmentedRaftLogWorker.java:startLogSegment(394)) - 15d89ff8-8978-426f-aa57-cfd2a1dc180a@group-B547EC5FBBCA-SegmentedRaftLogWorker: Starting segment from index:0
2021-06-03 00:00:20,945 [15d89ff8-8978-426f-aa57-cfd2a1dc180a@group-B547EC5FBBCA-SegmentedRaftLogWorker] INFO  segmented.SegmentedRaftLogWorker (SegmentedRaftLogWorker.java:execute(601)) - 15d89ff8-8978-426f-aa57-cfd2a1dc180a@group-B547EC5FBBCA-SegmentedRaftLogWorker: created new log segment /home/runner/work/ozone/ozone/mnt/ozone/hadoop-ozone/integration-test/target/test-dir/MiniOzoneClusterImpl-d99b0d03-7963-4ac2-881f-75d2f82b72ef/datanode-5/data/ratis/d82feb61-3546-4dbb-be3b-b547ec5fbbca/current/log_inprogress_0
2021-06-03 00:00:20,945 [grpc-default-executor-0] INFO  server.RaftServer$Division (ServerState.java:setRaftConf(373)) - 7d2c3eba-00a8-4405-8104-350103fd4dff@group-B547EC5FBBCA: set configuration 0: [15d89ff8-8978-426f-aa57-cfd2a1dc180a|rpc:10.1.0.28:41799|dataStream:|priority:0, f4f16679-ee25-4299-b5ef-20744ad00da9|rpc:10.1.0.28:36455|dataStream:|priority:1, 7d2c3eba-00a8-4405-8104-350103fd4dff|rpc:10.1.0.28:45839|dataStream:|priority:0], old=null
2021-06-03 00:00:20,946 [grpc-default-executor-0] INFO  segmented.SegmentedRaftLogWorker (SegmentedRaftLogWorker.java:startLogSegment(394)) - 7d2c3eba-00a8-4405-8104-350103fd4dff@group-B547EC5FBBCA-SegmentedRaftLogWorker: Starting segment from index:0
2021-06-03 00:00:20,948 [7d2c3eba-00a8-4405-8104-350103fd4dff@group-B547EC5FBBCA-SegmentedRaftLogWorker] INFO  segmented.SegmentedRaftLogWorker (SegmentedRaftLogWorker.java:execute(601)) - 7d2c3eba-00a8-4405-8104-350103fd4dff@group-B547EC5FBBCA-SegmentedRaftLogWorker: created new log segment /home/runner/work/ozone/ozone/mnt/ozone/hadoop-ozone/integration-test/target/test-dir/MiniOzoneClusterImpl-d99b0d03-7963-4ac2-881f-75d2f82b72ef/datanode-3/data/ratis/d82feb61-3546-4dbb-be3b-b547ec5fbbca/current/log_inprogress_0
2021-06-03 00:00:20,949 [15d89ff8-8978-426f-aa57-cfd2a1dc180a@group-B547EC5FBBCA-StateMachineUpdater] INFO  ratis.ContainerStateMachine (ContainerStateMachine.java:takeSnapshot(292)) - group-B547EC5FBBCA: Taking a snapshot at:(t:1, i:0) file /home/runner/work/ozone/ozone/mnt/ozone/hadoop-ozone/integration-test/target/test-dir/MiniOzoneClusterImpl-d99b0d03-7963-4ac2-881f-75d2f82b72ef/datanode-5/data/ratis/d82feb61-3546-4dbb-be3b-b547ec5fbbca/sm/snapshot.1_0
2021-06-03 00:00:20,950 [15d89ff8-8978-426f-aa57-cfd2a1dc180a@group-B547EC5FBBCA-StateMachineUpdater] INFO  ratis.ContainerStateMachine (ContainerStateMachine.java:takeSnapshot(303)) - group-B547EC5FBBCA: Finished taking a snapshot at:(t:1, i:0) file:/home/runner/work/ozone/ozone/mnt/ozone/hadoop-ozone/integration-test/target/test-dir/MiniOzoneClusterImpl-d99b0d03-7963-4ac2-881f-75d2f82b72ef/datanode-5/data/ratis/d82feb61-3546-4dbb-be3b-b547ec5fbbca/sm/snapshot.1_0 took: 1 ms
2021-06-03 00:00:20,950 [15d89ff8-8978-426f-aa57-cfd2a1dc180a@group-B547EC5FBBCA-StateMachineUpdater] INFO  impl.StateMachineUpdater (StateMachineUpdater.java:takeSnapshot(281)) - 15d89ff8-8978-426f-aa57-cfd2a1dc180a@group-B547EC5FBBCA-StateMachineUpdater: Took a snapshot at index 0
2021-06-03 00:00:20,950 [15d89ff8-8978-426f-aa57-cfd2a1dc180a@group-B547EC5FBBCA-StateMachineUpdater] INFO  impl.StateMachineUpdater (StateMachineUpdater.java:lambda$new$0(89)) - 15d89ff8-8978-426f-aa57-cfd2a1dc180a@group-B547EC5FBBCA-StateMachineUpdater: snapshotIndex: updateIncreasingly -1 -> 0
2021-06-03 00:00:20,963 [7d2c3eba-00a8-4405-8104-350103fd4dff@group-B547EC5FBBCA-StateMachineUpdater] INFO  ratis.ContainerStateMachine (ContainerStateMachine.java:takeSnapshot(292)) - group-B547EC5FBBCA: Taking a snapshot at:(t:1, i:0) file /home/runner/work/ozone/ozone/mnt/ozone/hadoop-ozone/integration-test/target/test-dir/MiniOzoneClusterImpl-d99b0d03-7963-4ac2-881f-75d2f82b72ef/datanode-3/data/ratis/d82feb61-3546-4dbb-be3b-b547ec5fbbca/sm/snapshot.1_0
2021-06-03 00:00:20,965 [7d2c3eba-00a8-4405-8104-350103fd4dff@group-B547EC5FBBCA-StateMachineUpdater] INFO  ratis.ContainerStateMachine (ContainerStateMachine.java:takeSnapshot(303)) - group-B547EC5FBBCA: Finished taking a snapshot at:(t:1, i:0) file:/home/runner/work/ozone/ozone/mnt/ozone/hadoop-ozone/integration-test/target/test-dir/MiniOzoneClusterImpl-d99b0d03-7963-4ac2-881f-75d2f82b72ef/datanode-3/data/ratis/d82feb61-3546-4dbb-be3b-b547ec5fbbca/sm/snapshot.1_0 took: 2 ms
2021-06-03 00:00:20,965 [7d2c3eba-00a8-4405-8104-350103fd4dff@group-B547EC5FBBCA-StateMachineUpdater] INFO  impl.StateMachineUpdater (StateMachineUpdater.java:takeSnapshot(281)) - 7d2c3eba-00a8-4405-8104-350103fd4dff@group-B547EC5FBBCA-StateMachineUpdater: Took a snapshot at index 0
2021-06-03 00:00:20,965 [7d2c3eba-00a8-4405-8104-350103fd4dff@group-B547EC5FBBCA-StateMachineUpdater] INFO  impl.StateMachineUpdater (StateMachineUpdater.java:lambda$new$0(89)) - 7d2c3eba-00a8-4405-8104-350103fd4dff@group-B547EC5FBBCA-StateMachineUpdater: snapshotIndex: updateIncreasingly -1 -> 0
2021-06-03 00:00:21,042 [d0cf5b47-7c54-4e8b-8553-76537c736c6c@group-7907BFF6719C-FollowerState] INFO  impl.FollowerState (FollowerState.java:run(134)) - d0cf5b47-7c54-4e8b-8553-76537c736c6c@group-7907BFF6719C-FollowerState: change to CANDIDATE, lastRpcElapsedTime:5140304485ns, electionTimeout:5134ms
2021-06-03 00:00:21,042 [d0cf5b47-7c54-4e8b-8553-76537c736c6c@group-7907BFF6719C-FollowerState] INFO  impl.RoleInfo (RoleInfo.java:shutdownFollowerState(108)) - d0cf5b47-7c54-4e8b-8553-76537c736c6c: shutdown d0cf5b47-7c54-4e8b-8553-76537c736c6c@group-7907BFF6719C-FollowerState
2021-06-03 00:00:21,042 [d0cf5b47-7c54-4e8b-8553-76537c736c6c@group-7907BFF6719C-FollowerState] INFO  server.RaftServer$Division (RaftServerImpl.java:setRole(284)) - d0cf5b47-7c54-4e8b-8553-76537c736c6c@group-7907BFF6719C: changes role from  FOLLOWER to CANDIDATE at term 0 for changeToCandidate
2021-06-03 00:00:21,043 [d0cf5b47-7c54-4e8b-8553-76537c736c6c@group-7907BFF6719C-FollowerState] INFO  server.RaftServerConfigKeys (ConfUtils.java:logGet(44)) - raft.server.leaderelection.pre-vote = false (custom)
2021-06-03 00:00:21,043 [d0cf5b47-7c54-4e8b-8553-76537c736c6c@group-7907BFF6719C-FollowerState] INFO  impl.RoleInfo (RoleInfo.java:updateAndGet(130)) - d0cf5b47-7c54-4e8b-8553-76537c736c6c: start d0cf5b47-7c54-4e8b-8553-76537c736c6c@group-7907BFF6719C-LeaderElection15
2021-06-03 00:00:21,045 [d0cf5b47-7c54-4e8b-8553-76537c736c6c@group-7907BFF6719C-LeaderElection15] INFO  impl.LeaderElection (LeaderElection.java:askForVotes(306)) - d0cf5b47-7c54-4e8b-8553-76537c736c6c@group-7907BFF6719C-LeaderElection15 ELECTION round 0: submit vote requests at term 1 for -1: [d0cf5b47-7c54-4e8b-8553-76537c736c6c|rpc:10.1.0.28:42427|priority:1], old=null
2021-06-03 00:00:21,045 [d0cf5b47-7c54-4e8b-8553-76537c736c6c@group-7907BFF6719C-LeaderElection15] INFO  impl.LeaderElection (LeaderElection.java:askForVotes(308)) - d0cf5b47-7c54-4e8b-8553-76537c736c6c@group-7907BFF6719C-LeaderElection15 ELECTION round 0: result PASSED (term=1)
2021-06-03 00:00:21,045 [d0cf5b47-7c54-4e8b-8553-76537c736c6c@group-7907BFF6719C-LeaderElection15] INFO  impl.RoleInfo (RoleInfo.java:shutdownLeaderElection(121)) - d0cf5b47-7c54-4e8b-8553-76537c736c6c: shutdown d0cf5b47-7c54-4e8b-8553-76537c736c6c@group-7907BFF6719C-LeaderElection15
2021-06-03 00:00:21,045 [d0cf5b47-7c54-4e8b-8553-76537c736c6c@group-7907BFF6719C-LeaderElection15] INFO  server.RaftServer$Division (RaftServerImpl.java:setRole(284)) - d0cf5b47-7c54-4e8b-8553-76537c736c6c@group-7907BFF6719C: changes role from CANDIDATE to LEADER at term 1 for changeToLeader
2021-06-03 00:00:21,045 [d0cf5b47-7c54-4e8b-8553-76537c736c6c@group-7907BFF6719C-LeaderElection15] INFO  ratis.XceiverServerRatis (XceiverServerRatis.java:handleLeaderChangedNotification(906)) - Leader change notification received for group: group-7907BFF6719C with new leaderId: d0cf5b47-7c54-4e8b-8553-76537c736c6c
2021-06-03 00:00:21,046 [d0cf5b47-7c54-4e8b-8553-76537c736c6c@group-7907BFF6719C-LeaderElection15] INFO  server.RaftServer$Division (ServerState.java:setLeader(271)) - d0cf5b47-7c54-4e8b-8553-76537c736c6c@group-7907BFF6719C: change Leader from null to d0cf5b47-7c54-4e8b-8553-76537c736c6c at term 1 for becomeLeader, leader elected after 5182ms
2021-06-03 00:00:21,046 [d0cf5b47-7c54-4e8b-8553-76537c736c6c@group-7907BFF6719C-LeaderElection15] INFO  server.RaftServerConfigKeys (ConfUtils.java:logGet(44)) - raft.server.staging.catchup.gap = 1000 (default)
2021-06-03 00:00:21,046 [d0cf5b47-7c54-4e8b-8553-76537c736c6c@group-7907BFF6719C-LeaderElection15] INFO  metrics.RatisMetrics (RatisMetrics.java:lambda$create$0(36)) - Creating Metrics Registry : ratis.log_appender.d0cf5b47-7c54-4e8b-8553-76537c736c6c@group-7907BFF6719C
2021-06-03 00:00:21,047 [d0cf5b47-7c54-4e8b-8553-76537c736c6c@group-7907BFF6719C-LeaderElection15] INFO  server.RaftServerConfigKeys (ConfUtils.java:logGet(44)) - raft.server.write.element-limit = 1024 (custom)
2021-06-03 00:00:21,047 [d0cf5b47-7c54-4e8b-8553-76537c736c6c@group-7907BFF6719C-LeaderElection15] INFO  server.RaftServerConfigKeys (ConfUtils.java:logGet(44)) - raft.server.write.byte-limit = 1073741824 (custom)
2021-06-03 00:00:21,047 [d0cf5b47-7c54-4e8b-8553-76537c736c6c@group-7907BFF6719C-LeaderElection15] INFO  server.RaftServerConfigKeys (ConfUtils.java:logGet(44)) - raft.server.watch.timeout = 10000ms (default)
2021-06-03 00:00:21,047 [d0cf5b47-7c54-4e8b-8553-76537c736c6c@group-7907BFF6719C-LeaderElection15] INFO  server.RaftServerConfigKeys (ConfUtils.java:logGet(44)) - raft.server.watch.timeout.denomination = 1s (default)
2021-06-03 00:00:21,047 [d0cf5b47-7c54-4e8b-8553-76537c736c6c@group-7907BFF6719C-LeaderElection15] INFO  server.RaftServerConfigKeys (ConfUtils.java:logGet(44)) - raft.server.watch.element-limit = 65536 (default)
2021-06-03 00:00:21,047 [d0cf5b47-7c54-4e8b-8553-76537c736c6c@group-7907BFF6719C-LeaderElection15] INFO  impl.RoleInfo (RoleInfo.java:updateAndGet(130)) - d0cf5b47-7c54-4e8b-8553-76537c736c6c: start d0cf5b47-7c54-4e8b-8553-76537c736c6c@group-7907BFF6719C-LeaderStateImpl
2021-06-03 00:00:21,048 [d0cf5b47-7c54-4e8b-8553-76537c736c6c@group-7907BFF6719C-LeaderElection15] INFO  segmented.SegmentedRaftLogWorker (SegmentedRaftLogWorker.java:startLogSegment(394)) - d0cf5b47-7c54-4e8b-8553-76537c736c6c@group-7907BFF6719C-SegmentedRaftLogWorker: Starting segment from index:0
2021-06-03 00:00:21,053 [d0cf5b47-7c54-4e8b-8553-76537c736c6c@group-7907BFF6719C-SegmentedRaftLogWorker] INFO  segmented.SegmentedRaftLogWorker (SegmentedRaftLogWorker.java:execute(601)) - d0cf5b47-7c54-4e8b-8553-76537c736c6c@group-7907BFF6719C-SegmentedRaftLogWorker: created new log segment /home/runner/work/ozone/ozone/mnt/ozone/hadoop-ozone/integration-test/target/test-dir/MiniOzoneClusterImpl-d99b0d03-7963-4ac2-881f-75d2f82b72ef/datanode-6/data/ratis/334fa115-4679-4eab-b4ec-7907bff6719c/current/log_inprogress_0
2021-06-03 00:00:21,053 [d0cf5b47-7c54-4e8b-8553-76537c736c6c@group-7907BFF6719C-LeaderElection15] INFO  server.RaftServer$Division (ServerState.java:setRaftConf(373)) - d0cf5b47-7c54-4e8b-8553-76537c736c6c@group-7907BFF6719C: set configuration 0: [d0cf5b47-7c54-4e8b-8553-76537c736c6c|rpc:10.1.0.28:42427|dataStream:|priority:1], old=null
2021-06-03 00:00:21,056 [d0cf5b47-7c54-4e8b-8553-76537c736c6c@group-7907BFF6719C-StateMachineUpdater] INFO  ratis.ContainerStateMachine (ContainerStateMachine.java:takeSnapshot(292)) - group-7907BFF6719C: Taking a snapshot at:(t:1, i:0) file /home/runner/work/ozone/ozone/mnt/ozone/hadoop-ozone/integration-test/target/test-dir/MiniOzoneClusterImpl-d99b0d03-7963-4ac2-881f-75d2f82b72ef/datanode-6/data/ratis/334fa115-4679-4eab-b4ec-7907bff6719c/sm/snapshot.1_0
2021-06-03 00:00:21,056 [d0cf5b47-7c54-4e8b-8553-76537c736c6c@group-7907BFF6719C-StateMachineUpdater] INFO  ratis.ContainerStateMachine (ContainerStateMachine.java:takeSnapshot(303)) - group-7907BFF6719C: Finished taking a snapshot at:(t:1, i:0) file:/home/runner/work/ozone/ozone/mnt/ozone/hadoop-ozone/integration-test/target/test-dir/MiniOzoneClusterImpl-d99b0d03-7963-4ac2-881f-75d2f82b72ef/datanode-6/data/ratis/334fa115-4679-4eab-b4ec-7907bff6719c/sm/snapshot.1_0 took: 0 ms
2021-06-03 00:00:21,057 [d0cf5b47-7c54-4e8b-8553-76537c736c6c@group-7907BFF6719C-StateMachineUpdater] INFO  impl.StateMachineUpdater (StateMachineUpdater.java:takeSnapshot(281)) - d0cf5b47-7c54-4e8b-8553-76537c736c6c@group-7907BFF6719C-StateMachineUpdater: Took a snapshot at index 0
2021-06-03 00:00:21,057 [d0cf5b47-7c54-4e8b-8553-76537c736c6c@group-7907BFF6719C-StateMachineUpdater] INFO  impl.StateMachineUpdater (StateMachineUpdater.java:lambda$new$0(89)) - d0cf5b47-7c54-4e8b-8553-76537c736c6c@group-7907BFF6719C-StateMachineUpdater: snapshotIndex: updateIncreasingly -1 -> 0
2021-06-03 00:00:21,101 [49823d17-a6b1-4b17-b5f9-be7dfd52d59a@group-D30DF566EEDF-FollowerState] INFO  impl.FollowerState (FollowerState.java:run(134)) - 49823d17-a6b1-4b17-b5f9-be7dfd52d59a@group-D30DF566EEDF-FollowerState: change to CANDIDATE, lastRpcElapsedTime:5094062203ns, electionTimeout:5093ms
2021-06-03 00:00:21,102 [49823d17-a6b1-4b17-b5f9-be7dfd52d59a@group-D30DF566EEDF-FollowerState] INFO  impl.RoleInfo (RoleInfo.java:shutdownFollowerState(108)) - 49823d17-a6b1-4b17-b5f9-be7dfd52d59a: shutdown 49823d17-a6b1-4b17-b5f9-be7dfd52d59a@group-D30DF566EEDF-FollowerState
2021-06-03 00:00:21,102 [49823d17-a6b1-4b17-b5f9-be7dfd52d59a@group-D30DF566EEDF-FollowerState] INFO  server.RaftServer$Division (RaftServerImpl.java:setRole(284)) - 49823d17-a6b1-4b17-b5f9-be7dfd52d59a@group-D30DF566EEDF: changes role from  FOLLOWER to CANDIDATE at term 0 for changeToCandidate
2021-06-03 00:00:21,103 [49823d17-a6b1-4b17-b5f9-be7dfd52d59a@group-D30DF566EEDF-FollowerState] INFO  server.RaftServerConfigKeys (ConfUtils.java:logGet(44)) - raft.server.leaderelection.pre-vote = false (custom)
2021-06-03 00:00:21,103 [49823d17-a6b1-4b17-b5f9-be7dfd52d59a@group-D30DF566EEDF-FollowerState] INFO  impl.RoleInfo (RoleInfo.java:updateAndGet(130)) - 49823d17-a6b1-4b17-b5f9-be7dfd52d59a: start 49823d17-a6b1-4b17-b5f9-be7dfd52d59a@group-D30DF566EEDF-LeaderElection16
2021-06-03 00:00:21,106 [49823d17-a6b1-4b17-b5f9-be7dfd52d59a@group-D30DF566EEDF-LeaderElection16] INFO  impl.LeaderElection (LeaderElection.java:askForVotes(306)) - 49823d17-a6b1-4b17-b5f9-be7dfd52d59a@group-D30DF566EEDF-LeaderElection16 ELECTION round 0: submit vote requests at term 1 for -1: [49823d17-a6b1-4b17-b5f9-be7dfd52d59a|rpc:10.1.0.28:36933|dataStream:|priority:0, d0cf5b47-7c54-4e8b-8553-76537c736c6c|rpc:10.1.0.28:42427|dataStream:|priority:1, 008cfff7-303f-4304-8652-a290acc47d8f|rpc:10.1.0.28:38019|dataStream:|priority:0], old=null
2021-06-03 00:00:21,122 [grpc-default-executor-0] INFO  server.RaftServer$Division (RaftServerImpl.java:requestVote(1042)) - 008cfff7-303f-4304-8652-a290acc47d8f@group-D30DF566EEDF: receive requestVote(ELECTION, 49823d17-a6b1-4b17-b5f9-be7dfd52d59a, group-D30DF566EEDF, 1, (t:0, i:0))
2021-06-03 00:00:21,122 [grpc-default-executor-0] INFO  impl.VoteContext (VoteContext.java:log(48)) - 008cfff7-303f-4304-8652-a290acc47d8f@group-D30DF566EEDF-FOLLOWER: accept ELECTION from 49823d17-a6b1-4b17-b5f9-be7dfd52d59a: our priority 0 <= candidate's priority 0
2021-06-03 00:00:21,122 [grpc-default-executor-0] INFO  server.RaftServer$Division (RaftServerImpl.java:setRole(284)) - 008cfff7-303f-4304-8652-a290acc47d8f@group-D30DF566EEDF: changes role from  FOLLOWER to FOLLOWER at term 1 for candidate:49823d17-a6b1-4b17-b5f9-be7dfd52d59a
2021-06-03 00:00:21,122 [grpc-default-executor-0] INFO  impl.RoleInfo (RoleInfo.java:shutdownFollowerState(108)) - 008cfff7-303f-4304-8652-a290acc47d8f: shutdown 008cfff7-303f-4304-8652-a290acc47d8f@group-D30DF566EEDF-FollowerState
2021-06-03 00:00:21,122 [grpc-default-executor-0] INFO  impl.RoleInfo (RoleInfo.java:updateAndGet(130)) - 008cfff7-303f-4304-8652-a290acc47d8f: start 008cfff7-303f-4304-8652-a290acc47d8f@group-D30DF566EEDF-FollowerState
2021-06-03 00:00:21,122 [008cfff7-303f-4304-8652-a290acc47d8f@group-D30DF566EEDF-FollowerState] INFO  impl.FollowerState (FollowerState.java:run(143)) - 008cfff7-303f-4304-8652-a290acc47d8f@group-D30DF566EEDF-FollowerState was interrupted: {}
java.lang.InterruptedException: sleep interrupted
	at java.lang.Thread.sleep(Native Method)
	at java.lang.Thread.sleep(Thread.java:340)
	at java.util.concurrent.TimeUnit.sleep(TimeUnit.java:386)
	at org.apache.ratis.util.TimeDuration.sleep(TimeDuration.java:324)
	at org.apache.ratis.util.TimeDuration.sleep(TimeDuration.java:309)
	at org.apache.ratis.server.impl.FollowerState.run(FollowerState.java:118)
2021-06-03 00:00:21,131 [grpc-default-executor-2] INFO  server.RaftServer$Division (RaftServerImpl.java:requestVote(1042)) - d0cf5b47-7c54-4e8b-8553-76537c736c6c@group-D30DF566EEDF: receive requestVote(ELECTION, 49823d17-a6b1-4b17-b5f9-be7dfd52d59a, group-D30DF566EEDF, 1, (t:0, i:0))
2021-06-03 00:00:21,131 [d0cf5b47-7c54-4e8b-8553-76537c736c6c@group-D30DF566EEDF-FollowerState] INFO  impl.FollowerState (FollowerState.java:run(134)) - d0cf5b47-7c54-4e8b-8553-76537c736c6c@group-D30DF566EEDF-FollowerState: change to CANDIDATE, lastRpcElapsedTime:5195822848ns, electionTimeout:5189ms
2021-06-03 00:00:21,131 [d0cf5b47-7c54-4e8b-8553-76537c736c6c@group-D30DF566EEDF-FollowerState] INFO  impl.RoleInfo (RoleInfo.java:shutdownFollowerState(108)) - d0cf5b47-7c54-4e8b-8553-76537c736c6c: shutdown d0cf5b47-7c54-4e8b-8553-76537c736c6c@group-D30DF566EEDF-FollowerState
2021-06-03 00:00:21,131 [d0cf5b47-7c54-4e8b-8553-76537c736c6c@group-D30DF566EEDF-FollowerState] INFO  server.RaftServer$Division (RaftServerImpl.java:setRole(284)) - d0cf5b47-7c54-4e8b-8553-76537c736c6c@group-D30DF566EEDF: changes role from  FOLLOWER to CANDIDATE at term 0 for changeToCandidate
2021-06-03 00:00:21,131 [d0cf5b47-7c54-4e8b-8553-76537c736c6c@group-D30DF566EEDF-FollowerState] INFO  server.RaftServerConfigKeys (ConfUtils.java:logGet(44)) - raft.server.leaderelection.pre-vote = false (custom)
2021-06-03 00:00:21,131 [d0cf5b47-7c54-4e8b-8553-76537c736c6c@group-D30DF566EEDF-FollowerState] INFO  impl.RoleInfo (RoleInfo.java:updateAndGet(130)) - d0cf5b47-7c54-4e8b-8553-76537c736c6c: start d0cf5b47-7c54-4e8b-8553-76537c736c6c@group-D30DF566EEDF-LeaderElection17
2021-06-03 00:00:21,131 [49823d17-a6b1-4b17-b5f9-be7dfd52d59a@group-9111B1F16C21-FollowerState] INFO  impl.FollowerState (FollowerState.java:run(134)) - 49823d17-a6b1-4b17-b5f9-be7dfd52d59a@group-9111B1F16C21-FollowerState: change to CANDIDATE, lastRpcElapsedTime:5127572532ns, electionTimeout:5126ms
2021-06-03 00:00:21,131 [49823d17-a6b1-4b17-b5f9-be7dfd52d59a@group-9111B1F16C21-FollowerState] INFO  impl.RoleInfo (RoleInfo.java:shutdownFollowerState(108)) - 49823d17-a6b1-4b17-b5f9-be7dfd52d59a: shutdown 49823d17-a6b1-4b17-b5f9-be7dfd52d59a@group-9111B1F16C21-FollowerState
2021-06-03 00:00:21,131 [49823d17-a6b1-4b17-b5f9-be7dfd52d59a@group-9111B1F16C21-FollowerState] INFO  server.RaftServer$Division (RaftServerImpl.java:setRole(284)) - 49823d17-a6b1-4b17-b5f9-be7dfd52d59a@group-9111B1F16C21: changes role from  FOLLOWER to CANDIDATE at term 0 for changeToCandidate
2021-06-03 00:00:21,132 [grpc-default-executor-0] INFO  server.RaftServer$Division (RaftServerImpl.java:requestVote(1074)) - 008cfff7-303f-4304-8652-a290acc47d8f@group-D30DF566EEDF replies to ELECTION vote request: 49823d17-a6b1-4b17-b5f9-be7dfd52d59a<-008cfff7-303f-4304-8652-a290acc47d8f#0:OK-t1. Peer's state: 008cfff7-303f-4304-8652-a290acc47d8f@group-D30DF566EEDF:t1, leader=null, voted=49823d17-a6b1-4b17-b5f9-be7dfd52d59a, raftlog=008cfff7-303f-4304-8652-a290acc47d8f@group-D30DF566EEDF-SegmentedRaftLog:OPENED:c-1,f-1,i0, conf=-1: [49823d17-a6b1-4b17-b5f9-be7dfd52d59a|rpc:10.1.0.28:36933|dataStream:|priority:0, d0cf5b47-7c54-4e8b-8553-76537c736c6c|rpc:10.1.0.28:42427|dataStream:|priority:1, 008cfff7-303f-4304-8652-a290acc47d8f|rpc:10.1.0.28:38019|dataStream:|priority:0], old=null
2021-06-03 00:00:21,135 [49823d17-a6b1-4b17-b5f9-be7dfd52d59a@group-9111B1F16C21-FollowerState] INFO  server.RaftServerConfigKeys (ConfUtils.java:logGet(44)) - raft.server.leaderelection.pre-vote = false (custom)
2021-06-03 00:00:21,135 [49823d17-a6b1-4b17-b5f9-be7dfd52d59a@group-9111B1F16C21-FollowerState] INFO  impl.RoleInfo (RoleInfo.java:updateAndGet(130)) - 49823d17-a6b1-4b17-b5f9-be7dfd52d59a: start 49823d17-a6b1-4b17-b5f9-be7dfd52d59a@group-9111B1F16C21-LeaderElection18
2021-06-03 00:00:21,135 [grpc-default-executor-2] INFO  impl.VoteContext (VoteContext.java:log(48)) - d0cf5b47-7c54-4e8b-8553-76537c736c6c@group-D30DF566EEDF-CANDIDATE: reject ELECTION from 49823d17-a6b1-4b17-b5f9-be7dfd52d59a: our priority 1 > candidate's priority 0
2021-06-03 00:00:21,135 [008cfff7-303f-4304-8652-a290acc47d8f@group-12BF2E93876B-FollowerState] INFO  impl.FollowerState (FollowerState.java:run(134)) - 008cfff7-303f-4304-8652-a290acc47d8f@group-12BF2E93876B-FollowerState: change to CANDIDATE, lastRpcElapsedTime:5011584478ns, electionTimeout:5009ms
2021-06-03 00:00:21,135 [grpc-default-executor-2] INFO  server.RaftServer$Division (RaftServerImpl.java:setRole(284)) - d0cf5b47-7c54-4e8b-8553-76537c736c6c@group-D30DF566EEDF: changes role from CANDIDATE to FOLLOWER at term 1 for candidate:49823d17-a6b1-4b17-b5f9-be7dfd52d59a
2021-06-03 00:00:21,135 [grpc-default-executor-2] INFO  impl.RoleInfo (RoleInfo.java:shutdownLeaderElection(121)) - d0cf5b47-7c54-4e8b-8553-76537c736c6c: shutdown d0cf5b47-7c54-4e8b-8553-76537c736c6c@group-D30DF566EEDF-LeaderElection17
2021-06-03 00:00:21,135 [008cfff7-303f-4304-8652-a290acc47d8f@group-12BF2E93876B-FollowerState] INFO  impl.RoleInfo (RoleInfo.java:shutdownFollowerState(108)) - 008cfff7-303f-4304-8652-a290acc47d8f: shutdown 008cfff7-303f-4304-8652-a290acc47d8f@group-12BF2E93876B-FollowerState
2021-06-03 00:00:21,135 [grpc-default-executor-2] INFO  impl.RoleInfo (RoleInfo.java:updateAndGet(130)) - d0cf5b47-7c54-4e8b-8553-76537c736c6c: start d0cf5b47-7c54-4e8b-8553-76537c736c6c@group-D30DF566EEDF-FollowerState
2021-06-03 00:00:21,135 [008cfff7-303f-4304-8652-a290acc47d8f@group-12BF2E93876B-FollowerState] INFO  server.RaftServer$Division (RaftServerImpl.java:setRole(284)) - 008cfff7-303f-4304-8652-a290acc47d8f@group-12BF2E93876B: changes role from  FOLLOWER to CANDIDATE at term 0 for changeToCandidate
2021-06-03 00:00:21,136 [49823d17-a6b1-4b17-b5f9-be7dfd52d59a@group-5C0DA3C7C8C0-FollowerState] INFO  impl.FollowerState (FollowerState.java:run(134)) - 49823d17-a6b1-4b17-b5f9-be7dfd52d59a@group-5C0DA3C7C8C0-FollowerState: change to CANDIDATE, lastRpcElapsedTime:5108188304ns, electionTimeout:5103ms
2021-06-03 00:00:21,136 [49823d17-a6b1-4b17-b5f9-be7dfd52d59a@group-5C0DA3C7C8C0-FollowerState] INFO  impl.RoleInfo (RoleInfo.java:shutdownFollowerState(108)) - 49823d17-a6b1-4b17-b5f9-be7dfd52d59a: shutdown 49823d17-a6b1-4b17-b5f9-be7dfd52d59a@group-5C0DA3C7C8C0-FollowerState
2021-06-03 00:00:21,136 [49823d17-a6b1-4b17-b5f9-be7dfd52d59a@group-5C0DA3C7C8C0-FollowerState] INFO  server.RaftServer$Division (RaftServerImpl.java:setRole(284)) - 49823d17-a6b1-4b17-b5f9-be7dfd52d59a@group-5C0DA3C7C8C0: changes role from  FOLLOWER to CANDIDATE at term 0 for changeToCandidate
2021-06-03 00:00:21,136 [49823d17-a6b1-4b17-b5f9-be7dfd52d59a@group-5C0DA3C7C8C0-FollowerState] INFO  server.RaftServerConfigKeys (ConfUtils.java:logGet(44)) - raft.server.leaderelection.pre-vote = false (custom)
2021-06-03 00:00:21,136 [49823d17-a6b1-4b17-b5f9-be7dfd52d59a@group-5C0DA3C7C8C0-FollowerState] INFO  impl.RoleInfo (RoleInfo.java:updateAndGet(130)) - 49823d17-a6b1-4b17-b5f9-be7dfd52d59a: start 49823d17-a6b1-4b17-b5f9-be7dfd52d59a@group-5C0DA3C7C8C0-LeaderElection20
2021-06-03 00:00:21,145 [008cfff7-303f-4304-8652-a290acc47d8f@group-5C0DA3C7C8C0-FollowerState] INFO  impl.FollowerState (FollowerState.java:run(134)) - 008cfff7-303f-4304-8652-a290acc47d8f@group-5C0DA3C7C8C0-FollowerState: change to CANDIDATE, lastRpcElapsedTime:5050736350ns, electionTimeout:5041ms
2021-06-03 00:00:21,145 [008cfff7-303f-4304-8652-a290acc47d8f@group-5C0DA3C7C8C0-FollowerState] INFO  impl.RoleInfo (RoleInfo.java:shutdownFollowerState(108)) - 008cfff7-303f-4304-8652-a290acc47d8f: shutdown 008cfff7-303f-4304-8652-a290acc47d8f@group-5C0DA3C7C8C0-FollowerState
2021-06-03 00:00:21,145 [008cfff7-303f-4304-8652-a290acc47d8f@group-5C0DA3C7C8C0-FollowerState] INFO  server.RaftServer$Division (RaftServerImpl.java:setRole(284)) - 008cfff7-303f-4304-8652-a290acc47d8f@group-5C0DA3C7C8C0: changes role from  FOLLOWER to CANDIDATE at term 0 for changeToCandidate
2021-06-03 00:00:21,145 [grpc-default-executor-2] INFO  server.RaftServer$Division (RaftServerImpl.java:requestVote(1074)) - d0cf5b47-7c54-4e8b-8553-76537c736c6c@group-D30DF566EEDF replies to ELECTION vote request: 49823d17-a6b1-4b17-b5f9-be7dfd52d59a<-d0cf5b47-7c54-4e8b-8553-76537c736c6c#0:FAIL-t1. Peer's state: d0cf5b47-7c54-4e8b-8553-76537c736c6c@group-D30DF566EEDF:t1, leader=null, voted=null, raftlog=d0cf5b47-7c54-4e8b-8553-76537c736c6c@group-D30DF566EEDF-SegmentedRaftLog:OPENED:c-1,f-1,i0, conf=-1: [49823d17-a6b1-4b17-b5f9-be7dfd52d59a|rpc:10.1.0.28:36933|priority:0, d0cf5b47-7c54-4e8b-8553-76537c736c6c|rpc:10.1.0.28:42427|priority:1, 008cfff7-303f-4304-8652-a290acc47d8f|rpc:10.1.0.28:38019|priority:0], old=null
2021-06-03 00:00:21,146 [49823d17-a6b1-4b17-b5f9-be7dfd52d59a@group-9111B1F16C21-LeaderElection18] INFO  impl.LeaderElection (LeaderElection.java:askForVotes(306)) - 49823d17-a6b1-4b17-b5f9-be7dfd52d59a@group-9111B1F16C21-LeaderElection18 ELECTION round 0: submit vote requests at term 1 for -1: [49823d17-a6b1-4b17-b5f9-be7dfd52d59a|rpc:10.1.0.28:36933|priority:1], old=null
2021-06-03 00:00:21,146 [49823d17-a6b1-4b17-b5f9-be7dfd52d59a@group-9111B1F16C21-LeaderElection18] INFO  impl.LeaderElection (LeaderElection.java:askForVotes(308)) - 49823d17-a6b1-4b17-b5f9-be7dfd52d59a@group-9111B1F16C21-LeaderElection18 ELECTION round 0: result PASSED (term=1)
2021-06-03 00:00:21,146 [49823d17-a6b1-4b17-b5f9-be7dfd52d59a@group-9111B1F16C21-LeaderElection18] INFO  impl.RoleInfo (RoleInfo.java:shutdownLeaderElection(121)) - 49823d17-a6b1-4b17-b5f9-be7dfd52d59a: shutdown 49823d17-a6b1-4b17-b5f9-be7dfd52d59a@group-9111B1F16C21-LeaderElection18
2021-06-03 00:00:21,146 [49823d17-a6b1-4b17-b5f9-be7dfd52d59a@group-9111B1F16C21-LeaderElection18] INFO  server.RaftServer$Division (RaftServerImpl.java:setRole(284)) - 49823d17-a6b1-4b17-b5f9-be7dfd52d59a@group-9111B1F16C21: changes role from CANDIDATE to LEADER at term 1 for changeToLeader
2021-06-03 00:00:21,146 [49823d17-a6b1-4b17-b5f9-be7dfd52d59a@group-9111B1F16C21-LeaderElection18] INFO  ratis.XceiverServerRatis (XceiverServerRatis.java:handleLeaderChangedNotification(906)) - Leader change notification received for group: group-9111B1F16C21 with new leaderId: 49823d17-a6b1-4b17-b5f9-be7dfd52d59a
2021-06-03 00:00:21,147 [49823d17-a6b1-4b17-b5f9-be7dfd52d59a@group-9111B1F16C21-LeaderElection18] INFO  server.RaftServer$Division (ServerState.java:setLeader(271)) - 49823d17-a6b1-4b17-b5f9-be7dfd52d59a@group-9111B1F16C21: change Leader from null to 49823d17-a6b1-4b17-b5f9-be7dfd52d59a at term 1 for becomeLeader, leader elected after 5173ms
2021-06-03 00:00:21,147 [49823d17-a6b1-4b17-b5f9-be7dfd52d59a@group-9111B1F16C21-LeaderElection18] INFO  server.RaftServerConfigKeys (ConfUtils.java:logGet(44)) - raft.server.staging.catchup.gap = 1000 (default)
2021-06-03 00:00:21,147 [49823d17-a6b1-4b17-b5f9-be7dfd52d59a@group-9111B1F16C21-LeaderElection18] INFO  metrics.RatisMetrics (RatisMetrics.java:lambda$create$0(36)) - Creating Metrics Registry : ratis.log_appender.49823d17-a6b1-4b17-b5f9-be7dfd52d59a@group-9111B1F16C21
2021-06-03 00:00:21,147 [49823d17-a6b1-4b17-b5f9-be7dfd52d59a@group-9111B1F16C21-LeaderElection18] INFO  server.RaftServerConfigKeys (ConfUtils.java:logGet(44)) - raft.server.write.element-limit = 1024 (custom)
2021-06-03 00:00:21,147 [49823d17-a6b1-4b17-b5f9-be7dfd52d59a@group-9111B1F16C21-LeaderElection18] INFO  server.RaftServerConfigKeys (ConfUtils.java:logGet(44)) - raft.server.write.byte-limit = 1073741824 (custom)
2021-06-03 00:00:21,147 [49823d17-a6b1-4b17-b5f9-be7dfd52d59a@group-9111B1F16C21-LeaderElection18] INFO  server.RaftServerConfigKeys (ConfUtils.java:logGet(44)) - raft.server.watch.timeout = 10000ms (default)
2021-06-03 00:00:21,147 [49823d17-a6b1-4b17-b5f9-be7dfd52d59a@group-9111B1F16C21-LeaderElection18] INFO  server.RaftServerConfigKeys (ConfUtils.java:logGet(44)) - raft.server.watch.timeout.denomination = 1s (default)
2021-06-03 00:00:21,147 [49823d17-a6b1-4b17-b5f9-be7dfd52d59a@group-9111B1F16C21-LeaderElection18] INFO  server.RaftServerConfigKeys (ConfUtils.java:logGet(44)) - raft.server.watch.element-limit = 65536 (default)
2021-06-03 00:00:21,147 [49823d17-a6b1-4b17-b5f9-be7dfd52d59a@group-9111B1F16C21-LeaderElection18] INFO  impl.RoleInfo (RoleInfo.java:updateAndGet(130)) - 49823d17-a6b1-4b17-b5f9-be7dfd52d59a: start 49823d17-a6b1-4b17-b5f9-be7dfd52d59a@group-9111B1F16C21-LeaderStateImpl
2021-06-03 00:00:21,148 [49823d17-a6b1-4b17-b5f9-be7dfd52d59a@group-9111B1F16C21-LeaderElection18] INFO  segmented.SegmentedRaftLogWorker (SegmentedRaftLogWorker.java:startLogSegment(394)) - 49823d17-a6b1-4b17-b5f9-be7dfd52d59a@group-9111B1F16C21-SegmentedRaftLogWorker: Starting segment from index:0
2021-06-03 00:00:21,149 [008cfff7-303f-4304-8652-a290acc47d8f@group-5C0DA3C7C8C0-FollowerState] INFO  server.RaftServerConfigKeys (ConfUtils.java:logGet(44)) - raft.server.leaderelection.pre-vote = false (custom)
2021-06-03 00:00:21,149 [008cfff7-303f-4304-8652-a290acc47d8f@group-5C0DA3C7C8C0-FollowerState] INFO  impl.RoleInfo (RoleInfo.java:updateAndGet(130)) - 008cfff7-303f-4304-8652-a290acc47d8f: start 008cfff7-303f-4304-8652-a290acc47d8f@group-5C0DA3C7C8C0-LeaderElection21
2021-06-03 00:00:21,149 [008cfff7-303f-4304-8652-a290acc47d8f@group-12BF2E93876B-FollowerState] INFO  server.RaftServerConfigKeys (ConfUtils.java:logGet(44)) - raft.server.leaderelection.pre-vote = false (custom)
2021-06-03 00:00:21,149 [008cfff7-303f-4304-8652-a290acc47d8f@group-12BF2E93876B-FollowerState] INFO  impl.RoleInfo (RoleInfo.java:updateAndGet(130)) - 008cfff7-303f-4304-8652-a290acc47d8f: start 008cfff7-303f-4304-8652-a290acc47d8f@group-12BF2E93876B-LeaderElection19
2021-06-03 00:00:21,150 [49823d17-a6b1-4b17-b5f9-be7dfd52d59a@group-9111B1F16C21-SegmentedRaftLogWorker] INFO  segmented.SegmentedRaftLogWorker (SegmentedRaftLogWorker.java:execute(601)) - 49823d17-a6b1-4b17-b5f9-be7dfd52d59a@group-9111B1F16C21-SegmentedRaftLogWorker: created new log segment /home/runner/work/ozone/ozone/mnt/ozone/hadoop-ozone/integration-test/target/test-dir/MiniOzoneClusterImpl-d99b0d03-7963-4ac2-881f-75d2f82b72ef/datanode-7/data/ratis/e01126f0-176d-4eae-83b0-9111b1f16c21/current/log_inprogress_0
2021-06-03 00:00:21,155 [49823d17-a6b1-4b17-b5f9-be7dfd52d59a@group-9111B1F16C21-LeaderElection18] INFO  server.RaftServer$Division (ServerState.java:setRaftConf(373)) - 49823d17-a6b1-4b17-b5f9-be7dfd52d59a@group-9111B1F16C21: set configuration 0: [49823d17-a6b1-4b17-b5f9-be7dfd52d59a|rpc:10.1.0.28:36933|dataStream:|priority:1], old=null
2021-06-03 00:00:21,156 [49823d17-a6b1-4b17-b5f9-be7dfd52d59a@group-D30DF566EEDF-LeaderElection16] INFO  impl.LeaderElection (LeaderElection.java:logAndReturn(89)) - 49823d17-a6b1-4b17-b5f9-be7dfd52d59a@group-D30DF566EEDF-LeaderElection16: ELECTION REJECTED received 2 response(s) and 0 exception(s):
2021-06-03 00:00:21,156 [49823d17-a6b1-4b17-b5f9-be7dfd52d59a@group-D30DF566EEDF-LeaderElection16] INFO  impl.LeaderElection (LeaderElection.java:logAndReturn(93)) -   Response 0: 49823d17-a6b1-4b17-b5f9-be7dfd52d59a<-d0cf5b47-7c54-4e8b-8553-76537c736c6c#0:FAIL-t1
2021-06-03 00:00:21,156 [49823d17-a6b1-4b17-b5f9-be7dfd52d59a@group-D30DF566EEDF-LeaderElection16] INFO  impl.LeaderElection (LeaderElection.java:logAndReturn(93)) -   Response 1: 49823d17-a6b1-4b17-b5f9-be7dfd52d59a<-008cfff7-303f-4304-8652-a290acc47d8f#0:OK-t1
2021-06-03 00:00:21,156 [49823d17-a6b1-4b17-b5f9-be7dfd52d59a@group-5C0DA3C7C8C0-LeaderElection20] INFO  impl.LeaderElection (LeaderElection.java:askForVotes(306)) - 49823d17-a6b1-4b17-b5f9-be7dfd52d59a@group-5C0DA3C7C8C0-LeaderElection20 ELECTION round 0: submit vote requests at term 1 for -1: [49823d17-a6b1-4b17-b5f9-be7dfd52d59a|rpc:10.1.0.28:36933|priority:0, d0cf5b47-7c54-4e8b-8553-76537c736c6c|rpc:10.1.0.28:42427|priority:0, 008cfff7-303f-4304-8652-a290acc47d8f|rpc:10.1.0.28:38019|priority:1], old=null
2021-06-03 00:00:21,162 [49823d17-a6b1-4b17-b5f9-be7dfd52d59a@group-D30DF566EEDF-LeaderElection16] INFO  impl.LeaderElection (LeaderElection.java:askForVotes(308)) - 49823d17-a6b1-4b17-b5f9-be7dfd52d59a@group-D30DF566EEDF-LeaderElection16 ELECTION round 0: result REJECTED
2021-06-03 00:00:21,162 [49823d17-a6b1-4b17-b5f9-be7dfd52d59a@group-D30DF566EEDF-LeaderElection16] INFO  server.RaftServer$Division (RaftServerImpl.java:setRole(284)) - 49823d17-a6b1-4b17-b5f9-be7dfd52d59a@group-D30DF566EEDF: changes role from CANDIDATE to FOLLOWER at term 1 for REJECTED
2021-06-03 00:00:21,162 [49823d17-a6b1-4b17-b5f9-be7dfd52d59a@group-D30DF566EEDF-LeaderElection16] INFO  impl.RoleInfo (RoleInfo.java:shutdownLeaderElection(121)) - 49823d17-a6b1-4b17-b5f9-be7dfd52d59a: shutdown 49823d17-a6b1-4b17-b5f9-be7dfd52d59a@group-D30DF566EEDF-LeaderElection16
2021-06-03 00:00:21,163 [49823d17-a6b1-4b17-b5f9-be7dfd52d59a@group-9111B1F16C21-StateMachineUpdater] INFO  ratis.ContainerStateMachine (ContainerStateMachine.java:takeSnapshot(292)) - group-9111B1F16C21: Taking a snapshot at:(t:1, i:0) file /home/runner/work/ozone/ozone/mnt/ozone/hadoop-ozone/integration-test/target/test-dir/MiniOzoneClusterImpl-d99b0d03-7963-4ac2-881f-75d2f82b72ef/datanode-7/data/ratis/e01126f0-176d-4eae-83b0-9111b1f16c21/sm/snapshot.1_0
2021-06-03 00:00:21,163 [49823d17-a6b1-4b17-b5f9-be7dfd52d59a@group-D30DF566EEDF-LeaderElection16] INFO  impl.RoleInfo (RoleInfo.java:updateAndGet(130)) - 49823d17-a6b1-4b17-b5f9-be7dfd52d59a: start 49823d17-a6b1-4b17-b5f9-be7dfd52d59a@group-D30DF566EEDF-FollowerState
2021-06-03 00:00:21,163 [grpc-default-executor-2] INFO  server.RaftServer$Division (RaftServerImpl.java:requestVote(1042)) - d0cf5b47-7c54-4e8b-8553-76537c736c6c@group-5C0DA3C7C8C0: receive requestVote(ELECTION, 49823d17-a6b1-4b17-b5f9-be7dfd52d59a, group-5C0DA3C7C8C0, 1, (t:0, i:0))
2021-06-03 00:00:21,164 [grpc-default-executor-2] INFO  impl.VoteContext (VoteContext.java:log(48)) - d0cf5b47-7c54-4e8b-8553-76537c736c6c@group-5C0DA3C7C8C0-FOLLOWER: accept ELECTION from 49823d17-a6b1-4b17-b5f9-be7dfd52d59a: our priority 0 <= candidate's priority 0
2021-06-03 00:00:21,164 [grpc-default-executor-2] INFO  server.RaftServer$Division (RaftServerImpl.java:setRole(284)) - d0cf5b47-7c54-4e8b-8553-76537c736c6c@group-5C0DA3C7C8C0: changes role from  FOLLOWER to FOLLOWER at term 1 for candidate:49823d17-a6b1-4b17-b5f9-be7dfd52d59a
2021-06-03 00:00:21,164 [grpc-default-executor-2] INFO  impl.RoleInfo (RoleInfo.java:shutdownFollowerState(108)) - d0cf5b47-7c54-4e8b-8553-76537c736c6c: shutdown d0cf5b47-7c54-4e8b-8553-76537c736c6c@group-5C0DA3C7C8C0-FollowerState
2021-06-03 00:00:21,164 [49823d17-a6b1-4b17-b5f9-be7dfd52d59a@group-9111B1F16C21-StateMachineUpdater] INFO  ratis.ContainerStateMachine (ContainerStateMachine.java:takeSnapshot(303)) - group-9111B1F16C21: Finished taking a snapshot at:(t:1, i:0) file:/home/runner/work/ozone/ozone/mnt/ozone/hadoop-ozone/integration-test/target/test-dir/MiniOzoneClusterImpl-d99b0d03-7963-4ac2-881f-75d2f82b72ef/datanode-7/data/ratis/e01126f0-176d-4eae-83b0-9111b1f16c21/sm/snapshot.1_0 took: 1 ms
2021-06-03 00:00:21,164 [49823d17-a6b1-4b17-b5f9-be7dfd52d59a@group-9111B1F16C21-StateMachineUpdater] INFO  impl.StateMachineUpdater (StateMachineUpdater.java:takeSnapshot(281)) - 49823d17-a6b1-4b17-b5f9-be7dfd52d59a@group-9111B1F16C21-StateMachineUpdater: Took a snapshot at index 0
2021-06-03 00:00:21,164 [49823d17-a6b1-4b17-b5f9-be7dfd52d59a@group-9111B1F16C21-StateMachineUpdater] INFO  impl.StateMachineUpdater (StateMachineUpdater.java:lambda$new$0(89)) - 49823d17-a6b1-4b17-b5f9-be7dfd52d59a@group-9111B1F16C21-StateMachineUpdater: snapshotIndex: updateIncreasingly -1 -> 0
2021-06-03 00:00:21,168 [grpc-default-executor-2] INFO  impl.RoleInfo (RoleInfo.java:updateAndGet(130)) - d0cf5b47-7c54-4e8b-8553-76537c736c6c: start d0cf5b47-7c54-4e8b-8553-76537c736c6c@group-5C0DA3C7C8C0-FollowerState
2021-06-03 00:00:21,168 [d0cf5b47-7c54-4e8b-8553-76537c736c6c@group-5C0DA3C7C8C0-FollowerState] INFO  impl.FollowerState (FollowerState.java:run(143)) - d0cf5b47-7c54-4e8b-8553-76537c736c6c@group-5C0DA3C7C8C0-FollowerState was interrupted: {}
java.lang.InterruptedException: sleep interrupted
	at java.lang.Thread.sleep(Native Method)
	at java.lang.Thread.sleep(Thread.java:340)
	at java.util.concurrent.TimeUnit.sleep(TimeUnit.java:386)
	at org.apache.ratis.util.TimeDuration.sleep(TimeDuration.java:324)
	at org.apache.ratis.util.TimeDuration.sleep(TimeDuration.java:309)
	at org.apache.ratis.server.impl.FollowerState.run(FollowerState.java:118)
2021-06-03 00:00:21,169 [008cfff7-303f-4304-8652-a290acc47d8f@group-12BF2E93876B-LeaderElection19] INFO  impl.LeaderElection (LeaderElection.java:askForVotes(306)) - 008cfff7-303f-4304-8652-a290acc47d8f@group-12BF2E93876B-LeaderElection19 ELECTION round 0: submit vote requests at term 1 for -1: [008cfff7-303f-4304-8652-a290acc47d8f|rpc:10.1.0.28:38019|priority:1], old=null
2021-06-03 00:00:21,169 [008cfff7-303f-4304-8652-a290acc47d8f@group-12BF2E93876B-LeaderElection19] INFO  impl.LeaderElection (LeaderElection.java:askForVotes(308)) - 008cfff7-303f-4304-8652-a290acc47d8f@group-12BF2E93876B-LeaderElection19 ELECTION round 0: result PASSED (term=1)
2021-06-03 00:00:21,169 [008cfff7-303f-4304-8652-a290acc47d8f@group-12BF2E93876B-LeaderElection19] INFO  impl.RoleInfo (RoleInfo.java:shutdownLeaderElection(121)) - 008cfff7-303f-4304-8652-a290acc47d8f: shutdown 008cfff7-303f-4304-8652-a290acc47d8f@group-12BF2E93876B-LeaderElection19
2021-06-03 00:00:21,169 [008cfff7-303f-4304-8652-a290acc47d8f@group-12BF2E93876B-LeaderElection19] INFO  server.RaftServer$Division (RaftServerImpl.java:setRole(284)) - 008cfff7-303f-4304-8652-a290acc47d8f@group-12BF2E93876B: changes role from CANDIDATE to LEADER at term 1 for changeToLeader
2021-06-03 00:00:21,169 [008cfff7-303f-4304-8652-a290acc47d8f@group-12BF2E93876B-LeaderElection19] INFO  ratis.XceiverServerRatis (XceiverServerRatis.java:handleLeaderChangedNotification(906)) - Leader change notification received for group: group-12BF2E93876B with new leaderId: 008cfff7-303f-4304-8652-a290acc47d8f
2021-06-03 00:00:21,169 [008cfff7-303f-4304-8652-a290acc47d8f@group-12BF2E93876B-LeaderElection19] INFO  server.RaftServer$Division (ServerState.java:setLeader(271)) - 008cfff7-303f-4304-8652-a290acc47d8f@group-12BF2E93876B: change Leader from null to 008cfff7-303f-4304-8652-a290acc47d8f at term 1 for becomeLeader, leader elected after 5066ms
2021-06-03 00:00:21,169 [008cfff7-303f-4304-8652-a290acc47d8f@group-12BF2E93876B-LeaderElection19] INFO  server.RaftServerConfigKeys (ConfUtils.java:logGet(44)) - raft.server.staging.catchup.gap = 1000 (default)
2021-06-03 00:00:21,169 [008cfff7-303f-4304-8652-a290acc47d8f@group-12BF2E93876B-LeaderElection19] INFO  metrics.RatisMetrics (RatisMetrics.java:lambda$create$0(36)) - Creating Metrics Registry : ratis.log_appender.008cfff7-303f-4304-8652-a290acc47d8f@group-12BF2E93876B
2021-06-03 00:00:21,170 [008cfff7-303f-4304-8652-a290acc47d8f@group-12BF2E93876B-LeaderElection19] INFO  server.RaftServerConfigKeys (ConfUtils.java:logGet(44)) - raft.server.write.element-limit = 1024 (custom)
2021-06-03 00:00:21,170 [008cfff7-303f-4304-8652-a290acc47d8f@group-12BF2E93876B-LeaderElection19] INFO  server.RaftServerConfigKeys (ConfUtils.java:logGet(44)) - raft.server.write.byte-limit = 1073741824 (custom)
2021-06-03 00:00:21,170 [008cfff7-303f-4304-8652-a290acc47d8f@group-12BF2E93876B-LeaderElection19] INFO  server.RaftServerConfigKeys (ConfUtils.java:logGet(44)) - raft.server.watch.timeout = 10000ms (default)
2021-06-03 00:00:21,170 [008cfff7-303f-4304-8652-a290acc47d8f@group-12BF2E93876B-LeaderElection19] INFO  server.RaftServerConfigKeys (ConfUtils.java:logGet(44)) - raft.server.watch.timeout.denomination = 1s (default)
2021-06-03 00:00:21,170 [008cfff7-303f-4304-8652-a290acc47d8f@group-12BF2E93876B-LeaderElection19] INFO  server.RaftServerConfigKeys (ConfUtils.java:logGet(44)) - raft.server.watch.element-limit = 65536 (default)
2021-06-03 00:00:21,170 [008cfff7-303f-4304-8652-a290acc47d8f@group-12BF2E93876B-LeaderElection19] INFO  impl.RoleInfo (RoleInfo.java:updateAndGet(130)) - 008cfff7-303f-4304-8652-a290acc47d8f: start 008cfff7-303f-4304-8652-a290acc47d8f@group-12BF2E93876B-LeaderStateImpl
2021-06-03 00:00:21,170 [008cfff7-303f-4304-8652-a290acc47d8f@group-12BF2E93876B-LeaderElection19] INFO  segmented.SegmentedRaftLogWorker (SegmentedRaftLogWorker.java:startLogSegment(394)) - 008cfff7-303f-4304-8652-a290acc47d8f@group-12BF2E93876B-SegmentedRaftLogWorker: Starting segment from index:0
2021-06-03 00:00:21,172 [008cfff7-303f-4304-8652-a290acc47d8f@group-12BF2E93876B-SegmentedRaftLogWorker] INFO  segmented.SegmentedRaftLogWorker (SegmentedRaftLogWorker.java:execute(601)) - 008cfff7-303f-4304-8652-a290acc47d8f@group-12BF2E93876B-SegmentedRaftLogWorker: created new log segment /home/runner/work/ozone/ozone/mnt/ozone/hadoop-ozone/integration-test/target/test-dir/MiniOzoneClusterImpl-d99b0d03-7963-4ac2-881f-75d2f82b72ef/datanode-8/data/ratis/65cdeea9-1024-488b-973f-12bf2e93876b/current/log_inprogress_0
2021-06-03 00:00:21,172 [grpc-default-executor-2] INFO  server.RaftServer$Division (RaftServerImpl.java:requestVote(1074)) - d0cf5b47-7c54-4e8b-8553-76537c736c6c@group-5C0DA3C7C8C0 replies to ELECTION vote request: 49823d17-a6b1-4b17-b5f9-be7dfd52d59a<-d0cf5b47-7c54-4e8b-8553-76537c736c6c#0:OK-t1. Peer's state: d0cf5b47-7c54-4e8b-8553-76537c736c6c@group-5C0DA3C7C8C0:t1, leader=null, voted=49823d17-a6b1-4b17-b5f9-be7dfd52d59a, raftlog=d0cf5b47-7c54-4e8b-8553-76537c736c6c@group-5C0DA3C7C8C0-SegmentedRaftLog:OPENED:c-1,f-1,i0, conf=-1: [49823d17-a6b1-4b17-b5f9-be7dfd52d59a|rpc:10.1.0.28:36933|priority:0, d0cf5b47-7c54-4e8b-8553-76537c736c6c|rpc:10.1.0.28:42427|priority:0, 008cfff7-303f-4304-8652-a290acc47d8f|rpc:10.1.0.28:38019|priority:1], old=null
2021-06-03 00:00:21,177 [Listener at 127.0.0.1/45991] INFO  ozone.MiniOzoneClusterImpl (MiniOzoneClusterImpl.java:lambda$waitForClusterToBeReady$0(224)) - Nodes are ready. Got 10 of 10 DN Heartbeats.
2021-06-03 00:00:21,177 [Listener at 127.0.0.1/45991] INFO  ozone.MiniOzoneClusterImpl (MiniOzoneClusterImpl.java:lambda$waitForClusterToBeReady$0(227)) - Cluster exits safe mode
2021-06-03 00:00:21,177 [Listener at 127.0.0.1/45991] INFO  ozone.MiniOzoneClusterImpl (MiniOzoneClusterImpl.java:lambda$waitForClusterToBeReady$0(230)) - SCM became leader
2021-06-03 00:00:21,188 [grpc-default-executor-0] INFO  server.RaftServer$Division (RaftServerImpl.java:requestVote(1042)) - 008cfff7-303f-4304-8652-a290acc47d8f@group-5C0DA3C7C8C0: receive requestVote(ELECTION, 49823d17-a6b1-4b17-b5f9-be7dfd52d59a, group-5C0DA3C7C8C0, 1, (t:0, i:0))
2021-06-03 00:00:21,189 [008cfff7-303f-4304-8652-a290acc47d8f@group-12BF2E93876B-LeaderElection19] INFO  server.RaftServer$Division (ServerState.java:setRaftConf(373)) - 008cfff7-303f-4304-8652-a290acc47d8f@group-12BF2E93876B: set configuration 0: [008cfff7-303f-4304-8652-a290acc47d8f|rpc:10.1.0.28:38019|dataStream:|priority:1], old=null
2021-06-03 00:00:21,190 [008cfff7-303f-4304-8652-a290acc47d8f@group-5C0DA3C7C8C0-LeaderElection21] INFO  impl.LeaderElection (LeaderElection.java:askForVotes(306)) - 008cfff7-303f-4304-8652-a290acc47d8f@group-5C0DA3C7C8C0-LeaderElection21 ELECTION round 0: submit vote requests at term 1 for -1: [49823d17-a6b1-4b17-b5f9-be7dfd52d59a|rpc:10.1.0.28:36933|dataStream:|priority:0, d0cf5b47-7c54-4e8b-8553-76537c736c6c|rpc:10.1.0.28:42427|dataStream:|priority:0, 008cfff7-303f-4304-8652-a290acc47d8f|rpc:10.1.0.28:38019|dataStream:|priority:1], old=null
2021-06-03 00:00:21,190 [grpc-default-executor-0] INFO  impl.VoteContext (VoteContext.java:log(48)) - 008cfff7-303f-4304-8652-a290acc47d8f@group-5C0DA3C7C8C0-CANDIDATE: reject ELECTION from 49823d17-a6b1-4b17-b5f9-be7dfd52d59a: already has voted for 008cfff7-303f-4304-8652-a290acc47d8f at current term 1
2021-06-03 00:00:21,190 [grpc-default-executor-0] INFO  server.RaftServer$Division (RaftServerImpl.java:requestVote(1074)) - 008cfff7-303f-4304-8652-a290acc47d8f@group-5C0DA3C7C8C0 replies to ELECTION vote request: 49823d17-a6b1-4b17-b5f9-be7dfd52d59a<-008cfff7-303f-4304-8652-a290acc47d8f#0:FAIL-t1. Peer's state: 008cfff7-303f-4304-8652-a290acc47d8f@group-5C0DA3C7C8C0:t1, leader=null, voted=008cfff7-303f-4304-8652-a290acc47d8f, raftlog=008cfff7-303f-4304-8652-a290acc47d8f@group-5C0DA3C7C8C0-SegmentedRaftLog:OPENED:c-1,f-1,i0, conf=-1: [49823d17-a6b1-4b17-b5f9-be7dfd52d59a|rpc:10.1.0.28:36933|dataStream:|priority:0, d0cf5b47-7c54-4e8b-8553-76537c736c6c|rpc:10.1.0.28:42427|dataStream:|priority:0, 008cfff7-303f-4304-8652-a290acc47d8f|rpc:10.1.0.28:38019|dataStream:|priority:1], old=null
2021-06-03 00:00:21,209 [49823d17-a6b1-4b17-b5f9-be7dfd52d59a@group-5C0DA3C7C8C0-LeaderElection20] INFO  impl.LeaderElection (LeaderElection.java:logAndReturn(89)) - 49823d17-a6b1-4b17-b5f9-be7dfd52d59a@group-5C0DA3C7C8C0-LeaderElection20: ELECTION REJECTED received 2 response(s) and 0 exception(s):
2021-06-03 00:00:21,209 [49823d17-a6b1-4b17-b5f9-be7dfd52d59a@group-5C0DA3C7C8C0-LeaderElection20] INFO  impl.LeaderElection (LeaderElection.java:logAndReturn(93)) -   Response 0: 49823d17-a6b1-4b17-b5f9-be7dfd52d59a<-d0cf5b47-7c54-4e8b-8553-76537c736c6c#0:OK-t1
2021-06-03 00:00:21,209 [49823d17-a6b1-4b17-b5f9-be7dfd52d59a@group-5C0DA3C7C8C0-LeaderElection20] INFO  impl.LeaderElection (LeaderElection.java:logAndReturn(93)) -   Response 1: 49823d17-a6b1-4b17-b5f9-be7dfd52d59a<-008cfff7-303f-4304-8652-a290acc47d8f#0:FAIL-t1
2021-06-03 00:00:21,209 [49823d17-a6b1-4b17-b5f9-be7dfd52d59a@group-5C0DA3C7C8C0-LeaderElection20] INFO  impl.LeaderElection (LeaderElection.java:askForVotes(308)) - 49823d17-a6b1-4b17-b5f9-be7dfd52d59a@group-5C0DA3C7C8C0-LeaderElection20 ELECTION round 0: result REJECTED
2021-06-03 00:00:21,209 [49823d17-a6b1-4b17-b5f9-be7dfd52d59a@group-5C0DA3C7C8C0-LeaderElection20] INFO  server.RaftServer$Division (RaftServerImpl.java:setRole(284)) - 49823d17-a6b1-4b17-b5f9-be7dfd52d59a@group-5C0DA3C7C8C0: changes role from CANDIDATE to FOLLOWER at term 1 for REJECTED
2021-06-03 00:00:21,209 [49823d17-a6b1-4b17-b5f9-be7dfd52d59a@group-5C0DA3C7C8C0-LeaderElection20] INFO  impl.RoleInfo (RoleInfo.java:shutdownLeaderElection(121)) - 49823d17-a6b1-4b17-b5f9-be7dfd52d59a: shutdown 49823d17-a6b1-4b17-b5f9-be7dfd52d59a@group-5C0DA3C7C8C0-LeaderElection20
2021-06-03 00:00:21,209 [49823d17-a6b1-4b17-b5f9-be7dfd52d59a@group-5C0DA3C7C8C0-LeaderElection20] INFO  impl.RoleInfo (RoleInfo.java:updateAndGet(130)) - 49823d17-a6b1-4b17-b5f9-be7dfd52d59a: start 49823d17-a6b1-4b17-b5f9-be7dfd52d59a@group-5C0DA3C7C8C0-FollowerState
2021-06-03 00:00:21,209 [008cfff7-303f-4304-8652-a290acc47d8f@group-12BF2E93876B-StateMachineUpdater] INFO  ratis.ContainerStateMachine (ContainerStateMachine.java:takeSnapshot(292)) - group-12BF2E93876B: Taking a snapshot at:(t:1, i:0) file /home/runner/work/ozone/ozone/mnt/ozone/hadoop-ozone/integration-test/target/test-dir/MiniOzoneClusterImpl-d99b0d03-7963-4ac2-881f-75d2f82b72ef/datanode-8/data/ratis/65cdeea9-1024-488b-973f-12bf2e93876b/sm/snapshot.1_0
2021-06-03 00:00:21,210 [008cfff7-303f-4304-8652-a290acc47d8f@group-12BF2E93876B-StateMachineUpdater] INFO  ratis.ContainerStateMachine (ContainerStateMachine.java:takeSnapshot(303)) - group-12BF2E93876B: Finished taking a snapshot at:(t:1, i:0) file:/home/runner/work/ozone/ozone/mnt/ozone/hadoop-ozone/integration-test/target/test-dir/MiniOzoneClusterImpl-d99b0d03-7963-4ac2-881f-75d2f82b72ef/datanode-8/data/ratis/65cdeea9-1024-488b-973f-12bf2e93876b/sm/snapshot.1_0 took: 1 ms
2021-06-03 00:00:21,211 [008cfff7-303f-4304-8652-a290acc47d8f@group-12BF2E93876B-StateMachineUpdater] INFO  impl.StateMachineUpdater (StateMachineUpdater.java:takeSnapshot(281)) - 008cfff7-303f-4304-8652-a290acc47d8f@group-12BF2E93876B-StateMachineUpdater: Took a snapshot at index 0
2021-06-03 00:00:21,211 [008cfff7-303f-4304-8652-a290acc47d8f@group-12BF2E93876B-StateMachineUpdater] INFO  impl.StateMachineUpdater (StateMachineUpdater.java:lambda$new$0(89)) - 008cfff7-303f-4304-8652-a290acc47d8f@group-12BF2E93876B-StateMachineUpdater: snapshotIndex: updateIncreasingly -1 -> 0
2021-06-03 00:00:21,221 [grpc-default-executor-0] INFO  server.RaftServer$Division (RaftServerImpl.java:requestVote(1042)) - 49823d17-a6b1-4b17-b5f9-be7dfd52d59a@group-5C0DA3C7C8C0: receive requestVote(ELECTION, 008cfff7-303f-4304-8652-a290acc47d8f, group-5C0DA3C7C8C0, 1, (t:0, i:0))
2021-06-03 00:00:21,221 [grpc-default-executor-0] INFO  impl.VoteContext (VoteContext.java:log(48)) - 49823d17-a6b1-4b17-b5f9-be7dfd52d59a@group-5C0DA3C7C8C0-FOLLOWER: reject ELECTION from 008cfff7-303f-4304-8652-a290acc47d8f: already has voted for 49823d17-a6b1-4b17-b5f9-be7dfd52d59a at current term 1
2021-06-03 00:00:21,221 [grpc-default-executor-0] INFO  server.RaftServer$Division (RaftServerImpl.java:requestVote(1074)) - 49823d17-a6b1-4b17-b5f9-be7dfd52d59a@group-5C0DA3C7C8C0 replies to ELECTION vote request: 008cfff7-303f-4304-8652-a290acc47d8f<-49823d17-a6b1-4b17-b5f9-be7dfd52d59a#0:FAIL-t1. Peer's state: 49823d17-a6b1-4b17-b5f9-be7dfd52d59a@group-5C0DA3C7C8C0:t1, leader=null, voted=49823d17-a6b1-4b17-b5f9-be7dfd52d59a, raftlog=49823d17-a6b1-4b17-b5f9-be7dfd52d59a@group-5C0DA3C7C8C0-SegmentedRaftLog:OPENED:c-1,f-1,i0, conf=-1: [49823d17-a6b1-4b17-b5f9-be7dfd52d59a|rpc:10.1.0.28:36933|priority:0, d0cf5b47-7c54-4e8b-8553-76537c736c6c|rpc:10.1.0.28:42427|priority:0, 008cfff7-303f-4304-8652-a290acc47d8f|rpc:10.1.0.28:38019|priority:1], old=null
2021-06-03 00:00:21,222 [grpc-default-executor-2] INFO  server.RaftServer$Division (RaftServerImpl.java:requestVote(1042)) - d0cf5b47-7c54-4e8b-8553-76537c736c6c@group-5C0DA3C7C8C0: receive requestVote(ELECTION, 008cfff7-303f-4304-8652-a290acc47d8f, group-5C0DA3C7C8C0, 1, (t:0, i:0))
2021-06-03 00:00:21,222 [grpc-default-executor-2] INFO  impl.VoteContext (VoteContext.java:log(48)) - d0cf5b47-7c54-4e8b-8553-76537c736c6c@group-5C0DA3C7C8C0-FOLLOWER: reject ELECTION from 008cfff7-303f-4304-8652-a290acc47d8f: already has voted for 49823d17-a6b1-4b17-b5f9-be7dfd52d59a at current term 1
2021-06-03 00:00:21,222 [grpc-default-executor-2] INFO  server.RaftServer$Division (RaftServerImpl.java:requestVote(1074)) - d0cf5b47-7c54-4e8b-8553-76537c736c6c@group-5C0DA3C7C8C0 replies to ELECTION vote request: 008cfff7-303f-4304-8652-a290acc47d8f<-d0cf5b47-7c54-4e8b-8553-76537c736c6c#0:FAIL-t1. Peer's state: d0cf5b47-7c54-4e8b-8553-76537c736c6c@group-5C0DA3C7C8C0:t1, leader=null, voted=49823d17-a6b1-4b17-b5f9-be7dfd52d59a, raftlog=d0cf5b47-7c54-4e8b-8553-76537c736c6c@group-5C0DA3C7C8C0-SegmentedRaftLog:OPENED:c-1,f-1,i0, conf=-1: [49823d17-a6b1-4b17-b5f9-be7dfd52d59a|rpc:10.1.0.28:36933|priority:0, d0cf5b47-7c54-4e8b-8553-76537c736c6c|rpc:10.1.0.28:42427|priority:0, 008cfff7-303f-4304-8652-a290acc47d8f|rpc:10.1.0.28:38019|priority:1], old=null
2021-06-03 00:00:21,225 [008cfff7-303f-4304-8652-a290acc47d8f@group-5C0DA3C7C8C0-LeaderElection21] INFO  impl.LeaderElection (LeaderElection.java:logAndReturn(89)) - 008cfff7-303f-4304-8652-a290acc47d8f@group-5C0DA3C7C8C0-LeaderElection21: ELECTION REJECTED received 2 response(s) and 0 exception(s):
2021-06-03 00:00:21,225 [008cfff7-303f-4304-8652-a290acc47d8f@group-5C0DA3C7C8C0-LeaderElection21] INFO  impl.LeaderElection (LeaderElection.java:logAndReturn(93)) -   Response 0: 008cfff7-303f-4304-8652-a290acc47d8f<-49823d17-a6b1-4b17-b5f9-be7dfd52d59a#0:FAIL-t1
2021-06-03 00:00:21,225 [008cfff7-303f-4304-8652-a290acc47d8f@group-5C0DA3C7C8C0-LeaderElection21] INFO  impl.LeaderElection (LeaderElection.java:logAndReturn(93)) -   Response 1: 008cfff7-303f-4304-8652-a290acc47d8f<-d0cf5b47-7c54-4e8b-8553-76537c736c6c#0:FAIL-t1
2021-06-03 00:00:21,225 [008cfff7-303f-4304-8652-a290acc47d8f@group-5C0DA3C7C8C0-LeaderElection21] INFO  impl.LeaderElection (LeaderElection.java:askForVotes(308)) - 008cfff7-303f-4304-8652-a290acc47d8f@group-5C0DA3C7C8C0-LeaderElection21 ELECTION round 0: result REJECTED
2021-06-03 00:00:21,225 [008cfff7-303f-4304-8652-a290acc47d8f@group-5C0DA3C7C8C0-LeaderElection21] INFO  server.RaftServer$Division (RaftServerImpl.java:setRole(284)) - 008cfff7-303f-4304-8652-a290acc47d8f@group-5C0DA3C7C8C0: changes role from CANDIDATE to FOLLOWER at term 1 for REJECTED
2021-06-03 00:00:21,225 [008cfff7-303f-4304-8652-a290acc47d8f@group-5C0DA3C7C8C0-LeaderElection21] INFO  impl.RoleInfo (RoleInfo.java:shutdownLeaderElection(121)) - 008cfff7-303f-4304-8652-a290acc47d8f: shutdown 008cfff7-303f-4304-8652-a290acc47d8f@group-5C0DA3C7C8C0-LeaderElection21
2021-06-03 00:00:21,225 [008cfff7-303f-4304-8652-a290acc47d8f@group-5C0DA3C7C8C0-LeaderElection21] INFO  impl.RoleInfo (RoleInfo.java:updateAndGet(130)) - 008cfff7-303f-4304-8652-a290acc47d8f: start 008cfff7-303f-4304-8652-a290acc47d8f@group-5C0DA3C7C8C0-FollowerState
2021-06-03 00:00:21,301 [9f7a9314-add0-4765-be61-553e532e1c3d@group-7177A17899FC-FollowerState] INFO  impl.FollowerState (FollowerState.java:run(134)) - 9f7a9314-add0-4765-be61-553e532e1c3d@group-7177A17899FC-FollowerState: change to CANDIDATE, lastRpcElapsedTime:5093874379ns, electionTimeout:5093ms
2021-06-03 00:00:21,301 [9f7a9314-add0-4765-be61-553e532e1c3d@group-7177A17899FC-FollowerState] INFO  impl.RoleInfo (RoleInfo.java:shutdownFollowerState(108)) - 9f7a9314-add0-4765-be61-553e532e1c3d: shutdown 9f7a9314-add0-4765-be61-553e532e1c3d@group-7177A17899FC-FollowerState
2021-06-03 00:00:21,301 [9f7a9314-add0-4765-be61-553e532e1c3d@group-7177A17899FC-FollowerState] INFO  server.RaftServer$Division (RaftServerImpl.java:setRole(284)) - 9f7a9314-add0-4765-be61-553e532e1c3d@group-7177A17899FC: changes role from  FOLLOWER to CANDIDATE at term 0 for changeToCandidate
2021-06-03 00:00:21,303 [9f7a9314-add0-4765-be61-553e532e1c3d@group-7177A17899FC-FollowerState] INFO  server.RaftServerConfigKeys (ConfUtils.java:logGet(44)) - raft.server.leaderelection.pre-vote = false (custom)
2021-06-03 00:00:21,303 [9f7a9314-add0-4765-be61-553e532e1c3d@group-7177A17899FC-FollowerState] INFO  impl.RoleInfo (RoleInfo.java:updateAndGet(130)) - 9f7a9314-add0-4765-be61-553e532e1c3d: start 9f7a9314-add0-4765-be61-553e532e1c3d@group-7177A17899FC-LeaderElection22
2021-06-03 00:00:21,311 [9f7a9314-add0-4765-be61-553e532e1c3d@group-7177A17899FC-LeaderElection22] INFO  impl.LeaderElection (LeaderElection.java:askForVotes(306)) - 9f7a9314-add0-4765-be61-553e532e1c3d@group-7177A17899FC-LeaderElection22 ELECTION round 0: submit vote requests at term 1 for -1: [9f7a9314-add0-4765-be61-553e532e1c3d|rpc:10.1.0.28:40041|priority:1], old=null
2021-06-03 00:00:21,312 [9f7a9314-add0-4765-be61-553e532e1c3d@group-7177A17899FC-LeaderElection22] INFO  impl.LeaderElection (LeaderElection.java:askForVotes(308)) - 9f7a9314-add0-4765-be61-553e532e1c3d@group-7177A17899FC-LeaderElection22 ELECTION round 0: result PASSED (term=1)
2021-06-03 00:00:21,312 [9f7a9314-add0-4765-be61-553e532e1c3d@group-7177A17899FC-LeaderElection22] INFO  impl.RoleInfo (RoleInfo.java:shutdownLeaderElection(121)) - 9f7a9314-add0-4765-be61-553e532e1c3d: shutdown 9f7a9314-add0-4765-be61-553e532e1c3d@group-7177A17899FC-LeaderElection22
2021-06-03 00:00:21,312 [9f7a9314-add0-4765-be61-553e532e1c3d@group-7177A17899FC-LeaderElection22] INFO  server.RaftServer$Division (RaftServerImpl.java:setRole(284)) - 9f7a9314-add0-4765-be61-553e532e1c3d@group-7177A17899FC: changes role from CANDIDATE to LEADER at term 1 for changeToLeader
2021-06-03 00:00:21,312 [9f7a9314-add0-4765-be61-553e532e1c3d@group-7177A17899FC-LeaderElection22] INFO  ratis.XceiverServerRatis (XceiverServerRatis.java:handleLeaderChangedNotification(906)) - Leader change notification received for group: group-7177A17899FC with new leaderId: 9f7a9314-add0-4765-be61-553e532e1c3d
2021-06-03 00:00:21,313 [9f7a9314-add0-4765-be61-553e532e1c3d@group-7177A17899FC-LeaderElection22] INFO  server.RaftServer$Division (ServerState.java:setLeader(271)) - 9f7a9314-add0-4765-be61-553e532e1c3d@group-7177A17899FC: change Leader from null to 9f7a9314-add0-4765-be61-553e532e1c3d at term 1 for becomeLeader, leader elected after 5123ms
2021-06-03 00:00:21,314 [9f7a9314-add0-4765-be61-553e532e1c3d@group-7177A17899FC-LeaderElection22] INFO  server.RaftServerConfigKeys (ConfUtils.java:logGet(44)) - raft.server.staging.catchup.gap = 1000 (default)
2021-06-03 00:00:21,314 [9f7a9314-add0-4765-be61-553e532e1c3d@group-7177A17899FC-LeaderElection22] INFO  metrics.RatisMetrics (RatisMetrics.java:lambda$create$0(36)) - Creating Metrics Registry : ratis.log_appender.9f7a9314-add0-4765-be61-553e532e1c3d@group-7177A17899FC
2021-06-03 00:00:21,314 [9f7a9314-add0-4765-be61-553e532e1c3d@group-7177A17899FC-LeaderElection22] INFO  server.RaftServerConfigKeys (ConfUtils.java:logGet(44)) - raft.server.write.element-limit = 1024 (custom)
2021-06-03 00:00:21,314 [9f7a9314-add0-4765-be61-553e532e1c3d@group-7177A17899FC-LeaderElection22] INFO  server.RaftServerConfigKeys (ConfUtils.java:logGet(44)) - raft.server.write.byte-limit = 1073741824 (custom)
2021-06-03 00:00:21,314 [9f7a9314-add0-4765-be61-553e532e1c3d@group-7177A17899FC-LeaderElection22] INFO  server.RaftServerConfigKeys (ConfUtils.java:logGet(44)) - raft.server.watch.timeout = 10000ms (default)
2021-06-03 00:00:21,314 [9f7a9314-add0-4765-be61-553e532e1c3d@group-7177A17899FC-LeaderElection22] INFO  server.RaftServerConfigKeys (ConfUtils.java:logGet(44)) - raft.server.watch.timeout.denomination = 1s (default)
2021-06-03 00:00:21,314 [9f7a9314-add0-4765-be61-553e532e1c3d@group-7177A17899FC-LeaderElection22] INFO  server.RaftServerConfigKeys (ConfUtils.java:logGet(44)) - raft.server.watch.element-limit = 65536 (default)
2021-06-03 00:00:21,315 [9f7a9314-add0-4765-be61-553e532e1c3d@group-7177A17899FC-LeaderElection22] INFO  impl.RoleInfo (RoleInfo.java:updateAndGet(130)) - 9f7a9314-add0-4765-be61-553e532e1c3d: start 9f7a9314-add0-4765-be61-553e532e1c3d@group-7177A17899FC-LeaderStateImpl
2021-06-03 00:00:21,315 [9f7a9314-add0-4765-be61-553e532e1c3d@group-7177A17899FC-LeaderElection22] INFO  segmented.SegmentedRaftLogWorker (SegmentedRaftLogWorker.java:startLogSegment(394)) - 9f7a9314-add0-4765-be61-553e532e1c3d@group-7177A17899FC-SegmentedRaftLogWorker: Starting segment from index:0
2021-06-03 00:00:21,316 [9f7a9314-add0-4765-be61-553e532e1c3d@group-7177A17899FC-SegmentedRaftLogWorker] INFO  segmented.SegmentedRaftLogWorker (SegmentedRaftLogWorker.java:execute(601)) - 9f7a9314-add0-4765-be61-553e532e1c3d@group-7177A17899FC-SegmentedRaftLogWorker: created new log segment /home/runner/work/ozone/ozone/mnt/ozone/hadoop-ozone/integration-test/target/test-dir/MiniOzoneClusterImpl-d99b0d03-7963-4ac2-881f-75d2f82b72ef/datanode-9/data/ratis/83dea6d4-b3d9-4640-8cb4-7177a17899fc/current/log_inprogress_0
2021-06-03 00:00:21,332 [9f7a9314-add0-4765-be61-553e532e1c3d@group-7177A17899FC-LeaderElection22] INFO  server.RaftServer$Division (ServerState.java:setRaftConf(373)) - 9f7a9314-add0-4765-be61-553e532e1c3d@group-7177A17899FC: set configuration 0: [9f7a9314-add0-4765-be61-553e532e1c3d|rpc:10.1.0.28:40041|dataStream:|priority:1], old=null
2021-06-03 00:00:21,333 [9f7a9314-add0-4765-be61-553e532e1c3d@group-7177A17899FC-StateMachineUpdater] INFO  ratis.ContainerStateMachine (ContainerStateMachine.java:takeSnapshot(292)) - group-7177A17899FC: Taking a snapshot at:(t:1, i:0) file /home/runner/work/ozone/ozone/mnt/ozone/hadoop-ozone/integration-test/target/test-dir/MiniOzoneClusterImpl-d99b0d03-7963-4ac2-881f-75d2f82b72ef/datanode-9/data/ratis/83dea6d4-b3d9-4640-8cb4-7177a17899fc/sm/snapshot.1_0
2021-06-03 00:00:21,334 [9f7a9314-add0-4765-be61-553e532e1c3d@group-7177A17899FC-StateMachineUpdater] INFO  ratis.ContainerStateMachine (ContainerStateMachine.java:takeSnapshot(303)) - group-7177A17899FC: Finished taking a snapshot at:(t:1, i:0) file:/home/runner/work/ozone/ozone/mnt/ozone/hadoop-ozone/integration-test/target/test-dir/MiniOzoneClusterImpl-d99b0d03-7963-4ac2-881f-75d2f82b72ef/datanode-9/data/ratis/83dea6d4-b3d9-4640-8cb4-7177a17899fc/sm/snapshot.1_0 took: 1 ms
2021-06-03 00:00:21,334 [9f7a9314-add0-4765-be61-553e532e1c3d@group-7177A17899FC-StateMachineUpdater] INFO  impl.StateMachineUpdater (StateMachineUpdater.java:takeSnapshot(281)) - 9f7a9314-add0-4765-be61-553e532e1c3d@group-7177A17899FC-StateMachineUpdater: Took a snapshot at index 0
2021-06-03 00:00:21,334 [9f7a9314-add0-4765-be61-553e532e1c3d@group-7177A17899FC-StateMachineUpdater] INFO  impl.StateMachineUpdater (StateMachineUpdater.java:lambda$new$0(89)) - 9f7a9314-add0-4765-be61-553e532e1c3d@group-7177A17899FC-StateMachineUpdater: snapshotIndex: updateIncreasingly -1 -> 0
2021-06-03 00:00:21,650 [Listener at 127.0.0.1/45991] INFO  rpc.RpcClient (RpcClient.java:createVolume(337)) - Creating Volume: testcontainerstatemachinefailures, with runner as owner and space quota set to -1 bytes, counts quota set to -1
2021-06-03 00:00:21,734 [OM StateMachine ApplyTransaction Thread - 0] INFO  volume.OMVolumeCreateRequest (OMVolumeCreateRequest.java:validateAndUpdateCache(195)) - created volume:testcontainerstatemachinefailures for user:runner
2021-06-03 00:00:21,761 [Listener at 127.0.0.1/45991] INFO  rpc.RpcClient (RpcClient.java:createBucket(496)) - Creating Bucket: testcontainerstatemachinefailures/testcontainerstatemachinefailures, with Versioning false and Storage Type set to DISK and Encryption set to false 
2021-06-03 00:00:21,817 [IPC Server handler 0 on default port 41209] INFO  ha.SequenceIdGenerator (SequenceIdGenerator.java:getNextId(127)) - Allocate a batch for containerId, change lastId from 0 to 1000.
2021-06-03 00:00:21,827 [IPC Server handler 0 on default port 41209] WARN  ha.SequenceIdGenerator (SequenceIdGenerator.java:allocateBatch(234)) - Failed to allocate a batch for localId, expected lastId is 0, actual lastId is 107544261427200000.
2021-06-03 00:00:21,827 [IPC Server handler 0 on default port 41209] INFO  ha.SequenceIdGenerator (SequenceIdGenerator.java:getNextId(127)) - Allocate a batch for localId, change lastId from 107544261427200000 to 107544261427201000.
2021-06-03 00:00:21,895 [Listener at 127.0.0.1/45991] INFO  impl.MetricsSystemImpl (MetricsSystemImpl.java:init(158)) - XceiverClientMetrics metrics system started (again)
2021-06-03 00:00:21,962 [Listener at 127.0.0.1/45991] INFO  metrics.RatisMetrics (RatisMetrics.java:lambda$create$0(36)) - Creating Metrics Registry : ratis.client_message_metrics.client-BE68CAE125EA->15d89ff8-8978-426f-aa57-cfd2a1dc180a
2021-06-03 00:00:22,145 [15d89ff8-8978-426f-aa57-cfd2a1dc180a@group-EAB3E91F4DF9-StateMachineUpdater] INFO  ratis.ContainerStateMachine (ContainerStateMachine.java:takeSnapshot(292)) - group-EAB3E91F4DF9: Taking a snapshot at:(t:1, i:1) file /home/runner/work/ozone/ozone/mnt/ozone/hadoop-ozone/integration-test/target/test-dir/MiniOzoneClusterImpl-d99b0d03-7963-4ac2-881f-75d2f82b72ef/datanode-5/data/ratis/3039c689-6276-471c-9233-eab3e91f4df9/sm/snapshot.1_1
2021-06-03 00:00:22,151 [15d89ff8-8978-426f-aa57-cfd2a1dc180a@group-EAB3E91F4DF9-StateMachineUpdater] INFO  ratis.ContainerStateMachine (ContainerStateMachine.java:takeSnapshot(303)) - group-EAB3E91F4DF9: Finished taking a snapshot at:(t:1, i:1) file:/home/runner/work/ozone/ozone/mnt/ozone/hadoop-ozone/integration-test/target/test-dir/MiniOzoneClusterImpl-d99b0d03-7963-4ac2-881f-75d2f82b72ef/datanode-5/data/ratis/3039c689-6276-471c-9233-eab3e91f4df9/sm/snapshot.1_1 took: 6 ms
2021-06-03 00:00:22,151 [15d89ff8-8978-426f-aa57-cfd2a1dc180a@group-EAB3E91F4DF9-StateMachineUpdater] INFO  impl.StateMachineUpdater (StateMachineUpdater.java:takeSnapshot(281)) - 15d89ff8-8978-426f-aa57-cfd2a1dc180a@group-EAB3E91F4DF9-StateMachineUpdater: Took a snapshot at index 1
2021-06-03 00:00:22,151 [15d89ff8-8978-426f-aa57-cfd2a1dc180a@group-EAB3E91F4DF9-StateMachineUpdater] INFO  impl.StateMachineUpdater (StateMachineUpdater.java:lambda$new$0(89)) - 15d89ff8-8978-426f-aa57-cfd2a1dc180a@group-EAB3E91F4DF9-StateMachineUpdater: snapshotIndex: updateIncreasingly 0 -> 1
2021-06-03 00:00:22,152 [15d89ff8-8978-426f-aa57-cfd2a1dc180a@group-EAB3E91F4DF9-StateMachineUpdater] INFO  ratis.ContainerStateMachine (ContainerStateMachine.java:takeSnapshot(292)) - group-EAB3E91F4DF9: Taking a snapshot at:(t:1, i:3) file /home/runner/work/ozone/ozone/mnt/ozone/hadoop-ozone/integration-test/target/test-dir/MiniOzoneClusterImpl-d99b0d03-7963-4ac2-881f-75d2f82b72ef/datanode-5/data/ratis/3039c689-6276-471c-9233-eab3e91f4df9/sm/snapshot.1_3
2021-06-03 00:00:22,153 [15d89ff8-8978-426f-aa57-cfd2a1dc180a@group-EAB3E91F4DF9-StateMachineUpdater] INFO  ratis.ContainerStateMachine (ContainerStateMachine.java:takeSnapshot(303)) - group-EAB3E91F4DF9: Finished taking a snapshot at:(t:1, i:3) file:/home/runner/work/ozone/ozone/mnt/ozone/hadoop-ozone/integration-test/target/test-dir/MiniOzoneClusterImpl-d99b0d03-7963-4ac2-881f-75d2f82b72ef/datanode-5/data/ratis/3039c689-6276-471c-9233-eab3e91f4df9/sm/snapshot.1_3 took: 1 ms
2021-06-03 00:00:22,153 [15d89ff8-8978-426f-aa57-cfd2a1dc180a@group-EAB3E91F4DF9-StateMachineUpdater] INFO  impl.StateMachineUpdater (StateMachineUpdater.java:takeSnapshot(281)) - 15d89ff8-8978-426f-aa57-cfd2a1dc180a@group-EAB3E91F4DF9-StateMachineUpdater: Took a snapshot at index 3
2021-06-03 00:00:22,153 [15d89ff8-8978-426f-aa57-cfd2a1dc180a@group-EAB3E91F4DF9-StateMachineUpdater] INFO  impl.StateMachineUpdater (StateMachineUpdater.java:lambda$new$0(89)) - 15d89ff8-8978-426f-aa57-cfd2a1dc180a@group-EAB3E91F4DF9-StateMachineUpdater: snapshotIndex: updateIncreasingly 1 -> 3
2021-06-03 00:00:22,169 [15d89ff8-8978-426f-aa57-cfd2a1dc180a@group-EAB3E91F4DF9-StateMachineUpdater] INFO  ratis.ContainerStateMachine (ContainerStateMachine.java:takeSnapshot(292)) - group-EAB3E91F4DF9: Taking a snapshot at:(t:1, i:4) file /home/runner/work/ozone/ozone/mnt/ozone/hadoop-ozone/integration-test/target/test-dir/MiniOzoneClusterImpl-d99b0d03-7963-4ac2-881f-75d2f82b72ef/datanode-5/data/ratis/3039c689-6276-471c-9233-eab3e91f4df9/sm/snapshot.1_4
2021-06-03 00:00:22,170 [15d89ff8-8978-426f-aa57-cfd2a1dc180a@group-EAB3E91F4DF9-StateMachineUpdater] INFO  ratis.ContainerStateMachine (ContainerStateMachine.java:takeSnapshot(303)) - group-EAB3E91F4DF9: Finished taking a snapshot at:(t:1, i:4) file:/home/runner/work/ozone/ozone/mnt/ozone/hadoop-ozone/integration-test/target/test-dir/MiniOzoneClusterImpl-d99b0d03-7963-4ac2-881f-75d2f82b72ef/datanode-5/data/ratis/3039c689-6276-471c-9233-eab3e91f4df9/sm/snapshot.1_4 took: 1 ms
2021-06-03 00:00:22,170 [15d89ff8-8978-426f-aa57-cfd2a1dc180a@group-EAB3E91F4DF9-StateMachineUpdater] INFO  impl.StateMachineUpdater (StateMachineUpdater.java:takeSnapshot(281)) - 15d89ff8-8978-426f-aa57-cfd2a1dc180a@group-EAB3E91F4DF9-StateMachineUpdater: Took a snapshot at index 4
2021-06-03 00:00:22,170 [15d89ff8-8978-426f-aa57-cfd2a1dc180a@group-EAB3E91F4DF9-StateMachineUpdater] INFO  impl.StateMachineUpdater (StateMachineUpdater.java:lambda$new$0(89)) - 15d89ff8-8978-426f-aa57-cfd2a1dc180a@group-EAB3E91F4DF9-StateMachineUpdater: snapshotIndex: updateIncreasingly 3 -> 4
2021-06-03 00:00:22,173 [15d89ff8-8978-426f-aa57-cfd2a1dc180a@group-EAB3E91F4DF9-StateMachineUpdater] INFO  ratis.ContainerStateMachine (ContainerStateMachine.java:takeSnapshot(292)) - group-EAB3E91F4DF9: Taking a snapshot at:(t:1, i:7) file /home/runner/work/ozone/ozone/mnt/ozone/hadoop-ozone/integration-test/target/test-dir/MiniOzoneClusterImpl-d99b0d03-7963-4ac2-881f-75d2f82b72ef/datanode-5/data/ratis/3039c689-6276-471c-9233-eab3e91f4df9/sm/snapshot.1_7
2021-06-03 00:00:22,174 [15d89ff8-8978-426f-aa57-cfd2a1dc180a@group-EAB3E91F4DF9-StateMachineUpdater] INFO  ratis.ContainerStateMachine (ContainerStateMachine.java:takeSnapshot(303)) - group-EAB3E91F4DF9: Finished taking a snapshot at:(t:1, i:7) file:/home/runner/work/ozone/ozone/mnt/ozone/hadoop-ozone/integration-test/target/test-dir/MiniOzoneClusterImpl-d99b0d03-7963-4ac2-881f-75d2f82b72ef/datanode-5/data/ratis/3039c689-6276-471c-9233-eab3e91f4df9/sm/snapshot.1_7 took: 1 ms
2021-06-03 00:00:22,174 [15d89ff8-8978-426f-aa57-cfd2a1dc180a@group-EAB3E91F4DF9-StateMachineUpdater] INFO  impl.StateMachineUpdater (StateMachineUpdater.java:takeSnapshot(281)) - 15d89ff8-8978-426f-aa57-cfd2a1dc180a@group-EAB3E91F4DF9-StateMachineUpdater: Took a snapshot at index 7
2021-06-03 00:00:22,174 [15d89ff8-8978-426f-aa57-cfd2a1dc180a@group-EAB3E91F4DF9-StateMachineUpdater] INFO  impl.StateMachineUpdater (StateMachineUpdater.java:lambda$new$0(89)) - 15d89ff8-8978-426f-aa57-cfd2a1dc180a@group-EAB3E91F4DF9-StateMachineUpdater: snapshotIndex: updateIncreasingly 4 -> 7
2021-06-03 00:00:22,187 [Listener at 127.0.0.1/45991] INFO  ratis.ContainerStateMachine (ContainerStateMachine.java:takeSnapshot(292)) - group-EAB3E91F4DF9: Taking a snapshot at:(t:1, i:7) file /home/runner/work/ozone/ozone/mnt/ozone/hadoop-ozone/integration-test/target/test-dir/MiniOzoneClusterImpl-d99b0d03-7963-4ac2-881f-75d2f82b72ef/datanode-5/data/ratis/3039c689-6276-471c-9233-eab3e91f4df9/sm/snapshot.1_7
2021-06-03 00:00:22,188 [Listener at 127.0.0.1/45991] INFO  ratis.ContainerStateMachine (ContainerStateMachine.java:takeSnapshot(303)) - group-EAB3E91F4DF9: Finished taking a snapshot at:(t:1, i:7) file:/home/runner/work/ozone/ozone/mnt/ozone/hadoop-ozone/integration-test/target/test-dir/MiniOzoneClusterImpl-d99b0d03-7963-4ac2-881f-75d2f82b72ef/datanode-5/data/ratis/3039c689-6276-471c-9233-eab3e91f4df9/sm/snapshot.1_7 took: 2 ms
2021-06-03 00:00:22,188 [Listener at 127.0.0.1/45991] INFO  ozone.MiniOzoneClusterImpl (MiniOzoneClusterImpl.java:getStorageContainerLocationClient(336)) - Creating StorageContainerLocationProtocol RPC client with address /0.0.0.0:44011
2021-06-03 00:00:22,310 [Listener at 127.0.0.1/45991] INFO  metrics.RatisMetrics (RatisMetrics.java:lambda$create$0(36)) - Creating Metrics Registry : ratis.client_message_metrics.client-1EDCBC5B48A6->15d89ff8-8978-426f-aa57-cfd2a1dc180a
2021-06-03 00:00:22,332 [RatisApplyTransactionExecutor 1] INFO  keyvalue.KeyValueContainer (KeyValueContainer.java:flushAndSyncDB(393)) - Container 1 is synced with bcsId 6.
2021-06-03 00:00:22,332 [RatisApplyTransactionExecutor 1] INFO  keyvalue.KeyValueContainer (KeyValueContainer.java:flushAndSyncDB(393)) - Container 1 is synced with bcsId 6.
2021-06-03 00:00:22,332 [EventQueue-IncrementalContainerReportForIncrementalContainerReportHandler] WARN  container.IncrementalContainerReportHandler (AbstractContainerReportHandler.java:updateContainerState(190)) - Container #1 is in OPEN state, but the datanode 15d89ff8-8978-426f-aa57-cfd2a1dc180a{ip: 10.1.0.28, host: fv-az54-886.gmada3d5h3zutaf4vio4yveaag.bx.internal.cloudapp.net, ports: [REPLICATION=39249, RATIS=41799, RATIS_ADMIN=41799, RATIS_SERVER=41799, STANDALONE=34845], networkLocation: /default-rack, certSerialId: null, persistedOpState: IN_SERVICE, persistedOpStateExpiryEpochSec: 0} reports an CLOSING replica.
2021-06-03 00:00:22,338 [RatisApplyTransactionExecutor 1] INFO  keyvalue.KeyValueContainer (KeyValueContainer.java:close(330)) - Container 1 is closed with bcsId 6.
2021-06-03 00:00:22,341 [EventQueue-IncrementalContainerReportForIncrementalContainerReportHandler] WARN  container.IncrementalContainerReportHandler (AbstractContainerReportHandler.java:updateContainerState(190)) - Container #1 is in OPEN state, but the datanode 15d89ff8-8978-426f-aa57-cfd2a1dc180a{ip: 10.1.0.28, host: fv-az54-886.gmada3d5h3zutaf4vio4yveaag.bx.internal.cloudapp.net, ports: [REPLICATION=39249, RATIS=41799, RATIS_ADMIN=41799, RATIS_SERVER=41799, STANDALONE=34845], networkLocation: /default-rack, certSerialId: null, persistedOpState: IN_SERVICE, persistedOpStateExpiryEpochSec: 0} reports an CLOSED replica.
2021-06-03 00:00:22,342 [15d89ff8-8978-426f-aa57-cfd2a1dc180a@group-EAB3E91F4DF9-StateMachineUpdater] INFO  ratis.ContainerStateMachine (ContainerStateMachine.java:takeSnapshot(292)) - group-EAB3E91F4DF9: Taking a snapshot at:(t:1, i:7) file /home/runner/work/ozone/ozone/mnt/ozone/hadoop-ozone/integration-test/target/test-dir/MiniOzoneClusterImpl-d99b0d03-7963-4ac2-881f-75d2f82b72ef/datanode-5/data/ratis/3039c689-6276-471c-9233-eab3e91f4df9/sm/snapshot.1_7
2021-06-03 00:00:22,343 [15d89ff8-8978-426f-aa57-cfd2a1dc180a@group-EAB3E91F4DF9-StateMachineUpdater] INFO  ratis.ContainerStateMachine (ContainerStateMachine.java:takeSnapshot(303)) - group-EAB3E91F4DF9: Finished taking a snapshot at:(t:1, i:7) file:/home/runner/work/ozone/ozone/mnt/ozone/hadoop-ozone/integration-test/target/test-dir/MiniOzoneClusterImpl-d99b0d03-7963-4ac2-881f-75d2f82b72ef/datanode-5/data/ratis/3039c689-6276-471c-9233-eab3e91f4df9/sm/snapshot.1_7 took: 1 ms
2021-06-03 00:00:22,343 [15d89ff8-8978-426f-aa57-cfd2a1dc180a@group-EAB3E91F4DF9-StateMachineUpdater] INFO  impl.StateMachineUpdater (StateMachineUpdater.java:takeSnapshot(281)) - 15d89ff8-8978-426f-aa57-cfd2a1dc180a@group-EAB3E91F4DF9-StateMachineUpdater: Took a snapshot at index 7
2021-06-03 00:00:22,343 [15d89ff8-8978-426f-aa57-cfd2a1dc180a@group-EAB3E91F4DF9-StateMachineUpdater] INFO  impl.StateMachineUpdater (StateMachineUpdater.java:lambda$new$0(89)) - 15d89ff8-8978-426f-aa57-cfd2a1dc180a@group-EAB3E91F4DF9-StateMachineUpdater: snapshotIndex: updateIncreasingly 7 -> 7
2021-06-03 00:00:22,343 [15d89ff8-8978-426f-aa57-cfd2a1dc180a@group-EAB3E91F4DF9-StateMachineUpdater] INFO  ratis.ContainerStateMachine (ContainerStateMachine.java:takeSnapshot(292)) - group-EAB3E91F4DF9: Taking a snapshot at:(t:1, i:7) file /home/runner/work/ozone/ozone/mnt/ozone/hadoop-ozone/integration-test/target/test-dir/MiniOzoneClusterImpl-d99b0d03-7963-4ac2-881f-75d2f82b72ef/datanode-5/data/ratis/3039c689-6276-471c-9233-eab3e91f4df9/sm/snapshot.1_7
2021-06-03 00:00:22,345 [15d89ff8-8978-426f-aa57-cfd2a1dc180a@group-EAB3E91F4DF9-StateMachineUpdater] INFO  ratis.ContainerStateMachine (ContainerStateMachine.java:takeSnapshot(303)) - group-EAB3E91F4DF9: Finished taking a snapshot at:(t:1, i:7) file:/home/runner/work/ozone/ozone/mnt/ozone/hadoop-ozone/integration-test/target/test-dir/MiniOzoneClusterImpl-d99b0d03-7963-4ac2-881f-75d2f82b72ef/datanode-5/data/ratis/3039c689-6276-471c-9233-eab3e91f4df9/sm/snapshot.1_7 took: 1 ms
2021-06-03 00:00:22,345 [Listener at 127.0.0.1/45991] INFO  ratis.ContainerStateMachine (ContainerStateMachine.java:takeSnapshot(292)) - group-EAB3E91F4DF9: Taking a snapshot at:(t:1, i:7) file /home/runner/work/ozone/ozone/mnt/ozone/hadoop-ozone/integration-test/target/test-dir/MiniOzoneClusterImpl-d99b0d03-7963-4ac2-881f-75d2f82b72ef/datanode-5/data/ratis/3039c689-6276-471c-9233-eab3e91f4df9/sm/snapshot.1_7
2021-06-03 00:00:22,345 [15d89ff8-8978-426f-aa57-cfd2a1dc180a@group-EAB3E91F4DF9-StateMachineUpdater] INFO  impl.StateMachineUpdater (StateMachineUpdater.java:takeSnapshot(281)) - 15d89ff8-8978-426f-aa57-cfd2a1dc180a@group-EAB3E91F4DF9-StateMachineUpdater: Took a snapshot at index 7
2021-06-03 00:00:22,345 [15d89ff8-8978-426f-aa57-cfd2a1dc180a@group-EAB3E91F4DF9-StateMachineUpdater] INFO  impl.StateMachineUpdater (StateMachineUpdater.java:lambda$new$0(89)) - 15d89ff8-8978-426f-aa57-cfd2a1dc180a@group-EAB3E91F4DF9-StateMachineUpdater: snapshotIndex: updateIncreasingly 7 -> 7
2021-06-03 00:00:22,346 [Listener at 127.0.0.1/45991] INFO  ratis.ContainerStateMachine (ContainerStateMachine.java:takeSnapshot(303)) - group-EAB3E91F4DF9: Finished taking a snapshot at:(t:1, i:7) file:/home/runner/work/ozone/ozone/mnt/ozone/hadoop-ozone/integration-test/target/test-dir/MiniOzoneClusterImpl-d99b0d03-7963-4ac2-881f-75d2f82b72ef/datanode-5/data/ratis/3039c689-6276-471c-9233-eab3e91f4df9/sm/snapshot.1_7 took: 0 ms
]]></system-out>
  </testcase>
  <testcase name="testWriteStateMachineDataIdempotencyWithClosedContainer" classname="org.apache.hadoop.ozone.client.rpc.TestContainerStateMachineFailures" time="0.492"/>
  <testcase name="testContainerStateMachineFailures" classname="org.apache.hadoop.ozone.client.rpc.TestContainerStateMachineFailures" time="5.468"/>
  <testcase name="testUnhealthyContainer" classname="org.apache.hadoop.ozone.client.rpc.TestContainerStateMachineFailures" time="5.439"/>
  <testcase name="testApplyTransactionFailure" classname="org.apache.hadoop.ozone.client.rpc.TestContainerStateMachineFailures" time="0.678"/>
</testsuite>